<?xml version="1.0" encoding="utf-8"?>
<TestRun id="db7e59c7-608e-4ba2-8359-15a26eede05b" name="sferrari@PC-SFERRARI 2020-08-13 12:44:50" runUser="PC-SFERRARI\sferrari" xmlns="http://microsoft.com/schemas/VisualStudio/TeamTest/2010">
  <Times creation="2020-08-13T12:44:50.4458734+01:00" queuing="2020-08-13T12:44:50.4458734+01:00" start="2020-08-13T12:44:48.4412329+01:00" finish="2020-08-13T12:44:52.9980510+01:00" />
  <TestSettings name="default" id="a87cc458-6b19-4e33-84c9-c0fd23df9667">
    <Deployment runDeploymentRoot="sferrari_PC-SFERRARI_2020-08-13_12_44_50" />
  </TestSettings>
  <Results>
    <UnitTestResult executionId="d6d88ca5-044d-434c-9c0e-4f442d8232e2" testId="6c59b811-73c0-2540-9661-8c8f2a459ff2" testName="ToDefaultValue_Passing_byte_Returns_Cero" computerName="PC-SFERRARI" duration="00:00:00.0003623" startTime="2020-08-13T12:44:50.9962305+01:00" endTime="2020-08-13T12:44:50.9966829+01:00" testType="13cdc9d9-ddb5-4fa4-a97d-d965ccfc6d4b" outcome="Passed" testListId="8c84fa94-04c1-424b-9868-57a2d4851a1d" relativeResultsDirectory="d6d88ca5-044d-434c-9c0e-4f442d8232e2" resultType="DataDrivenTest">
      <InnerResults>
        <UnitTestResult executionId="e9ba644b-b1a8-41c6-bbbc-87f85abc17b3" parentExecutionId="d6d88ca5-044d-434c-9c0e-4f442d8232e2" testId="6c59b811-73c0-2540-9661-8c8f2a459ff2" testName="ToDefaultValue_Passing_byte_Returns_Cero (255)" computerName="PC-SFERRARI" duration="00:00:00.0002825" startTime="2020-08-13T12:44:50.9962305+01:00" endTime="2020-08-13T12:44:50.9966829+01:00" testType="13cdc9d9-ddb5-4fa4-a97d-d965ccfc6d4b" outcome="Passed" testListId="8c84fa94-04c1-424b-9868-57a2d4851a1d" relativeResultsDirectory="e9ba644b-b1a8-41c6-bbbc-87f85abc17b3" dataRowInfo="1" resultType="DataDrivenDataRow" />
      </InnerResults>
    </UnitTestResult>
    <UnitTestResult executionId="8f87597c-e1c6-4c42-8f2a-5a70e91c848f" testId="a03675ec-665e-f4d5-4630-89e50dac0bfb" testName="ToTryContentType_Passing_HttpRequestWithContentType_Value_Returns_ContentType_String_Value" computerName="PC-SFERRARI" duration="00:00:00.0007962" startTime="2020-08-13T12:44:51.3305125+01:00" endTime="2020-08-13T12:44:51.3314004+01:00" testType="13cdc9d9-ddb5-4fa4-a97d-d965ccfc6d4b" outcome="Passed" testListId="8c84fa94-04c1-424b-9868-57a2d4851a1d" relativeResultsDirectory="8f87597c-e1c6-4c42-8f2a-5a70e91c848f" />
    <UnitTestResult executionId="735948f6-c7cd-4a6d-bd6a-39909e5237a9" testId="180814cc-22f9-91b2-cd9a-f54be7e1ba18" testName="IsEmail_Passing_InvalidArguments_Returns_HasErrorsAndCount" computerName="PC-SFERRARI" duration="00:00:00.0062640" startTime="2020-08-13T12:44:50.5260811+01:00" endTime="2020-08-13T12:44:50.5324457+01:00" testType="13cdc9d9-ddb5-4fa4-a97d-d965ccfc6d4b" outcome="Passed" testListId="8c84fa94-04c1-424b-9868-57a2d4851a1d" relativeResultsDirectory="735948f6-c7cd-4a6d-bd6a-39909e5237a9" />
    <UnitTestResult executionId="65ca60e9-005c-46c7-a8be-ec5fee8bb42d" testId="1577c538-d1be-5b59-2b09-8e59b0be5fcd" testName="ToSettings_Passing_Values_From_AppSettingsFile_Returns_Settings" computerName="PC-SFERRARI" duration="00:00:00.0654852" startTime="2020-08-13T12:44:50.8493625+01:00" endTime="2020-08-13T12:44:50.9149386+01:00" testType="13cdc9d9-ddb5-4fa4-a97d-d965ccfc6d4b" outcome="Passed" testListId="8c84fa94-04c1-424b-9868-57a2d4851a1d" relativeResultsDirectory="65ca60e9-005c-46c7-a8be-ec5fee8bb42d" />
    <UnitTestResult executionId="2a45c3c1-b8d6-40b1-88d5-54303f864139" testId="4e1a5879-f3c8-4fdb-51d0-c4cf0a35e0bf" testName="ToInt_Passing_Enumeration_Name_Returns_Value" computerName="PC-SFERRARI" duration="00:00:00.0002138" startTime="2020-08-13T12:44:50.9592847+01:00" endTime="2020-08-13T12:44:50.9595783+01:00" testType="13cdc9d9-ddb5-4fa4-a97d-d965ccfc6d4b" outcome="Passed" testListId="8c84fa94-04c1-424b-9868-57a2d4851a1d" relativeResultsDirectory="2a45c3c1-b8d6-40b1-88d5-54303f864139" />
    <UnitTestResult executionId="1d26e04b-c144-4019-b24a-ffb6e9cea605" testId="a702dc43-b5af-c889-d32e-e69ee2d100af" testName="ToIsAuthenticated_Passing_Null_ClaimsPrincipal_Returns_ApplicationException" computerName="PC-SFERRARI" duration="00:00:00.0008050" startTime="2020-08-13T12:44:50.7142714+01:00" endTime="2020-08-13T12:44:50.7152747+01:00" testType="13cdc9d9-ddb5-4fa4-a97d-d965ccfc6d4b" outcome="Passed" testListId="8c84fa94-04c1-424b-9868-57a2d4851a1d" relativeResultsDirectory="1d26e04b-c144-4019-b24a-ffb6e9cea605" />
    <UnitTestResult executionId="38dc2d40-b974-4aa0-99b5-982b57fb98dd" testId="29295413-2308-fade-9c98-0e9ed6c67839" testName="ToDirectoryReadFileAsync_Passing_ValidValue_Returns_False" computerName="PC-SFERRARI" duration="00:00:00.0300319" startTime="2020-08-13T12:44:52.0977219+01:00" endTime="2020-08-13T12:44:52.1279864+01:00" testType="13cdc9d9-ddb5-4fa4-a97d-d965ccfc6d4b" outcome="Passed" testListId="8c84fa94-04c1-424b-9868-57a2d4851a1d" relativeResultsDirectory="38dc2d40-b974-4aa0-99b5-982b57fb98dd" />
    <UnitTestResult executionId="c80882bd-5689-4d01-bd03-7553a0f3707b" testId="760ae14b-6c0d-0288-811d-408b67937415" testName="ToServiceMatchingInterface_Passing_Empties_Assemblies_Returns_ApplicationException" computerName="PC-SFERRARI" duration="00:00:00.0014829" startTime="2020-08-13T12:44:50.8036599+01:00" endTime="2020-08-13T12:44:50.8052260+01:00" testType="13cdc9d9-ddb5-4fa4-a97d-d965ccfc6d4b" outcome="Passed" testListId="8c84fa94-04c1-424b-9868-57a2d4851a1d" relativeResultsDirectory="c80882bd-5689-4d01-bd03-7553a0f3707b" />
    <UnitTestResult executionId="34d62bfa-916b-47e6-8011-8d05c61e1ba4" testId="313cfb2c-8c3b-337b-12f8-296f8611376d" testName="ToConfigureOrDefault_Passing_ActionCustomValues_Returns_CustomValues" computerName="PC-SFERRARI" duration="00:00:00.0135130" startTime="2020-08-13T12:44:49.6251720+01:00" endTime="2020-08-13T12:44:49.7334268+01:00" testType="13cdc9d9-ddb5-4fa4-a97d-d965ccfc6d4b" outcome="Passed" testListId="8c84fa94-04c1-424b-9868-57a2d4851a1d" relativeResultsDirectory="34d62bfa-916b-47e6-8011-8d05c61e1ba4" />
    <UnitTestResult executionId="f11588a9-3fd3-44b2-98b1-bf08d5cf1858" testId="5c861184-f295-e727-0fd4-d218f13da14d" testName="ToConfiguration_Passing_Empty_DirectoryPath_Returns_ApplicationException" computerName="PC-SFERRARI" duration="00:00:00.0033776" startTime="2020-08-13T12:44:50.7174635+01:00" endTime="2020-08-13T12:44:50.7245988+01:00" testType="13cdc9d9-ddb5-4fa4-a97d-d965ccfc6d4b" outcome="Passed" testListId="8c84fa94-04c1-424b-9868-57a2d4851a1d" relativeResultsDirectory="f11588a9-3fd3-44b2-98b1-bf08d5cf1858" />
    <UnitTestResult executionId="405fc5f3-39b8-400e-934a-1ea321596dff" testId="d5506b30-7041-6d90-bd03-bcd5b2479c40" testName="ToHashAlgorithmName_Passing_InvalidValueLowerCaseStringWithDefaultValue_Returns_DefaultValue" computerName="PC-SFERRARI" duration="00:00:00.0019192" startTime="2020-08-13T12:44:52.1737058+01:00" endTime="2020-08-13T12:44:52.1757047+01:00" testType="13cdc9d9-ddb5-4fa4-a97d-d965ccfc6d4b" outcome="Passed" testListId="8c84fa94-04c1-424b-9868-57a2d4851a1d" relativeResultsDirectory="405fc5f3-39b8-400e-934a-1ea321596dff" resultType="DataDrivenTest">
      <InnerResults>
        <UnitTestResult executionId="ca57a149-c369-4475-b68c-4a5ad10c26b5" parentExecutionId="405fc5f3-39b8-400e-934a-1ea321596dff" testId="d5506b30-7041-6d90-bd03-bcd5b2479c40" testName="ToHashAlgorithmName_Passing_InvalidValueLowerCaseStringWithDefaultValue_Returns_DefaultValue (md5)" computerName="PC-SFERRARI" duration="00:00:00.0018731" startTime="2020-08-13T12:44:52.1737058+01:00" endTime="2020-08-13T12:44:52.1757047+01:00" testType="13cdc9d9-ddb5-4fa4-a97d-d965ccfc6d4b" outcome="Passed" testListId="8c84fa94-04c1-424b-9868-57a2d4851a1d" relativeResultsDirectory="ca57a149-c369-4475-b68c-4a5ad10c26b5" dataRowInfo="1" resultType="DataDrivenDataRow" />
      </InnerResults>
    </UnitTestResult>
    <UnitTestResult executionId="c28c7ebf-358b-49a0-80f4-4259979e940d" testId="73904cd7-b09d-89fc-efca-330cb9d1d1b7" testName="ToConfiguration_Passing_Invalid_DirectoryPath_Returns_ApplicationException" computerName="PC-SFERRARI" duration="00:00:00.0006973" startTime="2020-08-13T12:44:50.7246354+01:00" endTime="2020-08-13T12:44:50.7254514+01:00" testType="13cdc9d9-ddb5-4fa4-a97d-d965ccfc6d4b" outcome="Passed" testListId="8c84fa94-04c1-424b-9868-57a2d4851a1d" relativeResultsDirectory="c28c7ebf-358b-49a0-80f4-4259979e940d" />
    <UnitTestResult executionId="3931779b-49d6-4919-a9e0-210e010ff29f" testId="aeb559a5-c285-7ab9-baee-1cb152d1742f" testName="ToDefaultValue_Passing_ulong_Returns_Cero" computerName="PC-SFERRARI" duration="00:00:00.0003009" startTime="2020-08-13T12:44:51.0143519+01:00" endTime="2020-08-13T12:44:51.0147298+01:00" testType="13cdc9d9-ddb5-4fa4-a97d-d965ccfc6d4b" outcome="Passed" testListId="8c84fa94-04c1-424b-9868-57a2d4851a1d" relativeResultsDirectory="3931779b-49d6-4919-a9e0-210e010ff29f" resultType="DataDrivenTest">
      <InnerResults>
        <UnitTestResult executionId="0496ef70-133f-4397-bf8e-15dcd0d42333" parentExecutionId="3931779b-49d6-4919-a9e0-210e010ff29f" testId="aeb559a5-c285-7ab9-baee-1cb152d1742f" testName="ToDefaultValue_Passing_ulong_Returns_Cero (18446744073709551615)" computerName="PC-SFERRARI" duration="00:00:00.0002552" startTime="2020-08-13T12:44:51.0143519+01:00" endTime="2020-08-13T12:44:51.0147298+01:00" testType="13cdc9d9-ddb5-4fa4-a97d-d965ccfc6d4b" outcome="Passed" testListId="8c84fa94-04c1-424b-9868-57a2d4851a1d" relativeResultsDirectory="0496ef70-133f-4397-bf8e-15dcd0d42333" dataRowInfo="1" resultType="DataDrivenDataRow" />
      </InnerResults>
    </UnitTestResult>
    <UnitTestResult executionId="0e302789-a11a-48e7-8588-d04b5d0de8d1" testId="57d3cdd8-8268-9aa3-6f39-3cc0224b305c" testName="ToExists_Passing_Claims_Returns_True" computerName="PC-SFERRARI" duration="00:00:00.0014562" startTime="2020-08-13T12:44:50.6421255+01:00" endTime="2020-08-13T12:44:50.6437668+01:00" testType="13cdc9d9-ddb5-4fa4-a97d-d965ccfc6d4b" outcome="Passed" testListId="8c84fa94-04c1-424b-9868-57a2d4851a1d" relativeResultsDirectory="0e302789-a11a-48e7-8588-d04b5d0de8d1" />
    <UnitTestResult executionId="13fad069-7d08-46a7-a434-227f0a2b87e9" testId="922c5a5d-5d46-b5de-bcbd-4fac0addd422" testName="IsNullOrAny_Passing_InvalidArguments_Returns_HasErrorsAndCount" computerName="PC-SFERRARI" duration="00:00:00.0025710" startTime="2020-08-13T12:44:50.5596247+01:00" endTime="2020-08-13T12:44:50.5623679+01:00" testType="13cdc9d9-ddb5-4fa4-a97d-d965ccfc6d4b" outcome="Passed" testListId="8c84fa94-04c1-424b-9868-57a2d4851a1d" relativeResultsDirectory="13fad069-7d08-46a7-a434-227f0a2b87e9" />
    <UnitTestResult executionId="a3f4cc7b-a421-495d-8c51-885ec9e6018f" testId="579b7361-19a9-f329-acb3-de102dcfc793" testName="ToDefaultValue_Passing_ValidString_Returns_DefaultValue" computerName="PC-SFERRARI" duration="00:00:00.0001535" startTime="2020-08-13T12:44:52.4557665+01:00" endTime="2020-08-13T12:44:52.4560043+01:00" testType="13cdc9d9-ddb5-4fa4-a97d-d965ccfc6d4b" outcome="Passed" testListId="8c84fa94-04c1-424b-9868-57a2d4851a1d" relativeResultsDirectory="a3f4cc7b-a421-495d-8c51-885ec9e6018f" />
    <UnitTestResult executionId="a387e70d-7ef1-48c1-b088-d932fe7a2480" testId="074815db-ddf2-9c1f-0fef-7f709183591e" testName="ToExists_Passing_Service_Not_Found_Returns_False" computerName="PC-SFERRARI" duration="00:00:00.0004496" startTime="2020-08-13T12:44:50.4659236+01:00" endTime="2020-08-13T12:44:50.4664617+01:00" testType="13cdc9d9-ddb5-4fa4-a97d-d965ccfc6d4b" outcome="Passed" testListId="8c84fa94-04c1-424b-9868-57a2d4851a1d" relativeResultsDirectory="a387e70d-7ef1-48c1-b088-d932fe7a2480" />
    <UnitTestResult executionId="0cc3c69c-9e59-4c17-a62f-81c4abd4843d" testId="0c633595-70e8-b011-5a46-c9c7e1687cb9" testName="ToGet_Passing_Claims_Returns_Claim_Value_String" computerName="PC-SFERRARI" duration="00:00:00.0006970" startTime="2020-08-13T12:44:50.6917486+01:00" endTime="2020-08-13T12:44:50.6925526+01:00" testType="13cdc9d9-ddb5-4fa4-a97d-d965ccfc6d4b" outcome="Passed" testListId="8c84fa94-04c1-424b-9868-57a2d4851a1d" relativeResultsDirectory="0cc3c69c-9e59-4c17-a62f-81c4abd4843d" />
    <UnitTestResult executionId="e78c11d7-2ea8-4fd4-a9da-3973f8ee0487" testId="e1a72c94-958d-7abb-4a96-4b60b12f8157" testName="ToFullMessage_Passing_ExceptionWithMessageWithInnerException_Returns_Full_Message" computerName="PC-SFERRARI" duration="00:00:00.0049778" startTime="2020-08-13T12:44:50.9760935+01:00" endTime="2020-08-13T12:44:50.9812994+01:00" testType="13cdc9d9-ddb5-4fa4-a97d-d965ccfc6d4b" outcome="Passed" testListId="8c84fa94-04c1-424b-9868-57a2d4851a1d" relativeResultsDirectory="e78c11d7-2ea8-4fd4-a9da-3973f8ee0487" />
    <UnitTestResult executionId="5668085a-6ab4-4b82-a115-cc985e61f953" testId="504465b7-a3fe-9023-93b9-ffece1903418" testName="ToEnvironment_ServiceCollection_Passing_Staging_Enviroment_Returns_Staging_Name" computerName="PC-SFERRARI" duration="00:00:00.0004235" startTime="2020-08-13T12:44:50.7980241+01:00" endTime="2020-08-13T12:44:50.7985276+01:00" testType="13cdc9d9-ddb5-4fa4-a97d-d965ccfc6d4b" outcome="Passed" testListId="8c84fa94-04c1-424b-9868-57a2d4851a1d" relativeResultsDirectory="5668085a-6ab4-4b82-a115-cc985e61f953" />
    <UnitTestResult executionId="102125e4-a594-4e46-8cf1-83a9ae5d1c28" testId="297c060d-406b-f933-91fe-dfd3459b8ace" testName="ToIsNullOrEmpty_Passing_InvalidValue_Returns_True" computerName="PC-SFERRARI" duration="00:00:00.0001270" startTime="2020-08-13T12:44:50.5100406+01:00" endTime="2020-08-13T12:44:50.5102529+01:00" testType="13cdc9d9-ddb5-4fa4-a97d-d965ccfc6d4b" outcome="Passed" testListId="8c84fa94-04c1-424b-9868-57a2d4851a1d" relativeResultsDirectory="102125e4-a594-4e46-8cf1-83a9ae5d1c28" />
    <UnitTestResult executionId="a6ee0212-2da9-4c5d-8aec-78fe556793a1" testId="d6d04f4a-9142-b816-d673-c4abf49a39ad" testName="ToDisplay_Passing_Enumeration_Name_Returns_Display_Atributte" computerName="PC-SFERRARI" duration="00:00:00.0075661" startTime="2020-08-13T12:44:50.9508537+01:00" endTime="2020-08-13T12:44:50.9586275+01:00" testType="13cdc9d9-ddb5-4fa4-a97d-d965ccfc6d4b" outcome="Passed" testListId="8c84fa94-04c1-424b-9868-57a2d4851a1d" relativeResultsDirectory="a6ee0212-2da9-4c5d-8aec-78fe556793a1" />
    <UnitTestResult executionId="4dc99405-6453-4fc1-9e2c-ace18ff0e316" testId="0b00f09d-f7e4-fb1e-68ad-8102cf6143e0" testName="ToPaged_Passing_Name_Descending_Order_Returns_Filter_List" computerName="PC-SFERRARI" duration="00:00:00.0004441" startTime="2020-08-13T12:44:52.0583266+01:00" endTime="2020-08-13T12:44:52.0588719+01:00" testType="13cdc9d9-ddb5-4fa4-a97d-d965ccfc6d4b" outcome="Passed" testListId="8c84fa94-04c1-424b-9868-57a2d4851a1d" relativeResultsDirectory="4dc99405-6453-4fc1-9e2c-ace18ff0e316" />
    <UnitTestResult executionId="e20b4f03-9b69-457c-9fa1-faafbc2c1747" testId="33545399-79af-5e7f-5179-57fe5645f4be" testName="ToYesterday_Passing_DateTime_Returns_Yesterday_DateTime" computerName="PC-SFERRARI" duration="00:00:00.0002366" startTime="2020-08-13T12:44:50.9353458+01:00" endTime="2020-08-13T12:44:50.9356578+01:00" testType="13cdc9d9-ddb5-4fa4-a97d-d965ccfc6d4b" outcome="Passed" testListId="8c84fa94-04c1-424b-9868-57a2d4851a1d" relativeResultsDirectory="e20b4f03-9b69-457c-9fa1-faafbc2c1747" />
    <UnitTestResult executionId="3aadcb05-e42b-49d8-8159-ec66c4f2efbd" testId="635e001f-2a50-f191-84e2-e81cd2000fdf" testName="ToAuthenticationType_Passing_Claims_Returns_AuthenticationType_Name" computerName="PC-SFERRARI" duration="00:00:00.0576960" startTime="2020-08-13T12:44:50.5694506+01:00" endTime="2020-08-13T12:44:50.6274499+01:00" testType="13cdc9d9-ddb5-4fa4-a97d-d965ccfc6d4b" outcome="Passed" testListId="8c84fa94-04c1-424b-9868-57a2d4851a1d" relativeResultsDirectory="3aadcb05-e42b-49d8-8159-ec66c4f2efbd" />
    <UnitTestResult executionId="57e42545-f2a8-4426-94f0-ea52ebc684b3" testId="967da852-80aa-48c8-4fdf-7229c80964ce" testName="ToZipExtract_Passing_ValidArchive_Returns_Files" computerName="PC-SFERRARI" duration="00:00:00.0291389" startTime="2020-08-13T12:44:52.4146916+01:00" endTime="2020-08-13T12:44:52.4439853+01:00" testType="13cdc9d9-ddb5-4fa4-a97d-d965ccfc6d4b" outcome="Passed" testListId="8c84fa94-04c1-424b-9868-57a2d4851a1d" relativeResultsDirectory="57e42545-f2a8-4426-94f0-ea52ebc684b3" />
    <UnitTestResult executionId="f4f07130-ffc4-425a-9a74-3a7f808750ef" testId="2799ef62-9686-0dc7-84d2-73639b0030f7" testName="ToInt_Passing_InvalidValueString_Returns_Null" computerName="PC-SFERRARI" duration="00:00:00.0003320" startTime="2020-08-13T12:44:52.2360471+01:00" endTime="2020-08-13T12:44:52.2365497+01:00" testType="13cdc9d9-ddb5-4fa4-a97d-d965ccfc6d4b" outcome="Passed" testListId="8c84fa94-04c1-424b-9868-57a2d4851a1d" relativeResultsDirectory="f4f07130-ffc4-425a-9a74-3a7f808750ef" resultType="DataDrivenTest">
      <InnerResults>
        <UnitTestResult executionId="decdc855-5853-46c4-9742-c33ad4ba92e8" parentExecutionId="f4f07130-ffc4-425a-9a74-3a7f808750ef" testId="2799ef62-9686-0dc7-84d2-73639b0030f7" testName="ToInt_Passing_InvalidValueString_Returns_Null (1.3333)" computerName="PC-SFERRARI" duration="00:00:00.0002263" startTime="2020-08-13T12:44:52.2360471+01:00" endTime="2020-08-13T12:44:52.2365497+01:00" testType="13cdc9d9-ddb5-4fa4-a97d-d965ccfc6d4b" outcome="Passed" testListId="8c84fa94-04c1-424b-9868-57a2d4851a1d" relativeResultsDirectory="decdc855-5853-46c4-9742-c33ad4ba92e8" dataRowInfo="1" resultType="DataDrivenDataRow" />
        <UnitTestResult executionId="c0d0919d-1d29-4ec6-a330-889b194db9d5" parentExecutionId="f4f07130-ffc4-425a-9a74-3a7f808750ef" testId="2799ef62-9686-0dc7-84d2-73639b0030f7" testName="ToInt_Passing_InvalidValueString_Returns_Null (1,3333)" computerName="PC-SFERRARI" duration="00:00:00.0000044" startTime="2020-08-13T12:44:52.2360471+01:00" endTime="2020-08-13T12:44:52.2365497+01:00" testType="13cdc9d9-ddb5-4fa4-a97d-d965ccfc6d4b" outcome="Passed" testListId="8c84fa94-04c1-424b-9868-57a2d4851a1d" relativeResultsDirectory="c0d0919d-1d29-4ec6-a330-889b194db9d5" dataRowInfo="2" resultType="DataDrivenDataRow" />
        <UnitTestResult executionId="bac9739e-397f-421e-8586-ee1121af22dc" parentExecutionId="f4f07130-ffc4-425a-9a74-3a7f808750ef" testId="2799ef62-9686-0dc7-84d2-73639b0030f7" testName="ToInt_Passing_InvalidValueString_Returns_Null (1.333,39)" computerName="PC-SFERRARI" duration="00:00:00.0000023" startTime="2020-08-13T12:44:52.2360471+01:00" endTime="2020-08-13T12:44:52.2365497+01:00" testType="13cdc9d9-ddb5-4fa4-a97d-d965ccfc6d4b" outcome="Passed" testListId="8c84fa94-04c1-424b-9868-57a2d4851a1d" relativeResultsDirectory="bac9739e-397f-421e-8586-ee1121af22dc" dataRowInfo="3" resultType="DataDrivenDataRow" />
        <UnitTestResult executionId="84e00c1e-c272-42cd-b0bb-bc742756779c" parentExecutionId="f4f07130-ffc4-425a-9a74-3a7f808750ef" testId="2799ef62-9686-0dc7-84d2-73639b0030f7" testName="ToInt_Passing_InvalidValueString_Returns_Null (999999439293294392492349329493294)" computerName="PC-SFERRARI" duration="00:00:00.0000021" startTime="2020-08-13T12:44:52.2360471+01:00" endTime="2020-08-13T12:44:52.2365497+01:00" testType="13cdc9d9-ddb5-4fa4-a97d-d965ccfc6d4b" outcome="Passed" testListId="8c84fa94-04c1-424b-9868-57a2d4851a1d" relativeResultsDirectory="84e00c1e-c272-42cd-b0bb-bc742756779c" dataRowInfo="4" resultType="DataDrivenDataRow" />
        <UnitTestResult executionId="2e4f67f4-fad4-4828-9445-c20e9db5d326" parentExecutionId="f4f07130-ffc4-425a-9a74-3a7f808750ef" testId="2799ef62-9686-0dc7-84d2-73639b0030f7" testName="ToInt_Passing_InvalidValueString_Returns_Null (asdasdasdasd234324)" computerName="PC-SFERRARI" duration="00:00:00.0000027" startTime="2020-08-13T12:44:52.2360471+01:00" endTime="2020-08-13T12:44:52.2365497+01:00" testType="13cdc9d9-ddb5-4fa4-a97d-d965ccfc6d4b" outcome="Passed" testListId="8c84fa94-04c1-424b-9868-57a2d4851a1d" relativeResultsDirectory="2e4f67f4-fad4-4828-9445-c20e9db5d326" dataRowInfo="5" resultType="DataDrivenDataRow" />
      </InnerResults>
    </UnitTestResult>
    <UnitTestResult executionId="bb34947c-60d8-4a55-b230-057407472229" testId="98d4dd82-eb94-c060-7aeb-9b0a39f334fb" testName="ToIsLastDayOfTheMonth_Passing_LastDayOfMonth_Returns_True" computerName="PC-SFERRARI" duration="00:00:00.0003308" startTime="2020-08-13T12:44:50.9192921+01:00" endTime="2020-08-13T12:44:50.9197083+01:00" testType="13cdc9d9-ddb5-4fa4-a97d-d965ccfc6d4b" outcome="Passed" testListId="8c84fa94-04c1-424b-9868-57a2d4851a1d" relativeResultsDirectory="bb34947c-60d8-4a55-b230-057407472229" />
    <UnitTestResult executionId="27a608bf-579a-4e1f-a200-4052c8484c71" testId="4234610b-215b-41f7-e61d-4a82851bdfa3" testName="ToDefaultValue_Passing_int_Returns_Cero" computerName="PC-SFERRARI" duration="00:00:00.0002929" startTime="2020-08-13T12:44:51.0057278+01:00" endTime="2020-08-13T12:44:51.0060937+01:00" testType="13cdc9d9-ddb5-4fa4-a97d-d965ccfc6d4b" outcome="Passed" testListId="8c84fa94-04c1-424b-9868-57a2d4851a1d" relativeResultsDirectory="27a608bf-579a-4e1f-a200-4052c8484c71" resultType="DataDrivenTest">
      <InnerResults>
        <UnitTestResult executionId="523d46a1-2ea8-493a-9c0a-0304f8545b72" parentExecutionId="27a608bf-579a-4e1f-a200-4052c8484c71" testId="4234610b-215b-41f7-e61d-4a82851bdfa3" testName="ToDefaultValue_Passing_int_Returns_Cero (2147483647)" computerName="PC-SFERRARI" duration="00:00:00.0002562" startTime="2020-08-13T12:44:51.0057278+01:00" endTime="2020-08-13T12:44:51.0060937+01:00" testType="13cdc9d9-ddb5-4fa4-a97d-d965ccfc6d4b" outcome="Passed" testListId="8c84fa94-04c1-424b-9868-57a2d4851a1d" relativeResultsDirectory="523d46a1-2ea8-493a-9c0a-0304f8545b72" dataRowInfo="1" resultType="DataDrivenDataRow" />
      </InnerResults>
    </UnitTestResult>
    <UnitTestResult executionId="dfdec74f-5c4a-49f8-9092-47865447f56f" testId="7f0aeefe-ba4a-5404-c6f8-82be67718cc4" testName="ToDirectoryDeleteFiles_Passing_ValidValue_Returns_DirectoryNoExists" computerName="PC-SFERRARI" duration="00:00:00.0041685" startTime="2020-08-13T12:44:52.0754197+01:00" endTime="2020-08-13T12:44:52.0797806+01:00" testType="13cdc9d9-ddb5-4fa4-a97d-d965ccfc6d4b" outcome="Passed" testListId="8c84fa94-04c1-424b-9868-57a2d4851a1d" relativeResultsDirectory="dfdec74f-5c4a-49f8-9092-47865447f56f" />
    <UnitTestResult executionId="9c9ec88a-2a88-425f-aa4d-98850a001442" testId="55f105d6-fc07-21db-e70a-db30ccdb0844" testName="ToIsNullOrAny_Passing_InvalidValue_Returns_True" computerName="PC-SFERRARI" duration="00:00:00.0009592" startTime="2020-08-13T12:44:50.5089754+01:00" endTime="2020-08-13T12:44:50.5100194+01:00" testType="13cdc9d9-ddb5-4fa4-a97d-d965ccfc6d4b" outcome="Passed" testListId="8c84fa94-04c1-424b-9868-57a2d4851a1d" relativeResultsDirectory="9c9ec88a-2a88-425f-aa4d-98850a001442" />
    <UnitTestResult executionId="82ff7768-ebc5-41f9-9b54-fdd071543536" testId="c14c626b-0f15-ac55-344d-8aa2c3f91cdf" testName="ToZipCreate_Passing_ValidFiles_Returns_ZipFiles" computerName="PC-SFERRARI" duration="00:00:00.0049980" startTime="2020-08-13T12:44:52.4095016+01:00" endTime="2020-08-13T12:44:52.4146584+01:00" testType="13cdc9d9-ddb5-4fa4-a97d-d965ccfc6d4b" outcome="Passed" testListId="8c84fa94-04c1-424b-9868-57a2d4851a1d" relativeResultsDirectory="82ff7768-ebc5-41f9-9b54-fdd071543536" />
    <UnitTestResult executionId="c794380f-91d0-4eda-a623-453841eee4c9" testId="1c5de28c-f1b3-c94d-8e43-201eab8c2ff8" testName="ToEnvironment_Passing_Development_Enviroment_Returns_Development_Name" computerName="PC-SFERRARI" duration="00:00:00.0015026" startTime="2020-08-13T12:44:50.4486684+01:00" endTime="2020-08-13T12:44:50.4503536+01:00" testType="13cdc9d9-ddb5-4fa4-a97d-d965ccfc6d4b" outcome="Passed" testListId="8c84fa94-04c1-424b-9868-57a2d4851a1d" relativeResultsDirectory="c794380f-91d0-4eda-a623-453841eee4c9" />
    <UnitTestResult executionId="51cab14e-cd32-472c-9914-3a4562fe16e1" testId="8a110a46-40a4-c9bb-083e-1c3fcb5b45b7" testName="ToCompress_Passing_Object_Bytes_Returns_Object" computerName="PC-SFERRARI" duration="00:00:00.0171609" startTime="2020-08-13T12:44:50.4897401+01:00" endTime="2020-08-13T12:44:50.5072278+01:00" testType="13cdc9d9-ddb5-4fa4-a97d-d965ccfc6d4b" outcome="Passed" testListId="8c84fa94-04c1-424b-9868-57a2d4851a1d" relativeResultsDirectory="51cab14e-cd32-472c-9914-3a4562fe16e1" />
    <UnitTestResult executionId="3271cce7-e06a-47a5-b247-524f35f50c8c" testId="9af963da-8209-d683-34a5-be793bc59993" testName="ToList_Passing_ValidEnumTypeWithSelectedValueWithResourceType_Returns_ValuesList" computerName="PC-SFERRARI" duration="00:00:00.0008453" startTime="2020-08-13T12:44:50.9731549+01:00" endTime="2020-08-13T12:44:50.9741083+01:00" testType="13cdc9d9-ddb5-4fa4-a97d-d965ccfc6d4b" outcome="Passed" testListId="8c84fa94-04c1-424b-9868-57a2d4851a1d" relativeResultsDirectory="3271cce7-e06a-47a5-b247-524f35f50c8c" />
    <UnitTestResult executionId="d5be4418-05ee-4453-b8c1-8d743dd30169" testId="eb3fbb45-8257-f4b8-0975-042f859a72bf" testName="ToDictionaryPropertyInfo_Passing_Object_Not_IncludeNullOrEmptyProperty_Returns_Properties_NameAndValue_Dictionary" computerName="PC-SFERRARI" duration="00:00:00.0003352" startTime="2020-08-13T12:44:51.1215041+01:00" endTime="2020-08-13T12:44:51.1219635+01:00" testType="13cdc9d9-ddb5-4fa4-a97d-d965ccfc6d4b" outcome="Passed" testListId="8c84fa94-04c1-424b-9868-57a2d4851a1d" relativeResultsDirectory="d5be4418-05ee-4453-b8c1-8d743dd30169" />
    <UnitTestResult executionId="7f071e01-8a53-417f-8785-5c5f2bbc1f07" testId="19a313ce-6632-bd6f-bb7e-c2dc7bcf20eb" testName="ToDefaultValue_Passing_sbyte_Returns_Cero" computerName="PC-SFERRARI" duration="00:00:00.0002860" startTime="2020-08-13T12:44:51.0065044+01:00" endTime="2020-08-13T12:44:51.0068551+01:00" testType="13cdc9d9-ddb5-4fa4-a97d-d965ccfc6d4b" outcome="Passed" testListId="8c84fa94-04c1-424b-9868-57a2d4851a1d" relativeResultsDirectory="7f071e01-8a53-417f-8785-5c5f2bbc1f07" resultType="DataDrivenTest">
      <InnerResults>
        <UnitTestResult executionId="fc031ec5-e0e6-492b-a8c8-097c084137e2" parentExecutionId="7f071e01-8a53-417f-8785-5c5f2bbc1f07" testId="19a313ce-6632-bd6f-bb7e-c2dc7bcf20eb" testName="ToDefaultValue_Passing_sbyte_Returns_Cero (127)" computerName="PC-SFERRARI" duration="00:00:00.0002472" startTime="2020-08-13T12:44:51.0065044+01:00" endTime="2020-08-13T12:44:51.0068551+01:00" testType="13cdc9d9-ddb5-4fa4-a97d-d965ccfc6d4b" outcome="Passed" testListId="8c84fa94-04c1-424b-9868-57a2d4851a1d" relativeResultsDirectory="fc031ec5-e0e6-492b-a8c8-097c084137e2" dataRowInfo="1" resultType="DataDrivenDataRow" />
      </InnerResults>
    </UnitTestResult>
    <UnitTestResult executionId="295f43f1-86cd-4fe8-ba58-4fbba49a0b52" testId="4315ebd1-3e2a-edf0-9de6-c78f08760fe3" testName="ToFirstLetterLower_Passing_ValidValue_Returns_StringWithFirstLetterLower" computerName="PC-SFERRARI" duration="00:00:00.0002956" startTime="2020-08-13T12:44:52.1612439+01:00" endTime="2020-08-13T12:44:52.1616203+01:00" testType="13cdc9d9-ddb5-4fa4-a97d-d965ccfc6d4b" outcome="Passed" testListId="8c84fa94-04c1-424b-9868-57a2d4851a1d" relativeResultsDirectory="295f43f1-86cd-4fe8-ba58-4fbba49a0b52" resultType="DataDrivenTest">
      <InnerResults>
        <UnitTestResult executionId="e763575e-2f10-4a9a-8b9c-7b96a00492f6" parentExecutionId="295f43f1-86cd-4fe8-ba58-4fbba49a0b52" testId="4315ebd1-3e2a-edf0-9de6-c78f08760fe3" testName="ToFirstLetterLower_Passing_ValidValue_Returns_StringWithFirstLetterLower (AAAAAA,aAAAAA)" computerName="PC-SFERRARI" duration="00:00:00.0002588" startTime="2020-08-13T12:44:52.1612439+01:00" endTime="2020-08-13T12:44:52.1616203+01:00" testType="13cdc9d9-ddb5-4fa4-a97d-d965ccfc6d4b" outcome="Passed" testListId="8c84fa94-04c1-424b-9868-57a2d4851a1d" relativeResultsDirectory="e763575e-2f10-4a9a-8b9c-7b96a00492f6" dataRowInfo="1" resultType="DataDrivenDataRow" />
      </InnerResults>
    </UnitTestResult>
    <UnitTestResult executionId="1cbe5df0-dc3a-4129-9634-f70f567bedda" testId="31126d50-f667-908c-85f3-09f9d9272df9" testName="ToEnvironment_Passing_Production_Enviroment_Returns_Production_Name" computerName="PC-SFERRARI" duration="00:00:00.0006016" startTime="2020-08-13T12:44:50.4503835+01:00" endTime="2020-08-13T12:44:50.4510843+01:00" testType="13cdc9d9-ddb5-4fa4-a97d-d965ccfc6d4b" outcome="Passed" testListId="8c84fa94-04c1-424b-9868-57a2d4851a1d" relativeResultsDirectory="1cbe5df0-dc3a-4129-9634-f70f567bedda" />
    <UnitTestResult executionId="b1ec55f5-b8cf-4469-a409-c3194a4e0d74" testId="0cb5eb43-9273-0bdf-bd18-53b184535503" testName="ToMessage_Passing_ExceptionWithMessage_Returns_Message" computerName="PC-SFERRARI" duration="00:00:00.0001827" startTime="2020-08-13T12:44:50.9818107+01:00" endTime="2020-08-13T12:44:50.9820836+01:00" testType="13cdc9d9-ddb5-4fa4-a97d-d965ccfc6d4b" outcome="Passed" testListId="8c84fa94-04c1-424b-9868-57a2d4851a1d" relativeResultsDirectory="b1ec55f5-b8cf-4469-a409-c3194a4e0d74" />
    <UnitTestResult executionId="2a3af8ba-6ccc-410f-8e97-e3f8d2274e18" testId="a4956cd8-34a7-6fca-5b71-6eb98cedd9b0" testName="ToEndOfTheMonth_Passing_DateTime_Returns_End_Of_Month_DateTime" computerName="PC-SFERRARI" duration="00:00:00.0007498" startTime="2020-08-13T12:44:50.9184274+01:00" endTime="2020-08-13T12:44:50.9192725+01:00" testType="13cdc9d9-ddb5-4fa4-a97d-d965ccfc6d4b" outcome="Passed" testListId="8c84fa94-04c1-424b-9868-57a2d4851a1d" relativeResultsDirectory="2a3af8ba-6ccc-410f-8e97-e3f8d2274e18" />
    <UnitTestResult executionId="ecff2600-52ac-47a5-a453-5f343dee12d8" testId="0cfd0c7c-1a61-7d19-c2fa-3c8a47ccf09c" testName="ToValues_Passing_ValidEnumType_Returns_ValuesListString" computerName="PC-SFERRARI" duration="00:00:00.0009039" startTime="2020-08-13T12:44:50.9750870+01:00" endTime="2020-08-13T12:44:50.9760731+01:00" testType="13cdc9d9-ddb5-4fa4-a97d-d965ccfc6d4b" outcome="Passed" testListId="8c84fa94-04c1-424b-9868-57a2d4851a1d" relativeResultsDirectory="ecff2600-52ac-47a5-a453-5f343dee12d8" />
    <UnitTestResult executionId="1dee1896-d3fc-410d-a6a6-14ca5a736dc9" testId="47f3e733-f069-b79f-9f6d-7c11fc368663" testName="ToDefaultValue_Passing_ushort_Returns_Cero" computerName="PC-SFERRARI" duration="00:00:00.0003091" startTime="2020-08-13T12:44:51.0147505+01:00" endTime="2020-08-13T12:44:51.0151244+01:00" testType="13cdc9d9-ddb5-4fa4-a97d-d965ccfc6d4b" outcome="Passed" testListId="8c84fa94-04c1-424b-9868-57a2d4851a1d" relativeResultsDirectory="1dee1896-d3fc-410d-a6a6-14ca5a736dc9" resultType="DataDrivenTest">
      <InnerResults>
        <UnitTestResult executionId="8114f1bf-79b2-4b7d-9a97-88ead045c95c" parentExecutionId="1dee1896-d3fc-410d-a6a6-14ca5a736dc9" testId="47f3e733-f069-b79f-9f6d-7c11fc368663" testName="ToDefaultValue_Passing_ushort_Returns_Cero (65535)" computerName="PC-SFERRARI" duration="00:00:00.0002699" startTime="2020-08-13T12:44:51.0147505+01:00" endTime="2020-08-13T12:44:51.0151244+01:00" testType="13cdc9d9-ddb5-4fa4-a97d-d965ccfc6d4b" outcome="Passed" testListId="8c84fa94-04c1-424b-9868-57a2d4851a1d" relativeResultsDirectory="8114f1bf-79b2-4b7d-9a97-88ead045c95c" dataRowInfo="1" resultType="DataDrivenDataRow" />
      </InnerResults>
    </UnitTestResult>
    <UnitTestResult executionId="eb7c8284-cb35-44cd-bdb7-57b6396245d5" testId="e2880a6e-7a01-b4ba-86fb-4d33be072972" testName="ToExists_Passing_Valid_Service_Returns_True" computerName="PC-SFERRARI" duration="00:00:00.0004233" startTime="2020-08-13T12:44:50.8031400+01:00" endTime="2020-08-13T12:44:50.8036422+01:00" testType="13cdc9d9-ddb5-4fa4-a97d-d965ccfc6d4b" outcome="Passed" testListId="8c84fa94-04c1-424b-9868-57a2d4851a1d" relativeResultsDirectory="eb7c8284-cb35-44cd-bdb7-57b6396245d5" />
    <UnitTestResult executionId="596c5bf4-25e8-40e3-8b6f-c752e57359ab" testId="fa00d2a8-59b9-ad9e-caa1-a0c9e3156db1" testName="ToGetAll_Passing_Claims_Returns_Claim_Value_Int_List" computerName="PC-SFERRARI" duration="00:00:00.0118276" startTime="2020-08-13T12:44:50.6437958+01:00" endTime="2020-08-13T12:44:50.6557411+01:00" testType="13cdc9d9-ddb5-4fa4-a97d-d965ccfc6d4b" outcome="Passed" testListId="8c84fa94-04c1-424b-9868-57a2d4851a1d" relativeResultsDirectory="596c5bf4-25e8-40e3-8b6f-c752e57359ab" />
    <UnitTestResult executionId="756c27f7-6e2d-4971-ab3d-d8dc06ac2498" testId="1a919c7e-4e1e-08f8-d5ef-a9418bde23f0" testName="ToEnvironment_Passing_NotFound_Service_Returns_ApplicationException" computerName="PC-SFERRARI" duration="00:00:00.0007542" startTime="2020-08-13T12:44:50.7952736+01:00" endTime="2020-08-13T12:44:50.7962034+01:00" testType="13cdc9d9-ddb5-4fa4-a97d-d965ccfc6d4b" outcome="Passed" testListId="8c84fa94-04c1-424b-9868-57a2d4851a1d" relativeResultsDirectory="756c27f7-6e2d-4971-ab3d-d8dc06ac2498" />
    <UnitTestResult executionId="c3cba8ab-21d0-44f1-835d-434299c96f22" testId="4d9bde6c-668c-a1d3-dc60-edcfc6a4082c" testName="IsLess_Passing_InvalidArguments_Returns_HasErrorsAndCount" computerName="PC-SFERRARI" duration="00:00:00.0013891" startTime="2020-08-13T12:44:50.5439150+01:00" endTime="2020-08-13T12:44:50.5454059+01:00" testType="13cdc9d9-ddb5-4fa4-a97d-d965ccfc6d4b" outcome="Passed" testListId="8c84fa94-04c1-424b-9868-57a2d4851a1d" relativeResultsDirectory="c3cba8ab-21d0-44f1-835d-434299c96f22" />
    <UnitTestResult executionId="d872807b-372e-4a76-8e24-810c4b64ffc7" testId="18040ed3-941e-dd1e-cb8c-4d34d103f370" testName="ToIsWeekend_Passing_Saturday_DateTime_Returns_True" computerName="PC-SFERRARI" duration="00:00:00.0001403" startTime="2020-08-13T12:44:50.9331683+01:00" endTime="2020-08-13T12:44:50.9333843+01:00" testType="13cdc9d9-ddb5-4fa4-a97d-d965ccfc6d4b" outcome="Passed" testListId="8c84fa94-04c1-424b-9868-57a2d4851a1d" relativeResultsDirectory="d872807b-372e-4a76-8e24-810c4b64ffc7" />
    <UnitTestResult executionId="cdb36646-424b-4e81-b16c-8b6918cf49e8" testId="ab274dac-b194-4e0f-6fab-a20667b535a8" testName="ToMapMerge_Passing_Destination_Object_Returns_Merged_Destination_Object" computerName="PC-SFERRARI" duration="00:00:00.0141583" startTime="2020-08-13T12:44:50.1271142+01:00" endTime="2020-08-13T12:44:50.1414108+01:00" testType="13cdc9d9-ddb5-4fa4-a97d-d965ccfc6d4b" outcome="Passed" testListId="8c84fa94-04c1-424b-9868-57a2d4851a1d" relativeResultsDirectory="cdb36646-424b-4e81-b16c-8b6918cf49e8" />
    <UnitTestResult executionId="24d236ff-9e2e-4132-a0ba-820dedd52f94" testId="bd43e66e-fbae-26eb-a9a1-c58a6bf5d7af" testName="ToHashAlgorithmName_Passing_InvalidValueLowerCaseString_Returns_Null" computerName="PC-SFERRARI" duration="00:00:00.0002070" startTime="2020-08-13T12:44:52.1757364+01:00" endTime="2020-08-13T12:44:52.1760415+01:00" testType="13cdc9d9-ddb5-4fa4-a97d-d965ccfc6d4b" outcome="Passed" testListId="8c84fa94-04c1-424b-9868-57a2d4851a1d" relativeResultsDirectory="24d236ff-9e2e-4132-a0ba-820dedd52f94" resultType="DataDrivenTest">
      <InnerResults>
        <UnitTestResult executionId="3fc5b120-0153-47eb-8a5c-3325ed5444fc" parentExecutionId="24d236ff-9e2e-4132-a0ba-820dedd52f94" testId="bd43e66e-fbae-26eb-a9a1-c58a6bf5d7af" testName="ToHashAlgorithmName_Passing_InvalidValueLowerCaseString_Returns_Null (md5)" computerName="PC-SFERRARI" duration="00:00:00.0001641" startTime="2020-08-13T12:44:52.1757364+01:00" endTime="2020-08-13T12:44:52.1760415+01:00" testType="13cdc9d9-ddb5-4fa4-a97d-d965ccfc6d4b" outcome="Passed" testListId="8c84fa94-04c1-424b-9868-57a2d4851a1d" relativeResultsDirectory="3fc5b120-0153-47eb-8a5c-3325ed5444fc" dataRowInfo="1" resultType="DataDrivenDataRow" />
      </InnerResults>
    </UnitTestResult>
    <UnitTestResult executionId="39aee00a-31a1-42d9-bab6-70ecc3f0787e" testId="1340b308-d9eb-a26e-e042-04d6c1d9a958" testName="ToHasErrors_Passing_InvalidValue_Returns_ApplicationExceptionWithMessage" computerName="PC-SFERRARI" duration="00:00:00.0008302" startTime="2020-08-13T12:44:50.5078831+01:00" endTime="2020-08-13T12:44:50.5089550+01:00" testType="13cdc9d9-ddb5-4fa4-a97d-d965ccfc6d4b" outcome="Passed" testListId="8c84fa94-04c1-424b-9868-57a2d4851a1d" relativeResultsDirectory="39aee00a-31a1-42d9-bab6-70ecc3f0787e" />
    <UnitTestResult executionId="b9ed1ddf-c856-4d47-8613-a49d7f0f70eb" testId="f752d50b-77fa-327a-4493-168161bd27b2" testName="ToDefaultValue_Passing_double_Returns_Cero" computerName="PC-SFERRARI" duration="00:00:00.0004283" startTime="2020-08-13T12:44:50.9975037+01:00" endTime="2020-08-13T12:44:50.9979984+01:00" testType="13cdc9d9-ddb5-4fa4-a97d-d965ccfc6d4b" outcome="Passed" testListId="8c84fa94-04c1-424b-9868-57a2d4851a1d" relativeResultsDirectory="b9ed1ddf-c856-4d47-8613-a49d7f0f70eb" resultType="DataDrivenTest">
      <InnerResults>
        <UnitTestResult executionId="1179bf2d-fc1c-49ca-b98c-6050ebf065ee" parentExecutionId="b9ed1ddf-c856-4d47-8613-a49d7f0f70eb" testId="f752d50b-77fa-327a-4493-168161bd27b2" testName="ToDefaultValue_Passing_double_Returns_Cero (1,7976931348623157E+308)" computerName="PC-SFERRARI" duration="00:00:00.0002559" startTime="2020-08-13T12:44:50.9975037+01:00" endTime="2020-08-13T12:44:50.9979984+01:00" testType="13cdc9d9-ddb5-4fa4-a97d-d965ccfc6d4b" outcome="Passed" testListId="8c84fa94-04c1-424b-9868-57a2d4851a1d" relativeResultsDirectory="1179bf2d-fc1c-49ca-b98c-6050ebf065ee" dataRowInfo="1" resultType="DataDrivenDataRow" />
      </InnerResults>
    </UnitTestResult>
    <UnitTestResult executionId="19260507-4f95-4189-992f-85b38bc436e5" testId="19f76070-822e-31f8-2a9f-a96f774333a7" testName="ToInt_Passing_InvalidValueString_Returns_DefaultValue" computerName="PC-SFERRARI" duration="00:00:00.0417046" startTime="2020-08-13T12:44:52.1830699+01:00" endTime="2020-08-13T12:44:52.2248695+01:00" testType="13cdc9d9-ddb5-4fa4-a97d-d965ccfc6d4b" outcome="Passed" testListId="8c84fa94-04c1-424b-9868-57a2d4851a1d" relativeResultsDirectory="19260507-4f95-4189-992f-85b38bc436e5" resultType="DataDrivenTest">
      <InnerResults>
        <UnitTestResult executionId="0c8036af-0140-498f-b699-15e51d437e76" parentExecutionId="19260507-4f95-4189-992f-85b38bc436e5" testId="19f76070-822e-31f8-2a9f-a96f774333a7" testName="ToInt_Passing_InvalidValueString_Returns_DefaultValue (1.3333)" computerName="PC-SFERRARI" duration="00:00:00.0415721" startTime="2020-08-13T12:44:52.1830699+01:00" endTime="2020-08-13T12:44:52.2248695+01:00" testType="13cdc9d9-ddb5-4fa4-a97d-d965ccfc6d4b" outcome="Passed" testListId="8c84fa94-04c1-424b-9868-57a2d4851a1d" relativeResultsDirectory="0c8036af-0140-498f-b699-15e51d437e76" dataRowInfo="1" resultType="DataDrivenDataRow" />
        <UnitTestResult executionId="58c688f2-b106-4706-b74e-332f83f68958" parentExecutionId="19260507-4f95-4189-992f-85b38bc436e5" testId="19f76070-822e-31f8-2a9f-a96f774333a7" testName="ToInt_Passing_InvalidValueString_Returns_DefaultValue (1,3333)" computerName="PC-SFERRARI" duration="00:00:00.0000115" startTime="2020-08-13T12:44:52.1830699+01:00" endTime="2020-08-13T12:44:52.2248695+01:00" testType="13cdc9d9-ddb5-4fa4-a97d-d965ccfc6d4b" outcome="Passed" testListId="8c84fa94-04c1-424b-9868-57a2d4851a1d" relativeResultsDirectory="58c688f2-b106-4706-b74e-332f83f68958" dataRowInfo="2" resultType="DataDrivenDataRow" />
        <UnitTestResult executionId="c17cc5aa-f950-4cdd-aab6-1f6f340f04cb" parentExecutionId="19260507-4f95-4189-992f-85b38bc436e5" testId="19f76070-822e-31f8-2a9f-a96f774333a7" testName="ToInt_Passing_InvalidValueString_Returns_DefaultValue (1.333,39)" computerName="PC-SFERRARI" duration="00:00:00.0000028" startTime="2020-08-13T12:44:52.1830699+01:00" endTime="2020-08-13T12:44:52.2248695+01:00" testType="13cdc9d9-ddb5-4fa4-a97d-d965ccfc6d4b" outcome="Passed" testListId="8c84fa94-04c1-424b-9868-57a2d4851a1d" relativeResultsDirectory="c17cc5aa-f950-4cdd-aab6-1f6f340f04cb" dataRowInfo="3" resultType="DataDrivenDataRow" />
        <UnitTestResult executionId="58622d19-9a12-4213-aab3-9f5d04905c63" parentExecutionId="19260507-4f95-4189-992f-85b38bc436e5" testId="19f76070-822e-31f8-2a9f-a96f774333a7" testName="ToInt_Passing_InvalidValueString_Returns_DefaultValue (999999439293294392492349329493294)" computerName="PC-SFERRARI" duration="00:00:00.0000026" startTime="2020-08-13T12:44:52.1830699+01:00" endTime="2020-08-13T12:44:52.2248695+01:00" testType="13cdc9d9-ddb5-4fa4-a97d-d965ccfc6d4b" outcome="Passed" testListId="8c84fa94-04c1-424b-9868-57a2d4851a1d" relativeResultsDirectory="58622d19-9a12-4213-aab3-9f5d04905c63" dataRowInfo="4" resultType="DataDrivenDataRow" />
        <UnitTestResult executionId="54793111-305b-4ce6-808a-a09a3436bfff" parentExecutionId="19260507-4f95-4189-992f-85b38bc436e5" testId="19f76070-822e-31f8-2a9f-a96f774333a7" testName="ToInt_Passing_InvalidValueString_Returns_DefaultValue (asdasdasdasd234324)" computerName="PC-SFERRARI" duration="00:00:00.0000023" startTime="2020-08-13T12:44:52.1830699+01:00" endTime="2020-08-13T12:44:52.2248695+01:00" testType="13cdc9d9-ddb5-4fa4-a97d-d965ccfc6d4b" outcome="Passed" testListId="8c84fa94-04c1-424b-9868-57a2d4851a1d" relativeResultsDirectory="54793111-305b-4ce6-808a-a09a3436bfff" dataRowInfo="5" resultType="DataDrivenDataRow" />
      </InnerResults>
    </UnitTestResult>
    <UnitTestResult executionId="7b895a48-3b6e-4ae7-83ce-af6d9d786871" testId="17a38df3-33e0-71ac-f8cb-dcdd3ade7269" testName="ToDefaultValue_Passing_char_Returns_Cero" computerName="PC-SFERRARI" duration="00:00:00.0002966" startTime="2020-08-13T12:44:50.9967053+01:00" endTime="2020-08-13T12:44:50.9970700+01:00" testType="13cdc9d9-ddb5-4fa4-a97d-d965ccfc6d4b" outcome="Passed" testListId="8c84fa94-04c1-424b-9868-57a2d4851a1d" relativeResultsDirectory="7b895a48-3b6e-4ae7-83ce-af6d9d786871" resultType="DataDrivenTest">
      <InnerResults>
        <UnitTestResult executionId="ee91ee6d-f05d-45ee-8efb-305cb7a47800" parentExecutionId="7b895a48-3b6e-4ae7-83ce-af6d9d786871" testId="17a38df3-33e0-71ac-f8cb-dcdd3ade7269" testName="ToDefaultValue_Passing_char_Returns_Cero (*)" computerName="PC-SFERRARI" duration="00:00:00.0002579" startTime="2020-08-13T12:44:50.9967053+01:00" endTime="2020-08-13T12:44:50.9970700+01:00" testType="13cdc9d9-ddb5-4fa4-a97d-d965ccfc6d4b" outcome="Passed" testListId="8c84fa94-04c1-424b-9868-57a2d4851a1d" relativeResultsDirectory="ee91ee6d-f05d-45ee-8efb-305cb7a47800" dataRowInfo="1" resultType="DataDrivenDataRow" />
      </InnerResults>
    </UnitTestResult>
    <UnitTestResult executionId="d1ae23dd-c3e7-4c8e-97e2-380e8a48f4e5" testId="4a2e80a7-472b-b7f7-ba61-ac77aed5735d" testName="ToHeader_Passing_HttpRequest_Header_Value_Returns_Value" computerName="PC-SFERRARI" duration="00:00:00.0007265" startTime="2020-08-13T12:44:51.3258513+01:00" endTime="2020-08-13T12:44:51.3267142+01:00" testType="13cdc9d9-ddb5-4fa4-a97d-d965ccfc6d4b" outcome="Passed" testListId="8c84fa94-04c1-424b-9868-57a2d4851a1d" relativeResultsDirectory="d1ae23dd-c3e7-4c8e-97e2-380e8a48f4e5" />
    <UnitTestResult executionId="95aa9e84-c673-4d75-b361-53afd89ded2d" testId="04cb4b72-edc8-fe06-49e1-217ed503eff8" testName="ToDirectoryFindFilePath_Passing_ValidValue_Returns_FilePath" computerName="PC-SFERRARI" duration="00:00:00.0017330" startTime="2020-08-13T12:44:52.0879285+01:00" endTime="2020-08-13T12:44:52.0898063+01:00" testType="13cdc9d9-ddb5-4fa4-a97d-d965ccfc6d4b" outcome="Passed" testListId="8c84fa94-04c1-424b-9868-57a2d4851a1d" relativeResultsDirectory="95aa9e84-c673-4d75-b361-53afd89ded2d" />
    <UnitTestResult executionId="00ba758f-636c-4a62-936a-7878379de5e0" testId="d7c20db6-f712-8539-ac01-01e8f4033fac" testName="IsFile_Passing_InvalidArguments_Returns_HasErrorsAndCount" computerName="PC-SFERRARI" duration="00:00:00.0052200" startTime="2020-08-13T12:44:50.5340164+01:00" endTime="2020-08-13T12:44:50.5393332+01:00" testType="13cdc9d9-ddb5-4fa4-a97d-d965ccfc6d4b" outcome="Passed" testListId="8c84fa94-04c1-424b-9868-57a2d4851a1d" relativeResultsDirectory="00ba758f-636c-4a62-936a-7878379de5e0" />
    <UnitTestResult executionId="182949a9-f047-43cb-bc97-9e8c1b808268" testId="e8138724-52f6-6999-ada4-cbc441f2cd15" testName="ToEmailMaskUserNameAndDomain_Passing_ValidEmail_Returns_EmailWithMask" computerName="PC-SFERRARI" duration="00:00:00.0003075" startTime="2020-08-13T12:44:52.1371912+01:00" endTime="2020-08-13T12:44:52.1376182+01:00" testType="13cdc9d9-ddb5-4fa4-a97d-d965ccfc6d4b" outcome="Passed" testListId="8c84fa94-04c1-424b-9868-57a2d4851a1d" relativeResultsDirectory="182949a9-f047-43cb-bc97-9e8c1b808268" resultType="DataDrivenTest">
      <InnerResults>
        <UnitTestResult executionId="113db020-1e01-4987-aa68-c22429e69356" parentExecutionId="182949a9-f047-43cb-bc97-9e8c1b808268" testId="e8138724-52f6-6999-ada4-cbc441f2cd15" testName="ToEmailMaskUserNameAndDomain_Passing_ValidEmail_Returns_EmailWithMask (miemail@gmail.com,m*****l@g***l.com)" computerName="PC-SFERRARI" duration="00:00:00.0002659" startTime="2020-08-13T12:44:52.1371912+01:00" endTime="2020-08-13T12:44:52.1376182+01:00" testType="13cdc9d9-ddb5-4fa4-a97d-d965ccfc6d4b" outcome="Passed" testListId="8c84fa94-04c1-424b-9868-57a2d4851a1d" relativeResultsDirectory="113db020-1e01-4987-aa68-c22429e69356" dataRowInfo="1" resultType="DataDrivenDataRow" />
      </InnerResults>
    </UnitTestResult>
    <UnitTestResult executionId="99bc8c14-eabc-44e3-9389-cae3e09d31d0" testId="a1095294-226e-a0f0-0154-11290289c9db" testName="ToStringFormat_Passing_ValidValue_Returns_ValueWithoutRemovedChars" computerName="PC-SFERRARI" duration="00:00:00.0005050" startTime="2020-08-13T12:44:51.9092937+01:00" endTime="2020-08-13T12:44:51.9100625+01:00" testType="13cdc9d9-ddb5-4fa4-a97d-d965ccfc6d4b" outcome="Passed" testListId="8c84fa94-04c1-424b-9868-57a2d4851a1d" relativeResultsDirectory="99bc8c14-eabc-44e3-9389-cae3e09d31d0" resultType="DataDrivenTest">
      <InnerResults>
        <UnitTestResult executionId="7cec5831-12ac-4885-9a52-eda71cada48c" parentExecutionId="99bc8c14-eabc-44e3-9389-cae3e09d31d0" testId="a1095294-226e-a0f0-0154-11290289c9db" testName="ToStringFormat_Passing_ValidValue_Returns_ValueWithoutRemovedChars (0)" computerName="PC-SFERRARI" duration="00:00:00.0003946" startTime="2020-08-13T12:44:51.9092937+01:00" endTime="2020-08-13T12:44:51.9100625+01:00" testType="13cdc9d9-ddb5-4fa4-a97d-d965ccfc6d4b" outcome="Passed" testListId="8c84fa94-04c1-424b-9868-57a2d4851a1d" relativeResultsDirectory="7cec5831-12ac-4885-9a52-eda71cada48c" dataRowInfo="1" resultType="DataDrivenDataRow" />
        <UnitTestResult executionId="8b1e0c8a-01f2-442a-b1db-bc1164f58874" parentExecutionId="99bc8c14-eabc-44e3-9389-cae3e09d31d0" testId="a1095294-226e-a0f0-0154-11290289c9db" testName="ToStringFormat_Passing_ValidValue_Returns_ValueWithoutRemovedChars (1)" computerName="PC-SFERRARI" duration="00:00:00.0000077" startTime="2020-08-13T12:44:51.9092937+01:00" endTime="2020-08-13T12:44:51.9100625+01:00" testType="13cdc9d9-ddb5-4fa4-a97d-d965ccfc6d4b" outcome="Passed" testListId="8c84fa94-04c1-424b-9868-57a2d4851a1d" relativeResultsDirectory="8b1e0c8a-01f2-442a-b1db-bc1164f58874" dataRowInfo="2" resultType="DataDrivenDataRow" />
        <UnitTestResult executionId="f6f511a2-3028-452e-8187-5adb58f1f6b0" parentExecutionId="99bc8c14-eabc-44e3-9389-cae3e09d31d0" testId="a1095294-226e-a0f0-0154-11290289c9db" testName="ToStringFormat_Passing_ValidValue_Returns_ValueWithoutRemovedChars (-1)" computerName="PC-SFERRARI" duration="00:00:00.0000100" startTime="2020-08-13T12:44:51.9092937+01:00" endTime="2020-08-13T12:44:51.9100625+01:00" testType="13cdc9d9-ddb5-4fa4-a97d-d965ccfc6d4b" outcome="Passed" testListId="8c84fa94-04c1-424b-9868-57a2d4851a1d" relativeResultsDirectory="f6f511a2-3028-452e-8187-5adb58f1f6b0" dataRowInfo="3" resultType="DataDrivenDataRow" />
        <UnitTestResult executionId="ed9674a2-af07-4e68-94af-55dc546f3a09" parentExecutionId="99bc8c14-eabc-44e3-9389-cae3e09d31d0" testId="a1095294-226e-a0f0-0154-11290289c9db" testName="ToStringFormat_Passing_ValidValue_Returns_ValueWithoutRemovedChars (2147483647)" computerName="PC-SFERRARI" duration="00:00:00.0000028" startTime="2020-08-13T12:44:51.9092937+01:00" endTime="2020-08-13T12:44:51.9100625+01:00" testType="13cdc9d9-ddb5-4fa4-a97d-d965ccfc6d4b" outcome="Passed" testListId="8c84fa94-04c1-424b-9868-57a2d4851a1d" relativeResultsDirectory="ed9674a2-af07-4e68-94af-55dc546f3a09" dataRowInfo="4" resultType="DataDrivenDataRow" />
        <UnitTestResult executionId="d230c8cc-26ef-464c-ac1a-865b4caee7f2" parentExecutionId="99bc8c14-eabc-44e3-9389-cae3e09d31d0" testId="a1095294-226e-a0f0-0154-11290289c9db" testName="ToStringFormat_Passing_ValidValue_Returns_ValueWithoutRemovedChars (-2147483648)" computerName="PC-SFERRARI" duration="00:00:00.0000025" startTime="2020-08-13T12:44:51.9092937+01:00" endTime="2020-08-13T12:44:51.9100625+01:00" testType="13cdc9d9-ddb5-4fa4-a97d-d965ccfc6d4b" outcome="Passed" testListId="8c84fa94-04c1-424b-9868-57a2d4851a1d" relativeResultsDirectory="d230c8cc-26ef-464c-ac1a-865b4caee7f2" dataRowInfo="5" resultType="DataDrivenDataRow" />
      </InnerResults>
    </UnitTestResult>
    <UnitTestResult executionId="0527d208-1b51-46c2-841f-53bee718bec9" testId="78100b1f-11c5-b9a9-157c-80c938e7669a" testName="IsRegex_Passing_InvalidArguments_Returns_HasErrorsAndCount" computerName="PC-SFERRARI" duration="00:00:00.0012710" startTime="2020-08-13T12:44:50.5672661+01:00" endTime="2020-08-13T12:44:50.5686261+01:00" testType="13cdc9d9-ddb5-4fa4-a97d-d965ccfc6d4b" outcome="Passed" testListId="8c84fa94-04c1-424b-9868-57a2d4851a1d" relativeResultsDirectory="0527d208-1b51-46c2-841f-53bee718bec9" />
    <UnitTestResult executionId="43a6bf96-d116-4b14-8692-e9e29b09f174" testId="688a191d-5b56-481f-5739-c5e4f9181418" testName="ToThrowIfNotFoundDirectory_Passing_InvalidValue_Returns_ApplicationExceptionWithMessage" computerName="PC-SFERRARI" duration="00:00:00.0007093" startTime="2020-08-13T12:44:50.5102715+01:00" endTime="2020-08-13T12:44:50.5110584+01:00" testType="13cdc9d9-ddb5-4fa4-a97d-d965ccfc6d4b" outcome="Passed" testListId="8c84fa94-04c1-424b-9868-57a2d4851a1d" relativeResultsDirectory="43a6bf96-d116-4b14-8692-e9e29b09f174" />
    <UnitTestResult executionId="a73fd62e-a7bb-48ac-b62d-25bed54f80b0" testId="6fc389b2-a5f3-ded0-63b6-7e1b4cca8442" testName="ToPaged_Passing_Name_Ascending_Order_Returns_Filter_List" computerName="PC-SFERRARI" duration="00:00:00.0012573" startTime="2020-08-13T12:44:52.0569606+01:00" endTime="2020-08-13T12:44:52.0583048+01:00" testType="13cdc9d9-ddb5-4fa4-a97d-d965ccfc6d4b" outcome="Passed" testListId="8c84fa94-04c1-424b-9868-57a2d4851a1d" relativeResultsDirectory="a73fd62e-a7bb-48ac-b62d-25bed54f80b0" />
    <UnitTestResult executionId="383f898b-d6e5-41b4-8038-436149c54ec2" testId="4184a91b-5297-4872-2a98-1ef97e124515" testName="ToGetAll_Passing_Claims_Returns_Claim_Value_String_List" computerName="PC-SFERRARI" duration="00:00:00.0011717" startTime="2020-08-13T12:44:50.6830412+01:00" endTime="2020-08-13T12:44:50.6843363+01:00" testType="13cdc9d9-ddb5-4fa4-a97d-d965ccfc6d4b" outcome="Passed" testListId="8c84fa94-04c1-424b-9868-57a2d4851a1d" relativeResultsDirectory="383f898b-d6e5-41b4-8038-436149c54ec2" />
    <UnitTestResult executionId="897b445c-c8b6-4c2c-a42a-bed945ccbad5" testId="53cbdd8e-a1ef-5d22-8745-938609ed19c2" testName="ToConfigureOrDefault_Passing_DefaultValues_And_ActionCustomValues_Returns_DefaultValues_And_CustomValues" computerName="PC-SFERRARI" duration="00:00:00.0005623" startTime="2020-08-13T12:44:49.7462576+01:00" endTime="2020-08-13T12:44:49.7470566+01:00" testType="13cdc9d9-ddb5-4fa4-a97d-d965ccfc6d4b" outcome="Passed" testListId="8c84fa94-04c1-424b-9868-57a2d4851a1d" relativeResultsDirectory="897b445c-c8b6-4c2c-a42a-bed945ccbad5" />
    <UnitTestResult executionId="5f054e31-65b2-4b43-8acb-f5ed63cff7d4" testId="bf48e581-43e6-7660-c4f4-1b7deb1f0ed9" testName="ToConfiguration_Passing_Valid_DirectoryPath_Invalid_JsonFileName_Not_Optional_Returns_ApplicationException" computerName="PC-SFERRARI" duration="00:00:00.0041946" startTime="2020-08-13T12:44:50.7393291+01:00" endTime="2020-08-13T12:44:50.7436455+01:00" testType="13cdc9d9-ddb5-4fa4-a97d-d965ccfc6d4b" outcome="Passed" testListId="8c84fa94-04c1-424b-9868-57a2d4851a1d" relativeResultsDirectory="5f054e31-65b2-4b43-8acb-f5ed63cff7d4" />
    <UnitTestResult executionId="9acb5e7d-7905-42a8-88a8-334d1b1685fa" testId="1f173fff-9060-8c18-f825-225901225244" testName="ToStartOfWeek_Passing_DateTime_Returns_Start_Of_Week_DateTime" computerName="PC-SFERRARI" duration="00:00:00.0002773" startTime="2020-08-13T12:44:50.9346355+01:00" endTime="2020-08-13T12:44:50.9349948+01:00" testType="13cdc9d9-ddb5-4fa4-a97d-d965ccfc6d4b" outcome="Passed" testListId="8c84fa94-04c1-424b-9868-57a2d4851a1d" relativeResultsDirectory="9acb5e7d-7905-42a8-88a8-334d1b1685fa" />
    <UnitTestResult executionId="002a739f-d4ce-43c7-ad70-a7e2cf43f6bd" testId="e9d3a3d6-32e0-613e-b55e-48afdf1ab686" testName="ToWhere_Passing_Valid_Predicate_Returns_Filter_List" computerName="PC-SFERRARI" duration="00:00:00.0015348" startTime="2020-08-13T12:44:52.0611531+01:00" endTime="2020-08-13T12:44:52.0627830+01:00" testType="13cdc9d9-ddb5-4fa4-a97d-d965ccfc6d4b" outcome="Passed" testListId="8c84fa94-04c1-424b-9868-57a2d4851a1d" relativeResultsDirectory="002a739f-d4ce-43c7-ad70-a7e2cf43f6bd" />
    <UnitTestResult executionId="421598e4-931d-4886-b1b8-7e789ff510b2" testId="46cc46f0-c0e1-f3e6-2242-cdef90a4249a" testName="ToMapNew_Passing_TSource_And_TDestination_Returns_New_TDestination_Object" computerName="PC-SFERRARI" duration="00:00:00.0005187" startTime="2020-08-13T12:44:50.1479242+01:00" endTime="2020-08-13T12:44:50.1485592+01:00" testType="13cdc9d9-ddb5-4fa4-a97d-d965ccfc6d4b" outcome="Passed" testListId="8c84fa94-04c1-424b-9868-57a2d4851a1d" relativeResultsDirectory="421598e4-931d-4886-b1b8-7e789ff510b2" />
    <UnitTestResult executionId="ab0feeba-1752-48a3-92e7-c6bff19af9d5" testId="5517211d-203c-115f-7dc1-6f48da8ab75b" testName="ToFirstLetterUpper_Passing_ValidValue_Returns_StringWithFirstLetterUpper" computerName="PC-SFERRARI" duration="00:00:00.0002589" startTime="2020-08-13T12:44:52.1727170+01:00" endTime="2020-08-13T12:44:52.1731356+01:00" testType="13cdc9d9-ddb5-4fa4-a97d-d965ccfc6d4b" outcome="Passed" testListId="8c84fa94-04c1-424b-9868-57a2d4851a1d" relativeResultsDirectory="ab0feeba-1752-48a3-92e7-c6bff19af9d5" resultType="DataDrivenTest">
      <InnerResults>
        <UnitTestResult executionId="1e7ca081-31fc-45e3-a40f-9b6ded8b09a3" parentExecutionId="ab0feeba-1752-48a3-92e7-c6bff19af9d5" testId="5517211d-203c-115f-7dc1-6f48da8ab75b" testName="ToFirstLetterUpper_Passing_ValidValue_Returns_StringWithFirstLetterUpper (aaaaaa,Aaaaaa)" computerName="PC-SFERRARI" duration="00:00:00.0002056" startTime="2020-08-13T12:44:52.1727170+01:00" endTime="2020-08-13T12:44:52.1731356+01:00" testType="13cdc9d9-ddb5-4fa4-a97d-d965ccfc6d4b" outcome="Passed" testListId="8c84fa94-04c1-424b-9868-57a2d4851a1d" relativeResultsDirectory="1e7ca081-31fc-45e3-a40f-9b6ded8b09a3" dataRowInfo="1" resultType="DataDrivenDataRow" />
      </InnerResults>
    </UnitTestResult>
    <UnitTestResult executionId="50efccab-d2f2-4061-9d26-a3cdced60ad6" testId="bf8f6922-5666-8ec7-1500-aabd5997d6a4" testName="ToString_Passing_Valid_Collection_With_Custom_Separator_Returns_String_With_Custom_Separator" computerName="PC-SFERRARI" duration="00:00:00.0002202" startTime="2020-08-13T12:44:50.9484519+01:00" endTime="2020-08-13T12:44:50.9487550+01:00" testType="13cdc9d9-ddb5-4fa4-a97d-d965ccfc6d4b" outcome="Passed" testListId="8c84fa94-04c1-424b-9868-57a2d4851a1d" relativeResultsDirectory="50efccab-d2f2-4061-9d26-a3cdced60ad6" />
    <UnitTestResult executionId="39cbb101-bba6-4576-9ac1-a0e756941578" testId="320700ce-aa3b-5818-fb18-706cf7605472" testName="ToAttribute_Passing_Enumeration_Name_Returns_Atributte" computerName="PC-SFERRARI" duration="00:00:00.0018550" startTime="2020-08-13T12:44:50.9487727+01:00" endTime="2020-08-13T12:44:50.9508274+01:00" testType="13cdc9d9-ddb5-4fa4-a97d-d965ccfc6d4b" outcome="Passed" testListId="8c84fa94-04c1-424b-9868-57a2d4851a1d" relativeResultsDirectory="39cbb101-bba6-4576-9ac1-a0e756941578" />
    <UnitTestResult executionId="2a0a070e-4e1f-4b47-a530-cad24092cee4" testId="30809299-0e3e-4ac7-4a2a-6f8c296d2226" testName="ToUri_Passing_ValidValueString_Returns_Uri" computerName="PC-SFERRARI" duration="00:00:00.0013174" startTime="2020-08-13T12:44:52.2961415+01:00" endTime="2020-08-13T12:44:52.2977150+01:00" testType="13cdc9d9-ddb5-4fa4-a97d-d965ccfc6d4b" outcome="Passed" testListId="8c84fa94-04c1-424b-9868-57a2d4851a1d" relativeResultsDirectory="2a0a070e-4e1f-4b47-a530-cad24092cee4" resultType="DataDrivenTest">
      <InnerResults>
        <UnitTestResult executionId="d0618a40-6cad-4d18-8437-4ab28a91a866" parentExecutionId="2a0a070e-4e1f-4b47-a530-cad24092cee4" testId="30809299-0e3e-4ac7-4a2a-6f8c296d2226" testName="ToUri_Passing_ValidValueString_Returns_Uri (http://foo.com/blah_blah)" computerName="PC-SFERRARI" duration="00:00:00.0002378" startTime="2020-08-13T12:44:52.2961415+01:00" endTime="2020-08-13T12:44:52.2977150+01:00" testType="13cdc9d9-ddb5-4fa4-a97d-d965ccfc6d4b" outcome="Passed" testListId="8c84fa94-04c1-424b-9868-57a2d4851a1d" relativeResultsDirectory="d0618a40-6cad-4d18-8437-4ab28a91a866" dataRowInfo="1" resultType="DataDrivenDataRow" />
        <UnitTestResult executionId="2c7c79a5-13e1-4d5d-aa0b-bc5f4af67d8d" parentExecutionId="2a0a070e-4e1f-4b47-a530-cad24092cee4" testId="30809299-0e3e-4ac7-4a2a-6f8c296d2226" testName="ToUri_Passing_ValidValueString_Returns_Uri (http://foo.com/blah_blah/)" computerName="PC-SFERRARI" duration="00:00:00.0000053" startTime="2020-08-13T12:44:52.2961415+01:00" endTime="2020-08-13T12:44:52.2977150+01:00" testType="13cdc9d9-ddb5-4fa4-a97d-d965ccfc6d4b" outcome="Passed" testListId="8c84fa94-04c1-424b-9868-57a2d4851a1d" relativeResultsDirectory="2c7c79a5-13e1-4d5d-aa0b-bc5f4af67d8d" dataRowInfo="2" resultType="DataDrivenDataRow" />
        <UnitTestResult executionId="1022d0ea-4d6c-4594-a161-fd91cb5ff859" parentExecutionId="2a0a070e-4e1f-4b47-a530-cad24092cee4" testId="30809299-0e3e-4ac7-4a2a-6f8c296d2226" testName="ToUri_Passing_ValidValueString_Returns_Uri (http://foo.com/blah_blah/p=5)" computerName="PC-SFERRARI" duration="00:00:00.0000030" startTime="2020-08-13T12:44:52.2961415+01:00" endTime="2020-08-13T12:44:52.2977150+01:00" testType="13cdc9d9-ddb5-4fa4-a97d-d965ccfc6d4b" outcome="Passed" testListId="8c84fa94-04c1-424b-9868-57a2d4851a1d" relativeResultsDirectory="1022d0ea-4d6c-4594-a161-fd91cb5ff859" dataRowInfo="3" resultType="DataDrivenDataRow" />
        <UnitTestResult executionId="ce1baaa7-448f-40b7-a77a-84cf0578537a" parentExecutionId="2a0a070e-4e1f-4b47-a530-cad24092cee4" testId="30809299-0e3e-4ac7-4a2a-6f8c296d2226" testName="ToUri_Passing_ValidValueString_Returns_Uri (http://foo.com/blah_blah?p=5)" computerName="PC-SFERRARI" duration="00:00:00.0000028" startTime="2020-08-13T12:44:52.2961415+01:00" endTime="2020-08-13T12:44:52.2977150+01:00" testType="13cdc9d9-ddb5-4fa4-a97d-d965ccfc6d4b" outcome="Passed" testListId="8c84fa94-04c1-424b-9868-57a2d4851a1d" relativeResultsDirectory="ce1baaa7-448f-40b7-a77a-84cf0578537a" dataRowInfo="4" resultType="DataDrivenDataRow" />
        <UnitTestResult executionId="8fc351d8-68f5-4eb3-a95e-206886573b11" parentExecutionId="2a0a070e-4e1f-4b47-a530-cad24092cee4" testId="30809299-0e3e-4ac7-4a2a-6f8c296d2226" testName="ToUri_Passing_ValidValueString_Returns_Uri (http://foo.com/blah_blah?p=5&amp;j=fe)" computerName="PC-SFERRARI" duration="00:00:00.0000028" startTime="2020-08-13T12:44:52.2961415+01:00" endTime="2020-08-13T12:44:52.2977150+01:00" testType="13cdc9d9-ddb5-4fa4-a97d-d965ccfc6d4b" outcome="Passed" testListId="8c84fa94-04c1-424b-9868-57a2d4851a1d" relativeResultsDirectory="8fc351d8-68f5-4eb3-a95e-206886573b11" dataRowInfo="5" resultType="DataDrivenDataRow" />
        <UnitTestResult executionId="85cc340d-07f1-41f1-9393-d56793fc2dda" parentExecutionId="2a0a070e-4e1f-4b47-a530-cad24092cee4" testId="30809299-0e3e-4ac7-4a2a-6f8c296d2226" testName="ToUri_Passing_ValidValueString_Returns_Uri (https://foo.com/blah_blah)" computerName="PC-SFERRARI" duration="00:00:00.0000028" startTime="2020-08-13T12:44:52.2961415+01:00" endTime="2020-08-13T12:44:52.2977150+01:00" testType="13cdc9d9-ddb5-4fa4-a97d-d965ccfc6d4b" outcome="Passed" testListId="8c84fa94-04c1-424b-9868-57a2d4851a1d" relativeResultsDirectory="85cc340d-07f1-41f1-9393-d56793fc2dda" dataRowInfo="6" resultType="DataDrivenDataRow" />
        <UnitTestResult executionId="3a235414-c930-458b-a013-f7f751d9c5b4" parentExecutionId="2a0a070e-4e1f-4b47-a530-cad24092cee4" testId="30809299-0e3e-4ac7-4a2a-6f8c296d2226" testName="ToUri_Passing_ValidValueString_Returns_Uri (https://foo.com/blah_blah/)" computerName="PC-SFERRARI" duration="00:00:00.0000026" startTime="2020-08-13T12:44:52.2961415+01:00" endTime="2020-08-13T12:44:52.2977150+01:00" testType="13cdc9d9-ddb5-4fa4-a97d-d965ccfc6d4b" outcome="Passed" testListId="8c84fa94-04c1-424b-9868-57a2d4851a1d" relativeResultsDirectory="3a235414-c930-458b-a013-f7f751d9c5b4" dataRowInfo="7" resultType="DataDrivenDataRow" />
        <UnitTestResult executionId="26d9385f-86ca-4f88-a2b0-c6afe04d673f" parentExecutionId="2a0a070e-4e1f-4b47-a530-cad24092cee4" testId="30809299-0e3e-4ac7-4a2a-6f8c296d2226" testName="ToUri_Passing_ValidValueString_Returns_Uri (https://foo.com/blah_blah/p=5)" computerName="PC-SFERRARI" duration="00:00:00.0000027" startTime="2020-08-13T12:44:52.2961415+01:00" endTime="2020-08-13T12:44:52.2977150+01:00" testType="13cdc9d9-ddb5-4fa4-a97d-d965ccfc6d4b" outcome="Passed" testListId="8c84fa94-04c1-424b-9868-57a2d4851a1d" relativeResultsDirectory="26d9385f-86ca-4f88-a2b0-c6afe04d673f" dataRowInfo="8" resultType="DataDrivenDataRow" />
        <UnitTestResult executionId="f917e48b-25af-4834-9cd3-ab3a02162414" parentExecutionId="2a0a070e-4e1f-4b47-a530-cad24092cee4" testId="30809299-0e3e-4ac7-4a2a-6f8c296d2226" testName="ToUri_Passing_ValidValueString_Returns_Uri (https://foo.com/blah_blah?p=5)" computerName="PC-SFERRARI" duration="00:00:00.0000026" startTime="2020-08-13T12:44:52.2961415+01:00" endTime="2020-08-13T12:44:52.2977150+01:00" testType="13cdc9d9-ddb5-4fa4-a97d-d965ccfc6d4b" outcome="Passed" testListId="8c84fa94-04c1-424b-9868-57a2d4851a1d" relativeResultsDirectory="f917e48b-25af-4834-9cd3-ab3a02162414" dataRowInfo="9" resultType="DataDrivenDataRow" />
        <UnitTestResult executionId="acd8ca73-0c2f-42e4-acc8-29a3d018d835" parentExecutionId="2a0a070e-4e1f-4b47-a530-cad24092cee4" testId="30809299-0e3e-4ac7-4a2a-6f8c296d2226" testName="ToUri_Passing_ValidValueString_Returns_Uri (https://foo.com/blah_blah?p=5&amp;j=fe)" computerName="PC-SFERRARI" duration="00:00:00.0000027" startTime="2020-08-13T12:44:52.2961415+01:00" endTime="2020-08-13T12:44:52.2977150+01:00" testType="13cdc9d9-ddb5-4fa4-a97d-d965ccfc6d4b" outcome="Passed" testListId="8c84fa94-04c1-424b-9868-57a2d4851a1d" relativeResultsDirectory="acd8ca73-0c2f-42e4-acc8-29a3d018d835" dataRowInfo="10" resultType="DataDrivenDataRow" />
        <UnitTestResult executionId="5138b5a4-2c54-408f-b8dc-e2a3d07e0ee9" parentExecutionId="2a0a070e-4e1f-4b47-a530-cad24092cee4" testId="30809299-0e3e-4ac7-4a2a-6f8c296d2226" testName="ToUri_Passing_ValidValueString_Returns_Uri (//foo.com/blah_blah)" computerName="PC-SFERRARI" duration="00:00:00.0000023" startTime="2020-08-13T12:44:52.2961415+01:00" endTime="2020-08-13T12:44:52.2977150+01:00" testType="13cdc9d9-ddb5-4fa4-a97d-d965ccfc6d4b" outcome="Passed" testListId="8c84fa94-04c1-424b-9868-57a2d4851a1d" relativeResultsDirectory="5138b5a4-2c54-408f-b8dc-e2a3d07e0ee9" dataRowInfo="11" resultType="DataDrivenDataRow" />
        <UnitTestResult executionId="d04919f9-aa2b-4010-a06d-1bb1071946df" parentExecutionId="2a0a070e-4e1f-4b47-a530-cad24092cee4" testId="30809299-0e3e-4ac7-4a2a-6f8c296d2226" testName="ToUri_Passing_ValidValueString_Returns_Uri (//foo.com/blah_blah/)" computerName="PC-SFERRARI" duration="00:00:00.0000021" startTime="2020-08-13T12:44:52.2961415+01:00" endTime="2020-08-13T12:44:52.2977150+01:00" testType="13cdc9d9-ddb5-4fa4-a97d-d965ccfc6d4b" outcome="Passed" testListId="8c84fa94-04c1-424b-9868-57a2d4851a1d" relativeResultsDirectory="d04919f9-aa2b-4010-a06d-1bb1071946df" dataRowInfo="12" resultType="DataDrivenDataRow" />
        <UnitTestResult executionId="cfe87b35-9e66-41eb-82e3-38b6ec7969a9" parentExecutionId="2a0a070e-4e1f-4b47-a530-cad24092cee4" testId="30809299-0e3e-4ac7-4a2a-6f8c296d2226" testName="ToUri_Passing_ValidValueString_Returns_Uri (//foo.com/blah_blah/p=5)" computerName="PC-SFERRARI" duration="00:00:00.0000021" startTime="2020-08-13T12:44:52.2961415+01:00" endTime="2020-08-13T12:44:52.2977150+01:00" testType="13cdc9d9-ddb5-4fa4-a97d-d965ccfc6d4b" outcome="Passed" testListId="8c84fa94-04c1-424b-9868-57a2d4851a1d" relativeResultsDirectory="cfe87b35-9e66-41eb-82e3-38b6ec7969a9" dataRowInfo="13" resultType="DataDrivenDataRow" />
        <UnitTestResult executionId="84bc11ae-56b3-400a-8a43-e41228cc5c92" parentExecutionId="2a0a070e-4e1f-4b47-a530-cad24092cee4" testId="30809299-0e3e-4ac7-4a2a-6f8c296d2226" testName="ToUri_Passing_ValidValueString_Returns_Uri (//foo.com/blah_blah?p=5)" computerName="PC-SFERRARI" duration="00:00:00.0000058" startTime="2020-08-13T12:44:52.2961415+01:00" endTime="2020-08-13T12:44:52.2977150+01:00" testType="13cdc9d9-ddb5-4fa4-a97d-d965ccfc6d4b" outcome="Passed" testListId="8c84fa94-04c1-424b-9868-57a2d4851a1d" relativeResultsDirectory="84bc11ae-56b3-400a-8a43-e41228cc5c92" dataRowInfo="14" resultType="DataDrivenDataRow" />
        <UnitTestResult executionId="98cafe91-5c91-4e4d-9d71-82cd437fc625" parentExecutionId="2a0a070e-4e1f-4b47-a530-cad24092cee4" testId="30809299-0e3e-4ac7-4a2a-6f8c296d2226" testName="ToUri_Passing_ValidValueString_Returns_Uri (//foo.com/blah_blah?p=5&amp;j=fe)" computerName="PC-SFERRARI" duration="00:00:00.0000021" startTime="2020-08-13T12:44:52.2961415+01:00" endTime="2020-08-13T12:44:52.2977150+01:00" testType="13cdc9d9-ddb5-4fa4-a97d-d965ccfc6d4b" outcome="Passed" testListId="8c84fa94-04c1-424b-9868-57a2d4851a1d" relativeResultsDirectory="98cafe91-5c91-4e4d-9d71-82cd437fc625" dataRowInfo="15" resultType="DataDrivenDataRow" />
        <UnitTestResult executionId="6d169224-4ceb-4962-b32f-b4241a202925" parentExecutionId="2a0a070e-4e1f-4b47-a530-cad24092cee4" testId="30809299-0e3e-4ac7-4a2a-6f8c296d2226" testName="ToUri_Passing_ValidValueString_Returns_Uri (http://foo.com/blah_blah_(wikipedia))" computerName="PC-SFERRARI" duration="00:00:00.0000033" startTime="2020-08-13T12:44:52.2961415+01:00" endTime="2020-08-13T12:44:52.2977150+01:00" testType="13cdc9d9-ddb5-4fa4-a97d-d965ccfc6d4b" outcome="Passed" testListId="8c84fa94-04c1-424b-9868-57a2d4851a1d" relativeResultsDirectory="6d169224-4ceb-4962-b32f-b4241a202925" dataRowInfo="16" resultType="DataDrivenDataRow" />
        <UnitTestResult executionId="7ee2d075-74d5-4047-a7f7-6f2d17e000a7" parentExecutionId="2a0a070e-4e1f-4b47-a530-cad24092cee4" testId="30809299-0e3e-4ac7-4a2a-6f8c296d2226" testName="ToUri_Passing_ValidValueString_Returns_Uri (http://foo.com/blah_blah_(wikipedia)_(again))" computerName="PC-SFERRARI" duration="00:00:00.0000028" startTime="2020-08-13T12:44:52.2961415+01:00" endTime="2020-08-13T12:44:52.2977150+01:00" testType="13cdc9d9-ddb5-4fa4-a97d-d965ccfc6d4b" outcome="Passed" testListId="8c84fa94-04c1-424b-9868-57a2d4851a1d" relativeResultsDirectory="7ee2d075-74d5-4047-a7f7-6f2d17e000a7" dataRowInfo="17" resultType="DataDrivenDataRow" />
        <UnitTestResult executionId="714a505e-1a57-4210-821f-70f40b15791d" parentExecutionId="2a0a070e-4e1f-4b47-a530-cad24092cee4" testId="30809299-0e3e-4ac7-4a2a-6f8c296d2226" testName="ToUri_Passing_ValidValueString_Returns_Uri (http://www.example.com/wpstyle/?p=364)" computerName="PC-SFERRARI" duration="00:00:00.0000029" startTime="2020-08-13T12:44:52.2961415+01:00" endTime="2020-08-13T12:44:52.2977150+01:00" testType="13cdc9d9-ddb5-4fa4-a97d-d965ccfc6d4b" outcome="Passed" testListId="8c84fa94-04c1-424b-9868-57a2d4851a1d" relativeResultsDirectory="714a505e-1a57-4210-821f-70f40b15791d" dataRowInfo="18" resultType="DataDrivenDataRow" />
        <UnitTestResult executionId="00360688-3100-4fd3-ba10-c822eac6311b" parentExecutionId="2a0a070e-4e1f-4b47-a530-cad24092cee4" testId="30809299-0e3e-4ac7-4a2a-6f8c296d2226" testName="ToUri_Passing_ValidValueString_Returns_Uri (https://www.example.com/foo/?bar=baz&amp;inga=42&amp;quux)" computerName="PC-SFERRARI" duration="00:00:00.0000035" startTime="2020-08-13T12:44:52.2961415+01:00" endTime="2020-08-13T12:44:52.2977150+01:00" testType="13cdc9d9-ddb5-4fa4-a97d-d965ccfc6d4b" outcome="Passed" testListId="8c84fa94-04c1-424b-9868-57a2d4851a1d" relativeResultsDirectory="00360688-3100-4fd3-ba10-c822eac6311b" dataRowInfo="19" resultType="DataDrivenDataRow" />
        <UnitTestResult executionId="efe78f36-ebf6-48fa-ad2b-08ccae6f1728" parentExecutionId="2a0a070e-4e1f-4b47-a530-cad24092cee4" testId="30809299-0e3e-4ac7-4a2a-6f8c296d2226" testName="ToUri_Passing_ValidValueString_Returns_Uri (http://✪df.ws/123)" computerName="PC-SFERRARI" duration="00:00:00.0003057" startTime="2020-08-13T12:44:52.2961415+01:00" endTime="2020-08-13T12:44:52.2977150+01:00" testType="13cdc9d9-ddb5-4fa4-a97d-d965ccfc6d4b" outcome="Passed" testListId="8c84fa94-04c1-424b-9868-57a2d4851a1d" relativeResultsDirectory="efe78f36-ebf6-48fa-ad2b-08ccae6f1728" dataRowInfo="20" resultType="DataDrivenDataRow" />
        <UnitTestResult executionId="326c2227-7c7b-41dc-9e8e-aba841346d76" parentExecutionId="2a0a070e-4e1f-4b47-a530-cad24092cee4" testId="30809299-0e3e-4ac7-4a2a-6f8c296d2226" testName="ToUri_Passing_ValidValueString_Returns_Uri (http://userid:password@example.com:8080)" computerName="PC-SFERRARI" duration="00:00:00.0000153" startTime="2020-08-13T12:44:52.2961415+01:00" endTime="2020-08-13T12:44:52.2977150+01:00" testType="13cdc9d9-ddb5-4fa4-a97d-d965ccfc6d4b" outcome="Passed" testListId="8c84fa94-04c1-424b-9868-57a2d4851a1d" relativeResultsDirectory="326c2227-7c7b-41dc-9e8e-aba841346d76" dataRowInfo="21" resultType="DataDrivenDataRow" />
        <UnitTestResult executionId="2c186efd-4a08-4701-88a5-e6efd3f4e3fd" parentExecutionId="2a0a070e-4e1f-4b47-a530-cad24092cee4" testId="30809299-0e3e-4ac7-4a2a-6f8c296d2226" testName="ToUri_Passing_ValidValueString_Returns_Uri (http://userid:password@example.com:8080/)" computerName="PC-SFERRARI" duration="00:00:00.0000036" startTime="2020-08-13T12:44:52.2961415+01:00" endTime="2020-08-13T12:44:52.2977150+01:00" testType="13cdc9d9-ddb5-4fa4-a97d-d965ccfc6d4b" outcome="Passed" testListId="8c84fa94-04c1-424b-9868-57a2d4851a1d" relativeResultsDirectory="2c186efd-4a08-4701-88a5-e6efd3f4e3fd" dataRowInfo="22" resultType="DataDrivenDataRow" />
        <UnitTestResult executionId="46892d03-0556-478b-a4ab-9514c80a095c" parentExecutionId="2a0a070e-4e1f-4b47-a530-cad24092cee4" testId="30809299-0e3e-4ac7-4a2a-6f8c296d2226" testName="ToUri_Passing_ValidValueString_Returns_Uri (http://userid@example.com)" computerName="PC-SFERRARI" duration="00:00:00.0000030" startTime="2020-08-13T12:44:52.2961415+01:00" endTime="2020-08-13T12:44:52.2977150+01:00" testType="13cdc9d9-ddb5-4fa4-a97d-d965ccfc6d4b" outcome="Passed" testListId="8c84fa94-04c1-424b-9868-57a2d4851a1d" relativeResultsDirectory="46892d03-0556-478b-a4ab-9514c80a095c" dataRowInfo="23" resultType="DataDrivenDataRow" />
        <UnitTestResult executionId="981ab49a-611c-4473-ac52-0a46824dff47" parentExecutionId="2a0a070e-4e1f-4b47-a530-cad24092cee4" testId="30809299-0e3e-4ac7-4a2a-6f8c296d2226" testName="ToUri_Passing_ValidValueString_Returns_Uri (http://userid@example.com/)" computerName="PC-SFERRARI" duration="00:00:00.0000029" startTime="2020-08-13T12:44:52.2961415+01:00" endTime="2020-08-13T12:44:52.2977150+01:00" testType="13cdc9d9-ddb5-4fa4-a97d-d965ccfc6d4b" outcome="Passed" testListId="8c84fa94-04c1-424b-9868-57a2d4851a1d" relativeResultsDirectory="981ab49a-611c-4473-ac52-0a46824dff47" dataRowInfo="24" resultType="DataDrivenDataRow" />
        <UnitTestResult executionId="2ef38ab9-7309-4b14-afb4-12dc6541009b" parentExecutionId="2a0a070e-4e1f-4b47-a530-cad24092cee4" testId="30809299-0e3e-4ac7-4a2a-6f8c296d2226" testName="ToUri_Passing_ValidValueString_Returns_Uri (http://userid@example.com:8080)" computerName="PC-SFERRARI" duration="00:00:00.0000028" startTime="2020-08-13T12:44:52.2961415+01:00" endTime="2020-08-13T12:44:52.2977150+01:00" testType="13cdc9d9-ddb5-4fa4-a97d-d965ccfc6d4b" outcome="Passed" testListId="8c84fa94-04c1-424b-9868-57a2d4851a1d" relativeResultsDirectory="2ef38ab9-7309-4b14-afb4-12dc6541009b" dataRowInfo="25" resultType="DataDrivenDataRow" />
        <UnitTestResult executionId="035e9e88-940b-4353-97e0-226bb395f509" parentExecutionId="2a0a070e-4e1f-4b47-a530-cad24092cee4" testId="30809299-0e3e-4ac7-4a2a-6f8c296d2226" testName="ToUri_Passing_ValidValueString_Returns_Uri (http://userid@example.com:8080/)" computerName="PC-SFERRARI" duration="00:00:00.0000028" startTime="2020-08-13T12:44:52.2961415+01:00" endTime="2020-08-13T12:44:52.2977150+01:00" testType="13cdc9d9-ddb5-4fa4-a97d-d965ccfc6d4b" outcome="Passed" testListId="8c84fa94-04c1-424b-9868-57a2d4851a1d" relativeResultsDirectory="035e9e88-940b-4353-97e0-226bb395f509" dataRowInfo="26" resultType="DataDrivenDataRow" />
        <UnitTestResult executionId="fad11460-153f-49d1-b5d5-aded35442e4d" parentExecutionId="2a0a070e-4e1f-4b47-a530-cad24092cee4" testId="30809299-0e3e-4ac7-4a2a-6f8c296d2226" testName="ToUri_Passing_ValidValueString_Returns_Uri (http://userid:password@example.com)" computerName="PC-SFERRARI" duration="00:00:00.0000029" startTime="2020-08-13T12:44:52.2961415+01:00" endTime="2020-08-13T12:44:52.2977150+01:00" testType="13cdc9d9-ddb5-4fa4-a97d-d965ccfc6d4b" outcome="Passed" testListId="8c84fa94-04c1-424b-9868-57a2d4851a1d" relativeResultsDirectory="fad11460-153f-49d1-b5d5-aded35442e4d" dataRowInfo="27" resultType="DataDrivenDataRow" />
        <UnitTestResult executionId="8eebd363-7f93-431c-9f27-2dbbbee15a36" parentExecutionId="2a0a070e-4e1f-4b47-a530-cad24092cee4" testId="30809299-0e3e-4ac7-4a2a-6f8c296d2226" testName="ToUri_Passing_ValidValueString_Returns_Uri (http://userid:password@example.com/)" computerName="PC-SFERRARI" duration="00:00:00.0000028" startTime="2020-08-13T12:44:52.2961415+01:00" endTime="2020-08-13T12:44:52.2977150+01:00" testType="13cdc9d9-ddb5-4fa4-a97d-d965ccfc6d4b" outcome="Passed" testListId="8c84fa94-04c1-424b-9868-57a2d4851a1d" relativeResultsDirectory="8eebd363-7f93-431c-9f27-2dbbbee15a36" dataRowInfo="28" resultType="DataDrivenDataRow" />
        <UnitTestResult executionId="19a04585-1b56-452c-b333-2b92e104c532" parentExecutionId="2a0a070e-4e1f-4b47-a530-cad24092cee4" testId="30809299-0e3e-4ac7-4a2a-6f8c296d2226" testName="ToUri_Passing_ValidValueString_Returns_Uri (http://142.42.1.1/)" computerName="PC-SFERRARI" duration="00:00:00.0000037" startTime="2020-08-13T12:44:52.2961415+01:00" endTime="2020-08-13T12:44:52.2977150+01:00" testType="13cdc9d9-ddb5-4fa4-a97d-d965ccfc6d4b" outcome="Passed" testListId="8c84fa94-04c1-424b-9868-57a2d4851a1d" relativeResultsDirectory="19a04585-1b56-452c-b333-2b92e104c532" dataRowInfo="29" resultType="DataDrivenDataRow" />
        <UnitTestResult executionId="a1ac3f48-a4b4-4408-acdf-7c26ad48f2e4" parentExecutionId="2a0a070e-4e1f-4b47-a530-cad24092cee4" testId="30809299-0e3e-4ac7-4a2a-6f8c296d2226" testName="ToUri_Passing_ValidValueString_Returns_Uri (http://142.42.1.1:8080/)" computerName="PC-SFERRARI" duration="00:00:00.0000029" startTime="2020-08-13T12:44:52.2961415+01:00" endTime="2020-08-13T12:44:52.2977150+01:00" testType="13cdc9d9-ddb5-4fa4-a97d-d965ccfc6d4b" outcome="Passed" testListId="8c84fa94-04c1-424b-9868-57a2d4851a1d" relativeResultsDirectory="a1ac3f48-a4b4-4408-acdf-7c26ad48f2e4" dataRowInfo="30" resultType="DataDrivenDataRow" />
        <UnitTestResult executionId="a762b292-c20a-43f9-b525-ce3b0b770d6f" parentExecutionId="2a0a070e-4e1f-4b47-a530-cad24092cee4" testId="30809299-0e3e-4ac7-4a2a-6f8c296d2226" testName="ToUri_Passing_ValidValueString_Returns_Uri (http://➡.ws/䨹)" computerName="PC-SFERRARI" duration="00:00:00.0000366" startTime="2020-08-13T12:44:52.2961415+01:00" endTime="2020-08-13T12:44:52.2977150+01:00" testType="13cdc9d9-ddb5-4fa4-a97d-d965ccfc6d4b" outcome="Passed" testListId="8c84fa94-04c1-424b-9868-57a2d4851a1d" relativeResultsDirectory="a762b292-c20a-43f9-b525-ce3b0b770d6f" dataRowInfo="31" resultType="DataDrivenDataRow" />
        <UnitTestResult executionId="0d7f56a5-9e1a-4e4b-a8a1-c4e4465b2de0" parentExecutionId="2a0a070e-4e1f-4b47-a530-cad24092cee4" testId="30809299-0e3e-4ac7-4a2a-6f8c296d2226" testName="ToUri_Passing_ValidValueString_Returns_Uri (http://⌘.ws)" computerName="PC-SFERRARI" duration="00:00:00.0000106" startTime="2020-08-13T12:44:52.2961415+01:00" endTime="2020-08-13T12:44:52.2977150+01:00" testType="13cdc9d9-ddb5-4fa4-a97d-d965ccfc6d4b" outcome="Passed" testListId="8c84fa94-04c1-424b-9868-57a2d4851a1d" relativeResultsDirectory="0d7f56a5-9e1a-4e4b-a8a1-c4e4465b2de0" dataRowInfo="32" resultType="DataDrivenDataRow" />
        <UnitTestResult executionId="6306b21e-79eb-4d29-8434-62acb0f66d94" parentExecutionId="2a0a070e-4e1f-4b47-a530-cad24092cee4" testId="30809299-0e3e-4ac7-4a2a-6f8c296d2226" testName="ToUri_Passing_ValidValueString_Returns_Uri (http://⌘.ws/)" computerName="PC-SFERRARI" duration="00:00:00.0000052" startTime="2020-08-13T12:44:52.2961415+01:00" endTime="2020-08-13T12:44:52.2977150+01:00" testType="13cdc9d9-ddb5-4fa4-a97d-d965ccfc6d4b" outcome="Passed" testListId="8c84fa94-04c1-424b-9868-57a2d4851a1d" relativeResultsDirectory="6306b21e-79eb-4d29-8434-62acb0f66d94" dataRowInfo="33" resultType="DataDrivenDataRow" />
        <UnitTestResult executionId="9773d2c5-d1e1-4997-93db-4f953a9db741" parentExecutionId="2a0a070e-4e1f-4b47-a530-cad24092cee4" testId="30809299-0e3e-4ac7-4a2a-6f8c296d2226" testName="ToUri_Passing_ValidValueString_Returns_Uri (http://foo.com/blah_(wikipedia)#cite-1)" computerName="PC-SFERRARI" duration="00:00:00.0000030" startTime="2020-08-13T12:44:52.2961415+01:00" endTime="2020-08-13T12:44:52.2977150+01:00" testType="13cdc9d9-ddb5-4fa4-a97d-d965ccfc6d4b" outcome="Passed" testListId="8c84fa94-04c1-424b-9868-57a2d4851a1d" relativeResultsDirectory="9773d2c5-d1e1-4997-93db-4f953a9db741" dataRowInfo="34" resultType="DataDrivenDataRow" />
        <UnitTestResult executionId="c67e5489-69cb-4582-a48b-2bd6f0fb77de" parentExecutionId="2a0a070e-4e1f-4b47-a530-cad24092cee4" testId="30809299-0e3e-4ac7-4a2a-6f8c296d2226" testName="ToUri_Passing_ValidValueString_Returns_Uri (http://foo.com/blah_(wikipedia)_blah#cite-1)" computerName="PC-SFERRARI" duration="00:00:00.0000026" startTime="2020-08-13T12:44:52.2961415+01:00" endTime="2020-08-13T12:44:52.2977150+01:00" testType="13cdc9d9-ddb5-4fa4-a97d-d965ccfc6d4b" outcome="Passed" testListId="8c84fa94-04c1-424b-9868-57a2d4851a1d" relativeResultsDirectory="c67e5489-69cb-4582-a48b-2bd6f0fb77de" dataRowInfo="35" resultType="DataDrivenDataRow" />
        <UnitTestResult executionId="79085d88-9975-4362-9dd1-536a07c5caf7" parentExecutionId="2a0a070e-4e1f-4b47-a530-cad24092cee4" testId="30809299-0e3e-4ac7-4a2a-6f8c296d2226" testName="ToUri_Passing_ValidValueString_Returns_Uri (http://foo.com/unicode_(✪)_in_parens)" computerName="PC-SFERRARI" duration="00:00:00.0000051" startTime="2020-08-13T12:44:52.2961415+01:00" endTime="2020-08-13T12:44:52.2977150+01:00" testType="13cdc9d9-ddb5-4fa4-a97d-d965ccfc6d4b" outcome="Passed" testListId="8c84fa94-04c1-424b-9868-57a2d4851a1d" relativeResultsDirectory="79085d88-9975-4362-9dd1-536a07c5caf7" dataRowInfo="36" resultType="DataDrivenDataRow" />
        <UnitTestResult executionId="5277c488-f75b-40ae-80d6-b18ab56663f8" parentExecutionId="2a0a070e-4e1f-4b47-a530-cad24092cee4" testId="30809299-0e3e-4ac7-4a2a-6f8c296d2226" testName="ToUri_Passing_ValidValueString_Returns_Uri (http://foo.com/(something)?after=parens)" computerName="PC-SFERRARI" duration="00:00:00.0000028" startTime="2020-08-13T12:44:52.2961415+01:00" endTime="2020-08-13T12:44:52.2977150+01:00" testType="13cdc9d9-ddb5-4fa4-a97d-d965ccfc6d4b" outcome="Passed" testListId="8c84fa94-04c1-424b-9868-57a2d4851a1d" relativeResultsDirectory="5277c488-f75b-40ae-80d6-b18ab56663f8" dataRowInfo="37" resultType="DataDrivenDataRow" />
        <UnitTestResult executionId="f522c0ee-c8cc-4306-97bf-f4a35f0fcb43" parentExecutionId="2a0a070e-4e1f-4b47-a530-cad24092cee4" testId="30809299-0e3e-4ac7-4a2a-6f8c296d2226" testName="ToUri_Passing_ValidValueString_Returns_Uri (http://☺.damowmow.com/)" computerName="PC-SFERRARI" duration="00:00:00.0000060" startTime="2020-08-13T12:44:52.2961415+01:00" endTime="2020-08-13T12:44:52.2977150+01:00" testType="13cdc9d9-ddb5-4fa4-a97d-d965ccfc6d4b" outcome="Passed" testListId="8c84fa94-04c1-424b-9868-57a2d4851a1d" relativeResultsDirectory="f522c0ee-c8cc-4306-97bf-f4a35f0fcb43" dataRowInfo="38" resultType="DataDrivenDataRow" />
        <UnitTestResult executionId="c8541e9a-709e-4f2b-8a79-3d24d86aa96a" parentExecutionId="2a0a070e-4e1f-4b47-a530-cad24092cee4" testId="30809299-0e3e-4ac7-4a2a-6f8c296d2226" testName="ToUri_Passing_ValidValueString_Returns_Uri (http://code.google.com/events/#&amp;product=browser)" computerName="PC-SFERRARI" duration="00:00:00.0000031" startTime="2020-08-13T12:44:52.2961415+01:00" endTime="2020-08-13T12:44:52.2977150+01:00" testType="13cdc9d9-ddb5-4fa4-a97d-d965ccfc6d4b" outcome="Passed" testListId="8c84fa94-04c1-424b-9868-57a2d4851a1d" relativeResultsDirectory="c8541e9a-709e-4f2b-8a79-3d24d86aa96a" dataRowInfo="39" resultType="DataDrivenDataRow" />
        <UnitTestResult executionId="149cd09c-108e-4f47-9e51-c3642ef2e6d9" parentExecutionId="2a0a070e-4e1f-4b47-a530-cad24092cee4" testId="30809299-0e3e-4ac7-4a2a-6f8c296d2226" testName="ToUri_Passing_ValidValueString_Returns_Uri (http://j.mp)" computerName="PC-SFERRARI" duration="00:00:00.0000026" startTime="2020-08-13T12:44:52.2961415+01:00" endTime="2020-08-13T12:44:52.2977150+01:00" testType="13cdc9d9-ddb5-4fa4-a97d-d965ccfc6d4b" outcome="Passed" testListId="8c84fa94-04c1-424b-9868-57a2d4851a1d" relativeResultsDirectory="149cd09c-108e-4f47-9e51-c3642ef2e6d9" dataRowInfo="40" resultType="DataDrivenDataRow" />
        <UnitTestResult executionId="6603163f-80ae-4e8f-9237-f7a5cfb0d99f" parentExecutionId="2a0a070e-4e1f-4b47-a530-cad24092cee4" testId="30809299-0e3e-4ac7-4a2a-6f8c296d2226" testName="ToUri_Passing_ValidValueString_Returns_Uri (http://foo.bar/?q=Test%20URL-encoded%20stuff)" computerName="PC-SFERRARI" duration="00:00:00.0000234" startTime="2020-08-13T12:44:52.2961415+01:00" endTime="2020-08-13T12:44:52.2977150+01:00" testType="13cdc9d9-ddb5-4fa4-a97d-d965ccfc6d4b" outcome="Passed" testListId="8c84fa94-04c1-424b-9868-57a2d4851a1d" relativeResultsDirectory="6603163f-80ae-4e8f-9237-f7a5cfb0d99f" dataRowInfo="41" resultType="DataDrivenDataRow" />
        <UnitTestResult executionId="4e9944be-1fa3-480c-9683-84cd02840c86" parentExecutionId="2a0a070e-4e1f-4b47-a530-cad24092cee4" testId="30809299-0e3e-4ac7-4a2a-6f8c296d2226" testName="ToUri_Passing_ValidValueString_Returns_Uri (http://مثال.إختبار)" computerName="PC-SFERRARI" duration="00:00:00.0000108" startTime="2020-08-13T12:44:52.2961415+01:00" endTime="2020-08-13T12:44:52.2977150+01:00" testType="13cdc9d9-ddb5-4fa4-a97d-d965ccfc6d4b" outcome="Passed" testListId="8c84fa94-04c1-424b-9868-57a2d4851a1d" relativeResultsDirectory="4e9944be-1fa3-480c-9683-84cd02840c86" dataRowInfo="42" resultType="DataDrivenDataRow" />
        <UnitTestResult executionId="065d0fd9-b1f4-4e8a-9ca3-044d0ceb4d41" parentExecutionId="2a0a070e-4e1f-4b47-a530-cad24092cee4" testId="30809299-0e3e-4ac7-4a2a-6f8c296d2226" testName="ToUri_Passing_ValidValueString_Returns_Uri (http://例子.测试)" computerName="PC-SFERRARI" duration="00:00:00.0000050" startTime="2020-08-13T12:44:52.2961415+01:00" endTime="2020-08-13T12:44:52.2977150+01:00" testType="13cdc9d9-ddb5-4fa4-a97d-d965ccfc6d4b" outcome="Passed" testListId="8c84fa94-04c1-424b-9868-57a2d4851a1d" relativeResultsDirectory="065d0fd9-b1f4-4e8a-9ca3-044d0ceb4d41" dataRowInfo="43" resultType="DataDrivenDataRow" />
        <UnitTestResult executionId="ccea946f-9657-4d80-abf1-5200703b0d7d" parentExecutionId="2a0a070e-4e1f-4b47-a530-cad24092cee4" testId="30809299-0e3e-4ac7-4a2a-6f8c296d2226" testName="ToUri_Passing_ValidValueString_Returns_Uri (http://उदाहरण.परीक्ष)" computerName="PC-SFERRARI" duration="00:00:00.0000053" startTime="2020-08-13T12:44:52.2961415+01:00" endTime="2020-08-13T12:44:52.2977150+01:00" testType="13cdc9d9-ddb5-4fa4-a97d-d965ccfc6d4b" outcome="Passed" testListId="8c84fa94-04c1-424b-9868-57a2d4851a1d" relativeResultsDirectory="ccea946f-9657-4d80-abf1-5200703b0d7d" dataRowInfo="44" resultType="DataDrivenDataRow" />
        <UnitTestResult executionId="6d7672f5-1f44-4f8f-a5c1-adbb477389ec" parentExecutionId="2a0a070e-4e1f-4b47-a530-cad24092cee4" testId="30809299-0e3e-4ac7-4a2a-6f8c296d2226" testName="ToUri_Passing_ValidValueString_Returns_Uri (http://-.~_!$&amp;'()*+,;=:%40:80%2f::::::@example.com)" computerName="PC-SFERRARI" duration="00:00:00.0000045" startTime="2020-08-13T12:44:52.2961415+01:00" endTime="2020-08-13T12:44:52.2977150+01:00" testType="13cdc9d9-ddb5-4fa4-a97d-d965ccfc6d4b" outcome="Passed" testListId="8c84fa94-04c1-424b-9868-57a2d4851a1d" relativeResultsDirectory="6d7672f5-1f44-4f8f-a5c1-adbb477389ec" dataRowInfo="45" resultType="DataDrivenDataRow" />
        <UnitTestResult executionId="71ce4900-62f8-48b7-bf1c-412619d74f3a" parentExecutionId="2a0a070e-4e1f-4b47-a530-cad24092cee4" testId="30809299-0e3e-4ac7-4a2a-6f8c296d2226" testName="ToUri_Passing_ValidValueString_Returns_Uri (http://1337.net)" computerName="PC-SFERRARI" duration="00:00:00.0000030" startTime="2020-08-13T12:44:52.2961415+01:00" endTime="2020-08-13T12:44:52.2977150+01:00" testType="13cdc9d9-ddb5-4fa4-a97d-d965ccfc6d4b" outcome="Passed" testListId="8c84fa94-04c1-424b-9868-57a2d4851a1d" relativeResultsDirectory="71ce4900-62f8-48b7-bf1c-412619d74f3a" dataRowInfo="46" resultType="DataDrivenDataRow" />
        <UnitTestResult executionId="9b628974-b97e-4ad6-bc31-37f62ddddf68" parentExecutionId="2a0a070e-4e1f-4b47-a530-cad24092cee4" testId="30809299-0e3e-4ac7-4a2a-6f8c296d2226" testName="ToUri_Passing_ValidValueString_Returns_Uri (http://a.b-c.de)" computerName="PC-SFERRARI" duration="00:00:00.0000028" startTime="2020-08-13T12:44:52.2961415+01:00" endTime="2020-08-13T12:44:52.2977150+01:00" testType="13cdc9d9-ddb5-4fa4-a97d-d965ccfc6d4b" outcome="Passed" testListId="8c84fa94-04c1-424b-9868-57a2d4851a1d" relativeResultsDirectory="9b628974-b97e-4ad6-bc31-37f62ddddf68" dataRowInfo="47" resultType="DataDrivenDataRow" />
        <UnitTestResult executionId="197bde67-39e5-4343-a4dd-5fed21a1599c" parentExecutionId="2a0a070e-4e1f-4b47-a530-cad24092cee4" testId="30809299-0e3e-4ac7-4a2a-6f8c296d2226" testName="ToUri_Passing_ValidValueString_Returns_Uri (http://223.255.255.254)" computerName="PC-SFERRARI" duration="00:00:00.0000027" startTime="2020-08-13T12:44:52.2961415+01:00" endTime="2020-08-13T12:44:52.2977150+01:00" testType="13cdc9d9-ddb5-4fa4-a97d-d965ccfc6d4b" outcome="Passed" testListId="8c84fa94-04c1-424b-9868-57a2d4851a1d" relativeResultsDirectory="197bde67-39e5-4343-a4dd-5fed21a1599c" dataRowInfo="48" resultType="DataDrivenDataRow" />
      </InnerResults>
    </UnitTestResult>
    <UnitTestResult executionId="0e05512a-c4f3-4c63-914d-b754c903fc5d" testId="65b9c427-b5ec-99b4-199a-0093cd460501" testName="ToUserName_Passing_Null_ClaimsPrincipal_Returns_ApplicationException" computerName="PC-SFERRARI" duration="00:00:00.0005618" startTime="2020-08-13T12:44:50.7159946+01:00" endTime="2020-08-13T12:44:50.7166471+01:00" testType="13cdc9d9-ddb5-4fa4-a97d-d965ccfc6d4b" outcome="Passed" testListId="8c84fa94-04c1-424b-9868-57a2d4851a1d" relativeResultsDirectory="0e05512a-c4f3-4c63-914d-b754c903fc5d" />
    <UnitTestResult executionId="d83aed21-904d-468c-9102-0d84148c307b" testId="ae09f98c-257a-b9e5-5b0b-16344b7adf1c" testName="ToInt_Passing_ValidValueString_Returns_Int" computerName="PC-SFERRARI" duration="00:00:00.0001888" startTime="2020-08-13T12:44:52.2365870+01:00" endTime="2020-08-13T12:44:52.2368546+01:00" testType="13cdc9d9-ddb5-4fa4-a97d-d965ccfc6d4b" outcome="Passed" testListId="8c84fa94-04c1-424b-9868-57a2d4851a1d" relativeResultsDirectory="d83aed21-904d-468c-9102-0d84148c307b" resultType="DataDrivenTest">
      <InnerResults>
        <UnitTestResult executionId="b41b6816-f056-40d2-a37b-048bfd92e9fe" parentExecutionId="d83aed21-904d-468c-9102-0d84148c307b" testId="ae09f98c-257a-b9e5-5b0b-16344b7adf1c" testName="ToInt_Passing_ValidValueString_Returns_Int (1234567890)" computerName="PC-SFERRARI" duration="00:00:00.0001577" startTime="2020-08-13T12:44:52.2365870+01:00" endTime="2020-08-13T12:44:52.2368546+01:00" testType="13cdc9d9-ddb5-4fa4-a97d-d965ccfc6d4b" outcome="Passed" testListId="8c84fa94-04c1-424b-9868-57a2d4851a1d" relativeResultsDirectory="b41b6816-f056-40d2-a37b-048bfd92e9fe" dataRowInfo="1" resultType="DataDrivenDataRow" />
      </InnerResults>
    </UnitTestResult>
    <UnitTestResult executionId="d5c0cfc5-b3a9-44eb-bee3-d39650546aed" testId="161f5d07-7835-e575-5072-b9d787ef451c" testName="ToResultAsync_Passing_StatusCodeAnd_MessageAndContentTypeAndHeader_Values_Returns_Values" computerName="PC-SFERRARI" duration="00:00:00.5442814" startTime="2020-08-13T12:44:51.3646706+01:00" endTime="2020-08-13T12:44:51.9092442+01:00" testType="13cdc9d9-ddb5-4fa4-a97d-d965ccfc6d4b" outcome="Passed" testListId="8c84fa94-04c1-424b-9868-57a2d4851a1d" relativeResultsDirectory="d5c0cfc5-b3a9-44eb-bee3-d39650546aed" resultType="DataDrivenTest">
      <InnerResults>
        <UnitTestResult executionId="64e943d1-99a0-47ce-925b-931532f93c64" parentExecutionId="d5c0cfc5-b3a9-44eb-bee3-d39650546aed" testId="161f5d07-7835-e575-5072-b9d787ef451c" testName="ToResultAsync_Passing_StatusCodeAnd_MessageAndContentTypeAndHeader_Values_Returns_Values (/test)" computerName="PC-SFERRARI" duration="00:00:00.5441986" startTime="2020-08-13T12:44:51.3646706+01:00" endTime="2020-08-13T12:44:51.9092442+01:00" testType="13cdc9d9-ddb5-4fa4-a97d-d965ccfc6d4b" outcome="Passed" testListId="8c84fa94-04c1-424b-9868-57a2d4851a1d" relativeResultsDirectory="64e943d1-99a0-47ce-925b-931532f93c64" dataRowInfo="1" resultType="DataDrivenDataRow" />
      </InnerResults>
    </UnitTestResult>
    <UnitTestResult executionId="46ed11d0-c588-4263-b9f7-04c057ed154f" testId="0d35441f-72fe-a777-509f-6a19632f972a" testName="ToMessage_Passing_ExceptionWithMessageWithInnerException_Returns_MessageAndInnerException" computerName="PC-SFERRARI" duration="00:00:00.0003133" startTime="2020-08-13T12:44:50.9813367+01:00" endTime="2020-08-13T12:44:50.9817909+01:00" testType="13cdc9d9-ddb5-4fa4-a97d-d965ccfc6d4b" outcome="Passed" testListId="8c84fa94-04c1-424b-9868-57a2d4851a1d" relativeResultsDirectory="46ed11d0-c588-4263-b9f7-04c057ed154f" />
    <UnitTestResult executionId="cf0b56f7-526e-4da4-b05f-115d4a37a6b4" testId="1064d8aa-5d0e-6bf5-83ee-952a4d1fd93b" testName="ToEnum_Passing_InvalidValueInt_Returns_EnumCustomValue" computerName="PC-SFERRARI" duration="00:00:00.0009048" startTime="2020-08-13T12:44:52.1583088+01:00" endTime="2020-08-13T12:44:52.1593136+01:00" testType="13cdc9d9-ddb5-4fa4-a97d-d965ccfc6d4b" outcome="Passed" testListId="8c84fa94-04c1-424b-9868-57a2d4851a1d" relativeResultsDirectory="cf0b56f7-526e-4da4-b05f-115d4a37a6b4" />
    <UnitTestResult executionId="89c3d028-eb54-4dbc-8441-e7bc6eb63984" testId="86b92527-4d52-052b-63ae-d9a8aa694919" testName="ToSettings_Passing_Values_From_Memory_Returns_Settings" computerName="PC-SFERRARI" duration="00:00:00.0019968" startTime="2020-08-13T12:44:50.9149727+01:00" endTime="2020-08-13T12:44:50.9170895+01:00" testType="13cdc9d9-ddb5-4fa4-a97d-d965ccfc6d4b" outcome="Passed" testListId="8c84fa94-04c1-424b-9868-57a2d4851a1d" relativeResultsDirectory="89c3d028-eb54-4dbc-8441-e7bc6eb63984" />
    <UnitTestResult executionId="6ab255b0-cba7-4d8a-81b8-bdaa1c349fc1" testId="7c679bcb-7a59-8751-0063-1ef6e07cb160" testName="ToEnvironment_Passing_Service_Not_Found_Returns_ApplicationException" computerName="PC-SFERRARI" duration="00:00:00.0106426" startTime="2020-08-13T12:44:50.4511040+01:00" endTime="2020-08-13T12:44:50.4650788+01:00" testType="13cdc9d9-ddb5-4fa4-a97d-d965ccfc6d4b" outcome="Passed" testListId="8c84fa94-04c1-424b-9868-57a2d4851a1d" relativeResultsDirectory="6ab255b0-cba7-4d8a-81b8-bdaa1c349fc1" />
    <UnitTestResult executionId="9c023d2f-2c7c-4838-b9fd-64b75ce3c618" testId="96f263a8-e1d9-0070-21ba-583144d2d030" testName="ToEnum_Passing_ValidValueInt_Returns_EnumValue" computerName="PC-SFERRARI" duration="00:00:00.0001183" startTime="2020-08-13T12:44:52.1607987+01:00" endTime="2020-08-13T12:44:52.1610019+01:00" testType="13cdc9d9-ddb5-4fa4-a97d-d965ccfc6d4b" outcome="Passed" testListId="8c84fa94-04c1-424b-9868-57a2d4851a1d" relativeResultsDirectory="9c023d2f-2c7c-4838-b9fd-64b75ce3c618" />
    <UnitTestResult executionId="3128ec59-94bd-45f5-ba36-0176966fe90e" testId="a0ed43cd-0648-ddf9-c80e-52c6889ee049" testName="ToDictionaryPropertyInfo_Passing_Object_IncludeNullOrEmptyProperty_Returns_Properties_NameAndValue_Dictionary" computerName="PC-SFERRARI" duration="00:00:00.1062296" startTime="2020-08-13T12:44:51.0151465+01:00" endTime="2020-08-13T12:44:51.1214690+01:00" testType="13cdc9d9-ddb5-4fa4-a97d-d965ccfc6d4b" outcome="Passed" testListId="8c84fa94-04c1-424b-9868-57a2d4851a1d" relativeResultsDirectory="3128ec59-94bd-45f5-ba36-0176966fe90e" />
    <UnitTestResult executionId="e007a022-d004-4529-a12e-1e74558ad3f6" testId="ab527057-69f2-0a9a-89fd-18928a3920fd" testName="ToHashAlgorithmName_Passing_InvalidValueStringWithDefaultValue_Returns_DefaultValue" computerName="PC-SFERRARI" duration="00:00:00.0002147" startTime="2020-08-13T12:44:52.1760635+01:00" endTime="2020-08-13T12:44:52.1763507+01:00" testType="13cdc9d9-ddb5-4fa4-a97d-d965ccfc6d4b" outcome="Passed" testListId="8c84fa94-04c1-424b-9868-57a2d4851a1d" relativeResultsDirectory="e007a022-d004-4529-a12e-1e74558ad3f6" resultType="DataDrivenTest">
      <InnerResults>
        <UnitTestResult executionId="b369e2c8-ba70-4c39-9a18-509ca1e82bca" parentExecutionId="e007a022-d004-4529-a12e-1e74558ad3f6" testId="ab527057-69f2-0a9a-89fd-18928a3920fd" testName="ToHashAlgorithmName_Passing_InvalidValueStringWithDefaultValue_Returns_DefaultValue (hhhhhh)" computerName="PC-SFERRARI" duration="00:00:00.0001825" startTime="2020-08-13T12:44:52.1760635+01:00" endTime="2020-08-13T12:44:52.1763507+01:00" testType="13cdc9d9-ddb5-4fa4-a97d-d965ccfc6d4b" outcome="Passed" testListId="8c84fa94-04c1-424b-9868-57a2d4851a1d" relativeResultsDirectory="b369e2c8-ba70-4c39-9a18-509ca1e82bca" dataRowInfo="1" resultType="DataDrivenDataRow" />
      </InnerResults>
    </UnitTestResult>
    <UnitTestResult executionId="27dbe00a-dc2d-4957-8f61-7b07ae2204c3" testId="8c1d1a56-be42-3df5-a82e-36b97c2860b8" testName="ToEnum_Passing_InvalidValueInt_Returns_EnumDefaultValue" computerName="PC-SFERRARI" duration="00:00:00.0001332" startTime="2020-08-13T12:44:52.1593347+01:00" endTime="2020-08-13T12:44:52.1595606+01:00" testType="13cdc9d9-ddb5-4fa4-a97d-d965ccfc6d4b" outcome="Passed" testListId="8c84fa94-04c1-424b-9868-57a2d4851a1d" relativeResultsDirectory="27dbe00a-dc2d-4957-8f61-7b07ae2204c3" />
    <UnitTestResult executionId="2316159c-b08b-42d8-b740-87444d5d3b8f" testId="7be8a004-8e29-0f01-8ada-f15377193150" testName="ToContentType_Passing_ValidValueString_Returns_ContentType" computerName="PC-SFERRARI" duration="00:00:00.0015708" startTime="2020-08-13T12:44:52.0635864+01:00" endTime="2020-08-13T12:44:52.0652511+01:00" testType="13cdc9d9-ddb5-4fa4-a97d-d965ccfc6d4b" outcome="Passed" testListId="8c84fa94-04c1-424b-9868-57a2d4851a1d" relativeResultsDirectory="2316159c-b08b-42d8-b740-87444d5d3b8f" resultType="DataDrivenTest">
      <InnerResults>
        <UnitTestResult executionId="6d404095-31a4-4f81-983f-8c17281b4ea2" parentExecutionId="2316159c-b08b-42d8-b740-87444d5d3b8f" testId="7be8a004-8e29-0f01-8ada-f15377193150" testName="ToContentType_Passing_ValidValueString_Returns_ContentType (xxxx.pdf,application/pdf)" computerName="PC-SFERRARI" duration="00:00:00.0012825" startTime="2020-08-13T12:44:52.0635864+01:00" endTime="2020-08-13T12:44:52.0652511+01:00" testType="13cdc9d9-ddb5-4fa4-a97d-d965ccfc6d4b" outcome="Passed" testListId="8c84fa94-04c1-424b-9868-57a2d4851a1d" relativeResultsDirectory="6d404095-31a4-4f81-983f-8c17281b4ea2" dataRowInfo="1" resultType="DataDrivenDataRow" />
        <UnitTestResult executionId="1cd27f5c-d5d0-4f2c-b731-d0a6dc14955c" parentExecutionId="2316159c-b08b-42d8-b740-87444d5d3b8f" testId="7be8a004-8e29-0f01-8ada-f15377193150" testName="ToContentType_Passing_ValidValueString_Returns_ContentType (xxxx.json,application/json)" computerName="PC-SFERRARI" duration="00:00:00.0000398" startTime="2020-08-13T12:44:52.0635864+01:00" endTime="2020-08-13T12:44:52.0652511+01:00" testType="13cdc9d9-ddb5-4fa4-a97d-d965ccfc6d4b" outcome="Passed" testListId="8c84fa94-04c1-424b-9868-57a2d4851a1d" relativeResultsDirectory="1cd27f5c-d5d0-4f2c-b731-d0a6dc14955c" dataRowInfo="2" resultType="DataDrivenDataRow" />
        <UnitTestResult executionId="df24311e-59a1-4782-acb1-452ae9016fc8" parentExecutionId="2316159c-b08b-42d8-b740-87444d5d3b8f" testId="7be8a004-8e29-0f01-8ada-f15377193150" testName="ToContentType_Passing_ValidValueString_Returns_ContentType (xxxx.gif,image/gif)" computerName="PC-SFERRARI" duration="00:00:00.0000300" startTime="2020-08-13T12:44:52.0635864+01:00" endTime="2020-08-13T12:44:52.0652511+01:00" testType="13cdc9d9-ddb5-4fa4-a97d-d965ccfc6d4b" outcome="Passed" testListId="8c84fa94-04c1-424b-9868-57a2d4851a1d" relativeResultsDirectory="df24311e-59a1-4782-acb1-452ae9016fc8" dataRowInfo="3" resultType="DataDrivenDataRow" />
        <UnitTestResult executionId="b03c299a-22c3-4809-b335-a3c8dbd40d8d" parentExecutionId="2316159c-b08b-42d8-b740-87444d5d3b8f" testId="7be8a004-8e29-0f01-8ada-f15377193150" testName="ToContentType_Passing_ValidValueString_Returns_ContentType (xxxx.jpeg,image/jpeg)" computerName="PC-SFERRARI" duration="00:00:00.0000355" startTime="2020-08-13T12:44:52.0635864+01:00" endTime="2020-08-13T12:44:52.0652511+01:00" testType="13cdc9d9-ddb5-4fa4-a97d-d965ccfc6d4b" outcome="Passed" testListId="8c84fa94-04c1-424b-9868-57a2d4851a1d" relativeResultsDirectory="b03c299a-22c3-4809-b335-a3c8dbd40d8d" dataRowInfo="4" resultType="DataDrivenDataRow" />
        <UnitTestResult executionId="5317c7f5-c7e1-41f5-848a-daa31e633c35" parentExecutionId="2316159c-b08b-42d8-b740-87444d5d3b8f" testId="7be8a004-8e29-0f01-8ada-f15377193150" testName="ToContentType_Passing_ValidValueString_Returns_ContentType (xxxx.html,text/html)" computerName="PC-SFERRARI" duration="00:00:00.0000280" startTime="2020-08-13T12:44:52.0635864+01:00" endTime="2020-08-13T12:44:52.0652511+01:00" testType="13cdc9d9-ddb5-4fa4-a97d-d965ccfc6d4b" outcome="Passed" testListId="8c84fa94-04c1-424b-9868-57a2d4851a1d" relativeResultsDirectory="5317c7f5-c7e1-41f5-848a-daa31e633c35" dataRowInfo="5" resultType="DataDrivenDataRow" />
        <UnitTestResult executionId="edf66394-b0a5-4779-9e8a-9f6630ad919e" parentExecutionId="2316159c-b08b-42d8-b740-87444d5d3b8f" testId="7be8a004-8e29-0f01-8ada-f15377193150" testName="ToContentType_Passing_ValidValueString_Returns_ContentType (xxxx.txt,text/plain)" computerName="PC-SFERRARI" duration="00:00:00.0000271" startTime="2020-08-13T12:44:52.0635864+01:00" endTime="2020-08-13T12:44:52.0652511+01:00" testType="13cdc9d9-ddb5-4fa4-a97d-d965ccfc6d4b" outcome="Passed" testListId="8c84fa94-04c1-424b-9868-57a2d4851a1d" relativeResultsDirectory="edf66394-b0a5-4779-9e8a-9f6630ad919e" dataRowInfo="6" resultType="DataDrivenDataRow" />
      </InnerResults>
    </UnitTestResult>
    <UnitTestResult executionId="1642e075-de0f-4b21-9d7c-9ce86bc3fe6e" testId="7dc20d31-477c-3765-83c0-7575a504da96" testName="ToNormalize_Passing_ValidValue_Returns_NormalizedValue" computerName="PC-SFERRARI" duration="00:00:00.0026260" startTime="2020-08-13T12:44:52.2368746+01:00" endTime="2020-08-13T12:44:52.2395853+01:00" testType="13cdc9d9-ddb5-4fa4-a97d-d965ccfc6d4b" outcome="Passed" testListId="8c84fa94-04c1-424b-9868-57a2d4851a1d" relativeResultsDirectory="1642e075-de0f-4b21-9d7c-9ce86bc3fe6e" resultType="DataDrivenTest">
      <InnerResults>
        <UnitTestResult executionId="7db39cc3-3984-4c93-9f05-0e2f393ade61" parentExecutionId="1642e075-de0f-4b21-9d7c-9ce86bc3fe6e" testId="7dc20d31-477c-3765-83c0-7575a504da96" testName="ToNormalize_Passing_ValidValue_Returns_NormalizedValue (àáäâãøçħ,aaaaaoch)" computerName="PC-SFERRARI" duration="00:00:00.0023699" startTime="2020-08-13T12:44:52.2368746+01:00" endTime="2020-08-13T12:44:52.2395853+01:00" testType="13cdc9d9-ddb5-4fa4-a97d-d965ccfc6d4b" outcome="Passed" testListId="8c84fa94-04c1-424b-9868-57a2d4851a1d" relativeResultsDirectory="7db39cc3-3984-4c93-9f05-0e2f393ade61" dataRowInfo="1" resultType="DataDrivenDataRow" />
        <UnitTestResult executionId="b9871cba-1173-4420-8d65-2a294210cdf5" parentExecutionId="1642e075-de0f-4b21-9d7c-9ce86bc3fe6e" testId="7dc20d31-477c-3765-83c0-7575a504da96" testName="ToNormalize_Passing_ValidValue_Returns_NormalizedValue ( àáäâ ãøçħ ,aaaa aoch)" computerName="PC-SFERRARI" duration="00:00:00.0000781" startTime="2020-08-13T12:44:52.2368746+01:00" endTime="2020-08-13T12:44:52.2395853+01:00" testType="13cdc9d9-ddb5-4fa4-a97d-d965ccfc6d4b" outcome="Passed" testListId="8c84fa94-04c1-424b-9868-57a2d4851a1d" relativeResultsDirectory="b9871cba-1173-4420-8d65-2a294210cdf5" dataRowInfo="2" resultType="DataDrivenDataRow" />
        <UnitTestResult executionId="dec0cf31-b159-4c4c-af42-1fe5d5ba0540" parentExecutionId="1642e075-de0f-4b21-9d7c-9ce86bc3fe6e" testId="7dc20d31-477c-3765-83c0-7575a504da96" testName="ToNormalize_Passing_ValidValue_Returns_NormalizedValue (*¨^_:-?¿;,)" computerName="PC-SFERRARI" duration="00:00:00.0000445" startTime="2020-08-13T12:44:52.2368746+01:00" endTime="2020-08-13T12:44:52.2395853+01:00" testType="13cdc9d9-ddb5-4fa4-a97d-d965ccfc6d4b" outcome="Passed" testListId="8c84fa94-04c1-424b-9868-57a2d4851a1d" relativeResultsDirectory="dec0cf31-b159-4c4c-af42-1fe5d5ba0540" dataRowInfo="3" resultType="DataDrivenDataRow" />
        <UnitTestResult executionId="0a323407-00f3-4d22-b65c-20fc82c1333d" parentExecutionId="1642e075-de0f-4b21-9d7c-9ce86bc3fe6e" testId="7dc20d31-477c-3765-83c0-7575a504da96" testName="ToNormalize_Passing_ValidValue_Returns_NormalizedValue ( * ¨ ^ _ : - ? ¿ ; ,)" computerName="PC-SFERRARI" duration="00:00:00.0000364" startTime="2020-08-13T12:44:52.2368746+01:00" endTime="2020-08-13T12:44:52.2395853+01:00" testType="13cdc9d9-ddb5-4fa4-a97d-d965ccfc6d4b" outcome="Passed" testListId="8c84fa94-04c1-424b-9868-57a2d4851a1d" relativeResultsDirectory="0a323407-00f3-4d22-b65c-20fc82c1333d" dataRowInfo="4" resultType="DataDrivenDataRow" />
      </InnerResults>
    </UnitTestResult>
    <UnitTestResult executionId="491a7308-813f-4a16-a96c-67e3b79d3821" testId="334e3485-05b4-4549-cacd-aef8fff10757" testName="ToDefaultValue_Passing_decimal_Returns_Cero" computerName="PC-SFERRARI" duration="00:00:00.0003151" startTime="2020-08-13T12:44:50.9970908+01:00" endTime="2020-08-13T12:44:50.9974855+01:00" testType="13cdc9d9-ddb5-4fa4-a97d-d965ccfc6d4b" outcome="Passed" testListId="8c84fa94-04c1-424b-9868-57a2d4851a1d" relativeResultsDirectory="491a7308-813f-4a16-a96c-67e3b79d3821" />
    <UnitTestResult executionId="a7ba06be-ce69-4cce-91d0-92cff8071209" testId="e9b23f0c-0cde-4603-1739-ee642fd33c36" testName="ToSubdomain_Passing_HttpRequest_Host_Returns_Subdomain" computerName="PC-SFERRARI" duration="00:00:00.0012700" startTime="2020-08-13T12:44:51.3291167+01:00" endTime="2020-08-13T12:44:51.3304881+01:00" testType="13cdc9d9-ddb5-4fa4-a97d-d965ccfc6d4b" outcome="Passed" testListId="8c84fa94-04c1-424b-9868-57a2d4851a1d" relativeResultsDirectory="a7ba06be-ce69-4cce-91d0-92cff8071209" />
    <UnitTestResult executionId="549668c7-070f-4826-9047-fb4ce8b51850" testId="04084e8e-c859-4ef5-e2a7-4fb2803cb2a3" testName="ToReplace_Passing_ValidValue_Returns_ReplacedValue" computerName="PC-SFERRARI" duration="00:00:00.0006662" startTime="2020-08-13T12:44:52.2697801+01:00" endTime="2020-08-13T12:44:52.2706371+01:00" testType="13cdc9d9-ddb5-4fa4-a97d-d965ccfc6d4b" outcome="Passed" testListId="8c84fa94-04c1-424b-9868-57a2d4851a1d" relativeResultsDirectory="549668c7-070f-4826-9047-fb4ce8b51850" resultType="DataDrivenTest">
      <InnerResults>
        <UnitTestResult executionId="ccad879e-dabc-4cb4-944d-e81abd67148d" parentExecutionId="549668c7-070f-4826-9047-fb4ce8b51850" testId="04084e8e-c859-4ef5-e2a7-4fb2803cb2a3" testName="ToReplace_Passing_ValidValue_Returns_ReplacedValue (aeiou,*,0,1,*eiou)" computerName="PC-SFERRARI" duration="00:00:00.0004923" startTime="2020-08-13T12:44:52.2697801+01:00" endTime="2020-08-13T12:44:52.2706371+01:00" testType="13cdc9d9-ddb5-4fa4-a97d-d965ccfc6d4b" outcome="Passed" testListId="8c84fa94-04c1-424b-9868-57a2d4851a1d" relativeResultsDirectory="ccad879e-dabc-4cb4-944d-e81abd67148d" dataRowInfo="1" resultType="DataDrivenDataRow" />
        <UnitTestResult executionId="8787a721-9a2f-42e6-a98f-67ae1638faa4" parentExecutionId="549668c7-070f-4826-9047-fb4ce8b51850" testId="04084e8e-c859-4ef5-e2a7-4fb2803cb2a3" testName="ToReplace_Passing_ValidValue_Returns_ReplacedValue (aeiou,*,0,2,**iou)" computerName="PC-SFERRARI" duration="00:00:00.0000087" startTime="2020-08-13T12:44:52.2697801+01:00" endTime="2020-08-13T12:44:52.2706371+01:00" testType="13cdc9d9-ddb5-4fa4-a97d-d965ccfc6d4b" outcome="Passed" testListId="8c84fa94-04c1-424b-9868-57a2d4851a1d" relativeResultsDirectory="8787a721-9a2f-42e6-a98f-67ae1638faa4" dataRowInfo="2" resultType="DataDrivenDataRow" />
        <UnitTestResult executionId="06e96621-421a-48c5-83fd-fc0ad944ed21" parentExecutionId="549668c7-070f-4826-9047-fb4ce8b51850" testId="04084e8e-c859-4ef5-e2a7-4fb2803cb2a3" testName="ToReplace_Passing_ValidValue_Returns_ReplacedValue (aeiou,*,0,3,***ou)" computerName="PC-SFERRARI" duration="00:00:00.0000033" startTime="2020-08-13T12:44:52.2697801+01:00" endTime="2020-08-13T12:44:52.2706371+01:00" testType="13cdc9d9-ddb5-4fa4-a97d-d965ccfc6d4b" outcome="Passed" testListId="8c84fa94-04c1-424b-9868-57a2d4851a1d" relativeResultsDirectory="06e96621-421a-48c5-83fd-fc0ad944ed21" dataRowInfo="3" resultType="DataDrivenDataRow" />
        <UnitTestResult executionId="193901a5-759f-46f2-82d7-8addb240f78b" parentExecutionId="549668c7-070f-4826-9047-fb4ce8b51850" testId="04084e8e-c859-4ef5-e2a7-4fb2803cb2a3" testName="ToReplace_Passing_ValidValue_Returns_ReplacedValue (aeiou,*,0,4,****u)" computerName="PC-SFERRARI" duration="00:00:00.0000028" startTime="2020-08-13T12:44:52.2697801+01:00" endTime="2020-08-13T12:44:52.2706371+01:00" testType="13cdc9d9-ddb5-4fa4-a97d-d965ccfc6d4b" outcome="Passed" testListId="8c84fa94-04c1-424b-9868-57a2d4851a1d" relativeResultsDirectory="193901a5-759f-46f2-82d7-8addb240f78b" dataRowInfo="4" resultType="DataDrivenDataRow" />
        <UnitTestResult executionId="c8052558-465f-484f-a95e-4953a7fb484b" parentExecutionId="549668c7-070f-4826-9047-fb4ce8b51850" testId="04084e8e-c859-4ef5-e2a7-4fb2803cb2a3" testName="ToReplace_Passing_ValidValue_Returns_ReplacedValue (aeiou,*,0,5,*****)" computerName="PC-SFERRARI" duration="00:00:00.0000028" startTime="2020-08-13T12:44:52.2697801+01:00" endTime="2020-08-13T12:44:52.2706371+01:00" testType="13cdc9d9-ddb5-4fa4-a97d-d965ccfc6d4b" outcome="Passed" testListId="8c84fa94-04c1-424b-9868-57a2d4851a1d" relativeResultsDirectory="c8052558-465f-484f-a95e-4953a7fb484b" dataRowInfo="5" resultType="DataDrivenDataRow" />
        <UnitTestResult executionId="94c4fa55-bc6d-4cbb-af07-35898a855e89" parentExecutionId="549668c7-070f-4826-9047-fb4ce8b51850" testId="04084e8e-c859-4ef5-e2a7-4fb2803cb2a3" testName="ToReplace_Passing_ValidValue_Returns_ReplacedValue (aeiou,*,2,1,ae*ou)" computerName="PC-SFERRARI" duration="00:00:00.0000026" startTime="2020-08-13T12:44:52.2697801+01:00" endTime="2020-08-13T12:44:52.2706371+01:00" testType="13cdc9d9-ddb5-4fa4-a97d-d965ccfc6d4b" outcome="Passed" testListId="8c84fa94-04c1-424b-9868-57a2d4851a1d" relativeResultsDirectory="94c4fa55-bc6d-4cbb-af07-35898a855e89" dataRowInfo="6" resultType="DataDrivenDataRow" />
        <UnitTestResult executionId="6e4c986b-c757-4fca-9ec1-d0d6f968102f" parentExecutionId="549668c7-070f-4826-9047-fb4ce8b51850" testId="04084e8e-c859-4ef5-e2a7-4fb2803cb2a3" testName="ToReplace_Passing_ValidValue_Returns_ReplacedValue (aeiou,*,2,2,ae**u)" computerName="PC-SFERRARI" duration="00:00:00.0000027" startTime="2020-08-13T12:44:52.2697801+01:00" endTime="2020-08-13T12:44:52.2706371+01:00" testType="13cdc9d9-ddb5-4fa4-a97d-d965ccfc6d4b" outcome="Passed" testListId="8c84fa94-04c1-424b-9868-57a2d4851a1d" relativeResultsDirectory="6e4c986b-c757-4fca-9ec1-d0d6f968102f" dataRowInfo="7" resultType="DataDrivenDataRow" />
      </InnerResults>
    </UnitTestResult>
    <UnitTestResult executionId="d68e4ea7-98f0-4074-906d-ab4666c8316c" testId="db5f34ff-df7c-44e5-6721-c319db8d6da0" testName="ToTryGetHeader_Passing_HttpRequest_Header_Many_Values_Returns_Values" computerName="PC-SFERRARI" duration="00:00:00.0006273" startTime="2020-08-13T12:44:51.3314196+01:00" endTime="2020-08-13T12:44:51.3321512+01:00" testType="13cdc9d9-ddb5-4fa4-a97d-d965ccfc6d4b" outcome="Passed" testListId="8c84fa94-04c1-424b-9868-57a2d4851a1d" relativeResultsDirectory="d68e4ea7-98f0-4074-906d-ab4666c8316c" />
    <UnitTestResult executionId="a539633f-b3d2-4cb4-a403-7693f5926902" testId="29112d2a-2e73-305d-ec50-12fc95c28627" testName="ToReplaceSpecialChars_Passing_ValidValue_Returns_ReplacedValueWithoutIgnoreSpecialChars" computerName="PC-SFERRARI" duration="00:00:00.0006857" startTime="2020-08-13T12:44:52.2597573+01:00" endTime="2020-08-13T12:44:52.2606263+01:00" testType="13cdc9d9-ddb5-4fa4-a97d-d965ccfc6d4b" outcome="Passed" testListId="8c84fa94-04c1-424b-9868-57a2d4851a1d" relativeResultsDirectory="a539633f-b3d2-4cb4-a403-7693f5926902" resultType="DataDrivenTest">
      <InnerResults>
        <UnitTestResult executionId="9b4aaf0c-df76-4caf-86c4-de7a1cf3dd7f" parentExecutionId="a539633f-b3d2-4cb4-a403-7693f5926902" testId="29112d2a-2e73-305d-ec50-12fc95c28627" testName="ToReplaceSpecialChars_Passing_ValidValue_Returns_ReplacedValueWithoutIgnoreSpecialChars (àáäâãøçħ,aaaaaoch)" computerName="PC-SFERRARI" duration="00:00:00.0002578" startTime="2020-08-13T12:44:52.2597573+01:00" endTime="2020-08-13T12:44:52.2606263+01:00" testType="13cdc9d9-ddb5-4fa4-a97d-d965ccfc6d4b" outcome="Passed" testListId="8c84fa94-04c1-424b-9868-57a2d4851a1d" relativeResultsDirectory="9b4aaf0c-df76-4caf-86c4-de7a1cf3dd7f" dataRowInfo="1" resultType="DataDrivenDataRow" />
        <UnitTestResult executionId="56f9760c-1e50-4c70-aac1-649d4c7215d5" parentExecutionId="a539633f-b3d2-4cb4-a403-7693f5926902" testId="29112d2a-2e73-305d-ec50-12fc95c28627" testName="ToReplaceSpecialChars_Passing_ValidValue_Returns_ReplacedValueWithoutIgnoreSpecialChars ( àáäâ ãøçħ , aaaa aoch )" computerName="PC-SFERRARI" duration="00:00:00.0000278" startTime="2020-08-13T12:44:52.2597573+01:00" endTime="2020-08-13T12:44:52.2606263+01:00" testType="13cdc9d9-ddb5-4fa4-a97d-d965ccfc6d4b" outcome="Passed" testListId="8c84fa94-04c1-424b-9868-57a2d4851a1d" relativeResultsDirectory="56f9760c-1e50-4c70-aac1-649d4c7215d5" dataRowInfo="2" resultType="DataDrivenDataRow" />
        <UnitTestResult executionId="0319935f-01b6-4ed1-a338-213678740844" parentExecutionId="a539633f-b3d2-4cb4-a403-7693f5926902" testId="29112d2a-2e73-305d-ec50-12fc95c28627" testName="ToReplaceSpecialChars_Passing_ValidValue_Returns_ReplacedValueWithoutIgnoreSpecialChars (*¨^_:-?¿;,)" computerName="PC-SFERRARI" duration="00:00:00.0000290" startTime="2020-08-13T12:44:52.2597573+01:00" endTime="2020-08-13T12:44:52.2606263+01:00" testType="13cdc9d9-ddb5-4fa4-a97d-d965ccfc6d4b" outcome="Passed" testListId="8c84fa94-04c1-424b-9868-57a2d4851a1d" relativeResultsDirectory="0319935f-01b6-4ed1-a338-213678740844" dataRowInfo="3" resultType="DataDrivenDataRow" />
        <UnitTestResult executionId="259ae318-8f48-439c-b3e9-d26a78eb220a" parentExecutionId="a539633f-b3d2-4cb4-a403-7693f5926902" testId="29112d2a-2e73-305d-ec50-12fc95c28627" testName="ToReplaceSpecialChars_Passing_ValidValue_Returns_ReplacedValueWithoutIgnoreSpecialChars ( * ¨ ^ _ : - ? ¿ ; ,          )" computerName="PC-SFERRARI" duration="00:00:00.0000276" startTime="2020-08-13T12:44:52.2597573+01:00" endTime="2020-08-13T12:44:52.2606263+01:00" testType="13cdc9d9-ddb5-4fa4-a97d-d965ccfc6d4b" outcome="Passed" testListId="8c84fa94-04c1-424b-9868-57a2d4851a1d" relativeResultsDirectory="259ae318-8f48-439c-b3e9-d26a78eb220a" dataRowInfo="4" resultType="DataDrivenDataRow" />
        <UnitTestResult executionId="206d7004-e838-496d-a2e8-b3a4ea677ab0" parentExecutionId="a539633f-b3d2-4cb4-a403-7693f5926902" testId="29112d2a-2e73-305d-ec50-12fc95c28627" testName="ToReplaceSpecialChars_Passing_ValidValue_Returns_ReplacedValueWithoutIgnoreSpecialChars (*¨^_:-?¿;,?¿,?¿)" computerName="PC-SFERRARI" duration="00:00:00.0000307" startTime="2020-08-13T12:44:52.2597573+01:00" endTime="2020-08-13T12:44:52.2606263+01:00" testType="13cdc9d9-ddb5-4fa4-a97d-d965ccfc6d4b" outcome="Passed" testListId="8c84fa94-04c1-424b-9868-57a2d4851a1d" relativeResultsDirectory="206d7004-e838-496d-a2e8-b3a4ea677ab0" dataRowInfo="5" resultType="DataDrivenDataRow" />
      </InnerResults>
    </UnitTestResult>
    <UnitTestResult executionId="1eeb38c2-082f-4835-b490-5030c3304bb0" testId="87c5dbd3-fd2a-1e49-42e5-8dc78affc8d6" testName="ToSerialize_Passing_Objects_Returns_String_Values" computerName="PC-SFERRARI" duration="00:00:00.0014654" startTime="2020-08-13T12:44:51.9243546+01:00" endTime="2020-08-13T12:44:51.9259961+01:00" testType="13cdc9d9-ddb5-4fa4-a97d-d965ccfc6d4b" outcome="Passed" testListId="8c84fa94-04c1-424b-9868-57a2d4851a1d" relativeResultsDirectory="1eeb38c2-082f-4835-b490-5030c3304bb0" />
    <UnitTestResult executionId="81c3ece5-7782-4f51-8dea-68caf65ab8d6" testId="c1b9482d-5008-2226-29f4-9800d3a2b340" testName="ToService_Passing_NotFound_Service_Returns_ApplicationException" computerName="PC-SFERRARI" duration="00:00:00.0005689" startTime="2020-08-13T12:44:50.8478117+01:00" endTime="2020-08-13T12:44:50.8485127+01:00" testType="13cdc9d9-ddb5-4fa4-a97d-d965ccfc6d4b" outcome="Passed" testListId="8c84fa94-04c1-424b-9868-57a2d4851a1d" relativeResultsDirectory="81c3ece5-7782-4f51-8dea-68caf65ab8d6" />
    <UnitTestResult executionId="d4ec495b-b94c-4ed3-813c-b7bf7113b8c7" testId="07d50dfb-3195-c832-23d2-97ae667f2010" testName="ToString_Passing_Valid_Collection_Returns_String_With_Default_Separator" computerName="PC-SFERRARI" duration="00:00:00.0005362" startTime="2020-08-13T12:44:50.9477968+01:00" endTime="2020-08-13T12:44:50.9484317+01:00" testType="13cdc9d9-ddb5-4fa4-a97d-d965ccfc6d4b" outcome="Passed" testListId="8c84fa94-04c1-424b-9868-57a2d4851a1d" relativeResultsDirectory="d4ec495b-b94c-4ed3-813c-b7bf7113b8c7" />
    <UnitTestResult executionId="b5c6fd90-569a-415e-9fdf-049362721d34" testId="34931354-7c25-7812-28fe-96ea501746b4" testName="ToSetTime_Passing_Time_String_Returns_DateTime" computerName="PC-SFERRARI" duration="00:00:00.0004771" startTime="2020-08-13T12:44:50.9340619+01:00" endTime="2020-08-13T12:44:50.9346171+01:00" testType="13cdc9d9-ddb5-4fa4-a97d-d965ccfc6d4b" outcome="Passed" testListId="8c84fa94-04c1-424b-9868-57a2d4851a1d" relativeResultsDirectory="b5c6fd90-569a-415e-9fdf-049362721d34" />
    <UnitTestResult executionId="93b35259-c2b6-479c-997e-cd639ffced8f" testId="1c5fe271-1e90-52f5-1f31-436b17e57702" testName="IsGreater_Passing_InvalidArguments_Returns_HasErrorsAndCount" computerName="PC-SFERRARI" duration="00:00:00.0043707" startTime="2020-08-13T12:44:50.5393706+01:00" endTime="2020-08-13T12:44:50.5438867+01:00" testType="13cdc9d9-ddb5-4fa4-a97d-d965ccfc6d4b" outcome="Passed" testListId="8c84fa94-04c1-424b-9868-57a2d4851a1d" relativeResultsDirectory="93b35259-c2b6-479c-997e-cd639ffced8f" />
    <UnitTestResult executionId="6091271a-8b9b-4f12-9cc5-865e66db2fb7" testId="432377b9-b0ad-9a2a-6dc2-e1069e73c449" testName="ToDefaultValue_Passing_bool_Returns_Cero" computerName="PC-SFERRARI" duration="00:00:00.0028165" startTime="2020-08-13T12:44:50.9923938+01:00" endTime="2020-08-13T12:44:50.9961935+01:00" testType="13cdc9d9-ddb5-4fa4-a97d-d965ccfc6d4b" outcome="Passed" testListId="8c84fa94-04c1-424b-9868-57a2d4851a1d" relativeResultsDirectory="6091271a-8b9b-4f12-9cc5-865e66db2fb7" resultType="DataDrivenTest">
      <InnerResults>
        <UnitTestResult executionId="31242f66-df14-4e1f-809d-4731655a8118" parentExecutionId="6091271a-8b9b-4f12-9cc5-865e66db2fb7" testId="432377b9-b0ad-9a2a-6dc2-e1069e73c449" testName="ToDefaultValue_Passing_bool_Returns_Cero (True)" computerName="PC-SFERRARI" duration="00:00:00.0004426" startTime="2020-08-13T12:44:50.9923938+01:00" endTime="2020-08-13T12:44:50.9961935+01:00" testType="13cdc9d9-ddb5-4fa4-a97d-d965ccfc6d4b" outcome="Passed" testListId="8c84fa94-04c1-424b-9868-57a2d4851a1d" relativeResultsDirectory="31242f66-df14-4e1f-809d-4731655a8118" dataRowInfo="1" resultType="DataDrivenDataRow" />
      </InnerResults>
    </UnitTestResult>
    <UnitTestResult executionId="6985a08e-b1c0-44e6-a1be-3b799477b682" testId="1b969e76-d97c-c639-c377-a41796fbb2c3" testName="ToHashAlgorithmName_Passing_InvalidValueString_Returns_Null" computerName="PC-SFERRARI" duration="00:00:00.0002870" startTime="2020-08-13T12:44:52.1822959+01:00" endTime="2020-08-13T12:44:52.1827215+01:00" testType="13cdc9d9-ddb5-4fa4-a97d-d965ccfc6d4b" outcome="Passed" testListId="8c84fa94-04c1-424b-9868-57a2d4851a1d" relativeResultsDirectory="6985a08e-b1c0-44e6-a1be-3b799477b682" resultType="DataDrivenTest">
      <InnerResults>
        <UnitTestResult executionId="da7221d5-6fad-4804-a112-ce5613483b31" parentExecutionId="6985a08e-b1c0-44e6-a1be-3b799477b682" testId="1b969e76-d97c-c639-c377-a41796fbb2c3" testName="ToHashAlgorithmName_Passing_InvalidValueString_Returns_Null (hhhhhh)" computerName="PC-SFERRARI" duration="00:00:00.0002401" startTime="2020-08-13T12:44:52.1822959+01:00" endTime="2020-08-13T12:44:52.1827215+01:00" testType="13cdc9d9-ddb5-4fa4-a97d-d965ccfc6d4b" outcome="Passed" testListId="8c84fa94-04c1-424b-9868-57a2d4851a1d" relativeResultsDirectory="da7221d5-6fad-4804-a112-ce5613483b31" dataRowInfo="1" resultType="DataDrivenDataRow" />
      </InnerResults>
    </UnitTestResult>
    <UnitTestResult executionId="d1e5b1bf-cbbf-4d60-8109-c4d176458fcd" testId="c09577a6-adca-ef94-40b5-45575ad65e4f" testName="ToEnvironment_ServiceProvider_Passing_Development_Enviroment_Returns_Development_Name" computerName="PC-SFERRARI" duration="00:00:00.0040234" startTime="2020-08-13T12:44:50.7985462+01:00" endTime="2020-08-13T12:44:50.8026687+01:00" testType="13cdc9d9-ddb5-4fa4-a97d-d965ccfc6d4b" outcome="Passed" testListId="8c84fa94-04c1-424b-9868-57a2d4851a1d" relativeResultsDirectory="d1e5b1bf-cbbf-4d60-8109-c4d176458fcd" />
    <UnitTestResult executionId="0c2dad8e-23a4-4599-9305-247ae59c47c2" testId="c63cd623-e636-5730-a1fa-b18ae782acc7" testName="ToInt_Passing_Enumeration_Name_Returns_Description_Atributte" computerName="PC-SFERRARI" duration="00:00:00.0004628" startTime="2020-08-13T12:44:50.9586674+01:00" endTime="2020-08-13T12:44:50.9592655+01:00" testType="13cdc9d9-ddb5-4fa4-a97d-d965ccfc6d4b" outcome="Passed" testListId="8c84fa94-04c1-424b-9868-57a2d4851a1d" relativeResultsDirectory="0c2dad8e-23a4-4599-9305-247ae59c47c2" />
    <UnitTestResult executionId="23aa6c12-8b6c-422f-a016-4a35276b7d78" testId="605637df-9854-875b-b3aa-6675f3fbd045" testName="ToEnum_Passing_ValidValue_String_Returns_EnumValue" computerName="PC-SFERRARI" duration="00:00:00.0001260" startTime="2020-08-13T12:44:52.1610189+01:00" endTime="2020-08-13T12:44:52.1612267+01:00" testType="13cdc9d9-ddb5-4fa4-a97d-d965ccfc6d4b" outcome="Passed" testListId="8c84fa94-04c1-424b-9868-57a2d4851a1d" relativeResultsDirectory="23aa6c12-8b6c-422f-a016-4a35276b7d78" />
    <UnitTestResult executionId="d3fdd7bc-fbd6-4ac5-83e4-374ce6caf508" testId="1f6423c7-4317-6f5b-c112-f4c9c7e822af" testName="ToEmailMaskUserNameAndDomainAndExtension_Passing_ValidEmail_Returns_EmailWithMask" computerName="PC-SFERRARI" duration="00:00:00.0037200" startTime="2020-08-13T12:44:52.1333264+01:00" endTime="2020-08-13T12:44:52.1371493+01:00" testType="13cdc9d9-ddb5-4fa4-a97d-d965ccfc6d4b" outcome="Passed" testListId="8c84fa94-04c1-424b-9868-57a2d4851a1d" relativeResultsDirectory="d3fdd7bc-fbd6-4ac5-83e4-374ce6caf508" resultType="DataDrivenTest">
      <InnerResults>
        <UnitTestResult executionId="0e33a5cd-852f-4a4a-a097-b403b5874e8e" parentExecutionId="d3fdd7bc-fbd6-4ac5-83e4-374ce6caf508" testId="1f6423c7-4317-6f5b-c112-f4c9c7e822af" testName="ToEmailMaskUserNameAndDomainAndExtension_Passing_ValidEmail_Returns_EmailWithMask (miemail@gmail.com,m*****l@g***l.c*m)" computerName="PC-SFERRARI" duration="00:00:00.0036614" startTime="2020-08-13T12:44:52.1333264+01:00" endTime="2020-08-13T12:44:52.1371493+01:00" testType="13cdc9d9-ddb5-4fa4-a97d-d965ccfc6d4b" outcome="Passed" testListId="8c84fa94-04c1-424b-9868-57a2d4851a1d" relativeResultsDirectory="0e33a5cd-852f-4a4a-a097-b403b5874e8e" dataRowInfo="1" resultType="DataDrivenDataRow" />
      </InnerResults>
    </UnitTestResult>
    <UnitTestResult executionId="acafd3ed-f3fa-4035-b9b8-ba53b4b52ff8" testId="459f13f4-e266-2f20-5c30-d2c64797095d" testName="ToIsWeekend_Passing_Friday_DateTime_Returns_False" computerName="PC-SFERRARI" duration="00:00:00.0002659" startTime="2020-08-13T12:44:50.9327955+01:00" endTime="2020-08-13T12:44:50.9331456+01:00" testType="13cdc9d9-ddb5-4fa4-a97d-d965ccfc6d4b" outcome="Passed" testListId="8c84fa94-04c1-424b-9868-57a2d4851a1d" relativeResultsDirectory="acafd3ed-f3fa-4035-b9b8-ba53b4b52ff8" />
    <UnitTestResult executionId="a4d5f9c5-bd6c-46bf-9c37-cd3e1ae3f78f" testId="e608205e-4953-e9a3-1956-895ed42ab083" testName="IsFileExtension_Passing_InvalidArguments_Returns_HasErrorsAndCount" computerName="PC-SFERRARI" duration="00:00:00.0005265" startTime="2020-08-13T12:44:50.5333800+01:00" endTime="2020-08-13T12:44:50.5339969+01:00" testType="13cdc9d9-ddb5-4fa4-a97d-d965ccfc6d4b" outcome="Passed" testListId="8c84fa94-04c1-424b-9868-57a2d4851a1d" relativeResultsDirectory="a4d5f9c5-bd6c-46bf-9c37-cd3e1ae3f78f" />
    <UnitTestResult executionId="ed8b0cca-9aac-4ee7-a18e-19d2ad14c90c" testId="8a5cc6e0-e73e-2131-64bd-e73fc6c2a32e" testName="IsRange_Passing_InvalidArguments_Returns_HasErrorsAndCount" computerName="PC-SFERRARI" duration="00:00:00.0009511" startTime="2020-08-13T12:44:50.5662118+01:00" endTime="2020-08-13T12:44:50.5672481+01:00" testType="13cdc9d9-ddb5-4fa4-a97d-d965ccfc6d4b" outcome="Passed" testListId="8c84fa94-04c1-424b-9868-57a2d4851a1d" relativeResultsDirectory="ed8b0cca-9aac-4ee7-a18e-19d2ad14c90c" />
    <UnitTestResult executionId="ddee4561-dda6-496c-982c-90492e6712d8" testId="43c10c64-8836-30db-afbe-d1657a7dd9d8" testName="ToHeader_Passing_HttpRequest_Header_Many_Values_Returns_Values" computerName="PC-SFERRARI" duration="00:00:00.0641350" startTime="2020-08-13T12:44:51.2614502+01:00" endTime="2020-08-13T12:44:51.3258163+01:00" testType="13cdc9d9-ddb5-4fa4-a97d-d965ccfc6d4b" outcome="Passed" testListId="8c84fa94-04c1-424b-9868-57a2d4851a1d" relativeResultsDirectory="ddee4561-dda6-496c-982c-90492e6712d8" />
    <UnitTestResult executionId="818cfffc-9e27-4138-803a-9f2a0e358e0e" testId="e93b141b-fdfd-0f98-21e5-3eb211b6e88b" testName="ToDefaultValue_Passing_long_Returns_Cero" computerName="PC-SFERRARI" duration="00:00:00.0003014" startTime="2020-08-13T12:44:51.0061160+01:00" endTime="2020-08-13T12:44:51.0064836+01:00" testType="13cdc9d9-ddb5-4fa4-a97d-d965ccfc6d4b" outcome="Passed" testListId="8c84fa94-04c1-424b-9868-57a2d4851a1d" relativeResultsDirectory="818cfffc-9e27-4138-803a-9f2a0e358e0e" resultType="DataDrivenTest">
      <InnerResults>
        <UnitTestResult executionId="2c2d8ded-aa0b-46df-abec-cf1d7bbc5bf8" parentExecutionId="818cfffc-9e27-4138-803a-9f2a0e358e0e" testId="e93b141b-fdfd-0f98-21e5-3eb211b6e88b" testName="ToDefaultValue_Passing_long_Returns_Cero (9223372036854775807)" computerName="PC-SFERRARI" duration="00:00:00.0002536" startTime="2020-08-13T12:44:51.0061160+01:00" endTime="2020-08-13T12:44:51.0064836+01:00" testType="13cdc9d9-ddb5-4fa4-a97d-d965ccfc6d4b" outcome="Passed" testListId="8c84fa94-04c1-424b-9868-57a2d4851a1d" relativeResultsDirectory="2c2d8ded-aa0b-46df-abec-cf1d7bbc5bf8" dataRowInfo="1" resultType="DataDrivenDataRow" />
      </InnerResults>
    </UnitTestResult>
    <UnitTestResult executionId="f99213b0-9362-4335-a142-e592704e9888" testId="34e0940c-fc9c-71db-fc18-7d52ee8761a0" testName="ToAuthenticationType_Passing_Claims_Returns_Null" computerName="PC-SFERRARI" duration="00:00:00.0005915" startTime="2020-08-13T12:44:50.6275014+01:00" endTime="2020-08-13T12:44:50.6282192+01:00" testType="13cdc9d9-ddb5-4fa4-a97d-d965ccfc6d4b" outcome="Passed" testListId="8c84fa94-04c1-424b-9868-57a2d4851a1d" relativeResultsDirectory="f99213b0-9362-4335-a142-e592704e9888" />
    <UnitTestResult executionId="461a1d43-8846-4e9f-bfdf-bfad0c609abf" testId="3721d3c1-7c03-ad84-143f-64bfeb5b314e" testName="ToAssembly_Passing_ValidValueAssemblyString_Returns_Assembly" computerName="PC-SFERRARI" duration="00:00:00.0003891" startTime="2020-08-13T12:44:52.0628069+01:00" endTime="2020-08-13T12:44:52.0635661+01:00" testType="13cdc9d9-ddb5-4fa4-a97d-d965ccfc6d4b" outcome="Passed" testListId="8c84fa94-04c1-424b-9868-57a2d4851a1d" relativeResultsDirectory="461a1d43-8846-4e9f-bfdf-bfad0c609abf" />
    <UnitTestResult executionId="079d42a6-48d1-4d9c-af5c-bcc93ac5d9ac" testId="678a7b5d-e2f9-09be-f35f-0e3e4d5ad033" testName="ToDeserialize_Passing_String_Returns_Object" computerName="PC-SFERRARI" duration="00:00:00.0025428" startTime="2020-08-13T12:44:51.9100989+01:00" endTime="2020-08-13T12:44:51.9128164+01:00" testType="13cdc9d9-ddb5-4fa4-a97d-d965ccfc6d4b" outcome="Passed" testListId="8c84fa94-04c1-424b-9868-57a2d4851a1d" relativeResultsDirectory="079d42a6-48d1-4d9c-af5c-bcc93ac5d9ac" />
    <UnitTestResult executionId="5e1ccc55-13b2-4d10-b0b0-d5244ecf7588" testId="c8fd6d3c-b723-929b-f175-dbdc2a7be855" testName="ToIsWeekend_Passing_Sunday_DateTime_Returns_True" computerName="PC-SFERRARI" duration="00:00:00.0001380" startTime="2020-08-13T12:44:50.9334014+01:00" endTime="2020-08-13T12:44:50.9336130+01:00" testType="13cdc9d9-ddb5-4fa4-a97d-d965ccfc6d4b" outcome="Passed" testListId="8c84fa94-04c1-424b-9868-57a2d4851a1d" relativeResultsDirectory="5e1ccc55-13b2-4d10-b0b0-d5244ecf7588" />
    <UnitTestResult executionId="25f211a7-c4ee-423c-95ca-3db82afceeb0" testId="ac572b27-5286-68a4-5380-d7de82fbf69a" testName="ToFormat_Passing_ValidValueFormatWithArguments_Returns_ValueWithFormat" computerName="PC-SFERRARI" duration="00:00:00.0004311" startTime="2020-08-13T12:44:52.1731634+01:00" endTime="2020-08-13T12:44:52.1736870+01:00" testType="13cdc9d9-ddb5-4fa4-a97d-d965ccfc6d4b" outcome="Passed" testListId="8c84fa94-04c1-424b-9868-57a2d4851a1d" relativeResultsDirectory="25f211a7-c4ee-423c-95ca-3db82afceeb0" />
    <UnitTestResult executionId="8aa033ec-ba90-4499-9c7e-0e7e33230665" testId="5385d994-9594-6052-11cb-73f8d2344981" testName="ToPath_Passing_HttpRequest_Scheme_Host_Path_Returns_Url" computerName="PC-SFERRARI" duration="00:00:00.0022501" startTime="2020-08-13T12:44:51.3267430+01:00" endTime="2020-08-13T12:44:51.3290876+01:00" testType="13cdc9d9-ddb5-4fa4-a97d-d965ccfc6d4b" outcome="Passed" testListId="8c84fa94-04c1-424b-9868-57a2d4851a1d" relativeResultsDirectory="8aa033ec-ba90-4499-9c7e-0e7e33230665" />
    <UnitTestResult executionId="5e27c979-9ee9-4701-bfe7-8cdf7caca222" testId="c180eeb5-df7f-187e-c74d-0f6d31acdec5" testName="ToUri_Passing_InvalidValueString_Returns_Null" computerName="PC-SFERRARI" duration="00:00:00.0004078" startTime="2020-08-13T12:44:52.2892832+01:00" endTime="2020-08-13T12:44:52.2898620+01:00" testType="13cdc9d9-ddb5-4fa4-a97d-d965ccfc6d4b" outcome="Passed" testListId="8c84fa94-04c1-424b-9868-57a2d4851a1d" relativeResultsDirectory="5e27c979-9ee9-4701-bfe7-8cdf7caca222" resultType="DataDrivenTest">
      <InnerResults>
        <UnitTestResult executionId="cf102595-14ed-412f-8b81-a394b36fa369" parentExecutionId="5e27c979-9ee9-4701-bfe7-8cdf7caca222" testId="c180eeb5-df7f-187e-c74d-0f6d31acdec5" testName="ToUri_Passing_InvalidValueString_Returns_Null (http://?)" computerName="PC-SFERRARI" duration="00:00:00.0002231" startTime="2020-08-13T12:44:52.2892832+01:00" endTime="2020-08-13T12:44:52.2898620+01:00" testType="13cdc9d9-ddb5-4fa4-a97d-d965ccfc6d4b" outcome="Passed" testListId="8c84fa94-04c1-424b-9868-57a2d4851a1d" relativeResultsDirectory="cf102595-14ed-412f-8b81-a394b36fa369" dataRowInfo="1" resultType="DataDrivenDataRow" />
        <UnitTestResult executionId="adc9c7af-5edb-4ee1-95bd-6be653bc4131" parentExecutionId="5e27c979-9ee9-4701-bfe7-8cdf7caca222" testId="c180eeb5-df7f-187e-c74d-0f6d31acdec5" testName="ToUri_Passing_InvalidValueString_Returns_Null (http://)" computerName="PC-SFERRARI" duration="00:00:00.0000055" startTime="2020-08-13T12:44:52.2892832+01:00" endTime="2020-08-13T12:44:52.2898620+01:00" testType="13cdc9d9-ddb5-4fa4-a97d-d965ccfc6d4b" outcome="Passed" testListId="8c84fa94-04c1-424b-9868-57a2d4851a1d" relativeResultsDirectory="adc9c7af-5edb-4ee1-95bd-6be653bc4131" dataRowInfo="2" resultType="DataDrivenDataRow" />
        <UnitTestResult executionId="7e061573-f6fc-46b1-b40b-2ecd8acb2c5e" parentExecutionId="5e27c979-9ee9-4701-bfe7-8cdf7caca222" testId="c180eeb5-df7f-187e-c74d-0f6d31acdec5" testName="ToUri_Passing_InvalidValueString_Returns_Null (http://.)" computerName="PC-SFERRARI" duration="00:00:00.0000040" startTime="2020-08-13T12:44:52.2892832+01:00" endTime="2020-08-13T12:44:52.2898620+01:00" testType="13cdc9d9-ddb5-4fa4-a97d-d965ccfc6d4b" outcome="Passed" testListId="8c84fa94-04c1-424b-9868-57a2d4851a1d" relativeResultsDirectory="7e061573-f6fc-46b1-b40b-2ecd8acb2c5e" dataRowInfo="3" resultType="DataDrivenDataRow" />
        <UnitTestResult executionId="98a92a7c-fee3-4fa6-ab25-b82041cc09df" parentExecutionId="5e27c979-9ee9-4701-bfe7-8cdf7caca222" testId="c180eeb5-df7f-187e-c74d-0f6d31acdec5" testName="ToUri_Passing_InvalidValueString_Returns_Null (http://..)" computerName="PC-SFERRARI" duration="00:00:00.0000034" startTime="2020-08-13T12:44:52.2892832+01:00" endTime="2020-08-13T12:44:52.2898620+01:00" testType="13cdc9d9-ddb5-4fa4-a97d-d965ccfc6d4b" outcome="Passed" testListId="8c84fa94-04c1-424b-9868-57a2d4851a1d" relativeResultsDirectory="98a92a7c-fee3-4fa6-ab25-b82041cc09df" dataRowInfo="4" resultType="DataDrivenDataRow" />
        <UnitTestResult executionId="09412b50-0c36-4901-8f42-0bd834aef4e8" parentExecutionId="5e27c979-9ee9-4701-bfe7-8cdf7caca222" testId="c180eeb5-df7f-187e-c74d-0f6d31acdec5" testName="ToUri_Passing_InvalidValueString_Returns_Null (http://../)" computerName="PC-SFERRARI" duration="00:00:00.0000030" startTime="2020-08-13T12:44:52.2892832+01:00" endTime="2020-08-13T12:44:52.2898620+01:00" testType="13cdc9d9-ddb5-4fa4-a97d-d965ccfc6d4b" outcome="Passed" testListId="8c84fa94-04c1-424b-9868-57a2d4851a1d" relativeResultsDirectory="09412b50-0c36-4901-8f42-0bd834aef4e8" dataRowInfo="5" resultType="DataDrivenDataRow" />
        <UnitTestResult executionId="f69c3288-e796-4f90-9178-23a78bf306b6" parentExecutionId="5e27c979-9ee9-4701-bfe7-8cdf7caca222" testId="c180eeb5-df7f-187e-c74d-0f6d31acdec5" testName="ToUri_Passing_InvalidValueString_Returns_Null (http://?)" computerName="PC-SFERRARI" duration="00:00:00.0000029" startTime="2020-08-13T12:44:52.2892832+01:00" endTime="2020-08-13T12:44:52.2898620+01:00" testType="13cdc9d9-ddb5-4fa4-a97d-d965ccfc6d4b" outcome="Passed" testListId="8c84fa94-04c1-424b-9868-57a2d4851a1d" relativeResultsDirectory="f69c3288-e796-4f90-9178-23a78bf306b6" dataRowInfo="6" resultType="DataDrivenDataRow" />
        <UnitTestResult executionId="929cf358-482c-4fd8-b2f2-1b417a8e3d19" parentExecutionId="5e27c979-9ee9-4701-bfe7-8cdf7caca222" testId="c180eeb5-df7f-187e-c74d-0f6d31acdec5" testName="ToUri_Passing_InvalidValueString_Returns_Null (http://??)" computerName="PC-SFERRARI" duration="00:00:00.0000029" startTime="2020-08-13T12:44:52.2892832+01:00" endTime="2020-08-13T12:44:52.2898620+01:00" testType="13cdc9d9-ddb5-4fa4-a97d-d965ccfc6d4b" outcome="Passed" testListId="8c84fa94-04c1-424b-9868-57a2d4851a1d" relativeResultsDirectory="929cf358-482c-4fd8-b2f2-1b417a8e3d19" dataRowInfo="7" resultType="DataDrivenDataRow" />
        <UnitTestResult executionId="6f10c66e-b270-4fdc-b5e4-c38db4ef8c72" parentExecutionId="5e27c979-9ee9-4701-bfe7-8cdf7caca222" testId="c180eeb5-df7f-187e-c74d-0f6d31acdec5" testName="ToUri_Passing_InvalidValueString_Returns_Null (http://??/)" computerName="PC-SFERRARI" duration="00:00:00.0000028" startTime="2020-08-13T12:44:52.2892832+01:00" endTime="2020-08-13T12:44:52.2898620+01:00" testType="13cdc9d9-ddb5-4fa4-a97d-d965ccfc6d4b" outcome="Passed" testListId="8c84fa94-04c1-424b-9868-57a2d4851a1d" relativeResultsDirectory="6f10c66e-b270-4fdc-b5e4-c38db4ef8c72" dataRowInfo="8" resultType="DataDrivenDataRow" />
        <UnitTestResult executionId="b4cbf61c-03ee-47a4-99b6-da1df0984482" parentExecutionId="5e27c979-9ee9-4701-bfe7-8cdf7caca222" testId="c180eeb5-df7f-187e-c74d-0f6d31acdec5" testName="ToUri_Passing_InvalidValueString_Returns_Null (http://#)" computerName="PC-SFERRARI" duration="00:00:00.0000028" startTime="2020-08-13T12:44:52.2892832+01:00" endTime="2020-08-13T12:44:52.2898620+01:00" testType="13cdc9d9-ddb5-4fa4-a97d-d965ccfc6d4b" outcome="Passed" testListId="8c84fa94-04c1-424b-9868-57a2d4851a1d" relativeResultsDirectory="b4cbf61c-03ee-47a4-99b6-da1df0984482" dataRowInfo="9" resultType="DataDrivenDataRow" />
        <UnitTestResult executionId="d31d0ab1-0adc-4981-82e6-9f184eabfa8d" parentExecutionId="5e27c979-9ee9-4701-bfe7-8cdf7caca222" testId="c180eeb5-df7f-187e-c74d-0f6d31acdec5" testName="ToUri_Passing_InvalidValueString_Returns_Null (http://##)" computerName="PC-SFERRARI" duration="00:00:00.0000138" startTime="2020-08-13T12:44:52.2892832+01:00" endTime="2020-08-13T12:44:52.2898620+01:00" testType="13cdc9d9-ddb5-4fa4-a97d-d965ccfc6d4b" outcome="Passed" testListId="8c84fa94-04c1-424b-9868-57a2d4851a1d" relativeResultsDirectory="d31d0ab1-0adc-4981-82e6-9f184eabfa8d" dataRowInfo="10" resultType="DataDrivenDataRow" />
        <UnitTestResult executionId="499085da-e45a-4d94-9d78-c9a1179374d9" parentExecutionId="5e27c979-9ee9-4701-bfe7-8cdf7caca222" testId="c180eeb5-df7f-187e-c74d-0f6d31acdec5" testName="ToUri_Passing_InvalidValueString_Returns_Null (http://##/)" computerName="PC-SFERRARI" duration="00:00:00.0000034" startTime="2020-08-13T12:44:52.2892832+01:00" endTime="2020-08-13T12:44:52.2898620+01:00" testType="13cdc9d9-ddb5-4fa4-a97d-d965ccfc6d4b" outcome="Passed" testListId="8c84fa94-04c1-424b-9868-57a2d4851a1d" relativeResultsDirectory="499085da-e45a-4d94-9d78-c9a1179374d9" dataRowInfo="11" resultType="DataDrivenDataRow" />
      </InnerResults>
    </UnitTestResult>
    <UnitTestResult executionId="fe4ee627-4bcc-4746-b3b5-1c29336085c7" testId="bb347f18-44ab-0d77-d5bd-a671e4c37650" testName="ToRemove_Passing_ValidValue_Returns_ValueWithoutRemovedChars" computerName="PC-SFERRARI" duration="00:00:00.0006899" startTime="2020-08-13T12:44:52.2459516+01:00" endTime="2020-08-13T12:44:52.2468216+01:00" testType="13cdc9d9-ddb5-4fa4-a97d-d965ccfc6d4b" outcome="Passed" testListId="8c84fa94-04c1-424b-9868-57a2d4851a1d" relativeResultsDirectory="fe4ee627-4bcc-4746-b3b5-1c29336085c7" resultType="DataDrivenTest">
      <InnerResults>
        <UnitTestResult executionId="915b812b-38d9-463a-a2c5-a8378d0a7a86" parentExecutionId="fe4ee627-4bcc-4746-b3b5-1c29336085c7" testId="bb347f18-44ab-0d77-d5bd-a671e4c37650" testName="ToRemove_Passing_ValidValue_Returns_ValueWithoutRemovedChars ( *, ,*)" computerName="PC-SFERRARI" duration="00:00:00.0004403" startTime="2020-08-13T12:44:52.2459516+01:00" endTime="2020-08-13T12:44:52.2468216+01:00" testType="13cdc9d9-ddb5-4fa4-a97d-d965ccfc6d4b" outcome="Passed" testListId="8c84fa94-04c1-424b-9868-57a2d4851a1d" relativeResultsDirectory="915b812b-38d9-463a-a2c5-a8378d0a7a86" dataRowInfo="1" resultType="DataDrivenDataRow" />
        <UnitTestResult executionId="515531ef-da52-48af-8e8f-34af8fad867b" parentExecutionId="fe4ee627-4bcc-4746-b3b5-1c29336085c7" testId="bb347f18-44ab-0d77-d5bd-a671e4c37650" testName="ToRemove_Passing_ValidValue_Returns_ValueWithoutRemovedChars (* , ,*)" computerName="PC-SFERRARI" duration="00:00:00.0000096" startTime="2020-08-13T12:44:52.2459516+01:00" endTime="2020-08-13T12:44:52.2468216+01:00" testType="13cdc9d9-ddb5-4fa4-a97d-d965ccfc6d4b" outcome="Passed" testListId="8c84fa94-04c1-424b-9868-57a2d4851a1d" relativeResultsDirectory="515531ef-da52-48af-8e8f-34af8fad867b" dataRowInfo="2" resultType="DataDrivenDataRow" />
        <UnitTestResult executionId="f3c32817-e6f4-4885-bc6d-b655820b09ef" parentExecutionId="fe4ee627-4bcc-4746-b3b5-1c29336085c7" testId="bb347f18-44ab-0d77-d5bd-a671e4c37650" testName="ToRemove_Passing_ValidValue_Returns_ValueWithoutRemovedChars ( * , ,*)" computerName="PC-SFERRARI" duration="00:00:00.0000040" startTime="2020-08-13T12:44:52.2459516+01:00" endTime="2020-08-13T12:44:52.2468216+01:00" testType="13cdc9d9-ddb5-4fa4-a97d-d965ccfc6d4b" outcome="Passed" testListId="8c84fa94-04c1-424b-9868-57a2d4851a1d" relativeResultsDirectory="f3c32817-e6f4-4885-bc6d-b655820b09ef" dataRowInfo="3" resultType="DataDrivenDataRow" />
        <UnitTestResult executionId="0f9cfa70-007e-4b13-b726-d351be39088a" parentExecutionId="fe4ee627-4bcc-4746-b3b5-1c29336085c7" testId="bb347f18-44ab-0d77-d5bd-a671e4c37650" testName="ToRemove_Passing_ValidValue_Returns_ValueWithoutRemovedChars (hello hello, ,hellohello)" computerName="PC-SFERRARI" duration="00:00:00.0000039" startTime="2020-08-13T12:44:52.2459516+01:00" endTime="2020-08-13T12:44:52.2468216+01:00" testType="13cdc9d9-ddb5-4fa4-a97d-d965ccfc6d4b" outcome="Passed" testListId="8c84fa94-04c1-424b-9868-57a2d4851a1d" relativeResultsDirectory="0f9cfa70-007e-4b13-b726-d351be39088a" dataRowInfo="4" resultType="DataDrivenDataRow" />
        <UnitTestResult executionId="373227e6-1289-448b-b128-31b1f8ebe7a7" parentExecutionId="fe4ee627-4bcc-4746-b3b5-1c29336085c7" testId="bb347f18-44ab-0d77-d5bd-a671e4c37650" testName="ToRemove_Passing_ValidValue_Returns_ValueWithoutRemovedChars (hello hello , ,hellohello)" computerName="PC-SFERRARI" duration="00:00:00.0000036" startTime="2020-08-13T12:44:52.2459516+01:00" endTime="2020-08-13T12:44:52.2468216+01:00" testType="13cdc9d9-ddb5-4fa4-a97d-d965ccfc6d4b" outcome="Passed" testListId="8c84fa94-04c1-424b-9868-57a2d4851a1d" relativeResultsDirectory="373227e6-1289-448b-b128-31b1f8ebe7a7" dataRowInfo="5" resultType="DataDrivenDataRow" />
        <UnitTestResult executionId="99e70813-69ad-4757-8f84-8bda9cde42b2" parentExecutionId="fe4ee627-4bcc-4746-b3b5-1c29336085c7" testId="bb347f18-44ab-0d77-d5bd-a671e4c37650" testName="ToRemove_Passing_ValidValue_Returns_ValueWithoutRemovedChars ( hello hello , ,hellohello)" computerName="PC-SFERRARI" duration="00:00:00.0000039" startTime="2020-08-13T12:44:52.2459516+01:00" endTime="2020-08-13T12:44:52.2468216+01:00" testType="13cdc9d9-ddb5-4fa4-a97d-d965ccfc6d4b" outcome="Passed" testListId="8c84fa94-04c1-424b-9868-57a2d4851a1d" relativeResultsDirectory="99e70813-69ad-4757-8f84-8bda9cde42b2" dataRowInfo="6" resultType="DataDrivenDataRow" />
        <UnitTestResult executionId="c0ac46f5-9598-41f7-b7ce-ae0065d9d9f5" parentExecutionId="fe4ee627-4bcc-4746-b3b5-1c29336085c7" testId="bb347f18-44ab-0d77-d5bd-a671e4c37650" testName="ToRemove_Passing_ValidValue_Returns_ValueWithoutRemovedChars (aeiou,a,eiou)" computerName="PC-SFERRARI" duration="00:00:00.0000034" startTime="2020-08-13T12:44:52.2459516+01:00" endTime="2020-08-13T12:44:52.2468216+01:00" testType="13cdc9d9-ddb5-4fa4-a97d-d965ccfc6d4b" outcome="Passed" testListId="8c84fa94-04c1-424b-9868-57a2d4851a1d" relativeResultsDirectory="c0ac46f5-9598-41f7-b7ce-ae0065d9d9f5" dataRowInfo="7" resultType="DataDrivenDataRow" />
        <UnitTestResult executionId="852ce0d9-b65c-411d-872c-fbcb6913f4bc" parentExecutionId="fe4ee627-4bcc-4746-b3b5-1c29336085c7" testId="bb347f18-44ab-0d77-d5bd-a671e4c37650" testName="ToRemove_Passing_ValidValue_Returns_ValueWithoutRemovedChars (aeiou,ae,iou)" computerName="PC-SFERRARI" duration="00:00:00.0000038" startTime="2020-08-13T12:44:52.2459516+01:00" endTime="2020-08-13T12:44:52.2468216+01:00" testType="13cdc9d9-ddb5-4fa4-a97d-d965ccfc6d4b" outcome="Passed" testListId="8c84fa94-04c1-424b-9868-57a2d4851a1d" relativeResultsDirectory="852ce0d9-b65c-411d-872c-fbcb6913f4bc" dataRowInfo="8" resultType="DataDrivenDataRow" />
        <UnitTestResult executionId="07e295b4-73a5-4408-9618-328c90070cd9" parentExecutionId="fe4ee627-4bcc-4746-b3b5-1c29336085c7" testId="bb347f18-44ab-0d77-d5bd-a671e4c37650" testName="ToRemove_Passing_ValidValue_Returns_ValueWithoutRemovedChars (aeiou,aei,ou)" computerName="PC-SFERRARI" duration="00:00:00.0000032" startTime="2020-08-13T12:44:52.2459516+01:00" endTime="2020-08-13T12:44:52.2468216+01:00" testType="13cdc9d9-ddb5-4fa4-a97d-d965ccfc6d4b" outcome="Passed" testListId="8c84fa94-04c1-424b-9868-57a2d4851a1d" relativeResultsDirectory="07e295b4-73a5-4408-9618-328c90070cd9" dataRowInfo="9" resultType="DataDrivenDataRow" />
        <UnitTestResult executionId="9e30ab49-7369-4f48-9e51-3289ac0e36b8" parentExecutionId="fe4ee627-4bcc-4746-b3b5-1c29336085c7" testId="bb347f18-44ab-0d77-d5bd-a671e4c37650" testName="ToRemove_Passing_ValidValue_Returns_ValueWithoutRemovedChars (aeiou,aeio,u)" computerName="PC-SFERRARI" duration="00:00:00.0000033" startTime="2020-08-13T12:44:52.2459516+01:00" endTime="2020-08-13T12:44:52.2468216+01:00" testType="13cdc9d9-ddb5-4fa4-a97d-d965ccfc6d4b" outcome="Passed" testListId="8c84fa94-04c1-424b-9868-57a2d4851a1d" relativeResultsDirectory="9e30ab49-7369-4f48-9e51-3289ac0e36b8" dataRowInfo="10" resultType="DataDrivenDataRow" />
        <UnitTestResult executionId="509e111f-0ec9-4109-bbca-9bd8ce0a1ea1" parentExecutionId="fe4ee627-4bcc-4746-b3b5-1c29336085c7" testId="bb347f18-44ab-0d77-d5bd-a671e4c37650" testName="ToRemove_Passing_ValidValue_Returns_ValueWithoutRemovedChars (aeiou,aeiou,)" computerName="PC-SFERRARI" duration="00:00:00.0000030" startTime="2020-08-13T12:44:52.2459516+01:00" endTime="2020-08-13T12:44:52.2468216+01:00" testType="13cdc9d9-ddb5-4fa4-a97d-d965ccfc6d4b" outcome="Passed" testListId="8c84fa94-04c1-424b-9868-57a2d4851a1d" relativeResultsDirectory="509e111f-0ec9-4109-bbca-9bd8ce0a1ea1" dataRowInfo="11" resultType="DataDrivenDataRow" />
        <UnitTestResult executionId="5c162339-c891-4c5b-a5b9-0978e9d7a4a6" parentExecutionId="fe4ee627-4bcc-4746-b3b5-1c29336085c7" testId="bb347f18-44ab-0d77-d5bd-a671e4c37650" testName="ToRemove_Passing_ValidValue_Returns_ValueWithoutRemovedChars (aeiou,e,aiou)" computerName="PC-SFERRARI" duration="00:00:00.0000034" startTime="2020-08-13T12:44:52.2459516+01:00" endTime="2020-08-13T12:44:52.2468216+01:00" testType="13cdc9d9-ddb5-4fa4-a97d-d965ccfc6d4b" outcome="Passed" testListId="8c84fa94-04c1-424b-9868-57a2d4851a1d" relativeResultsDirectory="5c162339-c891-4c5b-a5b9-0978e9d7a4a6" dataRowInfo="12" resultType="DataDrivenDataRow" />
        <UnitTestResult executionId="1ae1edb5-96f9-4172-9f91-b22b854f9c23" parentExecutionId="fe4ee627-4bcc-4746-b3b5-1c29336085c7" testId="bb347f18-44ab-0d77-d5bd-a671e4c37650" testName="ToRemove_Passing_ValidValue_Returns_ValueWithoutRemovedChars (aeiou,ei,aou)" computerName="PC-SFERRARI" duration="00:00:00.0000033" startTime="2020-08-13T12:44:52.2459516+01:00" endTime="2020-08-13T12:44:52.2468216+01:00" testType="13cdc9d9-ddb5-4fa4-a97d-d965ccfc6d4b" outcome="Passed" testListId="8c84fa94-04c1-424b-9868-57a2d4851a1d" relativeResultsDirectory="1ae1edb5-96f9-4172-9f91-b22b854f9c23" dataRowInfo="13" resultType="DataDrivenDataRow" />
      </InnerResults>
    </UnitTestResult>
    <UnitTestResult executionId="0f99c794-3282-42cd-8252-95b93a45c55e" testId="0f697beb-b7a4-6aa6-9017-b57feeb9ba7f" testName="ToEnvironment_ServiceCollection_Passing_Development_Enviroment_Returns_Development_Name" computerName="PC-SFERRARI" duration="00:00:00.0004757" startTime="2020-08-13T12:44:50.7969127+01:00" endTime="2020-08-13T12:44:50.7974746+01:00" testType="13cdc9d9-ddb5-4fa4-a97d-d965ccfc6d4b" outcome="Passed" testListId="8c84fa94-04c1-424b-9868-57a2d4851a1d" relativeResultsDirectory="0f99c794-3282-42cd-8252-95b93a45c55e" />
    <UnitTestResult executionId="95880b10-1535-41f6-a394-bd4ce7d4982b" testId="9b5f9705-0df5-3b21-5e23-e11b68721fd4" testName="ToThrow_Passing_InvalidValue_Returns_ApplicationExceptionWithMessage" computerName="PC-SFERRARI" duration="00:00:00.0006213" startTime="2020-08-13T12:44:50.5236602+01:00" endTime="2020-08-13T12:44:50.5244551+01:00" testType="13cdc9d9-ddb5-4fa4-a97d-d965ccfc6d4b" outcome="Passed" testListId="8c84fa94-04c1-424b-9868-57a2d4851a1d" relativeResultsDirectory="95880b10-1535-41f6-a394-bd4ce7d4982b" />
    <UnitTestResult executionId="87878d05-6659-4387-bba3-586b5574b504" testId="2e87c537-4979-f58b-6e83-f3d4ee161ff1" testName="ToGetAll_Passing_Claims_Returns_Claim_Value_Object_List" computerName="PC-SFERRARI" duration="00:00:00.0270733" startTime="2020-08-13T12:44:50.6557758+01:00" endTime="2020-08-13T12:44:50.6830093+01:00" testType="13cdc9d9-ddb5-4fa4-a97d-d965ccfc6d4b" outcome="Passed" testListId="8c84fa94-04c1-424b-9868-57a2d4851a1d" relativeResultsDirectory="87878d05-6659-4387-bba3-586b5574b504" />
    <UnitTestResult executionId="0e1cdfde-16aa-4c94-b04f-bc622ce86bed" testId="7c09a438-5465-f760-64b2-23d25fc199f5" testName="ToEnum_Passing_InvalidValueString_Returns_EnumCustomValue" computerName="PC-SFERRARI" duration="00:00:00.0008711" startTime="2020-08-13T12:44:52.1595782+01:00" endTime="2020-08-13T12:44:52.1605352+01:00" testType="13cdc9d9-ddb5-4fa4-a97d-d965ccfc6d4b" outcome="Passed" testListId="8c84fa94-04c1-424b-9868-57a2d4851a1d" relativeResultsDirectory="0e1cdfde-16aa-4c94-b04f-bc622ce86bed" />
    <UnitTestResult executionId="2c4565ff-429b-46a6-b92a-e3d5af0438db" testId="0b1e4893-9444-2235-b7fa-3782f9932212" testName="ToService_Passing_Valid_Service_Returns_Service" computerName="PC-SFERRARI" duration="00:00:00.0004899" startTime="2020-08-13T12:44:50.8487729+01:00" endTime="2020-08-13T12:44:50.8493438+01:00" testType="13cdc9d9-ddb5-4fa4-a97d-d965ccfc6d4b" outcome="Passed" testListId="8c84fa94-04c1-424b-9868-57a2d4851a1d" relativeResultsDirectory="2c4565ff-429b-46a6-b92a-e3d5af0438db" />
    <UnitTestResult executionId="0f9ab5f3-e034-4ead-ac96-6d396b842ad5" testId="1761ee10-7c34-b565-b889-1885bffe91c3" testName="ToSetTime_Passing_Time_Int_Returns_DateTime" computerName="PC-SFERRARI" duration="00:00:00.0003406" startTime="2020-08-13T12:44:50.9336301+01:00" endTime="2020-08-13T12:44:50.9340436+01:00" testType="13cdc9d9-ddb5-4fa4-a97d-d965ccfc6d4b" outcome="Passed" testListId="8c84fa94-04c1-424b-9868-57a2d4851a1d" relativeResultsDirectory="0f9ab5f3-e034-4ead-ac96-6d396b842ad5" />
    <UnitTestResult executionId="52fe0564-47d2-4ee7-9ab1-726e9a5a3376" testId="f828057e-351a-48b7-0028-e57f15c7217e" testName="ToDefaultValue_Passing_uint_Returns_Cero" computerName="PC-SFERRARI" duration="00:00:00.0004152" startTime="2020-08-13T12:44:51.0137848+01:00" endTime="2020-08-13T12:44:51.0143248+01:00" testType="13cdc9d9-ddb5-4fa4-a97d-d965ccfc6d4b" outcome="Passed" testListId="8c84fa94-04c1-424b-9868-57a2d4851a1d" relativeResultsDirectory="52fe0564-47d2-4ee7-9ab1-726e9a5a3376" resultType="DataDrivenTest">
      <InnerResults>
        <UnitTestResult executionId="07b24127-350f-45f4-aa32-de5868ba2d8c" parentExecutionId="52fe0564-47d2-4ee7-9ab1-726e9a5a3376" testId="f828057e-351a-48b7-0028-e57f15c7217e" testName="ToDefaultValue_Passing_uint_Returns_Cero (4294967295)" computerName="PC-SFERRARI" duration="00:00:00.0003559" startTime="2020-08-13T12:44:51.0137848+01:00" endTime="2020-08-13T12:44:51.0143248+01:00" testType="13cdc9d9-ddb5-4fa4-a97d-d965ccfc6d4b" outcome="Passed" testListId="8c84fa94-04c1-424b-9868-57a2d4851a1d" relativeResultsDirectory="07b24127-350f-45f4-aa32-de5868ba2d8c" dataRowInfo="1" resultType="DataDrivenDataRow" />
      </InnerResults>
    </UnitTestResult>
    <UnitTestResult executionId="a14c6888-2993-4e72-80f7-12a138766328" testId="c2d3c8df-32e7-92dc-91f8-057e8c4da6b9" testName="ToTomorrow_Passing_DateTime_Returns_Tomorrow_DateTime" computerName="PC-SFERRARI" duration="00:00:00.0002287" startTime="2020-08-13T12:44:50.9350125+01:00" endTime="2020-08-13T12:44:50.9353280+01:00" testType="13cdc9d9-ddb5-4fa4-a97d-d965ccfc6d4b" outcome="Passed" testListId="8c84fa94-04c1-424b-9868-57a2d4851a1d" relativeResultsDirectory="a14c6888-2993-4e72-80f7-12a138766328" />
    <UnitTestResult executionId="995852e2-47b3-49c1-b164-d2aae00b14f0" testId="55f84516-b3d2-35a4-2f3f-b6558c160cb1" testName="ToThrowIfNullOrAny_Passing_InvalidValue_Returns_ApplicationExceptionWithMessage" computerName="PC-SFERRARI" duration="00:00:00.0009930" startTime="2020-08-13T12:44:50.5115852+01:00" endTime="2020-08-13T12:44:50.5126589+01:00" testType="13cdc9d9-ddb5-4fa4-a97d-d965ccfc6d4b" outcome="Passed" testListId="8c84fa94-04c1-424b-9868-57a2d4851a1d" relativeResultsDirectory="995852e2-47b3-49c1-b164-d2aae00b14f0" />
    <UnitTestResult executionId="ac19fe91-7f07-4d60-b5e6-def3d5de59e8" testId="bc6955b8-aec0-957c-bad4-853e5cfa19a1" testName="ToCount_Passing_ValidEnumType_Returns_Count" computerName="PC-SFERRARI" duration="00:00:00.0003554" startTime="2020-08-13T12:44:50.9595969+01:00" endTime="2020-08-13T12:44:50.9601535+01:00" testType="13cdc9d9-ddb5-4fa4-a97d-d965ccfc6d4b" outcome="Passed" testListId="8c84fa94-04c1-424b-9868-57a2d4851a1d" relativeResultsDirectory="ac19fe91-7f07-4d60-b5e6-def3d5de59e8" />
    <UnitTestResult executionId="e03ff670-9410-4d2c-96fc-7cd6f901bddf" testId="50bab7c1-daec-6ad7-fb8a-d46e02e1508d" testName="ToThrowIfNullOrEmpty_Passing_InvalidValue_Returns_ApplicationExceptionWithMessage" computerName="PC-SFERRARI" duration="00:00:00.0004081" startTime="2020-08-13T12:44:50.5126780+01:00" endTime="2020-08-13T12:44:50.5131723+01:00" testType="13cdc9d9-ddb5-4fa4-a97d-d965ccfc6d4b" outcome="Passed" testListId="8c84fa94-04c1-424b-9868-57a2d4851a1d" relativeResultsDirectory="e03ff670-9410-4d2c-96fc-7cd6f901bddf" />
    <UnitTestResult executionId="84d97ea0-7c1a-4fe7-9109-1cd78bfcb704" testId="66f7bc12-fe2b-fd81-3cbf-5bc4840aa6f8" testName="ToConfiguration_Passing_Key_Values_Returns_Ok" computerName="PC-SFERRARI" duration="00:00:00.0137097" startTime="2020-08-13T12:44:50.7254740+01:00" endTime="2020-08-13T12:44:50.7392957+01:00" testType="13cdc9d9-ddb5-4fa4-a97d-d965ccfc6d4b" outcome="Passed" testListId="8c84fa94-04c1-424b-9868-57a2d4851a1d" relativeResultsDirectory="84d97ea0-7c1a-4fe7-9109-1cd78bfcb704" />
    <UnitTestResult executionId="493960cc-abaa-43c1-a812-24e46208d3a6" testId="e53d2439-2080-43bd-e38b-a60253b60af1" testName="ToPaged_Passing_Age_Descending_Order_Returns_Filter_List" computerName="PC-SFERRARI" duration="00:00:00.0005893" startTime="2020-08-13T12:44:52.0562256+01:00" endTime="2020-08-13T12:44:52.0569383+01:00" testType="13cdc9d9-ddb5-4fa4-a97d-d965ccfc6d4b" outcome="Passed" testListId="8c84fa94-04c1-424b-9868-57a2d4851a1d" relativeResultsDirectory="493960cc-abaa-43c1-a812-24e46208d3a6" />
    <UnitTestResult executionId="eb8aac8e-970f-4efc-a009-028888c9d5c6" testId="13bab721-bf36-ea1b-3f50-9937b274e83a" testName="ToTryGetHeader_Passing_HttpRequest_Header_Value_Returns_Value" computerName="PC-SFERRARI" duration="00:00:00.0259910" startTime="2020-08-13T12:44:51.3321697+01:00" endTime="2020-08-13T12:44:51.3582645+01:00" testType="13cdc9d9-ddb5-4fa4-a97d-d965ccfc6d4b" outcome="Passed" testListId="8c84fa94-04c1-424b-9868-57a2d4851a1d" relativeResultsDirectory="eb8aac8e-970f-4efc-a009-028888c9d5c6" />
    <UnitTestResult executionId="0fe36b78-f11a-4fe8-973c-ccfbb2237722" testId="3e6d6aa9-9b6d-dd96-b54c-49f88780a2b4" testName="ToEmptyIfNull_Passing_Null_Collection_Returns_Empty_Collection" computerName="PC-SFERRARI" duration="00:00:00.0006175" startTime="2020-08-13T12:44:50.9451861+01:00" endTime="2020-08-13T12:44:50.9461238+01:00" testType="13cdc9d9-ddb5-4fa4-a97d-d965ccfc6d4b" outcome="Passed" testListId="8c84fa94-04c1-424b-9868-57a2d4851a1d" relativeResultsDirectory="0fe36b78-f11a-4fe8-973c-ccfbb2237722" />
    <UnitTestResult executionId="1e5ba84b-4085-465c-9f69-e22e73131b5b" testId="10024a68-25d4-872c-3e48-a6d6b2671494" testName="ToTryIPv6_Passing_HttpContext_IP_Value_Returns_IP" computerName="PC-SFERRARI" duration="00:00:00.0004764" startTime="2020-08-13T12:44:51.2608684+01:00" endTime="2020-08-13T12:44:51.2614311+01:00" testType="13cdc9d9-ddb5-4fa4-a97d-d965ccfc6d4b" outcome="Passed" testListId="8c84fa94-04c1-424b-9868-57a2d4851a1d" relativeResultsDirectory="1e5ba84b-4085-465c-9f69-e22e73131b5b" />
    <UnitTestResult executionId="14b7cf23-5ea6-4bb7-96f8-06a4660a2f03" testId="ede15cdf-3d1b-3e1a-18dc-485a2d50fe42" testName="ToFormat_Passing_ValidTimeSpanValue_Returns_ValueWithFormatString" computerName="PC-SFERRARI" duration="00:00:00.0008675" startTime="2020-08-13T12:44:52.4440219+01:00" endTime="2020-08-13T12:44:52.4451615+01:00" testType="13cdc9d9-ddb5-4fa4-a97d-d965ccfc6d4b" outcome="Passed" testListId="8c84fa94-04c1-424b-9868-57a2d4851a1d" relativeResultsDirectory="14b7cf23-5ea6-4bb7-96f8-06a4660a2f03" />
    <UnitTestResult executionId="454aecf1-5a0a-4cf1-a755-fa017b12baba" testId="209cbba1-d5fa-4810-2cb6-ee92ce2e109d" testName="ToGet_Passing_Claims_Returns_Claim_Value_Int" computerName="PC-SFERRARI" duration="00:00:00.0019430" startTime="2020-08-13T12:44:50.6846094+01:00" endTime="2020-08-13T12:44:50.6866772+01:00" testType="13cdc9d9-ddb5-4fa4-a97d-d965ccfc6d4b" outcome="Passed" testListId="8c84fa94-04c1-424b-9868-57a2d4851a1d" relativeResultsDirectory="454aecf1-5a0a-4cf1-a755-fa017b12baba" />
    <UnitTestResult executionId="22b51468-8868-41c9-acac-2aad342812f0" testId="65b9b71b-a8d5-2a7d-a8a7-0e3a015e6b68" testName="ToDirectoryTemporary_Passing_ValidValue_Returns_DirectoryExists" computerName="PC-SFERRARI" duration="00:00:00.0009601" startTime="2020-08-13T12:44:52.1322076+01:00" endTime="2020-08-13T12:44:52.1333023+01:00" testType="13cdc9d9-ddb5-4fa4-a97d-d965ccfc6d4b" outcome="Passed" testListId="8c84fa94-04c1-424b-9868-57a2d4851a1d" relativeResultsDirectory="22b51468-8868-41c9-acac-2aad342812f0" />
    <UnitTestResult executionId="fce72e36-21f6-4af1-aacd-98a855599ce7" testId="9eeef095-29ed-4872-a36c-ca4832350421" testName="IsName_Passing_InvalidArguments_Returns_HasErrorsAndCount" computerName="PC-SFERRARI" duration="00:00:00.0034102" startTime="2020-08-13T12:44:50.5454260+01:00" endTime="2020-08-13T12:44:50.5489256+01:00" testType="13cdc9d9-ddb5-4fa4-a97d-d965ccfc6d4b" outcome="Passed" testListId="8c84fa94-04c1-424b-9868-57a2d4851a1d" relativeResultsDirectory="fce72e36-21f6-4af1-aacd-98a855599ce7" />
    <UnitTestResult executionId="09f71974-fa54-490a-96b7-b92498bc6525" testId="9064672f-1220-7bc0-f2b0-c66c74cccc5e" testName="ToConfiguration_Passing_Valid_DirectoryPath_Valid_JsonFileName_Returns_Ok" computerName="PC-SFERRARI" duration="00:00:00.0398576" startTime="2020-08-13T12:44:50.7436821+01:00" endTime="2020-08-13T12:44:50.7836718+01:00" testType="13cdc9d9-ddb5-4fa4-a97d-d965ccfc6d4b" outcome="Passed" testListId="8c84fa94-04c1-424b-9868-57a2d4851a1d" relativeResultsDirectory="09f71974-fa54-490a-96b7-b92498bc6525" />
    <UnitTestResult executionId="c09ed02b-d8ac-4f11-928b-9ab2d4b8de33" testId="a95f665c-aa8d-208d-902c-60a464250c99" testName="ToDefaultValue_Passing_ValidBoolean_Returns_DefaultValue" computerName="PC-SFERRARI" duration="00:00:00.0002376" startTime="2020-08-13T12:44:52.4451866+01:00" endTime="2020-08-13T12:44:52.4456219+01:00" testType="13cdc9d9-ddb5-4fa4-a97d-d965ccfc6d4b" outcome="Passed" testListId="8c84fa94-04c1-424b-9868-57a2d4851a1d" relativeResultsDirectory="c09ed02b-d8ac-4f11-928b-9ab2d4b8de33" />
    <UnitTestResult executionId="3c521024-c790-46e2-b1ae-98715d40e08d" testId="f0f37a42-1a3a-10a5-5f17-e01b9915abd3" testName="ToPaged_Passing_Age_Ascending_Order_Returns_Filter_List" computerName="PC-SFERRARI" duration="00:00:00.1299106" startTime="2020-08-13T12:44:51.9260255+01:00" endTime="2020-08-13T12:44:52.0561845+01:00" testType="13cdc9d9-ddb5-4fa4-a97d-d965ccfc6d4b" outcome="Passed" testListId="8c84fa94-04c1-424b-9868-57a2d4851a1d" relativeResultsDirectory="3c521024-c790-46e2-b1ae-98715d40e08d" />
    <UnitTestResult executionId="e6f0ae17-e7e1-4500-95a1-e7d2de9f11af" testId="801afd1a-5f3d-0d0c-471a-96452bf5bc35" testName="IsNullOrEmpty_Passing_InvalidArguments_Returns_HasErrorsAndCount" computerName="PC-SFERRARI" duration="00:00:00.0029015" startTime="2020-08-13T12:44:50.5623972+01:00" endTime="2020-08-13T12:44:50.5653937+01:00" testType="13cdc9d9-ddb5-4fa4-a97d-d965ccfc6d4b" outcome="Passed" testListId="8c84fa94-04c1-424b-9868-57a2d4851a1d" relativeResultsDirectory="e6f0ae17-e7e1-4500-95a1-e7d2de9f11af" />
    <UnitTestResult executionId="453f7090-4ec0-44a5-b6bc-c7e8a6f7fb9e" testId="118e36ba-6572-1245-e05b-9bcc7b4e5e20" testName="ToBytes_Passing_Object_Returns_Bytes" computerName="PC-SFERRARI" duration="00:00:00.0007336" startTime="2020-08-13T12:44:50.9821013+01:00" endTime="2020-08-13T12:44:50.9830708+01:00" testType="13cdc9d9-ddb5-4fa4-a97d-d965ccfc6d4b" outcome="Passed" testListId="8c84fa94-04c1-424b-9868-57a2d4851a1d" relativeResultsDirectory="453f7090-4ec0-44a5-b6bc-c7e8a6f7fb9e" />
    <UnitTestResult executionId="8baec816-6121-404a-91b0-ca2838719d1f" testId="3f0bf65d-a3af-41bf-ac79-126a0efc4fd4" testName="ToService_Passing_Service_Not_Found_Returns_Null" computerName="PC-SFERRARI" duration="00:00:00.0035242" startTime="2020-08-13T12:44:50.4676019+01:00" endTime="2020-08-13T12:44:50.4712216+01:00" testType="13cdc9d9-ddb5-4fa4-a97d-d965ccfc6d4b" outcome="Passed" testListId="8c84fa94-04c1-424b-9868-57a2d4851a1d" relativeResultsDirectory="8baec816-6121-404a-91b0-ca2838719d1f" />
    <UnitTestResult executionId="62d41c7a-1391-4606-9a9c-c29a8e32efa3" testId="bc15aa99-72de-0e5a-b6e8-2d654659d591" testName="ToUri_Passing_InvalidValueString_Returns_DefaultValue" computerName="PC-SFERRARI" duration="00:00:00.0014170" startTime="2020-08-13T12:44:52.2787514+01:00" endTime="2020-08-13T12:44:52.2803536+01:00" testType="13cdc9d9-ddb5-4fa4-a97d-d965ccfc6d4b" outcome="Passed" testListId="8c84fa94-04c1-424b-9868-57a2d4851a1d" relativeResultsDirectory="62d41c7a-1391-4606-9a9c-c29a8e32efa3" resultType="DataDrivenTest">
      <InnerResults>
        <UnitTestResult executionId="a7de77f2-65c3-4c2b-a389-6c74c248655e" parentExecutionId="62d41c7a-1391-4606-9a9c-c29a8e32efa3" testId="bc15aa99-72de-0e5a-b6e8-2d654659d591" testName="ToUri_Passing_InvalidValueString_Returns_DefaultValue (http://?)" computerName="PC-SFERRARI" duration="00:00:00.0011775" startTime="2020-08-13T12:44:52.2787514+01:00" endTime="2020-08-13T12:44:52.2803536+01:00" testType="13cdc9d9-ddb5-4fa4-a97d-d965ccfc6d4b" outcome="Passed" testListId="8c84fa94-04c1-424b-9868-57a2d4851a1d" relativeResultsDirectory="a7de77f2-65c3-4c2b-a389-6c74c248655e" dataRowInfo="1" resultType="DataDrivenDataRow" />
        <UnitTestResult executionId="07d1a7cb-5f34-4fc7-b128-82253f866a38" parentExecutionId="62d41c7a-1391-4606-9a9c-c29a8e32efa3" testId="bc15aa99-72de-0e5a-b6e8-2d654659d591" testName="ToUri_Passing_InvalidValueString_Returns_DefaultValue (http://)" computerName="PC-SFERRARI" duration="00:00:00.0000144" startTime="2020-08-13T12:44:52.2787514+01:00" endTime="2020-08-13T12:44:52.2803536+01:00" testType="13cdc9d9-ddb5-4fa4-a97d-d965ccfc6d4b" outcome="Passed" testListId="8c84fa94-04c1-424b-9868-57a2d4851a1d" relativeResultsDirectory="07d1a7cb-5f34-4fc7-b128-82253f866a38" dataRowInfo="2" resultType="DataDrivenDataRow" />
        <UnitTestResult executionId="c08d76fc-9a22-43c9-8493-d748f8cf7d51" parentExecutionId="62d41c7a-1391-4606-9a9c-c29a8e32efa3" testId="bc15aa99-72de-0e5a-b6e8-2d654659d591" testName="ToUri_Passing_InvalidValueString_Returns_DefaultValue (http://.)" computerName="PC-SFERRARI" duration="00:00:00.0000349" startTime="2020-08-13T12:44:52.2787514+01:00" endTime="2020-08-13T12:44:52.2803536+01:00" testType="13cdc9d9-ddb5-4fa4-a97d-d965ccfc6d4b" outcome="Passed" testListId="8c84fa94-04c1-424b-9868-57a2d4851a1d" relativeResultsDirectory="c08d76fc-9a22-43c9-8493-d748f8cf7d51" dataRowInfo="3" resultType="DataDrivenDataRow" />
        <UnitTestResult executionId="9db45d93-c27b-4d13-95fb-a2a9a97bf6de" parentExecutionId="62d41c7a-1391-4606-9a9c-c29a8e32efa3" testId="bc15aa99-72de-0e5a-b6e8-2d654659d591" testName="ToUri_Passing_InvalidValueString_Returns_DefaultValue (http://..)" computerName="PC-SFERRARI" duration="00:00:00.0000059" startTime="2020-08-13T12:44:52.2787514+01:00" endTime="2020-08-13T12:44:52.2803536+01:00" testType="13cdc9d9-ddb5-4fa4-a97d-d965ccfc6d4b" outcome="Passed" testListId="8c84fa94-04c1-424b-9868-57a2d4851a1d" relativeResultsDirectory="9db45d93-c27b-4d13-95fb-a2a9a97bf6de" dataRowInfo="4" resultType="DataDrivenDataRow" />
        <UnitTestResult executionId="e36924db-99f5-4dc3-b190-56cf640f3069" parentExecutionId="62d41c7a-1391-4606-9a9c-c29a8e32efa3" testId="bc15aa99-72de-0e5a-b6e8-2d654659d591" testName="ToUri_Passing_InvalidValueString_Returns_DefaultValue (http://../)" computerName="PC-SFERRARI" duration="00:00:00.0000038" startTime="2020-08-13T12:44:52.2787514+01:00" endTime="2020-08-13T12:44:52.2803536+01:00" testType="13cdc9d9-ddb5-4fa4-a97d-d965ccfc6d4b" outcome="Passed" testListId="8c84fa94-04c1-424b-9868-57a2d4851a1d" relativeResultsDirectory="e36924db-99f5-4dc3-b190-56cf640f3069" dataRowInfo="5" resultType="DataDrivenDataRow" />
        <UnitTestResult executionId="e2c20dc7-252d-4521-bf26-9c1046c301f8" parentExecutionId="62d41c7a-1391-4606-9a9c-c29a8e32efa3" testId="bc15aa99-72de-0e5a-b6e8-2d654659d591" testName="ToUri_Passing_InvalidValueString_Returns_DefaultValue (http://?)" computerName="PC-SFERRARI" duration="00:00:00.0000035" startTime="2020-08-13T12:44:52.2787514+01:00" endTime="2020-08-13T12:44:52.2803536+01:00" testType="13cdc9d9-ddb5-4fa4-a97d-d965ccfc6d4b" outcome="Passed" testListId="8c84fa94-04c1-424b-9868-57a2d4851a1d" relativeResultsDirectory="e2c20dc7-252d-4521-bf26-9c1046c301f8" dataRowInfo="6" resultType="DataDrivenDataRow" />
        <UnitTestResult executionId="7e388f10-9526-46d9-86dc-90f90e819440" parentExecutionId="62d41c7a-1391-4606-9a9c-c29a8e32efa3" testId="bc15aa99-72de-0e5a-b6e8-2d654659d591" testName="ToUri_Passing_InvalidValueString_Returns_DefaultValue (http://??)" computerName="PC-SFERRARI" duration="00:00:00.0000034" startTime="2020-08-13T12:44:52.2787514+01:00" endTime="2020-08-13T12:44:52.2803536+01:00" testType="13cdc9d9-ddb5-4fa4-a97d-d965ccfc6d4b" outcome="Passed" testListId="8c84fa94-04c1-424b-9868-57a2d4851a1d" relativeResultsDirectory="7e388f10-9526-46d9-86dc-90f90e819440" dataRowInfo="7" resultType="DataDrivenDataRow" />
        <UnitTestResult executionId="c83d2f50-8f67-43a5-8909-cf6fd5f5a7c5" parentExecutionId="62d41c7a-1391-4606-9a9c-c29a8e32efa3" testId="bc15aa99-72de-0e5a-b6e8-2d654659d591" testName="ToUri_Passing_InvalidValueString_Returns_DefaultValue (http://??/)" computerName="PC-SFERRARI" duration="00:00:00.0000033" startTime="2020-08-13T12:44:52.2787514+01:00" endTime="2020-08-13T12:44:52.2803536+01:00" testType="13cdc9d9-ddb5-4fa4-a97d-d965ccfc6d4b" outcome="Passed" testListId="8c84fa94-04c1-424b-9868-57a2d4851a1d" relativeResultsDirectory="c83d2f50-8f67-43a5-8909-cf6fd5f5a7c5" dataRowInfo="8" resultType="DataDrivenDataRow" />
        <UnitTestResult executionId="bcc46ce4-33c4-460e-b42b-fd7fe71039ab" parentExecutionId="62d41c7a-1391-4606-9a9c-c29a8e32efa3" testId="bc15aa99-72de-0e5a-b6e8-2d654659d591" testName="ToUri_Passing_InvalidValueString_Returns_DefaultValue (http://#)" computerName="PC-SFERRARI" duration="00:00:00.0000034" startTime="2020-08-13T12:44:52.2787514+01:00" endTime="2020-08-13T12:44:52.2803536+01:00" testType="13cdc9d9-ddb5-4fa4-a97d-d965ccfc6d4b" outcome="Passed" testListId="8c84fa94-04c1-424b-9868-57a2d4851a1d" relativeResultsDirectory="bcc46ce4-33c4-460e-b42b-fd7fe71039ab" dataRowInfo="9" resultType="DataDrivenDataRow" />
        <UnitTestResult executionId="ab0d3774-9490-469e-aa0c-e33daa47952f" parentExecutionId="62d41c7a-1391-4606-9a9c-c29a8e32efa3" testId="bc15aa99-72de-0e5a-b6e8-2d654659d591" testName="ToUri_Passing_InvalidValueString_Returns_DefaultValue (http://##)" computerName="PC-SFERRARI" duration="00:00:00.0000034" startTime="2020-08-13T12:44:52.2787514+01:00" endTime="2020-08-13T12:44:52.2803536+01:00" testType="13cdc9d9-ddb5-4fa4-a97d-d965ccfc6d4b" outcome="Passed" testListId="8c84fa94-04c1-424b-9868-57a2d4851a1d" relativeResultsDirectory="ab0d3774-9490-469e-aa0c-e33daa47952f" dataRowInfo="10" resultType="DataDrivenDataRow" />
        <UnitTestResult executionId="96250c37-65e8-4a94-a743-9cd4406896f7" parentExecutionId="62d41c7a-1391-4606-9a9c-c29a8e32efa3" testId="bc15aa99-72de-0e5a-b6e8-2d654659d591" testName="ToUri_Passing_InvalidValueString_Returns_DefaultValue (http://##/)" computerName="PC-SFERRARI" duration="00:00:00.0000034" startTime="2020-08-13T12:44:52.2787514+01:00" endTime="2020-08-13T12:44:52.2803536+01:00" testType="13cdc9d9-ddb5-4fa4-a97d-d965ccfc6d4b" outcome="Passed" testListId="8c84fa94-04c1-424b-9868-57a2d4851a1d" relativeResultsDirectory="96250c37-65e8-4a94-a743-9cd4406896f7" dataRowInfo="11" resultType="DataDrivenDataRow" />
      </InnerResults>
    </UnitTestResult>
    <UnitTestResult executionId="cbd3ae62-e994-4868-b789-b74b83eb5748" testId="71a1897b-b713-c047-1c23-5efdff095b20" testName="ToMapUpdate_Passing_Destination_Object_Returns_Updated_Destination_Object" computerName="PC-SFERRARI" duration="00:00:00.0059028" startTime="2020-08-13T12:44:50.1485871+01:00" endTime="2020-08-13T12:44:50.1546017+01:00" testType="13cdc9d9-ddb5-4fa4-a97d-d965ccfc6d4b" outcome="Passed" testListId="8c84fa94-04c1-424b-9868-57a2d4851a1d" relativeResultsDirectory="cbd3ae62-e994-4868-b789-b74b83eb5748" />
    <UnitTestResult executionId="2f0a7c76-22f8-4909-8c38-e712aab8280b" testId="a75e991f-5e03-3949-85d6-afa1f14455d4" testName="ToIsAuthenticated_Passing_Claims_Returns_True" computerName="PC-SFERRARI" duration="00:00:00.0006519" startTime="2020-08-13T12:44:50.6933086+01:00" endTime="2020-08-13T12:44:50.6940516+01:00" testType="13cdc9d9-ddb5-4fa4-a97d-d965ccfc6d4b" outcome="Passed" testListId="8c84fa94-04c1-424b-9868-57a2d4851a1d" relativeResultsDirectory="2f0a7c76-22f8-4909-8c38-e712aab8280b" />
    <UnitTestResult executionId="07207a41-c5cb-4b9f-be4c-771ab38c1c8d" testId="27cc1a96-8264-8762-05bc-aa63ccb155d7" testName="ToMapClone_Passing_Source_Returns_New_Source_Object" computerName="PC-SFERRARI" duration="00:00:00.3368640" startTime="2020-08-13T12:44:49.7471173+01:00" endTime="2020-08-13T12:44:50.0844404+01:00" testType="13cdc9d9-ddb5-4fa4-a97d-d965ccfc6d4b" outcome="Passed" testListId="8c84fa94-04c1-424b-9868-57a2d4851a1d" relativeResultsDirectory="07207a41-c5cb-4b9f-be4c-771ab38c1c8d" />
    <UnitTestResult executionId="8e4a68af-f80d-40d1-adc0-8220e7490e7c" testId="40108f40-2761-0a89-d16d-ad113b5f3dd5" testName="ToDefaultValue_Passing_short_Returns_Cero" computerName="PC-SFERRARI" duration="00:00:00.0002813" startTime="2020-08-13T12:44:51.0068750+01:00" endTime="2020-08-13T12:44:51.0072311+01:00" testType="13cdc9d9-ddb5-4fa4-a97d-d965ccfc6d4b" outcome="Passed" testListId="8c84fa94-04c1-424b-9868-57a2d4851a1d" relativeResultsDirectory="8e4a68af-f80d-40d1-adc0-8220e7490e7c" resultType="DataDrivenTest">
      <InnerResults>
        <UnitTestResult executionId="a5b70e7e-a1d7-4cab-985f-75152769d85a" parentExecutionId="8e4a68af-f80d-40d1-adc0-8220e7490e7c" testId="40108f40-2761-0a89-d16d-ad113b5f3dd5" testName="ToDefaultValue_Passing_short_Returns_Cero (32767)" computerName="PC-SFERRARI" duration="00:00:00.0002427" startTime="2020-08-13T12:44:51.0068750+01:00" endTime="2020-08-13T12:44:51.0072311+01:00" testType="13cdc9d9-ddb5-4fa4-a97d-d965ccfc6d4b" outcome="Passed" testListId="8c84fa94-04c1-424b-9868-57a2d4851a1d" relativeResultsDirectory="a5b70e7e-a1d7-4cab-985f-75152769d85a" dataRowInfo="1" resultType="DataDrivenDataRow" />
      </InnerResults>
    </UnitTestResult>
    <UnitTestResult executionId="1afdbdd0-6d05-413b-80a0-7a0203477251" testId="7384e2f6-7a7f-d462-78fa-5bf7f49c326a" testName="ToIsAuthenticated_Passing_Claims_Returns_False" computerName="PC-SFERRARI" duration="00:00:00.0006166" startTime="2020-08-13T12:44:50.6925719+01:00" endTime="2020-08-13T12:44:50.6932890+01:00" testType="13cdc9d9-ddb5-4fa4-a97d-d965ccfc6d4b" outcome="Passed" testListId="8c84fa94-04c1-424b-9868-57a2d4851a1d" relativeResultsDirectory="1afdbdd0-6d05-413b-80a0-7a0203477251" />
    <UnitTestResult executionId="6399a8c8-b416-4cd5-83b0-936ab8a68ef6" testId="b51b5293-5162-7db8-79c0-6e7b6f1c51a5" testName="ToZipCreate_Passing_ValidFilesWithCutomZipName_Returns_ZipFiles" computerName="PC-SFERRARI" duration="00:00:00.0162189" startTime="2020-08-13T12:44:52.3930450+01:00" endTime="2020-08-13T12:44:52.4094651+01:00" testType="13cdc9d9-ddb5-4fa4-a97d-d965ccfc6d4b" outcome="Passed" testListId="8c84fa94-04c1-424b-9868-57a2d4851a1d" relativeResultsDirectory="6399a8c8-b416-4cd5-83b0-936ab8a68ef6" />
    <UnitTestResult executionId="db980553-9eeb-45c8-a922-545c144b2060" testId="0696fab6-6d9f-2b85-4a73-248fbd1cdda4" testName="ToDirectorySaveFileAsync_Passing_ValidValue_Returns_False" computerName="PC-SFERRARI" duration="00:00:00.0039499" startTime="2020-08-13T12:44:52.1280266+01:00" endTime="2020-08-13T12:44:52.1321702+01:00" testType="13cdc9d9-ddb5-4fa4-a97d-d965ccfc6d4b" outcome="Passed" testListId="8c84fa94-04c1-424b-9868-57a2d4851a1d" relativeResultsDirectory="db980553-9eeb-45c8-a922-545c144b2060" />
    <UnitTestResult executionId="9590bfd5-8f66-4589-acc1-0c920bb12cf6" testId="42ded375-26ee-044e-44a7-9eab5e4cd342" testName="ToReadOnly_Passing_Valid_Collection_Returns_Readonly_Collection" computerName="PC-SFERRARI" duration="00:00:00.0015287" startTime="2020-08-13T12:44:50.9461540+01:00" endTime="2020-08-13T12:44:50.9477698+01:00" testType="13cdc9d9-ddb5-4fa4-a97d-d965ccfc6d4b" outcome="Passed" testListId="8c84fa94-04c1-424b-9868-57a2d4851a1d" relativeResultsDirectory="9590bfd5-8f66-4589-acc1-0c920bb12cf6" />
    <UnitTestResult executionId="4bd98f33-eb56-4c93-a071-beaf82634657" testId="69b6ed05-fdf2-6989-0583-109b4777a6ac" testName="ToEnvironment_Passing_Custom_Enviroment_Returns_Custom_Name" computerName="PC-SFERRARI" duration="00:00:00.2148053" startTime="2020-08-13T12:44:50.1546388+01:00" endTime="2020-08-13T12:44:50.3731574+01:00" testType="13cdc9d9-ddb5-4fa4-a97d-d965ccfc6d4b" outcome="Passed" testListId="8c84fa94-04c1-424b-9868-57a2d4851a1d" relativeResultsDirectory="4bd98f33-eb56-4c93-a071-beaf82634657" />
    <UnitTestResult executionId="1bb3d334-48b4-4d56-9bde-0cee470ed8b7" testId="cd004a9f-a0f6-2fdf-aeae-1890f4ab8e71" testName="ToHashAlgorithmName_Passing_ValidValueString_Returns_HashAlgorithmName" computerName="PC-SFERRARI" duration="00:00:00.0002184" startTime="2020-08-13T12:44:52.1827511+01:00" endTime="2020-08-13T12:44:52.1830482+01:00" testType="13cdc9d9-ddb5-4fa4-a97d-d965ccfc6d4b" outcome="Passed" testListId="8c84fa94-04c1-424b-9868-57a2d4851a1d" relativeResultsDirectory="1bb3d334-48b4-4d56-9bde-0cee470ed8b7" resultType="DataDrivenTest">
      <InnerResults>
        <UnitTestResult executionId="888694ff-9199-4715-93b5-a58b996a1900" parentExecutionId="1bb3d334-48b4-4d56-9bde-0cee470ed8b7" testId="cd004a9f-a0f6-2fdf-aeae-1890f4ab8e71" testName="ToHashAlgorithmName_Passing_ValidValueString_Returns_HashAlgorithmName (MD5)" computerName="PC-SFERRARI" duration="00:00:00.0001837" startTime="2020-08-13T12:44:52.1827511+01:00" endTime="2020-08-13T12:44:52.1830482+01:00" testType="13cdc9d9-ddb5-4fa4-a97d-d965ccfc6d4b" outcome="Passed" testListId="8c84fa94-04c1-424b-9868-57a2d4851a1d" relativeResultsDirectory="888694ff-9199-4715-93b5-a58b996a1900" dataRowInfo="1" resultType="DataDrivenDataRow" />
      </InnerResults>
    </UnitTestResult>
    <UnitTestResult executionId="40817741-13ae-4189-aa0f-271a90c4589b" testId="c330741e-ad40-618c-36cc-508c135d2b95" testName="ToService_Passing_NotFound_Service_Returns_Null" computerName="PC-SFERRARI" duration="00:00:00.0001361" startTime="2020-08-13T12:44:50.8485344+01:00" endTime="2020-08-13T12:44:50.8487554+01:00" testType="13cdc9d9-ddb5-4fa4-a97d-d965ccfc6d4b" outcome="Passed" testListId="8c84fa94-04c1-424b-9868-57a2d4851a1d" relativeResultsDirectory="40817741-13ae-4189-aa0f-271a90c4589b" />
    <UnitTestResult executionId="0435e319-2a4c-4446-86b8-240ccaa2b179" testId="4ff63349-9eef-ad1f-85cf-a84cda1ff120" testName="ToDetails_Passing_HttpContext_Returns_Details_HttpContext" computerName="PC-SFERRARI" duration="00:00:00.1260119" startTime="2020-08-13T12:44:51.1219817+01:00" endTime="2020-08-13T12:44:51.2482153+01:00" testType="13cdc9d9-ddb5-4fa4-a97d-d965ccfc6d4b" outcome="Passed" testListId="8c84fa94-04c1-424b-9868-57a2d4851a1d" relativeResultsDirectory="0435e319-2a4c-4446-86b8-240ccaa2b179" />
    <UnitTestResult executionId="1f485642-88e9-4639-8db8-8ae8fc2e473e" testId="5bee9d0e-89de-7b6d-4317-0a11342b1d29" testName="ToIPv6_Passing_HttpContext_IP_Value_Returns_IP" computerName="PC-SFERRARI" duration="00:00:00.0006703" startTime="2020-08-13T12:44:51.2599973+01:00" endTime="2020-08-13T12:44:51.2608406+01:00" testType="13cdc9d9-ddb5-4fa4-a97d-d965ccfc6d4b" outcome="Passed" testListId="8c84fa94-04c1-424b-9868-57a2d4851a1d" relativeResultsDirectory="1f485642-88e9-4639-8db8-8ae8fc2e473e" />
    <UnitTestResult executionId="8e712eaf-8aae-435d-a33d-ffabe41414a8" testId="98331ff8-6ed1-e7ba-c8dd-be5bd5b6cb2c" testName="ToEmailMask_Passing_ValidEmail_Returns_EmailWithMask" computerName="PC-SFERRARI" duration="00:00:00.0002894" startTime="2020-08-13T12:44:52.1577880+01:00" endTime="2020-08-13T12:44:52.1582706+01:00" testType="13cdc9d9-ddb5-4fa4-a97d-d965ccfc6d4b" outcome="Passed" testListId="8c84fa94-04c1-424b-9868-57a2d4851a1d" relativeResultsDirectory="8e712eaf-8aae-435d-a33d-ffabe41414a8" resultType="DataDrivenTest">
      <InnerResults>
        <UnitTestResult executionId="6365703f-c791-463d-8749-d31294a5d3cd" parentExecutionId="8e712eaf-8aae-435d-a33d-ffabe41414a8" testId="98331ff8-6ed1-e7ba-c8dd-be5bd5b6cb2c" testName="ToEmailMask_Passing_ValidEmail_Returns_EmailWithMask (miemail@gmail.com,m-----l@g---l.c-m,(?&lt;=(?:^|@)[^.]*)\B.\B|(?&lt;=[\w]{1})[\w-\+%]*(?=[\w]{1}),-)" computerName="PC-SFERRARI" duration="00:00:00.0002321" startTime="2020-08-13T12:44:52.1577880+01:00" endTime="2020-08-13T12:44:52.1582706+01:00" testType="13cdc9d9-ddb5-4fa4-a97d-d965ccfc6d4b" outcome="Passed" testListId="8c84fa94-04c1-424b-9868-57a2d4851a1d" relativeResultsDirectory="6365703f-c791-463d-8749-d31294a5d3cd" dataRowInfo="1" resultType="DataDrivenDataRow" />
      </InnerResults>
    </UnitTestResult>
    <UnitTestResult executionId="f566ad61-6bd4-491a-95ca-e489e88300e1" testId="4ead3f79-a54e-1b96-838c-d0c2f491cb0d" testName="ToAge_Passing_Birthday_DateTime_Returns_Age" computerName="PC-SFERRARI" duration="00:00:00.0009906" startTime="2020-08-13T12:44:50.9171197+01:00" endTime="2020-08-13T12:44:50.9184038+01:00" testType="13cdc9d9-ddb5-4fa4-a97d-d965ccfc6d4b" outcome="Passed" testListId="8c84fa94-04c1-424b-9868-57a2d4851a1d" relativeResultsDirectory="f566ad61-6bd4-491a-95ca-e489e88300e1" />
    <UnitTestResult executionId="e0d4e81a-3763-438a-88cc-5dba2ff03c41" testId="b871cd27-681f-8d07-6c2a-809341ba2909" testName="ToList_Passing_ValidEnumTypeWithSelectedValue_Returns_ValuesList" computerName="PC-SFERRARI" duration="00:00:00.0003874" startTime="2020-08-13T12:44:50.9741301+01:00" endTime="2020-08-13T12:44:50.9746112+01:00" testType="13cdc9d9-ddb5-4fa4-a97d-d965ccfc6d4b" outcome="Passed" testListId="8c84fa94-04c1-424b-9868-57a2d4851a1d" relativeResultsDirectory="e0d4e81a-3763-438a-88cc-5dba2ff03c41" />
    <UnitTestResult executionId="8a740c25-4ac5-4f6a-9079-8e5a67fe20b9" testId="0ee8121e-b492-a57d-d072-de988a4e30f8" testName="ToMapNew_Passing_TDestination_Returns_New_Destination_Object" computerName="PC-SFERRARI" duration="00:00:00.0063042" startTime="2020-08-13T12:44:50.1414498+01:00" endTime="2020-08-13T12:44:50.1478942+01:00" testType="13cdc9d9-ddb5-4fa4-a97d-d965ccfc6d4b" outcome="Passed" testListId="8c84fa94-04c1-424b-9868-57a2d4851a1d" relativeResultsDirectory="8a740c25-4ac5-4f6a-9079-8e5a67fe20b9" />
    <UnitTestResult executionId="3981fdb6-313a-4f1b-8ecf-6d1d7c9d68c8" testId="15fe55e5-cdce-6280-ea15-ef777735767c" testName="ToEnvironment_ServiceCollection_Passing_Production_Enviroment_Returns_Production_Name" computerName="PC-SFERRARI" duration="00:00:00.0004332" startTime="2020-08-13T12:44:50.7974926+01:00" endTime="2020-08-13T12:44:50.7980062+01:00" testType="13cdc9d9-ddb5-4fa4-a97d-d965ccfc6d4b" outcome="Passed" testListId="8c84fa94-04c1-424b-9868-57a2d4851a1d" relativeResultsDirectory="3981fdb6-313a-4f1b-8ecf-6d1d7c9d68c8" />
    <UnitTestResult executionId="cca0088b-79ef-419d-abc5-7f22dc3148a3" testId="f8b74494-d277-7173-e694-2a4d463a4607" testName="ToMapList_Passing_Source_Type_And_Destination_Type_Returns_Destination_Object_List" computerName="PC-SFERRARI" duration="00:00:00.0424569" startTime="2020-08-13T12:44:50.0844765+01:00" endTime="2020-08-13T12:44:50.1270817+01:00" testType="13cdc9d9-ddb5-4fa4-a97d-d965ccfc6d4b" outcome="Passed" testListId="8c84fa94-04c1-424b-9868-57a2d4851a1d" relativeResultsDirectory="cca0088b-79ef-419d-abc5-7f22dc3148a3" />
    <UnitTestResult executionId="cacdc63e-07d4-4b90-bcfb-4b4a42a228f5" testId="7daaba64-d3ad-9109-43bf-bdb516b673b8" testName="ToDirectoryFileInfo_Passing_ValidValue_Returns_FileInfo" computerName="PC-SFERRARI" duration="00:00:00.0026271" startTime="2020-08-13T12:44:52.0798180+01:00" endTime="2020-08-13T12:44:52.0825865+01:00" testType="13cdc9d9-ddb5-4fa4-a97d-d965ccfc6d4b" outcome="Passed" testListId="8c84fa94-04c1-424b-9868-57a2d4851a1d" relativeResultsDirectory="cacdc63e-07d4-4b90-bcfb-4b4a42a228f5" />
    <UnitTestResult executionId="1669fe2b-a1df-4184-945a-551a7110fba9" testId="74c0befe-cdb2-1fdf-be71-2a39199bb5c9" testName="ToService_Passing_Service_Not_Found_Returns_ApplicationException" computerName="PC-SFERRARI" duration="00:00:00.0005011" startTime="2020-08-13T12:44:50.4670059+01:00" endTime="2020-08-13T12:44:50.4675833+01:00" testType="13cdc9d9-ddb5-4fa4-a97d-d965ccfc6d4b" outcome="Passed" testListId="8c84fa94-04c1-424b-9868-57a2d4851a1d" relativeResultsDirectory="1669fe2b-a1df-4184-945a-551a7110fba9" />
    <UnitTestResult executionId="2a7809d8-b31e-4df6-ad55-471b81c3fb75" testId="8dccdb77-e6a8-58c6-9bd0-108f87c5ff65" testName="ToAuthenticationType_Passing_Null_ClaimsPrincipal_Returns_ApplicationException" computerName="PC-SFERRARI" duration="00:00:00.0027072" startTime="2020-08-13T12:44:50.6282488+01:00" endTime="2020-08-13T12:44:50.6310572+01:00" testType="13cdc9d9-ddb5-4fa4-a97d-d965ccfc6d4b" outcome="Passed" testListId="8c84fa94-04c1-424b-9868-57a2d4851a1d" relativeResultsDirectory="2a7809d8-b31e-4df6-ad55-471b81c3fb75" />
    <UnitTestResult executionId="621b8edf-6904-4163-a304-e8e6ea28f6aa" testId="f2debf4a-2a42-7b0b-1005-8f74a6fc63cb" testName="IsSubdomain_Passing_InvalidArguments_Returns_HasErrorsAndCount" computerName="PC-SFERRARI" duration="00:00:00.0006481" startTime="2020-08-13T12:44:50.5686584+01:00" endTime="2020-08-13T12:44:50.5694289+01:00" testType="13cdc9d9-ddb5-4fa4-a97d-d965ccfc6d4b" outcome="Passed" testListId="8c84fa94-04c1-424b-9868-57a2d4851a1d" relativeResultsDirectory="621b8edf-6904-4163-a304-e8e6ea28f6aa" />
    <UnitTestResult executionId="07eb8c0c-f9fe-4dab-9fdd-4d9e887d938d" testId="e0f7dcd9-f363-be9c-de11-457f6a575bee" testName="ToDefaultValue_Passing_float_Returns_Cero" computerName="PC-SFERRARI" duration="00:00:00.0004768" startTime="2020-08-13T12:44:51.0050673+01:00" endTime="2020-08-13T12:44:51.0056965+01:00" testType="13cdc9d9-ddb5-4fa4-a97d-d965ccfc6d4b" outcome="Passed" testListId="8c84fa94-04c1-424b-9868-57a2d4851a1d" relativeResultsDirectory="07eb8c0c-f9fe-4dab-9fdd-4d9e887d938d" resultType="DataDrivenTest">
      <InnerResults>
        <UnitTestResult executionId="f49cb77f-5eb3-4e2a-88e2-bc15db0e2c62" parentExecutionId="07eb8c0c-f9fe-4dab-9fdd-4d9e887d938d" testId="e0f7dcd9-f363-be9c-de11-457f6a575bee" testName="ToDefaultValue_Passing_float_Returns_Cero (3,4028235E+38)" computerName="PC-SFERRARI" duration="00:00:00.0003937" startTime="2020-08-13T12:44:51.0050673+01:00" endTime="2020-08-13T12:44:51.0056965+01:00" testType="13cdc9d9-ddb5-4fa4-a97d-d965ccfc6d4b" outcome="Passed" testListId="8c84fa94-04c1-424b-9868-57a2d4851a1d" relativeResultsDirectory="f49cb77f-5eb3-4e2a-88e2-bc15db0e2c62" dataRowInfo="1" resultType="DataDrivenDataRow" />
      </InnerResults>
    </UnitTestResult>
    <UnitTestResult executionId="515069af-c3cc-416d-947b-e7ffafb5bcff" testId="e37f41d3-77a8-1acd-c258-fbb5b724b134" testName="ToDefaultValue_Passing_ValidInt_Returns_DefaultValue" computerName="PC-SFERRARI" duration="00:00:00.0001475" startTime="2020-08-13T12:44:52.4549993+01:00" endTime="2020-08-13T12:44:52.4557444+01:00" testType="13cdc9d9-ddb5-4fa4-a97d-d965ccfc6d4b" outcome="Passed" testListId="8c84fa94-04c1-424b-9868-57a2d4851a1d" relativeResultsDirectory="515069af-c3cc-416d-947b-e7ffafb5bcff" />
    <UnitTestResult executionId="9a568513-a4ea-47ff-b7a2-08afa203f65a" testId="a272f84c-2bd5-daa4-4afe-22346b802f86" testName="ToGet_Passing_Claims_Returns_Claim_Value_Object" computerName="PC-SFERRARI" duration="00:00:00.0048937" startTime="2020-08-13T12:44:50.6867079+01:00" endTime="2020-08-13T12:44:50.6917218+01:00" testType="13cdc9d9-ddb5-4fa4-a97d-d965ccfc6d4b" outcome="Passed" testListId="8c84fa94-04c1-424b-9868-57a2d4851a1d" relativeResultsDirectory="9a568513-a4ea-47ff-b7a2-08afa203f65a" />
    <UnitTestResult executionId="2b14ed81-9321-4dc4-86b0-7aa0620deb7c" testId="ee30e1f9-ce80-c70a-1b56-b7e02750ae26" testName="IsDirectory_Passing_InvalidArguments_Returns_HasErrorsAndCount" computerName="PC-SFERRARI" duration="00:00:00.0012999" startTime="2020-08-13T12:44:50.5244843+01:00" endTime="2020-08-13T12:44:50.5260592+01:00" testType="13cdc9d9-ddb5-4fa4-a97d-d965ccfc6d4b" outcome="Passed" testListId="8c84fa94-04c1-424b-9868-57a2d4851a1d" relativeResultsDirectory="2b14ed81-9321-4dc4-86b0-7aa0620deb7c" />
    <UnitTestResult executionId="1ebfeed5-772c-4fc0-acf3-dcbf99e0b915" testId="5fda35dc-4db7-2169-9391-a6295d2ec5fd" testName="ToDirectoryFindFilePath_Passing_ValidValueIntoSubDirectory_Returns_FilePath" computerName="PC-SFERRARI" duration="00:00:00.0051255" startTime="2020-08-13T12:44:52.0826212+01:00" endTime="2020-08-13T12:44:52.0878877+01:00" testType="13cdc9d9-ddb5-4fa4-a97d-d965ccfc6d4b" outcome="Passed" testListId="8c84fa94-04c1-424b-9868-57a2d4851a1d" relativeResultsDirectory="1ebfeed5-772c-4fc0-acf3-dcbf99e0b915" />
    <UnitTestResult executionId="d35f31a0-4fee-4b6d-a91f-a926abc6f89e" testId="845c887e-a785-555d-db89-1c2975a33bbb" testName="ToServiceMatchingInterface_Passing_Valid_Assembly_Returns_Service" computerName="PC-SFERRARI" duration="00:00:00.0301345" startTime="2020-08-13T12:44:50.8174478+01:00" endTime="2020-08-13T12:44:50.8477671+01:00" testType="13cdc9d9-ddb5-4fa4-a97d-d965ccfc6d4b" outcome="Passed" testListId="8c84fa94-04c1-424b-9868-57a2d4851a1d" relativeResultsDirectory="d35f31a0-4fee-4b6d-a91f-a926abc6f89e" />
    <UnitTestResult executionId="806dd7af-02d6-4e71-a9ab-8b6d847c0663" testId="26cc48e2-5e82-bc12-cf41-e3a984599b8d" testName="ToUserName_Passing_Invalid_ClaimsPrincipal_Returns_Null" computerName="PC-SFERRARI" duration="00:00:00.0005712" startTime="2020-08-13T12:44:50.7153055+01:00" endTime="2020-08-13T12:44:50.7159752+01:00" testType="13cdc9d9-ddb5-4fa4-a97d-d965ccfc6d4b" outcome="Passed" testListId="8c84fa94-04c1-424b-9868-57a2d4851a1d" relativeResultsDirectory="806dd7af-02d6-4e71-a9ab-8b6d847c0663" />
    <UnitTestResult executionId="23cd47bb-c2cb-4faa-9c4f-061eb4c091b1" testId="220e18c9-f841-c623-c1aa-300e190b4f6d" testName="IsPassword_Passing_InvalidArguments_Returns_HasErrorsAndCount" computerName="PC-SFERRARI" duration="00:00:00.0006950" startTime="2020-08-13T12:44:50.5654134+01:00" endTime="2020-08-13T12:44:50.5661931+01:00" testType="13cdc9d9-ddb5-4fa4-a97d-d965ccfc6d4b" outcome="Passed" testListId="8c84fa94-04c1-424b-9868-57a2d4851a1d" relativeResultsDirectory="23cd47bb-c2cb-4faa-9c4f-061eb4c091b1" />
    <UnitTestResult executionId="42c29fe1-5800-49b3-907f-ce9cdef2c6ea" testId="ffa669f9-8e25-a33b-f8f7-c3ba4a576a2b" testName="ToDefaultValue_Passing_ValidStruct_Returns_DefaultValue" computerName="PC-SFERRARI" duration="00:00:00.0002559" startTime="2020-08-13T12:44:52.4560220+01:00" endTime="2020-08-13T12:44:52.4563544+01:00" testType="13cdc9d9-ddb5-4fa4-a97d-d965ccfc6d4b" outcome="Passed" testListId="8c84fa94-04c1-424b-9868-57a2d4851a1d" relativeResultsDirectory="42c29fe1-5800-49b3-907f-ce9cdef2c6ea" />
    <UnitTestResult executionId="dc8fa09f-70b1-4a9b-b5ff-07b5b58eea9a" testId="7a313c49-8adc-98e3-cdda-86b900f0ade6" testName="ToCompress_Passing_Value_Bytes_Returns_Value_Bytes" computerName="PC-SFERRARI" duration="00:00:00.0004742" startTime="2020-08-13T12:44:50.5072619+01:00" endTime="2020-08-13T12:44:50.5078617+01:00" testType="13cdc9d9-ddb5-4fa4-a97d-d965ccfc6d4b" outcome="Passed" testListId="8c84fa94-04c1-424b-9868-57a2d4851a1d" relativeResultsDirectory="dc8fa09f-70b1-4a9b-b5ff-07b5b58eea9a" />
    <UnitTestResult executionId="53c95486-ecae-4268-8555-1211c2719ef7" testId="640513b3-feee-19a8-efba-5817e77ff3ee" testName="ToExists_Passing_NotFound_Service_Returns_False" computerName="PC-SFERRARI" duration="00:00:00.0003005" startTime="2020-08-13T12:44:50.8027040+01:00" endTime="2020-08-13T12:44:50.8031218+01:00" testType="13cdc9d9-ddb5-4fa4-a97d-d965ccfc6d4b" outcome="Passed" testListId="8c84fa94-04c1-424b-9868-57a2d4851a1d" relativeResultsDirectory="53c95486-ecae-4268-8555-1211c2719ef7" />
    <UnitTestResult executionId="89921a4e-9782-4d60-8c73-2bc8f4233e2d" testId="3443f7f5-ee1a-f375-e5b1-f7ffa940c0db" testName="ToIsLastDayOfTheMonth_Passing_NotLastDayOfMonth_Returns_False" computerName="PC-SFERRARI" duration="00:00:00.0002406" startTime="2020-08-13T12:44:50.9323549+01:00" endTime="2020-08-13T12:44:50.9327666+01:00" testType="13cdc9d9-ddb5-4fa4-a97d-d965ccfc6d4b" outcome="Passed" testListId="8c84fa94-04c1-424b-9868-57a2d4851a1d" relativeResultsDirectory="89921a4e-9782-4d60-8c73-2bc8f4233e2d" />
    <UnitTestResult executionId="33eeaa36-70f3-419d-8f35-631e63e18bd1" testId="a6625fb0-1b80-148b-87dc-9cf616e5e84d" testName="ToList_Passing_ValidEnumType_Returns_ValuesList" computerName="PC-SFERRARI" duration="00:00:00.0003575" startTime="2020-08-13T12:44:50.9746306+01:00" endTime="2020-08-13T12:44:50.9750687+01:00" testType="13cdc9d9-ddb5-4fa4-a97d-d965ccfc6d4b" outcome="Passed" testListId="8c84fa94-04c1-424b-9868-57a2d4851a1d" relativeResultsDirectory="33eeaa36-70f3-419d-8f35-631e63e18bd1" />
    <UnitTestResult executionId="85f07766-54e7-4229-9833-197b132be2dc" testId="2aceb911-de9d-b2eb-c8db-f6b3f880216f" testName="ToService_Passing_Valid_Service_Returns_Service" computerName="PC-SFERRARI" duration="00:00:00.0006258" startTime="2020-08-13T12:44:50.4712586+01:00" endTime="2020-08-13T12:44:50.4720115+01:00" testType="13cdc9d9-ddb5-4fa4-a97d-d965ccfc6d4b" outcome="Passed" testListId="8c84fa94-04c1-424b-9868-57a2d4851a1d" relativeResultsDirectory="85f07766-54e7-4229-9833-197b132be2dc" />
    <UnitTestResult executionId="da931d8a-026b-4c1f-907c-35e1863d3016" testId="856fd0c8-b6f8-9265-ccfd-2a9e615488e2" testName="ToUserName_Passing_Valid_UserName_ClaimsPrincipal_Returns_String_UserName_Value" computerName="PC-SFERRARI" duration="00:00:00.0006906" startTime="2020-08-13T12:44:50.7166658+01:00" endTime="2020-08-13T12:44:50.7174451+01:00" testType="13cdc9d9-ddb5-4fa4-a97d-d965ccfc6d4b" outcome="Passed" testListId="8c84fa94-04c1-424b-9868-57a2d4851a1d" relativeResultsDirectory="da931d8a-026b-4c1f-907c-35e1863d3016" />
    <UnitTestResult executionId="b6c22d73-1da0-4b8f-b187-29829421176c" testId="21ae5425-e2d1-002f-334f-105a6a674a01" testName="ToEnvironment_ServiceCollection_Passing_Custom_Enviroment_Returns_Custom_Name" computerName="PC-SFERRARI" duration="00:00:00.0005694" startTime="2020-08-13T12:44:50.7962325+01:00" endTime="2020-08-13T12:44:50.7968928+01:00" testType="13cdc9d9-ddb5-4fa4-a97d-d965ccfc6d4b" outcome="Passed" testListId="8c84fa94-04c1-424b-9868-57a2d4851a1d" relativeResultsDirectory="b6c22d73-1da0-4b8f-b187-29829421176c" />
    <UnitTestResult executionId="38b31219-d49f-4feb-a295-08573c91f5b8" testId="64bc1554-814c-3c40-a6b0-679b40b89c36" testName="ToExists_Passing_Valid_Service_Returns_True" computerName="PC-SFERRARI" duration="00:00:00.0004296" startTime="2020-08-13T12:44:50.4664810+01:00" endTime="2020-08-13T12:44:50.4669884+01:00" testType="13cdc9d9-ddb5-4fa4-a97d-d965ccfc6d4b" outcome="Passed" testListId="8c84fa94-04c1-424b-9868-57a2d4851a1d" relativeResultsDirectory="38b31219-d49f-4feb-a295-08573c91f5b8" />
    <UnitTestResult executionId="83c7810b-7a46-4ecf-994f-bf07ff539f61" testId="c87d842d-198f-fc52-0a70-418a5e5378ab" testName="IsEqual_Passing_InvalidArguments_Returns_HasErrorsAndCount" computerName="PC-SFERRARI" duration="00:00:00.0007393" startTime="2020-08-13T12:44:50.5324792+01:00" endTime="2020-08-13T12:44:50.5333481+01:00" testType="13cdc9d9-ddb5-4fa4-a97d-d965ccfc6d4b" outcome="Passed" testListId="8c84fa94-04c1-424b-9868-57a2d4851a1d" relativeResultsDirectory="83c7810b-7a46-4ecf-994f-bf07ff539f61" />
    <UnitTestResult executionId="fef3a219-4db6-42c0-bda4-2abe62e99527" testId="aaa46586-7b83-9a88-e835-ae92592f98a3" testName="ToList_Passing_ValidEnumTypeWithResourceType_Returns_ValuesList" computerName="PC-SFERRARI" duration="00:00:00.0058867" startTime="2020-08-13T12:44:50.9670579+01:00" endTime="2020-08-13T12:44:50.9731074+01:00" testType="13cdc9d9-ddb5-4fa4-a97d-d965ccfc6d4b" outcome="Passed" testListId="8c84fa94-04c1-424b-9868-57a2d4851a1d" relativeResultsDirectory="fef3a219-4db6-42c0-bda4-2abe62e99527" />
    <UnitTestResult executionId="b560dc35-1a11-4f74-9122-10a3dfe92ccb" testId="5e237822-3b9d-da27-9221-3ae1f5eb15b0" testName="ToEnvironment_Passing_Staging_Enviroment_Returns_Staging_Name" computerName="PC-SFERRARI" duration="00:00:00.0006558" startTime="2020-08-13T12:44:50.4651180+01:00" endTime="2020-08-13T12:44:50.4659003+01:00" testType="13cdc9d9-ddb5-4fa4-a97d-d965ccfc6d4b" outcome="Passed" testListId="8c84fa94-04c1-424b-9868-57a2d4851a1d" relativeResultsDirectory="b560dc35-1a11-4f74-9122-10a3dfe92ccb" />
    <UnitTestResult executionId="11feb265-742e-4843-9322-a0ca0a62a39e" testId="31ff6168-d18d-0013-7c18-0ff775714202" testName="ToEnum_Passing_InvalidValueString_Returns_EnumDefaultValue" computerName="PC-SFERRARI" duration="00:00:00.0001310" startTime="2020-08-13T12:44:52.1605550+01:00" endTime="2020-08-13T12:44:52.1607807+01:00" testType="13cdc9d9-ddb5-4fa4-a97d-d965ccfc6d4b" outcome="Passed" testListId="8c84fa94-04c1-424b-9868-57a2d4851a1d" relativeResultsDirectory="11feb265-742e-4843-9322-a0ca0a62a39e" />
    <UnitTestResult executionId="0f1d44e2-daa9-4956-b565-7a18c3c55d64" testId="225c09bd-86d5-d9ce-d2b8-18431ca384e3" testName="ToDefaultValue_Passing_ValidGuid_Returns_DefaultValue" computerName="PC-SFERRARI" duration="00:00:00.0003859" startTime="2020-08-13T12:44:52.4544057+01:00" endTime="2020-08-13T12:44:52.4549714+01:00" testType="13cdc9d9-ddb5-4fa4-a97d-d965ccfc6d4b" outcome="Passed" testListId="8c84fa94-04c1-424b-9868-57a2d4851a1d" relativeResultsDirectory="0f1d44e2-daa9-4956-b565-7a18c3c55d64" />
    <UnitTestResult executionId="360413e6-219c-4657-b712-ea8f2442ec10" testId="a1bc7e0c-887e-9227-4221-29241607dc12" testName="ToThrowIfNotFound_Passing_InvalidValue_Returns_ApplicationExceptionWithMessage" computerName="PC-SFERRARI" duration="00:00:00.0004074" startTime="2020-08-13T12:44:50.5110780+01:00" endTime="2020-08-13T12:44:50.5115665+01:00" testType="13cdc9d9-ddb5-4fa4-a97d-d965ccfc6d4b" outcome="Passed" testListId="8c84fa94-04c1-424b-9868-57a2d4851a1d" relativeResultsDirectory="360413e6-219c-4657-b712-ea8f2442ec10" />
    <UnitTestResult executionId="0ed192b3-9fe1-4049-a2f5-fec20b2b6b5a" testId="6bd61990-78b5-76ea-0df5-0c13c388bdc0" testName="ToWhere_Passing_Null_Predicate_Returns_Same_List" computerName="PC-SFERRARI" duration="00:00:00.0021534" startTime="2020-08-13T12:44:52.0588919+01:00" endTime="2020-08-13T12:44:52.0611297+01:00" testType="13cdc9d9-ddb5-4fa4-a97d-d965ccfc6d4b" outcome="Passed" testListId="8c84fa94-04c1-424b-9868-57a2d4851a1d" relativeResultsDirectory="0ed192b3-9fe1-4049-a2f5-fec20b2b6b5a" />
    <UnitTestResult executionId="2fb54ae1-57e1-4acf-955d-740cca6bfbae" testId="1237bc5f-42ea-8c7f-8602-051620acda95" testName="ToEmailMaskUserName_Passing_ValidEmail_Returns_EmailWithMask" computerName="PC-SFERRARI" duration="00:00:00.0009417" startTime="2020-08-13T12:44:52.1376418+01:00" endTime="2020-08-13T12:44:52.1386599+01:00" testType="13cdc9d9-ddb5-4fa4-a97d-d965ccfc6d4b" outcome="Passed" testListId="8c84fa94-04c1-424b-9868-57a2d4851a1d" relativeResultsDirectory="2fb54ae1-57e1-4acf-955d-740cca6bfbae" resultType="DataDrivenTest">
      <InnerResults>
        <UnitTestResult executionId="a8bcb013-fa6f-440f-9710-bb5a094981a8" parentExecutionId="2fb54ae1-57e1-4acf-955d-740cca6bfbae" testId="1237bc5f-42ea-8c7f-8602-051620acda95" testName="ToEmailMaskUserName_Passing_ValidEmail_Returns_EmailWithMask (miemail@gmail.com,m*****l@gmail.com)" computerName="PC-SFERRARI" duration="00:00:00.0009074" startTime="2020-08-13T12:44:52.1376418+01:00" endTime="2020-08-13T12:44:52.1386599+01:00" testType="13cdc9d9-ddb5-4fa4-a97d-d965ccfc6d4b" outcome="Passed" testListId="8c84fa94-04c1-424b-9868-57a2d4851a1d" relativeResultsDirectory="a8bcb013-fa6f-440f-9710-bb5a094981a8" dataRowInfo="1" resultType="DataDrivenDataRow" />
      </InnerResults>
    </UnitTestResult>
  </Results>
  <TestDefinitions>
    <UnitTest name="ToThrowIfNullOrEmpty_Passing_InvalidValue_Returns_ApplicationExceptionWithMessage" storage="d:\sferrari\01 - trabajo\repos\netcore\template-netcore-shared\kitpymes.core.shared.tests\bin\debug\netcoreapp3.0\kitpymes.core.shared.tests.dll" id="50bab7c1-daec-6ad7-fb8a-d46e02e1508d">
      <Execution id="e03ff670-9410-4d2c-96fc-7cd6f901bddf" />
      <TestMethod codeBase="D:\SFERRARI\01 - TRABAJO\REPOS\netcore\template-netcore-shared\Kitpymes.Core.Shared.Tests\bin\Debug\netcoreapp3.0\Kitpymes.Core.Shared.Tests.dll" adapterTypeName="executor://mstestadapter/v2" className="Kitpymes.Core.Shared.Tests.CheckExtensionsTests" name="ToThrowIfNullOrEmpty_Passing_InvalidValue_Returns_ApplicationExceptionWithMessage" />
    </UnitTest>
    <UnitTest name="ToGetAll_Passing_Claims_Returns_Claim_Value_String_List" storage="d:\sferrari\01 - trabajo\repos\netcore\template-netcore-shared\kitpymes.core.shared.tests\bin\debug\netcoreapp3.0\kitpymes.core.shared.tests.dll" id="4184a91b-5297-4872-2a98-1ef97e124515">
      <Execution id="383f898b-d6e5-41b4-8038-436149c54ec2" />
      <TestMethod codeBase="D:\SFERRARI\01 - TRABAJO\REPOS\netcore\template-netcore-shared\Kitpymes.Core.Shared.Tests\bin\Debug\netcoreapp3.0\Kitpymes.Core.Shared.Tests.dll" adapterTypeName="executor://mstestadapter/v2" className="Kitpymes.Core.Shared.Tests.ClaimsPrincipalExtensionsTests" name="ToGetAll_Passing_Claims_Returns_Claim_Value_String_List" />
    </UnitTest>
    <UnitTest name="ToUri_Passing_InvalidValueString_Returns_Null" storage="d:\sferrari\01 - trabajo\repos\netcore\template-netcore-shared\kitpymes.core.shared.tests\bin\debug\netcoreapp3.0\kitpymes.core.shared.tests.dll" id="c180eeb5-df7f-187e-c74d-0f6d31acdec5">
      <Execution id="5e27c979-9ee9-4701-bfe7-8cdf7caca222" />
      <TestMethod codeBase="D:\SFERRARI\01 - TRABAJO\REPOS\netcore\template-netcore-shared\Kitpymes.Core.Shared.Tests\bin\Debug\netcoreapp3.0\Kitpymes.Core.Shared.Tests.dll" adapterTypeName="executor://mstestadapter/v2" className="Kitpymes.Core.Shared.Tests.StringExtensionsTests" name="ToUri_Passing_InvalidValueString_Returns_Null" />
    </UnitTest>
    <UnitTest name="ToReplaceSpecialChars_Passing_ValidValue_Returns_ReplacedValueWithoutIgnoreSpecialChars" storage="d:\sferrari\01 - trabajo\repos\netcore\template-netcore-shared\kitpymes.core.shared.tests\bin\debug\netcoreapp3.0\kitpymes.core.shared.tests.dll" id="29112d2a-2e73-305d-ec50-12fc95c28627">
      <Execution id="a539633f-b3d2-4cb4-a403-7693f5926902" />
      <TestMethod codeBase="D:\SFERRARI\01 - TRABAJO\REPOS\netcore\template-netcore-shared\Kitpymes.Core.Shared.Tests\bin\Debug\netcoreapp3.0\Kitpymes.Core.Shared.Tests.dll" adapterTypeName="executor://mstestadapter/v2" className="Kitpymes.Core.Shared.Tests.StringExtensionsTests" name="ToReplaceSpecialChars_Passing_ValidValue_Returns_ReplacedValueWithoutIgnoreSpecialChars" />
    </UnitTest>
    <UnitTest name="ToDefaultValue_Passing_long_Returns_Cero" storage="d:\sferrari\01 - trabajo\repos\netcore\template-netcore-shared\kitpymes.core.shared.tests\bin\debug\netcoreapp3.0\kitpymes.core.shared.tests.dll" id="e93b141b-fdfd-0f98-21e5-3eb211b6e88b">
      <Execution id="818cfffc-9e27-4138-803a-9f2a0e358e0e" />
      <TestMethod codeBase="D:\SFERRARI\01 - TRABAJO\REPOS\netcore\template-netcore-shared\Kitpymes.Core.Shared.Tests\bin\Debug\netcoreapp3.0\Kitpymes.Core.Shared.Tests.dll" adapterTypeName="executor://mstestadapter/v2" className="Kitpymes.Core.Shared.Tests.GenericExtensionsTests" name="ToDefaultValue_Passing_long_Returns_Cero" />
    </UnitTest>
    <UnitTest name="IsEqual_Passing_InvalidArguments_Returns_HasErrorsAndCount" storage="d:\sferrari\01 - trabajo\repos\netcore\template-netcore-shared\kitpymes.core.shared.tests\bin\debug\netcoreapp3.0\kitpymes.core.shared.tests.dll" id="c87d842d-198f-fc52-0a70-418a5e5378ab">
      <Execution id="83c7810b-7a46-4ecf-994f-bf07ff539f61" />
      <TestMethod codeBase="D:\SFERRARI\01 - TRABAJO\REPOS\netcore\template-netcore-shared\Kitpymes.Core.Shared.Tests\bin\Debug\netcoreapp3.0\Kitpymes.Core.Shared.Tests.dll" adapterTypeName="executor://mstestadapter/v2" className="Kitpymes.Core.Shared.Tests.CheckTests" name="IsEqual_Passing_InvalidArguments_Returns_HasErrorsAndCount" />
    </UnitTest>
    <UnitTest name="ToAuthenticationType_Passing_Claims_Returns_AuthenticationType_Name" storage="d:\sferrari\01 - trabajo\repos\netcore\template-netcore-shared\kitpymes.core.shared.tests\bin\debug\netcoreapp3.0\kitpymes.core.shared.tests.dll" id="635e001f-2a50-f191-84e2-e81cd2000fdf">
      <Execution id="3aadcb05-e42b-49d8-8159-ec66c4f2efbd" />
      <TestMethod codeBase="D:\SFERRARI\01 - TRABAJO\REPOS\netcore\template-netcore-shared\Kitpymes.Core.Shared.Tests\bin\Debug\netcoreapp3.0\Kitpymes.Core.Shared.Tests.dll" adapterTypeName="executor://mstestadapter/v2" className="Kitpymes.Core.Shared.Tests.ClaimsPrincipalExtensionsTests" name="ToAuthenticationType_Passing_Claims_Returns_AuthenticationType_Name" />
    </UnitTest>
    <UnitTest name="ToIsAuthenticated_Passing_Null_ClaimsPrincipal_Returns_ApplicationException" storage="d:\sferrari\01 - trabajo\repos\netcore\template-netcore-shared\kitpymes.core.shared.tests\bin\debug\netcoreapp3.0\kitpymes.core.shared.tests.dll" id="a702dc43-b5af-c889-d32e-e69ee2d100af">
      <Execution id="1d26e04b-c144-4019-b24a-ffb6e9cea605" />
      <TestMethod codeBase="D:\SFERRARI\01 - TRABAJO\REPOS\netcore\template-netcore-shared\Kitpymes.Core.Shared.Tests\bin\Debug\netcoreapp3.0\Kitpymes.Core.Shared.Tests.dll" adapterTypeName="executor://mstestadapter/v2" className="Kitpymes.Core.Shared.Tests.ClaimsPrincipalExtensionsTests" name="ToIsAuthenticated_Passing_Null_ClaimsPrincipal_Returns_ApplicationException" />
    </UnitTest>
    <UnitTest name="ToEmailMaskUserName_Passing_ValidEmail_Returns_EmailWithMask" storage="d:\sferrari\01 - trabajo\repos\netcore\template-netcore-shared\kitpymes.core.shared.tests\bin\debug\netcoreapp3.0\kitpymes.core.shared.tests.dll" id="1237bc5f-42ea-8c7f-8602-051620acda95">
      <Execution id="2fb54ae1-57e1-4acf-955d-740cca6bfbae" />
      <TestMethod codeBase="D:\SFERRARI\01 - TRABAJO\REPOS\netcore\template-netcore-shared\Kitpymes.Core.Shared.Tests\bin\Debug\netcoreapp3.0\Kitpymes.Core.Shared.Tests.dll" adapterTypeName="executor://mstestadapter/v2" className="Kitpymes.Core.Shared.Tests.StringExtensionsTests" name="ToEmailMaskUserName_Passing_ValidEmail_Returns_EmailWithMask" />
    </UnitTest>
    <UnitTest name="ToDefaultValue_Passing_byte_Returns_Cero" storage="d:\sferrari\01 - trabajo\repos\netcore\template-netcore-shared\kitpymes.core.shared.tests\bin\debug\netcoreapp3.0\kitpymes.core.shared.tests.dll" id="6c59b811-73c0-2540-9661-8c8f2a459ff2">
      <Execution id="d6d88ca5-044d-434c-9c0e-4f442d8232e2" />
      <TestMethod codeBase="D:\SFERRARI\01 - TRABAJO\REPOS\netcore\template-netcore-shared\Kitpymes.Core.Shared.Tests\bin\Debug\netcoreapp3.0\Kitpymes.Core.Shared.Tests.dll" adapterTypeName="executor://mstestadapter/v2" className="Kitpymes.Core.Shared.Tests.GenericExtensionsTests" name="ToDefaultValue_Passing_byte_Returns_Cero" />
    </UnitTest>
    <UnitTest name="ToCompress_Passing_Value_Bytes_Returns_Value_Bytes" storage="d:\sferrari\01 - trabajo\repos\netcore\template-netcore-shared\kitpymes.core.shared.tests\bin\debug\netcoreapp3.0\kitpymes.core.shared.tests.dll" id="7a313c49-8adc-98e3-cdda-86b900f0ade6">
      <Execution id="dc8fa09f-70b1-4a9b-b5ff-07b5b58eea9a" />
      <TestMethod codeBase="D:\SFERRARI\01 - TRABAJO\REPOS\netcore\template-netcore-shared\Kitpymes.Core.Shared.Tests\bin\Debug\netcoreapp3.0\Kitpymes.Core.Shared.Tests.dll" adapterTypeName="executor://mstestadapter/v2" className="Kitpymes.Core.Shared.Tests.BytesExtensionsTests" name="ToCompress_Passing_Value_Bytes_Returns_Value_Bytes" />
    </UnitTest>
    <UnitTest name="ToDirectoryTemporary_Passing_ValidValue_Returns_DirectoryExists" storage="d:\sferrari\01 - trabajo\repos\netcore\template-netcore-shared\kitpymes.core.shared.tests\bin\debug\netcoreapp3.0\kitpymes.core.shared.tests.dll" id="65b9b71b-a8d5-2a7d-a8a7-0e3a015e6b68">
      <Execution id="22b51468-8868-41c9-acac-2aad342812f0" />
      <TestMethod codeBase="D:\SFERRARI\01 - TRABAJO\REPOS\netcore\template-netcore-shared\Kitpymes.Core.Shared.Tests\bin\Debug\netcoreapp3.0\Kitpymes.Core.Shared.Tests.dll" adapterTypeName="executor://mstestadapter/v2" className="Kitpymes.Core.Shared.Tests.StringExtensionsTests" name="ToDirectoryTemporary_Passing_ValidValue_Returns_DirectoryExists" />
    </UnitTest>
    <UnitTest name="ToGet_Passing_Claims_Returns_Claim_Value_Object" storage="d:\sferrari\01 - trabajo\repos\netcore\template-netcore-shared\kitpymes.core.shared.tests\bin\debug\netcoreapp3.0\kitpymes.core.shared.tests.dll" id="a272f84c-2bd5-daa4-4afe-22346b802f86">
      <Execution id="9a568513-a4ea-47ff-b7a2-08afa203f65a" />
      <TestMethod codeBase="D:\SFERRARI\01 - TRABAJO\REPOS\netcore\template-netcore-shared\Kitpymes.Core.Shared.Tests\bin\Debug\netcoreapp3.0\Kitpymes.Core.Shared.Tests.dll" adapterTypeName="executor://mstestadapter/v2" className="Kitpymes.Core.Shared.Tests.ClaimsPrincipalExtensionsTests" name="ToGet_Passing_Claims_Returns_Claim_Value_Object" />
    </UnitTest>
    <UnitTest name="ToThrowIfNotFoundDirectory_Passing_InvalidValue_Returns_ApplicationExceptionWithMessage" storage="d:\sferrari\01 - trabajo\repos\netcore\template-netcore-shared\kitpymes.core.shared.tests\bin\debug\netcoreapp3.0\kitpymes.core.shared.tests.dll" id="688a191d-5b56-481f-5739-c5e4f9181418">
      <Execution id="43a6bf96-d116-4b14-8692-e9e29b09f174" />
      <TestMethod codeBase="D:\SFERRARI\01 - TRABAJO\REPOS\netcore\template-netcore-shared\Kitpymes.Core.Shared.Tests\bin\Debug\netcoreapp3.0\Kitpymes.Core.Shared.Tests.dll" adapterTypeName="executor://mstestadapter/v2" className="Kitpymes.Core.Shared.Tests.CheckExtensionsTests" name="ToThrowIfNotFoundDirectory_Passing_InvalidValue_Returns_ApplicationExceptionWithMessage" />
    </UnitTest>
    <UnitTest name="ToGetAll_Passing_Claims_Returns_Claim_Value_Int_List" storage="d:\sferrari\01 - trabajo\repos\netcore\template-netcore-shared\kitpymes.core.shared.tests\bin\debug\netcoreapp3.0\kitpymes.core.shared.tests.dll" id="fa00d2a8-59b9-ad9e-caa1-a0c9e3156db1">
      <Execution id="596c5bf4-25e8-40e3-8b6f-c752e57359ab" />
      <TestMethod codeBase="D:\SFERRARI\01 - TRABAJO\REPOS\netcore\template-netcore-shared\Kitpymes.Core.Shared.Tests\bin\Debug\netcoreapp3.0\Kitpymes.Core.Shared.Tests.dll" adapterTypeName="executor://mstestadapter/v2" className="Kitpymes.Core.Shared.Tests.ClaimsPrincipalExtensionsTests" name="ToGetAll_Passing_Claims_Returns_Claim_Value_Int_List" />
    </UnitTest>
    <UnitTest name="ToEnvironment_Passing_Service_Not_Found_Returns_ApplicationException" storage="d:\sferrari\01 - trabajo\repos\netcore\template-netcore-shared\kitpymes.core.shared.tests\bin\debug\netcoreapp3.0\kitpymes.core.shared.tests.dll" id="7c679bcb-7a59-8751-0063-1ef6e07cb160">
      <Execution id="6ab255b0-cba7-4d8a-81b8-bdaa1c349fc1" />
      <TestMethod codeBase="D:\SFERRARI\01 - TRABAJO\REPOS\netcore\template-netcore-shared\Kitpymes.Core.Shared.Tests\bin\Debug\netcoreapp3.0\Kitpymes.Core.Shared.Tests.dll" adapterTypeName="executor://mstestadapter/v2" className="Kitpymes.Core.Shared.Tests.ApplicationBuilderExtensionsTests" name="ToEnvironment_Passing_Service_Not_Found_Returns_ApplicationException" />
    </UnitTest>
    <UnitTest name="ToInt_Passing_ValidValueString_Returns_Int" storage="d:\sferrari\01 - trabajo\repos\netcore\template-netcore-shared\kitpymes.core.shared.tests\bin\debug\netcoreapp3.0\kitpymes.core.shared.tests.dll" id="ae09f98c-257a-b9e5-5b0b-16344b7adf1c">
      <Execution id="d83aed21-904d-468c-9102-0d84148c307b" />
      <TestMethod codeBase="D:\SFERRARI\01 - TRABAJO\REPOS\netcore\template-netcore-shared\Kitpymes.Core.Shared.Tests\bin\Debug\netcoreapp3.0\Kitpymes.Core.Shared.Tests.dll" adapterTypeName="executor://mstestadapter/v2" className="Kitpymes.Core.Shared.Tests.StringExtensionsTests" name="ToInt_Passing_ValidValueString_Returns_Int" />
    </UnitTest>
    <UnitTest name="ToDefaultValue_Passing_bool_Returns_Cero" storage="d:\sferrari\01 - trabajo\repos\netcore\template-netcore-shared\kitpymes.core.shared.tests\bin\debug\netcoreapp3.0\kitpymes.core.shared.tests.dll" id="432377b9-b0ad-9a2a-6dc2-e1069e73c449">
      <Execution id="6091271a-8b9b-4f12-9cc5-865e66db2fb7" />
      <TestMethod codeBase="D:\SFERRARI\01 - TRABAJO\REPOS\netcore\template-netcore-shared\Kitpymes.Core.Shared.Tests\bin\Debug\netcoreapp3.0\Kitpymes.Core.Shared.Tests.dll" adapterTypeName="executor://mstestadapter/v2" className="Kitpymes.Core.Shared.Tests.GenericExtensionsTests" name="ToDefaultValue_Passing_bool_Returns_Cero" />
    </UnitTest>
    <UnitTest name="ToDefaultValue_Passing_uint_Returns_Cero" storage="d:\sferrari\01 - trabajo\repos\netcore\template-netcore-shared\kitpymes.core.shared.tests\bin\debug\netcoreapp3.0\kitpymes.core.shared.tests.dll" id="f828057e-351a-48b7-0028-e57f15c7217e">
      <Execution id="52fe0564-47d2-4ee7-9ab1-726e9a5a3376" />
      <TestMethod codeBase="D:\SFERRARI\01 - TRABAJO\REPOS\netcore\template-netcore-shared\Kitpymes.Core.Shared.Tests\bin\Debug\netcoreapp3.0\Kitpymes.Core.Shared.Tests.dll" adapterTypeName="executor://mstestadapter/v2" className="Kitpymes.Core.Shared.Tests.GenericExtensionsTests" name="ToDefaultValue_Passing_uint_Returns_Cero" />
    </UnitTest>
    <UnitTest name="IsRange_Passing_InvalidArguments_Returns_HasErrorsAndCount" storage="d:\sferrari\01 - trabajo\repos\netcore\template-netcore-shared\kitpymes.core.shared.tests\bin\debug\netcoreapp3.0\kitpymes.core.shared.tests.dll" id="8a5cc6e0-e73e-2131-64bd-e73fc6c2a32e">
      <Execution id="ed8b0cca-9aac-4ee7-a18e-19d2ad14c90c" />
      <TestMethod codeBase="D:\SFERRARI\01 - TRABAJO\REPOS\netcore\template-netcore-shared\Kitpymes.Core.Shared.Tests\bin\Debug\netcoreapp3.0\Kitpymes.Core.Shared.Tests.dll" adapterTypeName="executor://mstestadapter/v2" className="Kitpymes.Core.Shared.Tests.CheckTests" name="IsRange_Passing_InvalidArguments_Returns_HasErrorsAndCount" />
    </UnitTest>
    <UnitTest name="ToMessage_Passing_ExceptionWithMessageWithInnerException_Returns_MessageAndInnerException" storage="d:\sferrari\01 - trabajo\repos\netcore\template-netcore-shared\kitpymes.core.shared.tests\bin\debug\netcoreapp3.0\kitpymes.core.shared.tests.dll" id="0d35441f-72fe-a777-509f-6a19632f972a">
      <Execution id="46ed11d0-c588-4263-b9f7-04c057ed154f" />
      <TestMethod codeBase="D:\SFERRARI\01 - TRABAJO\REPOS\netcore\template-netcore-shared\Kitpymes.Core.Shared.Tests\bin\Debug\netcoreapp3.0\Kitpymes.Core.Shared.Tests.dll" adapterTypeName="executor://mstestadapter/v2" className="Kitpymes.Core.Shared.Tests.ExceptionExtensionsTests" name="ToMessage_Passing_ExceptionWithMessageWithInnerException_Returns_MessageAndInnerException" />
    </UnitTest>
    <UnitTest name="ToIPv6_Passing_HttpContext_IP_Value_Returns_IP" storage="d:\sferrari\01 - trabajo\repos\netcore\template-netcore-shared\kitpymes.core.shared.tests\bin\debug\netcoreapp3.0\kitpymes.core.shared.tests.dll" id="5bee9d0e-89de-7b6d-4317-0a11342b1d29">
      <Execution id="1f485642-88e9-4639-8db8-8ae8fc2e473e" />
      <TestMethod codeBase="D:\SFERRARI\01 - TRABAJO\REPOS\netcore\template-netcore-shared\Kitpymes.Core.Shared.Tests\bin\Debug\netcoreapp3.0\Kitpymes.Core.Shared.Tests.dll" adapterTypeName="executor://mstestadapter/v2" className="Kitpymes.Core.Shared.Tests.HttpContextExtensionsTests" name="ToIPv6_Passing_HttpContext_IP_Value_Returns_IP" />
    </UnitTest>
    <UnitTest name="ToDefaultValue_Passing_double_Returns_Cero" storage="d:\sferrari\01 - trabajo\repos\netcore\template-netcore-shared\kitpymes.core.shared.tests\bin\debug\netcoreapp3.0\kitpymes.core.shared.tests.dll" id="f752d50b-77fa-327a-4493-168161bd27b2">
      <Execution id="b9ed1ddf-c856-4d47-8613-a49d7f0f70eb" />
      <TestMethod codeBase="D:\SFERRARI\01 - TRABAJO\REPOS\netcore\template-netcore-shared\Kitpymes.Core.Shared.Tests\bin\Debug\netcoreapp3.0\Kitpymes.Core.Shared.Tests.dll" adapterTypeName="executor://mstestadapter/v2" className="Kitpymes.Core.Shared.Tests.GenericExtensionsTests" name="ToDefaultValue_Passing_double_Returns_Cero" />
    </UnitTest>
    <UnitTest name="IsDirectory_Passing_InvalidArguments_Returns_HasErrorsAndCount" storage="d:\sferrari\01 - trabajo\repos\netcore\template-netcore-shared\kitpymes.core.shared.tests\bin\debug\netcoreapp3.0\kitpymes.core.shared.tests.dll" id="ee30e1f9-ce80-c70a-1b56-b7e02750ae26">
      <Execution id="2b14ed81-9321-4dc4-86b0-7aa0620deb7c" />
      <TestMethod codeBase="D:\SFERRARI\01 - TRABAJO\REPOS\netcore\template-netcore-shared\Kitpymes.Core.Shared.Tests\bin\Debug\netcoreapp3.0\Kitpymes.Core.Shared.Tests.dll" adapterTypeName="executor://mstestadapter/v2" className="Kitpymes.Core.Shared.Tests.CheckTests" name="IsDirectory_Passing_InvalidArguments_Returns_HasErrorsAndCount" />
    </UnitTest>
    <UnitTest name="ToService_Passing_NotFound_Service_Returns_ApplicationException" storage="d:\sferrari\01 - trabajo\repos\netcore\template-netcore-shared\kitpymes.core.shared.tests\bin\debug\netcoreapp3.0\kitpymes.core.shared.tests.dll" id="c1b9482d-5008-2226-29f4-9800d3a2b340">
      <Execution id="81c3ece5-7782-4f51-8dea-68caf65ab8d6" />
      <TestMethod codeBase="D:\SFERRARI\01 - TRABAJO\REPOS\netcore\template-netcore-shared\Kitpymes.Core.Shared.Tests\bin\Debug\netcoreapp3.0\Kitpymes.Core.Shared.Tests.dll" adapterTypeName="executor://mstestadapter/v2" className="Kitpymes.Core.Shared.Tests.ConfigurationBuilderExtensionsTests" name="ToService_Passing_NotFound_Service_Returns_ApplicationException" />
    </UnitTest>
    <UnitTest name="ToTryGetHeader_Passing_HttpRequest_Header_Many_Values_Returns_Values" storage="d:\sferrari\01 - trabajo\repos\netcore\template-netcore-shared\kitpymes.core.shared.tests\bin\debug\netcoreapp3.0\kitpymes.core.shared.tests.dll" id="db5f34ff-df7c-44e5-6721-c319db8d6da0">
      <Execution id="d68e4ea7-98f0-4074-906d-ab4666c8316c" />
      <TestMethod codeBase="D:\SFERRARI\01 - TRABAJO\REPOS\netcore\template-netcore-shared\Kitpymes.Core.Shared.Tests\bin\Debug\netcoreapp3.0\Kitpymes.Core.Shared.Tests.dll" adapterTypeName="executor://mstestadapter/v2" className="Kitpymes.Core.Shared.Tests.HttpRequestExtensionsTests" name="ToTryGetHeader_Passing_HttpRequest_Header_Many_Values_Returns_Values" />
    </UnitTest>
    <UnitTest name="ToIsAuthenticated_Passing_Claims_Returns_True" storage="d:\sferrari\01 - trabajo\repos\netcore\template-netcore-shared\kitpymes.core.shared.tests\bin\debug\netcoreapp3.0\kitpymes.core.shared.tests.dll" id="a75e991f-5e03-3949-85d6-afa1f14455d4">
      <Execution id="2f0a7c76-22f8-4909-8c38-e712aab8280b" />
      <TestMethod codeBase="D:\SFERRARI\01 - TRABAJO\REPOS\netcore\template-netcore-shared\Kitpymes.Core.Shared.Tests\bin\Debug\netcoreapp3.0\Kitpymes.Core.Shared.Tests.dll" adapterTypeName="executor://mstestadapter/v2" className="Kitpymes.Core.Shared.Tests.ClaimsPrincipalExtensionsTests" name="ToIsAuthenticated_Passing_Claims_Returns_True" />
    </UnitTest>
    <UnitTest name="ToUserName_Passing_Null_ClaimsPrincipal_Returns_ApplicationException" storage="d:\sferrari\01 - trabajo\repos\netcore\template-netcore-shared\kitpymes.core.shared.tests\bin\debug\netcoreapp3.0\kitpymes.core.shared.tests.dll" id="65b9c427-b5ec-99b4-199a-0093cd460501">
      <Execution id="0e05512a-c4f3-4c63-914d-b754c903fc5d" />
      <TestMethod codeBase="D:\SFERRARI\01 - TRABAJO\REPOS\netcore\template-netcore-shared\Kitpymes.Core.Shared.Tests\bin\Debug\netcoreapp3.0\Kitpymes.Core.Shared.Tests.dll" adapterTypeName="executor://mstestadapter/v2" className="Kitpymes.Core.Shared.Tests.ClaimsPrincipalExtensionsTests" name="ToUserName_Passing_Null_ClaimsPrincipal_Returns_ApplicationException" />
    </UnitTest>
    <UnitTest name="ToUri_Passing_InvalidValueString_Returns_DefaultValue" storage="d:\sferrari\01 - trabajo\repos\netcore\template-netcore-shared\kitpymes.core.shared.tests\bin\debug\netcoreapp3.0\kitpymes.core.shared.tests.dll" id="bc15aa99-72de-0e5a-b6e8-2d654659d591">
      <Execution id="62d41c7a-1391-4606-9a9c-c29a8e32efa3" />
      <TestMethod codeBase="D:\SFERRARI\01 - TRABAJO\REPOS\netcore\template-netcore-shared\Kitpymes.Core.Shared.Tests\bin\Debug\netcoreapp3.0\Kitpymes.Core.Shared.Tests.dll" adapterTypeName="executor://mstestadapter/v2" className="Kitpymes.Core.Shared.Tests.StringExtensionsTests" name="ToUri_Passing_InvalidValueString_Returns_DefaultValue" />
    </UnitTest>
    <UnitTest name="ToRemove_Passing_ValidValue_Returns_ValueWithoutRemovedChars" storage="d:\sferrari\01 - trabajo\repos\netcore\template-netcore-shared\kitpymes.core.shared.tests\bin\debug\netcoreapp3.0\kitpymes.core.shared.tests.dll" id="bb347f18-44ab-0d77-d5bd-a671e4c37650">
      <Execution id="fe4ee627-4bcc-4746-b3b5-1c29336085c7" />
      <TestMethod codeBase="D:\SFERRARI\01 - TRABAJO\REPOS\netcore\template-netcore-shared\Kitpymes.Core.Shared.Tests\bin\Debug\netcoreapp3.0\Kitpymes.Core.Shared.Tests.dll" adapterTypeName="executor://mstestadapter/v2" className="Kitpymes.Core.Shared.Tests.StringExtensionsTests" name="ToRemove_Passing_ValidValue_Returns_ValueWithoutRemovedChars" />
    </UnitTest>
    <UnitTest name="ToThrowIfNotFound_Passing_InvalidValue_Returns_ApplicationExceptionWithMessage" storage="d:\sferrari\01 - trabajo\repos\netcore\template-netcore-shared\kitpymes.core.shared.tests\bin\debug\netcoreapp3.0\kitpymes.core.shared.tests.dll" id="a1bc7e0c-887e-9227-4221-29241607dc12">
      <Execution id="360413e6-219c-4657-b712-ea8f2442ec10" />
      <TestMethod codeBase="D:\SFERRARI\01 - TRABAJO\REPOS\netcore\template-netcore-shared\Kitpymes.Core.Shared.Tests\bin\Debug\netcoreapp3.0\Kitpymes.Core.Shared.Tests.dll" adapterTypeName="executor://mstestadapter/v2" className="Kitpymes.Core.Shared.Tests.CheckExtensionsTests" name="ToThrowIfNotFound_Passing_InvalidValue_Returns_ApplicationExceptionWithMessage" />
    </UnitTest>
    <UnitTest name="ToEmailMaskUserNameAndDomainAndExtension_Passing_ValidEmail_Returns_EmailWithMask" storage="d:\sferrari\01 - trabajo\repos\netcore\template-netcore-shared\kitpymes.core.shared.tests\bin\debug\netcoreapp3.0\kitpymes.core.shared.tests.dll" id="1f6423c7-4317-6f5b-c112-f4c9c7e822af">
      <Execution id="d3fdd7bc-fbd6-4ac5-83e4-374ce6caf508" />
      <TestMethod codeBase="D:\SFERRARI\01 - TRABAJO\REPOS\netcore\template-netcore-shared\Kitpymes.Core.Shared.Tests\bin\Debug\netcoreapp3.0\Kitpymes.Core.Shared.Tests.dll" adapterTypeName="executor://mstestadapter/v2" className="Kitpymes.Core.Shared.Tests.StringExtensionsTests" name="ToEmailMaskUserNameAndDomainAndExtension_Passing_ValidEmail_Returns_EmailWithMask" />
    </UnitTest>
    <UnitTest name="ToHashAlgorithmName_Passing_InvalidValueString_Returns_Null" storage="d:\sferrari\01 - trabajo\repos\netcore\template-netcore-shared\kitpymes.core.shared.tests\bin\debug\netcoreapp3.0\kitpymes.core.shared.tests.dll" id="1b969e76-d97c-c639-c377-a41796fbb2c3">
      <Execution id="6985a08e-b1c0-44e6-a1be-3b799477b682" />
      <TestMethod codeBase="D:\SFERRARI\01 - TRABAJO\REPOS\netcore\template-netcore-shared\Kitpymes.Core.Shared.Tests\bin\Debug\netcoreapp3.0\Kitpymes.Core.Shared.Tests.dll" adapterTypeName="executor://mstestadapter/v2" className="Kitpymes.Core.Shared.Tests.StringExtensionsTests" name="ToHashAlgorithmName_Passing_InvalidValueString_Returns_Null" />
    </UnitTest>
    <UnitTest name="ToBytes_Passing_Object_Returns_Bytes" storage="d:\sferrari\01 - trabajo\repos\netcore\template-netcore-shared\kitpymes.core.shared.tests\bin\debug\netcoreapp3.0\kitpymes.core.shared.tests.dll" id="118e36ba-6572-1245-e05b-9bcc7b4e5e20">
      <Execution id="453f7090-4ec0-44a5-b6bc-c7e8a6f7fb9e" />
      <TestMethod codeBase="D:\SFERRARI\01 - TRABAJO\REPOS\netcore\template-netcore-shared\Kitpymes.Core.Shared.Tests\bin\Debug\netcoreapp3.0\Kitpymes.Core.Shared.Tests.dll" adapterTypeName="executor://mstestadapter/v2" className="Kitpymes.Core.Shared.Tests.GenericExtensionsTests" name="ToBytes_Passing_Object_Returns_Bytes" />
    </UnitTest>
    <UnitTest name="ToEmailMaskUserNameAndDomain_Passing_ValidEmail_Returns_EmailWithMask" storage="d:\sferrari\01 - trabajo\repos\netcore\template-netcore-shared\kitpymes.core.shared.tests\bin\debug\netcoreapp3.0\kitpymes.core.shared.tests.dll" id="e8138724-52f6-6999-ada4-cbc441f2cd15">
      <Execution id="182949a9-f047-43cb-bc97-9e8c1b808268" />
      <TestMethod codeBase="D:\SFERRARI\01 - TRABAJO\REPOS\netcore\template-netcore-shared\Kitpymes.Core.Shared.Tests\bin\Debug\netcoreapp3.0\Kitpymes.Core.Shared.Tests.dll" adapterTypeName="executor://mstestadapter/v2" className="Kitpymes.Core.Shared.Tests.StringExtensionsTests" name="ToEmailMaskUserNameAndDomain_Passing_ValidEmail_Returns_EmailWithMask" />
    </UnitTest>
    <UnitTest name="ToMapClone_Passing_Source_Returns_New_Source_Object" storage="d:\sferrari\01 - trabajo\repos\netcore\template-netcore-shared\kitpymes.core.shared.tests\bin\debug\netcoreapp3.0\kitpymes.core.shared.tests.dll" id="27cc1a96-8264-8762-05bc-aa63ccb155d7">
      <Execution id="07207a41-c5cb-4b9f-be4c-771ab38c1c8d" />
      <TestMethod codeBase="D:\SFERRARI\01 - TRABAJO\REPOS\netcore\template-netcore-shared\Kitpymes.Core.Shared.Tests\bin\Debug\netcoreapp3.0\Kitpymes.Core.Shared.Tests.dll" adapterTypeName="executor://mstestadapter/v2" className="Kitpymes.Core.Shared.Tests.AgileMapperExtensionsTests" name="ToMapClone_Passing_Source_Returns_New_Source_Object" />
    </UnitTest>
    <UnitTest name="IsLess_Passing_InvalidArguments_Returns_HasErrorsAndCount" storage="d:\sferrari\01 - trabajo\repos\netcore\template-netcore-shared\kitpymes.core.shared.tests\bin\debug\netcoreapp3.0\kitpymes.core.shared.tests.dll" id="4d9bde6c-668c-a1d3-dc60-edcfc6a4082c">
      <Execution id="c3cba8ab-21d0-44f1-835d-434299c96f22" />
      <TestMethod codeBase="D:\SFERRARI\01 - TRABAJO\REPOS\netcore\template-netcore-shared\Kitpymes.Core.Shared.Tests\bin\Debug\netcoreapp3.0\Kitpymes.Core.Shared.Tests.dll" adapterTypeName="executor://mstestadapter/v2" className="Kitpymes.Core.Shared.Tests.CheckTests" name="IsLess_Passing_InvalidArguments_Returns_HasErrorsAndCount" />
    </UnitTest>
    <UnitTest name="ToEmailMask_Passing_ValidEmail_Returns_EmailWithMask" storage="d:\sferrari\01 - trabajo\repos\netcore\template-netcore-shared\kitpymes.core.shared.tests\bin\debug\netcoreapp3.0\kitpymes.core.shared.tests.dll" id="98331ff8-6ed1-e7ba-c8dd-be5bd5b6cb2c">
      <Execution id="8e712eaf-8aae-435d-a33d-ffabe41414a8" />
      <TestMethod codeBase="D:\SFERRARI\01 - TRABAJO\REPOS\netcore\template-netcore-shared\Kitpymes.Core.Shared.Tests\bin\Debug\netcoreapp3.0\Kitpymes.Core.Shared.Tests.dll" adapterTypeName="executor://mstestadapter/v2" className="Kitpymes.Core.Shared.Tests.StringExtensionsTests" name="ToEmailMask_Passing_ValidEmail_Returns_EmailWithMask" />
    </UnitTest>
    <UnitTest name="ToSubdomain_Passing_HttpRequest_Host_Returns_Subdomain" storage="d:\sferrari\01 - trabajo\repos\netcore\template-netcore-shared\kitpymes.core.shared.tests\bin\debug\netcoreapp3.0\kitpymes.core.shared.tests.dll" id="e9b23f0c-0cde-4603-1739-ee642fd33c36">
      <Execution id="a7ba06be-ce69-4cce-91d0-92cff8071209" />
      <TestMethod codeBase="D:\SFERRARI\01 - TRABAJO\REPOS\netcore\template-netcore-shared\Kitpymes.Core.Shared.Tests\bin\Debug\netcoreapp3.0\Kitpymes.Core.Shared.Tests.dll" adapterTypeName="executor://mstestadapter/v2" className="Kitpymes.Core.Shared.Tests.HttpRequestExtensionsTests" name="ToSubdomain_Passing_HttpRequest_Host_Returns_Subdomain" />
    </UnitTest>
    <UnitTest name="IsNullOrAny_Passing_InvalidArguments_Returns_HasErrorsAndCount" storage="d:\sferrari\01 - trabajo\repos\netcore\template-netcore-shared\kitpymes.core.shared.tests\bin\debug\netcoreapp3.0\kitpymes.core.shared.tests.dll" id="922c5a5d-5d46-b5de-bcbd-4fac0addd422">
      <Execution id="13fad069-7d08-46a7-a434-227f0a2b87e9" />
      <TestMethod codeBase="D:\SFERRARI\01 - TRABAJO\REPOS\netcore\template-netcore-shared\Kitpymes.Core.Shared.Tests\bin\Debug\netcoreapp3.0\Kitpymes.Core.Shared.Tests.dll" adapterTypeName="executor://mstestadapter/v2" className="Kitpymes.Core.Shared.Tests.CheckTests" name="IsNullOrAny_Passing_InvalidArguments_Returns_HasErrorsAndCount" />
    </UnitTest>
    <UnitTest name="ToIsLastDayOfTheMonth_Passing_NotLastDayOfMonth_Returns_False" storage="d:\sferrari\01 - trabajo\repos\netcore\template-netcore-shared\kitpymes.core.shared.tests\bin\debug\netcoreapp3.0\kitpymes.core.shared.tests.dll" id="3443f7f5-ee1a-f375-e5b1-f7ffa940c0db">
      <Execution id="89921a4e-9782-4d60-8c73-2bc8f4233e2d" />
      <TestMethod codeBase="D:\SFERRARI\01 - TRABAJO\REPOS\netcore\template-netcore-shared\Kitpymes.Core.Shared.Tests\bin\Debug\netcoreapp3.0\Kitpymes.Core.Shared.Tests.dll" adapterTypeName="executor://mstestadapter/v2" className="Kitpymes.Core.Shared.Tests.DateTimeExtensionsTests" name="ToIsLastDayOfTheMonth_Passing_NotLastDayOfMonth_Returns_False" />
    </UnitTest>
    <UnitTest name="ToExists_Passing_Valid_Service_Returns_True" storage="d:\sferrari\01 - trabajo\repos\netcore\template-netcore-shared\kitpymes.core.shared.tests\bin\debug\netcoreapp3.0\kitpymes.core.shared.tests.dll" id="64bc1554-814c-3c40-a6b0-679b40b89c36">
      <Execution id="38b31219-d49f-4feb-a295-08573c91f5b8" />
      <TestMethod codeBase="D:\SFERRARI\01 - TRABAJO\REPOS\netcore\template-netcore-shared\Kitpymes.Core.Shared.Tests\bin\Debug\netcoreapp3.0\Kitpymes.Core.Shared.Tests.dll" adapterTypeName="executor://mstestadapter/v2" className="Kitpymes.Core.Shared.Tests.ApplicationBuilderExtensionsTests" name="ToExists_Passing_Valid_Service_Returns_True" />
    </UnitTest>
    <UnitTest name="ToList_Passing_ValidEnumType_Returns_ValuesList" storage="d:\sferrari\01 - trabajo\repos\netcore\template-netcore-shared\kitpymes.core.shared.tests\bin\debug\netcoreapp3.0\kitpymes.core.shared.tests.dll" id="a6625fb0-1b80-148b-87dc-9cf616e5e84d">
      <Execution id="33eeaa36-70f3-419d-8f35-631e63e18bd1" />
      <TestMethod codeBase="D:\SFERRARI\01 - TRABAJO\REPOS\netcore\template-netcore-shared\Kitpymes.Core.Shared.Tests\bin\Debug\netcoreapp3.0\Kitpymes.Core.Shared.Tests.dll" adapterTypeName="executor://mstestadapter/v2" className="Kitpymes.Core.Shared.Tests.EnumsTests" name="ToList_Passing_ValidEnumType_Returns_ValuesList" />
    </UnitTest>
    <UnitTest name="ToZipCreate_Passing_ValidFilesWithCutomZipName_Returns_ZipFiles" storage="d:\sferrari\01 - trabajo\repos\netcore\template-netcore-shared\kitpymes.core.shared.tests\bin\debug\netcoreapp3.0\kitpymes.core.shared.tests.dll" id="b51b5293-5162-7db8-79c0-6e7b6f1c51a5">
      <Execution id="6399a8c8-b416-4cd5-83b0-936ab8a68ef6" />
      <TestMethod codeBase="D:\SFERRARI\01 - TRABAJO\REPOS\netcore\template-netcore-shared\Kitpymes.Core.Shared.Tests\bin\Debug\netcoreapp3.0\Kitpymes.Core.Shared.Tests.dll" adapterTypeName="executor://mstestadapter/v2" className="Kitpymes.Core.Shared.Tests.StringExtensionsTests" name="ToZipCreate_Passing_ValidFilesWithCutomZipName_Returns_ZipFiles" />
    </UnitTest>
    <UnitTest name="ToDirectoryDeleteFiles_Passing_ValidValue_Returns_DirectoryNoExists" storage="d:\sferrari\01 - trabajo\repos\netcore\template-netcore-shared\kitpymes.core.shared.tests\bin\debug\netcoreapp3.0\kitpymes.core.shared.tests.dll" id="7f0aeefe-ba4a-5404-c6f8-82be67718cc4">
      <Execution id="dfdec74f-5c4a-49f8-9092-47865447f56f" />
      <TestMethod codeBase="D:\SFERRARI\01 - TRABAJO\REPOS\netcore\template-netcore-shared\Kitpymes.Core.Shared.Tests\bin\Debug\netcoreapp3.0\Kitpymes.Core.Shared.Tests.dll" adapterTypeName="executor://mstestadapter/v2" className="Kitpymes.Core.Shared.Tests.StringExtensionsTests" name="ToDirectoryDeleteFiles_Passing_ValidValue_Returns_DirectoryNoExists" />
    </UnitTest>
    <UnitTest name="ToAssembly_Passing_ValidValueAssemblyString_Returns_Assembly" storage="d:\sferrari\01 - trabajo\repos\netcore\template-netcore-shared\kitpymes.core.shared.tests\bin\debug\netcoreapp3.0\kitpymes.core.shared.tests.dll" id="3721d3c1-7c03-ad84-143f-64bfeb5b314e">
      <Execution id="461a1d43-8846-4e9f-bfdf-bfad0c609abf" />
      <TestMethod codeBase="D:\SFERRARI\01 - TRABAJO\REPOS\netcore\template-netcore-shared\Kitpymes.Core.Shared.Tests\bin\Debug\netcoreapp3.0\Kitpymes.Core.Shared.Tests.dll" adapterTypeName="executor://mstestadapter/v2" className="Kitpymes.Core.Shared.Tests.StringExtensionsTests" name="ToAssembly_Passing_ValidValueAssemblyString_Returns_Assembly" />
    </UnitTest>
    <UnitTest name="ToSetTime_Passing_Time_Int_Returns_DateTime" storage="d:\sferrari\01 - trabajo\repos\netcore\template-netcore-shared\kitpymes.core.shared.tests\bin\debug\netcoreapp3.0\kitpymes.core.shared.tests.dll" id="1761ee10-7c34-b565-b889-1885bffe91c3">
      <Execution id="0f9ab5f3-e034-4ead-ac96-6d396b842ad5" />
      <TestMethod codeBase="D:\SFERRARI\01 - TRABAJO\REPOS\netcore\template-netcore-shared\Kitpymes.Core.Shared.Tests\bin\Debug\netcoreapp3.0\Kitpymes.Core.Shared.Tests.dll" adapterTypeName="executor://mstestadapter/v2" className="Kitpymes.Core.Shared.Tests.DateTimeExtensionsTests" name="ToSetTime_Passing_Time_Int_Returns_DateTime" />
    </UnitTest>
    <UnitTest name="ToTryContentType_Passing_HttpRequestWithContentType_Value_Returns_ContentType_String_Value" storage="d:\sferrari\01 - trabajo\repos\netcore\template-netcore-shared\kitpymes.core.shared.tests\bin\debug\netcoreapp3.0\kitpymes.core.shared.tests.dll" id="a03675ec-665e-f4d5-4630-89e50dac0bfb">
      <Execution id="8f87597c-e1c6-4c42-8f2a-5a70e91c848f" />
      <TestMethod codeBase="D:\SFERRARI\01 - TRABAJO\REPOS\netcore\template-netcore-shared\Kitpymes.Core.Shared.Tests\bin\Debug\netcoreapp3.0\Kitpymes.Core.Shared.Tests.dll" adapterTypeName="executor://mstestadapter/v2" className="Kitpymes.Core.Shared.Tests.HttpRequestExtensionsTests" name="ToTryContentType_Passing_HttpRequestWithContentType_Value_Returns_ContentType_String_Value" />
    </UnitTest>
    <UnitTest name="ToInt_Passing_Enumeration_Name_Returns_Value" storage="d:\sferrari\01 - trabajo\repos\netcore\template-netcore-shared\kitpymes.core.shared.tests\bin\debug\netcoreapp3.0\kitpymes.core.shared.tests.dll" id="4e1a5879-f3c8-4fdb-51d0-c4cf0a35e0bf">
      <Execution id="2a45c3c1-b8d6-40b1-88d5-54303f864139" />
      <TestMethod codeBase="D:\SFERRARI\01 - TRABAJO\REPOS\netcore\template-netcore-shared\Kitpymes.Core.Shared.Tests\bin\Debug\netcoreapp3.0\Kitpymes.Core.Shared.Tests.dll" adapterTypeName="executor://mstestadapter/v2" className="Kitpymes.Core.Shared.Tests.EnumExtensionsTests" name="ToInt_Passing_Enumeration_Name_Returns_Value" />
    </UnitTest>
    <UnitTest name="IsRegex_Passing_InvalidArguments_Returns_HasErrorsAndCount" storage="d:\sferrari\01 - trabajo\repos\netcore\template-netcore-shared\kitpymes.core.shared.tests\bin\debug\netcoreapp3.0\kitpymes.core.shared.tests.dll" id="78100b1f-11c5-b9a9-157c-80c938e7669a">
      <Execution id="0527d208-1b51-46c2-841f-53bee718bec9" />
      <TestMethod codeBase="D:\SFERRARI\01 - TRABAJO\REPOS\netcore\template-netcore-shared\Kitpymes.Core.Shared.Tests\bin\Debug\netcoreapp3.0\Kitpymes.Core.Shared.Tests.dll" adapterTypeName="executor://mstestadapter/v2" className="Kitpymes.Core.Shared.Tests.CheckTests" name="IsRegex_Passing_InvalidArguments_Returns_HasErrorsAndCount" />
    </UnitTest>
    <UnitTest name="ToDisplay_Passing_Enumeration_Name_Returns_Display_Atributte" storage="d:\sferrari\01 - trabajo\repos\netcore\template-netcore-shared\kitpymes.core.shared.tests\bin\debug\netcoreapp3.0\kitpymes.core.shared.tests.dll" id="d6d04f4a-9142-b816-d673-c4abf49a39ad">
      <Execution id="a6ee0212-2da9-4c5d-8aec-78fe556793a1" />
      <TestMethod codeBase="D:\SFERRARI\01 - TRABAJO\REPOS\netcore\template-netcore-shared\Kitpymes.Core.Shared.Tests\bin\Debug\netcoreapp3.0\Kitpymes.Core.Shared.Tests.dll" adapterTypeName="executor://mstestadapter/v2" className="Kitpymes.Core.Shared.Tests.EnumExtensionsTests" name="ToDisplay_Passing_Enumeration_Name_Returns_Display_Atributte" />
    </UnitTest>
    <UnitTest name="ToSerialize_Passing_Objects_Returns_String_Values" storage="d:\sferrari\01 - trabajo\repos\netcore\template-netcore-shared\kitpymes.core.shared.tests\bin\debug\netcoreapp3.0\kitpymes.core.shared.tests.dll" id="87c5dbd3-fd2a-1e49-42e5-8dc78affc8d6">
      <Execution id="1eeb38c2-082f-4835-b490-5030c3304bb0" />
      <TestMethod codeBase="D:\SFERRARI\01 - TRABAJO\REPOS\netcore\template-netcore-shared\Kitpymes.Core.Shared.Tests\bin\Debug\netcoreapp3.0\Kitpymes.Core.Shared.Tests.dll" adapterTypeName="executor://mstestadapter/v2" className="Kitpymes.Core.Shared.Tests.JsonExtensionsTests" name="ToSerialize_Passing_Objects_Returns_String_Values" />
    </UnitTest>
    <UnitTest name="ToZipExtract_Passing_ValidArchive_Returns_Files" storage="d:\sferrari\01 - trabajo\repos\netcore\template-netcore-shared\kitpymes.core.shared.tests\bin\debug\netcoreapp3.0\kitpymes.core.shared.tests.dll" id="967da852-80aa-48c8-4fdf-7229c80964ce">
      <Execution id="57e42545-f2a8-4426-94f0-ea52ebc684b3" />
      <TestMethod codeBase="D:\SFERRARI\01 - TRABAJO\REPOS\netcore\template-netcore-shared\Kitpymes.Core.Shared.Tests\bin\Debug\netcoreapp3.0\Kitpymes.Core.Shared.Tests.dll" adapterTypeName="executor://mstestadapter/v2" className="Kitpymes.Core.Shared.Tests.StringExtensionsTests" name="ToZipExtract_Passing_ValidArchive_Returns_Files" />
    </UnitTest>
    <UnitTest name="IsSubdomain_Passing_InvalidArguments_Returns_HasErrorsAndCount" storage="d:\sferrari\01 - trabajo\repos\netcore\template-netcore-shared\kitpymes.core.shared.tests\bin\debug\netcoreapp3.0\kitpymes.core.shared.tests.dll" id="f2debf4a-2a42-7b0b-1005-8f74a6fc63cb">
      <Execution id="621b8edf-6904-4163-a304-e8e6ea28f6aa" />
      <TestMethod codeBase="D:\SFERRARI\01 - TRABAJO\REPOS\netcore\template-netcore-shared\Kitpymes.Core.Shared.Tests\bin\Debug\netcoreapp3.0\Kitpymes.Core.Shared.Tests.dll" adapterTypeName="executor://mstestadapter/v2" className="Kitpymes.Core.Shared.Tests.CheckTests" name="IsSubdomain_Passing_InvalidArguments_Returns_HasErrorsAndCount" />
    </UnitTest>
    <UnitTest name="ToConfiguration_Passing_Valid_DirectoryPath_Valid_JsonFileName_Returns_Ok" storage="d:\sferrari\01 - trabajo\repos\netcore\template-netcore-shared\kitpymes.core.shared.tests\bin\debug\netcoreapp3.0\kitpymes.core.shared.tests.dll" id="9064672f-1220-7bc0-f2b0-c66c74cccc5e">
      <Execution id="09f71974-fa54-490a-96b7-b92498bc6525" />
      <TestMethod codeBase="D:\SFERRARI\01 - TRABAJO\REPOS\netcore\template-netcore-shared\Kitpymes.Core.Shared.Tests\bin\Debug\netcoreapp3.0\Kitpymes.Core.Shared.Tests.dll" adapterTypeName="executor://mstestadapter/v2" className="Kitpymes.Core.Shared.Tests.ConfigurationBuilderExtensionsTests" name="ToConfiguration_Passing_Valid_DirectoryPath_Valid_JsonFileName_Returns_Ok" />
    </UnitTest>
    <UnitTest name="ToPath_Passing_HttpRequest_Scheme_Host_Path_Returns_Url" storage="d:\sferrari\01 - trabajo\repos\netcore\template-netcore-shared\kitpymes.core.shared.tests\bin\debug\netcoreapp3.0\kitpymes.core.shared.tests.dll" id="5385d994-9594-6052-11cb-73f8d2344981">
      <Execution id="8aa033ec-ba90-4499-9c7e-0e7e33230665" />
      <TestMethod codeBase="D:\SFERRARI\01 - TRABAJO\REPOS\netcore\template-netcore-shared\Kitpymes.Core.Shared.Tests\bin\Debug\netcoreapp3.0\Kitpymes.Core.Shared.Tests.dll" adapterTypeName="executor://mstestadapter/v2" className="Kitpymes.Core.Shared.Tests.HttpRequestExtensionsTests" name="ToPath_Passing_HttpRequest_Scheme_Host_Path_Returns_Url" />
    </UnitTest>
    <UnitTest name="ToService_Passing_Service_Not_Found_Returns_Null" storage="d:\sferrari\01 - trabajo\repos\netcore\template-netcore-shared\kitpymes.core.shared.tests\bin\debug\netcoreapp3.0\kitpymes.core.shared.tests.dll" id="3f0bf65d-a3af-41bf-ac79-126a0efc4fd4">
      <Execution id="8baec816-6121-404a-91b0-ca2838719d1f" />
      <TestMethod codeBase="D:\SFERRARI\01 - TRABAJO\REPOS\netcore\template-netcore-shared\Kitpymes.Core.Shared.Tests\bin\Debug\netcoreapp3.0\Kitpymes.Core.Shared.Tests.dll" adapterTypeName="executor://mstestadapter/v2" className="Kitpymes.Core.Shared.Tests.ApplicationBuilderExtensionsTests" name="ToService_Passing_Service_Not_Found_Returns_Null" />
    </UnitTest>
    <UnitTest name="ToGetAll_Passing_Claims_Returns_Claim_Value_Object_List" storage="d:\sferrari\01 - trabajo\repos\netcore\template-netcore-shared\kitpymes.core.shared.tests\bin\debug\netcoreapp3.0\kitpymes.core.shared.tests.dll" id="2e87c537-4979-f58b-6e83-f3d4ee161ff1">
      <Execution id="87878d05-6659-4387-bba3-586b5574b504" />
      <TestMethod codeBase="D:\SFERRARI\01 - TRABAJO\REPOS\netcore\template-netcore-shared\Kitpymes.Core.Shared.Tests\bin\Debug\netcoreapp3.0\Kitpymes.Core.Shared.Tests.dll" adapterTypeName="executor://mstestadapter/v2" className="Kitpymes.Core.Shared.Tests.ClaimsPrincipalExtensionsTests" name="ToGetAll_Passing_Claims_Returns_Claim_Value_Object_List" />
    </UnitTest>
    <UnitTest name="ToPaged_Passing_Name_Descending_Order_Returns_Filter_List" storage="d:\sferrari\01 - trabajo\repos\netcore\template-netcore-shared\kitpymes.core.shared.tests\bin\debug\netcoreapp3.0\kitpymes.core.shared.tests.dll" id="0b00f09d-f7e4-fb1e-68ad-8102cf6143e0">
      <Execution id="4dc99405-6453-4fc1-9e2c-ace18ff0e316" />
      <TestMethod codeBase="D:\SFERRARI\01 - TRABAJO\REPOS\netcore\template-netcore-shared\Kitpymes.Core.Shared.Tests\bin\Debug\netcoreapp3.0\Kitpymes.Core.Shared.Tests.dll" adapterTypeName="executor://mstestadapter/v2" className="Kitpymes.Core.Shared.Tests.QueryableExtensionsTests" name="ToPaged_Passing_Name_Descending_Order_Returns_Filter_List" />
    </UnitTest>
    <UnitTest name="ToList_Passing_ValidEnumTypeWithResourceType_Returns_ValuesList" storage="d:\sferrari\01 - trabajo\repos\netcore\template-netcore-shared\kitpymes.core.shared.tests\bin\debug\netcoreapp3.0\kitpymes.core.shared.tests.dll" id="aaa46586-7b83-9a88-e835-ae92592f98a3">
      <Execution id="fef3a219-4db6-42c0-bda4-2abe62e99527" />
      <TestMethod codeBase="D:\SFERRARI\01 - TRABAJO\REPOS\netcore\template-netcore-shared\Kitpymes.Core.Shared.Tests\bin\Debug\netcoreapp3.0\Kitpymes.Core.Shared.Tests.dll" adapterTypeName="executor://mstestadapter/v2" className="Kitpymes.Core.Shared.Tests.EnumsTests" name="ToList_Passing_ValidEnumTypeWithResourceType_Returns_ValuesList" />
    </UnitTest>
    <UnitTest name="ToDirectoryFindFilePath_Passing_ValidValue_Returns_FilePath" storage="d:\sferrari\01 - trabajo\repos\netcore\template-netcore-shared\kitpymes.core.shared.tests\bin\debug\netcoreapp3.0\kitpymes.core.shared.tests.dll" id="04cb4b72-edc8-fe06-49e1-217ed503eff8">
      <Execution id="95aa9e84-c673-4d75-b361-53afd89ded2d" />
      <TestMethod codeBase="D:\SFERRARI\01 - TRABAJO\REPOS\netcore\template-netcore-shared\Kitpymes.Core.Shared.Tests\bin\Debug\netcoreapp3.0\Kitpymes.Core.Shared.Tests.dll" adapterTypeName="executor://mstestadapter/v2" className="Kitpymes.Core.Shared.Tests.StringExtensionsTests" name="ToDirectoryFindFilePath_Passing_ValidValue_Returns_FilePath" />
    </UnitTest>
    <UnitTest name="ToDefaultValue_Passing_ushort_Returns_Cero" storage="d:\sferrari\01 - trabajo\repos\netcore\template-netcore-shared\kitpymes.core.shared.tests\bin\debug\netcoreapp3.0\kitpymes.core.shared.tests.dll" id="47f3e733-f069-b79f-9f6d-7c11fc368663">
      <Execution id="1dee1896-d3fc-410d-a6a6-14ca5a736dc9" />
      <TestMethod codeBase="D:\SFERRARI\01 - TRABAJO\REPOS\netcore\template-netcore-shared\Kitpymes.Core.Shared.Tests\bin\Debug\netcoreapp3.0\Kitpymes.Core.Shared.Tests.dll" adapterTypeName="executor://mstestadapter/v2" className="Kitpymes.Core.Shared.Tests.GenericExtensionsTests" name="ToDefaultValue_Passing_ushort_Returns_Cero" />
    </UnitTest>
    <UnitTest name="ToEndOfTheMonth_Passing_DateTime_Returns_End_Of_Month_DateTime" storage="d:\sferrari\01 - trabajo\repos\netcore\template-netcore-shared\kitpymes.core.shared.tests\bin\debug\netcoreapp3.0\kitpymes.core.shared.tests.dll" id="a4956cd8-34a7-6fca-5b71-6eb98cedd9b0">
      <Execution id="2a3af8ba-6ccc-410f-8e97-e3f8d2274e18" />
      <TestMethod codeBase="D:\SFERRARI\01 - TRABAJO\REPOS\netcore\template-netcore-shared\Kitpymes.Core.Shared.Tests\bin\Debug\netcoreapp3.0\Kitpymes.Core.Shared.Tests.dll" adapterTypeName="executor://mstestadapter/v2" className="Kitpymes.Core.Shared.Tests.DateTimeExtensionsTests" name="ToEndOfTheMonth_Passing_DateTime_Returns_End_Of_Month_DateTime" />
    </UnitTest>
    <UnitTest name="ToYesterday_Passing_DateTime_Returns_Yesterday_DateTime" storage="d:\sferrari\01 - trabajo\repos\netcore\template-netcore-shared\kitpymes.core.shared.tests\bin\debug\netcoreapp3.0\kitpymes.core.shared.tests.dll" id="33545399-79af-5e7f-5179-57fe5645f4be">
      <Execution id="e20b4f03-9b69-457c-9fa1-faafbc2c1747" />
      <TestMethod codeBase="D:\SFERRARI\01 - TRABAJO\REPOS\netcore\template-netcore-shared\Kitpymes.Core.Shared.Tests\bin\Debug\netcoreapp3.0\Kitpymes.Core.Shared.Tests.dll" adapterTypeName="executor://mstestadapter/v2" className="Kitpymes.Core.Shared.Tests.DateTimeExtensionsTests" name="ToYesterday_Passing_DateTime_Returns_Yesterday_DateTime" />
    </UnitTest>
    <UnitTest name="ToIsWeekend_Passing_Sunday_DateTime_Returns_True" storage="d:\sferrari\01 - trabajo\repos\netcore\template-netcore-shared\kitpymes.core.shared.tests\bin\debug\netcoreapp3.0\kitpymes.core.shared.tests.dll" id="c8fd6d3c-b723-929b-f175-dbdc2a7be855">
      <Execution id="5e1ccc55-13b2-4d10-b0b0-d5244ecf7588" />
      <TestMethod codeBase="D:\SFERRARI\01 - TRABAJO\REPOS\netcore\template-netcore-shared\Kitpymes.Core.Shared.Tests\bin\Debug\netcoreapp3.0\Kitpymes.Core.Shared.Tests.dll" adapterTypeName="executor://mstestadapter/v2" className="Kitpymes.Core.Shared.Tests.DateTimeExtensionsTests" name="ToIsWeekend_Passing_Sunday_DateTime_Returns_True" />
    </UnitTest>
    <UnitTest name="ToHasErrors_Passing_InvalidValue_Returns_ApplicationExceptionWithMessage" storage="d:\sferrari\01 - trabajo\repos\netcore\template-netcore-shared\kitpymes.core.shared.tests\bin\debug\netcoreapp3.0\kitpymes.core.shared.tests.dll" id="1340b308-d9eb-a26e-e042-04d6c1d9a958">
      <Execution id="39aee00a-31a1-42d9-bab6-70ecc3f0787e" />
      <TestMethod codeBase="D:\SFERRARI\01 - TRABAJO\REPOS\netcore\template-netcore-shared\Kitpymes.Core.Shared.Tests\bin\Debug\netcoreapp3.0\Kitpymes.Core.Shared.Tests.dll" adapterTypeName="executor://mstestadapter/v2" className="Kitpymes.Core.Shared.Tests.CheckExtensionsTests" name="ToHasErrors_Passing_InvalidValue_Returns_ApplicationExceptionWithMessage" />
    </UnitTest>
    <UnitTest name="ToAttribute_Passing_Enumeration_Name_Returns_Atributte" storage="d:\sferrari\01 - trabajo\repos\netcore\template-netcore-shared\kitpymes.core.shared.tests\bin\debug\netcoreapp3.0\kitpymes.core.shared.tests.dll" id="320700ce-aa3b-5818-fb18-706cf7605472">
      <Execution id="39cbb101-bba6-4576-9ac1-a0e756941578" />
      <TestMethod codeBase="D:\SFERRARI\01 - TRABAJO\REPOS\netcore\template-netcore-shared\Kitpymes.Core.Shared.Tests\bin\Debug\netcoreapp3.0\Kitpymes.Core.Shared.Tests.dll" adapterTypeName="executor://mstestadapter/v2" className="Kitpymes.Core.Shared.Tests.EnumExtensionsTests" name="ToAttribute_Passing_Enumeration_Name_Returns_Atributte" />
    </UnitTest>
    <UnitTest name="IsName_Passing_InvalidArguments_Returns_HasErrorsAndCount" storage="d:\sferrari\01 - trabajo\repos\netcore\template-netcore-shared\kitpymes.core.shared.tests\bin\debug\netcoreapp3.0\kitpymes.core.shared.tests.dll" id="9eeef095-29ed-4872-a36c-ca4832350421">
      <Execution id="fce72e36-21f6-4af1-aacd-98a855599ce7" />
      <TestMethod codeBase="D:\SFERRARI\01 - TRABAJO\REPOS\netcore\template-netcore-shared\Kitpymes.Core.Shared.Tests\bin\Debug\netcoreapp3.0\Kitpymes.Core.Shared.Tests.dll" adapterTypeName="executor://mstestadapter/v2" className="Kitpymes.Core.Shared.Tests.CheckTests" name="IsName_Passing_InvalidArguments_Returns_HasErrorsAndCount" />
    </UnitTest>
    <UnitTest name="ToCompress_Passing_Object_Bytes_Returns_Object" storage="d:\sferrari\01 - trabajo\repos\netcore\template-netcore-shared\kitpymes.core.shared.tests\bin\debug\netcoreapp3.0\kitpymes.core.shared.tests.dll" id="8a110a46-40a4-c9bb-083e-1c3fcb5b45b7">
      <Execution id="51cab14e-cd32-472c-9914-3a4562fe16e1" />
      <TestMethod codeBase="D:\SFERRARI\01 - TRABAJO\REPOS\netcore\template-netcore-shared\Kitpymes.Core.Shared.Tests\bin\Debug\netcoreapp3.0\Kitpymes.Core.Shared.Tests.dll" adapterTypeName="executor://mstestadapter/v2" className="Kitpymes.Core.Shared.Tests.BytesExtensionsTests" name="ToCompress_Passing_Object_Bytes_Returns_Object" />
    </UnitTest>
    <UnitTest name="ToDefaultValue_Passing_ValidBoolean_Returns_DefaultValue" storage="d:\sferrari\01 - trabajo\repos\netcore\template-netcore-shared\kitpymes.core.shared.tests\bin\debug\netcoreapp3.0\kitpymes.core.shared.tests.dll" id="a95f665c-aa8d-208d-902c-60a464250c99">
      <Execution id="c09ed02b-d8ac-4f11-928b-9ab2d4b8de33" />
      <TestMethod codeBase="D:\SFERRARI\01 - TRABAJO\REPOS\netcore\template-netcore-shared\Kitpymes.Core.Shared.Tests\bin\Debug\netcoreapp3.0\Kitpymes.Core.Shared.Tests.dll" adapterTypeName="executor://mstestadapter/v2" className="Kitpymes.Core.Shared.Tests.TypeExtensionsTests" name="ToDefaultValue_Passing_ValidBoolean_Returns_DefaultValue" />
    </UnitTest>
    <UnitTest name="IsNullOrEmpty_Passing_InvalidArguments_Returns_HasErrorsAndCount" storage="d:\sferrari\01 - trabajo\repos\netcore\template-netcore-shared\kitpymes.core.shared.tests\bin\debug\netcoreapp3.0\kitpymes.core.shared.tests.dll" id="801afd1a-5f3d-0d0c-471a-96452bf5bc35">
      <Execution id="e6f0ae17-e7e1-4500-95a1-e7d2de9f11af" />
      <TestMethod codeBase="D:\SFERRARI\01 - TRABAJO\REPOS\netcore\template-netcore-shared\Kitpymes.Core.Shared.Tests\bin\Debug\netcoreapp3.0\Kitpymes.Core.Shared.Tests.dll" adapterTypeName="executor://mstestadapter/v2" className="Kitpymes.Core.Shared.Tests.CheckTests" name="IsNullOrEmpty_Passing_InvalidArguments_Returns_HasErrorsAndCount" />
    </UnitTest>
    <UnitTest name="ToPaged_Passing_Name_Ascending_Order_Returns_Filter_List" storage="d:\sferrari\01 - trabajo\repos\netcore\template-netcore-shared\kitpymes.core.shared.tests\bin\debug\netcoreapp3.0\kitpymes.core.shared.tests.dll" id="6fc389b2-a5f3-ded0-63b6-7e1b4cca8442">
      <Execution id="a73fd62e-a7bb-48ac-b62d-25bed54f80b0" />
      <TestMethod codeBase="D:\SFERRARI\01 - TRABAJO\REPOS\netcore\template-netcore-shared\Kitpymes.Core.Shared.Tests\bin\Debug\netcoreapp3.0\Kitpymes.Core.Shared.Tests.dll" adapterTypeName="executor://mstestadapter/v2" className="Kitpymes.Core.Shared.Tests.QueryableExtensionsTests" name="ToPaged_Passing_Name_Ascending_Order_Returns_Filter_List" />
    </UnitTest>
    <UnitTest name="ToFirstLetterLower_Passing_ValidValue_Returns_StringWithFirstLetterLower" storage="d:\sferrari\01 - trabajo\repos\netcore\template-netcore-shared\kitpymes.core.shared.tests\bin\debug\netcoreapp3.0\kitpymes.core.shared.tests.dll" id="4315ebd1-3e2a-edf0-9de6-c78f08760fe3">
      <Execution id="295f43f1-86cd-4fe8-ba58-4fbba49a0b52" />
      <TestMethod codeBase="D:\SFERRARI\01 - TRABAJO\REPOS\netcore\template-netcore-shared\Kitpymes.Core.Shared.Tests\bin\Debug\netcoreapp3.0\Kitpymes.Core.Shared.Tests.dll" adapterTypeName="executor://mstestadapter/v2" className="Kitpymes.Core.Shared.Tests.StringExtensionsTests" name="ToFirstLetterLower_Passing_ValidValue_Returns_StringWithFirstLetterLower" />
    </UnitTest>
    <UnitTest name="ToDirectoryFileInfo_Passing_ValidValue_Returns_FileInfo" storage="d:\sferrari\01 - trabajo\repos\netcore\template-netcore-shared\kitpymes.core.shared.tests\bin\debug\netcoreapp3.0\kitpymes.core.shared.tests.dll" id="7daaba64-d3ad-9109-43bf-bdb516b673b8">
      <Execution id="cacdc63e-07d4-4b90-bcfb-4b4a42a228f5" />
      <TestMethod codeBase="D:\SFERRARI\01 - TRABAJO\REPOS\netcore\template-netcore-shared\Kitpymes.Core.Shared.Tests\bin\Debug\netcoreapp3.0\Kitpymes.Core.Shared.Tests.dll" adapterTypeName="executor://mstestadapter/v2" className="Kitpymes.Core.Shared.Tests.StringExtensionsTests" name="ToDirectoryFileInfo_Passing_ValidValue_Returns_FileInfo" />
    </UnitTest>
    <UnitTest name="ToDefaultValue_Passing_ValidStruct_Returns_DefaultValue" storage="d:\sferrari\01 - trabajo\repos\netcore\template-netcore-shared\kitpymes.core.shared.tests\bin\debug\netcoreapp3.0\kitpymes.core.shared.tests.dll" id="ffa669f9-8e25-a33b-f8f7-c3ba4a576a2b">
      <Execution id="42c29fe1-5800-49b3-907f-ce9cdef2c6ea" />
      <TestMethod codeBase="D:\SFERRARI\01 - TRABAJO\REPOS\netcore\template-netcore-shared\Kitpymes.Core.Shared.Tests\bin\Debug\netcoreapp3.0\Kitpymes.Core.Shared.Tests.dll" adapterTypeName="executor://mstestadapter/v2" className="Kitpymes.Core.Shared.Tests.TypeExtensionsTests" name="ToDefaultValue_Passing_ValidStruct_Returns_DefaultValue" />
    </UnitTest>
    <UnitTest name="ToEnum_Passing_InvalidValueInt_Returns_EnumCustomValue" storage="d:\sferrari\01 - trabajo\repos\netcore\template-netcore-shared\kitpymes.core.shared.tests\bin\debug\netcoreapp3.0\kitpymes.core.shared.tests.dll" id="1064d8aa-5d0e-6bf5-83ee-952a4d1fd93b">
      <Execution id="cf0b56f7-526e-4da4-b05f-115d4a37a6b4" />
      <TestMethod codeBase="D:\SFERRARI\01 - TRABAJO\REPOS\netcore\template-netcore-shared\Kitpymes.Core.Shared.Tests\bin\Debug\netcoreapp3.0\Kitpymes.Core.Shared.Tests.dll" adapterTypeName="executor://mstestadapter/v2" className="Kitpymes.Core.Shared.Tests.StringExtensionsTests" name="ToEnum_Passing_InvalidValueInt_Returns_EnumCustomValue" />
    </UnitTest>
    <UnitTest name="ToZipCreate_Passing_ValidFiles_Returns_ZipFiles" storage="d:\sferrari\01 - trabajo\repos\netcore\template-netcore-shared\kitpymes.core.shared.tests\bin\debug\netcoreapp3.0\kitpymes.core.shared.tests.dll" id="c14c626b-0f15-ac55-344d-8aa2c3f91cdf">
      <Execution id="82ff7768-ebc5-41f9-9b54-fdd071543536" />
      <TestMethod codeBase="D:\SFERRARI\01 - TRABAJO\REPOS\netcore\template-netcore-shared\Kitpymes.Core.Shared.Tests\bin\Debug\netcoreapp3.0\Kitpymes.Core.Shared.Tests.dll" adapterTypeName="executor://mstestadapter/v2" className="Kitpymes.Core.Shared.Tests.StringExtensionsTests" name="ToZipCreate_Passing_ValidFiles_Returns_ZipFiles" />
    </UnitTest>
    <UnitTest name="ToEnum_Passing_ValidValueInt_Returns_EnumValue" storage="d:\sferrari\01 - trabajo\repos\netcore\template-netcore-shared\kitpymes.core.shared.tests\bin\debug\netcoreapp3.0\kitpymes.core.shared.tests.dll" id="96f263a8-e1d9-0070-21ba-583144d2d030">
      <Execution id="9c023d2f-2c7c-4838-b9fd-64b75ce3c618" />
      <TestMethod codeBase="D:\SFERRARI\01 - TRABAJO\REPOS\netcore\template-netcore-shared\Kitpymes.Core.Shared.Tests\bin\Debug\netcoreapp3.0\Kitpymes.Core.Shared.Tests.dll" adapterTypeName="executor://mstestadapter/v2" className="Kitpymes.Core.Shared.Tests.StringExtensionsTests" name="ToEnum_Passing_ValidValueInt_Returns_EnumValue" />
    </UnitTest>
    <UnitTest name="ToDeserialize_Passing_String_Returns_Object" storage="d:\sferrari\01 - trabajo\repos\netcore\template-netcore-shared\kitpymes.core.shared.tests\bin\debug\netcoreapp3.0\kitpymes.core.shared.tests.dll" id="678a7b5d-e2f9-09be-f35f-0e3e4d5ad033">
      <Execution id="079d42a6-48d1-4d9c-af5c-bcc93ac5d9ac" />
      <TestMethod codeBase="D:\SFERRARI\01 - TRABAJO\REPOS\netcore\template-netcore-shared\Kitpymes.Core.Shared.Tests\bin\Debug\netcoreapp3.0\Kitpymes.Core.Shared.Tests.dll" adapterTypeName="executor://mstestadapter/v2" className="Kitpymes.Core.Shared.Tests.JsonExtensionsTests" name="ToDeserialize_Passing_String_Returns_Object" />
    </UnitTest>
    <UnitTest name="ToDefaultValue_Passing_ulong_Returns_Cero" storage="d:\sferrari\01 - trabajo\repos\netcore\template-netcore-shared\kitpymes.core.shared.tests\bin\debug\netcoreapp3.0\kitpymes.core.shared.tests.dll" id="aeb559a5-c285-7ab9-baee-1cb152d1742f">
      <Execution id="3931779b-49d6-4919-a9e0-210e010ff29f" />
      <TestMethod codeBase="D:\SFERRARI\01 - TRABAJO\REPOS\netcore\template-netcore-shared\Kitpymes.Core.Shared.Tests\bin\Debug\netcoreapp3.0\Kitpymes.Core.Shared.Tests.dll" adapterTypeName="executor://mstestadapter/v2" className="Kitpymes.Core.Shared.Tests.GenericExtensionsTests" name="ToDefaultValue_Passing_ulong_Returns_Cero" />
    </UnitTest>
    <UnitTest name="ToGet_Passing_Claims_Returns_Claim_Value_Int" storage="d:\sferrari\01 - trabajo\repos\netcore\template-netcore-shared\kitpymes.core.shared.tests\bin\debug\netcoreapp3.0\kitpymes.core.shared.tests.dll" id="209cbba1-d5fa-4810-2cb6-ee92ce2e109d">
      <Execution id="454aecf1-5a0a-4cf1-a755-fa017b12baba" />
      <TestMethod codeBase="D:\SFERRARI\01 - TRABAJO\REPOS\netcore\template-netcore-shared\Kitpymes.Core.Shared.Tests\bin\Debug\netcoreapp3.0\Kitpymes.Core.Shared.Tests.dll" adapterTypeName="executor://mstestadapter/v2" className="Kitpymes.Core.Shared.Tests.ClaimsPrincipalExtensionsTests" name="ToGet_Passing_Claims_Returns_Claim_Value_Int" />
    </UnitTest>
    <UnitTest name="ToEnvironment_Passing_Production_Enviroment_Returns_Production_Name" storage="d:\sferrari\01 - trabajo\repos\netcore\template-netcore-shared\kitpymes.core.shared.tests\bin\debug\netcoreapp3.0\kitpymes.core.shared.tests.dll" id="31126d50-f667-908c-85f3-09f9d9272df9">
      <Execution id="1cbe5df0-dc3a-4129-9634-f70f567bedda" />
      <TestMethod codeBase="D:\SFERRARI\01 - TRABAJO\REPOS\netcore\template-netcore-shared\Kitpymes.Core.Shared.Tests\bin\Debug\netcoreapp3.0\Kitpymes.Core.Shared.Tests.dll" adapterTypeName="executor://mstestadapter/v2" className="Kitpymes.Core.Shared.Tests.ApplicationBuilderExtensionsTests" name="ToEnvironment_Passing_Production_Enviroment_Returns_Production_Name" />
    </UnitTest>
    <UnitTest name="ToReplace_Passing_ValidValue_Returns_ReplacedValue" storage="d:\sferrari\01 - trabajo\repos\netcore\template-netcore-shared\kitpymes.core.shared.tests\bin\debug\netcoreapp3.0\kitpymes.core.shared.tests.dll" id="04084e8e-c859-4ef5-e2a7-4fb2803cb2a3">
      <Execution id="549668c7-070f-4826-9047-fb4ce8b51850" />
      <TestMethod codeBase="D:\SFERRARI\01 - TRABAJO\REPOS\netcore\template-netcore-shared\Kitpymes.Core.Shared.Tests\bin\Debug\netcoreapp3.0\Kitpymes.Core.Shared.Tests.dll" adapterTypeName="executor://mstestadapter/v2" className="Kitpymes.Core.Shared.Tests.StringExtensionsTests" name="ToReplace_Passing_ValidValue_Returns_ReplacedValue" />
    </UnitTest>
    <UnitTest name="ToUserName_Passing_Invalid_ClaimsPrincipal_Returns_Null" storage="d:\sferrari\01 - trabajo\repos\netcore\template-netcore-shared\kitpymes.core.shared.tests\bin\debug\netcoreapp3.0\kitpymes.core.shared.tests.dll" id="26cc48e2-5e82-bc12-cf41-e3a984599b8d">
      <Execution id="806dd7af-02d6-4e71-a9ab-8b6d847c0663" />
      <TestMethod codeBase="D:\SFERRARI\01 - TRABAJO\REPOS\netcore\template-netcore-shared\Kitpymes.Core.Shared.Tests\bin\Debug\netcoreapp3.0\Kitpymes.Core.Shared.Tests.dll" adapterTypeName="executor://mstestadapter/v2" className="Kitpymes.Core.Shared.Tests.ClaimsPrincipalExtensionsTests" name="ToUserName_Passing_Invalid_ClaimsPrincipal_Returns_Null" />
    </UnitTest>
    <UnitTest name="ToWhere_Passing_Null_Predicate_Returns_Same_List" storage="d:\sferrari\01 - trabajo\repos\netcore\template-netcore-shared\kitpymes.core.shared.tests\bin\debug\netcoreapp3.0\kitpymes.core.shared.tests.dll" id="6bd61990-78b5-76ea-0df5-0c13c388bdc0">
      <Execution id="0ed192b3-9fe1-4049-a2f5-fec20b2b6b5a" />
      <TestMethod codeBase="D:\SFERRARI\01 - TRABAJO\REPOS\netcore\template-netcore-shared\Kitpymes.Core.Shared.Tests\bin\Debug\netcoreapp3.0\Kitpymes.Core.Shared.Tests.dll" adapterTypeName="executor://mstestadapter/v2" className="Kitpymes.Core.Shared.Tests.QueryableExtensionsTests" name="ToWhere_Passing_Null_Predicate_Returns_Same_List" />
    </UnitTest>
    <UnitTest name="ToString_Passing_Valid_Collection_Returns_String_With_Default_Separator" storage="d:\sferrari\01 - trabajo\repos\netcore\template-netcore-shared\kitpymes.core.shared.tests\bin\debug\netcoreapp3.0\kitpymes.core.shared.tests.dll" id="07d50dfb-3195-c832-23d2-97ae667f2010">
      <Execution id="d4ec495b-b94c-4ed3-813c-b7bf7113b8c7" />
      <TestMethod codeBase="D:\SFERRARI\01 - TRABAJO\REPOS\netcore\template-netcore-shared\Kitpymes.Core.Shared.Tests\bin\Debug\netcoreapp3.0\Kitpymes.Core.Shared.Tests.dll" adapterTypeName="executor://mstestadapter/v2" className="Kitpymes.Core.Shared.Tests.EnumerableExtensionsTests" name="ToString_Passing_Valid_Collection_Returns_String_With_Default_Separator" />
    </UnitTest>
    <UnitTest name="ToConfiguration_Passing_Valid_DirectoryPath_Invalid_JsonFileName_Not_Optional_Returns_ApplicationException" storage="d:\sferrari\01 - trabajo\repos\netcore\template-netcore-shared\kitpymes.core.shared.tests\bin\debug\netcoreapp3.0\kitpymes.core.shared.tests.dll" id="bf48e581-43e6-7660-c4f4-1b7deb1f0ed9">
      <Execution id="5f054e31-65b2-4b43-8acb-f5ed63cff7d4" />
      <TestMethod codeBase="D:\SFERRARI\01 - TRABAJO\REPOS\netcore\template-netcore-shared\Kitpymes.Core.Shared.Tests\bin\Debug\netcoreapp3.0\Kitpymes.Core.Shared.Tests.dll" adapterTypeName="executor://mstestadapter/v2" className="Kitpymes.Core.Shared.Tests.ConfigurationBuilderExtensionsTests" name="ToConfiguration_Passing_Valid_DirectoryPath_Invalid_JsonFileName_Not_Optional_Returns_ApplicationException" />
    </UnitTest>
    <UnitTest name="ToDefaultValue_Passing_ValidInt_Returns_DefaultValue" storage="d:\sferrari\01 - trabajo\repos\netcore\template-netcore-shared\kitpymes.core.shared.tests\bin\debug\netcoreapp3.0\kitpymes.core.shared.tests.dll" id="e37f41d3-77a8-1acd-c258-fbb5b724b134">
      <Execution id="515069af-c3cc-416d-947b-e7ffafb5bcff" />
      <TestMethod codeBase="D:\SFERRARI\01 - TRABAJO\REPOS\netcore\template-netcore-shared\Kitpymes.Core.Shared.Tests\bin\Debug\netcoreapp3.0\Kitpymes.Core.Shared.Tests.dll" adapterTypeName="executor://mstestadapter/v2" className="Kitpymes.Core.Shared.Tests.TypeExtensionsTests" name="ToDefaultValue_Passing_ValidInt_Returns_DefaultValue" />
    </UnitTest>
    <UnitTest name="ToUri_Passing_ValidValueString_Returns_Uri" storage="d:\sferrari\01 - trabajo\repos\netcore\template-netcore-shared\kitpymes.core.shared.tests\bin\debug\netcoreapp3.0\kitpymes.core.shared.tests.dll" id="30809299-0e3e-4ac7-4a2a-6f8c296d2226">
      <Execution id="2a0a070e-4e1f-4b47-a530-cad24092cee4" />
      <TestMethod codeBase="D:\SFERRARI\01 - TRABAJO\REPOS\netcore\template-netcore-shared\Kitpymes.Core.Shared.Tests\bin\Debug\netcoreapp3.0\Kitpymes.Core.Shared.Tests.dll" adapterTypeName="executor://mstestadapter/v2" className="Kitpymes.Core.Shared.Tests.StringExtensionsTests" name="ToUri_Passing_ValidValueString_Returns_Uri" />
    </UnitTest>
    <UnitTest name="ToMessage_Passing_ExceptionWithMessage_Returns_Message" storage="d:\sferrari\01 - trabajo\repos\netcore\template-netcore-shared\kitpymes.core.shared.tests\bin\debug\netcoreapp3.0\kitpymes.core.shared.tests.dll" id="0cb5eb43-9273-0bdf-bd18-53b184535503">
      <Execution id="b1ec55f5-b8cf-4469-a409-c3194a4e0d74" />
      <TestMethod codeBase="D:\SFERRARI\01 - TRABAJO\REPOS\netcore\template-netcore-shared\Kitpymes.Core.Shared.Tests\bin\Debug\netcoreapp3.0\Kitpymes.Core.Shared.Tests.dll" adapterTypeName="executor://mstestadapter/v2" className="Kitpymes.Core.Shared.Tests.ExceptionExtensionsTests" name="ToMessage_Passing_ExceptionWithMessage_Returns_Message" />
    </UnitTest>
    <UnitTest name="ToMapList_Passing_Source_Type_And_Destination_Type_Returns_Destination_Object_List" storage="d:\sferrari\01 - trabajo\repos\netcore\template-netcore-shared\kitpymes.core.shared.tests\bin\debug\netcoreapp3.0\kitpymes.core.shared.tests.dll" id="f8b74494-d277-7173-e694-2a4d463a4607">
      <Execution id="cca0088b-79ef-419d-abc5-7f22dc3148a3" />
      <TestMethod codeBase="D:\SFERRARI\01 - TRABAJO\REPOS\netcore\template-netcore-shared\Kitpymes.Core.Shared.Tests\bin\Debug\netcoreapp3.0\Kitpymes.Core.Shared.Tests.dll" adapterTypeName="executor://mstestadapter/v2" className="Kitpymes.Core.Shared.Tests.AgileMapperExtensionsTests" name="ToMapList_Passing_Source_Type_And_Destination_Type_Returns_Destination_Object_List" />
    </UnitTest>
    <UnitTest name="ToGet_Passing_Claims_Returns_Claim_Value_String" storage="d:\sferrari\01 - trabajo\repos\netcore\template-netcore-shared\kitpymes.core.shared.tests\bin\debug\netcoreapp3.0\kitpymes.core.shared.tests.dll" id="0c633595-70e8-b011-5a46-c9c7e1687cb9">
      <Execution id="0cc3c69c-9e59-4c17-a62f-81c4abd4843d" />
      <TestMethod codeBase="D:\SFERRARI\01 - TRABAJO\REPOS\netcore\template-netcore-shared\Kitpymes.Core.Shared.Tests\bin\Debug\netcoreapp3.0\Kitpymes.Core.Shared.Tests.dll" adapterTypeName="executor://mstestadapter/v2" className="Kitpymes.Core.Shared.Tests.ClaimsPrincipalExtensionsTests" name="ToGet_Passing_Claims_Returns_Claim_Value_String" />
    </UnitTest>
    <UnitTest name="ToHashAlgorithmName_Passing_ValidValueString_Returns_HashAlgorithmName" storage="d:\sferrari\01 - trabajo\repos\netcore\template-netcore-shared\kitpymes.core.shared.tests\bin\debug\netcoreapp3.0\kitpymes.core.shared.tests.dll" id="cd004a9f-a0f6-2fdf-aeae-1890f4ab8e71">
      <Execution id="1bb3d334-48b4-4d56-9bde-0cee470ed8b7" />
      <TestMethod codeBase="D:\SFERRARI\01 - TRABAJO\REPOS\netcore\template-netcore-shared\Kitpymes.Core.Shared.Tests\bin\Debug\netcoreapp3.0\Kitpymes.Core.Shared.Tests.dll" adapterTypeName="executor://mstestadapter/v2" className="Kitpymes.Core.Shared.Tests.StringExtensionsTests" name="ToHashAlgorithmName_Passing_ValidValueString_Returns_HashAlgorithmName" />
    </UnitTest>
    <UnitTest name="ToExists_Passing_Valid_Service_Returns_True" storage="d:\sferrari\01 - trabajo\repos\netcore\template-netcore-shared\kitpymes.core.shared.tests\bin\debug\netcoreapp3.0\kitpymes.core.shared.tests.dll" id="e2880a6e-7a01-b4ba-86fb-4d33be072972">
      <Execution id="eb7c8284-cb35-44cd-bdb7-57b6396245d5" />
      <TestMethod codeBase="D:\SFERRARI\01 - TRABAJO\REPOS\netcore\template-netcore-shared\Kitpymes.Core.Shared.Tests\bin\Debug\netcoreapp3.0\Kitpymes.Core.Shared.Tests.dll" adapterTypeName="executor://mstestadapter/v2" className="Kitpymes.Core.Shared.Tests.ConfigurationBuilderExtensionsTests" name="ToExists_Passing_Valid_Service_Returns_True" />
    </UnitTest>
    <UnitTest name="ToFullMessage_Passing_ExceptionWithMessageWithInnerException_Returns_Full_Message" storage="d:\sferrari\01 - trabajo\repos\netcore\template-netcore-shared\kitpymes.core.shared.tests\bin\debug\netcoreapp3.0\kitpymes.core.shared.tests.dll" id="e1a72c94-958d-7abb-4a96-4b60b12f8157">
      <Execution id="e78c11d7-2ea8-4fd4-a9da-3973f8ee0487" />
      <TestMethod codeBase="D:\SFERRARI\01 - TRABAJO\REPOS\netcore\template-netcore-shared\Kitpymes.Core.Shared.Tests\bin\Debug\netcoreapp3.0\Kitpymes.Core.Shared.Tests.dll" adapterTypeName="executor://mstestadapter/v2" className="Kitpymes.Core.Shared.Tests.ExceptionExtensionsTests" name="ToFullMessage_Passing_ExceptionWithMessageWithInnerException_Returns_Full_Message" />
    </UnitTest>
    <UnitTest name="ToEnum_Passing_InvalidValueString_Returns_EnumDefaultValue" storage="d:\sferrari\01 - trabajo\repos\netcore\template-netcore-shared\kitpymes.core.shared.tests\bin\debug\netcoreapp3.0\kitpymes.core.shared.tests.dll" id="31ff6168-d18d-0013-7c18-0ff775714202">
      <Execution id="11feb265-742e-4843-9322-a0ca0a62a39e" />
      <TestMethod codeBase="D:\SFERRARI\01 - TRABAJO\REPOS\netcore\template-netcore-shared\Kitpymes.Core.Shared.Tests\bin\Debug\netcoreapp3.0\Kitpymes.Core.Shared.Tests.dll" adapterTypeName="executor://mstestadapter/v2" className="Kitpymes.Core.Shared.Tests.StringExtensionsTests" name="ToEnum_Passing_InvalidValueString_Returns_EnumDefaultValue" />
    </UnitTest>
    <UnitTest name="ToDirectoryReadFileAsync_Passing_ValidValue_Returns_False" storage="d:\sferrari\01 - trabajo\repos\netcore\template-netcore-shared\kitpymes.core.shared.tests\bin\debug\netcoreapp3.0\kitpymes.core.shared.tests.dll" id="29295413-2308-fade-9c98-0e9ed6c67839">
      <Execution id="38dc2d40-b974-4aa0-99b5-982b57fb98dd" />
      <TestMethod codeBase="D:\SFERRARI\01 - TRABAJO\REPOS\netcore\template-netcore-shared\Kitpymes.Core.Shared.Tests\bin\Debug\netcoreapp3.0\Kitpymes.Core.Shared.Tests.dll" adapterTypeName="executor://mstestadapter/v2" className="Kitpymes.Core.Shared.Tests.StringExtensionsTests" name="ToDirectoryReadFileAsync_Passing_ValidValue_Returns_False" />
    </UnitTest>
    <UnitTest name="ToExists_Passing_Service_Not_Found_Returns_False" storage="d:\sferrari\01 - trabajo\repos\netcore\template-netcore-shared\kitpymes.core.shared.tests\bin\debug\netcoreapp3.0\kitpymes.core.shared.tests.dll" id="074815db-ddf2-9c1f-0fef-7f709183591e">
      <Execution id="a387e70d-7ef1-48c1-b088-d932fe7a2480" />
      <TestMethod codeBase="D:\SFERRARI\01 - TRABAJO\REPOS\netcore\template-netcore-shared\Kitpymes.Core.Shared.Tests\bin\Debug\netcoreapp3.0\Kitpymes.Core.Shared.Tests.dll" adapterTypeName="executor://mstestadapter/v2" className="Kitpymes.Core.Shared.Tests.ApplicationBuilderExtensionsTests" name="ToExists_Passing_Service_Not_Found_Returns_False" />
    </UnitTest>
    <UnitTest name="ToDefaultValue_Passing_sbyte_Returns_Cero" storage="d:\sferrari\01 - trabajo\repos\netcore\template-netcore-shared\kitpymes.core.shared.tests\bin\debug\netcoreapp3.0\kitpymes.core.shared.tests.dll" id="19a313ce-6632-bd6f-bb7e-c2dc7bcf20eb">
      <Execution id="7f071e01-8a53-417f-8785-5c5f2bbc1f07" />
      <TestMethod codeBase="D:\SFERRARI\01 - TRABAJO\REPOS\netcore\template-netcore-shared\Kitpymes.Core.Shared.Tests\bin\Debug\netcoreapp3.0\Kitpymes.Core.Shared.Tests.dll" adapterTypeName="executor://mstestadapter/v2" className="Kitpymes.Core.Shared.Tests.GenericExtensionsTests" name="ToDefaultValue_Passing_sbyte_Returns_Cero" />
    </UnitTest>
    <UnitTest name="ToValues_Passing_ValidEnumType_Returns_ValuesListString" storage="d:\sferrari\01 - trabajo\repos\netcore\template-netcore-shared\kitpymes.core.shared.tests\bin\debug\netcoreapp3.0\kitpymes.core.shared.tests.dll" id="0cfd0c7c-1a61-7d19-c2fa-3c8a47ccf09c">
      <Execution id="ecff2600-52ac-47a5-a453-5f343dee12d8" />
      <TestMethod codeBase="D:\SFERRARI\01 - TRABAJO\REPOS\netcore\template-netcore-shared\Kitpymes.Core.Shared.Tests\bin\Debug\netcoreapp3.0\Kitpymes.Core.Shared.Tests.dll" adapterTypeName="executor://mstestadapter/v2" className="Kitpymes.Core.Shared.Tests.EnumsTests" name="ToValues_Passing_ValidEnumType_Returns_ValuesListString" />
    </UnitTest>
    <UnitTest name="ToEnvironment_Passing_Development_Enviroment_Returns_Development_Name" storage="d:\sferrari\01 - trabajo\repos\netcore\template-netcore-shared\kitpymes.core.shared.tests\bin\debug\netcoreapp3.0\kitpymes.core.shared.tests.dll" id="1c5de28c-f1b3-c94d-8e43-201eab8c2ff8">
      <Execution id="c794380f-91d0-4eda-a623-453841eee4c9" />
      <TestMethod codeBase="D:\SFERRARI\01 - TRABAJO\REPOS\netcore\template-netcore-shared\Kitpymes.Core.Shared.Tests\bin\Debug\netcoreapp3.0\Kitpymes.Core.Shared.Tests.dll" adapterTypeName="executor://mstestadapter/v2" className="Kitpymes.Core.Shared.Tests.ApplicationBuilderExtensionsTests" name="ToEnvironment_Passing_Development_Enviroment_Returns_Development_Name" />
    </UnitTest>
    <UnitTest name="ToEnum_Passing_InvalidValueString_Returns_EnumCustomValue" storage="d:\sferrari\01 - trabajo\repos\netcore\template-netcore-shared\kitpymes.core.shared.tests\bin\debug\netcoreapp3.0\kitpymes.core.shared.tests.dll" id="7c09a438-5465-f760-64b2-23d25fc199f5">
      <Execution id="0e1cdfde-16aa-4c94-b04f-bc622ce86bed" />
      <TestMethod codeBase="D:\SFERRARI\01 - TRABAJO\REPOS\netcore\template-netcore-shared\Kitpymes.Core.Shared.Tests\bin\Debug\netcoreapp3.0\Kitpymes.Core.Shared.Tests.dll" adapterTypeName="executor://mstestadapter/v2" className="Kitpymes.Core.Shared.Tests.StringExtensionsTests" name="ToEnum_Passing_InvalidValueString_Returns_EnumCustomValue" />
    </UnitTest>
    <UnitTest name="IsPassword_Passing_InvalidArguments_Returns_HasErrorsAndCount" storage="d:\sferrari\01 - trabajo\repos\netcore\template-netcore-shared\kitpymes.core.shared.tests\bin\debug\netcoreapp3.0\kitpymes.core.shared.tests.dll" id="220e18c9-f841-c623-c1aa-300e190b4f6d">
      <Execution id="23cd47bb-c2cb-4faa-9c4f-061eb4c091b1" />
      <TestMethod codeBase="D:\SFERRARI\01 - TRABAJO\REPOS\netcore\template-netcore-shared\Kitpymes.Core.Shared.Tests\bin\Debug\netcoreapp3.0\Kitpymes.Core.Shared.Tests.dll" adapterTypeName="executor://mstestadapter/v2" className="Kitpymes.Core.Shared.Tests.CheckTests" name="IsPassword_Passing_InvalidArguments_Returns_HasErrorsAndCount" />
    </UnitTest>
    <UnitTest name="ToEnvironment_ServiceCollection_Passing_Production_Enviroment_Returns_Production_Name" storage="d:\sferrari\01 - trabajo\repos\netcore\template-netcore-shared\kitpymes.core.shared.tests\bin\debug\netcoreapp3.0\kitpymes.core.shared.tests.dll" id="15fe55e5-cdce-6280-ea15-ef777735767c">
      <Execution id="3981fdb6-313a-4f1b-8ecf-6d1d7c9d68c8" />
      <TestMethod codeBase="D:\SFERRARI\01 - TRABAJO\REPOS\netcore\template-netcore-shared\Kitpymes.Core.Shared.Tests\bin\Debug\netcoreapp3.0\Kitpymes.Core.Shared.Tests.dll" adapterTypeName="executor://mstestadapter/v2" className="Kitpymes.Core.Shared.Tests.ConfigurationBuilderExtensionsTests" name="ToEnvironment_ServiceCollection_Passing_Production_Enviroment_Returns_Production_Name" />
    </UnitTest>
    <UnitTest name="ToAuthenticationType_Passing_Claims_Returns_Null" storage="d:\sferrari\01 - trabajo\repos\netcore\template-netcore-shared\kitpymes.core.shared.tests\bin\debug\netcoreapp3.0\kitpymes.core.shared.tests.dll" id="34e0940c-fc9c-71db-fc18-7d52ee8761a0">
      <Execution id="f99213b0-9362-4335-a142-e592704e9888" />
      <TestMethod codeBase="D:\SFERRARI\01 - TRABAJO\REPOS\netcore\template-netcore-shared\Kitpymes.Core.Shared.Tests\bin\Debug\netcoreapp3.0\Kitpymes.Core.Shared.Tests.dll" adapterTypeName="executor://mstestadapter/v2" className="Kitpymes.Core.Shared.Tests.ClaimsPrincipalExtensionsTests" name="ToAuthenticationType_Passing_Claims_Returns_Null" />
    </UnitTest>
    <UnitTest name="ToStringFormat_Passing_ValidValue_Returns_ValueWithoutRemovedChars" storage="d:\sferrari\01 - trabajo\repos\netcore\template-netcore-shared\kitpymes.core.shared.tests\bin\debug\netcoreapp3.0\kitpymes.core.shared.tests.dll" id="a1095294-226e-a0f0-0154-11290289c9db">
      <Execution id="99bc8c14-eabc-44e3-9389-cae3e09d31d0" />
      <TestMethod codeBase="D:\SFERRARI\01 - TRABAJO\REPOS\netcore\template-netcore-shared\Kitpymes.Core.Shared.Tests\bin\Debug\netcoreapp3.0\Kitpymes.Core.Shared.Tests.dll" adapterTypeName="executor://mstestadapter/v2" className="Kitpymes.Core.Shared.Tests.IntegerExtensionsTests" name="ToStringFormat_Passing_ValidValue_Returns_ValueWithoutRemovedChars" />
    </UnitTest>
    <UnitTest name="ToConfigureOrDefault_Passing_ActionCustomValues_Returns_CustomValues" storage="d:\sferrari\01 - trabajo\repos\netcore\template-netcore-shared\kitpymes.core.shared.tests\bin\debug\netcoreapp3.0\kitpymes.core.shared.tests.dll" id="313cfb2c-8c3b-337b-12f8-296f8611376d">
      <Execution id="34d62bfa-916b-47e6-8011-8d05c61e1ba4" />
      <TestMethod codeBase="D:\SFERRARI\01 - TRABAJO\REPOS\netcore\template-netcore-shared\Kitpymes.Core.Shared.Tests\bin\Debug\netcoreapp3.0\Kitpymes.Core.Shared.Tests.dll" adapterTypeName="executor://mstestadapter/v2" className="Kitpymes.Core.Shared.Tests.ActionExtensionsTests" name="ToConfigureOrDefault_Passing_ActionCustomValues_Returns_CustomValues" />
    </UnitTest>
    <UnitTest name="ToMapMerge_Passing_Destination_Object_Returns_Merged_Destination_Object" storage="d:\sferrari\01 - trabajo\repos\netcore\template-netcore-shared\kitpymes.core.shared.tests\bin\debug\netcoreapp3.0\kitpymes.core.shared.tests.dll" id="ab274dac-b194-4e0f-6fab-a20667b535a8">
      <Execution id="cdb36646-424b-4e81-b16c-8b6918cf49e8" />
      <TestMethod codeBase="D:\SFERRARI\01 - TRABAJO\REPOS\netcore\template-netcore-shared\Kitpymes.Core.Shared.Tests\bin\Debug\netcoreapp3.0\Kitpymes.Core.Shared.Tests.dll" adapterTypeName="executor://mstestadapter/v2" className="Kitpymes.Core.Shared.Tests.AgileMapperExtensionsTests" name="ToMapMerge_Passing_Destination_Object_Returns_Merged_Destination_Object" />
    </UnitTest>
    <UnitTest name="IsGreater_Passing_InvalidArguments_Returns_HasErrorsAndCount" storage="d:\sferrari\01 - trabajo\repos\netcore\template-netcore-shared\kitpymes.core.shared.tests\bin\debug\netcoreapp3.0\kitpymes.core.shared.tests.dll" id="1c5fe271-1e90-52f5-1f31-436b17e57702">
      <Execution id="93b35259-c2b6-479c-997e-cd639ffced8f" />
      <TestMethod codeBase="D:\SFERRARI\01 - TRABAJO\REPOS\netcore\template-netcore-shared\Kitpymes.Core.Shared.Tests\bin\Debug\netcoreapp3.0\Kitpymes.Core.Shared.Tests.dll" adapterTypeName="executor://mstestadapter/v2" className="Kitpymes.Core.Shared.Tests.CheckTests" name="IsGreater_Passing_InvalidArguments_Returns_HasErrorsAndCount" />
    </UnitTest>
    <UnitTest name="ToEnum_Passing_ValidValue_String_Returns_EnumValue" storage="d:\sferrari\01 - trabajo\repos\netcore\template-netcore-shared\kitpymes.core.shared.tests\bin\debug\netcoreapp3.0\kitpymes.core.shared.tests.dll" id="605637df-9854-875b-b3aa-6675f3fbd045">
      <Execution id="23aa6c12-8b6c-422f-a016-4a35276b7d78" />
      <TestMethod codeBase="D:\SFERRARI\01 - TRABAJO\REPOS\netcore\template-netcore-shared\Kitpymes.Core.Shared.Tests\bin\Debug\netcoreapp3.0\Kitpymes.Core.Shared.Tests.dll" adapterTypeName="executor://mstestadapter/v2" className="Kitpymes.Core.Shared.Tests.StringExtensionsTests" name="ToEnum_Passing_ValidValue_String_Returns_EnumValue" />
    </UnitTest>
    <UnitTest name="ToHeader_Passing_HttpRequest_Header_Value_Returns_Value" storage="d:\sferrari\01 - trabajo\repos\netcore\template-netcore-shared\kitpymes.core.shared.tests\bin\debug\netcoreapp3.0\kitpymes.core.shared.tests.dll" id="4a2e80a7-472b-b7f7-ba61-ac77aed5735d">
      <Execution id="d1ae23dd-c3e7-4c8e-97e2-380e8a48f4e5" />
      <TestMethod codeBase="D:\SFERRARI\01 - TRABAJO\REPOS\netcore\template-netcore-shared\Kitpymes.Core.Shared.Tests\bin\Debug\netcoreapp3.0\Kitpymes.Core.Shared.Tests.dll" adapterTypeName="executor://mstestadapter/v2" className="Kitpymes.Core.Shared.Tests.HttpRequestExtensionsTests" name="ToHeader_Passing_HttpRequest_Header_Value_Returns_Value" />
    </UnitTest>
    <UnitTest name="ToInt_Passing_Enumeration_Name_Returns_Description_Atributte" storage="d:\sferrari\01 - trabajo\repos\netcore\template-netcore-shared\kitpymes.core.shared.tests\bin\debug\netcoreapp3.0\kitpymes.core.shared.tests.dll" id="c63cd623-e636-5730-a1fa-b18ae782acc7">
      <Execution id="0c2dad8e-23a4-4599-9305-247ae59c47c2" />
      <TestMethod codeBase="D:\SFERRARI\01 - TRABAJO\REPOS\netcore\template-netcore-shared\Kitpymes.Core.Shared.Tests\bin\Debug\netcoreapp3.0\Kitpymes.Core.Shared.Tests.dll" adapterTypeName="executor://mstestadapter/v2" className="Kitpymes.Core.Shared.Tests.EnumExtensionsTests" name="ToInt_Passing_Enumeration_Name_Returns_Description_Atributte" />
    </UnitTest>
    <UnitTest name="ToDefaultValue_Passing_float_Returns_Cero" storage="d:\sferrari\01 - trabajo\repos\netcore\template-netcore-shared\kitpymes.core.shared.tests\bin\debug\netcoreapp3.0\kitpymes.core.shared.tests.dll" id="e0f7dcd9-f363-be9c-de11-457f6a575bee">
      <Execution id="07eb8c0c-f9fe-4dab-9fdd-4d9e887d938d" />
      <TestMethod codeBase="D:\SFERRARI\01 - TRABAJO\REPOS\netcore\template-netcore-shared\Kitpymes.Core.Shared.Tests\bin\Debug\netcoreapp3.0\Kitpymes.Core.Shared.Tests.dll" adapterTypeName="executor://mstestadapter/v2" className="Kitpymes.Core.Shared.Tests.GenericExtensionsTests" name="ToDefaultValue_Passing_float_Returns_Cero" />
    </UnitTest>
    <UnitTest name="ToMapUpdate_Passing_Destination_Object_Returns_Updated_Destination_Object" storage="d:\sferrari\01 - trabajo\repos\netcore\template-netcore-shared\kitpymes.core.shared.tests\bin\debug\netcoreapp3.0\kitpymes.core.shared.tests.dll" id="71a1897b-b713-c047-1c23-5efdff095b20">
      <Execution id="cbd3ae62-e994-4868-b789-b74b83eb5748" />
      <TestMethod codeBase="D:\SFERRARI\01 - TRABAJO\REPOS\netcore\template-netcore-shared\Kitpymes.Core.Shared.Tests\bin\Debug\netcoreapp3.0\Kitpymes.Core.Shared.Tests.dll" adapterTypeName="executor://mstestadapter/v2" className="Kitpymes.Core.Shared.Tests.AgileMapperExtensionsTests" name="ToMapUpdate_Passing_Destination_Object_Returns_Updated_Destination_Object" />
    </UnitTest>
    <UnitTest name="ToNormalize_Passing_ValidValue_Returns_NormalizedValue" storage="d:\sferrari\01 - trabajo\repos\netcore\template-netcore-shared\kitpymes.core.shared.tests\bin\debug\netcoreapp3.0\kitpymes.core.shared.tests.dll" id="7dc20d31-477c-3765-83c0-7575a504da96">
      <Execution id="1642e075-de0f-4b21-9d7c-9ce86bc3fe6e" />
      <TestMethod codeBase="D:\SFERRARI\01 - TRABAJO\REPOS\netcore\template-netcore-shared\Kitpymes.Core.Shared.Tests\bin\Debug\netcoreapp3.0\Kitpymes.Core.Shared.Tests.dll" adapterTypeName="executor://mstestadapter/v2" className="Kitpymes.Core.Shared.Tests.StringExtensionsTests" name="ToNormalize_Passing_ValidValue_Returns_NormalizedValue" />
    </UnitTest>
    <UnitTest name="ToService_Passing_Valid_Service_Returns_Service" storage="d:\sferrari\01 - trabajo\repos\netcore\template-netcore-shared\kitpymes.core.shared.tests\bin\debug\netcoreapp3.0\kitpymes.core.shared.tests.dll" id="0b1e4893-9444-2235-b7fa-3782f9932212">
      <Execution id="2c4565ff-429b-46a6-b92a-e3d5af0438db" />
      <TestMethod codeBase="D:\SFERRARI\01 - TRABAJO\REPOS\netcore\template-netcore-shared\Kitpymes.Core.Shared.Tests\bin\Debug\netcoreapp3.0\Kitpymes.Core.Shared.Tests.dll" adapterTypeName="executor://mstestadapter/v2" className="Kitpymes.Core.Shared.Tests.ConfigurationBuilderExtensionsTests" name="ToService_Passing_Valid_Service_Returns_Service" />
    </UnitTest>
    <UnitTest name="ToContentType_Passing_ValidValueString_Returns_ContentType" storage="d:\sferrari\01 - trabajo\repos\netcore\template-netcore-shared\kitpymes.core.shared.tests\bin\debug\netcoreapp3.0\kitpymes.core.shared.tests.dll" id="7be8a004-8e29-0f01-8ada-f15377193150">
      <Execution id="2316159c-b08b-42d8-b740-87444d5d3b8f" />
      <TestMethod codeBase="D:\SFERRARI\01 - TRABAJO\REPOS\netcore\template-netcore-shared\Kitpymes.Core.Shared.Tests\bin\Debug\netcoreapp3.0\Kitpymes.Core.Shared.Tests.dll" adapterTypeName="executor://mstestadapter/v2" className="Kitpymes.Core.Shared.Tests.StringExtensionsTests" name="ToContentType_Passing_ValidValueString_Returns_ContentType" />
    </UnitTest>
    <UnitTest name="ToHashAlgorithmName_Passing_InvalidValueLowerCaseStringWithDefaultValue_Returns_DefaultValue" storage="d:\sferrari\01 - trabajo\repos\netcore\template-netcore-shared\kitpymes.core.shared.tests\bin\debug\netcoreapp3.0\kitpymes.core.shared.tests.dll" id="d5506b30-7041-6d90-bd03-bcd5b2479c40">
      <Execution id="405fc5f3-39b8-400e-934a-1ea321596dff" />
      <TestMethod codeBase="D:\SFERRARI\01 - TRABAJO\REPOS\netcore\template-netcore-shared\Kitpymes.Core.Shared.Tests\bin\Debug\netcoreapp3.0\Kitpymes.Core.Shared.Tests.dll" adapterTypeName="executor://mstestadapter/v2" className="Kitpymes.Core.Shared.Tests.StringExtensionsTests" name="ToHashAlgorithmName_Passing_InvalidValueLowerCaseStringWithDefaultValue_Returns_DefaultValue" />
    </UnitTest>
    <UnitTest name="ToSettings_Passing_Values_From_AppSettingsFile_Returns_Settings" storage="d:\sferrari\01 - trabajo\repos\netcore\template-netcore-shared\kitpymes.core.shared.tests\bin\debug\netcoreapp3.0\kitpymes.core.shared.tests.dll" id="1577c538-d1be-5b59-2b09-8e59b0be5fcd">
      <Execution id="65ca60e9-005c-46c7-a8be-ec5fee8bb42d" />
      <TestMethod codeBase="D:\SFERRARI\01 - TRABAJO\REPOS\netcore\template-netcore-shared\Kitpymes.Core.Shared.Tests\bin\Debug\netcoreapp3.0\Kitpymes.Core.Shared.Tests.dll" adapterTypeName="executor://mstestadapter/v2" className="Kitpymes.Core.Shared.Tests.ConfigurationBuilderExtensionsTests" name="ToSettings_Passing_Values_From_AppSettingsFile_Returns_Settings" />
    </UnitTest>
    <UnitTest name="ToMapNew_Passing_TDestination_Returns_New_Destination_Object" storage="d:\sferrari\01 - trabajo\repos\netcore\template-netcore-shared\kitpymes.core.shared.tests\bin\debug\netcoreapp3.0\kitpymes.core.shared.tests.dll" id="0ee8121e-b492-a57d-d072-de988a4e30f8">
      <Execution id="8a740c25-4ac5-4f6a-9079-8e5a67fe20b9" />
      <TestMethod codeBase="D:\SFERRARI\01 - TRABAJO\REPOS\netcore\template-netcore-shared\Kitpymes.Core.Shared.Tests\bin\Debug\netcoreapp3.0\Kitpymes.Core.Shared.Tests.dll" adapterTypeName="executor://mstestadapter/v2" className="Kitpymes.Core.Shared.Tests.AgileMapperExtensionsTests" name="ToMapNew_Passing_TDestination_Returns_New_Destination_Object" />
    </UnitTest>
    <UnitTest name="ToDictionaryPropertyInfo_Passing_Object_Not_IncludeNullOrEmptyProperty_Returns_Properties_NameAndValue_Dictionary" storage="d:\sferrari\01 - trabajo\repos\netcore\template-netcore-shared\kitpymes.core.shared.tests\bin\debug\netcoreapp3.0\kitpymes.core.shared.tests.dll" id="eb3fbb45-8257-f4b8-0975-042f859a72bf">
      <Execution id="d5be4418-05ee-4453-b8c1-8d743dd30169" />
      <TestMethod codeBase="D:\SFERRARI\01 - TRABAJO\REPOS\netcore\template-netcore-shared\Kitpymes.Core.Shared.Tests\bin\Debug\netcoreapp3.0\Kitpymes.Core.Shared.Tests.dll" adapterTypeName="executor://mstestadapter/v2" className="Kitpymes.Core.Shared.Tests.GenericExtensionsTests" name="ToDictionaryPropertyInfo_Passing_Object_Not_IncludeNullOrEmptyProperty_Returns_Properties_NameAndValue_Dictionary" />
    </UnitTest>
    <UnitTest name="ToDefaultValue_Passing_decimal_Returns_Cero" storage="d:\sferrari\01 - trabajo\repos\netcore\template-netcore-shared\kitpymes.core.shared.tests\bin\debug\netcoreapp3.0\kitpymes.core.shared.tests.dll" id="334e3485-05b4-4549-cacd-aef8fff10757">
      <Execution id="491a7308-813f-4a16-a96c-67e3b79d3821" />
      <TestMethod codeBase="D:\SFERRARI\01 - TRABAJO\REPOS\netcore\template-netcore-shared\Kitpymes.Core.Shared.Tests\bin\Debug\netcoreapp3.0\Kitpymes.Core.Shared.Tests.dll" adapterTypeName="executor://mstestadapter/v2" className="Kitpymes.Core.Shared.Tests.GenericExtensionsTests" name="ToDefaultValue_Passing_decimal_Returns_Cero" />
    </UnitTest>
    <UnitTest name="ToHashAlgorithmName_Passing_InvalidValueLowerCaseString_Returns_Null" storage="d:\sferrari\01 - trabajo\repos\netcore\template-netcore-shared\kitpymes.core.shared.tests\bin\debug\netcoreapp3.0\kitpymes.core.shared.tests.dll" id="bd43e66e-fbae-26eb-a9a1-c58a6bf5d7af">
      <Execution id="24d236ff-9e2e-4132-a0ba-820dedd52f94" />
      <TestMethod codeBase="D:\SFERRARI\01 - TRABAJO\REPOS\netcore\template-netcore-shared\Kitpymes.Core.Shared.Tests\bin\Debug\netcoreapp3.0\Kitpymes.Core.Shared.Tests.dll" adapterTypeName="executor://mstestadapter/v2" className="Kitpymes.Core.Shared.Tests.StringExtensionsTests" name="ToHashAlgorithmName_Passing_InvalidValueLowerCaseString_Returns_Null" />
    </UnitTest>
    <UnitTest name="ToPaged_Passing_Age_Descending_Order_Returns_Filter_List" storage="d:\sferrari\01 - trabajo\repos\netcore\template-netcore-shared\kitpymes.core.shared.tests\bin\debug\netcoreapp3.0\kitpymes.core.shared.tests.dll" id="e53d2439-2080-43bd-e38b-a60253b60af1">
      <Execution id="493960cc-abaa-43c1-a812-24e46208d3a6" />
      <TestMethod codeBase="D:\SFERRARI\01 - TRABAJO\REPOS\netcore\template-netcore-shared\Kitpymes.Core.Shared.Tests\bin\Debug\netcoreapp3.0\Kitpymes.Core.Shared.Tests.dll" adapterTypeName="executor://mstestadapter/v2" className="Kitpymes.Core.Shared.Tests.QueryableExtensionsTests" name="ToPaged_Passing_Age_Descending_Order_Returns_Filter_List" />
    </UnitTest>
    <UnitTest name="ToResultAsync_Passing_StatusCodeAnd_MessageAndContentTypeAndHeader_Values_Returns_Values" storage="d:\sferrari\01 - trabajo\repos\netcore\template-netcore-shared\kitpymes.core.shared.tests\bin\debug\netcoreapp3.0\kitpymes.core.shared.tests.dll" id="161f5d07-7835-e575-5072-b9d787ef451c">
      <Execution id="d5c0cfc5-b3a9-44eb-bee3-d39650546aed" />
      <TestMethod codeBase="D:\SFERRARI\01 - TRABAJO\REPOS\netcore\template-netcore-shared\Kitpymes.Core.Shared.Tests\bin\Debug\netcoreapp3.0\Kitpymes.Core.Shared.Tests.dll" adapterTypeName="executor://mstestadapter/v2" className="Kitpymes.Core.Shared.Tests.HttpResponseExtensionsTests" name="ToResultAsync_Passing_StatusCodeAnd_MessageAndContentTypeAndHeader_Values_Returns_Values" />
    </UnitTest>
    <UnitTest name="ToEnvironment_ServiceCollection_Passing_Development_Enviroment_Returns_Development_Name" storage="d:\sferrari\01 - trabajo\repos\netcore\template-netcore-shared\kitpymes.core.shared.tests\bin\debug\netcoreapp3.0\kitpymes.core.shared.tests.dll" id="0f697beb-b7a4-6aa6-9017-b57feeb9ba7f">
      <Execution id="0f99c794-3282-42cd-8252-95b93a45c55e" />
      <TestMethod codeBase="D:\SFERRARI\01 - TRABAJO\REPOS\netcore\template-netcore-shared\Kitpymes.Core.Shared.Tests\bin\Debug\netcoreapp3.0\Kitpymes.Core.Shared.Tests.dll" adapterTypeName="executor://mstestadapter/v2" className="Kitpymes.Core.Shared.Tests.ConfigurationBuilderExtensionsTests" name="ToEnvironment_ServiceCollection_Passing_Development_Enviroment_Returns_Development_Name" />
    </UnitTest>
    <UnitTest name="IsFileExtension_Passing_InvalidArguments_Returns_HasErrorsAndCount" storage="d:\sferrari\01 - trabajo\repos\netcore\template-netcore-shared\kitpymes.core.shared.tests\bin\debug\netcoreapp3.0\kitpymes.core.shared.tests.dll" id="e608205e-4953-e9a3-1956-895ed42ab083">
      <Execution id="a4d5f9c5-bd6c-46bf-9c37-cd3e1ae3f78f" />
      <TestMethod codeBase="D:\SFERRARI\01 - TRABAJO\REPOS\netcore\template-netcore-shared\Kitpymes.Core.Shared.Tests\bin\Debug\netcoreapp3.0\Kitpymes.Core.Shared.Tests.dll" adapterTypeName="executor://mstestadapter/v2" className="Kitpymes.Core.Shared.Tests.CheckTests" name="IsFileExtension_Passing_InvalidArguments_Returns_HasErrorsAndCount" />
    </UnitTest>
    <UnitTest name="ToEnvironment_Passing_Custom_Enviroment_Returns_Custom_Name" storage="d:\sferrari\01 - trabajo\repos\netcore\template-netcore-shared\kitpymes.core.shared.tests\bin\debug\netcoreapp3.0\kitpymes.core.shared.tests.dll" id="69b6ed05-fdf2-6989-0583-109b4777a6ac">
      <Execution id="4bd98f33-eb56-4c93-a071-beaf82634657" />
      <TestMethod codeBase="D:\SFERRARI\01 - TRABAJO\REPOS\netcore\template-netcore-shared\Kitpymes.Core.Shared.Tests\bin\Debug\netcoreapp3.0\Kitpymes.Core.Shared.Tests.dll" adapterTypeName="executor://mstestadapter/v2" className="Kitpymes.Core.Shared.Tests.ApplicationBuilderExtensionsTests" name="ToEnvironment_Passing_Custom_Enviroment_Returns_Custom_Name" />
    </UnitTest>
    <UnitTest name="ToList_Passing_ValidEnumTypeWithSelectedValueWithResourceType_Returns_ValuesList" storage="d:\sferrari\01 - trabajo\repos\netcore\template-netcore-shared\kitpymes.core.shared.tests\bin\debug\netcoreapp3.0\kitpymes.core.shared.tests.dll" id="9af963da-8209-d683-34a5-be793bc59993">
      <Execution id="3271cce7-e06a-47a5-b247-524f35f50c8c" />
      <TestMethod codeBase="D:\SFERRARI\01 - TRABAJO\REPOS\netcore\template-netcore-shared\Kitpymes.Core.Shared.Tests\bin\Debug\netcoreapp3.0\Kitpymes.Core.Shared.Tests.dll" adapterTypeName="executor://mstestadapter/v2" className="Kitpymes.Core.Shared.Tests.EnumsTests" name="ToList_Passing_ValidEnumTypeWithSelectedValueWithResourceType_Returns_ValuesList" />
    </UnitTest>
    <UnitTest name="ToFirstLetterUpper_Passing_ValidValue_Returns_StringWithFirstLetterUpper" storage="d:\sferrari\01 - trabajo\repos\netcore\template-netcore-shared\kitpymes.core.shared.tests\bin\debug\netcoreapp3.0\kitpymes.core.shared.tests.dll" id="5517211d-203c-115f-7dc1-6f48da8ab75b">
      <Execution id="ab0feeba-1752-48a3-92e7-c6bff19af9d5" />
      <TestMethod codeBase="D:\SFERRARI\01 - TRABAJO\REPOS\netcore\template-netcore-shared\Kitpymes.Core.Shared.Tests\bin\Debug\netcoreapp3.0\Kitpymes.Core.Shared.Tests.dll" adapterTypeName="executor://mstestadapter/v2" className="Kitpymes.Core.Shared.Tests.StringExtensionsTests" name="ToFirstLetterUpper_Passing_ValidValue_Returns_StringWithFirstLetterUpper" />
    </UnitTest>
    <UnitTest name="ToString_Passing_Valid_Collection_With_Custom_Separator_Returns_String_With_Custom_Separator" storage="d:\sferrari\01 - trabajo\repos\netcore\template-netcore-shared\kitpymes.core.shared.tests\bin\debug\netcoreapp3.0\kitpymes.core.shared.tests.dll" id="bf8f6922-5666-8ec7-1500-aabd5997d6a4">
      <Execution id="50efccab-d2f2-4061-9d26-a3cdced60ad6" />
      <TestMethod codeBase="D:\SFERRARI\01 - TRABAJO\REPOS\netcore\template-netcore-shared\Kitpymes.Core.Shared.Tests\bin\Debug\netcoreapp3.0\Kitpymes.Core.Shared.Tests.dll" adapterTypeName="executor://mstestadapter/v2" className="Kitpymes.Core.Shared.Tests.EnumerableExtensionsTests" name="ToString_Passing_Valid_Collection_With_Custom_Separator_Returns_String_With_Custom_Separator" />
    </UnitTest>
    <UnitTest name="ToEnum_Passing_InvalidValueInt_Returns_EnumDefaultValue" storage="d:\sferrari\01 - trabajo\repos\netcore\template-netcore-shared\kitpymes.core.shared.tests\bin\debug\netcoreapp3.0\kitpymes.core.shared.tests.dll" id="8c1d1a56-be42-3df5-a82e-36b97c2860b8">
      <Execution id="27dbe00a-dc2d-4957-8f61-7b07ae2204c3" />
      <TestMethod codeBase="D:\SFERRARI\01 - TRABAJO\REPOS\netcore\template-netcore-shared\Kitpymes.Core.Shared.Tests\bin\Debug\netcoreapp3.0\Kitpymes.Core.Shared.Tests.dll" adapterTypeName="executor://mstestadapter/v2" className="Kitpymes.Core.Shared.Tests.StringExtensionsTests" name="ToEnum_Passing_InvalidValueInt_Returns_EnumDefaultValue" />
    </UnitTest>
    <UnitTest name="ToWhere_Passing_Valid_Predicate_Returns_Filter_List" storage="d:\sferrari\01 - trabajo\repos\netcore\template-netcore-shared\kitpymes.core.shared.tests\bin\debug\netcoreapp3.0\kitpymes.core.shared.tests.dll" id="e9d3a3d6-32e0-613e-b55e-48afdf1ab686">
      <Execution id="002a739f-d4ce-43c7-ad70-a7e2cf43f6bd" />
      <TestMethod codeBase="D:\SFERRARI\01 - TRABAJO\REPOS\netcore\template-netcore-shared\Kitpymes.Core.Shared.Tests\bin\Debug\netcoreapp3.0\Kitpymes.Core.Shared.Tests.dll" adapterTypeName="executor://mstestadapter/v2" className="Kitpymes.Core.Shared.Tests.QueryableExtensionsTests" name="ToWhere_Passing_Valid_Predicate_Returns_Filter_List" />
    </UnitTest>
    <UnitTest name="ToHashAlgorithmName_Passing_InvalidValueStringWithDefaultValue_Returns_DefaultValue" storage="d:\sferrari\01 - trabajo\repos\netcore\template-netcore-shared\kitpymes.core.shared.tests\bin\debug\netcoreapp3.0\kitpymes.core.shared.tests.dll" id="ab527057-69f2-0a9a-89fd-18928a3920fd">
      <Execution id="e007a022-d004-4529-a12e-1e74558ad3f6" />
      <TestMethod codeBase="D:\SFERRARI\01 - TRABAJO\REPOS\netcore\template-netcore-shared\Kitpymes.Core.Shared.Tests\bin\Debug\netcoreapp3.0\Kitpymes.Core.Shared.Tests.dll" adapterTypeName="executor://mstestadapter/v2" className="Kitpymes.Core.Shared.Tests.StringExtensionsTests" name="ToHashAlgorithmName_Passing_InvalidValueStringWithDefaultValue_Returns_DefaultValue" />
    </UnitTest>
    <UnitTest name="ToExists_Passing_NotFound_Service_Returns_False" storage="d:\sferrari\01 - trabajo\repos\netcore\template-netcore-shared\kitpymes.core.shared.tests\bin\debug\netcoreapp3.0\kitpymes.core.shared.tests.dll" id="640513b3-feee-19a8-efba-5817e77ff3ee">
      <Execution id="53c95486-ecae-4268-8555-1211c2719ef7" />
      <TestMethod codeBase="D:\SFERRARI\01 - TRABAJO\REPOS\netcore\template-netcore-shared\Kitpymes.Core.Shared.Tests\bin\Debug\netcoreapp3.0\Kitpymes.Core.Shared.Tests.dll" adapterTypeName="executor://mstestadapter/v2" className="Kitpymes.Core.Shared.Tests.ConfigurationBuilderExtensionsTests" name="ToExists_Passing_NotFound_Service_Returns_False" />
    </UnitTest>
    <UnitTest name="IsFile_Passing_InvalidArguments_Returns_HasErrorsAndCount" storage="d:\sferrari\01 - trabajo\repos\netcore\template-netcore-shared\kitpymes.core.shared.tests\bin\debug\netcoreapp3.0\kitpymes.core.shared.tests.dll" id="d7c20db6-f712-8539-ac01-01e8f4033fac">
      <Execution id="00ba758f-636c-4a62-936a-7878379de5e0" />
      <TestMethod codeBase="D:\SFERRARI\01 - TRABAJO\REPOS\netcore\template-netcore-shared\Kitpymes.Core.Shared.Tests\bin\Debug\netcoreapp3.0\Kitpymes.Core.Shared.Tests.dll" adapterTypeName="executor://mstestadapter/v2" className="Kitpymes.Core.Shared.Tests.CheckTests" name="IsFile_Passing_InvalidArguments_Returns_HasErrorsAndCount" />
    </UnitTest>
    <UnitTest name="ToFormat_Passing_ValidTimeSpanValue_Returns_ValueWithFormatString" storage="d:\sferrari\01 - trabajo\repos\netcore\template-netcore-shared\kitpymes.core.shared.tests\bin\debug\netcoreapp3.0\kitpymes.core.shared.tests.dll" id="ede15cdf-3d1b-3e1a-18dc-485a2d50fe42">
      <Execution id="14b7cf23-5ea6-4bb7-96f8-06a4660a2f03" />
      <TestMethod codeBase="D:\SFERRARI\01 - TRABAJO\REPOS\netcore\template-netcore-shared\Kitpymes.Core.Shared.Tests\bin\Debug\netcoreapp3.0\Kitpymes.Core.Shared.Tests.dll" adapterTypeName="executor://mstestadapter/v2" className="Kitpymes.Core.Shared.Tests.TimeSpanExtensionsTests" name="ToFormat_Passing_ValidTimeSpanValue_Returns_ValueWithFormatString" />
    </UnitTest>
    <UnitTest name="ToTryIPv6_Passing_HttpContext_IP_Value_Returns_IP" storage="d:\sferrari\01 - trabajo\repos\netcore\template-netcore-shared\kitpymes.core.shared.tests\bin\debug\netcoreapp3.0\kitpymes.core.shared.tests.dll" id="10024a68-25d4-872c-3e48-a6d6b2671494">
      <Execution id="1e5ba84b-4085-465c-9f69-e22e73131b5b" />
      <TestMethod codeBase="D:\SFERRARI\01 - TRABAJO\REPOS\netcore\template-netcore-shared\Kitpymes.Core.Shared.Tests\bin\Debug\netcoreapp3.0\Kitpymes.Core.Shared.Tests.dll" adapterTypeName="executor://mstestadapter/v2" className="Kitpymes.Core.Shared.Tests.HttpContextExtensionsTests" name="ToTryIPv6_Passing_HttpContext_IP_Value_Returns_IP" />
    </UnitTest>
    <UnitTest name="ToIsWeekend_Passing_Friday_DateTime_Returns_False" storage="d:\sferrari\01 - trabajo\repos\netcore\template-netcore-shared\kitpymes.core.shared.tests\bin\debug\netcoreapp3.0\kitpymes.core.shared.tests.dll" id="459f13f4-e266-2f20-5c30-d2c64797095d">
      <Execution id="acafd3ed-f3fa-4035-b9b8-ba53b4b52ff8" />
      <TestMethod codeBase="D:\SFERRARI\01 - TRABAJO\REPOS\netcore\template-netcore-shared\Kitpymes.Core.Shared.Tests\bin\Debug\netcoreapp3.0\Kitpymes.Core.Shared.Tests.dll" adapterTypeName="executor://mstestadapter/v2" className="Kitpymes.Core.Shared.Tests.DateTimeExtensionsTests" name="ToIsWeekend_Passing_Friday_DateTime_Returns_False" />
    </UnitTest>
    <UnitTest name="ToConfiguration_Passing_Key_Values_Returns_Ok" storage="d:\sferrari\01 - trabajo\repos\netcore\template-netcore-shared\kitpymes.core.shared.tests\bin\debug\netcoreapp3.0\kitpymes.core.shared.tests.dll" id="66f7bc12-fe2b-fd81-3cbf-5bc4840aa6f8">
      <Execution id="84d97ea0-7c1a-4fe7-9109-1cd78bfcb704" />
      <TestMethod codeBase="D:\SFERRARI\01 - TRABAJO\REPOS\netcore\template-netcore-shared\Kitpymes.Core.Shared.Tests\bin\Debug\netcoreapp3.0\Kitpymes.Core.Shared.Tests.dll" adapterTypeName="executor://mstestadapter/v2" className="Kitpymes.Core.Shared.Tests.ConfigurationBuilderExtensionsTests" name="ToConfiguration_Passing_Key_Values_Returns_Ok" />
    </UnitTest>
    <UnitTest name="ToReadOnly_Passing_Valid_Collection_Returns_Readonly_Collection" storage="d:\sferrari\01 - trabajo\repos\netcore\template-netcore-shared\kitpymes.core.shared.tests\bin\debug\netcoreapp3.0\kitpymes.core.shared.tests.dll" id="42ded375-26ee-044e-44a7-9eab5e4cd342">
      <Execution id="9590bfd5-8f66-4589-acc1-0c920bb12cf6" />
      <TestMethod codeBase="D:\SFERRARI\01 - TRABAJO\REPOS\netcore\template-netcore-shared\Kitpymes.Core.Shared.Tests\bin\Debug\netcoreapp3.0\Kitpymes.Core.Shared.Tests.dll" adapterTypeName="executor://mstestadapter/v2" className="Kitpymes.Core.Shared.Tests.EnumerableExtensionsTests" name="ToReadOnly_Passing_Valid_Collection_Returns_Readonly_Collection" />
    </UnitTest>
    <UnitTest name="ToEnvironment_Passing_Staging_Enviroment_Returns_Staging_Name" storage="d:\sferrari\01 - trabajo\repos\netcore\template-netcore-shared\kitpymes.core.shared.tests\bin\debug\netcoreapp3.0\kitpymes.core.shared.tests.dll" id="5e237822-3b9d-da27-9221-3ae1f5eb15b0">
      <Execution id="b560dc35-1a11-4f74-9122-10a3dfe92ccb" />
      <TestMethod codeBase="D:\SFERRARI\01 - TRABAJO\REPOS\netcore\template-netcore-shared\Kitpymes.Core.Shared.Tests\bin\Debug\netcoreapp3.0\Kitpymes.Core.Shared.Tests.dll" adapterTypeName="executor://mstestadapter/v2" className="Kitpymes.Core.Shared.Tests.ApplicationBuilderExtensionsTests" name="ToEnvironment_Passing_Staging_Enviroment_Returns_Staging_Name" />
    </UnitTest>
    <UnitTest name="ToEnvironment_Passing_NotFound_Service_Returns_ApplicationException" storage="d:\sferrari\01 - trabajo\repos\netcore\template-netcore-shared\kitpymes.core.shared.tests\bin\debug\netcoreapp3.0\kitpymes.core.shared.tests.dll" id="1a919c7e-4e1e-08f8-d5ef-a9418bde23f0">
      <Execution id="756c27f7-6e2d-4971-ab3d-d8dc06ac2498" />
      <TestMethod codeBase="D:\SFERRARI\01 - TRABAJO\REPOS\netcore\template-netcore-shared\Kitpymes.Core.Shared.Tests\bin\Debug\netcoreapp3.0\Kitpymes.Core.Shared.Tests.dll" adapterTypeName="executor://mstestadapter/v2" className="Kitpymes.Core.Shared.Tests.ConfigurationBuilderExtensionsTests" name="ToEnvironment_Passing_NotFound_Service_Returns_ApplicationException" />
    </UnitTest>
    <UnitTest name="ToServiceMatchingInterface_Passing_Empties_Assemblies_Returns_ApplicationException" storage="d:\sferrari\01 - trabajo\repos\netcore\template-netcore-shared\kitpymes.core.shared.tests\bin\debug\netcoreapp3.0\kitpymes.core.shared.tests.dll" id="760ae14b-6c0d-0288-811d-408b67937415">
      <Execution id="c80882bd-5689-4d01-bd03-7553a0f3707b" />
      <TestMethod codeBase="D:\SFERRARI\01 - TRABAJO\REPOS\netcore\template-netcore-shared\Kitpymes.Core.Shared.Tests\bin\Debug\netcoreapp3.0\Kitpymes.Core.Shared.Tests.dll" adapterTypeName="executor://mstestadapter/v2" className="Kitpymes.Core.Shared.Tests.ConfigurationBuilderExtensionsTests" name="ToServiceMatchingInterface_Passing_Empties_Assemblies_Returns_ApplicationException" />
    </UnitTest>
    <UnitTest name="ToIsLastDayOfTheMonth_Passing_LastDayOfMonth_Returns_True" storage="d:\sferrari\01 - trabajo\repos\netcore\template-netcore-shared\kitpymes.core.shared.tests\bin\debug\netcoreapp3.0\kitpymes.core.shared.tests.dll" id="98d4dd82-eb94-c060-7aeb-9b0a39f334fb">
      <Execution id="bb34947c-60d8-4a55-b230-057407472229" />
      <TestMethod codeBase="D:\SFERRARI\01 - TRABAJO\REPOS\netcore\template-netcore-shared\Kitpymes.Core.Shared.Tests\bin\Debug\netcoreapp3.0\Kitpymes.Core.Shared.Tests.dll" adapterTypeName="executor://mstestadapter/v2" className="Kitpymes.Core.Shared.Tests.DateTimeExtensionsTests" name="ToIsLastDayOfTheMonth_Passing_LastDayOfMonth_Returns_True" />
    </UnitTest>
    <UnitTest name="ToThrowIfNullOrAny_Passing_InvalidValue_Returns_ApplicationExceptionWithMessage" storage="d:\sferrari\01 - trabajo\repos\netcore\template-netcore-shared\kitpymes.core.shared.tests\bin\debug\netcoreapp3.0\kitpymes.core.shared.tests.dll" id="55f84516-b3d2-35a4-2f3f-b6558c160cb1">
      <Execution id="995852e2-47b3-49c1-b164-d2aae00b14f0" />
      <TestMethod codeBase="D:\SFERRARI\01 - TRABAJO\REPOS\netcore\template-netcore-shared\Kitpymes.Core.Shared.Tests\bin\Debug\netcoreapp3.0\Kitpymes.Core.Shared.Tests.dll" adapterTypeName="executor://mstestadapter/v2" className="Kitpymes.Core.Shared.Tests.CheckExtensionsTests" name="ToThrowIfNullOrAny_Passing_InvalidValue_Returns_ApplicationExceptionWithMessage" />
    </UnitTest>
    <UnitTest name="ToConfiguration_Passing_Empty_DirectoryPath_Returns_ApplicationException" storage="d:\sferrari\01 - trabajo\repos\netcore\template-netcore-shared\kitpymes.core.shared.tests\bin\debug\netcoreapp3.0\kitpymes.core.shared.tests.dll" id="5c861184-f295-e727-0fd4-d218f13da14d">
      <Execution id="f11588a9-3fd3-44b2-98b1-bf08d5cf1858" />
      <TestMethod codeBase="D:\SFERRARI\01 - TRABAJO\REPOS\netcore\template-netcore-shared\Kitpymes.Core.Shared.Tests\bin\Debug\netcoreapp3.0\Kitpymes.Core.Shared.Tests.dll" adapterTypeName="executor://mstestadapter/v2" className="Kitpymes.Core.Shared.Tests.ConfigurationBuilderExtensionsTests" name="ToConfiguration_Passing_Empty_DirectoryPath_Returns_ApplicationException" />
    </UnitTest>
    <UnitTest name="IsEmail_Passing_InvalidArguments_Returns_HasErrorsAndCount" storage="d:\sferrari\01 - trabajo\repos\netcore\template-netcore-shared\kitpymes.core.shared.tests\bin\debug\netcoreapp3.0\kitpymes.core.shared.tests.dll" id="180814cc-22f9-91b2-cd9a-f54be7e1ba18">
      <Execution id="735948f6-c7cd-4a6d-bd6a-39909e5237a9" />
      <TestMethod codeBase="D:\SFERRARI\01 - TRABAJO\REPOS\netcore\template-netcore-shared\Kitpymes.Core.Shared.Tests\bin\Debug\netcoreapp3.0\Kitpymes.Core.Shared.Tests.dll" adapterTypeName="executor://mstestadapter/v2" className="Kitpymes.Core.Shared.Tests.CheckTests" name="IsEmail_Passing_InvalidArguments_Returns_HasErrorsAndCount" />
    </UnitTest>
    <UnitTest name="ToDirectoryFindFilePath_Passing_ValidValueIntoSubDirectory_Returns_FilePath" storage="d:\sferrari\01 - trabajo\repos\netcore\template-netcore-shared\kitpymes.core.shared.tests\bin\debug\netcoreapp3.0\kitpymes.core.shared.tests.dll" id="5fda35dc-4db7-2169-9391-a6295d2ec5fd">
      <Execution id="1ebfeed5-772c-4fc0-acf3-dcbf99e0b915" />
      <TestMethod codeBase="D:\SFERRARI\01 - TRABAJO\REPOS\netcore\template-netcore-shared\Kitpymes.Core.Shared.Tests\bin\Debug\netcoreapp3.0\Kitpymes.Core.Shared.Tests.dll" adapterTypeName="executor://mstestadapter/v2" className="Kitpymes.Core.Shared.Tests.StringExtensionsTests" name="ToDirectoryFindFilePath_Passing_ValidValueIntoSubDirectory_Returns_FilePath" />
    </UnitTest>
    <UnitTest name="ToAuthenticationType_Passing_Null_ClaimsPrincipal_Returns_ApplicationException" storage="d:\sferrari\01 - trabajo\repos\netcore\template-netcore-shared\kitpymes.core.shared.tests\bin\debug\netcoreapp3.0\kitpymes.core.shared.tests.dll" id="8dccdb77-e6a8-58c6-9bd0-108f87c5ff65">
      <Execution id="2a7809d8-b31e-4df6-ad55-471b81c3fb75" />
      <TestMethod codeBase="D:\SFERRARI\01 - TRABAJO\REPOS\netcore\template-netcore-shared\Kitpymes.Core.Shared.Tests\bin\Debug\netcoreapp3.0\Kitpymes.Core.Shared.Tests.dll" adapterTypeName="executor://mstestadapter/v2" className="Kitpymes.Core.Shared.Tests.ClaimsPrincipalExtensionsTests" name="ToAuthenticationType_Passing_Null_ClaimsPrincipal_Returns_ApplicationException" />
    </UnitTest>
    <UnitTest name="ToDefaultValue_Passing_ValidString_Returns_DefaultValue" storage="d:\sferrari\01 - trabajo\repos\netcore\template-netcore-shared\kitpymes.core.shared.tests\bin\debug\netcoreapp3.0\kitpymes.core.shared.tests.dll" id="579b7361-19a9-f329-acb3-de102dcfc793">
      <Execution id="a3f4cc7b-a421-495d-8c51-885ec9e6018f" />
      <TestMethod codeBase="D:\SFERRARI\01 - TRABAJO\REPOS\netcore\template-netcore-shared\Kitpymes.Core.Shared.Tests\bin\Debug\netcoreapp3.0\Kitpymes.Core.Shared.Tests.dll" adapterTypeName="executor://mstestadapter/v2" className="Kitpymes.Core.Shared.Tests.TypeExtensionsTests" name="ToDefaultValue_Passing_ValidString_Returns_DefaultValue" />
    </UnitTest>
    <UnitTest name="ToIsNullOrEmpty_Passing_InvalidValue_Returns_True" storage="d:\sferrari\01 - trabajo\repos\netcore\template-netcore-shared\kitpymes.core.shared.tests\bin\debug\netcoreapp3.0\kitpymes.core.shared.tests.dll" id="297c060d-406b-f933-91fe-dfd3459b8ace">
      <Execution id="102125e4-a594-4e46-8cf1-83a9ae5d1c28" />
      <TestMethod codeBase="D:\SFERRARI\01 - TRABAJO\REPOS\netcore\template-netcore-shared\Kitpymes.Core.Shared.Tests\bin\Debug\netcoreapp3.0\Kitpymes.Core.Shared.Tests.dll" adapterTypeName="executor://mstestadapter/v2" className="Kitpymes.Core.Shared.Tests.CheckExtensionsTests" name="ToIsNullOrEmpty_Passing_InvalidValue_Returns_True" />
    </UnitTest>
    <UnitTest name="ToList_Passing_ValidEnumTypeWithSelectedValue_Returns_ValuesList" storage="d:\sferrari\01 - trabajo\repos\netcore\template-netcore-shared\kitpymes.core.shared.tests\bin\debug\netcoreapp3.0\kitpymes.core.shared.tests.dll" id="b871cd27-681f-8d07-6c2a-809341ba2909">
      <Execution id="e0d4e81a-3763-438a-88cc-5dba2ff03c41" />
      <TestMethod codeBase="D:\SFERRARI\01 - TRABAJO\REPOS\netcore\template-netcore-shared\Kitpymes.Core.Shared.Tests\bin\Debug\netcoreapp3.0\Kitpymes.Core.Shared.Tests.dll" adapterTypeName="executor://mstestadapter/v2" className="Kitpymes.Core.Shared.Tests.EnumsTests" name="ToList_Passing_ValidEnumTypeWithSelectedValue_Returns_ValuesList" />
    </UnitTest>
    <UnitTest name="ToDefaultValue_Passing_char_Returns_Cero" storage="d:\sferrari\01 - trabajo\repos\netcore\template-netcore-shared\kitpymes.core.shared.tests\bin\debug\netcoreapp3.0\kitpymes.core.shared.tests.dll" id="17a38df3-33e0-71ac-f8cb-dcdd3ade7269">
      <Execution id="7b895a48-3b6e-4ae7-83ce-af6d9d786871" />
      <TestMethod codeBase="D:\SFERRARI\01 - TRABAJO\REPOS\netcore\template-netcore-shared\Kitpymes.Core.Shared.Tests\bin\Debug\netcoreapp3.0\Kitpymes.Core.Shared.Tests.dll" adapterTypeName="executor://mstestadapter/v2" className="Kitpymes.Core.Shared.Tests.GenericExtensionsTests" name="ToDefaultValue_Passing_char_Returns_Cero" />
    </UnitTest>
    <UnitTest name="ToExists_Passing_Claims_Returns_True" storage="d:\sferrari\01 - trabajo\repos\netcore\template-netcore-shared\kitpymes.core.shared.tests\bin\debug\netcoreapp3.0\kitpymes.core.shared.tests.dll" id="57d3cdd8-8268-9aa3-6f39-3cc0224b305c">
      <Execution id="0e302789-a11a-48e7-8588-d04b5d0de8d1" />
      <TestMethod codeBase="D:\SFERRARI\01 - TRABAJO\REPOS\netcore\template-netcore-shared\Kitpymes.Core.Shared.Tests\bin\Debug\netcoreapp3.0\Kitpymes.Core.Shared.Tests.dll" adapterTypeName="executor://mstestadapter/v2" className="Kitpymes.Core.Shared.Tests.ClaimsPrincipalExtensionsTests" name="ToExists_Passing_Claims_Returns_True" />
    </UnitTest>
    <UnitTest name="ToIsNullOrAny_Passing_InvalidValue_Returns_True" storage="d:\sferrari\01 - trabajo\repos\netcore\template-netcore-shared\kitpymes.core.shared.tests\bin\debug\netcoreapp3.0\kitpymes.core.shared.tests.dll" id="55f105d6-fc07-21db-e70a-db30ccdb0844">
      <Execution id="9c9ec88a-2a88-425f-aa4d-98850a001442" />
      <TestMethod codeBase="D:\SFERRARI\01 - TRABAJO\REPOS\netcore\template-netcore-shared\Kitpymes.Core.Shared.Tests\bin\Debug\netcoreapp3.0\Kitpymes.Core.Shared.Tests.dll" adapterTypeName="executor://mstestadapter/v2" className="Kitpymes.Core.Shared.Tests.CheckExtensionsTests" name="ToIsNullOrAny_Passing_InvalidValue_Returns_True" />
    </UnitTest>
    <UnitTest name="ToSetTime_Passing_Time_String_Returns_DateTime" storage="d:\sferrari\01 - trabajo\repos\netcore\template-netcore-shared\kitpymes.core.shared.tests\bin\debug\netcoreapp3.0\kitpymes.core.shared.tests.dll" id="34931354-7c25-7812-28fe-96ea501746b4">
      <Execution id="b5c6fd90-569a-415e-9fdf-049362721d34" />
      <TestMethod codeBase="D:\SFERRARI\01 - TRABAJO\REPOS\netcore\template-netcore-shared\Kitpymes.Core.Shared.Tests\bin\Debug\netcoreapp3.0\Kitpymes.Core.Shared.Tests.dll" adapterTypeName="executor://mstestadapter/v2" className="Kitpymes.Core.Shared.Tests.DateTimeExtensionsTests" name="ToSetTime_Passing_Time_String_Returns_DateTime" />
    </UnitTest>
    <UnitTest name="ToHeader_Passing_HttpRequest_Header_Many_Values_Returns_Values" storage="d:\sferrari\01 - trabajo\repos\netcore\template-netcore-shared\kitpymes.core.shared.tests\bin\debug\netcoreapp3.0\kitpymes.core.shared.tests.dll" id="43c10c64-8836-30db-afbe-d1657a7dd9d8">
      <Execution id="ddee4561-dda6-496c-982c-90492e6712d8" />
      <TestMethod codeBase="D:\SFERRARI\01 - TRABAJO\REPOS\netcore\template-netcore-shared\Kitpymes.Core.Shared.Tests\bin\Debug\netcoreapp3.0\Kitpymes.Core.Shared.Tests.dll" adapterTypeName="executor://mstestadapter/v2" className="Kitpymes.Core.Shared.Tests.HttpRequestExtensionsTests" name="ToHeader_Passing_HttpRequest_Header_Many_Values_Returns_Values" />
    </UnitTest>
    <UnitTest name="ToDirectorySaveFileAsync_Passing_ValidValue_Returns_False" storage="d:\sferrari\01 - trabajo\repos\netcore\template-netcore-shared\kitpymes.core.shared.tests\bin\debug\netcoreapp3.0\kitpymes.core.shared.tests.dll" id="0696fab6-6d9f-2b85-4a73-248fbd1cdda4">
      <Execution id="db980553-9eeb-45c8-a922-545c144b2060" />
      <TestMethod codeBase="D:\SFERRARI\01 - TRABAJO\REPOS\netcore\template-netcore-shared\Kitpymes.Core.Shared.Tests\bin\Debug\netcoreapp3.0\Kitpymes.Core.Shared.Tests.dll" adapterTypeName="executor://mstestadapter/v2" className="Kitpymes.Core.Shared.Tests.StringExtensionsTests" name="ToDirectorySaveFileAsync_Passing_ValidValue_Returns_False" />
    </UnitTest>
    <UnitTest name="ToConfiguration_Passing_Invalid_DirectoryPath_Returns_ApplicationException" storage="d:\sferrari\01 - trabajo\repos\netcore\template-netcore-shared\kitpymes.core.shared.tests\bin\debug\netcoreapp3.0\kitpymes.core.shared.tests.dll" id="73904cd7-b09d-89fc-efca-330cb9d1d1b7">
      <Execution id="c28c7ebf-358b-49a0-80f4-4259979e940d" />
      <TestMethod codeBase="D:\SFERRARI\01 - TRABAJO\REPOS\netcore\template-netcore-shared\Kitpymes.Core.Shared.Tests\bin\Debug\netcoreapp3.0\Kitpymes.Core.Shared.Tests.dll" adapterTypeName="executor://mstestadapter/v2" className="Kitpymes.Core.Shared.Tests.ConfigurationBuilderExtensionsTests" name="ToConfiguration_Passing_Invalid_DirectoryPath_Returns_ApplicationException" />
    </UnitTest>
    <UnitTest name="ToPaged_Passing_Age_Ascending_Order_Returns_Filter_List" storage="d:\sferrari\01 - trabajo\repos\netcore\template-netcore-shared\kitpymes.core.shared.tests\bin\debug\netcoreapp3.0\kitpymes.core.shared.tests.dll" id="f0f37a42-1a3a-10a5-5f17-e01b9915abd3">
      <Execution id="3c521024-c790-46e2-b1ae-98715d40e08d" />
      <TestMethod codeBase="D:\SFERRARI\01 - TRABAJO\REPOS\netcore\template-netcore-shared\Kitpymes.Core.Shared.Tests\bin\Debug\netcoreapp3.0\Kitpymes.Core.Shared.Tests.dll" adapterTypeName="executor://mstestadapter/v2" className="Kitpymes.Core.Shared.Tests.QueryableExtensionsTests" name="ToPaged_Passing_Age_Ascending_Order_Returns_Filter_List" />
    </UnitTest>
    <UnitTest name="ToDetails_Passing_HttpContext_Returns_Details_HttpContext" storage="d:\sferrari\01 - trabajo\repos\netcore\template-netcore-shared\kitpymes.core.shared.tests\bin\debug\netcoreapp3.0\kitpymes.core.shared.tests.dll" id="4ff63349-9eef-ad1f-85cf-a84cda1ff120">
      <Execution id="0435e319-2a4c-4446-86b8-240ccaa2b179" />
      <TestMethod codeBase="D:\SFERRARI\01 - TRABAJO\REPOS\netcore\template-netcore-shared\Kitpymes.Core.Shared.Tests\bin\Debug\netcoreapp3.0\Kitpymes.Core.Shared.Tests.dll" adapterTypeName="executor://mstestadapter/v2" className="Kitpymes.Core.Shared.Tests.HttpContextExtensionsTests" name="ToDetails_Passing_HttpContext_Returns_Details_HttpContext" />
    </UnitTest>
    <UnitTest name="ToEmptyIfNull_Passing_Null_Collection_Returns_Empty_Collection" storage="d:\sferrari\01 - trabajo\repos\netcore\template-netcore-shared\kitpymes.core.shared.tests\bin\debug\netcoreapp3.0\kitpymes.core.shared.tests.dll" id="3e6d6aa9-9b6d-dd96-b54c-49f88780a2b4">
      <Execution id="0fe36b78-f11a-4fe8-973c-ccfbb2237722" />
      <TestMethod codeBase="D:\SFERRARI\01 - TRABAJO\REPOS\netcore\template-netcore-shared\Kitpymes.Core.Shared.Tests\bin\Debug\netcoreapp3.0\Kitpymes.Core.Shared.Tests.dll" adapterTypeName="executor://mstestadapter/v2" className="Kitpymes.Core.Shared.Tests.EnumerableExtensionsTests" name="ToEmptyIfNull_Passing_Null_Collection_Returns_Empty_Collection" />
    </UnitTest>
    <UnitTest name="ToInt_Passing_InvalidValueString_Returns_DefaultValue" storage="d:\sferrari\01 - trabajo\repos\netcore\template-netcore-shared\kitpymes.core.shared.tests\bin\debug\netcoreapp3.0\kitpymes.core.shared.tests.dll" id="19f76070-822e-31f8-2a9f-a96f774333a7">
      <Execution id="19260507-4f95-4189-992f-85b38bc436e5" />
      <TestMethod codeBase="D:\SFERRARI\01 - TRABAJO\REPOS\netcore\template-netcore-shared\Kitpymes.Core.Shared.Tests\bin\Debug\netcoreapp3.0\Kitpymes.Core.Shared.Tests.dll" adapterTypeName="executor://mstestadapter/v2" className="Kitpymes.Core.Shared.Tests.StringExtensionsTests" name="ToInt_Passing_InvalidValueString_Returns_DefaultValue" />
    </UnitTest>
    <UnitTest name="ToEnvironment_ServiceProvider_Passing_Development_Enviroment_Returns_Development_Name" storage="d:\sferrari\01 - trabajo\repos\netcore\template-netcore-shared\kitpymes.core.shared.tests\bin\debug\netcoreapp3.0\kitpymes.core.shared.tests.dll" id="c09577a6-adca-ef94-40b5-45575ad65e4f">
      <Execution id="d1e5b1bf-cbbf-4d60-8109-c4d176458fcd" />
      <TestMethod codeBase="D:\SFERRARI\01 - TRABAJO\REPOS\netcore\template-netcore-shared\Kitpymes.Core.Shared.Tests\bin\Debug\netcoreapp3.0\Kitpymes.Core.Shared.Tests.dll" adapterTypeName="executor://mstestadapter/v2" className="Kitpymes.Core.Shared.Tests.ConfigurationBuilderExtensionsTests" name="ToEnvironment_ServiceProvider_Passing_Development_Enviroment_Returns_Development_Name" />
    </UnitTest>
    <UnitTest name="ToUserName_Passing_Valid_UserName_ClaimsPrincipal_Returns_String_UserName_Value" storage="d:\sferrari\01 - trabajo\repos\netcore\template-netcore-shared\kitpymes.core.shared.tests\bin\debug\netcoreapp3.0\kitpymes.core.shared.tests.dll" id="856fd0c8-b6f8-9265-ccfd-2a9e615488e2">
      <Execution id="da931d8a-026b-4c1f-907c-35e1863d3016" />
      <TestMethod codeBase="D:\SFERRARI\01 - TRABAJO\REPOS\netcore\template-netcore-shared\Kitpymes.Core.Shared.Tests\bin\Debug\netcoreapp3.0\Kitpymes.Core.Shared.Tests.dll" adapterTypeName="executor://mstestadapter/v2" className="Kitpymes.Core.Shared.Tests.ClaimsPrincipalExtensionsTests" name="ToUserName_Passing_Valid_UserName_ClaimsPrincipal_Returns_String_UserName_Value" />
    </UnitTest>
    <UnitTest name="ToEnvironment_ServiceCollection_Passing_Staging_Enviroment_Returns_Staging_Name" storage="d:\sferrari\01 - trabajo\repos\netcore\template-netcore-shared\kitpymes.core.shared.tests\bin\debug\netcoreapp3.0\kitpymes.core.shared.tests.dll" id="504465b7-a3fe-9023-93b9-ffece1903418">
      <Execution id="5668085a-6ab4-4b82-a115-cc985e61f953" />
      <TestMethod codeBase="D:\SFERRARI\01 - TRABAJO\REPOS\netcore\template-netcore-shared\Kitpymes.Core.Shared.Tests\bin\Debug\netcoreapp3.0\Kitpymes.Core.Shared.Tests.dll" adapterTypeName="executor://mstestadapter/v2" className="Kitpymes.Core.Shared.Tests.ConfigurationBuilderExtensionsTests" name="ToEnvironment_ServiceCollection_Passing_Staging_Enviroment_Returns_Staging_Name" />
    </UnitTest>
    <UnitTest name="ToDefaultValue_Passing_short_Returns_Cero" storage="d:\sferrari\01 - trabajo\repos\netcore\template-netcore-shared\kitpymes.core.shared.tests\bin\debug\netcoreapp3.0\kitpymes.core.shared.tests.dll" id="40108f40-2761-0a89-d16d-ad113b5f3dd5">
      <Execution id="8e4a68af-f80d-40d1-adc0-8220e7490e7c" />
      <TestMethod codeBase="D:\SFERRARI\01 - TRABAJO\REPOS\netcore\template-netcore-shared\Kitpymes.Core.Shared.Tests\bin\Debug\netcoreapp3.0\Kitpymes.Core.Shared.Tests.dll" adapterTypeName="executor://mstestadapter/v2" className="Kitpymes.Core.Shared.Tests.GenericExtensionsTests" name="ToDefaultValue_Passing_short_Returns_Cero" />
    </UnitTest>
    <UnitTest name="ToDefaultValue_Passing_ValidGuid_Returns_DefaultValue" storage="d:\sferrari\01 - trabajo\repos\netcore\template-netcore-shared\kitpymes.core.shared.tests\bin\debug\netcoreapp3.0\kitpymes.core.shared.tests.dll" id="225c09bd-86d5-d9ce-d2b8-18431ca384e3">
      <Execution id="0f1d44e2-daa9-4956-b565-7a18c3c55d64" />
      <TestMethod codeBase="D:\SFERRARI\01 - TRABAJO\REPOS\netcore\template-netcore-shared\Kitpymes.Core.Shared.Tests\bin\Debug\netcoreapp3.0\Kitpymes.Core.Shared.Tests.dll" adapterTypeName="executor://mstestadapter/v2" className="Kitpymes.Core.Shared.Tests.TypeExtensionsTests" name="ToDefaultValue_Passing_ValidGuid_Returns_DefaultValue" />
    </UnitTest>
    <UnitTest name="ToDefaultValue_Passing_int_Returns_Cero" storage="d:\sferrari\01 - trabajo\repos\netcore\template-netcore-shared\kitpymes.core.shared.tests\bin\debug\netcoreapp3.0\kitpymes.core.shared.tests.dll" id="4234610b-215b-41f7-e61d-4a82851bdfa3">
      <Execution id="27a608bf-579a-4e1f-a200-4052c8484c71" />
      <TestMethod codeBase="D:\SFERRARI\01 - TRABAJO\REPOS\netcore\template-netcore-shared\Kitpymes.Core.Shared.Tests\bin\Debug\netcoreapp3.0\Kitpymes.Core.Shared.Tests.dll" adapterTypeName="executor://mstestadapter/v2" className="Kitpymes.Core.Shared.Tests.GenericExtensionsTests" name="ToDefaultValue_Passing_int_Returns_Cero" />
    </UnitTest>
    <UnitTest name="ToTryGetHeader_Passing_HttpRequest_Header_Value_Returns_Value" storage="d:\sferrari\01 - trabajo\repos\netcore\template-netcore-shared\kitpymes.core.shared.tests\bin\debug\netcoreapp3.0\kitpymes.core.shared.tests.dll" id="13bab721-bf36-ea1b-3f50-9937b274e83a">
      <Execution id="eb8aac8e-970f-4efc-a009-028888c9d5c6" />
      <TestMethod codeBase="D:\SFERRARI\01 - TRABAJO\REPOS\netcore\template-netcore-shared\Kitpymes.Core.Shared.Tests\bin\Debug\netcoreapp3.0\Kitpymes.Core.Shared.Tests.dll" adapterTypeName="executor://mstestadapter/v2" className="Kitpymes.Core.Shared.Tests.HttpRequestExtensionsTests" name="ToTryGetHeader_Passing_HttpRequest_Header_Value_Returns_Value" />
    </UnitTest>
    <UnitTest name="ToService_Passing_NotFound_Service_Returns_Null" storage="d:\sferrari\01 - trabajo\repos\netcore\template-netcore-shared\kitpymes.core.shared.tests\bin\debug\netcoreapp3.0\kitpymes.core.shared.tests.dll" id="c330741e-ad40-618c-36cc-508c135d2b95">
      <Execution id="40817741-13ae-4189-aa0f-271a90c4589b" />
      <TestMethod codeBase="D:\SFERRARI\01 - TRABAJO\REPOS\netcore\template-netcore-shared\Kitpymes.Core.Shared.Tests\bin\Debug\netcoreapp3.0\Kitpymes.Core.Shared.Tests.dll" adapterTypeName="executor://mstestadapter/v2" className="Kitpymes.Core.Shared.Tests.ConfigurationBuilderExtensionsTests" name="ToService_Passing_NotFound_Service_Returns_Null" />
    </UnitTest>
    <UnitTest name="ToService_Passing_Service_Not_Found_Returns_ApplicationException" storage="d:\sferrari\01 - trabajo\repos\netcore\template-netcore-shared\kitpymes.core.shared.tests\bin\debug\netcoreapp3.0\kitpymes.core.shared.tests.dll" id="74c0befe-cdb2-1fdf-be71-2a39199bb5c9">
      <Execution id="1669fe2b-a1df-4184-945a-551a7110fba9" />
      <TestMethod codeBase="D:\SFERRARI\01 - TRABAJO\REPOS\netcore\template-netcore-shared\Kitpymes.Core.Shared.Tests\bin\Debug\netcoreapp3.0\Kitpymes.Core.Shared.Tests.dll" adapterTypeName="executor://mstestadapter/v2" className="Kitpymes.Core.Shared.Tests.ApplicationBuilderExtensionsTests" name="ToService_Passing_Service_Not_Found_Returns_ApplicationException" />
    </UnitTest>
    <UnitTest name="ToCount_Passing_ValidEnumType_Returns_Count" storage="d:\sferrari\01 - trabajo\repos\netcore\template-netcore-shared\kitpymes.core.shared.tests\bin\debug\netcoreapp3.0\kitpymes.core.shared.tests.dll" id="bc6955b8-aec0-957c-bad4-853e5cfa19a1">
      <Execution id="ac19fe91-7f07-4d60-b5e6-def3d5de59e8" />
      <TestMethod codeBase="D:\SFERRARI\01 - TRABAJO\REPOS\netcore\template-netcore-shared\Kitpymes.Core.Shared.Tests\bin\Debug\netcoreapp3.0\Kitpymes.Core.Shared.Tests.dll" adapterTypeName="executor://mstestadapter/v2" className="Kitpymes.Core.Shared.Tests.EnumsTests" name="ToCount_Passing_ValidEnumType_Returns_Count" />
    </UnitTest>
    <UnitTest name="ToIsAuthenticated_Passing_Claims_Returns_False" storage="d:\sferrari\01 - trabajo\repos\netcore\template-netcore-shared\kitpymes.core.shared.tests\bin\debug\netcoreapp3.0\kitpymes.core.shared.tests.dll" id="7384e2f6-7a7f-d462-78fa-5bf7f49c326a">
      <Execution id="1afdbdd0-6d05-413b-80a0-7a0203477251" />
      <TestMethod codeBase="D:\SFERRARI\01 - TRABAJO\REPOS\netcore\template-netcore-shared\Kitpymes.Core.Shared.Tests\bin\Debug\netcoreapp3.0\Kitpymes.Core.Shared.Tests.dll" adapterTypeName="executor://mstestadapter/v2" className="Kitpymes.Core.Shared.Tests.ClaimsPrincipalExtensionsTests" name="ToIsAuthenticated_Passing_Claims_Returns_False" />
    </UnitTest>
    <UnitTest name="ToEnvironment_ServiceCollection_Passing_Custom_Enviroment_Returns_Custom_Name" storage="d:\sferrari\01 - trabajo\repos\netcore\template-netcore-shared\kitpymes.core.shared.tests\bin\debug\netcoreapp3.0\kitpymes.core.shared.tests.dll" id="21ae5425-e2d1-002f-334f-105a6a674a01">
      <Execution id="b6c22d73-1da0-4b8f-b187-29829421176c" />
      <TestMethod codeBase="D:\SFERRARI\01 - TRABAJO\REPOS\netcore\template-netcore-shared\Kitpymes.Core.Shared.Tests\bin\Debug\netcoreapp3.0\Kitpymes.Core.Shared.Tests.dll" adapterTypeName="executor://mstestadapter/v2" className="Kitpymes.Core.Shared.Tests.ConfigurationBuilderExtensionsTests" name="ToEnvironment_ServiceCollection_Passing_Custom_Enviroment_Returns_Custom_Name" />
    </UnitTest>
    <UnitTest name="ToDictionaryPropertyInfo_Passing_Object_IncludeNullOrEmptyProperty_Returns_Properties_NameAndValue_Dictionary" storage="d:\sferrari\01 - trabajo\repos\netcore\template-netcore-shared\kitpymes.core.shared.tests\bin\debug\netcoreapp3.0\kitpymes.core.shared.tests.dll" id="a0ed43cd-0648-ddf9-c80e-52c6889ee049">
      <Execution id="3128ec59-94bd-45f5-ba36-0176966fe90e" />
      <TestMethod codeBase="D:\SFERRARI\01 - TRABAJO\REPOS\netcore\template-netcore-shared\Kitpymes.Core.Shared.Tests\bin\Debug\netcoreapp3.0\Kitpymes.Core.Shared.Tests.dll" adapterTypeName="executor://mstestadapter/v2" className="Kitpymes.Core.Shared.Tests.GenericExtensionsTests" name="ToDictionaryPropertyInfo_Passing_Object_IncludeNullOrEmptyProperty_Returns_Properties_NameAndValue_Dictionary" />
    </UnitTest>
    <UnitTest name="ToIsWeekend_Passing_Saturday_DateTime_Returns_True" storage="d:\sferrari\01 - trabajo\repos\netcore\template-netcore-shared\kitpymes.core.shared.tests\bin\debug\netcoreapp3.0\kitpymes.core.shared.tests.dll" id="18040ed3-941e-dd1e-cb8c-4d34d103f370">
      <Execution id="d872807b-372e-4a76-8e24-810c4b64ffc7" />
      <TestMethod codeBase="D:\SFERRARI\01 - TRABAJO\REPOS\netcore\template-netcore-shared\Kitpymes.Core.Shared.Tests\bin\Debug\netcoreapp3.0\Kitpymes.Core.Shared.Tests.dll" adapterTypeName="executor://mstestadapter/v2" className="Kitpymes.Core.Shared.Tests.DateTimeExtensionsTests" name="ToIsWeekend_Passing_Saturday_DateTime_Returns_True" />
    </UnitTest>
    <UnitTest name="ToInt_Passing_InvalidValueString_Returns_Null" storage="d:\sferrari\01 - trabajo\repos\netcore\template-netcore-shared\kitpymes.core.shared.tests\bin\debug\netcoreapp3.0\kitpymes.core.shared.tests.dll" id="2799ef62-9686-0dc7-84d2-73639b0030f7">
      <Execution id="f4f07130-ffc4-425a-9a74-3a7f808750ef" />
      <TestMethod codeBase="D:\SFERRARI\01 - TRABAJO\REPOS\netcore\template-netcore-shared\Kitpymes.Core.Shared.Tests\bin\Debug\netcoreapp3.0\Kitpymes.Core.Shared.Tests.dll" adapterTypeName="executor://mstestadapter/v2" className="Kitpymes.Core.Shared.Tests.StringExtensionsTests" name="ToInt_Passing_InvalidValueString_Returns_Null" />
    </UnitTest>
    <UnitTest name="ToThrow_Passing_InvalidValue_Returns_ApplicationExceptionWithMessage" storage="d:\sferrari\01 - trabajo\repos\netcore\template-netcore-shared\kitpymes.core.shared.tests\bin\debug\netcoreapp3.0\kitpymes.core.shared.tests.dll" id="9b5f9705-0df5-3b21-5e23-e11b68721fd4">
      <Execution id="95880b10-1535-41f6-a394-bd4ce7d4982b" />
      <TestMethod codeBase="D:\SFERRARI\01 - TRABAJO\REPOS\netcore\template-netcore-shared\Kitpymes.Core.Shared.Tests\bin\Debug\netcoreapp3.0\Kitpymes.Core.Shared.Tests.dll" adapterTypeName="executor://mstestadapter/v2" className="Kitpymes.Core.Shared.Tests.CheckExtensionsTests" name="ToThrow_Passing_InvalidValue_Returns_ApplicationExceptionWithMessage" />
    </UnitTest>
    <UnitTest name="ToAge_Passing_Birthday_DateTime_Returns_Age" storage="d:\sferrari\01 - trabajo\repos\netcore\template-netcore-shared\kitpymes.core.shared.tests\bin\debug\netcoreapp3.0\kitpymes.core.shared.tests.dll" id="4ead3f79-a54e-1b96-838c-d0c2f491cb0d">
      <Execution id="f566ad61-6bd4-491a-95ca-e489e88300e1" />
      <TestMethod codeBase="D:\SFERRARI\01 - TRABAJO\REPOS\netcore\template-netcore-shared\Kitpymes.Core.Shared.Tests\bin\Debug\netcoreapp3.0\Kitpymes.Core.Shared.Tests.dll" adapterTypeName="executor://mstestadapter/v2" className="Kitpymes.Core.Shared.Tests.DateTimeExtensionsTests" name="ToAge_Passing_Birthday_DateTime_Returns_Age" />
    </UnitTest>
    <UnitTest name="ToMapNew_Passing_TSource_And_TDestination_Returns_New_TDestination_Object" storage="d:\sferrari\01 - trabajo\repos\netcore\template-netcore-shared\kitpymes.core.shared.tests\bin\debug\netcoreapp3.0\kitpymes.core.shared.tests.dll" id="46cc46f0-c0e1-f3e6-2242-cdef90a4249a">
      <Execution id="421598e4-931d-4886-b1b8-7e789ff510b2" />
      <TestMethod codeBase="D:\SFERRARI\01 - TRABAJO\REPOS\netcore\template-netcore-shared\Kitpymes.Core.Shared.Tests\bin\Debug\netcoreapp3.0\Kitpymes.Core.Shared.Tests.dll" adapterTypeName="executor://mstestadapter/v2" className="Kitpymes.Core.Shared.Tests.AgileMapperExtensionsTests" name="ToMapNew_Passing_TSource_And_TDestination_Returns_New_TDestination_Object" />
    </UnitTest>
    <UnitTest name="ToTomorrow_Passing_DateTime_Returns_Tomorrow_DateTime" storage="d:\sferrari\01 - trabajo\repos\netcore\template-netcore-shared\kitpymes.core.shared.tests\bin\debug\netcoreapp3.0\kitpymes.core.shared.tests.dll" id="c2d3c8df-32e7-92dc-91f8-057e8c4da6b9">
      <Execution id="a14c6888-2993-4e72-80f7-12a138766328" />
      <TestMethod codeBase="D:\SFERRARI\01 - TRABAJO\REPOS\netcore\template-netcore-shared\Kitpymes.Core.Shared.Tests\bin\Debug\netcoreapp3.0\Kitpymes.Core.Shared.Tests.dll" adapterTypeName="executor://mstestadapter/v2" className="Kitpymes.Core.Shared.Tests.DateTimeExtensionsTests" name="ToTomorrow_Passing_DateTime_Returns_Tomorrow_DateTime" />
    </UnitTest>
    <UnitTest name="ToService_Passing_Valid_Service_Returns_Service" storage="d:\sferrari\01 - trabajo\repos\netcore\template-netcore-shared\kitpymes.core.shared.tests\bin\debug\netcoreapp3.0\kitpymes.core.shared.tests.dll" id="2aceb911-de9d-b2eb-c8db-f6b3f880216f">
      <Execution id="85f07766-54e7-4229-9833-197b132be2dc" />
      <TestMethod codeBase="D:\SFERRARI\01 - TRABAJO\REPOS\netcore\template-netcore-shared\Kitpymes.Core.Shared.Tests\bin\Debug\netcoreapp3.0\Kitpymes.Core.Shared.Tests.dll" adapterTypeName="executor://mstestadapter/v2" className="Kitpymes.Core.Shared.Tests.ApplicationBuilderExtensionsTests" name="ToService_Passing_Valid_Service_Returns_Service" />
    </UnitTest>
    <UnitTest name="ToStartOfWeek_Passing_DateTime_Returns_Start_Of_Week_DateTime" storage="d:\sferrari\01 - trabajo\repos\netcore\template-netcore-shared\kitpymes.core.shared.tests\bin\debug\netcoreapp3.0\kitpymes.core.shared.tests.dll" id="1f173fff-9060-8c18-f825-225901225244">
      <Execution id="9acb5e7d-7905-42a8-88a8-334d1b1685fa" />
      <TestMethod codeBase="D:\SFERRARI\01 - TRABAJO\REPOS\netcore\template-netcore-shared\Kitpymes.Core.Shared.Tests\bin\Debug\netcoreapp3.0\Kitpymes.Core.Shared.Tests.dll" adapterTypeName="executor://mstestadapter/v2" className="Kitpymes.Core.Shared.Tests.DateTimeExtensionsTests" name="ToStartOfWeek_Passing_DateTime_Returns_Start_Of_Week_DateTime" />
    </UnitTest>
    <UnitTest name="ToServiceMatchingInterface_Passing_Valid_Assembly_Returns_Service" storage="d:\sferrari\01 - trabajo\repos\netcore\template-netcore-shared\kitpymes.core.shared.tests\bin\debug\netcoreapp3.0\kitpymes.core.shared.tests.dll" id="845c887e-a785-555d-db89-1c2975a33bbb">
      <Execution id="d35f31a0-4fee-4b6d-a91f-a926abc6f89e" />
      <TestMethod codeBase="D:\SFERRARI\01 - TRABAJO\REPOS\netcore\template-netcore-shared\Kitpymes.Core.Shared.Tests\bin\Debug\netcoreapp3.0\Kitpymes.Core.Shared.Tests.dll" adapterTypeName="executor://mstestadapter/v2" className="Kitpymes.Core.Shared.Tests.ConfigurationBuilderExtensionsTests" name="ToServiceMatchingInterface_Passing_Valid_Assembly_Returns_Service" />
    </UnitTest>
    <UnitTest name="ToConfigureOrDefault_Passing_DefaultValues_And_ActionCustomValues_Returns_DefaultValues_And_CustomValues" storage="d:\sferrari\01 - trabajo\repos\netcore\template-netcore-shared\kitpymes.core.shared.tests\bin\debug\netcoreapp3.0\kitpymes.core.shared.tests.dll" id="53cbdd8e-a1ef-5d22-8745-938609ed19c2">
      <Execution id="897b445c-c8b6-4c2c-a42a-bed945ccbad5" />
      <TestMethod codeBase="D:\SFERRARI\01 - TRABAJO\REPOS\netcore\template-netcore-shared\Kitpymes.Core.Shared.Tests\bin\Debug\netcoreapp3.0\Kitpymes.Core.Shared.Tests.dll" adapterTypeName="executor://mstestadapter/v2" className="Kitpymes.Core.Shared.Tests.ActionExtensionsTests" name="ToConfigureOrDefault_Passing_DefaultValues_And_ActionCustomValues_Returns_DefaultValues_And_CustomValues" />
    </UnitTest>
    <UnitTest name="ToSettings_Passing_Values_From_Memory_Returns_Settings" storage="d:\sferrari\01 - trabajo\repos\netcore\template-netcore-shared\kitpymes.core.shared.tests\bin\debug\netcoreapp3.0\kitpymes.core.shared.tests.dll" id="86b92527-4d52-052b-63ae-d9a8aa694919">
      <Execution id="89c3d028-eb54-4dbc-8441-e7bc6eb63984" />
      <TestMethod codeBase="D:\SFERRARI\01 - TRABAJO\REPOS\netcore\template-netcore-shared\Kitpymes.Core.Shared.Tests\bin\Debug\netcoreapp3.0\Kitpymes.Core.Shared.Tests.dll" adapterTypeName="executor://mstestadapter/v2" className="Kitpymes.Core.Shared.Tests.ConfigurationBuilderExtensionsTests" name="ToSettings_Passing_Values_From_Memory_Returns_Settings" />
    </UnitTest>
    <UnitTest name="ToFormat_Passing_ValidValueFormatWithArguments_Returns_ValueWithFormat" storage="d:\sferrari\01 - trabajo\repos\netcore\template-netcore-shared\kitpymes.core.shared.tests\bin\debug\netcoreapp3.0\kitpymes.core.shared.tests.dll" id="ac572b27-5286-68a4-5380-d7de82fbf69a">
      <Execution id="25f211a7-c4ee-423c-95ca-3db82afceeb0" />
      <TestMethod codeBase="D:\SFERRARI\01 - TRABAJO\REPOS\netcore\template-netcore-shared\Kitpymes.Core.Shared.Tests\bin\Debug\netcoreapp3.0\Kitpymes.Core.Shared.Tests.dll" adapterTypeName="executor://mstestadapter/v2" className="Kitpymes.Core.Shared.Tests.StringExtensionsTests" name="ToFormat_Passing_ValidValueFormatWithArguments_Returns_ValueWithFormat" />
    </UnitTest>
  </TestDefinitions>
  <TestEntries>
    <TestEntry testId="6c59b811-73c0-2540-9661-8c8f2a459ff2" executionId="d6d88ca5-044d-434c-9c0e-4f442d8232e2" testListId="8c84fa94-04c1-424b-9868-57a2d4851a1d" />
    <TestEntry testId="a03675ec-665e-f4d5-4630-89e50dac0bfb" executionId="8f87597c-e1c6-4c42-8f2a-5a70e91c848f" testListId="8c84fa94-04c1-424b-9868-57a2d4851a1d" />
    <TestEntry testId="180814cc-22f9-91b2-cd9a-f54be7e1ba18" executionId="735948f6-c7cd-4a6d-bd6a-39909e5237a9" testListId="8c84fa94-04c1-424b-9868-57a2d4851a1d" />
    <TestEntry testId="1577c538-d1be-5b59-2b09-8e59b0be5fcd" executionId="65ca60e9-005c-46c7-a8be-ec5fee8bb42d" testListId="8c84fa94-04c1-424b-9868-57a2d4851a1d" />
    <TestEntry testId="4e1a5879-f3c8-4fdb-51d0-c4cf0a35e0bf" executionId="2a45c3c1-b8d6-40b1-88d5-54303f864139" testListId="8c84fa94-04c1-424b-9868-57a2d4851a1d" />
    <TestEntry testId="a702dc43-b5af-c889-d32e-e69ee2d100af" executionId="1d26e04b-c144-4019-b24a-ffb6e9cea605" testListId="8c84fa94-04c1-424b-9868-57a2d4851a1d" />
    <TestEntry testId="29295413-2308-fade-9c98-0e9ed6c67839" executionId="38dc2d40-b974-4aa0-99b5-982b57fb98dd" testListId="8c84fa94-04c1-424b-9868-57a2d4851a1d" />
    <TestEntry testId="760ae14b-6c0d-0288-811d-408b67937415" executionId="c80882bd-5689-4d01-bd03-7553a0f3707b" testListId="8c84fa94-04c1-424b-9868-57a2d4851a1d" />
    <TestEntry testId="313cfb2c-8c3b-337b-12f8-296f8611376d" executionId="34d62bfa-916b-47e6-8011-8d05c61e1ba4" testListId="8c84fa94-04c1-424b-9868-57a2d4851a1d" />
    <TestEntry testId="5c861184-f295-e727-0fd4-d218f13da14d" executionId="f11588a9-3fd3-44b2-98b1-bf08d5cf1858" testListId="8c84fa94-04c1-424b-9868-57a2d4851a1d" />
    <TestEntry testId="d5506b30-7041-6d90-bd03-bcd5b2479c40" executionId="405fc5f3-39b8-400e-934a-1ea321596dff" testListId="8c84fa94-04c1-424b-9868-57a2d4851a1d" />
    <TestEntry testId="73904cd7-b09d-89fc-efca-330cb9d1d1b7" executionId="c28c7ebf-358b-49a0-80f4-4259979e940d" testListId="8c84fa94-04c1-424b-9868-57a2d4851a1d" />
    <TestEntry testId="aeb559a5-c285-7ab9-baee-1cb152d1742f" executionId="3931779b-49d6-4919-a9e0-210e010ff29f" testListId="8c84fa94-04c1-424b-9868-57a2d4851a1d" />
    <TestEntry testId="57d3cdd8-8268-9aa3-6f39-3cc0224b305c" executionId="0e302789-a11a-48e7-8588-d04b5d0de8d1" testListId="8c84fa94-04c1-424b-9868-57a2d4851a1d" />
    <TestEntry testId="922c5a5d-5d46-b5de-bcbd-4fac0addd422" executionId="13fad069-7d08-46a7-a434-227f0a2b87e9" testListId="8c84fa94-04c1-424b-9868-57a2d4851a1d" />
    <TestEntry testId="579b7361-19a9-f329-acb3-de102dcfc793" executionId="a3f4cc7b-a421-495d-8c51-885ec9e6018f" testListId="8c84fa94-04c1-424b-9868-57a2d4851a1d" />
    <TestEntry testId="074815db-ddf2-9c1f-0fef-7f709183591e" executionId="a387e70d-7ef1-48c1-b088-d932fe7a2480" testListId="8c84fa94-04c1-424b-9868-57a2d4851a1d" />
    <TestEntry testId="0c633595-70e8-b011-5a46-c9c7e1687cb9" executionId="0cc3c69c-9e59-4c17-a62f-81c4abd4843d" testListId="8c84fa94-04c1-424b-9868-57a2d4851a1d" />
    <TestEntry testId="e1a72c94-958d-7abb-4a96-4b60b12f8157" executionId="e78c11d7-2ea8-4fd4-a9da-3973f8ee0487" testListId="8c84fa94-04c1-424b-9868-57a2d4851a1d" />
    <TestEntry testId="504465b7-a3fe-9023-93b9-ffece1903418" executionId="5668085a-6ab4-4b82-a115-cc985e61f953" testListId="8c84fa94-04c1-424b-9868-57a2d4851a1d" />
    <TestEntry testId="297c060d-406b-f933-91fe-dfd3459b8ace" executionId="102125e4-a594-4e46-8cf1-83a9ae5d1c28" testListId="8c84fa94-04c1-424b-9868-57a2d4851a1d" />
    <TestEntry testId="d6d04f4a-9142-b816-d673-c4abf49a39ad" executionId="a6ee0212-2da9-4c5d-8aec-78fe556793a1" testListId="8c84fa94-04c1-424b-9868-57a2d4851a1d" />
    <TestEntry testId="0b00f09d-f7e4-fb1e-68ad-8102cf6143e0" executionId="4dc99405-6453-4fc1-9e2c-ace18ff0e316" testListId="8c84fa94-04c1-424b-9868-57a2d4851a1d" />
    <TestEntry testId="33545399-79af-5e7f-5179-57fe5645f4be" executionId="e20b4f03-9b69-457c-9fa1-faafbc2c1747" testListId="8c84fa94-04c1-424b-9868-57a2d4851a1d" />
    <TestEntry testId="635e001f-2a50-f191-84e2-e81cd2000fdf" executionId="3aadcb05-e42b-49d8-8159-ec66c4f2efbd" testListId="8c84fa94-04c1-424b-9868-57a2d4851a1d" />
    <TestEntry testId="967da852-80aa-48c8-4fdf-7229c80964ce" executionId="57e42545-f2a8-4426-94f0-ea52ebc684b3" testListId="8c84fa94-04c1-424b-9868-57a2d4851a1d" />
    <TestEntry testId="2799ef62-9686-0dc7-84d2-73639b0030f7" executionId="f4f07130-ffc4-425a-9a74-3a7f808750ef" testListId="8c84fa94-04c1-424b-9868-57a2d4851a1d" />
    <TestEntry testId="98d4dd82-eb94-c060-7aeb-9b0a39f334fb" executionId="bb34947c-60d8-4a55-b230-057407472229" testListId="8c84fa94-04c1-424b-9868-57a2d4851a1d" />
    <TestEntry testId="4234610b-215b-41f7-e61d-4a82851bdfa3" executionId="27a608bf-579a-4e1f-a200-4052c8484c71" testListId="8c84fa94-04c1-424b-9868-57a2d4851a1d" />
    <TestEntry testId="7f0aeefe-ba4a-5404-c6f8-82be67718cc4" executionId="dfdec74f-5c4a-49f8-9092-47865447f56f" testListId="8c84fa94-04c1-424b-9868-57a2d4851a1d" />
    <TestEntry testId="55f105d6-fc07-21db-e70a-db30ccdb0844" executionId="9c9ec88a-2a88-425f-aa4d-98850a001442" testListId="8c84fa94-04c1-424b-9868-57a2d4851a1d" />
    <TestEntry testId="c14c626b-0f15-ac55-344d-8aa2c3f91cdf" executionId="82ff7768-ebc5-41f9-9b54-fdd071543536" testListId="8c84fa94-04c1-424b-9868-57a2d4851a1d" />
    <TestEntry testId="1c5de28c-f1b3-c94d-8e43-201eab8c2ff8" executionId="c794380f-91d0-4eda-a623-453841eee4c9" testListId="8c84fa94-04c1-424b-9868-57a2d4851a1d" />
    <TestEntry testId="8a110a46-40a4-c9bb-083e-1c3fcb5b45b7" executionId="51cab14e-cd32-472c-9914-3a4562fe16e1" testListId="8c84fa94-04c1-424b-9868-57a2d4851a1d" />
    <TestEntry testId="9af963da-8209-d683-34a5-be793bc59993" executionId="3271cce7-e06a-47a5-b247-524f35f50c8c" testListId="8c84fa94-04c1-424b-9868-57a2d4851a1d" />
    <TestEntry testId="eb3fbb45-8257-f4b8-0975-042f859a72bf" executionId="d5be4418-05ee-4453-b8c1-8d743dd30169" testListId="8c84fa94-04c1-424b-9868-57a2d4851a1d" />
    <TestEntry testId="19a313ce-6632-bd6f-bb7e-c2dc7bcf20eb" executionId="7f071e01-8a53-417f-8785-5c5f2bbc1f07" testListId="8c84fa94-04c1-424b-9868-57a2d4851a1d" />
    <TestEntry testId="4315ebd1-3e2a-edf0-9de6-c78f08760fe3" executionId="295f43f1-86cd-4fe8-ba58-4fbba49a0b52" testListId="8c84fa94-04c1-424b-9868-57a2d4851a1d" />
    <TestEntry testId="31126d50-f667-908c-85f3-09f9d9272df9" executionId="1cbe5df0-dc3a-4129-9634-f70f567bedda" testListId="8c84fa94-04c1-424b-9868-57a2d4851a1d" />
    <TestEntry testId="0cb5eb43-9273-0bdf-bd18-53b184535503" executionId="b1ec55f5-b8cf-4469-a409-c3194a4e0d74" testListId="8c84fa94-04c1-424b-9868-57a2d4851a1d" />
    <TestEntry testId="a4956cd8-34a7-6fca-5b71-6eb98cedd9b0" executionId="2a3af8ba-6ccc-410f-8e97-e3f8d2274e18" testListId="8c84fa94-04c1-424b-9868-57a2d4851a1d" />
    <TestEntry testId="0cfd0c7c-1a61-7d19-c2fa-3c8a47ccf09c" executionId="ecff2600-52ac-47a5-a453-5f343dee12d8" testListId="8c84fa94-04c1-424b-9868-57a2d4851a1d" />
    <TestEntry testId="47f3e733-f069-b79f-9f6d-7c11fc368663" executionId="1dee1896-d3fc-410d-a6a6-14ca5a736dc9" testListId="8c84fa94-04c1-424b-9868-57a2d4851a1d" />
    <TestEntry testId="e2880a6e-7a01-b4ba-86fb-4d33be072972" executionId="eb7c8284-cb35-44cd-bdb7-57b6396245d5" testListId="8c84fa94-04c1-424b-9868-57a2d4851a1d" />
    <TestEntry testId="fa00d2a8-59b9-ad9e-caa1-a0c9e3156db1" executionId="596c5bf4-25e8-40e3-8b6f-c752e57359ab" testListId="8c84fa94-04c1-424b-9868-57a2d4851a1d" />
    <TestEntry testId="1a919c7e-4e1e-08f8-d5ef-a9418bde23f0" executionId="756c27f7-6e2d-4971-ab3d-d8dc06ac2498" testListId="8c84fa94-04c1-424b-9868-57a2d4851a1d" />
    <TestEntry testId="4d9bde6c-668c-a1d3-dc60-edcfc6a4082c" executionId="c3cba8ab-21d0-44f1-835d-434299c96f22" testListId="8c84fa94-04c1-424b-9868-57a2d4851a1d" />
    <TestEntry testId="18040ed3-941e-dd1e-cb8c-4d34d103f370" executionId="d872807b-372e-4a76-8e24-810c4b64ffc7" testListId="8c84fa94-04c1-424b-9868-57a2d4851a1d" />
    <TestEntry testId="ab274dac-b194-4e0f-6fab-a20667b535a8" executionId="cdb36646-424b-4e81-b16c-8b6918cf49e8" testListId="8c84fa94-04c1-424b-9868-57a2d4851a1d" />
    <TestEntry testId="bd43e66e-fbae-26eb-a9a1-c58a6bf5d7af" executionId="24d236ff-9e2e-4132-a0ba-820dedd52f94" testListId="8c84fa94-04c1-424b-9868-57a2d4851a1d" />
    <TestEntry testId="1340b308-d9eb-a26e-e042-04d6c1d9a958" executionId="39aee00a-31a1-42d9-bab6-70ecc3f0787e" testListId="8c84fa94-04c1-424b-9868-57a2d4851a1d" />
    <TestEntry testId="f752d50b-77fa-327a-4493-168161bd27b2" executionId="b9ed1ddf-c856-4d47-8613-a49d7f0f70eb" testListId="8c84fa94-04c1-424b-9868-57a2d4851a1d" />
    <TestEntry testId="19f76070-822e-31f8-2a9f-a96f774333a7" executionId="19260507-4f95-4189-992f-85b38bc436e5" testListId="8c84fa94-04c1-424b-9868-57a2d4851a1d" />
    <TestEntry testId="17a38df3-33e0-71ac-f8cb-dcdd3ade7269" executionId="7b895a48-3b6e-4ae7-83ce-af6d9d786871" testListId="8c84fa94-04c1-424b-9868-57a2d4851a1d" />
    <TestEntry testId="4a2e80a7-472b-b7f7-ba61-ac77aed5735d" executionId="d1ae23dd-c3e7-4c8e-97e2-380e8a48f4e5" testListId="8c84fa94-04c1-424b-9868-57a2d4851a1d" />
    <TestEntry testId="04cb4b72-edc8-fe06-49e1-217ed503eff8" executionId="95aa9e84-c673-4d75-b361-53afd89ded2d" testListId="8c84fa94-04c1-424b-9868-57a2d4851a1d" />
    <TestEntry testId="d7c20db6-f712-8539-ac01-01e8f4033fac" executionId="00ba758f-636c-4a62-936a-7878379de5e0" testListId="8c84fa94-04c1-424b-9868-57a2d4851a1d" />
    <TestEntry testId="e8138724-52f6-6999-ada4-cbc441f2cd15" executionId="182949a9-f047-43cb-bc97-9e8c1b808268" testListId="8c84fa94-04c1-424b-9868-57a2d4851a1d" />
    <TestEntry testId="a1095294-226e-a0f0-0154-11290289c9db" executionId="99bc8c14-eabc-44e3-9389-cae3e09d31d0" testListId="8c84fa94-04c1-424b-9868-57a2d4851a1d" />
    <TestEntry testId="78100b1f-11c5-b9a9-157c-80c938e7669a" executionId="0527d208-1b51-46c2-841f-53bee718bec9" testListId="8c84fa94-04c1-424b-9868-57a2d4851a1d" />
    <TestEntry testId="688a191d-5b56-481f-5739-c5e4f9181418" executionId="43a6bf96-d116-4b14-8692-e9e29b09f174" testListId="8c84fa94-04c1-424b-9868-57a2d4851a1d" />
    <TestEntry testId="6fc389b2-a5f3-ded0-63b6-7e1b4cca8442" executionId="a73fd62e-a7bb-48ac-b62d-25bed54f80b0" testListId="8c84fa94-04c1-424b-9868-57a2d4851a1d" />
    <TestEntry testId="4184a91b-5297-4872-2a98-1ef97e124515" executionId="383f898b-d6e5-41b4-8038-436149c54ec2" testListId="8c84fa94-04c1-424b-9868-57a2d4851a1d" />
    <TestEntry testId="53cbdd8e-a1ef-5d22-8745-938609ed19c2" executionId="897b445c-c8b6-4c2c-a42a-bed945ccbad5" testListId="8c84fa94-04c1-424b-9868-57a2d4851a1d" />
    <TestEntry testId="bf48e581-43e6-7660-c4f4-1b7deb1f0ed9" executionId="5f054e31-65b2-4b43-8acb-f5ed63cff7d4" testListId="8c84fa94-04c1-424b-9868-57a2d4851a1d" />
    <TestEntry testId="1f173fff-9060-8c18-f825-225901225244" executionId="9acb5e7d-7905-42a8-88a8-334d1b1685fa" testListId="8c84fa94-04c1-424b-9868-57a2d4851a1d" />
    <TestEntry testId="e9d3a3d6-32e0-613e-b55e-48afdf1ab686" executionId="002a739f-d4ce-43c7-ad70-a7e2cf43f6bd" testListId="8c84fa94-04c1-424b-9868-57a2d4851a1d" />
    <TestEntry testId="46cc46f0-c0e1-f3e6-2242-cdef90a4249a" executionId="421598e4-931d-4886-b1b8-7e789ff510b2" testListId="8c84fa94-04c1-424b-9868-57a2d4851a1d" />
    <TestEntry testId="5517211d-203c-115f-7dc1-6f48da8ab75b" executionId="ab0feeba-1752-48a3-92e7-c6bff19af9d5" testListId="8c84fa94-04c1-424b-9868-57a2d4851a1d" />
    <TestEntry testId="bf8f6922-5666-8ec7-1500-aabd5997d6a4" executionId="50efccab-d2f2-4061-9d26-a3cdced60ad6" testListId="8c84fa94-04c1-424b-9868-57a2d4851a1d" />
    <TestEntry testId="320700ce-aa3b-5818-fb18-706cf7605472" executionId="39cbb101-bba6-4576-9ac1-a0e756941578" testListId="8c84fa94-04c1-424b-9868-57a2d4851a1d" />
    <TestEntry testId="30809299-0e3e-4ac7-4a2a-6f8c296d2226" executionId="2a0a070e-4e1f-4b47-a530-cad24092cee4" testListId="8c84fa94-04c1-424b-9868-57a2d4851a1d" />
    <TestEntry testId="65b9c427-b5ec-99b4-199a-0093cd460501" executionId="0e05512a-c4f3-4c63-914d-b754c903fc5d" testListId="8c84fa94-04c1-424b-9868-57a2d4851a1d" />
    <TestEntry testId="ae09f98c-257a-b9e5-5b0b-16344b7adf1c" executionId="d83aed21-904d-468c-9102-0d84148c307b" testListId="8c84fa94-04c1-424b-9868-57a2d4851a1d" />
    <TestEntry testId="161f5d07-7835-e575-5072-b9d787ef451c" executionId="d5c0cfc5-b3a9-44eb-bee3-d39650546aed" testListId="8c84fa94-04c1-424b-9868-57a2d4851a1d" />
    <TestEntry testId="0d35441f-72fe-a777-509f-6a19632f972a" executionId="46ed11d0-c588-4263-b9f7-04c057ed154f" testListId="8c84fa94-04c1-424b-9868-57a2d4851a1d" />
    <TestEntry testId="1064d8aa-5d0e-6bf5-83ee-952a4d1fd93b" executionId="cf0b56f7-526e-4da4-b05f-115d4a37a6b4" testListId="8c84fa94-04c1-424b-9868-57a2d4851a1d" />
    <TestEntry testId="86b92527-4d52-052b-63ae-d9a8aa694919" executionId="89c3d028-eb54-4dbc-8441-e7bc6eb63984" testListId="8c84fa94-04c1-424b-9868-57a2d4851a1d" />
    <TestEntry testId="7c679bcb-7a59-8751-0063-1ef6e07cb160" executionId="6ab255b0-cba7-4d8a-81b8-bdaa1c349fc1" testListId="8c84fa94-04c1-424b-9868-57a2d4851a1d" />
    <TestEntry testId="96f263a8-e1d9-0070-21ba-583144d2d030" executionId="9c023d2f-2c7c-4838-b9fd-64b75ce3c618" testListId="8c84fa94-04c1-424b-9868-57a2d4851a1d" />
    <TestEntry testId="a0ed43cd-0648-ddf9-c80e-52c6889ee049" executionId="3128ec59-94bd-45f5-ba36-0176966fe90e" testListId="8c84fa94-04c1-424b-9868-57a2d4851a1d" />
    <TestEntry testId="ab527057-69f2-0a9a-89fd-18928a3920fd" executionId="e007a022-d004-4529-a12e-1e74558ad3f6" testListId="8c84fa94-04c1-424b-9868-57a2d4851a1d" />
    <TestEntry testId="8c1d1a56-be42-3df5-a82e-36b97c2860b8" executionId="27dbe00a-dc2d-4957-8f61-7b07ae2204c3" testListId="8c84fa94-04c1-424b-9868-57a2d4851a1d" />
    <TestEntry testId="7be8a004-8e29-0f01-8ada-f15377193150" executionId="2316159c-b08b-42d8-b740-87444d5d3b8f" testListId="8c84fa94-04c1-424b-9868-57a2d4851a1d" />
    <TestEntry testId="7dc20d31-477c-3765-83c0-7575a504da96" executionId="1642e075-de0f-4b21-9d7c-9ce86bc3fe6e" testListId="8c84fa94-04c1-424b-9868-57a2d4851a1d" />
    <TestEntry testId="334e3485-05b4-4549-cacd-aef8fff10757" executionId="491a7308-813f-4a16-a96c-67e3b79d3821" testListId="8c84fa94-04c1-424b-9868-57a2d4851a1d" />
    <TestEntry testId="e9b23f0c-0cde-4603-1739-ee642fd33c36" executionId="a7ba06be-ce69-4cce-91d0-92cff8071209" testListId="8c84fa94-04c1-424b-9868-57a2d4851a1d" />
    <TestEntry testId="04084e8e-c859-4ef5-e2a7-4fb2803cb2a3" executionId="549668c7-070f-4826-9047-fb4ce8b51850" testListId="8c84fa94-04c1-424b-9868-57a2d4851a1d" />
    <TestEntry testId="db5f34ff-df7c-44e5-6721-c319db8d6da0" executionId="d68e4ea7-98f0-4074-906d-ab4666c8316c" testListId="8c84fa94-04c1-424b-9868-57a2d4851a1d" />
    <TestEntry testId="29112d2a-2e73-305d-ec50-12fc95c28627" executionId="a539633f-b3d2-4cb4-a403-7693f5926902" testListId="8c84fa94-04c1-424b-9868-57a2d4851a1d" />
    <TestEntry testId="87c5dbd3-fd2a-1e49-42e5-8dc78affc8d6" executionId="1eeb38c2-082f-4835-b490-5030c3304bb0" testListId="8c84fa94-04c1-424b-9868-57a2d4851a1d" />
    <TestEntry testId="c1b9482d-5008-2226-29f4-9800d3a2b340" executionId="81c3ece5-7782-4f51-8dea-68caf65ab8d6" testListId="8c84fa94-04c1-424b-9868-57a2d4851a1d" />
    <TestEntry testId="07d50dfb-3195-c832-23d2-97ae667f2010" executionId="d4ec495b-b94c-4ed3-813c-b7bf7113b8c7" testListId="8c84fa94-04c1-424b-9868-57a2d4851a1d" />
    <TestEntry testId="34931354-7c25-7812-28fe-96ea501746b4" executionId="b5c6fd90-569a-415e-9fdf-049362721d34" testListId="8c84fa94-04c1-424b-9868-57a2d4851a1d" />
    <TestEntry testId="1c5fe271-1e90-52f5-1f31-436b17e57702" executionId="93b35259-c2b6-479c-997e-cd639ffced8f" testListId="8c84fa94-04c1-424b-9868-57a2d4851a1d" />
    <TestEntry testId="432377b9-b0ad-9a2a-6dc2-e1069e73c449" executionId="6091271a-8b9b-4f12-9cc5-865e66db2fb7" testListId="8c84fa94-04c1-424b-9868-57a2d4851a1d" />
    <TestEntry testId="1b969e76-d97c-c639-c377-a41796fbb2c3" executionId="6985a08e-b1c0-44e6-a1be-3b799477b682" testListId="8c84fa94-04c1-424b-9868-57a2d4851a1d" />
    <TestEntry testId="c09577a6-adca-ef94-40b5-45575ad65e4f" executionId="d1e5b1bf-cbbf-4d60-8109-c4d176458fcd" testListId="8c84fa94-04c1-424b-9868-57a2d4851a1d" />
    <TestEntry testId="c63cd623-e636-5730-a1fa-b18ae782acc7" executionId="0c2dad8e-23a4-4599-9305-247ae59c47c2" testListId="8c84fa94-04c1-424b-9868-57a2d4851a1d" />
    <TestEntry testId="605637df-9854-875b-b3aa-6675f3fbd045" executionId="23aa6c12-8b6c-422f-a016-4a35276b7d78" testListId="8c84fa94-04c1-424b-9868-57a2d4851a1d" />
    <TestEntry testId="1f6423c7-4317-6f5b-c112-f4c9c7e822af" executionId="d3fdd7bc-fbd6-4ac5-83e4-374ce6caf508" testListId="8c84fa94-04c1-424b-9868-57a2d4851a1d" />
    <TestEntry testId="459f13f4-e266-2f20-5c30-d2c64797095d" executionId="acafd3ed-f3fa-4035-b9b8-ba53b4b52ff8" testListId="8c84fa94-04c1-424b-9868-57a2d4851a1d" />
    <TestEntry testId="e608205e-4953-e9a3-1956-895ed42ab083" executionId="a4d5f9c5-bd6c-46bf-9c37-cd3e1ae3f78f" testListId="8c84fa94-04c1-424b-9868-57a2d4851a1d" />
    <TestEntry testId="8a5cc6e0-e73e-2131-64bd-e73fc6c2a32e" executionId="ed8b0cca-9aac-4ee7-a18e-19d2ad14c90c" testListId="8c84fa94-04c1-424b-9868-57a2d4851a1d" />
    <TestEntry testId="43c10c64-8836-30db-afbe-d1657a7dd9d8" executionId="ddee4561-dda6-496c-982c-90492e6712d8" testListId="8c84fa94-04c1-424b-9868-57a2d4851a1d" />
    <TestEntry testId="e93b141b-fdfd-0f98-21e5-3eb211b6e88b" executionId="818cfffc-9e27-4138-803a-9f2a0e358e0e" testListId="8c84fa94-04c1-424b-9868-57a2d4851a1d" />
    <TestEntry testId="34e0940c-fc9c-71db-fc18-7d52ee8761a0" executionId="f99213b0-9362-4335-a142-e592704e9888" testListId="8c84fa94-04c1-424b-9868-57a2d4851a1d" />
    <TestEntry testId="3721d3c1-7c03-ad84-143f-64bfeb5b314e" executionId="461a1d43-8846-4e9f-bfdf-bfad0c609abf" testListId="8c84fa94-04c1-424b-9868-57a2d4851a1d" />
    <TestEntry testId="678a7b5d-e2f9-09be-f35f-0e3e4d5ad033" executionId="079d42a6-48d1-4d9c-af5c-bcc93ac5d9ac" testListId="8c84fa94-04c1-424b-9868-57a2d4851a1d" />
    <TestEntry testId="c8fd6d3c-b723-929b-f175-dbdc2a7be855" executionId="5e1ccc55-13b2-4d10-b0b0-d5244ecf7588" testListId="8c84fa94-04c1-424b-9868-57a2d4851a1d" />
    <TestEntry testId="ac572b27-5286-68a4-5380-d7de82fbf69a" executionId="25f211a7-c4ee-423c-95ca-3db82afceeb0" testListId="8c84fa94-04c1-424b-9868-57a2d4851a1d" />
    <TestEntry testId="5385d994-9594-6052-11cb-73f8d2344981" executionId="8aa033ec-ba90-4499-9c7e-0e7e33230665" testListId="8c84fa94-04c1-424b-9868-57a2d4851a1d" />
    <TestEntry testId="c180eeb5-df7f-187e-c74d-0f6d31acdec5" executionId="5e27c979-9ee9-4701-bfe7-8cdf7caca222" testListId="8c84fa94-04c1-424b-9868-57a2d4851a1d" />
    <TestEntry testId="bb347f18-44ab-0d77-d5bd-a671e4c37650" executionId="fe4ee627-4bcc-4746-b3b5-1c29336085c7" testListId="8c84fa94-04c1-424b-9868-57a2d4851a1d" />
    <TestEntry testId="0f697beb-b7a4-6aa6-9017-b57feeb9ba7f" executionId="0f99c794-3282-42cd-8252-95b93a45c55e" testListId="8c84fa94-04c1-424b-9868-57a2d4851a1d" />
    <TestEntry testId="9b5f9705-0df5-3b21-5e23-e11b68721fd4" executionId="95880b10-1535-41f6-a394-bd4ce7d4982b" testListId="8c84fa94-04c1-424b-9868-57a2d4851a1d" />
    <TestEntry testId="2e87c537-4979-f58b-6e83-f3d4ee161ff1" executionId="87878d05-6659-4387-bba3-586b5574b504" testListId="8c84fa94-04c1-424b-9868-57a2d4851a1d" />
    <TestEntry testId="7c09a438-5465-f760-64b2-23d25fc199f5" executionId="0e1cdfde-16aa-4c94-b04f-bc622ce86bed" testListId="8c84fa94-04c1-424b-9868-57a2d4851a1d" />
    <TestEntry testId="0b1e4893-9444-2235-b7fa-3782f9932212" executionId="2c4565ff-429b-46a6-b92a-e3d5af0438db" testListId="8c84fa94-04c1-424b-9868-57a2d4851a1d" />
    <TestEntry testId="1761ee10-7c34-b565-b889-1885bffe91c3" executionId="0f9ab5f3-e034-4ead-ac96-6d396b842ad5" testListId="8c84fa94-04c1-424b-9868-57a2d4851a1d" />
    <TestEntry testId="f828057e-351a-48b7-0028-e57f15c7217e" executionId="52fe0564-47d2-4ee7-9ab1-726e9a5a3376" testListId="8c84fa94-04c1-424b-9868-57a2d4851a1d" />
    <TestEntry testId="c2d3c8df-32e7-92dc-91f8-057e8c4da6b9" executionId="a14c6888-2993-4e72-80f7-12a138766328" testListId="8c84fa94-04c1-424b-9868-57a2d4851a1d" />
    <TestEntry testId="55f84516-b3d2-35a4-2f3f-b6558c160cb1" executionId="995852e2-47b3-49c1-b164-d2aae00b14f0" testListId="8c84fa94-04c1-424b-9868-57a2d4851a1d" />
    <TestEntry testId="bc6955b8-aec0-957c-bad4-853e5cfa19a1" executionId="ac19fe91-7f07-4d60-b5e6-def3d5de59e8" testListId="8c84fa94-04c1-424b-9868-57a2d4851a1d" />
    <TestEntry testId="50bab7c1-daec-6ad7-fb8a-d46e02e1508d" executionId="e03ff670-9410-4d2c-96fc-7cd6f901bddf" testListId="8c84fa94-04c1-424b-9868-57a2d4851a1d" />
    <TestEntry testId="66f7bc12-fe2b-fd81-3cbf-5bc4840aa6f8" executionId="84d97ea0-7c1a-4fe7-9109-1cd78bfcb704" testListId="8c84fa94-04c1-424b-9868-57a2d4851a1d" />
    <TestEntry testId="e53d2439-2080-43bd-e38b-a60253b60af1" executionId="493960cc-abaa-43c1-a812-24e46208d3a6" testListId="8c84fa94-04c1-424b-9868-57a2d4851a1d" />
    <TestEntry testId="13bab721-bf36-ea1b-3f50-9937b274e83a" executionId="eb8aac8e-970f-4efc-a009-028888c9d5c6" testListId="8c84fa94-04c1-424b-9868-57a2d4851a1d" />
    <TestEntry testId="3e6d6aa9-9b6d-dd96-b54c-49f88780a2b4" executionId="0fe36b78-f11a-4fe8-973c-ccfbb2237722" testListId="8c84fa94-04c1-424b-9868-57a2d4851a1d" />
    <TestEntry testId="10024a68-25d4-872c-3e48-a6d6b2671494" executionId="1e5ba84b-4085-465c-9f69-e22e73131b5b" testListId="8c84fa94-04c1-424b-9868-57a2d4851a1d" />
    <TestEntry testId="ede15cdf-3d1b-3e1a-18dc-485a2d50fe42" executionId="14b7cf23-5ea6-4bb7-96f8-06a4660a2f03" testListId="8c84fa94-04c1-424b-9868-57a2d4851a1d" />
    <TestEntry testId="209cbba1-d5fa-4810-2cb6-ee92ce2e109d" executionId="454aecf1-5a0a-4cf1-a755-fa017b12baba" testListId="8c84fa94-04c1-424b-9868-57a2d4851a1d" />
    <TestEntry testId="65b9b71b-a8d5-2a7d-a8a7-0e3a015e6b68" executionId="22b51468-8868-41c9-acac-2aad342812f0" testListId="8c84fa94-04c1-424b-9868-57a2d4851a1d" />
    <TestEntry testId="9eeef095-29ed-4872-a36c-ca4832350421" executionId="fce72e36-21f6-4af1-aacd-98a855599ce7" testListId="8c84fa94-04c1-424b-9868-57a2d4851a1d" />
    <TestEntry testId="9064672f-1220-7bc0-f2b0-c66c74cccc5e" executionId="09f71974-fa54-490a-96b7-b92498bc6525" testListId="8c84fa94-04c1-424b-9868-57a2d4851a1d" />
    <TestEntry testId="a95f665c-aa8d-208d-902c-60a464250c99" executionId="c09ed02b-d8ac-4f11-928b-9ab2d4b8de33" testListId="8c84fa94-04c1-424b-9868-57a2d4851a1d" />
    <TestEntry testId="f0f37a42-1a3a-10a5-5f17-e01b9915abd3" executionId="3c521024-c790-46e2-b1ae-98715d40e08d" testListId="8c84fa94-04c1-424b-9868-57a2d4851a1d" />
    <TestEntry testId="801afd1a-5f3d-0d0c-471a-96452bf5bc35" executionId="e6f0ae17-e7e1-4500-95a1-e7d2de9f11af" testListId="8c84fa94-04c1-424b-9868-57a2d4851a1d" />
    <TestEntry testId="118e36ba-6572-1245-e05b-9bcc7b4e5e20" executionId="453f7090-4ec0-44a5-b6bc-c7e8a6f7fb9e" testListId="8c84fa94-04c1-424b-9868-57a2d4851a1d" />
    <TestEntry testId="3f0bf65d-a3af-41bf-ac79-126a0efc4fd4" executionId="8baec816-6121-404a-91b0-ca2838719d1f" testListId="8c84fa94-04c1-424b-9868-57a2d4851a1d" />
    <TestEntry testId="bc15aa99-72de-0e5a-b6e8-2d654659d591" executionId="62d41c7a-1391-4606-9a9c-c29a8e32efa3" testListId="8c84fa94-04c1-424b-9868-57a2d4851a1d" />
    <TestEntry testId="71a1897b-b713-c047-1c23-5efdff095b20" executionId="cbd3ae62-e994-4868-b789-b74b83eb5748" testListId="8c84fa94-04c1-424b-9868-57a2d4851a1d" />
    <TestEntry testId="a75e991f-5e03-3949-85d6-afa1f14455d4" executionId="2f0a7c76-22f8-4909-8c38-e712aab8280b" testListId="8c84fa94-04c1-424b-9868-57a2d4851a1d" />
    <TestEntry testId="27cc1a96-8264-8762-05bc-aa63ccb155d7" executionId="07207a41-c5cb-4b9f-be4c-771ab38c1c8d" testListId="8c84fa94-04c1-424b-9868-57a2d4851a1d" />
    <TestEntry testId="40108f40-2761-0a89-d16d-ad113b5f3dd5" executionId="8e4a68af-f80d-40d1-adc0-8220e7490e7c" testListId="8c84fa94-04c1-424b-9868-57a2d4851a1d" />
    <TestEntry testId="7384e2f6-7a7f-d462-78fa-5bf7f49c326a" executionId="1afdbdd0-6d05-413b-80a0-7a0203477251" testListId="8c84fa94-04c1-424b-9868-57a2d4851a1d" />
    <TestEntry testId="b51b5293-5162-7db8-79c0-6e7b6f1c51a5" executionId="6399a8c8-b416-4cd5-83b0-936ab8a68ef6" testListId="8c84fa94-04c1-424b-9868-57a2d4851a1d" />
    <TestEntry testId="0696fab6-6d9f-2b85-4a73-248fbd1cdda4" executionId="db980553-9eeb-45c8-a922-545c144b2060" testListId="8c84fa94-04c1-424b-9868-57a2d4851a1d" />
    <TestEntry testId="42ded375-26ee-044e-44a7-9eab5e4cd342" executionId="9590bfd5-8f66-4589-acc1-0c920bb12cf6" testListId="8c84fa94-04c1-424b-9868-57a2d4851a1d" />
    <TestEntry testId="69b6ed05-fdf2-6989-0583-109b4777a6ac" executionId="4bd98f33-eb56-4c93-a071-beaf82634657" testListId="8c84fa94-04c1-424b-9868-57a2d4851a1d" />
    <TestEntry testId="cd004a9f-a0f6-2fdf-aeae-1890f4ab8e71" executionId="1bb3d334-48b4-4d56-9bde-0cee470ed8b7" testListId="8c84fa94-04c1-424b-9868-57a2d4851a1d" />
    <TestEntry testId="c330741e-ad40-618c-36cc-508c135d2b95" executionId="40817741-13ae-4189-aa0f-271a90c4589b" testListId="8c84fa94-04c1-424b-9868-57a2d4851a1d" />
    <TestEntry testId="4ff63349-9eef-ad1f-85cf-a84cda1ff120" executionId="0435e319-2a4c-4446-86b8-240ccaa2b179" testListId="8c84fa94-04c1-424b-9868-57a2d4851a1d" />
    <TestEntry testId="5bee9d0e-89de-7b6d-4317-0a11342b1d29" executionId="1f485642-88e9-4639-8db8-8ae8fc2e473e" testListId="8c84fa94-04c1-424b-9868-57a2d4851a1d" />
    <TestEntry testId="98331ff8-6ed1-e7ba-c8dd-be5bd5b6cb2c" executionId="8e712eaf-8aae-435d-a33d-ffabe41414a8" testListId="8c84fa94-04c1-424b-9868-57a2d4851a1d" />
    <TestEntry testId="4ead3f79-a54e-1b96-838c-d0c2f491cb0d" executionId="f566ad61-6bd4-491a-95ca-e489e88300e1" testListId="8c84fa94-04c1-424b-9868-57a2d4851a1d" />
    <TestEntry testId="b871cd27-681f-8d07-6c2a-809341ba2909" executionId="e0d4e81a-3763-438a-88cc-5dba2ff03c41" testListId="8c84fa94-04c1-424b-9868-57a2d4851a1d" />
    <TestEntry testId="0ee8121e-b492-a57d-d072-de988a4e30f8" executionId="8a740c25-4ac5-4f6a-9079-8e5a67fe20b9" testListId="8c84fa94-04c1-424b-9868-57a2d4851a1d" />
    <TestEntry testId="15fe55e5-cdce-6280-ea15-ef777735767c" executionId="3981fdb6-313a-4f1b-8ecf-6d1d7c9d68c8" testListId="8c84fa94-04c1-424b-9868-57a2d4851a1d" />
    <TestEntry testId="f8b74494-d277-7173-e694-2a4d463a4607" executionId="cca0088b-79ef-419d-abc5-7f22dc3148a3" testListId="8c84fa94-04c1-424b-9868-57a2d4851a1d" />
    <TestEntry testId="7daaba64-d3ad-9109-43bf-bdb516b673b8" executionId="cacdc63e-07d4-4b90-bcfb-4b4a42a228f5" testListId="8c84fa94-04c1-424b-9868-57a2d4851a1d" />
    <TestEntry testId="74c0befe-cdb2-1fdf-be71-2a39199bb5c9" executionId="1669fe2b-a1df-4184-945a-551a7110fba9" testListId="8c84fa94-04c1-424b-9868-57a2d4851a1d" />
    <TestEntry testId="8dccdb77-e6a8-58c6-9bd0-108f87c5ff65" executionId="2a7809d8-b31e-4df6-ad55-471b81c3fb75" testListId="8c84fa94-04c1-424b-9868-57a2d4851a1d" />
    <TestEntry testId="f2debf4a-2a42-7b0b-1005-8f74a6fc63cb" executionId="621b8edf-6904-4163-a304-e8e6ea28f6aa" testListId="8c84fa94-04c1-424b-9868-57a2d4851a1d" />
    <TestEntry testId="e0f7dcd9-f363-be9c-de11-457f6a575bee" executionId="07eb8c0c-f9fe-4dab-9fdd-4d9e887d938d" testListId="8c84fa94-04c1-424b-9868-57a2d4851a1d" />
    <TestEntry testId="e37f41d3-77a8-1acd-c258-fbb5b724b134" executionId="515069af-c3cc-416d-947b-e7ffafb5bcff" testListId="8c84fa94-04c1-424b-9868-57a2d4851a1d" />
    <TestEntry testId="a272f84c-2bd5-daa4-4afe-22346b802f86" executionId="9a568513-a4ea-47ff-b7a2-08afa203f65a" testListId="8c84fa94-04c1-424b-9868-57a2d4851a1d" />
    <TestEntry testId="ee30e1f9-ce80-c70a-1b56-b7e02750ae26" executionId="2b14ed81-9321-4dc4-86b0-7aa0620deb7c" testListId="8c84fa94-04c1-424b-9868-57a2d4851a1d" />
    <TestEntry testId="5fda35dc-4db7-2169-9391-a6295d2ec5fd" executionId="1ebfeed5-772c-4fc0-acf3-dcbf99e0b915" testListId="8c84fa94-04c1-424b-9868-57a2d4851a1d" />
    <TestEntry testId="845c887e-a785-555d-db89-1c2975a33bbb" executionId="d35f31a0-4fee-4b6d-a91f-a926abc6f89e" testListId="8c84fa94-04c1-424b-9868-57a2d4851a1d" />
    <TestEntry testId="26cc48e2-5e82-bc12-cf41-e3a984599b8d" executionId="806dd7af-02d6-4e71-a9ab-8b6d847c0663" testListId="8c84fa94-04c1-424b-9868-57a2d4851a1d" />
    <TestEntry testId="220e18c9-f841-c623-c1aa-300e190b4f6d" executionId="23cd47bb-c2cb-4faa-9c4f-061eb4c091b1" testListId="8c84fa94-04c1-424b-9868-57a2d4851a1d" />
    <TestEntry testId="ffa669f9-8e25-a33b-f8f7-c3ba4a576a2b" executionId="42c29fe1-5800-49b3-907f-ce9cdef2c6ea" testListId="8c84fa94-04c1-424b-9868-57a2d4851a1d" />
    <TestEntry testId="7a313c49-8adc-98e3-cdda-86b900f0ade6" executionId="dc8fa09f-70b1-4a9b-b5ff-07b5b58eea9a" testListId="8c84fa94-04c1-424b-9868-57a2d4851a1d" />
    <TestEntry testId="640513b3-feee-19a8-efba-5817e77ff3ee" executionId="53c95486-ecae-4268-8555-1211c2719ef7" testListId="8c84fa94-04c1-424b-9868-57a2d4851a1d" />
    <TestEntry testId="3443f7f5-ee1a-f375-e5b1-f7ffa940c0db" executionId="89921a4e-9782-4d60-8c73-2bc8f4233e2d" testListId="8c84fa94-04c1-424b-9868-57a2d4851a1d" />
    <TestEntry testId="a6625fb0-1b80-148b-87dc-9cf616e5e84d" executionId="33eeaa36-70f3-419d-8f35-631e63e18bd1" testListId="8c84fa94-04c1-424b-9868-57a2d4851a1d" />
    <TestEntry testId="2aceb911-de9d-b2eb-c8db-f6b3f880216f" executionId="85f07766-54e7-4229-9833-197b132be2dc" testListId="8c84fa94-04c1-424b-9868-57a2d4851a1d" />
    <TestEntry testId="856fd0c8-b6f8-9265-ccfd-2a9e615488e2" executionId="da931d8a-026b-4c1f-907c-35e1863d3016" testListId="8c84fa94-04c1-424b-9868-57a2d4851a1d" />
    <TestEntry testId="21ae5425-e2d1-002f-334f-105a6a674a01" executionId="b6c22d73-1da0-4b8f-b187-29829421176c" testListId="8c84fa94-04c1-424b-9868-57a2d4851a1d" />
    <TestEntry testId="64bc1554-814c-3c40-a6b0-679b40b89c36" executionId="38b31219-d49f-4feb-a295-08573c91f5b8" testListId="8c84fa94-04c1-424b-9868-57a2d4851a1d" />
    <TestEntry testId="c87d842d-198f-fc52-0a70-418a5e5378ab" executionId="83c7810b-7a46-4ecf-994f-bf07ff539f61" testListId="8c84fa94-04c1-424b-9868-57a2d4851a1d" />
    <TestEntry testId="aaa46586-7b83-9a88-e835-ae92592f98a3" executionId="fef3a219-4db6-42c0-bda4-2abe62e99527" testListId="8c84fa94-04c1-424b-9868-57a2d4851a1d" />
    <TestEntry testId="5e237822-3b9d-da27-9221-3ae1f5eb15b0" executionId="b560dc35-1a11-4f74-9122-10a3dfe92ccb" testListId="8c84fa94-04c1-424b-9868-57a2d4851a1d" />
    <TestEntry testId="31ff6168-d18d-0013-7c18-0ff775714202" executionId="11feb265-742e-4843-9322-a0ca0a62a39e" testListId="8c84fa94-04c1-424b-9868-57a2d4851a1d" />
    <TestEntry testId="225c09bd-86d5-d9ce-d2b8-18431ca384e3" executionId="0f1d44e2-daa9-4956-b565-7a18c3c55d64" testListId="8c84fa94-04c1-424b-9868-57a2d4851a1d" />
    <TestEntry testId="a1bc7e0c-887e-9227-4221-29241607dc12" executionId="360413e6-219c-4657-b712-ea8f2442ec10" testListId="8c84fa94-04c1-424b-9868-57a2d4851a1d" />
    <TestEntry testId="6bd61990-78b5-76ea-0df5-0c13c388bdc0" executionId="0ed192b3-9fe1-4049-a2f5-fec20b2b6b5a" testListId="8c84fa94-04c1-424b-9868-57a2d4851a1d" />
    <TestEntry testId="1237bc5f-42ea-8c7f-8602-051620acda95" executionId="2fb54ae1-57e1-4acf-955d-740cca6bfbae" testListId="8c84fa94-04c1-424b-9868-57a2d4851a1d" />
  </TestEntries>
  <TestLists>
    <TestList name="Resultados sin formato de lista" id="8c84fa94-04c1-424b-9868-57a2d4851a1d" />
    <TestList name="Todos los resultados cargados" id="19431567-8539-422a-85d7-44ee4e166bda" />
  </TestLists>
  <ResultSummary outcome="Completed">
    <Counters total="334" executed="334" passed="334" failed="0" error="0" timeout="0" aborted="0" inconclusive="0" passedButRunAborted="0" notRunnable="0" notExecuted="0" disconnected="0" warning="0" completed="0" inProgress="0" pending="0" />
  </ResultSummary>
</TestRun>