<?xml version="1.0" encoding="utf-8"?>
<TestRun id="f32adf2a-30d8-4758-8c2d-f18b59733b44" name="sferrari@PC-SFERRARI 2020-09-05 15:01:32" runUser="PC-SFERRARI\sferrari" xmlns="http://microsoft.com/schemas/VisualStudio/TeamTest/2010">
  <Times creation="2020-09-05T15:01:32.2342796+01:00" queuing="2020-09-05T15:01:32.2342796+01:00" start="2020-09-05T15:01:30.4460601+01:00" finish="2020-09-05T15:01:32.2392659+01:00" />
  <TestSettings name="default" id="0d87adf3-b41d-49fe-8631-5d0450efb0ae">
    <Deployment runDeploymentRoot="sferrari_PC-SFERRARI_2020-09-05_15_01_32" />
  </TestSettings>
  <Results>
    <UnitTestResult executionId="a040618b-21d0-49fe-82b9-0c8e9e92964b" testId="ed5873dc-c85c-c569-8e5a-2cc0aa02adb8" testName="IsCustom_Passing_InvalidArguments_Returns_HasErrorsAndCount" computerName="PC-SFERRARI" duration="00:00:00.0562034" startTime="2020-09-05T15:01:31.8865249+01:00" endTime="2020-09-05T15:01:32.0453884+01:00" testType="13cdc9d9-ddb5-4fa4-a97d-d965ccfc6d4b" outcome="Passed" testListId="8c84fa94-04c1-424b-9868-57a2d4851a1d" relativeResultsDirectory="a040618b-21d0-49fe-82b9-0c8e9e92964b" />
  </Results>
  <TestDefinitions>
    <UnitTest name="IsCustom_Passing_InvalidArguments_Returns_HasErrorsAndCount" storage="d:\sferrari\01 - trabajo\repos\netcore\template-netcore-shared\kitpymes.core.shared.tests\bin\debug\netcoreapp3.0\kitpymes.core.shared.tests.dll" id="ed5873dc-c85c-c569-8e5a-2cc0aa02adb8">
      <Execution id="a040618b-21d0-49fe-82b9-0c8e9e92964b" />
      <TestMethod codeBase="D:\SFERRARI\01 - TRABAJO\REPOS\netcore\template-netcore-shared\Kitpymes.Core.Shared.Tests\bin\Debug\netcoreapp3.0\Kitpymes.Core.Shared.Tests.dll" adapterTypeName="executor://mstestadapter/v2" className="Kitpymes.Core.Shared.Utilities.Tests.CheckTests" name="IsCustom_Passing_InvalidArguments_Returns_HasErrorsAndCount" />
    </UnitTest>
  </TestDefinitions>
  <TestEntries>
    <TestEntry testId="ed5873dc-c85c-c569-8e5a-2cc0aa02adb8" executionId="a040618b-21d0-49fe-82b9-0c8e9e92964b" testListId="8c84fa94-04c1-424b-9868-57a2d4851a1d" />
  </TestEntries>
  <TestLists>
    <TestList name="Resultados sin formato de lista" id="8c84fa94-04c1-424b-9868-57a2d4851a1d" />
    <TestList name="Todos los resultados cargados" id="19431567-8539-422a-85d7-44ee4e166bda" />
  </TestLists>
  <ResultSummary outcome="Completed">
    <Counters total="1" executed="1" passed="1" failed="0" error="0" timeout="0" aborted="0" inconclusive="0" passedButRunAborted="0" notRunnable="0" notExecuted="0" disconnected="0" warning="0" completed="0" inProgress="0" pending="0" />
  </ResultSummary>
</TestRun>