<?xml version="1.0" encoding="utf-8"?>
<TestRun id="13096df7-bdc5-49c1-a827-ac85f937b61e" name="sferrari@PC-SFERRARI 2020-09-06 10:39:37" runUser="PC-SFERRARI\sferrari" xmlns="http://microsoft.com/schemas/VisualStudio/TeamTest/2010">
  <Times creation="2020-09-06T10:39:37.6986625+01:00" queuing="2020-09-06T10:39:37.6986625+01:00" start="2020-09-06T10:39:34.8363149+01:00" finish="2020-09-06T10:39:42.8179782+01:00" />
  <TestSettings name="default" id="ba5ef22e-3de4-4d1e-9d5c-43a34fb29810">
    <Deployment runDeploymentRoot="sferrari_PC-SFERRARI_2020-09-06_10_39_37" />
  </TestSettings>
  <Results>
    <UnitTestResult executionId="4dcdaca1-5070-41bc-a428-b88e73c2f406" testId="0c633595-70e8-b011-5a46-c9c7e1687cb9" testName="ToGet_Passing_Claims_Returns_Claim_Value_String" computerName="PC-SFERRARI" duration="00:00:00.0007140" startTime="2020-09-06T10:39:38.1111924+01:00" endTime="2020-09-06T10:39:38.1120235+01:00" testType="13cdc9d9-ddb5-4fa4-a97d-d965ccfc6d4b" outcome="Passed" testListId="8c84fa94-04c1-424b-9868-57a2d4851a1d" relativeResultsDirectory="4dcdaca1-5070-41bc-a428-b88e73c2f406" />
    <UnitTestResult executionId="f051e498-a324-4894-992a-766e630afad3" testId="297c060d-406b-f933-91fe-dfd3459b8ace" testName="ToIsNullOrEmpty_Passing_InvalidValue_Returns_True" computerName="PC-SFERRARI" duration="00:00:00.0001235" startTime="2020-09-06T10:39:37.8153642+01:00" endTime="2020-09-06T10:39:37.8155860+01:00" testType="13cdc9d9-ddb5-4fa4-a97d-d965ccfc6d4b" outcome="Passed" testListId="8c84fa94-04c1-424b-9868-57a2d4851a1d" relativeResultsDirectory="f051e498-a324-4894-992a-766e630afad3" />
    <UnitTestResult executionId="ea623c7c-888c-4a7b-a2a3-4e2ffdb1421a" testId="46df7735-43c3-1f8d-197a-cd21c82e5889" testName="IsHostname_Passing_ValidArguments_Returns_HasErrorsAndCount" computerName="PC-SFERRARI" duration="00:00:00.0003389" startTime="2020-09-06T10:39:37.9173840+01:00" endTime="2020-09-06T10:39:37.9178958+01:00" testType="13cdc9d9-ddb5-4fa4-a97d-d965ccfc6d4b" outcome="Passed" testListId="8c84fa94-04c1-424b-9868-57a2d4851a1d" relativeResultsDirectory="ea623c7c-888c-4a7b-a2a3-4e2ffdb1421a" />
    <UnitTestResult executionId="784e77ed-bd95-4f30-8d59-0e8d784badca" testId="459f13f4-e266-2f20-5c30-d2c64797095d" testName="ToIsWeekend_Passing_Friday_DateTime_Returns_False" computerName="PC-SFERRARI" duration="00:00:00.0003798" startTime="2020-09-06T10:39:38.6191094+01:00" endTime="2020-09-06T10:39:38.6196712+01:00" testType="13cdc9d9-ddb5-4fa4-a97d-d965ccfc6d4b" outcome="Passed" testListId="8c84fa94-04c1-424b-9868-57a2d4851a1d" relativeResultsDirectory="784e77ed-bd95-4f30-8d59-0e8d784badca" />
    <UnitTestResult executionId="ce21bdd6-46c8-4ca9-9c02-0787ec81ab98" testId="0b1e4893-9444-2235-b7fa-3782f9932212" testName="ToService_Passing_Valid_Service_Returns_Service" computerName="PC-SFERRARI" duration="00:00:00.0005024" startTime="2020-09-06T10:39:38.3074264+01:00" endTime="2020-09-06T10:39:38.3080195+01:00" testType="13cdc9d9-ddb5-4fa4-a97d-d965ccfc6d4b" outcome="Passed" testListId="8c84fa94-04c1-424b-9868-57a2d4851a1d" relativeResultsDirectory="ce21bdd6-46c8-4ca9-9c02-0787ec81ab98" />
    <UnitTestResult executionId="8f165a86-571a-4c46-b87a-6fcfec01ffb5" testId="98331ff8-6ed1-e7ba-c8dd-be5bd5b6cb2c" testName="ToEmailMask_Passing_ValidEmail_Returns_EmailWithMask" computerName="PC-SFERRARI" duration="00:00:00.0035462" startTime="2020-09-06T10:39:41.1063606+01:00" endTime="2020-09-06T10:39:41.1100131+01:00" testType="13cdc9d9-ddb5-4fa4-a97d-d965ccfc6d4b" outcome="Passed" testListId="8c84fa94-04c1-424b-9868-57a2d4851a1d" relativeResultsDirectory="8f165a86-571a-4c46-b87a-6fcfec01ffb5" resultType="DataDrivenTest">
      <InnerResults>
        <UnitTestResult executionId="422dfa50-89b7-4ec3-a5ab-b692441dc285" parentExecutionId="8f165a86-571a-4c46-b87a-6fcfec01ffb5" testId="98331ff8-6ed1-e7ba-c8dd-be5bd5b6cb2c" testName="ToEmailMask_Passing_ValidEmail_Returns_EmailWithMask (qaz@gmail.com,q-z@g----.com)" computerName="PC-SFERRARI" duration="00:00:00.0033350" startTime="2020-09-06T10:39:41.1063606+01:00" endTime="2020-09-06T10:39:41.1100131+01:00" testType="13cdc9d9-ddb5-4fa4-a97d-d965ccfc6d4b" outcome="Passed" testListId="8c84fa94-04c1-424b-9868-57a2d4851a1d" relativeResultsDirectory="422dfa50-89b7-4ec3-a5ab-b692441dc285" dataRowInfo="1" resultType="DataDrivenDataRow" />
        <UnitTestResult executionId="bfa0d00c-73b2-4c20-887c-a4fa73e2b84b" parentExecutionId="8f165a86-571a-4c46-b87a-6fcfec01ffb5" testId="98331ff8-6ed1-e7ba-c8dd-be5bd5b6cb2c" testName="ToEmailMask_Passing_ValidEmail_Returns_EmailWithMask (qazwsx@gmail.com,q----x@g----.com)" computerName="PC-SFERRARI" duration="00:00:00.0000201" startTime="2020-09-06T10:39:41.1063606+01:00" endTime="2020-09-06T10:39:41.1100131+01:00" testType="13cdc9d9-ddb5-4fa4-a97d-d965ccfc6d4b" outcome="Passed" testListId="8c84fa94-04c1-424b-9868-57a2d4851a1d" relativeResultsDirectory="bfa0d00c-73b2-4c20-887c-a4fa73e2b84b" dataRowInfo="2" resultType="DataDrivenDataRow" />
        <UnitTestResult executionId="1d93b1cd-8bcd-479d-8e11-b6885ee487cd" parentExecutionId="8f165a86-571a-4c46-b87a-6fcfec01ffb5" testId="98331ff8-6ed1-e7ba-c8dd-be5bd5b6cb2c" testName="ToEmailMask_Passing_ValidEmail_Returns_EmailWithMask (qazwsxedc@gmail.com,q-------c@g----.com)" computerName="PC-SFERRARI" duration="00:00:00.0000132" startTime="2020-09-06T10:39:41.1063606+01:00" endTime="2020-09-06T10:39:41.1100131+01:00" testType="13cdc9d9-ddb5-4fa4-a97d-d965ccfc6d4b" outcome="Passed" testListId="8c84fa94-04c1-424b-9868-57a2d4851a1d" relativeResultsDirectory="1d93b1cd-8bcd-479d-8e11-b6885ee487cd" dataRowInfo="3" resultType="DataDrivenDataRow" />
        <UnitTestResult executionId="26c56caf-7068-4a28-ba33-3b6a9dab56b3" parentExecutionId="8f165a86-571a-4c46-b87a-6fcfec01ffb5" testId="98331ff8-6ed1-e7ba-c8dd-be5bd5b6cb2c" testName="ToEmailMask_Passing_ValidEmail_Returns_EmailWithMask (qaz@gmailgmail.com,q-z@g---------.com)" computerName="PC-SFERRARI" duration="00:00:00.0000137" startTime="2020-09-06T10:39:41.1063606+01:00" endTime="2020-09-06T10:39:41.1100131+01:00" testType="13cdc9d9-ddb5-4fa4-a97d-d965ccfc6d4b" outcome="Passed" testListId="8c84fa94-04c1-424b-9868-57a2d4851a1d" relativeResultsDirectory="26c56caf-7068-4a28-ba33-3b6a9dab56b3" dataRowInfo="4" resultType="DataDrivenDataRow" />
        <UnitTestResult executionId="05f8cde7-8e6d-46c3-a4e6-d01c646c985f" parentExecutionId="8f165a86-571a-4c46-b87a-6fcfec01ffb5" testId="98331ff8-6ed1-e7ba-c8dd-be5bd5b6cb2c" testName="ToEmailMask_Passing_ValidEmail_Returns_EmailWithMask (qazwsx@gmailgmail.com,q----x@g---------.com)" computerName="PC-SFERRARI" duration="00:00:00.0000136" startTime="2020-09-06T10:39:41.1063606+01:00" endTime="2020-09-06T10:39:41.1100131+01:00" testType="13cdc9d9-ddb5-4fa4-a97d-d965ccfc6d4b" outcome="Passed" testListId="8c84fa94-04c1-424b-9868-57a2d4851a1d" relativeResultsDirectory="05f8cde7-8e6d-46c3-a4e6-d01c646c985f" dataRowInfo="5" resultType="DataDrivenDataRow" />
        <UnitTestResult executionId="622cd415-f5c7-4846-9ff5-a4bbd9c8a1e0" parentExecutionId="8f165a86-571a-4c46-b87a-6fcfec01ffb5" testId="98331ff8-6ed1-e7ba-c8dd-be5bd5b6cb2c" testName="ToEmailMask_Passing_ValidEmail_Returns_EmailWithMask (qazwsxedc@gmailgmail.com,q-------c@g---------.com)" computerName="PC-SFERRARI" duration="00:00:00.0000232" startTime="2020-09-06T10:39:41.1063606+01:00" endTime="2020-09-06T10:39:41.1100131+01:00" testType="13cdc9d9-ddb5-4fa4-a97d-d965ccfc6d4b" outcome="Passed" testListId="8c84fa94-04c1-424b-9868-57a2d4851a1d" relativeResultsDirectory="622cd415-f5c7-4846-9ff5-a4bbd9c8a1e0" dataRowInfo="6" resultType="DataDrivenDataRow" />
      </InnerResults>
    </UnitTestResult>
    <UnitTestResult executionId="5d05d6b6-96e6-493f-9d40-f8c122f0c152" testId="e53d2439-2080-43bd-e38b-a60253b60af1" testName="ToPaged_Passing_Age_Descending_Order_Returns_Filter_List" computerName="PC-SFERRARI" duration="00:00:00.0005115" startTime="2020-09-06T10:39:40.8949756+01:00" endTime="2020-09-06T10:39:40.8955945+01:00" testType="13cdc9d9-ddb5-4fa4-a97d-d965ccfc6d4b" outcome="Passed" testListId="8c84fa94-04c1-424b-9868-57a2d4851a1d" relativeResultsDirectory="5d05d6b6-96e6-493f-9d40-f8c122f0c152" />
    <UnitTestResult executionId="92c8f6f1-ce31-47ae-ae95-26140b4fcca8" testId="0e702ef4-7e85-bcb3-3879-32ee56a27932" testName="IsName_Passing_ValidArguments_Returns_HasErrorsAndCount" computerName="PC-SFERRARI" duration="00:00:00.0002052" startTime="2020-09-06T10:39:37.9207603+01:00" endTime="2020-09-06T10:39:37.9210445+01:00" testType="13cdc9d9-ddb5-4fa4-a97d-d965ccfc6d4b" outcome="Passed" testListId="8c84fa94-04c1-424b-9868-57a2d4851a1d" relativeResultsDirectory="92c8f6f1-ce31-47ae-ae95-26140b4fcca8" />
    <UnitTestResult executionId="61176bd7-dcb6-4068-86bf-4f052faae0d7" testId="04cb4b72-edc8-fe06-49e1-217ed503eff8" testName="ToDirectoryFindFilePath_Passing_ValidValue_Returns_FilePath" computerName="PC-SFERRARI" duration="00:00:00.0073977" startTime="2020-09-06T10:39:41.0103185+01:00" endTime="2020-09-06T10:39:41.0178712+01:00" testType="13cdc9d9-ddb5-4fa4-a97d-d965ccfc6d4b" outcome="Passed" testListId="8c84fa94-04c1-424b-9868-57a2d4851a1d" relativeResultsDirectory="61176bd7-dcb6-4068-86bf-4f052faae0d7" />
    <UnitTestResult executionId="d3fd215d-3168-4eaf-b816-e7c817e3cc81" testId="0cb5eb43-9273-0bdf-bd18-53b184535503" testName="ToMessage_Passing_ExceptionWithMessage_Returns_Message" computerName="PC-SFERRARI" duration="00:00:00.0001879" startTime="2020-09-06T10:39:38.7291109+01:00" endTime="2020-09-06T10:39:38.7293888+01:00" testType="13cdc9d9-ddb5-4fa4-a97d-d965ccfc6d4b" outcome="Passed" testListId="8c84fa94-04c1-424b-9868-57a2d4851a1d" relativeResultsDirectory="d3fd215d-3168-4eaf-b816-e7c817e3cc81" />
    <UnitTestResult executionId="cfa45dfa-534d-440e-8fde-fc55a2556856" testId="3443f7f5-ee1a-f375-e5b1-f7ffa940c0db" testName="ToIsLastDayOfTheMonth_Passing_NotLastDayOfMonth_Returns_False" computerName="PC-SFERRARI" duration="00:00:00.0001486" startTime="2020-09-06T10:39:38.5867915+01:00" endTime="2020-09-06T10:39:38.5870312+01:00" testType="13cdc9d9-ddb5-4fa4-a97d-d965ccfc6d4b" outcome="Passed" testListId="8c84fa94-04c1-424b-9868-57a2d4851a1d" relativeResultsDirectory="cfa45dfa-534d-440e-8fde-fc55a2556856" />
    <UnitTestResult executionId="897d92a2-d40f-4507-94c8-9971530f35fd" testId="0ee8121e-b492-a57d-d072-de988a4e30f8" testName="ToMapNew_Passing_TDestination_Returns_New_Destination_Object" computerName="PC-SFERRARI" duration="00:00:00.0088913" startTime="2020-09-06T10:39:37.3697735+01:00" endTime="2020-09-06T10:39:37.3788006+01:00" testType="13cdc9d9-ddb5-4fa4-a97d-d965ccfc6d4b" outcome="Passed" testListId="8c84fa94-04c1-424b-9868-57a2d4851a1d" relativeResultsDirectory="897d92a2-d40f-4507-94c8-9971530f35fd" />
    <UnitTestResult executionId="328024e5-3291-4f55-98e8-2976f4966840" testId="e0f7dcd9-f363-be9c-de11-457f6a575bee" testName="ToDefaultValue_Passing_float_Returns_Cero" computerName="PC-SFERRARI" duration="00:00:00.0003226" startTime="2020-09-06T10:39:38.7531723+01:00" endTime="2020-09-06T10:39:38.7535781+01:00" testType="13cdc9d9-ddb5-4fa4-a97d-d965ccfc6d4b" outcome="Passed" testListId="8c84fa94-04c1-424b-9868-57a2d4851a1d" relativeResultsDirectory="328024e5-3291-4f55-98e8-2976f4966840" resultType="DataDrivenTest">
      <InnerResults>
        <UnitTestResult executionId="05baa262-e66c-434a-8903-65d7bbc476a0" parentExecutionId="328024e5-3291-4f55-98e8-2976f4966840" testId="e0f7dcd9-f363-be9c-de11-457f6a575bee" testName="ToDefaultValue_Passing_float_Returns_Cero (3,4028235E+38)" computerName="PC-SFERRARI" duration="00:00:00.0002713" startTime="2020-09-06T10:39:38.7531723+01:00" endTime="2020-09-06T10:39:38.7535781+01:00" testType="13cdc9d9-ddb5-4fa4-a97d-d965ccfc6d4b" outcome="Passed" testListId="8c84fa94-04c1-424b-9868-57a2d4851a1d" relativeResultsDirectory="05baa262-e66c-434a-8903-65d7bbc476a0" dataRowInfo="1" resultType="DataDrivenDataRow" />
      </InnerResults>
    </UnitTestResult>
    <UnitTestResult executionId="23b2445b-7c4e-4b4e-8d20-209824eecb11" testId="2aceb911-de9d-b2eb-c8db-f6b3f880216f" testName="ToService_Passing_Valid_Service_Returns_Service" computerName="PC-SFERRARI" duration="00:00:00.0004752" startTime="2020-09-06T10:39:37.7205772+01:00" endTime="2020-09-06T10:39:37.7211389+01:00" testType="13cdc9d9-ddb5-4fa4-a97d-d965ccfc6d4b" outcome="Passed" testListId="8c84fa94-04c1-424b-9868-57a2d4851a1d" relativeResultsDirectory="23b2445b-7c4e-4b4e-8d20-209824eecb11" />
    <UnitTestResult executionId="59c1715e-a714-4646-bb6e-a4e2ed5e6e06" testId="4184a91b-5297-4872-2a98-1ef97e124515" testName="ToGetAll_Passing_Claims_Returns_Claim_Value_String_List" computerName="PC-SFERRARI" duration="00:00:00.0011967" startTime="2020-09-06T10:39:38.1023501+01:00" endTime="2020-09-06T10:39:38.1036718+01:00" testType="13cdc9d9-ddb5-4fa4-a97d-d965ccfc6d4b" outcome="Passed" testListId="8c84fa94-04c1-424b-9868-57a2d4851a1d" relativeResultsDirectory="59c1715e-a714-4646-bb6e-a4e2ed5e6e06" />
    <UnitTestResult executionId="c806e51e-8c18-4a85-8ebb-0fc5830e278a" testId="ebdf037a-44fa-7875-99d4-42fa9833aac8" testName="IsDigit_Passing_ValidArguments_Returns_HasErrorsAndCount" computerName="PC-SFERRARI" duration="00:00:00.0001856" startTime="2020-09-06T10:39:37.8663770+01:00" endTime="2020-09-06T10:39:37.8666525+01:00" testType="13cdc9d9-ddb5-4fa4-a97d-d965ccfc6d4b" outcome="Passed" testListId="8c84fa94-04c1-424b-9868-57a2d4851a1d" relativeResultsDirectory="c806e51e-8c18-4a85-8ebb-0fc5830e278a" />
    <UnitTestResult executionId="eb9114cd-65b2-445b-a332-089cdbfd0595" testId="e93b141b-fdfd-0f98-21e5-3eb211b6e88b" testName="ToDefaultValue_Passing_long_Returns_Cero" computerName="PC-SFERRARI" duration="00:00:00.0003266" startTime="2020-09-06T10:39:38.8060460+01:00" endTime="2020-09-06T10:39:38.8064492+01:00" testType="13cdc9d9-ddb5-4fa4-a97d-d965ccfc6d4b" outcome="Passed" testListId="8c84fa94-04c1-424b-9868-57a2d4851a1d" relativeResultsDirectory="eb9114cd-65b2-445b-a332-089cdbfd0595" resultType="DataDrivenTest">
      <InnerResults>
        <UnitTestResult executionId="f18790fb-f7ea-467c-9ebf-2ffb63b53fce" parentExecutionId="eb9114cd-65b2-445b-a332-089cdbfd0595" testId="e93b141b-fdfd-0f98-21e5-3eb211b6e88b" testName="ToDefaultValue_Passing_long_Returns_Cero (9223372036854775807)" computerName="PC-SFERRARI" duration="00:00:00.0002763" startTime="2020-09-06T10:39:38.8060460+01:00" endTime="2020-09-06T10:39:38.8064492+01:00" testType="13cdc9d9-ddb5-4fa4-a97d-d965ccfc6d4b" outcome="Passed" testListId="8c84fa94-04c1-424b-9868-57a2d4851a1d" relativeResultsDirectory="f18790fb-f7ea-467c-9ebf-2ffb63b53fce" dataRowInfo="1" resultType="DataDrivenDataRow" />
      </InnerResults>
    </UnitTestResult>
    <UnitTestResult executionId="4b0a9d9f-8a03-450b-921c-15ddb6e7db1b" testId="f0f37a42-1a3a-10a5-5f17-e01b9915abd3" testName="ToPaged_Passing_Age_Ascending_Order_Returns_Filter_List" computerName="PC-SFERRARI" duration="00:00:00.0040642" startTime="2020-09-06T10:39:40.8906600+01:00" endTime="2020-09-06T10:39:40.8949386+01:00" testType="13cdc9d9-ddb5-4fa4-a97d-d965ccfc6d4b" outcome="Passed" testListId="8c84fa94-04c1-424b-9868-57a2d4851a1d" relativeResultsDirectory="4b0a9d9f-8a03-450b-921c-15ddb6e7db1b" />
    <UnitTestResult executionId="94723da4-c624-423d-94b7-a66fc3ab5f89" testId="47f3e733-f069-b79f-9f6d-7c11fc368663" testName="ToDefaultValue_Passing_ushort_Returns_Cero" computerName="PC-SFERRARI" duration="00:00:00.0003151" startTime="2020-09-06T10:39:38.8322113+01:00" endTime="2020-09-06T10:39:38.8325996+01:00" testType="13cdc9d9-ddb5-4fa4-a97d-d965ccfc6d4b" outcome="Passed" testListId="8c84fa94-04c1-424b-9868-57a2d4851a1d" relativeResultsDirectory="94723da4-c624-423d-94b7-a66fc3ab5f89" resultType="DataDrivenTest">
      <InnerResults>
        <UnitTestResult executionId="8273378f-ca39-4cd3-a7a8-cda05d63b693" parentExecutionId="94723da4-c624-423d-94b7-a66fc3ab5f89" testId="47f3e733-f069-b79f-9f6d-7c11fc368663" testName="ToDefaultValue_Passing_ushort_Returns_Cero (65535)" computerName="PC-SFERRARI" duration="00:00:00.0002761" startTime="2020-09-06T10:39:38.8322113+01:00" endTime="2020-09-06T10:39:38.8325996+01:00" testType="13cdc9d9-ddb5-4fa4-a97d-d965ccfc6d4b" outcome="Passed" testListId="8c84fa94-04c1-424b-9868-57a2d4851a1d" relativeResultsDirectory="8273378f-ca39-4cd3-a7a8-cda05d63b693" dataRowInfo="1" resultType="DataDrivenDataRow" />
      </InnerResults>
    </UnitTestResult>
    <UnitTestResult executionId="ad94f710-baca-4f28-82cc-b12b018cc4d5" testId="e37f41d3-77a8-1acd-c258-fbb5b724b134" testName="ToDefaultValue_Passing_ValidInt_Returns_DefaultValue" computerName="PC-SFERRARI" duration="00:00:00.0002277" startTime="2020-09-06T10:39:42.3647991+01:00" endTime="2020-09-06T10:39:42.3652188+01:00" testType="13cdc9d9-ddb5-4fa4-a97d-d965ccfc6d4b" outcome="Passed" testListId="8c84fa94-04c1-424b-9868-57a2d4851a1d" relativeResultsDirectory="ad94f710-baca-4f28-82cc-b12b018cc4d5" />
    <UnitTestResult executionId="0b61a697-0b83-4414-8131-9801948c5b67" testId="9b5f9705-0df5-3b21-5e23-e11b68721fd4" testName="ToThrow_Passing_InvalidValue_Returns_ApplicationExceptionWithMessage" computerName="PC-SFERRARI" duration="00:00:00.0086540" startTime="2020-09-06T10:39:37.8464739+01:00" endTime="2020-09-06T10:39:37.8553331+01:00" testType="13cdc9d9-ddb5-4fa4-a97d-d965ccfc6d4b" outcome="Passed" testListId="8c84fa94-04c1-424b-9868-57a2d4851a1d" relativeResultsDirectory="0b61a697-0b83-4414-8131-9801948c5b67" />
    <UnitTestResult executionId="0d4af195-eef7-4a75-9971-2bf49c73af7d" testId="635e001f-2a50-f191-84e2-e81cd2000fdf" testName="ToAuthenticationType_Passing_Claims_Returns_AuthenticationType_Name" computerName="PC-SFERRARI" duration="00:00:00.0585526" startTime="2020-09-06T10:39:37.9660134+01:00" endTime="2020-09-06T10:39:38.0248546+01:00" testType="13cdc9d9-ddb5-4fa4-a97d-d965ccfc6d4b" outcome="Passed" testListId="8c84fa94-04c1-424b-9868-57a2d4851a1d" relativeResultsDirectory="0d4af195-eef7-4a75-9971-2bf49c73af7d" />
    <UnitTestResult executionId="e51782bc-4e90-433b-9dfc-f138a349235c" testId="18040ed3-941e-dd1e-cb8c-4d34d103f370" testName="ToIsWeekend_Passing_Saturday_DateTime_Returns_True" computerName="PC-SFERRARI" duration="00:00:00.0001542" startTime="2020-09-06T10:39:38.6197099+01:00" endTime="2020-09-06T10:39:38.6199651+01:00" testType="13cdc9d9-ddb5-4fa4-a97d-d965ccfc6d4b" outcome="Passed" testListId="8c84fa94-04c1-424b-9868-57a2d4851a1d" relativeResultsDirectory="e51782bc-4e90-433b-9dfc-f138a349235c" />
    <UnitTestResult executionId="9218da31-2001-49a1-96e8-d66737749746" testId="a75e991f-5e03-3949-85d6-afa1f14455d4" testName="ToIsAuthenticated_Passing_Claims_Returns_True" computerName="PC-SFERRARI" duration="00:00:00.0008705" startTime="2020-09-06T10:39:38.1346816+01:00" endTime="2020-09-06T10:39:38.1357508+01:00" testType="13cdc9d9-ddb5-4fa4-a97d-d965ccfc6d4b" outcome="Passed" testListId="8c84fa94-04c1-424b-9868-57a2d4851a1d" relativeResultsDirectory="9218da31-2001-49a1-96e8-d66737749746" />
    <UnitTestResult executionId="e8698f61-d0ea-4ec0-803d-e23dc4b40091" testId="a0ed43cd-0648-ddf9-c80e-52c6889ee049" testName="ToDictionaryPropertyInfo_Passing_Object_IncludeNullOrEmptyProperty_Returns_Properties_NameAndValue_Dictionary" computerName="PC-SFERRARI" duration="00:00:00.0023545" startTime="2020-09-06T10:39:38.8326243+01:00" endTime="2020-09-06T10:39:38.8350727+01:00" testType="13cdc9d9-ddb5-4fa4-a97d-d965ccfc6d4b" outcome="Passed" testListId="8c84fa94-04c1-424b-9868-57a2d4851a1d" relativeResultsDirectory="e8698f61-d0ea-4ec0-803d-e23dc4b40091" />
    <UnitTestResult executionId="e777096d-a1ba-4c00-bcfb-0d001bd3eaed" testId="d7c20db6-f712-8539-ac01-01e8f4033fac" testName="IsFile_Passing_InvalidArguments_Returns_HasErrorsAndCount" computerName="PC-SFERRARI" duration="00:00:00.0002460" startTime="2020-09-06T10:39:37.8952991+01:00" endTime="2020-09-06T10:39:37.8956326+01:00" testType="13cdc9d9-ddb5-4fa4-a97d-d965ccfc6d4b" outcome="Passed" testListId="8c84fa94-04c1-424b-9868-57a2d4851a1d" relativeResultsDirectory="e777096d-a1ba-4c00-bcfb-0d001bd3eaed" />
    <UnitTestResult executionId="8a7eb8ed-a403-4b53-b898-f1e078cd9100" testId="f752d50b-77fa-327a-4493-168161bd27b2" testName="ToDefaultValue_Passing_double_Returns_Cero" computerName="PC-SFERRARI" duration="00:00:00.0004732" startTime="2020-09-06T10:39:38.7525937+01:00" endTime="2020-09-06T10:39:38.7531464+01:00" testType="13cdc9d9-ddb5-4fa4-a97d-d965ccfc6d4b" outcome="Passed" testListId="8c84fa94-04c1-424b-9868-57a2d4851a1d" relativeResultsDirectory="8a7eb8ed-a403-4b53-b898-f1e078cd9100" resultType="DataDrivenTest">
      <InnerResults>
        <UnitTestResult executionId="a3ca379f-8091-4466-b242-b994f087bc82" parentExecutionId="8a7eb8ed-a403-4b53-b898-f1e078cd9100" testId="f752d50b-77fa-327a-4493-168161bd27b2" testName="ToDefaultValue_Passing_double_Returns_Cero (1,7976931348623157E+308)" computerName="PC-SFERRARI" duration="00:00:00.0002794" startTime="2020-09-06T10:39:38.7525937+01:00" endTime="2020-09-06T10:39:38.7531464+01:00" testType="13cdc9d9-ddb5-4fa4-a97d-d965ccfc6d4b" outcome="Passed" testListId="8c84fa94-04c1-424b-9868-57a2d4851a1d" relativeResultsDirectory="a3ca379f-8091-4466-b242-b994f087bc82" dataRowInfo="1" resultType="DataDrivenDataRow" />
      </InnerResults>
    </UnitTestResult>
    <UnitTestResult executionId="0f860435-d4ca-4c86-8e1b-df95cb8097e4" testId="334e3485-05b4-4549-cacd-aef8fff10757" testName="ToDefaultValue_Passing_decimal_Returns_Cero" computerName="PC-SFERRARI" duration="00:00:00.0002878" startTime="2020-09-06T10:39:38.7521908+01:00" endTime="2020-09-06T10:39:38.7525715+01:00" testType="13cdc9d9-ddb5-4fa4-a97d-d965ccfc6d4b" outcome="Passed" testListId="8c84fa94-04c1-424b-9868-57a2d4851a1d" relativeResultsDirectory="0f860435-d4ca-4c86-8e1b-df95cb8097e4" />
    <UnitTestResult executionId="5e0eab25-42ac-40e3-a8ad-33f2880e7fad" testId="30809299-0e3e-4ac7-4a2a-6f8c296d2226" testName="ToUri_Passing_ValidValueString_Returns_Uri" computerName="PC-SFERRARI" duration="00:00:00.0013606" startTime="2020-09-06T10:39:41.6780014+01:00" endTime="2020-09-06T10:39:41.6801938+01:00" testType="13cdc9d9-ddb5-4fa4-a97d-d965ccfc6d4b" outcome="Passed" testListId="8c84fa94-04c1-424b-9868-57a2d4851a1d" relativeResultsDirectory="5e0eab25-42ac-40e3-a8ad-33f2880e7fad" resultType="DataDrivenTest">
      <InnerResults>
        <UnitTestResult executionId="d5348ae7-5494-4c49-baad-f1ac97051637" parentExecutionId="5e0eab25-42ac-40e3-a8ad-33f2880e7fad" testId="30809299-0e3e-4ac7-4a2a-6f8c296d2226" testName="ToUri_Passing_ValidValueString_Returns_Uri (http://foo.com/blah_blah)" computerName="PC-SFERRARI" duration="00:00:00.0002684" startTime="2020-09-06T10:39:41.6780014+01:00" endTime="2020-09-06T10:39:41.6801938+01:00" testType="13cdc9d9-ddb5-4fa4-a97d-d965ccfc6d4b" outcome="Passed" testListId="8c84fa94-04c1-424b-9868-57a2d4851a1d" relativeResultsDirectory="d5348ae7-5494-4c49-baad-f1ac97051637" dataRowInfo="1" resultType="DataDrivenDataRow" />
        <UnitTestResult executionId="26e8ed6d-3ca6-4ba2-8571-94372507ca87" parentExecutionId="5e0eab25-42ac-40e3-a8ad-33f2880e7fad" testId="30809299-0e3e-4ac7-4a2a-6f8c296d2226" testName="ToUri_Passing_ValidValueString_Returns_Uri (http://foo.com/blah_blah/)" computerName="PC-SFERRARI" duration="00:00:00.0000057" startTime="2020-09-06T10:39:41.6780014+01:00" endTime="2020-09-06T10:39:41.6801938+01:00" testType="13cdc9d9-ddb5-4fa4-a97d-d965ccfc6d4b" outcome="Passed" testListId="8c84fa94-04c1-424b-9868-57a2d4851a1d" relativeResultsDirectory="26e8ed6d-3ca6-4ba2-8571-94372507ca87" dataRowInfo="2" resultType="DataDrivenDataRow" />
        <UnitTestResult executionId="3212be53-71d1-4431-bc22-52e6c3b8b62c" parentExecutionId="5e0eab25-42ac-40e3-a8ad-33f2880e7fad" testId="30809299-0e3e-4ac7-4a2a-6f8c296d2226" testName="ToUri_Passing_ValidValueString_Returns_Uri (http://foo.com/blah_blah/p=5)" computerName="PC-SFERRARI" duration="00:00:00.0000033" startTime="2020-09-06T10:39:41.6780014+01:00" endTime="2020-09-06T10:39:41.6801938+01:00" testType="13cdc9d9-ddb5-4fa4-a97d-d965ccfc6d4b" outcome="Passed" testListId="8c84fa94-04c1-424b-9868-57a2d4851a1d" relativeResultsDirectory="3212be53-71d1-4431-bc22-52e6c3b8b62c" dataRowInfo="3" resultType="DataDrivenDataRow" />
        <UnitTestResult executionId="59a1db76-c74d-4bcd-8974-e25f05f75b50" parentExecutionId="5e0eab25-42ac-40e3-a8ad-33f2880e7fad" testId="30809299-0e3e-4ac7-4a2a-6f8c296d2226" testName="ToUri_Passing_ValidValueString_Returns_Uri (http://foo.com/blah_blah?p=5)" computerName="PC-SFERRARI" duration="00:00:00.0000032" startTime="2020-09-06T10:39:41.6780014+01:00" endTime="2020-09-06T10:39:41.6801938+01:00" testType="13cdc9d9-ddb5-4fa4-a97d-d965ccfc6d4b" outcome="Passed" testListId="8c84fa94-04c1-424b-9868-57a2d4851a1d" relativeResultsDirectory="59a1db76-c74d-4bcd-8974-e25f05f75b50" dataRowInfo="4" resultType="DataDrivenDataRow" />
        <UnitTestResult executionId="3be94988-bc70-4330-918a-e882d8c46b17" parentExecutionId="5e0eab25-42ac-40e3-a8ad-33f2880e7fad" testId="30809299-0e3e-4ac7-4a2a-6f8c296d2226" testName="ToUri_Passing_ValidValueString_Returns_Uri (http://foo.com/blah_blah?p=5&amp;j=fe)" computerName="PC-SFERRARI" duration="00:00:00.0000030" startTime="2020-09-06T10:39:41.6780014+01:00" endTime="2020-09-06T10:39:41.6801938+01:00" testType="13cdc9d9-ddb5-4fa4-a97d-d965ccfc6d4b" outcome="Passed" testListId="8c84fa94-04c1-424b-9868-57a2d4851a1d" relativeResultsDirectory="3be94988-bc70-4330-918a-e882d8c46b17" dataRowInfo="5" resultType="DataDrivenDataRow" />
        <UnitTestResult executionId="39690993-8d02-4de0-9275-a9a6a511d47d" parentExecutionId="5e0eab25-42ac-40e3-a8ad-33f2880e7fad" testId="30809299-0e3e-4ac7-4a2a-6f8c296d2226" testName="ToUri_Passing_ValidValueString_Returns_Uri (https://foo.com/blah_blah)" computerName="PC-SFERRARI" duration="00:00:00.0000033" startTime="2020-09-06T10:39:41.6780014+01:00" endTime="2020-09-06T10:39:41.6801938+01:00" testType="13cdc9d9-ddb5-4fa4-a97d-d965ccfc6d4b" outcome="Passed" testListId="8c84fa94-04c1-424b-9868-57a2d4851a1d" relativeResultsDirectory="39690993-8d02-4de0-9275-a9a6a511d47d" dataRowInfo="6" resultType="DataDrivenDataRow" />
        <UnitTestResult executionId="1dbb45b8-f7e1-4b14-9b5d-5b0a1cc58938" parentExecutionId="5e0eab25-42ac-40e3-a8ad-33f2880e7fad" testId="30809299-0e3e-4ac7-4a2a-6f8c296d2226" testName="ToUri_Passing_ValidValueString_Returns_Uri (https://foo.com/blah_blah/)" computerName="PC-SFERRARI" duration="00:00:00.0000031" startTime="2020-09-06T10:39:41.6780014+01:00" endTime="2020-09-06T10:39:41.6801938+01:00" testType="13cdc9d9-ddb5-4fa4-a97d-d965ccfc6d4b" outcome="Passed" testListId="8c84fa94-04c1-424b-9868-57a2d4851a1d" relativeResultsDirectory="1dbb45b8-f7e1-4b14-9b5d-5b0a1cc58938" dataRowInfo="7" resultType="DataDrivenDataRow" />
        <UnitTestResult executionId="48452469-14da-4d7f-b614-71356668a638" parentExecutionId="5e0eab25-42ac-40e3-a8ad-33f2880e7fad" testId="30809299-0e3e-4ac7-4a2a-6f8c296d2226" testName="ToUri_Passing_ValidValueString_Returns_Uri (https://foo.com/blah_blah/p=5)" computerName="PC-SFERRARI" duration="00:00:00.0000030" startTime="2020-09-06T10:39:41.6780014+01:00" endTime="2020-09-06T10:39:41.6801938+01:00" testType="13cdc9d9-ddb5-4fa4-a97d-d965ccfc6d4b" outcome="Passed" testListId="8c84fa94-04c1-424b-9868-57a2d4851a1d" relativeResultsDirectory="48452469-14da-4d7f-b614-71356668a638" dataRowInfo="8" resultType="DataDrivenDataRow" />
        <UnitTestResult executionId="6f21ffb0-d5b9-4375-b646-cdfd4c9867f9" parentExecutionId="5e0eab25-42ac-40e3-a8ad-33f2880e7fad" testId="30809299-0e3e-4ac7-4a2a-6f8c296d2226" testName="ToUri_Passing_ValidValueString_Returns_Uri (https://foo.com/blah_blah?p=5)" computerName="PC-SFERRARI" duration="00:00:00.0000030" startTime="2020-09-06T10:39:41.6780014+01:00" endTime="2020-09-06T10:39:41.6801938+01:00" testType="13cdc9d9-ddb5-4fa4-a97d-d965ccfc6d4b" outcome="Passed" testListId="8c84fa94-04c1-424b-9868-57a2d4851a1d" relativeResultsDirectory="6f21ffb0-d5b9-4375-b646-cdfd4c9867f9" dataRowInfo="9" resultType="DataDrivenDataRow" />
        <UnitTestResult executionId="24ebab4e-eb2b-4d3f-9871-a9cc42823652" parentExecutionId="5e0eab25-42ac-40e3-a8ad-33f2880e7fad" testId="30809299-0e3e-4ac7-4a2a-6f8c296d2226" testName="ToUri_Passing_ValidValueString_Returns_Uri (https://foo.com/blah_blah?p=5&amp;j=fe)" computerName="PC-SFERRARI" duration="00:00:00.0000037" startTime="2020-09-06T10:39:41.6780014+01:00" endTime="2020-09-06T10:39:41.6801938+01:00" testType="13cdc9d9-ddb5-4fa4-a97d-d965ccfc6d4b" outcome="Passed" testListId="8c84fa94-04c1-424b-9868-57a2d4851a1d" relativeResultsDirectory="24ebab4e-eb2b-4d3f-9871-a9cc42823652" dataRowInfo="10" resultType="DataDrivenDataRow" />
        <UnitTestResult executionId="0480e2a3-9666-4bcb-8034-d229e0e3211d" parentExecutionId="5e0eab25-42ac-40e3-a8ad-33f2880e7fad" testId="30809299-0e3e-4ac7-4a2a-6f8c296d2226" testName="ToUri_Passing_ValidValueString_Returns_Uri (//foo.com/blah_blah)" computerName="PC-SFERRARI" duration="00:00:00.0000028" startTime="2020-09-06T10:39:41.6780014+01:00" endTime="2020-09-06T10:39:41.6801938+01:00" testType="13cdc9d9-ddb5-4fa4-a97d-d965ccfc6d4b" outcome="Passed" testListId="8c84fa94-04c1-424b-9868-57a2d4851a1d" relativeResultsDirectory="0480e2a3-9666-4bcb-8034-d229e0e3211d" dataRowInfo="11" resultType="DataDrivenDataRow" />
        <UnitTestResult executionId="8d895b3d-dfe1-49ff-aa6a-bf175153da53" parentExecutionId="5e0eab25-42ac-40e3-a8ad-33f2880e7fad" testId="30809299-0e3e-4ac7-4a2a-6f8c296d2226" testName="ToUri_Passing_ValidValueString_Returns_Uri (//foo.com/blah_blah/)" computerName="PC-SFERRARI" duration="00:00:00.0000026" startTime="2020-09-06T10:39:41.6780014+01:00" endTime="2020-09-06T10:39:41.6801938+01:00" testType="13cdc9d9-ddb5-4fa4-a97d-d965ccfc6d4b" outcome="Passed" testListId="8c84fa94-04c1-424b-9868-57a2d4851a1d" relativeResultsDirectory="8d895b3d-dfe1-49ff-aa6a-bf175153da53" dataRowInfo="12" resultType="DataDrivenDataRow" />
        <UnitTestResult executionId="849505f9-bcde-4a8d-83f1-9c250268df85" parentExecutionId="5e0eab25-42ac-40e3-a8ad-33f2880e7fad" testId="30809299-0e3e-4ac7-4a2a-6f8c296d2226" testName="ToUri_Passing_ValidValueString_Returns_Uri (//foo.com/blah_blah/p=5)" computerName="PC-SFERRARI" duration="00:00:00.0000025" startTime="2020-09-06T10:39:41.6780014+01:00" endTime="2020-09-06T10:39:41.6801938+01:00" testType="13cdc9d9-ddb5-4fa4-a97d-d965ccfc6d4b" outcome="Passed" testListId="8c84fa94-04c1-424b-9868-57a2d4851a1d" relativeResultsDirectory="849505f9-bcde-4a8d-83f1-9c250268df85" dataRowInfo="13" resultType="DataDrivenDataRow" />
        <UnitTestResult executionId="7b91a03a-1343-418c-a73c-e942b67ec882" parentExecutionId="5e0eab25-42ac-40e3-a8ad-33f2880e7fad" testId="30809299-0e3e-4ac7-4a2a-6f8c296d2226" testName="ToUri_Passing_ValidValueString_Returns_Uri (//foo.com/blah_blah?p=5)" computerName="PC-SFERRARI" duration="00:00:00.0000030" startTime="2020-09-06T10:39:41.6780014+01:00" endTime="2020-09-06T10:39:41.6801938+01:00" testType="13cdc9d9-ddb5-4fa4-a97d-d965ccfc6d4b" outcome="Passed" testListId="8c84fa94-04c1-424b-9868-57a2d4851a1d" relativeResultsDirectory="7b91a03a-1343-418c-a73c-e942b67ec882" dataRowInfo="14" resultType="DataDrivenDataRow" />
        <UnitTestResult executionId="d20acb4b-0dac-4ad7-b851-a13c074da4d7" parentExecutionId="5e0eab25-42ac-40e3-a8ad-33f2880e7fad" testId="30809299-0e3e-4ac7-4a2a-6f8c296d2226" testName="ToUri_Passing_ValidValueString_Returns_Uri (//foo.com/blah_blah?p=5&amp;j=fe)" computerName="PC-SFERRARI" duration="00:00:00.0000026" startTime="2020-09-06T10:39:41.6780014+01:00" endTime="2020-09-06T10:39:41.6801938+01:00" testType="13cdc9d9-ddb5-4fa4-a97d-d965ccfc6d4b" outcome="Passed" testListId="8c84fa94-04c1-424b-9868-57a2d4851a1d" relativeResultsDirectory="d20acb4b-0dac-4ad7-b851-a13c074da4d7" dataRowInfo="15" resultType="DataDrivenDataRow" />
        <UnitTestResult executionId="733ac7c2-ad0c-490c-8c6f-f531cefd2a0e" parentExecutionId="5e0eab25-42ac-40e3-a8ad-33f2880e7fad" testId="30809299-0e3e-4ac7-4a2a-6f8c296d2226" testName="ToUri_Passing_ValidValueString_Returns_Uri (http://foo.com/blah_blah_(wikipedia))" computerName="PC-SFERRARI" duration="00:00:00.0000032" startTime="2020-09-06T10:39:41.6780014+01:00" endTime="2020-09-06T10:39:41.6801938+01:00" testType="13cdc9d9-ddb5-4fa4-a97d-d965ccfc6d4b" outcome="Passed" testListId="8c84fa94-04c1-424b-9868-57a2d4851a1d" relativeResultsDirectory="733ac7c2-ad0c-490c-8c6f-f531cefd2a0e" dataRowInfo="16" resultType="DataDrivenDataRow" />
        <UnitTestResult executionId="29bd875c-fe12-4ea1-9257-984cb836bbed" parentExecutionId="5e0eab25-42ac-40e3-a8ad-33f2880e7fad" testId="30809299-0e3e-4ac7-4a2a-6f8c296d2226" testName="ToUri_Passing_ValidValueString_Returns_Uri (http://foo.com/blah_blah_(wikipedia)_(again))" computerName="PC-SFERRARI" duration="00:00:00.0000038" startTime="2020-09-06T10:39:41.6780014+01:00" endTime="2020-09-06T10:39:41.6801938+01:00" testType="13cdc9d9-ddb5-4fa4-a97d-d965ccfc6d4b" outcome="Passed" testListId="8c84fa94-04c1-424b-9868-57a2d4851a1d" relativeResultsDirectory="29bd875c-fe12-4ea1-9257-984cb836bbed" dataRowInfo="17" resultType="DataDrivenDataRow" />
        <UnitTestResult executionId="91007868-5801-48b6-8388-a9c3d3d91791" parentExecutionId="5e0eab25-42ac-40e3-a8ad-33f2880e7fad" testId="30809299-0e3e-4ac7-4a2a-6f8c296d2226" testName="ToUri_Passing_ValidValueString_Returns_Uri (http://www.example.com/wpstyle/?p=364)" computerName="PC-SFERRARI" duration="00:00:00.0000033" startTime="2020-09-06T10:39:41.6780014+01:00" endTime="2020-09-06T10:39:41.6801938+01:00" testType="13cdc9d9-ddb5-4fa4-a97d-d965ccfc6d4b" outcome="Passed" testListId="8c84fa94-04c1-424b-9868-57a2d4851a1d" relativeResultsDirectory="91007868-5801-48b6-8388-a9c3d3d91791" dataRowInfo="18" resultType="DataDrivenDataRow" />
        <UnitTestResult executionId="48a0df60-5149-4cf2-bf9e-5ca78cf5175d" parentExecutionId="5e0eab25-42ac-40e3-a8ad-33f2880e7fad" testId="30809299-0e3e-4ac7-4a2a-6f8c296d2226" testName="ToUri_Passing_ValidValueString_Returns_Uri (https://www.example.com/foo/?bar=baz&amp;inga=42&amp;quux)" computerName="PC-SFERRARI" duration="00:00:00.0000033" startTime="2020-09-06T10:39:41.6780014+01:00" endTime="2020-09-06T10:39:41.6801938+01:00" testType="13cdc9d9-ddb5-4fa4-a97d-d965ccfc6d4b" outcome="Passed" testListId="8c84fa94-04c1-424b-9868-57a2d4851a1d" relativeResultsDirectory="48a0df60-5149-4cf2-bf9e-5ca78cf5175d" dataRowInfo="19" resultType="DataDrivenDataRow" />
        <UnitTestResult executionId="b108aabc-2aed-47ee-a2bb-18abe2b0e043" parentExecutionId="5e0eab25-42ac-40e3-a8ad-33f2880e7fad" testId="30809299-0e3e-4ac7-4a2a-6f8c296d2226" testName="ToUri_Passing_ValidValueString_Returns_Uri (http://✪df.ws/123)" computerName="PC-SFERRARI" duration="00:00:00.0003208" startTime="2020-09-06T10:39:41.6780014+01:00" endTime="2020-09-06T10:39:41.6801938+01:00" testType="13cdc9d9-ddb5-4fa4-a97d-d965ccfc6d4b" outcome="Passed" testListId="8c84fa94-04c1-424b-9868-57a2d4851a1d" relativeResultsDirectory="b108aabc-2aed-47ee-a2bb-18abe2b0e043" dataRowInfo="20" resultType="DataDrivenDataRow" />
        <UnitTestResult executionId="ce083559-d30d-4c56-a658-0ae59ced6777" parentExecutionId="5e0eab25-42ac-40e3-a8ad-33f2880e7fad" testId="30809299-0e3e-4ac7-4a2a-6f8c296d2226" testName="ToUri_Passing_ValidValueString_Returns_Uri (http://userid:password@example.com:8080)" computerName="PC-SFERRARI" duration="00:00:00.0000149" startTime="2020-09-06T10:39:41.6780014+01:00" endTime="2020-09-06T10:39:41.6801938+01:00" testType="13cdc9d9-ddb5-4fa4-a97d-d965ccfc6d4b" outcome="Passed" testListId="8c84fa94-04c1-424b-9868-57a2d4851a1d" relativeResultsDirectory="ce083559-d30d-4c56-a658-0ae59ced6777" dataRowInfo="21" resultType="DataDrivenDataRow" />
        <UnitTestResult executionId="2002ce70-2409-4c69-9946-cf4fb8943af8" parentExecutionId="5e0eab25-42ac-40e3-a8ad-33f2880e7fad" testId="30809299-0e3e-4ac7-4a2a-6f8c296d2226" testName="ToUri_Passing_ValidValueString_Returns_Uri (http://userid:password@example.com:8080/)" computerName="PC-SFERRARI" duration="00:00:00.0000040" startTime="2020-09-06T10:39:41.6780014+01:00" endTime="2020-09-06T10:39:41.6801938+01:00" testType="13cdc9d9-ddb5-4fa4-a97d-d965ccfc6d4b" outcome="Passed" testListId="8c84fa94-04c1-424b-9868-57a2d4851a1d" relativeResultsDirectory="2002ce70-2409-4c69-9946-cf4fb8943af8" dataRowInfo="22" resultType="DataDrivenDataRow" />
        <UnitTestResult executionId="e515795c-fcf6-4070-8b14-b7090c9480c4" parentExecutionId="5e0eab25-42ac-40e3-a8ad-33f2880e7fad" testId="30809299-0e3e-4ac7-4a2a-6f8c296d2226" testName="ToUri_Passing_ValidValueString_Returns_Uri (http://userid@example.com)" computerName="PC-SFERRARI" duration="00:00:00.0000031" startTime="2020-09-06T10:39:41.6780014+01:00" endTime="2020-09-06T10:39:41.6801938+01:00" testType="13cdc9d9-ddb5-4fa4-a97d-d965ccfc6d4b" outcome="Passed" testListId="8c84fa94-04c1-424b-9868-57a2d4851a1d" relativeResultsDirectory="e515795c-fcf6-4070-8b14-b7090c9480c4" dataRowInfo="23" resultType="DataDrivenDataRow" />
        <UnitTestResult executionId="4a2b8a0f-d1cd-4813-bba9-7a3e9b6549ca" parentExecutionId="5e0eab25-42ac-40e3-a8ad-33f2880e7fad" testId="30809299-0e3e-4ac7-4a2a-6f8c296d2226" testName="ToUri_Passing_ValidValueString_Returns_Uri (http://userid@example.com/)" computerName="PC-SFERRARI" duration="00:00:00.0000031" startTime="2020-09-06T10:39:41.6780014+01:00" endTime="2020-09-06T10:39:41.6801938+01:00" testType="13cdc9d9-ddb5-4fa4-a97d-d965ccfc6d4b" outcome="Passed" testListId="8c84fa94-04c1-424b-9868-57a2d4851a1d" relativeResultsDirectory="4a2b8a0f-d1cd-4813-bba9-7a3e9b6549ca" dataRowInfo="24" resultType="DataDrivenDataRow" />
        <UnitTestResult executionId="433c5bbc-f6d2-40c0-91c7-00c375e5f607" parentExecutionId="5e0eab25-42ac-40e3-a8ad-33f2880e7fad" testId="30809299-0e3e-4ac7-4a2a-6f8c296d2226" testName="ToUri_Passing_ValidValueString_Returns_Uri (http://userid@example.com:8080)" computerName="PC-SFERRARI" duration="00:00:00.0000031" startTime="2020-09-06T10:39:41.6780014+01:00" endTime="2020-09-06T10:39:41.6801938+01:00" testType="13cdc9d9-ddb5-4fa4-a97d-d965ccfc6d4b" outcome="Passed" testListId="8c84fa94-04c1-424b-9868-57a2d4851a1d" relativeResultsDirectory="433c5bbc-f6d2-40c0-91c7-00c375e5f607" dataRowInfo="25" resultType="DataDrivenDataRow" />
        <UnitTestResult executionId="bf08699e-11b9-4dc9-9efa-bbd7e63e0e54" parentExecutionId="5e0eab25-42ac-40e3-a8ad-33f2880e7fad" testId="30809299-0e3e-4ac7-4a2a-6f8c296d2226" testName="ToUri_Passing_ValidValueString_Returns_Uri (http://userid@example.com:8080/)" computerName="PC-SFERRARI" duration="00:00:00.0000031" startTime="2020-09-06T10:39:41.6780014+01:00" endTime="2020-09-06T10:39:41.6801938+01:00" testType="13cdc9d9-ddb5-4fa4-a97d-d965ccfc6d4b" outcome="Passed" testListId="8c84fa94-04c1-424b-9868-57a2d4851a1d" relativeResultsDirectory="bf08699e-11b9-4dc9-9efa-bbd7e63e0e54" dataRowInfo="26" resultType="DataDrivenDataRow" />
        <UnitTestResult executionId="40aff21b-1ad4-4b36-bae7-a7f64f909eaf" parentExecutionId="5e0eab25-42ac-40e3-a8ad-33f2880e7fad" testId="30809299-0e3e-4ac7-4a2a-6f8c296d2226" testName="ToUri_Passing_ValidValueString_Returns_Uri (http://userid:password@example.com)" computerName="PC-SFERRARI" duration="00:00:00.0000038" startTime="2020-09-06T10:39:41.6780014+01:00" endTime="2020-09-06T10:39:41.6801938+01:00" testType="13cdc9d9-ddb5-4fa4-a97d-d965ccfc6d4b" outcome="Passed" testListId="8c84fa94-04c1-424b-9868-57a2d4851a1d" relativeResultsDirectory="40aff21b-1ad4-4b36-bae7-a7f64f909eaf" dataRowInfo="27" resultType="DataDrivenDataRow" />
        <UnitTestResult executionId="87461c82-082a-49d3-95a7-73247432262a" parentExecutionId="5e0eab25-42ac-40e3-a8ad-33f2880e7fad" testId="30809299-0e3e-4ac7-4a2a-6f8c296d2226" testName="ToUri_Passing_ValidValueString_Returns_Uri (http://userid:password@example.com/)" computerName="PC-SFERRARI" duration="00:00:00.0000032" startTime="2020-09-06T10:39:41.6780014+01:00" endTime="2020-09-06T10:39:41.6801938+01:00" testType="13cdc9d9-ddb5-4fa4-a97d-d965ccfc6d4b" outcome="Passed" testListId="8c84fa94-04c1-424b-9868-57a2d4851a1d" relativeResultsDirectory="87461c82-082a-49d3-95a7-73247432262a" dataRowInfo="28" resultType="DataDrivenDataRow" />
        <UnitTestResult executionId="178f56b5-adeb-43e3-9d35-ace8107d6667" parentExecutionId="5e0eab25-42ac-40e3-a8ad-33f2880e7fad" testId="30809299-0e3e-4ac7-4a2a-6f8c296d2226" testName="ToUri_Passing_ValidValueString_Returns_Uri (http://142.42.1.1/)" computerName="PC-SFERRARI" duration="00:00:00.0000066" startTime="2020-09-06T10:39:41.6780014+01:00" endTime="2020-09-06T10:39:41.6801938+01:00" testType="13cdc9d9-ddb5-4fa4-a97d-d965ccfc6d4b" outcome="Passed" testListId="8c84fa94-04c1-424b-9868-57a2d4851a1d" relativeResultsDirectory="178f56b5-adeb-43e3-9d35-ace8107d6667" dataRowInfo="29" resultType="DataDrivenDataRow" />
        <UnitTestResult executionId="5210d338-052d-4d10-a99f-b5a609267013" parentExecutionId="5e0eab25-42ac-40e3-a8ad-33f2880e7fad" testId="30809299-0e3e-4ac7-4a2a-6f8c296d2226" testName="ToUri_Passing_ValidValueString_Returns_Uri (http://142.42.1.1:8080/)" computerName="PC-SFERRARI" duration="00:00:00.0000040" startTime="2020-09-06T10:39:41.6780014+01:00" endTime="2020-09-06T10:39:41.6801938+01:00" testType="13cdc9d9-ddb5-4fa4-a97d-d965ccfc6d4b" outcome="Passed" testListId="8c84fa94-04c1-424b-9868-57a2d4851a1d" relativeResultsDirectory="5210d338-052d-4d10-a99f-b5a609267013" dataRowInfo="30" resultType="DataDrivenDataRow" />
        <UnitTestResult executionId="bca2c6b3-68b5-4fd5-a1e2-702549594acd" parentExecutionId="5e0eab25-42ac-40e3-a8ad-33f2880e7fad" testId="30809299-0e3e-4ac7-4a2a-6f8c296d2226" testName="ToUri_Passing_ValidValueString_Returns_Uri (http://➡.ws/䨹)" computerName="PC-SFERRARI" duration="00:00:00.0000278" startTime="2020-09-06T10:39:41.6780014+01:00" endTime="2020-09-06T10:39:41.6801938+01:00" testType="13cdc9d9-ddb5-4fa4-a97d-d965ccfc6d4b" outcome="Passed" testListId="8c84fa94-04c1-424b-9868-57a2d4851a1d" relativeResultsDirectory="bca2c6b3-68b5-4fd5-a1e2-702549594acd" dataRowInfo="31" resultType="DataDrivenDataRow" />
        <UnitTestResult executionId="bdc8467b-92c7-4730-9dcc-20845c01f267" parentExecutionId="5e0eab25-42ac-40e3-a8ad-33f2880e7fad" testId="30809299-0e3e-4ac7-4a2a-6f8c296d2226" testName="ToUri_Passing_ValidValueString_Returns_Uri (http://⌘.ws)" computerName="PC-SFERRARI" duration="00:00:00.0000112" startTime="2020-09-06T10:39:41.6780014+01:00" endTime="2020-09-06T10:39:41.6801938+01:00" testType="13cdc9d9-ddb5-4fa4-a97d-d965ccfc6d4b" outcome="Passed" testListId="8c84fa94-04c1-424b-9868-57a2d4851a1d" relativeResultsDirectory="bdc8467b-92c7-4730-9dcc-20845c01f267" dataRowInfo="32" resultType="DataDrivenDataRow" />
        <UnitTestResult executionId="6c7a391e-9e5b-4c14-b561-3345051bcf1d" parentExecutionId="5e0eab25-42ac-40e3-a8ad-33f2880e7fad" testId="30809299-0e3e-4ac7-4a2a-6f8c296d2226" testName="ToUri_Passing_ValidValueString_Returns_Uri (http://⌘.ws/)" computerName="PC-SFERRARI" duration="00:00:00.0000058" startTime="2020-09-06T10:39:41.6780014+01:00" endTime="2020-09-06T10:39:41.6801938+01:00" testType="13cdc9d9-ddb5-4fa4-a97d-d965ccfc6d4b" outcome="Passed" testListId="8c84fa94-04c1-424b-9868-57a2d4851a1d" relativeResultsDirectory="6c7a391e-9e5b-4c14-b561-3345051bcf1d" dataRowInfo="33" resultType="DataDrivenDataRow" />
        <UnitTestResult executionId="f6a5aa78-5f85-4e2d-be1e-fa6b4754bce9" parentExecutionId="5e0eab25-42ac-40e3-a8ad-33f2880e7fad" testId="30809299-0e3e-4ac7-4a2a-6f8c296d2226" testName="ToUri_Passing_ValidValueString_Returns_Uri (http://foo.com/blah_(wikipedia)#cite-1)" computerName="PC-SFERRARI" duration="00:00:00.0000034" startTime="2020-09-06T10:39:41.6780014+01:00" endTime="2020-09-06T10:39:41.6801938+01:00" testType="13cdc9d9-ddb5-4fa4-a97d-d965ccfc6d4b" outcome="Passed" testListId="8c84fa94-04c1-424b-9868-57a2d4851a1d" relativeResultsDirectory="f6a5aa78-5f85-4e2d-be1e-fa6b4754bce9" dataRowInfo="34" resultType="DataDrivenDataRow" />
        <UnitTestResult executionId="89a3303c-eb00-4174-83ec-b870ed2ad33b" parentExecutionId="5e0eab25-42ac-40e3-a8ad-33f2880e7fad" testId="30809299-0e3e-4ac7-4a2a-6f8c296d2226" testName="ToUri_Passing_ValidValueString_Returns_Uri (http://foo.com/blah_(wikipedia)_blah#cite-1)" computerName="PC-SFERRARI" duration="00:00:00.0000031" startTime="2020-09-06T10:39:41.6780014+01:00" endTime="2020-09-06T10:39:41.6801938+01:00" testType="13cdc9d9-ddb5-4fa4-a97d-d965ccfc6d4b" outcome="Passed" testListId="8c84fa94-04c1-424b-9868-57a2d4851a1d" relativeResultsDirectory="89a3303c-eb00-4174-83ec-b870ed2ad33b" dataRowInfo="35" resultType="DataDrivenDataRow" />
        <UnitTestResult executionId="6f594098-fbd1-4c26-a4bb-2ee6b55f8405" parentExecutionId="5e0eab25-42ac-40e3-a8ad-33f2880e7fad" testId="30809299-0e3e-4ac7-4a2a-6f8c296d2226" testName="ToUri_Passing_ValidValueString_Returns_Uri (http://foo.com/unicode_(✪)_in_parens)" computerName="PC-SFERRARI" duration="00:00:00.0000061" startTime="2020-09-06T10:39:41.6780014+01:00" endTime="2020-09-06T10:39:41.6801938+01:00" testType="13cdc9d9-ddb5-4fa4-a97d-d965ccfc6d4b" outcome="Passed" testListId="8c84fa94-04c1-424b-9868-57a2d4851a1d" relativeResultsDirectory="6f594098-fbd1-4c26-a4bb-2ee6b55f8405" dataRowInfo="36" resultType="DataDrivenDataRow" />
        <UnitTestResult executionId="48bfc44b-76bb-4506-a48d-204dd10cea51" parentExecutionId="5e0eab25-42ac-40e3-a8ad-33f2880e7fad" testId="30809299-0e3e-4ac7-4a2a-6f8c296d2226" testName="ToUri_Passing_ValidValueString_Returns_Uri (http://foo.com/(something)?after=parens)" computerName="PC-SFERRARI" duration="00:00:00.0000032" startTime="2020-09-06T10:39:41.6780014+01:00" endTime="2020-09-06T10:39:41.6801938+01:00" testType="13cdc9d9-ddb5-4fa4-a97d-d965ccfc6d4b" outcome="Passed" testListId="8c84fa94-04c1-424b-9868-57a2d4851a1d" relativeResultsDirectory="48bfc44b-76bb-4506-a48d-204dd10cea51" dataRowInfo="37" resultType="DataDrivenDataRow" />
        <UnitTestResult executionId="3d0f6b2c-f799-4732-93a5-0b19be0ec655" parentExecutionId="5e0eab25-42ac-40e3-a8ad-33f2880e7fad" testId="30809299-0e3e-4ac7-4a2a-6f8c296d2226" testName="ToUri_Passing_ValidValueString_Returns_Uri (http://☺.damowmow.com/)" computerName="PC-SFERRARI" duration="00:00:00.0000071" startTime="2020-09-06T10:39:41.6780014+01:00" endTime="2020-09-06T10:39:41.6801938+01:00" testType="13cdc9d9-ddb5-4fa4-a97d-d965ccfc6d4b" outcome="Passed" testListId="8c84fa94-04c1-424b-9868-57a2d4851a1d" relativeResultsDirectory="3d0f6b2c-f799-4732-93a5-0b19be0ec655" dataRowInfo="38" resultType="DataDrivenDataRow" />
        <UnitTestResult executionId="5df73ff1-7c83-4c5f-bd7e-60cb2e3273ea" parentExecutionId="5e0eab25-42ac-40e3-a8ad-33f2880e7fad" testId="30809299-0e3e-4ac7-4a2a-6f8c296d2226" testName="ToUri_Passing_ValidValueString_Returns_Uri (http://code.google.com/events/#&amp;product=browser)" computerName="PC-SFERRARI" duration="00:00:00.0000037" startTime="2020-09-06T10:39:41.6780014+01:00" endTime="2020-09-06T10:39:41.6801938+01:00" testType="13cdc9d9-ddb5-4fa4-a97d-d965ccfc6d4b" outcome="Passed" testListId="8c84fa94-04c1-424b-9868-57a2d4851a1d" relativeResultsDirectory="5df73ff1-7c83-4c5f-bd7e-60cb2e3273ea" dataRowInfo="39" resultType="DataDrivenDataRow" />
        <UnitTestResult executionId="cdf838cf-5ba5-4f2e-adb3-aa81382d7157" parentExecutionId="5e0eab25-42ac-40e3-a8ad-33f2880e7fad" testId="30809299-0e3e-4ac7-4a2a-6f8c296d2226" testName="ToUri_Passing_ValidValueString_Returns_Uri (http://j.mp)" computerName="PC-SFERRARI" duration="00:00:00.0000031" startTime="2020-09-06T10:39:41.6780014+01:00" endTime="2020-09-06T10:39:41.6801938+01:00" testType="13cdc9d9-ddb5-4fa4-a97d-d965ccfc6d4b" outcome="Passed" testListId="8c84fa94-04c1-424b-9868-57a2d4851a1d" relativeResultsDirectory="cdf838cf-5ba5-4f2e-adb3-aa81382d7157" dataRowInfo="40" resultType="DataDrivenDataRow" />
        <UnitTestResult executionId="d6f1caeb-bdaf-42b0-b148-f216d15a7774" parentExecutionId="5e0eab25-42ac-40e3-a8ad-33f2880e7fad" testId="30809299-0e3e-4ac7-4a2a-6f8c296d2226" testName="ToUri_Passing_ValidValueString_Returns_Uri (http://foo.bar/?q=Test%20URL-encoded%20stuff)" computerName="PC-SFERRARI" duration="00:00:00.0000270" startTime="2020-09-06T10:39:41.6780014+01:00" endTime="2020-09-06T10:39:41.6801938+01:00" testType="13cdc9d9-ddb5-4fa4-a97d-d965ccfc6d4b" outcome="Passed" testListId="8c84fa94-04c1-424b-9868-57a2d4851a1d" relativeResultsDirectory="d6f1caeb-bdaf-42b0-b148-f216d15a7774" dataRowInfo="41" resultType="DataDrivenDataRow" />
        <UnitTestResult executionId="5bf31d1a-ddb5-4ad7-9da8-018deca8bc4a" parentExecutionId="5e0eab25-42ac-40e3-a8ad-33f2880e7fad" testId="30809299-0e3e-4ac7-4a2a-6f8c296d2226" testName="ToUri_Passing_ValidValueString_Returns_Uri (http://مثال.إختبار)" computerName="PC-SFERRARI" duration="00:00:00.0000109" startTime="2020-09-06T10:39:41.6780014+01:00" endTime="2020-09-06T10:39:41.6801938+01:00" testType="13cdc9d9-ddb5-4fa4-a97d-d965ccfc6d4b" outcome="Passed" testListId="8c84fa94-04c1-424b-9868-57a2d4851a1d" relativeResultsDirectory="5bf31d1a-ddb5-4ad7-9da8-018deca8bc4a" dataRowInfo="42" resultType="DataDrivenDataRow" />
        <UnitTestResult executionId="e5fa7121-5ef7-4fde-9618-423521057521" parentExecutionId="5e0eab25-42ac-40e3-a8ad-33f2880e7fad" testId="30809299-0e3e-4ac7-4a2a-6f8c296d2226" testName="ToUri_Passing_ValidValueString_Returns_Uri (http://例子.测试)" computerName="PC-SFERRARI" duration="00:00:00.0000063" startTime="2020-09-06T10:39:41.6780014+01:00" endTime="2020-09-06T10:39:41.6801938+01:00" testType="13cdc9d9-ddb5-4fa4-a97d-d965ccfc6d4b" outcome="Passed" testListId="8c84fa94-04c1-424b-9868-57a2d4851a1d" relativeResultsDirectory="e5fa7121-5ef7-4fde-9618-423521057521" dataRowInfo="43" resultType="DataDrivenDataRow" />
        <UnitTestResult executionId="71bb0fef-ba84-4ecf-8645-6b38bbdf097e" parentExecutionId="5e0eab25-42ac-40e3-a8ad-33f2880e7fad" testId="30809299-0e3e-4ac7-4a2a-6f8c296d2226" testName="ToUri_Passing_ValidValueString_Returns_Uri (http://उदाहरण.परीक्ष)" computerName="PC-SFERRARI" duration="00:00:00.0000067" startTime="2020-09-06T10:39:41.6780014+01:00" endTime="2020-09-06T10:39:41.6801938+01:00" testType="13cdc9d9-ddb5-4fa4-a97d-d965ccfc6d4b" outcome="Passed" testListId="8c84fa94-04c1-424b-9868-57a2d4851a1d" relativeResultsDirectory="71bb0fef-ba84-4ecf-8645-6b38bbdf097e" dataRowInfo="44" resultType="DataDrivenDataRow" />
        <UnitTestResult executionId="1b0a7bce-9c70-4bc1-975b-eab3175afff6" parentExecutionId="5e0eab25-42ac-40e3-a8ad-33f2880e7fad" testId="30809299-0e3e-4ac7-4a2a-6f8c296d2226" testName="ToUri_Passing_ValidValueString_Returns_Uri (http://-.~_!$&amp;'()*+,;=:%40:80%2f::::::@example.com)" computerName="PC-SFERRARI" duration="00:00:00.0000044" startTime="2020-09-06T10:39:41.6780014+01:00" endTime="2020-09-06T10:39:41.6801938+01:00" testType="13cdc9d9-ddb5-4fa4-a97d-d965ccfc6d4b" outcome="Passed" testListId="8c84fa94-04c1-424b-9868-57a2d4851a1d" relativeResultsDirectory="1b0a7bce-9c70-4bc1-975b-eab3175afff6" dataRowInfo="45" resultType="DataDrivenDataRow" />
        <UnitTestResult executionId="51cfdb38-f129-4ab3-818b-28520ba1c3a6" parentExecutionId="5e0eab25-42ac-40e3-a8ad-33f2880e7fad" testId="30809299-0e3e-4ac7-4a2a-6f8c296d2226" testName="ToUri_Passing_ValidValueString_Returns_Uri (http://1337.net)" computerName="PC-SFERRARI" duration="00:00:00.0000034" startTime="2020-09-06T10:39:41.6780014+01:00" endTime="2020-09-06T10:39:41.6801938+01:00" testType="13cdc9d9-ddb5-4fa4-a97d-d965ccfc6d4b" outcome="Passed" testListId="8c84fa94-04c1-424b-9868-57a2d4851a1d" relativeResultsDirectory="51cfdb38-f129-4ab3-818b-28520ba1c3a6" dataRowInfo="46" resultType="DataDrivenDataRow" />
        <UnitTestResult executionId="82ea52c0-7c9e-4496-963b-00e28f45a5d0" parentExecutionId="5e0eab25-42ac-40e3-a8ad-33f2880e7fad" testId="30809299-0e3e-4ac7-4a2a-6f8c296d2226" testName="ToUri_Passing_ValidValueString_Returns_Uri (http://a.b-c.de)" computerName="PC-SFERRARI" duration="00:00:00.0000033" startTime="2020-09-06T10:39:41.6780014+01:00" endTime="2020-09-06T10:39:41.6801938+01:00" testType="13cdc9d9-ddb5-4fa4-a97d-d965ccfc6d4b" outcome="Passed" testListId="8c84fa94-04c1-424b-9868-57a2d4851a1d" relativeResultsDirectory="82ea52c0-7c9e-4496-963b-00e28f45a5d0" dataRowInfo="47" resultType="DataDrivenDataRow" />
        <UnitTestResult executionId="84028515-0e37-4a18-ab04-3f465679c5ae" parentExecutionId="5e0eab25-42ac-40e3-a8ad-33f2880e7fad" testId="30809299-0e3e-4ac7-4a2a-6f8c296d2226" testName="ToUri_Passing_ValidValueString_Returns_Uri (http://223.255.255.254)" computerName="PC-SFERRARI" duration="00:00:00.0000033" startTime="2020-09-06T10:39:41.6780014+01:00" endTime="2020-09-06T10:39:41.6801938+01:00" testType="13cdc9d9-ddb5-4fa4-a97d-d965ccfc6d4b" outcome="Passed" testListId="8c84fa94-04c1-424b-9868-57a2d4851a1d" relativeResultsDirectory="84028515-0e37-4a18-ab04-3f465679c5ae" dataRowInfo="48" resultType="DataDrivenDataRow" />
      </InnerResults>
    </UnitTestResult>
    <UnitTestResult executionId="af141a17-908c-43ca-87cf-8639e4e63b43" testId="a1095294-226e-a0f0-0154-11290289c9db" testName="ToStringFormat_Passing_ValidValue_Returns_ValueWithoutRemovedChars" computerName="PC-SFERRARI" duration="00:00:00.0005211" startTime="2020-09-06T10:39:40.8608848+01:00" endTime="2020-09-06T10:39:40.8616475+01:00" testType="13cdc9d9-ddb5-4fa4-a97d-d965ccfc6d4b" outcome="Passed" testListId="8c84fa94-04c1-424b-9868-57a2d4851a1d" relativeResultsDirectory="af141a17-908c-43ca-87cf-8639e4e63b43" resultType="DataDrivenTest">
      <InnerResults>
        <UnitTestResult executionId="a7fa07fe-bb09-4385-a004-6b8fb8becf70" parentExecutionId="af141a17-908c-43ca-87cf-8639e4e63b43" testId="a1095294-226e-a0f0-0154-11290289c9db" testName="ToStringFormat_Passing_ValidValue_Returns_ValueWithoutRemovedChars (0)" computerName="PC-SFERRARI" duration="00:00:00.0004039" startTime="2020-09-06T10:39:40.8608848+01:00" endTime="2020-09-06T10:39:40.8616475+01:00" testType="13cdc9d9-ddb5-4fa4-a97d-d965ccfc6d4b" outcome="Passed" testListId="8c84fa94-04c1-424b-9868-57a2d4851a1d" relativeResultsDirectory="a7fa07fe-bb09-4385-a004-6b8fb8becf70" dataRowInfo="1" resultType="DataDrivenDataRow" />
        <UnitTestResult executionId="0c8f8e87-b6ef-4fd5-a818-fb399a1f2d75" parentExecutionId="af141a17-908c-43ca-87cf-8639e4e63b43" testId="a1095294-226e-a0f0-0154-11290289c9db" testName="ToStringFormat_Passing_ValidValue_Returns_ValueWithoutRemovedChars (1)" computerName="PC-SFERRARI" duration="00:00:00.0000074" startTime="2020-09-06T10:39:40.8608848+01:00" endTime="2020-09-06T10:39:40.8616475+01:00" testType="13cdc9d9-ddb5-4fa4-a97d-d965ccfc6d4b" outcome="Passed" testListId="8c84fa94-04c1-424b-9868-57a2d4851a1d" relativeResultsDirectory="0c8f8e87-b6ef-4fd5-a818-fb399a1f2d75" dataRowInfo="2" resultType="DataDrivenDataRow" />
        <UnitTestResult executionId="7123b6dc-6308-483d-a14b-0da765d79248" parentExecutionId="af141a17-908c-43ca-87cf-8639e4e63b43" testId="a1095294-226e-a0f0-0154-11290289c9db" testName="ToStringFormat_Passing_ValidValue_Returns_ValueWithoutRemovedChars (-1)" computerName="PC-SFERRARI" duration="00:00:00.0000103" startTime="2020-09-06T10:39:40.8608848+01:00" endTime="2020-09-06T10:39:40.8616475+01:00" testType="13cdc9d9-ddb5-4fa4-a97d-d965ccfc6d4b" outcome="Passed" testListId="8c84fa94-04c1-424b-9868-57a2d4851a1d" relativeResultsDirectory="7123b6dc-6308-483d-a14b-0da765d79248" dataRowInfo="3" resultType="DataDrivenDataRow" />
        <UnitTestResult executionId="b01e126b-6457-4cc0-890d-28ee226ce931" parentExecutionId="af141a17-908c-43ca-87cf-8639e4e63b43" testId="a1095294-226e-a0f0-0154-11290289c9db" testName="ToStringFormat_Passing_ValidValue_Returns_ValueWithoutRemovedChars (2147483647)" computerName="PC-SFERRARI" duration="00:00:00.0000030" startTime="2020-09-06T10:39:40.8608848+01:00" endTime="2020-09-06T10:39:40.8616475+01:00" testType="13cdc9d9-ddb5-4fa4-a97d-d965ccfc6d4b" outcome="Passed" testListId="8c84fa94-04c1-424b-9868-57a2d4851a1d" relativeResultsDirectory="b01e126b-6457-4cc0-890d-28ee226ce931" dataRowInfo="4" resultType="DataDrivenDataRow" />
        <UnitTestResult executionId="c3ed85c5-a611-4780-8328-421297c449ad" parentExecutionId="af141a17-908c-43ca-87cf-8639e4e63b43" testId="a1095294-226e-a0f0-0154-11290289c9db" testName="ToStringFormat_Passing_ValidValue_Returns_ValueWithoutRemovedChars (-2147483648)" computerName="PC-SFERRARI" duration="00:00:00.0000027" startTime="2020-09-06T10:39:40.8608848+01:00" endTime="2020-09-06T10:39:40.8616475+01:00" testType="13cdc9d9-ddb5-4fa4-a97d-d965ccfc6d4b" outcome="Passed" testListId="8c84fa94-04c1-424b-9868-57a2d4851a1d" relativeResultsDirectory="c3ed85c5-a611-4780-8328-421297c449ad" dataRowInfo="5" resultType="DataDrivenDataRow" />
      </InnerResults>
    </UnitTestResult>
    <UnitTestResult executionId="968133e5-f763-4cc6-af21-30d806c6142e" testId="a272f84c-2bd5-daa4-4afe-22346b802f86" testName="ToGet_Passing_Claims_Returns_Claim_Value_Object" computerName="PC-SFERRARI" duration="00:00:00.0052508" startTime="2020-09-06T10:39:38.1057517+01:00" endTime="2020-09-06T10:39:38.1111494+01:00" testType="13cdc9d9-ddb5-4fa4-a97d-d965ccfc6d4b" outcome="Passed" testListId="8c84fa94-04c1-424b-9868-57a2d4851a1d" relativeResultsDirectory="968133e5-f763-4cc6-af21-30d806c6142e" />
    <UnitTestResult executionId="8a0b21c9-1310-4410-91c0-fc3b00e21945" testId="ffa669f9-8e25-a33b-f8f7-c3ba4a576a2b" testName="ToDefaultValue_Passing_ValidStruct_Returns_DefaultValue" computerName="PC-SFERRARI" duration="00:00:00.0002826" startTime="2020-09-06T10:39:42.3655378+01:00" endTime="2020-09-06T10:39:42.3659002+01:00" testType="13cdc9d9-ddb5-4fa4-a97d-d965ccfc6d4b" outcome="Passed" testListId="8c84fa94-04c1-424b-9868-57a2d4851a1d" relativeResultsDirectory="8a0b21c9-1310-4410-91c0-fc3b00e21945" />
    <UnitTestResult executionId="f3f12c5b-51a4-403a-95ee-bb08c6c46386" testId="27cc1a96-8264-8762-05bc-aa63ccb155d7" testName="ToMapClone_Passing_Source_Returns_New_Source_Object" computerName="PC-SFERRARI" duration="00:00:00.3946946" startTime="2020-09-06T10:39:36.9049920+01:00" endTime="2020-09-06T10:39:37.3001049+01:00" testType="13cdc9d9-ddb5-4fa4-a97d-d965ccfc6d4b" outcome="Passed" testListId="8c84fa94-04c1-424b-9868-57a2d4851a1d" relativeResultsDirectory="f3f12c5b-51a4-403a-95ee-bb08c6c46386" />
    <UnitTestResult executionId="02ddc1f9-9782-4d1c-823e-34b79e1f5a05" testId="b871cd27-681f-8d07-6c2a-809341ba2909" testName="ToList_Passing_ValidEnumTypeWithSelectedValue_Returns_ValuesList" computerName="PC-SFERRARI" duration="00:00:00.0003960" startTime="2020-09-06T10:39:38.7190752+01:00" endTime="2020-09-06T10:39:38.7195721+01:00" testType="13cdc9d9-ddb5-4fa4-a97d-d965ccfc6d4b" outcome="Passed" testListId="8c84fa94-04c1-424b-9868-57a2d4851a1d" relativeResultsDirectory="02ddc1f9-9782-4d1c-823e-34b79e1f5a05" />
    <UnitTestResult executionId="40dd4b39-37df-437d-b04f-faab3fe76873" testId="21ae5425-e2d1-002f-334f-105a6a674a01" testName="ToEnvironment_ServiceCollection_Passing_Custom_Enviroment_Returns_Custom_Name" computerName="PC-SFERRARI" duration="00:00:00.0007282" startTime="2020-09-06T10:39:38.2524654+01:00" endTime="2020-09-06T10:39:38.2533285+01:00" testType="13cdc9d9-ddb5-4fa4-a97d-d965ccfc6d4b" outcome="Passed" testListId="8c84fa94-04c1-424b-9868-57a2d4851a1d" relativeResultsDirectory="40dd4b39-37df-437d-b04f-faab3fe76873" />
    <UnitTestResult executionId="6345434d-f589-434f-a7e4-0f86c2ddb63a" testId="f828057e-351a-48b7-0028-e57f15c7217e" testName="ToDefaultValue_Passing_uint_Returns_Cero" computerName="PC-SFERRARI" duration="00:00:00.0002968" startTime="2020-09-06T10:39:38.8111678+01:00" endTime="2020-09-06T10:39:38.8115353+01:00" testType="13cdc9d9-ddb5-4fa4-a97d-d965ccfc6d4b" outcome="Passed" testListId="8c84fa94-04c1-424b-9868-57a2d4851a1d" relativeResultsDirectory="6345434d-f589-434f-a7e4-0f86c2ddb63a" resultType="DataDrivenTest">
      <InnerResults>
        <UnitTestResult executionId="0360bd57-eeea-45f6-bbac-8320bea2a4b4" parentExecutionId="6345434d-f589-434f-a7e4-0f86c2ddb63a" testId="f828057e-351a-48b7-0028-e57f15c7217e" testName="ToDefaultValue_Passing_uint_Returns_Cero (4294967295)" computerName="PC-SFERRARI" duration="00:00:00.0002586" startTime="2020-09-06T10:39:38.8111678+01:00" endTime="2020-09-06T10:39:38.8115353+01:00" testType="13cdc9d9-ddb5-4fa4-a97d-d965ccfc6d4b" outcome="Passed" testListId="8c84fa94-04c1-424b-9868-57a2d4851a1d" relativeResultsDirectory="0360bd57-eeea-45f6-bbac-8320bea2a4b4" dataRowInfo="1" resultType="DataDrivenDataRow" />
      </InnerResults>
    </UnitTestResult>
    <UnitTestResult executionId="0cb9ec26-04fa-4964-a904-e3a6d9d0a526" testId="57d3cdd8-8268-9aa3-6f39-3cc0224b305c" testName="ToExists_Passing_Claims_Returns_True" computerName="PC-SFERRARI" duration="00:00:00.0013298" startTime="2020-09-06T10:39:38.0570710+01:00" endTime="2020-09-06T10:39:38.0585399+01:00" testType="13cdc9d9-ddb5-4fa4-a97d-d965ccfc6d4b" outcome="Passed" testListId="8c84fa94-04c1-424b-9868-57a2d4851a1d" relativeResultsDirectory="0cb9ec26-04fa-4964-a904-e3a6d9d0a526" />
    <UnitTestResult executionId="cf053ad7-c423-46fa-86e2-5c9c0bdc98f9" testId="313cfb2c-8c3b-337b-12f8-296f8611376d" testName="ToConfigureOrDefault_Passing_ActionCustomValues_Returns_CustomValues" computerName="PC-SFERRARI" duration="00:00:00.0089520" startTime="2020-09-06T10:39:36.7524268+01:00" endTime="2020-09-06T10:39:36.8943703+01:00" testType="13cdc9d9-ddb5-4fa4-a97d-d965ccfc6d4b" outcome="Passed" testListId="8c84fa94-04c1-424b-9868-57a2d4851a1d" relativeResultsDirectory="cf053ad7-c423-46fa-86e2-5c9c0bdc98f9">
      <Output>
        <StdOut>ClassName: Kitpymes.Core.Shared.Tests.ActionExtensionsTests</StdOut>
      </Output>
    </UnitTestResult>
    <UnitTestResult executionId="4ba3563b-6ff9-4b57-854a-5c58ba0b4279" testId="320700ce-aa3b-5818-fb18-706cf7605472" testName="ToAttribute_Passing_Enumeration_Name_Returns_Atributte" computerName="PC-SFERRARI" duration="00:00:00.0019601" startTime="2020-09-06T10:39:38.6520297+01:00" endTime="2020-09-06T10:39:38.6541973+01:00" testType="13cdc9d9-ddb5-4fa4-a97d-d965ccfc6d4b" outcome="Passed" testListId="8c84fa94-04c1-424b-9868-57a2d4851a1d" relativeResultsDirectory="4ba3563b-6ff9-4b57-854a-5c58ba0b4279" />
    <UnitTestResult executionId="b021e76e-3eaa-4475-b534-2d31b541a874" testId="447ced0a-6221-43ff-44ab-4ee12ee4d012" testName="IsDomain_Passing_ValidArguments_Returns_HasErrorsAndCount" computerName="PC-SFERRARI" duration="00:00:00.0004138" startTime="2020-09-06T10:39:37.8922015+01:00" endTime="2020-09-06T10:39:37.8927907+01:00" testType="13cdc9d9-ddb5-4fa4-a97d-d965ccfc6d4b" outcome="Passed" testListId="8c84fa94-04c1-424b-9868-57a2d4851a1d" relativeResultsDirectory="b021e76e-3eaa-4475-b534-2d31b541a874" />
    <UnitTestResult executionId="ffe50791-fb7b-4312-8583-414729f4423e" testId="04084e8e-c859-4ef5-e2a7-4fb2803cb2a3" testName="ToReplace_Passing_ValidValue_Returns_ReplacedValue" computerName="PC-SFERRARI" duration="00:00:00.0007105" startTime="2020-09-06T10:39:41.5838063+01:00" endTime="2020-09-06T10:39:41.5846970+01:00" testType="13cdc9d9-ddb5-4fa4-a97d-d965ccfc6d4b" outcome="Passed" testListId="8c84fa94-04c1-424b-9868-57a2d4851a1d" relativeResultsDirectory="ffe50791-fb7b-4312-8583-414729f4423e" resultType="DataDrivenTest">
      <InnerResults>
        <UnitTestResult executionId="99b4e1b0-0297-48cd-b284-f48c89ed28f4" parentExecutionId="ffe50791-fb7b-4312-8583-414729f4423e" testId="04084e8e-c859-4ef5-e2a7-4fb2803cb2a3" testName="ToReplace_Passing_ValidValue_Returns_ReplacedValue (aeiou,*,0,1,*eiou)" computerName="PC-SFERRARI" duration="00:00:00.0005074" startTime="2020-09-06T10:39:41.5838063+01:00" endTime="2020-09-06T10:39:41.5846970+01:00" testType="13cdc9d9-ddb5-4fa4-a97d-d965ccfc6d4b" outcome="Passed" testListId="8c84fa94-04c1-424b-9868-57a2d4851a1d" relativeResultsDirectory="99b4e1b0-0297-48cd-b284-f48c89ed28f4" dataRowInfo="1" resultType="DataDrivenDataRow" />
        <UnitTestResult executionId="eb68401b-cb00-400e-a39b-f8d7d8b7cd85" parentExecutionId="ffe50791-fb7b-4312-8583-414729f4423e" testId="04084e8e-c859-4ef5-e2a7-4fb2803cb2a3" testName="ToReplace_Passing_ValidValue_Returns_ReplacedValue (aeiou,*,0,2,**iou)" computerName="PC-SFERRARI" duration="00:00:00.0000098" startTime="2020-09-06T10:39:41.5838063+01:00" endTime="2020-09-06T10:39:41.5846970+01:00" testType="13cdc9d9-ddb5-4fa4-a97d-d965ccfc6d4b" outcome="Passed" testListId="8c84fa94-04c1-424b-9868-57a2d4851a1d" relativeResultsDirectory="eb68401b-cb00-400e-a39b-f8d7d8b7cd85" dataRowInfo="2" resultType="DataDrivenDataRow" />
        <UnitTestResult executionId="3b6a4508-6e25-443c-8666-883569b9c541" parentExecutionId="ffe50791-fb7b-4312-8583-414729f4423e" testId="04084e8e-c859-4ef5-e2a7-4fb2803cb2a3" testName="ToReplace_Passing_ValidValue_Returns_ReplacedValue (aeiou,*,0,3,***ou)" computerName="PC-SFERRARI" duration="00:00:00.0000037" startTime="2020-09-06T10:39:41.5838063+01:00" endTime="2020-09-06T10:39:41.5846970+01:00" testType="13cdc9d9-ddb5-4fa4-a97d-d965ccfc6d4b" outcome="Passed" testListId="8c84fa94-04c1-424b-9868-57a2d4851a1d" relativeResultsDirectory="3b6a4508-6e25-443c-8666-883569b9c541" dataRowInfo="3" resultType="DataDrivenDataRow" />
        <UnitTestResult executionId="56791ac3-338f-4641-8360-673ab3ff7851" parentExecutionId="ffe50791-fb7b-4312-8583-414729f4423e" testId="04084e8e-c859-4ef5-e2a7-4fb2803cb2a3" testName="ToReplace_Passing_ValidValue_Returns_ReplacedValue (aeiou,*,0,4,****u)" computerName="PC-SFERRARI" duration="00:00:00.0000031" startTime="2020-09-06T10:39:41.5838063+01:00" endTime="2020-09-06T10:39:41.5846970+01:00" testType="13cdc9d9-ddb5-4fa4-a97d-d965ccfc6d4b" outcome="Passed" testListId="8c84fa94-04c1-424b-9868-57a2d4851a1d" relativeResultsDirectory="56791ac3-338f-4641-8360-673ab3ff7851" dataRowInfo="4" resultType="DataDrivenDataRow" />
        <UnitTestResult executionId="4a95d607-b955-4df1-9e18-3c06eba2fe8e" parentExecutionId="ffe50791-fb7b-4312-8583-414729f4423e" testId="04084e8e-c859-4ef5-e2a7-4fb2803cb2a3" testName="ToReplace_Passing_ValidValue_Returns_ReplacedValue (aeiou,*,0,5,*****)" computerName="PC-SFERRARI" duration="00:00:00.0000029" startTime="2020-09-06T10:39:41.5838063+01:00" endTime="2020-09-06T10:39:41.5846970+01:00" testType="13cdc9d9-ddb5-4fa4-a97d-d965ccfc6d4b" outcome="Passed" testListId="8c84fa94-04c1-424b-9868-57a2d4851a1d" relativeResultsDirectory="4a95d607-b955-4df1-9e18-3c06eba2fe8e" dataRowInfo="5" resultType="DataDrivenDataRow" />
        <UnitTestResult executionId="d9646fe3-f167-4ea8-94bf-e64cad35d434" parentExecutionId="ffe50791-fb7b-4312-8583-414729f4423e" testId="04084e8e-c859-4ef5-e2a7-4fb2803cb2a3" testName="ToReplace_Passing_ValidValue_Returns_ReplacedValue (aeiou,*,2,1,ae*ou)" computerName="PC-SFERRARI" duration="00:00:00.0000027" startTime="2020-09-06T10:39:41.5838063+01:00" endTime="2020-09-06T10:39:41.5846970+01:00" testType="13cdc9d9-ddb5-4fa4-a97d-d965ccfc6d4b" outcome="Passed" testListId="8c84fa94-04c1-424b-9868-57a2d4851a1d" relativeResultsDirectory="d9646fe3-f167-4ea8-94bf-e64cad35d434" dataRowInfo="6" resultType="DataDrivenDataRow" />
        <UnitTestResult executionId="1426aacf-9d6d-4e9d-ae76-a8b394179640" parentExecutionId="ffe50791-fb7b-4312-8583-414729f4423e" testId="04084e8e-c859-4ef5-e2a7-4fb2803cb2a3" testName="ToReplace_Passing_ValidValue_Returns_ReplacedValue (aeiou,*,2,2,ae**u)" computerName="PC-SFERRARI" duration="00:00:00.0000027" startTime="2020-09-06T10:39:41.5838063+01:00" endTime="2020-09-06T10:39:41.5846970+01:00" testType="13cdc9d9-ddb5-4fa4-a97d-d965ccfc6d4b" outcome="Passed" testListId="8c84fa94-04c1-424b-9868-57a2d4851a1d" relativeResultsDirectory="1426aacf-9d6d-4e9d-ae76-a8b394179640" dataRowInfo="7" resultType="DataDrivenDataRow" />
      </InnerResults>
    </UnitTestResult>
    <UnitTestResult executionId="f72d42e8-5145-49cc-96da-a58acf12b1e9" testId="c2d3c8df-32e7-92dc-91f8-057e8c4da6b9" testName="ToTomorrow_Passing_DateTime_Returns_Tomorrow_DateTime" computerName="PC-SFERRARI" duration="00:00:00.0002427" startTime="2020-09-06T10:39:38.6216497+01:00" endTime="2020-09-06T10:39:38.6219737+01:00" testType="13cdc9d9-ddb5-4fa4-a97d-d965ccfc6d4b" outcome="Passed" testListId="8c84fa94-04c1-424b-9868-57a2d4851a1d" relativeResultsDirectory="f72d42e8-5145-49cc-96da-a58acf12b1e9" />
    <UnitTestResult executionId="824c16b2-a193-4476-9419-f6bce384f3fe" testId="c63cd623-e636-5730-a1fa-b18ae782acc7" testName="ToInt_Passing_Enumeration_Name_Returns_Description_Atributte" computerName="PC-SFERRARI" duration="00:00:00.0048952" startTime="2020-09-06T10:39:38.6563515+01:00" endTime="2020-09-06T10:39:38.6613712+01:00" testType="13cdc9d9-ddb5-4fa4-a97d-d965ccfc6d4b" outcome="Passed" testListId="8c84fa94-04c1-424b-9868-57a2d4851a1d" relativeResultsDirectory="824c16b2-a193-4476-9419-f6bce384f3fe" />
    <UnitTestResult executionId="5ce1bc13-193c-4a37-8523-8c2d1832478b" testId="1f6423c7-4317-6f5b-c112-f4c9c7e822af" testName="ToEmailMaskUserNameAndDomainAndExtension_Passing_ValidEmail_Returns_EmailWithMask" computerName="PC-SFERRARI" duration="00:00:00.0013435" startTime="2020-09-06T10:39:41.0531682+01:00" endTime="2020-09-06T10:39:41.0546560+01:00" testType="13cdc9d9-ddb5-4fa4-a97d-d965ccfc6d4b" outcome="Passed" testListId="8c84fa94-04c1-424b-9868-57a2d4851a1d" relativeResultsDirectory="5ce1bc13-193c-4a37-8523-8c2d1832478b" resultType="DataDrivenTest">
      <InnerResults>
        <UnitTestResult executionId="8c71a290-f5af-46d5-b3f3-7212aef11953" parentExecutionId="5ce1bc13-193c-4a37-8523-8c2d1832478b" testId="1f6423c7-4317-6f5b-c112-f4c9c7e822af" testName="ToEmailMaskUserNameAndDomainAndExtension_Passing_ValidEmail_Returns_EmailWithMask (qaz@gmail.com,q*z@g***l.c*m)" computerName="PC-SFERRARI" duration="00:00:00.0011002" startTime="2020-09-06T10:39:41.0531682+01:00" endTime="2020-09-06T10:39:41.0546560+01:00" testType="13cdc9d9-ddb5-4fa4-a97d-d965ccfc6d4b" outcome="Passed" testListId="8c84fa94-04c1-424b-9868-57a2d4851a1d" relativeResultsDirectory="8c71a290-f5af-46d5-b3f3-7212aef11953" dataRowInfo="1" resultType="DataDrivenDataRow" />
        <UnitTestResult executionId="35ed19bb-19f3-4611-be89-84f09ca05d63" parentExecutionId="5ce1bc13-193c-4a37-8523-8c2d1832478b" testId="1f6423c7-4317-6f5b-c112-f4c9c7e822af" testName="ToEmailMaskUserNameAndDomainAndExtension_Passing_ValidEmail_Returns_EmailWithMask (qazwsx@gmail.com,q****x@g***l.c*m)" computerName="PC-SFERRARI" duration="00:00:00.0000275" startTime="2020-09-06T10:39:41.0531682+01:00" endTime="2020-09-06T10:39:41.0546560+01:00" testType="13cdc9d9-ddb5-4fa4-a97d-d965ccfc6d4b" outcome="Passed" testListId="8c84fa94-04c1-424b-9868-57a2d4851a1d" relativeResultsDirectory="35ed19bb-19f3-4611-be89-84f09ca05d63" dataRowInfo="2" resultType="DataDrivenDataRow" />
        <UnitTestResult executionId="b7154bcc-38a9-4261-993a-5bde9d8b148c" parentExecutionId="5ce1bc13-193c-4a37-8523-8c2d1832478b" testId="1f6423c7-4317-6f5b-c112-f4c9c7e822af" testName="ToEmailMaskUserNameAndDomainAndExtension_Passing_ValidEmail_Returns_EmailWithMask (qazwsxedc@gmail.com,q*******c@g***l.c*m)" computerName="PC-SFERRARI" duration="00:00:00.0000196" startTime="2020-09-06T10:39:41.0531682+01:00" endTime="2020-09-06T10:39:41.0546560+01:00" testType="13cdc9d9-ddb5-4fa4-a97d-d965ccfc6d4b" outcome="Passed" testListId="8c84fa94-04c1-424b-9868-57a2d4851a1d" relativeResultsDirectory="b7154bcc-38a9-4261-993a-5bde9d8b148c" dataRowInfo="3" resultType="DataDrivenDataRow" />
        <UnitTestResult executionId="4fe20355-1297-46c9-b5dc-3de4cec74e45" parentExecutionId="5ce1bc13-193c-4a37-8523-8c2d1832478b" testId="1f6423c7-4317-6f5b-c112-f4c9c7e822af" testName="ToEmailMaskUserNameAndDomainAndExtension_Passing_ValidEmail_Returns_EmailWithMask (qaz@gmailgmail.com,q*z@g********l.c*m)" computerName="PC-SFERRARI" duration="00:00:00.0000181" startTime="2020-09-06T10:39:41.0531682+01:00" endTime="2020-09-06T10:39:41.0546560+01:00" testType="13cdc9d9-ddb5-4fa4-a97d-d965ccfc6d4b" outcome="Passed" testListId="8c84fa94-04c1-424b-9868-57a2d4851a1d" relativeResultsDirectory="4fe20355-1297-46c9-b5dc-3de4cec74e45" dataRowInfo="4" resultType="DataDrivenDataRow" />
        <UnitTestResult executionId="8b65b0ef-396b-4f90-8dda-69827eb16f00" parentExecutionId="5ce1bc13-193c-4a37-8523-8c2d1832478b" testId="1f6423c7-4317-6f5b-c112-f4c9c7e822af" testName="ToEmailMaskUserNameAndDomainAndExtension_Passing_ValidEmail_Returns_EmailWithMask (qazwsx@gmailgmail.com,q****x@g********l.c*m)" computerName="PC-SFERRARI" duration="00:00:00.0000188" startTime="2020-09-06T10:39:41.0531682+01:00" endTime="2020-09-06T10:39:41.0546560+01:00" testType="13cdc9d9-ddb5-4fa4-a97d-d965ccfc6d4b" outcome="Passed" testListId="8c84fa94-04c1-424b-9868-57a2d4851a1d" relativeResultsDirectory="8b65b0ef-396b-4f90-8dda-69827eb16f00" dataRowInfo="5" resultType="DataDrivenDataRow" />
        <UnitTestResult executionId="1bf4b230-3f30-427a-bc74-3bddd296ec83" parentExecutionId="5ce1bc13-193c-4a37-8523-8c2d1832478b" testId="1f6423c7-4317-6f5b-c112-f4c9c7e822af" testName="ToEmailMaskUserNameAndDomainAndExtension_Passing_ValidEmail_Returns_EmailWithMask (qazwsxedc@gmailgmail.com,q*******c@g********l.c*m)" computerName="PC-SFERRARI" duration="00:00:00.0000217" startTime="2020-09-06T10:39:41.0531682+01:00" endTime="2020-09-06T10:39:41.0546560+01:00" testType="13cdc9d9-ddb5-4fa4-a97d-d965ccfc6d4b" outcome="Passed" testListId="8c84fa94-04c1-424b-9868-57a2d4851a1d" relativeResultsDirectory="1bf4b230-3f30-427a-bc74-3bddd296ec83" dataRowInfo="6" resultType="DataDrivenDataRow" />
      </InnerResults>
    </UnitTestResult>
    <UnitTestResult executionId="c9c3ea95-c0d7-4e1a-b6c0-6c8078f35417" testId="ee30e1f9-ce80-c70a-1b56-b7e02750ae26" testName="IsDirectory_Passing_InvalidArguments_Returns_HasErrorsAndCount" computerName="PC-SFERRARI" duration="00:00:00.0002626" startTime="2020-09-06T10:39:37.8666741+01:00" endTime="2020-09-06T10:39:37.8670176+01:00" testType="13cdc9d9-ddb5-4fa4-a97d-d965ccfc6d4b" outcome="Passed" testListId="8c84fa94-04c1-424b-9868-57a2d4851a1d" relativeResultsDirectory="c9c3ea95-c0d7-4e1a-b6c0-6c8078f35417" />
    <UnitTestResult executionId="fae15cbe-e855-40d8-8f30-886fa3f78860" testId="ae09f98c-257a-b9e5-5b0b-16344b7adf1c" testName="ToInt_Passing_ValidValueString_Returns_Int" computerName="PC-SFERRARI" duration="00:00:00.0001943" startTime="2020-09-06T10:39:41.3848129+01:00" endTime="2020-09-06T10:39:41.3850860+01:00" testType="13cdc9d9-ddb5-4fa4-a97d-d965ccfc6d4b" outcome="Passed" testListId="8c84fa94-04c1-424b-9868-57a2d4851a1d" relativeResultsDirectory="fae15cbe-e855-40d8-8f30-886fa3f78860" resultType="DataDrivenTest">
      <InnerResults>
        <UnitTestResult executionId="2c36cbd9-31e9-4edf-8ba7-c925db723bee" parentExecutionId="fae15cbe-e855-40d8-8f30-886fa3f78860" testId="ae09f98c-257a-b9e5-5b0b-16344b7adf1c" testName="ToInt_Passing_ValidValueString_Returns_Int (1234567890)" computerName="PC-SFERRARI" duration="00:00:00.0001617" startTime="2020-09-06T10:39:41.3848129+01:00" endTime="2020-09-06T10:39:41.3850860+01:00" testType="13cdc9d9-ddb5-4fa4-a97d-d965ccfc6d4b" outcome="Passed" testListId="8c84fa94-04c1-424b-9868-57a2d4851a1d" relativeResultsDirectory="2c36cbd9-31e9-4edf-8ba7-c925db723bee" dataRowInfo="1" resultType="DataDrivenDataRow" />
      </InnerResults>
    </UnitTestResult>
    <UnitTestResult executionId="4cf31ed8-9e1d-467c-afb2-94a1df144cf6" testId="6fc389b2-a5f3-ded0-63b6-7e1b4cca8442" testName="ToPaged_Passing_Name_Ascending_Order_Returns_Filter_List" computerName="PC-SFERRARI" duration="00:00:00.0012646" startTime="2020-09-06T10:39:40.8956182+01:00" endTime="2020-09-06T10:39:40.8969714+01:00" testType="13cdc9d9-ddb5-4fa4-a97d-d965ccfc6d4b" outcome="Passed" testListId="8c84fa94-04c1-424b-9868-57a2d4851a1d" relativeResultsDirectory="4cf31ed8-9e1d-467c-afb2-94a1df144cf6" />
    <UnitTestResult executionId="3639ce1f-7acf-404c-a7cc-dcecc0d8331a" testId="580ff04a-e5c0-9f2f-90c3-4f2aeafd15c5" testName="ToIsNullOrEmptyThrow_Passing_InvalidValue_Returns_ApplicationExceptionWithMessage" computerName="PC-SFERRARI" duration="00:00:00.0004540" startTime="2020-09-06T10:39:37.8147945+01:00" endTime="2020-09-06T10:39:37.8153377+01:00" testType="13cdc9d9-ddb5-4fa4-a97d-d965ccfc6d4b" outcome="Passed" testListId="8c84fa94-04c1-424b-9868-57a2d4851a1d" relativeResultsDirectory="3639ce1f-7acf-404c-a7cc-dcecc0d8331a" />
    <UnitTestResult executionId="77c6616e-9c60-4a35-941b-4f33f837a987" testId="c19b83a3-45fc-e848-cbcc-7f68b66eb4e3" testName="IsLowercase_Passing_InvalidArguments_Returns_HasErrorsAndCount" computerName="PC-SFERRARI" duration="00:00:00.0005916" startTime="2020-09-06T10:39:37.9194830+01:00" endTime="2020-09-06T10:39:37.9201629+01:00" testType="13cdc9d9-ddb5-4fa4-a97d-d965ccfc6d4b" outcome="Passed" testListId="8c84fa94-04c1-424b-9868-57a2d4851a1d" relativeResultsDirectory="77c6616e-9c60-4a35-941b-4f33f837a987" />
    <UnitTestResult executionId="9fab36bc-3b9d-4b80-b8ac-20be2fed26bc" testId="9064672f-1220-7bc0-f2b0-c66c74cccc5e" testName="ToConfiguration_Passing_Valid_DirectoryPath_Valid_JsonFileName_Returns_Ok" computerName="PC-SFERRARI" duration="00:00:00.0525364" startTime="2020-09-06T10:39:38.1996669+01:00" endTime="2020-09-06T10:39:38.2524004+01:00" testType="13cdc9d9-ddb5-4fa4-a97d-d965ccfc6d4b" outcome="Passed" testListId="8c84fa94-04c1-424b-9868-57a2d4851a1d" relativeResultsDirectory="9fab36bc-3b9d-4b80-b8ac-20be2fed26bc" />
    <UnitTestResult executionId="86d408da-3dfa-405d-b51e-43024f6319fd" testId="ab274dac-b194-4e0f-6fab-a20667b535a8" testName="ToMapMerge_Passing_Destination_Object_Returns_Merged_Destination_Object" computerName="PC-SFERRARI" duration="00:00:00.0159125" startTime="2020-09-06T10:39:37.3536730+01:00" endTime="2020-09-06T10:39:37.3697315+01:00" testType="13cdc9d9-ddb5-4fa4-a97d-d965ccfc6d4b" outcome="Passed" testListId="8c84fa94-04c1-424b-9868-57a2d4851a1d" relativeResultsDirectory="86d408da-3dfa-405d-b51e-43024f6319fd" />
    <UnitTestResult executionId="7ad078ea-a35d-4f0f-8cf4-62cdab89aa62" testId="b8bb90de-6285-0f1c-e0f2-f3ba1f987370" testName="IsUppercase_Passing_InvalidArguments_Returns_HasErrorsAndCount" computerName="PC-SFERRARI" duration="00:00:00.0006042" startTime="2020-09-06T10:39:37.9649904+01:00" endTime="2020-09-06T10:39:37.9656807+01:00" testType="13cdc9d9-ddb5-4fa4-a97d-d965ccfc6d4b" outcome="Passed" testListId="8c84fa94-04c1-424b-9868-57a2d4851a1d" relativeResultsDirectory="7ad078ea-a35d-4f0f-8cf4-62cdab89aa62" />
    <UnitTestResult executionId="ee93684a-7aa2-42b5-b363-00ad9ffa17e9" testId="bd43e66e-fbae-26eb-a9a1-c58a6bf5d7af" testName="ToHashAlgorithmName_Passing_InvalidValueLowerCaseString_Returns_Null" computerName="PC-SFERRARI" duration="00:00:00.0001993" startTime="2020-09-06T10:39:41.2944473+01:00" endTime="2020-09-06T10:39:41.2947265+01:00" testType="13cdc9d9-ddb5-4fa4-a97d-d965ccfc6d4b" outcome="Passed" testListId="8c84fa94-04c1-424b-9868-57a2d4851a1d" relativeResultsDirectory="ee93684a-7aa2-42b5-b363-00ad9ffa17e9" resultType="DataDrivenTest">
      <InnerResults>
        <UnitTestResult executionId="22b1adce-66ce-4180-878a-452cbfdf21f4" parentExecutionId="ee93684a-7aa2-42b5-b363-00ad9ffa17e9" testId="bd43e66e-fbae-26eb-a9a1-c58a6bf5d7af" testName="ToHashAlgorithmName_Passing_InvalidValueLowerCaseString_Returns_Null (md5)" computerName="PC-SFERRARI" duration="00:00:00.0001631" startTime="2020-09-06T10:39:41.2944473+01:00" endTime="2020-09-06T10:39:41.2947265+01:00" testType="13cdc9d9-ddb5-4fa4-a97d-d965ccfc6d4b" outcome="Passed" testListId="8c84fa94-04c1-424b-9868-57a2d4851a1d" relativeResultsDirectory="22b1adce-66ce-4180-878a-452cbfdf21f4" dataRowInfo="1" resultType="DataDrivenDataRow" />
      </InnerResults>
    </UnitTestResult>
    <UnitTestResult executionId="16214547-ab4b-4ef4-8eb7-7aa7ce5c4aa6" testId="33545399-79af-5e7f-5179-57fe5645f4be" testName="ToYesterday_Passing_DateTime_Returns_Yesterday_DateTime" computerName="PC-SFERRARI" duration="00:00:00.0002397" startTime="2020-09-06T10:39:38.6219954+01:00" endTime="2020-09-06T10:39:38.6223256+01:00" testType="13cdc9d9-ddb5-4fa4-a97d-d965ccfc6d4b" outcome="Passed" testListId="8c84fa94-04c1-424b-9868-57a2d4851a1d" relativeResultsDirectory="16214547-ab4b-4ef4-8eb7-7aa7ce5c4aa6" />
    <UnitTestResult executionId="619b0d48-040a-4aa7-9d9e-9ce50d89e8d8" testId="e8138724-52f6-6999-ada4-cbc441f2cd15" testName="ToEmailMaskUserNameAndDomain_Passing_ValidEmail_Returns_EmailWithMask" computerName="PC-SFERRARI" duration="00:00:00.0005904" startTime="2020-09-06T10:39:41.0831961+01:00" endTime="2020-09-06T10:39:41.0839616+01:00" testType="13cdc9d9-ddb5-4fa4-a97d-d965ccfc6d4b" outcome="Passed" testListId="8c84fa94-04c1-424b-9868-57a2d4851a1d" relativeResultsDirectory="619b0d48-040a-4aa7-9d9e-9ce50d89e8d8" resultType="DataDrivenTest">
      <InnerResults>
        <UnitTestResult executionId="a99f9f43-39c1-4eca-9f08-be049d9e3d08" parentExecutionId="619b0d48-040a-4aa7-9d9e-9ce50d89e8d8" testId="e8138724-52f6-6999-ada4-cbc441f2cd15" testName="ToEmailMaskUserNameAndDomain_Passing_ValidEmail_Returns_EmailWithMask (qaz@gmail.com,q*z@g***l.com)" computerName="PC-SFERRARI" duration="00:00:00.0003903" startTime="2020-09-06T10:39:41.0831961+01:00" endTime="2020-09-06T10:39:41.0839616+01:00" testType="13cdc9d9-ddb5-4fa4-a97d-d965ccfc6d4b" outcome="Passed" testListId="8c84fa94-04c1-424b-9868-57a2d4851a1d" relativeResultsDirectory="a99f9f43-39c1-4eca-9f08-be049d9e3d08" dataRowInfo="1" resultType="DataDrivenDataRow" />
        <UnitTestResult executionId="242db9c5-38bd-4cc1-8acb-5fceabb4240f" parentExecutionId="619b0d48-040a-4aa7-9d9e-9ce50d89e8d8" testId="e8138724-52f6-6999-ada4-cbc441f2cd15" testName="ToEmailMaskUserNameAndDomain_Passing_ValidEmail_Returns_EmailWithMask (qazwsx@gmail.com,q****x@g***l.com)" computerName="PC-SFERRARI" duration="00:00:00.0000189" startTime="2020-09-06T10:39:41.0831961+01:00" endTime="2020-09-06T10:39:41.0839616+01:00" testType="13cdc9d9-ddb5-4fa4-a97d-d965ccfc6d4b" outcome="Passed" testListId="8c84fa94-04c1-424b-9868-57a2d4851a1d" relativeResultsDirectory="242db9c5-38bd-4cc1-8acb-5fceabb4240f" dataRowInfo="2" resultType="DataDrivenDataRow" />
        <UnitTestResult executionId="e83b8815-78b5-4670-bc90-4263bf3a415f" parentExecutionId="619b0d48-040a-4aa7-9d9e-9ce50d89e8d8" testId="e8138724-52f6-6999-ada4-cbc441f2cd15" testName="ToEmailMaskUserNameAndDomain_Passing_ValidEmail_Returns_EmailWithMask (qazwsxedc@gmail.com,q*******c@g***l.com)" computerName="PC-SFERRARI" duration="00:00:00.0000153" startTime="2020-09-06T10:39:41.0831961+01:00" endTime="2020-09-06T10:39:41.0839616+01:00" testType="13cdc9d9-ddb5-4fa4-a97d-d965ccfc6d4b" outcome="Passed" testListId="8c84fa94-04c1-424b-9868-57a2d4851a1d" relativeResultsDirectory="e83b8815-78b5-4670-bc90-4263bf3a415f" dataRowInfo="3" resultType="DataDrivenDataRow" />
        <UnitTestResult executionId="74a24aa0-b2f1-482a-91df-528f670b0e87" parentExecutionId="619b0d48-040a-4aa7-9d9e-9ce50d89e8d8" testId="e8138724-52f6-6999-ada4-cbc441f2cd15" testName="ToEmailMaskUserNameAndDomain_Passing_ValidEmail_Returns_EmailWithMask (qaz@gmailgmail.com,q*z@g********l.com)" computerName="PC-SFERRARI" duration="00:00:00.0000130" startTime="2020-09-06T10:39:41.0831961+01:00" endTime="2020-09-06T10:39:41.0839616+01:00" testType="13cdc9d9-ddb5-4fa4-a97d-d965ccfc6d4b" outcome="Passed" testListId="8c84fa94-04c1-424b-9868-57a2d4851a1d" relativeResultsDirectory="74a24aa0-b2f1-482a-91df-528f670b0e87" dataRowInfo="4" resultType="DataDrivenDataRow" />
        <UnitTestResult executionId="1abcb85d-08ee-4270-a135-d053612ab5ee" parentExecutionId="619b0d48-040a-4aa7-9d9e-9ce50d89e8d8" testId="e8138724-52f6-6999-ada4-cbc441f2cd15" testName="ToEmailMaskUserNameAndDomain_Passing_ValidEmail_Returns_EmailWithMask (qazwsx@gmailgmail.com,q****x@g********l.com)" computerName="PC-SFERRARI" duration="00:00:00.0000148" startTime="2020-09-06T10:39:41.0831961+01:00" endTime="2020-09-06T10:39:41.0839616+01:00" testType="13cdc9d9-ddb5-4fa4-a97d-d965ccfc6d4b" outcome="Passed" testListId="8c84fa94-04c1-424b-9868-57a2d4851a1d" relativeResultsDirectory="1abcb85d-08ee-4270-a135-d053612ab5ee" dataRowInfo="5" resultType="DataDrivenDataRow" />
        <UnitTestResult executionId="a928bd0e-40ad-4eb4-8e08-727b2e151761" parentExecutionId="619b0d48-040a-4aa7-9d9e-9ce50d89e8d8" testId="e8138724-52f6-6999-ada4-cbc441f2cd15" testName="ToEmailMaskUserNameAndDomain_Passing_ValidEmail_Returns_EmailWithMask (qazwsxedc@gmailgmail.com,q*******c@g********l.com)" computerName="PC-SFERRARI" duration="00:00:00.0000175" startTime="2020-09-06T10:39:41.0831961+01:00" endTime="2020-09-06T10:39:41.0839616+01:00" testType="13cdc9d9-ddb5-4fa4-a97d-d965ccfc6d4b" outcome="Passed" testListId="8c84fa94-04c1-424b-9868-57a2d4851a1d" relativeResultsDirectory="a928bd0e-40ad-4eb4-8e08-727b2e151761" dataRowInfo="6" resultType="DataDrivenDataRow" />
      </InnerResults>
    </UnitTestResult>
    <UnitTestResult executionId="e937eddf-eeb4-494b-a303-0f19e4f0b030" testId="6088101f-62c5-69c8-6751-05523b132d06" testName="CreateAndVerifySHA512_Passing_Valid_Arguments_Returns_True" computerName="PC-SFERRARI" duration="00:00:00.0008091" startTime="2020-09-06T10:39:40.4923721+01:00" endTime="2020-09-06T10:39:40.4932932+01:00" testType="13cdc9d9-ddb5-4fa4-a97d-d965ccfc6d4b" outcome="Passed" testListId="8c84fa94-04c1-424b-9868-57a2d4851a1d" relativeResultsDirectory="e937eddf-eeb4-494b-a303-0f19e4f0b030" resultType="DataDrivenTest">
      <InnerResults>
        <UnitTestResult executionId="1b204ea0-0d90-4654-9fea-c9bfc307e4ed" parentExecutionId="e937eddf-eeb4-494b-a303-0f19e4f0b030" testId="6088101f-62c5-69c8-6751-05523b132d06" testName="CreateAndVerifySHA512_Passing_Valid_Arguments_Returns_True (Password)" computerName="PC-SFERRARI" duration="00:00:00.0006757" startTime="2020-09-06T10:39:40.4923721+01:00" endTime="2020-09-06T10:39:40.4932932+01:00" testType="13cdc9d9-ddb5-4fa4-a97d-d965ccfc6d4b" outcome="Passed" testListId="8c84fa94-04c1-424b-9868-57a2d4851a1d" relativeResultsDirectory="1b204ea0-0d90-4654-9fea-c9bfc307e4ed" dataRowInfo="1" resultType="DataDrivenDataRow" />
        <UnitTestResult executionId="fb8b1e99-45f9-43ae-94c7-4d5d2fef5a4d" parentExecutionId="e937eddf-eeb4-494b-a303-0f19e4f0b030" testId="6088101f-62c5-69c8-6751-05523b132d06" testName="CreateAndVerifySHA512_Passing_Valid_Arguments_Returns_True (HashTests)" computerName="PC-SFERRARI" duration="00:00:00.0000350" startTime="2020-09-06T10:39:40.4923721+01:00" endTime="2020-09-06T10:39:40.4932932+01:00" testType="13cdc9d9-ddb5-4fa4-a97d-d965ccfc6d4b" outcome="Passed" testListId="8c84fa94-04c1-424b-9868-57a2d4851a1d" relativeResultsDirectory="fb8b1e99-45f9-43ae-94c7-4d5d2fef5a4d" dataRowInfo="2" resultType="DataDrivenDataRow" />
        <UnitTestResult executionId="e1ccb481-71c6-4887-be2b-3ba9f39e046b" parentExecutionId="e937eddf-eeb4-494b-a303-0f19e4f0b030" testId="6088101f-62c5-69c8-6751-05523b132d06" testName="CreateAndVerifySHA512_Passing_Valid_Arguments_Returns_True (sdlfkjldsfksdfñl·%$·&amp;$/U&amp;/)(&amp;()?=)¿?^P*^PÑL,.,.lñ´ñ+98098'098098)" computerName="PC-SFERRARI" duration="00:00:00.0000267" startTime="2020-09-06T10:39:40.4923721+01:00" endTime="2020-09-06T10:39:40.4932932+01:00" testType="13cdc9d9-ddb5-4fa4-a97d-d965ccfc6d4b" outcome="Passed" testListId="8c84fa94-04c1-424b-9868-57a2d4851a1d" relativeResultsDirectory="e1ccb481-71c6-4887-be2b-3ba9f39e046b" dataRowInfo="3" resultType="DataDrivenDataRow" />
      </InnerResults>
    </UnitTestResult>
    <UnitTestResult executionId="0c4403aa-ffdb-45bf-be44-86dec5903a0b" testId="4d9bde6c-668c-a1d3-dc60-edcfc6a4082c" testName="IsLess_Passing_InvalidArguments_Returns_HasErrorsAndCount" computerName="PC-SFERRARI" duration="00:00:00.0014374" startTime="2020-09-06T10:39:37.9179306+01:00" endTime="2020-09-06T10:39:37.9194581+01:00" testType="13cdc9d9-ddb5-4fa4-a97d-d965ccfc6d4b" outcome="Passed" testListId="8c84fa94-04c1-424b-9868-57a2d4851a1d" relativeResultsDirectory="0c4403aa-ffdb-45bf-be44-86dec5903a0b" />
    <UnitTestResult executionId="80c5e401-103c-440c-ad6a-d34feb91790f" testId="7dc20d31-477c-3765-83c0-7575a504da96" testName="ToNormalize_Passing_ValidValue_Returns_NormalizedValue" computerName="PC-SFERRARI" duration="00:00:00.0068140" startTime="2020-09-06T10:39:41.3851097+01:00" endTime="2020-09-06T10:39:41.3920672+01:00" testType="13cdc9d9-ddb5-4fa4-a97d-d965ccfc6d4b" outcome="Passed" testListId="8c84fa94-04c1-424b-9868-57a2d4851a1d" relativeResultsDirectory="80c5e401-103c-440c-ad6a-d34feb91790f" resultType="DataDrivenTest">
      <InnerResults>
        <UnitTestResult executionId="7a0dd5a5-0073-4d91-94f6-58707822e5ee" parentExecutionId="80c5e401-103c-440c-ad6a-d34feb91790f" testId="7dc20d31-477c-3765-83c0-7575a504da96" testName="ToNormalize_Passing_ValidValue_Returns_NormalizedValue ( ,)" computerName="PC-SFERRARI" duration="00:00:00.0015085" startTime="2020-09-06T10:39:41.3851097+01:00" endTime="2020-09-06T10:39:41.3920672+01:00" testType="13cdc9d9-ddb5-4fa4-a97d-d965ccfc6d4b" outcome="Passed" testListId="8c84fa94-04c1-424b-9868-57a2d4851a1d" relativeResultsDirectory="7a0dd5a5-0073-4d91-94f6-58707822e5ee" dataRowInfo="1" resultType="DataDrivenDataRow" />
        <UnitTestResult executionId="a35ed3e5-9b01-40d6-844c-d6db83af8365" parentExecutionId="80c5e401-103c-440c-ad6a-d34feb91790f" testId="7dc20d31-477c-3765-83c0-7575a504da96" testName="ToNormalize_Passing_ValidValue_Returns_NormalizedValue (àáäâãøçħ,aaaaaoch)" computerName="PC-SFERRARI" duration="00:00:00.0042693" startTime="2020-09-06T10:39:41.3851097+01:00" endTime="2020-09-06T10:39:41.3920672+01:00" testType="13cdc9d9-ddb5-4fa4-a97d-d965ccfc6d4b" outcome="Passed" testListId="8c84fa94-04c1-424b-9868-57a2d4851a1d" relativeResultsDirectory="a35ed3e5-9b01-40d6-844c-d6db83af8365" dataRowInfo="2" resultType="DataDrivenDataRow" />
        <UnitTestResult executionId="74c9a072-60f1-453e-8658-656d79b99086" parentExecutionId="80c5e401-103c-440c-ad6a-d34feb91790f" testId="7dc20d31-477c-3765-83c0-7575a504da96" testName="ToNormalize_Passing_ValidValue_Returns_NormalizedValue ( àáäâ ãøçħ ,aaaa aoch)" computerName="PC-SFERRARI" duration="00:00:00.0001001" startTime="2020-09-06T10:39:41.3851097+01:00" endTime="2020-09-06T10:39:41.3920672+01:00" testType="13cdc9d9-ddb5-4fa4-a97d-d965ccfc6d4b" outcome="Passed" testListId="8c84fa94-04c1-424b-9868-57a2d4851a1d" relativeResultsDirectory="74c9a072-60f1-453e-8658-656d79b99086" dataRowInfo="3" resultType="DataDrivenDataRow" />
        <UnitTestResult executionId="47467a1d-964a-452d-883a-bc813be26469" parentExecutionId="80c5e401-103c-440c-ad6a-d34feb91790f" testId="7dc20d31-477c-3765-83c0-7575a504da96" testName="ToNormalize_Passing_ValidValue_Returns_NormalizedValue (*¨^_:-?¿;,)" computerName="PC-SFERRARI" duration="00:00:00.0000480" startTime="2020-09-06T10:39:41.3851097+01:00" endTime="2020-09-06T10:39:41.3920672+01:00" testType="13cdc9d9-ddb5-4fa4-a97d-d965ccfc6d4b" outcome="Passed" testListId="8c84fa94-04c1-424b-9868-57a2d4851a1d" relativeResultsDirectory="47467a1d-964a-452d-883a-bc813be26469" dataRowInfo="4" resultType="DataDrivenDataRow" />
        <UnitTestResult executionId="be98c632-177f-4cba-847b-a6a47e25821a" parentExecutionId="80c5e401-103c-440c-ad6a-d34feb91790f" testId="7dc20d31-477c-3765-83c0-7575a504da96" testName="ToNormalize_Passing_ValidValue_Returns_NormalizedValue ( * ¨ ^ _ : - ? ¿ ; ,)" computerName="PC-SFERRARI" duration="00:00:00.0000305" startTime="2020-09-06T10:39:41.3851097+01:00" endTime="2020-09-06T10:39:41.3920672+01:00" testType="13cdc9d9-ddb5-4fa4-a97d-d965ccfc6d4b" outcome="Passed" testListId="8c84fa94-04c1-424b-9868-57a2d4851a1d" relativeResultsDirectory="be98c632-177f-4cba-847b-a6a47e25821a" dataRowInfo="5" resultType="DataDrivenDataRow" />
        <UnitTestResult executionId="3b3c7918-bad7-4428-b7dd-b7f4188814b5" parentExecutionId="80c5e401-103c-440c-ad6a-d34feb91790f" testId="7dc20d31-477c-3765-83c0-7575a504da96" testName="ToNormalize_Passing_ValidValue_Returns_NormalizedValue (àáäâã,aaaaa)" computerName="PC-SFERRARI" duration="00:00:00.0000215" startTime="2020-09-06T10:39:41.3851097+01:00" endTime="2020-09-06T10:39:41.3920672+01:00" testType="13cdc9d9-ddb5-4fa4-a97d-d965ccfc6d4b" outcome="Passed" testListId="8c84fa94-04c1-424b-9868-57a2d4851a1d" relativeResultsDirectory="3b3c7918-bad7-4428-b7dd-b7f4188814b5" dataRowInfo="6" resultType="DataDrivenDataRow" />
        <UnitTestResult executionId="293aac94-6195-41a3-9ccb-7a7018e8cee9" parentExecutionId="80c5e401-103c-440c-ad6a-d34feb91790f" testId="7dc20d31-477c-3765-83c0-7575a504da96" testName="ToNormalize_Passing_ValidValue_Returns_NormalizedValue (ÀÁÄÂÃ,AAAAA)" computerName="PC-SFERRARI" duration="00:00:00.0000206" startTime="2020-09-06T10:39:41.3851097+01:00" endTime="2020-09-06T10:39:41.3920672+01:00" testType="13cdc9d9-ddb5-4fa4-a97d-d965ccfc6d4b" outcome="Passed" testListId="8c84fa94-04c1-424b-9868-57a2d4851a1d" relativeResultsDirectory="293aac94-6195-41a3-9ccb-7a7018e8cee9" dataRowInfo="7" resultType="DataDrivenDataRow" />
        <UnitTestResult executionId="6160a0aa-c312-463b-a910-43ff3cfde9bd" parentExecutionId="80c5e401-103c-440c-ad6a-d34feb91790f" testId="7dc20d31-477c-3765-83c0-7575a504da96" testName="ToNormalize_Passing_ValidValue_Returns_NormalizedValue (ç,c)" computerName="PC-SFERRARI" duration="00:00:00.0000276" startTime="2020-09-06T10:39:41.3851097+01:00" endTime="2020-09-06T10:39:41.3920672+01:00" testType="13cdc9d9-ddb5-4fa4-a97d-d965ccfc6d4b" outcome="Passed" testListId="8c84fa94-04c1-424b-9868-57a2d4851a1d" relativeResultsDirectory="6160a0aa-c312-463b-a910-43ff3cfde9bd" dataRowInfo="8" resultType="DataDrivenDataRow" />
        <UnitTestResult executionId="e73362a6-cc21-459b-8105-2e2c57144717" parentExecutionId="80c5e401-103c-440c-ad6a-d34feb91790f" testId="7dc20d31-477c-3765-83c0-7575a504da96" testName="ToNormalize_Passing_ValidValue_Returns_NormalizedValue (Ç,C)" computerName="PC-SFERRARI" duration="00:00:00.0000201" startTime="2020-09-06T10:39:41.3851097+01:00" endTime="2020-09-06T10:39:41.3920672+01:00" testType="13cdc9d9-ddb5-4fa4-a97d-d965ccfc6d4b" outcome="Passed" testListId="8c84fa94-04c1-424b-9868-57a2d4851a1d" relativeResultsDirectory="e73362a6-cc21-459b-8105-2e2c57144717" dataRowInfo="9" resultType="DataDrivenDataRow" />
        <UnitTestResult executionId="9daa40c5-f56e-430c-848b-f7a62b41ddb2" parentExecutionId="80c5e401-103c-440c-ad6a-d34feb91790f" testId="7dc20d31-477c-3765-83c0-7575a504da96" testName="ToNormalize_Passing_ValidValue_Returns_NormalizedValue (èéëê,eeee)" computerName="PC-SFERRARI" duration="00:00:00.0000201" startTime="2020-09-06T10:39:41.3851097+01:00" endTime="2020-09-06T10:39:41.3920672+01:00" testType="13cdc9d9-ddb5-4fa4-a97d-d965ccfc6d4b" outcome="Passed" testListId="8c84fa94-04c1-424b-9868-57a2d4851a1d" relativeResultsDirectory="9daa40c5-f56e-430c-848b-f7a62b41ddb2" dataRowInfo="10" resultType="DataDrivenDataRow" />
        <UnitTestResult executionId="0bb1e66d-957d-4db4-9f63-6673d8a46b0e" parentExecutionId="80c5e401-103c-440c-ad6a-d34feb91790f" testId="7dc20d31-477c-3765-83c0-7575a504da96" testName="ToNormalize_Passing_ValidValue_Returns_NormalizedValue (ÈÉËÊ,EEEE)" computerName="PC-SFERRARI" duration="00:00:00.0000196" startTime="2020-09-06T10:39:41.3851097+01:00" endTime="2020-09-06T10:39:41.3920672+01:00" testType="13cdc9d9-ddb5-4fa4-a97d-d965ccfc6d4b" outcome="Passed" testListId="8c84fa94-04c1-424b-9868-57a2d4851a1d" relativeResultsDirectory="0bb1e66d-957d-4db4-9f63-6673d8a46b0e" dataRowInfo="11" resultType="DataDrivenDataRow" />
        <UnitTestResult executionId="689d9477-a2ae-4358-8ff2-12445678250b" parentExecutionId="80c5e401-103c-440c-ad6a-d34feb91790f" testId="7dc20d31-477c-3765-83c0-7575a504da96" testName="ToNormalize_Passing_ValidValue_Returns_NormalizedValue (ìíïî,iiii)" computerName="PC-SFERRARI" duration="00:00:00.0000195" startTime="2020-09-06T10:39:41.3851097+01:00" endTime="2020-09-06T10:39:41.3920672+01:00" testType="13cdc9d9-ddb5-4fa4-a97d-d965ccfc6d4b" outcome="Passed" testListId="8c84fa94-04c1-424b-9868-57a2d4851a1d" relativeResultsDirectory="689d9477-a2ae-4358-8ff2-12445678250b" dataRowInfo="12" resultType="DataDrivenDataRow" />
        <UnitTestResult executionId="707443a3-d467-419f-ac8e-fb7530490ce2" parentExecutionId="80c5e401-103c-440c-ad6a-d34feb91790f" testId="7dc20d31-477c-3765-83c0-7575a504da96" testName="ToNormalize_Passing_ValidValue_Returns_NormalizedValue (Malmö,Malmo)" computerName="PC-SFERRARI" duration="00:00:00.0000266" startTime="2020-09-06T10:39:41.3851097+01:00" endTime="2020-09-06T10:39:41.3920672+01:00" testType="13cdc9d9-ddb5-4fa4-a97d-d965ccfc6d4b" outcome="Passed" testListId="8c84fa94-04c1-424b-9868-57a2d4851a1d" relativeResultsDirectory="707443a3-d467-419f-ac8e-fb7530490ce2" dataRowInfo="13" resultType="DataDrivenDataRow" />
        <UnitTestResult executionId="43bbaa98-8501-4f27-a27e-941f2ca92e15" parentExecutionId="80c5e401-103c-440c-ad6a-d34feb91790f" testId="7dc20d31-477c-3765-83c0-7575a504da96" testName="ToNormalize_Passing_ValidValue_Returns_NormalizedValue (Münçhen,Munchen)" computerName="PC-SFERRARI" duration="00:00:00.0000204" startTime="2020-09-06T10:39:41.3851097+01:00" endTime="2020-09-06T10:39:41.3920672+01:00" testType="13cdc9d9-ddb5-4fa4-a97d-d965ccfc6d4b" outcome="Passed" testListId="8c84fa94-04c1-424b-9868-57a2d4851a1d" relativeResultsDirectory="43bbaa98-8501-4f27-a27e-941f2ca92e15" dataRowInfo="14" resultType="DataDrivenDataRow" />
        <UnitTestResult executionId="1c0b9ffa-8807-4c31-bb22-16999fbc29ae" parentExecutionId="80c5e401-103c-440c-ad6a-d34feb91790f" testId="7dc20d31-477c-3765-83c0-7575a504da96" testName="ToNormalize_Passing_ValidValue_Returns_NormalizedValue (Åge,Age)" computerName="PC-SFERRARI" duration="00:00:00.0000193" startTime="2020-09-06T10:39:41.3851097+01:00" endTime="2020-09-06T10:39:41.3920672+01:00" testType="13cdc9d9-ddb5-4fa4-a97d-d965ccfc6d4b" outcome="Passed" testListId="8c84fa94-04c1-424b-9868-57a2d4851a1d" relativeResultsDirectory="1c0b9ffa-8807-4c31-bb22-16999fbc29ae" dataRowInfo="15" resultType="DataDrivenDataRow" />
        <UnitTestResult executionId="d94ed1a8-2087-484d-8b5c-6660c8d04166" parentExecutionId="80c5e401-103c-440c-ad6a-d34feb91790f" testId="7dc20d31-477c-3765-83c0-7575a504da96" testName="ToNormalize_Passing_ValidValue_Returns_NormalizedValue (Strømsgodset,Stromsgodset)" computerName="PC-SFERRARI" duration="00:00:00.0000201" startTime="2020-09-06T10:39:41.3851097+01:00" endTime="2020-09-06T10:39:41.3920672+01:00" testType="13cdc9d9-ddb5-4fa4-a97d-d965ccfc6d4b" outcome="Passed" testListId="8c84fa94-04c1-424b-9868-57a2d4851a1d" relativeResultsDirectory="d94ed1a8-2087-484d-8b5c-6660c8d04166" dataRowInfo="16" resultType="DataDrivenDataRow" />
        <UnitTestResult executionId="970e15ae-508d-45fd-9064-325526815365" parentExecutionId="80c5e401-103c-440c-ad6a-d34feb91790f" testId="7dc20d31-477c-3765-83c0-7575a504da96" testName="ToNormalize_Passing_ValidValue_Returns_NormalizedValue (Kulħadd,Kulhadd)" computerName="PC-SFERRARI" duration="00:00:00.0000200" startTime="2020-09-06T10:39:41.3851097+01:00" endTime="2020-09-06T10:39:41.3920672+01:00" testType="13cdc9d9-ddb5-4fa4-a97d-d965ccfc6d4b" outcome="Passed" testListId="8c84fa94-04c1-424b-9868-57a2d4851a1d" relativeResultsDirectory="970e15ae-508d-45fd-9064-325526815365" dataRowInfo="17" resultType="DataDrivenDataRow" />
        <UnitTestResult executionId="f61301cd-c5e2-4bf7-87a7-c426eb6d066a" parentExecutionId="80c5e401-103c-440c-ad6a-d34feb91790f" testId="7dc20d31-477c-3765-83c0-7575a504da96" testName="ToNormalize_Passing_ValidValue_Returns_NormalizedValue (héllo,hello)" computerName="PC-SFERRARI" duration="00:00:00.0000196" startTime="2020-09-06T10:39:41.3851097+01:00" endTime="2020-09-06T10:39:41.3920672+01:00" testType="13cdc9d9-ddb5-4fa4-a97d-d965ccfc6d4b" outcome="Passed" testListId="8c84fa94-04c1-424b-9868-57a2d4851a1d" relativeResultsDirectory="f61301cd-c5e2-4bf7-87a7-c426eb6d066a" dataRowInfo="18" resultType="DataDrivenDataRow" />
        <UnitTestResult executionId="01376658-9132-4b8a-aee1-760d61f11363" parentExecutionId="80c5e401-103c-440c-ad6a-d34feb91790f" testId="7dc20d31-477c-3765-83c0-7575a504da96" testName="ToNormalize_Passing_ValidValue_Returns_NormalizedValue (Autobús,Autobus)" computerName="PC-SFERRARI" duration="00:00:00.0000199" startTime="2020-09-06T10:39:41.3851097+01:00" endTime="2020-09-06T10:39:41.3920672+01:00" testType="13cdc9d9-ddb5-4fa4-a97d-d965ccfc6d4b" outcome="Passed" testListId="8c84fa94-04c1-424b-9868-57a2d4851a1d" relativeResultsDirectory="01376658-9132-4b8a-aee1-760d61f11363" dataRowInfo="19" resultType="DataDrivenDataRow" />
        <UnitTestResult executionId="897b4437-69f8-41b6-8e5e-94396123f490" parentExecutionId="80c5e401-103c-440c-ad6a-d34feb91790f" testId="7dc20d31-477c-3765-83c0-7575a504da96" testName="ToNormalize_Passing_ValidValue_Returns_NormalizedValue (i’ LL,i LL)" computerName="PC-SFERRARI" duration="00:00:00.0000221" startTime="2020-09-06T10:39:41.3851097+01:00" endTime="2020-09-06T10:39:41.3920672+01:00" testType="13cdc9d9-ddb5-4fa4-a97d-d965ccfc6d4b" outcome="Passed" testListId="8c84fa94-04c1-424b-9868-57a2d4851a1d" relativeResultsDirectory="897b4437-69f8-41b6-8e5e-94396123f490" dataRowInfo="20" resultType="DataDrivenDataRow" />
        <UnitTestResult executionId="6d61c7bc-7764-4193-8e3d-21ec6395a4d9" parentExecutionId="80c5e401-103c-440c-ad6a-d34feb91790f" testId="7dc20d31-477c-3765-83c0-7575a504da96" testName="ToNormalize_Passing_ValidValue_Returns_NormalizedValue (Mañana,Manana)" computerName="PC-SFERRARI" duration="00:00:00.0000199" startTime="2020-09-06T10:39:41.3851097+01:00" endTime="2020-09-06T10:39:41.3920672+01:00" testType="13cdc9d9-ddb5-4fa4-a97d-d965ccfc6d4b" outcome="Passed" testListId="8c84fa94-04c1-424b-9868-57a2d4851a1d" relativeResultsDirectory="6d61c7bc-7764-4193-8e3d-21ec6395a4d9" dataRowInfo="21" resultType="DataDrivenDataRow" />
        <UnitTestResult executionId="47ce3a6c-915d-43de-a098-44772aede3c5" parentExecutionId="80c5e401-103c-440c-ad6a-d34feb91790f" testId="7dc20d31-477c-3765-83c0-7575a504da96" testName="ToNormalize_Passing_ValidValue_Returns_NormalizedValue (The End,The End)" computerName="PC-SFERRARI" duration="00:00:00.0000188" startTime="2020-09-06T10:39:41.3851097+01:00" endTime="2020-09-06T10:39:41.3920672+01:00" testType="13cdc9d9-ddb5-4fa4-a97d-d965ccfc6d4b" outcome="Passed" testListId="8c84fa94-04c1-424b-9868-57a2d4851a1d" relativeResultsDirectory="47ce3a6c-915d-43de-a098-44772aede3c5" dataRowInfo="22" resultType="DataDrivenDataRow" />
        <UnitTestResult executionId="cb3f6396-ea60-401c-ab61-8ef3331a791a" parentExecutionId="80c5e401-103c-440c-ad6a-d34feb91790f" testId="7dc20d31-477c-3765-83c0-7575a504da96" testName="ToNormalize_Passing_ValidValue_Returns_NormalizedValue (ñ Ñ,n N)" computerName="PC-SFERRARI" duration="00:00:00.0000192" startTime="2020-09-06T10:39:41.3851097+01:00" endTime="2020-09-06T10:39:41.3920672+01:00" testType="13cdc9d9-ddb5-4fa4-a97d-d965ccfc6d4b" outcome="Passed" testListId="8c84fa94-04c1-424b-9868-57a2d4851a1d" relativeResultsDirectory="cb3f6396-ea60-401c-ab61-8ef3331a791a" dataRowInfo="23" resultType="DataDrivenDataRow" />
      </InnerResults>
    </UnitTestResult>
    <UnitTestResult executionId="84554a82-6f6a-4b98-9365-6558407ce73a" testId="bf8f6922-5666-8ec7-1500-aabd5997d6a4" testName="ToString_Passing_Valid_Collection_With_Custom_Separator_Returns_String_With_Custom_Separator" computerName="PC-SFERRARI" duration="00:00:00.0002141" startTime="2020-09-06T10:39:38.6517095+01:00" endTime="2020-09-06T10:39:38.6520079+01:00" testType="13cdc9d9-ddb5-4fa4-a97d-d965ccfc6d4b" outcome="Passed" testListId="8c84fa94-04c1-424b-9868-57a2d4851a1d" relativeResultsDirectory="84554a82-6f6a-4b98-9365-6558407ce73a" />
    <UnitTestResult executionId="ee772b51-813d-4067-bd6d-289adc5b226b" testId="3721d3c1-7c03-ad84-143f-64bfeb5b314e" testName="ToAssembly_Passing_ValidValueAssemblyString_Returns_Assembly" computerName="PC-SFERRARI" duration="00:00:00.0003921" startTime="2020-09-06T10:39:40.9034353+01:00" endTime="2020-09-06T10:39:40.9042438+01:00" testType="13cdc9d9-ddb5-4fa4-a97d-d965ccfc6d4b" outcome="Passed" testListId="8c84fa94-04c1-424b-9868-57a2d4851a1d" relativeResultsDirectory="ee772b51-813d-4067-bd6d-289adc5b226b" />
    <UnitTestResult executionId="decf73f2-72e0-46a6-9466-11f7961f21af" testId="5e237822-3b9d-da27-9221-3ae1f5eb15b0" testName="ToEnvironment_Passing_Staging_Enviroment_Returns_Staging_Name" computerName="PC-SFERRARI" duration="00:00:00.0006623" startTime="2020-09-06T10:39:37.7175127+01:00" endTime="2020-09-06T10:39:37.7183099+01:00" testType="13cdc9d9-ddb5-4fa4-a97d-d965ccfc6d4b" outcome="Passed" testListId="8c84fa94-04c1-424b-9868-57a2d4851a1d" relativeResultsDirectory="decf73f2-72e0-46a6-9466-11f7961f21af" />
    <UnitTestResult executionId="48f58752-9eee-4725-b9eb-b69cc0aa7b08" testId="c87d842d-198f-fc52-0a70-418a5e5378ab" testName="IsEqual_Passing_InvalidArguments_Returns_HasErrorsAndCount" computerName="PC-SFERRARI" duration="00:00:00.0006665" startTime="2020-09-06T10:39:37.8931504+01:00" endTime="2020-09-06T10:39:37.8938979+01:00" testType="13cdc9d9-ddb5-4fa4-a97d-d965ccfc6d4b" outcome="Passed" testListId="8c84fa94-04c1-424b-9868-57a2d4851a1d" relativeResultsDirectory="48f58752-9eee-4725-b9eb-b69cc0aa7b08" />
    <UnitTestResult executionId="578f9771-2c93-4d05-b18f-c49bf00e00e2" testId="69b6ed05-fdf2-6989-0583-109b4777a6ac" testName="ToEnvironment_Passing_Custom_Enviroment_Returns_Custom_Name" computerName="PC-SFERRARI" duration="00:00:00.2308644" startTime="2020-09-06T10:39:37.3828678+01:00" endTime="2020-09-06T10:39:37.6140129+01:00" testType="13cdc9d9-ddb5-4fa4-a97d-d965ccfc6d4b" outcome="Passed" testListId="8c84fa94-04c1-424b-9868-57a2d4851a1d" relativeResultsDirectory="578f9771-2c93-4d05-b18f-c49bf00e00e2" />
    <UnitTestResult executionId="96200af4-4332-415f-849f-7639b43dd022" testId="2799ef62-9686-0dc7-84d2-73639b0030f7" testName="ToInt_Passing_InvalidValueString_Returns_Null" computerName="PC-SFERRARI" duration="00:00:00.0003455" startTime="2020-09-06T10:39:41.3842469+01:00" endTime="2020-09-06T10:39:41.3847639+01:00" testType="13cdc9d9-ddb5-4fa4-a97d-d965ccfc6d4b" outcome="Passed" testListId="8c84fa94-04c1-424b-9868-57a2d4851a1d" relativeResultsDirectory="96200af4-4332-415f-849f-7639b43dd022" resultType="DataDrivenTest">
      <InnerResults>
        <UnitTestResult executionId="82d85f8d-bf89-4973-8033-738bd651a53f" parentExecutionId="96200af4-4332-415f-849f-7639b43dd022" testId="2799ef62-9686-0dc7-84d2-73639b0030f7" testName="ToInt_Passing_InvalidValueString_Returns_Null (1.3333)" computerName="PC-SFERRARI" duration="00:00:00.0002332" startTime="2020-09-06T10:39:41.3842469+01:00" endTime="2020-09-06T10:39:41.3847639+01:00" testType="13cdc9d9-ddb5-4fa4-a97d-d965ccfc6d4b" outcome="Passed" testListId="8c84fa94-04c1-424b-9868-57a2d4851a1d" relativeResultsDirectory="82d85f8d-bf89-4973-8033-738bd651a53f" dataRowInfo="1" resultType="DataDrivenDataRow" />
        <UnitTestResult executionId="12ce2e7c-6c81-4e58-a1a9-0c432ab0b1cc" parentExecutionId="96200af4-4332-415f-849f-7639b43dd022" testId="2799ef62-9686-0dc7-84d2-73639b0030f7" testName="ToInt_Passing_InvalidValueString_Returns_Null (1,3333)" computerName="PC-SFERRARI" duration="00:00:00.0000048" startTime="2020-09-06T10:39:41.3842469+01:00" endTime="2020-09-06T10:39:41.3847639+01:00" testType="13cdc9d9-ddb5-4fa4-a97d-d965ccfc6d4b" outcome="Passed" testListId="8c84fa94-04c1-424b-9868-57a2d4851a1d" relativeResultsDirectory="12ce2e7c-6c81-4e58-a1a9-0c432ab0b1cc" dataRowInfo="2" resultType="DataDrivenDataRow" />
        <UnitTestResult executionId="ffcc5761-f8a6-4410-9483-2b4c0a9df09a" parentExecutionId="96200af4-4332-415f-849f-7639b43dd022" testId="2799ef62-9686-0dc7-84d2-73639b0030f7" testName="ToInt_Passing_InvalidValueString_Returns_Null (1.333,39)" computerName="PC-SFERRARI" duration="00:00:00.0000027" startTime="2020-09-06T10:39:41.3842469+01:00" endTime="2020-09-06T10:39:41.3847639+01:00" testType="13cdc9d9-ddb5-4fa4-a97d-d965ccfc6d4b" outcome="Passed" testListId="8c84fa94-04c1-424b-9868-57a2d4851a1d" relativeResultsDirectory="ffcc5761-f8a6-4410-9483-2b4c0a9df09a" dataRowInfo="3" resultType="DataDrivenDataRow" />
        <UnitTestResult executionId="1a457801-ae83-4876-9c1d-7ce9f93a1791" parentExecutionId="96200af4-4332-415f-849f-7639b43dd022" testId="2799ef62-9686-0dc7-84d2-73639b0030f7" testName="ToInt_Passing_InvalidValueString_Returns_Null (999999439293294392492349329493294)" computerName="PC-SFERRARI" duration="00:00:00.0000026" startTime="2020-09-06T10:39:41.3842469+01:00" endTime="2020-09-06T10:39:41.3847639+01:00" testType="13cdc9d9-ddb5-4fa4-a97d-d965ccfc6d4b" outcome="Passed" testListId="8c84fa94-04c1-424b-9868-57a2d4851a1d" relativeResultsDirectory="1a457801-ae83-4876-9c1d-7ce9f93a1791" dataRowInfo="4" resultType="DataDrivenDataRow" />
        <UnitTestResult executionId="a5e7fce4-8ce7-4adf-a059-4617e4c8574e" parentExecutionId="96200af4-4332-415f-849f-7639b43dd022" testId="2799ef62-9686-0dc7-84d2-73639b0030f7" testName="ToInt_Passing_InvalidValueString_Returns_Null (asdasdasdasd234324)" computerName="PC-SFERRARI" duration="00:00:00.0000031" startTime="2020-09-06T10:39:41.3842469+01:00" endTime="2020-09-06T10:39:41.3847639+01:00" testType="13cdc9d9-ddb5-4fa4-a97d-d965ccfc6d4b" outcome="Passed" testListId="8c84fa94-04c1-424b-9868-57a2d4851a1d" relativeResultsDirectory="a5e7fce4-8ce7-4adf-a059-4617e4c8574e" dataRowInfo="5" resultType="DataDrivenDataRow" />
      </InnerResults>
    </UnitTestResult>
    <UnitTestResult executionId="9be5fc3e-b2a1-422f-b95a-4d06876bf3c4" testId="c09577a6-adca-ef94-40b5-45575ad65e4f" testName="ToEnvironment_ServiceProvider_Passing_Development_Enviroment_Returns_Development_Name" computerName="PC-SFERRARI" duration="00:00:00.0005939" startTime="2020-09-06T10:39:38.2549868+01:00" endTime="2020-09-06T10:39:38.2556640+01:00" testType="13cdc9d9-ddb5-4fa4-a97d-d965ccfc6d4b" outcome="Passed" testListId="8c84fa94-04c1-424b-9868-57a2d4851a1d" relativeResultsDirectory="9be5fc3e-b2a1-422f-b95a-4d06876bf3c4" />
    <UnitTestResult executionId="e20786ff-7ca6-4d59-a2e9-f74bdb45f249" testId="46cc46f0-c0e1-f3e6-2242-cdef90a4249a" testName="ToMapNew_Passing_TSource_And_TDestination_Returns_New_TDestination_Object" computerName="PC-SFERRARI" duration="00:00:00.0005384" startTime="2020-09-06T10:39:37.3788397+01:00" endTime="2020-09-06T10:39:37.3794962+01:00" testType="13cdc9d9-ddb5-4fa4-a97d-d965ccfc6d4b" outcome="Passed" testListId="8c84fa94-04c1-424b-9868-57a2d4851a1d" relativeResultsDirectory="e20786ff-7ca6-4d59-a2e9-f74bdb45f249" />
    <UnitTestResult executionId="ca31439e-90ef-4bd7-b9bb-82e85e576be1" testId="34931354-7c25-7812-28fe-96ea501746b4" testName="ToSetTime_Passing_Time_String_Returns_DateTime" computerName="PC-SFERRARI" duration="00:00:00.0004483" startTime="2020-09-06T10:39:38.6206974+01:00" endTime="2020-09-06T10:39:38.6212285+01:00" testType="13cdc9d9-ddb5-4fa4-a97d-d965ccfc6d4b" outcome="Passed" testListId="8c84fa94-04c1-424b-9868-57a2d4851a1d" relativeResultsDirectory="ca31439e-90ef-4bd7-b9bb-82e85e576be1" />
    <UnitTestResult executionId="947bdba0-ef25-499b-98a7-c0dec808cf69" testId="6bd61990-78b5-76ea-0df5-0c13c388bdc0" testName="ToWhere_Passing_Null_Predicate_Returns_Same_List" computerName="PC-SFERRARI" duration="00:00:00.0021587" startTime="2020-09-06T10:39:40.8976258+01:00" endTime="2020-09-06T10:39:40.8998727+01:00" testType="13cdc9d9-ddb5-4fa4-a97d-d965ccfc6d4b" outcome="Passed" testListId="8c84fa94-04c1-424b-9868-57a2d4851a1d" relativeResultsDirectory="947bdba0-ef25-499b-98a7-c0dec808cf69" />
    <UnitTestResult executionId="de20fdb5-816a-4edb-8490-5441631eea85" testId="e9b23f0c-0cde-4603-1739-ee642fd33c36" testName="ToSubdomain_Passing_HttpRequest_Host_Returns_Subdomain" computerName="PC-SFERRARI" duration="00:00:00.0013036" startTime="2020-09-06T10:39:40.6415832+01:00" endTime="2020-09-06T10:39:40.6429812+01:00" testType="13cdc9d9-ddb5-4fa4-a97d-d965ccfc6d4b" outcome="Passed" testListId="8c84fa94-04c1-424b-9868-57a2d4851a1d" relativeResultsDirectory="de20fdb5-816a-4edb-8490-5441631eea85" />
    <UnitTestResult executionId="fb5a7e9c-cbf9-4e6b-98b6-5515a67ecfb5" testId="e608205e-4953-e9a3-1956-895ed42ab083" testName="IsFileExtension_Passing_InvalidArguments_Returns_HasErrorsAndCount" computerName="PC-SFERRARI" duration="00:00:00.0001872" startTime="2020-09-06T10:39:37.8950108+01:00" endTime="2020-09-06T10:39:37.8952786+01:00" testType="13cdc9d9-ddb5-4fa4-a97d-d965ccfc6d4b" outcome="Passed" testListId="8c84fa94-04c1-424b-9868-57a2d4851a1d" relativeResultsDirectory="fb5a7e9c-cbf9-4e6b-98b6-5515a67ecfb5" />
    <UnitTestResult executionId="7ee76a59-a345-45a5-9aaa-2349a895625a" testId="43c10c64-8836-30db-afbe-d1657a7dd9d8" testName="ToHeader_Passing_HttpRequest_Header_Many_Values_Returns_Values" computerName="PC-SFERRARI" duration="00:00:00.0429045" startTime="2020-09-06T10:39:40.5951310+01:00" endTime="2020-09-06T10:39:40.6382619+01:00" testType="13cdc9d9-ddb5-4fa4-a97d-d965ccfc6d4b" outcome="Passed" testListId="8c84fa94-04c1-424b-9868-57a2d4851a1d" relativeResultsDirectory="7ee76a59-a345-45a5-9aaa-2349a895625a" />
    <UnitTestResult executionId="40ff5cc2-33e5-47df-808a-e2a672cf8871" testId="96f263a8-e1d9-0070-21ba-583144d2d030" testName="ToEnum_Passing_ValidValueInt_Returns_EnumValue" computerName="PC-SFERRARI" duration="00:00:00.0001275" startTime="2020-09-06T10:39:41.1344511+01:00" endTime="2020-09-06T10:39:41.1346714+01:00" testType="13cdc9d9-ddb5-4fa4-a97d-d965ccfc6d4b" outcome="Passed" testListId="8c84fa94-04c1-424b-9868-57a2d4851a1d" relativeResultsDirectory="40ff5cc2-33e5-47df-808a-e2a672cf8871" />
    <UnitTestResult executionId="5cb8d77d-3a43-4e1d-8043-4655a760e522" testId="074815db-ddf2-9c1f-0fef-7f709183591e" testName="ToExists_Passing_Service_Not_Found_Returns_False" computerName="PC-SFERRARI" duration="00:00:00.0004628" startTime="2020-09-06T10:39:37.7183359+01:00" endTime="2020-09-06T10:39:37.7188932+01:00" testType="13cdc9d9-ddb5-4fa4-a97d-d965ccfc6d4b" outcome="Passed" testListId="8c84fa94-04c1-424b-9868-57a2d4851a1d" relativeResultsDirectory="5cb8d77d-3a43-4e1d-8043-4655a760e522" />
    <UnitTestResult executionId="fe7ad6a1-f8bf-4472-98b0-81855502ed3e" testId="5bee9d0e-89de-7b6d-4317-0a11342b1d29" testName="ToIPv6_Passing_HttpContext_IP_Value_Returns_IP" computerName="PC-SFERRARI" duration="00:00:00.0005597" startTime="2020-09-06T10:39:40.5938127+01:00" endTime="2020-09-06T10:39:40.5945075+01:00" testType="13cdc9d9-ddb5-4fa4-a97d-d965ccfc6d4b" outcome="Passed" testListId="8c84fa94-04c1-424b-9868-57a2d4851a1d" relativeResultsDirectory="fe7ad6a1-f8bf-4472-98b0-81855502ed3e" />
    <UnitTestResult executionId="43aa63e3-e32f-4d18-b753-1d2c59c2b666" testId="0b00f09d-f7e4-fb1e-68ad-8102cf6143e0" testName="ToPaged_Passing_Name_Descending_Order_Returns_Filter_List" computerName="PC-SFERRARI" duration="00:00:00.0005061" startTime="2020-09-06T10:39:40.8969989+01:00" endTime="2020-09-06T10:39:40.8976023+01:00" testType="13cdc9d9-ddb5-4fa4-a97d-d965ccfc6d4b" outcome="Passed" testListId="8c84fa94-04c1-424b-9868-57a2d4851a1d" relativeResultsDirectory="43aa63e3-e32f-4d18-b753-1d2c59c2b666" />
    <UnitTestResult executionId="464f9cdc-2772-4de0-bb2a-13d5594955b2" testId="8a110a46-40a4-c9bb-083e-1c3fcb5b45b7" testName="ToCompress_Passing_Object_Bytes_Returns_Object" computerName="PC-SFERRARI" duration="00:00:00.0143128" startTime="2020-09-06T10:39:37.7473729+01:00" endTime="2020-09-06T10:39:37.7620199+01:00" testType="13cdc9d9-ddb5-4fa4-a97d-d965ccfc6d4b" outcome="Passed" testListId="8c84fa94-04c1-424b-9868-57a2d4851a1d" relativeResultsDirectory="464f9cdc-2772-4de0-bb2a-13d5594955b2" />
    <UnitTestResult executionId="8947be3a-027a-4f42-8f1e-e9d0bb6f5e7b" testId="98d4dd82-eb94-c060-7aeb-9b0a39f334fb" testName="ToIsLastDayOfTheMonth_Passing_LastDayOfMonth_Returns_True" computerName="PC-SFERRARI" duration="00:00:00.0003336" startTime="2020-09-06T10:39:38.5863492+01:00" endTime="2020-09-06T10:39:38.5867693+01:00" testType="13cdc9d9-ddb5-4fa4-a97d-d965ccfc6d4b" outcome="Passed" testListId="8c84fa94-04c1-424b-9868-57a2d4851a1d" relativeResultsDirectory="8947be3a-027a-4f42-8f1e-e9d0bb6f5e7b" />
    <UnitTestResult executionId="46d55537-5f69-4028-bd3f-4663a7df17f3" testId="e2880a6e-7a01-b4ba-86fb-4d33be072972" testName="ToExists_Passing_Valid_Service_Returns_True" computerName="PC-SFERRARI" duration="00:00:00.0003937" startTime="2020-09-06T10:39:38.2560714+01:00" endTime="2020-09-06T10:39:38.2565437+01:00" testType="13cdc9d9-ddb5-4fa4-a97d-d965ccfc6d4b" outcome="Passed" testListId="8c84fa94-04c1-424b-9868-57a2d4851a1d" relativeResultsDirectory="46d55537-5f69-4028-bd3f-4663a7df17f3" />
    <UnitTestResult executionId="f7a03169-4183-4164-945f-c70d910ecb2b" testId="967da852-80aa-48c8-4fdf-7229c80964ce" testName="ToZipExtract_Passing_ValidArchive_Returns_Files" computerName="PC-SFERRARI" duration="00:00:00.1693411" startTime="2020-09-06T10:39:42.1748014+01:00" endTime="2020-09-06T10:39:42.3443164+01:00" testType="13cdc9d9-ddb5-4fa4-a97d-d965ccfc6d4b" outcome="Passed" testListId="8c84fa94-04c1-424b-9868-57a2d4851a1d" relativeResultsDirectory="f7a03169-4183-4164-945f-c70d910ecb2b" />
    <UnitTestResult executionId="75b5bd36-cf1d-448a-844a-303866616292" testId="7c09a438-5465-f760-64b2-23d25fc199f5" testName="ToEnum_Passing_InvalidValueString_Returns_EnumCustomValue" computerName="PC-SFERRARI" duration="00:00:00.0008715" startTime="2020-09-06T10:39:41.1332187+01:00" endTime="2020-09-06T10:39:41.1341789+01:00" testType="13cdc9d9-ddb5-4fa4-a97d-d965ccfc6d4b" outcome="Passed" testListId="8c84fa94-04c1-424b-9868-57a2d4851a1d" relativeResultsDirectory="75b5bd36-cf1d-448a-844a-303866616292" />
    <UnitTestResult executionId="b5903b5e-62e5-465e-96ab-48787bd8e612" testId="15fe55e5-cdce-6280-ea15-ef777735767c" testName="ToEnvironment_ServiceCollection_Passing_Production_Enviroment_Returns_Production_Name" computerName="PC-SFERRARI" duration="00:00:00.0004355" startTime="2020-09-06T10:39:38.2539137+01:00" endTime="2020-09-06T10:39:38.2544298+01:00" testType="13cdc9d9-ddb5-4fa4-a97d-d965ccfc6d4b" outcome="Passed" testListId="8c84fa94-04c1-424b-9868-57a2d4851a1d" relativeResultsDirectory="b5903b5e-62e5-465e-96ab-48787bd8e612" />
    <UnitTestResult executionId="d4881760-b6f1-4a99-a016-ab319b4a0278" testId="fa00d2a8-59b9-ad9e-caa1-a0c9e3156db1" testName="ToGetAll_Passing_Claims_Returns_Claim_Value_Int_List" computerName="PC-SFERRARI" duration="00:00:00.0088118" startTime="2020-09-06T10:39:38.0585685+01:00" endTime="2020-09-06T10:39:38.0674886+01:00" testType="13cdc9d9-ddb5-4fa4-a97d-d965ccfc6d4b" outcome="Passed" testListId="8c84fa94-04c1-424b-9868-57a2d4851a1d" relativeResultsDirectory="d4881760-b6f1-4a99-a016-ab319b4a0278" />
    <UnitTestResult executionId="ae8ba36e-c86e-4b48-97a0-269dc8517d08" testId="4315ebd1-3e2a-edf0-9de6-c78f08760fe3" testName="ToFirstLetterLower_Passing_ValidValue_Returns_StringWithFirstLetterLower" computerName="PC-SFERRARI" duration="00:00:00.0004252" startTime="2020-09-06T10:39:41.1522973+01:00" endTime="2020-09-06T10:39:41.1528242+01:00" testType="13cdc9d9-ddb5-4fa4-a97d-d965ccfc6d4b" outcome="Passed" testListId="8c84fa94-04c1-424b-9868-57a2d4851a1d" relativeResultsDirectory="ae8ba36e-c86e-4b48-97a0-269dc8517d08" resultType="DataDrivenTest">
      <InnerResults>
        <UnitTestResult executionId="57a36357-4857-4e25-8b23-8a90d9e52126" parentExecutionId="ae8ba36e-c86e-4b48-97a0-269dc8517d08" testId="4315ebd1-3e2a-edf0-9de6-c78f08760fe3" testName="ToFirstLetterLower_Passing_ValidValue_Returns_StringWithFirstLetterLower (aeiou,aeiou)" computerName="PC-SFERRARI" duration="00:00:00.0003045" startTime="2020-09-06T10:39:41.1522973+01:00" endTime="2020-09-06T10:39:41.1528242+01:00" testType="13cdc9d9-ddb5-4fa4-a97d-d965ccfc6d4b" outcome="Passed" testListId="8c84fa94-04c1-424b-9868-57a2d4851a1d" relativeResultsDirectory="57a36357-4857-4e25-8b23-8a90d9e52126" dataRowInfo="1" resultType="DataDrivenDataRow" />
        <UnitTestResult executionId="01ab0d18-ed23-47e6-afb9-eefd7a0704fe" parentExecutionId="ae8ba36e-c86e-4b48-97a0-269dc8517d08" testId="4315ebd1-3e2a-edf0-9de6-c78f08760fe3" testName="ToFirstLetterLower_Passing_ValidValue_Returns_StringWithFirstLetterLower (aEIOU,aEIOU)" computerName="PC-SFERRARI" duration="00:00:00.0000079" startTime="2020-09-06T10:39:41.1522973+01:00" endTime="2020-09-06T10:39:41.1528242+01:00" testType="13cdc9d9-ddb5-4fa4-a97d-d965ccfc6d4b" outcome="Passed" testListId="8c84fa94-04c1-424b-9868-57a2d4851a1d" relativeResultsDirectory="01ab0d18-ed23-47e6-afb9-eefd7a0704fe" dataRowInfo="2" resultType="DataDrivenDataRow" />
        <UnitTestResult executionId="a1287c4c-590d-4f28-96d4-4c7c3952ec88" parentExecutionId="ae8ba36e-c86e-4b48-97a0-269dc8517d08" testId="4315ebd1-3e2a-edf0-9de6-c78f08760fe3" testName="ToFirstLetterLower_Passing_ValidValue_Returns_StringWithFirstLetterLower (aeioU,aeioU)" computerName="PC-SFERRARI" duration="00:00:00.0000030" startTime="2020-09-06T10:39:41.1522973+01:00" endTime="2020-09-06T10:39:41.1528242+01:00" testType="13cdc9d9-ddb5-4fa4-a97d-d965ccfc6d4b" outcome="Passed" testListId="8c84fa94-04c1-424b-9868-57a2d4851a1d" relativeResultsDirectory="a1287c4c-590d-4f28-96d4-4c7c3952ec88" dataRowInfo="3" resultType="DataDrivenDataRow" />
        <UnitTestResult executionId="e329f8a2-f332-40f2-a074-3ac9ba563d87" parentExecutionId="ae8ba36e-c86e-4b48-97a0-269dc8517d08" testId="4315ebd1-3e2a-edf0-9de6-c78f08760fe3" testName="ToFirstLetterLower_Passing_ValidValue_Returns_StringWithFirstLetterLower (AEIOU,aEIOU)" computerName="PC-SFERRARI" duration="00:00:00.0000027" startTime="2020-09-06T10:39:41.1522973+01:00" endTime="2020-09-06T10:39:41.1528242+01:00" testType="13cdc9d9-ddb5-4fa4-a97d-d965ccfc6d4b" outcome="Passed" testListId="8c84fa94-04c1-424b-9868-57a2d4851a1d" relativeResultsDirectory="e329f8a2-f332-40f2-a074-3ac9ba563d87" dataRowInfo="4" resultType="DataDrivenDataRow" />
        <UnitTestResult executionId="784ae638-fd2b-43e8-88e3-278f464f78fa" parentExecutionId="ae8ba36e-c86e-4b48-97a0-269dc8517d08" testId="4315ebd1-3e2a-edf0-9de6-c78f08760fe3" testName="ToFirstLetterLower_Passing_ValidValue_Returns_StringWithFirstLetterLower (Aeiou,aeiou)" computerName="PC-SFERRARI" duration="00:00:00.0000026" startTime="2020-09-06T10:39:41.1522973+01:00" endTime="2020-09-06T10:39:41.1528242+01:00" testType="13cdc9d9-ddb5-4fa4-a97d-d965ccfc6d4b" outcome="Passed" testListId="8c84fa94-04c1-424b-9868-57a2d4851a1d" relativeResultsDirectory="784ae638-fd2b-43e8-88e3-278f464f78fa" dataRowInfo="5" resultType="DataDrivenDataRow" />
      </InnerResults>
    </UnitTestResult>
    <UnitTestResult executionId="4c3e1568-de54-474c-8b84-cd986864f036" testId="f8b74494-d277-7173-e694-2a4d463a4607" testName="ToMapList_Passing_Source_Type_And_Destination_Type_Returns_Destination_Object_List" computerName="PC-SFERRARI" duration="00:00:00.0533474" startTime="2020-09-06T10:39:37.3001456+01:00" endTime="2020-09-06T10:39:37.3536304+01:00" testType="13cdc9d9-ddb5-4fa4-a97d-d965ccfc6d4b" outcome="Passed" testListId="8c84fa94-04c1-424b-9868-57a2d4851a1d" relativeResultsDirectory="4c3e1568-de54-474c-8b84-cd986864f036" />
    <UnitTestResult executionId="5d12cac4-4eaa-412a-b64d-36528ee074f9" testId="a2b6017f-838f-c435-81c1-a75dd92108eb" testName="IsEspecialChars_Passing_ValidArguments_Returns_HasErrorsAndCount" computerName="PC-SFERRARI" duration="00:00:00.0001683" startTime="2020-09-06T10:39:37.8947343+01:00" endTime="2020-09-06T10:39:37.8949895+01:00" testType="13cdc9d9-ddb5-4fa4-a97d-d965ccfc6d4b" outcome="Passed" testListId="8c84fa94-04c1-424b-9868-57a2d4851a1d" relativeResultsDirectory="5d12cac4-4eaa-412a-b64d-36528ee074f9" />
    <UnitTestResult executionId="0c47d60d-9346-40c5-9d92-7c1c0d3516ea" testId="180814cc-22f9-91b2-cd9a-f54be7e1ba18" testName="IsEmail_Passing_InvalidArguments_Returns_HasErrorsAndCount" computerName="PC-SFERRARI" duration="00:00:00.0002113" startTime="2020-09-06T10:39:37.8928270+01:00" endTime="2020-09-06T10:39:37.8931247+01:00" testType="13cdc9d9-ddb5-4fa4-a97d-d965ccfc6d4b" outcome="Passed" testListId="8c84fa94-04c1-424b-9868-57a2d4851a1d" relativeResultsDirectory="0c47d60d-9346-40c5-9d92-7c1c0d3516ea" />
    <UnitTestResult executionId="0da01d57-f078-4bd1-bf7f-35594c4472d6" testId="9d64a285-266d-52de-ef34-34102f8ad12c" testName="IsEspecialChars_Passing_InvalidArguments_Returns_HasErrorsAndCount" computerName="PC-SFERRARI" duration="00:00:00.0007069" startTime="2020-09-06T10:39:37.8939202+01:00" endTime="2020-09-06T10:39:37.8947120+01:00" testType="13cdc9d9-ddb5-4fa4-a97d-d965ccfc6d4b" outcome="Passed" testListId="8c84fa94-04c1-424b-9868-57a2d4851a1d" relativeResultsDirectory="0da01d57-f078-4bd1-bf7f-35594c4472d6" />
    <UnitTestResult executionId="c6331626-a1a0-43c4-8579-814768ce71f0" testId="e9d3a3d6-32e0-613e-b55e-48afdf1ab686" testName="ToWhere_Passing_Valid_Predicate_Returns_Filter_List" computerName="PC-SFERRARI" duration="00:00:00.0033853" startTime="2020-09-06T10:39:40.8999004+01:00" endTime="2020-09-06T10:39:40.9033909+01:00" testType="13cdc9d9-ddb5-4fa4-a97d-d965ccfc6d4b" outcome="Passed" testListId="8c84fa94-04c1-424b-9868-57a2d4851a1d" relativeResultsDirectory="c6331626-a1a0-43c4-8579-814768ce71f0" />
    <UnitTestResult executionId="e2f3c2af-2c9b-448f-95ff-6bca76595138" testId="cf950ab2-9fe4-ec30-43b4-2f3a99b5167d" testName="CreateAndVerifySHA256_Passing_Valid_Arguments_Returns_True" computerName="PC-SFERRARI" duration="00:00:00.0077125" startTime="2020-09-06T10:39:40.4842043+01:00" endTime="2020-09-06T10:39:40.4923144+01:00" testType="13cdc9d9-ddb5-4fa4-a97d-d965ccfc6d4b" outcome="Passed" testListId="8c84fa94-04c1-424b-9868-57a2d4851a1d" relativeResultsDirectory="e2f3c2af-2c9b-448f-95ff-6bca76595138" resultType="DataDrivenTest">
      <InnerResults>
        <UnitTestResult executionId="cdea0f95-2135-444d-be86-9410d8d13aa9" parentExecutionId="e2f3c2af-2c9b-448f-95ff-6bca76595138" testId="cf950ab2-9fe4-ec30-43b4-2f3a99b5167d" testName="CreateAndVerifySHA256_Passing_Valid_Arguments_Returns_True (Password)" computerName="PC-SFERRARI" duration="00:00:00.0074969" startTime="2020-09-06T10:39:40.4842043+01:00" endTime="2020-09-06T10:39:40.4923144+01:00" testType="13cdc9d9-ddb5-4fa4-a97d-d965ccfc6d4b" outcome="Passed" testListId="8c84fa94-04c1-424b-9868-57a2d4851a1d" relativeResultsDirectory="cdea0f95-2135-444d-be86-9410d8d13aa9" dataRowInfo="1" resultType="DataDrivenDataRow" />
        <UnitTestResult executionId="071a792c-2acf-495e-a6be-0cc4c74fbf60" parentExecutionId="e2f3c2af-2c9b-448f-95ff-6bca76595138" testId="cf950ab2-9fe4-ec30-43b4-2f3a99b5167d" testName="CreateAndVerifySHA256_Passing_Valid_Arguments_Returns_True (HashTests)" computerName="PC-SFERRARI" duration="00:00:00.0000399" startTime="2020-09-06T10:39:40.4842043+01:00" endTime="2020-09-06T10:39:40.4923144+01:00" testType="13cdc9d9-ddb5-4fa4-a97d-d965ccfc6d4b" outcome="Passed" testListId="8c84fa94-04c1-424b-9868-57a2d4851a1d" relativeResultsDirectory="071a792c-2acf-495e-a6be-0cc4c74fbf60" dataRowInfo="2" resultType="DataDrivenDataRow" />
        <UnitTestResult executionId="07fdd4f7-5b5c-4f9d-bfda-f6c2cceb1396" parentExecutionId="e2f3c2af-2c9b-448f-95ff-6bca76595138" testId="cf950ab2-9fe4-ec30-43b4-2f3a99b5167d" testName="CreateAndVerifySHA256_Passing_Valid_Arguments_Returns_True (sdlfkjldsfksdfñl·%$·&amp;$/U&amp;/)(&amp;()?=)¿?^P*^PÑL,.,.lñ´ñ+98098'098098)" computerName="PC-SFERRARI" duration="00:00:00.0000231" startTime="2020-09-06T10:39:40.4842043+01:00" endTime="2020-09-06T10:39:40.4923144+01:00" testType="13cdc9d9-ddb5-4fa4-a97d-d965ccfc6d4b" outcome="Passed" testListId="8c84fa94-04c1-424b-9868-57a2d4851a1d" relativeResultsDirectory="07fdd4f7-5b5c-4f9d-bfda-f6c2cceb1396" dataRowInfo="3" resultType="DataDrivenDataRow" />
      </InnerResults>
    </UnitTestResult>
    <UnitTestResult executionId="73d5f51b-515f-4d1b-a788-ce0f3135448c" testId="432377b9-b0ad-9a2a-6dc2-e1069e73c449" testName="ToDefaultValue_Passing_bool_Returns_Cero" computerName="PC-SFERRARI" duration="00:00:00.0006686" startTime="2020-09-06T10:39:38.7304112+01:00" endTime="2020-09-06T10:39:38.7311667+01:00" testType="13cdc9d9-ddb5-4fa4-a97d-d965ccfc6d4b" outcome="Passed" testListId="8c84fa94-04c1-424b-9868-57a2d4851a1d" relativeResultsDirectory="73d5f51b-515f-4d1b-a788-ce0f3135448c" resultType="DataDrivenTest">
      <InnerResults>
        <UnitTestResult executionId="f0b13ef5-527e-420e-90a5-2b5e035327a0" parentExecutionId="73d5f51b-515f-4d1b-a788-ce0f3135448c" testId="432377b9-b0ad-9a2a-6dc2-e1069e73c449" testName="ToDefaultValue_Passing_bool_Returns_Cero (True)" computerName="PC-SFERRARI" duration="00:00:00.0006024" startTime="2020-09-06T10:39:38.7304112+01:00" endTime="2020-09-06T10:39:38.7311667+01:00" testType="13cdc9d9-ddb5-4fa4-a97d-d965ccfc6d4b" outcome="Passed" testListId="8c84fa94-04c1-424b-9868-57a2d4851a1d" relativeResultsDirectory="f0b13ef5-527e-420e-90a5-2b5e035327a0" dataRowInfo="1" resultType="DataDrivenDataRow" />
      </InnerResults>
    </UnitTestResult>
    <UnitTestResult executionId="87f4f718-0735-4023-8a36-9ac5dff42464" testId="fe683836-27ec-729e-5fe1-a9c2674a6d87" testName="IsRegexMatch_Passing_InvalidArguments_Returns_HasErrorsAndCount" computerName="PC-SFERRARI" duration="00:00:00.0002920" startTime="2020-09-06T10:39:37.9600017+01:00" endTime="2020-09-06T10:39:37.9604833+01:00" testType="13cdc9d9-ddb5-4fa4-a97d-d965ccfc6d4b" outcome="Passed" testListId="8c84fa94-04c1-424b-9868-57a2d4851a1d" relativeResultsDirectory="87f4f718-0735-4023-8a36-9ac5dff42464" />
    <UnitTestResult executionId="cf937d0c-ea59-4680-95c9-6321a90f8e30" testId="4ead3f79-a54e-1b96-838c-d0c2f491cb0d" testName="ToAge_Passing_Birthday_DateTime_Returns_Age" computerName="PC-SFERRARI" duration="00:00:00.0007094" startTime="2020-09-06T10:39:38.5844909+01:00" endTime="2020-09-06T10:39:38.5854594+01:00" testType="13cdc9d9-ddb5-4fa4-a97d-d965ccfc6d4b" outcome="Passed" testListId="8c84fa94-04c1-424b-9868-57a2d4851a1d" relativeResultsDirectory="cf937d0c-ea59-4680-95c9-6321a90f8e30" />
    <UnitTestResult executionId="67517233-82db-431e-a1c3-5e04b430df20" testId="3f0bf65d-a3af-41bf-ac79-126a0efc4fd4" testName="ToService_Passing_Service_Not_Found_Returns_Null" computerName="PC-SFERRARI" duration="00:00:00.0002966" startTime="2020-09-06T10:39:37.7201655+01:00" endTime="2020-09-06T10:39:37.7205547+01:00" testType="13cdc9d9-ddb5-4fa4-a97d-d965ccfc6d4b" outcome="Passed" testListId="8c84fa94-04c1-424b-9868-57a2d4851a1d" relativeResultsDirectory="67517233-82db-431e-a1c3-5e04b430df20" />
    <UnitTestResult executionId="07084a7c-45a7-4c5e-b838-6b5fc2cd793b" testId="17a38df3-33e0-71ac-f8cb-dcdd3ade7269" testName="ToDefaultValue_Passing_char_Returns_Cero" computerName="PC-SFERRARI" duration="00:00:00.0003162" startTime="2020-09-06T10:39:38.7517604+01:00" endTime="2020-09-06T10:39:38.7521625+01:00" testType="13cdc9d9-ddb5-4fa4-a97d-d965ccfc6d4b" outcome="Passed" testListId="8c84fa94-04c1-424b-9868-57a2d4851a1d" relativeResultsDirectory="07084a7c-45a7-4c5e-b838-6b5fc2cd793b" resultType="DataDrivenTest">
      <InnerResults>
        <UnitTestResult executionId="c6550d5d-169a-42b7-b87d-aae419507bc7" parentExecutionId="07084a7c-45a7-4c5e-b838-6b5fc2cd793b" testId="17a38df3-33e0-71ac-f8cb-dcdd3ade7269" testName="ToDefaultValue_Passing_char_Returns_Cero (*)" computerName="PC-SFERRARI" duration="00:00:00.0002678" startTime="2020-09-06T10:39:38.7517604+01:00" endTime="2020-09-06T10:39:38.7521625+01:00" testType="13cdc9d9-ddb5-4fa4-a97d-d965ccfc6d4b" outcome="Passed" testListId="8c84fa94-04c1-424b-9868-57a2d4851a1d" relativeResultsDirectory="c6550d5d-169a-42b7-b87d-aae419507bc7" dataRowInfo="1" resultType="DataDrivenDataRow" />
      </InnerResults>
    </UnitTestResult>
    <UnitTestResult executionId="af62d643-fc64-46d6-bdc8-659ca47c8fd1" testId="34e0940c-fc9c-71db-fc18-7d52ee8761a0" testName="ToAuthenticationType_Passing_Claims_Returns_Null" computerName="PC-SFERRARI" duration="00:00:00.0006552" startTime="2020-09-06T10:39:38.0249013+01:00" endTime="2020-09-06T10:39:38.0256915+01:00" testType="13cdc9d9-ddb5-4fa4-a97d-d965ccfc6d4b" outcome="Passed" testListId="8c84fa94-04c1-424b-9868-57a2d4851a1d" relativeResultsDirectory="af62d643-fc64-46d6-bdc8-659ca47c8fd1" />
    <UnitTestResult executionId="b862ebd5-ac30-459b-ba11-4c7fb0d9a109" testId="e1a72c94-958d-7abb-4a96-4b60b12f8157" testName="ToFullMessage_Passing_ExceptionWithMessageWithInnerException_Returns_Full_Message" computerName="PC-SFERRARI" duration="00:00:00.0072377" startTime="2020-09-06T10:39:38.7210764+01:00" endTime="2020-09-06T10:39:38.7285525+01:00" testType="13cdc9d9-ddb5-4fa4-a97d-d965ccfc6d4b" outcome="Passed" testListId="8c84fa94-04c1-424b-9868-57a2d4851a1d" relativeResultsDirectory="b862ebd5-ac30-459b-ba11-4c7fb0d9a109" />
    <UnitTestResult executionId="e3e83140-da80-4b42-a652-d60afdce2944" testId="8dccdb77-e6a8-58c6-9bd0-108f87c5ff65" testName="ToAuthenticationType_Passing_Null_ClaimsPrincipal_Returns_ApplicationException" computerName="PC-SFERRARI" duration="00:00:00.0151585" startTime="2020-09-06T10:39:38.0415961+01:00" endTime="2020-09-06T10:39:38.0570228+01:00" testType="13cdc9d9-ddb5-4fa4-a97d-d965ccfc6d4b" outcome="Passed" testListId="8c84fa94-04c1-424b-9868-57a2d4851a1d" relativeResultsDirectory="e3e83140-da80-4b42-a652-d60afdce2944" />
    <UnitTestResult executionId="c8f304d5-e8bf-4afd-aec3-9539d791ae40" testId="1237bc5f-42ea-8c7f-8602-051620acda95" testName="ToEmailMaskUserName_Passing_ValidEmail_Returns_EmailWithMask" computerName="PC-SFERRARI" duration="00:00:00.0006391" startTime="2020-09-06T10:39:41.1052200+01:00" endTime="2020-09-06T10:39:41.1063059+01:00" testType="13cdc9d9-ddb5-4fa4-a97d-d965ccfc6d4b" outcome="Passed" testListId="8c84fa94-04c1-424b-9868-57a2d4851a1d" relativeResultsDirectory="c8f304d5-e8bf-4afd-aec3-9539d791ae40" resultType="DataDrivenTest">
      <InnerResults>
        <UnitTestResult executionId="f21293fb-ca77-4a19-96d7-67de8cb8437d" parentExecutionId="c8f304d5-e8bf-4afd-aec3-9539d791ae40" testId="1237bc5f-42ea-8c7f-8602-051620acda95" testName="ToEmailMaskUserName_Passing_ValidEmail_Returns_EmailWithMask (qaz@gmail.com,q*z@gmail.com)" computerName="PC-SFERRARI" duration="00:00:00.0003746" startTime="2020-09-06T10:39:41.1052200+01:00" endTime="2020-09-06T10:39:41.1063059+01:00" testType="13cdc9d9-ddb5-4fa4-a97d-d965ccfc6d4b" outcome="Passed" testListId="8c84fa94-04c1-424b-9868-57a2d4851a1d" relativeResultsDirectory="f21293fb-ca77-4a19-96d7-67de8cb8437d" dataRowInfo="1" resultType="DataDrivenDataRow" />
        <UnitTestResult executionId="12aaae8b-952d-4a37-8794-2ceb931d3240" parentExecutionId="c8f304d5-e8bf-4afd-aec3-9539d791ae40" testId="1237bc5f-42ea-8c7f-8602-051620acda95" testName="ToEmailMaskUserName_Passing_ValidEmail_Returns_EmailWithMask (qazwsx@gmail.com,q****x@gmail.com)" computerName="PC-SFERRARI" duration="00:00:00.0000427" startTime="2020-09-06T10:39:41.1052200+01:00" endTime="2020-09-06T10:39:41.1063059+01:00" testType="13cdc9d9-ddb5-4fa4-a97d-d965ccfc6d4b" outcome="Passed" testListId="8c84fa94-04c1-424b-9868-57a2d4851a1d" relativeResultsDirectory="12aaae8b-952d-4a37-8794-2ceb931d3240" dataRowInfo="2" resultType="DataDrivenDataRow" />
        <UnitTestResult executionId="46211d93-c2ee-4e64-b59f-0cd65f64dede" parentExecutionId="c8f304d5-e8bf-4afd-aec3-9539d791ae40" testId="1237bc5f-42ea-8c7f-8602-051620acda95" testName="ToEmailMaskUserName_Passing_ValidEmail_Returns_EmailWithMask (qazwsxedc@gmail.com,q*******c@gmail.com)" computerName="PC-SFERRARI" duration="00:00:00.0000169" startTime="2020-09-06T10:39:41.1052200+01:00" endTime="2020-09-06T10:39:41.1063059+01:00" testType="13cdc9d9-ddb5-4fa4-a97d-d965ccfc6d4b" outcome="Passed" testListId="8c84fa94-04c1-424b-9868-57a2d4851a1d" relativeResultsDirectory="46211d93-c2ee-4e64-b59f-0cd65f64dede" dataRowInfo="3" resultType="DataDrivenDataRow" />
        <UnitTestResult executionId="9219235b-1a1d-4578-b172-fd0f1b4abb41" parentExecutionId="c8f304d5-e8bf-4afd-aec3-9539d791ae40" testId="1237bc5f-42ea-8c7f-8602-051620acda95" testName="ToEmailMaskUserName_Passing_ValidEmail_Returns_EmailWithMask (qaz@gmailgmail.com,q*z@gmailgmail.com)" computerName="PC-SFERRARI" duration="00:00:00.0000254" startTime="2020-09-06T10:39:41.1052200+01:00" endTime="2020-09-06T10:39:41.1063059+01:00" testType="13cdc9d9-ddb5-4fa4-a97d-d965ccfc6d4b" outcome="Passed" testListId="8c84fa94-04c1-424b-9868-57a2d4851a1d" relativeResultsDirectory="9219235b-1a1d-4578-b172-fd0f1b4abb41" dataRowInfo="4" resultType="DataDrivenDataRow" />
        <UnitTestResult executionId="bfb0f6bb-3398-4db5-9a74-fe6b534aaa9c" parentExecutionId="c8f304d5-e8bf-4afd-aec3-9539d791ae40" testId="1237bc5f-42ea-8c7f-8602-051620acda95" testName="ToEmailMaskUserName_Passing_ValidEmail_Returns_EmailWithMask (qazwsx@gmailgmail.com,q****x@gmailgmail.com)" computerName="PC-SFERRARI" duration="00:00:00.0000254" startTime="2020-09-06T10:39:41.1052200+01:00" endTime="2020-09-06T10:39:41.1063059+01:00" testType="13cdc9d9-ddb5-4fa4-a97d-d965ccfc6d4b" outcome="Passed" testListId="8c84fa94-04c1-424b-9868-57a2d4851a1d" relativeResultsDirectory="bfb0f6bb-3398-4db5-9a74-fe6b534aaa9c" dataRowInfo="5" resultType="DataDrivenDataRow" />
        <UnitTestResult executionId="7bb0cee1-1830-4a1a-b766-130a93f07221" parentExecutionId="c8f304d5-e8bf-4afd-aec3-9539d791ae40" testId="1237bc5f-42ea-8c7f-8602-051620acda95" testName="ToEmailMaskUserName_Passing_ValidEmail_Returns_EmailWithMask (qazwsxedc@gmailgmail.com,q*******c@gmailgmail.com)" computerName="PC-SFERRARI" duration="00:00:00.0000262" startTime="2020-09-06T10:39:41.1052200+01:00" endTime="2020-09-06T10:39:41.1063059+01:00" testType="13cdc9d9-ddb5-4fa4-a97d-d965ccfc6d4b" outcome="Passed" testListId="8c84fa94-04c1-424b-9868-57a2d4851a1d" relativeResultsDirectory="7bb0cee1-1830-4a1a-b766-130a93f07221" dataRowInfo="6" resultType="DataDrivenDataRow" />
      </InnerResults>
    </UnitTestResult>
    <UnitTestResult executionId="a8b5885d-9248-4838-8f3b-cb4921714b58" testId="87c5dbd3-fd2a-1e49-42e5-8dc78affc8d6" testName="ToSerialize_Passing_Objects_Returns_String_Values" computerName="PC-SFERRARI" duration="00:00:00.0014239" startTime="2020-09-06T10:39:40.8890981+01:00" endTime="2020-09-06T10:39:40.8906228+01:00" testType="13cdc9d9-ddb5-4fa4-a97d-d965ccfc6d4b" outcome="Passed" testListId="8c84fa94-04c1-424b-9868-57a2d4851a1d" relativeResultsDirectory="a8b5885d-9248-4838-8f3b-cb4921714b58" />
    <UnitTestResult executionId="c298a1e4-4798-49e4-962e-880c256b2dca" testId="f8adc240-2e19-f993-0d82-9d004ab9752d" testName="CreateAndVerifyPassword_Passing_Valid_Arguments_Returns_IsValid" computerName="PC-SFERRARI" duration="00:00:01.6480809" startTime="2020-09-06T10:39:38.8356653+01:00" endTime="2020-09-06T10:39:40.4839955+01:00" testType="13cdc9d9-ddb5-4fa4-a97d-d965ccfc6d4b" outcome="Passed" testListId="8c84fa94-04c1-424b-9868-57a2d4851a1d" relativeResultsDirectory="c298a1e4-4798-49e4-962e-880c256b2dca" resultType="DataDrivenTest">
      <InnerResults>
        <UnitTestResult executionId="a8cbb706-224d-4bda-8318-603c619c846c" parentExecutionId="c298a1e4-4798-49e4-962e-880c256b2dca" testId="f8adc240-2e19-f993-0d82-9d004ab9752d" testName="CreateAndVerifyPassword_Passing_Valid_Arguments_Returns_IsValid (Password)" computerName="PC-SFERRARI" duration="00:00:00.8857454" startTime="2020-09-06T10:39:38.8356653+01:00" endTime="2020-09-06T10:39:40.4839955+01:00" testType="13cdc9d9-ddb5-4fa4-a97d-d965ccfc6d4b" outcome="Passed" testListId="8c84fa94-04c1-424b-9868-57a2d4851a1d" relativeResultsDirectory="a8cbb706-224d-4bda-8318-603c619c846c" dataRowInfo="1" resultType="DataDrivenDataRow" />
        <UnitTestResult executionId="288acd76-85ea-4bb8-ab42-d6e71cefc053" parentExecutionId="c298a1e4-4798-49e4-962e-880c256b2dca" testId="f8adc240-2e19-f993-0d82-9d004ab9752d" testName="CreateAndVerifyPassword_Passing_Valid_Arguments_Returns_IsValid (HashTests)" computerName="PC-SFERRARI" duration="00:00:00.4821336" startTime="2020-09-06T10:39:38.8356653+01:00" endTime="2020-09-06T10:39:40.4839955+01:00" testType="13cdc9d9-ddb5-4fa4-a97d-d965ccfc6d4b" outcome="Passed" testListId="8c84fa94-04c1-424b-9868-57a2d4851a1d" relativeResultsDirectory="288acd76-85ea-4bb8-ab42-d6e71cefc053" dataRowInfo="2" resultType="DataDrivenDataRow" />
        <UnitTestResult executionId="5e53be49-84f8-4969-b086-51ad3e0c3e9f" parentExecutionId="c298a1e4-4798-49e4-962e-880c256b2dca" testId="f8adc240-2e19-f993-0d82-9d004ab9752d" testName="CreateAndVerifyPassword_Passing_Valid_Arguments_Returns_IsValid (sdlfkjldsfksdfñl·%$·&amp;$/U&amp;/)(&amp;()?=)¿?^P*^PÑL,.,.lñ´ñ+98098'098098)" computerName="PC-SFERRARI" duration="00:00:00.2780256" startTime="2020-09-06T10:39:38.8356653+01:00" endTime="2020-09-06T10:39:40.4839955+01:00" testType="13cdc9d9-ddb5-4fa4-a97d-d965ccfc6d4b" outcome="Passed" testListId="8c84fa94-04c1-424b-9868-57a2d4851a1d" relativeResultsDirectory="5e53be49-84f8-4969-b086-51ad3e0c3e9f" dataRowInfo="3" resultType="DataDrivenDataRow" />
      </InnerResults>
    </UnitTestResult>
    <UnitTestResult executionId="24a7a096-9bd9-4dcb-bd28-cea672216aba" testId="19a313ce-6632-bd6f-bb7e-c2dc7bcf20eb" testName="ToDefaultValue_Passing_sbyte_Returns_Cero" computerName="PC-SFERRARI" duration="00:00:00.0041150" startTime="2020-09-06T10:39:38.8064770+01:00" endTime="2020-09-06T10:39:38.8106645+01:00" testType="13cdc9d9-ddb5-4fa4-a97d-d965ccfc6d4b" outcome="Passed" testListId="8c84fa94-04c1-424b-9868-57a2d4851a1d" relativeResultsDirectory="24a7a096-9bd9-4dcb-bd28-cea672216aba" resultType="DataDrivenTest">
      <InnerResults>
        <UnitTestResult executionId="ee35ca11-0e87-44ab-b19c-951f7b0025cb" parentExecutionId="24a7a096-9bd9-4dcb-bd28-cea672216aba" testId="19a313ce-6632-bd6f-bb7e-c2dc7bcf20eb" testName="ToDefaultValue_Passing_sbyte_Returns_Cero (127)" computerName="PC-SFERRARI" duration="00:00:00.0004054" startTime="2020-09-06T10:39:38.8064770+01:00" endTime="2020-09-06T10:39:38.8106645+01:00" testType="13cdc9d9-ddb5-4fa4-a97d-d965ccfc6d4b" outcome="Passed" testListId="8c84fa94-04c1-424b-9868-57a2d4851a1d" relativeResultsDirectory="ee35ca11-0e87-44ab-b19c-951f7b0025cb" dataRowInfo="1" resultType="DataDrivenDataRow" />
      </InnerResults>
    </UnitTestResult>
    <UnitTestResult executionId="e0f3cfb4-a85c-4e3b-8cee-9825d09a65d0" testId="4234610b-215b-41f7-e61d-4a82851bdfa3" testName="ToDefaultValue_Passing_int_Returns_Cero" computerName="PC-SFERRARI" duration="00:00:00.0004609" startTime="2020-09-06T10:39:38.8053525+01:00" endTime="2020-09-06T10:39:38.8060029+01:00" testType="13cdc9d9-ddb5-4fa4-a97d-d965ccfc6d4b" outcome="Passed" testListId="8c84fa94-04c1-424b-9868-57a2d4851a1d" relativeResultsDirectory="e0f3cfb4-a85c-4e3b-8cee-9825d09a65d0" resultType="DataDrivenTest">
      <InnerResults>
        <UnitTestResult executionId="b54fc907-23b0-4a5f-b95f-5dd6e5a235dd" parentExecutionId="e0f3cfb4-a85c-4e3b-8cee-9825d09a65d0" testId="4234610b-215b-41f7-e61d-4a82851bdfa3" testName="ToDefaultValue_Passing_int_Returns_Cero (2147483647)" computerName="PC-SFERRARI" duration="00:00:00.0003990" startTime="2020-09-06T10:39:38.8053525+01:00" endTime="2020-09-06T10:39:38.8060029+01:00" testType="13cdc9d9-ddb5-4fa4-a97d-d965ccfc6d4b" outcome="Passed" testListId="8c84fa94-04c1-424b-9868-57a2d4851a1d" relativeResultsDirectory="b54fc907-23b0-4a5f-b95f-5dd6e5a235dd" dataRowInfo="1" resultType="DataDrivenDataRow" />
      </InnerResults>
    </UnitTestResult>
    <UnitTestResult executionId="4358805a-c7aa-4a5e-bfd8-aaff85d11183" testId="71a1897b-b713-c047-1c23-5efdff095b20" testName="ToMapUpdate_Passing_Destination_Object_Returns_Updated_Destination_Object" computerName="PC-SFERRARI" duration="00:00:00.0031975" startTime="2020-09-06T10:39:37.3795279+01:00" endTime="2020-09-06T10:39:37.3828334+01:00" testType="13cdc9d9-ddb5-4fa4-a97d-d965ccfc6d4b" outcome="Passed" testListId="8c84fa94-04c1-424b-9868-57a2d4851a1d" relativeResultsDirectory="4358805a-c7aa-4a5e-bfd8-aaff85d11183" />
    <UnitTestResult executionId="9f307d48-7471-44a0-ba4b-1af08d45c1b1" testId="579b7361-19a9-f329-acb3-de102dcfc793" testName="ToDefaultValue_Passing_ValidString_Returns_DefaultValue" computerName="PC-SFERRARI" duration="00:00:00.0001638" startTime="2020-09-06T10:39:42.3652573+01:00" endTime="2020-09-06T10:39:42.3655147+01:00" testType="13cdc9d9-ddb5-4fa4-a97d-d965ccfc6d4b" outcome="Passed" testListId="8c84fa94-04c1-424b-9868-57a2d4851a1d" relativeResultsDirectory="9f307d48-7471-44a0-ba4b-1af08d45c1b1" />
    <UnitTestResult executionId="c54093f4-2779-4917-9ab0-e42c218e821e" testId="f2debf4a-2a42-7b0b-1005-8f74a6fc63cb" testName="IsSubdomain_Passing_InvalidArguments_Returns_HasErrorsAndCount" computerName="PC-SFERRARI" duration="00:00:00.0001983" startTime="2020-09-06T10:39:37.9605187+01:00" endTime="2020-09-06T10:39:37.9608024+01:00" testType="13cdc9d9-ddb5-4fa4-a97d-d965ccfc6d4b" outcome="Passed" testListId="8c84fa94-04c1-424b-9868-57a2d4851a1d" relativeResultsDirectory="c54093f4-2779-4917-9ab0-e42c218e821e" />
    <UnitTestResult executionId="6fef8384-b101-4368-9c14-c2673e2d03b6" testId="430dec51-b9df-7e06-fff9-78e6d362c2d8" testName="CreateRandom_WithCustomAllowableCharacters_Passing_Valid_Arguments_Returns_String_Random_Value" computerName="PC-SFERRARI" duration="00:00:00.0006062" startTime="2020-09-06T10:39:40.5180581+01:00" endTime="2020-09-06T10:39:40.5188509+01:00" testType="13cdc9d9-ddb5-4fa4-a97d-d965ccfc6d4b" outcome="Passed" testListId="8c84fa94-04c1-424b-9868-57a2d4851a1d" relativeResultsDirectory="6fef8384-b101-4368-9c14-c2673e2d03b6" resultType="DataDrivenTest">
      <InnerResults>
        <UnitTestResult executionId="1f6b6165-5355-4a19-9707-a48092edc95c" parentExecutionId="6fef8384-b101-4368-9c14-c2673e2d03b6" testId="430dec51-b9df-7e06-fff9-78e6d362c2d8" testName="CreateRandom_WithCustomAllowableCharacters_Passing_Valid_Arguments_Returns_String_Random_Value (8,ae)" computerName="PC-SFERRARI" duration="00:00:00.0004677" startTime="2020-09-06T10:39:40.5180581+01:00" endTime="2020-09-06T10:39:40.5188509+01:00" testType="13cdc9d9-ddb5-4fa4-a97d-d965ccfc6d4b" outcome="Passed" testListId="8c84fa94-04c1-424b-9868-57a2d4851a1d" relativeResultsDirectory="1f6b6165-5355-4a19-9707-a48092edc95c" dataRowInfo="1" resultType="DataDrivenDataRow" />
        <UnitTestResult executionId="c320e3c7-087b-41d3-9f11-4b7ec1577c8c" parentExecutionId="6fef8384-b101-4368-9c14-c2673e2d03b6" testId="430dec51-b9df-7e06-fff9-78e6d362c2d8" testName="CreateRandom_WithCustomAllowableCharacters_Passing_Valid_Arguments_Returns_String_Random_Value (5,aeiou123456)" computerName="PC-SFERRARI" duration="00:00:00.0000109" startTime="2020-09-06T10:39:40.5180581+01:00" endTime="2020-09-06T10:39:40.5188509+01:00" testType="13cdc9d9-ddb5-4fa4-a97d-d965ccfc6d4b" outcome="Passed" testListId="8c84fa94-04c1-424b-9868-57a2d4851a1d" relativeResultsDirectory="c320e3c7-087b-41d3-9f11-4b7ec1577c8c" dataRowInfo="2" resultType="DataDrivenDataRow" />
        <UnitTestResult executionId="b3f6747f-57f0-43e1-90e2-60ac11275589" parentExecutionId="6fef8384-b101-4368-9c14-c2673e2d03b6" testId="430dec51-b9df-7e06-fff9-78e6d362c2d8" testName="CreateRandom_WithCustomAllowableCharacters_Passing_Valid_Arguments_Returns_String_Random_Value (10,7890ABFLFLFFL)" computerName="PC-SFERRARI" duration="00:00:00.0000057" startTime="2020-09-06T10:39:40.5180581+01:00" endTime="2020-09-06T10:39:40.5188509+01:00" testType="13cdc9d9-ddb5-4fa4-a97d-d965ccfc6d4b" outcome="Passed" testListId="8c84fa94-04c1-424b-9868-57a2d4851a1d" relativeResultsDirectory="b3f6747f-57f0-43e1-90e2-60ac11275589" dataRowInfo="3" resultType="DataDrivenDataRow" />
        <UnitTestResult executionId="91a09868-8d81-4b75-99a4-9f3098979a25" parentExecutionId="6fef8384-b101-4368-9c14-c2673e2d03b6" testId="430dec51-b9df-7e06-fff9-78e6d362c2d8" testName="CreateRandom_WithCustomAllowableCharacters_Passing_Valid_Arguments_Returns_String_Random_Value (20,qazwscefbthmiklp09876543)" computerName="PC-SFERRARI" duration="00:00:00.0000061" startTime="2020-09-06T10:39:40.5180581+01:00" endTime="2020-09-06T10:39:40.5188509+01:00" testType="13cdc9d9-ddb5-4fa4-a97d-d965ccfc6d4b" outcome="Passed" testListId="8c84fa94-04c1-424b-9868-57a2d4851a1d" relativeResultsDirectory="91a09868-8d81-4b75-99a4-9f3098979a25" dataRowInfo="4" resultType="DataDrivenDataRow" />
      </InnerResults>
    </UnitTestResult>
    <UnitTestResult executionId="1af9b7e2-8e41-4008-b3f0-88e29c709b68" testId="40108f40-2761-0a89-d16d-ad113b5f3dd5" testName="ToDefaultValue_Passing_short_Returns_Cero" computerName="PC-SFERRARI" duration="00:00:00.0003187" startTime="2020-09-06T10:39:38.8107185+01:00" endTime="2020-09-06T10:39:38.8111424+01:00" testType="13cdc9d9-ddb5-4fa4-a97d-d965ccfc6d4b" outcome="Passed" testListId="8c84fa94-04c1-424b-9868-57a2d4851a1d" relativeResultsDirectory="1af9b7e2-8e41-4008-b3f0-88e29c709b68" resultType="DataDrivenTest">
      <InnerResults>
        <UnitTestResult executionId="b49ac797-7667-4cf7-a92e-97d07db4ecce" parentExecutionId="1af9b7e2-8e41-4008-b3f0-88e29c709b68" testId="40108f40-2761-0a89-d16d-ad113b5f3dd5" testName="ToDefaultValue_Passing_short_Returns_Cero (32767)" computerName="PC-SFERRARI" duration="00:00:00.0002769" startTime="2020-09-06T10:39:38.8107185+01:00" endTime="2020-09-06T10:39:38.8111424+01:00" testType="13cdc9d9-ddb5-4fa4-a97d-d965ccfc6d4b" outcome="Passed" testListId="8c84fa94-04c1-424b-9868-57a2d4851a1d" relativeResultsDirectory="b49ac797-7667-4cf7-a92e-97d07db4ecce" dataRowInfo="1" resultType="DataDrivenDataRow" />
      </InnerResults>
    </UnitTestResult>
    <UnitTestResult executionId="81bdd393-bc4d-41bc-9f98-6c1e12ed6582" testId="481343f9-3ff3-548f-0c6c-41599cf65802" testName="CreateRandom_WithDefaultAllowableCharacters_Passing_ValidArguments_Returns_String_Random_Value" computerName="PC-SFERRARI" duration="00:00:00.0002369" startTime="2020-09-06T10:39:40.5188911+01:00" endTime="2020-09-06T10:39:40.5192100+01:00" testType="13cdc9d9-ddb5-4fa4-a97d-d965ccfc6d4b" outcome="Passed" testListId="8c84fa94-04c1-424b-9868-57a2d4851a1d" relativeResultsDirectory="81bdd393-bc4d-41bc-9f98-6c1e12ed6582" resultType="DataDrivenTest">
      <InnerResults>
        <UnitTestResult executionId="57436f6e-87d0-40af-a858-cea0e1ea7b53" parentExecutionId="81bdd393-bc4d-41bc-9f98-6c1e12ed6582" testId="481343f9-3ff3-548f-0c6c-41599cf65802" testName="CreateRandom_WithDefaultAllowableCharacters_Passing_ValidArguments_Returns_String_Random_Value (5)" computerName="PC-SFERRARI" duration="00:00:00.0001616" startTime="2020-09-06T10:39:40.5188911+01:00" endTime="2020-09-06T10:39:40.5192100+01:00" testType="13cdc9d9-ddb5-4fa4-a97d-d965ccfc6d4b" outcome="Passed" testListId="8c84fa94-04c1-424b-9868-57a2d4851a1d" relativeResultsDirectory="57436f6e-87d0-40af-a858-cea0e1ea7b53" dataRowInfo="1" resultType="DataDrivenDataRow" />
        <UnitTestResult executionId="a9f71d28-bca7-4f89-aa94-927eecba1b43" parentExecutionId="81bdd393-bc4d-41bc-9f98-6c1e12ed6582" testId="481343f9-3ff3-548f-0c6c-41599cf65802" testName="CreateRandom_WithDefaultAllowableCharacters_Passing_ValidArguments_Returns_String_Random_Value (10)" computerName="PC-SFERRARI" duration="00:00:00.0000083" startTime="2020-09-06T10:39:40.5188911+01:00" endTime="2020-09-06T10:39:40.5192100+01:00" testType="13cdc9d9-ddb5-4fa4-a97d-d965ccfc6d4b" outcome="Passed" testListId="8c84fa94-04c1-424b-9868-57a2d4851a1d" relativeResultsDirectory="a9f71d28-bca7-4f89-aa94-927eecba1b43" dataRowInfo="2" resultType="DataDrivenDataRow" />
        <UnitTestResult executionId="b0a70fbc-cea8-4581-a362-f85dac0a457e" parentExecutionId="81bdd393-bc4d-41bc-9f98-6c1e12ed6582" testId="481343f9-3ff3-548f-0c6c-41599cf65802" testName="CreateRandom_WithDefaultAllowableCharacters_Passing_ValidArguments_Returns_String_Random_Value (20)" computerName="PC-SFERRARI" duration="00:00:00.0000057" startTime="2020-09-06T10:39:40.5188911+01:00" endTime="2020-09-06T10:39:40.5192100+01:00" testType="13cdc9d9-ddb5-4fa4-a97d-d965ccfc6d4b" outcome="Passed" testListId="8c84fa94-04c1-424b-9868-57a2d4851a1d" relativeResultsDirectory="b0a70fbc-cea8-4581-a362-f85dac0a457e" dataRowInfo="3" resultType="DataDrivenDataRow" />
      </InnerResults>
    </UnitTestResult>
    <UnitTestResult executionId="2b50d93d-8ae3-4902-a49d-cd9d6bb50970" testId="9e36eef1-cde7-a509-c95d-2249b6b02dbb" testName="ToIsDirectoryThrow_Passing_InvalidValue_Returns_ApplicationExceptionWithMessage" computerName="PC-SFERRARI" duration="00:00:00.0014938" startTime="2020-09-06T10:39:37.7638117+01:00" endTime="2020-09-06T10:39:37.7654078+01:00" testType="13cdc9d9-ddb5-4fa4-a97d-d965ccfc6d4b" outcome="Passed" testListId="8c84fa94-04c1-424b-9868-57a2d4851a1d" relativeResultsDirectory="2b50d93d-8ae3-4902-a49d-cd9d6bb50970" />
    <UnitTestResult executionId="1fe90878-7797-40a2-8e1b-00e6f9e7fb5f" testId="ede15cdf-3d1b-3e1a-18dc-485a2d50fe42" testName="ToFormat_Passing_ValidTimeSpanValue_Returns_ValueWithFormatString" computerName="PC-SFERRARI" duration="00:00:00.0008727" startTime="2020-09-06T10:39:42.3443667+01:00" endTime="2020-09-06T10:39:42.3455267+01:00" testType="13cdc9d9-ddb5-4fa4-a97d-d965ccfc6d4b" outcome="Passed" testListId="8c84fa94-04c1-424b-9868-57a2d4851a1d" relativeResultsDirectory="1fe90878-7797-40a2-8e1b-00e6f9e7fb5f" />
    <UnitTestResult executionId="b01b83cb-2954-4857-aaaf-76df5325ffd0" testId="0f697beb-b7a4-6aa6-9017-b57feeb9ba7f" testName="ToEnvironment_ServiceCollection_Passing_Development_Enviroment_Returns_Development_Name" computerName="PC-SFERRARI" duration="00:00:00.0004494" startTime="2020-09-06T10:39:38.2533542+01:00" endTime="2020-09-06T10:39:38.2538910+01:00" testType="13cdc9d9-ddb5-4fa4-a97d-d965ccfc6d4b" outcome="Passed" testListId="8c84fa94-04c1-424b-9868-57a2d4851a1d" relativeResultsDirectory="b01b83cb-2954-4857-aaaf-76df5325ffd0" />
    <UnitTestResult executionId="9e438a57-f8b1-45f2-b248-74a0e9aa867f" testId="4e1a5879-f3c8-4fdb-51d0-c4cf0a35e0bf" testName="ToInt_Passing_Enumeration_Name_Returns_Value" computerName="PC-SFERRARI" duration="00:00:00.0002357" startTime="2020-09-06T10:39:38.6614304+01:00" endTime="2020-09-06T10:39:38.6618005+01:00" testType="13cdc9d9-ddb5-4fa4-a97d-d965ccfc6d4b" outcome="Passed" testListId="8c84fa94-04c1-424b-9868-57a2d4851a1d" relativeResultsDirectory="9e438a57-f8b1-45f2-b248-74a0e9aa867f" />
    <UnitTestResult executionId="f8a689e0-eeac-4f3e-9773-116c273fec1c" testId="4a2e80a7-472b-b7f7-ba61-ac77aed5735d" testName="ToHeader_Passing_HttpRequest_Header_Value_Returns_Value" computerName="PC-SFERRARI" duration="00:00:00.0009360" startTime="2020-09-06T10:39:40.6383045+01:00" endTime="2020-09-06T10:39:40.6393586+01:00" testType="13cdc9d9-ddb5-4fa4-a97d-d965ccfc6d4b" outcome="Passed" testListId="8c84fa94-04c1-424b-9868-57a2d4851a1d" relativeResultsDirectory="f8a689e0-eeac-4f3e-9773-116c273fec1c" />
    <UnitTestResult executionId="8cf62913-0571-4105-b6d1-6f75391f0ade" testId="d6d04f4a-9142-b816-d673-c4abf49a39ad" testName="ToDisplay_Passing_Enumeration_Name_Returns_Display_Atributte" computerName="PC-SFERRARI" duration="00:00:00.0019863" startTime="2020-09-06T10:39:38.6542264+01:00" endTime="2020-09-06T10:39:38.6563154+01:00" testType="13cdc9d9-ddb5-4fa4-a97d-d965ccfc6d4b" outcome="Passed" testListId="8c84fa94-04c1-424b-9868-57a2d4851a1d" relativeResultsDirectory="8cf62913-0571-4105-b6d1-6f75391f0ade" />
    <UnitTestResult executionId="4e9ecbf6-67cd-436c-96c7-38cfc4ed77bb" testId="1dab5b85-21d2-af6f-92e5-af8126f0e2fb" testName="ToIsNameThrow_Passing_InvalidValue_Returns_ApplicationExceptionWithMessage" computerName="PC-SFERRARI" duration="00:00:00.0036120" startTime="2020-09-06T10:39:37.8086866+01:00" endTime="2020-09-06T10:39:37.8124302+01:00" testType="13cdc9d9-ddb5-4fa4-a97d-d965ccfc6d4b" outcome="Passed" testListId="8c84fa94-04c1-424b-9868-57a2d4851a1d" relativeResultsDirectory="4e9ecbf6-67cd-436c-96c7-38cfc4ed77bb" />
    <UnitTestResult executionId="fbaff137-5ae2-4a72-9cd1-a2c2d7c337c1" testId="55f105d6-fc07-21db-e70a-db30ccdb0844" testName="ToIsNullOrAny_Passing_InvalidValue_Returns_True" computerName="PC-SFERRARI" duration="00:00:00.0001656" startTime="2020-09-06T10:39:37.8145076+01:00" endTime="2020-09-06T10:39:37.8147724+01:00" testType="13cdc9d9-ddb5-4fa4-a97d-d965ccfc6d4b" outcome="Passed" testListId="8c84fa94-04c1-424b-9868-57a2d4851a1d" relativeResultsDirectory="fbaff137-5ae2-4a72-9cd1-a2c2d7c337c1" />
    <UnitTestResult executionId="a422f449-1d6f-4749-8345-1bc42c4cad55" testId="29112d2a-2e73-305d-ec50-12fc95c28627" testName="ToReplaceSpecialChars_Passing_ValidValue_Returns_ReplacedValueWithoutIgnoreSpecialChars" computerName="PC-SFERRARI" duration="00:00:00.0064034" startTime="2020-09-06T10:39:41.5547150+01:00" endTime="2020-09-06T10:39:41.5613016+01:00" testType="13cdc9d9-ddb5-4fa4-a97d-d965ccfc6d4b" outcome="Passed" testListId="8c84fa94-04c1-424b-9868-57a2d4851a1d" relativeResultsDirectory="a422f449-1d6f-4749-8345-1bc42c4cad55" resultType="DataDrivenTest">
      <InnerResults>
        <UnitTestResult executionId="cd6a8bd0-d5e5-4456-981a-82f4239e982c" parentExecutionId="a422f449-1d6f-4749-8345-1bc42c4cad55" testId="29112d2a-2e73-305d-ec50-12fc95c28627" testName="ToReplaceSpecialChars_Passing_ValidValue_Returns_ReplacedValueWithoutIgnoreSpecialChars (àáäâãøçħ,aaaaaoch)" computerName="PC-SFERRARI" duration="00:00:00.0059260" startTime="2020-09-06T10:39:41.5547150+01:00" endTime="2020-09-06T10:39:41.5613016+01:00" testType="13cdc9d9-ddb5-4fa4-a97d-d965ccfc6d4b" outcome="Passed" testListId="8c84fa94-04c1-424b-9868-57a2d4851a1d" relativeResultsDirectory="cd6a8bd0-d5e5-4456-981a-82f4239e982c" dataRowInfo="1" resultType="DataDrivenDataRow" />
        <UnitTestResult executionId="1bdc9ffa-fd7e-4ee2-a36d-cd9f98959f69" parentExecutionId="a422f449-1d6f-4749-8345-1bc42c4cad55" testId="29112d2a-2e73-305d-ec50-12fc95c28627" testName="ToReplaceSpecialChars_Passing_ValidValue_Returns_ReplacedValueWithoutIgnoreSpecialChars ( àáäâ ãøçħ , aaaa aoch )" computerName="PC-SFERRARI" duration="00:00:00.0000314" startTime="2020-09-06T10:39:41.5547150+01:00" endTime="2020-09-06T10:39:41.5613016+01:00" testType="13cdc9d9-ddb5-4fa4-a97d-d965ccfc6d4b" outcome="Passed" testListId="8c84fa94-04c1-424b-9868-57a2d4851a1d" relativeResultsDirectory="1bdc9ffa-fd7e-4ee2-a36d-cd9f98959f69" dataRowInfo="2" resultType="DataDrivenDataRow" />
        <UnitTestResult executionId="167d72fd-9044-4f4a-857e-cc09af81c28f" parentExecutionId="a422f449-1d6f-4749-8345-1bc42c4cad55" testId="29112d2a-2e73-305d-ec50-12fc95c28627" testName="ToReplaceSpecialChars_Passing_ValidValue_Returns_ReplacedValueWithoutIgnoreSpecialChars (*¨^_:-?¿;,)" computerName="PC-SFERRARI" duration="00:00:00.0000306" startTime="2020-09-06T10:39:41.5547150+01:00" endTime="2020-09-06T10:39:41.5613016+01:00" testType="13cdc9d9-ddb5-4fa4-a97d-d965ccfc6d4b" outcome="Passed" testListId="8c84fa94-04c1-424b-9868-57a2d4851a1d" relativeResultsDirectory="167d72fd-9044-4f4a-857e-cc09af81c28f" dataRowInfo="3" resultType="DataDrivenDataRow" />
        <UnitTestResult executionId="7be9ac20-4163-4069-a8fa-48f3efa1c20f" parentExecutionId="a422f449-1d6f-4749-8345-1bc42c4cad55" testId="29112d2a-2e73-305d-ec50-12fc95c28627" testName="ToReplaceSpecialChars_Passing_ValidValue_Returns_ReplacedValueWithoutIgnoreSpecialChars ( * ¨ ^ _ : - ? ¿ ; ,          )" computerName="PC-SFERRARI" duration="00:00:00.0000304" startTime="2020-09-06T10:39:41.5547150+01:00" endTime="2020-09-06T10:39:41.5613016+01:00" testType="13cdc9d9-ddb5-4fa4-a97d-d965ccfc6d4b" outcome="Passed" testListId="8c84fa94-04c1-424b-9868-57a2d4851a1d" relativeResultsDirectory="7be9ac20-4163-4069-a8fa-48f3efa1c20f" dataRowInfo="4" resultType="DataDrivenDataRow" />
        <UnitTestResult executionId="5f0f53b8-813f-44b4-92f0-0933f76701fd" parentExecutionId="a422f449-1d6f-4749-8345-1bc42c4cad55" testId="29112d2a-2e73-305d-ec50-12fc95c28627" testName="ToReplaceSpecialChars_Passing_ValidValue_Returns_ReplacedValueWithoutIgnoreSpecialChars (*¨^_:-?¿;,?¿,?¿)" computerName="PC-SFERRARI" duration="00:00:00.0000293" startTime="2020-09-06T10:39:41.5547150+01:00" endTime="2020-09-06T10:39:41.5613016+01:00" testType="13cdc9d9-ddb5-4fa4-a97d-d965ccfc6d4b" outcome="Passed" testListId="8c84fa94-04c1-424b-9868-57a2d4851a1d" relativeResultsDirectory="5f0f53b8-813f-44b4-92f0-0933f76701fd" dataRowInfo="5" resultType="DataDrivenDataRow" />
      </InnerResults>
    </UnitTestResult>
    <UnitTestResult executionId="fc50596a-96d0-4ca4-8eb9-99831b1169f0" testId="760ae14b-6c0d-0288-811d-408b67937415" testName="ToServiceMatchingInterface_Passing_Empties_Assemblies_Returns_ApplicationException" computerName="PC-SFERRARI" duration="00:00:00.0031638" startTime="2020-09-06T10:39:38.2565661+01:00" endTime="2020-09-06T10:39:38.2598285+01:00" testType="13cdc9d9-ddb5-4fa4-a97d-d965ccfc6d4b" outcome="Passed" testListId="8c84fa94-04c1-424b-9868-57a2d4851a1d" relativeResultsDirectory="fc50596a-96d0-4ca4-8eb9-99831b1169f0" />
    <UnitTestResult executionId="4d05eee4-79ee-470c-9d78-a2b222de0908" testId="4a3afd90-c6ab-e82e-40d8-b40450680318" testName="IsHostname_Passing_InvalidArguments_Returns_HasErrorsAndCount" computerName="PC-SFERRARI" duration="00:00:00.0006498" startTime="2020-09-06T10:39:37.8990651+01:00" endTime="2020-09-06T10:39:37.8998747+01:00" testType="13cdc9d9-ddb5-4fa4-a97d-d965ccfc6d4b" outcome="Passed" testListId="8c84fa94-04c1-424b-9868-57a2d4851a1d" relativeResultsDirectory="4d05eee4-79ee-470c-9d78-a2b222de0908" />
    <UnitTestResult executionId="30e09c28-82ec-474b-acc2-93c28c11170d" testId="856fd0c8-b6f8-9265-ccfd-2a9e615488e2" testName="ToUserName_Passing_Valid_UserName_ClaimsPrincipal_Returns_String_UserName_Value" computerName="PC-SFERRARI" duration="00:00:00.0006658" startTime="2020-09-06T10:39:38.1380406+01:00" endTime="2020-09-06T10:39:38.1388038+01:00" testType="13cdc9d9-ddb5-4fa4-a97d-d965ccfc6d4b" outcome="Passed" testListId="8c84fa94-04c1-424b-9868-57a2d4851a1d" relativeResultsDirectory="30e09c28-82ec-474b-acc2-93c28c11170d" />
    <UnitTestResult executionId="c3d6fb5b-41b2-4621-bf44-43b10669dc8d" testId="eb3fbb45-8257-f4b8-0975-042f859a72bf" testName="ToDictionaryPropertyInfo_Passing_Object_Not_IncludeNullOrEmptyProperty_Returns_Properties_NameAndValue_Dictionary" computerName="PC-SFERRARI" duration="00:00:00.0004500" startTime="2020-09-06T10:39:38.8350995+01:00" endTime="2020-09-06T10:39:38.8356436+01:00" testType="13cdc9d9-ddb5-4fa4-a97d-d965ccfc6d4b" outcome="Passed" testListId="8c84fa94-04c1-424b-9868-57a2d4851a1d" relativeResultsDirectory="c3d6fb5b-41b2-4621-bf44-43b10669dc8d" />
    <UnitTestResult executionId="4f7129bb-e9fd-402e-83a9-80fa7bc385bd" testId="5c861184-f295-e727-0fd4-d218f13da14d" testName="ToConfiguration_Passing_Empty_DirectoryPath_Returns_ApplicationException" computerName="PC-SFERRARI" duration="00:00:00.0042658" startTime="2020-09-06T10:39:38.1388271+01:00" endTime="2020-09-06T10:39:38.1434246+01:00" testType="13cdc9d9-ddb5-4fa4-a97d-d965ccfc6d4b" outcome="Passed" testListId="8c84fa94-04c1-424b-9868-57a2d4851a1d" relativeResultsDirectory="4f7129bb-e9fd-402e-83a9-80fa7bc385bd" />
    <UnitTestResult executionId="cf2dfce7-c021-4002-90a1-59f1a63e63e3" testId="a95f665c-aa8d-208d-902c-60a464250c99" testName="ToDefaultValue_Passing_ValidBoolean_Returns_DefaultValue" computerName="PC-SFERRARI" duration="00:00:00.0002313" startTime="2020-09-06T10:39:42.3455575+01:00" endTime="2020-09-06T10:39:42.3459867+01:00" testType="13cdc9d9-ddb5-4fa4-a97d-d965ccfc6d4b" outcome="Passed" testListId="8c84fa94-04c1-424b-9868-57a2d4851a1d" relativeResultsDirectory="cf2dfce7-c021-4002-90a1-59f1a63e63e3" />
    <UnitTestResult executionId="2aa94491-7ca0-47d6-b556-b27562464bad" testId="7be8a004-8e29-0f01-8ada-f15377193150" testName="ToContentType_Passing_ValidValueString_Returns_ContentType" computerName="PC-SFERRARI" duration="00:00:00.0017356" startTime="2020-09-06T10:39:40.9236134+01:00" endTime="2020-09-06T10:39:40.9255375+01:00" testType="13cdc9d9-ddb5-4fa4-a97d-d965ccfc6d4b" outcome="Passed" testListId="8c84fa94-04c1-424b-9868-57a2d4851a1d" relativeResultsDirectory="2aa94491-7ca0-47d6-b556-b27562464bad" resultType="DataDrivenTest">
      <InnerResults>
        <UnitTestResult executionId="2fc7cb77-28d3-4b4e-a1d4-39f488259f1b" parentExecutionId="2aa94491-7ca0-47d6-b556-b27562464bad" testId="7be8a004-8e29-0f01-8ada-f15377193150" testName="ToContentType_Passing_ValidValueString_Returns_ContentType (xxxx.pdf,application/pdf)" computerName="PC-SFERRARI" duration="00:00:00.0014204" startTime="2020-09-06T10:39:40.9236134+01:00" endTime="2020-09-06T10:39:40.9255375+01:00" testType="13cdc9d9-ddb5-4fa4-a97d-d965ccfc6d4b" outcome="Passed" testListId="8c84fa94-04c1-424b-9868-57a2d4851a1d" relativeResultsDirectory="2fc7cb77-28d3-4b4e-a1d4-39f488259f1b" dataRowInfo="1" resultType="DataDrivenDataRow" />
        <UnitTestResult executionId="bc86299c-e7d0-4ab9-a8c6-ca80893b0aa0" parentExecutionId="2aa94491-7ca0-47d6-b556-b27562464bad" testId="7be8a004-8e29-0f01-8ada-f15377193150" testName="ToContentType_Passing_ValidValueString_Returns_ContentType (xxxx.json,application/json)" computerName="PC-SFERRARI" duration="00:00:00.0000513" startTime="2020-09-06T10:39:40.9236134+01:00" endTime="2020-09-06T10:39:40.9255375+01:00" testType="13cdc9d9-ddb5-4fa4-a97d-d965ccfc6d4b" outcome="Passed" testListId="8c84fa94-04c1-424b-9868-57a2d4851a1d" relativeResultsDirectory="bc86299c-e7d0-4ab9-a8c6-ca80893b0aa0" dataRowInfo="2" resultType="DataDrivenDataRow" />
        <UnitTestResult executionId="526de2be-b9ba-4793-8941-a5c43b2dde81" parentExecutionId="2aa94491-7ca0-47d6-b556-b27562464bad" testId="7be8a004-8e29-0f01-8ada-f15377193150" testName="ToContentType_Passing_ValidValueString_Returns_ContentType (xxxx.gif,image/gif)" computerName="PC-SFERRARI" duration="00:00:00.0000312" startTime="2020-09-06T10:39:40.9236134+01:00" endTime="2020-09-06T10:39:40.9255375+01:00" testType="13cdc9d9-ddb5-4fa4-a97d-d965ccfc6d4b" outcome="Passed" testListId="8c84fa94-04c1-424b-9868-57a2d4851a1d" relativeResultsDirectory="526de2be-b9ba-4793-8941-a5c43b2dde81" dataRowInfo="3" resultType="DataDrivenDataRow" />
        <UnitTestResult executionId="1e307972-7083-4d7b-b48b-83a9425e52ac" parentExecutionId="2aa94491-7ca0-47d6-b556-b27562464bad" testId="7be8a004-8e29-0f01-8ada-f15377193150" testName="ToContentType_Passing_ValidValueString_Returns_ContentType (xxxx.jpeg,image/jpeg)" computerName="PC-SFERRARI" duration="00:00:00.0000276" startTime="2020-09-06T10:39:40.9236134+01:00" endTime="2020-09-06T10:39:40.9255375+01:00" testType="13cdc9d9-ddb5-4fa4-a97d-d965ccfc6d4b" outcome="Passed" testListId="8c84fa94-04c1-424b-9868-57a2d4851a1d" relativeResultsDirectory="1e307972-7083-4d7b-b48b-83a9425e52ac" dataRowInfo="4" resultType="DataDrivenDataRow" />
        <UnitTestResult executionId="aca9e72d-fac8-4a9e-b5d6-095e883a21fe" parentExecutionId="2aa94491-7ca0-47d6-b556-b27562464bad" testId="7be8a004-8e29-0f01-8ada-f15377193150" testName="ToContentType_Passing_ValidValueString_Returns_ContentType (xxxx.html,text/html)" computerName="PC-SFERRARI" duration="00:00:00.0000272" startTime="2020-09-06T10:39:40.9236134+01:00" endTime="2020-09-06T10:39:40.9255375+01:00" testType="13cdc9d9-ddb5-4fa4-a97d-d965ccfc6d4b" outcome="Passed" testListId="8c84fa94-04c1-424b-9868-57a2d4851a1d" relativeResultsDirectory="aca9e72d-fac8-4a9e-b5d6-095e883a21fe" dataRowInfo="5" resultType="DataDrivenDataRow" />
        <UnitTestResult executionId="d5499d5f-e2af-4575-adb9-6c135ca6aa54" parentExecutionId="2aa94491-7ca0-47d6-b556-b27562464bad" testId="7be8a004-8e29-0f01-8ada-f15377193150" testName="ToContentType_Passing_ValidValueString_Returns_ContentType (xxxx.txt,text/plain)" computerName="PC-SFERRARI" duration="00:00:00.0000332" startTime="2020-09-06T10:39:40.9236134+01:00" endTime="2020-09-06T10:39:40.9255375+01:00" testType="13cdc9d9-ddb5-4fa4-a97d-d965ccfc6d4b" outcome="Passed" testListId="8c84fa94-04c1-424b-9868-57a2d4851a1d" relativeResultsDirectory="d5499d5f-e2af-4575-adb9-6c135ca6aa54" dataRowInfo="6" resultType="DataDrivenDataRow" />
      </InnerResults>
    </UnitTestResult>
    <UnitTestResult executionId="c3270ae3-3337-477b-99db-ebf530912e5b" testId="845c887e-a785-555d-db89-1c2975a33bbb" testName="ToServiceMatchingInterface_Passing_Valid_Assembly_Returns_Service" computerName="PC-SFERRARI" duration="00:00:00.0211050" startTime="2020-09-06T10:39:38.2857783+01:00" endTime="2020-09-06T10:39:38.3070717+01:00" testType="13cdc9d9-ddb5-4fa4-a97d-d965ccfc6d4b" outcome="Passed" testListId="8c84fa94-04c1-424b-9868-57a2d4851a1d" relativeResultsDirectory="c3270ae3-3337-477b-99db-ebf530912e5b" />
    <UnitTestResult executionId="6057afdb-a8ae-429e-b512-a6a3fca823af" testId="9af963da-8209-d683-34a5-be793bc59993" testName="ToList_Passing_ValidEnumTypeWithSelectedValueWithResourceType_Returns_ValuesList" computerName="PC-SFERRARI" duration="00:00:00.0010991" startTime="2020-09-06T10:39:38.7177631+01:00" endTime="2020-09-06T10:39:38.7190387+01:00" testType="13cdc9d9-ddb5-4fa4-a97d-d965ccfc6d4b" outcome="Passed" testListId="8c84fa94-04c1-424b-9868-57a2d4851a1d" relativeResultsDirectory="6057afdb-a8ae-429e-b512-a6a3fca823af" />
    <UnitTestResult executionId="d0743175-fc0c-4777-9c39-150507cf8f40" testId="bc6955b8-aec0-957c-bad4-853e5cfa19a1" testName="ToCount_Passing_ValidEnumType_Returns_Count" computerName="PC-SFERRARI" duration="00:00:00.0221981" startTime="2020-09-06T10:39:38.6618250+01:00" endTime="2020-09-06T10:39:38.6842508+01:00" testType="13cdc9d9-ddb5-4fa4-a97d-d965ccfc6d4b" outcome="Passed" testListId="8c84fa94-04c1-424b-9868-57a2d4851a1d" relativeResultsDirectory="d0743175-fc0c-4777-9c39-150507cf8f40" />
    <UnitTestResult executionId="8e653e18-ee79-42b4-af81-1cf5fcbe1499" testId="8c1d1a56-be42-3df5-a82e-36b97c2860b8" testName="ToEnum_Passing_InvalidValueInt_Returns_EnumDefaultValue" computerName="PC-SFERRARI" duration="00:00:00.0001394" startTime="2020-09-06T10:39:41.1329525+01:00" endTime="2020-09-06T10:39:41.1331967+01:00" testType="13cdc9d9-ddb5-4fa4-a97d-d965ccfc6d4b" outcome="Passed" testListId="8c84fa94-04c1-424b-9868-57a2d4851a1d" relativeResultsDirectory="8e653e18-ee79-42b4-af81-1cf5fcbe1499" />
    <UnitTestResult executionId="c0a82cb0-f258-4c79-9b73-2ddffa607380" testId="209cbba1-d5fa-4810-2cb6-ee92ce2e109d" testName="ToGet_Passing_Claims_Returns_Claim_Value_Int" computerName="PC-SFERRARI" duration="00:00:00.0019129" startTime="2020-09-06T10:39:38.1036977+01:00" endTime="2020-09-06T10:39:38.1057145+01:00" testType="13cdc9d9-ddb5-4fa4-a97d-d965ccfc6d4b" outcome="Passed" testListId="8c84fa94-04c1-424b-9868-57a2d4851a1d" relativeResultsDirectory="c0a82cb0-f258-4c79-9b73-2ddffa607380" />
    <UnitTestResult executionId="2bee3db4-fd32-402e-a1bc-28cfc95b51e5" testId="1c5de28c-f1b3-c94d-8e43-201eab8c2ff8" testName="ToEnvironment_Passing_Development_Enviroment_Returns_Development_Name" computerName="PC-SFERRARI" duration="00:00:00.0015143" startTime="2020-09-06T10:39:37.6993155+01:00" endTime="2020-09-06T10:39:37.7010212+01:00" testType="13cdc9d9-ddb5-4fa4-a97d-d965ccfc6d4b" outcome="Passed" testListId="8c84fa94-04c1-424b-9868-57a2d4851a1d" relativeResultsDirectory="2bee3db4-fd32-402e-a1bc-28cfc95b51e5" />
    <UnitTestResult executionId="2afdd770-b69f-4d83-bc8d-29c1f8e018be" testId="b51b5293-5162-7db8-79c0-6e7b6f1c51a5" testName="ToZipCreate_Passing_ValidFilesWithCutomZipName_Returns_ZipFiles" computerName="PC-SFERRARI" duration="00:00:00.0808316" startTime="2020-09-06T10:39:41.8514846+01:00" endTime="2020-09-06T10:39:41.9325723+01:00" testType="13cdc9d9-ddb5-4fa4-a97d-d965ccfc6d4b" outcome="Passed" testListId="8c84fa94-04c1-424b-9868-57a2d4851a1d" relativeResultsDirectory="2afdd770-b69f-4d83-bc8d-29c1f8e018be" />
    <UnitTestResult executionId="f914b873-b8f1-4fd9-bfa1-b895bfa3f095" testId="1b969e76-d97c-c639-c377-a41796fbb2c3" testName="ToHashAlgorithmName_Passing_InvalidValueString_Returns_Null" computerName="PC-SFERRARI" duration="00:00:00.0003097" startTime="2020-09-06T10:39:41.3317712+01:00" endTime="2020-09-06T10:39:41.3322386+01:00" testType="13cdc9d9-ddb5-4fa4-a97d-d965ccfc6d4b" outcome="Passed" testListId="8c84fa94-04c1-424b-9868-57a2d4851a1d" relativeResultsDirectory="f914b873-b8f1-4fd9-bfa1-b895bfa3f095" resultType="DataDrivenTest">
      <InnerResults>
        <UnitTestResult executionId="efb0a92d-81dd-4ed3-b5a4-d2be46cffbd8" parentExecutionId="f914b873-b8f1-4fd9-bfa1-b895bfa3f095" testId="1b969e76-d97c-c639-c377-a41796fbb2c3" testName="ToHashAlgorithmName_Passing_InvalidValueString_Returns_Null (hhhhhh)" computerName="PC-SFERRARI" duration="00:00:00.0002525" startTime="2020-09-06T10:39:41.3317712+01:00" endTime="2020-09-06T10:39:41.3322386+01:00" testType="13cdc9d9-ddb5-4fa4-a97d-d965ccfc6d4b" outcome="Passed" testListId="8c84fa94-04c1-424b-9868-57a2d4851a1d" relativeResultsDirectory="efb0a92d-81dd-4ed3-b5a4-d2be46cffbd8" dataRowInfo="1" resultType="DataDrivenDataRow" />
      </InnerResults>
    </UnitTestResult>
    <UnitTestResult executionId="7c85235a-a326-4788-b32e-f0a32a1565ce" testId="772d3145-280a-fb9f-03c2-247d0f593a66" testName="IsCustom_Passing_InvalidArguments_Returns_HasErrorsAndCount" computerName="PC-SFERRARI" duration="00:00:00.0090059" startTime="2020-09-06T10:39:37.8553832+01:00" endTime="2020-09-06T10:39:37.8648137+01:00" testType="13cdc9d9-ddb5-4fa4-a97d-d965ccfc6d4b" outcome="Passed" testListId="8c84fa94-04c1-424b-9868-57a2d4851a1d" relativeResultsDirectory="7c85235a-a326-4788-b32e-f0a32a1565ce" />
    <UnitTestResult executionId="3d73dfc4-d17b-4cb1-9a51-d4c1c929ad2b" testId="7daaba64-d3ad-9109-43bf-bdb516b673b8" testName="ToDirectoryFileInfo_Passing_ValidValue_Returns_FileInfo" computerName="PC-SFERRARI" duration="00:00:00.0358141" startTime="2020-09-06T10:39:40.9370830+01:00" endTime="2020-09-06T10:39:40.9730522+01:00" testType="13cdc9d9-ddb5-4fa4-a97d-d965ccfc6d4b" outcome="Passed" testListId="8c84fa94-04c1-424b-9868-57a2d4851a1d" relativeResultsDirectory="3d73dfc4-d17b-4cb1-9a51-d4c1c929ad2b" />
    <UnitTestResult executionId="305f5abe-4879-4a79-b5c7-5df8564e36b3" testId="64bc1554-814c-3c40-a6b0-679b40b89c36" testName="ToExists_Passing_Valid_Service_Returns_True" computerName="PC-SFERRARI" duration="00:00:00.0004315" startTime="2020-09-06T10:39:37.7189168+01:00" endTime="2020-09-06T10:39:37.7194318+01:00" testType="13cdc9d9-ddb5-4fa4-a97d-d965ccfc6d4b" outcome="Passed" testListId="8c84fa94-04c1-424b-9868-57a2d4851a1d" relativeResultsDirectory="305f5abe-4879-4a79-b5c7-5df8564e36b3" />
    <UnitTestResult executionId="7bbc0f73-a699-4f94-a8eb-b31df1a2a5aa" testId="f17b6f1f-06a9-5318-815f-4c3950fdd0cb" testName="CreateSHA512_Passing_Invalid_Arguments_Returns_ApplicationException" computerName="PC-SFERRARI" duration="00:00:00.0005298" startTime="2020-09-06T10:39:40.5452529+01:00" endTime="2020-09-06T10:39:40.5458701+01:00" testType="13cdc9d9-ddb5-4fa4-a97d-d965ccfc6d4b" outcome="Passed" testListId="8c84fa94-04c1-424b-9868-57a2d4851a1d" relativeResultsDirectory="7bbc0f73-a699-4f94-a8eb-b31df1a2a5aa" resultType="DataDrivenTest">
      <InnerResults>
        <UnitTestResult executionId="74b7e890-11a3-4a6f-b993-9d55d9c61606" parentExecutionId="7bbc0f73-a699-4f94-a8eb-b31df1a2a5aa" testId="f17b6f1f-06a9-5318-815f-4c3950fdd0cb" testName="CreateSHA512_Passing_Invalid_Arguments_Returns_ApplicationException ()" computerName="PC-SFERRARI" duration="00:00:00.0003721" startTime="2020-09-06T10:39:40.5452529+01:00" endTime="2020-09-06T10:39:40.5458701+01:00" testType="13cdc9d9-ddb5-4fa4-a97d-d965ccfc6d4b" outcome="Passed" testListId="8c84fa94-04c1-424b-9868-57a2d4851a1d" relativeResultsDirectory="74b7e890-11a3-4a6f-b993-9d55d9c61606" dataRowInfo="1" resultType="DataDrivenDataRow" />
        <UnitTestResult executionId="e9d33458-e82d-4a26-b306-1968a2d033fd" parentExecutionId="7bbc0f73-a699-4f94-a8eb-b31df1a2a5aa" testId="f17b6f1f-06a9-5318-815f-4c3950fdd0cb" testName="CreateSHA512_Passing_Invalid_Arguments_Returns_ApplicationException ()" computerName="PC-SFERRARI" duration="00:00:00.0000495" startTime="2020-09-06T10:39:40.5452529+01:00" endTime="2020-09-06T10:39:40.5458701+01:00" testType="13cdc9d9-ddb5-4fa4-a97d-d965ccfc6d4b" outcome="Passed" testListId="8c84fa94-04c1-424b-9868-57a2d4851a1d" relativeResultsDirectory="e9d33458-e82d-4a26-b306-1968a2d033fd" dataRowInfo="2" resultType="DataDrivenDataRow" />
        <UnitTestResult executionId="03316958-d351-4bfb-9a05-0d939fcd39a6" parentExecutionId="7bbc0f73-a699-4f94-a8eb-b31df1a2a5aa" testId="f17b6f1f-06a9-5318-815f-4c3950fdd0cb" testName="CreateSHA512_Passing_Invalid_Arguments_Returns_ApplicationException ( )" computerName="PC-SFERRARI" duration="00:00:00.0000399" startTime="2020-09-06T10:39:40.5452529+01:00" endTime="2020-09-06T10:39:40.5458701+01:00" testType="13cdc9d9-ddb5-4fa4-a97d-d965ccfc6d4b" outcome="Passed" testListId="8c84fa94-04c1-424b-9868-57a2d4851a1d" relativeResultsDirectory="03316958-d351-4bfb-9a05-0d939fcd39a6" dataRowInfo="3" resultType="DataDrivenDataRow" />
      </InnerResults>
    </UnitTestResult>
    <UnitTestResult executionId="7df31fbe-1177-49c5-a4f9-83a4e1bba75e" testId="fcd9a6e3-ee1d-7212-668e-2b0865200d81" testName="IsUniqueChars_Passing_ValidArguments_Returns_HasErrorsAndCount" computerName="PC-SFERRARI" duration="00:00:00.0008668" startTime="2020-09-06T10:39:37.9640071+01:00" endTime="2020-09-06T10:39:37.9649656+01:00" testType="13cdc9d9-ddb5-4fa4-a97d-d965ccfc6d4b" outcome="Passed" testListId="8c84fa94-04c1-424b-9868-57a2d4851a1d" relativeResultsDirectory="7df31fbe-1177-49c5-a4f9-83a4e1bba75e" />
    <UnitTestResult executionId="15b43c75-985a-474d-857e-319ee1725620" testId="65b9c427-b5ec-99b4-199a-0093cd460501" testName="ToUserName_Passing_Null_ClaimsPrincipal_Returns_ApplicationException" computerName="PC-SFERRARI" duration="00:00:00.0006133" startTime="2020-09-06T10:39:38.1373021+01:00" endTime="2020-09-06T10:39:38.1380174+01:00" testType="13cdc9d9-ddb5-4fa4-a97d-d965ccfc6d4b" outcome="Passed" testListId="8c84fa94-04c1-424b-9868-57a2d4851a1d" relativeResultsDirectory="15b43c75-985a-474d-857e-319ee1725620" />
    <UnitTestResult executionId="46f1c9e5-2658-4afb-a502-ea432a31c0e9" testId="29295413-2308-fade-9c98-0e9ed6c67839" testName="ToDirectoryReadFileAsync_Passing_ValidValue_Returns_False" computerName="PC-SFERRARI" duration="00:00:00.0118005" startTime="2020-09-06T10:39:41.0179189+01:00" endTime="2020-09-06T10:39:41.0299283+01:00" testType="13cdc9d9-ddb5-4fa4-a97d-d965ccfc6d4b" outcome="Passed" testListId="8c84fa94-04c1-424b-9868-57a2d4851a1d" relativeResultsDirectory="46f1c9e5-2658-4afb-a502-ea432a31c0e9" />
    <UnitTestResult executionId="cfedde53-54c2-4557-b582-2a8d816ff7ec" testId="0df69eaf-b001-71ae-6cf8-f9c5860f7c4c" testName="ToIsFileThrow_Passing_InvalidValue_Returns_ApplicationExceptionWithMessage" computerName="PC-SFERRARI" duration="00:00:00.0024030" startTime="2020-09-06T10:39:37.8061299+01:00" endTime="2020-09-06T10:39:37.8086457+01:00" testType="13cdc9d9-ddb5-4fa4-a97d-d965ccfc6d4b" outcome="Passed" testListId="8c84fa94-04c1-424b-9868-57a2d4851a1d" relativeResultsDirectory="cfedde53-54c2-4557-b582-2a8d816ff7ec" />
    <UnitTestResult executionId="a1883d0b-1736-4d45-9644-d4150ae16766" testId="a4956cd8-34a7-6fca-5b71-6eb98cedd9b0" testName="ToEndOfTheMonth_Passing_DateTime_Returns_End_Of_Month_DateTime" computerName="PC-SFERRARI" duration="00:00:00.0007576" startTime="2020-09-06T10:39:38.5854818+01:00" endTime="2020-09-06T10:39:38.5863256+01:00" testType="13cdc9d9-ddb5-4fa4-a97d-d965ccfc6d4b" outcome="Passed" testListId="8c84fa94-04c1-424b-9868-57a2d4851a1d" relativeResultsDirectory="a1883d0b-1736-4d45-9644-d4150ae16766" />
    <UnitTestResult executionId="df39ac53-f11c-4493-a499-d52720037a78" testId="aaa46586-7b83-9a88-e835-ae92592f98a3" testName="ToList_Passing_ValidEnumTypeWithResourceType_Returns_ValuesList" computerName="PC-SFERRARI" duration="00:00:00.0098425" startTime="2020-09-06T10:39:38.6842984+01:00" endTime="2020-09-06T10:39:38.6942805+01:00" testType="13cdc9d9-ddb5-4fa4-a97d-d965ccfc6d4b" outcome="Passed" testListId="8c84fa94-04c1-424b-9868-57a2d4851a1d" relativeResultsDirectory="df39ac53-f11c-4493-a499-d52720037a78" />
    <UnitTestResult executionId="c63aa911-6076-48ed-a6e1-3892eed5b52e" testId="43949294-e4b7-cf4d-0d69-84ccc9e58406" testName="ToIsFileExtensionThrow_Passing_InvalidValue_Returns_ApplicationExceptionWithMessage" computerName="PC-SFERRARI" duration="00:00:00.0015163" startTime="2020-09-06T10:39:37.8043752+01:00" endTime="2020-09-06T10:39:37.8060972+01:00" testType="13cdc9d9-ddb5-4fa4-a97d-d965ccfc6d4b" outcome="Passed" testListId="8c84fa94-04c1-424b-9868-57a2d4851a1d" relativeResultsDirectory="c63aa911-6076-48ed-a6e1-3892eed5b52e" />
    <UnitTestResult executionId="c8ad19b7-1482-43ee-b1f6-03ddea8076b7" testId="77fe17c3-3cf8-a189-4d95-b2e0d3ca9579" testName="CreateSHA256_Passing_Invalid_Arguments_Returns_ApplicationException" computerName="PC-SFERRARI" duration="00:00:00.0007372" startTime="2020-09-06T10:39:40.5443149+01:00" endTime="2020-09-06T10:39:40.5452148+01:00" testType="13cdc9d9-ddb5-4fa4-a97d-d965ccfc6d4b" outcome="Passed" testListId="8c84fa94-04c1-424b-9868-57a2d4851a1d" relativeResultsDirectory="c8ad19b7-1482-43ee-b1f6-03ddea8076b7" resultType="DataDrivenTest">
      <InnerResults>
        <UnitTestResult executionId="fa715a4c-0797-4b36-ac9b-933ad145f01e" parentExecutionId="c8ad19b7-1482-43ee-b1f6-03ddea8076b7" testId="77fe17c3-3cf8-a189-4d95-b2e0d3ca9579" testName="CreateSHA256_Passing_Invalid_Arguments_Returns_ApplicationException ()" computerName="PC-SFERRARI" duration="00:00:00.0005495" startTime="2020-09-06T10:39:40.5443149+01:00" endTime="2020-09-06T10:39:40.5452148+01:00" testType="13cdc9d9-ddb5-4fa4-a97d-d965ccfc6d4b" outcome="Passed" testListId="8c84fa94-04c1-424b-9868-57a2d4851a1d" relativeResultsDirectory="fa715a4c-0797-4b36-ac9b-933ad145f01e" dataRowInfo="1" resultType="DataDrivenDataRow" />
        <UnitTestResult executionId="eb9b8981-072e-4711-9255-21aa48fba61f" parentExecutionId="c8ad19b7-1482-43ee-b1f6-03ddea8076b7" testId="77fe17c3-3cf8-a189-4d95-b2e0d3ca9579" testName="CreateSHA256_Passing_Invalid_Arguments_Returns_ApplicationException ()" computerName="PC-SFERRARI" duration="00:00:00.0000561" startTime="2020-09-06T10:39:40.5443149+01:00" endTime="2020-09-06T10:39:40.5452148+01:00" testType="13cdc9d9-ddb5-4fa4-a97d-d965ccfc6d4b" outcome="Passed" testListId="8c84fa94-04c1-424b-9868-57a2d4851a1d" relativeResultsDirectory="eb9b8981-072e-4711-9255-21aa48fba61f" dataRowInfo="2" resultType="DataDrivenDataRow" />
        <UnitTestResult executionId="10c30a4a-d137-4471-bf09-bd00d26459ba" parentExecutionId="c8ad19b7-1482-43ee-b1f6-03ddea8076b7" testId="77fe17c3-3cf8-a189-4d95-b2e0d3ca9579" testName="CreateSHA256_Passing_Invalid_Arguments_Returns_ApplicationException ( )" computerName="PC-SFERRARI" duration="00:00:00.0000417" startTime="2020-09-06T10:39:40.5443149+01:00" endTime="2020-09-06T10:39:40.5452148+01:00" testType="13cdc9d9-ddb5-4fa4-a97d-d965ccfc6d4b" outcome="Passed" testListId="8c84fa94-04c1-424b-9868-57a2d4851a1d" relativeResultsDirectory="10c30a4a-d137-4471-bf09-bd00d26459ba" dataRowInfo="3" resultType="DataDrivenDataRow" />
      </InnerResults>
    </UnitTestResult>
    <UnitTestResult executionId="480f8d14-e9ae-41f9-95c4-5005d46f4f0d" testId="c14c626b-0f15-ac55-344d-8aa2c3f91cdf" testName="ToZipCreate_Passing_ValidFiles_Returns_ZipFiles" computerName="PC-SFERRARI" duration="00:00:00.2419513" startTime="2020-09-06T10:39:41.9326225+01:00" endTime="2020-09-06T10:39:42.1747479+01:00" testType="13cdc9d9-ddb5-4fa4-a97d-d965ccfc6d4b" outcome="Passed" testListId="8c84fa94-04c1-424b-9868-57a2d4851a1d" relativeResultsDirectory="480f8d14-e9ae-41f9-95c4-5005d46f4f0d" />
    <UnitTestResult executionId="c7edf4c4-ee13-43d5-8f0a-06837da6848f" testId="a6625fb0-1b80-148b-87dc-9cf616e5e84d" testName="ToList_Passing_ValidEnumType_Returns_ValuesList" computerName="PC-SFERRARI" duration="00:00:00.0003711" startTime="2020-09-06T10:39:38.7195955+01:00" endTime="2020-09-06T10:39:38.7200492+01:00" testType="13cdc9d9-ddb5-4fa4-a97d-d965ccfc6d4b" outcome="Passed" testListId="8c84fa94-04c1-424b-9868-57a2d4851a1d" relativeResultsDirectory="c7edf4c4-ee13-43d5-8f0a-06837da6848f" />
    <UnitTestResult executionId="6eff912a-5ef3-4256-9447-5f06c0c7bcbd" testId="c330741e-ad40-618c-36cc-508c135d2b95" testName="ToService_Passing_NotFound_Service_Returns_Null" computerName="PC-SFERRARI" duration="00:00:00.0001564" startTime="2020-09-06T10:39:38.3071199+01:00" endTime="2020-09-06T10:39:38.3074008+01:00" testType="13cdc9d9-ddb5-4fa4-a97d-d965ccfc6d4b" outcome="Passed" testListId="8c84fa94-04c1-424b-9868-57a2d4851a1d" relativeResultsDirectory="6eff912a-5ef3-4256-9447-5f06c0c7bcbd" />
    <UnitTestResult executionId="0afa9d68-83bd-4e26-94d0-6bf399746768" testId="ab527057-69f2-0a9a-89fd-18928a3920fd" testName="ToHashAlgorithmName_Passing_InvalidValueStringWithDefaultValue_Returns_DefaultValue" computerName="PC-SFERRARI" duration="00:00:00.0002183" startTime="2020-09-06T10:39:41.2947509+01:00" endTime="2020-09-06T10:39:41.2950429+01:00" testType="13cdc9d9-ddb5-4fa4-a97d-d965ccfc6d4b" outcome="Passed" testListId="8c84fa94-04c1-424b-9868-57a2d4851a1d" relativeResultsDirectory="0afa9d68-83bd-4e26-94d0-6bf399746768" resultType="DataDrivenTest">
      <InnerResults>
        <UnitTestResult executionId="70f00f66-9384-46d8-ac62-84f9f745b0ae" parentExecutionId="0afa9d68-83bd-4e26-94d0-6bf399746768" testId="ab527057-69f2-0a9a-89fd-18928a3920fd" testName="ToHashAlgorithmName_Passing_InvalidValueStringWithDefaultValue_Returns_DefaultValue (hhhhhh)" computerName="PC-SFERRARI" duration="00:00:00.0001838" startTime="2020-09-06T10:39:41.2947509+01:00" endTime="2020-09-06T10:39:41.2950429+01:00" testType="13cdc9d9-ddb5-4fa4-a97d-d965ccfc6d4b" outcome="Passed" testListId="8c84fa94-04c1-424b-9868-57a2d4851a1d" relativeResultsDirectory="70f00f66-9384-46d8-ac62-84f9f745b0ae" dataRowInfo="1" resultType="DataDrivenDataRow" />
      </InnerResults>
    </UnitTestResult>
    <UnitTestResult executionId="3b1c88de-b38a-44ca-b9f3-bf2f71af352d" testId="07d50dfb-3195-c832-23d2-97ae667f2010" testName="ToString_Passing_Valid_Collection_Returns_String_With_Default_Separator" computerName="PC-SFERRARI" duration="00:00:00.0005068" startTime="2020-09-06T10:39:38.6510779+01:00" endTime="2020-09-06T10:39:38.6516840+01:00" testType="13cdc9d9-ddb5-4fa4-a97d-d965ccfc6d4b" outcome="Passed" testListId="8c84fa94-04c1-424b-9868-57a2d4851a1d" relativeResultsDirectory="3b1c88de-b38a-44ca-b9f3-bf2f71af352d" />
    <UnitTestResult executionId="a76bea5a-84fb-413c-afa5-fb8a1e21a3fd" testId="bb347f18-44ab-0d77-d5bd-a671e4c37650" testName="ToRemove_Passing_ValidValue_Returns_ValueWithoutRemovedChars" computerName="PC-SFERRARI" duration="00:00:00.0007293" startTime="2020-09-06T10:39:41.4804423+01:00" endTime="2020-09-06T10:39:41.4813774+01:00" testType="13cdc9d9-ddb5-4fa4-a97d-d965ccfc6d4b" outcome="Passed" testListId="8c84fa94-04c1-424b-9868-57a2d4851a1d" relativeResultsDirectory="a76bea5a-84fb-413c-afa5-fb8a1e21a3fd" resultType="DataDrivenTest">
      <InnerResults>
        <UnitTestResult executionId="aa39a43c-a259-4eac-9520-ae0e3c12d716" parentExecutionId="a76bea5a-84fb-413c-afa5-fb8a1e21a3fd" testId="bb347f18-44ab-0d77-d5bd-a671e4c37650" testName="ToRemove_Passing_ValidValue_Returns_ValueWithoutRemovedChars ( *, ,*)" computerName="PC-SFERRARI" duration="00:00:00.0004748" startTime="2020-09-06T10:39:41.4804423+01:00" endTime="2020-09-06T10:39:41.4813774+01:00" testType="13cdc9d9-ddb5-4fa4-a97d-d965ccfc6d4b" outcome="Passed" testListId="8c84fa94-04c1-424b-9868-57a2d4851a1d" relativeResultsDirectory="aa39a43c-a259-4eac-9520-ae0e3c12d716" dataRowInfo="1" resultType="DataDrivenDataRow" />
        <UnitTestResult executionId="221aa6b3-7e02-4331-a5d9-34a81332b52f" parentExecutionId="a76bea5a-84fb-413c-afa5-fb8a1e21a3fd" testId="bb347f18-44ab-0d77-d5bd-a671e4c37650" testName="ToRemove_Passing_ValidValue_Returns_ValueWithoutRemovedChars (* , ,*)" computerName="PC-SFERRARI" duration="00:00:00.0000096" startTime="2020-09-06T10:39:41.4804423+01:00" endTime="2020-09-06T10:39:41.4813774+01:00" testType="13cdc9d9-ddb5-4fa4-a97d-d965ccfc6d4b" outcome="Passed" testListId="8c84fa94-04c1-424b-9868-57a2d4851a1d" relativeResultsDirectory="221aa6b3-7e02-4331-a5d9-34a81332b52f" dataRowInfo="2" resultType="DataDrivenDataRow" />
        <UnitTestResult executionId="2bbace13-3481-4d9d-b57c-b3fedd5eb98c" parentExecutionId="a76bea5a-84fb-413c-afa5-fb8a1e21a3fd" testId="bb347f18-44ab-0d77-d5bd-a671e4c37650" testName="ToRemove_Passing_ValidValue_Returns_ValueWithoutRemovedChars ( * , ,*)" computerName="PC-SFERRARI" duration="00:00:00.0000042" startTime="2020-09-06T10:39:41.4804423+01:00" endTime="2020-09-06T10:39:41.4813774+01:00" testType="13cdc9d9-ddb5-4fa4-a97d-d965ccfc6d4b" outcome="Passed" testListId="8c84fa94-04c1-424b-9868-57a2d4851a1d" relativeResultsDirectory="2bbace13-3481-4d9d-b57c-b3fedd5eb98c" dataRowInfo="3" resultType="DataDrivenDataRow" />
        <UnitTestResult executionId="69da0547-fde4-4126-a046-30c999cc9335" parentExecutionId="a76bea5a-84fb-413c-afa5-fb8a1e21a3fd" testId="bb347f18-44ab-0d77-d5bd-a671e4c37650" testName="ToRemove_Passing_ValidValue_Returns_ValueWithoutRemovedChars (hello hello, ,hellohello)" computerName="PC-SFERRARI" duration="00:00:00.0000043" startTime="2020-09-06T10:39:41.4804423+01:00" endTime="2020-09-06T10:39:41.4813774+01:00" testType="13cdc9d9-ddb5-4fa4-a97d-d965ccfc6d4b" outcome="Passed" testListId="8c84fa94-04c1-424b-9868-57a2d4851a1d" relativeResultsDirectory="69da0547-fde4-4126-a046-30c999cc9335" dataRowInfo="4" resultType="DataDrivenDataRow" />
        <UnitTestResult executionId="e35ce858-9835-4c2d-92a6-7817e6d5560f" parentExecutionId="a76bea5a-84fb-413c-afa5-fb8a1e21a3fd" testId="bb347f18-44ab-0d77-d5bd-a671e4c37650" testName="ToRemove_Passing_ValidValue_Returns_ValueWithoutRemovedChars (hello hello , ,hellohello)" computerName="PC-SFERRARI" duration="00:00:00.0000038" startTime="2020-09-06T10:39:41.4804423+01:00" endTime="2020-09-06T10:39:41.4813774+01:00" testType="13cdc9d9-ddb5-4fa4-a97d-d965ccfc6d4b" outcome="Passed" testListId="8c84fa94-04c1-424b-9868-57a2d4851a1d" relativeResultsDirectory="e35ce858-9835-4c2d-92a6-7817e6d5560f" dataRowInfo="5" resultType="DataDrivenDataRow" />
        <UnitTestResult executionId="1e662359-8ae9-490d-8eaf-aef5266c8364" parentExecutionId="a76bea5a-84fb-413c-afa5-fb8a1e21a3fd" testId="bb347f18-44ab-0d77-d5bd-a671e4c37650" testName="ToRemove_Passing_ValidValue_Returns_ValueWithoutRemovedChars ( hello hello , ,hellohello)" computerName="PC-SFERRARI" duration="00:00:00.0000041" startTime="2020-09-06T10:39:41.4804423+01:00" endTime="2020-09-06T10:39:41.4813774+01:00" testType="13cdc9d9-ddb5-4fa4-a97d-d965ccfc6d4b" outcome="Passed" testListId="8c84fa94-04c1-424b-9868-57a2d4851a1d" relativeResultsDirectory="1e662359-8ae9-490d-8eaf-aef5266c8364" dataRowInfo="6" resultType="DataDrivenDataRow" />
        <UnitTestResult executionId="e60ec63d-0c5e-4061-b2bf-2a3f08404638" parentExecutionId="a76bea5a-84fb-413c-afa5-fb8a1e21a3fd" testId="bb347f18-44ab-0d77-d5bd-a671e4c37650" testName="ToRemove_Passing_ValidValue_Returns_ValueWithoutRemovedChars (aeiou,a,eiou)" computerName="PC-SFERRARI" duration="00:00:00.0000037" startTime="2020-09-06T10:39:41.4804423+01:00" endTime="2020-09-06T10:39:41.4813774+01:00" testType="13cdc9d9-ddb5-4fa4-a97d-d965ccfc6d4b" outcome="Passed" testListId="8c84fa94-04c1-424b-9868-57a2d4851a1d" relativeResultsDirectory="e60ec63d-0c5e-4061-b2bf-2a3f08404638" dataRowInfo="7" resultType="DataDrivenDataRow" />
        <UnitTestResult executionId="afc249a4-fdf8-44c0-8e99-4e4063cf9dd4" parentExecutionId="a76bea5a-84fb-413c-afa5-fb8a1e21a3fd" testId="bb347f18-44ab-0d77-d5bd-a671e4c37650" testName="ToRemove_Passing_ValidValue_Returns_ValueWithoutRemovedChars (aeiou,ae,iou)" computerName="PC-SFERRARI" duration="00:00:00.0000036" startTime="2020-09-06T10:39:41.4804423+01:00" endTime="2020-09-06T10:39:41.4813774+01:00" testType="13cdc9d9-ddb5-4fa4-a97d-d965ccfc6d4b" outcome="Passed" testListId="8c84fa94-04c1-424b-9868-57a2d4851a1d" relativeResultsDirectory="afc249a4-fdf8-44c0-8e99-4e4063cf9dd4" dataRowInfo="8" resultType="DataDrivenDataRow" />
        <UnitTestResult executionId="0dee8a9d-b9d1-47fe-9b23-b7361182d5d9" parentExecutionId="a76bea5a-84fb-413c-afa5-fb8a1e21a3fd" testId="bb347f18-44ab-0d77-d5bd-a671e4c37650" testName="ToRemove_Passing_ValidValue_Returns_ValueWithoutRemovedChars (aeiou,aei,ou)" computerName="PC-SFERRARI" duration="00:00:00.0000035" startTime="2020-09-06T10:39:41.4804423+01:00" endTime="2020-09-06T10:39:41.4813774+01:00" testType="13cdc9d9-ddb5-4fa4-a97d-d965ccfc6d4b" outcome="Passed" testListId="8c84fa94-04c1-424b-9868-57a2d4851a1d" relativeResultsDirectory="0dee8a9d-b9d1-47fe-9b23-b7361182d5d9" dataRowInfo="9" resultType="DataDrivenDataRow" />
        <UnitTestResult executionId="71d43936-e086-4893-a735-1859804d7edd" parentExecutionId="a76bea5a-84fb-413c-afa5-fb8a1e21a3fd" testId="bb347f18-44ab-0d77-d5bd-a671e4c37650" testName="ToRemove_Passing_ValidValue_Returns_ValueWithoutRemovedChars (aeiou,aeio,u)" computerName="PC-SFERRARI" duration="00:00:00.0000041" startTime="2020-09-06T10:39:41.4804423+01:00" endTime="2020-09-06T10:39:41.4813774+01:00" testType="13cdc9d9-ddb5-4fa4-a97d-d965ccfc6d4b" outcome="Passed" testListId="8c84fa94-04c1-424b-9868-57a2d4851a1d" relativeResultsDirectory="71d43936-e086-4893-a735-1859804d7edd" dataRowInfo="10" resultType="DataDrivenDataRow" />
        <UnitTestResult executionId="1c5b3f63-b829-4443-a2f5-4da3ed1a5584" parentExecutionId="a76bea5a-84fb-413c-afa5-fb8a1e21a3fd" testId="bb347f18-44ab-0d77-d5bd-a671e4c37650" testName="ToRemove_Passing_ValidValue_Returns_ValueWithoutRemovedChars (aeiou,aeiou,)" computerName="PC-SFERRARI" duration="00:00:00.0000033" startTime="2020-09-06T10:39:41.4804423+01:00" endTime="2020-09-06T10:39:41.4813774+01:00" testType="13cdc9d9-ddb5-4fa4-a97d-d965ccfc6d4b" outcome="Passed" testListId="8c84fa94-04c1-424b-9868-57a2d4851a1d" relativeResultsDirectory="1c5b3f63-b829-4443-a2f5-4da3ed1a5584" dataRowInfo="11" resultType="DataDrivenDataRow" />
        <UnitTestResult executionId="2884bdcf-139b-48e4-b991-c08831a1ae0a" parentExecutionId="a76bea5a-84fb-413c-afa5-fb8a1e21a3fd" testId="bb347f18-44ab-0d77-d5bd-a671e4c37650" testName="ToRemove_Passing_ValidValue_Returns_ValueWithoutRemovedChars (aeiou,e,aiou)" computerName="PC-SFERRARI" duration="00:00:00.0000037" startTime="2020-09-06T10:39:41.4804423+01:00" endTime="2020-09-06T10:39:41.4813774+01:00" testType="13cdc9d9-ddb5-4fa4-a97d-d965ccfc6d4b" outcome="Passed" testListId="8c84fa94-04c1-424b-9868-57a2d4851a1d" relativeResultsDirectory="2884bdcf-139b-48e4-b991-c08831a1ae0a" dataRowInfo="12" resultType="DataDrivenDataRow" />
        <UnitTestResult executionId="3f05447b-7050-4b7f-98c8-10405bbe9816" parentExecutionId="a76bea5a-84fb-413c-afa5-fb8a1e21a3fd" testId="bb347f18-44ab-0d77-d5bd-a671e4c37650" testName="ToRemove_Passing_ValidValue_Returns_ValueWithoutRemovedChars (aeiou,ei,aou)" computerName="PC-SFERRARI" duration="00:00:00.0000035" startTime="2020-09-06T10:39:41.4804423+01:00" endTime="2020-09-06T10:39:41.4813774+01:00" testType="13cdc9d9-ddb5-4fa4-a97d-d965ccfc6d4b" outcome="Passed" testListId="8c84fa94-04c1-424b-9868-57a2d4851a1d" relativeResultsDirectory="3f05447b-7050-4b7f-98c8-10405bbe9816" dataRowInfo="13" resultType="DataDrivenDataRow" />
      </InnerResults>
    </UnitTestResult>
    <UnitTestResult executionId="393882bf-dec8-49ae-af13-af27f78de62c" testId="161f5d07-7835-e575-5072-b9d787ef451c" testName="ToResultAsync_Passing_StatusCodeAnd_MessageAndContentTypeAndHeader_Values_Returns_Values" computerName="PC-SFERRARI" duration="00:00:00.1842930" startTime="2020-09-06T10:39:40.6763263+01:00" endTime="2020-09-06T10:39:40.8608351+01:00" testType="13cdc9d9-ddb5-4fa4-a97d-d965ccfc6d4b" outcome="Passed" testListId="8c84fa94-04c1-424b-9868-57a2d4851a1d" relativeResultsDirectory="393882bf-dec8-49ae-af13-af27f78de62c" resultType="DataDrivenTest">
      <InnerResults>
        <UnitTestResult executionId="9225297a-dbdb-4f72-a75b-c0134a9297b3" parentExecutionId="393882bf-dec8-49ae-af13-af27f78de62c" testId="161f5d07-7835-e575-5072-b9d787ef451c" testName="ToResultAsync_Passing_StatusCodeAnd_MessageAndContentTypeAndHeader_Values_Returns_Values (/test)" computerName="PC-SFERRARI" duration="00:00:00.1842223" startTime="2020-09-06T10:39:40.6763263+01:00" endTime="2020-09-06T10:39:40.8608351+01:00" testType="13cdc9d9-ddb5-4fa4-a97d-d965ccfc6d4b" outcome="Passed" testListId="8c84fa94-04c1-424b-9868-57a2d4851a1d" relativeResultsDirectory="9225297a-dbdb-4f72-a75b-c0134a9297b3" dataRowInfo="1" resultType="DataDrivenDataRow" />
      </InnerResults>
    </UnitTestResult>
    <UnitTestResult executionId="9247f471-da7f-403e-a435-e3c09b9fa3bf" testId="c180eeb5-df7f-187e-c74d-0f6d31acdec5" testName="ToUri_Passing_InvalidValueString_Returns_Null" computerName="PC-SFERRARI" duration="00:00:00.0004355" startTime="2020-09-06T10:39:41.6486284+01:00" endTime="2020-09-06T10:39:41.6492455+01:00" testType="13cdc9d9-ddb5-4fa4-a97d-d965ccfc6d4b" outcome="Passed" testListId="8c84fa94-04c1-424b-9868-57a2d4851a1d" relativeResultsDirectory="9247f471-da7f-403e-a435-e3c09b9fa3bf" resultType="DataDrivenTest">
      <InnerResults>
        <UnitTestResult executionId="cba2c513-4c45-4020-ab73-bb45bb260667" parentExecutionId="9247f471-da7f-403e-a435-e3c09b9fa3bf" testId="c180eeb5-df7f-187e-c74d-0f6d31acdec5" testName="ToUri_Passing_InvalidValueString_Returns_Null (http://?)" computerName="PC-SFERRARI" duration="00:00:00.0002393" startTime="2020-09-06T10:39:41.6486284+01:00" endTime="2020-09-06T10:39:41.6492455+01:00" testType="13cdc9d9-ddb5-4fa4-a97d-d965ccfc6d4b" outcome="Passed" testListId="8c84fa94-04c1-424b-9868-57a2d4851a1d" relativeResultsDirectory="cba2c513-4c45-4020-ab73-bb45bb260667" dataRowInfo="1" resultType="DataDrivenDataRow" />
        <UnitTestResult executionId="f5c8f67e-18d2-435d-bbe0-a8f417ff277f" parentExecutionId="9247f471-da7f-403e-a435-e3c09b9fa3bf" testId="c180eeb5-df7f-187e-c74d-0f6d31acdec5" testName="ToUri_Passing_InvalidValueString_Returns_Null (http://)" computerName="PC-SFERRARI" duration="00:00:00.0000057" startTime="2020-09-06T10:39:41.6486284+01:00" endTime="2020-09-06T10:39:41.6492455+01:00" testType="13cdc9d9-ddb5-4fa4-a97d-d965ccfc6d4b" outcome="Passed" testListId="8c84fa94-04c1-424b-9868-57a2d4851a1d" relativeResultsDirectory="f5c8f67e-18d2-435d-bbe0-a8f417ff277f" dataRowInfo="2" resultType="DataDrivenDataRow" />
        <UnitTestResult executionId="0f55745e-821e-48d0-853d-3e704bea078a" parentExecutionId="9247f471-da7f-403e-a435-e3c09b9fa3bf" testId="c180eeb5-df7f-187e-c74d-0f6d31acdec5" testName="ToUri_Passing_InvalidValueString_Returns_Null (http://.)" computerName="PC-SFERRARI" duration="00:00:00.0000046" startTime="2020-09-06T10:39:41.6486284+01:00" endTime="2020-09-06T10:39:41.6492455+01:00" testType="13cdc9d9-ddb5-4fa4-a97d-d965ccfc6d4b" outcome="Passed" testListId="8c84fa94-04c1-424b-9868-57a2d4851a1d" relativeResultsDirectory="0f55745e-821e-48d0-853d-3e704bea078a" dataRowInfo="3" resultType="DataDrivenDataRow" />
        <UnitTestResult executionId="501ea96a-2286-4add-8588-a249b280a8f7" parentExecutionId="9247f471-da7f-403e-a435-e3c09b9fa3bf" testId="c180eeb5-df7f-187e-c74d-0f6d31acdec5" testName="ToUri_Passing_InvalidValueString_Returns_Null (http://..)" computerName="PC-SFERRARI" duration="00:00:00.0000035" startTime="2020-09-06T10:39:41.6486284+01:00" endTime="2020-09-06T10:39:41.6492455+01:00" testType="13cdc9d9-ddb5-4fa4-a97d-d965ccfc6d4b" outcome="Passed" testListId="8c84fa94-04c1-424b-9868-57a2d4851a1d" relativeResultsDirectory="501ea96a-2286-4add-8588-a249b280a8f7" dataRowInfo="4" resultType="DataDrivenDataRow" />
        <UnitTestResult executionId="eee73bfe-0ae9-49d7-8c82-49539ade6d8f" parentExecutionId="9247f471-da7f-403e-a435-e3c09b9fa3bf" testId="c180eeb5-df7f-187e-c74d-0f6d31acdec5" testName="ToUri_Passing_InvalidValueString_Returns_Null (http://../)" computerName="PC-SFERRARI" duration="00:00:00.0000035" startTime="2020-09-06T10:39:41.6486284+01:00" endTime="2020-09-06T10:39:41.6492455+01:00" testType="13cdc9d9-ddb5-4fa4-a97d-d965ccfc6d4b" outcome="Passed" testListId="8c84fa94-04c1-424b-9868-57a2d4851a1d" relativeResultsDirectory="eee73bfe-0ae9-49d7-8c82-49539ade6d8f" dataRowInfo="5" resultType="DataDrivenDataRow" />
        <UnitTestResult executionId="614f7a29-34e6-4737-bf0e-6315b3b89eff" parentExecutionId="9247f471-da7f-403e-a435-e3c09b9fa3bf" testId="c180eeb5-df7f-187e-c74d-0f6d31acdec5" testName="ToUri_Passing_InvalidValueString_Returns_Null (http://?)" computerName="PC-SFERRARI" duration="00:00:00.0000039" startTime="2020-09-06T10:39:41.6486284+01:00" endTime="2020-09-06T10:39:41.6492455+01:00" testType="13cdc9d9-ddb5-4fa4-a97d-d965ccfc6d4b" outcome="Passed" testListId="8c84fa94-04c1-424b-9868-57a2d4851a1d" relativeResultsDirectory="614f7a29-34e6-4737-bf0e-6315b3b89eff" dataRowInfo="6" resultType="DataDrivenDataRow" />
        <UnitTestResult executionId="13dd8914-f58a-4500-b742-fd2d2dc2711e" parentExecutionId="9247f471-da7f-403e-a435-e3c09b9fa3bf" testId="c180eeb5-df7f-187e-c74d-0f6d31acdec5" testName="ToUri_Passing_InvalidValueString_Returns_Null (http://??)" computerName="PC-SFERRARI" duration="00:00:00.0000033" startTime="2020-09-06T10:39:41.6486284+01:00" endTime="2020-09-06T10:39:41.6492455+01:00" testType="13cdc9d9-ddb5-4fa4-a97d-d965ccfc6d4b" outcome="Passed" testListId="8c84fa94-04c1-424b-9868-57a2d4851a1d" relativeResultsDirectory="13dd8914-f58a-4500-b742-fd2d2dc2711e" dataRowInfo="7" resultType="DataDrivenDataRow" />
        <UnitTestResult executionId="d8ee51da-e94d-4adc-8327-a1ca40f63a69" parentExecutionId="9247f471-da7f-403e-a435-e3c09b9fa3bf" testId="c180eeb5-df7f-187e-c74d-0f6d31acdec5" testName="ToUri_Passing_InvalidValueString_Returns_Null (http://??/)" computerName="PC-SFERRARI" duration="00:00:00.0000032" startTime="2020-09-06T10:39:41.6486284+01:00" endTime="2020-09-06T10:39:41.6492455+01:00" testType="13cdc9d9-ddb5-4fa4-a97d-d965ccfc6d4b" outcome="Passed" testListId="8c84fa94-04c1-424b-9868-57a2d4851a1d" relativeResultsDirectory="d8ee51da-e94d-4adc-8327-a1ca40f63a69" dataRowInfo="8" resultType="DataDrivenDataRow" />
        <UnitTestResult executionId="e8acb713-1406-4aa3-8480-4cbb98d6a195" parentExecutionId="9247f471-da7f-403e-a435-e3c09b9fa3bf" testId="c180eeb5-df7f-187e-c74d-0f6d31acdec5" testName="ToUri_Passing_InvalidValueString_Returns_Null (http://#)" computerName="PC-SFERRARI" duration="00:00:00.0000033" startTime="2020-09-06T10:39:41.6486284+01:00" endTime="2020-09-06T10:39:41.6492455+01:00" testType="13cdc9d9-ddb5-4fa4-a97d-d965ccfc6d4b" outcome="Passed" testListId="8c84fa94-04c1-424b-9868-57a2d4851a1d" relativeResultsDirectory="e8acb713-1406-4aa3-8480-4cbb98d6a195" dataRowInfo="9" resultType="DataDrivenDataRow" />
        <UnitTestResult executionId="0d21b296-8885-45ad-bbf1-7b60043b9e45" parentExecutionId="9247f471-da7f-403e-a435-e3c09b9fa3bf" testId="c180eeb5-df7f-187e-c74d-0f6d31acdec5" testName="ToUri_Passing_InvalidValueString_Returns_Null (http://##)" computerName="PC-SFERRARI" duration="00:00:00.0000034" startTime="2020-09-06T10:39:41.6486284+01:00" endTime="2020-09-06T10:39:41.6492455+01:00" testType="13cdc9d9-ddb5-4fa4-a97d-d965ccfc6d4b" outcome="Passed" testListId="8c84fa94-04c1-424b-9868-57a2d4851a1d" relativeResultsDirectory="0d21b296-8885-45ad-bbf1-7b60043b9e45" dataRowInfo="10" resultType="DataDrivenDataRow" />
        <UnitTestResult executionId="1d8ce346-a912-4726-aa18-79d4ba05a578" parentExecutionId="9247f471-da7f-403e-a435-e3c09b9fa3bf" testId="c180eeb5-df7f-187e-c74d-0f6d31acdec5" testName="ToUri_Passing_InvalidValueString_Returns_Null (http://##/)" computerName="PC-SFERRARI" duration="00:00:00.0000032" startTime="2020-09-06T10:39:41.6486284+01:00" endTime="2020-09-06T10:39:41.6492455+01:00" testType="13cdc9d9-ddb5-4fa4-a97d-d965ccfc6d4b" outcome="Passed" testListId="8c84fa94-04c1-424b-9868-57a2d4851a1d" relativeResultsDirectory="1d8ce346-a912-4726-aa18-79d4ba05a578" dataRowInfo="11" resultType="DataDrivenDataRow" />
      </InnerResults>
    </UnitTestResult>
    <UnitTestResult executionId="98a64463-f80d-406c-9a59-83a92b159ccb" testId="1340b308-d9eb-a26e-e042-04d6c1d9a958" testName="ToHasErrors_Passing_InvalidValue_Returns_ApplicationExceptionWithMessage" computerName="PC-SFERRARI" duration="00:00:00.0008151" startTime="2020-09-06T10:39:37.7627136+01:00" endTime="2020-09-06T10:39:37.7637873+01:00" testType="13cdc9d9-ddb5-4fa4-a97d-d965ccfc6d4b" outcome="Passed" testListId="8c84fa94-04c1-424b-9868-57a2d4851a1d" relativeResultsDirectory="98a64463-f80d-406c-9a59-83a92b159ccb" />
    <UnitTestResult executionId="e2632432-3e9b-4ea6-b79a-62e674651570" testId="73904cd7-b09d-89fc-efca-330cb9d1d1b7" testName="ToConfiguration_Passing_Invalid_DirectoryPath_Returns_ApplicationException" computerName="PC-SFERRARI" duration="00:00:00.0006763" startTime="2020-09-06T10:39:38.1434720+01:00" endTime="2020-09-06T10:39:38.1442927+01:00" testType="13cdc9d9-ddb5-4fa4-a97d-d965ccfc6d4b" outcome="Passed" testListId="8c84fa94-04c1-424b-9868-57a2d4851a1d" relativeResultsDirectory="e2632432-3e9b-4ea6-b79a-62e674651570" />
    <UnitTestResult executionId="f07881b8-b9b0-4467-8ea1-a075f40f2008" testId="31ff6168-d18d-0013-7c18-0ff775714202" testName="ToEnum_Passing_InvalidValueString_Returns_EnumDefaultValue" computerName="PC-SFERRARI" duration="00:00:00.0001323" startTime="2020-09-06T10:39:41.1342022+01:00" endTime="2020-09-06T10:39:41.1344298+01:00" testType="13cdc9d9-ddb5-4fa4-a97d-d965ccfc6d4b" outcome="Passed" testListId="8c84fa94-04c1-424b-9868-57a2d4851a1d" relativeResultsDirectory="f07881b8-b9b0-4467-8ea1-a075f40f2008" />
    <UnitTestResult executionId="184bef7f-54c6-4428-9faf-4ce1a7b8981d" testId="b9a89fa2-355c-e886-bec5-28d3cf549be6" testName="IsUniqueChars_Passing_InvalidArguments_Returns_HasErrorsAndCount" computerName="PC-SFERRARI" duration="00:00:00.0027614" startTime="2020-09-06T10:39:37.9611394+01:00" endTime="2020-09-06T10:39:37.9639821+01:00" testType="13cdc9d9-ddb5-4fa4-a97d-d965ccfc6d4b" outcome="Passed" testListId="8c84fa94-04c1-424b-9868-57a2d4851a1d" relativeResultsDirectory="184bef7f-54c6-4428-9faf-4ce1a7b8981d" />
    <UnitTestResult executionId="bb1e3534-b681-42b1-955c-337b86955717" testId="26cc48e2-5e82-bc12-cf41-e3a984599b8d" testName="ToUserName_Passing_Invalid_ClaimsPrincipal_Returns_Null" computerName="PC-SFERRARI" duration="00:00:00.0005690" startTime="2020-09-06T10:39:38.1366013+01:00" endTime="2020-09-06T10:39:38.1372790+01:00" testType="13cdc9d9-ddb5-4fa4-a97d-d965ccfc6d4b" outcome="Passed" testListId="8c84fa94-04c1-424b-9868-57a2d4851a1d" relativeResultsDirectory="bb1e3534-b681-42b1-955c-337b86955717" />
    <UnitTestResult executionId="9917cbea-de63-493f-8698-cd74a65bad86" testId="86b92527-4d52-052b-63ae-d9a8aa694919" testName="ToSettings_Passing_Values_From_Memory_Returns_Settings" computerName="PC-SFERRARI" duration="00:00:00.0008684" startTime="2020-09-06T10:39:38.5834732+01:00" endTime="2020-09-06T10:39:38.5844633+01:00" testType="13cdc9d9-ddb5-4fa4-a97d-d965ccfc6d4b" outcome="Passed" testListId="8c84fa94-04c1-424b-9868-57a2d4851a1d" relativeResultsDirectory="9917cbea-de63-493f-8698-cd74a65bad86" />
    <UnitTestResult executionId="efe97adc-998b-4704-a9c7-de13acce7011" testId="f2d267b8-d5a7-6c91-de6d-813182908c7f" testName="IsDigit_Passing_InvalidArguments_Returns_HasErrorsAndCount" computerName="PC-SFERRARI" duration="00:00:00.0013568" startTime="2020-09-06T10:39:37.8648599+01:00" endTime="2020-09-06T10:39:37.8663487+01:00" testType="13cdc9d9-ddb5-4fa4-a97d-d965ccfc6d4b" outcome="Passed" testListId="8c84fa94-04c1-424b-9868-57a2d4851a1d" relativeResultsDirectory="efe97adc-998b-4704-a9c7-de13acce7011" />
    <UnitTestResult executionId="a87201b6-4001-4468-b71b-4e1b043514af" testId="10024a68-25d4-872c-3e48-a6d6b2671494" testName="ToTryIPv6_Passing_HttpContext_IP_Value_Returns_IP" computerName="PC-SFERRARI" duration="00:00:00.0004825" startTime="2020-09-06T10:39:40.5945328+01:00" endTime="2020-09-06T10:39:40.5951085+01:00" testType="13cdc9d9-ddb5-4fa4-a97d-d965ccfc6d4b" outcome="Passed" testListId="8c84fa94-04c1-424b-9868-57a2d4851a1d" relativeResultsDirectory="a87201b6-4001-4468-b71b-4e1b043514af" />
    <UnitTestResult executionId="40e8fdb7-e708-49c6-8c22-c94170c325f7" testId="42ded375-26ee-044e-44a7-9eab5e4cd342" testName="ToReadOnly_Passing_Valid_Collection_Returns_Readonly_Collection" computerName="PC-SFERRARI" duration="00:00:00.0012015" startTime="2020-09-06T10:39:38.6496490+01:00" endTime="2020-09-06T10:39:38.6510391+01:00" testType="13cdc9d9-ddb5-4fa4-a97d-d965ccfc6d4b" outcome="Passed" testListId="8c84fa94-04c1-424b-9868-57a2d4851a1d" relativeResultsDirectory="40e8fdb7-e708-49c6-8c22-c94170c325f7" />
    <UnitTestResult executionId="7111b3bc-a0a9-4395-9f6f-21edf1bdde8b" testId="74c0befe-cdb2-1fdf-be71-2a39199bb5c9" testName="ToService_Passing_Service_Not_Found_Returns_ApplicationException" computerName="PC-SFERRARI" duration="00:00:00.0006049" startTime="2020-09-06T10:39:37.7194539+01:00" endTime="2020-09-06T10:39:37.7201418+01:00" testType="13cdc9d9-ddb5-4fa4-a97d-d965ccfc6d4b" outcome="Passed" testListId="8c84fa94-04c1-424b-9868-57a2d4851a1d" relativeResultsDirectory="7111b3bc-a0a9-4395-9f6f-21edf1bdde8b" />
    <UnitTestResult executionId="66e35541-26ac-47f7-b2da-78fa4256960a" testId="8fbac209-421a-f9fa-c5fe-97403aedb24e" testName="ToIsNullOrAnyThrow_Passing_InvalidValue_Returns_ApplicationExceptionWithMessage" computerName="PC-SFERRARI" duration="00:00:00.0019122" startTime="2020-09-06T10:39:37.8124628+01:00" endTime="2020-09-06T10:39:37.8144808+01:00" testType="13cdc9d9-ddb5-4fa4-a97d-d965ccfc6d4b" outcome="Passed" testListId="8c84fa94-04c1-424b-9868-57a2d4851a1d" relativeResultsDirectory="66e35541-26ac-47f7-b2da-78fa4256960a" />
    <UnitTestResult executionId="a467c060-0528-48ca-99ba-b3d048047c87" testId="1f173fff-9060-8c18-f825-225901225244" testName="ToStartOfWeek_Passing_DateTime_Returns_Start_Of_Week_DateTime" computerName="PC-SFERRARI" duration="00:00:00.0002906" startTime="2020-09-06T10:39:38.6212515+01:00" endTime="2020-09-06T10:39:38.6216275+01:00" testType="13cdc9d9-ddb5-4fa4-a97d-d965ccfc6d4b" outcome="Passed" testListId="8c84fa94-04c1-424b-9868-57a2d4851a1d" relativeResultsDirectory="a467c060-0528-48ca-99ba-b3d048047c87" />
    <UnitTestResult executionId="3c264aa5-e634-454a-8267-984dedd90715" testId="1761ee10-7c34-b565-b889-1885bffe91c3" testName="ToSetTime_Passing_Time_Int_Returns_DateTime" computerName="PC-SFERRARI" duration="00:00:00.0003560" startTime="2020-09-06T10:39:38.6202372+01:00" endTime="2020-09-06T10:39:38.6206739+01:00" testType="13cdc9d9-ddb5-4fa4-a97d-d965ccfc6d4b" outcome="Passed" testListId="8c84fa94-04c1-424b-9868-57a2d4851a1d" relativeResultsDirectory="3c264aa5-e634-454a-8267-984dedd90715" />
    <UnitTestResult executionId="9113e045-d0a5-4457-b0d0-f91ea7005dca" testId="d51ea295-e896-101a-6578-05ae772bcbfb" testName="ToIsSubdomainThrow_Passing_InvalidValue_Returns_ApplicationExceptionWithMessage" computerName="PC-SFERRARI" duration="00:00:00.0016679" startTime="2020-09-06T10:39:37.8156072+01:00" endTime="2020-09-06T10:39:37.8173583+01:00" testType="13cdc9d9-ddb5-4fa4-a97d-d965ccfc6d4b" outcome="Passed" testListId="8c84fa94-04c1-424b-9868-57a2d4851a1d" relativeResultsDirectory="9113e045-d0a5-4457-b0d0-f91ea7005dca" resultType="DataDrivenTest">
      <InnerResults>
        <UnitTestResult executionId="ab2c38ed-a583-4ee6-923a-01e77bff6822" parentExecutionId="9113e045-d0a5-4457-b0d0-f91ea7005dca" testId="d51ea295-e896-101a-6578-05ae772bcbfb" testName="ToIsSubdomainThrow_Passing_InvalidValue_Returns_ApplicationExceptionWithMessage (dasdasd@dsasd.._ff)" computerName="PC-SFERRARI" duration="00:00:00.0013857" startTime="2020-09-06T10:39:37.8156072+01:00" endTime="2020-09-06T10:39:37.8173583+01:00" testType="13cdc9d9-ddb5-4fa4-a97d-d965ccfc6d4b" outcome="Passed" testListId="8c84fa94-04c1-424b-9868-57a2d4851a1d" relativeResultsDirectory="ab2c38ed-a583-4ee6-923a-01e77bff6822" dataRowInfo="1" resultType="DataDrivenDataRow" />
        <UnitTestResult executionId="69f28ae4-be94-407b-bd57-9b85481f3779" parentExecutionId="9113e045-d0a5-4457-b0d0-f91ea7005dca" testId="d51ea295-e896-101a-6578-05ae772bcbfb" testName="ToIsSubdomainThrow_Passing_InvalidValue_Returns_ApplicationExceptionWithMessage (34fsds@@sdd.f)" computerName="PC-SFERRARI" duration="00:00:00.0000585" startTime="2020-09-06T10:39:37.8156072+01:00" endTime="2020-09-06T10:39:37.8173583+01:00" testType="13cdc9d9-ddb5-4fa4-a97d-d965ccfc6d4b" outcome="Passed" testListId="8c84fa94-04c1-424b-9868-57a2d4851a1d" relativeResultsDirectory="69f28ae4-be94-407b-bd57-9b85481f3779" dataRowInfo="2" resultType="DataDrivenDataRow" />
        <UnitTestResult executionId="a1536d83-97ee-4ba4-beb1-2b28daeca609" parentExecutionId="9113e045-d0a5-4457-b0d0-f91ea7005dca" testId="d51ea295-e896-101a-6578-05ae772bcbfb" testName="ToIsSubdomainThrow_Passing_InvalidValue_Returns_ApplicationExceptionWithMessage ()" computerName="PC-SFERRARI" duration="00:00:00.0000358" startTime="2020-09-06T10:39:37.8156072+01:00" endTime="2020-09-06T10:39:37.8173583+01:00" testType="13cdc9d9-ddb5-4fa4-a97d-d965ccfc6d4b" outcome="Passed" testListId="8c84fa94-04c1-424b-9868-57a2d4851a1d" relativeResultsDirectory="a1536d83-97ee-4ba4-beb1-2b28daeca609" dataRowInfo="3" resultType="DataDrivenDataRow" />
        <UnitTestResult executionId="7d6bc703-d7a3-4f4b-939e-8fb0c015d731" parentExecutionId="9113e045-d0a5-4457-b0d0-f91ea7005dca" testId="d51ea295-e896-101a-6578-05ae772bcbfb" testName="ToIsSubdomainThrow_Passing_InvalidValue_Returns_ApplicationExceptionWithMessage ()" computerName="PC-SFERRARI" duration="00:00:00.0000310" startTime="2020-09-06T10:39:37.8156072+01:00" endTime="2020-09-06T10:39:37.8173583+01:00" testType="13cdc9d9-ddb5-4fa4-a97d-d965ccfc6d4b" outcome="Passed" testListId="8c84fa94-04c1-424b-9868-57a2d4851a1d" relativeResultsDirectory="7d6bc703-d7a3-4f4b-939e-8fb0c015d731" dataRowInfo="4" resultType="DataDrivenDataRow" />
        <UnitTestResult executionId="c71ccd4d-4332-44f5-a80e-b2575bee6013" parentExecutionId="9113e045-d0a5-4457-b0d0-f91ea7005dca" testId="d51ea295-e896-101a-6578-05ae772bcbfb" testName="ToIsSubdomainThrow_Passing_InvalidValue_Returns_ApplicationExceptionWithMessage (34?fsds@sdd.yy)" computerName="PC-SFERRARI" duration="00:00:00.0000392" startTime="2020-09-06T10:39:37.8156072+01:00" endTime="2020-09-06T10:39:37.8173583+01:00" testType="13cdc9d9-ddb5-4fa4-a97d-d965ccfc6d4b" outcome="Passed" testListId="8c84fa94-04c1-424b-9868-57a2d4851a1d" relativeResultsDirectory="c71ccd4d-4332-44f5-a80e-b2575bee6013" dataRowInfo="5" resultType="DataDrivenDataRow" />
      </InnerResults>
    </UnitTestResult>
    <UnitTestResult executionId="7f46ccff-c0e0-4f7b-a10f-c9f3c376382d" testId="def94964-1ba4-f78f-2dac-38055bb04256" testName="ToIsEmailThrow_Passing_InvalidValue_Returns_ApplicationExceptionWithMessage" computerName="PC-SFERRARI" duration="00:00:00.0106643" startTime="2020-09-06T10:39:37.7654326+01:00" endTime="2020-09-06T10:39:37.7770181+01:00" testType="13cdc9d9-ddb5-4fa4-a97d-d965ccfc6d4b" outcome="Passed" testListId="8c84fa94-04c1-424b-9868-57a2d4851a1d" relativeResultsDirectory="7f46ccff-c0e0-4f7b-a10f-c9f3c376382d" resultType="DataDrivenTest">
      <InnerResults>
        <UnitTestResult executionId="ded3ea37-5f11-418c-9ea7-66c7e041718c" parentExecutionId="7f46ccff-c0e0-4f7b-a10f-c9f3c376382d" testId="def94964-1ba4-f78f-2dac-38055bb04256" testName="ToIsEmailThrow_Passing_InvalidValue_Returns_ApplicationExceptionWithMessage (dasdasd@dsasd.._ff)" computerName="PC-SFERRARI" duration="00:00:00.0054563" startTime="2020-09-06T10:39:37.7654326+01:00" endTime="2020-09-06T10:39:37.7770181+01:00" testType="13cdc9d9-ddb5-4fa4-a97d-d965ccfc6d4b" outcome="Passed" testListId="8c84fa94-04c1-424b-9868-57a2d4851a1d" relativeResultsDirectory="ded3ea37-5f11-418c-9ea7-66c7e041718c" dataRowInfo="1" resultType="DataDrivenDataRow" />
        <UnitTestResult executionId="38aeee14-b254-4a15-aafd-cbafae2bfa4c" parentExecutionId="7f46ccff-c0e0-4f7b-a10f-c9f3c376382d" testId="def94964-1ba4-f78f-2dac-38055bb04256" testName="ToIsEmailThrow_Passing_InvalidValue_Returns_ApplicationExceptionWithMessage (34fsds@@sdd.f)" computerName="PC-SFERRARI" duration="00:00:00.0000840" startTime="2020-09-06T10:39:37.7654326+01:00" endTime="2020-09-06T10:39:37.7770181+01:00" testType="13cdc9d9-ddb5-4fa4-a97d-d965ccfc6d4b" outcome="Passed" testListId="8c84fa94-04c1-424b-9868-57a2d4851a1d" relativeResultsDirectory="38aeee14-b254-4a15-aafd-cbafae2bfa4c" dataRowInfo="2" resultType="DataDrivenDataRow" />
        <UnitTestResult executionId="fd9451c5-88da-4776-b152-7913798adcac" parentExecutionId="7f46ccff-c0e0-4f7b-a10f-c9f3c376382d" testId="def94964-1ba4-f78f-2dac-38055bb04256" testName="ToIsEmailThrow_Passing_InvalidValue_Returns_ApplicationExceptionWithMessage ()" computerName="PC-SFERRARI" duration="00:00:00.0000391" startTime="2020-09-06T10:39:37.7654326+01:00" endTime="2020-09-06T10:39:37.7770181+01:00" testType="13cdc9d9-ddb5-4fa4-a97d-d965ccfc6d4b" outcome="Passed" testListId="8c84fa94-04c1-424b-9868-57a2d4851a1d" relativeResultsDirectory="fd9451c5-88da-4776-b152-7913798adcac" dataRowInfo="3" resultType="DataDrivenDataRow" />
        <UnitTestResult executionId="24600158-1f82-45b0-8eb8-edb635d83272" parentExecutionId="7f46ccff-c0e0-4f7b-a10f-c9f3c376382d" testId="def94964-1ba4-f78f-2dac-38055bb04256" testName="ToIsEmailThrow_Passing_InvalidValue_Returns_ApplicationExceptionWithMessage ()" computerName="PC-SFERRARI" duration="00:00:00.0000304" startTime="2020-09-06T10:39:37.7654326+01:00" endTime="2020-09-06T10:39:37.7770181+01:00" testType="13cdc9d9-ddb5-4fa4-a97d-d965ccfc6d4b" outcome="Passed" testListId="8c84fa94-04c1-424b-9868-57a2d4851a1d" relativeResultsDirectory="24600158-1f82-45b0-8eb8-edb635d83272" dataRowInfo="4" resultType="DataDrivenDataRow" />
        <UnitTestResult executionId="db495a6f-d3f4-452c-98f3-6921a5d341b0" parentExecutionId="7f46ccff-c0e0-4f7b-a10f-c9f3c376382d" testId="def94964-1ba4-f78f-2dac-38055bb04256" testName="ToIsEmailThrow_Passing_InvalidValue_Returns_ApplicationExceptionWithMessage (34?fsds@sdd.yy)" computerName="PC-SFERRARI" duration="00:00:00.0000390" startTime="2020-09-06T10:39:37.7654326+01:00" endTime="2020-09-06T10:39:37.7770181+01:00" testType="13cdc9d9-ddb5-4fa4-a97d-d965ccfc6d4b" outcome="Passed" testListId="8c84fa94-04c1-424b-9868-57a2d4851a1d" relativeResultsDirectory="db495a6f-d3f4-452c-98f3-6921a5d341b0" dataRowInfo="5" resultType="DataDrivenDataRow" />
      </InnerResults>
    </UnitTestResult>
    <UnitTestResult executionId="d8484b78-eef0-4013-a0d9-23c2c8e42b83" testId="66f7bc12-fe2b-fd81-3cbf-5bc4840aa6f8" testName="ToConfiguration_Passing_Key_Values_Returns_Ok" computerName="PC-SFERRARI" duration="00:00:00.0262034" startTime="2020-09-06T10:39:38.1443194+01:00" endTime="2020-09-06T10:39:38.1706339+01:00" testType="13cdc9d9-ddb5-4fa4-a97d-d965ccfc6d4b" outcome="Passed" testListId="8c84fa94-04c1-424b-9868-57a2d4851a1d" relativeResultsDirectory="d8484b78-eef0-4013-a0d9-23c2c8e42b83" />
    <UnitTestResult executionId="ee7a37cd-313a-4fce-89af-4263bd1133a9" testId="bf48e581-43e6-7660-c4f4-1b7deb1f0ed9" testName="ToConfiguration_Passing_Valid_DirectoryPath_Invalid_JsonFileName_Not_Optional_Returns_ApplicationException" computerName="PC-SFERRARI" duration="00:00:00.0047396" startTime="2020-09-06T10:39:38.1706767+01:00" endTime="2020-09-06T10:39:38.1755600+01:00" testType="13cdc9d9-ddb5-4fa4-a97d-d965ccfc6d4b" outcome="Passed" testListId="8c84fa94-04c1-424b-9868-57a2d4851a1d" relativeResultsDirectory="ee7a37cd-313a-4fce-89af-4263bd1133a9" />
    <UnitTestResult executionId="9b188ed3-c4d2-4fb5-a71f-c3367a122962" testId="cd004a9f-a0f6-2fdf-aeae-1890f4ab8e71" testName="ToHashAlgorithmName_Passing_ValidValueString_Returns_HashAlgorithmName" computerName="PC-SFERRARI" duration="00:00:00.0002337" startTime="2020-09-06T10:39:41.3322732+01:00" endTime="2020-09-06T10:39:41.3325878+01:00" testType="13cdc9d9-ddb5-4fa4-a97d-d965ccfc6d4b" outcome="Passed" testListId="8c84fa94-04c1-424b-9868-57a2d4851a1d" relativeResultsDirectory="9b188ed3-c4d2-4fb5-a71f-c3367a122962" resultType="DataDrivenTest">
      <InnerResults>
        <UnitTestResult executionId="06081ce8-3c74-4e22-ab95-39a15dfa7b8f" parentExecutionId="9b188ed3-c4d2-4fb5-a71f-c3367a122962" testId="cd004a9f-a0f6-2fdf-aeae-1890f4ab8e71" testName="ToHashAlgorithmName_Passing_ValidValueString_Returns_HashAlgorithmName (MD5)" computerName="PC-SFERRARI" duration="00:00:00.0001996" startTime="2020-09-06T10:39:41.3322732+01:00" endTime="2020-09-06T10:39:41.3325878+01:00" testType="13cdc9d9-ddb5-4fa4-a97d-d965ccfc6d4b" outcome="Passed" testListId="8c84fa94-04c1-424b-9868-57a2d4851a1d" relativeResultsDirectory="06081ce8-3c74-4e22-ab95-39a15dfa7b8f" dataRowInfo="1" resultType="DataDrivenDataRow" />
      </InnerResults>
    </UnitTestResult>
    <UnitTestResult executionId="0eada68b-c267-4c9b-9d07-1b7d726a1daf" testId="605637df-9854-875b-b3aa-6675f3fbd045" testName="ToEnum_Passing_ValidValue_String_Returns_EnumValue" computerName="PC-SFERRARI" duration="00:00:00.0002176" startTime="2020-09-06T10:39:41.1518549+01:00" endTime="2020-09-06T10:39:41.1522587+01:00" testType="13cdc9d9-ddb5-4fa4-a97d-d965ccfc6d4b" outcome="Passed" testListId="8c84fa94-04c1-424b-9868-57a2d4851a1d" relativeResultsDirectory="0eada68b-c267-4c9b-9d07-1b7d726a1daf" />
    <UnitTestResult executionId="39b4e863-4bef-4c3d-9b4e-1b0395a83aa7" testId="3e6d6aa9-9b6d-dd96-b54c-49f88780a2b4" testName="ToEmptyIfNull_Passing_Null_Collection_Returns_Empty_Collection" computerName="PC-SFERRARI" duration="00:00:00.0005231" startTime="2020-09-06T10:39:38.6223470+01:00" endTime="2020-09-06T10:39:38.6230785+01:00" testType="13cdc9d9-ddb5-4fa4-a97d-d965ccfc6d4b" outcome="Passed" testListId="8c84fa94-04c1-424b-9868-57a2d4851a1d" relativeResultsDirectory="39b4e863-4bef-4c3d-9b4e-1b0395a83aa7" />
    <UnitTestResult executionId="0d24c704-7f95-4865-8557-5321e35e2759" testId="225c09bd-86d5-d9ce-d2b8-18431ca384e3" testName="ToDefaultValue_Passing_ValidGuid_Returns_DefaultValue" computerName="PC-SFERRARI" duration="00:00:00.0003076" startTime="2020-09-06T10:39:42.3460100+01:00" endTime="2020-09-06T10:39:42.3463979+01:00" testType="13cdc9d9-ddb5-4fa4-a97d-d965ccfc6d4b" outcome="Passed" testListId="8c84fa94-04c1-424b-9868-57a2d4851a1d" relativeResultsDirectory="0d24c704-7f95-4865-8557-5321e35e2759" />
    <UnitTestResult executionId="e8ccd99f-73ed-48dc-bbdc-026f2dbd5c6a" testId="a702dc43-b5af-c889-d32e-e69ee2d100af" testName="ToIsAuthenticated_Passing_Null_ClaimsPrincipal_Returns_ApplicationException" computerName="PC-SFERRARI" duration="00:00:00.0006702" startTime="2020-09-06T10:39:38.1357857+01:00" endTime="2020-09-06T10:39:38.1365753+01:00" testType="13cdc9d9-ddb5-4fa4-a97d-d965ccfc6d4b" outcome="Passed" testListId="8c84fa94-04c1-424b-9868-57a2d4851a1d" relativeResultsDirectory="e8ccd99f-73ed-48dc-bbdc-026f2dbd5c6a" />
    <UnitTestResult executionId="ed0ad080-157a-48fc-8a0a-722d2561510d" testId="31126d50-f667-908c-85f3-09f9d9272df9" testName="ToEnvironment_Passing_Production_Enviroment_Returns_Production_Name" computerName="PC-SFERRARI" duration="00:00:00.0006188" startTime="2020-09-06T10:39:37.7010730+01:00" endTime="2020-09-06T10:39:37.7017920+01:00" testType="13cdc9d9-ddb5-4fa4-a97d-d965ccfc6d4b" outcome="Passed" testListId="8c84fa94-04c1-424b-9868-57a2d4851a1d" relativeResultsDirectory="ed0ad080-157a-48fc-8a0a-722d2561510d" />
    <UnitTestResult executionId="99c7f268-28e5-4d84-8e20-97e9aa00cb50" testId="19f76070-822e-31f8-2a9f-a96f774333a7" testName="ToInt_Passing_InvalidValueString_Returns_DefaultValue" computerName="PC-SFERRARI" duration="00:00:00.0004320" startTime="2020-09-06T10:39:41.3326135+01:00" endTime="2020-09-06T10:39:41.3331305+01:00" testType="13cdc9d9-ddb5-4fa4-a97d-d965ccfc6d4b" outcome="Passed" testListId="8c84fa94-04c1-424b-9868-57a2d4851a1d" relativeResultsDirectory="99c7f268-28e5-4d84-8e20-97e9aa00cb50" resultType="DataDrivenTest">
      <InnerResults>
        <UnitTestResult executionId="3cb28f4c-81ce-4840-833b-294f208fb161" parentExecutionId="99c7f268-28e5-4d84-8e20-97e9aa00cb50" testId="19f76070-822e-31f8-2a9f-a96f774333a7" testName="ToInt_Passing_InvalidValueString_Returns_DefaultValue (1.3333)" computerName="PC-SFERRARI" duration="00:00:00.0003330" startTime="2020-09-06T10:39:41.3326135+01:00" endTime="2020-09-06T10:39:41.3331305+01:00" testType="13cdc9d9-ddb5-4fa4-a97d-d965ccfc6d4b" outcome="Passed" testListId="8c84fa94-04c1-424b-9868-57a2d4851a1d" relativeResultsDirectory="3cb28f4c-81ce-4840-833b-294f208fb161" dataRowInfo="1" resultType="DataDrivenDataRow" />
        <UnitTestResult executionId="fb8c538a-c1ec-4d60-83e7-2f19d8ec2437" parentExecutionId="99c7f268-28e5-4d84-8e20-97e9aa00cb50" testId="19f76070-822e-31f8-2a9f-a96f774333a7" testName="ToInt_Passing_InvalidValueString_Returns_DefaultValue (1,3333)" computerName="PC-SFERRARI" duration="00:00:00.0000084" startTime="2020-09-06T10:39:41.3326135+01:00" endTime="2020-09-06T10:39:41.3331305+01:00" testType="13cdc9d9-ddb5-4fa4-a97d-d965ccfc6d4b" outcome="Passed" testListId="8c84fa94-04c1-424b-9868-57a2d4851a1d" relativeResultsDirectory="fb8c538a-c1ec-4d60-83e7-2f19d8ec2437" dataRowInfo="2" resultType="DataDrivenDataRow" />
        <UnitTestResult executionId="655a074d-8d53-440a-9b5d-7b7f4e51ed2d" parentExecutionId="99c7f268-28e5-4d84-8e20-97e9aa00cb50" testId="19f76070-822e-31f8-2a9f-a96f774333a7" testName="ToInt_Passing_InvalidValueString_Returns_DefaultValue (1.333,39)" computerName="PC-SFERRARI" duration="00:00:00.0000031" startTime="2020-09-06T10:39:41.3326135+01:00" endTime="2020-09-06T10:39:41.3331305+01:00" testType="13cdc9d9-ddb5-4fa4-a97d-d965ccfc6d4b" outcome="Passed" testListId="8c84fa94-04c1-424b-9868-57a2d4851a1d" relativeResultsDirectory="655a074d-8d53-440a-9b5d-7b7f4e51ed2d" dataRowInfo="3" resultType="DataDrivenDataRow" />
        <UnitTestResult executionId="43482ebb-8ab3-4c96-bdd0-17b2b6a0c2cb" parentExecutionId="99c7f268-28e5-4d84-8e20-97e9aa00cb50" testId="19f76070-822e-31f8-2a9f-a96f774333a7" testName="ToInt_Passing_InvalidValueString_Returns_DefaultValue (999999439293294392492349329493294)" computerName="PC-SFERRARI" duration="00:00:00.0000029" startTime="2020-09-06T10:39:41.3326135+01:00" endTime="2020-09-06T10:39:41.3331305+01:00" testType="13cdc9d9-ddb5-4fa4-a97d-d965ccfc6d4b" outcome="Passed" testListId="8c84fa94-04c1-424b-9868-57a2d4851a1d" relativeResultsDirectory="43482ebb-8ab3-4c96-bdd0-17b2b6a0c2cb" dataRowInfo="4" resultType="DataDrivenDataRow" />
        <UnitTestResult executionId="15027146-e38e-43a8-b1ca-5375ab1bae46" parentExecutionId="99c7f268-28e5-4d84-8e20-97e9aa00cb50" testId="19f76070-822e-31f8-2a9f-a96f774333a7" testName="ToInt_Passing_InvalidValueString_Returns_DefaultValue (asdasdasdasd234324)" computerName="PC-SFERRARI" duration="00:00:00.0000025" startTime="2020-09-06T10:39:41.3326135+01:00" endTime="2020-09-06T10:39:41.3331305+01:00" testType="13cdc9d9-ddb5-4fa4-a97d-d965ccfc6d4b" outcome="Passed" testListId="8c84fa94-04c1-424b-9868-57a2d4851a1d" relativeResultsDirectory="15027146-e38e-43a8-b1ca-5375ab1bae46" dataRowInfo="5" resultType="DataDrivenDataRow" />
      </InnerResults>
    </UnitTestResult>
    <UnitTestResult executionId="8e395fa3-8afc-4e05-909c-193eff2b77b1" testId="6c59b811-73c0-2540-9661-8c8f2a459ff2" testName="ToDefaultValue_Passing_byte_Returns_Cero" computerName="PC-SFERRARI" duration="00:00:00.0004489" startTime="2020-09-06T10:39:38.7511178+01:00" endTime="2020-09-06T10:39:38.7517247+01:00" testType="13cdc9d9-ddb5-4fa4-a97d-d965ccfc6d4b" outcome="Passed" testListId="8c84fa94-04c1-424b-9868-57a2d4851a1d" relativeResultsDirectory="8e395fa3-8afc-4e05-909c-193eff2b77b1" resultType="DataDrivenTest">
      <InnerResults>
        <UnitTestResult executionId="cf711506-1090-4843-941d-a6fd3fcc167e" parentExecutionId="8e395fa3-8afc-4e05-909c-193eff2b77b1" testId="6c59b811-73c0-2540-9661-8c8f2a459ff2" testName="ToDefaultValue_Passing_byte_Returns_Cero (255)" computerName="PC-SFERRARI" duration="00:00:00.0003865" startTime="2020-09-06T10:39:38.7511178+01:00" endTime="2020-09-06T10:39:38.7517247+01:00" testType="13cdc9d9-ddb5-4fa4-a97d-d965ccfc6d4b" outcome="Passed" testListId="8c84fa94-04c1-424b-9868-57a2d4851a1d" relativeResultsDirectory="cf711506-1090-4843-941d-a6fd3fcc167e" dataRowInfo="1" resultType="DataDrivenDataRow" />
      </InnerResults>
    </UnitTestResult>
    <UnitTestResult executionId="707084af-cfec-4909-95fa-3a68b879d89a" testId="7f0aeefe-ba4a-5404-c6f8-82be67718cc4" testName="ToDirectoryDeleteFiles_Passing_ValidValue_Returns_DirectoryNoExists" computerName="PC-SFERRARI" duration="00:00:00.0113095" startTime="2020-09-06T10:39:40.9255953+01:00" endTime="2020-09-06T10:39:40.9370355+01:00" testType="13cdc9d9-ddb5-4fa4-a97d-d965ccfc6d4b" outcome="Passed" testListId="8c84fa94-04c1-424b-9868-57a2d4851a1d" relativeResultsDirectory="707084af-cfec-4909-95fa-3a68b879d89a" />
    <UnitTestResult executionId="d0d99ed1-c090-46d6-83ca-5bb936d99a97" testId="9eeef095-29ed-4872-a36c-ca4832350421" testName="IsName_Passing_InvalidArguments_Returns_HasErrorsAndCount" computerName="PC-SFERRARI" duration="00:00:00.0001892" startTime="2020-09-06T10:39:37.9204697+01:00" endTime="2020-09-06T10:39:37.9207389+01:00" testType="13cdc9d9-ddb5-4fa4-a97d-d965ccfc6d4b" outcome="Passed" testListId="8c84fa94-04c1-424b-9868-57a2d4851a1d" relativeResultsDirectory="d0d99ed1-c090-46d6-83ca-5bb936d99a97" />
    <UnitTestResult executionId="b1260c0e-6fa1-445f-acf7-bca0dc5d3da1" testId="1577c538-d1be-5b59-2b09-8e59b0be5fcd" testName="ToSettings_Passing_Values_From_AppSettingsFile_Returns_Settings" computerName="PC-SFERRARI" duration="00:00:00.2752858" startTime="2020-09-06T10:39:38.3080469+01:00" endTime="2020-09-06T10:39:38.5834290+01:00" testType="13cdc9d9-ddb5-4fa4-a97d-d965ccfc6d4b" outcome="Passed" testListId="8c84fa94-04c1-424b-9868-57a2d4851a1d" relativeResultsDirectory="b1260c0e-6fa1-445f-acf7-bca0dc5d3da1" />
    <UnitTestResult executionId="fad980c6-924f-49bd-b70f-42279839a9f7" testId="801afd1a-5f3d-0d0c-471a-96452bf5bc35" testName="IsNullOrEmpty_Passing_InvalidArguments_Returns_HasErrorsAndCount" computerName="PC-SFERRARI" duration="00:00:00.0018023" startTime="2020-09-06T10:39:37.9369034+01:00" endTime="2020-09-06T10:39:37.9388362+01:00" testType="13cdc9d9-ddb5-4fa4-a97d-d965ccfc6d4b" outcome="Passed" testListId="8c84fa94-04c1-424b-9868-57a2d4851a1d" relativeResultsDirectory="fad980c6-924f-49bd-b70f-42279839a9f7" />
    <UnitTestResult executionId="9f614825-9697-471c-8230-f828bba6d364" testId="db5f34ff-df7c-44e5-6721-c319db8d6da0" testName="ToTryGetHeader_Passing_HttpRequest_Header_Many_Values_Returns_Values" computerName="PC-SFERRARI" duration="00:00:00.0005968" startTime="2020-09-06T10:39:40.6439140+01:00" endTime="2020-09-06T10:39:40.6445968+01:00" testType="13cdc9d9-ddb5-4fa4-a97d-d965ccfc6d4b" outcome="Passed" testListId="8c84fa94-04c1-424b-9868-57a2d4851a1d" relativeResultsDirectory="9f614825-9697-471c-8230-f828bba6d364" />
    <UnitTestResult executionId="3a8a296c-0c6d-42b2-8557-5e279f4e9d8f" testId="7c679bcb-7a59-8751-0063-1ef6e07cb160" testName="ToEnvironment_Passing_Service_Not_Found_Returns_ApplicationException" computerName="PC-SFERRARI" duration="00:00:00.0155426" startTime="2020-09-06T10:39:37.7018179+01:00" endTime="2020-09-06T10:39:37.7174650+01:00" testType="13cdc9d9-ddb5-4fa4-a97d-d965ccfc6d4b" outcome="Passed" testListId="8c84fa94-04c1-424b-9868-57a2d4851a1d" relativeResultsDirectory="3a8a296c-0c6d-42b2-8557-5e279f4e9d8f" />
    <UnitTestResult executionId="45c9f046-2f99-4f0f-97b7-8933904499b2" testId="0696fab6-6d9f-2b85-4a73-248fbd1cdda4" testName="ToDirectorySaveFileAsync_Passing_ValidValue_Returns_False" computerName="PC-SFERRARI" duration="00:00:00.0200317" startTime="2020-09-06T10:39:41.0299772+01:00" endTime="2020-09-06T10:39:41.0502300+01:00" testType="13cdc9d9-ddb5-4fa4-a97d-d965ccfc6d4b" outcome="Passed" testListId="8c84fa94-04c1-424b-9868-57a2d4851a1d" relativeResultsDirectory="45c9f046-2f99-4f0f-97b7-8933904499b2" />
    <UnitTestResult executionId="9eab0fc6-cd66-4117-8d70-68814509b8d0" testId="5fda35dc-4db7-2169-9391-a6295d2ec5fd" testName="ToDirectoryFindFilePath_Passing_ValidValueIntoSubDirectory_Returns_FilePath" computerName="PC-SFERRARI" duration="00:00:00.0082500" startTime="2020-09-06T10:39:41.0017808+01:00" endTime="2020-09-06T10:39:41.0102683+01:00" testType="13cdc9d9-ddb5-4fa4-a97d-d965ccfc6d4b" outcome="Passed" testListId="8c84fa94-04c1-424b-9868-57a2d4851a1d" relativeResultsDirectory="9eab0fc6-cd66-4117-8d70-68814509b8d0" />
    <UnitTestResult executionId="49d8fbf7-6791-4c8b-9b67-54a01874930d" testId="2e87c537-4979-f58b-6e83-f3d4ee161ff1" testName="ToGetAll_Passing_Claims_Returns_Claim_Value_Object_List" computerName="PC-SFERRARI" duration="00:00:00.0346304" startTime="2020-09-06T10:39:38.0675291+01:00" endTime="2020-09-06T10:39:38.1023012+01:00" testType="13cdc9d9-ddb5-4fa4-a97d-d965ccfc6d4b" outcome="Passed" testListId="8c84fa94-04c1-424b-9868-57a2d4851a1d" relativeResultsDirectory="49d8fbf7-6791-4c8b-9b67-54a01874930d" />
    <UnitTestResult executionId="e3c6f1e5-5b56-4628-9538-f2d58c84966f" testId="53cbdd8e-a1ef-5d22-8745-938609ed19c2" testName="ToConfigureOrDefault_Passing_DefaultValues_And_ActionCustomValues_Returns_DefaultValues_And_CustomValues" computerName="PC-SFERRARI" duration="00:00:00.0005372" startTime="2020-09-06T10:39:36.9041499+01:00" endTime="2020-09-06T10:39:36.9049073+01:00" testType="13cdc9d9-ddb5-4fa4-a97d-d965ccfc6d4b" outcome="Passed" testListId="8c84fa94-04c1-424b-9868-57a2d4851a1d" relativeResultsDirectory="e3c6f1e5-5b56-4628-9538-f2d58c84966f" />
    <UnitTestResult executionId="16af817b-5576-4d8b-a226-55e97a748f8b" testId="006d3c07-11d3-9f4b-c045-6799df52bbfb" testName="IsLowercase_Passing_ValidArguments_Returns_HasErrorsAndCount" computerName="PC-SFERRARI" duration="00:00:00.0001790" startTime="2020-09-06T10:39:37.9201859+01:00" endTime="2020-09-06T10:39:37.9204486+01:00" testType="13cdc9d9-ddb5-4fa4-a97d-d965ccfc6d4b" outcome="Passed" testListId="8c84fa94-04c1-424b-9868-57a2d4851a1d" relativeResultsDirectory="16af817b-5576-4d8b-a226-55e97a748f8b" />
    <UnitTestResult executionId="2f3f7489-4fb7-436c-bab8-d9ff676cc1ae" testId="13bab721-bf36-ea1b-3f50-9937b274e83a" testName="ToTryGetHeader_Passing_HttpRequest_Header_Value_Returns_Value" computerName="PC-SFERRARI" duration="00:00:00.0007479" startTime="2020-09-06T10:39:40.6753673+01:00" endTime="2020-09-06T10:39:40.6762917+01:00" testType="13cdc9d9-ddb5-4fa4-a97d-d965ccfc6d4b" outcome="Passed" testListId="8c84fa94-04c1-424b-9868-57a2d4851a1d" relativeResultsDirectory="2f3f7489-4fb7-436c-bab8-d9ff676cc1ae" />
    <UnitTestResult executionId="48c89cda-db96-4f29-a49f-d5858e052455" testId="aeb559a5-c285-7ab9-baee-1cb152d1742f" testName="ToDefaultValue_Passing_ulong_Returns_Cero" computerName="PC-SFERRARI" duration="00:00:00.0004692" startTime="2020-09-06T10:39:38.8315580+01:00" endTime="2020-09-06T10:39:38.8321769+01:00" testType="13cdc9d9-ddb5-4fa4-a97d-d965ccfc6d4b" outcome="Passed" testListId="8c84fa94-04c1-424b-9868-57a2d4851a1d" relativeResultsDirectory="48c89cda-db96-4f29-a49f-d5858e052455" resultType="DataDrivenTest">
      <InnerResults>
        <UnitTestResult executionId="2141c97e-895e-4eb9-8bcc-75180aa21fcb" parentExecutionId="48c89cda-db96-4f29-a49f-d5858e052455" testId="aeb559a5-c285-7ab9-baee-1cb152d1742f" testName="ToDefaultValue_Passing_ulong_Returns_Cero (18446744073709551615)" computerName="PC-SFERRARI" duration="00:00:00.0004021" startTime="2020-09-06T10:39:38.8315580+01:00" endTime="2020-09-06T10:39:38.8321769+01:00" testType="13cdc9d9-ddb5-4fa4-a97d-d965ccfc6d4b" outcome="Passed" testListId="8c84fa94-04c1-424b-9868-57a2d4851a1d" relativeResultsDirectory="2141c97e-895e-4eb9-8bcc-75180aa21fcb" dataRowInfo="1" resultType="DataDrivenDataRow" />
      </InnerResults>
    </UnitTestResult>
    <UnitTestResult executionId="410e7344-bb85-4dd9-97a3-c2130a52f83b" testId="8a5cc6e0-e73e-2131-64bd-e73fc6c2a32e" testName="IsRange_Passing_InvalidArguments_Returns_HasErrorsAndCount" computerName="PC-SFERRARI" duration="00:00:00.0009972" startTime="2020-09-06T10:39:37.9388629+01:00" endTime="2020-09-06T10:39:37.9399502+01:00" testType="13cdc9d9-ddb5-4fa4-a97d-d965ccfc6d4b" outcome="Passed" testListId="8c84fa94-04c1-424b-9868-57a2d4851a1d" relativeResultsDirectory="410e7344-bb85-4dd9-97a3-c2130a52f83b" />
    <UnitTestResult executionId="2ef97fac-5784-4f35-a3e8-fc32501c5c55" testId="1064d8aa-5d0e-6bf5-83ee-952a4d1fd93b" testName="ToEnum_Passing_InvalidValueInt_Returns_EnumCustomValue" computerName="PC-SFERRARI" duration="00:00:00.0010227" startTime="2020-09-06T10:39:41.1316942+01:00" endTime="2020-09-06T10:39:41.1329211+01:00" testType="13cdc9d9-ddb5-4fa4-a97d-d965ccfc6d4b" outcome="Passed" testListId="8c84fa94-04c1-424b-9868-57a2d4851a1d" relativeResultsDirectory="2ef97fac-5784-4f35-a3e8-fc32501c5c55" />
    <UnitTestResult executionId="a14e5322-a524-48e9-89cd-d088eb3da260" testId="c8fd6d3c-b723-929b-f175-dbdc2a7be855" testName="ToIsWeekend_Passing_Sunday_DateTime_Returns_True" computerName="PC-SFERRARI" duration="00:00:00.0001495" startTime="2020-09-06T10:39:38.6199874+01:00" endTime="2020-09-06T10:39:38.6202163+01:00" testType="13cdc9d9-ddb5-4fa4-a97d-d965ccfc6d4b" outcome="Passed" testListId="8c84fa94-04c1-424b-9868-57a2d4851a1d" relativeResultsDirectory="a14e5322-a524-48e9-89cd-d088eb3da260" />
    <UnitTestResult executionId="4e6dd06f-8997-4aec-8b93-49a89a40213b" testId="640513b3-feee-19a8-efba-5817e77ff3ee" testName="ToExists_Passing_NotFound_Service_Returns_False" computerName="PC-SFERRARI" duration="00:00:00.0002682" startTime="2020-09-06T10:39:38.2556953+01:00" endTime="2020-09-06T10:39:38.2560480+01:00" testType="13cdc9d9-ddb5-4fa4-a97d-d965ccfc6d4b" outcome="Passed" testListId="8c84fa94-04c1-424b-9868-57a2d4851a1d" relativeResultsDirectory="4e6dd06f-8997-4aec-8b93-49a89a40213b" />
    <UnitTestResult executionId="b9be9c00-14d9-4944-aa63-cf9c000562d8" testId="725d136c-3e7a-6e51-fc61-03203ffec0b5" testName="IsSubdomain_Passing_ValidArguments_Returns_HasErrorsAndCount" computerName="PC-SFERRARI" duration="00:00:00.0002148" startTime="2020-09-06T10:39:37.9608243+01:00" endTime="2020-09-06T10:39:37.9611184+01:00" testType="13cdc9d9-ddb5-4fa4-a97d-d965ccfc6d4b" outcome="Passed" testListId="8c84fa94-04c1-424b-9868-57a2d4851a1d" relativeResultsDirectory="b9be9c00-14d9-4944-aa63-cf9c000562d8" />
    <UnitTestResult executionId="078daf73-f1ab-436a-99aa-b72355da2990" testId="3bd7277d-4ad0-51ee-d24c-53176ec3cc7f" testName="IsDomain_Passing_InvalidArguments_Returns_HasErrorsAndCount" computerName="PC-SFERRARI" duration="00:00:00.0030289" startTime="2020-09-06T10:39:37.8670390+01:00" endTime="2020-09-06T10:39:37.8701534+01:00" testType="13cdc9d9-ddb5-4fa4-a97d-d965ccfc6d4b" outcome="Passed" testListId="8c84fa94-04c1-424b-9868-57a2d4851a1d" relativeResultsDirectory="078daf73-f1ab-436a-99aa-b72355da2990" />
    <UnitTestResult executionId="389c399c-05e0-472f-b032-d38fb601f37f" testId="a03675ec-665e-f4d5-4630-89e50dac0bfb" testName="ToTryContentType_Passing_HttpRequestWithContentType_Value_Returns_ContentType_String_Value" computerName="PC-SFERRARI" duration="00:00:00.0007946" startTime="2020-09-06T10:39:40.6430071+01:00" endTime="2020-09-06T10:39:40.6438903+01:00" testType="13cdc9d9-ddb5-4fa4-a97d-d965ccfc6d4b" outcome="Passed" testListId="8c84fa94-04c1-424b-9868-57a2d4851a1d" relativeResultsDirectory="389c399c-05e0-472f-b032-d38fb601f37f" />
    <UnitTestResult executionId="5c915be9-4175-42f4-8450-f60df9bd0d24" testId="056700a7-2506-75ed-a80a-ddf2ddb5d2a8" testName="IsUppercase_Passing_ValidArguments_Returns_HasErrorsAndCount" computerName="PC-SFERRARI" duration="00:00:00.0001935" startTime="2020-09-06T10:39:37.9657030+01:00" endTime="2020-09-06T10:39:37.9659913+01:00" testType="13cdc9d9-ddb5-4fa4-a97d-d965ccfc6d4b" outcome="Passed" testListId="8c84fa94-04c1-424b-9868-57a2d4851a1d" relativeResultsDirectory="5c915be9-4175-42f4-8450-f60df9bd0d24" />
    <UnitTestResult executionId="31d170fe-df99-4f25-a1af-6215e75bee88" testId="d5506b30-7041-6d90-bd03-bcd5b2479c40" testName="ToHashAlgorithmName_Passing_InvalidValueLowerCaseStringWithDefaultValue_Returns_DefaultValue" computerName="PC-SFERRARI" duration="00:00:00.0011946" startTime="2020-09-06T10:39:41.2931323+01:00" endTime="2020-09-06T10:39:41.2944193+01:00" testType="13cdc9d9-ddb5-4fa4-a97d-d965ccfc6d4b" outcome="Passed" testListId="8c84fa94-04c1-424b-9868-57a2d4851a1d" relativeResultsDirectory="31d170fe-df99-4f25-a1af-6215e75bee88" resultType="DataDrivenTest">
      <InnerResults>
        <UnitTestResult executionId="ba61a8ac-bf5f-4988-bf0b-b51245bb3dec" parentExecutionId="31d170fe-df99-4f25-a1af-6215e75bee88" testId="d5506b30-7041-6d90-bd03-bcd5b2479c40" testName="ToHashAlgorithmName_Passing_InvalidValueLowerCaseStringWithDefaultValue_Returns_DefaultValue (md5)" computerName="PC-SFERRARI" duration="00:00:00.0011481" startTime="2020-09-06T10:39:41.2931323+01:00" endTime="2020-09-06T10:39:41.2944193+01:00" testType="13cdc9d9-ddb5-4fa4-a97d-d965ccfc6d4b" outcome="Passed" testListId="8c84fa94-04c1-424b-9868-57a2d4851a1d" relativeResultsDirectory="ba61a8ac-bf5f-4988-bf0b-b51245bb3dec" dataRowInfo="1" resultType="DataDrivenDataRow" />
      </InnerResults>
    </UnitTestResult>
    <UnitTestResult executionId="28037015-ec81-4560-a1eb-693077b5d1ff" testId="678a7b5d-e2f9-09be-f35f-0e3e4d5ad033" testName="ToDeserialize_Passing_String_Returns_Object" computerName="PC-SFERRARI" duration="00:00:00.0033608" startTime="2020-09-06T10:39:40.8853847+01:00" endTime="2020-09-06T10:39:40.8890588+01:00" testType="13cdc9d9-ddb5-4fa4-a97d-d965ccfc6d4b" outcome="Passed" testListId="8c84fa94-04c1-424b-9868-57a2d4851a1d" relativeResultsDirectory="28037015-ec81-4560-a1eb-693077b5d1ff" />
    <UnitTestResult executionId="205ca7d6-10fe-4607-b8f7-0d7059c82740" testId="5385d994-9594-6052-11cb-73f8d2344981" testName="ToPath_Passing_HttpRequest_Scheme_Host_Path_Returns_Url" computerName="PC-SFERRARI" duration="00:00:00.0020582" startTime="2020-09-06T10:39:40.6393888+01:00" endTime="2020-09-06T10:39:40.6415551+01:00" testType="13cdc9d9-ddb5-4fa4-a97d-d965ccfc6d4b" outcome="Passed" testListId="8c84fa94-04c1-424b-9868-57a2d4851a1d" relativeResultsDirectory="205ca7d6-10fe-4607-b8f7-0d7059c82740" />
    <UnitTestResult executionId="1d10d332-2ac9-4373-8dd6-dd1702e10919" testId="7384e2f6-7a7f-d462-78fa-5bf7f49c326a" testName="ToIsAuthenticated_Passing_Claims_Returns_False" computerName="PC-SFERRARI" duration="00:00:00.0006390" startTime="2020-09-06T10:39:38.1120494+01:00" endTime="2020-09-06T10:39:38.1127826+01:00" testType="13cdc9d9-ddb5-4fa4-a97d-d965ccfc6d4b" outcome="Passed" testListId="8c84fa94-04c1-424b-9868-57a2d4851a1d" relativeResultsDirectory="1d10d332-2ac9-4373-8dd6-dd1702e10919" />
    <UnitTestResult executionId="70b6fbce-46cc-446b-9d2e-cb7ffc88f9c1" testId="bc15aa99-72de-0e5a-b6e8-2d654659d591" testName="ToUri_Passing_InvalidValueString_Returns_DefaultValue" computerName="PC-SFERRARI" duration="00:00:00.0013478" startTime="2020-09-06T10:39:41.6157024+01:00" endTime="2020-09-06T10:39:41.6172509+01:00" testType="13cdc9d9-ddb5-4fa4-a97d-d965ccfc6d4b" outcome="Passed" testListId="8c84fa94-04c1-424b-9868-57a2d4851a1d" relativeResultsDirectory="70b6fbce-46cc-446b-9d2e-cb7ffc88f9c1" resultType="DataDrivenTest">
      <InnerResults>
        <UnitTestResult executionId="0cafeede-a5b0-4b21-8671-10c851a18f64" parentExecutionId="70b6fbce-46cc-446b-9d2e-cb7ffc88f9c1" testId="bc15aa99-72de-0e5a-b6e8-2d654659d591" testName="ToUri_Passing_InvalidValueString_Returns_DefaultValue (http://?)" computerName="PC-SFERRARI" duration="00:00:00.0011026" startTime="2020-09-06T10:39:41.6157024+01:00" endTime="2020-09-06T10:39:41.6172509+01:00" testType="13cdc9d9-ddb5-4fa4-a97d-d965ccfc6d4b" outcome="Passed" testListId="8c84fa94-04c1-424b-9868-57a2d4851a1d" relativeResultsDirectory="0cafeede-a5b0-4b21-8671-10c851a18f64" dataRowInfo="1" resultType="DataDrivenDataRow" />
        <UnitTestResult executionId="9f9629b7-1396-4afc-9ba9-2f33b4dab9de" parentExecutionId="70b6fbce-46cc-446b-9d2e-cb7ffc88f9c1" testId="bc15aa99-72de-0e5a-b6e8-2d654659d591" testName="ToUri_Passing_InvalidValueString_Returns_DefaultValue (http://)" computerName="PC-SFERRARI" duration="00:00:00.0000153" startTime="2020-09-06T10:39:41.6157024+01:00" endTime="2020-09-06T10:39:41.6172509+01:00" testType="13cdc9d9-ddb5-4fa4-a97d-d965ccfc6d4b" outcome="Passed" testListId="8c84fa94-04c1-424b-9868-57a2d4851a1d" relativeResultsDirectory="9f9629b7-1396-4afc-9ba9-2f33b4dab9de" dataRowInfo="2" resultType="DataDrivenDataRow" />
        <UnitTestResult executionId="b619e42f-4d5e-4c28-a833-50772f67c56b" parentExecutionId="70b6fbce-46cc-446b-9d2e-cb7ffc88f9c1" testId="bc15aa99-72de-0e5a-b6e8-2d654659d591" testName="ToUri_Passing_InvalidValueString_Returns_DefaultValue (http://.)" computerName="PC-SFERRARI" duration="00:00:00.0000256" startTime="2020-09-06T10:39:41.6157024+01:00" endTime="2020-09-06T10:39:41.6172509+01:00" testType="13cdc9d9-ddb5-4fa4-a97d-d965ccfc6d4b" outcome="Passed" testListId="8c84fa94-04c1-424b-9868-57a2d4851a1d" relativeResultsDirectory="b619e42f-4d5e-4c28-a833-50772f67c56b" dataRowInfo="3" resultType="DataDrivenDataRow" />
        <UnitTestResult executionId="00a5cbf4-fdea-49ea-a031-a34a20265892" parentExecutionId="70b6fbce-46cc-446b-9d2e-cb7ffc88f9c1" testId="bc15aa99-72de-0e5a-b6e8-2d654659d591" testName="ToUri_Passing_InvalidValueString_Returns_DefaultValue (http://..)" computerName="PC-SFERRARI" duration="00:00:00.0000066" startTime="2020-09-06T10:39:41.6157024+01:00" endTime="2020-09-06T10:39:41.6172509+01:00" testType="13cdc9d9-ddb5-4fa4-a97d-d965ccfc6d4b" outcome="Passed" testListId="8c84fa94-04c1-424b-9868-57a2d4851a1d" relativeResultsDirectory="00a5cbf4-fdea-49ea-a031-a34a20265892" dataRowInfo="4" resultType="DataDrivenDataRow" />
        <UnitTestResult executionId="9104a287-d535-40eb-a82a-29260d8979b6" parentExecutionId="70b6fbce-46cc-446b-9d2e-cb7ffc88f9c1" testId="bc15aa99-72de-0e5a-b6e8-2d654659d591" testName="ToUri_Passing_InvalidValueString_Returns_DefaultValue (http://../)" computerName="PC-SFERRARI" duration="00:00:00.0000042" startTime="2020-09-06T10:39:41.6157024+01:00" endTime="2020-09-06T10:39:41.6172509+01:00" testType="13cdc9d9-ddb5-4fa4-a97d-d965ccfc6d4b" outcome="Passed" testListId="8c84fa94-04c1-424b-9868-57a2d4851a1d" relativeResultsDirectory="9104a287-d535-40eb-a82a-29260d8979b6" dataRowInfo="5" resultType="DataDrivenDataRow" />
        <UnitTestResult executionId="5502dc59-1d8b-47eb-924e-ade51a44d098" parentExecutionId="70b6fbce-46cc-446b-9d2e-cb7ffc88f9c1" testId="bc15aa99-72de-0e5a-b6e8-2d654659d591" testName="ToUri_Passing_InvalidValueString_Returns_DefaultValue (http://?)" computerName="PC-SFERRARI" duration="00:00:00.0000040" startTime="2020-09-06T10:39:41.6157024+01:00" endTime="2020-09-06T10:39:41.6172509+01:00" testType="13cdc9d9-ddb5-4fa4-a97d-d965ccfc6d4b" outcome="Passed" testListId="8c84fa94-04c1-424b-9868-57a2d4851a1d" relativeResultsDirectory="5502dc59-1d8b-47eb-924e-ade51a44d098" dataRowInfo="6" resultType="DataDrivenDataRow" />
        <UnitTestResult executionId="c222aee0-f7fe-444c-8411-6bb79862a438" parentExecutionId="70b6fbce-46cc-446b-9d2e-cb7ffc88f9c1" testId="bc15aa99-72de-0e5a-b6e8-2d654659d591" testName="ToUri_Passing_InvalidValueString_Returns_DefaultValue (http://??)" computerName="PC-SFERRARI" duration="00:00:00.0000079" startTime="2020-09-06T10:39:41.6157024+01:00" endTime="2020-09-06T10:39:41.6172509+01:00" testType="13cdc9d9-ddb5-4fa4-a97d-d965ccfc6d4b" outcome="Passed" testListId="8c84fa94-04c1-424b-9868-57a2d4851a1d" relativeResultsDirectory="c222aee0-f7fe-444c-8411-6bb79862a438" dataRowInfo="7" resultType="DataDrivenDataRow" />
        <UnitTestResult executionId="cc2e9ea3-8b58-48af-8a2f-7adfca68f571" parentExecutionId="70b6fbce-46cc-446b-9d2e-cb7ffc88f9c1" testId="bc15aa99-72de-0e5a-b6e8-2d654659d591" testName="ToUri_Passing_InvalidValueString_Returns_DefaultValue (http://??/)" computerName="PC-SFERRARI" duration="00:00:00.0000039" startTime="2020-09-06T10:39:41.6157024+01:00" endTime="2020-09-06T10:39:41.6172509+01:00" testType="13cdc9d9-ddb5-4fa4-a97d-d965ccfc6d4b" outcome="Passed" testListId="8c84fa94-04c1-424b-9868-57a2d4851a1d" relativeResultsDirectory="cc2e9ea3-8b58-48af-8a2f-7adfca68f571" dataRowInfo="8" resultType="DataDrivenDataRow" />
        <UnitTestResult executionId="64d0fadd-1fe7-4bad-b3a8-9836b2bd82c7" parentExecutionId="70b6fbce-46cc-446b-9d2e-cb7ffc88f9c1" testId="bc15aa99-72de-0e5a-b6e8-2d654659d591" testName="ToUri_Passing_InvalidValueString_Returns_DefaultValue (http://#)" computerName="PC-SFERRARI" duration="00:00:00.0000037" startTime="2020-09-06T10:39:41.6157024+01:00" endTime="2020-09-06T10:39:41.6172509+01:00" testType="13cdc9d9-ddb5-4fa4-a97d-d965ccfc6d4b" outcome="Passed" testListId="8c84fa94-04c1-424b-9868-57a2d4851a1d" relativeResultsDirectory="64d0fadd-1fe7-4bad-b3a8-9836b2bd82c7" dataRowInfo="9" resultType="DataDrivenDataRow" />
        <UnitTestResult executionId="86b9ae9c-4a3c-47cf-8ef4-2c68eb62b750" parentExecutionId="70b6fbce-46cc-446b-9d2e-cb7ffc88f9c1" testId="bc15aa99-72de-0e5a-b6e8-2d654659d591" testName="ToUri_Passing_InvalidValueString_Returns_DefaultValue (http://##)" computerName="PC-SFERRARI" duration="00:00:00.0000038" startTime="2020-09-06T10:39:41.6157024+01:00" endTime="2020-09-06T10:39:41.6172509+01:00" testType="13cdc9d9-ddb5-4fa4-a97d-d965ccfc6d4b" outcome="Passed" testListId="8c84fa94-04c1-424b-9868-57a2d4851a1d" relativeResultsDirectory="86b9ae9c-4a3c-47cf-8ef4-2c68eb62b750" dataRowInfo="10" resultType="DataDrivenDataRow" />
        <UnitTestResult executionId="a68055ab-4ff6-456b-bdae-b81b3b48880a" parentExecutionId="70b6fbce-46cc-446b-9d2e-cb7ffc88f9c1" testId="bc15aa99-72de-0e5a-b6e8-2d654659d591" testName="ToUri_Passing_InvalidValueString_Returns_DefaultValue (http://##/)" computerName="PC-SFERRARI" duration="00:00:00.0000038" startTime="2020-09-06T10:39:41.6157024+01:00" endTime="2020-09-06T10:39:41.6172509+01:00" testType="13cdc9d9-ddb5-4fa4-a97d-d965ccfc6d4b" outcome="Passed" testListId="8c84fa94-04c1-424b-9868-57a2d4851a1d" relativeResultsDirectory="a68055ab-4ff6-456b-bdae-b81b3b48880a" dataRowInfo="11" resultType="DataDrivenDataRow" />
      </InnerResults>
    </UnitTestResult>
    <UnitTestResult executionId="c43dbab7-8c21-43bd-a7aa-9a7fc61343d0" testId="65b9b71b-a8d5-2a7d-a8a7-0e3a015e6b68" testName="ToDirectoryTemporary_Passing_ValidValue_Returns_DirectoryExists" computerName="PC-SFERRARI" duration="00:00:00.0026934" startTime="2020-09-06T10:39:41.0502788+01:00" endTime="2020-09-06T10:39:41.0531251+01:00" testType="13cdc9d9-ddb5-4fa4-a97d-d965ccfc6d4b" outcome="Passed" testListId="8c84fa94-04c1-424b-9868-57a2d4851a1d" relativeResultsDirectory="c43dbab7-8c21-43bd-a7aa-9a7fc61343d0" />
    <UnitTestResult executionId="edcaf88a-800f-4d4a-9148-d02b17263344" testId="1c5fe271-1e90-52f5-1f31-436b17e57702" testName="IsGreater_Passing_InvalidArguments_Returns_HasErrorsAndCount" computerName="PC-SFERRARI" duration="00:00:00.0033029" startTime="2020-09-06T10:39:37.8956538+01:00" endTime="2020-09-06T10:39:37.8990388+01:00" testType="13cdc9d9-ddb5-4fa4-a97d-d965ccfc6d4b" outcome="Passed" testListId="8c84fa94-04c1-424b-9868-57a2d4851a1d" relativeResultsDirectory="edcaf88a-800f-4d4a-9148-d02b17263344" />
    <UnitTestResult executionId="9a1e1360-832e-40ff-bbb0-82eeaac8bd0a" testId="0d35441f-72fe-a777-509f-6a19632f972a" testName="ToMessage_Passing_ExceptionWithMessageWithInnerException_Returns_MessageAndInnerException" computerName="PC-SFERRARI" duration="00:00:00.0003526" startTime="2020-09-06T10:39:38.7285988+01:00" endTime="2020-09-06T10:39:38.7290858+01:00" testType="13cdc9d9-ddb5-4fa4-a97d-d965ccfc6d4b" outcome="Passed" testListId="8c84fa94-04c1-424b-9868-57a2d4851a1d" relativeResultsDirectory="9a1e1360-832e-40ff-bbb0-82eeaac8bd0a" />
    <UnitTestResult executionId="753d3844-47ec-496d-8736-57133a1cb8b1" testId="7a313c49-8adc-98e3-cdda-86b900f0ade6" testName="ToCompress_Passing_Value_Bytes_Returns_Value_Bytes" computerName="PC-SFERRARI" duration="00:00:00.0004813" startTime="2020-09-06T10:39:37.7620627+01:00" endTime="2020-09-06T10:39:37.7626723+01:00" testType="13cdc9d9-ddb5-4fa4-a97d-d965ccfc6d4b" outcome="Passed" testListId="8c84fa94-04c1-424b-9868-57a2d4851a1d" relativeResultsDirectory="753d3844-47ec-496d-8736-57133a1cb8b1" />
    <UnitTestResult executionId="11adde3d-850e-498c-9479-3069197cb13e" testId="118e36ba-6572-1245-e05b-9bcc7b4e5e20" testName="ToBytes_Passing_Object_Returns_Bytes" computerName="PC-SFERRARI" duration="00:00:00.0007446" startTime="2020-09-06T10:39:38.7294105+01:00" endTime="2020-09-06T10:39:38.7303875+01:00" testType="13cdc9d9-ddb5-4fa4-a97d-d965ccfc6d4b" outcome="Passed" testListId="8c84fa94-04c1-424b-9868-57a2d4851a1d" relativeResultsDirectory="11adde3d-850e-498c-9479-3069197cb13e" />
    <UnitTestResult executionId="6804b7dd-045a-4658-9bb2-50855c0ac326" testId="0cfd0c7c-1a61-7d19-c2fa-3c8a47ccf09c" testName="ToValues_Passing_ValidEnumType_Returns_ValuesListString" computerName="PC-SFERRARI" duration="00:00:00.0008984" startTime="2020-09-06T10:39:38.7200723+01:00" endTime="2020-09-06T10:39:38.7210529+01:00" testType="13cdc9d9-ddb5-4fa4-a97d-d965ccfc6d4b" outcome="Passed" testListId="8c84fa94-04c1-424b-9868-57a2d4851a1d" relativeResultsDirectory="6804b7dd-045a-4658-9bb2-50855c0ac326" />
    <UnitTestResult executionId="83296e6b-0853-4be5-b851-27a30cfeb925" testId="504465b7-a3fe-9023-93b9-ffece1903418" testName="ToEnvironment_ServiceCollection_Passing_Staging_Enviroment_Returns_Staging_Name" computerName="PC-SFERRARI" duration="00:00:00.0004303" startTime="2020-09-06T10:39:38.2544520+01:00" endTime="2020-09-06T10:39:38.2549639+01:00" testType="13cdc9d9-ddb5-4fa4-a97d-d965ccfc6d4b" outcome="Passed" testListId="8c84fa94-04c1-424b-9868-57a2d4851a1d" relativeResultsDirectory="83296e6b-0853-4be5-b851-27a30cfeb925" />
    <UnitTestResult executionId="4479d07d-5d3c-4971-bc15-b06108cf5286" testId="4ff63349-9eef-ad1f-85cf-a84cda1ff120" testName="ToDetails_Passing_HttpContext_Returns_Details_HttpContext" computerName="PC-SFERRARI" duration="00:00:00.0392601" startTime="2020-09-06T10:39:40.5540677+01:00" endTime="2020-09-06T10:39:40.5937649+01:00" testType="13cdc9d9-ddb5-4fa4-a97d-d965ccfc6d4b" outcome="Passed" testListId="8c84fa94-04c1-424b-9868-57a2d4851a1d" relativeResultsDirectory="4479d07d-5d3c-4971-bc15-b06108cf5286" />
    <UnitTestResult executionId="801dfdd2-2b13-4c01-9a37-2385a0c6b770" testId="ac572b27-5286-68a4-5380-d7de82fbf69a" testName="ToFormat_Passing_ValidValueFormatWithArguments_Returns_ValueWithFormat" computerName="PC-SFERRARI" duration="00:00:00.0005422" startTime="2020-09-06T10:39:41.2923485+01:00" endTime="2020-09-06T10:39:41.2930929+01:00" testType="13cdc9d9-ddb5-4fa4-a97d-d965ccfc6d4b" outcome="Passed" testListId="8c84fa94-04c1-424b-9868-57a2d4851a1d" relativeResultsDirectory="801dfdd2-2b13-4c01-9a37-2385a0c6b770" />
    <UnitTestResult executionId="f9e67c1e-a81d-4a65-8408-b07bcabb57f0" testId="5517211d-203c-115f-7dc1-6f48da8ab75b" testName="ToFirstLetterUpper_Passing_ValidValue_Returns_StringWithFirstLetterUpper" computerName="PC-SFERRARI" duration="00:00:00.0002205" startTime="2020-09-06T10:39:41.1528615+01:00" endTime="2020-09-06T10:39:41.1531684+01:00" testType="13cdc9d9-ddb5-4fa4-a97d-d965ccfc6d4b" outcome="Passed" testListId="8c84fa94-04c1-424b-9868-57a2d4851a1d" relativeResultsDirectory="f9e67c1e-a81d-4a65-8408-b07bcabb57f0" resultType="DataDrivenTest">
      <InnerResults>
        <UnitTestResult executionId="ed71cceb-1999-466e-999c-786921819705" parentExecutionId="f9e67c1e-a81d-4a65-8408-b07bcabb57f0" testId="5517211d-203c-115f-7dc1-6f48da8ab75b" testName="ToFirstLetterUpper_Passing_ValidValue_Returns_StringWithFirstLetterUpper (aeiou,Aeiou)" computerName="PC-SFERRARI" duration="00:00:00.0001252" startTime="2020-09-06T10:39:41.1528615+01:00" endTime="2020-09-06T10:39:41.1531684+01:00" testType="13cdc9d9-ddb5-4fa4-a97d-d965ccfc6d4b" outcome="Passed" testListId="8c84fa94-04c1-424b-9868-57a2d4851a1d" relativeResultsDirectory="ed71cceb-1999-466e-999c-786921819705" dataRowInfo="1" resultType="DataDrivenDataRow" />
        <UnitTestResult executionId="c76e0ccc-867f-4874-8ff9-3b3af49629df" parentExecutionId="f9e67c1e-a81d-4a65-8408-b07bcabb57f0" testId="5517211d-203c-115f-7dc1-6f48da8ab75b" testName="ToFirstLetterUpper_Passing_ValidValue_Returns_StringWithFirstLetterUpper (aEIOU,AEIOU)" computerName="PC-SFERRARI" duration="00:00:00.0000046" startTime="2020-09-06T10:39:41.1528615+01:00" endTime="2020-09-06T10:39:41.1531684+01:00" testType="13cdc9d9-ddb5-4fa4-a97d-d965ccfc6d4b" outcome="Passed" testListId="8c84fa94-04c1-424b-9868-57a2d4851a1d" relativeResultsDirectory="c76e0ccc-867f-4874-8ff9-3b3af49629df" dataRowInfo="2" resultType="DataDrivenDataRow" />
        <UnitTestResult executionId="ed5dd652-cffc-4e68-8e28-2fc1e5801a0f" parentExecutionId="f9e67c1e-a81d-4a65-8408-b07bcabb57f0" testId="5517211d-203c-115f-7dc1-6f48da8ab75b" testName="ToFirstLetterUpper_Passing_ValidValue_Returns_StringWithFirstLetterUpper (aeioU,AeioU)" computerName="PC-SFERRARI" duration="00:00:00.0000028" startTime="2020-09-06T10:39:41.1528615+01:00" endTime="2020-09-06T10:39:41.1531684+01:00" testType="13cdc9d9-ddb5-4fa4-a97d-d965ccfc6d4b" outcome="Passed" testListId="8c84fa94-04c1-424b-9868-57a2d4851a1d" relativeResultsDirectory="ed5dd652-cffc-4e68-8e28-2fc1e5801a0f" dataRowInfo="3" resultType="DataDrivenDataRow" />
        <UnitTestResult executionId="2d35a64d-f575-43cb-85fa-92be8f31ba4b" parentExecutionId="f9e67c1e-a81d-4a65-8408-b07bcabb57f0" testId="5517211d-203c-115f-7dc1-6f48da8ab75b" testName="ToFirstLetterUpper_Passing_ValidValue_Returns_StringWithFirstLetterUpper (AEIOU,AEIOU)" computerName="PC-SFERRARI" duration="00:00:00.0000025" startTime="2020-09-06T10:39:41.1528615+01:00" endTime="2020-09-06T10:39:41.1531684+01:00" testType="13cdc9d9-ddb5-4fa4-a97d-d965ccfc6d4b" outcome="Passed" testListId="8c84fa94-04c1-424b-9868-57a2d4851a1d" relativeResultsDirectory="2d35a64d-f575-43cb-85fa-92be8f31ba4b" dataRowInfo="4" resultType="DataDrivenDataRow" />
        <UnitTestResult executionId="7281b6cb-9bc3-474b-a67e-4983649b7604" parentExecutionId="f9e67c1e-a81d-4a65-8408-b07bcabb57f0" testId="5517211d-203c-115f-7dc1-6f48da8ab75b" testName="ToFirstLetterUpper_Passing_ValidValue_Returns_StringWithFirstLetterUpper (Aeiou,Aeiou)" computerName="PC-SFERRARI" duration="00:00:00.0000026" startTime="2020-09-06T10:39:41.1528615+01:00" endTime="2020-09-06T10:39:41.1531684+01:00" testType="13cdc9d9-ddb5-4fa4-a97d-d965ccfc6d4b" outcome="Passed" testListId="8c84fa94-04c1-424b-9868-57a2d4851a1d" relativeResultsDirectory="7281b6cb-9bc3-474b-a67e-4983649b7604" dataRowInfo="5" resultType="DataDrivenDataRow" />
      </InnerResults>
    </UnitTestResult>
    <UnitTestResult executionId="2acd9c07-e41e-4355-87ff-cca7a91301bb" testId="922c5a5d-5d46-b5de-bcbd-4fac0addd422" testName="IsNullOrAny_Passing_InvalidArguments_Returns_HasErrorsAndCount" computerName="PC-SFERRARI" duration="00:00:00.0156809" startTime="2020-09-06T10:39:37.9210647+01:00" endTime="2020-09-06T10:39:37.9368550+01:00" testType="13cdc9d9-ddb5-4fa4-a97d-d965ccfc6d4b" outcome="Passed" testListId="8c84fa94-04c1-424b-9868-57a2d4851a1d" relativeResultsDirectory="2acd9c07-e41e-4355-87ff-cca7a91301bb" />
  </Results>
  <TestDefinitions>
    <UnitTest name="ToGetAll_Passing_Claims_Returns_Claim_Value_String_List" storage="d:\sferrari\01 - trabajo\repos\netcore\template-netcore-shared\kitpymes.core.shared.tests\bin\debug\netcoreapp3.0\kitpymes.core.shared.tests.dll" id="4184a91b-5297-4872-2a98-1ef97e124515">
      <Execution id="59c1715e-a714-4646-bb6e-a4e2ed5e6e06" />
      <TestMethod codeBase="D:\SFERRARI\01 - TRABAJO\REPOS\netcore\template-netcore-shared\Kitpymes.Core.Shared.Tests\bin\Debug\netcoreapp3.0\Kitpymes.Core.Shared.Tests.dll" adapterTypeName="executor://mstestadapter/v2" className="Kitpymes.Core.Shared.Tests.ClaimsPrincipalExtensionsTests" name="ToGetAll_Passing_Claims_Returns_Claim_Value_String_List" />
    </UnitTest>
    <UnitTest name="ToUri_Passing_InvalidValueString_Returns_Null" storage="d:\sferrari\01 - trabajo\repos\netcore\template-netcore-shared\kitpymes.core.shared.tests\bin\debug\netcoreapp3.0\kitpymes.core.shared.tests.dll" id="c180eeb5-df7f-187e-c74d-0f6d31acdec5">
      <Execution id="9247f471-da7f-403e-a435-e3c09b9fa3bf" />
      <TestMethod codeBase="D:\SFERRARI\01 - TRABAJO\REPOS\netcore\template-netcore-shared\Kitpymes.Core.Shared.Tests\bin\Debug\netcoreapp3.0\Kitpymes.Core.Shared.Tests.dll" adapterTypeName="executor://mstestadapter/v2" className="Kitpymes.Core.Shared.Tests.StringExtensionsTests" name="ToUri_Passing_InvalidValueString_Returns_Null" />
    </UnitTest>
    <UnitTest name="ToReplaceSpecialChars_Passing_ValidValue_Returns_ReplacedValueWithoutIgnoreSpecialChars" storage="d:\sferrari\01 - trabajo\repos\netcore\template-netcore-shared\kitpymes.core.shared.tests\bin\debug\netcoreapp3.0\kitpymes.core.shared.tests.dll" id="29112d2a-2e73-305d-ec50-12fc95c28627">
      <Execution id="a422f449-1d6f-4749-8345-1bc42c4cad55" />
      <TestMethod codeBase="D:\SFERRARI\01 - TRABAJO\REPOS\netcore\template-netcore-shared\Kitpymes.Core.Shared.Tests\bin\Debug\netcoreapp3.0\Kitpymes.Core.Shared.Tests.dll" adapterTypeName="executor://mstestadapter/v2" className="Kitpymes.Core.Shared.Tests.StringExtensionsTests" name="ToReplaceSpecialChars_Passing_ValidValue_Returns_ReplacedValueWithoutIgnoreSpecialChars" />
    </UnitTest>
    <UnitTest name="ToDefaultValue_Passing_long_Returns_Cero" storage="d:\sferrari\01 - trabajo\repos\netcore\template-netcore-shared\kitpymes.core.shared.tests\bin\debug\netcoreapp3.0\kitpymes.core.shared.tests.dll" id="e93b141b-fdfd-0f98-21e5-3eb211b6e88b">
      <Execution id="eb9114cd-65b2-445b-a332-089cdbfd0595" />
      <TestMethod codeBase="D:\SFERRARI\01 - TRABAJO\REPOS\netcore\template-netcore-shared\Kitpymes.Core.Shared.Tests\bin\Debug\netcoreapp3.0\Kitpymes.Core.Shared.Tests.dll" adapterTypeName="executor://mstestadapter/v2" className="Kitpymes.Core.Shared.Tests.GenericExtensionsTests" name="ToDefaultValue_Passing_long_Returns_Cero" />
    </UnitTest>
    <UnitTest name="IsEqual_Passing_InvalidArguments_Returns_HasErrorsAndCount" storage="d:\sferrari\01 - trabajo\repos\netcore\template-netcore-shared\kitpymes.core.shared.tests\bin\debug\netcoreapp3.0\kitpymes.core.shared.tests.dll" id="c87d842d-198f-fc52-0a70-418a5e5378ab">
      <Execution id="48f58752-9eee-4725-b9eb-b69cc0aa7b08" />
      <TestMethod codeBase="D:\SFERRARI\01 - TRABAJO\REPOS\netcore\template-netcore-shared\Kitpymes.Core.Shared.Tests\bin\Debug\netcoreapp3.0\Kitpymes.Core.Shared.Tests.dll" adapterTypeName="executor://mstestadapter/v2" className="Kitpymes.Core.Shared.Tests.CheckTests" name="IsEqual_Passing_InvalidArguments_Returns_HasErrorsAndCount" />
    </UnitTest>
    <UnitTest name="ToAuthenticationType_Passing_Claims_Returns_AuthenticationType_Name" storage="d:\sferrari\01 - trabajo\repos\netcore\template-netcore-shared\kitpymes.core.shared.tests\bin\debug\netcoreapp3.0\kitpymes.core.shared.tests.dll" id="635e001f-2a50-f191-84e2-e81cd2000fdf">
      <Execution id="0d4af195-eef7-4a75-9971-2bf49c73af7d" />
      <TestMethod codeBase="D:\SFERRARI\01 - TRABAJO\REPOS\netcore\template-netcore-shared\Kitpymes.Core.Shared.Tests\bin\Debug\netcoreapp3.0\Kitpymes.Core.Shared.Tests.dll" adapterTypeName="executor://mstestadapter/v2" className="Kitpymes.Core.Shared.Tests.ClaimsPrincipalExtensionsTests" name="ToAuthenticationType_Passing_Claims_Returns_AuthenticationType_Name" />
    </UnitTest>
    <UnitTest name="ToIsAuthenticated_Passing_Null_ClaimsPrincipal_Returns_ApplicationException" storage="d:\sferrari\01 - trabajo\repos\netcore\template-netcore-shared\kitpymes.core.shared.tests\bin\debug\netcoreapp3.0\kitpymes.core.shared.tests.dll" id="a702dc43-b5af-c889-d32e-e69ee2d100af">
      <Execution id="e8ccd99f-73ed-48dc-bbdc-026f2dbd5c6a" />
      <TestMethod codeBase="D:\SFERRARI\01 - TRABAJO\REPOS\netcore\template-netcore-shared\Kitpymes.Core.Shared.Tests\bin\Debug\netcoreapp3.0\Kitpymes.Core.Shared.Tests.dll" adapterTypeName="executor://mstestadapter/v2" className="Kitpymes.Core.Shared.Tests.ClaimsPrincipalExtensionsTests" name="ToIsAuthenticated_Passing_Null_ClaimsPrincipal_Returns_ApplicationException" />
    </UnitTest>
    <UnitTest name="ToEmailMaskUserName_Passing_ValidEmail_Returns_EmailWithMask" storage="d:\sferrari\01 - trabajo\repos\netcore\template-netcore-shared\kitpymes.core.shared.tests\bin\debug\netcoreapp3.0\kitpymes.core.shared.tests.dll" id="1237bc5f-42ea-8c7f-8602-051620acda95">
      <Execution id="c8f304d5-e8bf-4afd-aec3-9539d791ae40" />
      <TestMethod codeBase="D:\SFERRARI\01 - TRABAJO\REPOS\netcore\template-netcore-shared\Kitpymes.Core.Shared.Tests\bin\Debug\netcoreapp3.0\Kitpymes.Core.Shared.Tests.dll" adapterTypeName="executor://mstestadapter/v2" className="Kitpymes.Core.Shared.Tests.StringExtensionsTests" name="ToEmailMaskUserName_Passing_ValidEmail_Returns_EmailWithMask" />
    </UnitTest>
    <UnitTest name="ToDefaultValue_Passing_byte_Returns_Cero" storage="d:\sferrari\01 - trabajo\repos\netcore\template-netcore-shared\kitpymes.core.shared.tests\bin\debug\netcoreapp3.0\kitpymes.core.shared.tests.dll" id="6c59b811-73c0-2540-9661-8c8f2a459ff2">
      <Execution id="8e395fa3-8afc-4e05-909c-193eff2b77b1" />
      <TestMethod codeBase="D:\SFERRARI\01 - TRABAJO\REPOS\netcore\template-netcore-shared\Kitpymes.Core.Shared.Tests\bin\Debug\netcoreapp3.0\Kitpymes.Core.Shared.Tests.dll" adapterTypeName="executor://mstestadapter/v2" className="Kitpymes.Core.Shared.Tests.GenericExtensionsTests" name="ToDefaultValue_Passing_byte_Returns_Cero" />
    </UnitTest>
    <UnitTest name="ToCompress_Passing_Value_Bytes_Returns_Value_Bytes" storage="d:\sferrari\01 - trabajo\repos\netcore\template-netcore-shared\kitpymes.core.shared.tests\bin\debug\netcoreapp3.0\kitpymes.core.shared.tests.dll" id="7a313c49-8adc-98e3-cdda-86b900f0ade6">
      <Execution id="753d3844-47ec-496d-8736-57133a1cb8b1" />
      <TestMethod codeBase="D:\SFERRARI\01 - TRABAJO\REPOS\netcore\template-netcore-shared\Kitpymes.Core.Shared.Tests\bin\Debug\netcoreapp3.0\Kitpymes.Core.Shared.Tests.dll" adapterTypeName="executor://mstestadapter/v2" className="Kitpymes.Core.Shared.Tests.BytesExtensionsTests" name="ToCompress_Passing_Value_Bytes_Returns_Value_Bytes" />
    </UnitTest>
    <UnitTest name="ToDirectoryTemporary_Passing_ValidValue_Returns_DirectoryExists" storage="d:\sferrari\01 - trabajo\repos\netcore\template-netcore-shared\kitpymes.core.shared.tests\bin\debug\netcoreapp3.0\kitpymes.core.shared.tests.dll" id="65b9b71b-a8d5-2a7d-a8a7-0e3a015e6b68">
      <Execution id="c43dbab7-8c21-43bd-a7aa-9a7fc61343d0" />
      <TestMethod codeBase="D:\SFERRARI\01 - TRABAJO\REPOS\netcore\template-netcore-shared\Kitpymes.Core.Shared.Tests\bin\Debug\netcoreapp3.0\Kitpymes.Core.Shared.Tests.dll" adapterTypeName="executor://mstestadapter/v2" className="Kitpymes.Core.Shared.Tests.StringExtensionsTests" name="ToDirectoryTemporary_Passing_ValidValue_Returns_DirectoryExists" />
    </UnitTest>
    <UnitTest name="ToGet_Passing_Claims_Returns_Claim_Value_Object" storage="d:\sferrari\01 - trabajo\repos\netcore\template-netcore-shared\kitpymes.core.shared.tests\bin\debug\netcoreapp3.0\kitpymes.core.shared.tests.dll" id="a272f84c-2bd5-daa4-4afe-22346b802f86">
      <Execution id="968133e5-f763-4cc6-af21-30d806c6142e" />
      <TestMethod codeBase="D:\SFERRARI\01 - TRABAJO\REPOS\netcore\template-netcore-shared\Kitpymes.Core.Shared.Tests\bin\Debug\netcoreapp3.0\Kitpymes.Core.Shared.Tests.dll" adapterTypeName="executor://mstestadapter/v2" className="Kitpymes.Core.Shared.Tests.ClaimsPrincipalExtensionsTests" name="ToGet_Passing_Claims_Returns_Claim_Value_Object" />
    </UnitTest>
    <UnitTest name="IsEspecialChars_Passing_InvalidArguments_Returns_HasErrorsAndCount" storage="d:\sferrari\01 - trabajo\repos\netcore\template-netcore-shared\kitpymes.core.shared.tests\bin\debug\netcoreapp3.0\kitpymes.core.shared.tests.dll" id="9d64a285-266d-52de-ef34-34102f8ad12c">
      <Execution id="0da01d57-f078-4bd1-bf7f-35594c4472d6" />
      <TestMethod codeBase="D:\SFERRARI\01 - TRABAJO\REPOS\netcore\template-netcore-shared\Kitpymes.Core.Shared.Tests\bin\Debug\netcoreapp3.0\Kitpymes.Core.Shared.Tests.dll" adapterTypeName="executor://mstestadapter/v2" className="Kitpymes.Core.Shared.Tests.CheckTests" name="IsEspecialChars_Passing_InvalidArguments_Returns_HasErrorsAndCount" />
    </UnitTest>
    <UnitTest name="IsDigit_Passing_ValidArguments_Returns_HasErrorsAndCount" storage="d:\sferrari\01 - trabajo\repos\netcore\template-netcore-shared\kitpymes.core.shared.tests\bin\debug\netcoreapp3.0\kitpymes.core.shared.tests.dll" id="ebdf037a-44fa-7875-99d4-42fa9833aac8">
      <Execution id="c806e51e-8c18-4a85-8ebb-0fc5830e278a" />
      <TestMethod codeBase="D:\SFERRARI\01 - TRABAJO\REPOS\netcore\template-netcore-shared\Kitpymes.Core.Shared.Tests\bin\Debug\netcoreapp3.0\Kitpymes.Core.Shared.Tests.dll" adapterTypeName="executor://mstestadapter/v2" className="Kitpymes.Core.Shared.Tests.CheckTests" name="IsDigit_Passing_ValidArguments_Returns_HasErrorsAndCount" />
    </UnitTest>
    <UnitTest name="ToEnvironment_Passing_Service_Not_Found_Returns_ApplicationException" storage="d:\sferrari\01 - trabajo\repos\netcore\template-netcore-shared\kitpymes.core.shared.tests\bin\debug\netcoreapp3.0\kitpymes.core.shared.tests.dll" id="7c679bcb-7a59-8751-0063-1ef6e07cb160">
      <Execution id="3a8a296c-0c6d-42b2-8557-5e279f4e9d8f" />
      <TestMethod codeBase="D:\SFERRARI\01 - TRABAJO\REPOS\netcore\template-netcore-shared\Kitpymes.Core.Shared.Tests\bin\Debug\netcoreapp3.0\Kitpymes.Core.Shared.Tests.dll" adapterTypeName="executor://mstestadapter/v2" className="Kitpymes.Core.Shared.Tests.ApplicationBuilderExtensionsTests" name="ToEnvironment_Passing_Service_Not_Found_Returns_ApplicationException" />
    </UnitTest>
    <UnitTest name="ToGetAll_Passing_Claims_Returns_Claim_Value_Int_List" storage="d:\sferrari\01 - trabajo\repos\netcore\template-netcore-shared\kitpymes.core.shared.tests\bin\debug\netcoreapp3.0\kitpymes.core.shared.tests.dll" id="fa00d2a8-59b9-ad9e-caa1-a0c9e3156db1">
      <Execution id="d4881760-b6f1-4a99-a016-ab319b4a0278" />
      <TestMethod codeBase="D:\SFERRARI\01 - TRABAJO\REPOS\netcore\template-netcore-shared\Kitpymes.Core.Shared.Tests\bin\Debug\netcoreapp3.0\Kitpymes.Core.Shared.Tests.dll" adapterTypeName="executor://mstestadapter/v2" className="Kitpymes.Core.Shared.Tests.ClaimsPrincipalExtensionsTests" name="ToGetAll_Passing_Claims_Returns_Claim_Value_Int_List" />
    </UnitTest>
    <UnitTest name="ToInt_Passing_ValidValueString_Returns_Int" storage="d:\sferrari\01 - trabajo\repos\netcore\template-netcore-shared\kitpymes.core.shared.tests\bin\debug\netcoreapp3.0\kitpymes.core.shared.tests.dll" id="ae09f98c-257a-b9e5-5b0b-16344b7adf1c">
      <Execution id="fae15cbe-e855-40d8-8f30-886fa3f78860" />
      <TestMethod codeBase="D:\SFERRARI\01 - TRABAJO\REPOS\netcore\template-netcore-shared\Kitpymes.Core.Shared.Tests\bin\Debug\netcoreapp3.0\Kitpymes.Core.Shared.Tests.dll" adapterTypeName="executor://mstestadapter/v2" className="Kitpymes.Core.Shared.Tests.StringExtensionsTests" name="ToInt_Passing_ValidValueString_Returns_Int" />
    </UnitTest>
    <UnitTest name="ToDefaultValue_Passing_bool_Returns_Cero" storage="d:\sferrari\01 - trabajo\repos\netcore\template-netcore-shared\kitpymes.core.shared.tests\bin\debug\netcoreapp3.0\kitpymes.core.shared.tests.dll" id="432377b9-b0ad-9a2a-6dc2-e1069e73c449">
      <Execution id="73d5f51b-515f-4d1b-a788-ce0f3135448c" />
      <TestMethod codeBase="D:\SFERRARI\01 - TRABAJO\REPOS\netcore\template-netcore-shared\Kitpymes.Core.Shared.Tests\bin\Debug\netcoreapp3.0\Kitpymes.Core.Shared.Tests.dll" adapterTypeName="executor://mstestadapter/v2" className="Kitpymes.Core.Shared.Tests.GenericExtensionsTests" name="ToDefaultValue_Passing_bool_Returns_Cero" />
    </UnitTest>
    <UnitTest name="ToDefaultValue_Passing_uint_Returns_Cero" storage="d:\sferrari\01 - trabajo\repos\netcore\template-netcore-shared\kitpymes.core.shared.tests\bin\debug\netcoreapp3.0\kitpymes.core.shared.tests.dll" id="f828057e-351a-48b7-0028-e57f15c7217e">
      <Execution id="6345434d-f589-434f-a7e4-0f86c2ddb63a" />
      <TestMethod codeBase="D:\SFERRARI\01 - TRABAJO\REPOS\netcore\template-netcore-shared\Kitpymes.Core.Shared.Tests\bin\Debug\netcoreapp3.0\Kitpymes.Core.Shared.Tests.dll" adapterTypeName="executor://mstestadapter/v2" className="Kitpymes.Core.Shared.Tests.GenericExtensionsTests" name="ToDefaultValue_Passing_uint_Returns_Cero" />
    </UnitTest>
    <UnitTest name="IsRange_Passing_InvalidArguments_Returns_HasErrorsAndCount" storage="d:\sferrari\01 - trabajo\repos\netcore\template-netcore-shared\kitpymes.core.shared.tests\bin\debug\netcoreapp3.0\kitpymes.core.shared.tests.dll" id="8a5cc6e0-e73e-2131-64bd-e73fc6c2a32e">
      <Execution id="410e7344-bb85-4dd9-97a3-c2130a52f83b" />
      <TestMethod codeBase="D:\SFERRARI\01 - TRABAJO\REPOS\netcore\template-netcore-shared\Kitpymes.Core.Shared.Tests\bin\Debug\netcoreapp3.0\Kitpymes.Core.Shared.Tests.dll" adapterTypeName="executor://mstestadapter/v2" className="Kitpymes.Core.Shared.Tests.CheckTests" name="IsRange_Passing_InvalidArguments_Returns_HasErrorsAndCount" />
    </UnitTest>
    <UnitTest name="ToMessage_Passing_ExceptionWithMessageWithInnerException_Returns_MessageAndInnerException" storage="d:\sferrari\01 - trabajo\repos\netcore\template-netcore-shared\kitpymes.core.shared.tests\bin\debug\netcoreapp3.0\kitpymes.core.shared.tests.dll" id="0d35441f-72fe-a777-509f-6a19632f972a">
      <Execution id="9a1e1360-832e-40ff-bbb0-82eeaac8bd0a" />
      <TestMethod codeBase="D:\SFERRARI\01 - TRABAJO\REPOS\netcore\template-netcore-shared\Kitpymes.Core.Shared.Tests\bin\Debug\netcoreapp3.0\Kitpymes.Core.Shared.Tests.dll" adapterTypeName="executor://mstestadapter/v2" className="Kitpymes.Core.Shared.Tests.ExceptionExtensionsTests" name="ToMessage_Passing_ExceptionWithMessageWithInnerException_Returns_MessageAndInnerException" />
    </UnitTest>
    <UnitTest name="ToIPv6_Passing_HttpContext_IP_Value_Returns_IP" storage="d:\sferrari\01 - trabajo\repos\netcore\template-netcore-shared\kitpymes.core.shared.tests\bin\debug\netcoreapp3.0\kitpymes.core.shared.tests.dll" id="5bee9d0e-89de-7b6d-4317-0a11342b1d29">
      <Execution id="fe7ad6a1-f8bf-4472-98b0-81855502ed3e" />
      <TestMethod codeBase="D:\SFERRARI\01 - TRABAJO\REPOS\netcore\template-netcore-shared\Kitpymes.Core.Shared.Tests\bin\Debug\netcoreapp3.0\Kitpymes.Core.Shared.Tests.dll" adapterTypeName="executor://mstestadapter/v2" className="Kitpymes.Core.Shared.Tests.HttpContextExtensionsTests" name="ToIPv6_Passing_HttpContext_IP_Value_Returns_IP" />
    </UnitTest>
    <UnitTest name="ToDefaultValue_Passing_double_Returns_Cero" storage="d:\sferrari\01 - trabajo\repos\netcore\template-netcore-shared\kitpymes.core.shared.tests\bin\debug\netcoreapp3.0\kitpymes.core.shared.tests.dll" id="f752d50b-77fa-327a-4493-168161bd27b2">
      <Execution id="8a7eb8ed-a403-4b53-b898-f1e078cd9100" />
      <TestMethod codeBase="D:\SFERRARI\01 - TRABAJO\REPOS\netcore\template-netcore-shared\Kitpymes.Core.Shared.Tests\bin\Debug\netcoreapp3.0\Kitpymes.Core.Shared.Tests.dll" adapterTypeName="executor://mstestadapter/v2" className="Kitpymes.Core.Shared.Tests.GenericExtensionsTests" name="ToDefaultValue_Passing_double_Returns_Cero" />
    </UnitTest>
    <UnitTest name="IsDirectory_Passing_InvalidArguments_Returns_HasErrorsAndCount" storage="d:\sferrari\01 - trabajo\repos\netcore\template-netcore-shared\kitpymes.core.shared.tests\bin\debug\netcoreapp3.0\kitpymes.core.shared.tests.dll" id="ee30e1f9-ce80-c70a-1b56-b7e02750ae26">
      <Execution id="c9c3ea95-c0d7-4e1a-b6c0-6c8078f35417" />
      <TestMethod codeBase="D:\SFERRARI\01 - TRABAJO\REPOS\netcore\template-netcore-shared\Kitpymes.Core.Shared.Tests\bin\Debug\netcoreapp3.0\Kitpymes.Core.Shared.Tests.dll" adapterTypeName="executor://mstestadapter/v2" className="Kitpymes.Core.Shared.Tests.CheckTests" name="IsDirectory_Passing_InvalidArguments_Returns_HasErrorsAndCount" />
    </UnitTest>
    <UnitTest name="CreateAndVerifySHA512_Passing_Valid_Arguments_Returns_True" storage="d:\sferrari\01 - trabajo\repos\netcore\template-netcore-shared\kitpymes.core.shared.tests\bin\debug\netcoreapp3.0\kitpymes.core.shared.tests.dll" id="6088101f-62c5-69c8-6751-05523b132d06">
      <Execution id="e937eddf-eeb4-494b-a303-0f19e4f0b030" />
      <TestMethod codeBase="D:\SFERRARI\01 - TRABAJO\REPOS\netcore\template-netcore-shared\Kitpymes.Core.Shared.Tests\bin\Debug\netcoreapp3.0\Kitpymes.Core.Shared.Tests.dll" adapterTypeName="executor://mstestadapter/v2" className="Kitpymes.Core.Shared.Tests.HashTests" name="CreateAndVerifySHA512_Passing_Valid_Arguments_Returns_True" />
    </UnitTest>
    <UnitTest name="ToTryGetHeader_Passing_HttpRequest_Header_Many_Values_Returns_Values" storage="d:\sferrari\01 - trabajo\repos\netcore\template-netcore-shared\kitpymes.core.shared.tests\bin\debug\netcoreapp3.0\kitpymes.core.shared.tests.dll" id="db5f34ff-df7c-44e5-6721-c319db8d6da0">
      <Execution id="9f614825-9697-471c-8230-f828bba6d364" />
      <TestMethod codeBase="D:\SFERRARI\01 - TRABAJO\REPOS\netcore\template-netcore-shared\Kitpymes.Core.Shared.Tests\bin\Debug\netcoreapp3.0\Kitpymes.Core.Shared.Tests.dll" adapterTypeName="executor://mstestadapter/v2" className="Kitpymes.Core.Shared.Tests.HttpRequestExtensionsTests" name="ToTryGetHeader_Passing_HttpRequest_Header_Many_Values_Returns_Values" />
    </UnitTest>
    <UnitTest name="ToIsAuthenticated_Passing_Claims_Returns_True" storage="d:\sferrari\01 - trabajo\repos\netcore\template-netcore-shared\kitpymes.core.shared.tests\bin\debug\netcoreapp3.0\kitpymes.core.shared.tests.dll" id="a75e991f-5e03-3949-85d6-afa1f14455d4">
      <Execution id="9218da31-2001-49a1-96e8-d66737749746" />
      <TestMethod codeBase="D:\SFERRARI\01 - TRABAJO\REPOS\netcore\template-netcore-shared\Kitpymes.Core.Shared.Tests\bin\Debug\netcoreapp3.0\Kitpymes.Core.Shared.Tests.dll" adapterTypeName="executor://mstestadapter/v2" className="Kitpymes.Core.Shared.Tests.ClaimsPrincipalExtensionsTests" name="ToIsAuthenticated_Passing_Claims_Returns_True" />
    </UnitTest>
    <UnitTest name="ToUserName_Passing_Null_ClaimsPrincipal_Returns_ApplicationException" storage="d:\sferrari\01 - trabajo\repos\netcore\template-netcore-shared\kitpymes.core.shared.tests\bin\debug\netcoreapp3.0\kitpymes.core.shared.tests.dll" id="65b9c427-b5ec-99b4-199a-0093cd460501">
      <Execution id="15b43c75-985a-474d-857e-319ee1725620" />
      <TestMethod codeBase="D:\SFERRARI\01 - TRABAJO\REPOS\netcore\template-netcore-shared\Kitpymes.Core.Shared.Tests\bin\Debug\netcoreapp3.0\Kitpymes.Core.Shared.Tests.dll" adapterTypeName="executor://mstestadapter/v2" className="Kitpymes.Core.Shared.Tests.ClaimsPrincipalExtensionsTests" name="ToUserName_Passing_Null_ClaimsPrincipal_Returns_ApplicationException" />
    </UnitTest>
    <UnitTest name="ToUri_Passing_InvalidValueString_Returns_DefaultValue" storage="d:\sferrari\01 - trabajo\repos\netcore\template-netcore-shared\kitpymes.core.shared.tests\bin\debug\netcoreapp3.0\kitpymes.core.shared.tests.dll" id="bc15aa99-72de-0e5a-b6e8-2d654659d591">
      <Execution id="70b6fbce-46cc-446b-9d2e-cb7ffc88f9c1" />
      <TestMethod codeBase="D:\SFERRARI\01 - TRABAJO\REPOS\netcore\template-netcore-shared\Kitpymes.Core.Shared.Tests\bin\Debug\netcoreapp3.0\Kitpymes.Core.Shared.Tests.dll" adapterTypeName="executor://mstestadapter/v2" className="Kitpymes.Core.Shared.Tests.StringExtensionsTests" name="ToUri_Passing_InvalidValueString_Returns_DefaultValue" />
    </UnitTest>
    <UnitTest name="ToRemove_Passing_ValidValue_Returns_ValueWithoutRemovedChars" storage="d:\sferrari\01 - trabajo\repos\netcore\template-netcore-shared\kitpymes.core.shared.tests\bin\debug\netcoreapp3.0\kitpymes.core.shared.tests.dll" id="bb347f18-44ab-0d77-d5bd-a671e4c37650">
      <Execution id="a76bea5a-84fb-413c-afa5-fb8a1e21a3fd" />
      <TestMethod codeBase="D:\SFERRARI\01 - TRABAJO\REPOS\netcore\template-netcore-shared\Kitpymes.Core.Shared.Tests\bin\Debug\netcoreapp3.0\Kitpymes.Core.Shared.Tests.dll" adapterTypeName="executor://mstestadapter/v2" className="Kitpymes.Core.Shared.Tests.StringExtensionsTests" name="ToRemove_Passing_ValidValue_Returns_ValueWithoutRemovedChars" />
    </UnitTest>
    <UnitTest name="IsCustom_Passing_InvalidArguments_Returns_HasErrorsAndCount" storage="d:\sferrari\01 - trabajo\repos\netcore\template-netcore-shared\kitpymes.core.shared.tests\bin\debug\netcoreapp3.0\kitpymes.core.shared.tests.dll" id="772d3145-280a-fb9f-03c2-247d0f593a66">
      <Execution id="7c85235a-a326-4788-b32e-f0a32a1565ce" />
      <TestMethod codeBase="D:\SFERRARI\01 - TRABAJO\REPOS\netcore\template-netcore-shared\Kitpymes.Core.Shared.Tests\bin\Debug\netcoreapp3.0\Kitpymes.Core.Shared.Tests.dll" adapterTypeName="executor://mstestadapter/v2" className="Kitpymes.Core.Shared.Tests.CheckTests" name="IsCustom_Passing_InvalidArguments_Returns_HasErrorsAndCount" />
    </UnitTest>
    <UnitTest name="ToEmailMaskUserNameAndDomainAndExtension_Passing_ValidEmail_Returns_EmailWithMask" storage="d:\sferrari\01 - trabajo\repos\netcore\template-netcore-shared\kitpymes.core.shared.tests\bin\debug\netcoreapp3.0\kitpymes.core.shared.tests.dll" id="1f6423c7-4317-6f5b-c112-f4c9c7e822af">
      <Execution id="5ce1bc13-193c-4a37-8523-8c2d1832478b" />
      <TestMethod codeBase="D:\SFERRARI\01 - TRABAJO\REPOS\netcore\template-netcore-shared\Kitpymes.Core.Shared.Tests\bin\Debug\netcoreapp3.0\Kitpymes.Core.Shared.Tests.dll" adapterTypeName="executor://mstestadapter/v2" className="Kitpymes.Core.Shared.Tests.StringExtensionsTests" name="ToEmailMaskUserNameAndDomainAndExtension_Passing_ValidEmail_Returns_EmailWithMask" />
    </UnitTest>
    <UnitTest name="ToIsSubdomainThrow_Passing_InvalidValue_Returns_ApplicationExceptionWithMessage" storage="d:\sferrari\01 - trabajo\repos\netcore\template-netcore-shared\kitpymes.core.shared.tests\bin\debug\netcoreapp3.0\kitpymes.core.shared.tests.dll" id="d51ea295-e896-101a-6578-05ae772bcbfb">
      <Execution id="9113e045-d0a5-4457-b0d0-f91ea7005dca" />
      <TestMethod codeBase="D:\SFERRARI\01 - TRABAJO\REPOS\netcore\template-netcore-shared\Kitpymes.Core.Shared.Tests\bin\Debug\netcoreapp3.0\Kitpymes.Core.Shared.Tests.dll" adapterTypeName="executor://mstestadapter/v2" className="Kitpymes.Core.Shared.Tests.CheckExtensionsTests" name="ToIsSubdomainThrow_Passing_InvalidValue_Returns_ApplicationExceptionWithMessage" />
    </UnitTest>
    <UnitTest name="ToHashAlgorithmName_Passing_InvalidValueString_Returns_Null" storage="d:\sferrari\01 - trabajo\repos\netcore\template-netcore-shared\kitpymes.core.shared.tests\bin\debug\netcoreapp3.0\kitpymes.core.shared.tests.dll" id="1b969e76-d97c-c639-c377-a41796fbb2c3">
      <Execution id="f914b873-b8f1-4fd9-bfa1-b895bfa3f095" />
      <TestMethod codeBase="D:\SFERRARI\01 - TRABAJO\REPOS\netcore\template-netcore-shared\Kitpymes.Core.Shared.Tests\bin\Debug\netcoreapp3.0\Kitpymes.Core.Shared.Tests.dll" adapterTypeName="executor://mstestadapter/v2" className="Kitpymes.Core.Shared.Tests.StringExtensionsTests" name="ToHashAlgorithmName_Passing_InvalidValueString_Returns_Null" />
    </UnitTest>
    <UnitTest name="ToBytes_Passing_Object_Returns_Bytes" storage="d:\sferrari\01 - trabajo\repos\netcore\template-netcore-shared\kitpymes.core.shared.tests\bin\debug\netcoreapp3.0\kitpymes.core.shared.tests.dll" id="118e36ba-6572-1245-e05b-9bcc7b4e5e20">
      <Execution id="11adde3d-850e-498c-9479-3069197cb13e" />
      <TestMethod codeBase="D:\SFERRARI\01 - TRABAJO\REPOS\netcore\template-netcore-shared\Kitpymes.Core.Shared.Tests\bin\Debug\netcoreapp3.0\Kitpymes.Core.Shared.Tests.dll" adapterTypeName="executor://mstestadapter/v2" className="Kitpymes.Core.Shared.Tests.GenericExtensionsTests" name="ToBytes_Passing_Object_Returns_Bytes" />
    </UnitTest>
    <UnitTest name="ToIsEmailThrow_Passing_InvalidValue_Returns_ApplicationExceptionWithMessage" storage="d:\sferrari\01 - trabajo\repos\netcore\template-netcore-shared\kitpymes.core.shared.tests\bin\debug\netcoreapp3.0\kitpymes.core.shared.tests.dll" id="def94964-1ba4-f78f-2dac-38055bb04256">
      <Execution id="7f46ccff-c0e0-4f7b-a10f-c9f3c376382d" />
      <TestMethod codeBase="D:\SFERRARI\01 - TRABAJO\REPOS\netcore\template-netcore-shared\Kitpymes.Core.Shared.Tests\bin\Debug\netcoreapp3.0\Kitpymes.Core.Shared.Tests.dll" adapterTypeName="executor://mstestadapter/v2" className="Kitpymes.Core.Shared.Tests.CheckExtensionsTests" name="ToIsEmailThrow_Passing_InvalidValue_Returns_ApplicationExceptionWithMessage" />
    </UnitTest>
    <UnitTest name="ToEmailMaskUserNameAndDomain_Passing_ValidEmail_Returns_EmailWithMask" storage="d:\sferrari\01 - trabajo\repos\netcore\template-netcore-shared\kitpymes.core.shared.tests\bin\debug\netcoreapp3.0\kitpymes.core.shared.tests.dll" id="e8138724-52f6-6999-ada4-cbc441f2cd15">
      <Execution id="619b0d48-040a-4aa7-9d9e-9ce50d89e8d8" />
      <TestMethod codeBase="D:\SFERRARI\01 - TRABAJO\REPOS\netcore\template-netcore-shared\Kitpymes.Core.Shared.Tests\bin\Debug\netcoreapp3.0\Kitpymes.Core.Shared.Tests.dll" adapterTypeName="executor://mstestadapter/v2" className="Kitpymes.Core.Shared.Tests.StringExtensionsTests" name="ToEmailMaskUserNameAndDomain_Passing_ValidEmail_Returns_EmailWithMask" />
    </UnitTest>
    <UnitTest name="ToMapClone_Passing_Source_Returns_New_Source_Object" storage="d:\sferrari\01 - trabajo\repos\netcore\template-netcore-shared\kitpymes.core.shared.tests\bin\debug\netcoreapp3.0\kitpymes.core.shared.tests.dll" id="27cc1a96-8264-8762-05bc-aa63ccb155d7">
      <Execution id="f3f12c5b-51a4-403a-95ee-bb08c6c46386" />
      <TestMethod codeBase="D:\SFERRARI\01 - TRABAJO\REPOS\netcore\template-netcore-shared\Kitpymes.Core.Shared.Tests\bin\Debug\netcoreapp3.0\Kitpymes.Core.Shared.Tests.dll" adapterTypeName="executor://mstestadapter/v2" className="Kitpymes.Core.Shared.Tests.AgileMapperExtensionsTests" name="ToMapClone_Passing_Source_Returns_New_Source_Object" />
    </UnitTest>
    <UnitTest name="IsRegexMatch_Passing_InvalidArguments_Returns_HasErrorsAndCount" storage="d:\sferrari\01 - trabajo\repos\netcore\template-netcore-shared\kitpymes.core.shared.tests\bin\debug\netcoreapp3.0\kitpymes.core.shared.tests.dll" id="fe683836-27ec-729e-5fe1-a9c2674a6d87">
      <Execution id="87f4f718-0735-4023-8a36-9ac5dff42464" />
      <TestMethod codeBase="D:\SFERRARI\01 - TRABAJO\REPOS\netcore\template-netcore-shared\Kitpymes.Core.Shared.Tests\bin\Debug\netcoreapp3.0\Kitpymes.Core.Shared.Tests.dll" adapterTypeName="executor://mstestadapter/v2" className="Kitpymes.Core.Shared.Tests.CheckTests" name="IsRegexMatch_Passing_InvalidArguments_Returns_HasErrorsAndCount" />
    </UnitTest>
    <UnitTest name="IsLess_Passing_InvalidArguments_Returns_HasErrorsAndCount" storage="d:\sferrari\01 - trabajo\repos\netcore\template-netcore-shared\kitpymes.core.shared.tests\bin\debug\netcoreapp3.0\kitpymes.core.shared.tests.dll" id="4d9bde6c-668c-a1d3-dc60-edcfc6a4082c">
      <Execution id="0c4403aa-ffdb-45bf-be44-86dec5903a0b" />
      <TestMethod codeBase="D:\SFERRARI\01 - TRABAJO\REPOS\netcore\template-netcore-shared\Kitpymes.Core.Shared.Tests\bin\Debug\netcoreapp3.0\Kitpymes.Core.Shared.Tests.dll" adapterTypeName="executor://mstestadapter/v2" className="Kitpymes.Core.Shared.Tests.CheckTests" name="IsLess_Passing_InvalidArguments_Returns_HasErrorsAndCount" />
    </UnitTest>
    <UnitTest name="ToEmailMask_Passing_ValidEmail_Returns_EmailWithMask" storage="d:\sferrari\01 - trabajo\repos\netcore\template-netcore-shared\kitpymes.core.shared.tests\bin\debug\netcoreapp3.0\kitpymes.core.shared.tests.dll" id="98331ff8-6ed1-e7ba-c8dd-be5bd5b6cb2c">
      <Execution id="8f165a86-571a-4c46-b87a-6fcfec01ffb5" />
      <TestMethod codeBase="D:\SFERRARI\01 - TRABAJO\REPOS\netcore\template-netcore-shared\Kitpymes.Core.Shared.Tests\bin\Debug\netcoreapp3.0\Kitpymes.Core.Shared.Tests.dll" adapterTypeName="executor://mstestadapter/v2" className="Kitpymes.Core.Shared.Tests.StringExtensionsTests" name="ToEmailMask_Passing_ValidEmail_Returns_EmailWithMask" />
    </UnitTest>
    <UnitTest name="ToSubdomain_Passing_HttpRequest_Host_Returns_Subdomain" storage="d:\sferrari\01 - trabajo\repos\netcore\template-netcore-shared\kitpymes.core.shared.tests\bin\debug\netcoreapp3.0\kitpymes.core.shared.tests.dll" id="e9b23f0c-0cde-4603-1739-ee642fd33c36">
      <Execution id="de20fdb5-816a-4edb-8490-5441631eea85" />
      <TestMethod codeBase="D:\SFERRARI\01 - TRABAJO\REPOS\netcore\template-netcore-shared\Kitpymes.Core.Shared.Tests\bin\Debug\netcoreapp3.0\Kitpymes.Core.Shared.Tests.dll" adapterTypeName="executor://mstestadapter/v2" className="Kitpymes.Core.Shared.Tests.HttpRequestExtensionsTests" name="ToSubdomain_Passing_HttpRequest_Host_Returns_Subdomain" />
    </UnitTest>
    <UnitTest name="IsNullOrAny_Passing_InvalidArguments_Returns_HasErrorsAndCount" storage="d:\sferrari\01 - trabajo\repos\netcore\template-netcore-shared\kitpymes.core.shared.tests\bin\debug\netcoreapp3.0\kitpymes.core.shared.tests.dll" id="922c5a5d-5d46-b5de-bcbd-4fac0addd422">
      <Execution id="2acd9c07-e41e-4355-87ff-cca7a91301bb" />
      <TestMethod codeBase="D:\SFERRARI\01 - TRABAJO\REPOS\netcore\template-netcore-shared\Kitpymes.Core.Shared.Tests\bin\Debug\netcoreapp3.0\Kitpymes.Core.Shared.Tests.dll" adapterTypeName="executor://mstestadapter/v2" className="Kitpymes.Core.Shared.Tests.CheckTests" name="IsNullOrAny_Passing_InvalidArguments_Returns_HasErrorsAndCount" />
    </UnitTest>
    <UnitTest name="IsUppercase_Passing_ValidArguments_Returns_HasErrorsAndCount" storage="d:\sferrari\01 - trabajo\repos\netcore\template-netcore-shared\kitpymes.core.shared.tests\bin\debug\netcoreapp3.0\kitpymes.core.shared.tests.dll" id="056700a7-2506-75ed-a80a-ddf2ddb5d2a8">
      <Execution id="5c915be9-4175-42f4-8450-f60df9bd0d24" />
      <TestMethod codeBase="D:\SFERRARI\01 - TRABAJO\REPOS\netcore\template-netcore-shared\Kitpymes.Core.Shared.Tests\bin\Debug\netcoreapp3.0\Kitpymes.Core.Shared.Tests.dll" adapterTypeName="executor://mstestadapter/v2" className="Kitpymes.Core.Shared.Tests.CheckTests" name="IsUppercase_Passing_ValidArguments_Returns_HasErrorsAndCount" />
    </UnitTest>
    <UnitTest name="ToIsLastDayOfTheMonth_Passing_NotLastDayOfMonth_Returns_False" storage="d:\sferrari\01 - trabajo\repos\netcore\template-netcore-shared\kitpymes.core.shared.tests\bin\debug\netcoreapp3.0\kitpymes.core.shared.tests.dll" id="3443f7f5-ee1a-f375-e5b1-f7ffa940c0db">
      <Execution id="cfa45dfa-534d-440e-8fde-fc55a2556856" />
      <TestMethod codeBase="D:\SFERRARI\01 - TRABAJO\REPOS\netcore\template-netcore-shared\Kitpymes.Core.Shared.Tests\bin\Debug\netcoreapp3.0\Kitpymes.Core.Shared.Tests.dll" adapterTypeName="executor://mstestadapter/v2" className="Kitpymes.Core.Shared.Tests.DateTimeExtensionsTests" name="ToIsLastDayOfTheMonth_Passing_NotLastDayOfMonth_Returns_False" />
    </UnitTest>
    <UnitTest name="ToExists_Passing_Valid_Service_Returns_True" storage="d:\sferrari\01 - trabajo\repos\netcore\template-netcore-shared\kitpymes.core.shared.tests\bin\debug\netcoreapp3.0\kitpymes.core.shared.tests.dll" id="64bc1554-814c-3c40-a6b0-679b40b89c36">
      <Execution id="305f5abe-4879-4a79-b5c7-5df8564e36b3" />
      <TestMethod codeBase="D:\SFERRARI\01 - TRABAJO\REPOS\netcore\template-netcore-shared\Kitpymes.Core.Shared.Tests\bin\Debug\netcoreapp3.0\Kitpymes.Core.Shared.Tests.dll" adapterTypeName="executor://mstestadapter/v2" className="Kitpymes.Core.Shared.Tests.ApplicationBuilderExtensionsTests" name="ToExists_Passing_Valid_Service_Returns_True" />
    </UnitTest>
    <UnitTest name="ToList_Passing_ValidEnumType_Returns_ValuesList" storage="d:\sferrari\01 - trabajo\repos\netcore\template-netcore-shared\kitpymes.core.shared.tests\bin\debug\netcoreapp3.0\kitpymes.core.shared.tests.dll" id="a6625fb0-1b80-148b-87dc-9cf616e5e84d">
      <Execution id="c7edf4c4-ee13-43d5-8f0a-06837da6848f" />
      <TestMethod codeBase="D:\SFERRARI\01 - TRABAJO\REPOS\netcore\template-netcore-shared\Kitpymes.Core.Shared.Tests\bin\Debug\netcoreapp3.0\Kitpymes.Core.Shared.Tests.dll" adapterTypeName="executor://mstestadapter/v2" className="Kitpymes.Core.Shared.Tests.EnumsTests" name="ToList_Passing_ValidEnumType_Returns_ValuesList" />
    </UnitTest>
    <UnitTest name="ToZipCreate_Passing_ValidFilesWithCutomZipName_Returns_ZipFiles" storage="d:\sferrari\01 - trabajo\repos\netcore\template-netcore-shared\kitpymes.core.shared.tests\bin\debug\netcoreapp3.0\kitpymes.core.shared.tests.dll" id="b51b5293-5162-7db8-79c0-6e7b6f1c51a5">
      <Execution id="2afdd770-b69f-4d83-bc8d-29c1f8e018be" />
      <TestMethod codeBase="D:\SFERRARI\01 - TRABAJO\REPOS\netcore\template-netcore-shared\Kitpymes.Core.Shared.Tests\bin\Debug\netcoreapp3.0\Kitpymes.Core.Shared.Tests.dll" adapterTypeName="executor://mstestadapter/v2" className="Kitpymes.Core.Shared.Tests.StringExtensionsTests" name="ToZipCreate_Passing_ValidFilesWithCutomZipName_Returns_ZipFiles" />
    </UnitTest>
    <UnitTest name="ToDirectoryDeleteFiles_Passing_ValidValue_Returns_DirectoryNoExists" storage="d:\sferrari\01 - trabajo\repos\netcore\template-netcore-shared\kitpymes.core.shared.tests\bin\debug\netcoreapp3.0\kitpymes.core.shared.tests.dll" id="7f0aeefe-ba4a-5404-c6f8-82be67718cc4">
      <Execution id="707084af-cfec-4909-95fa-3a68b879d89a" />
      <TestMethod codeBase="D:\SFERRARI\01 - TRABAJO\REPOS\netcore\template-netcore-shared\Kitpymes.Core.Shared.Tests\bin\Debug\netcoreapp3.0\Kitpymes.Core.Shared.Tests.dll" adapterTypeName="executor://mstestadapter/v2" className="Kitpymes.Core.Shared.Tests.StringExtensionsTests" name="ToDirectoryDeleteFiles_Passing_ValidValue_Returns_DirectoryNoExists" />
    </UnitTest>
    <UnitTest name="ToAssembly_Passing_ValidValueAssemblyString_Returns_Assembly" storage="d:\sferrari\01 - trabajo\repos\netcore\template-netcore-shared\kitpymes.core.shared.tests\bin\debug\netcoreapp3.0\kitpymes.core.shared.tests.dll" id="3721d3c1-7c03-ad84-143f-64bfeb5b314e">
      <Execution id="ee772b51-813d-4067-bd6d-289adc5b226b" />
      <TestMethod codeBase="D:\SFERRARI\01 - TRABAJO\REPOS\netcore\template-netcore-shared\Kitpymes.Core.Shared.Tests\bin\Debug\netcoreapp3.0\Kitpymes.Core.Shared.Tests.dll" adapterTypeName="executor://mstestadapter/v2" className="Kitpymes.Core.Shared.Tests.StringExtensionsTests" name="ToAssembly_Passing_ValidValueAssemblyString_Returns_Assembly" />
    </UnitTest>
    <UnitTest name="ToSetTime_Passing_Time_Int_Returns_DateTime" storage="d:\sferrari\01 - trabajo\repos\netcore\template-netcore-shared\kitpymes.core.shared.tests\bin\debug\netcoreapp3.0\kitpymes.core.shared.tests.dll" id="1761ee10-7c34-b565-b889-1885bffe91c3">
      <Execution id="3c264aa5-e634-454a-8267-984dedd90715" />
      <TestMethod codeBase="D:\SFERRARI\01 - TRABAJO\REPOS\netcore\template-netcore-shared\Kitpymes.Core.Shared.Tests\bin\Debug\netcoreapp3.0\Kitpymes.Core.Shared.Tests.dll" adapterTypeName="executor://mstestadapter/v2" className="Kitpymes.Core.Shared.Tests.DateTimeExtensionsTests" name="ToSetTime_Passing_Time_Int_Returns_DateTime" />
    </UnitTest>
    <UnitTest name="ToTryContentType_Passing_HttpRequestWithContentType_Value_Returns_ContentType_String_Value" storage="d:\sferrari\01 - trabajo\repos\netcore\template-netcore-shared\kitpymes.core.shared.tests\bin\debug\netcoreapp3.0\kitpymes.core.shared.tests.dll" id="a03675ec-665e-f4d5-4630-89e50dac0bfb">
      <Execution id="389c399c-05e0-472f-b032-d38fb601f37f" />
      <TestMethod codeBase="D:\SFERRARI\01 - TRABAJO\REPOS\netcore\template-netcore-shared\Kitpymes.Core.Shared.Tests\bin\Debug\netcoreapp3.0\Kitpymes.Core.Shared.Tests.dll" adapterTypeName="executor://mstestadapter/v2" className="Kitpymes.Core.Shared.Tests.HttpRequestExtensionsTests" name="ToTryContentType_Passing_HttpRequestWithContentType_Value_Returns_ContentType_String_Value" />
    </UnitTest>
    <UnitTest name="ToInt_Passing_Enumeration_Name_Returns_Value" storage="d:\sferrari\01 - trabajo\repos\netcore\template-netcore-shared\kitpymes.core.shared.tests\bin\debug\netcoreapp3.0\kitpymes.core.shared.tests.dll" id="4e1a5879-f3c8-4fdb-51d0-c4cf0a35e0bf">
      <Execution id="9e438a57-f8b1-45f2-b248-74a0e9aa867f" />
      <TestMethod codeBase="D:\SFERRARI\01 - TRABAJO\REPOS\netcore\template-netcore-shared\Kitpymes.Core.Shared.Tests\bin\Debug\netcoreapp3.0\Kitpymes.Core.Shared.Tests.dll" adapterTypeName="executor://mstestadapter/v2" className="Kitpymes.Core.Shared.Tests.EnumExtensionsTests" name="ToInt_Passing_Enumeration_Name_Returns_Value" />
    </UnitTest>
    <UnitTest name="ToDisplay_Passing_Enumeration_Name_Returns_Display_Atributte" storage="d:\sferrari\01 - trabajo\repos\netcore\template-netcore-shared\kitpymes.core.shared.tests\bin\debug\netcoreapp3.0\kitpymes.core.shared.tests.dll" id="d6d04f4a-9142-b816-d673-c4abf49a39ad">
      <Execution id="8cf62913-0571-4105-b6d1-6f75391f0ade" />
      <TestMethod codeBase="D:\SFERRARI\01 - TRABAJO\REPOS\netcore\template-netcore-shared\Kitpymes.Core.Shared.Tests\bin\Debug\netcoreapp3.0\Kitpymes.Core.Shared.Tests.dll" adapterTypeName="executor://mstestadapter/v2" className="Kitpymes.Core.Shared.Tests.EnumExtensionsTests" name="ToDisplay_Passing_Enumeration_Name_Returns_Display_Atributte" />
    </UnitTest>
    <UnitTest name="IsDigit_Passing_InvalidArguments_Returns_HasErrorsAndCount" storage="d:\sferrari\01 - trabajo\repos\netcore\template-netcore-shared\kitpymes.core.shared.tests\bin\debug\netcoreapp3.0\kitpymes.core.shared.tests.dll" id="f2d267b8-d5a7-6c91-de6d-813182908c7f">
      <Execution id="efe97adc-998b-4704-a9c7-de13acce7011" />
      <TestMethod codeBase="D:\SFERRARI\01 - TRABAJO\REPOS\netcore\template-netcore-shared\Kitpymes.Core.Shared.Tests\bin\Debug\netcoreapp3.0\Kitpymes.Core.Shared.Tests.dll" adapterTypeName="executor://mstestadapter/v2" className="Kitpymes.Core.Shared.Tests.CheckTests" name="IsDigit_Passing_InvalidArguments_Returns_HasErrorsAndCount" />
    </UnitTest>
    <UnitTest name="ToSerialize_Passing_Objects_Returns_String_Values" storage="d:\sferrari\01 - trabajo\repos\netcore\template-netcore-shared\kitpymes.core.shared.tests\bin\debug\netcoreapp3.0\kitpymes.core.shared.tests.dll" id="87c5dbd3-fd2a-1e49-42e5-8dc78affc8d6">
      <Execution id="a8b5885d-9248-4838-8f3b-cb4921714b58" />
      <TestMethod codeBase="D:\SFERRARI\01 - TRABAJO\REPOS\netcore\template-netcore-shared\Kitpymes.Core.Shared.Tests\bin\Debug\netcoreapp3.0\Kitpymes.Core.Shared.Tests.dll" adapterTypeName="executor://mstestadapter/v2" className="Kitpymes.Core.Shared.Tests.JsonExtensionsTests" name="ToSerialize_Passing_Objects_Returns_String_Values" />
    </UnitTest>
    <UnitTest name="ToZipExtract_Passing_ValidArchive_Returns_Files" storage="d:\sferrari\01 - trabajo\repos\netcore\template-netcore-shared\kitpymes.core.shared.tests\bin\debug\netcoreapp3.0\kitpymes.core.shared.tests.dll" id="967da852-80aa-48c8-4fdf-7229c80964ce">
      <Execution id="f7a03169-4183-4164-945f-c70d910ecb2b" />
      <TestMethod codeBase="D:\SFERRARI\01 - TRABAJO\REPOS\netcore\template-netcore-shared\Kitpymes.Core.Shared.Tests\bin\Debug\netcoreapp3.0\Kitpymes.Core.Shared.Tests.dll" adapterTypeName="executor://mstestadapter/v2" className="Kitpymes.Core.Shared.Tests.StringExtensionsTests" name="ToZipExtract_Passing_ValidArchive_Returns_Files" />
    </UnitTest>
    <UnitTest name="IsSubdomain_Passing_InvalidArguments_Returns_HasErrorsAndCount" storage="d:\sferrari\01 - trabajo\repos\netcore\template-netcore-shared\kitpymes.core.shared.tests\bin\debug\netcoreapp3.0\kitpymes.core.shared.tests.dll" id="f2debf4a-2a42-7b0b-1005-8f74a6fc63cb">
      <Execution id="c54093f4-2779-4917-9ab0-e42c218e821e" />
      <TestMethod codeBase="D:\SFERRARI\01 - TRABAJO\REPOS\netcore\template-netcore-shared\Kitpymes.Core.Shared.Tests\bin\Debug\netcoreapp3.0\Kitpymes.Core.Shared.Tests.dll" adapterTypeName="executor://mstestadapter/v2" className="Kitpymes.Core.Shared.Tests.CheckTests" name="IsSubdomain_Passing_InvalidArguments_Returns_HasErrorsAndCount" />
    </UnitTest>
    <UnitTest name="ToIsFileExtensionThrow_Passing_InvalidValue_Returns_ApplicationExceptionWithMessage" storage="d:\sferrari\01 - trabajo\repos\netcore\template-netcore-shared\kitpymes.core.shared.tests\bin\debug\netcoreapp3.0\kitpymes.core.shared.tests.dll" id="43949294-e4b7-cf4d-0d69-84ccc9e58406">
      <Execution id="c63aa911-6076-48ed-a6e1-3892eed5b52e" />
      <TestMethod codeBase="D:\SFERRARI\01 - TRABAJO\REPOS\netcore\template-netcore-shared\Kitpymes.Core.Shared.Tests\bin\Debug\netcoreapp3.0\Kitpymes.Core.Shared.Tests.dll" adapterTypeName="executor://mstestadapter/v2" className="Kitpymes.Core.Shared.Tests.CheckExtensionsTests" name="ToIsFileExtensionThrow_Passing_InvalidValue_Returns_ApplicationExceptionWithMessage" />
    </UnitTest>
    <UnitTest name="ToConfiguration_Passing_Valid_DirectoryPath_Valid_JsonFileName_Returns_Ok" storage="d:\sferrari\01 - trabajo\repos\netcore\template-netcore-shared\kitpymes.core.shared.tests\bin\debug\netcoreapp3.0\kitpymes.core.shared.tests.dll" id="9064672f-1220-7bc0-f2b0-c66c74cccc5e">
      <Execution id="9fab36bc-3b9d-4b80-b8ac-20be2fed26bc" />
      <TestMethod codeBase="D:\SFERRARI\01 - TRABAJO\REPOS\netcore\template-netcore-shared\Kitpymes.Core.Shared.Tests\bin\Debug\netcoreapp3.0\Kitpymes.Core.Shared.Tests.dll" adapterTypeName="executor://mstestadapter/v2" className="Kitpymes.Core.Shared.Tests.ConfigurationBuilderExtensionsTests" name="ToConfiguration_Passing_Valid_DirectoryPath_Valid_JsonFileName_Returns_Ok" />
    </UnitTest>
    <UnitTest name="IsDomain_Passing_InvalidArguments_Returns_HasErrorsAndCount" storage="d:\sferrari\01 - trabajo\repos\netcore\template-netcore-shared\kitpymes.core.shared.tests\bin\debug\netcoreapp3.0\kitpymes.core.shared.tests.dll" id="3bd7277d-4ad0-51ee-d24c-53176ec3cc7f">
      <Execution id="078daf73-f1ab-436a-99aa-b72355da2990" />
      <TestMethod codeBase="D:\SFERRARI\01 - TRABAJO\REPOS\netcore\template-netcore-shared\Kitpymes.Core.Shared.Tests\bin\Debug\netcoreapp3.0\Kitpymes.Core.Shared.Tests.dll" adapterTypeName="executor://mstestadapter/v2" className="Kitpymes.Core.Shared.Tests.CheckTests" name="IsDomain_Passing_InvalidArguments_Returns_HasErrorsAndCount" />
    </UnitTest>
    <UnitTest name="ToIsNullOrEmptyThrow_Passing_InvalidValue_Returns_ApplicationExceptionWithMessage" storage="d:\sferrari\01 - trabajo\repos\netcore\template-netcore-shared\kitpymes.core.shared.tests\bin\debug\netcoreapp3.0\kitpymes.core.shared.tests.dll" id="580ff04a-e5c0-9f2f-90c3-4f2aeafd15c5">
      <Execution id="3639ce1f-7acf-404c-a7cc-dcecc0d8331a" />
      <TestMethod codeBase="D:\SFERRARI\01 - TRABAJO\REPOS\netcore\template-netcore-shared\Kitpymes.Core.Shared.Tests\bin\Debug\netcoreapp3.0\Kitpymes.Core.Shared.Tests.dll" adapterTypeName="executor://mstestadapter/v2" className="Kitpymes.Core.Shared.Tests.CheckExtensionsTests" name="ToIsNullOrEmptyThrow_Passing_InvalidValue_Returns_ApplicationExceptionWithMessage" />
    </UnitTest>
    <UnitTest name="ToPath_Passing_HttpRequest_Scheme_Host_Path_Returns_Url" storage="d:\sferrari\01 - trabajo\repos\netcore\template-netcore-shared\kitpymes.core.shared.tests\bin\debug\netcoreapp3.0\kitpymes.core.shared.tests.dll" id="5385d994-9594-6052-11cb-73f8d2344981">
      <Execution id="205ca7d6-10fe-4607-b8f7-0d7059c82740" />
      <TestMethod codeBase="D:\SFERRARI\01 - TRABAJO\REPOS\netcore\template-netcore-shared\Kitpymes.Core.Shared.Tests\bin\Debug\netcoreapp3.0\Kitpymes.Core.Shared.Tests.dll" adapterTypeName="executor://mstestadapter/v2" className="Kitpymes.Core.Shared.Tests.HttpRequestExtensionsTests" name="ToPath_Passing_HttpRequest_Scheme_Host_Path_Returns_Url" />
    </UnitTest>
    <UnitTest name="ToIsDirectoryThrow_Passing_InvalidValue_Returns_ApplicationExceptionWithMessage" storage="d:\sferrari\01 - trabajo\repos\netcore\template-netcore-shared\kitpymes.core.shared.tests\bin\debug\netcoreapp3.0\kitpymes.core.shared.tests.dll" id="9e36eef1-cde7-a509-c95d-2249b6b02dbb">
      <Execution id="2b50d93d-8ae3-4902-a49d-cd9d6bb50970" />
      <TestMethod codeBase="D:\SFERRARI\01 - TRABAJO\REPOS\netcore\template-netcore-shared\Kitpymes.Core.Shared.Tests\bin\Debug\netcoreapp3.0\Kitpymes.Core.Shared.Tests.dll" adapterTypeName="executor://mstestadapter/v2" className="Kitpymes.Core.Shared.Tests.CheckExtensionsTests" name="ToIsDirectoryThrow_Passing_InvalidValue_Returns_ApplicationExceptionWithMessage" />
    </UnitTest>
    <UnitTest name="ToService_Passing_Service_Not_Found_Returns_Null" storage="d:\sferrari\01 - trabajo\repos\netcore\template-netcore-shared\kitpymes.core.shared.tests\bin\debug\netcoreapp3.0\kitpymes.core.shared.tests.dll" id="3f0bf65d-a3af-41bf-ac79-126a0efc4fd4">
      <Execution id="67517233-82db-431e-a1c3-5e04b430df20" />
      <TestMethod codeBase="D:\SFERRARI\01 - TRABAJO\REPOS\netcore\template-netcore-shared\Kitpymes.Core.Shared.Tests\bin\Debug\netcoreapp3.0\Kitpymes.Core.Shared.Tests.dll" adapterTypeName="executor://mstestadapter/v2" className="Kitpymes.Core.Shared.Tests.ApplicationBuilderExtensionsTests" name="ToService_Passing_Service_Not_Found_Returns_Null" />
    </UnitTest>
    <UnitTest name="ToGetAll_Passing_Claims_Returns_Claim_Value_Object_List" storage="d:\sferrari\01 - trabajo\repos\netcore\template-netcore-shared\kitpymes.core.shared.tests\bin\debug\netcoreapp3.0\kitpymes.core.shared.tests.dll" id="2e87c537-4979-f58b-6e83-f3d4ee161ff1">
      <Execution id="49d8fbf7-6791-4c8b-9b67-54a01874930d" />
      <TestMethod codeBase="D:\SFERRARI\01 - TRABAJO\REPOS\netcore\template-netcore-shared\Kitpymes.Core.Shared.Tests\bin\Debug\netcoreapp3.0\Kitpymes.Core.Shared.Tests.dll" adapterTypeName="executor://mstestadapter/v2" className="Kitpymes.Core.Shared.Tests.ClaimsPrincipalExtensionsTests" name="ToGetAll_Passing_Claims_Returns_Claim_Value_Object_List" />
    </UnitTest>
    <UnitTest name="ToPaged_Passing_Name_Descending_Order_Returns_Filter_List" storage="d:\sferrari\01 - trabajo\repos\netcore\template-netcore-shared\kitpymes.core.shared.tests\bin\debug\netcoreapp3.0\kitpymes.core.shared.tests.dll" id="0b00f09d-f7e4-fb1e-68ad-8102cf6143e0">
      <Execution id="43aa63e3-e32f-4d18-b753-1d2c59c2b666" />
      <TestMethod codeBase="D:\SFERRARI\01 - TRABAJO\REPOS\netcore\template-netcore-shared\Kitpymes.Core.Shared.Tests\bin\Debug\netcoreapp3.0\Kitpymes.Core.Shared.Tests.dll" adapterTypeName="executor://mstestadapter/v2" className="Kitpymes.Core.Shared.Tests.QueryableExtensionsTests" name="ToPaged_Passing_Name_Descending_Order_Returns_Filter_List" />
    </UnitTest>
    <UnitTest name="ToList_Passing_ValidEnumTypeWithResourceType_Returns_ValuesList" storage="d:\sferrari\01 - trabajo\repos\netcore\template-netcore-shared\kitpymes.core.shared.tests\bin\debug\netcoreapp3.0\kitpymes.core.shared.tests.dll" id="aaa46586-7b83-9a88-e835-ae92592f98a3">
      <Execution id="df39ac53-f11c-4493-a499-d52720037a78" />
      <TestMethod codeBase="D:\SFERRARI\01 - TRABAJO\REPOS\netcore\template-netcore-shared\Kitpymes.Core.Shared.Tests\bin\Debug\netcoreapp3.0\Kitpymes.Core.Shared.Tests.dll" adapterTypeName="executor://mstestadapter/v2" className="Kitpymes.Core.Shared.Tests.EnumsTests" name="ToList_Passing_ValidEnumTypeWithResourceType_Returns_ValuesList" />
    </UnitTest>
    <UnitTest name="ToDirectoryFindFilePath_Passing_ValidValue_Returns_FilePath" storage="d:\sferrari\01 - trabajo\repos\netcore\template-netcore-shared\kitpymes.core.shared.tests\bin\debug\netcoreapp3.0\kitpymes.core.shared.tests.dll" id="04cb4b72-edc8-fe06-49e1-217ed503eff8">
      <Execution id="61176bd7-dcb6-4068-86bf-4f052faae0d7" />
      <TestMethod codeBase="D:\SFERRARI\01 - TRABAJO\REPOS\netcore\template-netcore-shared\Kitpymes.Core.Shared.Tests\bin\Debug\netcoreapp3.0\Kitpymes.Core.Shared.Tests.dll" adapterTypeName="executor://mstestadapter/v2" className="Kitpymes.Core.Shared.Tests.StringExtensionsTests" name="ToDirectoryFindFilePath_Passing_ValidValue_Returns_FilePath" />
    </UnitTest>
    <UnitTest name="CreateAndVerifySHA256_Passing_Valid_Arguments_Returns_True" storage="d:\sferrari\01 - trabajo\repos\netcore\template-netcore-shared\kitpymes.core.shared.tests\bin\debug\netcoreapp3.0\kitpymes.core.shared.tests.dll" id="cf950ab2-9fe4-ec30-43b4-2f3a99b5167d">
      <Execution id="e2f3c2af-2c9b-448f-95ff-6bca76595138" />
      <TestMethod codeBase="D:\SFERRARI\01 - TRABAJO\REPOS\netcore\template-netcore-shared\Kitpymes.Core.Shared.Tests\bin\Debug\netcoreapp3.0\Kitpymes.Core.Shared.Tests.dll" adapterTypeName="executor://mstestadapter/v2" className="Kitpymes.Core.Shared.Tests.HashTests" name="CreateAndVerifySHA256_Passing_Valid_Arguments_Returns_True" />
    </UnitTest>
    <UnitTest name="ToDefaultValue_Passing_ushort_Returns_Cero" storage="d:\sferrari\01 - trabajo\repos\netcore\template-netcore-shared\kitpymes.core.shared.tests\bin\debug\netcoreapp3.0\kitpymes.core.shared.tests.dll" id="47f3e733-f069-b79f-9f6d-7c11fc368663">
      <Execution id="94723da4-c624-423d-94b7-a66fc3ab5f89" />
      <TestMethod codeBase="D:\SFERRARI\01 - TRABAJO\REPOS\netcore\template-netcore-shared\Kitpymes.Core.Shared.Tests\bin\Debug\netcoreapp3.0\Kitpymes.Core.Shared.Tests.dll" adapterTypeName="executor://mstestadapter/v2" className="Kitpymes.Core.Shared.Tests.GenericExtensionsTests" name="ToDefaultValue_Passing_ushort_Returns_Cero" />
    </UnitTest>
    <UnitTest name="ToEndOfTheMonth_Passing_DateTime_Returns_End_Of_Month_DateTime" storage="d:\sferrari\01 - trabajo\repos\netcore\template-netcore-shared\kitpymes.core.shared.tests\bin\debug\netcoreapp3.0\kitpymes.core.shared.tests.dll" id="a4956cd8-34a7-6fca-5b71-6eb98cedd9b0">
      <Execution id="a1883d0b-1736-4d45-9644-d4150ae16766" />
      <TestMethod codeBase="D:\SFERRARI\01 - TRABAJO\REPOS\netcore\template-netcore-shared\Kitpymes.Core.Shared.Tests\bin\Debug\netcoreapp3.0\Kitpymes.Core.Shared.Tests.dll" adapterTypeName="executor://mstestadapter/v2" className="Kitpymes.Core.Shared.Tests.DateTimeExtensionsTests" name="ToEndOfTheMonth_Passing_DateTime_Returns_End_Of_Month_DateTime" />
    </UnitTest>
    <UnitTest name="ToYesterday_Passing_DateTime_Returns_Yesterday_DateTime" storage="d:\sferrari\01 - trabajo\repos\netcore\template-netcore-shared\kitpymes.core.shared.tests\bin\debug\netcoreapp3.0\kitpymes.core.shared.tests.dll" id="33545399-79af-5e7f-5179-57fe5645f4be">
      <Execution id="16214547-ab4b-4ef4-8eb7-7aa7ce5c4aa6" />
      <TestMethod codeBase="D:\SFERRARI\01 - TRABAJO\REPOS\netcore\template-netcore-shared\Kitpymes.Core.Shared.Tests\bin\Debug\netcoreapp3.0\Kitpymes.Core.Shared.Tests.dll" adapterTypeName="executor://mstestadapter/v2" className="Kitpymes.Core.Shared.Tests.DateTimeExtensionsTests" name="ToYesterday_Passing_DateTime_Returns_Yesterday_DateTime" />
    </UnitTest>
    <UnitTest name="ToIsWeekend_Passing_Sunday_DateTime_Returns_True" storage="d:\sferrari\01 - trabajo\repos\netcore\template-netcore-shared\kitpymes.core.shared.tests\bin\debug\netcoreapp3.0\kitpymes.core.shared.tests.dll" id="c8fd6d3c-b723-929b-f175-dbdc2a7be855">
      <Execution id="a14e5322-a524-48e9-89cd-d088eb3da260" />
      <TestMethod codeBase="D:\SFERRARI\01 - TRABAJO\REPOS\netcore\template-netcore-shared\Kitpymes.Core.Shared.Tests\bin\Debug\netcoreapp3.0\Kitpymes.Core.Shared.Tests.dll" adapterTypeName="executor://mstestadapter/v2" className="Kitpymes.Core.Shared.Tests.DateTimeExtensionsTests" name="ToIsWeekend_Passing_Sunday_DateTime_Returns_True" />
    </UnitTest>
    <UnitTest name="ToHasErrors_Passing_InvalidValue_Returns_ApplicationExceptionWithMessage" storage="d:\sferrari\01 - trabajo\repos\netcore\template-netcore-shared\kitpymes.core.shared.tests\bin\debug\netcoreapp3.0\kitpymes.core.shared.tests.dll" id="1340b308-d9eb-a26e-e042-04d6c1d9a958">
      <Execution id="98a64463-f80d-406c-9a59-83a92b159ccb" />
      <TestMethod codeBase="D:\SFERRARI\01 - TRABAJO\REPOS\netcore\template-netcore-shared\Kitpymes.Core.Shared.Tests\bin\Debug\netcoreapp3.0\Kitpymes.Core.Shared.Tests.dll" adapterTypeName="executor://mstestadapter/v2" className="Kitpymes.Core.Shared.Tests.CheckExtensionsTests" name="ToHasErrors_Passing_InvalidValue_Returns_ApplicationExceptionWithMessage" />
    </UnitTest>
    <UnitTest name="ToAttribute_Passing_Enumeration_Name_Returns_Atributte" storage="d:\sferrari\01 - trabajo\repos\netcore\template-netcore-shared\kitpymes.core.shared.tests\bin\debug\netcoreapp3.0\kitpymes.core.shared.tests.dll" id="320700ce-aa3b-5818-fb18-706cf7605472">
      <Execution id="4ba3563b-6ff9-4b57-854a-5c58ba0b4279" />
      <TestMethod codeBase="D:\SFERRARI\01 - TRABAJO\REPOS\netcore\template-netcore-shared\Kitpymes.Core.Shared.Tests\bin\Debug\netcoreapp3.0\Kitpymes.Core.Shared.Tests.dll" adapterTypeName="executor://mstestadapter/v2" className="Kitpymes.Core.Shared.Tests.EnumExtensionsTests" name="ToAttribute_Passing_Enumeration_Name_Returns_Atributte" />
    </UnitTest>
    <UnitTest name="IsName_Passing_InvalidArguments_Returns_HasErrorsAndCount" storage="d:\sferrari\01 - trabajo\repos\netcore\template-netcore-shared\kitpymes.core.shared.tests\bin\debug\netcoreapp3.0\kitpymes.core.shared.tests.dll" id="9eeef095-29ed-4872-a36c-ca4832350421">
      <Execution id="d0d99ed1-c090-46d6-83ca-5bb936d99a97" />
      <TestMethod codeBase="D:\SFERRARI\01 - TRABAJO\REPOS\netcore\template-netcore-shared\Kitpymes.Core.Shared.Tests\bin\Debug\netcoreapp3.0\Kitpymes.Core.Shared.Tests.dll" adapterTypeName="executor://mstestadapter/v2" className="Kitpymes.Core.Shared.Tests.CheckTests" name="IsName_Passing_InvalidArguments_Returns_HasErrorsAndCount" />
    </UnitTest>
    <UnitTest name="ToCompress_Passing_Object_Bytes_Returns_Object" storage="d:\sferrari\01 - trabajo\repos\netcore\template-netcore-shared\kitpymes.core.shared.tests\bin\debug\netcoreapp3.0\kitpymes.core.shared.tests.dll" id="8a110a46-40a4-c9bb-083e-1c3fcb5b45b7">
      <Execution id="464f9cdc-2772-4de0-bb2a-13d5594955b2" />
      <TestMethod codeBase="D:\SFERRARI\01 - TRABAJO\REPOS\netcore\template-netcore-shared\Kitpymes.Core.Shared.Tests\bin\Debug\netcoreapp3.0\Kitpymes.Core.Shared.Tests.dll" adapterTypeName="executor://mstestadapter/v2" className="Kitpymes.Core.Shared.Tests.BytesExtensionsTests" name="ToCompress_Passing_Object_Bytes_Returns_Object" />
    </UnitTest>
    <UnitTest name="ToDefaultValue_Passing_ValidBoolean_Returns_DefaultValue" storage="d:\sferrari\01 - trabajo\repos\netcore\template-netcore-shared\kitpymes.core.shared.tests\bin\debug\netcoreapp3.0\kitpymes.core.shared.tests.dll" id="a95f665c-aa8d-208d-902c-60a464250c99">
      <Execution id="cf2dfce7-c021-4002-90a1-59f1a63e63e3" />
      <TestMethod codeBase="D:\SFERRARI\01 - TRABAJO\REPOS\netcore\template-netcore-shared\Kitpymes.Core.Shared.Tests\bin\Debug\netcoreapp3.0\Kitpymes.Core.Shared.Tests.dll" adapterTypeName="executor://mstestadapter/v2" className="Kitpymes.Core.Shared.Tests.TypeExtensionsTests" name="ToDefaultValue_Passing_ValidBoolean_Returns_DefaultValue" />
    </UnitTest>
    <UnitTest name="IsNullOrEmpty_Passing_InvalidArguments_Returns_HasErrorsAndCount" storage="d:\sferrari\01 - trabajo\repos\netcore\template-netcore-shared\kitpymes.core.shared.tests\bin\debug\netcoreapp3.0\kitpymes.core.shared.tests.dll" id="801afd1a-5f3d-0d0c-471a-96452bf5bc35">
      <Execution id="fad980c6-924f-49bd-b70f-42279839a9f7" />
      <TestMethod codeBase="D:\SFERRARI\01 - TRABAJO\REPOS\netcore\template-netcore-shared\Kitpymes.Core.Shared.Tests\bin\Debug\netcoreapp3.0\Kitpymes.Core.Shared.Tests.dll" adapterTypeName="executor://mstestadapter/v2" className="Kitpymes.Core.Shared.Tests.CheckTests" name="IsNullOrEmpty_Passing_InvalidArguments_Returns_HasErrorsAndCount" />
    </UnitTest>
    <UnitTest name="ToPaged_Passing_Name_Ascending_Order_Returns_Filter_List" storage="d:\sferrari\01 - trabajo\repos\netcore\template-netcore-shared\kitpymes.core.shared.tests\bin\debug\netcoreapp3.0\kitpymes.core.shared.tests.dll" id="6fc389b2-a5f3-ded0-63b6-7e1b4cca8442">
      <Execution id="4cf31ed8-9e1d-467c-afb2-94a1df144cf6" />
      <TestMethod codeBase="D:\SFERRARI\01 - TRABAJO\REPOS\netcore\template-netcore-shared\Kitpymes.Core.Shared.Tests\bin\Debug\netcoreapp3.0\Kitpymes.Core.Shared.Tests.dll" adapterTypeName="executor://mstestadapter/v2" className="Kitpymes.Core.Shared.Tests.QueryableExtensionsTests" name="ToPaged_Passing_Name_Ascending_Order_Returns_Filter_List" />
    </UnitTest>
    <UnitTest name="ToFirstLetterLower_Passing_ValidValue_Returns_StringWithFirstLetterLower" storage="d:\sferrari\01 - trabajo\repos\netcore\template-netcore-shared\kitpymes.core.shared.tests\bin\debug\netcoreapp3.0\kitpymes.core.shared.tests.dll" id="4315ebd1-3e2a-edf0-9de6-c78f08760fe3">
      <Execution id="ae8ba36e-c86e-4b48-97a0-269dc8517d08" />
      <TestMethod codeBase="D:\SFERRARI\01 - TRABAJO\REPOS\netcore\template-netcore-shared\Kitpymes.Core.Shared.Tests\bin\Debug\netcoreapp3.0\Kitpymes.Core.Shared.Tests.dll" adapterTypeName="executor://mstestadapter/v2" className="Kitpymes.Core.Shared.Tests.StringExtensionsTests" name="ToFirstLetterLower_Passing_ValidValue_Returns_StringWithFirstLetterLower" />
    </UnitTest>
    <UnitTest name="ToDirectoryFileInfo_Passing_ValidValue_Returns_FileInfo" storage="d:\sferrari\01 - trabajo\repos\netcore\template-netcore-shared\kitpymes.core.shared.tests\bin\debug\netcoreapp3.0\kitpymes.core.shared.tests.dll" id="7daaba64-d3ad-9109-43bf-bdb516b673b8">
      <Execution id="3d73dfc4-d17b-4cb1-9a51-d4c1c929ad2b" />
      <TestMethod codeBase="D:\SFERRARI\01 - TRABAJO\REPOS\netcore\template-netcore-shared\Kitpymes.Core.Shared.Tests\bin\Debug\netcoreapp3.0\Kitpymes.Core.Shared.Tests.dll" adapterTypeName="executor://mstestadapter/v2" className="Kitpymes.Core.Shared.Tests.StringExtensionsTests" name="ToDirectoryFileInfo_Passing_ValidValue_Returns_FileInfo" />
    </UnitTest>
    <UnitTest name="ToDefaultValue_Passing_ValidStruct_Returns_DefaultValue" storage="d:\sferrari\01 - trabajo\repos\netcore\template-netcore-shared\kitpymes.core.shared.tests\bin\debug\netcoreapp3.0\kitpymes.core.shared.tests.dll" id="ffa669f9-8e25-a33b-f8f7-c3ba4a576a2b">
      <Execution id="8a0b21c9-1310-4410-91c0-fc3b00e21945" />
      <TestMethod codeBase="D:\SFERRARI\01 - TRABAJO\REPOS\netcore\template-netcore-shared\Kitpymes.Core.Shared.Tests\bin\Debug\netcoreapp3.0\Kitpymes.Core.Shared.Tests.dll" adapterTypeName="executor://mstestadapter/v2" className="Kitpymes.Core.Shared.Tests.TypeExtensionsTests" name="ToDefaultValue_Passing_ValidStruct_Returns_DefaultValue" />
    </UnitTest>
    <UnitTest name="ToEnum_Passing_InvalidValueInt_Returns_EnumCustomValue" storage="d:\sferrari\01 - trabajo\repos\netcore\template-netcore-shared\kitpymes.core.shared.tests\bin\debug\netcoreapp3.0\kitpymes.core.shared.tests.dll" id="1064d8aa-5d0e-6bf5-83ee-952a4d1fd93b">
      <Execution id="2ef97fac-5784-4f35-a3e8-fc32501c5c55" />
      <TestMethod codeBase="D:\SFERRARI\01 - TRABAJO\REPOS\netcore\template-netcore-shared\Kitpymes.Core.Shared.Tests\bin\Debug\netcoreapp3.0\Kitpymes.Core.Shared.Tests.dll" adapterTypeName="executor://mstestadapter/v2" className="Kitpymes.Core.Shared.Tests.StringExtensionsTests" name="ToEnum_Passing_InvalidValueInt_Returns_EnumCustomValue" />
    </UnitTest>
    <UnitTest name="ToZipCreate_Passing_ValidFiles_Returns_ZipFiles" storage="d:\sferrari\01 - trabajo\repos\netcore\template-netcore-shared\kitpymes.core.shared.tests\bin\debug\netcoreapp3.0\kitpymes.core.shared.tests.dll" id="c14c626b-0f15-ac55-344d-8aa2c3f91cdf">
      <Execution id="480f8d14-e9ae-41f9-95c4-5005d46f4f0d" />
      <TestMethod codeBase="D:\SFERRARI\01 - TRABAJO\REPOS\netcore\template-netcore-shared\Kitpymes.Core.Shared.Tests\bin\Debug\netcoreapp3.0\Kitpymes.Core.Shared.Tests.dll" adapterTypeName="executor://mstestadapter/v2" className="Kitpymes.Core.Shared.Tests.StringExtensionsTests" name="ToZipCreate_Passing_ValidFiles_Returns_ZipFiles" />
    </UnitTest>
    <UnitTest name="ToEnum_Passing_ValidValueInt_Returns_EnumValue" storage="d:\sferrari\01 - trabajo\repos\netcore\template-netcore-shared\kitpymes.core.shared.tests\bin\debug\netcoreapp3.0\kitpymes.core.shared.tests.dll" id="96f263a8-e1d9-0070-21ba-583144d2d030">
      <Execution id="40ff5cc2-33e5-47df-808a-e2a672cf8871" />
      <TestMethod codeBase="D:\SFERRARI\01 - TRABAJO\REPOS\netcore\template-netcore-shared\Kitpymes.Core.Shared.Tests\bin\Debug\netcoreapp3.0\Kitpymes.Core.Shared.Tests.dll" adapterTypeName="executor://mstestadapter/v2" className="Kitpymes.Core.Shared.Tests.StringExtensionsTests" name="ToEnum_Passing_ValidValueInt_Returns_EnumValue" />
    </UnitTest>
    <UnitTest name="ToDeserialize_Passing_String_Returns_Object" storage="d:\sferrari\01 - trabajo\repos\netcore\template-netcore-shared\kitpymes.core.shared.tests\bin\debug\netcoreapp3.0\kitpymes.core.shared.tests.dll" id="678a7b5d-e2f9-09be-f35f-0e3e4d5ad033">
      <Execution id="28037015-ec81-4560-a1eb-693077b5d1ff" />
      <TestMethod codeBase="D:\SFERRARI\01 - TRABAJO\REPOS\netcore\template-netcore-shared\Kitpymes.Core.Shared.Tests\bin\Debug\netcoreapp3.0\Kitpymes.Core.Shared.Tests.dll" adapterTypeName="executor://mstestadapter/v2" className="Kitpymes.Core.Shared.Tests.JsonExtensionsTests" name="ToDeserialize_Passing_String_Returns_Object" />
    </UnitTest>
    <UnitTest name="ToDefaultValue_Passing_ulong_Returns_Cero" storage="d:\sferrari\01 - trabajo\repos\netcore\template-netcore-shared\kitpymes.core.shared.tests\bin\debug\netcoreapp3.0\kitpymes.core.shared.tests.dll" id="aeb559a5-c285-7ab9-baee-1cb152d1742f">
      <Execution id="48c89cda-db96-4f29-a49f-d5858e052455" />
      <TestMethod codeBase="D:\SFERRARI\01 - TRABAJO\REPOS\netcore\template-netcore-shared\Kitpymes.Core.Shared.Tests\bin\Debug\netcoreapp3.0\Kitpymes.Core.Shared.Tests.dll" adapterTypeName="executor://mstestadapter/v2" className="Kitpymes.Core.Shared.Tests.GenericExtensionsTests" name="ToDefaultValue_Passing_ulong_Returns_Cero" />
    </UnitTest>
    <UnitTest name="ToGet_Passing_Claims_Returns_Claim_Value_Int" storage="d:\sferrari\01 - trabajo\repos\netcore\template-netcore-shared\kitpymes.core.shared.tests\bin\debug\netcoreapp3.0\kitpymes.core.shared.tests.dll" id="209cbba1-d5fa-4810-2cb6-ee92ce2e109d">
      <Execution id="c0a82cb0-f258-4c79-9b73-2ddffa607380" />
      <TestMethod codeBase="D:\SFERRARI\01 - TRABAJO\REPOS\netcore\template-netcore-shared\Kitpymes.Core.Shared.Tests\bin\Debug\netcoreapp3.0\Kitpymes.Core.Shared.Tests.dll" adapterTypeName="executor://mstestadapter/v2" className="Kitpymes.Core.Shared.Tests.ClaimsPrincipalExtensionsTests" name="ToGet_Passing_Claims_Returns_Claim_Value_Int" />
    </UnitTest>
    <UnitTest name="ToEnvironment_Passing_Production_Enviroment_Returns_Production_Name" storage="d:\sferrari\01 - trabajo\repos\netcore\template-netcore-shared\kitpymes.core.shared.tests\bin\debug\netcoreapp3.0\kitpymes.core.shared.tests.dll" id="31126d50-f667-908c-85f3-09f9d9272df9">
      <Execution id="ed0ad080-157a-48fc-8a0a-722d2561510d" />
      <TestMethod codeBase="D:\SFERRARI\01 - TRABAJO\REPOS\netcore\template-netcore-shared\Kitpymes.Core.Shared.Tests\bin\Debug\netcoreapp3.0\Kitpymes.Core.Shared.Tests.dll" adapterTypeName="executor://mstestadapter/v2" className="Kitpymes.Core.Shared.Tests.ApplicationBuilderExtensionsTests" name="ToEnvironment_Passing_Production_Enviroment_Returns_Production_Name" />
    </UnitTest>
    <UnitTest name="ToReplace_Passing_ValidValue_Returns_ReplacedValue" storage="d:\sferrari\01 - trabajo\repos\netcore\template-netcore-shared\kitpymes.core.shared.tests\bin\debug\netcoreapp3.0\kitpymes.core.shared.tests.dll" id="04084e8e-c859-4ef5-e2a7-4fb2803cb2a3">
      <Execution id="ffe50791-fb7b-4312-8583-414729f4423e" />
      <TestMethod codeBase="D:\SFERRARI\01 - TRABAJO\REPOS\netcore\template-netcore-shared\Kitpymes.Core.Shared.Tests\bin\Debug\netcoreapp3.0\Kitpymes.Core.Shared.Tests.dll" adapterTypeName="executor://mstestadapter/v2" className="Kitpymes.Core.Shared.Tests.StringExtensionsTests" name="ToReplace_Passing_ValidValue_Returns_ReplacedValue" />
    </UnitTest>
    <UnitTest name="ToUserName_Passing_Invalid_ClaimsPrincipal_Returns_Null" storage="d:\sferrari\01 - trabajo\repos\netcore\template-netcore-shared\kitpymes.core.shared.tests\bin\debug\netcoreapp3.0\kitpymes.core.shared.tests.dll" id="26cc48e2-5e82-bc12-cf41-e3a984599b8d">
      <Execution id="bb1e3534-b681-42b1-955c-337b86955717" />
      <TestMethod codeBase="D:\SFERRARI\01 - TRABAJO\REPOS\netcore\template-netcore-shared\Kitpymes.Core.Shared.Tests\bin\Debug\netcoreapp3.0\Kitpymes.Core.Shared.Tests.dll" adapterTypeName="executor://mstestadapter/v2" className="Kitpymes.Core.Shared.Tests.ClaimsPrincipalExtensionsTests" name="ToUserName_Passing_Invalid_ClaimsPrincipal_Returns_Null" />
    </UnitTest>
    <UnitTest name="ToWhere_Passing_Null_Predicate_Returns_Same_List" storage="d:\sferrari\01 - trabajo\repos\netcore\template-netcore-shared\kitpymes.core.shared.tests\bin\debug\netcoreapp3.0\kitpymes.core.shared.tests.dll" id="6bd61990-78b5-76ea-0df5-0c13c388bdc0">
      <Execution id="947bdba0-ef25-499b-98a7-c0dec808cf69" />
      <TestMethod codeBase="D:\SFERRARI\01 - TRABAJO\REPOS\netcore\template-netcore-shared\Kitpymes.Core.Shared.Tests\bin\Debug\netcoreapp3.0\Kitpymes.Core.Shared.Tests.dll" adapterTypeName="executor://mstestadapter/v2" className="Kitpymes.Core.Shared.Tests.QueryableExtensionsTests" name="ToWhere_Passing_Null_Predicate_Returns_Same_List" />
    </UnitTest>
    <UnitTest name="ToString_Passing_Valid_Collection_Returns_String_With_Default_Separator" storage="d:\sferrari\01 - trabajo\repos\netcore\template-netcore-shared\kitpymes.core.shared.tests\bin\debug\netcoreapp3.0\kitpymes.core.shared.tests.dll" id="07d50dfb-3195-c832-23d2-97ae667f2010">
      <Execution id="3b1c88de-b38a-44ca-b9f3-bf2f71af352d" />
      <TestMethod codeBase="D:\SFERRARI\01 - TRABAJO\REPOS\netcore\template-netcore-shared\Kitpymes.Core.Shared.Tests\bin\Debug\netcoreapp3.0\Kitpymes.Core.Shared.Tests.dll" adapterTypeName="executor://mstestadapter/v2" className="Kitpymes.Core.Shared.Tests.EnumerableExtensionsTests" name="ToString_Passing_Valid_Collection_Returns_String_With_Default_Separator" />
    </UnitTest>
    <UnitTest name="ToConfiguration_Passing_Valid_DirectoryPath_Invalid_JsonFileName_Not_Optional_Returns_ApplicationException" storage="d:\sferrari\01 - trabajo\repos\netcore\template-netcore-shared\kitpymes.core.shared.tests\bin\debug\netcoreapp3.0\kitpymes.core.shared.tests.dll" id="bf48e581-43e6-7660-c4f4-1b7deb1f0ed9">
      <Execution id="ee7a37cd-313a-4fce-89af-4263bd1133a9" />
      <TestMethod codeBase="D:\SFERRARI\01 - TRABAJO\REPOS\netcore\template-netcore-shared\Kitpymes.Core.Shared.Tests\bin\Debug\netcoreapp3.0\Kitpymes.Core.Shared.Tests.dll" adapterTypeName="executor://mstestadapter/v2" className="Kitpymes.Core.Shared.Tests.ConfigurationBuilderExtensionsTests" name="ToConfiguration_Passing_Valid_DirectoryPath_Invalid_JsonFileName_Not_Optional_Returns_ApplicationException" />
    </UnitTest>
    <UnitTest name="ToDefaultValue_Passing_ValidInt_Returns_DefaultValue" storage="d:\sferrari\01 - trabajo\repos\netcore\template-netcore-shared\kitpymes.core.shared.tests\bin\debug\netcoreapp3.0\kitpymes.core.shared.tests.dll" id="e37f41d3-77a8-1acd-c258-fbb5b724b134">
      <Execution id="ad94f710-baca-4f28-82cc-b12b018cc4d5" />
      <TestMethod codeBase="D:\SFERRARI\01 - TRABAJO\REPOS\netcore\template-netcore-shared\Kitpymes.Core.Shared.Tests\bin\Debug\netcoreapp3.0\Kitpymes.Core.Shared.Tests.dll" adapterTypeName="executor://mstestadapter/v2" className="Kitpymes.Core.Shared.Tests.TypeExtensionsTests" name="ToDefaultValue_Passing_ValidInt_Returns_DefaultValue" />
    </UnitTest>
    <UnitTest name="ToUri_Passing_ValidValueString_Returns_Uri" storage="d:\sferrari\01 - trabajo\repos\netcore\template-netcore-shared\kitpymes.core.shared.tests\bin\debug\netcoreapp3.0\kitpymes.core.shared.tests.dll" id="30809299-0e3e-4ac7-4a2a-6f8c296d2226">
      <Execution id="5e0eab25-42ac-40e3-a8ad-33f2880e7fad" />
      <TestMethod codeBase="D:\SFERRARI\01 - TRABAJO\REPOS\netcore\template-netcore-shared\Kitpymes.Core.Shared.Tests\bin\Debug\netcoreapp3.0\Kitpymes.Core.Shared.Tests.dll" adapterTypeName="executor://mstestadapter/v2" className="Kitpymes.Core.Shared.Tests.StringExtensionsTests" name="ToUri_Passing_ValidValueString_Returns_Uri" />
    </UnitTest>
    <UnitTest name="ToMessage_Passing_ExceptionWithMessage_Returns_Message" storage="d:\sferrari\01 - trabajo\repos\netcore\template-netcore-shared\kitpymes.core.shared.tests\bin\debug\netcoreapp3.0\kitpymes.core.shared.tests.dll" id="0cb5eb43-9273-0bdf-bd18-53b184535503">
      <Execution id="d3fd215d-3168-4eaf-b816-e7c817e3cc81" />
      <TestMethod codeBase="D:\SFERRARI\01 - TRABAJO\REPOS\netcore\template-netcore-shared\Kitpymes.Core.Shared.Tests\bin\Debug\netcoreapp3.0\Kitpymes.Core.Shared.Tests.dll" adapterTypeName="executor://mstestadapter/v2" className="Kitpymes.Core.Shared.Tests.ExceptionExtensionsTests" name="ToMessage_Passing_ExceptionWithMessage_Returns_Message" />
    </UnitTest>
    <UnitTest name="ToMapList_Passing_Source_Type_And_Destination_Type_Returns_Destination_Object_List" storage="d:\sferrari\01 - trabajo\repos\netcore\template-netcore-shared\kitpymes.core.shared.tests\bin\debug\netcoreapp3.0\kitpymes.core.shared.tests.dll" id="f8b74494-d277-7173-e694-2a4d463a4607">
      <Execution id="4c3e1568-de54-474c-8b84-cd986864f036" />
      <TestMethod codeBase="D:\SFERRARI\01 - TRABAJO\REPOS\netcore\template-netcore-shared\Kitpymes.Core.Shared.Tests\bin\Debug\netcoreapp3.0\Kitpymes.Core.Shared.Tests.dll" adapterTypeName="executor://mstestadapter/v2" className="Kitpymes.Core.Shared.Tests.AgileMapperExtensionsTests" name="ToMapList_Passing_Source_Type_And_Destination_Type_Returns_Destination_Object_List" />
    </UnitTest>
    <UnitTest name="ToGet_Passing_Claims_Returns_Claim_Value_String" storage="d:\sferrari\01 - trabajo\repos\netcore\template-netcore-shared\kitpymes.core.shared.tests\bin\debug\netcoreapp3.0\kitpymes.core.shared.tests.dll" id="0c633595-70e8-b011-5a46-c9c7e1687cb9">
      <Execution id="4dcdaca1-5070-41bc-a428-b88e73c2f406" />
      <TestMethod codeBase="D:\SFERRARI\01 - TRABAJO\REPOS\netcore\template-netcore-shared\Kitpymes.Core.Shared.Tests\bin\Debug\netcoreapp3.0\Kitpymes.Core.Shared.Tests.dll" adapterTypeName="executor://mstestadapter/v2" className="Kitpymes.Core.Shared.Tests.ClaimsPrincipalExtensionsTests" name="ToGet_Passing_Claims_Returns_Claim_Value_String" />
    </UnitTest>
    <UnitTest name="ToHashAlgorithmName_Passing_ValidValueString_Returns_HashAlgorithmName" storage="d:\sferrari\01 - trabajo\repos\netcore\template-netcore-shared\kitpymes.core.shared.tests\bin\debug\netcoreapp3.0\kitpymes.core.shared.tests.dll" id="cd004a9f-a0f6-2fdf-aeae-1890f4ab8e71">
      <Execution id="9b188ed3-c4d2-4fb5-a71f-c3367a122962" />
      <TestMethod codeBase="D:\SFERRARI\01 - TRABAJO\REPOS\netcore\template-netcore-shared\Kitpymes.Core.Shared.Tests\bin\Debug\netcoreapp3.0\Kitpymes.Core.Shared.Tests.dll" adapterTypeName="executor://mstestadapter/v2" className="Kitpymes.Core.Shared.Tests.StringExtensionsTests" name="ToHashAlgorithmName_Passing_ValidValueString_Returns_HashAlgorithmName" />
    </UnitTest>
    <UnitTest name="ToExists_Passing_Valid_Service_Returns_True" storage="d:\sferrari\01 - trabajo\repos\netcore\template-netcore-shared\kitpymes.core.shared.tests\bin\debug\netcoreapp3.0\kitpymes.core.shared.tests.dll" id="e2880a6e-7a01-b4ba-86fb-4d33be072972">
      <Execution id="46d55537-5f69-4028-bd3f-4663a7df17f3" />
      <TestMethod codeBase="D:\SFERRARI\01 - TRABAJO\REPOS\netcore\template-netcore-shared\Kitpymes.Core.Shared.Tests\bin\Debug\netcoreapp3.0\Kitpymes.Core.Shared.Tests.dll" adapterTypeName="executor://mstestadapter/v2" className="Kitpymes.Core.Shared.Tests.ConfigurationBuilderExtensionsTests" name="ToExists_Passing_Valid_Service_Returns_True" />
    </UnitTest>
    <UnitTest name="ToFullMessage_Passing_ExceptionWithMessageWithInnerException_Returns_Full_Message" storage="d:\sferrari\01 - trabajo\repos\netcore\template-netcore-shared\kitpymes.core.shared.tests\bin\debug\netcoreapp3.0\kitpymes.core.shared.tests.dll" id="e1a72c94-958d-7abb-4a96-4b60b12f8157">
      <Execution id="b862ebd5-ac30-459b-ba11-4c7fb0d9a109" />
      <TestMethod codeBase="D:\SFERRARI\01 - TRABAJO\REPOS\netcore\template-netcore-shared\Kitpymes.Core.Shared.Tests\bin\Debug\netcoreapp3.0\Kitpymes.Core.Shared.Tests.dll" adapterTypeName="executor://mstestadapter/v2" className="Kitpymes.Core.Shared.Tests.ExceptionExtensionsTests" name="ToFullMessage_Passing_ExceptionWithMessageWithInnerException_Returns_Full_Message" />
    </UnitTest>
    <UnitTest name="ToEnum_Passing_InvalidValueString_Returns_EnumDefaultValue" storage="d:\sferrari\01 - trabajo\repos\netcore\template-netcore-shared\kitpymes.core.shared.tests\bin\debug\netcoreapp3.0\kitpymes.core.shared.tests.dll" id="31ff6168-d18d-0013-7c18-0ff775714202">
      <Execution id="f07881b8-b9b0-4467-8ea1-a075f40f2008" />
      <TestMethod codeBase="D:\SFERRARI\01 - TRABAJO\REPOS\netcore\template-netcore-shared\Kitpymes.Core.Shared.Tests\bin\Debug\netcoreapp3.0\Kitpymes.Core.Shared.Tests.dll" adapterTypeName="executor://mstestadapter/v2" className="Kitpymes.Core.Shared.Tests.StringExtensionsTests" name="ToEnum_Passing_InvalidValueString_Returns_EnumDefaultValue" />
    </UnitTest>
    <UnitTest name="ToDirectoryReadFileAsync_Passing_ValidValue_Returns_False" storage="d:\sferrari\01 - trabajo\repos\netcore\template-netcore-shared\kitpymes.core.shared.tests\bin\debug\netcoreapp3.0\kitpymes.core.shared.tests.dll" id="29295413-2308-fade-9c98-0e9ed6c67839">
      <Execution id="46f1c9e5-2658-4afb-a502-ea432a31c0e9" />
      <TestMethod codeBase="D:\SFERRARI\01 - TRABAJO\REPOS\netcore\template-netcore-shared\Kitpymes.Core.Shared.Tests\bin\Debug\netcoreapp3.0\Kitpymes.Core.Shared.Tests.dll" adapterTypeName="executor://mstestadapter/v2" className="Kitpymes.Core.Shared.Tests.StringExtensionsTests" name="ToDirectoryReadFileAsync_Passing_ValidValue_Returns_False" />
    </UnitTest>
    <UnitTest name="ToExists_Passing_Service_Not_Found_Returns_False" storage="d:\sferrari\01 - trabajo\repos\netcore\template-netcore-shared\kitpymes.core.shared.tests\bin\debug\netcoreapp3.0\kitpymes.core.shared.tests.dll" id="074815db-ddf2-9c1f-0fef-7f709183591e">
      <Execution id="5cb8d77d-3a43-4e1d-8043-4655a760e522" />
      <TestMethod codeBase="D:\SFERRARI\01 - TRABAJO\REPOS\netcore\template-netcore-shared\Kitpymes.Core.Shared.Tests\bin\Debug\netcoreapp3.0\Kitpymes.Core.Shared.Tests.dll" adapterTypeName="executor://mstestadapter/v2" className="Kitpymes.Core.Shared.Tests.ApplicationBuilderExtensionsTests" name="ToExists_Passing_Service_Not_Found_Returns_False" />
    </UnitTest>
    <UnitTest name="ToDefaultValue_Passing_sbyte_Returns_Cero" storage="d:\sferrari\01 - trabajo\repos\netcore\template-netcore-shared\kitpymes.core.shared.tests\bin\debug\netcoreapp3.0\kitpymes.core.shared.tests.dll" id="19a313ce-6632-bd6f-bb7e-c2dc7bcf20eb">
      <Execution id="24a7a096-9bd9-4dcb-bd28-cea672216aba" />
      <TestMethod codeBase="D:\SFERRARI\01 - TRABAJO\REPOS\netcore\template-netcore-shared\Kitpymes.Core.Shared.Tests\bin\Debug\netcoreapp3.0\Kitpymes.Core.Shared.Tests.dll" adapterTypeName="executor://mstestadapter/v2" className="Kitpymes.Core.Shared.Tests.GenericExtensionsTests" name="ToDefaultValue_Passing_sbyte_Returns_Cero" />
    </UnitTest>
    <UnitTest name="ToValues_Passing_ValidEnumType_Returns_ValuesListString" storage="d:\sferrari\01 - trabajo\repos\netcore\template-netcore-shared\kitpymes.core.shared.tests\bin\debug\netcoreapp3.0\kitpymes.core.shared.tests.dll" id="0cfd0c7c-1a61-7d19-c2fa-3c8a47ccf09c">
      <Execution id="6804b7dd-045a-4658-9bb2-50855c0ac326" />
      <TestMethod codeBase="D:\SFERRARI\01 - TRABAJO\REPOS\netcore\template-netcore-shared\Kitpymes.Core.Shared.Tests\bin\Debug\netcoreapp3.0\Kitpymes.Core.Shared.Tests.dll" adapterTypeName="executor://mstestadapter/v2" className="Kitpymes.Core.Shared.Tests.EnumsTests" name="ToValues_Passing_ValidEnumType_Returns_ValuesListString" />
    </UnitTest>
    <UnitTest name="ToEnvironment_Passing_Development_Enviroment_Returns_Development_Name" storage="d:\sferrari\01 - trabajo\repos\netcore\template-netcore-shared\kitpymes.core.shared.tests\bin\debug\netcoreapp3.0\kitpymes.core.shared.tests.dll" id="1c5de28c-f1b3-c94d-8e43-201eab8c2ff8">
      <Execution id="2bee3db4-fd32-402e-a1bc-28cfc95b51e5" />
      <TestMethod codeBase="D:\SFERRARI\01 - TRABAJO\REPOS\netcore\template-netcore-shared\Kitpymes.Core.Shared.Tests\bin\Debug\netcoreapp3.0\Kitpymes.Core.Shared.Tests.dll" adapterTypeName="executor://mstestadapter/v2" className="Kitpymes.Core.Shared.Tests.ApplicationBuilderExtensionsTests" name="ToEnvironment_Passing_Development_Enviroment_Returns_Development_Name" />
    </UnitTest>
    <UnitTest name="ToEnum_Passing_InvalidValueString_Returns_EnumCustomValue" storage="d:\sferrari\01 - trabajo\repos\netcore\template-netcore-shared\kitpymes.core.shared.tests\bin\debug\netcoreapp3.0\kitpymes.core.shared.tests.dll" id="7c09a438-5465-f760-64b2-23d25fc199f5">
      <Execution id="75b5bd36-cf1d-448a-844a-303866616292" />
      <TestMethod codeBase="D:\SFERRARI\01 - TRABAJO\REPOS\netcore\template-netcore-shared\Kitpymes.Core.Shared.Tests\bin\Debug\netcoreapp3.0\Kitpymes.Core.Shared.Tests.dll" adapterTypeName="executor://mstestadapter/v2" className="Kitpymes.Core.Shared.Tests.StringExtensionsTests" name="ToEnum_Passing_InvalidValueString_Returns_EnumCustomValue" />
    </UnitTest>
    <UnitTest name="ToEnvironment_ServiceCollection_Passing_Production_Enviroment_Returns_Production_Name" storage="d:\sferrari\01 - trabajo\repos\netcore\template-netcore-shared\kitpymes.core.shared.tests\bin\debug\netcoreapp3.0\kitpymes.core.shared.tests.dll" id="15fe55e5-cdce-6280-ea15-ef777735767c">
      <Execution id="b5903b5e-62e5-465e-96ab-48787bd8e612" />
      <TestMethod codeBase="D:\SFERRARI\01 - TRABAJO\REPOS\netcore\template-netcore-shared\Kitpymes.Core.Shared.Tests\bin\Debug\netcoreapp3.0\Kitpymes.Core.Shared.Tests.dll" adapterTypeName="executor://mstestadapter/v2" className="Kitpymes.Core.Shared.Tests.ConfigurationBuilderExtensionsTests" name="ToEnvironment_ServiceCollection_Passing_Production_Enviroment_Returns_Production_Name" />
    </UnitTest>
    <UnitTest name="CreateSHA256_Passing_Invalid_Arguments_Returns_ApplicationException" storage="d:\sferrari\01 - trabajo\repos\netcore\template-netcore-shared\kitpymes.core.shared.tests\bin\debug\netcoreapp3.0\kitpymes.core.shared.tests.dll" id="77fe17c3-3cf8-a189-4d95-b2e0d3ca9579">
      <Execution id="c8ad19b7-1482-43ee-b1f6-03ddea8076b7" />
      <TestMethod codeBase="D:\SFERRARI\01 - TRABAJO\REPOS\netcore\template-netcore-shared\Kitpymes.Core.Shared.Tests\bin\Debug\netcoreapp3.0\Kitpymes.Core.Shared.Tests.dll" adapterTypeName="executor://mstestadapter/v2" className="Kitpymes.Core.Shared.Tests.HashTests" name="CreateSHA256_Passing_Invalid_Arguments_Returns_ApplicationException" />
    </UnitTest>
    <UnitTest name="CreateAndVerifyPassword_Passing_Valid_Arguments_Returns_IsValid" storage="d:\sferrari\01 - trabajo\repos\netcore\template-netcore-shared\kitpymes.core.shared.tests\bin\debug\netcoreapp3.0\kitpymes.core.shared.tests.dll" id="f8adc240-2e19-f993-0d82-9d004ab9752d">
      <Execution id="c298a1e4-4798-49e4-962e-880c256b2dca" />
      <TestMethod codeBase="D:\SFERRARI\01 - TRABAJO\REPOS\netcore\template-netcore-shared\Kitpymes.Core.Shared.Tests\bin\Debug\netcoreapp3.0\Kitpymes.Core.Shared.Tests.dll" adapterTypeName="executor://mstestadapter/v2" className="Kitpymes.Core.Shared.Tests.HashTests" name="CreateAndVerifyPassword_Passing_Valid_Arguments_Returns_IsValid" />
    </UnitTest>
    <UnitTest name="ToAuthenticationType_Passing_Claims_Returns_Null" storage="d:\sferrari\01 - trabajo\repos\netcore\template-netcore-shared\kitpymes.core.shared.tests\bin\debug\netcoreapp3.0\kitpymes.core.shared.tests.dll" id="34e0940c-fc9c-71db-fc18-7d52ee8761a0">
      <Execution id="af62d643-fc64-46d6-bdc8-659ca47c8fd1" />
      <TestMethod codeBase="D:\SFERRARI\01 - TRABAJO\REPOS\netcore\template-netcore-shared\Kitpymes.Core.Shared.Tests\bin\Debug\netcoreapp3.0\Kitpymes.Core.Shared.Tests.dll" adapterTypeName="executor://mstestadapter/v2" className="Kitpymes.Core.Shared.Tests.ClaimsPrincipalExtensionsTests" name="ToAuthenticationType_Passing_Claims_Returns_Null" />
    </UnitTest>
    <UnitTest name="ToStringFormat_Passing_ValidValue_Returns_ValueWithoutRemovedChars" storage="d:\sferrari\01 - trabajo\repos\netcore\template-netcore-shared\kitpymes.core.shared.tests\bin\debug\netcoreapp3.0\kitpymes.core.shared.tests.dll" id="a1095294-226e-a0f0-0154-11290289c9db">
      <Execution id="af141a17-908c-43ca-87cf-8639e4e63b43" />
      <TestMethod codeBase="D:\SFERRARI\01 - TRABAJO\REPOS\netcore\template-netcore-shared\Kitpymes.Core.Shared.Tests\bin\Debug\netcoreapp3.0\Kitpymes.Core.Shared.Tests.dll" adapterTypeName="executor://mstestadapter/v2" className="Kitpymes.Core.Shared.Tests.IntegerExtensionsTests" name="ToStringFormat_Passing_ValidValue_Returns_ValueWithoutRemovedChars" />
    </UnitTest>
    <UnitTest name="ToConfigureOrDefault_Passing_ActionCustomValues_Returns_CustomValues" storage="d:\sferrari\01 - trabajo\repos\netcore\template-netcore-shared\kitpymes.core.shared.tests\bin\debug\netcoreapp3.0\kitpymes.core.shared.tests.dll" id="313cfb2c-8c3b-337b-12f8-296f8611376d">
      <Execution id="cf053ad7-c423-46fa-86e2-5c9c0bdc98f9" />
      <TestMethod codeBase="D:\SFERRARI\01 - TRABAJO\REPOS\netcore\template-netcore-shared\Kitpymes.Core.Shared.Tests\bin\Debug\netcoreapp3.0\Kitpymes.Core.Shared.Tests.dll" adapterTypeName="executor://mstestadapter/v2" className="Kitpymes.Core.Shared.Tests.ActionExtensionsTests" name="ToConfigureOrDefault_Passing_ActionCustomValues_Returns_CustomValues" />
    </UnitTest>
    <UnitTest name="ToMapMerge_Passing_Destination_Object_Returns_Merged_Destination_Object" storage="d:\sferrari\01 - trabajo\repos\netcore\template-netcore-shared\kitpymes.core.shared.tests\bin\debug\netcoreapp3.0\kitpymes.core.shared.tests.dll" id="ab274dac-b194-4e0f-6fab-a20667b535a8">
      <Execution id="86d408da-3dfa-405d-b51e-43024f6319fd" />
      <TestMethod codeBase="D:\SFERRARI\01 - TRABAJO\REPOS\netcore\template-netcore-shared\Kitpymes.Core.Shared.Tests\bin\Debug\netcoreapp3.0\Kitpymes.Core.Shared.Tests.dll" adapterTypeName="executor://mstestadapter/v2" className="Kitpymes.Core.Shared.Tests.AgileMapperExtensionsTests" name="ToMapMerge_Passing_Destination_Object_Returns_Merged_Destination_Object" />
    </UnitTest>
    <UnitTest name="IsUppercase_Passing_InvalidArguments_Returns_HasErrorsAndCount" storage="d:\sferrari\01 - trabajo\repos\netcore\template-netcore-shared\kitpymes.core.shared.tests\bin\debug\netcoreapp3.0\kitpymes.core.shared.tests.dll" id="b8bb90de-6285-0f1c-e0f2-f3ba1f987370">
      <Execution id="7ad078ea-a35d-4f0f-8cf4-62cdab89aa62" />
      <TestMethod codeBase="D:\SFERRARI\01 - TRABAJO\REPOS\netcore\template-netcore-shared\Kitpymes.Core.Shared.Tests\bin\Debug\netcoreapp3.0\Kitpymes.Core.Shared.Tests.dll" adapterTypeName="executor://mstestadapter/v2" className="Kitpymes.Core.Shared.Tests.CheckTests" name="IsUppercase_Passing_InvalidArguments_Returns_HasErrorsAndCount" />
    </UnitTest>
    <UnitTest name="IsGreater_Passing_InvalidArguments_Returns_HasErrorsAndCount" storage="d:\sferrari\01 - trabajo\repos\netcore\template-netcore-shared\kitpymes.core.shared.tests\bin\debug\netcoreapp3.0\kitpymes.core.shared.tests.dll" id="1c5fe271-1e90-52f5-1f31-436b17e57702">
      <Execution id="edcaf88a-800f-4d4a-9148-d02b17263344" />
      <TestMethod codeBase="D:\SFERRARI\01 - TRABAJO\REPOS\netcore\template-netcore-shared\Kitpymes.Core.Shared.Tests\bin\Debug\netcoreapp3.0\Kitpymes.Core.Shared.Tests.dll" adapterTypeName="executor://mstestadapter/v2" className="Kitpymes.Core.Shared.Tests.CheckTests" name="IsGreater_Passing_InvalidArguments_Returns_HasErrorsAndCount" />
    </UnitTest>
    <UnitTest name="ToEnum_Passing_ValidValue_String_Returns_EnumValue" storage="d:\sferrari\01 - trabajo\repos\netcore\template-netcore-shared\kitpymes.core.shared.tests\bin\debug\netcoreapp3.0\kitpymes.core.shared.tests.dll" id="605637df-9854-875b-b3aa-6675f3fbd045">
      <Execution id="0eada68b-c267-4c9b-9d07-1b7d726a1daf" />
      <TestMethod codeBase="D:\SFERRARI\01 - TRABAJO\REPOS\netcore\template-netcore-shared\Kitpymes.Core.Shared.Tests\bin\Debug\netcoreapp3.0\Kitpymes.Core.Shared.Tests.dll" adapterTypeName="executor://mstestadapter/v2" className="Kitpymes.Core.Shared.Tests.StringExtensionsTests" name="ToEnum_Passing_ValidValue_String_Returns_EnumValue" />
    </UnitTest>
    <UnitTest name="ToHeader_Passing_HttpRequest_Header_Value_Returns_Value" storage="d:\sferrari\01 - trabajo\repos\netcore\template-netcore-shared\kitpymes.core.shared.tests\bin\debug\netcoreapp3.0\kitpymes.core.shared.tests.dll" id="4a2e80a7-472b-b7f7-ba61-ac77aed5735d">
      <Execution id="f8a689e0-eeac-4f3e-9773-116c273fec1c" />
      <TestMethod codeBase="D:\SFERRARI\01 - TRABAJO\REPOS\netcore\template-netcore-shared\Kitpymes.Core.Shared.Tests\bin\Debug\netcoreapp3.0\Kitpymes.Core.Shared.Tests.dll" adapterTypeName="executor://mstestadapter/v2" className="Kitpymes.Core.Shared.Tests.HttpRequestExtensionsTests" name="ToHeader_Passing_HttpRequest_Header_Value_Returns_Value" />
    </UnitTest>
    <UnitTest name="ToInt_Passing_Enumeration_Name_Returns_Description_Atributte" storage="d:\sferrari\01 - trabajo\repos\netcore\template-netcore-shared\kitpymes.core.shared.tests\bin\debug\netcoreapp3.0\kitpymes.core.shared.tests.dll" id="c63cd623-e636-5730-a1fa-b18ae782acc7">
      <Execution id="824c16b2-a193-4476-9419-f6bce384f3fe" />
      <TestMethod codeBase="D:\SFERRARI\01 - TRABAJO\REPOS\netcore\template-netcore-shared\Kitpymes.Core.Shared.Tests\bin\Debug\netcoreapp3.0\Kitpymes.Core.Shared.Tests.dll" adapterTypeName="executor://mstestadapter/v2" className="Kitpymes.Core.Shared.Tests.EnumExtensionsTests" name="ToInt_Passing_Enumeration_Name_Returns_Description_Atributte" />
    </UnitTest>
    <UnitTest name="IsUniqueChars_Passing_InvalidArguments_Returns_HasErrorsAndCount" storage="d:\sferrari\01 - trabajo\repos\netcore\template-netcore-shared\kitpymes.core.shared.tests\bin\debug\netcoreapp3.0\kitpymes.core.shared.tests.dll" id="b9a89fa2-355c-e886-bec5-28d3cf549be6">
      <Execution id="184bef7f-54c6-4428-9faf-4ce1a7b8981d" />
      <TestMethod codeBase="D:\SFERRARI\01 - TRABAJO\REPOS\netcore\template-netcore-shared\Kitpymes.Core.Shared.Tests\bin\Debug\netcoreapp3.0\Kitpymes.Core.Shared.Tests.dll" adapterTypeName="executor://mstestadapter/v2" className="Kitpymes.Core.Shared.Tests.CheckTests" name="IsUniqueChars_Passing_InvalidArguments_Returns_HasErrorsAndCount" />
    </UnitTest>
    <UnitTest name="ToDefaultValue_Passing_float_Returns_Cero" storage="d:\sferrari\01 - trabajo\repos\netcore\template-netcore-shared\kitpymes.core.shared.tests\bin\debug\netcoreapp3.0\kitpymes.core.shared.tests.dll" id="e0f7dcd9-f363-be9c-de11-457f6a575bee">
      <Execution id="328024e5-3291-4f55-98e8-2976f4966840" />
      <TestMethod codeBase="D:\SFERRARI\01 - TRABAJO\REPOS\netcore\template-netcore-shared\Kitpymes.Core.Shared.Tests\bin\Debug\netcoreapp3.0\Kitpymes.Core.Shared.Tests.dll" adapterTypeName="executor://mstestadapter/v2" className="Kitpymes.Core.Shared.Tests.GenericExtensionsTests" name="ToDefaultValue_Passing_float_Returns_Cero" />
    </UnitTest>
    <UnitTest name="ToMapUpdate_Passing_Destination_Object_Returns_Updated_Destination_Object" storage="d:\sferrari\01 - trabajo\repos\netcore\template-netcore-shared\kitpymes.core.shared.tests\bin\debug\netcoreapp3.0\kitpymes.core.shared.tests.dll" id="71a1897b-b713-c047-1c23-5efdff095b20">
      <Execution id="4358805a-c7aa-4a5e-bfd8-aaff85d11183" />
      <TestMethod codeBase="D:\SFERRARI\01 - TRABAJO\REPOS\netcore\template-netcore-shared\Kitpymes.Core.Shared.Tests\bin\Debug\netcoreapp3.0\Kitpymes.Core.Shared.Tests.dll" adapterTypeName="executor://mstestadapter/v2" className="Kitpymes.Core.Shared.Tests.AgileMapperExtensionsTests" name="ToMapUpdate_Passing_Destination_Object_Returns_Updated_Destination_Object" />
    </UnitTest>
    <UnitTest name="ToNormalize_Passing_ValidValue_Returns_NormalizedValue" storage="d:\sferrari\01 - trabajo\repos\netcore\template-netcore-shared\kitpymes.core.shared.tests\bin\debug\netcoreapp3.0\kitpymes.core.shared.tests.dll" id="7dc20d31-477c-3765-83c0-7575a504da96">
      <Execution id="80c5e401-103c-440c-ad6a-d34feb91790f" />
      <TestMethod codeBase="D:\SFERRARI\01 - TRABAJO\REPOS\netcore\template-netcore-shared\Kitpymes.Core.Shared.Tests\bin\Debug\netcoreapp3.0\Kitpymes.Core.Shared.Tests.dll" adapterTypeName="executor://mstestadapter/v2" className="Kitpymes.Core.Shared.Tests.StringExtensionsTests" name="ToNormalize_Passing_ValidValue_Returns_NormalizedValue" />
    </UnitTest>
    <UnitTest name="ToService_Passing_Valid_Service_Returns_Service" storage="d:\sferrari\01 - trabajo\repos\netcore\template-netcore-shared\kitpymes.core.shared.tests\bin\debug\netcoreapp3.0\kitpymes.core.shared.tests.dll" id="0b1e4893-9444-2235-b7fa-3782f9932212">
      <Execution id="ce21bdd6-46c8-4ca9-9c02-0787ec81ab98" />
      <TestMethod codeBase="D:\SFERRARI\01 - TRABAJO\REPOS\netcore\template-netcore-shared\Kitpymes.Core.Shared.Tests\bin\Debug\netcoreapp3.0\Kitpymes.Core.Shared.Tests.dll" adapterTypeName="executor://mstestadapter/v2" className="Kitpymes.Core.Shared.Tests.ConfigurationBuilderExtensionsTests" name="ToService_Passing_Valid_Service_Returns_Service" />
    </UnitTest>
    <UnitTest name="ToContentType_Passing_ValidValueString_Returns_ContentType" storage="d:\sferrari\01 - trabajo\repos\netcore\template-netcore-shared\kitpymes.core.shared.tests\bin\debug\netcoreapp3.0\kitpymes.core.shared.tests.dll" id="7be8a004-8e29-0f01-8ada-f15377193150">
      <Execution id="2aa94491-7ca0-47d6-b556-b27562464bad" />
      <TestMethod codeBase="D:\SFERRARI\01 - TRABAJO\REPOS\netcore\template-netcore-shared\Kitpymes.Core.Shared.Tests\bin\Debug\netcoreapp3.0\Kitpymes.Core.Shared.Tests.dll" adapterTypeName="executor://mstestadapter/v2" className="Kitpymes.Core.Shared.Tests.StringExtensionsTests" name="ToContentType_Passing_ValidValueString_Returns_ContentType" />
    </UnitTest>
    <UnitTest name="ToHashAlgorithmName_Passing_InvalidValueLowerCaseStringWithDefaultValue_Returns_DefaultValue" storage="d:\sferrari\01 - trabajo\repos\netcore\template-netcore-shared\kitpymes.core.shared.tests\bin\debug\netcoreapp3.0\kitpymes.core.shared.tests.dll" id="d5506b30-7041-6d90-bd03-bcd5b2479c40">
      <Execution id="31d170fe-df99-4f25-a1af-6215e75bee88" />
      <TestMethod codeBase="D:\SFERRARI\01 - TRABAJO\REPOS\netcore\template-netcore-shared\Kitpymes.Core.Shared.Tests\bin\Debug\netcoreapp3.0\Kitpymes.Core.Shared.Tests.dll" adapterTypeName="executor://mstestadapter/v2" className="Kitpymes.Core.Shared.Tests.StringExtensionsTests" name="ToHashAlgorithmName_Passing_InvalidValueLowerCaseStringWithDefaultValue_Returns_DefaultValue" />
    </UnitTest>
    <UnitTest name="ToSettings_Passing_Values_From_AppSettingsFile_Returns_Settings" storage="d:\sferrari\01 - trabajo\repos\netcore\template-netcore-shared\kitpymes.core.shared.tests\bin\debug\netcoreapp3.0\kitpymes.core.shared.tests.dll" id="1577c538-d1be-5b59-2b09-8e59b0be5fcd">
      <Execution id="b1260c0e-6fa1-445f-acf7-bca0dc5d3da1" />
      <TestMethod codeBase="D:\SFERRARI\01 - TRABAJO\REPOS\netcore\template-netcore-shared\Kitpymes.Core.Shared.Tests\bin\Debug\netcoreapp3.0\Kitpymes.Core.Shared.Tests.dll" adapterTypeName="executor://mstestadapter/v2" className="Kitpymes.Core.Shared.Tests.ConfigurationBuilderExtensionsTests" name="ToSettings_Passing_Values_From_AppSettingsFile_Returns_Settings" />
    </UnitTest>
    <UnitTest name="ToMapNew_Passing_TDestination_Returns_New_Destination_Object" storage="d:\sferrari\01 - trabajo\repos\netcore\template-netcore-shared\kitpymes.core.shared.tests\bin\debug\netcoreapp3.0\kitpymes.core.shared.tests.dll" id="0ee8121e-b492-a57d-d072-de988a4e30f8">
      <Execution id="897d92a2-d40f-4507-94c8-9971530f35fd" />
      <TestMethod codeBase="D:\SFERRARI\01 - TRABAJO\REPOS\netcore\template-netcore-shared\Kitpymes.Core.Shared.Tests\bin\Debug\netcoreapp3.0\Kitpymes.Core.Shared.Tests.dll" adapterTypeName="executor://mstestadapter/v2" className="Kitpymes.Core.Shared.Tests.AgileMapperExtensionsTests" name="ToMapNew_Passing_TDestination_Returns_New_Destination_Object" />
    </UnitTest>
    <UnitTest name="IsHostname_Passing_InvalidArguments_Returns_HasErrorsAndCount" storage="d:\sferrari\01 - trabajo\repos\netcore\template-netcore-shared\kitpymes.core.shared.tests\bin\debug\netcoreapp3.0\kitpymes.core.shared.tests.dll" id="4a3afd90-c6ab-e82e-40d8-b40450680318">
      <Execution id="4d05eee4-79ee-470c-9d78-a2b222de0908" />
      <TestMethod codeBase="D:\SFERRARI\01 - TRABAJO\REPOS\netcore\template-netcore-shared\Kitpymes.Core.Shared.Tests\bin\Debug\netcoreapp3.0\Kitpymes.Core.Shared.Tests.dll" adapterTypeName="executor://mstestadapter/v2" className="Kitpymes.Core.Shared.Tests.CheckTests" name="IsHostname_Passing_InvalidArguments_Returns_HasErrorsAndCount" />
    </UnitTest>
    <UnitTest name="ToDictionaryPropertyInfo_Passing_Object_Not_IncludeNullOrEmptyProperty_Returns_Properties_NameAndValue_Dictionary" storage="d:\sferrari\01 - trabajo\repos\netcore\template-netcore-shared\kitpymes.core.shared.tests\bin\debug\netcoreapp3.0\kitpymes.core.shared.tests.dll" id="eb3fbb45-8257-f4b8-0975-042f859a72bf">
      <Execution id="c3d6fb5b-41b2-4621-bf44-43b10669dc8d" />
      <TestMethod codeBase="D:\SFERRARI\01 - TRABAJO\REPOS\netcore\template-netcore-shared\Kitpymes.Core.Shared.Tests\bin\Debug\netcoreapp3.0\Kitpymes.Core.Shared.Tests.dll" adapterTypeName="executor://mstestadapter/v2" className="Kitpymes.Core.Shared.Tests.GenericExtensionsTests" name="ToDictionaryPropertyInfo_Passing_Object_Not_IncludeNullOrEmptyProperty_Returns_Properties_NameAndValue_Dictionary" />
    </UnitTest>
    <UnitTest name="ToDefaultValue_Passing_decimal_Returns_Cero" storage="d:\sferrari\01 - trabajo\repos\netcore\template-netcore-shared\kitpymes.core.shared.tests\bin\debug\netcoreapp3.0\kitpymes.core.shared.tests.dll" id="334e3485-05b4-4549-cacd-aef8fff10757">
      <Execution id="0f860435-d4ca-4c86-8e1b-df95cb8097e4" />
      <TestMethod codeBase="D:\SFERRARI\01 - TRABAJO\REPOS\netcore\template-netcore-shared\Kitpymes.Core.Shared.Tests\bin\Debug\netcoreapp3.0\Kitpymes.Core.Shared.Tests.dll" adapterTypeName="executor://mstestadapter/v2" className="Kitpymes.Core.Shared.Tests.GenericExtensionsTests" name="ToDefaultValue_Passing_decimal_Returns_Cero" />
    </UnitTest>
    <UnitTest name="ToHashAlgorithmName_Passing_InvalidValueLowerCaseString_Returns_Null" storage="d:\sferrari\01 - trabajo\repos\netcore\template-netcore-shared\kitpymes.core.shared.tests\bin\debug\netcoreapp3.0\kitpymes.core.shared.tests.dll" id="bd43e66e-fbae-26eb-a9a1-c58a6bf5d7af">
      <Execution id="ee93684a-7aa2-42b5-b363-00ad9ffa17e9" />
      <TestMethod codeBase="D:\SFERRARI\01 - TRABAJO\REPOS\netcore\template-netcore-shared\Kitpymes.Core.Shared.Tests\bin\Debug\netcoreapp3.0\Kitpymes.Core.Shared.Tests.dll" adapterTypeName="executor://mstestadapter/v2" className="Kitpymes.Core.Shared.Tests.StringExtensionsTests" name="ToHashAlgorithmName_Passing_InvalidValueLowerCaseString_Returns_Null" />
    </UnitTest>
    <UnitTest name="IsLowercase_Passing_InvalidArguments_Returns_HasErrorsAndCount" storage="d:\sferrari\01 - trabajo\repos\netcore\template-netcore-shared\kitpymes.core.shared.tests\bin\debug\netcoreapp3.0\kitpymes.core.shared.tests.dll" id="c19b83a3-45fc-e848-cbcc-7f68b66eb4e3">
      <Execution id="77c6616e-9c60-4a35-941b-4f33f837a987" />
      <TestMethod codeBase="D:\SFERRARI\01 - TRABAJO\REPOS\netcore\template-netcore-shared\Kitpymes.Core.Shared.Tests\bin\Debug\netcoreapp3.0\Kitpymes.Core.Shared.Tests.dll" adapterTypeName="executor://mstestadapter/v2" className="Kitpymes.Core.Shared.Tests.CheckTests" name="IsLowercase_Passing_InvalidArguments_Returns_HasErrorsAndCount" />
    </UnitTest>
    <UnitTest name="ToPaged_Passing_Age_Descending_Order_Returns_Filter_List" storage="d:\sferrari\01 - trabajo\repos\netcore\template-netcore-shared\kitpymes.core.shared.tests\bin\debug\netcoreapp3.0\kitpymes.core.shared.tests.dll" id="e53d2439-2080-43bd-e38b-a60253b60af1">
      <Execution id="5d05d6b6-96e6-493f-9d40-f8c122f0c152" />
      <TestMethod codeBase="D:\SFERRARI\01 - TRABAJO\REPOS\netcore\template-netcore-shared\Kitpymes.Core.Shared.Tests\bin\Debug\netcoreapp3.0\Kitpymes.Core.Shared.Tests.dll" adapterTypeName="executor://mstestadapter/v2" className="Kitpymes.Core.Shared.Tests.QueryableExtensionsTests" name="ToPaged_Passing_Age_Descending_Order_Returns_Filter_List" />
    </UnitTest>
    <UnitTest name="ToResultAsync_Passing_StatusCodeAnd_MessageAndContentTypeAndHeader_Values_Returns_Values" storage="d:\sferrari\01 - trabajo\repos\netcore\template-netcore-shared\kitpymes.core.shared.tests\bin\debug\netcoreapp3.0\kitpymes.core.shared.tests.dll" id="161f5d07-7835-e575-5072-b9d787ef451c">
      <Execution id="393882bf-dec8-49ae-af13-af27f78de62c" />
      <TestMethod codeBase="D:\SFERRARI\01 - TRABAJO\REPOS\netcore\template-netcore-shared\Kitpymes.Core.Shared.Tests\bin\Debug\netcoreapp3.0\Kitpymes.Core.Shared.Tests.dll" adapterTypeName="executor://mstestadapter/v2" className="Kitpymes.Core.Shared.Tests.HttpResponseExtensionsTests" name="ToResultAsync_Passing_StatusCodeAnd_MessageAndContentTypeAndHeader_Values_Returns_Values" />
    </UnitTest>
    <UnitTest name="ToEnvironment_ServiceCollection_Passing_Development_Enviroment_Returns_Development_Name" storage="d:\sferrari\01 - trabajo\repos\netcore\template-netcore-shared\kitpymes.core.shared.tests\bin\debug\netcoreapp3.0\kitpymes.core.shared.tests.dll" id="0f697beb-b7a4-6aa6-9017-b57feeb9ba7f">
      <Execution id="b01b83cb-2954-4857-aaaf-76df5325ffd0" />
      <TestMethod codeBase="D:\SFERRARI\01 - TRABAJO\REPOS\netcore\template-netcore-shared\Kitpymes.Core.Shared.Tests\bin\Debug\netcoreapp3.0\Kitpymes.Core.Shared.Tests.dll" adapterTypeName="executor://mstestadapter/v2" className="Kitpymes.Core.Shared.Tests.ConfigurationBuilderExtensionsTests" name="ToEnvironment_ServiceCollection_Passing_Development_Enviroment_Returns_Development_Name" />
    </UnitTest>
    <UnitTest name="IsFileExtension_Passing_InvalidArguments_Returns_HasErrorsAndCount" storage="d:\sferrari\01 - trabajo\repos\netcore\template-netcore-shared\kitpymes.core.shared.tests\bin\debug\netcoreapp3.0\kitpymes.core.shared.tests.dll" id="e608205e-4953-e9a3-1956-895ed42ab083">
      <Execution id="fb5a7e9c-cbf9-4e6b-98b6-5515a67ecfb5" />
      <TestMethod codeBase="D:\SFERRARI\01 - TRABAJO\REPOS\netcore\template-netcore-shared\Kitpymes.Core.Shared.Tests\bin\Debug\netcoreapp3.0\Kitpymes.Core.Shared.Tests.dll" adapterTypeName="executor://mstestadapter/v2" className="Kitpymes.Core.Shared.Tests.CheckTests" name="IsFileExtension_Passing_InvalidArguments_Returns_HasErrorsAndCount" />
    </UnitTest>
    <UnitTest name="ToEnvironment_Passing_Custom_Enviroment_Returns_Custom_Name" storage="d:\sferrari\01 - trabajo\repos\netcore\template-netcore-shared\kitpymes.core.shared.tests\bin\debug\netcoreapp3.0\kitpymes.core.shared.tests.dll" id="69b6ed05-fdf2-6989-0583-109b4777a6ac">
      <Execution id="578f9771-2c93-4d05-b18f-c49bf00e00e2" />
      <TestMethod codeBase="D:\SFERRARI\01 - TRABAJO\REPOS\netcore\template-netcore-shared\Kitpymes.Core.Shared.Tests\bin\Debug\netcoreapp3.0\Kitpymes.Core.Shared.Tests.dll" adapterTypeName="executor://mstestadapter/v2" className="Kitpymes.Core.Shared.Tests.ApplicationBuilderExtensionsTests" name="ToEnvironment_Passing_Custom_Enviroment_Returns_Custom_Name" />
    </UnitTest>
    <UnitTest name="ToList_Passing_ValidEnumTypeWithSelectedValueWithResourceType_Returns_ValuesList" storage="d:\sferrari\01 - trabajo\repos\netcore\template-netcore-shared\kitpymes.core.shared.tests\bin\debug\netcoreapp3.0\kitpymes.core.shared.tests.dll" id="9af963da-8209-d683-34a5-be793bc59993">
      <Execution id="6057afdb-a8ae-429e-b512-a6a3fca823af" />
      <TestMethod codeBase="D:\SFERRARI\01 - TRABAJO\REPOS\netcore\template-netcore-shared\Kitpymes.Core.Shared.Tests\bin\Debug\netcoreapp3.0\Kitpymes.Core.Shared.Tests.dll" adapterTypeName="executor://mstestadapter/v2" className="Kitpymes.Core.Shared.Tests.EnumsTests" name="ToList_Passing_ValidEnumTypeWithSelectedValueWithResourceType_Returns_ValuesList" />
    </UnitTest>
    <UnitTest name="ToFirstLetterUpper_Passing_ValidValue_Returns_StringWithFirstLetterUpper" storage="d:\sferrari\01 - trabajo\repos\netcore\template-netcore-shared\kitpymes.core.shared.tests\bin\debug\netcoreapp3.0\kitpymes.core.shared.tests.dll" id="5517211d-203c-115f-7dc1-6f48da8ab75b">
      <Execution id="f9e67c1e-a81d-4a65-8408-b07bcabb57f0" />
      <TestMethod codeBase="D:\SFERRARI\01 - TRABAJO\REPOS\netcore\template-netcore-shared\Kitpymes.Core.Shared.Tests\bin\Debug\netcoreapp3.0\Kitpymes.Core.Shared.Tests.dll" adapterTypeName="executor://mstestadapter/v2" className="Kitpymes.Core.Shared.Tests.StringExtensionsTests" name="ToFirstLetterUpper_Passing_ValidValue_Returns_StringWithFirstLetterUpper" />
    </UnitTest>
    <UnitTest name="ToString_Passing_Valid_Collection_With_Custom_Separator_Returns_String_With_Custom_Separator" storage="d:\sferrari\01 - trabajo\repos\netcore\template-netcore-shared\kitpymes.core.shared.tests\bin\debug\netcoreapp3.0\kitpymes.core.shared.tests.dll" id="bf8f6922-5666-8ec7-1500-aabd5997d6a4">
      <Execution id="84554a82-6f6a-4b98-9365-6558407ce73a" />
      <TestMethod codeBase="D:\SFERRARI\01 - TRABAJO\REPOS\netcore\template-netcore-shared\Kitpymes.Core.Shared.Tests\bin\Debug\netcoreapp3.0\Kitpymes.Core.Shared.Tests.dll" adapterTypeName="executor://mstestadapter/v2" className="Kitpymes.Core.Shared.Tests.EnumerableExtensionsTests" name="ToString_Passing_Valid_Collection_With_Custom_Separator_Returns_String_With_Custom_Separator" />
    </UnitTest>
    <UnitTest name="IsDomain_Passing_ValidArguments_Returns_HasErrorsAndCount" storage="d:\sferrari\01 - trabajo\repos\netcore\template-netcore-shared\kitpymes.core.shared.tests\bin\debug\netcoreapp3.0\kitpymes.core.shared.tests.dll" id="447ced0a-6221-43ff-44ab-4ee12ee4d012">
      <Execution id="b021e76e-3eaa-4475-b534-2d31b541a874" />
      <TestMethod codeBase="D:\SFERRARI\01 - TRABAJO\REPOS\netcore\template-netcore-shared\Kitpymes.Core.Shared.Tests\bin\Debug\netcoreapp3.0\Kitpymes.Core.Shared.Tests.dll" adapterTypeName="executor://mstestadapter/v2" className="Kitpymes.Core.Shared.Tests.CheckTests" name="IsDomain_Passing_ValidArguments_Returns_HasErrorsAndCount" />
    </UnitTest>
    <UnitTest name="ToEnum_Passing_InvalidValueInt_Returns_EnumDefaultValue" storage="d:\sferrari\01 - trabajo\repos\netcore\template-netcore-shared\kitpymes.core.shared.tests\bin\debug\netcoreapp3.0\kitpymes.core.shared.tests.dll" id="8c1d1a56-be42-3df5-a82e-36b97c2860b8">
      <Execution id="8e653e18-ee79-42b4-af81-1cf5fcbe1499" />
      <TestMethod codeBase="D:\SFERRARI\01 - TRABAJO\REPOS\netcore\template-netcore-shared\Kitpymes.Core.Shared.Tests\bin\Debug\netcoreapp3.0\Kitpymes.Core.Shared.Tests.dll" adapterTypeName="executor://mstestadapter/v2" className="Kitpymes.Core.Shared.Tests.StringExtensionsTests" name="ToEnum_Passing_InvalidValueInt_Returns_EnumDefaultValue" />
    </UnitTest>
    <UnitTest name="ToWhere_Passing_Valid_Predicate_Returns_Filter_List" storage="d:\sferrari\01 - trabajo\repos\netcore\template-netcore-shared\kitpymes.core.shared.tests\bin\debug\netcoreapp3.0\kitpymes.core.shared.tests.dll" id="e9d3a3d6-32e0-613e-b55e-48afdf1ab686">
      <Execution id="c6331626-a1a0-43c4-8579-814768ce71f0" />
      <TestMethod codeBase="D:\SFERRARI\01 - TRABAJO\REPOS\netcore\template-netcore-shared\Kitpymes.Core.Shared.Tests\bin\Debug\netcoreapp3.0\Kitpymes.Core.Shared.Tests.dll" adapterTypeName="executor://mstestadapter/v2" className="Kitpymes.Core.Shared.Tests.QueryableExtensionsTests" name="ToWhere_Passing_Valid_Predicate_Returns_Filter_List" />
    </UnitTest>
    <UnitTest name="ToHashAlgorithmName_Passing_InvalidValueStringWithDefaultValue_Returns_DefaultValue" storage="d:\sferrari\01 - trabajo\repos\netcore\template-netcore-shared\kitpymes.core.shared.tests\bin\debug\netcoreapp3.0\kitpymes.core.shared.tests.dll" id="ab527057-69f2-0a9a-89fd-18928a3920fd">
      <Execution id="0afa9d68-83bd-4e26-94d0-6bf399746768" />
      <TestMethod codeBase="D:\SFERRARI\01 - TRABAJO\REPOS\netcore\template-netcore-shared\Kitpymes.Core.Shared.Tests\bin\Debug\netcoreapp3.0\Kitpymes.Core.Shared.Tests.dll" adapterTypeName="executor://mstestadapter/v2" className="Kitpymes.Core.Shared.Tests.StringExtensionsTests" name="ToHashAlgorithmName_Passing_InvalidValueStringWithDefaultValue_Returns_DefaultValue" />
    </UnitTest>
    <UnitTest name="ToExists_Passing_NotFound_Service_Returns_False" storage="d:\sferrari\01 - trabajo\repos\netcore\template-netcore-shared\kitpymes.core.shared.tests\bin\debug\netcoreapp3.0\kitpymes.core.shared.tests.dll" id="640513b3-feee-19a8-efba-5817e77ff3ee">
      <Execution id="4e6dd06f-8997-4aec-8b93-49a89a40213b" />
      <TestMethod codeBase="D:\SFERRARI\01 - TRABAJO\REPOS\netcore\template-netcore-shared\Kitpymes.Core.Shared.Tests\bin\Debug\netcoreapp3.0\Kitpymes.Core.Shared.Tests.dll" adapterTypeName="executor://mstestadapter/v2" className="Kitpymes.Core.Shared.Tests.ConfigurationBuilderExtensionsTests" name="ToExists_Passing_NotFound_Service_Returns_False" />
    </UnitTest>
    <UnitTest name="IsFile_Passing_InvalidArguments_Returns_HasErrorsAndCount" storage="d:\sferrari\01 - trabajo\repos\netcore\template-netcore-shared\kitpymes.core.shared.tests\bin\debug\netcoreapp3.0\kitpymes.core.shared.tests.dll" id="d7c20db6-f712-8539-ac01-01e8f4033fac">
      <Execution id="e777096d-a1ba-4c00-bcfb-0d001bd3eaed" />
      <TestMethod codeBase="D:\SFERRARI\01 - TRABAJO\REPOS\netcore\template-netcore-shared\Kitpymes.Core.Shared.Tests\bin\Debug\netcoreapp3.0\Kitpymes.Core.Shared.Tests.dll" adapterTypeName="executor://mstestadapter/v2" className="Kitpymes.Core.Shared.Tests.CheckTests" name="IsFile_Passing_InvalidArguments_Returns_HasErrorsAndCount" />
    </UnitTest>
    <UnitTest name="ToFormat_Passing_ValidTimeSpanValue_Returns_ValueWithFormatString" storage="d:\sferrari\01 - trabajo\repos\netcore\template-netcore-shared\kitpymes.core.shared.tests\bin\debug\netcoreapp3.0\kitpymes.core.shared.tests.dll" id="ede15cdf-3d1b-3e1a-18dc-485a2d50fe42">
      <Execution id="1fe90878-7797-40a2-8e1b-00e6f9e7fb5f" />
      <TestMethod codeBase="D:\SFERRARI\01 - TRABAJO\REPOS\netcore\template-netcore-shared\Kitpymes.Core.Shared.Tests\bin\Debug\netcoreapp3.0\Kitpymes.Core.Shared.Tests.dll" adapterTypeName="executor://mstestadapter/v2" className="Kitpymes.Core.Shared.Tests.TimeSpanExtensionsTests" name="ToFormat_Passing_ValidTimeSpanValue_Returns_ValueWithFormatString" />
    </UnitTest>
    <UnitTest name="IsLowercase_Passing_ValidArguments_Returns_HasErrorsAndCount" storage="d:\sferrari\01 - trabajo\repos\netcore\template-netcore-shared\kitpymes.core.shared.tests\bin\debug\netcoreapp3.0\kitpymes.core.shared.tests.dll" id="006d3c07-11d3-9f4b-c045-6799df52bbfb">
      <Execution id="16af817b-5576-4d8b-a226-55e97a748f8b" />
      <TestMethod codeBase="D:\SFERRARI\01 - TRABAJO\REPOS\netcore\template-netcore-shared\Kitpymes.Core.Shared.Tests\bin\Debug\netcoreapp3.0\Kitpymes.Core.Shared.Tests.dll" adapterTypeName="executor://mstestadapter/v2" className="Kitpymes.Core.Shared.Tests.CheckTests" name="IsLowercase_Passing_ValidArguments_Returns_HasErrorsAndCount" />
    </UnitTest>
    <UnitTest name="ToTryIPv6_Passing_HttpContext_IP_Value_Returns_IP" storage="d:\sferrari\01 - trabajo\repos\netcore\template-netcore-shared\kitpymes.core.shared.tests\bin\debug\netcoreapp3.0\kitpymes.core.shared.tests.dll" id="10024a68-25d4-872c-3e48-a6d6b2671494">
      <Execution id="a87201b6-4001-4468-b71b-4e1b043514af" />
      <TestMethod codeBase="D:\SFERRARI\01 - TRABAJO\REPOS\netcore\template-netcore-shared\Kitpymes.Core.Shared.Tests\bin\Debug\netcoreapp3.0\Kitpymes.Core.Shared.Tests.dll" adapterTypeName="executor://mstestadapter/v2" className="Kitpymes.Core.Shared.Tests.HttpContextExtensionsTests" name="ToTryIPv6_Passing_HttpContext_IP_Value_Returns_IP" />
    </UnitTest>
    <UnitTest name="IsHostname_Passing_ValidArguments_Returns_HasErrorsAndCount" storage="d:\sferrari\01 - trabajo\repos\netcore\template-netcore-shared\kitpymes.core.shared.tests\bin\debug\netcoreapp3.0\kitpymes.core.shared.tests.dll" id="46df7735-43c3-1f8d-197a-cd21c82e5889">
      <Execution id="ea623c7c-888c-4a7b-a2a3-4e2ffdb1421a" />
      <TestMethod codeBase="D:\SFERRARI\01 - TRABAJO\REPOS\netcore\template-netcore-shared\Kitpymes.Core.Shared.Tests\bin\Debug\netcoreapp3.0\Kitpymes.Core.Shared.Tests.dll" adapterTypeName="executor://mstestadapter/v2" className="Kitpymes.Core.Shared.Tests.CheckTests" name="IsHostname_Passing_ValidArguments_Returns_HasErrorsAndCount" />
    </UnitTest>
    <UnitTest name="ToIsWeekend_Passing_Friday_DateTime_Returns_False" storage="d:\sferrari\01 - trabajo\repos\netcore\template-netcore-shared\kitpymes.core.shared.tests\bin\debug\netcoreapp3.0\kitpymes.core.shared.tests.dll" id="459f13f4-e266-2f20-5c30-d2c64797095d">
      <Execution id="784e77ed-bd95-4f30-8d59-0e8d784badca" />
      <TestMethod codeBase="D:\SFERRARI\01 - TRABAJO\REPOS\netcore\template-netcore-shared\Kitpymes.Core.Shared.Tests\bin\Debug\netcoreapp3.0\Kitpymes.Core.Shared.Tests.dll" adapterTypeName="executor://mstestadapter/v2" className="Kitpymes.Core.Shared.Tests.DateTimeExtensionsTests" name="ToIsWeekend_Passing_Friday_DateTime_Returns_False" />
    </UnitTest>
    <UnitTest name="IsUniqueChars_Passing_ValidArguments_Returns_HasErrorsAndCount" storage="d:\sferrari\01 - trabajo\repos\netcore\template-netcore-shared\kitpymes.core.shared.tests\bin\debug\netcoreapp3.0\kitpymes.core.shared.tests.dll" id="fcd9a6e3-ee1d-7212-668e-2b0865200d81">
      <Execution id="7df31fbe-1177-49c5-a4f9-83a4e1bba75e" />
      <TestMethod codeBase="D:\SFERRARI\01 - TRABAJO\REPOS\netcore\template-netcore-shared\Kitpymes.Core.Shared.Tests\bin\Debug\netcoreapp3.0\Kitpymes.Core.Shared.Tests.dll" adapterTypeName="executor://mstestadapter/v2" className="Kitpymes.Core.Shared.Tests.CheckTests" name="IsUniqueChars_Passing_ValidArguments_Returns_HasErrorsAndCount" />
    </UnitTest>
    <UnitTest name="ToConfiguration_Passing_Key_Values_Returns_Ok" storage="d:\sferrari\01 - trabajo\repos\netcore\template-netcore-shared\kitpymes.core.shared.tests\bin\debug\netcoreapp3.0\kitpymes.core.shared.tests.dll" id="66f7bc12-fe2b-fd81-3cbf-5bc4840aa6f8">
      <Execution id="d8484b78-eef0-4013-a0d9-23c2c8e42b83" />
      <TestMethod codeBase="D:\SFERRARI\01 - TRABAJO\REPOS\netcore\template-netcore-shared\Kitpymes.Core.Shared.Tests\bin\Debug\netcoreapp3.0\Kitpymes.Core.Shared.Tests.dll" adapterTypeName="executor://mstestadapter/v2" className="Kitpymes.Core.Shared.Tests.ConfigurationBuilderExtensionsTests" name="ToConfiguration_Passing_Key_Values_Returns_Ok" />
    </UnitTest>
    <UnitTest name="ToReadOnly_Passing_Valid_Collection_Returns_Readonly_Collection" storage="d:\sferrari\01 - trabajo\repos\netcore\template-netcore-shared\kitpymes.core.shared.tests\bin\debug\netcoreapp3.0\kitpymes.core.shared.tests.dll" id="42ded375-26ee-044e-44a7-9eab5e4cd342">
      <Execution id="40e8fdb7-e708-49c6-8c22-c94170c325f7" />
      <TestMethod codeBase="D:\SFERRARI\01 - TRABAJO\REPOS\netcore\template-netcore-shared\Kitpymes.Core.Shared.Tests\bin\Debug\netcoreapp3.0\Kitpymes.Core.Shared.Tests.dll" adapterTypeName="executor://mstestadapter/v2" className="Kitpymes.Core.Shared.Tests.EnumerableExtensionsTests" name="ToReadOnly_Passing_Valid_Collection_Returns_Readonly_Collection" />
    </UnitTest>
    <UnitTest name="ToEnvironment_Passing_Staging_Enviroment_Returns_Staging_Name" storage="d:\sferrari\01 - trabajo\repos\netcore\template-netcore-shared\kitpymes.core.shared.tests\bin\debug\netcoreapp3.0\kitpymes.core.shared.tests.dll" id="5e237822-3b9d-da27-9221-3ae1f5eb15b0">
      <Execution id="decf73f2-72e0-46a6-9466-11f7961f21af" />
      <TestMethod codeBase="D:\SFERRARI\01 - TRABAJO\REPOS\netcore\template-netcore-shared\Kitpymes.Core.Shared.Tests\bin\Debug\netcoreapp3.0\Kitpymes.Core.Shared.Tests.dll" adapterTypeName="executor://mstestadapter/v2" className="Kitpymes.Core.Shared.Tests.ApplicationBuilderExtensionsTests" name="ToEnvironment_Passing_Staging_Enviroment_Returns_Staging_Name" />
    </UnitTest>
    <UnitTest name="ToServiceMatchingInterface_Passing_Empties_Assemblies_Returns_ApplicationException" storage="d:\sferrari\01 - trabajo\repos\netcore\template-netcore-shared\kitpymes.core.shared.tests\bin\debug\netcoreapp3.0\kitpymes.core.shared.tests.dll" id="760ae14b-6c0d-0288-811d-408b67937415">
      <Execution id="fc50596a-96d0-4ca4-8eb9-99831b1169f0" />
      <TestMethod codeBase="D:\SFERRARI\01 - TRABAJO\REPOS\netcore\template-netcore-shared\Kitpymes.Core.Shared.Tests\bin\Debug\netcoreapp3.0\Kitpymes.Core.Shared.Tests.dll" adapterTypeName="executor://mstestadapter/v2" className="Kitpymes.Core.Shared.Tests.ConfigurationBuilderExtensionsTests" name="ToServiceMatchingInterface_Passing_Empties_Assemblies_Returns_ApplicationException" />
    </UnitTest>
    <UnitTest name="ToIsLastDayOfTheMonth_Passing_LastDayOfMonth_Returns_True" storage="d:\sferrari\01 - trabajo\repos\netcore\template-netcore-shared\kitpymes.core.shared.tests\bin\debug\netcoreapp3.0\kitpymes.core.shared.tests.dll" id="98d4dd82-eb94-c060-7aeb-9b0a39f334fb">
      <Execution id="8947be3a-027a-4f42-8f1e-e9d0bb6f5e7b" />
      <TestMethod codeBase="D:\SFERRARI\01 - TRABAJO\REPOS\netcore\template-netcore-shared\Kitpymes.Core.Shared.Tests\bin\Debug\netcoreapp3.0\Kitpymes.Core.Shared.Tests.dll" adapterTypeName="executor://mstestadapter/v2" className="Kitpymes.Core.Shared.Tests.DateTimeExtensionsTests" name="ToIsLastDayOfTheMonth_Passing_LastDayOfMonth_Returns_True" />
    </UnitTest>
    <UnitTest name="ToConfiguration_Passing_Empty_DirectoryPath_Returns_ApplicationException" storage="d:\sferrari\01 - trabajo\repos\netcore\template-netcore-shared\kitpymes.core.shared.tests\bin\debug\netcoreapp3.0\kitpymes.core.shared.tests.dll" id="5c861184-f295-e727-0fd4-d218f13da14d">
      <Execution id="4f7129bb-e9fd-402e-83a9-80fa7bc385bd" />
      <TestMethod codeBase="D:\SFERRARI\01 - TRABAJO\REPOS\netcore\template-netcore-shared\Kitpymes.Core.Shared.Tests\bin\Debug\netcoreapp3.0\Kitpymes.Core.Shared.Tests.dll" adapterTypeName="executor://mstestadapter/v2" className="Kitpymes.Core.Shared.Tests.ConfigurationBuilderExtensionsTests" name="ToConfiguration_Passing_Empty_DirectoryPath_Returns_ApplicationException" />
    </UnitTest>
    <UnitTest name="IsEmail_Passing_InvalidArguments_Returns_HasErrorsAndCount" storage="d:\sferrari\01 - trabajo\repos\netcore\template-netcore-shared\kitpymes.core.shared.tests\bin\debug\netcoreapp3.0\kitpymes.core.shared.tests.dll" id="180814cc-22f9-91b2-cd9a-f54be7e1ba18">
      <Execution id="0c47d60d-9346-40c5-9d92-7c1c0d3516ea" />
      <TestMethod codeBase="D:\SFERRARI\01 - TRABAJO\REPOS\netcore\template-netcore-shared\Kitpymes.Core.Shared.Tests\bin\Debug\netcoreapp3.0\Kitpymes.Core.Shared.Tests.dll" adapterTypeName="executor://mstestadapter/v2" className="Kitpymes.Core.Shared.Tests.CheckTests" name="IsEmail_Passing_InvalidArguments_Returns_HasErrorsAndCount" />
    </UnitTest>
    <UnitTest name="ToDirectoryFindFilePath_Passing_ValidValueIntoSubDirectory_Returns_FilePath" storage="d:\sferrari\01 - trabajo\repos\netcore\template-netcore-shared\kitpymes.core.shared.tests\bin\debug\netcoreapp3.0\kitpymes.core.shared.tests.dll" id="5fda35dc-4db7-2169-9391-a6295d2ec5fd">
      <Execution id="9eab0fc6-cd66-4117-8d70-68814509b8d0" />
      <TestMethod codeBase="D:\SFERRARI\01 - TRABAJO\REPOS\netcore\template-netcore-shared\Kitpymes.Core.Shared.Tests\bin\Debug\netcoreapp3.0\Kitpymes.Core.Shared.Tests.dll" adapterTypeName="executor://mstestadapter/v2" className="Kitpymes.Core.Shared.Tests.StringExtensionsTests" name="ToDirectoryFindFilePath_Passing_ValidValueIntoSubDirectory_Returns_FilePath" />
    </UnitTest>
    <UnitTest name="ToAuthenticationType_Passing_Null_ClaimsPrincipal_Returns_ApplicationException" storage="d:\sferrari\01 - trabajo\repos\netcore\template-netcore-shared\kitpymes.core.shared.tests\bin\debug\netcoreapp3.0\kitpymes.core.shared.tests.dll" id="8dccdb77-e6a8-58c6-9bd0-108f87c5ff65">
      <Execution id="e3e83140-da80-4b42-a652-d60afdce2944" />
      <TestMethod codeBase="D:\SFERRARI\01 - TRABAJO\REPOS\netcore\template-netcore-shared\Kitpymes.Core.Shared.Tests\bin\Debug\netcoreapp3.0\Kitpymes.Core.Shared.Tests.dll" adapterTypeName="executor://mstestadapter/v2" className="Kitpymes.Core.Shared.Tests.ClaimsPrincipalExtensionsTests" name="ToAuthenticationType_Passing_Null_ClaimsPrincipal_Returns_ApplicationException" />
    </UnitTest>
    <UnitTest name="ToDefaultValue_Passing_ValidString_Returns_DefaultValue" storage="d:\sferrari\01 - trabajo\repos\netcore\template-netcore-shared\kitpymes.core.shared.tests\bin\debug\netcoreapp3.0\kitpymes.core.shared.tests.dll" id="579b7361-19a9-f329-acb3-de102dcfc793">
      <Execution id="9f307d48-7471-44a0-ba4b-1af08d45c1b1" />
      <TestMethod codeBase="D:\SFERRARI\01 - TRABAJO\REPOS\netcore\template-netcore-shared\Kitpymes.Core.Shared.Tests\bin\Debug\netcoreapp3.0\Kitpymes.Core.Shared.Tests.dll" adapterTypeName="executor://mstestadapter/v2" className="Kitpymes.Core.Shared.Tests.TypeExtensionsTests" name="ToDefaultValue_Passing_ValidString_Returns_DefaultValue" />
    </UnitTest>
    <UnitTest name="ToIsNullOrEmpty_Passing_InvalidValue_Returns_True" storage="d:\sferrari\01 - trabajo\repos\netcore\template-netcore-shared\kitpymes.core.shared.tests\bin\debug\netcoreapp3.0\kitpymes.core.shared.tests.dll" id="297c060d-406b-f933-91fe-dfd3459b8ace">
      <Execution id="f051e498-a324-4894-992a-766e630afad3" />
      <TestMethod codeBase="D:\SFERRARI\01 - TRABAJO\REPOS\netcore\template-netcore-shared\Kitpymes.Core.Shared.Tests\bin\Debug\netcoreapp3.0\Kitpymes.Core.Shared.Tests.dll" adapterTypeName="executor://mstestadapter/v2" className="Kitpymes.Core.Shared.Tests.CheckExtensionsTests" name="ToIsNullOrEmpty_Passing_InvalidValue_Returns_True" />
    </UnitTest>
    <UnitTest name="ToList_Passing_ValidEnumTypeWithSelectedValue_Returns_ValuesList" storage="d:\sferrari\01 - trabajo\repos\netcore\template-netcore-shared\kitpymes.core.shared.tests\bin\debug\netcoreapp3.0\kitpymes.core.shared.tests.dll" id="b871cd27-681f-8d07-6c2a-809341ba2909">
      <Execution id="02ddc1f9-9782-4d1c-823e-34b79e1f5a05" />
      <TestMethod codeBase="D:\SFERRARI\01 - TRABAJO\REPOS\netcore\template-netcore-shared\Kitpymes.Core.Shared.Tests\bin\Debug\netcoreapp3.0\Kitpymes.Core.Shared.Tests.dll" adapterTypeName="executor://mstestadapter/v2" className="Kitpymes.Core.Shared.Tests.EnumsTests" name="ToList_Passing_ValidEnumTypeWithSelectedValue_Returns_ValuesList" />
    </UnitTest>
    <UnitTest name="ToDefaultValue_Passing_char_Returns_Cero" storage="d:\sferrari\01 - trabajo\repos\netcore\template-netcore-shared\kitpymes.core.shared.tests\bin\debug\netcoreapp3.0\kitpymes.core.shared.tests.dll" id="17a38df3-33e0-71ac-f8cb-dcdd3ade7269">
      <Execution id="07084a7c-45a7-4c5e-b838-6b5fc2cd793b" />
      <TestMethod codeBase="D:\SFERRARI\01 - TRABAJO\REPOS\netcore\template-netcore-shared\Kitpymes.Core.Shared.Tests\bin\Debug\netcoreapp3.0\Kitpymes.Core.Shared.Tests.dll" adapterTypeName="executor://mstestadapter/v2" className="Kitpymes.Core.Shared.Tests.GenericExtensionsTests" name="ToDefaultValue_Passing_char_Returns_Cero" />
    </UnitTest>
    <UnitTest name="ToExists_Passing_Claims_Returns_True" storage="d:\sferrari\01 - trabajo\repos\netcore\template-netcore-shared\kitpymes.core.shared.tests\bin\debug\netcoreapp3.0\kitpymes.core.shared.tests.dll" id="57d3cdd8-8268-9aa3-6f39-3cc0224b305c">
      <Execution id="0cb9ec26-04fa-4964-a904-e3a6d9d0a526" />
      <TestMethod codeBase="D:\SFERRARI\01 - TRABAJO\REPOS\netcore\template-netcore-shared\Kitpymes.Core.Shared.Tests\bin\Debug\netcoreapp3.0\Kitpymes.Core.Shared.Tests.dll" adapterTypeName="executor://mstestadapter/v2" className="Kitpymes.Core.Shared.Tests.ClaimsPrincipalExtensionsTests" name="ToExists_Passing_Claims_Returns_True" />
    </UnitTest>
    <UnitTest name="ToIsNullOrAny_Passing_InvalidValue_Returns_True" storage="d:\sferrari\01 - trabajo\repos\netcore\template-netcore-shared\kitpymes.core.shared.tests\bin\debug\netcoreapp3.0\kitpymes.core.shared.tests.dll" id="55f105d6-fc07-21db-e70a-db30ccdb0844">
      <Execution id="fbaff137-5ae2-4a72-9cd1-a2c2d7c337c1" />
      <TestMethod codeBase="D:\SFERRARI\01 - TRABAJO\REPOS\netcore\template-netcore-shared\Kitpymes.Core.Shared.Tests\bin\Debug\netcoreapp3.0\Kitpymes.Core.Shared.Tests.dll" adapterTypeName="executor://mstestadapter/v2" className="Kitpymes.Core.Shared.Tests.CheckExtensionsTests" name="ToIsNullOrAny_Passing_InvalidValue_Returns_True" />
    </UnitTest>
    <UnitTest name="IsEspecialChars_Passing_ValidArguments_Returns_HasErrorsAndCount" storage="d:\sferrari\01 - trabajo\repos\netcore\template-netcore-shared\kitpymes.core.shared.tests\bin\debug\netcoreapp3.0\kitpymes.core.shared.tests.dll" id="a2b6017f-838f-c435-81c1-a75dd92108eb">
      <Execution id="5d12cac4-4eaa-412a-b64d-36528ee074f9" />
      <TestMethod codeBase="D:\SFERRARI\01 - TRABAJO\REPOS\netcore\template-netcore-shared\Kitpymes.Core.Shared.Tests\bin\Debug\netcoreapp3.0\Kitpymes.Core.Shared.Tests.dll" adapterTypeName="executor://mstestadapter/v2" className="Kitpymes.Core.Shared.Tests.CheckTests" name="IsEspecialChars_Passing_ValidArguments_Returns_HasErrorsAndCount" />
    </UnitTest>
    <UnitTest name="ToSetTime_Passing_Time_String_Returns_DateTime" storage="d:\sferrari\01 - trabajo\repos\netcore\template-netcore-shared\kitpymes.core.shared.tests\bin\debug\netcoreapp3.0\kitpymes.core.shared.tests.dll" id="34931354-7c25-7812-28fe-96ea501746b4">
      <Execution id="ca31439e-90ef-4bd7-b9bb-82e85e576be1" />
      <TestMethod codeBase="D:\SFERRARI\01 - TRABAJO\REPOS\netcore\template-netcore-shared\Kitpymes.Core.Shared.Tests\bin\Debug\netcoreapp3.0\Kitpymes.Core.Shared.Tests.dll" adapterTypeName="executor://mstestadapter/v2" className="Kitpymes.Core.Shared.Tests.DateTimeExtensionsTests" name="ToSetTime_Passing_Time_String_Returns_DateTime" />
    </UnitTest>
    <UnitTest name="ToHeader_Passing_HttpRequest_Header_Many_Values_Returns_Values" storage="d:\sferrari\01 - trabajo\repos\netcore\template-netcore-shared\kitpymes.core.shared.tests\bin\debug\netcoreapp3.0\kitpymes.core.shared.tests.dll" id="43c10c64-8836-30db-afbe-d1657a7dd9d8">
      <Execution id="7ee76a59-a345-45a5-9aaa-2349a895625a" />
      <TestMethod codeBase="D:\SFERRARI\01 - TRABAJO\REPOS\netcore\template-netcore-shared\Kitpymes.Core.Shared.Tests\bin\Debug\netcoreapp3.0\Kitpymes.Core.Shared.Tests.dll" adapterTypeName="executor://mstestadapter/v2" className="Kitpymes.Core.Shared.Tests.HttpRequestExtensionsTests" name="ToHeader_Passing_HttpRequest_Header_Many_Values_Returns_Values" />
    </UnitTest>
    <UnitTest name="ToDirectorySaveFileAsync_Passing_ValidValue_Returns_False" storage="d:\sferrari\01 - trabajo\repos\netcore\template-netcore-shared\kitpymes.core.shared.tests\bin\debug\netcoreapp3.0\kitpymes.core.shared.tests.dll" id="0696fab6-6d9f-2b85-4a73-248fbd1cdda4">
      <Execution id="45c9f046-2f99-4f0f-97b7-8933904499b2" />
      <TestMethod codeBase="D:\SFERRARI\01 - TRABAJO\REPOS\netcore\template-netcore-shared\Kitpymes.Core.Shared.Tests\bin\Debug\netcoreapp3.0\Kitpymes.Core.Shared.Tests.dll" adapterTypeName="executor://mstestadapter/v2" className="Kitpymes.Core.Shared.Tests.StringExtensionsTests" name="ToDirectorySaveFileAsync_Passing_ValidValue_Returns_False" />
    </UnitTest>
    <UnitTest name="ToConfiguration_Passing_Invalid_DirectoryPath_Returns_ApplicationException" storage="d:\sferrari\01 - trabajo\repos\netcore\template-netcore-shared\kitpymes.core.shared.tests\bin\debug\netcoreapp3.0\kitpymes.core.shared.tests.dll" id="73904cd7-b09d-89fc-efca-330cb9d1d1b7">
      <Execution id="e2632432-3e9b-4ea6-b79a-62e674651570" />
      <TestMethod codeBase="D:\SFERRARI\01 - TRABAJO\REPOS\netcore\template-netcore-shared\Kitpymes.Core.Shared.Tests\bin\Debug\netcoreapp3.0\Kitpymes.Core.Shared.Tests.dll" adapterTypeName="executor://mstestadapter/v2" className="Kitpymes.Core.Shared.Tests.ConfigurationBuilderExtensionsTests" name="ToConfiguration_Passing_Invalid_DirectoryPath_Returns_ApplicationException" />
    </UnitTest>
    <UnitTest name="IsName_Passing_ValidArguments_Returns_HasErrorsAndCount" storage="d:\sferrari\01 - trabajo\repos\netcore\template-netcore-shared\kitpymes.core.shared.tests\bin\debug\netcoreapp3.0\kitpymes.core.shared.tests.dll" id="0e702ef4-7e85-bcb3-3879-32ee56a27932">
      <Execution id="92c8f6f1-ce31-47ae-ae95-26140b4fcca8" />
      <TestMethod codeBase="D:\SFERRARI\01 - TRABAJO\REPOS\netcore\template-netcore-shared\Kitpymes.Core.Shared.Tests\bin\Debug\netcoreapp3.0\Kitpymes.Core.Shared.Tests.dll" adapterTypeName="executor://mstestadapter/v2" className="Kitpymes.Core.Shared.Tests.CheckTests" name="IsName_Passing_ValidArguments_Returns_HasErrorsAndCount" />
    </UnitTest>
    <UnitTest name="ToPaged_Passing_Age_Ascending_Order_Returns_Filter_List" storage="d:\sferrari\01 - trabajo\repos\netcore\template-netcore-shared\kitpymes.core.shared.tests\bin\debug\netcoreapp3.0\kitpymes.core.shared.tests.dll" id="f0f37a42-1a3a-10a5-5f17-e01b9915abd3">
      <Execution id="4b0a9d9f-8a03-450b-921c-15ddb6e7db1b" />
      <TestMethod codeBase="D:\SFERRARI\01 - TRABAJO\REPOS\netcore\template-netcore-shared\Kitpymes.Core.Shared.Tests\bin\Debug\netcoreapp3.0\Kitpymes.Core.Shared.Tests.dll" adapterTypeName="executor://mstestadapter/v2" className="Kitpymes.Core.Shared.Tests.QueryableExtensionsTests" name="ToPaged_Passing_Age_Ascending_Order_Returns_Filter_List" />
    </UnitTest>
    <UnitTest name="ToDetails_Passing_HttpContext_Returns_Details_HttpContext" storage="d:\sferrari\01 - trabajo\repos\netcore\template-netcore-shared\kitpymes.core.shared.tests\bin\debug\netcoreapp3.0\kitpymes.core.shared.tests.dll" id="4ff63349-9eef-ad1f-85cf-a84cda1ff120">
      <Execution id="4479d07d-5d3c-4971-bc15-b06108cf5286" />
      <TestMethod codeBase="D:\SFERRARI\01 - TRABAJO\REPOS\netcore\template-netcore-shared\Kitpymes.Core.Shared.Tests\bin\Debug\netcoreapp3.0\Kitpymes.Core.Shared.Tests.dll" adapterTypeName="executor://mstestadapter/v2" className="Kitpymes.Core.Shared.Tests.HttpContextExtensionsTests" name="ToDetails_Passing_HttpContext_Returns_Details_HttpContext" />
    </UnitTest>
    <UnitTest name="ToEmptyIfNull_Passing_Null_Collection_Returns_Empty_Collection" storage="d:\sferrari\01 - trabajo\repos\netcore\template-netcore-shared\kitpymes.core.shared.tests\bin\debug\netcoreapp3.0\kitpymes.core.shared.tests.dll" id="3e6d6aa9-9b6d-dd96-b54c-49f88780a2b4">
      <Execution id="39b4e863-4bef-4c3d-9b4e-1b0395a83aa7" />
      <TestMethod codeBase="D:\SFERRARI\01 - TRABAJO\REPOS\netcore\template-netcore-shared\Kitpymes.Core.Shared.Tests\bin\Debug\netcoreapp3.0\Kitpymes.Core.Shared.Tests.dll" adapterTypeName="executor://mstestadapter/v2" className="Kitpymes.Core.Shared.Tests.EnumerableExtensionsTests" name="ToEmptyIfNull_Passing_Null_Collection_Returns_Empty_Collection" />
    </UnitTest>
    <UnitTest name="ToInt_Passing_InvalidValueString_Returns_DefaultValue" storage="d:\sferrari\01 - trabajo\repos\netcore\template-netcore-shared\kitpymes.core.shared.tests\bin\debug\netcoreapp3.0\kitpymes.core.shared.tests.dll" id="19f76070-822e-31f8-2a9f-a96f774333a7">
      <Execution id="99c7f268-28e5-4d84-8e20-97e9aa00cb50" />
      <TestMethod codeBase="D:\SFERRARI\01 - TRABAJO\REPOS\netcore\template-netcore-shared\Kitpymes.Core.Shared.Tests\bin\Debug\netcoreapp3.0\Kitpymes.Core.Shared.Tests.dll" adapterTypeName="executor://mstestadapter/v2" className="Kitpymes.Core.Shared.Tests.StringExtensionsTests" name="ToInt_Passing_InvalidValueString_Returns_DefaultValue" />
    </UnitTest>
    <UnitTest name="ToEnvironment_ServiceProvider_Passing_Development_Enviroment_Returns_Development_Name" storage="d:\sferrari\01 - trabajo\repos\netcore\template-netcore-shared\kitpymes.core.shared.tests\bin\debug\netcoreapp3.0\kitpymes.core.shared.tests.dll" id="c09577a6-adca-ef94-40b5-45575ad65e4f">
      <Execution id="9be5fc3e-b2a1-422f-b95a-4d06876bf3c4" />
      <TestMethod codeBase="D:\SFERRARI\01 - TRABAJO\REPOS\netcore\template-netcore-shared\Kitpymes.Core.Shared.Tests\bin\Debug\netcoreapp3.0\Kitpymes.Core.Shared.Tests.dll" adapterTypeName="executor://mstestadapter/v2" className="Kitpymes.Core.Shared.Tests.ConfigurationBuilderExtensionsTests" name="ToEnvironment_ServiceProvider_Passing_Development_Enviroment_Returns_Development_Name" />
    </UnitTest>
    <UnitTest name="ToUserName_Passing_Valid_UserName_ClaimsPrincipal_Returns_String_UserName_Value" storage="d:\sferrari\01 - trabajo\repos\netcore\template-netcore-shared\kitpymes.core.shared.tests\bin\debug\netcoreapp3.0\kitpymes.core.shared.tests.dll" id="856fd0c8-b6f8-9265-ccfd-2a9e615488e2">
      <Execution id="30e09c28-82ec-474b-acc2-93c28c11170d" />
      <TestMethod codeBase="D:\SFERRARI\01 - TRABAJO\REPOS\netcore\template-netcore-shared\Kitpymes.Core.Shared.Tests\bin\Debug\netcoreapp3.0\Kitpymes.Core.Shared.Tests.dll" adapterTypeName="executor://mstestadapter/v2" className="Kitpymes.Core.Shared.Tests.ClaimsPrincipalExtensionsTests" name="ToUserName_Passing_Valid_UserName_ClaimsPrincipal_Returns_String_UserName_Value" />
    </UnitTest>
    <UnitTest name="ToEnvironment_ServiceCollection_Passing_Staging_Enviroment_Returns_Staging_Name" storage="d:\sferrari\01 - trabajo\repos\netcore\template-netcore-shared\kitpymes.core.shared.tests\bin\debug\netcoreapp3.0\kitpymes.core.shared.tests.dll" id="504465b7-a3fe-9023-93b9-ffece1903418">
      <Execution id="83296e6b-0853-4be5-b851-27a30cfeb925" />
      <TestMethod codeBase="D:\SFERRARI\01 - TRABAJO\REPOS\netcore\template-netcore-shared\Kitpymes.Core.Shared.Tests\bin\Debug\netcoreapp3.0\Kitpymes.Core.Shared.Tests.dll" adapterTypeName="executor://mstestadapter/v2" className="Kitpymes.Core.Shared.Tests.ConfigurationBuilderExtensionsTests" name="ToEnvironment_ServiceCollection_Passing_Staging_Enviroment_Returns_Staging_Name" />
    </UnitTest>
    <UnitTest name="ToDefaultValue_Passing_short_Returns_Cero" storage="d:\sferrari\01 - trabajo\repos\netcore\template-netcore-shared\kitpymes.core.shared.tests\bin\debug\netcoreapp3.0\kitpymes.core.shared.tests.dll" id="40108f40-2761-0a89-d16d-ad113b5f3dd5">
      <Execution id="1af9b7e2-8e41-4008-b3f0-88e29c709b68" />
      <TestMethod codeBase="D:\SFERRARI\01 - TRABAJO\REPOS\netcore\template-netcore-shared\Kitpymes.Core.Shared.Tests\bin\Debug\netcoreapp3.0\Kitpymes.Core.Shared.Tests.dll" adapterTypeName="executor://mstestadapter/v2" className="Kitpymes.Core.Shared.Tests.GenericExtensionsTests" name="ToDefaultValue_Passing_short_Returns_Cero" />
    </UnitTest>
    <UnitTest name="ToDefaultValue_Passing_ValidGuid_Returns_DefaultValue" storage="d:\sferrari\01 - trabajo\repos\netcore\template-netcore-shared\kitpymes.core.shared.tests\bin\debug\netcoreapp3.0\kitpymes.core.shared.tests.dll" id="225c09bd-86d5-d9ce-d2b8-18431ca384e3">
      <Execution id="0d24c704-7f95-4865-8557-5321e35e2759" />
      <TestMethod codeBase="D:\SFERRARI\01 - TRABAJO\REPOS\netcore\template-netcore-shared\Kitpymes.Core.Shared.Tests\bin\Debug\netcoreapp3.0\Kitpymes.Core.Shared.Tests.dll" adapterTypeName="executor://mstestadapter/v2" className="Kitpymes.Core.Shared.Tests.TypeExtensionsTests" name="ToDefaultValue_Passing_ValidGuid_Returns_DefaultValue" />
    </UnitTest>
    <UnitTest name="ToDefaultValue_Passing_int_Returns_Cero" storage="d:\sferrari\01 - trabajo\repos\netcore\template-netcore-shared\kitpymes.core.shared.tests\bin\debug\netcoreapp3.0\kitpymes.core.shared.tests.dll" id="4234610b-215b-41f7-e61d-4a82851bdfa3">
      <Execution id="e0f3cfb4-a85c-4e3b-8cee-9825d09a65d0" />
      <TestMethod codeBase="D:\SFERRARI\01 - TRABAJO\REPOS\netcore\template-netcore-shared\Kitpymes.Core.Shared.Tests\bin\Debug\netcoreapp3.0\Kitpymes.Core.Shared.Tests.dll" adapterTypeName="executor://mstestadapter/v2" className="Kitpymes.Core.Shared.Tests.GenericExtensionsTests" name="ToDefaultValue_Passing_int_Returns_Cero" />
    </UnitTest>
    <UnitTest name="ToTryGetHeader_Passing_HttpRequest_Header_Value_Returns_Value" storage="d:\sferrari\01 - trabajo\repos\netcore\template-netcore-shared\kitpymes.core.shared.tests\bin\debug\netcoreapp3.0\kitpymes.core.shared.tests.dll" id="13bab721-bf36-ea1b-3f50-9937b274e83a">
      <Execution id="2f3f7489-4fb7-436c-bab8-d9ff676cc1ae" />
      <TestMethod codeBase="D:\SFERRARI\01 - TRABAJO\REPOS\netcore\template-netcore-shared\Kitpymes.Core.Shared.Tests\bin\Debug\netcoreapp3.0\Kitpymes.Core.Shared.Tests.dll" adapterTypeName="executor://mstestadapter/v2" className="Kitpymes.Core.Shared.Tests.HttpRequestExtensionsTests" name="ToTryGetHeader_Passing_HttpRequest_Header_Value_Returns_Value" />
    </UnitTest>
    <UnitTest name="IsSubdomain_Passing_ValidArguments_Returns_HasErrorsAndCount" storage="d:\sferrari\01 - trabajo\repos\netcore\template-netcore-shared\kitpymes.core.shared.tests\bin\debug\netcoreapp3.0\kitpymes.core.shared.tests.dll" id="725d136c-3e7a-6e51-fc61-03203ffec0b5">
      <Execution id="b9be9c00-14d9-4944-aa63-cf9c000562d8" />
      <TestMethod codeBase="D:\SFERRARI\01 - TRABAJO\REPOS\netcore\template-netcore-shared\Kitpymes.Core.Shared.Tests\bin\Debug\netcoreapp3.0\Kitpymes.Core.Shared.Tests.dll" adapterTypeName="executor://mstestadapter/v2" className="Kitpymes.Core.Shared.Tests.CheckTests" name="IsSubdomain_Passing_ValidArguments_Returns_HasErrorsAndCount" />
    </UnitTest>
    <UnitTest name="ToService_Passing_NotFound_Service_Returns_Null" storage="d:\sferrari\01 - trabajo\repos\netcore\template-netcore-shared\kitpymes.core.shared.tests\bin\debug\netcoreapp3.0\kitpymes.core.shared.tests.dll" id="c330741e-ad40-618c-36cc-508c135d2b95">
      <Execution id="6eff912a-5ef3-4256-9447-5f06c0c7bcbd" />
      <TestMethod codeBase="D:\SFERRARI\01 - TRABAJO\REPOS\netcore\template-netcore-shared\Kitpymes.Core.Shared.Tests\bin\Debug\netcoreapp3.0\Kitpymes.Core.Shared.Tests.dll" adapterTypeName="executor://mstestadapter/v2" className="Kitpymes.Core.Shared.Tests.ConfigurationBuilderExtensionsTests" name="ToService_Passing_NotFound_Service_Returns_Null" />
    </UnitTest>
    <UnitTest name="ToService_Passing_Service_Not_Found_Returns_ApplicationException" storage="d:\sferrari\01 - trabajo\repos\netcore\template-netcore-shared\kitpymes.core.shared.tests\bin\debug\netcoreapp3.0\kitpymes.core.shared.tests.dll" id="74c0befe-cdb2-1fdf-be71-2a39199bb5c9">
      <Execution id="7111b3bc-a0a9-4395-9f6f-21edf1bdde8b" />
      <TestMethod codeBase="D:\SFERRARI\01 - TRABAJO\REPOS\netcore\template-netcore-shared\Kitpymes.Core.Shared.Tests\bin\Debug\netcoreapp3.0\Kitpymes.Core.Shared.Tests.dll" adapterTypeName="executor://mstestadapter/v2" className="Kitpymes.Core.Shared.Tests.ApplicationBuilderExtensionsTests" name="ToService_Passing_Service_Not_Found_Returns_ApplicationException" />
    </UnitTest>
    <UnitTest name="CreateRandom_WithDefaultAllowableCharacters_Passing_ValidArguments_Returns_String_Random_Value" storage="d:\sferrari\01 - trabajo\repos\netcore\template-netcore-shared\kitpymes.core.shared.tests\bin\debug\netcoreapp3.0\kitpymes.core.shared.tests.dll" id="481343f9-3ff3-548f-0c6c-41599cf65802">
      <Execution id="81bdd393-bc4d-41bc-9f98-6c1e12ed6582" />
      <TestMethod codeBase="D:\SFERRARI\01 - TRABAJO\REPOS\netcore\template-netcore-shared\Kitpymes.Core.Shared.Tests\bin\Debug\netcoreapp3.0\Kitpymes.Core.Shared.Tests.dll" adapterTypeName="executor://mstestadapter/v2" className="Kitpymes.Core.Shared.Tests.HashTests" name="CreateRandom_WithDefaultAllowableCharacters_Passing_ValidArguments_Returns_String_Random_Value" />
    </UnitTest>
    <UnitTest name="ToCount_Passing_ValidEnumType_Returns_Count" storage="d:\sferrari\01 - trabajo\repos\netcore\template-netcore-shared\kitpymes.core.shared.tests\bin\debug\netcoreapp3.0\kitpymes.core.shared.tests.dll" id="bc6955b8-aec0-957c-bad4-853e5cfa19a1">
      <Execution id="d0743175-fc0c-4777-9c39-150507cf8f40" />
      <TestMethod codeBase="D:\SFERRARI\01 - TRABAJO\REPOS\netcore\template-netcore-shared\Kitpymes.Core.Shared.Tests\bin\Debug\netcoreapp3.0\Kitpymes.Core.Shared.Tests.dll" adapterTypeName="executor://mstestadapter/v2" className="Kitpymes.Core.Shared.Tests.EnumsTests" name="ToCount_Passing_ValidEnumType_Returns_Count" />
    </UnitTest>
    <UnitTest name="ToIsAuthenticated_Passing_Claims_Returns_False" storage="d:\sferrari\01 - trabajo\repos\netcore\template-netcore-shared\kitpymes.core.shared.tests\bin\debug\netcoreapp3.0\kitpymes.core.shared.tests.dll" id="7384e2f6-7a7f-d462-78fa-5bf7f49c326a">
      <Execution id="1d10d332-2ac9-4373-8dd6-dd1702e10919" />
      <TestMethod codeBase="D:\SFERRARI\01 - TRABAJO\REPOS\netcore\template-netcore-shared\Kitpymes.Core.Shared.Tests\bin\Debug\netcoreapp3.0\Kitpymes.Core.Shared.Tests.dll" adapterTypeName="executor://mstestadapter/v2" className="Kitpymes.Core.Shared.Tests.ClaimsPrincipalExtensionsTests" name="ToIsAuthenticated_Passing_Claims_Returns_False" />
    </UnitTest>
    <UnitTest name="ToEnvironment_ServiceCollection_Passing_Custom_Enviroment_Returns_Custom_Name" storage="d:\sferrari\01 - trabajo\repos\netcore\template-netcore-shared\kitpymes.core.shared.tests\bin\debug\netcoreapp3.0\kitpymes.core.shared.tests.dll" id="21ae5425-e2d1-002f-334f-105a6a674a01">
      <Execution id="40dd4b39-37df-437d-b04f-faab3fe76873" />
      <TestMethod codeBase="D:\SFERRARI\01 - TRABAJO\REPOS\netcore\template-netcore-shared\Kitpymes.Core.Shared.Tests\bin\Debug\netcoreapp3.0\Kitpymes.Core.Shared.Tests.dll" adapterTypeName="executor://mstestadapter/v2" className="Kitpymes.Core.Shared.Tests.ConfigurationBuilderExtensionsTests" name="ToEnvironment_ServiceCollection_Passing_Custom_Enviroment_Returns_Custom_Name" />
    </UnitTest>
    <UnitTest name="ToDictionaryPropertyInfo_Passing_Object_IncludeNullOrEmptyProperty_Returns_Properties_NameAndValue_Dictionary" storage="d:\sferrari\01 - trabajo\repos\netcore\template-netcore-shared\kitpymes.core.shared.tests\bin\debug\netcoreapp3.0\kitpymes.core.shared.tests.dll" id="a0ed43cd-0648-ddf9-c80e-52c6889ee049">
      <Execution id="e8698f61-d0ea-4ec0-803d-e23dc4b40091" />
      <TestMethod codeBase="D:\SFERRARI\01 - TRABAJO\REPOS\netcore\template-netcore-shared\Kitpymes.Core.Shared.Tests\bin\Debug\netcoreapp3.0\Kitpymes.Core.Shared.Tests.dll" adapterTypeName="executor://mstestadapter/v2" className="Kitpymes.Core.Shared.Tests.GenericExtensionsTests" name="ToDictionaryPropertyInfo_Passing_Object_IncludeNullOrEmptyProperty_Returns_Properties_NameAndValue_Dictionary" />
    </UnitTest>
    <UnitTest name="CreateRandom_WithCustomAllowableCharacters_Passing_Valid_Arguments_Returns_String_Random_Value" storage="d:\sferrari\01 - trabajo\repos\netcore\template-netcore-shared\kitpymes.core.shared.tests\bin\debug\netcoreapp3.0\kitpymes.core.shared.tests.dll" id="430dec51-b9df-7e06-fff9-78e6d362c2d8">
      <Execution id="6fef8384-b101-4368-9c14-c2673e2d03b6" />
      <TestMethod codeBase="D:\SFERRARI\01 - TRABAJO\REPOS\netcore\template-netcore-shared\Kitpymes.Core.Shared.Tests\bin\Debug\netcoreapp3.0\Kitpymes.Core.Shared.Tests.dll" adapterTypeName="executor://mstestadapter/v2" className="Kitpymes.Core.Shared.Tests.HashTests" name="CreateRandom_WithCustomAllowableCharacters_Passing_Valid_Arguments_Returns_String_Random_Value" />
    </UnitTest>
    <UnitTest name="ToIsWeekend_Passing_Saturday_DateTime_Returns_True" storage="d:\sferrari\01 - trabajo\repos\netcore\template-netcore-shared\kitpymes.core.shared.tests\bin\debug\netcoreapp3.0\kitpymes.core.shared.tests.dll" id="18040ed3-941e-dd1e-cb8c-4d34d103f370">
      <Execution id="e51782bc-4e90-433b-9dfc-f138a349235c" />
      <TestMethod codeBase="D:\SFERRARI\01 - TRABAJO\REPOS\netcore\template-netcore-shared\Kitpymes.Core.Shared.Tests\bin\Debug\netcoreapp3.0\Kitpymes.Core.Shared.Tests.dll" adapterTypeName="executor://mstestadapter/v2" className="Kitpymes.Core.Shared.Tests.DateTimeExtensionsTests" name="ToIsWeekend_Passing_Saturday_DateTime_Returns_True" />
    </UnitTest>
    <UnitTest name="ToInt_Passing_InvalidValueString_Returns_Null" storage="d:\sferrari\01 - trabajo\repos\netcore\template-netcore-shared\kitpymes.core.shared.tests\bin\debug\netcoreapp3.0\kitpymes.core.shared.tests.dll" id="2799ef62-9686-0dc7-84d2-73639b0030f7">
      <Execution id="96200af4-4332-415f-849f-7639b43dd022" />
      <TestMethod codeBase="D:\SFERRARI\01 - TRABAJO\REPOS\netcore\template-netcore-shared\Kitpymes.Core.Shared.Tests\bin\Debug\netcoreapp3.0\Kitpymes.Core.Shared.Tests.dll" adapterTypeName="executor://mstestadapter/v2" className="Kitpymes.Core.Shared.Tests.StringExtensionsTests" name="ToInt_Passing_InvalidValueString_Returns_Null" />
    </UnitTest>
    <UnitTest name="ToThrow_Passing_InvalidValue_Returns_ApplicationExceptionWithMessage" storage="d:\sferrari\01 - trabajo\repos\netcore\template-netcore-shared\kitpymes.core.shared.tests\bin\debug\netcoreapp3.0\kitpymes.core.shared.tests.dll" id="9b5f9705-0df5-3b21-5e23-e11b68721fd4">
      <Execution id="0b61a697-0b83-4414-8131-9801948c5b67" />
      <TestMethod codeBase="D:\SFERRARI\01 - TRABAJO\REPOS\netcore\template-netcore-shared\Kitpymes.Core.Shared.Tests\bin\Debug\netcoreapp3.0\Kitpymes.Core.Shared.Tests.dll" adapterTypeName="executor://mstestadapter/v2" className="Kitpymes.Core.Shared.Tests.CheckExtensionsTests" name="ToThrow_Passing_InvalidValue_Returns_ApplicationExceptionWithMessage" />
    </UnitTest>
    <UnitTest name="ToAge_Passing_Birthday_DateTime_Returns_Age" storage="d:\sferrari\01 - trabajo\repos\netcore\template-netcore-shared\kitpymes.core.shared.tests\bin\debug\netcoreapp3.0\kitpymes.core.shared.tests.dll" id="4ead3f79-a54e-1b96-838c-d0c2f491cb0d">
      <Execution id="cf937d0c-ea59-4680-95c9-6321a90f8e30" />
      <TestMethod codeBase="D:\SFERRARI\01 - TRABAJO\REPOS\netcore\template-netcore-shared\Kitpymes.Core.Shared.Tests\bin\Debug\netcoreapp3.0\Kitpymes.Core.Shared.Tests.dll" adapterTypeName="executor://mstestadapter/v2" className="Kitpymes.Core.Shared.Tests.DateTimeExtensionsTests" name="ToAge_Passing_Birthday_DateTime_Returns_Age" />
    </UnitTest>
    <UnitTest name="ToMapNew_Passing_TSource_And_TDestination_Returns_New_TDestination_Object" storage="d:\sferrari\01 - trabajo\repos\netcore\template-netcore-shared\kitpymes.core.shared.tests\bin\debug\netcoreapp3.0\kitpymes.core.shared.tests.dll" id="46cc46f0-c0e1-f3e6-2242-cdef90a4249a">
      <Execution id="e20786ff-7ca6-4d59-a2e9-f74bdb45f249" />
      <TestMethod codeBase="D:\SFERRARI\01 - TRABAJO\REPOS\netcore\template-netcore-shared\Kitpymes.Core.Shared.Tests\bin\Debug\netcoreapp3.0\Kitpymes.Core.Shared.Tests.dll" adapterTypeName="executor://mstestadapter/v2" className="Kitpymes.Core.Shared.Tests.AgileMapperExtensionsTests" name="ToMapNew_Passing_TSource_And_TDestination_Returns_New_TDestination_Object" />
    </UnitTest>
    <UnitTest name="ToIsFileThrow_Passing_InvalidValue_Returns_ApplicationExceptionWithMessage" storage="d:\sferrari\01 - trabajo\repos\netcore\template-netcore-shared\kitpymes.core.shared.tests\bin\debug\netcoreapp3.0\kitpymes.core.shared.tests.dll" id="0df69eaf-b001-71ae-6cf8-f9c5860f7c4c">
      <Execution id="cfedde53-54c2-4557-b582-2a8d816ff7ec" />
      <TestMethod codeBase="D:\SFERRARI\01 - TRABAJO\REPOS\netcore\template-netcore-shared\Kitpymes.Core.Shared.Tests\bin\Debug\netcoreapp3.0\Kitpymes.Core.Shared.Tests.dll" adapterTypeName="executor://mstestadapter/v2" className="Kitpymes.Core.Shared.Tests.CheckExtensionsTests" name="ToIsFileThrow_Passing_InvalidValue_Returns_ApplicationExceptionWithMessage" />
    </UnitTest>
    <UnitTest name="ToTomorrow_Passing_DateTime_Returns_Tomorrow_DateTime" storage="d:\sferrari\01 - trabajo\repos\netcore\template-netcore-shared\kitpymes.core.shared.tests\bin\debug\netcoreapp3.0\kitpymes.core.shared.tests.dll" id="c2d3c8df-32e7-92dc-91f8-057e8c4da6b9">
      <Execution id="f72d42e8-5145-49cc-96da-a58acf12b1e9" />
      <TestMethod codeBase="D:\SFERRARI\01 - TRABAJO\REPOS\netcore\template-netcore-shared\Kitpymes.Core.Shared.Tests\bin\Debug\netcoreapp3.0\Kitpymes.Core.Shared.Tests.dll" adapterTypeName="executor://mstestadapter/v2" className="Kitpymes.Core.Shared.Tests.DateTimeExtensionsTests" name="ToTomorrow_Passing_DateTime_Returns_Tomorrow_DateTime" />
    </UnitTest>
    <UnitTest name="ToIsNullOrAnyThrow_Passing_InvalidValue_Returns_ApplicationExceptionWithMessage" storage="d:\sferrari\01 - trabajo\repos\netcore\template-netcore-shared\kitpymes.core.shared.tests\bin\debug\netcoreapp3.0\kitpymes.core.shared.tests.dll" id="8fbac209-421a-f9fa-c5fe-97403aedb24e">
      <Execution id="66e35541-26ac-47f7-b2da-78fa4256960a" />
      <TestMethod codeBase="D:\SFERRARI\01 - TRABAJO\REPOS\netcore\template-netcore-shared\Kitpymes.Core.Shared.Tests\bin\Debug\netcoreapp3.0\Kitpymes.Core.Shared.Tests.dll" adapterTypeName="executor://mstestadapter/v2" className="Kitpymes.Core.Shared.Tests.CheckExtensionsTests" name="ToIsNullOrAnyThrow_Passing_InvalidValue_Returns_ApplicationExceptionWithMessage" />
    </UnitTest>
    <UnitTest name="CreateSHA512_Passing_Invalid_Arguments_Returns_ApplicationException" storage="d:\sferrari\01 - trabajo\repos\netcore\template-netcore-shared\kitpymes.core.shared.tests\bin\debug\netcoreapp3.0\kitpymes.core.shared.tests.dll" id="f17b6f1f-06a9-5318-815f-4c3950fdd0cb">
      <Execution id="7bbc0f73-a699-4f94-a8eb-b31df1a2a5aa" />
      <TestMethod codeBase="D:\SFERRARI\01 - TRABAJO\REPOS\netcore\template-netcore-shared\Kitpymes.Core.Shared.Tests\bin\Debug\netcoreapp3.0\Kitpymes.Core.Shared.Tests.dll" adapterTypeName="executor://mstestadapter/v2" className="Kitpymes.Core.Shared.Tests.HashTests" name="CreateSHA512_Passing_Invalid_Arguments_Returns_ApplicationException" />
    </UnitTest>
    <UnitTest name="ToIsNameThrow_Passing_InvalidValue_Returns_ApplicationExceptionWithMessage" storage="d:\sferrari\01 - trabajo\repos\netcore\template-netcore-shared\kitpymes.core.shared.tests\bin\debug\netcoreapp3.0\kitpymes.core.shared.tests.dll" id="1dab5b85-21d2-af6f-92e5-af8126f0e2fb">
      <Execution id="4e9ecbf6-67cd-436c-96c7-38cfc4ed77bb" />
      <TestMethod codeBase="D:\SFERRARI\01 - TRABAJO\REPOS\netcore\template-netcore-shared\Kitpymes.Core.Shared.Tests\bin\Debug\netcoreapp3.0\Kitpymes.Core.Shared.Tests.dll" adapterTypeName="executor://mstestadapter/v2" className="Kitpymes.Core.Shared.Tests.CheckExtensionsTests" name="ToIsNameThrow_Passing_InvalidValue_Returns_ApplicationExceptionWithMessage" />
    </UnitTest>
    <UnitTest name="ToService_Passing_Valid_Service_Returns_Service" storage="d:\sferrari\01 - trabajo\repos\netcore\template-netcore-shared\kitpymes.core.shared.tests\bin\debug\netcoreapp3.0\kitpymes.core.shared.tests.dll" id="2aceb911-de9d-b2eb-c8db-f6b3f880216f">
      <Execution id="23b2445b-7c4e-4b4e-8d20-209824eecb11" />
      <TestMethod codeBase="D:\SFERRARI\01 - TRABAJO\REPOS\netcore\template-netcore-shared\Kitpymes.Core.Shared.Tests\bin\Debug\netcoreapp3.0\Kitpymes.Core.Shared.Tests.dll" adapterTypeName="executor://mstestadapter/v2" className="Kitpymes.Core.Shared.Tests.ApplicationBuilderExtensionsTests" name="ToService_Passing_Valid_Service_Returns_Service" />
    </UnitTest>
    <UnitTest name="ToStartOfWeek_Passing_DateTime_Returns_Start_Of_Week_DateTime" storage="d:\sferrari\01 - trabajo\repos\netcore\template-netcore-shared\kitpymes.core.shared.tests\bin\debug\netcoreapp3.0\kitpymes.core.shared.tests.dll" id="1f173fff-9060-8c18-f825-225901225244">
      <Execution id="a467c060-0528-48ca-99ba-b3d048047c87" />
      <TestMethod codeBase="D:\SFERRARI\01 - TRABAJO\REPOS\netcore\template-netcore-shared\Kitpymes.Core.Shared.Tests\bin\Debug\netcoreapp3.0\Kitpymes.Core.Shared.Tests.dll" adapterTypeName="executor://mstestadapter/v2" className="Kitpymes.Core.Shared.Tests.DateTimeExtensionsTests" name="ToStartOfWeek_Passing_DateTime_Returns_Start_Of_Week_DateTime" />
    </UnitTest>
    <UnitTest name="ToServiceMatchingInterface_Passing_Valid_Assembly_Returns_Service" storage="d:\sferrari\01 - trabajo\repos\netcore\template-netcore-shared\kitpymes.core.shared.tests\bin\debug\netcoreapp3.0\kitpymes.core.shared.tests.dll" id="845c887e-a785-555d-db89-1c2975a33bbb">
      <Execution id="c3270ae3-3337-477b-99db-ebf530912e5b" />
      <TestMethod codeBase="D:\SFERRARI\01 - TRABAJO\REPOS\netcore\template-netcore-shared\Kitpymes.Core.Shared.Tests\bin\Debug\netcoreapp3.0\Kitpymes.Core.Shared.Tests.dll" adapterTypeName="executor://mstestadapter/v2" className="Kitpymes.Core.Shared.Tests.ConfigurationBuilderExtensionsTests" name="ToServiceMatchingInterface_Passing_Valid_Assembly_Returns_Service" />
    </UnitTest>
    <UnitTest name="ToConfigureOrDefault_Passing_DefaultValues_And_ActionCustomValues_Returns_DefaultValues_And_CustomValues" storage="d:\sferrari\01 - trabajo\repos\netcore\template-netcore-shared\kitpymes.core.shared.tests\bin\debug\netcoreapp3.0\kitpymes.core.shared.tests.dll" id="53cbdd8e-a1ef-5d22-8745-938609ed19c2">
      <Execution id="e3c6f1e5-5b56-4628-9538-f2d58c84966f" />
      <TestMethod codeBase="D:\SFERRARI\01 - TRABAJO\REPOS\netcore\template-netcore-shared\Kitpymes.Core.Shared.Tests\bin\Debug\netcoreapp3.0\Kitpymes.Core.Shared.Tests.dll" adapterTypeName="executor://mstestadapter/v2" className="Kitpymes.Core.Shared.Tests.ActionExtensionsTests" name="ToConfigureOrDefault_Passing_DefaultValues_And_ActionCustomValues_Returns_DefaultValues_And_CustomValues" />
    </UnitTest>
    <UnitTest name="ToSettings_Passing_Values_From_Memory_Returns_Settings" storage="d:\sferrari\01 - trabajo\repos\netcore\template-netcore-shared\kitpymes.core.shared.tests\bin\debug\netcoreapp3.0\kitpymes.core.shared.tests.dll" id="86b92527-4d52-052b-63ae-d9a8aa694919">
      <Execution id="9917cbea-de63-493f-8698-cd74a65bad86" />
      <TestMethod codeBase="D:\SFERRARI\01 - TRABAJO\REPOS\netcore\template-netcore-shared\Kitpymes.Core.Shared.Tests\bin\Debug\netcoreapp3.0\Kitpymes.Core.Shared.Tests.dll" adapterTypeName="executor://mstestadapter/v2" className="Kitpymes.Core.Shared.Tests.ConfigurationBuilderExtensionsTests" name="ToSettings_Passing_Values_From_Memory_Returns_Settings" />
    </UnitTest>
    <UnitTest name="ToFormat_Passing_ValidValueFormatWithArguments_Returns_ValueWithFormat" storage="d:\sferrari\01 - trabajo\repos\netcore\template-netcore-shared\kitpymes.core.shared.tests\bin\debug\netcoreapp3.0\kitpymes.core.shared.tests.dll" id="ac572b27-5286-68a4-5380-d7de82fbf69a">
      <Execution id="801dfdd2-2b13-4c01-9a37-2385a0c6b770" />
      <TestMethod codeBase="D:\SFERRARI\01 - TRABAJO\REPOS\netcore\template-netcore-shared\Kitpymes.Core.Shared.Tests\bin\Debug\netcoreapp3.0\Kitpymes.Core.Shared.Tests.dll" adapterTypeName="executor://mstestadapter/v2" className="Kitpymes.Core.Shared.Tests.StringExtensionsTests" name="ToFormat_Passing_ValidValueFormatWithArguments_Returns_ValueWithFormat" />
    </UnitTest>
  </TestDefinitions>
  <TestEntries>
    <TestEntry testId="0c633595-70e8-b011-5a46-c9c7e1687cb9" executionId="4dcdaca1-5070-41bc-a428-b88e73c2f406" testListId="8c84fa94-04c1-424b-9868-57a2d4851a1d" />
    <TestEntry testId="297c060d-406b-f933-91fe-dfd3459b8ace" executionId="f051e498-a324-4894-992a-766e630afad3" testListId="8c84fa94-04c1-424b-9868-57a2d4851a1d" />
    <TestEntry testId="46df7735-43c3-1f8d-197a-cd21c82e5889" executionId="ea623c7c-888c-4a7b-a2a3-4e2ffdb1421a" testListId="8c84fa94-04c1-424b-9868-57a2d4851a1d" />
    <TestEntry testId="459f13f4-e266-2f20-5c30-d2c64797095d" executionId="784e77ed-bd95-4f30-8d59-0e8d784badca" testListId="8c84fa94-04c1-424b-9868-57a2d4851a1d" />
    <TestEntry testId="0b1e4893-9444-2235-b7fa-3782f9932212" executionId="ce21bdd6-46c8-4ca9-9c02-0787ec81ab98" testListId="8c84fa94-04c1-424b-9868-57a2d4851a1d" />
    <TestEntry testId="98331ff8-6ed1-e7ba-c8dd-be5bd5b6cb2c" executionId="8f165a86-571a-4c46-b87a-6fcfec01ffb5" testListId="8c84fa94-04c1-424b-9868-57a2d4851a1d" />
    <TestEntry testId="e53d2439-2080-43bd-e38b-a60253b60af1" executionId="5d05d6b6-96e6-493f-9d40-f8c122f0c152" testListId="8c84fa94-04c1-424b-9868-57a2d4851a1d" />
    <TestEntry testId="0e702ef4-7e85-bcb3-3879-32ee56a27932" executionId="92c8f6f1-ce31-47ae-ae95-26140b4fcca8" testListId="8c84fa94-04c1-424b-9868-57a2d4851a1d" />
    <TestEntry testId="04cb4b72-edc8-fe06-49e1-217ed503eff8" executionId="61176bd7-dcb6-4068-86bf-4f052faae0d7" testListId="8c84fa94-04c1-424b-9868-57a2d4851a1d" />
    <TestEntry testId="0cb5eb43-9273-0bdf-bd18-53b184535503" executionId="d3fd215d-3168-4eaf-b816-e7c817e3cc81" testListId="8c84fa94-04c1-424b-9868-57a2d4851a1d" />
    <TestEntry testId="3443f7f5-ee1a-f375-e5b1-f7ffa940c0db" executionId="cfa45dfa-534d-440e-8fde-fc55a2556856" testListId="8c84fa94-04c1-424b-9868-57a2d4851a1d" />
    <TestEntry testId="0ee8121e-b492-a57d-d072-de988a4e30f8" executionId="897d92a2-d40f-4507-94c8-9971530f35fd" testListId="8c84fa94-04c1-424b-9868-57a2d4851a1d" />
    <TestEntry testId="e0f7dcd9-f363-be9c-de11-457f6a575bee" executionId="328024e5-3291-4f55-98e8-2976f4966840" testListId="8c84fa94-04c1-424b-9868-57a2d4851a1d" />
    <TestEntry testId="2aceb911-de9d-b2eb-c8db-f6b3f880216f" executionId="23b2445b-7c4e-4b4e-8d20-209824eecb11" testListId="8c84fa94-04c1-424b-9868-57a2d4851a1d" />
    <TestEntry testId="4184a91b-5297-4872-2a98-1ef97e124515" executionId="59c1715e-a714-4646-bb6e-a4e2ed5e6e06" testListId="8c84fa94-04c1-424b-9868-57a2d4851a1d" />
    <TestEntry testId="ebdf037a-44fa-7875-99d4-42fa9833aac8" executionId="c806e51e-8c18-4a85-8ebb-0fc5830e278a" testListId="8c84fa94-04c1-424b-9868-57a2d4851a1d" />
    <TestEntry testId="e93b141b-fdfd-0f98-21e5-3eb211b6e88b" executionId="eb9114cd-65b2-445b-a332-089cdbfd0595" testListId="8c84fa94-04c1-424b-9868-57a2d4851a1d" />
    <TestEntry testId="f0f37a42-1a3a-10a5-5f17-e01b9915abd3" executionId="4b0a9d9f-8a03-450b-921c-15ddb6e7db1b" testListId="8c84fa94-04c1-424b-9868-57a2d4851a1d" />
    <TestEntry testId="47f3e733-f069-b79f-9f6d-7c11fc368663" executionId="94723da4-c624-423d-94b7-a66fc3ab5f89" testListId="8c84fa94-04c1-424b-9868-57a2d4851a1d" />
    <TestEntry testId="e37f41d3-77a8-1acd-c258-fbb5b724b134" executionId="ad94f710-baca-4f28-82cc-b12b018cc4d5" testListId="8c84fa94-04c1-424b-9868-57a2d4851a1d" />
    <TestEntry testId="9b5f9705-0df5-3b21-5e23-e11b68721fd4" executionId="0b61a697-0b83-4414-8131-9801948c5b67" testListId="8c84fa94-04c1-424b-9868-57a2d4851a1d" />
    <TestEntry testId="635e001f-2a50-f191-84e2-e81cd2000fdf" executionId="0d4af195-eef7-4a75-9971-2bf49c73af7d" testListId="8c84fa94-04c1-424b-9868-57a2d4851a1d" />
    <TestEntry testId="18040ed3-941e-dd1e-cb8c-4d34d103f370" executionId="e51782bc-4e90-433b-9dfc-f138a349235c" testListId="8c84fa94-04c1-424b-9868-57a2d4851a1d" />
    <TestEntry testId="a75e991f-5e03-3949-85d6-afa1f14455d4" executionId="9218da31-2001-49a1-96e8-d66737749746" testListId="8c84fa94-04c1-424b-9868-57a2d4851a1d" />
    <TestEntry testId="a0ed43cd-0648-ddf9-c80e-52c6889ee049" executionId="e8698f61-d0ea-4ec0-803d-e23dc4b40091" testListId="8c84fa94-04c1-424b-9868-57a2d4851a1d" />
    <TestEntry testId="d7c20db6-f712-8539-ac01-01e8f4033fac" executionId="e777096d-a1ba-4c00-bcfb-0d001bd3eaed" testListId="8c84fa94-04c1-424b-9868-57a2d4851a1d" />
    <TestEntry testId="f752d50b-77fa-327a-4493-168161bd27b2" executionId="8a7eb8ed-a403-4b53-b898-f1e078cd9100" testListId="8c84fa94-04c1-424b-9868-57a2d4851a1d" />
    <TestEntry testId="334e3485-05b4-4549-cacd-aef8fff10757" executionId="0f860435-d4ca-4c86-8e1b-df95cb8097e4" testListId="8c84fa94-04c1-424b-9868-57a2d4851a1d" />
    <TestEntry testId="30809299-0e3e-4ac7-4a2a-6f8c296d2226" executionId="5e0eab25-42ac-40e3-a8ad-33f2880e7fad" testListId="8c84fa94-04c1-424b-9868-57a2d4851a1d" />
    <TestEntry testId="a1095294-226e-a0f0-0154-11290289c9db" executionId="af141a17-908c-43ca-87cf-8639e4e63b43" testListId="8c84fa94-04c1-424b-9868-57a2d4851a1d" />
    <TestEntry testId="a272f84c-2bd5-daa4-4afe-22346b802f86" executionId="968133e5-f763-4cc6-af21-30d806c6142e" testListId="8c84fa94-04c1-424b-9868-57a2d4851a1d" />
    <TestEntry testId="ffa669f9-8e25-a33b-f8f7-c3ba4a576a2b" executionId="8a0b21c9-1310-4410-91c0-fc3b00e21945" testListId="8c84fa94-04c1-424b-9868-57a2d4851a1d" />
    <TestEntry testId="27cc1a96-8264-8762-05bc-aa63ccb155d7" executionId="f3f12c5b-51a4-403a-95ee-bb08c6c46386" testListId="8c84fa94-04c1-424b-9868-57a2d4851a1d" />
    <TestEntry testId="b871cd27-681f-8d07-6c2a-809341ba2909" executionId="02ddc1f9-9782-4d1c-823e-34b79e1f5a05" testListId="8c84fa94-04c1-424b-9868-57a2d4851a1d" />
    <TestEntry testId="21ae5425-e2d1-002f-334f-105a6a674a01" executionId="40dd4b39-37df-437d-b04f-faab3fe76873" testListId="8c84fa94-04c1-424b-9868-57a2d4851a1d" />
    <TestEntry testId="f828057e-351a-48b7-0028-e57f15c7217e" executionId="6345434d-f589-434f-a7e4-0f86c2ddb63a" testListId="8c84fa94-04c1-424b-9868-57a2d4851a1d" />
    <TestEntry testId="57d3cdd8-8268-9aa3-6f39-3cc0224b305c" executionId="0cb9ec26-04fa-4964-a904-e3a6d9d0a526" testListId="8c84fa94-04c1-424b-9868-57a2d4851a1d" />
    <TestEntry testId="313cfb2c-8c3b-337b-12f8-296f8611376d" executionId="cf053ad7-c423-46fa-86e2-5c9c0bdc98f9" testListId="8c84fa94-04c1-424b-9868-57a2d4851a1d" />
    <TestEntry testId="320700ce-aa3b-5818-fb18-706cf7605472" executionId="4ba3563b-6ff9-4b57-854a-5c58ba0b4279" testListId="8c84fa94-04c1-424b-9868-57a2d4851a1d" />
    <TestEntry testId="447ced0a-6221-43ff-44ab-4ee12ee4d012" executionId="b021e76e-3eaa-4475-b534-2d31b541a874" testListId="8c84fa94-04c1-424b-9868-57a2d4851a1d" />
    <TestEntry testId="04084e8e-c859-4ef5-e2a7-4fb2803cb2a3" executionId="ffe50791-fb7b-4312-8583-414729f4423e" testListId="8c84fa94-04c1-424b-9868-57a2d4851a1d" />
    <TestEntry testId="c2d3c8df-32e7-92dc-91f8-057e8c4da6b9" executionId="f72d42e8-5145-49cc-96da-a58acf12b1e9" testListId="8c84fa94-04c1-424b-9868-57a2d4851a1d" />
    <TestEntry testId="c63cd623-e636-5730-a1fa-b18ae782acc7" executionId="824c16b2-a193-4476-9419-f6bce384f3fe" testListId="8c84fa94-04c1-424b-9868-57a2d4851a1d" />
    <TestEntry testId="1f6423c7-4317-6f5b-c112-f4c9c7e822af" executionId="5ce1bc13-193c-4a37-8523-8c2d1832478b" testListId="8c84fa94-04c1-424b-9868-57a2d4851a1d" />
    <TestEntry testId="ee30e1f9-ce80-c70a-1b56-b7e02750ae26" executionId="c9c3ea95-c0d7-4e1a-b6c0-6c8078f35417" testListId="8c84fa94-04c1-424b-9868-57a2d4851a1d" />
    <TestEntry testId="ae09f98c-257a-b9e5-5b0b-16344b7adf1c" executionId="fae15cbe-e855-40d8-8f30-886fa3f78860" testListId="8c84fa94-04c1-424b-9868-57a2d4851a1d" />
    <TestEntry testId="6fc389b2-a5f3-ded0-63b6-7e1b4cca8442" executionId="4cf31ed8-9e1d-467c-afb2-94a1df144cf6" testListId="8c84fa94-04c1-424b-9868-57a2d4851a1d" />
    <TestEntry testId="580ff04a-e5c0-9f2f-90c3-4f2aeafd15c5" executionId="3639ce1f-7acf-404c-a7cc-dcecc0d8331a" testListId="8c84fa94-04c1-424b-9868-57a2d4851a1d" />
    <TestEntry testId="c19b83a3-45fc-e848-cbcc-7f68b66eb4e3" executionId="77c6616e-9c60-4a35-941b-4f33f837a987" testListId="8c84fa94-04c1-424b-9868-57a2d4851a1d" />
    <TestEntry testId="9064672f-1220-7bc0-f2b0-c66c74cccc5e" executionId="9fab36bc-3b9d-4b80-b8ac-20be2fed26bc" testListId="8c84fa94-04c1-424b-9868-57a2d4851a1d" />
    <TestEntry testId="ab274dac-b194-4e0f-6fab-a20667b535a8" executionId="86d408da-3dfa-405d-b51e-43024f6319fd" testListId="8c84fa94-04c1-424b-9868-57a2d4851a1d" />
    <TestEntry testId="b8bb90de-6285-0f1c-e0f2-f3ba1f987370" executionId="7ad078ea-a35d-4f0f-8cf4-62cdab89aa62" testListId="8c84fa94-04c1-424b-9868-57a2d4851a1d" />
    <TestEntry testId="bd43e66e-fbae-26eb-a9a1-c58a6bf5d7af" executionId="ee93684a-7aa2-42b5-b363-00ad9ffa17e9" testListId="8c84fa94-04c1-424b-9868-57a2d4851a1d" />
    <TestEntry testId="33545399-79af-5e7f-5179-57fe5645f4be" executionId="16214547-ab4b-4ef4-8eb7-7aa7ce5c4aa6" testListId="8c84fa94-04c1-424b-9868-57a2d4851a1d" />
    <TestEntry testId="e8138724-52f6-6999-ada4-cbc441f2cd15" executionId="619b0d48-040a-4aa7-9d9e-9ce50d89e8d8" testListId="8c84fa94-04c1-424b-9868-57a2d4851a1d" />
    <TestEntry testId="6088101f-62c5-69c8-6751-05523b132d06" executionId="e937eddf-eeb4-494b-a303-0f19e4f0b030" testListId="8c84fa94-04c1-424b-9868-57a2d4851a1d" />
    <TestEntry testId="4d9bde6c-668c-a1d3-dc60-edcfc6a4082c" executionId="0c4403aa-ffdb-45bf-be44-86dec5903a0b" testListId="8c84fa94-04c1-424b-9868-57a2d4851a1d" />
    <TestEntry testId="7dc20d31-477c-3765-83c0-7575a504da96" executionId="80c5e401-103c-440c-ad6a-d34feb91790f" testListId="8c84fa94-04c1-424b-9868-57a2d4851a1d" />
    <TestEntry testId="bf8f6922-5666-8ec7-1500-aabd5997d6a4" executionId="84554a82-6f6a-4b98-9365-6558407ce73a" testListId="8c84fa94-04c1-424b-9868-57a2d4851a1d" />
    <TestEntry testId="3721d3c1-7c03-ad84-143f-64bfeb5b314e" executionId="ee772b51-813d-4067-bd6d-289adc5b226b" testListId="8c84fa94-04c1-424b-9868-57a2d4851a1d" />
    <TestEntry testId="5e237822-3b9d-da27-9221-3ae1f5eb15b0" executionId="decf73f2-72e0-46a6-9466-11f7961f21af" testListId="8c84fa94-04c1-424b-9868-57a2d4851a1d" />
    <TestEntry testId="c87d842d-198f-fc52-0a70-418a5e5378ab" executionId="48f58752-9eee-4725-b9eb-b69cc0aa7b08" testListId="8c84fa94-04c1-424b-9868-57a2d4851a1d" />
    <TestEntry testId="69b6ed05-fdf2-6989-0583-109b4777a6ac" executionId="578f9771-2c93-4d05-b18f-c49bf00e00e2" testListId="8c84fa94-04c1-424b-9868-57a2d4851a1d" />
    <TestEntry testId="2799ef62-9686-0dc7-84d2-73639b0030f7" executionId="96200af4-4332-415f-849f-7639b43dd022" testListId="8c84fa94-04c1-424b-9868-57a2d4851a1d" />
    <TestEntry testId="c09577a6-adca-ef94-40b5-45575ad65e4f" executionId="9be5fc3e-b2a1-422f-b95a-4d06876bf3c4" testListId="8c84fa94-04c1-424b-9868-57a2d4851a1d" />
    <TestEntry testId="46cc46f0-c0e1-f3e6-2242-cdef90a4249a" executionId="e20786ff-7ca6-4d59-a2e9-f74bdb45f249" testListId="8c84fa94-04c1-424b-9868-57a2d4851a1d" />
    <TestEntry testId="34931354-7c25-7812-28fe-96ea501746b4" executionId="ca31439e-90ef-4bd7-b9bb-82e85e576be1" testListId="8c84fa94-04c1-424b-9868-57a2d4851a1d" />
    <TestEntry testId="6bd61990-78b5-76ea-0df5-0c13c388bdc0" executionId="947bdba0-ef25-499b-98a7-c0dec808cf69" testListId="8c84fa94-04c1-424b-9868-57a2d4851a1d" />
    <TestEntry testId="e9b23f0c-0cde-4603-1739-ee642fd33c36" executionId="de20fdb5-816a-4edb-8490-5441631eea85" testListId="8c84fa94-04c1-424b-9868-57a2d4851a1d" />
    <TestEntry testId="e608205e-4953-e9a3-1956-895ed42ab083" executionId="fb5a7e9c-cbf9-4e6b-98b6-5515a67ecfb5" testListId="8c84fa94-04c1-424b-9868-57a2d4851a1d" />
    <TestEntry testId="43c10c64-8836-30db-afbe-d1657a7dd9d8" executionId="7ee76a59-a345-45a5-9aaa-2349a895625a" testListId="8c84fa94-04c1-424b-9868-57a2d4851a1d" />
    <TestEntry testId="96f263a8-e1d9-0070-21ba-583144d2d030" executionId="40ff5cc2-33e5-47df-808a-e2a672cf8871" testListId="8c84fa94-04c1-424b-9868-57a2d4851a1d" />
    <TestEntry testId="074815db-ddf2-9c1f-0fef-7f709183591e" executionId="5cb8d77d-3a43-4e1d-8043-4655a760e522" testListId="8c84fa94-04c1-424b-9868-57a2d4851a1d" />
    <TestEntry testId="5bee9d0e-89de-7b6d-4317-0a11342b1d29" executionId="fe7ad6a1-f8bf-4472-98b0-81855502ed3e" testListId="8c84fa94-04c1-424b-9868-57a2d4851a1d" />
    <TestEntry testId="0b00f09d-f7e4-fb1e-68ad-8102cf6143e0" executionId="43aa63e3-e32f-4d18-b753-1d2c59c2b666" testListId="8c84fa94-04c1-424b-9868-57a2d4851a1d" />
    <TestEntry testId="8a110a46-40a4-c9bb-083e-1c3fcb5b45b7" executionId="464f9cdc-2772-4de0-bb2a-13d5594955b2" testListId="8c84fa94-04c1-424b-9868-57a2d4851a1d" />
    <TestEntry testId="98d4dd82-eb94-c060-7aeb-9b0a39f334fb" executionId="8947be3a-027a-4f42-8f1e-e9d0bb6f5e7b" testListId="8c84fa94-04c1-424b-9868-57a2d4851a1d" />
    <TestEntry testId="e2880a6e-7a01-b4ba-86fb-4d33be072972" executionId="46d55537-5f69-4028-bd3f-4663a7df17f3" testListId="8c84fa94-04c1-424b-9868-57a2d4851a1d" />
    <TestEntry testId="967da852-80aa-48c8-4fdf-7229c80964ce" executionId="f7a03169-4183-4164-945f-c70d910ecb2b" testListId="8c84fa94-04c1-424b-9868-57a2d4851a1d" />
    <TestEntry testId="7c09a438-5465-f760-64b2-23d25fc199f5" executionId="75b5bd36-cf1d-448a-844a-303866616292" testListId="8c84fa94-04c1-424b-9868-57a2d4851a1d" />
    <TestEntry testId="15fe55e5-cdce-6280-ea15-ef777735767c" executionId="b5903b5e-62e5-465e-96ab-48787bd8e612" testListId="8c84fa94-04c1-424b-9868-57a2d4851a1d" />
    <TestEntry testId="fa00d2a8-59b9-ad9e-caa1-a0c9e3156db1" executionId="d4881760-b6f1-4a99-a016-ab319b4a0278" testListId="8c84fa94-04c1-424b-9868-57a2d4851a1d" />
    <TestEntry testId="4315ebd1-3e2a-edf0-9de6-c78f08760fe3" executionId="ae8ba36e-c86e-4b48-97a0-269dc8517d08" testListId="8c84fa94-04c1-424b-9868-57a2d4851a1d" />
    <TestEntry testId="f8b74494-d277-7173-e694-2a4d463a4607" executionId="4c3e1568-de54-474c-8b84-cd986864f036" testListId="8c84fa94-04c1-424b-9868-57a2d4851a1d" />
    <TestEntry testId="a2b6017f-838f-c435-81c1-a75dd92108eb" executionId="5d12cac4-4eaa-412a-b64d-36528ee074f9" testListId="8c84fa94-04c1-424b-9868-57a2d4851a1d" />
    <TestEntry testId="180814cc-22f9-91b2-cd9a-f54be7e1ba18" executionId="0c47d60d-9346-40c5-9d92-7c1c0d3516ea" testListId="8c84fa94-04c1-424b-9868-57a2d4851a1d" />
    <TestEntry testId="9d64a285-266d-52de-ef34-34102f8ad12c" executionId="0da01d57-f078-4bd1-bf7f-35594c4472d6" testListId="8c84fa94-04c1-424b-9868-57a2d4851a1d" />
    <TestEntry testId="e9d3a3d6-32e0-613e-b55e-48afdf1ab686" executionId="c6331626-a1a0-43c4-8579-814768ce71f0" testListId="8c84fa94-04c1-424b-9868-57a2d4851a1d" />
    <TestEntry testId="cf950ab2-9fe4-ec30-43b4-2f3a99b5167d" executionId="e2f3c2af-2c9b-448f-95ff-6bca76595138" testListId="8c84fa94-04c1-424b-9868-57a2d4851a1d" />
    <TestEntry testId="432377b9-b0ad-9a2a-6dc2-e1069e73c449" executionId="73d5f51b-515f-4d1b-a788-ce0f3135448c" testListId="8c84fa94-04c1-424b-9868-57a2d4851a1d" />
    <TestEntry testId="fe683836-27ec-729e-5fe1-a9c2674a6d87" executionId="87f4f718-0735-4023-8a36-9ac5dff42464" testListId="8c84fa94-04c1-424b-9868-57a2d4851a1d" />
    <TestEntry testId="4ead3f79-a54e-1b96-838c-d0c2f491cb0d" executionId="cf937d0c-ea59-4680-95c9-6321a90f8e30" testListId="8c84fa94-04c1-424b-9868-57a2d4851a1d" />
    <TestEntry testId="3f0bf65d-a3af-41bf-ac79-126a0efc4fd4" executionId="67517233-82db-431e-a1c3-5e04b430df20" testListId="8c84fa94-04c1-424b-9868-57a2d4851a1d" />
    <TestEntry testId="17a38df3-33e0-71ac-f8cb-dcdd3ade7269" executionId="07084a7c-45a7-4c5e-b838-6b5fc2cd793b" testListId="8c84fa94-04c1-424b-9868-57a2d4851a1d" />
    <TestEntry testId="34e0940c-fc9c-71db-fc18-7d52ee8761a0" executionId="af62d643-fc64-46d6-bdc8-659ca47c8fd1" testListId="8c84fa94-04c1-424b-9868-57a2d4851a1d" />
    <TestEntry testId="e1a72c94-958d-7abb-4a96-4b60b12f8157" executionId="b862ebd5-ac30-459b-ba11-4c7fb0d9a109" testListId="8c84fa94-04c1-424b-9868-57a2d4851a1d" />
    <TestEntry testId="8dccdb77-e6a8-58c6-9bd0-108f87c5ff65" executionId="e3e83140-da80-4b42-a652-d60afdce2944" testListId="8c84fa94-04c1-424b-9868-57a2d4851a1d" />
    <TestEntry testId="1237bc5f-42ea-8c7f-8602-051620acda95" executionId="c8f304d5-e8bf-4afd-aec3-9539d791ae40" testListId="8c84fa94-04c1-424b-9868-57a2d4851a1d" />
    <TestEntry testId="87c5dbd3-fd2a-1e49-42e5-8dc78affc8d6" executionId="a8b5885d-9248-4838-8f3b-cb4921714b58" testListId="8c84fa94-04c1-424b-9868-57a2d4851a1d" />
    <TestEntry testId="f8adc240-2e19-f993-0d82-9d004ab9752d" executionId="c298a1e4-4798-49e4-962e-880c256b2dca" testListId="8c84fa94-04c1-424b-9868-57a2d4851a1d" />
    <TestEntry testId="19a313ce-6632-bd6f-bb7e-c2dc7bcf20eb" executionId="24a7a096-9bd9-4dcb-bd28-cea672216aba" testListId="8c84fa94-04c1-424b-9868-57a2d4851a1d" />
    <TestEntry testId="4234610b-215b-41f7-e61d-4a82851bdfa3" executionId="e0f3cfb4-a85c-4e3b-8cee-9825d09a65d0" testListId="8c84fa94-04c1-424b-9868-57a2d4851a1d" />
    <TestEntry testId="71a1897b-b713-c047-1c23-5efdff095b20" executionId="4358805a-c7aa-4a5e-bfd8-aaff85d11183" testListId="8c84fa94-04c1-424b-9868-57a2d4851a1d" />
    <TestEntry testId="579b7361-19a9-f329-acb3-de102dcfc793" executionId="9f307d48-7471-44a0-ba4b-1af08d45c1b1" testListId="8c84fa94-04c1-424b-9868-57a2d4851a1d" />
    <TestEntry testId="f2debf4a-2a42-7b0b-1005-8f74a6fc63cb" executionId="c54093f4-2779-4917-9ab0-e42c218e821e" testListId="8c84fa94-04c1-424b-9868-57a2d4851a1d" />
    <TestEntry testId="430dec51-b9df-7e06-fff9-78e6d362c2d8" executionId="6fef8384-b101-4368-9c14-c2673e2d03b6" testListId="8c84fa94-04c1-424b-9868-57a2d4851a1d" />
    <TestEntry testId="40108f40-2761-0a89-d16d-ad113b5f3dd5" executionId="1af9b7e2-8e41-4008-b3f0-88e29c709b68" testListId="8c84fa94-04c1-424b-9868-57a2d4851a1d" />
    <TestEntry testId="481343f9-3ff3-548f-0c6c-41599cf65802" executionId="81bdd393-bc4d-41bc-9f98-6c1e12ed6582" testListId="8c84fa94-04c1-424b-9868-57a2d4851a1d" />
    <TestEntry testId="9e36eef1-cde7-a509-c95d-2249b6b02dbb" executionId="2b50d93d-8ae3-4902-a49d-cd9d6bb50970" testListId="8c84fa94-04c1-424b-9868-57a2d4851a1d" />
    <TestEntry testId="ede15cdf-3d1b-3e1a-18dc-485a2d50fe42" executionId="1fe90878-7797-40a2-8e1b-00e6f9e7fb5f" testListId="8c84fa94-04c1-424b-9868-57a2d4851a1d" />
    <TestEntry testId="0f697beb-b7a4-6aa6-9017-b57feeb9ba7f" executionId="b01b83cb-2954-4857-aaaf-76df5325ffd0" testListId="8c84fa94-04c1-424b-9868-57a2d4851a1d" />
    <TestEntry testId="4e1a5879-f3c8-4fdb-51d0-c4cf0a35e0bf" executionId="9e438a57-f8b1-45f2-b248-74a0e9aa867f" testListId="8c84fa94-04c1-424b-9868-57a2d4851a1d" />
    <TestEntry testId="4a2e80a7-472b-b7f7-ba61-ac77aed5735d" executionId="f8a689e0-eeac-4f3e-9773-116c273fec1c" testListId="8c84fa94-04c1-424b-9868-57a2d4851a1d" />
    <TestEntry testId="d6d04f4a-9142-b816-d673-c4abf49a39ad" executionId="8cf62913-0571-4105-b6d1-6f75391f0ade" testListId="8c84fa94-04c1-424b-9868-57a2d4851a1d" />
    <TestEntry testId="1dab5b85-21d2-af6f-92e5-af8126f0e2fb" executionId="4e9ecbf6-67cd-436c-96c7-38cfc4ed77bb" testListId="8c84fa94-04c1-424b-9868-57a2d4851a1d" />
    <TestEntry testId="55f105d6-fc07-21db-e70a-db30ccdb0844" executionId="fbaff137-5ae2-4a72-9cd1-a2c2d7c337c1" testListId="8c84fa94-04c1-424b-9868-57a2d4851a1d" />
    <TestEntry testId="29112d2a-2e73-305d-ec50-12fc95c28627" executionId="a422f449-1d6f-4749-8345-1bc42c4cad55" testListId="8c84fa94-04c1-424b-9868-57a2d4851a1d" />
    <TestEntry testId="760ae14b-6c0d-0288-811d-408b67937415" executionId="fc50596a-96d0-4ca4-8eb9-99831b1169f0" testListId="8c84fa94-04c1-424b-9868-57a2d4851a1d" />
    <TestEntry testId="4a3afd90-c6ab-e82e-40d8-b40450680318" executionId="4d05eee4-79ee-470c-9d78-a2b222de0908" testListId="8c84fa94-04c1-424b-9868-57a2d4851a1d" />
    <TestEntry testId="856fd0c8-b6f8-9265-ccfd-2a9e615488e2" executionId="30e09c28-82ec-474b-acc2-93c28c11170d" testListId="8c84fa94-04c1-424b-9868-57a2d4851a1d" />
    <TestEntry testId="eb3fbb45-8257-f4b8-0975-042f859a72bf" executionId="c3d6fb5b-41b2-4621-bf44-43b10669dc8d" testListId="8c84fa94-04c1-424b-9868-57a2d4851a1d" />
    <TestEntry testId="5c861184-f295-e727-0fd4-d218f13da14d" executionId="4f7129bb-e9fd-402e-83a9-80fa7bc385bd" testListId="8c84fa94-04c1-424b-9868-57a2d4851a1d" />
    <TestEntry testId="a95f665c-aa8d-208d-902c-60a464250c99" executionId="cf2dfce7-c021-4002-90a1-59f1a63e63e3" testListId="8c84fa94-04c1-424b-9868-57a2d4851a1d" />
    <TestEntry testId="7be8a004-8e29-0f01-8ada-f15377193150" executionId="2aa94491-7ca0-47d6-b556-b27562464bad" testListId="8c84fa94-04c1-424b-9868-57a2d4851a1d" />
    <TestEntry testId="845c887e-a785-555d-db89-1c2975a33bbb" executionId="c3270ae3-3337-477b-99db-ebf530912e5b" testListId="8c84fa94-04c1-424b-9868-57a2d4851a1d" />
    <TestEntry testId="9af963da-8209-d683-34a5-be793bc59993" executionId="6057afdb-a8ae-429e-b512-a6a3fca823af" testListId="8c84fa94-04c1-424b-9868-57a2d4851a1d" />
    <TestEntry testId="bc6955b8-aec0-957c-bad4-853e5cfa19a1" executionId="d0743175-fc0c-4777-9c39-150507cf8f40" testListId="8c84fa94-04c1-424b-9868-57a2d4851a1d" />
    <TestEntry testId="8c1d1a56-be42-3df5-a82e-36b97c2860b8" executionId="8e653e18-ee79-42b4-af81-1cf5fcbe1499" testListId="8c84fa94-04c1-424b-9868-57a2d4851a1d" />
    <TestEntry testId="209cbba1-d5fa-4810-2cb6-ee92ce2e109d" executionId="c0a82cb0-f258-4c79-9b73-2ddffa607380" testListId="8c84fa94-04c1-424b-9868-57a2d4851a1d" />
    <TestEntry testId="1c5de28c-f1b3-c94d-8e43-201eab8c2ff8" executionId="2bee3db4-fd32-402e-a1bc-28cfc95b51e5" testListId="8c84fa94-04c1-424b-9868-57a2d4851a1d" />
    <TestEntry testId="b51b5293-5162-7db8-79c0-6e7b6f1c51a5" executionId="2afdd770-b69f-4d83-bc8d-29c1f8e018be" testListId="8c84fa94-04c1-424b-9868-57a2d4851a1d" />
    <TestEntry testId="1b969e76-d97c-c639-c377-a41796fbb2c3" executionId="f914b873-b8f1-4fd9-bfa1-b895bfa3f095" testListId="8c84fa94-04c1-424b-9868-57a2d4851a1d" />
    <TestEntry testId="772d3145-280a-fb9f-03c2-247d0f593a66" executionId="7c85235a-a326-4788-b32e-f0a32a1565ce" testListId="8c84fa94-04c1-424b-9868-57a2d4851a1d" />
    <TestEntry testId="7daaba64-d3ad-9109-43bf-bdb516b673b8" executionId="3d73dfc4-d17b-4cb1-9a51-d4c1c929ad2b" testListId="8c84fa94-04c1-424b-9868-57a2d4851a1d" />
    <TestEntry testId="64bc1554-814c-3c40-a6b0-679b40b89c36" executionId="305f5abe-4879-4a79-b5c7-5df8564e36b3" testListId="8c84fa94-04c1-424b-9868-57a2d4851a1d" />
    <TestEntry testId="f17b6f1f-06a9-5318-815f-4c3950fdd0cb" executionId="7bbc0f73-a699-4f94-a8eb-b31df1a2a5aa" testListId="8c84fa94-04c1-424b-9868-57a2d4851a1d" />
    <TestEntry testId="fcd9a6e3-ee1d-7212-668e-2b0865200d81" executionId="7df31fbe-1177-49c5-a4f9-83a4e1bba75e" testListId="8c84fa94-04c1-424b-9868-57a2d4851a1d" />
    <TestEntry testId="65b9c427-b5ec-99b4-199a-0093cd460501" executionId="15b43c75-985a-474d-857e-319ee1725620" testListId="8c84fa94-04c1-424b-9868-57a2d4851a1d" />
    <TestEntry testId="29295413-2308-fade-9c98-0e9ed6c67839" executionId="46f1c9e5-2658-4afb-a502-ea432a31c0e9" testListId="8c84fa94-04c1-424b-9868-57a2d4851a1d" />
    <TestEntry testId="0df69eaf-b001-71ae-6cf8-f9c5860f7c4c" executionId="cfedde53-54c2-4557-b582-2a8d816ff7ec" testListId="8c84fa94-04c1-424b-9868-57a2d4851a1d" />
    <TestEntry testId="a4956cd8-34a7-6fca-5b71-6eb98cedd9b0" executionId="a1883d0b-1736-4d45-9644-d4150ae16766" testListId="8c84fa94-04c1-424b-9868-57a2d4851a1d" />
    <TestEntry testId="aaa46586-7b83-9a88-e835-ae92592f98a3" executionId="df39ac53-f11c-4493-a499-d52720037a78" testListId="8c84fa94-04c1-424b-9868-57a2d4851a1d" />
    <TestEntry testId="43949294-e4b7-cf4d-0d69-84ccc9e58406" executionId="c63aa911-6076-48ed-a6e1-3892eed5b52e" testListId="8c84fa94-04c1-424b-9868-57a2d4851a1d" />
    <TestEntry testId="77fe17c3-3cf8-a189-4d95-b2e0d3ca9579" executionId="c8ad19b7-1482-43ee-b1f6-03ddea8076b7" testListId="8c84fa94-04c1-424b-9868-57a2d4851a1d" />
    <TestEntry testId="c14c626b-0f15-ac55-344d-8aa2c3f91cdf" executionId="480f8d14-e9ae-41f9-95c4-5005d46f4f0d" testListId="8c84fa94-04c1-424b-9868-57a2d4851a1d" />
    <TestEntry testId="a6625fb0-1b80-148b-87dc-9cf616e5e84d" executionId="c7edf4c4-ee13-43d5-8f0a-06837da6848f" testListId="8c84fa94-04c1-424b-9868-57a2d4851a1d" />
    <TestEntry testId="c330741e-ad40-618c-36cc-508c135d2b95" executionId="6eff912a-5ef3-4256-9447-5f06c0c7bcbd" testListId="8c84fa94-04c1-424b-9868-57a2d4851a1d" />
    <TestEntry testId="ab527057-69f2-0a9a-89fd-18928a3920fd" executionId="0afa9d68-83bd-4e26-94d0-6bf399746768" testListId="8c84fa94-04c1-424b-9868-57a2d4851a1d" />
    <TestEntry testId="07d50dfb-3195-c832-23d2-97ae667f2010" executionId="3b1c88de-b38a-44ca-b9f3-bf2f71af352d" testListId="8c84fa94-04c1-424b-9868-57a2d4851a1d" />
    <TestEntry testId="bb347f18-44ab-0d77-d5bd-a671e4c37650" executionId="a76bea5a-84fb-413c-afa5-fb8a1e21a3fd" testListId="8c84fa94-04c1-424b-9868-57a2d4851a1d" />
    <TestEntry testId="161f5d07-7835-e575-5072-b9d787ef451c" executionId="393882bf-dec8-49ae-af13-af27f78de62c" testListId="8c84fa94-04c1-424b-9868-57a2d4851a1d" />
    <TestEntry testId="c180eeb5-df7f-187e-c74d-0f6d31acdec5" executionId="9247f471-da7f-403e-a435-e3c09b9fa3bf" testListId="8c84fa94-04c1-424b-9868-57a2d4851a1d" />
    <TestEntry testId="1340b308-d9eb-a26e-e042-04d6c1d9a958" executionId="98a64463-f80d-406c-9a59-83a92b159ccb" testListId="8c84fa94-04c1-424b-9868-57a2d4851a1d" />
    <TestEntry testId="73904cd7-b09d-89fc-efca-330cb9d1d1b7" executionId="e2632432-3e9b-4ea6-b79a-62e674651570" testListId="8c84fa94-04c1-424b-9868-57a2d4851a1d" />
    <TestEntry testId="31ff6168-d18d-0013-7c18-0ff775714202" executionId="f07881b8-b9b0-4467-8ea1-a075f40f2008" testListId="8c84fa94-04c1-424b-9868-57a2d4851a1d" />
    <TestEntry testId="b9a89fa2-355c-e886-bec5-28d3cf549be6" executionId="184bef7f-54c6-4428-9faf-4ce1a7b8981d" testListId="8c84fa94-04c1-424b-9868-57a2d4851a1d" />
    <TestEntry testId="26cc48e2-5e82-bc12-cf41-e3a984599b8d" executionId="bb1e3534-b681-42b1-955c-337b86955717" testListId="8c84fa94-04c1-424b-9868-57a2d4851a1d" />
    <TestEntry testId="86b92527-4d52-052b-63ae-d9a8aa694919" executionId="9917cbea-de63-493f-8698-cd74a65bad86" testListId="8c84fa94-04c1-424b-9868-57a2d4851a1d" />
    <TestEntry testId="f2d267b8-d5a7-6c91-de6d-813182908c7f" executionId="efe97adc-998b-4704-a9c7-de13acce7011" testListId="8c84fa94-04c1-424b-9868-57a2d4851a1d" />
    <TestEntry testId="10024a68-25d4-872c-3e48-a6d6b2671494" executionId="a87201b6-4001-4468-b71b-4e1b043514af" testListId="8c84fa94-04c1-424b-9868-57a2d4851a1d" />
    <TestEntry testId="42ded375-26ee-044e-44a7-9eab5e4cd342" executionId="40e8fdb7-e708-49c6-8c22-c94170c325f7" testListId="8c84fa94-04c1-424b-9868-57a2d4851a1d" />
    <TestEntry testId="74c0befe-cdb2-1fdf-be71-2a39199bb5c9" executionId="7111b3bc-a0a9-4395-9f6f-21edf1bdde8b" testListId="8c84fa94-04c1-424b-9868-57a2d4851a1d" />
    <TestEntry testId="8fbac209-421a-f9fa-c5fe-97403aedb24e" executionId="66e35541-26ac-47f7-b2da-78fa4256960a" testListId="8c84fa94-04c1-424b-9868-57a2d4851a1d" />
    <TestEntry testId="1f173fff-9060-8c18-f825-225901225244" executionId="a467c060-0528-48ca-99ba-b3d048047c87" testListId="8c84fa94-04c1-424b-9868-57a2d4851a1d" />
    <TestEntry testId="1761ee10-7c34-b565-b889-1885bffe91c3" executionId="3c264aa5-e634-454a-8267-984dedd90715" testListId="8c84fa94-04c1-424b-9868-57a2d4851a1d" />
    <TestEntry testId="d51ea295-e896-101a-6578-05ae772bcbfb" executionId="9113e045-d0a5-4457-b0d0-f91ea7005dca" testListId="8c84fa94-04c1-424b-9868-57a2d4851a1d" />
    <TestEntry testId="def94964-1ba4-f78f-2dac-38055bb04256" executionId="7f46ccff-c0e0-4f7b-a10f-c9f3c376382d" testListId="8c84fa94-04c1-424b-9868-57a2d4851a1d" />
    <TestEntry testId="66f7bc12-fe2b-fd81-3cbf-5bc4840aa6f8" executionId="d8484b78-eef0-4013-a0d9-23c2c8e42b83" testListId="8c84fa94-04c1-424b-9868-57a2d4851a1d" />
    <TestEntry testId="bf48e581-43e6-7660-c4f4-1b7deb1f0ed9" executionId="ee7a37cd-313a-4fce-89af-4263bd1133a9" testListId="8c84fa94-04c1-424b-9868-57a2d4851a1d" />
    <TestEntry testId="cd004a9f-a0f6-2fdf-aeae-1890f4ab8e71" executionId="9b188ed3-c4d2-4fb5-a71f-c3367a122962" testListId="8c84fa94-04c1-424b-9868-57a2d4851a1d" />
    <TestEntry testId="605637df-9854-875b-b3aa-6675f3fbd045" executionId="0eada68b-c267-4c9b-9d07-1b7d726a1daf" testListId="8c84fa94-04c1-424b-9868-57a2d4851a1d" />
    <TestEntry testId="3e6d6aa9-9b6d-dd96-b54c-49f88780a2b4" executionId="39b4e863-4bef-4c3d-9b4e-1b0395a83aa7" testListId="8c84fa94-04c1-424b-9868-57a2d4851a1d" />
    <TestEntry testId="225c09bd-86d5-d9ce-d2b8-18431ca384e3" executionId="0d24c704-7f95-4865-8557-5321e35e2759" testListId="8c84fa94-04c1-424b-9868-57a2d4851a1d" />
    <TestEntry testId="a702dc43-b5af-c889-d32e-e69ee2d100af" executionId="e8ccd99f-73ed-48dc-bbdc-026f2dbd5c6a" testListId="8c84fa94-04c1-424b-9868-57a2d4851a1d" />
    <TestEntry testId="31126d50-f667-908c-85f3-09f9d9272df9" executionId="ed0ad080-157a-48fc-8a0a-722d2561510d" testListId="8c84fa94-04c1-424b-9868-57a2d4851a1d" />
    <TestEntry testId="19f76070-822e-31f8-2a9f-a96f774333a7" executionId="99c7f268-28e5-4d84-8e20-97e9aa00cb50" testListId="8c84fa94-04c1-424b-9868-57a2d4851a1d" />
    <TestEntry testId="6c59b811-73c0-2540-9661-8c8f2a459ff2" executionId="8e395fa3-8afc-4e05-909c-193eff2b77b1" testListId="8c84fa94-04c1-424b-9868-57a2d4851a1d" />
    <TestEntry testId="7f0aeefe-ba4a-5404-c6f8-82be67718cc4" executionId="707084af-cfec-4909-95fa-3a68b879d89a" testListId="8c84fa94-04c1-424b-9868-57a2d4851a1d" />
    <TestEntry testId="9eeef095-29ed-4872-a36c-ca4832350421" executionId="d0d99ed1-c090-46d6-83ca-5bb936d99a97" testListId="8c84fa94-04c1-424b-9868-57a2d4851a1d" />
    <TestEntry testId="1577c538-d1be-5b59-2b09-8e59b0be5fcd" executionId="b1260c0e-6fa1-445f-acf7-bca0dc5d3da1" testListId="8c84fa94-04c1-424b-9868-57a2d4851a1d" />
    <TestEntry testId="801afd1a-5f3d-0d0c-471a-96452bf5bc35" executionId="fad980c6-924f-49bd-b70f-42279839a9f7" testListId="8c84fa94-04c1-424b-9868-57a2d4851a1d" />
    <TestEntry testId="db5f34ff-df7c-44e5-6721-c319db8d6da0" executionId="9f614825-9697-471c-8230-f828bba6d364" testListId="8c84fa94-04c1-424b-9868-57a2d4851a1d" />
    <TestEntry testId="7c679bcb-7a59-8751-0063-1ef6e07cb160" executionId="3a8a296c-0c6d-42b2-8557-5e279f4e9d8f" testListId="8c84fa94-04c1-424b-9868-57a2d4851a1d" />
    <TestEntry testId="0696fab6-6d9f-2b85-4a73-248fbd1cdda4" executionId="45c9f046-2f99-4f0f-97b7-8933904499b2" testListId="8c84fa94-04c1-424b-9868-57a2d4851a1d" />
    <TestEntry testId="5fda35dc-4db7-2169-9391-a6295d2ec5fd" executionId="9eab0fc6-cd66-4117-8d70-68814509b8d0" testListId="8c84fa94-04c1-424b-9868-57a2d4851a1d" />
    <TestEntry testId="2e87c537-4979-f58b-6e83-f3d4ee161ff1" executionId="49d8fbf7-6791-4c8b-9b67-54a01874930d" testListId="8c84fa94-04c1-424b-9868-57a2d4851a1d" />
    <TestEntry testId="53cbdd8e-a1ef-5d22-8745-938609ed19c2" executionId="e3c6f1e5-5b56-4628-9538-f2d58c84966f" testListId="8c84fa94-04c1-424b-9868-57a2d4851a1d" />
    <TestEntry testId="006d3c07-11d3-9f4b-c045-6799df52bbfb" executionId="16af817b-5576-4d8b-a226-55e97a748f8b" testListId="8c84fa94-04c1-424b-9868-57a2d4851a1d" />
    <TestEntry testId="13bab721-bf36-ea1b-3f50-9937b274e83a" executionId="2f3f7489-4fb7-436c-bab8-d9ff676cc1ae" testListId="8c84fa94-04c1-424b-9868-57a2d4851a1d" />
    <TestEntry testId="aeb559a5-c285-7ab9-baee-1cb152d1742f" executionId="48c89cda-db96-4f29-a49f-d5858e052455" testListId="8c84fa94-04c1-424b-9868-57a2d4851a1d" />
    <TestEntry testId="8a5cc6e0-e73e-2131-64bd-e73fc6c2a32e" executionId="410e7344-bb85-4dd9-97a3-c2130a52f83b" testListId="8c84fa94-04c1-424b-9868-57a2d4851a1d" />
    <TestEntry testId="1064d8aa-5d0e-6bf5-83ee-952a4d1fd93b" executionId="2ef97fac-5784-4f35-a3e8-fc32501c5c55" testListId="8c84fa94-04c1-424b-9868-57a2d4851a1d" />
    <TestEntry testId="c8fd6d3c-b723-929b-f175-dbdc2a7be855" executionId="a14e5322-a524-48e9-89cd-d088eb3da260" testListId="8c84fa94-04c1-424b-9868-57a2d4851a1d" />
    <TestEntry testId="640513b3-feee-19a8-efba-5817e77ff3ee" executionId="4e6dd06f-8997-4aec-8b93-49a89a40213b" testListId="8c84fa94-04c1-424b-9868-57a2d4851a1d" />
    <TestEntry testId="725d136c-3e7a-6e51-fc61-03203ffec0b5" executionId="b9be9c00-14d9-4944-aa63-cf9c000562d8" testListId="8c84fa94-04c1-424b-9868-57a2d4851a1d" />
    <TestEntry testId="3bd7277d-4ad0-51ee-d24c-53176ec3cc7f" executionId="078daf73-f1ab-436a-99aa-b72355da2990" testListId="8c84fa94-04c1-424b-9868-57a2d4851a1d" />
    <TestEntry testId="a03675ec-665e-f4d5-4630-89e50dac0bfb" executionId="389c399c-05e0-472f-b032-d38fb601f37f" testListId="8c84fa94-04c1-424b-9868-57a2d4851a1d" />
    <TestEntry testId="056700a7-2506-75ed-a80a-ddf2ddb5d2a8" executionId="5c915be9-4175-42f4-8450-f60df9bd0d24" testListId="8c84fa94-04c1-424b-9868-57a2d4851a1d" />
    <TestEntry testId="d5506b30-7041-6d90-bd03-bcd5b2479c40" executionId="31d170fe-df99-4f25-a1af-6215e75bee88" testListId="8c84fa94-04c1-424b-9868-57a2d4851a1d" />
    <TestEntry testId="678a7b5d-e2f9-09be-f35f-0e3e4d5ad033" executionId="28037015-ec81-4560-a1eb-693077b5d1ff" testListId="8c84fa94-04c1-424b-9868-57a2d4851a1d" />
    <TestEntry testId="5385d994-9594-6052-11cb-73f8d2344981" executionId="205ca7d6-10fe-4607-b8f7-0d7059c82740" testListId="8c84fa94-04c1-424b-9868-57a2d4851a1d" />
    <TestEntry testId="7384e2f6-7a7f-d462-78fa-5bf7f49c326a" executionId="1d10d332-2ac9-4373-8dd6-dd1702e10919" testListId="8c84fa94-04c1-424b-9868-57a2d4851a1d" />
    <TestEntry testId="bc15aa99-72de-0e5a-b6e8-2d654659d591" executionId="70b6fbce-46cc-446b-9d2e-cb7ffc88f9c1" testListId="8c84fa94-04c1-424b-9868-57a2d4851a1d" />
    <TestEntry testId="65b9b71b-a8d5-2a7d-a8a7-0e3a015e6b68" executionId="c43dbab7-8c21-43bd-a7aa-9a7fc61343d0" testListId="8c84fa94-04c1-424b-9868-57a2d4851a1d" />
    <TestEntry testId="1c5fe271-1e90-52f5-1f31-436b17e57702" executionId="edcaf88a-800f-4d4a-9148-d02b17263344" testListId="8c84fa94-04c1-424b-9868-57a2d4851a1d" />
    <TestEntry testId="0d35441f-72fe-a777-509f-6a19632f972a" executionId="9a1e1360-832e-40ff-bbb0-82eeaac8bd0a" testListId="8c84fa94-04c1-424b-9868-57a2d4851a1d" />
    <TestEntry testId="7a313c49-8adc-98e3-cdda-86b900f0ade6" executionId="753d3844-47ec-496d-8736-57133a1cb8b1" testListId="8c84fa94-04c1-424b-9868-57a2d4851a1d" />
    <TestEntry testId="118e36ba-6572-1245-e05b-9bcc7b4e5e20" executionId="11adde3d-850e-498c-9479-3069197cb13e" testListId="8c84fa94-04c1-424b-9868-57a2d4851a1d" />
    <TestEntry testId="0cfd0c7c-1a61-7d19-c2fa-3c8a47ccf09c" executionId="6804b7dd-045a-4658-9bb2-50855c0ac326" testListId="8c84fa94-04c1-424b-9868-57a2d4851a1d" />
    <TestEntry testId="504465b7-a3fe-9023-93b9-ffece1903418" executionId="83296e6b-0853-4be5-b851-27a30cfeb925" testListId="8c84fa94-04c1-424b-9868-57a2d4851a1d" />
    <TestEntry testId="4ff63349-9eef-ad1f-85cf-a84cda1ff120" executionId="4479d07d-5d3c-4971-bc15-b06108cf5286" testListId="8c84fa94-04c1-424b-9868-57a2d4851a1d" />
    <TestEntry testId="ac572b27-5286-68a4-5380-d7de82fbf69a" executionId="801dfdd2-2b13-4c01-9a37-2385a0c6b770" testListId="8c84fa94-04c1-424b-9868-57a2d4851a1d" />
    <TestEntry testId="5517211d-203c-115f-7dc1-6f48da8ab75b" executionId="f9e67c1e-a81d-4a65-8408-b07bcabb57f0" testListId="8c84fa94-04c1-424b-9868-57a2d4851a1d" />
    <TestEntry testId="922c5a5d-5d46-b5de-bcbd-4fac0addd422" executionId="2acd9c07-e41e-4355-87ff-cca7a91301bb" testListId="8c84fa94-04c1-424b-9868-57a2d4851a1d" />
  </TestEntries>
  <TestLists>
    <TestList name="Resultados sin formato de lista" id="8c84fa94-04c1-424b-9868-57a2d4851a1d" />
    <TestList name="Todos los resultados cargados" id="19431567-8539-422a-85d7-44ee4e166bda" />
  </TestLists>
  <ResultSummary outcome="Completed">
    <Counters total="438" executed="438" passed="438" failed="0" error="0" timeout="0" aborted="0" inconclusive="0" passedButRunAborted="0" notRunnable="0" notExecuted="0" disconnected="0" warning="0" completed="0" inProgress="0" pending="0" />
  </ResultSummary>
</TestRun>