<?xml version="1.0" encoding="utf-8"?>
<TestRun id="682bf683-c1b9-4053-b11d-96e22615397e" name="sferrari@PC-SFERRARI 2021-01-01 10:31:11" runUser="PC-SFERRARI\sferrari" xmlns="http://microsoft.com/schemas/VisualStudio/TeamTest/2010">
  <Times creation="2021-01-01T10:31:11.8229195+00:00" queuing="2021-01-01T10:31:11.8229195+00:00" start="2021-01-01T10:31:10.4799643+00:00" finish="2021-01-01T10:31:13.3886968+00:00" />
  <TestSettings name="default" id="cce9eb24-7bf5-4263-936d-86e8165d069c">
    <Deployment runDeploymentRoot="sferrari_PC-SFERRARI_2021-01-01_10_31_11" />
  </TestSettings>
  <Results>
    <UnitTestResult executionId="2cfa854b-b1ad-417d-a19b-3a98339a86a1" testId="a2b6017f-838f-c435-81c1-a75dd92108eb" testName="IsEspecialChars_Passing_ValidArguments_Returns_HasErrorsAndCount" computerName="PC-SFERRARI" duration="00:00:00.0001427" startTime="2021-01-01T10:31:11.9060706+00:00" endTime="2021-01-01T10:31:11.9062919+00:00" testType="13cdc9d9-ddb5-4fa4-a97d-d965ccfc6d4b" outcome="Passed" testListId="8c84fa94-04c1-424b-9868-57a2d4851a1d" relativeResultsDirectory="2cfa854b-b1ad-417d-a19b-3a98339a86a1" />
    <UnitTestResult executionId="15df1ab8-5f30-4b8e-b53d-54e0d66f7316" testId="04084e8e-c859-4ef5-e2a7-4fb2803cb2a3" testName="ToReplace_Passing_ValidValue_Returns_ReplacedValue" computerName="PC-SFERRARI" duration="00:00:00.0009192" startTime="2021-01-01T10:31:12.9521572+00:00" endTime="2021-01-01T10:31:12.9533463+00:00" testType="13cdc9d9-ddb5-4fa4-a97d-d965ccfc6d4b" outcome="Passed" testListId="8c84fa94-04c1-424b-9868-57a2d4851a1d" relativeResultsDirectory="15df1ab8-5f30-4b8e-b53d-54e0d66f7316" resultType="DataDrivenTest">
      <InnerResults>
        <UnitTestResult executionId="28276629-bbd3-4bf7-b4c2-a76f21f9e2ff" parentExecutionId="15df1ab8-5f30-4b8e-b53d-54e0d66f7316" testId="04084e8e-c859-4ef5-e2a7-4fb2803cb2a3" testName="ToReplace_Passing_ValidValue_Returns_ReplacedValue (aeiou,*,0,1,*eiou)" computerName="PC-SFERRARI" duration="00:00:00.0005845" startTime="2021-01-01T10:31:12.9521572+00:00" endTime="2021-01-01T10:31:12.9533463+00:00" testType="13cdc9d9-ddb5-4fa4-a97d-d965ccfc6d4b" outcome="Passed" testListId="8c84fa94-04c1-424b-9868-57a2d4851a1d" relativeResultsDirectory="28276629-bbd3-4bf7-b4c2-a76f21f9e2ff" dataRowInfo="1" resultType="DataDrivenDataRow" />
        <UnitTestResult executionId="a221498c-5020-4241-b729-8267a877b4fa" parentExecutionId="15df1ab8-5f30-4b8e-b53d-54e0d66f7316" testId="04084e8e-c859-4ef5-e2a7-4fb2803cb2a3" testName="ToReplace_Passing_ValidValue_Returns_ReplacedValue (aeiou,*,0,2,**iou)" computerName="PC-SFERRARI" duration="00:00:00.0000173" startTime="2021-01-01T10:31:12.9521572+00:00" endTime="2021-01-01T10:31:12.9533463+00:00" testType="13cdc9d9-ddb5-4fa4-a97d-d965ccfc6d4b" outcome="Passed" testListId="8c84fa94-04c1-424b-9868-57a2d4851a1d" relativeResultsDirectory="a221498c-5020-4241-b729-8267a877b4fa" dataRowInfo="2" resultType="DataDrivenDataRow" />
        <UnitTestResult executionId="e9bd4ae7-abef-4f9d-9086-6ebfbf47a358" parentExecutionId="15df1ab8-5f30-4b8e-b53d-54e0d66f7316" testId="04084e8e-c859-4ef5-e2a7-4fb2803cb2a3" testName="ToReplace_Passing_ValidValue_Returns_ReplacedValue (aeiou,*,0,3,***ou)" computerName="PC-SFERRARI" duration="00:00:00.0000043" startTime="2021-01-01T10:31:12.9521572+00:00" endTime="2021-01-01T10:31:12.9533463+00:00" testType="13cdc9d9-ddb5-4fa4-a97d-d965ccfc6d4b" outcome="Passed" testListId="8c84fa94-04c1-424b-9868-57a2d4851a1d" relativeResultsDirectory="e9bd4ae7-abef-4f9d-9086-6ebfbf47a358" dataRowInfo="3" resultType="DataDrivenDataRow" />
        <UnitTestResult executionId="74d834f8-93d5-47c4-aa89-9e907c8ef1a8" parentExecutionId="15df1ab8-5f30-4b8e-b53d-54e0d66f7316" testId="04084e8e-c859-4ef5-e2a7-4fb2803cb2a3" testName="ToReplace_Passing_ValidValue_Returns_ReplacedValue (aeiou,*,0,4,****u)" computerName="PC-SFERRARI" duration="00:00:00.0000042" startTime="2021-01-01T10:31:12.9521572+00:00" endTime="2021-01-01T10:31:12.9533463+00:00" testType="13cdc9d9-ddb5-4fa4-a97d-d965ccfc6d4b" outcome="Passed" testListId="8c84fa94-04c1-424b-9868-57a2d4851a1d" relativeResultsDirectory="74d834f8-93d5-47c4-aa89-9e907c8ef1a8" dataRowInfo="4" resultType="DataDrivenDataRow" />
        <UnitTestResult executionId="fe043b9f-6a78-461e-9c90-76ce734f69fe" parentExecutionId="15df1ab8-5f30-4b8e-b53d-54e0d66f7316" testId="04084e8e-c859-4ef5-e2a7-4fb2803cb2a3" testName="ToReplace_Passing_ValidValue_Returns_ReplacedValue (aeiou,*,0,5,*****)" computerName="PC-SFERRARI" duration="00:00:00.0000037" startTime="2021-01-01T10:31:12.9521572+00:00" endTime="2021-01-01T10:31:12.9533463+00:00" testType="13cdc9d9-ddb5-4fa4-a97d-d965ccfc6d4b" outcome="Passed" testListId="8c84fa94-04c1-424b-9868-57a2d4851a1d" relativeResultsDirectory="fe043b9f-6a78-461e-9c90-76ce734f69fe" dataRowInfo="5" resultType="DataDrivenDataRow" />
        <UnitTestResult executionId="c50c707a-7804-4b5f-9f4b-eb7df022cfda" parentExecutionId="15df1ab8-5f30-4b8e-b53d-54e0d66f7316" testId="04084e8e-c859-4ef5-e2a7-4fb2803cb2a3" testName="ToReplace_Passing_ValidValue_Returns_ReplacedValue (aeiou,*,2,1,ae*ou)" computerName="PC-SFERRARI" duration="00:00:00.0000033" startTime="2021-01-01T10:31:12.9521572+00:00" endTime="2021-01-01T10:31:12.9533463+00:00" testType="13cdc9d9-ddb5-4fa4-a97d-d965ccfc6d4b" outcome="Passed" testListId="8c84fa94-04c1-424b-9868-57a2d4851a1d" relativeResultsDirectory="c50c707a-7804-4b5f-9f4b-eb7df022cfda" dataRowInfo="6" resultType="DataDrivenDataRow" />
        <UnitTestResult executionId="00f5f56b-0b43-407e-a0f8-54125353e5c2" parentExecutionId="15df1ab8-5f30-4b8e-b53d-54e0d66f7316" testId="04084e8e-c859-4ef5-e2a7-4fb2803cb2a3" testName="ToReplace_Passing_ValidValue_Returns_ReplacedValue (aeiou,*,2,2,ae**u)" computerName="PC-SFERRARI" duration="00:00:00.0000034" startTime="2021-01-01T10:31:12.9521572+00:00" endTime="2021-01-01T10:31:12.9533463+00:00" testType="13cdc9d9-ddb5-4fa4-a97d-d965ccfc6d4b" outcome="Passed" testListId="8c84fa94-04c1-424b-9868-57a2d4851a1d" relativeResultsDirectory="00f5f56b-0b43-407e-a0f8-54125353e5c2" dataRowInfo="7" resultType="DataDrivenDataRow" />
      </InnerResults>
    </UnitTestResult>
    <UnitTestResult executionId="52d261bc-037d-4890-accb-00e0f6815f4b" testId="ee30e1f9-ce80-c70a-1b56-b7e02750ae26" testName="IsDirectory_Passing_InvalidArguments_Returns_HasErrorsAndCount" computerName="PC-SFERRARI" duration="00:00:00.0003218" startTime="2021-01-01T10:31:11.8943006+00:00" endTime="2021-01-01T10:31:11.8947345+00:00" testType="13cdc9d9-ddb5-4fa4-a97d-d965ccfc6d4b" outcome="Passed" testListId="8c84fa94-04c1-424b-9868-57a2d4851a1d" relativeResultsDirectory="52d261bc-037d-4890-accb-00e0f6815f4b" />
    <UnitTestResult executionId="e3291ec3-37e3-4b14-9d14-371362eed4c6" testId="46df7735-43c3-1f8d-197a-cd21c82e5889" testName="IsHostname_Passing_ValidArguments_Returns_HasErrorsAndCount" computerName="PC-SFERRARI" duration="00:00:00.0004499" startTime="2021-01-01T10:31:11.9160069+00:00" endTime="2021-01-01T10:31:11.9167011+00:00" testType="13cdc9d9-ddb5-4fa4-a97d-d965ccfc6d4b" outcome="Passed" testListId="8c84fa94-04c1-424b-9868-57a2d4851a1d" relativeResultsDirectory="e3291ec3-37e3-4b14-9d14-371362eed4c6" />
    <UnitTestResult executionId="2b7e3759-bdf4-48b4-8b1e-6a6ae41fece0" testId="40108f40-2761-0a89-d16d-ad113b5f3dd5" testName="ToDefaultValue_Passing_short_Returns_Cero" computerName="PC-SFERRARI" duration="00:00:00.0005677" startTime="2021-01-01T10:31:12.2664905+00:00" endTime="2021-01-01T10:31:12.2671729+00:00" testType="13cdc9d9-ddb5-4fa4-a97d-d965ccfc6d4b" outcome="Passed" testListId="8c84fa94-04c1-424b-9868-57a2d4851a1d" relativeResultsDirectory="2b7e3759-bdf4-48b4-8b1e-6a6ae41fece0" resultType="DataDrivenTest">
      <InnerResults>
        <UnitTestResult executionId="01719774-a6e7-4c4d-a7ef-1104db665a2f" parentExecutionId="2b7e3759-bdf4-48b4-8b1e-6a6ae41fece0" testId="40108f40-2761-0a89-d16d-ad113b5f3dd5" testName="ToDefaultValue_Passing_short_Returns_Cero (32767)" computerName="PC-SFERRARI" duration="00:00:00.0005080" startTime="2021-01-01T10:31:12.2664905+00:00" endTime="2021-01-01T10:31:12.2671729+00:00" testType="13cdc9d9-ddb5-4fa4-a97d-d965ccfc6d4b" outcome="Passed" testListId="8c84fa94-04c1-424b-9868-57a2d4851a1d" relativeResultsDirectory="01719774-a6e7-4c4d-a7ef-1104db665a2f" dataRowInfo="1" resultType="DataDrivenDataRow" />
      </InnerResults>
    </UnitTestResult>
    <UnitTestResult executionId="45890b05-cb1a-4cec-8ff7-c853f32cf543" testId="430dec51-b9df-7e06-fff9-78e6d362c2d8" testName="CreateRandom_WithCustomAllowableCharacters_Passing_Valid_Arguments_Returns_String_Random_Value" computerName="PC-SFERRARI" duration="00:00:00.0006735" startTime="2021-01-01T10:31:12.3075305+00:00" endTime="2021-01-01T10:31:12.3083692+00:00" testType="13cdc9d9-ddb5-4fa4-a97d-d965ccfc6d4b" outcome="Passed" testListId="8c84fa94-04c1-424b-9868-57a2d4851a1d" relativeResultsDirectory="45890b05-cb1a-4cec-8ff7-c853f32cf543" resultType="DataDrivenTest">
      <InnerResults>
        <UnitTestResult executionId="69b2ee2d-b3f6-4673-bbfc-69fc8e831c97" parentExecutionId="45890b05-cb1a-4cec-8ff7-c853f32cf543" testId="430dec51-b9df-7e06-fff9-78e6d362c2d8" testName="CreateRandom_WithCustomAllowableCharacters_Passing_Valid_Arguments_Returns_String_Random_Value (8,ae)" computerName="PC-SFERRARI" duration="00:00:00.0005012" startTime="2021-01-01T10:31:12.3075305+00:00" endTime="2021-01-01T10:31:12.3083692+00:00" testType="13cdc9d9-ddb5-4fa4-a97d-d965ccfc6d4b" outcome="Passed" testListId="8c84fa94-04c1-424b-9868-57a2d4851a1d" relativeResultsDirectory="69b2ee2d-b3f6-4673-bbfc-69fc8e831c97" dataRowInfo="1" resultType="DataDrivenDataRow" />
        <UnitTestResult executionId="2a46165d-bb0c-4cc5-bfcd-d6bbaf17313c" parentExecutionId="45890b05-cb1a-4cec-8ff7-c853f32cf543" testId="430dec51-b9df-7e06-fff9-78e6d362c2d8" testName="CreateRandom_WithCustomAllowableCharacters_Passing_Valid_Arguments_Returns_String_Random_Value (5,aeiou123456)" computerName="PC-SFERRARI" duration="00:00:00.0000169" startTime="2021-01-01T10:31:12.3075305+00:00" endTime="2021-01-01T10:31:12.3083692+00:00" testType="13cdc9d9-ddb5-4fa4-a97d-d965ccfc6d4b" outcome="Passed" testListId="8c84fa94-04c1-424b-9868-57a2d4851a1d" relativeResultsDirectory="2a46165d-bb0c-4cc5-bfcd-d6bbaf17313c" dataRowInfo="2" resultType="DataDrivenDataRow" />
        <UnitTestResult executionId="6a57f522-21a1-4709-a68b-3604344ef9bd" parentExecutionId="45890b05-cb1a-4cec-8ff7-c853f32cf543" testId="430dec51-b9df-7e06-fff9-78e6d362c2d8" testName="CreateRandom_WithCustomAllowableCharacters_Passing_Valid_Arguments_Returns_String_Random_Value (10,7890ABFLFLFFL)" computerName="PC-SFERRARI" duration="00:00:00.0000072" startTime="2021-01-01T10:31:12.3075305+00:00" endTime="2021-01-01T10:31:12.3083692+00:00" testType="13cdc9d9-ddb5-4fa4-a97d-d965ccfc6d4b" outcome="Passed" testListId="8c84fa94-04c1-424b-9868-57a2d4851a1d" relativeResultsDirectory="6a57f522-21a1-4709-a68b-3604344ef9bd" dataRowInfo="3" resultType="DataDrivenDataRow" />
        <UnitTestResult executionId="a86fca47-1a9a-4cc6-9ee9-37b4ebf123d0" parentExecutionId="45890b05-cb1a-4cec-8ff7-c853f32cf543" testId="430dec51-b9df-7e06-fff9-78e6d362c2d8" testName="CreateRandom_WithCustomAllowableCharacters_Passing_Valid_Arguments_Returns_String_Random_Value (20,qazwscefbthmiklp09876543)" computerName="PC-SFERRARI" duration="00:00:00.0000081" startTime="2021-01-01T10:31:12.3075305+00:00" endTime="2021-01-01T10:31:12.3083692+00:00" testType="13cdc9d9-ddb5-4fa4-a97d-d965ccfc6d4b" outcome="Passed" testListId="8c84fa94-04c1-424b-9868-57a2d4851a1d" relativeResultsDirectory="a86fca47-1a9a-4cc6-9ee9-37b4ebf123d0" dataRowInfo="4" resultType="DataDrivenDataRow" />
      </InnerResults>
    </UnitTestResult>
    <UnitTestResult executionId="6608cf95-9a8a-4e6f-8182-f67ba8fb7333" testId="635e001f-2a50-f191-84e2-e81cd2000fdf" testName="ToAuthenticationType_Passing_Claims_Returns_AuthenticationType_Name" computerName="PC-SFERRARI" duration="00:00:00.0418847" startTime="2021-01-01T10:31:11.9416863+00:00" endTime="2021-01-01T10:31:11.9839756+00:00" testType="13cdc9d9-ddb5-4fa4-a97d-d965ccfc6d4b" outcome="Passed" testListId="8c84fa94-04c1-424b-9868-57a2d4851a1d" relativeResultsDirectory="6608cf95-9a8a-4e6f-8182-f67ba8fb7333" />
    <UnitTestResult executionId="7dd4b660-17c2-4346-b14a-2e36e3932307" testId="c2d3c8df-32e7-92dc-91f8-057e8c4da6b9" testName="ToTomorrow_Passing_DateTime_Returns_Tomorrow_DateTime" computerName="PC-SFERRARI" duration="00:00:00.0001956" startTime="2021-01-01T10:31:12.1910212+00:00" endTime="2021-01-01T10:31:12.1912870+00:00" testType="13cdc9d9-ddb5-4fa4-a97d-d965ccfc6d4b" outcome="Passed" testListId="8c84fa94-04c1-424b-9868-57a2d4851a1d" relativeResultsDirectory="7dd4b660-17c2-4346-b14a-2e36e3932307" />
    <UnitTestResult executionId="00919879-1fcb-4e6c-9445-b54dd873690a" testId="5bee9d0e-89de-7b6d-4317-0a11342b1d29" testName="ToIPv6_Passing_HttpContext_IP_Value_Returns_IP" computerName="PC-SFERRARI" duration="00:00:00.0007509" startTime="2021-01-01T10:31:12.3635392+00:00" endTime="2021-01-01T10:31:12.3644577+00:00" testType="13cdc9d9-ddb5-4fa4-a97d-d965ccfc6d4b" outcome="Passed" testListId="8c84fa94-04c1-424b-9868-57a2d4851a1d" relativeResultsDirectory="00919879-1fcb-4e6c-9445-b54dd873690a" />
    <UnitTestResult executionId="a0c0db60-0285-408d-b92f-2e30ae688c7f" testId="71a1897b-b713-c047-1c23-5efdff095b20" testName="ToMapUpdate_Passing_Destination_Object_Returns_Updated_Destination_Object" computerName="PC-SFERRARI" duration="00:00:00.0026652" startTime="2021-01-01T10:31:11.6174104+00:00" endTime="2021-01-01T10:31:11.6201623+00:00" testType="13cdc9d9-ddb5-4fa4-a97d-d965ccfc6d4b" outcome="Passed" testListId="8c84fa94-04c1-424b-9868-57a2d4851a1d" relativeResultsDirectory="a0c0db60-0285-408d-b92f-2e30ae688c7f" />
    <UnitTestResult executionId="a9a39c04-fdbe-4561-854c-4159a1efdd7e" testId="e9d3a3d6-32e0-613e-b55e-48afdf1ab686" testName="ToWhere_Passing_Valid_Predicate_Returns_Filter_List" computerName="PC-SFERRARI" duration="00:00:00.0023903" startTime="2021-01-01T10:31:12.6553719+00:00" endTime="2021-01-01T10:31:12.6579490+00:00" testType="13cdc9d9-ddb5-4fa4-a97d-d965ccfc6d4b" outcome="Passed" testListId="8c84fa94-04c1-424b-9868-57a2d4851a1d" relativeResultsDirectory="a9a39c04-fdbe-4561-854c-4159a1efdd7e" />
    <UnitTestResult executionId="17bbda46-7d9e-4d2d-bf11-02264ab72f44" testId="7c679bcb-7a59-8751-0063-1ef6e07cb160" testName="ToEnvironment_Passing_Service_Not_Found_Returns_ApplicationException" computerName="PC-SFERRARI" duration="00:00:00.0070511" startTime="2021-01-01T10:31:11.8081984+00:00" endTime="2021-01-01T10:31:11.8153441+00:00" testType="13cdc9d9-ddb5-4fa4-a97d-d965ccfc6d4b" outcome="Passed" testListId="8c84fa94-04c1-424b-9868-57a2d4851a1d" relativeResultsDirectory="17bbda46-7d9e-4d2d-bf11-02264ab72f44" />
    <UnitTestResult executionId="321e5c7f-529b-4fe0-bffc-7d76756f5ed6" testId="1237bc5f-42ea-8c7f-8602-051620acda95" testName="ToEmailMaskUserName_Passing_ValidEmail_Returns_EmailWithMask" computerName="PC-SFERRARI" duration="00:00:00.0008189" startTime="2021-01-01T10:31:12.8228031+00:00" endTime="2021-01-01T10:31:12.8238521+00:00" testType="13cdc9d9-ddb5-4fa4-a97d-d965ccfc6d4b" outcome="Passed" testListId="8c84fa94-04c1-424b-9868-57a2d4851a1d" relativeResultsDirectory="321e5c7f-529b-4fe0-bffc-7d76756f5ed6" resultType="DataDrivenTest">
      <InnerResults>
        <UnitTestResult executionId="409d13f8-eef1-4b9a-834c-77138c6f6a62" parentExecutionId="321e5c7f-529b-4fe0-bffc-7d76756f5ed6" testId="1237bc5f-42ea-8c7f-8602-051620acda95" testName="ToEmailMaskUserName_Passing_ValidEmail_Returns_EmailWithMask (qaz@gmail.com,q*z@gmail.com)" computerName="PC-SFERRARI" duration="00:00:00.0004534" startTime="2021-01-01T10:31:12.8228031+00:00" endTime="2021-01-01T10:31:12.8238521+00:00" testType="13cdc9d9-ddb5-4fa4-a97d-d965ccfc6d4b" outcome="Passed" testListId="8c84fa94-04c1-424b-9868-57a2d4851a1d" relativeResultsDirectory="409d13f8-eef1-4b9a-834c-77138c6f6a62" dataRowInfo="1" resultType="DataDrivenDataRow" />
        <UnitTestResult executionId="e3cc501a-e2db-47d1-a041-be88e9e49a36" parentExecutionId="321e5c7f-529b-4fe0-bffc-7d76756f5ed6" testId="1237bc5f-42ea-8c7f-8602-051620acda95" testName="ToEmailMaskUserName_Passing_ValidEmail_Returns_EmailWithMask (qazwsx@gmail.com,q****x@gmail.com)" computerName="PC-SFERRARI" duration="00:00:00.0000547" startTime="2021-01-01T10:31:12.8228031+00:00" endTime="2021-01-01T10:31:12.8238521+00:00" testType="13cdc9d9-ddb5-4fa4-a97d-d965ccfc6d4b" outcome="Passed" testListId="8c84fa94-04c1-424b-9868-57a2d4851a1d" relativeResultsDirectory="e3cc501a-e2db-47d1-a041-be88e9e49a36" dataRowInfo="2" resultType="DataDrivenDataRow" />
        <UnitTestResult executionId="0fa961d2-7333-49a5-806b-3b1f709f8e0e" parentExecutionId="321e5c7f-529b-4fe0-bffc-7d76756f5ed6" testId="1237bc5f-42ea-8c7f-8602-051620acda95" testName="ToEmailMaskUserName_Passing_ValidEmail_Returns_EmailWithMask (qazwsxedc@gmail.com,q*******c@gmail.com)" computerName="PC-SFERRARI" duration="00:00:00.0000269" startTime="2021-01-01T10:31:12.8228031+00:00" endTime="2021-01-01T10:31:12.8238521+00:00" testType="13cdc9d9-ddb5-4fa4-a97d-d965ccfc6d4b" outcome="Passed" testListId="8c84fa94-04c1-424b-9868-57a2d4851a1d" relativeResultsDirectory="0fa961d2-7333-49a5-806b-3b1f709f8e0e" dataRowInfo="3" resultType="DataDrivenDataRow" />
        <UnitTestResult executionId="74994aae-39b5-4e1e-870d-664c3f0d128e" parentExecutionId="321e5c7f-529b-4fe0-bffc-7d76756f5ed6" testId="1237bc5f-42ea-8c7f-8602-051620acda95" testName="ToEmailMaskUserName_Passing_ValidEmail_Returns_EmailWithMask (qaz@gmailgmail.com,q*z@gmailgmail.com)" computerName="PC-SFERRARI" duration="00:00:00.0000406" startTime="2021-01-01T10:31:12.8228031+00:00" endTime="2021-01-01T10:31:12.8238521+00:00" testType="13cdc9d9-ddb5-4fa4-a97d-d965ccfc6d4b" outcome="Passed" testListId="8c84fa94-04c1-424b-9868-57a2d4851a1d" relativeResultsDirectory="74994aae-39b5-4e1e-870d-664c3f0d128e" dataRowInfo="4" resultType="DataDrivenDataRow" />
        <UnitTestResult executionId="bc98e0cd-8eeb-4d0b-a08d-52056343ae55" parentExecutionId="321e5c7f-529b-4fe0-bffc-7d76756f5ed6" testId="1237bc5f-42ea-8c7f-8602-051620acda95" testName="ToEmailMaskUserName_Passing_ValidEmail_Returns_EmailWithMask (qazwsx@gmailgmail.com,q****x@gmailgmail.com)" computerName="PC-SFERRARI" duration="00:00:00.0000403" startTime="2021-01-01T10:31:12.8228031+00:00" endTime="2021-01-01T10:31:12.8238521+00:00" testType="13cdc9d9-ddb5-4fa4-a97d-d965ccfc6d4b" outcome="Passed" testListId="8c84fa94-04c1-424b-9868-57a2d4851a1d" relativeResultsDirectory="bc98e0cd-8eeb-4d0b-a08d-52056343ae55" dataRowInfo="5" resultType="DataDrivenDataRow" />
        <UnitTestResult executionId="014f2556-4efb-48fb-82f9-23926c7fdb41" parentExecutionId="321e5c7f-529b-4fe0-bffc-7d76756f5ed6" testId="1237bc5f-42ea-8c7f-8602-051620acda95" testName="ToEmailMaskUserName_Passing_ValidEmail_Returns_EmailWithMask (qazwsxedc@gmailgmail.com,q*******c@gmailgmail.com)" computerName="PC-SFERRARI" duration="00:00:00.0000417" startTime="2021-01-01T10:31:12.8228031+00:00" endTime="2021-01-01T10:31:12.8238521+00:00" testType="13cdc9d9-ddb5-4fa4-a97d-d965ccfc6d4b" outcome="Passed" testListId="8c84fa94-04c1-424b-9868-57a2d4851a1d" relativeResultsDirectory="014f2556-4efb-48fb-82f9-23926c7fdb41" dataRowInfo="6" resultType="DataDrivenDataRow" />
      </InnerResults>
    </UnitTestResult>
    <UnitTestResult executionId="2fba9968-0292-422f-aae7-bd87b43acbdb" testId="2aceb911-de9d-b2eb-c8db-f6b3f880216f" testName="ToService_Passing_Valid_Service_Returns_Service" computerName="PC-SFERRARI" duration="00:00:00.0005200" startTime="2021-01-01T10:31:11.8204146+00:00" endTime="2021-01-01T10:31:11.8210289+00:00" testType="13cdc9d9-ddb5-4fa4-a97d-d965ccfc6d4b" outcome="Passed" testListId="8c84fa94-04c1-424b-9868-57a2d4851a1d" relativeResultsDirectory="2fba9968-0292-422f-aae7-bd87b43acbdb" />
    <UnitTestResult executionId="5d142d77-b99b-4606-995a-c31969e707bd" testId="8a5cc6e0-e73e-2131-64bd-e73fc6c2a32e" testName="IsRange_Passing_InvalidArguments_Returns_HasErrorsAndCount" computerName="PC-SFERRARI" duration="00:00:00.0014193" startTime="2021-01-01T10:31:11.9297972+00:00" endTime="2021-01-01T10:31:11.9313911+00:00" testType="13cdc9d9-ddb5-4fa4-a97d-d965ccfc6d4b" outcome="Passed" testListId="8c84fa94-04c1-424b-9868-57a2d4851a1d" relativeResultsDirectory="5d142d77-b99b-4606-995a-c31969e707bd" />
    <UnitTestResult executionId="97ddfbce-d496-41cc-8c92-af3e37bfef9c" testId="65b9c427-b5ec-99b4-199a-0093cd460501" testName="ToUserName_Passing_Null_ClaimsPrincipal_Returns_ApplicationException" computerName="PC-SFERRARI" duration="00:00:00.0004922" startTime="2021-01-01T10:31:12.0442098+00:00" endTime="2021-01-01T10:31:12.0447795+00:00" testType="13cdc9d9-ddb5-4fa4-a97d-d965ccfc6d4b" outcome="Passed" testListId="8c84fa94-04c1-424b-9868-57a2d4851a1d" relativeResultsDirectory="97ddfbce-d496-41cc-8c92-af3e37bfef9c" />
    <UnitTestResult executionId="5c755c24-c550-4f4e-87b1-274700d20323" testId="f828057e-351a-48b7-0028-e57f15c7217e" testName="ToDefaultValue_Passing_uint_Returns_Cero" computerName="PC-SFERRARI" duration="00:00:00.0003371" startTime="2021-01-01T10:31:12.2672049+00:00" endTime="2021-01-01T10:31:12.2676302+00:00" testType="13cdc9d9-ddb5-4fa4-a97d-d965ccfc6d4b" outcome="Passed" testListId="8c84fa94-04c1-424b-9868-57a2d4851a1d" relativeResultsDirectory="5c755c24-c550-4f4e-87b1-274700d20323" resultType="DataDrivenTest">
      <InnerResults>
        <UnitTestResult executionId="feec4adb-fdb6-4704-a27e-4ede2b6e215d" parentExecutionId="5c755c24-c550-4f4e-87b1-274700d20323" testId="f828057e-351a-48b7-0028-e57f15c7217e" testName="ToDefaultValue_Passing_uint_Returns_Cero (4294967295)" computerName="PC-SFERRARI" duration="00:00:00.0002910" startTime="2021-01-01T10:31:12.2672049+00:00" endTime="2021-01-01T10:31:12.2676302+00:00" testType="13cdc9d9-ddb5-4fa4-a97d-d965ccfc6d4b" outcome="Passed" testListId="8c84fa94-04c1-424b-9868-57a2d4851a1d" relativeResultsDirectory="feec4adb-fdb6-4704-a27e-4ede2b6e215d" dataRowInfo="1" resultType="DataDrivenDataRow" />
      </InnerResults>
    </UnitTestResult>
    <UnitTestResult executionId="c87022e7-e2cc-4670-ab52-909da72600a8" testId="e37f41d3-77a8-1acd-c258-fbb5b724b134" testName="ToDefaultValue_Passing_ValidInt_Returns_DefaultValue" computerName="PC-SFERRARI" duration="00:00:00.0002805" startTime="2021-01-01T10:31:13.2100454+00:00" endTime="2021-01-01T10:31:13.2105872+00:00" testType="13cdc9d9-ddb5-4fa4-a97d-d965ccfc6d4b" outcome="Passed" testListId="8c84fa94-04c1-424b-9868-57a2d4851a1d" relativeResultsDirectory="c87022e7-e2cc-4670-ab52-909da72600a8" />
    <UnitTestResult executionId="d1488b6c-d899-4177-b3a0-4fb61de2a8bd" testId="5e237822-3b9d-da27-9221-3ae1f5eb15b0" testName="ToEnvironment_Passing_Staging_Enviroment_Returns_Staging_Name" computerName="PC-SFERRARI" duration="00:00:00.0007399" startTime="2021-01-01T10:31:11.8153904+00:00" endTime="2021-01-01T10:31:11.8162578+00:00" testType="13cdc9d9-ddb5-4fa4-a97d-d965ccfc6d4b" outcome="Passed" testListId="8c84fa94-04c1-424b-9868-57a2d4851a1d" relativeResultsDirectory="d1488b6c-d899-4177-b3a0-4fb61de2a8bd" />
    <UnitTestResult executionId="bedf5cd6-4f0f-4410-a2b4-6177f75e3647" testId="9e36eef1-cde7-a509-c95d-2249b6b02dbb" testName="ToIsDirectoryThrow_Passing_InvalidValue_Returns_ApplicationExceptionWithMessage" computerName="PC-SFERRARI" duration="00:00:00.0013525" startTime="2021-01-01T10:31:11.8452171+00:00" endTime="2021-01-01T10:31:11.8466749+00:00" testType="13cdc9d9-ddb5-4fa4-a97d-d965ccfc6d4b" outcome="Passed" testListId="8c84fa94-04c1-424b-9868-57a2d4851a1d" relativeResultsDirectory="bedf5cd6-4f0f-4410-a2b4-6177f75e3647" />
    <UnitTestResult executionId="1ea29471-8e93-4f1a-85f5-ae34677dc4d8" testId="4315ebd1-3e2a-edf0-9de6-c78f08760fe3" testName="ToFirstLetterLower_Passing_ValidValue_Returns_StringWithFirstLetterLower" computerName="PC-SFERRARI" duration="00:00:00.0005272" startTime="2021-01-01T10:31:12.8759323+00:00" endTime="2021-01-01T10:31:12.8765976+00:00" testType="13cdc9d9-ddb5-4fa4-a97d-d965ccfc6d4b" outcome="Passed" testListId="8c84fa94-04c1-424b-9868-57a2d4851a1d" relativeResultsDirectory="1ea29471-8e93-4f1a-85f5-ae34677dc4d8" resultType="DataDrivenTest">
      <InnerResults>
        <UnitTestResult executionId="5fca985e-26c2-4232-bb71-66107927c8bc" parentExecutionId="1ea29471-8e93-4f1a-85f5-ae34677dc4d8" testId="4315ebd1-3e2a-edf0-9de6-c78f08760fe3" testName="ToFirstLetterLower_Passing_ValidValue_Returns_StringWithFirstLetterLower (aeiou,aeiou)" computerName="PC-SFERRARI" duration="00:00:00.0003897" startTime="2021-01-01T10:31:12.8759323+00:00" endTime="2021-01-01T10:31:12.8765976+00:00" testType="13cdc9d9-ddb5-4fa4-a97d-d965ccfc6d4b" outcome="Passed" testListId="8c84fa94-04c1-424b-9868-57a2d4851a1d" relativeResultsDirectory="5fca985e-26c2-4232-bb71-66107927c8bc" dataRowInfo="1" resultType="DataDrivenDataRow" />
        <UnitTestResult executionId="4c669d06-b307-48b3-8d71-620e2b2c8e0e" parentExecutionId="1ea29471-8e93-4f1a-85f5-ae34677dc4d8" testId="4315ebd1-3e2a-edf0-9de6-c78f08760fe3" testName="ToFirstLetterLower_Passing_ValidValue_Returns_StringWithFirstLetterLower (aEIOU,aEIOU)" computerName="PC-SFERRARI" duration="00:00:00.0000094" startTime="2021-01-01T10:31:12.8759323+00:00" endTime="2021-01-01T10:31:12.8765976+00:00" testType="13cdc9d9-ddb5-4fa4-a97d-d965ccfc6d4b" outcome="Passed" testListId="8c84fa94-04c1-424b-9868-57a2d4851a1d" relativeResultsDirectory="4c669d06-b307-48b3-8d71-620e2b2c8e0e" dataRowInfo="2" resultType="DataDrivenDataRow" />
        <UnitTestResult executionId="4edb93fd-cc48-4ef3-a142-74c78d98008d" parentExecutionId="1ea29471-8e93-4f1a-85f5-ae34677dc4d8" testId="4315ebd1-3e2a-edf0-9de6-c78f08760fe3" testName="ToFirstLetterLower_Passing_ValidValue_Returns_StringWithFirstLetterLower (aeioU,aeioU)" computerName="PC-SFERRARI" duration="00:00:00.0000034" startTime="2021-01-01T10:31:12.8759323+00:00" endTime="2021-01-01T10:31:12.8765976+00:00" testType="13cdc9d9-ddb5-4fa4-a97d-d965ccfc6d4b" outcome="Passed" testListId="8c84fa94-04c1-424b-9868-57a2d4851a1d" relativeResultsDirectory="4edb93fd-cc48-4ef3-a142-74c78d98008d" dataRowInfo="3" resultType="DataDrivenDataRow" />
        <UnitTestResult executionId="5f3a80a4-9559-457d-92c2-8de3fd699868" parentExecutionId="1ea29471-8e93-4f1a-85f5-ae34677dc4d8" testId="4315ebd1-3e2a-edf0-9de6-c78f08760fe3" testName="ToFirstLetterLower_Passing_ValidValue_Returns_StringWithFirstLetterLower (AEIOU,aEIOU)" computerName="PC-SFERRARI" duration="00:00:00.0000028" startTime="2021-01-01T10:31:12.8759323+00:00" endTime="2021-01-01T10:31:12.8765976+00:00" testType="13cdc9d9-ddb5-4fa4-a97d-d965ccfc6d4b" outcome="Passed" testListId="8c84fa94-04c1-424b-9868-57a2d4851a1d" relativeResultsDirectory="5f3a80a4-9559-457d-92c2-8de3fd699868" dataRowInfo="4" resultType="DataDrivenDataRow" />
        <UnitTestResult executionId="d2058406-780c-4a4d-83b8-bc5277f3c024" parentExecutionId="1ea29471-8e93-4f1a-85f5-ae34677dc4d8" testId="4315ebd1-3e2a-edf0-9de6-c78f08760fe3" testName="ToFirstLetterLower_Passing_ValidValue_Returns_StringWithFirstLetterLower (Aeiou,aeiou)" computerName="PC-SFERRARI" duration="00:00:00.0000027" startTime="2021-01-01T10:31:12.8759323+00:00" endTime="2021-01-01T10:31:12.8765976+00:00" testType="13cdc9d9-ddb5-4fa4-a97d-d965ccfc6d4b" outcome="Passed" testListId="8c84fa94-04c1-424b-9868-57a2d4851a1d" relativeResultsDirectory="d2058406-780c-4a4d-83b8-bc5277f3c024" dataRowInfo="5" resultType="DataDrivenDataRow" />
      </InnerResults>
    </UnitTestResult>
    <UnitTestResult executionId="d94f244a-f6fc-4491-b224-72c71d207547" testId="1dab5b85-21d2-af6f-92e5-af8126f0e2fb" testName="ToIsNameThrow_Passing_InvalidValue_Returns_ApplicationExceptionWithMessage" computerName="PC-SFERRARI" duration="00:00:00.0048361" startTime="2021-01-01T10:31:11.8664809+00:00" endTime="2021-01-01T10:31:11.8714198+00:00" testType="13cdc9d9-ddb5-4fa4-a97d-d965ccfc6d4b" outcome="Passed" testListId="8c84fa94-04c1-424b-9868-57a2d4851a1d" relativeResultsDirectory="d94f244a-f6fc-4491-b224-72c71d207547" />
    <UnitTestResult executionId="4870cdbf-c499-4d79-a4c3-066ba18ba9d7" testId="5517211d-203c-115f-7dc1-6f48da8ab75b" testName="ToFirstLetterUpper_Passing_ValidValue_Returns_StringWithFirstLetterUpper" computerName="PC-SFERRARI" duration="00:00:00.0004334" startTime="2021-01-01T10:31:12.8766789+00:00" endTime="2021-01-01T10:31:12.8788073+00:00" testType="13cdc9d9-ddb5-4fa4-a97d-d965ccfc6d4b" outcome="Passed" testListId="8c84fa94-04c1-424b-9868-57a2d4851a1d" relativeResultsDirectory="4870cdbf-c499-4d79-a4c3-066ba18ba9d7" resultType="DataDrivenTest">
      <InnerResults>
        <UnitTestResult executionId="63b7cb6f-46e5-4403-bc84-b3836a8afb8b" parentExecutionId="4870cdbf-c499-4d79-a4c3-066ba18ba9d7" testId="5517211d-203c-115f-7dc1-6f48da8ab75b" testName="ToFirstLetterUpper_Passing_ValidValue_Returns_StringWithFirstLetterUpper (aeiou,Aeiou)" computerName="PC-SFERRARI" duration="00:00:00.0002673" startTime="2021-01-01T10:31:12.8766789+00:00" endTime="2021-01-01T10:31:12.8788073+00:00" testType="13cdc9d9-ddb5-4fa4-a97d-d965ccfc6d4b" outcome="Passed" testListId="8c84fa94-04c1-424b-9868-57a2d4851a1d" relativeResultsDirectory="63b7cb6f-46e5-4403-bc84-b3836a8afb8b" dataRowInfo="1" resultType="DataDrivenDataRow" />
        <UnitTestResult executionId="254ef41c-54ba-4269-84cf-7e3b931157a2" parentExecutionId="4870cdbf-c499-4d79-a4c3-066ba18ba9d7" testId="5517211d-203c-115f-7dc1-6f48da8ab75b" testName="ToFirstLetterUpper_Passing_ValidValue_Returns_StringWithFirstLetterUpper (aEIOU,AEIOU)" computerName="PC-SFERRARI" duration="00:00:00.0000093" startTime="2021-01-01T10:31:12.8766789+00:00" endTime="2021-01-01T10:31:12.8788073+00:00" testType="13cdc9d9-ddb5-4fa4-a97d-d965ccfc6d4b" outcome="Passed" testListId="8c84fa94-04c1-424b-9868-57a2d4851a1d" relativeResultsDirectory="254ef41c-54ba-4269-84cf-7e3b931157a2" dataRowInfo="2" resultType="DataDrivenDataRow" />
        <UnitTestResult executionId="fa3b1d16-fb3f-44e5-86b0-ada0bb5e0b74" parentExecutionId="4870cdbf-c499-4d79-a4c3-066ba18ba9d7" testId="5517211d-203c-115f-7dc1-6f48da8ab75b" testName="ToFirstLetterUpper_Passing_ValidValue_Returns_StringWithFirstLetterUpper (aeioU,AeioU)" computerName="PC-SFERRARI" duration="00:00:00.0000035" startTime="2021-01-01T10:31:12.8766789+00:00" endTime="2021-01-01T10:31:12.8788073+00:00" testType="13cdc9d9-ddb5-4fa4-a97d-d965ccfc6d4b" outcome="Passed" testListId="8c84fa94-04c1-424b-9868-57a2d4851a1d" relativeResultsDirectory="fa3b1d16-fb3f-44e5-86b0-ada0bb5e0b74" dataRowInfo="3" resultType="DataDrivenDataRow" />
        <UnitTestResult executionId="d783268e-fee9-415b-8371-4dd1d2678582" parentExecutionId="4870cdbf-c499-4d79-a4c3-066ba18ba9d7" testId="5517211d-203c-115f-7dc1-6f48da8ab75b" testName="ToFirstLetterUpper_Passing_ValidValue_Returns_StringWithFirstLetterUpper (AEIOU,AEIOU)" computerName="PC-SFERRARI" duration="00:00:00.0000039" startTime="2021-01-01T10:31:12.8766789+00:00" endTime="2021-01-01T10:31:12.8788073+00:00" testType="13cdc9d9-ddb5-4fa4-a97d-d965ccfc6d4b" outcome="Passed" testListId="8c84fa94-04c1-424b-9868-57a2d4851a1d" relativeResultsDirectory="d783268e-fee9-415b-8371-4dd1d2678582" dataRowInfo="4" resultType="DataDrivenDataRow" />
        <UnitTestResult executionId="eea680d0-67d3-4717-b792-144e7633bb80" parentExecutionId="4870cdbf-c499-4d79-a4c3-066ba18ba9d7" testId="5517211d-203c-115f-7dc1-6f48da8ab75b" testName="ToFirstLetterUpper_Passing_ValidValue_Returns_StringWithFirstLetterUpper (Aeiou,Aeiou)" computerName="PC-SFERRARI" duration="00:00:00.0000035" startTime="2021-01-01T10:31:12.8766789+00:00" endTime="2021-01-01T10:31:12.8788073+00:00" testType="13cdc9d9-ddb5-4fa4-a97d-d965ccfc6d4b" outcome="Passed" testListId="8c84fa94-04c1-424b-9868-57a2d4851a1d" relativeResultsDirectory="eea680d0-67d3-4717-b792-144e7633bb80" dataRowInfo="5" resultType="DataDrivenDataRow" />
      </InnerResults>
    </UnitTestResult>
    <UnitTestResult executionId="b7d5f07e-aa46-4c07-af99-c925899f5127" testId="209cbba1-d5fa-4810-2cb6-ee92ce2e109d" testName="ToGet_Passing_Claims_Returns_Claim_Value_Int" computerName="PC-SFERRARI" duration="00:00:00.0021518" startTime="2021-01-01T10:31:12.0273371+00:00" endTime="2021-01-01T10:31:12.0296113+00:00" testType="13cdc9d9-ddb5-4fa4-a97d-d965ccfc6d4b" outcome="Passed" testListId="8c84fa94-04c1-424b-9868-57a2d4851a1d" relativeResultsDirectory="b7d5f07e-aa46-4c07-af99-c925899f5127" />
    <UnitTestResult executionId="bcfea63f-a108-4872-af2e-158da2b0bbdf" testId="3e6d6aa9-9b6d-dd96-b54c-49f88780a2b4" testName="ToEmptyIfNull_Passing_Null_Collection_Returns_Empty_Collection" computerName="PC-SFERRARI" duration="00:00:00.0004322" startTime="2021-01-01T10:31:12.1915746+00:00" endTime="2021-01-01T10:31:12.1922016+00:00" testType="13cdc9d9-ddb5-4fa4-a97d-d965ccfc6d4b" outcome="Passed" testListId="8c84fa94-04c1-424b-9868-57a2d4851a1d" relativeResultsDirectory="bcfea63f-a108-4872-af2e-158da2b0bbdf" />
    <UnitTestResult executionId="f4baa7f5-f0a7-49a2-b219-011370826ac2" testId="19f76070-822e-31f8-2a9f-a96f774333a7" testName="ToInt_Passing_InvalidValueString_Returns_DefaultValue" computerName="PC-SFERRARI" duration="00:00:00.0005241" startTime="2021-01-01T10:31:12.8937055+00:00" endTime="2021-01-01T10:31:12.8943673+00:00" testType="13cdc9d9-ddb5-4fa4-a97d-d965ccfc6d4b" outcome="Passed" testListId="8c84fa94-04c1-424b-9868-57a2d4851a1d" relativeResultsDirectory="f4baa7f5-f0a7-49a2-b219-011370826ac2" resultType="DataDrivenTest">
      <InnerResults>
        <UnitTestResult executionId="bf1e3841-dd92-4809-b3d9-0a5c5e18cf05" parentExecutionId="f4baa7f5-f0a7-49a2-b219-011370826ac2" testId="19f76070-822e-31f8-2a9f-a96f774333a7" testName="ToInt_Passing_InvalidValueString_Returns_DefaultValue (1.3333)" computerName="PC-SFERRARI" duration="00:00:00.0003877" startTime="2021-01-01T10:31:12.8937055+00:00" endTime="2021-01-01T10:31:12.8943673+00:00" testType="13cdc9d9-ddb5-4fa4-a97d-d965ccfc6d4b" outcome="Passed" testListId="8c84fa94-04c1-424b-9868-57a2d4851a1d" relativeResultsDirectory="bf1e3841-dd92-4809-b3d9-0a5c5e18cf05" dataRowInfo="1" resultType="DataDrivenDataRow" />
        <UnitTestResult executionId="33c6d946-40a4-424e-a0d1-0170fd4ebeff" parentExecutionId="f4baa7f5-f0a7-49a2-b219-011370826ac2" testId="19f76070-822e-31f8-2a9f-a96f774333a7" testName="ToInt_Passing_InvalidValueString_Returns_DefaultValue (1,3333)" computerName="PC-SFERRARI" duration="00:00:00.0000105" startTime="2021-01-01T10:31:12.8937055+00:00" endTime="2021-01-01T10:31:12.8943673+00:00" testType="13cdc9d9-ddb5-4fa4-a97d-d965ccfc6d4b" outcome="Passed" testListId="8c84fa94-04c1-424b-9868-57a2d4851a1d" relativeResultsDirectory="33c6d946-40a4-424e-a0d1-0170fd4ebeff" dataRowInfo="2" resultType="DataDrivenDataRow" />
        <UnitTestResult executionId="3d9bf115-8198-4b7b-b33f-a11d5294a6e0" parentExecutionId="f4baa7f5-f0a7-49a2-b219-011370826ac2" testId="19f76070-822e-31f8-2a9f-a96f774333a7" testName="ToInt_Passing_InvalidValueString_Returns_DefaultValue (1.333,39)" computerName="PC-SFERRARI" duration="00:00:00.0000046" startTime="2021-01-01T10:31:12.8937055+00:00" endTime="2021-01-01T10:31:12.8943673+00:00" testType="13cdc9d9-ddb5-4fa4-a97d-d965ccfc6d4b" outcome="Passed" testListId="8c84fa94-04c1-424b-9868-57a2d4851a1d" relativeResultsDirectory="3d9bf115-8198-4b7b-b33f-a11d5294a6e0" dataRowInfo="3" resultType="DataDrivenDataRow" />
        <UnitTestResult executionId="1f7f971e-0798-4f76-a96e-8625fc513ee0" parentExecutionId="f4baa7f5-f0a7-49a2-b219-011370826ac2" testId="19f76070-822e-31f8-2a9f-a96f774333a7" testName="ToInt_Passing_InvalidValueString_Returns_DefaultValue (999999439293294392492349329493294)" computerName="PC-SFERRARI" duration="00:00:00.0000040" startTime="2021-01-01T10:31:12.8937055+00:00" endTime="2021-01-01T10:31:12.8943673+00:00" testType="13cdc9d9-ddb5-4fa4-a97d-d965ccfc6d4b" outcome="Passed" testListId="8c84fa94-04c1-424b-9868-57a2d4851a1d" relativeResultsDirectory="1f7f971e-0798-4f76-a96e-8625fc513ee0" dataRowInfo="4" resultType="DataDrivenDataRow" />
        <UnitTestResult executionId="206119a9-af24-40f8-bb67-850bab163095" parentExecutionId="f4baa7f5-f0a7-49a2-b219-011370826ac2" testId="19f76070-822e-31f8-2a9f-a96f774333a7" testName="ToInt_Passing_InvalidValueString_Returns_DefaultValue (asdasdasdasd234324)" computerName="PC-SFERRARI" duration="00:00:00.0000035" startTime="2021-01-01T10:31:12.8937055+00:00" endTime="2021-01-01T10:31:12.8943673+00:00" testType="13cdc9d9-ddb5-4fa4-a97d-d965ccfc6d4b" outcome="Passed" testListId="8c84fa94-04c1-424b-9868-57a2d4851a1d" relativeResultsDirectory="206119a9-af24-40f8-bb67-850bab163095" dataRowInfo="5" resultType="DataDrivenDataRow" />
      </InnerResults>
    </UnitTestResult>
    <UnitTestResult executionId="147bdeb5-de93-40c5-8645-8caf7604dc91" testId="fcd9a6e3-ee1d-7212-668e-2b0865200d81" testName="IsUniqueChars_Passing_ValidArguments_Returns_HasErrorsAndCount" computerName="PC-SFERRARI" duration="00:00:00.0009564" startTime="2021-01-01T10:31:11.9391992+00:00" endTime="2021-01-01T10:31:11.9402940+00:00" testType="13cdc9d9-ddb5-4fa4-a97d-d965ccfc6d4b" outcome="Passed" testListId="8c84fa94-04c1-424b-9868-57a2d4851a1d" relativeResultsDirectory="147bdeb5-de93-40c5-8645-8caf7604dc91" />
    <UnitTestResult executionId="5517f3f0-cd81-4e05-a156-1047fbd52fe0" testId="9af963da-8209-d683-34a5-be793bc59993" testName="ToList_Passing_ValidEnumTypeWithSelectedValueWithResourceType_Returns_ValuesList" computerName="PC-SFERRARI" duration="00:00:00.0013165" startTime="2021-01-01T10:31:12.2214091+00:00" endTime="2021-01-01T10:31:12.2229653+00:00" testType="13cdc9d9-ddb5-4fa4-a97d-d965ccfc6d4b" outcome="Passed" testListId="8c84fa94-04c1-424b-9868-57a2d4851a1d" relativeResultsDirectory="5517f3f0-cd81-4e05-a156-1047fbd52fe0" />
    <UnitTestResult executionId="d329f824-50fd-4ebb-bd31-89f17dc44cbf" testId="a702dc43-b5af-c889-d32e-e69ee2d100af" testName="ToIsAuthenticated_Passing_Null_ClaimsPrincipal_Returns_ApplicationException" computerName="PC-SFERRARI" duration="00:00:00.0007369" startTime="2021-01-01T10:31:12.0427110+00:00" endTime="2021-01-01T10:31:12.0435903+00:00" testType="13cdc9d9-ddb5-4fa4-a97d-d965ccfc6d4b" outcome="Passed" testListId="8c84fa94-04c1-424b-9868-57a2d4851a1d" relativeResultsDirectory="d329f824-50fd-4ebb-bd31-89f17dc44cbf" />
    <UnitTestResult executionId="a0b0aab5-c3b3-4f1a-887f-8aeb29ff71b9" testId="31126d50-f667-908c-85f3-09f9d9272df9" testName="ToEnvironment_Passing_Production_Enviroment_Returns_Production_Name" computerName="PC-SFERRARI" duration="00:00:00.0005393" startTime="2021-01-01T10:31:11.8075191+00:00" endTime="2021-01-01T10:31:11.8081770+00:00" testType="13cdc9d9-ddb5-4fa4-a97d-d965ccfc6d4b" outcome="Passed" testListId="8c84fa94-04c1-424b-9868-57a2d4851a1d" relativeResultsDirectory="a0b0aab5-c3b3-4f1a-887f-8aeb29ff71b9" />
    <UnitTestResult executionId="89294b4f-8908-4ce8-8d87-ae908474f4eb" testId="1b969e76-d97c-c639-c377-a41796fbb2c3" testName="ToHashAlgorithmName_Passing_InvalidValueString_Returns_Null" computerName="PC-SFERRARI" duration="00:00:00.0003705" startTime="2021-01-01T10:31:12.8926352+00:00" endTime="2021-01-01T10:31:12.8931849+00:00" testType="13cdc9d9-ddb5-4fa4-a97d-d965ccfc6d4b" outcome="Passed" testListId="8c84fa94-04c1-424b-9868-57a2d4851a1d" relativeResultsDirectory="89294b4f-8908-4ce8-8d87-ae908474f4eb" resultType="DataDrivenTest">
      <InnerResults>
        <UnitTestResult executionId="029d0aed-3442-4474-a73b-ec5fb57c20f5" parentExecutionId="89294b4f-8908-4ce8-8d87-ae908474f4eb" testId="1b969e76-d97c-c639-c377-a41796fbb2c3" testName="ToHashAlgorithmName_Passing_InvalidValueString_Returns_Null (hhhhhh)" computerName="PC-SFERRARI" duration="00:00:00.0003077" startTime="2021-01-01T10:31:12.8926352+00:00" endTime="2021-01-01T10:31:12.8931849+00:00" testType="13cdc9d9-ddb5-4fa4-a97d-d965ccfc6d4b" outcome="Passed" testListId="8c84fa94-04c1-424b-9868-57a2d4851a1d" relativeResultsDirectory="029d0aed-3442-4474-a73b-ec5fb57c20f5" dataRowInfo="1" resultType="DataDrivenDataRow" />
      </InnerResults>
    </UnitTestResult>
    <UnitTestResult executionId="f3cda6f9-b475-4098-874d-a7f8c34155be" testId="e608205e-4953-e9a3-1956-895ed42ab083" testName="IsFileExtension_Passing_InvalidArguments_Returns_HasErrorsAndCount" computerName="PC-SFERRARI" duration="00:00:00.0001507" startTime="2021-01-01T10:31:11.9063107+00:00" endTime="2021-01-01T10:31:11.9065272+00:00" testType="13cdc9d9-ddb5-4fa4-a97d-d965ccfc6d4b" outcome="Passed" testListId="8c84fa94-04c1-424b-9868-57a2d4851a1d" relativeResultsDirectory="f3cda6f9-b475-4098-874d-a7f8c34155be" />
    <UnitTestResult executionId="5722ce27-9528-4f16-b598-910a0003acb9" testId="aaa46586-7b83-9a88-e835-ae92592f98a3" testName="ToList_Passing_ValidEnumTypeWithResourceType_Returns_ValuesList" computerName="PC-SFERRARI" duration="00:00:00.0061277" startTime="2021-01-01T10:31:12.2101115+00:00" endTime="2021-01-01T10:31:12.2163887+00:00" testType="13cdc9d9-ddb5-4fa4-a97d-d965ccfc6d4b" outcome="Passed" testListId="8c84fa94-04c1-424b-9868-57a2d4851a1d" relativeResultsDirectory="5722ce27-9528-4f16-b598-910a0003acb9" />
    <UnitTestResult executionId="7fc43959-c113-4b67-8508-d28339033d54" testId="f8b74494-d277-7173-e694-2a4d463a4607" testName="ToMapList_Passing_Source_Type_And_Destination_Type_Returns_Destination_Object_List" computerName="PC-SFERRARI" duration="00:00:00.0331543" startTime="2021-01-01T10:31:11.5669094+00:00" endTime="2021-01-01T10:31:11.6001913+00:00" testType="13cdc9d9-ddb5-4fa4-a97d-d965ccfc6d4b" outcome="Passed" testListId="8c84fa94-04c1-424b-9868-57a2d4851a1d" relativeResultsDirectory="7fc43959-c113-4b67-8508-d28339033d54" />
    <UnitTestResult executionId="643960d2-e037-43e6-89fe-cc4e8216f2b3" testId="ac572b27-5286-68a4-5380-d7de82fbf69a" testName="ToFormat_Passing_ValidValueFormatWithArguments_Returns_ValueWithFormat" computerName="PC-SFERRARI" duration="00:00:00.0010225" startTime="2021-01-01T10:31:12.8837819+00:00" endTime="2021-01-01T10:31:12.8850325+00:00" testType="13cdc9d9-ddb5-4fa4-a97d-d965ccfc6d4b" outcome="Passed" testListId="8c84fa94-04c1-424b-9868-57a2d4851a1d" relativeResultsDirectory="643960d2-e037-43e6-89fe-cc4e8216f2b3" />
    <UnitTestResult executionId="fc099116-3b3d-443f-a465-b84a6ceaf0bc" testId="e8138724-52f6-6999-ada4-cbc441f2cd15" testName="ToEmailMaskUserNameAndDomain_Passing_ValidEmail_Returns_EmailWithMask" computerName="PC-SFERRARI" duration="00:00:00.0021505" startTime="2021-01-01T10:31:12.8158990+00:00" endTime="2021-01-01T10:31:12.8182631+00:00" testType="13cdc9d9-ddb5-4fa4-a97d-d965ccfc6d4b" outcome="Passed" testListId="8c84fa94-04c1-424b-9868-57a2d4851a1d" relativeResultsDirectory="fc099116-3b3d-443f-a465-b84a6ceaf0bc" resultType="DataDrivenTest">
      <InnerResults>
        <UnitTestResult executionId="28efc2bb-e655-4ef4-9b64-4ff6ad6170a7" parentExecutionId="fc099116-3b3d-443f-a465-b84a6ceaf0bc" testId="e8138724-52f6-6999-ada4-cbc441f2cd15" testName="ToEmailMaskUserNameAndDomain_Passing_ValidEmail_Returns_EmailWithMask (qaz@gmail.com,q*z@g***l.com)" computerName="PC-SFERRARI" duration="00:00:00.0018158" startTime="2021-01-01T10:31:12.8158990+00:00" endTime="2021-01-01T10:31:12.8182631+00:00" testType="13cdc9d9-ddb5-4fa4-a97d-d965ccfc6d4b" outcome="Passed" testListId="8c84fa94-04c1-424b-9868-57a2d4851a1d" relativeResultsDirectory="28efc2bb-e655-4ef4-9b64-4ff6ad6170a7" dataRowInfo="1" resultType="DataDrivenDataRow" />
        <UnitTestResult executionId="5cba38d1-08fb-4ef7-9b3a-09f46b10f490" parentExecutionId="fc099116-3b3d-443f-a465-b84a6ceaf0bc" testId="e8138724-52f6-6999-ada4-cbc441f2cd15" testName="ToEmailMaskUserNameAndDomain_Passing_ValidEmail_Returns_EmailWithMask (qazwsx@gmail.com,q****x@g***l.com)" computerName="PC-SFERRARI" duration="00:00:00.0000396" startTime="2021-01-01T10:31:12.8158990+00:00" endTime="2021-01-01T10:31:12.8182631+00:00" testType="13cdc9d9-ddb5-4fa4-a97d-d965ccfc6d4b" outcome="Passed" testListId="8c84fa94-04c1-424b-9868-57a2d4851a1d" relativeResultsDirectory="5cba38d1-08fb-4ef7-9b3a-09f46b10f490" dataRowInfo="2" resultType="DataDrivenDataRow" />
        <UnitTestResult executionId="acd0815e-1efd-42da-b5ac-a3131840cb6a" parentExecutionId="fc099116-3b3d-443f-a465-b84a6ceaf0bc" testId="e8138724-52f6-6999-ada4-cbc441f2cd15" testName="ToEmailMaskUserNameAndDomain_Passing_ValidEmail_Returns_EmailWithMask (qazwsxedc@gmail.com,q*******c@g***l.com)" computerName="PC-SFERRARI" duration="00:00:00.0000258" startTime="2021-01-01T10:31:12.8158990+00:00" endTime="2021-01-01T10:31:12.8182631+00:00" testType="13cdc9d9-ddb5-4fa4-a97d-d965ccfc6d4b" outcome="Passed" testListId="8c84fa94-04c1-424b-9868-57a2d4851a1d" relativeResultsDirectory="acd0815e-1efd-42da-b5ac-a3131840cb6a" dataRowInfo="3" resultType="DataDrivenDataRow" />
        <UnitTestResult executionId="5f411935-5289-4d77-aa1f-9193bfa69e0f" parentExecutionId="fc099116-3b3d-443f-a465-b84a6ceaf0bc" testId="e8138724-52f6-6999-ada4-cbc441f2cd15" testName="ToEmailMaskUserNameAndDomain_Passing_ValidEmail_Returns_EmailWithMask (qaz@gmailgmail.com,q*z@g********l.com)" computerName="PC-SFERRARI" duration="00:00:00.0000220" startTime="2021-01-01T10:31:12.8158990+00:00" endTime="2021-01-01T10:31:12.8182631+00:00" testType="13cdc9d9-ddb5-4fa4-a97d-d965ccfc6d4b" outcome="Passed" testListId="8c84fa94-04c1-424b-9868-57a2d4851a1d" relativeResultsDirectory="5f411935-5289-4d77-aa1f-9193bfa69e0f" dataRowInfo="4" resultType="DataDrivenDataRow" />
        <UnitTestResult executionId="1746deed-d07b-4d95-b50a-51e27cd8125e" parentExecutionId="fc099116-3b3d-443f-a465-b84a6ceaf0bc" testId="e8138724-52f6-6999-ada4-cbc441f2cd15" testName="ToEmailMaskUserNameAndDomain_Passing_ValidEmail_Returns_EmailWithMask (qazwsx@gmailgmail.com,q****x@g********l.com)" computerName="PC-SFERRARI" duration="00:00:00.0000250" startTime="2021-01-01T10:31:12.8158990+00:00" endTime="2021-01-01T10:31:12.8182631+00:00" testType="13cdc9d9-ddb5-4fa4-a97d-d965ccfc6d4b" outcome="Passed" testListId="8c84fa94-04c1-424b-9868-57a2d4851a1d" relativeResultsDirectory="1746deed-d07b-4d95-b50a-51e27cd8125e" dataRowInfo="5" resultType="DataDrivenDataRow" />
        <UnitTestResult executionId="1cb4240d-40db-4ef7-bb59-5245ebdbfe8b" parentExecutionId="fc099116-3b3d-443f-a465-b84a6ceaf0bc" testId="e8138724-52f6-6999-ada4-cbc441f2cd15" testName="ToEmailMaskUserNameAndDomain_Passing_ValidEmail_Returns_EmailWithMask (qazwsxedc@gmailgmail.com,q*******c@g********l.com)" computerName="PC-SFERRARI" duration="00:00:00.0000310" startTime="2021-01-01T10:31:12.8158990+00:00" endTime="2021-01-01T10:31:12.8182631+00:00" testType="13cdc9d9-ddb5-4fa4-a97d-d965ccfc6d4b" outcome="Passed" testListId="8c84fa94-04c1-424b-9868-57a2d4851a1d" relativeResultsDirectory="1cb4240d-40db-4ef7-bb59-5245ebdbfe8b" dataRowInfo="6" resultType="DataDrivenDataRow" />
      </InnerResults>
    </UnitTestResult>
    <UnitTestResult executionId="b0f145db-e247-4f66-acce-35ff8edeeafc" testId="30809299-0e3e-4ac7-4a2a-6f8c296d2226" testName="ToUri_Passing_ValidValueString_Returns_Uri" computerName="PC-SFERRARI" duration="00:00:00.0017038" startTime="2021-01-01T10:31:12.9807985+00:00" endTime="2021-01-01T10:31:12.9828608+00:00" testType="13cdc9d9-ddb5-4fa4-a97d-d965ccfc6d4b" outcome="Passed" testListId="8c84fa94-04c1-424b-9868-57a2d4851a1d" relativeResultsDirectory="b0f145db-e247-4f66-acce-35ff8edeeafc" resultType="DataDrivenTest">
      <InnerResults>
        <UnitTestResult executionId="60398347-9062-412d-8fa2-edd917246cb8" parentExecutionId="b0f145db-e247-4f66-acce-35ff8edeeafc" testId="30809299-0e3e-4ac7-4a2a-6f8c296d2226" testName="ToUri_Passing_ValidValueString_Returns_Uri (http://foo.com/blah_blah)" computerName="PC-SFERRARI" duration="00:00:00.0002938" startTime="2021-01-01T10:31:12.9807985+00:00" endTime="2021-01-01T10:31:12.9828608+00:00" testType="13cdc9d9-ddb5-4fa4-a97d-d965ccfc6d4b" outcome="Passed" testListId="8c84fa94-04c1-424b-9868-57a2d4851a1d" relativeResultsDirectory="60398347-9062-412d-8fa2-edd917246cb8" dataRowInfo="1" resultType="DataDrivenDataRow" />
        <UnitTestResult executionId="a4005604-8740-4805-ab55-2db19a267478" parentExecutionId="b0f145db-e247-4f66-acce-35ff8edeeafc" testId="30809299-0e3e-4ac7-4a2a-6f8c296d2226" testName="ToUri_Passing_ValidValueString_Returns_Uri (http://foo.com/blah_blah/)" computerName="PC-SFERRARI" duration="00:00:00.0000073" startTime="2021-01-01T10:31:12.9807985+00:00" endTime="2021-01-01T10:31:12.9828608+00:00" testType="13cdc9d9-ddb5-4fa4-a97d-d965ccfc6d4b" outcome="Passed" testListId="8c84fa94-04c1-424b-9868-57a2d4851a1d" relativeResultsDirectory="a4005604-8740-4805-ab55-2db19a267478" dataRowInfo="2" resultType="DataDrivenDataRow" />
        <UnitTestResult executionId="8ebc7911-337c-4bad-b4dd-8310c3737b3b" parentExecutionId="b0f145db-e247-4f66-acce-35ff8edeeafc" testId="30809299-0e3e-4ac7-4a2a-6f8c296d2226" testName="ToUri_Passing_ValidValueString_Returns_Uri (http://foo.com/blah_blah/p=5)" computerName="PC-SFERRARI" duration="00:00:00.0000048" startTime="2021-01-01T10:31:12.9807985+00:00" endTime="2021-01-01T10:31:12.9828608+00:00" testType="13cdc9d9-ddb5-4fa4-a97d-d965ccfc6d4b" outcome="Passed" testListId="8c84fa94-04c1-424b-9868-57a2d4851a1d" relativeResultsDirectory="8ebc7911-337c-4bad-b4dd-8310c3737b3b" dataRowInfo="3" resultType="DataDrivenDataRow" />
        <UnitTestResult executionId="fca5a5c0-57ad-4167-9ba1-fd79968375ce" parentExecutionId="b0f145db-e247-4f66-acce-35ff8edeeafc" testId="30809299-0e3e-4ac7-4a2a-6f8c296d2226" testName="ToUri_Passing_ValidValueString_Returns_Uri (http://foo.com/blah_blah?p=5)" computerName="PC-SFERRARI" duration="00:00:00.0000045" startTime="2021-01-01T10:31:12.9807985+00:00" endTime="2021-01-01T10:31:12.9828608+00:00" testType="13cdc9d9-ddb5-4fa4-a97d-d965ccfc6d4b" outcome="Passed" testListId="8c84fa94-04c1-424b-9868-57a2d4851a1d" relativeResultsDirectory="fca5a5c0-57ad-4167-9ba1-fd79968375ce" dataRowInfo="4" resultType="DataDrivenDataRow" />
        <UnitTestResult executionId="3c60f3b9-c227-4ed5-908a-78df5b369a02" parentExecutionId="b0f145db-e247-4f66-acce-35ff8edeeafc" testId="30809299-0e3e-4ac7-4a2a-6f8c296d2226" testName="ToUri_Passing_ValidValueString_Returns_Uri (http://foo.com/blah_blah?p=5&amp;j=fe)" computerName="PC-SFERRARI" duration="00:00:00.0000049" startTime="2021-01-01T10:31:12.9807985+00:00" endTime="2021-01-01T10:31:12.9828608+00:00" testType="13cdc9d9-ddb5-4fa4-a97d-d965ccfc6d4b" outcome="Passed" testListId="8c84fa94-04c1-424b-9868-57a2d4851a1d" relativeResultsDirectory="3c60f3b9-c227-4ed5-908a-78df5b369a02" dataRowInfo="5" resultType="DataDrivenDataRow" />
        <UnitTestResult executionId="a6b9ae71-1629-4bb2-a53a-5eba449e6460" parentExecutionId="b0f145db-e247-4f66-acce-35ff8edeeafc" testId="30809299-0e3e-4ac7-4a2a-6f8c296d2226" testName="ToUri_Passing_ValidValueString_Returns_Uri (https://foo.com/blah_blah)" computerName="PC-SFERRARI" duration="00:00:00.0000043" startTime="2021-01-01T10:31:12.9807985+00:00" endTime="2021-01-01T10:31:12.9828608+00:00" testType="13cdc9d9-ddb5-4fa4-a97d-d965ccfc6d4b" outcome="Passed" testListId="8c84fa94-04c1-424b-9868-57a2d4851a1d" relativeResultsDirectory="a6b9ae71-1629-4bb2-a53a-5eba449e6460" dataRowInfo="6" resultType="DataDrivenDataRow" />
        <UnitTestResult executionId="adf70315-28e9-4e5c-8ea1-d5570c71116a" parentExecutionId="b0f145db-e247-4f66-acce-35ff8edeeafc" testId="30809299-0e3e-4ac7-4a2a-6f8c296d2226" testName="ToUri_Passing_ValidValueString_Returns_Uri (https://foo.com/blah_blah/)" computerName="PC-SFERRARI" duration="00:00:00.0000042" startTime="2021-01-01T10:31:12.9807985+00:00" endTime="2021-01-01T10:31:12.9828608+00:00" testType="13cdc9d9-ddb5-4fa4-a97d-d965ccfc6d4b" outcome="Passed" testListId="8c84fa94-04c1-424b-9868-57a2d4851a1d" relativeResultsDirectory="adf70315-28e9-4e5c-8ea1-d5570c71116a" dataRowInfo="7" resultType="DataDrivenDataRow" />
        <UnitTestResult executionId="285cf1ef-e78f-4c8c-926f-2fc6ef251c39" parentExecutionId="b0f145db-e247-4f66-acce-35ff8edeeafc" testId="30809299-0e3e-4ac7-4a2a-6f8c296d2226" testName="ToUri_Passing_ValidValueString_Returns_Uri (https://foo.com/blah_blah/p=5)" computerName="PC-SFERRARI" duration="00:00:00.0000040" startTime="2021-01-01T10:31:12.9807985+00:00" endTime="2021-01-01T10:31:12.9828608+00:00" testType="13cdc9d9-ddb5-4fa4-a97d-d965ccfc6d4b" outcome="Passed" testListId="8c84fa94-04c1-424b-9868-57a2d4851a1d" relativeResultsDirectory="285cf1ef-e78f-4c8c-926f-2fc6ef251c39" dataRowInfo="8" resultType="DataDrivenDataRow" />
        <UnitTestResult executionId="7bed854f-a6e5-467e-a0b4-fbdebaf43a26" parentExecutionId="b0f145db-e247-4f66-acce-35ff8edeeafc" testId="30809299-0e3e-4ac7-4a2a-6f8c296d2226" testName="ToUri_Passing_ValidValueString_Returns_Uri (https://foo.com/blah_blah?p=5)" computerName="PC-SFERRARI" duration="00:00:00.0000042" startTime="2021-01-01T10:31:12.9807985+00:00" endTime="2021-01-01T10:31:12.9828608+00:00" testType="13cdc9d9-ddb5-4fa4-a97d-d965ccfc6d4b" outcome="Passed" testListId="8c84fa94-04c1-424b-9868-57a2d4851a1d" relativeResultsDirectory="7bed854f-a6e5-467e-a0b4-fbdebaf43a26" dataRowInfo="9" resultType="DataDrivenDataRow" />
        <UnitTestResult executionId="8b484022-178c-44af-881a-84424d67c08e" parentExecutionId="b0f145db-e247-4f66-acce-35ff8edeeafc" testId="30809299-0e3e-4ac7-4a2a-6f8c296d2226" testName="ToUri_Passing_ValidValueString_Returns_Uri (https://foo.com/blah_blah?p=5&amp;j=fe)" computerName="PC-SFERRARI" duration="00:00:00.0000040" startTime="2021-01-01T10:31:12.9807985+00:00" endTime="2021-01-01T10:31:12.9828608+00:00" testType="13cdc9d9-ddb5-4fa4-a97d-d965ccfc6d4b" outcome="Passed" testListId="8c84fa94-04c1-424b-9868-57a2d4851a1d" relativeResultsDirectory="8b484022-178c-44af-881a-84424d67c08e" dataRowInfo="10" resultType="DataDrivenDataRow" />
        <UnitTestResult executionId="dba002df-1bde-4474-86f0-aa6b3f677846" parentExecutionId="b0f145db-e247-4f66-acce-35ff8edeeafc" testId="30809299-0e3e-4ac7-4a2a-6f8c296d2226" testName="ToUri_Passing_ValidValueString_Returns_Uri (//foo.com/blah_blah)" computerName="PC-SFERRARI" duration="00:00:00.0000035" startTime="2021-01-01T10:31:12.9807985+00:00" endTime="2021-01-01T10:31:12.9828608+00:00" testType="13cdc9d9-ddb5-4fa4-a97d-d965ccfc6d4b" outcome="Passed" testListId="8c84fa94-04c1-424b-9868-57a2d4851a1d" relativeResultsDirectory="dba002df-1bde-4474-86f0-aa6b3f677846" dataRowInfo="11" resultType="DataDrivenDataRow" />
        <UnitTestResult executionId="30df588e-5ba5-4a18-af3f-60ddaa19115d" parentExecutionId="b0f145db-e247-4f66-acce-35ff8edeeafc" testId="30809299-0e3e-4ac7-4a2a-6f8c296d2226" testName="ToUri_Passing_ValidValueString_Returns_Uri (//foo.com/blah_blah/)" computerName="PC-SFERRARI" duration="00:00:00.0000041" startTime="2021-01-01T10:31:12.9807985+00:00" endTime="2021-01-01T10:31:12.9828608+00:00" testType="13cdc9d9-ddb5-4fa4-a97d-d965ccfc6d4b" outcome="Passed" testListId="8c84fa94-04c1-424b-9868-57a2d4851a1d" relativeResultsDirectory="30df588e-5ba5-4a18-af3f-60ddaa19115d" dataRowInfo="12" resultType="DataDrivenDataRow" />
        <UnitTestResult executionId="b3f5821d-df2b-4dff-a96e-d72c5e77e32f" parentExecutionId="b0f145db-e247-4f66-acce-35ff8edeeafc" testId="30809299-0e3e-4ac7-4a2a-6f8c296d2226" testName="ToUri_Passing_ValidValueString_Returns_Uri (//foo.com/blah_blah/p=5)" computerName="PC-SFERRARI" duration="00:00:00.0000032" startTime="2021-01-01T10:31:12.9807985+00:00" endTime="2021-01-01T10:31:12.9828608+00:00" testType="13cdc9d9-ddb5-4fa4-a97d-d965ccfc6d4b" outcome="Passed" testListId="8c84fa94-04c1-424b-9868-57a2d4851a1d" relativeResultsDirectory="b3f5821d-df2b-4dff-a96e-d72c5e77e32f" dataRowInfo="13" resultType="DataDrivenDataRow" />
        <UnitTestResult executionId="c113dd8a-db62-44c6-bfa6-31ad856b9513" parentExecutionId="b0f145db-e247-4f66-acce-35ff8edeeafc" testId="30809299-0e3e-4ac7-4a2a-6f8c296d2226" testName="ToUri_Passing_ValidValueString_Returns_Uri (//foo.com/blah_blah?p=5)" computerName="PC-SFERRARI" duration="00:00:00.0000033" startTime="2021-01-01T10:31:12.9807985+00:00" endTime="2021-01-01T10:31:12.9828608+00:00" testType="13cdc9d9-ddb5-4fa4-a97d-d965ccfc6d4b" outcome="Passed" testListId="8c84fa94-04c1-424b-9868-57a2d4851a1d" relativeResultsDirectory="c113dd8a-db62-44c6-bfa6-31ad856b9513" dataRowInfo="14" resultType="DataDrivenDataRow" />
        <UnitTestResult executionId="92ac321a-7fbd-4b48-8d98-ac73e139a48f" parentExecutionId="b0f145db-e247-4f66-acce-35ff8edeeafc" testId="30809299-0e3e-4ac7-4a2a-6f8c296d2226" testName="ToUri_Passing_ValidValueString_Returns_Uri (//foo.com/blah_blah?p=5&amp;j=fe)" computerName="PC-SFERRARI" duration="00:00:00.0000034" startTime="2021-01-01T10:31:12.9807985+00:00" endTime="2021-01-01T10:31:12.9828608+00:00" testType="13cdc9d9-ddb5-4fa4-a97d-d965ccfc6d4b" outcome="Passed" testListId="8c84fa94-04c1-424b-9868-57a2d4851a1d" relativeResultsDirectory="92ac321a-7fbd-4b48-8d98-ac73e139a48f" dataRowInfo="15" resultType="DataDrivenDataRow" />
        <UnitTestResult executionId="8bf49d97-bd93-4f48-8ceb-d174c2b56e84" parentExecutionId="b0f145db-e247-4f66-acce-35ff8edeeafc" testId="30809299-0e3e-4ac7-4a2a-6f8c296d2226" testName="ToUri_Passing_ValidValueString_Returns_Uri (http://foo.com/blah_blah_(wikipedia))" computerName="PC-SFERRARI" duration="00:00:00.0000051" startTime="2021-01-01T10:31:12.9807985+00:00" endTime="2021-01-01T10:31:12.9828608+00:00" testType="13cdc9d9-ddb5-4fa4-a97d-d965ccfc6d4b" outcome="Passed" testListId="8c84fa94-04c1-424b-9868-57a2d4851a1d" relativeResultsDirectory="8bf49d97-bd93-4f48-8ceb-d174c2b56e84" dataRowInfo="16" resultType="DataDrivenDataRow" />
        <UnitTestResult executionId="1b5a7916-6407-4a6f-8a78-4c878b8aa672" parentExecutionId="b0f145db-e247-4f66-acce-35ff8edeeafc" testId="30809299-0e3e-4ac7-4a2a-6f8c296d2226" testName="ToUri_Passing_ValidValueString_Returns_Uri (http://foo.com/blah_blah_(wikipedia)_(again))" computerName="PC-SFERRARI" duration="00:00:00.0000042" startTime="2021-01-01T10:31:12.9807985+00:00" endTime="2021-01-01T10:31:12.9828608+00:00" testType="13cdc9d9-ddb5-4fa4-a97d-d965ccfc6d4b" outcome="Passed" testListId="8c84fa94-04c1-424b-9868-57a2d4851a1d" relativeResultsDirectory="1b5a7916-6407-4a6f-8a78-4c878b8aa672" dataRowInfo="17" resultType="DataDrivenDataRow" />
        <UnitTestResult executionId="df90b9a9-c2c4-48b8-8d6b-98ff60bf1266" parentExecutionId="b0f145db-e247-4f66-acce-35ff8edeeafc" testId="30809299-0e3e-4ac7-4a2a-6f8c296d2226" testName="ToUri_Passing_ValidValueString_Returns_Uri (http://www.example.com/wpstyle/?p=364)" computerName="PC-SFERRARI" duration="00:00:00.0000044" startTime="2021-01-01T10:31:12.9807985+00:00" endTime="2021-01-01T10:31:12.9828608+00:00" testType="13cdc9d9-ddb5-4fa4-a97d-d965ccfc6d4b" outcome="Passed" testListId="8c84fa94-04c1-424b-9868-57a2d4851a1d" relativeResultsDirectory="df90b9a9-c2c4-48b8-8d6b-98ff60bf1266" dataRowInfo="18" resultType="DataDrivenDataRow" />
        <UnitTestResult executionId="156f4935-7ae8-441d-93dd-86c26ebac2d8" parentExecutionId="b0f145db-e247-4f66-acce-35ff8edeeafc" testId="30809299-0e3e-4ac7-4a2a-6f8c296d2226" testName="ToUri_Passing_ValidValueString_Returns_Uri (https://www.example.com/foo/?bar=baz&amp;inga=42&amp;quux)" computerName="PC-SFERRARI" duration="00:00:00.0000052" startTime="2021-01-01T10:31:12.9807985+00:00" endTime="2021-01-01T10:31:12.9828608+00:00" testType="13cdc9d9-ddb5-4fa4-a97d-d965ccfc6d4b" outcome="Passed" testListId="8c84fa94-04c1-424b-9868-57a2d4851a1d" relativeResultsDirectory="156f4935-7ae8-441d-93dd-86c26ebac2d8" dataRowInfo="19" resultType="DataDrivenDataRow" />
        <UnitTestResult executionId="a76d063e-e1b1-4706-bbb8-649320a9b2f8" parentExecutionId="b0f145db-e247-4f66-acce-35ff8edeeafc" testId="30809299-0e3e-4ac7-4a2a-6f8c296d2226" testName="ToUri_Passing_ValidValueString_Returns_Uri (http://✪df.ws/123)" computerName="PC-SFERRARI" duration="00:00:00.0004136" startTime="2021-01-01T10:31:12.9807985+00:00" endTime="2021-01-01T10:31:12.9828608+00:00" testType="13cdc9d9-ddb5-4fa4-a97d-d965ccfc6d4b" outcome="Passed" testListId="8c84fa94-04c1-424b-9868-57a2d4851a1d" relativeResultsDirectory="a76d063e-e1b1-4706-bbb8-649320a9b2f8" dataRowInfo="20" resultType="DataDrivenDataRow" />
        <UnitTestResult executionId="4d62d72f-4db2-43d5-84e0-b447af3d3cb8" parentExecutionId="b0f145db-e247-4f66-acce-35ff8edeeafc" testId="30809299-0e3e-4ac7-4a2a-6f8c296d2226" testName="ToUri_Passing_ValidValueString_Returns_Uri (http://userid:password@example.com:8080)" computerName="PC-SFERRARI" duration="00:00:00.0000235" startTime="2021-01-01T10:31:12.9807985+00:00" endTime="2021-01-01T10:31:12.9828608+00:00" testType="13cdc9d9-ddb5-4fa4-a97d-d965ccfc6d4b" outcome="Passed" testListId="8c84fa94-04c1-424b-9868-57a2d4851a1d" relativeResultsDirectory="4d62d72f-4db2-43d5-84e0-b447af3d3cb8" dataRowInfo="21" resultType="DataDrivenDataRow" />
        <UnitTestResult executionId="03ae4856-af31-4995-a158-5e4851848cc8" parentExecutionId="b0f145db-e247-4f66-acce-35ff8edeeafc" testId="30809299-0e3e-4ac7-4a2a-6f8c296d2226" testName="ToUri_Passing_ValidValueString_Returns_Uri (http://userid:password@example.com:8080/)" computerName="PC-SFERRARI" duration="00:00:00.0000061" startTime="2021-01-01T10:31:12.9807985+00:00" endTime="2021-01-01T10:31:12.9828608+00:00" testType="13cdc9d9-ddb5-4fa4-a97d-d965ccfc6d4b" outcome="Passed" testListId="8c84fa94-04c1-424b-9868-57a2d4851a1d" relativeResultsDirectory="03ae4856-af31-4995-a158-5e4851848cc8" dataRowInfo="22" resultType="DataDrivenDataRow" />
        <UnitTestResult executionId="6fbddfa4-1d29-41f4-a825-1d8673b45391" parentExecutionId="b0f145db-e247-4f66-acce-35ff8edeeafc" testId="30809299-0e3e-4ac7-4a2a-6f8c296d2226" testName="ToUri_Passing_ValidValueString_Returns_Uri (http://userid@example.com)" computerName="PC-SFERRARI" duration="00:00:00.0000043" startTime="2021-01-01T10:31:12.9807985+00:00" endTime="2021-01-01T10:31:12.9828608+00:00" testType="13cdc9d9-ddb5-4fa4-a97d-d965ccfc6d4b" outcome="Passed" testListId="8c84fa94-04c1-424b-9868-57a2d4851a1d" relativeResultsDirectory="6fbddfa4-1d29-41f4-a825-1d8673b45391" dataRowInfo="23" resultType="DataDrivenDataRow" />
        <UnitTestResult executionId="e9bff167-27d3-46bf-9d5d-3d898b8a2f6a" parentExecutionId="b0f145db-e247-4f66-acce-35ff8edeeafc" testId="30809299-0e3e-4ac7-4a2a-6f8c296d2226" testName="ToUri_Passing_ValidValueString_Returns_Uri (http://userid@example.com/)" computerName="PC-SFERRARI" duration="00:00:00.0000042" startTime="2021-01-01T10:31:12.9807985+00:00" endTime="2021-01-01T10:31:12.9828608+00:00" testType="13cdc9d9-ddb5-4fa4-a97d-d965ccfc6d4b" outcome="Passed" testListId="8c84fa94-04c1-424b-9868-57a2d4851a1d" relativeResultsDirectory="e9bff167-27d3-46bf-9d5d-3d898b8a2f6a" dataRowInfo="24" resultType="DataDrivenDataRow" />
        <UnitTestResult executionId="1adc30ef-b1ee-4e5a-bfaa-83089da12ead" parentExecutionId="b0f145db-e247-4f66-acce-35ff8edeeafc" testId="30809299-0e3e-4ac7-4a2a-6f8c296d2226" testName="ToUri_Passing_ValidValueString_Returns_Uri (http://userid@example.com:8080)" computerName="PC-SFERRARI" duration="00:00:00.0000042" startTime="2021-01-01T10:31:12.9807985+00:00" endTime="2021-01-01T10:31:12.9828608+00:00" testType="13cdc9d9-ddb5-4fa4-a97d-d965ccfc6d4b" outcome="Passed" testListId="8c84fa94-04c1-424b-9868-57a2d4851a1d" relativeResultsDirectory="1adc30ef-b1ee-4e5a-bfaa-83089da12ead" dataRowInfo="25" resultType="DataDrivenDataRow" />
        <UnitTestResult executionId="f68d8504-524e-4e1d-99d8-3e4ef4ed4aaf" parentExecutionId="b0f145db-e247-4f66-acce-35ff8edeeafc" testId="30809299-0e3e-4ac7-4a2a-6f8c296d2226" testName="ToUri_Passing_ValidValueString_Returns_Uri (http://userid@example.com:8080/)" computerName="PC-SFERRARI" duration="00:00:00.0000042" startTime="2021-01-01T10:31:12.9807985+00:00" endTime="2021-01-01T10:31:12.9828608+00:00" testType="13cdc9d9-ddb5-4fa4-a97d-d965ccfc6d4b" outcome="Passed" testListId="8c84fa94-04c1-424b-9868-57a2d4851a1d" relativeResultsDirectory="f68d8504-524e-4e1d-99d8-3e4ef4ed4aaf" dataRowInfo="26" resultType="DataDrivenDataRow" />
        <UnitTestResult executionId="0b8407fd-a6a7-403c-bfc4-d03033956137" parentExecutionId="b0f145db-e247-4f66-acce-35ff8edeeafc" testId="30809299-0e3e-4ac7-4a2a-6f8c296d2226" testName="ToUri_Passing_ValidValueString_Returns_Uri (http://userid:password@example.com)" computerName="PC-SFERRARI" duration="00:00:00.0000041" startTime="2021-01-01T10:31:12.9807985+00:00" endTime="2021-01-01T10:31:12.9828608+00:00" testType="13cdc9d9-ddb5-4fa4-a97d-d965ccfc6d4b" outcome="Passed" testListId="8c84fa94-04c1-424b-9868-57a2d4851a1d" relativeResultsDirectory="0b8407fd-a6a7-403c-bfc4-d03033956137" dataRowInfo="27" resultType="DataDrivenDataRow" />
        <UnitTestResult executionId="1380b0c5-f49b-4da1-91fd-0ad648c04d01" parentExecutionId="b0f145db-e247-4f66-acce-35ff8edeeafc" testId="30809299-0e3e-4ac7-4a2a-6f8c296d2226" testName="ToUri_Passing_ValidValueString_Returns_Uri (http://userid:password@example.com/)" computerName="PC-SFERRARI" duration="00:00:00.0000042" startTime="2021-01-01T10:31:12.9807985+00:00" endTime="2021-01-01T10:31:12.9828608+00:00" testType="13cdc9d9-ddb5-4fa4-a97d-d965ccfc6d4b" outcome="Passed" testListId="8c84fa94-04c1-424b-9868-57a2d4851a1d" relativeResultsDirectory="1380b0c5-f49b-4da1-91fd-0ad648c04d01" dataRowInfo="28" resultType="DataDrivenDataRow" />
        <UnitTestResult executionId="ac5a8e24-1e00-4d3f-95f9-624bb90b90ef" parentExecutionId="b0f145db-e247-4f66-acce-35ff8edeeafc" testId="30809299-0e3e-4ac7-4a2a-6f8c296d2226" testName="ToUri_Passing_ValidValueString_Returns_Uri (http://142.42.1.1/)" computerName="PC-SFERRARI" duration="00:00:00.0000051" startTime="2021-01-01T10:31:12.9807985+00:00" endTime="2021-01-01T10:31:12.9828608+00:00" testType="13cdc9d9-ddb5-4fa4-a97d-d965ccfc6d4b" outcome="Passed" testListId="8c84fa94-04c1-424b-9868-57a2d4851a1d" relativeResultsDirectory="ac5a8e24-1e00-4d3f-95f9-624bb90b90ef" dataRowInfo="29" resultType="DataDrivenDataRow" />
        <UnitTestResult executionId="c76591bf-ce65-47e0-b59c-8efd3e4f0647" parentExecutionId="b0f145db-e247-4f66-acce-35ff8edeeafc" testId="30809299-0e3e-4ac7-4a2a-6f8c296d2226" testName="ToUri_Passing_ValidValueString_Returns_Uri (http://142.42.1.1:8080/)" computerName="PC-SFERRARI" duration="00:00:00.0000042" startTime="2021-01-01T10:31:12.9807985+00:00" endTime="2021-01-01T10:31:12.9828608+00:00" testType="13cdc9d9-ddb5-4fa4-a97d-d965ccfc6d4b" outcome="Passed" testListId="8c84fa94-04c1-424b-9868-57a2d4851a1d" relativeResultsDirectory="c76591bf-ce65-47e0-b59c-8efd3e4f0647" dataRowInfo="30" resultType="DataDrivenDataRow" />
        <UnitTestResult executionId="56e3b8f5-b6da-4e97-931f-e2744df4a1b2" parentExecutionId="b0f145db-e247-4f66-acce-35ff8edeeafc" testId="30809299-0e3e-4ac7-4a2a-6f8c296d2226" testName="ToUri_Passing_ValidValueString_Returns_Uri (http://➡.ws/䨹)" computerName="PC-SFERRARI" duration="00:00:00.0000390" startTime="2021-01-01T10:31:12.9807985+00:00" endTime="2021-01-01T10:31:12.9828608+00:00" testType="13cdc9d9-ddb5-4fa4-a97d-d965ccfc6d4b" outcome="Passed" testListId="8c84fa94-04c1-424b-9868-57a2d4851a1d" relativeResultsDirectory="56e3b8f5-b6da-4e97-931f-e2744df4a1b2" dataRowInfo="31" resultType="DataDrivenDataRow" />
        <UnitTestResult executionId="86214186-171a-4719-87b0-d11c444e25a7" parentExecutionId="b0f145db-e247-4f66-acce-35ff8edeeafc" testId="30809299-0e3e-4ac7-4a2a-6f8c296d2226" testName="ToUri_Passing_ValidValueString_Returns_Uri (http://⌘.ws)" computerName="PC-SFERRARI" duration="00:00:00.0000147" startTime="2021-01-01T10:31:12.9807985+00:00" endTime="2021-01-01T10:31:12.9828608+00:00" testType="13cdc9d9-ddb5-4fa4-a97d-d965ccfc6d4b" outcome="Passed" testListId="8c84fa94-04c1-424b-9868-57a2d4851a1d" relativeResultsDirectory="86214186-171a-4719-87b0-d11c444e25a7" dataRowInfo="32" resultType="DataDrivenDataRow" />
        <UnitTestResult executionId="3117f7ab-c5f5-4801-8eaf-3dab40c22a7b" parentExecutionId="b0f145db-e247-4f66-acce-35ff8edeeafc" testId="30809299-0e3e-4ac7-4a2a-6f8c296d2226" testName="ToUri_Passing_ValidValueString_Returns_Uri (http://⌘.ws/)" computerName="PC-SFERRARI" duration="00:00:00.0000070" startTime="2021-01-01T10:31:12.9807985+00:00" endTime="2021-01-01T10:31:12.9828608+00:00" testType="13cdc9d9-ddb5-4fa4-a97d-d965ccfc6d4b" outcome="Passed" testListId="8c84fa94-04c1-424b-9868-57a2d4851a1d" relativeResultsDirectory="3117f7ab-c5f5-4801-8eaf-3dab40c22a7b" dataRowInfo="33" resultType="DataDrivenDataRow" />
        <UnitTestResult executionId="1c0e3201-0184-44f6-8116-3cdceb8cd2f8" parentExecutionId="b0f145db-e247-4f66-acce-35ff8edeeafc" testId="30809299-0e3e-4ac7-4a2a-6f8c296d2226" testName="ToUri_Passing_ValidValueString_Returns_Uri (http://foo.com/blah_(wikipedia)#cite-1)" computerName="PC-SFERRARI" duration="00:00:00.0000044" startTime="2021-01-01T10:31:12.9807985+00:00" endTime="2021-01-01T10:31:12.9828608+00:00" testType="13cdc9d9-ddb5-4fa4-a97d-d965ccfc6d4b" outcome="Passed" testListId="8c84fa94-04c1-424b-9868-57a2d4851a1d" relativeResultsDirectory="1c0e3201-0184-44f6-8116-3cdceb8cd2f8" dataRowInfo="34" resultType="DataDrivenDataRow" />
        <UnitTestResult executionId="ef31e827-b2f7-4548-825b-e67355e393a7" parentExecutionId="b0f145db-e247-4f66-acce-35ff8edeeafc" testId="30809299-0e3e-4ac7-4a2a-6f8c296d2226" testName="ToUri_Passing_ValidValueString_Returns_Uri (http://foo.com/blah_(wikipedia)_blah#cite-1)" computerName="PC-SFERRARI" duration="00:00:00.0000041" startTime="2021-01-01T10:31:12.9807985+00:00" endTime="2021-01-01T10:31:12.9828608+00:00" testType="13cdc9d9-ddb5-4fa4-a97d-d965ccfc6d4b" outcome="Passed" testListId="8c84fa94-04c1-424b-9868-57a2d4851a1d" relativeResultsDirectory="ef31e827-b2f7-4548-825b-e67355e393a7" dataRowInfo="35" resultType="DataDrivenDataRow" />
        <UnitTestResult executionId="4c439c8e-9e08-4f31-b1f0-a0d1214dc7c1" parentExecutionId="b0f145db-e247-4f66-acce-35ff8edeeafc" testId="30809299-0e3e-4ac7-4a2a-6f8c296d2226" testName="ToUri_Passing_ValidValueString_Returns_Uri (http://foo.com/unicode_(✪)_in_parens)" computerName="PC-SFERRARI" duration="00:00:00.0000076" startTime="2021-01-01T10:31:12.9807985+00:00" endTime="2021-01-01T10:31:12.9828608+00:00" testType="13cdc9d9-ddb5-4fa4-a97d-d965ccfc6d4b" outcome="Passed" testListId="8c84fa94-04c1-424b-9868-57a2d4851a1d" relativeResultsDirectory="4c439c8e-9e08-4f31-b1f0-a0d1214dc7c1" dataRowInfo="36" resultType="DataDrivenDataRow" />
        <UnitTestResult executionId="6590bba0-b211-4af7-be8a-d95f64bb0d00" parentExecutionId="b0f145db-e247-4f66-acce-35ff8edeeafc" testId="30809299-0e3e-4ac7-4a2a-6f8c296d2226" testName="ToUri_Passing_ValidValueString_Returns_Uri (http://foo.com/(something)?after=parens)" computerName="PC-SFERRARI" duration="00:00:00.0000042" startTime="2021-01-01T10:31:12.9807985+00:00" endTime="2021-01-01T10:31:12.9828608+00:00" testType="13cdc9d9-ddb5-4fa4-a97d-d965ccfc6d4b" outcome="Passed" testListId="8c84fa94-04c1-424b-9868-57a2d4851a1d" relativeResultsDirectory="6590bba0-b211-4af7-be8a-d95f64bb0d00" dataRowInfo="37" resultType="DataDrivenDataRow" />
        <UnitTestResult executionId="09e64eaf-a3cf-41ee-8485-a0ca57315814" parentExecutionId="b0f145db-e247-4f66-acce-35ff8edeeafc" testId="30809299-0e3e-4ac7-4a2a-6f8c296d2226" testName="ToUri_Passing_ValidValueString_Returns_Uri (http://☺.damowmow.com/)" computerName="PC-SFERRARI" duration="00:00:00.0000081" startTime="2021-01-01T10:31:12.9807985+00:00" endTime="2021-01-01T10:31:12.9828608+00:00" testType="13cdc9d9-ddb5-4fa4-a97d-d965ccfc6d4b" outcome="Passed" testListId="8c84fa94-04c1-424b-9868-57a2d4851a1d" relativeResultsDirectory="09e64eaf-a3cf-41ee-8485-a0ca57315814" dataRowInfo="38" resultType="DataDrivenDataRow" />
        <UnitTestResult executionId="65495b10-fc41-454c-adb7-0419fc917ab2" parentExecutionId="b0f145db-e247-4f66-acce-35ff8edeeafc" testId="30809299-0e3e-4ac7-4a2a-6f8c296d2226" testName="ToUri_Passing_ValidValueString_Returns_Uri (http://code.google.com/events/#&amp;product=browser)" computerName="PC-SFERRARI" duration="00:00:00.0000047" startTime="2021-01-01T10:31:12.9807985+00:00" endTime="2021-01-01T10:31:12.9828608+00:00" testType="13cdc9d9-ddb5-4fa4-a97d-d965ccfc6d4b" outcome="Passed" testListId="8c84fa94-04c1-424b-9868-57a2d4851a1d" relativeResultsDirectory="65495b10-fc41-454c-adb7-0419fc917ab2" dataRowInfo="39" resultType="DataDrivenDataRow" />
        <UnitTestResult executionId="2ce66883-8719-43cc-91d6-6daf3cd0ecc1" parentExecutionId="b0f145db-e247-4f66-acce-35ff8edeeafc" testId="30809299-0e3e-4ac7-4a2a-6f8c296d2226" testName="ToUri_Passing_ValidValueString_Returns_Uri (http://j.mp)" computerName="PC-SFERRARI" duration="00:00:00.0000039" startTime="2021-01-01T10:31:12.9807985+00:00" endTime="2021-01-01T10:31:12.9828608+00:00" testType="13cdc9d9-ddb5-4fa4-a97d-d965ccfc6d4b" outcome="Passed" testListId="8c84fa94-04c1-424b-9868-57a2d4851a1d" relativeResultsDirectory="2ce66883-8719-43cc-91d6-6daf3cd0ecc1" dataRowInfo="40" resultType="DataDrivenDataRow" />
        <UnitTestResult executionId="1d11a039-d579-41ea-b4be-80bb171d49fc" parentExecutionId="b0f145db-e247-4f66-acce-35ff8edeeafc" testId="30809299-0e3e-4ac7-4a2a-6f8c296d2226" testName="ToUri_Passing_ValidValueString_Returns_Uri (http://foo.bar/?q=Test%20URL-encoded%20stuff)" computerName="PC-SFERRARI" duration="00:00:00.0000278" startTime="2021-01-01T10:31:12.9807985+00:00" endTime="2021-01-01T10:31:12.9828608+00:00" testType="13cdc9d9-ddb5-4fa4-a97d-d965ccfc6d4b" outcome="Passed" testListId="8c84fa94-04c1-424b-9868-57a2d4851a1d" relativeResultsDirectory="1d11a039-d579-41ea-b4be-80bb171d49fc" dataRowInfo="41" resultType="DataDrivenDataRow" />
        <UnitTestResult executionId="c815f3ac-7b31-44eb-af34-ad0c25942d14" parentExecutionId="b0f145db-e247-4f66-acce-35ff8edeeafc" testId="30809299-0e3e-4ac7-4a2a-6f8c296d2226" testName="ToUri_Passing_ValidValueString_Returns_Uri (http://مثال.إختبار)" computerName="PC-SFERRARI" duration="00:00:00.0000130" startTime="2021-01-01T10:31:12.9807985+00:00" endTime="2021-01-01T10:31:12.9828608+00:00" testType="13cdc9d9-ddb5-4fa4-a97d-d965ccfc6d4b" outcome="Passed" testListId="8c84fa94-04c1-424b-9868-57a2d4851a1d" relativeResultsDirectory="c815f3ac-7b31-44eb-af34-ad0c25942d14" dataRowInfo="42" resultType="DataDrivenDataRow" />
        <UnitTestResult executionId="e5773fc7-ee1e-4ccd-929e-faac68c901fb" parentExecutionId="b0f145db-e247-4f66-acce-35ff8edeeafc" testId="30809299-0e3e-4ac7-4a2a-6f8c296d2226" testName="ToUri_Passing_ValidValueString_Returns_Uri (http://例子.测试)" computerName="PC-SFERRARI" duration="00:00:00.0000070" startTime="2021-01-01T10:31:12.9807985+00:00" endTime="2021-01-01T10:31:12.9828608+00:00" testType="13cdc9d9-ddb5-4fa4-a97d-d965ccfc6d4b" outcome="Passed" testListId="8c84fa94-04c1-424b-9868-57a2d4851a1d" relativeResultsDirectory="e5773fc7-ee1e-4ccd-929e-faac68c901fb" dataRowInfo="43" resultType="DataDrivenDataRow" />
        <UnitTestResult executionId="6c079554-a7e8-459f-9c48-03a7eff23eb3" parentExecutionId="b0f145db-e247-4f66-acce-35ff8edeeafc" testId="30809299-0e3e-4ac7-4a2a-6f8c296d2226" testName="ToUri_Passing_ValidValueString_Returns_Uri (http://उदाहरण.परीक्ष)" computerName="PC-SFERRARI" duration="00:00:00.0000075" startTime="2021-01-01T10:31:12.9807985+00:00" endTime="2021-01-01T10:31:12.9828608+00:00" testType="13cdc9d9-ddb5-4fa4-a97d-d965ccfc6d4b" outcome="Passed" testListId="8c84fa94-04c1-424b-9868-57a2d4851a1d" relativeResultsDirectory="6c079554-a7e8-459f-9c48-03a7eff23eb3" dataRowInfo="44" resultType="DataDrivenDataRow" />
        <UnitTestResult executionId="e8116496-205c-48f5-bb2f-02592b49e722" parentExecutionId="b0f145db-e247-4f66-acce-35ff8edeeafc" testId="30809299-0e3e-4ac7-4a2a-6f8c296d2226" testName="ToUri_Passing_ValidValueString_Returns_Uri (http://-.~_!$&amp;'()*+,;=:%40:80%2f::::::@example.com)" computerName="PC-SFERRARI" duration="00:00:00.0000055" startTime="2021-01-01T10:31:12.9807985+00:00" endTime="2021-01-01T10:31:12.9828608+00:00" testType="13cdc9d9-ddb5-4fa4-a97d-d965ccfc6d4b" outcome="Passed" testListId="8c84fa94-04c1-424b-9868-57a2d4851a1d" relativeResultsDirectory="e8116496-205c-48f5-bb2f-02592b49e722" dataRowInfo="45" resultType="DataDrivenDataRow" />
        <UnitTestResult executionId="8b6fe225-5e1e-495d-bb91-9c7388d6e23a" parentExecutionId="b0f145db-e247-4f66-acce-35ff8edeeafc" testId="30809299-0e3e-4ac7-4a2a-6f8c296d2226" testName="ToUri_Passing_ValidValueString_Returns_Uri (http://1337.net)" computerName="PC-SFERRARI" duration="00:00:00.0000045" startTime="2021-01-01T10:31:12.9807985+00:00" endTime="2021-01-01T10:31:12.9828608+00:00" testType="13cdc9d9-ddb5-4fa4-a97d-d965ccfc6d4b" outcome="Passed" testListId="8c84fa94-04c1-424b-9868-57a2d4851a1d" relativeResultsDirectory="8b6fe225-5e1e-495d-bb91-9c7388d6e23a" dataRowInfo="46" resultType="DataDrivenDataRow" />
        <UnitTestResult executionId="510efc1a-a885-4053-8101-6a918bffeeff" parentExecutionId="b0f145db-e247-4f66-acce-35ff8edeeafc" testId="30809299-0e3e-4ac7-4a2a-6f8c296d2226" testName="ToUri_Passing_ValidValueString_Returns_Uri (http://a.b-c.de)" computerName="PC-SFERRARI" duration="00:00:00.0000041" startTime="2021-01-01T10:31:12.9807985+00:00" endTime="2021-01-01T10:31:12.9828608+00:00" testType="13cdc9d9-ddb5-4fa4-a97d-d965ccfc6d4b" outcome="Passed" testListId="8c84fa94-04c1-424b-9868-57a2d4851a1d" relativeResultsDirectory="510efc1a-a885-4053-8101-6a918bffeeff" dataRowInfo="47" resultType="DataDrivenDataRow" />
        <UnitTestResult executionId="3410626b-8886-46d4-9b2f-297d2ab21b30" parentExecutionId="b0f145db-e247-4f66-acce-35ff8edeeafc" testId="30809299-0e3e-4ac7-4a2a-6f8c296d2226" testName="ToUri_Passing_ValidValueString_Returns_Uri (http://223.255.255.254)" computerName="PC-SFERRARI" duration="00:00:00.0000047" startTime="2021-01-01T10:31:12.9807985+00:00" endTime="2021-01-01T10:31:12.9828608+00:00" testType="13cdc9d9-ddb5-4fa4-a97d-d965ccfc6d4b" outcome="Passed" testListId="8c84fa94-04c1-424b-9868-57a2d4851a1d" relativeResultsDirectory="3410626b-8886-46d4-9b2f-297d2ab21b30" dataRowInfo="48" resultType="DataDrivenDataRow" />
      </InnerResults>
    </UnitTestResult>
    <UnitTestResult executionId="f6454c97-d44e-488a-afa6-0454e96c2cf1" testId="3721d3c1-7c03-ad84-143f-64bfeb5b314e" testName="ToAssembly_Passing_ValidValueAssemblyString_Returns_Assembly" computerName="PC-SFERRARI" duration="00:00:00.0003188" startTime="2021-01-01T10:31:12.6893337+00:00" endTime="2021-01-01T10:31:12.6899951+00:00" testType="13cdc9d9-ddb5-4fa4-a97d-d965ccfc6d4b" outcome="Passed" testListId="8c84fa94-04c1-424b-9868-57a2d4851a1d" relativeResultsDirectory="f6454c97-d44e-488a-afa6-0454e96c2cf1" />
    <UnitTestResult executionId="0a5bd671-f4c3-4628-a9a0-36f2dfc532d9" testId="856fd0c8-b6f8-9265-ccfd-2a9e615488e2" testName="ToUserName_Passing_Valid_UserName_ClaimsPrincipal_Returns_String_UserName_Value" computerName="PC-SFERRARI" duration="00:00:00.0005976" startTime="2021-01-01T10:31:12.0447991+00:00" endTime="2021-01-01T10:31:12.0454737+00:00" testType="13cdc9d9-ddb5-4fa4-a97d-d965ccfc6d4b" outcome="Passed" testListId="8c84fa94-04c1-424b-9868-57a2d4851a1d" relativeResultsDirectory="0a5bd671-f4c3-4628-a9a0-36f2dfc532d9" />
    <UnitTestResult executionId="d86bd437-e7f3-4eba-a93b-ace793664b6a" testId="1761ee10-7c34-b565-b889-1885bffe91c3" testName="ToSetTime_Passing_Time_Int_Returns_DateTime" computerName="PC-SFERRARI" duration="00:00:00.0002970" startTime="2021-01-01T10:31:12.1897547+00:00" endTime="2021-01-01T10:31:12.1901290+00:00" testType="13cdc9d9-ddb5-4fa4-a97d-d965ccfc6d4b" outcome="Passed" testListId="8c84fa94-04c1-424b-9868-57a2d4851a1d" relativeResultsDirectory="d86bd437-e7f3-4eba-a93b-ace793664b6a" />
    <UnitTestResult executionId="173c0915-a13f-4f69-b6bc-1eb75de2de70" testId="def94964-1ba4-f78f-2dac-38055bb04256" testName="ToIsEmailThrow_Passing_InvalidValue_Returns_ApplicationExceptionWithMessage" computerName="PC-SFERRARI" duration="00:00:00.0084806" startTime="2021-01-01T10:31:11.8467024+00:00" endTime="2021-01-01T10:31:11.8559895+00:00" testType="13cdc9d9-ddb5-4fa4-a97d-d965ccfc6d4b" outcome="Passed" testListId="8c84fa94-04c1-424b-9868-57a2d4851a1d" relativeResultsDirectory="173c0915-a13f-4f69-b6bc-1eb75de2de70" resultType="DataDrivenTest">
      <InnerResults>
        <UnitTestResult executionId="31a59e5a-083b-4993-878d-9c11fc9c59d3" parentExecutionId="173c0915-a13f-4f69-b6bc-1eb75de2de70" testId="def94964-1ba4-f78f-2dac-38055bb04256" testName="ToIsEmailThrow_Passing_InvalidValue_Returns_ApplicationExceptionWithMessage (dasdasd@dsasd.._ff)" computerName="PC-SFERRARI" duration="00:00:00.0061883" startTime="2021-01-01T10:31:11.8467024+00:00" endTime="2021-01-01T10:31:11.8559895+00:00" testType="13cdc9d9-ddb5-4fa4-a97d-d965ccfc6d4b" outcome="Passed" testListId="8c84fa94-04c1-424b-9868-57a2d4851a1d" relativeResultsDirectory="31a59e5a-083b-4993-878d-9c11fc9c59d3" dataRowInfo="1" resultType="DataDrivenDataRow" />
        <UnitTestResult executionId="fb48041d-0ab2-4251-a29d-d272a98b5fef" parentExecutionId="173c0915-a13f-4f69-b6bc-1eb75de2de70" testId="def94964-1ba4-f78f-2dac-38055bb04256" testName="ToIsEmailThrow_Passing_InvalidValue_Returns_ApplicationExceptionWithMessage (34fsds@@sdd.f)" computerName="PC-SFERRARI" duration="00:00:00.0000833" startTime="2021-01-01T10:31:11.8467024+00:00" endTime="2021-01-01T10:31:11.8559895+00:00" testType="13cdc9d9-ddb5-4fa4-a97d-d965ccfc6d4b" outcome="Passed" testListId="8c84fa94-04c1-424b-9868-57a2d4851a1d" relativeResultsDirectory="fb48041d-0ab2-4251-a29d-d272a98b5fef" dataRowInfo="2" resultType="DataDrivenDataRow" />
        <UnitTestResult executionId="f1f5eb95-f13a-4a1e-9395-9978d01aa96d" parentExecutionId="173c0915-a13f-4f69-b6bc-1eb75de2de70" testId="def94964-1ba4-f78f-2dac-38055bb04256" testName="ToIsEmailThrow_Passing_InvalidValue_Returns_ApplicationExceptionWithMessage ()" computerName="PC-SFERRARI" duration="00:00:00.0000324" startTime="2021-01-01T10:31:11.8467024+00:00" endTime="2021-01-01T10:31:11.8559895+00:00" testType="13cdc9d9-ddb5-4fa4-a97d-d965ccfc6d4b" outcome="Passed" testListId="8c84fa94-04c1-424b-9868-57a2d4851a1d" relativeResultsDirectory="f1f5eb95-f13a-4a1e-9395-9978d01aa96d" dataRowInfo="3" resultType="DataDrivenDataRow" />
        <UnitTestResult executionId="043191a1-5a49-4d80-9189-c896c0da53e6" parentExecutionId="173c0915-a13f-4f69-b6bc-1eb75de2de70" testId="def94964-1ba4-f78f-2dac-38055bb04256" testName="ToIsEmailThrow_Passing_InvalidValue_Returns_ApplicationExceptionWithMessage ()" computerName="PC-SFERRARI" duration="00:00:00.0000247" startTime="2021-01-01T10:31:11.8467024+00:00" endTime="2021-01-01T10:31:11.8559895+00:00" testType="13cdc9d9-ddb5-4fa4-a97d-d965ccfc6d4b" outcome="Passed" testListId="8c84fa94-04c1-424b-9868-57a2d4851a1d" relativeResultsDirectory="043191a1-5a49-4d80-9189-c896c0da53e6" dataRowInfo="4" resultType="DataDrivenDataRow" />
        <UnitTestResult executionId="036c7ab2-6ad4-43a4-9856-ded53eccad03" parentExecutionId="173c0915-a13f-4f69-b6bc-1eb75de2de70" testId="def94964-1ba4-f78f-2dac-38055bb04256" testName="ToIsEmailThrow_Passing_InvalidValue_Returns_ApplicationExceptionWithMessage (34?fsds@sdd.yy)" computerName="PC-SFERRARI" duration="00:00:00.0000327" startTime="2021-01-01T10:31:11.8467024+00:00" endTime="2021-01-01T10:31:11.8559895+00:00" testType="13cdc9d9-ddb5-4fa4-a97d-d965ccfc6d4b" outcome="Passed" testListId="8c84fa94-04c1-424b-9868-57a2d4851a1d" relativeResultsDirectory="036c7ab2-6ad4-43a4-9856-ded53eccad03" dataRowInfo="5" resultType="DataDrivenDataRow" />
      </InnerResults>
    </UnitTestResult>
    <UnitTestResult executionId="8a20e746-986b-465d-88db-c84e633b9e1e" testId="2799ef62-9686-0dc7-84d2-73639b0030f7" testName="ToInt_Passing_InvalidValueString_Returns_Null" computerName="PC-SFERRARI" duration="00:00:00.0005436" startTime="2021-01-01T10:31:12.9048379+00:00" endTime="2021-01-01T10:31:12.9056103+00:00" testType="13cdc9d9-ddb5-4fa4-a97d-d965ccfc6d4b" outcome="Passed" testListId="8c84fa94-04c1-424b-9868-57a2d4851a1d" relativeResultsDirectory="8a20e746-986b-465d-88db-c84e633b9e1e" resultType="DataDrivenTest">
      <InnerResults>
        <UnitTestResult executionId="70f4f965-307b-4efb-88a7-d25272a86d18" parentExecutionId="8a20e746-986b-465d-88db-c84e633b9e1e" testId="2799ef62-9686-0dc7-84d2-73639b0030f7" testName="ToInt_Passing_InvalidValueString_Returns_Null (1.3333)" computerName="PC-SFERRARI" duration="00:00:00.0003599" startTime="2021-01-01T10:31:12.9048379+00:00" endTime="2021-01-01T10:31:12.9056103+00:00" testType="13cdc9d9-ddb5-4fa4-a97d-d965ccfc6d4b" outcome="Passed" testListId="8c84fa94-04c1-424b-9868-57a2d4851a1d" relativeResultsDirectory="70f4f965-307b-4efb-88a7-d25272a86d18" dataRowInfo="1" resultType="DataDrivenDataRow" />
        <UnitTestResult executionId="b3d09ef1-0d3b-49ed-b1cd-30d77556e68f" parentExecutionId="8a20e746-986b-465d-88db-c84e633b9e1e" testId="2799ef62-9686-0dc7-84d2-73639b0030f7" testName="ToInt_Passing_InvalidValueString_Returns_Null (1,3333)" computerName="PC-SFERRARI" duration="00:00:00.0000074" startTime="2021-01-01T10:31:12.9048379+00:00" endTime="2021-01-01T10:31:12.9056103+00:00" testType="13cdc9d9-ddb5-4fa4-a97d-d965ccfc6d4b" outcome="Passed" testListId="8c84fa94-04c1-424b-9868-57a2d4851a1d" relativeResultsDirectory="b3d09ef1-0d3b-49ed-b1cd-30d77556e68f" dataRowInfo="2" resultType="DataDrivenDataRow" />
        <UnitTestResult executionId="7099fcfa-47b3-4365-a0b1-04bc87312aa5" parentExecutionId="8a20e746-986b-465d-88db-c84e633b9e1e" testId="2799ef62-9686-0dc7-84d2-73639b0030f7" testName="ToInt_Passing_InvalidValueString_Returns_Null (1.333,39)" computerName="PC-SFERRARI" duration="00:00:00.0000139" startTime="2021-01-01T10:31:12.9048379+00:00" endTime="2021-01-01T10:31:12.9056103+00:00" testType="13cdc9d9-ddb5-4fa4-a97d-d965ccfc6d4b" outcome="Passed" testListId="8c84fa94-04c1-424b-9868-57a2d4851a1d" relativeResultsDirectory="7099fcfa-47b3-4365-a0b1-04bc87312aa5" dataRowInfo="3" resultType="DataDrivenDataRow" />
        <UnitTestResult executionId="f13458e3-53c6-4a93-b3e8-681f2c87518f" parentExecutionId="8a20e746-986b-465d-88db-c84e633b9e1e" testId="2799ef62-9686-0dc7-84d2-73639b0030f7" testName="ToInt_Passing_InvalidValueString_Returns_Null (999999439293294392492349329493294)" computerName="PC-SFERRARI" duration="00:00:00.0000049" startTime="2021-01-01T10:31:12.9048379+00:00" endTime="2021-01-01T10:31:12.9056103+00:00" testType="13cdc9d9-ddb5-4fa4-a97d-d965ccfc6d4b" outcome="Passed" testListId="8c84fa94-04c1-424b-9868-57a2d4851a1d" relativeResultsDirectory="f13458e3-53c6-4a93-b3e8-681f2c87518f" dataRowInfo="4" resultType="DataDrivenDataRow" />
        <UnitTestResult executionId="947af8f0-36bc-4ae5-93b3-85c001f6d519" parentExecutionId="8a20e746-986b-465d-88db-c84e633b9e1e" testId="2799ef62-9686-0dc7-84d2-73639b0030f7" testName="ToInt_Passing_InvalidValueString_Returns_Null (asdasdasdasd234324)" computerName="PC-SFERRARI" duration="00:00:00.0000038" startTime="2021-01-01T10:31:12.9048379+00:00" endTime="2021-01-01T10:31:12.9056103+00:00" testType="13cdc9d9-ddb5-4fa4-a97d-d965ccfc6d4b" outcome="Passed" testListId="8c84fa94-04c1-424b-9868-57a2d4851a1d" relativeResultsDirectory="947af8f0-36bc-4ae5-93b3-85c001f6d519" dataRowInfo="5" resultType="DataDrivenDataRow" />
      </InnerResults>
    </UnitTestResult>
    <UnitTestResult executionId="715db6a6-a42c-4766-88cd-b2536fb83c2f" testId="bf48e581-43e6-7660-c4f4-1b7deb1f0ed9" testName="ToConfiguration_Passing_Valid_DirectoryPath_Invalid_JsonFileName_Not_Optional_Returns_ApplicationException" computerName="PC-SFERRARI" duration="00:00:00.0026862" startTime="2021-01-01T10:31:12.0645014+00:00" endTime="2021-01-01T10:31:12.0672999+00:00" testType="13cdc9d9-ddb5-4fa4-a97d-d965ccfc6d4b" outcome="Passed" testListId="8c84fa94-04c1-424b-9868-57a2d4851a1d" relativeResultsDirectory="715db6a6-a42c-4766-88cd-b2536fb83c2f" />
    <UnitTestResult executionId="826d98d5-2d5b-4d77-b166-8cf1ff27a08d" testId="7384e2f6-7a7f-d462-78fa-5bf7f49c326a" testName="ToIsAuthenticated_Passing_Claims_Returns_False" computerName="PC-SFERRARI" duration="00:00:00.0005526" startTime="2021-01-01T10:31:12.0349447+00:00" endTime="2021-01-01T10:31:12.0355831+00:00" testType="13cdc9d9-ddb5-4fa4-a97d-d965ccfc6d4b" outcome="Passed" testListId="8c84fa94-04c1-424b-9868-57a2d4851a1d" relativeResultsDirectory="826d98d5-2d5b-4d77-b166-8cf1ff27a08d" />
    <UnitTestResult executionId="9aa15c80-4b41-40fd-9de5-bc35ff8ee52f" testId="f2d267b8-d5a7-6c91-de6d-813182908c7f" testName="IsDigit_Passing_InvalidArguments_Returns_HasErrorsAndCount" computerName="PC-SFERRARI" duration="00:00:00.0016855" startTime="2021-01-01T10:31:11.8919581+00:00" endTime="2021-01-01T10:31:11.8938090+00:00" testType="13cdc9d9-ddb5-4fa4-a97d-d965ccfc6d4b" outcome="Passed" testListId="8c84fa94-04c1-424b-9868-57a2d4851a1d" relativeResultsDirectory="9aa15c80-4b41-40fd-9de5-bc35ff8ee52f" />
    <UnitTestResult executionId="62f8cef7-4e1d-4515-8d27-8205d88c9c2f" testId="47f3e733-f069-b79f-9f6d-7c11fc368663" testName="ToDefaultValue_Passing_ushort_Returns_Cero" computerName="PC-SFERRARI" duration="00:00:00.0004008" startTime="2021-01-01T10:31:12.2728618+00:00" endTime="2021-01-01T10:31:12.2733660+00:00" testType="13cdc9d9-ddb5-4fa4-a97d-d965ccfc6d4b" outcome="Passed" testListId="8c84fa94-04c1-424b-9868-57a2d4851a1d" relativeResultsDirectory="62f8cef7-4e1d-4515-8d27-8205d88c9c2f" resultType="DataDrivenTest">
      <InnerResults>
        <UnitTestResult executionId="353d1e21-a1b1-47a1-9d95-2505833af748" parentExecutionId="62f8cef7-4e1d-4515-8d27-8205d88c9c2f" testId="47f3e733-f069-b79f-9f6d-7c11fc368663" testName="ToDefaultValue_Passing_ushort_Returns_Cero (65535)" computerName="PC-SFERRARI" duration="00:00:00.0003481" startTime="2021-01-01T10:31:12.2728618+00:00" endTime="2021-01-01T10:31:12.2733660+00:00" testType="13cdc9d9-ddb5-4fa4-a97d-d965ccfc6d4b" outcome="Passed" testListId="8c84fa94-04c1-424b-9868-57a2d4851a1d" relativeResultsDirectory="353d1e21-a1b1-47a1-9d95-2505833af748" dataRowInfo="1" resultType="DataDrivenDataRow" />
      </InnerResults>
    </UnitTestResult>
    <UnitTestResult executionId="704ff418-c2aa-4fd2-9f88-46d9a8b83fd5" testId="33545399-79af-5e7f-5179-57fe5645f4be" testName="ToYesterday_Passing_DateTime_Returns_Yesterday_DateTime" computerName="PC-SFERRARI" duration="00:00:00.0001871" startTime="2021-01-01T10:31:12.1913049+00:00" endTime="2021-01-01T10:31:12.1915573+00:00" testType="13cdc9d9-ddb5-4fa4-a97d-d965ccfc6d4b" outcome="Passed" testListId="8c84fa94-04c1-424b-9868-57a2d4851a1d" relativeResultsDirectory="704ff418-c2aa-4fd2-9f88-46d9a8b83fd5" />
    <UnitTestResult executionId="b5040224-49ed-4933-9928-95257ae6a7a0" testId="a75e991f-5e03-3949-85d6-afa1f14455d4" testName="ToIsAuthenticated_Passing_Claims_Returns_True" computerName="PC-SFERRARI" duration="00:00:00.0013231" startTime="2021-01-01T10:31:12.0411806+00:00" endTime="2021-01-01T10:31:12.0426649+00:00" testType="13cdc9d9-ddb5-4fa4-a97d-d965ccfc6d4b" outcome="Passed" testListId="8c84fa94-04c1-424b-9868-57a2d4851a1d" relativeResultsDirectory="b5040224-49ed-4933-9928-95257ae6a7a0" />
    <UnitTestResult executionId="a69ee8c6-38bb-4d74-bddc-045c43f07f4c" testId="77fe17c3-3cf8-a189-4d95-b2e0d3ca9579" testName="CreateSHA256_Passing_Invalid_Arguments_Returns_ApplicationException" computerName="PC-SFERRARI" duration="00:00:00.0012505" startTime="2021-01-01T10:31:12.3153764+00:00" endTime="2021-01-01T10:31:12.3167717+00:00" testType="13cdc9d9-ddb5-4fa4-a97d-d965ccfc6d4b" outcome="Passed" testListId="8c84fa94-04c1-424b-9868-57a2d4851a1d" relativeResultsDirectory="a69ee8c6-38bb-4d74-bddc-045c43f07f4c" resultType="DataDrivenTest">
      <InnerResults>
        <UnitTestResult executionId="00b3fe3e-f3db-48f0-824b-05cff3936502" parentExecutionId="a69ee8c6-38bb-4d74-bddc-045c43f07f4c" testId="77fe17c3-3cf8-a189-4d95-b2e0d3ca9579" testName="CreateSHA256_Passing_Invalid_Arguments_Returns_ApplicationException ()" computerName="PC-SFERRARI" duration="00:00:00.0009598" startTime="2021-01-01T10:31:12.3153764+00:00" endTime="2021-01-01T10:31:12.3167717+00:00" testType="13cdc9d9-ddb5-4fa4-a97d-d965ccfc6d4b" outcome="Passed" testListId="8c84fa94-04c1-424b-9868-57a2d4851a1d" relativeResultsDirectory="00b3fe3e-f3db-48f0-824b-05cff3936502" dataRowInfo="1" resultType="DataDrivenDataRow" />
        <UnitTestResult executionId="3cc54817-af9b-4bb1-9c9b-e674702df4d1" parentExecutionId="a69ee8c6-38bb-4d74-bddc-045c43f07f4c" testId="77fe17c3-3cf8-a189-4d95-b2e0d3ca9579" testName="CreateSHA256_Passing_Invalid_Arguments_Returns_ApplicationException ()" computerName="PC-SFERRARI" duration="00:00:00.0000988" startTime="2021-01-01T10:31:12.3153764+00:00" endTime="2021-01-01T10:31:12.3167717+00:00" testType="13cdc9d9-ddb5-4fa4-a97d-d965ccfc6d4b" outcome="Passed" testListId="8c84fa94-04c1-424b-9868-57a2d4851a1d" relativeResultsDirectory="3cc54817-af9b-4bb1-9c9b-e674702df4d1" dataRowInfo="2" resultType="DataDrivenDataRow" />
        <UnitTestResult executionId="1b20b5bc-d49c-44f6-b671-9e16d97fd997" parentExecutionId="a69ee8c6-38bb-4d74-bddc-045c43f07f4c" testId="77fe17c3-3cf8-a189-4d95-b2e0d3ca9579" testName="CreateSHA256_Passing_Invalid_Arguments_Returns_ApplicationException ( )" computerName="PC-SFERRARI" duration="00:00:00.0000601" startTime="2021-01-01T10:31:12.3153764+00:00" endTime="2021-01-01T10:31:12.3167717+00:00" testType="13cdc9d9-ddb5-4fa4-a97d-d965ccfc6d4b" outcome="Passed" testListId="8c84fa94-04c1-424b-9868-57a2d4851a1d" relativeResultsDirectory="1b20b5bc-d49c-44f6-b671-9e16d97fd997" dataRowInfo="3" resultType="DataDrivenDataRow" />
      </InnerResults>
    </UnitTestResult>
    <UnitTestResult executionId="58e857ef-39e4-4fb5-bd00-a5e4f7fcae8f" testId="1f173fff-9060-8c18-f825-225901225244" testName="ToStartOfWeek_Passing_DateTime_Returns_Start_Of_Week_DateTime" computerName="PC-SFERRARI" duration="00:00:00.0002543" startTime="2021-01-01T10:31:12.1906780+00:00" endTime="2021-01-01T10:31:12.1910016+00:00" testType="13cdc9d9-ddb5-4fa4-a97d-d965ccfc6d4b" outcome="Passed" testListId="8c84fa94-04c1-424b-9868-57a2d4851a1d" relativeResultsDirectory="58e857ef-39e4-4fb5-bd00-a5e4f7fcae8f" />
    <UnitTestResult executionId="12b9c5c3-f47b-4da6-adc6-82ae8fbbbbbc" testId="57d3cdd8-8268-9aa3-6f39-3cc0224b305c" testName="ToExists_Passing_Claims_Returns_True" computerName="PC-SFERRARI" duration="00:00:00.0011290" startTime="2021-01-01T10:31:11.9909787+00:00" endTime="2021-01-01T10:31:11.9922357+00:00" testType="13cdc9d9-ddb5-4fa4-a97d-d965ccfc6d4b" outcome="Passed" testListId="8c84fa94-04c1-424b-9868-57a2d4851a1d" relativeResultsDirectory="12b9c5c3-f47b-4da6-adc6-82ae8fbbbbbc" />
    <UnitTestResult executionId="7e29c8ad-c67a-4b89-a59b-5d4c78f98772" testId="73904cd7-b09d-89fc-efca-330cb9d1d1b7" testName="ToConfiguration_Passing_Invalid_DirectoryPath_Returns_ApplicationException" computerName="PC-SFERRARI" duration="00:00:00.0008266" startTime="2021-01-01T10:31:12.0491271+00:00" endTime="2021-01-01T10:31:12.0501328+00:00" testType="13cdc9d9-ddb5-4fa4-a97d-d965ccfc6d4b" outcome="Passed" testListId="8c84fa94-04c1-424b-9868-57a2d4851a1d" relativeResultsDirectory="7e29c8ad-c67a-4b89-a59b-5d4c78f98772" />
    <UnitTestResult executionId="af606793-d7ff-4e58-815b-8879061b28c0" testId="5c861184-f295-e727-0fd4-d218f13da14d" testName="ToConfiguration_Passing_Empty_DirectoryPath_Returns_ApplicationException" computerName="PC-SFERRARI" duration="00:00:00.0033220" startTime="2021-01-01T10:31:12.0454935+00:00" endTime="2021-01-01T10:31:12.0490746+00:00" testType="13cdc9d9-ddb5-4fa4-a97d-d965ccfc6d4b" outcome="Passed" testListId="8c84fa94-04c1-424b-9868-57a2d4851a1d" relativeResultsDirectory="af606793-d7ff-4e58-815b-8879061b28c0" />
    <UnitTestResult executionId="39895b30-0645-40d9-9348-3dff223906cb" testId="6088101f-62c5-69c8-6751-05523b132d06" testName="CreateAndVerifySHA512_Passing_Valid_Arguments_Returns_True" computerName="PC-SFERRARI" duration="00:00:00.0013366" startTime="2021-01-01T10:31:12.3058152+00:00" endTime="2021-01-01T10:31:12.3074709+00:00" testType="13cdc9d9-ddb5-4fa4-a97d-d965ccfc6d4b" outcome="Passed" testListId="8c84fa94-04c1-424b-9868-57a2d4851a1d" relativeResultsDirectory="39895b30-0645-40d9-9348-3dff223906cb" resultType="DataDrivenTest">
      <InnerResults>
        <UnitTestResult executionId="7dcb4b56-3784-416d-b970-16d526304841" parentExecutionId="39895b30-0645-40d9-9348-3dff223906cb" testId="6088101f-62c5-69c8-6751-05523b132d06" testName="CreateAndVerifySHA512_Passing_Valid_Arguments_Returns_True (Password)" computerName="PC-SFERRARI" duration="00:00:00.0010991" startTime="2021-01-01T10:31:12.3058152+00:00" endTime="2021-01-01T10:31:12.3074709+00:00" testType="13cdc9d9-ddb5-4fa4-a97d-d965ccfc6d4b" outcome="Passed" testListId="8c84fa94-04c1-424b-9868-57a2d4851a1d" relativeResultsDirectory="7dcb4b56-3784-416d-b970-16d526304841" dataRowInfo="1" resultType="DataDrivenDataRow" />
        <UnitTestResult executionId="82b90fe0-d7de-49b0-8f80-b888437fad32" parentExecutionId="39895b30-0645-40d9-9348-3dff223906cb" testId="6088101f-62c5-69c8-6751-05523b132d06" testName="CreateAndVerifySHA512_Passing_Valid_Arguments_Returns_True (HashTests)" computerName="PC-SFERRARI" duration="00:00:00.0000594" startTime="2021-01-01T10:31:12.3058152+00:00" endTime="2021-01-01T10:31:12.3074709+00:00" testType="13cdc9d9-ddb5-4fa4-a97d-d965ccfc6d4b" outcome="Passed" testListId="8c84fa94-04c1-424b-9868-57a2d4851a1d" relativeResultsDirectory="82b90fe0-d7de-49b0-8f80-b888437fad32" dataRowInfo="2" resultType="DataDrivenDataRow" />
        <UnitTestResult executionId="779618eb-4fd6-4f10-baa6-901d9810a22d" parentExecutionId="39895b30-0645-40d9-9348-3dff223906cb" testId="6088101f-62c5-69c8-6751-05523b132d06" testName="CreateAndVerifySHA512_Passing_Valid_Arguments_Returns_True (sdlfkjldsfksdfñl·%$·&amp;$/U&amp;/)(&amp;()?=)¿?^P*^PÑL,.,.lñ´ñ+98098'098098)" computerName="PC-SFERRARI" duration="00:00:00.0000396" startTime="2021-01-01T10:31:12.3058152+00:00" endTime="2021-01-01T10:31:12.3074709+00:00" testType="13cdc9d9-ddb5-4fa4-a97d-d965ccfc6d4b" outcome="Passed" testListId="8c84fa94-04c1-424b-9868-57a2d4851a1d" relativeResultsDirectory="779618eb-4fd6-4f10-baa6-901d9810a22d" dataRowInfo="3" resultType="DataDrivenDataRow" />
      </InnerResults>
    </UnitTestResult>
    <UnitTestResult executionId="fcc0c60b-3521-40d6-a829-f4c77eedbca7" testId="cf950ab2-9fe4-ec30-43b4-2f3a99b5167d" testName="CreateAndVerifySHA256_Passing_Valid_Arguments_Returns_True" computerName="PC-SFERRARI" duration="00:00:00.0097640" startTime="2021-01-01T10:31:12.2829815+00:00" endTime="2021-01-01T10:31:12.2930769+00:00" testType="13cdc9d9-ddb5-4fa4-a97d-d965ccfc6d4b" outcome="Passed" testListId="8c84fa94-04c1-424b-9868-57a2d4851a1d" relativeResultsDirectory="fcc0c60b-3521-40d6-a829-f4c77eedbca7" resultType="DataDrivenTest">
      <InnerResults>
        <UnitTestResult executionId="3c3b69e3-6d32-4fe9-a14b-7db048aab949" parentExecutionId="fcc0c60b-3521-40d6-a829-f4c77eedbca7" testId="cf950ab2-9fe4-ec30-43b4-2f3a99b5167d" testName="CreateAndVerifySHA256_Passing_Valid_Arguments_Returns_True (Password)" computerName="PC-SFERRARI" duration="00:00:00.0094258" startTime="2021-01-01T10:31:12.2829815+00:00" endTime="2021-01-01T10:31:12.2930769+00:00" testType="13cdc9d9-ddb5-4fa4-a97d-d965ccfc6d4b" outcome="Passed" testListId="8c84fa94-04c1-424b-9868-57a2d4851a1d" relativeResultsDirectory="3c3b69e3-6d32-4fe9-a14b-7db048aab949" dataRowInfo="1" resultType="DataDrivenDataRow" />
        <UnitTestResult executionId="585651bc-37b7-47d6-99f4-ecce1d0c6700" parentExecutionId="fcc0c60b-3521-40d6-a829-f4c77eedbca7" testId="cf950ab2-9fe4-ec30-43b4-2f3a99b5167d" testName="CreateAndVerifySHA256_Passing_Valid_Arguments_Returns_True (HashTests)" computerName="PC-SFERRARI" duration="00:00:00.0000532" startTime="2021-01-01T10:31:12.2829815+00:00" endTime="2021-01-01T10:31:12.2930769+00:00" testType="13cdc9d9-ddb5-4fa4-a97d-d965ccfc6d4b" outcome="Passed" testListId="8c84fa94-04c1-424b-9868-57a2d4851a1d" relativeResultsDirectory="585651bc-37b7-47d6-99f4-ecce1d0c6700" dataRowInfo="2" resultType="DataDrivenDataRow" />
        <UnitTestResult executionId="068b88ff-40e7-4c40-85c7-cc6c8fcf3543" parentExecutionId="fcc0c60b-3521-40d6-a829-f4c77eedbca7" testId="cf950ab2-9fe4-ec30-43b4-2f3a99b5167d" testName="CreateAndVerifySHA256_Passing_Valid_Arguments_Returns_True (sdlfkjldsfksdfñl·%$·&amp;$/U&amp;/)(&amp;()?=)¿?^P*^PÑL,.,.lñ´ñ+98098'098098)" computerName="PC-SFERRARI" duration="00:00:00.0001380" startTime="2021-01-01T10:31:12.2829815+00:00" endTime="2021-01-01T10:31:12.2930769+00:00" testType="13cdc9d9-ddb5-4fa4-a97d-d965ccfc6d4b" outcome="Passed" testListId="8c84fa94-04c1-424b-9868-57a2d4851a1d" relativeResultsDirectory="068b88ff-40e7-4c40-85c7-cc6c8fcf3543" dataRowInfo="3" resultType="DataDrivenDataRow" />
      </InnerResults>
    </UnitTestResult>
    <UnitTestResult executionId="d6d61007-3b18-419a-aa74-aefd184a6d81" testId="e53d2439-2080-43bd-e38b-a60253b60af1" testName="ToPaged_Passing_Age_Descending_Order_Returns_Filter_List" computerName="PC-SFERRARI" duration="00:00:00.0017894" startTime="2021-01-01T10:31:12.6468979+00:00" endTime="2021-01-01T10:31:12.6488733+00:00" testType="13cdc9d9-ddb5-4fa4-a97d-d965ccfc6d4b" outcome="Passed" testListId="8c84fa94-04c1-424b-9868-57a2d4851a1d" relativeResultsDirectory="d6d61007-3b18-419a-aa74-aefd184a6d81" />
    <UnitTestResult executionId="ce3fe767-64e1-4052-9261-79bcb744015d" testId="15fe55e5-cdce-6280-ea15-ef777735767c" testName="ToEnvironment_ServiceCollection_Passing_Production_Enviroment_Returns_Production_Name" computerName="PC-SFERRARI" duration="00:00:00.0003588" startTime="2021-01-01T10:31:12.1091778+00:00" endTime="2021-01-01T10:31:12.1096042+00:00" testType="13cdc9d9-ddb5-4fa4-a97d-d965ccfc6d4b" outcome="Passed" testListId="8c84fa94-04c1-424b-9868-57a2d4851a1d" relativeResultsDirectory="ce3fe767-64e1-4052-9261-79bcb744015d" />
    <UnitTestResult executionId="7b0343f0-c889-4ab5-b98b-da4df2ed39e9" testId="85593a4b-9959-1609-1818-7a916502d803" testName="Error_ResultData_WithErrors" computerName="PC-SFERRARI" duration="00:00:00.0010633" startTime="2021-01-01T10:31:12.6645747+00:00" endTime="2021-01-01T10:31:12.6657708+00:00" testType="13cdc9d9-ddb5-4fa4-a97d-d965ccfc6d4b" outcome="Passed" testListId="8c84fa94-04c1-424b-9868-57a2d4851a1d" relativeResultsDirectory="7b0343f0-c889-4ab5-b98b-da4df2ed39e9" />
    <UnitTestResult executionId="6dee1530-aaee-4cc2-917e-11ac34306451" testId="d51ea295-e896-101a-6578-05ae772bcbfb" testName="ToIsSubdomainThrow_Passing_InvalidValue_Returns_ApplicationExceptionWithMessage" computerName="PC-SFERRARI" duration="00:00:00.0021668" startTime="2021-01-01T10:31:11.8750495+00:00" endTime="2021-01-01T10:31:11.8773357+00:00" testType="13cdc9d9-ddb5-4fa4-a97d-d965ccfc6d4b" outcome="Passed" testListId="8c84fa94-04c1-424b-9868-57a2d4851a1d" relativeResultsDirectory="6dee1530-aaee-4cc2-917e-11ac34306451" resultType="DataDrivenTest">
      <InnerResults>
        <UnitTestResult executionId="14d9cbb8-c1fb-4d83-aca9-d0938fb0ee69" parentExecutionId="6dee1530-aaee-4cc2-917e-11ac34306451" testId="d51ea295-e896-101a-6578-05ae772bcbfb" testName="ToIsSubdomainThrow_Passing_InvalidValue_Returns_ApplicationExceptionWithMessage (dasdasd@dsasd.._ff)" computerName="PC-SFERRARI" duration="00:00:00.0017780" startTime="2021-01-01T10:31:11.8750495+00:00" endTime="2021-01-01T10:31:11.8773357+00:00" testType="13cdc9d9-ddb5-4fa4-a97d-d965ccfc6d4b" outcome="Passed" testListId="8c84fa94-04c1-424b-9868-57a2d4851a1d" relativeResultsDirectory="14d9cbb8-c1fb-4d83-aca9-d0938fb0ee69" dataRowInfo="1" resultType="DataDrivenDataRow" />
        <UnitTestResult executionId="1457a9ed-ffa6-452d-851e-8bb9792303fc" parentExecutionId="6dee1530-aaee-4cc2-917e-11ac34306451" testId="d51ea295-e896-101a-6578-05ae772bcbfb" testName="ToIsSubdomainThrow_Passing_InvalidValue_Returns_ApplicationExceptionWithMessage (34fsds@@sdd.f)" computerName="PC-SFERRARI" duration="00:00:00.0000863" startTime="2021-01-01T10:31:11.8750495+00:00" endTime="2021-01-01T10:31:11.8773357+00:00" testType="13cdc9d9-ddb5-4fa4-a97d-d965ccfc6d4b" outcome="Passed" testListId="8c84fa94-04c1-424b-9868-57a2d4851a1d" relativeResultsDirectory="1457a9ed-ffa6-452d-851e-8bb9792303fc" dataRowInfo="2" resultType="DataDrivenDataRow" />
        <UnitTestResult executionId="3ec0485c-d137-4c8e-a869-6e0382873e64" parentExecutionId="6dee1530-aaee-4cc2-917e-11ac34306451" testId="d51ea295-e896-101a-6578-05ae772bcbfb" testName="ToIsSubdomainThrow_Passing_InvalidValue_Returns_ApplicationExceptionWithMessage ()" computerName="PC-SFERRARI" duration="00:00:00.0000522" startTime="2021-01-01T10:31:11.8750495+00:00" endTime="2021-01-01T10:31:11.8773357+00:00" testType="13cdc9d9-ddb5-4fa4-a97d-d965ccfc6d4b" outcome="Passed" testListId="8c84fa94-04c1-424b-9868-57a2d4851a1d" relativeResultsDirectory="3ec0485c-d137-4c8e-a869-6e0382873e64" dataRowInfo="3" resultType="DataDrivenDataRow" />
        <UnitTestResult executionId="ab3f8100-bee7-4d9a-a731-3f0325ad4881" parentExecutionId="6dee1530-aaee-4cc2-917e-11ac34306451" testId="d51ea295-e896-101a-6578-05ae772bcbfb" testName="ToIsSubdomainThrow_Passing_InvalidValue_Returns_ApplicationExceptionWithMessage ()" computerName="PC-SFERRARI" duration="00:00:00.0000455" startTime="2021-01-01T10:31:11.8750495+00:00" endTime="2021-01-01T10:31:11.8773357+00:00" testType="13cdc9d9-ddb5-4fa4-a97d-d965ccfc6d4b" outcome="Passed" testListId="8c84fa94-04c1-424b-9868-57a2d4851a1d" relativeResultsDirectory="ab3f8100-bee7-4d9a-a731-3f0325ad4881" dataRowInfo="4" resultType="DataDrivenDataRow" />
        <UnitTestResult executionId="becfcd56-b626-433a-8929-2308bd072c99" parentExecutionId="6dee1530-aaee-4cc2-917e-11ac34306451" testId="d51ea295-e896-101a-6578-05ae772bcbfb" testName="ToIsSubdomainThrow_Passing_InvalidValue_Returns_ApplicationExceptionWithMessage (34?fsds@sdd.yy)" computerName="PC-SFERRARI" duration="00:00:00.0000570" startTime="2021-01-01T10:31:11.8750495+00:00" endTime="2021-01-01T10:31:11.8773357+00:00" testType="13cdc9d9-ddb5-4fa4-a97d-d965ccfc6d4b" outcome="Passed" testListId="8c84fa94-04c1-424b-9868-57a2d4851a1d" relativeResultsDirectory="becfcd56-b626-433a-8929-2308bd072c99" dataRowInfo="5" resultType="DataDrivenDataRow" />
      </InnerResults>
    </UnitTestResult>
    <UnitTestResult executionId="9238b93d-fead-46bd-9a16-cc471692ec1b" testId="c19b83a3-45fc-e848-cbcc-7f68b66eb4e3" testName="IsLowercase_Passing_InvalidArguments_Returns_HasErrorsAndCount" computerName="PC-SFERRARI" duration="00:00:00.0007455" startTime="2021-01-01T10:31:11.9195714+00:00" endTime="2021-01-01T10:31:11.9204809+00:00" testType="13cdc9d9-ddb5-4fa4-a97d-d965ccfc6d4b" outcome="Passed" testListId="8c84fa94-04c1-424b-9868-57a2d4851a1d" relativeResultsDirectory="9238b93d-fead-46bd-9a16-cc471692ec1b" />
    <UnitTestResult executionId="21561a97-78bf-47b4-b6de-ba7a1e1fa079" testId="21ae5425-e2d1-002f-334f-105a6a674a01" testName="ToEnvironment_ServiceCollection_Passing_Custom_Enviroment_Returns_Custom_Name" computerName="PC-SFERRARI" duration="00:00:00.0006268" startTime="2021-01-01T10:31:12.1079234+00:00" endTime="2021-01-01T10:31:12.1086596+00:00" testType="13cdc9d9-ddb5-4fa4-a97d-d965ccfc6d4b" outcome="Passed" testListId="8c84fa94-04c1-424b-9868-57a2d4851a1d" relativeResultsDirectory="21561a97-78bf-47b4-b6de-ba7a1e1fa079" />
    <UnitTestResult executionId="bfc4f892-bde3-4d9f-bc52-a08c94108ae0" testId="e0f7dcd9-f363-be9c-de11-457f6a575bee" testName="ToDefaultValue_Passing_float_Returns_Cero" computerName="PC-SFERRARI" duration="00:00:00.0004788" startTime="2021-01-01T10:31:12.2562812+00:00" endTime="2021-01-01T10:31:12.2568752+00:00" testType="13cdc9d9-ddb5-4fa4-a97d-d965ccfc6d4b" outcome="Passed" testListId="8c84fa94-04c1-424b-9868-57a2d4851a1d" relativeResultsDirectory="bfc4f892-bde3-4d9f-bc52-a08c94108ae0" resultType="DataDrivenTest">
      <InnerResults>
        <UnitTestResult executionId="11a99deb-408d-4eaf-a01e-599ade56edbf" parentExecutionId="bfc4f892-bde3-4d9f-bc52-a08c94108ae0" testId="e0f7dcd9-f363-be9c-de11-457f6a575bee" testName="ToDefaultValue_Passing_float_Returns_Cero (3,4028235E+38)" computerName="PC-SFERRARI" duration="00:00:00.0003993" startTime="2021-01-01T10:31:12.2562812+00:00" endTime="2021-01-01T10:31:12.2568752+00:00" testType="13cdc9d9-ddb5-4fa4-a97d-d965ccfc6d4b" outcome="Passed" testListId="8c84fa94-04c1-424b-9868-57a2d4851a1d" relativeResultsDirectory="11a99deb-408d-4eaf-a01e-599ade56edbf" dataRowInfo="1" resultType="DataDrivenDataRow" />
      </InnerResults>
    </UnitTestResult>
    <UnitTestResult executionId="5426137f-1e67-440d-b289-cf5764ca385b" testId="86b92527-4d52-052b-63ae-d9a8aa694919" testName="ToSettings_Passing_Values_From_Memory_Returns_Settings" computerName="PC-SFERRARI" duration="00:00:00.0009578" startTime="2021-01-01T10:31:12.1827447+00:00" endTime="2021-01-01T10:31:12.1838031+00:00" testType="13cdc9d9-ddb5-4fa4-a97d-d965ccfc6d4b" outcome="Passed" testListId="8c84fa94-04c1-424b-9868-57a2d4851a1d" relativeResultsDirectory="5426137f-1e67-440d-b289-cf5764ca385b" />
    <UnitTestResult executionId="e2469499-a0b1-48bc-86a0-e87fb7bb1201" testId="46cc46f0-c0e1-f3e6-2242-cdef90a4249a" testName="ToMapNew_Passing_TSource_And_TDestination_Returns_New_TDestination_Object" computerName="PC-SFERRARI" duration="00:00:00.0005072" startTime="2021-01-01T10:31:11.6167782+00:00" endTime="2021-01-01T10:31:11.6173870+00:00" testType="13cdc9d9-ddb5-4fa4-a97d-d965ccfc6d4b" outcome="Passed" testListId="8c84fa94-04c1-424b-9868-57a2d4851a1d" relativeResultsDirectory="e2469499-a0b1-48bc-86a0-e87fb7bb1201" />
    <UnitTestResult executionId="05ccc688-a821-453f-82f2-3dcbe1aee488" testId="42ded375-26ee-044e-44a7-9eab5e4cd342" testName="ToReadOnly_Passing_Valid_Collection_Returns_Readonly_Collection" computerName="PC-SFERRARI" duration="00:00:00.0008786" startTime="2021-01-01T10:31:12.1947099+00:00" endTime="2021-01-01T10:31:12.1956987+00:00" testType="13cdc9d9-ddb5-4fa4-a97d-d965ccfc6d4b" outcome="Passed" testListId="8c84fa94-04c1-424b-9868-57a2d4851a1d" relativeResultsDirectory="05ccc688-a821-453f-82f2-3dcbe1aee488" />
    <UnitTestResult executionId="96a91c99-62a7-4152-a9c7-dca6d8d9ed66" testId="7a313c49-8adc-98e3-cdda-86b900f0ade6" testName="ToCompress_Passing_Value_Bytes_Returns_Value_Bytes" computerName="PC-SFERRARI" duration="00:00:00.0006304" startTime="2021-01-01T10:31:11.8432980+00:00" endTime="2021-01-01T10:31:11.8441471+00:00" testType="13cdc9d9-ddb5-4fa4-a97d-d965ccfc6d4b" outcome="Passed" testListId="8c84fa94-04c1-424b-9868-57a2d4851a1d" relativeResultsDirectory="96a91c99-62a7-4152-a9c7-dca6d8d9ed66" />
    <UnitTestResult executionId="8a140311-e286-4bc9-9321-84c88e0b3dea" testId="ae09f98c-257a-b9e5-5b0b-16344b7adf1c" testName="ToInt_Passing_ValidValueString_Returns_Int" computerName="PC-SFERRARI" duration="00:00:00.0005965" startTime="2021-01-01T10:31:12.9056770+00:00" endTime="2021-01-01T10:31:12.9064127+00:00" testType="13cdc9d9-ddb5-4fa4-a97d-d965ccfc6d4b" outcome="Passed" testListId="8c84fa94-04c1-424b-9868-57a2d4851a1d" relativeResultsDirectory="8a140311-e286-4bc9-9321-84c88e0b3dea" resultType="DataDrivenTest">
      <InnerResults>
        <UnitTestResult executionId="e87eb6c1-ddac-452b-8ab8-2b0bc508ac8a" parentExecutionId="8a140311-e286-4bc9-9321-84c88e0b3dea" testId="ae09f98c-257a-b9e5-5b0b-16344b7adf1c" testName="ToInt_Passing_ValidValueString_Returns_Int (1234567890)" computerName="PC-SFERRARI" duration="00:00:00.0005359" startTime="2021-01-01T10:31:12.9056770+00:00" endTime="2021-01-01T10:31:12.9064127+00:00" testType="13cdc9d9-ddb5-4fa4-a97d-d965ccfc6d4b" outcome="Passed" testListId="8c84fa94-04c1-424b-9868-57a2d4851a1d" relativeResultsDirectory="e87eb6c1-ddac-452b-8ab8-2b0bc508ac8a" dataRowInfo="1" resultType="DataDrivenDataRow" />
      </InnerResults>
    </UnitTestResult>
    <UnitTestResult executionId="f96dc1b4-aa8b-44ad-8425-ae85d8d2719d" testId="f2debf4a-2a42-7b0b-1005-8f74a6fc63cb" testName="IsSubdomain_Passing_InvalidArguments_Returns_HasErrorsAndCount" computerName="PC-SFERRARI" duration="00:00:00.0003006" startTime="2021-01-01T10:31:11.9352161+00:00" endTime="2021-01-01T10:31:11.9356636+00:00" testType="13cdc9d9-ddb5-4fa4-a97d-d965ccfc6d4b" outcome="Passed" testListId="8c84fa94-04c1-424b-9868-57a2d4851a1d" relativeResultsDirectory="f96dc1b4-aa8b-44ad-8425-ae85d8d2719d" />
    <UnitTestResult executionId="35fa9263-7a29-4e3b-bdb4-f43111c090e1" testId="96f263a8-e1d9-0070-21ba-583144d2d030" testName="ToEnum_Passing_ValidValueInt_Returns_EnumValue" computerName="PC-SFERRARI" duration="00:00:00.0138910" startTime="2021-01-01T10:31:12.8441209+00:00" endTime="2021-01-01T10:31:12.8581477+00:00" testType="13cdc9d9-ddb5-4fa4-a97d-d965ccfc6d4b" outcome="Passed" testListId="8c84fa94-04c1-424b-9868-57a2d4851a1d" relativeResultsDirectory="35fa9263-7a29-4e3b-bdb4-f43111c090e1" />
    <UnitTestResult executionId="e51d7166-2b36-429d-8f75-5fe2dda879d9" testId="bd43e66e-fbae-26eb-a9a1-c58a6bf5d7af" testName="ToHashAlgorithmName_Passing_InvalidValueLowerCaseString_Returns_Null" computerName="PC-SFERRARI" duration="00:00:00.0002368" startTime="2021-01-01T10:31:12.8868241+00:00" endTime="2021-01-01T10:31:12.8871907+00:00" testType="13cdc9d9-ddb5-4fa4-a97d-d965ccfc6d4b" outcome="Passed" testListId="8c84fa94-04c1-424b-9868-57a2d4851a1d" relativeResultsDirectory="e51d7166-2b36-429d-8f75-5fe2dda879d9" resultType="DataDrivenTest">
      <InnerResults>
        <UnitTestResult executionId="3fe7f180-1f0d-42e6-a1a7-a0018fcc9c5b" parentExecutionId="e51d7166-2b36-429d-8f75-5fe2dda879d9" testId="bd43e66e-fbae-26eb-a9a1-c58a6bf5d7af" testName="ToHashAlgorithmName_Passing_InvalidValueLowerCaseString_Returns_Null (md5)" computerName="PC-SFERRARI" duration="00:00:00.0001900" startTime="2021-01-01T10:31:12.8868241+00:00" endTime="2021-01-01T10:31:12.8871907+00:00" testType="13cdc9d9-ddb5-4fa4-a97d-d965ccfc6d4b" outcome="Passed" testListId="8c84fa94-04c1-424b-9868-57a2d4851a1d" relativeResultsDirectory="3fe7f180-1f0d-42e6-a1a7-a0018fcc9c5b" dataRowInfo="1" resultType="DataDrivenDataRow" />
      </InnerResults>
    </UnitTestResult>
    <UnitTestResult executionId="f2bc9b79-b985-4454-ab3c-d01ae61ec938" testId="53cbdd8e-a1ef-5d22-8745-938609ed19c2" testName="ToConfigureOrDefault_Passing_DefaultValues_And_ActionCustomValues_Returns_DefaultValues_And_CustomValues" computerName="PC-SFERRARI" duration="00:00:00.0004632" startTime="2021-01-01T10:31:11.3220685+00:00" endTime="2021-01-01T10:31:11.3227529+00:00" testType="13cdc9d9-ddb5-4fa4-a97d-d965ccfc6d4b" outcome="Passed" testListId="8c84fa94-04c1-424b-9868-57a2d4851a1d" relativeResultsDirectory="f2bc9b79-b985-4454-ab3c-d01ae61ec938" />
    <UnitTestResult executionId="4ddf1d99-9b12-42aa-9c89-8458e485f34e" testId="0b1e4893-9444-2235-b7fa-3782f9932212" testName="ToService_Passing_Valid_Service_Returns_Service" computerName="PC-SFERRARI" duration="00:00:00.0004540" startTime="2021-01-01T10:31:12.1381306+00:00" endTime="2021-01-01T10:31:12.1386516+00:00" testType="13cdc9d9-ddb5-4fa4-a97d-d965ccfc6d4b" outcome="Passed" testListId="8c84fa94-04c1-424b-9868-57a2d4851a1d" relativeResultsDirectory="4ddf1d99-9b12-42aa-9c89-8458e485f34e" />
    <UnitTestResult executionId="c075d44c-9382-482c-bb2d-b930bc7b99d1" testId="7f0aeefe-ba4a-5404-c6f8-82be67718cc4" testName="ToDirectoryDeleteFiles_Passing_ValidValue_Returns_DirectoryNoExists" computerName="PC-SFERRARI" duration="00:00:00.0337768" startTime="2021-01-01T10:31:12.7003890+00:00" endTime="2021-01-01T10:31:12.7343380+00:00" testType="13cdc9d9-ddb5-4fa4-a97d-d965ccfc6d4b" outcome="Passed" testListId="8c84fa94-04c1-424b-9868-57a2d4851a1d" relativeResultsDirectory="c075d44c-9382-482c-bb2d-b930bc7b99d1" />
    <UnitTestResult executionId="d927dc11-0f53-48c8-9c87-2f313bb0e7b0" testId="7be8a004-8e29-0f01-8ada-f15377193150" testName="ToContentType_Passing_ValidValueString_Returns_ContentType" computerName="PC-SFERRARI" duration="00:00:00.0023586" startTime="2021-01-01T10:31:12.6976694+00:00" endTime="2021-01-01T10:31:12.7003149+00:00" testType="13cdc9d9-ddb5-4fa4-a97d-d965ccfc6d4b" outcome="Passed" testListId="8c84fa94-04c1-424b-9868-57a2d4851a1d" relativeResultsDirectory="d927dc11-0f53-48c8-9c87-2f313bb0e7b0" resultType="DataDrivenTest">
      <InnerResults>
        <UnitTestResult executionId="86255ad4-867a-4d85-b5db-a8a417bdfbee" parentExecutionId="d927dc11-0f53-48c8-9c87-2f313bb0e7b0" testId="7be8a004-8e29-0f01-8ada-f15377193150" testName="ToContentType_Passing_ValidValueString_Returns_ContentType (xxxx.pdf,application/pdf)" computerName="PC-SFERRARI" duration="00:00:00.0018671" startTime="2021-01-01T10:31:12.6976694+00:00" endTime="2021-01-01T10:31:12.7003149+00:00" testType="13cdc9d9-ddb5-4fa4-a97d-d965ccfc6d4b" outcome="Passed" testListId="8c84fa94-04c1-424b-9868-57a2d4851a1d" relativeResultsDirectory="86255ad4-867a-4d85-b5db-a8a417bdfbee" dataRowInfo="1" resultType="DataDrivenDataRow" />
        <UnitTestResult executionId="44ee8647-88b9-4789-b413-0ae66e1fb496" parentExecutionId="d927dc11-0f53-48c8-9c87-2f313bb0e7b0" testId="7be8a004-8e29-0f01-8ada-f15377193150" testName="ToContentType_Passing_ValidValueString_Returns_ContentType (xxxx.json,application/json)" computerName="PC-SFERRARI" duration="00:00:00.0000591" startTime="2021-01-01T10:31:12.6976694+00:00" endTime="2021-01-01T10:31:12.7003149+00:00" testType="13cdc9d9-ddb5-4fa4-a97d-d965ccfc6d4b" outcome="Passed" testListId="8c84fa94-04c1-424b-9868-57a2d4851a1d" relativeResultsDirectory="44ee8647-88b9-4789-b413-0ae66e1fb496" dataRowInfo="2" resultType="DataDrivenDataRow" />
        <UnitTestResult executionId="b016b5b1-2ae2-4f88-b81f-45e8e34ed04b" parentExecutionId="d927dc11-0f53-48c8-9c87-2f313bb0e7b0" testId="7be8a004-8e29-0f01-8ada-f15377193150" testName="ToContentType_Passing_ValidValueString_Returns_ContentType (xxxx.gif,image/gif)" computerName="PC-SFERRARI" duration="00:00:00.0000576" startTime="2021-01-01T10:31:12.6976694+00:00" endTime="2021-01-01T10:31:12.7003149+00:00" testType="13cdc9d9-ddb5-4fa4-a97d-d965ccfc6d4b" outcome="Passed" testListId="8c84fa94-04c1-424b-9868-57a2d4851a1d" relativeResultsDirectory="b016b5b1-2ae2-4f88-b81f-45e8e34ed04b" dataRowInfo="3" resultType="DataDrivenDataRow" />
        <UnitTestResult executionId="c616dae9-07f8-4fda-8014-8fec94a1c090" parentExecutionId="d927dc11-0f53-48c8-9c87-2f313bb0e7b0" testId="7be8a004-8e29-0f01-8ada-f15377193150" testName="ToContentType_Passing_ValidValueString_Returns_ContentType (xxxx.jpeg,image/jpeg)" computerName="PC-SFERRARI" duration="00:00:00.0000425" startTime="2021-01-01T10:31:12.6976694+00:00" endTime="2021-01-01T10:31:12.7003149+00:00" testType="13cdc9d9-ddb5-4fa4-a97d-d965ccfc6d4b" outcome="Passed" testListId="8c84fa94-04c1-424b-9868-57a2d4851a1d" relativeResultsDirectory="c616dae9-07f8-4fda-8014-8fec94a1c090" dataRowInfo="4" resultType="DataDrivenDataRow" />
        <UnitTestResult executionId="5df54c51-3a04-4350-adac-d86e9aa9e86a" parentExecutionId="d927dc11-0f53-48c8-9c87-2f313bb0e7b0" testId="7be8a004-8e29-0f01-8ada-f15377193150" testName="ToContentType_Passing_ValidValueString_Returns_ContentType (xxxx.html,text/html)" computerName="PC-SFERRARI" duration="00:00:00.0000427" startTime="2021-01-01T10:31:12.6976694+00:00" endTime="2021-01-01T10:31:12.7003149+00:00" testType="13cdc9d9-ddb5-4fa4-a97d-d965ccfc6d4b" outcome="Passed" testListId="8c84fa94-04c1-424b-9868-57a2d4851a1d" relativeResultsDirectory="5df54c51-3a04-4350-adac-d86e9aa9e86a" dataRowInfo="5" resultType="DataDrivenDataRow" />
        <UnitTestResult executionId="87f09120-2e31-4324-87f7-d55e679c439c" parentExecutionId="d927dc11-0f53-48c8-9c87-2f313bb0e7b0" testId="7be8a004-8e29-0f01-8ada-f15377193150" testName="ToContentType_Passing_ValidValueString_Returns_ContentType (xxxx.txt,text/plain)" computerName="PC-SFERRARI" duration="00:00:00.0000496" startTime="2021-01-01T10:31:12.6976694+00:00" endTime="2021-01-01T10:31:12.7003149+00:00" testType="13cdc9d9-ddb5-4fa4-a97d-d965ccfc6d4b" outcome="Passed" testListId="8c84fa94-04c1-424b-9868-57a2d4851a1d" relativeResultsDirectory="87f09120-2e31-4324-87f7-d55e679c439c" dataRowInfo="6" resultType="DataDrivenDataRow" />
      </InnerResults>
    </UnitTestResult>
    <UnitTestResult executionId="4fdc5a7c-9b8d-4e71-9d0c-0ed727b1270e" testId="4a3afd90-c6ab-e82e-40d8-b40450680318" testName="IsHostname_Passing_InvalidArguments_Returns_HasErrorsAndCount" computerName="PC-SFERRARI" duration="00:00:00.0007592" startTime="2021-01-01T10:31:11.9101966+00:00" endTime="2021-01-01T10:31:11.9110607+00:00" testType="13cdc9d9-ddb5-4fa4-a97d-d965ccfc6d4b" outcome="Passed" testListId="8c84fa94-04c1-424b-9868-57a2d4851a1d" relativeResultsDirectory="4fdc5a7c-9b8d-4e71-9d0c-0ed727b1270e" />
    <UnitTestResult executionId="51810291-b96f-4a3f-aaae-58a3d0002fa6" testId="b9a89fa2-355c-e886-bec5-28d3cf549be6" testName="IsUniqueChars_Passing_InvalidArguments_Returns_HasErrorsAndCount" computerName="PC-SFERRARI" duration="00:00:00.0029071" startTime="2021-01-01T10:31:11.9361304+00:00" endTime="2021-01-01T10:31:11.9391579+00:00" testType="13cdc9d9-ddb5-4fa4-a97d-d965ccfc6d4b" outcome="Passed" testListId="8c84fa94-04c1-424b-9868-57a2d4851a1d" relativeResultsDirectory="51810291-b96f-4a3f-aaae-58a3d0002fa6" />
    <UnitTestResult executionId="042e65bf-52ad-4596-a495-10a76c96c435" testId="8dccdb77-e6a8-58c6-9bd0-108f87c5ff65" testName="ToAuthenticationType_Passing_Null_ClaimsPrincipal_Returns_ApplicationException" computerName="PC-SFERRARI" duration="00:00:00.0031023" startTime="2021-01-01T10:31:11.9876152+00:00" endTime="2021-01-01T10:31:11.9909330+00:00" testType="13cdc9d9-ddb5-4fa4-a97d-d965ccfc6d4b" outcome="Passed" testListId="8c84fa94-04c1-424b-9868-57a2d4851a1d" relativeResultsDirectory="042e65bf-52ad-4596-a495-10a76c96c435" />
    <UnitTestResult executionId="fd1f220a-0690-40e2-9f8b-d34996f06fc5" testId="678a7b5d-e2f9-09be-f35f-0e3e4d5ad033" testName="ToDeserialize_Passing_String_Returns_Object" computerName="PC-SFERRARI" duration="00:00:00.0039160" startTime="2021-01-01T10:31:12.6304267+00:00" endTime="2021-01-01T10:31:12.6353338+00:00" testType="13cdc9d9-ddb5-4fa4-a97d-d965ccfc6d4b" outcome="Passed" testListId="8c84fa94-04c1-424b-9868-57a2d4851a1d" relativeResultsDirectory="fd1f220a-0690-40e2-9f8b-d34996f06fc5" />
    <UnitTestResult executionId="46218186-6980-4d7e-aed8-0b5625098489" testId="161f5d07-7835-e575-5072-b9d787ef451c" testName="ToResultAsync_Passing_StatusCodeAnd_MessageAndContentTypeAndHeader_Values_Returns_Values" computerName="PC-SFERRARI" duration="00:00:00.1913408" startTime="2021-01-01T10:31:12.4315279+00:00" endTime="2021-01-01T10:31:12.6231272+00:00" testType="13cdc9d9-ddb5-4fa4-a97d-d965ccfc6d4b" outcome="Passed" testListId="8c84fa94-04c1-424b-9868-57a2d4851a1d" relativeResultsDirectory="46218186-6980-4d7e-aed8-0b5625098489" resultType="DataDrivenTest">
      <InnerResults>
        <UnitTestResult executionId="891a291d-2fa1-430a-a576-4366c29b0caf" parentExecutionId="46218186-6980-4d7e-aed8-0b5625098489" testId="161f5d07-7835-e575-5072-b9d787ef451c" testName="ToResultAsync_Passing_StatusCodeAnd_MessageAndContentTypeAndHeader_Values_Returns_Values (/test)" computerName="PC-SFERRARI" duration="00:00:00.1912317" startTime="2021-01-01T10:31:12.4315279+00:00" endTime="2021-01-01T10:31:12.6231272+00:00" testType="13cdc9d9-ddb5-4fa4-a97d-d965ccfc6d4b" outcome="Passed" testListId="8c84fa94-04c1-424b-9868-57a2d4851a1d" relativeResultsDirectory="891a291d-2fa1-430a-a576-4366c29b0caf" dataRowInfo="1" resultType="DataDrivenDataRow">
          <Output>
            <StdOut>info: Microsoft.AspNetCore.Hosting.Diagnostics[1]&#xD;
      Request starting HTTP/1.1 GET http://localhost/test  &#xD;
info: Microsoft.AspNetCore.Hosting.Diagnostics[2]&#xD;
      Request finished in 32.232ms 401 1dadf957-d26c-4ad1-ae72-80e999cd5b40</StdOut>
          </Output>
        </UnitTestResult>
      </InnerResults>
    </UnitTestResult>
    <UnitTestResult executionId="9893ffe3-bc49-4e61-b403-0c5214ee8c45" testId="c09577a6-adca-ef94-40b5-45575ad65e4f" testName="ToEnvironment_ServiceProvider_Passing_Development_Enviroment_Returns_Development_Name" computerName="PC-SFERRARI" duration="00:00:00.0004786" startTime="2021-01-01T10:31:12.1100619+00:00" endTime="2021-01-01T10:31:12.1106140+00:00" testType="13cdc9d9-ddb5-4fa4-a97d-d965ccfc6d4b" outcome="Passed" testListId="8c84fa94-04c1-424b-9868-57a2d4851a1d" relativeResultsDirectory="9893ffe3-bc49-4e61-b403-0c5214ee8c45" />
    <UnitTestResult executionId="3cb44412-5945-43ee-a25f-9ea66a5de844" testId="f0f37a42-1a3a-10a5-5f17-e01b9915abd3" testName="ToPaged_Passing_Age_Ascending_Order_Returns_Filter_List" computerName="PC-SFERRARI" duration="00:00:00.0062644" startTime="2021-01-01T10:31:12.6402562+00:00" endTime="2021-01-01T10:31:12.6468501+00:00" testType="13cdc9d9-ddb5-4fa4-a97d-d965ccfc6d4b" outcome="Passed" testListId="8c84fa94-04c1-424b-9868-57a2d4851a1d" relativeResultsDirectory="3cb44412-5945-43ee-a25f-9ea66a5de844" />
    <UnitTestResult executionId="531e1a2f-d025-4cf3-b9e6-07a9f598a145" testId="8c1d1a56-be42-3df5-a82e-36b97c2860b8" testName="ToEnum_Passing_InvalidValueInt_Returns_EnumDefaultValue" computerName="PC-SFERRARI" duration="00:00:00.0026263" startTime="2021-01-01T10:31:12.8391472+00:00" endTime="2021-01-01T10:31:12.8419772+00:00" testType="13cdc9d9-ddb5-4fa4-a97d-d965ccfc6d4b" outcome="Passed" testListId="8c84fa94-04c1-424b-9868-57a2d4851a1d" relativeResultsDirectory="531e1a2f-d025-4cf3-b9e6-07a9f598a145" />
    <UnitTestResult executionId="24c914be-3866-4469-a252-45ec7fb327aa" testId="580ff04a-e5c0-9f2f-90c3-4f2aeafd15c5" testName="ToIsNullOrEmptyThrow_Passing_InvalidValue_Returns_ApplicationExceptionWithMessage" computerName="PC-SFERRARI" duration="00:00:00.0005404" startTime="2021-01-01T10:31:11.8740750+00:00" endTime="2021-01-01T10:31:11.8747321+00:00" testType="13cdc9d9-ddb5-4fa4-a97d-d965ccfc6d4b" outcome="Passed" testListId="8c84fa94-04c1-424b-9868-57a2d4851a1d" relativeResultsDirectory="24c914be-3866-4469-a252-45ec7fb327aa" />
    <UnitTestResult executionId="cbf871c2-ac2c-4445-a351-16b8bca73098" testId="118e36ba-6572-1245-e05b-9bcc7b4e5e20" testName="ToBytes_Passing_Object_Returns_Bytes" computerName="PC-SFERRARI" duration="00:00:00.0010869" startTime="2021-01-01T10:31:12.2307834+00:00" endTime="2021-01-01T10:31:12.2330236+00:00" testType="13cdc9d9-ddb5-4fa4-a97d-d965ccfc6d4b" outcome="Passed" testListId="8c84fa94-04c1-424b-9868-57a2d4851a1d" relativeResultsDirectory="cbf871c2-ac2c-4445-a351-16b8bca73098" />
    <UnitTestResult executionId="f4acf713-a1db-46cb-bb74-1d0b40c218d2" testId="760ae14b-6c0d-0288-811d-408b67937415" testName="ToServiceMatchingInterface_Passing_Empties_Assemblies_Returns_ApplicationException" computerName="PC-SFERRARI" duration="00:00:00.0013023" startTime="2021-01-01T10:31:12.1113649+00:00" endTime="2021-01-01T10:31:12.1127387+00:00" testType="13cdc9d9-ddb5-4fa4-a97d-d965ccfc6d4b" outcome="Passed" testListId="8c84fa94-04c1-424b-9868-57a2d4851a1d" relativeResultsDirectory="f4acf713-a1db-46cb-bb74-1d0b40c218d2" />
    <UnitTestResult executionId="a95679ce-e036-43ba-bd47-ca306b45278d" testId="772d3145-280a-fb9f-03c2-247d0f593a66" testName="IsCustom_Passing_InvalidArguments_Returns_HasErrorsAndCount" computerName="PC-SFERRARI" duration="00:00:00.0103920" startTime="2021-01-01T10:31:11.8811799+00:00" endTime="2021-01-01T10:31:11.8919063+00:00" testType="13cdc9d9-ddb5-4fa4-a97d-d965ccfc6d4b" outcome="Passed" testListId="8c84fa94-04c1-424b-9868-57a2d4851a1d" relativeResultsDirectory="a95679ce-e036-43ba-bd47-ca306b45278d" />
    <UnitTestResult executionId="f933092d-ebbc-48b0-8548-09fce257a1b4" testId="605637df-9854-875b-b3aa-6675f3fbd045" testName="ToEnum_Passing_ValidValue_String_Returns_EnumValue" computerName="PC-SFERRARI" duration="00:00:00.0002708" startTime="2021-01-01T10:31:12.8753613+00:00" endTime="2021-01-01T10:31:12.8758874+00:00" testType="13cdc9d9-ddb5-4fa4-a97d-d965ccfc6d4b" outcome="Passed" testListId="8c84fa94-04c1-424b-9868-57a2d4851a1d" relativeResultsDirectory="f933092d-ebbc-48b0-8548-09fce257a1b4" />
    <UnitTestResult executionId="3d72deb7-aec9-40e7-be37-2fe8c2e3e475" testId="64bc1554-814c-3c40-a6b0-679b40b89c36" testName="ToExists_Passing_Valid_Service_Returns_True" computerName="PC-SFERRARI" duration="00:00:00.0008868" startTime="2021-01-01T10:31:11.8169963+00:00" endTime="2021-01-01T10:31:11.8186075+00:00" testType="13cdc9d9-ddb5-4fa4-a97d-d965ccfc6d4b" outcome="Passed" testListId="8c84fa94-04c1-424b-9868-57a2d4851a1d" relativeResultsDirectory="3d72deb7-aec9-40e7-be37-2fe8c2e3e475" />
    <UnitTestResult executionId="fc3d0144-023e-4b07-9d82-00d093385c85" testId="9d64a285-266d-52de-ef34-34102f8ad12c" testName="IsEspecialChars_Passing_InvalidArguments_Returns_HasErrorsAndCount" computerName="PC-SFERRARI" duration="00:00:00.0006193" startTime="2021-01-01T10:31:11.9053441+00:00" endTime="2021-01-01T10:31:11.9060490+00:00" testType="13cdc9d9-ddb5-4fa4-a97d-d965ccfc6d4b" outcome="Passed" testListId="8c84fa94-04c1-424b-9868-57a2d4851a1d" relativeResultsDirectory="fc3d0144-023e-4b07-9d82-00d093385c85" />
    <UnitTestResult executionId="7666de58-61d2-4012-9d7b-a9e425301bf0" testId="13bab721-bf36-ea1b-3f50-9937b274e83a" testName="ToTryGetHeader_Passing_HttpRequest_Header_Value_Returns_Value" computerName="PC-SFERRARI" duration="00:00:00.0006963" startTime="2021-01-01T10:31:12.4306059+00:00" endTime="2021-01-01T10:31:12.4314963+00:00" testType="13cdc9d9-ddb5-4fa4-a97d-d965ccfc6d4b" outcome="Passed" testListId="8c84fa94-04c1-424b-9868-57a2d4851a1d" relativeResultsDirectory="7666de58-61d2-4012-9d7b-a9e425301bf0" />
    <UnitTestResult executionId="027b601b-d11c-4f7c-b551-98398004f8df" testId="ebdf037a-44fa-7875-99d4-42fa9833aac8" testName="IsDigit_Passing_ValidArguments_Returns_HasErrorsAndCount" computerName="PC-SFERRARI" duration="00:00:00.0002671" startTime="2021-01-01T10:31:11.8938598+00:00" endTime="2021-01-01T10:31:11.8942710+00:00" testType="13cdc9d9-ddb5-4fa4-a97d-d965ccfc6d4b" outcome="Passed" testListId="8c84fa94-04c1-424b-9868-57a2d4851a1d" relativeResultsDirectory="027b601b-d11c-4f7c-b551-98398004f8df" />
    <UnitTestResult executionId="9470fa10-c8bf-41c4-b901-58d77dd17f0d" testId="2e87c537-4979-f58b-6e83-f3d4ee161ff1" testName="ToGetAll_Passing_Claims_Returns_Claim_Value_Object_List" computerName="PC-SFERRARI" duration="00:00:00.0210495" startTime="2021-01-01T10:31:12.0042478+00:00" endTime="2021-01-01T10:31:12.0255353+00:00" testType="13cdc9d9-ddb5-4fa4-a97d-d965ccfc6d4b" outcome="Passed" testListId="8c84fa94-04c1-424b-9868-57a2d4851a1d" relativeResultsDirectory="9470fa10-c8bf-41c4-b901-58d77dd17f0d" />
    <UnitTestResult executionId="13573dfd-f251-4fd2-a80f-4de54731acfd" testId="cd004a9f-a0f6-2fdf-aeae-1890f4ab8e71" testName="ToHashAlgorithmName_Passing_ValidValueString_Returns_HashAlgorithmName" computerName="PC-SFERRARI" duration="00:00:00.0003263" startTime="2021-01-01T10:31:12.8932276+00:00" endTime="2021-01-01T10:31:12.8936676+00:00" testType="13cdc9d9-ddb5-4fa4-a97d-d965ccfc6d4b" outcome="Passed" testListId="8c84fa94-04c1-424b-9868-57a2d4851a1d" relativeResultsDirectory="13573dfd-f251-4fd2-a80f-4de54731acfd" resultType="DataDrivenTest">
      <InnerResults>
        <UnitTestResult executionId="a81a7ea4-d1cd-45ac-86ef-78e86fffe271" parentExecutionId="13573dfd-f251-4fd2-a80f-4de54731acfd" testId="cd004a9f-a0f6-2fdf-aeae-1890f4ab8e71" testName="ToHashAlgorithmName_Passing_ValidValueString_Returns_HashAlgorithmName (MD5)" computerName="PC-SFERRARI" duration="00:00:00.0002757" startTime="2021-01-01T10:31:12.8932276+00:00" endTime="2021-01-01T10:31:12.8936676+00:00" testType="13cdc9d9-ddb5-4fa4-a97d-d965ccfc6d4b" outcome="Passed" testListId="8c84fa94-04c1-424b-9868-57a2d4851a1d" relativeResultsDirectory="a81a7ea4-d1cd-45ac-86ef-78e86fffe271" dataRowInfo="1" resultType="DataDrivenDataRow" />
      </InnerResults>
    </UnitTestResult>
    <UnitTestResult executionId="2722ab0b-ff44-4169-b6b3-af816c03abdd" testId="ab527057-69f2-0a9a-89fd-18928a3920fd" testName="ToHashAlgorithmName_Passing_InvalidValueStringWithDefaultValue_Returns_DefaultValue" computerName="PC-SFERRARI" duration="00:00:00.0002349" startTime="2021-01-01T10:31:12.8872192+00:00" endTime="2021-01-01T10:31:12.8875420+00:00" testType="13cdc9d9-ddb5-4fa4-a97d-d965ccfc6d4b" outcome="Passed" testListId="8c84fa94-04c1-424b-9868-57a2d4851a1d" relativeResultsDirectory="2722ab0b-ff44-4169-b6b3-af816c03abdd" resultType="DataDrivenTest">
      <InnerResults>
        <UnitTestResult executionId="5d899d5d-0bfd-4a7f-991c-82545c4c0335" parentExecutionId="2722ab0b-ff44-4169-b6b3-af816c03abdd" testId="ab527057-69f2-0a9a-89fd-18928a3920fd" testName="ToHashAlgorithmName_Passing_InvalidValueStringWithDefaultValue_Returns_DefaultValue (hhhhhh)" computerName="PC-SFERRARI" duration="00:00:00.0001977" startTime="2021-01-01T10:31:12.8872192+00:00" endTime="2021-01-01T10:31:12.8875420+00:00" testType="13cdc9d9-ddb5-4fa4-a97d-d965ccfc6d4b" outcome="Passed" testListId="8c84fa94-04c1-424b-9868-57a2d4851a1d" relativeResultsDirectory="5d899d5d-0bfd-4a7f-991c-82545c4c0335" dataRowInfo="1" resultType="DataDrivenDataRow" />
      </InnerResults>
    </UnitTestResult>
    <UnitTestResult executionId="4660a221-0d8e-4370-a4fd-db6b591035b5" testId="481343f9-3ff3-548f-0c6c-41599cf65802" testName="CreateRandom_WithDefaultAllowableCharacters_Passing_ValidArguments_Returns_String_Random_Value" computerName="PC-SFERRARI" duration="00:00:00.0003500" startTime="2021-01-01T10:31:12.3147442+00:00" endTime="2021-01-01T10:31:12.3153071+00:00" testType="13cdc9d9-ddb5-4fa4-a97d-d965ccfc6d4b" outcome="Passed" testListId="8c84fa94-04c1-424b-9868-57a2d4851a1d" relativeResultsDirectory="4660a221-0d8e-4370-a4fd-db6b591035b5" resultType="DataDrivenTest">
      <InnerResults>
        <UnitTestResult executionId="73e7c516-45e4-4166-b69e-d38f262a05c5" parentExecutionId="4660a221-0d8e-4370-a4fd-db6b591035b5" testId="481343f9-3ff3-548f-0c6c-41599cf65802" testName="CreateRandom_WithDefaultAllowableCharacters_Passing_ValidArguments_Returns_String_Random_Value (5)" computerName="PC-SFERRARI" duration="00:00:00.0002397" startTime="2021-01-01T10:31:12.3147442+00:00" endTime="2021-01-01T10:31:12.3153071+00:00" testType="13cdc9d9-ddb5-4fa4-a97d-d965ccfc6d4b" outcome="Passed" testListId="8c84fa94-04c1-424b-9868-57a2d4851a1d" relativeResultsDirectory="73e7c516-45e4-4166-b69e-d38f262a05c5" dataRowInfo="1" resultType="DataDrivenDataRow" />
        <UnitTestResult executionId="b1df2c95-ed6a-42a3-b305-156c27b51c29" parentExecutionId="4660a221-0d8e-4370-a4fd-db6b591035b5" testId="481343f9-3ff3-548f-0c6c-41599cf65802" testName="CreateRandom_WithDefaultAllowableCharacters_Passing_ValidArguments_Returns_String_Random_Value (10)" computerName="PC-SFERRARI" duration="00:00:00.0000087" startTime="2021-01-01T10:31:12.3147442+00:00" endTime="2021-01-01T10:31:12.3153071+00:00" testType="13cdc9d9-ddb5-4fa4-a97d-d965ccfc6d4b" outcome="Passed" testListId="8c84fa94-04c1-424b-9868-57a2d4851a1d" relativeResultsDirectory="b1df2c95-ed6a-42a3-b305-156c27b51c29" dataRowInfo="2" resultType="DataDrivenDataRow" />
        <UnitTestResult executionId="c9aab697-a463-411b-b6c7-062a88a0e601" parentExecutionId="4660a221-0d8e-4370-a4fd-db6b591035b5" testId="481343f9-3ff3-548f-0c6c-41599cf65802" testName="CreateRandom_WithDefaultAllowableCharacters_Passing_ValidArguments_Returns_String_Random_Value (20)" computerName="PC-SFERRARI" duration="00:00:00.0000079" startTime="2021-01-01T10:31:12.3147442+00:00" endTime="2021-01-01T10:31:12.3153071+00:00" testType="13cdc9d9-ddb5-4fa4-a97d-d965ccfc6d4b" outcome="Passed" testListId="8c84fa94-04c1-424b-9868-57a2d4851a1d" relativeResultsDirectory="c9aab697-a463-411b-b6c7-062a88a0e601" dataRowInfo="3" resultType="DataDrivenDataRow" />
      </InnerResults>
    </UnitTestResult>
    <UnitTestResult executionId="93f29025-d5f0-422a-bc1f-d4202b602ff2" testId="db5f34ff-df7c-44e5-6721-c319db8d6da0" testName="ToTryGetHeader_Passing_HttpRequest_Header_Many_Values_Returns_Values" computerName="PC-SFERRARI" duration="00:00:00.0008307" startTime="2021-01-01T10:31:12.4296140+00:00" endTime="2021-01-01T10:31:12.4305750+00:00" testType="13cdc9d9-ddb5-4fa4-a97d-d965ccfc6d4b" outcome="Passed" testListId="8c84fa94-04c1-424b-9868-57a2d4851a1d" relativeResultsDirectory="93f29025-d5f0-422a-bc1f-d4202b602ff2" />
    <UnitTestResult executionId="7b404750-4847-44ff-ad71-ce98d807249e" testId="320700ce-aa3b-5818-fb18-706cf7605472" testName="ToAttribute_Passing_Enumeration_Name_Returns_Atributte" computerName="PC-SFERRARI" duration="00:00:00.0065711" startTime="2021-01-01T10:31:12.1966027+00:00" endTime="2021-01-01T10:31:12.2034389+00:00" testType="13cdc9d9-ddb5-4fa4-a97d-d965ccfc6d4b" outcome="Passed" testListId="8c84fa94-04c1-424b-9868-57a2d4851a1d" relativeResultsDirectory="7b404750-4847-44ff-ad71-ce98d807249e" />
    <UnitTestResult executionId="5987e070-5b0c-43b1-a034-4cbdbb706c6a" testId="4d9bde6c-668c-a1d3-dc60-edcfc6a4082c" testName="IsLess_Passing_InvalidArguments_Returns_HasErrorsAndCount" computerName="PC-SFERRARI" duration="00:00:00.0026386" startTime="2021-01-01T10:31:11.9167496+00:00" endTime="2021-01-01T10:31:11.9195209+00:00" testType="13cdc9d9-ddb5-4fa4-a97d-d965ccfc6d4b" outcome="Passed" testListId="8c84fa94-04c1-424b-9868-57a2d4851a1d" relativeResultsDirectory="5987e070-5b0c-43b1-a034-4cbdbb706c6a" />
    <UnitTestResult executionId="66572f2b-391f-4384-b7d5-06e2cf288201" testId="0df69eaf-b001-71ae-6cf8-f9c5860f7c4c" testName="ToIsFileThrow_Passing_InvalidValue_Returns_ApplicationExceptionWithMessage" computerName="PC-SFERRARI" duration="00:00:00.0012225" startTime="2021-01-01T10:31:11.8651277+00:00" endTime="2021-01-01T10:31:11.8664533+00:00" testType="13cdc9d9-ddb5-4fa4-a97d-d965ccfc6d4b" outcome="Passed" testListId="8c84fa94-04c1-424b-9868-57a2d4851a1d" relativeResultsDirectory="66572f2b-391f-4384-b7d5-06e2cf288201" />
    <UnitTestResult executionId="4a656e61-b229-41d9-bc3a-07e9ce8ae79e" testId="640513b3-feee-19a8-efba-5817e77ff3ee" testName="ToExists_Passing_NotFound_Service_Returns_False" computerName="PC-SFERRARI" duration="00:00:00.0002295" startTime="2021-01-01T10:31:12.1106327+00:00" endTime="2021-01-01T10:31:12.1109313+00:00" testType="13cdc9d9-ddb5-4fa4-a97d-d965ccfc6d4b" outcome="Passed" testListId="8c84fa94-04c1-424b-9868-57a2d4851a1d" relativeResultsDirectory="4a656e61-b229-41d9-bc3a-07e9ce8ae79e" />
    <UnitTestResult executionId="106d35f0-ed28-4f81-866a-9d94ef069323" testId="313cfb2c-8c3b-337b-12f8-296f8611376d" testName="ToConfigureOrDefault_Passing_ActionCustomValues_Returns_CustomValues" computerName="PC-SFERRARI" duration="00:00:00.0244023" startTime="2021-01-01T10:31:11.2202089+00:00" endTime="2021-01-01T10:31:11.3131379+00:00" testType="13cdc9d9-ddb5-4fa4-a97d-d965ccfc6d4b" outcome="Passed" testListId="8c84fa94-04c1-424b-9868-57a2d4851a1d" relativeResultsDirectory="106d35f0-ed28-4f81-866a-9d94ef069323" />
    <UnitTestResult executionId="2b9d4610-8134-425a-b551-440efb3b2557" testId="aecb4847-a004-2110-35cb-b441a07898fe" testName="Ok_ResultMessage_WithMessage" computerName="PC-SFERRARI" duration="00:00:00.0002326" startTime="2021-01-01T10:31:12.6890007+00:00" endTime="2021-01-01T10:31:12.6893136+00:00" testType="13cdc9d9-ddb5-4fa4-a97d-d965ccfc6d4b" outcome="Passed" testListId="8c84fa94-04c1-424b-9868-57a2d4851a1d" relativeResultsDirectory="2b9d4610-8134-425a-b551-440efb3b2557" />
    <UnitTestResult executionId="53378fa8-b5bf-4226-bfad-adb2fd19d692" testId="c63cd623-e636-5730-a1fa-b18ae782acc7" testName="ToInt_Passing_Enumeration_Name_Returns_Description_Atributte" computerName="PC-SFERRARI" duration="00:00:00.0009698" startTime="2021-01-01T10:31:12.2070896+00:00" endTime="2021-01-01T10:31:12.2082310+00:00" testType="13cdc9d9-ddb5-4fa4-a97d-d965ccfc6d4b" outcome="Passed" testListId="8c84fa94-04c1-424b-9868-57a2d4851a1d" relativeResultsDirectory="53378fa8-b5bf-4226-bfad-adb2fd19d692" />
    <UnitTestResult executionId="e9a074a0-d39f-48a3-98ad-7965f252e16c" testId="c180eeb5-df7f-187e-c74d-0f6d31acdec5" testName="ToUri_Passing_InvalidValueString_Returns_Null" computerName="PC-SFERRARI" duration="00:00:00.0005157" startTime="2021-01-01T10:31:12.9749266+00:00" endTime="2021-01-01T10:31:12.9756822+00:00" testType="13cdc9d9-ddb5-4fa4-a97d-d965ccfc6d4b" outcome="Passed" testListId="8c84fa94-04c1-424b-9868-57a2d4851a1d" relativeResultsDirectory="e9a074a0-d39f-48a3-98ad-7965f252e16c" resultType="DataDrivenTest">
      <InnerResults>
        <UnitTestResult executionId="fd95e213-796b-4876-8784-0d920af197b9" parentExecutionId="e9a074a0-d39f-48a3-98ad-7965f252e16c" testId="c180eeb5-df7f-187e-c74d-0f6d31acdec5" testName="ToUri_Passing_InvalidValueString_Returns_Null (http://?)" computerName="PC-SFERRARI" duration="00:00:00.0002693" startTime="2021-01-01T10:31:12.9749266+00:00" endTime="2021-01-01T10:31:12.9756822+00:00" testType="13cdc9d9-ddb5-4fa4-a97d-d965ccfc6d4b" outcome="Passed" testListId="8c84fa94-04c1-424b-9868-57a2d4851a1d" relativeResultsDirectory="fd95e213-796b-4876-8784-0d920af197b9" dataRowInfo="1" resultType="DataDrivenDataRow" />
        <UnitTestResult executionId="a8238057-3799-467e-96fa-b25c82420c2d" parentExecutionId="e9a074a0-d39f-48a3-98ad-7965f252e16c" testId="c180eeb5-df7f-187e-c74d-0f6d31acdec5" testName="ToUri_Passing_InvalidValueString_Returns_Null (http://)" computerName="PC-SFERRARI" duration="00:00:00.0000076" startTime="2021-01-01T10:31:12.9749266+00:00" endTime="2021-01-01T10:31:12.9756822+00:00" testType="13cdc9d9-ddb5-4fa4-a97d-d965ccfc6d4b" outcome="Passed" testListId="8c84fa94-04c1-424b-9868-57a2d4851a1d" relativeResultsDirectory="a8238057-3799-467e-96fa-b25c82420c2d" dataRowInfo="2" resultType="DataDrivenDataRow" />
        <UnitTestResult executionId="c2767e96-d26b-48b5-a814-be169fb11256" parentExecutionId="e9a074a0-d39f-48a3-98ad-7965f252e16c" testId="c180eeb5-df7f-187e-c74d-0f6d31acdec5" testName="ToUri_Passing_InvalidValueString_Returns_Null (http://.)" computerName="PC-SFERRARI" duration="00:00:00.0000059" startTime="2021-01-01T10:31:12.9749266+00:00" endTime="2021-01-01T10:31:12.9756822+00:00" testType="13cdc9d9-ddb5-4fa4-a97d-d965ccfc6d4b" outcome="Passed" testListId="8c84fa94-04c1-424b-9868-57a2d4851a1d" relativeResultsDirectory="c2767e96-d26b-48b5-a814-be169fb11256" dataRowInfo="3" resultType="DataDrivenDataRow" />
        <UnitTestResult executionId="153f9a53-eaed-47a7-a0c1-f72ac4a0606e" parentExecutionId="e9a074a0-d39f-48a3-98ad-7965f252e16c" testId="c180eeb5-df7f-187e-c74d-0f6d31acdec5" testName="ToUri_Passing_InvalidValueString_Returns_Null (http://..)" computerName="PC-SFERRARI" duration="00:00:00.0000048" startTime="2021-01-01T10:31:12.9749266+00:00" endTime="2021-01-01T10:31:12.9756822+00:00" testType="13cdc9d9-ddb5-4fa4-a97d-d965ccfc6d4b" outcome="Passed" testListId="8c84fa94-04c1-424b-9868-57a2d4851a1d" relativeResultsDirectory="153f9a53-eaed-47a7-a0c1-f72ac4a0606e" dataRowInfo="4" resultType="DataDrivenDataRow" />
        <UnitTestResult executionId="22ad453e-3402-45aa-869c-134235170a8f" parentExecutionId="e9a074a0-d39f-48a3-98ad-7965f252e16c" testId="c180eeb5-df7f-187e-c74d-0f6d31acdec5" testName="ToUri_Passing_InvalidValueString_Returns_Null (http://../)" computerName="PC-SFERRARI" duration="00:00:00.0000047" startTime="2021-01-01T10:31:12.9749266+00:00" endTime="2021-01-01T10:31:12.9756822+00:00" testType="13cdc9d9-ddb5-4fa4-a97d-d965ccfc6d4b" outcome="Passed" testListId="8c84fa94-04c1-424b-9868-57a2d4851a1d" relativeResultsDirectory="22ad453e-3402-45aa-869c-134235170a8f" dataRowInfo="5" resultType="DataDrivenDataRow" />
        <UnitTestResult executionId="d36ad5f5-042b-41ad-a003-99295ac2f070" parentExecutionId="e9a074a0-d39f-48a3-98ad-7965f252e16c" testId="c180eeb5-df7f-187e-c74d-0f6d31acdec5" testName="ToUri_Passing_InvalidValueString_Returns_Null (http://?)" computerName="PC-SFERRARI" duration="00:00:00.0000045" startTime="2021-01-01T10:31:12.9749266+00:00" endTime="2021-01-01T10:31:12.9756822+00:00" testType="13cdc9d9-ddb5-4fa4-a97d-d965ccfc6d4b" outcome="Passed" testListId="8c84fa94-04c1-424b-9868-57a2d4851a1d" relativeResultsDirectory="d36ad5f5-042b-41ad-a003-99295ac2f070" dataRowInfo="6" resultType="DataDrivenDataRow" />
        <UnitTestResult executionId="94c37e91-027f-4256-92bf-faa5ed22cfe5" parentExecutionId="e9a074a0-d39f-48a3-98ad-7965f252e16c" testId="c180eeb5-df7f-187e-c74d-0f6d31acdec5" testName="ToUri_Passing_InvalidValueString_Returns_Null (http://??)" computerName="PC-SFERRARI" duration="00:00:00.0000044" startTime="2021-01-01T10:31:12.9749266+00:00" endTime="2021-01-01T10:31:12.9756822+00:00" testType="13cdc9d9-ddb5-4fa4-a97d-d965ccfc6d4b" outcome="Passed" testListId="8c84fa94-04c1-424b-9868-57a2d4851a1d" relativeResultsDirectory="94c37e91-027f-4256-92bf-faa5ed22cfe5" dataRowInfo="7" resultType="DataDrivenDataRow" />
        <UnitTestResult executionId="d3a21c9b-7283-42b6-be89-db3349c70a64" parentExecutionId="e9a074a0-d39f-48a3-98ad-7965f252e16c" testId="c180eeb5-df7f-187e-c74d-0f6d31acdec5" testName="ToUri_Passing_InvalidValueString_Returns_Null (http://??/)" computerName="PC-SFERRARI" duration="00:00:00.0000045" startTime="2021-01-01T10:31:12.9749266+00:00" endTime="2021-01-01T10:31:12.9756822+00:00" testType="13cdc9d9-ddb5-4fa4-a97d-d965ccfc6d4b" outcome="Passed" testListId="8c84fa94-04c1-424b-9868-57a2d4851a1d" relativeResultsDirectory="d3a21c9b-7283-42b6-be89-db3349c70a64" dataRowInfo="8" resultType="DataDrivenDataRow" />
        <UnitTestResult executionId="9deb122e-1a7c-4609-8b34-489caa7c8b8e" parentExecutionId="e9a074a0-d39f-48a3-98ad-7965f252e16c" testId="c180eeb5-df7f-187e-c74d-0f6d31acdec5" testName="ToUri_Passing_InvalidValueString_Returns_Null (http://#)" computerName="PC-SFERRARI" duration="00:00:00.0000045" startTime="2021-01-01T10:31:12.9749266+00:00" endTime="2021-01-01T10:31:12.9756822+00:00" testType="13cdc9d9-ddb5-4fa4-a97d-d965ccfc6d4b" outcome="Passed" testListId="8c84fa94-04c1-424b-9868-57a2d4851a1d" relativeResultsDirectory="9deb122e-1a7c-4609-8b34-489caa7c8b8e" dataRowInfo="9" resultType="DataDrivenDataRow" />
        <UnitTestResult executionId="fc4838c0-4c15-4277-ab67-56ecd4ab6f77" parentExecutionId="e9a074a0-d39f-48a3-98ad-7965f252e16c" testId="c180eeb5-df7f-187e-c74d-0f6d31acdec5" testName="ToUri_Passing_InvalidValueString_Returns_Null (http://##)" computerName="PC-SFERRARI" duration="00:00:00.0000047" startTime="2021-01-01T10:31:12.9749266+00:00" endTime="2021-01-01T10:31:12.9756822+00:00" testType="13cdc9d9-ddb5-4fa4-a97d-d965ccfc6d4b" outcome="Passed" testListId="8c84fa94-04c1-424b-9868-57a2d4851a1d" relativeResultsDirectory="fc4838c0-4c15-4277-ab67-56ecd4ab6f77" dataRowInfo="10" resultType="DataDrivenDataRow" />
        <UnitTestResult executionId="be53b278-47a3-4428-8e08-2570a5ae1e21" parentExecutionId="e9a074a0-d39f-48a3-98ad-7965f252e16c" testId="c180eeb5-df7f-187e-c74d-0f6d31acdec5" testName="ToUri_Passing_InvalidValueString_Returns_Null (http://##/)" computerName="PC-SFERRARI" duration="00:00:00.0000042" startTime="2021-01-01T10:31:12.9749266+00:00" endTime="2021-01-01T10:31:12.9756822+00:00" testType="13cdc9d9-ddb5-4fa4-a97d-d965ccfc6d4b" outcome="Passed" testListId="8c84fa94-04c1-424b-9868-57a2d4851a1d" relativeResultsDirectory="be53b278-47a3-4428-8e08-2570a5ae1e21" dataRowInfo="11" resultType="DataDrivenDataRow" />
      </InnerResults>
    </UnitTestResult>
    <UnitTestResult executionId="b4b9a845-cbd7-4b6c-ac6f-d9ec84f67236" testId="bc15aa99-72de-0e5a-b6e8-2d654659d591" testName="ToUri_Passing_InvalidValueString_Returns_DefaultValue" computerName="PC-SFERRARI" duration="00:00:00.0018418" startTime="2021-01-01T10:31:12.9613277+00:00" endTime="2021-01-01T10:31:12.9634634+00:00" testType="13cdc9d9-ddb5-4fa4-a97d-d965ccfc6d4b" outcome="Passed" testListId="8c84fa94-04c1-424b-9868-57a2d4851a1d" relativeResultsDirectory="b4b9a845-cbd7-4b6c-ac6f-d9ec84f67236" resultType="DataDrivenTest">
      <InnerResults>
        <UnitTestResult executionId="89123c02-35d6-4fc2-83f3-dadc2ecc90b0" parentExecutionId="b4b9a845-cbd7-4b6c-ac6f-d9ec84f67236" testId="bc15aa99-72de-0e5a-b6e8-2d654659d591" testName="ToUri_Passing_InvalidValueString_Returns_DefaultValue (http://?)" computerName="PC-SFERRARI" duration="00:00:00.0014544" startTime="2021-01-01T10:31:12.9613277+00:00" endTime="2021-01-01T10:31:12.9634634+00:00" testType="13cdc9d9-ddb5-4fa4-a97d-d965ccfc6d4b" outcome="Passed" testListId="8c84fa94-04c1-424b-9868-57a2d4851a1d" relativeResultsDirectory="89123c02-35d6-4fc2-83f3-dadc2ecc90b0" dataRowInfo="1" resultType="DataDrivenDataRow" />
        <UnitTestResult executionId="e44ea4fa-6af3-4dbc-bf3d-5f4903e61e76" parentExecutionId="b4b9a845-cbd7-4b6c-ac6f-d9ec84f67236" testId="bc15aa99-72de-0e5a-b6e8-2d654659d591" testName="ToUri_Passing_InvalidValueString_Returns_DefaultValue (http://)" computerName="PC-SFERRARI" duration="00:00:00.0000244" startTime="2021-01-01T10:31:12.9613277+00:00" endTime="2021-01-01T10:31:12.9634634+00:00" testType="13cdc9d9-ddb5-4fa4-a97d-d965ccfc6d4b" outcome="Passed" testListId="8c84fa94-04c1-424b-9868-57a2d4851a1d" relativeResultsDirectory="e44ea4fa-6af3-4dbc-bf3d-5f4903e61e76" dataRowInfo="2" resultType="DataDrivenDataRow" />
        <UnitTestResult executionId="8868a79a-b32c-4a34-8c46-40f2f49ed14d" parentExecutionId="b4b9a845-cbd7-4b6c-ac6f-d9ec84f67236" testId="bc15aa99-72de-0e5a-b6e8-2d654659d591" testName="ToUri_Passing_InvalidValueString_Returns_DefaultValue (http://.)" computerName="PC-SFERRARI" duration="00:00:00.0000460" startTime="2021-01-01T10:31:12.9613277+00:00" endTime="2021-01-01T10:31:12.9634634+00:00" testType="13cdc9d9-ddb5-4fa4-a97d-d965ccfc6d4b" outcome="Passed" testListId="8c84fa94-04c1-424b-9868-57a2d4851a1d" relativeResultsDirectory="8868a79a-b32c-4a34-8c46-40f2f49ed14d" dataRowInfo="3" resultType="DataDrivenDataRow" />
        <UnitTestResult executionId="bb204e34-4cbd-4fba-84fe-78909dd8bc58" parentExecutionId="b4b9a845-cbd7-4b6c-ac6f-d9ec84f67236" testId="bc15aa99-72de-0e5a-b6e8-2d654659d591" testName="ToUri_Passing_InvalidValueString_Returns_DefaultValue (http://..)" computerName="PC-SFERRARI" duration="00:00:00.0000080" startTime="2021-01-01T10:31:12.9613277+00:00" endTime="2021-01-01T10:31:12.9634634+00:00" testType="13cdc9d9-ddb5-4fa4-a97d-d965ccfc6d4b" outcome="Passed" testListId="8c84fa94-04c1-424b-9868-57a2d4851a1d" relativeResultsDirectory="bb204e34-4cbd-4fba-84fe-78909dd8bc58" dataRowInfo="4" resultType="DataDrivenDataRow" />
        <UnitTestResult executionId="ff942f64-6456-416d-a349-1f86cc090db4" parentExecutionId="b4b9a845-cbd7-4b6c-ac6f-d9ec84f67236" testId="bc15aa99-72de-0e5a-b6e8-2d654659d591" testName="ToUri_Passing_InvalidValueString_Returns_DefaultValue (http://../)" computerName="PC-SFERRARI" duration="00:00:00.0000056" startTime="2021-01-01T10:31:12.9613277+00:00" endTime="2021-01-01T10:31:12.9634634+00:00" testType="13cdc9d9-ddb5-4fa4-a97d-d965ccfc6d4b" outcome="Passed" testListId="8c84fa94-04c1-424b-9868-57a2d4851a1d" relativeResultsDirectory="ff942f64-6456-416d-a349-1f86cc090db4" dataRowInfo="5" resultType="DataDrivenDataRow" />
        <UnitTestResult executionId="a442ca84-30a7-4321-a7b3-53b6154c72ad" parentExecutionId="b4b9a845-cbd7-4b6c-ac6f-d9ec84f67236" testId="bc15aa99-72de-0e5a-b6e8-2d654659d591" testName="ToUri_Passing_InvalidValueString_Returns_DefaultValue (http://?)" computerName="PC-SFERRARI" duration="00:00:00.0000157" startTime="2021-01-01T10:31:12.9613277+00:00" endTime="2021-01-01T10:31:12.9634634+00:00" testType="13cdc9d9-ddb5-4fa4-a97d-d965ccfc6d4b" outcome="Passed" testListId="8c84fa94-04c1-424b-9868-57a2d4851a1d" relativeResultsDirectory="a442ca84-30a7-4321-a7b3-53b6154c72ad" dataRowInfo="6" resultType="DataDrivenDataRow" />
        <UnitTestResult executionId="0035f579-882f-441b-a115-294bbea3c935" parentExecutionId="b4b9a845-cbd7-4b6c-ac6f-d9ec84f67236" testId="bc15aa99-72de-0e5a-b6e8-2d654659d591" testName="ToUri_Passing_InvalidValueString_Returns_DefaultValue (http://??)" computerName="PC-SFERRARI" duration="00:00:00.0000057" startTime="2021-01-01T10:31:12.9613277+00:00" endTime="2021-01-01T10:31:12.9634634+00:00" testType="13cdc9d9-ddb5-4fa4-a97d-d965ccfc6d4b" outcome="Passed" testListId="8c84fa94-04c1-424b-9868-57a2d4851a1d" relativeResultsDirectory="0035f579-882f-441b-a115-294bbea3c935" dataRowInfo="7" resultType="DataDrivenDataRow" />
        <UnitTestResult executionId="2a9a7c56-1bfe-42e8-b872-06c0542b0908" parentExecutionId="b4b9a845-cbd7-4b6c-ac6f-d9ec84f67236" testId="bc15aa99-72de-0e5a-b6e8-2d654659d591" testName="ToUri_Passing_InvalidValueString_Returns_DefaultValue (http://??/)" computerName="PC-SFERRARI" duration="00:00:00.0000052" startTime="2021-01-01T10:31:12.9613277+00:00" endTime="2021-01-01T10:31:12.9634634+00:00" testType="13cdc9d9-ddb5-4fa4-a97d-d965ccfc6d4b" outcome="Passed" testListId="8c84fa94-04c1-424b-9868-57a2d4851a1d" relativeResultsDirectory="2a9a7c56-1bfe-42e8-b872-06c0542b0908" dataRowInfo="8" resultType="DataDrivenDataRow" />
        <UnitTestResult executionId="04982619-6331-4f37-b56c-d97f1c6edf60" parentExecutionId="b4b9a845-cbd7-4b6c-ac6f-d9ec84f67236" testId="bc15aa99-72de-0e5a-b6e8-2d654659d591" testName="ToUri_Passing_InvalidValueString_Returns_DefaultValue (http://#)" computerName="PC-SFERRARI" duration="00:00:00.0000129" startTime="2021-01-01T10:31:12.9613277+00:00" endTime="2021-01-01T10:31:12.9634634+00:00" testType="13cdc9d9-ddb5-4fa4-a97d-d965ccfc6d4b" outcome="Passed" testListId="8c84fa94-04c1-424b-9868-57a2d4851a1d" relativeResultsDirectory="04982619-6331-4f37-b56c-d97f1c6edf60" dataRowInfo="9" resultType="DataDrivenDataRow" />
        <UnitTestResult executionId="75da0976-4ecf-4240-bf83-a8456338cf3b" parentExecutionId="b4b9a845-cbd7-4b6c-ac6f-d9ec84f67236" testId="bc15aa99-72de-0e5a-b6e8-2d654659d591" testName="ToUri_Passing_InvalidValueString_Returns_DefaultValue (http://##)" computerName="PC-SFERRARI" duration="00:00:00.0000052" startTime="2021-01-01T10:31:12.9613277+00:00" endTime="2021-01-01T10:31:12.9634634+00:00" testType="13cdc9d9-ddb5-4fa4-a97d-d965ccfc6d4b" outcome="Passed" testListId="8c84fa94-04c1-424b-9868-57a2d4851a1d" relativeResultsDirectory="75da0976-4ecf-4240-bf83-a8456338cf3b" dataRowInfo="10" resultType="DataDrivenDataRow" />
        <UnitTestResult executionId="ee2ab430-53ac-4847-bcd3-a2a2be63fa14" parentExecutionId="b4b9a845-cbd7-4b6c-ac6f-d9ec84f67236" testId="bc15aa99-72de-0e5a-b6e8-2d654659d591" testName="ToUri_Passing_InvalidValueString_Returns_DefaultValue (http://##/)" computerName="PC-SFERRARI" duration="00:00:00.0000049" startTime="2021-01-01T10:31:12.9613277+00:00" endTime="2021-01-01T10:31:12.9634634+00:00" testType="13cdc9d9-ddb5-4fa4-a97d-d965ccfc6d4b" outcome="Passed" testListId="8c84fa94-04c1-424b-9868-57a2d4851a1d" relativeResultsDirectory="ee2ab430-53ac-4847-bcd3-a2a2be63fa14" dataRowInfo="11" resultType="DataDrivenDataRow" />
      </InnerResults>
    </UnitTestResult>
    <UnitTestResult executionId="6b3d5ebc-91bd-4e47-aa77-7b520482caaf" testId="9064672f-1220-7bc0-f2b0-c66c74cccc5e" testName="ToConfiguration_Passing_Valid_DirectoryPath_Valid_JsonFileName_Returns_Ok" computerName="PC-SFERRARI" duration="00:00:00.0377614" startTime="2021-01-01T10:31:12.0699788+00:00" endTime="2021-01-01T10:31:12.1078851+00:00" testType="13cdc9d9-ddb5-4fa4-a97d-d965ccfc6d4b" outcome="Passed" testListId="8c84fa94-04c1-424b-9868-57a2d4851a1d" relativeResultsDirectory="6b3d5ebc-91bd-4e47-aa77-7b520482caaf" />
    <UnitTestResult executionId="568e9543-0880-4a07-80a6-448d8d71acca" testId="3f0bf65d-a3af-41bf-ac79-126a0efc4fd4" testName="ToService_Passing_Service_Not_Found_Returns_Null" computerName="PC-SFERRARI" duration="00:00:00.0004472" startTime="2021-01-01T10:31:11.8198217+00:00" endTime="2021-01-01T10:31:11.8203838+00:00" testType="13cdc9d9-ddb5-4fa4-a97d-d965ccfc6d4b" outcome="Passed" testListId="8c84fa94-04c1-424b-9868-57a2d4851a1d" relativeResultsDirectory="568e9543-0880-4a07-80a6-448d8d71acca" />
    <UnitTestResult executionId="6094b86f-85ea-4668-b253-bff5d017b001" testId="a759531a-0aea-6b23-54cc-4541124e1096" testName="Ok_Result" computerName="PC-SFERRARI" duration="00:00:00.0004049" startTime="2021-01-01T10:31:12.6876956+00:00" endTime="2021-01-01T10:31:12.6884315+00:00" testType="13cdc9d9-ddb5-4fa4-a97d-d965ccfc6d4b" outcome="Passed" testListId="8c84fa94-04c1-424b-9868-57a2d4851a1d" relativeResultsDirectory="6094b86f-85ea-4668-b253-bff5d017b001" />
    <UnitTestResult executionId="4bda9da5-ef08-4e3c-80fa-28676c9ee6b4" testId="74c0befe-cdb2-1fdf-be71-2a39199bb5c9" testName="ToService_Passing_Service_Not_Found_Returns_ApplicationException" computerName="PC-SFERRARI" duration="00:00:00.0009603" startTime="2021-01-01T10:31:11.8186630+00:00" endTime="2021-01-01T10:31:11.8197841+00:00" testType="13cdc9d9-ddb5-4fa4-a97d-d965ccfc6d4b" outcome="Passed" testListId="8c84fa94-04c1-424b-9868-57a2d4851a1d" relativeResultsDirectory="4bda9da5-ef08-4e3c-80fa-28676c9ee6b4" />
    <UnitTestResult executionId="3635bda7-26c4-4782-b266-de58bcb8d141" testId="d7c20db6-f712-8539-ac01-01e8f4033fac" testName="IsFile_Passing_InvalidArguments_Returns_HasErrorsAndCount" computerName="PC-SFERRARI" duration="00:00:00.0003013" startTime="2021-01-01T10:31:11.9065445+00:00" endTime="2021-01-01T10:31:11.9069611+00:00" testType="13cdc9d9-ddb5-4fa4-a97d-d965ccfc6d4b" outcome="Passed" testListId="8c84fa94-04c1-424b-9868-57a2d4851a1d" relativeResultsDirectory="3635bda7-26c4-4782-b266-de58bcb8d141" />
    <UnitTestResult executionId="83939d3d-cab6-41e6-90af-e638485eb977" testId="d6d04f4a-9142-b816-d673-c4abf49a39ad" testName="ToDisplay_Passing_Enumeration_Name_Returns_Display_Atributte" computerName="PC-SFERRARI" duration="00:00:00.0032936" startTime="2021-01-01T10:31:12.2034840+00:00" endTime="2021-01-01T10:31:12.2069668+00:00" testType="13cdc9d9-ddb5-4fa4-a97d-d965ccfc6d4b" outcome="Passed" testListId="8c84fa94-04c1-424b-9868-57a2d4851a1d" relativeResultsDirectory="83939d3d-cab6-41e6-90af-e638485eb977" />
    <UnitTestResult executionId="06fd221f-835c-40fa-908a-e0c1d1d39460" testId="31ff6168-d18d-0013-7c18-0ff775714202" testName="ToEnum_Passing_InvalidValueString_Returns_EnumDefaultValue" computerName="PC-SFERRARI" duration="00:00:00.0001705" startTime="2021-01-01T10:31:12.8437682+00:00" endTime="2021-01-01T10:31:12.8440934+00:00" testType="13cdc9d9-ddb5-4fa4-a97d-d965ccfc6d4b" outcome="Passed" testListId="8c84fa94-04c1-424b-9868-57a2d4851a1d" relativeResultsDirectory="06fd221f-835c-40fa-908a-e0c1d1d39460" />
    <UnitTestResult executionId="18aafc4b-7a68-4cdc-a23c-c1a305c394e5" testId="e2880a6e-7a01-b4ba-86fb-4d33be072972" testName="ToExists_Passing_Valid_Service_Returns_True" computerName="PC-SFERRARI" duration="00:00:00.0003320" startTime="2021-01-01T10:31:12.1109489+00:00" endTime="2021-01-01T10:31:12.1113470+00:00" testType="13cdc9d9-ddb5-4fa4-a97d-d965ccfc6d4b" outcome="Passed" testListId="8c84fa94-04c1-424b-9868-57a2d4851a1d" relativeResultsDirectory="18aafc4b-7a68-4cdc-a23c-c1a305c394e5" />
    <UnitTestResult executionId="8815398b-cae1-4b74-9ea1-b86f42589fee" testId="b8bb90de-6285-0f1c-e0f2-f3ba1f987370" testName="IsUppercase_Passing_InvalidArguments_Returns_HasErrorsAndCount" computerName="PC-SFERRARI" duration="00:00:00.0007764" startTime="2021-01-01T10:31:11.9403396+00:00" endTime="2021-01-01T10:31:11.9412528+00:00" testType="13cdc9d9-ddb5-4fa4-a97d-d965ccfc6d4b" outcome="Passed" testListId="8c84fa94-04c1-424b-9868-57a2d4851a1d" relativeResultsDirectory="8815398b-cae1-4b74-9ea1-b86f42589fee" />
    <UnitTestResult executionId="2aa676f3-c757-419b-a04f-730f885e4aea" testId="0c633595-70e8-b011-5a46-c9c7e1687cb9" testName="ToGet_Passing_Claims_Returns_Claim_Value_String" computerName="PC-SFERRARI" duration="00:00:00.0006553" startTime="2021-01-01T10:31:12.0341463+00:00" endTime="2021-01-01T10:31:12.0349185+00:00" testType="13cdc9d9-ddb5-4fa4-a97d-d965ccfc6d4b" outcome="Passed" testListId="8c84fa94-04c1-424b-9868-57a2d4851a1d" relativeResultsDirectory="2aa676f3-c757-419b-a04f-730f885e4aea" />
    <UnitTestResult executionId="18768782-5c88-4dad-8468-48c43f74f9bd" testId="43949294-e4b7-cf4d-0d69-84ccc9e58406" testName="ToIsFileExtensionThrow_Passing_InvalidValue_Returns_ApplicationExceptionWithMessage" computerName="PC-SFERRARI" duration="00:00:00.0014324" startTime="2021-01-01T10:31:11.8634974+00:00" endTime="2021-01-01T10:31:11.8650775+00:00" testType="13cdc9d9-ddb5-4fa4-a97d-d965ccfc6d4b" outcome="Passed" testListId="8c84fa94-04c1-424b-9868-57a2d4851a1d" relativeResultsDirectory="18768782-5c88-4dad-8468-48c43f74f9bd" />
    <UnitTestResult executionId="16077680-ff69-4b64-9a40-3dbb934e7925" testId="1f6423c7-4317-6f5b-c112-f4c9c7e822af" testName="ToEmailMaskUserNameAndDomainAndExtension_Passing_ValidEmail_Returns_EmailWithMask" computerName="PC-SFERRARI" duration="00:00:00.0015186" startTime="2021-01-01T10:31:12.8065411+00:00" endTime="2021-01-01T10:31:12.8082636+00:00" testType="13cdc9d9-ddb5-4fa4-a97d-d965ccfc6d4b" outcome="Passed" testListId="8c84fa94-04c1-424b-9868-57a2d4851a1d" relativeResultsDirectory="16077680-ff69-4b64-9a40-3dbb934e7925" resultType="DataDrivenTest">
      <InnerResults>
        <UnitTestResult executionId="68acad85-502c-47e0-af21-f7a76e3dd445" parentExecutionId="16077680-ff69-4b64-9a40-3dbb934e7925" testId="1f6423c7-4317-6f5b-c112-f4c9c7e822af" testName="ToEmailMaskUserNameAndDomainAndExtension_Passing_ValidEmail_Returns_EmailWithMask (qaz@gmail.com,q*z@g***l.c*m)" computerName="PC-SFERRARI" duration="00:00:00.0011476" startTime="2021-01-01T10:31:12.8065411+00:00" endTime="2021-01-01T10:31:12.8082636+00:00" testType="13cdc9d9-ddb5-4fa4-a97d-d965ccfc6d4b" outcome="Passed" testListId="8c84fa94-04c1-424b-9868-57a2d4851a1d" relativeResultsDirectory="68acad85-502c-47e0-af21-f7a76e3dd445" dataRowInfo="1" resultType="DataDrivenDataRow" />
        <UnitTestResult executionId="659277ee-2895-40cd-a338-326013bbf6e2" parentExecutionId="16077680-ff69-4b64-9a40-3dbb934e7925" testId="1f6423c7-4317-6f5b-c112-f4c9c7e822af" testName="ToEmailMaskUserNameAndDomainAndExtension_Passing_ValidEmail_Returns_EmailWithMask (qazwsx@gmail.com,q****x@g***l.c*m)" computerName="PC-SFERRARI" duration="00:00:00.0000353" startTime="2021-01-01T10:31:12.8065411+00:00" endTime="2021-01-01T10:31:12.8082636+00:00" testType="13cdc9d9-ddb5-4fa4-a97d-d965ccfc6d4b" outcome="Passed" testListId="8c84fa94-04c1-424b-9868-57a2d4851a1d" relativeResultsDirectory="659277ee-2895-40cd-a338-326013bbf6e2" dataRowInfo="2" resultType="DataDrivenDataRow" />
        <UnitTestResult executionId="ceb8f4ba-39e1-4512-94c7-1e6b82c420cf" parentExecutionId="16077680-ff69-4b64-9a40-3dbb934e7925" testId="1f6423c7-4317-6f5b-c112-f4c9c7e822af" testName="ToEmailMaskUserNameAndDomainAndExtension_Passing_ValidEmail_Returns_EmailWithMask (qazwsxedc@gmail.com,q*******c@g***l.c*m)" computerName="PC-SFERRARI" duration="00:00:00.0000230" startTime="2021-01-01T10:31:12.8065411+00:00" endTime="2021-01-01T10:31:12.8082636+00:00" testType="13cdc9d9-ddb5-4fa4-a97d-d965ccfc6d4b" outcome="Passed" testListId="8c84fa94-04c1-424b-9868-57a2d4851a1d" relativeResultsDirectory="ceb8f4ba-39e1-4512-94c7-1e6b82c420cf" dataRowInfo="3" resultType="DataDrivenDataRow" />
        <UnitTestResult executionId="818d1e9a-cb5a-4b6a-b4c2-326fa5351d2c" parentExecutionId="16077680-ff69-4b64-9a40-3dbb934e7925" testId="1f6423c7-4317-6f5b-c112-f4c9c7e822af" testName="ToEmailMaskUserNameAndDomainAndExtension_Passing_ValidEmail_Returns_EmailWithMask (qaz@gmailgmail.com,q*z@g********l.c*m)" computerName="PC-SFERRARI" duration="00:00:00.0000334" startTime="2021-01-01T10:31:12.8065411+00:00" endTime="2021-01-01T10:31:12.8082636+00:00" testType="13cdc9d9-ddb5-4fa4-a97d-d965ccfc6d4b" outcome="Passed" testListId="8c84fa94-04c1-424b-9868-57a2d4851a1d" relativeResultsDirectory="818d1e9a-cb5a-4b6a-b4c2-326fa5351d2c" dataRowInfo="4" resultType="DataDrivenDataRow" />
        <UnitTestResult executionId="f7daaef9-a607-43d9-b7fc-2a145cdc8380" parentExecutionId="16077680-ff69-4b64-9a40-3dbb934e7925" testId="1f6423c7-4317-6f5b-c112-f4c9c7e822af" testName="ToEmailMaskUserNameAndDomainAndExtension_Passing_ValidEmail_Returns_EmailWithMask (qazwsx@gmailgmail.com,q****x@g********l.c*m)" computerName="PC-SFERRARI" duration="00:00:00.0000240" startTime="2021-01-01T10:31:12.8065411+00:00" endTime="2021-01-01T10:31:12.8082636+00:00" testType="13cdc9d9-ddb5-4fa4-a97d-d965ccfc6d4b" outcome="Passed" testListId="8c84fa94-04c1-424b-9868-57a2d4851a1d" relativeResultsDirectory="f7daaef9-a607-43d9-b7fc-2a145cdc8380" dataRowInfo="5" resultType="DataDrivenDataRow" />
        <UnitTestResult executionId="39082a9a-9551-4f28-9b77-c7b9169224b4" parentExecutionId="16077680-ff69-4b64-9a40-3dbb934e7925" testId="1f6423c7-4317-6f5b-c112-f4c9c7e822af" testName="ToEmailMaskUserNameAndDomainAndExtension_Passing_ValidEmail_Returns_EmailWithMask (qazwsxedc@gmailgmail.com,q*******c@g********l.c*m)" computerName="PC-SFERRARI" duration="00:00:00.0000244" startTime="2021-01-01T10:31:12.8065411+00:00" endTime="2021-01-01T10:31:12.8082636+00:00" testType="13cdc9d9-ddb5-4fa4-a97d-d965ccfc6d4b" outcome="Passed" testListId="8c84fa94-04c1-424b-9868-57a2d4851a1d" relativeResultsDirectory="39082a9a-9551-4f28-9b77-c7b9169224b4" dataRowInfo="6" resultType="DataDrivenDataRow" />
      </InnerResults>
    </UnitTestResult>
    <UnitTestResult executionId="2fbed6bd-0025-449c-9ec0-f6b503ccfbb2" testId="ab274dac-b194-4e0f-6fab-a20667b535a8" testName="ToMapMerge_Passing_Destination_Object_Returns_Merged_Destination_Object" computerName="PC-SFERRARI" duration="00:00:00.0105233" startTime="2021-01-01T10:31:11.6002314+00:00" endTime="2021-01-01T10:31:11.6108716+00:00" testType="13cdc9d9-ddb5-4fa4-a97d-d965ccfc6d4b" outcome="Passed" testListId="8c84fa94-04c1-424b-9868-57a2d4851a1d" relativeResultsDirectory="2fbed6bd-0025-449c-9ec0-f6b503ccfbb2" />
    <UnitTestResult executionId="1ed4809a-d7bb-4cd1-ac28-a3eeac23b203" testId="17a38df3-33e0-71ac-f8cb-dcdd3ade7269" testName="ToDefaultValue_Passing_char_Returns_Cero" computerName="PC-SFERRARI" duration="00:00:00.0021129" startTime="2021-01-01T10:31:12.2526869+00:00" endTime="2021-01-01T10:31:12.2549213+00:00" testType="13cdc9d9-ddb5-4fa4-a97d-d965ccfc6d4b" outcome="Passed" testListId="8c84fa94-04c1-424b-9868-57a2d4851a1d" relativeResultsDirectory="1ed4809a-d7bb-4cd1-ac28-a3eeac23b203" resultType="DataDrivenTest">
      <InnerResults>
        <UnitTestResult executionId="f1ed6c35-de6f-4299-a8c8-16bf5b1ccafb" parentExecutionId="1ed4809a-d7bb-4cd1-ac28-a3eeac23b203" testId="17a38df3-33e0-71ac-f8cb-dcdd3ade7269" testName="ToDefaultValue_Passing_char_Returns_Cero (*)" computerName="PC-SFERRARI" duration="00:00:00.0020237" startTime="2021-01-01T10:31:12.2526869+00:00" endTime="2021-01-01T10:31:12.2549213+00:00" testType="13cdc9d9-ddb5-4fa4-a97d-d965ccfc6d4b" outcome="Passed" testListId="8c84fa94-04c1-424b-9868-57a2d4851a1d" relativeResultsDirectory="f1ed6c35-de6f-4299-a8c8-16bf5b1ccafb" dataRowInfo="1" resultType="DataDrivenDataRow" />
      </InnerResults>
    </UnitTestResult>
    <UnitTestResult executionId="4994c9c1-7179-4f1f-91bc-e92e8990d784" testId="447ced0a-6221-43ff-44ab-4ee12ee4d012" testName="IsDomain_Passing_ValidArguments_Returns_HasErrorsAndCount" computerName="PC-SFERRARI" duration="00:00:00.0003453" startTime="2021-01-01T10:31:11.9036569+00:00" endTime="2021-01-01T10:31:11.9041885+00:00" testType="13cdc9d9-ddb5-4fa4-a97d-d965ccfc6d4b" outcome="Passed" testListId="8c84fa94-04c1-424b-9868-57a2d4851a1d" relativeResultsDirectory="4994c9c1-7179-4f1f-91bc-e92e8990d784" />
    <UnitTestResult executionId="29833fda-374c-45f4-a233-946550518cfe" testId="6bd61990-78b5-76ea-0df5-0c13c388bdc0" testName="ToWhere_Passing_Null_Predicate_Returns_Same_List" computerName="PC-SFERRARI" duration="00:00:00.0027837" startTime="2021-01-01T10:31:12.6523867+00:00" endTime="2021-01-01T10:31:12.6553202+00:00" testType="13cdc9d9-ddb5-4fa4-a97d-d965ccfc6d4b" outcome="Passed" testListId="8c84fa94-04c1-424b-9868-57a2d4851a1d" relativeResultsDirectory="29833fda-374c-45f4-a233-946550518cfe" />
    <UnitTestResult executionId="e3bf369d-7b08-4087-88fe-c0c2b07577ca" testId="0d35441f-72fe-a777-509f-6a19632f972a" testName="ToMessage_Passing_ExceptionWithMessageWithInnerException_Returns_MessageAndInnerException" computerName="PC-SFERRARI" duration="00:00:00.0002912" startTime="2021-01-01T10:31:12.2300650+00:00" endTime="2021-01-01T10:31:12.2304895+00:00" testType="13cdc9d9-ddb5-4fa4-a97d-d965ccfc6d4b" outcome="Passed" testListId="8c84fa94-04c1-424b-9868-57a2d4851a1d" relativeResultsDirectory="e3bf369d-7b08-4087-88fe-c0c2b07577ca" />
    <UnitTestResult executionId="31c2a4f6-ce2a-4704-aea0-8794984c0828" testId="056700a7-2506-75ed-a80a-ddf2ddb5d2a8" testName="IsUppercase_Passing_ValidArguments_Returns_HasErrorsAndCount" computerName="PC-SFERRARI" duration="00:00:00.0002393" startTime="2021-01-01T10:31:11.9412869+00:00" endTime="2021-01-01T10:31:11.9416564+00:00" testType="13cdc9d9-ddb5-4fa4-a97d-d965ccfc6d4b" outcome="Passed" testListId="8c84fa94-04c1-424b-9868-57a2d4851a1d" relativeResultsDirectory="31c2a4f6-ce2a-4704-aea0-8794984c0828" />
    <UnitTestResult executionId="c0304dfd-6ccf-4d22-b601-231144815024" testId="0696fab6-6d9f-2b85-4a73-248fbd1cdda4" testName="ToDirectorySaveFileAsync_Passing_ValidValue_Returns_False" computerName="PC-SFERRARI" duration="00:00:00.0124235" startTime="2021-01-01T10:31:12.7918356+00:00" endTime="2021-01-01T10:31:12.8045123+00:00" testType="13cdc9d9-ddb5-4fa4-a97d-d965ccfc6d4b" outcome="Passed" testListId="8c84fa94-04c1-424b-9868-57a2d4851a1d" relativeResultsDirectory="c0304dfd-6ccf-4d22-b601-231144815024" />
    <UnitTestResult executionId="b8057e24-5b87-47d7-88d3-d0c59ec1d95d" testId="bf8f6922-5666-8ec7-1500-aabd5997d6a4" testName="ToString_Passing_Valid_Collection_With_Custom_Separator_Returns_String_With_Custom_Separator" computerName="PC-SFERRARI" duration="00:00:00.0001806" startTime="2021-01-01T10:31:12.1963177+00:00" endTime="2021-01-01T10:31:12.1965814+00:00" testType="13cdc9d9-ddb5-4fa4-a97d-d965ccfc6d4b" outcome="Passed" testListId="8c84fa94-04c1-424b-9868-57a2d4851a1d" relativeResultsDirectory="b8057e24-5b87-47d7-88d3-d0c59ec1d95d" />
    <UnitTestResult executionId="5837d6d6-64e2-4e03-8645-24147cdd96bf" testId="9eeef095-29ed-4872-a36c-ca4832350421" testName="IsName_Passing_InvalidArguments_Returns_HasErrorsAndCount" computerName="PC-SFERRARI" duration="00:00:00.0002384" startTime="2021-01-01T10:31:11.9208853+00:00" endTime="2021-01-01T10:31:11.9212343+00:00" testType="13cdc9d9-ddb5-4fa4-a97d-d965ccfc6d4b" outcome="Passed" testListId="8c84fa94-04c1-424b-9868-57a2d4851a1d" relativeResultsDirectory="5837d6d6-64e2-4e03-8645-24147cdd96bf" />
    <UnitTestResult executionId="e8349e8c-3efd-4780-8cef-d6f7a9884bfd" testId="43c10c64-8836-30db-afbe-d1657a7dd9d8" testName="ToHeader_Passing_HttpRequest_Header_Many_Values_Returns_Values" computerName="PC-SFERRARI" duration="00:00:00.0466066" startTime="2021-01-01T10:31:12.3701847+00:00" endTime="2021-01-01T10:31:12.4171476+00:00" testType="13cdc9d9-ddb5-4fa4-a97d-d965ccfc6d4b" outcome="Passed" testListId="8c84fa94-04c1-424b-9868-57a2d4851a1d" relativeResultsDirectory="e8349e8c-3efd-4780-8cef-d6f7a9884bfd" />
    <UnitTestResult executionId="3184a75a-e526-4c28-9a35-778c23da51f3" testId="10024a68-25d4-872c-3e48-a6d6b2671494" testName="ToTryIPv6_Passing_HttpContext_IP_Value_Returns_IP" computerName="PC-SFERRARI" duration="00:00:00.0008056" startTime="2021-01-01T10:31:12.3645063+00:00" endTime="2021-01-01T10:31:12.3701343+00:00" testType="13cdc9d9-ddb5-4fa4-a97d-d965ccfc6d4b" outcome="Passed" testListId="8c84fa94-04c1-424b-9868-57a2d4851a1d" relativeResultsDirectory="3184a75a-e526-4c28-9a35-778c23da51f3" />
    <UnitTestResult executionId="03251067-6159-48c5-8304-ad64431969eb" testId="c14c626b-0f15-ac55-344d-8aa2c3f91cdf" testName="ToZipCreate_Passing_ValidFiles_Returns_ZipFiles" computerName="PC-SFERRARI" duration="00:00:00.0090642" startTime="2021-01-01T10:31:13.0287562+00:00" endTime="2021-01-01T10:31:13.0380319+00:00" testType="13cdc9d9-ddb5-4fa4-a97d-d965ccfc6d4b" outcome="Passed" testListId="8c84fa94-04c1-424b-9868-57a2d4851a1d" relativeResultsDirectory="03251067-6159-48c5-8304-ad64431969eb" />
    <UnitTestResult executionId="36d82b15-7cb9-41ca-8cf0-2a73ff4c13bd" testId="579b7361-19a9-f329-acb3-de102dcfc793" testName="ToDefaultValue_Passing_ValidString_Returns_DefaultValue" computerName="PC-SFERRARI" duration="00:00:00.0003544" startTime="2021-01-01T10:31:13.2106381+00:00" endTime="2021-01-01T10:31:13.2111803+00:00" testType="13cdc9d9-ddb5-4fa4-a97d-d965ccfc6d4b" outcome="Passed" testListId="8c84fa94-04c1-424b-9868-57a2d4851a1d" relativeResultsDirectory="36d82b15-7cb9-41ca-8cf0-2a73ff4c13bd" />
    <UnitTestResult executionId="ac3dd4e6-b3d4-47e6-a03b-c120769d2c29" testId="4184a91b-5297-4872-2a98-1ef97e124515" testName="ToGetAll_Passing_Claims_Returns_Claim_Value_String_List" computerName="PC-SFERRARI" duration="00:00:00.0014610" startTime="2021-01-01T10:31:12.0256089+00:00" endTime="2021-01-01T10:31:12.0272957+00:00" testType="13cdc9d9-ddb5-4fa4-a97d-d965ccfc6d4b" outcome="Passed" testListId="8c84fa94-04c1-424b-9868-57a2d4851a1d" relativeResultsDirectory="ac3dd4e6-b3d4-47e6-a03b-c120769d2c29" />
    <UnitTestResult executionId="b979eae6-13dc-44f1-bdc5-6283af624fa1" testId="7dc20d31-477c-3765-83c0-7575a504da96" testName="ToNormalize_Passing_ValidValue_Returns_NormalizedValue" computerName="PC-SFERRARI" duration="00:00:00.0067249" startTime="2021-01-01T10:31:12.9064618+00:00" endTime="2021-01-01T10:31:12.9146721+00:00" testType="13cdc9d9-ddb5-4fa4-a97d-d965ccfc6d4b" outcome="Passed" testListId="8c84fa94-04c1-424b-9868-57a2d4851a1d" relativeResultsDirectory="b979eae6-13dc-44f1-bdc5-6283af624fa1" resultType="DataDrivenTest">
      <InnerResults>
        <UnitTestResult executionId="f80f4947-7809-4f39-8531-d6edb7f2c238" parentExecutionId="b979eae6-13dc-44f1-bdc5-6283af624fa1" testId="7dc20d31-477c-3765-83c0-7575a504da96" testName="ToNormalize_Passing_ValidValue_Returns_NormalizedValue ( ,)" computerName="PC-SFERRARI" duration="00:00:00.0019512" startTime="2021-01-01T10:31:12.9064618+00:00" endTime="2021-01-01T10:31:12.9146721+00:00" testType="13cdc9d9-ddb5-4fa4-a97d-d965ccfc6d4b" outcome="Passed" testListId="8c84fa94-04c1-424b-9868-57a2d4851a1d" relativeResultsDirectory="f80f4947-7809-4f39-8531-d6edb7f2c238" dataRowInfo="1" resultType="DataDrivenDataRow" />
        <UnitTestResult executionId="438fc086-a5e5-4fd5-94d5-4f5a8cb9137f" parentExecutionId="b979eae6-13dc-44f1-bdc5-6283af624fa1" testId="7dc20d31-477c-3765-83c0-7575a504da96" testName="ToNormalize_Passing_ValidValue_Returns_NormalizedValue (àáäâãøçħ,aaaaaoch)" computerName="PC-SFERRARI" duration="00:00:00.0032739" startTime="2021-01-01T10:31:12.9064618+00:00" endTime="2021-01-01T10:31:12.9146721+00:00" testType="13cdc9d9-ddb5-4fa4-a97d-d965ccfc6d4b" outcome="Passed" testListId="8c84fa94-04c1-424b-9868-57a2d4851a1d" relativeResultsDirectory="438fc086-a5e5-4fd5-94d5-4f5a8cb9137f" dataRowInfo="2" resultType="DataDrivenDataRow" />
        <UnitTestResult executionId="42301cd8-d69b-44be-8e17-46c94bbfb63e" parentExecutionId="b979eae6-13dc-44f1-bdc5-6283af624fa1" testId="7dc20d31-477c-3765-83c0-7575a504da96" testName="ToNormalize_Passing_ValidValue_Returns_NormalizedValue ( àáäâ ãøçħ ,aaaa aoch)" computerName="PC-SFERRARI" duration="00:00:00.0001396" startTime="2021-01-01T10:31:12.9064618+00:00" endTime="2021-01-01T10:31:12.9146721+00:00" testType="13cdc9d9-ddb5-4fa4-a97d-d965ccfc6d4b" outcome="Passed" testListId="8c84fa94-04c1-424b-9868-57a2d4851a1d" relativeResultsDirectory="42301cd8-d69b-44be-8e17-46c94bbfb63e" dataRowInfo="3" resultType="DataDrivenDataRow" />
        <UnitTestResult executionId="8a872a20-8567-4ed6-af4a-18820ffbe006" parentExecutionId="b979eae6-13dc-44f1-bdc5-6283af624fa1" testId="7dc20d31-477c-3765-83c0-7575a504da96" testName="ToNormalize_Passing_ValidValue_Returns_NormalizedValue (*¨^_:-?¿;,)" computerName="PC-SFERRARI" duration="00:00:00.0000651" startTime="2021-01-01T10:31:12.9064618+00:00" endTime="2021-01-01T10:31:12.9146721+00:00" testType="13cdc9d9-ddb5-4fa4-a97d-d965ccfc6d4b" outcome="Passed" testListId="8c84fa94-04c1-424b-9868-57a2d4851a1d" relativeResultsDirectory="8a872a20-8567-4ed6-af4a-18820ffbe006" dataRowInfo="4" resultType="DataDrivenDataRow" />
        <UnitTestResult executionId="748fe09f-aaed-4350-88ed-ff7c606c1e00" parentExecutionId="b979eae6-13dc-44f1-bdc5-6283af624fa1" testId="7dc20d31-477c-3765-83c0-7575a504da96" testName="ToNormalize_Passing_ValidValue_Returns_NormalizedValue ( * ¨ ^ _ : - ? ¿ ; ,)" computerName="PC-SFERRARI" duration="00:00:00.0000417" startTime="2021-01-01T10:31:12.9064618+00:00" endTime="2021-01-01T10:31:12.9146721+00:00" testType="13cdc9d9-ddb5-4fa4-a97d-d965ccfc6d4b" outcome="Passed" testListId="8c84fa94-04c1-424b-9868-57a2d4851a1d" relativeResultsDirectory="748fe09f-aaed-4350-88ed-ff7c606c1e00" dataRowInfo="5" resultType="DataDrivenDataRow" />
        <UnitTestResult executionId="905d1c5f-a032-4268-bd4b-f99fc28945b2" parentExecutionId="b979eae6-13dc-44f1-bdc5-6283af624fa1" testId="7dc20d31-477c-3765-83c0-7575a504da96" testName="ToNormalize_Passing_ValidValue_Returns_NormalizedValue (àáäâã,aaaaa)" computerName="PC-SFERRARI" duration="00:00:00.0000302" startTime="2021-01-01T10:31:12.9064618+00:00" endTime="2021-01-01T10:31:12.9146721+00:00" testType="13cdc9d9-ddb5-4fa4-a97d-d965ccfc6d4b" outcome="Passed" testListId="8c84fa94-04c1-424b-9868-57a2d4851a1d" relativeResultsDirectory="905d1c5f-a032-4268-bd4b-f99fc28945b2" dataRowInfo="6" resultType="DataDrivenDataRow" />
        <UnitTestResult executionId="7520af8c-6d44-47cc-b48f-a8282857d7b0" parentExecutionId="b979eae6-13dc-44f1-bdc5-6283af624fa1" testId="7dc20d31-477c-3765-83c0-7575a504da96" testName="ToNormalize_Passing_ValidValue_Returns_NormalizedValue (ÀÁÄÂÃ,AAAAA)" computerName="PC-SFERRARI" duration="00:00:00.0000290" startTime="2021-01-01T10:31:12.9064618+00:00" endTime="2021-01-01T10:31:12.9146721+00:00" testType="13cdc9d9-ddb5-4fa4-a97d-d965ccfc6d4b" outcome="Passed" testListId="8c84fa94-04c1-424b-9868-57a2d4851a1d" relativeResultsDirectory="7520af8c-6d44-47cc-b48f-a8282857d7b0" dataRowInfo="7" resultType="DataDrivenDataRow" />
        <UnitTestResult executionId="23e5a314-70f2-40f0-bbe7-e72b6684bbca" parentExecutionId="b979eae6-13dc-44f1-bdc5-6283af624fa1" testId="7dc20d31-477c-3765-83c0-7575a504da96" testName="ToNormalize_Passing_ValidValue_Returns_NormalizedValue (ç,c)" computerName="PC-SFERRARI" duration="00:00:00.0000451" startTime="2021-01-01T10:31:12.9064618+00:00" endTime="2021-01-01T10:31:12.9146721+00:00" testType="13cdc9d9-ddb5-4fa4-a97d-d965ccfc6d4b" outcome="Passed" testListId="8c84fa94-04c1-424b-9868-57a2d4851a1d" relativeResultsDirectory="23e5a314-70f2-40f0-bbe7-e72b6684bbca" dataRowInfo="8" resultType="DataDrivenDataRow" />
        <UnitTestResult executionId="44cbb9b9-87dd-4981-b6d8-44bca611cee2" parentExecutionId="b979eae6-13dc-44f1-bdc5-6283af624fa1" testId="7dc20d31-477c-3765-83c0-7575a504da96" testName="ToNormalize_Passing_ValidValue_Returns_NormalizedValue (Ç,C)" computerName="PC-SFERRARI" duration="00:00:00.0000283" startTime="2021-01-01T10:31:12.9064618+00:00" endTime="2021-01-01T10:31:12.9146721+00:00" testType="13cdc9d9-ddb5-4fa4-a97d-d965ccfc6d4b" outcome="Passed" testListId="8c84fa94-04c1-424b-9868-57a2d4851a1d" relativeResultsDirectory="44cbb9b9-87dd-4981-b6d8-44bca611cee2" dataRowInfo="9" resultType="DataDrivenDataRow" />
        <UnitTestResult executionId="1daa50dd-9df0-4f56-be02-c1664d3de3e1" parentExecutionId="b979eae6-13dc-44f1-bdc5-6283af624fa1" testId="7dc20d31-477c-3765-83c0-7575a504da96" testName="ToNormalize_Passing_ValidValue_Returns_NormalizedValue (èéëê,eeee)" computerName="PC-SFERRARI" duration="00:00:00.0000279" startTime="2021-01-01T10:31:12.9064618+00:00" endTime="2021-01-01T10:31:12.9146721+00:00" testType="13cdc9d9-ddb5-4fa4-a97d-d965ccfc6d4b" outcome="Passed" testListId="8c84fa94-04c1-424b-9868-57a2d4851a1d" relativeResultsDirectory="1daa50dd-9df0-4f56-be02-c1664d3de3e1" dataRowInfo="10" resultType="DataDrivenDataRow" />
        <UnitTestResult executionId="d1ac903f-65b5-4016-90b8-63a8fd5ead8c" parentExecutionId="b979eae6-13dc-44f1-bdc5-6283af624fa1" testId="7dc20d31-477c-3765-83c0-7575a504da96" testName="ToNormalize_Passing_ValidValue_Returns_NormalizedValue (ÈÉËÊ,EEEE)" computerName="PC-SFERRARI" duration="00:00:00.0000278" startTime="2021-01-01T10:31:12.9064618+00:00" endTime="2021-01-01T10:31:12.9146721+00:00" testType="13cdc9d9-ddb5-4fa4-a97d-d965ccfc6d4b" outcome="Passed" testListId="8c84fa94-04c1-424b-9868-57a2d4851a1d" relativeResultsDirectory="d1ac903f-65b5-4016-90b8-63a8fd5ead8c" dataRowInfo="11" resultType="DataDrivenDataRow" />
        <UnitTestResult executionId="a852da0e-b7da-4926-948f-2cd726f10cb6" parentExecutionId="b979eae6-13dc-44f1-bdc5-6283af624fa1" testId="7dc20d31-477c-3765-83c0-7575a504da96" testName="ToNormalize_Passing_ValidValue_Returns_NormalizedValue (ìíïî,iiii)" computerName="PC-SFERRARI" duration="00:00:00.0000277" startTime="2021-01-01T10:31:12.9064618+00:00" endTime="2021-01-01T10:31:12.9146721+00:00" testType="13cdc9d9-ddb5-4fa4-a97d-d965ccfc6d4b" outcome="Passed" testListId="8c84fa94-04c1-424b-9868-57a2d4851a1d" relativeResultsDirectory="a852da0e-b7da-4926-948f-2cd726f10cb6" dataRowInfo="12" resultType="DataDrivenDataRow" />
        <UnitTestResult executionId="07f4363c-9a17-4c70-a443-1003eb640f0f" parentExecutionId="b979eae6-13dc-44f1-bdc5-6283af624fa1" testId="7dc20d31-477c-3765-83c0-7575a504da96" testName="ToNormalize_Passing_ValidValue_Returns_NormalizedValue (Malmö,Malmo)" computerName="PC-SFERRARI" duration="00:00:00.0000375" startTime="2021-01-01T10:31:12.9064618+00:00" endTime="2021-01-01T10:31:12.9146721+00:00" testType="13cdc9d9-ddb5-4fa4-a97d-d965ccfc6d4b" outcome="Passed" testListId="8c84fa94-04c1-424b-9868-57a2d4851a1d" relativeResultsDirectory="07f4363c-9a17-4c70-a443-1003eb640f0f" dataRowInfo="13" resultType="DataDrivenDataRow" />
        <UnitTestResult executionId="38a938d4-af6b-4de8-beee-ffccef2667d2" parentExecutionId="b979eae6-13dc-44f1-bdc5-6283af624fa1" testId="7dc20d31-477c-3765-83c0-7575a504da96" testName="ToNormalize_Passing_ValidValue_Returns_NormalizedValue (Münçhen,Munchen)" computerName="PC-SFERRARI" duration="00:00:00.0000305" startTime="2021-01-01T10:31:12.9064618+00:00" endTime="2021-01-01T10:31:12.9146721+00:00" testType="13cdc9d9-ddb5-4fa4-a97d-d965ccfc6d4b" outcome="Passed" testListId="8c84fa94-04c1-424b-9868-57a2d4851a1d" relativeResultsDirectory="38a938d4-af6b-4de8-beee-ffccef2667d2" dataRowInfo="14" resultType="DataDrivenDataRow" />
        <UnitTestResult executionId="4e61d5f9-aa0b-4f6c-b721-a7998c7fc71f" parentExecutionId="b979eae6-13dc-44f1-bdc5-6283af624fa1" testId="7dc20d31-477c-3765-83c0-7575a504da96" testName="ToNormalize_Passing_ValidValue_Returns_NormalizedValue (Åge,Age)" computerName="PC-SFERRARI" duration="00:00:00.0000295" startTime="2021-01-01T10:31:12.9064618+00:00" endTime="2021-01-01T10:31:12.9146721+00:00" testType="13cdc9d9-ddb5-4fa4-a97d-d965ccfc6d4b" outcome="Passed" testListId="8c84fa94-04c1-424b-9868-57a2d4851a1d" relativeResultsDirectory="4e61d5f9-aa0b-4f6c-b721-a7998c7fc71f" dataRowInfo="15" resultType="DataDrivenDataRow" />
        <UnitTestResult executionId="5c36b025-9e25-4580-a811-bfe2150243e7" parentExecutionId="b979eae6-13dc-44f1-bdc5-6283af624fa1" testId="7dc20d31-477c-3765-83c0-7575a504da96" testName="ToNormalize_Passing_ValidValue_Returns_NormalizedValue (Strømsgodset,Stromsgodset)" computerName="PC-SFERRARI" duration="00:00:00.0000292" startTime="2021-01-01T10:31:12.9064618+00:00" endTime="2021-01-01T10:31:12.9146721+00:00" testType="13cdc9d9-ddb5-4fa4-a97d-d965ccfc6d4b" outcome="Passed" testListId="8c84fa94-04c1-424b-9868-57a2d4851a1d" relativeResultsDirectory="5c36b025-9e25-4580-a811-bfe2150243e7" dataRowInfo="16" resultType="DataDrivenDataRow" />
        <UnitTestResult executionId="a15cdff7-8ef3-479b-a4c4-815735d57944" parentExecutionId="b979eae6-13dc-44f1-bdc5-6283af624fa1" testId="7dc20d31-477c-3765-83c0-7575a504da96" testName="ToNormalize_Passing_ValidValue_Returns_NormalizedValue (Kulħadd,Kulhadd)" computerName="PC-SFERRARI" duration="00:00:00.0000284" startTime="2021-01-01T10:31:12.9064618+00:00" endTime="2021-01-01T10:31:12.9146721+00:00" testType="13cdc9d9-ddb5-4fa4-a97d-d965ccfc6d4b" outcome="Passed" testListId="8c84fa94-04c1-424b-9868-57a2d4851a1d" relativeResultsDirectory="a15cdff7-8ef3-479b-a4c4-815735d57944" dataRowInfo="17" resultType="DataDrivenDataRow" />
        <UnitTestResult executionId="0091f4ee-e70b-48b1-85fa-f85793230807" parentExecutionId="b979eae6-13dc-44f1-bdc5-6283af624fa1" testId="7dc20d31-477c-3765-83c0-7575a504da96" testName="ToNormalize_Passing_ValidValue_Returns_NormalizedValue (héllo,hello)" computerName="PC-SFERRARI" duration="00:00:00.0000281" startTime="2021-01-01T10:31:12.9064618+00:00" endTime="2021-01-01T10:31:12.9146721+00:00" testType="13cdc9d9-ddb5-4fa4-a97d-d965ccfc6d4b" outcome="Passed" testListId="8c84fa94-04c1-424b-9868-57a2d4851a1d" relativeResultsDirectory="0091f4ee-e70b-48b1-85fa-f85793230807" dataRowInfo="18" resultType="DataDrivenDataRow" />
        <UnitTestResult executionId="bd83edc9-2879-4419-850c-f7bcf2e5df03" parentExecutionId="b979eae6-13dc-44f1-bdc5-6283af624fa1" testId="7dc20d31-477c-3765-83c0-7575a504da96" testName="ToNormalize_Passing_ValidValue_Returns_NormalizedValue (Autobús,Autobus)" computerName="PC-SFERRARI" duration="00:00:00.0000297" startTime="2021-01-01T10:31:12.9064618+00:00" endTime="2021-01-01T10:31:12.9146721+00:00" testType="13cdc9d9-ddb5-4fa4-a97d-d965ccfc6d4b" outcome="Passed" testListId="8c84fa94-04c1-424b-9868-57a2d4851a1d" relativeResultsDirectory="bd83edc9-2879-4419-850c-f7bcf2e5df03" dataRowInfo="19" resultType="DataDrivenDataRow" />
        <UnitTestResult executionId="2cd3b5c5-38c3-4283-8e10-2937b973ddce" parentExecutionId="b979eae6-13dc-44f1-bdc5-6283af624fa1" testId="7dc20d31-477c-3765-83c0-7575a504da96" testName="ToNormalize_Passing_ValidValue_Returns_NormalizedValue (i’ LL,i LL)" computerName="PC-SFERRARI" duration="00:00:00.0000304" startTime="2021-01-01T10:31:12.9064618+00:00" endTime="2021-01-01T10:31:12.9146721+00:00" testType="13cdc9d9-ddb5-4fa4-a97d-d965ccfc6d4b" outcome="Passed" testListId="8c84fa94-04c1-424b-9868-57a2d4851a1d" relativeResultsDirectory="2cd3b5c5-38c3-4283-8e10-2937b973ddce" dataRowInfo="20" resultType="DataDrivenDataRow" />
        <UnitTestResult executionId="b512477c-5d0b-4097-9d89-d795256733bb" parentExecutionId="b979eae6-13dc-44f1-bdc5-6283af624fa1" testId="7dc20d31-477c-3765-83c0-7575a504da96" testName="ToNormalize_Passing_ValidValue_Returns_NormalizedValue (Mañana,Manana)" computerName="PC-SFERRARI" duration="00:00:00.0000285" startTime="2021-01-01T10:31:12.9064618+00:00" endTime="2021-01-01T10:31:12.9146721+00:00" testType="13cdc9d9-ddb5-4fa4-a97d-d965ccfc6d4b" outcome="Passed" testListId="8c84fa94-04c1-424b-9868-57a2d4851a1d" relativeResultsDirectory="b512477c-5d0b-4097-9d89-d795256733bb" dataRowInfo="21" resultType="DataDrivenDataRow" />
        <UnitTestResult executionId="92b3b149-eac7-4d88-aee4-3f3eb27613a7" parentExecutionId="b979eae6-13dc-44f1-bdc5-6283af624fa1" testId="7dc20d31-477c-3765-83c0-7575a504da96" testName="ToNormalize_Passing_ValidValue_Returns_NormalizedValue (The End,The End)" computerName="PC-SFERRARI" duration="00:00:00.0000332" startTime="2021-01-01T10:31:12.9064618+00:00" endTime="2021-01-01T10:31:12.9146721+00:00" testType="13cdc9d9-ddb5-4fa4-a97d-d965ccfc6d4b" outcome="Passed" testListId="8c84fa94-04c1-424b-9868-57a2d4851a1d" relativeResultsDirectory="92b3b149-eac7-4d88-aee4-3f3eb27613a7" dataRowInfo="22" resultType="DataDrivenDataRow" />
        <UnitTestResult executionId="b80b81af-d1fe-4ade-943c-007524d67899" parentExecutionId="b979eae6-13dc-44f1-bdc5-6283af624fa1" testId="7dc20d31-477c-3765-83c0-7575a504da96" testName="ToNormalize_Passing_ValidValue_Returns_NormalizedValue (ñ Ñ,n N)" computerName="PC-SFERRARI" duration="00:00:00.0000353" startTime="2021-01-01T10:31:12.9064618+00:00" endTime="2021-01-01T10:31:12.9146721+00:00" testType="13cdc9d9-ddb5-4fa4-a97d-d965ccfc6d4b" outcome="Passed" testListId="8c84fa94-04c1-424b-9868-57a2d4851a1d" relativeResultsDirectory="b80b81af-d1fe-4ade-943c-007524d67899" dataRowInfo="23" resultType="DataDrivenDataRow" />
      </InnerResults>
    </UnitTestResult>
    <UnitTestResult executionId="ffe370fb-ed31-48ab-8421-1e17a73e36b6" testId="7daaba64-d3ad-9109-43bf-bdb516b673b8" testName="ToDirectoryFileInfo_Passing_ValidValue_Returns_FileInfo" computerName="PC-SFERRARI" duration="00:00:00.0110319" startTime="2021-01-01T10:31:12.7343894+00:00" endTime="2021-01-01T10:31:12.7456436+00:00" testType="13cdc9d9-ddb5-4fa4-a97d-d965ccfc6d4b" outcome="Passed" testListId="8c84fa94-04c1-424b-9868-57a2d4851a1d" relativeResultsDirectory="ffe370fb-ed31-48ab-8421-1e17a73e36b6" />
    <UnitTestResult executionId="c1bd015c-0432-44cb-b6a0-e3586b34ef82" testId="35e99ddc-00f0-2941-cf31-4cd1d1ab5ce7" testName="Error_ResultError_WithErrors" computerName="PC-SFERRARI" duration="00:00:00.0085694" startTime="2021-01-01T10:31:12.6658080+00:00" endTime="2021-01-01T10:31:12.6745130+00:00" testType="13cdc9d9-ddb5-4fa4-a97d-d965ccfc6d4b" outcome="Passed" testListId="8c84fa94-04c1-424b-9868-57a2d4851a1d" relativeResultsDirectory="c1bd015c-0432-44cb-b6a0-e3586b34ef82" />
    <UnitTestResult executionId="c7e73f0c-b97e-4a2c-9e25-e201791efe6e" testId="a03675ec-665e-f4d5-4630-89e50dac0bfb" testName="ToTryContentType_Passing_HttpRequestWithContentType_Value_Returns_ContentType_String_Value" computerName="PC-SFERRARI" duration="00:00:00.0010952" startTime="2021-01-01T10:31:12.4282979+00:00" endTime="2021-01-01T10:31:12.4295692+00:00" testType="13cdc9d9-ddb5-4fa4-a97d-d965ccfc6d4b" outcome="Passed" testListId="8c84fa94-04c1-424b-9868-57a2d4851a1d" relativeResultsDirectory="c7e73f0c-b97e-4a2c-9e25-e201791efe6e" />
    <UnitTestResult executionId="ab627b7b-6b91-4f67-8da2-fda8e77330ea" testId="fa00d2a8-59b9-ad9e-caa1-a0c9e3156db1" testName="ToGetAll_Passing_Claims_Returns_Claim_Value_Int_List" computerName="PC-SFERRARI" duration="00:00:00.0118217" startTime="2021-01-01T10:31:11.9922635+00:00" endTime="2021-01-01T10:31:12.0042103+00:00" testType="13cdc9d9-ddb5-4fa4-a97d-d965ccfc6d4b" outcome="Passed" testListId="8c84fa94-04c1-424b-9868-57a2d4851a1d" relativeResultsDirectory="ab627b7b-6b91-4f67-8da2-fda8e77330ea" />
    <UnitTestResult executionId="e003954a-8df5-4bba-9afa-dbddd2adb5d1" testId="922c5a5d-5d46-b5de-bcbd-4fac0addd422" testName="IsNullOrAny_Passing_InvalidArguments_Returns_HasErrorsAndCount" computerName="PC-SFERRARI" duration="00:00:00.0051966" startTime="2021-01-01T10:31:11.9216470+00:00" endTime="2021-01-01T10:31:11.9269777+00:00" testType="13cdc9d9-ddb5-4fa4-a97d-d965ccfc6d4b" outcome="Passed" testListId="8c84fa94-04c1-424b-9868-57a2d4851a1d" relativeResultsDirectory="e003954a-8df5-4bba-9afa-dbddd2adb5d1" />
    <UnitTestResult executionId="ba5e49ec-d666-4977-ba77-cbd4af4cbb78" testId="ede15cdf-3d1b-3e1a-18dc-485a2d50fe42" testName="ToFormat_Passing_ValidTimeSpanValue_Returns_ValueWithFormatString" computerName="PC-SFERRARI" duration="00:00:00.0047333" startTime="2021-01-01T10:31:13.1950487+00:00" endTime="2021-01-01T10:31:13.2001912+00:00" testType="13cdc9d9-ddb5-4fa4-a97d-d965ccfc6d4b" outcome="Passed" testListId="8c84fa94-04c1-424b-9868-57a2d4851a1d" relativeResultsDirectory="ba5e49ec-d666-4977-ba77-cbd4af4cbb78" />
    <UnitTestResult executionId="736dd792-a851-44b6-9524-642fb01f2b2a" testId="f17b6f1f-06a9-5318-815f-4c3950fdd0cb" testName="CreateSHA512_Passing_Invalid_Arguments_Returns_ApplicationException" computerName="PC-SFERRARI" duration="00:00:00.0013459" startTime="2021-01-01T10:31:12.3168589+00:00" endTime="2021-01-01T10:31:12.3190358+00:00" testType="13cdc9d9-ddb5-4fa4-a97d-d965ccfc6d4b" outcome="Passed" testListId="8c84fa94-04c1-424b-9868-57a2d4851a1d" relativeResultsDirectory="736dd792-a851-44b6-9524-642fb01f2b2a" resultType="DataDrivenTest">
      <InnerResults>
        <UnitTestResult executionId="968b98e3-1fd5-4b6d-9e0e-c66fc26cb5d2" parentExecutionId="736dd792-a851-44b6-9524-642fb01f2b2a" testId="f17b6f1f-06a9-5318-815f-4c3950fdd0cb" testName="CreateSHA512_Passing_Invalid_Arguments_Returns_ApplicationException ()" computerName="PC-SFERRARI" duration="00:00:00.0010668" startTime="2021-01-01T10:31:12.3168589+00:00" endTime="2021-01-01T10:31:12.3190358+00:00" testType="13cdc9d9-ddb5-4fa4-a97d-d965ccfc6d4b" outcome="Passed" testListId="8c84fa94-04c1-424b-9868-57a2d4851a1d" relativeResultsDirectory="968b98e3-1fd5-4b6d-9e0e-c66fc26cb5d2" dataRowInfo="1" resultType="DataDrivenDataRow" />
        <UnitTestResult executionId="2e00f54e-006a-4092-a41c-ab7911033bee" parentExecutionId="736dd792-a851-44b6-9524-642fb01f2b2a" testId="f17b6f1f-06a9-5318-815f-4c3950fdd0cb" testName="CreateSHA512_Passing_Invalid_Arguments_Returns_ApplicationException ()" computerName="PC-SFERRARI" duration="00:00:00.0000806" startTime="2021-01-01T10:31:12.3168589+00:00" endTime="2021-01-01T10:31:12.3190358+00:00" testType="13cdc9d9-ddb5-4fa4-a97d-d965ccfc6d4b" outcome="Passed" testListId="8c84fa94-04c1-424b-9868-57a2d4851a1d" relativeResultsDirectory="2e00f54e-006a-4092-a41c-ab7911033bee" dataRowInfo="2" resultType="DataDrivenDataRow" />
        <UnitTestResult executionId="3d38969b-4339-47f3-ac74-923a5bdcca8f" parentExecutionId="736dd792-a851-44b6-9524-642fb01f2b2a" testId="f17b6f1f-06a9-5318-815f-4c3950fdd0cb" testName="CreateSHA512_Passing_Invalid_Arguments_Returns_ApplicationException ( )" computerName="PC-SFERRARI" duration="00:00:00.0000603" startTime="2021-01-01T10:31:12.3168589+00:00" endTime="2021-01-01T10:31:12.3190358+00:00" testType="13cdc9d9-ddb5-4fa4-a97d-d965ccfc6d4b" outcome="Passed" testListId="8c84fa94-04c1-424b-9868-57a2d4851a1d" relativeResultsDirectory="3d38969b-4339-47f3-ac74-923a5bdcca8f" dataRowInfo="3" resultType="DataDrivenDataRow" />
      </InnerResults>
    </UnitTestResult>
    <UnitTestResult executionId="8c33fa06-e859-4b7a-8b2d-3ce01ae59358" testId="7c09a438-5465-f760-64b2-23d25fc199f5" testName="ToEnum_Passing_InvalidValueString_Returns_EnumCustomValue" computerName="PC-SFERRARI" duration="00:00:00.0014423" startTime="2021-01-01T10:31:12.8420321+00:00" endTime="2021-01-01T10:31:12.8437045+00:00" testType="13cdc9d9-ddb5-4fa4-a97d-d965ccfc6d4b" outcome="Passed" testListId="8c84fa94-04c1-424b-9868-57a2d4851a1d" relativeResultsDirectory="8c33fa06-e859-4b7a-8b2d-3ce01ae59358" />
    <UnitTestResult executionId="f8eee10e-7311-4df5-b54a-444bd34e7b6e" testId="f752d50b-77fa-327a-4493-168161bd27b2" testName="ToDefaultValue_Passing_double_Returns_Cero" computerName="PC-SFERRARI" duration="00:00:00.0006080" startTime="2021-01-01T10:31:12.2555300+00:00" endTime="2021-01-01T10:31:12.2562379+00:00" testType="13cdc9d9-ddb5-4fa4-a97d-d965ccfc6d4b" outcome="Passed" testListId="8c84fa94-04c1-424b-9868-57a2d4851a1d" relativeResultsDirectory="f8eee10e-7311-4df5-b54a-444bd34e7b6e" resultType="DataDrivenTest">
      <InnerResults>
        <UnitTestResult executionId="83de0f2d-741f-4acc-842b-480f94a4b5b4" parentExecutionId="f8eee10e-7311-4df5-b54a-444bd34e7b6e" testId="f752d50b-77fa-327a-4493-168161bd27b2" testName="ToDefaultValue_Passing_double_Returns_Cero (1,7976931348623157E+308)" computerName="PC-SFERRARI" duration="00:00:00.0003826" startTime="2021-01-01T10:31:12.2555300+00:00" endTime="2021-01-01T10:31:12.2562379+00:00" testType="13cdc9d9-ddb5-4fa4-a97d-d965ccfc6d4b" outcome="Passed" testListId="8c84fa94-04c1-424b-9868-57a2d4851a1d" relativeResultsDirectory="83de0f2d-741f-4acc-842b-480f94a4b5b4" dataRowInfo="1" resultType="DataDrivenDataRow" />
      </InnerResults>
    </UnitTestResult>
    <UnitTestResult executionId="8ee07043-471d-4adc-9240-1517aa01f1eb" testId="4234610b-215b-41f7-e61d-4a82851bdfa3" testName="ToDefaultValue_Passing_int_Returns_Cero" computerName="PC-SFERRARI" duration="00:00:00.0019934" startTime="2021-01-01T10:31:12.2621565+00:00" endTime="2021-01-01T10:31:12.2643288+00:00" testType="13cdc9d9-ddb5-4fa4-a97d-d965ccfc6d4b" outcome="Passed" testListId="8c84fa94-04c1-424b-9868-57a2d4851a1d" relativeResultsDirectory="8ee07043-471d-4adc-9240-1517aa01f1eb" resultType="DataDrivenTest">
      <InnerResults>
        <UnitTestResult executionId="b3968c78-6930-4599-b9a7-da25c6d249ab" parentExecutionId="8ee07043-471d-4adc-9240-1517aa01f1eb" testId="4234610b-215b-41f7-e61d-4a82851bdfa3" testName="ToDefaultValue_Passing_int_Returns_Cero (2147483647)" computerName="PC-SFERRARI" duration="00:00:00.0011500" startTime="2021-01-01T10:31:12.2621565+00:00" endTime="2021-01-01T10:31:12.2643288+00:00" testType="13cdc9d9-ddb5-4fa4-a97d-d965ccfc6d4b" outcome="Passed" testListId="8c84fa94-04c1-424b-9868-57a2d4851a1d" relativeResultsDirectory="b3968c78-6930-4599-b9a7-da25c6d249ab" dataRowInfo="1" resultType="DataDrivenDataRow" />
      </InnerResults>
    </UnitTestResult>
    <UnitTestResult executionId="2e694b81-5e29-4c21-87d7-0b0d850d1d2c" testId="504465b7-a3fe-9023-93b9-ffece1903418" testName="ToEnvironment_ServiceCollection_Passing_Staging_Enviroment_Returns_Staging_Name" computerName="PC-SFERRARI" duration="00:00:00.0003544" startTime="2021-01-01T10:31:12.1096223+00:00" endTime="2021-01-01T10:31:12.1100427+00:00" testType="13cdc9d9-ddb5-4fa4-a97d-d965ccfc6d4b" outcome="Passed" testListId="8c84fa94-04c1-424b-9868-57a2d4851a1d" relativeResultsDirectory="2e694b81-5e29-4c21-87d7-0b0d850d1d2c" />
    <UnitTestResult executionId="3dff531a-e67d-42d3-b6f2-6e97082c2724" testId="1064d8aa-5d0e-6bf5-83ee-952a4d1fd93b" testName="ToEnum_Passing_InvalidValueInt_Returns_EnumCustomValue" computerName="PC-SFERRARI" duration="00:00:00.0012501" startTime="2021-01-01T10:31:12.8360806+00:00" endTime="2021-01-01T10:31:12.8390929+00:00" testType="13cdc9d9-ddb5-4fa4-a97d-d965ccfc6d4b" outcome="Passed" testListId="8c84fa94-04c1-424b-9868-57a2d4851a1d" relativeResultsDirectory="3dff531a-e67d-42d3-b6f2-6e97082c2724" />
    <UnitTestResult executionId="17f8fe60-0127-48cf-ab08-4b8378a56801" testId="69b6ed05-fdf2-6989-0583-109b4777a6ac" testName="ToEnvironment_Passing_Custom_Enviroment_Returns_Custom_Name" computerName="PC-SFERRARI" duration="00:00:00.1421823" startTime="2021-01-01T10:31:11.6201906+00:00" endTime="2021-01-01T10:31:11.7626136+00:00" testType="13cdc9d9-ddb5-4fa4-a97d-d965ccfc6d4b" outcome="Passed" testListId="8c84fa94-04c1-424b-9868-57a2d4851a1d" relativeResultsDirectory="17f8fe60-0127-48cf-ab08-4b8378a56801" />
    <UnitTestResult executionId="7e5618fd-8d3b-4d4f-a8fa-a2e06c85da8c" testId="1340b308-d9eb-a26e-e042-04d6c1d9a958" testName="ToHasErrors_Passing_InvalidValue_Returns_ApplicationExceptionWithMessage" computerName="PC-SFERRARI" duration="00:00:00.0007574" startTime="2021-01-01T10:31:11.8441722+00:00" endTime="2021-01-01T10:31:11.8451899+00:00" testType="13cdc9d9-ddb5-4fa4-a97d-d965ccfc6d4b" outcome="Passed" testListId="8c84fa94-04c1-424b-9868-57a2d4851a1d" relativeResultsDirectory="7e5618fd-8d3b-4d4f-a8fa-a2e06c85da8c" />
    <UnitTestResult executionId="fb9eb498-9845-43f9-bb61-04f7742775d6" testId="bb347f18-44ab-0d77-d5bd-a671e4c37650" testName="ToRemove_Passing_ValidValue_Returns_ValueWithoutRemovedChars" computerName="PC-SFERRARI" duration="00:00:00.0019456" startTime="2021-01-01T10:31:12.9355668+00:00" endTime="2021-01-01T10:31:12.9377686+00:00" testType="13cdc9d9-ddb5-4fa4-a97d-d965ccfc6d4b" outcome="Passed" testListId="8c84fa94-04c1-424b-9868-57a2d4851a1d" relativeResultsDirectory="fb9eb498-9845-43f9-bb61-04f7742775d6" resultType="DataDrivenTest">
      <InnerResults>
        <UnitTestResult executionId="e4d25099-66bb-43ba-831a-8dfc164091e2" parentExecutionId="fb9eb498-9845-43f9-bb61-04f7742775d6" testId="bb347f18-44ab-0d77-d5bd-a671e4c37650" testName="ToRemove_Passing_ValidValue_Returns_ValueWithoutRemovedChars ( *, ,*)" computerName="PC-SFERRARI" duration="00:00:00.0006070" startTime="2021-01-01T10:31:12.9355668+00:00" endTime="2021-01-01T10:31:12.9377686+00:00" testType="13cdc9d9-ddb5-4fa4-a97d-d965ccfc6d4b" outcome="Passed" testListId="8c84fa94-04c1-424b-9868-57a2d4851a1d" relativeResultsDirectory="e4d25099-66bb-43ba-831a-8dfc164091e2" dataRowInfo="1" resultType="DataDrivenDataRow" />
        <UnitTestResult executionId="f7991487-c4b7-4559-a9d9-6664feeb5a56" parentExecutionId="fb9eb498-9845-43f9-bb61-04f7742775d6" testId="bb347f18-44ab-0d77-d5bd-a671e4c37650" testName="ToRemove_Passing_ValidValue_Returns_ValueWithoutRemovedChars (* , ,*)" computerName="PC-SFERRARI" duration="00:00:00.0000167" startTime="2021-01-01T10:31:12.9355668+00:00" endTime="2021-01-01T10:31:12.9377686+00:00" testType="13cdc9d9-ddb5-4fa4-a97d-d965ccfc6d4b" outcome="Passed" testListId="8c84fa94-04c1-424b-9868-57a2d4851a1d" relativeResultsDirectory="f7991487-c4b7-4559-a9d9-6664feeb5a56" dataRowInfo="2" resultType="DataDrivenDataRow" />
        <UnitTestResult executionId="38ad53f0-e976-412b-9cdc-959fa2ee438f" parentExecutionId="fb9eb498-9845-43f9-bb61-04f7742775d6" testId="bb347f18-44ab-0d77-d5bd-a671e4c37650" testName="ToRemove_Passing_ValidValue_Returns_ValueWithoutRemovedChars ( * , ,*)" computerName="PC-SFERRARI" duration="00:00:00.0000062" startTime="2021-01-01T10:31:12.9355668+00:00" endTime="2021-01-01T10:31:12.9377686+00:00" testType="13cdc9d9-ddb5-4fa4-a97d-d965ccfc6d4b" outcome="Passed" testListId="8c84fa94-04c1-424b-9868-57a2d4851a1d" relativeResultsDirectory="38ad53f0-e976-412b-9cdc-959fa2ee438f" dataRowInfo="3" resultType="DataDrivenDataRow" />
        <UnitTestResult executionId="4ebc5d6a-f930-4ade-ba14-074ed546522e" parentExecutionId="fb9eb498-9845-43f9-bb61-04f7742775d6" testId="bb347f18-44ab-0d77-d5bd-a671e4c37650" testName="ToRemove_Passing_ValidValue_Returns_ValueWithoutRemovedChars (hello hello, ,hellohello)" computerName="PC-SFERRARI" duration="00:00:00.0000057" startTime="2021-01-01T10:31:12.9355668+00:00" endTime="2021-01-01T10:31:12.9377686+00:00" testType="13cdc9d9-ddb5-4fa4-a97d-d965ccfc6d4b" outcome="Passed" testListId="8c84fa94-04c1-424b-9868-57a2d4851a1d" relativeResultsDirectory="4ebc5d6a-f930-4ade-ba14-074ed546522e" dataRowInfo="4" resultType="DataDrivenDataRow" />
        <UnitTestResult executionId="01591551-361f-49ea-bb9e-a09ea2bd75e6" parentExecutionId="fb9eb498-9845-43f9-bb61-04f7742775d6" testId="bb347f18-44ab-0d77-d5bd-a671e4c37650" testName="ToRemove_Passing_ValidValue_Returns_ValueWithoutRemovedChars (hello hello , ,hellohello)" computerName="PC-SFERRARI" duration="00:00:00.0000054" startTime="2021-01-01T10:31:12.9355668+00:00" endTime="2021-01-01T10:31:12.9377686+00:00" testType="13cdc9d9-ddb5-4fa4-a97d-d965ccfc6d4b" outcome="Passed" testListId="8c84fa94-04c1-424b-9868-57a2d4851a1d" relativeResultsDirectory="01591551-361f-49ea-bb9e-a09ea2bd75e6" dataRowInfo="5" resultType="DataDrivenDataRow" />
        <UnitTestResult executionId="34ce946d-ff52-4a35-a37a-5e36bb867728" parentExecutionId="fb9eb498-9845-43f9-bb61-04f7742775d6" testId="bb347f18-44ab-0d77-d5bd-a671e4c37650" testName="ToRemove_Passing_ValidValue_Returns_ValueWithoutRemovedChars ( hello hello , ,hellohello)" computerName="PC-SFERRARI" duration="00:00:00.0000062" startTime="2021-01-01T10:31:12.9355668+00:00" endTime="2021-01-01T10:31:12.9377686+00:00" testType="13cdc9d9-ddb5-4fa4-a97d-d965ccfc6d4b" outcome="Passed" testListId="8c84fa94-04c1-424b-9868-57a2d4851a1d" relativeResultsDirectory="34ce946d-ff52-4a35-a37a-5e36bb867728" dataRowInfo="6" resultType="DataDrivenDataRow" />
        <UnitTestResult executionId="8903b395-6154-4999-af3a-57752a69f185" parentExecutionId="fb9eb498-9845-43f9-bb61-04f7742775d6" testId="bb347f18-44ab-0d77-d5bd-a671e4c37650" testName="ToRemove_Passing_ValidValue_Returns_ValueWithoutRemovedChars (aeiou,a,eiou)" computerName="PC-SFERRARI" duration="00:00:00.0000050" startTime="2021-01-01T10:31:12.9355668+00:00" endTime="2021-01-01T10:31:12.9377686+00:00" testType="13cdc9d9-ddb5-4fa4-a97d-d965ccfc6d4b" outcome="Passed" testListId="8c84fa94-04c1-424b-9868-57a2d4851a1d" relativeResultsDirectory="8903b395-6154-4999-af3a-57752a69f185" dataRowInfo="7" resultType="DataDrivenDataRow" />
        <UnitTestResult executionId="3cf9c371-3ee5-4362-9600-43573353f408" parentExecutionId="fb9eb498-9845-43f9-bb61-04f7742775d6" testId="bb347f18-44ab-0d77-d5bd-a671e4c37650" testName="ToRemove_Passing_ValidValue_Returns_ValueWithoutRemovedChars (aeiou,ae,iou)" computerName="PC-SFERRARI" duration="00:00:00.0000049" startTime="2021-01-01T10:31:12.9355668+00:00" endTime="2021-01-01T10:31:12.9377686+00:00" testType="13cdc9d9-ddb5-4fa4-a97d-d965ccfc6d4b" outcome="Passed" testListId="8c84fa94-04c1-424b-9868-57a2d4851a1d" relativeResultsDirectory="3cf9c371-3ee5-4362-9600-43573353f408" dataRowInfo="8" resultType="DataDrivenDataRow" />
        <UnitTestResult executionId="4dfc6c52-95aa-44e6-9b40-7c91dbe5255a" parentExecutionId="fb9eb498-9845-43f9-bb61-04f7742775d6" testId="bb347f18-44ab-0d77-d5bd-a671e4c37650" testName="ToRemove_Passing_ValidValue_Returns_ValueWithoutRemovedChars (aeiou,aei,ou)" computerName="PC-SFERRARI" duration="00:00:00.0000055" startTime="2021-01-01T10:31:12.9355668+00:00" endTime="2021-01-01T10:31:12.9377686+00:00" testType="13cdc9d9-ddb5-4fa4-a97d-d965ccfc6d4b" outcome="Passed" testListId="8c84fa94-04c1-424b-9868-57a2d4851a1d" relativeResultsDirectory="4dfc6c52-95aa-44e6-9b40-7c91dbe5255a" dataRowInfo="9" resultType="DataDrivenDataRow" />
        <UnitTestResult executionId="454fe76c-717a-4ae8-9439-da8ec2bf587c" parentExecutionId="fb9eb498-9845-43f9-bb61-04f7742775d6" testId="bb347f18-44ab-0d77-d5bd-a671e4c37650" testName="ToRemove_Passing_ValidValue_Returns_ValueWithoutRemovedChars (aeiou,aeio,u)" computerName="PC-SFERRARI" duration="00:00:00.0000049" startTime="2021-01-01T10:31:12.9355668+00:00" endTime="2021-01-01T10:31:12.9377686+00:00" testType="13cdc9d9-ddb5-4fa4-a97d-d965ccfc6d4b" outcome="Passed" testListId="8c84fa94-04c1-424b-9868-57a2d4851a1d" relativeResultsDirectory="454fe76c-717a-4ae8-9439-da8ec2bf587c" dataRowInfo="10" resultType="DataDrivenDataRow" />
        <UnitTestResult executionId="8a91179e-f4ac-4c2c-bd26-fdd3bb8768f9" parentExecutionId="fb9eb498-9845-43f9-bb61-04f7742775d6" testId="bb347f18-44ab-0d77-d5bd-a671e4c37650" testName="ToRemove_Passing_ValidValue_Returns_ValueWithoutRemovedChars (aeiou,aeiou,)" computerName="PC-SFERRARI" duration="00:00:00.0000045" startTime="2021-01-01T10:31:12.9355668+00:00" endTime="2021-01-01T10:31:12.9377686+00:00" testType="13cdc9d9-ddb5-4fa4-a97d-d965ccfc6d4b" outcome="Passed" testListId="8c84fa94-04c1-424b-9868-57a2d4851a1d" relativeResultsDirectory="8a91179e-f4ac-4c2c-bd26-fdd3bb8768f9" dataRowInfo="11" resultType="DataDrivenDataRow" />
        <UnitTestResult executionId="3a3ca546-b658-4ef5-9bf1-1e525e221b61" parentExecutionId="fb9eb498-9845-43f9-bb61-04f7742775d6" testId="bb347f18-44ab-0d77-d5bd-a671e4c37650" testName="ToRemove_Passing_ValidValue_Returns_ValueWithoutRemovedChars (aeiou,e,aiou)" computerName="PC-SFERRARI" duration="00:00:00.0000125" startTime="2021-01-01T10:31:12.9355668+00:00" endTime="2021-01-01T10:31:12.9377686+00:00" testType="13cdc9d9-ddb5-4fa4-a97d-d965ccfc6d4b" outcome="Passed" testListId="8c84fa94-04c1-424b-9868-57a2d4851a1d" relativeResultsDirectory="3a3ca546-b658-4ef5-9bf1-1e525e221b61" dataRowInfo="12" resultType="DataDrivenDataRow" />
        <UnitTestResult executionId="85f87874-d1d7-4655-b84b-8a98cf00daf5" parentExecutionId="fb9eb498-9845-43f9-bb61-04f7742775d6" testId="bb347f18-44ab-0d77-d5bd-a671e4c37650" testName="ToRemove_Passing_ValidValue_Returns_ValueWithoutRemovedChars (aeiou,ei,aou)" computerName="PC-SFERRARI" duration="00:00:00.0000062" startTime="2021-01-01T10:31:12.9355668+00:00" endTime="2021-01-01T10:31:12.9377686+00:00" testType="13cdc9d9-ddb5-4fa4-a97d-d965ccfc6d4b" outcome="Passed" testListId="8c84fa94-04c1-424b-9868-57a2d4851a1d" relativeResultsDirectory="85f87874-d1d7-4655-b84b-8a98cf00daf5" dataRowInfo="13" resultType="DataDrivenDataRow" />
      </InnerResults>
    </UnitTestResult>
    <UnitTestResult executionId="6e99dea9-156b-4013-bc84-f91999ff1c2e" testId="87c5dbd3-fd2a-1e49-42e5-8dc78affc8d6" testName="ToSerialize_Passing_Objects_Returns_String_Values" computerName="PC-SFERRARI" duration="00:00:00.0046067" startTime="2021-01-01T10:31:12.6353910+00:00" endTime="2021-01-01T10:31:12.6402086+00:00" testType="13cdc9d9-ddb5-4fa4-a97d-d965ccfc6d4b" outcome="Passed" testListId="8c84fa94-04c1-424b-9868-57a2d4851a1d" relativeResultsDirectory="6e99dea9-156b-4013-bc84-f91999ff1c2e" />
    <UnitTestResult executionId="5c552587-0037-4450-a947-954ed4074947" testId="18040ed3-941e-dd1e-cb8c-4d34d103f370" testName="ToIsWeekend_Passing_Saturday_DateTime_Returns_True" computerName="PC-SFERRARI" duration="00:00:00.0001207" startTime="2021-01-01T10:31:12.1893317+00:00" endTime="2021-01-01T10:31:12.1895222+00:00" testType="13cdc9d9-ddb5-4fa4-a97d-d965ccfc6d4b" outcome="Passed" testListId="8c84fa94-04c1-424b-9868-57a2d4851a1d" relativeResultsDirectory="5c552587-0037-4450-a947-954ed4074947" />
    <UnitTestResult executionId="aeac080e-6095-4dee-a8b6-6b38b37bfd18" testId="0b00f09d-f7e4-fb1e-68ad-8102cf6143e0" testName="ToPaged_Passing_Name_Descending_Order_Returns_Filter_List" computerName="PC-SFERRARI" duration="00:00:00.0008107" startTime="2021-01-01T10:31:12.6512612+00:00" endTime="2021-01-01T10:31:12.6523439+00:00" testType="13cdc9d9-ddb5-4fa4-a97d-d965ccfc6d4b" outcome="Passed" testListId="8c84fa94-04c1-424b-9868-57a2d4851a1d" relativeResultsDirectory="aeac080e-6095-4dee-a8b6-6b38b37bfd18" />
    <UnitTestResult executionId="96dba7d4-d4ec-43ca-a098-ace5d6f537fd" testId="074815db-ddf2-9c1f-0fef-7f709183591e" testName="ToExists_Passing_Service_Not_Found_Returns_False" computerName="PC-SFERRARI" duration="00:00:00.0005498" startTime="2021-01-01T10:31:11.8162932+00:00" endTime="2021-01-01T10:31:11.8169602+00:00" testType="13cdc9d9-ddb5-4fa4-a97d-d965ccfc6d4b" outcome="Passed" testListId="8c84fa94-04c1-424b-9868-57a2d4851a1d" relativeResultsDirectory="96dba7d4-d4ec-43ca-a098-ace5d6f537fd" />
    <UnitTestResult executionId="ec6d53c1-221f-4b07-9be8-b476ab1656b5" testId="a0ed43cd-0648-ddf9-c80e-52c6889ee049" testName="ToDictionaryPropertyInfo_Passing_Object_IncludeNullOrEmptyProperty_Returns_Properties_NameAndValue_Dictionary" computerName="PC-SFERRARI" duration="00:00:00.0031734" startTime="2021-01-01T10:31:12.2733997+00:00" endTime="2021-01-01T10:31:12.2795207+00:00" testType="13cdc9d9-ddb5-4fa4-a97d-d965ccfc6d4b" outcome="Passed" testListId="8c84fa94-04c1-424b-9868-57a2d4851a1d" relativeResultsDirectory="ec6d53c1-221f-4b07-9be8-b476ab1656b5" />
    <UnitTestResult executionId="2bc3c9f0-3ab6-4207-8507-160064069afd" testId="0f697beb-b7a4-6aa6-9017-b57feeb9ba7f" testName="ToEnvironment_ServiceCollection_Passing_Development_Enviroment_Returns_Development_Name" computerName="PC-SFERRARI" duration="00:00:00.0004011" startTime="2021-01-01T10:31:12.1086825+00:00" endTime="2021-01-01T10:31:12.1091588+00:00" testType="13cdc9d9-ddb5-4fa4-a97d-d965ccfc6d4b" outcome="Passed" testListId="8c84fa94-04c1-424b-9868-57a2d4851a1d" relativeResultsDirectory="2bc3c9f0-3ab6-4207-8507-160064069afd" />
    <UnitTestResult executionId="5d2b0cd1-a0a3-4fb2-8ac0-b00601787dde" testId="eb3fbb45-8257-f4b8-0975-042f859a72bf" testName="ToDictionaryPropertyInfo_Passing_Object_Not_IncludeNullOrEmptyProperty_Returns_Properties_NameAndValue_Dictionary" computerName="PC-SFERRARI" duration="00:00:00.0031443" startTime="2021-01-01T10:31:12.2795838+00:00" endTime="2021-01-01T10:31:12.2829364+00:00" testType="13cdc9d9-ddb5-4fa4-a97d-d965ccfc6d4b" outcome="Passed" testListId="8c84fa94-04c1-424b-9868-57a2d4851a1d" relativeResultsDirectory="5d2b0cd1-a0a3-4fb2-8ac0-b00601787dde" />
    <UnitTestResult executionId="54f29724-de0a-4e0d-8525-35b3f9ef1c37" testId="459f13f4-e266-2f20-5c30-d2c64797095d" testName="ToIsWeekend_Passing_Friday_DateTime_Returns_False" computerName="PC-SFERRARI" duration="00:00:00.0002665" startTime="2021-01-01T10:31:12.1889492+00:00" endTime="2021-01-01T10:31:12.1893066+00:00" testType="13cdc9d9-ddb5-4fa4-a97d-d965ccfc6d4b" outcome="Passed" testListId="8c84fa94-04c1-424b-9868-57a2d4851a1d" relativeResultsDirectory="54f29724-de0a-4e0d-8525-35b3f9ef1c37" />
    <UnitTestResult executionId="222c44c0-cefb-489d-8350-872075441ce4" testId="ffa669f9-8e25-a33b-f8f7-c3ba4a576a2b" testName="ToDefaultValue_Passing_ValidStruct_Returns_DefaultValue" computerName="PC-SFERRARI" duration="00:00:00.0007237" startTime="2021-01-01T10:31:13.2112203+00:00" endTime="2021-01-01T10:31:13.2121830+00:00" testType="13cdc9d9-ddb5-4fa4-a97d-d965ccfc6d4b" outcome="Passed" testListId="8c84fa94-04c1-424b-9868-57a2d4851a1d" relativeResultsDirectory="222c44c0-cefb-489d-8350-872075441ce4" />
    <UnitTestResult executionId="863250f6-3fd3-4c64-882d-0941fa01ecef" testId="19a313ce-6632-bd6f-bb7e-c2dc7bcf20eb" testName="ToDefaultValue_Passing_sbyte_Returns_Cero" computerName="PC-SFERRARI" duration="00:00:00.0004462" startTime="2021-01-01T10:31:12.2658537+00:00" endTime="2021-01-01T10:31:12.2664469+00:00" testType="13cdc9d9-ddb5-4fa4-a97d-d965ccfc6d4b" outcome="Passed" testListId="8c84fa94-04c1-424b-9868-57a2d4851a1d" relativeResultsDirectory="863250f6-3fd3-4c64-882d-0941fa01ecef" resultType="DataDrivenTest">
      <InnerResults>
        <UnitTestResult executionId="a193cf66-375c-4c90-a46c-fe8c9b106f04" parentExecutionId="863250f6-3fd3-4c64-882d-0941fa01ecef" testId="19a313ce-6632-bd6f-bb7e-c2dc7bcf20eb" testName="ToDefaultValue_Passing_sbyte_Returns_Cero (127)" computerName="PC-SFERRARI" duration="00:00:00.0003778" startTime="2021-01-01T10:31:12.2658537+00:00" endTime="2021-01-01T10:31:12.2664469+00:00" testType="13cdc9d9-ddb5-4fa4-a97d-d965ccfc6d4b" outcome="Passed" testListId="8c84fa94-04c1-424b-9868-57a2d4851a1d" relativeResultsDirectory="a193cf66-375c-4c90-a46c-fe8c9b106f04" dataRowInfo="1" resultType="DataDrivenDataRow" />
      </InnerResults>
    </UnitTestResult>
    <UnitTestResult executionId="15ffd5b1-f3c6-4ed8-bbec-794e19799466" testId="c2b678c9-c43c-45ee-8889-ab086ef02c3c" testName="Ok_ResultData_WithData" computerName="PC-SFERRARI" duration="00:00:00.0004425" startTime="2021-01-01T10:31:12.6884549+00:00" endTime="2021-01-01T10:31:12.6889769+00:00" testType="13cdc9d9-ddb5-4fa4-a97d-d965ccfc6d4b" outcome="Passed" testListId="8c84fa94-04c1-424b-9868-57a2d4851a1d" relativeResultsDirectory="15ffd5b1-f3c6-4ed8-bbec-794e19799466" />
    <UnitTestResult executionId="d098cf9d-8c4c-401c-8391-282a6f11c094" testId="27cc1a96-8264-8762-05bc-aa63ccb155d7" testName="ToMapClone_Passing_Source_Returns_New_Source_Object" computerName="PC-SFERRARI" duration="00:00:00.2436493" startTime="2021-01-01T10:31:11.3228307+00:00" endTime="2021-01-01T10:31:11.5668673+00:00" testType="13cdc9d9-ddb5-4fa4-a97d-d965ccfc6d4b" outcome="Passed" testListId="8c84fa94-04c1-424b-9868-57a2d4851a1d" relativeResultsDirectory="d098cf9d-8c4c-401c-8391-282a6f11c094" />
    <UnitTestResult executionId="3bc76768-564b-4539-99e5-dfc467dbc41b" testId="0cb5eb43-9273-0bdf-bd18-53b184535503" testName="ToMessage_Passing_ExceptionWithMessage_Returns_Message" computerName="PC-SFERRARI" duration="00:00:00.0001637" startTime="2021-01-01T10:31:12.2305117+00:00" endTime="2021-01-01T10:31:12.2307657+00:00" testType="13cdc9d9-ddb5-4fa4-a97d-d965ccfc6d4b" outcome="Passed" testListId="8c84fa94-04c1-424b-9868-57a2d4851a1d" relativeResultsDirectory="3bc76768-564b-4539-99e5-dfc467dbc41b" />
    <UnitTestResult executionId="98dac2e1-d925-4732-af18-dfb30fd1721c" testId="1c5de28c-f1b3-c94d-8e43-201eab8c2ff8" testName="ToEnvironment_Passing_Development_Enviroment_Returns_Development_Name" computerName="PC-SFERRARI" duration="00:00:00.0016931" startTime="2021-01-01T10:31:11.8055615+00:00" endTime="2021-01-01T10:31:11.8074717+00:00" testType="13cdc9d9-ddb5-4fa4-a97d-d965ccfc6d4b" outcome="Passed" testListId="8c84fa94-04c1-424b-9868-57a2d4851a1d" relativeResultsDirectory="98dac2e1-d925-4732-af18-dfb30fd1721c" />
    <UnitTestResult executionId="5c8a26c9-5a09-4ca4-ba36-ec3fdc38ec07" testId="aeb559a5-c285-7ab9-baee-1cb152d1742f" testName="ToDefaultValue_Passing_ulong_Returns_Cero" computerName="PC-SFERRARI" duration="00:00:00.0005081" startTime="2021-01-01T10:31:12.2721611+00:00" endTime="2021-01-01T10:31:12.2728218+00:00" testType="13cdc9d9-ddb5-4fa4-a97d-d965ccfc6d4b" outcome="Passed" testListId="8c84fa94-04c1-424b-9868-57a2d4851a1d" relativeResultsDirectory="5c8a26c9-5a09-4ca4-ba36-ec3fdc38ec07" resultType="DataDrivenTest">
      <InnerResults>
        <UnitTestResult executionId="db16f31d-5093-4369-8fee-2968ff2766a6" parentExecutionId="5c8a26c9-5a09-4ca4-ba36-ec3fdc38ec07" testId="aeb559a5-c285-7ab9-baee-1cb152d1742f" testName="ToDefaultValue_Passing_ulong_Returns_Cero (18446744073709551615)" computerName="PC-SFERRARI" duration="00:00:00.0004377" startTime="2021-01-01T10:31:12.2721611+00:00" endTime="2021-01-01T10:31:12.2728218+00:00" testType="13cdc9d9-ddb5-4fa4-a97d-d965ccfc6d4b" outcome="Passed" testListId="8c84fa94-04c1-424b-9868-57a2d4851a1d" relativeResultsDirectory="db16f31d-5093-4369-8fee-2968ff2766a6" dataRowInfo="1" resultType="DataDrivenDataRow" />
      </InnerResults>
    </UnitTestResult>
    <UnitTestResult executionId="0ca2dd54-5985-4988-9dc5-76cc352e202e" testId="65b9b71b-a8d5-2a7d-a8a7-0e3a015e6b68" testName="ToDirectoryTemporary_Passing_ValidValue_Returns_DirectoryExists" computerName="PC-SFERRARI" duration="00:00:00.0016558" startTime="2021-01-01T10:31:12.8045707+00:00" endTime="2021-01-01T10:31:12.8064853+00:00" testType="13cdc9d9-ddb5-4fa4-a97d-d965ccfc6d4b" outcome="Passed" testListId="8c84fa94-04c1-424b-9868-57a2d4851a1d" relativeResultsDirectory="0ca2dd54-5985-4988-9dc5-76cc352e202e" />
    <UnitTestResult executionId="37164c7c-39ba-4d8b-80e3-4cea51fb2d03" testId="a6625fb0-1b80-148b-87dc-9cf616e5e84d" testName="ToList_Passing_ValidEnumType_Returns_ValuesList" computerName="PC-SFERRARI" duration="00:00:00.0006014" startTime="2021-01-01T10:31:12.2237269+00:00" endTime="2021-01-01T10:31:12.2244558+00:00" testType="13cdc9d9-ddb5-4fa4-a97d-d965ccfc6d4b" outcome="Passed" testListId="8c84fa94-04c1-424b-9868-57a2d4851a1d" relativeResultsDirectory="37164c7c-39ba-4d8b-80e3-4cea51fb2d03" />
    <UnitTestResult executionId="7d55727f-2703-4f03-ace3-a56b7e49d7bb" testId="b871cd27-681f-8d07-6c2a-809341ba2909" testName="ToList_Passing_ValidEnumTypeWithSelectedValue_Returns_ValuesList" computerName="PC-SFERRARI" duration="00:00:00.0005259" startTime="2021-01-01T10:31:12.2230106+00:00" endTime="2021-01-01T10:31:12.2236962+00:00" testType="13cdc9d9-ddb5-4fa4-a97d-d965ccfc6d4b" outcome="Passed" testListId="8c84fa94-04c1-424b-9868-57a2d4851a1d" relativeResultsDirectory="7d55727f-2703-4f03-ace3-a56b7e49d7bb" />
    <UnitTestResult executionId="2f2f5b34-5098-4385-9e8e-7624f5b4c28a" testId="c330741e-ad40-618c-36cc-508c135d2b95" testName="ToService_Passing_NotFound_Service_Returns_Null" computerName="PC-SFERRARI" duration="00:00:00.0001404" startTime="2021-01-01T10:31:12.1378559+00:00" endTime="2021-01-01T10:31:12.1381095+00:00" testType="13cdc9d9-ddb5-4fa4-a97d-d965ccfc6d4b" outcome="Passed" testListId="8c84fa94-04c1-424b-9868-57a2d4851a1d" relativeResultsDirectory="2f2f5b34-5098-4385-9e8e-7624f5b4c28a" />
    <UnitTestResult executionId="9ef6446b-7533-43b6-be3f-ef48d3facef7" testId="26cc48e2-5e82-bc12-cf41-e3a984599b8d" testName="ToUserName_Passing_Invalid_ClaimsPrincipal_Returns_Null" computerName="PC-SFERRARI" duration="00:00:00.0004854" startTime="2021-01-01T10:31:12.0436171+00:00" endTime="2021-01-01T10:31:12.0441888+00:00" testType="13cdc9d9-ddb5-4fa4-a97d-d965ccfc6d4b" outcome="Passed" testListId="8c84fa94-04c1-424b-9868-57a2d4851a1d" relativeResultsDirectory="9ef6446b-7533-43b6-be3f-ef48d3facef7" />
    <UnitTestResult executionId="b8018743-46a6-4659-a8bf-ba08a5c0a94d" testId="98331ff8-6ed1-e7ba-c8dd-be5bd5b6cb2c" testName="ToEmailMask_Passing_ValidEmail_Returns_EmailWithMask" computerName="PC-SFERRARI" duration="00:00:00.0054454" startTime="2021-01-01T10:31:12.8239249+00:00" endTime="2021-01-01T10:31:12.8295303+00:00" testType="13cdc9d9-ddb5-4fa4-a97d-d965ccfc6d4b" outcome="Passed" testListId="8c84fa94-04c1-424b-9868-57a2d4851a1d" relativeResultsDirectory="b8018743-46a6-4659-a8bf-ba08a5c0a94d" resultType="DataDrivenTest">
      <InnerResults>
        <UnitTestResult executionId="177d1af5-dca0-4f40-823d-7c78377a543a" parentExecutionId="b8018743-46a6-4659-a8bf-ba08a5c0a94d" testId="98331ff8-6ed1-e7ba-c8dd-be5bd5b6cb2c" testName="ToEmailMask_Passing_ValidEmail_Returns_EmailWithMask (qaz@gmail.com,q-z@g----.com)" computerName="PC-SFERRARI" duration="00:00:00.0051055" startTime="2021-01-01T10:31:12.8239249+00:00" endTime="2021-01-01T10:31:12.8295303+00:00" testType="13cdc9d9-ddb5-4fa4-a97d-d965ccfc6d4b" outcome="Passed" testListId="8c84fa94-04c1-424b-9868-57a2d4851a1d" relativeResultsDirectory="177d1af5-dca0-4f40-823d-7c78377a543a" dataRowInfo="1" resultType="DataDrivenDataRow" />
        <UnitTestResult executionId="208e88b6-a763-4dcd-b015-feafe0654e22" parentExecutionId="b8018743-46a6-4659-a8bf-ba08a5c0a94d" testId="98331ff8-6ed1-e7ba-c8dd-be5bd5b6cb2c" testName="ToEmailMask_Passing_ValidEmail_Returns_EmailWithMask (qazwsx@gmail.com,q----x@g----.com)" computerName="PC-SFERRARI" duration="00:00:00.0000304" startTime="2021-01-01T10:31:12.8239249+00:00" endTime="2021-01-01T10:31:12.8295303+00:00" testType="13cdc9d9-ddb5-4fa4-a97d-d965ccfc6d4b" outcome="Passed" testListId="8c84fa94-04c1-424b-9868-57a2d4851a1d" relativeResultsDirectory="208e88b6-a763-4dcd-b015-feafe0654e22" dataRowInfo="2" resultType="DataDrivenDataRow" />
        <UnitTestResult executionId="2dad8468-777c-4f20-ab4f-bae35d7b1572" parentExecutionId="b8018743-46a6-4659-a8bf-ba08a5c0a94d" testId="98331ff8-6ed1-e7ba-c8dd-be5bd5b6cb2c" testName="ToEmailMask_Passing_ValidEmail_Returns_EmailWithMask (qazwsxedc@gmail.com,q-------c@g----.com)" computerName="PC-SFERRARI" duration="00:00:00.0000218" startTime="2021-01-01T10:31:12.8239249+00:00" endTime="2021-01-01T10:31:12.8295303+00:00" testType="13cdc9d9-ddb5-4fa4-a97d-d965ccfc6d4b" outcome="Passed" testListId="8c84fa94-04c1-424b-9868-57a2d4851a1d" relativeResultsDirectory="2dad8468-777c-4f20-ab4f-bae35d7b1572" dataRowInfo="3" resultType="DataDrivenDataRow" />
        <UnitTestResult executionId="a013d147-226e-415d-80f0-7f1e506e843a" parentExecutionId="b8018743-46a6-4659-a8bf-ba08a5c0a94d" testId="98331ff8-6ed1-e7ba-c8dd-be5bd5b6cb2c" testName="ToEmailMask_Passing_ValidEmail_Returns_EmailWithMask (qaz@gmailgmail.com,q-z@g---------.com)" computerName="PC-SFERRARI" duration="00:00:00.0000245" startTime="2021-01-01T10:31:12.8239249+00:00" endTime="2021-01-01T10:31:12.8295303+00:00" testType="13cdc9d9-ddb5-4fa4-a97d-d965ccfc6d4b" outcome="Passed" testListId="8c84fa94-04c1-424b-9868-57a2d4851a1d" relativeResultsDirectory="a013d147-226e-415d-80f0-7f1e506e843a" dataRowInfo="4" resultType="DataDrivenDataRow" />
        <UnitTestResult executionId="3edaa62f-7c8b-499b-aba8-59bd237aac21" parentExecutionId="b8018743-46a6-4659-a8bf-ba08a5c0a94d" testId="98331ff8-6ed1-e7ba-c8dd-be5bd5b6cb2c" testName="ToEmailMask_Passing_ValidEmail_Returns_EmailWithMask (qazwsx@gmailgmail.com,q----x@g---------.com)" computerName="PC-SFERRARI" duration="00:00:00.0000236" startTime="2021-01-01T10:31:12.8239249+00:00" endTime="2021-01-01T10:31:12.8295303+00:00" testType="13cdc9d9-ddb5-4fa4-a97d-d965ccfc6d4b" outcome="Passed" testListId="8c84fa94-04c1-424b-9868-57a2d4851a1d" relativeResultsDirectory="3edaa62f-7c8b-499b-aba8-59bd237aac21" dataRowInfo="5" resultType="DataDrivenDataRow" />
        <UnitTestResult executionId="26fddf1b-fcb3-467e-b5d5-d34aaf2bd51c" parentExecutionId="b8018743-46a6-4659-a8bf-ba08a5c0a94d" testId="98331ff8-6ed1-e7ba-c8dd-be5bd5b6cb2c" testName="ToEmailMask_Passing_ValidEmail_Returns_EmailWithMask (qazwsxedc@gmailgmail.com,q-------c@g---------.com)" computerName="PC-SFERRARI" duration="00:00:00.0000246" startTime="2021-01-01T10:31:12.8239249+00:00" endTime="2021-01-01T10:31:12.8295303+00:00" testType="13cdc9d9-ddb5-4fa4-a97d-d965ccfc6d4b" outcome="Passed" testListId="8c84fa94-04c1-424b-9868-57a2d4851a1d" relativeResultsDirectory="26fddf1b-fcb3-467e-b5d5-d34aaf2bd51c" dataRowInfo="6" resultType="DataDrivenDataRow" />
      </InnerResults>
    </UnitTestResult>
    <UnitTestResult executionId="ef8e7292-e7ca-46c3-8d7a-7e9f301238a9" testId="1c5fe271-1e90-52f5-1f31-436b17e57702" testName="IsGreater_Passing_InvalidArguments_Returns_HasErrorsAndCount" computerName="PC-SFERRARI" duration="00:00:00.0030758" startTime="2021-01-01T10:31:11.9069851+00:00" endTime="2021-01-01T10:31:11.9101631+00:00" testType="13cdc9d9-ddb5-4fa4-a97d-d965ccfc6d4b" outcome="Passed" testListId="8c84fa94-04c1-424b-9868-57a2d4851a1d" relativeResultsDirectory="ef8e7292-e7ca-46c3-8d7a-7e9f301238a9" />
    <UnitTestResult executionId="42473c72-b603-456e-bac6-43b2f040fb8e" testId="432377b9-b0ad-9a2a-6dc2-e1069e73c449" testName="ToDefaultValue_Passing_bool_Returns_Cero" computerName="PC-SFERRARI" duration="00:00:00.0009137" startTime="2021-01-01T10:31:12.2330689+00:00" endTime="2021-01-01T10:31:12.2354725+00:00" testType="13cdc9d9-ddb5-4fa4-a97d-d965ccfc6d4b" outcome="Passed" testListId="8c84fa94-04c1-424b-9868-57a2d4851a1d" relativeResultsDirectory="42473c72-b603-456e-bac6-43b2f040fb8e" resultType="DataDrivenTest">
      <InnerResults>
        <UnitTestResult executionId="c6a4addb-5b2a-4c94-b834-9934186daaf1" parentExecutionId="42473c72-b603-456e-bac6-43b2f040fb8e" testId="432377b9-b0ad-9a2a-6dc2-e1069e73c449" testName="ToDefaultValue_Passing_bool_Returns_Cero (True)" computerName="PC-SFERRARI" duration="00:00:00.0008037" startTime="2021-01-01T10:31:12.2330689+00:00" endTime="2021-01-01T10:31:12.2354725+00:00" testType="13cdc9d9-ddb5-4fa4-a97d-d965ccfc6d4b" outcome="Passed" testListId="8c84fa94-04c1-424b-9868-57a2d4851a1d" relativeResultsDirectory="c6a4addb-5b2a-4c94-b834-9934186daaf1" dataRowInfo="1" resultType="DataDrivenDataRow" />
      </InnerResults>
    </UnitTestResult>
    <UnitTestResult executionId="7f75b35b-72fa-454e-8842-cd353244d2a1" testId="801afd1a-5f3d-0d0c-471a-96452bf5bc35" testName="IsNullOrEmpty_Passing_InvalidArguments_Returns_HasErrorsAndCount" computerName="PC-SFERRARI" duration="00:00:00.0025380" startTime="2021-01-01T10:31:11.9270278+00:00" endTime="2021-01-01T10:31:11.9297392+00:00" testType="13cdc9d9-ddb5-4fa4-a97d-d965ccfc6d4b" outcome="Passed" testListId="8c84fa94-04c1-424b-9868-57a2d4851a1d" relativeResultsDirectory="7f75b35b-72fa-454e-8842-cd353244d2a1" />
    <UnitTestResult executionId="eb96e4fc-c5b1-4164-8e35-2e1646c5a339" testId="725d136c-3e7a-6e51-fc61-03203ffec0b5" testName="IsSubdomain_Passing_ValidArguments_Returns_HasErrorsAndCount" computerName="PC-SFERRARI" duration="00:00:00.0003012" startTime="2021-01-01T10:31:11.9356964+00:00" endTime="2021-01-01T10:31:11.9361036+00:00" testType="13cdc9d9-ddb5-4fa4-a97d-d965ccfc6d4b" outcome="Passed" testListId="8c84fa94-04c1-424b-9868-57a2d4851a1d" relativeResultsDirectory="eb96e4fc-c5b1-4164-8e35-2e1646c5a339" />
    <UnitTestResult executionId="83f5ca6f-240c-43af-a24e-757b23a5d737" testId="34e0940c-fc9c-71db-fc18-7d52ee8761a0" testName="ToAuthenticationType_Passing_Claims_Returns_Null" computerName="PC-SFERRARI" duration="00:00:00.0005662" startTime="2021-01-01T10:31:11.9840129+00:00" endTime="2021-01-01T10:31:11.9846927+00:00" testType="13cdc9d9-ddb5-4fa4-a97d-d965ccfc6d4b" outcome="Passed" testListId="8c84fa94-04c1-424b-9868-57a2d4851a1d" relativeResultsDirectory="83f5ca6f-240c-43af-a24e-757b23a5d737" />
    <UnitTestResult executionId="b2bc2e30-ee8c-4ab3-b4a7-b58904772f4a" testId="a95f665c-aa8d-208d-902c-60a464250c99" testName="ToDefaultValue_Passing_ValidBoolean_Returns_DefaultValue" computerName="PC-SFERRARI" duration="00:00:00.0003763" startTime="2021-01-01T10:31:13.2002445+00:00" endTime="2021-01-01T10:31:13.2010069+00:00" testType="13cdc9d9-ddb5-4fa4-a97d-d965ccfc6d4b" outcome="Passed" testListId="8c84fa94-04c1-424b-9868-57a2d4851a1d" relativeResultsDirectory="b2bc2e30-ee8c-4ab3-b4a7-b58904772f4a" />
    <UnitTestResult executionId="555861dd-fb36-4af3-aed1-4391d9f39528" testId="55f105d6-fc07-21db-e70a-db30ccdb0844" testName="ToIsNullOrAny_Passing_InvalidValue_Returns_True" computerName="PC-SFERRARI" duration="00:00:00.0001849" startTime="2021-01-01T10:31:11.8737045+00:00" endTime="2021-01-01T10:31:11.8740463+00:00" testType="13cdc9d9-ddb5-4fa4-a97d-d965ccfc6d4b" outcome="Passed" testListId="8c84fa94-04c1-424b-9868-57a2d4851a1d" relativeResultsDirectory="555861dd-fb36-4af3-aed1-4391d9f39528" />
    <UnitTestResult executionId="d2ab8064-a2e4-442c-8d0d-8666a50c9552" testId="967da852-80aa-48c8-4fdf-7229c80964ce" testName="ToZipExtract_Passing_ValidArchive_Returns_Files" computerName="PC-SFERRARI" duration="00:00:00.1566749" startTime="2021-01-01T10:31:13.0380860+00:00" endTime="2021-01-01T10:31:13.1949917+00:00" testType="13cdc9d9-ddb5-4fa4-a97d-d965ccfc6d4b" outcome="Passed" testListId="8c84fa94-04c1-424b-9868-57a2d4851a1d" relativeResultsDirectory="d2ab8064-a2e4-442c-8d0d-8666a50c9552" />
    <UnitTestResult executionId="2a2c2214-c287-41d6-a9dd-582253b18c54" testId="6fc389b2-a5f3-ded0-63b6-7e1b4cca8442" testName="ToPaged_Passing_Name_Ascending_Order_Returns_Filter_List" computerName="PC-SFERRARI" duration="00:00:00.0021164" startTime="2021-01-01T10:31:12.6489190+00:00" endTime="2021-01-01T10:31:12.6512058+00:00" testType="13cdc9d9-ddb5-4fa4-a97d-d965ccfc6d4b" outcome="Passed" testListId="8c84fa94-04c1-424b-9868-57a2d4851a1d" relativeResultsDirectory="2a2c2214-c287-41d6-a9dd-582253b18c54" />
    <UnitTestResult executionId="b6b78500-f11c-40f4-8e7a-5627484569ad" testId="9b5f9705-0df5-3b21-5e23-e11b68721fd4" testName="ToThrow_Passing_InvalidValue_Returns_ApplicationExceptionWithMessage" computerName="PC-SFERRARI" duration="00:00:00.0005398" startTime="2021-01-01T10:31:11.8804644+00:00" endTime="2021-01-01T10:31:11.8811518+00:00" testType="13cdc9d9-ddb5-4fa4-a97d-d965ccfc6d4b" outcome="Passed" testListId="8c84fa94-04c1-424b-9868-57a2d4851a1d" relativeResultsDirectory="b6b78500-f11c-40f4-8e7a-5627484569ad" />
    <UnitTestResult executionId="5a5cf1ed-efb6-40ff-9b00-4bc712908b86" testId="4e1a5879-f3c8-4fdb-51d0-c4cf0a35e0bf" testName="ToInt_Passing_Enumeration_Name_Returns_Value" computerName="PC-SFERRARI" duration="00:00:00.0003240" startTime="2021-01-01T10:31:12.2083194+00:00" endTime="2021-01-01T10:31:12.2089065+00:00" testType="13cdc9d9-ddb5-4fa4-a97d-d965ccfc6d4b" outcome="Passed" testListId="8c84fa94-04c1-424b-9868-57a2d4851a1d" relativeResultsDirectory="5a5cf1ed-efb6-40ff-9b00-4bc712908b86" />
    <UnitTestResult executionId="11006633-2d45-4e90-8b3d-fbe7a837788e" testId="e93b141b-fdfd-0f98-21e5-3eb211b6e88b" testName="ToDefaultValue_Passing_long_Returns_Cero" computerName="PC-SFERRARI" duration="00:00:00.0006943" startTime="2021-01-01T10:31:12.2643838+00:00" endTime="2021-01-01T10:31:12.2657902+00:00" testType="13cdc9d9-ddb5-4fa4-a97d-d965ccfc6d4b" outcome="Passed" testListId="8c84fa94-04c1-424b-9868-57a2d4851a1d" relativeResultsDirectory="11006633-2d45-4e90-8b3d-fbe7a837788e" resultType="DataDrivenTest">
      <InnerResults>
        <UnitTestResult executionId="0f628fed-5325-4774-b0af-22009bcfe0c4" parentExecutionId="11006633-2d45-4e90-8b3d-fbe7a837788e" testId="e93b141b-fdfd-0f98-21e5-3eb211b6e88b" testName="ToDefaultValue_Passing_long_Returns_Cero (9223372036854775807)" computerName="PC-SFERRARI" duration="00:00:00.0005542" startTime="2021-01-01T10:31:12.2643838+00:00" endTime="2021-01-01T10:31:12.2657902+00:00" testType="13cdc9d9-ddb5-4fa4-a97d-d965ccfc6d4b" outcome="Passed" testListId="8c84fa94-04c1-424b-9868-57a2d4851a1d" relativeResultsDirectory="0f628fed-5325-4774-b0af-22009bcfe0c4" dataRowInfo="1" resultType="DataDrivenDataRow" />
      </InnerResults>
    </UnitTestResult>
    <UnitTestResult executionId="26a2fee3-b66c-4bfb-b204-e6a46fa57385" testId="a4956cd8-34a7-6fca-5b71-6eb98cedd9b0" testName="ToEndOfTheMonth_Passing_DateTime_Returns_End_Of_Month_DateTime" computerName="PC-SFERRARI" duration="00:00:00.0006150" startTime="2021-01-01T10:31:12.1850473+00:00" endTime="2021-01-01T10:31:12.1857566+00:00" testType="13cdc9d9-ddb5-4fa4-a97d-d965ccfc6d4b" outcome="Passed" testListId="8c84fa94-04c1-424b-9868-57a2d4851a1d" relativeResultsDirectory="26a2fee3-b66c-4bfb-b204-e6a46fa57385" />
    <UnitTestResult executionId="57c0f631-baa0-406e-99fe-a8ba1161228c" testId="991c5cbc-a203-b8cd-91d2-0129356152a7" testName="Error_ResultMessage_WithException_WithDetails" computerName="PC-SFERRARI" duration="00:00:00.0080559" startTime="2021-01-01T10:31:12.6745549+00:00" endTime="2021-01-01T10:31:12.6836837+00:00" testType="13cdc9d9-ddb5-4fa4-a97d-d965ccfc6d4b" outcome="Passed" testListId="8c84fa94-04c1-424b-9868-57a2d4851a1d" relativeResultsDirectory="57c0f631-baa0-406e-99fe-a8ba1161228c" />
    <UnitTestResult executionId="7265b506-f796-47f0-a101-dd77c4a324b0" testId="d5506b30-7041-6d90-bd03-bcd5b2479c40" testName="ToHashAlgorithmName_Passing_InvalidValueLowerCaseStringWithDefaultValue_Returns_DefaultValue" computerName="PC-SFERRARI" duration="00:00:00.0015390" startTime="2021-01-01T10:31:12.8850816+00:00" endTime="2021-01-01T10:31:12.8867737+00:00" testType="13cdc9d9-ddb5-4fa4-a97d-d965ccfc6d4b" outcome="Passed" testListId="8c84fa94-04c1-424b-9868-57a2d4851a1d" relativeResultsDirectory="7265b506-f796-47f0-a101-dd77c4a324b0" resultType="DataDrivenTest">
      <InnerResults>
        <UnitTestResult executionId="e6965ca9-3b13-45c2-8c40-dd715efc17c9" parentExecutionId="7265b506-f796-47f0-a101-dd77c4a324b0" testId="d5506b30-7041-6d90-bd03-bcd5b2479c40" testName="ToHashAlgorithmName_Passing_InvalidValueLowerCaseStringWithDefaultValue_Returns_DefaultValue (md5)" computerName="PC-SFERRARI" duration="00:00:00.0014710" startTime="2021-01-01T10:31:12.8850816+00:00" endTime="2021-01-01T10:31:12.8867737+00:00" testType="13cdc9d9-ddb5-4fa4-a97d-d965ccfc6d4b" outcome="Passed" testListId="8c84fa94-04c1-424b-9868-57a2d4851a1d" relativeResultsDirectory="e6965ca9-3b13-45c2-8c40-dd715efc17c9" dataRowInfo="1" resultType="DataDrivenDataRow" />
      </InnerResults>
    </UnitTestResult>
    <UnitTestResult executionId="fdf788ec-fb43-4908-b27e-c06933e44a4f" testId="334e3485-05b4-4549-cacd-aef8fff10757" testName="ToDefaultValue_Passing_decimal_Returns_Cero" computerName="PC-SFERRARI" duration="00:00:00.0003619" startTime="2021-01-01T10:31:12.2549761+00:00" endTime="2021-01-01T10:31:12.2554955+00:00" testType="13cdc9d9-ddb5-4fa4-a97d-d965ccfc6d4b" outcome="Passed" testListId="8c84fa94-04c1-424b-9868-57a2d4851a1d" relativeResultsDirectory="fdf788ec-fb43-4908-b27e-c06933e44a4f" />
    <UnitTestResult executionId="ceb532a7-2cff-4d6c-adde-4d5721aa5fcd" testId="0bc5f5bd-b19f-d3e2-fd5b-370072466834" testName="Error_Result" computerName="PC-SFERRARI" duration="00:00:00.0007773" startTime="2021-01-01T10:31:12.6633927+00:00" endTime="2021-01-01T10:31:12.6645313+00:00" testType="13cdc9d9-ddb5-4fa4-a97d-d965ccfc6d4b" outcome="Passed" testListId="8c84fa94-04c1-424b-9868-57a2d4851a1d" relativeResultsDirectory="ceb532a7-2cff-4d6c-adde-4d5721aa5fcd" />
    <UnitTestResult executionId="387e2f43-f5b8-45b6-836a-e958cf98ca22" testId="4ff63349-9eef-ad1f-85cf-a84cda1ff120" testName="ToDetails_Passing_HttpContext_Returns_Details_HttpContext" computerName="PC-SFERRARI" duration="00:00:00.0392903" startTime="2021-01-01T10:31:12.3237792+00:00" endTime="2021-01-01T10:31:12.3634581+00:00" testType="13cdc9d9-ddb5-4fa4-a97d-d965ccfc6d4b" outcome="Passed" testListId="8c84fa94-04c1-424b-9868-57a2d4851a1d" relativeResultsDirectory="387e2f43-f5b8-45b6-836a-e958cf98ca22" />
    <UnitTestResult executionId="4068490f-4a37-4048-a82b-de0d6aabcfb4" testId="98d4dd82-eb94-c060-7aeb-9b0a39f334fb" testName="ToIsLastDayOfTheMonth_Passing_LastDayOfMonth_Returns_True" computerName="PC-SFERRARI" duration="00:00:00.0003079" startTime="2021-01-01T10:31:12.1857831+00:00" endTime="2021-01-01T10:31:12.1861613+00:00" testType="13cdc9d9-ddb5-4fa4-a97d-d965ccfc6d4b" outcome="Passed" testListId="8c84fa94-04c1-424b-9868-57a2d4851a1d" relativeResultsDirectory="4068490f-4a37-4048-a82b-de0d6aabcfb4" />
    <UnitTestResult executionId="5bfccab6-fe2d-42fb-84c3-3eaf9c958fbb" testId="1577c538-d1be-5b59-2b09-8e59b0be5fcd" testName="ToSettings_Passing_Values_From_AppSettingsFile_Returns_Settings" computerName="PC-SFERRARI" duration="00:00:00.0439598" startTime="2021-01-01T10:31:12.1386708+00:00" endTime="2021-01-01T10:31:12.1827075+00:00" testType="13cdc9d9-ddb5-4fa4-a97d-d965ccfc6d4b" outcome="Passed" testListId="8c84fa94-04c1-424b-9868-57a2d4851a1d" relativeResultsDirectory="5bfccab6-fe2d-42fb-84c3-3eaf9c958fbb" />
    <UnitTestResult executionId="e08e4a7b-f817-42ef-8948-f3d21de3d9f4" testId="5fda35dc-4db7-2169-9391-a6295d2ec5fd" testName="ToDirectoryFindFilePath_Passing_ValidValueIntoSubDirectory_Returns_FilePath" computerName="PC-SFERRARI" duration="00:00:00.0152898" startTime="2021-01-01T10:31:12.7502911+00:00" endTime="2021-01-01T10:31:12.7657944+00:00" testType="13cdc9d9-ddb5-4fa4-a97d-d965ccfc6d4b" outcome="Passed" testListId="8c84fa94-04c1-424b-9868-57a2d4851a1d" relativeResultsDirectory="e08e4a7b-f817-42ef-8948-f3d21de3d9f4" />
    <UnitTestResult executionId="1ad844d5-7222-418d-91a3-c85a59d604ce" testId="b51b5293-5162-7db8-79c0-6e7b6f1c51a5" testName="ToZipCreate_Passing_ValidFilesWithCutomZipName_Returns_ZipFiles" computerName="PC-SFERRARI" duration="00:00:00.0136826" startTime="2021-01-01T10:31:13.0147654+00:00" endTime="2021-01-01T10:31:13.0286920+00:00" testType="13cdc9d9-ddb5-4fa4-a97d-d965ccfc6d4b" outcome="Passed" testListId="8c84fa94-04c1-424b-9868-57a2d4851a1d" relativeResultsDirectory="1ad844d5-7222-418d-91a3-c85a59d604ce" />
    <UnitTestResult executionId="7df72224-ea3c-4191-b883-bd915f75d62b" testId="6c59b811-73c0-2540-9661-8c8f2a459ff2" testName="ToDefaultValue_Passing_byte_Returns_Cero" computerName="PC-SFERRARI" duration="00:00:00.0004805" startTime="2021-01-01T10:31:12.2440405+00:00" endTime="2021-01-01T10:31:12.2526323+00:00" testType="13cdc9d9-ddb5-4fa4-a97d-d965ccfc6d4b" outcome="Passed" testListId="8c84fa94-04c1-424b-9868-57a2d4851a1d" relativeResultsDirectory="7df72224-ea3c-4191-b883-bd915f75d62b" resultType="DataDrivenTest">
      <InnerResults>
        <UnitTestResult executionId="cdb09da8-9d27-4308-846e-8b0886c54175" parentExecutionId="7df72224-ea3c-4191-b883-bd915f75d62b" testId="6c59b811-73c0-2540-9661-8c8f2a459ff2" testName="ToDefaultValue_Passing_byte_Returns_Cero (255)" computerName="PC-SFERRARI" duration="00:00:00.0003957" startTime="2021-01-01T10:31:12.2440405+00:00" endTime="2021-01-01T10:31:12.2526323+00:00" testType="13cdc9d9-ddb5-4fa4-a97d-d965ccfc6d4b" outcome="Passed" testListId="8c84fa94-04c1-424b-9868-57a2d4851a1d" relativeResultsDirectory="cdb09da8-9d27-4308-846e-8b0886c54175" dataRowInfo="1" resultType="DataDrivenDataRow" />
      </InnerResults>
    </UnitTestResult>
    <UnitTestResult executionId="0babe472-ca0d-4bf0-bc2a-ba34c7abdf9c" testId="297c060d-406b-f933-91fe-dfd3459b8ace" testName="ToIsNullOrEmpty_Passing_InvalidValue_Returns_True" computerName="PC-SFERRARI" duration="00:00:00.0001460" startTime="2021-01-01T10:31:11.8747613+00:00" endTime="2021-01-01T10:31:11.8750241+00:00" testType="13cdc9d9-ddb5-4fa4-a97d-d965ccfc6d4b" outcome="Passed" testListId="8c84fa94-04c1-424b-9868-57a2d4851a1d" relativeResultsDirectory="0babe472-ca0d-4bf0-bc2a-ba34c7abdf9c" />
    <UnitTestResult executionId="8899c86d-bde9-4c2e-a177-3074d444235e" testId="8fbac209-421a-f9fa-c5fe-97403aedb24e" testName="ToIsNullOrAnyThrow_Passing_InvalidValue_Returns_ApplicationExceptionWithMessage" computerName="PC-SFERRARI" duration="00:00:00.0020528" startTime="2021-01-01T10:31:11.8714616+00:00" endTime="2021-01-01T10:31:11.8736556+00:00" testType="13cdc9d9-ddb5-4fa4-a97d-d965ccfc6d4b" outcome="Passed" testListId="8c84fa94-04c1-424b-9868-57a2d4851a1d" relativeResultsDirectory="8899c86d-bde9-4c2e-a177-3074d444235e" />
    <UnitTestResult executionId="ad9e586c-1acc-4be6-9ef4-eee2c9ee6395" testId="4ead3f79-a54e-1b96-838c-d0c2f491cb0d" testName="ToAge_Passing_Birthday_DateTime_Returns_Age" computerName="PC-SFERRARI" duration="00:00:00.0007822" startTime="2021-01-01T10:31:12.1838273+00:00" endTime="2021-01-01T10:31:12.1850189+00:00" testType="13cdc9d9-ddb5-4fa4-a97d-d965ccfc6d4b" outcome="Passed" testListId="8c84fa94-04c1-424b-9868-57a2d4851a1d" relativeResultsDirectory="ad9e586c-1acc-4be6-9ef4-eee2c9ee6395" />
    <UnitTestResult executionId="0cc8192b-7be2-4032-b53e-e2571e0d084a" testId="8092c5f2-ce9c-1a2c-1e1b-ba66d660cae7" testName="Error_ResultMessage_WithMessage_WithDetails" computerName="PC-SFERRARI" duration="00:00:00.0037270" startTime="2021-01-01T10:31:12.6837340+00:00" endTime="2021-01-01T10:31:12.6876376+00:00" testType="13cdc9d9-ddb5-4fa4-a97d-d965ccfc6d4b" outcome="Passed" testListId="8c84fa94-04c1-424b-9868-57a2d4851a1d" relativeResultsDirectory="0cc8192b-7be2-4032-b53e-e2571e0d084a" />
    <UnitTestResult executionId="41ef71b8-7ca8-445d-845a-6ca4b49b55d5" testId="a1095294-226e-a0f0-0154-11290289c9db" testName="ToStringFormat_Passing_ValidValue_Returns_ValueWithoutRemovedChars" computerName="PC-SFERRARI" duration="00:00:00.0004692" startTime="2021-01-01T10:31:12.6233002+00:00" endTime="2021-01-01T10:31:12.6239718+00:00" testType="13cdc9d9-ddb5-4fa4-a97d-d965ccfc6d4b" outcome="Passed" testListId="8c84fa94-04c1-424b-9868-57a2d4851a1d" relativeResultsDirectory="41ef71b8-7ca8-445d-845a-6ca4b49b55d5" resultType="DataDrivenTest">
      <InnerResults>
        <UnitTestResult executionId="65e1f94c-2c8c-4201-b928-75577af58341" parentExecutionId="41ef71b8-7ca8-445d-845a-6ca4b49b55d5" testId="a1095294-226e-a0f0-0154-11290289c9db" testName="ToStringFormat_Passing_ValidValue_Returns_ValueWithoutRemovedChars (0)" computerName="PC-SFERRARI" duration="00:00:00.0003649" startTime="2021-01-01T10:31:12.6233002+00:00" endTime="2021-01-01T10:31:12.6239718+00:00" testType="13cdc9d9-ddb5-4fa4-a97d-d965ccfc6d4b" outcome="Passed" testListId="8c84fa94-04c1-424b-9868-57a2d4851a1d" relativeResultsDirectory="65e1f94c-2c8c-4201-b928-75577af58341" dataRowInfo="1" resultType="DataDrivenDataRow" />
        <UnitTestResult executionId="4a4cf942-3ade-42f8-bdc6-e16009894f79" parentExecutionId="41ef71b8-7ca8-445d-845a-6ca4b49b55d5" testId="a1095294-226e-a0f0-0154-11290289c9db" testName="ToStringFormat_Passing_ValidValue_Returns_ValueWithoutRemovedChars (1)" computerName="PC-SFERRARI" duration="00:00:00.0000066" startTime="2021-01-01T10:31:12.6233002+00:00" endTime="2021-01-01T10:31:12.6239718+00:00" testType="13cdc9d9-ddb5-4fa4-a97d-d965ccfc6d4b" outcome="Passed" testListId="8c84fa94-04c1-424b-9868-57a2d4851a1d" relativeResultsDirectory="4a4cf942-3ade-42f8-bdc6-e16009894f79" dataRowInfo="2" resultType="DataDrivenDataRow" />
        <UnitTestResult executionId="61d50510-e0b5-4d58-8920-f15beef34247" parentExecutionId="41ef71b8-7ca8-445d-845a-6ca4b49b55d5" testId="a1095294-226e-a0f0-0154-11290289c9db" testName="ToStringFormat_Passing_ValidValue_Returns_ValueWithoutRemovedChars (-1)" computerName="PC-SFERRARI" duration="00:00:00.0000089" startTime="2021-01-01T10:31:12.6233002+00:00" endTime="2021-01-01T10:31:12.6239718+00:00" testType="13cdc9d9-ddb5-4fa4-a97d-d965ccfc6d4b" outcome="Passed" testListId="8c84fa94-04c1-424b-9868-57a2d4851a1d" relativeResultsDirectory="61d50510-e0b5-4d58-8920-f15beef34247" dataRowInfo="3" resultType="DataDrivenDataRow" />
        <UnitTestResult executionId="d22e91fb-df6b-4d13-b1b3-ab3ba5d8fa7d" parentExecutionId="41ef71b8-7ca8-445d-845a-6ca4b49b55d5" testId="a1095294-226e-a0f0-0154-11290289c9db" testName="ToStringFormat_Passing_ValidValue_Returns_ValueWithoutRemovedChars (2147483647)" computerName="PC-SFERRARI" duration="00:00:00.0000025" startTime="2021-01-01T10:31:12.6233002+00:00" endTime="2021-01-01T10:31:12.6239718+00:00" testType="13cdc9d9-ddb5-4fa4-a97d-d965ccfc6d4b" outcome="Passed" testListId="8c84fa94-04c1-424b-9868-57a2d4851a1d" relativeResultsDirectory="d22e91fb-df6b-4d13-b1b3-ab3ba5d8fa7d" dataRowInfo="4" resultType="DataDrivenDataRow" />
        <UnitTestResult executionId="f2b20a57-2fb9-494b-8516-246c21ad17b2" parentExecutionId="41ef71b8-7ca8-445d-845a-6ca4b49b55d5" testId="a1095294-226e-a0f0-0154-11290289c9db" testName="ToStringFormat_Passing_ValidValue_Returns_ValueWithoutRemovedChars (-2147483648)" computerName="PC-SFERRARI" duration="00:00:00.0000021" startTime="2021-01-01T10:31:12.6233002+00:00" endTime="2021-01-01T10:31:12.6239718+00:00" testType="13cdc9d9-ddb5-4fa4-a97d-d965ccfc6d4b" outcome="Passed" testListId="8c84fa94-04c1-424b-9868-57a2d4851a1d" relativeResultsDirectory="f2b20a57-2fb9-494b-8516-246c21ad17b2" dataRowInfo="5" resultType="DataDrivenDataRow" />
      </InnerResults>
    </UnitTestResult>
    <UnitTestResult executionId="e4cf29bc-5b3b-4e6a-9b45-8aadc76668dd" testId="c8fd6d3c-b723-929b-f175-dbdc2a7be855" testName="ToIsWeekend_Passing_Sunday_DateTime_Returns_True" computerName="PC-SFERRARI" duration="00:00:00.0001198" startTime="2021-01-01T10:31:12.1895401+00:00" endTime="2021-01-01T10:31:12.1897313+00:00" testType="13cdc9d9-ddb5-4fa4-a97d-d965ccfc6d4b" outcome="Passed" testListId="8c84fa94-04c1-424b-9868-57a2d4851a1d" relativeResultsDirectory="e4cf29bc-5b3b-4e6a-9b45-8aadc76668dd" />
    <UnitTestResult executionId="67da99ec-21c6-431e-9918-59d704c40149" testId="845c887e-a785-555d-db89-1c2975a33bbb" testName="ToServiceMatchingInterface_Passing_Valid_Assembly_Returns_Service" computerName="PC-SFERRARI" duration="00:00:00.0223707" startTime="2021-01-01T10:31:12.1153003+00:00" endTime="2021-01-01T10:31:12.1377991+00:00" testType="13cdc9d9-ddb5-4fa4-a97d-d965ccfc6d4b" outcome="Passed" testListId="8c84fa94-04c1-424b-9868-57a2d4851a1d" relativeResultsDirectory="67da99ec-21c6-431e-9918-59d704c40149" />
    <UnitTestResult executionId="768e846c-7f22-4d1a-a3a0-d95d8c634d18" testId="07d50dfb-3195-c832-23d2-97ae667f2010" testName="ToString_Passing_Valid_Collection_Returns_String_With_Default_Separator" computerName="PC-SFERRARI" duration="00:00:00.0004602" startTime="2021-01-01T10:31:12.1957318+00:00" endTime="2021-01-01T10:31:12.1962952+00:00" testType="13cdc9d9-ddb5-4fa4-a97d-d965ccfc6d4b" outcome="Passed" testListId="8c84fa94-04c1-424b-9868-57a2d4851a1d" relativeResultsDirectory="768e846c-7f22-4d1a-a3a0-d95d8c634d18" />
    <UnitTestResult executionId="ce53ca5e-7678-47e5-9307-ba7efe5b6956" testId="3443f7f5-ee1a-f375-e5b1-f7ffa940c0db" testName="ToIsLastDayOfTheMonth_Passing_NotLastDayOfMonth_Returns_False" computerName="PC-SFERRARI" duration="00:00:00.0001146" startTime="2021-01-01T10:31:12.1861785+00:00" endTime="2021-01-01T10:31:12.1863640+00:00" testType="13cdc9d9-ddb5-4fa4-a97d-d965ccfc6d4b" outcome="Passed" testListId="8c84fa94-04c1-424b-9868-57a2d4851a1d" relativeResultsDirectory="ce53ca5e-7678-47e5-9307-ba7efe5b6956" />
    <UnitTestResult executionId="c0700eeb-219a-4739-a7ce-8e65e179975d" testId="04cb4b72-edc8-fe06-49e1-217ed503eff8" testName="ToDirectoryFindFilePath_Passing_ValidValue_Returns_FilePath" computerName="PC-SFERRARI" duration="00:00:00.0109195" startTime="2021-01-01T10:31:12.7658503+00:00" endTime="2021-01-01T10:31:12.7769785+00:00" testType="13cdc9d9-ddb5-4fa4-a97d-d965ccfc6d4b" outcome="Passed" testListId="8c84fa94-04c1-424b-9868-57a2d4851a1d" relativeResultsDirectory="c0700eeb-219a-4739-a7ce-8e65e179975d" />
    <UnitTestResult executionId="18a60ea4-3eff-4efa-8280-9f79c7079589" testId="34931354-7c25-7812-28fe-96ea501746b4" testName="ToSetTime_Passing_Time_String_Returns_DateTime" computerName="PC-SFERRARI" duration="00:00:00.0004440" startTime="2021-01-01T10:31:12.1901475+00:00" endTime="2021-01-01T10:31:12.1906595+00:00" testType="13cdc9d9-ddb5-4fa4-a97d-d965ccfc6d4b" outcome="Passed" testListId="8c84fa94-04c1-424b-9868-57a2d4851a1d" relativeResultsDirectory="18a60ea4-3eff-4efa-8280-9f79c7079589" />
    <UnitTestResult executionId="45ee0183-aa58-474c-a3bd-574584f266da" testId="a272f84c-2bd5-daa4-4afe-22346b802f86" testName="ToGet_Passing_Claims_Returns_Claim_Value_Object" computerName="PC-SFERRARI" duration="00:00:00.0043470" startTime="2021-01-01T10:31:12.0296451+00:00" endTime="2021-01-01T10:31:12.0341170+00:00" testType="13cdc9d9-ddb5-4fa4-a97d-d965ccfc6d4b" outcome="Passed" testListId="8c84fa94-04c1-424b-9868-57a2d4851a1d" relativeResultsDirectory="45ee0183-aa58-474c-a3bd-574584f266da" />
    <UnitTestResult executionId="16cb67b4-ee96-4a15-8f4f-8aa92a380ead" testId="66f7bc12-fe2b-fd81-3cbf-5bc4840aa6f8" testName="ToConfiguration_Passing_Key_Values_Returns_Ok" computerName="PC-SFERRARI" duration="00:00:00.0141263" startTime="2021-01-01T10:31:12.0501750+00:00" endTime="2021-01-01T10:31:12.0644664+00:00" testType="13cdc9d9-ddb5-4fa4-a97d-d965ccfc6d4b" outcome="Passed" testListId="8c84fa94-04c1-424b-9868-57a2d4851a1d" relativeResultsDirectory="16cb67b4-ee96-4a15-8f4f-8aa92a380ead" />
    <UnitTestResult executionId="a11faab5-be58-41ae-ae18-286ecc1b3a17" testId="180814cc-22f9-91b2-cd9a-f54be7e1ba18" testName="IsEmail_Passing_InvalidArguments_Returns_HasErrorsAndCount" computerName="PC-SFERRARI" duration="00:00:00.0002195" startTime="2021-01-01T10:31:11.9042208+00:00" endTime="2021-01-01T10:31:11.9045355+00:00" testType="13cdc9d9-ddb5-4fa4-a97d-d965ccfc6d4b" outcome="Passed" testListId="8c84fa94-04c1-424b-9868-57a2d4851a1d" relativeResultsDirectory="a11faab5-be58-41ae-ae18-286ecc1b3a17" />
    <UnitTestResult executionId="a43a5866-496a-4be1-9463-e4f4dc65b56c" testId="e1a72c94-958d-7abb-4a96-4b60b12f8157" testName="ToFullMessage_Passing_ExceptionWithMessageWithInnerException_Returns_Full_Message" computerName="PC-SFERRARI" duration="00:00:00.0034458" startTime="2021-01-01T10:31:12.2261282+00:00" endTime="2021-01-01T10:31:12.2300245+00:00" testType="13cdc9d9-ddb5-4fa4-a97d-d965ccfc6d4b" outcome="Passed" testListId="8c84fa94-04c1-424b-9868-57a2d4851a1d" relativeResultsDirectory="a43a5866-496a-4be1-9463-e4f4dc65b56c" />
    <UnitTestResult executionId="899ce3af-44cc-43ae-a93c-fefabdf0fd97" testId="c87d842d-198f-fc52-0a70-418a5e5378ab" testName="IsEqual_Passing_InvalidArguments_Returns_HasErrorsAndCount" computerName="PC-SFERRARI" duration="00:00:00.0006762" startTime="2021-01-01T10:31:11.9045594+00:00" endTime="2021-01-01T10:31:11.9053184+00:00" testType="13cdc9d9-ddb5-4fa4-a97d-d965ccfc6d4b" outcome="Passed" testListId="8c84fa94-04c1-424b-9868-57a2d4851a1d" relativeResultsDirectory="899ce3af-44cc-43ae-a93c-fefabdf0fd97" />
    <UnitTestResult executionId="e81621d7-252b-47da-a507-649fbf50b363" testId="fe683836-27ec-729e-5fe1-a9c2674a6d87" testName="IsRegexMatch_Passing_InvalidArguments_Returns_HasErrorsAndCount" computerName="PC-SFERRARI" duration="00:00:00.0004798" startTime="2021-01-01T10:31:11.9344108+00:00" endTime="2021-01-01T10:31:11.9351364+00:00" testType="13cdc9d9-ddb5-4fa4-a97d-d965ccfc6d4b" outcome="Passed" testListId="8c84fa94-04c1-424b-9868-57a2d4851a1d" relativeResultsDirectory="e81621d7-252b-47da-a507-649fbf50b363" />
    <UnitTestResult executionId="441c7219-f8b7-4802-b494-a73408e0b9c4" testId="4a2e80a7-472b-b7f7-ba61-ac77aed5735d" testName="ToHeader_Passing_HttpRequest_Header_Value_Returns_Value" computerName="PC-SFERRARI" duration="00:00:00.0008338" startTime="2021-01-01T10:31:12.4172034+00:00" endTime="2021-01-01T10:31:12.4182068+00:00" testType="13cdc9d9-ddb5-4fa4-a97d-d965ccfc6d4b" outcome="Passed" testListId="8c84fa94-04c1-424b-9868-57a2d4851a1d" relativeResultsDirectory="441c7219-f8b7-4802-b494-a73408e0b9c4" />
    <UnitTestResult executionId="5a257a38-f227-4052-aaf4-a22bf0639715" testId="8a110a46-40a4-c9bb-083e-1c3fcb5b45b7" testName="ToCompress_Passing_Object_Bytes_Returns_Object" computerName="PC-SFERRARI" duration="00:00:00.0177789" startTime="2021-01-01T10:31:11.8251825+00:00" endTime="2021-01-01T10:31:11.8432377+00:00" testType="13cdc9d9-ddb5-4fa4-a97d-d965ccfc6d4b" outcome="Passed" testListId="8c84fa94-04c1-424b-9868-57a2d4851a1d" relativeResultsDirectory="5a257a38-f227-4052-aaf4-a22bf0639715" />
    <UnitTestResult executionId="160ddb8b-544c-45c0-b093-fe864c8f724f" testId="0cfd0c7c-1a61-7d19-c2fa-3c8a47ccf09c" testName="ToValues_Passing_ValidEnumType_Returns_ValuesListString" computerName="PC-SFERRARI" duration="00:00:00.0013975" startTime="2021-01-01T10:31:12.2244941+00:00" endTime="2021-01-01T10:31:12.2260554+00:00" testType="13cdc9d9-ddb5-4fa4-a97d-d965ccfc6d4b" outcome="Passed" testListId="8c84fa94-04c1-424b-9868-57a2d4851a1d" relativeResultsDirectory="160ddb8b-544c-45c0-b093-fe864c8f724f" />
    <UnitTestResult executionId="4f5205dd-ba88-492a-b452-b93ceca0c2c7" testId="bc6955b8-aec0-957c-bad4-853e5cfa19a1" testName="ToCount_Passing_ValidEnumType_Returns_Count" computerName="PC-SFERRARI" duration="00:00:00.0007954" startTime="2021-01-01T10:31:12.2089436+00:00" endTime="2021-01-01T10:31:12.2100665+00:00" testType="13cdc9d9-ddb5-4fa4-a97d-d965ccfc6d4b" outcome="Passed" testListId="8c84fa94-04c1-424b-9868-57a2d4851a1d" relativeResultsDirectory="4f5205dd-ba88-492a-b452-b93ceca0c2c7" />
    <UnitTestResult executionId="6efdc65f-9138-459b-a610-c4f36bc3c587" testId="3bd7277d-4ad0-51ee-d24c-53176ec3cc7f" testName="IsDomain_Passing_InvalidArguments_Returns_HasErrorsAndCount" computerName="PC-SFERRARI" duration="00:00:00.0037552" startTime="2021-01-01T10:31:11.8947596+00:00" endTime="2021-01-01T10:31:11.8986380+00:00" testType="13cdc9d9-ddb5-4fa4-a97d-d965ccfc6d4b" outcome="Passed" testListId="8c84fa94-04c1-424b-9868-57a2d4851a1d" relativeResultsDirectory="6efdc65f-9138-459b-a610-c4f36bc3c587" />
    <UnitTestResult executionId="25e3db71-257b-43f4-b3f0-20322db2e745" testId="006d3c07-11d3-9f4b-c045-6799df52bbfb" testName="IsLowercase_Passing_ValidArguments_Returns_HasErrorsAndCount" computerName="PC-SFERRARI" duration="00:00:00.0002266" startTime="2021-01-01T10:31:11.9205136+00:00" endTime="2021-01-01T10:31:11.9208596+00:00" testType="13cdc9d9-ddb5-4fa4-a97d-d965ccfc6d4b" outcome="Passed" testListId="8c84fa94-04c1-424b-9868-57a2d4851a1d" relativeResultsDirectory="25e3db71-257b-43f4-b3f0-20322db2e745" />
    <UnitTestResult executionId="e166db8a-0fc6-4a3e-96a2-2fb76e75e7bb" testId="29295413-2308-fade-9c98-0e9ed6c67839" testName="ToDirectoryReadFileAsync_Passing_ValidValue_Returns_False" computerName="PC-SFERRARI" duration="00:00:00.0144672" startTime="2021-01-01T10:31:12.7770368+00:00" endTime="2021-01-01T10:31:12.7917828+00:00" testType="13cdc9d9-ddb5-4fa4-a97d-d965ccfc6d4b" outcome="Passed" testListId="8c84fa94-04c1-424b-9868-57a2d4851a1d" relativeResultsDirectory="e166db8a-0fc6-4a3e-96a2-2fb76e75e7bb" />
    <UnitTestResult executionId="366324f1-e4dd-408d-9138-fd7fe8047046" testId="225c09bd-86d5-d9ce-d2b8-18431ca384e3" testName="ToDefaultValue_Passing_ValidGuid_Returns_DefaultValue" computerName="PC-SFERRARI" duration="00:00:00.0003535" startTime="2021-01-01T10:31:13.2010488+00:00" endTime="2021-01-01T10:31:13.2015409+00:00" testType="13cdc9d9-ddb5-4fa4-a97d-d965ccfc6d4b" outcome="Passed" testListId="8c84fa94-04c1-424b-9868-57a2d4851a1d" relativeResultsDirectory="366324f1-e4dd-408d-9138-fd7fe8047046" />
    <UnitTestResult executionId="12754ee4-428e-4621-bc40-33fad017c3f1" testId="0e702ef4-7e85-bcb3-3879-32ee56a27932" testName="IsName_Passing_ValidArguments_Returns_HasErrorsAndCount" computerName="PC-SFERRARI" duration="00:00:00.0002607" startTime="2021-01-01T10:31:11.9212598+00:00" endTime="2021-01-01T10:31:11.9216212+00:00" testType="13cdc9d9-ddb5-4fa4-a97d-d965ccfc6d4b" outcome="Passed" testListId="8c84fa94-04c1-424b-9868-57a2d4851a1d" relativeResultsDirectory="12754ee4-428e-4621-bc40-33fad017c3f1" />
    <UnitTestResult executionId="b805dfe5-6c0b-470c-b09e-37c7cee56bcf" testId="5385d994-9594-6052-11cb-73f8d2344981" testName="ToPath_Passing_HttpRequest_Scheme_Host_Path_Returns_Url" computerName="PC-SFERRARI" duration="00:00:00.0036444" startTime="2021-01-01T10:31:12.4182469+00:00" endTime="2021-01-01T10:31:12.4220277+00:00" testType="13cdc9d9-ddb5-4fa4-a97d-d965ccfc6d4b" outcome="Passed" testListId="8c84fa94-04c1-424b-9868-57a2d4851a1d" relativeResultsDirectory="b805dfe5-6c0b-470c-b09e-37c7cee56bcf" />
    <UnitTestResult executionId="e0f73219-aa83-4e50-a38d-05f430dea4ca" testId="0ee8121e-b492-a57d-d072-de988a4e30f8" testName="ToMapNew_Passing_TDestination_Returns_New_Destination_Object" computerName="PC-SFERRARI" duration="00:00:00.0056501" startTime="2021-01-01T10:31:11.6109079+00:00" endTime="2021-01-01T10:31:11.6167448+00:00" testType="13cdc9d9-ddb5-4fa4-a97d-d965ccfc6d4b" outcome="Passed" testListId="8c84fa94-04c1-424b-9868-57a2d4851a1d" relativeResultsDirectory="e0f73219-aa83-4e50-a38d-05f430dea4ca" />
    <UnitTestResult executionId="12b7d2e0-63c4-4605-93d3-89a15af2198b" testId="29112d2a-2e73-305d-ec50-12fc95c28627" testName="ToReplaceSpecialChars_Passing_ValidValue_Returns_ReplacedValueWithoutIgnoreSpecialChars" computerName="PC-SFERRARI" duration="00:00:00.0013031" startTime="2021-01-01T10:31:12.9442781+00:00" endTime="2021-01-01T10:31:12.9459961+00:00" testType="13cdc9d9-ddb5-4fa4-a97d-d965ccfc6d4b" outcome="Passed" testListId="8c84fa94-04c1-424b-9868-57a2d4851a1d" relativeResultsDirectory="12b7d2e0-63c4-4605-93d3-89a15af2198b" resultType="DataDrivenTest">
      <InnerResults>
        <UnitTestResult executionId="9b67d863-21c2-42ee-9fba-dd38ea419af1" parentExecutionId="12b7d2e0-63c4-4605-93d3-89a15af2198b" testId="29112d2a-2e73-305d-ec50-12fc95c28627" testName="ToReplaceSpecialChars_Passing_ValidValue_Returns_ReplacedValueWithoutIgnoreSpecialChars (àáäâãøçħ,aaaaaoch)" computerName="PC-SFERRARI" duration="00:00:00.0003317" startTime="2021-01-01T10:31:12.9442781+00:00" endTime="2021-01-01T10:31:12.9459961+00:00" testType="13cdc9d9-ddb5-4fa4-a97d-d965ccfc6d4b" outcome="Passed" testListId="8c84fa94-04c1-424b-9868-57a2d4851a1d" relativeResultsDirectory="9b67d863-21c2-42ee-9fba-dd38ea419af1" dataRowInfo="1" resultType="DataDrivenDataRow" />
        <UnitTestResult executionId="3da8c215-ff93-4b72-a2c4-0cf00a7b0f83" parentExecutionId="12b7d2e0-63c4-4605-93d3-89a15af2198b" testId="29112d2a-2e73-305d-ec50-12fc95c28627" testName="ToReplaceSpecialChars_Passing_ValidValue_Returns_ReplacedValueWithoutIgnoreSpecialChars ( àáäâ ãøçħ , aaaa aoch )" computerName="PC-SFERRARI" duration="00:00:00.0000527" startTime="2021-01-01T10:31:12.9442781+00:00" endTime="2021-01-01T10:31:12.9459961+00:00" testType="13cdc9d9-ddb5-4fa4-a97d-d965ccfc6d4b" outcome="Passed" testListId="8c84fa94-04c1-424b-9868-57a2d4851a1d" relativeResultsDirectory="3da8c215-ff93-4b72-a2c4-0cf00a7b0f83" dataRowInfo="2" resultType="DataDrivenDataRow" />
        <UnitTestResult executionId="66de003b-5751-4011-a721-0b19f682069e" parentExecutionId="12b7d2e0-63c4-4605-93d3-89a15af2198b" testId="29112d2a-2e73-305d-ec50-12fc95c28627" testName="ToReplaceSpecialChars_Passing_ValidValue_Returns_ReplacedValueWithoutIgnoreSpecialChars (*¨^_:-?¿;,)" computerName="PC-SFERRARI" duration="00:00:00.0000474" startTime="2021-01-01T10:31:12.9442781+00:00" endTime="2021-01-01T10:31:12.9459961+00:00" testType="13cdc9d9-ddb5-4fa4-a97d-d965ccfc6d4b" outcome="Passed" testListId="8c84fa94-04c1-424b-9868-57a2d4851a1d" relativeResultsDirectory="66de003b-5751-4011-a721-0b19f682069e" dataRowInfo="3" resultType="DataDrivenDataRow" />
        <UnitTestResult executionId="07e706a7-f87d-4c5a-98cd-4623f86219a8" parentExecutionId="12b7d2e0-63c4-4605-93d3-89a15af2198b" testId="29112d2a-2e73-305d-ec50-12fc95c28627" testName="ToReplaceSpecialChars_Passing_ValidValue_Returns_ReplacedValueWithoutIgnoreSpecialChars ( * ¨ ^ _ : - ? ¿ ; ,          )" computerName="PC-SFERRARI" duration="00:00:00.0003560" startTime="2021-01-01T10:31:12.9442781+00:00" endTime="2021-01-01T10:31:12.9459961+00:00" testType="13cdc9d9-ddb5-4fa4-a97d-d965ccfc6d4b" outcome="Passed" testListId="8c84fa94-04c1-424b-9868-57a2d4851a1d" relativeResultsDirectory="07e706a7-f87d-4c5a-98cd-4623f86219a8" dataRowInfo="4" resultType="DataDrivenDataRow" />
        <UnitTestResult executionId="074f569d-d5d9-4424-bf07-65f05bb32477" parentExecutionId="12b7d2e0-63c4-4605-93d3-89a15af2198b" testId="29112d2a-2e73-305d-ec50-12fc95c28627" testName="ToReplaceSpecialChars_Passing_ValidValue_Returns_ReplacedValueWithoutIgnoreSpecialChars (*¨^_:-?¿;,?¿,?¿)" computerName="PC-SFERRARI" duration="00:00:00.0000439" startTime="2021-01-01T10:31:12.9442781+00:00" endTime="2021-01-01T10:31:12.9459961+00:00" testType="13cdc9d9-ddb5-4fa4-a97d-d965ccfc6d4b" outcome="Passed" testListId="8c84fa94-04c1-424b-9868-57a2d4851a1d" relativeResultsDirectory="074f569d-d5d9-4424-bf07-65f05bb32477" dataRowInfo="5" resultType="DataDrivenDataRow" />
      </InnerResults>
    </UnitTestResult>
    <UnitTestResult executionId="741533e3-3917-4d2e-b556-a7db8d869bb5" testId="e9b23f0c-0cde-4603-1739-ee642fd33c36" testName="ToSubdomain_Passing_HttpRequest_Host_Returns_Subdomain" computerName="PC-SFERRARI" duration="00:00:00.0016365" startTime="2021-01-01T10:31:12.4221151+00:00" endTime="2021-01-01T10:31:12.4239110+00:00" testType="13cdc9d9-ddb5-4fa4-a97d-d965ccfc6d4b" outcome="Passed" testListId="8c84fa94-04c1-424b-9868-57a2d4851a1d" relativeResultsDirectory="741533e3-3917-4d2e-b556-a7db8d869bb5" />
  </Results>
  <TestDefinitions>
    <UnitTest name="ToIsAuthenticated_Passing_Claims_Returns_False" storage="d:\sferrari\01 - trabajo\repos\netcore\template-netcore-shared\kitpymes.core.shared.tests\bin\debug\netcoreapp3.0\kitpymes.core.shared.tests.dll" id="7384e2f6-7a7f-d462-78fa-5bf7f49c326a">
      <Execution id="826d98d5-2d5b-4d77-b166-8cf1ff27a08d" />
      <TestMethod codeBase="D:\SFERRARI\01 - TRABAJO\repos\netcore\template-netcore-shared\Kitpymes.Core.Shared.Tests\bin\Debug\netcoreapp3.0\Kitpymes.Core.Shared.Tests.dll" adapterTypeName="executor://mstestadapter/v2" className="Kitpymes.Core.Shared.Tests.ClaimsPrincipalExtensionsTests" name="ToIsAuthenticated_Passing_Claims_Returns_False" />
    </UnitTest>
    <UnitTest name="ToReadOnly_Passing_Valid_Collection_Returns_Readonly_Collection" storage="d:\sferrari\01 - trabajo\repos\netcore\template-netcore-shared\kitpymes.core.shared.tests\bin\debug\netcoreapp3.0\kitpymes.core.shared.tests.dll" id="42ded375-26ee-044e-44a7-9eab5e4cd342">
      <Execution id="05ccc688-a821-453f-82f2-3dcbe1aee488" />
      <TestMethod codeBase="D:\SFERRARI\01 - TRABAJO\repos\netcore\template-netcore-shared\Kitpymes.Core.Shared.Tests\bin\Debug\netcoreapp3.0\Kitpymes.Core.Shared.Tests.dll" adapterTypeName="executor://mstestadapter/v2" className="Kitpymes.Core.Shared.Tests.EnumerableExtensionsTests" name="ToReadOnly_Passing_Valid_Collection_Returns_Readonly_Collection" />
    </UnitTest>
    <UnitTest name="ToUserName_Passing_Null_ClaimsPrincipal_Returns_ApplicationException" storage="d:\sferrari\01 - trabajo\repos\netcore\template-netcore-shared\kitpymes.core.shared.tests\bin\debug\netcoreapp3.0\kitpymes.core.shared.tests.dll" id="65b9c427-b5ec-99b4-199a-0093cd460501">
      <Execution id="97ddfbce-d496-41cc-8c92-af3e37bfef9c" />
      <TestMethod codeBase="D:\SFERRARI\01 - TRABAJO\repos\netcore\template-netcore-shared\Kitpymes.Core.Shared.Tests\bin\Debug\netcoreapp3.0\Kitpymes.Core.Shared.Tests.dll" adapterTypeName="executor://mstestadapter/v2" className="Kitpymes.Core.Shared.Tests.ClaimsPrincipalExtensionsTests" name="ToUserName_Passing_Null_ClaimsPrincipal_Returns_ApplicationException" />
    </UnitTest>
    <UnitTest name="ToDirectoryFindFilePath_Passing_ValidValue_Returns_FilePath" storage="d:\sferrari\01 - trabajo\repos\netcore\template-netcore-shared\kitpymes.core.shared.tests\bin\debug\netcoreapp3.0\kitpymes.core.shared.tests.dll" id="04cb4b72-edc8-fe06-49e1-217ed503eff8">
      <Execution id="c0700eeb-219a-4739-a7ce-8e65e179975d" />
      <TestMethod codeBase="D:\SFERRARI\01 - TRABAJO\repos\netcore\template-netcore-shared\Kitpymes.Core.Shared.Tests\bin\Debug\netcoreapp3.0\Kitpymes.Core.Shared.Tests.dll" adapterTypeName="executor://mstestadapter/v2" className="Kitpymes.Core.Shared.Tests.StringExtensionsTests" name="ToDirectoryFindFilePath_Passing_ValidValue_Returns_FilePath" />
    </UnitTest>
    <UnitTest name="ToIsLastDayOfTheMonth_Passing_NotLastDayOfMonth_Returns_False" storage="d:\sferrari\01 - trabajo\repos\netcore\template-netcore-shared\kitpymes.core.shared.tests\bin\debug\netcoreapp3.0\kitpymes.core.shared.tests.dll" id="3443f7f5-ee1a-f375-e5b1-f7ffa940c0db">
      <Execution id="ce53ca5e-7678-47e5-9307-ba7efe5b6956" />
      <TestMethod codeBase="D:\SFERRARI\01 - TRABAJO\repos\netcore\template-netcore-shared\Kitpymes.Core.Shared.Tests\bin\Debug\netcoreapp3.0\Kitpymes.Core.Shared.Tests.dll" adapterTypeName="executor://mstestadapter/v2" className="Kitpymes.Core.Shared.Tests.DateTimeExtensionsTests" name="ToIsLastDayOfTheMonth_Passing_NotLastDayOfMonth_Returns_False" />
    </UnitTest>
    <UnitTest name="ToDefaultValue_Passing_bool_Returns_Cero" storage="d:\sferrari\01 - trabajo\repos\netcore\template-netcore-shared\kitpymes.core.shared.tests\bin\debug\netcoreapp3.0\kitpymes.core.shared.tests.dll" id="432377b9-b0ad-9a2a-6dc2-e1069e73c449">
      <Execution id="42473c72-b603-456e-bac6-43b2f040fb8e" />
      <TestMethod codeBase="D:\SFERRARI\01 - TRABAJO\repos\netcore\template-netcore-shared\Kitpymes.Core.Shared.Tests\bin\Debug\netcoreapp3.0\Kitpymes.Core.Shared.Tests.dll" adapterTypeName="executor://mstestadapter/v2" className="Kitpymes.Core.Shared.Tests.GenericExtensionsTests" name="ToDefaultValue_Passing_bool_Returns_Cero" />
    </UnitTest>
    <UnitTest name="ToString_Passing_Valid_Collection_With_Custom_Separator_Returns_String_With_Custom_Separator" storage="d:\sferrari\01 - trabajo\repos\netcore\template-netcore-shared\kitpymes.core.shared.tests\bin\debug\netcoreapp3.0\kitpymes.core.shared.tests.dll" id="bf8f6922-5666-8ec7-1500-aabd5997d6a4">
      <Execution id="b8057e24-5b87-47d7-88d3-d0c59ec1d95d" />
      <TestMethod codeBase="D:\SFERRARI\01 - TRABAJO\repos\netcore\template-netcore-shared\Kitpymes.Core.Shared.Tests\bin\Debug\netcoreapp3.0\Kitpymes.Core.Shared.Tests.dll" adapterTypeName="executor://mstestadapter/v2" className="Kitpymes.Core.Shared.Tests.EnumerableExtensionsTests" name="ToString_Passing_Valid_Collection_With_Custom_Separator_Returns_String_With_Custom_Separator" />
    </UnitTest>
    <UnitTest name="ToMapClone_Passing_Source_Returns_New_Source_Object" storage="d:\sferrari\01 - trabajo\repos\netcore\template-netcore-shared\kitpymes.core.shared.tests\bin\debug\netcoreapp3.0\kitpymes.core.shared.tests.dll" id="27cc1a96-8264-8762-05bc-aa63ccb155d7">
      <Execution id="d098cf9d-8c4c-401c-8391-282a6f11c094" />
      <TestMethod codeBase="D:\SFERRARI\01 - TRABAJO\repos\netcore\template-netcore-shared\Kitpymes.Core.Shared.Tests\bin\Debug\netcoreapp3.0\Kitpymes.Core.Shared.Tests.dll" adapterTypeName="executor://mstestadapter/v2" className="Kitpymes.Core.Shared.Tests.AgileMapperExtensionsTests" name="ToMapClone_Passing_Source_Returns_New_Source_Object" />
    </UnitTest>
    <UnitTest name="IsLess_Passing_InvalidArguments_Returns_HasErrorsAndCount" storage="d:\sferrari\01 - trabajo\repos\netcore\template-netcore-shared\kitpymes.core.shared.tests\bin\debug\netcoreapp3.0\kitpymes.core.shared.tests.dll" id="4d9bde6c-668c-a1d3-dc60-edcfc6a4082c">
      <Execution id="5987e070-5b0c-43b1-a034-4cbdbb706c6a" />
      <TestMethod codeBase="D:\SFERRARI\01 - TRABAJO\repos\netcore\template-netcore-shared\Kitpymes.Core.Shared.Tests\bin\Debug\netcoreapp3.0\Kitpymes.Core.Shared.Tests.dll" adapterTypeName="executor://mstestadapter/v2" className="Kitpymes.Core.Shared.Tests.CheckTests" name="IsLess_Passing_InvalidArguments_Returns_HasErrorsAndCount" />
    </UnitTest>
    <UnitTest name="ToInt_Passing_InvalidValueString_Returns_DefaultValue" storage="d:\sferrari\01 - trabajo\repos\netcore\template-netcore-shared\kitpymes.core.shared.tests\bin\debug\netcoreapp3.0\kitpymes.core.shared.tests.dll" id="19f76070-822e-31f8-2a9f-a96f774333a7">
      <Execution id="f4baa7f5-f0a7-49a2-b219-011370826ac2" />
      <TestMethod codeBase="D:\SFERRARI\01 - TRABAJO\repos\netcore\template-netcore-shared\Kitpymes.Core.Shared.Tests\bin\Debug\netcoreapp3.0\Kitpymes.Core.Shared.Tests.dll" adapterTypeName="executor://mstestadapter/v2" className="Kitpymes.Core.Shared.Tests.StringExtensionsTests" name="ToInt_Passing_InvalidValueString_Returns_DefaultValue" />
    </UnitTest>
    <UnitTest name="ToEnum_Passing_InvalidValueString_Returns_EnumCustomValue" storage="d:\sferrari\01 - trabajo\repos\netcore\template-netcore-shared\kitpymes.core.shared.tests\bin\debug\netcoreapp3.0\kitpymes.core.shared.tests.dll" id="7c09a438-5465-f760-64b2-23d25fc199f5">
      <Execution id="8c33fa06-e859-4b7a-8b2d-3ce01ae59358" />
      <TestMethod codeBase="D:\SFERRARI\01 - TRABAJO\repos\netcore\template-netcore-shared\Kitpymes.Core.Shared.Tests\bin\Debug\netcoreapp3.0\Kitpymes.Core.Shared.Tests.dll" adapterTypeName="executor://mstestadapter/v2" className="Kitpymes.Core.Shared.Tests.StringExtensionsTests" name="ToEnum_Passing_InvalidValueString_Returns_EnumCustomValue" />
    </UnitTest>
    <UnitTest name="ToHeader_Passing_HttpRequest_Header_Many_Values_Returns_Values" storage="d:\sferrari\01 - trabajo\repos\netcore\template-netcore-shared\kitpymes.core.shared.tests\bin\debug\netcoreapp3.0\kitpymes.core.shared.tests.dll" id="43c10c64-8836-30db-afbe-d1657a7dd9d8">
      <Execution id="e8349e8c-3efd-4780-8cef-d6f7a9884bfd" />
      <TestMethod codeBase="D:\SFERRARI\01 - TRABAJO\repos\netcore\template-netcore-shared\Kitpymes.Core.Shared.Tests\bin\Debug\netcoreapp3.0\Kitpymes.Core.Shared.Tests.dll" adapterTypeName="executor://mstestadapter/v2" className="Kitpymes.Core.Shared.Tests.HttpRequestExtensionsTests" name="ToHeader_Passing_HttpRequest_Header_Many_Values_Returns_Values" />
    </UnitTest>
    <UnitTest name="ToGetAll_Passing_Claims_Returns_Claim_Value_Object_List" storage="d:\sferrari\01 - trabajo\repos\netcore\template-netcore-shared\kitpymes.core.shared.tests\bin\debug\netcoreapp3.0\kitpymes.core.shared.tests.dll" id="2e87c537-4979-f58b-6e83-f3d4ee161ff1">
      <Execution id="9470fa10-c8bf-41c4-b901-58d77dd17f0d" />
      <TestMethod codeBase="D:\SFERRARI\01 - TRABAJO\repos\netcore\template-netcore-shared\Kitpymes.Core.Shared.Tests\bin\Debug\netcoreapp3.0\Kitpymes.Core.Shared.Tests.dll" adapterTypeName="executor://mstestadapter/v2" className="Kitpymes.Core.Shared.Tests.ClaimsPrincipalExtensionsTests" name="ToGetAll_Passing_Claims_Returns_Claim_Value_Object_List" />
    </UnitTest>
    <UnitTest name="ToAssembly_Passing_ValidValueAssemblyString_Returns_Assembly" storage="d:\sferrari\01 - trabajo\repos\netcore\template-netcore-shared\kitpymes.core.shared.tests\bin\debug\netcoreapp3.0\kitpymes.core.shared.tests.dll" id="3721d3c1-7c03-ad84-143f-64bfeb5b314e">
      <Execution id="f6454c97-d44e-488a-afa6-0454e96c2cf1" />
      <TestMethod codeBase="D:\SFERRARI\01 - TRABAJO\repos\netcore\template-netcore-shared\Kitpymes.Core.Shared.Tests\bin\Debug\netcoreapp3.0\Kitpymes.Core.Shared.Tests.dll" adapterTypeName="executor://mstestadapter/v2" className="Kitpymes.Core.Shared.Tests.StringExtensionsTests" name="ToAssembly_Passing_ValidValueAssemblyString_Returns_Assembly" />
    </UnitTest>
    <UnitTest name="ToDefaultValue_Passing_double_Returns_Cero" storage="d:\sferrari\01 - trabajo\repos\netcore\template-netcore-shared\kitpymes.core.shared.tests\bin\debug\netcoreapp3.0\kitpymes.core.shared.tests.dll" id="f752d50b-77fa-327a-4493-168161bd27b2">
      <Execution id="f8eee10e-7311-4df5-b54a-444bd34e7b6e" />
      <TestMethod codeBase="D:\SFERRARI\01 - TRABAJO\repos\netcore\template-netcore-shared\Kitpymes.Core.Shared.Tests\bin\Debug\netcoreapp3.0\Kitpymes.Core.Shared.Tests.dll" adapterTypeName="executor://mstestadapter/v2" className="Kitpymes.Core.Shared.Tests.GenericExtensionsTests" name="ToDefaultValue_Passing_double_Returns_Cero" />
    </UnitTest>
    <UnitTest name="ToDefaultValue_Passing_char_Returns_Cero" storage="d:\sferrari\01 - trabajo\repos\netcore\template-netcore-shared\kitpymes.core.shared.tests\bin\debug\netcoreapp3.0\kitpymes.core.shared.tests.dll" id="17a38df3-33e0-71ac-f8cb-dcdd3ade7269">
      <Execution id="1ed4809a-d7bb-4cd1-ac28-a3eeac23b203" />
      <TestMethod codeBase="D:\SFERRARI\01 - TRABAJO\repos\netcore\template-netcore-shared\Kitpymes.Core.Shared.Tests\bin\Debug\netcoreapp3.0\Kitpymes.Core.Shared.Tests.dll" adapterTypeName="executor://mstestadapter/v2" className="Kitpymes.Core.Shared.Tests.GenericExtensionsTests" name="ToDefaultValue_Passing_char_Returns_Cero" />
    </UnitTest>
    <UnitTest name="ToCompress_Passing_Object_Bytes_Returns_Object" storage="d:\sferrari\01 - trabajo\repos\netcore\template-netcore-shared\kitpymes.core.shared.tests\bin\debug\netcoreapp3.0\kitpymes.core.shared.tests.dll" id="8a110a46-40a4-c9bb-083e-1c3fcb5b45b7">
      <Execution id="5a257a38-f227-4052-aaf4-a22bf0639715" />
      <TestMethod codeBase="D:\SFERRARI\01 - TRABAJO\repos\netcore\template-netcore-shared\Kitpymes.Core.Shared.Tests\bin\Debug\netcoreapp3.0\Kitpymes.Core.Shared.Tests.dll" adapterTypeName="executor://mstestadapter/v2" className="Kitpymes.Core.Shared.Tests.BytesExtensionsTests" name="ToCompress_Passing_Object_Bytes_Returns_Object" />
    </UnitTest>
    <UnitTest name="CreateRandom_WithCustomAllowableCharacters_Passing_Valid_Arguments_Returns_String_Random_Value" storage="d:\sferrari\01 - trabajo\repos\netcore\template-netcore-shared\kitpymes.core.shared.tests\bin\debug\netcoreapp3.0\kitpymes.core.shared.tests.dll" id="430dec51-b9df-7e06-fff9-78e6d362c2d8">
      <Execution id="45890b05-cb1a-4cec-8ff7-c853f32cf543" />
      <TestMethod codeBase="D:\SFERRARI\01 - TRABAJO\repos\netcore\template-netcore-shared\Kitpymes.Core.Shared.Tests\bin\Debug\netcoreapp3.0\Kitpymes.Core.Shared.Tests.dll" adapterTypeName="executor://mstestadapter/v2" className="Kitpymes.Core.Shared.Tests.HashTests" name="CreateRandom_WithCustomAllowableCharacters_Passing_Valid_Arguments_Returns_String_Random_Value" />
    </UnitTest>
    <UnitTest name="ToEnvironment_ServiceCollection_Passing_Production_Enviroment_Returns_Production_Name" storage="d:\sferrari\01 - trabajo\repos\netcore\template-netcore-shared\kitpymes.core.shared.tests\bin\debug\netcoreapp3.0\kitpymes.core.shared.tests.dll" id="15fe55e5-cdce-6280-ea15-ef777735767c">
      <Execution id="ce3fe767-64e1-4052-9261-79bcb744015d" />
      <TestMethod codeBase="D:\SFERRARI\01 - TRABAJO\repos\netcore\template-netcore-shared\Kitpymes.Core.Shared.Tests\bin\Debug\netcoreapp3.0\Kitpymes.Core.Shared.Tests.dll" adapterTypeName="executor://mstestadapter/v2" className="Kitpymes.Core.Shared.Tests.ConfigurationBuilderExtensionsTests" name="ToEnvironment_ServiceCollection_Passing_Production_Enviroment_Returns_Production_Name" />
    </UnitTest>
    <UnitTest name="ToServiceMatchingInterface_Passing_Empties_Assemblies_Returns_ApplicationException" storage="d:\sferrari\01 - trabajo\repos\netcore\template-netcore-shared\kitpymes.core.shared.tests\bin\debug\netcoreapp3.0\kitpymes.core.shared.tests.dll" id="760ae14b-6c0d-0288-811d-408b67937415">
      <Execution id="f4acf713-a1db-46cb-bb74-1d0b40c218d2" />
      <TestMethod codeBase="D:\SFERRARI\01 - TRABAJO\repos\netcore\template-netcore-shared\Kitpymes.Core.Shared.Tests\bin\Debug\netcoreapp3.0\Kitpymes.Core.Shared.Tests.dll" adapterTypeName="executor://mstestadapter/v2" className="Kitpymes.Core.Shared.Tests.ConfigurationBuilderExtensionsTests" name="ToServiceMatchingInterface_Passing_Empties_Assemblies_Returns_ApplicationException" />
    </UnitTest>
    <UnitTest name="ToMapUpdate_Passing_Destination_Object_Returns_Updated_Destination_Object" storage="d:\sferrari\01 - trabajo\repos\netcore\template-netcore-shared\kitpymes.core.shared.tests\bin\debug\netcoreapp3.0\kitpymes.core.shared.tests.dll" id="71a1897b-b713-c047-1c23-5efdff095b20">
      <Execution id="a0c0db60-0285-408d-b92f-2e30ae688c7f" />
      <TestMethod codeBase="D:\SFERRARI\01 - TRABAJO\repos\netcore\template-netcore-shared\Kitpymes.Core.Shared.Tests\bin\Debug\netcoreapp3.0\Kitpymes.Core.Shared.Tests.dll" adapterTypeName="executor://mstestadapter/v2" className="Kitpymes.Core.Shared.Tests.AgileMapperExtensionsTests" name="ToMapUpdate_Passing_Destination_Object_Returns_Updated_Destination_Object" />
    </UnitTest>
    <UnitTest name="ToDefaultValue_Passing_byte_Returns_Cero" storage="d:\sferrari\01 - trabajo\repos\netcore\template-netcore-shared\kitpymes.core.shared.tests\bin\debug\netcoreapp3.0\kitpymes.core.shared.tests.dll" id="6c59b811-73c0-2540-9661-8c8f2a459ff2">
      <Execution id="7df72224-ea3c-4191-b883-bd915f75d62b" />
      <TestMethod codeBase="D:\SFERRARI\01 - TRABAJO\repos\netcore\template-netcore-shared\Kitpymes.Core.Shared.Tests\bin\Debug\netcoreapp3.0\Kitpymes.Core.Shared.Tests.dll" adapterTypeName="executor://mstestadapter/v2" className="Kitpymes.Core.Shared.Tests.GenericExtensionsTests" name="ToDefaultValue_Passing_byte_Returns_Cero" />
    </UnitTest>
    <UnitTest name="IsLowercase_Passing_ValidArguments_Returns_HasErrorsAndCount" storage="d:\sferrari\01 - trabajo\repos\netcore\template-netcore-shared\kitpymes.core.shared.tests\bin\debug\netcoreapp3.0\kitpymes.core.shared.tests.dll" id="006d3c07-11d3-9f4b-c045-6799df52bbfb">
      <Execution id="25e3db71-257b-43f4-b3f0-20322db2e745" />
      <TestMethod codeBase="D:\SFERRARI\01 - TRABAJO\repos\netcore\template-netcore-shared\Kitpymes.Core.Shared.Tests\bin\Debug\netcoreapp3.0\Kitpymes.Core.Shared.Tests.dll" adapterTypeName="executor://mstestadapter/v2" className="Kitpymes.Core.Shared.Tests.CheckTests" name="IsLowercase_Passing_ValidArguments_Returns_HasErrorsAndCount" />
    </UnitTest>
    <UnitTest name="IsLowercase_Passing_InvalidArguments_Returns_HasErrorsAndCount" storage="d:\sferrari\01 - trabajo\repos\netcore\template-netcore-shared\kitpymes.core.shared.tests\bin\debug\netcoreapp3.0\kitpymes.core.shared.tests.dll" id="c19b83a3-45fc-e848-cbcc-7f68b66eb4e3">
      <Execution id="9238b93d-fead-46bd-9a16-cc471692ec1b" />
      <TestMethod codeBase="D:\SFERRARI\01 - TRABAJO\repos\netcore\template-netcore-shared\Kitpymes.Core.Shared.Tests\bin\Debug\netcoreapp3.0\Kitpymes.Core.Shared.Tests.dll" adapterTypeName="executor://mstestadapter/v2" className="Kitpymes.Core.Shared.Tests.CheckTests" name="IsLowercase_Passing_InvalidArguments_Returns_HasErrorsAndCount" />
    </UnitTest>
    <UnitTest name="ToEnvironment_Passing_Production_Enviroment_Returns_Production_Name" storage="d:\sferrari\01 - trabajo\repos\netcore\template-netcore-shared\kitpymes.core.shared.tests\bin\debug\netcoreapp3.0\kitpymes.core.shared.tests.dll" id="31126d50-f667-908c-85f3-09f9d9272df9">
      <Execution id="a0b0aab5-c3b3-4f1a-887f-8aeb29ff71b9" />
      <TestMethod codeBase="D:\SFERRARI\01 - TRABAJO\repos\netcore\template-netcore-shared\Kitpymes.Core.Shared.Tests\bin\Debug\netcoreapp3.0\Kitpymes.Core.Shared.Tests.dll" adapterTypeName="executor://mstestadapter/v2" className="Kitpymes.Core.Shared.Tests.ApplicationBuilderExtensionsTests" name="ToEnvironment_Passing_Production_Enviroment_Returns_Production_Name" />
    </UnitTest>
    <UnitTest name="ToYesterday_Passing_DateTime_Returns_Yesterday_DateTime" storage="d:\sferrari\01 - trabajo\repos\netcore\template-netcore-shared\kitpymes.core.shared.tests\bin\debug\netcoreapp3.0\kitpymes.core.shared.tests.dll" id="33545399-79af-5e7f-5179-57fe5645f4be">
      <Execution id="704ff418-c2aa-4fd2-9f88-46d9a8b83fd5" />
      <TestMethod codeBase="D:\SFERRARI\01 - TRABAJO\repos\netcore\template-netcore-shared\Kitpymes.Core.Shared.Tests\bin\Debug\netcoreapp3.0\Kitpymes.Core.Shared.Tests.dll" adapterTypeName="executor://mstestadapter/v2" className="Kitpymes.Core.Shared.Tests.DateTimeExtensionsTests" name="ToYesterday_Passing_DateTime_Returns_Yesterday_DateTime" />
    </UnitTest>
    <UnitTest name="ToEnvironment_Passing_Staging_Enviroment_Returns_Staging_Name" storage="d:\sferrari\01 - trabajo\repos\netcore\template-netcore-shared\kitpymes.core.shared.tests\bin\debug\netcoreapp3.0\kitpymes.core.shared.tests.dll" id="5e237822-3b9d-da27-9221-3ae1f5eb15b0">
      <Execution id="d1488b6c-d899-4177-b3a0-4fb61de2a8bd" />
      <TestMethod codeBase="D:\SFERRARI\01 - TRABAJO\repos\netcore\template-netcore-shared\Kitpymes.Core.Shared.Tests\bin\Debug\netcoreapp3.0\Kitpymes.Core.Shared.Tests.dll" adapterTypeName="executor://mstestadapter/v2" className="Kitpymes.Core.Shared.Tests.ApplicationBuilderExtensionsTests" name="ToEnvironment_Passing_Staging_Enviroment_Returns_Staging_Name" />
    </UnitTest>
    <UnitTest name="Error_ResultError_WithErrors" storage="d:\sferrari\01 - trabajo\repos\netcore\template-netcore-shared\kitpymes.core.shared.tests\bin\debug\netcoreapp3.0\kitpymes.core.shared.tests.dll" id="35e99ddc-00f0-2941-cf31-4cd1d1ab5ce7">
      <Execution id="c1bd015c-0432-44cb-b6a0-e3586b34ef82" />
      <TestMethod codeBase="D:\SFERRARI\01 - TRABAJO\repos\netcore\template-netcore-shared\Kitpymes.Core.Shared.Tests\bin\Debug\netcoreapp3.0\Kitpymes.Core.Shared.Tests.dll" adapterTypeName="executor://mstestadapter/v2" className="Kitpymes.Core.Shared.Tests.ResultTest" name="Error_ResultError_WithErrors" />
    </UnitTest>
    <UnitTest name="ToIsAuthenticated_Passing_Claims_Returns_True" storage="d:\sferrari\01 - trabajo\repos\netcore\template-netcore-shared\kitpymes.core.shared.tests\bin\debug\netcoreapp3.0\kitpymes.core.shared.tests.dll" id="a75e991f-5e03-3949-85d6-afa1f14455d4">
      <Execution id="b5040224-49ed-4933-9928-95257ae6a7a0" />
      <TestMethod codeBase="D:\SFERRARI\01 - TRABAJO\repos\netcore\template-netcore-shared\Kitpymes.Core.Shared.Tests\bin\Debug\netcoreapp3.0\Kitpymes.Core.Shared.Tests.dll" adapterTypeName="executor://mstestadapter/v2" className="Kitpymes.Core.Shared.Tests.ClaimsPrincipalExtensionsTests" name="ToIsAuthenticated_Passing_Claims_Returns_True" />
    </UnitTest>
    <UnitTest name="Ok_ResultMessage_WithMessage" storage="d:\sferrari\01 - trabajo\repos\netcore\template-netcore-shared\kitpymes.core.shared.tests\bin\debug\netcoreapp3.0\kitpymes.core.shared.tests.dll" id="aecb4847-a004-2110-35cb-b441a07898fe">
      <Execution id="2b9d4610-8134-425a-b551-440efb3b2557" />
      <TestMethod codeBase="D:\SFERRARI\01 - TRABAJO\repos\netcore\template-netcore-shared\Kitpymes.Core.Shared.Tests\bin\Debug\netcoreapp3.0\Kitpymes.Core.Shared.Tests.dll" adapterTypeName="executor://mstestadapter/v2" className="Kitpymes.Core.Shared.Tests.ResultTest" name="Ok_ResultMessage_WithMessage" />
    </UnitTest>
    <UnitTest name="ToUri_Passing_InvalidValueString_Returns_DefaultValue" storage="d:\sferrari\01 - trabajo\repos\netcore\template-netcore-shared\kitpymes.core.shared.tests\bin\debug\netcoreapp3.0\kitpymes.core.shared.tests.dll" id="bc15aa99-72de-0e5a-b6e8-2d654659d591">
      <Execution id="b4b9a845-cbd7-4b6c-ac6f-d9ec84f67236" />
      <TestMethod codeBase="D:\SFERRARI\01 - TRABAJO\repos\netcore\template-netcore-shared\Kitpymes.Core.Shared.Tests\bin\Debug\netcoreapp3.0\Kitpymes.Core.Shared.Tests.dll" adapterTypeName="executor://mstestadapter/v2" className="Kitpymes.Core.Shared.Tests.StringExtensionsTests" name="ToUri_Passing_InvalidValueString_Returns_DefaultValue" />
    </UnitTest>
    <UnitTest name="IsUniqueChars_Passing_InvalidArguments_Returns_HasErrorsAndCount" storage="d:\sferrari\01 - trabajo\repos\netcore\template-netcore-shared\kitpymes.core.shared.tests\bin\debug\netcoreapp3.0\kitpymes.core.shared.tests.dll" id="b9a89fa2-355c-e886-bec5-28d3cf549be6">
      <Execution id="51810291-b96f-4a3f-aaae-58a3d0002fa6" />
      <TestMethod codeBase="D:\SFERRARI\01 - TRABAJO\repos\netcore\template-netcore-shared\Kitpymes.Core.Shared.Tests\bin\Debug\netcoreapp3.0\Kitpymes.Core.Shared.Tests.dll" adapterTypeName="executor://mstestadapter/v2" className="Kitpymes.Core.Shared.Tests.CheckTests" name="IsUniqueChars_Passing_InvalidArguments_Returns_HasErrorsAndCount" />
    </UnitTest>
    <UnitTest name="Error_ResultMessage_WithMessage_WithDetails" storage="d:\sferrari\01 - trabajo\repos\netcore\template-netcore-shared\kitpymes.core.shared.tests\bin\debug\netcoreapp3.0\kitpymes.core.shared.tests.dll" id="8092c5f2-ce9c-1a2c-1e1b-ba66d660cae7">
      <Execution id="0cc8192b-7be2-4032-b53e-e2571e0d084a" />
      <TestMethod codeBase="D:\SFERRARI\01 - TRABAJO\repos\netcore\template-netcore-shared\Kitpymes.Core.Shared.Tests\bin\Debug\netcoreapp3.0\Kitpymes.Core.Shared.Tests.dll" adapterTypeName="executor://mstestadapter/v2" className="Kitpymes.Core.Shared.Tests.ResultTest" name="Error_ResultMessage_WithMessage_WithDetails" />
    </UnitTest>
    <UnitTest name="ToPath_Passing_HttpRequest_Scheme_Host_Path_Returns_Url" storage="d:\sferrari\01 - trabajo\repos\netcore\template-netcore-shared\kitpymes.core.shared.tests\bin\debug\netcoreapp3.0\kitpymes.core.shared.tests.dll" id="5385d994-9594-6052-11cb-73f8d2344981">
      <Execution id="b805dfe5-6c0b-470c-b09e-37c7cee56bcf" />
      <TestMethod codeBase="D:\SFERRARI\01 - TRABAJO\repos\netcore\template-netcore-shared\Kitpymes.Core.Shared.Tests\bin\Debug\netcoreapp3.0\Kitpymes.Core.Shared.Tests.dll" adapterTypeName="executor://mstestadapter/v2" className="Kitpymes.Core.Shared.Tests.HttpRequestExtensionsTests" name="ToPath_Passing_HttpRequest_Scheme_Host_Path_Returns_Url" />
    </UnitTest>
    <UnitTest name="CreateSHA512_Passing_Invalid_Arguments_Returns_ApplicationException" storage="d:\sferrari\01 - trabajo\repos\netcore\template-netcore-shared\kitpymes.core.shared.tests\bin\debug\netcoreapp3.0\kitpymes.core.shared.tests.dll" id="f17b6f1f-06a9-5318-815f-4c3950fdd0cb">
      <Execution id="736dd792-a851-44b6-9524-642fb01f2b2a" />
      <TestMethod codeBase="D:\SFERRARI\01 - TRABAJO\repos\netcore\template-netcore-shared\Kitpymes.Core.Shared.Tests\bin\Debug\netcoreapp3.0\Kitpymes.Core.Shared.Tests.dll" adapterTypeName="executor://mstestadapter/v2" className="Kitpymes.Core.Shared.Tests.HashTests" name="CreateSHA512_Passing_Invalid_Arguments_Returns_ApplicationException" />
    </UnitTest>
    <UnitTest name="ToDefaultValue_Passing_decimal_Returns_Cero" storage="d:\sferrari\01 - trabajo\repos\netcore\template-netcore-shared\kitpymes.core.shared.tests\bin\debug\netcoreapp3.0\kitpymes.core.shared.tests.dll" id="334e3485-05b4-4549-cacd-aef8fff10757">
      <Execution id="fdf788ec-fb43-4908-b27e-c06933e44a4f" />
      <TestMethod codeBase="D:\SFERRARI\01 - TRABAJO\repos\netcore\template-netcore-shared\Kitpymes.Core.Shared.Tests\bin\Debug\netcoreapp3.0\Kitpymes.Core.Shared.Tests.dll" adapterTypeName="executor://mstestadapter/v2" className="Kitpymes.Core.Shared.Tests.GenericExtensionsTests" name="ToDefaultValue_Passing_decimal_Returns_Cero" />
    </UnitTest>
    <UnitTest name="ToConfigureOrDefault_Passing_ActionCustomValues_Returns_CustomValues" storage="d:\sferrari\01 - trabajo\repos\netcore\template-netcore-shared\kitpymes.core.shared.tests\bin\debug\netcoreapp3.0\kitpymes.core.shared.tests.dll" id="313cfb2c-8c3b-337b-12f8-296f8611376d">
      <Execution id="106d35f0-ed28-4f81-866a-9d94ef069323" />
      <TestMethod codeBase="D:\SFERRARI\01 - TRABAJO\repos\netcore\template-netcore-shared\Kitpymes.Core.Shared.Tests\bin\Debug\netcoreapp3.0\Kitpymes.Core.Shared.Tests.dll" adapterTypeName="executor://mstestadapter/v2" className="Kitpymes.Core.Shared.Tests.ActionExtensionsTests" name="ToConfigureOrDefault_Passing_ActionCustomValues_Returns_CustomValues" />
    </UnitTest>
    <UnitTest name="ToMapMerge_Passing_Destination_Object_Returns_Merged_Destination_Object" storage="d:\sferrari\01 - trabajo\repos\netcore\template-netcore-shared\kitpymes.core.shared.tests\bin\debug\netcoreapp3.0\kitpymes.core.shared.tests.dll" id="ab274dac-b194-4e0f-6fab-a20667b535a8">
      <Execution id="2fbed6bd-0025-449c-9ec0-f6b503ccfbb2" />
      <TestMethod codeBase="D:\SFERRARI\01 - TRABAJO\repos\netcore\template-netcore-shared\Kitpymes.Core.Shared.Tests\bin\Debug\netcoreapp3.0\Kitpymes.Core.Shared.Tests.dll" adapterTypeName="executor://mstestadapter/v2" className="Kitpymes.Core.Shared.Tests.AgileMapperExtensionsTests" name="ToMapMerge_Passing_Destination_Object_Returns_Merged_Destination_Object" />
    </UnitTest>
    <UnitTest name="ToExists_Passing_Claims_Returns_True" storage="d:\sferrari\01 - trabajo\repos\netcore\template-netcore-shared\kitpymes.core.shared.tests\bin\debug\netcoreapp3.0\kitpymes.core.shared.tests.dll" id="57d3cdd8-8268-9aa3-6f39-3cc0224b305c">
      <Execution id="12b9c5c3-f47b-4da6-adc6-82ae8fbbbbbc" />
      <TestMethod codeBase="D:\SFERRARI\01 - TRABAJO\repos\netcore\template-netcore-shared\Kitpymes.Core.Shared.Tests\bin\Debug\netcoreapp3.0\Kitpymes.Core.Shared.Tests.dll" adapterTypeName="executor://mstestadapter/v2" className="Kitpymes.Core.Shared.Tests.ClaimsPrincipalExtensionsTests" name="ToExists_Passing_Claims_Returns_True" />
    </UnitTest>
    <UnitTest name="ToResultAsync_Passing_StatusCodeAnd_MessageAndContentTypeAndHeader_Values_Returns_Values" storage="d:\sferrari\01 - trabajo\repos\netcore\template-netcore-shared\kitpymes.core.shared.tests\bin\debug\netcoreapp3.0\kitpymes.core.shared.tests.dll" id="161f5d07-7835-e575-5072-b9d787ef451c">
      <Execution id="46218186-6980-4d7e-aed8-0b5625098489" />
      <TestMethod codeBase="D:\SFERRARI\01 - TRABAJO\repos\netcore\template-netcore-shared\Kitpymes.Core.Shared.Tests\bin\Debug\netcoreapp3.0\Kitpymes.Core.Shared.Tests.dll" adapterTypeName="executor://mstestadapter/v2" className="Kitpymes.Core.Shared.Tests.HttpResponseExtensionsTests" name="ToResultAsync_Passing_StatusCodeAnd_MessageAndContentTypeAndHeader_Values_Returns_Values" />
    </UnitTest>
    <UnitTest name="ToDisplay_Passing_Enumeration_Name_Returns_Display_Atributte" storage="d:\sferrari\01 - trabajo\repos\netcore\template-netcore-shared\kitpymes.core.shared.tests\bin\debug\netcoreapp3.0\kitpymes.core.shared.tests.dll" id="d6d04f4a-9142-b816-d673-c4abf49a39ad">
      <Execution id="83939d3d-cab6-41e6-90af-e638485eb977" />
      <TestMethod codeBase="D:\SFERRARI\01 - TRABAJO\repos\netcore\template-netcore-shared\Kitpymes.Core.Shared.Tests\bin\Debug\netcoreapp3.0\Kitpymes.Core.Shared.Tests.dll" adapterTypeName="executor://mstestadapter/v2" className="Kitpymes.Core.Shared.Tests.EnumExtensionsTests" name="ToDisplay_Passing_Enumeration_Name_Returns_Display_Atributte" />
    </UnitTest>
    <UnitTest name="Error_ResultData_WithErrors" storage="d:\sferrari\01 - trabajo\repos\netcore\template-netcore-shared\kitpymes.core.shared.tests\bin\debug\netcoreapp3.0\kitpymes.core.shared.tests.dll" id="85593a4b-9959-1609-1818-7a916502d803">
      <Execution id="7b0343f0-c889-4ab5-b98b-da4df2ed39e9" />
      <TestMethod codeBase="D:\SFERRARI\01 - TRABAJO\repos\netcore\template-netcore-shared\Kitpymes.Core.Shared.Tests\bin\Debug\netcoreapp3.0\Kitpymes.Core.Shared.Tests.dll" adapterTypeName="executor://mstestadapter/v2" className="Kitpymes.Core.Shared.Tests.ResultTest" name="Error_ResultData_WithErrors" />
    </UnitTest>
    <UnitTest name="ToGet_Passing_Claims_Returns_Claim_Value_Int" storage="d:\sferrari\01 - trabajo\repos\netcore\template-netcore-shared\kitpymes.core.shared.tests\bin\debug\netcoreapp3.0\kitpymes.core.shared.tests.dll" id="209cbba1-d5fa-4810-2cb6-ee92ce2e109d">
      <Execution id="b7d5f07e-aa46-4c07-af99-c925899f5127" />
      <TestMethod codeBase="D:\SFERRARI\01 - TRABAJO\repos\netcore\template-netcore-shared\Kitpymes.Core.Shared.Tests\bin\Debug\netcoreapp3.0\Kitpymes.Core.Shared.Tests.dll" adapterTypeName="executor://mstestadapter/v2" className="Kitpymes.Core.Shared.Tests.ClaimsPrincipalExtensionsTests" name="ToGet_Passing_Claims_Returns_Claim_Value_Int" />
    </UnitTest>
    <UnitTest name="Ok_Result" storage="d:\sferrari\01 - trabajo\repos\netcore\template-netcore-shared\kitpymes.core.shared.tests\bin\debug\netcoreapp3.0\kitpymes.core.shared.tests.dll" id="a759531a-0aea-6b23-54cc-4541124e1096">
      <Execution id="6094b86f-85ea-4668-b253-bff5d017b001" />
      <TestMethod codeBase="D:\SFERRARI\01 - TRABAJO\repos\netcore\template-netcore-shared\Kitpymes.Core.Shared.Tests\bin\Debug\netcoreapp3.0\Kitpymes.Core.Shared.Tests.dll" adapterTypeName="executor://mstestadapter/v2" className="Kitpymes.Core.Shared.Tests.ResultTest" name="Ok_Result" />
    </UnitTest>
    <UnitTest name="ToFormat_Passing_ValidTimeSpanValue_Returns_ValueWithFormatString" storage="d:\sferrari\01 - trabajo\repos\netcore\template-netcore-shared\kitpymes.core.shared.tests\bin\debug\netcoreapp3.0\kitpymes.core.shared.tests.dll" id="ede15cdf-3d1b-3e1a-18dc-485a2d50fe42">
      <Execution id="ba5e49ec-d666-4977-ba77-cbd4af4cbb78" />
      <TestMethod codeBase="D:\SFERRARI\01 - TRABAJO\repos\netcore\template-netcore-shared\Kitpymes.Core.Shared.Tests\bin\Debug\netcoreapp3.0\Kitpymes.Core.Shared.Tests.dll" adapterTypeName="executor://mstestadapter/v2" className="Kitpymes.Core.Shared.Tests.TimeSpanExtensionsTests" name="ToFormat_Passing_ValidTimeSpanValue_Returns_ValueWithFormatString" />
    </UnitTest>
    <UnitTest name="ToIsWeekend_Passing_Sunday_DateTime_Returns_True" storage="d:\sferrari\01 - trabajo\repos\netcore\template-netcore-shared\kitpymes.core.shared.tests\bin\debug\netcoreapp3.0\kitpymes.core.shared.tests.dll" id="c8fd6d3c-b723-929b-f175-dbdc2a7be855">
      <Execution id="e4cf29bc-5b3b-4e6a-9b45-8aadc76668dd" />
      <TestMethod codeBase="D:\SFERRARI\01 - TRABAJO\repos\netcore\template-netcore-shared\Kitpymes.Core.Shared.Tests\bin\Debug\netcoreapp3.0\Kitpymes.Core.Shared.Tests.dll" adapterTypeName="executor://mstestadapter/v2" className="Kitpymes.Core.Shared.Tests.DateTimeExtensionsTests" name="ToIsWeekend_Passing_Sunday_DateTime_Returns_True" />
    </UnitTest>
    <UnitTest name="IsFileExtension_Passing_InvalidArguments_Returns_HasErrorsAndCount" storage="d:\sferrari\01 - trabajo\repos\netcore\template-netcore-shared\kitpymes.core.shared.tests\bin\debug\netcoreapp3.0\kitpymes.core.shared.tests.dll" id="e608205e-4953-e9a3-1956-895ed42ab083">
      <Execution id="f3cda6f9-b475-4098-874d-a7f8c34155be" />
      <TestMethod codeBase="D:\SFERRARI\01 - TRABAJO\repos\netcore\template-netcore-shared\Kitpymes.Core.Shared.Tests\bin\Debug\netcoreapp3.0\Kitpymes.Core.Shared.Tests.dll" adapterTypeName="executor://mstestadapter/v2" className="Kitpymes.Core.Shared.Tests.CheckTests" name="IsFileExtension_Passing_InvalidArguments_Returns_HasErrorsAndCount" />
    </UnitTest>
    <UnitTest name="ToReplaceSpecialChars_Passing_ValidValue_Returns_ReplacedValueWithoutIgnoreSpecialChars" storage="d:\sferrari\01 - trabajo\repos\netcore\template-netcore-shared\kitpymes.core.shared.tests\bin\debug\netcoreapp3.0\kitpymes.core.shared.tests.dll" id="29112d2a-2e73-305d-ec50-12fc95c28627">
      <Execution id="12b7d2e0-63c4-4605-93d3-89a15af2198b" />
      <TestMethod codeBase="D:\SFERRARI\01 - TRABAJO\repos\netcore\template-netcore-shared\Kitpymes.Core.Shared.Tests\bin\Debug\netcoreapp3.0\Kitpymes.Core.Shared.Tests.dll" adapterTypeName="executor://mstestadapter/v2" className="Kitpymes.Core.Shared.Tests.StringExtensionsTests" name="ToReplaceSpecialChars_Passing_ValidValue_Returns_ReplacedValueWithoutIgnoreSpecialChars" />
    </UnitTest>
    <UnitTest name="IsDomain_Passing_InvalidArguments_Returns_HasErrorsAndCount" storage="d:\sferrari\01 - trabajo\repos\netcore\template-netcore-shared\kitpymes.core.shared.tests\bin\debug\netcoreapp3.0\kitpymes.core.shared.tests.dll" id="3bd7277d-4ad0-51ee-d24c-53176ec3cc7f">
      <Execution id="6efdc65f-9138-459b-a610-c4f36bc3c587" />
      <TestMethod codeBase="D:\SFERRARI\01 - TRABAJO\repos\netcore\template-netcore-shared\Kitpymes.Core.Shared.Tests\bin\Debug\netcoreapp3.0\Kitpymes.Core.Shared.Tests.dll" adapterTypeName="executor://mstestadapter/v2" className="Kitpymes.Core.Shared.Tests.CheckTests" name="IsDomain_Passing_InvalidArguments_Returns_HasErrorsAndCount" />
    </UnitTest>
    <UnitTest name="ToFormat_Passing_ValidValueFormatWithArguments_Returns_ValueWithFormat" storage="d:\sferrari\01 - trabajo\repos\netcore\template-netcore-shared\kitpymes.core.shared.tests\bin\debug\netcoreapp3.0\kitpymes.core.shared.tests.dll" id="ac572b27-5286-68a4-5380-d7de82fbf69a">
      <Execution id="643960d2-e037-43e6-89fe-cc4e8216f2b3" />
      <TestMethod codeBase="D:\SFERRARI\01 - TRABAJO\repos\netcore\template-netcore-shared\Kitpymes.Core.Shared.Tests\bin\Debug\netcoreapp3.0\Kitpymes.Core.Shared.Tests.dll" adapterTypeName="executor://mstestadapter/v2" className="Kitpymes.Core.Shared.Tests.StringExtensionsTests" name="ToFormat_Passing_ValidValueFormatWithArguments_Returns_ValueWithFormat" />
    </UnitTest>
    <UnitTest name="ToConfigureOrDefault_Passing_DefaultValues_And_ActionCustomValues_Returns_DefaultValues_And_CustomValues" storage="d:\sferrari\01 - trabajo\repos\netcore\template-netcore-shared\kitpymes.core.shared.tests\bin\debug\netcoreapp3.0\kitpymes.core.shared.tests.dll" id="53cbdd8e-a1ef-5d22-8745-938609ed19c2">
      <Execution id="f2bc9b79-b985-4454-ab3c-d01ae61ec938" />
      <TestMethod codeBase="D:\SFERRARI\01 - TRABAJO\repos\netcore\template-netcore-shared\Kitpymes.Core.Shared.Tests\bin\Debug\netcoreapp3.0\Kitpymes.Core.Shared.Tests.dll" adapterTypeName="executor://mstestadapter/v2" className="Kitpymes.Core.Shared.Tests.ActionExtensionsTests" name="ToConfigureOrDefault_Passing_DefaultValues_And_ActionCustomValues_Returns_DefaultValues_And_CustomValues" />
    </UnitTest>
    <UnitTest name="ToEnvironment_Passing_Custom_Enviroment_Returns_Custom_Name" storage="d:\sferrari\01 - trabajo\repos\netcore\template-netcore-shared\kitpymes.core.shared.tests\bin\debug\netcoreapp3.0\kitpymes.core.shared.tests.dll" id="69b6ed05-fdf2-6989-0583-109b4777a6ac">
      <Execution id="17f8fe60-0127-48cf-ab08-4b8378a56801" />
      <TestMethod codeBase="D:\SFERRARI\01 - TRABAJO\repos\netcore\template-netcore-shared\Kitpymes.Core.Shared.Tests\bin\Debug\netcoreapp3.0\Kitpymes.Core.Shared.Tests.dll" adapterTypeName="executor://mstestadapter/v2" className="Kitpymes.Core.Shared.Tests.ApplicationBuilderExtensionsTests" name="ToEnvironment_Passing_Custom_Enviroment_Returns_Custom_Name" />
    </UnitTest>
    <UnitTest name="ToDefaultValue_Passing_long_Returns_Cero" storage="d:\sferrari\01 - trabajo\repos\netcore\template-netcore-shared\kitpymes.core.shared.tests\bin\debug\netcoreapp3.0\kitpymes.core.shared.tests.dll" id="e93b141b-fdfd-0f98-21e5-3eb211b6e88b">
      <Execution id="11006633-2d45-4e90-8b3d-fbe7a837788e" />
      <TestMethod codeBase="D:\SFERRARI\01 - TRABAJO\repos\netcore\template-netcore-shared\Kitpymes.Core.Shared.Tests\bin\Debug\netcoreapp3.0\Kitpymes.Core.Shared.Tests.dll" adapterTypeName="executor://mstestadapter/v2" className="Kitpymes.Core.Shared.Tests.GenericExtensionsTests" name="ToDefaultValue_Passing_long_Returns_Cero" />
    </UnitTest>
    <UnitTest name="ToHashAlgorithmName_Passing_InvalidValueLowerCaseStringWithDefaultValue_Returns_DefaultValue" storage="d:\sferrari\01 - trabajo\repos\netcore\template-netcore-shared\kitpymes.core.shared.tests\bin\debug\netcoreapp3.0\kitpymes.core.shared.tests.dll" id="d5506b30-7041-6d90-bd03-bcd5b2479c40">
      <Execution id="7265b506-f796-47f0-a101-dd77c4a324b0" />
      <TestMethod codeBase="D:\SFERRARI\01 - TRABAJO\repos\netcore\template-netcore-shared\Kitpymes.Core.Shared.Tests\bin\Debug\netcoreapp3.0\Kitpymes.Core.Shared.Tests.dll" adapterTypeName="executor://mstestadapter/v2" className="Kitpymes.Core.Shared.Tests.StringExtensionsTests" name="ToHashAlgorithmName_Passing_InvalidValueLowerCaseStringWithDefaultValue_Returns_DefaultValue" />
    </UnitTest>
    <UnitTest name="ToDefaultValue_Passing_ushort_Returns_Cero" storage="d:\sferrari\01 - trabajo\repos\netcore\template-netcore-shared\kitpymes.core.shared.tests\bin\debug\netcoreapp3.0\kitpymes.core.shared.tests.dll" id="47f3e733-f069-b79f-9f6d-7c11fc368663">
      <Execution id="62f8cef7-4e1d-4515-8d27-8205d88c9c2f" />
      <TestMethod codeBase="D:\SFERRARI\01 - TRABAJO\repos\netcore\template-netcore-shared\Kitpymes.Core.Shared.Tests\bin\Debug\netcoreapp3.0\Kitpymes.Core.Shared.Tests.dll" adapterTypeName="executor://mstestadapter/v2" className="Kitpymes.Core.Shared.Tests.GenericExtensionsTests" name="ToDefaultValue_Passing_ushort_Returns_Cero" />
    </UnitTest>
    <UnitTest name="ToIsNullOrEmpty_Passing_InvalidValue_Returns_True" storage="d:\sferrari\01 - trabajo\repos\netcore\template-netcore-shared\kitpymes.core.shared.tests\bin\debug\netcoreapp3.0\kitpymes.core.shared.tests.dll" id="297c060d-406b-f933-91fe-dfd3459b8ace">
      <Execution id="0babe472-ca0d-4bf0-bc2a-ba34c7abdf9c" />
      <TestMethod codeBase="D:\SFERRARI\01 - TRABAJO\repos\netcore\template-netcore-shared\Kitpymes.Core.Shared.Tests\bin\Debug\netcoreapp3.0\Kitpymes.Core.Shared.Tests.dll" adapterTypeName="executor://mstestadapter/v2" className="Kitpymes.Core.Shared.Tests.CheckExtensionsTests" name="ToIsNullOrEmpty_Passing_InvalidValue_Returns_True" />
    </UnitTest>
    <UnitTest name="ToDirectoryFindFilePath_Passing_ValidValueIntoSubDirectory_Returns_FilePath" storage="d:\sferrari\01 - trabajo\repos\netcore\template-netcore-shared\kitpymes.core.shared.tests\bin\debug\netcoreapp3.0\kitpymes.core.shared.tests.dll" id="5fda35dc-4db7-2169-9391-a6295d2ec5fd">
      <Execution id="e08e4a7b-f817-42ef-8948-f3d21de3d9f4" />
      <TestMethod codeBase="D:\SFERRARI\01 - TRABAJO\repos\netcore\template-netcore-shared\Kitpymes.Core.Shared.Tests\bin\Debug\netcoreapp3.0\Kitpymes.Core.Shared.Tests.dll" adapterTypeName="executor://mstestadapter/v2" className="Kitpymes.Core.Shared.Tests.StringExtensionsTests" name="ToDirectoryFindFilePath_Passing_ValidValueIntoSubDirectory_Returns_FilePath" />
    </UnitTest>
    <UnitTest name="ToHasErrors_Passing_InvalidValue_Returns_ApplicationExceptionWithMessage" storage="d:\sferrari\01 - trabajo\repos\netcore\template-netcore-shared\kitpymes.core.shared.tests\bin\debug\netcoreapp3.0\kitpymes.core.shared.tests.dll" id="1340b308-d9eb-a26e-e042-04d6c1d9a958">
      <Execution id="7e5618fd-8d3b-4d4f-a8fa-a2e06c85da8c" />
      <TestMethod codeBase="D:\SFERRARI\01 - TRABAJO\repos\netcore\template-netcore-shared\Kitpymes.Core.Shared.Tests\bin\Debug\netcoreapp3.0\Kitpymes.Core.Shared.Tests.dll" adapterTypeName="executor://mstestadapter/v2" className="Kitpymes.Core.Shared.Tests.CheckExtensionsTests" name="ToHasErrors_Passing_InvalidValue_Returns_ApplicationExceptionWithMessage" />
    </UnitTest>
    <UnitTest name="ToConfiguration_Passing_Key_Values_Returns_Ok" storage="d:\sferrari\01 - trabajo\repos\netcore\template-netcore-shared\kitpymes.core.shared.tests\bin\debug\netcoreapp3.0\kitpymes.core.shared.tests.dll" id="66f7bc12-fe2b-fd81-3cbf-5bc4840aa6f8">
      <Execution id="16cb67b4-ee96-4a15-8f4f-8aa92a380ead" />
      <TestMethod codeBase="D:\SFERRARI\01 - TRABAJO\repos\netcore\template-netcore-shared\Kitpymes.Core.Shared.Tests\bin\Debug\netcoreapp3.0\Kitpymes.Core.Shared.Tests.dll" adapterTypeName="executor://mstestadapter/v2" className="Kitpymes.Core.Shared.Tests.ConfigurationBuilderExtensionsTests" name="ToConfiguration_Passing_Key_Values_Returns_Ok" />
    </UnitTest>
    <UnitTest name="IsUniqueChars_Passing_ValidArguments_Returns_HasErrorsAndCount" storage="d:\sferrari\01 - trabajo\repos\netcore\template-netcore-shared\kitpymes.core.shared.tests\bin\debug\netcoreapp3.0\kitpymes.core.shared.tests.dll" id="fcd9a6e3-ee1d-7212-668e-2b0865200d81">
      <Execution id="147bdeb5-de93-40c5-8645-8caf7604dc91" />
      <TestMethod codeBase="D:\SFERRARI\01 - TRABAJO\repos\netcore\template-netcore-shared\Kitpymes.Core.Shared.Tests\bin\Debug\netcoreapp3.0\Kitpymes.Core.Shared.Tests.dll" adapterTypeName="executor://mstestadapter/v2" className="Kitpymes.Core.Shared.Tests.CheckTests" name="IsUniqueChars_Passing_ValidArguments_Returns_HasErrorsAndCount" />
    </UnitTest>
    <UnitTest name="ToEmptyIfNull_Passing_Null_Collection_Returns_Empty_Collection" storage="d:\sferrari\01 - trabajo\repos\netcore\template-netcore-shared\kitpymes.core.shared.tests\bin\debug\netcoreapp3.0\kitpymes.core.shared.tests.dll" id="3e6d6aa9-9b6d-dd96-b54c-49f88780a2b4">
      <Execution id="bcfea63f-a108-4872-af2e-158da2b0bbdf" />
      <TestMethod codeBase="D:\SFERRARI\01 - TRABAJO\repos\netcore\template-netcore-shared\Kitpymes.Core.Shared.Tests\bin\Debug\netcoreapp3.0\Kitpymes.Core.Shared.Tests.dll" adapterTypeName="executor://mstestadapter/v2" className="Kitpymes.Core.Shared.Tests.EnumerableExtensionsTests" name="ToEmptyIfNull_Passing_Null_Collection_Returns_Empty_Collection" />
    </UnitTest>
    <UnitTest name="ToZipExtract_Passing_ValidArchive_Returns_Files" storage="d:\sferrari\01 - trabajo\repos\netcore\template-netcore-shared\kitpymes.core.shared.tests\bin\debug\netcoreapp3.0\kitpymes.core.shared.tests.dll" id="967da852-80aa-48c8-4fdf-7229c80964ce">
      <Execution id="d2ab8064-a2e4-442c-8d0d-8666a50c9552" />
      <TestMethod codeBase="D:\SFERRARI\01 - TRABAJO\repos\netcore\template-netcore-shared\Kitpymes.Core.Shared.Tests\bin\Debug\netcoreapp3.0\Kitpymes.Core.Shared.Tests.dll" adapterTypeName="executor://mstestadapter/v2" className="Kitpymes.Core.Shared.Tests.StringExtensionsTests" name="ToZipExtract_Passing_ValidArchive_Returns_Files" />
    </UnitTest>
    <UnitTest name="ToEnum_Passing_InvalidValueInt_Returns_EnumDefaultValue" storage="d:\sferrari\01 - trabajo\repos\netcore\template-netcore-shared\kitpymes.core.shared.tests\bin\debug\netcoreapp3.0\kitpymes.core.shared.tests.dll" id="8c1d1a56-be42-3df5-a82e-36b97c2860b8">
      <Execution id="531e1a2f-d025-4cf3-b9e6-07a9f598a145" />
      <TestMethod codeBase="D:\SFERRARI\01 - TRABAJO\repos\netcore\template-netcore-shared\Kitpymes.Core.Shared.Tests\bin\Debug\netcoreapp3.0\Kitpymes.Core.Shared.Tests.dll" adapterTypeName="executor://mstestadapter/v2" className="Kitpymes.Core.Shared.Tests.StringExtensionsTests" name="ToEnum_Passing_InvalidValueInt_Returns_EnumDefaultValue" />
    </UnitTest>
    <UnitTest name="ToMapList_Passing_Source_Type_And_Destination_Type_Returns_Destination_Object_List" storage="d:\sferrari\01 - trabajo\repos\netcore\template-netcore-shared\kitpymes.core.shared.tests\bin\debug\netcoreapp3.0\kitpymes.core.shared.tests.dll" id="f8b74494-d277-7173-e694-2a4d463a4607">
      <Execution id="7fc43959-c113-4b67-8508-d28339033d54" />
      <TestMethod codeBase="D:\SFERRARI\01 - TRABAJO\repos\netcore\template-netcore-shared\Kitpymes.Core.Shared.Tests\bin\Debug\netcoreapp3.0\Kitpymes.Core.Shared.Tests.dll" adapterTypeName="executor://mstestadapter/v2" className="Kitpymes.Core.Shared.Tests.AgileMapperExtensionsTests" name="ToMapList_Passing_Source_Type_And_Destination_Type_Returns_Destination_Object_List" />
    </UnitTest>
    <UnitTest name="ToExists_Passing_Valid_Service_Returns_True" storage="d:\sferrari\01 - trabajo\repos\netcore\template-netcore-shared\kitpymes.core.shared.tests\bin\debug\netcoreapp3.0\kitpymes.core.shared.tests.dll" id="e2880a6e-7a01-b4ba-86fb-4d33be072972">
      <Execution id="18aafc4b-7a68-4cdc-a23c-c1a305c394e5" />
      <TestMethod codeBase="D:\SFERRARI\01 - TRABAJO\repos\netcore\template-netcore-shared\Kitpymes.Core.Shared.Tests\bin\Debug\netcoreapp3.0\Kitpymes.Core.Shared.Tests.dll" adapterTypeName="executor://mstestadapter/v2" className="Kitpymes.Core.Shared.Tests.ConfigurationBuilderExtensionsTests" name="ToExists_Passing_Valid_Service_Returns_True" />
    </UnitTest>
    <UnitTest name="ToMapNew_Passing_TDestination_Returns_New_Destination_Object" storage="d:\sferrari\01 - trabajo\repos\netcore\template-netcore-shared\kitpymes.core.shared.tests\bin\debug\netcoreapp3.0\kitpymes.core.shared.tests.dll" id="0ee8121e-b492-a57d-d072-de988a4e30f8">
      <Execution id="e0f73219-aa83-4e50-a38d-05f430dea4ca" />
      <TestMethod codeBase="D:\SFERRARI\01 - TRABAJO\repos\netcore\template-netcore-shared\Kitpymes.Core.Shared.Tests\bin\Debug\netcoreapp3.0\Kitpymes.Core.Shared.Tests.dll" adapterTypeName="executor://mstestadapter/v2" className="Kitpymes.Core.Shared.Tests.AgileMapperExtensionsTests" name="ToMapNew_Passing_TDestination_Returns_New_Destination_Object" />
    </UnitTest>
    <UnitTest name="IsName_Passing_InvalidArguments_Returns_HasErrorsAndCount" storage="d:\sferrari\01 - trabajo\repos\netcore\template-netcore-shared\kitpymes.core.shared.tests\bin\debug\netcoreapp3.0\kitpymes.core.shared.tests.dll" id="9eeef095-29ed-4872-a36c-ca4832350421">
      <Execution id="5837d6d6-64e2-4e03-8645-24147cdd96bf" />
      <TestMethod codeBase="D:\SFERRARI\01 - TRABAJO\repos\netcore\template-netcore-shared\Kitpymes.Core.Shared.Tests\bin\Debug\netcoreapp3.0\Kitpymes.Core.Shared.Tests.dll" adapterTypeName="executor://mstestadapter/v2" className="Kitpymes.Core.Shared.Tests.CheckTests" name="IsName_Passing_InvalidArguments_Returns_HasErrorsAndCount" />
    </UnitTest>
    <UnitTest name="IsHostname_Passing_InvalidArguments_Returns_HasErrorsAndCount" storage="d:\sferrari\01 - trabajo\repos\netcore\template-netcore-shared\kitpymes.core.shared.tests\bin\debug\netcoreapp3.0\kitpymes.core.shared.tests.dll" id="4a3afd90-c6ab-e82e-40d8-b40450680318">
      <Execution id="4fdc5a7c-9b8d-4e71-9d0c-0ed727b1270e" />
      <TestMethod codeBase="D:\SFERRARI\01 - TRABAJO\repos\netcore\template-netcore-shared\Kitpymes.Core.Shared.Tests\bin\Debug\netcoreapp3.0\Kitpymes.Core.Shared.Tests.dll" adapterTypeName="executor://mstestadapter/v2" className="Kitpymes.Core.Shared.Tests.CheckTests" name="IsHostname_Passing_InvalidArguments_Returns_HasErrorsAndCount" />
    </UnitTest>
    <UnitTest name="IsName_Passing_ValidArguments_Returns_HasErrorsAndCount" storage="d:\sferrari\01 - trabajo\repos\netcore\template-netcore-shared\kitpymes.core.shared.tests\bin\debug\netcoreapp3.0\kitpymes.core.shared.tests.dll" id="0e702ef4-7e85-bcb3-3879-32ee56a27932">
      <Execution id="12754ee4-428e-4621-bc40-33fad017c3f1" />
      <TestMethod codeBase="D:\SFERRARI\01 - TRABAJO\repos\netcore\template-netcore-shared\Kitpymes.Core.Shared.Tests\bin\Debug\netcoreapp3.0\Kitpymes.Core.Shared.Tests.dll" adapterTypeName="executor://mstestadapter/v2" className="Kitpymes.Core.Shared.Tests.CheckTests" name="IsName_Passing_ValidArguments_Returns_HasErrorsAndCount" />
    </UnitTest>
    <UnitTest name="ToSubdomain_Passing_HttpRequest_Host_Returns_Subdomain" storage="d:\sferrari\01 - trabajo\repos\netcore\template-netcore-shared\kitpymes.core.shared.tests\bin\debug\netcoreapp3.0\kitpymes.core.shared.tests.dll" id="e9b23f0c-0cde-4603-1739-ee642fd33c36">
      <Execution id="741533e3-3917-4d2e-b556-a7db8d869bb5" />
      <TestMethod codeBase="D:\SFERRARI\01 - TRABAJO\repos\netcore\template-netcore-shared\Kitpymes.Core.Shared.Tests\bin\Debug\netcoreapp3.0\Kitpymes.Core.Shared.Tests.dll" adapterTypeName="executor://mstestadapter/v2" className="Kitpymes.Core.Shared.Tests.HttpRequestExtensionsTests" name="ToSubdomain_Passing_HttpRequest_Host_Returns_Subdomain" />
    </UnitTest>
    <UnitTest name="ToCount_Passing_ValidEnumType_Returns_Count" storage="d:\sferrari\01 - trabajo\repos\netcore\template-netcore-shared\kitpymes.core.shared.tests\bin\debug\netcoreapp3.0\kitpymes.core.shared.tests.dll" id="bc6955b8-aec0-957c-bad4-853e5cfa19a1">
      <Execution id="4f5205dd-ba88-492a-b452-b93ceca0c2c7" />
      <TestMethod codeBase="D:\SFERRARI\01 - TRABAJO\repos\netcore\template-netcore-shared\Kitpymes.Core.Shared.Tests\bin\Debug\netcoreapp3.0\Kitpymes.Core.Shared.Tests.dll" adapterTypeName="executor://mstestadapter/v2" className="Kitpymes.Core.Shared.Tests.EnumsTests" name="ToCount_Passing_ValidEnumType_Returns_Count" />
    </UnitTest>
    <UnitTest name="ToService_Passing_NotFound_Service_Returns_Null" storage="d:\sferrari\01 - trabajo\repos\netcore\template-netcore-shared\kitpymes.core.shared.tests\bin\debug\netcoreapp3.0\kitpymes.core.shared.tests.dll" id="c330741e-ad40-618c-36cc-508c135d2b95">
      <Execution id="2f2f5b34-5098-4385-9e8e-7624f5b4c28a" />
      <TestMethod codeBase="D:\SFERRARI\01 - TRABAJO\repos\netcore\template-netcore-shared\Kitpymes.Core.Shared.Tests\bin\Debug\netcoreapp3.0\Kitpymes.Core.Shared.Tests.dll" adapterTypeName="executor://mstestadapter/v2" className="Kitpymes.Core.Shared.Tests.ConfigurationBuilderExtensionsTests" name="ToService_Passing_NotFound_Service_Returns_Null" />
    </UnitTest>
    <UnitTest name="ToSettings_Passing_Values_From_AppSettingsFile_Returns_Settings" storage="d:\sferrari\01 - trabajo\repos\netcore\template-netcore-shared\kitpymes.core.shared.tests\bin\debug\netcoreapp3.0\kitpymes.core.shared.tests.dll" id="1577c538-d1be-5b59-2b09-8e59b0be5fcd">
      <Execution id="5bfccab6-fe2d-42fb-84c3-3eaf9c958fbb" />
      <TestMethod codeBase="D:\SFERRARI\01 - TRABAJO\repos\netcore\template-netcore-shared\Kitpymes.Core.Shared.Tests\bin\Debug\netcoreapp3.0\Kitpymes.Core.Shared.Tests.dll" adapterTypeName="executor://mstestadapter/v2" className="Kitpymes.Core.Shared.Tests.ConfigurationBuilderExtensionsTests" name="ToSettings_Passing_Values_From_AppSettingsFile_Returns_Settings" />
    </UnitTest>
    <UnitTest name="ToIsEmailThrow_Passing_InvalidValue_Returns_ApplicationExceptionWithMessage" storage="d:\sferrari\01 - trabajo\repos\netcore\template-netcore-shared\kitpymes.core.shared.tests\bin\debug\netcoreapp3.0\kitpymes.core.shared.tests.dll" id="def94964-1ba4-f78f-2dac-38055bb04256">
      <Execution id="173c0915-a13f-4f69-b6bc-1eb75de2de70" />
      <TestMethod codeBase="D:\SFERRARI\01 - TRABAJO\repos\netcore\template-netcore-shared\Kitpymes.Core.Shared.Tests\bin\Debug\netcoreapp3.0\Kitpymes.Core.Shared.Tests.dll" adapterTypeName="executor://mstestadapter/v2" className="Kitpymes.Core.Shared.Tests.CheckExtensionsTests" name="ToIsEmailThrow_Passing_InvalidValue_Returns_ApplicationExceptionWithMessage" />
    </UnitTest>
    <UnitTest name="ToCompress_Passing_Value_Bytes_Returns_Value_Bytes" storage="d:\sferrari\01 - trabajo\repos\netcore\template-netcore-shared\kitpymes.core.shared.tests\bin\debug\netcoreapp3.0\kitpymes.core.shared.tests.dll" id="7a313c49-8adc-98e3-cdda-86b900f0ade6">
      <Execution id="96a91c99-62a7-4152-a9c7-dca6d8d9ed66" />
      <TestMethod codeBase="D:\SFERRARI\01 - TRABAJO\repos\netcore\template-netcore-shared\Kitpymes.Core.Shared.Tests\bin\Debug\netcoreapp3.0\Kitpymes.Core.Shared.Tests.dll" adapterTypeName="executor://mstestadapter/v2" className="Kitpymes.Core.Shared.Tests.BytesExtensionsTests" name="ToCompress_Passing_Value_Bytes_Returns_Value_Bytes" />
    </UnitTest>
    <UnitTest name="ToDefaultValue_Passing_ValidStruct_Returns_DefaultValue" storage="d:\sferrari\01 - trabajo\repos\netcore\template-netcore-shared\kitpymes.core.shared.tests\bin\debug\netcoreapp3.0\kitpymes.core.shared.tests.dll" id="ffa669f9-8e25-a33b-f8f7-c3ba4a576a2b">
      <Execution id="222c44c0-cefb-489d-8350-872075441ce4" />
      <TestMethod codeBase="D:\SFERRARI\01 - TRABAJO\repos\netcore\template-netcore-shared\Kitpymes.Core.Shared.Tests\bin\Debug\netcoreapp3.0\Kitpymes.Core.Shared.Tests.dll" adapterTypeName="executor://mstestadapter/v2" className="Kitpymes.Core.Shared.Tests.TypeExtensionsTests" name="ToDefaultValue_Passing_ValidStruct_Returns_DefaultValue" />
    </UnitTest>
    <UnitTest name="ToIsWeekend_Passing_Saturday_DateTime_Returns_True" storage="d:\sferrari\01 - trabajo\repos\netcore\template-netcore-shared\kitpymes.core.shared.tests\bin\debug\netcoreapp3.0\kitpymes.core.shared.tests.dll" id="18040ed3-941e-dd1e-cb8c-4d34d103f370">
      <Execution id="5c552587-0037-4450-a947-954ed4074947" />
      <TestMethod codeBase="D:\SFERRARI\01 - TRABAJO\repos\netcore\template-netcore-shared\Kitpymes.Core.Shared.Tests\bin\Debug\netcoreapp3.0\Kitpymes.Core.Shared.Tests.dll" adapterTypeName="executor://mstestadapter/v2" className="Kitpymes.Core.Shared.Tests.DateTimeExtensionsTests" name="ToIsWeekend_Passing_Saturday_DateTime_Returns_True" />
    </UnitTest>
    <UnitTest name="ToZipCreate_Passing_ValidFilesWithCutomZipName_Returns_ZipFiles" storage="d:\sferrari\01 - trabajo\repos\netcore\template-netcore-shared\kitpymes.core.shared.tests\bin\debug\netcoreapp3.0\kitpymes.core.shared.tests.dll" id="b51b5293-5162-7db8-79c0-6e7b6f1c51a5">
      <Execution id="1ad844d5-7222-418d-91a3-c85a59d604ce" />
      <TestMethod codeBase="D:\SFERRARI\01 - TRABAJO\repos\netcore\template-netcore-shared\Kitpymes.Core.Shared.Tests\bin\Debug\netcoreapp3.0\Kitpymes.Core.Shared.Tests.dll" adapterTypeName="executor://mstestadapter/v2" className="Kitpymes.Core.Shared.Tests.StringExtensionsTests" name="ToZipCreate_Passing_ValidFilesWithCutomZipName_Returns_ZipFiles" />
    </UnitTest>
    <UnitTest name="ToHashAlgorithmName_Passing_InvalidValueStringWithDefaultValue_Returns_DefaultValue" storage="d:\sferrari\01 - trabajo\repos\netcore\template-netcore-shared\kitpymes.core.shared.tests\bin\debug\netcoreapp3.0\kitpymes.core.shared.tests.dll" id="ab527057-69f2-0a9a-89fd-18928a3920fd">
      <Execution id="2722ab0b-ff44-4169-b6b3-af816c03abdd" />
      <TestMethod codeBase="D:\SFERRARI\01 - TRABAJO\repos\netcore\template-netcore-shared\Kitpymes.Core.Shared.Tests\bin\Debug\netcoreapp3.0\Kitpymes.Core.Shared.Tests.dll" adapterTypeName="executor://mstestadapter/v2" className="Kitpymes.Core.Shared.Tests.StringExtensionsTests" name="ToHashAlgorithmName_Passing_InvalidValueStringWithDefaultValue_Returns_DefaultValue" />
    </UnitTest>
    <UnitTest name="ToEnvironment_ServiceCollection_Passing_Custom_Enviroment_Returns_Custom_Name" storage="d:\sferrari\01 - trabajo\repos\netcore\template-netcore-shared\kitpymes.core.shared.tests\bin\debug\netcoreapp3.0\kitpymes.core.shared.tests.dll" id="21ae5425-e2d1-002f-334f-105a6a674a01">
      <Execution id="21561a97-78bf-47b4-b6de-ba7a1e1fa079" />
      <TestMethod codeBase="D:\SFERRARI\01 - TRABAJO\repos\netcore\template-netcore-shared\Kitpymes.Core.Shared.Tests\bin\Debug\netcoreapp3.0\Kitpymes.Core.Shared.Tests.dll" adapterTypeName="executor://mstestadapter/v2" className="Kitpymes.Core.Shared.Tests.ConfigurationBuilderExtensionsTests" name="ToEnvironment_ServiceCollection_Passing_Custom_Enviroment_Returns_Custom_Name" />
    </UnitTest>
    <UnitTest name="ToList_Passing_ValidEnumTypeWithSelectedValueWithResourceType_Returns_ValuesList" storage="d:\sferrari\01 - trabajo\repos\netcore\template-netcore-shared\kitpymes.core.shared.tests\bin\debug\netcoreapp3.0\kitpymes.core.shared.tests.dll" id="9af963da-8209-d683-34a5-be793bc59993">
      <Execution id="5517f3f0-cd81-4e05-a156-1047fbd52fe0" />
      <TestMethod codeBase="D:\SFERRARI\01 - TRABAJO\repos\netcore\template-netcore-shared\Kitpymes.Core.Shared.Tests\bin\Debug\netcoreapp3.0\Kitpymes.Core.Shared.Tests.dll" adapterTypeName="executor://mstestadapter/v2" className="Kitpymes.Core.Shared.Tests.EnumsTests" name="ToList_Passing_ValidEnumTypeWithSelectedValueWithResourceType_Returns_ValuesList" />
    </UnitTest>
    <UnitTest name="IsDirectory_Passing_InvalidArguments_Returns_HasErrorsAndCount" storage="d:\sferrari\01 - trabajo\repos\netcore\template-netcore-shared\kitpymes.core.shared.tests\bin\debug\netcoreapp3.0\kitpymes.core.shared.tests.dll" id="ee30e1f9-ce80-c70a-1b56-b7e02750ae26">
      <Execution id="52d261bc-037d-4890-accb-00e0f6815f4b" />
      <TestMethod codeBase="D:\SFERRARI\01 - TRABAJO\repos\netcore\template-netcore-shared\Kitpymes.Core.Shared.Tests\bin\Debug\netcoreapp3.0\Kitpymes.Core.Shared.Tests.dll" adapterTypeName="executor://mstestadapter/v2" className="Kitpymes.Core.Shared.Tests.CheckTests" name="IsDirectory_Passing_InvalidArguments_Returns_HasErrorsAndCount" />
    </UnitTest>
    <UnitTest name="ToService_Passing_Valid_Service_Returns_Service" storage="d:\sferrari\01 - trabajo\repos\netcore\template-netcore-shared\kitpymes.core.shared.tests\bin\debug\netcoreapp3.0\kitpymes.core.shared.tests.dll" id="0b1e4893-9444-2235-b7fa-3782f9932212">
      <Execution id="4ddf1d99-9b12-42aa-9c89-8458e485f34e" />
      <TestMethod codeBase="D:\SFERRARI\01 - TRABAJO\repos\netcore\template-netcore-shared\Kitpymes.Core.Shared.Tests\bin\Debug\netcoreapp3.0\Kitpymes.Core.Shared.Tests.dll" adapterTypeName="executor://mstestadapter/v2" className="Kitpymes.Core.Shared.Tests.ConfigurationBuilderExtensionsTests" name="ToService_Passing_Valid_Service_Returns_Service" />
    </UnitTest>
    <UnitTest name="IsNullOrEmpty_Passing_InvalidArguments_Returns_HasErrorsAndCount" storage="d:\sferrari\01 - trabajo\repos\netcore\template-netcore-shared\kitpymes.core.shared.tests\bin\debug\netcoreapp3.0\kitpymes.core.shared.tests.dll" id="801afd1a-5f3d-0d0c-471a-96452bf5bc35">
      <Execution id="7f75b35b-72fa-454e-8842-cd353244d2a1" />
      <TestMethod codeBase="D:\SFERRARI\01 - TRABAJO\repos\netcore\template-netcore-shared\Kitpymes.Core.Shared.Tests\bin\Debug\netcoreapp3.0\Kitpymes.Core.Shared.Tests.dll" adapterTypeName="executor://mstestadapter/v2" className="Kitpymes.Core.Shared.Tests.CheckTests" name="IsNullOrEmpty_Passing_InvalidArguments_Returns_HasErrorsAndCount" />
    </UnitTest>
    <UnitTest name="ToStartOfWeek_Passing_DateTime_Returns_Start_Of_Week_DateTime" storage="d:\sferrari\01 - trabajo\repos\netcore\template-netcore-shared\kitpymes.core.shared.tests\bin\debug\netcoreapp3.0\kitpymes.core.shared.tests.dll" id="1f173fff-9060-8c18-f825-225901225244">
      <Execution id="58e857ef-39e4-4fb5-bd00-a5e4f7fcae8f" />
      <TestMethod codeBase="D:\SFERRARI\01 - TRABAJO\repos\netcore\template-netcore-shared\Kitpymes.Core.Shared.Tests\bin\Debug\netcoreapp3.0\Kitpymes.Core.Shared.Tests.dll" adapterTypeName="executor://mstestadapter/v2" className="Kitpymes.Core.Shared.Tests.DateTimeExtensionsTests" name="ToStartOfWeek_Passing_DateTime_Returns_Start_Of_Week_DateTime" />
    </UnitTest>
    <UnitTest name="ToAge_Passing_Birthday_DateTime_Returns_Age" storage="d:\sferrari\01 - trabajo\repos\netcore\template-netcore-shared\kitpymes.core.shared.tests\bin\debug\netcoreapp3.0\kitpymes.core.shared.tests.dll" id="4ead3f79-a54e-1b96-838c-d0c2f491cb0d">
      <Execution id="ad9e586c-1acc-4be6-9ef4-eee2c9ee6395" />
      <TestMethod codeBase="D:\SFERRARI\01 - TRABAJO\repos\netcore\template-netcore-shared\Kitpymes.Core.Shared.Tests\bin\Debug\netcoreapp3.0\Kitpymes.Core.Shared.Tests.dll" adapterTypeName="executor://mstestadapter/v2" className="Kitpymes.Core.Shared.Tests.DateTimeExtensionsTests" name="ToAge_Passing_Birthday_DateTime_Returns_Age" />
    </UnitTest>
    <UnitTest name="ToRemove_Passing_ValidValue_Returns_ValueWithoutRemovedChars" storage="d:\sferrari\01 - trabajo\repos\netcore\template-netcore-shared\kitpymes.core.shared.tests\bin\debug\netcoreapp3.0\kitpymes.core.shared.tests.dll" id="bb347f18-44ab-0d77-d5bd-a671e4c37650">
      <Execution id="fb9eb498-9845-43f9-bb61-04f7742775d6" />
      <TestMethod codeBase="D:\SFERRARI\01 - TRABAJO\repos\netcore\template-netcore-shared\Kitpymes.Core.Shared.Tests\bin\Debug\netcoreapp3.0\Kitpymes.Core.Shared.Tests.dll" adapterTypeName="executor://mstestadapter/v2" className="Kitpymes.Core.Shared.Tests.StringExtensionsTests" name="ToRemove_Passing_ValidValue_Returns_ValueWithoutRemovedChars" />
    </UnitTest>
    <UnitTest name="CreateAndVerifySHA256_Passing_Valid_Arguments_Returns_True" storage="d:\sferrari\01 - trabajo\repos\netcore\template-netcore-shared\kitpymes.core.shared.tests\bin\debug\netcoreapp3.0\kitpymes.core.shared.tests.dll" id="cf950ab2-9fe4-ec30-43b4-2f3a99b5167d">
      <Execution id="fcc0c60b-3521-40d6-a829-f4c77eedbca7" />
      <TestMethod codeBase="D:\SFERRARI\01 - TRABAJO\repos\netcore\template-netcore-shared\Kitpymes.Core.Shared.Tests\bin\Debug\netcoreapp3.0\Kitpymes.Core.Shared.Tests.dll" adapterTypeName="executor://mstestadapter/v2" className="Kitpymes.Core.Shared.Tests.HashTests" name="CreateAndVerifySHA256_Passing_Valid_Arguments_Returns_True" />
    </UnitTest>
    <UnitTest name="ToServiceMatchingInterface_Passing_Valid_Assembly_Returns_Service" storage="d:\sferrari\01 - trabajo\repos\netcore\template-netcore-shared\kitpymes.core.shared.tests\bin\debug\netcoreapp3.0\kitpymes.core.shared.tests.dll" id="845c887e-a785-555d-db89-1c2975a33bbb">
      <Execution id="67da99ec-21c6-431e-9918-59d704c40149" />
      <TestMethod codeBase="D:\SFERRARI\01 - TRABAJO\repos\netcore\template-netcore-shared\Kitpymes.Core.Shared.Tests\bin\Debug\netcoreapp3.0\Kitpymes.Core.Shared.Tests.dll" adapterTypeName="executor://mstestadapter/v2" className="Kitpymes.Core.Shared.Tests.ConfigurationBuilderExtensionsTests" name="ToServiceMatchingInterface_Passing_Valid_Assembly_Returns_Service" />
    </UnitTest>
    <UnitTest name="ToService_Passing_Service_Not_Found_Returns_ApplicationException" storage="d:\sferrari\01 - trabajo\repos\netcore\template-netcore-shared\kitpymes.core.shared.tests\bin\debug\netcoreapp3.0\kitpymes.core.shared.tests.dll" id="74c0befe-cdb2-1fdf-be71-2a39199bb5c9">
      <Execution id="4bda9da5-ef08-4e3c-80fa-28676c9ee6b4" />
      <TestMethod codeBase="D:\SFERRARI\01 - TRABAJO\repos\netcore\template-netcore-shared\Kitpymes.Core.Shared.Tests\bin\Debug\netcoreapp3.0\Kitpymes.Core.Shared.Tests.dll" adapterTypeName="executor://mstestadapter/v2" className="Kitpymes.Core.Shared.Tests.ApplicationBuilderExtensionsTests" name="ToService_Passing_Service_Not_Found_Returns_ApplicationException" />
    </UnitTest>
    <UnitTest name="ToUri_Passing_ValidValueString_Returns_Uri" storage="d:\sferrari\01 - trabajo\repos\netcore\template-netcore-shared\kitpymes.core.shared.tests\bin\debug\netcoreapp3.0\kitpymes.core.shared.tests.dll" id="30809299-0e3e-4ac7-4a2a-6f8c296d2226">
      <Execution id="b0f145db-e247-4f66-acce-35ff8edeeafc" />
      <TestMethod codeBase="D:\SFERRARI\01 - TRABAJO\repos\netcore\template-netcore-shared\Kitpymes.Core.Shared.Tests\bin\Debug\netcoreapp3.0\Kitpymes.Core.Shared.Tests.dll" adapterTypeName="executor://mstestadapter/v2" className="Kitpymes.Core.Shared.Tests.StringExtensionsTests" name="ToUri_Passing_ValidValueString_Returns_Uri" />
    </UnitTest>
    <UnitTest name="ToService_Passing_Valid_Service_Returns_Service" storage="d:\sferrari\01 - trabajo\repos\netcore\template-netcore-shared\kitpymes.core.shared.tests\bin\debug\netcoreapp3.0\kitpymes.core.shared.tests.dll" id="2aceb911-de9d-b2eb-c8db-f6b3f880216f">
      <Execution id="2fba9968-0292-422f-aae7-bd87b43acbdb" />
      <TestMethod codeBase="D:\SFERRARI\01 - TRABAJO\repos\netcore\template-netcore-shared\Kitpymes.Core.Shared.Tests\bin\Debug\netcoreapp3.0\Kitpymes.Core.Shared.Tests.dll" adapterTypeName="executor://mstestadapter/v2" className="Kitpymes.Core.Shared.Tests.ApplicationBuilderExtensionsTests" name="ToService_Passing_Valid_Service_Returns_Service" />
    </UnitTest>
    <UnitTest name="ToEnvironment_Passing_Service_Not_Found_Returns_ApplicationException" storage="d:\sferrari\01 - trabajo\repos\netcore\template-netcore-shared\kitpymes.core.shared.tests\bin\debug\netcoreapp3.0\kitpymes.core.shared.tests.dll" id="7c679bcb-7a59-8751-0063-1ef6e07cb160">
      <Execution id="17bbda46-7d9e-4d2d-bf11-02264ab72f44" />
      <TestMethod codeBase="D:\SFERRARI\01 - TRABAJO\repos\netcore\template-netcore-shared\Kitpymes.Core.Shared.Tests\bin\Debug\netcoreapp3.0\Kitpymes.Core.Shared.Tests.dll" adapterTypeName="executor://mstestadapter/v2" className="Kitpymes.Core.Shared.Tests.ApplicationBuilderExtensionsTests" name="ToEnvironment_Passing_Service_Not_Found_Returns_ApplicationException" />
    </UnitTest>
    <UnitTest name="CreateSHA256_Passing_Invalid_Arguments_Returns_ApplicationException" storage="d:\sferrari\01 - trabajo\repos\netcore\template-netcore-shared\kitpymes.core.shared.tests\bin\debug\netcoreapp3.0\kitpymes.core.shared.tests.dll" id="77fe17c3-3cf8-a189-4d95-b2e0d3ca9579">
      <Execution id="a69ee8c6-38bb-4d74-bddc-045c43f07f4c" />
      <TestMethod codeBase="D:\SFERRARI\01 - TRABAJO\repos\netcore\template-netcore-shared\Kitpymes.Core.Shared.Tests\bin\Debug\netcoreapp3.0\Kitpymes.Core.Shared.Tests.dll" adapterTypeName="executor://mstestadapter/v2" className="Kitpymes.Core.Shared.Tests.HashTests" name="CreateSHA256_Passing_Invalid_Arguments_Returns_ApplicationException" />
    </UnitTest>
    <UnitTest name="ToString_Passing_Valid_Collection_Returns_String_With_Default_Separator" storage="d:\sferrari\01 - trabajo\repos\netcore\template-netcore-shared\kitpymes.core.shared.tests\bin\debug\netcoreapp3.0\kitpymes.core.shared.tests.dll" id="07d50dfb-3195-c832-23d2-97ae667f2010">
      <Execution id="768e846c-7f22-4d1a-a3a0-d95d8c634d18" />
      <TestMethod codeBase="D:\SFERRARI\01 - TRABAJO\repos\netcore\template-netcore-shared\Kitpymes.Core.Shared.Tests\bin\Debug\netcoreapp3.0\Kitpymes.Core.Shared.Tests.dll" adapterTypeName="executor://mstestadapter/v2" className="Kitpymes.Core.Shared.Tests.EnumerableExtensionsTests" name="ToString_Passing_Valid_Collection_Returns_String_With_Default_Separator" />
    </UnitTest>
    <UnitTest name="ToEmailMaskUserName_Passing_ValidEmail_Returns_EmailWithMask" storage="d:\sferrari\01 - trabajo\repos\netcore\template-netcore-shared\kitpymes.core.shared.tests\bin\debug\netcoreapp3.0\kitpymes.core.shared.tests.dll" id="1237bc5f-42ea-8c7f-8602-051620acda95">
      <Execution id="321e5c7f-529b-4fe0-bffc-7d76756f5ed6" />
      <TestMethod codeBase="D:\SFERRARI\01 - TRABAJO\repos\netcore\template-netcore-shared\Kitpymes.Core.Shared.Tests\bin\Debug\netcoreapp3.0\Kitpymes.Core.Shared.Tests.dll" adapterTypeName="executor://mstestadapter/v2" className="Kitpymes.Core.Shared.Tests.StringExtensionsTests" name="ToEmailMaskUserName_Passing_ValidEmail_Returns_EmailWithMask" />
    </UnitTest>
    <UnitTest name="ToMessage_Passing_ExceptionWithMessageWithInnerException_Returns_MessageAndInnerException" storage="d:\sferrari\01 - trabajo\repos\netcore\template-netcore-shared\kitpymes.core.shared.tests\bin\debug\netcoreapp3.0\kitpymes.core.shared.tests.dll" id="0d35441f-72fe-a777-509f-6a19632f972a">
      <Execution id="e3bf369d-7b08-4087-88fe-c0c2b07577ca" />
      <TestMethod codeBase="D:\SFERRARI\01 - TRABAJO\repos\netcore\template-netcore-shared\Kitpymes.Core.Shared.Tests\bin\Debug\netcoreapp3.0\Kitpymes.Core.Shared.Tests.dll" adapterTypeName="executor://mstestadapter/v2" className="Kitpymes.Core.Shared.Tests.ExceptionExtensionsTests" name="ToMessage_Passing_ExceptionWithMessageWithInnerException_Returns_MessageAndInnerException" />
    </UnitTest>
    <UnitTest name="Ok_ResultData_WithData" storage="d:\sferrari\01 - trabajo\repos\netcore\template-netcore-shared\kitpymes.core.shared.tests\bin\debug\netcoreapp3.0\kitpymes.core.shared.tests.dll" id="c2b678c9-c43c-45ee-8889-ab086ef02c3c">
      <Execution id="15ffd5b1-f3c6-4ed8-bbec-794e19799466" />
      <TestMethod codeBase="D:\SFERRARI\01 - TRABAJO\repos\netcore\template-netcore-shared\Kitpymes.Core.Shared.Tests\bin\Debug\netcoreapp3.0\Kitpymes.Core.Shared.Tests.dll" adapterTypeName="executor://mstestadapter/v2" className="Kitpymes.Core.Shared.Tests.ResultTest" name="Ok_ResultData_WithData" />
    </UnitTest>
    <UnitTest name="ToExists_Passing_Valid_Service_Returns_True" storage="d:\sferrari\01 - trabajo\repos\netcore\template-netcore-shared\kitpymes.core.shared.tests\bin\debug\netcoreapp3.0\kitpymes.core.shared.tests.dll" id="64bc1554-814c-3c40-a6b0-679b40b89c36">
      <Execution id="3d72deb7-aec9-40e7-be37-2fe8c2e3e475" />
      <TestMethod codeBase="D:\SFERRARI\01 - TRABAJO\repos\netcore\template-netcore-shared\Kitpymes.Core.Shared.Tests\bin\Debug\netcoreapp3.0\Kitpymes.Core.Shared.Tests.dll" adapterTypeName="executor://mstestadapter/v2" className="Kitpymes.Core.Shared.Tests.ApplicationBuilderExtensionsTests" name="ToExists_Passing_Valid_Service_Returns_True" />
    </UnitTest>
    <UnitTest name="IsGreater_Passing_InvalidArguments_Returns_HasErrorsAndCount" storage="d:\sferrari\01 - trabajo\repos\netcore\template-netcore-shared\kitpymes.core.shared.tests\bin\debug\netcoreapp3.0\kitpymes.core.shared.tests.dll" id="1c5fe271-1e90-52f5-1f31-436b17e57702">
      <Execution id="ef8e7292-e7ca-46c3-8d7a-7e9f301238a9" />
      <TestMethod codeBase="D:\SFERRARI\01 - TRABAJO\repos\netcore\template-netcore-shared\Kitpymes.Core.Shared.Tests\bin\Debug\netcoreapp3.0\Kitpymes.Core.Shared.Tests.dll" adapterTypeName="executor://mstestadapter/v2" className="Kitpymes.Core.Shared.Tests.CheckTests" name="IsGreater_Passing_InvalidArguments_Returns_HasErrorsAndCount" />
    </UnitTest>
    <UnitTest name="ToDefaultValue_Passing_ulong_Returns_Cero" storage="d:\sferrari\01 - trabajo\repos\netcore\template-netcore-shared\kitpymes.core.shared.tests\bin\debug\netcoreapp3.0\kitpymes.core.shared.tests.dll" id="aeb559a5-c285-7ab9-baee-1cb152d1742f">
      <Execution id="5c8a26c9-5a09-4ca4-ba36-ec3fdc38ec07" />
      <TestMethod codeBase="D:\SFERRARI\01 - TRABAJO\repos\netcore\template-netcore-shared\Kitpymes.Core.Shared.Tests\bin\Debug\netcoreapp3.0\Kitpymes.Core.Shared.Tests.dll" adapterTypeName="executor://mstestadapter/v2" className="Kitpymes.Core.Shared.Tests.GenericExtensionsTests" name="ToDefaultValue_Passing_ulong_Returns_Cero" />
    </UnitTest>
    <UnitTest name="ToAuthenticationType_Passing_Claims_Returns_AuthenticationType_Name" storage="d:\sferrari\01 - trabajo\repos\netcore\template-netcore-shared\kitpymes.core.shared.tests\bin\debug\netcoreapp3.0\kitpymes.core.shared.tests.dll" id="635e001f-2a50-f191-84e2-e81cd2000fdf">
      <Execution id="6608cf95-9a8a-4e6f-8182-f67ba8fb7333" />
      <TestMethod codeBase="D:\SFERRARI\01 - TRABAJO\repos\netcore\template-netcore-shared\Kitpymes.Core.Shared.Tests\bin\Debug\netcoreapp3.0\Kitpymes.Core.Shared.Tests.dll" adapterTypeName="executor://mstestadapter/v2" className="Kitpymes.Core.Shared.Tests.ClaimsPrincipalExtensionsTests" name="ToAuthenticationType_Passing_Claims_Returns_AuthenticationType_Name" />
    </UnitTest>
    <UnitTest name="ToTryIPv6_Passing_HttpContext_IP_Value_Returns_IP" storage="d:\sferrari\01 - trabajo\repos\netcore\template-netcore-shared\kitpymes.core.shared.tests\bin\debug\netcoreapp3.0\kitpymes.core.shared.tests.dll" id="10024a68-25d4-872c-3e48-a6d6b2671494">
      <Execution id="3184a75a-e526-4c28-9a35-778c23da51f3" />
      <TestMethod codeBase="D:\SFERRARI\01 - TRABAJO\repos\netcore\template-netcore-shared\Kitpymes.Core.Shared.Tests\bin\Debug\netcoreapp3.0\Kitpymes.Core.Shared.Tests.dll" adapterTypeName="executor://mstestadapter/v2" className="Kitpymes.Core.Shared.Tests.HttpContextExtensionsTests" name="ToTryIPv6_Passing_HttpContext_IP_Value_Returns_IP" />
    </UnitTest>
    <UnitTest name="ToExists_Passing_NotFound_Service_Returns_False" storage="d:\sferrari\01 - trabajo\repos\netcore\template-netcore-shared\kitpymes.core.shared.tests\bin\debug\netcoreapp3.0\kitpymes.core.shared.tests.dll" id="640513b3-feee-19a8-efba-5817e77ff3ee">
      <Execution id="4a656e61-b229-41d9-bc3a-07e9ce8ae79e" />
      <TestMethod codeBase="D:\SFERRARI\01 - TRABAJO\repos\netcore\template-netcore-shared\Kitpymes.Core.Shared.Tests\bin\Debug\netcoreapp3.0\Kitpymes.Core.Shared.Tests.dll" adapterTypeName="executor://mstestadapter/v2" className="Kitpymes.Core.Shared.Tests.ConfigurationBuilderExtensionsTests" name="ToExists_Passing_NotFound_Service_Returns_False" />
    </UnitTest>
    <UnitTest name="ToIsSubdomainThrow_Passing_InvalidValue_Returns_ApplicationExceptionWithMessage" storage="d:\sferrari\01 - trabajo\repos\netcore\template-netcore-shared\kitpymes.core.shared.tests\bin\debug\netcoreapp3.0\kitpymes.core.shared.tests.dll" id="d51ea295-e896-101a-6578-05ae772bcbfb">
      <Execution id="6dee1530-aaee-4cc2-917e-11ac34306451" />
      <TestMethod codeBase="D:\SFERRARI\01 - TRABAJO\repos\netcore\template-netcore-shared\Kitpymes.Core.Shared.Tests\bin\Debug\netcoreapp3.0\Kitpymes.Core.Shared.Tests.dll" adapterTypeName="executor://mstestadapter/v2" className="Kitpymes.Core.Shared.Tests.CheckExtensionsTests" name="ToIsSubdomainThrow_Passing_InvalidValue_Returns_ApplicationExceptionWithMessage" />
    </UnitTest>
    <UnitTest name="IsEmail_Passing_InvalidArguments_Returns_HasErrorsAndCount" storage="d:\sferrari\01 - trabajo\repos\netcore\template-netcore-shared\kitpymes.core.shared.tests\bin\debug\netcoreapp3.0\kitpymes.core.shared.tests.dll" id="180814cc-22f9-91b2-cd9a-f54be7e1ba18">
      <Execution id="a11faab5-be58-41ae-ae18-286ecc1b3a17" />
      <TestMethod codeBase="D:\SFERRARI\01 - TRABAJO\repos\netcore\template-netcore-shared\Kitpymes.Core.Shared.Tests\bin\Debug\netcoreapp3.0\Kitpymes.Core.Shared.Tests.dll" adapterTypeName="executor://mstestadapter/v2" className="Kitpymes.Core.Shared.Tests.CheckTests" name="IsEmail_Passing_InvalidArguments_Returns_HasErrorsAndCount" />
    </UnitTest>
    <UnitTest name="IsEspecialChars_Passing_ValidArguments_Returns_HasErrorsAndCount" storage="d:\sferrari\01 - trabajo\repos\netcore\template-netcore-shared\kitpymes.core.shared.tests\bin\debug\netcoreapp3.0\kitpymes.core.shared.tests.dll" id="a2b6017f-838f-c435-81c1-a75dd92108eb">
      <Execution id="2cfa854b-b1ad-417d-a19b-3a98339a86a1" />
      <TestMethod codeBase="D:\SFERRARI\01 - TRABAJO\repos\netcore\template-netcore-shared\Kitpymes.Core.Shared.Tests\bin\Debug\netcoreapp3.0\Kitpymes.Core.Shared.Tests.dll" adapterTypeName="executor://mstestadapter/v2" className="Kitpymes.Core.Shared.Tests.CheckTests" name="IsEspecialChars_Passing_ValidArguments_Returns_HasErrorsAndCount" />
    </UnitTest>
    <UnitTest name="CreateAndVerifySHA512_Passing_Valid_Arguments_Returns_True" storage="d:\sferrari\01 - trabajo\repos\netcore\template-netcore-shared\kitpymes.core.shared.tests\bin\debug\netcoreapp3.0\kitpymes.core.shared.tests.dll" id="6088101f-62c5-69c8-6751-05523b132d06">
      <Execution id="39895b30-0645-40d9-9348-3dff223906cb" />
      <TestMethod codeBase="D:\SFERRARI\01 - TRABAJO\repos\netcore\template-netcore-shared\Kitpymes.Core.Shared.Tests\bin\Debug\netcoreapp3.0\Kitpymes.Core.Shared.Tests.dll" adapterTypeName="executor://mstestadapter/v2" className="Kitpymes.Core.Shared.Tests.HashTests" name="CreateAndVerifySHA512_Passing_Valid_Arguments_Returns_True" />
    </UnitTest>
    <UnitTest name="ToContentType_Passing_ValidValueString_Returns_ContentType" storage="d:\sferrari\01 - trabajo\repos\netcore\template-netcore-shared\kitpymes.core.shared.tests\bin\debug\netcoreapp3.0\kitpymes.core.shared.tests.dll" id="7be8a004-8e29-0f01-8ada-f15377193150">
      <Execution id="d927dc11-0f53-48c8-9c87-2f313bb0e7b0" />
      <TestMethod codeBase="D:\SFERRARI\01 - TRABAJO\repos\netcore\template-netcore-shared\Kitpymes.Core.Shared.Tests\bin\Debug\netcoreapp3.0\Kitpymes.Core.Shared.Tests.dll" adapterTypeName="executor://mstestadapter/v2" className="Kitpymes.Core.Shared.Tests.StringExtensionsTests" name="ToContentType_Passing_ValidValueString_Returns_ContentType" />
    </UnitTest>
    <UnitTest name="IsUppercase_Passing_ValidArguments_Returns_HasErrorsAndCount" storage="d:\sferrari\01 - trabajo\repos\netcore\template-netcore-shared\kitpymes.core.shared.tests\bin\debug\netcoreapp3.0\kitpymes.core.shared.tests.dll" id="056700a7-2506-75ed-a80a-ddf2ddb5d2a8">
      <Execution id="31c2a4f6-ce2a-4704-aea0-8794984c0828" />
      <TestMethod codeBase="D:\SFERRARI\01 - TRABAJO\repos\netcore\template-netcore-shared\Kitpymes.Core.Shared.Tests\bin\Debug\netcoreapp3.0\Kitpymes.Core.Shared.Tests.dll" adapterTypeName="executor://mstestadapter/v2" className="Kitpymes.Core.Shared.Tests.CheckTests" name="IsUppercase_Passing_ValidArguments_Returns_HasErrorsAndCount" />
    </UnitTest>
    <UnitTest name="ToAttribute_Passing_Enumeration_Name_Returns_Atributte" storage="d:\sferrari\01 - trabajo\repos\netcore\template-netcore-shared\kitpymes.core.shared.tests\bin\debug\netcoreapp3.0\kitpymes.core.shared.tests.dll" id="320700ce-aa3b-5818-fb18-706cf7605472">
      <Execution id="7b404750-4847-44ff-ad71-ce98d807249e" />
      <TestMethod codeBase="D:\SFERRARI\01 - TRABAJO\repos\netcore\template-netcore-shared\Kitpymes.Core.Shared.Tests\bin\Debug\netcoreapp3.0\Kitpymes.Core.Shared.Tests.dll" adapterTypeName="executor://mstestadapter/v2" className="Kitpymes.Core.Shared.Tests.EnumExtensionsTests" name="ToAttribute_Passing_Enumeration_Name_Returns_Atributte" />
    </UnitTest>
    <UnitTest name="ToSerialize_Passing_Objects_Returns_String_Values" storage="d:\sferrari\01 - trabajo\repos\netcore\template-netcore-shared\kitpymes.core.shared.tests\bin\debug\netcoreapp3.0\kitpymes.core.shared.tests.dll" id="87c5dbd3-fd2a-1e49-42e5-8dc78affc8d6">
      <Execution id="6e99dea9-156b-4013-bc84-f91999ff1c2e" />
      <TestMethod codeBase="D:\SFERRARI\01 - TRABAJO\repos\netcore\template-netcore-shared\Kitpymes.Core.Shared.Tests\bin\Debug\netcoreapp3.0\Kitpymes.Core.Shared.Tests.dll" adapterTypeName="executor://mstestadapter/v2" className="Kitpymes.Core.Shared.Tests.JsonExtensionsTests" name="ToSerialize_Passing_Objects_Returns_String_Values" />
    </UnitTest>
    <UnitTest name="ToDefaultValue_Passing_ValidInt_Returns_DefaultValue" storage="d:\sferrari\01 - trabajo\repos\netcore\template-netcore-shared\kitpymes.core.shared.tests\bin\debug\netcoreapp3.0\kitpymes.core.shared.tests.dll" id="e37f41d3-77a8-1acd-c258-fbb5b724b134">
      <Execution id="c87022e7-e2cc-4670-ab52-909da72600a8" />
      <TestMethod codeBase="D:\SFERRARI\01 - TRABAJO\repos\netcore\template-netcore-shared\Kitpymes.Core.Shared.Tests\bin\Debug\netcoreapp3.0\Kitpymes.Core.Shared.Tests.dll" adapterTypeName="executor://mstestadapter/v2" className="Kitpymes.Core.Shared.Tests.TypeExtensionsTests" name="ToDefaultValue_Passing_ValidInt_Returns_DefaultValue" />
    </UnitTest>
    <UnitTest name="ToTryContentType_Passing_HttpRequestWithContentType_Value_Returns_ContentType_String_Value" storage="d:\sferrari\01 - trabajo\repos\netcore\template-netcore-shared\kitpymes.core.shared.tests\bin\debug\netcoreapp3.0\kitpymes.core.shared.tests.dll" id="a03675ec-665e-f4d5-4630-89e50dac0bfb">
      <Execution id="c7e73f0c-b97e-4a2c-9e25-e201791efe6e" />
      <TestMethod codeBase="D:\SFERRARI\01 - TRABAJO\repos\netcore\template-netcore-shared\Kitpymes.Core.Shared.Tests\bin\Debug\netcoreapp3.0\Kitpymes.Core.Shared.Tests.dll" adapterTypeName="executor://mstestadapter/v2" className="Kitpymes.Core.Shared.Tests.HttpRequestExtensionsTests" name="ToTryContentType_Passing_HttpRequestWithContentType_Value_Returns_ContentType_String_Value" />
    </UnitTest>
    <UnitTest name="ToDefaultValue_Passing_ValidBoolean_Returns_DefaultValue" storage="d:\sferrari\01 - trabajo\repos\netcore\template-netcore-shared\kitpymes.core.shared.tests\bin\debug\netcoreapp3.0\kitpymes.core.shared.tests.dll" id="a95f665c-aa8d-208d-902c-60a464250c99">
      <Execution id="b2bc2e30-ee8c-4ab3-b4a7-b58904772f4a" />
      <TestMethod codeBase="D:\SFERRARI\01 - TRABAJO\repos\netcore\template-netcore-shared\Kitpymes.Core.Shared.Tests\bin\Debug\netcoreapp3.0\Kitpymes.Core.Shared.Tests.dll" adapterTypeName="executor://mstestadapter/v2" className="Kitpymes.Core.Shared.Tests.TypeExtensionsTests" name="ToDefaultValue_Passing_ValidBoolean_Returns_DefaultValue" />
    </UnitTest>
    <UnitTest name="ToHashAlgorithmName_Passing_InvalidValueLowerCaseString_Returns_Null" storage="d:\sferrari\01 - trabajo\repos\netcore\template-netcore-shared\kitpymes.core.shared.tests\bin\debug\netcoreapp3.0\kitpymes.core.shared.tests.dll" id="bd43e66e-fbae-26eb-a9a1-c58a6bf5d7af">
      <Execution id="e51d7166-2b36-429d-8f75-5fe2dda879d9" />
      <TestMethod codeBase="D:\SFERRARI\01 - TRABAJO\repos\netcore\template-netcore-shared\Kitpymes.Core.Shared.Tests\bin\Debug\netcoreapp3.0\Kitpymes.Core.Shared.Tests.dll" adapterTypeName="executor://mstestadapter/v2" className="Kitpymes.Core.Shared.Tests.StringExtensionsTests" name="ToHashAlgorithmName_Passing_InvalidValueLowerCaseString_Returns_Null" />
    </UnitTest>
    <UnitTest name="ToWhere_Passing_Null_Predicate_Returns_Same_List" storage="d:\sferrari\01 - trabajo\repos\netcore\template-netcore-shared\kitpymes.core.shared.tests\bin\debug\netcoreapp3.0\kitpymes.core.shared.tests.dll" id="6bd61990-78b5-76ea-0df5-0c13c388bdc0">
      <Execution id="29833fda-374c-45f4-a233-946550518cfe" />
      <TestMethod codeBase="D:\SFERRARI\01 - TRABAJO\repos\netcore\template-netcore-shared\Kitpymes.Core.Shared.Tests\bin\Debug\netcoreapp3.0\Kitpymes.Core.Shared.Tests.dll" adapterTypeName="executor://mstestadapter/v2" className="Kitpymes.Core.Shared.Tests.QueryableExtensionsTests" name="ToWhere_Passing_Null_Predicate_Returns_Same_List" />
    </UnitTest>
    <UnitTest name="ToEnvironment_ServiceCollection_Passing_Staging_Enviroment_Returns_Staging_Name" storage="d:\sferrari\01 - trabajo\repos\netcore\template-netcore-shared\kitpymes.core.shared.tests\bin\debug\netcoreapp3.0\kitpymes.core.shared.tests.dll" id="504465b7-a3fe-9023-93b9-ffece1903418">
      <Execution id="2e694b81-5e29-4c21-87d7-0b0d850d1d2c" />
      <TestMethod codeBase="D:\SFERRARI\01 - TRABAJO\repos\netcore\template-netcore-shared\Kitpymes.Core.Shared.Tests\bin\Debug\netcoreapp3.0\Kitpymes.Core.Shared.Tests.dll" adapterTypeName="executor://mstestadapter/v2" className="Kitpymes.Core.Shared.Tests.ConfigurationBuilderExtensionsTests" name="ToEnvironment_ServiceCollection_Passing_Staging_Enviroment_Returns_Staging_Name" />
    </UnitTest>
    <UnitTest name="ToAuthenticationType_Passing_Null_ClaimsPrincipal_Returns_ApplicationException" storage="d:\sferrari\01 - trabajo\repos\netcore\template-netcore-shared\kitpymes.core.shared.tests\bin\debug\netcoreapp3.0\kitpymes.core.shared.tests.dll" id="8dccdb77-e6a8-58c6-9bd0-108f87c5ff65">
      <Execution id="042e65bf-52ad-4596-a495-10a76c96c435" />
      <TestMethod codeBase="D:\SFERRARI\01 - TRABAJO\repos\netcore\template-netcore-shared\Kitpymes.Core.Shared.Tests\bin\Debug\netcoreapp3.0\Kitpymes.Core.Shared.Tests.dll" adapterTypeName="executor://mstestadapter/v2" className="Kitpymes.Core.Shared.Tests.ClaimsPrincipalExtensionsTests" name="ToAuthenticationType_Passing_Null_ClaimsPrincipal_Returns_ApplicationException" />
    </UnitTest>
    <UnitTest name="ToValues_Passing_ValidEnumType_Returns_ValuesListString" storage="d:\sferrari\01 - trabajo\repos\netcore\template-netcore-shared\kitpymes.core.shared.tests\bin\debug\netcoreapp3.0\kitpymes.core.shared.tests.dll" id="0cfd0c7c-1a61-7d19-c2fa-3c8a47ccf09c">
      <Execution id="160ddb8b-544c-45c0-b093-fe864c8f724f" />
      <TestMethod codeBase="D:\SFERRARI\01 - TRABAJO\repos\netcore\template-netcore-shared\Kitpymes.Core.Shared.Tests\bin\Debug\netcoreapp3.0\Kitpymes.Core.Shared.Tests.dll" adapterTypeName="executor://mstestadapter/v2" className="Kitpymes.Core.Shared.Tests.EnumsTests" name="ToValues_Passing_ValidEnumType_Returns_ValuesListString" />
    </UnitTest>
    <UnitTest name="ToNormalize_Passing_ValidValue_Returns_NormalizedValue" storage="d:\sferrari\01 - trabajo\repos\netcore\template-netcore-shared\kitpymes.core.shared.tests\bin\debug\netcoreapp3.0\kitpymes.core.shared.tests.dll" id="7dc20d31-477c-3765-83c0-7575a504da96">
      <Execution id="b979eae6-13dc-44f1-bdc5-6283af624fa1" />
      <TestMethod codeBase="D:\SFERRARI\01 - TRABAJO\repos\netcore\template-netcore-shared\Kitpymes.Core.Shared.Tests\bin\Debug\netcoreapp3.0\Kitpymes.Core.Shared.Tests.dll" adapterTypeName="executor://mstestadapter/v2" className="Kitpymes.Core.Shared.Tests.StringExtensionsTests" name="ToNormalize_Passing_ValidValue_Returns_NormalizedValue" />
    </UnitTest>
    <UnitTest name="ToDictionaryPropertyInfo_Passing_Object_Not_IncludeNullOrEmptyProperty_Returns_Properties_NameAndValue_Dictionary" storage="d:\sferrari\01 - trabajo\repos\netcore\template-netcore-shared\kitpymes.core.shared.tests\bin\debug\netcoreapp3.0\kitpymes.core.shared.tests.dll" id="eb3fbb45-8257-f4b8-0975-042f859a72bf">
      <Execution id="5d2b0cd1-a0a3-4fb2-8ac0-b00601787dde" />
      <TestMethod codeBase="D:\SFERRARI\01 - TRABAJO\repos\netcore\template-netcore-shared\Kitpymes.Core.Shared.Tests\bin\Debug\netcoreapp3.0\Kitpymes.Core.Shared.Tests.dll" adapterTypeName="executor://mstestadapter/v2" className="Kitpymes.Core.Shared.Tests.GenericExtensionsTests" name="ToDictionaryPropertyInfo_Passing_Object_Not_IncludeNullOrEmptyProperty_Returns_Properties_NameAndValue_Dictionary" />
    </UnitTest>
    <UnitTest name="ToGetAll_Passing_Claims_Returns_Claim_Value_Int_List" storage="d:\sferrari\01 - trabajo\repos\netcore\template-netcore-shared\kitpymes.core.shared.tests\bin\debug\netcoreapp3.0\kitpymes.core.shared.tests.dll" id="fa00d2a8-59b9-ad9e-caa1-a0c9e3156db1">
      <Execution id="ab627b7b-6b91-4f67-8da2-fda8e77330ea" />
      <TestMethod codeBase="D:\SFERRARI\01 - TRABAJO\repos\netcore\template-netcore-shared\Kitpymes.Core.Shared.Tests\bin\Debug\netcoreapp3.0\Kitpymes.Core.Shared.Tests.dll" adapterTypeName="executor://mstestadapter/v2" className="Kitpymes.Core.Shared.Tests.ClaimsPrincipalExtensionsTests" name="ToGetAll_Passing_Claims_Returns_Claim_Value_Int_List" />
    </UnitTest>
    <UnitTest name="ToDirectoryTemporary_Passing_ValidValue_Returns_DirectoryExists" storage="d:\sferrari\01 - trabajo\repos\netcore\template-netcore-shared\kitpymes.core.shared.tests\bin\debug\netcoreapp3.0\kitpymes.core.shared.tests.dll" id="65b9b71b-a8d5-2a7d-a8a7-0e3a015e6b68">
      <Execution id="0ca2dd54-5985-4988-9dc5-76cc352e202e" />
      <TestMethod codeBase="D:\SFERRARI\01 - TRABAJO\repos\netcore\template-netcore-shared\Kitpymes.Core.Shared.Tests\bin\Debug\netcoreapp3.0\Kitpymes.Core.Shared.Tests.dll" adapterTypeName="executor://mstestadapter/v2" className="Kitpymes.Core.Shared.Tests.StringExtensionsTests" name="ToDirectoryTemporary_Passing_ValidValue_Returns_DirectoryExists" />
    </UnitTest>
    <UnitTest name="ToHashAlgorithmName_Passing_ValidValueString_Returns_HashAlgorithmName" storage="d:\sferrari\01 - trabajo\repos\netcore\template-netcore-shared\kitpymes.core.shared.tests\bin\debug\netcoreapp3.0\kitpymes.core.shared.tests.dll" id="cd004a9f-a0f6-2fdf-aeae-1890f4ab8e71">
      <Execution id="13573dfd-f251-4fd2-a80f-4de54731acfd" />
      <TestMethod codeBase="D:\SFERRARI\01 - TRABAJO\repos\netcore\template-netcore-shared\Kitpymes.Core.Shared.Tests\bin\Debug\netcoreapp3.0\Kitpymes.Core.Shared.Tests.dll" adapterTypeName="executor://mstestadapter/v2" className="Kitpymes.Core.Shared.Tests.StringExtensionsTests" name="ToHashAlgorithmName_Passing_ValidValueString_Returns_HashAlgorithmName" />
    </UnitTest>
    <UnitTest name="IsEspecialChars_Passing_InvalidArguments_Returns_HasErrorsAndCount" storage="d:\sferrari\01 - trabajo\repos\netcore\template-netcore-shared\kitpymes.core.shared.tests\bin\debug\netcoreapp3.0\kitpymes.core.shared.tests.dll" id="9d64a285-266d-52de-ef34-34102f8ad12c">
      <Execution id="fc3d0144-023e-4b07-9d82-00d093385c85" />
      <TestMethod codeBase="D:\SFERRARI\01 - TRABAJO\repos\netcore\template-netcore-shared\Kitpymes.Core.Shared.Tests\bin\Debug\netcoreapp3.0\Kitpymes.Core.Shared.Tests.dll" adapterTypeName="executor://mstestadapter/v2" className="Kitpymes.Core.Shared.Tests.CheckTests" name="IsEspecialChars_Passing_InvalidArguments_Returns_HasErrorsAndCount" />
    </UnitTest>
    <UnitTest name="ToIsDirectoryThrow_Passing_InvalidValue_Returns_ApplicationExceptionWithMessage" storage="d:\sferrari\01 - trabajo\repos\netcore\template-netcore-shared\kitpymes.core.shared.tests\bin\debug\netcoreapp3.0\kitpymes.core.shared.tests.dll" id="9e36eef1-cde7-a509-c95d-2249b6b02dbb">
      <Execution id="bedf5cd6-4f0f-4410-a2b4-6177f75e3647" />
      <TestMethod codeBase="D:\SFERRARI\01 - TRABAJO\repos\netcore\template-netcore-shared\Kitpymes.Core.Shared.Tests\bin\Debug\netcoreapp3.0\Kitpymes.Core.Shared.Tests.dll" adapterTypeName="executor://mstestadapter/v2" className="Kitpymes.Core.Shared.Tests.CheckExtensionsTests" name="ToIsDirectoryThrow_Passing_InvalidValue_Returns_ApplicationExceptionWithMessage" />
    </UnitTest>
    <UnitTest name="ToUri_Passing_InvalidValueString_Returns_Null" storage="d:\sferrari\01 - trabajo\repos\netcore\template-netcore-shared\kitpymes.core.shared.tests\bin\debug\netcoreapp3.0\kitpymes.core.shared.tests.dll" id="c180eeb5-df7f-187e-c74d-0f6d31acdec5">
      <Execution id="e9a074a0-d39f-48a3-98ad-7965f252e16c" />
      <TestMethod codeBase="D:\SFERRARI\01 - TRABAJO\repos\netcore\template-netcore-shared\Kitpymes.Core.Shared.Tests\bin\Debug\netcoreapp3.0\Kitpymes.Core.Shared.Tests.dll" adapterTypeName="executor://mstestadapter/v2" className="Kitpymes.Core.Shared.Tests.StringExtensionsTests" name="ToUri_Passing_InvalidValueString_Returns_Null" />
    </UnitTest>
    <UnitTest name="ToDirectoryFileInfo_Passing_ValidValue_Returns_FileInfo" storage="d:\sferrari\01 - trabajo\repos\netcore\template-netcore-shared\kitpymes.core.shared.tests\bin\debug\netcoreapp3.0\kitpymes.core.shared.tests.dll" id="7daaba64-d3ad-9109-43bf-bdb516b673b8">
      <Execution id="ffe370fb-ed31-48ab-8421-1e17a73e36b6" />
      <TestMethod codeBase="D:\SFERRARI\01 - TRABAJO\repos\netcore\template-netcore-shared\Kitpymes.Core.Shared.Tests\bin\Debug\netcoreapp3.0\Kitpymes.Core.Shared.Tests.dll" adapterTypeName="executor://mstestadapter/v2" className="Kitpymes.Core.Shared.Tests.StringExtensionsTests" name="ToDirectoryFileInfo_Passing_ValidValue_Returns_FileInfo" />
    </UnitTest>
    <UnitTest name="ToStringFormat_Passing_ValidValue_Returns_ValueWithoutRemovedChars" storage="d:\sferrari\01 - trabajo\repos\netcore\template-netcore-shared\kitpymes.core.shared.tests\bin\debug\netcoreapp3.0\kitpymes.core.shared.tests.dll" id="a1095294-226e-a0f0-0154-11290289c9db">
      <Execution id="41ef71b8-7ca8-445d-845a-6ca4b49b55d5" />
      <TestMethod codeBase="D:\SFERRARI\01 - TRABAJO\repos\netcore\template-netcore-shared\Kitpymes.Core.Shared.Tests\bin\Debug\netcoreapp3.0\Kitpymes.Core.Shared.Tests.dll" adapterTypeName="executor://mstestadapter/v2" className="Kitpymes.Core.Shared.Tests.IntegerExtensionsTests" name="ToStringFormat_Passing_ValidValue_Returns_ValueWithoutRemovedChars" />
    </UnitTest>
    <UnitTest name="ToDefaultValue_Passing_short_Returns_Cero" storage="d:\sferrari\01 - trabajo\repos\netcore\template-netcore-shared\kitpymes.core.shared.tests\bin\debug\netcoreapp3.0\kitpymes.core.shared.tests.dll" id="40108f40-2761-0a89-d16d-ad113b5f3dd5">
      <Execution id="2b7e3759-bdf4-48b4-8b1e-6a6ae41fece0" />
      <TestMethod codeBase="D:\SFERRARI\01 - TRABAJO\repos\netcore\template-netcore-shared\Kitpymes.Core.Shared.Tests\bin\Debug\netcoreapp3.0\Kitpymes.Core.Shared.Tests.dll" adapterTypeName="executor://mstestadapter/v2" className="Kitpymes.Core.Shared.Tests.GenericExtensionsTests" name="ToDefaultValue_Passing_short_Returns_Cero" />
    </UnitTest>
    <UnitTest name="ToDirectorySaveFileAsync_Passing_ValidValue_Returns_False" storage="d:\sferrari\01 - trabajo\repos\netcore\template-netcore-shared\kitpymes.core.shared.tests\bin\debug\netcoreapp3.0\kitpymes.core.shared.tests.dll" id="0696fab6-6d9f-2b85-4a73-248fbd1cdda4">
      <Execution id="c0304dfd-6ccf-4d22-b601-231144815024" />
      <TestMethod codeBase="D:\SFERRARI\01 - TRABAJO\repos\netcore\template-netcore-shared\Kitpymes.Core.Shared.Tests\bin\Debug\netcoreapp3.0\Kitpymes.Core.Shared.Tests.dll" adapterTypeName="executor://mstestadapter/v2" className="Kitpymes.Core.Shared.Tests.StringExtensionsTests" name="ToDirectorySaveFileAsync_Passing_ValidValue_Returns_False" />
    </UnitTest>
    <UnitTest name="ToGet_Passing_Claims_Returns_Claim_Value_String" storage="d:\sferrari\01 - trabajo\repos\netcore\template-netcore-shared\kitpymes.core.shared.tests\bin\debug\netcoreapp3.0\kitpymes.core.shared.tests.dll" id="0c633595-70e8-b011-5a46-c9c7e1687cb9">
      <Execution id="2aa676f3-c757-419b-a04f-730f885e4aea" />
      <TestMethod codeBase="D:\SFERRARI\01 - TRABAJO\repos\netcore\template-netcore-shared\Kitpymes.Core.Shared.Tests\bin\Debug\netcoreapp3.0\Kitpymes.Core.Shared.Tests.dll" adapterTypeName="executor://mstestadapter/v2" className="Kitpymes.Core.Shared.Tests.ClaimsPrincipalExtensionsTests" name="ToGet_Passing_Claims_Returns_Claim_Value_String" />
    </UnitTest>
    <UnitTest name="ToDefaultValue_Passing_ValidGuid_Returns_DefaultValue" storage="d:\sferrari\01 - trabajo\repos\netcore\template-netcore-shared\kitpymes.core.shared.tests\bin\debug\netcoreapp3.0\kitpymes.core.shared.tests.dll" id="225c09bd-86d5-d9ce-d2b8-18431ca384e3">
      <Execution id="366324f1-e4dd-408d-9138-fd7fe8047046" />
      <TestMethod codeBase="D:\SFERRARI\01 - TRABAJO\repos\netcore\template-netcore-shared\Kitpymes.Core.Shared.Tests\bin\Debug\netcoreapp3.0\Kitpymes.Core.Shared.Tests.dll" adapterTypeName="executor://mstestadapter/v2" className="Kitpymes.Core.Shared.Tests.TypeExtensionsTests" name="ToDefaultValue_Passing_ValidGuid_Returns_DefaultValue" />
    </UnitTest>
    <UnitTest name="ToZipCreate_Passing_ValidFiles_Returns_ZipFiles" storage="d:\sferrari\01 - trabajo\repos\netcore\template-netcore-shared\kitpymes.core.shared.tests\bin\debug\netcoreapp3.0\kitpymes.core.shared.tests.dll" id="c14c626b-0f15-ac55-344d-8aa2c3f91cdf">
      <Execution id="03251067-6159-48c5-8304-ad64431969eb" />
      <TestMethod codeBase="D:\SFERRARI\01 - TRABAJO\repos\netcore\template-netcore-shared\Kitpymes.Core.Shared.Tests\bin\Debug\netcoreapp3.0\Kitpymes.Core.Shared.Tests.dll" adapterTypeName="executor://mstestadapter/v2" className="Kitpymes.Core.Shared.Tests.StringExtensionsTests" name="ToZipCreate_Passing_ValidFiles_Returns_ZipFiles" />
    </UnitTest>
    <UnitTest name="ToIsNullOrAnyThrow_Passing_InvalidValue_Returns_ApplicationExceptionWithMessage" storage="d:\sferrari\01 - trabajo\repos\netcore\template-netcore-shared\kitpymes.core.shared.tests\bin\debug\netcoreapp3.0\kitpymes.core.shared.tests.dll" id="8fbac209-421a-f9fa-c5fe-97403aedb24e">
      <Execution id="8899c86d-bde9-4c2e-a177-3074d444235e" />
      <TestMethod codeBase="D:\SFERRARI\01 - TRABAJO\repos\netcore\template-netcore-shared\Kitpymes.Core.Shared.Tests\bin\Debug\netcoreapp3.0\Kitpymes.Core.Shared.Tests.dll" adapterTypeName="executor://mstestadapter/v2" className="Kitpymes.Core.Shared.Tests.CheckExtensionsTests" name="ToIsNullOrAnyThrow_Passing_InvalidValue_Returns_ApplicationExceptionWithMessage" />
    </UnitTest>
    <UnitTest name="ToIsFileThrow_Passing_InvalidValue_Returns_ApplicationExceptionWithMessage" storage="d:\sferrari\01 - trabajo\repos\netcore\template-netcore-shared\kitpymes.core.shared.tests\bin\debug\netcoreapp3.0\kitpymes.core.shared.tests.dll" id="0df69eaf-b001-71ae-6cf8-f9c5860f7c4c">
      <Execution id="66572f2b-391f-4384-b7d5-06e2cf288201" />
      <TestMethod codeBase="D:\SFERRARI\01 - TRABAJO\repos\netcore\template-netcore-shared\Kitpymes.Core.Shared.Tests\bin\Debug\netcoreapp3.0\Kitpymes.Core.Shared.Tests.dll" adapterTypeName="executor://mstestadapter/v2" className="Kitpymes.Core.Shared.Tests.CheckExtensionsTests" name="ToIsFileThrow_Passing_InvalidValue_Returns_ApplicationExceptionWithMessage" />
    </UnitTest>
    <UnitTest name="ToIsNullOrEmptyThrow_Passing_InvalidValue_Returns_ApplicationExceptionWithMessage" storage="d:\sferrari\01 - trabajo\repos\netcore\template-netcore-shared\kitpymes.core.shared.tests\bin\debug\netcoreapp3.0\kitpymes.core.shared.tests.dll" id="580ff04a-e5c0-9f2f-90c3-4f2aeafd15c5">
      <Execution id="24c914be-3866-4469-a252-45ec7fb327aa" />
      <TestMethod codeBase="D:\SFERRARI\01 - TRABAJO\repos\netcore\template-netcore-shared\Kitpymes.Core.Shared.Tests\bin\Debug\netcoreapp3.0\Kitpymes.Core.Shared.Tests.dll" adapterTypeName="executor://mstestadapter/v2" className="Kitpymes.Core.Shared.Tests.CheckExtensionsTests" name="ToIsNullOrEmptyThrow_Passing_InvalidValue_Returns_ApplicationExceptionWithMessage" />
    </UnitTest>
    <UnitTest name="ToEnvironment_Passing_Development_Enviroment_Returns_Development_Name" storage="d:\sferrari\01 - trabajo\repos\netcore\template-netcore-shared\kitpymes.core.shared.tests\bin\debug\netcoreapp3.0\kitpymes.core.shared.tests.dll" id="1c5de28c-f1b3-c94d-8e43-201eab8c2ff8">
      <Execution id="98dac2e1-d925-4732-af18-dfb30fd1721c" />
      <TestMethod codeBase="D:\SFERRARI\01 - TRABAJO\repos\netcore\template-netcore-shared\Kitpymes.Core.Shared.Tests\bin\Debug\netcoreapp3.0\Kitpymes.Core.Shared.Tests.dll" adapterTypeName="executor://mstestadapter/v2" className="Kitpymes.Core.Shared.Tests.ApplicationBuilderExtensionsTests" name="ToEnvironment_Passing_Development_Enviroment_Returns_Development_Name" />
    </UnitTest>
    <UnitTest name="ToDefaultValue_Passing_uint_Returns_Cero" storage="d:\sferrari\01 - trabajo\repos\netcore\template-netcore-shared\kitpymes.core.shared.tests\bin\debug\netcoreapp3.0\kitpymes.core.shared.tests.dll" id="f828057e-351a-48b7-0028-e57f15c7217e">
      <Execution id="5c755c24-c550-4f4e-87b1-274700d20323" />
      <TestMethod codeBase="D:\SFERRARI\01 - TRABAJO\repos\netcore\template-netcore-shared\Kitpymes.Core.Shared.Tests\bin\Debug\netcoreapp3.0\Kitpymes.Core.Shared.Tests.dll" adapterTypeName="executor://mstestadapter/v2" className="Kitpymes.Core.Shared.Tests.GenericExtensionsTests" name="ToDefaultValue_Passing_uint_Returns_Cero" />
    </UnitTest>
    <UnitTest name="ToIsAuthenticated_Passing_Null_ClaimsPrincipal_Returns_ApplicationException" storage="d:\sferrari\01 - trabajo\repos\netcore\template-netcore-shared\kitpymes.core.shared.tests\bin\debug\netcoreapp3.0\kitpymes.core.shared.tests.dll" id="a702dc43-b5af-c889-d32e-e69ee2d100af">
      <Execution id="d329f824-50fd-4ebb-bd31-89f17dc44cbf" />
      <TestMethod codeBase="D:\SFERRARI\01 - TRABAJO\repos\netcore\template-netcore-shared\Kitpymes.Core.Shared.Tests\bin\Debug\netcoreapp3.0\Kitpymes.Core.Shared.Tests.dll" adapterTypeName="executor://mstestadapter/v2" className="Kitpymes.Core.Shared.Tests.ClaimsPrincipalExtensionsTests" name="ToIsAuthenticated_Passing_Null_ClaimsPrincipal_Returns_ApplicationException" />
    </UnitTest>
    <UnitTest name="ToInt_Passing_Enumeration_Name_Returns_Value" storage="d:\sferrari\01 - trabajo\repos\netcore\template-netcore-shared\kitpymes.core.shared.tests\bin\debug\netcoreapp3.0\kitpymes.core.shared.tests.dll" id="4e1a5879-f3c8-4fdb-51d0-c4cf0a35e0bf">
      <Execution id="5a5cf1ed-efb6-40ff-9b00-4bc712908b86" />
      <TestMethod codeBase="D:\SFERRARI\01 - TRABAJO\repos\netcore\template-netcore-shared\Kitpymes.Core.Shared.Tests\bin\Debug\netcoreapp3.0\Kitpymes.Core.Shared.Tests.dll" adapterTypeName="executor://mstestadapter/v2" className="Kitpymes.Core.Shared.Tests.EnumExtensionsTests" name="ToInt_Passing_Enumeration_Name_Returns_Value" />
    </UnitTest>
    <UnitTest name="ToEndOfTheMonth_Passing_DateTime_Returns_End_Of_Month_DateTime" storage="d:\sferrari\01 - trabajo\repos\netcore\template-netcore-shared\kitpymes.core.shared.tests\bin\debug\netcoreapp3.0\kitpymes.core.shared.tests.dll" id="a4956cd8-34a7-6fca-5b71-6eb98cedd9b0">
      <Execution id="26a2fee3-b66c-4bfb-b204-e6a46fa57385" />
      <TestMethod codeBase="D:\SFERRARI\01 - TRABAJO\repos\netcore\template-netcore-shared\Kitpymes.Core.Shared.Tests\bin\Debug\netcoreapp3.0\Kitpymes.Core.Shared.Tests.dll" adapterTypeName="executor://mstestadapter/v2" className="Kitpymes.Core.Shared.Tests.DateTimeExtensionsTests" name="ToEndOfTheMonth_Passing_DateTime_Returns_End_Of_Month_DateTime" />
    </UnitTest>
    <UnitTest name="IsRegexMatch_Passing_InvalidArguments_Returns_HasErrorsAndCount" storage="d:\sferrari\01 - trabajo\repos\netcore\template-netcore-shared\kitpymes.core.shared.tests\bin\debug\netcoreapp3.0\kitpymes.core.shared.tests.dll" id="fe683836-27ec-729e-5fe1-a9c2674a6d87">
      <Execution id="e81621d7-252b-47da-a507-649fbf50b363" />
      <TestMethod codeBase="D:\SFERRARI\01 - TRABAJO\repos\netcore\template-netcore-shared\Kitpymes.Core.Shared.Tests\bin\Debug\netcoreapp3.0\Kitpymes.Core.Shared.Tests.dll" adapterTypeName="executor://mstestadapter/v2" className="Kitpymes.Core.Shared.Tests.CheckTests" name="IsRegexMatch_Passing_InvalidArguments_Returns_HasErrorsAndCount" />
    </UnitTest>
    <UnitTest name="ToMessage_Passing_ExceptionWithMessage_Returns_Message" storage="d:\sferrari\01 - trabajo\repos\netcore\template-netcore-shared\kitpymes.core.shared.tests\bin\debug\netcoreapp3.0\kitpymes.core.shared.tests.dll" id="0cb5eb43-9273-0bdf-bd18-53b184535503">
      <Execution id="3bc76768-564b-4539-99e5-dfc467dbc41b" />
      <TestMethod codeBase="D:\SFERRARI\01 - TRABAJO\repos\netcore\template-netcore-shared\Kitpymes.Core.Shared.Tests\bin\Debug\netcoreapp3.0\Kitpymes.Core.Shared.Tests.dll" adapterTypeName="executor://mstestadapter/v2" className="Kitpymes.Core.Shared.Tests.ExceptionExtensionsTests" name="ToMessage_Passing_ExceptionWithMessage_Returns_Message" />
    </UnitTest>
    <UnitTest name="ToEnvironment_ServiceProvider_Passing_Development_Enviroment_Returns_Development_Name" storage="d:\sferrari\01 - trabajo\repos\netcore\template-netcore-shared\kitpymes.core.shared.tests\bin\debug\netcoreapp3.0\kitpymes.core.shared.tests.dll" id="c09577a6-adca-ef94-40b5-45575ad65e4f">
      <Execution id="9893ffe3-bc49-4e61-b403-0c5214ee8c45" />
      <TestMethod codeBase="D:\SFERRARI\01 - TRABAJO\repos\netcore\template-netcore-shared\Kitpymes.Core.Shared.Tests\bin\Debug\netcoreapp3.0\Kitpymes.Core.Shared.Tests.dll" adapterTypeName="executor://mstestadapter/v2" className="Kitpymes.Core.Shared.Tests.ConfigurationBuilderExtensionsTests" name="ToEnvironment_ServiceProvider_Passing_Development_Enviroment_Returns_Development_Name" />
    </UnitTest>
    <UnitTest name="ToEmailMask_Passing_ValidEmail_Returns_EmailWithMask" storage="d:\sferrari\01 - trabajo\repos\netcore\template-netcore-shared\kitpymes.core.shared.tests\bin\debug\netcoreapp3.0\kitpymes.core.shared.tests.dll" id="98331ff8-6ed1-e7ba-c8dd-be5bd5b6cb2c">
      <Execution id="b8018743-46a6-4659-a8bf-ba08a5c0a94d" />
      <TestMethod codeBase="D:\SFERRARI\01 - TRABAJO\repos\netcore\template-netcore-shared\Kitpymes.Core.Shared.Tests\bin\Debug\netcoreapp3.0\Kitpymes.Core.Shared.Tests.dll" adapterTypeName="executor://mstestadapter/v2" className="Kitpymes.Core.Shared.Tests.StringExtensionsTests" name="ToEmailMask_Passing_ValidEmail_Returns_EmailWithMask" />
    </UnitTest>
    <UnitTest name="ToDefaultValue_Passing_int_Returns_Cero" storage="d:\sferrari\01 - trabajo\repos\netcore\template-netcore-shared\kitpymes.core.shared.tests\bin\debug\netcoreapp3.0\kitpymes.core.shared.tests.dll" id="4234610b-215b-41f7-e61d-4a82851bdfa3">
      <Execution id="8ee07043-471d-4adc-9240-1517aa01f1eb" />
      <TestMethod codeBase="D:\SFERRARI\01 - TRABAJO\repos\netcore\template-netcore-shared\Kitpymes.Core.Shared.Tests\bin\Debug\netcoreapp3.0\Kitpymes.Core.Shared.Tests.dll" adapterTypeName="executor://mstestadapter/v2" className="Kitpymes.Core.Shared.Tests.GenericExtensionsTests" name="ToDefaultValue_Passing_int_Returns_Cero" />
    </UnitTest>
    <UnitTest name="ToEnum_Passing_InvalidValueInt_Returns_EnumCustomValue" storage="d:\sferrari\01 - trabajo\repos\netcore\template-netcore-shared\kitpymes.core.shared.tests\bin\debug\netcoreapp3.0\kitpymes.core.shared.tests.dll" id="1064d8aa-5d0e-6bf5-83ee-952a4d1fd93b">
      <Execution id="3dff531a-e67d-42d3-b6f2-6e97082c2724" />
      <TestMethod codeBase="D:\SFERRARI\01 - TRABAJO\repos\netcore\template-netcore-shared\Kitpymes.Core.Shared.Tests\bin\Debug\netcoreapp3.0\Kitpymes.Core.Shared.Tests.dll" adapterTypeName="executor://mstestadapter/v2" className="Kitpymes.Core.Shared.Tests.StringExtensionsTests" name="ToEnum_Passing_InvalidValueInt_Returns_EnumCustomValue" />
    </UnitTest>
    <UnitTest name="ToDirectoryDeleteFiles_Passing_ValidValue_Returns_DirectoryNoExists" storage="d:\sferrari\01 - trabajo\repos\netcore\template-netcore-shared\kitpymes.core.shared.tests\bin\debug\netcoreapp3.0\kitpymes.core.shared.tests.dll" id="7f0aeefe-ba4a-5404-c6f8-82be67718cc4">
      <Execution id="c075d44c-9382-482c-bb2d-b930bc7b99d1" />
      <TestMethod codeBase="D:\SFERRARI\01 - TRABAJO\repos\netcore\template-netcore-shared\Kitpymes.Core.Shared.Tests\bin\Debug\netcoreapp3.0\Kitpymes.Core.Shared.Tests.dll" adapterTypeName="executor://mstestadapter/v2" className="Kitpymes.Core.Shared.Tests.StringExtensionsTests" name="ToDirectoryDeleteFiles_Passing_ValidValue_Returns_DirectoryNoExists" />
    </UnitTest>
    <UnitTest name="ToService_Passing_Service_Not_Found_Returns_Null" storage="d:\sferrari\01 - trabajo\repos\netcore\template-netcore-shared\kitpymes.core.shared.tests\bin\debug\netcoreapp3.0\kitpymes.core.shared.tests.dll" id="3f0bf65d-a3af-41bf-ac79-126a0efc4fd4">
      <Execution id="568e9543-0880-4a07-80a6-448d8d71acca" />
      <TestMethod codeBase="D:\SFERRARI\01 - TRABAJO\repos\netcore\template-netcore-shared\Kitpymes.Core.Shared.Tests\bin\Debug\netcoreapp3.0\Kitpymes.Core.Shared.Tests.dll" adapterTypeName="executor://mstestadapter/v2" className="Kitpymes.Core.Shared.Tests.ApplicationBuilderExtensionsTests" name="ToService_Passing_Service_Not_Found_Returns_Null" />
    </UnitTest>
    <UnitTest name="ToConfiguration_Passing_Empty_DirectoryPath_Returns_ApplicationException" storage="d:\sferrari\01 - trabajo\repos\netcore\template-netcore-shared\kitpymes.core.shared.tests\bin\debug\netcoreapp3.0\kitpymes.core.shared.tests.dll" id="5c861184-f295-e727-0fd4-d218f13da14d">
      <Execution id="af606793-d7ff-4e58-815b-8879061b28c0" />
      <TestMethod codeBase="D:\SFERRARI\01 - TRABAJO\repos\netcore\template-netcore-shared\Kitpymes.Core.Shared.Tests\bin\Debug\netcoreapp3.0\Kitpymes.Core.Shared.Tests.dll" adapterTypeName="executor://mstestadapter/v2" className="Kitpymes.Core.Shared.Tests.ConfigurationBuilderExtensionsTests" name="ToConfiguration_Passing_Empty_DirectoryPath_Returns_ApplicationException" />
    </UnitTest>
    <UnitTest name="ToMapNew_Passing_TSource_And_TDestination_Returns_New_TDestination_Object" storage="d:\sferrari\01 - trabajo\repos\netcore\template-netcore-shared\kitpymes.core.shared.tests\bin\debug\netcoreapp3.0\kitpymes.core.shared.tests.dll" id="46cc46f0-c0e1-f3e6-2242-cdef90a4249a">
      <Execution id="e2469499-a0b1-48bc-86a0-e87fb7bb1201" />
      <TestMethod codeBase="D:\SFERRARI\01 - TRABAJO\repos\netcore\template-netcore-shared\Kitpymes.Core.Shared.Tests\bin\Debug\netcoreapp3.0\Kitpymes.Core.Shared.Tests.dll" adapterTypeName="executor://mstestadapter/v2" className="Kitpymes.Core.Shared.Tests.AgileMapperExtensionsTests" name="ToMapNew_Passing_TSource_And_TDestination_Returns_New_TDestination_Object" />
    </UnitTest>
    <UnitTest name="ToIsNullOrAny_Passing_InvalidValue_Returns_True" storage="d:\sferrari\01 - trabajo\repos\netcore\template-netcore-shared\kitpymes.core.shared.tests\bin\debug\netcoreapp3.0\kitpymes.core.shared.tests.dll" id="55f105d6-fc07-21db-e70a-db30ccdb0844">
      <Execution id="555861dd-fb36-4af3-aed1-4391d9f39528" />
      <TestMethod codeBase="D:\SFERRARI\01 - TRABAJO\repos\netcore\template-netcore-shared\Kitpymes.Core.Shared.Tests\bin\Debug\netcoreapp3.0\Kitpymes.Core.Shared.Tests.dll" adapterTypeName="executor://mstestadapter/v2" className="Kitpymes.Core.Shared.Tests.CheckExtensionsTests" name="ToIsNullOrAny_Passing_InvalidValue_Returns_True" />
    </UnitTest>
    <UnitTest name="IsSubdomain_Passing_ValidArguments_Returns_HasErrorsAndCount" storage="d:\sferrari\01 - trabajo\repos\netcore\template-netcore-shared\kitpymes.core.shared.tests\bin\debug\netcoreapp3.0\kitpymes.core.shared.tests.dll" id="725d136c-3e7a-6e51-fc61-03203ffec0b5">
      <Execution id="eb96e4fc-c5b1-4164-8e35-2e1646c5a339" />
      <TestMethod codeBase="D:\SFERRARI\01 - TRABAJO\repos\netcore\template-netcore-shared\Kitpymes.Core.Shared.Tests\bin\Debug\netcoreapp3.0\Kitpymes.Core.Shared.Tests.dll" adapterTypeName="executor://mstestadapter/v2" className="Kitpymes.Core.Shared.Tests.CheckTests" name="IsSubdomain_Passing_ValidArguments_Returns_HasErrorsAndCount" />
    </UnitTest>
    <UnitTest name="ToIsNameThrow_Passing_InvalidValue_Returns_ApplicationExceptionWithMessage" storage="d:\sferrari\01 - trabajo\repos\netcore\template-netcore-shared\kitpymes.core.shared.tests\bin\debug\netcoreapp3.0\kitpymes.core.shared.tests.dll" id="1dab5b85-21d2-af6f-92e5-af8126f0e2fb">
      <Execution id="d94f244a-f6fc-4491-b224-72c71d207547" />
      <TestMethod codeBase="D:\SFERRARI\01 - TRABAJO\repos\netcore\template-netcore-shared\Kitpymes.Core.Shared.Tests\bin\Debug\netcoreapp3.0\Kitpymes.Core.Shared.Tests.dll" adapterTypeName="executor://mstestadapter/v2" className="Kitpymes.Core.Shared.Tests.CheckExtensionsTests" name="ToIsNameThrow_Passing_InvalidValue_Returns_ApplicationExceptionWithMessage" />
    </UnitTest>
    <UnitTest name="ToHashAlgorithmName_Passing_InvalidValueString_Returns_Null" storage="d:\sferrari\01 - trabajo\repos\netcore\template-netcore-shared\kitpymes.core.shared.tests\bin\debug\netcoreapp3.0\kitpymes.core.shared.tests.dll" id="1b969e76-d97c-c639-c377-a41796fbb2c3">
      <Execution id="89294b4f-8908-4ce8-8d87-ae908474f4eb" />
      <TestMethod codeBase="D:\SFERRARI\01 - TRABAJO\repos\netcore\template-netcore-shared\Kitpymes.Core.Shared.Tests\bin\Debug\netcoreapp3.0\Kitpymes.Core.Shared.Tests.dll" adapterTypeName="executor://mstestadapter/v2" className="Kitpymes.Core.Shared.Tests.StringExtensionsTests" name="ToHashAlgorithmName_Passing_InvalidValueString_Returns_Null" />
    </UnitTest>
    <UnitTest name="Error_Result" storage="d:\sferrari\01 - trabajo\repos\netcore\template-netcore-shared\kitpymes.core.shared.tests\bin\debug\netcoreapp3.0\kitpymes.core.shared.tests.dll" id="0bc5f5bd-b19f-d3e2-fd5b-370072466834">
      <Execution id="ceb532a7-2cff-4d6c-adde-4d5721aa5fcd" />
      <TestMethod codeBase="D:\SFERRARI\01 - TRABAJO\repos\netcore\template-netcore-shared\Kitpymes.Core.Shared.Tests\bin\Debug\netcoreapp3.0\Kitpymes.Core.Shared.Tests.dll" adapterTypeName="executor://mstestadapter/v2" className="Kitpymes.Core.Shared.Tests.ResultTest" name="Error_Result" />
    </UnitTest>
    <UnitTest name="ToInt_Passing_Enumeration_Name_Returns_Description_Atributte" storage="d:\sferrari\01 - trabajo\repos\netcore\template-netcore-shared\kitpymes.core.shared.tests\bin\debug\netcoreapp3.0\kitpymes.core.shared.tests.dll" id="c63cd623-e636-5730-a1fa-b18ae782acc7">
      <Execution id="53378fa8-b5bf-4226-bfad-adb2fd19d692" />
      <TestMethod codeBase="D:\SFERRARI\01 - TRABAJO\repos\netcore\template-netcore-shared\Kitpymes.Core.Shared.Tests\bin\Debug\netcoreapp3.0\Kitpymes.Core.Shared.Tests.dll" adapterTypeName="executor://mstestadapter/v2" className="Kitpymes.Core.Shared.Tests.EnumExtensionsTests" name="ToInt_Passing_Enumeration_Name_Returns_Description_Atributte" />
    </UnitTest>
    <UnitTest name="ToSettings_Passing_Values_From_Memory_Returns_Settings" storage="d:\sferrari\01 - trabajo\repos\netcore\template-netcore-shared\kitpymes.core.shared.tests\bin\debug\netcoreapp3.0\kitpymes.core.shared.tests.dll" id="86b92527-4d52-052b-63ae-d9a8aa694919">
      <Execution id="5426137f-1e67-440d-b289-cf5764ca385b" />
      <TestMethod codeBase="D:\SFERRARI\01 - TRABAJO\repos\netcore\template-netcore-shared\Kitpymes.Core.Shared.Tests\bin\Debug\netcoreapp3.0\Kitpymes.Core.Shared.Tests.dll" adapterTypeName="executor://mstestadapter/v2" className="Kitpymes.Core.Shared.Tests.ConfigurationBuilderExtensionsTests" name="ToSettings_Passing_Values_From_Memory_Returns_Settings" />
    </UnitTest>
    <UnitTest name="ToIsLastDayOfTheMonth_Passing_LastDayOfMonth_Returns_True" storage="d:\sferrari\01 - trabajo\repos\netcore\template-netcore-shared\kitpymes.core.shared.tests\bin\debug\netcoreapp3.0\kitpymes.core.shared.tests.dll" id="98d4dd82-eb94-c060-7aeb-9b0a39f334fb">
      <Execution id="4068490f-4a37-4048-a82b-de0d6aabcfb4" />
      <TestMethod codeBase="D:\SFERRARI\01 - TRABAJO\repos\netcore\template-netcore-shared\Kitpymes.Core.Shared.Tests\bin\Debug\netcoreapp3.0\Kitpymes.Core.Shared.Tests.dll" adapterTypeName="executor://mstestadapter/v2" className="Kitpymes.Core.Shared.Tests.DateTimeExtensionsTests" name="ToIsLastDayOfTheMonth_Passing_LastDayOfMonth_Returns_True" />
    </UnitTest>
    <UnitTest name="ToEnvironment_ServiceCollection_Passing_Development_Enviroment_Returns_Development_Name" storage="d:\sferrari\01 - trabajo\repos\netcore\template-netcore-shared\kitpymes.core.shared.tests\bin\debug\netcoreapp3.0\kitpymes.core.shared.tests.dll" id="0f697beb-b7a4-6aa6-9017-b57feeb9ba7f">
      <Execution id="2bc3c9f0-3ab6-4207-8507-160064069afd" />
      <TestMethod codeBase="D:\SFERRARI\01 - TRABAJO\repos\netcore\template-netcore-shared\Kitpymes.Core.Shared.Tests\bin\Debug\netcoreapp3.0\Kitpymes.Core.Shared.Tests.dll" adapterTypeName="executor://mstestadapter/v2" className="Kitpymes.Core.Shared.Tests.ConfigurationBuilderExtensionsTests" name="ToEnvironment_ServiceCollection_Passing_Development_Enviroment_Returns_Development_Name" />
    </UnitTest>
    <UnitTest name="Error_ResultMessage_WithException_WithDetails" storage="d:\sferrari\01 - trabajo\repos\netcore\template-netcore-shared\kitpymes.core.shared.tests\bin\debug\netcoreapp3.0\kitpymes.core.shared.tests.dll" id="991c5cbc-a203-b8cd-91d2-0129356152a7">
      <Execution id="57c0f631-baa0-406e-99fe-a8ba1161228c" />
      <TestMethod codeBase="D:\SFERRARI\01 - TRABAJO\repos\netcore\template-netcore-shared\Kitpymes.Core.Shared.Tests\bin\Debug\netcoreapp3.0\Kitpymes.Core.Shared.Tests.dll" adapterTypeName="executor://mstestadapter/v2" className="Kitpymes.Core.Shared.Tests.ResultTest" name="Error_ResultMessage_WithException_WithDetails" />
    </UnitTest>
    <UnitTest name="ToTryGetHeader_Passing_HttpRequest_Header_Value_Returns_Value" storage="d:\sferrari\01 - trabajo\repos\netcore\template-netcore-shared\kitpymes.core.shared.tests\bin\debug\netcoreapp3.0\kitpymes.core.shared.tests.dll" id="13bab721-bf36-ea1b-3f50-9937b274e83a">
      <Execution id="7666de58-61d2-4012-9d7b-a9e425301bf0" />
      <TestMethod codeBase="D:\SFERRARI\01 - TRABAJO\repos\netcore\template-netcore-shared\Kitpymes.Core.Shared.Tests\bin\Debug\netcoreapp3.0\Kitpymes.Core.Shared.Tests.dll" adapterTypeName="executor://mstestadapter/v2" className="Kitpymes.Core.Shared.Tests.HttpRequestExtensionsTests" name="ToTryGetHeader_Passing_HttpRequest_Header_Value_Returns_Value" />
    </UnitTest>
    <UnitTest name="ToFirstLetterLower_Passing_ValidValue_Returns_StringWithFirstLetterLower" storage="d:\sferrari\01 - trabajo\repos\netcore\template-netcore-shared\kitpymes.core.shared.tests\bin\debug\netcoreapp3.0\kitpymes.core.shared.tests.dll" id="4315ebd1-3e2a-edf0-9de6-c78f08760fe3">
      <Execution id="1ea29471-8e93-4f1a-85f5-ae34677dc4d8" />
      <TestMethod codeBase="D:\SFERRARI\01 - TRABAJO\repos\netcore\template-netcore-shared\Kitpymes.Core.Shared.Tests\bin\Debug\netcoreapp3.0\Kitpymes.Core.Shared.Tests.dll" adapterTypeName="executor://mstestadapter/v2" className="Kitpymes.Core.Shared.Tests.StringExtensionsTests" name="ToFirstLetterLower_Passing_ValidValue_Returns_StringWithFirstLetterLower" />
    </UnitTest>
    <UnitTest name="ToPaged_Passing_Name_Ascending_Order_Returns_Filter_List" storage="d:\sferrari\01 - trabajo\repos\netcore\template-netcore-shared\kitpymes.core.shared.tests\bin\debug\netcoreapp3.0\kitpymes.core.shared.tests.dll" id="6fc389b2-a5f3-ded0-63b6-7e1b4cca8442">
      <Execution id="2a2c2214-c287-41d6-a9dd-582253b18c54" />
      <TestMethod codeBase="D:\SFERRARI\01 - TRABAJO\repos\netcore\template-netcore-shared\Kitpymes.Core.Shared.Tests\bin\Debug\netcoreapp3.0\Kitpymes.Core.Shared.Tests.dll" adapterTypeName="executor://mstestadapter/v2" className="Kitpymes.Core.Shared.Tests.QueryableExtensionsTests" name="ToPaged_Passing_Name_Ascending_Order_Returns_Filter_List" />
    </UnitTest>
    <UnitTest name="ToReplace_Passing_ValidValue_Returns_ReplacedValue" storage="d:\sferrari\01 - trabajo\repos\netcore\template-netcore-shared\kitpymes.core.shared.tests\bin\debug\netcoreapp3.0\kitpymes.core.shared.tests.dll" id="04084e8e-c859-4ef5-e2a7-4fb2803cb2a3">
      <Execution id="15df1ab8-5f30-4b8e-b53d-54e0d66f7316" />
      <TestMethod codeBase="D:\SFERRARI\01 - TRABAJO\repos\netcore\template-netcore-shared\Kitpymes.Core.Shared.Tests\bin\Debug\netcoreapp3.0\Kitpymes.Core.Shared.Tests.dll" adapterTypeName="executor://mstestadapter/v2" className="Kitpymes.Core.Shared.Tests.StringExtensionsTests" name="ToReplace_Passing_ValidValue_Returns_ReplacedValue" />
    </UnitTest>
    <UnitTest name="IsEqual_Passing_InvalidArguments_Returns_HasErrorsAndCount" storage="d:\sferrari\01 - trabajo\repos\netcore\template-netcore-shared\kitpymes.core.shared.tests\bin\debug\netcoreapp3.0\kitpymes.core.shared.tests.dll" id="c87d842d-198f-fc52-0a70-418a5e5378ab">
      <Execution id="899ce3af-44cc-43ae-a93c-fefabdf0fd97" />
      <TestMethod codeBase="D:\SFERRARI\01 - TRABAJO\repos\netcore\template-netcore-shared\Kitpymes.Core.Shared.Tests\bin\Debug\netcoreapp3.0\Kitpymes.Core.Shared.Tests.dll" adapterTypeName="executor://mstestadapter/v2" className="Kitpymes.Core.Shared.Tests.CheckTests" name="IsEqual_Passing_InvalidArguments_Returns_HasErrorsAndCount" />
    </UnitTest>
    <UnitTest name="ToSetTime_Passing_Time_Int_Returns_DateTime" storage="d:\sferrari\01 - trabajo\repos\netcore\template-netcore-shared\kitpymes.core.shared.tests\bin\debug\netcoreapp3.0\kitpymes.core.shared.tests.dll" id="1761ee10-7c34-b565-b889-1885bffe91c3">
      <Execution id="d86bd437-e7f3-4eba-a93b-ace793664b6a" />
      <TestMethod codeBase="D:\SFERRARI\01 - TRABAJO\repos\netcore\template-netcore-shared\Kitpymes.Core.Shared.Tests\bin\Debug\netcoreapp3.0\Kitpymes.Core.Shared.Tests.dll" adapterTypeName="executor://mstestadapter/v2" className="Kitpymes.Core.Shared.Tests.DateTimeExtensionsTests" name="ToSetTime_Passing_Time_Int_Returns_DateTime" />
    </UnitTest>
    <UnitTest name="ToWhere_Passing_Valid_Predicate_Returns_Filter_List" storage="d:\sferrari\01 - trabajo\repos\netcore\template-netcore-shared\kitpymes.core.shared.tests\bin\debug\netcoreapp3.0\kitpymes.core.shared.tests.dll" id="e9d3a3d6-32e0-613e-b55e-48afdf1ab686">
      <Execution id="a9a39c04-fdbe-4561-854c-4159a1efdd7e" />
      <TestMethod codeBase="D:\SFERRARI\01 - TRABAJO\repos\netcore\template-netcore-shared\Kitpymes.Core.Shared.Tests\bin\Debug\netcoreapp3.0\Kitpymes.Core.Shared.Tests.dll" adapterTypeName="executor://mstestadapter/v2" className="Kitpymes.Core.Shared.Tests.QueryableExtensionsTests" name="ToWhere_Passing_Valid_Predicate_Returns_Filter_List" />
    </UnitTest>
    <UnitTest name="ToEmailMaskUserNameAndDomainAndExtension_Passing_ValidEmail_Returns_EmailWithMask" storage="d:\sferrari\01 - trabajo\repos\netcore\template-netcore-shared\kitpymes.core.shared.tests\bin\debug\netcoreapp3.0\kitpymes.core.shared.tests.dll" id="1f6423c7-4317-6f5b-c112-f4c9c7e822af">
      <Execution id="16077680-ff69-4b64-9a40-3dbb934e7925" />
      <TestMethod codeBase="D:\SFERRARI\01 - TRABAJO\repos\netcore\template-netcore-shared\Kitpymes.Core.Shared.Tests\bin\Debug\netcoreapp3.0\Kitpymes.Core.Shared.Tests.dll" adapterTypeName="executor://mstestadapter/v2" className="Kitpymes.Core.Shared.Tests.StringExtensionsTests" name="ToEmailMaskUserNameAndDomainAndExtension_Passing_ValidEmail_Returns_EmailWithMask" />
    </UnitTest>
    <UnitTest name="ToTryGetHeader_Passing_HttpRequest_Header_Many_Values_Returns_Values" storage="d:\sferrari\01 - trabajo\repos\netcore\template-netcore-shared\kitpymes.core.shared.tests\bin\debug\netcoreapp3.0\kitpymes.core.shared.tests.dll" id="db5f34ff-df7c-44e5-6721-c319db8d6da0">
      <Execution id="93f29025-d5f0-422a-bc1f-d4202b602ff2" />
      <TestMethod codeBase="D:\SFERRARI\01 - TRABAJO\repos\netcore\template-netcore-shared\Kitpymes.Core.Shared.Tests\bin\Debug\netcoreapp3.0\Kitpymes.Core.Shared.Tests.dll" adapterTypeName="executor://mstestadapter/v2" className="Kitpymes.Core.Shared.Tests.HttpRequestExtensionsTests" name="ToTryGetHeader_Passing_HttpRequest_Header_Many_Values_Returns_Values" />
    </UnitTest>
    <UnitTest name="ToEnum_Passing_ValidValue_String_Returns_EnumValue" storage="d:\sferrari\01 - trabajo\repos\netcore\template-netcore-shared\kitpymes.core.shared.tests\bin\debug\netcoreapp3.0\kitpymes.core.shared.tests.dll" id="605637df-9854-875b-b3aa-6675f3fbd045">
      <Execution id="f933092d-ebbc-48b0-8548-09fce257a1b4" />
      <TestMethod codeBase="D:\SFERRARI\01 - TRABAJO\repos\netcore\template-netcore-shared\Kitpymes.Core.Shared.Tests\bin\Debug\netcoreapp3.0\Kitpymes.Core.Shared.Tests.dll" adapterTypeName="executor://mstestadapter/v2" className="Kitpymes.Core.Shared.Tests.StringExtensionsTests" name="ToEnum_Passing_ValidValue_String_Returns_EnumValue" />
    </UnitTest>
    <UnitTest name="ToDefaultValue_Passing_sbyte_Returns_Cero" storage="d:\sferrari\01 - trabajo\repos\netcore\template-netcore-shared\kitpymes.core.shared.tests\bin\debug\netcoreapp3.0\kitpymes.core.shared.tests.dll" id="19a313ce-6632-bd6f-bb7e-c2dc7bcf20eb">
      <Execution id="863250f6-3fd3-4c64-882d-0941fa01ecef" />
      <TestMethod codeBase="D:\SFERRARI\01 - TRABAJO\repos\netcore\template-netcore-shared\Kitpymes.Core.Shared.Tests\bin\Debug\netcoreapp3.0\Kitpymes.Core.Shared.Tests.dll" adapterTypeName="executor://mstestadapter/v2" className="Kitpymes.Core.Shared.Tests.GenericExtensionsTests" name="ToDefaultValue_Passing_sbyte_Returns_Cero" />
    </UnitTest>
    <UnitTest name="CreateRandom_WithDefaultAllowableCharacters_Passing_ValidArguments_Returns_String_Random_Value" storage="d:\sferrari\01 - trabajo\repos\netcore\template-netcore-shared\kitpymes.core.shared.tests\bin\debug\netcoreapp3.0\kitpymes.core.shared.tests.dll" id="481343f9-3ff3-548f-0c6c-41599cf65802">
      <Execution id="4660a221-0d8e-4370-a4fd-db6b591035b5" />
      <TestMethod codeBase="D:\SFERRARI\01 - TRABAJO\repos\netcore\template-netcore-shared\Kitpymes.Core.Shared.Tests\bin\Debug\netcoreapp3.0\Kitpymes.Core.Shared.Tests.dll" adapterTypeName="executor://mstestadapter/v2" className="Kitpymes.Core.Shared.Tests.HashTests" name="CreateRandom_WithDefaultAllowableCharacters_Passing_ValidArguments_Returns_String_Random_Value" />
    </UnitTest>
    <UnitTest name="ToThrow_Passing_InvalidValue_Returns_ApplicationExceptionWithMessage" storage="d:\sferrari\01 - trabajo\repos\netcore\template-netcore-shared\kitpymes.core.shared.tests\bin\debug\netcoreapp3.0\kitpymes.core.shared.tests.dll" id="9b5f9705-0df5-3b21-5e23-e11b68721fd4">
      <Execution id="b6b78500-f11c-40f4-8e7a-5627484569ad" />
      <TestMethod codeBase="D:\SFERRARI\01 - TRABAJO\repos\netcore\template-netcore-shared\Kitpymes.Core.Shared.Tests\bin\Debug\netcoreapp3.0\Kitpymes.Core.Shared.Tests.dll" adapterTypeName="executor://mstestadapter/v2" className="Kitpymes.Core.Shared.Tests.CheckExtensionsTests" name="ToThrow_Passing_InvalidValue_Returns_ApplicationExceptionWithMessage" />
    </UnitTest>
    <UnitTest name="ToIsFileExtensionThrow_Passing_InvalidValue_Returns_ApplicationExceptionWithMessage" storage="d:\sferrari\01 - trabajo\repos\netcore\template-netcore-shared\kitpymes.core.shared.tests\bin\debug\netcoreapp3.0\kitpymes.core.shared.tests.dll" id="43949294-e4b7-cf4d-0d69-84ccc9e58406">
      <Execution id="18768782-5c88-4dad-8468-48c43f74f9bd" />
      <TestMethod codeBase="D:\SFERRARI\01 - TRABAJO\repos\netcore\template-netcore-shared\Kitpymes.Core.Shared.Tests\bin\Debug\netcoreapp3.0\Kitpymes.Core.Shared.Tests.dll" adapterTypeName="executor://mstestadapter/v2" className="Kitpymes.Core.Shared.Tests.CheckExtensionsTests" name="ToIsFileExtensionThrow_Passing_InvalidValue_Returns_ApplicationExceptionWithMessage" />
    </UnitTest>
    <UnitTest name="ToConfiguration_Passing_Valid_DirectoryPath_Invalid_JsonFileName_Not_Optional_Returns_ApplicationException" storage="d:\sferrari\01 - trabajo\repos\netcore\template-netcore-shared\kitpymes.core.shared.tests\bin\debug\netcoreapp3.0\kitpymes.core.shared.tests.dll" id="bf48e581-43e6-7660-c4f4-1b7deb1f0ed9">
      <Execution id="715db6a6-a42c-4766-88cd-b2536fb83c2f" />
      <TestMethod codeBase="D:\SFERRARI\01 - TRABAJO\repos\netcore\template-netcore-shared\Kitpymes.Core.Shared.Tests\bin\Debug\netcoreapp3.0\Kitpymes.Core.Shared.Tests.dll" adapterTypeName="executor://mstestadapter/v2" className="Kitpymes.Core.Shared.Tests.ConfigurationBuilderExtensionsTests" name="ToConfiguration_Passing_Valid_DirectoryPath_Invalid_JsonFileName_Not_Optional_Returns_ApplicationException" />
    </UnitTest>
    <UnitTest name="ToPaged_Passing_Name_Descending_Order_Returns_Filter_List" storage="d:\sferrari\01 - trabajo\repos\netcore\template-netcore-shared\kitpymes.core.shared.tests\bin\debug\netcoreapp3.0\kitpymes.core.shared.tests.dll" id="0b00f09d-f7e4-fb1e-68ad-8102cf6143e0">
      <Execution id="aeac080e-6095-4dee-a8b6-6b38b37bfd18" />
      <TestMethod codeBase="D:\SFERRARI\01 - TRABAJO\repos\netcore\template-netcore-shared\Kitpymes.Core.Shared.Tests\bin\Debug\netcoreapp3.0\Kitpymes.Core.Shared.Tests.dll" adapterTypeName="executor://mstestadapter/v2" className="Kitpymes.Core.Shared.Tests.QueryableExtensionsTests" name="ToPaged_Passing_Name_Descending_Order_Returns_Filter_List" />
    </UnitTest>
    <UnitTest name="ToEnum_Passing_InvalidValueString_Returns_EnumDefaultValue" storage="d:\sferrari\01 - trabajo\repos\netcore\template-netcore-shared\kitpymes.core.shared.tests\bin\debug\netcoreapp3.0\kitpymes.core.shared.tests.dll" id="31ff6168-d18d-0013-7c18-0ff775714202">
      <Execution id="06fd221f-835c-40fa-908a-e0c1d1d39460" />
      <TestMethod codeBase="D:\SFERRARI\01 - TRABAJO\repos\netcore\template-netcore-shared\Kitpymes.Core.Shared.Tests\bin\Debug\netcoreapp3.0\Kitpymes.Core.Shared.Tests.dll" adapterTypeName="executor://mstestadapter/v2" className="Kitpymes.Core.Shared.Tests.StringExtensionsTests" name="ToEnum_Passing_InvalidValueString_Returns_EnumDefaultValue" />
    </UnitTest>
    <UnitTest name="ToUserName_Passing_Valid_UserName_ClaimsPrincipal_Returns_String_UserName_Value" storage="d:\sferrari\01 - trabajo\repos\netcore\template-netcore-shared\kitpymes.core.shared.tests\bin\debug\netcoreapp3.0\kitpymes.core.shared.tests.dll" id="856fd0c8-b6f8-9265-ccfd-2a9e615488e2">
      <Execution id="0a5bd671-f4c3-4628-a9a0-36f2dfc532d9" />
      <TestMethod codeBase="D:\SFERRARI\01 - TRABAJO\repos\netcore\template-netcore-shared\Kitpymes.Core.Shared.Tests\bin\Debug\netcoreapp3.0\Kitpymes.Core.Shared.Tests.dll" adapterTypeName="executor://mstestadapter/v2" className="Kitpymes.Core.Shared.Tests.ClaimsPrincipalExtensionsTests" name="ToUserName_Passing_Valid_UserName_ClaimsPrincipal_Returns_String_UserName_Value" />
    </UnitTest>
    <UnitTest name="IsSubdomain_Passing_InvalidArguments_Returns_HasErrorsAndCount" storage="d:\sferrari\01 - trabajo\repos\netcore\template-netcore-shared\kitpymes.core.shared.tests\bin\debug\netcoreapp3.0\kitpymes.core.shared.tests.dll" id="f2debf4a-2a42-7b0b-1005-8f74a6fc63cb">
      <Execution id="f96dc1b4-aa8b-44ad-8425-ae85d8d2719d" />
      <TestMethod codeBase="D:\SFERRARI\01 - TRABAJO\repos\netcore\template-netcore-shared\Kitpymes.Core.Shared.Tests\bin\Debug\netcoreapp3.0\Kitpymes.Core.Shared.Tests.dll" adapterTypeName="executor://mstestadapter/v2" className="Kitpymes.Core.Shared.Tests.CheckTests" name="IsSubdomain_Passing_InvalidArguments_Returns_HasErrorsAndCount" />
    </UnitTest>
    <UnitTest name="IsDigit_Passing_ValidArguments_Returns_HasErrorsAndCount" storage="d:\sferrari\01 - trabajo\repos\netcore\template-netcore-shared\kitpymes.core.shared.tests\bin\debug\netcoreapp3.0\kitpymes.core.shared.tests.dll" id="ebdf037a-44fa-7875-99d4-42fa9833aac8">
      <Execution id="027b601b-d11c-4f7c-b551-98398004f8df" />
      <TestMethod codeBase="D:\SFERRARI\01 - TRABAJO\repos\netcore\template-netcore-shared\Kitpymes.Core.Shared.Tests\bin\Debug\netcoreapp3.0\Kitpymes.Core.Shared.Tests.dll" adapterTypeName="executor://mstestadapter/v2" className="Kitpymes.Core.Shared.Tests.CheckTests" name="IsDigit_Passing_ValidArguments_Returns_HasErrorsAndCount" />
    </UnitTest>
    <UnitTest name="ToEmailMaskUserNameAndDomain_Passing_ValidEmail_Returns_EmailWithMask" storage="d:\sferrari\01 - trabajo\repos\netcore\template-netcore-shared\kitpymes.core.shared.tests\bin\debug\netcoreapp3.0\kitpymes.core.shared.tests.dll" id="e8138724-52f6-6999-ada4-cbc441f2cd15">
      <Execution id="fc099116-3b3d-443f-a465-b84a6ceaf0bc" />
      <TestMethod codeBase="D:\SFERRARI\01 - TRABAJO\repos\netcore\template-netcore-shared\Kitpymes.Core.Shared.Tests\bin\Debug\netcoreapp3.0\Kitpymes.Core.Shared.Tests.dll" adapterTypeName="executor://mstestadapter/v2" className="Kitpymes.Core.Shared.Tests.StringExtensionsTests" name="ToEmailMaskUserNameAndDomain_Passing_ValidEmail_Returns_EmailWithMask" />
    </UnitTest>
    <UnitTest name="ToDirectoryReadFileAsync_Passing_ValidValue_Returns_False" storage="d:\sferrari\01 - trabajo\repos\netcore\template-netcore-shared\kitpymes.core.shared.tests\bin\debug\netcoreapp3.0\kitpymes.core.shared.tests.dll" id="29295413-2308-fade-9c98-0e9ed6c67839">
      <Execution id="e166db8a-0fc6-4a3e-96a2-2fb76e75e7bb" />
      <TestMethod codeBase="D:\SFERRARI\01 - TRABAJO\repos\netcore\template-netcore-shared\Kitpymes.Core.Shared.Tests\bin\Debug\netcoreapp3.0\Kitpymes.Core.Shared.Tests.dll" adapterTypeName="executor://mstestadapter/v2" className="Kitpymes.Core.Shared.Tests.StringExtensionsTests" name="ToDirectoryReadFileAsync_Passing_ValidValue_Returns_False" />
    </UnitTest>
    <UnitTest name="ToDictionaryPropertyInfo_Passing_Object_IncludeNullOrEmptyProperty_Returns_Properties_NameAndValue_Dictionary" storage="d:\sferrari\01 - trabajo\repos\netcore\template-netcore-shared\kitpymes.core.shared.tests\bin\debug\netcoreapp3.0\kitpymes.core.shared.tests.dll" id="a0ed43cd-0648-ddf9-c80e-52c6889ee049">
      <Execution id="ec6d53c1-221f-4b07-9be8-b476ab1656b5" />
      <TestMethod codeBase="D:\SFERRARI\01 - TRABAJO\repos\netcore\template-netcore-shared\Kitpymes.Core.Shared.Tests\bin\Debug\netcoreapp3.0\Kitpymes.Core.Shared.Tests.dll" adapterTypeName="executor://mstestadapter/v2" className="Kitpymes.Core.Shared.Tests.GenericExtensionsTests" name="ToDictionaryPropertyInfo_Passing_Object_IncludeNullOrEmptyProperty_Returns_Properties_NameAndValue_Dictionary" />
    </UnitTest>
    <UnitTest name="ToIsWeekend_Passing_Friday_DateTime_Returns_False" storage="d:\sferrari\01 - trabajo\repos\netcore\template-netcore-shared\kitpymes.core.shared.tests\bin\debug\netcoreapp3.0\kitpymes.core.shared.tests.dll" id="459f13f4-e266-2f20-5c30-d2c64797095d">
      <Execution id="54f29724-de0a-4e0d-8525-35b3f9ef1c37" />
      <TestMethod codeBase="D:\SFERRARI\01 - TRABAJO\repos\netcore\template-netcore-shared\Kitpymes.Core.Shared.Tests\bin\Debug\netcoreapp3.0\Kitpymes.Core.Shared.Tests.dll" adapterTypeName="executor://mstestadapter/v2" className="Kitpymes.Core.Shared.Tests.DateTimeExtensionsTests" name="ToIsWeekend_Passing_Friday_DateTime_Returns_False" />
    </UnitTest>
    <UnitTest name="ToList_Passing_ValidEnumType_Returns_ValuesList" storage="d:\sferrari\01 - trabajo\repos\netcore\template-netcore-shared\kitpymes.core.shared.tests\bin\debug\netcoreapp3.0\kitpymes.core.shared.tests.dll" id="a6625fb0-1b80-148b-87dc-9cf616e5e84d">
      <Execution id="37164c7c-39ba-4d8b-80e3-4cea51fb2d03" />
      <TestMethod codeBase="D:\SFERRARI\01 - TRABAJO\repos\netcore\template-netcore-shared\Kitpymes.Core.Shared.Tests\bin\Debug\netcoreapp3.0\Kitpymes.Core.Shared.Tests.dll" adapterTypeName="executor://mstestadapter/v2" className="Kitpymes.Core.Shared.Tests.EnumsTests" name="ToList_Passing_ValidEnumType_Returns_ValuesList" />
    </UnitTest>
    <UnitTest name="IsDomain_Passing_ValidArguments_Returns_HasErrorsAndCount" storage="d:\sferrari\01 - trabajo\repos\netcore\template-netcore-shared\kitpymes.core.shared.tests\bin\debug\netcoreapp3.0\kitpymes.core.shared.tests.dll" id="447ced0a-6221-43ff-44ab-4ee12ee4d012">
      <Execution id="4994c9c1-7179-4f1f-91bc-e92e8990d784" />
      <TestMethod codeBase="D:\SFERRARI\01 - TRABAJO\repos\netcore\template-netcore-shared\Kitpymes.Core.Shared.Tests\bin\Debug\netcoreapp3.0\Kitpymes.Core.Shared.Tests.dll" adapterTypeName="executor://mstestadapter/v2" className="Kitpymes.Core.Shared.Tests.CheckTests" name="IsDomain_Passing_ValidArguments_Returns_HasErrorsAndCount" />
    </UnitTest>
    <UnitTest name="ToHeader_Passing_HttpRequest_Header_Value_Returns_Value" storage="d:\sferrari\01 - trabajo\repos\netcore\template-netcore-shared\kitpymes.core.shared.tests\bin\debug\netcoreapp3.0\kitpymes.core.shared.tests.dll" id="4a2e80a7-472b-b7f7-ba61-ac77aed5735d">
      <Execution id="441c7219-f8b7-4802-b494-a73408e0b9c4" />
      <TestMethod codeBase="D:\SFERRARI\01 - TRABAJO\repos\netcore\template-netcore-shared\Kitpymes.Core.Shared.Tests\bin\Debug\netcoreapp3.0\Kitpymes.Core.Shared.Tests.dll" adapterTypeName="executor://mstestadapter/v2" className="Kitpymes.Core.Shared.Tests.HttpRequestExtensionsTests" name="ToHeader_Passing_HttpRequest_Header_Value_Returns_Value" />
    </UnitTest>
    <UnitTest name="ToIPv6_Passing_HttpContext_IP_Value_Returns_IP" storage="d:\sferrari\01 - trabajo\repos\netcore\template-netcore-shared\kitpymes.core.shared.tests\bin\debug\netcoreapp3.0\kitpymes.core.shared.tests.dll" id="5bee9d0e-89de-7b6d-4317-0a11342b1d29">
      <Execution id="00919879-1fcb-4e6c-9445-b54dd873690a" />
      <TestMethod codeBase="D:\SFERRARI\01 - TRABAJO\repos\netcore\template-netcore-shared\Kitpymes.Core.Shared.Tests\bin\Debug\netcoreapp3.0\Kitpymes.Core.Shared.Tests.dll" adapterTypeName="executor://mstestadapter/v2" className="Kitpymes.Core.Shared.Tests.HttpContextExtensionsTests" name="ToIPv6_Passing_HttpContext_IP_Value_Returns_IP" />
    </UnitTest>
    <UnitTest name="ToGet_Passing_Claims_Returns_Claim_Value_Object" storage="d:\sferrari\01 - trabajo\repos\netcore\template-netcore-shared\kitpymes.core.shared.tests\bin\debug\netcoreapp3.0\kitpymes.core.shared.tests.dll" id="a272f84c-2bd5-daa4-4afe-22346b802f86">
      <Execution id="45ee0183-aa58-474c-a3bd-574584f266da" />
      <TestMethod codeBase="D:\SFERRARI\01 - TRABAJO\repos\netcore\template-netcore-shared\Kitpymes.Core.Shared.Tests\bin\Debug\netcoreapp3.0\Kitpymes.Core.Shared.Tests.dll" adapterTypeName="executor://mstestadapter/v2" className="Kitpymes.Core.Shared.Tests.ClaimsPrincipalExtensionsTests" name="ToGet_Passing_Claims_Returns_Claim_Value_Object" />
    </UnitTest>
    <UnitTest name="ToExists_Passing_Service_Not_Found_Returns_False" storage="d:\sferrari\01 - trabajo\repos\netcore\template-netcore-shared\kitpymes.core.shared.tests\bin\debug\netcoreapp3.0\kitpymes.core.shared.tests.dll" id="074815db-ddf2-9c1f-0fef-7f709183591e">
      <Execution id="96dba7d4-d4ec-43ca-a098-ace5d6f537fd" />
      <TestMethod codeBase="D:\SFERRARI\01 - TRABAJO\repos\netcore\template-netcore-shared\Kitpymes.Core.Shared.Tests\bin\Debug\netcoreapp3.0\Kitpymes.Core.Shared.Tests.dll" adapterTypeName="executor://mstestadapter/v2" className="Kitpymes.Core.Shared.Tests.ApplicationBuilderExtensionsTests" name="ToExists_Passing_Service_Not_Found_Returns_False" />
    </UnitTest>
    <UnitTest name="IsFile_Passing_InvalidArguments_Returns_HasErrorsAndCount" storage="d:\sferrari\01 - trabajo\repos\netcore\template-netcore-shared\kitpymes.core.shared.tests\bin\debug\netcoreapp3.0\kitpymes.core.shared.tests.dll" id="d7c20db6-f712-8539-ac01-01e8f4033fac">
      <Execution id="3635bda7-26c4-4782-b266-de58bcb8d141" />
      <TestMethod codeBase="D:\SFERRARI\01 - TRABAJO\repos\netcore\template-netcore-shared\Kitpymes.Core.Shared.Tests\bin\Debug\netcoreapp3.0\Kitpymes.Core.Shared.Tests.dll" adapterTypeName="executor://mstestadapter/v2" className="Kitpymes.Core.Shared.Tests.CheckTests" name="IsFile_Passing_InvalidArguments_Returns_HasErrorsAndCount" />
    </UnitTest>
    <UnitTest name="ToConfiguration_Passing_Valid_DirectoryPath_Valid_JsonFileName_Returns_Ok" storage="d:\sferrari\01 - trabajo\repos\netcore\template-netcore-shared\kitpymes.core.shared.tests\bin\debug\netcoreapp3.0\kitpymes.core.shared.tests.dll" id="9064672f-1220-7bc0-f2b0-c66c74cccc5e">
      <Execution id="6b3d5ebc-91bd-4e47-aa77-7b520482caaf" />
      <TestMethod codeBase="D:\SFERRARI\01 - TRABAJO\repos\netcore\template-netcore-shared\Kitpymes.Core.Shared.Tests\bin\Debug\netcoreapp3.0\Kitpymes.Core.Shared.Tests.dll" adapterTypeName="executor://mstestadapter/v2" className="Kitpymes.Core.Shared.Tests.ConfigurationBuilderExtensionsTests" name="ToConfiguration_Passing_Valid_DirectoryPath_Valid_JsonFileName_Returns_Ok" />
    </UnitTest>
    <UnitTest name="IsCustom_Passing_InvalidArguments_Returns_HasErrorsAndCount" storage="d:\sferrari\01 - trabajo\repos\netcore\template-netcore-shared\kitpymes.core.shared.tests\bin\debug\netcoreapp3.0\kitpymes.core.shared.tests.dll" id="772d3145-280a-fb9f-03c2-247d0f593a66">
      <Execution id="a95679ce-e036-43ba-bd47-ca306b45278d" />
      <TestMethod codeBase="D:\SFERRARI\01 - TRABAJO\repos\netcore\template-netcore-shared\Kitpymes.Core.Shared.Tests\bin\Debug\netcoreapp3.0\Kitpymes.Core.Shared.Tests.dll" adapterTypeName="executor://mstestadapter/v2" className="Kitpymes.Core.Shared.Tests.CheckTests" name="IsCustom_Passing_InvalidArguments_Returns_HasErrorsAndCount" />
    </UnitTest>
    <UnitTest name="ToPaged_Passing_Age_Descending_Order_Returns_Filter_List" storage="d:\sferrari\01 - trabajo\repos\netcore\template-netcore-shared\kitpymes.core.shared.tests\bin\debug\netcoreapp3.0\kitpymes.core.shared.tests.dll" id="e53d2439-2080-43bd-e38b-a60253b60af1">
      <Execution id="d6d61007-3b18-419a-aa74-aefd184a6d81" />
      <TestMethod codeBase="D:\SFERRARI\01 - TRABAJO\repos\netcore\template-netcore-shared\Kitpymes.Core.Shared.Tests\bin\Debug\netcoreapp3.0\Kitpymes.Core.Shared.Tests.dll" adapterTypeName="executor://mstestadapter/v2" className="Kitpymes.Core.Shared.Tests.QueryableExtensionsTests" name="ToPaged_Passing_Age_Descending_Order_Returns_Filter_List" />
    </UnitTest>
    <UnitTest name="ToBytes_Passing_Object_Returns_Bytes" storage="d:\sferrari\01 - trabajo\repos\netcore\template-netcore-shared\kitpymes.core.shared.tests\bin\debug\netcoreapp3.0\kitpymes.core.shared.tests.dll" id="118e36ba-6572-1245-e05b-9bcc7b4e5e20">
      <Execution id="cbf871c2-ac2c-4445-a351-16b8bca73098" />
      <TestMethod codeBase="D:\SFERRARI\01 - TRABAJO\repos\netcore\template-netcore-shared\Kitpymes.Core.Shared.Tests\bin\Debug\netcoreapp3.0\Kitpymes.Core.Shared.Tests.dll" adapterTypeName="executor://mstestadapter/v2" className="Kitpymes.Core.Shared.Tests.GenericExtensionsTests" name="ToBytes_Passing_Object_Returns_Bytes" />
    </UnitTest>
    <UnitTest name="ToDefaultValue_Passing_float_Returns_Cero" storage="d:\sferrari\01 - trabajo\repos\netcore\template-netcore-shared\kitpymes.core.shared.tests\bin\debug\netcoreapp3.0\kitpymes.core.shared.tests.dll" id="e0f7dcd9-f363-be9c-de11-457f6a575bee">
      <Execution id="bfc4f892-bde3-4d9f-bc52-a08c94108ae0" />
      <TestMethod codeBase="D:\SFERRARI\01 - TRABAJO\repos\netcore\template-netcore-shared\Kitpymes.Core.Shared.Tests\bin\Debug\netcoreapp3.0\Kitpymes.Core.Shared.Tests.dll" adapterTypeName="executor://mstestadapter/v2" className="Kitpymes.Core.Shared.Tests.GenericExtensionsTests" name="ToDefaultValue_Passing_float_Returns_Cero" />
    </UnitTest>
    <UnitTest name="IsUppercase_Passing_InvalidArguments_Returns_HasErrorsAndCount" storage="d:\sferrari\01 - trabajo\repos\netcore\template-netcore-shared\kitpymes.core.shared.tests\bin\debug\netcoreapp3.0\kitpymes.core.shared.tests.dll" id="b8bb90de-6285-0f1c-e0f2-f3ba1f987370">
      <Execution id="8815398b-cae1-4b74-9ea1-b86f42589fee" />
      <TestMethod codeBase="D:\SFERRARI\01 - TRABAJO\repos\netcore\template-netcore-shared\Kitpymes.Core.Shared.Tests\bin\Debug\netcoreapp3.0\Kitpymes.Core.Shared.Tests.dll" adapterTypeName="executor://mstestadapter/v2" className="Kitpymes.Core.Shared.Tests.CheckTests" name="IsUppercase_Passing_InvalidArguments_Returns_HasErrorsAndCount" />
    </UnitTest>
    <UnitTest name="ToGetAll_Passing_Claims_Returns_Claim_Value_String_List" storage="d:\sferrari\01 - trabajo\repos\netcore\template-netcore-shared\kitpymes.core.shared.tests\bin\debug\netcoreapp3.0\kitpymes.core.shared.tests.dll" id="4184a91b-5297-4872-2a98-1ef97e124515">
      <Execution id="ac3dd4e6-b3d4-47e6-a03b-c120769d2c29" />
      <TestMethod codeBase="D:\SFERRARI\01 - TRABAJO\repos\netcore\template-netcore-shared\Kitpymes.Core.Shared.Tests\bin\Debug\netcoreapp3.0\Kitpymes.Core.Shared.Tests.dll" adapterTypeName="executor://mstestadapter/v2" className="Kitpymes.Core.Shared.Tests.ClaimsPrincipalExtensionsTests" name="ToGetAll_Passing_Claims_Returns_Claim_Value_String_List" />
    </UnitTest>
    <UnitTest name="ToList_Passing_ValidEnumTypeWithResourceType_Returns_ValuesList" storage="d:\sferrari\01 - trabajo\repos\netcore\template-netcore-shared\kitpymes.core.shared.tests\bin\debug\netcoreapp3.0\kitpymes.core.shared.tests.dll" id="aaa46586-7b83-9a88-e835-ae92592f98a3">
      <Execution id="5722ce27-9528-4f16-b598-910a0003acb9" />
      <TestMethod codeBase="D:\SFERRARI\01 - TRABAJO\repos\netcore\template-netcore-shared\Kitpymes.Core.Shared.Tests\bin\Debug\netcoreapp3.0\Kitpymes.Core.Shared.Tests.dll" adapterTypeName="executor://mstestadapter/v2" className="Kitpymes.Core.Shared.Tests.EnumsTests" name="ToList_Passing_ValidEnumTypeWithResourceType_Returns_ValuesList" />
    </UnitTest>
    <UnitTest name="IsHostname_Passing_ValidArguments_Returns_HasErrorsAndCount" storage="d:\sferrari\01 - trabajo\repos\netcore\template-netcore-shared\kitpymes.core.shared.tests\bin\debug\netcoreapp3.0\kitpymes.core.shared.tests.dll" id="46df7735-43c3-1f8d-197a-cd21c82e5889">
      <Execution id="e3291ec3-37e3-4b14-9d14-371362eed4c6" />
      <TestMethod codeBase="D:\SFERRARI\01 - TRABAJO\repos\netcore\template-netcore-shared\Kitpymes.Core.Shared.Tests\bin\Debug\netcoreapp3.0\Kitpymes.Core.Shared.Tests.dll" adapterTypeName="executor://mstestadapter/v2" className="Kitpymes.Core.Shared.Tests.CheckTests" name="IsHostname_Passing_ValidArguments_Returns_HasErrorsAndCount" />
    </UnitTest>
    <UnitTest name="ToTomorrow_Passing_DateTime_Returns_Tomorrow_DateTime" storage="d:\sferrari\01 - trabajo\repos\netcore\template-netcore-shared\kitpymes.core.shared.tests\bin\debug\netcoreapp3.0\kitpymes.core.shared.tests.dll" id="c2d3c8df-32e7-92dc-91f8-057e8c4da6b9">
      <Execution id="7dd4b660-17c2-4346-b14a-2e36e3932307" />
      <TestMethod codeBase="D:\SFERRARI\01 - TRABAJO\repos\netcore\template-netcore-shared\Kitpymes.Core.Shared.Tests\bin\Debug\netcoreapp3.0\Kitpymes.Core.Shared.Tests.dll" adapterTypeName="executor://mstestadapter/v2" className="Kitpymes.Core.Shared.Tests.DateTimeExtensionsTests" name="ToTomorrow_Passing_DateTime_Returns_Tomorrow_DateTime" />
    </UnitTest>
    <UnitTest name="ToFullMessage_Passing_ExceptionWithMessageWithInnerException_Returns_Full_Message" storage="d:\sferrari\01 - trabajo\repos\netcore\template-netcore-shared\kitpymes.core.shared.tests\bin\debug\netcoreapp3.0\kitpymes.core.shared.tests.dll" id="e1a72c94-958d-7abb-4a96-4b60b12f8157">
      <Execution id="a43a5866-496a-4be1-9463-e4f4dc65b56c" />
      <TestMethod codeBase="D:\SFERRARI\01 - TRABAJO\repos\netcore\template-netcore-shared\Kitpymes.Core.Shared.Tests\bin\Debug\netcoreapp3.0\Kitpymes.Core.Shared.Tests.dll" adapterTypeName="executor://mstestadapter/v2" className="Kitpymes.Core.Shared.Tests.ExceptionExtensionsTests" name="ToFullMessage_Passing_ExceptionWithMessageWithInnerException_Returns_Full_Message" />
    </UnitTest>
    <UnitTest name="ToAuthenticationType_Passing_Claims_Returns_Null" storage="d:\sferrari\01 - trabajo\repos\netcore\template-netcore-shared\kitpymes.core.shared.tests\bin\debug\netcoreapp3.0\kitpymes.core.shared.tests.dll" id="34e0940c-fc9c-71db-fc18-7d52ee8761a0">
      <Execution id="83f5ca6f-240c-43af-a24e-757b23a5d737" />
      <TestMethod codeBase="D:\SFERRARI\01 - TRABAJO\repos\netcore\template-netcore-shared\Kitpymes.Core.Shared.Tests\bin\Debug\netcoreapp3.0\Kitpymes.Core.Shared.Tests.dll" adapterTypeName="executor://mstestadapter/v2" className="Kitpymes.Core.Shared.Tests.ClaimsPrincipalExtensionsTests" name="ToAuthenticationType_Passing_Claims_Returns_Null" />
    </UnitTest>
    <UnitTest name="IsRange_Passing_InvalidArguments_Returns_HasErrorsAndCount" storage="d:\sferrari\01 - trabajo\repos\netcore\template-netcore-shared\kitpymes.core.shared.tests\bin\debug\netcoreapp3.0\kitpymes.core.shared.tests.dll" id="8a5cc6e0-e73e-2131-64bd-e73fc6c2a32e">
      <Execution id="5d142d77-b99b-4606-995a-c31969e707bd" />
      <TestMethod codeBase="D:\SFERRARI\01 - TRABAJO\repos\netcore\template-netcore-shared\Kitpymes.Core.Shared.Tests\bin\Debug\netcoreapp3.0\Kitpymes.Core.Shared.Tests.dll" adapterTypeName="executor://mstestadapter/v2" className="Kitpymes.Core.Shared.Tests.CheckTests" name="IsRange_Passing_InvalidArguments_Returns_HasErrorsAndCount" />
    </UnitTest>
    <UnitTest name="IsDigit_Passing_InvalidArguments_Returns_HasErrorsAndCount" storage="d:\sferrari\01 - trabajo\repos\netcore\template-netcore-shared\kitpymes.core.shared.tests\bin\debug\netcoreapp3.0\kitpymes.core.shared.tests.dll" id="f2d267b8-d5a7-6c91-de6d-813182908c7f">
      <Execution id="9aa15c80-4b41-40fd-9de5-bc35ff8ee52f" />
      <TestMethod codeBase="D:\SFERRARI\01 - TRABAJO\repos\netcore\template-netcore-shared\Kitpymes.Core.Shared.Tests\bin\Debug\netcoreapp3.0\Kitpymes.Core.Shared.Tests.dll" adapterTypeName="executor://mstestadapter/v2" className="Kitpymes.Core.Shared.Tests.CheckTests" name="IsDigit_Passing_InvalidArguments_Returns_HasErrorsAndCount" />
    </UnitTest>
    <UnitTest name="ToDeserialize_Passing_String_Returns_Object" storage="d:\sferrari\01 - trabajo\repos\netcore\template-netcore-shared\kitpymes.core.shared.tests\bin\debug\netcoreapp3.0\kitpymes.core.shared.tests.dll" id="678a7b5d-e2f9-09be-f35f-0e3e4d5ad033">
      <Execution id="fd1f220a-0690-40e2-9f8b-d34996f06fc5" />
      <TestMethod codeBase="D:\SFERRARI\01 - TRABAJO\repos\netcore\template-netcore-shared\Kitpymes.Core.Shared.Tests\bin\Debug\netcoreapp3.0\Kitpymes.Core.Shared.Tests.dll" adapterTypeName="executor://mstestadapter/v2" className="Kitpymes.Core.Shared.Tests.JsonExtensionsTests" name="ToDeserialize_Passing_String_Returns_Object" />
    </UnitTest>
    <UnitTest name="ToDefaultValue_Passing_ValidString_Returns_DefaultValue" storage="d:\sferrari\01 - trabajo\repos\netcore\template-netcore-shared\kitpymes.core.shared.tests\bin\debug\netcoreapp3.0\kitpymes.core.shared.tests.dll" id="579b7361-19a9-f329-acb3-de102dcfc793">
      <Execution id="36d82b15-7cb9-41ca-8cf0-2a73ff4c13bd" />
      <TestMethod codeBase="D:\SFERRARI\01 - TRABAJO\repos\netcore\template-netcore-shared\Kitpymes.Core.Shared.Tests\bin\Debug\netcoreapp3.0\Kitpymes.Core.Shared.Tests.dll" adapterTypeName="executor://mstestadapter/v2" className="Kitpymes.Core.Shared.Tests.TypeExtensionsTests" name="ToDefaultValue_Passing_ValidString_Returns_DefaultValue" />
    </UnitTest>
    <UnitTest name="ToList_Passing_ValidEnumTypeWithSelectedValue_Returns_ValuesList" storage="d:\sferrari\01 - trabajo\repos\netcore\template-netcore-shared\kitpymes.core.shared.tests\bin\debug\netcoreapp3.0\kitpymes.core.shared.tests.dll" id="b871cd27-681f-8d07-6c2a-809341ba2909">
      <Execution id="7d55727f-2703-4f03-ace3-a56b7e49d7bb" />
      <TestMethod codeBase="D:\SFERRARI\01 - TRABAJO\repos\netcore\template-netcore-shared\Kitpymes.Core.Shared.Tests\bin\Debug\netcoreapp3.0\Kitpymes.Core.Shared.Tests.dll" adapterTypeName="executor://mstestadapter/v2" className="Kitpymes.Core.Shared.Tests.EnumsTests" name="ToList_Passing_ValidEnumTypeWithSelectedValue_Returns_ValuesList" />
    </UnitTest>
    <UnitTest name="ToInt_Passing_ValidValueString_Returns_Int" storage="d:\sferrari\01 - trabajo\repos\netcore\template-netcore-shared\kitpymes.core.shared.tests\bin\debug\netcoreapp3.0\kitpymes.core.shared.tests.dll" id="ae09f98c-257a-b9e5-5b0b-16344b7adf1c">
      <Execution id="8a140311-e286-4bc9-9321-84c88e0b3dea" />
      <TestMethod codeBase="D:\SFERRARI\01 - TRABAJO\repos\netcore\template-netcore-shared\Kitpymes.Core.Shared.Tests\bin\Debug\netcoreapp3.0\Kitpymes.Core.Shared.Tests.dll" adapterTypeName="executor://mstestadapter/v2" className="Kitpymes.Core.Shared.Tests.StringExtensionsTests" name="ToInt_Passing_ValidValueString_Returns_Int" />
    </UnitTest>
    <UnitTest name="ToEnum_Passing_ValidValueInt_Returns_EnumValue" storage="d:\sferrari\01 - trabajo\repos\netcore\template-netcore-shared\kitpymes.core.shared.tests\bin\debug\netcoreapp3.0\kitpymes.core.shared.tests.dll" id="96f263a8-e1d9-0070-21ba-583144d2d030">
      <Execution id="35fa9263-7a29-4e3b-bdb4-f43111c090e1" />
      <TestMethod codeBase="D:\SFERRARI\01 - TRABAJO\repos\netcore\template-netcore-shared\Kitpymes.Core.Shared.Tests\bin\Debug\netcoreapp3.0\Kitpymes.Core.Shared.Tests.dll" adapterTypeName="executor://mstestadapter/v2" className="Kitpymes.Core.Shared.Tests.StringExtensionsTests" name="ToEnum_Passing_ValidValueInt_Returns_EnumValue" />
    </UnitTest>
    <UnitTest name="IsNullOrAny_Passing_InvalidArguments_Returns_HasErrorsAndCount" storage="d:\sferrari\01 - trabajo\repos\netcore\template-netcore-shared\kitpymes.core.shared.tests\bin\debug\netcoreapp3.0\kitpymes.core.shared.tests.dll" id="922c5a5d-5d46-b5de-bcbd-4fac0addd422">
      <Execution id="e003954a-8df5-4bba-9afa-dbddd2adb5d1" />
      <TestMethod codeBase="D:\SFERRARI\01 - TRABAJO\repos\netcore\template-netcore-shared\Kitpymes.Core.Shared.Tests\bin\Debug\netcoreapp3.0\Kitpymes.Core.Shared.Tests.dll" adapterTypeName="executor://mstestadapter/v2" className="Kitpymes.Core.Shared.Tests.CheckTests" name="IsNullOrAny_Passing_InvalidArguments_Returns_HasErrorsAndCount" />
    </UnitTest>
    <UnitTest name="ToDetails_Passing_HttpContext_Returns_Details_HttpContext" storage="d:\sferrari\01 - trabajo\repos\netcore\template-netcore-shared\kitpymes.core.shared.tests\bin\debug\netcoreapp3.0\kitpymes.core.shared.tests.dll" id="4ff63349-9eef-ad1f-85cf-a84cda1ff120">
      <Execution id="387e2f43-f5b8-45b6-836a-e958cf98ca22" />
      <TestMethod codeBase="D:\SFERRARI\01 - TRABAJO\repos\netcore\template-netcore-shared\Kitpymes.Core.Shared.Tests\bin\Debug\netcoreapp3.0\Kitpymes.Core.Shared.Tests.dll" adapterTypeName="executor://mstestadapter/v2" className="Kitpymes.Core.Shared.Tests.HttpContextExtensionsTests" name="ToDetails_Passing_HttpContext_Returns_Details_HttpContext" />
    </UnitTest>
    <UnitTest name="ToSetTime_Passing_Time_String_Returns_DateTime" storage="d:\sferrari\01 - trabajo\repos\netcore\template-netcore-shared\kitpymes.core.shared.tests\bin\debug\netcoreapp3.0\kitpymes.core.shared.tests.dll" id="34931354-7c25-7812-28fe-96ea501746b4">
      <Execution id="18a60ea4-3eff-4efa-8280-9f79c7079589" />
      <TestMethod codeBase="D:\SFERRARI\01 - TRABAJO\repos\netcore\template-netcore-shared\Kitpymes.Core.Shared.Tests\bin\Debug\netcoreapp3.0\Kitpymes.Core.Shared.Tests.dll" adapterTypeName="executor://mstestadapter/v2" className="Kitpymes.Core.Shared.Tests.DateTimeExtensionsTests" name="ToSetTime_Passing_Time_String_Returns_DateTime" />
    </UnitTest>
    <UnitTest name="ToUserName_Passing_Invalid_ClaimsPrincipal_Returns_Null" storage="d:\sferrari\01 - trabajo\repos\netcore\template-netcore-shared\kitpymes.core.shared.tests\bin\debug\netcoreapp3.0\kitpymes.core.shared.tests.dll" id="26cc48e2-5e82-bc12-cf41-e3a984599b8d">
      <Execution id="9ef6446b-7533-43b6-be3f-ef48d3facef7" />
      <TestMethod codeBase="D:\SFERRARI\01 - TRABAJO\repos\netcore\template-netcore-shared\Kitpymes.Core.Shared.Tests\bin\Debug\netcoreapp3.0\Kitpymes.Core.Shared.Tests.dll" adapterTypeName="executor://mstestadapter/v2" className="Kitpymes.Core.Shared.Tests.ClaimsPrincipalExtensionsTests" name="ToUserName_Passing_Invalid_ClaimsPrincipal_Returns_Null" />
    </UnitTest>
    <UnitTest name="ToFirstLetterUpper_Passing_ValidValue_Returns_StringWithFirstLetterUpper" storage="d:\sferrari\01 - trabajo\repos\netcore\template-netcore-shared\kitpymes.core.shared.tests\bin\debug\netcoreapp3.0\kitpymes.core.shared.tests.dll" id="5517211d-203c-115f-7dc1-6f48da8ab75b">
      <Execution id="4870cdbf-c499-4d79-a4c3-066ba18ba9d7" />
      <TestMethod codeBase="D:\SFERRARI\01 - TRABAJO\repos\netcore\template-netcore-shared\Kitpymes.Core.Shared.Tests\bin\Debug\netcoreapp3.0\Kitpymes.Core.Shared.Tests.dll" adapterTypeName="executor://mstestadapter/v2" className="Kitpymes.Core.Shared.Tests.StringExtensionsTests" name="ToFirstLetterUpper_Passing_ValidValue_Returns_StringWithFirstLetterUpper" />
    </UnitTest>
    <UnitTest name="ToConfiguration_Passing_Invalid_DirectoryPath_Returns_ApplicationException" storage="d:\sferrari\01 - trabajo\repos\netcore\template-netcore-shared\kitpymes.core.shared.tests\bin\debug\netcoreapp3.0\kitpymes.core.shared.tests.dll" id="73904cd7-b09d-89fc-efca-330cb9d1d1b7">
      <Execution id="7e29c8ad-c67a-4b89-a59b-5d4c78f98772" />
      <TestMethod codeBase="D:\SFERRARI\01 - TRABAJO\repos\netcore\template-netcore-shared\Kitpymes.Core.Shared.Tests\bin\Debug\netcoreapp3.0\Kitpymes.Core.Shared.Tests.dll" adapterTypeName="executor://mstestadapter/v2" className="Kitpymes.Core.Shared.Tests.ConfigurationBuilderExtensionsTests" name="ToConfiguration_Passing_Invalid_DirectoryPath_Returns_ApplicationException" />
    </UnitTest>
    <UnitTest name="ToInt_Passing_InvalidValueString_Returns_Null" storage="d:\sferrari\01 - trabajo\repos\netcore\template-netcore-shared\kitpymes.core.shared.tests\bin\debug\netcoreapp3.0\kitpymes.core.shared.tests.dll" id="2799ef62-9686-0dc7-84d2-73639b0030f7">
      <Execution id="8a20e746-986b-465d-88db-c84e633b9e1e" />
      <TestMethod codeBase="D:\SFERRARI\01 - TRABAJO\repos\netcore\template-netcore-shared\Kitpymes.Core.Shared.Tests\bin\Debug\netcoreapp3.0\Kitpymes.Core.Shared.Tests.dll" adapterTypeName="executor://mstestadapter/v2" className="Kitpymes.Core.Shared.Tests.StringExtensionsTests" name="ToInt_Passing_InvalidValueString_Returns_Null" />
    </UnitTest>
    <UnitTest name="ToPaged_Passing_Age_Ascending_Order_Returns_Filter_List" storage="d:\sferrari\01 - trabajo\repos\netcore\template-netcore-shared\kitpymes.core.shared.tests\bin\debug\netcoreapp3.0\kitpymes.core.shared.tests.dll" id="f0f37a42-1a3a-10a5-5f17-e01b9915abd3">
      <Execution id="3cb44412-5945-43ee-a25f-9ea66a5de844" />
      <TestMethod codeBase="D:\SFERRARI\01 - TRABAJO\repos\netcore\template-netcore-shared\Kitpymes.Core.Shared.Tests\bin\Debug\netcoreapp3.0\Kitpymes.Core.Shared.Tests.dll" adapterTypeName="executor://mstestadapter/v2" className="Kitpymes.Core.Shared.Tests.QueryableExtensionsTests" name="ToPaged_Passing_Age_Ascending_Order_Returns_Filter_List" />
    </UnitTest>
  </TestDefinitions>
  <TestEntries>
    <TestEntry testId="a2b6017f-838f-c435-81c1-a75dd92108eb" executionId="2cfa854b-b1ad-417d-a19b-3a98339a86a1" testListId="8c84fa94-04c1-424b-9868-57a2d4851a1d" />
    <TestEntry testId="04084e8e-c859-4ef5-e2a7-4fb2803cb2a3" executionId="15df1ab8-5f30-4b8e-b53d-54e0d66f7316" testListId="8c84fa94-04c1-424b-9868-57a2d4851a1d" />
    <TestEntry testId="ee30e1f9-ce80-c70a-1b56-b7e02750ae26" executionId="52d261bc-037d-4890-accb-00e0f6815f4b" testListId="8c84fa94-04c1-424b-9868-57a2d4851a1d" />
    <TestEntry testId="46df7735-43c3-1f8d-197a-cd21c82e5889" executionId="e3291ec3-37e3-4b14-9d14-371362eed4c6" testListId="8c84fa94-04c1-424b-9868-57a2d4851a1d" />
    <TestEntry testId="40108f40-2761-0a89-d16d-ad113b5f3dd5" executionId="2b7e3759-bdf4-48b4-8b1e-6a6ae41fece0" testListId="8c84fa94-04c1-424b-9868-57a2d4851a1d" />
    <TestEntry testId="430dec51-b9df-7e06-fff9-78e6d362c2d8" executionId="45890b05-cb1a-4cec-8ff7-c853f32cf543" testListId="8c84fa94-04c1-424b-9868-57a2d4851a1d" />
    <TestEntry testId="635e001f-2a50-f191-84e2-e81cd2000fdf" executionId="6608cf95-9a8a-4e6f-8182-f67ba8fb7333" testListId="8c84fa94-04c1-424b-9868-57a2d4851a1d" />
    <TestEntry testId="c2d3c8df-32e7-92dc-91f8-057e8c4da6b9" executionId="7dd4b660-17c2-4346-b14a-2e36e3932307" testListId="8c84fa94-04c1-424b-9868-57a2d4851a1d" />
    <TestEntry testId="5bee9d0e-89de-7b6d-4317-0a11342b1d29" executionId="00919879-1fcb-4e6c-9445-b54dd873690a" testListId="8c84fa94-04c1-424b-9868-57a2d4851a1d" />
    <TestEntry testId="71a1897b-b713-c047-1c23-5efdff095b20" executionId="a0c0db60-0285-408d-b92f-2e30ae688c7f" testListId="8c84fa94-04c1-424b-9868-57a2d4851a1d" />
    <TestEntry testId="e9d3a3d6-32e0-613e-b55e-48afdf1ab686" executionId="a9a39c04-fdbe-4561-854c-4159a1efdd7e" testListId="8c84fa94-04c1-424b-9868-57a2d4851a1d" />
    <TestEntry testId="7c679bcb-7a59-8751-0063-1ef6e07cb160" executionId="17bbda46-7d9e-4d2d-bf11-02264ab72f44" testListId="8c84fa94-04c1-424b-9868-57a2d4851a1d" />
    <TestEntry testId="1237bc5f-42ea-8c7f-8602-051620acda95" executionId="321e5c7f-529b-4fe0-bffc-7d76756f5ed6" testListId="8c84fa94-04c1-424b-9868-57a2d4851a1d" />
    <TestEntry testId="2aceb911-de9d-b2eb-c8db-f6b3f880216f" executionId="2fba9968-0292-422f-aae7-bd87b43acbdb" testListId="8c84fa94-04c1-424b-9868-57a2d4851a1d" />
    <TestEntry testId="8a5cc6e0-e73e-2131-64bd-e73fc6c2a32e" executionId="5d142d77-b99b-4606-995a-c31969e707bd" testListId="8c84fa94-04c1-424b-9868-57a2d4851a1d" />
    <TestEntry testId="65b9c427-b5ec-99b4-199a-0093cd460501" executionId="97ddfbce-d496-41cc-8c92-af3e37bfef9c" testListId="8c84fa94-04c1-424b-9868-57a2d4851a1d" />
    <TestEntry testId="f828057e-351a-48b7-0028-e57f15c7217e" executionId="5c755c24-c550-4f4e-87b1-274700d20323" testListId="8c84fa94-04c1-424b-9868-57a2d4851a1d" />
    <TestEntry testId="e37f41d3-77a8-1acd-c258-fbb5b724b134" executionId="c87022e7-e2cc-4670-ab52-909da72600a8" testListId="8c84fa94-04c1-424b-9868-57a2d4851a1d" />
    <TestEntry testId="5e237822-3b9d-da27-9221-3ae1f5eb15b0" executionId="d1488b6c-d899-4177-b3a0-4fb61de2a8bd" testListId="8c84fa94-04c1-424b-9868-57a2d4851a1d" />
    <TestEntry testId="9e36eef1-cde7-a509-c95d-2249b6b02dbb" executionId="bedf5cd6-4f0f-4410-a2b4-6177f75e3647" testListId="8c84fa94-04c1-424b-9868-57a2d4851a1d" />
    <TestEntry testId="4315ebd1-3e2a-edf0-9de6-c78f08760fe3" executionId="1ea29471-8e93-4f1a-85f5-ae34677dc4d8" testListId="8c84fa94-04c1-424b-9868-57a2d4851a1d" />
    <TestEntry testId="1dab5b85-21d2-af6f-92e5-af8126f0e2fb" executionId="d94f244a-f6fc-4491-b224-72c71d207547" testListId="8c84fa94-04c1-424b-9868-57a2d4851a1d" />
    <TestEntry testId="5517211d-203c-115f-7dc1-6f48da8ab75b" executionId="4870cdbf-c499-4d79-a4c3-066ba18ba9d7" testListId="8c84fa94-04c1-424b-9868-57a2d4851a1d" />
    <TestEntry testId="209cbba1-d5fa-4810-2cb6-ee92ce2e109d" executionId="b7d5f07e-aa46-4c07-af99-c925899f5127" testListId="8c84fa94-04c1-424b-9868-57a2d4851a1d" />
    <TestEntry testId="3e6d6aa9-9b6d-dd96-b54c-49f88780a2b4" executionId="bcfea63f-a108-4872-af2e-158da2b0bbdf" testListId="8c84fa94-04c1-424b-9868-57a2d4851a1d" />
    <TestEntry testId="19f76070-822e-31f8-2a9f-a96f774333a7" executionId="f4baa7f5-f0a7-49a2-b219-011370826ac2" testListId="8c84fa94-04c1-424b-9868-57a2d4851a1d" />
    <TestEntry testId="fcd9a6e3-ee1d-7212-668e-2b0865200d81" executionId="147bdeb5-de93-40c5-8645-8caf7604dc91" testListId="8c84fa94-04c1-424b-9868-57a2d4851a1d" />
    <TestEntry testId="9af963da-8209-d683-34a5-be793bc59993" executionId="5517f3f0-cd81-4e05-a156-1047fbd52fe0" testListId="8c84fa94-04c1-424b-9868-57a2d4851a1d" />
    <TestEntry testId="a702dc43-b5af-c889-d32e-e69ee2d100af" executionId="d329f824-50fd-4ebb-bd31-89f17dc44cbf" testListId="8c84fa94-04c1-424b-9868-57a2d4851a1d" />
    <TestEntry testId="31126d50-f667-908c-85f3-09f9d9272df9" executionId="a0b0aab5-c3b3-4f1a-887f-8aeb29ff71b9" testListId="8c84fa94-04c1-424b-9868-57a2d4851a1d" />
    <TestEntry testId="1b969e76-d97c-c639-c377-a41796fbb2c3" executionId="89294b4f-8908-4ce8-8d87-ae908474f4eb" testListId="8c84fa94-04c1-424b-9868-57a2d4851a1d" />
    <TestEntry testId="e608205e-4953-e9a3-1956-895ed42ab083" executionId="f3cda6f9-b475-4098-874d-a7f8c34155be" testListId="8c84fa94-04c1-424b-9868-57a2d4851a1d" />
    <TestEntry testId="aaa46586-7b83-9a88-e835-ae92592f98a3" executionId="5722ce27-9528-4f16-b598-910a0003acb9" testListId="8c84fa94-04c1-424b-9868-57a2d4851a1d" />
    <TestEntry testId="f8b74494-d277-7173-e694-2a4d463a4607" executionId="7fc43959-c113-4b67-8508-d28339033d54" testListId="8c84fa94-04c1-424b-9868-57a2d4851a1d" />
    <TestEntry testId="ac572b27-5286-68a4-5380-d7de82fbf69a" executionId="643960d2-e037-43e6-89fe-cc4e8216f2b3" testListId="8c84fa94-04c1-424b-9868-57a2d4851a1d" />
    <TestEntry testId="e8138724-52f6-6999-ada4-cbc441f2cd15" executionId="fc099116-3b3d-443f-a465-b84a6ceaf0bc" testListId="8c84fa94-04c1-424b-9868-57a2d4851a1d" />
    <TestEntry testId="30809299-0e3e-4ac7-4a2a-6f8c296d2226" executionId="b0f145db-e247-4f66-acce-35ff8edeeafc" testListId="8c84fa94-04c1-424b-9868-57a2d4851a1d" />
    <TestEntry testId="3721d3c1-7c03-ad84-143f-64bfeb5b314e" executionId="f6454c97-d44e-488a-afa6-0454e96c2cf1" testListId="8c84fa94-04c1-424b-9868-57a2d4851a1d" />
    <TestEntry testId="856fd0c8-b6f8-9265-ccfd-2a9e615488e2" executionId="0a5bd671-f4c3-4628-a9a0-36f2dfc532d9" testListId="8c84fa94-04c1-424b-9868-57a2d4851a1d" />
    <TestEntry testId="1761ee10-7c34-b565-b889-1885bffe91c3" executionId="d86bd437-e7f3-4eba-a93b-ace793664b6a" testListId="8c84fa94-04c1-424b-9868-57a2d4851a1d" />
    <TestEntry testId="def94964-1ba4-f78f-2dac-38055bb04256" executionId="173c0915-a13f-4f69-b6bc-1eb75de2de70" testListId="8c84fa94-04c1-424b-9868-57a2d4851a1d" />
    <TestEntry testId="2799ef62-9686-0dc7-84d2-73639b0030f7" executionId="8a20e746-986b-465d-88db-c84e633b9e1e" testListId="8c84fa94-04c1-424b-9868-57a2d4851a1d" />
    <TestEntry testId="bf48e581-43e6-7660-c4f4-1b7deb1f0ed9" executionId="715db6a6-a42c-4766-88cd-b2536fb83c2f" testListId="8c84fa94-04c1-424b-9868-57a2d4851a1d" />
    <TestEntry testId="7384e2f6-7a7f-d462-78fa-5bf7f49c326a" executionId="826d98d5-2d5b-4d77-b166-8cf1ff27a08d" testListId="8c84fa94-04c1-424b-9868-57a2d4851a1d" />
    <TestEntry testId="f2d267b8-d5a7-6c91-de6d-813182908c7f" executionId="9aa15c80-4b41-40fd-9de5-bc35ff8ee52f" testListId="8c84fa94-04c1-424b-9868-57a2d4851a1d" />
    <TestEntry testId="47f3e733-f069-b79f-9f6d-7c11fc368663" executionId="62f8cef7-4e1d-4515-8d27-8205d88c9c2f" testListId="8c84fa94-04c1-424b-9868-57a2d4851a1d" />
    <TestEntry testId="33545399-79af-5e7f-5179-57fe5645f4be" executionId="704ff418-c2aa-4fd2-9f88-46d9a8b83fd5" testListId="8c84fa94-04c1-424b-9868-57a2d4851a1d" />
    <TestEntry testId="a75e991f-5e03-3949-85d6-afa1f14455d4" executionId="b5040224-49ed-4933-9928-95257ae6a7a0" testListId="8c84fa94-04c1-424b-9868-57a2d4851a1d" />
    <TestEntry testId="77fe17c3-3cf8-a189-4d95-b2e0d3ca9579" executionId="a69ee8c6-38bb-4d74-bddc-045c43f07f4c" testListId="8c84fa94-04c1-424b-9868-57a2d4851a1d" />
    <TestEntry testId="1f173fff-9060-8c18-f825-225901225244" executionId="58e857ef-39e4-4fb5-bd00-a5e4f7fcae8f" testListId="8c84fa94-04c1-424b-9868-57a2d4851a1d" />
    <TestEntry testId="57d3cdd8-8268-9aa3-6f39-3cc0224b305c" executionId="12b9c5c3-f47b-4da6-adc6-82ae8fbbbbbc" testListId="8c84fa94-04c1-424b-9868-57a2d4851a1d" />
    <TestEntry testId="73904cd7-b09d-89fc-efca-330cb9d1d1b7" executionId="7e29c8ad-c67a-4b89-a59b-5d4c78f98772" testListId="8c84fa94-04c1-424b-9868-57a2d4851a1d" />
    <TestEntry testId="5c861184-f295-e727-0fd4-d218f13da14d" executionId="af606793-d7ff-4e58-815b-8879061b28c0" testListId="8c84fa94-04c1-424b-9868-57a2d4851a1d" />
    <TestEntry testId="6088101f-62c5-69c8-6751-05523b132d06" executionId="39895b30-0645-40d9-9348-3dff223906cb" testListId="8c84fa94-04c1-424b-9868-57a2d4851a1d" />
    <TestEntry testId="cf950ab2-9fe4-ec30-43b4-2f3a99b5167d" executionId="fcc0c60b-3521-40d6-a829-f4c77eedbca7" testListId="8c84fa94-04c1-424b-9868-57a2d4851a1d" />
    <TestEntry testId="e53d2439-2080-43bd-e38b-a60253b60af1" executionId="d6d61007-3b18-419a-aa74-aefd184a6d81" testListId="8c84fa94-04c1-424b-9868-57a2d4851a1d" />
    <TestEntry testId="15fe55e5-cdce-6280-ea15-ef777735767c" executionId="ce3fe767-64e1-4052-9261-79bcb744015d" testListId="8c84fa94-04c1-424b-9868-57a2d4851a1d" />
    <TestEntry testId="85593a4b-9959-1609-1818-7a916502d803" executionId="7b0343f0-c889-4ab5-b98b-da4df2ed39e9" testListId="8c84fa94-04c1-424b-9868-57a2d4851a1d" />
    <TestEntry testId="d51ea295-e896-101a-6578-05ae772bcbfb" executionId="6dee1530-aaee-4cc2-917e-11ac34306451" testListId="8c84fa94-04c1-424b-9868-57a2d4851a1d" />
    <TestEntry testId="c19b83a3-45fc-e848-cbcc-7f68b66eb4e3" executionId="9238b93d-fead-46bd-9a16-cc471692ec1b" testListId="8c84fa94-04c1-424b-9868-57a2d4851a1d" />
    <TestEntry testId="21ae5425-e2d1-002f-334f-105a6a674a01" executionId="21561a97-78bf-47b4-b6de-ba7a1e1fa079" testListId="8c84fa94-04c1-424b-9868-57a2d4851a1d" />
    <TestEntry testId="e0f7dcd9-f363-be9c-de11-457f6a575bee" executionId="bfc4f892-bde3-4d9f-bc52-a08c94108ae0" testListId="8c84fa94-04c1-424b-9868-57a2d4851a1d" />
    <TestEntry testId="86b92527-4d52-052b-63ae-d9a8aa694919" executionId="5426137f-1e67-440d-b289-cf5764ca385b" testListId="8c84fa94-04c1-424b-9868-57a2d4851a1d" />
    <TestEntry testId="46cc46f0-c0e1-f3e6-2242-cdef90a4249a" executionId="e2469499-a0b1-48bc-86a0-e87fb7bb1201" testListId="8c84fa94-04c1-424b-9868-57a2d4851a1d" />
    <TestEntry testId="42ded375-26ee-044e-44a7-9eab5e4cd342" executionId="05ccc688-a821-453f-82f2-3dcbe1aee488" testListId="8c84fa94-04c1-424b-9868-57a2d4851a1d" />
    <TestEntry testId="7a313c49-8adc-98e3-cdda-86b900f0ade6" executionId="96a91c99-62a7-4152-a9c7-dca6d8d9ed66" testListId="8c84fa94-04c1-424b-9868-57a2d4851a1d" />
    <TestEntry testId="ae09f98c-257a-b9e5-5b0b-16344b7adf1c" executionId="8a140311-e286-4bc9-9321-84c88e0b3dea" testListId="8c84fa94-04c1-424b-9868-57a2d4851a1d" />
    <TestEntry testId="f2debf4a-2a42-7b0b-1005-8f74a6fc63cb" executionId="f96dc1b4-aa8b-44ad-8425-ae85d8d2719d" testListId="8c84fa94-04c1-424b-9868-57a2d4851a1d" />
    <TestEntry testId="96f263a8-e1d9-0070-21ba-583144d2d030" executionId="35fa9263-7a29-4e3b-bdb4-f43111c090e1" testListId="8c84fa94-04c1-424b-9868-57a2d4851a1d" />
    <TestEntry testId="bd43e66e-fbae-26eb-a9a1-c58a6bf5d7af" executionId="e51d7166-2b36-429d-8f75-5fe2dda879d9" testListId="8c84fa94-04c1-424b-9868-57a2d4851a1d" />
    <TestEntry testId="53cbdd8e-a1ef-5d22-8745-938609ed19c2" executionId="f2bc9b79-b985-4454-ab3c-d01ae61ec938" testListId="8c84fa94-04c1-424b-9868-57a2d4851a1d" />
    <TestEntry testId="0b1e4893-9444-2235-b7fa-3782f9932212" executionId="4ddf1d99-9b12-42aa-9c89-8458e485f34e" testListId="8c84fa94-04c1-424b-9868-57a2d4851a1d" />
    <TestEntry testId="7f0aeefe-ba4a-5404-c6f8-82be67718cc4" executionId="c075d44c-9382-482c-bb2d-b930bc7b99d1" testListId="8c84fa94-04c1-424b-9868-57a2d4851a1d" />
    <TestEntry testId="7be8a004-8e29-0f01-8ada-f15377193150" executionId="d927dc11-0f53-48c8-9c87-2f313bb0e7b0" testListId="8c84fa94-04c1-424b-9868-57a2d4851a1d" />
    <TestEntry testId="4a3afd90-c6ab-e82e-40d8-b40450680318" executionId="4fdc5a7c-9b8d-4e71-9d0c-0ed727b1270e" testListId="8c84fa94-04c1-424b-9868-57a2d4851a1d" />
    <TestEntry testId="b9a89fa2-355c-e886-bec5-28d3cf549be6" executionId="51810291-b96f-4a3f-aaae-58a3d0002fa6" testListId="8c84fa94-04c1-424b-9868-57a2d4851a1d" />
    <TestEntry testId="8dccdb77-e6a8-58c6-9bd0-108f87c5ff65" executionId="042e65bf-52ad-4596-a495-10a76c96c435" testListId="8c84fa94-04c1-424b-9868-57a2d4851a1d" />
    <TestEntry testId="678a7b5d-e2f9-09be-f35f-0e3e4d5ad033" executionId="fd1f220a-0690-40e2-9f8b-d34996f06fc5" testListId="8c84fa94-04c1-424b-9868-57a2d4851a1d" />
    <TestEntry testId="161f5d07-7835-e575-5072-b9d787ef451c" executionId="46218186-6980-4d7e-aed8-0b5625098489" testListId="8c84fa94-04c1-424b-9868-57a2d4851a1d" />
    <TestEntry testId="c09577a6-adca-ef94-40b5-45575ad65e4f" executionId="9893ffe3-bc49-4e61-b403-0c5214ee8c45" testListId="8c84fa94-04c1-424b-9868-57a2d4851a1d" />
    <TestEntry testId="f0f37a42-1a3a-10a5-5f17-e01b9915abd3" executionId="3cb44412-5945-43ee-a25f-9ea66a5de844" testListId="8c84fa94-04c1-424b-9868-57a2d4851a1d" />
    <TestEntry testId="8c1d1a56-be42-3df5-a82e-36b97c2860b8" executionId="531e1a2f-d025-4cf3-b9e6-07a9f598a145" testListId="8c84fa94-04c1-424b-9868-57a2d4851a1d" />
    <TestEntry testId="580ff04a-e5c0-9f2f-90c3-4f2aeafd15c5" executionId="24c914be-3866-4469-a252-45ec7fb327aa" testListId="8c84fa94-04c1-424b-9868-57a2d4851a1d" />
    <TestEntry testId="118e36ba-6572-1245-e05b-9bcc7b4e5e20" executionId="cbf871c2-ac2c-4445-a351-16b8bca73098" testListId="8c84fa94-04c1-424b-9868-57a2d4851a1d" />
    <TestEntry testId="760ae14b-6c0d-0288-811d-408b67937415" executionId="f4acf713-a1db-46cb-bb74-1d0b40c218d2" testListId="8c84fa94-04c1-424b-9868-57a2d4851a1d" />
    <TestEntry testId="772d3145-280a-fb9f-03c2-247d0f593a66" executionId="a95679ce-e036-43ba-bd47-ca306b45278d" testListId="8c84fa94-04c1-424b-9868-57a2d4851a1d" />
    <TestEntry testId="605637df-9854-875b-b3aa-6675f3fbd045" executionId="f933092d-ebbc-48b0-8548-09fce257a1b4" testListId="8c84fa94-04c1-424b-9868-57a2d4851a1d" />
    <TestEntry testId="64bc1554-814c-3c40-a6b0-679b40b89c36" executionId="3d72deb7-aec9-40e7-be37-2fe8c2e3e475" testListId="8c84fa94-04c1-424b-9868-57a2d4851a1d" />
    <TestEntry testId="9d64a285-266d-52de-ef34-34102f8ad12c" executionId="fc3d0144-023e-4b07-9d82-00d093385c85" testListId="8c84fa94-04c1-424b-9868-57a2d4851a1d" />
    <TestEntry testId="13bab721-bf36-ea1b-3f50-9937b274e83a" executionId="7666de58-61d2-4012-9d7b-a9e425301bf0" testListId="8c84fa94-04c1-424b-9868-57a2d4851a1d" />
    <TestEntry testId="ebdf037a-44fa-7875-99d4-42fa9833aac8" executionId="027b601b-d11c-4f7c-b551-98398004f8df" testListId="8c84fa94-04c1-424b-9868-57a2d4851a1d" />
    <TestEntry testId="2e87c537-4979-f58b-6e83-f3d4ee161ff1" executionId="9470fa10-c8bf-41c4-b901-58d77dd17f0d" testListId="8c84fa94-04c1-424b-9868-57a2d4851a1d" />
    <TestEntry testId="cd004a9f-a0f6-2fdf-aeae-1890f4ab8e71" executionId="13573dfd-f251-4fd2-a80f-4de54731acfd" testListId="8c84fa94-04c1-424b-9868-57a2d4851a1d" />
    <TestEntry testId="ab527057-69f2-0a9a-89fd-18928a3920fd" executionId="2722ab0b-ff44-4169-b6b3-af816c03abdd" testListId="8c84fa94-04c1-424b-9868-57a2d4851a1d" />
    <TestEntry testId="481343f9-3ff3-548f-0c6c-41599cf65802" executionId="4660a221-0d8e-4370-a4fd-db6b591035b5" testListId="8c84fa94-04c1-424b-9868-57a2d4851a1d" />
    <TestEntry testId="db5f34ff-df7c-44e5-6721-c319db8d6da0" executionId="93f29025-d5f0-422a-bc1f-d4202b602ff2" testListId="8c84fa94-04c1-424b-9868-57a2d4851a1d" />
    <TestEntry testId="320700ce-aa3b-5818-fb18-706cf7605472" executionId="7b404750-4847-44ff-ad71-ce98d807249e" testListId="8c84fa94-04c1-424b-9868-57a2d4851a1d" />
    <TestEntry testId="4d9bde6c-668c-a1d3-dc60-edcfc6a4082c" executionId="5987e070-5b0c-43b1-a034-4cbdbb706c6a" testListId="8c84fa94-04c1-424b-9868-57a2d4851a1d" />
    <TestEntry testId="0df69eaf-b001-71ae-6cf8-f9c5860f7c4c" executionId="66572f2b-391f-4384-b7d5-06e2cf288201" testListId="8c84fa94-04c1-424b-9868-57a2d4851a1d" />
    <TestEntry testId="640513b3-feee-19a8-efba-5817e77ff3ee" executionId="4a656e61-b229-41d9-bc3a-07e9ce8ae79e" testListId="8c84fa94-04c1-424b-9868-57a2d4851a1d" />
    <TestEntry testId="313cfb2c-8c3b-337b-12f8-296f8611376d" executionId="106d35f0-ed28-4f81-866a-9d94ef069323" testListId="8c84fa94-04c1-424b-9868-57a2d4851a1d" />
    <TestEntry testId="aecb4847-a004-2110-35cb-b441a07898fe" executionId="2b9d4610-8134-425a-b551-440efb3b2557" testListId="8c84fa94-04c1-424b-9868-57a2d4851a1d" />
    <TestEntry testId="c63cd623-e636-5730-a1fa-b18ae782acc7" executionId="53378fa8-b5bf-4226-bfad-adb2fd19d692" testListId="8c84fa94-04c1-424b-9868-57a2d4851a1d" />
    <TestEntry testId="c180eeb5-df7f-187e-c74d-0f6d31acdec5" executionId="e9a074a0-d39f-48a3-98ad-7965f252e16c" testListId="8c84fa94-04c1-424b-9868-57a2d4851a1d" />
    <TestEntry testId="bc15aa99-72de-0e5a-b6e8-2d654659d591" executionId="b4b9a845-cbd7-4b6c-ac6f-d9ec84f67236" testListId="8c84fa94-04c1-424b-9868-57a2d4851a1d" />
    <TestEntry testId="9064672f-1220-7bc0-f2b0-c66c74cccc5e" executionId="6b3d5ebc-91bd-4e47-aa77-7b520482caaf" testListId="8c84fa94-04c1-424b-9868-57a2d4851a1d" />
    <TestEntry testId="3f0bf65d-a3af-41bf-ac79-126a0efc4fd4" executionId="568e9543-0880-4a07-80a6-448d8d71acca" testListId="8c84fa94-04c1-424b-9868-57a2d4851a1d" />
    <TestEntry testId="a759531a-0aea-6b23-54cc-4541124e1096" executionId="6094b86f-85ea-4668-b253-bff5d017b001" testListId="8c84fa94-04c1-424b-9868-57a2d4851a1d" />
    <TestEntry testId="74c0befe-cdb2-1fdf-be71-2a39199bb5c9" executionId="4bda9da5-ef08-4e3c-80fa-28676c9ee6b4" testListId="8c84fa94-04c1-424b-9868-57a2d4851a1d" />
    <TestEntry testId="d7c20db6-f712-8539-ac01-01e8f4033fac" executionId="3635bda7-26c4-4782-b266-de58bcb8d141" testListId="8c84fa94-04c1-424b-9868-57a2d4851a1d" />
    <TestEntry testId="d6d04f4a-9142-b816-d673-c4abf49a39ad" executionId="83939d3d-cab6-41e6-90af-e638485eb977" testListId="8c84fa94-04c1-424b-9868-57a2d4851a1d" />
    <TestEntry testId="31ff6168-d18d-0013-7c18-0ff775714202" executionId="06fd221f-835c-40fa-908a-e0c1d1d39460" testListId="8c84fa94-04c1-424b-9868-57a2d4851a1d" />
    <TestEntry testId="e2880a6e-7a01-b4ba-86fb-4d33be072972" executionId="18aafc4b-7a68-4cdc-a23c-c1a305c394e5" testListId="8c84fa94-04c1-424b-9868-57a2d4851a1d" />
    <TestEntry testId="b8bb90de-6285-0f1c-e0f2-f3ba1f987370" executionId="8815398b-cae1-4b74-9ea1-b86f42589fee" testListId="8c84fa94-04c1-424b-9868-57a2d4851a1d" />
    <TestEntry testId="0c633595-70e8-b011-5a46-c9c7e1687cb9" executionId="2aa676f3-c757-419b-a04f-730f885e4aea" testListId="8c84fa94-04c1-424b-9868-57a2d4851a1d" />
    <TestEntry testId="43949294-e4b7-cf4d-0d69-84ccc9e58406" executionId="18768782-5c88-4dad-8468-48c43f74f9bd" testListId="8c84fa94-04c1-424b-9868-57a2d4851a1d" />
    <TestEntry testId="1f6423c7-4317-6f5b-c112-f4c9c7e822af" executionId="16077680-ff69-4b64-9a40-3dbb934e7925" testListId="8c84fa94-04c1-424b-9868-57a2d4851a1d" />
    <TestEntry testId="ab274dac-b194-4e0f-6fab-a20667b535a8" executionId="2fbed6bd-0025-449c-9ec0-f6b503ccfbb2" testListId="8c84fa94-04c1-424b-9868-57a2d4851a1d" />
    <TestEntry testId="17a38df3-33e0-71ac-f8cb-dcdd3ade7269" executionId="1ed4809a-d7bb-4cd1-ac28-a3eeac23b203" testListId="8c84fa94-04c1-424b-9868-57a2d4851a1d" />
    <TestEntry testId="447ced0a-6221-43ff-44ab-4ee12ee4d012" executionId="4994c9c1-7179-4f1f-91bc-e92e8990d784" testListId="8c84fa94-04c1-424b-9868-57a2d4851a1d" />
    <TestEntry testId="6bd61990-78b5-76ea-0df5-0c13c388bdc0" executionId="29833fda-374c-45f4-a233-946550518cfe" testListId="8c84fa94-04c1-424b-9868-57a2d4851a1d" />
    <TestEntry testId="0d35441f-72fe-a777-509f-6a19632f972a" executionId="e3bf369d-7b08-4087-88fe-c0c2b07577ca" testListId="8c84fa94-04c1-424b-9868-57a2d4851a1d" />
    <TestEntry testId="056700a7-2506-75ed-a80a-ddf2ddb5d2a8" executionId="31c2a4f6-ce2a-4704-aea0-8794984c0828" testListId="8c84fa94-04c1-424b-9868-57a2d4851a1d" />
    <TestEntry testId="0696fab6-6d9f-2b85-4a73-248fbd1cdda4" executionId="c0304dfd-6ccf-4d22-b601-231144815024" testListId="8c84fa94-04c1-424b-9868-57a2d4851a1d" />
    <TestEntry testId="bf8f6922-5666-8ec7-1500-aabd5997d6a4" executionId="b8057e24-5b87-47d7-88d3-d0c59ec1d95d" testListId="8c84fa94-04c1-424b-9868-57a2d4851a1d" />
    <TestEntry testId="9eeef095-29ed-4872-a36c-ca4832350421" executionId="5837d6d6-64e2-4e03-8645-24147cdd96bf" testListId="8c84fa94-04c1-424b-9868-57a2d4851a1d" />
    <TestEntry testId="43c10c64-8836-30db-afbe-d1657a7dd9d8" executionId="e8349e8c-3efd-4780-8cef-d6f7a9884bfd" testListId="8c84fa94-04c1-424b-9868-57a2d4851a1d" />
    <TestEntry testId="10024a68-25d4-872c-3e48-a6d6b2671494" executionId="3184a75a-e526-4c28-9a35-778c23da51f3" testListId="8c84fa94-04c1-424b-9868-57a2d4851a1d" />
    <TestEntry testId="c14c626b-0f15-ac55-344d-8aa2c3f91cdf" executionId="03251067-6159-48c5-8304-ad64431969eb" testListId="8c84fa94-04c1-424b-9868-57a2d4851a1d" />
    <TestEntry testId="579b7361-19a9-f329-acb3-de102dcfc793" executionId="36d82b15-7cb9-41ca-8cf0-2a73ff4c13bd" testListId="8c84fa94-04c1-424b-9868-57a2d4851a1d" />
    <TestEntry testId="4184a91b-5297-4872-2a98-1ef97e124515" executionId="ac3dd4e6-b3d4-47e6-a03b-c120769d2c29" testListId="8c84fa94-04c1-424b-9868-57a2d4851a1d" />
    <TestEntry testId="7dc20d31-477c-3765-83c0-7575a504da96" executionId="b979eae6-13dc-44f1-bdc5-6283af624fa1" testListId="8c84fa94-04c1-424b-9868-57a2d4851a1d" />
    <TestEntry testId="7daaba64-d3ad-9109-43bf-bdb516b673b8" executionId="ffe370fb-ed31-48ab-8421-1e17a73e36b6" testListId="8c84fa94-04c1-424b-9868-57a2d4851a1d" />
    <TestEntry testId="35e99ddc-00f0-2941-cf31-4cd1d1ab5ce7" executionId="c1bd015c-0432-44cb-b6a0-e3586b34ef82" testListId="8c84fa94-04c1-424b-9868-57a2d4851a1d" />
    <TestEntry testId="a03675ec-665e-f4d5-4630-89e50dac0bfb" executionId="c7e73f0c-b97e-4a2c-9e25-e201791efe6e" testListId="8c84fa94-04c1-424b-9868-57a2d4851a1d" />
    <TestEntry testId="fa00d2a8-59b9-ad9e-caa1-a0c9e3156db1" executionId="ab627b7b-6b91-4f67-8da2-fda8e77330ea" testListId="8c84fa94-04c1-424b-9868-57a2d4851a1d" />
    <TestEntry testId="922c5a5d-5d46-b5de-bcbd-4fac0addd422" executionId="e003954a-8df5-4bba-9afa-dbddd2adb5d1" testListId="8c84fa94-04c1-424b-9868-57a2d4851a1d" />
    <TestEntry testId="ede15cdf-3d1b-3e1a-18dc-485a2d50fe42" executionId="ba5e49ec-d666-4977-ba77-cbd4af4cbb78" testListId="8c84fa94-04c1-424b-9868-57a2d4851a1d" />
    <TestEntry testId="f17b6f1f-06a9-5318-815f-4c3950fdd0cb" executionId="736dd792-a851-44b6-9524-642fb01f2b2a" testListId="8c84fa94-04c1-424b-9868-57a2d4851a1d" />
    <TestEntry testId="7c09a438-5465-f760-64b2-23d25fc199f5" executionId="8c33fa06-e859-4b7a-8b2d-3ce01ae59358" testListId="8c84fa94-04c1-424b-9868-57a2d4851a1d" />
    <TestEntry testId="f752d50b-77fa-327a-4493-168161bd27b2" executionId="f8eee10e-7311-4df5-b54a-444bd34e7b6e" testListId="8c84fa94-04c1-424b-9868-57a2d4851a1d" />
    <TestEntry testId="4234610b-215b-41f7-e61d-4a82851bdfa3" executionId="8ee07043-471d-4adc-9240-1517aa01f1eb" testListId="8c84fa94-04c1-424b-9868-57a2d4851a1d" />
    <TestEntry testId="504465b7-a3fe-9023-93b9-ffece1903418" executionId="2e694b81-5e29-4c21-87d7-0b0d850d1d2c" testListId="8c84fa94-04c1-424b-9868-57a2d4851a1d" />
    <TestEntry testId="1064d8aa-5d0e-6bf5-83ee-952a4d1fd93b" executionId="3dff531a-e67d-42d3-b6f2-6e97082c2724" testListId="8c84fa94-04c1-424b-9868-57a2d4851a1d" />
    <TestEntry testId="69b6ed05-fdf2-6989-0583-109b4777a6ac" executionId="17f8fe60-0127-48cf-ab08-4b8378a56801" testListId="8c84fa94-04c1-424b-9868-57a2d4851a1d" />
    <TestEntry testId="1340b308-d9eb-a26e-e042-04d6c1d9a958" executionId="7e5618fd-8d3b-4d4f-a8fa-a2e06c85da8c" testListId="8c84fa94-04c1-424b-9868-57a2d4851a1d" />
    <TestEntry testId="bb347f18-44ab-0d77-d5bd-a671e4c37650" executionId="fb9eb498-9845-43f9-bb61-04f7742775d6" testListId="8c84fa94-04c1-424b-9868-57a2d4851a1d" />
    <TestEntry testId="87c5dbd3-fd2a-1e49-42e5-8dc78affc8d6" executionId="6e99dea9-156b-4013-bc84-f91999ff1c2e" testListId="8c84fa94-04c1-424b-9868-57a2d4851a1d" />
    <TestEntry testId="18040ed3-941e-dd1e-cb8c-4d34d103f370" executionId="5c552587-0037-4450-a947-954ed4074947" testListId="8c84fa94-04c1-424b-9868-57a2d4851a1d" />
    <TestEntry testId="0b00f09d-f7e4-fb1e-68ad-8102cf6143e0" executionId="aeac080e-6095-4dee-a8b6-6b38b37bfd18" testListId="8c84fa94-04c1-424b-9868-57a2d4851a1d" />
    <TestEntry testId="074815db-ddf2-9c1f-0fef-7f709183591e" executionId="96dba7d4-d4ec-43ca-a098-ace5d6f537fd" testListId="8c84fa94-04c1-424b-9868-57a2d4851a1d" />
    <TestEntry testId="a0ed43cd-0648-ddf9-c80e-52c6889ee049" executionId="ec6d53c1-221f-4b07-9be8-b476ab1656b5" testListId="8c84fa94-04c1-424b-9868-57a2d4851a1d" />
    <TestEntry testId="0f697beb-b7a4-6aa6-9017-b57feeb9ba7f" executionId="2bc3c9f0-3ab6-4207-8507-160064069afd" testListId="8c84fa94-04c1-424b-9868-57a2d4851a1d" />
    <TestEntry testId="eb3fbb45-8257-f4b8-0975-042f859a72bf" executionId="5d2b0cd1-a0a3-4fb2-8ac0-b00601787dde" testListId="8c84fa94-04c1-424b-9868-57a2d4851a1d" />
    <TestEntry testId="459f13f4-e266-2f20-5c30-d2c64797095d" executionId="54f29724-de0a-4e0d-8525-35b3f9ef1c37" testListId="8c84fa94-04c1-424b-9868-57a2d4851a1d" />
    <TestEntry testId="ffa669f9-8e25-a33b-f8f7-c3ba4a576a2b" executionId="222c44c0-cefb-489d-8350-872075441ce4" testListId="8c84fa94-04c1-424b-9868-57a2d4851a1d" />
    <TestEntry testId="19a313ce-6632-bd6f-bb7e-c2dc7bcf20eb" executionId="863250f6-3fd3-4c64-882d-0941fa01ecef" testListId="8c84fa94-04c1-424b-9868-57a2d4851a1d" />
    <TestEntry testId="c2b678c9-c43c-45ee-8889-ab086ef02c3c" executionId="15ffd5b1-f3c6-4ed8-bbec-794e19799466" testListId="8c84fa94-04c1-424b-9868-57a2d4851a1d" />
    <TestEntry testId="27cc1a96-8264-8762-05bc-aa63ccb155d7" executionId="d098cf9d-8c4c-401c-8391-282a6f11c094" testListId="8c84fa94-04c1-424b-9868-57a2d4851a1d" />
    <TestEntry testId="0cb5eb43-9273-0bdf-bd18-53b184535503" executionId="3bc76768-564b-4539-99e5-dfc467dbc41b" testListId="8c84fa94-04c1-424b-9868-57a2d4851a1d" />
    <TestEntry testId="1c5de28c-f1b3-c94d-8e43-201eab8c2ff8" executionId="98dac2e1-d925-4732-af18-dfb30fd1721c" testListId="8c84fa94-04c1-424b-9868-57a2d4851a1d" />
    <TestEntry testId="aeb559a5-c285-7ab9-baee-1cb152d1742f" executionId="5c8a26c9-5a09-4ca4-ba36-ec3fdc38ec07" testListId="8c84fa94-04c1-424b-9868-57a2d4851a1d" />
    <TestEntry testId="65b9b71b-a8d5-2a7d-a8a7-0e3a015e6b68" executionId="0ca2dd54-5985-4988-9dc5-76cc352e202e" testListId="8c84fa94-04c1-424b-9868-57a2d4851a1d" />
    <TestEntry testId="a6625fb0-1b80-148b-87dc-9cf616e5e84d" executionId="37164c7c-39ba-4d8b-80e3-4cea51fb2d03" testListId="8c84fa94-04c1-424b-9868-57a2d4851a1d" />
    <TestEntry testId="b871cd27-681f-8d07-6c2a-809341ba2909" executionId="7d55727f-2703-4f03-ace3-a56b7e49d7bb" testListId="8c84fa94-04c1-424b-9868-57a2d4851a1d" />
    <TestEntry testId="c330741e-ad40-618c-36cc-508c135d2b95" executionId="2f2f5b34-5098-4385-9e8e-7624f5b4c28a" testListId="8c84fa94-04c1-424b-9868-57a2d4851a1d" />
    <TestEntry testId="26cc48e2-5e82-bc12-cf41-e3a984599b8d" executionId="9ef6446b-7533-43b6-be3f-ef48d3facef7" testListId="8c84fa94-04c1-424b-9868-57a2d4851a1d" />
    <TestEntry testId="98331ff8-6ed1-e7ba-c8dd-be5bd5b6cb2c" executionId="b8018743-46a6-4659-a8bf-ba08a5c0a94d" testListId="8c84fa94-04c1-424b-9868-57a2d4851a1d" />
    <TestEntry testId="1c5fe271-1e90-52f5-1f31-436b17e57702" executionId="ef8e7292-e7ca-46c3-8d7a-7e9f301238a9" testListId="8c84fa94-04c1-424b-9868-57a2d4851a1d" />
    <TestEntry testId="432377b9-b0ad-9a2a-6dc2-e1069e73c449" executionId="42473c72-b603-456e-bac6-43b2f040fb8e" testListId="8c84fa94-04c1-424b-9868-57a2d4851a1d" />
    <TestEntry testId="801afd1a-5f3d-0d0c-471a-96452bf5bc35" executionId="7f75b35b-72fa-454e-8842-cd353244d2a1" testListId="8c84fa94-04c1-424b-9868-57a2d4851a1d" />
    <TestEntry testId="725d136c-3e7a-6e51-fc61-03203ffec0b5" executionId="eb96e4fc-c5b1-4164-8e35-2e1646c5a339" testListId="8c84fa94-04c1-424b-9868-57a2d4851a1d" />
    <TestEntry testId="34e0940c-fc9c-71db-fc18-7d52ee8761a0" executionId="83f5ca6f-240c-43af-a24e-757b23a5d737" testListId="8c84fa94-04c1-424b-9868-57a2d4851a1d" />
    <TestEntry testId="a95f665c-aa8d-208d-902c-60a464250c99" executionId="b2bc2e30-ee8c-4ab3-b4a7-b58904772f4a" testListId="8c84fa94-04c1-424b-9868-57a2d4851a1d" />
    <TestEntry testId="55f105d6-fc07-21db-e70a-db30ccdb0844" executionId="555861dd-fb36-4af3-aed1-4391d9f39528" testListId="8c84fa94-04c1-424b-9868-57a2d4851a1d" />
    <TestEntry testId="967da852-80aa-48c8-4fdf-7229c80964ce" executionId="d2ab8064-a2e4-442c-8d0d-8666a50c9552" testListId="8c84fa94-04c1-424b-9868-57a2d4851a1d" />
    <TestEntry testId="6fc389b2-a5f3-ded0-63b6-7e1b4cca8442" executionId="2a2c2214-c287-41d6-a9dd-582253b18c54" testListId="8c84fa94-04c1-424b-9868-57a2d4851a1d" />
    <TestEntry testId="9b5f9705-0df5-3b21-5e23-e11b68721fd4" executionId="b6b78500-f11c-40f4-8e7a-5627484569ad" testListId="8c84fa94-04c1-424b-9868-57a2d4851a1d" />
    <TestEntry testId="4e1a5879-f3c8-4fdb-51d0-c4cf0a35e0bf" executionId="5a5cf1ed-efb6-40ff-9b00-4bc712908b86" testListId="8c84fa94-04c1-424b-9868-57a2d4851a1d" />
    <TestEntry testId="e93b141b-fdfd-0f98-21e5-3eb211b6e88b" executionId="11006633-2d45-4e90-8b3d-fbe7a837788e" testListId="8c84fa94-04c1-424b-9868-57a2d4851a1d" />
    <TestEntry testId="a4956cd8-34a7-6fca-5b71-6eb98cedd9b0" executionId="26a2fee3-b66c-4bfb-b204-e6a46fa57385" testListId="8c84fa94-04c1-424b-9868-57a2d4851a1d" />
    <TestEntry testId="991c5cbc-a203-b8cd-91d2-0129356152a7" executionId="57c0f631-baa0-406e-99fe-a8ba1161228c" testListId="8c84fa94-04c1-424b-9868-57a2d4851a1d" />
    <TestEntry testId="d5506b30-7041-6d90-bd03-bcd5b2479c40" executionId="7265b506-f796-47f0-a101-dd77c4a324b0" testListId="8c84fa94-04c1-424b-9868-57a2d4851a1d" />
    <TestEntry testId="334e3485-05b4-4549-cacd-aef8fff10757" executionId="fdf788ec-fb43-4908-b27e-c06933e44a4f" testListId="8c84fa94-04c1-424b-9868-57a2d4851a1d" />
    <TestEntry testId="0bc5f5bd-b19f-d3e2-fd5b-370072466834" executionId="ceb532a7-2cff-4d6c-adde-4d5721aa5fcd" testListId="8c84fa94-04c1-424b-9868-57a2d4851a1d" />
    <TestEntry testId="4ff63349-9eef-ad1f-85cf-a84cda1ff120" executionId="387e2f43-f5b8-45b6-836a-e958cf98ca22" testListId="8c84fa94-04c1-424b-9868-57a2d4851a1d" />
    <TestEntry testId="98d4dd82-eb94-c060-7aeb-9b0a39f334fb" executionId="4068490f-4a37-4048-a82b-de0d6aabcfb4" testListId="8c84fa94-04c1-424b-9868-57a2d4851a1d" />
    <TestEntry testId="1577c538-d1be-5b59-2b09-8e59b0be5fcd" executionId="5bfccab6-fe2d-42fb-84c3-3eaf9c958fbb" testListId="8c84fa94-04c1-424b-9868-57a2d4851a1d" />
    <TestEntry testId="5fda35dc-4db7-2169-9391-a6295d2ec5fd" executionId="e08e4a7b-f817-42ef-8948-f3d21de3d9f4" testListId="8c84fa94-04c1-424b-9868-57a2d4851a1d" />
    <TestEntry testId="b51b5293-5162-7db8-79c0-6e7b6f1c51a5" executionId="1ad844d5-7222-418d-91a3-c85a59d604ce" testListId="8c84fa94-04c1-424b-9868-57a2d4851a1d" />
    <TestEntry testId="6c59b811-73c0-2540-9661-8c8f2a459ff2" executionId="7df72224-ea3c-4191-b883-bd915f75d62b" testListId="8c84fa94-04c1-424b-9868-57a2d4851a1d" />
    <TestEntry testId="297c060d-406b-f933-91fe-dfd3459b8ace" executionId="0babe472-ca0d-4bf0-bc2a-ba34c7abdf9c" testListId="8c84fa94-04c1-424b-9868-57a2d4851a1d" />
    <TestEntry testId="8fbac209-421a-f9fa-c5fe-97403aedb24e" executionId="8899c86d-bde9-4c2e-a177-3074d444235e" testListId="8c84fa94-04c1-424b-9868-57a2d4851a1d" />
    <TestEntry testId="4ead3f79-a54e-1b96-838c-d0c2f491cb0d" executionId="ad9e586c-1acc-4be6-9ef4-eee2c9ee6395" testListId="8c84fa94-04c1-424b-9868-57a2d4851a1d" />
    <TestEntry testId="8092c5f2-ce9c-1a2c-1e1b-ba66d660cae7" executionId="0cc8192b-7be2-4032-b53e-e2571e0d084a" testListId="8c84fa94-04c1-424b-9868-57a2d4851a1d" />
    <TestEntry testId="a1095294-226e-a0f0-0154-11290289c9db" executionId="41ef71b8-7ca8-445d-845a-6ca4b49b55d5" testListId="8c84fa94-04c1-424b-9868-57a2d4851a1d" />
    <TestEntry testId="c8fd6d3c-b723-929b-f175-dbdc2a7be855" executionId="e4cf29bc-5b3b-4e6a-9b45-8aadc76668dd" testListId="8c84fa94-04c1-424b-9868-57a2d4851a1d" />
    <TestEntry testId="845c887e-a785-555d-db89-1c2975a33bbb" executionId="67da99ec-21c6-431e-9918-59d704c40149" testListId="8c84fa94-04c1-424b-9868-57a2d4851a1d" />
    <TestEntry testId="07d50dfb-3195-c832-23d2-97ae667f2010" executionId="768e846c-7f22-4d1a-a3a0-d95d8c634d18" testListId="8c84fa94-04c1-424b-9868-57a2d4851a1d" />
    <TestEntry testId="3443f7f5-ee1a-f375-e5b1-f7ffa940c0db" executionId="ce53ca5e-7678-47e5-9307-ba7efe5b6956" testListId="8c84fa94-04c1-424b-9868-57a2d4851a1d" />
    <TestEntry testId="04cb4b72-edc8-fe06-49e1-217ed503eff8" executionId="c0700eeb-219a-4739-a7ce-8e65e179975d" testListId="8c84fa94-04c1-424b-9868-57a2d4851a1d" />
    <TestEntry testId="34931354-7c25-7812-28fe-96ea501746b4" executionId="18a60ea4-3eff-4efa-8280-9f79c7079589" testListId="8c84fa94-04c1-424b-9868-57a2d4851a1d" />
    <TestEntry testId="a272f84c-2bd5-daa4-4afe-22346b802f86" executionId="45ee0183-aa58-474c-a3bd-574584f266da" testListId="8c84fa94-04c1-424b-9868-57a2d4851a1d" />
    <TestEntry testId="66f7bc12-fe2b-fd81-3cbf-5bc4840aa6f8" executionId="16cb67b4-ee96-4a15-8f4f-8aa92a380ead" testListId="8c84fa94-04c1-424b-9868-57a2d4851a1d" />
    <TestEntry testId="180814cc-22f9-91b2-cd9a-f54be7e1ba18" executionId="a11faab5-be58-41ae-ae18-286ecc1b3a17" testListId="8c84fa94-04c1-424b-9868-57a2d4851a1d" />
    <TestEntry testId="e1a72c94-958d-7abb-4a96-4b60b12f8157" executionId="a43a5866-496a-4be1-9463-e4f4dc65b56c" testListId="8c84fa94-04c1-424b-9868-57a2d4851a1d" />
    <TestEntry testId="c87d842d-198f-fc52-0a70-418a5e5378ab" executionId="899ce3af-44cc-43ae-a93c-fefabdf0fd97" testListId="8c84fa94-04c1-424b-9868-57a2d4851a1d" />
    <TestEntry testId="fe683836-27ec-729e-5fe1-a9c2674a6d87" executionId="e81621d7-252b-47da-a507-649fbf50b363" testListId="8c84fa94-04c1-424b-9868-57a2d4851a1d" />
    <TestEntry testId="4a2e80a7-472b-b7f7-ba61-ac77aed5735d" executionId="441c7219-f8b7-4802-b494-a73408e0b9c4" testListId="8c84fa94-04c1-424b-9868-57a2d4851a1d" />
    <TestEntry testId="8a110a46-40a4-c9bb-083e-1c3fcb5b45b7" executionId="5a257a38-f227-4052-aaf4-a22bf0639715" testListId="8c84fa94-04c1-424b-9868-57a2d4851a1d" />
    <TestEntry testId="0cfd0c7c-1a61-7d19-c2fa-3c8a47ccf09c" executionId="160ddb8b-544c-45c0-b093-fe864c8f724f" testListId="8c84fa94-04c1-424b-9868-57a2d4851a1d" />
    <TestEntry testId="bc6955b8-aec0-957c-bad4-853e5cfa19a1" executionId="4f5205dd-ba88-492a-b452-b93ceca0c2c7" testListId="8c84fa94-04c1-424b-9868-57a2d4851a1d" />
    <TestEntry testId="3bd7277d-4ad0-51ee-d24c-53176ec3cc7f" executionId="6efdc65f-9138-459b-a610-c4f36bc3c587" testListId="8c84fa94-04c1-424b-9868-57a2d4851a1d" />
    <TestEntry testId="006d3c07-11d3-9f4b-c045-6799df52bbfb" executionId="25e3db71-257b-43f4-b3f0-20322db2e745" testListId="8c84fa94-04c1-424b-9868-57a2d4851a1d" />
    <TestEntry testId="29295413-2308-fade-9c98-0e9ed6c67839" executionId="e166db8a-0fc6-4a3e-96a2-2fb76e75e7bb" testListId="8c84fa94-04c1-424b-9868-57a2d4851a1d" />
    <TestEntry testId="225c09bd-86d5-d9ce-d2b8-18431ca384e3" executionId="366324f1-e4dd-408d-9138-fd7fe8047046" testListId="8c84fa94-04c1-424b-9868-57a2d4851a1d" />
    <TestEntry testId="0e702ef4-7e85-bcb3-3879-32ee56a27932" executionId="12754ee4-428e-4621-bc40-33fad017c3f1" testListId="8c84fa94-04c1-424b-9868-57a2d4851a1d" />
    <TestEntry testId="5385d994-9594-6052-11cb-73f8d2344981" executionId="b805dfe5-6c0b-470c-b09e-37c7cee56bcf" testListId="8c84fa94-04c1-424b-9868-57a2d4851a1d" />
    <TestEntry testId="0ee8121e-b492-a57d-d072-de988a4e30f8" executionId="e0f73219-aa83-4e50-a38d-05f430dea4ca" testListId="8c84fa94-04c1-424b-9868-57a2d4851a1d" />
    <TestEntry testId="29112d2a-2e73-305d-ec50-12fc95c28627" executionId="12b7d2e0-63c4-4605-93d3-89a15af2198b" testListId="8c84fa94-04c1-424b-9868-57a2d4851a1d" />
    <TestEntry testId="e9b23f0c-0cde-4603-1739-ee642fd33c36" executionId="741533e3-3917-4d2e-b556-a7db8d869bb5" testListId="8c84fa94-04c1-424b-9868-57a2d4851a1d" />
  </TestEntries>
  <TestLists>
    <TestList name="Resultados sin formato de lista" id="8c84fa94-04c1-424b-9868-57a2d4851a1d" />
    <TestList name="Todos los resultados cargados" id="19431567-8539-422a-85d7-44ee4e166bda" />
  </TestLists>
  <ResultSummary outcome="Completed">
    <Counters total="442" executed="442" passed="442" failed="0" error="0" timeout="0" aborted="0" inconclusive="0" passedButRunAborted="0" notRunnable="0" notExecuted="0" disconnected="0" warning="0" completed="0" inProgress="0" pending="0" />
  </ResultSummary>
</TestRun>