<?xml version="1.0" encoding="utf-8"?>
<TestRun id="7e55003d-6713-4e6f-a16d-3981c3ca5c1f" name="sferrari@PC-SFERRARI 2022-12-28 13:20:05" runUser="PC-SFERRARI\sferrari" xmlns="http://microsoft.com/schemas/VisualStudio/TeamTest/2010">
  <Times creation="2022-12-28T13:20:05.9977641+01:00" queuing="2022-12-28T13:20:05.9977645+01:00" start="2022-12-28T13:20:04.5330530+01:00" finish="2022-12-28T13:20:06.8130519+01:00" />
  <TestSettings name="default" id="63dfdd52-354f-4d16-9359-e3eb2c2a7d5c">
    <Deployment runDeploymentRoot="sferrari_PC-SFERRARI_2022-12-28_13_20_05" />
  </TestSettings>
  <Results>
    <UnitTestResult executionId="163492f2-954a-49bb-af3a-1e00d93ed91e" testId="272360dc-a5cc-4992-83ef-13266fd63ba3" testName="ToIsAuthenticated_Passing_Claims_Returns_True" computerName="PC-SFERRARI" duration="00:00:00.0310837" startTime="2022-12-28T13:20:05.9829319+01:00" endTime="2022-12-28T13:20:06.0142259+01:00" testType="13cdc9d9-ddb5-4fa4-a97d-d965ccfc6d4b" outcome="Passed" testListId="8c84fa94-04c1-424b-9868-57a2d4851a1d" relativeResultsDirectory="163492f2-954a-49bb-af3a-1e00d93ed91e" />
    <UnitTestResult executionId="fd2dbbe5-c48d-429d-84ac-c8cd7b8adde1" testId="3284ea42-85c3-45ea-a1e6-be9c88e93c9a" testName="ToUri_Passing_ValidValueString_Returns_Uri (http://userid@example.com/)" computerName="PC-SFERRARI" duration="00:00:00.0000087" startTime="2022-12-28T13:20:06.5129631+01:00" endTime="2022-12-28T13:20:06.5131486+01:00" testType="13cdc9d9-ddb5-4fa4-a97d-d965ccfc6d4b" outcome="Passed" testListId="8c84fa94-04c1-424b-9868-57a2d4851a1d" relativeResultsDirectory="fd2dbbe5-c48d-429d-84ac-c8cd7b8adde1" />
    <UnitTestResult executionId="6d6eb665-bd7e-4cff-a8b9-526263dfe396" testId="cd30603f-1ce6-4bc9-aa3e-40c6f5336d8b" testName="ToDefaultValue_Passing_uint_Returns_Cero" computerName="PC-SFERRARI" duration="00:00:00.0005770" startTime="2022-12-28T13:20:06.1136684+01:00" endTime="2022-12-28T13:20:06.1144396+01:00" testType="13cdc9d9-ddb5-4fa4-a97d-d965ccfc6d4b" outcome="Passed" testListId="8c84fa94-04c1-424b-9868-57a2d4851a1d" relativeResultsDirectory="6d6eb665-bd7e-4cff-a8b9-526263dfe396" />
    <UnitTestResult executionId="17ec1caa-f9e9-4c87-a32a-499a80e52923" testId="46614844-8fdf-4720-9fb7-11d917afb89e" testName="ToEnum_Passing_InvalidValueString_Returns_EnumDefaultValue" computerName="PC-SFERRARI" duration="00:00:00.0002188" startTime="2022-12-28T13:20:06.4580094+01:00" endTime="2022-12-28T13:20:06.4583767+01:00" testType="13cdc9d9-ddb5-4fa4-a97d-d965ccfc6d4b" outcome="Passed" testListId="8c84fa94-04c1-424b-9868-57a2d4851a1d" relativeResultsDirectory="17ec1caa-f9e9-4c87-a32a-499a80e52923" />
    <UnitTestResult executionId="ea8fb34d-e108-459d-8ae7-d58221715be8" testId="77c42d1d-e6f5-4551-bd5e-c6b2ded4c445" testName="ToNormalize_Passing_ValidValue_Returns_NormalizedValue (ìíïî,iiii)" computerName="PC-SFERRARI" duration="00:00:00.0000418" startTime="2022-12-28T13:20:06.4496936+01:00" endTime="2022-12-28T13:20:06.4499007+01:00" testType="13cdc9d9-ddb5-4fa4-a97d-d965ccfc6d4b" outcome="Passed" testListId="8c84fa94-04c1-424b-9868-57a2d4851a1d" relativeResultsDirectory="ea8fb34d-e108-459d-8ae7-d58221715be8" />
    <UnitTestResult executionId="fa5b6d78-b5f5-4802-9a74-f392c81f55bd" testId="28a99c45-8ee7-45db-82d3-766e3d083637" testName="ToRemove_Passing_ValidValue_Returns_ValueWithoutRemovedChars (aeiou,ae,iou)" computerName="PC-SFERRARI" duration="00:00:00.0000222" startTime="2022-12-28T13:20:06.4200288+01:00" endTime="2022-12-28T13:20:06.4202578+01:00" testType="13cdc9d9-ddb5-4fa4-a97d-d965ccfc6d4b" outcome="Passed" testListId="8c84fa94-04c1-424b-9868-57a2d4851a1d" relativeResultsDirectory="fa5b6d78-b5f5-4802-9a74-f392c81f55bd" />
    <UnitTestResult executionId="678a2f42-ca75-4098-9dd6-16cdd3da3d6f" testId="e940eabc-4258-4b8f-a9f1-12e4b101ac98" testName="ResultOkData_WithData" computerName="PC-SFERRARI" duration="00:00:00.0162197" startTime="2022-12-28T13:20:06.6664764+01:00" endTime="2022-12-28T13:20:06.6827959+01:00" testType="13cdc9d9-ddb5-4fa4-a97d-d965ccfc6d4b" outcome="Passed" testListId="8c84fa94-04c1-424b-9868-57a2d4851a1d" relativeResultsDirectory="678a2f42-ca75-4098-9dd6-16cdd3da3d6f" />
    <UnitTestResult executionId="a51c16b6-22bc-4b97-a999-0c4b7b6fe2a8" testId="8d19c869-bc91-428d-b077-47b419b1196b" testName="ToAttribute_Passing_Enumeration_Name_Returns_Atributte" computerName="PC-SFERRARI" duration="00:00:00.0016302" startTime="2022-12-28T13:20:06.0852401+01:00" endTime="2022-12-28T13:20:06.0870537+01:00" testType="13cdc9d9-ddb5-4fa4-a97d-d965ccfc6d4b" outcome="Passed" testListId="8c84fa94-04c1-424b-9868-57a2d4851a1d" relativeResultsDirectory="a51c16b6-22bc-4b97-a999-0c4b7b6fe2a8" />
    <UnitTestResult executionId="5d5b52f6-d56f-40b4-af51-20ad8c2cd73c" testId="ee6264e1-856d-4af5-a7c2-8d09cc032c78" testName="ToService_Passing_Valid_Service_Returns_Service" computerName="PC-SFERRARI" duration="00:00:00.0006165" startTime="2022-12-28T13:20:05.9048200+01:00" endTime="2022-12-28T13:20:05.9055389+01:00" testType="13cdc9d9-ddb5-4fa4-a97d-d965ccfc6d4b" outcome="Passed" testListId="8c84fa94-04c1-424b-9868-57a2d4851a1d" relativeResultsDirectory="5d5b52f6-d56f-40b4-af51-20ad8c2cd73c" />
    <UnitTestResult executionId="3e372295-1347-443e-913a-1b998044a79f" testId="ac04103d-2ae8-4a37-bb3d-a5b4b290d1b0" testName="ToUri_Passing_ValidValueString_Returns_Uri (http://foo.com/blah_blah/p=5)" computerName="PC-SFERRARI" duration="00:00:00.0000070" startTime="2022-12-28T13:20:06.5050089+01:00" endTime="2022-12-28T13:20:06.5051392+01:00" testType="13cdc9d9-ddb5-4fa4-a97d-d965ccfc6d4b" outcome="Passed" testListId="8c84fa94-04c1-424b-9868-57a2d4851a1d" relativeResultsDirectory="3e372295-1347-443e-913a-1b998044a79f" />
    <UnitTestResult executionId="4aaf0d15-7f77-499f-bc41-cfd4ede7db6c" testId="e20f6041-2fd4-47d7-8537-4c98d06930fb" testName="ToUri_Passing_ValidValueString_Returns_Uri (http://foo.com/blah_blah_(wikipedia))" computerName="PC-SFERRARI" duration="00:00:00.0000057" startTime="2022-12-28T13:20:06.5083645+01:00" endTime="2022-12-28T13:20:06.5084661+01:00" testType="13cdc9d9-ddb5-4fa4-a97d-d965ccfc6d4b" outcome="Passed" testListId="8c84fa94-04c1-424b-9868-57a2d4851a1d" relativeResultsDirectory="4aaf0d15-7f77-499f-bc41-cfd4ede7db6c" />
    <UnitTestResult executionId="0c8500dc-2c65-4f33-88af-dd18ae5aad31" testId="6a8e1fda-86a2-4afc-a112-e24a6f4d54b8" testName="ToString_Passing_Valid_Collection_With_Custom_Separator_Returns_String_With_Custom_Separator" computerName="PC-SFERRARI" duration="00:00:00.0004170" startTime="2022-12-28T13:20:06.0758023+01:00" endTime="2022-12-28T13:20:06.0763336+01:00" testType="13cdc9d9-ddb5-4fa4-a97d-d965ccfc6d4b" outcome="Passed" testListId="8c84fa94-04c1-424b-9868-57a2d4851a1d" relativeResultsDirectory="0c8500dc-2c65-4f33-88af-dd18ae5aad31" />
    <UnitTestResult executionId="110d1e80-0fdc-451a-a63e-ea8bb53ec283" testId="3a1559b7-223e-4ebd-80ac-7aadd1b2b718" testName="ToInt_Passing_InvalidValueString_Returns_DefaultValue (1.3333)" computerName="PC-SFERRARI" duration="00:00:00.0002313" startTime="2022-12-28T13:20:06.5569366+01:00" endTime="2022-12-28T13:20:06.5573379+01:00" testType="13cdc9d9-ddb5-4fa4-a97d-d965ccfc6d4b" outcome="Passed" testListId="8c84fa94-04c1-424b-9868-57a2d4851a1d" relativeResultsDirectory="110d1e80-0fdc-451a-a63e-ea8bb53ec283" />
    <UnitTestResult executionId="440da3f8-8711-4efb-87bd-0c730d8eff53" testId="0d2e0cb6-9f4d-4fd3-bf5b-2f2327271608" testName="ToEmailMaskUserNameAndDomain_Passing_ValidEmail_Returns_EmailWithMask (qaz@gmailgmail.com,q*z@g********l.com)" computerName="PC-SFERRARI" duration="00:00:00.0000169" startTime="2022-12-28T13:20:06.4921882+01:00" endTime="2022-12-28T13:20:06.4923103+01:00" testType="13cdc9d9-ddb5-4fa4-a97d-d965ccfc6d4b" outcome="Passed" testListId="8c84fa94-04c1-424b-9868-57a2d4851a1d" relativeResultsDirectory="440da3f8-8711-4efb-87bd-0c730d8eff53" />
    <UnitTestResult executionId="68c92606-bf3c-4081-8a91-0083d3b5c081" testId="92629cac-ac76-4375-afcb-65357cc09107" testName="ToEnvironment_ServiceCollection_Passing_Production_Enviroment_Returns_Production_Name" computerName="PC-SFERRARI" duration="00:00:00.0009350" startTime="2022-12-28T13:20:06.3523507+01:00" endTime="2022-12-28T13:20:06.3534538+01:00" testType="13cdc9d9-ddb5-4fa4-a97d-d965ccfc6d4b" outcome="Passed" testListId="8c84fa94-04c1-424b-9868-57a2d4851a1d" relativeResultsDirectory="68c92606-bf3c-4081-8a91-0083d3b5c081" />
    <UnitTestResult executionId="5f461fb7-7024-4c0e-86c2-9e827a5f1666" testId="521228c7-773f-4e9b-a20f-9a2f28c23c1a" testName="ToEmailMaskUserNameAndDomainAndExtension_Passing_ValidEmail_Returns_EmailWithMask (qaz@gmail.com,q*z@g***l.c*m)" computerName="PC-SFERRARI" duration="00:00:00.0009802" startTime="2022-12-28T13:20:06.4926376+01:00" endTime="2022-12-28T13:20:06.4937333+01:00" testType="13cdc9d9-ddb5-4fa4-a97d-d965ccfc6d4b" outcome="Passed" testListId="8c84fa94-04c1-424b-9868-57a2d4851a1d" relativeResultsDirectory="5f461fb7-7024-4c0e-86c2-9e827a5f1666" />
    <UnitTestResult executionId="cf62807b-c96e-4587-bbd0-8e38562af8a8" testId="87c477ea-fa6c-4ce1-9c2b-268391dc5222" testName="ToInt_Passing_InvalidValueString_Returns_DefaultValue (1.333,39)" computerName="PC-SFERRARI" duration="00:00:00.0000083" startTime="2022-12-28T13:20:06.5578233+01:00" endTime="2022-12-28T13:20:06.5580103+01:00" testType="13cdc9d9-ddb5-4fa4-a97d-d965ccfc6d4b" outcome="Passed" testListId="8c84fa94-04c1-424b-9868-57a2d4851a1d" relativeResultsDirectory="cf62807b-c96e-4587-bbd0-8e38562af8a8" />
    <UnitTestResult executionId="8f03788c-f9d8-4a50-8dbc-bd1d9719d43b" testId="df847d18-3344-46ac-8dd3-c7a030f75714" testName="ToRemove_Passing_ValidValue_Returns_ValueWithoutRemovedChars (aeiou,a,eiou)" computerName="PC-SFERRARI" duration="00:00:00.0000317" startTime="2022-12-28T13:20:06.4196459+01:00" endTime="2022-12-28T13:20:06.4199568+01:00" testType="13cdc9d9-ddb5-4fa4-a97d-d965ccfc6d4b" outcome="Passed" testListId="8c84fa94-04c1-424b-9868-57a2d4851a1d" relativeResultsDirectory="8f03788c-f9d8-4a50-8dbc-bd1d9719d43b" />
    <UnitTestResult executionId="4df42107-ba1e-4c18-ae76-d0f88eb24bae" testId="06b58817-edbf-470f-8f38-d9373b1a9c88" testName="ToFullMessageDetail_Passing_ExceptionWithMessageWithInnerException_Returns_Full_Message_Detail" computerName="PC-SFERRARI" duration="00:00:00.0088211" startTime="2022-12-28T13:20:06.0888514+01:00" endTime="2022-12-28T13:20:06.0978008+01:00" testType="13cdc9d9-ddb5-4fa4-a97d-d965ccfc6d4b" outcome="Passed" testListId="8c84fa94-04c1-424b-9868-57a2d4851a1d" relativeResultsDirectory="4df42107-ba1e-4c18-ae76-d0f88eb24bae" />
    <UnitTestResult executionId="a54df6d7-5581-4a76-b3a3-cb1fc3601d78" testId="f6e67bf2-cb52-4ec4-8e47-5163d0879c4d" testName="ToFirstLetterLower_Passing_ValidValue_Returns_StringWithFirstLetterLower (aeioU,aeioU)" computerName="PC-SFERRARI" duration="00:00:00.0000063" startTime="2022-12-28T13:20:06.4825110+01:00" endTime="2022-12-28T13:20:06.4826493+01:00" testType="13cdc9d9-ddb5-4fa4-a97d-d965ccfc6d4b" outcome="Passed" testListId="8c84fa94-04c1-424b-9868-57a2d4851a1d" relativeResultsDirectory="a54df6d7-5581-4a76-b3a3-cb1fc3601d78" />
    <UnitTestResult executionId="3d70abfc-1925-425a-9ee8-d4d5a1841837" testId="02327277-33c4-42fe-92be-4d0f13d855f5" testName="ToUri_Passing_ValidValueString_Returns_Uri (http://foo.com/blah_blah?p=5&amp;j=fe)" computerName="PC-SFERRARI" duration="00:00:00.0000059" startTime="2022-12-28T13:20:06.5053058+01:00" endTime="2022-12-28T13:20:06.5054117+01:00" testType="13cdc9d9-ddb5-4fa4-a97d-d965ccfc6d4b" outcome="Passed" testListId="8c84fa94-04c1-424b-9868-57a2d4851a1d" relativeResultsDirectory="3d70abfc-1925-425a-9ee8-d4d5a1841837" />
    <UnitTestResult executionId="fcf9bbc6-bff6-4baf-812d-79c56908971c" testId="7ee9e04f-6c3d-44f0-974d-00685c799828" testName="ToServiceMatchingInterface_Passing_Empties_Assemblies_Returns_ApplicationException" computerName="PC-SFERRARI" duration="00:00:00.0011731" startTime="2022-12-28T13:20:06.3565447+01:00" endTime="2022-12-28T13:20:06.3578133+01:00" testType="13cdc9d9-ddb5-4fa4-a97d-d965ccfc6d4b" outcome="Passed" testListId="8c84fa94-04c1-424b-9868-57a2d4851a1d" relativeResultsDirectory="fcf9bbc6-bff6-4baf-812d-79c56908971c" />
    <UnitTestResult executionId="86fdb659-5b7f-4808-94c4-ff8bf0155bd4" testId="87473d92-7f7d-4388-8341-738eaf1d2943" testName="ToInt_Passing_InvalidValueString_Returns_Null (999999439293294392492349329493294)" computerName="PC-SFERRARI" duration="00:00:00.0000068" startTime="2022-12-28T13:20:06.5534716+01:00" endTime="2022-12-28T13:20:06.5536113+01:00" testType="13cdc9d9-ddb5-4fa4-a97d-d965ccfc6d4b" outcome="Passed" testListId="8c84fa94-04c1-424b-9868-57a2d4851a1d" relativeResultsDirectory="86fdb659-5b7f-4808-94c4-ff8bf0155bd4" />
    <UnitTestResult executionId="f19603f2-53d5-4679-9ac9-e185e9293e95" testId="5b78d4f1-5ef4-43db-8a95-942e481e90f8" testName="ToEnvironment_Passing_Production_Enviroment_Returns_Production_Name" computerName="PC-SFERRARI" duration="00:00:00.0018482" startTime="2022-12-28T13:20:05.8933898+01:00" endTime="2022-12-28T13:20:05.8954983+01:00" testType="13cdc9d9-ddb5-4fa4-a97d-d965ccfc6d4b" outcome="Passed" testListId="8c84fa94-04c1-424b-9868-57a2d4851a1d" relativeResultsDirectory="f19603f2-53d5-4679-9ac9-e185e9293e95" />
    <UnitTestResult executionId="66a19695-8709-4ae8-8c32-715987b45a44" testId="fe25ff99-d854-40e3-aa24-2a9be63fe762" testName="ResultBadRequest_WithErrors_Dictionary" computerName="PC-SFERRARI" duration="00:00:00.0018104" startTime="2022-12-28T13:20:06.6903436+01:00" endTime="2022-12-28T13:20:06.6922901+01:00" testType="13cdc9d9-ddb5-4fa4-a97d-d965ccfc6d4b" outcome="Passed" testListId="8c84fa94-04c1-424b-9868-57a2d4851a1d" relativeResultsDirectory="66a19695-8709-4ae8-8c32-715987b45a44" />
    <UnitTestResult executionId="965494e0-c157-495e-bdfc-11a672726cda" testId="be6b6e49-dd1a-42f0-ae09-65d81637c53a" testName="ToDirectoryReadFileAsync_Passing_ValidValue_Returns_False" computerName="PC-SFERRARI" duration="00:00:00.0245932" startTime="2022-12-28T13:20:06.5707805+01:00" endTime="2022-12-28T13:20:06.5955633+01:00" testType="13cdc9d9-ddb5-4fa4-a97d-d965ccfc6d4b" outcome="Passed" testListId="8c84fa94-04c1-424b-9868-57a2d4851a1d" relativeResultsDirectory="965494e0-c157-495e-bdfc-11a672726cda" />
    <UnitTestResult executionId="ff0a12fc-3c46-4201-a17d-5afa1f291bd2" testId="c82eb624-ad84-456a-a9e4-0ffef1601326" testName="ThrowIfNotEmail_Passing_InvalidValue_Returns_ApplicationExceptionWithMessage ()" computerName="PC-SFERRARI" duration="00:00:00.0000537" startTime="2022-12-28T13:20:06.6235512+01:00" endTime="2022-12-28T13:20:06.6237115+01:00" testType="13cdc9d9-ddb5-4fa4-a97d-d965ccfc6d4b" outcome="Passed" testListId="8c84fa94-04c1-424b-9868-57a2d4851a1d" relativeResultsDirectory="ff0a12fc-3c46-4201-a17d-5afa1f291bd2" />
    <UnitTestResult executionId="80b87c32-7c48-45fb-b422-3182c1ae06c1" testId="9f5304fd-0808-48ae-a30c-bc4cbb8e5f30" testName="ToServiceMatchingInterface_Passing_Valid_Assembly_Returns_Service" computerName="PC-SFERRARI" duration="00:00:00.0013673" startTime="2022-12-28T13:20:06.3712662+01:00" endTime="2022-12-28T13:20:06.3727507+01:00" testType="13cdc9d9-ddb5-4fa4-a97d-d965ccfc6d4b" outcome="Passed" testListId="8c84fa94-04c1-424b-9868-57a2d4851a1d" relativeResultsDirectory="80b87c32-7c48-45fb-b422-3182c1ae06c1" />
    <UnitTestResult executionId="cbde7849-f7da-4280-b97c-9497614d6749" testId="2eb71396-451e-43ab-b9ea-a42d3bc05811" testName="ThrowIfNotSubdomain_Passing_InvalidValue_Returns_ApplicationExceptionWithMessage ()" computerName="PC-SFERRARI" duration="00:00:00.0000703" startTime="2022-12-28T13:20:06.6257855+01:00" endTime="2022-12-28T13:20:06.6260282+01:00" testType="13cdc9d9-ddb5-4fa4-a97d-d965ccfc6d4b" outcome="Passed" testListId="8c84fa94-04c1-424b-9868-57a2d4851a1d" relativeResultsDirectory="cbde7849-f7da-4280-b97c-9497614d6749" />
    <UnitTestResult executionId="960b8aff-c278-45b7-9841-66e95935232b" testId="a1bbe7a4-5406-4df7-9cf9-b9076b8bdc9b" testName="ResultOkData_WithData_WithMessage_WithDetails" computerName="PC-SFERRARI" duration="00:00:00.0026062" startTime="2022-12-28T13:20:06.6828580+01:00" endTime="2022-12-28T13:20:06.6855721+01:00" testType="13cdc9d9-ddb5-4fa4-a97d-d965ccfc6d4b" outcome="Passed" testListId="8c84fa94-04c1-424b-9868-57a2d4851a1d" relativeResultsDirectory="960b8aff-c278-45b7-9841-66e95935232b" />
    <UnitTestResult executionId="5752a1f2-8d20-4cb2-b863-50ea92dfb151" testId="ef416e24-ba42-4bf6-826b-79babaabea28" testName="ToNormalize_Passing_ValidValue_Returns_NormalizedValue (Strømsgodset,Stromsgodset)" computerName="PC-SFERRARI" duration="00:00:00.0000409" startTime="2022-12-28T13:20:06.4507006+01:00" endTime="2022-12-28T13:20:06.4509005+01:00" testType="13cdc9d9-ddb5-4fa4-a97d-d965ccfc6d4b" outcome="Passed" testListId="8c84fa94-04c1-424b-9868-57a2d4851a1d" relativeResultsDirectory="5752a1f2-8d20-4cb2-b863-50ea92dfb151" />
    <UnitTestResult executionId="079f62d9-7098-4921-a632-3836c8822980" testId="ee74e295-b7ed-43ee-b01a-d6fbd3a4cbda" testName="ToStringFormat_Passing_ValidValue_Returns_ValueWithoutRemovedChars (1)" computerName="PC-SFERRARI" duration="00:00:00.0002986" startTime="2022-12-28T13:20:06.3294026+01:00" endTime="2022-12-28T13:20:06.3298576+01:00" testType="13cdc9d9-ddb5-4fa4-a97d-d965ccfc6d4b" outcome="Passed" testListId="8c84fa94-04c1-424b-9868-57a2d4851a1d" relativeResultsDirectory="079f62d9-7098-4921-a632-3836c8822980" />
    <UnitTestResult executionId="89ea9778-d0a0-4f37-8955-0628b2cb6c87" testId="7d8d1c65-f75a-476d-9b49-28cf26c79038" testName="ToUri_Passing_ValidValueString_Returns_Uri (http://foo.com/blah_blah?p=5)" computerName="PC-SFERRARI" duration="00:00:00.0000059" startTime="2022-12-28T13:20:06.5051691+01:00" endTime="2022-12-28T13:20:06.5052767+01:00" testType="13cdc9d9-ddb5-4fa4-a97d-d965ccfc6d4b" outcome="Passed" testListId="8c84fa94-04c1-424b-9868-57a2d4851a1d" relativeResultsDirectory="89ea9778-d0a0-4f37-8955-0628b2cb6c87" />
    <UnitTestResult executionId="7090adf9-1d9b-4533-a112-5c1d2d1b0224" testId="944530c0-1344-4f0b-a7c4-83395fbb4c04" testName="ToUri_Passing_InvalidValueString_Returns_Null (http://??/)" computerName="PC-SFERRARI" duration="00:00:00.0000099" startTime="2022-12-28T13:20:06.5364268+01:00" endTime="2022-12-28T13:20:06.5365706+01:00" testType="13cdc9d9-ddb5-4fa4-a97d-d965ccfc6d4b" outcome="Passed" testListId="8c84fa94-04c1-424b-9868-57a2d4851a1d" relativeResultsDirectory="7090adf9-1d9b-4533-a112-5c1d2d1b0224" />
    <UnitTestResult executionId="29e571d4-4e6c-47a4-a615-aa89fe43b319" testId="a622e94d-7686-439b-a9ea-a9028434e94b" testName="ToResultAsync_Passing_StatusCodeAnd_MessageAndContentTypeAndHeader_Values_Returns_Values (/test)" computerName="PC-SFERRARI" duration="00:00:00.1593049" startTime="2022-12-28T13:20:06.1682052+01:00" endTime="2022-12-28T13:20:06.3280191+01:00" testType="13cdc9d9-ddb5-4fa4-a97d-d965ccfc6d4b" outcome="Passed" testListId="8c84fa94-04c1-424b-9868-57a2d4851a1d" relativeResultsDirectory="29e571d4-4e6c-47a4-a615-aa89fe43b319">
      <Output>
        <StdOut>info: Microsoft.AspNetCore.Hosting.Diagnostics[1]&#xD;
      Request starting HTTP/1.1 GET http://localhost/test - -&#xD;
info: Microsoft.AspNetCore.Hosting.Diagnostics[2]&#xD;
      Request finished HTTP/1.1 GET http://localhost/test - - - 401 - 8bb4aea0-ff0c-4b44-8033-3a082bc2112a 12.9140ms</StdOut>
      </Output>
    </UnitTestResult>
    <UnitTestResult executionId="2ec54afa-1b72-4ce5-aad9-a3a3db5e3ba1" testId="b1dcb8f5-6f88-48d7-8f4a-805dff997ff1" testName="ToNormalize_Passing_ValidValue_Returns_NormalizedValue ( * ¨ ^ _ : - ? ¿ ; ,)" computerName="PC-SFERRARI" duration="00:00:00.0000342" startTime="2022-12-28T13:20:06.4427198+01:00" endTime="2022-12-28T13:20:06.4428647+01:00" testType="13cdc9d9-ddb5-4fa4-a97d-d965ccfc6d4b" outcome="Passed" testListId="8c84fa94-04c1-424b-9868-57a2d4851a1d" relativeResultsDirectory="2ec54afa-1b72-4ce5-aad9-a3a3db5e3ba1" />
    <UnitTestResult executionId="ad44376c-6062-4b33-876c-f5e540a064e2" testId="1a30ce4b-4eed-48a9-bcde-34387759149e" testName="ToUserName_Passing_Invalid_ClaimsPrincipal_Returns_Null" computerName="PC-SFERRARI" duration="00:00:00.0012246" startTime="2022-12-28T13:20:06.0154948+01:00" endTime="2022-12-28T13:20:06.0168038+01:00" testType="13cdc9d9-ddb5-4fa4-a97d-d965ccfc6d4b" outcome="Passed" testListId="8c84fa94-04c1-424b-9868-57a2d4851a1d" relativeResultsDirectory="ad44376c-6062-4b33-876c-f5e540a064e2" />
    <UnitTestResult executionId="b0f93c3c-245c-4f5c-9ceb-b2f117b71101" testId="a96f1d60-f6d5-40f4-9c0b-26a5018f47d3" testName="ToService_Passing_Service_Not_Found_Returns_ApplicationException" computerName="PC-SFERRARI" duration="00:00:00.0004411" startTime="2022-12-28T13:20:05.9056100+01:00" endTime="2022-12-28T13:20:05.9061934+01:00" testType="13cdc9d9-ddb5-4fa4-a97d-d965ccfc6d4b" outcome="Passed" testListId="8c84fa94-04c1-424b-9868-57a2d4851a1d" relativeResultsDirectory="b0f93c3c-245c-4f5c-9ceb-b2f117b71101" />
    <UnitTestResult executionId="138fdca0-27f5-4ee9-84a2-c677c4cc472b" testId="ec171991-faa6-48bd-9dd3-4eb3c9e7e42c" testName="ToAuthenticationType_Passing_Claims_Returns_Null" computerName="PC-SFERRARI" duration="00:00:00.0004059" startTime="2022-12-28T13:20:06.0142971+01:00" endTime="2022-12-28T13:20:06.0148157+01:00" testType="13cdc9d9-ddb5-4fa4-a97d-d965ccfc6d4b" outcome="Passed" testListId="8c84fa94-04c1-424b-9868-57a2d4851a1d" relativeResultsDirectory="138fdca0-27f5-4ee9-84a2-c677c4cc472b" />
    <UnitTestResult executionId="9b798a66-af6a-4312-8fde-8b18ad475e55" testId="fc16a19b-a857-4d64-86de-0f96d8a7295e" testName="ThrowIfNullOrAny_Passing_InvalidValue_Returns_ApplicationExceptionWithMessage" computerName="PC-SFERRARI" duration="00:00:00.0003505" startTime="2022-12-28T13:20:06.6152482+01:00" endTime="2022-12-28T13:20:06.6156774+01:00" testType="13cdc9d9-ddb5-4fa4-a97d-d965ccfc6d4b" outcome="Passed" testListId="8c84fa94-04c1-424b-9868-57a2d4851a1d" relativeResultsDirectory="9b798a66-af6a-4312-8fde-8b18ad475e55" />
    <UnitTestResult executionId="baa63fcd-c1b6-432a-8735-73f1b16ff333" testId="d7b37656-28f0-4efa-86f6-a25aab688127" testName="ToStringFormat_Passing_ValidValue_Returns_ValueWithoutRemovedChars (-1)" computerName="PC-SFERRARI" duration="00:00:00.0000077" startTime="2022-12-28T13:20:06.3299133+01:00" endTime="2022-12-28T13:20:06.3300885+01:00" testType="13cdc9d9-ddb5-4fa4-a97d-d965ccfc6d4b" outcome="Passed" testListId="8c84fa94-04c1-424b-9868-57a2d4851a1d" relativeResultsDirectory="baa63fcd-c1b6-432a-8735-73f1b16ff333" />
    <UnitTestResult executionId="e6de8fc1-5abf-4156-bdbd-c980c122f752" testId="da634df3-7de4-4e97-8889-41edd4084d19" testName="ToReplace_Passing_ValidValue_Returns_ReplacedValue (aeiou,*,2,2,ae**u)" computerName="PC-SFERRARI" duration="00:00:00.0000086" startTime="2022-12-28T13:20:06.4304339+01:00" endTime="2022-12-28T13:20:06.4306799+01:00" testType="13cdc9d9-ddb5-4fa4-a97d-d965ccfc6d4b" outcome="Passed" testListId="8c84fa94-04c1-424b-9868-57a2d4851a1d" relativeResultsDirectory="e6de8fc1-5abf-4156-bdbd-c980c122f752" />
    <UnitTestResult executionId="8c08c8c9-1b5b-44bb-9ad2-0a2cd2d341eb" testId="afe7eade-b68c-446f-ae45-891e651bab7e" testName="ToReplace_Passing_ValidValue_Returns_ReplacedValue (aeiou,*,0,1,*eiou)" computerName="PC-SFERRARI" duration="00:00:00.0004028" startTime="2022-12-28T13:20:06.4262711+01:00" endTime="2022-12-28T13:20:06.4269061+01:00" testType="13cdc9d9-ddb5-4fa4-a97d-d965ccfc6d4b" outcome="Passed" testListId="8c84fa94-04c1-424b-9868-57a2d4851a1d" relativeResultsDirectory="8c08c8c9-1b5b-44bb-9ad2-0a2cd2d341eb" />
    <UnitTestResult executionId="eb9e407d-8a8f-4471-9218-67eb28839afd" testId="1ddae820-193e-421d-a6f4-d4465783c9c1" testName="ToEmailMaskUserNameAndDomainAndExtension_Passing_ValidEmail_Returns_EmailWithMask (qaz@gmailgmail.com,q*z@g********l.c*m)" computerName="PC-SFERRARI" duration="00:00:00.0000320" startTime="2022-12-28T13:20:06.4972294+01:00" endTime="2022-12-28T13:20:06.4974296+01:00" testType="13cdc9d9-ddb5-4fa4-a97d-d965ccfc6d4b" outcome="Passed" testListId="8c84fa94-04c1-424b-9868-57a2d4851a1d" relativeResultsDirectory="eb9e407d-8a8f-4471-9218-67eb28839afd" />
    <UnitTestResult executionId="309a4054-c27a-4bba-96b8-52f559afb028" testId="4d618a38-ea60-433a-bc54-0ceec567c3d4" testName="ToIsWeekend_Passing_Sunday_DateTime_Returns_True" computerName="PC-SFERRARI" duration="00:00:00.0000898" startTime="2022-12-28T13:20:06.0627702+01:00" endTime="2022-12-28T13:20:06.0629229+01:00" testType="13cdc9d9-ddb5-4fa4-a97d-d965ccfc6d4b" outcome="Passed" testListId="8c84fa94-04c1-424b-9868-57a2d4851a1d" relativeResultsDirectory="309a4054-c27a-4bba-96b8-52f559afb028" />
    <UnitTestResult executionId="b430871a-845e-49f6-9635-4b35813634ed" testId="12a1e853-d23a-49ac-ae58-07a3d1eea125" testName="ToContentType_Passing_ValidValueString_Returns_ContentType (xxxx.gif,image/gif)" computerName="PC-SFERRARI" duration="00:00:00.0000493" startTime="2022-12-28T13:20:06.5619316+01:00" endTime="2022-12-28T13:20:06.5622424+01:00" testType="13cdc9d9-ddb5-4fa4-a97d-d965ccfc6d4b" outcome="Passed" testListId="8c84fa94-04c1-424b-9868-57a2d4851a1d" relativeResultsDirectory="b430871a-845e-49f6-9635-4b35813634ed" />
    <UnitTestResult executionId="c4ce73ef-f7f5-4610-b9f5-8b0de9c93171" testId="ae543a60-5a23-4756-8ead-6dd4584102fd" testName="ToUri_Passing_InvalidValueString_Returns_DefaultValue (http://?)" computerName="PC-SFERRARI" duration="00:00:00.0000131" startTime="2022-12-28T13:20:06.5415265+01:00" endTime="2022-12-28T13:20:06.5417048+01:00" testType="13cdc9d9-ddb5-4fa4-a97d-d965ccfc6d4b" outcome="Passed" testListId="8c84fa94-04c1-424b-9868-57a2d4851a1d" relativeResultsDirectory="c4ce73ef-f7f5-4610-b9f5-8b0de9c93171" />
    <UnitTestResult executionId="dc004ab9-768d-44dc-9399-326dfffbb397" testId="6c83e5c6-4b90-4f3e-8083-9509a909b40b" testName="ToUri_Passing_InvalidValueString_Returns_DefaultValue (http://../)" computerName="PC-SFERRARI" duration="00:00:00.0000158" startTime="2022-12-28T13:20:06.5412666+01:00" endTime="2022-12-28T13:20:06.5414632+01:00" testType="13cdc9d9-ddb5-4fa4-a97d-d965ccfc6d4b" outcome="Passed" testListId="8c84fa94-04c1-424b-9868-57a2d4851a1d" relativeResultsDirectory="dc004ab9-768d-44dc-9399-326dfffbb397" />
    <UnitTestResult executionId="fd3c08d9-ed03-41c4-81a0-c09a56646859" testId="137e7e94-400f-4d2b-acb4-62b86629c115" testName="ToDirectoryDeleteFiles_Passing_ValidValue_Returns_DirectoryNoExists" computerName="PC-SFERRARI" duration="00:00:00.0034854" startTime="2022-12-28T13:20:06.5670871+01:00" endTime="2022-12-28T13:20:06.5706879+01:00" testType="13cdc9d9-ddb5-4fa4-a97d-d965ccfc6d4b" outcome="Passed" testListId="8c84fa94-04c1-424b-9868-57a2d4851a1d" relativeResultsDirectory="fd3c08d9-ed03-41c4-81a0-c09a56646859" />
    <UnitTestResult executionId="9a670f46-4151-4fd7-a667-3bfa2d3e5b5b" testId="f80e1b7b-0c4b-4a0b-bf5a-7da50180e9d6" testName="ToDirectoryTemporary_Passing_ValidValue_Returns_DirectoryExists" computerName="PC-SFERRARI" duration="00:00:00.0012386" startTime="2022-12-28T13:20:06.5956613+01:00" endTime="2022-12-28T13:20:06.5971606+01:00" testType="13cdc9d9-ddb5-4fa4-a97d-d965ccfc6d4b" outcome="Passed" testListId="8c84fa94-04c1-424b-9868-57a2d4851a1d" relativeResultsDirectory="9a670f46-4151-4fd7-a667-3bfa2d3e5b5b" />
    <UnitTestResult executionId="5ffaac2b-dcae-4770-8f87-9cc081e931bb" testId="58456e94-80f5-4d93-89e3-e89ce0b68044" testName="ToUri_Passing_ValidValueString_Returns_Uri (http://foo.com/blah_blah)" computerName="PC-SFERRARI" duration="00:00:00.0002703" startTime="2022-12-28T13:20:06.5042561+01:00" endTime="2022-12-28T13:20:06.5046395+01:00" testType="13cdc9d9-ddb5-4fa4-a97d-d965ccfc6d4b" outcome="Passed" testListId="8c84fa94-04c1-424b-9868-57a2d4851a1d" relativeResultsDirectory="5ffaac2b-dcae-4770-8f87-9cc081e931bb" />
    <UnitTestResult executionId="279bbbc6-f871-490d-a1de-1559c4a1e064" testId="e6e60f5c-8dc0-45b0-95d9-7967270e969f" testName="CreateSHA512_Passing_Invalid_Arguments_Returns_ApplicationException ()" computerName="PC-SFERRARI" duration="00:00:00.0006045" startTime="2022-12-28T13:20:06.6580824+01:00" endTime="2022-12-28T13:20:06.6587576+01:00" testType="13cdc9d9-ddb5-4fa4-a97d-d965ccfc6d4b" outcome="Passed" testListId="8c84fa94-04c1-424b-9868-57a2d4851a1d" relativeResultsDirectory="279bbbc6-f871-490d-a1de-1559c4a1e064" />
    <UnitTestResult executionId="99c6a85e-0c4c-40b9-8c3e-c319c19c5ccf" testId="721c7296-40f6-456b-89d1-db1813fcf1e8" testName="ToRemove_Passing_ValidValue_Returns_ValueWithoutRemovedChars (aeiou,aei,ou)" computerName="PC-SFERRARI" duration="00:00:00.0000233" startTime="2022-12-28T13:20:06.4203017+01:00" endTime="2022-12-28T13:20:06.4205330+01:00" testType="13cdc9d9-ddb5-4fa4-a97d-d965ccfc6d4b" outcome="Passed" testListId="8c84fa94-04c1-424b-9868-57a2d4851a1d" relativeResultsDirectory="99c6a85e-0c4c-40b9-8c3e-c319c19c5ccf" />
    <UnitTestResult executionId="af40f135-8b0e-4d2b-8975-c81c6fb99dd9" testId="b22e382d-cce0-40ee-bc83-59b85ab11146" testName="ToUri_Passing_InvalidValueString_Returns_DefaultValue (http://##)" computerName="PC-SFERRARI" duration="00:00:00.0000113" startTime="2022-12-28T13:20:06.5423808+01:00" endTime="2022-12-28T13:20:06.5425256+01:00" testType="13cdc9d9-ddb5-4fa4-a97d-d965ccfc6d4b" outcome="Passed" testListId="8c84fa94-04c1-424b-9868-57a2d4851a1d" relativeResultsDirectory="af40f135-8b0e-4d2b-8975-c81c6fb99dd9" />
    <UnitTestResult executionId="ef740851-176a-4f82-b59e-749dddcbbaca" testId="cc73d1dc-5bdd-49d0-962c-5a5edadc1eee" testName="ToEmailMaskUserName_Passing_ValidEmail_Returns_EmailWithMask (qaz@gmailgmail.com,q*z@gmailgmail.com)" computerName="PC-SFERRARI" duration="00:00:00.0000193" startTime="2022-12-28T13:20:06.4882456+01:00" endTime="2022-12-28T13:20:06.4883732+01:00" testType="13cdc9d9-ddb5-4fa4-a97d-d965ccfc6d4b" outcome="Passed" testListId="8c84fa94-04c1-424b-9868-57a2d4851a1d" relativeResultsDirectory="ef740851-176a-4f82-b59e-749dddcbbaca" />
    <UnitTestResult executionId="9152d8fc-3b23-4174-93ac-7f61031f100e" testId="8d41df5f-f1c6-4e5d-8f3b-375138177010" testName="ToUri_Passing_InvalidValueString_Returns_DefaultValue (http://.)" computerName="PC-SFERRARI" duration="00:00:00.0000137" startTime="2022-12-28T13:20:06.5380376+01:00" endTime="2022-12-28T13:20:06.5382115+01:00" testType="13cdc9d9-ddb5-4fa4-a97d-d965ccfc6d4b" outcome="Passed" testListId="8c84fa94-04c1-424b-9868-57a2d4851a1d" relativeResultsDirectory="9152d8fc-3b23-4174-93ac-7f61031f100e" />
    <UnitTestResult executionId="aa800f20-1963-428e-9db5-22f5bb2baf7e" testId="ff7ef662-e411-47f8-bcd9-25a6c977744c" testName="ToUri_Passing_InvalidValueString_Returns_Null (http://##)" computerName="PC-SFERRARI" duration="00:00:00.0000102" startTime="2022-12-28T13:20:06.5367973+01:00" endTime="2022-12-28T13:20:06.5369365+01:00" testType="13cdc9d9-ddb5-4fa4-a97d-d965ccfc6d4b" outcome="Passed" testListId="8c84fa94-04c1-424b-9868-57a2d4851a1d" relativeResultsDirectory="aa800f20-1963-428e-9db5-22f5bb2baf7e" />
    <UnitTestResult executionId="c8b8d3db-5999-489b-8533-c97fd3981243" testId="49580918-fdf1-4158-bbe7-fb2d55601cba" testName="ToEnvironment_ServiceProvider_Passing_Development_Enviroment_Returns_Development_Name" computerName="PC-SFERRARI" duration="00:00:00.0004221" startTime="2022-12-28T13:20:06.3547800+01:00" endTime="2022-12-28T13:20:06.3552786+01:00" testType="13cdc9d9-ddb5-4fa4-a97d-d965ccfc6d4b" outcome="Passed" testListId="8c84fa94-04c1-424b-9868-57a2d4851a1d" relativeResultsDirectory="c8b8d3db-5999-489b-8533-c97fd3981243" />
    <UnitTestResult executionId="92476707-1a89-412b-bcde-d16b65553b69" testId="3cb8355d-08f8-45c0-84c5-2d3a43a1b92e" testName="ToUri_Passing_ValidValueString_Returns_Uri (http://j.mp)" computerName="PC-SFERRARI" duration="00:00:00.0000083" startTime="2022-12-28T13:20:06.5233573+01:00" endTime="2022-12-28T13:20:06.5235290+01:00" testType="13cdc9d9-ddb5-4fa4-a97d-d965ccfc6d4b" outcome="Passed" testListId="8c84fa94-04c1-424b-9868-57a2d4851a1d" relativeResultsDirectory="92476707-1a89-412b-bcde-d16b65553b69" />
    <UnitTestResult executionId="fe267e41-1772-4ab1-8257-c4e1e55d3304" testId="63d3a1e9-0c3a-43d0-bbe8-3093c1f65c9e" testName="ToUri_Passing_InvalidValueString_Returns_Null (http://)" computerName="PC-SFERRARI" duration="00:00:00.0002495" startTime="2022-12-28T13:20:06.5316255+01:00" endTime="2022-12-28T13:20:06.5320953+01:00" testType="13cdc9d9-ddb5-4fa4-a97d-d965ccfc6d4b" outcome="Passed" testListId="8c84fa94-04c1-424b-9868-57a2d4851a1d" relativeResultsDirectory="fe267e41-1772-4ab1-8257-c4e1e55d3304" />
    <UnitTestResult executionId="c74a2f6b-9a98-405d-8e7b-396b23b4b60c" testId="ccb19d41-7d34-4c12-a124-9e728f32e7cd" testName="ToConfiguration_Passing_Key_Values_Returns_Ok" computerName="PC-SFERRARI" duration="00:00:00.0014821" startTime="2022-12-28T13:20:06.3857689+01:00" endTime="2022-12-28T13:20:06.3874702+01:00" testType="13cdc9d9-ddb5-4fa4-a97d-d965ccfc6d4b" outcome="Passed" testListId="8c84fa94-04c1-424b-9868-57a2d4851a1d" relativeResultsDirectory="c74a2f6b-9a98-405d-8e7b-396b23b4b60c" />
    <UnitTestResult executionId="0f872a23-3c0f-481a-a6cb-19707ec8c62b" testId="45716e3a-78de-4480-94ec-4b99b53406f0" testName="CreateRandom_WithDefaultAllowableCharacters_Passing_ValidArguments_Returns_String_Random_Value (20)" computerName="PC-SFERRARI" duration="00:00:00.0000141" startTime="2022-12-28T13:20:06.6435052+01:00" endTime="2022-12-28T13:20:06.6436872+01:00" testType="13cdc9d9-ddb5-4fa4-a97d-d965ccfc6d4b" outcome="Passed" testListId="8c84fa94-04c1-424b-9868-57a2d4851a1d" relativeResultsDirectory="0f872a23-3c0f-481a-a6cb-19707ec8c62b" />
    <UnitTestResult executionId="ad472544-dab1-451f-b218-9b53edac8603" testId="c13ae19c-4ba7-4369-b3f6-e6a37c1af97d" testName="ToBytes_Passing_Object_Returns_Bytes" computerName="PC-SFERRARI" duration="00:00:00.0010229" startTime="2022-12-28T13:20:06.1241419+01:00" endTime="2022-12-28T13:20:06.1253011+01:00" testType="13cdc9d9-ddb5-4fa4-a97d-d965ccfc6d4b" outcome="Passed" testListId="8c84fa94-04c1-424b-9868-57a2d4851a1d" relativeResultsDirectory="ad472544-dab1-451f-b218-9b53edac8603" />
    <UnitTestResult executionId="cd86f3ec-6185-49fc-ba8d-acccff4c55cd" testId="d822f221-5d60-4615-a714-67bf0b5b4aab" testName="ResultErrorData_WithTitle_WithStatusCode_WithDetails_WithExceptionType_WithMessages_WithErrors" computerName="PC-SFERRARI" duration="00:00:00.0017467" startTime="2022-12-28T13:20:06.7083955+01:00" endTime="2022-12-28T13:20:06.7102428+01:00" testType="13cdc9d9-ddb5-4fa4-a97d-d965ccfc6d4b" outcome="Passed" testListId="8c84fa94-04c1-424b-9868-57a2d4851a1d" relativeResultsDirectory="cd86f3ec-6185-49fc-ba8d-acccff4c55cd" />
    <UnitTestResult executionId="0066ef5c-4487-4f5a-a2b4-8b7505179d19" testId="01cc3759-390b-4650-a238-1580d938dc2a" testName="ToFullMessage_Passing_ExceptionWithMessage_Returns_Message" computerName="PC-SFERRARI" duration="00:00:00.0006178" startTime="2022-12-28T13:20:06.0871420+01:00" endTime="2022-12-28T13:20:06.0880388+01:00" testType="13cdc9d9-ddb5-4fa4-a97d-d965ccfc6d4b" outcome="Passed" testListId="8c84fa94-04c1-424b-9868-57a2d4851a1d" relativeResultsDirectory="0066ef5c-4487-4f5a-a2b4-8b7505179d19" />
    <UnitTestResult executionId="2aed3ce7-e1fb-4130-84c2-a81d1e9c0035" testId="1ffbc2f1-2f53-4686-a788-cb8c790e8916" testName="ToUri_Passing_ValidValueString_Returns_Uri (http://a.b-c.de)" computerName="PC-SFERRARI" duration="00:00:00.0000094" startTime="2022-12-28T13:20:06.5284917+01:00" endTime="2022-12-28T13:20:06.5286658+01:00" testType="13cdc9d9-ddb5-4fa4-a97d-d965ccfc6d4b" outcome="Passed" testListId="8c84fa94-04c1-424b-9868-57a2d4851a1d" relativeResultsDirectory="2aed3ce7-e1fb-4130-84c2-a81d1e9c0035" />
    <UnitTestResult executionId="d539d6b6-b234-4241-8177-4f6efd302ea1" testId="1c426b9f-e16b-466a-b1de-e67f0418c7f9" testName="ToUri_Passing_InvalidValueString_Returns_Null (http://../)" computerName="PC-SFERRARI" duration="00:00:00.0000105" startTime="2022-12-28T13:20:06.5326237+01:00" endTime="2022-12-28T13:20:06.5327655+01:00" testType="13cdc9d9-ddb5-4fa4-a97d-d965ccfc6d4b" outcome="Passed" testListId="8c84fa94-04c1-424b-9868-57a2d4851a1d" relativeResultsDirectory="d539d6b6-b234-4241-8177-4f6efd302ea1" />
    <UnitTestResult executionId="f35b9d53-e4f9-4414-baa8-4ff476e206d6" testId="d85480cb-6367-4505-b2ae-89387c5055b4" testName="ToEmailMaskUserName_Passing_ValidEmail_Returns_EmailWithMask (qazwsx@gmail.com,q****x@gmail.com)" computerName="PC-SFERRARI" duration="00:00:00.0002709" startTime="2022-12-28T13:20:06.4874897+01:00" endTime="2022-12-28T13:20:06.4879815+01:00" testType="13cdc9d9-ddb5-4fa4-a97d-d965ccfc6d4b" outcome="Passed" testListId="8c84fa94-04c1-424b-9868-57a2d4851a1d" relativeResultsDirectory="f35b9d53-e4f9-4414-baa8-4ff476e206d6" />
    <UnitTestResult executionId="a81e28bf-e682-4560-a78e-f20891a799e2" testId="d63fff41-afe3-4825-9682-6cfceea9c8d7" testName="ToInt_Passing_InvalidValueString_Returns_Null (asdasdasdasd234324)" computerName="PC-SFERRARI" duration="00:00:00.0000117" startTime="2022-12-28T13:20:06.5566356+01:00" endTime="2022-12-28T13:20:06.5568719+01:00" testType="13cdc9d9-ddb5-4fa4-a97d-d965ccfc6d4b" outcome="Passed" testListId="8c84fa94-04c1-424b-9868-57a2d4851a1d" relativeResultsDirectory="a81e28bf-e682-4560-a78e-f20891a799e2" />
    <UnitTestResult executionId="e0255358-7abc-421c-b881-ebaf8ef5a3d4" testId="7d286f6c-1d54-4f82-95e7-0c80007f5a37" testName="ToUri_Passing_ValidValueString_Returns_Uri (https://foo.com/blah_blah?p=5)" computerName="PC-SFERRARI" duration="00:00:00.0000078" startTime="2022-12-28T13:20:06.5073971+01:00" endTime="2022-12-28T13:20:06.5075300+01:00" testType="13cdc9d9-ddb5-4fa4-a97d-d965ccfc6d4b" outcome="Passed" testListId="8c84fa94-04c1-424b-9868-57a2d4851a1d" relativeResultsDirectory="e0255358-7abc-421c-b881-ebaf8ef5a3d4" />
    <UnitTestResult executionId="d3c823ae-b2c2-4c83-99d5-7bd27d72d8dd" testId="aefdb726-40f6-44aa-9027-0733034a2e34" testName="ToUri_Passing_ValidValueString_Returns_Uri (http://➡.ws/䨹)" computerName="PC-SFERRARI" duration="00:00:00.0000639" startTime="2022-12-28T13:20:06.5178019+01:00" endTime="2022-12-28T13:20:06.5180420+01:00" testType="13cdc9d9-ddb5-4fa4-a97d-d965ccfc6d4b" outcome="Passed" testListId="8c84fa94-04c1-424b-9868-57a2d4851a1d" relativeResultsDirectory="d3c823ae-b2c2-4c83-99d5-7bd27d72d8dd" />
    <UnitTestResult executionId="532c102c-bc12-48d7-bfb9-df4f18700f9a" testId="b62124c3-d753-4f09-b1a2-40503039c223" testName="ToEnum_Passing_InvalidValueInt_Returns_EnumCustomValue" computerName="PC-SFERRARI" duration="00:00:00.0000896" startTime="2022-12-28T13:20:06.4625192+01:00" endTime="2022-12-28T13:20:06.4626990+01:00" testType="13cdc9d9-ddb5-4fa4-a97d-d965ccfc6d4b" outcome="Passed" testListId="8c84fa94-04c1-424b-9868-57a2d4851a1d" relativeResultsDirectory="532c102c-bc12-48d7-bfb9-df4f18700f9a" />
    <UnitTestResult executionId="8de7cfd0-d3eb-4dc5-88ea-1a17e49f0ded" testId="d8d4b112-7523-45c0-ab71-14179238f9c7" testName="ToIsAuthenticated_Passing_Claims_Returns_False" computerName="PC-SFERRARI" duration="00:00:00.0333646" startTime="2022-12-28T13:20:05.9492015+01:00" endTime="2022-12-28T13:20:05.9828278+01:00" testType="13cdc9d9-ddb5-4fa4-a97d-d965ccfc6d4b" outcome="Passed" testListId="8c84fa94-04c1-424b-9868-57a2d4851a1d" relativeResultsDirectory="8de7cfd0-d3eb-4dc5-88ea-1a17e49f0ded" />
    <UnitTestResult executionId="3457be67-b309-47db-b34d-ad341cd62f02" testId="fd43606d-43c3-4651-a28b-73a6fbf86e66" testName="ToDefaultValue_Passing_double_Returns_Cero (1,7976931348623157E+308)" computerName="PC-SFERRARI" duration="00:00:00.0003362" startTime="2022-12-28T13:20:06.1163006+01:00" endTime="2022-12-28T13:20:06.1172496+01:00" testType="13cdc9d9-ddb5-4fa4-a97d-d965ccfc6d4b" outcome="Passed" testListId="8c84fa94-04c1-424b-9868-57a2d4851a1d" relativeResultsDirectory="3457be67-b309-47db-b34d-ad341cd62f02" />
    <UnitTestResult executionId="82d18ad0-ac31-4990-b78e-128314d84a70" testId="4b62ee41-4ab9-403d-958c-09d7ee5d800a" testName="ToEmailMaskUserName_Passing_ValidEmail_Returns_EmailWithMask (qazwsxedc@gmailgmail.com,q*******c@gmailgmail.com)" computerName="PC-SFERRARI" duration="00:00:00.0000314" startTime="2022-12-28T13:20:06.4907315+01:00" endTime="2022-12-28T13:20:06.4909497+01:00" testType="13cdc9d9-ddb5-4fa4-a97d-d965ccfc6d4b" outcome="Passed" testListId="8c84fa94-04c1-424b-9868-57a2d4851a1d" relativeResultsDirectory="82d18ad0-ac31-4990-b78e-128314d84a70" />
    <UnitTestResult executionId="9e49fa5a-40a4-4cc1-b76c-77a9f00cf43a" testId="a5c1ef3e-be75-43c3-b96c-39985754dcf7" testName="ToEmailMaskUserNameAndDomainAndExtension_Passing_ValidEmail_Returns_EmailWithMask (qazwsx@gmailgmail.com,q****x@g********l.c*m)" computerName="PC-SFERRARI" duration="00:00:00.0000297" startTime="2022-12-28T13:20:06.4974753+01:00" endTime="2022-12-28T13:20:06.4976647+01:00" testType="13cdc9d9-ddb5-4fa4-a97d-d965ccfc6d4b" outcome="Passed" testListId="8c84fa94-04c1-424b-9868-57a2d4851a1d" relativeResultsDirectory="9e49fa5a-40a4-4cc1-b76c-77a9f00cf43a" />
    <UnitTestResult executionId="56a4d2a1-6a9d-4fb9-91e6-ad6d1df7a061" testId="2b04828c-ffd3-4bcb-8aef-937f88ad3784" testName="ToEmailMask_Passing_ValidEmail_Returns_EmailWithMask (qazwsxedc@gmailgmail.com,q-------c@g---------.com)" computerName="PC-SFERRARI" duration="00:00:00.0000191" startTime="2022-12-28T13:20:06.5040677+01:00" endTime="2022-12-28T13:20:06.5042182+01:00" testType="13cdc9d9-ddb5-4fa4-a97d-d965ccfc6d4b" outcome="Passed" testListId="8c84fa94-04c1-424b-9868-57a2d4851a1d" relativeResultsDirectory="56a4d2a1-6a9d-4fb9-91e6-ad6d1df7a061" />
    <UnitTestResult executionId="039b5da6-f4bd-4540-9efe-07741a564f53" testId="e2e826bc-0725-4311-adc6-b58a5afecceb" testName="ThrowIfNotSubdomain_Passing_InvalidValue_Returns_ApplicationExceptionWithMessage ()" computerName="PC-SFERRARI" duration="00:00:00.0000526" startTime="2022-12-28T13:20:06.6261008+01:00" endTime="2022-12-28T13:20:06.6262403+01:00" testType="13cdc9d9-ddb5-4fa4-a97d-d965ccfc6d4b" outcome="Passed" testListId="8c84fa94-04c1-424b-9868-57a2d4851a1d" relativeResultsDirectory="039b5da6-f4bd-4540-9efe-07741a564f53" />
    <UnitTestResult executionId="0e92e0cf-2be1-4d39-ba02-d82baf90b978" testId="e60dedf6-1788-485d-b56f-ee906632179a" testName="ToFirstLetterUpper_Passing_ValidValue_Returns_StringWithFirstLetterUpper (Aeiou,Aeiou)" computerName="PC-SFERRARI" duration="00:00:00.0000069" startTime="2022-12-28T13:20:06.4651185+01:00" endTime="2022-12-28T13:20:06.4652949+01:00" testType="13cdc9d9-ddb5-4fa4-a97d-d965ccfc6d4b" outcome="Passed" testListId="8c84fa94-04c1-424b-9868-57a2d4851a1d" relativeResultsDirectory="0e92e0cf-2be1-4d39-ba02-d82baf90b978" />
    <UnitTestResult executionId="eb30a9ff-f758-42a6-ac53-558c622993d4" testId="ac6a1d88-3f98-4f0f-8840-fd7b51c481d5" testName="ToHashAlgorithmName_Passing_ValidValueString_Returns_HashAlgorithmName (MD5)" computerName="PC-SFERRARI" duration="00:00:00.0032622" startTime="2022-12-28T13:20:06.5427553+01:00" endTime="2022-12-28T13:20:06.5461579+01:00" testType="13cdc9d9-ddb5-4fa4-a97d-d965ccfc6d4b" outcome="Passed" testListId="8c84fa94-04c1-424b-9868-57a2d4851a1d" relativeResultsDirectory="eb30a9ff-f758-42a6-ac53-558c622993d4" />
    <UnitTestResult executionId="070dd31d-b88f-4c91-b38d-2335b1447d09" testId="46f681ec-fc05-4318-bda6-1c9832d592c6" testName="ToUri_Passing_ValidValueString_Returns_Uri (http://⌘.ws)" computerName="PC-SFERRARI" duration="00:00:00.0000151" startTime="2022-12-28T13:20:06.5180876+01:00" endTime="2022-12-28T13:20:06.5182786+01:00" testType="13cdc9d9-ddb5-4fa4-a97d-d965ccfc6d4b" outcome="Passed" testListId="8c84fa94-04c1-424b-9868-57a2d4851a1d" relativeResultsDirectory="070dd31d-b88f-4c91-b38d-2335b1447d09" />
    <UnitTestResult executionId="bc7dea1c-bd7c-4dbc-a468-afaac593f1c3" testId="6fa1ca51-37e5-4340-925d-71cb9d70b3c2" testName="ToEnvironment_Passing_Development_Enviroment_Returns_Development_Name" computerName="PC-SFERRARI" duration="00:00:00.1216133" startTime="2022-12-28T13:20:05.7138254+01:00" endTime="2022-12-28T13:20:05.8357203+01:00" testType="13cdc9d9-ddb5-4fa4-a97d-d965ccfc6d4b" outcome="Passed" testListId="8c84fa94-04c1-424b-9868-57a2d4851a1d" relativeResultsDirectory="bc7dea1c-bd7c-4dbc-a468-afaac593f1c3" />
    <UnitTestResult executionId="23c14752-4cc8-4f87-b3f0-10c617fbfe91" testId="c22a715c-ab22-4ea9-aeb6-6470f965cc61" testName="ToRemove_Passing_ValidValue_Returns_ValueWithoutRemovedChars (aeiou,ei,aou)" computerName="PC-SFERRARI" duration="00:00:00.0000476" startTime="2022-12-28T13:20:06.4213773+01:00" endTime="2022-12-28T13:20:06.4261773+01:00" testType="13cdc9d9-ddb5-4fa4-a97d-d965ccfc6d4b" outcome="Passed" testListId="8c84fa94-04c1-424b-9868-57a2d4851a1d" relativeResultsDirectory="23c14752-4cc8-4f87-b3f0-10c617fbfe91" />
    <UnitTestResult executionId="88d841e0-80b1-43c9-94c3-ce9c2328edf4" testId="18971a08-1625-44bc-9480-3c71577b0e1e" testName="ToUri_Passing_ValidValueString_Returns_Uri (http://code.google.com/events/#&amp;product=browser)" computerName="PC-SFERRARI" duration="00:00:00.0000093" startTime="2022-12-28T13:20:06.5231236+01:00" endTime="2022-12-28T13:20:06.5233132+01:00" testType="13cdc9d9-ddb5-4fa4-a97d-d965ccfc6d4b" outcome="Passed" testListId="8c84fa94-04c1-424b-9868-57a2d4851a1d" relativeResultsDirectory="88d841e0-80b1-43c9-94c3-ce9c2328edf4" />
    <UnitTestResult executionId="2d092a65-be53-4e13-88e2-21ac731a7750" testId="1b4ad738-e635-46d4-bbed-8fd893c1c121" testName="ToUri_Passing_InvalidValueString_Returns_Null (http://##/)" computerName="PC-SFERRARI" duration="00:00:00.0000099" startTime="2022-12-28T13:20:06.5369786+01:00" endTime="2022-12-28T13:20:06.5371334+01:00" testType="13cdc9d9-ddb5-4fa4-a97d-d965ccfc6d4b" outcome="Passed" testListId="8c84fa94-04c1-424b-9868-57a2d4851a1d" relativeResultsDirectory="2d092a65-be53-4e13-88e2-21ac731a7750" />
    <UnitTestResult executionId="16152681-adf3-4522-8c16-7b23c3a4d16d" testId="17fe57ab-0788-40c8-bbb1-06b094d730fc" testName="ToPath_Passing_HttpRequest_Scheme_Host_Path_Returns_Url" computerName="PC-SFERRARI" duration="00:00:00.0016568" startTime="2022-12-28T13:20:06.1643853+01:00" endTime="2022-12-28T13:20:06.1661627+01:00" testType="13cdc9d9-ddb5-4fa4-a97d-d965ccfc6d4b" outcome="Passed" testListId="8c84fa94-04c1-424b-9868-57a2d4851a1d" relativeResultsDirectory="16152681-adf3-4522-8c16-7b23c3a4d16d" />
    <UnitTestResult executionId="98ca4a0e-1ca3-4064-b14c-4aebf0ab2a23" testId="8e6d5afc-3d61-4c36-8e10-9f2d11c0b38f" testName="ToSettings_Passing_Values_From_Memory_Returns_Settings" computerName="PC-SFERRARI" duration="00:00:00.0010533" startTime="2022-12-28T13:20:06.3928246+01:00" endTime="2022-12-28T13:20:06.3940193+01:00" testType="13cdc9d9-ddb5-4fa4-a97d-d965ccfc6d4b" outcome="Passed" testListId="8c84fa94-04c1-424b-9868-57a2d4851a1d" relativeResultsDirectory="98ca4a0e-1ca3-4064-b14c-4aebf0ab2a23" />
    <UnitTestResult executionId="1fa43e87-b8f5-4fd9-9281-25875661297b" testId="bcb3969f-ccac-48e5-9a02-7526ebdb53c8" testName="ToExists_Passing_Valid_Service_Returns_True" computerName="PC-SFERRARI" duration="00:00:00.0004392" startTime="2022-12-28T13:20:05.9037300+01:00" endTime="2022-12-28T13:20:05.9042958+01:00" testType="13cdc9d9-ddb5-4fa4-a97d-d965ccfc6d4b" outcome="Passed" testListId="8c84fa94-04c1-424b-9868-57a2d4851a1d" relativeResultsDirectory="1fa43e87-b8f5-4fd9-9281-25875661297b" />
    <UnitTestResult executionId="2d6450cd-4c74-4962-a112-656732e395f6" testId="78a34fda-5299-4fd9-a52b-abe79f9af86c" testName="ToReadOnly_Passing_Valid_Collection_Returns_Readonly_Collection" computerName="PC-SFERRARI" duration="00:00:00.0007593" startTime="2022-12-28T13:20:06.0770949+01:00" endTime="2022-12-28T13:20:06.0779681+01:00" testType="13cdc9d9-ddb5-4fa4-a97d-d965ccfc6d4b" outcome="Passed" testListId="8c84fa94-04c1-424b-9868-57a2d4851a1d" relativeResultsDirectory="2d6450cd-4c74-4962-a112-656732e395f6" />
    <UnitTestResult executionId="6cc8d4f6-f4ed-4b1b-8178-b77da9156983" testId="f218095e-4739-4f0b-b8cc-cf5f7c4eb072" testName="ToDetails_Passing_HttpContext_WithOptionalData_Returns_Details_HttpContext" computerName="PC-SFERRARI" duration="00:00:00.0012078" startTime="2022-12-28T13:20:06.1401264+01:00" endTime="2022-12-28T13:20:06.1414465+01:00" testType="13cdc9d9-ddb5-4fa4-a97d-d965ccfc6d4b" outcome="Passed" testListId="8c84fa94-04c1-424b-9868-57a2d4851a1d" relativeResultsDirectory="6cc8d4f6-f4ed-4b1b-8178-b77da9156983" />
    <UnitTestResult executionId="f6383bc3-3f20-4082-9aae-b74737880c2b" testId="c9d967d8-0e3c-4691-b383-45da4c7a56db" testName="ToRemove_Passing_ValidValue_Returns_ValueWithoutRemovedChars (hello hello , ,hellohello)" computerName="PC-SFERRARI" duration="00:00:00.0000288" startTime="2022-12-28T13:20:06.4158789+01:00" endTime="2022-12-28T13:20:06.4161326+01:00" testType="13cdc9d9-ddb5-4fa4-a97d-d965ccfc6d4b" outcome="Passed" testListId="8c84fa94-04c1-424b-9868-57a2d4851a1d" relativeResultsDirectory="f6383bc3-3f20-4082-9aae-b74737880c2b" />
    <UnitTestResult executionId="3370670e-c8b3-4e33-a388-ddb71c589ed3" testId="48752557-42a5-4129-a339-647ae7462455" testName="ToNormalize_Passing_ValidValue_Returns_NormalizedValue (Åge,Age)" computerName="PC-SFERRARI" duration="00:00:00.0000387" startTime="2022-12-28T13:20:06.4504603+01:00" endTime="2022-12-28T13:20:06.4506560+01:00" testType="13cdc9d9-ddb5-4fa4-a97d-d965ccfc6d4b" outcome="Passed" testListId="8c84fa94-04c1-424b-9868-57a2d4851a1d" relativeResultsDirectory="3370670e-c8b3-4e33-a388-ddb71c589ed3" />
    <UnitTestResult executionId="fa29509e-f822-4935-9a50-04fb45c70327" testId="39d4a4a5-2537-4c26-a7c6-d92a159d6769" testName="ToHashAlgorithmName_Passing_InvalidValueStringWithDefaultValue_Returns_DefaultValue (hhhhhh)" computerName="PC-SFERRARI" duration="00:00:00.0001297" startTime="2022-12-28T13:20:06.5507117+01:00" endTime="2022-12-28T13:20:06.5510052+01:00" testType="13cdc9d9-ddb5-4fa4-a97d-d965ccfc6d4b" outcome="Passed" testListId="8c84fa94-04c1-424b-9868-57a2d4851a1d" relativeResultsDirectory="fa29509e-f822-4935-9a50-04fb45c70327" />
    <UnitTestResult executionId="b07871ef-69bc-416e-a0ed-3b409bcc277a" testId="00394bf4-2d41-48cf-b94c-1795756b7f77" testName="CreateSHA512_Passing_Invalid_Arguments_Returns_ApplicationException ()" computerName="PC-SFERRARI" duration="00:00:00.0003465" startTime="2022-12-28T13:20:06.6588121+01:00" endTime="2022-12-28T13:20:06.6593257+01:00" testType="13cdc9d9-ddb5-4fa4-a97d-d965ccfc6d4b" outcome="Passed" testListId="8c84fa94-04c1-424b-9868-57a2d4851a1d" relativeResultsDirectory="b07871ef-69bc-416e-a0ed-3b409bcc277a" />
    <UnitTestResult executionId="9774c379-f2be-493c-a0b5-159591841a5c" testId="0963ed8d-75f8-46ac-89b3-055ccc12eb53" testName="ToList_Passing_ValidEnumTypeWithSelectedValue_Returns_ValuesList" computerName="PC-SFERRARI" duration="00:00:00.0004787" startTime="2022-12-28T13:20:06.6353050+01:00" endTime="2022-12-28T13:20:06.6359260+01:00" testType="13cdc9d9-ddb5-4fa4-a97d-d965ccfc6d4b" outcome="Passed" testListId="8c84fa94-04c1-424b-9868-57a2d4851a1d" relativeResultsDirectory="9774c379-f2be-493c-a0b5-159591841a5c" />
    <UnitTestResult executionId="ce88170d-4c24-438f-85e8-8d5b4de5fa90" testId="5e359190-97ed-48ed-8565-d4dbb493d0e4" testName="ToFormat_Passing_ValidValueFormatWithArguments_Returns_ValueWithFormat" computerName="PC-SFERRARI" duration="00:00:00.0004417" startTime="2022-12-28T13:20:06.5972562+01:00" endTime="2022-12-28T13:20:06.5978851+01:00" testType="13cdc9d9-ddb5-4fa4-a97d-d965ccfc6d4b" outcome="Passed" testListId="8c84fa94-04c1-424b-9868-57a2d4851a1d" relativeResultsDirectory="ce88170d-4c24-438f-85e8-8d5b4de5fa90" />
    <UnitTestResult executionId="f9deefad-5809-4e2c-807b-9fc3402377b2" testId="560c01b7-c3e6-4aa6-8b05-b8248e3f7656" testName="ToContentType_Passing_ValidValueString_Returns_ContentType (xxxx.json,application/json)" computerName="PC-SFERRARI" duration="00:00:00.0003894" startTime="2022-12-28T13:20:06.5609359+01:00" endTime="2022-12-28T13:20:06.5618358+01:00" testType="13cdc9d9-ddb5-4fa4-a97d-d965ccfc6d4b" outcome="Passed" testListId="8c84fa94-04c1-424b-9868-57a2d4851a1d" relativeResultsDirectory="f9deefad-5809-4e2c-807b-9fc3402377b2" />
    <UnitTestResult executionId="73fc126e-6420-410c-b8c4-5cfccc1e4d22" testId="ff871903-106b-4b89-bb9c-9338c21c54a5" testName="ToUri_Passing_ValidValueString_Returns_Uri (http://foo.com/unicode_(✪)_in_parens)" computerName="PC-SFERRARI" duration="00:00:00.0000441" startTime="2022-12-28T13:20:06.5222100+01:00" endTime="2022-12-28T13:20:06.5225581+01:00" testType="13cdc9d9-ddb5-4fa4-a97d-d965ccfc6d4b" outcome="Passed" testListId="8c84fa94-04c1-424b-9868-57a2d4851a1d" relativeResultsDirectory="73fc126e-6420-410c-b8c4-5cfccc1e4d22" />
    <UnitTestResult executionId="4e4fa9df-44ea-4f7a-b052-61408f48f897" testId="23b6a533-f873-4dac-974c-e2f1a4500c1f" testName="ToUri_Passing_ValidValueString_Returns_Uri (//foo.com/blah_blah/)" computerName="PC-SFERRARI" duration="00:00:00.0000048" startTime="2022-12-28T13:20:06.5078332+01:00" endTime="2022-12-28T13:20:06.5079347+01:00" testType="13cdc9d9-ddb5-4fa4-a97d-d965ccfc6d4b" outcome="Passed" testListId="8c84fa94-04c1-424b-9868-57a2d4851a1d" relativeResultsDirectory="4e4fa9df-44ea-4f7a-b052-61408f48f897" />
    <UnitTestResult executionId="133ffe7d-86d5-4cd1-a0d7-c67835e114ce" testId="263584c9-7077-4a7e-9463-fe05390667ed" testName="ToUri_Passing_ValidValueString_Returns_Uri (http://userid:password@example.com)" computerName="PC-SFERRARI" duration="00:00:00.0000245" startTime="2022-12-28T13:20:06.5168512+01:00" endTime="2022-12-28T13:20:06.5170857+01:00" testType="13cdc9d9-ddb5-4fa4-a97d-d965ccfc6d4b" outcome="Passed" testListId="8c84fa94-04c1-424b-9868-57a2d4851a1d" relativeResultsDirectory="133ffe7d-86d5-4cd1-a0d7-c67835e114ce" />
    <UnitTestResult executionId="6c443518-00b0-4244-82f7-7147877e0229" testId="d4599c61-b7f7-48d3-81f8-c806ee6bc815" testName="CreateRandom_WithDefaultAllowableCharacters_Passing_ValidArguments_Returns_String_Random_Value (5)" computerName="PC-SFERRARI" duration="00:00:00.0014454" startTime="2022-12-28T13:20:06.6376719+01:00" endTime="2022-12-28T13:20:06.6393574+01:00" testType="13cdc9d9-ddb5-4fa4-a97d-d965ccfc6d4b" outcome="Passed" testListId="8c84fa94-04c1-424b-9868-57a2d4851a1d" relativeResultsDirectory="6c443518-00b0-4244-82f7-7147877e0229" />
    <UnitTestResult executionId="f595e6a5-f7cc-407f-992a-a413a12d5620" testId="2233c7bc-b714-4e0f-9bd4-690b8ba934f4" testName="ToEmailMaskUserName_Passing_ValidEmail_Returns_EmailWithMask (qaz@gmail.com,q*z@gmail.com)" computerName="PC-SFERRARI" duration="00:00:00.0043270" startTime="2022-12-28T13:20:06.4829550+01:00" endTime="2022-12-28T13:20:06.4874161+01:00" testType="13cdc9d9-ddb5-4fa4-a97d-d965ccfc6d4b" outcome="Passed" testListId="8c84fa94-04c1-424b-9868-57a2d4851a1d" relativeResultsDirectory="f595e6a5-f7cc-407f-992a-a413a12d5620" />
    <UnitTestResult executionId="b551fc44-d782-4c4c-bc9a-4a2176668982" testId="dfcaa9f6-5ab8-4980-a98e-48fb1a20ce68" testName="ToYesterday_Passing_DateTime_Returns_Yesterday_DateTime" computerName="PC-SFERRARI" duration="00:00:00.0002056" startTime="2022-12-28T13:20:06.0690569+01:00" endTime="2022-12-28T13:20:06.0693778+01:00" testType="13cdc9d9-ddb5-4fa4-a97d-d965ccfc6d4b" outcome="Passed" testListId="8c84fa94-04c1-424b-9868-57a2d4851a1d" relativeResultsDirectory="b551fc44-d782-4c4c-bc9a-4a2176668982" />
    <UnitTestResult executionId="95107f74-e169-4f1c-906b-bf893408c330" testId="63738e0c-51c9-4df3-b947-6a088286abe5" testName="ToGet_Passing_Claims_Returns_Claim_Value_String" computerName="PC-SFERRARI" duration="00:00:00.0005470" startTime="2022-12-28T13:20:06.0219462+01:00" endTime="2022-12-28T13:20:06.0226363+01:00" testType="13cdc9d9-ddb5-4fa4-a97d-d965ccfc6d4b" outcome="Passed" testListId="8c84fa94-04c1-424b-9868-57a2d4851a1d" relativeResultsDirectory="95107f74-e169-4f1c-906b-bf893408c330" />
    <UnitTestResult executionId="5bdf7a00-fc37-4294-a22d-ce7a20b988ee" testId="6bce6d5f-a857-44a6-ab62-4f3f84bab92f" testName="ToNormalize_Passing_ValidValue_Returns_NormalizedValue (Malmö,Malmo)" computerName="PC-SFERRARI" duration="00:00:00.0000435" startTime="2022-12-28T13:20:06.4499465+01:00" endTime="2022-12-28T13:20:06.4501583+01:00" testType="13cdc9d9-ddb5-4fa4-a97d-d965ccfc6d4b" outcome="Passed" testListId="8c84fa94-04c1-424b-9868-57a2d4851a1d" relativeResultsDirectory="5bdf7a00-fc37-4294-a22d-ce7a20b988ee" />
    <UnitTestResult executionId="5aa3c7e0-8da9-4690-b616-08fe8299a482" testId="93e20665-5404-4ff0-949a-dba96a764f08" testName="ToReplace_Passing_ValidValue_Returns_ReplacedValue (aeiou,*,0,3,***ou)" computerName="PC-SFERRARI" duration="00:00:00.0000188" startTime="2022-12-28T13:20:06.4290507+01:00" endTime="2022-12-28T13:20:06.4294972+01:00" testType="13cdc9d9-ddb5-4fa4-a97d-d965ccfc6d4b" outcome="Passed" testListId="8c84fa94-04c1-424b-9868-57a2d4851a1d" relativeResultsDirectory="5aa3c7e0-8da9-4690-b616-08fe8299a482" />
    <UnitTestResult executionId="97699d41-b79f-4312-9677-52cfd8fecf15" testId="ebc01ef9-e8c8-4df2-a1a8-f4763cae42b2" testName="ToIPv6_Passing_HttpContext_IP_Value_Returns_IP" computerName="PC-SFERRARI" duration="00:00:00.0011277" startTime="2022-12-28T13:20:06.1262753+01:00" endTime="2022-12-28T13:20:06.1276233+01:00" testType="13cdc9d9-ddb5-4fa4-a97d-d965ccfc6d4b" outcome="Passed" testListId="8c84fa94-04c1-424b-9868-57a2d4851a1d" relativeResultsDirectory="97699d41-b79f-4312-9677-52cfd8fecf15" />
    <UnitTestResult executionId="f1dd7459-6dcc-4503-8854-a2264ea4f6f3" testId="b4556c83-98c4-4ed7-bde9-3228f833c5b7" testName="ResultDataBadRequest_WithErrors_Value" computerName="PC-SFERRARI" duration="00:00:00.0003818" startTime="2022-12-28T13:20:06.6998033+01:00" endTime="2022-12-28T13:20:06.7002691+01:00" testType="13cdc9d9-ddb5-4fa4-a97d-d965ccfc6d4b" outcome="Passed" testListId="8c84fa94-04c1-424b-9868-57a2d4851a1d" relativeResultsDirectory="f1dd7459-6dcc-4503-8854-a2264ea4f6f3" />
    <UnitTestResult executionId="e48679ba-2f80-4f10-b6c9-c389b8d55650" testId="560134fb-3894-494f-8a82-55314e52ccf1" testName="ToNormalize_Passing_ValidValue_Returns_NormalizedValue (Autobús,Autobus)" computerName="PC-SFERRARI" duration="00:00:00.0000533" startTime="2022-12-28T13:20:06.4541692+01:00" endTime="2022-12-28T13:20:06.4544223+01:00" testType="13cdc9d9-ddb5-4fa4-a97d-d965ccfc6d4b" outcome="Passed" testListId="8c84fa94-04c1-424b-9868-57a2d4851a1d" relativeResultsDirectory="e48679ba-2f80-4f10-b6c9-c389b8d55650" />
    <UnitTestResult executionId="19127af1-1d00-4c52-9c01-f6cca8aac7c7" testId="6b913f6f-53da-45f0-b349-8ba15ef48f9e" testName="CreateAndVerifySHA512_Passing_Valid_Arguments_Returns_True (sdlfkjldsfksdfñl·%$·&amp;$/U&amp;/)(&amp;()?=)¿?^P*^PÑL,.,.lñ´ñ+98098'098098)" computerName="PC-SFERRARI" duration="00:00:00.0000312" startTime="2022-12-28T13:20:06.6605640+01:00" endTime="2022-12-28T13:20:06.6607068+01:00" testType="13cdc9d9-ddb5-4fa4-a97d-d965ccfc6d4b" outcome="Passed" testListId="8c84fa94-04c1-424b-9868-57a2d4851a1d" relativeResultsDirectory="19127af1-1d00-4c52-9c01-f6cca8aac7c7" />
    <UnitTestResult executionId="1426903d-2c20-4280-b189-ee188bf9509a" testId="cc3ea436-9e9b-41ed-b919-58f95a8314a9" testName="ToFirstLetterUpper_Passing_ValidValue_Returns_StringWithFirstLetterUpper (aeiou,Aeiou)" computerName="PC-SFERRARI" duration="00:00:00.0001440" startTime="2022-12-28T13:20:06.4627503+01:00" endTime="2022-12-28T13:20:06.4637080+01:00" testType="13cdc9d9-ddb5-4fa4-a97d-d965ccfc6d4b" outcome="Passed" testListId="8c84fa94-04c1-424b-9868-57a2d4851a1d" relativeResultsDirectory="1426903d-2c20-4280-b189-ee188bf9509a" />
    <UnitTestResult executionId="1b421126-d6ad-4cb8-a23c-aea3a15bbe6a" testId="0e4c9330-8390-48fc-8031-45301a9b9ae2" testName="ToEmailMaskUserNameAndDomain_Passing_ValidEmail_Returns_EmailWithMask (qazwsxedc@gmail.com,q*******c@g***l.com)" computerName="PC-SFERRARI" duration="00:00:00.0000244" startTime="2022-12-28T13:20:06.4919701+01:00" endTime="2022-12-28T13:20:06.4921538+01:00" testType="13cdc9d9-ddb5-4fa4-a97d-d965ccfc6d4b" outcome="Passed" testListId="8c84fa94-04c1-424b-9868-57a2d4851a1d" relativeResultsDirectory="1b421126-d6ad-4cb8-a23c-aea3a15bbe6a" />
    <UnitTestResult executionId="8bd09d68-26d5-4bdf-8aac-82b3755fb928" testId="53ab2176-6e4d-4407-a836-7da4f6dc8a1d" testName="CreateRandom_WithDefaultAllowableCharacters_Passing_ValidArguments_Returns_String_Random_Value (10)" computerName="PC-SFERRARI" duration="00:00:00.0004218" startTime="2022-12-28T13:20:06.6426804+01:00" endTime="2022-12-28T13:20:06.6434299+01:00" testType="13cdc9d9-ddb5-4fa4-a97d-d965ccfc6d4b" outcome="Passed" testListId="8c84fa94-04c1-424b-9868-57a2d4851a1d" relativeResultsDirectory="8bd09d68-26d5-4bdf-8aac-82b3755fb928" />
    <UnitTestResult executionId="154a74bd-e9cd-42ea-9fa2-6b16b06f67a7" testId="96ed00e2-c2a7-44d2-9bfe-f5c859c6176f" testName="ToUri_Passing_ValidValueString_Returns_Uri (http://userid@example.com:8080)" computerName="PC-SFERRARI" duration="00:00:00.0000086" startTime="2022-12-28T13:20:06.5131911+01:00" endTime="2022-12-28T13:20:06.5133682+01:00" testType="13cdc9d9-ddb5-4fa4-a97d-d965ccfc6d4b" outcome="Passed" testListId="8c84fa94-04c1-424b-9868-57a2d4851a1d" relativeResultsDirectory="154a74bd-e9cd-42ea-9fa2-6b16b06f67a7" />
    <UnitTestResult executionId="9b947451-a62b-4f4c-a585-e7e463f03843" testId="feb238e2-6c41-44db-b8b8-9c30e913e9b6" testName="ToNormalize_Passing_ValidValue_Returns_NormalizedValue (Ç,C)" computerName="PC-SFERRARI" duration="00:00:00.0000987" startTime="2022-12-28T13:20:06.4485049+01:00" endTime="2022-12-28T13:20:06.4490219+01:00" testType="13cdc9d9-ddb5-4fa4-a97d-d965ccfc6d4b" outcome="Passed" testListId="8c84fa94-04c1-424b-9868-57a2d4851a1d" relativeResultsDirectory="9b947451-a62b-4f4c-a585-e7e463f03843" />
    <UnitTestResult executionId="4f281a92-f81b-47b2-a72d-6d6f8985f29a" testId="7e874b62-87aa-4b21-ac8f-6709c55f51ff" testName="ToList_Passing_ValidEnumTypeWithSelectedValueWithResourceType_Returns_ValuesList" computerName="PC-SFERRARI" duration="00:00:00.0004410" startTime="2022-12-28T13:20:06.6371041+01:00" endTime="2022-12-28T13:20:06.6376314+01:00" testType="13cdc9d9-ddb5-4fa4-a97d-d965ccfc6d4b" outcome="Passed" testListId="8c84fa94-04c1-424b-9868-57a2d4851a1d" relativeResultsDirectory="4f281a92-f81b-47b2-a72d-6d6f8985f29a" />
    <UnitTestResult executionId="c088f166-4ed5-4673-825d-a6a387ad7221" testId="b602fdb5-8e8f-4aaa-a2a9-c4bc4bab6a56" testName="ToFirstLetterLower_Passing_ValidValue_Returns_StringWithFirstLetterLower (Aeiou,aeiou)" computerName="PC-SFERRARI" duration="00:00:00.0000047" startTime="2022-12-28T13:20:06.4828256+01:00" endTime="2022-12-28T13:20:06.4829262+01:00" testType="13cdc9d9-ddb5-4fa4-a97d-d965ccfc6d4b" outcome="Passed" testListId="8c84fa94-04c1-424b-9868-57a2d4851a1d" relativeResultsDirectory="c088f166-4ed5-4673-825d-a6a387ad7221" />
    <UnitTestResult executionId="475f8e7d-8a82-459b-a2b0-6c0a87a3b36d" testId="77066aef-2f05-4efa-96d2-6da7e45f2ce9" testName="ToUri_Passing_ValidValueString_Returns_Uri (http://☺.damowmow.com/)" computerName="PC-SFERRARI" duration="00:00:00.0000193" startTime="2022-12-28T13:20:06.5228723+01:00" endTime="2022-12-28T13:20:06.5230789+01:00" testType="13cdc9d9-ddb5-4fa4-a97d-d965ccfc6d4b" outcome="Passed" testListId="8c84fa94-04c1-424b-9868-57a2d4851a1d" relativeResultsDirectory="475f8e7d-8a82-459b-a2b0-6c0a87a3b36d" />
    <UnitTestResult executionId="f49aa41e-e419-4515-907e-0e25bd12b50b" testId="269d8ccc-d0f7-4a98-a6bf-c4ba414d2ee6" testName="ToEmailMaskUserNameAndDomain_Passing_ValidEmail_Returns_EmailWithMask (qazwsx@gmail.com,q****x@g***l.com)" computerName="PC-SFERRARI" duration="00:00:00.0002242" startTime="2022-12-28T13:20:06.4915607+01:00" endTime="2022-12-28T13:20:06.4919248+01:00" testType="13cdc9d9-ddb5-4fa4-a97d-d965ccfc6d4b" outcome="Passed" testListId="8c84fa94-04c1-424b-9868-57a2d4851a1d" relativeResultsDirectory="f49aa41e-e419-4515-907e-0e25bd12b50b" />
    <UnitTestResult executionId="da652023-6097-4e73-8f19-faee3514e064" testId="3f44cec3-2e89-41fa-a1eb-5b298431de54" testName="ToEnvironment_ServiceCollection_Passing_Custom_Enviroment_Returns_Custom_Name" computerName="PC-SFERRARI" duration="00:00:00.0003872" startTime="2022-12-28T13:20:06.3542534+01:00" endTime="2022-12-28T13:20:06.3547246+01:00" testType="13cdc9d9-ddb5-4fa4-a97d-d965ccfc6d4b" outcome="Passed" testListId="8c84fa94-04c1-424b-9868-57a2d4851a1d" relativeResultsDirectory="da652023-6097-4e73-8f19-faee3514e064" />
    <UnitTestResult executionId="543019e5-1ca3-404e-a58f-bcd7b3cf0652" testId="7cb7693a-a943-4a8d-a004-193338aa7018" testName="ToContentType_Passing_ValidValueString_Returns_ContentType (xxxx.html,text/html)" computerName="PC-SFERRARI" duration="00:00:00.0000595" startTime="2022-12-28T13:20:06.5661584+01:00" endTime="2022-12-28T13:20:06.5664731+01:00" testType="13cdc9d9-ddb5-4fa4-a97d-d965ccfc6d4b" outcome="Passed" testListId="8c84fa94-04c1-424b-9868-57a2d4851a1d" relativeResultsDirectory="543019e5-1ca3-404e-a58f-bcd7b3cf0652" />
    <UnitTestResult executionId="f154015c-310b-44ad-aa07-6c40e6337d93" testId="98d24f85-9f74-4c32-b1ef-d3a6ab0344dc" testName="ToService_Passing_Valid_Service_Returns_Service" computerName="PC-SFERRARI" duration="00:00:00.0003192" startTime="2022-12-28T13:20:06.3561241+01:00" endTime="2022-12-28T13:20:06.3565035+01:00" testType="13cdc9d9-ddb5-4fa4-a97d-d965ccfc6d4b" outcome="Passed" testListId="8c84fa94-04c1-424b-9868-57a2d4851a1d" relativeResultsDirectory="f154015c-310b-44ad-aa07-6c40e6337d93" />
    <UnitTestResult executionId="ca2f4eb4-2fbb-4c99-8f43-f2cb3067f6e1" testId="de1a62e9-ef14-4dc0-bb92-8c219356c63b" testName="ToRemove_Passing_ValidValue_Returns_ValueWithoutRemovedChars (aeiou,aeiou,)" computerName="PC-SFERRARI" duration="00:00:00.0000189" startTime="2022-12-28T13:20:06.4208498+01:00" endTime="2022-12-28T13:20:06.4210621+01:00" testType="13cdc9d9-ddb5-4fa4-a97d-d965ccfc6d4b" outcome="Passed" testListId="8c84fa94-04c1-424b-9868-57a2d4851a1d" relativeResultsDirectory="ca2f4eb4-2fbb-4c99-8f43-f2cb3067f6e1" />
    <UnitTestResult executionId="7bdfd7d9-fdba-4356-9b36-d371e87d392f" testId="d1c145cc-2e61-4bd1-b369-d22ad846aaf6" testName="ToServiceMatchingClass_Passing_Empties_Assemblies_Returns_ApplicationException" computerName="PC-SFERRARI" duration="00:00:00.0005448" startTime="2022-12-28T13:20:06.3728044+01:00" endTime="2022-12-28T13:20:06.3734535+01:00" testType="13cdc9d9-ddb5-4fa4-a97d-d965ccfc6d4b" outcome="Passed" testListId="8c84fa94-04c1-424b-9868-57a2d4851a1d" relativeResultsDirectory="7bdfd7d9-fdba-4356-9b36-d371e87d392f" />
    <UnitTestResult executionId="3ae8215b-b1e3-44cb-add4-85827574f0a2" testId="6bdce4bc-98c7-43c4-962d-887f311d3cef" testName="ToFirstLetterUpper_Passing_ValidValue_Returns_StringWithFirstLetterUpper (aEIOU,AEIOU)" computerName="PC-SFERRARI" duration="00:00:00.0002715" startTime="2022-12-28T13:20:06.4638144+01:00" endTime="2022-12-28T13:20:06.4644429+01:00" testType="13cdc9d9-ddb5-4fa4-a97d-d965ccfc6d4b" outcome="Passed" testListId="8c84fa94-04c1-424b-9868-57a2d4851a1d" relativeResultsDirectory="3ae8215b-b1e3-44cb-add4-85827574f0a2" />
    <UnitTestResult executionId="eaf96f03-6cd7-4d5b-8f91-9cc592e11810" testId="eb8e2d5a-315f-4047-9c62-35fb0bb1dd9c" testName="ToFirstLetterUpper_Passing_ValidValue_Returns_StringWithFirstLetterUpper (AEIOU,AEIOU)" computerName="PC-SFERRARI" duration="00:00:00.0000082" startTime="2022-12-28T13:20:06.4648684+01:00" endTime="2022-12-28T13:20:06.4650704+01:00" testType="13cdc9d9-ddb5-4fa4-a97d-d965ccfc6d4b" outcome="Passed" testListId="8c84fa94-04c1-424b-9868-57a2d4851a1d" relativeResultsDirectory="eaf96f03-6cd7-4d5b-8f91-9cc592e11810" />
    <UnitTestResult executionId="bc2a96b0-6adc-415e-986c-a3a0cec22cbc" testId="6292a5f9-2a08-4f90-8c0d-761eb91e266e" testName="ToNormalize_Passing_ValidValue_Returns_NormalizedValue (ÀÁÄÂÃ,AAAAA)" computerName="PC-SFERRARI" duration="00:00:00.0000296" startTime="2022-12-28T13:20:06.4431018+01:00" endTime="2022-12-28T13:20:06.4432413+01:00" testType="13cdc9d9-ddb5-4fa4-a97d-d965ccfc6d4b" outcome="Passed" testListId="8c84fa94-04c1-424b-9868-57a2d4851a1d" relativeResultsDirectory="bc2a96b0-6adc-415e-986c-a3a0cec22cbc" />
    <UnitTestResult executionId="1096fe4d-8f76-4066-af92-9776d327d104" testId="00ae02ec-15f3-4db3-8527-bad551d80851" testName="ToNormalize_Passing_ValidValue_Returns_NormalizedValue ( àáäâ ãøçħ ,aaaa aoch)" computerName="PC-SFERRARI" duration="00:00:00.0000545" startTime="2022-12-28T13:20:06.4422974+01:00" endTime="2022-12-28T13:20:06.4424981+01:00" testType="13cdc9d9-ddb5-4fa4-a97d-d965ccfc6d4b" outcome="Passed" testListId="8c84fa94-04c1-424b-9868-57a2d4851a1d" relativeResultsDirectory="1096fe4d-8f76-4066-af92-9776d327d104" />
    <UnitTestResult executionId="fa5f438c-6124-4e2c-b597-3d9f2e2851bf" testId="15a7d82c-2def-4ec9-92d4-6d53b4c460ee" testName="IsNullOrAny_Passing_InvalidValue_Returns_True" computerName="PC-SFERRARI" duration="00:00:00.0001236" startTime="2022-12-28T13:20:06.6149800+01:00" endTime="2022-12-28T13:20:06.6152021+01:00" testType="13cdc9d9-ddb5-4fa4-a97d-d965ccfc6d4b" outcome="Passed" testListId="8c84fa94-04c1-424b-9868-57a2d4851a1d" relativeResultsDirectory="fa5f438c-6124-4e2c-b597-3d9f2e2851bf" />
    <UnitTestResult executionId="d697f3aa-849f-4a81-a491-a92f3a5a6400" testId="f02cf537-dbbd-42f7-970a-05732f54115c" testName="ToDefaultValue_Passing_ValidBoolean_Returns_DefaultValue" computerName="PC-SFERRARI" duration="00:00:00.0001197" startTime="2022-12-28T13:20:06.6101149+01:00" endTime="2022-12-28T13:20:06.6103177+01:00" testType="13cdc9d9-ddb5-4fa4-a97d-d965ccfc6d4b" outcome="Passed" testListId="8c84fa94-04c1-424b-9868-57a2d4851a1d" relativeResultsDirectory="d697f3aa-849f-4a81-a491-a92f3a5a6400" />
    <UnitTestResult executionId="7f0bafc7-b1bc-40ef-89ca-9de6ad18dd4c" testId="c5b4f4cb-6f7b-4d1b-a57b-15569d8d466e" testName="ToEnum_Passing_InvalidValueInt_Returns_EnumDefaultValue" computerName="PC-SFERRARI" duration="00:00:00.0001649" startTime="2022-12-28T13:20:06.4621917+01:00" endTime="2022-12-28T13:20:06.4624693+01:00" testType="13cdc9d9-ddb5-4fa4-a97d-d965ccfc6d4b" outcome="Passed" testListId="8c84fa94-04c1-424b-9868-57a2d4851a1d" relativeResultsDirectory="7f0bafc7-b1bc-40ef-89ca-9de6ad18dd4c" />
    <UnitTestResult executionId="bdc0d8c5-79e8-4234-909a-45cf57664c9b" testId="75d7a58f-0cb2-41cd-8b93-63befc85a333" testName="ToNormalize_Passing_ValidValue_Returns_NormalizedValue (Kulħadd,Kulhadd)" computerName="PC-SFERRARI" duration="00:00:00.0000387" startTime="2022-12-28T13:20:06.4509422+01:00" endTime="2022-12-28T13:20:06.4511451+01:00" testType="13cdc9d9-ddb5-4fa4-a97d-d965ccfc6d4b" outcome="Passed" testListId="8c84fa94-04c1-424b-9868-57a2d4851a1d" relativeResultsDirectory="bdc0d8c5-79e8-4234-909a-45cf57664c9b" />
    <UnitTestResult executionId="de60a816-3750-4321-92a7-b79e9179e193" testId="1376a25b-1381-4064-8f49-ffd0d9757285" testName="ToDetails_Passing_HttpContext_Returns_Details_HttpContext" computerName="PC-SFERRARI" duration="00:00:00.0112116" startTime="2022-12-28T13:20:06.1287017+01:00" endTime="2022-12-28T13:20:06.1400494+01:00" testType="13cdc9d9-ddb5-4fa4-a97d-d965ccfc6d4b" outcome="Passed" testListId="8c84fa94-04c1-424b-9868-57a2d4851a1d" relativeResultsDirectory="de60a816-3750-4321-92a7-b79e9179e193" />
    <UnitTestResult executionId="7c5e6345-9b74-404f-83dd-d602a11e7f38" testId="144d17f0-894e-430a-8f3c-03250e5cc990" testName="ToCompress_Passing_Object_Bytes_Returns_Object" computerName="PC-SFERRARI" duration="00:00:00.0076803" startTime="2022-12-28T13:20:05.9412904+01:00" endTime="2022-12-28T13:20:05.9491246+01:00" testType="13cdc9d9-ddb5-4fa4-a97d-d965ccfc6d4b" outcome="Passed" testListId="8c84fa94-04c1-424b-9868-57a2d4851a1d" relativeResultsDirectory="7c5e6345-9b74-404f-83dd-d602a11e7f38" />
    <UnitTestResult executionId="016ae42d-121b-4bb2-824f-9fdf52296e09" testId="98d78390-d352-4390-bdd3-f9f42168652f" testName="ToAuthenticationType_Passing_Claims_Returns_AuthenticationType_Name" computerName="PC-SFERRARI" duration="00:00:00.0005252" startTime="2022-12-28T13:20:06.0148574+01:00" endTime="2022-12-28T13:20:06.0154510+01:00" testType="13cdc9d9-ddb5-4fa4-a97d-d965ccfc6d4b" outcome="Passed" testListId="8c84fa94-04c1-424b-9868-57a2d4851a1d" relativeResultsDirectory="016ae42d-121b-4bb2-824f-9fdf52296e09" />
    <UnitTestResult executionId="7d0b7d17-5868-45a1-8bfa-ccedb2aa5911" testId="92878cce-c6d7-46e0-84f6-e2c5fd519c90" testName="ToEmailMask_Passing_ValidEmail_Returns_EmailWithMask (qazwsx@gmailgmail.com,q----x@g---------.com)" computerName="PC-SFERRARI" duration="00:00:00.0000193" startTime="2022-12-28T13:20:06.5019477+01:00" endTime="2022-12-28T13:20:06.5020797+01:00" testType="13cdc9d9-ddb5-4fa4-a97d-d965ccfc6d4b" outcome="Passed" testListId="8c84fa94-04c1-424b-9868-57a2d4851a1d" relativeResultsDirectory="7d0b7d17-5868-45a1-8bfa-ccedb2aa5911" />
    <UnitTestResult executionId="c7864ade-2fbf-4e2d-946f-9c89f864597b" testId="8573e3ec-b3f3-4eac-8a51-5d075df871ca" testName="ToRemove_Passing_ValidValue_Returns_ValueWithoutRemovedChars ( *, ,*)" computerName="PC-SFERRARI" duration="00:00:00.0197229" startTime="2022-12-28T13:20:06.3940744+01:00" endTime="2022-12-28T13:20:06.4142067+01:00" testType="13cdc9d9-ddb5-4fa4-a97d-d965ccfc6d4b" outcome="Passed" testListId="8c84fa94-04c1-424b-9868-57a2d4851a1d" relativeResultsDirectory="c7864ade-2fbf-4e2d-946f-9c89f864597b" />
    <UnitTestResult executionId="987a688a-e993-45fd-b64c-1f340e5d5b53" testId="9a7793b3-b4af-4dbe-974e-85439753208e" testName="ToUri_Passing_ValidValueString_Returns_Uri (http://foo.com/blah_(wikipedia)_blah#cite-1)" computerName="PC-SFERRARI" duration="00:00:00.0000081" startTime="2022-12-28T13:20:06.5187558+01:00" endTime="2022-12-28T13:20:06.5189250+01:00" testType="13cdc9d9-ddb5-4fa4-a97d-d965ccfc6d4b" outcome="Passed" testListId="8c84fa94-04c1-424b-9868-57a2d4851a1d" relativeResultsDirectory="987a688a-e993-45fd-b64c-1f340e5d5b53" />
    <UnitTestResult executionId="61dc5d56-ff7a-4ff4-95b5-46f9af85f877" testId="9e40dc9e-8fab-4ee1-a501-cafeebce5b2b" testName="ToUri_Passing_ValidValueString_Returns_Uri (//foo.com/blah_blah/p=5)" computerName="PC-SFERRARI" duration="00:00:00.0000052" startTime="2022-12-28T13:20:06.5079646+01:00" endTime="2022-12-28T13:20:06.5080777+01:00" testType="13cdc9d9-ddb5-4fa4-a97d-d965ccfc6d4b" outcome="Passed" testListId="8c84fa94-04c1-424b-9868-57a2d4851a1d" relativeResultsDirectory="61dc5d56-ff7a-4ff4-95b5-46f9af85f877" />
    <UnitTestResult executionId="68f29c93-1175-4a6f-a74e-0889ca45a3cb" testId="eb68e11b-0baf-42c8-b1d5-b61e474c6bac" testName="ResultBadRequest_WithErrors_Value" computerName="PC-SFERRARI" duration="00:00:00.0005176" startTime="2022-12-28T13:20:06.6962755+01:00" endTime="2022-12-28T13:20:06.6969516+01:00" testType="13cdc9d9-ddb5-4fa4-a97d-d965ccfc6d4b" outcome="Passed" testListId="8c84fa94-04c1-424b-9868-57a2d4851a1d" relativeResultsDirectory="68f29c93-1175-4a6f-a74e-0889ca45a3cb" />
    <UnitTestResult executionId="386f1099-8828-4767-be8d-094d79d652d0" testId="f4cb6732-58b4-4d78-9e97-723d561eadb4" testName="ToUri_Passing_InvalidValueString_Returns_DefaultValue (http://##/)" computerName="PC-SFERRARI" duration="00:00:00.0000109" startTime="2022-12-28T13:20:06.5425675+01:00" endTime="2022-12-28T13:20:06.5427126+01:00" testType="13cdc9d9-ddb5-4fa4-a97d-d965ccfc6d4b" outcome="Passed" testListId="8c84fa94-04c1-424b-9868-57a2d4851a1d" relativeResultsDirectory="386f1099-8828-4767-be8d-094d79d652d0" />
    <UnitTestResult executionId="f11bb7b2-6977-45c2-83a7-5fe54f2a07d8" testId="88b92321-4a72-4066-9a9f-34fafdb33df3" testName="ToTomorrow_Passing_DateTime_Returns_Tomorrow_DateTime" computerName="PC-SFERRARI" duration="00:00:00.0001596" startTime="2022-12-28T13:20:06.0694341+01:00" endTime="2022-12-28T13:20:06.0696990+01:00" testType="13cdc9d9-ddb5-4fa4-a97d-d965ccfc6d4b" outcome="Passed" testListId="8c84fa94-04c1-424b-9868-57a2d4851a1d" relativeResultsDirectory="f11bb7b2-6977-45c2-83a7-5fe54f2a07d8" />
    <UnitTestResult executionId="1886910b-ff6f-4e7b-8c82-a42b050fdf40" testId="48815c6a-60b8-467d-9030-dbea915398c9" testName="ToUri_Passing_ValidValueString_Returns_Uri (http://www.example.com/wpstyle/?p=364)" computerName="PC-SFERRARI" duration="00:00:00.0000076" startTime="2022-12-28T13:20:06.5101254+01:00" endTime="2022-12-28T13:20:06.5102637+01:00" testType="13cdc9d9-ddb5-4fa4-a97d-d965ccfc6d4b" outcome="Passed" testListId="8c84fa94-04c1-424b-9868-57a2d4851a1d" relativeResultsDirectory="1886910b-ff6f-4e7b-8c82-a42b050fdf40" />
    <UnitTestResult executionId="018b1add-441a-4d44-bb8a-b32394ac4633" testId="275b95f3-7e78-4f08-81e1-6b2a4cf0aa72" testName="ResultBadRequest_WithErrors_KeyValue" computerName="PC-SFERRARI" duration="00:00:00.0032223" startTime="2022-12-28T13:20:06.6869389+01:00" endTime="2022-12-28T13:20:06.6902788+01:00" testType="13cdc9d9-ddb5-4fa4-a97d-d965ccfc6d4b" outcome="Passed" testListId="8c84fa94-04c1-424b-9868-57a2d4851a1d" relativeResultsDirectory="018b1add-441a-4d44-bb8a-b32394ac4633" />
    <UnitTestResult executionId="11d511c0-2738-41b2-af4f-429d3da34164" testId="7f970aeb-cc92-48d6-9a8d-23a15ca99873" testName="ToRemove_Passing_ValidValue_Returns_ValueWithoutRemovedChars (aeiou,aeio,u)" computerName="PC-SFERRARI" duration="00:00:00.0000264" startTime="2022-12-28T13:20:06.4205767+01:00" endTime="2022-12-28T13:20:06.4208053+01:00" testType="13cdc9d9-ddb5-4fa4-a97d-d965ccfc6d4b" outcome="Passed" testListId="8c84fa94-04c1-424b-9868-57a2d4851a1d" relativeResultsDirectory="11d511c0-2738-41b2-af4f-429d3da34164" />
    <UnitTestResult executionId="bc647fa0-bb8d-4447-9496-8507a1d662a1" testId="f65d3153-849b-4e6e-b44e-89c60e3b6872" testName="ToServiceMatchingClass_Passing_Valid_Assembly_And_Valid_Class_Type_Returns_Service" computerName="PC-SFERRARI" duration="00:00:00.0004225" startTime="2022-12-28T13:20:06.3749214+01:00" endTime="2022-12-28T13:20:06.3754400+01:00" testType="13cdc9d9-ddb5-4fa4-a97d-d965ccfc6d4b" outcome="Passed" testListId="8c84fa94-04c1-424b-9868-57a2d4851a1d" relativeResultsDirectory="bc647fa0-bb8d-4447-9496-8507a1d662a1" />
    <UnitTestResult executionId="2feae193-dc44-4388-9345-a6e85afea185" testId="ce9b943d-377a-414c-9b25-8c4a4d303ca3" testName="CreateAndVerifySHA512_Passing_Valid_Arguments_Returns_True (HashTests)" computerName="PC-SFERRARI" duration="00:00:00.0001948" startTime="2022-12-28T13:20:06.6602213+01:00" endTime="2022-12-28T13:20:06.6605294+01:00" testType="13cdc9d9-ddb5-4fa4-a97d-d965ccfc6d4b" outcome="Passed" testListId="8c84fa94-04c1-424b-9868-57a2d4851a1d" relativeResultsDirectory="2feae193-dc44-4388-9345-a6e85afea185" />
    <UnitTestResult executionId="8e013e83-4e34-4825-8361-a3a5602f5e19" testId="636e61db-85ef-40ec-a1b1-63f55ddda81b" testName="ToStringFormat_Passing_ValidValue_Returns_ValueWithoutRemovedChars (2147483647)" computerName="PC-SFERRARI" duration="00:00:00.0000064" startTime="2022-12-28T13:20:06.3301342+01:00" endTime="2022-12-28T13:20:06.3302826+01:00" testType="13cdc9d9-ddb5-4fa4-a97d-d965ccfc6d4b" outcome="Passed" testListId="8c84fa94-04c1-424b-9868-57a2d4851a1d" relativeResultsDirectory="8e013e83-4e34-4825-8361-a3a5602f5e19" />
    <UnitTestResult executionId="21345a04-fed7-4512-aa74-56d50a26524a" testId="4bd270f4-592d-4d46-b7a6-390731cbd7e9" testName="ToSerialize_Passing_Objects_Returns_String_Values" computerName="PC-SFERRARI" duration="00:00:00.0041684" startTime="2022-12-28T13:20:06.3341588+01:00" endTime="2022-12-28T13:20:06.3385955+01:00" testType="13cdc9d9-ddb5-4fa4-a97d-d965ccfc6d4b" outcome="Passed" testListId="8c84fa94-04c1-424b-9868-57a2d4851a1d" relativeResultsDirectory="21345a04-fed7-4512-aa74-56d50a26524a" />
    <UnitTestResult executionId="42f46295-06c7-4485-a323-963497ceeb87" testId="b1a7a850-6229-4efa-b802-27a7e0fb02ba" testName="ToMapUpdate_Passing_Destination_Object_Returns_Updated_Destination_Object" computerName="PC-SFERRARI" duration="00:00:00.0061178" startTime="2022-12-28T13:20:05.6719792+01:00" endTime="2022-12-28T13:20:05.6782722+01:00" testType="13cdc9d9-ddb5-4fa4-a97d-d965ccfc6d4b" outcome="Passed" testListId="8c84fa94-04c1-424b-9868-57a2d4851a1d" relativeResultsDirectory="42f46295-06c7-4485-a323-963497ceeb87" />
    <UnitTestResult executionId="ccc5bda7-f5fd-4c0a-947c-3537a1504c17" testId="d64caf2d-7713-4b10-8c88-2b32d1ae6cb7" testName="ToSettings_Passing_Values_From_AppSettingsFile_Returns_Settings" computerName="PC-SFERRARI" duration="00:00:00.0050489" startTime="2022-12-28T13:20:06.3875556+01:00" endTime="2022-12-28T13:20:06.3927570+01:00" testType="13cdc9d9-ddb5-4fa4-a97d-d965ccfc6d4b" outcome="Passed" testListId="8c84fa94-04c1-424b-9868-57a2d4851a1d" relativeResultsDirectory="ccc5bda7-f5fd-4c0a-947c-3537a1504c17" />
    <UnitTestResult executionId="6d59ca23-ae03-49b6-a13b-1d89199e7498" testId="70875f3c-160f-4335-9d17-c9c60b737e4f" testName="ToEmailMaskUserName_Passing_ValidEmail_Returns_EmailWithMask (qazwsx@gmailgmail.com,q****x@gmailgmail.com)" computerName="PC-SFERRARI" duration="00:00:00.0000354" startTime="2022-12-28T13:20:06.4884036+01:00" endTime="2022-12-28T13:20:06.4885398+01:00" testType="13cdc9d9-ddb5-4fa4-a97d-d965ccfc6d4b" outcome="Passed" testListId="8c84fa94-04c1-424b-9868-57a2d4851a1d" relativeResultsDirectory="6d59ca23-ae03-49b6-a13b-1d89199e7498" />
    <UnitTestResult executionId="fe63dd31-9055-4521-af43-eff2152ce421" testId="6b376ff1-aef7-4384-b896-f2115f1fcf32" testName="ToConfigureOrDefault_Passing_ActionCustomValues_Returns_CustomValues" computerName="PC-SFERRARI" duration="00:00:00.0065489" startTime="2022-12-28T13:20:05.4202738+01:00" endTime="2022-12-28T13:20:05.4424382+01:00" testType="13cdc9d9-ddb5-4fa4-a97d-d965ccfc6d4b" outcome="Passed" testListId="8c84fa94-04c1-424b-9868-57a2d4851a1d" relativeResultsDirectory="fe63dd31-9055-4521-af43-eff2152ce421" />
    <UnitTestResult executionId="4ade934c-6235-4543-9218-b44a428a56ed" testId="fd3dfe3d-9b09-40f1-b679-69cea5ca88cd" testName="ToUri_Passing_InvalidValueString_Returns_Null (http://.)" computerName="PC-SFERRARI" duration="00:00:00.0000435" startTime="2022-12-28T13:20:06.5321623+01:00" endTime="2022-12-28T13:20:06.5323787+01:00" testType="13cdc9d9-ddb5-4fa4-a97d-d965ccfc6d4b" outcome="Passed" testListId="8c84fa94-04c1-424b-9868-57a2d4851a1d" relativeResultsDirectory="4ade934c-6235-4543-9218-b44a428a56ed" />
    <UnitTestResult executionId="6e23c5b5-6f6b-452d-ab27-29f3d16ba7ff" testId="feb7960b-e264-454d-b2d6-a9792708160d" testName="ToDefaultValue_Passing_ValidString_Returns_DefaultValue" computerName="PC-SFERRARI" duration="00:00:00.0001769" startTime="2022-12-28T13:20:06.6093566+01:00" endTime="2022-12-28T13:20:06.6096373+01:00" testType="13cdc9d9-ddb5-4fa4-a97d-d965ccfc6d4b" outcome="Passed" testListId="8c84fa94-04c1-424b-9868-57a2d4851a1d" relativeResultsDirectory="6e23c5b5-6f6b-452d-ab27-29f3d16ba7ff" />
    <UnitTestResult executionId="a333e3d5-486b-4b7f-9894-22cc26aacf0f" testId="faca324a-ac50-4c11-9efc-11210dae4b8f" testName="ToSubdomain_Passing_HttpRequest_Host_Returns_Subdomain" computerName="PC-SFERRARI" duration="00:00:00.0008422" startTime="2022-12-28T13:20:06.1662328+01:00" endTime="2022-12-28T13:20:06.1671954+01:00" testType="13cdc9d9-ddb5-4fa4-a97d-d965ccfc6d4b" outcome="Passed" testListId="8c84fa94-04c1-424b-9868-57a2d4851a1d" relativeResultsDirectory="a333e3d5-486b-4b7f-9894-22cc26aacf0f" />
    <UnitTestResult executionId="5424a08f-01b7-491f-a88f-42d467401b38" testId="c219a889-78bf-4f8e-98ad-7d72275c0afb" testName="ToReplace_Passing_ValidValue_Returns_ReplacedValue (aeiou,*,0,2,**iou)" computerName="PC-SFERRARI" duration="00:00:00.0002147" startTime="2022-12-28T13:20:06.4269499+01:00" endTime="2022-12-28T13:20:06.4273582+01:00" testType="13cdc9d9-ddb5-4fa4-a97d-d965ccfc6d4b" outcome="Passed" testListId="8c84fa94-04c1-424b-9868-57a2d4851a1d" relativeResultsDirectory="5424a08f-01b7-491f-a88f-42d467401b38" />
    <UnitTestResult executionId="b43ae290-3d6a-4672-97ce-8d14aa96c0cb" testId="d1ee4dfb-953f-4db7-8df8-37d7780c1bb1" testName="ToConfigureOrDefault_Passing_DefaultValues_And_ActionCustomValues_Returns_DefaultValues_And_CustomValues" computerName="PC-SFERRARI" duration="00:00:00.0011863" startTime="2022-12-28T13:20:05.4482201+01:00" endTime="2022-12-28T13:20:05.4497312+01:00" testType="13cdc9d9-ddb5-4fa4-a97d-d965ccfc6d4b" outcome="Passed" testListId="8c84fa94-04c1-424b-9868-57a2d4851a1d" relativeResultsDirectory="b43ae290-3d6a-4672-97ce-8d14aa96c0cb" />
    <UnitTestResult executionId="ccc940f6-1c3b-499d-9d9f-adb8f6df42e3" testId="d3bc3c44-5151-4ffd-a5c8-a7df757e381a" testName="ToService_Passing_NotFound_Service_Returns_Null" computerName="PC-SFERRARI" duration="00:00:00.0000790" startTime="2022-12-28T13:20:06.3559312+01:00" endTime="2022-12-28T13:20:06.3560887+01:00" testType="13cdc9d9-ddb5-4fa4-a97d-d965ccfc6d4b" outcome="Passed" testListId="8c84fa94-04c1-424b-9868-57a2d4851a1d" relativeResultsDirectory="ccc940f6-1c3b-499d-9d9f-adb8f6df42e3" />
    <UnitTestResult executionId="f722b2ef-45bf-40cb-8e51-f61c5bceaa86" testId="4efe5cb1-2771-411f-8512-0cd2da5242f8" testName="ToDefaultValue_Passing_ValidInt_Returns_DefaultValue" computerName="PC-SFERRARI" duration="00:00:00.0003353" startTime="2022-12-28T13:20:06.6088533+01:00" endTime="2022-12-28T13:20:06.6092960+01:00" testType="13cdc9d9-ddb5-4fa4-a97d-d965ccfc6d4b" outcome="Passed" testListId="8c84fa94-04c1-424b-9868-57a2d4851a1d" relativeResultsDirectory="f722b2ef-45bf-40cb-8e51-f61c5bceaa86" />
    <UnitTestResult executionId="bb155b18-e295-45e6-aa48-a92c423cc312" testId="56e12110-8392-42e8-b90e-d1bf7c96205b" testName="ToDefaultValue_Passing_float_Returns_Cero" computerName="PC-SFERRARI" duration="00:00:00.0002947" startTime="2022-12-28T13:20:06.1158463+01:00" endTime="2022-12-28T13:20:06.1162435+01:00" testType="13cdc9d9-ddb5-4fa4-a97d-d965ccfc6d4b" outcome="Passed" testListId="8c84fa94-04c1-424b-9868-57a2d4851a1d" relativeResultsDirectory="bb155b18-e295-45e6-aa48-a92c423cc312" />
    <UnitTestResult executionId="ddf279e5-f641-40f4-b4a5-9137db11e2ec" testId="6d462e6b-10e4-4dd6-83ac-591b326646a6" testName="ToValues_Passing_ValidEnumType_Returns_ValuesListString" computerName="PC-SFERRARI" duration="00:00:00.0010286" startTime="2022-12-28T13:20:06.6305624+01:00" endTime="2022-12-28T13:20:06.6316953+01:00" testType="13cdc9d9-ddb5-4fa4-a97d-d965ccfc6d4b" outcome="Passed" testListId="8c84fa94-04c1-424b-9868-57a2d4851a1d" relativeResultsDirectory="ddf279e5-f641-40f4-b4a5-9137db11e2ec" />
    <UnitTestResult executionId="a4a077ee-51af-452e-a46a-a85167d464a0" testId="90dd9c82-654a-4497-a7c4-9403d20e4274" testName="ToEmailMask_Passing_ValidEmail_Returns_EmailWithMask (qaz@gmail.com,q-z@g----.com)" computerName="PC-SFERRARI" duration="00:00:00.0004626" startTime="2022-12-28T13:20:06.4980277+01:00" endTime="2022-12-28T13:20:06.4986940+01:00" testType="13cdc9d9-ddb5-4fa4-a97d-d965ccfc6d4b" outcome="Passed" testListId="8c84fa94-04c1-424b-9868-57a2d4851a1d" relativeResultsDirectory="a4a077ee-51af-452e-a46a-a85167d464a0" />
    <UnitTestResult executionId="644d6114-0915-42ce-b99a-2abdcdc72242" testId="ccdb0150-b322-4912-a4b9-33f4f9697312" testName="ToGet_Passing_Claims_Returns_Claim_Value_Int" computerName="PC-SFERRARI" duration="00:00:00.0058920" startTime="2022-12-28T13:20:06.0227193+01:00" endTime="2022-12-28T13:20:06.0287239+01:00" testType="13cdc9d9-ddb5-4fa4-a97d-d965ccfc6d4b" outcome="Passed" testListId="8c84fa94-04c1-424b-9868-57a2d4851a1d" relativeResultsDirectory="644d6114-0915-42ce-b99a-2abdcdc72242" />
    <UnitTestResult executionId="be003433-8c81-4482-b34f-50560096b369" testId="9b26bafc-4482-4beb-8962-6d31031e8ce6" testName="ToPaged_Passing_Age_Ascending_Order_Returns_Filter_List" computerName="PC-SFERRARI" duration="00:00:00.0032166" startTime="2022-12-28T13:20:06.3442014+01:00" endTime="2022-12-28T13:20:06.3475238+01:00" testType="13cdc9d9-ddb5-4fa4-a97d-d965ccfc6d4b" outcome="Passed" testListId="8c84fa94-04c1-424b-9868-57a2d4851a1d" relativeResultsDirectory="be003433-8c81-4482-b34f-50560096b369" />
    <UnitTestResult executionId="41723952-2630-465d-8d24-239576a87886" testId="65d630e4-375d-4f79-b8e0-707ee8d4037d" testName="ToMapList_Passing_Source_Type_And_Destination_Type_Returns_Destination_Object_List" computerName="PC-SFERRARI" duration="00:00:00.0260276" startTime="2022-12-28T13:20:05.6876037+01:00" endTime="2022-12-28T13:20:05.7137527+01:00" testType="13cdc9d9-ddb5-4fa4-a97d-d965ccfc6d4b" outcome="Passed" testListId="8c84fa94-04c1-424b-9868-57a2d4851a1d" relativeResultsDirectory="41723952-2630-465d-8d24-239576a87886" />
    <UnitTestResult executionId="3c8b6a1a-a23a-4ce3-96f3-4193807ad6ec" testId="5bb7b019-f709-4204-92a5-ad1ee01982ad" testName="ToUri_Passing_InvalidValueString_Returns_Null (http://??)" computerName="PC-SFERRARI" duration="00:00:00.0000110" startTime="2022-12-28T13:20:06.5362193+01:00" endTime="2022-12-28T13:20:06.5363837+01:00" testType="13cdc9d9-ddb5-4fa4-a97d-d965ccfc6d4b" outcome="Passed" testListId="8c84fa94-04c1-424b-9868-57a2d4851a1d" relativeResultsDirectory="3c8b6a1a-a23a-4ce3-96f3-4193807ad6ec" />
    <UnitTestResult executionId="c567342d-96bb-4a3b-8326-ea070f2873c2" testId="a9582ce4-3158-46fa-a0a1-0b7ad7ddb6ec" testName="ToRemove_Passing_ValidValue_Returns_ValueWithoutRemovedChars (hello hello, ,hellohello)" computerName="PC-SFERRARI" duration="00:00:00.0000257" startTime="2022-12-28T13:20:06.4155719+01:00" endTime="2022-12-28T13:20:06.4158313+01:00" testType="13cdc9d9-ddb5-4fa4-a97d-d965ccfc6d4b" outcome="Passed" testListId="8c84fa94-04c1-424b-9868-57a2d4851a1d" relativeResultsDirectory="c567342d-96bb-4a3b-8326-ea070f2873c2" />
    <UnitTestResult executionId="b8f40be6-1fd9-4586-abaf-37d3a5fbc87e" testId="9a1e3129-2b7f-4e7b-89e9-86ae4bab61ec" testName="AddOrUpdate_Passing_Valid_Collection_Returns_Collection" computerName="PC-SFERRARI" duration="00:00:00.0017058" startTime="2022-12-28T13:20:06.0718617+01:00" endTime="2022-12-28T13:20:06.0738813+01:00" testType="13cdc9d9-ddb5-4fa4-a97d-d965ccfc6d4b" outcome="Passed" testListId="8c84fa94-04c1-424b-9868-57a2d4851a1d" relativeResultsDirectory="b8f40be6-1fd9-4586-abaf-37d3a5fbc87e" />
    <UnitTestResult executionId="1103c6b7-b05f-47fe-ab79-98713c0bf412" testId="fc61df5d-b94c-42ee-8be0-eb2c56218478" testName="ToUri_Passing_ValidValueString_Returns_Uri (https://foo.com/blah_blah?p=5&amp;j=fe)" computerName="PC-SFERRARI" duration="00:00:00.0000059" startTime="2022-12-28T13:20:06.5075638+01:00" endTime="2022-12-28T13:20:06.5076736+01:00" testType="13cdc9d9-ddb5-4fa4-a97d-d965ccfc6d4b" outcome="Passed" testListId="8c84fa94-04c1-424b-9868-57a2d4851a1d" relativeResultsDirectory="1103c6b7-b05f-47fe-ab79-98713c0bf412" />
    <UnitTestResult executionId="603b1413-779f-4965-a8a0-2c57bb2633de" testId="76d2cd6e-aa51-453c-a255-065faed394ff" testName="ThrowIfNotSubdomain_Passing_InvalidValue_Returns_ApplicationExceptionWithMessage (34fsds@@sdd.f)" computerName="PC-SFERRARI" duration="00:00:00.0003036" startTime="2022-12-28T13:20:06.6252139+01:00" endTime="2022-12-28T13:20:06.6257212+01:00" testType="13cdc9d9-ddb5-4fa4-a97d-d965ccfc6d4b" outcome="Passed" testListId="8c84fa94-04c1-424b-9868-57a2d4851a1d" relativeResultsDirectory="603b1413-779f-4965-a8a0-2c57bb2633de" />
    <UnitTestResult executionId="ae0e4f69-ac7a-42be-8d8b-6f1404013dc9" testId="bd7ee19a-a614-404d-906f-0a37ebb92e31" testName="ToUri_Passing_InvalidValueString_Returns_DefaultValue (http://#)" computerName="PC-SFERRARI" duration="00:00:00.0000116" startTime="2022-12-28T13:20:06.5421919+01:00" endTime="2022-12-28T13:20:06.5423366+01:00" testType="13cdc9d9-ddb5-4fa4-a97d-d965ccfc6d4b" outcome="Passed" testListId="8c84fa94-04c1-424b-9868-57a2d4851a1d" relativeResultsDirectory="ae0e4f69-ac7a-42be-8d8b-6f1404013dc9" />
    <UnitTestResult executionId="393b9103-c0b2-4208-98a4-0f685b71e495" testId="f18f6671-7db6-4ad3-a1c0-e066f9e2727c" testName="CreateAndVerifySHA512_Passing_Valid_Arguments_Returns_True (Password)" computerName="PC-SFERRARI" duration="00:00:00.0003635" startTime="2022-12-28T13:20:06.6596906+01:00" endTime="2022-12-28T13:20:06.6601844+01:00" testType="13cdc9d9-ddb5-4fa4-a97d-d965ccfc6d4b" outcome="Passed" testListId="8c84fa94-04c1-424b-9868-57a2d4851a1d" relativeResultsDirectory="393b9103-c0b2-4208-98a4-0f685b71e495" />
    <UnitTestResult executionId="23f5ac08-8f4c-4af7-98e8-5e077532239d" testId="e2fa6ba7-0e69-4a6b-acbc-ad9e3b87de5e" testName="ToEnum_Passing_ValidValueInt_Returns_EnumValue" computerName="PC-SFERRARI" duration="00:00:00.0003937" startTime="2022-12-28T13:20:06.4615588+01:00" endTime="2022-12-28T13:20:06.4621160+01:00" testType="13cdc9d9-ddb5-4fa4-a97d-d965ccfc6d4b" outcome="Passed" testListId="8c84fa94-04c1-424b-9868-57a2d4851a1d" relativeResultsDirectory="23f5ac08-8f4c-4af7-98e8-5e077532239d" />
    <UnitTestResult executionId="9b6885f9-91f1-492f-b3fa-09009e75bb47" testId="88fef6ba-1e3f-484c-a6db-ac38fb309774" testName="ToUri_Passing_InvalidValueString_Returns_DefaultValue (http://..)" computerName="PC-SFERRARI" duration="00:00:00.0000186" startTime="2022-12-28T13:20:06.5409359+01:00" endTime="2022-12-28T13:20:06.5412009+01:00" testType="13cdc9d9-ddb5-4fa4-a97d-d965ccfc6d4b" outcome="Passed" testListId="8c84fa94-04c1-424b-9868-57a2d4851a1d" relativeResultsDirectory="9b6885f9-91f1-492f-b3fa-09009e75bb47" />
    <UnitTestResult executionId="ce9d2667-34e3-4e12-ab22-6154857f2ccf" testId="aadd675d-13f8-43cd-9c0a-d3bd945561d1" testName="ToEnvironment_ServiceCollection_Passing_Staging_Enviroment_Returns_Staging_Name" computerName="PC-SFERRARI" duration="00:00:00.0004555" startTime="2022-12-28T13:20:06.3535809+01:00" endTime="2022-12-28T13:20:06.3541962+01:00" testType="13cdc9d9-ddb5-4fa4-a97d-d965ccfc6d4b" outcome="Passed" testListId="8c84fa94-04c1-424b-9868-57a2d4851a1d" relativeResultsDirectory="ce9d2667-34e3-4e12-ab22-6154857f2ccf" />
    <UnitTestResult executionId="8af9794e-a254-456e-bfc0-3ec2b9363170" testId="11355b0c-7117-4b11-99b5-7120fecbef04" testName="ToServiceMatchingClass_Passing_Valid_Assembly_And_Valid_Class_Returns_Service" computerName="PC-SFERRARI" duration="00:00:00.0012701" startTime="2022-12-28T13:20:06.3735081+01:00" endTime="2022-12-28T13:20:06.3748661+01:00" testType="13cdc9d9-ddb5-4fa4-a97d-d965ccfc6d4b" outcome="Passed" testListId="8c84fa94-04c1-424b-9868-57a2d4851a1d" relativeResultsDirectory="8af9794e-a254-456e-bfc0-3ec2b9363170" />
    <UnitTestResult executionId="f41227ae-5e4e-4e23-af87-49f6e0d6fd1e" testId="975eaf83-0a56-446b-b64a-6d4e5d02daa4" testName="ResultError_WithTitle_WithStatusCode_WithDetails_WithExceptionType_WithMessages_WithErrors" computerName="PC-SFERRARI" duration="00:00:00.0079258" startTime="2022-12-28T13:20:06.7003118+01:00" endTime="2022-12-28T13:20:06.7083378+01:00" testType="13cdc9d9-ddb5-4fa4-a97d-d965ccfc6d4b" outcome="Passed" testListId="8c84fa94-04c1-424b-9868-57a2d4851a1d" relativeResultsDirectory="f41227ae-5e4e-4e23-af87-49f6e0d6fd1e" />
    <UnitTestResult executionId="2515dbff-84c3-4753-985c-e49554833eaf" testId="3d1d7a12-0df8-4137-a700-498fe350c7c0" testName="ToPaged_Passing_Name_Ascending_Order_Returns_Filter_List" computerName="PC-SFERRARI" duration="00:00:00.0011410" startTime="2022-12-28T13:20:06.3481762+01:00" endTime="2022-12-28T13:20:06.3493923+01:00" testType="13cdc9d9-ddb5-4fa4-a97d-d965ccfc6d4b" outcome="Passed" testListId="8c84fa94-04c1-424b-9868-57a2d4851a1d" relativeResultsDirectory="2515dbff-84c3-4753-985c-e49554833eaf" />
    <UnitTestResult executionId="4a963492-fe8e-4a73-928d-c7591f6223a8" testId="e9e07305-a017-4f3d-8e40-cc0908c1a8fd" testName="ThrowIfNotSubdomain_Passing_InvalidValue_Returns_ApplicationExceptionWithMessage (34?fsds@sdd.yy)" computerName="PC-SFERRARI" duration="00:00:00.0000678" startTime="2022-12-28T13:20:06.6262839+01:00" endTime="2022-12-28T13:20:06.6265107+01:00" testType="13cdc9d9-ddb5-4fa4-a97d-d965ccfc6d4b" outcome="Passed" testListId="8c84fa94-04c1-424b-9868-57a2d4851a1d" relativeResultsDirectory="4a963492-fe8e-4a73-928d-c7591f6223a8" />
    <UnitTestResult executionId="ac06136a-b819-431b-99f1-6977521dc1a9" testId="fbbe4942-f988-48cb-9f88-c84b6c177f3f" testName="ResultOK" computerName="PC-SFERRARI" duration="00:00:00.0018214" startTime="2022-12-28T13:20:06.6626088+01:00" endTime="2022-12-28T13:20:06.6646864+01:00" testType="13cdc9d9-ddb5-4fa4-a97d-d965ccfc6d4b" outcome="Passed" testListId="8c84fa94-04c1-424b-9868-57a2d4851a1d" relativeResultsDirectory="ac06136a-b819-431b-99f1-6977521dc1a9" />
    <UnitTestResult executionId="0cb439f0-6edb-42ff-94df-4ca39ef35194" testId="03c6c044-5d23-472e-a826-8c3e9b570b2a" testName="ToFullMessage_Passing_ExceptionWithMessageWithInnerException_Returns_MessageAndInnerException" computerName="PC-SFERRARI" duration="00:00:00.0005363" startTime="2022-12-28T13:20:06.0881125+01:00" endTime="2022-12-28T13:20:06.0887803+01:00" testType="13cdc9d9-ddb5-4fa4-a97d-d965ccfc6d4b" outcome="Passed" testListId="8c84fa94-04c1-424b-9868-57a2d4851a1d" relativeResultsDirectory="0cb439f0-6edb-42ff-94df-4ca39ef35194" />
    <UnitTestResult executionId="9929e054-c994-4505-8547-1431fde2328a" testId="91c42e2f-5316-4740-8714-50cea249f80c" testName="ToUri_Passing_ValidValueString_Returns_Uri (http://userid:password@example.com:8080)" computerName="PC-SFERRARI" duration="00:00:00.0000400" startTime="2022-12-28T13:20:06.5108157+01:00" endTime="2022-12-28T13:20:06.5123585+01:00" testType="13cdc9d9-ddb5-4fa4-a97d-d965ccfc6d4b" outcome="Passed" testListId="8c84fa94-04c1-424b-9868-57a2d4851a1d" relativeResultsDirectory="9929e054-c994-4505-8547-1431fde2328a" />
    <UnitTestResult executionId="31119584-cd5d-410f-9625-1396d058e1d4" testId="affbbf3e-299a-43bc-bec6-088cd9115536" testName="ToConfiguration_Passing_Valid_DirectoryPath_Valid_JsonFileName_Returns_Ok" computerName="PC-SFERRARI" duration="00:00:00.0050334" startTime="2022-12-28T13:20:06.3785222+01:00" endTime="2022-12-28T13:20:06.3836493+01:00" testType="13cdc9d9-ddb5-4fa4-a97d-d965ccfc6d4b" outcome="Passed" testListId="8c84fa94-04c1-424b-9868-57a2d4851a1d" relativeResultsDirectory="31119584-cd5d-410f-9625-1396d058e1d4" />
    <UnitTestResult executionId="e9ed1acc-a78b-4263-9a01-a2ea334b500c" testId="9d371e7d-159b-445d-b986-4ce546f9f9f9" testName="ToDefaultValue_Passing_int_Returns_Cero (2147483647)" computerName="PC-SFERRARI" duration="00:00:00.0003254" startTime="2022-12-28T13:20:06.1006031+01:00" endTime="2022-12-28T13:20:06.1121553+01:00" testType="13cdc9d9-ddb5-4fa4-a97d-d965ccfc6d4b" outcome="Passed" testListId="8c84fa94-04c1-424b-9868-57a2d4851a1d" relativeResultsDirectory="e9ed1acc-a78b-4263-9a01-a2ea334b500c" />
    <UnitTestResult executionId="3bbbf7a2-41f4-4410-8d5e-9f9fdfa7ae01" testId="a9352aa4-87d7-42c7-bdf2-bf239d2cb7b3" testName="ToUri_Passing_ValidValueString_Returns_Uri (http://foo.com/blah_blah_(wikipedia)_(again))" computerName="PC-SFERRARI" duration="00:00:00.0000057" startTime="2022-12-28T13:20:06.5084933+01:00" endTime="2022-12-28T13:20:06.5085951+01:00" testType="13cdc9d9-ddb5-4fa4-a97d-d965ccfc6d4b" outcome="Passed" testListId="8c84fa94-04c1-424b-9868-57a2d4851a1d" relativeResultsDirectory="3bbbf7a2-41f4-4410-8d5e-9f9fdfa7ae01" />
    <UnitTestResult executionId="84f0f1c7-5035-4997-b4a9-3c27d78f7536" testId="2f4c9125-6ee6-45fc-bd04-81b3bea296aa" testName="ToMapNew_Passing_TDestination_Returns_New_Destination_Object" computerName="PC-SFERRARI" duration="00:00:00.0037340" startTime="2022-12-28T13:20:05.6680622+01:00" endTime="2022-12-28T13:20:05.6719081+01:00" testType="13cdc9d9-ddb5-4fa4-a97d-d965ccfc6d4b" outcome="Passed" testListId="8c84fa94-04c1-424b-9868-57a2d4851a1d" relativeResultsDirectory="84f0f1c7-5035-4997-b4a9-3c27d78f7536" />
    <UnitTestResult executionId="57cdfdb7-f860-4471-bce1-58ecafb07b69" testId="b45c6d9b-3713-4038-a5aa-c92481010e11" testName="CreateSHA256_Passing_Invalid_Arguments_Returns_ApplicationException ()" computerName="PC-SFERRARI" duration="00:00:00.0060328" startTime="2022-12-28T13:20:06.6450090+01:00" endTime="2022-12-28T13:20:06.6511377+01:00" testType="13cdc9d9-ddb5-4fa4-a97d-d965ccfc6d4b" outcome="Passed" testListId="8c84fa94-04c1-424b-9868-57a2d4851a1d" relativeResultsDirectory="57cdfdb7-f860-4471-bce1-58ecafb07b69" />
    <UnitTestResult executionId="fb51baf2-8d8b-4d0a-8325-33dc620fb78b" testId="25112029-b43b-4e14-a62b-d2493f3263cc" testName="ToContentType_Passing_ValidValueString_Returns_ContentType (xxxx.pdf,application/pdf)" computerName="PC-SFERRARI" duration="00:00:00.0022533" startTime="2022-12-28T13:20:06.5584123+01:00" endTime="2022-12-28T13:20:06.5608375+01:00" testType="13cdc9d9-ddb5-4fa4-a97d-d965ccfc6d4b" outcome="Passed" testListId="8c84fa94-04c1-424b-9868-57a2d4851a1d" relativeResultsDirectory="fb51baf2-8d8b-4d0a-8325-33dc620fb78b" />
    <UnitTestResult executionId="fcdaed23-f4df-4e6e-a1a0-78af496b6062" testId="5317b008-5d90-4e63-8a57-9fa7e75fbddc" testName="ToEmailMaskUserNameAndDomainAndExtension_Passing_ValidEmail_Returns_EmailWithMask (qazwsx@gmail.com,q****x@g***l.c*m)" computerName="PC-SFERRARI" duration="00:00:00.0002382" startTime="2022-12-28T13:20:06.4937949+01:00" endTime="2022-12-28T13:20:06.4942205+01:00" testType="13cdc9d9-ddb5-4fa4-a97d-d965ccfc6d4b" outcome="Passed" testListId="8c84fa94-04c1-424b-9868-57a2d4851a1d" relativeResultsDirectory="fcdaed23-f4df-4e6e-a1a0-78af496b6062" />
    <UnitTestResult executionId="9d555646-2cd4-4031-9523-31d9a38b2f89" testId="eedf09a3-ce85-4053-a5c7-49b1c101834c" testName="ToHashAlgorithmName_Passing_InvalidValueString_Returns_Null (hhhhhh)" computerName="PC-SFERRARI" duration="00:00:00.0001215" startTime="2022-12-28T13:20:06.5503939+01:00" endTime="2022-12-28T13:20:06.5506618+01:00" testType="13cdc9d9-ddb5-4fa4-a97d-d965ccfc6d4b" outcome="Passed" testListId="8c84fa94-04c1-424b-9868-57a2d4851a1d" relativeResultsDirectory="9d555646-2cd4-4031-9523-31d9a38b2f89" />
    <UnitTestResult executionId="e19ec334-64a1-47f3-bba7-e6a420f737d0" testId="6c367b70-c2d6-408f-8201-bcec1ac1f1f2" testName="ThrowIfFileNotExists_Passing_InvalidValue_Returns_ApplicationExceptionWithMessage" computerName="PC-SFERRARI" duration="00:00:00.0003740" startTime="2022-12-28T13:20:06.6162640+01:00" endTime="2022-12-28T13:20:06.6167241+01:00" testType="13cdc9d9-ddb5-4fa4-a97d-d965ccfc6d4b" outcome="Passed" testListId="8c84fa94-04c1-424b-9868-57a2d4851a1d" relativeResultsDirectory="e19ec334-64a1-47f3-bba7-e6a420f737d0" />
    <UnitTestResult executionId="44554c7c-8ba8-4b69-bd2f-f4110ace7b13" testId="2d338714-4487-4d4d-8162-f10d1c0cdd4f" testName="ToNormalize_Passing_ValidValue_Returns_NormalizedValue ( ,)" computerName="PC-SFERRARI" duration="00:00:00.0001892" startTime="2022-12-28T13:20:06.4414922+01:00" endTime="2022-12-28T13:20:06.4418085+01:00" testType="13cdc9d9-ddb5-4fa4-a97d-d965ccfc6d4b" outcome="Passed" testListId="8c84fa94-04c1-424b-9868-57a2d4851a1d" relativeResultsDirectory="44554c7c-8ba8-4b69-bd2f-f4110ace7b13" />
    <UnitTestResult executionId="aa0cef9b-7c8b-48e2-a7ed-af89864eed8a" testId="55dab567-7eb2-42a6-9e55-ae1c060a8c57" testName="ToHeader_Passing_HttpRequest_Header_Many_Values_Returns_Values" computerName="PC-SFERRARI" duration="00:00:00.0201781" startTime="2022-12-28T13:20:06.1415093+01:00" endTime="2022-12-28T13:20:06.1618812+01:00" testType="13cdc9d9-ddb5-4fa4-a97d-d965ccfc6d4b" outcome="Passed" testListId="8c84fa94-04c1-424b-9868-57a2d4851a1d" relativeResultsDirectory="aa0cef9b-7c8b-48e2-a7ed-af89864eed8a" />
    <UnitTestResult executionId="41e75cd3-cd8e-41f4-8fc4-fab911f5f73b" testId="5d963ba2-73ec-49c4-9461-59a608dab54a" testName="ToDefaultValue_Passing_bool_Returns_Cero (True)" computerName="PC-SFERRARI" duration="00:00:00.0002781" startTime="2022-12-28T13:20:06.1178885+01:00" endTime="2022-12-28T13:20:06.1184593+01:00" testType="13cdc9d9-ddb5-4fa4-a97d-d965ccfc6d4b" outcome="Passed" testListId="8c84fa94-04c1-424b-9868-57a2d4851a1d" relativeResultsDirectory="41e75cd3-cd8e-41f4-8fc4-fab911f5f73b" />
    <UnitTestResult executionId="6868b30f-b1a4-4983-967f-302caab8fa6f" testId="53dc9c7e-6310-472d-97dd-7956fff4d0d3" testName="ToEmailMaskUserNameAndDomainAndExtension_Passing_ValidEmail_Returns_EmailWithMask (qazwsxedc@gmailgmail.com,q*******c@g********l.c*m)" computerName="PC-SFERRARI" duration="00:00:00.0000494" startTime="2022-12-28T13:20:06.4977144+01:00" endTime="2022-12-28T13:20:06.4979571+01:00" testType="13cdc9d9-ddb5-4fa4-a97d-d965ccfc6d4b" outcome="Passed" testListId="8c84fa94-04c1-424b-9868-57a2d4851a1d" relativeResultsDirectory="6868b30f-b1a4-4983-967f-302caab8fa6f" />
    <UnitTestResult executionId="93838221-9957-4292-96dd-01ad84363f81" testId="f86fb550-54fb-45cc-a5c4-8aa925b710d9" testName="ToDictionaryPropertyInfo_Passing_Object_Not_IncludeNullOrEmptyProperty_Returns_Properties_NameAndValue_Dictionary" computerName="PC-SFERRARI" duration="00:00:00.0022267" startTime="2022-12-28T13:20:06.1189515+01:00" endTime="2022-12-28T13:20:06.1213004+01:00" testType="13cdc9d9-ddb5-4fa4-a97d-d965ccfc6d4b" outcome="Passed" testListId="8c84fa94-04c1-424b-9868-57a2d4851a1d" relativeResultsDirectory="93838221-9957-4292-96dd-01ad84363f81" />
    <UnitTestResult executionId="eaecd465-f57d-4d50-b09f-ed94ba0e4410" testId="c3baf95c-9f81-4ef9-8299-f3dadeee1ce8" testName="CreateRandom_WithCustomAllowableCharacters_Passing_Valid_Arguments_Returns_String_Random_Value (20,qazwscefbthmiklp09876543)" computerName="PC-SFERRARI" duration="00:00:00.0000167" startTime="2022-12-28T13:20:06.6447815+01:00" endTime="2022-12-28T13:20:06.6449549+01:00" testType="13cdc9d9-ddb5-4fa4-a97d-d965ccfc6d4b" outcome="Passed" testListId="8c84fa94-04c1-424b-9868-57a2d4851a1d" relativeResultsDirectory="eaecd465-f57d-4d50-b09f-ed94ba0e4410" />
    <UnitTestResult executionId="d9e70617-deee-4dc2-92b5-cfb41a8dac93" testId="d502d06b-e38d-47fd-a835-72c7f7c3e2db" testName="ToDefaultValue_Passing_ValidStruct_Returns_DefaultValue" computerName="PC-SFERRARI" duration="00:00:00.0003687" startTime="2022-12-28T13:20:06.6081566+01:00" endTime="2022-12-28T13:20:06.6087872+01:00" testType="13cdc9d9-ddb5-4fa4-a97d-d965ccfc6d4b" outcome="Passed" testListId="8c84fa94-04c1-424b-9868-57a2d4851a1d" relativeResultsDirectory="d9e70617-deee-4dc2-92b5-cfb41a8dac93" />
    <UnitTestResult executionId="610140ca-0999-439e-9ca5-31d42b17a58c" testId="81db9676-40c2-4d90-86ff-15f867ee30f0" testName="CreateRandom_WithCustomAllowableCharacters_Passing_Valid_Arguments_Returns_String_Random_Value (10,7890ABFLFLFFL)" computerName="PC-SFERRARI" duration="00:00:00.0000127" startTime="2022-12-28T13:20:06.6445435+01:00" endTime="2022-12-28T13:20:06.6447358+01:00" testType="13cdc9d9-ddb5-4fa4-a97d-d965ccfc6d4b" outcome="Passed" testListId="8c84fa94-04c1-424b-9868-57a2d4851a1d" relativeResultsDirectory="610140ca-0999-439e-9ca5-31d42b17a58c" />
    <UnitTestResult executionId="fa00eb45-c72e-468b-81bb-ba3cbe0c67cf" testId="ec30723c-b5e5-447b-927f-d924d0201661" testName="ToUri_Passing_ValidValueString_Returns_Uri (http://✪df.ws/123)" computerName="PC-SFERRARI" duration="00:00:00.0002229" startTime="2022-12-28T13:20:06.5104513+01:00" endTime="2022-12-28T13:20:06.5107821+01:00" testType="13cdc9d9-ddb5-4fa4-a97d-d965ccfc6d4b" outcome="Passed" testListId="8c84fa94-04c1-424b-9868-57a2d4851a1d" relativeResultsDirectory="fa00eb45-c72e-468b-81bb-ba3cbe0c67cf" />
    <UnitTestResult executionId="a002245e-c8f5-4e10-abbb-692c73cb42cc" testId="03c9fe88-a1fd-452a-91e0-2e7ef83f50c4" testName="ThrowIfNotFileExtension_Passing_InvalidValue_Returns_ApplicationExceptionWithMessage" computerName="PC-SFERRARI" duration="00:00:00.0012106" startTime="2022-12-28T13:20:06.6167801+01:00" endTime="2022-12-28T13:20:06.6181043+01:00" testType="13cdc9d9-ddb5-4fa4-a97d-d965ccfc6d4b" outcome="Passed" testListId="8c84fa94-04c1-424b-9868-57a2d4851a1d" relativeResultsDirectory="a002245e-c8f5-4e10-abbb-692c73cb42cc" />
    <UnitTestResult executionId="3e69f52c-33b5-4e95-b2e2-3ab70be52625" testId="7ba56987-48ac-42cf-ba1b-8515088d1a11" testName="ToUri_Passing_InvalidValueString_Returns_Null (http://?)" computerName="PC-SFERRARI" duration="00:00:00.0000212" startTime="2022-12-28T13:20:06.5358795+01:00" endTime="2022-12-28T13:20:06.5361535+01:00" testType="13cdc9d9-ddb5-4fa4-a97d-d965ccfc6d4b" outcome="Passed" testListId="8c84fa94-04c1-424b-9868-57a2d4851a1d" relativeResultsDirectory="3e69f52c-33b5-4e95-b2e2-3ab70be52625" />
    <UnitTestResult executionId="e93ed6d0-08b9-4ddc-bb35-6c9aef54d808" testId="cdc69fb6-702f-4080-be87-6840b886fa6c" testName="ToInt_Passing_Enumeration_Name_Returns_Description_Atributte" computerName="PC-SFERRARI" duration="00:00:00.0010878" startTime="2022-12-28T13:20:06.0787947+01:00" endTime="2022-12-28T13:20:06.0799658+01:00" testType="13cdc9d9-ddb5-4fa4-a97d-d965ccfc6d4b" outcome="Passed" testListId="8c84fa94-04c1-424b-9868-57a2d4851a1d" relativeResultsDirectory="e93ed6d0-08b9-4ddc-bb35-6c9aef54d808" />
    <UnitTestResult executionId="fb42cf50-1c52-40ea-8178-e5629d39c97e" testId="6894d0dc-9bc7-4132-a978-085e54118486" testName="CreateRandom_WithCustomAllowableCharacters_Passing_Valid_Arguments_Returns_String_Random_Value (5,aeiou123456)" computerName="PC-SFERRARI" duration="00:00:00.0002094" startTime="2022-12-28T13:20:06.6441033+01:00" endTime="2022-12-28T13:20:06.6444912+01:00" testType="13cdc9d9-ddb5-4fa4-a97d-d965ccfc6d4b" outcome="Passed" testListId="8c84fa94-04c1-424b-9868-57a2d4851a1d" relativeResultsDirectory="fb42cf50-1c52-40ea-8178-e5629d39c97e" />
    <UnitTestResult executionId="762f7fc1-b3ae-419e-b261-e1144e345786" testId="66101cd1-888b-44af-bfa4-2c5a4745a6a8" testName="IsNullOrEmpty_Passing_InvalidValue_Returns_True" computerName="PC-SFERRARI" duration="00:00:00.0002204" startTime="2022-12-28T13:20:06.6136569+01:00" endTime="2022-12-28T13:20:06.6141903+01:00" testType="13cdc9d9-ddb5-4fa4-a97d-d965ccfc6d4b" outcome="Passed" testListId="8c84fa94-04c1-424b-9868-57a2d4851a1d" relativeResultsDirectory="762f7fc1-b3ae-419e-b261-e1144e345786" />
    <UnitTestResult executionId="a4690677-6b1d-4f3d-aae1-53c3d258b58f" testId="3433bf28-ca61-44f0-b3a5-f26f1d87a107" testName="ToReplaceSpecialChars_Passing_ValidValue_Returns_ReplacedValueWithoutIgnoreSpecialChars (àáäâãøçħ,aaaaaoch)" computerName="PC-SFERRARI" duration="00:00:00.0060747" startTime="2022-12-28T13:20:06.4307255+01:00" endTime="2022-12-28T13:20:06.4371992+01:00" testType="13cdc9d9-ddb5-4fa4-a97d-d965ccfc6d4b" outcome="Passed" testListId="8c84fa94-04c1-424b-9868-57a2d4851a1d" relativeResultsDirectory="a4690677-6b1d-4f3d-aae1-53c3d258b58f" />
    <UnitTestResult executionId="41a2d62b-b4e1-4a26-8fcd-0c0bd0397ca9" testId="5a36beb7-05ae-4960-a0df-b49b3b274f33" testName="ToExists_Passing_NotFound_Service_Returns_False" computerName="PC-SFERRARI" duration="00:00:00.0001544" startTime="2022-12-28T13:20:06.3553249+01:00" endTime="2022-12-28T13:20:06.3555549+01:00" testType="13cdc9d9-ddb5-4fa4-a97d-d965ccfc6d4b" outcome="Passed" testListId="8c84fa94-04c1-424b-9868-57a2d4851a1d" relativeResultsDirectory="41a2d62b-b4e1-4a26-8fcd-0c0bd0397ca9" />
    <UnitTestResult executionId="15f19103-e2da-488b-8d2c-b04c0037e7da" testId="bd330577-4bba-45c8-afb5-551f629b0ad0" testName="ToNormalize_Passing_ValidValue_Returns_NormalizedValue (àáäâãøçħ,aaaaaoch)" computerName="PC-SFERRARI" duration="00:00:00.0002608" startTime="2022-12-28T13:20:06.4418472+01:00" endTime="2022-12-28T13:20:06.4422421+01:00" testType="13cdc9d9-ddb5-4fa4-a97d-d965ccfc6d4b" outcome="Passed" testListId="8c84fa94-04c1-424b-9868-57a2d4851a1d" relativeResultsDirectory="15f19103-e2da-488b-8d2c-b04c0037e7da" />
    <UnitTestResult executionId="4d5701bf-15c5-4ff8-8ad7-fbd9c9c8f763" testId="ea6e2092-6a44-4ce8-952e-70c5ccc95561" testName="ToCount_Passing_ValidEnumType_Returns_Count" computerName="PC-SFERRARI" duration="00:00:00.0002161" startTime="2022-12-28T13:20:06.6301470+01:00" endTime="2022-12-28T13:20:06.6305226+01:00" testType="13cdc9d9-ddb5-4fa4-a97d-d965ccfc6d4b" outcome="Passed" testListId="8c84fa94-04c1-424b-9868-57a2d4851a1d" relativeResultsDirectory="4d5701bf-15c5-4ff8-8ad7-fbd9c9c8f763" />
    <UnitTestResult executionId="785b7da3-e4ed-4e01-9aac-0c468f5495a5" testId="0403ce28-1a46-4fd0-918f-75755bedaf01" testName="ToStringFormat_Passing_ValidValue_Returns_ValueWithoutRemovedChars (0)" computerName="PC-SFERRARI" duration="00:00:00.0003065" startTime="2022-12-28T13:20:06.3286730+01:00" endTime="2022-12-28T13:20:06.3293435+01:00" testType="13cdc9d9-ddb5-4fa4-a97d-d965ccfc6d4b" outcome="Passed" testListId="8c84fa94-04c1-424b-9868-57a2d4851a1d" relativeResultsDirectory="785b7da3-e4ed-4e01-9aac-0c468f5495a5" />
    <UnitTestResult executionId="057e099a-0bee-4351-9258-a74475068155" testId="bb9f38e0-d49c-4a95-9abb-8ccda6fd7baf" testName="ToEndOfTheMonth_Passing_DateTime_Returns_End_Of_Month_DateTime" computerName="PC-SFERRARI" duration="00:00:00.0024550" startTime="2022-12-28T13:20:06.0658475+01:00" endTime="2022-12-28T13:20:06.0683970+01:00" testType="13cdc9d9-ddb5-4fa4-a97d-d965ccfc6d4b" outcome="Passed" testListId="8c84fa94-04c1-424b-9868-57a2d4851a1d" relativeResultsDirectory="057e099a-0bee-4351-9258-a74475068155" />
    <UnitTestResult executionId="2745d756-1fae-4f5c-8315-b44fbcae6a78" testId="e397be74-af7f-4197-b607-19776204ff6f" testName="CreateRandom_WithCustomAllowableCharacters_Passing_Valid_Arguments_Returns_String_Random_Value (8,ae)" computerName="PC-SFERRARI" duration="00:00:00.0001452" startTime="2022-12-28T13:20:06.6437365+01:00" endTime="2022-12-28T13:20:06.6440555+01:00" testType="13cdc9d9-ddb5-4fa4-a97d-d965ccfc6d4b" outcome="Passed" testListId="8c84fa94-04c1-424b-9868-57a2d4851a1d" relativeResultsDirectory="2745d756-1fae-4f5c-8315-b44fbcae6a78" />
    <UnitTestResult executionId="80385707-6d1a-4a0f-a737-14557fc928eb" testId="88647952-9c5d-4bc6-bc37-d67a6f67c558" testName="ToUri_Passing_ValidValueString_Returns_Uri (http://142.42.1.1:8080/)" computerName="PC-SFERRARI" duration="00:00:00.0000087" startTime="2022-12-28T13:20:06.5175911+01:00" endTime="2022-12-28T13:20:06.5177582+01:00" testType="13cdc9d9-ddb5-4fa4-a97d-d965ccfc6d4b" outcome="Passed" testListId="8c84fa94-04c1-424b-9868-57a2d4851a1d" relativeResultsDirectory="80385707-6d1a-4a0f-a737-14557fc928eb" />
    <UnitTestResult executionId="ce4e2f3f-c3d2-4994-a940-3bf18a016907" testId="73a8abf8-d42d-43af-8584-b6637a2fb9cd" testName="ToUri_Passing_ValidValueString_Returns_Uri (https://www.example.com/foo/?bar=baz&amp;inga=42&amp;quux)" computerName="PC-SFERRARI" duration="00:00:00.0000059" startTime="2022-12-28T13:20:06.5102970+01:00" endTime="2022-12-28T13:20:06.5104045+01:00" testType="13cdc9d9-ddb5-4fa4-a97d-d965ccfc6d4b" outcome="Passed" testListId="8c84fa94-04c1-424b-9868-57a2d4851a1d" relativeResultsDirectory="ce4e2f3f-c3d2-4994-a940-3bf18a016907" />
    <UnitTestResult executionId="87250dc9-6ee5-479a-8719-977a8b72e2ab" testId="89c345b2-31f7-4c54-b859-ad1dc73fd34e" testName="ToDirectoryFileInfo_Passing_ValidValue_Returns_FileInfo" computerName="PC-SFERRARI" duration="00:00:00.0001158" startTime="2022-12-28T13:20:06.5668165+01:00" endTime="2022-12-28T13:20:06.5670381+01:00" testType="13cdc9d9-ddb5-4fa4-a97d-d965ccfc6d4b" outcome="Passed" testListId="8c84fa94-04c1-424b-9868-57a2d4851a1d" relativeResultsDirectory="87250dc9-6ee5-479a-8719-977a8b72e2ab" />
    <UnitTestResult executionId="f59b4295-fa22-4c35-8a59-885d5af568f2" testId="6e9283e3-82a6-4c9f-8efe-918eebda97b9" testName="ToUri_Passing_ValidValueString_Returns_Uri (http://-.~_!$&amp;'()*+,;=:%40:80%2f::::::@example.com)" computerName="PC-SFERRARI" duration="00:00:00.0000191" startTime="2022-12-28T13:20:06.5278598+01:00" endTime="2022-12-28T13:20:06.5281864+01:00" testType="13cdc9d9-ddb5-4fa4-a97d-d965ccfc6d4b" outcome="Passed" testListId="8c84fa94-04c1-424b-9868-57a2d4851a1d" relativeResultsDirectory="f59b4295-fa22-4c35-8a59-885d5af568f2" />
    <UnitTestResult executionId="f2f732c9-bd2a-4ba4-8796-b87db2251656" testId="c1b8741c-78be-4cdf-8818-de0829e5175b" testName="ToAge_Passing_Birthday_DateTime_Returns_Age" computerName="PC-SFERRARI" duration="00:00:00.0004037" startTime="2022-12-28T13:20:06.0646179+01:00" endTime="2022-12-28T13:20:06.0651620+01:00" testType="13cdc9d9-ddb5-4fa4-a97d-d965ccfc6d4b" outcome="Passed" testListId="8c84fa94-04c1-424b-9868-57a2d4851a1d" relativeResultsDirectory="f2f732c9-bd2a-4ba4-8796-b87db2251656" />
    <UnitTestResult executionId="cefb9397-65b6-4e49-a3ea-95367f40bf60" testId="950910d5-c612-4d41-a045-a52ebb582d18" testName="ToDictionaryPropertyInfo_Passing_Object_IncludeNullOrEmptyProperty_Returns_Properties_NameAndValue_Dictionary" computerName="PC-SFERRARI" duration="00:00:00.0010316" startTime="2022-12-28T13:20:06.1228360+01:00" endTime="2022-12-28T13:20:06.1240604+01:00" testType="13cdc9d9-ddb5-4fa4-a97d-d965ccfc6d4b" outcome="Passed" testListId="8c84fa94-04c1-424b-9868-57a2d4851a1d" relativeResultsDirectory="cefb9397-65b6-4e49-a3ea-95367f40bf60" />
    <UnitTestResult executionId="34571cf9-03f1-43df-a6be-cdb7360f8459" testId="e5b25040-16e3-4624-aff4-777671a83612" testName="ToUri_Passing_InvalidValueString_Returns_DefaultValue (http://)" computerName="PC-SFERRARI" duration="00:00:00.0002114" startTime="2022-12-28T13:20:06.5376157+01:00" endTime="2022-12-28T13:20:06.5379777+01:00" testType="13cdc9d9-ddb5-4fa4-a97d-d965ccfc6d4b" outcome="Passed" testListId="8c84fa94-04c1-424b-9868-57a2d4851a1d" relativeResultsDirectory="34571cf9-03f1-43df-a6be-cdb7360f8459" />
    <UnitTestResult executionId="1ffec194-89c0-44a3-8525-e82774aec159" testId="1e1ba245-fd35-4529-93a1-82208fa9a2f9" testName="ResultDataBadRequest_WithErrors_KeyValue" computerName="PC-SFERRARI" duration="00:00:00.0007970" startTime="2022-12-28T13:20:06.6980967+01:00" endTime="2022-12-28T13:20:06.6989899+01:00" testType="13cdc9d9-ddb5-4fa4-a97d-d965ccfc6d4b" outcome="Passed" testListId="8c84fa94-04c1-424b-9868-57a2d4851a1d" relativeResultsDirectory="1ffec194-89c0-44a3-8525-e82774aec159" />
    <UnitTestResult executionId="76856acf-864f-4e80-9fdd-5057652fb447" testId="4cb244b8-3cc0-4056-b2d1-f041b268ecec" testName="ThrowIfNotEmail_Passing_InvalidValue_Returns_ApplicationExceptionWithMessage (dasdasd@dsasd.._ff)" computerName="PC-SFERRARI" duration="00:00:00.0009532" startTime="2022-12-28T13:20:06.6181949+01:00" endTime="2022-12-28T13:20:06.6193773+01:00" testType="13cdc9d9-ddb5-4fa4-a97d-d965ccfc6d4b" outcome="Passed" testListId="8c84fa94-04c1-424b-9868-57a2d4851a1d" relativeResultsDirectory="76856acf-864f-4e80-9fdd-5057652fb447" />
    <UnitTestResult executionId="e2f5534d-e66f-48d7-97fa-663c48395c3f" testId="c7349646-1df2-409a-bab7-cdd0c34e419c" testName="ToGetAll_Passing_Claims_Returns_Claim_Value_String_List" computerName="PC-SFERRARI" duration="00:00:00.0019137" startTime="2022-12-28T13:20:06.0537399+01:00" endTime="2022-12-28T13:20:06.0557722+01:00" testType="13cdc9d9-ddb5-4fa4-a97d-d965ccfc6d4b" outcome="Passed" testListId="8c84fa94-04c1-424b-9868-57a2d4851a1d" relativeResultsDirectory="e2f5534d-e66f-48d7-97fa-663c48395c3f" />
    <UnitTestResult executionId="bd08d0bf-f5aa-49c5-8a68-caf06a5a8984" testId="87bb86ee-0e17-4773-a587-36564e6573e9" testName="ToRemove_Passing_ValidValue_Returns_ValueWithoutRemovedChars (* , ,*)" computerName="PC-SFERRARI" duration="00:00:00.0004979" startTime="2022-12-28T13:20:06.4143124+01:00" endTime="2022-12-28T13:20:06.4151525+01:00" testType="13cdc9d9-ddb5-4fa4-a97d-d965ccfc6d4b" outcome="Passed" testListId="8c84fa94-04c1-424b-9868-57a2d4851a1d" relativeResultsDirectory="bd08d0bf-f5aa-49c5-8a68-caf06a5a8984" />
    <UnitTestResult executionId="4eb0ca6c-501a-409d-a485-fcef61ca1a6c" testId="8eb95e65-e827-4542-97f3-e9e894eabef4" testName="CreateSHA256_Passing_Invalid_Arguments_Returns_ApplicationException ()" computerName="PC-SFERRARI" duration="00:00:00.0002872" startTime="2022-12-28T13:20:06.6512113+01:00" endTime="2022-12-28T13:20:06.6516914+01:00" testType="13cdc9d9-ddb5-4fa4-a97d-d965ccfc6d4b" outcome="Passed" testListId="8c84fa94-04c1-424b-9868-57a2d4851a1d" relativeResultsDirectory="4eb0ca6c-501a-409d-a485-fcef61ca1a6c" />
    <UnitTestResult executionId="0fa8da7c-3cf5-4544-9d3c-d693269034c9" testId="c9006bdf-d89e-4ab6-a3bb-ee5e9e7861da" testName="ToWhere_Passing_Valid_Predicate_Returns_Filter_List" computerName="PC-SFERRARI" duration="00:00:00.0016830" startTime="2022-12-28T13:20:06.3423220+01:00" endTime="2022-12-28T13:20:06.3441229+01:00" testType="13cdc9d9-ddb5-4fa4-a97d-d965ccfc6d4b" outcome="Passed" testListId="8c84fa94-04c1-424b-9868-57a2d4851a1d" relativeResultsDirectory="0fa8da7c-3cf5-4544-9d3c-d693269034c9" />
    <UnitTestResult executionId="9107036f-33dc-4990-b47b-333e31c5a151" testId="f8b0a69b-5d97-470b-880a-fafcaa8fa569" testName="ToPaged_Passing_Name_Descending_Order_Returns_Filter_List" computerName="PC-SFERRARI" duration="00:00:00.0004696" startTime="2022-12-28T13:20:06.3494479+01:00" endTime="2022-12-28T13:20:06.3500165+01:00" testType="13cdc9d9-ddb5-4fa4-a97d-d965ccfc6d4b" outcome="Passed" testListId="8c84fa94-04c1-424b-9868-57a2d4851a1d" relativeResultsDirectory="9107036f-33dc-4990-b47b-333e31c5a151" />
    <UnitTestResult executionId="342fbfa5-8285-4f76-802b-ae0957bef6ad" testId="52d95817-9c0c-48fe-8818-a3da196f0a18" testName="ToGet_Passing_Claims_Returns_Claim_Value_Object" computerName="PC-SFERRARI" duration="00:00:00.0246865" startTime="2022-12-28T13:20:06.0288130+01:00" endTime="2022-12-28T13:20:06.0536593+01:00" testType="13cdc9d9-ddb5-4fa4-a97d-d965ccfc6d4b" outcome="Passed" testListId="8c84fa94-04c1-424b-9868-57a2d4851a1d" relativeResultsDirectory="342fbfa5-8285-4f76-802b-ae0957bef6ad" />
    <UnitTestResult executionId="244e5091-5593-453e-ae4f-40cf10d945b7" testId="5ad2e2fe-55c1-49fd-b191-f941b51fb72b" testName="ToIsWeekend_Passing_Saturday_DateTime_Returns_True" computerName="PC-SFERRARI" duration="00:00:00.0002808" startTime="2022-12-28T13:20:06.0623687+01:00" endTime="2022-12-28T13:20:06.0627304+01:00" testType="13cdc9d9-ddb5-4fa4-a97d-d965ccfc6d4b" outcome="Passed" testListId="8c84fa94-04c1-424b-9868-57a2d4851a1d" relativeResultsDirectory="244e5091-5593-453e-ae4f-40cf10d945b7" />
    <UnitTestResult executionId="70ae0633-dc5d-4588-b0bb-260c099d47d3" testId="92636ddb-1824-408d-a962-0bc581678619" testName="ToUri_Passing_ValidValueString_Returns_Uri (//foo.com/blah_blah?p=5&amp;j=fe)" computerName="PC-SFERRARI" duration="00:00:00.0000048" startTime="2022-12-28T13:20:06.5082358+01:00" endTime="2022-12-28T13:20:06.5083368+01:00" testType="13cdc9d9-ddb5-4fa4-a97d-d965ccfc6d4b" outcome="Passed" testListId="8c84fa94-04c1-424b-9868-57a2d4851a1d" relativeResultsDirectory="70ae0633-dc5d-4588-b0bb-260c099d47d3" />
    <UnitTestResult executionId="6d921581-96ab-432a-b693-20530a9cd839" testId="7451e969-2830-4ff6-ada2-df34158aba98" testName="ToInt_Passing_InvalidValueString_Returns_Null (1.3333)" computerName="PC-SFERRARI" duration="00:00:00.0001226" startTime="2022-12-28T13:20:06.5514478+01:00" endTime="2022-12-28T13:20:06.5517113+01:00" testType="13cdc9d9-ddb5-4fa4-a97d-d965ccfc6d4b" outcome="Passed" testListId="8c84fa94-04c1-424b-9868-57a2d4851a1d" relativeResultsDirectory="6d921581-96ab-432a-b693-20530a9cd839" />
    <UnitTestResult executionId="de2390b2-a277-4cdd-9c34-6f202c5c9599" testId="13a3d6b9-529b-4926-9e6a-46c9899712a6" testName="ToUri_Passing_InvalidValueString_Returns_DefaultValue (http://?)" computerName="PC-SFERRARI" duration="00:00:00.0002595" startTime="2022-12-28T13:20:06.5371754+01:00" endTime="2022-12-28T13:20:06.5375667+01:00" testType="13cdc9d9-ddb5-4fa4-a97d-d965ccfc6d4b" outcome="Passed" testListId="8c84fa94-04c1-424b-9868-57a2d4851a1d" relativeResultsDirectory="de2390b2-a277-4cdd-9c34-6f202c5c9599" />
    <UnitTestResult executionId="f5351b19-4f1f-44e9-92bc-808f87159589" testId="44639382-7185-4d06-a065-bc4523de8e26" testName="ToExists_Passing_Service_Not_Found_Returns_False" computerName="PC-SFERRARI" duration="00:00:00.0004463" startTime="2022-12-28T13:20:05.9030571+01:00" endTime="2022-12-28T13:20:05.9036423+01:00" testType="13cdc9d9-ddb5-4fa4-a97d-d965ccfc6d4b" outcome="Passed" testListId="8c84fa94-04c1-424b-9868-57a2d4851a1d" relativeResultsDirectory="f5351b19-4f1f-44e9-92bc-808f87159589" />
    <UnitTestResult executionId="fa2e6700-0eec-4e44-9ae1-46dbba6859fb" testId="85aa828a-cfcd-4c7d-ad28-8d42db887bdd" testName="ToDefaultValue_Passing_ValidGuid_Returns_DefaultValue" computerName="PC-SFERRARI" duration="00:00:00.0002799" startTime="2022-12-28T13:20:06.6096910+01:00" endTime="2022-12-28T13:20:06.6100657+01:00" testType="13cdc9d9-ddb5-4fa4-a97d-d965ccfc6d4b" outcome="Passed" testListId="8c84fa94-04c1-424b-9868-57a2d4851a1d" relativeResultsDirectory="fa2e6700-0eec-4e44-9ae1-46dbba6859fb" />
    <UnitTestResult executionId="342a0304-2824-4633-a3ee-af0010e46c85" testId="0d54d14e-b44a-4d5f-92db-c40692ed1648" testName="ToRandom_Passing_ValidValueString_Returns_String" computerName="PC-SFERRARI" duration="00:00:00.0040711" startTime="2022-12-28T13:20:06.6016244+01:00" endTime="2022-12-28T13:20:06.6059044+01:00" testType="13cdc9d9-ddb5-4fa4-a97d-d965ccfc6d4b" outcome="Passed" testListId="8c84fa94-04c1-424b-9868-57a2d4851a1d" relativeResultsDirectory="342a0304-2824-4633-a3ee-af0010e46c85" />
    <UnitTestResult executionId="360fb523-8cec-4142-bfbe-50aacfdbdac9" testId="33c671d0-9150-4f46-ba18-65b7fc27c1de" testName="ToService_Passing_Service_Not_Found_Returns_Null" computerName="PC-SFERRARI" duration="00:00:00.0002915" startTime="2022-12-28T13:20:05.9043610+01:00" endTime="2022-12-28T13:20:05.9047570+01:00" testType="13cdc9d9-ddb5-4fa4-a97d-d965ccfc6d4b" outcome="Passed" testListId="8c84fa94-04c1-424b-9868-57a2d4851a1d" relativeResultsDirectory="360fb523-8cec-4142-bfbe-50aacfdbdac9" />
    <UnitTestResult executionId="7a829002-676a-4e9c-b47d-f3d79a7793d5" testId="b205b43f-287c-4479-a181-51245046465a" testName="ToDefaultValue_Passing_decimal_Returns_Cero" computerName="PC-SFERRARI" duration="00:00:00.0003881" startTime="2022-12-28T13:20:06.1173157+01:00" endTime="2022-12-28T13:20:06.1178285+01:00" testType="13cdc9d9-ddb5-4fa4-a97d-d965ccfc6d4b" outcome="Passed" testListId="8c84fa94-04c1-424b-9868-57a2d4851a1d" relativeResultsDirectory="7a829002-676a-4e9c-b47d-f3d79a7793d5" />
    <UnitTestResult executionId="aa8c157d-4707-4831-8159-22786fde0cac" testId="b9400b57-7090-4afc-9535-89e93cdedbdb" testName="ToDefaultValue_Passing_ulong_Returns_Cero" computerName="PC-SFERRARI" duration="00:00:00.0003128" startTime="2022-12-28T13:20:06.1153473+01:00" endTime="2022-12-28T13:20:06.1157848+01:00" testType="13cdc9d9-ddb5-4fa4-a97d-d965ccfc6d4b" outcome="Passed" testListId="8c84fa94-04c1-424b-9868-57a2d4851a1d" relativeResultsDirectory="aa8c157d-4707-4831-8159-22786fde0cac" />
    <UnitTestResult executionId="6326825b-f76f-454e-9118-a4949dd1540b" testId="8e1bf0a0-e943-4b1b-b3f2-701705e3d49d" testName="ToExists_Passing_Claims_Returns_True" computerName="PC-SFERRARI" duration="00:00:00.0006763" startTime="2022-12-28T13:20:06.0192650+01:00" endTime="2022-12-28T13:20:06.0200430+01:00" testType="13cdc9d9-ddb5-4fa4-a97d-d965ccfc6d4b" outcome="Passed" testListId="8c84fa94-04c1-424b-9868-57a2d4851a1d" relativeResultsDirectory="6326825b-f76f-454e-9118-a4949dd1540b" />
    <UnitTestResult executionId="820d8b4a-f091-4d57-ba8a-fd46dd7e0bd1" testId="5fec4689-652c-44d1-8c8a-2acb4979423c" testName="ToUri_Passing_ValidValueString_Returns_Uri (https://foo.com/blah_blah/)" computerName="PC-SFERRARI" duration="00:00:00.0000058" startTime="2022-12-28T13:20:06.5055929+01:00" endTime="2022-12-28T13:20:06.5056954+01:00" testType="13cdc9d9-ddb5-4fa4-a97d-d965ccfc6d4b" outcome="Passed" testListId="8c84fa94-04c1-424b-9868-57a2d4851a1d" relativeResultsDirectory="820d8b4a-f091-4d57-ba8a-fd46dd7e0bd1" />
    <UnitTestResult executionId="dac65055-d8ed-4cf3-8218-85f84ba62696" testId="d1bf401b-270c-42d5-93a2-8626d952391d" testName="ToMapNew_Passing_TSource_And_TDestination_Returns_New_TDestination_Object" computerName="PC-SFERRARI" duration="00:00:00.0055128" startTime="2022-12-28T13:20:05.6623410+01:00" endTime="2022-12-28T13:20:05.6679836+01:00" testType="13cdc9d9-ddb5-4fa4-a97d-d965ccfc6d4b" outcome="Passed" testListId="8c84fa94-04c1-424b-9868-57a2d4851a1d" relativeResultsDirectory="dac65055-d8ed-4cf3-8218-85f84ba62696" />
    <UnitTestResult executionId="7b449ff7-fc07-4654-b8aa-f50dd5f2bce6" testId="bbb789ff-50e4-41f5-a940-49282590f37c" testName="ThrowIfNotEmail_Passing_InvalidValue_Returns_ApplicationExceptionWithMessage ()" computerName="PC-SFERRARI" duration="00:00:00.0000921" startTime="2022-12-28T13:20:06.6231170+01:00" endTime="2022-12-28T13:20:06.6234762+01:00" testType="13cdc9d9-ddb5-4fa4-a97d-d965ccfc6d4b" outcome="Passed" testListId="8c84fa94-04c1-424b-9868-57a2d4851a1d" relativeResultsDirectory="7b449ff7-fc07-4654-b8aa-f50dd5f2bce6" />
    <UnitTestResult executionId="7bb67e4b-790f-42c2-8f28-076244615bae" testId="43043d18-c9cb-49ed-bcb6-bae32567f864" testName="ToEnvironment_Passing_Service_Not_Found_Returns_ApplicationException" computerName="PC-SFERRARI" duration="00:00:00.0050005" startTime="2022-12-28T13:20:05.8977949+01:00" endTime="2022-12-28T13:20:05.9029310+01:00" testType="13cdc9d9-ddb5-4fa4-a97d-d965ccfc6d4b" outcome="Passed" testListId="8c84fa94-04c1-424b-9868-57a2d4851a1d" relativeResultsDirectory="7bb67e4b-790f-42c2-8f28-076244615bae" />
    <UnitTestResult executionId="ca98a9a0-5ac8-444a-b2cc-e1e06ba3b181" testId="5936ecf8-f9d7-489d-a8d0-9b76472bddf9" testName="ToExists_Passing_Valid_Service_Returns_True" computerName="PC-SFERRARI" duration="00:00:00.0002352" startTime="2022-12-28T13:20:06.3555936+01:00" endTime="2022-12-28T13:20:06.3558919+01:00" testType="13cdc9d9-ddb5-4fa4-a97d-d965ccfc6d4b" outcome="Passed" testListId="8c84fa94-04c1-424b-9868-57a2d4851a1d" relativeResultsDirectory="ca98a9a0-5ac8-444a-b2cc-e1e06ba3b181" />
    <UnitTestResult executionId="a476338e-6ac4-4592-9723-2409061a68aa" testId="c6e90529-6be8-4668-8f9b-71fa68ece28d" testName="ThrowIfNotEmail_Passing_InvalidValue_Returns_ApplicationExceptionWithMessage (34?fsds@sdd.yy)" computerName="PC-SFERRARI" duration="00:00:00.0000652" startTime="2022-12-28T13:20:06.6237573+01:00" endTime="2022-12-28T13:20:06.6239693+01:00" testType="13cdc9d9-ddb5-4fa4-a97d-d965ccfc6d4b" outcome="Passed" testListId="8c84fa94-04c1-424b-9868-57a2d4851a1d" relativeResultsDirectory="a476338e-6ac4-4592-9723-2409061a68aa" />
    <UnitTestResult executionId="04bd4efa-c3c9-4a6f-ae52-8e20a8541cbf" testId="5df08a6e-1a3c-42f8-a3dc-73def2db83eb" testName="ThrowIf_Passing_InvalidValue_Returns_ApplicationExceptionWithMessage" computerName="PC-SFERRARI" duration="00:00:00.0003460" startTime="2022-12-28T13:20:06.6293532+01:00" endTime="2022-12-28T13:20:06.6298001+01:00" testType="13cdc9d9-ddb5-4fa4-a97d-d965ccfc6d4b" outcome="Passed" testListId="8c84fa94-04c1-424b-9868-57a2d4851a1d" relativeResultsDirectory="04bd4efa-c3c9-4a6f-ae52-8e20a8541cbf" />
    <UnitTestResult executionId="b9771d01-1019-4b41-9f26-8a242f796282" testId="8d11a9db-03b0-47a6-ba87-d1fc4e8a9885" testName="ToHashAlgorithmName_Passing_InvalidValueLowerCaseString_Returns_Null (md5)" computerName="PC-SFERRARI" duration="00:00:00.0003626" startTime="2022-12-28T13:20:06.5492227+01:00" endTime="2022-12-28T13:20:06.5498665+01:00" testType="13cdc9d9-ddb5-4fa4-a97d-d965ccfc6d4b" outcome="Passed" testListId="8c84fa94-04c1-424b-9868-57a2d4851a1d" relativeResultsDirectory="b9771d01-1019-4b41-9f26-8a242f796282" />
    <UnitTestResult executionId="435713e8-e658-4648-86f6-1dfe226e7000" testId="250ca389-ee83-4cd2-9d80-91c77e0d8563" testName="ToUri_Passing_ValidValueString_Returns_Uri (//foo.com/blah_blah?p=5)" computerName="PC-SFERRARI" duration="00:00:00.0000048" startTime="2022-12-28T13:20:06.5081064+01:00" endTime="2022-12-28T13:20:06.5082070+01:00" testType="13cdc9d9-ddb5-4fa4-a97d-d965ccfc6d4b" outcome="Passed" testListId="8c84fa94-04c1-424b-9868-57a2d4851a1d" relativeResultsDirectory="435713e8-e658-4648-86f6-1dfe226e7000" />
    <UnitTestResult executionId="6bf05fd7-f992-4cfc-8207-532eeea726f5" testId="47062746-abdb-4d2e-a56e-ddd485ecb1f3" testName="ResultDataUnauthorized" computerName="PC-SFERRARI" duration="00:00:00.0004291" startTime="2022-12-28T13:20:06.6970747+01:00" endTime="2022-12-28T13:20:06.6976524+01:00" testType="13cdc9d9-ddb5-4fa4-a97d-d965ccfc6d4b" outcome="Passed" testListId="8c84fa94-04c1-424b-9868-57a2d4851a1d" relativeResultsDirectory="6bf05fd7-f992-4cfc-8207-532eeea726f5" />
    <UnitTestResult executionId="b2f20dcd-3aa7-41c0-bc74-e5e969fdfe1f" testId="58173c3c-8db4-4770-a515-46e1e1879aba" testName="ToPaged_Passing_Age_Descending_Order_Returns_Filter_List" computerName="PC-SFERRARI" duration="00:00:00.0004274" startTime="2022-12-28T13:20:06.3476064+01:00" endTime="2022-12-28T13:20:06.3481311+01:00" testType="13cdc9d9-ddb5-4fa4-a97d-d965ccfc6d4b" outcome="Passed" testListId="8c84fa94-04c1-424b-9868-57a2d4851a1d" relativeResultsDirectory="b2f20dcd-3aa7-41c0-bc74-e5e969fdfe1f" />
    <UnitTestResult executionId="89f51241-2065-4b0c-88ab-adcb994e23f1" testId="b6b77b7d-65ad-44a0-b057-236b26d4d224" testName="CreateSHA512_Passing_Invalid_Arguments_Returns_ApplicationException ( )" computerName="PC-SFERRARI" duration="00:00:00.0000728" startTime="2022-12-28T13:20:06.6593886+01:00" endTime="2022-12-28T13:20:06.6596439+01:00" testType="13cdc9d9-ddb5-4fa4-a97d-d965ccfc6d4b" outcome="Passed" testListId="8c84fa94-04c1-424b-9868-57a2d4851a1d" relativeResultsDirectory="89f51241-2065-4b0c-88ab-adcb994e23f1" />
    <UnitTestResult executionId="e8a0fb41-a57b-48ce-b7f3-f5cd6711455e" testId="a4d96c90-41c4-46a6-948f-b81047c33027" testName="ToUri_Passing_ValidValueString_Returns_Uri (https://foo.com/blah_blah)" computerName="PC-SFERRARI" duration="00:00:00.0000062" startTime="2022-12-28T13:20:06.5054407+01:00" endTime="2022-12-28T13:20:06.5055642+01:00" testType="13cdc9d9-ddb5-4fa4-a97d-d965ccfc6d4b" outcome="Passed" testListId="8c84fa94-04c1-424b-9868-57a2d4851a1d" relativeResultsDirectory="e8a0fb41-a57b-48ce-b7f3-f5cd6711455e" />
    <UnitTestResult executionId="424ea91a-34e5-4fad-9462-3ff6821feae7" testId="8549ddc1-8f0e-4657-948e-f6d689880a33" testName="ThrowIfNotSubdomain_Passing_InvalidValue_Returns_ApplicationExceptionWithMessage (dasdasd@dsasd.._ff)" computerName="PC-SFERRARI" duration="00:00:00.0009700" startTime="2022-12-28T13:20:06.6240377+01:00" endTime="2022-12-28T13:20:06.6251482+01:00" testType="13cdc9d9-ddb5-4fa4-a97d-d965ccfc6d4b" outcome="Passed" testListId="8c84fa94-04c1-424b-9868-57a2d4851a1d" relativeResultsDirectory="424ea91a-34e5-4fad-9462-3ff6821feae7" />
    <UnitTestResult executionId="303e7dcb-815f-4e1f-83e8-a82a7abb5313" testId="f080ba11-aa53-46e0-8d66-ec65d3704602" testName="CreateAndVerifySHA256_Passing_Valid_Arguments_Returns_True (sdlfkjldsfksdfñl·%$·&amp;$/U&amp;/)(&amp;()?=)¿?^P*^PÑL,.,.lñ´ñ+98098'098098)" computerName="PC-SFERRARI" duration="00:00:00.0000301" startTime="2022-12-28T13:20:06.6578758+01:00" endTime="2022-12-28T13:20:06.6580491+01:00" testType="13cdc9d9-ddb5-4fa4-a97d-d965ccfc6d4b" outcome="Passed" testListId="8c84fa94-04c1-424b-9868-57a2d4851a1d" relativeResultsDirectory="303e7dcb-815f-4e1f-83e8-a82a7abb5313" />
    <UnitTestResult executionId="cad33393-3971-447c-ac2e-f01d46d8208d" testId="af96b68e-2df5-474a-aa4f-a921acb5997a" testName="ToList_Passing_ValidEnumTypeWithResourceType_Returns_ValuesList" computerName="PC-SFERRARI" duration="00:00:00.0009972" startTime="2022-12-28T13:20:06.6359672+01:00" endTime="2022-12-28T13:20:06.6370516+01:00" testType="13cdc9d9-ddb5-4fa4-a97d-d965ccfc6d4b" outcome="Passed" testListId="8c84fa94-04c1-424b-9868-57a2d4851a1d" relativeResultsDirectory="cad33393-3971-447c-ac2e-f01d46d8208d" />
    <UnitTestResult executionId="1b768eb6-4dc8-4d58-91b8-31bc84e52582" testId="e62e9177-2167-4d14-82cf-961657d0810f" testName="ToReplaceSpecialChars_Passing_ValidValue_Returns_ReplacedValueWithoutIgnoreSpecialChars ( àáäâ ãøçħ , aaaa aoch )" computerName="PC-SFERRARI" duration="00:00:00.0003345" startTime="2022-12-28T13:20:06.4372876+01:00" endTime="2022-12-28T13:20:06.4383001+01:00" testType="13cdc9d9-ddb5-4fa4-a97d-d965ccfc6d4b" outcome="Passed" testListId="8c84fa94-04c1-424b-9868-57a2d4851a1d" relativeResultsDirectory="1b768eb6-4dc8-4d58-91b8-31bc84e52582" />
    <UnitTestResult executionId="f3f7f476-de30-485c-8a5d-cdef7288f911" testId="dce6e8b3-abe3-47e9-8fef-5c1fb5f21a2a" testName="ToUri_Passing_ValidValueString_Returns_Uri (http://userid@example.com:8080/)" computerName="PC-SFERRARI" duration="00:00:00.0000083" startTime="2022-12-28T13:20:06.5134102+01:00" endTime="2022-12-28T13:20:06.5135760+01:00" testType="13cdc9d9-ddb5-4fa4-a97d-d965ccfc6d4b" outcome="Passed" testListId="8c84fa94-04c1-424b-9868-57a2d4851a1d" relativeResultsDirectory="f3f7f476-de30-485c-8a5d-cdef7288f911" />
    <UnitTestResult executionId="f7e40c9a-d8df-44e0-81bd-af4fedb089d0" testId="4932a66a-9607-4f31-9a4d-132d969e67d1" testName="ToUri_Passing_InvalidValueString_Returns_Null (http://#)" computerName="PC-SFERRARI" duration="00:00:00.0000099" startTime="2022-12-28T13:20:06.5366139+01:00" endTime="2022-12-28T13:20:06.5367525+01:00" testType="13cdc9d9-ddb5-4fa4-a97d-d965ccfc6d4b" outcome="Passed" testListId="8c84fa94-04c1-424b-9868-57a2d4851a1d" relativeResultsDirectory="f7e40c9a-d8df-44e0-81bd-af4fedb089d0" />
    <UnitTestResult executionId="f858ddc0-06f9-48e7-bd7c-88b9a6ca56b1" testId="4f9555d8-d585-4a73-a09d-1eced83aa294" testName="ToMapClone_Passing_Source_Returns_New_Source_Object" computerName="PC-SFERRARI" duration="00:00:00.2110338" startTime="2022-12-28T13:20:05.4509564+01:00" endTime="2022-12-28T13:20:05.6622500+01:00" testType="13cdc9d9-ddb5-4fa4-a97d-d965ccfc6d4b" outcome="Passed" testListId="8c84fa94-04c1-424b-9868-57a2d4851a1d" relativeResultsDirectory="f858ddc0-06f9-48e7-bd7c-88b9a6ca56b1" />
    <UnitTestResult executionId="4a26185e-284f-497c-8489-204f49ae93b9" testId="8e4bc49e-094a-450c-8514-e289ac4df4ac" testName="ToIsNameThrow_Passing_InvalidValue_Returns_ApplicationExceptionWithMessage" computerName="PC-SFERRARI" duration="00:00:00.0008341" startTime="2022-12-28T13:20:06.6265546+01:00" endTime="2022-12-28T13:20:06.6274759+01:00" testType="13cdc9d9-ddb5-4fa4-a97d-d965ccfc6d4b" outcome="Passed" testListId="8c84fa94-04c1-424b-9868-57a2d4851a1d" relativeResultsDirectory="4a26185e-284f-497c-8489-204f49ae93b9" />
    <UnitTestResult executionId="9246192c-2285-4c21-8023-ca2ea3c65ee6" testId="2953f239-1ac7-49bd-9d97-2d7910fab2c5" testName="ToServiceMatchingInterface_Passing_Valid_Assembly_And_Valid_Interface_Returns_Service" computerName="PC-SFERRARI" duration="00:00:00.0112397" startTime="2022-12-28T13:20:06.3598115+01:00" endTime="2022-12-28T13:20:06.3711900+01:00" testType="13cdc9d9-ddb5-4fa4-a97d-d965ccfc6d4b" outcome="Passed" testListId="8c84fa94-04c1-424b-9868-57a2d4851a1d" relativeResultsDirectory="9246192c-2285-4c21-8023-ca2ea3c65ee6" />
    <UnitTestResult executionId="049b3958-3b0a-4158-bbe6-66425aef6721" testId="eb8401fc-a990-4e3a-88cc-a1c8a014c9b6" testName="ToInt_Passing_InvalidValueString_Returns_DefaultValue (asdasdasdasd234324)" computerName="PC-SFERRARI" duration="00:00:00.0000058" startTime="2022-12-28T13:20:06.5582450+01:00" endTime="2022-12-28T13:20:06.5583695+01:00" testType="13cdc9d9-ddb5-4fa4-a97d-d965ccfc6d4b" outcome="Passed" testListId="8c84fa94-04c1-424b-9868-57a2d4851a1d" relativeResultsDirectory="049b3958-3b0a-4158-bbe6-66425aef6721" />
    <UnitTestResult executionId="ade436a4-0450-461c-8323-acac8f7cc389" testId="720e49f4-2710-4267-a965-ede0cefaa39d" testName="ToReplace_Passing_ValidValue_Returns_ReplacedValue (aeiou,*,0,5,*****)" computerName="PC-SFERRARI" duration="00:00:00.0000076" startTime="2022-12-28T13:20:06.4298714+01:00" endTime="2022-12-28T13:20:06.4301119+01:00" testType="13cdc9d9-ddb5-4fa4-a97d-d965ccfc6d4b" outcome="Passed" testListId="8c84fa94-04c1-424b-9868-57a2d4851a1d" relativeResultsDirectory="ade436a4-0450-461c-8323-acac8f7cc389" />
    <UnitTestResult executionId="4bd7a51a-da7d-466c-aca9-ba7b057d75d1" testId="c82329f1-eb65-465a-9424-25dfd9d6fa6b" testName="ToDefaultValue_Passing_short_Returns_Cero" computerName="PC-SFERRARI" duration="00:00:00.0002738" startTime="2022-12-28T13:20:06.0998053+01:00" endTime="2022-12-28T13:20:06.1001665+01:00" testType="13cdc9d9-ddb5-4fa4-a97d-d965ccfc6d4b" outcome="Passed" testListId="8c84fa94-04c1-424b-9868-57a2d4851a1d" relativeResultsDirectory="4bd7a51a-da7d-466c-aca9-ba7b057d75d1" />
    <UnitTestResult executionId="3fb8810f-f190-4cc7-b0cc-524641f5893e" testId="7f4a11ff-e9de-497e-9440-600b54845c03" testName="ToUri_Passing_ValidValueString_Returns_Uri (http://⌘.ws/)" computerName="PC-SFERRARI" duration="00:00:00.0000138" startTime="2022-12-28T13:20:06.5183207+01:00" endTime="2022-12-28T13:20:06.5184911+01:00" testType="13cdc9d9-ddb5-4fa4-a97d-d965ccfc6d4b" outcome="Passed" testListId="8c84fa94-04c1-424b-9868-57a2d4851a1d" relativeResultsDirectory="3fb8810f-f190-4cc7-b0cc-524641f5893e" />
    <UnitTestResult executionId="ecf75efc-ba90-4640-bcf4-f5189a860d12" testId="fbd95cff-a019-4f11-a93a-280dd3fae075" testName="ThrowIfDirectoryNotExists_Passing_InvalidValue_Returns_ApplicationExceptionWithMessage" computerName="PC-SFERRARI" duration="00:00:00.0004028" startTime="2022-12-28T13:20:06.6157292+01:00" endTime="2022-12-28T13:20:06.6162140+01:00" testType="13cdc9d9-ddb5-4fa4-a97d-d965ccfc6d4b" outcome="Passed" testListId="8c84fa94-04c1-424b-9868-57a2d4851a1d" relativeResultsDirectory="ecf75efc-ba90-4640-bcf4-f5189a860d12" />
    <UnitTestResult executionId="c8be21b4-114b-4192-98af-0557b2f81fee" testId="efac0b23-90e8-4131-a612-4f7d7186ccb3" testName="ToCompress_Passing_Value_Bytes_Returns_Value_Bytes" computerName="PC-SFERRARI" duration="00:00:00.0309749" startTime="2022-12-28T13:20:05.9098782+01:00" endTime="2022-12-28T13:20:05.9411921+01:00" testType="13cdc9d9-ddb5-4fa4-a97d-d965ccfc6d4b" outcome="Passed" testListId="8c84fa94-04c1-424b-9868-57a2d4851a1d" relativeResultsDirectory="c8be21b4-114b-4192-98af-0557b2f81fee" />
    <UnitTestResult executionId="113af5ba-2f94-4ba8-a545-b50d1597d0fb" testId="a111f2c4-efc0-499b-96cb-e51e8fc17b8d" testName="ThrowIfNotEmail_Passing_InvalidValue_Returns_ApplicationExceptionWithMessage (34fsds@@sdd.f)" computerName="PC-SFERRARI" duration="00:00:00.0002944" startTime="2022-12-28T13:20:06.6194417+01:00" endTime="2022-12-28T13:20:06.6199100+01:00" testType="13cdc9d9-ddb5-4fa4-a97d-d965ccfc6d4b" outcome="Passed" testListId="8c84fa94-04c1-424b-9868-57a2d4851a1d" relativeResultsDirectory="113af5ba-2f94-4ba8-a545-b50d1597d0fb" />
    <UnitTestResult executionId="0bab7d71-3019-45ef-8993-abf82fb011d3" testId="d80ac55e-ba7f-4756-abd3-2152477ad754" testName="ToInt_Passing_ValidValueString_Returns_Int (1234567890)" computerName="PC-SFERRARI" duration="00:00:00.0002046" startTime="2022-12-28T13:20:06.5510546+01:00" endTime="2022-12-28T13:20:06.5513979+01:00" testType="13cdc9d9-ddb5-4fa4-a97d-d965ccfc6d4b" outcome="Passed" testListId="8c84fa94-04c1-424b-9868-57a2d4851a1d" relativeResultsDirectory="0bab7d71-3019-45ef-8993-abf82fb011d3" />
    <UnitTestResult executionId="40ac4b31-dd35-4874-842e-9c5a34696a74" testId="cc784921-7c95-4ea7-9389-b35425762d7b" testName="ToDefaultValue_Passing_long_Returns_Cero (9223372036854775807)" computerName="PC-SFERRARI" duration="00:00:00.0003424" startTime="2022-12-28T13:20:06.1145251+01:00" endTime="2022-12-28T13:20:06.1152725+01:00" testType="13cdc9d9-ddb5-4fa4-a97d-d965ccfc6d4b" outcome="Passed" testListId="8c84fa94-04c1-424b-9868-57a2d4851a1d" relativeResultsDirectory="40ac4b31-dd35-4874-842e-9c5a34696a74" />
    <UnitTestResult executionId="21516fae-b115-4dc9-b392-9680b01fc0d8" testId="e0c15286-326d-46b9-8454-95f907d0aef8" testName="ToNormalize_Passing_ValidValue_Returns_NormalizedValue (ç,c)" computerName="PC-SFERRARI" duration="00:00:00.0000290" startTime="2022-12-28T13:20:06.4432728+01:00" endTime="2022-12-28T13:20:06.4434111+01:00" testType="13cdc9d9-ddb5-4fa4-a97d-d965ccfc6d4b" outcome="Passed" testListId="8c84fa94-04c1-424b-9868-57a2d4851a1d" relativeResultsDirectory="21516fae-b115-4dc9-b392-9680b01fc0d8" />
    <UnitTestResult executionId="56a733b6-606b-42f0-99b7-21087d734dc1" testId="9f6e9140-7168-415e-b161-f13770ac17de" testName="GetValues_Passing_Valid_Key_Returns_Values" computerName="PC-SFERRARI" duration="00:00:00.0006997" startTime="2022-12-28T13:20:06.0739667+01:00" endTime="2022-12-28T13:20:06.0748192+01:00" testType="13cdc9d9-ddb5-4fa4-a97d-d965ccfc6d4b" outcome="Passed" testListId="8c84fa94-04c1-424b-9868-57a2d4851a1d" relativeResultsDirectory="56a733b6-606b-42f0-99b7-21087d734dc1" />
    <UnitTestResult executionId="b8c70371-d2b3-411c-afa8-e2f98bdb1f40" testId="75844bdb-2729-405d-87f8-c46350c50b7e" testName="ToUri_Passing_ValidValueString_Returns_Uri (//foo.com/blah_blah)" computerName="PC-SFERRARI" duration="00:00:00.0000050" startTime="2022-12-28T13:20:06.5077026+01:00" endTime="2022-12-28T13:20:06.5078053+01:00" testType="13cdc9d9-ddb5-4fa4-a97d-d965ccfc6d4b" outcome="Passed" testListId="8c84fa94-04c1-424b-9868-57a2d4851a1d" relativeResultsDirectory="b8c70371-d2b3-411c-afa8-e2f98bdb1f40" />
    <UnitTestResult executionId="da6b945b-0e58-4f67-b3a2-a395284ce781" testId="db7bf1f9-253e-42a9-a66a-8012114cb436" testName="ToNormalize_Passing_ValidValue_Returns_NormalizedValue (ñ Ñ,n N)" computerName="PC-SFERRARI" duration="00:00:00.0000372" startTime="2022-12-28T13:20:06.4553208+01:00" endTime="2022-12-28T13:20:06.4555041+01:00" testType="13cdc9d9-ddb5-4fa4-a97d-d965ccfc6d4b" outcome="Passed" testListId="8c84fa94-04c1-424b-9868-57a2d4851a1d" relativeResultsDirectory="da6b945b-0e58-4f67-b3a2-a395284ce781" />
    <UnitTestResult executionId="2fba93fb-bd55-4212-880d-0c727d49bb5c" testId="53802b22-f65c-4295-9edf-21a20a35fa16" testName="ToFirstLetterLower_Passing_ValidValue_Returns_StringWithFirstLetterLower (AEIOU,aEIOU)" computerName="PC-SFERRARI" duration="00:00:00.0000050" startTime="2022-12-28T13:20:06.4826886+01:00" endTime="2022-12-28T13:20:06.4827953+01:00" testType="13cdc9d9-ddb5-4fa4-a97d-d965ccfc6d4b" outcome="Passed" testListId="8c84fa94-04c1-424b-9868-57a2d4851a1d" relativeResultsDirectory="2fba93fb-bd55-4212-880d-0c727d49bb5c" />
    <UnitTestResult executionId="bcddd7d7-d0c9-4140-b3f4-402b4ebc8526" testId="08440528-6103-4d95-8218-29f6befee526" testName="ToUri_Passing_InvalidValueString_Returns_Null (http://..)" computerName="PC-SFERRARI" duration="00:00:00.0000120" startTime="2022-12-28T13:20:06.5324252+01:00" endTime="2022-12-28T13:20:06.5325798+01:00" testType="13cdc9d9-ddb5-4fa4-a97d-d965ccfc6d4b" outcome="Passed" testListId="8c84fa94-04c1-424b-9868-57a2d4851a1d" relativeResultsDirectory="bcddd7d7-d0c9-4140-b3f4-402b4ebc8526" />
    <UnitTestResult executionId="be497203-7f22-4b9a-8261-a89e2e05dacc" testId="a5f2cc63-d295-4db8-946f-afd59c22814e" testName="ToEmailMask_Passing_ValidEmail_Returns_EmailWithMask (qaz@gmailgmail.com,q-z@g---------.com)" computerName="PC-SFERRARI" duration="00:00:00.0000171" startTime="2022-12-28T13:20:06.5017982+01:00" endTime="2022-12-28T13:20:06.5019180+01:00" testType="13cdc9d9-ddb5-4fa4-a97d-d965ccfc6d4b" outcome="Passed" testListId="8c84fa94-04c1-424b-9868-57a2d4851a1d" relativeResultsDirectory="be497203-7f22-4b9a-8261-a89e2e05dacc" />
    <UnitTestResult executionId="dc093578-3841-4eae-99ba-6accc3e9d474" testId="59cb8f09-b1ff-43bf-a381-4595e6d4a4d9" testName="ToGetAll_Passing_Claims_Returns_Claim_Value_Object_List" computerName="PC-SFERRARI" duration="00:00:00.0018377" startTime="2022-12-28T13:20:06.0592646+01:00" endTime="2022-12-28T13:20:06.0612195+01:00" testType="13cdc9d9-ddb5-4fa4-a97d-d965ccfc6d4b" outcome="Passed" testListId="8c84fa94-04c1-424b-9868-57a2d4851a1d" relativeResultsDirectory="dc093578-3841-4eae-99ba-6accc3e9d474" />
    <UnitTestResult executionId="da40fad8-bef6-4c4f-b393-f6b4dab7b341" testId="060d6fac-7997-4fb7-9fe0-aa3682b28167" testName="ToNormalize_Passing_ValidValue_Returns_NormalizedValue (èéëê,eeee)" computerName="PC-SFERRARI" duration="00:00:00.0000525" startTime="2022-12-28T13:20:06.4491240+01:00" endTime="2022-12-28T13:20:06.4493635+01:00" testType="13cdc9d9-ddb5-4fa4-a97d-d965ccfc6d4b" outcome="Passed" testListId="8c84fa94-04c1-424b-9868-57a2d4851a1d" relativeResultsDirectory="da40fad8-bef6-4c4f-b393-f6b4dab7b341" />
    <UnitTestResult executionId="29497e5d-82b6-4fb8-b4e6-e8381a993607" testId="466e86b5-7bf2-4c90-8972-c946c509b8c4" testName="ToEnum_Passing_ValidValue_String_Returns_EnumValue" computerName="PC-SFERRARI" duration="00:00:00.0022697" startTime="2022-12-28T13:20:06.4555461+01:00" endTime="2022-12-28T13:20:06.4579174+01:00" testType="13cdc9d9-ddb5-4fa4-a97d-d965ccfc6d4b" outcome="Passed" testListId="8c84fa94-04c1-424b-9868-57a2d4851a1d" relativeResultsDirectory="29497e5d-82b6-4fb8-b4e6-e8381a993607" />
    <UnitTestResult executionId="4459fb8c-710e-4146-9768-0499b982e88b" testId="557021ee-e114-4c61-bad8-f0a1d120269a" testName="ToUri_Passing_ValidValueString_Returns_Uri (http://foo.com/blah_blah/)" computerName="PC-SFERRARI" duration="00:00:00.0001673" startTime="2022-12-28T13:20:06.5046759+01:00" endTime="2022-12-28T13:20:06.5049632+01:00" testType="13cdc9d9-ddb5-4fa4-a97d-d965ccfc6d4b" outcome="Passed" testListId="8c84fa94-04c1-424b-9868-57a2d4851a1d" relativeResultsDirectory="4459fb8c-710e-4146-9768-0499b982e88b" />
    <UnitTestResult executionId="b2fd2a0d-68d1-45e5-94cc-3af659596ac4" testId="663a235e-4275-401c-be02-e589266f4bf4" testName="ToEnvironment_Passing_Custom_Enviroment_Returns_Custom_Name" computerName="PC-SFERRARI" duration="00:00:00.0006591" startTime="2022-12-28T13:20:05.8968685+01:00" endTime="2022-12-28T13:20:05.8976982+01:00" testType="13cdc9d9-ddb5-4fa4-a97d-d965ccfc6d4b" outcome="Passed" testListId="8c84fa94-04c1-424b-9868-57a2d4851a1d" relativeResultsDirectory="b2fd2a0d-68d1-45e5-94cc-3af659596ac4" />
    <UnitTestResult executionId="610b1d27-3418-403f-9937-e0da7615efc9" testId="72e24317-fc73-48f3-b084-ce58b004f1bd" testName="ThrowIfNullOrEmpty_Passing_InvalidValue_Returns_ApplicationExceptionWithMessage" computerName="PC-SFERRARI" duration="00:00:00.0005783" startTime="2022-12-28T13:20:06.6142608+01:00" endTime="2022-12-28T13:20:06.6149234+01:00" testType="13cdc9d9-ddb5-4fa4-a97d-d965ccfc6d4b" outcome="Passed" testListId="8c84fa94-04c1-424b-9868-57a2d4851a1d" relativeResultsDirectory="610b1d27-3418-403f-9937-e0da7615efc9" />
    <UnitTestResult executionId="26646b0a-29c7-46be-8bc3-07f7e25ed017" testId="4759db1d-4eda-432e-b77f-8f410944266a" testName="ToUri_Passing_InvalidValueString_Returns_DefaultValue (http://??/)" computerName="PC-SFERRARI" duration="00:00:00.0000118" startTime="2022-12-28T13:20:06.5419696+01:00" endTime="2022-12-28T13:20:06.5421458+01:00" testType="13cdc9d9-ddb5-4fa4-a97d-d965ccfc6d4b" outcome="Passed" testListId="8c84fa94-04c1-424b-9868-57a2d4851a1d" relativeResultsDirectory="26646b0a-29c7-46be-8bc3-07f7e25ed017" />
    <UnitTestResult executionId="5188238f-b92d-49f9-816c-7572f92818e2" testId="1a70f502-d005-44c6-97b2-d3d7bf35763c" testName="ToStartOfWeek_Passing_DateTime_Returns_Start_Of_Week_DateTime" computerName="PC-SFERRARI" duration="00:00:00.0003845" startTime="2022-12-28T13:20:06.0684752+01:00" endTime="2022-12-28T13:20:06.0689945+01:00" testType="13cdc9d9-ddb5-4fa4-a97d-d965ccfc6d4b" outcome="Passed" testListId="8c84fa94-04c1-424b-9868-57a2d4851a1d" relativeResultsDirectory="5188238f-b92d-49f9-816c-7572f92818e2" />
    <UnitTestResult executionId="ffec4eda-3d83-4380-a468-987c349c7350" testId="124cfaf7-bfe1-41f0-80cc-3da567d756be" testName="ToFirstLetterLower_Passing_ValidValue_Returns_StringWithFirstLetterLower (aEIOU,aEIOU)" computerName="PC-SFERRARI" duration="00:00:00.0002370" startTime="2022-12-28T13:20:06.4819504+01:00" endTime="2022-12-28T13:20:06.4824463+01:00" testType="13cdc9d9-ddb5-4fa4-a97d-d965ccfc6d4b" outcome="Passed" testListId="8c84fa94-04c1-424b-9868-57a2d4851a1d" relativeResultsDirectory="ffec4eda-3d83-4380-a468-987c349c7350" />
    <UnitTestResult executionId="3be36fe9-f98f-4a6f-adb2-a69cf3865493" testId="4f9b2d7d-93ef-4a5e-b1e7-4775d3045412" testName="ToEmailMask_Passing_ValidEmail_Returns_EmailWithMask (qazwsxedc@gmail.com,q-------c@g----.com)" computerName="PC-SFERRARI" duration="00:00:00.0000258" startTime="2022-12-28T13:20:06.5015023+01:00" endTime="2022-12-28T13:20:06.5017632+01:00" testType="13cdc9d9-ddb5-4fa4-a97d-d965ccfc6d4b" outcome="Passed" testListId="8c84fa94-04c1-424b-9868-57a2d4851a1d" relativeResultsDirectory="3be36fe9-f98f-4a6f-adb2-a69cf3865493" />
    <UnitTestResult executionId="bc899e88-c08f-4899-816b-83f8db1e9e94" testId="3cfdc6e0-e095-42ff-94d2-7abc9ddfc278" testName="ToUserName_Passing_Valid_UserName_ClaimsPrincipal_Returns_String_UserName_Value" computerName="PC-SFERRARI" duration="00:00:00.0021962" startTime="2022-12-28T13:20:06.0168759+01:00" endTime="2022-12-28T13:20:06.0191850+01:00" testType="13cdc9d9-ddb5-4fa4-a97d-d965ccfc6d4b" outcome="Passed" testListId="8c84fa94-04c1-424b-9868-57a2d4851a1d" relativeResultsDirectory="bc899e88-c08f-4899-816b-83f8db1e9e94" />
    <UnitTestResult executionId="ddf642a5-aff4-48b4-9269-5354e91e5bc3" testId="28c4b1f0-d60b-46b5-a64e-1e663371fbeb" testName="ToNormalize_Passing_ValidValue_Returns_NormalizedValue (ÈÉËÊ,EEEE)" computerName="PC-SFERRARI" duration="00:00:00.0000399" startTime="2022-12-28T13:20:06.4494153+01:00" endTime="2022-12-28T13:20:06.4496475+01:00" testType="13cdc9d9-ddb5-4fa4-a97d-d965ccfc6d4b" outcome="Passed" testListId="8c84fa94-04c1-424b-9868-57a2d4851a1d" relativeResultsDirectory="ddf642a5-aff4-48b4-9269-5354e91e5bc3" />
    <UnitTestResult executionId="dbccb840-91a6-4530-bd16-f721981e7533" testId="c599a5f5-7c49-4b41-9ffa-5f7124615cb8" testName="ToTryContentType_Passing_HttpRequestWithContentType_Value_Returns_ContentType_String_Value" computerName="PC-SFERRARI" duration="00:00:00.0007297" startTime="2022-12-28T13:20:06.1672868+01:00" endTime="2022-12-28T13:20:06.1681449+01:00" testType="13cdc9d9-ddb5-4fa4-a97d-d965ccfc6d4b" outcome="Passed" testListId="8c84fa94-04c1-424b-9868-57a2d4851a1d" relativeResultsDirectory="dbccb840-91a6-4530-bd16-f721981e7533" />
    <UnitTestResult executionId="55337da5-7d48-4e5f-a2d0-59845120cc7a" testId="3ce8f0d8-ba0a-4706-8d67-1c1ea78981a8" testName="ToUri_Passing_ValidValueString_Returns_Uri (http://foo.com/(something)?after=parens)" computerName="PC-SFERRARI" duration="00:00:00.0000090" startTime="2022-12-28T13:20:06.5226302+01:00" endTime="2022-12-28T13:20:06.5228274+01:00" testType="13cdc9d9-ddb5-4fa4-a97d-d965ccfc6d4b" outcome="Passed" testListId="8c84fa94-04c1-424b-9868-57a2d4851a1d" relativeResultsDirectory="55337da5-7d48-4e5f-a2d0-59845120cc7a" />
    <UnitTestResult executionId="6a3131c4-86b6-435e-a4c2-04f9b703ec23" testId="6fbb7719-01db-4a8d-9127-71961fdf6d1c" testName="ToEmptyIfNull_Passing_Null_Collection_Returns_Empty_Collection" computerName="PC-SFERRARI" duration="00:00:00.0005057" startTime="2022-12-28T13:20:06.0764092+01:00" endTime="2022-12-28T13:20:06.0770307+01:00" testType="13cdc9d9-ddb5-4fa4-a97d-d965ccfc6d4b" outcome="Passed" testListId="8c84fa94-04c1-424b-9868-57a2d4851a1d" relativeResultsDirectory="6a3131c4-86b6-435e-a4c2-04f9b703ec23" />
    <UnitTestResult executionId="aed091e7-b41d-484b-896a-ab72ede1cd53" testId="f1d8f89d-7efb-4562-ac18-0a2542b72ac2" testName="ToInt_Passing_Enumeration_Name_Returns_Value" computerName="PC-SFERRARI" duration="00:00:00.0003374" startTime="2022-12-28T13:20:06.0780600+01:00" endTime="2022-12-28T13:20:06.0787394+01:00" testType="13cdc9d9-ddb5-4fa4-a97d-d965ccfc6d4b" outcome="Passed" testListId="8c84fa94-04c1-424b-9868-57a2d4851a1d" relativeResultsDirectory="aed091e7-b41d-484b-896a-ab72ede1cd53" />
    <UnitTestResult executionId="e949226a-0cdc-4e57-963e-4f24a178049e" testId="36ad1ed4-35b3-415f-a35f-2d99980018c8" testName="ResultOkData" computerName="PC-SFERRARI" duration="00:00:00.0004656" startTime="2022-12-28T13:20:06.6658350+01:00" endTime="2022-12-28T13:20:06.6664004+01:00" testType="13cdc9d9-ddb5-4fa4-a97d-d965ccfc6d4b" outcome="Passed" testListId="8c84fa94-04c1-424b-9868-57a2d4851a1d" relativeResultsDirectory="e949226a-0cdc-4e57-963e-4f24a178049e" />
    <UnitTestResult executionId="5b103254-bc3f-443e-8044-670d44470f0a" testId="c73dc261-cb57-4b7e-94ad-60ae89e052d1" testName="CreateAndVerifySHA256_Passing_Valid_Arguments_Returns_True (HashTests)" computerName="PC-SFERRARI" duration="00:00:00.0002157" startTime="2022-12-28T13:20:06.6574135+01:00" endTime="2022-12-28T13:20:06.6578290+01:00" testType="13cdc9d9-ddb5-4fa4-a97d-d965ccfc6d4b" outcome="Passed" testListId="8c84fa94-04c1-424b-9868-57a2d4851a1d" relativeResultsDirectory="5b103254-bc3f-443e-8044-670d44470f0a" />
    <UnitTestResult executionId="60bb8f43-a764-48a7-9581-b303fbcde2a4" testId="81a7ba7b-4953-4a75-b6a1-9359f7d12d6d" testName="ToIsWeekend_Passing_Friday_DateTime_Returns_False" computerName="PC-SFERRARI" duration="00:00:00.0008354" startTime="2022-12-28T13:20:06.0612816+01:00" endTime="2022-12-28T13:20:06.0623132+01:00" testType="13cdc9d9-ddb5-4fa4-a97d-d965ccfc6d4b" outcome="Passed" testListId="8c84fa94-04c1-424b-9868-57a2d4851a1d" relativeResultsDirectory="60bb8f43-a764-48a7-9581-b303fbcde2a4" />
    <UnitTestResult executionId="0fd12f12-d917-4750-ae23-aae41b293e59" testId="c1cf136b-b918-4dd7-aa35-3788caea4be2" testName="ResultUnauthorized" computerName="PC-SFERRARI" duration="00:00:00.0004362" startTime="2022-12-28T13:20:06.6856270+01:00" endTime="2022-12-28T13:20:06.6861761+01:00" testType="13cdc9d9-ddb5-4fa4-a97d-d965ccfc6d4b" outcome="Passed" testListId="8c84fa94-04c1-424b-9868-57a2d4851a1d" relativeResultsDirectory="0fd12f12-d917-4750-ae23-aae41b293e59" />
    <UnitTestResult executionId="8f6006ff-3ad2-4176-bd48-06663b53ca6b" testId="4cae9e39-b68f-4979-b11b-058e6a91ce7c" testName="ToInt_Passing_InvalidValueString_Returns_DefaultValue (1,3333)" computerName="PC-SFERRARI" duration="00:00:00.0002224" startTime="2022-12-28T13:20:06.5574006+01:00" endTime="2022-12-28T13:20:06.5577680+01:00" testType="13cdc9d9-ddb5-4fa4-a97d-d965ccfc6d4b" outcome="Passed" testListId="8c84fa94-04c1-424b-9868-57a2d4851a1d" relativeResultsDirectory="8f6006ff-3ad2-4176-bd48-06663b53ca6b" />
    <UnitTestResult executionId="e2c865e3-ece6-4b0b-a544-43fb39119f1f" testId="5c63f442-a72e-4060-84ca-eaa5b552c3d1" testName="ToInt_Passing_InvalidValueString_Returns_DefaultValue (999999439293294392492349329493294)" computerName="PC-SFERRARI" duration="00:00:00.0000057" startTime="2022-12-28T13:20:06.5580587+01:00" endTime="2022-12-28T13:20:06.5582025+01:00" testType="13cdc9d9-ddb5-4fa4-a97d-d965ccfc6d4b" outcome="Passed" testListId="8c84fa94-04c1-424b-9868-57a2d4851a1d" relativeResultsDirectory="e2c865e3-ece6-4b0b-a544-43fb39119f1f" />
    <UnitTestResult executionId="fb317558-68bd-4404-96e2-1f04a4e245c1" testId="1385cc6c-9384-4b3b-884f-27c7d281b7a1" testName="ToUri_Passing_ValidValueString_Returns_Uri (http://223.255.255.254)" computerName="PC-SFERRARI" duration="00:00:00.0000153" startTime="2022-12-28T13:20:06.5287287+01:00" endTime="2022-12-28T13:20:06.5301221+01:00" testType="13cdc9d9-ddb5-4fa4-a97d-d965ccfc6d4b" outcome="Passed" testListId="8c84fa94-04c1-424b-9868-57a2d4851a1d" relativeResultsDirectory="fb317558-68bd-4404-96e2-1f04a4e245c1" />
    <UnitTestResult executionId="d21639e5-978f-4997-a2c6-cc5e14aca370" testId="83311bc6-aefb-428b-ac32-9320f09f8d1b" testName="ToUri_Passing_ValidValueString_Returns_Uri (http://142.42.1.1/)" computerName="PC-SFERRARI" duration="00:00:00.0000112" startTime="2022-12-28T13:20:06.5173644+01:00" endTime="2022-12-28T13:20:06.5175491+01:00" testType="13cdc9d9-ddb5-4fa4-a97d-d965ccfc6d4b" outcome="Passed" testListId="8c84fa94-04c1-424b-9868-57a2d4851a1d" relativeResultsDirectory="d21639e5-978f-4997-a2c6-cc5e14aca370" />
    <UnitTestResult executionId="798a46a4-5a4d-4708-a952-cd765e89428a" testId="b53f1aaf-b227-4528-8261-bcec348a7ad6" testName="ToSetTime_Passing_Time_Int_Returns_DateTime" computerName="PC-SFERRARI" duration="00:00:00.0000915" startTime="2022-12-28T13:20:06.0702629+01:00" endTime="2022-12-28T13:20:06.0704272+01:00" testType="13cdc9d9-ddb5-4fa4-a97d-d965ccfc6d4b" outcome="Passed" testListId="8c84fa94-04c1-424b-9868-57a2d4851a1d" relativeResultsDirectory="798a46a4-5a4d-4708-a952-cd765e89428a" />
    <UnitTestResult executionId="aad95f77-caef-4ff9-ac5c-29033b7cbe6a" testId="6dd54b6b-8883-49f1-9218-548e2003b596" testName="ToConfiguration_Passing_Empty_DirectoryPath_Returns_ApplicationException" computerName="PC-SFERRARI" duration="00:00:00.0008954" startTime="2022-12-28T13:20:06.3754816+01:00" endTime="2022-12-28T13:20:06.3764475+01:00" testType="13cdc9d9-ddb5-4fa4-a97d-d965ccfc6d4b" outcome="Passed" testListId="8c84fa94-04c1-424b-9868-57a2d4851a1d" relativeResultsDirectory="aad95f77-caef-4ff9-ac5c-29033b7cbe6a" />
    <UnitTestResult executionId="a94b7b97-758b-45c3-becf-8510f41f54d0" testId="fe2d5be4-d151-4c0a-9d4a-f365992debe1" testName="ToEmailMaskUserNameAndDomain_Passing_ValidEmail_Returns_EmailWithMask (qazwsx@gmailgmail.com,q****x@g********l.com)" computerName="PC-SFERRARI" duration="00:00:00.0000183" startTime="2022-12-28T13:20:06.4923414+01:00" endTime="2022-12-28T13:20:06.4924585+01:00" testType="13cdc9d9-ddb5-4fa4-a97d-d965ccfc6d4b" outcome="Passed" testListId="8c84fa94-04c1-424b-9868-57a2d4851a1d" relativeResultsDirectory="a94b7b97-758b-45c3-becf-8510f41f54d0" />
    <UnitTestResult executionId="314f74ef-a99c-4c31-962b-f039375c334f" testId="caf74a27-e321-499a-93cd-15098f377346" testName="ToList_Passing_ValidEnumType_Returns_ValuesList" computerName="PC-SFERRARI" duration="00:00:00.0033461" startTime="2022-12-28T13:20:06.6317663+01:00" endTime="2022-12-28T13:20:06.6352221+01:00" testType="13cdc9d9-ddb5-4fa4-a97d-d965ccfc6d4b" outcome="Passed" testListId="8c84fa94-04c1-424b-9868-57a2d4851a1d" relativeResultsDirectory="314f74ef-a99c-4c31-962b-f039375c334f" />
    <UnitTestResult executionId="a10b6cf8-ae60-4f14-a408-db28e27122af" testId="9b19ae61-3e96-466d-aa7b-df86c6e829db" testName="ToReplace_Passing_ValidValue_Returns_ReplacedValue (aeiou,*,0,4,****u)" computerName="PC-SFERRARI" duration="00:00:00.0000076" startTime="2022-12-28T13:20:06.4295706+01:00" endTime="2022-12-28T13:20:06.4298226+01:00" testType="13cdc9d9-ddb5-4fa4-a97d-d965ccfc6d4b" outcome="Passed" testListId="8c84fa94-04c1-424b-9868-57a2d4851a1d" relativeResultsDirectory="a10b6cf8-ae60-4f14-a408-db28e27122af" />
    <UnitTestResult executionId="9832228d-5ad7-4ac5-bda5-00ec8f713dda" testId="dcdbadfc-255e-49cd-a9a9-1c6fa80f88ac" testName="ToUri_Passing_ValidValueString_Returns_Uri (http://1337.net)" computerName="PC-SFERRARI" duration="00:00:00.0000093" startTime="2022-12-28T13:20:06.5282595+01:00" endTime="2022-12-28T13:20:06.5284461+01:00" testType="13cdc9d9-ddb5-4fa4-a97d-d965ccfc6d4b" outcome="Passed" testListId="8c84fa94-04c1-424b-9868-57a2d4851a1d" relativeResultsDirectory="9832228d-5ad7-4ac5-bda5-00ec8f713dda" />
    <UnitTestResult executionId="a0c63e28-d0db-46a4-b4c6-2010f63a566e" testId="56e2561a-4b31-44ae-9389-327c5ca314b4" testName="ToEmailMaskUserNameAndDomain_Passing_ValidEmail_Returns_EmailWithMask (qazwsxedc@gmailgmail.com,q*******c@g********l.com)" computerName="PC-SFERRARI" duration="00:00:00.0000189" startTime="2022-12-28T13:20:06.4924893+01:00" endTime="2022-12-28T13:20:06.4926085+01:00" testType="13cdc9d9-ddb5-4fa4-a97d-d965ccfc6d4b" outcome="Passed" testListId="8c84fa94-04c1-424b-9868-57a2d4851a1d" relativeResultsDirectory="a0c63e28-d0db-46a4-b4c6-2010f63a566e" />
    <UnitTestResult executionId="47a18b04-45ec-44fc-b590-493d914e5663" testId="a07f0214-64b6-4977-ab25-0086b6c2cc3d" testName="ToDefaultValue_Passing_char_Returns_Cero" computerName="PC-SFERRARI" duration="00:00:00.0002556" startTime="2022-12-28T13:20:06.1185303+01:00" endTime="2022-12-28T13:20:06.1188955+01:00" testType="13cdc9d9-ddb5-4fa4-a97d-d965ccfc6d4b" outcome="Passed" testListId="8c84fa94-04c1-424b-9868-57a2d4851a1d" relativeResultsDirectory="47a18b04-45ec-44fc-b590-493d914e5663" />
    <UnitTestResult executionId="8b521ce8-65f4-4f18-91a6-8d0beb38a595" testId="c8fdd1a2-abf1-4030-9b23-6f4ae85e8f4b" testName="ToWhere_Passing_Null_Predicate_Returns_Same_List" computerName="PC-SFERRARI" duration="00:00:00.0020325" startTime="2022-12-28T13:20:06.3399000+01:00" endTime="2022-12-28T13:20:06.3422333+01:00" testType="13cdc9d9-ddb5-4fa4-a97d-d965ccfc6d4b" outcome="Passed" testListId="8c84fa94-04c1-424b-9868-57a2d4851a1d" relativeResultsDirectory="8b521ce8-65f4-4f18-91a6-8d0beb38a595" />
    <UnitTestResult executionId="016c6207-edb6-4de6-ad8b-37363e376db1" testId="ff725f82-aa8f-4b57-a59a-901d0c2f153d" testName="ToMapMerge_Passing_Destination_Object_Returns_Merged_Destination_Object" computerName="PC-SFERRARI" duration="00:00:00.0090521" startTime="2022-12-28T13:20:05.6783458+01:00" endTime="2022-12-28T13:20:05.6875157+01:00" testType="13cdc9d9-ddb5-4fa4-a97d-d965ccfc6d4b" outcome="Passed" testListId="8c84fa94-04c1-424b-9868-57a2d4851a1d" relativeResultsDirectory="016c6207-edb6-4de6-ad8b-37363e376db1" />
    <UnitTestResult executionId="4866560a-fc79-44c1-9fa6-c2d05c1fc554" testId="687a278a-7ff2-4237-aec4-805448223c3a" testName="ToRandom_Passing_Invalid_Empty_Value_Returns_Null" computerName="PC-SFERRARI" duration="00:00:00.0001721" startTime="2022-12-28T13:20:06.6066602+01:00" endTime="2022-12-28T13:20:06.6069463+01:00" testType="13cdc9d9-ddb5-4fa4-a97d-d965ccfc6d4b" outcome="Passed" testListId="8c84fa94-04c1-424b-9868-57a2d4851a1d" relativeResultsDirectory="4866560a-fc79-44c1-9fa6-c2d05c1fc554" />
    <UnitTestResult executionId="a0a3c4b0-731e-49ed-99fc-d9209e419bbb" testId="766b88f2-d4bc-40f5-812f-81d0e47b7421" testName="ToIsLastDayOfTheMonth_Passing_LastDayOfMonth_Returns_True" computerName="PC-SFERRARI" duration="00:00:00.0001066" startTime="2022-12-28T13:20:06.0656048+01:00" endTime="2022-12-28T13:20:06.0658001+01:00" testType="13cdc9d9-ddb5-4fa4-a97d-d965ccfc6d4b" outcome="Passed" testListId="8c84fa94-04c1-424b-9868-57a2d4851a1d" relativeResultsDirectory="a0a3c4b0-731e-49ed-99fc-d9209e419bbb" />
    <UnitTestResult executionId="be47f349-5c25-4347-8748-6d5f3e84a523" testId="9e3a0d19-2d65-4f86-b63e-7fd4aea1d888" testName="ToTryGetHeader_Passing_HttpRequest_Header_Many_Values_Returns_Values" computerName="PC-SFERRARI" duration="00:00:00.0008526" startTime="2022-12-28T13:20:06.1619701+01:00" endTime="2022-12-28T13:20:06.1629609+01:00" testType="13cdc9d9-ddb5-4fa4-a97d-d965ccfc6d4b" outcome="Passed" testListId="8c84fa94-04c1-424b-9868-57a2d4851a1d" relativeResultsDirectory="be47f349-5c25-4347-8748-6d5f3e84a523" />
    <UnitTestResult executionId="e603a077-d103-4bab-974e-2bed5bacf3db" testId="afb15cb6-36cc-4056-8629-76ee7c8f4119" testName="ToEmailMaskUserName_Passing_ValidEmail_Returns_EmailWithMask (qazwsxedc@gmail.com,q*******c@gmail.com)" computerName="PC-SFERRARI" duration="00:00:00.0000201" startTime="2022-12-28T13:20:06.4880463+01:00" endTime="2022-12-28T13:20:06.4882137+01:00" testType="13cdc9d9-ddb5-4fa4-a97d-d965ccfc6d4b" outcome="Passed" testListId="8c84fa94-04c1-424b-9868-57a2d4851a1d" relativeResultsDirectory="e603a077-d103-4bab-974e-2bed5bacf3db" />
    <UnitTestResult executionId="3ecef952-dee7-4eee-a90c-535a8717b458" testId="772cf891-aac4-436b-a62c-f74bc4916fe1" testName="ToUri_Passing_ValidValueString_Returns_Uri (http://foo.bar/?q=Test%20URL-encoded%20stuff)" computerName="PC-SFERRARI" duration="00:00:00.0000462" startTime="2022-12-28T13:20:06.5235734+01:00" endTime="2022-12-28T13:20:06.5237961+01:00" testType="13cdc9d9-ddb5-4fa4-a97d-d965ccfc6d4b" outcome="Passed" testListId="8c84fa94-04c1-424b-9868-57a2d4851a1d" relativeResultsDirectory="3ecef952-dee7-4eee-a90c-535a8717b458" />
    <UnitTestResult executionId="248b4b3e-a298-4eb8-9510-88bfd7505069" testId="c06eae7e-0cdb-43f5-969b-75479231a360" testName="ToUri_Passing_ValidValueString_Returns_Uri (https://foo.com/blah_blah/p=5)" computerName="PC-SFERRARI" duration="00:00:00.0000057" startTime="2022-12-28T13:20:06.5057233+01:00" endTime="2022-12-28T13:20:06.5058260+01:00" testType="13cdc9d9-ddb5-4fa4-a97d-d965ccfc6d4b" outcome="Passed" testListId="8c84fa94-04c1-424b-9868-57a2d4851a1d" relativeResultsDirectory="248b4b3e-a298-4eb8-9510-88bfd7505069" />
    <UnitTestResult executionId="f702839c-ae5b-4689-a48b-f5de255821f4" testId="4eeb5436-ff65-442f-8527-4d61c62d77e6" testName="ToNormalize_Passing_ValidValue_Returns_NormalizedValue (héllo,hello)" computerName="PC-SFERRARI" duration="00:00:00.0000688" startTime="2022-12-28T13:20:06.4537471+01:00" endTime="2022-12-28T13:20:06.4540978+01:00" testType="13cdc9d9-ddb5-4fa4-a97d-d965ccfc6d4b" outcome="Passed" testListId="8c84fa94-04c1-424b-9868-57a2d4851a1d" relativeResultsDirectory="f702839c-ae5b-4689-a48b-f5de255821f4" />
    <UnitTestResult executionId="c68f172a-89b8-4f63-8543-2ae75d4e700a" testId="dea39de7-00d2-429a-a2a3-6ff733ad259c" testName="ResultDataInternalServerError" computerName="PC-SFERRARI" duration="00:00:00.0002459" startTime="2022-12-28T13:20:06.6977095+01:00" endTime="2022-12-28T13:20:06.6980576+01:00" testType="13cdc9d9-ddb5-4fa4-a97d-d965ccfc6d4b" outcome="Passed" testListId="8c84fa94-04c1-424b-9868-57a2d4851a1d" relativeResultsDirectory="c68f172a-89b8-4f63-8543-2ae75d4e700a" />
    <UnitTestResult executionId="a4e78009-0a51-4d4b-9d70-dfdea8fd3e46" testId="bd7e0f1b-4519-40f4-82cd-964ac75ddd05" testName="ToDeserialize_Passing_String_Returns_Object" computerName="PC-SFERRARI" duration="00:00:00.0009613" startTime="2022-12-28T13:20:06.3386913+01:00" endTime="2022-12-28T13:20:06.3398092+01:00" testType="13cdc9d9-ddb5-4fa4-a97d-d965ccfc6d4b" outcome="Passed" testListId="8c84fa94-04c1-424b-9868-57a2d4851a1d" relativeResultsDirectory="a4e78009-0a51-4d4b-9d70-dfdea8fd3e46" />
    <UnitTestResult executionId="0be374c3-5d5f-4269-9ebb-66ee4acd52f1" testId="a5447285-0135-4448-a777-aa4f62b9cea4" testName="ToUri_Passing_InvalidValueString_Returns_DefaultValue (http://??)" computerName="PC-SFERRARI" duration="00:00:00.0000119" startTime="2022-12-28T13:20:06.5417628+01:00" endTime="2022-12-28T13:20:06.5419281+01:00" testType="13cdc9d9-ddb5-4fa4-a97d-d965ccfc6d4b" outcome="Passed" testListId="8c84fa94-04c1-424b-9868-57a2d4851a1d" relativeResultsDirectory="0be374c3-5d5f-4269-9ebb-66ee4acd52f1" />
    <UnitTestResult executionId="0d5ec336-7820-4213-a55e-a4f7f054fe07" testId="ab3faa59-93fd-4125-a6ab-069aad083c17" testName="ResultInternalServerError" computerName="PC-SFERRARI" duration="00:00:00.0004836" startTime="2022-12-28T13:20:06.6862474+01:00" endTime="2022-12-28T13:20:06.6868775+01:00" testType="13cdc9d9-ddb5-4fa4-a97d-d965ccfc6d4b" outcome="Passed" testListId="8c84fa94-04c1-424b-9868-57a2d4851a1d" relativeResultsDirectory="0d5ec336-7820-4213-a55e-a4f7f054fe07" />
    <UnitTestResult executionId="9b7bc4dc-b4e7-43c4-81a6-bed9a5c6667f" testId="eb78ac10-2091-4322-b500-b3525c4ff68b" testName="ToReplaceSpecialChars_Passing_ValidValue_Returns_ReplacedValueWithoutIgnoreSpecialChars (*¨^_:-?¿;,)" computerName="PC-SFERRARI" duration="00:00:00.0005834" startTime="2022-12-28T13:20:06.4383546+01:00" endTime="2022-12-28T13:20:06.4391327+01:00" testType="13cdc9d9-ddb5-4fa4-a97d-d965ccfc6d4b" outcome="Passed" testListId="8c84fa94-04c1-424b-9868-57a2d4851a1d" relativeResultsDirectory="9b7bc4dc-b4e7-43c4-81a6-bed9a5c6667f" />
    <UnitTestResult executionId="179495c0-59bc-4cfe-a818-c184cc3fba79" testId="bc2fb767-6875-451d-88b3-6501daa81aef" testName="ToFormat_Passing_ValidTimeSpanValue_Returns_ValueWithFormatString" computerName="PC-SFERRARI" duration="00:00:00.0008177" startTime="2022-12-28T13:20:06.6070119+01:00" endTime="2022-12-28T13:20:06.6080813+01:00" testType="13cdc9d9-ddb5-4fa4-a97d-d965ccfc6d4b" outcome="Passed" testListId="8c84fa94-04c1-424b-9868-57a2d4851a1d" relativeResultsDirectory="179495c0-59bc-4cfe-a818-c184cc3fba79" />
    <UnitTestResult executionId="adca3a4d-d0d6-43d6-ab3a-7c170dbf038f" testId="530419ec-900d-44d2-b9e6-40ba8007f85d" testName="ToNormalize_Passing_ValidValue_Returns_NormalizedValue (Mañana,Manana)" computerName="PC-SFERRARI" duration="00:00:00.0000527" startTime="2022-12-28T13:20:06.4547726+01:00" endTime="2022-12-28T13:20:06.4550093+01:00" testType="13cdc9d9-ddb5-4fa4-a97d-d965ccfc6d4b" outcome="Passed" testListId="8c84fa94-04c1-424b-9868-57a2d4851a1d" relativeResultsDirectory="adca3a4d-d0d6-43d6-ab3a-7c170dbf038f" />
    <UnitTestResult executionId="6a6f061c-03e7-4667-98fa-8cf69593c01e" testId="cada5acd-3e8c-4419-be39-76e47c6ff946" testName="ToNormalize_Passing_ValidValue_Returns_NormalizedValue (àáäâã,aaaaa)" computerName="PC-SFERRARI" duration="00:00:00.0000357" startTime="2022-12-28T13:20:06.4428950+01:00" endTime="2022-12-28T13:20:06.4430706+01:00" testType="13cdc9d9-ddb5-4fa4-a97d-d965ccfc6d4b" outcome="Passed" testListId="8c84fa94-04c1-424b-9868-57a2d4851a1d" relativeResultsDirectory="6a6f061c-03e7-4667-98fa-8cf69593c01e" />
    <UnitTestResult executionId="041e6758-e19a-4067-819b-823e11022c75" testId="5914da7f-fa50-40c8-beb9-e1126736f37b" testName="ToUri_Passing_ValidValueString_Returns_Uri (http://userid@example.com)" computerName="PC-SFERRARI" duration="00:00:00.0000083" startTime="2022-12-28T13:20:06.5127418+01:00" endTime="2022-12-28T13:20:06.5129186+01:00" testType="13cdc9d9-ddb5-4fa4-a97d-d965ccfc6d4b" outcome="Passed" testListId="8c84fa94-04c1-424b-9868-57a2d4851a1d" relativeResultsDirectory="041e6758-e19a-4067-819b-823e11022c75" />
    <UnitTestResult executionId="ece15dd0-4992-4164-9df3-99a67cbffb88" testId="8c798b3d-2c77-4551-b541-d26b3fa60e96" testName="ToUri_Passing_ValidValueString_Returns_Uri (http://例子.测试)" computerName="PC-SFERRARI" duration="00:00:00.0000165" startTime="2022-12-28T13:20:06.5240932+01:00" endTime="2022-12-28T13:20:06.5242729+01:00" testType="13cdc9d9-ddb5-4fa4-a97d-d965ccfc6d4b" outcome="Passed" testListId="8c84fa94-04c1-424b-9868-57a2d4851a1d" relativeResultsDirectory="ece15dd0-4992-4164-9df3-99a67cbffb88" />
    <UnitTestResult executionId="b40e1b09-38d1-4926-8221-a21aa7988b49" testId="8f4ea46e-4059-4a25-a8f2-2f9d93e22c93" testName="ToUri_Passing_ValidValueString_Returns_Uri (http://userid:password@example.com:8080/)" computerName="PC-SFERRARI" duration="00:00:00.0000098" startTime="2022-12-28T13:20:06.5124344+01:00" endTime="2022-12-28T13:20:06.5126956+01:00" testType="13cdc9d9-ddb5-4fa4-a97d-d965ccfc6d4b" outcome="Passed" testListId="8c84fa94-04c1-424b-9868-57a2d4851a1d" relativeResultsDirectory="b40e1b09-38d1-4926-8221-a21aa7988b49" />
    <UnitTestResult executionId="c69a1c8c-ca7d-47a5-8b35-9b2c4f120d07" testId="fa146035-f4c4-4afc-8b2b-437d56e1096a" testName="ToRemove_Passing_ValidValue_Returns_ValueWithoutRemovedChars ( * , ,*)" computerName="PC-SFERRARI" duration="00:00:00.0000304" startTime="2022-12-28T13:20:06.4152147+01:00" endTime="2022-12-28T13:20:06.4155075+01:00" testType="13cdc9d9-ddb5-4fa4-a97d-d965ccfc6d4b" outcome="Passed" testListId="8c84fa94-04c1-424b-9868-57a2d4851a1d" relativeResultsDirectory="c69a1c8c-ca7d-47a5-8b35-9b2c4f120d07" />
    <UnitTestResult executionId="9630bd3c-e3a9-4794-a59a-1265ab82fbd8" testId="2cd35565-866b-461f-98bd-ca8ccc38d7f3" testName="ToIsLastDayOfTheMonth_Passing_NotLastDayOfMonth_Returns_False" computerName="PC-SFERRARI" duration="00:00:00.0002383" startTime="2022-12-28T13:20:06.0652256+01:00" endTime="2022-12-28T13:20:06.0655540+01:00" testType="13cdc9d9-ddb5-4fa4-a97d-d965ccfc6d4b" outcome="Passed" testListId="8c84fa94-04c1-424b-9868-57a2d4851a1d" relativeResultsDirectory="9630bd3c-e3a9-4794-a59a-1265ab82fbd8" />
    <UnitTestResult executionId="f4756c57-d25c-4e8d-9cfa-9b6aa7ef233d" testId="0540a570-e892-416f-9548-c933a699d4c3" testName="ToConfiguration_Passing_Invalid_DirectoryPath_Returns_ApplicationException" computerName="PC-SFERRARI" duration="00:00:00.0003802" startTime="2022-12-28T13:20:06.3764929+01:00" endTime="2022-12-28T13:20:06.3769507+01:00" testType="13cdc9d9-ddb5-4fa4-a97d-d965ccfc6d4b" outcome="Passed" testListId="8c84fa94-04c1-424b-9868-57a2d4851a1d" relativeResultsDirectory="f4756c57-d25c-4e8d-9cfa-9b6aa7ef233d" />
    <UnitTestResult executionId="988993a2-719a-4941-b270-bd8b72c28afb" testId="74152c02-9d09-4ff7-9495-1d079989ed8a" testName="ToContentType_Passing_ValidValueString_Returns_ContentType (xxxx.txt,text/plain)" computerName="PC-SFERRARI" duration="00:00:00.0000463" startTime="2022-12-28T13:20:06.5665281+01:00" endTime="2022-12-28T13:20:06.5667637+01:00" testType="13cdc9d9-ddb5-4fa4-a97d-d965ccfc6d4b" outcome="Passed" testListId="8c84fa94-04c1-424b-9868-57a2d4851a1d" relativeResultsDirectory="988993a2-719a-4941-b270-bd8b72c28afb" />
    <UnitTestResult executionId="1ab77c00-fc35-4f78-af75-559ac5049b3b" testId="ff762018-88dd-4625-97d1-bc04098ea0f0" testName="ToString_Passing_Valid_Collection_Returns_String_With_Default_Separator" computerName="PC-SFERRARI" duration="00:00:00.0006037" startTime="2022-12-28T13:20:06.0748842+01:00" endTime="2022-12-28T13:20:06.0757306+01:00" testType="13cdc9d9-ddb5-4fa4-a97d-d965ccfc6d4b" outcome="Passed" testListId="8c84fa94-04c1-424b-9868-57a2d4851a1d" relativeResultsDirectory="1ab77c00-fc35-4f78-af75-559ac5049b3b" />
    <UnitTestResult executionId="5d545942-4468-41a8-a33d-25d90b562f51" testId="1a179697-cfea-4b56-a90f-77a7ab7a6766" testName="ToDefaultValue_Passing_ushort_Returns_Cero" computerName="PC-SFERRARI" duration="00:00:00.0002489" startTime="2022-12-28T13:20:06.1002181+01:00" endTime="2022-12-28T13:20:06.1005530+01:00" testType="13cdc9d9-ddb5-4fa4-a97d-d965ccfc6d4b" outcome="Passed" testListId="8c84fa94-04c1-424b-9868-57a2d4851a1d" relativeResultsDirectory="5d545942-4468-41a8-a33d-25d90b562f51" />
    <UnitTestResult executionId="1889fbcf-7050-4046-8c13-b440ba15e6e4" testId="4f7df33e-13f8-46c8-be18-36f9d2284bd3" testName="CreateSHA256_Passing_Invalid_Arguments_Returns_ApplicationException ( )" computerName="PC-SFERRARI" duration="00:00:00.0000482" startTime="2022-12-28T13:20:06.6517426+01:00" endTime="2022-12-28T13:20:06.6519036+01:00" testType="13cdc9d9-ddb5-4fa4-a97d-d965ccfc6d4b" outcome="Passed" testListId="8c84fa94-04c1-424b-9868-57a2d4851a1d" relativeResultsDirectory="1889fbcf-7050-4046-8c13-b440ba15e6e4" />
    <UnitTestResult executionId="e064e98c-ff36-46f2-b9c8-4477ddefb180" testId="ad88e08e-a909-4aa0-9624-5724bad40985" testName="ToHashAlgorithmName_Passing_InvalidValueLowerCaseStringWithDefaultValue_Returns_DefaultValue (md5)" computerName="PC-SFERRARI" duration="00:00:00.0001988" startTime="2022-12-28T13:20:06.5499415+01:00" endTime="2022-12-28T13:20:06.5503405+01:00" testType="13cdc9d9-ddb5-4fa4-a97d-d965ccfc6d4b" outcome="Passed" testListId="8c84fa94-04c1-424b-9868-57a2d4851a1d" relativeResultsDirectory="e064e98c-ff36-46f2-b9c8-4477ddefb180" />
    <UnitTestResult executionId="bca55a7e-c24d-4980-b702-f186514721d5" testId="afe46894-5ac2-4cab-ad78-a38c04138c6b" testName="ToConfiguration_Passing_Valid_DirectoryPath_Invalid_JsonFileName_Not_Optional_Returns_ApplicationException" computerName="PC-SFERRARI" duration="00:00:00.0013692" startTime="2022-12-28T13:20:06.3770120+01:00" endTime="2022-12-28T13:20:06.3784569+01:00" testType="13cdc9d9-ddb5-4fa4-a97d-d965ccfc6d4b" outcome="Passed" testListId="8c84fa94-04c1-424b-9868-57a2d4851a1d" relativeResultsDirectory="bca55a7e-c24d-4980-b702-f186514721d5" />
    <UnitTestResult executionId="e40dddbf-9e01-4b2c-9db5-88cfc7532479" testId="137a36db-6e44-417d-b83c-1526da745318" testName="ToEmailMaskUserNameAndDomain_Passing_ValidEmail_Returns_EmailWithMask (qaz@gmail.com,q*z@g***l.com)" computerName="PC-SFERRARI" duration="00:00:00.0003754" startTime="2022-12-28T13:20:06.4910232+01:00" endTime="2022-12-28T13:20:06.4915143+01:00" testType="13cdc9d9-ddb5-4fa4-a97d-d965ccfc6d4b" outcome="Passed" testListId="8c84fa94-04c1-424b-9868-57a2d4851a1d" relativeResultsDirectory="e40dddbf-9e01-4b2c-9db5-88cfc7532479" />
    <UnitTestResult executionId="b586c6f0-3fc7-4907-ac46-5f754d1a7a36" testId="3b12d159-7cd1-46b7-ac8f-35c8f1a3cc3b" testName="ToFirstLetterLower_Passing_ValidValue_Returns_StringWithFirstLetterLower (aeiou,aeiou)" computerName="PC-SFERRARI" duration="00:00:00.0003718" startTime="2022-12-28T13:20:06.4653443+01:00" endTime="2022-12-28T13:20:06.4658726+01:00" testType="13cdc9d9-ddb5-4fa4-a97d-d965ccfc6d4b" outcome="Passed" testListId="8c84fa94-04c1-424b-9868-57a2d4851a1d" relativeResultsDirectory="b586c6f0-3fc7-4907-ac46-5f754d1a7a36" />
    <UnitTestResult executionId="dbc95288-1c12-4728-b51d-fa50c4f21804" testId="e813a6b3-5917-4439-bb6c-80595bad432d" testName="ResultOk_WithMessage_WithDetails" computerName="PC-SFERRARI" duration="00:00:00.0009006" startTime="2022-12-28T13:20:06.6647577+01:00" endTime="2022-12-28T13:20:06.6657762+01:00" testType="13cdc9d9-ddb5-4fa4-a97d-d965ccfc6d4b" outcome="Passed" testListId="8c84fa94-04c1-424b-9868-57a2d4851a1d" relativeResultsDirectory="dbc95288-1c12-4728-b51d-fa50c4f21804" />
    <UnitTestResult executionId="0953fe39-186f-4ae6-b3ed-f258a8780bf4" testId="1e296144-299c-47da-bb34-03d27d36d293" testName="ToDefaultValue_Passing_byte_Returns_Cero" computerName="PC-SFERRARI" duration="00:00:00.0004473" startTime="2022-12-28T13:20:06.0991713+01:00" endTime="2022-12-28T13:20:06.0997523+01:00" testType="13cdc9d9-ddb5-4fa4-a97d-d965ccfc6d4b" outcome="Passed" testListId="8c84fa94-04c1-424b-9868-57a2d4851a1d" relativeResultsDirectory="0953fe39-186f-4ae6-b3ed-f258a8780bf4" />
    <UnitTestResult executionId="dcd995fa-f25e-44bf-96e1-8e737c1db03d" testId="144d8d3a-acc8-4c23-bb02-8b16e7974a81" testName="ToDefaultValue_Passing_sbyte_Returns_Cero" computerName="PC-SFERRARI" duration="00:00:00.0007658" startTime="2022-12-28T13:20:06.0978848+01:00" endTime="2022-12-28T13:20:06.0990697+01:00" testType="13cdc9d9-ddb5-4fa4-a97d-d965ccfc6d4b" outcome="Passed" testListId="8c84fa94-04c1-424b-9868-57a2d4851a1d" relativeResultsDirectory="dcd995fa-f25e-44bf-96e1-8e737c1db03d" />
    <UnitTestResult executionId="bcbd7a9d-6446-4f2e-8a78-ef24634411ba" testId="a1a7e747-8a47-4c27-8ac0-12a5c05f552a" testName="ToReplace_Passing_ValidValue_Returns_ReplacedValue (aeiou,*,2,1,ae*ou)" computerName="PC-SFERRARI" duration="00:00:00.0000082" startTime="2022-12-28T13:20:06.4301550+01:00" endTime="2022-12-28T13:20:06.4303903+01:00" testType="13cdc9d9-ddb5-4fa4-a97d-d965ccfc6d4b" outcome="Passed" testListId="8c84fa94-04c1-424b-9868-57a2d4851a1d" relativeResultsDirectory="bcbd7a9d-6446-4f2e-8a78-ef24634411ba" />
    <UnitTestResult executionId="a160c324-5a1b-42bf-b18c-656e4d3fcd94" testId="03e35874-86b4-4f45-9720-11618cd501e2" testName="ToUri_Passing_InvalidValueString_Returns_Null (http://?)" computerName="PC-SFERRARI" duration="00:00:00.0011907" startTime="2022-12-28T13:20:06.5301901+01:00" endTime="2022-12-28T13:20:06.5315452+01:00" testType="13cdc9d9-ddb5-4fa4-a97d-d965ccfc6d4b" outcome="Passed" testListId="8c84fa94-04c1-424b-9868-57a2d4851a1d" relativeResultsDirectory="a160c324-5a1b-42bf-b18c-656e4d3fcd94" />
    <UnitTestResult executionId="91ee5268-5842-4257-9605-04a291bc26e3" testId="1c227780-75fa-4561-9c09-949abe2f2ee3" testName="ToStringFormat_Passing_ValidValue_Returns_ValueWithoutRemovedChars (-2147483648)" computerName="PC-SFERRARI" duration="00:00:00.0000066" startTime="2022-12-28T13:20:06.3303273+01:00" endTime="2022-12-28T13:20:06.3304521+01:00" testType="13cdc9d9-ddb5-4fa4-a97d-d965ccfc6d4b" outcome="Passed" testListId="8c84fa94-04c1-424b-9868-57a2d4851a1d" relativeResultsDirectory="91ee5268-5842-4257-9605-04a291bc26e3" />
    <UnitTestResult executionId="c464b9c6-7ead-4a8e-b734-a37b6925e7db" testId="536ea552-e468-4d7f-b606-5aeefba5d059" testName="ResultDataBadRequest_WithErrors_Dictionary" computerName="PC-SFERRARI" duration="00:00:00.0006163" startTime="2022-12-28T13:20:06.6990502+01:00" endTime="2022-12-28T13:20:06.6997562+01:00" testType="13cdc9d9-ddb5-4fa4-a97d-d965ccfc6d4b" outcome="Passed" testListId="8c84fa94-04c1-424b-9868-57a2d4851a1d" relativeResultsDirectory="c464b9c6-7ead-4a8e-b734-a37b6925e7db" />
    <UnitTestResult executionId="9067ecf8-5326-4544-a2d9-7198b9c7fdaa" testId="c875fbe5-7486-418e-8658-889df508919c" testName="ToInt_Passing_InvalidValueString_Returns_Null (1,3333)" computerName="PC-SFERRARI" duration="00:00:00.0002346" startTime="2022-12-28T13:20:06.5517610+01:00" endTime="2022-12-28T13:20:06.5521613+01:00" testType="13cdc9d9-ddb5-4fa4-a97d-d965ccfc6d4b" outcome="Passed" testListId="8c84fa94-04c1-424b-9868-57a2d4851a1d" relativeResultsDirectory="9067ecf8-5326-4544-a2d9-7198b9c7fdaa" />
    <UnitTestResult executionId="8c9943b7-2c50-4f5e-8d03-ede20d673acf" testId="2262896c-729e-4788-be53-8be2f95819d5" testName="ToNormalize_Passing_ValidValue_Returns_NormalizedValue (i’ LL,i LL)" computerName="PC-SFERRARI" duration="00:00:00.0000530" startTime="2022-12-28T13:20:06.4544762+01:00" endTime="2022-12-28T13:20:06.4547173+01:00" testType="13cdc9d9-ddb5-4fa4-a97d-d965ccfc6d4b" outcome="Passed" testListId="8c84fa94-04c1-424b-9868-57a2d4851a1d" relativeResultsDirectory="8c9943b7-2c50-4f5e-8d03-ede20d673acf" />
    <UnitTestResult executionId="9adc740c-d619-4be1-8ec8-0a06f8a1765d" testId="d4fca551-a29d-43ac-a2fb-3afab189c833" testName="ToInt_Passing_InvalidValueString_Returns_Null (1.333,39)" computerName="PC-SFERRARI" duration="00:00:00.0000129" startTime="2022-12-28T13:20:06.5522132+01:00" endTime="2022-12-28T13:20:06.5534120+01:00" testType="13cdc9d9-ddb5-4fa4-a97d-d965ccfc6d4b" outcome="Passed" testListId="8c84fa94-04c1-424b-9868-57a2d4851a1d" relativeResultsDirectory="9adc740c-d619-4be1-8ec8-0a06f8a1765d" />
    <UnitTestResult executionId="06b652bf-1f13-43a4-aa0a-88dfaf7b770b" testId="a692a7e8-f12c-434f-aac5-ba1916f4ea8c" testName="ToTryIPv6_Passing_HttpContext_IP_Value_Returns_IP" computerName="PC-SFERRARI" duration="00:00:00.0008162" startTime="2022-12-28T13:20:06.1276914+01:00" endTime="2022-12-28T13:20:06.1286231+01:00" testType="13cdc9d9-ddb5-4fa4-a97d-d965ccfc6d4b" outcome="Passed" testListId="8c84fa94-04c1-424b-9868-57a2d4851a1d" relativeResultsDirectory="06b652bf-1f13-43a4-aa0a-88dfaf7b770b" />
    <UnitTestResult executionId="3e9fc1d4-1b3c-490f-a5d5-af715b2657f9" testId="3f71a834-7627-412e-998c-844a3c0af65b" testName="ToSetTime_Passing_Time_String_Returns_DateTime" computerName="PC-SFERRARI" duration="00:00:00.0003658" startTime="2022-12-28T13:20:06.0697618+01:00" endTime="2022-12-28T13:20:06.0702096+01:00" testType="13cdc9d9-ddb5-4fa4-a97d-d965ccfc6d4b" outcome="Passed" testListId="8c84fa94-04c1-424b-9868-57a2d4851a1d" relativeResultsDirectory="3e9fc1d4-1b3c-490f-a5d5-af715b2657f9" />
    <UnitTestResult executionId="f58eda22-5923-4f00-a311-e944255b406a" testId="4e8ba58b-d7d6-4c79-9791-4a60c31e7294" testName="ToDisplay_Passing_Enumeration_Name_Returns_Display_Atributte" computerName="PC-SFERRARI" duration="00:00:00.0020692" startTime="2022-12-28T13:20:06.0800501+01:00" endTime="2022-12-28T13:20:06.0822288+01:00" testType="13cdc9d9-ddb5-4fa4-a97d-d965ccfc6d4b" outcome="Passed" testListId="8c84fa94-04c1-424b-9868-57a2d4851a1d" relativeResultsDirectory="f58eda22-5923-4f00-a311-e944255b406a" />
    <UnitTestResult executionId="64e4757d-5bd5-4503-b4dd-0bc19febae95" testId="b0c72556-5b3c-442a-ae75-8d7384f484d9" testName="ToAssembly_Passing_ValidValueAssemblyString_Returns_Assembly" computerName="PC-SFERRARI" duration="00:00:00.0004860" startTime="2022-12-28T13:20:06.5979643+01:00" endTime="2022-12-28T13:20:06.5985953+01:00" testType="13cdc9d9-ddb5-4fa4-a97d-d965ccfc6d4b" outcome="Passed" testListId="8c84fa94-04c1-424b-9868-57a2d4851a1d" relativeResultsDirectory="64e4757d-5bd5-4503-b4dd-0bc19febae95" />
    <UnitTestResult executionId="e75ecd1b-78a0-4482-93ea-d8696d8c9e60" testId="893381b2-536d-4a7c-9912-7ec52a66b189" testName="ToSecuencial_Passing_Guids_Returns_GuidsSecuencials" computerName="PC-SFERRARI" duration="00:00:00.0005758" startTime="2022-12-28T13:20:06.1253805+01:00" endTime="2022-12-28T13:20:06.1262092+01:00" testType="13cdc9d9-ddb5-4fa4-a97d-d965ccfc6d4b" outcome="Passed" testListId="8c84fa94-04c1-424b-9868-57a2d4851a1d" relativeResultsDirectory="e75ecd1b-78a0-4482-93ea-d8696d8c9e60" />
    <UnitTestResult executionId="6f523e9a-9f7b-435a-b8d4-5b1c65238c4a" testId="74660d05-b152-40b2-bc01-2debe6f8951d" testName="ToGetAll_Passing_Claims_Returns_Claim_Value_Int_List" computerName="PC-SFERRARI" duration="00:00:00.0032208" startTime="2022-12-28T13:20:06.0558382+01:00" endTime="2022-12-28T13:20:06.0591762+01:00" testType="13cdc9d9-ddb5-4fa4-a97d-d965ccfc6d4b" outcome="Passed" testListId="8c84fa94-04c1-424b-9868-57a2d4851a1d" relativeResultsDirectory="6f523e9a-9f7b-435a-b8d4-5b1c65238c4a" />
    <UnitTestResult executionId="e8fa5641-95c9-4ac2-880a-fb4ead072ce4" testId="45d8c4d5-a225-4c9a-b1e3-965d5f9c9f07" testName="ToRemove_Passing_ValidValue_Returns_ValueWithoutRemovedChars (aeiou,e,aiou)" computerName="PC-SFERRARI" duration="00:00:00.0000224" startTime="2022-12-28T13:20:06.4211209+01:00" endTime="2022-12-28T13:20:06.4213342+01:00" testType="13cdc9d9-ddb5-4fa4-a97d-d965ccfc6d4b" outcome="Passed" testListId="8c84fa94-04c1-424b-9868-57a2d4851a1d" relativeResultsDirectory="e8fa5641-95c9-4ac2-880a-fb4ead072ce4" />
    <UnitTestResult executionId="ca770348-b6ac-4080-9c12-a8f1ccdf811a" testId="700aad91-9368-478f-9d3b-0459b132b626" testName="ToNormalize_Passing_ValidValue_Returns_NormalizedValue (Münçhen,Munchen)" computerName="PC-SFERRARI" duration="00:00:00.0000394" startTime="2022-12-28T13:20:06.4502197+01:00" endTime="2022-12-28T13:20:06.4504188+01:00" testType="13cdc9d9-ddb5-4fa4-a97d-d965ccfc6d4b" outcome="Passed" testListId="8c84fa94-04c1-424b-9868-57a2d4851a1d" relativeResultsDirectory="ca770348-b6ac-4080-9c12-a8f1ccdf811a" />
    <UnitTestResult executionId="3e84715f-b5ca-4bdf-a5df-da03b67e8527" testId="ec44044b-a29b-4b26-bc49-c7ebf810bce1" testName="ToNormalize_Passing_ValidValue_Returns_NormalizedValue (*¨^_:-?¿;,)" computerName="PC-SFERRARI" duration="00:00:00.0000403" startTime="2022-12-28T13:20:06.4425310+01:00" endTime="2022-12-28T13:20:06.4426870+01:00" testType="13cdc9d9-ddb5-4fa4-a97d-d965ccfc6d4b" outcome="Passed" testListId="8c84fa94-04c1-424b-9868-57a2d4851a1d" relativeResultsDirectory="3e84715f-b5ca-4bdf-a5df-da03b67e8527" />
    <UnitTestResult executionId="5910f9cb-ace3-4505-b60e-ed50850f8dff" testId="3ea5536f-0c1b-4291-ad44-1a3d870e2be8" testName="ToRandom_Passing_Invalid_Null_Value_Returns_Null" computerName="PC-SFERRARI" duration="00:00:00.0002008" startTime="2022-12-28T13:20:06.6060065+01:00" endTime="2022-12-28T13:20:06.6065874+01:00" testType="13cdc9d9-ddb5-4fa4-a97d-d965ccfc6d4b" outcome="Passed" testListId="8c84fa94-04c1-424b-9868-57a2d4851a1d" relativeResultsDirectory="5910f9cb-ace3-4505-b60e-ed50850f8dff" />
    <UnitTestResult executionId="9a0322b9-e404-4c05-a0f6-e930ff7d3fb9" testId="53dff3fa-3681-4672-b284-13fc08b1f8ff" testName="ToRemove_Passing_ValidValue_Returns_ValueWithoutRemovedChars ( hello hello , ,hellohello)" computerName="PC-SFERRARI" duration="00:00:00.0000340" startTime="2022-12-28T13:20:06.4161800+01:00" endTime="2022-12-28T13:20:06.4164544+01:00" testType="13cdc9d9-ddb5-4fa4-a97d-d965ccfc6d4b" outcome="Passed" testListId="8c84fa94-04c1-424b-9868-57a2d4851a1d" relativeResultsDirectory="9a0322b9-e404-4c05-a0f6-e930ff7d3fb9" />
    <UnitTestResult executionId="5f99acdf-59f7-4a95-85be-79fb8ba455e2" testId="9cde0832-f993-4588-a13f-d2e1c8b31b20" testName="ToFirstLetterUpper_Passing_ValidValue_Returns_StringWithFirstLetterUpper (aeioU,AeioU)" computerName="PC-SFERRARI" duration="00:00:00.0000120" startTime="2022-12-28T13:20:06.4645263+01:00" endTime="2022-12-28T13:20:06.4648107+01:00" testType="13cdc9d9-ddb5-4fa4-a97d-d965ccfc6d4b" outcome="Passed" testListId="8c84fa94-04c1-424b-9868-57a2d4851a1d" relativeResultsDirectory="5f99acdf-59f7-4a95-85be-79fb8ba455e2" />
    <UnitTestResult executionId="9428ae21-aa28-4608-b177-8778604716c9" testId="bd91ae22-f449-47a9-9892-e932b0fb190a" testName="CreateAndVerifySHA256_Passing_Valid_Arguments_Returns_True (Password)" computerName="PC-SFERRARI" duration="00:00:00.0034988" startTime="2022-12-28T13:20:06.6535950+01:00" endTime="2022-12-28T13:20:06.6573283+01:00" testType="13cdc9d9-ddb5-4fa4-a97d-d965ccfc6d4b" outcome="Passed" testListId="8c84fa94-04c1-424b-9868-57a2d4851a1d" relativeResultsDirectory="9428ae21-aa28-4608-b177-8778604716c9" />
    <UnitTestResult executionId="4ccb20c7-2a2e-4840-82a7-e3fefd7c0dcf" testId="d4ba5ba2-e099-41a8-aa1c-5ebd9737bede" testName="ToEnvironment_ServiceCollection_Passing_Development_Enviroment_Returns_Development_Name" computerName="PC-SFERRARI" duration="00:00:00.0006251" startTime="2022-12-28T13:20:06.3500624+01:00" endTime="2022-12-28T13:20:06.3509077+01:00" testType="13cdc9d9-ddb5-4fa4-a97d-d965ccfc6d4b" outcome="Passed" testListId="8c84fa94-04c1-424b-9868-57a2d4851a1d" relativeResultsDirectory="4ccb20c7-2a2e-4840-82a7-e3fefd7c0dcf" />
    <UnitTestResult executionId="a0611818-700c-4e4e-bb3c-b4b2858baf8c" testId="479b1bc0-1fff-49ac-a820-2171d2b438ae" testName="ToEnum_Passing_InvalidValueString_Returns_EnumCustomValue" computerName="PC-SFERRARI" duration="00:00:00.0001137" startTime="2022-12-28T13:20:06.4584328+01:00" endTime="2022-12-28T13:20:06.4586442+01:00" testType="13cdc9d9-ddb5-4fa4-a97d-d965ccfc6d4b" outcome="Passed" testListId="8c84fa94-04c1-424b-9868-57a2d4851a1d" relativeResultsDirectory="a0611818-700c-4e4e-bb3c-b4b2858baf8c" />
    <UnitTestResult executionId="7392aeea-24c0-42a9-99b5-a1e473d7a062" testId="3ed68acf-e6d2-4efe-a5c2-296957be7226" testName="ThrowIf_Passing_ValidValue_Returns_Value" computerName="PC-SFERRARI" duration="00:00:00.0001790" startTime="2022-12-28T13:20:06.6298621+01:00" endTime="2022-12-28T13:20:06.6301087+01:00" testType="13cdc9d9-ddb5-4fa4-a97d-d965ccfc6d4b" outcome="Passed" testListId="8c84fa94-04c1-424b-9868-57a2d4851a1d" relativeResultsDirectory="7392aeea-24c0-42a9-99b5-a1e473d7a062" />
    <UnitTestResult executionId="94fb70cf-6d5f-46da-aeee-2bda472a3817" testId="db0a2ba9-d8fb-46d4-97bf-a57594876707" testName="ToEmailMaskUserNameAndDomainAndExtension_Passing_ValidEmail_Returns_EmailWithMask (qazwsxedc@gmail.com,q*******c@g***l.c*m)" computerName="PC-SFERRARI" duration="00:00:00.0000542" startTime="2022-12-28T13:20:06.4967705+01:00" endTime="2022-12-28T13:20:06.4971549+01:00" testType="13cdc9d9-ddb5-4fa4-a97d-d965ccfc6d4b" outcome="Passed" testListId="8c84fa94-04c1-424b-9868-57a2d4851a1d" relativeResultsDirectory="94fb70cf-6d5f-46da-aeee-2bda472a3817" />
    <UnitTestResult executionId="141d9795-75bf-4d93-a66c-66fa0a6ba5af" testId="5915e44e-29b5-46ab-af98-3cf7c8cc1cf1" testName="ToReplaceSpecialChars_Passing_ValidValue_Returns_ReplacedValueWithoutIgnoreSpecialChars (*¨^_:-?¿;,?¿,?¿)" computerName="PC-SFERRARI" duration="00:00:00.0000567" startTime="2022-12-28T13:20:06.4411638+01:00" endTime="2022-12-28T13:20:06.4414437+01:00" testType="13cdc9d9-ddb5-4fa4-a97d-d965ccfc6d4b" outcome="Passed" testListId="8c84fa94-04c1-424b-9868-57a2d4851a1d" relativeResultsDirectory="141d9795-75bf-4d93-a66c-66fa0a6ba5af" />
    <UnitTestResult executionId="fe05f238-e392-4756-900b-68ca6f64b538" testId="7b1e0229-77f3-46cc-8ff2-a474ffd4f7a0" testName="ToEnvironment_Passing_Staging_Enviroment_Returns_Staging_Name" computerName="PC-SFERRARI" duration="00:00:00.0009730" startTime="2022-12-28T13:20:05.8956135+01:00" endTime="2022-12-28T13:20:05.8967784+01:00" testType="13cdc9d9-ddb5-4fa4-a97d-d965ccfc6d4b" outcome="Passed" testListId="8c84fa94-04c1-424b-9868-57a2d4851a1d" relativeResultsDirectory="fe05f238-e392-4756-900b-68ca6f64b538" />
    <UnitTestResult executionId="c83f9511-7df5-4508-83c3-78765020ffa3" testId="118ffa40-bcb0-4d6e-bcb2-49420c4681c2" testName="ToNormalize_Passing_ValidValue_Returns_NormalizedValue (The End,The End)" computerName="PC-SFERRARI" duration="00:00:00.0000396" startTime="2022-12-28T13:20:06.4550595+01:00" endTime="2022-12-28T13:20:06.4552812+01:00" testType="13cdc9d9-ddb5-4fa4-a97d-d965ccfc6d4b" outcome="Passed" testListId="8c84fa94-04c1-424b-9868-57a2d4851a1d" relativeResultsDirectory="c83f9511-7df5-4508-83c3-78765020ffa3" />
    <UnitTestResult executionId="669835dd-bf38-43d5-8ffb-33c48109796a" testId="75739732-f8ea-4216-a201-3bacd1b50562" testName="ToUri_Passing_ValidValueString_Returns_Uri (http://foo.com/blah_(wikipedia)#cite-1)" computerName="PC-SFERRARI" duration="00:00:00.0000082" startTime="2022-12-28T13:20:06.5185337+01:00" endTime="2022-12-28T13:20:06.5187123+01:00" testType="13cdc9d9-ddb5-4fa4-a97d-d965ccfc6d4b" outcome="Passed" testListId="8c84fa94-04c1-424b-9868-57a2d4851a1d" relativeResultsDirectory="669835dd-bf38-43d5-8ffb-33c48109796a" />
    <UnitTestResult executionId="d631c94b-3df2-4c44-921d-2476c2a25271" testId="5f150458-dcde-461b-a044-5af36f850477" testName="ToReplaceSpecialChars_Passing_ValidValue_Returns_ReplacedValueWithoutIgnoreSpecialChars ( * ¨ ^ _ : - ? ¿ ; ,          )" computerName="PC-SFERRARI" duration="00:00:00.0000779" startTime="2022-12-28T13:20:06.4391830+01:00" endTime="2022-12-28T13:20:06.4394427+01:00" testType="13cdc9d9-ddb5-4fa4-a97d-d965ccfc6d4b" outcome="Passed" testListId="8c84fa94-04c1-424b-9868-57a2d4851a1d" relativeResultsDirectory="d631c94b-3df2-4c44-921d-2476c2a25271" />
    <UnitTestResult executionId="a0323796-fa7f-40d5-a216-3f0a9557ded3" testId="31965449-0ada-4995-b95d-623bd108c9ed" testName="ToUri_Passing_ValidValueString_Returns_Uri (http://उदाहरण.परीक्ष)" computerName="PC-SFERRARI" duration="00:00:00.0000166" startTime="2022-12-28T13:20:06.5243306+01:00" endTime="2022-12-28T13:20:06.5245115+01:00" testType="13cdc9d9-ddb5-4fa4-a97d-d965ccfc6d4b" outcome="Passed" testListId="8c84fa94-04c1-424b-9868-57a2d4851a1d" relativeResultsDirectory="a0323796-fa7f-40d5-a216-3f0a9557ded3" />
    <UnitTestResult executionId="29973331-9812-4dd0-afaf-295ed4ddf969" testId="680bd81e-b0ae-4ccd-9b59-bdceefe28a0d" testName="ToEmailMask_Passing_ValidEmail_Returns_EmailWithMask (qazwsx@gmail.com,q----x@g----.com)" computerName="PC-SFERRARI" duration="00:00:00.0024339" startTime="2022-12-28T13:20:06.4987524+01:00" endTime="2022-12-28T13:20:06.5014134+01:00" testType="13cdc9d9-ddb5-4fa4-a97d-d965ccfc6d4b" outcome="Passed" testListId="8c84fa94-04c1-424b-9868-57a2d4851a1d" relativeResultsDirectory="29973331-9812-4dd0-afaf-295ed4ddf969" />
    <UnitTestResult executionId="6844ed44-c08c-484e-b12f-8e8b2b26913f" testId="655aba2d-3d86-4402-bdd8-f2dfb780a769" testName="ToUri_Passing_ValidValueString_Returns_Uri (http://مثال.إختبار)" computerName="PC-SFERRARI" duration="00:00:00.0000171" startTime="2022-12-28T13:20:06.5238426+01:00" endTime="2022-12-28T13:20:06.5240486+01:00" testType="13cdc9d9-ddb5-4fa4-a97d-d965ccfc6d4b" outcome="Passed" testListId="8c84fa94-04c1-424b-9868-57a2d4851a1d" relativeResultsDirectory="6844ed44-c08c-484e-b12f-8e8b2b26913f" />
    <UnitTestResult executionId="ab4ffaea-0314-47c2-83c5-424c513a881e" testId="d7efbd57-a48c-4eb6-a59a-8f91599b0b34" testName="ToUri_Passing_ValidValueString_Returns_Uri (http://userid:password@example.com/)" computerName="PC-SFERRARI" duration="00:00:00.0000091" startTime="2022-12-28T13:20:06.5171355+01:00" endTime="2022-12-28T13:20:06.5173200+01:00" testType="13cdc9d9-ddb5-4fa4-a97d-d965ccfc6d4b" outcome="Passed" testListId="8c84fa94-04c1-424b-9868-57a2d4851a1d" relativeResultsDirectory="ab4ffaea-0314-47c2-83c5-424c513a881e" />
    <UnitTestResult executionId="53fbf129-23e4-4ff5-bd76-8a02b7a2c764" testId="0d733f3f-f31f-4be4-aaa3-a6af08c11139" testName="ToContentType_Passing_ValidValueString_Returns_ContentType (xxxx.jpeg,image/jpeg)" computerName="PC-SFERRARI" duration="00:00:00.0006671" startTime="2022-12-28T13:20:06.5650594+01:00" endTime="2022-12-28T13:20:06.5660739+01:00" testType="13cdc9d9-ddb5-4fa4-a97d-d965ccfc6d4b" outcome="Passed" testListId="8c84fa94-04c1-424b-9868-57a2d4851a1d" relativeResultsDirectory="53fbf129-23e4-4ff5-bd76-8a02b7a2c764" />
  </Results>
  <TestDefinitions>
    <UnitTest name="ToEmailMaskUserName_Passing_ValidEmail_Returns_EmailWithMask (qazwsxedc@gmail.com,q*******c@gmail.com)" storage="d:\sferrari\01_trabajo\repos\netcore\libs\template-netcore-shared\kitpymes.core.shared.tests\bin\release\net7.0\kitpymes.core.shared.tests.dll" id="afb15cb6-36cc-4056-8629-76ee7c8f4119">
      <Execution id="e603a077-d103-4bab-974e-2bed5bacf3db" />
      <TestMethod codeBase="D:\SFERRARI\01_TRABAJO\repos\netcore\libs\template-netcore-shared\Kitpymes.Core.Shared.Tests\bin\Release\net7.0\Kitpymes.Core.Shared.Tests.dll" adapterTypeName="executor://mstestadapter/v2" className="Kitpymes.Core.Shared.Tests.StringExtensionsTests" name="ToEmailMaskUserName_Passing_ValidEmail_Returns_EmailWithMask" />
    </UnitTest>
    <UnitTest name="ToTryGetHeader_Passing_HttpRequest_Header_Many_Values_Returns_Values" storage="d:\sferrari\01_trabajo\repos\netcore\libs\template-netcore-shared\kitpymes.core.shared.tests\bin\release\net7.0\kitpymes.core.shared.tests.dll" id="9e3a0d19-2d65-4f86-b63e-7fd4aea1d888">
      <Execution id="be47f349-5c25-4347-8748-6d5f3e84a523" />
      <TestMethod codeBase="D:\SFERRARI\01_TRABAJO\repos\netcore\libs\template-netcore-shared\Kitpymes.Core.Shared.Tests\bin\Release\net7.0\Kitpymes.Core.Shared.Tests.dll" adapterTypeName="executor://mstestadapter/v2" className="Kitpymes.Core.Shared.Tests.HttpRequestExtensionsTests" name="ToTryGetHeader_Passing_HttpRequest_Header_Many_Values_Returns_Values" />
    </UnitTest>
    <UnitTest name="ToDefaultValue_Passing_ValidGuid_Returns_DefaultValue" storage="d:\sferrari\01_trabajo\repos\netcore\libs\template-netcore-shared\kitpymes.core.shared.tests\bin\release\net7.0\kitpymes.core.shared.tests.dll" id="85aa828a-cfcd-4c7d-ad28-8d42db887bdd">
      <Execution id="fa2e6700-0eec-4e44-9ae1-46dbba6859fb" />
      <TestMethod codeBase="D:\SFERRARI\01_TRABAJO\repos\netcore\libs\template-netcore-shared\Kitpymes.Core.Shared.Tests\bin\Release\net7.0\Kitpymes.Core.Shared.Tests.dll" adapterTypeName="executor://mstestadapter/v2" className="Kitpymes.Core.Shared.Tests.TypeExtensionsTests" name="ToDefaultValue_Passing_ValidGuid_Returns_DefaultValue" />
    </UnitTest>
    <UnitTest name="ToFirstLetterLower_Passing_ValidValue_Returns_StringWithFirstLetterLower (Aeiou,aeiou)" storage="d:\sferrari\01_trabajo\repos\netcore\libs\template-netcore-shared\kitpymes.core.shared.tests\bin\release\net7.0\kitpymes.core.shared.tests.dll" id="b602fdb5-8e8f-4aaa-a2a9-c4bc4bab6a56">
      <Execution id="c088f166-4ed5-4673-825d-a6a387ad7221" />
      <TestMethod codeBase="D:\SFERRARI\01_TRABAJO\repos\netcore\libs\template-netcore-shared\Kitpymes.Core.Shared.Tests\bin\Release\net7.0\Kitpymes.Core.Shared.Tests.dll" adapterTypeName="executor://mstestadapter/v2" className="Kitpymes.Core.Shared.Tests.StringExtensionsTests" name="ToFirstLetterLower_Passing_ValidValue_Returns_StringWithFirstLetterLower" />
    </UnitTest>
    <UnitTest name="ToNormalize_Passing_ValidValue_Returns_NormalizedValue (Kulħadd,Kulhadd)" storage="d:\sferrari\01_trabajo\repos\netcore\libs\template-netcore-shared\kitpymes.core.shared.tests\bin\release\net7.0\kitpymes.core.shared.tests.dll" id="75d7a58f-0cb2-41cd-8b93-63befc85a333">
      <Execution id="bdc0d8c5-79e8-4234-909a-45cf57664c9b" />
      <TestMethod codeBase="D:\SFERRARI\01_TRABAJO\repos\netcore\libs\template-netcore-shared\Kitpymes.Core.Shared.Tests\bin\Release\net7.0\Kitpymes.Core.Shared.Tests.dll" adapterTypeName="executor://mstestadapter/v2" className="Kitpymes.Core.Shared.Tests.StringExtensionsTests" name="ToNormalize_Passing_ValidValue_Returns_NormalizedValue" />
    </UnitTest>
    <UnitTest name="ToRemove_Passing_ValidValue_Returns_ValueWithoutRemovedChars (hello hello, ,hellohello)" storage="d:\sferrari\01_trabajo\repos\netcore\libs\template-netcore-shared\kitpymes.core.shared.tests\bin\release\net7.0\kitpymes.core.shared.tests.dll" id="a9582ce4-3158-46fa-a0a1-0b7ad7ddb6ec">
      <Execution id="c567342d-96bb-4a3b-8326-ea070f2873c2" />
      <TestMethod codeBase="D:\SFERRARI\01_TRABAJO\repos\netcore\libs\template-netcore-shared\Kitpymes.Core.Shared.Tests\bin\Release\net7.0\Kitpymes.Core.Shared.Tests.dll" adapterTypeName="executor://mstestadapter/v2" className="Kitpymes.Core.Shared.Tests.StringExtensionsTests" name="ToRemove_Passing_ValidValue_Returns_ValueWithoutRemovedChars" />
    </UnitTest>
    <UnitTest name="ToEmailMaskUserNameAndDomain_Passing_ValidEmail_Returns_EmailWithMask (qazwsx@gmailgmail.com,q****x@g********l.com)" storage="d:\sferrari\01_trabajo\repos\netcore\libs\template-netcore-shared\kitpymes.core.shared.tests\bin\release\net7.0\kitpymes.core.shared.tests.dll" id="fe2d5be4-d151-4c0a-9d4a-f365992debe1">
      <Execution id="a94b7b97-758b-45c3-becf-8510f41f54d0" />
      <TestMethod codeBase="D:\SFERRARI\01_TRABAJO\repos\netcore\libs\template-netcore-shared\Kitpymes.Core.Shared.Tests\bin\Release\net7.0\Kitpymes.Core.Shared.Tests.dll" adapterTypeName="executor://mstestadapter/v2" className="Kitpymes.Core.Shared.Tests.StringExtensionsTests" name="ToEmailMaskUserNameAndDomain_Passing_ValidEmail_Returns_EmailWithMask" />
    </UnitTest>
    <UnitTest name="ToUri_Passing_InvalidValueString_Returns_DefaultValue (http://?)" storage="d:\sferrari\01_trabajo\repos\netcore\libs\template-netcore-shared\kitpymes.core.shared.tests\bin\release\net7.0\kitpymes.core.shared.tests.dll" id="ae543a60-5a23-4756-8ead-6dd4584102fd">
      <Execution id="c4ce73ef-f7f5-4610-b9f5-8b0de9c93171" />
      <TestMethod codeBase="D:\SFERRARI\01_TRABAJO\repos\netcore\libs\template-netcore-shared\Kitpymes.Core.Shared.Tests\bin\Release\net7.0\Kitpymes.Core.Shared.Tests.dll" adapterTypeName="executor://mstestadapter/v2" className="Kitpymes.Core.Shared.Tests.StringExtensionsTests" name="ToUri_Passing_InvalidValueString_Returns_DefaultValue" />
    </UnitTest>
    <UnitTest name="ToDictionaryPropertyInfo_Passing_Object_IncludeNullOrEmptyProperty_Returns_Properties_NameAndValue_Dictionary" storage="d:\sferrari\01_trabajo\repos\netcore\libs\template-netcore-shared\kitpymes.core.shared.tests\bin\release\net7.0\kitpymes.core.shared.tests.dll" id="950910d5-c612-4d41-a045-a52ebb582d18">
      <Execution id="cefb9397-65b6-4e49-a3ea-95367f40bf60" />
      <TestMethod codeBase="D:\SFERRARI\01_TRABAJO\repos\netcore\libs\template-netcore-shared\Kitpymes.Core.Shared.Tests\bin\Release\net7.0\Kitpymes.Core.Shared.Tests.dll" adapterTypeName="executor://mstestadapter/v2" className="Kitpymes.Core.Shared.Tests.GenericExtensionsTests" name="ToDictionaryPropertyInfo_Passing_Object_IncludeNullOrEmptyProperty_Returns_Properties_NameAndValue_Dictionary" />
    </UnitTest>
    <UnitTest name="ToReadOnly_Passing_Valid_Collection_Returns_Readonly_Collection" storage="d:\sferrari\01_trabajo\repos\netcore\libs\template-netcore-shared\kitpymes.core.shared.tests\bin\release\net7.0\kitpymes.core.shared.tests.dll" id="78a34fda-5299-4fd9-a52b-abe79f9af86c">
      <Execution id="2d6450cd-4c74-4962-a112-656732e395f6" />
      <TestMethod codeBase="D:\SFERRARI\01_TRABAJO\repos\netcore\libs\template-netcore-shared\Kitpymes.Core.Shared.Tests\bin\Release\net7.0\Kitpymes.Core.Shared.Tests.dll" adapterTypeName="executor://mstestadapter/v2" className="Kitpymes.Core.Shared.Tests.EnumerableExtensionsTests" name="ToReadOnly_Passing_Valid_Collection_Returns_Readonly_Collection" />
    </UnitTest>
    <UnitTest name="ThrowIf_Passing_ValidValue_Returns_Value" storage="d:\sferrari\01_trabajo\repos\netcore\libs\template-netcore-shared\kitpymes.core.shared.tests\bin\release\net7.0\kitpymes.core.shared.tests.dll" id="3ed68acf-e6d2-4efe-a5c2-296957be7226">
      <Execution id="7392aeea-24c0-42a9-99b5-a1e473d7a062" />
      <TestMethod codeBase="D:\SFERRARI\01_TRABAJO\repos\netcore\libs\template-netcore-shared\Kitpymes.Core.Shared.Tests\bin\Release\net7.0\Kitpymes.Core.Shared.Tests.dll" adapterTypeName="executor://mstestadapter/v2" className="Kitpymes.Core.Shared.Tests.VerifyExtensionsTests" name="ThrowIf_Passing_ValidValue_Returns_Value" />
    </UnitTest>
    <UnitTest name="ToSettings_Passing_Values_From_Memory_Returns_Settings" storage="d:\sferrari\01_trabajo\repos\netcore\libs\template-netcore-shared\kitpymes.core.shared.tests\bin\release\net7.0\kitpymes.core.shared.tests.dll" id="8e6d5afc-3d61-4c36-8e10-9f2d11c0b38f">
      <Execution id="98ca4a0e-1ca3-4064-b14c-4aebf0ab2a23" />
      <TestMethod codeBase="D:\SFERRARI\01_TRABAJO\repos\netcore\libs\template-netcore-shared\Kitpymes.Core.Shared.Tests\bin\Release\net7.0\Kitpymes.Core.Shared.Tests.dll" adapterTypeName="executor://mstestadapter/v2" className="Kitpymes.Core.Shared.Tests.ConfigurationBuilderExtensionsTests" name="ToSettings_Passing_Values_From_Memory_Returns_Settings" />
    </UnitTest>
    <UnitTest name="CreateSHA512_Passing_Invalid_Arguments_Returns_ApplicationException ()" storage="d:\sferrari\01_trabajo\repos\netcore\libs\template-netcore-shared\kitpymes.core.shared.tests\bin\release\net7.0\kitpymes.core.shared.tests.dll" id="e6e60f5c-8dc0-45b0-95d9-7967270e969f">
      <Execution id="279bbbc6-f871-490d-a1de-1559c4a1e064" />
      <TestMethod codeBase="D:\SFERRARI\01_TRABAJO\repos\netcore\libs\template-netcore-shared\Kitpymes.Core.Shared.Tests\bin\Release\net7.0\Kitpymes.Core.Shared.Tests.dll" adapterTypeName="executor://mstestadapter/v2" className="Kitpymes.Core.Shared.Tests.HashTests" name="CreateSHA512_Passing_Invalid_Arguments_Returns_ApplicationException" />
    </UnitTest>
    <UnitTest name="ToMapMerge_Passing_Destination_Object_Returns_Merged_Destination_Object" storage="d:\sferrari\01_trabajo\repos\netcore\libs\template-netcore-shared\kitpymes.core.shared.tests\bin\release\net7.0\kitpymes.core.shared.tests.dll" id="ff725f82-aa8f-4b57-a59a-901d0c2f153d">
      <Execution id="016c6207-edb6-4de6-ad8b-37363e376db1" />
      <TestMethod codeBase="D:\SFERRARI\01_TRABAJO\repos\netcore\libs\template-netcore-shared\Kitpymes.Core.Shared.Tests\bin\Release\net7.0\Kitpymes.Core.Shared.Tests.dll" adapterTypeName="executor://mstestadapter/v2" className="Kitpymes.Core.Shared.Tests.AgileMapperExtensionsTests" name="ToMapMerge_Passing_Destination_Object_Returns_Merged_Destination_Object" />
    </UnitTest>
    <UnitTest name="ToConfigureOrDefault_Passing_ActionCustomValues_Returns_CustomValues" storage="d:\sferrari\01_trabajo\repos\netcore\libs\template-netcore-shared\kitpymes.core.shared.tests\bin\release\net7.0\kitpymes.core.shared.tests.dll" id="6b376ff1-aef7-4384-b896-f2115f1fcf32">
      <Execution id="fe63dd31-9055-4521-af43-eff2152ce421" />
      <TestMethod codeBase="D:\SFERRARI\01_TRABAJO\repos\netcore\libs\template-netcore-shared\Kitpymes.Core.Shared.Tests\bin\Release\net7.0\Kitpymes.Core.Shared.Tests.dll" adapterTypeName="executor://mstestadapter/v2" className="Kitpymes.Core.Shared.Tests.ActionExtensionsTests" name="ToConfigureOrDefault_Passing_ActionCustomValues_Returns_CustomValues" />
    </UnitTest>
    <UnitTest name="ToContentType_Passing_ValidValueString_Returns_ContentType (xxxx.txt,text/plain)" storage="d:\sferrari\01_trabajo\repos\netcore\libs\template-netcore-shared\kitpymes.core.shared.tests\bin\release\net7.0\kitpymes.core.shared.tests.dll" id="74152c02-9d09-4ff7-9495-1d079989ed8a">
      <Execution id="988993a2-719a-4941-b270-bd8b72c28afb" />
      <TestMethod codeBase="D:\SFERRARI\01_TRABAJO\repos\netcore\libs\template-netcore-shared\Kitpymes.Core.Shared.Tests\bin\Release\net7.0\Kitpymes.Core.Shared.Tests.dll" adapterTypeName="executor://mstestadapter/v2" className="Kitpymes.Core.Shared.Tests.StringExtensionsTests" name="ToContentType_Passing_ValidValueString_Returns_ContentType" />
    </UnitTest>
    <UnitTest name="CreateAndVerifySHA256_Passing_Valid_Arguments_Returns_True (sdlfkjldsfksdfñl·%$·&amp;$/U&amp;/)(&amp;()?=)¿?^P*^PÑL,.,.lñ´ñ+98098'098098)" storage="d:\sferrari\01_trabajo\repos\netcore\libs\template-netcore-shared\kitpymes.core.shared.tests\bin\release\net7.0\kitpymes.core.shared.tests.dll" id="f080ba11-aa53-46e0-8d66-ec65d3704602">
      <Execution id="303e7dcb-815f-4e1f-83e8-a82a7abb5313" />
      <TestMethod codeBase="D:\SFERRARI\01_TRABAJO\repos\netcore\libs\template-netcore-shared\Kitpymes.Core.Shared.Tests\bin\Release\net7.0\Kitpymes.Core.Shared.Tests.dll" adapterTypeName="executor://mstestadapter/v2" className="Kitpymes.Core.Shared.Tests.HashTests" name="CreateAndVerifySHA256_Passing_Valid_Arguments_Returns_True" />
    </UnitTest>
    <UnitTest name="ToReplace_Passing_ValidValue_Returns_ReplacedValue (aeiou,*,0,1,*eiou)" storage="d:\sferrari\01_trabajo\repos\netcore\libs\template-netcore-shared\kitpymes.core.shared.tests\bin\release\net7.0\kitpymes.core.shared.tests.dll" id="afe7eade-b68c-446f-ae45-891e651bab7e">
      <Execution id="8c08c8c9-1b5b-44bb-9ad2-0a2cd2d341eb" />
      <TestMethod codeBase="D:\SFERRARI\01_TRABAJO\repos\netcore\libs\template-netcore-shared\Kitpymes.Core.Shared.Tests\bin\Release\net7.0\Kitpymes.Core.Shared.Tests.dll" adapterTypeName="executor://mstestadapter/v2" className="Kitpymes.Core.Shared.Tests.StringExtensionsTests" name="ToReplace_Passing_ValidValue_Returns_ReplacedValue" />
    </UnitTest>
    <UnitTest name="ThrowIfDirectoryNotExists_Passing_InvalidValue_Returns_ApplicationExceptionWithMessage" storage="d:\sferrari\01_trabajo\repos\netcore\libs\template-netcore-shared\kitpymes.core.shared.tests\bin\release\net7.0\kitpymes.core.shared.tests.dll" id="fbd95cff-a019-4f11-a93a-280dd3fae075">
      <Execution id="ecf75efc-ba90-4640-bcf4-f5189a860d12" />
      <TestMethod codeBase="D:\SFERRARI\01_TRABAJO\repos\netcore\libs\template-netcore-shared\Kitpymes.Core.Shared.Tests\bin\Release\net7.0\Kitpymes.Core.Shared.Tests.dll" adapterTypeName="executor://mstestadapter/v2" className="Kitpymes.Core.Shared.Tests.VerifyExtensionsTests" name="ThrowIfDirectoryNotExists_Passing_InvalidValue_Returns_ApplicationExceptionWithMessage" />
    </UnitTest>
    <UnitTest name="ToRandom_Passing_ValidValueString_Returns_String" storage="d:\sferrari\01_trabajo\repos\netcore\libs\template-netcore-shared\kitpymes.core.shared.tests\bin\release\net7.0\kitpymes.core.shared.tests.dll" id="0d54d14e-b44a-4d5f-92db-c40692ed1648">
      <Execution id="342a0304-2824-4633-a3ee-af0010e46c85" />
      <TestMethod codeBase="D:\SFERRARI\01_TRABAJO\repos\netcore\libs\template-netcore-shared\Kitpymes.Core.Shared.Tests\bin\Release\net7.0\Kitpymes.Core.Shared.Tests.dll" adapterTypeName="executor://mstestadapter/v2" className="Kitpymes.Core.Shared.Tests.StringExtensionsTests" name="ToRandom_Passing_ValidValueString_Returns_String" />
    </UnitTest>
    <UnitTest name="ToEnvironment_Passing_Service_Not_Found_Returns_ApplicationException" storage="d:\sferrari\01_trabajo\repos\netcore\libs\template-netcore-shared\kitpymes.core.shared.tests\bin\release\net7.0\kitpymes.core.shared.tests.dll" id="43043d18-c9cb-49ed-bcb6-bae32567f864">
      <Execution id="7bb67e4b-790f-42c2-8f28-076244615bae" />
      <TestMethod codeBase="D:\SFERRARI\01_TRABAJO\repos\netcore\libs\template-netcore-shared\Kitpymes.Core.Shared.Tests\bin\Release\net7.0\Kitpymes.Core.Shared.Tests.dll" adapterTypeName="executor://mstestadapter/v2" className="Kitpymes.Core.Shared.Tests.ApplicationBuilderExtensionsTests" name="ToEnvironment_Passing_Service_Not_Found_Returns_ApplicationException" />
    </UnitTest>
    <UnitTest name="ToContentType_Passing_ValidValueString_Returns_ContentType (xxxx.jpeg,image/jpeg)" storage="d:\sferrari\01_trabajo\repos\netcore\libs\template-netcore-shared\kitpymes.core.shared.tests\bin\release\net7.0\kitpymes.core.shared.tests.dll" id="0d733f3f-f31f-4be4-aaa3-a6af08c11139">
      <Execution id="53fbf129-23e4-4ff5-bd76-8a02b7a2c764" />
      <TestMethod codeBase="D:\SFERRARI\01_TRABAJO\repos\netcore\libs\template-netcore-shared\Kitpymes.Core.Shared.Tests\bin\Release\net7.0\Kitpymes.Core.Shared.Tests.dll" adapterTypeName="executor://mstestadapter/v2" className="Kitpymes.Core.Shared.Tests.StringExtensionsTests" name="ToContentType_Passing_ValidValueString_Returns_ContentType" />
    </UnitTest>
    <UnitTest name="ToDefaultValue_Passing_uint_Returns_Cero" storage="d:\sferrari\01_trabajo\repos\netcore\libs\template-netcore-shared\kitpymes.core.shared.tests\bin\release\net7.0\kitpymes.core.shared.tests.dll" id="cd30603f-1ce6-4bc9-aa3e-40c6f5336d8b">
      <Execution id="6d6eb665-bd7e-4cff-a8b9-526263dfe396" />
      <TestMethod codeBase="D:\SFERRARI\01_TRABAJO\repos\netcore\libs\template-netcore-shared\Kitpymes.Core.Shared.Tests\bin\Release\net7.0\Kitpymes.Core.Shared.Tests.dll" adapterTypeName="executor://mstestadapter/v2" className="Kitpymes.Core.Shared.Tests.GenericExtensionsTests" name="ToDefaultValue_Passing_uint_Returns_Cero" />
    </UnitTest>
    <UnitTest name="ToRemove_Passing_ValidValue_Returns_ValueWithoutRemovedChars (aeiou,a,eiou)" storage="d:\sferrari\01_trabajo\repos\netcore\libs\template-netcore-shared\kitpymes.core.shared.tests\bin\release\net7.0\kitpymes.core.shared.tests.dll" id="df847d18-3344-46ac-8dd3-c7a030f75714">
      <Execution id="8f03788c-f9d8-4a50-8dbc-bd1d9719d43b" />
      <TestMethod codeBase="D:\SFERRARI\01_TRABAJO\repos\netcore\libs\template-netcore-shared\Kitpymes.Core.Shared.Tests\bin\Release\net7.0\Kitpymes.Core.Shared.Tests.dll" adapterTypeName="executor://mstestadapter/v2" className="Kitpymes.Core.Shared.Tests.StringExtensionsTests" name="ToRemove_Passing_ValidValue_Returns_ValueWithoutRemovedChars" />
    </UnitTest>
    <UnitTest name="ToUri_Passing_ValidValueString_Returns_Uri (http://foo.com/unicode_(✪)_in_parens)" storage="d:\sferrari\01_trabajo\repos\netcore\libs\template-netcore-shared\kitpymes.core.shared.tests\bin\release\net7.0\kitpymes.core.shared.tests.dll" id="ff871903-106b-4b89-bb9c-9338c21c54a5">
      <Execution id="73fc126e-6420-410c-b8c4-5cfccc1e4d22" />
      <TestMethod codeBase="D:\SFERRARI\01_TRABAJO\repos\netcore\libs\template-netcore-shared\Kitpymes.Core.Shared.Tests\bin\Release\net7.0\Kitpymes.Core.Shared.Tests.dll" adapterTypeName="executor://mstestadapter/v2" className="Kitpymes.Core.Shared.Tests.StringExtensionsTests" name="ToUri_Passing_ValidValueString_Returns_Uri" />
    </UnitTest>
    <UnitTest name="ToGet_Passing_Claims_Returns_Claim_Value_String" storage="d:\sferrari\01_trabajo\repos\netcore\libs\template-netcore-shared\kitpymes.core.shared.tests\bin\release\net7.0\kitpymes.core.shared.tests.dll" id="63738e0c-51c9-4df3-b947-6a088286abe5">
      <Execution id="95107f74-e169-4f1c-906b-bf893408c330" />
      <TestMethod codeBase="D:\SFERRARI\01_TRABAJO\repos\netcore\libs\template-netcore-shared\Kitpymes.Core.Shared.Tests\bin\Release\net7.0\Kitpymes.Core.Shared.Tests.dll" adapterTypeName="executor://mstestadapter/v2" className="Kitpymes.Core.Shared.Tests.ClaimsPrincipalExtensionsTests" name="ToGet_Passing_Claims_Returns_Claim_Value_String" />
    </UnitTest>
    <UnitTest name="ResultOkData_WithData_WithMessage_WithDetails" storage="d:\sferrari\01_trabajo\repos\netcore\libs\template-netcore-shared\kitpymes.core.shared.tests\bin\release\net7.0\kitpymes.core.shared.tests.dll" id="a1bbe7a4-5406-4df7-9cf9-b9076b8bdc9b">
      <Execution id="960b8aff-c278-45b7-9841-66e95935232b" />
      <TestMethod codeBase="D:\SFERRARI\01_TRABAJO\repos\netcore\libs\template-netcore-shared\Kitpymes.Core.Shared.Tests\bin\Release\net7.0\Kitpymes.Core.Shared.Tests.dll" adapterTypeName="executor://mstestadapter/v2" className="Kitpymes.Core.Shared.Tests.ResultTest" name="ResultOkData_WithData_WithMessage_WithDetails" />
    </UnitTest>
    <UnitTest name="ToSettings_Passing_Values_From_AppSettingsFile_Returns_Settings" storage="d:\sferrari\01_trabajo\repos\netcore\libs\template-netcore-shared\kitpymes.core.shared.tests\bin\release\net7.0\kitpymes.core.shared.tests.dll" id="d64caf2d-7713-4b10-8c88-2b32d1ae6cb7">
      <Execution id="ccc5bda7-f5fd-4c0a-947c-3537a1504c17" />
      <TestMethod codeBase="D:\SFERRARI\01_TRABAJO\repos\netcore\libs\template-netcore-shared\Kitpymes.Core.Shared.Tests\bin\Release\net7.0\Kitpymes.Core.Shared.Tests.dll" adapterTypeName="executor://mstestadapter/v2" className="Kitpymes.Core.Shared.Tests.ConfigurationBuilderExtensionsTests" name="ToSettings_Passing_Values_From_AppSettingsFile_Returns_Settings" />
    </UnitTest>
    <UnitTest name="ToUri_Passing_ValidValueString_Returns_Uri (http://उदाहरण.परीक्ष)" storage="d:\sferrari\01_trabajo\repos\netcore\libs\template-netcore-shared\kitpymes.core.shared.tests\bin\release\net7.0\kitpymes.core.shared.tests.dll" id="31965449-0ada-4995-b95d-623bd108c9ed">
      <Execution id="a0323796-fa7f-40d5-a216-3f0a9557ded3" />
      <TestMethod codeBase="D:\SFERRARI\01_TRABAJO\repos\netcore\libs\template-netcore-shared\Kitpymes.Core.Shared.Tests\bin\Release\net7.0\Kitpymes.Core.Shared.Tests.dll" adapterTypeName="executor://mstestadapter/v2" className="Kitpymes.Core.Shared.Tests.StringExtensionsTests" name="ToUri_Passing_ValidValueString_Returns_Uri" />
    </UnitTest>
    <UnitTest name="ToUri_Passing_ValidValueString_Returns_Uri (https://foo.com/blah_blah/)" storage="d:\sferrari\01_trabajo\repos\netcore\libs\template-netcore-shared\kitpymes.core.shared.tests\bin\release\net7.0\kitpymes.core.shared.tests.dll" id="5fec4689-652c-44d1-8c8a-2acb4979423c">
      <Execution id="820d8b4a-f091-4d57-ba8a-fd46dd7e0bd1" />
      <TestMethod codeBase="D:\SFERRARI\01_TRABAJO\repos\netcore\libs\template-netcore-shared\Kitpymes.Core.Shared.Tests\bin\Release\net7.0\Kitpymes.Core.Shared.Tests.dll" adapterTypeName="executor://mstestadapter/v2" className="Kitpymes.Core.Shared.Tests.StringExtensionsTests" name="ToUri_Passing_ValidValueString_Returns_Uri" />
    </UnitTest>
    <UnitTest name="ToUri_Passing_ValidValueString_Returns_Uri (http://userid:password@example.com)" storage="d:\sferrari\01_trabajo\repos\netcore\libs\template-netcore-shared\kitpymes.core.shared.tests\bin\release\net7.0\kitpymes.core.shared.tests.dll" id="263584c9-7077-4a7e-9463-fe05390667ed">
      <Execution id="133ffe7d-86d5-4cd1-a0d7-c67835e114ce" />
      <TestMethod codeBase="D:\SFERRARI\01_TRABAJO\repos\netcore\libs\template-netcore-shared\Kitpymes.Core.Shared.Tests\bin\Release\net7.0\Kitpymes.Core.Shared.Tests.dll" adapterTypeName="executor://mstestadapter/v2" className="Kitpymes.Core.Shared.Tests.StringExtensionsTests" name="ToUri_Passing_ValidValueString_Returns_Uri" />
    </UnitTest>
    <UnitTest name="ToUri_Passing_InvalidValueString_Returns_DefaultValue (http://?)" storage="d:\sferrari\01_trabajo\repos\netcore\libs\template-netcore-shared\kitpymes.core.shared.tests\bin\release\net7.0\kitpymes.core.shared.tests.dll" id="13a3d6b9-529b-4926-9e6a-46c9899712a6">
      <Execution id="de2390b2-a277-4cdd-9c34-6f202c5c9599" />
      <TestMethod codeBase="D:\SFERRARI\01_TRABAJO\repos\netcore\libs\template-netcore-shared\Kitpymes.Core.Shared.Tests\bin\Release\net7.0\Kitpymes.Core.Shared.Tests.dll" adapterTypeName="executor://mstestadapter/v2" className="Kitpymes.Core.Shared.Tests.StringExtensionsTests" name="ToUri_Passing_InvalidValueString_Returns_DefaultValue" />
    </UnitTest>
    <UnitTest name="ToInt_Passing_InvalidValueString_Returns_DefaultValue (1.3333)" storage="d:\sferrari\01_trabajo\repos\netcore\libs\template-netcore-shared\kitpymes.core.shared.tests\bin\release\net7.0\kitpymes.core.shared.tests.dll" id="3a1559b7-223e-4ebd-80ac-7aadd1b2b718">
      <Execution id="110d1e80-0fdc-451a-a63e-ea8bb53ec283" />
      <TestMethod codeBase="D:\SFERRARI\01_TRABAJO\repos\netcore\libs\template-netcore-shared\Kitpymes.Core.Shared.Tests\bin\Release\net7.0\Kitpymes.Core.Shared.Tests.dll" adapterTypeName="executor://mstestadapter/v2" className="Kitpymes.Core.Shared.Tests.StringExtensionsTests" name="ToInt_Passing_InvalidValueString_Returns_DefaultValue" />
    </UnitTest>
    <UnitTest name="ToContentType_Passing_ValidValueString_Returns_ContentType (xxxx.json,application/json)" storage="d:\sferrari\01_trabajo\repos\netcore\libs\template-netcore-shared\kitpymes.core.shared.tests\bin\release\net7.0\kitpymes.core.shared.tests.dll" id="560c01b7-c3e6-4aa6-8b05-b8248e3f7656">
      <Execution id="f9deefad-5809-4e2c-807b-9fc3402377b2" />
      <TestMethod codeBase="D:\SFERRARI\01_TRABAJO\repos\netcore\libs\template-netcore-shared\Kitpymes.Core.Shared.Tests\bin\Release\net7.0\Kitpymes.Core.Shared.Tests.dll" adapterTypeName="executor://mstestadapter/v2" className="Kitpymes.Core.Shared.Tests.StringExtensionsTests" name="ToContentType_Passing_ValidValueString_Returns_ContentType" />
    </UnitTest>
    <UnitTest name="ToEmailMaskUserName_Passing_ValidEmail_Returns_EmailWithMask (qazwsx@gmailgmail.com,q****x@gmailgmail.com)" storage="d:\sferrari\01_trabajo\repos\netcore\libs\template-netcore-shared\kitpymes.core.shared.tests\bin\release\net7.0\kitpymes.core.shared.tests.dll" id="70875f3c-160f-4335-9d17-c9c60b737e4f">
      <Execution id="6d59ca23-ae03-49b6-a13b-1d89199e7498" />
      <TestMethod codeBase="D:\SFERRARI\01_TRABAJO\repos\netcore\libs\template-netcore-shared\Kitpymes.Core.Shared.Tests\bin\Release\net7.0\Kitpymes.Core.Shared.Tests.dll" adapterTypeName="executor://mstestadapter/v2" className="Kitpymes.Core.Shared.Tests.StringExtensionsTests" name="ToEmailMaskUserName_Passing_ValidEmail_Returns_EmailWithMask" />
    </UnitTest>
    <UnitTest name="ToInt_Passing_InvalidValueString_Returns_Null (1.3333)" storage="d:\sferrari\01_trabajo\repos\netcore\libs\template-netcore-shared\kitpymes.core.shared.tests\bin\release\net7.0\kitpymes.core.shared.tests.dll" id="7451e969-2830-4ff6-ada2-df34158aba98">
      <Execution id="6d921581-96ab-432a-b693-20530a9cd839" />
      <TestMethod codeBase="D:\SFERRARI\01_TRABAJO\repos\netcore\libs\template-netcore-shared\Kitpymes.Core.Shared.Tests\bin\Release\net7.0\Kitpymes.Core.Shared.Tests.dll" adapterTypeName="executor://mstestadapter/v2" className="Kitpymes.Core.Shared.Tests.StringExtensionsTests" name="ToInt_Passing_InvalidValueString_Returns_Null" />
    </UnitTest>
    <UnitTest name="ToMapClone_Passing_Source_Returns_New_Source_Object" storage="d:\sferrari\01_trabajo\repos\netcore\libs\template-netcore-shared\kitpymes.core.shared.tests\bin\release\net7.0\kitpymes.core.shared.tests.dll" id="4f9555d8-d585-4a73-a09d-1eced83aa294">
      <Execution id="f858ddc0-06f9-48e7-bd7c-88b9a6ca56b1" />
      <TestMethod codeBase="D:\SFERRARI\01_TRABAJO\repos\netcore\libs\template-netcore-shared\Kitpymes.Core.Shared.Tests\bin\Release\net7.0\Kitpymes.Core.Shared.Tests.dll" adapterTypeName="executor://mstestadapter/v2" className="Kitpymes.Core.Shared.Tests.AgileMapperExtensionsTests" name="ToMapClone_Passing_Source_Returns_New_Source_Object" />
    </UnitTest>
    <UnitTest name="ToDefaultValue_Passing_double_Returns_Cero (1,7976931348623157E+308)" storage="d:\sferrari\01_trabajo\repos\netcore\libs\template-netcore-shared\kitpymes.core.shared.tests\bin\release\net7.0\kitpymes.core.shared.tests.dll" id="fd43606d-43c3-4651-a28b-73a6fbf86e66">
      <Execution id="3457be67-b309-47db-b34d-ad341cd62f02" />
      <TestMethod codeBase="D:\SFERRARI\01_TRABAJO\repos\netcore\libs\template-netcore-shared\Kitpymes.Core.Shared.Tests\bin\Release\net7.0\Kitpymes.Core.Shared.Tests.dll" adapterTypeName="executor://mstestadapter/v2" className="Kitpymes.Core.Shared.Tests.GenericExtensionsTests" name="ToDefaultValue_Passing_double_Returns_Cero" />
    </UnitTest>
    <UnitTest name="ToFirstLetterLower_Passing_ValidValue_Returns_StringWithFirstLetterLower (aeiou,aeiou)" storage="d:\sferrari\01_trabajo\repos\netcore\libs\template-netcore-shared\kitpymes.core.shared.tests\bin\release\net7.0\kitpymes.core.shared.tests.dll" id="3b12d159-7cd1-46b7-ac8f-35c8f1a3cc3b">
      <Execution id="b586c6f0-3fc7-4907-ac46-5f754d1a7a36" />
      <TestMethod codeBase="D:\SFERRARI\01_TRABAJO\repos\netcore\libs\template-netcore-shared\Kitpymes.Core.Shared.Tests\bin\Release\net7.0\Kitpymes.Core.Shared.Tests.dll" adapterTypeName="executor://mstestadapter/v2" className="Kitpymes.Core.Shared.Tests.StringExtensionsTests" name="ToFirstLetterLower_Passing_ValidValue_Returns_StringWithFirstLetterLower" />
    </UnitTest>
    <UnitTest name="ToDirectoryFileInfo_Passing_ValidValue_Returns_FileInfo" storage="d:\sferrari\01_trabajo\repos\netcore\libs\template-netcore-shared\kitpymes.core.shared.tests\bin\release\net7.0\kitpymes.core.shared.tests.dll" id="89c345b2-31f7-4c54-b859-ad1dc73fd34e">
      <Execution id="87250dc9-6ee5-479a-8719-977a8b72e2ab" />
      <TestMethod codeBase="D:\SFERRARI\01_TRABAJO\repos\netcore\libs\template-netcore-shared\Kitpymes.Core.Shared.Tests\bin\Release\net7.0\Kitpymes.Core.Shared.Tests.dll" adapterTypeName="executor://mstestadapter/v2" className="Kitpymes.Core.Shared.Tests.StringExtensionsTests" name="ToDirectoryFileInfo_Passing_ValidValue_Returns_FileInfo" />
    </UnitTest>
    <UnitTest name="ResultInternalServerError" storage="d:\sferrari\01_trabajo\repos\netcore\libs\template-netcore-shared\kitpymes.core.shared.tests\bin\release\net7.0\kitpymes.core.shared.tests.dll" id="ab3faa59-93fd-4125-a6ab-069aad083c17">
      <Execution id="0d5ec336-7820-4213-a55e-a4f7f054fe07" />
      <TestMethod codeBase="D:\SFERRARI\01_TRABAJO\repos\netcore\libs\template-netcore-shared\Kitpymes.Core.Shared.Tests\bin\Release\net7.0\Kitpymes.Core.Shared.Tests.dll" adapterTypeName="executor://mstestadapter/v2" className="Kitpymes.Core.Shared.Tests.ResultTest" name="ResultInternalServerError" />
    </UnitTest>
    <UnitTest name="ResultDataBadRequest_WithErrors_Value" storage="d:\sferrari\01_trabajo\repos\netcore\libs\template-netcore-shared\kitpymes.core.shared.tests\bin\release\net7.0\kitpymes.core.shared.tests.dll" id="b4556c83-98c4-4ed7-bde9-3228f833c5b7">
      <Execution id="f1dd7459-6dcc-4503-8854-a2264ea4f6f3" />
      <TestMethod codeBase="D:\SFERRARI\01_TRABAJO\repos\netcore\libs\template-netcore-shared\Kitpymes.Core.Shared.Tests\bin\Release\net7.0\Kitpymes.Core.Shared.Tests.dll" adapterTypeName="executor://mstestadapter/v2" className="Kitpymes.Core.Shared.Tests.ResultTest" name="ResultDataBadRequest_WithErrors_Value" />
    </UnitTest>
    <UnitTest name="ToMapNew_Passing_TSource_And_TDestination_Returns_New_TDestination_Object" storage="d:\sferrari\01_trabajo\repos\netcore\libs\template-netcore-shared\kitpymes.core.shared.tests\bin\release\net7.0\kitpymes.core.shared.tests.dll" id="d1bf401b-270c-42d5-93a2-8626d952391d">
      <Execution id="dac65055-d8ed-4cf3-8218-85f84ba62696" />
      <TestMethod codeBase="D:\SFERRARI\01_TRABAJO\repos\netcore\libs\template-netcore-shared\Kitpymes.Core.Shared.Tests\bin\Release\net7.0\Kitpymes.Core.Shared.Tests.dll" adapterTypeName="executor://mstestadapter/v2" className="Kitpymes.Core.Shared.Tests.AgileMapperExtensionsTests" name="ToMapNew_Passing_TSource_And_TDestination_Returns_New_TDestination_Object" />
    </UnitTest>
    <UnitTest name="ToUri_Passing_ValidValueString_Returns_Uri (http://例子.测试)" storage="d:\sferrari\01_trabajo\repos\netcore\libs\template-netcore-shared\kitpymes.core.shared.tests\bin\release\net7.0\kitpymes.core.shared.tests.dll" id="8c798b3d-2c77-4551-b541-d26b3fa60e96">
      <Execution id="ece15dd0-4992-4164-9df3-99a67cbffb88" />
      <TestMethod codeBase="D:\SFERRARI\01_TRABAJO\repos\netcore\libs\template-netcore-shared\Kitpymes.Core.Shared.Tests\bin\Release\net7.0\Kitpymes.Core.Shared.Tests.dll" adapterTypeName="executor://mstestadapter/v2" className="Kitpymes.Core.Shared.Tests.StringExtensionsTests" name="ToUri_Passing_ValidValueString_Returns_Uri" />
    </UnitTest>
    <UnitTest name="ToEnvironment_ServiceCollection_Passing_Staging_Enviroment_Returns_Staging_Name" storage="d:\sferrari\01_trabajo\repos\netcore\libs\template-netcore-shared\kitpymes.core.shared.tests\bin\release\net7.0\kitpymes.core.shared.tests.dll" id="aadd675d-13f8-43cd-9c0a-d3bd945561d1">
      <Execution id="ce9d2667-34e3-4e12-ab22-6154857f2ccf" />
      <TestMethod codeBase="D:\SFERRARI\01_TRABAJO\repos\netcore\libs\template-netcore-shared\Kitpymes.Core.Shared.Tests\bin\Release\net7.0\Kitpymes.Core.Shared.Tests.dll" adapterTypeName="executor://mstestadapter/v2" className="Kitpymes.Core.Shared.Tests.ConfigurationBuilderExtensionsTests" name="ToEnvironment_ServiceCollection_Passing_Staging_Enviroment_Returns_Staging_Name" />
    </UnitTest>
    <UnitTest name="ResultDataUnauthorized" storage="d:\sferrari\01_trabajo\repos\netcore\libs\template-netcore-shared\kitpymes.core.shared.tests\bin\release\net7.0\kitpymes.core.shared.tests.dll" id="47062746-abdb-4d2e-a56e-ddd485ecb1f3">
      <Execution id="6bf05fd7-f992-4cfc-8207-532eeea726f5" />
      <TestMethod codeBase="D:\SFERRARI\01_TRABAJO\repos\netcore\libs\template-netcore-shared\Kitpymes.Core.Shared.Tests\bin\Release\net7.0\Kitpymes.Core.Shared.Tests.dll" adapterTypeName="executor://mstestadapter/v2" className="Kitpymes.Core.Shared.Tests.ResultTest" name="ResultDataUnauthorized" />
    </UnitTest>
    <UnitTest name="ToNormalize_Passing_ValidValue_Returns_NormalizedValue (Mañana,Manana)" storage="d:\sferrari\01_trabajo\repos\netcore\libs\template-netcore-shared\kitpymes.core.shared.tests\bin\release\net7.0\kitpymes.core.shared.tests.dll" id="530419ec-900d-44d2-b9e6-40ba8007f85d">
      <Execution id="adca3a4d-d0d6-43d6-ab3a-7c170dbf038f" />
      <TestMethod codeBase="D:\SFERRARI\01_TRABAJO\repos\netcore\libs\template-netcore-shared\Kitpymes.Core.Shared.Tests\bin\Release\net7.0\Kitpymes.Core.Shared.Tests.dll" adapterTypeName="executor://mstestadapter/v2" className="Kitpymes.Core.Shared.Tests.StringExtensionsTests" name="ToNormalize_Passing_ValidValue_Returns_NormalizedValue" />
    </UnitTest>
    <UnitTest name="ToEmailMaskUserNameAndDomain_Passing_ValidEmail_Returns_EmailWithMask (qazwsxedc@gmailgmail.com,q*******c@g********l.com)" storage="d:\sferrari\01_trabajo\repos\netcore\libs\template-netcore-shared\kitpymes.core.shared.tests\bin\release\net7.0\kitpymes.core.shared.tests.dll" id="56e2561a-4b31-44ae-9389-327c5ca314b4">
      <Execution id="a0c63e28-d0db-46a4-b4c6-2010f63a566e" />
      <TestMethod codeBase="D:\SFERRARI\01_TRABAJO\repos\netcore\libs\template-netcore-shared\Kitpymes.Core.Shared.Tests\bin\Release\net7.0\Kitpymes.Core.Shared.Tests.dll" adapterTypeName="executor://mstestadapter/v2" className="Kitpymes.Core.Shared.Tests.StringExtensionsTests" name="ToEmailMaskUserNameAndDomain_Passing_ValidEmail_Returns_EmailWithMask" />
    </UnitTest>
    <UnitTest name="ToUri_Passing_ValidValueString_Returns_Uri (http://foo.com/blah_blah/)" storage="d:\sferrari\01_trabajo\repos\netcore\libs\template-netcore-shared\kitpymes.core.shared.tests\bin\release\net7.0\kitpymes.core.shared.tests.dll" id="557021ee-e114-4c61-bad8-f0a1d120269a">
      <Execution id="4459fb8c-710e-4146-9768-0499b982e88b" />
      <TestMethod codeBase="D:\SFERRARI\01_TRABAJO\repos\netcore\libs\template-netcore-shared\Kitpymes.Core.Shared.Tests\bin\Release\net7.0\Kitpymes.Core.Shared.Tests.dll" adapterTypeName="executor://mstestadapter/v2" className="Kitpymes.Core.Shared.Tests.StringExtensionsTests" name="ToUri_Passing_ValidValueString_Returns_Uri" />
    </UnitTest>
    <UnitTest name="ToPaged_Passing_Age_Ascending_Order_Returns_Filter_List" storage="d:\sferrari\01_trabajo\repos\netcore\libs\template-netcore-shared\kitpymes.core.shared.tests\bin\release\net7.0\kitpymes.core.shared.tests.dll" id="9b26bafc-4482-4beb-8962-6d31031e8ce6">
      <Execution id="be003433-8c81-4482-b34f-50560096b369" />
      <TestMethod codeBase="D:\SFERRARI\01_TRABAJO\repos\netcore\libs\template-netcore-shared\Kitpymes.Core.Shared.Tests\bin\Release\net7.0\Kitpymes.Core.Shared.Tests.dll" adapterTypeName="executor://mstestadapter/v2" className="Kitpymes.Core.Shared.Tests.QueryableExtensionsTests" name="ToPaged_Passing_Age_Ascending_Order_Returns_Filter_List" />
    </UnitTest>
    <UnitTest name="ToStringFormat_Passing_ValidValue_Returns_ValueWithoutRemovedChars (1)" storage="d:\sferrari\01_trabajo\repos\netcore\libs\template-netcore-shared\kitpymes.core.shared.tests\bin\release\net7.0\kitpymes.core.shared.tests.dll" id="ee74e295-b7ed-43ee-b01a-d6fbd3a4cbda">
      <Execution id="079f62d9-7098-4921-a632-3836c8822980" />
      <TestMethod codeBase="D:\SFERRARI\01_TRABAJO\repos\netcore\libs\template-netcore-shared\Kitpymes.Core.Shared.Tests\bin\Release\net7.0\Kitpymes.Core.Shared.Tests.dll" adapterTypeName="executor://mstestadapter/v2" className="Kitpymes.Core.Shared.Tests.IntegerExtensionsTests" name="ToStringFormat_Passing_ValidValue_Returns_ValueWithoutRemovedChars" />
    </UnitTest>
    <UnitTest name="ToNormalize_Passing_ValidValue_Returns_NormalizedValue (Strømsgodset,Stromsgodset)" storage="d:\sferrari\01_trabajo\repos\netcore\libs\template-netcore-shared\kitpymes.core.shared.tests\bin\release\net7.0\kitpymes.core.shared.tests.dll" id="ef416e24-ba42-4bf6-826b-79babaabea28">
      <Execution id="5752a1f2-8d20-4cb2-b863-50ea92dfb151" />
      <TestMethod codeBase="D:\SFERRARI\01_TRABAJO\repos\netcore\libs\template-netcore-shared\Kitpymes.Core.Shared.Tests\bin\Release\net7.0\Kitpymes.Core.Shared.Tests.dll" adapterTypeName="executor://mstestadapter/v2" className="Kitpymes.Core.Shared.Tests.StringExtensionsTests" name="ToNormalize_Passing_ValidValue_Returns_NormalizedValue" />
    </UnitTest>
    <UnitTest name="ToDetails_Passing_HttpContext_WithOptionalData_Returns_Details_HttpContext" storage="d:\sferrari\01_trabajo\repos\netcore\libs\template-netcore-shared\kitpymes.core.shared.tests\bin\release\net7.0\kitpymes.core.shared.tests.dll" id="f218095e-4739-4f0b-b8cc-cf5f7c4eb072">
      <Execution id="6cc8d4f6-f4ed-4b1b-8178-b77da9156983" />
      <TestMethod codeBase="D:\SFERRARI\01_TRABAJO\repos\netcore\libs\template-netcore-shared\Kitpymes.Core.Shared.Tests\bin\Release\net7.0\Kitpymes.Core.Shared.Tests.dll" adapterTypeName="executor://mstestadapter/v2" className="Kitpymes.Core.Shared.Tests.HttpContextExtensionsTests" name="ToDetails_Passing_HttpContext_WithOptionalData_Returns_Details_HttpContext" />
    </UnitTest>
    <UnitTest name="ToService_Passing_Valid_Service_Returns_Service" storage="d:\sferrari\01_trabajo\repos\netcore\libs\template-netcore-shared\kitpymes.core.shared.tests\bin\release\net7.0\kitpymes.core.shared.tests.dll" id="98d24f85-9f74-4c32-b1ef-d3a6ab0344dc">
      <Execution id="f154015c-310b-44ad-aa07-6c40e6337d93" />
      <TestMethod codeBase="D:\SFERRARI\01_TRABAJO\repos\netcore\libs\template-netcore-shared\Kitpymes.Core.Shared.Tests\bin\Release\net7.0\Kitpymes.Core.Shared.Tests.dll" adapterTypeName="executor://mstestadapter/v2" className="Kitpymes.Core.Shared.Tests.ConfigurationBuilderExtensionsTests" name="ToService_Passing_Valid_Service_Returns_Service" />
    </UnitTest>
    <UnitTest name="ToHeader_Passing_HttpRequest_Header_Many_Values_Returns_Values" storage="d:\sferrari\01_trabajo\repos\netcore\libs\template-netcore-shared\kitpymes.core.shared.tests\bin\release\net7.0\kitpymes.core.shared.tests.dll" id="55dab567-7eb2-42a6-9e55-ae1c060a8c57">
      <Execution id="aa0cef9b-7c8b-48e2-a7ed-af89864eed8a" />
      <TestMethod codeBase="D:\SFERRARI\01_TRABAJO\repos\netcore\libs\template-netcore-shared\Kitpymes.Core.Shared.Tests\bin\Release\net7.0\Kitpymes.Core.Shared.Tests.dll" adapterTypeName="executor://mstestadapter/v2" className="Kitpymes.Core.Shared.Tests.HttpRequestExtensionsTests" name="ToHeader_Passing_HttpRequest_Header_Many_Values_Returns_Values" />
    </UnitTest>
    <UnitTest name="ToEmailMaskUserNameAndDomain_Passing_ValidEmail_Returns_EmailWithMask (qaz@gmailgmail.com,q*z@g********l.com)" storage="d:\sferrari\01_trabajo\repos\netcore\libs\template-netcore-shared\kitpymes.core.shared.tests\bin\release\net7.0\kitpymes.core.shared.tests.dll" id="0d2e0cb6-9f4d-4fd3-bf5b-2f2327271608">
      <Execution id="440da3f8-8711-4efb-87bd-0c730d8eff53" />
      <TestMethod codeBase="D:\SFERRARI\01_TRABAJO\repos\netcore\libs\template-netcore-shared\Kitpymes.Core.Shared.Tests\bin\Release\net7.0\Kitpymes.Core.Shared.Tests.dll" adapterTypeName="executor://mstestadapter/v2" className="Kitpymes.Core.Shared.Tests.StringExtensionsTests" name="ToEmailMaskUserNameAndDomain_Passing_ValidEmail_Returns_EmailWithMask" />
    </UnitTest>
    <UnitTest name="ToAuthenticationType_Passing_Claims_Returns_Null" storage="d:\sferrari\01_trabajo\repos\netcore\libs\template-netcore-shared\kitpymes.core.shared.tests\bin\release\net7.0\kitpymes.core.shared.tests.dll" id="ec171991-faa6-48bd-9dd3-4eb3c9e7e42c">
      <Execution id="138fdca0-27f5-4ee9-84a2-c677c4cc472b" />
      <TestMethod codeBase="D:\SFERRARI\01_TRABAJO\repos\netcore\libs\template-netcore-shared\Kitpymes.Core.Shared.Tests\bin\Release\net7.0\Kitpymes.Core.Shared.Tests.dll" adapterTypeName="executor://mstestadapter/v2" className="Kitpymes.Core.Shared.Tests.ClaimsPrincipalExtensionsTests" name="ToAuthenticationType_Passing_Claims_Returns_Null" />
    </UnitTest>
    <UnitTest name="ToIsLastDayOfTheMonth_Passing_NotLastDayOfMonth_Returns_False" storage="d:\sferrari\01_trabajo\repos\netcore\libs\template-netcore-shared\kitpymes.core.shared.tests\bin\release\net7.0\kitpymes.core.shared.tests.dll" id="2cd35565-866b-461f-98bd-ca8ccc38d7f3">
      <Execution id="9630bd3c-e3a9-4794-a59a-1265ab82fbd8" />
      <TestMethod codeBase="D:\SFERRARI\01_TRABAJO\repos\netcore\libs\template-netcore-shared\Kitpymes.Core.Shared.Tests\bin\Release\net7.0\Kitpymes.Core.Shared.Tests.dll" adapterTypeName="executor://mstestadapter/v2" className="Kitpymes.Core.Shared.Tests.DateTimeExtensionsTests" name="ToIsLastDayOfTheMonth_Passing_NotLastDayOfMonth_Returns_False" />
    </UnitTest>
    <UnitTest name="ToEmailMaskUserNameAndDomainAndExtension_Passing_ValidEmail_Returns_EmailWithMask (qazwsx@gmailgmail.com,q****x@g********l.c*m)" storage="d:\sferrari\01_trabajo\repos\netcore\libs\template-netcore-shared\kitpymes.core.shared.tests\bin\release\net7.0\kitpymes.core.shared.tests.dll" id="a5c1ef3e-be75-43c3-b96c-39985754dcf7">
      <Execution id="9e49fa5a-40a4-4cc1-b76c-77a9f00cf43a" />
      <TestMethod codeBase="D:\SFERRARI\01_TRABAJO\repos\netcore\libs\template-netcore-shared\Kitpymes.Core.Shared.Tests\bin\Release\net7.0\Kitpymes.Core.Shared.Tests.dll" adapterTypeName="executor://mstestadapter/v2" className="Kitpymes.Core.Shared.Tests.StringExtensionsTests" name="ToEmailMaskUserNameAndDomainAndExtension_Passing_ValidEmail_Returns_EmailWithMask" />
    </UnitTest>
    <UnitTest name="ToUri_Passing_InvalidValueString_Returns_Null (http://##/)" storage="d:\sferrari\01_trabajo\repos\netcore\libs\template-netcore-shared\kitpymes.core.shared.tests\bin\release\net7.0\kitpymes.core.shared.tests.dll" id="1b4ad738-e635-46d4-bbed-8fd893c1c121">
      <Execution id="2d092a65-be53-4e13-88e2-21ac731a7750" />
      <TestMethod codeBase="D:\SFERRARI\01_TRABAJO\repos\netcore\libs\template-netcore-shared\Kitpymes.Core.Shared.Tests\bin\Release\net7.0\Kitpymes.Core.Shared.Tests.dll" adapterTypeName="executor://mstestadapter/v2" className="Kitpymes.Core.Shared.Tests.StringExtensionsTests" name="ToUri_Passing_InvalidValueString_Returns_Null" />
    </UnitTest>
    <UnitTest name="ToIsAuthenticated_Passing_Claims_Returns_False" storage="d:\sferrari\01_trabajo\repos\netcore\libs\template-netcore-shared\kitpymes.core.shared.tests\bin\release\net7.0\kitpymes.core.shared.tests.dll" id="d8d4b112-7523-45c0-ab71-14179238f9c7">
      <Execution id="8de7cfd0-d3eb-4dc5-88ea-1a17e49f0ded" />
      <TestMethod codeBase="D:\SFERRARI\01_TRABAJO\repos\netcore\libs\template-netcore-shared\Kitpymes.Core.Shared.Tests\bin\Release\net7.0\Kitpymes.Core.Shared.Tests.dll" adapterTypeName="executor://mstestadapter/v2" className="Kitpymes.Core.Shared.Tests.ClaimsPrincipalExtensionsTests" name="ToIsAuthenticated_Passing_Claims_Returns_False" />
    </UnitTest>
    <UnitTest name="ToNormalize_Passing_ValidValue_Returns_NormalizedValue (ÈÉËÊ,EEEE)" storage="d:\sferrari\01_trabajo\repos\netcore\libs\template-netcore-shared\kitpymes.core.shared.tests\bin\release\net7.0\kitpymes.core.shared.tests.dll" id="28c4b1f0-d60b-46b5-a64e-1e663371fbeb">
      <Execution id="ddf642a5-aff4-48b4-9269-5354e91e5bc3" />
      <TestMethod codeBase="D:\SFERRARI\01_TRABAJO\repos\netcore\libs\template-netcore-shared\Kitpymes.Core.Shared.Tests\bin\Release\net7.0\Kitpymes.Core.Shared.Tests.dll" adapterTypeName="executor://mstestadapter/v2" className="Kitpymes.Core.Shared.Tests.StringExtensionsTests" name="ToNormalize_Passing_ValidValue_Returns_NormalizedValue" />
    </UnitTest>
    <UnitTest name="ToEmailMaskUserNameAndDomainAndExtension_Passing_ValidEmail_Returns_EmailWithMask (qazwsxedc@gmailgmail.com,q*******c@g********l.c*m)" storage="d:\sferrari\01_trabajo\repos\netcore\libs\template-netcore-shared\kitpymes.core.shared.tests\bin\release\net7.0\kitpymes.core.shared.tests.dll" id="53dc9c7e-6310-472d-97dd-7956fff4d0d3">
      <Execution id="6868b30f-b1a4-4983-967f-302caab8fa6f" />
      <TestMethod codeBase="D:\SFERRARI\01_TRABAJO\repos\netcore\libs\template-netcore-shared\Kitpymes.Core.Shared.Tests\bin\Release\net7.0\Kitpymes.Core.Shared.Tests.dll" adapterTypeName="executor://mstestadapter/v2" className="Kitpymes.Core.Shared.Tests.StringExtensionsTests" name="ToEmailMaskUserNameAndDomainAndExtension_Passing_ValidEmail_Returns_EmailWithMask" />
    </UnitTest>
    <UnitTest name="ToNormalize_Passing_ValidValue_Returns_NormalizedValue (Malmö,Malmo)" storage="d:\sferrari\01_trabajo\repos\netcore\libs\template-netcore-shared\kitpymes.core.shared.tests\bin\release\net7.0\kitpymes.core.shared.tests.dll" id="6bce6d5f-a857-44a6-ab62-4f3f84bab92f">
      <Execution id="5bdf7a00-fc37-4294-a22d-ce7a20b988ee" />
      <TestMethod codeBase="D:\SFERRARI\01_TRABAJO\repos\netcore\libs\template-netcore-shared\Kitpymes.Core.Shared.Tests\bin\Release\net7.0\Kitpymes.Core.Shared.Tests.dll" adapterTypeName="executor://mstestadapter/v2" className="Kitpymes.Core.Shared.Tests.StringExtensionsTests" name="ToNormalize_Passing_ValidValue_Returns_NormalizedValue" />
    </UnitTest>
    <UnitTest name="ToMapNew_Passing_TDestination_Returns_New_Destination_Object" storage="d:\sferrari\01_trabajo\repos\netcore\libs\template-netcore-shared\kitpymes.core.shared.tests\bin\release\net7.0\kitpymes.core.shared.tests.dll" id="2f4c9125-6ee6-45fc-bd04-81b3bea296aa">
      <Execution id="84f0f1c7-5035-4997-b4a9-3c27d78f7536" />
      <TestMethod codeBase="D:\SFERRARI\01_TRABAJO\repos\netcore\libs\template-netcore-shared\Kitpymes.Core.Shared.Tests\bin\Release\net7.0\Kitpymes.Core.Shared.Tests.dll" adapterTypeName="executor://mstestadapter/v2" className="Kitpymes.Core.Shared.Tests.AgileMapperExtensionsTests" name="ToMapNew_Passing_TDestination_Returns_New_Destination_Object" />
    </UnitTest>
    <UnitTest name="ToString_Passing_Valid_Collection_With_Custom_Separator_Returns_String_With_Custom_Separator" storage="d:\sferrari\01_trabajo\repos\netcore\libs\template-netcore-shared\kitpymes.core.shared.tests\bin\release\net7.0\kitpymes.core.shared.tests.dll" id="6a8e1fda-86a2-4afc-a112-e24a6f4d54b8">
      <Execution id="0c8500dc-2c65-4f33-88af-dd18ae5aad31" />
      <TestMethod codeBase="D:\SFERRARI\01_TRABAJO\repos\netcore\libs\template-netcore-shared\Kitpymes.Core.Shared.Tests\bin\Release\net7.0\Kitpymes.Core.Shared.Tests.dll" adapterTypeName="executor://mstestadapter/v2" className="Kitpymes.Core.Shared.Tests.EnumerableExtensionsTests" name="ToString_Passing_Valid_Collection_With_Custom_Separator_Returns_String_With_Custom_Separator" />
    </UnitTest>
    <UnitTest name="ResultBadRequest_WithErrors_Dictionary" storage="d:\sferrari\01_trabajo\repos\netcore\libs\template-netcore-shared\kitpymes.core.shared.tests\bin\release\net7.0\kitpymes.core.shared.tests.dll" id="fe25ff99-d854-40e3-aa24-2a9be63fe762">
      <Execution id="66a19695-8709-4ae8-8c32-715987b45a44" />
      <TestMethod codeBase="D:\SFERRARI\01_TRABAJO\repos\netcore\libs\template-netcore-shared\Kitpymes.Core.Shared.Tests\bin\Release\net7.0\Kitpymes.Core.Shared.Tests.dll" adapterTypeName="executor://mstestadapter/v2" className="Kitpymes.Core.Shared.Tests.ResultTest" name="ResultBadRequest_WithErrors_Dictionary" />
    </UnitTest>
    <UnitTest name="CreateSHA512_Passing_Invalid_Arguments_Returns_ApplicationException ( )" storage="d:\sferrari\01_trabajo\repos\netcore\libs\template-netcore-shared\kitpymes.core.shared.tests\bin\release\net7.0\kitpymes.core.shared.tests.dll" id="b6b77b7d-65ad-44a0-b057-236b26d4d224">
      <Execution id="89f51241-2065-4b0c-88ab-adcb994e23f1" />
      <TestMethod codeBase="D:\SFERRARI\01_TRABAJO\repos\netcore\libs\template-netcore-shared\Kitpymes.Core.Shared.Tests\bin\Release\net7.0\Kitpymes.Core.Shared.Tests.dll" adapterTypeName="executor://mstestadapter/v2" className="Kitpymes.Core.Shared.Tests.HashTests" name="CreateSHA512_Passing_Invalid_Arguments_Returns_ApplicationException" />
    </UnitTest>
    <UnitTest name="ToUri_Passing_ValidValueString_Returns_Uri (http://userid:password@example.com:8080)" storage="d:\sferrari\01_trabajo\repos\netcore\libs\template-netcore-shared\kitpymes.core.shared.tests\bin\release\net7.0\kitpymes.core.shared.tests.dll" id="91c42e2f-5316-4740-8714-50cea249f80c">
      <Execution id="9929e054-c994-4505-8547-1431fde2328a" />
      <TestMethod codeBase="D:\SFERRARI\01_TRABAJO\repos\netcore\libs\template-netcore-shared\Kitpymes.Core.Shared.Tests\bin\Release\net7.0\Kitpymes.Core.Shared.Tests.dll" adapterTypeName="executor://mstestadapter/v2" className="Kitpymes.Core.Shared.Tests.StringExtensionsTests" name="ToUri_Passing_ValidValueString_Returns_Uri" />
    </UnitTest>
    <UnitTest name="CreateRandom_WithDefaultAllowableCharacters_Passing_ValidArguments_Returns_String_Random_Value (20)" storage="d:\sferrari\01_trabajo\repos\netcore\libs\template-netcore-shared\kitpymes.core.shared.tests\bin\release\net7.0\kitpymes.core.shared.tests.dll" id="45716e3a-78de-4480-94ec-4b99b53406f0">
      <Execution id="0f872a23-3c0f-481a-a6cb-19707ec8c62b" />
      <TestMethod codeBase="D:\SFERRARI\01_TRABAJO\repos\netcore\libs\template-netcore-shared\Kitpymes.Core.Shared.Tests\bin\Release\net7.0\Kitpymes.Core.Shared.Tests.dll" adapterTypeName="executor://mstestadapter/v2" className="Kitpymes.Core.Shared.Tests.HashTests" name="CreateRandom_WithDefaultAllowableCharacters_Passing_ValidArguments_Returns_String_Random_Value" />
    </UnitTest>
    <UnitTest name="ToCompress_Passing_Object_Bytes_Returns_Object" storage="d:\sferrari\01_trabajo\repos\netcore\libs\template-netcore-shared\kitpymes.core.shared.tests\bin\release\net7.0\kitpymes.core.shared.tests.dll" id="144d17f0-894e-430a-8f3c-03250e5cc990">
      <Execution id="7c5e6345-9b74-404f-83dd-d602a11e7f38" />
      <TestMethod codeBase="D:\SFERRARI\01_TRABAJO\repos\netcore\libs\template-netcore-shared\Kitpymes.Core.Shared.Tests\bin\Release\net7.0\Kitpymes.Core.Shared.Tests.dll" adapterTypeName="executor://mstestadapter/v2" className="Kitpymes.Core.Shared.Tests.BytesExtensionsTests" name="ToCompress_Passing_Object_Bytes_Returns_Object" />
    </UnitTest>
    <UnitTest name="ToEmailMask_Passing_ValidEmail_Returns_EmailWithMask (qazwsx@gmailgmail.com,q----x@g---------.com)" storage="d:\sferrari\01_trabajo\repos\netcore\libs\template-netcore-shared\kitpymes.core.shared.tests\bin\release\net7.0\kitpymes.core.shared.tests.dll" id="92878cce-c6d7-46e0-84f6-e2c5fd519c90">
      <Execution id="7d0b7d17-5868-45a1-8bfa-ccedb2aa5911" />
      <TestMethod codeBase="D:\SFERRARI\01_TRABAJO\repos\netcore\libs\template-netcore-shared\Kitpymes.Core.Shared.Tests\bin\Release\net7.0\Kitpymes.Core.Shared.Tests.dll" adapterTypeName="executor://mstestadapter/v2" className="Kitpymes.Core.Shared.Tests.StringExtensionsTests" name="ToEmailMask_Passing_ValidEmail_Returns_EmailWithMask" />
    </UnitTest>
    <UnitTest name="ToList_Passing_ValidEnumTypeWithSelectedValueWithResourceType_Returns_ValuesList" storage="d:\sferrari\01_trabajo\repos\netcore\libs\template-netcore-shared\kitpymes.core.shared.tests\bin\release\net7.0\kitpymes.core.shared.tests.dll" id="7e874b62-87aa-4b21-ac8f-6709c55f51ff">
      <Execution id="4f281a92-f81b-47b2-a72d-6d6f8985f29a" />
      <TestMethod codeBase="D:\SFERRARI\01_TRABAJO\repos\netcore\libs\template-netcore-shared\Kitpymes.Core.Shared.Tests\bin\Release\net7.0\Kitpymes.Core.Shared.Tests.dll" adapterTypeName="executor://mstestadapter/v2" className="Kitpymes.Core.Shared.Tests.EnumsTests" name="ToList_Passing_ValidEnumTypeWithSelectedValueWithResourceType_Returns_ValuesList" />
    </UnitTest>
    <UnitTest name="ThrowIfNotFileExtension_Passing_InvalidValue_Returns_ApplicationExceptionWithMessage" storage="d:\sferrari\01_trabajo\repos\netcore\libs\template-netcore-shared\kitpymes.core.shared.tests\bin\release\net7.0\kitpymes.core.shared.tests.dll" id="03c9fe88-a1fd-452a-91e0-2e7ef83f50c4">
      <Execution id="a002245e-c8f5-4e10-abbb-692c73cb42cc" />
      <TestMethod codeBase="D:\SFERRARI\01_TRABAJO\repos\netcore\libs\template-netcore-shared\Kitpymes.Core.Shared.Tests\bin\Release\net7.0\Kitpymes.Core.Shared.Tests.dll" adapterTypeName="executor://mstestadapter/v2" className="Kitpymes.Core.Shared.Tests.VerifyExtensionsTests" name="ThrowIfNotFileExtension_Passing_InvalidValue_Returns_ApplicationExceptionWithMessage" />
    </UnitTest>
    <UnitTest name="ToList_Passing_ValidEnumTypeWithSelectedValue_Returns_ValuesList" storage="d:\sferrari\01_trabajo\repos\netcore\libs\template-netcore-shared\kitpymes.core.shared.tests\bin\release\net7.0\kitpymes.core.shared.tests.dll" id="0963ed8d-75f8-46ac-89b3-055ccc12eb53">
      <Execution id="9774c379-f2be-493c-a0b5-159591841a5c" />
      <TestMethod codeBase="D:\SFERRARI\01_TRABAJO\repos\netcore\libs\template-netcore-shared\Kitpymes.Core.Shared.Tests\bin\Release\net7.0\Kitpymes.Core.Shared.Tests.dll" adapterTypeName="executor://mstestadapter/v2" className="Kitpymes.Core.Shared.Tests.EnumsTests" name="ToList_Passing_ValidEnumTypeWithSelectedValue_Returns_ValuesList" />
    </UnitTest>
    <UnitTest name="ThrowIfNotEmail_Passing_InvalidValue_Returns_ApplicationExceptionWithMessage (dasdasd@dsasd.._ff)" storage="d:\sferrari\01_trabajo\repos\netcore\libs\template-netcore-shared\kitpymes.core.shared.tests\bin\release\net7.0\kitpymes.core.shared.tests.dll" id="4cb244b8-3cc0-4056-b2d1-f041b268ecec">
      <Execution id="76856acf-864f-4e80-9fdd-5057652fb447" />
      <TestMethod codeBase="D:\SFERRARI\01_TRABAJO\repos\netcore\libs\template-netcore-shared\Kitpymes.Core.Shared.Tests\bin\Release\net7.0\Kitpymes.Core.Shared.Tests.dll" adapterTypeName="executor://mstestadapter/v2" className="Kitpymes.Core.Shared.Tests.VerifyExtensionsTests" name="ThrowIfNotEmail_Passing_InvalidValue_Returns_ApplicationExceptionWithMessage" />
    </UnitTest>
    <UnitTest name="ToReplaceSpecialChars_Passing_ValidValue_Returns_ReplacedValueWithoutIgnoreSpecialChars (*¨^_:-?¿;,)" storage="d:\sferrari\01_trabajo\repos\netcore\libs\template-netcore-shared\kitpymes.core.shared.tests\bin\release\net7.0\kitpymes.core.shared.tests.dll" id="eb78ac10-2091-4322-b500-b3525c4ff68b">
      <Execution id="9b7bc4dc-b4e7-43c4-81a6-bed9a5c6667f" />
      <TestMethod codeBase="D:\SFERRARI\01_TRABAJO\repos\netcore\libs\template-netcore-shared\Kitpymes.Core.Shared.Tests\bin\Release\net7.0\Kitpymes.Core.Shared.Tests.dll" adapterTypeName="executor://mstestadapter/v2" className="Kitpymes.Core.Shared.Tests.StringExtensionsTests" name="ToReplaceSpecialChars_Passing_ValidValue_Returns_ReplacedValueWithoutIgnoreSpecialChars" />
    </UnitTest>
    <UnitTest name="ToEnvironment_Passing_Custom_Enviroment_Returns_Custom_Name" storage="d:\sferrari\01_trabajo\repos\netcore\libs\template-netcore-shared\kitpymes.core.shared.tests\bin\release\net7.0\kitpymes.core.shared.tests.dll" id="663a235e-4275-401c-be02-e589266f4bf4">
      <Execution id="b2fd2a0d-68d1-45e5-94cc-3af659596ac4" />
      <TestMethod codeBase="D:\SFERRARI\01_TRABAJO\repos\netcore\libs\template-netcore-shared\Kitpymes.Core.Shared.Tests\bin\Release\net7.0\Kitpymes.Core.Shared.Tests.dll" adapterTypeName="executor://mstestadapter/v2" className="Kitpymes.Core.Shared.Tests.ApplicationBuilderExtensionsTests" name="ToEnvironment_Passing_Custom_Enviroment_Returns_Custom_Name" />
    </UnitTest>
    <UnitTest name="CreateAndVerifySHA512_Passing_Valid_Arguments_Returns_True (Password)" storage="d:\sferrari\01_trabajo\repos\netcore\libs\template-netcore-shared\kitpymes.core.shared.tests\bin\release\net7.0\kitpymes.core.shared.tests.dll" id="f18f6671-7db6-4ad3-a1c0-e066f9e2727c">
      <Execution id="393b9103-c0b2-4208-98a4-0f685b71e495" />
      <TestMethod codeBase="D:\SFERRARI\01_TRABAJO\repos\netcore\libs\template-netcore-shared\Kitpymes.Core.Shared.Tests\bin\Release\net7.0\Kitpymes.Core.Shared.Tests.dll" adapterTypeName="executor://mstestadapter/v2" className="Kitpymes.Core.Shared.Tests.HashTests" name="CreateAndVerifySHA512_Passing_Valid_Arguments_Returns_True" />
    </UnitTest>
    <UnitTest name="ToGet_Passing_Claims_Returns_Claim_Value_Object" storage="d:\sferrari\01_trabajo\repos\netcore\libs\template-netcore-shared\kitpymes.core.shared.tests\bin\release\net7.0\kitpymes.core.shared.tests.dll" id="52d95817-9c0c-48fe-8818-a3da196f0a18">
      <Execution id="342fbfa5-8285-4f76-802b-ae0957bef6ad" />
      <TestMethod codeBase="D:\SFERRARI\01_TRABAJO\repos\netcore\libs\template-netcore-shared\Kitpymes.Core.Shared.Tests\bin\Release\net7.0\Kitpymes.Core.Shared.Tests.dll" adapterTypeName="executor://mstestadapter/v2" className="Kitpymes.Core.Shared.Tests.ClaimsPrincipalExtensionsTests" name="ToGet_Passing_Claims_Returns_Claim_Value_Object" />
    </UnitTest>
    <UnitTest name="ToStartOfWeek_Passing_DateTime_Returns_Start_Of_Week_DateTime" storage="d:\sferrari\01_trabajo\repos\netcore\libs\template-netcore-shared\kitpymes.core.shared.tests\bin\release\net7.0\kitpymes.core.shared.tests.dll" id="1a70f502-d005-44c6-97b2-d3d7bf35763c">
      <Execution id="5188238f-b92d-49f9-816c-7572f92818e2" />
      <TestMethod codeBase="D:\SFERRARI\01_TRABAJO\repos\netcore\libs\template-netcore-shared\Kitpymes.Core.Shared.Tests\bin\Release\net7.0\Kitpymes.Core.Shared.Tests.dll" adapterTypeName="executor://mstestadapter/v2" className="Kitpymes.Core.Shared.Tests.DateTimeExtensionsTests" name="ToStartOfWeek_Passing_DateTime_Returns_Start_Of_Week_DateTime" />
    </UnitTest>
    <UnitTest name="ToEnvironment_ServiceCollection_Passing_Production_Enviroment_Returns_Production_Name" storage="d:\sferrari\01_trabajo\repos\netcore\libs\template-netcore-shared\kitpymes.core.shared.tests\bin\release\net7.0\kitpymes.core.shared.tests.dll" id="92629cac-ac76-4375-afcb-65357cc09107">
      <Execution id="68c92606-bf3c-4081-8a91-0083d3b5c081" />
      <TestMethod codeBase="D:\SFERRARI\01_TRABAJO\repos\netcore\libs\template-netcore-shared\Kitpymes.Core.Shared.Tests\bin\Release\net7.0\Kitpymes.Core.Shared.Tests.dll" adapterTypeName="executor://mstestadapter/v2" className="Kitpymes.Core.Shared.Tests.ConfigurationBuilderExtensionsTests" name="ToEnvironment_ServiceCollection_Passing_Production_Enviroment_Returns_Production_Name" />
    </UnitTest>
    <UnitTest name="ToUri_Passing_ValidValueString_Returns_Uri (http://a.b-c.de)" storage="d:\sferrari\01_trabajo\repos\netcore\libs\template-netcore-shared\kitpymes.core.shared.tests\bin\release\net7.0\kitpymes.core.shared.tests.dll" id="1ffbc2f1-2f53-4686-a788-cb8c790e8916">
      <Execution id="2aed3ce7-e1fb-4130-84c2-a81d1e9c0035" />
      <TestMethod codeBase="D:\SFERRARI\01_TRABAJO\repos\netcore\libs\template-netcore-shared\Kitpymes.Core.Shared.Tests\bin\Release\net7.0\Kitpymes.Core.Shared.Tests.dll" adapterTypeName="executor://mstestadapter/v2" className="Kitpymes.Core.Shared.Tests.StringExtensionsTests" name="ToUri_Passing_ValidValueString_Returns_Uri" />
    </UnitTest>
    <UnitTest name="ToUri_Passing_InvalidValueString_Returns_DefaultValue (http://../)" storage="d:\sferrari\01_trabajo\repos\netcore\libs\template-netcore-shared\kitpymes.core.shared.tests\bin\release\net7.0\kitpymes.core.shared.tests.dll" id="6c83e5c6-4b90-4f3e-8083-9509a909b40b">
      <Execution id="dc004ab9-768d-44dc-9399-326dfffbb397" />
      <TestMethod codeBase="D:\SFERRARI\01_TRABAJO\repos\netcore\libs\template-netcore-shared\Kitpymes.Core.Shared.Tests\bin\Release\net7.0\Kitpymes.Core.Shared.Tests.dll" adapterTypeName="executor://mstestadapter/v2" className="Kitpymes.Core.Shared.Tests.StringExtensionsTests" name="ToUri_Passing_InvalidValueString_Returns_DefaultValue" />
    </UnitTest>
    <UnitTest name="ToIPv6_Passing_HttpContext_IP_Value_Returns_IP" storage="d:\sferrari\01_trabajo\repos\netcore\libs\template-netcore-shared\kitpymes.core.shared.tests\bin\release\net7.0\kitpymes.core.shared.tests.dll" id="ebc01ef9-e8c8-4df2-a1a8-f4763cae42b2">
      <Execution id="97699d41-b79f-4312-9677-52cfd8fecf15" />
      <TestMethod codeBase="D:\SFERRARI\01_TRABAJO\repos\netcore\libs\template-netcore-shared\Kitpymes.Core.Shared.Tests\bin\Release\net7.0\Kitpymes.Core.Shared.Tests.dll" adapterTypeName="executor://mstestadapter/v2" className="Kitpymes.Core.Shared.Tests.HttpContextExtensionsTests" name="ToIPv6_Passing_HttpContext_IP_Value_Returns_IP" />
    </UnitTest>
    <UnitTest name="ToEmailMaskUserNameAndDomainAndExtension_Passing_ValidEmail_Returns_EmailWithMask (qazwsxedc@gmail.com,q*******c@g***l.c*m)" storage="d:\sferrari\01_trabajo\repos\netcore\libs\template-netcore-shared\kitpymes.core.shared.tests\bin\release\net7.0\kitpymes.core.shared.tests.dll" id="db0a2ba9-d8fb-46d4-97bf-a57594876707">
      <Execution id="94fb70cf-6d5f-46da-aeee-2bda472a3817" />
      <TestMethod codeBase="D:\SFERRARI\01_TRABAJO\repos\netcore\libs\template-netcore-shared\Kitpymes.Core.Shared.Tests\bin\Release\net7.0\Kitpymes.Core.Shared.Tests.dll" adapterTypeName="executor://mstestadapter/v2" className="Kitpymes.Core.Shared.Tests.StringExtensionsTests" name="ToEmailMaskUserNameAndDomainAndExtension_Passing_ValidEmail_Returns_EmailWithMask" />
    </UnitTest>
    <UnitTest name="ToEnvironment_Passing_Staging_Enviroment_Returns_Staging_Name" storage="d:\sferrari\01_trabajo\repos\netcore\libs\template-netcore-shared\kitpymes.core.shared.tests\bin\release\net7.0\kitpymes.core.shared.tests.dll" id="7b1e0229-77f3-46cc-8ff2-a474ffd4f7a0">
      <Execution id="fe05f238-e392-4756-900b-68ca6f64b538" />
      <TestMethod codeBase="D:\SFERRARI\01_TRABAJO\repos\netcore\libs\template-netcore-shared\Kitpymes.Core.Shared.Tests\bin\Release\net7.0\Kitpymes.Core.Shared.Tests.dll" adapterTypeName="executor://mstestadapter/v2" className="Kitpymes.Core.Shared.Tests.ApplicationBuilderExtensionsTests" name="ToEnvironment_Passing_Staging_Enviroment_Returns_Staging_Name" />
    </UnitTest>
    <UnitTest name="ToRemove_Passing_ValidValue_Returns_ValueWithoutRemovedChars (aeiou,ae,iou)" storage="d:\sferrari\01_trabajo\repos\netcore\libs\template-netcore-shared\kitpymes.core.shared.tests\bin\release\net7.0\kitpymes.core.shared.tests.dll" id="28a99c45-8ee7-45db-82d3-766e3d083637">
      <Execution id="fa5b6d78-b5f5-4802-9a74-f392c81f55bd" />
      <TestMethod codeBase="D:\SFERRARI\01_TRABAJO\repos\netcore\libs\template-netcore-shared\Kitpymes.Core.Shared.Tests\bin\Release\net7.0\Kitpymes.Core.Shared.Tests.dll" adapterTypeName="executor://mstestadapter/v2" className="Kitpymes.Core.Shared.Tests.StringExtensionsTests" name="ToRemove_Passing_ValidValue_Returns_ValueWithoutRemovedChars" />
    </UnitTest>
    <UnitTest name="ToReplaceSpecialChars_Passing_ValidValue_Returns_ReplacedValueWithoutIgnoreSpecialChars (*¨^_:-?¿;,?¿,?¿)" storage="d:\sferrari\01_trabajo\repos\netcore\libs\template-netcore-shared\kitpymes.core.shared.tests\bin\release\net7.0\kitpymes.core.shared.tests.dll" id="5915e44e-29b5-46ab-af98-3cf7c8cc1cf1">
      <Execution id="141d9795-75bf-4d93-a66c-66fa0a6ba5af" />
      <TestMethod codeBase="D:\SFERRARI\01_TRABAJO\repos\netcore\libs\template-netcore-shared\Kitpymes.Core.Shared.Tests\bin\Release\net7.0\Kitpymes.Core.Shared.Tests.dll" adapterTypeName="executor://mstestadapter/v2" className="Kitpymes.Core.Shared.Tests.StringExtensionsTests" name="ToReplaceSpecialChars_Passing_ValidValue_Returns_ReplacedValueWithoutIgnoreSpecialChars" />
    </UnitTest>
    <UnitTest name="ToUri_Passing_InvalidValueString_Returns_DefaultValue (http://??)" storage="d:\sferrari\01_trabajo\repos\netcore\libs\template-netcore-shared\kitpymes.core.shared.tests\bin\release\net7.0\kitpymes.core.shared.tests.dll" id="a5447285-0135-4448-a777-aa4f62b9cea4">
      <Execution id="0be374c3-5d5f-4269-9ebb-66ee4acd52f1" />
      <TestMethod codeBase="D:\SFERRARI\01_TRABAJO\repos\netcore\libs\template-netcore-shared\Kitpymes.Core.Shared.Tests\bin\Release\net7.0\Kitpymes.Core.Shared.Tests.dll" adapterTypeName="executor://mstestadapter/v2" className="Kitpymes.Core.Shared.Tests.StringExtensionsTests" name="ToUri_Passing_InvalidValueString_Returns_DefaultValue" />
    </UnitTest>
    <UnitTest name="ToInt_Passing_InvalidValueString_Returns_Null (1,3333)" storage="d:\sferrari\01_trabajo\repos\netcore\libs\template-netcore-shared\kitpymes.core.shared.tests\bin\release\net7.0\kitpymes.core.shared.tests.dll" id="c875fbe5-7486-418e-8658-889df508919c">
      <Execution id="9067ecf8-5326-4544-a2d9-7198b9c7fdaa" />
      <TestMethod codeBase="D:\SFERRARI\01_TRABAJO\repos\netcore\libs\template-netcore-shared\Kitpymes.Core.Shared.Tests\bin\Release\net7.0\Kitpymes.Core.Shared.Tests.dll" adapterTypeName="executor://mstestadapter/v2" className="Kitpymes.Core.Shared.Tests.StringExtensionsTests" name="ToInt_Passing_InvalidValueString_Returns_Null" />
    </UnitTest>
    <UnitTest name="ToAttribute_Passing_Enumeration_Name_Returns_Atributte" storage="d:\sferrari\01_trabajo\repos\netcore\libs\template-netcore-shared\kitpymes.core.shared.tests\bin\release\net7.0\kitpymes.core.shared.tests.dll" id="8d19c869-bc91-428d-b077-47b419b1196b">
      <Execution id="a51c16b6-22bc-4b97-a999-0c4b7b6fe2a8" />
      <TestMethod codeBase="D:\SFERRARI\01_TRABAJO\repos\netcore\libs\template-netcore-shared\Kitpymes.Core.Shared.Tests\bin\Release\net7.0\Kitpymes.Core.Shared.Tests.dll" adapterTypeName="executor://mstestadapter/v2" className="Kitpymes.Core.Shared.Tests.EnumExtensionsTests" name="ToAttribute_Passing_Enumeration_Name_Returns_Atributte" />
    </UnitTest>
    <UnitTest name="ToConfiguration_Passing_Valid_DirectoryPath_Invalid_JsonFileName_Not_Optional_Returns_ApplicationException" storage="d:\sferrari\01_trabajo\repos\netcore\libs\template-netcore-shared\kitpymes.core.shared.tests\bin\release\net7.0\kitpymes.core.shared.tests.dll" id="afe46894-5ac2-4cab-ad78-a38c04138c6b">
      <Execution id="bca55a7e-c24d-4980-b702-f186514721d5" />
      <TestMethod codeBase="D:\SFERRARI\01_TRABAJO\repos\netcore\libs\template-netcore-shared\Kitpymes.Core.Shared.Tests\bin\Release\net7.0\Kitpymes.Core.Shared.Tests.dll" adapterTypeName="executor://mstestadapter/v2" className="Kitpymes.Core.Shared.Tests.ConfigurationBuilderExtensionsTests" name="ToConfiguration_Passing_Valid_DirectoryPath_Invalid_JsonFileName_Not_Optional_Returns_ApplicationException" />
    </UnitTest>
    <UnitTest name="ToNormalize_Passing_ValidValue_Returns_NormalizedValue (ìíïî,iiii)" storage="d:\sferrari\01_trabajo\repos\netcore\libs\template-netcore-shared\kitpymes.core.shared.tests\bin\release\net7.0\kitpymes.core.shared.tests.dll" id="77c42d1d-e6f5-4551-bd5e-c6b2ded4c445">
      <Execution id="ea8fb34d-e108-459d-8ae7-d58221715be8" />
      <TestMethod codeBase="D:\SFERRARI\01_TRABAJO\repos\netcore\libs\template-netcore-shared\Kitpymes.Core.Shared.Tests\bin\Release\net7.0\Kitpymes.Core.Shared.Tests.dll" adapterTypeName="executor://mstestadapter/v2" className="Kitpymes.Core.Shared.Tests.StringExtensionsTests" name="ToNormalize_Passing_ValidValue_Returns_NormalizedValue" />
    </UnitTest>
    <UnitTest name="ToDefaultValue_Passing_ValidBoolean_Returns_DefaultValue" storage="d:\sferrari\01_trabajo\repos\netcore\libs\template-netcore-shared\kitpymes.core.shared.tests\bin\release\net7.0\kitpymes.core.shared.tests.dll" id="f02cf537-dbbd-42f7-970a-05732f54115c">
      <Execution id="d697f3aa-849f-4a81-a491-a92f3a5a6400" />
      <TestMethod codeBase="D:\SFERRARI\01_TRABAJO\repos\netcore\libs\template-netcore-shared\Kitpymes.Core.Shared.Tests\bin\Release\net7.0\Kitpymes.Core.Shared.Tests.dll" adapterTypeName="executor://mstestadapter/v2" className="Kitpymes.Core.Shared.Tests.TypeExtensionsTests" name="ToDefaultValue_Passing_ValidBoolean_Returns_DefaultValue" />
    </UnitTest>
    <UnitTest name="ToExists_Passing_NotFound_Service_Returns_False" storage="d:\sferrari\01_trabajo\repos\netcore\libs\template-netcore-shared\kitpymes.core.shared.tests\bin\release\net7.0\kitpymes.core.shared.tests.dll" id="5a36beb7-05ae-4960-a0df-b49b3b274f33">
      <Execution id="41a2d62b-b4e1-4a26-8fcd-0c0bd0397ca9" />
      <TestMethod codeBase="D:\SFERRARI\01_TRABAJO\repos\netcore\libs\template-netcore-shared\Kitpymes.Core.Shared.Tests\bin\Release\net7.0\Kitpymes.Core.Shared.Tests.dll" adapterTypeName="executor://mstestadapter/v2" className="Kitpymes.Core.Shared.Tests.ConfigurationBuilderExtensionsTests" name="ToExists_Passing_NotFound_Service_Returns_False" />
    </UnitTest>
    <UnitTest name="ToStringFormat_Passing_ValidValue_Returns_ValueWithoutRemovedChars (2147483647)" storage="d:\sferrari\01_trabajo\repos\netcore\libs\template-netcore-shared\kitpymes.core.shared.tests\bin\release\net7.0\kitpymes.core.shared.tests.dll" id="636e61db-85ef-40ec-a1b1-63f55ddda81b">
      <Execution id="8e013e83-4e34-4825-8361-a3a5602f5e19" />
      <TestMethod codeBase="D:\SFERRARI\01_TRABAJO\repos\netcore\libs\template-netcore-shared\Kitpymes.Core.Shared.Tests\bin\Release\net7.0\Kitpymes.Core.Shared.Tests.dll" adapterTypeName="executor://mstestadapter/v2" className="Kitpymes.Core.Shared.Tests.IntegerExtensionsTests" name="ToStringFormat_Passing_ValidValue_Returns_ValueWithoutRemovedChars" />
    </UnitTest>
    <UnitTest name="ToDefaultValue_Passing_sbyte_Returns_Cero" storage="d:\sferrari\01_trabajo\repos\netcore\libs\template-netcore-shared\kitpymes.core.shared.tests\bin\release\net7.0\kitpymes.core.shared.tests.dll" id="144d8d3a-acc8-4c23-bb02-8b16e7974a81">
      <Execution id="dcd995fa-f25e-44bf-96e1-8e737c1db03d" />
      <TestMethod codeBase="D:\SFERRARI\01_TRABAJO\repos\netcore\libs\template-netcore-shared\Kitpymes.Core.Shared.Tests\bin\Release\net7.0\Kitpymes.Core.Shared.Tests.dll" adapterTypeName="executor://mstestadapter/v2" className="Kitpymes.Core.Shared.Tests.GenericExtensionsTests" name="ToDefaultValue_Passing_sbyte_Returns_Cero" />
    </UnitTest>
    <UnitTest name="ToReplace_Passing_ValidValue_Returns_ReplacedValue (aeiou,*,2,1,ae*ou)" storage="d:\sferrari\01_trabajo\repos\netcore\libs\template-netcore-shared\kitpymes.core.shared.tests\bin\release\net7.0\kitpymes.core.shared.tests.dll" id="a1a7e747-8a47-4c27-8ac0-12a5c05f552a">
      <Execution id="bcbd7a9d-6446-4f2e-8a78-ef24634411ba" />
      <TestMethod codeBase="D:\SFERRARI\01_TRABAJO\repos\netcore\libs\template-netcore-shared\Kitpymes.Core.Shared.Tests\bin\Release\net7.0\Kitpymes.Core.Shared.Tests.dll" adapterTypeName="executor://mstestadapter/v2" className="Kitpymes.Core.Shared.Tests.StringExtensionsTests" name="ToReplace_Passing_ValidValue_Returns_ReplacedValue" />
    </UnitTest>
    <UnitTest name="ToUri_Passing_InvalidValueString_Returns_DefaultValue (http://..)" storage="d:\sferrari\01_trabajo\repos\netcore\libs\template-netcore-shared\kitpymes.core.shared.tests\bin\release\net7.0\kitpymes.core.shared.tests.dll" id="88fef6ba-1e3f-484c-a6db-ac38fb309774">
      <Execution id="9b6885f9-91f1-492f-b3fa-09009e75bb47" />
      <TestMethod codeBase="D:\SFERRARI\01_TRABAJO\repos\netcore\libs\template-netcore-shared\Kitpymes.Core.Shared.Tests\bin\Release\net7.0\Kitpymes.Core.Shared.Tests.dll" adapterTypeName="executor://mstestadapter/v2" className="Kitpymes.Core.Shared.Tests.StringExtensionsTests" name="ToUri_Passing_InvalidValueString_Returns_DefaultValue" />
    </UnitTest>
    <UnitTest name="ToGet_Passing_Claims_Returns_Claim_Value_Int" storage="d:\sferrari\01_trabajo\repos\netcore\libs\template-netcore-shared\kitpymes.core.shared.tests\bin\release\net7.0\kitpymes.core.shared.tests.dll" id="ccdb0150-b322-4912-a4b9-33f4f9697312">
      <Execution id="644d6114-0915-42ce-b99a-2abdcdc72242" />
      <TestMethod codeBase="D:\SFERRARI\01_TRABAJO\repos\netcore\libs\template-netcore-shared\Kitpymes.Core.Shared.Tests\bin\Release\net7.0\Kitpymes.Core.Shared.Tests.dll" adapterTypeName="executor://mstestadapter/v2" className="Kitpymes.Core.Shared.Tests.ClaimsPrincipalExtensionsTests" name="ToGet_Passing_Claims_Returns_Claim_Value_Int" />
    </UnitTest>
    <UnitTest name="ToUri_Passing_ValidValueString_Returns_Uri (http://مثال.إختبار)" storage="d:\sferrari\01_trabajo\repos\netcore\libs\template-netcore-shared\kitpymes.core.shared.tests\bin\release\net7.0\kitpymes.core.shared.tests.dll" id="655aba2d-3d86-4402-bdd8-f2dfb780a769">
      <Execution id="6844ed44-c08c-484e-b12f-8e8b2b26913f" />
      <TestMethod codeBase="D:\SFERRARI\01_TRABAJO\repos\netcore\libs\template-netcore-shared\Kitpymes.Core.Shared.Tests\bin\Release\net7.0\Kitpymes.Core.Shared.Tests.dll" adapterTypeName="executor://mstestadapter/v2" className="Kitpymes.Core.Shared.Tests.StringExtensionsTests" name="ToUri_Passing_ValidValueString_Returns_Uri" />
    </UnitTest>
    <UnitTest name="ToGetAll_Passing_Claims_Returns_Claim_Value_Int_List" storage="d:\sferrari\01_trabajo\repos\netcore\libs\template-netcore-shared\kitpymes.core.shared.tests\bin\release\net7.0\kitpymes.core.shared.tests.dll" id="74660d05-b152-40b2-bc01-2debe6f8951d">
      <Execution id="6f523e9a-9f7b-435a-b8d4-5b1c65238c4a" />
      <TestMethod codeBase="D:\SFERRARI\01_TRABAJO\repos\netcore\libs\template-netcore-shared\Kitpymes.Core.Shared.Tests\bin\Release\net7.0\Kitpymes.Core.Shared.Tests.dll" adapterTypeName="executor://mstestadapter/v2" className="Kitpymes.Core.Shared.Tests.ClaimsPrincipalExtensionsTests" name="ToGetAll_Passing_Claims_Returns_Claim_Value_Int_List" />
    </UnitTest>
    <UnitTest name="ToEmailMask_Passing_ValidEmail_Returns_EmailWithMask (qazwsxedc@gmailgmail.com,q-------c@g---------.com)" storage="d:\sferrari\01_trabajo\repos\netcore\libs\template-netcore-shared\kitpymes.core.shared.tests\bin\release\net7.0\kitpymes.core.shared.tests.dll" id="2b04828c-ffd3-4bcb-8aef-937f88ad3784">
      <Execution id="56a4d2a1-6a9d-4fb9-91e6-ad6d1df7a061" />
      <TestMethod codeBase="D:\SFERRARI\01_TRABAJO\repos\netcore\libs\template-netcore-shared\Kitpymes.Core.Shared.Tests\bin\Release\net7.0\Kitpymes.Core.Shared.Tests.dll" adapterTypeName="executor://mstestadapter/v2" className="Kitpymes.Core.Shared.Tests.StringExtensionsTests" name="ToEmailMask_Passing_ValidEmail_Returns_EmailWithMask" />
    </UnitTest>
    <UnitTest name="ThrowIfNotSubdomain_Passing_InvalidValue_Returns_ApplicationExceptionWithMessage ()" storage="d:\sferrari\01_trabajo\repos\netcore\libs\template-netcore-shared\kitpymes.core.shared.tests\bin\release\net7.0\kitpymes.core.shared.tests.dll" id="2eb71396-451e-43ab-b9ea-a42d3bc05811">
      <Execution id="cbde7849-f7da-4280-b97c-9497614d6749" />
      <TestMethod codeBase="D:\SFERRARI\01_TRABAJO\repos\netcore\libs\template-netcore-shared\Kitpymes.Core.Shared.Tests\bin\Release\net7.0\Kitpymes.Core.Shared.Tests.dll" adapterTypeName="executor://mstestadapter/v2" className="Kitpymes.Core.Shared.Tests.VerifyExtensionsTests" name="ThrowIfNotSubdomain_Passing_InvalidValue_Returns_ApplicationExceptionWithMessage" />
    </UnitTest>
    <UnitTest name="ToNormalize_Passing_ValidValue_Returns_NormalizedValue (Åge,Age)" storage="d:\sferrari\01_trabajo\repos\netcore\libs\template-netcore-shared\kitpymes.core.shared.tests\bin\release\net7.0\kitpymes.core.shared.tests.dll" id="48752557-42a5-4129-a339-647ae7462455">
      <Execution id="3370670e-c8b3-4e33-a388-ddb71c589ed3" />
      <TestMethod codeBase="D:\SFERRARI\01_TRABAJO\repos\netcore\libs\template-netcore-shared\Kitpymes.Core.Shared.Tests\bin\Release\net7.0\Kitpymes.Core.Shared.Tests.dll" adapterTypeName="executor://mstestadapter/v2" className="Kitpymes.Core.Shared.Tests.StringExtensionsTests" name="ToNormalize_Passing_ValidValue_Returns_NormalizedValue" />
    </UnitTest>
    <UnitTest name="ToUri_Passing_ValidValueString_Returns_Uri (http://code.google.com/events/#&amp;product=browser)" storage="d:\sferrari\01_trabajo\repos\netcore\libs\template-netcore-shared\kitpymes.core.shared.tests\bin\release\net7.0\kitpymes.core.shared.tests.dll" id="18971a08-1625-44bc-9480-3c71577b0e1e">
      <Execution id="88d841e0-80b1-43c9-94c3-ce9c2328edf4" />
      <TestMethod codeBase="D:\SFERRARI\01_TRABAJO\repos\netcore\libs\template-netcore-shared\Kitpymes.Core.Shared.Tests\bin\Release\net7.0\Kitpymes.Core.Shared.Tests.dll" adapterTypeName="executor://mstestadapter/v2" className="Kitpymes.Core.Shared.Tests.StringExtensionsTests" name="ToUri_Passing_ValidValueString_Returns_Uri" />
    </UnitTest>
    <UnitTest name="ToConfiguration_Passing_Valid_DirectoryPath_Valid_JsonFileName_Returns_Ok" storage="d:\sferrari\01_trabajo\repos\netcore\libs\template-netcore-shared\kitpymes.core.shared.tests\bin\release\net7.0\kitpymes.core.shared.tests.dll" id="affbbf3e-299a-43bc-bec6-088cd9115536">
      <Execution id="31119584-cd5d-410f-9625-1396d058e1d4" />
      <TestMethod codeBase="D:\SFERRARI\01_TRABAJO\repos\netcore\libs\template-netcore-shared\Kitpymes.Core.Shared.Tests\bin\Release\net7.0\Kitpymes.Core.Shared.Tests.dll" adapterTypeName="executor://mstestadapter/v2" className="Kitpymes.Core.Shared.Tests.ConfigurationBuilderExtensionsTests" name="ToConfiguration_Passing_Valid_DirectoryPath_Valid_JsonFileName_Returns_Ok" />
    </UnitTest>
    <UnitTest name="ToUri_Passing_ValidValueString_Returns_Uri (http://userid@example.com:8080)" storage="d:\sferrari\01_trabajo\repos\netcore\libs\template-netcore-shared\kitpymes.core.shared.tests\bin\release\net7.0\kitpymes.core.shared.tests.dll" id="96ed00e2-c2a7-44d2-9bfe-f5c859c6176f">
      <Execution id="154a74bd-e9cd-42ea-9fa2-6b16b06f67a7" />
      <TestMethod codeBase="D:\SFERRARI\01_TRABAJO\repos\netcore\libs\template-netcore-shared\Kitpymes.Core.Shared.Tests\bin\Release\net7.0\Kitpymes.Core.Shared.Tests.dll" adapterTypeName="executor://mstestadapter/v2" className="Kitpymes.Core.Shared.Tests.StringExtensionsTests" name="ToUri_Passing_ValidValueString_Returns_Uri" />
    </UnitTest>
    <UnitTest name="ToUri_Passing_ValidValueString_Returns_Uri (https://foo.com/blah_blah)" storage="d:\sferrari\01_trabajo\repos\netcore\libs\template-netcore-shared\kitpymes.core.shared.tests\bin\release\net7.0\kitpymes.core.shared.tests.dll" id="a4d96c90-41c4-46a6-948f-b81047c33027">
      <Execution id="e8a0fb41-a57b-48ce-b7f3-f5cd6711455e" />
      <TestMethod codeBase="D:\SFERRARI\01_TRABAJO\repos\netcore\libs\template-netcore-shared\Kitpymes.Core.Shared.Tests\bin\Release\net7.0\Kitpymes.Core.Shared.Tests.dll" adapterTypeName="executor://mstestadapter/v2" className="Kitpymes.Core.Shared.Tests.StringExtensionsTests" name="ToUri_Passing_ValidValueString_Returns_Uri" />
    </UnitTest>
    <UnitTest name="ToContentType_Passing_ValidValueString_Returns_ContentType (xxxx.pdf,application/pdf)" storage="d:\sferrari\01_trabajo\repos\netcore\libs\template-netcore-shared\kitpymes.core.shared.tests\bin\release\net7.0\kitpymes.core.shared.tests.dll" id="25112029-b43b-4e14-a62b-d2493f3263cc">
      <Execution id="fb51baf2-8d8b-4d0a-8325-33dc620fb78b" />
      <TestMethod codeBase="D:\SFERRARI\01_TRABAJO\repos\netcore\libs\template-netcore-shared\Kitpymes.Core.Shared.Tests\bin\Release\net7.0\Kitpymes.Core.Shared.Tests.dll" adapterTypeName="executor://mstestadapter/v2" className="Kitpymes.Core.Shared.Tests.StringExtensionsTests" name="ToContentType_Passing_ValidValueString_Returns_ContentType" />
    </UnitTest>
    <UnitTest name="ToHashAlgorithmName_Passing_InvalidValueLowerCaseStringWithDefaultValue_Returns_DefaultValue (md5)" storage="d:\sferrari\01_trabajo\repos\netcore\libs\template-netcore-shared\kitpymes.core.shared.tests\bin\release\net7.0\kitpymes.core.shared.tests.dll" id="ad88e08e-a909-4aa0-9624-5724bad40985">
      <Execution id="e064e98c-ff36-46f2-b9c8-4477ddefb180" />
      <TestMethod codeBase="D:\SFERRARI\01_TRABAJO\repos\netcore\libs\template-netcore-shared\Kitpymes.Core.Shared.Tests\bin\Release\net7.0\Kitpymes.Core.Shared.Tests.dll" adapterTypeName="executor://mstestadapter/v2" className="Kitpymes.Core.Shared.Tests.StringExtensionsTests" name="ToHashAlgorithmName_Passing_InvalidValueLowerCaseStringWithDefaultValue_Returns_DefaultValue" />
    </UnitTest>
    <UnitTest name="ToEmailMask_Passing_ValidEmail_Returns_EmailWithMask (qazwsx@gmail.com,q----x@g----.com)" storage="d:\sferrari\01_trabajo\repos\netcore\libs\template-netcore-shared\kitpymes.core.shared.tests\bin\release\net7.0\kitpymes.core.shared.tests.dll" id="680bd81e-b0ae-4ccd-9b59-bdceefe28a0d">
      <Execution id="29973331-9812-4dd0-afaf-295ed4ddf969" />
      <TestMethod codeBase="D:\SFERRARI\01_TRABAJO\repos\netcore\libs\template-netcore-shared\Kitpymes.Core.Shared.Tests\bin\Release\net7.0\Kitpymes.Core.Shared.Tests.dll" adapterTypeName="executor://mstestadapter/v2" className="Kitpymes.Core.Shared.Tests.StringExtensionsTests" name="ToEmailMask_Passing_ValidEmail_Returns_EmailWithMask" />
    </UnitTest>
    <UnitTest name="ToUri_Passing_ValidValueString_Returns_Uri (http://j.mp)" storage="d:\sferrari\01_trabajo\repos\netcore\libs\template-netcore-shared\kitpymes.core.shared.tests\bin\release\net7.0\kitpymes.core.shared.tests.dll" id="3cb8355d-08f8-45c0-84c5-2d3a43a1b92e">
      <Execution id="92476707-1a89-412b-bcde-d16b65553b69" />
      <TestMethod codeBase="D:\SFERRARI\01_TRABAJO\repos\netcore\libs\template-netcore-shared\Kitpymes.Core.Shared.Tests\bin\Release\net7.0\Kitpymes.Core.Shared.Tests.dll" adapterTypeName="executor://mstestadapter/v2" className="Kitpymes.Core.Shared.Tests.StringExtensionsTests" name="ToUri_Passing_ValidValueString_Returns_Uri" />
    </UnitTest>
    <UnitTest name="ToUri_Passing_ValidValueString_Returns_Uri (http://userid@example.com:8080/)" storage="d:\sferrari\01_trabajo\repos\netcore\libs\template-netcore-shared\kitpymes.core.shared.tests\bin\release\net7.0\kitpymes.core.shared.tests.dll" id="dce6e8b3-abe3-47e9-8fef-5c1fb5f21a2a">
      <Execution id="f3f7f476-de30-485c-8a5d-cdef7288f911" />
      <TestMethod codeBase="D:\SFERRARI\01_TRABAJO\repos\netcore\libs\template-netcore-shared\Kitpymes.Core.Shared.Tests\bin\Release\net7.0\Kitpymes.Core.Shared.Tests.dll" adapterTypeName="executor://mstestadapter/v2" className="Kitpymes.Core.Shared.Tests.StringExtensionsTests" name="ToUri_Passing_ValidValueString_Returns_Uri" />
    </UnitTest>
    <UnitTest name="ToHashAlgorithmName_Passing_InvalidValueString_Returns_Null (hhhhhh)" storage="d:\sferrari\01_trabajo\repos\netcore\libs\template-netcore-shared\kitpymes.core.shared.tests\bin\release\net7.0\kitpymes.core.shared.tests.dll" id="eedf09a3-ce85-4053-a5c7-49b1c101834c">
      <Execution id="9d555646-2cd4-4031-9523-31d9a38b2f89" />
      <TestMethod codeBase="D:\SFERRARI\01_TRABAJO\repos\netcore\libs\template-netcore-shared\Kitpymes.Core.Shared.Tests\bin\Release\net7.0\Kitpymes.Core.Shared.Tests.dll" adapterTypeName="executor://mstestadapter/v2" className="Kitpymes.Core.Shared.Tests.StringExtensionsTests" name="ToHashAlgorithmName_Passing_InvalidValueString_Returns_Null" />
    </UnitTest>
    <UnitTest name="ToUri_Passing_ValidValueString_Returns_Uri (http://foo.com/blah_(wikipedia)_blah#cite-1)" storage="d:\sferrari\01_trabajo\repos\netcore\libs\template-netcore-shared\kitpymes.core.shared.tests\bin\release\net7.0\kitpymes.core.shared.tests.dll" id="9a7793b3-b4af-4dbe-974e-85439753208e">
      <Execution id="987a688a-e993-45fd-b64c-1f340e5d5b53" />
      <TestMethod codeBase="D:\SFERRARI\01_TRABAJO\repos\netcore\libs\template-netcore-shared\Kitpymes.Core.Shared.Tests\bin\Release\net7.0\Kitpymes.Core.Shared.Tests.dll" adapterTypeName="executor://mstestadapter/v2" className="Kitpymes.Core.Shared.Tests.StringExtensionsTests" name="ToUri_Passing_ValidValueString_Returns_Uri" />
    </UnitTest>
    <UnitTest name="ToFormat_Passing_ValidTimeSpanValue_Returns_ValueWithFormatString" storage="d:\sferrari\01_trabajo\repos\netcore\libs\template-netcore-shared\kitpymes.core.shared.tests\bin\release\net7.0\kitpymes.core.shared.tests.dll" id="bc2fb767-6875-451d-88b3-6501daa81aef">
      <Execution id="179495c0-59bc-4cfe-a818-c184cc3fba79" />
      <TestMethod codeBase="D:\SFERRARI\01_TRABAJO\repos\netcore\libs\template-netcore-shared\Kitpymes.Core.Shared.Tests\bin\Release\net7.0\Kitpymes.Core.Shared.Tests.dll" adapterTypeName="executor://mstestadapter/v2" className="Kitpymes.Core.Shared.Tests.TimeSpanExtensionsTests" name="ToFormat_Passing_ValidTimeSpanValue_Returns_ValueWithFormatString" />
    </UnitTest>
    <UnitTest name="ToDefaultValue_Passing_int_Returns_Cero (2147483647)" storage="d:\sferrari\01_trabajo\repos\netcore\libs\template-netcore-shared\kitpymes.core.shared.tests\bin\release\net7.0\kitpymes.core.shared.tests.dll" id="9d371e7d-159b-445d-b986-4ce546f9f9f9">
      <Execution id="e9ed1acc-a78b-4263-9a01-a2ea334b500c" />
      <TestMethod codeBase="D:\SFERRARI\01_TRABAJO\repos\netcore\libs\template-netcore-shared\Kitpymes.Core.Shared.Tests\bin\Release\net7.0\Kitpymes.Core.Shared.Tests.dll" adapterTypeName="executor://mstestadapter/v2" className="Kitpymes.Core.Shared.Tests.GenericExtensionsTests" name="ToDefaultValue_Passing_int_Returns_Cero" />
    </UnitTest>
    <UnitTest name="ToList_Passing_ValidEnumTypeWithResourceType_Returns_ValuesList" storage="d:\sferrari\01_trabajo\repos\netcore\libs\template-netcore-shared\kitpymes.core.shared.tests\bin\release\net7.0\kitpymes.core.shared.tests.dll" id="af96b68e-2df5-474a-aa4f-a921acb5997a">
      <Execution id="cad33393-3971-447c-ac2e-f01d46d8208d" />
      <TestMethod codeBase="D:\SFERRARI\01_TRABAJO\repos\netcore\libs\template-netcore-shared\Kitpymes.Core.Shared.Tests\bin\Release\net7.0\Kitpymes.Core.Shared.Tests.dll" adapterTypeName="executor://mstestadapter/v2" className="Kitpymes.Core.Shared.Tests.EnumsTests" name="ToList_Passing_ValidEnumTypeWithResourceType_Returns_ValuesList" />
    </UnitTest>
    <UnitTest name="ToIsLastDayOfTheMonth_Passing_LastDayOfMonth_Returns_True" storage="d:\sferrari\01_trabajo\repos\netcore\libs\template-netcore-shared\kitpymes.core.shared.tests\bin\release\net7.0\kitpymes.core.shared.tests.dll" id="766b88f2-d4bc-40f5-812f-81d0e47b7421">
      <Execution id="a0a3c4b0-731e-49ed-99fc-d9209e419bbb" />
      <TestMethod codeBase="D:\SFERRARI\01_TRABAJO\repos\netcore\libs\template-netcore-shared\Kitpymes.Core.Shared.Tests\bin\Release\net7.0\Kitpymes.Core.Shared.Tests.dll" adapterTypeName="executor://mstestadapter/v2" className="Kitpymes.Core.Shared.Tests.DateTimeExtensionsTests" name="ToIsLastDayOfTheMonth_Passing_LastDayOfMonth_Returns_True" />
    </UnitTest>
    <UnitTest name="ToSetTime_Passing_Time_String_Returns_DateTime" storage="d:\sferrari\01_trabajo\repos\netcore\libs\template-netcore-shared\kitpymes.core.shared.tests\bin\release\net7.0\kitpymes.core.shared.tests.dll" id="3f71a834-7627-412e-998c-844a3c0af65b">
      <Execution id="3e9fc1d4-1b3c-490f-a5d5-af715b2657f9" />
      <TestMethod codeBase="D:\SFERRARI\01_TRABAJO\repos\netcore\libs\template-netcore-shared\Kitpymes.Core.Shared.Tests\bin\Release\net7.0\Kitpymes.Core.Shared.Tests.dll" adapterTypeName="executor://mstestadapter/v2" className="Kitpymes.Core.Shared.Tests.DateTimeExtensionsTests" name="ToSetTime_Passing_Time_String_Returns_DateTime" />
    </UnitTest>
    <UnitTest name="ResultDataBadRequest_WithErrors_Dictionary" storage="d:\sferrari\01_trabajo\repos\netcore\libs\template-netcore-shared\kitpymes.core.shared.tests\bin\release\net7.0\kitpymes.core.shared.tests.dll" id="536ea552-e468-4d7f-b606-5aeefba5d059">
      <Execution id="c464b9c6-7ead-4a8e-b734-a37b6925e7db" />
      <TestMethod codeBase="D:\SFERRARI\01_TRABAJO\repos\netcore\libs\template-netcore-shared\Kitpymes.Core.Shared.Tests\bin\Release\net7.0\Kitpymes.Core.Shared.Tests.dll" adapterTypeName="executor://mstestadapter/v2" className="Kitpymes.Core.Shared.Tests.ResultTest" name="ResultDataBadRequest_WithErrors_Dictionary" />
    </UnitTest>
    <UnitTest name="ToValues_Passing_ValidEnumType_Returns_ValuesListString" storage="d:\sferrari\01_trabajo\repos\netcore\libs\template-netcore-shared\kitpymes.core.shared.tests\bin\release\net7.0\kitpymes.core.shared.tests.dll" id="6d462e6b-10e4-4dd6-83ac-591b326646a6">
      <Execution id="ddf279e5-f641-40f4-b4a5-9137db11e2ec" />
      <TestMethod codeBase="D:\SFERRARI\01_TRABAJO\repos\netcore\libs\template-netcore-shared\Kitpymes.Core.Shared.Tests\bin\Release\net7.0\Kitpymes.Core.Shared.Tests.dll" adapterTypeName="executor://mstestadapter/v2" className="Kitpymes.Core.Shared.Tests.EnumsTests" name="ToValues_Passing_ValidEnumType_Returns_ValuesListString" />
    </UnitTest>
    <UnitTest name="ToEnum_Passing_InvalidValueString_Returns_EnumDefaultValue" storage="d:\sferrari\01_trabajo\repos\netcore\libs\template-netcore-shared\kitpymes.core.shared.tests\bin\release\net7.0\kitpymes.core.shared.tests.dll" id="46614844-8fdf-4720-9fb7-11d917afb89e">
      <Execution id="17ec1caa-f9e9-4c87-a32a-499a80e52923" />
      <TestMethod codeBase="D:\SFERRARI\01_TRABAJO\repos\netcore\libs\template-netcore-shared\Kitpymes.Core.Shared.Tests\bin\Release\net7.0\Kitpymes.Core.Shared.Tests.dll" adapterTypeName="executor://mstestadapter/v2" className="Kitpymes.Core.Shared.Tests.StringExtensionsTests" name="ToEnum_Passing_InvalidValueString_Returns_EnumDefaultValue" />
    </UnitTest>
    <UnitTest name="ToUri_Passing_ValidValueString_Returns_Uri (http://foo.bar/?q=Test%20URL-encoded%20stuff)" storage="d:\sferrari\01_trabajo\repos\netcore\libs\template-netcore-shared\kitpymes.core.shared.tests\bin\release\net7.0\kitpymes.core.shared.tests.dll" id="772cf891-aac4-436b-a62c-f74bc4916fe1">
      <Execution id="3ecef952-dee7-4eee-a90c-535a8717b458" />
      <TestMethod codeBase="D:\SFERRARI\01_TRABAJO\repos\netcore\libs\template-netcore-shared\Kitpymes.Core.Shared.Tests\bin\Release\net7.0\Kitpymes.Core.Shared.Tests.dll" adapterTypeName="executor://mstestadapter/v2" className="Kitpymes.Core.Shared.Tests.StringExtensionsTests" name="ToUri_Passing_ValidValueString_Returns_Uri" />
    </UnitTest>
    <UnitTest name="ToTryIPv6_Passing_HttpContext_IP_Value_Returns_IP" storage="d:\sferrari\01_trabajo\repos\netcore\libs\template-netcore-shared\kitpymes.core.shared.tests\bin\release\net7.0\kitpymes.core.shared.tests.dll" id="a692a7e8-f12c-434f-aac5-ba1916f4ea8c">
      <Execution id="06b652bf-1f13-43a4-aa0a-88dfaf7b770b" />
      <TestMethod codeBase="D:\SFERRARI\01_TRABAJO\repos\netcore\libs\template-netcore-shared\Kitpymes.Core.Shared.Tests\bin\Release\net7.0\Kitpymes.Core.Shared.Tests.dll" adapterTypeName="executor://mstestadapter/v2" className="Kitpymes.Core.Shared.Tests.HttpContextExtensionsTests" name="ToTryIPv6_Passing_HttpContext_IP_Value_Returns_IP" />
    </UnitTest>
    <UnitTest name="ToFirstLetterUpper_Passing_ValidValue_Returns_StringWithFirstLetterUpper (aeiou,Aeiou)" storage="d:\sferrari\01_trabajo\repos\netcore\libs\template-netcore-shared\kitpymes.core.shared.tests\bin\release\net7.0\kitpymes.core.shared.tests.dll" id="cc3ea436-9e9b-41ed-b919-58f95a8314a9">
      <Execution id="1426903d-2c20-4280-b189-ee188bf9509a" />
      <TestMethod codeBase="D:\SFERRARI\01_TRABAJO\repos\netcore\libs\template-netcore-shared\Kitpymes.Core.Shared.Tests\bin\Release\net7.0\Kitpymes.Core.Shared.Tests.dll" adapterTypeName="executor://mstestadapter/v2" className="Kitpymes.Core.Shared.Tests.StringExtensionsTests" name="ToFirstLetterUpper_Passing_ValidValue_Returns_StringWithFirstLetterUpper" />
    </UnitTest>
    <UnitTest name="ToFirstLetterUpper_Passing_ValidValue_Returns_StringWithFirstLetterUpper (aEIOU,AEIOU)" storage="d:\sferrari\01_trabajo\repos\netcore\libs\template-netcore-shared\kitpymes.core.shared.tests\bin\release\net7.0\kitpymes.core.shared.tests.dll" id="6bdce4bc-98c7-43c4-962d-887f311d3cef">
      <Execution id="3ae8215b-b1e3-44cb-add4-85827574f0a2" />
      <TestMethod codeBase="D:\SFERRARI\01_TRABAJO\repos\netcore\libs\template-netcore-shared\Kitpymes.Core.Shared.Tests\bin\Release\net7.0\Kitpymes.Core.Shared.Tests.dll" adapterTypeName="executor://mstestadapter/v2" className="Kitpymes.Core.Shared.Tests.StringExtensionsTests" name="ToFirstLetterUpper_Passing_ValidValue_Returns_StringWithFirstLetterUpper" />
    </UnitTest>
    <UnitTest name="ThrowIfNullOrAny_Passing_InvalidValue_Returns_ApplicationExceptionWithMessage" storage="d:\sferrari\01_trabajo\repos\netcore\libs\template-netcore-shared\kitpymes.core.shared.tests\bin\release\net7.0\kitpymes.core.shared.tests.dll" id="fc16a19b-a857-4d64-86de-0f96d8a7295e">
      <Execution id="9b798a66-af6a-4312-8fde-8b18ad475e55" />
      <TestMethod codeBase="D:\SFERRARI\01_TRABAJO\repos\netcore\libs\template-netcore-shared\Kitpymes.Core.Shared.Tests\bin\Release\net7.0\Kitpymes.Core.Shared.Tests.dll" adapterTypeName="executor://mstestadapter/v2" className="Kitpymes.Core.Shared.Tests.VerifyExtensionsTests" name="ThrowIfNullOrAny_Passing_InvalidValue_Returns_ApplicationExceptionWithMessage" />
    </UnitTest>
    <UnitTest name="ToDefaultValue_Passing_long_Returns_Cero (9223372036854775807)" storage="d:\sferrari\01_trabajo\repos\netcore\libs\template-netcore-shared\kitpymes.core.shared.tests\bin\release\net7.0\kitpymes.core.shared.tests.dll" id="cc784921-7c95-4ea7-9389-b35425762d7b">
      <Execution id="40ac4b31-dd35-4874-842e-9c5a34696a74" />
      <TestMethod codeBase="D:\SFERRARI\01_TRABAJO\repos\netcore\libs\template-netcore-shared\Kitpymes.Core.Shared.Tests\bin\Release\net7.0\Kitpymes.Core.Shared.Tests.dll" adapterTypeName="executor://mstestadapter/v2" className="Kitpymes.Core.Shared.Tests.GenericExtensionsTests" name="ToDefaultValue_Passing_long_Returns_Cero" />
    </UnitTest>
    <UnitTest name="ToEmailMaskUserNameAndDomain_Passing_ValidEmail_Returns_EmailWithMask (qazwsxedc@gmail.com,q*******c@g***l.com)" storage="d:\sferrari\01_trabajo\repos\netcore\libs\template-netcore-shared\kitpymes.core.shared.tests\bin\release\net7.0\kitpymes.core.shared.tests.dll" id="0e4c9330-8390-48fc-8031-45301a9b9ae2">
      <Execution id="1b421126-d6ad-4cb8-a23c-aea3a15bbe6a" />
      <TestMethod codeBase="D:\SFERRARI\01_TRABAJO\repos\netcore\libs\template-netcore-shared\Kitpymes.Core.Shared.Tests\bin\Release\net7.0\Kitpymes.Core.Shared.Tests.dll" adapterTypeName="executor://mstestadapter/v2" className="Kitpymes.Core.Shared.Tests.StringExtensionsTests" name="ToEmailMaskUserNameAndDomain_Passing_ValidEmail_Returns_EmailWithMask" />
    </UnitTest>
    <UnitTest name="ToUri_Passing_InvalidValueString_Returns_Null (http://??)" storage="d:\sferrari\01_trabajo\repos\netcore\libs\template-netcore-shared\kitpymes.core.shared.tests\bin\release\net7.0\kitpymes.core.shared.tests.dll" id="5bb7b019-f709-4204-92a5-ad1ee01982ad">
      <Execution id="3c8b6a1a-a23a-4ce3-96f3-4193807ad6ec" />
      <TestMethod codeBase="D:\SFERRARI\01_TRABAJO\repos\netcore\libs\template-netcore-shared\Kitpymes.Core.Shared.Tests\bin\Release\net7.0\Kitpymes.Core.Shared.Tests.dll" adapterTypeName="executor://mstestadapter/v2" className="Kitpymes.Core.Shared.Tests.StringExtensionsTests" name="ToUri_Passing_InvalidValueString_Returns_Null" />
    </UnitTest>
    <UnitTest name="ToReplace_Passing_ValidValue_Returns_ReplacedValue (aeiou,*,0,5,*****)" storage="d:\sferrari\01_trabajo\repos\netcore\libs\template-netcore-shared\kitpymes.core.shared.tests\bin\release\net7.0\kitpymes.core.shared.tests.dll" id="720e49f4-2710-4267-a965-ede0cefaa39d">
      <Execution id="ade436a4-0450-461c-8323-acac8f7cc389" />
      <TestMethod codeBase="D:\SFERRARI\01_TRABAJO\repos\netcore\libs\template-netcore-shared\Kitpymes.Core.Shared.Tests\bin\Release\net7.0\Kitpymes.Core.Shared.Tests.dll" adapterTypeName="executor://mstestadapter/v2" className="Kitpymes.Core.Shared.Tests.StringExtensionsTests" name="ToReplace_Passing_ValidValue_Returns_ReplacedValue" />
    </UnitTest>
    <UnitTest name="ToDefaultValue_Passing_short_Returns_Cero" storage="d:\sferrari\01_trabajo\repos\netcore\libs\template-netcore-shared\kitpymes.core.shared.tests\bin\release\net7.0\kitpymes.core.shared.tests.dll" id="c82329f1-eb65-465a-9424-25dfd9d6fa6b">
      <Execution id="4bd7a51a-da7d-466c-aca9-ba7b057d75d1" />
      <TestMethod codeBase="D:\SFERRARI\01_TRABAJO\repos\netcore\libs\template-netcore-shared\Kitpymes.Core.Shared.Tests\bin\Release\net7.0\Kitpymes.Core.Shared.Tests.dll" adapterTypeName="executor://mstestadapter/v2" className="Kitpymes.Core.Shared.Tests.GenericExtensionsTests" name="ToDefaultValue_Passing_short_Returns_Cero" />
    </UnitTest>
    <UnitTest name="ToCompress_Passing_Value_Bytes_Returns_Value_Bytes" storage="d:\sferrari\01_trabajo\repos\netcore\libs\template-netcore-shared\kitpymes.core.shared.tests\bin\release\net7.0\kitpymes.core.shared.tests.dll" id="efac0b23-90e8-4131-a612-4f7d7186ccb3">
      <Execution id="c8be21b4-114b-4192-98af-0557b2f81fee" />
      <TestMethod codeBase="D:\SFERRARI\01_TRABAJO\repos\netcore\libs\template-netcore-shared\Kitpymes.Core.Shared.Tests\bin\Release\net7.0\Kitpymes.Core.Shared.Tests.dll" adapterTypeName="executor://mstestadapter/v2" className="Kitpymes.Core.Shared.Tests.BytesExtensionsTests" name="ToCompress_Passing_Value_Bytes_Returns_Value_Bytes" />
    </UnitTest>
    <UnitTest name="ToRemove_Passing_ValidValue_Returns_ValueWithoutRemovedChars (hello hello , ,hellohello)" storage="d:\sferrari\01_trabajo\repos\netcore\libs\template-netcore-shared\kitpymes.core.shared.tests\bin\release\net7.0\kitpymes.core.shared.tests.dll" id="c9d967d8-0e3c-4691-b383-45da4c7a56db">
      <Execution id="f6383bc3-3f20-4082-9aae-b74737880c2b" />
      <TestMethod codeBase="D:\SFERRARI\01_TRABAJO\repos\netcore\libs\template-netcore-shared\Kitpymes.Core.Shared.Tests\bin\Release\net7.0\Kitpymes.Core.Shared.Tests.dll" adapterTypeName="executor://mstestadapter/v2" className="Kitpymes.Core.Shared.Tests.StringExtensionsTests" name="ToRemove_Passing_ValidValue_Returns_ValueWithoutRemovedChars" />
    </UnitTest>
    <UnitTest name="ToUri_Passing_ValidValueString_Returns_Uri (http://223.255.255.254)" storage="d:\sferrari\01_trabajo\repos\netcore\libs\template-netcore-shared\kitpymes.core.shared.tests\bin\release\net7.0\kitpymes.core.shared.tests.dll" id="1385cc6c-9384-4b3b-884f-27c7d281b7a1">
      <Execution id="fb317558-68bd-4404-96e2-1f04a4e245c1" />
      <TestMethod codeBase="D:\SFERRARI\01_TRABAJO\repos\netcore\libs\template-netcore-shared\Kitpymes.Core.Shared.Tests\bin\Release\net7.0\Kitpymes.Core.Shared.Tests.dll" adapterTypeName="executor://mstestadapter/v2" className="Kitpymes.Core.Shared.Tests.StringExtensionsTests" name="ToUri_Passing_ValidValueString_Returns_Uri" />
    </UnitTest>
    <UnitTest name="ToNormalize_Passing_ValidValue_Returns_NormalizedValue (ÀÁÄÂÃ,AAAAA)" storage="d:\sferrari\01_trabajo\repos\netcore\libs\template-netcore-shared\kitpymes.core.shared.tests\bin\release\net7.0\kitpymes.core.shared.tests.dll" id="6292a5f9-2a08-4f90-8c0d-761eb91e266e">
      <Execution id="bc2a96b0-6adc-415e-986c-a3a0cec22cbc" />
      <TestMethod codeBase="D:\SFERRARI\01_TRABAJO\repos\netcore\libs\template-netcore-shared\Kitpymes.Core.Shared.Tests\bin\Release\net7.0\Kitpymes.Core.Shared.Tests.dll" adapterTypeName="executor://mstestadapter/v2" className="Kitpymes.Core.Shared.Tests.StringExtensionsTests" name="ToNormalize_Passing_ValidValue_Returns_NormalizedValue" />
    </UnitTest>
    <UnitTest name="ToEnvironment_ServiceProvider_Passing_Development_Enviroment_Returns_Development_Name" storage="d:\sferrari\01_trabajo\repos\netcore\libs\template-netcore-shared\kitpymes.core.shared.tests\bin\release\net7.0\kitpymes.core.shared.tests.dll" id="49580918-fdf1-4158-bbe7-fb2d55601cba">
      <Execution id="c8b8d3db-5999-489b-8533-c97fd3981243" />
      <TestMethod codeBase="D:\SFERRARI\01_TRABAJO\repos\netcore\libs\template-netcore-shared\Kitpymes.Core.Shared.Tests\bin\Release\net7.0\Kitpymes.Core.Shared.Tests.dll" adapterTypeName="executor://mstestadapter/v2" className="Kitpymes.Core.Shared.Tests.ConfigurationBuilderExtensionsTests" name="ToEnvironment_ServiceProvider_Passing_Development_Enviroment_Returns_Development_Name" />
    </UnitTest>
    <UnitTest name="CreateAndVerifySHA256_Passing_Valid_Arguments_Returns_True (HashTests)" storage="d:\sferrari\01_trabajo\repos\netcore\libs\template-netcore-shared\kitpymes.core.shared.tests\bin\release\net7.0\kitpymes.core.shared.tests.dll" id="c73dc261-cb57-4b7e-94ad-60ae89e052d1">
      <Execution id="5b103254-bc3f-443e-8044-670d44470f0a" />
      <TestMethod codeBase="D:\SFERRARI\01_TRABAJO\repos\netcore\libs\template-netcore-shared\Kitpymes.Core.Shared.Tests\bin\Release\net7.0\Kitpymes.Core.Shared.Tests.dll" adapterTypeName="executor://mstestadapter/v2" className="Kitpymes.Core.Shared.Tests.HashTests" name="CreateAndVerifySHA256_Passing_Valid_Arguments_Returns_True" />
    </UnitTest>
    <UnitTest name="ResultError_WithTitle_WithStatusCode_WithDetails_WithExceptionType_WithMessages_WithErrors" storage="d:\sferrari\01_trabajo\repos\netcore\libs\template-netcore-shared\kitpymes.core.shared.tests\bin\release\net7.0\kitpymes.core.shared.tests.dll" id="975eaf83-0a56-446b-b64a-6d4e5d02daa4">
      <Execution id="f41227ae-5e4e-4e23-af87-49f6e0d6fd1e" />
      <TestMethod codeBase="D:\SFERRARI\01_TRABAJO\repos\netcore\libs\template-netcore-shared\Kitpymes.Core.Shared.Tests\bin\Release\net7.0\Kitpymes.Core.Shared.Tests.dll" adapterTypeName="executor://mstestadapter/v2" className="Kitpymes.Core.Shared.Tests.ResultTest" name="ResultError_WithTitle_WithStatusCode_WithDetails_WithExceptionType_WithMessages_WithErrors" />
    </UnitTest>
    <UnitTest name="ToGetAll_Passing_Claims_Returns_Claim_Value_String_List" storage="d:\sferrari\01_trabajo\repos\netcore\libs\template-netcore-shared\kitpymes.core.shared.tests\bin\release\net7.0\kitpymes.core.shared.tests.dll" id="c7349646-1df2-409a-bab7-cdd0c34e419c">
      <Execution id="e2f5534d-e66f-48d7-97fa-663c48395c3f" />
      <TestMethod codeBase="D:\SFERRARI\01_TRABAJO\repos\netcore\libs\template-netcore-shared\Kitpymes.Core.Shared.Tests\bin\Release\net7.0\Kitpymes.Core.Shared.Tests.dll" adapterTypeName="executor://mstestadapter/v2" className="Kitpymes.Core.Shared.Tests.ClaimsPrincipalExtensionsTests" name="ToGetAll_Passing_Claims_Returns_Claim_Value_String_List" />
    </UnitTest>
    <UnitTest name="ToFirstLetterLower_Passing_ValidValue_Returns_StringWithFirstLetterLower (aEIOU,aEIOU)" storage="d:\sferrari\01_trabajo\repos\netcore\libs\template-netcore-shared\kitpymes.core.shared.tests\bin\release\net7.0\kitpymes.core.shared.tests.dll" id="124cfaf7-bfe1-41f0-80cc-3da567d756be">
      <Execution id="ffec4eda-3d83-4380-a468-987c349c7350" />
      <TestMethod codeBase="D:\SFERRARI\01_TRABAJO\repos\netcore\libs\template-netcore-shared\Kitpymes.Core.Shared.Tests\bin\Release\net7.0\Kitpymes.Core.Shared.Tests.dll" adapterTypeName="executor://mstestadapter/v2" className="Kitpymes.Core.Shared.Tests.StringExtensionsTests" name="ToFirstLetterLower_Passing_ValidValue_Returns_StringWithFirstLetterLower" />
    </UnitTest>
    <UnitTest name="ToTryContentType_Passing_HttpRequestWithContentType_Value_Returns_ContentType_String_Value" storage="d:\sferrari\01_trabajo\repos\netcore\libs\template-netcore-shared\kitpymes.core.shared.tests\bin\release\net7.0\kitpymes.core.shared.tests.dll" id="c599a5f5-7c49-4b41-9ffa-5f7124615cb8">
      <Execution id="dbccb840-91a6-4530-bd16-f721981e7533" />
      <TestMethod codeBase="D:\SFERRARI\01_TRABAJO\repos\netcore\libs\template-netcore-shared\Kitpymes.Core.Shared.Tests\bin\Release\net7.0\Kitpymes.Core.Shared.Tests.dll" adapterTypeName="executor://mstestadapter/v2" className="Kitpymes.Core.Shared.Tests.HttpRequestExtensionsTests" name="ToTryContentType_Passing_HttpRequestWithContentType_Value_Returns_ContentType_String_Value" />
    </UnitTest>
    <UnitTest name="IsNullOrAny_Passing_InvalidValue_Returns_True" storage="d:\sferrari\01_trabajo\repos\netcore\libs\template-netcore-shared\kitpymes.core.shared.tests\bin\release\net7.0\kitpymes.core.shared.tests.dll" id="15a7d82c-2def-4ec9-92d4-6d53b4c460ee">
      <Execution id="fa5f438c-6124-4e2c-b597-3d9f2e2851bf" />
      <TestMethod codeBase="D:\SFERRARI\01_TRABAJO\repos\netcore\libs\template-netcore-shared\Kitpymes.Core.Shared.Tests\bin\Release\net7.0\Kitpymes.Core.Shared.Tests.dll" adapterTypeName="executor://mstestadapter/v2" className="Kitpymes.Core.Shared.Tests.VerifyExtensionsTests" name="IsNullOrAny_Passing_InvalidValue_Returns_True" />
    </UnitTest>
    <UnitTest name="ThrowIf_Passing_InvalidValue_Returns_ApplicationExceptionWithMessage" storage="d:\sferrari\01_trabajo\repos\netcore\libs\template-netcore-shared\kitpymes.core.shared.tests\bin\release\net7.0\kitpymes.core.shared.tests.dll" id="5df08a6e-1a3c-42f8-a3dc-73def2db83eb">
      <Execution id="04bd4efa-c3c9-4a6f-ae52-8e20a8541cbf" />
      <TestMethod codeBase="D:\SFERRARI\01_TRABAJO\repos\netcore\libs\template-netcore-shared\Kitpymes.Core.Shared.Tests\bin\Release\net7.0\Kitpymes.Core.Shared.Tests.dll" adapterTypeName="executor://mstestadapter/v2" className="Kitpymes.Core.Shared.Tests.VerifyExtensionsTests" name="ThrowIf_Passing_InvalidValue_Returns_ApplicationExceptionWithMessage" />
    </UnitTest>
    <UnitTest name="ToFirstLetterUpper_Passing_ValidValue_Returns_StringWithFirstLetterUpper (Aeiou,Aeiou)" storage="d:\sferrari\01_trabajo\repos\netcore\libs\template-netcore-shared\kitpymes.core.shared.tests\bin\release\net7.0\kitpymes.core.shared.tests.dll" id="e60dedf6-1788-485d-b56f-ee906632179a">
      <Execution id="0e92e0cf-2be1-4d39-ba02-d82baf90b978" />
      <TestMethod codeBase="D:\SFERRARI\01_TRABAJO\repos\netcore\libs\template-netcore-shared\Kitpymes.Core.Shared.Tests\bin\Release\net7.0\Kitpymes.Core.Shared.Tests.dll" adapterTypeName="executor://mstestadapter/v2" className="Kitpymes.Core.Shared.Tests.StringExtensionsTests" name="ToFirstLetterUpper_Passing_ValidValue_Returns_StringWithFirstLetterUpper" />
    </UnitTest>
    <UnitTest name="ToEnum_Passing_ValidValue_String_Returns_EnumValue" storage="d:\sferrari\01_trabajo\repos\netcore\libs\template-netcore-shared\kitpymes.core.shared.tests\bin\release\net7.0\kitpymes.core.shared.tests.dll" id="466e86b5-7bf2-4c90-8972-c946c509b8c4">
      <Execution id="29497e5d-82b6-4fb8-b4e6-e8381a993607" />
      <TestMethod codeBase="D:\SFERRARI\01_TRABAJO\repos\netcore\libs\template-netcore-shared\Kitpymes.Core.Shared.Tests\bin\Release\net7.0\Kitpymes.Core.Shared.Tests.dll" adapterTypeName="executor://mstestadapter/v2" className="Kitpymes.Core.Shared.Tests.StringExtensionsTests" name="ToEnum_Passing_ValidValue_String_Returns_EnumValue" />
    </UnitTest>
    <UnitTest name="ToEmailMask_Passing_ValidEmail_Returns_EmailWithMask (qaz@gmail.com,q-z@g----.com)" storage="d:\sferrari\01_trabajo\repos\netcore\libs\template-netcore-shared\kitpymes.core.shared.tests\bin\release\net7.0\kitpymes.core.shared.tests.dll" id="90dd9c82-654a-4497-a7c4-9403d20e4274">
      <Execution id="a4a077ee-51af-452e-a46a-a85167d464a0" />
      <TestMethod codeBase="D:\SFERRARI\01_TRABAJO\repos\netcore\libs\template-netcore-shared\Kitpymes.Core.Shared.Tests\bin\Release\net7.0\Kitpymes.Core.Shared.Tests.dll" adapterTypeName="executor://mstestadapter/v2" className="Kitpymes.Core.Shared.Tests.StringExtensionsTests" name="ToEmailMask_Passing_ValidEmail_Returns_EmailWithMask" />
    </UnitTest>
    <UnitTest name="ToUri_Passing_InvalidValueString_Returns_DefaultValue (http://##)" storage="d:\sferrari\01_trabajo\repos\netcore\libs\template-netcore-shared\kitpymes.core.shared.tests\bin\release\net7.0\kitpymes.core.shared.tests.dll" id="b22e382d-cce0-40ee-bc83-59b85ab11146">
      <Execution id="af40f135-8b0e-4d2b-8975-c81c6fb99dd9" />
      <TestMethod codeBase="D:\SFERRARI\01_TRABAJO\repos\netcore\libs\template-netcore-shared\Kitpymes.Core.Shared.Tests\bin\Release\net7.0\Kitpymes.Core.Shared.Tests.dll" adapterTypeName="executor://mstestadapter/v2" className="Kitpymes.Core.Shared.Tests.StringExtensionsTests" name="ToUri_Passing_InvalidValueString_Returns_DefaultValue" />
    </UnitTest>
    <UnitTest name="ToIsAuthenticated_Passing_Claims_Returns_True" storage="d:\sferrari\01_trabajo\repos\netcore\libs\template-netcore-shared\kitpymes.core.shared.tests\bin\release\net7.0\kitpymes.core.shared.tests.dll" id="272360dc-a5cc-4992-83ef-13266fd63ba3">
      <Execution id="163492f2-954a-49bb-af3a-1e00d93ed91e" />
      <TestMethod codeBase="D:\SFERRARI\01_TRABAJO\repos\netcore\libs\template-netcore-shared\Kitpymes.Core.Shared.Tests\bin\Release\net7.0\Kitpymes.Core.Shared.Tests.dll" adapterTypeName="executor://mstestadapter/v2" className="Kitpymes.Core.Shared.Tests.ClaimsPrincipalExtensionsTests" name="ToIsAuthenticated_Passing_Claims_Returns_True" />
    </UnitTest>
    <UnitTest name="ToUri_Passing_InvalidValueString_Returns_Null (http://../)" storage="d:\sferrari\01_trabajo\repos\netcore\libs\template-netcore-shared\kitpymes.core.shared.tests\bin\release\net7.0\kitpymes.core.shared.tests.dll" id="1c426b9f-e16b-466a-b1de-e67f0418c7f9">
      <Execution id="d539d6b6-b234-4241-8177-4f6efd302ea1" />
      <TestMethod codeBase="D:\SFERRARI\01_TRABAJO\repos\netcore\libs\template-netcore-shared\Kitpymes.Core.Shared.Tests\bin\Release\net7.0\Kitpymes.Core.Shared.Tests.dll" adapterTypeName="executor://mstestadapter/v2" className="Kitpymes.Core.Shared.Tests.StringExtensionsTests" name="ToUri_Passing_InvalidValueString_Returns_Null" />
    </UnitTest>
    <UnitTest name="CreateSHA256_Passing_Invalid_Arguments_Returns_ApplicationException ()" storage="d:\sferrari\01_trabajo\repos\netcore\libs\template-netcore-shared\kitpymes.core.shared.tests\bin\release\net7.0\kitpymes.core.shared.tests.dll" id="b45c6d9b-3713-4038-a5aa-c92481010e11">
      <Execution id="57cdfdb7-f860-4471-bce1-58ecafb07b69" />
      <TestMethod codeBase="D:\SFERRARI\01_TRABAJO\repos\netcore\libs\template-netcore-shared\Kitpymes.Core.Shared.Tests\bin\Release\net7.0\Kitpymes.Core.Shared.Tests.dll" adapterTypeName="executor://mstestadapter/v2" className="Kitpymes.Core.Shared.Tests.HashTests" name="CreateSHA256_Passing_Invalid_Arguments_Returns_ApplicationException" />
    </UnitTest>
    <UnitTest name="ToUri_Passing_ValidValueString_Returns_Uri (http://⌘.ws/)" storage="d:\sferrari\01_trabajo\repos\netcore\libs\template-netcore-shared\kitpymes.core.shared.tests\bin\release\net7.0\kitpymes.core.shared.tests.dll" id="7f4a11ff-e9de-497e-9440-600b54845c03">
      <Execution id="3fb8810f-f190-4cc7-b0cc-524641f5893e" />
      <TestMethod codeBase="D:\SFERRARI\01_TRABAJO\repos\netcore\libs\template-netcore-shared\Kitpymes.Core.Shared.Tests\bin\Release\net7.0\Kitpymes.Core.Shared.Tests.dll" adapterTypeName="executor://mstestadapter/v2" className="Kitpymes.Core.Shared.Tests.StringExtensionsTests" name="ToUri_Passing_ValidValueString_Returns_Uri" />
    </UnitTest>
    <UnitTest name="ToFullMessageDetail_Passing_ExceptionWithMessageWithInnerException_Returns_Full_Message_Detail" storage="d:\sferrari\01_trabajo\repos\netcore\libs\template-netcore-shared\kitpymes.core.shared.tests\bin\release\net7.0\kitpymes.core.shared.tests.dll" id="06b58817-edbf-470f-8f38-d9373b1a9c88">
      <Execution id="4df42107-ba1e-4c18-ae76-d0f88eb24bae" />
      <TestMethod codeBase="D:\SFERRARI\01_TRABAJO\repos\netcore\libs\template-netcore-shared\Kitpymes.Core.Shared.Tests\bin\Release\net7.0\Kitpymes.Core.Shared.Tests.dll" adapterTypeName="executor://mstestadapter/v2" className="Kitpymes.Core.Shared.Tests.ExceptionExtensionsTests" name="ToFullMessageDetail_Passing_ExceptionWithMessageWithInnerException_Returns_Full_Message_Detail" />
    </UnitTest>
    <UnitTest name="ToInt_Passing_InvalidValueString_Returns_DefaultValue (asdasdasdasd234324)" storage="d:\sferrari\01_trabajo\repos\netcore\libs\template-netcore-shared\kitpymes.core.shared.tests\bin\release\net7.0\kitpymes.core.shared.tests.dll" id="eb8401fc-a990-4e3a-88cc-a1c8a014c9b6">
      <Execution id="049b3958-3b0a-4158-bbe6-66425aef6721" />
      <TestMethod codeBase="D:\SFERRARI\01_TRABAJO\repos\netcore\libs\template-netcore-shared\Kitpymes.Core.Shared.Tests\bin\Release\net7.0\Kitpymes.Core.Shared.Tests.dll" adapterTypeName="executor://mstestadapter/v2" className="Kitpymes.Core.Shared.Tests.StringExtensionsTests" name="ToInt_Passing_InvalidValueString_Returns_DefaultValue" />
    </UnitTest>
    <UnitTest name="CreateAndVerifySHA512_Passing_Valid_Arguments_Returns_True (HashTests)" storage="d:\sferrari\01_trabajo\repos\netcore\libs\template-netcore-shared\kitpymes.core.shared.tests\bin\release\net7.0\kitpymes.core.shared.tests.dll" id="ce9b943d-377a-414c-9b25-8c4a4d303ca3">
      <Execution id="2feae193-dc44-4388-9345-a6e85afea185" />
      <TestMethod codeBase="D:\SFERRARI\01_TRABAJO\repos\netcore\libs\template-netcore-shared\Kitpymes.Core.Shared.Tests\bin\Release\net7.0\Kitpymes.Core.Shared.Tests.dll" adapterTypeName="executor://mstestadapter/v2" className="Kitpymes.Core.Shared.Tests.HashTests" name="CreateAndVerifySHA512_Passing_Valid_Arguments_Returns_True" />
    </UnitTest>
    <UnitTest name="ResultOkData" storage="d:\sferrari\01_trabajo\repos\netcore\libs\template-netcore-shared\kitpymes.core.shared.tests\bin\release\net7.0\kitpymes.core.shared.tests.dll" id="36ad1ed4-35b3-415f-a35f-2d99980018c8">
      <Execution id="e949226a-0cdc-4e57-963e-4f24a178049e" />
      <TestMethod codeBase="D:\SFERRARI\01_TRABAJO\repos\netcore\libs\template-netcore-shared\Kitpymes.Core.Shared.Tests\bin\Release\net7.0\Kitpymes.Core.Shared.Tests.dll" adapterTypeName="executor://mstestadapter/v2" className="Kitpymes.Core.Shared.Tests.ResultTest" name="ResultOkData" />
    </UnitTest>
    <UnitTest name="ThrowIfNotSubdomain_Passing_InvalidValue_Returns_ApplicationExceptionWithMessage ()" storage="d:\sferrari\01_trabajo\repos\netcore\libs\template-netcore-shared\kitpymes.core.shared.tests\bin\release\net7.0\kitpymes.core.shared.tests.dll" id="e2e826bc-0725-4311-adc6-b58a5afecceb">
      <Execution id="039b5da6-f4bd-4540-9efe-07741a564f53" />
      <TestMethod codeBase="D:\SFERRARI\01_TRABAJO\repos\netcore\libs\template-netcore-shared\Kitpymes.Core.Shared.Tests\bin\Release\net7.0\Kitpymes.Core.Shared.Tests.dll" adapterTypeName="executor://mstestadapter/v2" className="Kitpymes.Core.Shared.Tests.VerifyExtensionsTests" name="ThrowIfNotSubdomain_Passing_InvalidValue_Returns_ApplicationExceptionWithMessage" />
    </UnitTest>
    <UnitTest name="ToFirstLetterUpper_Passing_ValidValue_Returns_StringWithFirstLetterUpper (aeioU,AeioU)" storage="d:\sferrari\01_trabajo\repos\netcore\libs\template-netcore-shared\kitpymes.core.shared.tests\bin\release\net7.0\kitpymes.core.shared.tests.dll" id="9cde0832-f993-4588-a13f-d2e1c8b31b20">
      <Execution id="5f99acdf-59f7-4a95-85be-79fb8ba455e2" />
      <TestMethod codeBase="D:\SFERRARI\01_TRABAJO\repos\netcore\libs\template-netcore-shared\Kitpymes.Core.Shared.Tests\bin\Release\net7.0\Kitpymes.Core.Shared.Tests.dll" adapterTypeName="executor://mstestadapter/v2" className="Kitpymes.Core.Shared.Tests.StringExtensionsTests" name="ToFirstLetterUpper_Passing_ValidValue_Returns_StringWithFirstLetterUpper" />
    </UnitTest>
    <UnitTest name="ToRandom_Passing_Invalid_Null_Value_Returns_Null" storage="d:\sferrari\01_trabajo\repos\netcore\libs\template-netcore-shared\kitpymes.core.shared.tests\bin\release\net7.0\kitpymes.core.shared.tests.dll" id="3ea5536f-0c1b-4291-ad44-1a3d870e2be8">
      <Execution id="5910f9cb-ace3-4505-b60e-ed50850f8dff" />
      <TestMethod codeBase="D:\SFERRARI\01_TRABAJO\repos\netcore\libs\template-netcore-shared\Kitpymes.Core.Shared.Tests\bin\Release\net7.0\Kitpymes.Core.Shared.Tests.dll" adapterTypeName="executor://mstestadapter/v2" className="Kitpymes.Core.Shared.Tests.StringExtensionsTests" name="ToRandom_Passing_Invalid_Null_Value_Returns_Null" />
    </UnitTest>
    <UnitTest name="ToUri_Passing_ValidValueString_Returns_Uri (//foo.com/blah_blah?p=5&amp;j=fe)" storage="d:\sferrari\01_trabajo\repos\netcore\libs\template-netcore-shared\kitpymes.core.shared.tests\bin\release\net7.0\kitpymes.core.shared.tests.dll" id="92636ddb-1824-408d-a962-0bc581678619">
      <Execution id="70ae0633-dc5d-4588-b0bb-260c099d47d3" />
      <TestMethod codeBase="D:\SFERRARI\01_TRABAJO\repos\netcore\libs\template-netcore-shared\Kitpymes.Core.Shared.Tests\bin\Release\net7.0\Kitpymes.Core.Shared.Tests.dll" adapterTypeName="executor://mstestadapter/v2" className="Kitpymes.Core.Shared.Tests.StringExtensionsTests" name="ToUri_Passing_ValidValueString_Returns_Uri" />
    </UnitTest>
    <UnitTest name="ToEmailMaskUserNameAndDomainAndExtension_Passing_ValidEmail_Returns_EmailWithMask (qaz@gmail.com,q*z@g***l.c*m)" storage="d:\sferrari\01_trabajo\repos\netcore\libs\template-netcore-shared\kitpymes.core.shared.tests\bin\release\net7.0\kitpymes.core.shared.tests.dll" id="521228c7-773f-4e9b-a20f-9a2f28c23c1a">
      <Execution id="5f461fb7-7024-4c0e-86c2-9e827a5f1666" />
      <TestMethod codeBase="D:\SFERRARI\01_TRABAJO\repos\netcore\libs\template-netcore-shared\Kitpymes.Core.Shared.Tests\bin\Release\net7.0\Kitpymes.Core.Shared.Tests.dll" adapterTypeName="executor://mstestadapter/v2" className="Kitpymes.Core.Shared.Tests.StringExtensionsTests" name="ToEmailMaskUserNameAndDomainAndExtension_Passing_ValidEmail_Returns_EmailWithMask" />
    </UnitTest>
    <UnitTest name="ToUri_Passing_InvalidValueString_Returns_DefaultValue (http://)" storage="d:\sferrari\01_trabajo\repos\netcore\libs\template-netcore-shared\kitpymes.core.shared.tests\bin\release\net7.0\kitpymes.core.shared.tests.dll" id="e5b25040-16e3-4624-aff4-777671a83612">
      <Execution id="34571cf9-03f1-43df-a6be-cdb7360f8459" />
      <TestMethod codeBase="D:\SFERRARI\01_TRABAJO\repos\netcore\libs\template-netcore-shared\Kitpymes.Core.Shared.Tests\bin\Release\net7.0\Kitpymes.Core.Shared.Tests.dll" adapterTypeName="executor://mstestadapter/v2" className="Kitpymes.Core.Shared.Tests.StringExtensionsTests" name="ToUri_Passing_InvalidValueString_Returns_DefaultValue" />
    </UnitTest>
    <UnitTest name="ToUserName_Passing_Valid_UserName_ClaimsPrincipal_Returns_String_UserName_Value" storage="d:\sferrari\01_trabajo\repos\netcore\libs\template-netcore-shared\kitpymes.core.shared.tests\bin\release\net7.0\kitpymes.core.shared.tests.dll" id="3cfdc6e0-e095-42ff-94d2-7abc9ddfc278">
      <Execution id="bc899e88-c08f-4899-816b-83f8db1e9e94" />
      <TestMethod codeBase="D:\SFERRARI\01_TRABAJO\repos\netcore\libs\template-netcore-shared\Kitpymes.Core.Shared.Tests\bin\Release\net7.0\Kitpymes.Core.Shared.Tests.dll" adapterTypeName="executor://mstestadapter/v2" className="Kitpymes.Core.Shared.Tests.ClaimsPrincipalExtensionsTests" name="ToUserName_Passing_Valid_UserName_ClaimsPrincipal_Returns_String_UserName_Value" />
    </UnitTest>
    <UnitTest name="ResultOkData_WithData" storage="d:\sferrari\01_trabajo\repos\netcore\libs\template-netcore-shared\kitpymes.core.shared.tests\bin\release\net7.0\kitpymes.core.shared.tests.dll" id="e940eabc-4258-4b8f-a9f1-12e4b101ac98">
      <Execution id="678a2f42-ca75-4098-9dd6-16cdd3da3d6f" />
      <TestMethod codeBase="D:\SFERRARI\01_TRABAJO\repos\netcore\libs\template-netcore-shared\Kitpymes.Core.Shared.Tests\bin\Release\net7.0\Kitpymes.Core.Shared.Tests.dll" adapterTypeName="executor://mstestadapter/v2" className="Kitpymes.Core.Shared.Tests.ResultTest" name="ResultOkData_WithData" />
    </UnitTest>
    <UnitTest name="ToUri_Passing_ValidValueString_Returns_Uri (http://foo.com/blah_(wikipedia)#cite-1)" storage="d:\sferrari\01_trabajo\repos\netcore\libs\template-netcore-shared\kitpymes.core.shared.tests\bin\release\net7.0\kitpymes.core.shared.tests.dll" id="75739732-f8ea-4216-a201-3bacd1b50562">
      <Execution id="669835dd-bf38-43d5-8ffb-33c48109796a" />
      <TestMethod codeBase="D:\SFERRARI\01_TRABAJO\repos\netcore\libs\template-netcore-shared\Kitpymes.Core.Shared.Tests\bin\Release\net7.0\Kitpymes.Core.Shared.Tests.dll" adapterTypeName="executor://mstestadapter/v2" className="Kitpymes.Core.Shared.Tests.StringExtensionsTests" name="ToUri_Passing_ValidValueString_Returns_Uri" />
    </UnitTest>
    <UnitTest name="ToEmailMaskUserNameAndDomain_Passing_ValidEmail_Returns_EmailWithMask (qaz@gmail.com,q*z@g***l.com)" storage="d:\sferrari\01_trabajo\repos\netcore\libs\template-netcore-shared\kitpymes.core.shared.tests\bin\release\net7.0\kitpymes.core.shared.tests.dll" id="137a36db-6e44-417d-b83c-1526da745318">
      <Execution id="e40dddbf-9e01-4b2c-9db5-88cfc7532479" />
      <TestMethod codeBase="D:\SFERRARI\01_TRABAJO\repos\netcore\libs\template-netcore-shared\Kitpymes.Core.Shared.Tests\bin\Release\net7.0\Kitpymes.Core.Shared.Tests.dll" adapterTypeName="executor://mstestadapter/v2" className="Kitpymes.Core.Shared.Tests.StringExtensionsTests" name="ToEmailMaskUserNameAndDomain_Passing_ValidEmail_Returns_EmailWithMask" />
    </UnitTest>
    <UnitTest name="ToUri_Passing_ValidValueString_Returns_Uri (http://✪df.ws/123)" storage="d:\sferrari\01_trabajo\repos\netcore\libs\template-netcore-shared\kitpymes.core.shared.tests\bin\release\net7.0\kitpymes.core.shared.tests.dll" id="ec30723c-b5e5-447b-927f-d924d0201661">
      <Execution id="fa00eb45-c72e-468b-81bb-ba3cbe0c67cf" />
      <TestMethod codeBase="D:\SFERRARI\01_TRABAJO\repos\netcore\libs\template-netcore-shared\Kitpymes.Core.Shared.Tests\bin\Release\net7.0\Kitpymes.Core.Shared.Tests.dll" adapterTypeName="executor://mstestadapter/v2" className="Kitpymes.Core.Shared.Tests.StringExtensionsTests" name="ToUri_Passing_ValidValueString_Returns_Uri" />
    </UnitTest>
    <UnitTest name="ToFormat_Passing_ValidValueFormatWithArguments_Returns_ValueWithFormat" storage="d:\sferrari\01_trabajo\repos\netcore\libs\template-netcore-shared\kitpymes.core.shared.tests\bin\release\net7.0\kitpymes.core.shared.tests.dll" id="5e359190-97ed-48ed-8565-d4dbb493d0e4">
      <Execution id="ce88170d-4c24-438f-85e8-8d5b4de5fa90" />
      <TestMethod codeBase="D:\SFERRARI\01_TRABAJO\repos\netcore\libs\template-netcore-shared\Kitpymes.Core.Shared.Tests\bin\Release\net7.0\Kitpymes.Core.Shared.Tests.dll" adapterTypeName="executor://mstestadapter/v2" className="Kitpymes.Core.Shared.Tests.StringExtensionsTests" name="ToFormat_Passing_ValidValueFormatWithArguments_Returns_ValueWithFormat" />
    </UnitTest>
    <UnitTest name="ToDefaultValue_Passing_ValidStruct_Returns_DefaultValue" storage="d:\sferrari\01_trabajo\repos\netcore\libs\template-netcore-shared\kitpymes.core.shared.tests\bin\release\net7.0\kitpymes.core.shared.tests.dll" id="d502d06b-e38d-47fd-a835-72c7f7c3e2db">
      <Execution id="d9e70617-deee-4dc2-92b5-cfb41a8dac93" />
      <TestMethod codeBase="D:\SFERRARI\01_TRABAJO\repos\netcore\libs\template-netcore-shared\Kitpymes.Core.Shared.Tests\bin\Release\net7.0\Kitpymes.Core.Shared.Tests.dll" adapterTypeName="executor://mstestadapter/v2" className="Kitpymes.Core.Shared.Tests.TypeExtensionsTests" name="ToDefaultValue_Passing_ValidStruct_Returns_DefaultValue" />
    </UnitTest>
    <UnitTest name="ToUri_Passing_ValidValueString_Returns_Uri (//foo.com/blah_blah/p=5)" storage="d:\sferrari\01_trabajo\repos\netcore\libs\template-netcore-shared\kitpymes.core.shared.tests\bin\release\net7.0\kitpymes.core.shared.tests.dll" id="9e40dc9e-8fab-4ee1-a501-cafeebce5b2b">
      <Execution id="61dc5d56-ff7a-4ff4-95b5-46f9af85f877" />
      <TestMethod codeBase="D:\SFERRARI\01_TRABAJO\repos\netcore\libs\template-netcore-shared\Kitpymes.Core.Shared.Tests\bin\Release\net7.0\Kitpymes.Core.Shared.Tests.dll" adapterTypeName="executor://mstestadapter/v2" className="Kitpymes.Core.Shared.Tests.StringExtensionsTests" name="ToUri_Passing_ValidValueString_Returns_Uri" />
    </UnitTest>
    <UnitTest name="ToUri_Passing_ValidValueString_Returns_Uri (http://foo.com/blah_blah_(wikipedia))" storage="d:\sferrari\01_trabajo\repos\netcore\libs\template-netcore-shared\kitpymes.core.shared.tests\bin\release\net7.0\kitpymes.core.shared.tests.dll" id="e20f6041-2fd4-47d7-8537-4c98d06930fb">
      <Execution id="4aaf0d15-7f77-499f-bc41-cfd4ede7db6c" />
      <TestMethod codeBase="D:\SFERRARI\01_TRABAJO\repos\netcore\libs\template-netcore-shared\Kitpymes.Core.Shared.Tests\bin\Release\net7.0\Kitpymes.Core.Shared.Tests.dll" adapterTypeName="executor://mstestadapter/v2" className="Kitpymes.Core.Shared.Tests.StringExtensionsTests" name="ToUri_Passing_ValidValueString_Returns_Uri" />
    </UnitTest>
    <UnitTest name="ToResultAsync_Passing_StatusCodeAnd_MessageAndContentTypeAndHeader_Values_Returns_Values (/test)" storage="d:\sferrari\01_trabajo\repos\netcore\libs\template-netcore-shared\kitpymes.core.shared.tests\bin\release\net7.0\kitpymes.core.shared.tests.dll" id="a622e94d-7686-439b-a9ea-a9028434e94b">
      <Execution id="29e571d4-4e6c-47a4-a615-aa89fe43b319" />
      <TestMethod codeBase="D:\SFERRARI\01_TRABAJO\repos\netcore\libs\template-netcore-shared\Kitpymes.Core.Shared.Tests\bin\Release\net7.0\Kitpymes.Core.Shared.Tests.dll" adapterTypeName="executor://mstestadapter/v2" className="Kitpymes.Core.Shared.Tests.HttpResponseExtensionsTests" name="ToResultAsync_Passing_StatusCodeAnd_MessageAndContentTypeAndHeader_Values_Returns_Values" />
    </UnitTest>
    <UnitTest name="ToStringFormat_Passing_ValidValue_Returns_ValueWithoutRemovedChars (-1)" storage="d:\sferrari\01_trabajo\repos\netcore\libs\template-netcore-shared\kitpymes.core.shared.tests\bin\release\net7.0\kitpymes.core.shared.tests.dll" id="d7b37656-28f0-4efa-86f6-a25aab688127">
      <Execution id="baa63fcd-c1b6-432a-8735-73f1b16ff333" />
      <TestMethod codeBase="D:\SFERRARI\01_TRABAJO\repos\netcore\libs\template-netcore-shared\Kitpymes.Core.Shared.Tests\bin\Release\net7.0\Kitpymes.Core.Shared.Tests.dll" adapterTypeName="executor://mstestadapter/v2" className="Kitpymes.Core.Shared.Tests.IntegerExtensionsTests" name="ToStringFormat_Passing_ValidValue_Returns_ValueWithoutRemovedChars" />
    </UnitTest>
    <UnitTest name="ToFirstLetterLower_Passing_ValidValue_Returns_StringWithFirstLetterLower (AEIOU,aEIOU)" storage="d:\sferrari\01_trabajo\repos\netcore\libs\template-netcore-shared\kitpymes.core.shared.tests\bin\release\net7.0\kitpymes.core.shared.tests.dll" id="53802b22-f65c-4295-9edf-21a20a35fa16">
      <Execution id="2fba93fb-bd55-4212-880d-0c727d49bb5c" />
      <TestMethod codeBase="D:\SFERRARI\01_TRABAJO\repos\netcore\libs\template-netcore-shared\Kitpymes.Core.Shared.Tests\bin\Release\net7.0\Kitpymes.Core.Shared.Tests.dll" adapterTypeName="executor://mstestadapter/v2" className="Kitpymes.Core.Shared.Tests.StringExtensionsTests" name="ToFirstLetterLower_Passing_ValidValue_Returns_StringWithFirstLetterLower" />
    </UnitTest>
    <UnitTest name="ToRemove_Passing_ValidValue_Returns_ValueWithoutRemovedChars ( hello hello , ,hellohello)" storage="d:\sferrari\01_trabajo\repos\netcore\libs\template-netcore-shared\kitpymes.core.shared.tests\bin\release\net7.0\kitpymes.core.shared.tests.dll" id="53dff3fa-3681-4672-b284-13fc08b1f8ff">
      <Execution id="9a0322b9-e404-4c05-a0f6-e930ff7d3fb9" />
      <TestMethod codeBase="D:\SFERRARI\01_TRABAJO\repos\netcore\libs\template-netcore-shared\Kitpymes.Core.Shared.Tests\bin\Release\net7.0\Kitpymes.Core.Shared.Tests.dll" adapterTypeName="executor://mstestadapter/v2" className="Kitpymes.Core.Shared.Tests.StringExtensionsTests" name="ToRemove_Passing_ValidValue_Returns_ValueWithoutRemovedChars" />
    </UnitTest>
    <UnitTest name="ToExists_Passing_Valid_Service_Returns_True" storage="d:\sferrari\01_trabajo\repos\netcore\libs\template-netcore-shared\kitpymes.core.shared.tests\bin\release\net7.0\kitpymes.core.shared.tests.dll" id="5936ecf8-f9d7-489d-a8d0-9b76472bddf9">
      <Execution id="ca98a9a0-5ac8-444a-b2cc-e1e06ba3b181" />
      <TestMethod codeBase="D:\SFERRARI\01_TRABAJO\repos\netcore\libs\template-netcore-shared\Kitpymes.Core.Shared.Tests\bin\Release\net7.0\Kitpymes.Core.Shared.Tests.dll" adapterTypeName="executor://mstestadapter/v2" className="Kitpymes.Core.Shared.Tests.ConfigurationBuilderExtensionsTests" name="ToExists_Passing_Valid_Service_Returns_True" />
    </UnitTest>
    <UnitTest name="ToInt_Passing_InvalidValueString_Returns_Null (asdasdasdasd234324)" storage="d:\sferrari\01_trabajo\repos\netcore\libs\template-netcore-shared\kitpymes.core.shared.tests\bin\release\net7.0\kitpymes.core.shared.tests.dll" id="d63fff41-afe3-4825-9682-6cfceea9c8d7">
      <Execution id="a81e28bf-e682-4560-a78e-f20891a799e2" />
      <TestMethod codeBase="D:\SFERRARI\01_TRABAJO\repos\netcore\libs\template-netcore-shared\Kitpymes.Core.Shared.Tests\bin\Release\net7.0\Kitpymes.Core.Shared.Tests.dll" adapterTypeName="executor://mstestadapter/v2" className="Kitpymes.Core.Shared.Tests.StringExtensionsTests" name="ToInt_Passing_InvalidValueString_Returns_Null" />
    </UnitTest>
    <UnitTest name="ThrowIfNotEmail_Passing_InvalidValue_Returns_ApplicationExceptionWithMessage ()" storage="d:\sferrari\01_trabajo\repos\netcore\libs\template-netcore-shared\kitpymes.core.shared.tests\bin\release\net7.0\kitpymes.core.shared.tests.dll" id="bbb789ff-50e4-41f5-a940-49282590f37c">
      <Execution id="7b449ff7-fc07-4654-b8aa-f50dd5f2bce6" />
      <TestMethod codeBase="D:\SFERRARI\01_TRABAJO\repos\netcore\libs\template-netcore-shared\Kitpymes.Core.Shared.Tests\bin\Release\net7.0\Kitpymes.Core.Shared.Tests.dll" adapterTypeName="executor://mstestadapter/v2" className="Kitpymes.Core.Shared.Tests.VerifyExtensionsTests" name="ThrowIfNotEmail_Passing_InvalidValue_Returns_ApplicationExceptionWithMessage" />
    </UnitTest>
    <UnitTest name="ToDefaultValue_Passing_byte_Returns_Cero" storage="d:\sferrari\01_trabajo\repos\netcore\libs\template-netcore-shared\kitpymes.core.shared.tests\bin\release\net7.0\kitpymes.core.shared.tests.dll" id="1e296144-299c-47da-bb34-03d27d36d293">
      <Execution id="0953fe39-186f-4ae6-b3ed-f258a8780bf4" />
      <TestMethod codeBase="D:\SFERRARI\01_TRABAJO\repos\netcore\libs\template-netcore-shared\Kitpymes.Core.Shared.Tests\bin\Release\net7.0\Kitpymes.Core.Shared.Tests.dll" adapterTypeName="executor://mstestadapter/v2" className="Kitpymes.Core.Shared.Tests.GenericExtensionsTests" name="ToDefaultValue_Passing_byte_Returns_Cero" />
    </UnitTest>
    <UnitTest name="CreateAndVerifySHA256_Passing_Valid_Arguments_Returns_True (Password)" storage="d:\sferrari\01_trabajo\repos\netcore\libs\template-netcore-shared\kitpymes.core.shared.tests\bin\release\net7.0\kitpymes.core.shared.tests.dll" id="bd91ae22-f449-47a9-9892-e932b0fb190a">
      <Execution id="9428ae21-aa28-4608-b177-8778604716c9" />
      <TestMethod codeBase="D:\SFERRARI\01_TRABAJO\repos\netcore\libs\template-netcore-shared\Kitpymes.Core.Shared.Tests\bin\Release\net7.0\Kitpymes.Core.Shared.Tests.dll" adapterTypeName="executor://mstestadapter/v2" className="Kitpymes.Core.Shared.Tests.HashTests" name="CreateAndVerifySHA256_Passing_Valid_Arguments_Returns_True" />
    </UnitTest>
    <UnitTest name="ToEmptyIfNull_Passing_Null_Collection_Returns_Empty_Collection" storage="d:\sferrari\01_trabajo\repos\netcore\libs\template-netcore-shared\kitpymes.core.shared.tests\bin\release\net7.0\kitpymes.core.shared.tests.dll" id="6fbb7719-01db-4a8d-9127-71961fdf6d1c">
      <Execution id="6a3131c4-86b6-435e-a4c2-04f9b703ec23" />
      <TestMethod codeBase="D:\SFERRARI\01_TRABAJO\repos\netcore\libs\template-netcore-shared\Kitpymes.Core.Shared.Tests\bin\Release\net7.0\Kitpymes.Core.Shared.Tests.dll" adapterTypeName="executor://mstestadapter/v2" className="Kitpymes.Core.Shared.Tests.EnumerableExtensionsTests" name="ToEmptyIfNull_Passing_Null_Collection_Returns_Empty_Collection" />
    </UnitTest>
    <UnitTest name="ToInt_Passing_InvalidValueString_Returns_DefaultValue (999999439293294392492349329493294)" storage="d:\sferrari\01_trabajo\repos\netcore\libs\template-netcore-shared\kitpymes.core.shared.tests\bin\release\net7.0\kitpymes.core.shared.tests.dll" id="5c63f442-a72e-4060-84ca-eaa5b552c3d1">
      <Execution id="e2c865e3-ece6-4b0b-a544-43fb39119f1f" />
      <TestMethod codeBase="D:\SFERRARI\01_TRABAJO\repos\netcore\libs\template-netcore-shared\Kitpymes.Core.Shared.Tests\bin\Release\net7.0\Kitpymes.Core.Shared.Tests.dll" adapterTypeName="executor://mstestadapter/v2" className="Kitpymes.Core.Shared.Tests.StringExtensionsTests" name="ToInt_Passing_InvalidValueString_Returns_DefaultValue" />
    </UnitTest>
    <UnitTest name="ToDefaultValue_Passing_char_Returns_Cero" storage="d:\sferrari\01_trabajo\repos\netcore\libs\template-netcore-shared\kitpymes.core.shared.tests\bin\release\net7.0\kitpymes.core.shared.tests.dll" id="a07f0214-64b6-4977-ab25-0086b6c2cc3d">
      <Execution id="47a18b04-45ec-44fc-b590-493d914e5663" />
      <TestMethod codeBase="D:\SFERRARI\01_TRABAJO\repos\netcore\libs\template-netcore-shared\Kitpymes.Core.Shared.Tests\bin\Release\net7.0\Kitpymes.Core.Shared.Tests.dll" adapterTypeName="executor://mstestadapter/v2" className="Kitpymes.Core.Shared.Tests.GenericExtensionsTests" name="ToDefaultValue_Passing_char_Returns_Cero" />
    </UnitTest>
    <UnitTest name="ToInt_Passing_InvalidValueString_Returns_DefaultValue (1,3333)" storage="d:\sferrari\01_trabajo\repos\netcore\libs\template-netcore-shared\kitpymes.core.shared.tests\bin\release\net7.0\kitpymes.core.shared.tests.dll" id="4cae9e39-b68f-4979-b11b-058e6a91ce7c">
      <Execution id="8f6006ff-3ad2-4176-bd48-06663b53ca6b" />
      <TestMethod codeBase="D:\SFERRARI\01_TRABAJO\repos\netcore\libs\template-netcore-shared\Kitpymes.Core.Shared.Tests\bin\Release\net7.0\Kitpymes.Core.Shared.Tests.dll" adapterTypeName="executor://mstestadapter/v2" className="Kitpymes.Core.Shared.Tests.StringExtensionsTests" name="ToInt_Passing_InvalidValueString_Returns_DefaultValue" />
    </UnitTest>
    <UnitTest name="ToConfiguration_Passing_Empty_DirectoryPath_Returns_ApplicationException" storage="d:\sferrari\01_trabajo\repos\netcore\libs\template-netcore-shared\kitpymes.core.shared.tests\bin\release\net7.0\kitpymes.core.shared.tests.dll" id="6dd54b6b-8883-49f1-9218-548e2003b596">
      <Execution id="aad95f77-caef-4ff9-ac5c-29033b7cbe6a" />
      <TestMethod codeBase="D:\SFERRARI\01_TRABAJO\repos\netcore\libs\template-netcore-shared\Kitpymes.Core.Shared.Tests\bin\Release\net7.0\Kitpymes.Core.Shared.Tests.dll" adapterTypeName="executor://mstestadapter/v2" className="Kitpymes.Core.Shared.Tests.ConfigurationBuilderExtensionsTests" name="ToConfiguration_Passing_Empty_DirectoryPath_Returns_ApplicationException" />
    </UnitTest>
    <UnitTest name="ToSerialize_Passing_Objects_Returns_String_Values" storage="d:\sferrari\01_trabajo\repos\netcore\libs\template-netcore-shared\kitpymes.core.shared.tests\bin\release\net7.0\kitpymes.core.shared.tests.dll" id="4bd270f4-592d-4d46-b7a6-390731cbd7e9">
      <Execution id="21345a04-fed7-4512-aa74-56d50a26524a" />
      <TestMethod codeBase="D:\SFERRARI\01_TRABAJO\repos\netcore\libs\template-netcore-shared\Kitpymes.Core.Shared.Tests\bin\Release\net7.0\Kitpymes.Core.Shared.Tests.dll" adapterTypeName="executor://mstestadapter/v2" className="Kitpymes.Core.Shared.Tests.JsonExtensionsTests" name="ToSerialize_Passing_Objects_Returns_String_Values" />
    </UnitTest>
    <UnitTest name="CreateRandom_WithCustomAllowableCharacters_Passing_Valid_Arguments_Returns_String_Random_Value (10,7890ABFLFLFFL)" storage="d:\sferrari\01_trabajo\repos\netcore\libs\template-netcore-shared\kitpymes.core.shared.tests\bin\release\net7.0\kitpymes.core.shared.tests.dll" id="81db9676-40c2-4d90-86ff-15f867ee30f0">
      <Execution id="610140ca-0999-439e-9ca5-31d42b17a58c" />
      <TestMethod codeBase="D:\SFERRARI\01_TRABAJO\repos\netcore\libs\template-netcore-shared\Kitpymes.Core.Shared.Tests\bin\Release\net7.0\Kitpymes.Core.Shared.Tests.dll" adapterTypeName="executor://mstestadapter/v2" className="Kitpymes.Core.Shared.Tests.HashTests" name="CreateRandom_WithCustomAllowableCharacters_Passing_Valid_Arguments_Returns_String_Random_Value" />
    </UnitTest>
    <UnitTest name="ToExists_Passing_Claims_Returns_True" storage="d:\sferrari\01_trabajo\repos\netcore\libs\template-netcore-shared\kitpymes.core.shared.tests\bin\release\net7.0\kitpymes.core.shared.tests.dll" id="8e1bf0a0-e943-4b1b-b3f2-701705e3d49d">
      <Execution id="6326825b-f76f-454e-9118-a4949dd1540b" />
      <TestMethod codeBase="D:\SFERRARI\01_TRABAJO\repos\netcore\libs\template-netcore-shared\Kitpymes.Core.Shared.Tests\bin\Release\net7.0\Kitpymes.Core.Shared.Tests.dll" adapterTypeName="executor://mstestadapter/v2" className="Kitpymes.Core.Shared.Tests.ClaimsPrincipalExtensionsTests" name="ToExists_Passing_Claims_Returns_True" />
    </UnitTest>
    <UnitTest name="ToServiceMatchingInterface_Passing_Valid_Assembly_Returns_Service" storage="d:\sferrari\01_trabajo\repos\netcore\libs\template-netcore-shared\kitpymes.core.shared.tests\bin\release\net7.0\kitpymes.core.shared.tests.dll" id="9f5304fd-0808-48ae-a30c-bc4cbb8e5f30">
      <Execution id="80b87c32-7c48-45fb-b422-3182c1ae06c1" />
      <TestMethod codeBase="D:\SFERRARI\01_TRABAJO\repos\netcore\libs\template-netcore-shared\Kitpymes.Core.Shared.Tests\bin\Release\net7.0\Kitpymes.Core.Shared.Tests.dll" adapterTypeName="executor://mstestadapter/v2" className="Kitpymes.Core.Shared.Tests.ConfigurationBuilderExtensionsTests" name="ToServiceMatchingInterface_Passing_Valid_Assembly_Returns_Service" />
    </UnitTest>
    <UnitTest name="ToInt_Passing_InvalidValueString_Returns_Null (999999439293294392492349329493294)" storage="d:\sferrari\01_trabajo\repos\netcore\libs\template-netcore-shared\kitpymes.core.shared.tests\bin\release\net7.0\kitpymes.core.shared.tests.dll" id="87473d92-7f7d-4388-8341-738eaf1d2943">
      <Execution id="86fdb659-5b7f-4808-94c4-ff8bf0155bd4" />
      <TestMethod codeBase="D:\SFERRARI\01_TRABAJO\repos\netcore\libs\template-netcore-shared\Kitpymes.Core.Shared.Tests\bin\Release\net7.0\Kitpymes.Core.Shared.Tests.dll" adapterTypeName="executor://mstestadapter/v2" className="Kitpymes.Core.Shared.Tests.StringExtensionsTests" name="ToInt_Passing_InvalidValueString_Returns_Null" />
    </UnitTest>
    <UnitTest name="ToInt_Passing_ValidValueString_Returns_Int (1234567890)" storage="d:\sferrari\01_trabajo\repos\netcore\libs\template-netcore-shared\kitpymes.core.shared.tests\bin\release\net7.0\kitpymes.core.shared.tests.dll" id="d80ac55e-ba7f-4756-abd3-2152477ad754">
      <Execution id="0bab7d71-3019-45ef-8993-abf82fb011d3" />
      <TestMethod codeBase="D:\SFERRARI\01_TRABAJO\repos\netcore\libs\template-netcore-shared\Kitpymes.Core.Shared.Tests\bin\Release\net7.0\Kitpymes.Core.Shared.Tests.dll" adapterTypeName="executor://mstestadapter/v2" className="Kitpymes.Core.Shared.Tests.StringExtensionsTests" name="ToInt_Passing_ValidValueString_Returns_Int" />
    </UnitTest>
    <UnitTest name="ToEnvironment_Passing_Production_Enviroment_Returns_Production_Name" storage="d:\sferrari\01_trabajo\repos\netcore\libs\template-netcore-shared\kitpymes.core.shared.tests\bin\release\net7.0\kitpymes.core.shared.tests.dll" id="5b78d4f1-5ef4-43db-8a95-942e481e90f8">
      <Execution id="f19603f2-53d5-4679-9ac9-e185e9293e95" />
      <TestMethod codeBase="D:\SFERRARI\01_TRABAJO\repos\netcore\libs\template-netcore-shared\Kitpymes.Core.Shared.Tests\bin\Release\net7.0\Kitpymes.Core.Shared.Tests.dll" adapterTypeName="executor://mstestadapter/v2" className="Kitpymes.Core.Shared.Tests.ApplicationBuilderExtensionsTests" name="ToEnvironment_Passing_Production_Enviroment_Returns_Production_Name" />
    </UnitTest>
    <UnitTest name="ToUri_Passing_ValidValueString_Returns_Uri (http://⌘.ws)" storage="d:\sferrari\01_trabajo\repos\netcore\libs\template-netcore-shared\kitpymes.core.shared.tests\bin\release\net7.0\kitpymes.core.shared.tests.dll" id="46f681ec-fc05-4318-bda6-1c9832d592c6">
      <Execution id="070dd31d-b88f-4c91-b38d-2335b1447d09" />
      <TestMethod codeBase="D:\SFERRARI\01_TRABAJO\repos\netcore\libs\template-netcore-shared\Kitpymes.Core.Shared.Tests\bin\Release\net7.0\Kitpymes.Core.Shared.Tests.dll" adapterTypeName="executor://mstestadapter/v2" className="Kitpymes.Core.Shared.Tests.StringExtensionsTests" name="ToUri_Passing_ValidValueString_Returns_Uri" />
    </UnitTest>
    <UnitTest name="ToNormalize_Passing_ValidValue_Returns_NormalizedValue (Münçhen,Munchen)" storage="d:\sferrari\01_trabajo\repos\netcore\libs\template-netcore-shared\kitpymes.core.shared.tests\bin\release\net7.0\kitpymes.core.shared.tests.dll" id="700aad91-9368-478f-9d3b-0459b132b626">
      <Execution id="ca770348-b6ac-4080-9c12-a8f1ccdf811a" />
      <TestMethod codeBase="D:\SFERRARI\01_TRABAJO\repos\netcore\libs\template-netcore-shared\Kitpymes.Core.Shared.Tests\bin\Release\net7.0\Kitpymes.Core.Shared.Tests.dll" adapterTypeName="executor://mstestadapter/v2" className="Kitpymes.Core.Shared.Tests.StringExtensionsTests" name="ToNormalize_Passing_ValidValue_Returns_NormalizedValue" />
    </UnitTest>
    <UnitTest name="ToUri_Passing_InvalidValueString_Returns_Null (http://#)" storage="d:\sferrari\01_trabajo\repos\netcore\libs\template-netcore-shared\kitpymes.core.shared.tests\bin\release\net7.0\kitpymes.core.shared.tests.dll" id="4932a66a-9607-4f31-9a4d-132d969e67d1">
      <Execution id="f7e40c9a-d8df-44e0-81bd-af4fedb089d0" />
      <TestMethod codeBase="D:\SFERRARI\01_TRABAJO\repos\netcore\libs\template-netcore-shared\Kitpymes.Core.Shared.Tests\bin\Release\net7.0\Kitpymes.Core.Shared.Tests.dll" adapterTypeName="executor://mstestadapter/v2" className="Kitpymes.Core.Shared.Tests.StringExtensionsTests" name="ToUri_Passing_InvalidValueString_Returns_Null" />
    </UnitTest>
    <UnitTest name="ToUri_Passing_ValidValueString_Returns_Uri (//foo.com/blah_blah/)" storage="d:\sferrari\01_trabajo\repos\netcore\libs\template-netcore-shared\kitpymes.core.shared.tests\bin\release\net7.0\kitpymes.core.shared.tests.dll" id="23b6a533-f873-4dac-974c-e2f1a4500c1f">
      <Execution id="4e4fa9df-44ea-4f7a-b052-61408f48f897" />
      <TestMethod codeBase="D:\SFERRARI\01_TRABAJO\repos\netcore\libs\template-netcore-shared\Kitpymes.Core.Shared.Tests\bin\Release\net7.0\Kitpymes.Core.Shared.Tests.dll" adapterTypeName="executor://mstestadapter/v2" className="Kitpymes.Core.Shared.Tests.StringExtensionsTests" name="ToUri_Passing_ValidValueString_Returns_Uri" />
    </UnitTest>
    <UnitTest name="ToDetails_Passing_HttpContext_Returns_Details_HttpContext" storage="d:\sferrari\01_trabajo\repos\netcore\libs\template-netcore-shared\kitpymes.core.shared.tests\bin\release\net7.0\kitpymes.core.shared.tests.dll" id="1376a25b-1381-4064-8f49-ffd0d9757285">
      <Execution id="de60a816-3750-4321-92a7-b79e9179e193" />
      <TestMethod codeBase="D:\SFERRARI\01_TRABAJO\repos\netcore\libs\template-netcore-shared\Kitpymes.Core.Shared.Tests\bin\Release\net7.0\Kitpymes.Core.Shared.Tests.dll" adapterTypeName="executor://mstestadapter/v2" className="Kitpymes.Core.Shared.Tests.HttpContextExtensionsTests" name="ToDetails_Passing_HttpContext_Returns_Details_HttpContext" />
    </UnitTest>
    <UnitTest name="ToEnvironment_Passing_Development_Enviroment_Returns_Development_Name" storage="d:\sferrari\01_trabajo\repos\netcore\libs\template-netcore-shared\kitpymes.core.shared.tests\bin\release\net7.0\kitpymes.core.shared.tests.dll" id="6fa1ca51-37e5-4340-925d-71cb9d70b3c2">
      <Execution id="bc7dea1c-bd7c-4dbc-a468-afaac593f1c3" />
      <TestMethod codeBase="D:\SFERRARI\01_TRABAJO\repos\netcore\libs\template-netcore-shared\Kitpymes.Core.Shared.Tests\bin\Release\net7.0\Kitpymes.Core.Shared.Tests.dll" adapterTypeName="executor://mstestadapter/v2" className="Kitpymes.Core.Shared.Tests.ApplicationBuilderExtensionsTests" name="ToEnvironment_Passing_Development_Enviroment_Returns_Development_Name" />
    </UnitTest>
    <UnitTest name="ToDefaultValue_Passing_ulong_Returns_Cero" storage="d:\sferrari\01_trabajo\repos\netcore\libs\template-netcore-shared\kitpymes.core.shared.tests\bin\release\net7.0\kitpymes.core.shared.tests.dll" id="b9400b57-7090-4afc-9535-89e93cdedbdb">
      <Execution id="aa8c157d-4707-4831-8159-22786fde0cac" />
      <TestMethod codeBase="D:\SFERRARI\01_TRABAJO\repos\netcore\libs\template-netcore-shared\Kitpymes.Core.Shared.Tests\bin\Release\net7.0\Kitpymes.Core.Shared.Tests.dll" adapterTypeName="executor://mstestadapter/v2" className="Kitpymes.Core.Shared.Tests.GenericExtensionsTests" name="ToDefaultValue_Passing_ulong_Returns_Cero" />
    </UnitTest>
    <UnitTest name="ToRemove_Passing_ValidValue_Returns_ValueWithoutRemovedChars (aeiou,e,aiou)" storage="d:\sferrari\01_trabajo\repos\netcore\libs\template-netcore-shared\kitpymes.core.shared.tests\bin\release\net7.0\kitpymes.core.shared.tests.dll" id="45d8c4d5-a225-4c9a-b1e3-965d5f9c9f07">
      <Execution id="e8fa5641-95c9-4ac2-880a-fb4ead072ce4" />
      <TestMethod codeBase="D:\SFERRARI\01_TRABAJO\repos\netcore\libs\template-netcore-shared\Kitpymes.Core.Shared.Tests\bin\Release\net7.0\Kitpymes.Core.Shared.Tests.dll" adapterTypeName="executor://mstestadapter/v2" className="Kitpymes.Core.Shared.Tests.StringExtensionsTests" name="ToRemove_Passing_ValidValue_Returns_ValueWithoutRemovedChars" />
    </UnitTest>
    <UnitTest name="ToUri_Passing_InvalidValueString_Returns_Null (http://..)" storage="d:\sferrari\01_trabajo\repos\netcore\libs\template-netcore-shared\kitpymes.core.shared.tests\bin\release\net7.0\kitpymes.core.shared.tests.dll" id="08440528-6103-4d95-8218-29f6befee526">
      <Execution id="bcddd7d7-d0c9-4140-b3f4-402b4ebc8526" />
      <TestMethod codeBase="D:\SFERRARI\01_TRABAJO\repos\netcore\libs\template-netcore-shared\Kitpymes.Core.Shared.Tests\bin\Release\net7.0\Kitpymes.Core.Shared.Tests.dll" adapterTypeName="executor://mstestadapter/v2" className="Kitpymes.Core.Shared.Tests.StringExtensionsTests" name="ToUri_Passing_InvalidValueString_Returns_Null" />
    </UnitTest>
    <UnitTest name="ToGetAll_Passing_Claims_Returns_Claim_Value_Object_List" storage="d:\sferrari\01_trabajo\repos\netcore\libs\template-netcore-shared\kitpymes.core.shared.tests\bin\release\net7.0\kitpymes.core.shared.tests.dll" id="59cb8f09-b1ff-43bf-a381-4595e6d4a4d9">
      <Execution id="dc093578-3841-4eae-99ba-6accc3e9d474" />
      <TestMethod codeBase="D:\SFERRARI\01_TRABAJO\repos\netcore\libs\template-netcore-shared\Kitpymes.Core.Shared.Tests\bin\Release\net7.0\Kitpymes.Core.Shared.Tests.dll" adapterTypeName="executor://mstestadapter/v2" className="Kitpymes.Core.Shared.Tests.ClaimsPrincipalExtensionsTests" name="ToGetAll_Passing_Claims_Returns_Claim_Value_Object_List" />
    </UnitTest>
    <UnitTest name="ToInt_Passing_InvalidValueString_Returns_Null (1.333,39)" storage="d:\sferrari\01_trabajo\repos\netcore\libs\template-netcore-shared\kitpymes.core.shared.tests\bin\release\net7.0\kitpymes.core.shared.tests.dll" id="d4fca551-a29d-43ac-a2fb-3afab189c833">
      <Execution id="9adc740c-d619-4be1-8ec8-0a06f8a1765d" />
      <TestMethod codeBase="D:\SFERRARI\01_TRABAJO\repos\netcore\libs\template-netcore-shared\Kitpymes.Core.Shared.Tests\bin\Release\net7.0\Kitpymes.Core.Shared.Tests.dll" adapterTypeName="executor://mstestadapter/v2" className="Kitpymes.Core.Shared.Tests.StringExtensionsTests" name="ToInt_Passing_InvalidValueString_Returns_Null" />
    </UnitTest>
    <UnitTest name="ToStringFormat_Passing_ValidValue_Returns_ValueWithoutRemovedChars (0)" storage="d:\sferrari\01_trabajo\repos\netcore\libs\template-netcore-shared\kitpymes.core.shared.tests\bin\release\net7.0\kitpymes.core.shared.tests.dll" id="0403ce28-1a46-4fd0-918f-75755bedaf01">
      <Execution id="785b7da3-e4ed-4e01-9aac-0c468f5495a5" />
      <TestMethod codeBase="D:\SFERRARI\01_TRABAJO\repos\netcore\libs\template-netcore-shared\Kitpymes.Core.Shared.Tests\bin\Release\net7.0\Kitpymes.Core.Shared.Tests.dll" adapterTypeName="executor://mstestadapter/v2" className="Kitpymes.Core.Shared.Tests.IntegerExtensionsTests" name="ToStringFormat_Passing_ValidValue_Returns_ValueWithoutRemovedChars" />
    </UnitTest>
    <UnitTest name="ToExists_Passing_Service_Not_Found_Returns_False" storage="d:\sferrari\01_trabajo\repos\netcore\libs\template-netcore-shared\kitpymes.core.shared.tests\bin\release\net7.0\kitpymes.core.shared.tests.dll" id="44639382-7185-4d06-a065-bc4523de8e26">
      <Execution id="f5351b19-4f1f-44e9-92bc-808f87159589" />
      <TestMethod codeBase="D:\SFERRARI\01_TRABAJO\repos\netcore\libs\template-netcore-shared\Kitpymes.Core.Shared.Tests\bin\Release\net7.0\Kitpymes.Core.Shared.Tests.dll" adapterTypeName="executor://mstestadapter/v2" className="Kitpymes.Core.Shared.Tests.ApplicationBuilderExtensionsTests" name="ToExists_Passing_Service_Not_Found_Returns_False" />
    </UnitTest>
    <UnitTest name="ToInt_Passing_InvalidValueString_Returns_DefaultValue (1.333,39)" storage="d:\sferrari\01_trabajo\repos\netcore\libs\template-netcore-shared\kitpymes.core.shared.tests\bin\release\net7.0\kitpymes.core.shared.tests.dll" id="87c477ea-fa6c-4ce1-9c2b-268391dc5222">
      <Execution id="cf62807b-c96e-4587-bbd0-8e38562af8a8" />
      <TestMethod codeBase="D:\SFERRARI\01_TRABAJO\repos\netcore\libs\template-netcore-shared\Kitpymes.Core.Shared.Tests\bin\Release\net7.0\Kitpymes.Core.Shared.Tests.dll" adapterTypeName="executor://mstestadapter/v2" className="Kitpymes.Core.Shared.Tests.StringExtensionsTests" name="ToInt_Passing_InvalidValueString_Returns_DefaultValue" />
    </UnitTest>
    <UnitTest name="ToEnum_Passing_ValidValueInt_Returns_EnumValue" storage="d:\sferrari\01_trabajo\repos\netcore\libs\template-netcore-shared\kitpymes.core.shared.tests\bin\release\net7.0\kitpymes.core.shared.tests.dll" id="e2fa6ba7-0e69-4a6b-acbc-ad9e3b87de5e">
      <Execution id="23f5ac08-8f4c-4af7-98e8-5e077532239d" />
      <TestMethod codeBase="D:\SFERRARI\01_TRABAJO\repos\netcore\libs\template-netcore-shared\Kitpymes.Core.Shared.Tests\bin\Release\net7.0\Kitpymes.Core.Shared.Tests.dll" adapterTypeName="executor://mstestadapter/v2" className="Kitpymes.Core.Shared.Tests.StringExtensionsTests" name="ToEnum_Passing_ValidValueInt_Returns_EnumValue" />
    </UnitTest>
    <UnitTest name="ThrowIfNullOrEmpty_Passing_InvalidValue_Returns_ApplicationExceptionWithMessage" storage="d:\sferrari\01_trabajo\repos\netcore\libs\template-netcore-shared\kitpymes.core.shared.tests\bin\release\net7.0\kitpymes.core.shared.tests.dll" id="72e24317-fc73-48f3-b084-ce58b004f1bd">
      <Execution id="610b1d27-3418-403f-9937-e0da7615efc9" />
      <TestMethod codeBase="D:\SFERRARI\01_TRABAJO\repos\netcore\libs\template-netcore-shared\Kitpymes.Core.Shared.Tests\bin\Release\net7.0\Kitpymes.Core.Shared.Tests.dll" adapterTypeName="executor://mstestadapter/v2" className="Kitpymes.Core.Shared.Tests.VerifyExtensionsTests" name="ThrowIfNullOrEmpty_Passing_InvalidValue_Returns_ApplicationExceptionWithMessage" />
    </UnitTest>
    <UnitTest name="ToYesterday_Passing_DateTime_Returns_Yesterday_DateTime" storage="d:\sferrari\01_trabajo\repos\netcore\libs\template-netcore-shared\kitpymes.core.shared.tests\bin\release\net7.0\kitpymes.core.shared.tests.dll" id="dfcaa9f6-5ab8-4980-a98e-48fb1a20ce68">
      <Execution id="b551fc44-d782-4c4c-bc9a-4a2176668982" />
      <TestMethod codeBase="D:\SFERRARI\01_TRABAJO\repos\netcore\libs\template-netcore-shared\Kitpymes.Core.Shared.Tests\bin\Release\net7.0\Kitpymes.Core.Shared.Tests.dll" adapterTypeName="executor://mstestadapter/v2" className="Kitpymes.Core.Shared.Tests.DateTimeExtensionsTests" name="ToYesterday_Passing_DateTime_Returns_Yesterday_DateTime" />
    </UnitTest>
    <UnitTest name="ToDeserialize_Passing_String_Returns_Object" storage="d:\sferrari\01_trabajo\repos\netcore\libs\template-netcore-shared\kitpymes.core.shared.tests\bin\release\net7.0\kitpymes.core.shared.tests.dll" id="bd7e0f1b-4519-40f4-82cd-964ac75ddd05">
      <Execution id="a4e78009-0a51-4d4b-9d70-dfdea8fd3e46" />
      <TestMethod codeBase="D:\SFERRARI\01_TRABAJO\repos\netcore\libs\template-netcore-shared\Kitpymes.Core.Shared.Tests\bin\Release\net7.0\Kitpymes.Core.Shared.Tests.dll" adapterTypeName="executor://mstestadapter/v2" className="Kitpymes.Core.Shared.Tests.JsonExtensionsTests" name="ToDeserialize_Passing_String_Returns_Object" />
    </UnitTest>
    <UnitTest name="ToRemove_Passing_ValidValue_Returns_ValueWithoutRemovedChars ( * , ,*)" storage="d:\sferrari\01_trabajo\repos\netcore\libs\template-netcore-shared\kitpymes.core.shared.tests\bin\release\net7.0\kitpymes.core.shared.tests.dll" id="fa146035-f4c4-4afc-8b2b-437d56e1096a">
      <Execution id="c69a1c8c-ca7d-47a5-8b35-9b2c4f120d07" />
      <TestMethod codeBase="D:\SFERRARI\01_TRABAJO\repos\netcore\libs\template-netcore-shared\Kitpymes.Core.Shared.Tests\bin\Release\net7.0\Kitpymes.Core.Shared.Tests.dll" adapterTypeName="executor://mstestadapter/v2" className="Kitpymes.Core.Shared.Tests.StringExtensionsTests" name="ToRemove_Passing_ValidValue_Returns_ValueWithoutRemovedChars" />
    </UnitTest>
    <UnitTest name="ToUri_Passing_ValidValueString_Returns_Uri (https://www.example.com/foo/?bar=baz&amp;inga=42&amp;quux)" storage="d:\sferrari\01_trabajo\repos\netcore\libs\template-netcore-shared\kitpymes.core.shared.tests\bin\release\net7.0\kitpymes.core.shared.tests.dll" id="73a8abf8-d42d-43af-8584-b6637a2fb9cd">
      <Execution id="ce4e2f3f-c3d2-4994-a940-3bf18a016907" />
      <TestMethod codeBase="D:\SFERRARI\01_TRABAJO\repos\netcore\libs\template-netcore-shared\Kitpymes.Core.Shared.Tests\bin\Release\net7.0\Kitpymes.Core.Shared.Tests.dll" adapterTypeName="executor://mstestadapter/v2" className="Kitpymes.Core.Shared.Tests.StringExtensionsTests" name="ToUri_Passing_ValidValueString_Returns_Uri" />
    </UnitTest>
    <UnitTest name="ToSubdomain_Passing_HttpRequest_Host_Returns_Subdomain" storage="d:\sferrari\01_trabajo\repos\netcore\libs\template-netcore-shared\kitpymes.core.shared.tests\bin\release\net7.0\kitpymes.core.shared.tests.dll" id="faca324a-ac50-4c11-9efc-11210dae4b8f">
      <Execution id="a333e3d5-486b-4b7f-9894-22cc26aacf0f" />
      <TestMethod codeBase="D:\SFERRARI\01_TRABAJO\repos\netcore\libs\template-netcore-shared\Kitpymes.Core.Shared.Tests\bin\Release\net7.0\Kitpymes.Core.Shared.Tests.dll" adapterTypeName="executor://mstestadapter/v2" className="Kitpymes.Core.Shared.Tests.HttpRequestExtensionsTests" name="ToSubdomain_Passing_HttpRequest_Host_Returns_Subdomain" />
    </UnitTest>
    <UnitTest name="ToDisplay_Passing_Enumeration_Name_Returns_Display_Atributte" storage="d:\sferrari\01_trabajo\repos\netcore\libs\template-netcore-shared\kitpymes.core.shared.tests\bin\release\net7.0\kitpymes.core.shared.tests.dll" id="4e8ba58b-d7d6-4c79-9791-4a60c31e7294">
      <Execution id="f58eda22-5923-4f00-a311-e944255b406a" />
      <TestMethod codeBase="D:\SFERRARI\01_TRABAJO\repos\netcore\libs\template-netcore-shared\Kitpymes.Core.Shared.Tests\bin\Release\net7.0\Kitpymes.Core.Shared.Tests.dll" adapterTypeName="executor://mstestadapter/v2" className="Kitpymes.Core.Shared.Tests.EnumExtensionsTests" name="ToDisplay_Passing_Enumeration_Name_Returns_Display_Atributte" />
    </UnitTest>
    <UnitTest name="ToDictionaryPropertyInfo_Passing_Object_Not_IncludeNullOrEmptyProperty_Returns_Properties_NameAndValue_Dictionary" storage="d:\sferrari\01_trabajo\repos\netcore\libs\template-netcore-shared\kitpymes.core.shared.tests\bin\release\net7.0\kitpymes.core.shared.tests.dll" id="f86fb550-54fb-45cc-a5c4-8aa925b710d9">
      <Execution id="93838221-9957-4292-96dd-01ad84363f81" />
      <TestMethod codeBase="D:\SFERRARI\01_TRABAJO\repos\netcore\libs\template-netcore-shared\Kitpymes.Core.Shared.Tests\bin\Release\net7.0\Kitpymes.Core.Shared.Tests.dll" adapterTypeName="executor://mstestadapter/v2" className="Kitpymes.Core.Shared.Tests.GenericExtensionsTests" name="ToDictionaryPropertyInfo_Passing_Object_Not_IncludeNullOrEmptyProperty_Returns_Properties_NameAndValue_Dictionary" />
    </UnitTest>
    <UnitTest name="ThrowIfNotEmail_Passing_InvalidValue_Returns_ApplicationExceptionWithMessage ()" storage="d:\sferrari\01_trabajo\repos\netcore\libs\template-netcore-shared\kitpymes.core.shared.tests\bin\release\net7.0\kitpymes.core.shared.tests.dll" id="c82eb624-ad84-456a-a9e4-0ffef1601326">
      <Execution id="ff0a12fc-3c46-4201-a17d-5afa1f291bd2" />
      <TestMethod codeBase="D:\SFERRARI\01_TRABAJO\repos\netcore\libs\template-netcore-shared\Kitpymes.Core.Shared.Tests\bin\Release\net7.0\Kitpymes.Core.Shared.Tests.dll" adapterTypeName="executor://mstestadapter/v2" className="Kitpymes.Core.Shared.Tests.VerifyExtensionsTests" name="ThrowIfNotEmail_Passing_InvalidValue_Returns_ApplicationExceptionWithMessage" />
    </UnitTest>
    <UnitTest name="ToReplace_Passing_ValidValue_Returns_ReplacedValue (aeiou,*,2,2,ae**u)" storage="d:\sferrari\01_trabajo\repos\netcore\libs\template-netcore-shared\kitpymes.core.shared.tests\bin\release\net7.0\kitpymes.core.shared.tests.dll" id="da634df3-7de4-4e97-8889-41edd4084d19">
      <Execution id="e6de8fc1-5abf-4156-bdbd-c980c122f752" />
      <TestMethod codeBase="D:\SFERRARI\01_TRABAJO\repos\netcore\libs\template-netcore-shared\Kitpymes.Core.Shared.Tests\bin\Release\net7.0\Kitpymes.Core.Shared.Tests.dll" adapterTypeName="executor://mstestadapter/v2" className="Kitpymes.Core.Shared.Tests.StringExtensionsTests" name="ToReplace_Passing_ValidValue_Returns_ReplacedValue" />
    </UnitTest>
    <UnitTest name="ToContentType_Passing_ValidValueString_Returns_ContentType (xxxx.html,text/html)" storage="d:\sferrari\01_trabajo\repos\netcore\libs\template-netcore-shared\kitpymes.core.shared.tests\bin\release\net7.0\kitpymes.core.shared.tests.dll" id="7cb7693a-a943-4a8d-a004-193338aa7018">
      <Execution id="543019e5-1ca3-404e-a58f-bcd7b3cf0652" />
      <TestMethod codeBase="D:\SFERRARI\01_TRABAJO\repos\netcore\libs\template-netcore-shared\Kitpymes.Core.Shared.Tests\bin\Release\net7.0\Kitpymes.Core.Shared.Tests.dll" adapterTypeName="executor://mstestadapter/v2" className="Kitpymes.Core.Shared.Tests.StringExtensionsTests" name="ToContentType_Passing_ValidValueString_Returns_ContentType" />
    </UnitTest>
    <UnitTest name="ToRandom_Passing_Invalid_Empty_Value_Returns_Null" storage="d:\sferrari\01_trabajo\repos\netcore\libs\template-netcore-shared\kitpymes.core.shared.tests\bin\release\net7.0\kitpymes.core.shared.tests.dll" id="687a278a-7ff2-4237-aec4-805448223c3a">
      <Execution id="4866560a-fc79-44c1-9fa6-c2d05c1fc554" />
      <TestMethod codeBase="D:\SFERRARI\01_TRABAJO\repos\netcore\libs\template-netcore-shared\Kitpymes.Core.Shared.Tests\bin\Release\net7.0\Kitpymes.Core.Shared.Tests.dll" adapterTypeName="executor://mstestadapter/v2" className="Kitpymes.Core.Shared.Tests.StringExtensionsTests" name="ToRandom_Passing_Invalid_Empty_Value_Returns_Null" />
    </UnitTest>
    <UnitTest name="ToEnum_Passing_InvalidValueString_Returns_EnumCustomValue" storage="d:\sferrari\01_trabajo\repos\netcore\libs\template-netcore-shared\kitpymes.core.shared.tests\bin\release\net7.0\kitpymes.core.shared.tests.dll" id="479b1bc0-1fff-49ac-a820-2171d2b438ae">
      <Execution id="a0611818-700c-4e4e-bb3c-b4b2858baf8c" />
      <TestMethod codeBase="D:\SFERRARI\01_TRABAJO\repos\netcore\libs\template-netcore-shared\Kitpymes.Core.Shared.Tests\bin\Release\net7.0\Kitpymes.Core.Shared.Tests.dll" adapterTypeName="executor://mstestadapter/v2" className="Kitpymes.Core.Shared.Tests.StringExtensionsTests" name="ToEnum_Passing_InvalidValueString_Returns_EnumCustomValue" />
    </UnitTest>
    <UnitTest name="ToNormalize_Passing_ValidValue_Returns_NormalizedValue (àáäâãøçħ,aaaaaoch)" storage="d:\sferrari\01_trabajo\repos\netcore\libs\template-netcore-shared\kitpymes.core.shared.tests\bin\release\net7.0\kitpymes.core.shared.tests.dll" id="bd330577-4bba-45c8-afb5-551f629b0ad0">
      <Execution id="15f19103-e2da-488b-8d2c-b04c0037e7da" />
      <TestMethod codeBase="D:\SFERRARI\01_TRABAJO\repos\netcore\libs\template-netcore-shared\Kitpymes.Core.Shared.Tests\bin\Release\net7.0\Kitpymes.Core.Shared.Tests.dll" adapterTypeName="executor://mstestadapter/v2" className="Kitpymes.Core.Shared.Tests.StringExtensionsTests" name="ToNormalize_Passing_ValidValue_Returns_NormalizedValue" />
    </UnitTest>
    <UnitTest name="ToService_Passing_Service_Not_Found_Returns_Null" storage="d:\sferrari\01_trabajo\repos\netcore\libs\template-netcore-shared\kitpymes.core.shared.tests\bin\release\net7.0\kitpymes.core.shared.tests.dll" id="33c671d0-9150-4f46-ba18-65b7fc27c1de">
      <Execution id="360fb523-8cec-4142-bfbe-50aacfdbdac9" />
      <TestMethod codeBase="D:\SFERRARI\01_TRABAJO\repos\netcore\libs\template-netcore-shared\Kitpymes.Core.Shared.Tests\bin\Release\net7.0\Kitpymes.Core.Shared.Tests.dll" adapterTypeName="executor://mstestadapter/v2" className="Kitpymes.Core.Shared.Tests.ApplicationBuilderExtensionsTests" name="ToService_Passing_Service_Not_Found_Returns_Null" />
    </UnitTest>
    <UnitTest name="ToUri_Passing_InvalidValueString_Returns_Null (http://??/)" storage="d:\sferrari\01_trabajo\repos\netcore\libs\template-netcore-shared\kitpymes.core.shared.tests\bin\release\net7.0\kitpymes.core.shared.tests.dll" id="944530c0-1344-4f0b-a7c4-83395fbb4c04">
      <Execution id="7090adf9-1d9b-4533-a112-5c1d2d1b0224" />
      <TestMethod codeBase="D:\SFERRARI\01_TRABAJO\repos\netcore\libs\template-netcore-shared\Kitpymes.Core.Shared.Tests\bin\Release\net7.0\Kitpymes.Core.Shared.Tests.dll" adapterTypeName="executor://mstestadapter/v2" className="Kitpymes.Core.Shared.Tests.StringExtensionsTests" name="ToUri_Passing_InvalidValueString_Returns_Null" />
    </UnitTest>
    <UnitTest name="ToNormalize_Passing_ValidValue_Returns_NormalizedValue (The End,The End)" storage="d:\sferrari\01_trabajo\repos\netcore\libs\template-netcore-shared\kitpymes.core.shared.tests\bin\release\net7.0\kitpymes.core.shared.tests.dll" id="118ffa40-bcb0-4d6e-bcb2-49420c4681c2">
      <Execution id="c83f9511-7df5-4508-83c3-78765020ffa3" />
      <TestMethod codeBase="D:\SFERRARI\01_TRABAJO\repos\netcore\libs\template-netcore-shared\Kitpymes.Core.Shared.Tests\bin\Release\net7.0\Kitpymes.Core.Shared.Tests.dll" adapterTypeName="executor://mstestadapter/v2" className="Kitpymes.Core.Shared.Tests.StringExtensionsTests" name="ToNormalize_Passing_ValidValue_Returns_NormalizedValue" />
    </UnitTest>
    <UnitTest name="ResultDataInternalServerError" storage="d:\sferrari\01_trabajo\repos\netcore\libs\template-netcore-shared\kitpymes.core.shared.tests\bin\release\net7.0\kitpymes.core.shared.tests.dll" id="dea39de7-00d2-429a-a2a3-6ff733ad259c">
      <Execution id="c68f172a-89b8-4f63-8543-2ae75d4e700a" />
      <TestMethod codeBase="D:\SFERRARI\01_TRABAJO\repos\netcore\libs\template-netcore-shared\Kitpymes.Core.Shared.Tests\bin\Release\net7.0\Kitpymes.Core.Shared.Tests.dll" adapterTypeName="executor://mstestadapter/v2" className="Kitpymes.Core.Shared.Tests.ResultTest" name="ResultDataInternalServerError" />
    </UnitTest>
    <UnitTest name="AddOrUpdate_Passing_Valid_Collection_Returns_Collection" storage="d:\sferrari\01_trabajo\repos\netcore\libs\template-netcore-shared\kitpymes.core.shared.tests\bin\release\net7.0\kitpymes.core.shared.tests.dll" id="9a1e3129-2b7f-4e7b-89e9-86ae4bab61ec">
      <Execution id="b8f40be6-1fd9-4586-abaf-37d3a5fbc87e" />
      <TestMethod codeBase="D:\SFERRARI\01_TRABAJO\repos\netcore\libs\template-netcore-shared\Kitpymes.Core.Shared.Tests\bin\Release\net7.0\Kitpymes.Core.Shared.Tests.dll" adapterTypeName="executor://mstestadapter/v2" className="Kitpymes.Core.Shared.Tests.DictionaryExtensionsTests" name="AddOrUpdate_Passing_Valid_Collection_Returns_Collection" />
    </UnitTest>
    <UnitTest name="ToService_Passing_Service_Not_Found_Returns_ApplicationException" storage="d:\sferrari\01_trabajo\repos\netcore\libs\template-netcore-shared\kitpymes.core.shared.tests\bin\release\net7.0\kitpymes.core.shared.tests.dll" id="a96f1d60-f6d5-40f4-9c0b-26a5018f47d3">
      <Execution id="b0f93c3c-245c-4f5c-9ceb-b2f117b71101" />
      <TestMethod codeBase="D:\SFERRARI\01_TRABAJO\repos\netcore\libs\template-netcore-shared\Kitpymes.Core.Shared.Tests\bin\Release\net7.0\Kitpymes.Core.Shared.Tests.dll" adapterTypeName="executor://mstestadapter/v2" className="Kitpymes.Core.Shared.Tests.ApplicationBuilderExtensionsTests" name="ToService_Passing_Service_Not_Found_Returns_ApplicationException" />
    </UnitTest>
    <UnitTest name="ToEmailMaskUserNameAndDomainAndExtension_Passing_ValidEmail_Returns_EmailWithMask (qaz@gmailgmail.com,q*z@g********l.c*m)" storage="d:\sferrari\01_trabajo\repos\netcore\libs\template-netcore-shared\kitpymes.core.shared.tests\bin\release\net7.0\kitpymes.core.shared.tests.dll" id="1ddae820-193e-421d-a6f4-d4465783c9c1">
      <Execution id="eb9e407d-8a8f-4471-9218-67eb28839afd" />
      <TestMethod codeBase="D:\SFERRARI\01_TRABAJO\repos\netcore\libs\template-netcore-shared\Kitpymes.Core.Shared.Tests\bin\Release\net7.0\Kitpymes.Core.Shared.Tests.dll" adapterTypeName="executor://mstestadapter/v2" className="Kitpymes.Core.Shared.Tests.StringExtensionsTests" name="ToEmailMaskUserNameAndDomainAndExtension_Passing_ValidEmail_Returns_EmailWithMask" />
    </UnitTest>
    <UnitTest name="ToHashAlgorithmName_Passing_InvalidValueStringWithDefaultValue_Returns_DefaultValue (hhhhhh)" storage="d:\sferrari\01_trabajo\repos\netcore\libs\template-netcore-shared\kitpymes.core.shared.tests\bin\release\net7.0\kitpymes.core.shared.tests.dll" id="39d4a4a5-2537-4c26-a7c6-d92a159d6769">
      <Execution id="fa29509e-f822-4935-9a50-04fb45c70327" />
      <TestMethod codeBase="D:\SFERRARI\01_TRABAJO\repos\netcore\libs\template-netcore-shared\Kitpymes.Core.Shared.Tests\bin\Release\net7.0\Kitpymes.Core.Shared.Tests.dll" adapterTypeName="executor://mstestadapter/v2" className="Kitpymes.Core.Shared.Tests.StringExtensionsTests" name="ToHashAlgorithmName_Passing_InvalidValueStringWithDefaultValue_Returns_DefaultValue" />
    </UnitTest>
    <UnitTest name="ToFirstLetterUpper_Passing_ValidValue_Returns_StringWithFirstLetterUpper (AEIOU,AEIOU)" storage="d:\sferrari\01_trabajo\repos\netcore\libs\template-netcore-shared\kitpymes.core.shared.tests\bin\release\net7.0\kitpymes.core.shared.tests.dll" id="eb8e2d5a-315f-4047-9c62-35fb0bb1dd9c">
      <Execution id="eaf96f03-6cd7-4d5b-8f91-9cc592e11810" />
      <TestMethod codeBase="D:\SFERRARI\01_TRABAJO\repos\netcore\libs\template-netcore-shared\Kitpymes.Core.Shared.Tests\bin\Release\net7.0\Kitpymes.Core.Shared.Tests.dll" adapterTypeName="executor://mstestadapter/v2" className="Kitpymes.Core.Shared.Tests.StringExtensionsTests" name="ToFirstLetterUpper_Passing_ValidValue_Returns_StringWithFirstLetterUpper" />
    </UnitTest>
    <UnitTest name="ResultOK" storage="d:\sferrari\01_trabajo\repos\netcore\libs\template-netcore-shared\kitpymes.core.shared.tests\bin\release\net7.0\kitpymes.core.shared.tests.dll" id="fbbe4942-f988-48cb-9f88-c84b6c177f3f">
      <Execution id="ac06136a-b819-431b-99f1-6977521dc1a9" />
      <TestMethod codeBase="D:\SFERRARI\01_TRABAJO\repos\netcore\libs\template-netcore-shared\Kitpymes.Core.Shared.Tests\bin\Release\net7.0\Kitpymes.Core.Shared.Tests.dll" adapterTypeName="executor://mstestadapter/v2" className="Kitpymes.Core.Shared.Tests.ResultTest" name="ResultOK" />
    </UnitTest>
    <UnitTest name="ToUri_Passing_ValidValueString_Returns_Uri (http://userid:password@example.com/)" storage="d:\sferrari\01_trabajo\repos\netcore\libs\template-netcore-shared\kitpymes.core.shared.tests\bin\release\net7.0\kitpymes.core.shared.tests.dll" id="d7efbd57-a48c-4eb6-a59a-8f91599b0b34">
      <Execution id="ab4ffaea-0314-47c2-83c5-424c513a881e" />
      <TestMethod codeBase="D:\SFERRARI\01_TRABAJO\repos\netcore\libs\template-netcore-shared\Kitpymes.Core.Shared.Tests\bin\Release\net7.0\Kitpymes.Core.Shared.Tests.dll" adapterTypeName="executor://mstestadapter/v2" className="Kitpymes.Core.Shared.Tests.StringExtensionsTests" name="ToUri_Passing_ValidValueString_Returns_Uri" />
    </UnitTest>
    <UnitTest name="ToService_Passing_NotFound_Service_Returns_Null" storage="d:\sferrari\01_trabajo\repos\netcore\libs\template-netcore-shared\kitpymes.core.shared.tests\bin\release\net7.0\kitpymes.core.shared.tests.dll" id="d3bc3c44-5151-4ffd-a5c8-a7df757e381a">
      <Execution id="ccc940f6-1c3b-499d-9d9f-adb8f6df42e3" />
      <TestMethod codeBase="D:\SFERRARI\01_TRABAJO\repos\netcore\libs\template-netcore-shared\Kitpymes.Core.Shared.Tests\bin\Release\net7.0\Kitpymes.Core.Shared.Tests.dll" adapterTypeName="executor://mstestadapter/v2" className="Kitpymes.Core.Shared.Tests.ConfigurationBuilderExtensionsTests" name="ToService_Passing_NotFound_Service_Returns_Null" />
    </UnitTest>
    <UnitTest name="ToEmailMask_Passing_ValidEmail_Returns_EmailWithMask (qaz@gmailgmail.com,q-z@g---------.com)" storage="d:\sferrari\01_trabajo\repos\netcore\libs\template-netcore-shared\kitpymes.core.shared.tests\bin\release\net7.0\kitpymes.core.shared.tests.dll" id="a5f2cc63-d295-4db8-946f-afd59c22814e">
      <Execution id="be497203-7f22-4b9a-8261-a89e2e05dacc" />
      <TestMethod codeBase="D:\SFERRARI\01_TRABAJO\repos\netcore\libs\template-netcore-shared\Kitpymes.Core.Shared.Tests\bin\Release\net7.0\Kitpymes.Core.Shared.Tests.dll" adapterTypeName="executor://mstestadapter/v2" className="Kitpymes.Core.Shared.Tests.StringExtensionsTests" name="ToEmailMask_Passing_ValidEmail_Returns_EmailWithMask" />
    </UnitTest>
    <UnitTest name="ToUri_Passing_InvalidValueString_Returns_DefaultValue (http://#)" storage="d:\sferrari\01_trabajo\repos\netcore\libs\template-netcore-shared\kitpymes.core.shared.tests\bin\release\net7.0\kitpymes.core.shared.tests.dll" id="bd7ee19a-a614-404d-906f-0a37ebb92e31">
      <Execution id="ae0e4f69-ac7a-42be-8d8b-6f1404013dc9" />
      <TestMethod codeBase="D:\SFERRARI\01_TRABAJO\repos\netcore\libs\template-netcore-shared\Kitpymes.Core.Shared.Tests\bin\Release\net7.0\Kitpymes.Core.Shared.Tests.dll" adapterTypeName="executor://mstestadapter/v2" className="Kitpymes.Core.Shared.Tests.StringExtensionsTests" name="ToUri_Passing_InvalidValueString_Returns_DefaultValue" />
    </UnitTest>
    <UnitTest name="ToContentType_Passing_ValidValueString_Returns_ContentType (xxxx.gif,image/gif)" storage="d:\sferrari\01_trabajo\repos\netcore\libs\template-netcore-shared\kitpymes.core.shared.tests\bin\release\net7.0\kitpymes.core.shared.tests.dll" id="12a1e853-d23a-49ac-ae58-07a3d1eea125">
      <Execution id="b430871a-845e-49f6-9635-4b35813634ed" />
      <TestMethod codeBase="D:\SFERRARI\01_TRABAJO\repos\netcore\libs\template-netcore-shared\Kitpymes.Core.Shared.Tests\bin\Release\net7.0\Kitpymes.Core.Shared.Tests.dll" adapterTypeName="executor://mstestadapter/v2" className="Kitpymes.Core.Shared.Tests.StringExtensionsTests" name="ToContentType_Passing_ValidValueString_Returns_ContentType" />
    </UnitTest>
    <UnitTest name="ToEmailMaskUserName_Passing_ValidEmail_Returns_EmailWithMask (qaz@gmail.com,q*z@gmail.com)" storage="d:\sferrari\01_trabajo\repos\netcore\libs\template-netcore-shared\kitpymes.core.shared.tests\bin\release\net7.0\kitpymes.core.shared.tests.dll" id="2233c7bc-b714-4e0f-9bd4-690b8ba934f4">
      <Execution id="f595e6a5-f7cc-407f-992a-a413a12d5620" />
      <TestMethod codeBase="D:\SFERRARI\01_TRABAJO\repos\netcore\libs\template-netcore-shared\Kitpymes.Core.Shared.Tests\bin\Release\net7.0\Kitpymes.Core.Shared.Tests.dll" adapterTypeName="executor://mstestadapter/v2" className="Kitpymes.Core.Shared.Tests.StringExtensionsTests" name="ToEmailMaskUserName_Passing_ValidEmail_Returns_EmailWithMask" />
    </UnitTest>
    <UnitTest name="ToUri_Passing_ValidValueString_Returns_Uri (http://142.42.1.1/)" storage="d:\sferrari\01_trabajo\repos\netcore\libs\template-netcore-shared\kitpymes.core.shared.tests\bin\release\net7.0\kitpymes.core.shared.tests.dll" id="83311bc6-aefb-428b-ac32-9320f09f8d1b">
      <Execution id="d21639e5-978f-4997-a2c6-cc5e14aca370" />
      <TestMethod codeBase="D:\SFERRARI\01_TRABAJO\repos\netcore\libs\template-netcore-shared\Kitpymes.Core.Shared.Tests\bin\Release\net7.0\Kitpymes.Core.Shared.Tests.dll" adapterTypeName="executor://mstestadapter/v2" className="Kitpymes.Core.Shared.Tests.StringExtensionsTests" name="ToUri_Passing_ValidValueString_Returns_Uri" />
    </UnitTest>
    <UnitTest name="ToUri_Passing_ValidValueString_Returns_Uri (https://foo.com/blah_blah?p=5)" storage="d:\sferrari\01_trabajo\repos\netcore\libs\template-netcore-shared\kitpymes.core.shared.tests\bin\release\net7.0\kitpymes.core.shared.tests.dll" id="7d286f6c-1d54-4f82-95e7-0c80007f5a37">
      <Execution id="e0255358-7abc-421c-b881-ebaf8ef5a3d4" />
      <TestMethod codeBase="D:\SFERRARI\01_TRABAJO\repos\netcore\libs\template-netcore-shared\Kitpymes.Core.Shared.Tests\bin\Release\net7.0\Kitpymes.Core.Shared.Tests.dll" adapterTypeName="executor://mstestadapter/v2" className="Kitpymes.Core.Shared.Tests.StringExtensionsTests" name="ToUri_Passing_ValidValueString_Returns_Uri" />
    </UnitTest>
    <UnitTest name="ToReplace_Passing_ValidValue_Returns_ReplacedValue (aeiou,*,0,3,***ou)" storage="d:\sferrari\01_trabajo\repos\netcore\libs\template-netcore-shared\kitpymes.core.shared.tests\bin\release\net7.0\kitpymes.core.shared.tests.dll" id="93e20665-5404-4ff0-949a-dba96a764f08">
      <Execution id="5aa3c7e0-8da9-4690-b616-08fe8299a482" />
      <TestMethod codeBase="D:\SFERRARI\01_TRABAJO\repos\netcore\libs\template-netcore-shared\Kitpymes.Core.Shared.Tests\bin\Release\net7.0\Kitpymes.Core.Shared.Tests.dll" adapterTypeName="executor://mstestadapter/v2" className="Kitpymes.Core.Shared.Tests.StringExtensionsTests" name="ToReplace_Passing_ValidValue_Returns_ReplacedValue" />
    </UnitTest>
    <UnitTest name="ToUri_Passing_ValidValueString_Returns_Uri (http://userid@example.com/)" storage="d:\sferrari\01_trabajo\repos\netcore\libs\template-netcore-shared\kitpymes.core.shared.tests\bin\release\net7.0\kitpymes.core.shared.tests.dll" id="3284ea42-85c3-45ea-a1e6-be9c88e93c9a">
      <Execution id="fd2dbbe5-c48d-429d-84ac-c8cd7b8adde1" />
      <TestMethod codeBase="D:\SFERRARI\01_TRABAJO\repos\netcore\libs\template-netcore-shared\Kitpymes.Core.Shared.Tests\bin\Release\net7.0\Kitpymes.Core.Shared.Tests.dll" adapterTypeName="executor://mstestadapter/v2" className="Kitpymes.Core.Shared.Tests.StringExtensionsTests" name="ToUri_Passing_ValidValueString_Returns_Uri" />
    </UnitTest>
    <UnitTest name="ToNormalize_Passing_ValidValue_Returns_NormalizedValue (Autobús,Autobus)" storage="d:\sferrari\01_trabajo\repos\netcore\libs\template-netcore-shared\kitpymes.core.shared.tests\bin\release\net7.0\kitpymes.core.shared.tests.dll" id="560134fb-3894-494f-8a82-55314e52ccf1">
      <Execution id="e48679ba-2f80-4f10-b6c9-c389b8d55650" />
      <TestMethod codeBase="D:\SFERRARI\01_TRABAJO\repos\netcore\libs\template-netcore-shared\Kitpymes.Core.Shared.Tests\bin\Release\net7.0\Kitpymes.Core.Shared.Tests.dll" adapterTypeName="executor://mstestadapter/v2" className="Kitpymes.Core.Shared.Tests.StringExtensionsTests" name="ToNormalize_Passing_ValidValue_Returns_NormalizedValue" />
    </UnitTest>
    <UnitTest name="ToUri_Passing_ValidValueString_Returns_Uri (http://foo.com/blah_blah?p=5)" storage="d:\sferrari\01_trabajo\repos\netcore\libs\template-netcore-shared\kitpymes.core.shared.tests\bin\release\net7.0\kitpymes.core.shared.tests.dll" id="7d8d1c65-f75a-476d-9b49-28cf26c79038">
      <Execution id="89ea9778-d0a0-4f37-8955-0628b2cb6c87" />
      <TestMethod codeBase="D:\SFERRARI\01_TRABAJO\repos\netcore\libs\template-netcore-shared\Kitpymes.Core.Shared.Tests\bin\Release\net7.0\Kitpymes.Core.Shared.Tests.dll" adapterTypeName="executor://mstestadapter/v2" className="Kitpymes.Core.Shared.Tests.StringExtensionsTests" name="ToUri_Passing_ValidValueString_Returns_Uri" />
    </UnitTest>
    <UnitTest name="ToReplaceSpecialChars_Passing_ValidValue_Returns_ReplacedValueWithoutIgnoreSpecialChars ( * ¨ ^ _ : - ? ¿ ; ,          )" storage="d:\sferrari\01_trabajo\repos\netcore\libs\template-netcore-shared\kitpymes.core.shared.tests\bin\release\net7.0\kitpymes.core.shared.tests.dll" id="5f150458-dcde-461b-a044-5af36f850477">
      <Execution id="d631c94b-3df2-4c44-921d-2476c2a25271" />
      <TestMethod codeBase="D:\SFERRARI\01_TRABAJO\repos\netcore\libs\template-netcore-shared\Kitpymes.Core.Shared.Tests\bin\Release\net7.0\Kitpymes.Core.Shared.Tests.dll" adapterTypeName="executor://mstestadapter/v2" className="Kitpymes.Core.Shared.Tests.StringExtensionsTests" name="ToReplaceSpecialChars_Passing_ValidValue_Returns_ReplacedValueWithoutIgnoreSpecialChars" />
    </UnitTest>
    <UnitTest name="ToPaged_Passing_Name_Ascending_Order_Returns_Filter_List" storage="d:\sferrari\01_trabajo\repos\netcore\libs\template-netcore-shared\kitpymes.core.shared.tests\bin\release\net7.0\kitpymes.core.shared.tests.dll" id="3d1d7a12-0df8-4137-a700-498fe350c7c0">
      <Execution id="2515dbff-84c3-4753-985c-e49554833eaf" />
      <TestMethod codeBase="D:\SFERRARI\01_TRABAJO\repos\netcore\libs\template-netcore-shared\Kitpymes.Core.Shared.Tests\bin\Release\net7.0\Kitpymes.Core.Shared.Tests.dll" adapterTypeName="executor://mstestadapter/v2" className="Kitpymes.Core.Shared.Tests.QueryableExtensionsTests" name="ToPaged_Passing_Name_Ascending_Order_Returns_Filter_List" />
    </UnitTest>
    <UnitTest name="ToIsWeekend_Passing_Friday_DateTime_Returns_False" storage="d:\sferrari\01_trabajo\repos\netcore\libs\template-netcore-shared\kitpymes.core.shared.tests\bin\release\net7.0\kitpymes.core.shared.tests.dll" id="81a7ba7b-4953-4a75-b6a1-9359f7d12d6d">
      <Execution id="60bb8f43-a764-48a7-9581-b303fbcde2a4" />
      <TestMethod codeBase="D:\SFERRARI\01_TRABAJO\repos\netcore\libs\template-netcore-shared\Kitpymes.Core.Shared.Tests\bin\Release\net7.0\Kitpymes.Core.Shared.Tests.dll" adapterTypeName="executor://mstestadapter/v2" className="Kitpymes.Core.Shared.Tests.DateTimeExtensionsTests" name="ToIsWeekend_Passing_Friday_DateTime_Returns_False" />
    </UnitTest>
    <UnitTest name="ToUri_Passing_ValidValueString_Returns_Uri (http://foo.com/blah_blah_(wikipedia)_(again))" storage="d:\sferrari\01_trabajo\repos\netcore\libs\template-netcore-shared\kitpymes.core.shared.tests\bin\release\net7.0\kitpymes.core.shared.tests.dll" id="a9352aa4-87d7-42c7-bdf2-bf239d2cb7b3">
      <Execution id="3bbbf7a2-41f4-4410-8d5e-9f9fdfa7ae01" />
      <TestMethod codeBase="D:\SFERRARI\01_TRABAJO\repos\netcore\libs\template-netcore-shared\Kitpymes.Core.Shared.Tests\bin\Release\net7.0\Kitpymes.Core.Shared.Tests.dll" adapterTypeName="executor://mstestadapter/v2" className="Kitpymes.Core.Shared.Tests.StringExtensionsTests" name="ToUri_Passing_ValidValueString_Returns_Uri" />
    </UnitTest>
    <UnitTest name="ToUri_Passing_InvalidValueString_Returns_Null (http://?)" storage="d:\sferrari\01_trabajo\repos\netcore\libs\template-netcore-shared\kitpymes.core.shared.tests\bin\release\net7.0\kitpymes.core.shared.tests.dll" id="03e35874-86b4-4f45-9720-11618cd501e2">
      <Execution id="a160c324-5a1b-42bf-b18c-656e4d3fcd94" />
      <TestMethod codeBase="D:\SFERRARI\01_TRABAJO\repos\netcore\libs\template-netcore-shared\Kitpymes.Core.Shared.Tests\bin\Release\net7.0\Kitpymes.Core.Shared.Tests.dll" adapterTypeName="executor://mstestadapter/v2" className="Kitpymes.Core.Shared.Tests.StringExtensionsTests" name="ToUri_Passing_InvalidValueString_Returns_Null" />
    </UnitTest>
    <UnitTest name="ToPaged_Passing_Name_Descending_Order_Returns_Filter_List" storage="d:\sferrari\01_trabajo\repos\netcore\libs\template-netcore-shared\kitpymes.core.shared.tests\bin\release\net7.0\kitpymes.core.shared.tests.dll" id="f8b0a69b-5d97-470b-880a-fafcaa8fa569">
      <Execution id="9107036f-33dc-4990-b47b-333e31c5a151" />
      <TestMethod codeBase="D:\SFERRARI\01_TRABAJO\repos\netcore\libs\template-netcore-shared\Kitpymes.Core.Shared.Tests\bin\Release\net7.0\Kitpymes.Core.Shared.Tests.dll" adapterTypeName="executor://mstestadapter/v2" className="Kitpymes.Core.Shared.Tests.QueryableExtensionsTests" name="ToPaged_Passing_Name_Descending_Order_Returns_Filter_List" />
    </UnitTest>
    <UnitTest name="ToUri_Passing_ValidValueString_Returns_Uri (http://foo.com/blah_blah)" storage="d:\sferrari\01_trabajo\repos\netcore\libs\template-netcore-shared\kitpymes.core.shared.tests\bin\release\net7.0\kitpymes.core.shared.tests.dll" id="58456e94-80f5-4d93-89e3-e89ce0b68044">
      <Execution id="5ffaac2b-dcae-4770-8f87-9cc081e931bb" />
      <TestMethod codeBase="D:\SFERRARI\01_TRABAJO\repos\netcore\libs\template-netcore-shared\Kitpymes.Core.Shared.Tests\bin\Release\net7.0\Kitpymes.Core.Shared.Tests.dll" adapterTypeName="executor://mstestadapter/v2" className="Kitpymes.Core.Shared.Tests.StringExtensionsTests" name="ToUri_Passing_ValidValueString_Returns_Uri" />
    </UnitTest>
    <UnitTest name="ToReplaceSpecialChars_Passing_ValidValue_Returns_ReplacedValueWithoutIgnoreSpecialChars (àáäâãøçħ,aaaaaoch)" storage="d:\sferrari\01_trabajo\repos\netcore\libs\template-netcore-shared\kitpymes.core.shared.tests\bin\release\net7.0\kitpymes.core.shared.tests.dll" id="3433bf28-ca61-44f0-b3a5-f26f1d87a107">
      <Execution id="a4690677-6b1d-4f3d-aae1-53c3d258b58f" />
      <TestMethod codeBase="D:\SFERRARI\01_TRABAJO\repos\netcore\libs\template-netcore-shared\Kitpymes.Core.Shared.Tests\bin\Release\net7.0\Kitpymes.Core.Shared.Tests.dll" adapterTypeName="executor://mstestadapter/v2" className="Kitpymes.Core.Shared.Tests.StringExtensionsTests" name="ToReplaceSpecialChars_Passing_ValidValue_Returns_ReplacedValueWithoutIgnoreSpecialChars" />
    </UnitTest>
    <UnitTest name="ToReplace_Passing_ValidValue_Returns_ReplacedValue (aeiou,*,0,4,****u)" storage="d:\sferrari\01_trabajo\repos\netcore\libs\template-netcore-shared\kitpymes.core.shared.tests\bin\release\net7.0\kitpymes.core.shared.tests.dll" id="9b19ae61-3e96-466d-aa7b-df86c6e829db">
      <Execution id="a10b6cf8-ae60-4f14-a408-db28e27122af" />
      <TestMethod codeBase="D:\SFERRARI\01_TRABAJO\repos\netcore\libs\template-netcore-shared\Kitpymes.Core.Shared.Tests\bin\Release\net7.0\Kitpymes.Core.Shared.Tests.dll" adapterTypeName="executor://mstestadapter/v2" className="Kitpymes.Core.Shared.Tests.StringExtensionsTests" name="ToReplace_Passing_ValidValue_Returns_ReplacedValue" />
    </UnitTest>
    <UnitTest name="ToNormalize_Passing_ValidValue_Returns_NormalizedValue (*¨^_:-?¿;,)" storage="d:\sferrari\01_trabajo\repos\netcore\libs\template-netcore-shared\kitpymes.core.shared.tests\bin\release\net7.0\kitpymes.core.shared.tests.dll" id="ec44044b-a29b-4b26-bc49-c7ebf810bce1">
      <Execution id="3e84715f-b5ca-4bdf-a5df-da03b67e8527" />
      <TestMethod codeBase="D:\SFERRARI\01_TRABAJO\repos\netcore\libs\template-netcore-shared\Kitpymes.Core.Shared.Tests\bin\Release\net7.0\Kitpymes.Core.Shared.Tests.dll" adapterTypeName="executor://mstestadapter/v2" className="Kitpymes.Core.Shared.Tests.StringExtensionsTests" name="ToNormalize_Passing_ValidValue_Returns_NormalizedValue" />
    </UnitTest>
    <UnitTest name="GetValues_Passing_Valid_Key_Returns_Values" storage="d:\sferrari\01_trabajo\repos\netcore\libs\template-netcore-shared\kitpymes.core.shared.tests\bin\release\net7.0\kitpymes.core.shared.tests.dll" id="9f6e9140-7168-415e-b161-f13770ac17de">
      <Execution id="56a733b6-606b-42f0-99b7-21087d734dc1" />
      <TestMethod codeBase="D:\SFERRARI\01_TRABAJO\repos\netcore\libs\template-netcore-shared\Kitpymes.Core.Shared.Tests\bin\Release\net7.0\Kitpymes.Core.Shared.Tests.dll" adapterTypeName="executor://mstestadapter/v2" className="Kitpymes.Core.Shared.Tests.DictionaryExtensionsTests" name="GetValues_Passing_Valid_Key_Returns_Values" />
    </UnitTest>
    <UnitTest name="ToInt_Passing_Enumeration_Name_Returns_Description_Atributte" storage="d:\sferrari\01_trabajo\repos\netcore\libs\template-netcore-shared\kitpymes.core.shared.tests\bin\release\net7.0\kitpymes.core.shared.tests.dll" id="cdc69fb6-702f-4080-be87-6840b886fa6c">
      <Execution id="e93ed6d0-08b9-4ddc-bb35-6c9aef54d808" />
      <TestMethod codeBase="D:\SFERRARI\01_TRABAJO\repos\netcore\libs\template-netcore-shared\Kitpymes.Core.Shared.Tests\bin\Release\net7.0\Kitpymes.Core.Shared.Tests.dll" adapterTypeName="executor://mstestadapter/v2" className="Kitpymes.Core.Shared.Tests.EnumExtensionsTests" name="ToInt_Passing_Enumeration_Name_Returns_Description_Atributte" />
    </UnitTest>
    <UnitTest name="ToNormalize_Passing_ValidValue_Returns_NormalizedValue (i’ LL,i LL)" storage="d:\sferrari\01_trabajo\repos\netcore\libs\template-netcore-shared\kitpymes.core.shared.tests\bin\release\net7.0\kitpymes.core.shared.tests.dll" id="2262896c-729e-4788-be53-8be2f95819d5">
      <Execution id="8c9943b7-2c50-4f5e-8d03-ede20d673acf" />
      <TestMethod codeBase="D:\SFERRARI\01_TRABAJO\repos\netcore\libs\template-netcore-shared\Kitpymes.Core.Shared.Tests\bin\Release\net7.0\Kitpymes.Core.Shared.Tests.dll" adapterTypeName="executor://mstestadapter/v2" className="Kitpymes.Core.Shared.Tests.StringExtensionsTests" name="ToNormalize_Passing_ValidValue_Returns_NormalizedValue" />
    </UnitTest>
    <UnitTest name="ToDefaultValue_Passing_float_Returns_Cero" storage="d:\sferrari\01_trabajo\repos\netcore\libs\template-netcore-shared\kitpymes.core.shared.tests\bin\release\net7.0\kitpymes.core.shared.tests.dll" id="56e12110-8392-42e8-b90e-d1bf7c96205b">
      <Execution id="bb155b18-e295-45e6-aa48-a92c423cc312" />
      <TestMethod codeBase="D:\SFERRARI\01_TRABAJO\repos\netcore\libs\template-netcore-shared\Kitpymes.Core.Shared.Tests\bin\Release\net7.0\Kitpymes.Core.Shared.Tests.dll" adapterTypeName="executor://mstestadapter/v2" className="Kitpymes.Core.Shared.Tests.GenericExtensionsTests" name="ToDefaultValue_Passing_float_Returns_Cero" />
    </UnitTest>
    <UnitTest name="ToUserName_Passing_Invalid_ClaimsPrincipal_Returns_Null" storage="d:\sferrari\01_trabajo\repos\netcore\libs\template-netcore-shared\kitpymes.core.shared.tests\bin\release\net7.0\kitpymes.core.shared.tests.dll" id="1a30ce4b-4eed-48a9-bcde-34387759149e">
      <Execution id="ad44376c-6062-4b33-876c-f5e540a064e2" />
      <TestMethod codeBase="D:\SFERRARI\01_TRABAJO\repos\netcore\libs\template-netcore-shared\Kitpymes.Core.Shared.Tests\bin\Release\net7.0\Kitpymes.Core.Shared.Tests.dll" adapterTypeName="executor://mstestadapter/v2" className="Kitpymes.Core.Shared.Tests.ClaimsPrincipalExtensionsTests" name="ToUserName_Passing_Invalid_ClaimsPrincipal_Returns_Null" />
    </UnitTest>
    <UnitTest name="ToUri_Passing_ValidValueString_Returns_Uri (http://foo.com/blah_blah?p=5&amp;j=fe)" storage="d:\sferrari\01_trabajo\repos\netcore\libs\template-netcore-shared\kitpymes.core.shared.tests\bin\release\net7.0\kitpymes.core.shared.tests.dll" id="02327277-33c4-42fe-92be-4d0f13d855f5">
      <Execution id="3d70abfc-1925-425a-9ee8-d4d5a1841837" />
      <TestMethod codeBase="D:\SFERRARI\01_TRABAJO\repos\netcore\libs\template-netcore-shared\Kitpymes.Core.Shared.Tests\bin\Release\net7.0\Kitpymes.Core.Shared.Tests.dll" adapterTypeName="executor://mstestadapter/v2" className="Kitpymes.Core.Shared.Tests.StringExtensionsTests" name="ToUri_Passing_ValidValueString_Returns_Uri" />
    </UnitTest>
    <UnitTest name="ToEmailMaskUserName_Passing_ValidEmail_Returns_EmailWithMask (qazwsxedc@gmailgmail.com,q*******c@gmailgmail.com)" storage="d:\sferrari\01_trabajo\repos\netcore\libs\template-netcore-shared\kitpymes.core.shared.tests\bin\release\net7.0\kitpymes.core.shared.tests.dll" id="4b62ee41-4ab9-403d-958c-09d7ee5d800a">
      <Execution id="82d18ad0-ac31-4990-b78e-128314d84a70" />
      <TestMethod codeBase="D:\SFERRARI\01_TRABAJO\repos\netcore\libs\template-netcore-shared\Kitpymes.Core.Shared.Tests\bin\Release\net7.0\Kitpymes.Core.Shared.Tests.dll" adapterTypeName="executor://mstestadapter/v2" className="Kitpymes.Core.Shared.Tests.StringExtensionsTests" name="ToEmailMaskUserName_Passing_ValidEmail_Returns_EmailWithMask" />
    </UnitTest>
    <UnitTest name="ToUri_Passing_ValidValueString_Returns_Uri (http://142.42.1.1:8080/)" storage="d:\sferrari\01_trabajo\repos\netcore\libs\template-netcore-shared\kitpymes.core.shared.tests\bin\release\net7.0\kitpymes.core.shared.tests.dll" id="88647952-9c5d-4bc6-bc37-d67a6f67c558">
      <Execution id="80385707-6d1a-4a0f-a737-14557fc928eb" />
      <TestMethod codeBase="D:\SFERRARI\01_TRABAJO\repos\netcore\libs\template-netcore-shared\Kitpymes.Core.Shared.Tests\bin\Release\net7.0\Kitpymes.Core.Shared.Tests.dll" adapterTypeName="executor://mstestadapter/v2" className="Kitpymes.Core.Shared.Tests.StringExtensionsTests" name="ToUri_Passing_ValidValueString_Returns_Uri" />
    </UnitTest>
    <UnitTest name="CreateSHA256_Passing_Invalid_Arguments_Returns_ApplicationException ( )" storage="d:\sferrari\01_trabajo\repos\netcore\libs\template-netcore-shared\kitpymes.core.shared.tests\bin\release\net7.0\kitpymes.core.shared.tests.dll" id="4f7df33e-13f8-46c8-be18-36f9d2284bd3">
      <Execution id="1889fbcf-7050-4046-8c13-b440ba15e6e4" />
      <TestMethod codeBase="D:\SFERRARI\01_TRABAJO\repos\netcore\libs\template-netcore-shared\Kitpymes.Core.Shared.Tests\bin\Release\net7.0\Kitpymes.Core.Shared.Tests.dll" adapterTypeName="executor://mstestadapter/v2" className="Kitpymes.Core.Shared.Tests.HashTests" name="CreateSHA256_Passing_Invalid_Arguments_Returns_ApplicationException" />
    </UnitTest>
    <UnitTest name="CreateRandom_WithCustomAllowableCharacters_Passing_Valid_Arguments_Returns_String_Random_Value (8,ae)" storage="d:\sferrari\01_trabajo\repos\netcore\libs\template-netcore-shared\kitpymes.core.shared.tests\bin\release\net7.0\kitpymes.core.shared.tests.dll" id="e397be74-af7f-4197-b607-19776204ff6f">
      <Execution id="2745d756-1fae-4f5c-8315-b44fbcae6a78" />
      <TestMethod codeBase="D:\SFERRARI\01_TRABAJO\repos\netcore\libs\template-netcore-shared\Kitpymes.Core.Shared.Tests\bin\Release\net7.0\Kitpymes.Core.Shared.Tests.dll" adapterTypeName="executor://mstestadapter/v2" className="Kitpymes.Core.Shared.Tests.HashTests" name="CreateRandom_WithCustomAllowableCharacters_Passing_Valid_Arguments_Returns_String_Random_Value" />
    </UnitTest>
    <UnitTest name="ToUri_Passing_InvalidValueString_Returns_DefaultValue (http://.)" storage="d:\sferrari\01_trabajo\repos\netcore\libs\template-netcore-shared\kitpymes.core.shared.tests\bin\release\net7.0\kitpymes.core.shared.tests.dll" id="8d41df5f-f1c6-4e5d-8f3b-375138177010">
      <Execution id="9152d8fc-3b23-4174-93ac-7f61031f100e" />
      <TestMethod codeBase="D:\SFERRARI\01_TRABAJO\repos\netcore\libs\template-netcore-shared\Kitpymes.Core.Shared.Tests\bin\Release\net7.0\Kitpymes.Core.Shared.Tests.dll" adapterTypeName="executor://mstestadapter/v2" className="Kitpymes.Core.Shared.Tests.StringExtensionsTests" name="ToUri_Passing_InvalidValueString_Returns_DefaultValue" />
    </UnitTest>
    <UnitTest name="ToReplace_Passing_ValidValue_Returns_ReplacedValue (aeiou,*,0,2,**iou)" storage="d:\sferrari\01_trabajo\repos\netcore\libs\template-netcore-shared\kitpymes.core.shared.tests\bin\release\net7.0\kitpymes.core.shared.tests.dll" id="c219a889-78bf-4f8e-98ad-7d72275c0afb">
      <Execution id="5424a08f-01b7-491f-a88f-42d467401b38" />
      <TestMethod codeBase="D:\SFERRARI\01_TRABAJO\repos\netcore\libs\template-netcore-shared\Kitpymes.Core.Shared.Tests\bin\Release\net7.0\Kitpymes.Core.Shared.Tests.dll" adapterTypeName="executor://mstestadapter/v2" className="Kitpymes.Core.Shared.Tests.StringExtensionsTests" name="ToReplace_Passing_ValidValue_Returns_ReplacedValue" />
    </UnitTest>
    <UnitTest name="ToNormalize_Passing_ValidValue_Returns_NormalizedValue (àáäâã,aaaaa)" storage="d:\sferrari\01_trabajo\repos\netcore\libs\template-netcore-shared\kitpymes.core.shared.tests\bin\release\net7.0\kitpymes.core.shared.tests.dll" id="cada5acd-3e8c-4419-be39-76e47c6ff946">
      <Execution id="6a6f061c-03e7-4667-98fa-8cf69593c01e" />
      <TestMethod codeBase="D:\SFERRARI\01_TRABAJO\repos\netcore\libs\template-netcore-shared\Kitpymes.Core.Shared.Tests\bin\Release\net7.0\Kitpymes.Core.Shared.Tests.dll" adapterTypeName="executor://mstestadapter/v2" className="Kitpymes.Core.Shared.Tests.StringExtensionsTests" name="ToNormalize_Passing_ValidValue_Returns_NormalizedValue" />
    </UnitTest>
    <UnitTest name="ToHashAlgorithmName_Passing_ValidValueString_Returns_HashAlgorithmName (MD5)" storage="d:\sferrari\01_trabajo\repos\netcore\libs\template-netcore-shared\kitpymes.core.shared.tests\bin\release\net7.0\kitpymes.core.shared.tests.dll" id="ac6a1d88-3f98-4f0f-8840-fd7b51c481d5">
      <Execution id="eb30a9ff-f758-42a6-ac53-558c622993d4" />
      <TestMethod codeBase="D:\SFERRARI\01_TRABAJO\repos\netcore\libs\template-netcore-shared\Kitpymes.Core.Shared.Tests\bin\Release\net7.0\Kitpymes.Core.Shared.Tests.dll" adapterTypeName="executor://mstestadapter/v2" className="Kitpymes.Core.Shared.Tests.StringExtensionsTests" name="ToHashAlgorithmName_Passing_ValidValueString_Returns_HashAlgorithmName" />
    </UnitTest>
    <UnitTest name="ToFirstLetterLower_Passing_ValidValue_Returns_StringWithFirstLetterLower (aeioU,aeioU)" storage="d:\sferrari\01_trabajo\repos\netcore\libs\template-netcore-shared\kitpymes.core.shared.tests\bin\release\net7.0\kitpymes.core.shared.tests.dll" id="f6e67bf2-cb52-4ec4-8e47-5163d0879c4d">
      <Execution id="a54df6d7-5581-4a76-b3a3-cb1fc3601d78" />
      <TestMethod codeBase="D:\SFERRARI\01_TRABAJO\repos\netcore\libs\template-netcore-shared\Kitpymes.Core.Shared.Tests\bin\Release\net7.0\Kitpymes.Core.Shared.Tests.dll" adapterTypeName="executor://mstestadapter/v2" className="Kitpymes.Core.Shared.Tests.StringExtensionsTests" name="ToFirstLetterLower_Passing_ValidValue_Returns_StringWithFirstLetterLower" />
    </UnitTest>
    <UnitTest name="ToUri_Passing_InvalidValueString_Returns_Null (http://.)" storage="d:\sferrari\01_trabajo\repos\netcore\libs\template-netcore-shared\kitpymes.core.shared.tests\bin\release\net7.0\kitpymes.core.shared.tests.dll" id="fd3dfe3d-9b09-40f1-b679-69cea5ca88cd">
      <Execution id="4ade934c-6235-4543-9218-b44a428a56ed" />
      <TestMethod codeBase="D:\SFERRARI\01_TRABAJO\repos\netcore\libs\template-netcore-shared\Kitpymes.Core.Shared.Tests\bin\Release\net7.0\Kitpymes.Core.Shared.Tests.dll" adapterTypeName="executor://mstestadapter/v2" className="Kitpymes.Core.Shared.Tests.StringExtensionsTests" name="ToUri_Passing_InvalidValueString_Returns_Null" />
    </UnitTest>
    <UnitTest name="ToFullMessage_Passing_ExceptionWithMessage_Returns_Message" storage="d:\sferrari\01_trabajo\repos\netcore\libs\template-netcore-shared\kitpymes.core.shared.tests\bin\release\net7.0\kitpymes.core.shared.tests.dll" id="01cc3759-390b-4650-a238-1580d938dc2a">
      <Execution id="0066ef5c-4487-4f5a-a2b4-8b7505179d19" />
      <TestMethod codeBase="D:\SFERRARI\01_TRABAJO\repos\netcore\libs\template-netcore-shared\Kitpymes.Core.Shared.Tests\bin\Release\net7.0\Kitpymes.Core.Shared.Tests.dll" adapterTypeName="executor://mstestadapter/v2" className="Kitpymes.Core.Shared.Tests.ExceptionExtensionsTests" name="ToFullMessage_Passing_ExceptionWithMessage_Returns_Message" />
    </UnitTest>
    <UnitTest name="ToMapUpdate_Passing_Destination_Object_Returns_Updated_Destination_Object" storage="d:\sferrari\01_trabajo\repos\netcore\libs\template-netcore-shared\kitpymes.core.shared.tests\bin\release\net7.0\kitpymes.core.shared.tests.dll" id="b1a7a850-6229-4efa-b802-27a7e0fb02ba">
      <Execution id="42f46295-06c7-4485-a323-963497ceeb87" />
      <TestMethod codeBase="D:\SFERRARI\01_TRABAJO\repos\netcore\libs\template-netcore-shared\Kitpymes.Core.Shared.Tests\bin\Release\net7.0\Kitpymes.Core.Shared.Tests.dll" adapterTypeName="executor://mstestadapter/v2" className="Kitpymes.Core.Shared.Tests.AgileMapperExtensionsTests" name="ToMapUpdate_Passing_Destination_Object_Returns_Updated_Destination_Object" />
    </UnitTest>
    <UnitTest name="ToNormalize_Passing_ValidValue_Returns_NormalizedValue (èéëê,eeee)" storage="d:\sferrari\01_trabajo\repos\netcore\libs\template-netcore-shared\kitpymes.core.shared.tests\bin\release\net7.0\kitpymes.core.shared.tests.dll" id="060d6fac-7997-4fb7-9fe0-aa3682b28167">
      <Execution id="da40fad8-bef6-4c4f-b393-f6b4dab7b341" />
      <TestMethod codeBase="D:\SFERRARI\01_TRABAJO\repos\netcore\libs\template-netcore-shared\Kitpymes.Core.Shared.Tests\bin\Release\net7.0\Kitpymes.Core.Shared.Tests.dll" adapterTypeName="executor://mstestadapter/v2" className="Kitpymes.Core.Shared.Tests.StringExtensionsTests" name="ToNormalize_Passing_ValidValue_Returns_NormalizedValue" />
    </UnitTest>
    <UnitTest name="ToUri_Passing_ValidValueString_Returns_Uri (//foo.com/blah_blah)" storage="d:\sferrari\01_trabajo\repos\netcore\libs\template-netcore-shared\kitpymes.core.shared.tests\bin\release\net7.0\kitpymes.core.shared.tests.dll" id="75844bdb-2729-405d-87f8-c46350c50b7e">
      <Execution id="b8c70371-d2b3-411c-afa8-e2f98bdb1f40" />
      <TestMethod codeBase="D:\SFERRARI\01_TRABAJO\repos\netcore\libs\template-netcore-shared\Kitpymes.Core.Shared.Tests\bin\Release\net7.0\Kitpymes.Core.Shared.Tests.dll" adapterTypeName="executor://mstestadapter/v2" className="Kitpymes.Core.Shared.Tests.StringExtensionsTests" name="ToUri_Passing_ValidValueString_Returns_Uri" />
    </UnitTest>
    <UnitTest name="ToService_Passing_Valid_Service_Returns_Service" storage="d:\sferrari\01_trabajo\repos\netcore\libs\template-netcore-shared\kitpymes.core.shared.tests\bin\release\net7.0\kitpymes.core.shared.tests.dll" id="ee6264e1-856d-4af5-a7c2-8d09cc032c78">
      <Execution id="5d5b52f6-d56f-40b4-af51-20ad8c2cd73c" />
      <TestMethod codeBase="D:\SFERRARI\01_TRABAJO\repos\netcore\libs\template-netcore-shared\Kitpymes.Core.Shared.Tests\bin\Release\net7.0\Kitpymes.Core.Shared.Tests.dll" adapterTypeName="executor://mstestadapter/v2" className="Kitpymes.Core.Shared.Tests.ApplicationBuilderExtensionsTests" name="ToService_Passing_Valid_Service_Returns_Service" />
    </UnitTest>
    <UnitTest name="ToDefaultValue_Passing_bool_Returns_Cero (True)" storage="d:\sferrari\01_trabajo\repos\netcore\libs\template-netcore-shared\kitpymes.core.shared.tests\bin\release\net7.0\kitpymes.core.shared.tests.dll" id="5d963ba2-73ec-49c4-9461-59a608dab54a">
      <Execution id="41e75cd3-cd8e-41f4-8fc4-fab911f5f73b" />
      <TestMethod codeBase="D:\SFERRARI\01_TRABAJO\repos\netcore\libs\template-netcore-shared\Kitpymes.Core.Shared.Tests\bin\Release\net7.0\Kitpymes.Core.Shared.Tests.dll" adapterTypeName="executor://mstestadapter/v2" className="Kitpymes.Core.Shared.Tests.GenericExtensionsTests" name="ToDefaultValue_Passing_bool_Returns_Cero" />
    </UnitTest>
    <UnitTest name="ToUri_Passing_ValidValueString_Returns_Uri (http://foo.com/blah_blah/p=5)" storage="d:\sferrari\01_trabajo\repos\netcore\libs\template-netcore-shared\kitpymes.core.shared.tests\bin\release\net7.0\kitpymes.core.shared.tests.dll" id="ac04103d-2ae8-4a37-bb3d-a5b4b290d1b0">
      <Execution id="3e372295-1347-443e-913a-1b998044a79f" />
      <TestMethod codeBase="D:\SFERRARI\01_TRABAJO\repos\netcore\libs\template-netcore-shared\Kitpymes.Core.Shared.Tests\bin\Release\net7.0\Kitpymes.Core.Shared.Tests.dll" adapterTypeName="executor://mstestadapter/v2" className="Kitpymes.Core.Shared.Tests.StringExtensionsTests" name="ToUri_Passing_ValidValueString_Returns_Uri" />
    </UnitTest>
    <UnitTest name="ToEmailMaskUserName_Passing_ValidEmail_Returns_EmailWithMask (qaz@gmailgmail.com,q*z@gmailgmail.com)" storage="d:\sferrari\01_trabajo\repos\netcore\libs\template-netcore-shared\kitpymes.core.shared.tests\bin\release\net7.0\kitpymes.core.shared.tests.dll" id="cc73d1dc-5bdd-49d0-962c-5a5edadc1eee">
      <Execution id="ef740851-176a-4f82-b59e-749dddcbbaca" />
      <TestMethod codeBase="D:\SFERRARI\01_TRABAJO\repos\netcore\libs\template-netcore-shared\Kitpymes.Core.Shared.Tests\bin\Release\net7.0\Kitpymes.Core.Shared.Tests.dll" adapterTypeName="executor://mstestadapter/v2" className="Kitpymes.Core.Shared.Tests.StringExtensionsTests" name="ToEmailMaskUserName_Passing_ValidEmail_Returns_EmailWithMask" />
    </UnitTest>
    <UnitTest name="CreateRandom_WithCustomAllowableCharacters_Passing_Valid_Arguments_Returns_String_Random_Value (20,qazwscefbthmiklp09876543)" storage="d:\sferrari\01_trabajo\repos\netcore\libs\template-netcore-shared\kitpymes.core.shared.tests\bin\release\net7.0\kitpymes.core.shared.tests.dll" id="c3baf95c-9f81-4ef9-8299-f3dadeee1ce8">
      <Execution id="eaecd465-f57d-4d50-b09f-ed94ba0e4410" />
      <TestMethod codeBase="D:\SFERRARI\01_TRABAJO\repos\netcore\libs\template-netcore-shared\Kitpymes.Core.Shared.Tests\bin\Release\net7.0\Kitpymes.Core.Shared.Tests.dll" adapterTypeName="executor://mstestadapter/v2" className="Kitpymes.Core.Shared.Tests.HashTests" name="CreateRandom_WithCustomAllowableCharacters_Passing_Valid_Arguments_Returns_String_Random_Value" />
    </UnitTest>
    <UnitTest name="CreateAndVerifySHA512_Passing_Valid_Arguments_Returns_True (sdlfkjldsfksdfñl·%$·&amp;$/U&amp;/)(&amp;()?=)¿?^P*^PÑL,.,.lñ´ñ+98098'098098)" storage="d:\sferrari\01_trabajo\repos\netcore\libs\template-netcore-shared\kitpymes.core.shared.tests\bin\release\net7.0\kitpymes.core.shared.tests.dll" id="6b913f6f-53da-45f0-b349-8ba15ef48f9e">
      <Execution id="19127af1-1d00-4c52-9c01-f6cca8aac7c7" />
      <TestMethod codeBase="D:\SFERRARI\01_TRABAJO\repos\netcore\libs\template-netcore-shared\Kitpymes.Core.Shared.Tests\bin\Release\net7.0\Kitpymes.Core.Shared.Tests.dll" adapterTypeName="executor://mstestadapter/v2" className="Kitpymes.Core.Shared.Tests.HashTests" name="CreateAndVerifySHA512_Passing_Valid_Arguments_Returns_True" />
    </UnitTest>
    <UnitTest name="ToEmailMask_Passing_ValidEmail_Returns_EmailWithMask (qazwsxedc@gmail.com,q-------c@g----.com)" storage="d:\sferrari\01_trabajo\repos\netcore\libs\template-netcore-shared\kitpymes.core.shared.tests\bin\release\net7.0\kitpymes.core.shared.tests.dll" id="4f9b2d7d-93ef-4a5e-b1e7-4775d3045412">
      <Execution id="3be36fe9-f98f-4a6f-adb2-a69cf3865493" />
      <TestMethod codeBase="D:\SFERRARI\01_TRABAJO\repos\netcore\libs\template-netcore-shared\Kitpymes.Core.Shared.Tests\bin\Release\net7.0\Kitpymes.Core.Shared.Tests.dll" adapterTypeName="executor://mstestadapter/v2" className="Kitpymes.Core.Shared.Tests.StringExtensionsTests" name="ToEmailMask_Passing_ValidEmail_Returns_EmailWithMask" />
    </UnitTest>
    <UnitTest name="ToRemove_Passing_ValidValue_Returns_ValueWithoutRemovedChars (aeiou,aeiou,)" storage="d:\sferrari\01_trabajo\repos\netcore\libs\template-netcore-shared\kitpymes.core.shared.tests\bin\release\net7.0\kitpymes.core.shared.tests.dll" id="de1a62e9-ef14-4dc0-bb92-8c219356c63b">
      <Execution id="ca2f4eb4-2fbb-4c99-8f43-f2cb3067f6e1" />
      <TestMethod codeBase="D:\SFERRARI\01_TRABAJO\repos\netcore\libs\template-netcore-shared\Kitpymes.Core.Shared.Tests\bin\Release\net7.0\Kitpymes.Core.Shared.Tests.dll" adapterTypeName="executor://mstestadapter/v2" className="Kitpymes.Core.Shared.Tests.StringExtensionsTests" name="ToRemove_Passing_ValidValue_Returns_ValueWithoutRemovedChars" />
    </UnitTest>
    <UnitTest name="ToDefaultValue_Passing_ValidString_Returns_DefaultValue" storage="d:\sferrari\01_trabajo\repos\netcore\libs\template-netcore-shared\kitpymes.core.shared.tests\bin\release\net7.0\kitpymes.core.shared.tests.dll" id="feb7960b-e264-454d-b2d6-a9792708160d">
      <Execution id="6e23c5b5-6f6b-452d-ab27-29f3d16ba7ff" />
      <TestMethod codeBase="D:\SFERRARI\01_TRABAJO\repos\netcore\libs\template-netcore-shared\Kitpymes.Core.Shared.Tests\bin\Release\net7.0\Kitpymes.Core.Shared.Tests.dll" adapterTypeName="executor://mstestadapter/v2" className="Kitpymes.Core.Shared.Tests.TypeExtensionsTests" name="ToDefaultValue_Passing_ValidString_Returns_DefaultValue" />
    </UnitTest>
    <UnitTest name="CreateSHA256_Passing_Invalid_Arguments_Returns_ApplicationException ()" storage="d:\sferrari\01_trabajo\repos\netcore\libs\template-netcore-shared\kitpymes.core.shared.tests\bin\release\net7.0\kitpymes.core.shared.tests.dll" id="8eb95e65-e827-4542-97f3-e9e894eabef4">
      <Execution id="4eb0ca6c-501a-409d-a485-fcef61ca1a6c" />
      <TestMethod codeBase="D:\SFERRARI\01_TRABAJO\repos\netcore\libs\template-netcore-shared\Kitpymes.Core.Shared.Tests\bin\Release\net7.0\Kitpymes.Core.Shared.Tests.dll" adapterTypeName="executor://mstestadapter/v2" className="Kitpymes.Core.Shared.Tests.HashTests" name="CreateSHA256_Passing_Invalid_Arguments_Returns_ApplicationException" />
    </UnitTest>
    <UnitTest name="ToHashAlgorithmName_Passing_InvalidValueLowerCaseString_Returns_Null (md5)" storage="d:\sferrari\01_trabajo\repos\netcore\libs\template-netcore-shared\kitpymes.core.shared.tests\bin\release\net7.0\kitpymes.core.shared.tests.dll" id="8d11a9db-03b0-47a6-ba87-d1fc4e8a9885">
      <Execution id="b9771d01-1019-4b41-9f26-8a242f796282" />
      <TestMethod codeBase="D:\SFERRARI\01_TRABAJO\repos\netcore\libs\template-netcore-shared\Kitpymes.Core.Shared.Tests\bin\Release\net7.0\Kitpymes.Core.Shared.Tests.dll" adapterTypeName="executor://mstestadapter/v2" className="Kitpymes.Core.Shared.Tests.StringExtensionsTests" name="ToHashAlgorithmName_Passing_InvalidValueLowerCaseString_Returns_Null" />
    </UnitTest>
    <UnitTest name="CreateSHA512_Passing_Invalid_Arguments_Returns_ApplicationException ()" storage="d:\sferrari\01_trabajo\repos\netcore\libs\template-netcore-shared\kitpymes.core.shared.tests\bin\release\net7.0\kitpymes.core.shared.tests.dll" id="00394bf4-2d41-48cf-b94c-1795756b7f77">
      <Execution id="b07871ef-69bc-416e-a0ed-3b409bcc277a" />
      <TestMethod codeBase="D:\SFERRARI\01_TRABAJO\repos\netcore\libs\template-netcore-shared\Kitpymes.Core.Shared.Tests\bin\Release\net7.0\Kitpymes.Core.Shared.Tests.dll" adapterTypeName="executor://mstestadapter/v2" className="Kitpymes.Core.Shared.Tests.HashTests" name="CreateSHA512_Passing_Invalid_Arguments_Returns_ApplicationException" />
    </UnitTest>
    <UnitTest name="ToServiceMatchingClass_Passing_Valid_Assembly_And_Valid_Class_Type_Returns_Service" storage="d:\sferrari\01_trabajo\repos\netcore\libs\template-netcore-shared\kitpymes.core.shared.tests\bin\release\net7.0\kitpymes.core.shared.tests.dll" id="f65d3153-849b-4e6e-b44e-89c60e3b6872">
      <Execution id="bc647fa0-bb8d-4447-9496-8507a1d662a1" />
      <TestMethod codeBase="D:\SFERRARI\01_TRABAJO\repos\netcore\libs\template-netcore-shared\Kitpymes.Core.Shared.Tests\bin\Release\net7.0\Kitpymes.Core.Shared.Tests.dll" adapterTypeName="executor://mstestadapter/v2" className="Kitpymes.Core.Shared.Tests.ConfigurationBuilderExtensionsTests" name="ToServiceMatchingClass_Passing_Valid_Assembly_And_Valid_Class_Type_Returns_Service" />
    </UnitTest>
    <UnitTest name="ToUri_Passing_InvalidValueString_Returns_Null (http://)" storage="d:\sferrari\01_trabajo\repos\netcore\libs\template-netcore-shared\kitpymes.core.shared.tests\bin\release\net7.0\kitpymes.core.shared.tests.dll" id="63d3a1e9-0c3a-43d0-bbe8-3093c1f65c9e">
      <Execution id="fe267e41-1772-4ab1-8257-c4e1e55d3304" />
      <TestMethod codeBase="D:\SFERRARI\01_TRABAJO\repos\netcore\libs\template-netcore-shared\Kitpymes.Core.Shared.Tests\bin\Release\net7.0\Kitpymes.Core.Shared.Tests.dll" adapterTypeName="executor://mstestadapter/v2" className="Kitpymes.Core.Shared.Tests.StringExtensionsTests" name="ToUri_Passing_InvalidValueString_Returns_Null" />
    </UnitTest>
    <UnitTest name="ToDirectoryDeleteFiles_Passing_ValidValue_Returns_DirectoryNoExists" storage="d:\sferrari\01_trabajo\repos\netcore\libs\template-netcore-shared\kitpymes.core.shared.tests\bin\release\net7.0\kitpymes.core.shared.tests.dll" id="137e7e94-400f-4d2b-acb4-62b86629c115">
      <Execution id="fd3c08d9-ed03-41c4-81a0-c09a56646859" />
      <TestMethod codeBase="D:\SFERRARI\01_TRABAJO\repos\netcore\libs\template-netcore-shared\Kitpymes.Core.Shared.Tests\bin\Release\net7.0\Kitpymes.Core.Shared.Tests.dll" adapterTypeName="executor://mstestadapter/v2" className="Kitpymes.Core.Shared.Tests.StringExtensionsTests" name="ToDirectoryDeleteFiles_Passing_ValidValue_Returns_DirectoryNoExists" />
    </UnitTest>
    <UnitTest name="ToEmailMaskUserNameAndDomain_Passing_ValidEmail_Returns_EmailWithMask (qazwsx@gmail.com,q****x@g***l.com)" storage="d:\sferrari\01_trabajo\repos\netcore\libs\template-netcore-shared\kitpymes.core.shared.tests\bin\release\net7.0\kitpymes.core.shared.tests.dll" id="269d8ccc-d0f7-4a98-a6bf-c4ba414d2ee6">
      <Execution id="f49aa41e-e419-4515-907e-0e25bd12b50b" />
      <TestMethod codeBase="D:\SFERRARI\01_TRABAJO\repos\netcore\libs\template-netcore-shared\Kitpymes.Core.Shared.Tests\bin\Release\net7.0\Kitpymes.Core.Shared.Tests.dll" adapterTypeName="executor://mstestadapter/v2" className="Kitpymes.Core.Shared.Tests.StringExtensionsTests" name="ToEmailMaskUserNameAndDomain_Passing_ValidEmail_Returns_EmailWithMask" />
    </UnitTest>
    <UnitTest name="ToPath_Passing_HttpRequest_Scheme_Host_Path_Returns_Url" storage="d:\sferrari\01_trabajo\repos\netcore\libs\template-netcore-shared\kitpymes.core.shared.tests\bin\release\net7.0\kitpymes.core.shared.tests.dll" id="17fe57ab-0788-40c8-bbb1-06b094d730fc">
      <Execution id="16152681-adf3-4522-8c16-7b23c3a4d16d" />
      <TestMethod codeBase="D:\SFERRARI\01_TRABAJO\repos\netcore\libs\template-netcore-shared\Kitpymes.Core.Shared.Tests\bin\Release\net7.0\Kitpymes.Core.Shared.Tests.dll" adapterTypeName="executor://mstestadapter/v2" className="Kitpymes.Core.Shared.Tests.HttpRequestExtensionsTests" name="ToPath_Passing_HttpRequest_Scheme_Host_Path_Returns_Url" />
    </UnitTest>
    <UnitTest name="ResultOk_WithMessage_WithDetails" storage="d:\sferrari\01_trabajo\repos\netcore\libs\template-netcore-shared\kitpymes.core.shared.tests\bin\release\net7.0\kitpymes.core.shared.tests.dll" id="e813a6b3-5917-4439-bb6c-80595bad432d">
      <Execution id="dbc95288-1c12-4728-b51d-fa50c4f21804" />
      <TestMethod codeBase="D:\SFERRARI\01_TRABAJO\repos\netcore\libs\template-netcore-shared\Kitpymes.Core.Shared.Tests\bin\Release\net7.0\Kitpymes.Core.Shared.Tests.dll" adapterTypeName="executor://mstestadapter/v2" className="Kitpymes.Core.Shared.Tests.ResultTest" name="ResultOk_WithMessage_WithDetails" />
    </UnitTest>
    <UnitTest name="ToWhere_Passing_Null_Predicate_Returns_Same_List" storage="d:\sferrari\01_trabajo\repos\netcore\libs\template-netcore-shared\kitpymes.core.shared.tests\bin\release\net7.0\kitpymes.core.shared.tests.dll" id="c8fdd1a2-abf1-4030-9b23-6f4ae85e8f4b">
      <Execution id="8b521ce8-65f4-4f18-91a6-8d0beb38a595" />
      <TestMethod codeBase="D:\SFERRARI\01_TRABAJO\repos\netcore\libs\template-netcore-shared\Kitpymes.Core.Shared.Tests\bin\Release\net7.0\Kitpymes.Core.Shared.Tests.dll" adapterTypeName="executor://mstestadapter/v2" className="Kitpymes.Core.Shared.Tests.QueryableExtensionsTests" name="ToWhere_Passing_Null_Predicate_Returns_Same_List" />
    </UnitTest>
    <UnitTest name="IsNullOrEmpty_Passing_InvalidValue_Returns_True" storage="d:\sferrari\01_trabajo\repos\netcore\libs\template-netcore-shared\kitpymes.core.shared.tests\bin\release\net7.0\kitpymes.core.shared.tests.dll" id="66101cd1-888b-44af-bfa4-2c5a4745a6a8">
      <Execution id="762f7fc1-b3ae-419e-b261-e1144e345786" />
      <TestMethod codeBase="D:\SFERRARI\01_TRABAJO\repos\netcore\libs\template-netcore-shared\Kitpymes.Core.Shared.Tests\bin\Release\net7.0\Kitpymes.Core.Shared.Tests.dll" adapterTypeName="executor://mstestadapter/v2" className="Kitpymes.Core.Shared.Tests.VerifyExtensionsTests" name="IsNullOrEmpty_Passing_InvalidValue_Returns_True" />
    </UnitTest>
    <UnitTest name="ToEnum_Passing_InvalidValueInt_Returns_EnumCustomValue" storage="d:\sferrari\01_trabajo\repos\netcore\libs\template-netcore-shared\kitpymes.core.shared.tests\bin\release\net7.0\kitpymes.core.shared.tests.dll" id="b62124c3-d753-4f09-b1a2-40503039c223">
      <Execution id="532c102c-bc12-48d7-bfb9-df4f18700f9a" />
      <TestMethod codeBase="D:\SFERRARI\01_TRABAJO\repos\netcore\libs\template-netcore-shared\Kitpymes.Core.Shared.Tests\bin\Release\net7.0\Kitpymes.Core.Shared.Tests.dll" adapterTypeName="executor://mstestadapter/v2" className="Kitpymes.Core.Shared.Tests.StringExtensionsTests" name="ToEnum_Passing_InvalidValueInt_Returns_EnumCustomValue" />
    </UnitTest>
    <UnitTest name="ToIsWeekend_Passing_Sunday_DateTime_Returns_True" storage="d:\sferrari\01_trabajo\repos\netcore\libs\template-netcore-shared\kitpymes.core.shared.tests\bin\release\net7.0\kitpymes.core.shared.tests.dll" id="4d618a38-ea60-433a-bc54-0ceec567c3d4">
      <Execution id="309a4054-c27a-4bba-96b8-52f559afb028" />
      <TestMethod codeBase="D:\SFERRARI\01_TRABAJO\repos\netcore\libs\template-netcore-shared\Kitpymes.Core.Shared.Tests\bin\Release\net7.0\Kitpymes.Core.Shared.Tests.dll" adapterTypeName="executor://mstestadapter/v2" className="Kitpymes.Core.Shared.Tests.DateTimeExtensionsTests" name="ToIsWeekend_Passing_Sunday_DateTime_Returns_True" />
    </UnitTest>
    <UnitTest name="ToUri_Passing_InvalidValueString_Returns_DefaultValue (http://##/)" storage="d:\sferrari\01_trabajo\repos\netcore\libs\template-netcore-shared\kitpymes.core.shared.tests\bin\release\net7.0\kitpymes.core.shared.tests.dll" id="f4cb6732-58b4-4d78-9e97-723d561eadb4">
      <Execution id="386f1099-8828-4767-be8d-094d79d652d0" />
      <TestMethod codeBase="D:\SFERRARI\01_TRABAJO\repos\netcore\libs\template-netcore-shared\Kitpymes.Core.Shared.Tests\bin\Release\net7.0\Kitpymes.Core.Shared.Tests.dll" adapterTypeName="executor://mstestadapter/v2" className="Kitpymes.Core.Shared.Tests.StringExtensionsTests" name="ToUri_Passing_InvalidValueString_Returns_DefaultValue" />
    </UnitTest>
    <UnitTest name="ToFullMessage_Passing_ExceptionWithMessageWithInnerException_Returns_MessageAndInnerException" storage="d:\sferrari\01_trabajo\repos\netcore\libs\template-netcore-shared\kitpymes.core.shared.tests\bin\release\net7.0\kitpymes.core.shared.tests.dll" id="03c6c044-5d23-472e-a826-8c3e9b570b2a">
      <Execution id="0cb439f0-6edb-42ff-94df-4ca39ef35194" />
      <TestMethod codeBase="D:\SFERRARI\01_TRABAJO\repos\netcore\libs\template-netcore-shared\Kitpymes.Core.Shared.Tests\bin\Release\net7.0\Kitpymes.Core.Shared.Tests.dll" adapterTypeName="executor://mstestadapter/v2" className="Kitpymes.Core.Shared.Tests.ExceptionExtensionsTests" name="ToFullMessage_Passing_ExceptionWithMessageWithInnerException_Returns_MessageAndInnerException" />
    </UnitTest>
    <UnitTest name="ToNormalize_Passing_ValidValue_Returns_NormalizedValue ( ,)" storage="d:\sferrari\01_trabajo\repos\netcore\libs\template-netcore-shared\kitpymes.core.shared.tests\bin\release\net7.0\kitpymes.core.shared.tests.dll" id="2d338714-4487-4d4d-8162-f10d1c0cdd4f">
      <Execution id="44554c7c-8ba8-4b69-bd2f-f4110ace7b13" />
      <TestMethod codeBase="D:\SFERRARI\01_TRABAJO\repos\netcore\libs\template-netcore-shared\Kitpymes.Core.Shared.Tests\bin\Release\net7.0\Kitpymes.Core.Shared.Tests.dll" adapterTypeName="executor://mstestadapter/v2" className="Kitpymes.Core.Shared.Tests.StringExtensionsTests" name="ToNormalize_Passing_ValidValue_Returns_NormalizedValue" />
    </UnitTest>
    <UnitTest name="ToEnvironment_ServiceCollection_Passing_Custom_Enviroment_Returns_Custom_Name" storage="d:\sferrari\01_trabajo\repos\netcore\libs\template-netcore-shared\kitpymes.core.shared.tests\bin\release\net7.0\kitpymes.core.shared.tests.dll" id="3f44cec3-2e89-41fa-a1eb-5b298431de54">
      <Execution id="da652023-6097-4e73-8f19-faee3514e064" />
      <TestMethod codeBase="D:\SFERRARI\01_TRABAJO\repos\netcore\libs\template-netcore-shared\Kitpymes.Core.Shared.Tests\bin\Release\net7.0\Kitpymes.Core.Shared.Tests.dll" adapterTypeName="executor://mstestadapter/v2" className="Kitpymes.Core.Shared.Tests.ConfigurationBuilderExtensionsTests" name="ToEnvironment_ServiceCollection_Passing_Custom_Enviroment_Returns_Custom_Name" />
    </UnitTest>
    <UnitTest name="ToNormalize_Passing_ValidValue_Returns_NormalizedValue (ç,c)" storage="d:\sferrari\01_trabajo\repos\netcore\libs\template-netcore-shared\kitpymes.core.shared.tests\bin\release\net7.0\kitpymes.core.shared.tests.dll" id="e0c15286-326d-46b9-8454-95f907d0aef8">
      <Execution id="21516fae-b115-4dc9-b392-9680b01fc0d8" />
      <TestMethod codeBase="D:\SFERRARI\01_TRABAJO\repos\netcore\libs\template-netcore-shared\Kitpymes.Core.Shared.Tests\bin\Release\net7.0\Kitpymes.Core.Shared.Tests.dll" adapterTypeName="executor://mstestadapter/v2" className="Kitpymes.Core.Shared.Tests.StringExtensionsTests" name="ToNormalize_Passing_ValidValue_Returns_NormalizedValue" />
    </UnitTest>
    <UnitTest name="ToUri_Passing_InvalidValueString_Returns_DefaultValue (http://??/)" storage="d:\sferrari\01_trabajo\repos\netcore\libs\template-netcore-shared\kitpymes.core.shared.tests\bin\release\net7.0\kitpymes.core.shared.tests.dll" id="4759db1d-4eda-432e-b77f-8f410944266a">
      <Execution id="26646b0a-29c7-46be-8bc3-07f7e25ed017" />
      <TestMethod codeBase="D:\SFERRARI\01_TRABAJO\repos\netcore\libs\template-netcore-shared\Kitpymes.Core.Shared.Tests\bin\Release\net7.0\Kitpymes.Core.Shared.Tests.dll" adapterTypeName="executor://mstestadapter/v2" className="Kitpymes.Core.Shared.Tests.StringExtensionsTests" name="ToUri_Passing_InvalidValueString_Returns_DefaultValue" />
    </UnitTest>
    <UnitTest name="ToServiceMatchingClass_Passing_Valid_Assembly_And_Valid_Class_Returns_Service" storage="d:\sferrari\01_trabajo\repos\netcore\libs\template-netcore-shared\kitpymes.core.shared.tests\bin\release\net7.0\kitpymes.core.shared.tests.dll" id="11355b0c-7117-4b11-99b5-7120fecbef04">
      <Execution id="8af9794e-a254-456e-bfc0-3ec2b9363170" />
      <TestMethod codeBase="D:\SFERRARI\01_TRABAJO\repos\netcore\libs\template-netcore-shared\Kitpymes.Core.Shared.Tests\bin\Release\net7.0\Kitpymes.Core.Shared.Tests.dll" adapterTypeName="executor://mstestadapter/v2" className="Kitpymes.Core.Shared.Tests.ConfigurationBuilderExtensionsTests" name="ToServiceMatchingClass_Passing_Valid_Assembly_And_Valid_Class_Returns_Service" />
    </UnitTest>
    <UnitTest name="ToRemove_Passing_ValidValue_Returns_ValueWithoutRemovedChars (* , ,*)" storage="d:\sferrari\01_trabajo\repos\netcore\libs\template-netcore-shared\kitpymes.core.shared.tests\bin\release\net7.0\kitpymes.core.shared.tests.dll" id="87bb86ee-0e17-4773-a587-36564e6573e9">
      <Execution id="bd08d0bf-f5aa-49c5-8a68-caf06a5a8984" />
      <TestMethod codeBase="D:\SFERRARI\01_TRABAJO\repos\netcore\libs\template-netcore-shared\Kitpymes.Core.Shared.Tests\bin\Release\net7.0\Kitpymes.Core.Shared.Tests.dll" adapterTypeName="executor://mstestadapter/v2" className="Kitpymes.Core.Shared.Tests.StringExtensionsTests" name="ToRemove_Passing_ValidValue_Returns_ValueWithoutRemovedChars" />
    </UnitTest>
    <UnitTest name="ToEndOfTheMonth_Passing_DateTime_Returns_End_Of_Month_DateTime" storage="d:\sferrari\01_trabajo\repos\netcore\libs\template-netcore-shared\kitpymes.core.shared.tests\bin\release\net7.0\kitpymes.core.shared.tests.dll" id="bb9f38e0-d49c-4a95-9abb-8ccda6fd7baf">
      <Execution id="057e099a-0bee-4351-9258-a74475068155" />
      <TestMethod codeBase="D:\SFERRARI\01_TRABAJO\repos\netcore\libs\template-netcore-shared\Kitpymes.Core.Shared.Tests\bin\Release\net7.0\Kitpymes.Core.Shared.Tests.dll" adapterTypeName="executor://mstestadapter/v2" className="Kitpymes.Core.Shared.Tests.DateTimeExtensionsTests" name="ToEndOfTheMonth_Passing_DateTime_Returns_End_Of_Month_DateTime" />
    </UnitTest>
    <UnitTest name="ToConfiguration_Passing_Key_Values_Returns_Ok" storage="d:\sferrari\01_trabajo\repos\netcore\libs\template-netcore-shared\kitpymes.core.shared.tests\bin\release\net7.0\kitpymes.core.shared.tests.dll" id="ccb19d41-7d34-4c12-a124-9e728f32e7cd">
      <Execution id="c74a2f6b-9a98-405d-8e7b-396b23b4b60c" />
      <TestMethod codeBase="D:\SFERRARI\01_TRABAJO\repos\netcore\libs\template-netcore-shared\Kitpymes.Core.Shared.Tests\bin\Release\net7.0\Kitpymes.Core.Shared.Tests.dll" adapterTypeName="executor://mstestadapter/v2" className="Kitpymes.Core.Shared.Tests.ConfigurationBuilderExtensionsTests" name="ToConfiguration_Passing_Key_Values_Returns_Ok" />
    </UnitTest>
    <UnitTest name="ToServiceMatchingClass_Passing_Empties_Assemblies_Returns_ApplicationException" storage="d:\sferrari\01_trabajo\repos\netcore\libs\template-netcore-shared\kitpymes.core.shared.tests\bin\release\net7.0\kitpymes.core.shared.tests.dll" id="d1c145cc-2e61-4bd1-b369-d22ad846aaf6">
      <Execution id="7bdfd7d9-fdba-4356-9b36-d371e87d392f" />
      <TestMethod codeBase="D:\SFERRARI\01_TRABAJO\repos\netcore\libs\template-netcore-shared\Kitpymes.Core.Shared.Tests\bin\Release\net7.0\Kitpymes.Core.Shared.Tests.dll" adapterTypeName="executor://mstestadapter/v2" className="Kitpymes.Core.Shared.Tests.ConfigurationBuilderExtensionsTests" name="ToServiceMatchingClass_Passing_Empties_Assemblies_Returns_ApplicationException" />
    </UnitTest>
    <UnitTest name="CreateRandom_WithDefaultAllowableCharacters_Passing_ValidArguments_Returns_String_Random_Value (10)" storage="d:\sferrari\01_trabajo\repos\netcore\libs\template-netcore-shared\kitpymes.core.shared.tests\bin\release\net7.0\kitpymes.core.shared.tests.dll" id="53ab2176-6e4d-4407-a836-7da4f6dc8a1d">
      <Execution id="8bd09d68-26d5-4bdf-8aac-82b3755fb928" />
      <TestMethod codeBase="D:\SFERRARI\01_TRABAJO\repos\netcore\libs\template-netcore-shared\Kitpymes.Core.Shared.Tests\bin\Release\net7.0\Kitpymes.Core.Shared.Tests.dll" adapterTypeName="executor://mstestadapter/v2" className="Kitpymes.Core.Shared.Tests.HashTests" name="CreateRandom_WithDefaultAllowableCharacters_Passing_ValidArguments_Returns_String_Random_Value" />
    </UnitTest>
    <UnitTest name="ResultBadRequest_WithErrors_Value" storage="d:\sferrari\01_trabajo\repos\netcore\libs\template-netcore-shared\kitpymes.core.shared.tests\bin\release\net7.0\kitpymes.core.shared.tests.dll" id="eb68e11b-0baf-42c8-b1d5-b61e474c6bac">
      <Execution id="68f29c93-1175-4a6f-a74e-0889ca45a3cb" />
      <TestMethod codeBase="D:\SFERRARI\01_TRABAJO\repos\netcore\libs\template-netcore-shared\Kitpymes.Core.Shared.Tests\bin\Release\net7.0\Kitpymes.Core.Shared.Tests.dll" adapterTypeName="executor://mstestadapter/v2" className="Kitpymes.Core.Shared.Tests.ResultTest" name="ResultBadRequest_WithErrors_Value" />
    </UnitTest>
    <UnitTest name="ToNormalize_Passing_ValidValue_Returns_NormalizedValue (héllo,hello)" storage="d:\sferrari\01_trabajo\repos\netcore\libs\template-netcore-shared\kitpymes.core.shared.tests\bin\release\net7.0\kitpymes.core.shared.tests.dll" id="4eeb5436-ff65-442f-8527-4d61c62d77e6">
      <Execution id="f702839c-ae5b-4689-a48b-f5de255821f4" />
      <TestMethod codeBase="D:\SFERRARI\01_TRABAJO\repos\netcore\libs\template-netcore-shared\Kitpymes.Core.Shared.Tests\bin\Release\net7.0\Kitpymes.Core.Shared.Tests.dll" adapterTypeName="executor://mstestadapter/v2" className="Kitpymes.Core.Shared.Tests.StringExtensionsTests" name="ToNormalize_Passing_ValidValue_Returns_NormalizedValue" />
    </UnitTest>
    <UnitTest name="ToDefaultValue_Passing_ushort_Returns_Cero" storage="d:\sferrari\01_trabajo\repos\netcore\libs\template-netcore-shared\kitpymes.core.shared.tests\bin\release\net7.0\kitpymes.core.shared.tests.dll" id="1a179697-cfea-4b56-a90f-77a7ab7a6766">
      <Execution id="5d545942-4468-41a8-a33d-25d90b562f51" />
      <TestMethod codeBase="D:\SFERRARI\01_TRABAJO\repos\netcore\libs\template-netcore-shared\Kitpymes.Core.Shared.Tests\bin\Release\net7.0\Kitpymes.Core.Shared.Tests.dll" adapterTypeName="executor://mstestadapter/v2" className="Kitpymes.Core.Shared.Tests.GenericExtensionsTests" name="ToDefaultValue_Passing_ushort_Returns_Cero" />
    </UnitTest>
    <UnitTest name="ResultBadRequest_WithErrors_KeyValue" storage="d:\sferrari\01_trabajo\repos\netcore\libs\template-netcore-shared\kitpymes.core.shared.tests\bin\release\net7.0\kitpymes.core.shared.tests.dll" id="275b95f3-7e78-4f08-81e1-6b2a4cf0aa72">
      <Execution id="018b1add-441a-4d44-bb8a-b32394ac4633" />
      <TestMethod codeBase="D:\SFERRARI\01_TRABAJO\repos\netcore\libs\template-netcore-shared\Kitpymes.Core.Shared.Tests\bin\Release\net7.0\Kitpymes.Core.Shared.Tests.dll" adapterTypeName="executor://mstestadapter/v2" className="Kitpymes.Core.Shared.Tests.ResultTest" name="ResultBadRequest_WithErrors_KeyValue" />
    </UnitTest>
    <UnitTest name="ToSecuencial_Passing_Guids_Returns_GuidsSecuencials" storage="d:\sferrari\01_trabajo\repos\netcore\libs\template-netcore-shared\kitpymes.core.shared.tests\bin\release\net7.0\kitpymes.core.shared.tests.dll" id="893381b2-536d-4a7c-9912-7ec52a66b189">
      <Execution id="e75ecd1b-78a0-4482-93ea-d8696d8c9e60" />
      <TestMethod codeBase="D:\SFERRARI\01_TRABAJO\repos\netcore\libs\template-netcore-shared\Kitpymes.Core.Shared.Tests\bin\Release\net7.0\Kitpymes.Core.Shared.Tests.dll" adapterTypeName="executor://mstestadapter/v2" className="Kitpymes.Core.Shared.Tests.GuidExtensionsTests" name="ToSecuencial_Passing_Guids_Returns_GuidsSecuencials" />
    </UnitTest>
    <UnitTest name="ToUri_Passing_InvalidValueString_Returns_Null (http://##)" storage="d:\sferrari\01_trabajo\repos\netcore\libs\template-netcore-shared\kitpymes.core.shared.tests\bin\release\net7.0\kitpymes.core.shared.tests.dll" id="ff7ef662-e411-47f8-bcd9-25a6c977744c">
      <Execution id="aa800f20-1963-428e-9db5-22f5bb2baf7e" />
      <TestMethod codeBase="D:\SFERRARI\01_TRABAJO\repos\netcore\libs\template-netcore-shared\Kitpymes.Core.Shared.Tests\bin\Release\net7.0\Kitpymes.Core.Shared.Tests.dll" adapterTypeName="executor://mstestadapter/v2" className="Kitpymes.Core.Shared.Tests.StringExtensionsTests" name="ToUri_Passing_InvalidValueString_Returns_Null" />
    </UnitTest>
    <UnitTest name="ToServiceMatchingInterface_Passing_Valid_Assembly_And_Valid_Interface_Returns_Service" storage="d:\sferrari\01_trabajo\repos\netcore\libs\template-netcore-shared\kitpymes.core.shared.tests\bin\release\net7.0\kitpymes.core.shared.tests.dll" id="2953f239-1ac7-49bd-9d97-2d7910fab2c5">
      <Execution id="9246192c-2285-4c21-8023-ca2ea3c65ee6" />
      <TestMethod codeBase="D:\SFERRARI\01_TRABAJO\repos\netcore\libs\template-netcore-shared\Kitpymes.Core.Shared.Tests\bin\Release\net7.0\Kitpymes.Core.Shared.Tests.dll" adapterTypeName="executor://mstestadapter/v2" className="Kitpymes.Core.Shared.Tests.ConfigurationBuilderExtensionsTests" name="ToServiceMatchingInterface_Passing_Valid_Assembly_And_Valid_Interface_Returns_Service" />
    </UnitTest>
    <UnitTest name="ResultDataBadRequest_WithErrors_KeyValue" storage="d:\sferrari\01_trabajo\repos\netcore\libs\template-netcore-shared\kitpymes.core.shared.tests\bin\release\net7.0\kitpymes.core.shared.tests.dll" id="1e1ba245-fd35-4529-93a1-82208fa9a2f9">
      <Execution id="1ffec194-89c0-44a3-8525-e82774aec159" />
      <TestMethod codeBase="D:\SFERRARI\01_TRABAJO\repos\netcore\libs\template-netcore-shared\Kitpymes.Core.Shared.Tests\bin\Release\net7.0\Kitpymes.Core.Shared.Tests.dll" adapterTypeName="executor://mstestadapter/v2" className="Kitpymes.Core.Shared.Tests.ResultTest" name="ResultDataBadRequest_WithErrors_KeyValue" />
    </UnitTest>
    <UnitTest name="ResultUnauthorized" storage="d:\sferrari\01_trabajo\repos\netcore\libs\template-netcore-shared\kitpymes.core.shared.tests\bin\release\net7.0\kitpymes.core.shared.tests.dll" id="c1cf136b-b918-4dd7-aa35-3788caea4be2">
      <Execution id="0fd12f12-d917-4750-ae23-aae41b293e59" />
      <TestMethod codeBase="D:\SFERRARI\01_TRABAJO\repos\netcore\libs\template-netcore-shared\Kitpymes.Core.Shared.Tests\bin\Release\net7.0\Kitpymes.Core.Shared.Tests.dll" adapterTypeName="executor://mstestadapter/v2" className="Kitpymes.Core.Shared.Tests.ResultTest" name="ResultUnauthorized" />
    </UnitTest>
    <UnitTest name="ToIsNameThrow_Passing_InvalidValue_Returns_ApplicationExceptionWithMessage" storage="d:\sferrari\01_trabajo\repos\netcore\libs\template-netcore-shared\kitpymes.core.shared.tests\bin\release\net7.0\kitpymes.core.shared.tests.dll" id="8e4bc49e-094a-450c-8514-e289ac4df4ac">
      <Execution id="4a26185e-284f-497c-8489-204f49ae93b9" />
      <TestMethod codeBase="D:\SFERRARI\01_TRABAJO\repos\netcore\libs\template-netcore-shared\Kitpymes.Core.Shared.Tests\bin\Release\net7.0\Kitpymes.Core.Shared.Tests.dll" adapterTypeName="executor://mstestadapter/v2" className="Kitpymes.Core.Shared.Tests.VerifyExtensionsTests" name="ToIsNameThrow_Passing_InvalidValue_Returns_ApplicationExceptionWithMessage" />
    </UnitTest>
    <UnitTest name="ToAuthenticationType_Passing_Claims_Returns_AuthenticationType_Name" storage="d:\sferrari\01_trabajo\repos\netcore\libs\template-netcore-shared\kitpymes.core.shared.tests\bin\release\net7.0\kitpymes.core.shared.tests.dll" id="98d78390-d352-4390-bdd3-f9f42168652f">
      <Execution id="016ae42d-121b-4bb2-824f-9fdf52296e09" />
      <TestMethod codeBase="D:\SFERRARI\01_TRABAJO\repos\netcore\libs\template-netcore-shared\Kitpymes.Core.Shared.Tests\bin\Release\net7.0\Kitpymes.Core.Shared.Tests.dll" adapterTypeName="executor://mstestadapter/v2" className="Kitpymes.Core.Shared.Tests.ClaimsPrincipalExtensionsTests" name="ToAuthenticationType_Passing_Claims_Returns_AuthenticationType_Name" />
    </UnitTest>
    <UnitTest name="ToTomorrow_Passing_DateTime_Returns_Tomorrow_DateTime" storage="d:\sferrari\01_trabajo\repos\netcore\libs\template-netcore-shared\kitpymes.core.shared.tests\bin\release\net7.0\kitpymes.core.shared.tests.dll" id="88b92321-4a72-4066-9a9f-34fafdb33df3">
      <Execution id="f11bb7b2-6977-45c2-83a7-5fe54f2a07d8" />
      <TestMethod codeBase="D:\SFERRARI\01_TRABAJO\repos\netcore\libs\template-netcore-shared\Kitpymes.Core.Shared.Tests\bin\Release\net7.0\Kitpymes.Core.Shared.Tests.dll" adapterTypeName="executor://mstestadapter/v2" className="Kitpymes.Core.Shared.Tests.DateTimeExtensionsTests" name="ToTomorrow_Passing_DateTime_Returns_Tomorrow_DateTime" />
    </UnitTest>
    <UnitTest name="ToUri_Passing_ValidValueString_Returns_Uri (http://-.~_!$&amp;'()*+,;=:%40:80%2f::::::@example.com)" storage="d:\sferrari\01_trabajo\repos\netcore\libs\template-netcore-shared\kitpymes.core.shared.tests\bin\release\net7.0\kitpymes.core.shared.tests.dll" id="6e9283e3-82a6-4c9f-8efe-918eebda97b9">
      <Execution id="f59b4295-fa22-4c35-8a59-885d5af568f2" />
      <TestMethod codeBase="D:\SFERRARI\01_TRABAJO\repos\netcore\libs\template-netcore-shared\Kitpymes.Core.Shared.Tests\bin\Release\net7.0\Kitpymes.Core.Shared.Tests.dll" adapterTypeName="executor://mstestadapter/v2" className="Kitpymes.Core.Shared.Tests.StringExtensionsTests" name="ToUri_Passing_ValidValueString_Returns_Uri" />
    </UnitTest>
    <UnitTest name="ToRemove_Passing_ValidValue_Returns_ValueWithoutRemovedChars ( *, ,*)" storage="d:\sferrari\01_trabajo\repos\netcore\libs\template-netcore-shared\kitpymes.core.shared.tests\bin\release\net7.0\kitpymes.core.shared.tests.dll" id="8573e3ec-b3f3-4eac-8a51-5d075df871ca">
      <Execution id="c7864ade-2fbf-4e2d-946f-9c89f864597b" />
      <TestMethod codeBase="D:\SFERRARI\01_TRABAJO\repos\netcore\libs\template-netcore-shared\Kitpymes.Core.Shared.Tests\bin\Release\net7.0\Kitpymes.Core.Shared.Tests.dll" adapterTypeName="executor://mstestadapter/v2" className="Kitpymes.Core.Shared.Tests.StringExtensionsTests" name="ToRemove_Passing_ValidValue_Returns_ValueWithoutRemovedChars" />
    </UnitTest>
    <UnitTest name="ThrowIfFileNotExists_Passing_InvalidValue_Returns_ApplicationExceptionWithMessage" storage="d:\sferrari\01_trabajo\repos\netcore\libs\template-netcore-shared\kitpymes.core.shared.tests\bin\release\net7.0\kitpymes.core.shared.tests.dll" id="6c367b70-c2d6-408f-8201-bcec1ac1f1f2">
      <Execution id="e19ec334-64a1-47f3-bba7-e6a420f737d0" />
      <TestMethod codeBase="D:\SFERRARI\01_TRABAJO\repos\netcore\libs\template-netcore-shared\Kitpymes.Core.Shared.Tests\bin\Release\net7.0\Kitpymes.Core.Shared.Tests.dll" adapterTypeName="executor://mstestadapter/v2" className="Kitpymes.Core.Shared.Tests.VerifyExtensionsTests" name="ThrowIfFileNotExists_Passing_InvalidValue_Returns_ApplicationExceptionWithMessage" />
    </UnitTest>
    <UnitTest name="CreateRandom_WithCustomAllowableCharacters_Passing_Valid_Arguments_Returns_String_Random_Value (5,aeiou123456)" storage="d:\sferrari\01_trabajo\repos\netcore\libs\template-netcore-shared\kitpymes.core.shared.tests\bin\release\net7.0\kitpymes.core.shared.tests.dll" id="6894d0dc-9bc7-4132-a978-085e54118486">
      <Execution id="fb42cf50-1c52-40ea-8178-e5629d39c97e" />
      <TestMethod codeBase="D:\SFERRARI\01_TRABAJO\repos\netcore\libs\template-netcore-shared\Kitpymes.Core.Shared.Tests\bin\Release\net7.0\Kitpymes.Core.Shared.Tests.dll" adapterTypeName="executor://mstestadapter/v2" className="Kitpymes.Core.Shared.Tests.HashTests" name="CreateRandom_WithCustomAllowableCharacters_Passing_Valid_Arguments_Returns_String_Random_Value" />
    </UnitTest>
    <UnitTest name="ToAssembly_Passing_ValidValueAssemblyString_Returns_Assembly" storage="d:\sferrari\01_trabajo\repos\netcore\libs\template-netcore-shared\kitpymes.core.shared.tests\bin\release\net7.0\kitpymes.core.shared.tests.dll" id="b0c72556-5b3c-442a-ae75-8d7384f484d9">
      <Execution id="64e4757d-5bd5-4503-b4dd-0bc19febae95" />
      <TestMethod codeBase="D:\SFERRARI\01_TRABAJO\repos\netcore\libs\template-netcore-shared\Kitpymes.Core.Shared.Tests\bin\Release\net7.0\Kitpymes.Core.Shared.Tests.dll" adapterTypeName="executor://mstestadapter/v2" className="Kitpymes.Core.Shared.Tests.StringExtensionsTests" name="ToAssembly_Passing_ValidValueAssemblyString_Returns_Assembly" />
    </UnitTest>
    <UnitTest name="ToReplaceSpecialChars_Passing_ValidValue_Returns_ReplacedValueWithoutIgnoreSpecialChars ( àáäâ ãøçħ , aaaa aoch )" storage="d:\sferrari\01_trabajo\repos\netcore\libs\template-netcore-shared\kitpymes.core.shared.tests\bin\release\net7.0\kitpymes.core.shared.tests.dll" id="e62e9177-2167-4d14-82cf-961657d0810f">
      <Execution id="1b768eb6-4dc8-4d58-91b8-31bc84e52582" />
      <TestMethod codeBase="D:\SFERRARI\01_TRABAJO\repos\netcore\libs\template-netcore-shared\Kitpymes.Core.Shared.Tests\bin\Release\net7.0\Kitpymes.Core.Shared.Tests.dll" adapterTypeName="executor://mstestadapter/v2" className="Kitpymes.Core.Shared.Tests.StringExtensionsTests" name="ToReplaceSpecialChars_Passing_ValidValue_Returns_ReplacedValueWithoutIgnoreSpecialChars" />
    </UnitTest>
    <UnitTest name="ThrowIfNotEmail_Passing_InvalidValue_Returns_ApplicationExceptionWithMessage (34?fsds@sdd.yy)" storage="d:\sferrari\01_trabajo\repos\netcore\libs\template-netcore-shared\kitpymes.core.shared.tests\bin\release\net7.0\kitpymes.core.shared.tests.dll" id="c6e90529-6be8-4668-8f9b-71fa68ece28d">
      <Execution id="a476338e-6ac4-4592-9723-2409061a68aa" />
      <TestMethod codeBase="D:\SFERRARI\01_TRABAJO\repos\netcore\libs\template-netcore-shared\Kitpymes.Core.Shared.Tests\bin\Release\net7.0\Kitpymes.Core.Shared.Tests.dll" adapterTypeName="executor://mstestadapter/v2" className="Kitpymes.Core.Shared.Tests.VerifyExtensionsTests" name="ThrowIfNotEmail_Passing_InvalidValue_Returns_ApplicationExceptionWithMessage" />
    </UnitTest>
    <UnitTest name="ToEmailMaskUserNameAndDomainAndExtension_Passing_ValidEmail_Returns_EmailWithMask (qazwsx@gmail.com,q****x@g***l.c*m)" storage="d:\sferrari\01_trabajo\repos\netcore\libs\template-netcore-shared\kitpymes.core.shared.tests\bin\release\net7.0\kitpymes.core.shared.tests.dll" id="5317b008-5d90-4e63-8a57-9fa7e75fbddc">
      <Execution id="fcdaed23-f4df-4e6e-a1a0-78af496b6062" />
      <TestMethod codeBase="D:\SFERRARI\01_TRABAJO\repos\netcore\libs\template-netcore-shared\Kitpymes.Core.Shared.Tests\bin\Release\net7.0\Kitpymes.Core.Shared.Tests.dll" adapterTypeName="executor://mstestadapter/v2" className="Kitpymes.Core.Shared.Tests.StringExtensionsTests" name="ToEmailMaskUserNameAndDomainAndExtension_Passing_ValidEmail_Returns_EmailWithMask" />
    </UnitTest>
    <UnitTest name="ToInt_Passing_Enumeration_Name_Returns_Value" storage="d:\sferrari\01_trabajo\repos\netcore\libs\template-netcore-shared\kitpymes.core.shared.tests\bin\release\net7.0\kitpymes.core.shared.tests.dll" id="f1d8f89d-7efb-4562-ac18-0a2542b72ac2">
      <Execution id="aed091e7-b41d-484b-896a-ab72ede1cd53" />
      <TestMethod codeBase="D:\SFERRARI\01_TRABAJO\repos\netcore\libs\template-netcore-shared\Kitpymes.Core.Shared.Tests\bin\Release\net7.0\Kitpymes.Core.Shared.Tests.dll" adapterTypeName="executor://mstestadapter/v2" className="Kitpymes.Core.Shared.Tests.EnumExtensionsTests" name="ToInt_Passing_Enumeration_Name_Returns_Value" />
    </UnitTest>
    <UnitTest name="ThrowIfNotSubdomain_Passing_InvalidValue_Returns_ApplicationExceptionWithMessage (34fsds@@sdd.f)" storage="d:\sferrari\01_trabajo\repos\netcore\libs\template-netcore-shared\kitpymes.core.shared.tests\bin\release\net7.0\kitpymes.core.shared.tests.dll" id="76d2cd6e-aa51-453c-a255-065faed394ff">
      <Execution id="603b1413-779f-4965-a8a0-2c57bb2633de" />
      <TestMethod codeBase="D:\SFERRARI\01_TRABAJO\repos\netcore\libs\template-netcore-shared\Kitpymes.Core.Shared.Tests\bin\Release\net7.0\Kitpymes.Core.Shared.Tests.dll" adapterTypeName="executor://mstestadapter/v2" className="Kitpymes.Core.Shared.Tests.VerifyExtensionsTests" name="ThrowIfNotSubdomain_Passing_InvalidValue_Returns_ApplicationExceptionWithMessage" />
    </UnitTest>
    <UnitTest name="ToRemove_Passing_ValidValue_Returns_ValueWithoutRemovedChars (aeiou,ei,aou)" storage="d:\sferrari\01_trabajo\repos\netcore\libs\template-netcore-shared\kitpymes.core.shared.tests\bin\release\net7.0\kitpymes.core.shared.tests.dll" id="c22a715c-ab22-4ea9-aeb6-6470f965cc61">
      <Execution id="23c14752-4cc8-4f87-b3f0-10c617fbfe91" />
      <TestMethod codeBase="D:\SFERRARI\01_TRABAJO\repos\netcore\libs\template-netcore-shared\Kitpymes.Core.Shared.Tests\bin\Release\net7.0\Kitpymes.Core.Shared.Tests.dll" adapterTypeName="executor://mstestadapter/v2" className="Kitpymes.Core.Shared.Tests.StringExtensionsTests" name="ToRemove_Passing_ValidValue_Returns_ValueWithoutRemovedChars" />
    </UnitTest>
    <UnitTest name="ToUri_Passing_ValidValueString_Returns_Uri (http://www.example.com/wpstyle/?p=364)" storage="d:\sferrari\01_trabajo\repos\netcore\libs\template-netcore-shared\kitpymes.core.shared.tests\bin\release\net7.0\kitpymes.core.shared.tests.dll" id="48815c6a-60b8-467d-9030-dbea915398c9">
      <Execution id="1886910b-ff6f-4e7b-8c82-a42b050fdf40" />
      <TestMethod codeBase="D:\SFERRARI\01_TRABAJO\repos\netcore\libs\template-netcore-shared\Kitpymes.Core.Shared.Tests\bin\Release\net7.0\Kitpymes.Core.Shared.Tests.dll" adapterTypeName="executor://mstestadapter/v2" className="Kitpymes.Core.Shared.Tests.StringExtensionsTests" name="ToUri_Passing_ValidValueString_Returns_Uri" />
    </UnitTest>
    <UnitTest name="ToUri_Passing_ValidValueString_Returns_Uri (http://☺.damowmow.com/)" storage="d:\sferrari\01_trabajo\repos\netcore\libs\template-netcore-shared\kitpymes.core.shared.tests\bin\release\net7.0\kitpymes.core.shared.tests.dll" id="77066aef-2f05-4efa-96d2-6da7e45f2ce9">
      <Execution id="475f8e7d-8a82-459b-a2b0-6c0a87a3b36d" />
      <TestMethod codeBase="D:\SFERRARI\01_TRABAJO\repos\netcore\libs\template-netcore-shared\Kitpymes.Core.Shared.Tests\bin\Release\net7.0\Kitpymes.Core.Shared.Tests.dll" adapterTypeName="executor://mstestadapter/v2" className="Kitpymes.Core.Shared.Tests.StringExtensionsTests" name="ToUri_Passing_ValidValueString_Returns_Uri" />
    </UnitTest>
    <UnitTest name="ThrowIfNotSubdomain_Passing_InvalidValue_Returns_ApplicationExceptionWithMessage (dasdasd@dsasd.._ff)" storage="d:\sferrari\01_trabajo\repos\netcore\libs\template-netcore-shared\kitpymes.core.shared.tests\bin\release\net7.0\kitpymes.core.shared.tests.dll" id="8549ddc1-8f0e-4657-948e-f6d689880a33">
      <Execution id="424ea91a-34e5-4fad-9462-3ff6821feae7" />
      <TestMethod codeBase="D:\SFERRARI\01_TRABAJO\repos\netcore\libs\template-netcore-shared\Kitpymes.Core.Shared.Tests\bin\Release\net7.0\Kitpymes.Core.Shared.Tests.dll" adapterTypeName="executor://mstestadapter/v2" className="Kitpymes.Core.Shared.Tests.VerifyExtensionsTests" name="ThrowIfNotSubdomain_Passing_InvalidValue_Returns_ApplicationExceptionWithMessage" />
    </UnitTest>
    <UnitTest name="ThrowIfNotSubdomain_Passing_InvalidValue_Returns_ApplicationExceptionWithMessage (34?fsds@sdd.yy)" storage="d:\sferrari\01_trabajo\repos\netcore\libs\template-netcore-shared\kitpymes.core.shared.tests\bin\release\net7.0\kitpymes.core.shared.tests.dll" id="e9e07305-a017-4f3d-8e40-cc0908c1a8fd">
      <Execution id="4a963492-fe8e-4a73-928d-c7591f6223a8" />
      <TestMethod codeBase="D:\SFERRARI\01_TRABAJO\repos\netcore\libs\template-netcore-shared\Kitpymes.Core.Shared.Tests\bin\Release\net7.0\Kitpymes.Core.Shared.Tests.dll" adapterTypeName="executor://mstestadapter/v2" className="Kitpymes.Core.Shared.Tests.VerifyExtensionsTests" name="ThrowIfNotSubdomain_Passing_InvalidValue_Returns_ApplicationExceptionWithMessage" />
    </UnitTest>
    <UnitTest name="ToList_Passing_ValidEnumType_Returns_ValuesList" storage="d:\sferrari\01_trabajo\repos\netcore\libs\template-netcore-shared\kitpymes.core.shared.tests\bin\release\net7.0\kitpymes.core.shared.tests.dll" id="caf74a27-e321-499a-93cd-15098f377346">
      <Execution id="314f74ef-a99c-4c31-962b-f039375c334f" />
      <TestMethod codeBase="D:\SFERRARI\01_TRABAJO\repos\netcore\libs\template-netcore-shared\Kitpymes.Core.Shared.Tests\bin\Release\net7.0\Kitpymes.Core.Shared.Tests.dll" adapterTypeName="executor://mstestadapter/v2" className="Kitpymes.Core.Shared.Tests.EnumsTests" name="ToList_Passing_ValidEnumType_Returns_ValuesList" />
    </UnitTest>
    <UnitTest name="ToWhere_Passing_Valid_Predicate_Returns_Filter_List" storage="d:\sferrari\01_trabajo\repos\netcore\libs\template-netcore-shared\kitpymes.core.shared.tests\bin\release\net7.0\kitpymes.core.shared.tests.dll" id="c9006bdf-d89e-4ab6-a3bb-ee5e9e7861da">
      <Execution id="0fa8da7c-3cf5-4544-9d3c-d693269034c9" />
      <TestMethod codeBase="D:\SFERRARI\01_TRABAJO\repos\netcore\libs\template-netcore-shared\Kitpymes.Core.Shared.Tests\bin\Release\net7.0\Kitpymes.Core.Shared.Tests.dll" adapterTypeName="executor://mstestadapter/v2" className="Kitpymes.Core.Shared.Tests.QueryableExtensionsTests" name="ToWhere_Passing_Valid_Predicate_Returns_Filter_List" />
    </UnitTest>
    <UnitTest name="ToEnum_Passing_InvalidValueInt_Returns_EnumDefaultValue" storage="d:\sferrari\01_trabajo\repos\netcore\libs\template-netcore-shared\kitpymes.core.shared.tests\bin\release\net7.0\kitpymes.core.shared.tests.dll" id="c5b4f4cb-6f7b-4d1b-a57b-15569d8d466e">
      <Execution id="7f0bafc7-b1bc-40ef-89ca-9de6ad18dd4c" />
      <TestMethod codeBase="D:\SFERRARI\01_TRABAJO\repos\netcore\libs\template-netcore-shared\Kitpymes.Core.Shared.Tests\bin\Release\net7.0\Kitpymes.Core.Shared.Tests.dll" adapterTypeName="executor://mstestadapter/v2" className="Kitpymes.Core.Shared.Tests.StringExtensionsTests" name="ToEnum_Passing_InvalidValueInt_Returns_EnumDefaultValue" />
    </UnitTest>
    <UnitTest name="ToUri_Passing_InvalidValueString_Returns_Null (http://?)" storage="d:\sferrari\01_trabajo\repos\netcore\libs\template-netcore-shared\kitpymes.core.shared.tests\bin\release\net7.0\kitpymes.core.shared.tests.dll" id="7ba56987-48ac-42cf-ba1b-8515088d1a11">
      <Execution id="3e69f52c-33b5-4e95-b2e2-3ab70be52625" />
      <TestMethod codeBase="D:\SFERRARI\01_TRABAJO\repos\netcore\libs\template-netcore-shared\Kitpymes.Core.Shared.Tests\bin\Release\net7.0\Kitpymes.Core.Shared.Tests.dll" adapterTypeName="executor://mstestadapter/v2" className="Kitpymes.Core.Shared.Tests.StringExtensionsTests" name="ToUri_Passing_InvalidValueString_Returns_Null" />
    </UnitTest>
    <UnitTest name="ToUri_Passing_ValidValueString_Returns_Uri (https://foo.com/blah_blah?p=5&amp;j=fe)" storage="d:\sferrari\01_trabajo\repos\netcore\libs\template-netcore-shared\kitpymes.core.shared.tests\bin\release\net7.0\kitpymes.core.shared.tests.dll" id="fc61df5d-b94c-42ee-8be0-eb2c56218478">
      <Execution id="1103c6b7-b05f-47fe-ab79-98713c0bf412" />
      <TestMethod codeBase="D:\SFERRARI\01_TRABAJO\repos\netcore\libs\template-netcore-shared\Kitpymes.Core.Shared.Tests\bin\Release\net7.0\Kitpymes.Core.Shared.Tests.dll" adapterTypeName="executor://mstestadapter/v2" className="Kitpymes.Core.Shared.Tests.StringExtensionsTests" name="ToUri_Passing_ValidValueString_Returns_Uri" />
    </UnitTest>
    <UnitTest name="ToServiceMatchingInterface_Passing_Empties_Assemblies_Returns_ApplicationException" storage="d:\sferrari\01_trabajo\repos\netcore\libs\template-netcore-shared\kitpymes.core.shared.tests\bin\release\net7.0\kitpymes.core.shared.tests.dll" id="7ee9e04f-6c3d-44f0-974d-00685c799828">
      <Execution id="fcf9bbc6-bff6-4baf-812d-79c56908971c" />
      <TestMethod codeBase="D:\SFERRARI\01_TRABAJO\repos\netcore\libs\template-netcore-shared\Kitpymes.Core.Shared.Tests\bin\Release\net7.0\Kitpymes.Core.Shared.Tests.dll" adapterTypeName="executor://mstestadapter/v2" className="Kitpymes.Core.Shared.Tests.ConfigurationBuilderExtensionsTests" name="ToServiceMatchingInterface_Passing_Empties_Assemblies_Returns_ApplicationException" />
    </UnitTest>
    <UnitTest name="ToPaged_Passing_Age_Descending_Order_Returns_Filter_List" storage="d:\sferrari\01_trabajo\repos\netcore\libs\template-netcore-shared\kitpymes.core.shared.tests\bin\release\net7.0\kitpymes.core.shared.tests.dll" id="58173c3c-8db4-4770-a515-46e1e1879aba">
      <Execution id="b2f20dcd-3aa7-41c0-bc74-e5e969fdfe1f" />
      <TestMethod codeBase="D:\SFERRARI\01_TRABAJO\repos\netcore\libs\template-netcore-shared\Kitpymes.Core.Shared.Tests\bin\Release\net7.0\Kitpymes.Core.Shared.Tests.dll" adapterTypeName="executor://mstestadapter/v2" className="Kitpymes.Core.Shared.Tests.QueryableExtensionsTests" name="ToPaged_Passing_Age_Descending_Order_Returns_Filter_List" />
    </UnitTest>
    <UnitTest name="ToStringFormat_Passing_ValidValue_Returns_ValueWithoutRemovedChars (-2147483648)" storage="d:\sferrari\01_trabajo\repos\netcore\libs\template-netcore-shared\kitpymes.core.shared.tests\bin\release\net7.0\kitpymes.core.shared.tests.dll" id="1c227780-75fa-4561-9c09-949abe2f2ee3">
      <Execution id="91ee5268-5842-4257-9605-04a291bc26e3" />
      <TestMethod codeBase="D:\SFERRARI\01_TRABAJO\repos\netcore\libs\template-netcore-shared\Kitpymes.Core.Shared.Tests\bin\Release\net7.0\Kitpymes.Core.Shared.Tests.dll" adapterTypeName="executor://mstestadapter/v2" className="Kitpymes.Core.Shared.Tests.IntegerExtensionsTests" name="ToStringFormat_Passing_ValidValue_Returns_ValueWithoutRemovedChars" />
    </UnitTest>
    <UnitTest name="ToUri_Passing_ValidValueString_Returns_Uri (http://➡.ws/䨹)" storage="d:\sferrari\01_trabajo\repos\netcore\libs\template-netcore-shared\kitpymes.core.shared.tests\bin\release\net7.0\kitpymes.core.shared.tests.dll" id="aefdb726-40f6-44aa-9027-0733034a2e34">
      <Execution id="d3c823ae-b2c2-4c83-99d5-7bd27d72d8dd" />
      <TestMethod codeBase="D:\SFERRARI\01_TRABAJO\repos\netcore\libs\template-netcore-shared\Kitpymes.Core.Shared.Tests\bin\Release\net7.0\Kitpymes.Core.Shared.Tests.dll" adapterTypeName="executor://mstestadapter/v2" className="Kitpymes.Core.Shared.Tests.StringExtensionsTests" name="ToUri_Passing_ValidValueString_Returns_Uri" />
    </UnitTest>
    <UnitTest name="ToConfiguration_Passing_Invalid_DirectoryPath_Returns_ApplicationException" storage="d:\sferrari\01_trabajo\repos\netcore\libs\template-netcore-shared\kitpymes.core.shared.tests\bin\release\net7.0\kitpymes.core.shared.tests.dll" id="0540a570-e892-416f-9548-c933a699d4c3">
      <Execution id="f4756c57-d25c-4e8d-9cfa-9b6aa7ef233d" />
      <TestMethod codeBase="D:\SFERRARI\01_TRABAJO\repos\netcore\libs\template-netcore-shared\Kitpymes.Core.Shared.Tests\bin\Release\net7.0\Kitpymes.Core.Shared.Tests.dll" adapterTypeName="executor://mstestadapter/v2" className="Kitpymes.Core.Shared.Tests.ConfigurationBuilderExtensionsTests" name="ToConfiguration_Passing_Invalid_DirectoryPath_Returns_ApplicationException" />
    </UnitTest>
    <UnitTest name="CreateRandom_WithDefaultAllowableCharacters_Passing_ValidArguments_Returns_String_Random_Value (5)" storage="d:\sferrari\01_trabajo\repos\netcore\libs\template-netcore-shared\kitpymes.core.shared.tests\bin\release\net7.0\kitpymes.core.shared.tests.dll" id="d4599c61-b7f7-48d3-81f8-c806ee6bc815">
      <Execution id="6c443518-00b0-4244-82f7-7147877e0229" />
      <TestMethod codeBase="D:\SFERRARI\01_TRABAJO\repos\netcore\libs\template-netcore-shared\Kitpymes.Core.Shared.Tests\bin\Release\net7.0\Kitpymes.Core.Shared.Tests.dll" adapterTypeName="executor://mstestadapter/v2" className="Kitpymes.Core.Shared.Tests.HashTests" name="CreateRandom_WithDefaultAllowableCharacters_Passing_ValidArguments_Returns_String_Random_Value" />
    </UnitTest>
    <UnitTest name="ToExists_Passing_Valid_Service_Returns_True" storage="d:\sferrari\01_trabajo\repos\netcore\libs\template-netcore-shared\kitpymes.core.shared.tests\bin\release\net7.0\kitpymes.core.shared.tests.dll" id="bcb3969f-ccac-48e5-9a02-7526ebdb53c8">
      <Execution id="1fa43e87-b8f5-4fd9-9281-25875661297b" />
      <TestMethod codeBase="D:\SFERRARI\01_TRABAJO\repos\netcore\libs\template-netcore-shared\Kitpymes.Core.Shared.Tests\bin\Release\net7.0\Kitpymes.Core.Shared.Tests.dll" adapterTypeName="executor://mstestadapter/v2" className="Kitpymes.Core.Shared.Tests.ApplicationBuilderExtensionsTests" name="ToExists_Passing_Valid_Service_Returns_True" />
    </UnitTest>
    <UnitTest name="ToNormalize_Passing_ValidValue_Returns_NormalizedValue (ñ Ñ,n N)" storage="d:\sferrari\01_trabajo\repos\netcore\libs\template-netcore-shared\kitpymes.core.shared.tests\bin\release\net7.0\kitpymes.core.shared.tests.dll" id="db7bf1f9-253e-42a9-a66a-8012114cb436">
      <Execution id="da6b945b-0e58-4f67-b3a2-a395284ce781" />
      <TestMethod codeBase="D:\SFERRARI\01_TRABAJO\repos\netcore\libs\template-netcore-shared\Kitpymes.Core.Shared.Tests\bin\Release\net7.0\Kitpymes.Core.Shared.Tests.dll" adapterTypeName="executor://mstestadapter/v2" className="Kitpymes.Core.Shared.Tests.StringExtensionsTests" name="ToNormalize_Passing_ValidValue_Returns_NormalizedValue" />
    </UnitTest>
    <UnitTest name="ToCount_Passing_ValidEnumType_Returns_Count" storage="d:\sferrari\01_trabajo\repos\netcore\libs\template-netcore-shared\kitpymes.core.shared.tests\bin\release\net7.0\kitpymes.core.shared.tests.dll" id="ea6e2092-6a44-4ce8-952e-70c5ccc95561">
      <Execution id="4d5701bf-15c5-4ff8-8ad7-fbd9c9c8f763" />
      <TestMethod codeBase="D:\SFERRARI\01_TRABAJO\repos\netcore\libs\template-netcore-shared\Kitpymes.Core.Shared.Tests\bin\Release\net7.0\Kitpymes.Core.Shared.Tests.dll" adapterTypeName="executor://mstestadapter/v2" className="Kitpymes.Core.Shared.Tests.EnumsTests" name="ToCount_Passing_ValidEnumType_Returns_Count" />
    </UnitTest>
    <UnitTest name="ToDirectoryReadFileAsync_Passing_ValidValue_Returns_False" storage="d:\sferrari\01_trabajo\repos\netcore\libs\template-netcore-shared\kitpymes.core.shared.tests\bin\release\net7.0\kitpymes.core.shared.tests.dll" id="be6b6e49-dd1a-42f0-ae09-65d81637c53a">
      <Execution id="965494e0-c157-495e-bdfc-11a672726cda" />
      <TestMethod codeBase="D:\SFERRARI\01_TRABAJO\repos\netcore\libs\template-netcore-shared\Kitpymes.Core.Shared.Tests\bin\Release\net7.0\Kitpymes.Core.Shared.Tests.dll" adapterTypeName="executor://mstestadapter/v2" className="Kitpymes.Core.Shared.Tests.StringExtensionsTests" name="ToDirectoryReadFileAsync_Passing_ValidValue_Returns_False" />
    </UnitTest>
    <UnitTest name="ToUri_Passing_ValidValueString_Returns_Uri (//foo.com/blah_blah?p=5)" storage="d:\sferrari\01_trabajo\repos\netcore\libs\template-netcore-shared\kitpymes.core.shared.tests\bin\release\net7.0\kitpymes.core.shared.tests.dll" id="250ca389-ee83-4cd2-9d80-91c77e0d8563">
      <Execution id="435713e8-e658-4648-86f6-1dfe226e7000" />
      <TestMethod codeBase="D:\SFERRARI\01_TRABAJO\repos\netcore\libs\template-netcore-shared\Kitpymes.Core.Shared.Tests\bin\Release\net7.0\Kitpymes.Core.Shared.Tests.dll" adapterTypeName="executor://mstestadapter/v2" className="Kitpymes.Core.Shared.Tests.StringExtensionsTests" name="ToUri_Passing_ValidValueString_Returns_Uri" />
    </UnitTest>
    <UnitTest name="ResultErrorData_WithTitle_WithStatusCode_WithDetails_WithExceptionType_WithMessages_WithErrors" storage="d:\sferrari\01_trabajo\repos\netcore\libs\template-netcore-shared\kitpymes.core.shared.tests\bin\release\net7.0\kitpymes.core.shared.tests.dll" id="d822f221-5d60-4615-a714-67bf0b5b4aab">
      <Execution id="cd86f3ec-6185-49fc-ba8d-acccff4c55cd" />
      <TestMethod codeBase="D:\SFERRARI\01_TRABAJO\repos\netcore\libs\template-netcore-shared\Kitpymes.Core.Shared.Tests\bin\Release\net7.0\Kitpymes.Core.Shared.Tests.dll" adapterTypeName="executor://mstestadapter/v2" className="Kitpymes.Core.Shared.Tests.ResultTest" name="ResultErrorData_WithTitle_WithStatusCode_WithDetails_WithExceptionType_WithMessages_WithErrors" />
    </UnitTest>
    <UnitTest name="ToIsWeekend_Passing_Saturday_DateTime_Returns_True" storage="d:\sferrari\01_trabajo\repos\netcore\libs\template-netcore-shared\kitpymes.core.shared.tests\bin\release\net7.0\kitpymes.core.shared.tests.dll" id="5ad2e2fe-55c1-49fd-b191-f941b51fb72b">
      <Execution id="244e5091-5593-453e-ae4f-40cf10d945b7" />
      <TestMethod codeBase="D:\SFERRARI\01_TRABAJO\repos\netcore\libs\template-netcore-shared\Kitpymes.Core.Shared.Tests\bin\Release\net7.0\Kitpymes.Core.Shared.Tests.dll" adapterTypeName="executor://mstestadapter/v2" className="Kitpymes.Core.Shared.Tests.DateTimeExtensionsTests" name="ToIsWeekend_Passing_Saturday_DateTime_Returns_True" />
    </UnitTest>
    <UnitTest name="ToUri_Passing_ValidValueString_Returns_Uri (http://foo.com/(something)?after=parens)" storage="d:\sferrari\01_trabajo\repos\netcore\libs\template-netcore-shared\kitpymes.core.shared.tests\bin\release\net7.0\kitpymes.core.shared.tests.dll" id="3ce8f0d8-ba0a-4706-8d67-1c1ea78981a8">
      <Execution id="55337da5-7d48-4e5f-a2d0-59845120cc7a" />
      <TestMethod codeBase="D:\SFERRARI\01_TRABAJO\repos\netcore\libs\template-netcore-shared\Kitpymes.Core.Shared.Tests\bin\Release\net7.0\Kitpymes.Core.Shared.Tests.dll" adapterTypeName="executor://mstestadapter/v2" className="Kitpymes.Core.Shared.Tests.StringExtensionsTests" name="ToUri_Passing_ValidValueString_Returns_Uri" />
    </UnitTest>
    <UnitTest name="ToMapList_Passing_Source_Type_And_Destination_Type_Returns_Destination_Object_List" storage="d:\sferrari\01_trabajo\repos\netcore\libs\template-netcore-shared\kitpymes.core.shared.tests\bin\release\net7.0\kitpymes.core.shared.tests.dll" id="65d630e4-375d-4f79-b8e0-707ee8d4037d">
      <Execution id="41723952-2630-465d-8d24-239576a87886" />
      <TestMethod codeBase="D:\SFERRARI\01_TRABAJO\repos\netcore\libs\template-netcore-shared\Kitpymes.Core.Shared.Tests\bin\Release\net7.0\Kitpymes.Core.Shared.Tests.dll" adapterTypeName="executor://mstestadapter/v2" className="Kitpymes.Core.Shared.Tests.AgileMapperExtensionsTests" name="ToMapList_Passing_Source_Type_And_Destination_Type_Returns_Destination_Object_List" />
    </UnitTest>
    <UnitTest name="ToDefaultValue_Passing_decimal_Returns_Cero" storage="d:\sferrari\01_trabajo\repos\netcore\libs\template-netcore-shared\kitpymes.core.shared.tests\bin\release\net7.0\kitpymes.core.shared.tests.dll" id="b205b43f-287c-4479-a181-51245046465a">
      <Execution id="7a829002-676a-4e9c-b47d-f3d79a7793d5" />
      <TestMethod codeBase="D:\SFERRARI\01_TRABAJO\repos\netcore\libs\template-netcore-shared\Kitpymes.Core.Shared.Tests\bin\Release\net7.0\Kitpymes.Core.Shared.Tests.dll" adapterTypeName="executor://mstestadapter/v2" className="Kitpymes.Core.Shared.Tests.GenericExtensionsTests" name="ToDefaultValue_Passing_decimal_Returns_Cero" />
    </UnitTest>
    <UnitTest name="ToString_Passing_Valid_Collection_Returns_String_With_Default_Separator" storage="d:\sferrari\01_trabajo\repos\netcore\libs\template-netcore-shared\kitpymes.core.shared.tests\bin\release\net7.0\kitpymes.core.shared.tests.dll" id="ff762018-88dd-4625-97d1-bc04098ea0f0">
      <Execution id="1ab77c00-fc35-4f78-af75-559ac5049b3b" />
      <TestMethod codeBase="D:\SFERRARI\01_TRABAJO\repos\netcore\libs\template-netcore-shared\Kitpymes.Core.Shared.Tests\bin\Release\net7.0\Kitpymes.Core.Shared.Tests.dll" adapterTypeName="executor://mstestadapter/v2" className="Kitpymes.Core.Shared.Tests.EnumerableExtensionsTests" name="ToString_Passing_Valid_Collection_Returns_String_With_Default_Separator" />
    </UnitTest>
    <UnitTest name="ToUri_Passing_ValidValueString_Returns_Uri (http://1337.net)" storage="d:\sferrari\01_trabajo\repos\netcore\libs\template-netcore-shared\kitpymes.core.shared.tests\bin\release\net7.0\kitpymes.core.shared.tests.dll" id="dcdbadfc-255e-49cd-a9a9-1c6fa80f88ac">
      <Execution id="9832228d-5ad7-4ac5-bda5-00ec8f713dda" />
      <TestMethod codeBase="D:\SFERRARI\01_TRABAJO\repos\netcore\libs\template-netcore-shared\Kitpymes.Core.Shared.Tests\bin\Release\net7.0\Kitpymes.Core.Shared.Tests.dll" adapterTypeName="executor://mstestadapter/v2" className="Kitpymes.Core.Shared.Tests.StringExtensionsTests" name="ToUri_Passing_ValidValueString_Returns_Uri" />
    </UnitTest>
    <UnitTest name="ThrowIfNotEmail_Passing_InvalidValue_Returns_ApplicationExceptionWithMessage (34fsds@@sdd.f)" storage="d:\sferrari\01_trabajo\repos\netcore\libs\template-netcore-shared\kitpymes.core.shared.tests\bin\release\net7.0\kitpymes.core.shared.tests.dll" id="a111f2c4-efc0-499b-96cb-e51e8fc17b8d">
      <Execution id="113af5ba-2f94-4ba8-a545-b50d1597d0fb" />
      <TestMethod codeBase="D:\SFERRARI\01_TRABAJO\repos\netcore\libs\template-netcore-shared\Kitpymes.Core.Shared.Tests\bin\Release\net7.0\Kitpymes.Core.Shared.Tests.dll" adapterTypeName="executor://mstestadapter/v2" className="Kitpymes.Core.Shared.Tests.VerifyExtensionsTests" name="ThrowIfNotEmail_Passing_InvalidValue_Returns_ApplicationExceptionWithMessage" />
    </UnitTest>
    <UnitTest name="ToRemove_Passing_ValidValue_Returns_ValueWithoutRemovedChars (aeiou,aei,ou)" storage="d:\sferrari\01_trabajo\repos\netcore\libs\template-netcore-shared\kitpymes.core.shared.tests\bin\release\net7.0\kitpymes.core.shared.tests.dll" id="721c7296-40f6-456b-89d1-db1813fcf1e8">
      <Execution id="99c6a85e-0c4c-40b9-8c3e-c319c19c5ccf" />
      <TestMethod codeBase="D:\SFERRARI\01_TRABAJO\repos\netcore\libs\template-netcore-shared\Kitpymes.Core.Shared.Tests\bin\Release\net7.0\Kitpymes.Core.Shared.Tests.dll" adapterTypeName="executor://mstestadapter/v2" className="Kitpymes.Core.Shared.Tests.StringExtensionsTests" name="ToRemove_Passing_ValidValue_Returns_ValueWithoutRemovedChars" />
    </UnitTest>
    <UnitTest name="ToBytes_Passing_Object_Returns_Bytes" storage="d:\sferrari\01_trabajo\repos\netcore\libs\template-netcore-shared\kitpymes.core.shared.tests\bin\release\net7.0\kitpymes.core.shared.tests.dll" id="c13ae19c-4ba7-4369-b3f6-e6a37c1af97d">
      <Execution id="ad472544-dab1-451f-b218-9b53edac8603" />
      <TestMethod codeBase="D:\SFERRARI\01_TRABAJO\repos\netcore\libs\template-netcore-shared\Kitpymes.Core.Shared.Tests\bin\Release\net7.0\Kitpymes.Core.Shared.Tests.dll" adapterTypeName="executor://mstestadapter/v2" className="Kitpymes.Core.Shared.Tests.GenericExtensionsTests" name="ToBytes_Passing_Object_Returns_Bytes" />
    </UnitTest>
    <UnitTest name="ToAge_Passing_Birthday_DateTime_Returns_Age" storage="d:\sferrari\01_trabajo\repos\netcore\libs\template-netcore-shared\kitpymes.core.shared.tests\bin\release\net7.0\kitpymes.core.shared.tests.dll" id="c1b8741c-78be-4cdf-8818-de0829e5175b">
      <Execution id="f2f732c9-bd2a-4ba4-8796-b87db2251656" />
      <TestMethod codeBase="D:\SFERRARI\01_TRABAJO\repos\netcore\libs\template-netcore-shared\Kitpymes.Core.Shared.Tests\bin\Release\net7.0\Kitpymes.Core.Shared.Tests.dll" adapterTypeName="executor://mstestadapter/v2" className="Kitpymes.Core.Shared.Tests.DateTimeExtensionsTests" name="ToAge_Passing_Birthday_DateTime_Returns_Age" />
    </UnitTest>
    <UnitTest name="ToRemove_Passing_ValidValue_Returns_ValueWithoutRemovedChars (aeiou,aeio,u)" storage="d:\sferrari\01_trabajo\repos\netcore\libs\template-netcore-shared\kitpymes.core.shared.tests\bin\release\net7.0\kitpymes.core.shared.tests.dll" id="7f970aeb-cc92-48d6-9a8d-23a15ca99873">
      <Execution id="11d511c0-2738-41b2-af4f-429d3da34164" />
      <TestMethod codeBase="D:\SFERRARI\01_TRABAJO\repos\netcore\libs\template-netcore-shared\Kitpymes.Core.Shared.Tests\bin\Release\net7.0\Kitpymes.Core.Shared.Tests.dll" adapterTypeName="executor://mstestadapter/v2" className="Kitpymes.Core.Shared.Tests.StringExtensionsTests" name="ToRemove_Passing_ValidValue_Returns_ValueWithoutRemovedChars" />
    </UnitTest>
    <UnitTest name="ToNormalize_Passing_ValidValue_Returns_NormalizedValue (Ç,C)" storage="d:\sferrari\01_trabajo\repos\netcore\libs\template-netcore-shared\kitpymes.core.shared.tests\bin\release\net7.0\kitpymes.core.shared.tests.dll" id="feb238e2-6c41-44db-b8b8-9c30e913e9b6">
      <Execution id="9b947451-a62b-4f4c-a585-e7e463f03843" />
      <TestMethod codeBase="D:\SFERRARI\01_TRABAJO\repos\netcore\libs\template-netcore-shared\Kitpymes.Core.Shared.Tests\bin\Release\net7.0\Kitpymes.Core.Shared.Tests.dll" adapterTypeName="executor://mstestadapter/v2" className="Kitpymes.Core.Shared.Tests.StringExtensionsTests" name="ToNormalize_Passing_ValidValue_Returns_NormalizedValue" />
    </UnitTest>
    <UnitTest name="ToUri_Passing_ValidValueString_Returns_Uri (http://userid@example.com)" storage="d:\sferrari\01_trabajo\repos\netcore\libs\template-netcore-shared\kitpymes.core.shared.tests\bin\release\net7.0\kitpymes.core.shared.tests.dll" id="5914da7f-fa50-40c8-beb9-e1126736f37b">
      <Execution id="041e6758-e19a-4067-819b-823e11022c75" />
      <TestMethod codeBase="D:\SFERRARI\01_TRABAJO\repos\netcore\libs\template-netcore-shared\Kitpymes.Core.Shared.Tests\bin\Release\net7.0\Kitpymes.Core.Shared.Tests.dll" adapterTypeName="executor://mstestadapter/v2" className="Kitpymes.Core.Shared.Tests.StringExtensionsTests" name="ToUri_Passing_ValidValueString_Returns_Uri" />
    </UnitTest>
    <UnitTest name="ToEnvironment_ServiceCollection_Passing_Development_Enviroment_Returns_Development_Name" storage="d:\sferrari\01_trabajo\repos\netcore\libs\template-netcore-shared\kitpymes.core.shared.tests\bin\release\net7.0\kitpymes.core.shared.tests.dll" id="d4ba5ba2-e099-41a8-aa1c-5ebd9737bede">
      <Execution id="4ccb20c7-2a2e-4840-82a7-e3fefd7c0dcf" />
      <TestMethod codeBase="D:\SFERRARI\01_TRABAJO\repos\netcore\libs\template-netcore-shared\Kitpymes.Core.Shared.Tests\bin\Release\net7.0\Kitpymes.Core.Shared.Tests.dll" adapterTypeName="executor://mstestadapter/v2" className="Kitpymes.Core.Shared.Tests.ConfigurationBuilderExtensionsTests" name="ToEnvironment_ServiceCollection_Passing_Development_Enviroment_Returns_Development_Name" />
    </UnitTest>
    <UnitTest name="ToUri_Passing_ValidValueString_Returns_Uri (http://userid:password@example.com:8080/)" storage="d:\sferrari\01_trabajo\repos\netcore\libs\template-netcore-shared\kitpymes.core.shared.tests\bin\release\net7.0\kitpymes.core.shared.tests.dll" id="8f4ea46e-4059-4a25-a8f2-2f9d93e22c93">
      <Execution id="b40e1b09-38d1-4926-8221-a21aa7988b49" />
      <TestMethod codeBase="D:\SFERRARI\01_TRABAJO\repos\netcore\libs\template-netcore-shared\Kitpymes.Core.Shared.Tests\bin\Release\net7.0\Kitpymes.Core.Shared.Tests.dll" adapterTypeName="executor://mstestadapter/v2" className="Kitpymes.Core.Shared.Tests.StringExtensionsTests" name="ToUri_Passing_ValidValueString_Returns_Uri" />
    </UnitTest>
    <UnitTest name="ToUri_Passing_ValidValueString_Returns_Uri (https://foo.com/blah_blah/p=5)" storage="d:\sferrari\01_trabajo\repos\netcore\libs\template-netcore-shared\kitpymes.core.shared.tests\bin\release\net7.0\kitpymes.core.shared.tests.dll" id="c06eae7e-0cdb-43f5-969b-75479231a360">
      <Execution id="248b4b3e-a298-4eb8-9510-88bfd7505069" />
      <TestMethod codeBase="D:\SFERRARI\01_TRABAJO\repos\netcore\libs\template-netcore-shared\Kitpymes.Core.Shared.Tests\bin\Release\net7.0\Kitpymes.Core.Shared.Tests.dll" adapterTypeName="executor://mstestadapter/v2" className="Kitpymes.Core.Shared.Tests.StringExtensionsTests" name="ToUri_Passing_ValidValueString_Returns_Uri" />
    </UnitTest>
    <UnitTest name="ToNormalize_Passing_ValidValue_Returns_NormalizedValue ( àáäâ ãøçħ ,aaaa aoch)" storage="d:\sferrari\01_trabajo\repos\netcore\libs\template-netcore-shared\kitpymes.core.shared.tests\bin\release\net7.0\kitpymes.core.shared.tests.dll" id="00ae02ec-15f3-4db3-8527-bad551d80851">
      <Execution id="1096fe4d-8f76-4066-af92-9776d327d104" />
      <TestMethod codeBase="D:\SFERRARI\01_TRABAJO\repos\netcore\libs\template-netcore-shared\Kitpymes.Core.Shared.Tests\bin\Release\net7.0\Kitpymes.Core.Shared.Tests.dll" adapterTypeName="executor://mstestadapter/v2" className="Kitpymes.Core.Shared.Tests.StringExtensionsTests" name="ToNormalize_Passing_ValidValue_Returns_NormalizedValue" />
    </UnitTest>
    <UnitTest name="ToNormalize_Passing_ValidValue_Returns_NormalizedValue ( * ¨ ^ _ : - ? ¿ ; ,)" storage="d:\sferrari\01_trabajo\repos\netcore\libs\template-netcore-shared\kitpymes.core.shared.tests\bin\release\net7.0\kitpymes.core.shared.tests.dll" id="b1dcb8f5-6f88-48d7-8f4a-805dff997ff1">
      <Execution id="2ec54afa-1b72-4ce5-aad9-a3a3db5e3ba1" />
      <TestMethod codeBase="D:\SFERRARI\01_TRABAJO\repos\netcore\libs\template-netcore-shared\Kitpymes.Core.Shared.Tests\bin\Release\net7.0\Kitpymes.Core.Shared.Tests.dll" adapterTypeName="executor://mstestadapter/v2" className="Kitpymes.Core.Shared.Tests.StringExtensionsTests" name="ToNormalize_Passing_ValidValue_Returns_NormalizedValue" />
    </UnitTest>
    <UnitTest name="ToDefaultValue_Passing_ValidInt_Returns_DefaultValue" storage="d:\sferrari\01_trabajo\repos\netcore\libs\template-netcore-shared\kitpymes.core.shared.tests\bin\release\net7.0\kitpymes.core.shared.tests.dll" id="4efe5cb1-2771-411f-8512-0cd2da5242f8">
      <Execution id="f722b2ef-45bf-40cb-8e51-f61c5bceaa86" />
      <TestMethod codeBase="D:\SFERRARI\01_TRABAJO\repos\netcore\libs\template-netcore-shared\Kitpymes.Core.Shared.Tests\bin\Release\net7.0\Kitpymes.Core.Shared.Tests.dll" adapterTypeName="executor://mstestadapter/v2" className="Kitpymes.Core.Shared.Tests.TypeExtensionsTests" name="ToDefaultValue_Passing_ValidInt_Returns_DefaultValue" />
    </UnitTest>
    <UnitTest name="ToSetTime_Passing_Time_Int_Returns_DateTime" storage="d:\sferrari\01_trabajo\repos\netcore\libs\template-netcore-shared\kitpymes.core.shared.tests\bin\release\net7.0\kitpymes.core.shared.tests.dll" id="b53f1aaf-b227-4528-8261-bcec348a7ad6">
      <Execution id="798a46a4-5a4d-4708-a952-cd765e89428a" />
      <TestMethod codeBase="D:\SFERRARI\01_TRABAJO\repos\netcore\libs\template-netcore-shared\Kitpymes.Core.Shared.Tests\bin\Release\net7.0\Kitpymes.Core.Shared.Tests.dll" adapterTypeName="executor://mstestadapter/v2" className="Kitpymes.Core.Shared.Tests.DateTimeExtensionsTests" name="ToSetTime_Passing_Time_Int_Returns_DateTime" />
    </UnitTest>
    <UnitTest name="ToEmailMaskUserName_Passing_ValidEmail_Returns_EmailWithMask (qazwsx@gmail.com,q****x@gmail.com)" storage="d:\sferrari\01_trabajo\repos\netcore\libs\template-netcore-shared\kitpymes.core.shared.tests\bin\release\net7.0\kitpymes.core.shared.tests.dll" id="d85480cb-6367-4505-b2ae-89387c5055b4">
      <Execution id="f35b9d53-e4f9-4414-baa8-4ff476e206d6" />
      <TestMethod codeBase="D:\SFERRARI\01_TRABAJO\repos\netcore\libs\template-netcore-shared\Kitpymes.Core.Shared.Tests\bin\Release\net7.0\Kitpymes.Core.Shared.Tests.dll" adapterTypeName="executor://mstestadapter/v2" className="Kitpymes.Core.Shared.Tests.StringExtensionsTests" name="ToEmailMaskUserName_Passing_ValidEmail_Returns_EmailWithMask" />
    </UnitTest>
    <UnitTest name="ToConfigureOrDefault_Passing_DefaultValues_And_ActionCustomValues_Returns_DefaultValues_And_CustomValues" storage="d:\sferrari\01_trabajo\repos\netcore\libs\template-netcore-shared\kitpymes.core.shared.tests\bin\release\net7.0\kitpymes.core.shared.tests.dll" id="d1ee4dfb-953f-4db7-8df8-37d7780c1bb1">
      <Execution id="b43ae290-3d6a-4672-97ce-8d14aa96c0cb" />
      <TestMethod codeBase="D:\SFERRARI\01_TRABAJO\repos\netcore\libs\template-netcore-shared\Kitpymes.Core.Shared.Tests\bin\Release\net7.0\Kitpymes.Core.Shared.Tests.dll" adapterTypeName="executor://mstestadapter/v2" className="Kitpymes.Core.Shared.Tests.ActionExtensionsTests" name="ToConfigureOrDefault_Passing_DefaultValues_And_ActionCustomValues_Returns_DefaultValues_And_CustomValues" />
    </UnitTest>
    <UnitTest name="ToDirectoryTemporary_Passing_ValidValue_Returns_DirectoryExists" storage="d:\sferrari\01_trabajo\repos\netcore\libs\template-netcore-shared\kitpymes.core.shared.tests\bin\release\net7.0\kitpymes.core.shared.tests.dll" id="f80e1b7b-0c4b-4a0b-bf5a-7da50180e9d6">
      <Execution id="9a670f46-4151-4fd7-a667-3bfa2d3e5b5b" />
      <TestMethod codeBase="D:\SFERRARI\01_TRABAJO\repos\netcore\libs\template-netcore-shared\Kitpymes.Core.Shared.Tests\bin\Release\net7.0\Kitpymes.Core.Shared.Tests.dll" adapterTypeName="executor://mstestadapter/v2" className="Kitpymes.Core.Shared.Tests.StringExtensionsTests" name="ToDirectoryTemporary_Passing_ValidValue_Returns_DirectoryExists" />
    </UnitTest>
  </TestDefinitions>
  <TestEntries>
    <TestEntry testId="272360dc-a5cc-4992-83ef-13266fd63ba3" executionId="163492f2-954a-49bb-af3a-1e00d93ed91e" testListId="8c84fa94-04c1-424b-9868-57a2d4851a1d" />
    <TestEntry testId="3284ea42-85c3-45ea-a1e6-be9c88e93c9a" executionId="fd2dbbe5-c48d-429d-84ac-c8cd7b8adde1" testListId="8c84fa94-04c1-424b-9868-57a2d4851a1d" />
    <TestEntry testId="cd30603f-1ce6-4bc9-aa3e-40c6f5336d8b" executionId="6d6eb665-bd7e-4cff-a8b9-526263dfe396" testListId="8c84fa94-04c1-424b-9868-57a2d4851a1d" />
    <TestEntry testId="46614844-8fdf-4720-9fb7-11d917afb89e" executionId="17ec1caa-f9e9-4c87-a32a-499a80e52923" testListId="8c84fa94-04c1-424b-9868-57a2d4851a1d" />
    <TestEntry testId="77c42d1d-e6f5-4551-bd5e-c6b2ded4c445" executionId="ea8fb34d-e108-459d-8ae7-d58221715be8" testListId="8c84fa94-04c1-424b-9868-57a2d4851a1d" />
    <TestEntry testId="28a99c45-8ee7-45db-82d3-766e3d083637" executionId="fa5b6d78-b5f5-4802-9a74-f392c81f55bd" testListId="8c84fa94-04c1-424b-9868-57a2d4851a1d" />
    <TestEntry testId="e940eabc-4258-4b8f-a9f1-12e4b101ac98" executionId="678a2f42-ca75-4098-9dd6-16cdd3da3d6f" testListId="8c84fa94-04c1-424b-9868-57a2d4851a1d" />
    <TestEntry testId="8d19c869-bc91-428d-b077-47b419b1196b" executionId="a51c16b6-22bc-4b97-a999-0c4b7b6fe2a8" testListId="8c84fa94-04c1-424b-9868-57a2d4851a1d" />
    <TestEntry testId="ee6264e1-856d-4af5-a7c2-8d09cc032c78" executionId="5d5b52f6-d56f-40b4-af51-20ad8c2cd73c" testListId="8c84fa94-04c1-424b-9868-57a2d4851a1d" />
    <TestEntry testId="ac04103d-2ae8-4a37-bb3d-a5b4b290d1b0" executionId="3e372295-1347-443e-913a-1b998044a79f" testListId="8c84fa94-04c1-424b-9868-57a2d4851a1d" />
    <TestEntry testId="e20f6041-2fd4-47d7-8537-4c98d06930fb" executionId="4aaf0d15-7f77-499f-bc41-cfd4ede7db6c" testListId="8c84fa94-04c1-424b-9868-57a2d4851a1d" />
    <TestEntry testId="6a8e1fda-86a2-4afc-a112-e24a6f4d54b8" executionId="0c8500dc-2c65-4f33-88af-dd18ae5aad31" testListId="8c84fa94-04c1-424b-9868-57a2d4851a1d" />
    <TestEntry testId="3a1559b7-223e-4ebd-80ac-7aadd1b2b718" executionId="110d1e80-0fdc-451a-a63e-ea8bb53ec283" testListId="8c84fa94-04c1-424b-9868-57a2d4851a1d" />
    <TestEntry testId="0d2e0cb6-9f4d-4fd3-bf5b-2f2327271608" executionId="440da3f8-8711-4efb-87bd-0c730d8eff53" testListId="8c84fa94-04c1-424b-9868-57a2d4851a1d" />
    <TestEntry testId="92629cac-ac76-4375-afcb-65357cc09107" executionId="68c92606-bf3c-4081-8a91-0083d3b5c081" testListId="8c84fa94-04c1-424b-9868-57a2d4851a1d" />
    <TestEntry testId="521228c7-773f-4e9b-a20f-9a2f28c23c1a" executionId="5f461fb7-7024-4c0e-86c2-9e827a5f1666" testListId="8c84fa94-04c1-424b-9868-57a2d4851a1d" />
    <TestEntry testId="87c477ea-fa6c-4ce1-9c2b-268391dc5222" executionId="cf62807b-c96e-4587-bbd0-8e38562af8a8" testListId="8c84fa94-04c1-424b-9868-57a2d4851a1d" />
    <TestEntry testId="df847d18-3344-46ac-8dd3-c7a030f75714" executionId="8f03788c-f9d8-4a50-8dbc-bd1d9719d43b" testListId="8c84fa94-04c1-424b-9868-57a2d4851a1d" />
    <TestEntry testId="06b58817-edbf-470f-8f38-d9373b1a9c88" executionId="4df42107-ba1e-4c18-ae76-d0f88eb24bae" testListId="8c84fa94-04c1-424b-9868-57a2d4851a1d" />
    <TestEntry testId="f6e67bf2-cb52-4ec4-8e47-5163d0879c4d" executionId="a54df6d7-5581-4a76-b3a3-cb1fc3601d78" testListId="8c84fa94-04c1-424b-9868-57a2d4851a1d" />
    <TestEntry testId="02327277-33c4-42fe-92be-4d0f13d855f5" executionId="3d70abfc-1925-425a-9ee8-d4d5a1841837" testListId="8c84fa94-04c1-424b-9868-57a2d4851a1d" />
    <TestEntry testId="7ee9e04f-6c3d-44f0-974d-00685c799828" executionId="fcf9bbc6-bff6-4baf-812d-79c56908971c" testListId="8c84fa94-04c1-424b-9868-57a2d4851a1d" />
    <TestEntry testId="87473d92-7f7d-4388-8341-738eaf1d2943" executionId="86fdb659-5b7f-4808-94c4-ff8bf0155bd4" testListId="8c84fa94-04c1-424b-9868-57a2d4851a1d" />
    <TestEntry testId="5b78d4f1-5ef4-43db-8a95-942e481e90f8" executionId="f19603f2-53d5-4679-9ac9-e185e9293e95" testListId="8c84fa94-04c1-424b-9868-57a2d4851a1d" />
    <TestEntry testId="fe25ff99-d854-40e3-aa24-2a9be63fe762" executionId="66a19695-8709-4ae8-8c32-715987b45a44" testListId="8c84fa94-04c1-424b-9868-57a2d4851a1d" />
    <TestEntry testId="be6b6e49-dd1a-42f0-ae09-65d81637c53a" executionId="965494e0-c157-495e-bdfc-11a672726cda" testListId="8c84fa94-04c1-424b-9868-57a2d4851a1d" />
    <TestEntry testId="c82eb624-ad84-456a-a9e4-0ffef1601326" executionId="ff0a12fc-3c46-4201-a17d-5afa1f291bd2" testListId="8c84fa94-04c1-424b-9868-57a2d4851a1d" />
    <TestEntry testId="9f5304fd-0808-48ae-a30c-bc4cbb8e5f30" executionId="80b87c32-7c48-45fb-b422-3182c1ae06c1" testListId="8c84fa94-04c1-424b-9868-57a2d4851a1d" />
    <TestEntry testId="2eb71396-451e-43ab-b9ea-a42d3bc05811" executionId="cbde7849-f7da-4280-b97c-9497614d6749" testListId="8c84fa94-04c1-424b-9868-57a2d4851a1d" />
    <TestEntry testId="a1bbe7a4-5406-4df7-9cf9-b9076b8bdc9b" executionId="960b8aff-c278-45b7-9841-66e95935232b" testListId="8c84fa94-04c1-424b-9868-57a2d4851a1d" />
    <TestEntry testId="ef416e24-ba42-4bf6-826b-79babaabea28" executionId="5752a1f2-8d20-4cb2-b863-50ea92dfb151" testListId="8c84fa94-04c1-424b-9868-57a2d4851a1d" />
    <TestEntry testId="ee74e295-b7ed-43ee-b01a-d6fbd3a4cbda" executionId="079f62d9-7098-4921-a632-3836c8822980" testListId="8c84fa94-04c1-424b-9868-57a2d4851a1d" />
    <TestEntry testId="7d8d1c65-f75a-476d-9b49-28cf26c79038" executionId="89ea9778-d0a0-4f37-8955-0628b2cb6c87" testListId="8c84fa94-04c1-424b-9868-57a2d4851a1d" />
    <TestEntry testId="944530c0-1344-4f0b-a7c4-83395fbb4c04" executionId="7090adf9-1d9b-4533-a112-5c1d2d1b0224" testListId="8c84fa94-04c1-424b-9868-57a2d4851a1d" />
    <TestEntry testId="a622e94d-7686-439b-a9ea-a9028434e94b" executionId="29e571d4-4e6c-47a4-a615-aa89fe43b319" testListId="8c84fa94-04c1-424b-9868-57a2d4851a1d" />
    <TestEntry testId="b1dcb8f5-6f88-48d7-8f4a-805dff997ff1" executionId="2ec54afa-1b72-4ce5-aad9-a3a3db5e3ba1" testListId="8c84fa94-04c1-424b-9868-57a2d4851a1d" />
    <TestEntry testId="1a30ce4b-4eed-48a9-bcde-34387759149e" executionId="ad44376c-6062-4b33-876c-f5e540a064e2" testListId="8c84fa94-04c1-424b-9868-57a2d4851a1d" />
    <TestEntry testId="a96f1d60-f6d5-40f4-9c0b-26a5018f47d3" executionId="b0f93c3c-245c-4f5c-9ceb-b2f117b71101" testListId="8c84fa94-04c1-424b-9868-57a2d4851a1d" />
    <TestEntry testId="ec171991-faa6-48bd-9dd3-4eb3c9e7e42c" executionId="138fdca0-27f5-4ee9-84a2-c677c4cc472b" testListId="8c84fa94-04c1-424b-9868-57a2d4851a1d" />
    <TestEntry testId="fc16a19b-a857-4d64-86de-0f96d8a7295e" executionId="9b798a66-af6a-4312-8fde-8b18ad475e55" testListId="8c84fa94-04c1-424b-9868-57a2d4851a1d" />
    <TestEntry testId="d7b37656-28f0-4efa-86f6-a25aab688127" executionId="baa63fcd-c1b6-432a-8735-73f1b16ff333" testListId="8c84fa94-04c1-424b-9868-57a2d4851a1d" />
    <TestEntry testId="da634df3-7de4-4e97-8889-41edd4084d19" executionId="e6de8fc1-5abf-4156-bdbd-c980c122f752" testListId="8c84fa94-04c1-424b-9868-57a2d4851a1d" />
    <TestEntry testId="afe7eade-b68c-446f-ae45-891e651bab7e" executionId="8c08c8c9-1b5b-44bb-9ad2-0a2cd2d341eb" testListId="8c84fa94-04c1-424b-9868-57a2d4851a1d" />
    <TestEntry testId="1ddae820-193e-421d-a6f4-d4465783c9c1" executionId="eb9e407d-8a8f-4471-9218-67eb28839afd" testListId="8c84fa94-04c1-424b-9868-57a2d4851a1d" />
    <TestEntry testId="4d618a38-ea60-433a-bc54-0ceec567c3d4" executionId="309a4054-c27a-4bba-96b8-52f559afb028" testListId="8c84fa94-04c1-424b-9868-57a2d4851a1d" />
    <TestEntry testId="12a1e853-d23a-49ac-ae58-07a3d1eea125" executionId="b430871a-845e-49f6-9635-4b35813634ed" testListId="8c84fa94-04c1-424b-9868-57a2d4851a1d" />
    <TestEntry testId="ae543a60-5a23-4756-8ead-6dd4584102fd" executionId="c4ce73ef-f7f5-4610-b9f5-8b0de9c93171" testListId="8c84fa94-04c1-424b-9868-57a2d4851a1d" />
    <TestEntry testId="6c83e5c6-4b90-4f3e-8083-9509a909b40b" executionId="dc004ab9-768d-44dc-9399-326dfffbb397" testListId="8c84fa94-04c1-424b-9868-57a2d4851a1d" />
    <TestEntry testId="137e7e94-400f-4d2b-acb4-62b86629c115" executionId="fd3c08d9-ed03-41c4-81a0-c09a56646859" testListId="8c84fa94-04c1-424b-9868-57a2d4851a1d" />
    <TestEntry testId="f80e1b7b-0c4b-4a0b-bf5a-7da50180e9d6" executionId="9a670f46-4151-4fd7-a667-3bfa2d3e5b5b" testListId="8c84fa94-04c1-424b-9868-57a2d4851a1d" />
    <TestEntry testId="58456e94-80f5-4d93-89e3-e89ce0b68044" executionId="5ffaac2b-dcae-4770-8f87-9cc081e931bb" testListId="8c84fa94-04c1-424b-9868-57a2d4851a1d" />
    <TestEntry testId="e6e60f5c-8dc0-45b0-95d9-7967270e969f" executionId="279bbbc6-f871-490d-a1de-1559c4a1e064" testListId="8c84fa94-04c1-424b-9868-57a2d4851a1d" />
    <TestEntry testId="721c7296-40f6-456b-89d1-db1813fcf1e8" executionId="99c6a85e-0c4c-40b9-8c3e-c319c19c5ccf" testListId="8c84fa94-04c1-424b-9868-57a2d4851a1d" />
    <TestEntry testId="b22e382d-cce0-40ee-bc83-59b85ab11146" executionId="af40f135-8b0e-4d2b-8975-c81c6fb99dd9" testListId="8c84fa94-04c1-424b-9868-57a2d4851a1d" />
    <TestEntry testId="cc73d1dc-5bdd-49d0-962c-5a5edadc1eee" executionId="ef740851-176a-4f82-b59e-749dddcbbaca" testListId="8c84fa94-04c1-424b-9868-57a2d4851a1d" />
    <TestEntry testId="8d41df5f-f1c6-4e5d-8f3b-375138177010" executionId="9152d8fc-3b23-4174-93ac-7f61031f100e" testListId="8c84fa94-04c1-424b-9868-57a2d4851a1d" />
    <TestEntry testId="ff7ef662-e411-47f8-bcd9-25a6c977744c" executionId="aa800f20-1963-428e-9db5-22f5bb2baf7e" testListId="8c84fa94-04c1-424b-9868-57a2d4851a1d" />
    <TestEntry testId="49580918-fdf1-4158-bbe7-fb2d55601cba" executionId="c8b8d3db-5999-489b-8533-c97fd3981243" testListId="8c84fa94-04c1-424b-9868-57a2d4851a1d" />
    <TestEntry testId="3cb8355d-08f8-45c0-84c5-2d3a43a1b92e" executionId="92476707-1a89-412b-bcde-d16b65553b69" testListId="8c84fa94-04c1-424b-9868-57a2d4851a1d" />
    <TestEntry testId="63d3a1e9-0c3a-43d0-bbe8-3093c1f65c9e" executionId="fe267e41-1772-4ab1-8257-c4e1e55d3304" testListId="8c84fa94-04c1-424b-9868-57a2d4851a1d" />
    <TestEntry testId="ccb19d41-7d34-4c12-a124-9e728f32e7cd" executionId="c74a2f6b-9a98-405d-8e7b-396b23b4b60c" testListId="8c84fa94-04c1-424b-9868-57a2d4851a1d" />
    <TestEntry testId="45716e3a-78de-4480-94ec-4b99b53406f0" executionId="0f872a23-3c0f-481a-a6cb-19707ec8c62b" testListId="8c84fa94-04c1-424b-9868-57a2d4851a1d" />
    <TestEntry testId="c13ae19c-4ba7-4369-b3f6-e6a37c1af97d" executionId="ad472544-dab1-451f-b218-9b53edac8603" testListId="8c84fa94-04c1-424b-9868-57a2d4851a1d" />
    <TestEntry testId="d822f221-5d60-4615-a714-67bf0b5b4aab" executionId="cd86f3ec-6185-49fc-ba8d-acccff4c55cd" testListId="8c84fa94-04c1-424b-9868-57a2d4851a1d" />
    <TestEntry testId="01cc3759-390b-4650-a238-1580d938dc2a" executionId="0066ef5c-4487-4f5a-a2b4-8b7505179d19" testListId="8c84fa94-04c1-424b-9868-57a2d4851a1d" />
    <TestEntry testId="1ffbc2f1-2f53-4686-a788-cb8c790e8916" executionId="2aed3ce7-e1fb-4130-84c2-a81d1e9c0035" testListId="8c84fa94-04c1-424b-9868-57a2d4851a1d" />
    <TestEntry testId="1c426b9f-e16b-466a-b1de-e67f0418c7f9" executionId="d539d6b6-b234-4241-8177-4f6efd302ea1" testListId="8c84fa94-04c1-424b-9868-57a2d4851a1d" />
    <TestEntry testId="d85480cb-6367-4505-b2ae-89387c5055b4" executionId="f35b9d53-e4f9-4414-baa8-4ff476e206d6" testListId="8c84fa94-04c1-424b-9868-57a2d4851a1d" />
    <TestEntry testId="d63fff41-afe3-4825-9682-6cfceea9c8d7" executionId="a81e28bf-e682-4560-a78e-f20891a799e2" testListId="8c84fa94-04c1-424b-9868-57a2d4851a1d" />
    <TestEntry testId="7d286f6c-1d54-4f82-95e7-0c80007f5a37" executionId="e0255358-7abc-421c-b881-ebaf8ef5a3d4" testListId="8c84fa94-04c1-424b-9868-57a2d4851a1d" />
    <TestEntry testId="aefdb726-40f6-44aa-9027-0733034a2e34" executionId="d3c823ae-b2c2-4c83-99d5-7bd27d72d8dd" testListId="8c84fa94-04c1-424b-9868-57a2d4851a1d" />
    <TestEntry testId="b62124c3-d753-4f09-b1a2-40503039c223" executionId="532c102c-bc12-48d7-bfb9-df4f18700f9a" testListId="8c84fa94-04c1-424b-9868-57a2d4851a1d" />
    <TestEntry testId="d8d4b112-7523-45c0-ab71-14179238f9c7" executionId="8de7cfd0-d3eb-4dc5-88ea-1a17e49f0ded" testListId="8c84fa94-04c1-424b-9868-57a2d4851a1d" />
    <TestEntry testId="fd43606d-43c3-4651-a28b-73a6fbf86e66" executionId="3457be67-b309-47db-b34d-ad341cd62f02" testListId="8c84fa94-04c1-424b-9868-57a2d4851a1d" />
    <TestEntry testId="4b62ee41-4ab9-403d-958c-09d7ee5d800a" executionId="82d18ad0-ac31-4990-b78e-128314d84a70" testListId="8c84fa94-04c1-424b-9868-57a2d4851a1d" />
    <TestEntry testId="a5c1ef3e-be75-43c3-b96c-39985754dcf7" executionId="9e49fa5a-40a4-4cc1-b76c-77a9f00cf43a" testListId="8c84fa94-04c1-424b-9868-57a2d4851a1d" />
    <TestEntry testId="2b04828c-ffd3-4bcb-8aef-937f88ad3784" executionId="56a4d2a1-6a9d-4fb9-91e6-ad6d1df7a061" testListId="8c84fa94-04c1-424b-9868-57a2d4851a1d" />
    <TestEntry testId="e2e826bc-0725-4311-adc6-b58a5afecceb" executionId="039b5da6-f4bd-4540-9efe-07741a564f53" testListId="8c84fa94-04c1-424b-9868-57a2d4851a1d" />
    <TestEntry testId="e60dedf6-1788-485d-b56f-ee906632179a" executionId="0e92e0cf-2be1-4d39-ba02-d82baf90b978" testListId="8c84fa94-04c1-424b-9868-57a2d4851a1d" />
    <TestEntry testId="ac6a1d88-3f98-4f0f-8840-fd7b51c481d5" executionId="eb30a9ff-f758-42a6-ac53-558c622993d4" testListId="8c84fa94-04c1-424b-9868-57a2d4851a1d" />
    <TestEntry testId="46f681ec-fc05-4318-bda6-1c9832d592c6" executionId="070dd31d-b88f-4c91-b38d-2335b1447d09" testListId="8c84fa94-04c1-424b-9868-57a2d4851a1d" />
    <TestEntry testId="6fa1ca51-37e5-4340-925d-71cb9d70b3c2" executionId="bc7dea1c-bd7c-4dbc-a468-afaac593f1c3" testListId="8c84fa94-04c1-424b-9868-57a2d4851a1d" />
    <TestEntry testId="c22a715c-ab22-4ea9-aeb6-6470f965cc61" executionId="23c14752-4cc8-4f87-b3f0-10c617fbfe91" testListId="8c84fa94-04c1-424b-9868-57a2d4851a1d" />
    <TestEntry testId="18971a08-1625-44bc-9480-3c71577b0e1e" executionId="88d841e0-80b1-43c9-94c3-ce9c2328edf4" testListId="8c84fa94-04c1-424b-9868-57a2d4851a1d" />
    <TestEntry testId="1b4ad738-e635-46d4-bbed-8fd893c1c121" executionId="2d092a65-be53-4e13-88e2-21ac731a7750" testListId="8c84fa94-04c1-424b-9868-57a2d4851a1d" />
    <TestEntry testId="17fe57ab-0788-40c8-bbb1-06b094d730fc" executionId="16152681-adf3-4522-8c16-7b23c3a4d16d" testListId="8c84fa94-04c1-424b-9868-57a2d4851a1d" />
    <TestEntry testId="8e6d5afc-3d61-4c36-8e10-9f2d11c0b38f" executionId="98ca4a0e-1ca3-4064-b14c-4aebf0ab2a23" testListId="8c84fa94-04c1-424b-9868-57a2d4851a1d" />
    <TestEntry testId="bcb3969f-ccac-48e5-9a02-7526ebdb53c8" executionId="1fa43e87-b8f5-4fd9-9281-25875661297b" testListId="8c84fa94-04c1-424b-9868-57a2d4851a1d" />
    <TestEntry testId="78a34fda-5299-4fd9-a52b-abe79f9af86c" executionId="2d6450cd-4c74-4962-a112-656732e395f6" testListId="8c84fa94-04c1-424b-9868-57a2d4851a1d" />
    <TestEntry testId="f218095e-4739-4f0b-b8cc-cf5f7c4eb072" executionId="6cc8d4f6-f4ed-4b1b-8178-b77da9156983" testListId="8c84fa94-04c1-424b-9868-57a2d4851a1d" />
    <TestEntry testId="c9d967d8-0e3c-4691-b383-45da4c7a56db" executionId="f6383bc3-3f20-4082-9aae-b74737880c2b" testListId="8c84fa94-04c1-424b-9868-57a2d4851a1d" />
    <TestEntry testId="48752557-42a5-4129-a339-647ae7462455" executionId="3370670e-c8b3-4e33-a388-ddb71c589ed3" testListId="8c84fa94-04c1-424b-9868-57a2d4851a1d" />
    <TestEntry testId="39d4a4a5-2537-4c26-a7c6-d92a159d6769" executionId="fa29509e-f822-4935-9a50-04fb45c70327" testListId="8c84fa94-04c1-424b-9868-57a2d4851a1d" />
    <TestEntry testId="00394bf4-2d41-48cf-b94c-1795756b7f77" executionId="b07871ef-69bc-416e-a0ed-3b409bcc277a" testListId="8c84fa94-04c1-424b-9868-57a2d4851a1d" />
    <TestEntry testId="0963ed8d-75f8-46ac-89b3-055ccc12eb53" executionId="9774c379-f2be-493c-a0b5-159591841a5c" testListId="8c84fa94-04c1-424b-9868-57a2d4851a1d" />
    <TestEntry testId="5e359190-97ed-48ed-8565-d4dbb493d0e4" executionId="ce88170d-4c24-438f-85e8-8d5b4de5fa90" testListId="8c84fa94-04c1-424b-9868-57a2d4851a1d" />
    <TestEntry testId="560c01b7-c3e6-4aa6-8b05-b8248e3f7656" executionId="f9deefad-5809-4e2c-807b-9fc3402377b2" testListId="8c84fa94-04c1-424b-9868-57a2d4851a1d" />
    <TestEntry testId="ff871903-106b-4b89-bb9c-9338c21c54a5" executionId="73fc126e-6420-410c-b8c4-5cfccc1e4d22" testListId="8c84fa94-04c1-424b-9868-57a2d4851a1d" />
    <TestEntry testId="23b6a533-f873-4dac-974c-e2f1a4500c1f" executionId="4e4fa9df-44ea-4f7a-b052-61408f48f897" testListId="8c84fa94-04c1-424b-9868-57a2d4851a1d" />
    <TestEntry testId="263584c9-7077-4a7e-9463-fe05390667ed" executionId="133ffe7d-86d5-4cd1-a0d7-c67835e114ce" testListId="8c84fa94-04c1-424b-9868-57a2d4851a1d" />
    <TestEntry testId="d4599c61-b7f7-48d3-81f8-c806ee6bc815" executionId="6c443518-00b0-4244-82f7-7147877e0229" testListId="8c84fa94-04c1-424b-9868-57a2d4851a1d" />
    <TestEntry testId="2233c7bc-b714-4e0f-9bd4-690b8ba934f4" executionId="f595e6a5-f7cc-407f-992a-a413a12d5620" testListId="8c84fa94-04c1-424b-9868-57a2d4851a1d" />
    <TestEntry testId="dfcaa9f6-5ab8-4980-a98e-48fb1a20ce68" executionId="b551fc44-d782-4c4c-bc9a-4a2176668982" testListId="8c84fa94-04c1-424b-9868-57a2d4851a1d" />
    <TestEntry testId="63738e0c-51c9-4df3-b947-6a088286abe5" executionId="95107f74-e169-4f1c-906b-bf893408c330" testListId="8c84fa94-04c1-424b-9868-57a2d4851a1d" />
    <TestEntry testId="6bce6d5f-a857-44a6-ab62-4f3f84bab92f" executionId="5bdf7a00-fc37-4294-a22d-ce7a20b988ee" testListId="8c84fa94-04c1-424b-9868-57a2d4851a1d" />
    <TestEntry testId="93e20665-5404-4ff0-949a-dba96a764f08" executionId="5aa3c7e0-8da9-4690-b616-08fe8299a482" testListId="8c84fa94-04c1-424b-9868-57a2d4851a1d" />
    <TestEntry testId="ebc01ef9-e8c8-4df2-a1a8-f4763cae42b2" executionId="97699d41-b79f-4312-9677-52cfd8fecf15" testListId="8c84fa94-04c1-424b-9868-57a2d4851a1d" />
    <TestEntry testId="b4556c83-98c4-4ed7-bde9-3228f833c5b7" executionId="f1dd7459-6dcc-4503-8854-a2264ea4f6f3" testListId="8c84fa94-04c1-424b-9868-57a2d4851a1d" />
    <TestEntry testId="560134fb-3894-494f-8a82-55314e52ccf1" executionId="e48679ba-2f80-4f10-b6c9-c389b8d55650" testListId="8c84fa94-04c1-424b-9868-57a2d4851a1d" />
    <TestEntry testId="6b913f6f-53da-45f0-b349-8ba15ef48f9e" executionId="19127af1-1d00-4c52-9c01-f6cca8aac7c7" testListId="8c84fa94-04c1-424b-9868-57a2d4851a1d" />
    <TestEntry testId="cc3ea436-9e9b-41ed-b919-58f95a8314a9" executionId="1426903d-2c20-4280-b189-ee188bf9509a" testListId="8c84fa94-04c1-424b-9868-57a2d4851a1d" />
    <TestEntry testId="0e4c9330-8390-48fc-8031-45301a9b9ae2" executionId="1b421126-d6ad-4cb8-a23c-aea3a15bbe6a" testListId="8c84fa94-04c1-424b-9868-57a2d4851a1d" />
    <TestEntry testId="53ab2176-6e4d-4407-a836-7da4f6dc8a1d" executionId="8bd09d68-26d5-4bdf-8aac-82b3755fb928" testListId="8c84fa94-04c1-424b-9868-57a2d4851a1d" />
    <TestEntry testId="96ed00e2-c2a7-44d2-9bfe-f5c859c6176f" executionId="154a74bd-e9cd-42ea-9fa2-6b16b06f67a7" testListId="8c84fa94-04c1-424b-9868-57a2d4851a1d" />
    <TestEntry testId="feb238e2-6c41-44db-b8b8-9c30e913e9b6" executionId="9b947451-a62b-4f4c-a585-e7e463f03843" testListId="8c84fa94-04c1-424b-9868-57a2d4851a1d" />
    <TestEntry testId="7e874b62-87aa-4b21-ac8f-6709c55f51ff" executionId="4f281a92-f81b-47b2-a72d-6d6f8985f29a" testListId="8c84fa94-04c1-424b-9868-57a2d4851a1d" />
    <TestEntry testId="b602fdb5-8e8f-4aaa-a2a9-c4bc4bab6a56" executionId="c088f166-4ed5-4673-825d-a6a387ad7221" testListId="8c84fa94-04c1-424b-9868-57a2d4851a1d" />
    <TestEntry testId="77066aef-2f05-4efa-96d2-6da7e45f2ce9" executionId="475f8e7d-8a82-459b-a2b0-6c0a87a3b36d" testListId="8c84fa94-04c1-424b-9868-57a2d4851a1d" />
    <TestEntry testId="269d8ccc-d0f7-4a98-a6bf-c4ba414d2ee6" executionId="f49aa41e-e419-4515-907e-0e25bd12b50b" testListId="8c84fa94-04c1-424b-9868-57a2d4851a1d" />
    <TestEntry testId="3f44cec3-2e89-41fa-a1eb-5b298431de54" executionId="da652023-6097-4e73-8f19-faee3514e064" testListId="8c84fa94-04c1-424b-9868-57a2d4851a1d" />
    <TestEntry testId="7cb7693a-a943-4a8d-a004-193338aa7018" executionId="543019e5-1ca3-404e-a58f-bcd7b3cf0652" testListId="8c84fa94-04c1-424b-9868-57a2d4851a1d" />
    <TestEntry testId="98d24f85-9f74-4c32-b1ef-d3a6ab0344dc" executionId="f154015c-310b-44ad-aa07-6c40e6337d93" testListId="8c84fa94-04c1-424b-9868-57a2d4851a1d" />
    <TestEntry testId="de1a62e9-ef14-4dc0-bb92-8c219356c63b" executionId="ca2f4eb4-2fbb-4c99-8f43-f2cb3067f6e1" testListId="8c84fa94-04c1-424b-9868-57a2d4851a1d" />
    <TestEntry testId="d1c145cc-2e61-4bd1-b369-d22ad846aaf6" executionId="7bdfd7d9-fdba-4356-9b36-d371e87d392f" testListId="8c84fa94-04c1-424b-9868-57a2d4851a1d" />
    <TestEntry testId="6bdce4bc-98c7-43c4-962d-887f311d3cef" executionId="3ae8215b-b1e3-44cb-add4-85827574f0a2" testListId="8c84fa94-04c1-424b-9868-57a2d4851a1d" />
    <TestEntry testId="eb8e2d5a-315f-4047-9c62-35fb0bb1dd9c" executionId="eaf96f03-6cd7-4d5b-8f91-9cc592e11810" testListId="8c84fa94-04c1-424b-9868-57a2d4851a1d" />
    <TestEntry testId="6292a5f9-2a08-4f90-8c0d-761eb91e266e" executionId="bc2a96b0-6adc-415e-986c-a3a0cec22cbc" testListId="8c84fa94-04c1-424b-9868-57a2d4851a1d" />
    <TestEntry testId="00ae02ec-15f3-4db3-8527-bad551d80851" executionId="1096fe4d-8f76-4066-af92-9776d327d104" testListId="8c84fa94-04c1-424b-9868-57a2d4851a1d" />
    <TestEntry testId="15a7d82c-2def-4ec9-92d4-6d53b4c460ee" executionId="fa5f438c-6124-4e2c-b597-3d9f2e2851bf" testListId="8c84fa94-04c1-424b-9868-57a2d4851a1d" />
    <TestEntry testId="f02cf537-dbbd-42f7-970a-05732f54115c" executionId="d697f3aa-849f-4a81-a491-a92f3a5a6400" testListId="8c84fa94-04c1-424b-9868-57a2d4851a1d" />
    <TestEntry testId="c5b4f4cb-6f7b-4d1b-a57b-15569d8d466e" executionId="7f0bafc7-b1bc-40ef-89ca-9de6ad18dd4c" testListId="8c84fa94-04c1-424b-9868-57a2d4851a1d" />
    <TestEntry testId="75d7a58f-0cb2-41cd-8b93-63befc85a333" executionId="bdc0d8c5-79e8-4234-909a-45cf57664c9b" testListId="8c84fa94-04c1-424b-9868-57a2d4851a1d" />
    <TestEntry testId="1376a25b-1381-4064-8f49-ffd0d9757285" executionId="de60a816-3750-4321-92a7-b79e9179e193" testListId="8c84fa94-04c1-424b-9868-57a2d4851a1d" />
    <TestEntry testId="144d17f0-894e-430a-8f3c-03250e5cc990" executionId="7c5e6345-9b74-404f-83dd-d602a11e7f38" testListId="8c84fa94-04c1-424b-9868-57a2d4851a1d" />
    <TestEntry testId="98d78390-d352-4390-bdd3-f9f42168652f" executionId="016ae42d-121b-4bb2-824f-9fdf52296e09" testListId="8c84fa94-04c1-424b-9868-57a2d4851a1d" />
    <TestEntry testId="92878cce-c6d7-46e0-84f6-e2c5fd519c90" executionId="7d0b7d17-5868-45a1-8bfa-ccedb2aa5911" testListId="8c84fa94-04c1-424b-9868-57a2d4851a1d" />
    <TestEntry testId="8573e3ec-b3f3-4eac-8a51-5d075df871ca" executionId="c7864ade-2fbf-4e2d-946f-9c89f864597b" testListId="8c84fa94-04c1-424b-9868-57a2d4851a1d" />
    <TestEntry testId="9a7793b3-b4af-4dbe-974e-85439753208e" executionId="987a688a-e993-45fd-b64c-1f340e5d5b53" testListId="8c84fa94-04c1-424b-9868-57a2d4851a1d" />
    <TestEntry testId="9e40dc9e-8fab-4ee1-a501-cafeebce5b2b" executionId="61dc5d56-ff7a-4ff4-95b5-46f9af85f877" testListId="8c84fa94-04c1-424b-9868-57a2d4851a1d" />
    <TestEntry testId="eb68e11b-0baf-42c8-b1d5-b61e474c6bac" executionId="68f29c93-1175-4a6f-a74e-0889ca45a3cb" testListId="8c84fa94-04c1-424b-9868-57a2d4851a1d" />
    <TestEntry testId="f4cb6732-58b4-4d78-9e97-723d561eadb4" executionId="386f1099-8828-4767-be8d-094d79d652d0" testListId="8c84fa94-04c1-424b-9868-57a2d4851a1d" />
    <TestEntry testId="88b92321-4a72-4066-9a9f-34fafdb33df3" executionId="f11bb7b2-6977-45c2-83a7-5fe54f2a07d8" testListId="8c84fa94-04c1-424b-9868-57a2d4851a1d" />
    <TestEntry testId="48815c6a-60b8-467d-9030-dbea915398c9" executionId="1886910b-ff6f-4e7b-8c82-a42b050fdf40" testListId="8c84fa94-04c1-424b-9868-57a2d4851a1d" />
    <TestEntry testId="275b95f3-7e78-4f08-81e1-6b2a4cf0aa72" executionId="018b1add-441a-4d44-bb8a-b32394ac4633" testListId="8c84fa94-04c1-424b-9868-57a2d4851a1d" />
    <TestEntry testId="7f970aeb-cc92-48d6-9a8d-23a15ca99873" executionId="11d511c0-2738-41b2-af4f-429d3da34164" testListId="8c84fa94-04c1-424b-9868-57a2d4851a1d" />
    <TestEntry testId="f65d3153-849b-4e6e-b44e-89c60e3b6872" executionId="bc647fa0-bb8d-4447-9496-8507a1d662a1" testListId="8c84fa94-04c1-424b-9868-57a2d4851a1d" />
    <TestEntry testId="ce9b943d-377a-414c-9b25-8c4a4d303ca3" executionId="2feae193-dc44-4388-9345-a6e85afea185" testListId="8c84fa94-04c1-424b-9868-57a2d4851a1d" />
    <TestEntry testId="636e61db-85ef-40ec-a1b1-63f55ddda81b" executionId="8e013e83-4e34-4825-8361-a3a5602f5e19" testListId="8c84fa94-04c1-424b-9868-57a2d4851a1d" />
    <TestEntry testId="4bd270f4-592d-4d46-b7a6-390731cbd7e9" executionId="21345a04-fed7-4512-aa74-56d50a26524a" testListId="8c84fa94-04c1-424b-9868-57a2d4851a1d" />
    <TestEntry testId="b1a7a850-6229-4efa-b802-27a7e0fb02ba" executionId="42f46295-06c7-4485-a323-963497ceeb87" testListId="8c84fa94-04c1-424b-9868-57a2d4851a1d" />
    <TestEntry testId="d64caf2d-7713-4b10-8c88-2b32d1ae6cb7" executionId="ccc5bda7-f5fd-4c0a-947c-3537a1504c17" testListId="8c84fa94-04c1-424b-9868-57a2d4851a1d" />
    <TestEntry testId="70875f3c-160f-4335-9d17-c9c60b737e4f" executionId="6d59ca23-ae03-49b6-a13b-1d89199e7498" testListId="8c84fa94-04c1-424b-9868-57a2d4851a1d" />
    <TestEntry testId="6b376ff1-aef7-4384-b896-f2115f1fcf32" executionId="fe63dd31-9055-4521-af43-eff2152ce421" testListId="8c84fa94-04c1-424b-9868-57a2d4851a1d" />
    <TestEntry testId="fd3dfe3d-9b09-40f1-b679-69cea5ca88cd" executionId="4ade934c-6235-4543-9218-b44a428a56ed" testListId="8c84fa94-04c1-424b-9868-57a2d4851a1d" />
    <TestEntry testId="feb7960b-e264-454d-b2d6-a9792708160d" executionId="6e23c5b5-6f6b-452d-ab27-29f3d16ba7ff" testListId="8c84fa94-04c1-424b-9868-57a2d4851a1d" />
    <TestEntry testId="faca324a-ac50-4c11-9efc-11210dae4b8f" executionId="a333e3d5-486b-4b7f-9894-22cc26aacf0f" testListId="8c84fa94-04c1-424b-9868-57a2d4851a1d" />
    <TestEntry testId="c219a889-78bf-4f8e-98ad-7d72275c0afb" executionId="5424a08f-01b7-491f-a88f-42d467401b38" testListId="8c84fa94-04c1-424b-9868-57a2d4851a1d" />
    <TestEntry testId="d1ee4dfb-953f-4db7-8df8-37d7780c1bb1" executionId="b43ae290-3d6a-4672-97ce-8d14aa96c0cb" testListId="8c84fa94-04c1-424b-9868-57a2d4851a1d" />
    <TestEntry testId="d3bc3c44-5151-4ffd-a5c8-a7df757e381a" executionId="ccc940f6-1c3b-499d-9d9f-adb8f6df42e3" testListId="8c84fa94-04c1-424b-9868-57a2d4851a1d" />
    <TestEntry testId="4efe5cb1-2771-411f-8512-0cd2da5242f8" executionId="f722b2ef-45bf-40cb-8e51-f61c5bceaa86" testListId="8c84fa94-04c1-424b-9868-57a2d4851a1d" />
    <TestEntry testId="56e12110-8392-42e8-b90e-d1bf7c96205b" executionId="bb155b18-e295-45e6-aa48-a92c423cc312" testListId="8c84fa94-04c1-424b-9868-57a2d4851a1d" />
    <TestEntry testId="6d462e6b-10e4-4dd6-83ac-591b326646a6" executionId="ddf279e5-f641-40f4-b4a5-9137db11e2ec" testListId="8c84fa94-04c1-424b-9868-57a2d4851a1d" />
    <TestEntry testId="90dd9c82-654a-4497-a7c4-9403d20e4274" executionId="a4a077ee-51af-452e-a46a-a85167d464a0" testListId="8c84fa94-04c1-424b-9868-57a2d4851a1d" />
    <TestEntry testId="ccdb0150-b322-4912-a4b9-33f4f9697312" executionId="644d6114-0915-42ce-b99a-2abdcdc72242" testListId="8c84fa94-04c1-424b-9868-57a2d4851a1d" />
    <TestEntry testId="9b26bafc-4482-4beb-8962-6d31031e8ce6" executionId="be003433-8c81-4482-b34f-50560096b369" testListId="8c84fa94-04c1-424b-9868-57a2d4851a1d" />
    <TestEntry testId="65d630e4-375d-4f79-b8e0-707ee8d4037d" executionId="41723952-2630-465d-8d24-239576a87886" testListId="8c84fa94-04c1-424b-9868-57a2d4851a1d" />
    <TestEntry testId="5bb7b019-f709-4204-92a5-ad1ee01982ad" executionId="3c8b6a1a-a23a-4ce3-96f3-4193807ad6ec" testListId="8c84fa94-04c1-424b-9868-57a2d4851a1d" />
    <TestEntry testId="a9582ce4-3158-46fa-a0a1-0b7ad7ddb6ec" executionId="c567342d-96bb-4a3b-8326-ea070f2873c2" testListId="8c84fa94-04c1-424b-9868-57a2d4851a1d" />
    <TestEntry testId="9a1e3129-2b7f-4e7b-89e9-86ae4bab61ec" executionId="b8f40be6-1fd9-4586-abaf-37d3a5fbc87e" testListId="8c84fa94-04c1-424b-9868-57a2d4851a1d" />
    <TestEntry testId="fc61df5d-b94c-42ee-8be0-eb2c56218478" executionId="1103c6b7-b05f-47fe-ab79-98713c0bf412" testListId="8c84fa94-04c1-424b-9868-57a2d4851a1d" />
    <TestEntry testId="76d2cd6e-aa51-453c-a255-065faed394ff" executionId="603b1413-779f-4965-a8a0-2c57bb2633de" testListId="8c84fa94-04c1-424b-9868-57a2d4851a1d" />
    <TestEntry testId="bd7ee19a-a614-404d-906f-0a37ebb92e31" executionId="ae0e4f69-ac7a-42be-8d8b-6f1404013dc9" testListId="8c84fa94-04c1-424b-9868-57a2d4851a1d" />
    <TestEntry testId="f18f6671-7db6-4ad3-a1c0-e066f9e2727c" executionId="393b9103-c0b2-4208-98a4-0f685b71e495" testListId="8c84fa94-04c1-424b-9868-57a2d4851a1d" />
    <TestEntry testId="e2fa6ba7-0e69-4a6b-acbc-ad9e3b87de5e" executionId="23f5ac08-8f4c-4af7-98e8-5e077532239d" testListId="8c84fa94-04c1-424b-9868-57a2d4851a1d" />
    <TestEntry testId="88fef6ba-1e3f-484c-a6db-ac38fb309774" executionId="9b6885f9-91f1-492f-b3fa-09009e75bb47" testListId="8c84fa94-04c1-424b-9868-57a2d4851a1d" />
    <TestEntry testId="aadd675d-13f8-43cd-9c0a-d3bd945561d1" executionId="ce9d2667-34e3-4e12-ab22-6154857f2ccf" testListId="8c84fa94-04c1-424b-9868-57a2d4851a1d" />
    <TestEntry testId="11355b0c-7117-4b11-99b5-7120fecbef04" executionId="8af9794e-a254-456e-bfc0-3ec2b9363170" testListId="8c84fa94-04c1-424b-9868-57a2d4851a1d" />
    <TestEntry testId="975eaf83-0a56-446b-b64a-6d4e5d02daa4" executionId="f41227ae-5e4e-4e23-af87-49f6e0d6fd1e" testListId="8c84fa94-04c1-424b-9868-57a2d4851a1d" />
    <TestEntry testId="3d1d7a12-0df8-4137-a700-498fe350c7c0" executionId="2515dbff-84c3-4753-985c-e49554833eaf" testListId="8c84fa94-04c1-424b-9868-57a2d4851a1d" />
    <TestEntry testId="e9e07305-a017-4f3d-8e40-cc0908c1a8fd" executionId="4a963492-fe8e-4a73-928d-c7591f6223a8" testListId="8c84fa94-04c1-424b-9868-57a2d4851a1d" />
    <TestEntry testId="fbbe4942-f988-48cb-9f88-c84b6c177f3f" executionId="ac06136a-b819-431b-99f1-6977521dc1a9" testListId="8c84fa94-04c1-424b-9868-57a2d4851a1d" />
    <TestEntry testId="03c6c044-5d23-472e-a826-8c3e9b570b2a" executionId="0cb439f0-6edb-42ff-94df-4ca39ef35194" testListId="8c84fa94-04c1-424b-9868-57a2d4851a1d" />
    <TestEntry testId="91c42e2f-5316-4740-8714-50cea249f80c" executionId="9929e054-c994-4505-8547-1431fde2328a" testListId="8c84fa94-04c1-424b-9868-57a2d4851a1d" />
    <TestEntry testId="affbbf3e-299a-43bc-bec6-088cd9115536" executionId="31119584-cd5d-410f-9625-1396d058e1d4" testListId="8c84fa94-04c1-424b-9868-57a2d4851a1d" />
    <TestEntry testId="9d371e7d-159b-445d-b986-4ce546f9f9f9" executionId="e9ed1acc-a78b-4263-9a01-a2ea334b500c" testListId="8c84fa94-04c1-424b-9868-57a2d4851a1d" />
    <TestEntry testId="a9352aa4-87d7-42c7-bdf2-bf239d2cb7b3" executionId="3bbbf7a2-41f4-4410-8d5e-9f9fdfa7ae01" testListId="8c84fa94-04c1-424b-9868-57a2d4851a1d" />
    <TestEntry testId="2f4c9125-6ee6-45fc-bd04-81b3bea296aa" executionId="84f0f1c7-5035-4997-b4a9-3c27d78f7536" testListId="8c84fa94-04c1-424b-9868-57a2d4851a1d" />
    <TestEntry testId="b45c6d9b-3713-4038-a5aa-c92481010e11" executionId="57cdfdb7-f860-4471-bce1-58ecafb07b69" testListId="8c84fa94-04c1-424b-9868-57a2d4851a1d" />
    <TestEntry testId="25112029-b43b-4e14-a62b-d2493f3263cc" executionId="fb51baf2-8d8b-4d0a-8325-33dc620fb78b" testListId="8c84fa94-04c1-424b-9868-57a2d4851a1d" />
    <TestEntry testId="5317b008-5d90-4e63-8a57-9fa7e75fbddc" executionId="fcdaed23-f4df-4e6e-a1a0-78af496b6062" testListId="8c84fa94-04c1-424b-9868-57a2d4851a1d" />
    <TestEntry testId="eedf09a3-ce85-4053-a5c7-49b1c101834c" executionId="9d555646-2cd4-4031-9523-31d9a38b2f89" testListId="8c84fa94-04c1-424b-9868-57a2d4851a1d" />
    <TestEntry testId="6c367b70-c2d6-408f-8201-bcec1ac1f1f2" executionId="e19ec334-64a1-47f3-bba7-e6a420f737d0" testListId="8c84fa94-04c1-424b-9868-57a2d4851a1d" />
    <TestEntry testId="2d338714-4487-4d4d-8162-f10d1c0cdd4f" executionId="44554c7c-8ba8-4b69-bd2f-f4110ace7b13" testListId="8c84fa94-04c1-424b-9868-57a2d4851a1d" />
    <TestEntry testId="55dab567-7eb2-42a6-9e55-ae1c060a8c57" executionId="aa0cef9b-7c8b-48e2-a7ed-af89864eed8a" testListId="8c84fa94-04c1-424b-9868-57a2d4851a1d" />
    <TestEntry testId="5d963ba2-73ec-49c4-9461-59a608dab54a" executionId="41e75cd3-cd8e-41f4-8fc4-fab911f5f73b" testListId="8c84fa94-04c1-424b-9868-57a2d4851a1d" />
    <TestEntry testId="53dc9c7e-6310-472d-97dd-7956fff4d0d3" executionId="6868b30f-b1a4-4983-967f-302caab8fa6f" testListId="8c84fa94-04c1-424b-9868-57a2d4851a1d" />
    <TestEntry testId="f86fb550-54fb-45cc-a5c4-8aa925b710d9" executionId="93838221-9957-4292-96dd-01ad84363f81" testListId="8c84fa94-04c1-424b-9868-57a2d4851a1d" />
    <TestEntry testId="c3baf95c-9f81-4ef9-8299-f3dadeee1ce8" executionId="eaecd465-f57d-4d50-b09f-ed94ba0e4410" testListId="8c84fa94-04c1-424b-9868-57a2d4851a1d" />
    <TestEntry testId="d502d06b-e38d-47fd-a835-72c7f7c3e2db" executionId="d9e70617-deee-4dc2-92b5-cfb41a8dac93" testListId="8c84fa94-04c1-424b-9868-57a2d4851a1d" />
    <TestEntry testId="81db9676-40c2-4d90-86ff-15f867ee30f0" executionId="610140ca-0999-439e-9ca5-31d42b17a58c" testListId="8c84fa94-04c1-424b-9868-57a2d4851a1d" />
    <TestEntry testId="ec30723c-b5e5-447b-927f-d924d0201661" executionId="fa00eb45-c72e-468b-81bb-ba3cbe0c67cf" testListId="8c84fa94-04c1-424b-9868-57a2d4851a1d" />
    <TestEntry testId="03c9fe88-a1fd-452a-91e0-2e7ef83f50c4" executionId="a002245e-c8f5-4e10-abbb-692c73cb42cc" testListId="8c84fa94-04c1-424b-9868-57a2d4851a1d" />
    <TestEntry testId="7ba56987-48ac-42cf-ba1b-8515088d1a11" executionId="3e69f52c-33b5-4e95-b2e2-3ab70be52625" testListId="8c84fa94-04c1-424b-9868-57a2d4851a1d" />
    <TestEntry testId="cdc69fb6-702f-4080-be87-6840b886fa6c" executionId="e93ed6d0-08b9-4ddc-bb35-6c9aef54d808" testListId="8c84fa94-04c1-424b-9868-57a2d4851a1d" />
    <TestEntry testId="6894d0dc-9bc7-4132-a978-085e54118486" executionId="fb42cf50-1c52-40ea-8178-e5629d39c97e" testListId="8c84fa94-04c1-424b-9868-57a2d4851a1d" />
    <TestEntry testId="66101cd1-888b-44af-bfa4-2c5a4745a6a8" executionId="762f7fc1-b3ae-419e-b261-e1144e345786" testListId="8c84fa94-04c1-424b-9868-57a2d4851a1d" />
    <TestEntry testId="3433bf28-ca61-44f0-b3a5-f26f1d87a107" executionId="a4690677-6b1d-4f3d-aae1-53c3d258b58f" testListId="8c84fa94-04c1-424b-9868-57a2d4851a1d" />
    <TestEntry testId="5a36beb7-05ae-4960-a0df-b49b3b274f33" executionId="41a2d62b-b4e1-4a26-8fcd-0c0bd0397ca9" testListId="8c84fa94-04c1-424b-9868-57a2d4851a1d" />
    <TestEntry testId="bd330577-4bba-45c8-afb5-551f629b0ad0" executionId="15f19103-e2da-488b-8d2c-b04c0037e7da" testListId="8c84fa94-04c1-424b-9868-57a2d4851a1d" />
    <TestEntry testId="ea6e2092-6a44-4ce8-952e-70c5ccc95561" executionId="4d5701bf-15c5-4ff8-8ad7-fbd9c9c8f763" testListId="8c84fa94-04c1-424b-9868-57a2d4851a1d" />
    <TestEntry testId="0403ce28-1a46-4fd0-918f-75755bedaf01" executionId="785b7da3-e4ed-4e01-9aac-0c468f5495a5" testListId="8c84fa94-04c1-424b-9868-57a2d4851a1d" />
    <TestEntry testId="bb9f38e0-d49c-4a95-9abb-8ccda6fd7baf" executionId="057e099a-0bee-4351-9258-a74475068155" testListId="8c84fa94-04c1-424b-9868-57a2d4851a1d" />
    <TestEntry testId="e397be74-af7f-4197-b607-19776204ff6f" executionId="2745d756-1fae-4f5c-8315-b44fbcae6a78" testListId="8c84fa94-04c1-424b-9868-57a2d4851a1d" />
    <TestEntry testId="88647952-9c5d-4bc6-bc37-d67a6f67c558" executionId="80385707-6d1a-4a0f-a737-14557fc928eb" testListId="8c84fa94-04c1-424b-9868-57a2d4851a1d" />
    <TestEntry testId="73a8abf8-d42d-43af-8584-b6637a2fb9cd" executionId="ce4e2f3f-c3d2-4994-a940-3bf18a016907" testListId="8c84fa94-04c1-424b-9868-57a2d4851a1d" />
    <TestEntry testId="89c345b2-31f7-4c54-b859-ad1dc73fd34e" executionId="87250dc9-6ee5-479a-8719-977a8b72e2ab" testListId="8c84fa94-04c1-424b-9868-57a2d4851a1d" />
    <TestEntry testId="6e9283e3-82a6-4c9f-8efe-918eebda97b9" executionId="f59b4295-fa22-4c35-8a59-885d5af568f2" testListId="8c84fa94-04c1-424b-9868-57a2d4851a1d" />
    <TestEntry testId="c1b8741c-78be-4cdf-8818-de0829e5175b" executionId="f2f732c9-bd2a-4ba4-8796-b87db2251656" testListId="8c84fa94-04c1-424b-9868-57a2d4851a1d" />
    <TestEntry testId="950910d5-c612-4d41-a045-a52ebb582d18" executionId="cefb9397-65b6-4e49-a3ea-95367f40bf60" testListId="8c84fa94-04c1-424b-9868-57a2d4851a1d" />
    <TestEntry testId="e5b25040-16e3-4624-aff4-777671a83612" executionId="34571cf9-03f1-43df-a6be-cdb7360f8459" testListId="8c84fa94-04c1-424b-9868-57a2d4851a1d" />
    <TestEntry testId="1e1ba245-fd35-4529-93a1-82208fa9a2f9" executionId="1ffec194-89c0-44a3-8525-e82774aec159" testListId="8c84fa94-04c1-424b-9868-57a2d4851a1d" />
    <TestEntry testId="4cb244b8-3cc0-4056-b2d1-f041b268ecec" executionId="76856acf-864f-4e80-9fdd-5057652fb447" testListId="8c84fa94-04c1-424b-9868-57a2d4851a1d" />
    <TestEntry testId="c7349646-1df2-409a-bab7-cdd0c34e419c" executionId="e2f5534d-e66f-48d7-97fa-663c48395c3f" testListId="8c84fa94-04c1-424b-9868-57a2d4851a1d" />
    <TestEntry testId="87bb86ee-0e17-4773-a587-36564e6573e9" executionId="bd08d0bf-f5aa-49c5-8a68-caf06a5a8984" testListId="8c84fa94-04c1-424b-9868-57a2d4851a1d" />
    <TestEntry testId="8eb95e65-e827-4542-97f3-e9e894eabef4" executionId="4eb0ca6c-501a-409d-a485-fcef61ca1a6c" testListId="8c84fa94-04c1-424b-9868-57a2d4851a1d" />
    <TestEntry testId="c9006bdf-d89e-4ab6-a3bb-ee5e9e7861da" executionId="0fa8da7c-3cf5-4544-9d3c-d693269034c9" testListId="8c84fa94-04c1-424b-9868-57a2d4851a1d" />
    <TestEntry testId="f8b0a69b-5d97-470b-880a-fafcaa8fa569" executionId="9107036f-33dc-4990-b47b-333e31c5a151" testListId="8c84fa94-04c1-424b-9868-57a2d4851a1d" />
    <TestEntry testId="52d95817-9c0c-48fe-8818-a3da196f0a18" executionId="342fbfa5-8285-4f76-802b-ae0957bef6ad" testListId="8c84fa94-04c1-424b-9868-57a2d4851a1d" />
    <TestEntry testId="5ad2e2fe-55c1-49fd-b191-f941b51fb72b" executionId="244e5091-5593-453e-ae4f-40cf10d945b7" testListId="8c84fa94-04c1-424b-9868-57a2d4851a1d" />
    <TestEntry testId="92636ddb-1824-408d-a962-0bc581678619" executionId="70ae0633-dc5d-4588-b0bb-260c099d47d3" testListId="8c84fa94-04c1-424b-9868-57a2d4851a1d" />
    <TestEntry testId="7451e969-2830-4ff6-ada2-df34158aba98" executionId="6d921581-96ab-432a-b693-20530a9cd839" testListId="8c84fa94-04c1-424b-9868-57a2d4851a1d" />
    <TestEntry testId="13a3d6b9-529b-4926-9e6a-46c9899712a6" executionId="de2390b2-a277-4cdd-9c34-6f202c5c9599" testListId="8c84fa94-04c1-424b-9868-57a2d4851a1d" />
    <TestEntry testId="44639382-7185-4d06-a065-bc4523de8e26" executionId="f5351b19-4f1f-44e9-92bc-808f87159589" testListId="8c84fa94-04c1-424b-9868-57a2d4851a1d" />
    <TestEntry testId="85aa828a-cfcd-4c7d-ad28-8d42db887bdd" executionId="fa2e6700-0eec-4e44-9ae1-46dbba6859fb" testListId="8c84fa94-04c1-424b-9868-57a2d4851a1d" />
    <TestEntry testId="0d54d14e-b44a-4d5f-92db-c40692ed1648" executionId="342a0304-2824-4633-a3ee-af0010e46c85" testListId="8c84fa94-04c1-424b-9868-57a2d4851a1d" />
    <TestEntry testId="33c671d0-9150-4f46-ba18-65b7fc27c1de" executionId="360fb523-8cec-4142-bfbe-50aacfdbdac9" testListId="8c84fa94-04c1-424b-9868-57a2d4851a1d" />
    <TestEntry testId="b205b43f-287c-4479-a181-51245046465a" executionId="7a829002-676a-4e9c-b47d-f3d79a7793d5" testListId="8c84fa94-04c1-424b-9868-57a2d4851a1d" />
    <TestEntry testId="b9400b57-7090-4afc-9535-89e93cdedbdb" executionId="aa8c157d-4707-4831-8159-22786fde0cac" testListId="8c84fa94-04c1-424b-9868-57a2d4851a1d" />
    <TestEntry testId="8e1bf0a0-e943-4b1b-b3f2-701705e3d49d" executionId="6326825b-f76f-454e-9118-a4949dd1540b" testListId="8c84fa94-04c1-424b-9868-57a2d4851a1d" />
    <TestEntry testId="5fec4689-652c-44d1-8c8a-2acb4979423c" executionId="820d8b4a-f091-4d57-ba8a-fd46dd7e0bd1" testListId="8c84fa94-04c1-424b-9868-57a2d4851a1d" />
    <TestEntry testId="d1bf401b-270c-42d5-93a2-8626d952391d" executionId="dac65055-d8ed-4cf3-8218-85f84ba62696" testListId="8c84fa94-04c1-424b-9868-57a2d4851a1d" />
    <TestEntry testId="bbb789ff-50e4-41f5-a940-49282590f37c" executionId="7b449ff7-fc07-4654-b8aa-f50dd5f2bce6" testListId="8c84fa94-04c1-424b-9868-57a2d4851a1d" />
    <TestEntry testId="43043d18-c9cb-49ed-bcb6-bae32567f864" executionId="7bb67e4b-790f-42c2-8f28-076244615bae" testListId="8c84fa94-04c1-424b-9868-57a2d4851a1d" />
    <TestEntry testId="5936ecf8-f9d7-489d-a8d0-9b76472bddf9" executionId="ca98a9a0-5ac8-444a-b2cc-e1e06ba3b181" testListId="8c84fa94-04c1-424b-9868-57a2d4851a1d" />
    <TestEntry testId="c6e90529-6be8-4668-8f9b-71fa68ece28d" executionId="a476338e-6ac4-4592-9723-2409061a68aa" testListId="8c84fa94-04c1-424b-9868-57a2d4851a1d" />
    <TestEntry testId="5df08a6e-1a3c-42f8-a3dc-73def2db83eb" executionId="04bd4efa-c3c9-4a6f-ae52-8e20a8541cbf" testListId="8c84fa94-04c1-424b-9868-57a2d4851a1d" />
    <TestEntry testId="8d11a9db-03b0-47a6-ba87-d1fc4e8a9885" executionId="b9771d01-1019-4b41-9f26-8a242f796282" testListId="8c84fa94-04c1-424b-9868-57a2d4851a1d" />
    <TestEntry testId="250ca389-ee83-4cd2-9d80-91c77e0d8563" executionId="435713e8-e658-4648-86f6-1dfe226e7000" testListId="8c84fa94-04c1-424b-9868-57a2d4851a1d" />
    <TestEntry testId="47062746-abdb-4d2e-a56e-ddd485ecb1f3" executionId="6bf05fd7-f992-4cfc-8207-532eeea726f5" testListId="8c84fa94-04c1-424b-9868-57a2d4851a1d" />
    <TestEntry testId="58173c3c-8db4-4770-a515-46e1e1879aba" executionId="b2f20dcd-3aa7-41c0-bc74-e5e969fdfe1f" testListId="8c84fa94-04c1-424b-9868-57a2d4851a1d" />
    <TestEntry testId="b6b77b7d-65ad-44a0-b057-236b26d4d224" executionId="89f51241-2065-4b0c-88ab-adcb994e23f1" testListId="8c84fa94-04c1-424b-9868-57a2d4851a1d" />
    <TestEntry testId="a4d96c90-41c4-46a6-948f-b81047c33027" executionId="e8a0fb41-a57b-48ce-b7f3-f5cd6711455e" testListId="8c84fa94-04c1-424b-9868-57a2d4851a1d" />
    <TestEntry testId="8549ddc1-8f0e-4657-948e-f6d689880a33" executionId="424ea91a-34e5-4fad-9462-3ff6821feae7" testListId="8c84fa94-04c1-424b-9868-57a2d4851a1d" />
    <TestEntry testId="f080ba11-aa53-46e0-8d66-ec65d3704602" executionId="303e7dcb-815f-4e1f-83e8-a82a7abb5313" testListId="8c84fa94-04c1-424b-9868-57a2d4851a1d" />
    <TestEntry testId="af96b68e-2df5-474a-aa4f-a921acb5997a" executionId="cad33393-3971-447c-ac2e-f01d46d8208d" testListId="8c84fa94-04c1-424b-9868-57a2d4851a1d" />
    <TestEntry testId="e62e9177-2167-4d14-82cf-961657d0810f" executionId="1b768eb6-4dc8-4d58-91b8-31bc84e52582" testListId="8c84fa94-04c1-424b-9868-57a2d4851a1d" />
    <TestEntry testId="dce6e8b3-abe3-47e9-8fef-5c1fb5f21a2a" executionId="f3f7f476-de30-485c-8a5d-cdef7288f911" testListId="8c84fa94-04c1-424b-9868-57a2d4851a1d" />
    <TestEntry testId="4932a66a-9607-4f31-9a4d-132d969e67d1" executionId="f7e40c9a-d8df-44e0-81bd-af4fedb089d0" testListId="8c84fa94-04c1-424b-9868-57a2d4851a1d" />
    <TestEntry testId="4f9555d8-d585-4a73-a09d-1eced83aa294" executionId="f858ddc0-06f9-48e7-bd7c-88b9a6ca56b1" testListId="8c84fa94-04c1-424b-9868-57a2d4851a1d" />
    <TestEntry testId="8e4bc49e-094a-450c-8514-e289ac4df4ac" executionId="4a26185e-284f-497c-8489-204f49ae93b9" testListId="8c84fa94-04c1-424b-9868-57a2d4851a1d" />
    <TestEntry testId="2953f239-1ac7-49bd-9d97-2d7910fab2c5" executionId="9246192c-2285-4c21-8023-ca2ea3c65ee6" testListId="8c84fa94-04c1-424b-9868-57a2d4851a1d" />
    <TestEntry testId="eb8401fc-a990-4e3a-88cc-a1c8a014c9b6" executionId="049b3958-3b0a-4158-bbe6-66425aef6721" testListId="8c84fa94-04c1-424b-9868-57a2d4851a1d" />
    <TestEntry testId="720e49f4-2710-4267-a965-ede0cefaa39d" executionId="ade436a4-0450-461c-8323-acac8f7cc389" testListId="8c84fa94-04c1-424b-9868-57a2d4851a1d" />
    <TestEntry testId="c82329f1-eb65-465a-9424-25dfd9d6fa6b" executionId="4bd7a51a-da7d-466c-aca9-ba7b057d75d1" testListId="8c84fa94-04c1-424b-9868-57a2d4851a1d" />
    <TestEntry testId="7f4a11ff-e9de-497e-9440-600b54845c03" executionId="3fb8810f-f190-4cc7-b0cc-524641f5893e" testListId="8c84fa94-04c1-424b-9868-57a2d4851a1d" />
    <TestEntry testId="fbd95cff-a019-4f11-a93a-280dd3fae075" executionId="ecf75efc-ba90-4640-bcf4-f5189a860d12" testListId="8c84fa94-04c1-424b-9868-57a2d4851a1d" />
    <TestEntry testId="efac0b23-90e8-4131-a612-4f7d7186ccb3" executionId="c8be21b4-114b-4192-98af-0557b2f81fee" testListId="8c84fa94-04c1-424b-9868-57a2d4851a1d" />
    <TestEntry testId="a111f2c4-efc0-499b-96cb-e51e8fc17b8d" executionId="113af5ba-2f94-4ba8-a545-b50d1597d0fb" testListId="8c84fa94-04c1-424b-9868-57a2d4851a1d" />
    <TestEntry testId="d80ac55e-ba7f-4756-abd3-2152477ad754" executionId="0bab7d71-3019-45ef-8993-abf82fb011d3" testListId="8c84fa94-04c1-424b-9868-57a2d4851a1d" />
    <TestEntry testId="cc784921-7c95-4ea7-9389-b35425762d7b" executionId="40ac4b31-dd35-4874-842e-9c5a34696a74" testListId="8c84fa94-04c1-424b-9868-57a2d4851a1d" />
    <TestEntry testId="e0c15286-326d-46b9-8454-95f907d0aef8" executionId="21516fae-b115-4dc9-b392-9680b01fc0d8" testListId="8c84fa94-04c1-424b-9868-57a2d4851a1d" />
    <TestEntry testId="9f6e9140-7168-415e-b161-f13770ac17de" executionId="56a733b6-606b-42f0-99b7-21087d734dc1" testListId="8c84fa94-04c1-424b-9868-57a2d4851a1d" />
    <TestEntry testId="75844bdb-2729-405d-87f8-c46350c50b7e" executionId="b8c70371-d2b3-411c-afa8-e2f98bdb1f40" testListId="8c84fa94-04c1-424b-9868-57a2d4851a1d" />
    <TestEntry testId="db7bf1f9-253e-42a9-a66a-8012114cb436" executionId="da6b945b-0e58-4f67-b3a2-a395284ce781" testListId="8c84fa94-04c1-424b-9868-57a2d4851a1d" />
    <TestEntry testId="53802b22-f65c-4295-9edf-21a20a35fa16" executionId="2fba93fb-bd55-4212-880d-0c727d49bb5c" testListId="8c84fa94-04c1-424b-9868-57a2d4851a1d" />
    <TestEntry testId="08440528-6103-4d95-8218-29f6befee526" executionId="bcddd7d7-d0c9-4140-b3f4-402b4ebc8526" testListId="8c84fa94-04c1-424b-9868-57a2d4851a1d" />
    <TestEntry testId="a5f2cc63-d295-4db8-946f-afd59c22814e" executionId="be497203-7f22-4b9a-8261-a89e2e05dacc" testListId="8c84fa94-04c1-424b-9868-57a2d4851a1d" />
    <TestEntry testId="59cb8f09-b1ff-43bf-a381-4595e6d4a4d9" executionId="dc093578-3841-4eae-99ba-6accc3e9d474" testListId="8c84fa94-04c1-424b-9868-57a2d4851a1d" />
    <TestEntry testId="060d6fac-7997-4fb7-9fe0-aa3682b28167" executionId="da40fad8-bef6-4c4f-b393-f6b4dab7b341" testListId="8c84fa94-04c1-424b-9868-57a2d4851a1d" />
    <TestEntry testId="466e86b5-7bf2-4c90-8972-c946c509b8c4" executionId="29497e5d-82b6-4fb8-b4e6-e8381a993607" testListId="8c84fa94-04c1-424b-9868-57a2d4851a1d" />
    <TestEntry testId="557021ee-e114-4c61-bad8-f0a1d120269a" executionId="4459fb8c-710e-4146-9768-0499b982e88b" testListId="8c84fa94-04c1-424b-9868-57a2d4851a1d" />
    <TestEntry testId="663a235e-4275-401c-be02-e589266f4bf4" executionId="b2fd2a0d-68d1-45e5-94cc-3af659596ac4" testListId="8c84fa94-04c1-424b-9868-57a2d4851a1d" />
    <TestEntry testId="72e24317-fc73-48f3-b084-ce58b004f1bd" executionId="610b1d27-3418-403f-9937-e0da7615efc9" testListId="8c84fa94-04c1-424b-9868-57a2d4851a1d" />
    <TestEntry testId="4759db1d-4eda-432e-b77f-8f410944266a" executionId="26646b0a-29c7-46be-8bc3-07f7e25ed017" testListId="8c84fa94-04c1-424b-9868-57a2d4851a1d" />
    <TestEntry testId="1a70f502-d005-44c6-97b2-d3d7bf35763c" executionId="5188238f-b92d-49f9-816c-7572f92818e2" testListId="8c84fa94-04c1-424b-9868-57a2d4851a1d" />
    <TestEntry testId="124cfaf7-bfe1-41f0-80cc-3da567d756be" executionId="ffec4eda-3d83-4380-a468-987c349c7350" testListId="8c84fa94-04c1-424b-9868-57a2d4851a1d" />
    <TestEntry testId="4f9b2d7d-93ef-4a5e-b1e7-4775d3045412" executionId="3be36fe9-f98f-4a6f-adb2-a69cf3865493" testListId="8c84fa94-04c1-424b-9868-57a2d4851a1d" />
    <TestEntry testId="3cfdc6e0-e095-42ff-94d2-7abc9ddfc278" executionId="bc899e88-c08f-4899-816b-83f8db1e9e94" testListId="8c84fa94-04c1-424b-9868-57a2d4851a1d" />
    <TestEntry testId="28c4b1f0-d60b-46b5-a64e-1e663371fbeb" executionId="ddf642a5-aff4-48b4-9269-5354e91e5bc3" testListId="8c84fa94-04c1-424b-9868-57a2d4851a1d" />
    <TestEntry testId="c599a5f5-7c49-4b41-9ffa-5f7124615cb8" executionId="dbccb840-91a6-4530-bd16-f721981e7533" testListId="8c84fa94-04c1-424b-9868-57a2d4851a1d" />
    <TestEntry testId="3ce8f0d8-ba0a-4706-8d67-1c1ea78981a8" executionId="55337da5-7d48-4e5f-a2d0-59845120cc7a" testListId="8c84fa94-04c1-424b-9868-57a2d4851a1d" />
    <TestEntry testId="6fbb7719-01db-4a8d-9127-71961fdf6d1c" executionId="6a3131c4-86b6-435e-a4c2-04f9b703ec23" testListId="8c84fa94-04c1-424b-9868-57a2d4851a1d" />
    <TestEntry testId="f1d8f89d-7efb-4562-ac18-0a2542b72ac2" executionId="aed091e7-b41d-484b-896a-ab72ede1cd53" testListId="8c84fa94-04c1-424b-9868-57a2d4851a1d" />
    <TestEntry testId="36ad1ed4-35b3-415f-a35f-2d99980018c8" executionId="e949226a-0cdc-4e57-963e-4f24a178049e" testListId="8c84fa94-04c1-424b-9868-57a2d4851a1d" />
    <TestEntry testId="c73dc261-cb57-4b7e-94ad-60ae89e052d1" executionId="5b103254-bc3f-443e-8044-670d44470f0a" testListId="8c84fa94-04c1-424b-9868-57a2d4851a1d" />
    <TestEntry testId="81a7ba7b-4953-4a75-b6a1-9359f7d12d6d" executionId="60bb8f43-a764-48a7-9581-b303fbcde2a4" testListId="8c84fa94-04c1-424b-9868-57a2d4851a1d" />
    <TestEntry testId="c1cf136b-b918-4dd7-aa35-3788caea4be2" executionId="0fd12f12-d917-4750-ae23-aae41b293e59" testListId="8c84fa94-04c1-424b-9868-57a2d4851a1d" />
    <TestEntry testId="4cae9e39-b68f-4979-b11b-058e6a91ce7c" executionId="8f6006ff-3ad2-4176-bd48-06663b53ca6b" testListId="8c84fa94-04c1-424b-9868-57a2d4851a1d" />
    <TestEntry testId="5c63f442-a72e-4060-84ca-eaa5b552c3d1" executionId="e2c865e3-ece6-4b0b-a544-43fb39119f1f" testListId="8c84fa94-04c1-424b-9868-57a2d4851a1d" />
    <TestEntry testId="1385cc6c-9384-4b3b-884f-27c7d281b7a1" executionId="fb317558-68bd-4404-96e2-1f04a4e245c1" testListId="8c84fa94-04c1-424b-9868-57a2d4851a1d" />
    <TestEntry testId="83311bc6-aefb-428b-ac32-9320f09f8d1b" executionId="d21639e5-978f-4997-a2c6-cc5e14aca370" testListId="8c84fa94-04c1-424b-9868-57a2d4851a1d" />
    <TestEntry testId="b53f1aaf-b227-4528-8261-bcec348a7ad6" executionId="798a46a4-5a4d-4708-a952-cd765e89428a" testListId="8c84fa94-04c1-424b-9868-57a2d4851a1d" />
    <TestEntry testId="6dd54b6b-8883-49f1-9218-548e2003b596" executionId="aad95f77-caef-4ff9-ac5c-29033b7cbe6a" testListId="8c84fa94-04c1-424b-9868-57a2d4851a1d" />
    <TestEntry testId="fe2d5be4-d151-4c0a-9d4a-f365992debe1" executionId="a94b7b97-758b-45c3-becf-8510f41f54d0" testListId="8c84fa94-04c1-424b-9868-57a2d4851a1d" />
    <TestEntry testId="caf74a27-e321-499a-93cd-15098f377346" executionId="314f74ef-a99c-4c31-962b-f039375c334f" testListId="8c84fa94-04c1-424b-9868-57a2d4851a1d" />
    <TestEntry testId="9b19ae61-3e96-466d-aa7b-df86c6e829db" executionId="a10b6cf8-ae60-4f14-a408-db28e27122af" testListId="8c84fa94-04c1-424b-9868-57a2d4851a1d" />
    <TestEntry testId="dcdbadfc-255e-49cd-a9a9-1c6fa80f88ac" executionId="9832228d-5ad7-4ac5-bda5-00ec8f713dda" testListId="8c84fa94-04c1-424b-9868-57a2d4851a1d" />
    <TestEntry testId="56e2561a-4b31-44ae-9389-327c5ca314b4" executionId="a0c63e28-d0db-46a4-b4c6-2010f63a566e" testListId="8c84fa94-04c1-424b-9868-57a2d4851a1d" />
    <TestEntry testId="a07f0214-64b6-4977-ab25-0086b6c2cc3d" executionId="47a18b04-45ec-44fc-b590-493d914e5663" testListId="8c84fa94-04c1-424b-9868-57a2d4851a1d" />
    <TestEntry testId="c8fdd1a2-abf1-4030-9b23-6f4ae85e8f4b" executionId="8b521ce8-65f4-4f18-91a6-8d0beb38a595" testListId="8c84fa94-04c1-424b-9868-57a2d4851a1d" />
    <TestEntry testId="ff725f82-aa8f-4b57-a59a-901d0c2f153d" executionId="016c6207-edb6-4de6-ad8b-37363e376db1" testListId="8c84fa94-04c1-424b-9868-57a2d4851a1d" />
    <TestEntry testId="687a278a-7ff2-4237-aec4-805448223c3a" executionId="4866560a-fc79-44c1-9fa6-c2d05c1fc554" testListId="8c84fa94-04c1-424b-9868-57a2d4851a1d" />
    <TestEntry testId="766b88f2-d4bc-40f5-812f-81d0e47b7421" executionId="a0a3c4b0-731e-49ed-99fc-d9209e419bbb" testListId="8c84fa94-04c1-424b-9868-57a2d4851a1d" />
    <TestEntry testId="9e3a0d19-2d65-4f86-b63e-7fd4aea1d888" executionId="be47f349-5c25-4347-8748-6d5f3e84a523" testListId="8c84fa94-04c1-424b-9868-57a2d4851a1d" />
    <TestEntry testId="afb15cb6-36cc-4056-8629-76ee7c8f4119" executionId="e603a077-d103-4bab-974e-2bed5bacf3db" testListId="8c84fa94-04c1-424b-9868-57a2d4851a1d" />
    <TestEntry testId="772cf891-aac4-436b-a62c-f74bc4916fe1" executionId="3ecef952-dee7-4eee-a90c-535a8717b458" testListId="8c84fa94-04c1-424b-9868-57a2d4851a1d" />
    <TestEntry testId="c06eae7e-0cdb-43f5-969b-75479231a360" executionId="248b4b3e-a298-4eb8-9510-88bfd7505069" testListId="8c84fa94-04c1-424b-9868-57a2d4851a1d" />
    <TestEntry testId="4eeb5436-ff65-442f-8527-4d61c62d77e6" executionId="f702839c-ae5b-4689-a48b-f5de255821f4" testListId="8c84fa94-04c1-424b-9868-57a2d4851a1d" />
    <TestEntry testId="dea39de7-00d2-429a-a2a3-6ff733ad259c" executionId="c68f172a-89b8-4f63-8543-2ae75d4e700a" testListId="8c84fa94-04c1-424b-9868-57a2d4851a1d" />
    <TestEntry testId="bd7e0f1b-4519-40f4-82cd-964ac75ddd05" executionId="a4e78009-0a51-4d4b-9d70-dfdea8fd3e46" testListId="8c84fa94-04c1-424b-9868-57a2d4851a1d" />
    <TestEntry testId="a5447285-0135-4448-a777-aa4f62b9cea4" executionId="0be374c3-5d5f-4269-9ebb-66ee4acd52f1" testListId="8c84fa94-04c1-424b-9868-57a2d4851a1d" />
    <TestEntry testId="ab3faa59-93fd-4125-a6ab-069aad083c17" executionId="0d5ec336-7820-4213-a55e-a4f7f054fe07" testListId="8c84fa94-04c1-424b-9868-57a2d4851a1d" />
    <TestEntry testId="eb78ac10-2091-4322-b500-b3525c4ff68b" executionId="9b7bc4dc-b4e7-43c4-81a6-bed9a5c6667f" testListId="8c84fa94-04c1-424b-9868-57a2d4851a1d" />
    <TestEntry testId="bc2fb767-6875-451d-88b3-6501daa81aef" executionId="179495c0-59bc-4cfe-a818-c184cc3fba79" testListId="8c84fa94-04c1-424b-9868-57a2d4851a1d" />
    <TestEntry testId="530419ec-900d-44d2-b9e6-40ba8007f85d" executionId="adca3a4d-d0d6-43d6-ab3a-7c170dbf038f" testListId="8c84fa94-04c1-424b-9868-57a2d4851a1d" />
    <TestEntry testId="cada5acd-3e8c-4419-be39-76e47c6ff946" executionId="6a6f061c-03e7-4667-98fa-8cf69593c01e" testListId="8c84fa94-04c1-424b-9868-57a2d4851a1d" />
    <TestEntry testId="5914da7f-fa50-40c8-beb9-e1126736f37b" executionId="041e6758-e19a-4067-819b-823e11022c75" testListId="8c84fa94-04c1-424b-9868-57a2d4851a1d" />
    <TestEntry testId="8c798b3d-2c77-4551-b541-d26b3fa60e96" executionId="ece15dd0-4992-4164-9df3-99a67cbffb88" testListId="8c84fa94-04c1-424b-9868-57a2d4851a1d" />
    <TestEntry testId="8f4ea46e-4059-4a25-a8f2-2f9d93e22c93" executionId="b40e1b09-38d1-4926-8221-a21aa7988b49" testListId="8c84fa94-04c1-424b-9868-57a2d4851a1d" />
    <TestEntry testId="fa146035-f4c4-4afc-8b2b-437d56e1096a" executionId="c69a1c8c-ca7d-47a5-8b35-9b2c4f120d07" testListId="8c84fa94-04c1-424b-9868-57a2d4851a1d" />
    <TestEntry testId="2cd35565-866b-461f-98bd-ca8ccc38d7f3" executionId="9630bd3c-e3a9-4794-a59a-1265ab82fbd8" testListId="8c84fa94-04c1-424b-9868-57a2d4851a1d" />
    <TestEntry testId="0540a570-e892-416f-9548-c933a699d4c3" executionId="f4756c57-d25c-4e8d-9cfa-9b6aa7ef233d" testListId="8c84fa94-04c1-424b-9868-57a2d4851a1d" />
    <TestEntry testId="74152c02-9d09-4ff7-9495-1d079989ed8a" executionId="988993a2-719a-4941-b270-bd8b72c28afb" testListId="8c84fa94-04c1-424b-9868-57a2d4851a1d" />
    <TestEntry testId="ff762018-88dd-4625-97d1-bc04098ea0f0" executionId="1ab77c00-fc35-4f78-af75-559ac5049b3b" testListId="8c84fa94-04c1-424b-9868-57a2d4851a1d" />
    <TestEntry testId="1a179697-cfea-4b56-a90f-77a7ab7a6766" executionId="5d545942-4468-41a8-a33d-25d90b562f51" testListId="8c84fa94-04c1-424b-9868-57a2d4851a1d" />
    <TestEntry testId="4f7df33e-13f8-46c8-be18-36f9d2284bd3" executionId="1889fbcf-7050-4046-8c13-b440ba15e6e4" testListId="8c84fa94-04c1-424b-9868-57a2d4851a1d" />
    <TestEntry testId="ad88e08e-a909-4aa0-9624-5724bad40985" executionId="e064e98c-ff36-46f2-b9c8-4477ddefb180" testListId="8c84fa94-04c1-424b-9868-57a2d4851a1d" />
    <TestEntry testId="afe46894-5ac2-4cab-ad78-a38c04138c6b" executionId="bca55a7e-c24d-4980-b702-f186514721d5" testListId="8c84fa94-04c1-424b-9868-57a2d4851a1d" />
    <TestEntry testId="137a36db-6e44-417d-b83c-1526da745318" executionId="e40dddbf-9e01-4b2c-9db5-88cfc7532479" testListId="8c84fa94-04c1-424b-9868-57a2d4851a1d" />
    <TestEntry testId="3b12d159-7cd1-46b7-ac8f-35c8f1a3cc3b" executionId="b586c6f0-3fc7-4907-ac46-5f754d1a7a36" testListId="8c84fa94-04c1-424b-9868-57a2d4851a1d" />
    <TestEntry testId="e813a6b3-5917-4439-bb6c-80595bad432d" executionId="dbc95288-1c12-4728-b51d-fa50c4f21804" testListId="8c84fa94-04c1-424b-9868-57a2d4851a1d" />
    <TestEntry testId="1e296144-299c-47da-bb34-03d27d36d293" executionId="0953fe39-186f-4ae6-b3ed-f258a8780bf4" testListId="8c84fa94-04c1-424b-9868-57a2d4851a1d" />
    <TestEntry testId="144d8d3a-acc8-4c23-bb02-8b16e7974a81" executionId="dcd995fa-f25e-44bf-96e1-8e737c1db03d" testListId="8c84fa94-04c1-424b-9868-57a2d4851a1d" />
    <TestEntry testId="a1a7e747-8a47-4c27-8ac0-12a5c05f552a" executionId="bcbd7a9d-6446-4f2e-8a78-ef24634411ba" testListId="8c84fa94-04c1-424b-9868-57a2d4851a1d" />
    <TestEntry testId="03e35874-86b4-4f45-9720-11618cd501e2" executionId="a160c324-5a1b-42bf-b18c-656e4d3fcd94" testListId="8c84fa94-04c1-424b-9868-57a2d4851a1d" />
    <TestEntry testId="1c227780-75fa-4561-9c09-949abe2f2ee3" executionId="91ee5268-5842-4257-9605-04a291bc26e3" testListId="8c84fa94-04c1-424b-9868-57a2d4851a1d" />
    <TestEntry testId="536ea552-e468-4d7f-b606-5aeefba5d059" executionId="c464b9c6-7ead-4a8e-b734-a37b6925e7db" testListId="8c84fa94-04c1-424b-9868-57a2d4851a1d" />
    <TestEntry testId="c875fbe5-7486-418e-8658-889df508919c" executionId="9067ecf8-5326-4544-a2d9-7198b9c7fdaa" testListId="8c84fa94-04c1-424b-9868-57a2d4851a1d" />
    <TestEntry testId="2262896c-729e-4788-be53-8be2f95819d5" executionId="8c9943b7-2c50-4f5e-8d03-ede20d673acf" testListId="8c84fa94-04c1-424b-9868-57a2d4851a1d" />
    <TestEntry testId="d4fca551-a29d-43ac-a2fb-3afab189c833" executionId="9adc740c-d619-4be1-8ec8-0a06f8a1765d" testListId="8c84fa94-04c1-424b-9868-57a2d4851a1d" />
    <TestEntry testId="a692a7e8-f12c-434f-aac5-ba1916f4ea8c" executionId="06b652bf-1f13-43a4-aa0a-88dfaf7b770b" testListId="8c84fa94-04c1-424b-9868-57a2d4851a1d" />
    <TestEntry testId="3f71a834-7627-412e-998c-844a3c0af65b" executionId="3e9fc1d4-1b3c-490f-a5d5-af715b2657f9" testListId="8c84fa94-04c1-424b-9868-57a2d4851a1d" />
    <TestEntry testId="4e8ba58b-d7d6-4c79-9791-4a60c31e7294" executionId="f58eda22-5923-4f00-a311-e944255b406a" testListId="8c84fa94-04c1-424b-9868-57a2d4851a1d" />
    <TestEntry testId="b0c72556-5b3c-442a-ae75-8d7384f484d9" executionId="64e4757d-5bd5-4503-b4dd-0bc19febae95" testListId="8c84fa94-04c1-424b-9868-57a2d4851a1d" />
    <TestEntry testId="893381b2-536d-4a7c-9912-7ec52a66b189" executionId="e75ecd1b-78a0-4482-93ea-d8696d8c9e60" testListId="8c84fa94-04c1-424b-9868-57a2d4851a1d" />
    <TestEntry testId="74660d05-b152-40b2-bc01-2debe6f8951d" executionId="6f523e9a-9f7b-435a-b8d4-5b1c65238c4a" testListId="8c84fa94-04c1-424b-9868-57a2d4851a1d" />
    <TestEntry testId="45d8c4d5-a225-4c9a-b1e3-965d5f9c9f07" executionId="e8fa5641-95c9-4ac2-880a-fb4ead072ce4" testListId="8c84fa94-04c1-424b-9868-57a2d4851a1d" />
    <TestEntry testId="700aad91-9368-478f-9d3b-0459b132b626" executionId="ca770348-b6ac-4080-9c12-a8f1ccdf811a" testListId="8c84fa94-04c1-424b-9868-57a2d4851a1d" />
    <TestEntry testId="ec44044b-a29b-4b26-bc49-c7ebf810bce1" executionId="3e84715f-b5ca-4bdf-a5df-da03b67e8527" testListId="8c84fa94-04c1-424b-9868-57a2d4851a1d" />
    <TestEntry testId="3ea5536f-0c1b-4291-ad44-1a3d870e2be8" executionId="5910f9cb-ace3-4505-b60e-ed50850f8dff" testListId="8c84fa94-04c1-424b-9868-57a2d4851a1d" />
    <TestEntry testId="53dff3fa-3681-4672-b284-13fc08b1f8ff" executionId="9a0322b9-e404-4c05-a0f6-e930ff7d3fb9" testListId="8c84fa94-04c1-424b-9868-57a2d4851a1d" />
    <TestEntry testId="9cde0832-f993-4588-a13f-d2e1c8b31b20" executionId="5f99acdf-59f7-4a95-85be-79fb8ba455e2" testListId="8c84fa94-04c1-424b-9868-57a2d4851a1d" />
    <TestEntry testId="bd91ae22-f449-47a9-9892-e932b0fb190a" executionId="9428ae21-aa28-4608-b177-8778604716c9" testListId="8c84fa94-04c1-424b-9868-57a2d4851a1d" />
    <TestEntry testId="d4ba5ba2-e099-41a8-aa1c-5ebd9737bede" executionId="4ccb20c7-2a2e-4840-82a7-e3fefd7c0dcf" testListId="8c84fa94-04c1-424b-9868-57a2d4851a1d" />
    <TestEntry testId="479b1bc0-1fff-49ac-a820-2171d2b438ae" executionId="a0611818-700c-4e4e-bb3c-b4b2858baf8c" testListId="8c84fa94-04c1-424b-9868-57a2d4851a1d" />
    <TestEntry testId="3ed68acf-e6d2-4efe-a5c2-296957be7226" executionId="7392aeea-24c0-42a9-99b5-a1e473d7a062" testListId="8c84fa94-04c1-424b-9868-57a2d4851a1d" />
    <TestEntry testId="db0a2ba9-d8fb-46d4-97bf-a57594876707" executionId="94fb70cf-6d5f-46da-aeee-2bda472a3817" testListId="8c84fa94-04c1-424b-9868-57a2d4851a1d" />
    <TestEntry testId="5915e44e-29b5-46ab-af98-3cf7c8cc1cf1" executionId="141d9795-75bf-4d93-a66c-66fa0a6ba5af" testListId="8c84fa94-04c1-424b-9868-57a2d4851a1d" />
    <TestEntry testId="7b1e0229-77f3-46cc-8ff2-a474ffd4f7a0" executionId="fe05f238-e392-4756-900b-68ca6f64b538" testListId="8c84fa94-04c1-424b-9868-57a2d4851a1d" />
    <TestEntry testId="118ffa40-bcb0-4d6e-bcb2-49420c4681c2" executionId="c83f9511-7df5-4508-83c3-78765020ffa3" testListId="8c84fa94-04c1-424b-9868-57a2d4851a1d" />
    <TestEntry testId="75739732-f8ea-4216-a201-3bacd1b50562" executionId="669835dd-bf38-43d5-8ffb-33c48109796a" testListId="8c84fa94-04c1-424b-9868-57a2d4851a1d" />
    <TestEntry testId="5f150458-dcde-461b-a044-5af36f850477" executionId="d631c94b-3df2-4c44-921d-2476c2a25271" testListId="8c84fa94-04c1-424b-9868-57a2d4851a1d" />
    <TestEntry testId="31965449-0ada-4995-b95d-623bd108c9ed" executionId="a0323796-fa7f-40d5-a216-3f0a9557ded3" testListId="8c84fa94-04c1-424b-9868-57a2d4851a1d" />
    <TestEntry testId="680bd81e-b0ae-4ccd-9b59-bdceefe28a0d" executionId="29973331-9812-4dd0-afaf-295ed4ddf969" testListId="8c84fa94-04c1-424b-9868-57a2d4851a1d" />
    <TestEntry testId="655aba2d-3d86-4402-bdd8-f2dfb780a769" executionId="6844ed44-c08c-484e-b12f-8e8b2b26913f" testListId="8c84fa94-04c1-424b-9868-57a2d4851a1d" />
    <TestEntry testId="d7efbd57-a48c-4eb6-a59a-8f91599b0b34" executionId="ab4ffaea-0314-47c2-83c5-424c513a881e" testListId="8c84fa94-04c1-424b-9868-57a2d4851a1d" />
    <TestEntry testId="0d733f3f-f31f-4be4-aaa3-a6af08c11139" executionId="53fbf129-23e4-4ff5-bd76-8a02b7a2c764" testListId="8c84fa94-04c1-424b-9868-57a2d4851a1d" />
  </TestEntries>
  <TestLists>
    <TestList name="Resultados sin formato de lista" id="8c84fa94-04c1-424b-9868-57a2d4851a1d" />
    <TestList name="Todos los resultados cargados" id="19431567-8539-422a-85d7-44ee4e166bda" />
  </TestLists>
  <ResultSummary outcome="Completed">
    <Counters total="377" executed="377" passed="377" failed="0" error="0" timeout="0" aborted="0" inconclusive="0" passedButRunAborted="0" notRunnable="0" notExecuted="0" disconnected="0" warning="0" completed="0" inProgress="0" pending="0" />
  </ResultSummary>
</TestRun>