<?xml version="1.0" encoding="utf-8"?>
<TestRun id="d86720e0-2467-4a8a-b0c0-9a957b9db70c" name="sferrari@PC-SFERRARI 2020-11-30 20:53:35" runUser="PC-SFERRARI\sferrari" xmlns="http://microsoft.com/schemas/VisualStudio/TeamTest/2010">
  <Times creation="2020-11-30T20:53:35.0557355+00:00" queuing="2020-11-30T20:53:35.0557355+00:00" start="2020-11-30T20:53:29.3799943+00:00" finish="2020-11-30T20:53:35.0567346+00:00" />
  <TestSettings name="default" id="88cd9000-23df-439a-b24a-08f1735a6929">
    <Deployment runDeploymentRoot="sferrari_PC-SFERRARI_2020-11-30_20_53_35" />
  </TestSettings>
  <Results>
    <UnitTestResult executionId="bbcf66a7-9d56-49e0-9a66-faa0e4558270" testId="0e702ef4-7e85-bcb3-3879-32ee56a27932" testName="IsName_Passing_ValidArguments_Returns_HasErrorsAndCount" computerName="PC-SFERRARI" duration="00:00:03.7709433" startTime="2020-11-30T20:53:30.9509443+00:00" endTime="2020-11-30T20:53:34.9330924+00:00" testType="13cdc9d9-ddb5-4fa4-a97d-d965ccfc6d4b" outcome="Passed" testListId="8c84fa94-04c1-424b-9868-57a2d4851a1d" relativeResultsDirectory="bbcf66a7-9d56-49e0-9a66-faa0e4558270" />
  </Results>
  <TestDefinitions>
    <UnitTest name="IsName_Passing_ValidArguments_Returns_HasErrorsAndCount" storage="d:\sferrari\01 - trabajo\repos\netcore\template-netcore-shared\kitpymes.core.shared.tests\bin\debug\netcoreapp3.0\kitpymes.core.shared.tests.dll" id="0e702ef4-7e85-bcb3-3879-32ee56a27932">
      <Execution id="bbcf66a7-9d56-49e0-9a66-faa0e4558270" />
      <TestMethod codeBase="D:\SFERRARI\01 - TRABAJO\repos\netcore\template-netcore-shared\Kitpymes.Core.Shared.Tests\bin\Debug\netcoreapp3.0\Kitpymes.Core.Shared.Tests.dll" adapterTypeName="executor://mstestadapter/v2" className="Kitpymes.Core.Shared.Tests.CheckTests" name="IsName_Passing_ValidArguments_Returns_HasErrorsAndCount" />
    </UnitTest>
  </TestDefinitions>
  <TestEntries>
    <TestEntry testId="0e702ef4-7e85-bcb3-3879-32ee56a27932" executionId="bbcf66a7-9d56-49e0-9a66-faa0e4558270" testListId="8c84fa94-04c1-424b-9868-57a2d4851a1d" />
  </TestEntries>
  <TestLists>
    <TestList name="Resultados sin formato de lista" id="8c84fa94-04c1-424b-9868-57a2d4851a1d" />
    <TestList name="Todos los resultados cargados" id="19431567-8539-422a-85d7-44ee4e166bda" />
  </TestLists>
  <ResultSummary outcome="Completed">
    <Counters total="1" executed="1" passed="1" failed="0" error="0" timeout="0" aborted="0" inconclusive="0" passedButRunAborted="0" notRunnable="0" notExecuted="0" disconnected="0" warning="0" completed="0" inProgress="0" pending="0" />
  </ResultSummary>
</TestRun>