<?xml version="1.0" encoding="utf-8"?>
<TestRun id="2926df06-3339-48a8-b34f-29974d28d36b" name="sferrari@PC-SFERRARI 2020-08-14 14:57:40" runUser="PC-SFERRARI\sferrari" xmlns="http://microsoft.com/schemas/VisualStudio/TeamTest/2010">
  <Times creation="2020-08-14T14:57:40.1795526+01:00" queuing="2020-08-14T14:57:40.1795526+01:00" start="2020-08-14T14:57:37.2703296+01:00" finish="2020-08-14T14:57:40.2762941+01:00" />
  <TestSettings name="default" id="9f00125c-5946-45d2-b472-d11e1282fafa">
    <Deployment runDeploymentRoot="sferrari_PC-SFERRARI_2020-08-14_14_57_40" />
  </TestSettings>
  <Results>
    <UnitTestResult executionId="fcb1da24-8790-483e-a2fe-94b8f1210c40" testId="481343f9-3ff3-548f-0c6c-41599cf65802" testName="CreateRandom_WithDefaultAllowableCharacters_Passing_ValidArguments_Returns_String_Random_Value" computerName="PC-SFERRARI" duration="00:00:00.0044496" startTime="2020-08-14T14:57:40.1404708+01:00" endTime="2020-08-14T14:57:40.1450229+01:00" testType="13cdc9d9-ddb5-4fa4-a97d-d965ccfc6d4b" outcome="Passed" testListId="8c84fa94-04c1-424b-9868-57a2d4851a1d" relativeResultsDirectory="fcb1da24-8790-483e-a2fe-94b8f1210c40" resultType="DataDrivenTest">
      <InnerResults>
        <UnitTestResult executionId="bcf3e18b-3f6d-4ea4-9609-d64d77a704dc" parentExecutionId="fcb1da24-8790-483e-a2fe-94b8f1210c40" testId="481343f9-3ff3-548f-0c6c-41599cf65802" testName="CreateRandom_WithDefaultAllowableCharacters_Passing_ValidArguments_Returns_String_Random_Value (5)" computerName="PC-SFERRARI" duration="00:00:00.0012574" startTime="2020-08-14T14:57:40.1404708+01:00" endTime="2020-08-14T14:57:40.1450229+01:00" testType="13cdc9d9-ddb5-4fa4-a97d-d965ccfc6d4b" outcome="Passed" testListId="8c84fa94-04c1-424b-9868-57a2d4851a1d" relativeResultsDirectory="bcf3e18b-3f6d-4ea4-9609-d64d77a704dc" dataRowInfo="1" resultType="DataDrivenDataRow" />
        <UnitTestResult executionId="04f11fcb-cdfb-4958-9325-80fe4c3e4c53" parentExecutionId="fcb1da24-8790-483e-a2fe-94b8f1210c40" testId="481343f9-3ff3-548f-0c6c-41599cf65802" testName="CreateRandom_WithDefaultAllowableCharacters_Passing_ValidArguments_Returns_String_Random_Value (10)" computerName="PC-SFERRARI" duration="00:00:00.0000093" startTime="2020-08-14T14:57:40.1404708+01:00" endTime="2020-08-14T14:57:40.1450229+01:00" testType="13cdc9d9-ddb5-4fa4-a97d-d965ccfc6d4b" outcome="Passed" testListId="8c84fa94-04c1-424b-9868-57a2d4851a1d" relativeResultsDirectory="04f11fcb-cdfb-4958-9325-80fe4c3e4c53" dataRowInfo="2" resultType="DataDrivenDataRow" />
        <UnitTestResult executionId="982bdf38-5aae-45c1-ae70-b3c0bdc9ae86" parentExecutionId="fcb1da24-8790-483e-a2fe-94b8f1210c40" testId="481343f9-3ff3-548f-0c6c-41599cf65802" testName="CreateRandom_WithDefaultAllowableCharacters_Passing_ValidArguments_Returns_String_Random_Value (20)" computerName="PC-SFERRARI" duration="00:00:00.0000201" startTime="2020-08-14T14:57:40.1404708+01:00" endTime="2020-08-14T14:57:40.1450229+01:00" testType="13cdc9d9-ddb5-4fa4-a97d-d965ccfc6d4b" outcome="Passed" testListId="8c84fa94-04c1-424b-9868-57a2d4851a1d" relativeResultsDirectory="982bdf38-5aae-45c1-ae70-b3c0bdc9ae86" dataRowInfo="3" resultType="DataDrivenDataRow" />
      </InnerResults>
    </UnitTestResult>
    <UnitTestResult executionId="dff87ead-02f8-44a5-b164-bcafd7b51708" testId="6088101f-62c5-69c8-6751-05523b132d06" testName="CreateAndVerifySHA512_Passing_Valid_Arguments_Returns_True" computerName="PC-SFERRARI" duration="00:00:00.0092941" startTime="2020-08-14T14:57:40.0882377+01:00" endTime="2020-08-14T14:57:40.0976437+01:00" testType="13cdc9d9-ddb5-4fa4-a97d-d965ccfc6d4b" outcome="Passed" testListId="8c84fa94-04c1-424b-9868-57a2d4851a1d" relativeResultsDirectory="dff87ead-02f8-44a5-b164-bcafd7b51708" resultType="DataDrivenTest">
      <InnerResults>
        <UnitTestResult executionId="dea0c002-776c-4eff-a2c2-c0ff402190cc" parentExecutionId="dff87ead-02f8-44a5-b164-bcafd7b51708" testId="6088101f-62c5-69c8-6751-05523b132d06" testName="CreateAndVerifySHA512_Passing_Valid_Arguments_Returns_True (Password)" computerName="PC-SFERRARI" duration="00:00:00.0091083" startTime="2020-08-14T14:57:40.0882377+01:00" endTime="2020-08-14T14:57:40.0976437+01:00" testType="13cdc9d9-ddb5-4fa4-a97d-d965ccfc6d4b" outcome="Passed" testListId="8c84fa94-04c1-424b-9868-57a2d4851a1d" relativeResultsDirectory="dea0c002-776c-4eff-a2c2-c0ff402190cc" dataRowInfo="1" resultType="DataDrivenDataRow" />
        <UnitTestResult executionId="883afc5b-f698-4a0e-8b67-c073cc8a3187" parentExecutionId="dff87ead-02f8-44a5-b164-bcafd7b51708" testId="6088101f-62c5-69c8-6751-05523b132d06" testName="CreateAndVerifySHA512_Passing_Valid_Arguments_Returns_True (HashTests)" computerName="PC-SFERRARI" duration="00:00:00.0000485" startTime="2020-08-14T14:57:40.0882377+01:00" endTime="2020-08-14T14:57:40.0976437+01:00" testType="13cdc9d9-ddb5-4fa4-a97d-d965ccfc6d4b" outcome="Passed" testListId="8c84fa94-04c1-424b-9868-57a2d4851a1d" relativeResultsDirectory="883afc5b-f698-4a0e-8b67-c073cc8a3187" dataRowInfo="2" resultType="DataDrivenDataRow" />
        <UnitTestResult executionId="f7ae3124-05a0-4a81-a654-bd7b522ca4e4" parentExecutionId="dff87ead-02f8-44a5-b164-bcafd7b51708" testId="6088101f-62c5-69c8-6751-05523b132d06" testName="CreateAndVerifySHA512_Passing_Valid_Arguments_Returns_True (sdlfkjldsfksdfñl·%$·&amp;$/U&amp;/)(&amp;()?=)¿?^P*^PÑL,.,.lñ´ñ+98098'098098)" computerName="PC-SFERRARI" duration="00:00:00.0000273" startTime="2020-08-14T14:57:40.0882377+01:00" endTime="2020-08-14T14:57:40.0976437+01:00" testType="13cdc9d9-ddb5-4fa4-a97d-d965ccfc6d4b" outcome="Passed" testListId="8c84fa94-04c1-424b-9868-57a2d4851a1d" relativeResultsDirectory="f7ae3124-05a0-4a81-a654-bd7b522ca4e4" dataRowInfo="3" resultType="DataDrivenDataRow" />
      </InnerResults>
    </UnitTestResult>
    <UnitTestResult executionId="dadf81e7-09ef-4096-9da6-3b6bea1cde63" testId="77fe17c3-3cf8-a189-4d95-b2e0d3ca9579" testName="CreateSHA256_Passing_Invalid_Arguments_Returns_ApplicationException" computerName="PC-SFERRARI" duration="00:00:00.0017226" startTime="2020-08-14T14:57:40.1642708+01:00" endTime="2020-08-14T14:57:40.1661610+01:00" testType="13cdc9d9-ddb5-4fa4-a97d-d965ccfc6d4b" outcome="Passed" testListId="8c84fa94-04c1-424b-9868-57a2d4851a1d" relativeResultsDirectory="dadf81e7-09ef-4096-9da6-3b6bea1cde63" resultType="DataDrivenTest">
      <InnerResults>
        <UnitTestResult executionId="00f2ba40-8740-4b9e-abe0-8f321ff869e2" parentExecutionId="dadf81e7-09ef-4096-9da6-3b6bea1cde63" testId="77fe17c3-3cf8-a189-4d95-b2e0d3ca9579" testName="CreateSHA256_Passing_Invalid_Arguments_Returns_ApplicationException ()" computerName="PC-SFERRARI" duration="00:00:00.0015412" startTime="2020-08-14T14:57:40.1642708+01:00" endTime="2020-08-14T14:57:40.1661610+01:00" testType="13cdc9d9-ddb5-4fa4-a97d-d965ccfc6d4b" outcome="Passed" testListId="8c84fa94-04c1-424b-9868-57a2d4851a1d" relativeResultsDirectory="00f2ba40-8740-4b9e-abe0-8f321ff869e2" dataRowInfo="1" resultType="DataDrivenDataRow" />
        <UnitTestResult executionId="92651abd-a5df-420c-808b-fe56dce9e266" parentExecutionId="dadf81e7-09ef-4096-9da6-3b6bea1cde63" testId="77fe17c3-3cf8-a189-4d95-b2e0d3ca9579" testName="CreateSHA256_Passing_Invalid_Arguments_Returns_ApplicationException ()" computerName="PC-SFERRARI" duration="00:00:00.0000522" startTime="2020-08-14T14:57:40.1642708+01:00" endTime="2020-08-14T14:57:40.1661610+01:00" testType="13cdc9d9-ddb5-4fa4-a97d-d965ccfc6d4b" outcome="Passed" testListId="8c84fa94-04c1-424b-9868-57a2d4851a1d" relativeResultsDirectory="92651abd-a5df-420c-808b-fe56dce9e266" dataRowInfo="2" resultType="DataDrivenDataRow" />
        <UnitTestResult executionId="a35fa8c3-27c2-4ffd-a207-849ada77dc98" parentExecutionId="dadf81e7-09ef-4096-9da6-3b6bea1cde63" testId="77fe17c3-3cf8-a189-4d95-b2e0d3ca9579" testName="CreateSHA256_Passing_Invalid_Arguments_Returns_ApplicationException ( )" computerName="PC-SFERRARI" duration="00:00:00.0000362" startTime="2020-08-14T14:57:40.1642708+01:00" endTime="2020-08-14T14:57:40.1661610+01:00" testType="13cdc9d9-ddb5-4fa4-a97d-d965ccfc6d4b" outcome="Passed" testListId="8c84fa94-04c1-424b-9868-57a2d4851a1d" relativeResultsDirectory="a35fa8c3-27c2-4ffd-a207-849ada77dc98" dataRowInfo="3" resultType="DataDrivenDataRow" />
      </InnerResults>
    </UnitTestResult>
    <UnitTestResult executionId="9d28eab2-6573-4f09-9a13-986a99154065" testId="430dec51-b9df-7e06-fff9-78e6d362c2d8" testName="CreateRandom_WithCustomAllowableCharacters_Passing_Valid_Arguments_Returns_String_Random_Value" computerName="PC-SFERRARI" duration="00:00:00.0007563" startTime="2020-08-14T14:57:40.1394985+01:00" endTime="2020-08-14T14:57:40.1404285+01:00" testType="13cdc9d9-ddb5-4fa4-a97d-d965ccfc6d4b" outcome="Passed" testListId="8c84fa94-04c1-424b-9868-57a2d4851a1d" relativeResultsDirectory="9d28eab2-6573-4f09-9a13-986a99154065" resultType="DataDrivenTest">
      <InnerResults>
        <UnitTestResult executionId="569edc5b-23ac-44f0-b710-ef194dfb9428" parentExecutionId="9d28eab2-6573-4f09-9a13-986a99154065" testId="430dec51-b9df-7e06-fff9-78e6d362c2d8" testName="CreateRandom_WithCustomAllowableCharacters_Passing_Valid_Arguments_Returns_String_Random_Value (8,ae)" computerName="PC-SFERRARI" duration="00:00:00.0005907" startTime="2020-08-14T14:57:40.1394985+01:00" endTime="2020-08-14T14:57:40.1404285+01:00" testType="13cdc9d9-ddb5-4fa4-a97d-d965ccfc6d4b" outcome="Passed" testListId="8c84fa94-04c1-424b-9868-57a2d4851a1d" relativeResultsDirectory="569edc5b-23ac-44f0-b710-ef194dfb9428" dataRowInfo="1" resultType="DataDrivenDataRow" />
        <UnitTestResult executionId="c6e688a3-b428-4e5c-99e3-ff6045da9407" parentExecutionId="9d28eab2-6573-4f09-9a13-986a99154065" testId="430dec51-b9df-7e06-fff9-78e6d362c2d8" testName="CreateRandom_WithCustomAllowableCharacters_Passing_Valid_Arguments_Returns_String_Random_Value (5,aeiou123456)" computerName="PC-SFERRARI" duration="00:00:00.0000113" startTime="2020-08-14T14:57:40.1394985+01:00" endTime="2020-08-14T14:57:40.1404285+01:00" testType="13cdc9d9-ddb5-4fa4-a97d-d965ccfc6d4b" outcome="Passed" testListId="8c84fa94-04c1-424b-9868-57a2d4851a1d" relativeResultsDirectory="c6e688a3-b428-4e5c-99e3-ff6045da9407" dataRowInfo="2" resultType="DataDrivenDataRow" />
        <UnitTestResult executionId="bd103d3b-6308-413d-9897-2635c4cbd048" parentExecutionId="9d28eab2-6573-4f09-9a13-986a99154065" testId="430dec51-b9df-7e06-fff9-78e6d362c2d8" testName="CreateRandom_WithCustomAllowableCharacters_Passing_Valid_Arguments_Returns_String_Random_Value (10,7890ABFLFLFFL)" computerName="PC-SFERRARI" duration="00:00:00.0000057" startTime="2020-08-14T14:57:40.1394985+01:00" endTime="2020-08-14T14:57:40.1404285+01:00" testType="13cdc9d9-ddb5-4fa4-a97d-d965ccfc6d4b" outcome="Passed" testListId="8c84fa94-04c1-424b-9868-57a2d4851a1d" relativeResultsDirectory="bd103d3b-6308-413d-9897-2635c4cbd048" dataRowInfo="3" resultType="DataDrivenDataRow" />
        <UnitTestResult executionId="6bc9eaf1-215c-4cbc-9099-ec92637b8802" parentExecutionId="9d28eab2-6573-4f09-9a13-986a99154065" testId="430dec51-b9df-7e06-fff9-78e6d362c2d8" testName="CreateRandom_WithCustomAllowableCharacters_Passing_Valid_Arguments_Returns_String_Random_Value (20,qazwscefbthmiklp09876543)" computerName="PC-SFERRARI" duration="00:00:00.0000051" startTime="2020-08-14T14:57:40.1394985+01:00" endTime="2020-08-14T14:57:40.1404285+01:00" testType="13cdc9d9-ddb5-4fa4-a97d-d965ccfc6d4b" outcome="Passed" testListId="8c84fa94-04c1-424b-9868-57a2d4851a1d" relativeResultsDirectory="6bc9eaf1-215c-4cbc-9099-ec92637b8802" dataRowInfo="4" resultType="DataDrivenDataRow" />
      </InnerResults>
    </UnitTestResult>
    <UnitTestResult executionId="268fbbe7-9867-42d1-9147-5a1e9cfc0a7b" testId="f17b6f1f-06a9-5318-815f-4c3950fdd0cb" testName="CreateSHA512_Passing_Invalid_Arguments_Returns_ApplicationException" computerName="PC-SFERRARI" duration="00:00:00.0005244" startTime="2020-08-14T14:57:40.1662063+01:00" endTime="2020-08-14T14:57:40.1668241+01:00" testType="13cdc9d9-ddb5-4fa4-a97d-d965ccfc6d4b" outcome="Passed" testListId="8c84fa94-04c1-424b-9868-57a2d4851a1d" relativeResultsDirectory="268fbbe7-9867-42d1-9147-5a1e9cfc0a7b" resultType="DataDrivenTest">
      <InnerResults>
        <UnitTestResult executionId="1efb83ea-ffe2-43af-b031-a4e4ffa08fc3" parentExecutionId="268fbbe7-9867-42d1-9147-5a1e9cfc0a7b" testId="f17b6f1f-06a9-5318-815f-4c3950fdd0cb" testName="CreateSHA512_Passing_Invalid_Arguments_Returns_ApplicationException ()" computerName="PC-SFERRARI" duration="00:00:00.0003683" startTime="2020-08-14T14:57:40.1662063+01:00" endTime="2020-08-14T14:57:40.1668241+01:00" testType="13cdc9d9-ddb5-4fa4-a97d-d965ccfc6d4b" outcome="Passed" testListId="8c84fa94-04c1-424b-9868-57a2d4851a1d" relativeResultsDirectory="1efb83ea-ffe2-43af-b031-a4e4ffa08fc3" dataRowInfo="1" resultType="DataDrivenDataRow" />
        <UnitTestResult executionId="7db0d984-0eee-4aa8-9c3a-032ac8097c42" parentExecutionId="268fbbe7-9867-42d1-9147-5a1e9cfc0a7b" testId="f17b6f1f-06a9-5318-815f-4c3950fdd0cb" testName="CreateSHA512_Passing_Invalid_Arguments_Returns_ApplicationException ()" computerName="PC-SFERRARI" duration="00:00:00.0000439" startTime="2020-08-14T14:57:40.1662063+01:00" endTime="2020-08-14T14:57:40.1668241+01:00" testType="13cdc9d9-ddb5-4fa4-a97d-d965ccfc6d4b" outcome="Passed" testListId="8c84fa94-04c1-424b-9868-57a2d4851a1d" relativeResultsDirectory="7db0d984-0eee-4aa8-9c3a-032ac8097c42" dataRowInfo="2" resultType="DataDrivenDataRow" />
        <UnitTestResult executionId="e4fe751e-ede7-405c-a644-dec95a924518" parentExecutionId="268fbbe7-9867-42d1-9147-5a1e9cfc0a7b" testId="f17b6f1f-06a9-5318-815f-4c3950fdd0cb" testName="CreateSHA512_Passing_Invalid_Arguments_Returns_ApplicationException ( )" computerName="PC-SFERRARI" duration="00:00:00.0000348" startTime="2020-08-14T14:57:40.1662063+01:00" endTime="2020-08-14T14:57:40.1668241+01:00" testType="13cdc9d9-ddb5-4fa4-a97d-d965ccfc6d4b" outcome="Passed" testListId="8c84fa94-04c1-424b-9868-57a2d4851a1d" relativeResultsDirectory="e4fe751e-ede7-405c-a644-dec95a924518" dataRowInfo="3" resultType="DataDrivenDataRow" />
      </InnerResults>
    </UnitTestResult>
    <UnitTestResult executionId="14f648cd-0507-41b8-a386-e23dc5a7b815" testId="f8adc240-2e19-f993-0d82-9d004ab9752d" testName="CreateAndVerifyPassword_Passing_Valid_Arguments_Returns_IsValid" computerName="PC-SFERRARI" duration="00:00:01.2680100" startTime="2020-08-14T14:57:38.6203422+01:00" endTime="2020-08-14T14:57:39.9687570+01:00" testType="13cdc9d9-ddb5-4fa4-a97d-d965ccfc6d4b" outcome="Passed" testListId="8c84fa94-04c1-424b-9868-57a2d4851a1d" relativeResultsDirectory="14f648cd-0507-41b8-a386-e23dc5a7b815" resultType="DataDrivenTest">
      <InnerResults>
        <UnitTestResult executionId="ace38877-149d-4d9d-8406-35b64a10599e" parentExecutionId="14f648cd-0507-41b8-a386-e23dc5a7b815" testId="f8adc240-2e19-f993-0d82-9d004ab9752d" testName="CreateAndVerifyPassword_Passing_Valid_Arguments_Returns_IsValid (Password)" computerName="PC-SFERRARI" duration="00:00:00.6701350" startTime="2020-08-14T14:57:38.6203422+01:00" endTime="2020-08-14T14:57:39.9687570+01:00" testType="13cdc9d9-ddb5-4fa4-a97d-d965ccfc6d4b" outcome="Passed" testListId="8c84fa94-04c1-424b-9868-57a2d4851a1d" relativeResultsDirectory="ace38877-149d-4d9d-8406-35b64a10599e" dataRowInfo="1" resultType="DataDrivenDataRow" />
        <UnitTestResult executionId="74723a29-0ec2-4e51-b0ec-4a993b001acc" parentExecutionId="14f648cd-0507-41b8-a386-e23dc5a7b815" testId="f8adc240-2e19-f993-0d82-9d004ab9752d" testName="CreateAndVerifyPassword_Passing_Valid_Arguments_Returns_IsValid (HashTests)" computerName="PC-SFERRARI" duration="00:00:00.2775778" startTime="2020-08-14T14:57:38.6203422+01:00" endTime="2020-08-14T14:57:39.9687570+01:00" testType="13cdc9d9-ddb5-4fa4-a97d-d965ccfc6d4b" outcome="Passed" testListId="8c84fa94-04c1-424b-9868-57a2d4851a1d" relativeResultsDirectory="74723a29-0ec2-4e51-b0ec-4a993b001acc" dataRowInfo="2" resultType="DataDrivenDataRow" />
        <UnitTestResult executionId="671a3416-0dc1-4d44-936e-8ed7aa949ce7" parentExecutionId="14f648cd-0507-41b8-a386-e23dc5a7b815" testId="f8adc240-2e19-f993-0d82-9d004ab9752d" testName="CreateAndVerifyPassword_Passing_Valid_Arguments_Returns_IsValid (sdlfkjldsfksdfñl·%$·&amp;$/U&amp;/)(&amp;()?=)¿?^P*^PÑL,.,.lñ´ñ+98098'098098)" computerName="PC-SFERRARI" duration="00:00:00.3140804" startTime="2020-08-14T14:57:38.6203422+01:00" endTime="2020-08-14T14:57:39.9687570+01:00" testType="13cdc9d9-ddb5-4fa4-a97d-d965ccfc6d4b" outcome="Passed" testListId="8c84fa94-04c1-424b-9868-57a2d4851a1d" relativeResultsDirectory="671a3416-0dc1-4d44-936e-8ed7aa949ce7" dataRowInfo="3" resultType="DataDrivenDataRow" />
      </InnerResults>
    </UnitTestResult>
    <UnitTestResult executionId="881259a7-90fe-4515-88ca-973b1264399d" testId="cf950ab2-9fe4-ec30-43b4-2f3a99b5167d" testName="CreateAndVerifySHA256_Passing_Valid_Arguments_Returns_True" computerName="PC-SFERRARI" duration="00:00:00.0512260" startTime="2020-08-14T14:57:40.0365955+01:00" endTime="2020-08-14T14:57:40.0880486+01:00" testType="13cdc9d9-ddb5-4fa4-a97d-d965ccfc6d4b" outcome="Passed" testListId="8c84fa94-04c1-424b-9868-57a2d4851a1d" relativeResultsDirectory="881259a7-90fe-4515-88ca-973b1264399d" resultType="DataDrivenTest">
      <InnerResults>
        <UnitTestResult executionId="e288c218-b6c5-49e6-8b72-287db878fb2f" parentExecutionId="881259a7-90fe-4515-88ca-973b1264399d" testId="cf950ab2-9fe4-ec30-43b4-2f3a99b5167d" testName="CreateAndVerifySHA256_Passing_Valid_Arguments_Returns_True (Password)" computerName="PC-SFERRARI" duration="00:00:00.0510592" startTime="2020-08-14T14:57:40.0365955+01:00" endTime="2020-08-14T14:57:40.0880486+01:00" testType="13cdc9d9-ddb5-4fa4-a97d-d965ccfc6d4b" outcome="Passed" testListId="8c84fa94-04c1-424b-9868-57a2d4851a1d" relativeResultsDirectory="e288c218-b6c5-49e6-8b72-287db878fb2f" dataRowInfo="1" resultType="DataDrivenDataRow" />
        <UnitTestResult executionId="bddd2bb0-94a5-4068-936e-1f81a1ace433" parentExecutionId="881259a7-90fe-4515-88ca-973b1264399d" testId="cf950ab2-9fe4-ec30-43b4-2f3a99b5167d" testName="CreateAndVerifySHA256_Passing_Valid_Arguments_Returns_True (HashTests)" computerName="PC-SFERRARI" duration="00:00:00.0000414" startTime="2020-08-14T14:57:40.0365955+01:00" endTime="2020-08-14T14:57:40.0880486+01:00" testType="13cdc9d9-ddb5-4fa4-a97d-d965ccfc6d4b" outcome="Passed" testListId="8c84fa94-04c1-424b-9868-57a2d4851a1d" relativeResultsDirectory="bddd2bb0-94a5-4068-936e-1f81a1ace433" dataRowInfo="2" resultType="DataDrivenDataRow" />
        <UnitTestResult executionId="fb65dc3e-0ba2-469c-bfe5-c0290a987f1c" parentExecutionId="881259a7-90fe-4515-88ca-973b1264399d" testId="cf950ab2-9fe4-ec30-43b4-2f3a99b5167d" testName="CreateAndVerifySHA256_Passing_Valid_Arguments_Returns_True (sdlfkjldsfksdfñl·%$·&amp;$/U&amp;/)(&amp;()?=)¿?^P*^PÑL,.,.lñ´ñ+98098'098098)" computerName="PC-SFERRARI" duration="00:00:00.0000215" startTime="2020-08-14T14:57:40.0365955+01:00" endTime="2020-08-14T14:57:40.0880486+01:00" testType="13cdc9d9-ddb5-4fa4-a97d-d965ccfc6d4b" outcome="Passed" testListId="8c84fa94-04c1-424b-9868-57a2d4851a1d" relativeResultsDirectory="fb65dc3e-0ba2-469c-bfe5-c0290a987f1c" dataRowInfo="3" resultType="DataDrivenDataRow" />
      </InnerResults>
    </UnitTestResult>
  </Results>
  <TestDefinitions>
    <UnitTest name="CreateRandom_WithDefaultAllowableCharacters_Passing_ValidArguments_Returns_String_Random_Value" storage="d:\sferrari\01 - trabajo\repos\netcore\template-netcore-shared\kitpymes.core.shared.tests\bin\debug\netcoreapp3.0\kitpymes.core.shared.tests.dll" id="481343f9-3ff3-548f-0c6c-41599cf65802">
      <Execution id="fcb1da24-8790-483e-a2fe-94b8f1210c40" />
      <TestMethod codeBase="D:\SFERRARI\01 - TRABAJO\REPOS\netcore\template-netcore-shared\Kitpymes.Core.Shared.Tests\bin\Debug\netcoreapp3.0\Kitpymes.Core.Shared.Tests.dll" adapterTypeName="executor://mstestadapter/v2" className="Kitpymes.Core.Shared.Tests.HashTests" name="CreateRandom_WithDefaultAllowableCharacters_Passing_ValidArguments_Returns_String_Random_Value" />
    </UnitTest>
    <UnitTest name="CreateSHA512_Passing_Invalid_Arguments_Returns_ApplicationException" storage="d:\sferrari\01 - trabajo\repos\netcore\template-netcore-shared\kitpymes.core.shared.tests\bin\debug\netcoreapp3.0\kitpymes.core.shared.tests.dll" id="f17b6f1f-06a9-5318-815f-4c3950fdd0cb">
      <Execution id="268fbbe7-9867-42d1-9147-5a1e9cfc0a7b" />
      <TestMethod codeBase="D:\SFERRARI\01 - TRABAJO\REPOS\netcore\template-netcore-shared\Kitpymes.Core.Shared.Tests\bin\Debug\netcoreapp3.0\Kitpymes.Core.Shared.Tests.dll" adapterTypeName="executor://mstestadapter/v2" className="Kitpymes.Core.Shared.Tests.HashTests" name="CreateSHA512_Passing_Invalid_Arguments_Returns_ApplicationException" />
    </UnitTest>
    <UnitTest name="CreateAndVerifySHA256_Passing_Valid_Arguments_Returns_True" storage="d:\sferrari\01 - trabajo\repos\netcore\template-netcore-shared\kitpymes.core.shared.tests\bin\debug\netcoreapp3.0\kitpymes.core.shared.tests.dll" id="cf950ab2-9fe4-ec30-43b4-2f3a99b5167d">
      <Execution id="881259a7-90fe-4515-88ca-973b1264399d" />
      <TestMethod codeBase="D:\SFERRARI\01 - TRABAJO\REPOS\netcore\template-netcore-shared\Kitpymes.Core.Shared.Tests\bin\Debug\netcoreapp3.0\Kitpymes.Core.Shared.Tests.dll" adapterTypeName="executor://mstestadapter/v2" className="Kitpymes.Core.Shared.Tests.HashTests" name="CreateAndVerifySHA256_Passing_Valid_Arguments_Returns_True" />
    </UnitTest>
    <UnitTest name="CreateSHA256_Passing_Invalid_Arguments_Returns_ApplicationException" storage="d:\sferrari\01 - trabajo\repos\netcore\template-netcore-shared\kitpymes.core.shared.tests\bin\debug\netcoreapp3.0\kitpymes.core.shared.tests.dll" id="77fe17c3-3cf8-a189-4d95-b2e0d3ca9579">
      <Execution id="dadf81e7-09ef-4096-9da6-3b6bea1cde63" />
      <TestMethod codeBase="D:\SFERRARI\01 - TRABAJO\REPOS\netcore\template-netcore-shared\Kitpymes.Core.Shared.Tests\bin\Debug\netcoreapp3.0\Kitpymes.Core.Shared.Tests.dll" adapterTypeName="executor://mstestadapter/v2" className="Kitpymes.Core.Shared.Tests.HashTests" name="CreateSHA256_Passing_Invalid_Arguments_Returns_ApplicationException" />
    </UnitTest>
    <UnitTest name="CreateAndVerifySHA512_Passing_Valid_Arguments_Returns_True" storage="d:\sferrari\01 - trabajo\repos\netcore\template-netcore-shared\kitpymes.core.shared.tests\bin\debug\netcoreapp3.0\kitpymes.core.shared.tests.dll" id="6088101f-62c5-69c8-6751-05523b132d06">
      <Execution id="dff87ead-02f8-44a5-b164-bcafd7b51708" />
      <TestMethod codeBase="D:\SFERRARI\01 - TRABAJO\REPOS\netcore\template-netcore-shared\Kitpymes.Core.Shared.Tests\bin\Debug\netcoreapp3.0\Kitpymes.Core.Shared.Tests.dll" adapterTypeName="executor://mstestadapter/v2" className="Kitpymes.Core.Shared.Tests.HashTests" name="CreateAndVerifySHA512_Passing_Valid_Arguments_Returns_True" />
    </UnitTest>
    <UnitTest name="CreateAndVerifyPassword_Passing_Valid_Arguments_Returns_IsValid" storage="d:\sferrari\01 - trabajo\repos\netcore\template-netcore-shared\kitpymes.core.shared.tests\bin\debug\netcoreapp3.0\kitpymes.core.shared.tests.dll" id="f8adc240-2e19-f993-0d82-9d004ab9752d">
      <Execution id="14f648cd-0507-41b8-a386-e23dc5a7b815" />
      <TestMethod codeBase="D:\SFERRARI\01 - TRABAJO\REPOS\netcore\template-netcore-shared\Kitpymes.Core.Shared.Tests\bin\Debug\netcoreapp3.0\Kitpymes.Core.Shared.Tests.dll" adapterTypeName="executor://mstestadapter/v2" className="Kitpymes.Core.Shared.Tests.HashTests" name="CreateAndVerifyPassword_Passing_Valid_Arguments_Returns_IsValid" />
    </UnitTest>
    <UnitTest name="CreateRandom_WithCustomAllowableCharacters_Passing_Valid_Arguments_Returns_String_Random_Value" storage="d:\sferrari\01 - trabajo\repos\netcore\template-netcore-shared\kitpymes.core.shared.tests\bin\debug\netcoreapp3.0\kitpymes.core.shared.tests.dll" id="430dec51-b9df-7e06-fff9-78e6d362c2d8">
      <Execution id="9d28eab2-6573-4f09-9a13-986a99154065" />
      <TestMethod codeBase="D:\SFERRARI\01 - TRABAJO\REPOS\netcore\template-netcore-shared\Kitpymes.Core.Shared.Tests\bin\Debug\netcoreapp3.0\Kitpymes.Core.Shared.Tests.dll" adapterTypeName="executor://mstestadapter/v2" className="Kitpymes.Core.Shared.Tests.HashTests" name="CreateRandom_WithCustomAllowableCharacters_Passing_Valid_Arguments_Returns_String_Random_Value" />
    </UnitTest>
  </TestDefinitions>
  <TestEntries>
    <TestEntry testId="481343f9-3ff3-548f-0c6c-41599cf65802" executionId="fcb1da24-8790-483e-a2fe-94b8f1210c40" testListId="8c84fa94-04c1-424b-9868-57a2d4851a1d" />
    <TestEntry testId="6088101f-62c5-69c8-6751-05523b132d06" executionId="dff87ead-02f8-44a5-b164-bcafd7b51708" testListId="8c84fa94-04c1-424b-9868-57a2d4851a1d" />
    <TestEntry testId="77fe17c3-3cf8-a189-4d95-b2e0d3ca9579" executionId="dadf81e7-09ef-4096-9da6-3b6bea1cde63" testListId="8c84fa94-04c1-424b-9868-57a2d4851a1d" />
    <TestEntry testId="430dec51-b9df-7e06-fff9-78e6d362c2d8" executionId="9d28eab2-6573-4f09-9a13-986a99154065" testListId="8c84fa94-04c1-424b-9868-57a2d4851a1d" />
    <TestEntry testId="f17b6f1f-06a9-5318-815f-4c3950fdd0cb" executionId="268fbbe7-9867-42d1-9147-5a1e9cfc0a7b" testListId="8c84fa94-04c1-424b-9868-57a2d4851a1d" />
    <TestEntry testId="f8adc240-2e19-f993-0d82-9d004ab9752d" executionId="14f648cd-0507-41b8-a386-e23dc5a7b815" testListId="8c84fa94-04c1-424b-9868-57a2d4851a1d" />
    <TestEntry testId="cf950ab2-9fe4-ec30-43b4-2f3a99b5167d" executionId="881259a7-90fe-4515-88ca-973b1264399d" testListId="8c84fa94-04c1-424b-9868-57a2d4851a1d" />
  </TestEntries>
  <TestLists>
    <TestList name="Resultados sin formato de lista" id="8c84fa94-04c1-424b-9868-57a2d4851a1d" />
    <TestList name="Todos los resultados cargados" id="19431567-8539-422a-85d7-44ee4e166bda" />
  </TestLists>
  <ResultSummary outcome="Completed">
    <Counters total="29" executed="29" passed="29" failed="0" error="0" timeout="0" aborted="0" inconclusive="0" passedButRunAborted="0" notRunnable="0" notExecuted="0" disconnected="0" warning="0" completed="0" inProgress="0" pending="0" />
  </ResultSummary>
</TestRun>