<?xml version="1.0" encoding="utf-8"?>
<TestRun id="222c490e-48b6-497a-baee-a60e35d13a38" name="sferrari@PC-SFERRARI 2021-06-17 16:31:37" runUser="PC-SFERRARI\sferrari" xmlns="http://microsoft.com/schemas/VisualStudio/TeamTest/2010">
  <Times creation="2021-06-17T16:31:37.9854936+02:00" queuing="2021-06-17T16:31:37.9854936+02:00" start="2021-06-17T16:31:35.6945146+02:00" finish="2021-06-17T16:31:39.5470351+02:00" />
  <TestSettings name="default" id="62aabce6-a44a-46a5-a501-d99ff2f113c5">
    <Deployment runDeploymentRoot="sferrari_PC-SFERRARI_2021-06-17_16_31_37" />
  </TestSettings>
  <Results>
    <UnitTestResult executionId="18a6d75a-c090-4c8d-a079-58ed7b72f2b1" testId="bb347f18-44ab-0d77-d5bd-a671e4c37650" testName="ToRemove_Passing_ValidValue_Returns_ValueWithoutRemovedChars" computerName="PC-SFERRARI" duration="00:00:00.0026541" startTime="2021-06-17T16:31:39.1186762+02:00" endTime="2021-06-17T16:31:39.1234627+02:00" testType="13cdc9d9-ddb5-4fa4-a97d-d965ccfc6d4b" outcome="Passed" testListId="8c84fa94-04c1-424b-9868-57a2d4851a1d" relativeResultsDirectory="18a6d75a-c090-4c8d-a079-58ed7b72f2b1" resultType="DataDrivenTest">
      <InnerResults>
        <UnitTestResult executionId="46850fd2-3796-4666-ad06-9de1708abc3f" parentExecutionId="18a6d75a-c090-4c8d-a079-58ed7b72f2b1" testId="bb347f18-44ab-0d77-d5bd-a671e4c37650" testName="ToRemove_Passing_ValidValue_Returns_ValueWithoutRemovedChars ( *, ,*)" computerName="PC-SFERRARI" duration="00:00:00.0018171" startTime="2021-06-17T16:31:39.1186762+02:00" endTime="2021-06-17T16:31:39.1234627+02:00" testType="13cdc9d9-ddb5-4fa4-a97d-d965ccfc6d4b" outcome="Passed" testListId="8c84fa94-04c1-424b-9868-57a2d4851a1d" relativeResultsDirectory="46850fd2-3796-4666-ad06-9de1708abc3f" dataRowInfo="1" resultType="DataDrivenDataRow" />
        <UnitTestResult executionId="4f53f61d-0015-41c9-ac25-b31c803a5288" parentExecutionId="18a6d75a-c090-4c8d-a079-58ed7b72f2b1" testId="bb347f18-44ab-0d77-d5bd-a671e4c37650" testName="ToRemove_Passing_ValidValue_Returns_ValueWithoutRemovedChars (* , ,*)" computerName="PC-SFERRARI" duration="00:00:00.0000400" startTime="2021-06-17T16:31:39.1186762+02:00" endTime="2021-06-17T16:31:39.1234627+02:00" testType="13cdc9d9-ddb5-4fa4-a97d-d965ccfc6d4b" outcome="Passed" testListId="8c84fa94-04c1-424b-9868-57a2d4851a1d" relativeResultsDirectory="4f53f61d-0015-41c9-ac25-b31c803a5288" dataRowInfo="2" resultType="DataDrivenDataRow" />
        <UnitTestResult executionId="ea2c9ee8-3817-4689-b8e8-adc528b1e1c4" parentExecutionId="18a6d75a-c090-4c8d-a079-58ed7b72f2b1" testId="bb347f18-44ab-0d77-d5bd-a671e4c37650" testName="ToRemove_Passing_ValidValue_Returns_ValueWithoutRemovedChars ( * , ,*)" computerName="PC-SFERRARI" duration="00:00:00.0000426" startTime="2021-06-17T16:31:39.1186762+02:00" endTime="2021-06-17T16:31:39.1234627+02:00" testType="13cdc9d9-ddb5-4fa4-a97d-d965ccfc6d4b" outcome="Passed" testListId="8c84fa94-04c1-424b-9868-57a2d4851a1d" relativeResultsDirectory="ea2c9ee8-3817-4689-b8e8-adc528b1e1c4" dataRowInfo="3" resultType="DataDrivenDataRow" />
        <UnitTestResult executionId="9ec45353-42fb-47b6-bc6d-838a6293ed95" parentExecutionId="18a6d75a-c090-4c8d-a079-58ed7b72f2b1" testId="bb347f18-44ab-0d77-d5bd-a671e4c37650" testName="ToRemove_Passing_ValidValue_Returns_ValueWithoutRemovedChars (hello hello, ,hellohello)" computerName="PC-SFERRARI" duration="00:00:00.0000411" startTime="2021-06-17T16:31:39.1186762+02:00" endTime="2021-06-17T16:31:39.1234627+02:00" testType="13cdc9d9-ddb5-4fa4-a97d-d965ccfc6d4b" outcome="Passed" testListId="8c84fa94-04c1-424b-9868-57a2d4851a1d" relativeResultsDirectory="9ec45353-42fb-47b6-bc6d-838a6293ed95" dataRowInfo="4" resultType="DataDrivenDataRow" />
        <UnitTestResult executionId="735e9868-20a0-451c-a35f-8701243e15c9" parentExecutionId="18a6d75a-c090-4c8d-a079-58ed7b72f2b1" testId="bb347f18-44ab-0d77-d5bd-a671e4c37650" testName="ToRemove_Passing_ValidValue_Returns_ValueWithoutRemovedChars (hello hello , ,hellohello)" computerName="PC-SFERRARI" duration="00:00:00.0000413" startTime="2021-06-17T16:31:39.1186762+02:00" endTime="2021-06-17T16:31:39.1234627+02:00" testType="13cdc9d9-ddb5-4fa4-a97d-d965ccfc6d4b" outcome="Passed" testListId="8c84fa94-04c1-424b-9868-57a2d4851a1d" relativeResultsDirectory="735e9868-20a0-451c-a35f-8701243e15c9" dataRowInfo="5" resultType="DataDrivenDataRow" />
        <UnitTestResult executionId="a8dcbd3d-83ce-4ae4-bf53-f19baeb71f7f" parentExecutionId="18a6d75a-c090-4c8d-a079-58ed7b72f2b1" testId="bb347f18-44ab-0d77-d5bd-a671e4c37650" testName="ToRemove_Passing_ValidValue_Returns_ValueWithoutRemovedChars ( hello hello , ,hellohello)" computerName="PC-SFERRARI" duration="00:00:00.0000512" startTime="2021-06-17T16:31:39.1186762+02:00" endTime="2021-06-17T16:31:39.1234627+02:00" testType="13cdc9d9-ddb5-4fa4-a97d-d965ccfc6d4b" outcome="Passed" testListId="8c84fa94-04c1-424b-9868-57a2d4851a1d" relativeResultsDirectory="a8dcbd3d-83ce-4ae4-bf53-f19baeb71f7f" dataRowInfo="6" resultType="DataDrivenDataRow" />
        <UnitTestResult executionId="f7aac285-4681-40b1-87d5-a0bb9f7d6d8c" parentExecutionId="18a6d75a-c090-4c8d-a079-58ed7b72f2b1" testId="bb347f18-44ab-0d77-d5bd-a671e4c37650" testName="ToRemove_Passing_ValidValue_Returns_ValueWithoutRemovedChars (aeiou,a,eiou)" computerName="PC-SFERRARI" duration="00:00:00.0000349" startTime="2021-06-17T16:31:39.1186762+02:00" endTime="2021-06-17T16:31:39.1234627+02:00" testType="13cdc9d9-ddb5-4fa4-a97d-d965ccfc6d4b" outcome="Passed" testListId="8c84fa94-04c1-424b-9868-57a2d4851a1d" relativeResultsDirectory="f7aac285-4681-40b1-87d5-a0bb9f7d6d8c" dataRowInfo="7" resultType="DataDrivenDataRow" />
        <UnitTestResult executionId="9a46d0ac-f20c-44e3-beff-6aae68e4b02a" parentExecutionId="18a6d75a-c090-4c8d-a079-58ed7b72f2b1" testId="bb347f18-44ab-0d77-d5bd-a671e4c37650" testName="ToRemove_Passing_ValidValue_Returns_ValueWithoutRemovedChars (aeiou,ae,iou)" computerName="PC-SFERRARI" duration="00:00:00.0000356" startTime="2021-06-17T16:31:39.1186762+02:00" endTime="2021-06-17T16:31:39.1234627+02:00" testType="13cdc9d9-ddb5-4fa4-a97d-d965ccfc6d4b" outcome="Passed" testListId="8c84fa94-04c1-424b-9868-57a2d4851a1d" relativeResultsDirectory="9a46d0ac-f20c-44e3-beff-6aae68e4b02a" dataRowInfo="8" resultType="DataDrivenDataRow" />
        <UnitTestResult executionId="c98b0e90-61f1-4592-8532-32a56450f55d" parentExecutionId="18a6d75a-c090-4c8d-a079-58ed7b72f2b1" testId="bb347f18-44ab-0d77-d5bd-a671e4c37650" testName="ToRemove_Passing_ValidValue_Returns_ValueWithoutRemovedChars (aeiou,aei,ou)" computerName="PC-SFERRARI" duration="00:00:00.0000354" startTime="2021-06-17T16:31:39.1186762+02:00" endTime="2021-06-17T16:31:39.1234627+02:00" testType="13cdc9d9-ddb5-4fa4-a97d-d965ccfc6d4b" outcome="Passed" testListId="8c84fa94-04c1-424b-9868-57a2d4851a1d" relativeResultsDirectory="c98b0e90-61f1-4592-8532-32a56450f55d" dataRowInfo="9" resultType="DataDrivenDataRow" />
        <UnitTestResult executionId="88e25dca-b8f3-4b4d-a882-6646d6e50deb" parentExecutionId="18a6d75a-c090-4c8d-a079-58ed7b72f2b1" testId="bb347f18-44ab-0d77-d5bd-a671e4c37650" testName="ToRemove_Passing_ValidValue_Returns_ValueWithoutRemovedChars (aeiou,aeio,u)" computerName="PC-SFERRARI" duration="00:00:00.0000391" startTime="2021-06-17T16:31:39.1186762+02:00" endTime="2021-06-17T16:31:39.1234627+02:00" testType="13cdc9d9-ddb5-4fa4-a97d-d965ccfc6d4b" outcome="Passed" testListId="8c84fa94-04c1-424b-9868-57a2d4851a1d" relativeResultsDirectory="88e25dca-b8f3-4b4d-a882-6646d6e50deb" dataRowInfo="10" resultType="DataDrivenDataRow" />
        <UnitTestResult executionId="927e6f78-5b36-4345-a149-e74a33489a5c" parentExecutionId="18a6d75a-c090-4c8d-a079-58ed7b72f2b1" testId="bb347f18-44ab-0d77-d5bd-a671e4c37650" testName="ToRemove_Passing_ValidValue_Returns_ValueWithoutRemovedChars (aeiou,aeiou,)" computerName="PC-SFERRARI" duration="00:00:00.0000290" startTime="2021-06-17T16:31:39.1186762+02:00" endTime="2021-06-17T16:31:39.1234627+02:00" testType="13cdc9d9-ddb5-4fa4-a97d-d965ccfc6d4b" outcome="Passed" testListId="8c84fa94-04c1-424b-9868-57a2d4851a1d" relativeResultsDirectory="927e6f78-5b36-4345-a149-e74a33489a5c" dataRowInfo="11" resultType="DataDrivenDataRow" />
        <UnitTestResult executionId="11cb9451-4dbb-41cc-8925-353bf66ff379" parentExecutionId="18a6d75a-c090-4c8d-a079-58ed7b72f2b1" testId="bb347f18-44ab-0d77-d5bd-a671e4c37650" testName="ToRemove_Passing_ValidValue_Returns_ValueWithoutRemovedChars (aeiou,e,aiou)" computerName="PC-SFERRARI" duration="00:00:00.0000395" startTime="2021-06-17T16:31:39.1186762+02:00" endTime="2021-06-17T16:31:39.1234627+02:00" testType="13cdc9d9-ddb5-4fa4-a97d-d965ccfc6d4b" outcome="Passed" testListId="8c84fa94-04c1-424b-9868-57a2d4851a1d" relativeResultsDirectory="11cb9451-4dbb-41cc-8925-353bf66ff379" dataRowInfo="12" resultType="DataDrivenDataRow" />
        <UnitTestResult executionId="8dcc8e3f-d10f-4c99-8d65-eddf06a60d21" parentExecutionId="18a6d75a-c090-4c8d-a079-58ed7b72f2b1" testId="bb347f18-44ab-0d77-d5bd-a671e4c37650" testName="ToRemove_Passing_ValidValue_Returns_ValueWithoutRemovedChars (aeiou,ei,aou)" computerName="PC-SFERRARI" duration="00:00:00.0000404" startTime="2021-06-17T16:31:39.1186762+02:00" endTime="2021-06-17T16:31:39.1234627+02:00" testType="13cdc9d9-ddb5-4fa4-a97d-d965ccfc6d4b" outcome="Passed" testListId="8c84fa94-04c1-424b-9868-57a2d4851a1d" relativeResultsDirectory="8dcc8e3f-d10f-4c99-8d65-eddf06a60d21" dataRowInfo="13" resultType="DataDrivenDataRow" />
      </InnerResults>
    </UnitTestResult>
    <UnitTestResult executionId="7b790dd4-ed70-4eb0-ab01-27a38d139614" testId="1577c538-d1be-5b59-2b09-8e59b0be5fcd" testName="ToSettings_Passing_Values_From_AppSettingsFile_Returns_Settings" computerName="PC-SFERRARI" duration="00:00:00.0629339" startTime="2021-06-17T16:31:38.4639522+02:00" endTime="2021-06-17T16:31:38.5269810+02:00" testType="13cdc9d9-ddb5-4fa4-a97d-d965ccfc6d4b" outcome="Passed" testListId="8c84fa94-04c1-424b-9868-57a2d4851a1d" relativeResultsDirectory="7b790dd4-ed70-4eb0-ab01-27a38d139614" />
    <UnitTestResult executionId="ec9f243b-0661-44eb-aa7a-880b5eccd31f" testId="6c59b811-73c0-2540-9661-8c8f2a459ff2" testName="ToDefaultValue_Passing_byte_Returns_Cero" computerName="PC-SFERRARI" duration="00:00:00.0002661" startTime="2021-06-17T16:31:38.5906115+02:00" endTime="2021-06-17T16:31:38.5909318+02:00" testType="13cdc9d9-ddb5-4fa4-a97d-d965ccfc6d4b" outcome="Passed" testListId="8c84fa94-04c1-424b-9868-57a2d4851a1d" relativeResultsDirectory="ec9f243b-0661-44eb-aa7a-880b5eccd31f" resultType="DataDrivenTest">
      <InnerResults>
        <UnitTestResult executionId="3bacff3e-23f7-4ab7-9cda-102ef413b0f0" parentExecutionId="ec9f243b-0661-44eb-aa7a-880b5eccd31f" testId="6c59b811-73c0-2540-9661-8c8f2a459ff2" testName="ToDefaultValue_Passing_byte_Returns_Cero (255)" computerName="PC-SFERRARI" duration="00:00:00.0002282" startTime="2021-06-17T16:31:38.5906115+02:00" endTime="2021-06-17T16:31:38.5909318+02:00" testType="13cdc9d9-ddb5-4fa4-a97d-d965ccfc6d4b" outcome="Passed" testListId="8c84fa94-04c1-424b-9868-57a2d4851a1d" relativeResultsDirectory="3bacff3e-23f7-4ab7-9cda-102ef413b0f0" dataRowInfo="1" resultType="DataDrivenDataRow" />
      </InnerResults>
    </UnitTestResult>
    <UnitTestResult executionId="58e3534c-6d3a-436d-9c6c-f3bf41e749ca" testId="9b5f9705-0df5-3b21-5e23-e11b68721fd4" testName="ToThrow_Passing_InvalidValue_Returns_ApplicationExceptionWithMessage" computerName="PC-SFERRARI" duration="00:00:00.0007675" startTime="2021-06-17T16:31:38.0886484+02:00" endTime="2021-06-17T16:31:38.0896043+02:00" testType="13cdc9d9-ddb5-4fa4-a97d-d965ccfc6d4b" outcome="Passed" testListId="8c84fa94-04c1-424b-9868-57a2d4851a1d" relativeResultsDirectory="58e3534c-6d3a-436d-9c6c-f3bf41e749ca" />
    <UnitTestResult executionId="b234161b-540d-414a-977d-d508d4086144" testId="71a1897b-b713-c047-1c23-5efdff095b20" testName="ToMapUpdate_Passing_Destination_Object_Returns_Updated_Destination_Object" computerName="PC-SFERRARI" duration="00:00:00.0051115" startTime="2021-06-17T16:31:37.6671422+02:00" endTime="2021-06-17T16:31:37.6724523+02:00" testType="13cdc9d9-ddb5-4fa4-a97d-d965ccfc6d4b" outcome="Passed" testListId="8c84fa94-04c1-424b-9868-57a2d4851a1d" relativeResultsDirectory="b234161b-540d-414a-977d-d508d4086144" />
    <UnitTestResult executionId="7fefcaeb-4546-4b1e-9eea-389431c5d5f9" testId="760ae14b-6c0d-0288-811d-408b67937415" testName="ToServiceMatchingInterface_Passing_Empties_Assemblies_Returns_ApplicationException" computerName="PC-SFERRARI" duration="00:00:00.0018673" startTime="2021-06-17T16:31:38.4267550+02:00" endTime="2021-06-17T16:31:38.4287110+02:00" testType="13cdc9d9-ddb5-4fa4-a97d-d965ccfc6d4b" outcome="Passed" testListId="8c84fa94-04c1-424b-9868-57a2d4851a1d" relativeResultsDirectory="7fefcaeb-4546-4b1e-9eea-389431c5d5f9" />
    <UnitTestResult executionId="2c31740b-9f35-4fab-8714-2cdbfc34191e" testId="ab527057-69f2-0a9a-89fd-18928a3920fd" testName="ToHashAlgorithmName_Passing_InvalidValueStringWithDefaultValue_Returns_DefaultValue" computerName="PC-SFERRARI" duration="00:00:00.0003465" startTime="2021-06-17T16:31:39.0745332+02:00" endTime="2021-06-17T16:31:39.0749691+02:00" testType="13cdc9d9-ddb5-4fa4-a97d-d965ccfc6d4b" outcome="Passed" testListId="8c84fa94-04c1-424b-9868-57a2d4851a1d" relativeResultsDirectory="2c31740b-9f35-4fab-8714-2cdbfc34191e" resultType="DataDrivenTest">
      <InnerResults>
        <UnitTestResult executionId="a0542307-34ae-42ce-a2fb-91772ee833b5" parentExecutionId="2c31740b-9f35-4fab-8714-2cdbfc34191e" testId="ab527057-69f2-0a9a-89fd-18928a3920fd" testName="ToHashAlgorithmName_Passing_InvalidValueStringWithDefaultValue_Returns_DefaultValue (hhhhhh)" computerName="PC-SFERRARI" duration="00:00:00.0003053" startTime="2021-06-17T16:31:39.0745332+02:00" endTime="2021-06-17T16:31:39.0749691+02:00" testType="13cdc9d9-ddb5-4fa4-a97d-d965ccfc6d4b" outcome="Passed" testListId="8c84fa94-04c1-424b-9868-57a2d4851a1d" relativeResultsDirectory="a0542307-34ae-42ce-a2fb-91772ee833b5" dataRowInfo="1" resultType="DataDrivenDataRow" />
      </InnerResults>
    </UnitTestResult>
    <UnitTestResult executionId="45376414-7b06-456c-9708-2ce932bab792" testId="e329bdc2-7660-b4b2-0687-a194b6e35f1d" testName="ResultDataBadRequest_WithErrors_Dictionary" computerName="PC-SFERRARI" duration="00:00:00.0010725" startTime="2021-06-17T16:31:38.8974025+02:00" endTime="2021-06-17T16:31:38.8985597+02:00" testType="13cdc9d9-ddb5-4fa4-a97d-d965ccfc6d4b" outcome="Passed" testListId="8c84fa94-04c1-424b-9868-57a2d4851a1d" relativeResultsDirectory="45376414-7b06-456c-9708-2ce932bab792" />
    <UnitTestResult executionId="3378ea0e-44d3-45d3-afcd-661114c45724" testId="334e3485-05b4-4549-cacd-aef8fff10757" testName="ToDefaultValue_Passing_decimal_Returns_Cero" computerName="PC-SFERRARI" duration="00:00:00.0003453" startTime="2021-06-17T16:31:38.5912767+02:00" endTime="2021-06-17T16:31:38.5916834+02:00" testType="13cdc9d9-ddb5-4fa4-a97d-d965ccfc6d4b" outcome="Passed" testListId="8c84fa94-04c1-424b-9868-57a2d4851a1d" relativeResultsDirectory="3378ea0e-44d3-45d3-afcd-661114c45724" />
    <UnitTestResult executionId="11c54c76-c302-4f9e-99d7-6f4d3936c22b" testId="4ead3f79-a54e-1b96-838c-d0c2f491cb0d" testName="ToAge_Passing_Birthday_DateTime_Returns_Age" computerName="PC-SFERRARI" duration="00:00:00.0006243" startTime="2021-06-17T16:31:38.5279800+02:00" endTime="2021-06-17T16:31:38.5288171+02:00" testType="13cdc9d9-ddb5-4fa4-a97d-d965ccfc6d4b" outcome="Passed" testListId="8c84fa94-04c1-424b-9868-57a2d4851a1d" relativeResultsDirectory="11c54c76-c302-4f9e-99d7-6f4d3936c22b" />
    <UnitTestResult executionId="d09337ee-6848-47b4-aed8-7822f4a02f7b" testId="08f63e9f-68bb-2ff4-88d9-c74b03747527" testName="ResultOkData_WithData" computerName="PC-SFERRARI" duration="00:00:00.0041914" startTime="2021-06-17T16:31:38.9458391+02:00" endTime="2021-06-17T16:31:38.9501006+02:00" testType="13cdc9d9-ddb5-4fa4-a97d-d965ccfc6d4b" outcome="Passed" testListId="8c84fa94-04c1-424b-9868-57a2d4851a1d" relativeResultsDirectory="d09337ee-6848-47b4-aed8-7822f4a02f7b" />
    <UnitTestResult executionId="7ad5819e-5935-4781-95da-d9916bb06c28" testId="459f13f4-e266-2f20-5c30-d2c64797095d" testName="ToIsWeekend_Passing_Friday_DateTime_Returns_False" computerName="PC-SFERRARI" duration="00:00:00.0003197" startTime="2021-06-17T16:31:38.5329799+02:00" endTime="2021-06-17T16:31:38.5334253+02:00" testType="13cdc9d9-ddb5-4fa4-a97d-d965ccfc6d4b" outcome="Passed" testListId="8c84fa94-04c1-424b-9868-57a2d4851a1d" relativeResultsDirectory="7ad5819e-5935-4781-95da-d9916bb06c28" />
    <UnitTestResult executionId="a93765e9-d527-43d8-bcb4-1a49f785645a" testId="1237bc5f-42ea-8c7f-8602-051620acda95" testName="ToEmailMaskUserName_Passing_ValidEmail_Returns_EmailWithMask" computerName="PC-SFERRARI" duration="00:00:00.0004985" startTime="2021-06-17T16:31:39.0380203+02:00" endTime="2021-06-17T16:31:39.0386817+02:00" testType="13cdc9d9-ddb5-4fa4-a97d-d965ccfc6d4b" outcome="Passed" testListId="8c84fa94-04c1-424b-9868-57a2d4851a1d" relativeResultsDirectory="a93765e9-d527-43d8-bcb4-1a49f785645a" resultType="DataDrivenTest">
      <InnerResults>
        <UnitTestResult executionId="7cc36306-5258-49a7-9f20-6645ecffb708" parentExecutionId="a93765e9-d527-43d8-bcb4-1a49f785645a" testId="1237bc5f-42ea-8c7f-8602-051620acda95" testName="ToEmailMaskUserName_Passing_ValidEmail_Returns_EmailWithMask (qaz@gmail.com,q*z@gmail.com)" computerName="PC-SFERRARI" duration="00:00:00.0003384" startTime="2021-06-17T16:31:39.0380203+02:00" endTime="2021-06-17T16:31:39.0386817+02:00" testType="13cdc9d9-ddb5-4fa4-a97d-d965ccfc6d4b" outcome="Passed" testListId="8c84fa94-04c1-424b-9868-57a2d4851a1d" relativeResultsDirectory="7cc36306-5258-49a7-9f20-6645ecffb708" dataRowInfo="1" resultType="DataDrivenDataRow" />
        <UnitTestResult executionId="4586c957-d05a-4c60-a2f7-4a30477dbf39" parentExecutionId="a93765e9-d527-43d8-bcb4-1a49f785645a" testId="1237bc5f-42ea-8c7f-8602-051620acda95" testName="ToEmailMaskUserName_Passing_ValidEmail_Returns_EmailWithMask (qazwsx@gmail.com,q****x@gmail.com)" computerName="PC-SFERRARI" duration="00:00:00.0000138" startTime="2021-06-17T16:31:39.0380203+02:00" endTime="2021-06-17T16:31:39.0386817+02:00" testType="13cdc9d9-ddb5-4fa4-a97d-d965ccfc6d4b" outcome="Passed" testListId="8c84fa94-04c1-424b-9868-57a2d4851a1d" relativeResultsDirectory="4586c957-d05a-4c60-a2f7-4a30477dbf39" dataRowInfo="2" resultType="DataDrivenDataRow" />
        <UnitTestResult executionId="15ebe673-86cf-4657-bb36-31a67b572fc4" parentExecutionId="a93765e9-d527-43d8-bcb4-1a49f785645a" testId="1237bc5f-42ea-8c7f-8602-051620acda95" testName="ToEmailMaskUserName_Passing_ValidEmail_Returns_EmailWithMask (qazwsxedc@gmail.com,q*******c@gmail.com)" computerName="PC-SFERRARI" duration="00:00:00.0000097" startTime="2021-06-17T16:31:39.0380203+02:00" endTime="2021-06-17T16:31:39.0386817+02:00" testType="13cdc9d9-ddb5-4fa4-a97d-d965ccfc6d4b" outcome="Passed" testListId="8c84fa94-04c1-424b-9868-57a2d4851a1d" relativeResultsDirectory="15ebe673-86cf-4657-bb36-31a67b572fc4" dataRowInfo="3" resultType="DataDrivenDataRow" />
        <UnitTestResult executionId="2b18c4a8-ec8b-4572-8cf3-84d8f69388ee" parentExecutionId="a93765e9-d527-43d8-bcb4-1a49f785645a" testId="1237bc5f-42ea-8c7f-8602-051620acda95" testName="ToEmailMaskUserName_Passing_ValidEmail_Returns_EmailWithMask (qaz@gmailgmail.com,q*z@gmailgmail.com)" computerName="PC-SFERRARI" duration="00:00:00.0000176" startTime="2021-06-17T16:31:39.0380203+02:00" endTime="2021-06-17T16:31:39.0386817+02:00" testType="13cdc9d9-ddb5-4fa4-a97d-d965ccfc6d4b" outcome="Passed" testListId="8c84fa94-04c1-424b-9868-57a2d4851a1d" relativeResultsDirectory="2b18c4a8-ec8b-4572-8cf3-84d8f69388ee" dataRowInfo="4" resultType="DataDrivenDataRow" />
        <UnitTestResult executionId="d6e25f5c-60c6-424f-9602-9be03eba551b" parentExecutionId="a93765e9-d527-43d8-bcb4-1a49f785645a" testId="1237bc5f-42ea-8c7f-8602-051620acda95" testName="ToEmailMaskUserName_Passing_ValidEmail_Returns_EmailWithMask (qazwsx@gmailgmail.com,q****x@gmailgmail.com)" computerName="PC-SFERRARI" duration="00:00:00.0000148" startTime="2021-06-17T16:31:39.0380203+02:00" endTime="2021-06-17T16:31:39.0386817+02:00" testType="13cdc9d9-ddb5-4fa4-a97d-d965ccfc6d4b" outcome="Passed" testListId="8c84fa94-04c1-424b-9868-57a2d4851a1d" relativeResultsDirectory="d6e25f5c-60c6-424f-9602-9be03eba551b" dataRowInfo="5" resultType="DataDrivenDataRow" />
        <UnitTestResult executionId="eba4702d-b3be-4d97-b329-0b5a19384c49" parentExecutionId="a93765e9-d527-43d8-bcb4-1a49f785645a" testId="1237bc5f-42ea-8c7f-8602-051620acda95" testName="ToEmailMaskUserName_Passing_ValidEmail_Returns_EmailWithMask (qazwsxedc@gmailgmail.com,q*******c@gmailgmail.com)" computerName="PC-SFERRARI" duration="00:00:00.0000141" startTime="2021-06-17T16:31:39.0380203+02:00" endTime="2021-06-17T16:31:39.0386817+02:00" testType="13cdc9d9-ddb5-4fa4-a97d-d965ccfc6d4b" outcome="Passed" testListId="8c84fa94-04c1-424b-9868-57a2d4851a1d" relativeResultsDirectory="eba4702d-b3be-4d97-b329-0b5a19384c49" dataRowInfo="6" resultType="DataDrivenDataRow" />
      </InnerResults>
    </UnitTestResult>
    <UnitTestResult executionId="7f12654b-f226-49b1-9e98-95b5c7d1c834" testId="725d136c-3e7a-6e51-fc61-03203ffec0b5" testName="IsSubdomain_Passing_ValidArguments_Returns_HasErrorsAndCount" computerName="PC-SFERRARI" duration="00:00:00.0002936" startTime="2021-06-17T16:31:38.1585239+02:00" endTime="2021-06-17T16:31:38.1589221+02:00" testType="13cdc9d9-ddb5-4fa4-a97d-d965ccfc6d4b" outcome="Passed" testListId="8c84fa94-04c1-424b-9868-57a2d4851a1d" relativeResultsDirectory="7f12654b-f226-49b1-9e98-95b5c7d1c834" />
    <UnitTestResult executionId="699223f5-ef40-4760-80db-0158358e2991" testId="69b6ed05-fdf2-6989-0583-109b4777a6ac" testName="ToEnvironment_Passing_Custom_Enviroment_Returns_Custom_Name" computerName="PC-SFERRARI" duration="00:00:00.2300686" startTime="2021-06-17T16:31:37.6725069+02:00" endTime="2021-06-17T16:31:37.9029549+02:00" testType="13cdc9d9-ddb5-4fa4-a97d-d965ccfc6d4b" outcome="Passed" testListId="8c84fa94-04c1-424b-9868-57a2d4851a1d" relativeResultsDirectory="699223f5-ef40-4760-80db-0158358e2991" />
    <UnitTestResult executionId="0e666f4d-438b-433c-9897-ec4543b15b90" testId="a2b6017f-838f-c435-81c1-a75dd92108eb" testName="IsEspecialChars_Passing_ValidArguments_Returns_HasErrorsAndCount" computerName="PC-SFERRARI" duration="00:00:00.0002232" startTime="2021-06-17T16:31:38.1164857+02:00" endTime="2021-06-17T16:31:38.1168320+02:00" testType="13cdc9d9-ddb5-4fa4-a97d-d965ccfc6d4b" outcome="Passed" testListId="8c84fa94-04c1-424b-9868-57a2d4851a1d" relativeResultsDirectory="0e666f4d-438b-433c-9897-ec4543b15b90" />
    <UnitTestResult executionId="fbc51692-fbfb-4207-8930-b9f3e482b5da" testId="4e1a5879-f3c8-4fdb-51d0-c4cf0a35e0bf" testName="ToInt_Passing_Enumeration_Name_Returns_Value" computerName="PC-SFERRARI" duration="00:00:00.0002201" startTime="2021-06-17T16:31:38.5646899+02:00" endTime="2021-06-17T16:31:38.5650023+02:00" testType="13cdc9d9-ddb5-4fa4-a97d-d965ccfc6d4b" outcome="Passed" testListId="8c84fa94-04c1-424b-9868-57a2d4851a1d" relativeResultsDirectory="fbc51692-fbfb-4207-8930-b9f3e482b5da" />
    <UnitTestResult executionId="854d18fa-b8b1-4b50-94ef-a019b4732a1b" testId="7c09a438-5465-f760-64b2-23d25fc199f5" testName="ToEnum_Passing_InvalidValueString_Returns_EnumCustomValue" computerName="PC-SFERRARI" duration="00:00:00.0011915" startTime="2021-06-17T16:31:39.0476612+02:00" endTime="2021-06-17T16:31:39.0489758+02:00" testType="13cdc9d9-ddb5-4fa4-a97d-d965ccfc6d4b" outcome="Passed" testListId="8c84fa94-04c1-424b-9868-57a2d4851a1d" relativeResultsDirectory="854d18fa-b8b1-4b50-94ef-a019b4732a1b" />
    <UnitTestResult executionId="7a725f51-d9c2-4b56-91fc-80f46fccaca1" testId="04cb4b72-edc8-fe06-49e1-217ed503eff8" testName="ToDirectoryFindFilePath_Passing_ValidValue_Returns_FilePath" computerName="PC-SFERRARI" duration="00:00:00.0027144" startTime="2021-06-17T16:31:39.0074951+02:00" endTime="2021-06-17T16:31:39.0104013+02:00" testType="13cdc9d9-ddb5-4fa4-a97d-d965ccfc6d4b" outcome="Passed" testListId="8c84fa94-04c1-424b-9868-57a2d4851a1d" relativeResultsDirectory="7a725f51-d9c2-4b56-91fc-80f46fccaca1" />
    <UnitTestResult executionId="3f37d45f-dacb-4f64-987d-bf8514d6a220" testId="006d3c07-11d3-9f4b-c045-6799df52bbfb" testName="IsLowercase_Passing_ValidArguments_Returns_HasErrorsAndCount" computerName="PC-SFERRARI" duration="00:00:00.0001619" startTime="2021-06-17T16:31:38.1383499+02:00" endTime="2021-06-17T16:31:38.1385704+02:00" testType="13cdc9d9-ddb5-4fa4-a97d-d965ccfc6d4b" outcome="Passed" testListId="8c84fa94-04c1-424b-9868-57a2d4851a1d" relativeResultsDirectory="3f37d45f-dacb-4f64-987d-bf8514d6a220" />
    <UnitTestResult executionId="7084275c-9511-4cdf-9dd7-d5574281a93d" testId="b51b5293-5162-7db8-79c0-6e7b6f1c51a5" testName="ToZipCreate_Passing_ValidFilesWithCutomZipName_Returns_ZipFiles" computerName="PC-SFERRARI" duration="00:00:00.0152012" startTime="2021-06-17T16:31:39.1774098+02:00" endTime="2021-06-17T16:31:39.1928103+02:00" testType="13cdc9d9-ddb5-4fa4-a97d-d965ccfc6d4b" outcome="Passed" testListId="8c84fa94-04c1-424b-9868-57a2d4851a1d" relativeResultsDirectory="7084275c-9511-4cdf-9dd7-d5574281a93d" />
    <UnitTestResult executionId="65625e54-f88b-45dd-a096-7dd789aac643" testId="225c09bd-86d5-d9ce-d2b8-18431ca384e3" testName="ToDefaultValue_Passing_ValidGuid_Returns_DefaultValue" computerName="PC-SFERRARI" duration="00:00:00.0003712" startTime="2021-06-17T16:31:39.2625857+02:00" endTime="2021-06-17T16:31:39.2630630+02:00" testType="13cdc9d9-ddb5-4fa4-a97d-d965ccfc6d4b" outcome="Passed" testListId="8c84fa94-04c1-424b-9868-57a2d4851a1d" relativeResultsDirectory="65625e54-f88b-45dd-a096-7dd789aac643" />
    <UnitTestResult executionId="794ff7a0-17af-4602-8097-12cc934c6a5f" testId="47f3e733-f069-b79f-9f6d-7c11fc368663" testName="ToDefaultValue_Passing_ushort_Returns_Cero" computerName="PC-SFERRARI" duration="00:00:00.0003626" startTime="2021-06-17T16:31:38.6066713+02:00" endTime="2021-06-17T16:31:38.6071111+02:00" testType="13cdc9d9-ddb5-4fa4-a97d-d965ccfc6d4b" outcome="Passed" testListId="8c84fa94-04c1-424b-9868-57a2d4851a1d" relativeResultsDirectory="794ff7a0-17af-4602-8097-12cc934c6a5f" resultType="DataDrivenTest">
      <InnerResults>
        <UnitTestResult executionId="a5f3ab3f-575a-492c-84e5-d18978655732" parentExecutionId="794ff7a0-17af-4602-8097-12cc934c6a5f" testId="47f3e733-f069-b79f-9f6d-7c11fc368663" testName="ToDefaultValue_Passing_ushort_Returns_Cero (65535)" computerName="PC-SFERRARI" duration="00:00:00.0003226" startTime="2021-06-17T16:31:38.6066713+02:00" endTime="2021-06-17T16:31:38.6071111+02:00" testType="13cdc9d9-ddb5-4fa4-a97d-d965ccfc6d4b" outcome="Passed" testListId="8c84fa94-04c1-424b-9868-57a2d4851a1d" relativeResultsDirectory="a5f3ab3f-575a-492c-84e5-d18978655732" dataRowInfo="1" resultType="DataDrivenDataRow" />
      </InnerResults>
    </UnitTestResult>
    <UnitTestResult executionId="5546b480-cde0-4f56-9051-b07bdefabf18" testId="8f970201-c66a-ecfa-fa45-503451c8c439" testName="ResultDataBadRequest_WithErrors_Value" computerName="PC-SFERRARI" duration="00:00:00.0007972" startTime="2021-06-17T16:31:38.9000288+02:00" endTime="2021-06-17T16:31:38.9009356+02:00" testType="13cdc9d9-ddb5-4fa4-a97d-d965ccfc6d4b" outcome="Passed" testListId="8c84fa94-04c1-424b-9868-57a2d4851a1d" relativeResultsDirectory="5546b480-cde0-4f56-9051-b07bdefabf18" />
    <UnitTestResult executionId="75557853-e9c8-4f7c-882d-9a356980dc93" testId="30809299-0e3e-4ac7-4a2a-6f8c296d2226" testName="ToUri_Passing_ValidValueString_Returns_Uri" computerName="PC-SFERRARI" duration="00:00:00.0018689" startTime="2021-06-17T16:31:39.1473735+02:00" endTime="2021-06-17T16:31:39.1496018+02:00" testType="13cdc9d9-ddb5-4fa4-a97d-d965ccfc6d4b" outcome="Passed" testListId="8c84fa94-04c1-424b-9868-57a2d4851a1d" relativeResultsDirectory="75557853-e9c8-4f7c-882d-9a356980dc93" resultType="DataDrivenTest">
      <InnerResults>
        <UnitTestResult executionId="afece6ea-6259-42d2-b943-91170c8636e3" parentExecutionId="75557853-e9c8-4f7c-882d-9a356980dc93" testId="30809299-0e3e-4ac7-4a2a-6f8c296d2226" testName="ToUri_Passing_ValidValueString_Returns_Uri (http://foo.com/blah_blah)" computerName="PC-SFERRARI" duration="00:00:00.0003681" startTime="2021-06-17T16:31:39.1473735+02:00" endTime="2021-06-17T16:31:39.1496018+02:00" testType="13cdc9d9-ddb5-4fa4-a97d-d965ccfc6d4b" outcome="Passed" testListId="8c84fa94-04c1-424b-9868-57a2d4851a1d" relativeResultsDirectory="afece6ea-6259-42d2-b943-91170c8636e3" dataRowInfo="1" resultType="DataDrivenDataRow" />
        <UnitTestResult executionId="39080ee2-2752-4005-aca4-ccb0f930d77d" parentExecutionId="75557853-e9c8-4f7c-882d-9a356980dc93" testId="30809299-0e3e-4ac7-4a2a-6f8c296d2226" testName="ToUri_Passing_ValidValueString_Returns_Uri (http://foo.com/blah_blah/)" computerName="PC-SFERRARI" duration="00:00:00.0000080" startTime="2021-06-17T16:31:39.1473735+02:00" endTime="2021-06-17T16:31:39.1496018+02:00" testType="13cdc9d9-ddb5-4fa4-a97d-d965ccfc6d4b" outcome="Passed" testListId="8c84fa94-04c1-424b-9868-57a2d4851a1d" relativeResultsDirectory="39080ee2-2752-4005-aca4-ccb0f930d77d" dataRowInfo="2" resultType="DataDrivenDataRow" />
        <UnitTestResult executionId="e51caef7-2750-4a90-a914-729ff2d372e9" parentExecutionId="75557853-e9c8-4f7c-882d-9a356980dc93" testId="30809299-0e3e-4ac7-4a2a-6f8c296d2226" testName="ToUri_Passing_ValidValueString_Returns_Uri (http://foo.com/blah_blah/p=5)" computerName="PC-SFERRARI" duration="00:00:00.0000047" startTime="2021-06-17T16:31:39.1473735+02:00" endTime="2021-06-17T16:31:39.1496018+02:00" testType="13cdc9d9-ddb5-4fa4-a97d-d965ccfc6d4b" outcome="Passed" testListId="8c84fa94-04c1-424b-9868-57a2d4851a1d" relativeResultsDirectory="e51caef7-2750-4a90-a914-729ff2d372e9" dataRowInfo="3" resultType="DataDrivenDataRow" />
        <UnitTestResult executionId="20df39c6-c307-4df1-8cad-8284c94e116a" parentExecutionId="75557853-e9c8-4f7c-882d-9a356980dc93" testId="30809299-0e3e-4ac7-4a2a-6f8c296d2226" testName="ToUri_Passing_ValidValueString_Returns_Uri (http://foo.com/blah_blah?p=5)" computerName="PC-SFERRARI" duration="00:00:00.0000033" startTime="2021-06-17T16:31:39.1473735+02:00" endTime="2021-06-17T16:31:39.1496018+02:00" testType="13cdc9d9-ddb5-4fa4-a97d-d965ccfc6d4b" outcome="Passed" testListId="8c84fa94-04c1-424b-9868-57a2d4851a1d" relativeResultsDirectory="20df39c6-c307-4df1-8cad-8284c94e116a" dataRowInfo="4" resultType="DataDrivenDataRow" />
        <UnitTestResult executionId="6afc3e8a-705a-4eec-b422-985b2fa2a300" parentExecutionId="75557853-e9c8-4f7c-882d-9a356980dc93" testId="30809299-0e3e-4ac7-4a2a-6f8c296d2226" testName="ToUri_Passing_ValidValueString_Returns_Uri (http://foo.com/blah_blah?p=5&amp;j=fe)" computerName="PC-SFERRARI" duration="00:00:00.0000038" startTime="2021-06-17T16:31:39.1473735+02:00" endTime="2021-06-17T16:31:39.1496018+02:00" testType="13cdc9d9-ddb5-4fa4-a97d-d965ccfc6d4b" outcome="Passed" testListId="8c84fa94-04c1-424b-9868-57a2d4851a1d" relativeResultsDirectory="6afc3e8a-705a-4eec-b422-985b2fa2a300" dataRowInfo="5" resultType="DataDrivenDataRow" />
        <UnitTestResult executionId="410ee7f7-a1cb-4cdd-8699-05d121a2f9e0" parentExecutionId="75557853-e9c8-4f7c-882d-9a356980dc93" testId="30809299-0e3e-4ac7-4a2a-6f8c296d2226" testName="ToUri_Passing_ValidValueString_Returns_Uri (https://foo.com/blah_blah)" computerName="PC-SFERRARI" duration="00:00:00.0000037" startTime="2021-06-17T16:31:39.1473735+02:00" endTime="2021-06-17T16:31:39.1496018+02:00" testType="13cdc9d9-ddb5-4fa4-a97d-d965ccfc6d4b" outcome="Passed" testListId="8c84fa94-04c1-424b-9868-57a2d4851a1d" relativeResultsDirectory="410ee7f7-a1cb-4cdd-8699-05d121a2f9e0" dataRowInfo="6" resultType="DataDrivenDataRow" />
        <UnitTestResult executionId="a5632ad6-8c90-4800-8a10-0d23cfb2ca0e" parentExecutionId="75557853-e9c8-4f7c-882d-9a356980dc93" testId="30809299-0e3e-4ac7-4a2a-6f8c296d2226" testName="ToUri_Passing_ValidValueString_Returns_Uri (https://foo.com/blah_blah/)" computerName="PC-SFERRARI" duration="00:00:00.0000033" startTime="2021-06-17T16:31:39.1473735+02:00" endTime="2021-06-17T16:31:39.1496018+02:00" testType="13cdc9d9-ddb5-4fa4-a97d-d965ccfc6d4b" outcome="Passed" testListId="8c84fa94-04c1-424b-9868-57a2d4851a1d" relativeResultsDirectory="a5632ad6-8c90-4800-8a10-0d23cfb2ca0e" dataRowInfo="7" resultType="DataDrivenDataRow" />
        <UnitTestResult executionId="47dfe591-cf10-49ce-ae28-103f808ef7ff" parentExecutionId="75557853-e9c8-4f7c-882d-9a356980dc93" testId="30809299-0e3e-4ac7-4a2a-6f8c296d2226" testName="ToUri_Passing_ValidValueString_Returns_Uri (https://foo.com/blah_blah/p=5)" computerName="PC-SFERRARI" duration="00:00:00.0000038" startTime="2021-06-17T16:31:39.1473735+02:00" endTime="2021-06-17T16:31:39.1496018+02:00" testType="13cdc9d9-ddb5-4fa4-a97d-d965ccfc6d4b" outcome="Passed" testListId="8c84fa94-04c1-424b-9868-57a2d4851a1d" relativeResultsDirectory="47dfe591-cf10-49ce-ae28-103f808ef7ff" dataRowInfo="8" resultType="DataDrivenDataRow" />
        <UnitTestResult executionId="980178e9-855b-4689-8581-867f3c0752d9" parentExecutionId="75557853-e9c8-4f7c-882d-9a356980dc93" testId="30809299-0e3e-4ac7-4a2a-6f8c296d2226" testName="ToUri_Passing_ValidValueString_Returns_Uri (https://foo.com/blah_blah?p=5)" computerName="PC-SFERRARI" duration="00:00:00.0000035" startTime="2021-06-17T16:31:39.1473735+02:00" endTime="2021-06-17T16:31:39.1496018+02:00" testType="13cdc9d9-ddb5-4fa4-a97d-d965ccfc6d4b" outcome="Passed" testListId="8c84fa94-04c1-424b-9868-57a2d4851a1d" relativeResultsDirectory="980178e9-855b-4689-8581-867f3c0752d9" dataRowInfo="9" resultType="DataDrivenDataRow" />
        <UnitTestResult executionId="1d054e65-3e20-4863-b93a-ced90c20af20" parentExecutionId="75557853-e9c8-4f7c-882d-9a356980dc93" testId="30809299-0e3e-4ac7-4a2a-6f8c296d2226" testName="ToUri_Passing_ValidValueString_Returns_Uri (https://foo.com/blah_blah?p=5&amp;j=fe)" computerName="PC-SFERRARI" duration="00:00:00.0000043" startTime="2021-06-17T16:31:39.1473735+02:00" endTime="2021-06-17T16:31:39.1496018+02:00" testType="13cdc9d9-ddb5-4fa4-a97d-d965ccfc6d4b" outcome="Passed" testListId="8c84fa94-04c1-424b-9868-57a2d4851a1d" relativeResultsDirectory="1d054e65-3e20-4863-b93a-ced90c20af20" dataRowInfo="10" resultType="DataDrivenDataRow" />
        <UnitTestResult executionId="76b235f8-e85e-479b-82e9-daae1aa38f13" parentExecutionId="75557853-e9c8-4f7c-882d-9a356980dc93" testId="30809299-0e3e-4ac7-4a2a-6f8c296d2226" testName="ToUri_Passing_ValidValueString_Returns_Uri (//foo.com/blah_blah)" computerName="PC-SFERRARI" duration="00:00:00.0000028" startTime="2021-06-17T16:31:39.1473735+02:00" endTime="2021-06-17T16:31:39.1496018+02:00" testType="13cdc9d9-ddb5-4fa4-a97d-d965ccfc6d4b" outcome="Passed" testListId="8c84fa94-04c1-424b-9868-57a2d4851a1d" relativeResultsDirectory="76b235f8-e85e-479b-82e9-daae1aa38f13" dataRowInfo="11" resultType="DataDrivenDataRow" />
        <UnitTestResult executionId="8b14d57f-766c-45b6-8854-f37c4f4815b5" parentExecutionId="75557853-e9c8-4f7c-882d-9a356980dc93" testId="30809299-0e3e-4ac7-4a2a-6f8c296d2226" testName="ToUri_Passing_ValidValueString_Returns_Uri (//foo.com/blah_blah/)" computerName="PC-SFERRARI" duration="00:00:00.0000028" startTime="2021-06-17T16:31:39.1473735+02:00" endTime="2021-06-17T16:31:39.1496018+02:00" testType="13cdc9d9-ddb5-4fa4-a97d-d965ccfc6d4b" outcome="Passed" testListId="8c84fa94-04c1-424b-9868-57a2d4851a1d" relativeResultsDirectory="8b14d57f-766c-45b6-8854-f37c4f4815b5" dataRowInfo="12" resultType="DataDrivenDataRow" />
        <UnitTestResult executionId="e28a55da-76a1-4e48-ae72-12149117daed" parentExecutionId="75557853-e9c8-4f7c-882d-9a356980dc93" testId="30809299-0e3e-4ac7-4a2a-6f8c296d2226" testName="ToUri_Passing_ValidValueString_Returns_Uri (//foo.com/blah_blah/p=5)" computerName="PC-SFERRARI" duration="00:00:00.0000027" startTime="2021-06-17T16:31:39.1473735+02:00" endTime="2021-06-17T16:31:39.1496018+02:00" testType="13cdc9d9-ddb5-4fa4-a97d-d965ccfc6d4b" outcome="Passed" testListId="8c84fa94-04c1-424b-9868-57a2d4851a1d" relativeResultsDirectory="e28a55da-76a1-4e48-ae72-12149117daed" dataRowInfo="13" resultType="DataDrivenDataRow" />
        <UnitTestResult executionId="af0664d2-c39c-4b84-baa5-7a0c5d0e4da0" parentExecutionId="75557853-e9c8-4f7c-882d-9a356980dc93" testId="30809299-0e3e-4ac7-4a2a-6f8c296d2226" testName="ToUri_Passing_ValidValueString_Returns_Uri (//foo.com/blah_blah?p=5)" computerName="PC-SFERRARI" duration="00:00:00.0000038" startTime="2021-06-17T16:31:39.1473735+02:00" endTime="2021-06-17T16:31:39.1496018+02:00" testType="13cdc9d9-ddb5-4fa4-a97d-d965ccfc6d4b" outcome="Passed" testListId="8c84fa94-04c1-424b-9868-57a2d4851a1d" relativeResultsDirectory="af0664d2-c39c-4b84-baa5-7a0c5d0e4da0" dataRowInfo="14" resultType="DataDrivenDataRow" />
        <UnitTestResult executionId="65c4b7b4-efe9-4c16-b86a-633e75abf08d" parentExecutionId="75557853-e9c8-4f7c-882d-9a356980dc93" testId="30809299-0e3e-4ac7-4a2a-6f8c296d2226" testName="ToUri_Passing_ValidValueString_Returns_Uri (//foo.com/blah_blah?p=5&amp;j=fe)" computerName="PC-SFERRARI" duration="00:00:00.0000030" startTime="2021-06-17T16:31:39.1473735+02:00" endTime="2021-06-17T16:31:39.1496018+02:00" testType="13cdc9d9-ddb5-4fa4-a97d-d965ccfc6d4b" outcome="Passed" testListId="8c84fa94-04c1-424b-9868-57a2d4851a1d" relativeResultsDirectory="65c4b7b4-efe9-4c16-b86a-633e75abf08d" dataRowInfo="15" resultType="DataDrivenDataRow" />
        <UnitTestResult executionId="e22b03ea-e075-42b0-ae11-efce2dd38ab8" parentExecutionId="75557853-e9c8-4f7c-882d-9a356980dc93" testId="30809299-0e3e-4ac7-4a2a-6f8c296d2226" testName="ToUri_Passing_ValidValueString_Returns_Uri (http://foo.com/blah_blah_(wikipedia))" computerName="PC-SFERRARI" duration="00:00:00.0000042" startTime="2021-06-17T16:31:39.1473735+02:00" endTime="2021-06-17T16:31:39.1496018+02:00" testType="13cdc9d9-ddb5-4fa4-a97d-d965ccfc6d4b" outcome="Passed" testListId="8c84fa94-04c1-424b-9868-57a2d4851a1d" relativeResultsDirectory="e22b03ea-e075-42b0-ae11-efce2dd38ab8" dataRowInfo="16" resultType="DataDrivenDataRow" />
        <UnitTestResult executionId="efe93e10-8e92-4a4d-9533-7edceaaa33a1" parentExecutionId="75557853-e9c8-4f7c-882d-9a356980dc93" testId="30809299-0e3e-4ac7-4a2a-6f8c296d2226" testName="ToUri_Passing_ValidValueString_Returns_Uri (http://foo.com/blah_blah_(wikipedia)_(again))" computerName="PC-SFERRARI" duration="00:00:00.0000046" startTime="2021-06-17T16:31:39.1473735+02:00" endTime="2021-06-17T16:31:39.1496018+02:00" testType="13cdc9d9-ddb5-4fa4-a97d-d965ccfc6d4b" outcome="Passed" testListId="8c84fa94-04c1-424b-9868-57a2d4851a1d" relativeResultsDirectory="efe93e10-8e92-4a4d-9533-7edceaaa33a1" dataRowInfo="17" resultType="DataDrivenDataRow" />
        <UnitTestResult executionId="1b58bd69-2e0b-460f-855b-84931cde7713" parentExecutionId="75557853-e9c8-4f7c-882d-9a356980dc93" testId="30809299-0e3e-4ac7-4a2a-6f8c296d2226" testName="ToUri_Passing_ValidValueString_Returns_Uri (http://www.example.com/wpstyle/?p=364)" computerName="PC-SFERRARI" duration="00:00:00.0000036" startTime="2021-06-17T16:31:39.1473735+02:00" endTime="2021-06-17T16:31:39.1496018+02:00" testType="13cdc9d9-ddb5-4fa4-a97d-d965ccfc6d4b" outcome="Passed" testListId="8c84fa94-04c1-424b-9868-57a2d4851a1d" relativeResultsDirectory="1b58bd69-2e0b-460f-855b-84931cde7713" dataRowInfo="18" resultType="DataDrivenDataRow" />
        <UnitTestResult executionId="613f4be1-d855-4bb9-9431-3cd0b4f3ceea" parentExecutionId="75557853-e9c8-4f7c-882d-9a356980dc93" testId="30809299-0e3e-4ac7-4a2a-6f8c296d2226" testName="ToUri_Passing_ValidValueString_Returns_Uri (https://www.example.com/foo/?bar=baz&amp;inga=42&amp;quux)" computerName="PC-SFERRARI" duration="00:00:00.0000038" startTime="2021-06-17T16:31:39.1473735+02:00" endTime="2021-06-17T16:31:39.1496018+02:00" testType="13cdc9d9-ddb5-4fa4-a97d-d965ccfc6d4b" outcome="Passed" testListId="8c84fa94-04c1-424b-9868-57a2d4851a1d" relativeResultsDirectory="613f4be1-d855-4bb9-9431-3cd0b4f3ceea" dataRowInfo="19" resultType="DataDrivenDataRow" />
        <UnitTestResult executionId="d8fa5915-2efc-4b09-a5e0-b06e6094ffe9" parentExecutionId="75557853-e9c8-4f7c-882d-9a356980dc93" testId="30809299-0e3e-4ac7-4a2a-6f8c296d2226" testName="ToUri_Passing_ValidValueString_Returns_Uri (http://✪df.ws/123)" computerName="PC-SFERRARI" duration="00:00:00.0004834" startTime="2021-06-17T16:31:39.1473735+02:00" endTime="2021-06-17T16:31:39.1496018+02:00" testType="13cdc9d9-ddb5-4fa4-a97d-d965ccfc6d4b" outcome="Passed" testListId="8c84fa94-04c1-424b-9868-57a2d4851a1d" relativeResultsDirectory="d8fa5915-2efc-4b09-a5e0-b06e6094ffe9" dataRowInfo="20" resultType="DataDrivenDataRow" />
        <UnitTestResult executionId="aaa308d4-e7f7-44ab-9a64-98061fc81a3f" parentExecutionId="75557853-e9c8-4f7c-882d-9a356980dc93" testId="30809299-0e3e-4ac7-4a2a-6f8c296d2226" testName="ToUri_Passing_ValidValueString_Returns_Uri (http://userid:password@example.com:8080)" computerName="PC-SFERRARI" duration="00:00:00.0000203" startTime="2021-06-17T16:31:39.1473735+02:00" endTime="2021-06-17T16:31:39.1496018+02:00" testType="13cdc9d9-ddb5-4fa4-a97d-d965ccfc6d4b" outcome="Passed" testListId="8c84fa94-04c1-424b-9868-57a2d4851a1d" relativeResultsDirectory="aaa308d4-e7f7-44ab-9a64-98061fc81a3f" dataRowInfo="21" resultType="DataDrivenDataRow" />
        <UnitTestResult executionId="fd9f06b2-9fc0-43ef-b3f3-8df6583e01a3" parentExecutionId="75557853-e9c8-4f7c-882d-9a356980dc93" testId="30809299-0e3e-4ac7-4a2a-6f8c296d2226" testName="ToUri_Passing_ValidValueString_Returns_Uri (http://userid:password@example.com:8080/)" computerName="PC-SFERRARI" duration="00:00:00.0000058" startTime="2021-06-17T16:31:39.1473735+02:00" endTime="2021-06-17T16:31:39.1496018+02:00" testType="13cdc9d9-ddb5-4fa4-a97d-d965ccfc6d4b" outcome="Passed" testListId="8c84fa94-04c1-424b-9868-57a2d4851a1d" relativeResultsDirectory="fd9f06b2-9fc0-43ef-b3f3-8df6583e01a3" dataRowInfo="22" resultType="DataDrivenDataRow" />
        <UnitTestResult executionId="ecb7462a-476a-472a-89f7-16056636e86a" parentExecutionId="75557853-e9c8-4f7c-882d-9a356980dc93" testId="30809299-0e3e-4ac7-4a2a-6f8c296d2226" testName="ToUri_Passing_ValidValueString_Returns_Uri (http://userid@example.com)" computerName="PC-SFERRARI" duration="00:00:00.0000043" startTime="2021-06-17T16:31:39.1473735+02:00" endTime="2021-06-17T16:31:39.1496018+02:00" testType="13cdc9d9-ddb5-4fa4-a97d-d965ccfc6d4b" outcome="Passed" testListId="8c84fa94-04c1-424b-9868-57a2d4851a1d" relativeResultsDirectory="ecb7462a-476a-472a-89f7-16056636e86a" dataRowInfo="23" resultType="DataDrivenDataRow" />
        <UnitTestResult executionId="73b12132-83bd-4906-bfb9-cc42dcda7525" parentExecutionId="75557853-e9c8-4f7c-882d-9a356980dc93" testId="30809299-0e3e-4ac7-4a2a-6f8c296d2226" testName="ToUri_Passing_ValidValueString_Returns_Uri (http://userid@example.com/)" computerName="PC-SFERRARI" duration="00:00:00.0000041" startTime="2021-06-17T16:31:39.1473735+02:00" endTime="2021-06-17T16:31:39.1496018+02:00" testType="13cdc9d9-ddb5-4fa4-a97d-d965ccfc6d4b" outcome="Passed" testListId="8c84fa94-04c1-424b-9868-57a2d4851a1d" relativeResultsDirectory="73b12132-83bd-4906-bfb9-cc42dcda7525" dataRowInfo="24" resultType="DataDrivenDataRow" />
        <UnitTestResult executionId="47e18c1f-74a7-4f9a-b591-dc438d003ca8" parentExecutionId="75557853-e9c8-4f7c-882d-9a356980dc93" testId="30809299-0e3e-4ac7-4a2a-6f8c296d2226" testName="ToUri_Passing_ValidValueString_Returns_Uri (http://userid@example.com:8080)" computerName="PC-SFERRARI" duration="00:00:00.0000032" startTime="2021-06-17T16:31:39.1473735+02:00" endTime="2021-06-17T16:31:39.1496018+02:00" testType="13cdc9d9-ddb5-4fa4-a97d-d965ccfc6d4b" outcome="Passed" testListId="8c84fa94-04c1-424b-9868-57a2d4851a1d" relativeResultsDirectory="47e18c1f-74a7-4f9a-b591-dc438d003ca8" dataRowInfo="25" resultType="DataDrivenDataRow" />
        <UnitTestResult executionId="ecc6b31a-2f2d-4936-a113-47919e1fe736" parentExecutionId="75557853-e9c8-4f7c-882d-9a356980dc93" testId="30809299-0e3e-4ac7-4a2a-6f8c296d2226" testName="ToUri_Passing_ValidValueString_Returns_Uri (http://userid@example.com:8080/)" computerName="PC-SFERRARI" duration="00:00:00.0000034" startTime="2021-06-17T16:31:39.1473735+02:00" endTime="2021-06-17T16:31:39.1496018+02:00" testType="13cdc9d9-ddb5-4fa4-a97d-d965ccfc6d4b" outcome="Passed" testListId="8c84fa94-04c1-424b-9868-57a2d4851a1d" relativeResultsDirectory="ecc6b31a-2f2d-4936-a113-47919e1fe736" dataRowInfo="26" resultType="DataDrivenDataRow" />
        <UnitTestResult executionId="ea609084-8549-4171-a614-b785374ed946" parentExecutionId="75557853-e9c8-4f7c-882d-9a356980dc93" testId="30809299-0e3e-4ac7-4a2a-6f8c296d2226" testName="ToUri_Passing_ValidValueString_Returns_Uri (http://userid:password@example.com)" computerName="PC-SFERRARI" duration="00:00:00.0000039" startTime="2021-06-17T16:31:39.1473735+02:00" endTime="2021-06-17T16:31:39.1496018+02:00" testType="13cdc9d9-ddb5-4fa4-a97d-d965ccfc6d4b" outcome="Passed" testListId="8c84fa94-04c1-424b-9868-57a2d4851a1d" relativeResultsDirectory="ea609084-8549-4171-a614-b785374ed946" dataRowInfo="27" resultType="DataDrivenDataRow" />
        <UnitTestResult executionId="bf5d9aec-c4cd-4c6e-8881-9faa1ac9b12f" parentExecutionId="75557853-e9c8-4f7c-882d-9a356980dc93" testId="30809299-0e3e-4ac7-4a2a-6f8c296d2226" testName="ToUri_Passing_ValidValueString_Returns_Uri (http://userid:password@example.com/)" computerName="PC-SFERRARI" duration="00:00:00.0000032" startTime="2021-06-17T16:31:39.1473735+02:00" endTime="2021-06-17T16:31:39.1496018+02:00" testType="13cdc9d9-ddb5-4fa4-a97d-d965ccfc6d4b" outcome="Passed" testListId="8c84fa94-04c1-424b-9868-57a2d4851a1d" relativeResultsDirectory="bf5d9aec-c4cd-4c6e-8881-9faa1ac9b12f" dataRowInfo="28" resultType="DataDrivenDataRow" />
        <UnitTestResult executionId="11be6e12-0f4c-4b02-ae0c-6d8369dabb59" parentExecutionId="75557853-e9c8-4f7c-882d-9a356980dc93" testId="30809299-0e3e-4ac7-4a2a-6f8c296d2226" testName="ToUri_Passing_ValidValueString_Returns_Uri (http://142.42.1.1/)" computerName="PC-SFERRARI" duration="00:00:00.0000043" startTime="2021-06-17T16:31:39.1473735+02:00" endTime="2021-06-17T16:31:39.1496018+02:00" testType="13cdc9d9-ddb5-4fa4-a97d-d965ccfc6d4b" outcome="Passed" testListId="8c84fa94-04c1-424b-9868-57a2d4851a1d" relativeResultsDirectory="11be6e12-0f4c-4b02-ae0c-6d8369dabb59" dataRowInfo="29" resultType="DataDrivenDataRow" />
        <UnitTestResult executionId="4fa727b9-3708-4e65-82f9-f6ca85f4f8e2" parentExecutionId="75557853-e9c8-4f7c-882d-9a356980dc93" testId="30809299-0e3e-4ac7-4a2a-6f8c296d2226" testName="ToUri_Passing_ValidValueString_Returns_Uri (http://142.42.1.1:8080/)" computerName="PC-SFERRARI" duration="00:00:00.0000033" startTime="2021-06-17T16:31:39.1473735+02:00" endTime="2021-06-17T16:31:39.1496018+02:00" testType="13cdc9d9-ddb5-4fa4-a97d-d965ccfc6d4b" outcome="Passed" testListId="8c84fa94-04c1-424b-9868-57a2d4851a1d" relativeResultsDirectory="4fa727b9-3708-4e65-82f9-f6ca85f4f8e2" dataRowInfo="30" resultType="DataDrivenDataRow" />
        <UnitTestResult executionId="b156a3ad-9fee-4b0d-8060-c80efd690b09" parentExecutionId="75557853-e9c8-4f7c-882d-9a356980dc93" testId="30809299-0e3e-4ac7-4a2a-6f8c296d2226" testName="ToUri_Passing_ValidValueString_Returns_Uri (http://➡.ws/䨹)" computerName="PC-SFERRARI" duration="00:00:00.0000480" startTime="2021-06-17T16:31:39.1473735+02:00" endTime="2021-06-17T16:31:39.1496018+02:00" testType="13cdc9d9-ddb5-4fa4-a97d-d965ccfc6d4b" outcome="Passed" testListId="8c84fa94-04c1-424b-9868-57a2d4851a1d" relativeResultsDirectory="b156a3ad-9fee-4b0d-8060-c80efd690b09" dataRowInfo="31" resultType="DataDrivenDataRow" />
        <UnitTestResult executionId="92a4a0f5-3d96-4699-9fe2-3204b9cb74cc" parentExecutionId="75557853-e9c8-4f7c-882d-9a356980dc93" testId="30809299-0e3e-4ac7-4a2a-6f8c296d2226" testName="ToUri_Passing_ValidValueString_Returns_Uri (http://⌘.ws)" computerName="PC-SFERRARI" duration="00:00:00.0000089" startTime="2021-06-17T16:31:39.1473735+02:00" endTime="2021-06-17T16:31:39.1496018+02:00" testType="13cdc9d9-ddb5-4fa4-a97d-d965ccfc6d4b" outcome="Passed" testListId="8c84fa94-04c1-424b-9868-57a2d4851a1d" relativeResultsDirectory="92a4a0f5-3d96-4699-9fe2-3204b9cb74cc" dataRowInfo="32" resultType="DataDrivenDataRow" />
        <UnitTestResult executionId="c8f8a5f9-05b7-495e-9e05-66b03980c437" parentExecutionId="75557853-e9c8-4f7c-882d-9a356980dc93" testId="30809299-0e3e-4ac7-4a2a-6f8c296d2226" testName="ToUri_Passing_ValidValueString_Returns_Uri (http://⌘.ws/)" computerName="PC-SFERRARI" duration="00:00:00.0000065" startTime="2021-06-17T16:31:39.1473735+02:00" endTime="2021-06-17T16:31:39.1496018+02:00" testType="13cdc9d9-ddb5-4fa4-a97d-d965ccfc6d4b" outcome="Passed" testListId="8c84fa94-04c1-424b-9868-57a2d4851a1d" relativeResultsDirectory="c8f8a5f9-05b7-495e-9e05-66b03980c437" dataRowInfo="33" resultType="DataDrivenDataRow" />
        <UnitTestResult executionId="29a38cbd-3281-4742-8e09-fd8c88793138" parentExecutionId="75557853-e9c8-4f7c-882d-9a356980dc93" testId="30809299-0e3e-4ac7-4a2a-6f8c296d2226" testName="ToUri_Passing_ValidValueString_Returns_Uri (http://foo.com/blah_(wikipedia)#cite-1)" computerName="PC-SFERRARI" duration="00:00:00.0000038" startTime="2021-06-17T16:31:39.1473735+02:00" endTime="2021-06-17T16:31:39.1496018+02:00" testType="13cdc9d9-ddb5-4fa4-a97d-d965ccfc6d4b" outcome="Passed" testListId="8c84fa94-04c1-424b-9868-57a2d4851a1d" relativeResultsDirectory="29a38cbd-3281-4742-8e09-fd8c88793138" dataRowInfo="34" resultType="DataDrivenDataRow" />
        <UnitTestResult executionId="f02975c8-e4c1-43e2-9035-bb3ee1e8993e" parentExecutionId="75557853-e9c8-4f7c-882d-9a356980dc93" testId="30809299-0e3e-4ac7-4a2a-6f8c296d2226" testName="ToUri_Passing_ValidValueString_Returns_Uri (http://foo.com/blah_(wikipedia)_blah#cite-1)" computerName="PC-SFERRARI" duration="00:00:00.0000032" startTime="2021-06-17T16:31:39.1473735+02:00" endTime="2021-06-17T16:31:39.1496018+02:00" testType="13cdc9d9-ddb5-4fa4-a97d-d965ccfc6d4b" outcome="Passed" testListId="8c84fa94-04c1-424b-9868-57a2d4851a1d" relativeResultsDirectory="f02975c8-e4c1-43e2-9035-bb3ee1e8993e" dataRowInfo="35" resultType="DataDrivenDataRow" />
        <UnitTestResult executionId="f4f2ec62-5cdf-4129-8bfc-93f472c3d28e" parentExecutionId="75557853-e9c8-4f7c-882d-9a356980dc93" testId="30809299-0e3e-4ac7-4a2a-6f8c296d2226" testName="ToUri_Passing_ValidValueString_Returns_Uri (http://foo.com/unicode_(✪)_in_parens)" computerName="PC-SFERRARI" duration="00:00:00.0000063" startTime="2021-06-17T16:31:39.1473735+02:00" endTime="2021-06-17T16:31:39.1496018+02:00" testType="13cdc9d9-ddb5-4fa4-a97d-d965ccfc6d4b" outcome="Passed" testListId="8c84fa94-04c1-424b-9868-57a2d4851a1d" relativeResultsDirectory="f4f2ec62-5cdf-4129-8bfc-93f472c3d28e" dataRowInfo="36" resultType="DataDrivenDataRow" />
        <UnitTestResult executionId="23769c34-03ff-4d82-9257-c4221b63c399" parentExecutionId="75557853-e9c8-4f7c-882d-9a356980dc93" testId="30809299-0e3e-4ac7-4a2a-6f8c296d2226" testName="ToUri_Passing_ValidValueString_Returns_Uri (http://foo.com/(something)?after=parens)" computerName="PC-SFERRARI" duration="00:00:00.0000047" startTime="2021-06-17T16:31:39.1473735+02:00" endTime="2021-06-17T16:31:39.1496018+02:00" testType="13cdc9d9-ddb5-4fa4-a97d-d965ccfc6d4b" outcome="Passed" testListId="8c84fa94-04c1-424b-9868-57a2d4851a1d" relativeResultsDirectory="23769c34-03ff-4d82-9257-c4221b63c399" dataRowInfo="37" resultType="DataDrivenDataRow" />
        <UnitTestResult executionId="e46c646a-0e70-42a8-bfac-8d0ec95edba7" parentExecutionId="75557853-e9c8-4f7c-882d-9a356980dc93" testId="30809299-0e3e-4ac7-4a2a-6f8c296d2226" testName="ToUri_Passing_ValidValueString_Returns_Uri (http://☺.damowmow.com/)" computerName="PC-SFERRARI" duration="00:00:00.0000150" startTime="2021-06-17T16:31:39.1473735+02:00" endTime="2021-06-17T16:31:39.1496018+02:00" testType="13cdc9d9-ddb5-4fa4-a97d-d965ccfc6d4b" outcome="Passed" testListId="8c84fa94-04c1-424b-9868-57a2d4851a1d" relativeResultsDirectory="e46c646a-0e70-42a8-bfac-8d0ec95edba7" dataRowInfo="38" resultType="DataDrivenDataRow" />
        <UnitTestResult executionId="f03c64e2-1bd2-4132-9bf3-2254abb014d1" parentExecutionId="75557853-e9c8-4f7c-882d-9a356980dc93" testId="30809299-0e3e-4ac7-4a2a-6f8c296d2226" testName="ToUri_Passing_ValidValueString_Returns_Uri (http://code.google.com/events/#&amp;product=browser)" computerName="PC-SFERRARI" duration="00:00:00.0000047" startTime="2021-06-17T16:31:39.1473735+02:00" endTime="2021-06-17T16:31:39.1496018+02:00" testType="13cdc9d9-ddb5-4fa4-a97d-d965ccfc6d4b" outcome="Passed" testListId="8c84fa94-04c1-424b-9868-57a2d4851a1d" relativeResultsDirectory="f03c64e2-1bd2-4132-9bf3-2254abb014d1" dataRowInfo="39" resultType="DataDrivenDataRow" />
        <UnitTestResult executionId="cd191e87-d76e-4d3c-9fa2-4ba009e3e8b9" parentExecutionId="75557853-e9c8-4f7c-882d-9a356980dc93" testId="30809299-0e3e-4ac7-4a2a-6f8c296d2226" testName="ToUri_Passing_ValidValueString_Returns_Uri (http://j.mp)" computerName="PC-SFERRARI" duration="00:00:00.0000034" startTime="2021-06-17T16:31:39.1473735+02:00" endTime="2021-06-17T16:31:39.1496018+02:00" testType="13cdc9d9-ddb5-4fa4-a97d-d965ccfc6d4b" outcome="Passed" testListId="8c84fa94-04c1-424b-9868-57a2d4851a1d" relativeResultsDirectory="cd191e87-d76e-4d3c-9fa2-4ba009e3e8b9" dataRowInfo="40" resultType="DataDrivenDataRow" />
        <UnitTestResult executionId="877623d0-8442-4e41-8d77-3301869356eb" parentExecutionId="75557853-e9c8-4f7c-882d-9a356980dc93" testId="30809299-0e3e-4ac7-4a2a-6f8c296d2226" testName="ToUri_Passing_ValidValueString_Returns_Uri (http://foo.bar/?q=Test%20URL-encoded%20stuff)" computerName="PC-SFERRARI" duration="00:00:00.0000314" startTime="2021-06-17T16:31:39.1473735+02:00" endTime="2021-06-17T16:31:39.1496018+02:00" testType="13cdc9d9-ddb5-4fa4-a97d-d965ccfc6d4b" outcome="Passed" testListId="8c84fa94-04c1-424b-9868-57a2d4851a1d" relativeResultsDirectory="877623d0-8442-4e41-8d77-3301869356eb" dataRowInfo="41" resultType="DataDrivenDataRow" />
        <UnitTestResult executionId="62a82ec1-1fc8-45b0-b85e-bda18459ec35" parentExecutionId="75557853-e9c8-4f7c-882d-9a356980dc93" testId="30809299-0e3e-4ac7-4a2a-6f8c296d2226" testName="ToUri_Passing_ValidValueString_Returns_Uri (http://مثال.إختبار)" computerName="PC-SFERRARI" duration="00:00:00.0000085" startTime="2021-06-17T16:31:39.1473735+02:00" endTime="2021-06-17T16:31:39.1496018+02:00" testType="13cdc9d9-ddb5-4fa4-a97d-d965ccfc6d4b" outcome="Passed" testListId="8c84fa94-04c1-424b-9868-57a2d4851a1d" relativeResultsDirectory="62a82ec1-1fc8-45b0-b85e-bda18459ec35" dataRowInfo="42" resultType="DataDrivenDataRow" />
        <UnitTestResult executionId="f291c827-0e2d-4597-8260-feb50b34b83c" parentExecutionId="75557853-e9c8-4f7c-882d-9a356980dc93" testId="30809299-0e3e-4ac7-4a2a-6f8c296d2226" testName="ToUri_Passing_ValidValueString_Returns_Uri (http://例子.测试)" computerName="PC-SFERRARI" duration="00:00:00.0000067" startTime="2021-06-17T16:31:39.1473735+02:00" endTime="2021-06-17T16:31:39.1496018+02:00" testType="13cdc9d9-ddb5-4fa4-a97d-d965ccfc6d4b" outcome="Passed" testListId="8c84fa94-04c1-424b-9868-57a2d4851a1d" relativeResultsDirectory="f291c827-0e2d-4597-8260-feb50b34b83c" dataRowInfo="43" resultType="DataDrivenDataRow" />
        <UnitTestResult executionId="2a9347cd-cc2f-4c50-998e-f00e14c9c161" parentExecutionId="75557853-e9c8-4f7c-882d-9a356980dc93" testId="30809299-0e3e-4ac7-4a2a-6f8c296d2226" testName="ToUri_Passing_ValidValueString_Returns_Uri (http://उदाहरण.परीक्ष)" computerName="PC-SFERRARI" duration="00:00:00.0000068" startTime="2021-06-17T16:31:39.1473735+02:00" endTime="2021-06-17T16:31:39.1496018+02:00" testType="13cdc9d9-ddb5-4fa4-a97d-d965ccfc6d4b" outcome="Passed" testListId="8c84fa94-04c1-424b-9868-57a2d4851a1d" relativeResultsDirectory="2a9347cd-cc2f-4c50-998e-f00e14c9c161" dataRowInfo="44" resultType="DataDrivenDataRow" />
        <UnitTestResult executionId="37f1df22-b09d-46da-b416-bc8f2e3bae25" parentExecutionId="75557853-e9c8-4f7c-882d-9a356980dc93" testId="30809299-0e3e-4ac7-4a2a-6f8c296d2226" testName="ToUri_Passing_ValidValueString_Returns_Uri (http://-.~_!$&amp;'()*+,;=:%40:80%2f::::::@example.com)" computerName="PC-SFERRARI" duration="00:00:00.0000043" startTime="2021-06-17T16:31:39.1473735+02:00" endTime="2021-06-17T16:31:39.1496018+02:00" testType="13cdc9d9-ddb5-4fa4-a97d-d965ccfc6d4b" outcome="Passed" testListId="8c84fa94-04c1-424b-9868-57a2d4851a1d" relativeResultsDirectory="37f1df22-b09d-46da-b416-bc8f2e3bae25" dataRowInfo="45" resultType="DataDrivenDataRow" />
        <UnitTestResult executionId="7a9c8a3c-7968-4ba6-87ff-a7d801b22615" parentExecutionId="75557853-e9c8-4f7c-882d-9a356980dc93" testId="30809299-0e3e-4ac7-4a2a-6f8c296d2226" testName="ToUri_Passing_ValidValueString_Returns_Uri (http://1337.net)" computerName="PC-SFERRARI" duration="00:00:00.0000037" startTime="2021-06-17T16:31:39.1473735+02:00" endTime="2021-06-17T16:31:39.1496018+02:00" testType="13cdc9d9-ddb5-4fa4-a97d-d965ccfc6d4b" outcome="Passed" testListId="8c84fa94-04c1-424b-9868-57a2d4851a1d" relativeResultsDirectory="7a9c8a3c-7968-4ba6-87ff-a7d801b22615" dataRowInfo="46" resultType="DataDrivenDataRow" />
        <UnitTestResult executionId="c7a82922-5f5e-4f0f-951b-67f7321c385f" parentExecutionId="75557853-e9c8-4f7c-882d-9a356980dc93" testId="30809299-0e3e-4ac7-4a2a-6f8c296d2226" testName="ToUri_Passing_ValidValueString_Returns_Uri (http://a.b-c.de)" computerName="PC-SFERRARI" duration="00:00:00.0000040" startTime="2021-06-17T16:31:39.1473735+02:00" endTime="2021-06-17T16:31:39.1496018+02:00" testType="13cdc9d9-ddb5-4fa4-a97d-d965ccfc6d4b" outcome="Passed" testListId="8c84fa94-04c1-424b-9868-57a2d4851a1d" relativeResultsDirectory="c7a82922-5f5e-4f0f-951b-67f7321c385f" dataRowInfo="47" resultType="DataDrivenDataRow" />
        <UnitTestResult executionId="24e57887-d33e-42b5-b48c-f276cfce09ea" parentExecutionId="75557853-e9c8-4f7c-882d-9a356980dc93" testId="30809299-0e3e-4ac7-4a2a-6f8c296d2226" testName="ToUri_Passing_ValidValueString_Returns_Uri (http://223.255.255.254)" computerName="PC-SFERRARI" duration="00:00:00.0000035" startTime="2021-06-17T16:31:39.1473735+02:00" endTime="2021-06-17T16:31:39.1496018+02:00" testType="13cdc9d9-ddb5-4fa4-a97d-d965ccfc6d4b" outcome="Passed" testListId="8c84fa94-04c1-424b-9868-57a2d4851a1d" relativeResultsDirectory="24e57887-d33e-42b5-b48c-f276cfce09ea" dataRowInfo="48" resultType="DataDrivenDataRow" />
      </InnerResults>
    </UnitTestResult>
    <UnitTestResult executionId="08488416-95a5-4047-9344-fef107f97648" testId="313cfb2c-8c3b-337b-12f8-296f8611376d" testName="ToConfigureOrDefault_Passing_ActionCustomValues_Returns_CustomValues" computerName="PC-SFERRARI" duration="00:00:00.0336863" startTime="2021-06-17T16:31:36.9940402+02:00" endTime="2021-06-17T16:31:37.1359064+02:00" testType="13cdc9d9-ddb5-4fa4-a97d-d965ccfc6d4b" outcome="Passed" testListId="8c84fa94-04c1-424b-9868-57a2d4851a1d" relativeResultsDirectory="08488416-95a5-4047-9344-fef107f97648" />
    <UnitTestResult executionId="0571c497-69c8-425e-a36b-fdc0dd821e93" testId="8a110a46-40a4-c9bb-083e-1c3fcb5b45b7" testName="ToCompress_Passing_Object_Bytes_Returns_Object" computerName="PC-SFERRARI" duration="00:00:00.0584344" startTime="2021-06-17T16:31:37.9892787+02:00" endTime="2021-06-17T16:31:38.0481608+02:00" testType="13cdc9d9-ddb5-4fa4-a97d-d965ccfc6d4b" outcome="Passed" testListId="8c84fa94-04c1-424b-9868-57a2d4851a1d" relativeResultsDirectory="0571c497-69c8-425e-a36b-fdc0dd821e93" />
    <UnitTestResult executionId="3bad7325-e49a-4993-8130-9200e40c693b" testId="8fbac209-421a-f9fa-c5fe-97403aedb24e" testName="ToIsNullOrAnyThrow_Passing_InvalidValue_Returns_ApplicationExceptionWithMessage" computerName="PC-SFERRARI" duration="00:00:00.0015343" startTime="2021-06-17T16:31:38.0753725+02:00" endTime="2021-06-17T16:31:38.0770579+02:00" testType="13cdc9d9-ddb5-4fa4-a97d-d965ccfc6d4b" outcome="Passed" testListId="8c84fa94-04c1-424b-9868-57a2d4851a1d" relativeResultsDirectory="3bad7325-e49a-4993-8130-9200e40c693b" />
    <UnitTestResult executionId="1fd5fa64-23b6-45c1-8c88-384724e1574c" testId="3c82816f-4e62-7440-d30d-abbd53b1dcea" testName="ResultOK" computerName="PC-SFERRARI" duration="00:00:00.0005259" startTime="2021-06-17T16:31:38.9447587+02:00" endTime="2021-06-17T16:31:38.9453632+02:00" testType="13cdc9d9-ddb5-4fa4-a97d-d965ccfc6d4b" outcome="Passed" testListId="8c84fa94-04c1-424b-9868-57a2d4851a1d" relativeResultsDirectory="1fd5fa64-23b6-45c1-8c88-384724e1574c" />
    <UnitTestResult executionId="69489ef9-2cfe-41ca-9238-44e7db709d28" testId="0df69eaf-b001-71ae-6cf8-f9c5860f7c4c" testName="ToIsFileThrow_Passing_InvalidValue_Returns_ApplicationExceptionWithMessage" computerName="PC-SFERRARI" duration="00:00:00.0018974" startTime="2021-06-17T16:31:38.0684953+02:00" endTime="2021-06-17T16:31:38.0705881+02:00" testType="13cdc9d9-ddb5-4fa4-a97d-d965ccfc6d4b" outcome="Passed" testListId="8c84fa94-04c1-424b-9868-57a2d4851a1d" relativeResultsDirectory="69489ef9-2cfe-41ca-9238-44e7db709d28" />
    <UnitTestResult executionId="025c3c72-1134-4b83-8b8e-d8dffd3a5152" testId="0d35441f-72fe-a777-509f-6a19632f972a" testName="ToMessage_Passing_ExceptionWithMessageWithInnerException_Returns_MessageAndInnerException" computerName="PC-SFERRARI" duration="00:00:00.0004681" startTime="2021-06-17T16:31:38.5837138+02:00" endTime="2021-06-17T16:31:38.5843324+02:00" testType="13cdc9d9-ddb5-4fa4-a97d-d965ccfc6d4b" outcome="Passed" testListId="8c84fa94-04c1-424b-9868-57a2d4851a1d" relativeResultsDirectory="025c3c72-1134-4b83-8b8e-d8dffd3a5152" />
    <UnitTestResult executionId="4159ad6a-e3e2-4fb1-870e-2280cfa0e8fb" testId="aeb559a5-c285-7ab9-baee-1cb152d1742f" testName="ToDefaultValue_Passing_ulong_Returns_Cero" computerName="PC-SFERRARI" duration="00:00:00.0003902" startTime="2021-06-17T16:31:38.6061377+02:00" endTime="2021-06-17T16:31:38.6066213+02:00" testType="13cdc9d9-ddb5-4fa4-a97d-d965ccfc6d4b" outcome="Passed" testListId="8c84fa94-04c1-424b-9868-57a2d4851a1d" relativeResultsDirectory="4159ad6a-e3e2-4fb1-870e-2280cfa0e8fb" resultType="DataDrivenTest">
      <InnerResults>
        <UnitTestResult executionId="52d5effa-4ad7-4559-b467-8f12b9b96726" parentExecutionId="4159ad6a-e3e2-4fb1-870e-2280cfa0e8fb" testId="aeb559a5-c285-7ab9-baee-1cb152d1742f" testName="ToDefaultValue_Passing_ulong_Returns_Cero (18446744073709551615)" computerName="PC-SFERRARI" duration="00:00:00.0003388" startTime="2021-06-17T16:31:38.6061377+02:00" endTime="2021-06-17T16:31:38.6066213+02:00" testType="13cdc9d9-ddb5-4fa4-a97d-d965ccfc6d4b" outcome="Passed" testListId="8c84fa94-04c1-424b-9868-57a2d4851a1d" relativeResultsDirectory="52d5effa-4ad7-4559-b467-8f12b9b96726" dataRowInfo="1" resultType="DataDrivenDataRow" />
      </InnerResults>
    </UnitTestResult>
    <UnitTestResult executionId="061ecfb5-5f32-4309-bee2-8c381d35b852" testId="1761ee10-7c34-b565-b889-1885bffe91c3" testName="ToSetTime_Passing_Time_Int_Returns_DateTime" computerName="PC-SFERRARI" duration="00:00:00.0002821" startTime="2021-06-17T16:31:38.5338581+02:00" endTime="2021-06-17T16:31:38.5341950+02:00" testType="13cdc9d9-ddb5-4fa4-a97d-d965ccfc6d4b" outcome="Passed" testListId="8c84fa94-04c1-424b-9868-57a2d4851a1d" relativeResultsDirectory="061ecfb5-5f32-4309-bee2-8c381d35b852" />
    <UnitTestResult executionId="1f359c66-a67d-4f9c-8031-319f6d483d4d" testId="bd43e66e-fbae-26eb-a9a1-c58a6bf5d7af" testName="ToHashAlgorithmName_Passing_InvalidValueLowerCaseString_Returns_Null" computerName="PC-SFERRARI" duration="00:00:00.0003109" startTime="2021-06-17T16:31:39.0740470+02:00" endTime="2021-06-17T16:31:39.0744904+02:00" testType="13cdc9d9-ddb5-4fa4-a97d-d965ccfc6d4b" outcome="Passed" testListId="8c84fa94-04c1-424b-9868-57a2d4851a1d" relativeResultsDirectory="1f359c66-a67d-4f9c-8031-319f6d483d4d" resultType="DataDrivenTest">
      <InnerResults>
        <UnitTestResult executionId="3068b1d3-76c1-42c7-9413-ea0b0e9955f0" parentExecutionId="1f359c66-a67d-4f9c-8031-319f6d483d4d" testId="bd43e66e-fbae-26eb-a9a1-c58a6bf5d7af" testName="ToHashAlgorithmName_Passing_InvalidValueLowerCaseString_Returns_Null (md5)" computerName="PC-SFERRARI" duration="00:00:00.0002655" startTime="2021-06-17T16:31:39.0740470+02:00" endTime="2021-06-17T16:31:39.0744904+02:00" testType="13cdc9d9-ddb5-4fa4-a97d-d965ccfc6d4b" outcome="Passed" testListId="8c84fa94-04c1-424b-9868-57a2d4851a1d" relativeResultsDirectory="3068b1d3-76c1-42c7-9413-ea0b0e9955f0" dataRowInfo="1" resultType="DataDrivenDataRow" />
      </InnerResults>
    </UnitTestResult>
    <UnitTestResult executionId="f49cce20-692d-4d43-bcdf-f17788b85784" testId="04084e8e-c859-4ef5-e2a7-4fb2803cb2a3" testName="ToReplace_Passing_ValidValue_Returns_ReplacedValue" computerName="PC-SFERRARI" duration="00:00:00.0008182" startTime="2021-06-17T16:31:39.1295439+02:00" endTime="2021-06-17T16:31:39.1305120+02:00" testType="13cdc9d9-ddb5-4fa4-a97d-d965ccfc6d4b" outcome="Passed" testListId="8c84fa94-04c1-424b-9868-57a2d4851a1d" relativeResultsDirectory="f49cce20-692d-4d43-bcdf-f17788b85784" resultType="DataDrivenTest">
      <InnerResults>
        <UnitTestResult executionId="271d34ac-b08f-4a71-b351-ec0e9247111c" parentExecutionId="f49cce20-692d-4d43-bcdf-f17788b85784" testId="04084e8e-c859-4ef5-e2a7-4fb2803cb2a3" testName="ToReplace_Passing_ValidValue_Returns_ReplacedValue (aeiou,*,0,1,*eiou)" computerName="PC-SFERRARI" duration="00:00:00.0006279" startTime="2021-06-17T16:31:39.1295439+02:00" endTime="2021-06-17T16:31:39.1305120+02:00" testType="13cdc9d9-ddb5-4fa4-a97d-d965ccfc6d4b" outcome="Passed" testListId="8c84fa94-04c1-424b-9868-57a2d4851a1d" relativeResultsDirectory="271d34ac-b08f-4a71-b351-ec0e9247111c" dataRowInfo="1" resultType="DataDrivenDataRow" />
        <UnitTestResult executionId="54009ed7-bed8-4e1d-a3d2-b906d180b336" parentExecutionId="f49cce20-692d-4d43-bcdf-f17788b85784" testId="04084e8e-c859-4ef5-e2a7-4fb2803cb2a3" testName="ToReplace_Passing_ValidValue_Returns_ReplacedValue (aeiou,*,0,2,**iou)" computerName="PC-SFERRARI" duration="00:00:00.0000083" startTime="2021-06-17T16:31:39.1295439+02:00" endTime="2021-06-17T16:31:39.1305120+02:00" testType="13cdc9d9-ddb5-4fa4-a97d-d965ccfc6d4b" outcome="Passed" testListId="8c84fa94-04c1-424b-9868-57a2d4851a1d" relativeResultsDirectory="54009ed7-bed8-4e1d-a3d2-b906d180b336" dataRowInfo="2" resultType="DataDrivenDataRow" />
        <UnitTestResult executionId="14f69a13-0020-49d8-8a27-b34b8d9182f1" parentExecutionId="f49cce20-692d-4d43-bcdf-f17788b85784" testId="04084e8e-c859-4ef5-e2a7-4fb2803cb2a3" testName="ToReplace_Passing_ValidValue_Returns_ReplacedValue (aeiou,*,0,3,***ou)" computerName="PC-SFERRARI" duration="00:00:00.0000046" startTime="2021-06-17T16:31:39.1295439+02:00" endTime="2021-06-17T16:31:39.1305120+02:00" testType="13cdc9d9-ddb5-4fa4-a97d-d965ccfc6d4b" outcome="Passed" testListId="8c84fa94-04c1-424b-9868-57a2d4851a1d" relativeResultsDirectory="14f69a13-0020-49d8-8a27-b34b8d9182f1" dataRowInfo="3" resultType="DataDrivenDataRow" />
        <UnitTestResult executionId="6b10aadc-c79e-4e8b-9c3d-af3d56e1e83a" parentExecutionId="f49cce20-692d-4d43-bcdf-f17788b85784" testId="04084e8e-c859-4ef5-e2a7-4fb2803cb2a3" testName="ToReplace_Passing_ValidValue_Returns_ReplacedValue (aeiou,*,0,4,****u)" computerName="PC-SFERRARI" duration="00:00:00.0000041" startTime="2021-06-17T16:31:39.1295439+02:00" endTime="2021-06-17T16:31:39.1305120+02:00" testType="13cdc9d9-ddb5-4fa4-a97d-d965ccfc6d4b" outcome="Passed" testListId="8c84fa94-04c1-424b-9868-57a2d4851a1d" relativeResultsDirectory="6b10aadc-c79e-4e8b-9c3d-af3d56e1e83a" dataRowInfo="4" resultType="DataDrivenDataRow" />
        <UnitTestResult executionId="21d564fd-7a87-4e4f-b689-a3725f7abfdd" parentExecutionId="f49cce20-692d-4d43-bcdf-f17788b85784" testId="04084e8e-c859-4ef5-e2a7-4fb2803cb2a3" testName="ToReplace_Passing_ValidValue_Returns_ReplacedValue (aeiou,*,0,5,*****)" computerName="PC-SFERRARI" duration="00:00:00.0000039" startTime="2021-06-17T16:31:39.1295439+02:00" endTime="2021-06-17T16:31:39.1305120+02:00" testType="13cdc9d9-ddb5-4fa4-a97d-d965ccfc6d4b" outcome="Passed" testListId="8c84fa94-04c1-424b-9868-57a2d4851a1d" relativeResultsDirectory="21d564fd-7a87-4e4f-b689-a3725f7abfdd" dataRowInfo="5" resultType="DataDrivenDataRow" />
        <UnitTestResult executionId="505ad2b1-4f66-48fb-9985-2cbea95bb1a5" parentExecutionId="f49cce20-692d-4d43-bcdf-f17788b85784" testId="04084e8e-c859-4ef5-e2a7-4fb2803cb2a3" testName="ToReplace_Passing_ValidValue_Returns_ReplacedValue (aeiou,*,2,1,ae*ou)" computerName="PC-SFERRARI" duration="00:00:00.0000036" startTime="2021-06-17T16:31:39.1295439+02:00" endTime="2021-06-17T16:31:39.1305120+02:00" testType="13cdc9d9-ddb5-4fa4-a97d-d965ccfc6d4b" outcome="Passed" testListId="8c84fa94-04c1-424b-9868-57a2d4851a1d" relativeResultsDirectory="505ad2b1-4f66-48fb-9985-2cbea95bb1a5" dataRowInfo="6" resultType="DataDrivenDataRow" />
        <UnitTestResult executionId="618585aa-9219-42b0-8d89-26b434ed3f53" parentExecutionId="f49cce20-692d-4d43-bcdf-f17788b85784" testId="04084e8e-c859-4ef5-e2a7-4fb2803cb2a3" testName="ToReplace_Passing_ValidValue_Returns_ReplacedValue (aeiou,*,2,2,ae**u)" computerName="PC-SFERRARI" duration="00:00:00.0000045" startTime="2021-06-17T16:31:39.1295439+02:00" endTime="2021-06-17T16:31:39.1305120+02:00" testType="13cdc9d9-ddb5-4fa4-a97d-d965ccfc6d4b" outcome="Passed" testListId="8c84fa94-04c1-424b-9868-57a2d4851a1d" relativeResultsDirectory="618585aa-9219-42b0-8d89-26b434ed3f53" dataRowInfo="7" resultType="DataDrivenDataRow" />
      </InnerResults>
    </UnitTestResult>
    <UnitTestResult executionId="f4dad99e-466b-404f-9185-d031e6cc44ce" testId="678a7b5d-e2f9-09be-f35f-0e3e4d5ad033" testName="ToDeserialize_Passing_String_Returns_Object" computerName="PC-SFERRARI" duration="00:00:00.0038582" startTime="2021-06-17T16:31:38.8602331+02:00" endTime="2021-06-17T16:31:38.8645017+02:00" testType="13cdc9d9-ddb5-4fa4-a97d-d965ccfc6d4b" outcome="Passed" testListId="8c84fa94-04c1-424b-9868-57a2d4851a1d" relativeResultsDirectory="f4dad99e-466b-404f-9185-d031e6cc44ce" />
    <UnitTestResult executionId="3c09d0ea-e6eb-4f78-baca-171162137bf9" testId="c8fd6d3c-b723-929b-f175-dbdc2a7be855" testName="ToIsWeekend_Passing_Sunday_DateTime_Returns_True" computerName="PC-SFERRARI" duration="00:00:00.0001163" startTime="2021-06-17T16:31:38.5336683+02:00" endTime="2021-06-17T16:31:38.5338400+02:00" testType="13cdc9d9-ddb5-4fa4-a97d-d965ccfc6d4b" outcome="Passed" testListId="8c84fa94-04c1-424b-9868-57a2d4851a1d" relativeResultsDirectory="3c09d0ea-e6eb-4f78-baca-171162137bf9" />
    <UnitTestResult executionId="63cbca43-0640-4644-ae2b-97c829dd039a" testId="a95f665c-aa8d-208d-902c-60a464250c99" testName="ToDefaultValue_Passing_ValidBoolean_Returns_DefaultValue" computerName="PC-SFERRARI" duration="00:00:00.0003369" startTime="2021-06-17T16:31:39.2619211+02:00" endTime="2021-06-17T16:31:39.2625433+02:00" testType="13cdc9d9-ddb5-4fa4-a97d-d965ccfc6d4b" outcome="Passed" testListId="8c84fa94-04c1-424b-9868-57a2d4851a1d" relativeResultsDirectory="63cbca43-0640-4644-ae2b-97c829dd039a" />
    <UnitTestResult executionId="fd7a1e22-3362-404a-99e6-bcc0fcf1171a" testId="7dc20d31-477c-3765-83c0-7575a504da96" testName="ToNormalize_Passing_ValidValue_Returns_NormalizedValue" computerName="PC-SFERRARI" duration="00:00:00.0141170" startTime="2021-06-17T16:31:39.0846946+02:00" endTime="2021-06-17T16:31:39.0989227+02:00" testType="13cdc9d9-ddb5-4fa4-a97d-d965ccfc6d4b" outcome="Passed" testListId="8c84fa94-04c1-424b-9868-57a2d4851a1d" relativeResultsDirectory="fd7a1e22-3362-404a-99e6-bcc0fcf1171a" resultType="DataDrivenTest">
      <InnerResults>
        <UnitTestResult executionId="c398f102-a131-4a01-bb64-a92766deb153" parentExecutionId="fd7a1e22-3362-404a-99e6-bcc0fcf1171a" testId="7dc20d31-477c-3765-83c0-7575a504da96" testName="ToNormalize_Passing_ValidValue_Returns_NormalizedValue ( ,)" computerName="PC-SFERRARI" duration="00:00:00.0023241" startTime="2021-06-17T16:31:39.0846946+02:00" endTime="2021-06-17T16:31:39.0989227+02:00" testType="13cdc9d9-ddb5-4fa4-a97d-d965ccfc6d4b" outcome="Passed" testListId="8c84fa94-04c1-424b-9868-57a2d4851a1d" relativeResultsDirectory="c398f102-a131-4a01-bb64-a92766deb153" dataRowInfo="1" resultType="DataDrivenDataRow" />
        <UnitTestResult executionId="1d34592c-cd82-491e-a73e-b9cefcb973a2" parentExecutionId="fd7a1e22-3362-404a-99e6-bcc0fcf1171a" testId="7dc20d31-477c-3765-83c0-7575a504da96" testName="ToNormalize_Passing_ValidValue_Returns_NormalizedValue (àáäâãøçħ,aaaaaoch)" computerName="PC-SFERRARI" duration="00:00:00.0107694" startTime="2021-06-17T16:31:39.0846946+02:00" endTime="2021-06-17T16:31:39.0989227+02:00" testType="13cdc9d9-ddb5-4fa4-a97d-d965ccfc6d4b" outcome="Passed" testListId="8c84fa94-04c1-424b-9868-57a2d4851a1d" relativeResultsDirectory="1d34592c-cd82-491e-a73e-b9cefcb973a2" dataRowInfo="2" resultType="DataDrivenDataRow" />
        <UnitTestResult executionId="9c6dd9b4-4eb9-4272-a711-a62690329fcb" parentExecutionId="fd7a1e22-3362-404a-99e6-bcc0fcf1171a" testId="7dc20d31-477c-3765-83c0-7575a504da96" testName="ToNormalize_Passing_ValidValue_Returns_NormalizedValue ( àáäâ ãøçħ ,aaaa aoch)" computerName="PC-SFERRARI" duration="00:00:00.0001099" startTime="2021-06-17T16:31:39.0846946+02:00" endTime="2021-06-17T16:31:39.0989227+02:00" testType="13cdc9d9-ddb5-4fa4-a97d-d965ccfc6d4b" outcome="Passed" testListId="8c84fa94-04c1-424b-9868-57a2d4851a1d" relativeResultsDirectory="9c6dd9b4-4eb9-4272-a711-a62690329fcb" dataRowInfo="3" resultType="DataDrivenDataRow" />
        <UnitTestResult executionId="ad4c0f70-cd96-4e82-ba64-67b7ea95de45" parentExecutionId="fd7a1e22-3362-404a-99e6-bcc0fcf1171a" testId="7dc20d31-477c-3765-83c0-7575a504da96" testName="ToNormalize_Passing_ValidValue_Returns_NormalizedValue (*¨^_:-?¿;,)" computerName="PC-SFERRARI" duration="00:00:00.0000651" startTime="2021-06-17T16:31:39.0846946+02:00" endTime="2021-06-17T16:31:39.0989227+02:00" testType="13cdc9d9-ddb5-4fa4-a97d-d965ccfc6d4b" outcome="Passed" testListId="8c84fa94-04c1-424b-9868-57a2d4851a1d" relativeResultsDirectory="ad4c0f70-cd96-4e82-ba64-67b7ea95de45" dataRowInfo="4" resultType="DataDrivenDataRow" />
        <UnitTestResult executionId="53b0e8a2-6827-46a3-b1b5-b9b5206391e5" parentExecutionId="fd7a1e22-3362-404a-99e6-bcc0fcf1171a" testId="7dc20d31-477c-3765-83c0-7575a504da96" testName="ToNormalize_Passing_ValidValue_Returns_NormalizedValue ( * ¨ ^ _ : - ? ¿ ; ,)" computerName="PC-SFERRARI" duration="00:00:00.0000408" startTime="2021-06-17T16:31:39.0846946+02:00" endTime="2021-06-17T16:31:39.0989227+02:00" testType="13cdc9d9-ddb5-4fa4-a97d-d965ccfc6d4b" outcome="Passed" testListId="8c84fa94-04c1-424b-9868-57a2d4851a1d" relativeResultsDirectory="53b0e8a2-6827-46a3-b1b5-b9b5206391e5" dataRowInfo="5" resultType="DataDrivenDataRow" />
        <UnitTestResult executionId="a66de228-275b-42ef-917e-009bc9c0c7b7" parentExecutionId="fd7a1e22-3362-404a-99e6-bcc0fcf1171a" testId="7dc20d31-477c-3765-83c0-7575a504da96" testName="ToNormalize_Passing_ValidValue_Returns_NormalizedValue (àáäâã,aaaaa)" computerName="PC-SFERRARI" duration="00:00:00.0000280" startTime="2021-06-17T16:31:39.0846946+02:00" endTime="2021-06-17T16:31:39.0989227+02:00" testType="13cdc9d9-ddb5-4fa4-a97d-d965ccfc6d4b" outcome="Passed" testListId="8c84fa94-04c1-424b-9868-57a2d4851a1d" relativeResultsDirectory="a66de228-275b-42ef-917e-009bc9c0c7b7" dataRowInfo="6" resultType="DataDrivenDataRow" />
        <UnitTestResult executionId="ad1361d0-e7e6-402b-a558-7dea6c67df59" parentExecutionId="fd7a1e22-3362-404a-99e6-bcc0fcf1171a" testId="7dc20d31-477c-3765-83c0-7575a504da96" testName="ToNormalize_Passing_ValidValue_Returns_NormalizedValue (ÀÁÄÂÃ,AAAAA)" computerName="PC-SFERRARI" duration="00:00:00.0000357" startTime="2021-06-17T16:31:39.0846946+02:00" endTime="2021-06-17T16:31:39.0989227+02:00" testType="13cdc9d9-ddb5-4fa4-a97d-d965ccfc6d4b" outcome="Passed" testListId="8c84fa94-04c1-424b-9868-57a2d4851a1d" relativeResultsDirectory="ad1361d0-e7e6-402b-a558-7dea6c67df59" dataRowInfo="7" resultType="DataDrivenDataRow" />
        <UnitTestResult executionId="2a48c572-8e65-4a86-9084-d5835d7f9703" parentExecutionId="fd7a1e22-3362-404a-99e6-bcc0fcf1171a" testId="7dc20d31-477c-3765-83c0-7575a504da96" testName="ToNormalize_Passing_ValidValue_Returns_NormalizedValue (ç,c)" computerName="PC-SFERRARI" duration="00:00:00.0000384" startTime="2021-06-17T16:31:39.0846946+02:00" endTime="2021-06-17T16:31:39.0989227+02:00" testType="13cdc9d9-ddb5-4fa4-a97d-d965ccfc6d4b" outcome="Passed" testListId="8c84fa94-04c1-424b-9868-57a2d4851a1d" relativeResultsDirectory="2a48c572-8e65-4a86-9084-d5835d7f9703" dataRowInfo="8" resultType="DataDrivenDataRow" />
        <UnitTestResult executionId="88a6f29b-02f8-4620-a94c-6d37440c01a6" parentExecutionId="fd7a1e22-3362-404a-99e6-bcc0fcf1171a" testId="7dc20d31-477c-3765-83c0-7575a504da96" testName="ToNormalize_Passing_ValidValue_Returns_NormalizedValue (Ç,C)" computerName="PC-SFERRARI" duration="00:00:00.0000203" startTime="2021-06-17T16:31:39.0846946+02:00" endTime="2021-06-17T16:31:39.0989227+02:00" testType="13cdc9d9-ddb5-4fa4-a97d-d965ccfc6d4b" outcome="Passed" testListId="8c84fa94-04c1-424b-9868-57a2d4851a1d" relativeResultsDirectory="88a6f29b-02f8-4620-a94c-6d37440c01a6" dataRowInfo="9" resultType="DataDrivenDataRow" />
        <UnitTestResult executionId="92b3e0ef-c39f-47f5-93cb-fda2f01a5936" parentExecutionId="fd7a1e22-3362-404a-99e6-bcc0fcf1171a" testId="7dc20d31-477c-3765-83c0-7575a504da96" testName="ToNormalize_Passing_ValidValue_Returns_NormalizedValue (èéëê,eeee)" computerName="PC-SFERRARI" duration="00:00:00.0000173" startTime="2021-06-17T16:31:39.0846946+02:00" endTime="2021-06-17T16:31:39.0989227+02:00" testType="13cdc9d9-ddb5-4fa4-a97d-d965ccfc6d4b" outcome="Passed" testListId="8c84fa94-04c1-424b-9868-57a2d4851a1d" relativeResultsDirectory="92b3e0ef-c39f-47f5-93cb-fda2f01a5936" dataRowInfo="10" resultType="DataDrivenDataRow" />
        <UnitTestResult executionId="5abba857-44f2-4a6a-a5f0-5cb3fdd112fc" parentExecutionId="fd7a1e22-3362-404a-99e6-bcc0fcf1171a" testId="7dc20d31-477c-3765-83c0-7575a504da96" testName="ToNormalize_Passing_ValidValue_Returns_NormalizedValue (ÈÉËÊ,EEEE)" computerName="PC-SFERRARI" duration="00:00:00.0000165" startTime="2021-06-17T16:31:39.0846946+02:00" endTime="2021-06-17T16:31:39.0989227+02:00" testType="13cdc9d9-ddb5-4fa4-a97d-d965ccfc6d4b" outcome="Passed" testListId="8c84fa94-04c1-424b-9868-57a2d4851a1d" relativeResultsDirectory="5abba857-44f2-4a6a-a5f0-5cb3fdd112fc" dataRowInfo="11" resultType="DataDrivenDataRow" />
        <UnitTestResult executionId="524a7e07-67ec-44ea-94e6-dd9b3b84f546" parentExecutionId="fd7a1e22-3362-404a-99e6-bcc0fcf1171a" testId="7dc20d31-477c-3765-83c0-7575a504da96" testName="ToNormalize_Passing_ValidValue_Returns_NormalizedValue (ìíïî,iiii)" computerName="PC-SFERRARI" duration="00:00:00.0000174" startTime="2021-06-17T16:31:39.0846946+02:00" endTime="2021-06-17T16:31:39.0989227+02:00" testType="13cdc9d9-ddb5-4fa4-a97d-d965ccfc6d4b" outcome="Passed" testListId="8c84fa94-04c1-424b-9868-57a2d4851a1d" relativeResultsDirectory="524a7e07-67ec-44ea-94e6-dd9b3b84f546" dataRowInfo="12" resultType="DataDrivenDataRow" />
        <UnitTestResult executionId="581d2025-d3f7-46b2-90ec-2cb7fd7d19d4" parentExecutionId="fd7a1e22-3362-404a-99e6-bcc0fcf1171a" testId="7dc20d31-477c-3765-83c0-7575a504da96" testName="ToNormalize_Passing_ValidValue_Returns_NormalizedValue (Malmö,Malmo)" computerName="PC-SFERRARI" duration="00:00:00.0000165" startTime="2021-06-17T16:31:39.0846946+02:00" endTime="2021-06-17T16:31:39.0989227+02:00" testType="13cdc9d9-ddb5-4fa4-a97d-d965ccfc6d4b" outcome="Passed" testListId="8c84fa94-04c1-424b-9868-57a2d4851a1d" relativeResultsDirectory="581d2025-d3f7-46b2-90ec-2cb7fd7d19d4" dataRowInfo="13" resultType="DataDrivenDataRow" />
        <UnitTestResult executionId="40b8dfc8-0411-4e8e-8866-09e84aed5acd" parentExecutionId="fd7a1e22-3362-404a-99e6-bcc0fcf1171a" testId="7dc20d31-477c-3765-83c0-7575a504da96" testName="ToNormalize_Passing_ValidValue_Returns_NormalizedValue (Münçhen,Munchen)" computerName="PC-SFERRARI" duration="00:00:00.0000260" startTime="2021-06-17T16:31:39.0846946+02:00" endTime="2021-06-17T16:31:39.0989227+02:00" testType="13cdc9d9-ddb5-4fa4-a97d-d965ccfc6d4b" outcome="Passed" testListId="8c84fa94-04c1-424b-9868-57a2d4851a1d" relativeResultsDirectory="40b8dfc8-0411-4e8e-8866-09e84aed5acd" dataRowInfo="14" resultType="DataDrivenDataRow" />
        <UnitTestResult executionId="a44f8b9a-0feb-4996-8c80-42ea7d182044" parentExecutionId="fd7a1e22-3362-404a-99e6-bcc0fcf1171a" testId="7dc20d31-477c-3765-83c0-7575a504da96" testName="ToNormalize_Passing_ValidValue_Returns_NormalizedValue (Åge,Age)" computerName="PC-SFERRARI" duration="00:00:00.0000159" startTime="2021-06-17T16:31:39.0846946+02:00" endTime="2021-06-17T16:31:39.0989227+02:00" testType="13cdc9d9-ddb5-4fa4-a97d-d965ccfc6d4b" outcome="Passed" testListId="8c84fa94-04c1-424b-9868-57a2d4851a1d" relativeResultsDirectory="a44f8b9a-0feb-4996-8c80-42ea7d182044" dataRowInfo="15" resultType="DataDrivenDataRow" />
        <UnitTestResult executionId="551c94af-3845-493e-b690-a0396f3250a4" parentExecutionId="fd7a1e22-3362-404a-99e6-bcc0fcf1171a" testId="7dc20d31-477c-3765-83c0-7575a504da96" testName="ToNormalize_Passing_ValidValue_Returns_NormalizedValue (Strømsgodset,Stromsgodset)" computerName="PC-SFERRARI" duration="00:00:00.0000158" startTime="2021-06-17T16:31:39.0846946+02:00" endTime="2021-06-17T16:31:39.0989227+02:00" testType="13cdc9d9-ddb5-4fa4-a97d-d965ccfc6d4b" outcome="Passed" testListId="8c84fa94-04c1-424b-9868-57a2d4851a1d" relativeResultsDirectory="551c94af-3845-493e-b690-a0396f3250a4" dataRowInfo="16" resultType="DataDrivenDataRow" />
        <UnitTestResult executionId="edffcf02-c9a6-4d87-a9b8-4659bfbb6b04" parentExecutionId="fd7a1e22-3362-404a-99e6-bcc0fcf1171a" testId="7dc20d31-477c-3765-83c0-7575a504da96" testName="ToNormalize_Passing_ValidValue_Returns_NormalizedValue (Kulħadd,Kulhadd)" computerName="PC-SFERRARI" duration="00:00:00.0000162" startTime="2021-06-17T16:31:39.0846946+02:00" endTime="2021-06-17T16:31:39.0989227+02:00" testType="13cdc9d9-ddb5-4fa4-a97d-d965ccfc6d4b" outcome="Passed" testListId="8c84fa94-04c1-424b-9868-57a2d4851a1d" relativeResultsDirectory="edffcf02-c9a6-4d87-a9b8-4659bfbb6b04" dataRowInfo="17" resultType="DataDrivenDataRow" />
        <UnitTestResult executionId="23fe5629-1c90-4964-96bc-a0223cbe3e3a" parentExecutionId="fd7a1e22-3362-404a-99e6-bcc0fcf1171a" testId="7dc20d31-477c-3765-83c0-7575a504da96" testName="ToNormalize_Passing_ValidValue_Returns_NormalizedValue (héllo,hello)" computerName="PC-SFERRARI" duration="00:00:00.0000161" startTime="2021-06-17T16:31:39.0846946+02:00" endTime="2021-06-17T16:31:39.0989227+02:00" testType="13cdc9d9-ddb5-4fa4-a97d-d965ccfc6d4b" outcome="Passed" testListId="8c84fa94-04c1-424b-9868-57a2d4851a1d" relativeResultsDirectory="23fe5629-1c90-4964-96bc-a0223cbe3e3a" dataRowInfo="18" resultType="DataDrivenDataRow" />
        <UnitTestResult executionId="bd7cc3df-fff5-4c77-8d7d-3f84bcdb88dd" parentExecutionId="fd7a1e22-3362-404a-99e6-bcc0fcf1171a" testId="7dc20d31-477c-3765-83c0-7575a504da96" testName="ToNormalize_Passing_ValidValue_Returns_NormalizedValue (Autobús,Autobus)" computerName="PC-SFERRARI" duration="00:00:00.0000164" startTime="2021-06-17T16:31:39.0846946+02:00" endTime="2021-06-17T16:31:39.0989227+02:00" testType="13cdc9d9-ddb5-4fa4-a97d-d965ccfc6d4b" outcome="Passed" testListId="8c84fa94-04c1-424b-9868-57a2d4851a1d" relativeResultsDirectory="bd7cc3df-fff5-4c77-8d7d-3f84bcdb88dd" dataRowInfo="19" resultType="DataDrivenDataRow" />
        <UnitTestResult executionId="10a9d545-edb7-4ca3-954f-d261c2049562" parentExecutionId="fd7a1e22-3362-404a-99e6-bcc0fcf1171a" testId="7dc20d31-477c-3765-83c0-7575a504da96" testName="ToNormalize_Passing_ValidValue_Returns_NormalizedValue (i’ LL,i LL)" computerName="PC-SFERRARI" duration="00:00:00.0000190" startTime="2021-06-17T16:31:39.0846946+02:00" endTime="2021-06-17T16:31:39.0989227+02:00" testType="13cdc9d9-ddb5-4fa4-a97d-d965ccfc6d4b" outcome="Passed" testListId="8c84fa94-04c1-424b-9868-57a2d4851a1d" relativeResultsDirectory="10a9d545-edb7-4ca3-954f-d261c2049562" dataRowInfo="20" resultType="DataDrivenDataRow" />
        <UnitTestResult executionId="9f56a78a-da04-4fa0-93c6-79f4a71f92f8" parentExecutionId="fd7a1e22-3362-404a-99e6-bcc0fcf1171a" testId="7dc20d31-477c-3765-83c0-7575a504da96" testName="ToNormalize_Passing_ValidValue_Returns_NormalizedValue (Mañana,Manana)" computerName="PC-SFERRARI" duration="00:00:00.0000170" startTime="2021-06-17T16:31:39.0846946+02:00" endTime="2021-06-17T16:31:39.0989227+02:00" testType="13cdc9d9-ddb5-4fa4-a97d-d965ccfc6d4b" outcome="Passed" testListId="8c84fa94-04c1-424b-9868-57a2d4851a1d" relativeResultsDirectory="9f56a78a-da04-4fa0-93c6-79f4a71f92f8" dataRowInfo="21" resultType="DataDrivenDataRow" />
        <UnitTestResult executionId="3de61f4b-f96e-4450-a698-b49be79400e4" parentExecutionId="fd7a1e22-3362-404a-99e6-bcc0fcf1171a" testId="7dc20d31-477c-3765-83c0-7575a504da96" testName="ToNormalize_Passing_ValidValue_Returns_NormalizedValue (The End,The End)" computerName="PC-SFERRARI" duration="00:00:00.0000160" startTime="2021-06-17T16:31:39.0846946+02:00" endTime="2021-06-17T16:31:39.0989227+02:00" testType="13cdc9d9-ddb5-4fa4-a97d-d965ccfc6d4b" outcome="Passed" testListId="8c84fa94-04c1-424b-9868-57a2d4851a1d" relativeResultsDirectory="3de61f4b-f96e-4450-a698-b49be79400e4" dataRowInfo="22" resultType="DataDrivenDataRow" />
        <UnitTestResult executionId="8479cc48-1640-483b-9ed8-77a35840db0a" parentExecutionId="fd7a1e22-3362-404a-99e6-bcc0fcf1171a" testId="7dc20d31-477c-3765-83c0-7575a504da96" testName="ToNormalize_Passing_ValidValue_Returns_NormalizedValue (ñ Ñ,n N)" computerName="PC-SFERRARI" duration="00:00:00.0000157" startTime="2021-06-17T16:31:39.0846946+02:00" endTime="2021-06-17T16:31:39.0989227+02:00" testType="13cdc9d9-ddb5-4fa4-a97d-d965ccfc6d4b" outcome="Passed" testListId="8c84fa94-04c1-424b-9868-57a2d4851a1d" relativeResultsDirectory="8479cc48-1640-483b-9ed8-77a35840db0a" dataRowInfo="23" resultType="DataDrivenDataRow" />
      </InnerResults>
    </UnitTestResult>
    <UnitTestResult executionId="b1f007c1-5c89-49f9-8cbc-8879aa5cf7d6" testId="3e6d6aa9-9b6d-dd96-b54c-49f88780a2b4" testName="ToEmptyIfNull_Passing_Null_Collection_Returns_Empty_Collection" computerName="PC-SFERRARI" duration="00:00:00.0006182" startTime="2021-06-17T16:31:38.5552610+02:00" endTime="2021-06-17T16:31:38.5561993+02:00" testType="13cdc9d9-ddb5-4fa4-a97d-d965ccfc6d4b" outcome="Passed" testListId="8c84fa94-04c1-424b-9868-57a2d4851a1d" relativeResultsDirectory="b1f007c1-5c89-49f9-8cbc-8879aa5cf7d6" />
    <UnitTestResult executionId="9227522c-f9e5-4cce-b90e-223de9b7d940" testId="180814cc-22f9-91b2-cd9a-f54be7e1ba18" testName="IsEmail_Passing_InvalidArguments_Returns_HasErrorsAndCount" computerName="PC-SFERRARI" duration="00:00:00.0002738" startTime="2021-06-17T16:31:38.1136741+02:00" endTime="2021-06-17T16:31:38.1140956+02:00" testType="13cdc9d9-ddb5-4fa4-a97d-d965ccfc6d4b" outcome="Passed" testListId="8c84fa94-04c1-424b-9868-57a2d4851a1d" relativeResultsDirectory="9227522c-f9e5-4cce-b90e-223de9b7d940" />
    <UnitTestResult executionId="c98c64c5-3c61-48e8-b3d3-05efd5c5f842" testId="b871cd27-681f-8d07-6c2a-809341ba2909" testName="ToList_Passing_ValidEnumTypeWithSelectedValue_Returns_ValuesList" computerName="PC-SFERRARI" duration="00:00:00.0003290" startTime="2021-06-17T16:31:38.5766003+02:00" endTime="2021-06-17T16:31:38.5770030+02:00" testType="13cdc9d9-ddb5-4fa4-a97d-d965ccfc6d4b" outcome="Passed" testListId="8c84fa94-04c1-424b-9868-57a2d4851a1d" relativeResultsDirectory="c98c64c5-3c61-48e8-b3d3-05efd5c5f842" />
    <UnitTestResult executionId="98a93c04-7ce6-4728-80b7-c5098ac6e395" testId="b9a89fa2-355c-e886-bec5-28d3cf549be6" testName="IsUniqueChars_Passing_InvalidArguments_Returns_HasErrorsAndCount" computerName="PC-SFERRARI" duration="00:00:00.0037854" startTime="2021-06-17T16:31:38.1589584+02:00" endTime="2021-06-17T16:31:38.1628550+02:00" testType="13cdc9d9-ddb5-4fa4-a97d-d965ccfc6d4b" outcome="Passed" testListId="8c84fa94-04c1-424b-9868-57a2d4851a1d" relativeResultsDirectory="98a93c04-7ce6-4728-80b7-c5098ac6e395" />
    <UnitTestResult executionId="50c7d097-bd68-40c1-b2b8-6864949a20e1" testId="a4956cd8-34a7-6fca-5b71-6eb98cedd9b0" testName="ToEndOfTheMonth_Passing_DateTime_Returns_End_Of_Month_DateTime" computerName="PC-SFERRARI" duration="00:00:00.0006351" startTime="2021-06-17T16:31:38.5288406+02:00" endTime="2021-06-17T16:31:38.5295355+02:00" testType="13cdc9d9-ddb5-4fa4-a97d-d965ccfc6d4b" outcome="Passed" testListId="8c84fa94-04c1-424b-9868-57a2d4851a1d" relativeResultsDirectory="50c7d097-bd68-40c1-b2b8-6864949a20e1" />
    <UnitTestResult executionId="db2f1eb2-8b07-4b00-b16d-cd1b81ca6ddc" testId="5c861184-f295-e727-0fd4-d218f13da14d" testName="ToConfiguration_Passing_Empty_DirectoryPath_Returns_ApplicationException" computerName="PC-SFERRARI" duration="00:00:00.0059924" startTime="2021-06-17T16:31:38.3720891+02:00" endTime="2021-06-17T16:31:38.3783311+02:00" testType="13cdc9d9-ddb5-4fa4-a97d-d965ccfc6d4b" outcome="Passed" testListId="8c84fa94-04c1-424b-9868-57a2d4851a1d" relativeResultsDirectory="db2f1eb2-8b07-4b00-b16d-cd1b81ca6ddc" />
    <UnitTestResult executionId="8f3baf2c-7be8-49a7-b0f2-426196bec081" testId="7384e2f6-7a7f-d462-78fa-5bf7f49c326a" testName="ToIsAuthenticated_Passing_Claims_Returns_False" computerName="PC-SFERRARI" duration="00:00:00.0007530" startTime="2021-06-17T16:31:38.3632968+02:00" endTime="2021-06-17T16:31:38.3641473+02:00" testType="13cdc9d9-ddb5-4fa4-a97d-d965ccfc6d4b" outcome="Passed" testListId="8c84fa94-04c1-424b-9868-57a2d4851a1d" relativeResultsDirectory="8f3baf2c-7be8-49a7-b0f2-426196bec081" />
    <UnitTestResult executionId="f8cf91a3-a2cb-4a4b-973c-4710b9eb4556" testId="074815db-ddf2-9c1f-0fef-7f709183591e" testName="ToExists_Passing_Service_Not_Found_Returns_False" computerName="PC-SFERRARI" duration="00:00:00.0006278" startTime="2021-06-17T16:31:37.9799319+02:00" endTime="2021-06-17T16:31:37.9806868+02:00" testType="13cdc9d9-ddb5-4fa4-a97d-d965ccfc6d4b" outcome="Passed" testListId="8c84fa94-04c1-424b-9868-57a2d4851a1d" relativeResultsDirectory="f8cf91a3-a2cb-4a4b-973c-4710b9eb4556" />
    <UnitTestResult executionId="ca53ef25-e151-4951-b4fb-f9964292fffe" testId="432377b9-b0ad-9a2a-6dc2-e1069e73c449" testName="ToDefaultValue_Passing_bool_Returns_Cero" computerName="PC-SFERRARI" duration="00:00:00.0005519" startTime="2021-06-17T16:31:38.5899682+02:00" endTime="2021-06-17T16:31:38.5905863+02:00" testType="13cdc9d9-ddb5-4fa4-a97d-d965ccfc6d4b" outcome="Passed" testListId="8c84fa94-04c1-424b-9868-57a2d4851a1d" relativeResultsDirectory="ca53ef25-e151-4951-b4fb-f9964292fffe" resultType="DataDrivenTest">
      <InnerResults>
        <UnitTestResult executionId="5a8d10ed-4fde-48d1-82ac-bb1578e38c3e" parentExecutionId="ca53ef25-e151-4951-b4fb-f9964292fffe" testId="432377b9-b0ad-9a2a-6dc2-e1069e73c449" testName="ToDefaultValue_Passing_bool_Returns_Cero (True)" computerName="PC-SFERRARI" duration="00:00:00.0005042" startTime="2021-06-17T16:31:38.5899682+02:00" endTime="2021-06-17T16:31:38.5905863+02:00" testType="13cdc9d9-ddb5-4fa4-a97d-d965ccfc6d4b" outcome="Passed" testListId="8c84fa94-04c1-424b-9868-57a2d4851a1d" relativeResultsDirectory="5a8d10ed-4fde-48d1-82ac-bb1578e38c3e" dataRowInfo="1" resultType="DataDrivenDataRow" />
      </InnerResults>
    </UnitTestResult>
    <UnitTestResult executionId="bb54e487-20a8-4802-80e0-ca0240b0cf72" testId="c2d3c8df-32e7-92dc-91f8-057e8c4da6b9" testName="ToTomorrow_Passing_DateTime_Returns_Tomorrow_DateTime" computerName="PC-SFERRARI" duration="00:00:00.0003145" startTime="2021-06-17T16:31:38.5361696+02:00" endTime="2021-06-17T16:31:38.5366218+02:00" testType="13cdc9d9-ddb5-4fa4-a97d-d965ccfc6d4b" outcome="Passed" testListId="8c84fa94-04c1-424b-9868-57a2d4851a1d" relativeResultsDirectory="bb54e487-20a8-4802-80e0-ca0240b0cf72" />
    <UnitTestResult executionId="295d4f05-5c56-4b06-96fb-2f0dfe9ac8d2" testId="5ac755a3-81c6-56a5-464d-fd3393128598" testName="ResultBadRequest_WithErrors_KeyValue" computerName="PC-SFERRARI" duration="00:00:00.0032739" startTime="2021-06-17T16:31:38.8933371+02:00" endTime="2021-06-17T16:31:38.8967200+02:00" testType="13cdc9d9-ddb5-4fa4-a97d-d965ccfc6d4b" outcome="Passed" testListId="8c84fa94-04c1-424b-9868-57a2d4851a1d" relativeResultsDirectory="295d4f05-5c56-4b06-96fb-2f0dfe9ac8d2" />
    <UnitTestResult executionId="8f45d72e-bba6-4180-afba-8d25e6109e2e" testId="0cb5eb43-9273-0bdf-bd18-53b184535503" testName="ToMessage_Passing_ExceptionWithMessage_Returns_Message" computerName="PC-SFERRARI" duration="00:00:00.0002772" startTime="2021-06-17T16:31:38.5843761+02:00" endTime="2021-06-17T16:31:38.5847770+02:00" testType="13cdc9d9-ddb5-4fa4-a97d-d965ccfc6d4b" outcome="Passed" testListId="8c84fa94-04c1-424b-9868-57a2d4851a1d" relativeResultsDirectory="8f45d72e-bba6-4180-afba-8d25e6109e2e" />
    <UnitTestResult executionId="7ae3ce13-b112-48f6-9975-5690b8fd2477" testId="4184a91b-5297-4872-2a98-1ef97e124515" testName="ToGetAll_Passing_Claims_Returns_Claim_Value_String_List" computerName="PC-SFERRARI" duration="00:00:00.0015847" startTime="2021-06-17T16:31:38.3518105+02:00" endTime="2021-06-17T16:31:38.3535384+02:00" testType="13cdc9d9-ddb5-4fa4-a97d-d965ccfc6d4b" outcome="Passed" testListId="8c84fa94-04c1-424b-9868-57a2d4851a1d" relativeResultsDirectory="7ae3ce13-b112-48f6-9975-5690b8fd2477" />
    <UnitTestResult executionId="2c37bd1e-d292-46da-8c77-c06badfaad65" testId="fbb73316-6f70-059a-1197-08f09a1221d6" testName="ResultDataUnauthorized" computerName="PC-SFERRARI" duration="00:00:00.0012746" startTime="2021-06-17T16:31:38.9017938+02:00" endTime="2021-06-17T16:31:38.9033901+02:00" testType="13cdc9d9-ddb5-4fa4-a97d-d965ccfc6d4b" outcome="Passed" testListId="8c84fa94-04c1-424b-9868-57a2d4851a1d" relativeResultsDirectory="2c37bd1e-d292-46da-8c77-c06badfaad65" />
    <UnitTestResult executionId="32219bd7-a67f-483a-9712-589ff924ace9" testId="4234610b-215b-41f7-e61d-4a82851bdfa3" testName="ToDefaultValue_Passing_int_Returns_Cero" computerName="PC-SFERRARI" duration="00:00:00.0003753" startTime="2021-06-17T16:31:38.5972301+02:00" endTime="2021-06-17T16:31:38.5977085+02:00" testType="13cdc9d9-ddb5-4fa4-a97d-d965ccfc6d4b" outcome="Passed" testListId="8c84fa94-04c1-424b-9868-57a2d4851a1d" relativeResultsDirectory="32219bd7-a67f-483a-9712-589ff924ace9" resultType="DataDrivenTest">
      <InnerResults>
        <UnitTestResult executionId="c23948f5-5dda-4697-a779-49007f94b226" parentExecutionId="32219bd7-a67f-483a-9712-589ff924ace9" testId="4234610b-215b-41f7-e61d-4a82851bdfa3" testName="ToDefaultValue_Passing_int_Returns_Cero (2147483647)" computerName="PC-SFERRARI" duration="00:00:00.0003244" startTime="2021-06-17T16:31:38.5972301+02:00" endTime="2021-06-17T16:31:38.5977085+02:00" testType="13cdc9d9-ddb5-4fa4-a97d-d965ccfc6d4b" outcome="Passed" testListId="8c84fa94-04c1-424b-9868-57a2d4851a1d" relativeResultsDirectory="c23948f5-5dda-4697-a779-49007f94b226" dataRowInfo="1" resultType="DataDrivenDataRow" />
      </InnerResults>
    </UnitTestResult>
    <UnitTestResult executionId="e31f0d3c-1506-414a-8dab-492e71e259d2" testId="06b145c3-38af-bef9-3a11-59191b7a7e3e" testName="ResultBadRequest_WithErrors_Dictionary" computerName="PC-SFERRARI" duration="00:00:00.0044706" startTime="2021-06-17T16:31:38.8884546+02:00" endTime="2021-06-17T16:31:38.8932942+02:00" testType="13cdc9d9-ddb5-4fa4-a97d-d965ccfc6d4b" outcome="Passed" testListId="8c84fa94-04c1-424b-9868-57a2d4851a1d" relativeResultsDirectory="e31f0d3c-1506-414a-8dab-492e71e259d2" />
    <UnitTestResult executionId="6af24d1c-6bfc-4f76-adb9-1dc45aec840e" testId="d51ea295-e896-101a-6578-05ae772bcbfb" testName="ToIsSubdomainThrow_Passing_InvalidValue_Returns_ApplicationExceptionWithMessage" computerName="PC-SFERRARI" duration="00:00:00.0023794" startTime="2021-06-17T16:31:38.0783525+02:00" endTime="2021-06-17T16:31:38.0831828+02:00" testType="13cdc9d9-ddb5-4fa4-a97d-d965ccfc6d4b" outcome="Passed" testListId="8c84fa94-04c1-424b-9868-57a2d4851a1d" relativeResultsDirectory="6af24d1c-6bfc-4f76-adb9-1dc45aec840e" resultType="DataDrivenTest">
      <InnerResults>
        <UnitTestResult executionId="432faddd-42b4-4071-9cb3-db411cc64354" parentExecutionId="6af24d1c-6bfc-4f76-adb9-1dc45aec840e" testId="d51ea295-e896-101a-6578-05ae772bcbfb" testName="ToIsSubdomainThrow_Passing_InvalidValue_Returns_ApplicationExceptionWithMessage (dasdasd@dsasd.._ff)" computerName="PC-SFERRARI" duration="00:00:00.0020263" startTime="2021-06-17T16:31:38.0783525+02:00" endTime="2021-06-17T16:31:38.0831828+02:00" testType="13cdc9d9-ddb5-4fa4-a97d-d965ccfc6d4b" outcome="Passed" testListId="8c84fa94-04c1-424b-9868-57a2d4851a1d" relativeResultsDirectory="432faddd-42b4-4071-9cb3-db411cc64354" dataRowInfo="1" resultType="DataDrivenDataRow" />
        <UnitTestResult executionId="9f7764fb-6af5-4e20-ad8a-88a90d2b7d77" parentExecutionId="6af24d1c-6bfc-4f76-adb9-1dc45aec840e" testId="d51ea295-e896-101a-6578-05ae772bcbfb" testName="ToIsSubdomainThrow_Passing_InvalidValue_Returns_ApplicationExceptionWithMessage (34fsds@@sdd.f)" computerName="PC-SFERRARI" duration="00:00:00.0000600" startTime="2021-06-17T16:31:38.0783525+02:00" endTime="2021-06-17T16:31:38.0831828+02:00" testType="13cdc9d9-ddb5-4fa4-a97d-d965ccfc6d4b" outcome="Passed" testListId="8c84fa94-04c1-424b-9868-57a2d4851a1d" relativeResultsDirectory="9f7764fb-6af5-4e20-ad8a-88a90d2b7d77" dataRowInfo="2" resultType="DataDrivenDataRow" />
        <UnitTestResult executionId="d761edac-84e5-4372-b732-b1e80093effa" parentExecutionId="6af24d1c-6bfc-4f76-adb9-1dc45aec840e" testId="d51ea295-e896-101a-6578-05ae772bcbfb" testName="ToIsSubdomainThrow_Passing_InvalidValue_Returns_ApplicationExceptionWithMessage ()" computerName="PC-SFERRARI" duration="00:00:00.0000410" startTime="2021-06-17T16:31:38.0783525+02:00" endTime="2021-06-17T16:31:38.0831828+02:00" testType="13cdc9d9-ddb5-4fa4-a97d-d965ccfc6d4b" outcome="Passed" testListId="8c84fa94-04c1-424b-9868-57a2d4851a1d" relativeResultsDirectory="d761edac-84e5-4372-b732-b1e80093effa" dataRowInfo="3" resultType="DataDrivenDataRow" />
        <UnitTestResult executionId="d25a92a4-f95b-4e31-9161-badf1e14b466" parentExecutionId="6af24d1c-6bfc-4f76-adb9-1dc45aec840e" testId="d51ea295-e896-101a-6578-05ae772bcbfb" testName="ToIsSubdomainThrow_Passing_InvalidValue_Returns_ApplicationExceptionWithMessage ()" computerName="PC-SFERRARI" duration="00:00:00.0000352" startTime="2021-06-17T16:31:38.0783525+02:00" endTime="2021-06-17T16:31:38.0831828+02:00" testType="13cdc9d9-ddb5-4fa4-a97d-d965ccfc6d4b" outcome="Passed" testListId="8c84fa94-04c1-424b-9868-57a2d4851a1d" relativeResultsDirectory="d25a92a4-f95b-4e31-9161-badf1e14b466" dataRowInfo="4" resultType="DataDrivenDataRow" />
        <UnitTestResult executionId="12a23530-4131-4334-88f4-ff6fe7b0b950" parentExecutionId="6af24d1c-6bfc-4f76-adb9-1dc45aec840e" testId="d51ea295-e896-101a-6578-05ae772bcbfb" testName="ToIsSubdomainThrow_Passing_InvalidValue_Returns_ApplicationExceptionWithMessage (34?fsds@sdd.yy)" computerName="PC-SFERRARI" duration="00:00:00.0000391" startTime="2021-06-17T16:31:38.0783525+02:00" endTime="2021-06-17T16:31:38.0831828+02:00" testType="13cdc9d9-ddb5-4fa4-a97d-d965ccfc6d4b" outcome="Passed" testListId="8c84fa94-04c1-424b-9868-57a2d4851a1d" relativeResultsDirectory="12a23530-4131-4334-88f4-ff6fe7b0b950" dataRowInfo="5" resultType="DataDrivenDataRow" />
      </InnerResults>
    </UnitTestResult>
    <UnitTestResult executionId="48048ba2-5d9c-44e3-81d6-8a767fbdba48" testId="87c5dbd3-fd2a-1e49-42e5-8dc78affc8d6" testName="ToSerialize_Passing_Objects_Returns_String_Values" computerName="PC-SFERRARI" duration="00:00:00.0017273" startTime="2021-06-17T16:31:38.8645675+02:00" endTime="2021-06-17T16:31:38.8664183+02:00" testType="13cdc9d9-ddb5-4fa4-a97d-d965ccfc6d4b" outcome="Passed" testListId="8c84fa94-04c1-424b-9868-57a2d4851a1d" relativeResultsDirectory="48048ba2-5d9c-44e3-81d6-8a767fbdba48" />
    <UnitTestResult executionId="67d4d79a-a08d-4523-9cbe-07cffe0d0413" testId="73904cd7-b09d-89fc-efca-330cb9d1d1b7" testName="ToConfiguration_Passing_Invalid_DirectoryPath_Returns_ApplicationException" computerName="PC-SFERRARI" duration="00:00:00.0006565" startTime="2021-06-17T16:31:38.3783800+02:00" endTime="2021-06-17T16:31:38.3791348+02:00" testType="13cdc9d9-ddb5-4fa4-a97d-d965ccfc6d4b" outcome="Passed" testListId="8c84fa94-04c1-424b-9868-57a2d4851a1d" relativeResultsDirectory="67d4d79a-a08d-4523-9cbe-07cffe0d0413" />
    <UnitTestResult executionId="2be22554-e6b8-4139-92a9-87143e547473" testId="aaa46586-7b83-9a88-e835-ae92592f98a3" testName="ToList_Passing_ValidEnumTypeWithResourceType_Returns_ValuesList" computerName="PC-SFERRARI" duration="00:00:00.0068762" startTime="2021-06-17T16:31:38.5686512+02:00" endTime="2021-06-17T16:31:38.5756349+02:00" testType="13cdc9d9-ddb5-4fa4-a97d-d965ccfc6d4b" outcome="Passed" testListId="8c84fa94-04c1-424b-9868-57a2d4851a1d" relativeResultsDirectory="2be22554-e6b8-4139-92a9-87143e547473" />
    <UnitTestResult executionId="97c3f8a2-4c6d-4651-9a89-44ab5c532c3c" testId="ee30e1f9-ce80-c70a-1b56-b7e02750ae26" testName="IsDirectory_Passing_InvalidArguments_Returns_HasErrorsAndCount" computerName="PC-SFERRARI" duration="00:00:00.0003214" startTime="2021-06-17T16:31:38.1030870+02:00" endTime="2021-06-17T16:31:38.1035092+02:00" testType="13cdc9d9-ddb5-4fa4-a97d-d965ccfc6d4b" outcome="Passed" testListId="8c84fa94-04c1-424b-9868-57a2d4851a1d" relativeResultsDirectory="97c3f8a2-4c6d-4651-9a89-44ab5c532c3c" />
    <UnitTestResult executionId="36355693-6182-4c42-b879-43b2eb70fe56" testId="f2d267b8-d5a7-6c91-de6d-813182908c7f" testName="IsDigit_Passing_InvalidArguments_Returns_HasErrorsAndCount" computerName="PC-SFERRARI" duration="00:00:00.0017526" startTime="2021-06-17T16:31:38.1006845+02:00" endTime="2021-06-17T16:31:38.1026090+02:00" testType="13cdc9d9-ddb5-4fa4-a97d-d965ccfc6d4b" outcome="Passed" testListId="8c84fa94-04c1-424b-9868-57a2d4851a1d" relativeResultsDirectory="36355693-6182-4c42-b879-43b2eb70fe56" />
    <UnitTestResult executionId="1521bd74-4da6-46a9-9a99-213ee5429541" testId="2aceb911-de9d-b2eb-c8db-f6b3f880216f" testName="ToService_Passing_Valid_Service_Returns_Service" computerName="PC-SFERRARI" duration="00:00:00.0015766" startTime="2021-06-17T16:31:37.9829356+02:00" endTime="2021-06-17T16:31:37.9846106+02:00" testType="13cdc9d9-ddb5-4fa4-a97d-d965ccfc6d4b" outcome="Passed" testListId="8c84fa94-04c1-424b-9868-57a2d4851a1d" relativeResultsDirectory="1521bd74-4da6-46a9-9a99-213ee5429541" />
    <UnitTestResult executionId="1c8d780c-5559-49f5-889d-afb37771ce8e" testId="29112d2a-2e73-305d-ec50-12fc95c28627" testName="ToReplaceSpecialChars_Passing_ValidValue_Returns_ReplacedValueWithoutIgnoreSpecialChars" computerName="PC-SFERRARI" duration="00:00:00.0005958" startTime="2021-06-17T16:31:39.1287708+02:00" endTime="2021-06-17T16:31:39.1294995+02:00" testType="13cdc9d9-ddb5-4fa4-a97d-d965ccfc6d4b" outcome="Passed" testListId="8c84fa94-04c1-424b-9868-57a2d4851a1d" relativeResultsDirectory="1c8d780c-5559-49f5-889d-afb37771ce8e" resultType="DataDrivenTest">
      <InnerResults>
        <UnitTestResult executionId="59b06e5b-624b-463a-badc-f8c644e64dde" parentExecutionId="1c8d780c-5559-49f5-889d-afb37771ce8e" testId="29112d2a-2e73-305d-ec50-12fc95c28627" testName="ToReplaceSpecialChars_Passing_ValidValue_Returns_ReplacedValueWithoutIgnoreSpecialChars (àáäâãøçħ,aaaaaoch)" computerName="PC-SFERRARI" duration="00:00:00.0002428" startTime="2021-06-17T16:31:39.1287708+02:00" endTime="2021-06-17T16:31:39.1294995+02:00" testType="13cdc9d9-ddb5-4fa4-a97d-d965ccfc6d4b" outcome="Passed" testListId="8c84fa94-04c1-424b-9868-57a2d4851a1d" relativeResultsDirectory="59b06e5b-624b-463a-badc-f8c644e64dde" dataRowInfo="1" resultType="DataDrivenDataRow" />
        <UnitTestResult executionId="7a8ce8ed-5bc3-4f5f-8a72-9f5f7f54109a" parentExecutionId="1c8d780c-5559-49f5-889d-afb37771ce8e" testId="29112d2a-2e73-305d-ec50-12fc95c28627" testName="ToReplaceSpecialChars_Passing_ValidValue_Returns_ReplacedValueWithoutIgnoreSpecialChars ( àáäâ ãøçħ , aaaa aoch )" computerName="PC-SFERRARI" duration="00:00:00.0000234" startTime="2021-06-17T16:31:39.1287708+02:00" endTime="2021-06-17T16:31:39.1294995+02:00" testType="13cdc9d9-ddb5-4fa4-a97d-d965ccfc6d4b" outcome="Passed" testListId="8c84fa94-04c1-424b-9868-57a2d4851a1d" relativeResultsDirectory="7a8ce8ed-5bc3-4f5f-8a72-9f5f7f54109a" dataRowInfo="2" resultType="DataDrivenDataRow" />
        <UnitTestResult executionId="a2d00e7d-70cb-4b8a-80d3-c234cbf5d014" parentExecutionId="1c8d780c-5559-49f5-889d-afb37771ce8e" testId="29112d2a-2e73-305d-ec50-12fc95c28627" testName="ToReplaceSpecialChars_Passing_ValidValue_Returns_ReplacedValueWithoutIgnoreSpecialChars (*¨^_:-?¿;,)" computerName="PC-SFERRARI" duration="00:00:00.0000338" startTime="2021-06-17T16:31:39.1287708+02:00" endTime="2021-06-17T16:31:39.1294995+02:00" testType="13cdc9d9-ddb5-4fa4-a97d-d965ccfc6d4b" outcome="Passed" testListId="8c84fa94-04c1-424b-9868-57a2d4851a1d" relativeResultsDirectory="a2d00e7d-70cb-4b8a-80d3-c234cbf5d014" dataRowInfo="3" resultType="DataDrivenDataRow" />
        <UnitTestResult executionId="e8cade2c-9f2e-4e20-86e1-915cd1ec4eb5" parentExecutionId="1c8d780c-5559-49f5-889d-afb37771ce8e" testId="29112d2a-2e73-305d-ec50-12fc95c28627" testName="ToReplaceSpecialChars_Passing_ValidValue_Returns_ReplacedValueWithoutIgnoreSpecialChars ( * ¨ ^ _ : - ? ¿ ; ,          )" computerName="PC-SFERRARI" duration="00:00:00.0000258" startTime="2021-06-17T16:31:39.1287708+02:00" endTime="2021-06-17T16:31:39.1294995+02:00" testType="13cdc9d9-ddb5-4fa4-a97d-d965ccfc6d4b" outcome="Passed" testListId="8c84fa94-04c1-424b-9868-57a2d4851a1d" relativeResultsDirectory="e8cade2c-9f2e-4e20-86e1-915cd1ec4eb5" dataRowInfo="4" resultType="DataDrivenDataRow" />
        <UnitTestResult executionId="6b043c7b-c6a2-4f2c-8aaf-6c3b70ebffa2" parentExecutionId="1c8d780c-5559-49f5-889d-afb37771ce8e" testId="29112d2a-2e73-305d-ec50-12fc95c28627" testName="ToReplaceSpecialChars_Passing_ValidValue_Returns_ReplacedValueWithoutIgnoreSpecialChars (*¨^_:-?¿;,?¿,?¿)" computerName="PC-SFERRARI" duration="00:00:00.0000240" startTime="2021-06-17T16:31:39.1287708+02:00" endTime="2021-06-17T16:31:39.1294995+02:00" testType="13cdc9d9-ddb5-4fa4-a97d-d965ccfc6d4b" outcome="Passed" testListId="8c84fa94-04c1-424b-9868-57a2d4851a1d" relativeResultsDirectory="6b043c7b-c6a2-4f2c-8aaf-6c3b70ebffa2" dataRowInfo="5" resultType="DataDrivenDataRow" />
      </InnerResults>
    </UnitTestResult>
    <UnitTestResult executionId="93647c94-581e-4262-9415-e618984113fd" testId="64bc1554-814c-3c40-a6b0-679b40b89c36" testName="ToExists_Passing_Valid_Service_Returns_True" computerName="PC-SFERRARI" duration="00:00:00.0006175" startTime="2021-06-17T16:31:37.9807321+02:00" endTime="2021-06-17T16:31:37.9814731+02:00" testType="13cdc9d9-ddb5-4fa4-a97d-d965ccfc6d4b" outcome="Passed" testListId="8c84fa94-04c1-424b-9868-57a2d4851a1d" relativeResultsDirectory="93647c94-581e-4262-9415-e618984113fd" />
    <UnitTestResult executionId="833fb637-3ff3-4104-9ce1-5e8fd78da658" testId="2e87c537-4979-f58b-6e83-f3d4ee161ff1" testName="ToGetAll_Passing_Claims_Returns_Claim_Value_Object_List" computerName="PC-SFERRARI" duration="00:00:00.0547727" startTime="2021-06-17T16:31:38.2968154+02:00" endTime="2021-06-17T16:31:38.3517564+02:00" testType="13cdc9d9-ddb5-4fa4-a97d-d965ccfc6d4b" outcome="Passed" testListId="8c84fa94-04c1-424b-9868-57a2d4851a1d" relativeResultsDirectory="833fb637-3ff3-4104-9ce1-5e8fd78da658" />
    <UnitTestResult executionId="57887b37-fdeb-4992-a7e4-7ec224709a6b" testId="845c887e-a785-555d-db89-1c2975a33bbb" testName="ToServiceMatchingInterface_Passing_Valid_Assembly_Returns_Service" computerName="PC-SFERRARI" duration="00:00:00.0310921" startTime="2021-06-17T16:31:38.4314829+02:00" endTime="2021-06-17T16:31:38.4628009+02:00" testType="13cdc9d9-ddb5-4fa4-a97d-d965ccfc6d4b" outcome="Passed" testListId="8c84fa94-04c1-424b-9868-57a2d4851a1d" relativeResultsDirectory="57887b37-fdeb-4992-a7e4-7ec224709a6b" />
    <UnitTestResult executionId="0dda6cad-e87c-48aa-bbb4-4f87a423320e" testId="3721d3c1-7c03-ad84-143f-64bfeb5b314e" testName="ToAssembly_Passing_ValidValueAssemblyString_Returns_Assembly" computerName="PC-SFERRARI" duration="00:00:00.0003541" startTime="2021-06-17T16:31:38.9586576+02:00" endTime="2021-06-17T16:31:38.9593437+02:00" testType="13cdc9d9-ddb5-4fa4-a97d-d965ccfc6d4b" outcome="Passed" testListId="8c84fa94-04c1-424b-9868-57a2d4851a1d" relativeResultsDirectory="0dda6cad-e87c-48aa-bbb4-4f87a423320e" />
    <UnitTestResult executionId="4550bdf3-6e8b-4fc9-a237-637a7815e364" testId="0e702ef4-7e85-bcb3-3879-32ee56a27932" testName="IsName_Passing_ValidArguments_Returns_HasErrorsAndCount" computerName="PC-SFERRARI" duration="00:00:00.0001510" startTime="2021-06-17T16:31:38.1388280+02:00" endTime="2021-06-17T16:31:38.1390324+02:00" testType="13cdc9d9-ddb5-4fa4-a97d-d965ccfc6d4b" outcome="Passed" testListId="8c84fa94-04c1-424b-9868-57a2d4851a1d" relativeResultsDirectory="4550bdf3-6e8b-4fc9-a237-637a7815e364" />
    <UnitTestResult executionId="2265286b-a178-466a-b93b-ed72b13037d3" testId="1064d8aa-5d0e-6bf5-83ee-952a4d1fd93b" testName="ToEnum_Passing_InvalidValueInt_Returns_EnumCustomValue" computerName="PC-SFERRARI" duration="00:00:00.0013354" startTime="2021-06-17T16:31:39.0455912+02:00" endTime="2021-06-17T16:31:39.0471536+02:00" testType="13cdc9d9-ddb5-4fa4-a97d-d965ccfc6d4b" outcome="Passed" testListId="8c84fa94-04c1-424b-9868-57a2d4851a1d" relativeResultsDirectory="2265286b-a178-466a-b93b-ed72b13037d3" />
    <UnitTestResult executionId="1a9481dc-f4be-4eaf-bddb-857c6f7db1e3" testId="e0f7dcd9-f363-be9c-de11-457f6a575bee" testName="ToDefaultValue_Passing_float_Returns_Cero" computerName="PC-SFERRARI" duration="00:00:00.0005501" startTime="2021-06-17T16:31:38.5964719+02:00" endTime="2021-06-17T16:31:38.5971686+02:00" testType="13cdc9d9-ddb5-4fa4-a97d-d965ccfc6d4b" outcome="Passed" testListId="8c84fa94-04c1-424b-9868-57a2d4851a1d" relativeResultsDirectory="1a9481dc-f4be-4eaf-bddb-857c6f7db1e3" resultType="DataDrivenTest">
      <InnerResults>
        <UnitTestResult executionId="044271b2-2ca3-4522-8ea8-98c3bf2095a9" parentExecutionId="1a9481dc-f4be-4eaf-bddb-857c6f7db1e3" testId="e0f7dcd9-f363-be9c-de11-457f6a575bee" testName="ToDefaultValue_Passing_float_Returns_Cero (3,4028235E+38)" computerName="PC-SFERRARI" duration="00:00:00.0004571" startTime="2021-06-17T16:31:38.5964719+02:00" endTime="2021-06-17T16:31:38.5971686+02:00" testType="13cdc9d9-ddb5-4fa4-a97d-d965ccfc6d4b" outcome="Passed" testListId="8c84fa94-04c1-424b-9868-57a2d4851a1d" relativeResultsDirectory="044271b2-2ca3-4522-8ea8-98c3bf2095a9" dataRowInfo="1" resultType="DataDrivenDataRow" />
      </InnerResults>
    </UnitTestResult>
    <UnitTestResult executionId="219fd6b3-bc94-4d67-a2dc-7d0d1e2079d9" testId="2799ef62-9686-0dc7-84d2-73639b0030f7" testName="ToInt_Passing_InvalidValueString_Returns_Null" computerName="PC-SFERRARI" duration="00:00:00.0002759" startTime="2021-06-17T16:31:39.0840171+02:00" endTime="2021-06-17T16:31:39.0844070+02:00" testType="13cdc9d9-ddb5-4fa4-a97d-d965ccfc6d4b" outcome="Passed" testListId="8c84fa94-04c1-424b-9868-57a2d4851a1d" relativeResultsDirectory="219fd6b3-bc94-4d67-a2dc-7d0d1e2079d9" resultType="DataDrivenTest">
      <InnerResults>
        <UnitTestResult executionId="34c70b75-67bd-4089-a0f7-c55f2225d479" parentExecutionId="219fd6b3-bc94-4d67-a2dc-7d0d1e2079d9" testId="2799ef62-9686-0dc7-84d2-73639b0030f7" testName="ToInt_Passing_InvalidValueString_Returns_Null (1.3333)" computerName="PC-SFERRARI" duration="00:00:00.0001999" startTime="2021-06-17T16:31:39.0840171+02:00" endTime="2021-06-17T16:31:39.0844070+02:00" testType="13cdc9d9-ddb5-4fa4-a97d-d965ccfc6d4b" outcome="Passed" testListId="8c84fa94-04c1-424b-9868-57a2d4851a1d" relativeResultsDirectory="34c70b75-67bd-4089-a0f7-c55f2225d479" dataRowInfo="1" resultType="DataDrivenDataRow" />
        <UnitTestResult executionId="04726c63-048f-4b5a-9657-2db94c6679b4" parentExecutionId="219fd6b3-bc94-4d67-a2dc-7d0d1e2079d9" testId="2799ef62-9686-0dc7-84d2-73639b0030f7" testName="ToInt_Passing_InvalidValueString_Returns_Null (1,3333)" computerName="PC-SFERRARI" duration="00:00:00.0000035" startTime="2021-06-17T16:31:39.0840171+02:00" endTime="2021-06-17T16:31:39.0844070+02:00" testType="13cdc9d9-ddb5-4fa4-a97d-d965ccfc6d4b" outcome="Passed" testListId="8c84fa94-04c1-424b-9868-57a2d4851a1d" relativeResultsDirectory="04726c63-048f-4b5a-9657-2db94c6679b4" dataRowInfo="2" resultType="DataDrivenDataRow" />
        <UnitTestResult executionId="96e53850-3ede-4526-9f7d-e98de61f8a04" parentExecutionId="219fd6b3-bc94-4d67-a2dc-7d0d1e2079d9" testId="2799ef62-9686-0dc7-84d2-73639b0030f7" testName="ToInt_Passing_InvalidValueString_Returns_Null (1.333,39)" computerName="PC-SFERRARI" duration="00:00:00.0000017" startTime="2021-06-17T16:31:39.0840171+02:00" endTime="2021-06-17T16:31:39.0844070+02:00" testType="13cdc9d9-ddb5-4fa4-a97d-d965ccfc6d4b" outcome="Passed" testListId="8c84fa94-04c1-424b-9868-57a2d4851a1d" relativeResultsDirectory="96e53850-3ede-4526-9f7d-e98de61f8a04" dataRowInfo="3" resultType="DataDrivenDataRow" />
        <UnitTestResult executionId="84af984f-7649-48e6-8a5c-4a9a552664bf" parentExecutionId="219fd6b3-bc94-4d67-a2dc-7d0d1e2079d9" testId="2799ef62-9686-0dc7-84d2-73639b0030f7" testName="ToInt_Passing_InvalidValueString_Returns_Null (999999439293294392492349329493294)" computerName="PC-SFERRARI" duration="00:00:00.0000016" startTime="2021-06-17T16:31:39.0840171+02:00" endTime="2021-06-17T16:31:39.0844070+02:00" testType="13cdc9d9-ddb5-4fa4-a97d-d965ccfc6d4b" outcome="Passed" testListId="8c84fa94-04c1-424b-9868-57a2d4851a1d" relativeResultsDirectory="84af984f-7649-48e6-8a5c-4a9a552664bf" dataRowInfo="4" resultType="DataDrivenDataRow" />
        <UnitTestResult executionId="929babbc-407f-4076-bb7e-7ace950fa9a9" parentExecutionId="219fd6b3-bc94-4d67-a2dc-7d0d1e2079d9" testId="2799ef62-9686-0dc7-84d2-73639b0030f7" testName="ToInt_Passing_InvalidValueString_Returns_Null (asdasdasdasd234324)" computerName="PC-SFERRARI" duration="00:00:00.0000014" startTime="2021-06-17T16:31:39.0840171+02:00" endTime="2021-06-17T16:31:39.0844070+02:00" testType="13cdc9d9-ddb5-4fa4-a97d-d965ccfc6d4b" outcome="Passed" testListId="8c84fa94-04c1-424b-9868-57a2d4851a1d" relativeResultsDirectory="929babbc-407f-4076-bb7e-7ace950fa9a9" dataRowInfo="5" resultType="DataDrivenDataRow" />
      </InnerResults>
    </UnitTestResult>
    <UnitTestResult executionId="73715241-99f2-4fb2-bbc1-108499037e43" testId="f2debf4a-2a42-7b0b-1005-8f74a6fc63cb" testName="IsSubdomain_Passing_InvalidArguments_Returns_HasErrorsAndCount" computerName="PC-SFERRARI" duration="00:00:00.0005607" startTime="2021-06-17T16:31:38.1575108+02:00" endTime="2021-06-17T16:31:38.1584787+02:00" testType="13cdc9d9-ddb5-4fa4-a97d-d965ccfc6d4b" outcome="Passed" testListId="8c84fa94-04c1-424b-9868-57a2d4851a1d" relativeResultsDirectory="73715241-99f2-4fb2-bbc1-108499037e43" />
    <UnitTestResult executionId="af6adcc4-25ae-42e1-b2b9-b3bfa7144309" testId="8c1d1a56-be42-3df5-a82e-36b97c2860b8" testName="ToEnum_Passing_InvalidValueInt_Returns_EnumDefaultValue" computerName="PC-SFERRARI" duration="00:00:00.0002454" startTime="2021-06-17T16:31:39.0472138+02:00" endTime="2021-06-17T16:31:39.0476204+02:00" testType="13cdc9d9-ddb5-4fa4-a97d-d965ccfc6d4b" outcome="Passed" testListId="8c84fa94-04c1-424b-9868-57a2d4851a1d" relativeResultsDirectory="af6adcc4-25ae-42e1-b2b9-b3bfa7144309" />
    <UnitTestResult executionId="04b9f19c-b886-4d89-9dea-1d8b67a6f550" testId="0a999e9b-220b-0f64-a533-84896c20ce13" testName="ResultOkData" computerName="PC-SFERRARI" duration="00:00:00.0003483" startTime="2021-06-17T16:31:38.9453891+02:00" endTime="2021-06-17T16:31:38.9458190+02:00" testType="13cdc9d9-ddb5-4fa4-a97d-d965ccfc6d4b" outcome="Passed" testListId="8c84fa94-04c1-424b-9868-57a2d4851a1d" relativeResultsDirectory="04b9f19c-b886-4d89-9dea-1d8b67a6f550" />
    <UnitTestResult executionId="93db9391-6e52-43c3-8e51-8041e6024c7e" testId="b8bb90de-6285-0f1c-e0f2-f3ba1f987370" testName="IsUppercase_Passing_InvalidArguments_Returns_HasErrorsAndCount" computerName="PC-SFERRARI" duration="00:00:00.0007456" startTime="2021-06-17T16:31:38.1641737+02:00" endTime="2021-06-17T16:31:38.1650289+02:00" testType="13cdc9d9-ddb5-4fa4-a97d-d965ccfc6d4b" outcome="Passed" testListId="8c84fa94-04c1-424b-9868-57a2d4851a1d" relativeResultsDirectory="93db9391-6e52-43c3-8e51-8041e6024c7e" />
    <UnitTestResult executionId="b612bd6a-6fd5-40cd-8b59-d43f8018a9f0" testId="f17b6f1f-06a9-5318-815f-4c3950fdd0cb" testName="CreateSHA512_Passing_Invalid_Arguments_Returns_ApplicationException" computerName="PC-SFERRARI" duration="00:00:00.0010117" startTime="2021-06-17T16:31:38.6415158+02:00" endTime="2021-06-17T16:31:38.6427098+02:00" testType="13cdc9d9-ddb5-4fa4-a97d-d965ccfc6d4b" outcome="Passed" testListId="8c84fa94-04c1-424b-9868-57a2d4851a1d" relativeResultsDirectory="b612bd6a-6fd5-40cd-8b59-d43f8018a9f0" resultType="DataDrivenTest">
      <InnerResults>
        <UnitTestResult executionId="5b78fd2e-d1b5-4e88-bdf1-10815a3364d4" parentExecutionId="b612bd6a-6fd5-40cd-8b59-d43f8018a9f0" testId="f17b6f1f-06a9-5318-815f-4c3950fdd0cb" testName="CreateSHA512_Passing_Invalid_Arguments_Returns_ApplicationException ()" computerName="PC-SFERRARI" duration="00:00:00.0006482" startTime="2021-06-17T16:31:38.6415158+02:00" endTime="2021-06-17T16:31:38.6427098+02:00" testType="13cdc9d9-ddb5-4fa4-a97d-d965ccfc6d4b" outcome="Passed" testListId="8c84fa94-04c1-424b-9868-57a2d4851a1d" relativeResultsDirectory="5b78fd2e-d1b5-4e88-bdf1-10815a3364d4" dataRowInfo="1" resultType="DataDrivenDataRow" />
        <UnitTestResult executionId="7f6f97fa-895a-4e87-a5d1-760b4f493ba8" parentExecutionId="b612bd6a-6fd5-40cd-8b59-d43f8018a9f0" testId="f17b6f1f-06a9-5318-815f-4c3950fdd0cb" testName="CreateSHA512_Passing_Invalid_Arguments_Returns_ApplicationException ()" computerName="PC-SFERRARI" duration="00:00:00.0001118" startTime="2021-06-17T16:31:38.6415158+02:00" endTime="2021-06-17T16:31:38.6427098+02:00" testType="13cdc9d9-ddb5-4fa4-a97d-d965ccfc6d4b" outcome="Passed" testListId="8c84fa94-04c1-424b-9868-57a2d4851a1d" relativeResultsDirectory="7f6f97fa-895a-4e87-a5d1-760b4f493ba8" dataRowInfo="2" resultType="DataDrivenDataRow" />
        <UnitTestResult executionId="e27e2cc7-848a-43d4-ac53-c56ce72d184b" parentExecutionId="b612bd6a-6fd5-40cd-8b59-d43f8018a9f0" testId="f17b6f1f-06a9-5318-815f-4c3950fdd0cb" testName="CreateSHA512_Passing_Invalid_Arguments_Returns_ApplicationException ( )" computerName="PC-SFERRARI" duration="00:00:00.0001375" startTime="2021-06-17T16:31:38.6415158+02:00" endTime="2021-06-17T16:31:38.6427098+02:00" testType="13cdc9d9-ddb5-4fa4-a97d-d965ccfc6d4b" outcome="Passed" testListId="8c84fa94-04c1-424b-9868-57a2d4851a1d" relativeResultsDirectory="e27e2cc7-848a-43d4-ac53-c56ce72d184b" dataRowInfo="3" resultType="DataDrivenDataRow" />
      </InnerResults>
    </UnitTestResult>
    <UnitTestResult executionId="264de9ae-3a3a-4e49-8a41-2e47c3f6230e" testId="9d64a285-266d-52de-ef34-34102f8ad12c" testName="IsEspecialChars_Passing_InvalidArguments_Returns_HasErrorsAndCount" computerName="PC-SFERRARI" duration="00:00:00.0011967" startTime="2021-06-17T16:31:38.1151107+02:00" endTime="2021-06-17T16:31:38.1164335+02:00" testType="13cdc9d9-ddb5-4fa4-a97d-d965ccfc6d4b" outcome="Passed" testListId="8c84fa94-04c1-424b-9868-57a2d4851a1d" relativeResultsDirectory="264de9ae-3a3a-4e49-8a41-2e47c3f6230e" />
    <UnitTestResult executionId="07678dd8-1128-4845-bfa1-e0b87de199b3" testId="856fd0c8-b6f8-9265-ccfd-2a9e615488e2" testName="ToUserName_Passing_Valid_UserName_ClaimsPrincipal_Returns_String_UserName_Value" computerName="PC-SFERRARI" duration="00:00:00.0006000" startTime="2021-06-17T16:31:38.3713913+02:00" endTime="2021-06-17T16:31:38.3720611+02:00" testType="13cdc9d9-ddb5-4fa4-a97d-d965ccfc6d4b" outcome="Passed" testListId="8c84fa94-04c1-424b-9868-57a2d4851a1d" relativeResultsDirectory="07678dd8-1128-4845-bfa1-e0b87de199b3" />
    <UnitTestResult executionId="d2582626-85f3-4664-8574-6185550be671" testId="07d50dfb-3195-c832-23d2-97ae667f2010" testName="ToString_Passing_Valid_Collection_Returns_String_With_Default_Separator" computerName="PC-SFERRARI" duration="00:00:00.0002886" startTime="2021-06-17T16:31:38.5575181+02:00" endTime="2021-06-17T16:31:38.5579001+02:00" testType="13cdc9d9-ddb5-4fa4-a97d-d965ccfc6d4b" outcome="Passed" testListId="8c84fa94-04c1-424b-9868-57a2d4851a1d" relativeResultsDirectory="d2582626-85f3-4664-8574-6185550be671" />
    <UnitTestResult executionId="41908603-ecb3-4f06-aab4-b41bc1056a08" testId="42ded375-26ee-044e-44a7-9eab5e4cd342" testName="ToReadOnly_Passing_Valid_Collection_Returns_Readonly_Collection" computerName="PC-SFERRARI" duration="00:00:00.0011670" startTime="2021-06-17T16:31:38.5562310+02:00" endTime="2021-06-17T16:31:38.5574818+02:00" testType="13cdc9d9-ddb5-4fa4-a97d-d965ccfc6d4b" outcome="Passed" testListId="8c84fa94-04c1-424b-9868-57a2d4851a1d" relativeResultsDirectory="41908603-ecb3-4f06-aab4-b41bc1056a08" />
    <UnitTestResult executionId="b1b60074-15d3-4d3f-9eaf-c68f2eb0d3c0" testId="3bd7277d-4ad0-51ee-d24c-53176ec3cc7f" testName="IsDomain_Passing_InvalidArguments_Returns_HasErrorsAndCount" computerName="PC-SFERRARI" duration="00:00:00.0040882" startTime="2021-06-17T16:31:38.1035386+02:00" endTime="2021-06-17T16:31:38.1077429+02:00" testType="13cdc9d9-ddb5-4fa4-a97d-d965ccfc6d4b" outcome="Passed" testListId="8c84fa94-04c1-424b-9868-57a2d4851a1d" relativeResultsDirectory="b1b60074-15d3-4d3f-9eaf-c68f2eb0d3c0" />
    <UnitTestResult executionId="d5512fc7-0469-4cea-ab41-bd14a9b2083b" testId="ebdf037a-44fa-7875-99d4-42fa9833aac8" testName="IsDigit_Passing_ValidArguments_Returns_HasErrorsAndCount" computerName="PC-SFERRARI" duration="00:00:00.0002362" startTime="2021-06-17T16:31:38.1026703+02:00" endTime="2021-06-17T16:31:38.1030557+02:00" testType="13cdc9d9-ddb5-4fa4-a97d-d965ccfc6d4b" outcome="Passed" testListId="8c84fa94-04c1-424b-9868-57a2d4851a1d" relativeResultsDirectory="d5512fc7-0469-4cea-ab41-bd14a9b2083b" />
    <UnitTestResult executionId="fdea7a01-0481-4962-8913-70fb4d54d2d4" testId="e9d3a3d6-32e0-613e-b55e-48afdf1ab686" testName="ToWhere_Passing_Valid_Predicate_Returns_Filter_List" computerName="PC-SFERRARI" duration="00:00:00.0027410" startTime="2021-06-17T16:31:38.8854419+02:00" endTime="2021-06-17T16:31:38.8884006+02:00" testType="13cdc9d9-ddb5-4fa4-a97d-d965ccfc6d4b" outcome="Passed" testListId="8c84fa94-04c1-424b-9868-57a2d4851a1d" relativeResultsDirectory="fdea7a01-0481-4962-8913-70fb4d54d2d4" />
    <UnitTestResult executionId="b786f73d-e664-4b61-a0fb-a78140404789" testId="1b969e76-d97c-c639-c377-a41796fbb2c3" testName="ToHashAlgorithmName_Passing_InvalidValueString_Returns_Null" computerName="PC-SFERRARI" duration="00:00:00.0003406" startTime="2021-06-17T16:31:39.0792512+02:00" endTime="2021-06-17T16:31:39.0797252+02:00" testType="13cdc9d9-ddb5-4fa4-a97d-d965ccfc6d4b" outcome="Passed" testListId="8c84fa94-04c1-424b-9868-57a2d4851a1d" relativeResultsDirectory="b786f73d-e664-4b61-a0fb-a78140404789" resultType="DataDrivenTest">
      <InnerResults>
        <UnitTestResult executionId="d9fbfbf3-af27-4ec9-9091-6f91750ef7f2" parentExecutionId="b786f73d-e664-4b61-a0fb-a78140404789" testId="1b969e76-d97c-c639-c377-a41796fbb2c3" testName="ToHashAlgorithmName_Passing_InvalidValueString_Returns_Null (hhhhhh)" computerName="PC-SFERRARI" duration="00:00:00.0002891" startTime="2021-06-17T16:31:39.0792512+02:00" endTime="2021-06-17T16:31:39.0797252+02:00" testType="13cdc9d9-ddb5-4fa4-a97d-d965ccfc6d4b" outcome="Passed" testListId="8c84fa94-04c1-424b-9868-57a2d4851a1d" relativeResultsDirectory="d9fbfbf3-af27-4ec9-9091-6f91750ef7f2" dataRowInfo="1" resultType="DataDrivenDataRow" />
      </InnerResults>
    </UnitTestResult>
    <UnitTestResult executionId="f80e828d-96f2-441e-b166-800f716a5db1" testId="34931354-7c25-7812-28fe-96ea501746b4" testName="ToSetTime_Passing_Time_String_Returns_DateTime" computerName="PC-SFERRARI" duration="00:00:00.0009361" startTime="2021-06-17T16:31:38.5342184+02:00" endTime="2021-06-17T16:31:38.5355014+02:00" testType="13cdc9d9-ddb5-4fa4-a97d-d965ccfc6d4b" outcome="Passed" testListId="8c84fa94-04c1-424b-9868-57a2d4851a1d" relativeResultsDirectory="f80e828d-96f2-441e-b166-800f716a5db1" />
    <UnitTestResult executionId="d975f946-3cf2-4aa6-8650-2f3c099b328b" testId="33545399-79af-5e7f-5179-57fe5645f4be" testName="ToYesterday_Passing_DateTime_Returns_Yesterday_DateTime" computerName="PC-SFERRARI" duration="00:00:00.0008327" startTime="2021-06-17T16:31:38.5366697+02:00" endTime="2021-06-17T16:31:38.5377552+02:00" testType="13cdc9d9-ddb5-4fa4-a97d-d965ccfc6d4b" outcome="Passed" testListId="8c84fa94-04c1-424b-9868-57a2d4851a1d" relativeResultsDirectory="d975f946-3cf2-4aa6-8650-2f3c099b328b" />
    <UnitTestResult executionId="a71e1c33-0113-4b0a-a229-f335e8978dcb" testId="0ee8121e-b492-a57d-d072-de988a4e30f8" testName="ToMapNew_Passing_TDestination_Returns_New_Destination_Object" computerName="PC-SFERRARI" duration="00:00:00.0085144" startTime="2021-06-17T16:31:37.6572638+02:00" endTime="2021-06-17T16:31:37.6659455+02:00" testType="13cdc9d9-ddb5-4fa4-a97d-d965ccfc6d4b" outcome="Passed" testListId="8c84fa94-04c1-424b-9868-57a2d4851a1d" relativeResultsDirectory="a71e1c33-0113-4b0a-a229-f335e8978dcb" />
    <UnitTestResult executionId="a422bc12-fe0b-4c0a-b011-07bae78a3681" testId="0c633595-70e8-b011-5a46-c9c7e1687cb9" testName="ToGet_Passing_Claims_Returns_Claim_Value_String" computerName="PC-SFERRARI" duration="00:00:00.0009127" startTime="2021-06-17T16:31:38.3621984+02:00" endTime="2021-06-17T16:31:38.3632566+02:00" testType="13cdc9d9-ddb5-4fa4-a97d-d965ccfc6d4b" outcome="Passed" testListId="8c84fa94-04c1-424b-9868-57a2d4851a1d" relativeResultsDirectory="a422bc12-fe0b-4c0a-b011-07bae78a3681" />
    <UnitTestResult executionId="51f534fc-3354-478a-90c9-99b2b642c790" testId="53cbdd8e-a1ef-5d22-8745-938609ed19c2" testName="ToConfigureOrDefault_Passing_DefaultValues_And_ActionCustomValues_Returns_DefaultValues_And_CustomValues" computerName="PC-SFERRARI" duration="00:00:00.0006763" startTime="2021-06-17T16:31:37.1504799+02:00" endTime="2021-06-17T16:31:37.1514075+02:00" testType="13cdc9d9-ddb5-4fa4-a97d-d965ccfc6d4b" outcome="Passed" testListId="8c84fa94-04c1-424b-9868-57a2d4851a1d" relativeResultsDirectory="51f534fc-3354-478a-90c9-99b2b642c790" />
    <UnitTestResult executionId="43d23cb6-9569-4b2b-b6b5-88e342160790" testId="c63cd623-e636-5730-a1fa-b18ae782acc7" testName="ToInt_Passing_Enumeration_Name_Returns_Description_Atributte" computerName="PC-SFERRARI" duration="00:00:00.0004636" startTime="2021-06-17T16:31:38.5640628+02:00" endTime="2021-06-17T16:31:38.5646581+02:00" testType="13cdc9d9-ddb5-4fa4-a97d-d965ccfc6d4b" outcome="Passed" testListId="8c84fa94-04c1-424b-9868-57a2d4851a1d" relativeResultsDirectory="43d23cb6-9569-4b2b-b6b5-88e342160790" />
    <UnitTestResult executionId="00e17007-3c27-4a5d-a236-a9d502fe9960" testId="1c5fe271-1e90-52f5-1f31-436b17e57702" testName="IsGreater_Passing_InvalidArguments_Returns_HasErrorsAndCount" computerName="PC-SFERRARI" duration="00:00:00.0052944" startTime="2021-06-17T16:31:38.1176265+02:00" endTime="2021-06-17T16:31:38.1230743+02:00" testType="13cdc9d9-ddb5-4fa4-a97d-d965ccfc6d4b" outcome="Passed" testListId="8c84fa94-04c1-424b-9868-57a2d4851a1d" relativeResultsDirectory="00e17007-3c27-4a5d-a236-a9d502fe9960" />
    <UnitTestResult executionId="ae8ad663-822d-43e2-bf8f-22f1e4a06975" testId="ede15cdf-3d1b-3e1a-18dc-485a2d50fe42" testName="ToFormat_Passing_ValidTimeSpanValue_Returns_ValueWithFormatString" computerName="PC-SFERRARI" duration="00:00:00.0012753" startTime="2021-06-17T16:31:39.2588889+02:00" endTime="2021-06-17T16:31:39.2618627+02:00" testType="13cdc9d9-ddb5-4fa4-a97d-d965ccfc6d4b" outcome="Passed" testListId="8c84fa94-04c1-424b-9868-57a2d4851a1d" relativeResultsDirectory="ae8ad663-822d-43e2-bf8f-22f1e4a06975" />
    <UnitTestResult executionId="5c5e7860-324d-4351-b14f-14c220db55d6" testId="c180eeb5-df7f-187e-c74d-0f6d31acdec5" testName="ToUri_Passing_InvalidValueString_Returns_Null" computerName="PC-SFERRARI" duration="00:00:00.0003374" startTime="2021-06-17T16:31:39.1434557+02:00" endTime="2021-06-17T16:31:39.1439487+02:00" testType="13cdc9d9-ddb5-4fa4-a97d-d965ccfc6d4b" outcome="Passed" testListId="8c84fa94-04c1-424b-9868-57a2d4851a1d" relativeResultsDirectory="5c5e7860-324d-4351-b14f-14c220db55d6" resultType="DataDrivenTest">
      <InnerResults>
        <UnitTestResult executionId="07a6e048-c35a-4338-85e9-25de78b38154" parentExecutionId="5c5e7860-324d-4351-b14f-14c220db55d6" testId="c180eeb5-df7f-187e-c74d-0f6d31acdec5" testName="ToUri_Passing_InvalidValueString_Returns_Null (http://?)" computerName="PC-SFERRARI" duration="00:00:00.0002067" startTime="2021-06-17T16:31:39.1434557+02:00" endTime="2021-06-17T16:31:39.1439487+02:00" testType="13cdc9d9-ddb5-4fa4-a97d-d965ccfc6d4b" outcome="Passed" testListId="8c84fa94-04c1-424b-9868-57a2d4851a1d" relativeResultsDirectory="07a6e048-c35a-4338-85e9-25de78b38154" dataRowInfo="1" resultType="DataDrivenDataRow" />
        <UnitTestResult executionId="0a8c4542-9cf3-4d32-9bdd-bca0fa903d94" parentExecutionId="5c5e7860-324d-4351-b14f-14c220db55d6" testId="c180eeb5-df7f-187e-c74d-0f6d31acdec5" testName="ToUri_Passing_InvalidValueString_Returns_Null (http://)" computerName="PC-SFERRARI" duration="00:00:00.0000044" startTime="2021-06-17T16:31:39.1434557+02:00" endTime="2021-06-17T16:31:39.1439487+02:00" testType="13cdc9d9-ddb5-4fa4-a97d-d965ccfc6d4b" outcome="Passed" testListId="8c84fa94-04c1-424b-9868-57a2d4851a1d" relativeResultsDirectory="0a8c4542-9cf3-4d32-9bdd-bca0fa903d94" dataRowInfo="2" resultType="DataDrivenDataRow" />
        <UnitTestResult executionId="957bd258-c231-4553-9e2a-501c2dff4fa9" parentExecutionId="5c5e7860-324d-4351-b14f-14c220db55d6" testId="c180eeb5-df7f-187e-c74d-0f6d31acdec5" testName="ToUri_Passing_InvalidValueString_Returns_Null (http://.)" computerName="PC-SFERRARI" duration="00:00:00.0000032" startTime="2021-06-17T16:31:39.1434557+02:00" endTime="2021-06-17T16:31:39.1439487+02:00" testType="13cdc9d9-ddb5-4fa4-a97d-d965ccfc6d4b" outcome="Passed" testListId="8c84fa94-04c1-424b-9868-57a2d4851a1d" relativeResultsDirectory="957bd258-c231-4553-9e2a-501c2dff4fa9" dataRowInfo="3" resultType="DataDrivenDataRow" />
        <UnitTestResult executionId="1e1eabed-b2f8-4f0e-9c3a-4894c2dd2a33" parentExecutionId="5c5e7860-324d-4351-b14f-14c220db55d6" testId="c180eeb5-df7f-187e-c74d-0f6d31acdec5" testName="ToUri_Passing_InvalidValueString_Returns_Null (http://..)" computerName="PC-SFERRARI" duration="00:00:00.0000023" startTime="2021-06-17T16:31:39.1434557+02:00" endTime="2021-06-17T16:31:39.1439487+02:00" testType="13cdc9d9-ddb5-4fa4-a97d-d965ccfc6d4b" outcome="Passed" testListId="8c84fa94-04c1-424b-9868-57a2d4851a1d" relativeResultsDirectory="1e1eabed-b2f8-4f0e-9c3a-4894c2dd2a33" dataRowInfo="4" resultType="DataDrivenDataRow" />
        <UnitTestResult executionId="114b9c5a-0ba5-4eaa-87f3-2130a0f3e7cf" parentExecutionId="5c5e7860-324d-4351-b14f-14c220db55d6" testId="c180eeb5-df7f-187e-c74d-0f6d31acdec5" testName="ToUri_Passing_InvalidValueString_Returns_Null (http://../)" computerName="PC-SFERRARI" duration="00:00:00.0000023" startTime="2021-06-17T16:31:39.1434557+02:00" endTime="2021-06-17T16:31:39.1439487+02:00" testType="13cdc9d9-ddb5-4fa4-a97d-d965ccfc6d4b" outcome="Passed" testListId="8c84fa94-04c1-424b-9868-57a2d4851a1d" relativeResultsDirectory="114b9c5a-0ba5-4eaa-87f3-2130a0f3e7cf" dataRowInfo="5" resultType="DataDrivenDataRow" />
        <UnitTestResult executionId="6fca4dce-74f5-44a1-a457-e50ec44fcf4f" parentExecutionId="5c5e7860-324d-4351-b14f-14c220db55d6" testId="c180eeb5-df7f-187e-c74d-0f6d31acdec5" testName="ToUri_Passing_InvalidValueString_Returns_Null (http://?)" computerName="PC-SFERRARI" duration="00:00:00.0000021" startTime="2021-06-17T16:31:39.1434557+02:00" endTime="2021-06-17T16:31:39.1439487+02:00" testType="13cdc9d9-ddb5-4fa4-a97d-d965ccfc6d4b" outcome="Passed" testListId="8c84fa94-04c1-424b-9868-57a2d4851a1d" relativeResultsDirectory="6fca4dce-74f5-44a1-a457-e50ec44fcf4f" dataRowInfo="6" resultType="DataDrivenDataRow" />
        <UnitTestResult executionId="4bc4b01e-30a3-4c58-a5d7-71dc0b6e86f4" parentExecutionId="5c5e7860-324d-4351-b14f-14c220db55d6" testId="c180eeb5-df7f-187e-c74d-0f6d31acdec5" testName="ToUri_Passing_InvalidValueString_Returns_Null (http://??)" computerName="PC-SFERRARI" duration="00:00:00.0000021" startTime="2021-06-17T16:31:39.1434557+02:00" endTime="2021-06-17T16:31:39.1439487+02:00" testType="13cdc9d9-ddb5-4fa4-a97d-d965ccfc6d4b" outcome="Passed" testListId="8c84fa94-04c1-424b-9868-57a2d4851a1d" relativeResultsDirectory="4bc4b01e-30a3-4c58-a5d7-71dc0b6e86f4" dataRowInfo="7" resultType="DataDrivenDataRow" />
        <UnitTestResult executionId="0bb8aafa-ac3a-4299-ae51-ed5f2e52f37e" parentExecutionId="5c5e7860-324d-4351-b14f-14c220db55d6" testId="c180eeb5-df7f-187e-c74d-0f6d31acdec5" testName="ToUri_Passing_InvalidValueString_Returns_Null (http://??/)" computerName="PC-SFERRARI" duration="00:00:00.0000026" startTime="2021-06-17T16:31:39.1434557+02:00" endTime="2021-06-17T16:31:39.1439487+02:00" testType="13cdc9d9-ddb5-4fa4-a97d-d965ccfc6d4b" outcome="Passed" testListId="8c84fa94-04c1-424b-9868-57a2d4851a1d" relativeResultsDirectory="0bb8aafa-ac3a-4299-ae51-ed5f2e52f37e" dataRowInfo="8" resultType="DataDrivenDataRow" />
        <UnitTestResult executionId="4a7ceafa-4b9a-4dc0-96e8-8d5f16047ff9" parentExecutionId="5c5e7860-324d-4351-b14f-14c220db55d6" testId="c180eeb5-df7f-187e-c74d-0f6d31acdec5" testName="ToUri_Passing_InvalidValueString_Returns_Null (http://#)" computerName="PC-SFERRARI" duration="00:00:00.0000021" startTime="2021-06-17T16:31:39.1434557+02:00" endTime="2021-06-17T16:31:39.1439487+02:00" testType="13cdc9d9-ddb5-4fa4-a97d-d965ccfc6d4b" outcome="Passed" testListId="8c84fa94-04c1-424b-9868-57a2d4851a1d" relativeResultsDirectory="4a7ceafa-4b9a-4dc0-96e8-8d5f16047ff9" dataRowInfo="9" resultType="DataDrivenDataRow" />
        <UnitTestResult executionId="7c29da06-fc16-482f-8082-7bea424ebffd" parentExecutionId="5c5e7860-324d-4351-b14f-14c220db55d6" testId="c180eeb5-df7f-187e-c74d-0f6d31acdec5" testName="ToUri_Passing_InvalidValueString_Returns_Null (http://##)" computerName="PC-SFERRARI" duration="00:00:00.0000021" startTime="2021-06-17T16:31:39.1434557+02:00" endTime="2021-06-17T16:31:39.1439487+02:00" testType="13cdc9d9-ddb5-4fa4-a97d-d965ccfc6d4b" outcome="Passed" testListId="8c84fa94-04c1-424b-9868-57a2d4851a1d" relativeResultsDirectory="7c29da06-fc16-482f-8082-7bea424ebffd" dataRowInfo="10" resultType="DataDrivenDataRow" />
        <UnitTestResult executionId="e624fcc1-1409-4927-ba03-a31a7df82dda" parentExecutionId="5c5e7860-324d-4351-b14f-14c220db55d6" testId="c180eeb5-df7f-187e-c74d-0f6d31acdec5" testName="ToUri_Passing_InvalidValueString_Returns_Null (http://##/)" computerName="PC-SFERRARI" duration="00:00:00.0000021" startTime="2021-06-17T16:31:39.1434557+02:00" endTime="2021-06-17T16:31:39.1439487+02:00" testType="13cdc9d9-ddb5-4fa4-a97d-d965ccfc6d4b" outcome="Passed" testListId="8c84fa94-04c1-424b-9868-57a2d4851a1d" relativeResultsDirectory="e624fcc1-1409-4927-ba03-a31a7df82dda" dataRowInfo="11" resultType="DataDrivenDataRow" />
      </InnerResults>
    </UnitTestResult>
    <UnitTestResult executionId="c833ac3a-b9ac-4554-bf55-949fed118dbc" testId="e1a72c94-958d-7abb-4a96-4b60b12f8157" testName="ToFullMessage_Passing_ExceptionWithMessageWithInnerException_Returns_Full_Message" computerName="PC-SFERRARI" duration="00:00:00.0048722" startTime="2021-06-17T16:31:38.5784931+02:00" endTime="2021-06-17T16:31:38.5836534+02:00" testType="13cdc9d9-ddb5-4fa4-a97d-d965ccfc6d4b" outcome="Passed" testListId="8c84fa94-04c1-424b-9868-57a2d4851a1d" relativeResultsDirectory="c833ac3a-b9ac-4554-bf55-949fed118dbc" />
    <UnitTestResult executionId="8470cf84-519c-40d4-9624-9f68874026d6" testId="772d3145-280a-fb9f-03c2-247d0f593a66" testName="IsCustom_Passing_InvalidArguments_Returns_HasErrorsAndCount" computerName="PC-SFERRARI" duration="00:00:00.0104383" startTime="2021-06-17T16:31:38.0896510+02:00" endTime="2021-06-17T16:31:38.1006309+02:00" testType="13cdc9d9-ddb5-4fa4-a97d-d965ccfc6d4b" outcome="Passed" testListId="8c84fa94-04c1-424b-9868-57a2d4851a1d" relativeResultsDirectory="8470cf84-519c-40d4-9624-9f68874026d6" />
    <UnitTestResult executionId="9e100453-4db5-4dbc-a3e9-685c71e3055a" testId="c09577a6-adca-ef94-40b5-45575ad65e4f" testName="ToEnvironment_ServiceProvider_Passing_Development_Enviroment_Returns_Development_Name" computerName="PC-SFERRARI" duration="00:00:00.0006045" startTime="2021-06-17T16:31:38.4250059+02:00" endTime="2021-06-17T16:31:38.4257069+02:00" testType="13cdc9d9-ddb5-4fa4-a97d-d965ccfc6d4b" outcome="Passed" testListId="8c84fa94-04c1-424b-9868-57a2d4851a1d" relativeResultsDirectory="9e100453-4db5-4dbc-a3e9-685c71e3055a" />
    <UnitTestResult executionId="f79017d6-4a83-4fde-a003-e59d541dad29" testId="118e36ba-6572-1245-e05b-9bcc7b4e5e20" testName="ToBytes_Passing_Object_Returns_Bytes" computerName="PC-SFERRARI" duration="00:00:00.0008749" startTime="2021-06-17T16:31:38.5887826+02:00" endTime="2021-06-17T16:31:38.5899308+02:00" testType="13cdc9d9-ddb5-4fa4-a97d-d965ccfc6d4b" outcome="Passed" testListId="8c84fa94-04c1-424b-9868-57a2d4851a1d" relativeResultsDirectory="f79017d6-4a83-4fde-a003-e59d541dad29" />
    <UnitTestResult executionId="7e8e76ce-14b6-46fe-9431-6f41a22f8f05" testId="605637df-9854-875b-b3aa-6675f3fbd045" testName="ToEnum_Passing_ValidValue_String_Returns_EnumValue" computerName="PC-SFERRARI" duration="00:00:00.0002880" startTime="2021-06-17T16:31:39.0558862+02:00" endTime="2021-06-17T16:31:39.0563600+02:00" testType="13cdc9d9-ddb5-4fa4-a97d-d965ccfc6d4b" outcome="Passed" testListId="8c84fa94-04c1-424b-9868-57a2d4851a1d" relativeResultsDirectory="7e8e76ce-14b6-46fe-9431-6f41a22f8f05" />
    <UnitTestResult executionId="ac21c194-907d-40ba-9d53-6e09fc01c24b" testId="4315ebd1-3e2a-edf0-9de6-c78f08760fe3" testName="ToFirstLetterLower_Passing_ValidValue_Returns_StringWithFirstLetterLower" computerName="PC-SFERRARI" duration="00:00:00.0005231" startTime="2021-06-17T16:31:39.0564106+02:00" endTime="2021-06-17T16:31:39.0570643+02:00" testType="13cdc9d9-ddb5-4fa4-a97d-d965ccfc6d4b" outcome="Passed" testListId="8c84fa94-04c1-424b-9868-57a2d4851a1d" relativeResultsDirectory="ac21c194-907d-40ba-9d53-6e09fc01c24b" resultType="DataDrivenTest">
      <InnerResults>
        <UnitTestResult executionId="8471bb21-4ff1-4ec3-ba75-cd615baf0dd0" parentExecutionId="ac21c194-907d-40ba-9d53-6e09fc01c24b" testId="4315ebd1-3e2a-edf0-9de6-c78f08760fe3" testName="ToFirstLetterLower_Passing_ValidValue_Returns_StringWithFirstLetterLower (aeiou,aeiou)" computerName="PC-SFERRARI" duration="00:00:00.0003826" startTime="2021-06-17T16:31:39.0564106+02:00" endTime="2021-06-17T16:31:39.0570643+02:00" testType="13cdc9d9-ddb5-4fa4-a97d-d965ccfc6d4b" outcome="Passed" testListId="8c84fa94-04c1-424b-9868-57a2d4851a1d" relativeResultsDirectory="8471bb21-4ff1-4ec3-ba75-cd615baf0dd0" dataRowInfo="1" resultType="DataDrivenDataRow" />
        <UnitTestResult executionId="ae77e6b5-2c52-4b56-9ed7-e675e8f2be21" parentExecutionId="ac21c194-907d-40ba-9d53-6e09fc01c24b" testId="4315ebd1-3e2a-edf0-9de6-c78f08760fe3" testName="ToFirstLetterLower_Passing_ValidValue_Returns_StringWithFirstLetterLower (aEIOU,aEIOU)" computerName="PC-SFERRARI" duration="00:00:00.0000061" startTime="2021-06-17T16:31:39.0564106+02:00" endTime="2021-06-17T16:31:39.0570643+02:00" testType="13cdc9d9-ddb5-4fa4-a97d-d965ccfc6d4b" outcome="Passed" testListId="8c84fa94-04c1-424b-9868-57a2d4851a1d" relativeResultsDirectory="ae77e6b5-2c52-4b56-9ed7-e675e8f2be21" dataRowInfo="2" resultType="DataDrivenDataRow" />
        <UnitTestResult executionId="6ee25dcd-20a5-4acf-bcd0-f48089a84010" parentExecutionId="ac21c194-907d-40ba-9d53-6e09fc01c24b" testId="4315ebd1-3e2a-edf0-9de6-c78f08760fe3" testName="ToFirstLetterLower_Passing_ValidValue_Returns_StringWithFirstLetterLower (aeioU,aeioU)" computerName="PC-SFERRARI" duration="00:00:00.0000032" startTime="2021-06-17T16:31:39.0564106+02:00" endTime="2021-06-17T16:31:39.0570643+02:00" testType="13cdc9d9-ddb5-4fa4-a97d-d965ccfc6d4b" outcome="Passed" testListId="8c84fa94-04c1-424b-9868-57a2d4851a1d" relativeResultsDirectory="6ee25dcd-20a5-4acf-bcd0-f48089a84010" dataRowInfo="3" resultType="DataDrivenDataRow" />
        <UnitTestResult executionId="f087badd-5b49-418e-bb63-32718dcc68cc" parentExecutionId="ac21c194-907d-40ba-9d53-6e09fc01c24b" testId="4315ebd1-3e2a-edf0-9de6-c78f08760fe3" testName="ToFirstLetterLower_Passing_ValidValue_Returns_StringWithFirstLetterLower (AEIOU,aEIOU)" computerName="PC-SFERRARI" duration="00:00:00.0000024" startTime="2021-06-17T16:31:39.0564106+02:00" endTime="2021-06-17T16:31:39.0570643+02:00" testType="13cdc9d9-ddb5-4fa4-a97d-d965ccfc6d4b" outcome="Passed" testListId="8c84fa94-04c1-424b-9868-57a2d4851a1d" relativeResultsDirectory="f087badd-5b49-418e-bb63-32718dcc68cc" dataRowInfo="4" resultType="DataDrivenDataRow" />
        <UnitTestResult executionId="37453739-dce9-4f69-a6f6-c3fed4b338bd" parentExecutionId="ac21c194-907d-40ba-9d53-6e09fc01c24b" testId="4315ebd1-3e2a-edf0-9de6-c78f08760fe3" testName="ToFirstLetterLower_Passing_ValidValue_Returns_StringWithFirstLetterLower (Aeiou,aeiou)" computerName="PC-SFERRARI" duration="00:00:00.0000024" startTime="2021-06-17T16:31:39.0564106+02:00" endTime="2021-06-17T16:31:39.0570643+02:00" testType="13cdc9d9-ddb5-4fa4-a97d-d965ccfc6d4b" outcome="Passed" testListId="8c84fa94-04c1-424b-9868-57a2d4851a1d" relativeResultsDirectory="37453739-dce9-4f69-a6f6-c3fed4b338bd" dataRowInfo="5" resultType="DataDrivenDataRow" />
      </InnerResults>
    </UnitTestResult>
    <UnitTestResult executionId="998ebbb7-a074-41d2-a2da-0f6dd31616b1" testId="c0846755-8a53-0ac4-76e5-2d7d37bcd54a" testName="ResultBadRequest_WithErrors_Value" computerName="PC-SFERRARI" duration="00:00:00.0005317" startTime="2021-06-17T16:31:38.8967588+02:00" endTime="2021-06-17T16:31:38.8973793+02:00" testType="13cdc9d9-ddb5-4fa4-a97d-d965ccfc6d4b" outcome="Passed" testListId="8c84fa94-04c1-424b-9868-57a2d4851a1d" relativeResultsDirectory="998ebbb7-a074-41d2-a2da-0f6dd31616b1" />
    <UnitTestResult executionId="fe922577-e154-46c5-935e-9dcc8fb4e8e3" testId="3443f7f5-ee1a-f375-e5b1-f7ffa940c0db" testName="ToIsLastDayOfTheMonth_Passing_NotLastDayOfMonth_Returns_False" computerName="PC-SFERRARI" duration="00:00:00.0001191" startTime="2021-06-17T16:31:38.5298878+02:00" endTime="2021-06-17T16:31:38.5300681+02:00" testType="13cdc9d9-ddb5-4fa4-a97d-d965ccfc6d4b" outcome="Passed" testListId="8c84fa94-04c1-424b-9868-57a2d4851a1d" relativeResultsDirectory="fe922577-e154-46c5-935e-9dcc8fb4e8e3" />
    <UnitTestResult executionId="02b9d9a7-eb0c-4a3c-ad19-02bb13237f78" testId="6bd61990-78b5-76ea-0df5-0c13c388bdc0" testName="ToWhere_Passing_Null_Predicate_Returns_Same_List" computerName="PC-SFERRARI" duration="00:00:00.0030819" startTime="2021-06-17T16:31:38.8799007+02:00" endTime="2021-06-17T16:31:38.8831600+02:00" testType="13cdc9d9-ddb5-4fa4-a97d-d965ccfc6d4b" outcome="Passed" testListId="8c84fa94-04c1-424b-9868-57a2d4851a1d" relativeResultsDirectory="02b9d9a7-eb0c-4a3c-ad19-02bb13237f78" />
    <UnitTestResult executionId="de3d2d4e-d810-4706-b0bd-665d54ffe7eb" testId="9e36eef1-cde7-a509-c95d-2249b6b02dbb" testName="ToIsDirectoryThrow_Passing_InvalidValue_Returns_ApplicationExceptionWithMessage" computerName="PC-SFERRARI" duration="00:00:00.0021744" startTime="2021-06-17T16:31:38.0526759+02:00" endTime="2021-06-17T16:31:38.0551156+02:00" testType="13cdc9d9-ddb5-4fa4-a97d-d965ccfc6d4b" outcome="Passed" testListId="8c84fa94-04c1-424b-9868-57a2d4851a1d" relativeResultsDirectory="de3d2d4e-d810-4706-b0bd-665d54ffe7eb" />
    <UnitTestResult executionId="787df44e-6178-4e6e-bc48-fe5ce437757b" testId="9af963da-8209-d683-34a5-be793bc59993" testName="ToList_Passing_ValidEnumTypeWithSelectedValueWithResourceType_Returns_ValuesList" computerName="PC-SFERRARI" duration="00:00:00.0008034" startTime="2021-06-17T16:31:38.5756757+02:00" endTime="2021-06-17T16:31:38.5765707+02:00" testType="13cdc9d9-ddb5-4fa4-a97d-d965ccfc6d4b" outcome="Passed" testListId="8c84fa94-04c1-424b-9868-57a2d4851a1d" relativeResultsDirectory="787df44e-6178-4e6e-bc48-fe5ce437757b" />
    <UnitTestResult executionId="464d00fa-27fe-4be1-af24-5a75c8597d98" testId="a75e991f-5e03-3949-85d6-afa1f14455d4" testName="ToIsAuthenticated_Passing_Claims_Returns_True" computerName="PC-SFERRARI" duration="00:00:00.0010315" startTime="2021-06-17T16:31:38.3677942+02:00" endTime="2021-06-17T16:31:38.3689979+02:00" testType="13cdc9d9-ddb5-4fa4-a97d-d965ccfc6d4b" outcome="Passed" testListId="8c84fa94-04c1-424b-9868-57a2d4851a1d" relativeResultsDirectory="464d00fa-27fe-4be1-af24-5a75c8597d98" />
    <UnitTestResult executionId="95db5c6f-da45-4c3d-bd2c-7a644637c8da" testId="55f105d6-fc07-21db-e70a-db30ccdb0844" testName="ToIsNullOrAny_Passing_InvalidValue_Returns_True" computerName="PC-SFERRARI" duration="00:00:00.0001752" startTime="2021-06-17T16:31:38.0771055+02:00" endTime="2021-06-17T16:31:38.0773988+02:00" testType="13cdc9d9-ddb5-4fa4-a97d-d965ccfc6d4b" outcome="Passed" testListId="8c84fa94-04c1-424b-9868-57a2d4851a1d" relativeResultsDirectory="95db5c6f-da45-4c3d-bd2c-7a644637c8da" />
    <UnitTestResult executionId="573ab99e-eba6-41ad-96dd-f2ce8c431010" testId="209cbba1-d5fa-4810-2cb6-ee92ce2e109d" testName="ToGet_Passing_Claims_Returns_Claim_Value_Int" computerName="PC-SFERRARI" duration="00:00:00.0024346" startTime="2021-06-17T16:31:38.3535928+02:00" endTime="2021-06-17T16:31:38.3561585+02:00" testType="13cdc9d9-ddb5-4fa4-a97d-d965ccfc6d4b" outcome="Passed" testListId="8c84fa94-04c1-424b-9868-57a2d4851a1d" relativeResultsDirectory="573ab99e-eba6-41ad-96dd-f2ce8c431010" />
    <UnitTestResult executionId="43004fae-d176-45e0-a40a-014875659efd" testId="bc6955b8-aec0-957c-bad4-853e5cfa19a1" testName="ToCount_Passing_ValidEnumType_Returns_Count" computerName="PC-SFERRARI" duration="00:00:00.0006471" startTime="2021-06-17T16:31:38.5674605+02:00" endTime="2021-06-17T16:31:38.5685993+02:00" testType="13cdc9d9-ddb5-4fa4-a97d-d965ccfc6d4b" outcome="Passed" testListId="8c84fa94-04c1-424b-9868-57a2d4851a1d" relativeResultsDirectory="43004fae-d176-45e0-a40a-014875659efd" />
    <UnitTestResult executionId="a5b1421b-3de8-41df-9c8b-6c4ca985a39b" testId="e93b141b-fdfd-0f98-21e5-3eb211b6e88b" testName="ToDefaultValue_Passing_long_Returns_Cero" computerName="PC-SFERRARI" duration="00:00:00.0012694" startTime="2021-06-17T16:31:38.5977457+02:00" endTime="2021-06-17T16:31:38.5990976+02:00" testType="13cdc9d9-ddb5-4fa4-a97d-d965ccfc6d4b" outcome="Passed" testListId="8c84fa94-04c1-424b-9868-57a2d4851a1d" relativeResultsDirectory="a5b1421b-3de8-41df-9c8b-6c4ca985a39b" resultType="DataDrivenTest">
      <InnerResults>
        <UnitTestResult executionId="d986c7d2-bff0-4245-bb8c-8cbc3e1016cf" parentExecutionId="a5b1421b-3de8-41df-9c8b-6c4ca985a39b" testId="e93b141b-fdfd-0f98-21e5-3eb211b6e88b" testName="ToDefaultValue_Passing_long_Returns_Cero (9223372036854775807)" computerName="PC-SFERRARI" duration="00:00:00.0011508" startTime="2021-06-17T16:31:38.5977457+02:00" endTime="2021-06-17T16:31:38.5990976+02:00" testType="13cdc9d9-ddb5-4fa4-a97d-d965ccfc6d4b" outcome="Passed" testListId="8c84fa94-04c1-424b-9868-57a2d4851a1d" relativeResultsDirectory="d986c7d2-bff0-4245-bb8c-8cbc3e1016cf" dataRowInfo="1" resultType="DataDrivenDataRow" />
      </InnerResults>
    </UnitTestResult>
    <UnitTestResult executionId="7881c9c2-6ae2-4ff5-9576-b2c05bb8cf19" testId="9eeef095-29ed-4872-a36c-ca4832350421" testName="IsName_Passing_InvalidArguments_Returns_HasErrorsAndCount" computerName="PC-SFERRARI" duration="00:00:00.0001642" startTime="2021-06-17T16:31:38.1385898+02:00" endTime="2021-06-17T16:31:38.1388087+02:00" testType="13cdc9d9-ddb5-4fa4-a97d-d965ccfc6d4b" outcome="Passed" testListId="8c84fa94-04c1-424b-9868-57a2d4851a1d" relativeResultsDirectory="7881c9c2-6ae2-4ff5-9576-b2c05bb8cf19" />
    <UnitTestResult executionId="6c78a78c-edf5-47ee-a3a3-22a234b9056f" testId="d0b36a04-4127-30ad-3e5f-debee628dde9" testName="ResultDataInternalServerError" computerName="PC-SFERRARI" duration="00:00:00.0006664" startTime="2021-06-17T16:31:38.9009745+02:00" endTime="2021-06-17T16:31:38.9017556+02:00" testType="13cdc9d9-ddb5-4fa4-a97d-d965ccfc6d4b" outcome="Passed" testListId="8c84fa94-04c1-424b-9868-57a2d4851a1d" relativeResultsDirectory="6c78a78c-edf5-47ee-a3a3-22a234b9056f" />
    <UnitTestResult executionId="12d2a85f-1312-4d02-bc80-2c0da75dc78d" testId="640513b3-feee-19a8-efba-5817e77ff3ee" testName="ToExists_Passing_NotFound_Service_Returns_False" computerName="PC-SFERRARI" duration="00:00:00.0003531" startTime="2021-06-17T16:31:38.4257437+02:00" endTime="2021-06-17T16:31:38.4261772+02:00" testType="13cdc9d9-ddb5-4fa4-a97d-d965ccfc6d4b" outcome="Passed" testListId="8c84fa94-04c1-424b-9868-57a2d4851a1d" relativeResultsDirectory="12d2a85f-1312-4d02-bc80-2c0da75dc78d" />
    <UnitTestResult executionId="d7ed2aa4-8d39-4b65-8993-09dd953d77b8" testId="cd004a9f-a0f6-2fdf-aeae-1890f4ab8e71" testName="ToHashAlgorithmName_Passing_ValidValueString_Returns_HashAlgorithmName" computerName="PC-SFERRARI" duration="00:00:00.0002462" startTime="2021-06-17T16:31:39.0797606+02:00" endTime="2021-06-17T16:31:39.0800868+02:00" testType="13cdc9d9-ddb5-4fa4-a97d-d965ccfc6d4b" outcome="Passed" testListId="8c84fa94-04c1-424b-9868-57a2d4851a1d" relativeResultsDirectory="d7ed2aa4-8d39-4b65-8993-09dd953d77b8" resultType="DataDrivenTest">
      <InnerResults>
        <UnitTestResult executionId="3ffb9240-1c22-440a-b9ce-489b079ad9b3" parentExecutionId="d7ed2aa4-8d39-4b65-8993-09dd953d77b8" testId="cd004a9f-a0f6-2fdf-aeae-1890f4ab8e71" testName="ToHashAlgorithmName_Passing_ValidValueString_Returns_HashAlgorithmName (MD5)" computerName="PC-SFERRARI" duration="00:00:00.0002112" startTime="2021-06-17T16:31:39.0797606+02:00" endTime="2021-06-17T16:31:39.0800868+02:00" testType="13cdc9d9-ddb5-4fa4-a97d-d965ccfc6d4b" outcome="Passed" testListId="8c84fa94-04c1-424b-9868-57a2d4851a1d" relativeResultsDirectory="3ffb9240-1c22-440a-b9ce-489b079ad9b3" dataRowInfo="1" resultType="DataDrivenDataRow" />
      </InnerResults>
    </UnitTestResult>
    <UnitTestResult executionId="4fef0e69-4dae-4aaa-9b5d-d1888cd47823" testId="1f173fff-9060-8c18-f825-225901225244" testName="ToStartOfWeek_Passing_DateTime_Returns_Start_Of_Week_DateTime" computerName="PC-SFERRARI" duration="00:00:00.0004100" startTime="2021-06-17T16:31:38.5355654+02:00" endTime="2021-06-17T16:31:38.5361184+02:00" testType="13cdc9d9-ddb5-4fa4-a97d-d965ccfc6d4b" outcome="Passed" testListId="8c84fa94-04c1-424b-9868-57a2d4851a1d" relativeResultsDirectory="4fef0e69-4dae-4aaa-9b5d-d1888cd47823" />
    <UnitTestResult executionId="0ee98382-5217-4d62-8964-3e4a11bf2b5c" testId="fa00d2a8-59b9-ad9e-caa1-a0c9e3156db1" testName="ToGetAll_Passing_Claims_Returns_Claim_Value_Int_List" computerName="PC-SFERRARI" duration="00:00:00.0162940" startTime="2021-06-17T16:31:38.2803016+02:00" endTime="2021-06-17T16:31:38.2967537+02:00" testType="13cdc9d9-ddb5-4fa4-a97d-d965ccfc6d4b" outcome="Passed" testListId="8c84fa94-04c1-424b-9868-57a2d4851a1d" relativeResultsDirectory="0ee98382-5217-4d62-8964-3e4a11bf2b5c" />
    <UnitTestResult executionId="4d71e079-8b26-4c65-ad23-4af26ba67002" testId="859b5acf-9d8b-7620-f96f-ba83c1545a71" testName="ResultOkData_WithData_WithMessage_WithDetails" computerName="PC-SFERRARI" duration="00:00:00.0054474" startTime="2021-06-17T16:31:38.9501247+02:00" endTime="2021-06-17T16:31:38.9556514+02:00" testType="13cdc9d9-ddb5-4fa4-a97d-d965ccfc6d4b" outcome="Passed" testListId="8c84fa94-04c1-424b-9868-57a2d4851a1d" relativeResultsDirectory="4d71e079-8b26-4c65-ad23-4af26ba67002" />
    <UnitTestResult executionId="1b55c395-a809-4bac-9c32-f52e0c990a61" testId="a0fef65e-bc06-762d-4622-91d020572059" testName="ResultInternalServerError" computerName="PC-SFERRARI" duration="00:00:00.0003851" startTime="2021-06-17T16:31:38.9442739+02:00" endTime="2021-06-17T16:31:38.9447391+02:00" testType="13cdc9d9-ddb5-4fa4-a97d-d965ccfc6d4b" outcome="Passed" testListId="8c84fa94-04c1-424b-9868-57a2d4851a1d" relativeResultsDirectory="1b55c395-a809-4bac-9c32-f52e0c990a61" />
    <UnitTestResult executionId="bef83011-d641-4d3c-8f47-34e030dc221f" testId="071a93ca-ce4d-3349-fe5a-5052bf3ce103" testName="ResultError_WithTitle_WithStatusCode_WithDetails_WithExceptionType_WithMessages_WithErrors" computerName="PC-SFERRARI" duration="00:00:00.0050728" startTime="2021-06-17T16:31:38.9390605+02:00" endTime="2021-06-17T16:31:38.9442434+02:00" testType="13cdc9d9-ddb5-4fa4-a97d-d965ccfc6d4b" outcome="Passed" testListId="8c84fa94-04c1-424b-9868-57a2d4851a1d" relativeResultsDirectory="bef83011-d641-4d3c-8f47-34e030dc221f" />
    <UnitTestResult executionId="b0abf6ea-25ae-420c-880d-3f2075ca2fbd" testId="43c10c64-8836-30db-afbe-d1657a7dd9d8" testName="ToHeader_Passing_HttpRequest_Header_Many_Values_Returns_Values" computerName="PC-SFERRARI" duration="00:00:00.0425357" startTime="2021-06-17T16:31:38.6654502+02:00" endTime="2021-06-17T16:31:38.7081771+02:00" testType="13cdc9d9-ddb5-4fa4-a97d-d965ccfc6d4b" outcome="Passed" testListId="8c84fa94-04c1-424b-9868-57a2d4851a1d" relativeResultsDirectory="b0abf6ea-25ae-420c-880d-3f2075ca2fbd" />
    <UnitTestResult executionId="8ff75b22-d78a-40f6-8caa-c929a4839f70" testId="def94964-1ba4-f78f-2dac-38055bb04256" testName="ToIsEmailThrow_Passing_InvalidValue_Returns_ApplicationExceptionWithMessage" computerName="PC-SFERRARI" duration="00:00:00.0060935" startTime="2021-06-17T16:31:38.0551642+02:00" endTime="2021-06-17T16:31:38.0623921+02:00" testType="13cdc9d9-ddb5-4fa4-a97d-d965ccfc6d4b" outcome="Passed" testListId="8c84fa94-04c1-424b-9868-57a2d4851a1d" relativeResultsDirectory="8ff75b22-d78a-40f6-8caa-c929a4839f70" resultType="DataDrivenTest">
      <InnerResults>
        <UnitTestResult executionId="efe32b00-75b9-44ab-9916-fa7f378e5402" parentExecutionId="8ff75b22-d78a-40f6-8caa-c929a4839f70" testId="def94964-1ba4-f78f-2dac-38055bb04256" testName="ToIsEmailThrow_Passing_InvalidValue_Returns_ApplicationExceptionWithMessage (dasdasd@dsasd.._ff)" computerName="PC-SFERRARI" duration="00:00:00.0034956" startTime="2021-06-17T16:31:38.0551642+02:00" endTime="2021-06-17T16:31:38.0623921+02:00" testType="13cdc9d9-ddb5-4fa4-a97d-d965ccfc6d4b" outcome="Passed" testListId="8c84fa94-04c1-424b-9868-57a2d4851a1d" relativeResultsDirectory="efe32b00-75b9-44ab-9916-fa7f378e5402" dataRowInfo="1" resultType="DataDrivenDataRow" />
        <UnitTestResult executionId="445736f8-c924-49e6-9621-0feaab310686" parentExecutionId="8ff75b22-d78a-40f6-8caa-c929a4839f70" testId="def94964-1ba4-f78f-2dac-38055bb04256" testName="ToIsEmailThrow_Passing_InvalidValue_Returns_ApplicationExceptionWithMessage (34fsds@@sdd.f)" computerName="PC-SFERRARI" duration="00:00:00.0001035" startTime="2021-06-17T16:31:38.0551642+02:00" endTime="2021-06-17T16:31:38.0623921+02:00" testType="13cdc9d9-ddb5-4fa4-a97d-d965ccfc6d4b" outcome="Passed" testListId="8c84fa94-04c1-424b-9868-57a2d4851a1d" relativeResultsDirectory="445736f8-c924-49e6-9621-0feaab310686" dataRowInfo="2" resultType="DataDrivenDataRow" />
        <UnitTestResult executionId="6c55d1ad-221d-45ac-9210-c4c7ab3a626c" parentExecutionId="8ff75b22-d78a-40f6-8caa-c929a4839f70" testId="def94964-1ba4-f78f-2dac-38055bb04256" testName="ToIsEmailThrow_Passing_InvalidValue_Returns_ApplicationExceptionWithMessage ()" computerName="PC-SFERRARI" duration="00:00:00.0000625" startTime="2021-06-17T16:31:38.0551642+02:00" endTime="2021-06-17T16:31:38.0623921+02:00" testType="13cdc9d9-ddb5-4fa4-a97d-d965ccfc6d4b" outcome="Passed" testListId="8c84fa94-04c1-424b-9868-57a2d4851a1d" relativeResultsDirectory="6c55d1ad-221d-45ac-9210-c4c7ab3a626c" dataRowInfo="3" resultType="DataDrivenDataRow" />
        <UnitTestResult executionId="c6f6ff54-5c6f-4529-ad85-0b24fe81e91a" parentExecutionId="8ff75b22-d78a-40f6-8caa-c929a4839f70" testId="def94964-1ba4-f78f-2dac-38055bb04256" testName="ToIsEmailThrow_Passing_InvalidValue_Returns_ApplicationExceptionWithMessage ()" computerName="PC-SFERRARI" duration="00:00:00.0000493" startTime="2021-06-17T16:31:38.0551642+02:00" endTime="2021-06-17T16:31:38.0623921+02:00" testType="13cdc9d9-ddb5-4fa4-a97d-d965ccfc6d4b" outcome="Passed" testListId="8c84fa94-04c1-424b-9868-57a2d4851a1d" relativeResultsDirectory="c6f6ff54-5c6f-4529-ad85-0b24fe81e91a" dataRowInfo="4" resultType="DataDrivenDataRow" />
        <UnitTestResult executionId="15dd4461-bbd1-401b-8f45-47f2839fc545" parentExecutionId="8ff75b22-d78a-40f6-8caa-c929a4839f70" testId="def94964-1ba4-f78f-2dac-38055bb04256" testName="ToIsEmailThrow_Passing_InvalidValue_Returns_ApplicationExceptionWithMessage (34?fsds@sdd.yy)" computerName="PC-SFERRARI" duration="00:00:00.0000638" startTime="2021-06-17T16:31:38.0551642+02:00" endTime="2021-06-17T16:31:38.0623921+02:00" testType="13cdc9d9-ddb5-4fa4-a97d-d965ccfc6d4b" outcome="Passed" testListId="8c84fa94-04c1-424b-9868-57a2d4851a1d" relativeResultsDirectory="15dd4461-bbd1-401b-8f45-47f2839fc545" dataRowInfo="5" resultType="DataDrivenDataRow" />
      </InnerResults>
    </UnitTestResult>
    <UnitTestResult executionId="4c0cbad1-b1cc-466d-8349-f2717c0bac8e" testId="ffa669f9-8e25-a33b-f8f7-c3ba4a576a2b" testName="ToDefaultValue_Passing_ValidStruct_Returns_DefaultValue" computerName="PC-SFERRARI" duration="00:00:00.0003570" startTime="2021-06-17T16:31:39.2637009+02:00" endTime="2021-06-17T16:31:39.2641448+02:00" testType="13cdc9d9-ddb5-4fa4-a97d-d965ccfc6d4b" outcome="Passed" testListId="8c84fa94-04c1-424b-9868-57a2d4851a1d" relativeResultsDirectory="4c0cbad1-b1cc-466d-8349-f2717c0bac8e" />
    <UnitTestResult executionId="bc6c346e-9d29-46c2-ac10-d548c668d274" testId="c30c24fa-9dc6-1db9-fc63-cb77f851732c" testName="ResultErrorData_WithTitle_WithStatusCode_WithDetails_WithExceptionType_WithMessages_WithErrors" computerName="PC-SFERRARI" duration="00:00:00.0282765" startTime="2021-06-17T16:31:38.9105983+02:00" endTime="2021-06-17T16:31:38.9390240+02:00" testType="13cdc9d9-ddb5-4fa4-a97d-d965ccfc6d4b" outcome="Passed" testListId="8c84fa94-04c1-424b-9868-57a2d4851a1d" relativeResultsDirectory="bc6c346e-9d29-46c2-ac10-d548c668d274" />
    <UnitTestResult executionId="2fc4c2b8-d52e-426e-adc2-12a3706ef413" testId="9064672f-1220-7bc0-f2b0-c66c74cccc5e" testName="ToConfiguration_Passing_Valid_DirectoryPath_Valid_JsonFileName_Returns_Ok" computerName="PC-SFERRARI" duration="00:00:00.0309746" startTime="2021-06-17T16:31:38.3908430+02:00" endTime="2021-06-17T16:31:38.4219510+02:00" testType="13cdc9d9-ddb5-4fa4-a97d-d965ccfc6d4b" outcome="Passed" testListId="8c84fa94-04c1-424b-9868-57a2d4851a1d" relativeResultsDirectory="2fc4c2b8-d52e-426e-adc2-12a3706ef413" />
    <UnitTestResult executionId="e70cdf90-b3de-4a99-a275-9c7d551eb94b" testId="7daaba64-d3ad-9109-43bf-bdb516b673b8" testName="ToDirectoryFileInfo_Passing_ValidValue_Returns_FileInfo" computerName="PC-SFERRARI" duration="00:00:00.0103330" startTime="2021-06-17T16:31:38.9839555+02:00" endTime="2021-06-17T16:31:38.9945667+02:00" testType="13cdc9d9-ddb5-4fa4-a97d-d965ccfc6d4b" outcome="Passed" testListId="8c84fa94-04c1-424b-9868-57a2d4851a1d" relativeResultsDirectory="e70cdf90-b3de-4a99-a275-9c7d551eb94b" />
    <UnitTestResult executionId="18d910ec-1e22-4ed9-9973-15f73ae8bb6c" testId="0f697beb-b7a4-6aa6-9017-b57feeb9ba7f" testName="ToEnvironment_ServiceCollection_Passing_Development_Enviroment_Returns_Development_Name" computerName="PC-SFERRARI" duration="00:00:00.0005168" startTime="2021-06-17T16:31:38.4231595+02:00" endTime="2021-06-17T16:31:38.4238067+02:00" testType="13cdc9d9-ddb5-4fa4-a97d-d965ccfc6d4b" outcome="Passed" testListId="8c84fa94-04c1-424b-9868-57a2d4851a1d" relativeResultsDirectory="18d910ec-1e22-4ed9-9973-15f73ae8bb6c" />
    <UnitTestResult executionId="d91e180e-e869-49b1-82eb-1e90642d63cb" testId="46df7735-43c3-1f8d-197a-cd21c82e5889" testName="IsHostname_Passing_ValidArguments_Returns_HasErrorsAndCount" computerName="PC-SFERRARI" duration="00:00:00.0003200" startTime="2021-06-17T16:31:38.1352397+02:00" endTime="2021-06-17T16:31:38.1357309+02:00" testType="13cdc9d9-ddb5-4fa4-a97d-d965ccfc6d4b" outcome="Passed" testListId="8c84fa94-04c1-424b-9868-57a2d4851a1d" relativeResultsDirectory="d91e180e-e869-49b1-82eb-1e90642d63cb" />
    <UnitTestResult executionId="fe3e6f54-26a5-48df-a99b-4deb4ea5f24b" testId="98331ff8-6ed1-e7ba-c8dd-be5bd5b6cb2c" testName="ToEmailMask_Passing_ValidEmail_Returns_EmailWithMask" computerName="PC-SFERRARI" duration="00:00:00.0002929" startTime="2021-06-17T16:31:39.0387212+02:00" endTime="2021-06-17T16:31:39.0390887+02:00" testType="13cdc9d9-ddb5-4fa4-a97d-d965ccfc6d4b" outcome="Passed" testListId="8c84fa94-04c1-424b-9868-57a2d4851a1d" relativeResultsDirectory="fe3e6f54-26a5-48df-a99b-4deb4ea5f24b" resultType="DataDrivenTest">
      <InnerResults>
        <UnitTestResult executionId="97493bfb-592e-4733-8332-6898d7e8e908" parentExecutionId="fe3e6f54-26a5-48df-a99b-4deb4ea5f24b" testId="98331ff8-6ed1-e7ba-c8dd-be5bd5b6cb2c" testName="ToEmailMask_Passing_ValidEmail_Returns_EmailWithMask (qaz@gmail.com,q-z@g----.com)" computerName="PC-SFERRARI" duration="00:00:00.0001782" startTime="2021-06-17T16:31:39.0387212+02:00" endTime="2021-06-17T16:31:39.0390887+02:00" testType="13cdc9d9-ddb5-4fa4-a97d-d965ccfc6d4b" outcome="Passed" testListId="8c84fa94-04c1-424b-9868-57a2d4851a1d" relativeResultsDirectory="97493bfb-592e-4733-8332-6898d7e8e908" dataRowInfo="1" resultType="DataDrivenDataRow" />
        <UnitTestResult executionId="8a0ab1ba-bdf9-4b7d-aa4a-fb137a058337" parentExecutionId="fe3e6f54-26a5-48df-a99b-4deb4ea5f24b" testId="98331ff8-6ed1-e7ba-c8dd-be5bd5b6cb2c" testName="ToEmailMask_Passing_ValidEmail_Returns_EmailWithMask (qazwsx@gmail.com,q----x@g----.com)" computerName="PC-SFERRARI" duration="00:00:00.0000114" startTime="2021-06-17T16:31:39.0387212+02:00" endTime="2021-06-17T16:31:39.0390887+02:00" testType="13cdc9d9-ddb5-4fa4-a97d-d965ccfc6d4b" outcome="Passed" testListId="8c84fa94-04c1-424b-9868-57a2d4851a1d" relativeResultsDirectory="8a0ab1ba-bdf9-4b7d-aa4a-fb137a058337" dataRowInfo="2" resultType="DataDrivenDataRow" />
        <UnitTestResult executionId="5bf1a023-6d6e-4f4b-a5f8-d4ae04a1c453" parentExecutionId="fe3e6f54-26a5-48df-a99b-4deb4ea5f24b" testId="98331ff8-6ed1-e7ba-c8dd-be5bd5b6cb2c" testName="ToEmailMask_Passing_ValidEmail_Returns_EmailWithMask (qazwsxedc@gmail.com,q-------c@g----.com)" computerName="PC-SFERRARI" duration="00:00:00.0000094" startTime="2021-06-17T16:31:39.0387212+02:00" endTime="2021-06-17T16:31:39.0390887+02:00" testType="13cdc9d9-ddb5-4fa4-a97d-d965ccfc6d4b" outcome="Passed" testListId="8c84fa94-04c1-424b-9868-57a2d4851a1d" relativeResultsDirectory="5bf1a023-6d6e-4f4b-a5f8-d4ae04a1c453" dataRowInfo="3" resultType="DataDrivenDataRow" />
        <UnitTestResult executionId="62409741-7a85-43b7-8b81-be9ba3330280" parentExecutionId="fe3e6f54-26a5-48df-a99b-4deb4ea5f24b" testId="98331ff8-6ed1-e7ba-c8dd-be5bd5b6cb2c" testName="ToEmailMask_Passing_ValidEmail_Returns_EmailWithMask (qaz@gmailgmail.com,q-z@g---------.com)" computerName="PC-SFERRARI" duration="00:00:00.0000088" startTime="2021-06-17T16:31:39.0387212+02:00" endTime="2021-06-17T16:31:39.0390887+02:00" testType="13cdc9d9-ddb5-4fa4-a97d-d965ccfc6d4b" outcome="Passed" testListId="8c84fa94-04c1-424b-9868-57a2d4851a1d" relativeResultsDirectory="62409741-7a85-43b7-8b81-be9ba3330280" dataRowInfo="4" resultType="DataDrivenDataRow" />
        <UnitTestResult executionId="d28c68f0-34a1-4d23-acbd-a66e3c280b6d" parentExecutionId="fe3e6f54-26a5-48df-a99b-4deb4ea5f24b" testId="98331ff8-6ed1-e7ba-c8dd-be5bd5b6cb2c" testName="ToEmailMask_Passing_ValidEmail_Returns_EmailWithMask (qazwsx@gmailgmail.com,q----x@g---------.com)" computerName="PC-SFERRARI" duration="00:00:00.0000083" startTime="2021-06-17T16:31:39.0387212+02:00" endTime="2021-06-17T16:31:39.0390887+02:00" testType="13cdc9d9-ddb5-4fa4-a97d-d965ccfc6d4b" outcome="Passed" testListId="8c84fa94-04c1-424b-9868-57a2d4851a1d" relativeResultsDirectory="d28c68f0-34a1-4d23-acbd-a66e3c280b6d" dataRowInfo="5" resultType="DataDrivenDataRow" />
        <UnitTestResult executionId="bd8fec33-97c7-4b14-9381-7814594f8a62" parentExecutionId="fe3e6f54-26a5-48df-a99b-4deb4ea5f24b" testId="98331ff8-6ed1-e7ba-c8dd-be5bd5b6cb2c" testName="ToEmailMask_Passing_ValidEmail_Returns_EmailWithMask (qazwsxedc@gmailgmail.com,q-------c@g---------.com)" computerName="PC-SFERRARI" duration="00:00:00.0000083" startTime="2021-06-17T16:31:39.0387212+02:00" endTime="2021-06-17T16:31:39.0390887+02:00" testType="13cdc9d9-ddb5-4fa4-a97d-d965ccfc6d4b" outcome="Passed" testListId="8c84fa94-04c1-424b-9868-57a2d4851a1d" relativeResultsDirectory="bd8fec33-97c7-4b14-9381-7814594f8a62" dataRowInfo="6" resultType="DataDrivenDataRow" />
      </InnerResults>
    </UnitTestResult>
    <UnitTestResult executionId="4c84e816-308b-4129-821c-13013ce71c0e" testId="5bee9d0e-89de-7b6d-4317-0a11342b1d29" testName="ToIPv6_Passing_HttpContext_IP_Value_Returns_IP" computerName="PC-SFERRARI" duration="00:00:00.0005144" startTime="2021-06-17T16:31:38.6643338+02:00" endTime="2021-06-17T16:31:38.6649340+02:00" testType="13cdc9d9-ddb5-4fa4-a97d-d965ccfc6d4b" outcome="Passed" testListId="8c84fa94-04c1-424b-9868-57a2d4851a1d" relativeResultsDirectory="4c84e816-308b-4129-821c-13013ce71c0e" />
    <UnitTestResult executionId="408d2339-8c81-40f3-9eeb-9014643b91ef" testId="985d1d77-c2ec-7290-ea22-268fdc93e8ee" testName="ToRandom_Passing_Invalid_Null_Value_Returns_Null" computerName="PC-SFERRARI" duration="00:00:00.0001190" startTime="2021-06-17T16:31:39.1155725+02:00" endTime="2021-06-17T16:31:39.1157793+02:00" testType="13cdc9d9-ddb5-4fa4-a97d-d965ccfc6d4b" outcome="Passed" testListId="8c84fa94-04c1-424b-9868-57a2d4851a1d" relativeResultsDirectory="408d2339-8c81-40f3-9eeb-9014643b91ef" />
    <UnitTestResult executionId="a4fa80ee-088c-4948-abee-58bc67aae7f6" testId="29295413-2308-fade-9c98-0e9ed6c67839" testName="ToDirectoryReadFileAsync_Passing_ValidValue_Returns_False" computerName="PC-SFERRARI" duration="00:00:00.0091952" startTime="2021-06-17T16:31:39.0104698+02:00" endTime="2021-06-17T16:31:39.0200103+02:00" testType="13cdc9d9-ddb5-4fa4-a97d-d965ccfc6d4b" outcome="Passed" testListId="8c84fa94-04c1-424b-9868-57a2d4851a1d" relativeResultsDirectory="a4fa80ee-088c-4948-abee-58bc67aae7f6" />
    <UnitTestResult executionId="3d92fc5d-9d12-4d6d-a345-120e823d387d" testId="43949294-e4b7-cf4d-0d69-84ccc9e58406" testName="ToIsFileExtensionThrow_Passing_InvalidValue_Returns_ApplicationExceptionWithMessage" computerName="PC-SFERRARI" duration="00:00:00.0019278" startTime="2021-06-17T16:31:38.0663051+02:00" endTime="2021-06-17T16:31:38.0684453+02:00" testType="13cdc9d9-ddb5-4fa4-a97d-d965ccfc6d4b" outcome="Passed" testListId="8c84fa94-04c1-424b-9868-57a2d4851a1d" relativeResultsDirectory="3d92fc5d-9d12-4d6d-a345-120e823d387d" />
    <UnitTestResult executionId="763b75ff-a7d4-472a-8699-08ca0c02eecf" testId="d6d04f4a-9142-b816-d673-c4abf49a39ad" testName="ToDisplay_Passing_Enumeration_Name_Returns_Display_Atributte" computerName="PC-SFERRARI" duration="00:00:00.0026780" startTime="2021-06-17T16:31:38.5611800+02:00" endTime="2021-06-17T16:31:38.5640091+02:00" testType="13cdc9d9-ddb5-4fa4-a97d-d965ccfc6d4b" outcome="Passed" testListId="8c84fa94-04c1-424b-9868-57a2d4851a1d" relativeResultsDirectory="763b75ff-a7d4-472a-8699-08ca0c02eecf" />
    <UnitTestResult executionId="8354a4f4-0890-48a3-81b1-62faf2c5d362" testId="4bab1aca-8bb0-4ef4-560f-96b7fb0c4bee" testName="ToRandom_Passing_ValidValueString_Returns_String" computerName="PC-SFERRARI" duration="00:00:00.0025452" startTime="2021-06-17T16:31:39.1157992+02:00" endTime="2021-06-17T16:31:39.1185771+02:00" testType="13cdc9d9-ddb5-4fa4-a97d-d965ccfc6d4b" outcome="Passed" testListId="8c84fa94-04c1-424b-9868-57a2d4851a1d" relativeResultsDirectory="8354a4f4-0890-48a3-81b1-62faf2c5d362" />
    <UnitTestResult executionId="1d7b9a25-d641-4311-a45e-74d5db14f709" testId="967da852-80aa-48c8-4fdf-7229c80964ce" testName="ToZipExtract_Passing_ValidArchive_Returns_Files" computerName="PC-SFERRARI" duration="00:00:00.0514777" startTime="2021-06-17T16:31:39.2071227+02:00" endTime="2021-06-17T16:31:39.2588239+02:00" testType="13cdc9d9-ddb5-4fa4-a97d-d965ccfc6d4b" outcome="Passed" testListId="8c84fa94-04c1-424b-9868-57a2d4851a1d" relativeResultsDirectory="1d7b9a25-d641-4311-a45e-74d5db14f709" />
    <UnitTestResult executionId="6fb023c3-fb5e-4659-809d-dee81d7a8c44" testId="447ced0a-6221-43ff-44ab-4ee12ee4d012" testName="IsDomain_Passing_ValidArguments_Returns_HasErrorsAndCount" computerName="PC-SFERRARI" duration="00:00:00.0004523" startTime="2021-06-17T16:31:38.1129941+02:00" endTime="2021-06-17T16:31:38.1136186+02:00" testType="13cdc9d9-ddb5-4fa4-a97d-d965ccfc6d4b" outcome="Passed" testListId="8c84fa94-04c1-424b-9868-57a2d4851a1d" relativeResultsDirectory="6fb023c3-fb5e-4659-809d-dee81d7a8c44" />
    <UnitTestResult executionId="1ec9a0f0-8ba1-4056-9bae-67585b04d0fa" testId="ae09f98c-257a-b9e5-5b0b-16344b7adf1c" testName="ToInt_Passing_ValidValueString_Returns_Int" computerName="PC-SFERRARI" duration="00:00:00.0001583" startTime="2021-06-17T16:31:39.0844484+02:00" endTime="2021-06-17T16:31:39.0846739+02:00" testType="13cdc9d9-ddb5-4fa4-a97d-d965ccfc6d4b" outcome="Passed" testListId="8c84fa94-04c1-424b-9868-57a2d4851a1d" relativeResultsDirectory="1ec9a0f0-8ba1-4056-9bae-67585b04d0fa" resultType="DataDrivenTest">
      <InnerResults>
        <UnitTestResult executionId="b748f5df-80ed-4012-b111-fbcb940d4062" parentExecutionId="1ec9a0f0-8ba1-4056-9bae-67585b04d0fa" testId="ae09f98c-257a-b9e5-5b0b-16344b7adf1c" testName="ToInt_Passing_ValidValueString_Returns_Int (1234567890)" computerName="PC-SFERRARI" duration="00:00:00.0001345" startTime="2021-06-17T16:31:39.0844484+02:00" endTime="2021-06-17T16:31:39.0846739+02:00" testType="13cdc9d9-ddb5-4fa4-a97d-d965ccfc6d4b" outcome="Passed" testListId="8c84fa94-04c1-424b-9868-57a2d4851a1d" relativeResultsDirectory="b748f5df-80ed-4012-b111-fbcb940d4062" dataRowInfo="1" resultType="DataDrivenDataRow" />
      </InnerResults>
    </UnitTestResult>
    <UnitTestResult executionId="4e01ca54-d3a6-4e5c-942c-dfafad1e67b6" testId="a702dc43-b5af-c889-d32e-e69ee2d100af" testName="ToIsAuthenticated_Passing_Null_ClaimsPrincipal_Returns_ApplicationException" computerName="PC-SFERRARI" duration="00:00:00.0007576" startTime="2021-06-17T16:31:38.3690461+02:00" endTime="2021-06-17T16:31:38.3699253+02:00" testType="13cdc9d9-ddb5-4fa4-a97d-d965ccfc6d4b" outcome="Passed" testListId="8c84fa94-04c1-424b-9868-57a2d4851a1d" relativeResultsDirectory="4e01ca54-d3a6-4e5c-942c-dfafad1e67b6" />
    <UnitTestResult executionId="ab541183-e909-43c5-a089-8e4870bad0fc" testId="19a313ce-6632-bd6f-bb7e-c2dc7bcf20eb" testName="ToDefaultValue_Passing_sbyte_Returns_Cero" computerName="PC-SFERRARI" duration="00:00:00.0004227" startTime="2021-06-17T16:31:38.5991530+02:00" endTime="2021-06-17T16:31:38.5996814+02:00" testType="13cdc9d9-ddb5-4fa4-a97d-d965ccfc6d4b" outcome="Passed" testListId="8c84fa94-04c1-424b-9868-57a2d4851a1d" relativeResultsDirectory="ab541183-e909-43c5-a089-8e4870bad0fc" resultType="DataDrivenTest">
      <InnerResults>
        <UnitTestResult executionId="fb8bfa5a-c9f1-488f-b589-d8cf4978bac6" parentExecutionId="ab541183-e909-43c5-a089-8e4870bad0fc" testId="19a313ce-6632-bd6f-bb7e-c2dc7bcf20eb" testName="ToDefaultValue_Passing_sbyte_Returns_Cero (127)" computerName="PC-SFERRARI" duration="00:00:00.0003773" startTime="2021-06-17T16:31:38.5991530+02:00" endTime="2021-06-17T16:31:38.5996814+02:00" testType="13cdc9d9-ddb5-4fa4-a97d-d965ccfc6d4b" outcome="Passed" testListId="8c84fa94-04c1-424b-9868-57a2d4851a1d" relativeResultsDirectory="fb8bfa5a-c9f1-488f-b589-d8cf4978bac6" dataRowInfo="1" resultType="DataDrivenDataRow" />
      </InnerResults>
    </UnitTestResult>
    <UnitTestResult executionId="1818ba13-18a8-4a1f-926b-95ce8afae955" testId="b048c16a-68b4-cdf3-3166-fb9613323b68" testName="ToDetails_Passing_HttpContext_WithOptionalData_Returns_Details_HttpContext" computerName="PC-SFERRARI" duration="00:00:00.0023335" startTime="2021-06-17T16:31:38.6617381+02:00" endTime="2021-06-17T16:31:38.6642918+02:00" testType="13cdc9d9-ddb5-4fa4-a97d-d965ccfc6d4b" outcome="Passed" testListId="8c84fa94-04c1-424b-9868-57a2d4851a1d" relativeResultsDirectory="1818ba13-18a8-4a1f-926b-95ce8afae955" />
    <UnitTestResult executionId="8cde2a44-2988-4329-ae32-eb60efadf07d" testId="0b1e4893-9444-2235-b7fa-3782f9932212" testName="ToService_Passing_Valid_Service_Returns_Service" computerName="PC-SFERRARI" duration="00:00:00.0005154" startTime="2021-06-17T16:31:38.4633213+02:00" endTime="2021-06-17T16:31:38.4639114+02:00" testType="13cdc9d9-ddb5-4fa4-a97d-d965ccfc6d4b" outcome="Passed" testListId="8c84fa94-04c1-424b-9868-57a2d4851a1d" relativeResultsDirectory="8cde2a44-2988-4329-ae32-eb60efadf07d" />
    <UnitTestResult executionId="cef89524-5021-4568-8d63-25fd99e4963f" testId="a1095294-226e-a0f0-0154-11290289c9db" testName="ToStringFormat_Passing_ValidValue_Returns_ValueWithoutRemovedChars" computerName="PC-SFERRARI" duration="00:00:00.0006437" startTime="2021-06-17T16:31:38.8520141+02:00" endTime="2021-06-17T16:31:38.8528599+02:00" testType="13cdc9d9-ddb5-4fa4-a97d-d965ccfc6d4b" outcome="Passed" testListId="8c84fa94-04c1-424b-9868-57a2d4851a1d" relativeResultsDirectory="cef89524-5021-4568-8d63-25fd99e4963f" resultType="DataDrivenTest">
      <InnerResults>
        <UnitTestResult executionId="6adc2ddc-5013-4295-985a-4f10909b7aca" parentExecutionId="cef89524-5021-4568-8d63-25fd99e4963f" testId="a1095294-226e-a0f0-0154-11290289c9db" testName="ToStringFormat_Passing_ValidValue_Returns_ValueWithoutRemovedChars (0)" computerName="PC-SFERRARI" duration="00:00:00.0005107" startTime="2021-06-17T16:31:38.8520141+02:00" endTime="2021-06-17T16:31:38.8528599+02:00" testType="13cdc9d9-ddb5-4fa4-a97d-d965ccfc6d4b" outcome="Passed" testListId="8c84fa94-04c1-424b-9868-57a2d4851a1d" relativeResultsDirectory="6adc2ddc-5013-4295-985a-4f10909b7aca" dataRowInfo="1" resultType="DataDrivenDataRow" />
        <UnitTestResult executionId="2916e486-1b19-4df1-ab1e-0f40ce342e28" parentExecutionId="cef89524-5021-4568-8d63-25fd99e4963f" testId="a1095294-226e-a0f0-0154-11290289c9db" testName="ToStringFormat_Passing_ValidValue_Returns_ValueWithoutRemovedChars (1)" computerName="PC-SFERRARI" duration="00:00:00.0000064" startTime="2021-06-17T16:31:38.8520141+02:00" endTime="2021-06-17T16:31:38.8528599+02:00" testType="13cdc9d9-ddb5-4fa4-a97d-d965ccfc6d4b" outcome="Passed" testListId="8c84fa94-04c1-424b-9868-57a2d4851a1d" relativeResultsDirectory="2916e486-1b19-4df1-ab1e-0f40ce342e28" dataRowInfo="2" resultType="DataDrivenDataRow" />
        <UnitTestResult executionId="d1bf926d-b679-4a00-b1ef-b9b15a9177b3" parentExecutionId="cef89524-5021-4568-8d63-25fd99e4963f" testId="a1095294-226e-a0f0-0154-11290289c9db" testName="ToStringFormat_Passing_ValidValue_Returns_ValueWithoutRemovedChars (-1)" computerName="PC-SFERRARI" duration="00:00:00.0000098" startTime="2021-06-17T16:31:38.8520141+02:00" endTime="2021-06-17T16:31:38.8528599+02:00" testType="13cdc9d9-ddb5-4fa4-a97d-d965ccfc6d4b" outcome="Passed" testListId="8c84fa94-04c1-424b-9868-57a2d4851a1d" relativeResultsDirectory="d1bf926d-b679-4a00-b1ef-b9b15a9177b3" dataRowInfo="3" resultType="DataDrivenDataRow" />
        <UnitTestResult executionId="9b3814fd-92a6-49ab-9db3-c0350dde6a8d" parentExecutionId="cef89524-5021-4568-8d63-25fd99e4963f" testId="a1095294-226e-a0f0-0154-11290289c9db" testName="ToStringFormat_Passing_ValidValue_Returns_ValueWithoutRemovedChars (2147483647)" computerName="PC-SFERRARI" duration="00:00:00.0000029" startTime="2021-06-17T16:31:38.8520141+02:00" endTime="2021-06-17T16:31:38.8528599+02:00" testType="13cdc9d9-ddb5-4fa4-a97d-d965ccfc6d4b" outcome="Passed" testListId="8c84fa94-04c1-424b-9868-57a2d4851a1d" relativeResultsDirectory="9b3814fd-92a6-49ab-9db3-c0350dde6a8d" dataRowInfo="4" resultType="DataDrivenDataRow" />
        <UnitTestResult executionId="cafcf3a1-e61b-45eb-b17d-2d63c4a0c590" parentExecutionId="cef89524-5021-4568-8d63-25fd99e4963f" testId="a1095294-226e-a0f0-0154-11290289c9db" testName="ToStringFormat_Passing_ValidValue_Returns_ValueWithoutRemovedChars (-2147483648)" computerName="PC-SFERRARI" duration="00:00:00.0000035" startTime="2021-06-17T16:31:38.8520141+02:00" endTime="2021-06-17T16:31:38.8528599+02:00" testType="13cdc9d9-ddb5-4fa4-a97d-d965ccfc6d4b" outcome="Passed" testListId="8c84fa94-04c1-424b-9868-57a2d4851a1d" relativeResultsDirectory="cafcf3a1-e61b-45eb-b17d-2d63c4a0c590" dataRowInfo="5" resultType="DataDrivenDataRow" />
      </InnerResults>
    </UnitTestResult>
    <UnitTestResult executionId="cc2aa51d-729e-4ddc-b760-eb863e9b95c2" testId="1c5de28c-f1b3-c94d-8e43-201eab8c2ff8" testName="ToEnvironment_Passing_Development_Enviroment_Returns_Development_Name" computerName="PC-SFERRARI" duration="00:00:00.0019081" startTime="2021-06-17T16:31:37.9664134+02:00" endTime="2021-06-17T16:31:37.9688298+02:00" testType="13cdc9d9-ddb5-4fa4-a97d-d965ccfc6d4b" outcome="Passed" testListId="8c84fa94-04c1-424b-9868-57a2d4851a1d" relativeResultsDirectory="cc2aa51d-729e-4ddc-b760-eb863e9b95c2" />
    <UnitTestResult executionId="a1ade52e-2f03-4bb0-a2dc-361c512810f2" testId="b79ee054-2363-6600-c9a3-db00cdcc0f2c" testName="ResultUnauthorized" computerName="PC-SFERRARI" duration="00:00:00.0003397" startTime="2021-06-17T16:31:38.9561401+02:00" endTime="2021-06-17T16:31:38.9565496+02:00" testType="13cdc9d9-ddb5-4fa4-a97d-d965ccfc6d4b" outcome="Passed" testListId="8c84fa94-04c1-424b-9868-57a2d4851a1d" relativeResultsDirectory="a1ade52e-2f03-4bb0-a2dc-361c512810f2" />
    <UnitTestResult executionId="3004d050-f276-48ba-b428-493ddd87de92" testId="297c060d-406b-f933-91fe-dfd3459b8ace" testName="ToIsNullOrEmpty_Passing_InvalidValue_Returns_True" computerName="PC-SFERRARI" duration="00:00:00.0001520" startTime="2021-06-17T16:31:38.0780715+02:00" endTime="2021-06-17T16:31:38.0783228+02:00" testType="13cdc9d9-ddb5-4fa4-a97d-d965ccfc6d4b" outcome="Passed" testListId="8c84fa94-04c1-424b-9868-57a2d4851a1d" relativeResultsDirectory="3004d050-f276-48ba-b428-493ddd87de92" />
    <UnitTestResult executionId="b83c921f-3503-4daf-95d6-70c05faab233" testId="74c0befe-cdb2-1fdf-be71-2a39199bb5c9" testName="ToService_Passing_Service_Not_Found_Returns_ApplicationException" computerName="PC-SFERRARI" duration="00:00:00.0007264" startTime="2021-06-17T16:31:37.9815413+02:00" endTime="2021-06-17T16:31:37.9823751+02:00" testType="13cdc9d9-ddb5-4fa4-a97d-d965ccfc6d4b" outcome="Passed" testListId="8c84fa94-04c1-424b-9868-57a2d4851a1d" relativeResultsDirectory="b83c921f-3503-4daf-95d6-70c05faab233" />
    <UnitTestResult executionId="ee2adea2-bb88-459d-93d8-31f8bfac6171" testId="c14c626b-0f15-ac55-344d-8aa2c3f91cdf" testName="ToZipCreate_Passing_ValidFiles_Returns_ZipFiles" computerName="PC-SFERRARI" duration="00:00:00.0074165" startTime="2021-06-17T16:31:39.1928865+02:00" endTime="2021-06-17T16:31:39.2005032+02:00" testType="13cdc9d9-ddb5-4fa4-a97d-d965ccfc6d4b" outcome="Passed" testListId="8c84fa94-04c1-424b-9868-57a2d4851a1d" relativeResultsDirectory="ee2adea2-bb88-459d-93d8-31f8bfac6171" />
    <UnitTestResult executionId="bb7e6ba7-bf5f-43cc-89b5-c85380609a07" testId="40108f40-2761-0a89-d16d-ad113b5f3dd5" testName="ToDefaultValue_Passing_short_Returns_Cero" computerName="PC-SFERRARI" duration="00:00:00.0003737" startTime="2021-06-17T16:31:38.5997329+02:00" endTime="2021-06-17T16:31:38.6001807+02:00" testType="13cdc9d9-ddb5-4fa4-a97d-d965ccfc6d4b" outcome="Passed" testListId="8c84fa94-04c1-424b-9868-57a2d4851a1d" relativeResultsDirectory="bb7e6ba7-bf5f-43cc-89b5-c85380609a07" resultType="DataDrivenTest">
      <InnerResults>
        <UnitTestResult executionId="82ceb7df-a63b-40a7-b5c4-cfc2275659cb" parentExecutionId="bb7e6ba7-bf5f-43cc-89b5-c85380609a07" testId="40108f40-2761-0a89-d16d-ad113b5f3dd5" testName="ToDefaultValue_Passing_short_Returns_Cero (32767)" computerName="PC-SFERRARI" duration="00:00:00.0003336" startTime="2021-06-17T16:31:38.5997329+02:00" endTime="2021-06-17T16:31:38.6001807+02:00" testType="13cdc9d9-ddb5-4fa4-a97d-d965ccfc6d4b" outcome="Passed" testListId="8c84fa94-04c1-424b-9868-57a2d4851a1d" relativeResultsDirectory="82ceb7df-a63b-40a7-b5c4-cfc2275659cb" dataRowInfo="1" resultType="DataDrivenDataRow" />
      </InnerResults>
    </UnitTestResult>
    <UnitTestResult executionId="f2ff1b3b-9065-435d-a1c8-42176050f158" testId="0b00f09d-f7e4-fb1e-68ad-8102cf6143e0" testName="ToPaged_Passing_Name_Descending_Order_Returns_Filter_List" computerName="PC-SFERRARI" duration="00:00:00.0007762" startTime="2021-06-17T16:31:38.8789772+02:00" endTime="2021-06-17T16:31:38.8798641+02:00" testType="13cdc9d9-ddb5-4fa4-a97d-d965ccfc6d4b" outcome="Passed" testListId="8c84fa94-04c1-424b-9868-57a2d4851a1d" relativeResultsDirectory="f2ff1b3b-9065-435d-a1c8-42176050f158" />
    <UnitTestResult executionId="37f64cde-e2c2-461d-8a3e-8dae41963408" testId="eb3fbb45-8257-f4b8-0975-042f859a72bf" testName="ToDictionaryPropertyInfo_Passing_Object_Not_IncludeNullOrEmptyProperty_Returns_Properties_NameAndValue_Dictionary" computerName="PC-SFERRARI" duration="00:00:00.0005631" startTime="2021-06-17T16:31:38.6099401+02:00" endTime="2021-06-17T16:31:38.6106003+02:00" testType="13cdc9d9-ddb5-4fa4-a97d-d965ccfc6d4b" outcome="Passed" testListId="8c84fa94-04c1-424b-9868-57a2d4851a1d" relativeResultsDirectory="37f64cde-e2c2-461d-8a3e-8dae41963408" />
    <UnitTestResult executionId="bb518d72-9b94-4c00-b938-4c5c239dfb0b" testId="fb770b4f-f87b-13ad-88ac-a338dbbb0d57" testName="GetValues_Passing_Valid_Key_Returns_Values" computerName="PC-SFERRARI" duration="00:00:00.0009331" startTime="2021-06-17T16:31:38.5425343+02:00" endTime="2021-06-17T16:31:38.5552025+02:00" testType="13cdc9d9-ddb5-4fa4-a97d-d965ccfc6d4b" outcome="Passed" testListId="8c84fa94-04c1-424b-9868-57a2d4851a1d" relativeResultsDirectory="bb518d72-9b94-4c00-b938-4c5c239dfb0b" />
    <UnitTestResult executionId="36832ffa-9a59-487e-87a5-b128f2120da8" testId="e8138724-52f6-6999-ada4-cbc441f2cd15" testName="ToEmailMaskUserNameAndDomain_Passing_ValidEmail_Returns_EmailWithMask" computerName="PC-SFERRARI" duration="00:00:00.0004377" startTime="2021-06-17T16:31:39.0343024+02:00" endTime="2021-06-17T16:31:39.0348427+02:00" testType="13cdc9d9-ddb5-4fa4-a97d-d965ccfc6d4b" outcome="Passed" testListId="8c84fa94-04c1-424b-9868-57a2d4851a1d" relativeResultsDirectory="36832ffa-9a59-487e-87a5-b128f2120da8" resultType="DataDrivenTest">
      <InnerResults>
        <UnitTestResult executionId="27e2a4a9-42dc-4bb8-a795-ac356ee02d9f" parentExecutionId="36832ffa-9a59-487e-87a5-b128f2120da8" testId="e8138724-52f6-6999-ada4-cbc441f2cd15" testName="ToEmailMaskUserNameAndDomain_Passing_ValidEmail_Returns_EmailWithMask (qaz@gmail.com,q*z@g***l.com)" computerName="PC-SFERRARI" duration="00:00:00.0003088" startTime="2021-06-17T16:31:39.0343024+02:00" endTime="2021-06-17T16:31:39.0348427+02:00" testType="13cdc9d9-ddb5-4fa4-a97d-d965ccfc6d4b" outcome="Passed" testListId="8c84fa94-04c1-424b-9868-57a2d4851a1d" relativeResultsDirectory="27e2a4a9-42dc-4bb8-a795-ac356ee02d9f" dataRowInfo="1" resultType="DataDrivenDataRow" />
        <UnitTestResult executionId="6cf3145e-5f20-4898-9b9c-56810243d7aa" parentExecutionId="36832ffa-9a59-487e-87a5-b128f2120da8" testId="e8138724-52f6-6999-ada4-cbc441f2cd15" testName="ToEmailMaskUserNameAndDomain_Passing_ValidEmail_Returns_EmailWithMask (qazwsx@gmail.com,q****x@g***l.com)" computerName="PC-SFERRARI" duration="00:00:00.0000115" startTime="2021-06-17T16:31:39.0343024+02:00" endTime="2021-06-17T16:31:39.0348427+02:00" testType="13cdc9d9-ddb5-4fa4-a97d-d965ccfc6d4b" outcome="Passed" testListId="8c84fa94-04c1-424b-9868-57a2d4851a1d" relativeResultsDirectory="6cf3145e-5f20-4898-9b9c-56810243d7aa" dataRowInfo="2" resultType="DataDrivenDataRow" />
        <UnitTestResult executionId="9580855e-1637-43fe-8da4-4ed64232d508" parentExecutionId="36832ffa-9a59-487e-87a5-b128f2120da8" testId="e8138724-52f6-6999-ada4-cbc441f2cd15" testName="ToEmailMaskUserNameAndDomain_Passing_ValidEmail_Returns_EmailWithMask (qazwsxedc@gmail.com,q*******c@g***l.com)" computerName="PC-SFERRARI" duration="00:00:00.0000097" startTime="2021-06-17T16:31:39.0343024+02:00" endTime="2021-06-17T16:31:39.0348427+02:00" testType="13cdc9d9-ddb5-4fa4-a97d-d965ccfc6d4b" outcome="Passed" testListId="8c84fa94-04c1-424b-9868-57a2d4851a1d" relativeResultsDirectory="9580855e-1637-43fe-8da4-4ed64232d508" dataRowInfo="3" resultType="DataDrivenDataRow" />
        <UnitTestResult executionId="ebb1beec-f4c3-48a7-acca-78dcd1b73558" parentExecutionId="36832ffa-9a59-487e-87a5-b128f2120da8" testId="e8138724-52f6-6999-ada4-cbc441f2cd15" testName="ToEmailMaskUserNameAndDomain_Passing_ValidEmail_Returns_EmailWithMask (qaz@gmailgmail.com,q*z@g********l.com)" computerName="PC-SFERRARI" duration="00:00:00.0000083" startTime="2021-06-17T16:31:39.0343024+02:00" endTime="2021-06-17T16:31:39.0348427+02:00" testType="13cdc9d9-ddb5-4fa4-a97d-d965ccfc6d4b" outcome="Passed" testListId="8c84fa94-04c1-424b-9868-57a2d4851a1d" relativeResultsDirectory="ebb1beec-f4c3-48a7-acca-78dcd1b73558" dataRowInfo="4" resultType="DataDrivenDataRow" />
        <UnitTestResult executionId="c3fc84ba-006a-421a-889a-bb8cea010e81" parentExecutionId="36832ffa-9a59-487e-87a5-b128f2120da8" testId="e8138724-52f6-6999-ada4-cbc441f2cd15" testName="ToEmailMaskUserNameAndDomain_Passing_ValidEmail_Returns_EmailWithMask (qazwsx@gmailgmail.com,q****x@g********l.com)" computerName="PC-SFERRARI" duration="00:00:00.0000098" startTime="2021-06-17T16:31:39.0343024+02:00" endTime="2021-06-17T16:31:39.0348427+02:00" testType="13cdc9d9-ddb5-4fa4-a97d-d965ccfc6d4b" outcome="Passed" testListId="8c84fa94-04c1-424b-9868-57a2d4851a1d" relativeResultsDirectory="c3fc84ba-006a-421a-889a-bb8cea010e81" dataRowInfo="5" resultType="DataDrivenDataRow" />
        <UnitTestResult executionId="ffc83045-5e25-473b-aa61-34821b4caa9c" parentExecutionId="36832ffa-9a59-487e-87a5-b128f2120da8" testId="e8138724-52f6-6999-ada4-cbc441f2cd15" testName="ToEmailMaskUserNameAndDomain_Passing_ValidEmail_Returns_EmailWithMask (qazwsxedc@gmailgmail.com,q*******c@g********l.com)" computerName="PC-SFERRARI" duration="00:00:00.0000110" startTime="2021-06-17T16:31:39.0343024+02:00" endTime="2021-06-17T16:31:39.0348427+02:00" testType="13cdc9d9-ddb5-4fa4-a97d-d965ccfc6d4b" outcome="Passed" testListId="8c84fa94-04c1-424b-9868-57a2d4851a1d" relativeResultsDirectory="ffc83045-5e25-473b-aa61-34821b4caa9c" dataRowInfo="6" resultType="DataDrivenDataRow" />
      </InnerResults>
    </UnitTestResult>
    <UnitTestResult executionId="42ed1380-0623-4e0e-b519-eb800306a27e" testId="161f5d07-7835-e575-5072-b9d787ef451c" testName="ToResultAsync_Passing_StatusCodeAnd_MessageAndContentTypeAndHeader_Values_Returns_Values" computerName="PC-SFERRARI" duration="00:00:00.1295838" startTime="2021-06-17T16:31:38.7200355+02:00" endTime="2021-06-17T16:31:38.8518450+02:00" testType="13cdc9d9-ddb5-4fa4-a97d-d965ccfc6d4b" outcome="Passed" testListId="8c84fa94-04c1-424b-9868-57a2d4851a1d" relativeResultsDirectory="42ed1380-0623-4e0e-b519-eb800306a27e" resultType="DataDrivenTest">
      <InnerResults>
        <UnitTestResult executionId="10767c76-5749-44ec-93f0-9de6006dba65" parentExecutionId="42ed1380-0623-4e0e-b519-eb800306a27e" testId="161f5d07-7835-e575-5072-b9d787ef451c" testName="ToResultAsync_Passing_StatusCodeAnd_MessageAndContentTypeAndHeader_Values_Returns_Values (/test)" computerName="PC-SFERRARI" duration="00:00:00.1293163" startTime="2021-06-17T16:31:38.7200355+02:00" endTime="2021-06-17T16:31:38.8518450+02:00" testType="13cdc9d9-ddb5-4fa4-a97d-d965ccfc6d4b" outcome="Passed" testListId="8c84fa94-04c1-424b-9868-57a2d4851a1d" relativeResultsDirectory="10767c76-5749-44ec-93f0-9de6006dba65" dataRowInfo="1" resultType="DataDrivenDataRow">
          <Output>
            <StdOut>info: Microsoft.AspNetCore.Hosting.Diagnostics[1]&#xD;
      Request starting HTTP/1.1 GET http://localhost/test - -&#xD;
info: Microsoft.AspNetCore.Hosting.Diagnostics[2]&#xD;
      Request finished HTTP/1.1 GET http://localhost/test - - - 401 - 21fd85d4-514c-4384-b06e-036f4602b755 21.2363ms</StdOut>
          </Output>
        </UnitTestResult>
      </InnerResults>
    </UnitTestResult>
    <UnitTestResult executionId="a634d15f-7c51-415f-857c-12f98f9e17a7" testId="65b9b71b-a8d5-2a7d-a8a7-0e3a015e6b68" testName="ToDirectoryTemporary_Passing_ValidValue_Returns_DirectoryExists" computerName="PC-SFERRARI" duration="00:00:00.0013665" startTime="2021-06-17T16:31:39.0262101+02:00" endTime="2021-06-17T16:31:39.0277092+02:00" testType="13cdc9d9-ddb5-4fa4-a97d-d965ccfc6d4b" outcome="Passed" testListId="8c84fa94-04c1-424b-9868-57a2d4851a1d" relativeResultsDirectory="a634d15f-7c51-415f-857c-12f98f9e17a7" />
    <UnitTestResult executionId="cc0e682c-32f5-4ea2-b3a9-36b7549c33e6" testId="10024a68-25d4-872c-3e48-a6d6b2671494" testName="ToTryIPv6_Passing_HttpContext_IP_Value_Returns_IP" computerName="PC-SFERRARI" duration="00:00:00.0004024" startTime="2021-06-17T16:31:38.6649613+02:00" endTime="2021-06-17T16:31:38.6654285+02:00" testType="13cdc9d9-ddb5-4fa4-a97d-d965ccfc6d4b" outcome="Passed" testListId="8c84fa94-04c1-424b-9868-57a2d4851a1d" relativeResultsDirectory="cc0e682c-32f5-4ea2-b3a9-36b7549c33e6" />
    <UnitTestResult executionId="6ecf4f97-f360-4a4b-ac06-a3b585db14b9" testId="504465b7-a3fe-9023-93b9-ffece1903418" testName="ToEnvironment_ServiceCollection_Passing_Staging_Enviroment_Returns_Staging_Name" computerName="PC-SFERRARI" duration="00:00:00.0004991" startTime="2021-06-17T16:31:38.4243847+02:00" endTime="2021-06-17T16:31:38.4249578+02:00" testType="13cdc9d9-ddb5-4fa4-a97d-d965ccfc6d4b" outcome="Passed" testListId="8c84fa94-04c1-424b-9868-57a2d4851a1d" relativeResultsDirectory="6ecf4f97-f360-4a4b-ac06-a3b585db14b9" />
    <UnitTestResult executionId="0d71aced-da61-4e23-a609-b5e8f606eee6" testId="1340b308-d9eb-a26e-e042-04d6c1d9a958" testName="ToHasErrors_Passing_InvalidValue_Returns_ApplicationExceptionWithMessage" computerName="PC-SFERRARI" duration="00:00:00.0022988" startTime="2021-06-17T16:31:38.0498151+02:00" endTime="2021-06-17T16:31:38.0526033+02:00" testType="13cdc9d9-ddb5-4fa4-a97d-d965ccfc6d4b" outcome="Passed" testListId="8c84fa94-04c1-424b-9868-57a2d4851a1d" relativeResultsDirectory="0d71aced-da61-4e23-a609-b5e8f606eee6" />
    <UnitTestResult executionId="31b7cdd9-0adf-47f9-8a07-9ce6086f8dec" testId="635e001f-2a50-f191-84e2-e81cd2000fdf" testName="ToAuthenticationType_Passing_Claims_Returns_AuthenticationType_Name" computerName="PC-SFERRARI" duration="00:00:00.0937475" startTime="2021-06-17T16:31:38.1654137+02:00" endTime="2021-06-17T16:31:38.2595382+02:00" testType="13cdc9d9-ddb5-4fa4-a97d-d965ccfc6d4b" outcome="Passed" testListId="8c84fa94-04c1-424b-9868-57a2d4851a1d" relativeResultsDirectory="31b7cdd9-0adf-47f9-8a07-9ce6086f8dec" />
    <UnitTestResult executionId="59aa9ae3-1be1-41e8-89b0-1a13a37c1568" testId="8a5cc6e0-e73e-2131-64bd-e73fc6c2a32e" testName="IsRange_Passing_InvalidArguments_Returns_HasErrorsAndCount" computerName="PC-SFERRARI" duration="00:00:00.0012579" startTime="2021-06-17T16:31:38.1481529+02:00" endTime="2021-06-17T16:31:38.1495715+02:00" testType="13cdc9d9-ddb5-4fa4-a97d-d965ccfc6d4b" outcome="Passed" testListId="8c84fa94-04c1-424b-9868-57a2d4851a1d" relativeResultsDirectory="59aa9ae3-1be1-41e8-89b0-1a13a37c1568" />
    <UnitTestResult executionId="c27e43b3-4334-4abc-a01f-6c7cf1348e6b" testId="5fda35dc-4db7-2169-9391-a6295d2ec5fd" testName="ToDirectoryFindFilePath_Passing_ValidValueIntoSubDirectory_Returns_FilePath" computerName="PC-SFERRARI" duration="00:00:00.0125982" startTime="2021-06-17T16:31:38.9946342+02:00" endTime="2021-06-17T16:31:39.0074142+02:00" testType="13cdc9d9-ddb5-4fa4-a97d-d965ccfc6d4b" outcome="Passed" testListId="8c84fa94-04c1-424b-9868-57a2d4851a1d" relativeResultsDirectory="c27e43b3-4334-4abc-a01f-6c7cf1348e6b" />
    <UnitTestResult executionId="40d63d8a-dd2d-48e3-8291-5dedc3d34acc" testId="922c5a5d-5d46-b5de-bcbd-4fac0addd422" testName="IsNullOrAny_Passing_InvalidArguments_Returns_HasErrorsAndCount" computerName="PC-SFERRARI" duration="00:00:00.0037418" startTime="2021-06-17T16:31:38.1390503+02:00" endTime="2021-06-17T16:31:38.1428836+02:00" testType="13cdc9d9-ddb5-4fa4-a97d-d965ccfc6d4b" outcome="Passed" testListId="8c84fa94-04c1-424b-9868-57a2d4851a1d" relativeResultsDirectory="40d63d8a-dd2d-48e3-8291-5dedc3d34acc" />
    <UnitTestResult executionId="57988a35-c24d-4a4e-9fed-13de549a1171" testId="8dccdb77-e6a8-58c6-9bd0-108f87c5ff65" testName="ToAuthenticationType_Passing_Null_ClaimsPrincipal_Returns_ApplicationException" computerName="PC-SFERRARI" duration="00:00:00.0127448" startTime="2021-06-17T16:31:38.2655119+02:00" endTime="2021-06-17T16:31:38.2784896+02:00" testType="13cdc9d9-ddb5-4fa4-a97d-d965ccfc6d4b" outcome="Passed" testListId="8c84fa94-04c1-424b-9868-57a2d4851a1d" relativeResultsDirectory="57988a35-c24d-4a4e-9fed-13de549a1171" />
    <UnitTestResult executionId="3a370ab8-34b7-42ec-ac55-8e50b59eb8d1" testId="46cc46f0-c0e1-f3e6-2242-cdef90a4249a" testName="ToMapNew_Passing_TSource_And_TDestination_Returns_New_TDestination_Object" computerName="PC-SFERRARI" duration="00:00:00.0008325" startTime="2021-06-17T16:31:37.6660304+02:00" endTime="2021-06-17T16:31:37.6670526+02:00" testType="13cdc9d9-ddb5-4fa4-a97d-d965ccfc6d4b" outcome="Passed" testListId="8c84fa94-04c1-424b-9868-57a2d4851a1d" relativeResultsDirectory="3a370ab8-34b7-42ec-ac55-8e50b59eb8d1" />
    <UnitTestResult executionId="f00c711f-135b-4750-97c5-aa2d695ba8c4" testId="a6625fb0-1b80-148b-87dc-9cf616e5e84d" testName="ToList_Passing_ValidEnumType_Returns_ValuesList" computerName="PC-SFERRARI" duration="00:00:00.0003124" startTime="2021-06-17T16:31:38.5770242+02:00" endTime="2021-06-17T16:31:38.5774047+02:00" testType="13cdc9d9-ddb5-4fa4-a97d-d965ccfc6d4b" outcome="Passed" testListId="8c84fa94-04c1-424b-9868-57a2d4851a1d" relativeResultsDirectory="f00c711f-135b-4750-97c5-aa2d695ba8c4" />
    <UnitTestResult executionId="4f0dfbfe-b07f-4dea-9adb-18190b63ecc0" testId="320700ce-aa3b-5818-fb18-706cf7605472" testName="ToAttribute_Passing_Enumeration_Name_Returns_Atributte" computerName="PC-SFERRARI" duration="00:00:00.0025843" startTime="2021-06-17T16:31:38.5583082+02:00" endTime="2021-06-17T16:31:38.5611150+02:00" testType="13cdc9d9-ddb5-4fa4-a97d-d965ccfc6d4b" outcome="Passed" testListId="8c84fa94-04c1-424b-9868-57a2d4851a1d" relativeResultsDirectory="4f0dfbfe-b07f-4dea-9adb-18190b63ecc0" />
    <UnitTestResult executionId="f9277e09-8a7e-4347-a7a1-3ed52be06145" testId="7c679bcb-7a59-8751-0063-1ef6e07cb160" testName="ToEnvironment_Passing_Service_Not_Found_Returns_ApplicationException" computerName="PC-SFERRARI" duration="00:00:00.0081913" startTime="2021-06-17T16:31:37.9705128+02:00" endTime="2021-06-17T16:31:37.9788401+02:00" testType="13cdc9d9-ddb5-4fa4-a97d-d965ccfc6d4b" outcome="Passed" testListId="8c84fa94-04c1-424b-9868-57a2d4851a1d" relativeResultsDirectory="f9277e09-8a7e-4347-a7a1-3ed52be06145" />
    <UnitTestResult executionId="7daf9388-c8b6-400f-8d09-2d7fd082a789" testId="fcd9a6e3-ee1d-7212-668e-2b0865200d81" testName="IsUniqueChars_Passing_ValidArguments_Returns_HasErrorsAndCount" computerName="PC-SFERRARI" duration="00:00:00.0010949" startTime="2021-06-17T16:31:38.1629076+02:00" endTime="2021-06-17T16:31:38.1641316+02:00" testType="13cdc9d9-ddb5-4fa4-a97d-d965ccfc6d4b" outcome="Passed" testListId="8c84fa94-04c1-424b-9868-57a2d4851a1d" relativeResultsDirectory="7daf9388-c8b6-400f-8d09-2d7fd082a789" />
    <UnitTestResult executionId="ff90f427-d083-41f7-86b9-eb58bae858f5" testId="31126d50-f667-908c-85f3-09f9d9272df9" testName="ToEnvironment_Passing_Production_Enviroment_Returns_Production_Name" computerName="PC-SFERRARI" duration="00:00:00.0008549" startTime="2021-06-17T16:31:37.9693574+02:00" endTime="2021-06-17T16:31:37.9704473+02:00" testType="13cdc9d9-ddb5-4fa4-a97d-d965ccfc6d4b" outcome="Passed" testListId="8c84fa94-04c1-424b-9868-57a2d4851a1d" relativeResultsDirectory="ff90f427-d083-41f7-86b9-eb58bae858f5" />
    <UnitTestResult executionId="50dc6518-14f0-4001-bad6-8831832fa2c1" testId="c00cb1b0-a36c-2ae8-4230-b32afb3c83f9" testName="ResultOk_WithMessage_WithDetails" computerName="PC-SFERRARI" duration="00:00:00.0003486" startTime="2021-06-17T16:31:38.9556844+02:00" endTime="2021-06-17T16:31:38.9561203+02:00" testType="13cdc9d9-ddb5-4fa4-a97d-d965ccfc6d4b" outcome="Passed" testListId="8c84fa94-04c1-424b-9868-57a2d4851a1d" relativeResultsDirectory="50dc6518-14f0-4001-bad6-8831832fa2c1" />
    <UnitTestResult executionId="52f9c3e7-06d9-4313-9a85-a26602855ebf" testId="cf950ab2-9fe4-ec30-43b4-2f3a99b5167d" testName="CreateAndVerifySHA256_Passing_Valid_Arguments_Returns_True" computerName="PC-SFERRARI" duration="00:00:00.0085823" startTime="2021-06-17T16:31:38.6106278+02:00" endTime="2021-06-17T16:31:38.6194576+02:00" testType="13cdc9d9-ddb5-4fa4-a97d-d965ccfc6d4b" outcome="Passed" testListId="8c84fa94-04c1-424b-9868-57a2d4851a1d" relativeResultsDirectory="52f9c3e7-06d9-4313-9a85-a26602855ebf" resultType="DataDrivenTest">
      <InnerResults>
        <UnitTestResult executionId="152979e5-ae85-48db-ab86-220944706543" parentExecutionId="52f9c3e7-06d9-4313-9a85-a26602855ebf" testId="cf950ab2-9fe4-ec30-43b4-2f3a99b5167d" testName="CreateAndVerifySHA256_Passing_Valid_Arguments_Returns_True (Password)" computerName="PC-SFERRARI" duration="00:00:00.0081192" startTime="2021-06-17T16:31:38.6106278+02:00" endTime="2021-06-17T16:31:38.6194576+02:00" testType="13cdc9d9-ddb5-4fa4-a97d-d965ccfc6d4b" outcome="Passed" testListId="8c84fa94-04c1-424b-9868-57a2d4851a1d" relativeResultsDirectory="152979e5-ae85-48db-ab86-220944706543" dataRowInfo="1" resultType="DataDrivenDataRow" />
        <UnitTestResult executionId="e9ea5deb-8a57-49eb-ac88-df762ede3225" parentExecutionId="52f9c3e7-06d9-4313-9a85-a26602855ebf" testId="cf950ab2-9fe4-ec30-43b4-2f3a99b5167d" testName="CreateAndVerifySHA256_Passing_Valid_Arguments_Returns_True (HashTests)" computerName="PC-SFERRARI" duration="00:00:00.0001052" startTime="2021-06-17T16:31:38.6106278+02:00" endTime="2021-06-17T16:31:38.6194576+02:00" testType="13cdc9d9-ddb5-4fa4-a97d-d965ccfc6d4b" outcome="Passed" testListId="8c84fa94-04c1-424b-9868-57a2d4851a1d" relativeResultsDirectory="e9ea5deb-8a57-49eb-ac88-df762ede3225" dataRowInfo="2" resultType="DataDrivenDataRow" />
        <UnitTestResult executionId="f2587f39-e4a6-4c45-8067-bc86e7936268" parentExecutionId="52f9c3e7-06d9-4313-9a85-a26602855ebf" testId="cf950ab2-9fe4-ec30-43b4-2f3a99b5167d" testName="CreateAndVerifySHA256_Passing_Valid_Arguments_Returns_True (sdlfkjldsfksdfñl·%$·&amp;$/U&amp;/)(&amp;()?=)¿?^P*^PÑL,.,.lñ´ñ+98098'098098)" computerName="PC-SFERRARI" duration="00:00:00.0002374" startTime="2021-06-17T16:31:38.6106278+02:00" endTime="2021-06-17T16:31:38.6194576+02:00" testType="13cdc9d9-ddb5-4fa4-a97d-d965ccfc6d4b" outcome="Passed" testListId="8c84fa94-04c1-424b-9868-57a2d4851a1d" relativeResultsDirectory="f2587f39-e4a6-4c45-8067-bc86e7936268" dataRowInfo="3" resultType="DataDrivenDataRow" />
      </InnerResults>
    </UnitTestResult>
    <UnitTestResult executionId="c6c8e5a5-b8b9-4667-96f1-215be6a9aab1" testId="7be8a004-8e29-0f01-8ada-f15377193150" testName="ToContentType_Passing_ValidValueString_Returns_ContentType" computerName="PC-SFERRARI" duration="00:00:00.0017060" startTime="2021-06-17T16:31:38.9593746+02:00" endTime="2021-06-17T16:31:38.9611765+02:00" testType="13cdc9d9-ddb5-4fa4-a97d-d965ccfc6d4b" outcome="Passed" testListId="8c84fa94-04c1-424b-9868-57a2d4851a1d" relativeResultsDirectory="c6c8e5a5-b8b9-4667-96f1-215be6a9aab1" resultType="DataDrivenTest">
      <InnerResults>
        <UnitTestResult executionId="49849850-96d9-4c84-a080-9be92fa07e98" parentExecutionId="c6c8e5a5-b8b9-4667-96f1-215be6a9aab1" testId="7be8a004-8e29-0f01-8ada-f15377193150" testName="ToContentType_Passing_ValidValueString_Returns_ContentType (xxxx.pdf,application/pdf)" computerName="PC-SFERRARI" duration="00:00:00.0012439" startTime="2021-06-17T16:31:38.9593746+02:00" endTime="2021-06-17T16:31:38.9611765+02:00" testType="13cdc9d9-ddb5-4fa4-a97d-d965ccfc6d4b" outcome="Passed" testListId="8c84fa94-04c1-424b-9868-57a2d4851a1d" relativeResultsDirectory="49849850-96d9-4c84-a080-9be92fa07e98" dataRowInfo="1" resultType="DataDrivenDataRow" />
        <UnitTestResult executionId="859494d2-93d3-4206-ad3e-a0c308d7b773" parentExecutionId="c6c8e5a5-b8b9-4667-96f1-215be6a9aab1" testId="7be8a004-8e29-0f01-8ada-f15377193150" testName="ToContentType_Passing_ValidValueString_Returns_ContentType (xxxx.json,application/json)" computerName="PC-SFERRARI" duration="00:00:00.0000407" startTime="2021-06-17T16:31:38.9593746+02:00" endTime="2021-06-17T16:31:38.9611765+02:00" testType="13cdc9d9-ddb5-4fa4-a97d-d965ccfc6d4b" outcome="Passed" testListId="8c84fa94-04c1-424b-9868-57a2d4851a1d" relativeResultsDirectory="859494d2-93d3-4206-ad3e-a0c308d7b773" dataRowInfo="2" resultType="DataDrivenDataRow" />
        <UnitTestResult executionId="30309ec7-1ee8-4a8c-b61e-7e13b9b7f41c" parentExecutionId="c6c8e5a5-b8b9-4667-96f1-215be6a9aab1" testId="7be8a004-8e29-0f01-8ada-f15377193150" testName="ToContentType_Passing_ValidValueString_Returns_ContentType (xxxx.gif,image/gif)" computerName="PC-SFERRARI" duration="00:00:00.0000759" startTime="2021-06-17T16:31:38.9593746+02:00" endTime="2021-06-17T16:31:38.9611765+02:00" testType="13cdc9d9-ddb5-4fa4-a97d-d965ccfc6d4b" outcome="Passed" testListId="8c84fa94-04c1-424b-9868-57a2d4851a1d" relativeResultsDirectory="30309ec7-1ee8-4a8c-b61e-7e13b9b7f41c" dataRowInfo="3" resultType="DataDrivenDataRow" />
        <UnitTestResult executionId="62a8d40e-9b96-479c-a598-9a13d8b93513" parentExecutionId="c6c8e5a5-b8b9-4667-96f1-215be6a9aab1" testId="7be8a004-8e29-0f01-8ada-f15377193150" testName="ToContentType_Passing_ValidValueString_Returns_ContentType (xxxx.jpeg,image/jpeg)" computerName="PC-SFERRARI" duration="00:00:00.0000436" startTime="2021-06-17T16:31:38.9593746+02:00" endTime="2021-06-17T16:31:38.9611765+02:00" testType="13cdc9d9-ddb5-4fa4-a97d-d965ccfc6d4b" outcome="Passed" testListId="8c84fa94-04c1-424b-9868-57a2d4851a1d" relativeResultsDirectory="62a8d40e-9b96-479c-a598-9a13d8b93513" dataRowInfo="4" resultType="DataDrivenDataRow" />
        <UnitTestResult executionId="0bbebb9d-0d5e-4e42-8bb7-5d6b1f6e36a9" parentExecutionId="c6c8e5a5-b8b9-4667-96f1-215be6a9aab1" testId="7be8a004-8e29-0f01-8ada-f15377193150" testName="ToContentType_Passing_ValidValueString_Returns_ContentType (xxxx.html,text/html)" computerName="PC-SFERRARI" duration="00:00:00.0000391" startTime="2021-06-17T16:31:38.9593746+02:00" endTime="2021-06-17T16:31:38.9611765+02:00" testType="13cdc9d9-ddb5-4fa4-a97d-d965ccfc6d4b" outcome="Passed" testListId="8c84fa94-04c1-424b-9868-57a2d4851a1d" relativeResultsDirectory="0bbebb9d-0d5e-4e42-8bb7-5d6b1f6e36a9" dataRowInfo="5" resultType="DataDrivenDataRow" />
        <UnitTestResult executionId="65e10e21-357b-4462-8f85-367894070ca1" parentExecutionId="c6c8e5a5-b8b9-4667-96f1-215be6a9aab1" testId="7be8a004-8e29-0f01-8ada-f15377193150" testName="ToContentType_Passing_ValidValueString_Returns_ContentType (xxxx.txt,text/plain)" computerName="PC-SFERRARI" duration="00:00:00.0001069" startTime="2021-06-17T16:31:38.9593746+02:00" endTime="2021-06-17T16:31:38.9611765+02:00" testType="13cdc9d9-ddb5-4fa4-a97d-d965ccfc6d4b" outcome="Passed" testListId="8c84fa94-04c1-424b-9868-57a2d4851a1d" relativeResultsDirectory="65e10e21-357b-4462-8f85-367894070ca1" dataRowInfo="6" resultType="DataDrivenDataRow" />
      </InnerResults>
    </UnitTestResult>
    <UnitTestResult executionId="0290ca23-f3df-43d9-b607-d11cf121cecf" testId="fe683836-27ec-729e-5fe1-a9c2674a6d87" testName="IsRegexMatch_Passing_InvalidArguments_Returns_HasErrorsAndCount" computerName="PC-SFERRARI" duration="00:00:00.0004269" startTime="2021-06-17T16:31:38.1567796+02:00" endTime="2021-06-17T16:31:38.1574576+02:00" testType="13cdc9d9-ddb5-4fa4-a97d-d965ccfc6d4b" outcome="Passed" testListId="8c84fa94-04c1-424b-9868-57a2d4851a1d" relativeResultsDirectory="0290ca23-f3df-43d9-b607-d11cf121cecf" />
    <UnitTestResult executionId="0cb428fd-22af-483c-892a-dd08292fc1a6" testId="1e15a82e-c1da-d4c9-090a-c7fc200f7f58" testName="AddOrUpdate_Passing_Valid_Collection_Returns_Collection" computerName="PC-SFERRARI" duration="00:00:00.0016109" startTime="2021-06-17T16:31:38.5378123+02:00" endTime="2021-06-17T16:31:38.5397250+02:00" testType="13cdc9d9-ddb5-4fa4-a97d-d965ccfc6d4b" outcome="Passed" testListId="8c84fa94-04c1-424b-9868-57a2d4851a1d" relativeResultsDirectory="0cb428fd-22af-483c-892a-dd08292fc1a6" />
    <UnitTestResult executionId="b55969c1-9fe4-4648-9040-e84926c02d94" testId="801afd1a-5f3d-0d0c-471a-96452bf5bc35" testName="IsNullOrEmpty_Passing_InvalidArguments_Returns_HasErrorsAndCount" computerName="PC-SFERRARI" duration="00:00:00.0050069" startTime="2021-06-17T16:31:38.1429383+02:00" endTime="2021-06-17T16:31:38.1480919+02:00" testType="13cdc9d9-ddb5-4fa4-a97d-d965ccfc6d4b" outcome="Passed" testListId="8c84fa94-04c1-424b-9868-57a2d4851a1d" relativeResultsDirectory="b55969c1-9fe4-4648-9040-e84926c02d94" />
    <UnitTestResult executionId="89317e88-ab20-4bc6-8029-fbb2002c6475" testId="e608205e-4953-e9a3-1956-895ed42ab083" testName="IsFileExtension_Passing_InvalidArguments_Returns_HasErrorsAndCount" computerName="PC-SFERRARI" duration="00:00:00.0002128" startTime="2021-06-17T16:31:38.1168611+02:00" endTime="2021-06-17T16:31:38.1171604+02:00" testType="13cdc9d9-ddb5-4fa4-a97d-d965ccfc6d4b" outcome="Passed" testListId="8c84fa94-04c1-424b-9868-57a2d4851a1d" relativeResultsDirectory="89317e88-ab20-4bc6-8029-fbb2002c6475" />
    <UnitTestResult executionId="1788db82-c6ff-4745-abad-2ccbfa512453" testId="7f0aeefe-ba4a-5404-c6f8-82be67718cc4" testName="ToDirectoryDeleteFiles_Passing_ValidValue_Returns_DirectoryNoExists" computerName="PC-SFERRARI" duration="00:00:00.0139311" startTime="2021-06-17T16:31:38.9612532+02:00" endTime="2021-06-17T16:31:38.9753481+02:00" testType="13cdc9d9-ddb5-4fa4-a97d-d965ccfc6d4b" outcome="Passed" testListId="8c84fa94-04c1-424b-9868-57a2d4851a1d" relativeResultsDirectory="1788db82-c6ff-4745-abad-2ccbfa512453" />
    <UnitTestResult executionId="7ba22b41-da04-46f0-8401-0900121d512d" testId="21ae5425-e2d1-002f-334f-105a6a674a01" testName="ToEnvironment_ServiceCollection_Passing_Custom_Enviroment_Returns_Custom_Name" computerName="PC-SFERRARI" duration="00:00:00.0008964" startTime="2021-06-17T16:31:38.4220312+02:00" endTime="2021-06-17T16:31:38.4231009+02:00" testType="13cdc9d9-ddb5-4fa4-a97d-d965ccfc6d4b" outcome="Passed" testListId="8c84fa94-04c1-424b-9868-57a2d4851a1d" relativeResultsDirectory="7ba22b41-da04-46f0-8401-0900121d512d" />
    <UnitTestResult executionId="6f7cf0c9-0040-4dff-a976-ecb825095f8d" testId="f8b74494-d277-7173-e694-2a4d463a4607" testName="ToMapList_Passing_Source_Type_And_Destination_Type_Returns_Destination_Object_List" computerName="PC-SFERRARI" duration="00:00:00.0551454" startTime="2021-06-17T16:31:37.5859098+02:00" endTime="2021-06-17T16:31:37.6412113+02:00" testType="13cdc9d9-ddb5-4fa4-a97d-d965ccfc6d4b" outcome="Passed" testListId="8c84fa94-04c1-424b-9868-57a2d4851a1d" relativeResultsDirectory="6f7cf0c9-0040-4dff-a976-ecb825095f8d" />
    <UnitTestResult executionId="599ebf31-33d3-4842-a8f9-630d7f5f749c" testId="580ff04a-e5c0-9f2f-90c3-4f2aeafd15c5" testName="ToIsNullOrEmptyThrow_Passing_InvalidValue_Returns_ApplicationExceptionWithMessage" computerName="PC-SFERRARI" duration="00:00:00.0005191" startTime="2021-06-17T16:31:38.0774280+02:00" endTime="2021-06-17T16:31:38.0780423+02:00" testType="13cdc9d9-ddb5-4fa4-a97d-d965ccfc6d4b" outcome="Passed" testListId="8c84fa94-04c1-424b-9868-57a2d4851a1d" relativeResultsDirectory="599ebf31-33d3-4842-a8f9-630d7f5f749c" />
    <UnitTestResult executionId="50e93d04-900b-4a02-a64e-bc55119062f8" testId="65b9c427-b5ec-99b4-199a-0093cd460501" testName="ToUserName_Passing_Null_ClaimsPrincipal_Returns_ApplicationException" computerName="PC-SFERRARI" duration="00:00:00.0004924" startTime="2021-06-17T16:31:38.3708061+02:00" endTime="2021-06-17T16:31:38.3713675+02:00" testType="13cdc9d9-ddb5-4fa4-a97d-d965ccfc6d4b" outcome="Passed" testListId="8c84fa94-04c1-424b-9868-57a2d4851a1d" relativeResultsDirectory="50e93d04-900b-4a02-a64e-bc55119062f8" />
    <UnitTestResult executionId="132c697d-34f0-4bb7-b778-1ae4256c89c8" testId="15fe55e5-cdce-6280-ea15-ef777735767c" testName="ToEnvironment_ServiceCollection_Passing_Production_Enviroment_Returns_Production_Name" computerName="PC-SFERRARI" duration="00:00:00.0004453" startTime="2021-06-17T16:31:38.4238404+02:00" endTime="2021-06-17T16:31:38.4243588+02:00" testType="13cdc9d9-ddb5-4fa4-a97d-d965ccfc6d4b" outcome="Passed" testListId="8c84fa94-04c1-424b-9868-57a2d4851a1d" relativeResultsDirectory="132c697d-34f0-4bb7-b778-1ae4256c89c8" />
    <UnitTestResult executionId="822ec2b9-4e2d-4b0a-a1b6-b086e1e46ef2" testId="86b92527-4d52-052b-63ae-d9a8aa694919" testName="ToSettings_Passing_Values_From_Memory_Returns_Settings" computerName="PC-SFERRARI" duration="00:00:00.0008214" startTime="2021-06-17T16:31:38.5270251+02:00" endTime="2021-06-17T16:31:38.5279521+02:00" testType="13cdc9d9-ddb5-4fa4-a97d-d965ccfc6d4b" outcome="Passed" testListId="8c84fa94-04c1-424b-9868-57a2d4851a1d" relativeResultsDirectory="822ec2b9-4e2d-4b0a-a1b6-b086e1e46ef2" />
    <UnitTestResult executionId="0257c9f1-a87e-4d18-a41e-0c0327d3c719" testId="98d4dd82-eb94-c060-7aeb-9b0a39f334fb" testName="ToIsLastDayOfTheMonth_Passing_LastDayOfMonth_Returns_True" computerName="PC-SFERRARI" duration="00:00:00.0002533" startTime="2021-06-17T16:31:38.5295568+02:00" endTime="2021-06-17T16:31:38.5298684+02:00" testType="13cdc9d9-ddb5-4fa4-a97d-d965ccfc6d4b" outcome="Passed" testListId="8c84fa94-04c1-424b-9868-57a2d4851a1d" relativeResultsDirectory="0257c9f1-a87e-4d18-a41e-0c0327d3c719" />
    <UnitTestResult executionId="ebcfcd99-6f0a-40a7-b28c-762a001ac34b" testId="ac572b27-5286-68a4-5380-d7de82fbf69a" testName="ToFormat_Passing_ValidValueFormatWithArguments_Returns_ValueWithFormat" computerName="PC-SFERRARI" duration="00:00:00.0006311" startTime="2021-06-17T16:31:39.0677345+02:00" endTime="2021-06-17T16:31:39.0685837+02:00" testType="13cdc9d9-ddb5-4fa4-a97d-d965ccfc6d4b" outcome="Passed" testListId="8c84fa94-04c1-424b-9868-57a2d4851a1d" relativeResultsDirectory="ebcfcd99-6f0a-40a7-b28c-762a001ac34b" />
    <UnitTestResult executionId="969956fe-10f5-48b5-9644-dee26764eca2" testId="a272f84c-2bd5-daa4-4afe-22346b802f86" testName="ToGet_Passing_Claims_Returns_Claim_Value_Object" computerName="PC-SFERRARI" duration="00:00:00.0057926" startTime="2021-06-17T16:31:38.3562110+02:00" endTime="2021-06-17T16:31:38.3621443+02:00" testType="13cdc9d9-ddb5-4fa4-a97d-d965ccfc6d4b" outcome="Passed" testListId="8c84fa94-04c1-424b-9868-57a2d4851a1d" relativeResultsDirectory="969956fe-10f5-48b5-9644-dee26764eca2" />
    <UnitTestResult executionId="6f02f325-833a-48db-8ed2-4ce62f694748" testId="f828057e-351a-48b7-0028-e57f15c7217e" testName="ToDefaultValue_Passing_uint_Returns_Cero" computerName="PC-SFERRARI" duration="00:00:00.0006544" startTime="2021-06-17T16:31:38.6052939+02:00" endTime="2021-06-17T16:31:38.6060857+02:00" testType="13cdc9d9-ddb5-4fa4-a97d-d965ccfc6d4b" outcome="Passed" testListId="8c84fa94-04c1-424b-9868-57a2d4851a1d" relativeResultsDirectory="6f02f325-833a-48db-8ed2-4ce62f694748" resultType="DataDrivenTest">
      <InnerResults>
        <UnitTestResult executionId="4322ac51-a73a-4a21-91c8-a5b588913139" parentExecutionId="6f02f325-833a-48db-8ed2-4ce62f694748" testId="f828057e-351a-48b7-0028-e57f15c7217e" testName="ToDefaultValue_Passing_uint_Returns_Cero (4294967295)" computerName="PC-SFERRARI" duration="00:00:00.0005838" startTime="2021-06-17T16:31:38.6052939+02:00" endTime="2021-06-17T16:31:38.6060857+02:00" testType="13cdc9d9-ddb5-4fa4-a97d-d965ccfc6d4b" outcome="Passed" testListId="8c84fa94-04c1-424b-9868-57a2d4851a1d" relativeResultsDirectory="4322ac51-a73a-4a21-91c8-a5b588913139" dataRowInfo="1" resultType="DataDrivenDataRow" />
      </InnerResults>
    </UnitTestResult>
    <UnitTestResult executionId="b09d1b47-f08d-4a3f-a55e-9af653c5aaf3" testId="6088101f-62c5-69c8-6751-05523b132d06" testName="CreateAndVerifySHA512_Passing_Valid_Arguments_Returns_True" computerName="PC-SFERRARI" duration="00:00:00.0012154" startTime="2021-06-17T16:31:38.6283793+02:00" endTime="2021-06-17T16:31:38.6297937+02:00" testType="13cdc9d9-ddb5-4fa4-a97d-d965ccfc6d4b" outcome="Passed" testListId="8c84fa94-04c1-424b-9868-57a2d4851a1d" relativeResultsDirectory="b09d1b47-f08d-4a3f-a55e-9af653c5aaf3" resultType="DataDrivenTest">
      <InnerResults>
        <UnitTestResult executionId="bb10405a-18ce-4a5b-91d2-50057370cf9c" parentExecutionId="b09d1b47-f08d-4a3f-a55e-9af653c5aaf3" testId="6088101f-62c5-69c8-6751-05523b132d06" testName="CreateAndVerifySHA512_Passing_Valid_Arguments_Returns_True (Password)" computerName="PC-SFERRARI" duration="00:00:00.0010559" startTime="2021-06-17T16:31:38.6283793+02:00" endTime="2021-06-17T16:31:38.6297937+02:00" testType="13cdc9d9-ddb5-4fa4-a97d-d965ccfc6d4b" outcome="Passed" testListId="8c84fa94-04c1-424b-9868-57a2d4851a1d" relativeResultsDirectory="bb10405a-18ce-4a5b-91d2-50057370cf9c" dataRowInfo="1" resultType="DataDrivenDataRow" />
        <UnitTestResult executionId="9715c6f4-d5e5-437a-8e0e-fb198dd66982" parentExecutionId="b09d1b47-f08d-4a3f-a55e-9af653c5aaf3" testId="6088101f-62c5-69c8-6751-05523b132d06" testName="CreateAndVerifySHA512_Passing_Valid_Arguments_Returns_True (HashTests)" computerName="PC-SFERRARI" duration="00:00:00.0000274" startTime="2021-06-17T16:31:38.6283793+02:00" endTime="2021-06-17T16:31:38.6297937+02:00" testType="13cdc9d9-ddb5-4fa4-a97d-d965ccfc6d4b" outcome="Passed" testListId="8c84fa94-04c1-424b-9868-57a2d4851a1d" relativeResultsDirectory="9715c6f4-d5e5-437a-8e0e-fb198dd66982" dataRowInfo="2" resultType="DataDrivenDataRow" />
        <UnitTestResult executionId="6e303755-e18a-406f-a10a-dfecda9de107" parentExecutionId="b09d1b47-f08d-4a3f-a55e-9af653c5aaf3" testId="6088101f-62c5-69c8-6751-05523b132d06" testName="CreateAndVerifySHA512_Passing_Valid_Arguments_Returns_True (sdlfkjldsfksdfñl·%$·&amp;$/U&amp;/)(&amp;()?=)¿?^P*^PÑL,.,.lñ´ñ+98098'098098)" computerName="PC-SFERRARI" duration="00:00:00.0000235" startTime="2021-06-17T16:31:38.6283793+02:00" endTime="2021-06-17T16:31:38.6297937+02:00" testType="13cdc9d9-ddb5-4fa4-a97d-d965ccfc6d4b" outcome="Passed" testListId="8c84fa94-04c1-424b-9868-57a2d4851a1d" relativeResultsDirectory="6e303755-e18a-406f-a10a-dfecda9de107" dataRowInfo="3" resultType="DataDrivenDataRow" />
      </InnerResults>
    </UnitTestResult>
    <UnitTestResult executionId="10e9c14d-96b7-43ae-ae22-73e0967e3ca0" testId="77fe17c3-3cf8-a189-4d95-b2e0d3ca9579" testName="CreateSHA256_Passing_Invalid_Arguments_Returns_ApplicationException" computerName="PC-SFERRARI" duration="00:00:00.0006971" startTime="2021-06-17T16:31:38.6348949+02:00" endTime="2021-06-17T16:31:38.6356956+02:00" testType="13cdc9d9-ddb5-4fa4-a97d-d965ccfc6d4b" outcome="Passed" testListId="8c84fa94-04c1-424b-9868-57a2d4851a1d" relativeResultsDirectory="10e9c14d-96b7-43ae-ae22-73e0967e3ca0" resultType="DataDrivenTest">
      <InnerResults>
        <UnitTestResult executionId="c4ed1206-b6b9-466f-8f22-2857bc6a05d3" parentExecutionId="10e9c14d-96b7-43ae-ae22-73e0967e3ca0" testId="77fe17c3-3cf8-a189-4d95-b2e0d3ca9579" testName="CreateSHA256_Passing_Invalid_Arguments_Returns_ApplicationException ()" computerName="PC-SFERRARI" duration="00:00:00.0004997" startTime="2021-06-17T16:31:38.6348949+02:00" endTime="2021-06-17T16:31:38.6356956+02:00" testType="13cdc9d9-ddb5-4fa4-a97d-d965ccfc6d4b" outcome="Passed" testListId="8c84fa94-04c1-424b-9868-57a2d4851a1d" relativeResultsDirectory="c4ed1206-b6b9-466f-8f22-2857bc6a05d3" dataRowInfo="1" resultType="DataDrivenDataRow" />
        <UnitTestResult executionId="efde078c-08ad-453c-b69d-af8284ad671e" parentExecutionId="10e9c14d-96b7-43ae-ae22-73e0967e3ca0" testId="77fe17c3-3cf8-a189-4d95-b2e0d3ca9579" testName="CreateSHA256_Passing_Invalid_Arguments_Returns_ApplicationException ()" computerName="PC-SFERRARI" duration="00:00:00.0000622" startTime="2021-06-17T16:31:38.6348949+02:00" endTime="2021-06-17T16:31:38.6356956+02:00" testType="13cdc9d9-ddb5-4fa4-a97d-d965ccfc6d4b" outcome="Passed" testListId="8c84fa94-04c1-424b-9868-57a2d4851a1d" relativeResultsDirectory="efde078c-08ad-453c-b69d-af8284ad671e" dataRowInfo="2" resultType="DataDrivenDataRow" />
        <UnitTestResult executionId="a738b1f5-17a7-418e-acc6-aae59ecc250a" parentExecutionId="10e9c14d-96b7-43ae-ae22-73e0967e3ca0" testId="77fe17c3-3cf8-a189-4d95-b2e0d3ca9579" testName="CreateSHA256_Passing_Invalid_Arguments_Returns_ApplicationException ( )" computerName="PC-SFERRARI" duration="00:00:00.0000554" startTime="2021-06-17T16:31:38.6348949+02:00" endTime="2021-06-17T16:31:38.6356956+02:00" testType="13cdc9d9-ddb5-4fa4-a97d-d965ccfc6d4b" outcome="Passed" testListId="8c84fa94-04c1-424b-9868-57a2d4851a1d" relativeResultsDirectory="a738b1f5-17a7-418e-acc6-aae59ecc250a" dataRowInfo="3" resultType="DataDrivenDataRow" />
      </InnerResults>
    </UnitTestResult>
    <UnitTestResult executionId="e6972cd9-fbd1-4048-8b6f-f0eb3bd7b16d" testId="f0f37a42-1a3a-10a5-5f17-e01b9915abd3" testName="ToPaged_Passing_Age_Ascending_Order_Returns_Filter_List" computerName="PC-SFERRARI" duration="00:00:00.0096119" startTime="2021-06-17T16:31:38.8664611+02:00" endTime="2021-06-17T16:31:38.8763495+02:00" testType="13cdc9d9-ddb5-4fa4-a97d-d965ccfc6d4b" outcome="Passed" testListId="8c84fa94-04c1-424b-9868-57a2d4851a1d" relativeResultsDirectory="e6972cd9-fbd1-4048-8b6f-f0eb3bd7b16d" />
    <UnitTestResult executionId="d9e2d5d6-a979-495f-85d6-d2684f3cae80" testId="b399a6be-77e5-c0ba-9b75-93d2ac763084" testName="ResultDataBadRequest_WithErrors_KeyValue" computerName="PC-SFERRARI" duration="00:00:00.0012406" startTime="2021-06-17T16:31:38.8986077+02:00" endTime="2021-06-17T16:31:38.8999850+02:00" testType="13cdc9d9-ddb5-4fa4-a97d-d965ccfc6d4b" outcome="Passed" testListId="8c84fa94-04c1-424b-9868-57a2d4851a1d" relativeResultsDirectory="d9e2d5d6-a979-495f-85d6-d2684f3cae80" />
    <UnitTestResult executionId="e3819be4-652e-4263-a1c0-91e2fecc1c04" testId="e2880a6e-7a01-b4ba-86fb-4d33be072972" testName="ToExists_Passing_Valid_Service_Returns_True" computerName="PC-SFERRARI" duration="00:00:00.0004268" startTime="2021-06-17T16:31:38.4262050+02:00" endTime="2021-06-17T16:31:38.4267250+02:00" testType="13cdc9d9-ddb5-4fa4-a97d-d965ccfc6d4b" outcome="Passed" testListId="8c84fa94-04c1-424b-9868-57a2d4851a1d" relativeResultsDirectory="e3819be4-652e-4263-a1c0-91e2fecc1c04" />
    <UnitTestResult executionId="da737e10-c714-45ac-9c51-c716e1510699" testId="c19b83a3-45fc-e848-cbcc-7f68b66eb4e3" testName="IsLowercase_Passing_InvalidArguments_Returns_HasErrorsAndCount" computerName="PC-SFERRARI" duration="00:00:00.0004742" startTime="2021-06-17T16:31:38.1377616+02:00" endTime="2021-06-17T16:31:38.1383290+02:00" testType="13cdc9d9-ddb5-4fa4-a97d-d965ccfc6d4b" outcome="Passed" testListId="8c84fa94-04c1-424b-9868-57a2d4851a1d" relativeResultsDirectory="da737e10-c714-45ac-9c51-c716e1510699" />
    <UnitTestResult executionId="848339a1-c7a4-415c-b085-76fe45f02398" testId="31ff6168-d18d-0013-7c18-0ff775714202" testName="ToEnum_Passing_InvalidValueString_Returns_EnumDefaultValue" computerName="PC-SFERRARI" duration="00:00:00.0001815" startTime="2021-06-17T16:31:39.0490303+02:00" endTime="2021-06-17T16:31:39.0493460+02:00" testType="13cdc9d9-ddb5-4fa4-a97d-d965ccfc6d4b" outcome="Passed" testListId="8c84fa94-04c1-424b-9868-57a2d4851a1d" relativeResultsDirectory="848339a1-c7a4-415c-b085-76fe45f02398" />
    <UnitTestResult executionId="e41295bf-50ba-46ce-8c90-8639a01619a8" testId="27cc1a96-8264-8762-05bc-aa63ccb155d7" testName="ToMapClone_Passing_Source_Returns_New_Source_Object" computerName="PC-SFERRARI" duration="00:00:00.4338270" startTime="2021-06-17T16:31:37.1514972+02:00" endTime="2021-06-17T16:31:37.5858527+02:00" testType="13cdc9d9-ddb5-4fa4-a97d-d965ccfc6d4b" outcome="Passed" testListId="8c84fa94-04c1-424b-9868-57a2d4851a1d" relativeResultsDirectory="e41295bf-50ba-46ce-8c90-8639a01619a8" />
    <UnitTestResult executionId="dc29f401-25cb-4677-8914-7ec0b46248b8" testId="ab274dac-b194-4e0f-6fab-a20667b535a8" testName="ToMapMerge_Passing_Destination_Object_Returns_Merged_Destination_Object" computerName="PC-SFERRARI" duration="00:00:00.0157848" startTime="2021-06-17T16:31:37.6412671+02:00" endTime="2021-06-17T16:31:37.6571996+02:00" testType="13cdc9d9-ddb5-4fa4-a97d-d965ccfc6d4b" outcome="Passed" testListId="8c84fa94-04c1-424b-9868-57a2d4851a1d" relativeResultsDirectory="dc29f401-25cb-4677-8914-7ec0b46248b8" />
    <UnitTestResult executionId="21157858-7591-4860-ad5f-c91bbc32f44f" testId="26cc48e2-5e82-bc12-cf41-e3a984599b8d" testName="ToUserName_Passing_Invalid_ClaimsPrincipal_Returns_Null" computerName="PC-SFERRARI" duration="00:00:00.0006767" startTime="2021-06-17T16:31:38.3699617+02:00" endTime="2021-06-17T16:31:38.3707793+02:00" testType="13cdc9d9-ddb5-4fa4-a97d-d965ccfc6d4b" outcome="Passed" testListId="8c84fa94-04c1-424b-9868-57a2d4851a1d" relativeResultsDirectory="21157858-7591-4860-ad5f-c91bbc32f44f" />
    <UnitTestResult executionId="1db03b8b-754a-4ebf-b130-491f4d59fc2b" testId="481343f9-3ff3-548f-0c6c-41599cf65802" testName="CreateRandom_WithDefaultAllowableCharacters_Passing_ValidArguments_Returns_String_Random_Value" computerName="PC-SFERRARI" duration="00:00:00.0003891" startTime="2021-06-17T16:31:38.6343087+02:00" endTime="2021-06-17T16:31:38.6348477+02:00" testType="13cdc9d9-ddb5-4fa4-a97d-d965ccfc6d4b" outcome="Passed" testListId="8c84fa94-04c1-424b-9868-57a2d4851a1d" relativeResultsDirectory="1db03b8b-754a-4ebf-b130-491f4d59fc2b" resultType="DataDrivenTest">
      <InnerResults>
        <UnitTestResult executionId="5d6f57db-cbe4-4f7a-8acd-6913c9164307" parentExecutionId="1db03b8b-754a-4ebf-b130-491f4d59fc2b" testId="481343f9-3ff3-548f-0c6c-41599cf65802" testName="CreateRandom_WithDefaultAllowableCharacters_Passing_ValidArguments_Returns_String_Random_Value (5)" computerName="PC-SFERRARI" duration="00:00:00.0002689" startTime="2021-06-17T16:31:38.6343087+02:00" endTime="2021-06-17T16:31:38.6348477+02:00" testType="13cdc9d9-ddb5-4fa4-a97d-d965ccfc6d4b" outcome="Passed" testListId="8c84fa94-04c1-424b-9868-57a2d4851a1d" relativeResultsDirectory="5d6f57db-cbe4-4f7a-8acd-6913c9164307" dataRowInfo="1" resultType="DataDrivenDataRow" />
        <UnitTestResult executionId="6c4301ee-a820-4dbc-9734-cadb40449d61" parentExecutionId="1db03b8b-754a-4ebf-b130-491f4d59fc2b" testId="481343f9-3ff3-548f-0c6c-41599cf65802" testName="CreateRandom_WithDefaultAllowableCharacters_Passing_ValidArguments_Returns_String_Random_Value (10)" computerName="PC-SFERRARI" duration="00:00:00.0000135" startTime="2021-06-17T16:31:38.6343087+02:00" endTime="2021-06-17T16:31:38.6348477+02:00" testType="13cdc9d9-ddb5-4fa4-a97d-d965ccfc6d4b" outcome="Passed" testListId="8c84fa94-04c1-424b-9868-57a2d4851a1d" relativeResultsDirectory="6c4301ee-a820-4dbc-9734-cadb40449d61" dataRowInfo="2" resultType="DataDrivenDataRow" />
        <UnitTestResult executionId="747505b1-3ee1-4572-8d27-e3b9fbd1b7c0" parentExecutionId="1db03b8b-754a-4ebf-b130-491f4d59fc2b" testId="481343f9-3ff3-548f-0c6c-41599cf65802" testName="CreateRandom_WithDefaultAllowableCharacters_Passing_ValidArguments_Returns_String_Random_Value (20)" computerName="PC-SFERRARI" duration="00:00:00.0000113" startTime="2021-06-17T16:31:38.6343087+02:00" endTime="2021-06-17T16:31:38.6348477+02:00" testType="13cdc9d9-ddb5-4fa4-a97d-d965ccfc6d4b" outcome="Passed" testListId="8c84fa94-04c1-424b-9868-57a2d4851a1d" relativeResultsDirectory="747505b1-3ee1-4572-8d27-e3b9fbd1b7c0" dataRowInfo="3" resultType="DataDrivenDataRow" />
      </InnerResults>
    </UnitTestResult>
    <UnitTestResult executionId="4d892118-3c14-4de7-986c-a65d650da8f4" testId="bf8f6922-5666-8ec7-1500-aabd5997d6a4" testName="ToString_Passing_Valid_Collection_With_Custom_Separator_Returns_String_With_Custom_Separator" computerName="PC-SFERRARI" duration="00:00:00.0002684" startTime="2021-06-17T16:31:38.5579289+02:00" endTime="2021-06-17T16:31:38.5582803+02:00" testType="13cdc9d9-ddb5-4fa4-a97d-d965ccfc6d4b" outcome="Passed" testListId="8c84fa94-04c1-424b-9868-57a2d4851a1d" relativeResultsDirectory="4d892118-3c14-4de7-986c-a65d650da8f4" />
    <UnitTestResult executionId="4c18f91a-6260-4361-9773-bb69b7f3bd40" testId="4a3afd90-c6ab-e82e-40d8-b40450680318" testName="IsHostname_Passing_InvalidArguments_Returns_HasErrorsAndCount" computerName="PC-SFERRARI" duration="00:00:00.0009191" startTime="2021-06-17T16:31:38.1231319+02:00" endTime="2021-06-17T16:31:38.1241907+02:00" testType="13cdc9d9-ddb5-4fa4-a97d-d965ccfc6d4b" outcome="Passed" testListId="8c84fa94-04c1-424b-9868-57a2d4851a1d" relativeResultsDirectory="4c18f91a-6260-4361-9773-bb69b7f3bd40" />
    <UnitTestResult executionId="bb9054e5-fdf3-495d-b86b-0f41ac7c48bb" testId="4d9bde6c-668c-a1d3-dc60-edcfc6a4082c" testName="IsLess_Passing_InvalidArguments_Returns_HasErrorsAndCount" computerName="PC-SFERRARI" duration="00:00:00.0018397" startTime="2021-06-17T16:31:38.1357867+02:00" endTime="2021-06-17T16:31:38.1377164+02:00" testType="13cdc9d9-ddb5-4fa4-a97d-d965ccfc6d4b" outcome="Passed" testListId="8c84fa94-04c1-424b-9868-57a2d4851a1d" relativeResultsDirectory="bb9054e5-fdf3-495d-b86b-0f41ac7c48bb" />
    <UnitTestResult executionId="f16b8c38-c03b-4f81-b72c-bfdd2b2d9a98" testId="5e237822-3b9d-da27-9221-3ae1f5eb15b0" testName="ToEnvironment_Passing_Staging_Enviroment_Returns_Staging_Name" computerName="PC-SFERRARI" duration="00:00:00.0008354" startTime="2021-06-17T16:31:37.9789041+02:00" endTime="2021-06-17T16:31:37.9798809+02:00" testType="13cdc9d9-ddb5-4fa4-a97d-d965ccfc6d4b" outcome="Passed" testListId="8c84fa94-04c1-424b-9868-57a2d4851a1d" relativeResultsDirectory="f16b8c38-c03b-4f81-b72c-bfdd2b2d9a98" />
    <UnitTestResult executionId="0b75e465-60e6-41fe-bed8-0b0b69fccb58" testId="7a313c49-8adc-98e3-cdda-86b900f0ade6" testName="ToCompress_Passing_Value_Bytes_Returns_Value_Bytes" computerName="PC-SFERRARI" duration="00:00:00.0011066" startTime="2021-06-17T16:31:38.0482242+02:00" endTime="2021-06-17T16:31:38.0497486+02:00" testType="13cdc9d9-ddb5-4fa4-a97d-d965ccfc6d4b" outcome="Passed" testListId="8c84fa94-04c1-424b-9868-57a2d4851a1d" relativeResultsDirectory="0b75e465-60e6-41fe-bed8-0b0b69fccb58" />
    <UnitTestResult executionId="abf14119-771c-4390-9096-3bc726a53604" testId="6fc389b2-a5f3-ded0-63b6-7e1b4cca8442" testName="ToPaged_Passing_Name_Ascending_Order_Returns_Filter_List" computerName="PC-SFERRARI" duration="00:00:00.0015524" startTime="2021-06-17T16:31:38.8772761+02:00" endTime="2021-06-17T16:31:38.8789369+02:00" testType="13cdc9d9-ddb5-4fa4-a97d-d965ccfc6d4b" outcome="Passed" testListId="8c84fa94-04c1-424b-9868-57a2d4851a1d" relativeResultsDirectory="abf14119-771c-4390-9096-3bc726a53604" />
    <UnitTestResult executionId="cc7899e3-fef7-44b6-99f0-63a7e891698c" testId="19f76070-822e-31f8-2a9f-a96f774333a7" testName="ToInt_Passing_InvalidValueString_Returns_DefaultValue" computerName="PC-SFERRARI" duration="00:00:00.0004438" startTime="2021-06-17T16:31:39.0801190+02:00" endTime="2021-06-17T16:31:39.0806519+02:00" testType="13cdc9d9-ddb5-4fa4-a97d-d965ccfc6d4b" outcome="Passed" testListId="8c84fa94-04c1-424b-9868-57a2d4851a1d" relativeResultsDirectory="cc7899e3-fef7-44b6-99f0-63a7e891698c" resultType="DataDrivenTest">
      <InnerResults>
        <UnitTestResult executionId="f2f6ffaf-f37a-4d21-9de9-ee60d3a4fbae" parentExecutionId="cc7899e3-fef7-44b6-99f0-63a7e891698c" testId="19f76070-822e-31f8-2a9f-a96f774333a7" testName="ToInt_Passing_InvalidValueString_Returns_DefaultValue (1.3333)" computerName="PC-SFERRARI" duration="00:00:00.0003508" startTime="2021-06-17T16:31:39.0801190+02:00" endTime="2021-06-17T16:31:39.0806519+02:00" testType="13cdc9d9-ddb5-4fa4-a97d-d965ccfc6d4b" outcome="Passed" testListId="8c84fa94-04c1-424b-9868-57a2d4851a1d" relativeResultsDirectory="f2f6ffaf-f37a-4d21-9de9-ee60d3a4fbae" dataRowInfo="1" resultType="DataDrivenDataRow" />
        <UnitTestResult executionId="5a539a48-97e0-462c-9214-dc0118ed13bf" parentExecutionId="cc7899e3-fef7-44b6-99f0-63a7e891698c" testId="19f76070-822e-31f8-2a9f-a96f774333a7" testName="ToInt_Passing_InvalidValueString_Returns_DefaultValue (1,3333)" computerName="PC-SFERRARI" duration="00:00:00.0000056" startTime="2021-06-17T16:31:39.0801190+02:00" endTime="2021-06-17T16:31:39.0806519+02:00" testType="13cdc9d9-ddb5-4fa4-a97d-d965ccfc6d4b" outcome="Passed" testListId="8c84fa94-04c1-424b-9868-57a2d4851a1d" relativeResultsDirectory="5a539a48-97e0-462c-9214-dc0118ed13bf" dataRowInfo="2" resultType="DataDrivenDataRow" />
        <UnitTestResult executionId="9fec48e6-9d0c-47c4-8bf1-df29dabdf5a0" parentExecutionId="cc7899e3-fef7-44b6-99f0-63a7e891698c" testId="19f76070-822e-31f8-2a9f-a96f774333a7" testName="ToInt_Passing_InvalidValueString_Returns_DefaultValue (1.333,39)" computerName="PC-SFERRARI" duration="00:00:00.0000026" startTime="2021-06-17T16:31:39.0801190+02:00" endTime="2021-06-17T16:31:39.0806519+02:00" testType="13cdc9d9-ddb5-4fa4-a97d-d965ccfc6d4b" outcome="Passed" testListId="8c84fa94-04c1-424b-9868-57a2d4851a1d" relativeResultsDirectory="9fec48e6-9d0c-47c4-8bf1-df29dabdf5a0" dataRowInfo="3" resultType="DataDrivenDataRow" />
        <UnitTestResult executionId="473068ee-f35b-4665-b1a0-998ccdc7dcc4" parentExecutionId="cc7899e3-fef7-44b6-99f0-63a7e891698c" testId="19f76070-822e-31f8-2a9f-a96f774333a7" testName="ToInt_Passing_InvalidValueString_Returns_DefaultValue (999999439293294392492349329493294)" computerName="PC-SFERRARI" duration="00:00:00.0000038" startTime="2021-06-17T16:31:39.0801190+02:00" endTime="2021-06-17T16:31:39.0806519+02:00" testType="13cdc9d9-ddb5-4fa4-a97d-d965ccfc6d4b" outcome="Passed" testListId="8c84fa94-04c1-424b-9868-57a2d4851a1d" relativeResultsDirectory="473068ee-f35b-4665-b1a0-998ccdc7dcc4" dataRowInfo="4" resultType="DataDrivenDataRow" />
        <UnitTestResult executionId="f1bee8d6-7aad-44c8-8406-3775a757b20e" parentExecutionId="cc7899e3-fef7-44b6-99f0-63a7e891698c" testId="19f76070-822e-31f8-2a9f-a96f774333a7" testName="ToInt_Passing_InvalidValueString_Returns_DefaultValue (asdasdasdasd234324)" computerName="PC-SFERRARI" duration="00:00:00.0000029" startTime="2021-06-17T16:31:39.0801190+02:00" endTime="2021-06-17T16:31:39.0806519+02:00" testType="13cdc9d9-ddb5-4fa4-a97d-d965ccfc6d4b" outcome="Passed" testListId="8c84fa94-04c1-424b-9868-57a2d4851a1d" relativeResultsDirectory="f1bee8d6-7aad-44c8-8406-3775a757b20e" dataRowInfo="5" resultType="DataDrivenDataRow" />
      </InnerResults>
    </UnitTestResult>
    <UnitTestResult executionId="dea750d0-4bd7-463d-b18a-2b6cb504bad1" testId="1f6423c7-4317-6f5b-c112-f4c9c7e822af" testName="ToEmailMaskUserNameAndDomainAndExtension_Passing_ValidEmail_Returns_EmailWithMask" computerName="PC-SFERRARI" duration="00:00:00.0041411" startTime="2021-06-17T16:31:39.0277610+02:00" endTime="2021-06-17T16:31:39.0320417+02:00" testType="13cdc9d9-ddb5-4fa4-a97d-d965ccfc6d4b" outcome="Passed" testListId="8c84fa94-04c1-424b-9868-57a2d4851a1d" relativeResultsDirectory="dea750d0-4bd7-463d-b18a-2b6cb504bad1" resultType="DataDrivenTest">
      <InnerResults>
        <UnitTestResult executionId="4fc597e7-e937-42a8-bdfc-fc7808c29d65" parentExecutionId="dea750d0-4bd7-463d-b18a-2b6cb504bad1" testId="1f6423c7-4317-6f5b-c112-f4c9c7e822af" testName="ToEmailMaskUserNameAndDomainAndExtension_Passing_ValidEmail_Returns_EmailWithMask (qaz@gmail.com,q*z@g***l.c*m)" computerName="PC-SFERRARI" duration="00:00:00.0038642" startTime="2021-06-17T16:31:39.0277610+02:00" endTime="2021-06-17T16:31:39.0320417+02:00" testType="13cdc9d9-ddb5-4fa4-a97d-d965ccfc6d4b" outcome="Passed" testListId="8c84fa94-04c1-424b-9868-57a2d4851a1d" relativeResultsDirectory="4fc597e7-e937-42a8-bdfc-fc7808c29d65" dataRowInfo="1" resultType="DataDrivenDataRow" />
        <UnitTestResult executionId="fc817da5-950b-4f18-af89-63674e64c199" parentExecutionId="dea750d0-4bd7-463d-b18a-2b6cb504bad1" testId="1f6423c7-4317-6f5b-c112-f4c9c7e822af" testName="ToEmailMaskUserNameAndDomainAndExtension_Passing_ValidEmail_Returns_EmailWithMask (qazwsx@gmail.com,q****x@g***l.c*m)" computerName="PC-SFERRARI" duration="00:00:00.0000819" startTime="2021-06-17T16:31:39.0277610+02:00" endTime="2021-06-17T16:31:39.0320417+02:00" testType="13cdc9d9-ddb5-4fa4-a97d-d965ccfc6d4b" outcome="Passed" testListId="8c84fa94-04c1-424b-9868-57a2d4851a1d" relativeResultsDirectory="fc817da5-950b-4f18-af89-63674e64c199" dataRowInfo="2" resultType="DataDrivenDataRow" />
        <UnitTestResult executionId="08c3250b-7ed3-46ca-90e5-4b9da7ae6e1e" parentExecutionId="dea750d0-4bd7-463d-b18a-2b6cb504bad1" testId="1f6423c7-4317-6f5b-c112-f4c9c7e822af" testName="ToEmailMaskUserNameAndDomainAndExtension_Passing_ValidEmail_Returns_EmailWithMask (qazwsxedc@gmail.com,q*******c@g***l.c*m)" computerName="PC-SFERRARI" duration="00:00:00.0000176" startTime="2021-06-17T16:31:39.0277610+02:00" endTime="2021-06-17T16:31:39.0320417+02:00" testType="13cdc9d9-ddb5-4fa4-a97d-d965ccfc6d4b" outcome="Passed" testListId="8c84fa94-04c1-424b-9868-57a2d4851a1d" relativeResultsDirectory="08c3250b-7ed3-46ca-90e5-4b9da7ae6e1e" dataRowInfo="3" resultType="DataDrivenDataRow" />
        <UnitTestResult executionId="e802a576-8f2f-4392-ab32-baadf12da7c8" parentExecutionId="dea750d0-4bd7-463d-b18a-2b6cb504bad1" testId="1f6423c7-4317-6f5b-c112-f4c9c7e822af" testName="ToEmailMaskUserNameAndDomainAndExtension_Passing_ValidEmail_Returns_EmailWithMask (qaz@gmailgmail.com,q*z@g********l.c*m)" computerName="PC-SFERRARI" duration="00:00:00.0000115" startTime="2021-06-17T16:31:39.0277610+02:00" endTime="2021-06-17T16:31:39.0320417+02:00" testType="13cdc9d9-ddb5-4fa4-a97d-d965ccfc6d4b" outcome="Passed" testListId="8c84fa94-04c1-424b-9868-57a2d4851a1d" relativeResultsDirectory="e802a576-8f2f-4392-ab32-baadf12da7c8" dataRowInfo="4" resultType="DataDrivenDataRow" />
        <UnitTestResult executionId="06d9c7cb-34e9-48ce-96e7-c13de8d09f73" parentExecutionId="dea750d0-4bd7-463d-b18a-2b6cb504bad1" testId="1f6423c7-4317-6f5b-c112-f4c9c7e822af" testName="ToEmailMaskUserNameAndDomainAndExtension_Passing_ValidEmail_Returns_EmailWithMask (qazwsx@gmailgmail.com,q****x@g********l.c*m)" computerName="PC-SFERRARI" duration="00:00:00.0000264" startTime="2021-06-17T16:31:39.0277610+02:00" endTime="2021-06-17T16:31:39.0320417+02:00" testType="13cdc9d9-ddb5-4fa4-a97d-d965ccfc6d4b" outcome="Passed" testListId="8c84fa94-04c1-424b-9868-57a2d4851a1d" relativeResultsDirectory="06d9c7cb-34e9-48ce-96e7-c13de8d09f73" dataRowInfo="5" resultType="DataDrivenDataRow" />
        <UnitTestResult executionId="43dea9a8-a0a2-4a41-bd99-746f144025b4" parentExecutionId="dea750d0-4bd7-463d-b18a-2b6cb504bad1" testId="1f6423c7-4317-6f5b-c112-f4c9c7e822af" testName="ToEmailMaskUserNameAndDomainAndExtension_Passing_ValidEmail_Returns_EmailWithMask (qazwsxedc@gmailgmail.com,q*******c@g********l.c*m)" computerName="PC-SFERRARI" duration="00:00:00.0000134" startTime="2021-06-17T16:31:39.0277610+02:00" endTime="2021-06-17T16:31:39.0320417+02:00" testType="13cdc9d9-ddb5-4fa4-a97d-d965ccfc6d4b" outcome="Passed" testListId="8c84fa94-04c1-424b-9868-57a2d4851a1d" relativeResultsDirectory="43dea9a8-a0a2-4a41-bd99-746f144025b4" dataRowInfo="6" resultType="DataDrivenDataRow" />
      </InnerResults>
    </UnitTestResult>
    <UnitTestResult executionId="c3f208f5-4d28-478b-b8b4-6ea35a169c3f" testId="34e0940c-fc9c-71db-fc18-7d52ee8761a0" testName="ToAuthenticationType_Passing_Claims_Returns_Null" computerName="PC-SFERRARI" duration="00:00:00.0009880" startTime="2021-06-17T16:31:38.2596189+02:00" endTime="2021-06-17T16:31:38.2607894+02:00" testType="13cdc9d9-ddb5-4fa4-a97d-d965ccfc6d4b" outcome="Passed" testListId="8c84fa94-04c1-424b-9868-57a2d4851a1d" relativeResultsDirectory="c3f208f5-4d28-478b-b8b4-6ea35a169c3f" />
    <UnitTestResult executionId="30127659-7016-4bca-928f-38278cfa48fe" testId="db5f34ff-df7c-44e5-6721-c319db8d6da0" testName="ToTryGetHeader_Passing_HttpRequest_Header_Many_Values_Returns_Values" computerName="PC-SFERRARI" duration="00:00:00.0013225" startTime="2021-06-17T16:31:38.7183816+02:00" endTime="2021-06-17T16:31:38.7198334+02:00" testType="13cdc9d9-ddb5-4fa4-a97d-d965ccfc6d4b" outcome="Passed" testListId="8c84fa94-04c1-424b-9868-57a2d4851a1d" relativeResultsDirectory="30127659-7016-4bca-928f-38278cfa48fe" />
    <UnitTestResult executionId="0ba0656b-ada5-4b19-a3d0-01f5700ad94f" testId="c87d842d-198f-fc52-0a70-418a5e5378ab" testName="IsEqual_Passing_InvalidArguments_Returns_HasErrorsAndCount" computerName="PC-SFERRARI" duration="00:00:00.0007748" startTime="2021-06-17T16:31:38.1141663+02:00" endTime="2021-06-17T16:31:38.1150579+02:00" testType="13cdc9d9-ddb5-4fa4-a97d-d965ccfc6d4b" outcome="Passed" testListId="8c84fa94-04c1-424b-9868-57a2d4851a1d" relativeResultsDirectory="0ba0656b-ada5-4b19-a3d0-01f5700ad94f" />
    <UnitTestResult executionId="4d60cebe-42f4-4764-a85c-7b2e9d3e9dee" testId="57d3cdd8-8268-9aa3-6f39-3cc0224b305c" testName="ToExists_Passing_Claims_Returns_True" computerName="PC-SFERRARI" duration="00:00:00.0015428" startTime="2021-06-17T16:31:38.2785492+02:00" endTime="2021-06-17T16:31:38.2802465+02:00" testType="13cdc9d9-ddb5-4fa4-a97d-d965ccfc6d4b" outcome="Passed" testListId="8c84fa94-04c1-424b-9868-57a2d4851a1d" relativeResultsDirectory="4d60cebe-42f4-4764-a85c-7b2e9d3e9dee" />
    <UnitTestResult executionId="157069e2-ea5f-46be-ac35-9a7476d4c016" testId="e9b23f0c-0cde-4603-1739-ee642fd33c36" testName="ToSubdomain_Passing_HttpRequest_Host_Returns_Subdomain" computerName="PC-SFERRARI" duration="00:00:00.0011463" startTime="2021-06-17T16:31:38.7159020+02:00" endTime="2021-06-17T16:31:38.7171896+02:00" testType="13cdc9d9-ddb5-4fa4-a97d-d965ccfc6d4b" outcome="Passed" testListId="8c84fa94-04c1-424b-9868-57a2d4851a1d" relativeResultsDirectory="157069e2-ea5f-46be-ac35-9a7476d4c016" />
    <UnitTestResult executionId="74593d6e-ce6d-44ef-bf4e-7eb13ac47cbf" testId="bc15aa99-72de-0e5a-b6e8-2d654659d591" testName="ToUri_Passing_InvalidValueString_Returns_DefaultValue" computerName="PC-SFERRARI" duration="00:00:00.0018698" startTime="2021-06-17T16:31:39.1377632+02:00" endTime="2021-06-17T16:31:39.1398691+02:00" testType="13cdc9d9-ddb5-4fa4-a97d-d965ccfc6d4b" outcome="Passed" testListId="8c84fa94-04c1-424b-9868-57a2d4851a1d" relativeResultsDirectory="74593d6e-ce6d-44ef-bf4e-7eb13ac47cbf" resultType="DataDrivenTest">
      <InnerResults>
        <UnitTestResult executionId="d7b697e2-737d-4795-842f-1efd9629e4c4" parentExecutionId="74593d6e-ce6d-44ef-bf4e-7eb13ac47cbf" testId="bc15aa99-72de-0e5a-b6e8-2d654659d591" testName="ToUri_Passing_InvalidValueString_Returns_DefaultValue (http://?)" computerName="PC-SFERRARI" duration="00:00:00.0015589" startTime="2021-06-17T16:31:39.1377632+02:00" endTime="2021-06-17T16:31:39.1398691+02:00" testType="13cdc9d9-ddb5-4fa4-a97d-d965ccfc6d4b" outcome="Passed" testListId="8c84fa94-04c1-424b-9868-57a2d4851a1d" relativeResultsDirectory="d7b697e2-737d-4795-842f-1efd9629e4c4" dataRowInfo="1" resultType="DataDrivenDataRow" />
        <UnitTestResult executionId="d85f8964-87e3-4416-ae1b-7d685893440f" parentExecutionId="74593d6e-ce6d-44ef-bf4e-7eb13ac47cbf" testId="bc15aa99-72de-0e5a-b6e8-2d654659d591" testName="ToUri_Passing_InvalidValueString_Returns_DefaultValue (http://)" computerName="PC-SFERRARI" duration="00:00:00.0000165" startTime="2021-06-17T16:31:39.1377632+02:00" endTime="2021-06-17T16:31:39.1398691+02:00" testType="13cdc9d9-ddb5-4fa4-a97d-d965ccfc6d4b" outcome="Passed" testListId="8c84fa94-04c1-424b-9868-57a2d4851a1d" relativeResultsDirectory="d85f8964-87e3-4416-ae1b-7d685893440f" dataRowInfo="2" resultType="DataDrivenDataRow" />
        <UnitTestResult executionId="65e614ba-8f5a-4d2e-bdbb-0ea8d727a333" parentExecutionId="74593d6e-ce6d-44ef-bf4e-7eb13ac47cbf" testId="bc15aa99-72de-0e5a-b6e8-2d654659d591" testName="ToUri_Passing_InvalidValueString_Returns_DefaultValue (http://.)" computerName="PC-SFERRARI" duration="00:00:00.0000284" startTime="2021-06-17T16:31:39.1377632+02:00" endTime="2021-06-17T16:31:39.1398691+02:00" testType="13cdc9d9-ddb5-4fa4-a97d-d965ccfc6d4b" outcome="Passed" testListId="8c84fa94-04c1-424b-9868-57a2d4851a1d" relativeResultsDirectory="65e614ba-8f5a-4d2e-bdbb-0ea8d727a333" dataRowInfo="3" resultType="DataDrivenDataRow" />
        <UnitTestResult executionId="ec2a63e2-4aa2-4f20-a8b7-8f8bec0adc9a" parentExecutionId="74593d6e-ce6d-44ef-bf4e-7eb13ac47cbf" testId="bc15aa99-72de-0e5a-b6e8-2d654659d591" testName="ToUri_Passing_InvalidValueString_Returns_DefaultValue (http://..)" computerName="PC-SFERRARI" duration="00:00:00.0000068" startTime="2021-06-17T16:31:39.1377632+02:00" endTime="2021-06-17T16:31:39.1398691+02:00" testType="13cdc9d9-ddb5-4fa4-a97d-d965ccfc6d4b" outcome="Passed" testListId="8c84fa94-04c1-424b-9868-57a2d4851a1d" relativeResultsDirectory="ec2a63e2-4aa2-4f20-a8b7-8f8bec0adc9a" dataRowInfo="4" resultType="DataDrivenDataRow" />
        <UnitTestResult executionId="c64bd0a1-e60a-4a5c-97f1-9a030aa389d4" parentExecutionId="74593d6e-ce6d-44ef-bf4e-7eb13ac47cbf" testId="bc15aa99-72de-0e5a-b6e8-2d654659d591" testName="ToUri_Passing_InvalidValueString_Returns_DefaultValue (http://../)" computerName="PC-SFERRARI" duration="00:00:00.0000051" startTime="2021-06-17T16:31:39.1377632+02:00" endTime="2021-06-17T16:31:39.1398691+02:00" testType="13cdc9d9-ddb5-4fa4-a97d-d965ccfc6d4b" outcome="Passed" testListId="8c84fa94-04c1-424b-9868-57a2d4851a1d" relativeResultsDirectory="c64bd0a1-e60a-4a5c-97f1-9a030aa389d4" dataRowInfo="5" resultType="DataDrivenDataRow" />
        <UnitTestResult executionId="44ecd7c2-3e6e-49d1-8baf-2be1948079c2" parentExecutionId="74593d6e-ce6d-44ef-bf4e-7eb13ac47cbf" testId="bc15aa99-72de-0e5a-b6e8-2d654659d591" testName="ToUri_Passing_InvalidValueString_Returns_DefaultValue (http://?)" computerName="PC-SFERRARI" duration="00:00:00.0000048" startTime="2021-06-17T16:31:39.1377632+02:00" endTime="2021-06-17T16:31:39.1398691+02:00" testType="13cdc9d9-ddb5-4fa4-a97d-d965ccfc6d4b" outcome="Passed" testListId="8c84fa94-04c1-424b-9868-57a2d4851a1d" relativeResultsDirectory="44ecd7c2-3e6e-49d1-8baf-2be1948079c2" dataRowInfo="6" resultType="DataDrivenDataRow" />
        <UnitTestResult executionId="eeaa1da2-c29b-4f2e-9046-5ba71ec9632d" parentExecutionId="74593d6e-ce6d-44ef-bf4e-7eb13ac47cbf" testId="bc15aa99-72de-0e5a-b6e8-2d654659d591" testName="ToUri_Passing_InvalidValueString_Returns_DefaultValue (http://??)" computerName="PC-SFERRARI" duration="00:00:00.0000044" startTime="2021-06-17T16:31:39.1377632+02:00" endTime="2021-06-17T16:31:39.1398691+02:00" testType="13cdc9d9-ddb5-4fa4-a97d-d965ccfc6d4b" outcome="Passed" testListId="8c84fa94-04c1-424b-9868-57a2d4851a1d" relativeResultsDirectory="eeaa1da2-c29b-4f2e-9046-5ba71ec9632d" dataRowInfo="7" resultType="DataDrivenDataRow" />
        <UnitTestResult executionId="e1f905fc-6429-4881-aaae-dfc0b356cab4" parentExecutionId="74593d6e-ce6d-44ef-bf4e-7eb13ac47cbf" testId="bc15aa99-72de-0e5a-b6e8-2d654659d591" testName="ToUri_Passing_InvalidValueString_Returns_DefaultValue (http://??/)" computerName="PC-SFERRARI" duration="00:00:00.0000045" startTime="2021-06-17T16:31:39.1377632+02:00" endTime="2021-06-17T16:31:39.1398691+02:00" testType="13cdc9d9-ddb5-4fa4-a97d-d965ccfc6d4b" outcome="Passed" testListId="8c84fa94-04c1-424b-9868-57a2d4851a1d" relativeResultsDirectory="e1f905fc-6429-4881-aaae-dfc0b356cab4" dataRowInfo="8" resultType="DataDrivenDataRow" />
        <UnitTestResult executionId="55fcd4f7-da29-4f05-8ef1-2a444443a767" parentExecutionId="74593d6e-ce6d-44ef-bf4e-7eb13ac47cbf" testId="bc15aa99-72de-0e5a-b6e8-2d654659d591" testName="ToUri_Passing_InvalidValueString_Returns_DefaultValue (http://#)" computerName="PC-SFERRARI" duration="00:00:00.0000047" startTime="2021-06-17T16:31:39.1377632+02:00" endTime="2021-06-17T16:31:39.1398691+02:00" testType="13cdc9d9-ddb5-4fa4-a97d-d965ccfc6d4b" outcome="Passed" testListId="8c84fa94-04c1-424b-9868-57a2d4851a1d" relativeResultsDirectory="55fcd4f7-da29-4f05-8ef1-2a444443a767" dataRowInfo="9" resultType="DataDrivenDataRow" />
        <UnitTestResult executionId="9c5f8597-c630-4b58-b181-3a3b31ddbe9b" parentExecutionId="74593d6e-ce6d-44ef-bf4e-7eb13ac47cbf" testId="bc15aa99-72de-0e5a-b6e8-2d654659d591" testName="ToUri_Passing_InvalidValueString_Returns_DefaultValue (http://##)" computerName="PC-SFERRARI" duration="00:00:00.0000045" startTime="2021-06-17T16:31:39.1377632+02:00" endTime="2021-06-17T16:31:39.1398691+02:00" testType="13cdc9d9-ddb5-4fa4-a97d-d965ccfc6d4b" outcome="Passed" testListId="8c84fa94-04c1-424b-9868-57a2d4851a1d" relativeResultsDirectory="9c5f8597-c630-4b58-b181-3a3b31ddbe9b" dataRowInfo="10" resultType="DataDrivenDataRow" />
        <UnitTestResult executionId="dd45a94e-f322-475e-a68c-81e90749d5c2" parentExecutionId="74593d6e-ce6d-44ef-bf4e-7eb13ac47cbf" testId="bc15aa99-72de-0e5a-b6e8-2d654659d591" testName="ToUri_Passing_InvalidValueString_Returns_DefaultValue (http://##/)" computerName="PC-SFERRARI" duration="00:00:00.0000044" startTime="2021-06-17T16:31:39.1377632+02:00" endTime="2021-06-17T16:31:39.1398691+02:00" testType="13cdc9d9-ddb5-4fa4-a97d-d965ccfc6d4b" outcome="Passed" testListId="8c84fa94-04c1-424b-9868-57a2d4851a1d" relativeResultsDirectory="dd45a94e-f322-475e-a68c-81e90749d5c2" dataRowInfo="11" resultType="DataDrivenDataRow" />
      </InnerResults>
    </UnitTestResult>
    <UnitTestResult executionId="7d7b90f0-a1e8-474e-8f5d-c535c7bf7378" testId="c330741e-ad40-618c-36cc-508c135d2b95" testName="ToService_Passing_NotFound_Service_Returns_Null" computerName="PC-SFERRARI" duration="00:00:00.0002898" startTime="2021-06-17T16:31:38.4628659+02:00" endTime="2021-06-17T16:31:38.4632921+02:00" testType="13cdc9d9-ddb5-4fa4-a97d-d965ccfc6d4b" outcome="Passed" testListId="8c84fa94-04c1-424b-9868-57a2d4851a1d" relativeResultsDirectory="7d7b90f0-a1e8-474e-8f5d-c535c7bf7378" />
    <UnitTestResult executionId="d53508ee-f07f-4bca-8558-0730150093c4" testId="a03675ec-665e-f4d5-4630-89e50dac0bfb" testName="ToTryContentType_Passing_HttpRequestWithContentType_Value_Returns_ContentType_String_Value" computerName="PC-SFERRARI" duration="00:00:00.0009933" startTime="2021-06-17T16:31:38.7172350+02:00" endTime="2021-06-17T16:31:38.7183410+02:00" testType="13cdc9d9-ddb5-4fa4-a97d-d965ccfc6d4b" outcome="Passed" testListId="8c84fa94-04c1-424b-9868-57a2d4851a1d" relativeResultsDirectory="d53508ee-f07f-4bca-8558-0730150093c4" />
    <UnitTestResult executionId="b1c6cbec-6582-46a6-8fb4-3873c78a8f90" testId="18040ed3-941e-dd1e-cb8c-4d34d103f370" testName="ToIsWeekend_Passing_Saturday_DateTime_Returns_True" computerName="PC-SFERRARI" duration="00:00:00.0001295" startTime="2021-06-17T16:31:38.5334578+02:00" endTime="2021-06-17T16:31:38.5336488+02:00" testType="13cdc9d9-ddb5-4fa4-a97d-d965ccfc6d4b" outcome="Passed" testListId="8c84fa94-04c1-424b-9868-57a2d4851a1d" relativeResultsDirectory="b1c6cbec-6582-46a6-8fb4-3873c78a8f90" />
    <UnitTestResult executionId="52049885-fb3f-45af-91c2-198ce09e9208" testId="bf48e581-43e6-7660-c4f4-1b7deb1f0ed9" testName="ToConfiguration_Passing_Valid_DirectoryPath_Invalid_JsonFileName_Not_Optional_Returns_ApplicationException" computerName="PC-SFERRARI" duration="00:00:00.0022414" startTime="2021-06-17T16:31:38.3862265+02:00" endTime="2021-06-17T16:31:38.3885614+02:00" testType="13cdc9d9-ddb5-4fa4-a97d-d965ccfc6d4b" outcome="Passed" testListId="8c84fa94-04c1-424b-9868-57a2d4851a1d" relativeResultsDirectory="52049885-fb3f-45af-91c2-198ce09e9208" />
    <UnitTestResult executionId="13aeefb9-361c-416f-8969-419757ee498e" testId="4ff63349-9eef-ad1f-85cf-a84cda1ff120" testName="ToDetails_Passing_HttpContext_Returns_Details_HttpContext" computerName="PC-SFERRARI" duration="00:00:00.0185677" startTime="2021-06-17T16:31:38.6427735+02:00" endTime="2021-06-17T16:31:38.6616793+02:00" testType="13cdc9d9-ddb5-4fa4-a97d-d965ccfc6d4b" outcome="Passed" testListId="8c84fa94-04c1-424b-9868-57a2d4851a1d" relativeResultsDirectory="13aeefb9-361c-416f-8969-419757ee498e" />
    <UnitTestResult executionId="25890c37-5535-4f4c-888d-2c09c8756323" testId="e53d2439-2080-43bd-e38b-a60253b60af1" testName="ToPaged_Passing_Age_Descending_Order_Returns_Filter_List" computerName="PC-SFERRARI" duration="00:00:00.0007014" startTime="2021-06-17T16:31:38.8764044+02:00" endTime="2021-06-17T16:31:38.8772318+02:00" testType="13cdc9d9-ddb5-4fa4-a97d-d965ccfc6d4b" outcome="Passed" testListId="8c84fa94-04c1-424b-9868-57a2d4851a1d" relativeResultsDirectory="25890c37-5535-4f4c-888d-2c09c8756323" />
    <UnitTestResult executionId="31ed3125-cce9-4dcb-bcb9-1b5ca98a1b17" testId="ba2fdcb8-dc8f-63a2-c706-a9f24fc7cf16" testName="ToRandom_Passing_Invalid_Empty_Value_Returns_Null" computerName="PC-SFERRARI" duration="00:00:00.0005220" startTime="2021-06-17T16:31:39.1134579+02:00" endTime="2021-06-17T16:31:39.1155339+02:00" testType="13cdc9d9-ddb5-4fa4-a97d-d965ccfc6d4b" outcome="Passed" testListId="8c84fa94-04c1-424b-9868-57a2d4851a1d" relativeResultsDirectory="31ed3125-cce9-4dcb-bcb9-1b5ca98a1b17" />
    <UnitTestResult executionId="8a6c0886-ca7c-4e7e-b8f2-1337fdb7d69f" testId="1dab5b85-21d2-af6f-92e5-af8126f0e2fb" testName="ToIsNameThrow_Passing_InvalidValue_Returns_ApplicationExceptionWithMessage" computerName="PC-SFERRARI" duration="00:00:00.0045026" startTime="2021-06-17T16:31:38.0706504+02:00" endTime="2021-06-17T16:31:38.0753081+02:00" testType="13cdc9d9-ddb5-4fa4-a97d-d965ccfc6d4b" outcome="Passed" testListId="8c84fa94-04c1-424b-9868-57a2d4851a1d" relativeResultsDirectory="8a6c0886-ca7c-4e7e-b8f2-1337fdb7d69f" />
    <UnitTestResult executionId="30148c7a-37ed-488c-9b49-636e1e3ebe6b" testId="0cfd0c7c-1a61-7d19-c2fa-3c8a47ccf09c" testName="ToValues_Passing_ValidEnumType_Returns_ValuesListString" computerName="PC-SFERRARI" duration="00:00:00.0009515" startTime="2021-06-17T16:31:38.5774257+02:00" endTime="2021-06-17T16:31:38.5784463+02:00" testType="13cdc9d9-ddb5-4fa4-a97d-d965ccfc6d4b" outcome="Passed" testListId="8c84fa94-04c1-424b-9868-57a2d4851a1d" relativeResultsDirectory="30148c7a-37ed-488c-9b49-636e1e3ebe6b" />
    <UnitTestResult executionId="15588ee1-8115-45d0-a53c-514cc1794683" testId="d7c20db6-f712-8539-ac01-01e8f4033fac" testName="IsFile_Passing_InvalidArguments_Returns_HasErrorsAndCount" computerName="PC-SFERRARI" duration="00:00:00.0003125" startTime="2021-06-17T16:31:38.1171935+02:00" endTime="2021-06-17T16:31:38.1176002+02:00" testType="13cdc9d9-ddb5-4fa4-a97d-d965ccfc6d4b" outcome="Passed" testListId="8c84fa94-04c1-424b-9868-57a2d4851a1d" relativeResultsDirectory="15588ee1-8115-45d0-a53c-514cc1794683" />
    <UnitTestResult executionId="fad16a5d-2ef9-4255-843d-b264b26200b7" testId="e37f41d3-77a8-1acd-c258-fbb5b724b134" testName="ToDefaultValue_Passing_ValidInt_Returns_DefaultValue" computerName="PC-SFERRARI" duration="00:00:00.0001621" startTime="2021-06-17T16:31:39.2631037+02:00" endTime="2021-06-17T16:31:39.2633630+02:00" testType="13cdc9d9-ddb5-4fa4-a97d-d965ccfc6d4b" outcome="Passed" testListId="8c84fa94-04c1-424b-9868-57a2d4851a1d" relativeResultsDirectory="fad16a5d-2ef9-4255-843d-b264b26200b7" />
    <UnitTestResult executionId="0d914f53-951b-4020-b75f-8b17cb1909d7" testId="d5506b30-7041-6d90-bd03-bcd5b2479c40" testName="ToHashAlgorithmName_Passing_InvalidValueLowerCaseStringWithDefaultValue_Returns_DefaultValue" computerName="PC-SFERRARI" duration="00:00:00.0052023" startTime="2021-06-17T16:31:39.0686347+02:00" endTime="2021-06-17T16:31:39.0739823+02:00" testType="13cdc9d9-ddb5-4fa4-a97d-d965ccfc6d4b" outcome="Passed" testListId="8c84fa94-04c1-424b-9868-57a2d4851a1d" relativeResultsDirectory="0d914f53-951b-4020-b75f-8b17cb1909d7" resultType="DataDrivenTest">
      <InnerResults>
        <UnitTestResult executionId="40f0cfb0-a691-44e5-aded-685cb2c56efc" parentExecutionId="0d914f53-951b-4020-b75f-8b17cb1909d7" testId="d5506b30-7041-6d90-bd03-bcd5b2479c40" testName="ToHashAlgorithmName_Passing_InvalidValueLowerCaseStringWithDefaultValue_Returns_DefaultValue (md5)" computerName="PC-SFERRARI" duration="00:00:00.0051145" startTime="2021-06-17T16:31:39.0686347+02:00" endTime="2021-06-17T16:31:39.0739823+02:00" testType="13cdc9d9-ddb5-4fa4-a97d-d965ccfc6d4b" outcome="Passed" testListId="8c84fa94-04c1-424b-9868-57a2d4851a1d" relativeResultsDirectory="40f0cfb0-a691-44e5-aded-685cb2c56efc" dataRowInfo="1" resultType="DataDrivenDataRow" />
      </InnerResults>
    </UnitTestResult>
    <UnitTestResult executionId="847d91af-1f3c-41d8-8a60-5469ea2eb81e" testId="3f0bf65d-a3af-41bf-ac79-126a0efc4fd4" testName="ToService_Passing_Service_Not_Found_Returns_Null" computerName="PC-SFERRARI" duration="00:00:00.0003830" startTime="2021-06-17T16:31:37.9824140+02:00" endTime="2021-06-17T16:31:37.9829044+02:00" testType="13cdc9d9-ddb5-4fa4-a97d-d965ccfc6d4b" outcome="Passed" testListId="8c84fa94-04c1-424b-9868-57a2d4851a1d" relativeResultsDirectory="847d91af-1f3c-41d8-8a60-5469ea2eb81e" />
    <UnitTestResult executionId="4ffa4808-abe6-42ba-9b53-5274d2386f48" testId="579b7361-19a9-f329-acb3-de102dcfc793" testName="ToDefaultValue_Passing_ValidString_Returns_DefaultValue" computerName="PC-SFERRARI" duration="00:00:00.0001971" startTime="2021-06-17T16:31:39.2633951+02:00" endTime="2021-06-17T16:31:39.2636704+02:00" testType="13cdc9d9-ddb5-4fa4-a97d-d965ccfc6d4b" outcome="Passed" testListId="8c84fa94-04c1-424b-9868-57a2d4851a1d" relativeResultsDirectory="4ffa4808-abe6-42ba-9b53-5274d2386f48" />
    <UnitTestResult executionId="064f521b-575c-49dc-bb9e-aec7c122bd65" testId="17a38df3-33e0-71ac-f8cb-dcdd3ade7269" testName="ToDefaultValue_Passing_char_Returns_Cero" computerName="PC-SFERRARI" duration="00:00:00.0002533" startTime="2021-06-17T16:31:38.5909532+02:00" endTime="2021-06-17T16:31:38.5912551+02:00" testType="13cdc9d9-ddb5-4fa4-a97d-d965ccfc6d4b" outcome="Passed" testListId="8c84fa94-04c1-424b-9868-57a2d4851a1d" relativeResultsDirectory="064f521b-575c-49dc-bb9e-aec7c122bd65" resultType="DataDrivenTest">
      <InnerResults>
        <UnitTestResult executionId="37fb6260-4a0c-4b4e-b181-b45fc759c9b8" parentExecutionId="064f521b-575c-49dc-bb9e-aec7c122bd65" testId="17a38df3-33e0-71ac-f8cb-dcdd3ade7269" testName="ToDefaultValue_Passing_char_Returns_Cero (*)" computerName="PC-SFERRARI" duration="00:00:00.0002272" startTime="2021-06-17T16:31:38.5909532+02:00" endTime="2021-06-17T16:31:38.5912551+02:00" testType="13cdc9d9-ddb5-4fa4-a97d-d965ccfc6d4b" outcome="Passed" testListId="8c84fa94-04c1-424b-9868-57a2d4851a1d" relativeResultsDirectory="37fb6260-4a0c-4b4e-b181-b45fc759c9b8" dataRowInfo="1" resultType="DataDrivenDataRow" />
      </InnerResults>
    </UnitTestResult>
    <UnitTestResult executionId="481e1894-fe0e-4620-9697-cead07aab7db" testId="66f7bc12-fe2b-fd81-3cbf-5bc4840aa6f8" testName="ToConfiguration_Passing_Key_Values_Returns_Ok" computerName="PC-SFERRARI" duration="00:00:00.0069243" startTime="2021-06-17T16:31:38.3791725+02:00" endTime="2021-06-17T16:31:38.3861857+02:00" testType="13cdc9d9-ddb5-4fa4-a97d-d965ccfc6d4b" outcome="Passed" testListId="8c84fa94-04c1-424b-9868-57a2d4851a1d" relativeResultsDirectory="481e1894-fe0e-4620-9697-cead07aab7db" />
    <UnitTestResult executionId="91e2f95a-59c4-4f1a-8728-a19d97768ba3" testId="0696fab6-6d9f-2b85-4a73-248fbd1cdda4" testName="ToDirectorySaveFileAsync_Passing_ValidValue_Returns_False" computerName="PC-SFERRARI" duration="00:00:00.0057235" startTime="2021-06-17T16:31:39.0200825+02:00" endTime="2021-06-17T16:31:39.0261557+02:00" testType="13cdc9d9-ddb5-4fa4-a97d-d965ccfc6d4b" outcome="Passed" testListId="8c84fa94-04c1-424b-9868-57a2d4851a1d" relativeResultsDirectory="91e2f95a-59c4-4f1a-8728-a19d97768ba3" />
    <UnitTestResult executionId="dcce2c62-ae03-4c20-aad1-7ca25b08f8fa" testId="f752d50b-77fa-327a-4493-168161bd27b2" testName="ToDefaultValue_Passing_double_Returns_Cero" computerName="PC-SFERRARI" duration="00:00:00.0005127" startTime="2021-06-17T16:31:38.5917114+02:00" endTime="2021-06-17T16:31:38.5922920+02:00" testType="13cdc9d9-ddb5-4fa4-a97d-d965ccfc6d4b" outcome="Passed" testListId="8c84fa94-04c1-424b-9868-57a2d4851a1d" relativeResultsDirectory="dcce2c62-ae03-4c20-aad1-7ca25b08f8fa" resultType="DataDrivenTest">
      <InnerResults>
        <UnitTestResult executionId="0119cba4-c812-421e-99c1-66c3da0235d1" parentExecutionId="dcce2c62-ae03-4c20-aad1-7ca25b08f8fa" testId="f752d50b-77fa-327a-4493-168161bd27b2" testName="ToDefaultValue_Passing_double_Returns_Cero (1,7976931348623157E+308)" computerName="PC-SFERRARI" duration="00:00:00.0003316" startTime="2021-06-17T16:31:38.5917114+02:00" endTime="2021-06-17T16:31:38.5922920+02:00" testType="13cdc9d9-ddb5-4fa4-a97d-d965ccfc6d4b" outcome="Passed" testListId="8c84fa94-04c1-424b-9868-57a2d4851a1d" relativeResultsDirectory="0119cba4-c812-421e-99c1-66c3da0235d1" dataRowInfo="1" resultType="DataDrivenDataRow" />
      </InnerResults>
    </UnitTestResult>
    <UnitTestResult executionId="47481a7e-46fb-46e4-a1bd-f6ac6b436e71" testId="5385d994-9594-6052-11cb-73f8d2344981" testName="ToPath_Passing_HttpRequest_Scheme_Host_Path_Returns_Url" computerName="PC-SFERRARI" duration="00:00:00.0030224" startTime="2021-06-17T16:31:38.7126196+02:00" endTime="2021-06-17T16:31:38.7158479+02:00" testType="13cdc9d9-ddb5-4fa4-a97d-d965ccfc6d4b" outcome="Passed" testListId="8c84fa94-04c1-424b-9868-57a2d4851a1d" relativeResultsDirectory="47481a7e-46fb-46e4-a1bd-f6ac6b436e71" />
    <UnitTestResult executionId="75dd6022-aae7-4ca7-b449-4a96a4067f4e" testId="430dec51-b9df-7e06-fff9-78e6d362c2d8" testName="CreateRandom_WithCustomAllowableCharacters_Passing_Valid_Arguments_Returns_String_Random_Value" computerName="PC-SFERRARI" duration="00:00:00.0011084" startTime="2021-06-17T16:31:38.6298358+02:00" endTime="2021-06-17T16:31:38.6310319+02:00" testType="13cdc9d9-ddb5-4fa4-a97d-d965ccfc6d4b" outcome="Passed" testListId="8c84fa94-04c1-424b-9868-57a2d4851a1d" relativeResultsDirectory="75dd6022-aae7-4ca7-b449-4a96a4067f4e" resultType="DataDrivenTest">
      <InnerResults>
        <UnitTestResult executionId="42ca768b-0e9f-4e4e-ba15-25b35d787dd3" parentExecutionId="75dd6022-aae7-4ca7-b449-4a96a4067f4e" testId="430dec51-b9df-7e06-fff9-78e6d362c2d8" testName="CreateRandom_WithCustomAllowableCharacters_Passing_Valid_Arguments_Returns_String_Random_Value (8,ae)" computerName="PC-SFERRARI" duration="00:00:00.0010083" startTime="2021-06-17T16:31:38.6298358+02:00" endTime="2021-06-17T16:31:38.6310319+02:00" testType="13cdc9d9-ddb5-4fa4-a97d-d965ccfc6d4b" outcome="Passed" testListId="8c84fa94-04c1-424b-9868-57a2d4851a1d" relativeResultsDirectory="42ca768b-0e9f-4e4e-ba15-25b35d787dd3" dataRowInfo="1" resultType="DataDrivenDataRow" />
        <UnitTestResult executionId="20a54bcb-36af-4d08-8f51-07ae23eca38b" parentExecutionId="75dd6022-aae7-4ca7-b449-4a96a4067f4e" testId="430dec51-b9df-7e06-fff9-78e6d362c2d8" testName="CreateRandom_WithCustomAllowableCharacters_Passing_Valid_Arguments_Returns_String_Random_Value (5,aeiou123456)" computerName="PC-SFERRARI" duration="00:00:00.0000187" startTime="2021-06-17T16:31:38.6298358+02:00" endTime="2021-06-17T16:31:38.6310319+02:00" testType="13cdc9d9-ddb5-4fa4-a97d-d965ccfc6d4b" outcome="Passed" testListId="8c84fa94-04c1-424b-9868-57a2d4851a1d" relativeResultsDirectory="20a54bcb-36af-4d08-8f51-07ae23eca38b" dataRowInfo="2" resultType="DataDrivenDataRow" />
        <UnitTestResult executionId="1d1cf3a9-4178-4c11-8e62-b739c3bcb66d" parentExecutionId="75dd6022-aae7-4ca7-b449-4a96a4067f4e" testId="430dec51-b9df-7e06-fff9-78e6d362c2d8" testName="CreateRandom_WithCustomAllowableCharacters_Passing_Valid_Arguments_Returns_String_Random_Value (10,7890ABFLFLFFL)" computerName="PC-SFERRARI" duration="00:00:00.0000071" startTime="2021-06-17T16:31:38.6298358+02:00" endTime="2021-06-17T16:31:38.6310319+02:00" testType="13cdc9d9-ddb5-4fa4-a97d-d965ccfc6d4b" outcome="Passed" testListId="8c84fa94-04c1-424b-9868-57a2d4851a1d" relativeResultsDirectory="1d1cf3a9-4178-4c11-8e62-b739c3bcb66d" dataRowInfo="3" resultType="DataDrivenDataRow" />
        <UnitTestResult executionId="93ce3baa-7e58-42e0-b921-5ab10c2a83ea" parentExecutionId="75dd6022-aae7-4ca7-b449-4a96a4067f4e" testId="430dec51-b9df-7e06-fff9-78e6d362c2d8" testName="CreateRandom_WithCustomAllowableCharacters_Passing_Valid_Arguments_Returns_String_Random_Value (20,qazwscefbthmiklp09876543)" computerName="PC-SFERRARI" duration="00:00:00.0000069" startTime="2021-06-17T16:31:38.6298358+02:00" endTime="2021-06-17T16:31:38.6310319+02:00" testType="13cdc9d9-ddb5-4fa4-a97d-d965ccfc6d4b" outcome="Passed" testListId="8c84fa94-04c1-424b-9868-57a2d4851a1d" relativeResultsDirectory="93ce3baa-7e58-42e0-b921-5ab10c2a83ea" dataRowInfo="4" resultType="DataDrivenDataRow" />
      </InnerResults>
    </UnitTestResult>
    <UnitTestResult executionId="81316ea2-de7c-4af3-b6c9-7c71afcbea7b" testId="96f263a8-e1d9-0070-21ba-583144d2d030" testName="ToEnum_Passing_ValidValueInt_Returns_EnumValue" computerName="PC-SFERRARI" duration="00:00:00.0001653" startTime="2021-06-17T16:31:39.0493773+02:00" endTime="2021-06-17T16:31:39.0496350+02:00" testType="13cdc9d9-ddb5-4fa4-a97d-d965ccfc6d4b" outcome="Passed" testListId="8c84fa94-04c1-424b-9868-57a2d4851a1d" relativeResultsDirectory="81316ea2-de7c-4af3-b6c9-7c71afcbea7b" />
    <UnitTestResult executionId="7fd05a11-4fc7-4588-96d2-5147ffc20aa3" testId="a0ed43cd-0648-ddf9-c80e-52c6889ee049" testName="ToDictionaryPropertyInfo_Passing_Object_IncludeNullOrEmptyProperty_Returns_Properties_NameAndValue_Dictionary" computerName="PC-SFERRARI" duration="00:00:00.0026572" startTime="2021-06-17T16:31:38.6071419+02:00" endTime="2021-06-17T16:31:38.6099073+02:00" testType="13cdc9d9-ddb5-4fa4-a97d-d965ccfc6d4b" outcome="Passed" testListId="8c84fa94-04c1-424b-9868-57a2d4851a1d" relativeResultsDirectory="7fd05a11-4fc7-4588-96d2-5147ffc20aa3" />
    <UnitTestResult executionId="fee19979-4812-46d6-952e-28b16f7cf8e4" testId="5517211d-203c-115f-7dc1-6f48da8ab75b" testName="ToFirstLetterUpper_Passing_ValidValue_Returns_StringWithFirstLetterUpper" computerName="PC-SFERRARI" duration="00:00:00.0002776" startTime="2021-06-17T16:31:39.0571164+02:00" endTime="2021-06-17T16:31:39.0575070+02:00" testType="13cdc9d9-ddb5-4fa4-a97d-d965ccfc6d4b" outcome="Passed" testListId="8c84fa94-04c1-424b-9868-57a2d4851a1d" relativeResultsDirectory="fee19979-4812-46d6-952e-28b16f7cf8e4" resultType="DataDrivenTest">
      <InnerResults>
        <UnitTestResult executionId="d3778347-b497-471d-be02-469f18733a7b" parentExecutionId="fee19979-4812-46d6-952e-28b16f7cf8e4" testId="5517211d-203c-115f-7dc1-6f48da8ab75b" testName="ToFirstLetterUpper_Passing_ValidValue_Returns_StringWithFirstLetterUpper (aeiou,Aeiou)" computerName="PC-SFERRARI" duration="00:00:00.0001709" startTime="2021-06-17T16:31:39.0571164+02:00" endTime="2021-06-17T16:31:39.0575070+02:00" testType="13cdc9d9-ddb5-4fa4-a97d-d965ccfc6d4b" outcome="Passed" testListId="8c84fa94-04c1-424b-9868-57a2d4851a1d" relativeResultsDirectory="d3778347-b497-471d-be02-469f18733a7b" dataRowInfo="1" resultType="DataDrivenDataRow" />
        <UnitTestResult executionId="7aef05e9-5df4-4656-9b9b-2f1aa3ec1fbd" parentExecutionId="fee19979-4812-46d6-952e-28b16f7cf8e4" testId="5517211d-203c-115f-7dc1-6f48da8ab75b" testName="ToFirstLetterUpper_Passing_ValidValue_Returns_StringWithFirstLetterUpper (aEIOU,AEIOU)" computerName="PC-SFERRARI" duration="00:00:00.0000047" startTime="2021-06-17T16:31:39.0571164+02:00" endTime="2021-06-17T16:31:39.0575070+02:00" testType="13cdc9d9-ddb5-4fa4-a97d-d965ccfc6d4b" outcome="Passed" testListId="8c84fa94-04c1-424b-9868-57a2d4851a1d" relativeResultsDirectory="7aef05e9-5df4-4656-9b9b-2f1aa3ec1fbd" dataRowInfo="2" resultType="DataDrivenDataRow" />
        <UnitTestResult executionId="da76647c-520e-4ce9-a193-53a5e8113f20" parentExecutionId="fee19979-4812-46d6-952e-28b16f7cf8e4" testId="5517211d-203c-115f-7dc1-6f48da8ab75b" testName="ToFirstLetterUpper_Passing_ValidValue_Returns_StringWithFirstLetterUpper (aeioU,AeioU)" computerName="PC-SFERRARI" duration="00:00:00.0000026" startTime="2021-06-17T16:31:39.0571164+02:00" endTime="2021-06-17T16:31:39.0575070+02:00" testType="13cdc9d9-ddb5-4fa4-a97d-d965ccfc6d4b" outcome="Passed" testListId="8c84fa94-04c1-424b-9868-57a2d4851a1d" relativeResultsDirectory="da76647c-520e-4ce9-a193-53a5e8113f20" dataRowInfo="3" resultType="DataDrivenDataRow" />
        <UnitTestResult executionId="92e4f6f3-009c-494b-966a-ed41d9a93045" parentExecutionId="fee19979-4812-46d6-952e-28b16f7cf8e4" testId="5517211d-203c-115f-7dc1-6f48da8ab75b" testName="ToFirstLetterUpper_Passing_ValidValue_Returns_StringWithFirstLetterUpper (AEIOU,AEIOU)" computerName="PC-SFERRARI" duration="00:00:00.0000025" startTime="2021-06-17T16:31:39.0571164+02:00" endTime="2021-06-17T16:31:39.0575070+02:00" testType="13cdc9d9-ddb5-4fa4-a97d-d965ccfc6d4b" outcome="Passed" testListId="8c84fa94-04c1-424b-9868-57a2d4851a1d" relativeResultsDirectory="92e4f6f3-009c-494b-966a-ed41d9a93045" dataRowInfo="4" resultType="DataDrivenDataRow" />
        <UnitTestResult executionId="c9bd566b-ffe6-4d44-9d6a-40b131f5aaae" parentExecutionId="fee19979-4812-46d6-952e-28b16f7cf8e4" testId="5517211d-203c-115f-7dc1-6f48da8ab75b" testName="ToFirstLetterUpper_Passing_ValidValue_Returns_StringWithFirstLetterUpper (Aeiou,Aeiou)" computerName="PC-SFERRARI" duration="00:00:00.0000028" startTime="2021-06-17T16:31:39.0571164+02:00" endTime="2021-06-17T16:31:39.0575070+02:00" testType="13cdc9d9-ddb5-4fa4-a97d-d965ccfc6d4b" outcome="Passed" testListId="8c84fa94-04c1-424b-9868-57a2d4851a1d" relativeResultsDirectory="c9bd566b-ffe6-4d44-9d6a-40b131f5aaae" dataRowInfo="5" resultType="DataDrivenDataRow" />
      </InnerResults>
    </UnitTestResult>
    <UnitTestResult executionId="926ae2f8-4de5-4a24-a2b9-931cdf486f4d" testId="056700a7-2506-75ed-a80a-ddf2ddb5d2a8" testName="IsUppercase_Passing_ValidArguments_Returns_HasErrorsAndCount" computerName="PC-SFERRARI" duration="00:00:00.0002152" startTime="2021-06-17T16:31:38.1650668+02:00" endTime="2021-06-17T16:31:38.1653816+02:00" testType="13cdc9d9-ddb5-4fa4-a97d-d965ccfc6d4b" outcome="Passed" testListId="8c84fa94-04c1-424b-9868-57a2d4851a1d" relativeResultsDirectory="926ae2f8-4de5-4a24-a2b9-931cdf486f4d" />
  </Results>
  <TestDefinitions>
    <UnitTest name="ResultOkData_WithData_WithMessage_WithDetails" storage="d:\sferrari\01 - trabajo\repos\netcore\libs\template-netcore-shared\kitpymes.core.shared.tests\bin\debug\net5.0\kitpymes.core.shared.tests.dll" id="859b5acf-9d8b-7620-f96f-ba83c1545a71">
      <Execution id="4d71e079-8b26-4c65-ad23-4af26ba67002" />
      <TestMethod codeBase="D:\SFERRARI\01 - TRABAJO\repos\netcore\libs\template-netcore-shared\Kitpymes.Core.Shared.Tests\bin\Debug\net5.0\Kitpymes.Core.Shared.Tests.dll" adapterTypeName="executor://mstestadapter/v2" className="Kitpymes.Core.Shared.Tests.ResultTest" name="ResultOkData_WithData_WithMessage_WithDetails" />
    </UnitTest>
    <UnitTest name="ResultDataUnauthorized" storage="d:\sferrari\01 - trabajo\repos\netcore\libs\template-netcore-shared\kitpymes.core.shared.tests\bin\debug\net5.0\kitpymes.core.shared.tests.dll" id="fbb73316-6f70-059a-1197-08f09a1221d6">
      <Execution id="2c37bd1e-d292-46da-8c77-c06badfaad65" />
      <TestMethod codeBase="D:\SFERRARI\01 - TRABAJO\repos\netcore\libs\template-netcore-shared\Kitpymes.Core.Shared.Tests\bin\Debug\net5.0\Kitpymes.Core.Shared.Tests.dll" adapterTypeName="executor://mstestadapter/v2" className="Kitpymes.Core.Shared.Tests.ResultTest" name="ResultDataUnauthorized" />
    </UnitTest>
    <UnitTest name="ToIsAuthenticated_Passing_Claims_Returns_False" storage="d:\sferrari\01 - trabajo\repos\netcore\libs\template-netcore-shared\kitpymes.core.shared.tests\bin\debug\net5.0\kitpymes.core.shared.tests.dll" id="7384e2f6-7a7f-d462-78fa-5bf7f49c326a">
      <Execution id="8f3baf2c-7be8-49a7-b0f2-426196bec081" />
      <TestMethod codeBase="D:\SFERRARI\01 - TRABAJO\repos\netcore\libs\template-netcore-shared\Kitpymes.Core.Shared.Tests\bin\Debug\net5.0\Kitpymes.Core.Shared.Tests.dll" adapterTypeName="executor://mstestadapter/v2" className="Kitpymes.Core.Shared.Tests.ClaimsPrincipalExtensionsTests" name="ToIsAuthenticated_Passing_Claims_Returns_False" />
    </UnitTest>
    <UnitTest name="ResultOkData_WithData" storage="d:\sferrari\01 - trabajo\repos\netcore\libs\template-netcore-shared\kitpymes.core.shared.tests\bin\debug\net5.0\kitpymes.core.shared.tests.dll" id="08f63e9f-68bb-2ff4-88d9-c74b03747527">
      <Execution id="d09337ee-6848-47b4-aed8-7822f4a02f7b" />
      <TestMethod codeBase="D:\SFERRARI\01 - TRABAJO\repos\netcore\libs\template-netcore-shared\Kitpymes.Core.Shared.Tests\bin\Debug\net5.0\Kitpymes.Core.Shared.Tests.dll" adapterTypeName="executor://mstestadapter/v2" className="Kitpymes.Core.Shared.Tests.ResultTest" name="ResultOkData_WithData" />
    </UnitTest>
    <UnitTest name="ToReadOnly_Passing_Valid_Collection_Returns_Readonly_Collection" storage="d:\sferrari\01 - trabajo\repos\netcore\libs\template-netcore-shared\kitpymes.core.shared.tests\bin\debug\net5.0\kitpymes.core.shared.tests.dll" id="42ded375-26ee-044e-44a7-9eab5e4cd342">
      <Execution id="41908603-ecb3-4f06-aab4-b41bc1056a08" />
      <TestMethod codeBase="D:\SFERRARI\01 - TRABAJO\repos\netcore\libs\template-netcore-shared\Kitpymes.Core.Shared.Tests\bin\Debug\net5.0\Kitpymes.Core.Shared.Tests.dll" adapterTypeName="executor://mstestadapter/v2" className="Kitpymes.Core.Shared.Tests.EnumerableExtensionsTests" name="ToReadOnly_Passing_Valid_Collection_Returns_Readonly_Collection" />
    </UnitTest>
    <UnitTest name="ToUserName_Passing_Null_ClaimsPrincipal_Returns_ApplicationException" storage="d:\sferrari\01 - trabajo\repos\netcore\libs\template-netcore-shared\kitpymes.core.shared.tests\bin\debug\net5.0\kitpymes.core.shared.tests.dll" id="65b9c427-b5ec-99b4-199a-0093cd460501">
      <Execution id="50e93d04-900b-4a02-a64e-bc55119062f8" />
      <TestMethod codeBase="D:\SFERRARI\01 - TRABAJO\repos\netcore\libs\template-netcore-shared\Kitpymes.Core.Shared.Tests\bin\Debug\net5.0\Kitpymes.Core.Shared.Tests.dll" adapterTypeName="executor://mstestadapter/v2" className="Kitpymes.Core.Shared.Tests.ClaimsPrincipalExtensionsTests" name="ToUserName_Passing_Null_ClaimsPrincipal_Returns_ApplicationException" />
    </UnitTest>
    <UnitTest name="ToDirectoryFindFilePath_Passing_ValidValue_Returns_FilePath" storage="d:\sferrari\01 - trabajo\repos\netcore\libs\template-netcore-shared\kitpymes.core.shared.tests\bin\debug\net5.0\kitpymes.core.shared.tests.dll" id="04cb4b72-edc8-fe06-49e1-217ed503eff8">
      <Execution id="7a725f51-d9c2-4b56-91fc-80f46fccaca1" />
      <TestMethod codeBase="D:\SFERRARI\01 - TRABAJO\repos\netcore\libs\template-netcore-shared\Kitpymes.Core.Shared.Tests\bin\Debug\net5.0\Kitpymes.Core.Shared.Tests.dll" adapterTypeName="executor://mstestadapter/v2" className="Kitpymes.Core.Shared.Tests.StringExtensionsTests" name="ToDirectoryFindFilePath_Passing_ValidValue_Returns_FilePath" />
    </UnitTest>
    <UnitTest name="ToIsLastDayOfTheMonth_Passing_NotLastDayOfMonth_Returns_False" storage="d:\sferrari\01 - trabajo\repos\netcore\libs\template-netcore-shared\kitpymes.core.shared.tests\bin\debug\net5.0\kitpymes.core.shared.tests.dll" id="3443f7f5-ee1a-f375-e5b1-f7ffa940c0db">
      <Execution id="fe922577-e154-46c5-935e-9dcc8fb4e8e3" />
      <TestMethod codeBase="D:\SFERRARI\01 - TRABAJO\repos\netcore\libs\template-netcore-shared\Kitpymes.Core.Shared.Tests\bin\Debug\net5.0\Kitpymes.Core.Shared.Tests.dll" adapterTypeName="executor://mstestadapter/v2" className="Kitpymes.Core.Shared.Tests.DateTimeExtensionsTests" name="ToIsLastDayOfTheMonth_Passing_NotLastDayOfMonth_Returns_False" />
    </UnitTest>
    <UnitTest name="ToDefaultValue_Passing_bool_Returns_Cero" storage="d:\sferrari\01 - trabajo\repos\netcore\libs\template-netcore-shared\kitpymes.core.shared.tests\bin\debug\net5.0\kitpymes.core.shared.tests.dll" id="432377b9-b0ad-9a2a-6dc2-e1069e73c449">
      <Execution id="ca53ef25-e151-4951-b4fb-f9964292fffe" />
      <TestMethod codeBase="D:\SFERRARI\01 - TRABAJO\repos\netcore\libs\template-netcore-shared\Kitpymes.Core.Shared.Tests\bin\Debug\net5.0\Kitpymes.Core.Shared.Tests.dll" adapterTypeName="executor://mstestadapter/v2" className="Kitpymes.Core.Shared.Tests.GenericExtensionsTests" name="ToDefaultValue_Passing_bool_Returns_Cero" />
    </UnitTest>
    <UnitTest name="ToString_Passing_Valid_Collection_With_Custom_Separator_Returns_String_With_Custom_Separator" storage="d:\sferrari\01 - trabajo\repos\netcore\libs\template-netcore-shared\kitpymes.core.shared.tests\bin\debug\net5.0\kitpymes.core.shared.tests.dll" id="bf8f6922-5666-8ec7-1500-aabd5997d6a4">
      <Execution id="4d892118-3c14-4de7-986c-a65d650da8f4" />
      <TestMethod codeBase="D:\SFERRARI\01 - TRABAJO\repos\netcore\libs\template-netcore-shared\Kitpymes.Core.Shared.Tests\bin\Debug\net5.0\Kitpymes.Core.Shared.Tests.dll" adapterTypeName="executor://mstestadapter/v2" className="Kitpymes.Core.Shared.Tests.EnumerableExtensionsTests" name="ToString_Passing_Valid_Collection_With_Custom_Separator_Returns_String_With_Custom_Separator" />
    </UnitTest>
    <UnitTest name="ToMapClone_Passing_Source_Returns_New_Source_Object" storage="d:\sferrari\01 - trabajo\repos\netcore\libs\template-netcore-shared\kitpymes.core.shared.tests\bin\debug\net5.0\kitpymes.core.shared.tests.dll" id="27cc1a96-8264-8762-05bc-aa63ccb155d7">
      <Execution id="e41295bf-50ba-46ce-8c90-8639a01619a8" />
      <TestMethod codeBase="D:\SFERRARI\01 - TRABAJO\repos\netcore\libs\template-netcore-shared\Kitpymes.Core.Shared.Tests\bin\Debug\net5.0\Kitpymes.Core.Shared.Tests.dll" adapterTypeName="executor://mstestadapter/v2" className="Kitpymes.Core.Shared.Tests.AgileMapperExtensionsTests" name="ToMapClone_Passing_Source_Returns_New_Source_Object" />
    </UnitTest>
    <UnitTest name="IsLess_Passing_InvalidArguments_Returns_HasErrorsAndCount" storage="d:\sferrari\01 - trabajo\repos\netcore\libs\template-netcore-shared\kitpymes.core.shared.tests\bin\debug\net5.0\kitpymes.core.shared.tests.dll" id="4d9bde6c-668c-a1d3-dc60-edcfc6a4082c">
      <Execution id="bb9054e5-fdf3-495d-b86b-0f41ac7c48bb" />
      <TestMethod codeBase="D:\SFERRARI\01 - TRABAJO\repos\netcore\libs\template-netcore-shared\Kitpymes.Core.Shared.Tests\bin\Debug\net5.0\Kitpymes.Core.Shared.Tests.dll" adapterTypeName="executor://mstestadapter/v2" className="Kitpymes.Core.Shared.Tests.CheckTests" name="IsLess_Passing_InvalidArguments_Returns_HasErrorsAndCount" />
    </UnitTest>
    <UnitTest name="ToInt_Passing_InvalidValueString_Returns_DefaultValue" storage="d:\sferrari\01 - trabajo\repos\netcore\libs\template-netcore-shared\kitpymes.core.shared.tests\bin\debug\net5.0\kitpymes.core.shared.tests.dll" id="19f76070-822e-31f8-2a9f-a96f774333a7">
      <Execution id="cc7899e3-fef7-44b6-99f0-63a7e891698c" />
      <TestMethod codeBase="D:\SFERRARI\01 - TRABAJO\repos\netcore\libs\template-netcore-shared\Kitpymes.Core.Shared.Tests\bin\Debug\net5.0\Kitpymes.Core.Shared.Tests.dll" adapterTypeName="executor://mstestadapter/v2" className="Kitpymes.Core.Shared.Tests.StringExtensionsTests" name="ToInt_Passing_InvalidValueString_Returns_DefaultValue" />
    </UnitTest>
    <UnitTest name="ToEnum_Passing_InvalidValueString_Returns_EnumCustomValue" storage="d:\sferrari\01 - trabajo\repos\netcore\libs\template-netcore-shared\kitpymes.core.shared.tests\bin\debug\net5.0\kitpymes.core.shared.tests.dll" id="7c09a438-5465-f760-64b2-23d25fc199f5">
      <Execution id="854d18fa-b8b1-4b50-94ef-a019b4732a1b" />
      <TestMethod codeBase="D:\SFERRARI\01 - TRABAJO\repos\netcore\libs\template-netcore-shared\Kitpymes.Core.Shared.Tests\bin\Debug\net5.0\Kitpymes.Core.Shared.Tests.dll" adapterTypeName="executor://mstestadapter/v2" className="Kitpymes.Core.Shared.Tests.StringExtensionsTests" name="ToEnum_Passing_InvalidValueString_Returns_EnumCustomValue" />
    </UnitTest>
    <UnitTest name="ToHeader_Passing_HttpRequest_Header_Many_Values_Returns_Values" storage="d:\sferrari\01 - trabajo\repos\netcore\libs\template-netcore-shared\kitpymes.core.shared.tests\bin\debug\net5.0\kitpymes.core.shared.tests.dll" id="43c10c64-8836-30db-afbe-d1657a7dd9d8">
      <Execution id="b0abf6ea-25ae-420c-880d-3f2075ca2fbd" />
      <TestMethod codeBase="D:\SFERRARI\01 - TRABAJO\repos\netcore\libs\template-netcore-shared\Kitpymes.Core.Shared.Tests\bin\Debug\net5.0\Kitpymes.Core.Shared.Tests.dll" adapterTypeName="executor://mstestadapter/v2" className="Kitpymes.Core.Shared.Tests.HttpRequestExtensionsTests" name="ToHeader_Passing_HttpRequest_Header_Many_Values_Returns_Values" />
    </UnitTest>
    <UnitTest name="ToGetAll_Passing_Claims_Returns_Claim_Value_Object_List" storage="d:\sferrari\01 - trabajo\repos\netcore\libs\template-netcore-shared\kitpymes.core.shared.tests\bin\debug\net5.0\kitpymes.core.shared.tests.dll" id="2e87c537-4979-f58b-6e83-f3d4ee161ff1">
      <Execution id="833fb637-3ff3-4104-9ce1-5e8fd78da658" />
      <TestMethod codeBase="D:\SFERRARI\01 - TRABAJO\repos\netcore\libs\template-netcore-shared\Kitpymes.Core.Shared.Tests\bin\Debug\net5.0\Kitpymes.Core.Shared.Tests.dll" adapterTypeName="executor://mstestadapter/v2" className="Kitpymes.Core.Shared.Tests.ClaimsPrincipalExtensionsTests" name="ToGetAll_Passing_Claims_Returns_Claim_Value_Object_List" />
    </UnitTest>
    <UnitTest name="ToAssembly_Passing_ValidValueAssemblyString_Returns_Assembly" storage="d:\sferrari\01 - trabajo\repos\netcore\libs\template-netcore-shared\kitpymes.core.shared.tests\bin\debug\net5.0\kitpymes.core.shared.tests.dll" id="3721d3c1-7c03-ad84-143f-64bfeb5b314e">
      <Execution id="0dda6cad-e87c-48aa-bbb4-4f87a423320e" />
      <TestMethod codeBase="D:\SFERRARI\01 - TRABAJO\repos\netcore\libs\template-netcore-shared\Kitpymes.Core.Shared.Tests\bin\Debug\net5.0\Kitpymes.Core.Shared.Tests.dll" adapterTypeName="executor://mstestadapter/v2" className="Kitpymes.Core.Shared.Tests.StringExtensionsTests" name="ToAssembly_Passing_ValidValueAssemblyString_Returns_Assembly" />
    </UnitTest>
    <UnitTest name="ToDefaultValue_Passing_double_Returns_Cero" storage="d:\sferrari\01 - trabajo\repos\netcore\libs\template-netcore-shared\kitpymes.core.shared.tests\bin\debug\net5.0\kitpymes.core.shared.tests.dll" id="f752d50b-77fa-327a-4493-168161bd27b2">
      <Execution id="dcce2c62-ae03-4c20-aad1-7ca25b08f8fa" />
      <TestMethod codeBase="D:\SFERRARI\01 - TRABAJO\repos\netcore\libs\template-netcore-shared\Kitpymes.Core.Shared.Tests\bin\Debug\net5.0\Kitpymes.Core.Shared.Tests.dll" adapterTypeName="executor://mstestadapter/v2" className="Kitpymes.Core.Shared.Tests.GenericExtensionsTests" name="ToDefaultValue_Passing_double_Returns_Cero" />
    </UnitTest>
    <UnitTest name="ToDefaultValue_Passing_char_Returns_Cero" storage="d:\sferrari\01 - trabajo\repos\netcore\libs\template-netcore-shared\kitpymes.core.shared.tests\bin\debug\net5.0\kitpymes.core.shared.tests.dll" id="17a38df3-33e0-71ac-f8cb-dcdd3ade7269">
      <Execution id="064f521b-575c-49dc-bb9e-aec7c122bd65" />
      <TestMethod codeBase="D:\SFERRARI\01 - TRABAJO\repos\netcore\libs\template-netcore-shared\Kitpymes.Core.Shared.Tests\bin\Debug\net5.0\Kitpymes.Core.Shared.Tests.dll" adapterTypeName="executor://mstestadapter/v2" className="Kitpymes.Core.Shared.Tests.GenericExtensionsTests" name="ToDefaultValue_Passing_char_Returns_Cero" />
    </UnitTest>
    <UnitTest name="ToCompress_Passing_Object_Bytes_Returns_Object" storage="d:\sferrari\01 - trabajo\repos\netcore\libs\template-netcore-shared\kitpymes.core.shared.tests\bin\debug\net5.0\kitpymes.core.shared.tests.dll" id="8a110a46-40a4-c9bb-083e-1c3fcb5b45b7">
      <Execution id="0571c497-69c8-425e-a36b-fdc0dd821e93" />
      <TestMethod codeBase="D:\SFERRARI\01 - TRABAJO\repos\netcore\libs\template-netcore-shared\Kitpymes.Core.Shared.Tests\bin\Debug\net5.0\Kitpymes.Core.Shared.Tests.dll" adapterTypeName="executor://mstestadapter/v2" className="Kitpymes.Core.Shared.Tests.BytesExtensionsTests" name="ToCompress_Passing_Object_Bytes_Returns_Object" />
    </UnitTest>
    <UnitTest name="CreateRandom_WithCustomAllowableCharacters_Passing_Valid_Arguments_Returns_String_Random_Value" storage="d:\sferrari\01 - trabajo\repos\netcore\libs\template-netcore-shared\kitpymes.core.shared.tests\bin\debug\net5.0\kitpymes.core.shared.tests.dll" id="430dec51-b9df-7e06-fff9-78e6d362c2d8">
      <Execution id="75dd6022-aae7-4ca7-b449-4a96a4067f4e" />
      <TestMethod codeBase="D:\SFERRARI\01 - TRABAJO\repos\netcore\libs\template-netcore-shared\Kitpymes.Core.Shared.Tests\bin\Debug\net5.0\Kitpymes.Core.Shared.Tests.dll" adapterTypeName="executor://mstestadapter/v2" className="Kitpymes.Core.Shared.Tests.HashTests" name="CreateRandom_WithCustomAllowableCharacters_Passing_Valid_Arguments_Returns_String_Random_Value" />
    </UnitTest>
    <UnitTest name="ToEnvironment_ServiceCollection_Passing_Production_Enviroment_Returns_Production_Name" storage="d:\sferrari\01 - trabajo\repos\netcore\libs\template-netcore-shared\kitpymes.core.shared.tests\bin\debug\net5.0\kitpymes.core.shared.tests.dll" id="15fe55e5-cdce-6280-ea15-ef777735767c">
      <Execution id="132c697d-34f0-4bb7-b778-1ae4256c89c8" />
      <TestMethod codeBase="D:\SFERRARI\01 - TRABAJO\repos\netcore\libs\template-netcore-shared\Kitpymes.Core.Shared.Tests\bin\Debug\net5.0\Kitpymes.Core.Shared.Tests.dll" adapterTypeName="executor://mstestadapter/v2" className="Kitpymes.Core.Shared.Tests.ConfigurationBuilderExtensionsTests" name="ToEnvironment_ServiceCollection_Passing_Production_Enviroment_Returns_Production_Name" />
    </UnitTest>
    <UnitTest name="ToServiceMatchingInterface_Passing_Empties_Assemblies_Returns_ApplicationException" storage="d:\sferrari\01 - trabajo\repos\netcore\libs\template-netcore-shared\kitpymes.core.shared.tests\bin\debug\net5.0\kitpymes.core.shared.tests.dll" id="760ae14b-6c0d-0288-811d-408b67937415">
      <Execution id="7fefcaeb-4546-4b1e-9eea-389431c5d5f9" />
      <TestMethod codeBase="D:\SFERRARI\01 - TRABAJO\repos\netcore\libs\template-netcore-shared\Kitpymes.Core.Shared.Tests\bin\Debug\net5.0\Kitpymes.Core.Shared.Tests.dll" adapterTypeName="executor://mstestadapter/v2" className="Kitpymes.Core.Shared.Tests.ConfigurationBuilderExtensionsTests" name="ToServiceMatchingInterface_Passing_Empties_Assemblies_Returns_ApplicationException" />
    </UnitTest>
    <UnitTest name="ResultInternalServerError" storage="d:\sferrari\01 - trabajo\repos\netcore\libs\template-netcore-shared\kitpymes.core.shared.tests\bin\debug\net5.0\kitpymes.core.shared.tests.dll" id="a0fef65e-bc06-762d-4622-91d020572059">
      <Execution id="1b55c395-a809-4bac-9c32-f52e0c990a61" />
      <TestMethod codeBase="D:\SFERRARI\01 - TRABAJO\repos\netcore\libs\template-netcore-shared\Kitpymes.Core.Shared.Tests\bin\Debug\net5.0\Kitpymes.Core.Shared.Tests.dll" adapterTypeName="executor://mstestadapter/v2" className="Kitpymes.Core.Shared.Tests.ResultTest" name="ResultInternalServerError" />
    </UnitTest>
    <UnitTest name="ToMapUpdate_Passing_Destination_Object_Returns_Updated_Destination_Object" storage="d:\sferrari\01 - trabajo\repos\netcore\libs\template-netcore-shared\kitpymes.core.shared.tests\bin\debug\net5.0\kitpymes.core.shared.tests.dll" id="71a1897b-b713-c047-1c23-5efdff095b20">
      <Execution id="b234161b-540d-414a-977d-d508d4086144" />
      <TestMethod codeBase="D:\SFERRARI\01 - TRABAJO\repos\netcore\libs\template-netcore-shared\Kitpymes.Core.Shared.Tests\bin\Debug\net5.0\Kitpymes.Core.Shared.Tests.dll" adapterTypeName="executor://mstestadapter/v2" className="Kitpymes.Core.Shared.Tests.AgileMapperExtensionsTests" name="ToMapUpdate_Passing_Destination_Object_Returns_Updated_Destination_Object" />
    </UnitTest>
    <UnitTest name="ToDefaultValue_Passing_byte_Returns_Cero" storage="d:\sferrari\01 - trabajo\repos\netcore\libs\template-netcore-shared\kitpymes.core.shared.tests\bin\debug\net5.0\kitpymes.core.shared.tests.dll" id="6c59b811-73c0-2540-9661-8c8f2a459ff2">
      <Execution id="ec9f243b-0661-44eb-aa7a-880b5eccd31f" />
      <TestMethod codeBase="D:\SFERRARI\01 - TRABAJO\repos\netcore\libs\template-netcore-shared\Kitpymes.Core.Shared.Tests\bin\Debug\net5.0\Kitpymes.Core.Shared.Tests.dll" adapterTypeName="executor://mstestadapter/v2" className="Kitpymes.Core.Shared.Tests.GenericExtensionsTests" name="ToDefaultValue_Passing_byte_Returns_Cero" />
    </UnitTest>
    <UnitTest name="IsLowercase_Passing_ValidArguments_Returns_HasErrorsAndCount" storage="d:\sferrari\01 - trabajo\repos\netcore\libs\template-netcore-shared\kitpymes.core.shared.tests\bin\debug\net5.0\kitpymes.core.shared.tests.dll" id="006d3c07-11d3-9f4b-c045-6799df52bbfb">
      <Execution id="3f37d45f-dacb-4f64-987d-bf8514d6a220" />
      <TestMethod codeBase="D:\SFERRARI\01 - TRABAJO\repos\netcore\libs\template-netcore-shared\Kitpymes.Core.Shared.Tests\bin\Debug\net5.0\Kitpymes.Core.Shared.Tests.dll" adapterTypeName="executor://mstestadapter/v2" className="Kitpymes.Core.Shared.Tests.CheckTests" name="IsLowercase_Passing_ValidArguments_Returns_HasErrorsAndCount" />
    </UnitTest>
    <UnitTest name="IsLowercase_Passing_InvalidArguments_Returns_HasErrorsAndCount" storage="d:\sferrari\01 - trabajo\repos\netcore\libs\template-netcore-shared\kitpymes.core.shared.tests\bin\debug\net5.0\kitpymes.core.shared.tests.dll" id="c19b83a3-45fc-e848-cbcc-7f68b66eb4e3">
      <Execution id="da737e10-c714-45ac-9c51-c716e1510699" />
      <TestMethod codeBase="D:\SFERRARI\01 - TRABAJO\repos\netcore\libs\template-netcore-shared\Kitpymes.Core.Shared.Tests\bin\Debug\net5.0\Kitpymes.Core.Shared.Tests.dll" adapterTypeName="executor://mstestadapter/v2" className="Kitpymes.Core.Shared.Tests.CheckTests" name="IsLowercase_Passing_InvalidArguments_Returns_HasErrorsAndCount" />
    </UnitTest>
    <UnitTest name="ToEnvironment_Passing_Production_Enviroment_Returns_Production_Name" storage="d:\sferrari\01 - trabajo\repos\netcore\libs\template-netcore-shared\kitpymes.core.shared.tests\bin\debug\net5.0\kitpymes.core.shared.tests.dll" id="31126d50-f667-908c-85f3-09f9d9272df9">
      <Execution id="ff90f427-d083-41f7-86b9-eb58bae858f5" />
      <TestMethod codeBase="D:\SFERRARI\01 - TRABAJO\repos\netcore\libs\template-netcore-shared\Kitpymes.Core.Shared.Tests\bin\Debug\net5.0\Kitpymes.Core.Shared.Tests.dll" adapterTypeName="executor://mstestadapter/v2" className="Kitpymes.Core.Shared.Tests.ApplicationBuilderExtensionsTests" name="ToEnvironment_Passing_Production_Enviroment_Returns_Production_Name" />
    </UnitTest>
    <UnitTest name="ToYesterday_Passing_DateTime_Returns_Yesterday_DateTime" storage="d:\sferrari\01 - trabajo\repos\netcore\libs\template-netcore-shared\kitpymes.core.shared.tests\bin\debug\net5.0\kitpymes.core.shared.tests.dll" id="33545399-79af-5e7f-5179-57fe5645f4be">
      <Execution id="d975f946-3cf2-4aa6-8650-2f3c099b328b" />
      <TestMethod codeBase="D:\SFERRARI\01 - TRABAJO\repos\netcore\libs\template-netcore-shared\Kitpymes.Core.Shared.Tests\bin\Debug\net5.0\Kitpymes.Core.Shared.Tests.dll" adapterTypeName="executor://mstestadapter/v2" className="Kitpymes.Core.Shared.Tests.DateTimeExtensionsTests" name="ToYesterday_Passing_DateTime_Returns_Yesterday_DateTime" />
    </UnitTest>
    <UnitTest name="ToEnvironment_Passing_Staging_Enviroment_Returns_Staging_Name" storage="d:\sferrari\01 - trabajo\repos\netcore\libs\template-netcore-shared\kitpymes.core.shared.tests\bin\debug\net5.0\kitpymes.core.shared.tests.dll" id="5e237822-3b9d-da27-9221-3ae1f5eb15b0">
      <Execution id="f16b8c38-c03b-4f81-b72c-bfdd2b2d9a98" />
      <TestMethod codeBase="D:\SFERRARI\01 - TRABAJO\repos\netcore\libs\template-netcore-shared\Kitpymes.Core.Shared.Tests\bin\Debug\net5.0\Kitpymes.Core.Shared.Tests.dll" adapterTypeName="executor://mstestadapter/v2" className="Kitpymes.Core.Shared.Tests.ApplicationBuilderExtensionsTests" name="ToEnvironment_Passing_Staging_Enviroment_Returns_Staging_Name" />
    </UnitTest>
    <UnitTest name="ToIsAuthenticated_Passing_Claims_Returns_True" storage="d:\sferrari\01 - trabajo\repos\netcore\libs\template-netcore-shared\kitpymes.core.shared.tests\bin\debug\net5.0\kitpymes.core.shared.tests.dll" id="a75e991f-5e03-3949-85d6-afa1f14455d4">
      <Execution id="464d00fa-27fe-4be1-af24-5a75c8597d98" />
      <TestMethod codeBase="D:\SFERRARI\01 - TRABAJO\repos\netcore\libs\template-netcore-shared\Kitpymes.Core.Shared.Tests\bin\Debug\net5.0\Kitpymes.Core.Shared.Tests.dll" adapterTypeName="executor://mstestadapter/v2" className="Kitpymes.Core.Shared.Tests.ClaimsPrincipalExtensionsTests" name="ToIsAuthenticated_Passing_Claims_Returns_True" />
    </UnitTest>
    <UnitTest name="ToUri_Passing_InvalidValueString_Returns_DefaultValue" storage="d:\sferrari\01 - trabajo\repos\netcore\libs\template-netcore-shared\kitpymes.core.shared.tests\bin\debug\net5.0\kitpymes.core.shared.tests.dll" id="bc15aa99-72de-0e5a-b6e8-2d654659d591">
      <Execution id="74593d6e-ce6d-44ef-bf4e-7eb13ac47cbf" />
      <TestMethod codeBase="D:\SFERRARI\01 - TRABAJO\repos\netcore\libs\template-netcore-shared\Kitpymes.Core.Shared.Tests\bin\Debug\net5.0\Kitpymes.Core.Shared.Tests.dll" adapterTypeName="executor://mstestadapter/v2" className="Kitpymes.Core.Shared.Tests.StringExtensionsTests" name="ToUri_Passing_InvalidValueString_Returns_DefaultValue" />
    </UnitTest>
    <UnitTest name="IsUniqueChars_Passing_InvalidArguments_Returns_HasErrorsAndCount" storage="d:\sferrari\01 - trabajo\repos\netcore\libs\template-netcore-shared\kitpymes.core.shared.tests\bin\debug\net5.0\kitpymes.core.shared.tests.dll" id="b9a89fa2-355c-e886-bec5-28d3cf549be6">
      <Execution id="98a93c04-7ce6-4728-80b7-c5098ac6e395" />
      <TestMethod codeBase="D:\SFERRARI\01 - TRABAJO\repos\netcore\libs\template-netcore-shared\Kitpymes.Core.Shared.Tests\bin\Debug\net5.0\Kitpymes.Core.Shared.Tests.dll" adapterTypeName="executor://mstestadapter/v2" className="Kitpymes.Core.Shared.Tests.CheckTests" name="IsUniqueChars_Passing_InvalidArguments_Returns_HasErrorsAndCount" />
    </UnitTest>
    <UnitTest name="ToPath_Passing_HttpRequest_Scheme_Host_Path_Returns_Url" storage="d:\sferrari\01 - trabajo\repos\netcore\libs\template-netcore-shared\kitpymes.core.shared.tests\bin\debug\net5.0\kitpymes.core.shared.tests.dll" id="5385d994-9594-6052-11cb-73f8d2344981">
      <Execution id="47481a7e-46fb-46e4-a1bd-f6ac6b436e71" />
      <TestMethod codeBase="D:\SFERRARI\01 - TRABAJO\repos\netcore\libs\template-netcore-shared\Kitpymes.Core.Shared.Tests\bin\Debug\net5.0\Kitpymes.Core.Shared.Tests.dll" adapterTypeName="executor://mstestadapter/v2" className="Kitpymes.Core.Shared.Tests.HttpRequestExtensionsTests" name="ToPath_Passing_HttpRequest_Scheme_Host_Path_Returns_Url" />
    </UnitTest>
    <UnitTest name="CreateSHA512_Passing_Invalid_Arguments_Returns_ApplicationException" storage="d:\sferrari\01 - trabajo\repos\netcore\libs\template-netcore-shared\kitpymes.core.shared.tests\bin\debug\net5.0\kitpymes.core.shared.tests.dll" id="f17b6f1f-06a9-5318-815f-4c3950fdd0cb">
      <Execution id="b612bd6a-6fd5-40cd-8b59-d43f8018a9f0" />
      <TestMethod codeBase="D:\SFERRARI\01 - TRABAJO\repos\netcore\libs\template-netcore-shared\Kitpymes.Core.Shared.Tests\bin\Debug\net5.0\Kitpymes.Core.Shared.Tests.dll" adapterTypeName="executor://mstestadapter/v2" className="Kitpymes.Core.Shared.Tests.HashTests" name="CreateSHA512_Passing_Invalid_Arguments_Returns_ApplicationException" />
    </UnitTest>
    <UnitTest name="ToDefaultValue_Passing_decimal_Returns_Cero" storage="d:\sferrari\01 - trabajo\repos\netcore\libs\template-netcore-shared\kitpymes.core.shared.tests\bin\debug\net5.0\kitpymes.core.shared.tests.dll" id="334e3485-05b4-4549-cacd-aef8fff10757">
      <Execution id="3378ea0e-44d3-45d3-afcd-661114c45724" />
      <TestMethod codeBase="D:\SFERRARI\01 - TRABAJO\repos\netcore\libs\template-netcore-shared\Kitpymes.Core.Shared.Tests\bin\Debug\net5.0\Kitpymes.Core.Shared.Tests.dll" adapterTypeName="executor://mstestadapter/v2" className="Kitpymes.Core.Shared.Tests.GenericExtensionsTests" name="ToDefaultValue_Passing_decimal_Returns_Cero" />
    </UnitTest>
    <UnitTest name="ToConfigureOrDefault_Passing_ActionCustomValues_Returns_CustomValues" storage="d:\sferrari\01 - trabajo\repos\netcore\libs\template-netcore-shared\kitpymes.core.shared.tests\bin\debug\net5.0\kitpymes.core.shared.tests.dll" id="313cfb2c-8c3b-337b-12f8-296f8611376d">
      <Execution id="08488416-95a5-4047-9344-fef107f97648" />
      <TestMethod codeBase="D:\SFERRARI\01 - TRABAJO\repos\netcore\libs\template-netcore-shared\Kitpymes.Core.Shared.Tests\bin\Debug\net5.0\Kitpymes.Core.Shared.Tests.dll" adapterTypeName="executor://mstestadapter/v2" className="Kitpymes.Core.Shared.Tests.ActionExtensionsTests" name="ToConfigureOrDefault_Passing_ActionCustomValues_Returns_CustomValues" />
    </UnitTest>
    <UnitTest name="ToMapMerge_Passing_Destination_Object_Returns_Merged_Destination_Object" storage="d:\sferrari\01 - trabajo\repos\netcore\libs\template-netcore-shared\kitpymes.core.shared.tests\bin\debug\net5.0\kitpymes.core.shared.tests.dll" id="ab274dac-b194-4e0f-6fab-a20667b535a8">
      <Execution id="dc29f401-25cb-4677-8914-7ec0b46248b8" />
      <TestMethod codeBase="D:\SFERRARI\01 - TRABAJO\repos\netcore\libs\template-netcore-shared\Kitpymes.Core.Shared.Tests\bin\Debug\net5.0\Kitpymes.Core.Shared.Tests.dll" adapterTypeName="executor://mstestadapter/v2" className="Kitpymes.Core.Shared.Tests.AgileMapperExtensionsTests" name="ToMapMerge_Passing_Destination_Object_Returns_Merged_Destination_Object" />
    </UnitTest>
    <UnitTest name="ToExists_Passing_Claims_Returns_True" storage="d:\sferrari\01 - trabajo\repos\netcore\libs\template-netcore-shared\kitpymes.core.shared.tests\bin\debug\net5.0\kitpymes.core.shared.tests.dll" id="57d3cdd8-8268-9aa3-6f39-3cc0224b305c">
      <Execution id="4d60cebe-42f4-4764-a85c-7b2e9d3e9dee" />
      <TestMethod codeBase="D:\SFERRARI\01 - TRABAJO\repos\netcore\libs\template-netcore-shared\Kitpymes.Core.Shared.Tests\bin\Debug\net5.0\Kitpymes.Core.Shared.Tests.dll" adapterTypeName="executor://mstestadapter/v2" className="Kitpymes.Core.Shared.Tests.ClaimsPrincipalExtensionsTests" name="ToExists_Passing_Claims_Returns_True" />
    </UnitTest>
    <UnitTest name="ToResultAsync_Passing_StatusCodeAnd_MessageAndContentTypeAndHeader_Values_Returns_Values" storage="d:\sferrari\01 - trabajo\repos\netcore\libs\template-netcore-shared\kitpymes.core.shared.tests\bin\debug\net5.0\kitpymes.core.shared.tests.dll" id="161f5d07-7835-e575-5072-b9d787ef451c">
      <Execution id="42ed1380-0623-4e0e-b519-eb800306a27e" />
      <TestMethod codeBase="D:\SFERRARI\01 - TRABAJO\repos\netcore\libs\template-netcore-shared\Kitpymes.Core.Shared.Tests\bin\Debug\net5.0\Kitpymes.Core.Shared.Tests.dll" adapterTypeName="executor://mstestadapter/v2" className="Kitpymes.Core.Shared.Tests.HttpResponseExtensionsTests" name="ToResultAsync_Passing_StatusCodeAnd_MessageAndContentTypeAndHeader_Values_Returns_Values" />
    </UnitTest>
    <UnitTest name="ToDisplay_Passing_Enumeration_Name_Returns_Display_Atributte" storage="d:\sferrari\01 - trabajo\repos\netcore\libs\template-netcore-shared\kitpymes.core.shared.tests\bin\debug\net5.0\kitpymes.core.shared.tests.dll" id="d6d04f4a-9142-b816-d673-c4abf49a39ad">
      <Execution id="763b75ff-a7d4-472a-8699-08ca0c02eecf" />
      <TestMethod codeBase="D:\SFERRARI\01 - TRABAJO\repos\netcore\libs\template-netcore-shared\Kitpymes.Core.Shared.Tests\bin\Debug\net5.0\Kitpymes.Core.Shared.Tests.dll" adapterTypeName="executor://mstestadapter/v2" className="Kitpymes.Core.Shared.Tests.EnumExtensionsTests" name="ToDisplay_Passing_Enumeration_Name_Returns_Display_Atributte" />
    </UnitTest>
    <UnitTest name="ToGet_Passing_Claims_Returns_Claim_Value_Int" storage="d:\sferrari\01 - trabajo\repos\netcore\libs\template-netcore-shared\kitpymes.core.shared.tests\bin\debug\net5.0\kitpymes.core.shared.tests.dll" id="209cbba1-d5fa-4810-2cb6-ee92ce2e109d">
      <Execution id="573ab99e-eba6-41ad-96dd-f2ce8c431010" />
      <TestMethod codeBase="D:\SFERRARI\01 - TRABAJO\repos\netcore\libs\template-netcore-shared\Kitpymes.Core.Shared.Tests\bin\Debug\net5.0\Kitpymes.Core.Shared.Tests.dll" adapterTypeName="executor://mstestadapter/v2" className="Kitpymes.Core.Shared.Tests.ClaimsPrincipalExtensionsTests" name="ToGet_Passing_Claims_Returns_Claim_Value_Int" />
    </UnitTest>
    <UnitTest name="ToFormat_Passing_ValidTimeSpanValue_Returns_ValueWithFormatString" storage="d:\sferrari\01 - trabajo\repos\netcore\libs\template-netcore-shared\kitpymes.core.shared.tests\bin\debug\net5.0\kitpymes.core.shared.tests.dll" id="ede15cdf-3d1b-3e1a-18dc-485a2d50fe42">
      <Execution id="ae8ad663-822d-43e2-bf8f-22f1e4a06975" />
      <TestMethod codeBase="D:\SFERRARI\01 - TRABAJO\repos\netcore\libs\template-netcore-shared\Kitpymes.Core.Shared.Tests\bin\Debug\net5.0\Kitpymes.Core.Shared.Tests.dll" adapterTypeName="executor://mstestadapter/v2" className="Kitpymes.Core.Shared.Tests.TimeSpanExtensionsTests" name="ToFormat_Passing_ValidTimeSpanValue_Returns_ValueWithFormatString" />
    </UnitTest>
    <UnitTest name="ToIsWeekend_Passing_Sunday_DateTime_Returns_True" storage="d:\sferrari\01 - trabajo\repos\netcore\libs\template-netcore-shared\kitpymes.core.shared.tests\bin\debug\net5.0\kitpymes.core.shared.tests.dll" id="c8fd6d3c-b723-929b-f175-dbdc2a7be855">
      <Execution id="3c09d0ea-e6eb-4f78-baca-171162137bf9" />
      <TestMethod codeBase="D:\SFERRARI\01 - TRABAJO\repos\netcore\libs\template-netcore-shared\Kitpymes.Core.Shared.Tests\bin\Debug\net5.0\Kitpymes.Core.Shared.Tests.dll" adapterTypeName="executor://mstestadapter/v2" className="Kitpymes.Core.Shared.Tests.DateTimeExtensionsTests" name="ToIsWeekend_Passing_Sunday_DateTime_Returns_True" />
    </UnitTest>
    <UnitTest name="IsFileExtension_Passing_InvalidArguments_Returns_HasErrorsAndCount" storage="d:\sferrari\01 - trabajo\repos\netcore\libs\template-netcore-shared\kitpymes.core.shared.tests\bin\debug\net5.0\kitpymes.core.shared.tests.dll" id="e608205e-4953-e9a3-1956-895ed42ab083">
      <Execution id="89317e88-ab20-4bc6-8029-fbb2002c6475" />
      <TestMethod codeBase="D:\SFERRARI\01 - TRABAJO\repos\netcore\libs\template-netcore-shared\Kitpymes.Core.Shared.Tests\bin\Debug\net5.0\Kitpymes.Core.Shared.Tests.dll" adapterTypeName="executor://mstestadapter/v2" className="Kitpymes.Core.Shared.Tests.CheckTests" name="IsFileExtension_Passing_InvalidArguments_Returns_HasErrorsAndCount" />
    </UnitTest>
    <UnitTest name="ToReplaceSpecialChars_Passing_ValidValue_Returns_ReplacedValueWithoutIgnoreSpecialChars" storage="d:\sferrari\01 - trabajo\repos\netcore\libs\template-netcore-shared\kitpymes.core.shared.tests\bin\debug\net5.0\kitpymes.core.shared.tests.dll" id="29112d2a-2e73-305d-ec50-12fc95c28627">
      <Execution id="1c8d780c-5559-49f5-889d-afb37771ce8e" />
      <TestMethod codeBase="D:\SFERRARI\01 - TRABAJO\repos\netcore\libs\template-netcore-shared\Kitpymes.Core.Shared.Tests\bin\Debug\net5.0\Kitpymes.Core.Shared.Tests.dll" adapterTypeName="executor://mstestadapter/v2" className="Kitpymes.Core.Shared.Tests.StringExtensionsTests" name="ToReplaceSpecialChars_Passing_ValidValue_Returns_ReplacedValueWithoutIgnoreSpecialChars" />
    </UnitTest>
    <UnitTest name="IsDomain_Passing_InvalidArguments_Returns_HasErrorsAndCount" storage="d:\sferrari\01 - trabajo\repos\netcore\libs\template-netcore-shared\kitpymes.core.shared.tests\bin\debug\net5.0\kitpymes.core.shared.tests.dll" id="3bd7277d-4ad0-51ee-d24c-53176ec3cc7f">
      <Execution id="b1b60074-15d3-4d3f-9eaf-c68f2eb0d3c0" />
      <TestMethod codeBase="D:\SFERRARI\01 - TRABAJO\repos\netcore\libs\template-netcore-shared\Kitpymes.Core.Shared.Tests\bin\Debug\net5.0\Kitpymes.Core.Shared.Tests.dll" adapterTypeName="executor://mstestadapter/v2" className="Kitpymes.Core.Shared.Tests.CheckTests" name="IsDomain_Passing_InvalidArguments_Returns_HasErrorsAndCount" />
    </UnitTest>
    <UnitTest name="ToFormat_Passing_ValidValueFormatWithArguments_Returns_ValueWithFormat" storage="d:\sferrari\01 - trabajo\repos\netcore\libs\template-netcore-shared\kitpymes.core.shared.tests\bin\debug\net5.0\kitpymes.core.shared.tests.dll" id="ac572b27-5286-68a4-5380-d7de82fbf69a">
      <Execution id="ebcfcd99-6f0a-40a7-b28c-762a001ac34b" />
      <TestMethod codeBase="D:\SFERRARI\01 - TRABAJO\repos\netcore\libs\template-netcore-shared\Kitpymes.Core.Shared.Tests\bin\Debug\net5.0\Kitpymes.Core.Shared.Tests.dll" adapterTypeName="executor://mstestadapter/v2" className="Kitpymes.Core.Shared.Tests.StringExtensionsTests" name="ToFormat_Passing_ValidValueFormatWithArguments_Returns_ValueWithFormat" />
    </UnitTest>
    <UnitTest name="ToConfigureOrDefault_Passing_DefaultValues_And_ActionCustomValues_Returns_DefaultValues_And_CustomValues" storage="d:\sferrari\01 - trabajo\repos\netcore\libs\template-netcore-shared\kitpymes.core.shared.tests\bin\debug\net5.0\kitpymes.core.shared.tests.dll" id="53cbdd8e-a1ef-5d22-8745-938609ed19c2">
      <Execution id="51f534fc-3354-478a-90c9-99b2b642c790" />
      <TestMethod codeBase="D:\SFERRARI\01 - TRABAJO\repos\netcore\libs\template-netcore-shared\Kitpymes.Core.Shared.Tests\bin\Debug\net5.0\Kitpymes.Core.Shared.Tests.dll" adapterTypeName="executor://mstestadapter/v2" className="Kitpymes.Core.Shared.Tests.ActionExtensionsTests" name="ToConfigureOrDefault_Passing_DefaultValues_And_ActionCustomValues_Returns_DefaultValues_And_CustomValues" />
    </UnitTest>
    <UnitTest name="ToEnvironment_Passing_Custom_Enviroment_Returns_Custom_Name" storage="d:\sferrari\01 - trabajo\repos\netcore\libs\template-netcore-shared\kitpymes.core.shared.tests\bin\debug\net5.0\kitpymes.core.shared.tests.dll" id="69b6ed05-fdf2-6989-0583-109b4777a6ac">
      <Execution id="699223f5-ef40-4760-80db-0158358e2991" />
      <TestMethod codeBase="D:\SFERRARI\01 - TRABAJO\repos\netcore\libs\template-netcore-shared\Kitpymes.Core.Shared.Tests\bin\Debug\net5.0\Kitpymes.Core.Shared.Tests.dll" adapterTypeName="executor://mstestadapter/v2" className="Kitpymes.Core.Shared.Tests.ApplicationBuilderExtensionsTests" name="ToEnvironment_Passing_Custom_Enviroment_Returns_Custom_Name" />
    </UnitTest>
    <UnitTest name="ToDefaultValue_Passing_long_Returns_Cero" storage="d:\sferrari\01 - trabajo\repos\netcore\libs\template-netcore-shared\kitpymes.core.shared.tests\bin\debug\net5.0\kitpymes.core.shared.tests.dll" id="e93b141b-fdfd-0f98-21e5-3eb211b6e88b">
      <Execution id="a5b1421b-3de8-41df-9c8b-6c4ca985a39b" />
      <TestMethod codeBase="D:\SFERRARI\01 - TRABAJO\repos\netcore\libs\template-netcore-shared\Kitpymes.Core.Shared.Tests\bin\Debug\net5.0\Kitpymes.Core.Shared.Tests.dll" adapterTypeName="executor://mstestadapter/v2" className="Kitpymes.Core.Shared.Tests.GenericExtensionsTests" name="ToDefaultValue_Passing_long_Returns_Cero" />
    </UnitTest>
    <UnitTest name="ToHashAlgorithmName_Passing_InvalidValueLowerCaseStringWithDefaultValue_Returns_DefaultValue" storage="d:\sferrari\01 - trabajo\repos\netcore\libs\template-netcore-shared\kitpymes.core.shared.tests\bin\debug\net5.0\kitpymes.core.shared.tests.dll" id="d5506b30-7041-6d90-bd03-bcd5b2479c40">
      <Execution id="0d914f53-951b-4020-b75f-8b17cb1909d7" />
      <TestMethod codeBase="D:\SFERRARI\01 - TRABAJO\repos\netcore\libs\template-netcore-shared\Kitpymes.Core.Shared.Tests\bin\Debug\net5.0\Kitpymes.Core.Shared.Tests.dll" adapterTypeName="executor://mstestadapter/v2" className="Kitpymes.Core.Shared.Tests.StringExtensionsTests" name="ToHashAlgorithmName_Passing_InvalidValueLowerCaseStringWithDefaultValue_Returns_DefaultValue" />
    </UnitTest>
    <UnitTest name="ToDefaultValue_Passing_ushort_Returns_Cero" storage="d:\sferrari\01 - trabajo\repos\netcore\libs\template-netcore-shared\kitpymes.core.shared.tests\bin\debug\net5.0\kitpymes.core.shared.tests.dll" id="47f3e733-f069-b79f-9f6d-7c11fc368663">
      <Execution id="794ff7a0-17af-4602-8097-12cc934c6a5f" />
      <TestMethod codeBase="D:\SFERRARI\01 - TRABAJO\repos\netcore\libs\template-netcore-shared\Kitpymes.Core.Shared.Tests\bin\Debug\net5.0\Kitpymes.Core.Shared.Tests.dll" adapterTypeName="executor://mstestadapter/v2" className="Kitpymes.Core.Shared.Tests.GenericExtensionsTests" name="ToDefaultValue_Passing_ushort_Returns_Cero" />
    </UnitTest>
    <UnitTest name="ToIsNullOrEmpty_Passing_InvalidValue_Returns_True" storage="d:\sferrari\01 - trabajo\repos\netcore\libs\template-netcore-shared\kitpymes.core.shared.tests\bin\debug\net5.0\kitpymes.core.shared.tests.dll" id="297c060d-406b-f933-91fe-dfd3459b8ace">
      <Execution id="3004d050-f276-48ba-b428-493ddd87de92" />
      <TestMethod codeBase="D:\SFERRARI\01 - TRABAJO\repos\netcore\libs\template-netcore-shared\Kitpymes.Core.Shared.Tests\bin\Debug\net5.0\Kitpymes.Core.Shared.Tests.dll" adapterTypeName="executor://mstestadapter/v2" className="Kitpymes.Core.Shared.Tests.CheckExtensionsTests" name="ToIsNullOrEmpty_Passing_InvalidValue_Returns_True" />
    </UnitTest>
    <UnitTest name="ToDirectoryFindFilePath_Passing_ValidValueIntoSubDirectory_Returns_FilePath" storage="d:\sferrari\01 - trabajo\repos\netcore\libs\template-netcore-shared\kitpymes.core.shared.tests\bin\debug\net5.0\kitpymes.core.shared.tests.dll" id="5fda35dc-4db7-2169-9391-a6295d2ec5fd">
      <Execution id="c27e43b3-4334-4abc-a01f-6c7cf1348e6b" />
      <TestMethod codeBase="D:\SFERRARI\01 - TRABAJO\repos\netcore\libs\template-netcore-shared\Kitpymes.Core.Shared.Tests\bin\Debug\net5.0\Kitpymes.Core.Shared.Tests.dll" adapterTypeName="executor://mstestadapter/v2" className="Kitpymes.Core.Shared.Tests.StringExtensionsTests" name="ToDirectoryFindFilePath_Passing_ValidValueIntoSubDirectory_Returns_FilePath" />
    </UnitTest>
    <UnitTest name="ToHasErrors_Passing_InvalidValue_Returns_ApplicationExceptionWithMessage" storage="d:\sferrari\01 - trabajo\repos\netcore\libs\template-netcore-shared\kitpymes.core.shared.tests\bin\debug\net5.0\kitpymes.core.shared.tests.dll" id="1340b308-d9eb-a26e-e042-04d6c1d9a958">
      <Execution id="0d71aced-da61-4e23-a609-b5e8f606eee6" />
      <TestMethod codeBase="D:\SFERRARI\01 - TRABAJO\repos\netcore\libs\template-netcore-shared\Kitpymes.Core.Shared.Tests\bin\Debug\net5.0\Kitpymes.Core.Shared.Tests.dll" adapterTypeName="executor://mstestadapter/v2" className="Kitpymes.Core.Shared.Tests.CheckExtensionsTests" name="ToHasErrors_Passing_InvalidValue_Returns_ApplicationExceptionWithMessage" />
    </UnitTest>
    <UnitTest name="ToConfiguration_Passing_Key_Values_Returns_Ok" storage="d:\sferrari\01 - trabajo\repos\netcore\libs\template-netcore-shared\kitpymes.core.shared.tests\bin\debug\net5.0\kitpymes.core.shared.tests.dll" id="66f7bc12-fe2b-fd81-3cbf-5bc4840aa6f8">
      <Execution id="481e1894-fe0e-4620-9697-cead07aab7db" />
      <TestMethod codeBase="D:\SFERRARI\01 - TRABAJO\repos\netcore\libs\template-netcore-shared\Kitpymes.Core.Shared.Tests\bin\Debug\net5.0\Kitpymes.Core.Shared.Tests.dll" adapterTypeName="executor://mstestadapter/v2" className="Kitpymes.Core.Shared.Tests.ConfigurationBuilderExtensionsTests" name="ToConfiguration_Passing_Key_Values_Returns_Ok" />
    </UnitTest>
    <UnitTest name="IsUniqueChars_Passing_ValidArguments_Returns_HasErrorsAndCount" storage="d:\sferrari\01 - trabajo\repos\netcore\libs\template-netcore-shared\kitpymes.core.shared.tests\bin\debug\net5.0\kitpymes.core.shared.tests.dll" id="fcd9a6e3-ee1d-7212-668e-2b0865200d81">
      <Execution id="7daf9388-c8b6-400f-8d09-2d7fd082a789" />
      <TestMethod codeBase="D:\SFERRARI\01 - TRABAJO\repos\netcore\libs\template-netcore-shared\Kitpymes.Core.Shared.Tests\bin\Debug\net5.0\Kitpymes.Core.Shared.Tests.dll" adapterTypeName="executor://mstestadapter/v2" className="Kitpymes.Core.Shared.Tests.CheckTests" name="IsUniqueChars_Passing_ValidArguments_Returns_HasErrorsAndCount" />
    </UnitTest>
    <UnitTest name="ToEmptyIfNull_Passing_Null_Collection_Returns_Empty_Collection" storage="d:\sferrari\01 - trabajo\repos\netcore\libs\template-netcore-shared\kitpymes.core.shared.tests\bin\debug\net5.0\kitpymes.core.shared.tests.dll" id="3e6d6aa9-9b6d-dd96-b54c-49f88780a2b4">
      <Execution id="b1f007c1-5c89-49f9-8cbc-8879aa5cf7d6" />
      <TestMethod codeBase="D:\SFERRARI\01 - TRABAJO\repos\netcore\libs\template-netcore-shared\Kitpymes.Core.Shared.Tests\bin\Debug\net5.0\Kitpymes.Core.Shared.Tests.dll" adapterTypeName="executor://mstestadapter/v2" className="Kitpymes.Core.Shared.Tests.EnumerableExtensionsTests" name="ToEmptyIfNull_Passing_Null_Collection_Returns_Empty_Collection" />
    </UnitTest>
    <UnitTest name="ToZipExtract_Passing_ValidArchive_Returns_Files" storage="d:\sferrari\01 - trabajo\repos\netcore\libs\template-netcore-shared\kitpymes.core.shared.tests\bin\debug\net5.0\kitpymes.core.shared.tests.dll" id="967da852-80aa-48c8-4fdf-7229c80964ce">
      <Execution id="1d7b9a25-d641-4311-a45e-74d5db14f709" />
      <TestMethod codeBase="D:\SFERRARI\01 - TRABAJO\repos\netcore\libs\template-netcore-shared\Kitpymes.Core.Shared.Tests\bin\Debug\net5.0\Kitpymes.Core.Shared.Tests.dll" adapterTypeName="executor://mstestadapter/v2" className="Kitpymes.Core.Shared.Tests.StringExtensionsTests" name="ToZipExtract_Passing_ValidArchive_Returns_Files" />
    </UnitTest>
    <UnitTest name="ToEnum_Passing_InvalidValueInt_Returns_EnumDefaultValue" storage="d:\sferrari\01 - trabajo\repos\netcore\libs\template-netcore-shared\kitpymes.core.shared.tests\bin\debug\net5.0\kitpymes.core.shared.tests.dll" id="8c1d1a56-be42-3df5-a82e-36b97c2860b8">
      <Execution id="af6adcc4-25ae-42e1-b2b9-b3bfa7144309" />
      <TestMethod codeBase="D:\SFERRARI\01 - TRABAJO\repos\netcore\libs\template-netcore-shared\Kitpymes.Core.Shared.Tests\bin\Debug\net5.0\Kitpymes.Core.Shared.Tests.dll" adapterTypeName="executor://mstestadapter/v2" className="Kitpymes.Core.Shared.Tests.StringExtensionsTests" name="ToEnum_Passing_InvalidValueInt_Returns_EnumDefaultValue" />
    </UnitTest>
    <UnitTest name="ToMapList_Passing_Source_Type_And_Destination_Type_Returns_Destination_Object_List" storage="d:\sferrari\01 - trabajo\repos\netcore\libs\template-netcore-shared\kitpymes.core.shared.tests\bin\debug\net5.0\kitpymes.core.shared.tests.dll" id="f8b74494-d277-7173-e694-2a4d463a4607">
      <Execution id="6f7cf0c9-0040-4dff-a976-ecb825095f8d" />
      <TestMethod codeBase="D:\SFERRARI\01 - TRABAJO\repos\netcore\libs\template-netcore-shared\Kitpymes.Core.Shared.Tests\bin\Debug\net5.0\Kitpymes.Core.Shared.Tests.dll" adapterTypeName="executor://mstestadapter/v2" className="Kitpymes.Core.Shared.Tests.AgileMapperExtensionsTests" name="ToMapList_Passing_Source_Type_And_Destination_Type_Returns_Destination_Object_List" />
    </UnitTest>
    <UnitTest name="ToExists_Passing_Valid_Service_Returns_True" storage="d:\sferrari\01 - trabajo\repos\netcore\libs\template-netcore-shared\kitpymes.core.shared.tests\bin\debug\net5.0\kitpymes.core.shared.tests.dll" id="e2880a6e-7a01-b4ba-86fb-4d33be072972">
      <Execution id="e3819be4-652e-4263-a1c0-91e2fecc1c04" />
      <TestMethod codeBase="D:\SFERRARI\01 - TRABAJO\repos\netcore\libs\template-netcore-shared\Kitpymes.Core.Shared.Tests\bin\Debug\net5.0\Kitpymes.Core.Shared.Tests.dll" adapterTypeName="executor://mstestadapter/v2" className="Kitpymes.Core.Shared.Tests.ConfigurationBuilderExtensionsTests" name="ToExists_Passing_Valid_Service_Returns_True" />
    </UnitTest>
    <UnitTest name="ToMapNew_Passing_TDestination_Returns_New_Destination_Object" storage="d:\sferrari\01 - trabajo\repos\netcore\libs\template-netcore-shared\kitpymes.core.shared.tests\bin\debug\net5.0\kitpymes.core.shared.tests.dll" id="0ee8121e-b492-a57d-d072-de988a4e30f8">
      <Execution id="a71e1c33-0113-4b0a-a229-f335e8978dcb" />
      <TestMethod codeBase="D:\SFERRARI\01 - TRABAJO\repos\netcore\libs\template-netcore-shared\Kitpymes.Core.Shared.Tests\bin\Debug\net5.0\Kitpymes.Core.Shared.Tests.dll" adapterTypeName="executor://mstestadapter/v2" className="Kitpymes.Core.Shared.Tests.AgileMapperExtensionsTests" name="ToMapNew_Passing_TDestination_Returns_New_Destination_Object" />
    </UnitTest>
    <UnitTest name="IsName_Passing_InvalidArguments_Returns_HasErrorsAndCount" storage="d:\sferrari\01 - trabajo\repos\netcore\libs\template-netcore-shared\kitpymes.core.shared.tests\bin\debug\net5.0\kitpymes.core.shared.tests.dll" id="9eeef095-29ed-4872-a36c-ca4832350421">
      <Execution id="7881c9c2-6ae2-4ff5-9576-b2c05bb8cf19" />
      <TestMethod codeBase="D:\SFERRARI\01 - TRABAJO\repos\netcore\libs\template-netcore-shared\Kitpymes.Core.Shared.Tests\bin\Debug\net5.0\Kitpymes.Core.Shared.Tests.dll" adapterTypeName="executor://mstestadapter/v2" className="Kitpymes.Core.Shared.Tests.CheckTests" name="IsName_Passing_InvalidArguments_Returns_HasErrorsAndCount" />
    </UnitTest>
    <UnitTest name="IsHostname_Passing_InvalidArguments_Returns_HasErrorsAndCount" storage="d:\sferrari\01 - trabajo\repos\netcore\libs\template-netcore-shared\kitpymes.core.shared.tests\bin\debug\net5.0\kitpymes.core.shared.tests.dll" id="4a3afd90-c6ab-e82e-40d8-b40450680318">
      <Execution id="4c18f91a-6260-4361-9773-bb69b7f3bd40" />
      <TestMethod codeBase="D:\SFERRARI\01 - TRABAJO\repos\netcore\libs\template-netcore-shared\Kitpymes.Core.Shared.Tests\bin\Debug\net5.0\Kitpymes.Core.Shared.Tests.dll" adapterTypeName="executor://mstestadapter/v2" className="Kitpymes.Core.Shared.Tests.CheckTests" name="IsHostname_Passing_InvalidArguments_Returns_HasErrorsAndCount" />
    </UnitTest>
    <UnitTest name="IsName_Passing_ValidArguments_Returns_HasErrorsAndCount" storage="d:\sferrari\01 - trabajo\repos\netcore\libs\template-netcore-shared\kitpymes.core.shared.tests\bin\debug\net5.0\kitpymes.core.shared.tests.dll" id="0e702ef4-7e85-bcb3-3879-32ee56a27932">
      <Execution id="4550bdf3-6e8b-4fc9-a237-637a7815e364" />
      <TestMethod codeBase="D:\SFERRARI\01 - TRABAJO\repos\netcore\libs\template-netcore-shared\Kitpymes.Core.Shared.Tests\bin\Debug\net5.0\Kitpymes.Core.Shared.Tests.dll" adapterTypeName="executor://mstestadapter/v2" className="Kitpymes.Core.Shared.Tests.CheckTests" name="IsName_Passing_ValidArguments_Returns_HasErrorsAndCount" />
    </UnitTest>
    <UnitTest name="ToSubdomain_Passing_HttpRequest_Host_Returns_Subdomain" storage="d:\sferrari\01 - trabajo\repos\netcore\libs\template-netcore-shared\kitpymes.core.shared.tests\bin\debug\net5.0\kitpymes.core.shared.tests.dll" id="e9b23f0c-0cde-4603-1739-ee642fd33c36">
      <Execution id="157069e2-ea5f-46be-ac35-9a7476d4c016" />
      <TestMethod codeBase="D:\SFERRARI\01 - TRABAJO\repos\netcore\libs\template-netcore-shared\Kitpymes.Core.Shared.Tests\bin\Debug\net5.0\Kitpymes.Core.Shared.Tests.dll" adapterTypeName="executor://mstestadapter/v2" className="Kitpymes.Core.Shared.Tests.HttpRequestExtensionsTests" name="ToSubdomain_Passing_HttpRequest_Host_Returns_Subdomain" />
    </UnitTest>
    <UnitTest name="ToCount_Passing_ValidEnumType_Returns_Count" storage="d:\sferrari\01 - trabajo\repos\netcore\libs\template-netcore-shared\kitpymes.core.shared.tests\bin\debug\net5.0\kitpymes.core.shared.tests.dll" id="bc6955b8-aec0-957c-bad4-853e5cfa19a1">
      <Execution id="43004fae-d176-45e0-a40a-014875659efd" />
      <TestMethod codeBase="D:\SFERRARI\01 - TRABAJO\repos\netcore\libs\template-netcore-shared\Kitpymes.Core.Shared.Tests\bin\Debug\net5.0\Kitpymes.Core.Shared.Tests.dll" adapterTypeName="executor://mstestadapter/v2" className="Kitpymes.Core.Shared.Tests.EnumsTests" name="ToCount_Passing_ValidEnumType_Returns_Count" />
    </UnitTest>
    <UnitTest name="ResultDataBadRequest_WithErrors_Value" storage="d:\sferrari\01 - trabajo\repos\netcore\libs\template-netcore-shared\kitpymes.core.shared.tests\bin\debug\net5.0\kitpymes.core.shared.tests.dll" id="8f970201-c66a-ecfa-fa45-503451c8c439">
      <Execution id="5546b480-cde0-4f56-9051-b07bdefabf18" />
      <TestMethod codeBase="D:\SFERRARI\01 - TRABAJO\repos\netcore\libs\template-netcore-shared\Kitpymes.Core.Shared.Tests\bin\Debug\net5.0\Kitpymes.Core.Shared.Tests.dll" adapterTypeName="executor://mstestadapter/v2" className="Kitpymes.Core.Shared.Tests.ResultTest" name="ResultDataBadRequest_WithErrors_Value" />
    </UnitTest>
    <UnitTest name="ToService_Passing_NotFound_Service_Returns_Null" storage="d:\sferrari\01 - trabajo\repos\netcore\libs\template-netcore-shared\kitpymes.core.shared.tests\bin\debug\net5.0\kitpymes.core.shared.tests.dll" id="c330741e-ad40-618c-36cc-508c135d2b95">
      <Execution id="7d7b90f0-a1e8-474e-8f5d-c535c7bf7378" />
      <TestMethod codeBase="D:\SFERRARI\01 - TRABAJO\repos\netcore\libs\template-netcore-shared\Kitpymes.Core.Shared.Tests\bin\Debug\net5.0\Kitpymes.Core.Shared.Tests.dll" adapterTypeName="executor://mstestadapter/v2" className="Kitpymes.Core.Shared.Tests.ConfigurationBuilderExtensionsTests" name="ToService_Passing_NotFound_Service_Returns_Null" />
    </UnitTest>
    <UnitTest name="ToSettings_Passing_Values_From_AppSettingsFile_Returns_Settings" storage="d:\sferrari\01 - trabajo\repos\netcore\libs\template-netcore-shared\kitpymes.core.shared.tests\bin\debug\net5.0\kitpymes.core.shared.tests.dll" id="1577c538-d1be-5b59-2b09-8e59b0be5fcd">
      <Execution id="7b790dd4-ed70-4eb0-ab01-27a38d139614" />
      <TestMethod codeBase="D:\SFERRARI\01 - TRABAJO\repos\netcore\libs\template-netcore-shared\Kitpymes.Core.Shared.Tests\bin\Debug\net5.0\Kitpymes.Core.Shared.Tests.dll" adapterTypeName="executor://mstestadapter/v2" className="Kitpymes.Core.Shared.Tests.ConfigurationBuilderExtensionsTests" name="ToSettings_Passing_Values_From_AppSettingsFile_Returns_Settings" />
    </UnitTest>
    <UnitTest name="ToIsEmailThrow_Passing_InvalidValue_Returns_ApplicationExceptionWithMessage" storage="d:\sferrari\01 - trabajo\repos\netcore\libs\template-netcore-shared\kitpymes.core.shared.tests\bin\debug\net5.0\kitpymes.core.shared.tests.dll" id="def94964-1ba4-f78f-2dac-38055bb04256">
      <Execution id="8ff75b22-d78a-40f6-8caa-c929a4839f70" />
      <TestMethod codeBase="D:\SFERRARI\01 - TRABAJO\repos\netcore\libs\template-netcore-shared\Kitpymes.Core.Shared.Tests\bin\Debug\net5.0\Kitpymes.Core.Shared.Tests.dll" adapterTypeName="executor://mstestadapter/v2" className="Kitpymes.Core.Shared.Tests.CheckExtensionsTests" name="ToIsEmailThrow_Passing_InvalidValue_Returns_ApplicationExceptionWithMessage" />
    </UnitTest>
    <UnitTest name="ResultDataInternalServerError" storage="d:\sferrari\01 - trabajo\repos\netcore\libs\template-netcore-shared\kitpymes.core.shared.tests\bin\debug\net5.0\kitpymes.core.shared.tests.dll" id="d0b36a04-4127-30ad-3e5f-debee628dde9">
      <Execution id="6c78a78c-edf5-47ee-a3a3-22a234b9056f" />
      <TestMethod codeBase="D:\SFERRARI\01 - TRABAJO\repos\netcore\libs\template-netcore-shared\Kitpymes.Core.Shared.Tests\bin\Debug\net5.0\Kitpymes.Core.Shared.Tests.dll" adapterTypeName="executor://mstestadapter/v2" className="Kitpymes.Core.Shared.Tests.ResultTest" name="ResultDataInternalServerError" />
    </UnitTest>
    <UnitTest name="ToCompress_Passing_Value_Bytes_Returns_Value_Bytes" storage="d:\sferrari\01 - trabajo\repos\netcore\libs\template-netcore-shared\kitpymes.core.shared.tests\bin\debug\net5.0\kitpymes.core.shared.tests.dll" id="7a313c49-8adc-98e3-cdda-86b900f0ade6">
      <Execution id="0b75e465-60e6-41fe-bed8-0b0b69fccb58" />
      <TestMethod codeBase="D:\SFERRARI\01 - TRABAJO\repos\netcore\libs\template-netcore-shared\Kitpymes.Core.Shared.Tests\bin\Debug\net5.0\Kitpymes.Core.Shared.Tests.dll" adapterTypeName="executor://mstestadapter/v2" className="Kitpymes.Core.Shared.Tests.BytesExtensionsTests" name="ToCompress_Passing_Value_Bytes_Returns_Value_Bytes" />
    </UnitTest>
    <UnitTest name="ToDefaultValue_Passing_ValidStruct_Returns_DefaultValue" storage="d:\sferrari\01 - trabajo\repos\netcore\libs\template-netcore-shared\kitpymes.core.shared.tests\bin\debug\net5.0\kitpymes.core.shared.tests.dll" id="ffa669f9-8e25-a33b-f8f7-c3ba4a576a2b">
      <Execution id="4c0cbad1-b1cc-466d-8349-f2717c0bac8e" />
      <TestMethod codeBase="D:\SFERRARI\01 - TRABAJO\repos\netcore\libs\template-netcore-shared\Kitpymes.Core.Shared.Tests\bin\Debug\net5.0\Kitpymes.Core.Shared.Tests.dll" adapterTypeName="executor://mstestadapter/v2" className="Kitpymes.Core.Shared.Tests.TypeExtensionsTests" name="ToDefaultValue_Passing_ValidStruct_Returns_DefaultValue" />
    </UnitTest>
    <UnitTest name="ToIsWeekend_Passing_Saturday_DateTime_Returns_True" storage="d:\sferrari\01 - trabajo\repos\netcore\libs\template-netcore-shared\kitpymes.core.shared.tests\bin\debug\net5.0\kitpymes.core.shared.tests.dll" id="18040ed3-941e-dd1e-cb8c-4d34d103f370">
      <Execution id="b1c6cbec-6582-46a6-8fb4-3873c78a8f90" />
      <TestMethod codeBase="D:\SFERRARI\01 - TRABAJO\repos\netcore\libs\template-netcore-shared\Kitpymes.Core.Shared.Tests\bin\Debug\net5.0\Kitpymes.Core.Shared.Tests.dll" adapterTypeName="executor://mstestadapter/v2" className="Kitpymes.Core.Shared.Tests.DateTimeExtensionsTests" name="ToIsWeekend_Passing_Saturday_DateTime_Returns_True" />
    </UnitTest>
    <UnitTest name="ToZipCreate_Passing_ValidFilesWithCutomZipName_Returns_ZipFiles" storage="d:\sferrari\01 - trabajo\repos\netcore\libs\template-netcore-shared\kitpymes.core.shared.tests\bin\debug\net5.0\kitpymes.core.shared.tests.dll" id="b51b5293-5162-7db8-79c0-6e7b6f1c51a5">
      <Execution id="7084275c-9511-4cdf-9dd7-d5574281a93d" />
      <TestMethod codeBase="D:\SFERRARI\01 - TRABAJO\repos\netcore\libs\template-netcore-shared\Kitpymes.Core.Shared.Tests\bin\Debug\net5.0\Kitpymes.Core.Shared.Tests.dll" adapterTypeName="executor://mstestadapter/v2" className="Kitpymes.Core.Shared.Tests.StringExtensionsTests" name="ToZipCreate_Passing_ValidFilesWithCutomZipName_Returns_ZipFiles" />
    </UnitTest>
    <UnitTest name="ToHashAlgorithmName_Passing_InvalidValueStringWithDefaultValue_Returns_DefaultValue" storage="d:\sferrari\01 - trabajo\repos\netcore\libs\template-netcore-shared\kitpymes.core.shared.tests\bin\debug\net5.0\kitpymes.core.shared.tests.dll" id="ab527057-69f2-0a9a-89fd-18928a3920fd">
      <Execution id="2c31740b-9f35-4fab-8714-2cdbfc34191e" />
      <TestMethod codeBase="D:\SFERRARI\01 - TRABAJO\repos\netcore\libs\template-netcore-shared\Kitpymes.Core.Shared.Tests\bin\Debug\net5.0\Kitpymes.Core.Shared.Tests.dll" adapterTypeName="executor://mstestadapter/v2" className="Kitpymes.Core.Shared.Tests.StringExtensionsTests" name="ToHashAlgorithmName_Passing_InvalidValueStringWithDefaultValue_Returns_DefaultValue" />
    </UnitTest>
    <UnitTest name="ToEnvironment_ServiceCollection_Passing_Custom_Enviroment_Returns_Custom_Name" storage="d:\sferrari\01 - trabajo\repos\netcore\libs\template-netcore-shared\kitpymes.core.shared.tests\bin\debug\net5.0\kitpymes.core.shared.tests.dll" id="21ae5425-e2d1-002f-334f-105a6a674a01">
      <Execution id="7ba22b41-da04-46f0-8401-0900121d512d" />
      <TestMethod codeBase="D:\SFERRARI\01 - TRABAJO\repos\netcore\libs\template-netcore-shared\Kitpymes.Core.Shared.Tests\bin\Debug\net5.0\Kitpymes.Core.Shared.Tests.dll" adapterTypeName="executor://mstestadapter/v2" className="Kitpymes.Core.Shared.Tests.ConfigurationBuilderExtensionsTests" name="ToEnvironment_ServiceCollection_Passing_Custom_Enviroment_Returns_Custom_Name" />
    </UnitTest>
    <UnitTest name="ToList_Passing_ValidEnumTypeWithSelectedValueWithResourceType_Returns_ValuesList" storage="d:\sferrari\01 - trabajo\repos\netcore\libs\template-netcore-shared\kitpymes.core.shared.tests\bin\debug\net5.0\kitpymes.core.shared.tests.dll" id="9af963da-8209-d683-34a5-be793bc59993">
      <Execution id="787df44e-6178-4e6e-bc48-fe5ce437757b" />
      <TestMethod codeBase="D:\SFERRARI\01 - TRABAJO\repos\netcore\libs\template-netcore-shared\Kitpymes.Core.Shared.Tests\bin\Debug\net5.0\Kitpymes.Core.Shared.Tests.dll" adapterTypeName="executor://mstestadapter/v2" className="Kitpymes.Core.Shared.Tests.EnumsTests" name="ToList_Passing_ValidEnumTypeWithSelectedValueWithResourceType_Returns_ValuesList" />
    </UnitTest>
    <UnitTest name="IsDirectory_Passing_InvalidArguments_Returns_HasErrorsAndCount" storage="d:\sferrari\01 - trabajo\repos\netcore\libs\template-netcore-shared\kitpymes.core.shared.tests\bin\debug\net5.0\kitpymes.core.shared.tests.dll" id="ee30e1f9-ce80-c70a-1b56-b7e02750ae26">
      <Execution id="97c3f8a2-4c6d-4651-9a89-44ab5c532c3c" />
      <TestMethod codeBase="D:\SFERRARI\01 - TRABAJO\repos\netcore\libs\template-netcore-shared\Kitpymes.Core.Shared.Tests\bin\Debug\net5.0\Kitpymes.Core.Shared.Tests.dll" adapterTypeName="executor://mstestadapter/v2" className="Kitpymes.Core.Shared.Tests.CheckTests" name="IsDirectory_Passing_InvalidArguments_Returns_HasErrorsAndCount" />
    </UnitTest>
    <UnitTest name="ToService_Passing_Valid_Service_Returns_Service" storage="d:\sferrari\01 - trabajo\repos\netcore\libs\template-netcore-shared\kitpymes.core.shared.tests\bin\debug\net5.0\kitpymes.core.shared.tests.dll" id="0b1e4893-9444-2235-b7fa-3782f9932212">
      <Execution id="8cde2a44-2988-4329-ae32-eb60efadf07d" />
      <TestMethod codeBase="D:\SFERRARI\01 - TRABAJO\repos\netcore\libs\template-netcore-shared\Kitpymes.Core.Shared.Tests\bin\Debug\net5.0\Kitpymes.Core.Shared.Tests.dll" adapterTypeName="executor://mstestadapter/v2" className="Kitpymes.Core.Shared.Tests.ConfigurationBuilderExtensionsTests" name="ToService_Passing_Valid_Service_Returns_Service" />
    </UnitTest>
    <UnitTest name="IsNullOrEmpty_Passing_InvalidArguments_Returns_HasErrorsAndCount" storage="d:\sferrari\01 - trabajo\repos\netcore\libs\template-netcore-shared\kitpymes.core.shared.tests\bin\debug\net5.0\kitpymes.core.shared.tests.dll" id="801afd1a-5f3d-0d0c-471a-96452bf5bc35">
      <Execution id="b55969c1-9fe4-4648-9040-e84926c02d94" />
      <TestMethod codeBase="D:\SFERRARI\01 - TRABAJO\repos\netcore\libs\template-netcore-shared\Kitpymes.Core.Shared.Tests\bin\Debug\net5.0\Kitpymes.Core.Shared.Tests.dll" adapterTypeName="executor://mstestadapter/v2" className="Kitpymes.Core.Shared.Tests.CheckTests" name="IsNullOrEmpty_Passing_InvalidArguments_Returns_HasErrorsAndCount" />
    </UnitTest>
    <UnitTest name="ToStartOfWeek_Passing_DateTime_Returns_Start_Of_Week_DateTime" storage="d:\sferrari\01 - trabajo\repos\netcore\libs\template-netcore-shared\kitpymes.core.shared.tests\bin\debug\net5.0\kitpymes.core.shared.tests.dll" id="1f173fff-9060-8c18-f825-225901225244">
      <Execution id="4fef0e69-4dae-4aaa-9b5d-d1888cd47823" />
      <TestMethod codeBase="D:\SFERRARI\01 - TRABAJO\repos\netcore\libs\template-netcore-shared\Kitpymes.Core.Shared.Tests\bin\Debug\net5.0\Kitpymes.Core.Shared.Tests.dll" adapterTypeName="executor://mstestadapter/v2" className="Kitpymes.Core.Shared.Tests.DateTimeExtensionsTests" name="ToStartOfWeek_Passing_DateTime_Returns_Start_Of_Week_DateTime" />
    </UnitTest>
    <UnitTest name="ToAge_Passing_Birthday_DateTime_Returns_Age" storage="d:\sferrari\01 - trabajo\repos\netcore\libs\template-netcore-shared\kitpymes.core.shared.tests\bin\debug\net5.0\kitpymes.core.shared.tests.dll" id="4ead3f79-a54e-1b96-838c-d0c2f491cb0d">
      <Execution id="11c54c76-c302-4f9e-99d7-6f4d3936c22b" />
      <TestMethod codeBase="D:\SFERRARI\01 - TRABAJO\repos\netcore\libs\template-netcore-shared\Kitpymes.Core.Shared.Tests\bin\Debug\net5.0\Kitpymes.Core.Shared.Tests.dll" adapterTypeName="executor://mstestadapter/v2" className="Kitpymes.Core.Shared.Tests.DateTimeExtensionsTests" name="ToAge_Passing_Birthday_DateTime_Returns_Age" />
    </UnitTest>
    <UnitTest name="ToRemove_Passing_ValidValue_Returns_ValueWithoutRemovedChars" storage="d:\sferrari\01 - trabajo\repos\netcore\libs\template-netcore-shared\kitpymes.core.shared.tests\bin\debug\net5.0\kitpymes.core.shared.tests.dll" id="bb347f18-44ab-0d77-d5bd-a671e4c37650">
      <Execution id="18a6d75a-c090-4c8d-a079-58ed7b72f2b1" />
      <TestMethod codeBase="D:\SFERRARI\01 - TRABAJO\repos\netcore\libs\template-netcore-shared\Kitpymes.Core.Shared.Tests\bin\Debug\net5.0\Kitpymes.Core.Shared.Tests.dll" adapterTypeName="executor://mstestadapter/v2" className="Kitpymes.Core.Shared.Tests.StringExtensionsTests" name="ToRemove_Passing_ValidValue_Returns_ValueWithoutRemovedChars" />
    </UnitTest>
    <UnitTest name="CreateAndVerifySHA256_Passing_Valid_Arguments_Returns_True" storage="d:\sferrari\01 - trabajo\repos\netcore\libs\template-netcore-shared\kitpymes.core.shared.tests\bin\debug\net5.0\kitpymes.core.shared.tests.dll" id="cf950ab2-9fe4-ec30-43b4-2f3a99b5167d">
      <Execution id="52f9c3e7-06d9-4313-9a85-a26602855ebf" />
      <TestMethod codeBase="D:\SFERRARI\01 - TRABAJO\repos\netcore\libs\template-netcore-shared\Kitpymes.Core.Shared.Tests\bin\Debug\net5.0\Kitpymes.Core.Shared.Tests.dll" adapterTypeName="executor://mstestadapter/v2" className="Kitpymes.Core.Shared.Tests.HashTests" name="CreateAndVerifySHA256_Passing_Valid_Arguments_Returns_True" />
    </UnitTest>
    <UnitTest name="ToServiceMatchingInterface_Passing_Valid_Assembly_Returns_Service" storage="d:\sferrari\01 - trabajo\repos\netcore\libs\template-netcore-shared\kitpymes.core.shared.tests\bin\debug\net5.0\kitpymes.core.shared.tests.dll" id="845c887e-a785-555d-db89-1c2975a33bbb">
      <Execution id="57887b37-fdeb-4992-a7e4-7ec224709a6b" />
      <TestMethod codeBase="D:\SFERRARI\01 - TRABAJO\repos\netcore\libs\template-netcore-shared\Kitpymes.Core.Shared.Tests\bin\Debug\net5.0\Kitpymes.Core.Shared.Tests.dll" adapterTypeName="executor://mstestadapter/v2" className="Kitpymes.Core.Shared.Tests.ConfigurationBuilderExtensionsTests" name="ToServiceMatchingInterface_Passing_Valid_Assembly_Returns_Service" />
    </UnitTest>
    <UnitTest name="ToService_Passing_Service_Not_Found_Returns_ApplicationException" storage="d:\sferrari\01 - trabajo\repos\netcore\libs\template-netcore-shared\kitpymes.core.shared.tests\bin\debug\net5.0\kitpymes.core.shared.tests.dll" id="74c0befe-cdb2-1fdf-be71-2a39199bb5c9">
      <Execution id="b83c921f-3503-4daf-95d6-70c05faab233" />
      <TestMethod codeBase="D:\SFERRARI\01 - TRABAJO\repos\netcore\libs\template-netcore-shared\Kitpymes.Core.Shared.Tests\bin\Debug\net5.0\Kitpymes.Core.Shared.Tests.dll" adapterTypeName="executor://mstestadapter/v2" className="Kitpymes.Core.Shared.Tests.ApplicationBuilderExtensionsTests" name="ToService_Passing_Service_Not_Found_Returns_ApplicationException" />
    </UnitTest>
    <UnitTest name="ToUri_Passing_ValidValueString_Returns_Uri" storage="d:\sferrari\01 - trabajo\repos\netcore\libs\template-netcore-shared\kitpymes.core.shared.tests\bin\debug\net5.0\kitpymes.core.shared.tests.dll" id="30809299-0e3e-4ac7-4a2a-6f8c296d2226">
      <Execution id="75557853-e9c8-4f7c-882d-9a356980dc93" />
      <TestMethod codeBase="D:\SFERRARI\01 - TRABAJO\repos\netcore\libs\template-netcore-shared\Kitpymes.Core.Shared.Tests\bin\Debug\net5.0\Kitpymes.Core.Shared.Tests.dll" adapterTypeName="executor://mstestadapter/v2" className="Kitpymes.Core.Shared.Tests.StringExtensionsTests" name="ToUri_Passing_ValidValueString_Returns_Uri" />
    </UnitTest>
    <UnitTest name="ToRandom_Passing_Invalid_Null_Value_Returns_Null" storage="d:\sferrari\01 - trabajo\repos\netcore\libs\template-netcore-shared\kitpymes.core.shared.tests\bin\debug\net5.0\kitpymes.core.shared.tests.dll" id="985d1d77-c2ec-7290-ea22-268fdc93e8ee">
      <Execution id="408d2339-8c81-40f3-9eeb-9014643b91ef" />
      <TestMethod codeBase="D:\SFERRARI\01 - TRABAJO\repos\netcore\libs\template-netcore-shared\Kitpymes.Core.Shared.Tests\bin\Debug\net5.0\Kitpymes.Core.Shared.Tests.dll" adapterTypeName="executor://mstestadapter/v2" className="Kitpymes.Core.Shared.Tests.StringExtensionsTests" name="ToRandom_Passing_Invalid_Null_Value_Returns_Null" />
    </UnitTest>
    <UnitTest name="ToService_Passing_Valid_Service_Returns_Service" storage="d:\sferrari\01 - trabajo\repos\netcore\libs\template-netcore-shared\kitpymes.core.shared.tests\bin\debug\net5.0\kitpymes.core.shared.tests.dll" id="2aceb911-de9d-b2eb-c8db-f6b3f880216f">
      <Execution id="1521bd74-4da6-46a9-9a99-213ee5429541" />
      <TestMethod codeBase="D:\SFERRARI\01 - TRABAJO\repos\netcore\libs\template-netcore-shared\Kitpymes.Core.Shared.Tests\bin\Debug\net5.0\Kitpymes.Core.Shared.Tests.dll" adapterTypeName="executor://mstestadapter/v2" className="Kitpymes.Core.Shared.Tests.ApplicationBuilderExtensionsTests" name="ToService_Passing_Valid_Service_Returns_Service" />
    </UnitTest>
    <UnitTest name="ToEnvironment_Passing_Service_Not_Found_Returns_ApplicationException" storage="d:\sferrari\01 - trabajo\repos\netcore\libs\template-netcore-shared\kitpymes.core.shared.tests\bin\debug\net5.0\kitpymes.core.shared.tests.dll" id="7c679bcb-7a59-8751-0063-1ef6e07cb160">
      <Execution id="f9277e09-8a7e-4347-a7a1-3ed52be06145" />
      <TestMethod codeBase="D:\SFERRARI\01 - TRABAJO\repos\netcore\libs\template-netcore-shared\Kitpymes.Core.Shared.Tests\bin\Debug\net5.0\Kitpymes.Core.Shared.Tests.dll" adapterTypeName="executor://mstestadapter/v2" className="Kitpymes.Core.Shared.Tests.ApplicationBuilderExtensionsTests" name="ToEnvironment_Passing_Service_Not_Found_Returns_ApplicationException" />
    </UnitTest>
    <UnitTest name="CreateSHA256_Passing_Invalid_Arguments_Returns_ApplicationException" storage="d:\sferrari\01 - trabajo\repos\netcore\libs\template-netcore-shared\kitpymes.core.shared.tests\bin\debug\net5.0\kitpymes.core.shared.tests.dll" id="77fe17c3-3cf8-a189-4d95-b2e0d3ca9579">
      <Execution id="10e9c14d-96b7-43ae-ae22-73e0967e3ca0" />
      <TestMethod codeBase="D:\SFERRARI\01 - TRABAJO\repos\netcore\libs\template-netcore-shared\Kitpymes.Core.Shared.Tests\bin\Debug\net5.0\Kitpymes.Core.Shared.Tests.dll" adapterTypeName="executor://mstestadapter/v2" className="Kitpymes.Core.Shared.Tests.HashTests" name="CreateSHA256_Passing_Invalid_Arguments_Returns_ApplicationException" />
    </UnitTest>
    <UnitTest name="ToString_Passing_Valid_Collection_Returns_String_With_Default_Separator" storage="d:\sferrari\01 - trabajo\repos\netcore\libs\template-netcore-shared\kitpymes.core.shared.tests\bin\debug\net5.0\kitpymes.core.shared.tests.dll" id="07d50dfb-3195-c832-23d2-97ae667f2010">
      <Execution id="d2582626-85f3-4664-8574-6185550be671" />
      <TestMethod codeBase="D:\SFERRARI\01 - TRABAJO\repos\netcore\libs\template-netcore-shared\Kitpymes.Core.Shared.Tests\bin\Debug\net5.0\Kitpymes.Core.Shared.Tests.dll" adapterTypeName="executor://mstestadapter/v2" className="Kitpymes.Core.Shared.Tests.EnumerableExtensionsTests" name="ToString_Passing_Valid_Collection_Returns_String_With_Default_Separator" />
    </UnitTest>
    <UnitTest name="ToEmailMaskUserName_Passing_ValidEmail_Returns_EmailWithMask" storage="d:\sferrari\01 - trabajo\repos\netcore\libs\template-netcore-shared\kitpymes.core.shared.tests\bin\debug\net5.0\kitpymes.core.shared.tests.dll" id="1237bc5f-42ea-8c7f-8602-051620acda95">
      <Execution id="a93765e9-d527-43d8-bcb4-1a49f785645a" />
      <TestMethod codeBase="D:\SFERRARI\01 - TRABAJO\repos\netcore\libs\template-netcore-shared\Kitpymes.Core.Shared.Tests\bin\Debug\net5.0\Kitpymes.Core.Shared.Tests.dll" adapterTypeName="executor://mstestadapter/v2" className="Kitpymes.Core.Shared.Tests.StringExtensionsTests" name="ToEmailMaskUserName_Passing_ValidEmail_Returns_EmailWithMask" />
    </UnitTest>
    <UnitTest name="ToMessage_Passing_ExceptionWithMessageWithInnerException_Returns_MessageAndInnerException" storage="d:\sferrari\01 - trabajo\repos\netcore\libs\template-netcore-shared\kitpymes.core.shared.tests\bin\debug\net5.0\kitpymes.core.shared.tests.dll" id="0d35441f-72fe-a777-509f-6a19632f972a">
      <Execution id="025c3c72-1134-4b83-8b8e-d8dffd3a5152" />
      <TestMethod codeBase="D:\SFERRARI\01 - TRABAJO\repos\netcore\libs\template-netcore-shared\Kitpymes.Core.Shared.Tests\bin\Debug\net5.0\Kitpymes.Core.Shared.Tests.dll" adapterTypeName="executor://mstestadapter/v2" className="Kitpymes.Core.Shared.Tests.ExceptionExtensionsTests" name="ToMessage_Passing_ExceptionWithMessageWithInnerException_Returns_MessageAndInnerException" />
    </UnitTest>
    <UnitTest name="ToExists_Passing_Valid_Service_Returns_True" storage="d:\sferrari\01 - trabajo\repos\netcore\libs\template-netcore-shared\kitpymes.core.shared.tests\bin\debug\net5.0\kitpymes.core.shared.tests.dll" id="64bc1554-814c-3c40-a6b0-679b40b89c36">
      <Execution id="93647c94-581e-4262-9415-e618984113fd" />
      <TestMethod codeBase="D:\SFERRARI\01 - TRABAJO\repos\netcore\libs\template-netcore-shared\Kitpymes.Core.Shared.Tests\bin\Debug\net5.0\Kitpymes.Core.Shared.Tests.dll" adapterTypeName="executor://mstestadapter/v2" className="Kitpymes.Core.Shared.Tests.ApplicationBuilderExtensionsTests" name="ToExists_Passing_Valid_Service_Returns_True" />
    </UnitTest>
    <UnitTest name="IsGreater_Passing_InvalidArguments_Returns_HasErrorsAndCount" storage="d:\sferrari\01 - trabajo\repos\netcore\libs\template-netcore-shared\kitpymes.core.shared.tests\bin\debug\net5.0\kitpymes.core.shared.tests.dll" id="1c5fe271-1e90-52f5-1f31-436b17e57702">
      <Execution id="00e17007-3c27-4a5d-a236-a9d502fe9960" />
      <TestMethod codeBase="D:\SFERRARI\01 - TRABAJO\repos\netcore\libs\template-netcore-shared\Kitpymes.Core.Shared.Tests\bin\Debug\net5.0\Kitpymes.Core.Shared.Tests.dll" adapterTypeName="executor://mstestadapter/v2" className="Kitpymes.Core.Shared.Tests.CheckTests" name="IsGreater_Passing_InvalidArguments_Returns_HasErrorsAndCount" />
    </UnitTest>
    <UnitTest name="ToDefaultValue_Passing_ulong_Returns_Cero" storage="d:\sferrari\01 - trabajo\repos\netcore\libs\template-netcore-shared\kitpymes.core.shared.tests\bin\debug\net5.0\kitpymes.core.shared.tests.dll" id="aeb559a5-c285-7ab9-baee-1cb152d1742f">
      <Execution id="4159ad6a-e3e2-4fb1-870e-2280cfa0e8fb" />
      <TestMethod codeBase="D:\SFERRARI\01 - TRABAJO\repos\netcore\libs\template-netcore-shared\Kitpymes.Core.Shared.Tests\bin\Debug\net5.0\Kitpymes.Core.Shared.Tests.dll" adapterTypeName="executor://mstestadapter/v2" className="Kitpymes.Core.Shared.Tests.GenericExtensionsTests" name="ToDefaultValue_Passing_ulong_Returns_Cero" />
    </UnitTest>
    <UnitTest name="ToAuthenticationType_Passing_Claims_Returns_AuthenticationType_Name" storage="d:\sferrari\01 - trabajo\repos\netcore\libs\template-netcore-shared\kitpymes.core.shared.tests\bin\debug\net5.0\kitpymes.core.shared.tests.dll" id="635e001f-2a50-f191-84e2-e81cd2000fdf">
      <Execution id="31b7cdd9-0adf-47f9-8a07-9ce6086f8dec" />
      <TestMethod codeBase="D:\SFERRARI\01 - TRABAJO\repos\netcore\libs\template-netcore-shared\Kitpymes.Core.Shared.Tests\bin\Debug\net5.0\Kitpymes.Core.Shared.Tests.dll" adapterTypeName="executor://mstestadapter/v2" className="Kitpymes.Core.Shared.Tests.ClaimsPrincipalExtensionsTests" name="ToAuthenticationType_Passing_Claims_Returns_AuthenticationType_Name" />
    </UnitTest>
    <UnitTest name="ToTryIPv6_Passing_HttpContext_IP_Value_Returns_IP" storage="d:\sferrari\01 - trabajo\repos\netcore\libs\template-netcore-shared\kitpymes.core.shared.tests\bin\debug\net5.0\kitpymes.core.shared.tests.dll" id="10024a68-25d4-872c-3e48-a6d6b2671494">
      <Execution id="cc0e682c-32f5-4ea2-b3a9-36b7549c33e6" />
      <TestMethod codeBase="D:\SFERRARI\01 - TRABAJO\repos\netcore\libs\template-netcore-shared\Kitpymes.Core.Shared.Tests\bin\Debug\net5.0\Kitpymes.Core.Shared.Tests.dll" adapterTypeName="executor://mstestadapter/v2" className="Kitpymes.Core.Shared.Tests.HttpContextExtensionsTests" name="ToTryIPv6_Passing_HttpContext_IP_Value_Returns_IP" />
    </UnitTest>
    <UnitTest name="ToExists_Passing_NotFound_Service_Returns_False" storage="d:\sferrari\01 - trabajo\repos\netcore\libs\template-netcore-shared\kitpymes.core.shared.tests\bin\debug\net5.0\kitpymes.core.shared.tests.dll" id="640513b3-feee-19a8-efba-5817e77ff3ee">
      <Execution id="12d2a85f-1312-4d02-bc80-2c0da75dc78d" />
      <TestMethod codeBase="D:\SFERRARI\01 - TRABAJO\repos\netcore\libs\template-netcore-shared\Kitpymes.Core.Shared.Tests\bin\Debug\net5.0\Kitpymes.Core.Shared.Tests.dll" adapterTypeName="executor://mstestadapter/v2" className="Kitpymes.Core.Shared.Tests.ConfigurationBuilderExtensionsTests" name="ToExists_Passing_NotFound_Service_Returns_False" />
    </UnitTest>
    <UnitTest name="ToIsSubdomainThrow_Passing_InvalidValue_Returns_ApplicationExceptionWithMessage" storage="d:\sferrari\01 - trabajo\repos\netcore\libs\template-netcore-shared\kitpymes.core.shared.tests\bin\debug\net5.0\kitpymes.core.shared.tests.dll" id="d51ea295-e896-101a-6578-05ae772bcbfb">
      <Execution id="6af24d1c-6bfc-4f76-adb9-1dc45aec840e" />
      <TestMethod codeBase="D:\SFERRARI\01 - TRABAJO\repos\netcore\libs\template-netcore-shared\Kitpymes.Core.Shared.Tests\bin\Debug\net5.0\Kitpymes.Core.Shared.Tests.dll" adapterTypeName="executor://mstestadapter/v2" className="Kitpymes.Core.Shared.Tests.CheckExtensionsTests" name="ToIsSubdomainThrow_Passing_InvalidValue_Returns_ApplicationExceptionWithMessage" />
    </UnitTest>
    <UnitTest name="IsEmail_Passing_InvalidArguments_Returns_HasErrorsAndCount" storage="d:\sferrari\01 - trabajo\repos\netcore\libs\template-netcore-shared\kitpymes.core.shared.tests\bin\debug\net5.0\kitpymes.core.shared.tests.dll" id="180814cc-22f9-91b2-cd9a-f54be7e1ba18">
      <Execution id="9227522c-f9e5-4cce-b90e-223de9b7d940" />
      <TestMethod codeBase="D:\SFERRARI\01 - TRABAJO\repos\netcore\libs\template-netcore-shared\Kitpymes.Core.Shared.Tests\bin\Debug\net5.0\Kitpymes.Core.Shared.Tests.dll" adapterTypeName="executor://mstestadapter/v2" className="Kitpymes.Core.Shared.Tests.CheckTests" name="IsEmail_Passing_InvalidArguments_Returns_HasErrorsAndCount" />
    </UnitTest>
    <UnitTest name="IsEspecialChars_Passing_ValidArguments_Returns_HasErrorsAndCount" storage="d:\sferrari\01 - trabajo\repos\netcore\libs\template-netcore-shared\kitpymes.core.shared.tests\bin\debug\net5.0\kitpymes.core.shared.tests.dll" id="a2b6017f-838f-c435-81c1-a75dd92108eb">
      <Execution id="0e666f4d-438b-433c-9897-ec4543b15b90" />
      <TestMethod codeBase="D:\SFERRARI\01 - TRABAJO\repos\netcore\libs\template-netcore-shared\Kitpymes.Core.Shared.Tests\bin\Debug\net5.0\Kitpymes.Core.Shared.Tests.dll" adapterTypeName="executor://mstestadapter/v2" className="Kitpymes.Core.Shared.Tests.CheckTests" name="IsEspecialChars_Passing_ValidArguments_Returns_HasErrorsAndCount" />
    </UnitTest>
    <UnitTest name="CreateAndVerifySHA512_Passing_Valid_Arguments_Returns_True" storage="d:\sferrari\01 - trabajo\repos\netcore\libs\template-netcore-shared\kitpymes.core.shared.tests\bin\debug\net5.0\kitpymes.core.shared.tests.dll" id="6088101f-62c5-69c8-6751-05523b132d06">
      <Execution id="b09d1b47-f08d-4a3f-a55e-9af653c5aaf3" />
      <TestMethod codeBase="D:\SFERRARI\01 - TRABAJO\repos\netcore\libs\template-netcore-shared\Kitpymes.Core.Shared.Tests\bin\Debug\net5.0\Kitpymes.Core.Shared.Tests.dll" adapterTypeName="executor://mstestadapter/v2" className="Kitpymes.Core.Shared.Tests.HashTests" name="CreateAndVerifySHA512_Passing_Valid_Arguments_Returns_True" />
    </UnitTest>
    <UnitTest name="ToContentType_Passing_ValidValueString_Returns_ContentType" storage="d:\sferrari\01 - trabajo\repos\netcore\libs\template-netcore-shared\kitpymes.core.shared.tests\bin\debug\net5.0\kitpymes.core.shared.tests.dll" id="7be8a004-8e29-0f01-8ada-f15377193150">
      <Execution id="c6c8e5a5-b8b9-4667-96f1-215be6a9aab1" />
      <TestMethod codeBase="D:\SFERRARI\01 - TRABAJO\repos\netcore\libs\template-netcore-shared\Kitpymes.Core.Shared.Tests\bin\Debug\net5.0\Kitpymes.Core.Shared.Tests.dll" adapterTypeName="executor://mstestadapter/v2" className="Kitpymes.Core.Shared.Tests.StringExtensionsTests" name="ToContentType_Passing_ValidValueString_Returns_ContentType" />
    </UnitTest>
    <UnitTest name="IsUppercase_Passing_ValidArguments_Returns_HasErrorsAndCount" storage="d:\sferrari\01 - trabajo\repos\netcore\libs\template-netcore-shared\kitpymes.core.shared.tests\bin\debug\net5.0\kitpymes.core.shared.tests.dll" id="056700a7-2506-75ed-a80a-ddf2ddb5d2a8">
      <Execution id="926ae2f8-4de5-4a24-a2b9-931cdf486f4d" />
      <TestMethod codeBase="D:\SFERRARI\01 - TRABAJO\repos\netcore\libs\template-netcore-shared\Kitpymes.Core.Shared.Tests\bin\Debug\net5.0\Kitpymes.Core.Shared.Tests.dll" adapterTypeName="executor://mstestadapter/v2" className="Kitpymes.Core.Shared.Tests.CheckTests" name="IsUppercase_Passing_ValidArguments_Returns_HasErrorsAndCount" />
    </UnitTest>
    <UnitTest name="ToAttribute_Passing_Enumeration_Name_Returns_Atributte" storage="d:\sferrari\01 - trabajo\repos\netcore\libs\template-netcore-shared\kitpymes.core.shared.tests\bin\debug\net5.0\kitpymes.core.shared.tests.dll" id="320700ce-aa3b-5818-fb18-706cf7605472">
      <Execution id="4f0dfbfe-b07f-4dea-9adb-18190b63ecc0" />
      <TestMethod codeBase="D:\SFERRARI\01 - TRABAJO\repos\netcore\libs\template-netcore-shared\Kitpymes.Core.Shared.Tests\bin\Debug\net5.0\Kitpymes.Core.Shared.Tests.dll" adapterTypeName="executor://mstestadapter/v2" className="Kitpymes.Core.Shared.Tests.EnumExtensionsTests" name="ToAttribute_Passing_Enumeration_Name_Returns_Atributte" />
    </UnitTest>
    <UnitTest name="ToSerialize_Passing_Objects_Returns_String_Values" storage="d:\sferrari\01 - trabajo\repos\netcore\libs\template-netcore-shared\kitpymes.core.shared.tests\bin\debug\net5.0\kitpymes.core.shared.tests.dll" id="87c5dbd3-fd2a-1e49-42e5-8dc78affc8d6">
      <Execution id="48048ba2-5d9c-44e3-81d6-8a767fbdba48" />
      <TestMethod codeBase="D:\SFERRARI\01 - TRABAJO\repos\netcore\libs\template-netcore-shared\Kitpymes.Core.Shared.Tests\bin\Debug\net5.0\Kitpymes.Core.Shared.Tests.dll" adapterTypeName="executor://mstestadapter/v2" className="Kitpymes.Core.Shared.Tests.JsonExtensionsTests" name="ToSerialize_Passing_Objects_Returns_String_Values" />
    </UnitTest>
    <UnitTest name="ToDefaultValue_Passing_ValidInt_Returns_DefaultValue" storage="d:\sferrari\01 - trabajo\repos\netcore\libs\template-netcore-shared\kitpymes.core.shared.tests\bin\debug\net5.0\kitpymes.core.shared.tests.dll" id="e37f41d3-77a8-1acd-c258-fbb5b724b134">
      <Execution id="fad16a5d-2ef9-4255-843d-b264b26200b7" />
      <TestMethod codeBase="D:\SFERRARI\01 - TRABAJO\repos\netcore\libs\template-netcore-shared\Kitpymes.Core.Shared.Tests\bin\Debug\net5.0\Kitpymes.Core.Shared.Tests.dll" adapterTypeName="executor://mstestadapter/v2" className="Kitpymes.Core.Shared.Tests.TypeExtensionsTests" name="ToDefaultValue_Passing_ValidInt_Returns_DefaultValue" />
    </UnitTest>
    <UnitTest name="ToTryContentType_Passing_HttpRequestWithContentType_Value_Returns_ContentType_String_Value" storage="d:\sferrari\01 - trabajo\repos\netcore\libs\template-netcore-shared\kitpymes.core.shared.tests\bin\debug\net5.0\kitpymes.core.shared.tests.dll" id="a03675ec-665e-f4d5-4630-89e50dac0bfb">
      <Execution id="d53508ee-f07f-4bca-8558-0730150093c4" />
      <TestMethod codeBase="D:\SFERRARI\01 - TRABAJO\repos\netcore\libs\template-netcore-shared\Kitpymes.Core.Shared.Tests\bin\Debug\net5.0\Kitpymes.Core.Shared.Tests.dll" adapterTypeName="executor://mstestadapter/v2" className="Kitpymes.Core.Shared.Tests.HttpRequestExtensionsTests" name="ToTryContentType_Passing_HttpRequestWithContentType_Value_Returns_ContentType_String_Value" />
    </UnitTest>
    <UnitTest name="ToDefaultValue_Passing_ValidBoolean_Returns_DefaultValue" storage="d:\sferrari\01 - trabajo\repos\netcore\libs\template-netcore-shared\kitpymes.core.shared.tests\bin\debug\net5.0\kitpymes.core.shared.tests.dll" id="a95f665c-aa8d-208d-902c-60a464250c99">
      <Execution id="63cbca43-0640-4644-ae2b-97c829dd039a" />
      <TestMethod codeBase="D:\SFERRARI\01 - TRABAJO\repos\netcore\libs\template-netcore-shared\Kitpymes.Core.Shared.Tests\bin\Debug\net5.0\Kitpymes.Core.Shared.Tests.dll" adapterTypeName="executor://mstestadapter/v2" className="Kitpymes.Core.Shared.Tests.TypeExtensionsTests" name="ToDefaultValue_Passing_ValidBoolean_Returns_DefaultValue" />
    </UnitTest>
    <UnitTest name="ToHashAlgorithmName_Passing_InvalidValueLowerCaseString_Returns_Null" storage="d:\sferrari\01 - trabajo\repos\netcore\libs\template-netcore-shared\kitpymes.core.shared.tests\bin\debug\net5.0\kitpymes.core.shared.tests.dll" id="bd43e66e-fbae-26eb-a9a1-c58a6bf5d7af">
      <Execution id="1f359c66-a67d-4f9c-8031-319f6d483d4d" />
      <TestMethod codeBase="D:\SFERRARI\01 - TRABAJO\repos\netcore\libs\template-netcore-shared\Kitpymes.Core.Shared.Tests\bin\Debug\net5.0\Kitpymes.Core.Shared.Tests.dll" adapterTypeName="executor://mstestadapter/v2" className="Kitpymes.Core.Shared.Tests.StringExtensionsTests" name="ToHashAlgorithmName_Passing_InvalidValueLowerCaseString_Returns_Null" />
    </UnitTest>
    <UnitTest name="ToWhere_Passing_Null_Predicate_Returns_Same_List" storage="d:\sferrari\01 - trabajo\repos\netcore\libs\template-netcore-shared\kitpymes.core.shared.tests\bin\debug\net5.0\kitpymes.core.shared.tests.dll" id="6bd61990-78b5-76ea-0df5-0c13c388bdc0">
      <Execution id="02b9d9a7-eb0c-4a3c-ad19-02bb13237f78" />
      <TestMethod codeBase="D:\SFERRARI\01 - TRABAJO\repos\netcore\libs\template-netcore-shared\Kitpymes.Core.Shared.Tests\bin\Debug\net5.0\Kitpymes.Core.Shared.Tests.dll" adapterTypeName="executor://mstestadapter/v2" className="Kitpymes.Core.Shared.Tests.QueryableExtensionsTests" name="ToWhere_Passing_Null_Predicate_Returns_Same_List" />
    </UnitTest>
    <UnitTest name="ToEnvironment_ServiceCollection_Passing_Staging_Enviroment_Returns_Staging_Name" storage="d:\sferrari\01 - trabajo\repos\netcore\libs\template-netcore-shared\kitpymes.core.shared.tests\bin\debug\net5.0\kitpymes.core.shared.tests.dll" id="504465b7-a3fe-9023-93b9-ffece1903418">
      <Execution id="6ecf4f97-f360-4a4b-ac06-a3b585db14b9" />
      <TestMethod codeBase="D:\SFERRARI\01 - TRABAJO\repos\netcore\libs\template-netcore-shared\Kitpymes.Core.Shared.Tests\bin\Debug\net5.0\Kitpymes.Core.Shared.Tests.dll" adapterTypeName="executor://mstestadapter/v2" className="Kitpymes.Core.Shared.Tests.ConfigurationBuilderExtensionsTests" name="ToEnvironment_ServiceCollection_Passing_Staging_Enviroment_Returns_Staging_Name" />
    </UnitTest>
    <UnitTest name="ToAuthenticationType_Passing_Null_ClaimsPrincipal_Returns_ApplicationException" storage="d:\sferrari\01 - trabajo\repos\netcore\libs\template-netcore-shared\kitpymes.core.shared.tests\bin\debug\net5.0\kitpymes.core.shared.tests.dll" id="8dccdb77-e6a8-58c6-9bd0-108f87c5ff65">
      <Execution id="57988a35-c24d-4a4e-9fed-13de549a1171" />
      <TestMethod codeBase="D:\SFERRARI\01 - TRABAJO\repos\netcore\libs\template-netcore-shared\Kitpymes.Core.Shared.Tests\bin\Debug\net5.0\Kitpymes.Core.Shared.Tests.dll" adapterTypeName="executor://mstestadapter/v2" className="Kitpymes.Core.Shared.Tests.ClaimsPrincipalExtensionsTests" name="ToAuthenticationType_Passing_Null_ClaimsPrincipal_Returns_ApplicationException" />
    </UnitTest>
    <UnitTest name="ToValues_Passing_ValidEnumType_Returns_ValuesListString" storage="d:\sferrari\01 - trabajo\repos\netcore\libs\template-netcore-shared\kitpymes.core.shared.tests\bin\debug\net5.0\kitpymes.core.shared.tests.dll" id="0cfd0c7c-1a61-7d19-c2fa-3c8a47ccf09c">
      <Execution id="30148c7a-37ed-488c-9b49-636e1e3ebe6b" />
      <TestMethod codeBase="D:\SFERRARI\01 - TRABAJO\repos\netcore\libs\template-netcore-shared\Kitpymes.Core.Shared.Tests\bin\Debug\net5.0\Kitpymes.Core.Shared.Tests.dll" adapterTypeName="executor://mstestadapter/v2" className="Kitpymes.Core.Shared.Tests.EnumsTests" name="ToValues_Passing_ValidEnumType_Returns_ValuesListString" />
    </UnitTest>
    <UnitTest name="ToNormalize_Passing_ValidValue_Returns_NormalizedValue" storage="d:\sferrari\01 - trabajo\repos\netcore\libs\template-netcore-shared\kitpymes.core.shared.tests\bin\debug\net5.0\kitpymes.core.shared.tests.dll" id="7dc20d31-477c-3765-83c0-7575a504da96">
      <Execution id="fd7a1e22-3362-404a-99e6-bcc0fcf1171a" />
      <TestMethod codeBase="D:\SFERRARI\01 - TRABAJO\repos\netcore\libs\template-netcore-shared\Kitpymes.Core.Shared.Tests\bin\Debug\net5.0\Kitpymes.Core.Shared.Tests.dll" adapterTypeName="executor://mstestadapter/v2" className="Kitpymes.Core.Shared.Tests.StringExtensionsTests" name="ToNormalize_Passing_ValidValue_Returns_NormalizedValue" />
    </UnitTest>
    <UnitTest name="ToDictionaryPropertyInfo_Passing_Object_Not_IncludeNullOrEmptyProperty_Returns_Properties_NameAndValue_Dictionary" storage="d:\sferrari\01 - trabajo\repos\netcore\libs\template-netcore-shared\kitpymes.core.shared.tests\bin\debug\net5.0\kitpymes.core.shared.tests.dll" id="eb3fbb45-8257-f4b8-0975-042f859a72bf">
      <Execution id="37f64cde-e2c2-461d-8a3e-8dae41963408" />
      <TestMethod codeBase="D:\SFERRARI\01 - TRABAJO\repos\netcore\libs\template-netcore-shared\Kitpymes.Core.Shared.Tests\bin\Debug\net5.0\Kitpymes.Core.Shared.Tests.dll" adapterTypeName="executor://mstestadapter/v2" className="Kitpymes.Core.Shared.Tests.GenericExtensionsTests" name="ToDictionaryPropertyInfo_Passing_Object_Not_IncludeNullOrEmptyProperty_Returns_Properties_NameAndValue_Dictionary" />
    </UnitTest>
    <UnitTest name="ToGetAll_Passing_Claims_Returns_Claim_Value_Int_List" storage="d:\sferrari\01 - trabajo\repos\netcore\libs\template-netcore-shared\kitpymes.core.shared.tests\bin\debug\net5.0\kitpymes.core.shared.tests.dll" id="fa00d2a8-59b9-ad9e-caa1-a0c9e3156db1">
      <Execution id="0ee98382-5217-4d62-8964-3e4a11bf2b5c" />
      <TestMethod codeBase="D:\SFERRARI\01 - TRABAJO\repos\netcore\libs\template-netcore-shared\Kitpymes.Core.Shared.Tests\bin\Debug\net5.0\Kitpymes.Core.Shared.Tests.dll" adapterTypeName="executor://mstestadapter/v2" className="Kitpymes.Core.Shared.Tests.ClaimsPrincipalExtensionsTests" name="ToGetAll_Passing_Claims_Returns_Claim_Value_Int_List" />
    </UnitTest>
    <UnitTest name="ResultDataBadRequest_WithErrors_Dictionary" storage="d:\sferrari\01 - trabajo\repos\netcore\libs\template-netcore-shared\kitpymes.core.shared.tests\bin\debug\net5.0\kitpymes.core.shared.tests.dll" id="e329bdc2-7660-b4b2-0687-a194b6e35f1d">
      <Execution id="45376414-7b06-456c-9708-2ce932bab792" />
      <TestMethod codeBase="D:\SFERRARI\01 - TRABAJO\repos\netcore\libs\template-netcore-shared\Kitpymes.Core.Shared.Tests\bin\Debug\net5.0\Kitpymes.Core.Shared.Tests.dll" adapterTypeName="executor://mstestadapter/v2" className="Kitpymes.Core.Shared.Tests.ResultTest" name="ResultDataBadRequest_WithErrors_Dictionary" />
    </UnitTest>
    <UnitTest name="ResultDataBadRequest_WithErrors_KeyValue" storage="d:\sferrari\01 - trabajo\repos\netcore\libs\template-netcore-shared\kitpymes.core.shared.tests\bin\debug\net5.0\kitpymes.core.shared.tests.dll" id="b399a6be-77e5-c0ba-9b75-93d2ac763084">
      <Execution id="d9e2d5d6-a979-495f-85d6-d2684f3cae80" />
      <TestMethod codeBase="D:\SFERRARI\01 - TRABAJO\repos\netcore\libs\template-netcore-shared\Kitpymes.Core.Shared.Tests\bin\Debug\net5.0\Kitpymes.Core.Shared.Tests.dll" adapterTypeName="executor://mstestadapter/v2" className="Kitpymes.Core.Shared.Tests.ResultTest" name="ResultDataBadRequest_WithErrors_KeyValue" />
    </UnitTest>
    <UnitTest name="ToRandom_Passing_Invalid_Empty_Value_Returns_Null" storage="d:\sferrari\01 - trabajo\repos\netcore\libs\template-netcore-shared\kitpymes.core.shared.tests\bin\debug\net5.0\kitpymes.core.shared.tests.dll" id="ba2fdcb8-dc8f-63a2-c706-a9f24fc7cf16">
      <Execution id="31ed3125-cce9-4dcb-bcb9-1b5ca98a1b17" />
      <TestMethod codeBase="D:\SFERRARI\01 - TRABAJO\repos\netcore\libs\template-netcore-shared\Kitpymes.Core.Shared.Tests\bin\Debug\net5.0\Kitpymes.Core.Shared.Tests.dll" adapterTypeName="executor://mstestadapter/v2" className="Kitpymes.Core.Shared.Tests.StringExtensionsTests" name="ToRandom_Passing_Invalid_Empty_Value_Returns_Null" />
    </UnitTest>
    <UnitTest name="ToDirectoryTemporary_Passing_ValidValue_Returns_DirectoryExists" storage="d:\sferrari\01 - trabajo\repos\netcore\libs\template-netcore-shared\kitpymes.core.shared.tests\bin\debug\net5.0\kitpymes.core.shared.tests.dll" id="65b9b71b-a8d5-2a7d-a8a7-0e3a015e6b68">
      <Execution id="a634d15f-7c51-415f-857c-12f98f9e17a7" />
      <TestMethod codeBase="D:\SFERRARI\01 - TRABAJO\repos\netcore\libs\template-netcore-shared\Kitpymes.Core.Shared.Tests\bin\Debug\net5.0\Kitpymes.Core.Shared.Tests.dll" adapterTypeName="executor://mstestadapter/v2" className="Kitpymes.Core.Shared.Tests.StringExtensionsTests" name="ToDirectoryTemporary_Passing_ValidValue_Returns_DirectoryExists" />
    </UnitTest>
    <UnitTest name="ToHashAlgorithmName_Passing_ValidValueString_Returns_HashAlgorithmName" storage="d:\sferrari\01 - trabajo\repos\netcore\libs\template-netcore-shared\kitpymes.core.shared.tests\bin\debug\net5.0\kitpymes.core.shared.tests.dll" id="cd004a9f-a0f6-2fdf-aeae-1890f4ab8e71">
      <Execution id="d7ed2aa4-8d39-4b65-8993-09dd953d77b8" />
      <TestMethod codeBase="D:\SFERRARI\01 - TRABAJO\repos\netcore\libs\template-netcore-shared\Kitpymes.Core.Shared.Tests\bin\Debug\net5.0\Kitpymes.Core.Shared.Tests.dll" adapterTypeName="executor://mstestadapter/v2" className="Kitpymes.Core.Shared.Tests.StringExtensionsTests" name="ToHashAlgorithmName_Passing_ValidValueString_Returns_HashAlgorithmName" />
    </UnitTest>
    <UnitTest name="IsEspecialChars_Passing_InvalidArguments_Returns_HasErrorsAndCount" storage="d:\sferrari\01 - trabajo\repos\netcore\libs\template-netcore-shared\kitpymes.core.shared.tests\bin\debug\net5.0\kitpymes.core.shared.tests.dll" id="9d64a285-266d-52de-ef34-34102f8ad12c">
      <Execution id="264de9ae-3a3a-4e49-8a41-2e47c3f6230e" />
      <TestMethod codeBase="D:\SFERRARI\01 - TRABAJO\repos\netcore\libs\template-netcore-shared\Kitpymes.Core.Shared.Tests\bin\Debug\net5.0\Kitpymes.Core.Shared.Tests.dll" adapterTypeName="executor://mstestadapter/v2" className="Kitpymes.Core.Shared.Tests.CheckTests" name="IsEspecialChars_Passing_InvalidArguments_Returns_HasErrorsAndCount" />
    </UnitTest>
    <UnitTest name="ToIsDirectoryThrow_Passing_InvalidValue_Returns_ApplicationExceptionWithMessage" storage="d:\sferrari\01 - trabajo\repos\netcore\libs\template-netcore-shared\kitpymes.core.shared.tests\bin\debug\net5.0\kitpymes.core.shared.tests.dll" id="9e36eef1-cde7-a509-c95d-2249b6b02dbb">
      <Execution id="de3d2d4e-d810-4706-b0bd-665d54ffe7eb" />
      <TestMethod codeBase="D:\SFERRARI\01 - TRABAJO\repos\netcore\libs\template-netcore-shared\Kitpymes.Core.Shared.Tests\bin\Debug\net5.0\Kitpymes.Core.Shared.Tests.dll" adapterTypeName="executor://mstestadapter/v2" className="Kitpymes.Core.Shared.Tests.CheckExtensionsTests" name="ToIsDirectoryThrow_Passing_InvalidValue_Returns_ApplicationExceptionWithMessage" />
    </UnitTest>
    <UnitTest name="ToUri_Passing_InvalidValueString_Returns_Null" storage="d:\sferrari\01 - trabajo\repos\netcore\libs\template-netcore-shared\kitpymes.core.shared.tests\bin\debug\net5.0\kitpymes.core.shared.tests.dll" id="c180eeb5-df7f-187e-c74d-0f6d31acdec5">
      <Execution id="5c5e7860-324d-4351-b14f-14c220db55d6" />
      <TestMethod codeBase="D:\SFERRARI\01 - TRABAJO\repos\netcore\libs\template-netcore-shared\Kitpymes.Core.Shared.Tests\bin\Debug\net5.0\Kitpymes.Core.Shared.Tests.dll" adapterTypeName="executor://mstestadapter/v2" className="Kitpymes.Core.Shared.Tests.StringExtensionsTests" name="ToUri_Passing_InvalidValueString_Returns_Null" />
    </UnitTest>
    <UnitTest name="ToDirectoryFileInfo_Passing_ValidValue_Returns_FileInfo" storage="d:\sferrari\01 - trabajo\repos\netcore\libs\template-netcore-shared\kitpymes.core.shared.tests\bin\debug\net5.0\kitpymes.core.shared.tests.dll" id="7daaba64-d3ad-9109-43bf-bdb516b673b8">
      <Execution id="e70cdf90-b3de-4a99-a275-9c7d551eb94b" />
      <TestMethod codeBase="D:\SFERRARI\01 - TRABAJO\repos\netcore\libs\template-netcore-shared\Kitpymes.Core.Shared.Tests\bin\Debug\net5.0\Kitpymes.Core.Shared.Tests.dll" adapterTypeName="executor://mstestadapter/v2" className="Kitpymes.Core.Shared.Tests.StringExtensionsTests" name="ToDirectoryFileInfo_Passing_ValidValue_Returns_FileInfo" />
    </UnitTest>
    <UnitTest name="ToStringFormat_Passing_ValidValue_Returns_ValueWithoutRemovedChars" storage="d:\sferrari\01 - trabajo\repos\netcore\libs\template-netcore-shared\kitpymes.core.shared.tests\bin\debug\net5.0\kitpymes.core.shared.tests.dll" id="a1095294-226e-a0f0-0154-11290289c9db">
      <Execution id="cef89524-5021-4568-8d63-25fd99e4963f" />
      <TestMethod codeBase="D:\SFERRARI\01 - TRABAJO\repos\netcore\libs\template-netcore-shared\Kitpymes.Core.Shared.Tests\bin\Debug\net5.0\Kitpymes.Core.Shared.Tests.dll" adapterTypeName="executor://mstestadapter/v2" className="Kitpymes.Core.Shared.Tests.IntegerExtensionsTests" name="ToStringFormat_Passing_ValidValue_Returns_ValueWithoutRemovedChars" />
    </UnitTest>
    <UnitTest name="ToDefaultValue_Passing_short_Returns_Cero" storage="d:\sferrari\01 - trabajo\repos\netcore\libs\template-netcore-shared\kitpymes.core.shared.tests\bin\debug\net5.0\kitpymes.core.shared.tests.dll" id="40108f40-2761-0a89-d16d-ad113b5f3dd5">
      <Execution id="bb7e6ba7-bf5f-43cc-89b5-c85380609a07" />
      <TestMethod codeBase="D:\SFERRARI\01 - TRABAJO\repos\netcore\libs\template-netcore-shared\Kitpymes.Core.Shared.Tests\bin\Debug\net5.0\Kitpymes.Core.Shared.Tests.dll" adapterTypeName="executor://mstestadapter/v2" className="Kitpymes.Core.Shared.Tests.GenericExtensionsTests" name="ToDefaultValue_Passing_short_Returns_Cero" />
    </UnitTest>
    <UnitTest name="ToDirectorySaveFileAsync_Passing_ValidValue_Returns_False" storage="d:\sferrari\01 - trabajo\repos\netcore\libs\template-netcore-shared\kitpymes.core.shared.tests\bin\debug\net5.0\kitpymes.core.shared.tests.dll" id="0696fab6-6d9f-2b85-4a73-248fbd1cdda4">
      <Execution id="91e2f95a-59c4-4f1a-8728-a19d97768ba3" />
      <TestMethod codeBase="D:\SFERRARI\01 - TRABAJO\repos\netcore\libs\template-netcore-shared\Kitpymes.Core.Shared.Tests\bin\Debug\net5.0\Kitpymes.Core.Shared.Tests.dll" adapterTypeName="executor://mstestadapter/v2" className="Kitpymes.Core.Shared.Tests.StringExtensionsTests" name="ToDirectorySaveFileAsync_Passing_ValidValue_Returns_False" />
    </UnitTest>
    <UnitTest name="ToGet_Passing_Claims_Returns_Claim_Value_String" storage="d:\sferrari\01 - trabajo\repos\netcore\libs\template-netcore-shared\kitpymes.core.shared.tests\bin\debug\net5.0\kitpymes.core.shared.tests.dll" id="0c633595-70e8-b011-5a46-c9c7e1687cb9">
      <Execution id="a422bc12-fe0b-4c0a-b011-07bae78a3681" />
      <TestMethod codeBase="D:\SFERRARI\01 - TRABAJO\repos\netcore\libs\template-netcore-shared\Kitpymes.Core.Shared.Tests\bin\Debug\net5.0\Kitpymes.Core.Shared.Tests.dll" adapterTypeName="executor://mstestadapter/v2" className="Kitpymes.Core.Shared.Tests.ClaimsPrincipalExtensionsTests" name="ToGet_Passing_Claims_Returns_Claim_Value_String" />
    </UnitTest>
    <UnitTest name="ToDetails_Passing_HttpContext_WithOptionalData_Returns_Details_HttpContext" storage="d:\sferrari\01 - trabajo\repos\netcore\libs\template-netcore-shared\kitpymes.core.shared.tests\bin\debug\net5.0\kitpymes.core.shared.tests.dll" id="b048c16a-68b4-cdf3-3166-fb9613323b68">
      <Execution id="1818ba13-18a8-4a1f-926b-95ce8afae955" />
      <TestMethod codeBase="D:\SFERRARI\01 - TRABAJO\repos\netcore\libs\template-netcore-shared\Kitpymes.Core.Shared.Tests\bin\Debug\net5.0\Kitpymes.Core.Shared.Tests.dll" adapterTypeName="executor://mstestadapter/v2" className="Kitpymes.Core.Shared.Tests.HttpContextExtensionsTests" name="ToDetails_Passing_HttpContext_WithOptionalData_Returns_Details_HttpContext" />
    </UnitTest>
    <UnitTest name="ToDefaultValue_Passing_ValidGuid_Returns_DefaultValue" storage="d:\sferrari\01 - trabajo\repos\netcore\libs\template-netcore-shared\kitpymes.core.shared.tests\bin\debug\net5.0\kitpymes.core.shared.tests.dll" id="225c09bd-86d5-d9ce-d2b8-18431ca384e3">
      <Execution id="65625e54-f88b-45dd-a096-7dd789aac643" />
      <TestMethod codeBase="D:\SFERRARI\01 - TRABAJO\repos\netcore\libs\template-netcore-shared\Kitpymes.Core.Shared.Tests\bin\Debug\net5.0\Kitpymes.Core.Shared.Tests.dll" adapterTypeName="executor://mstestadapter/v2" className="Kitpymes.Core.Shared.Tests.TypeExtensionsTests" name="ToDefaultValue_Passing_ValidGuid_Returns_DefaultValue" />
    </UnitTest>
    <UnitTest name="ToZipCreate_Passing_ValidFiles_Returns_ZipFiles" storage="d:\sferrari\01 - trabajo\repos\netcore\libs\template-netcore-shared\kitpymes.core.shared.tests\bin\debug\net5.0\kitpymes.core.shared.tests.dll" id="c14c626b-0f15-ac55-344d-8aa2c3f91cdf">
      <Execution id="ee2adea2-bb88-459d-93d8-31f8bfac6171" />
      <TestMethod codeBase="D:\SFERRARI\01 - TRABAJO\repos\netcore\libs\template-netcore-shared\Kitpymes.Core.Shared.Tests\bin\Debug\net5.0\Kitpymes.Core.Shared.Tests.dll" adapterTypeName="executor://mstestadapter/v2" className="Kitpymes.Core.Shared.Tests.StringExtensionsTests" name="ToZipCreate_Passing_ValidFiles_Returns_ZipFiles" />
    </UnitTest>
    <UnitTest name="ResultOK" storage="d:\sferrari\01 - trabajo\repos\netcore\libs\template-netcore-shared\kitpymes.core.shared.tests\bin\debug\net5.0\kitpymes.core.shared.tests.dll" id="3c82816f-4e62-7440-d30d-abbd53b1dcea">
      <Execution id="1fd5fa64-23b6-45c1-8c88-384724e1574c" />
      <TestMethod codeBase="D:\SFERRARI\01 - TRABAJO\repos\netcore\libs\template-netcore-shared\Kitpymes.Core.Shared.Tests\bin\Debug\net5.0\Kitpymes.Core.Shared.Tests.dll" adapterTypeName="executor://mstestadapter/v2" className="Kitpymes.Core.Shared.Tests.ResultTest" name="ResultOK" />
    </UnitTest>
    <UnitTest name="ToIsNullOrAnyThrow_Passing_InvalidValue_Returns_ApplicationExceptionWithMessage" storage="d:\sferrari\01 - trabajo\repos\netcore\libs\template-netcore-shared\kitpymes.core.shared.tests\bin\debug\net5.0\kitpymes.core.shared.tests.dll" id="8fbac209-421a-f9fa-c5fe-97403aedb24e">
      <Execution id="3bad7325-e49a-4993-8130-9200e40c693b" />
      <TestMethod codeBase="D:\SFERRARI\01 - TRABAJO\repos\netcore\libs\template-netcore-shared\Kitpymes.Core.Shared.Tests\bin\Debug\net5.0\Kitpymes.Core.Shared.Tests.dll" adapterTypeName="executor://mstestadapter/v2" className="Kitpymes.Core.Shared.Tests.CheckExtensionsTests" name="ToIsNullOrAnyThrow_Passing_InvalidValue_Returns_ApplicationExceptionWithMessage" />
    </UnitTest>
    <UnitTest name="ToIsFileThrow_Passing_InvalidValue_Returns_ApplicationExceptionWithMessage" storage="d:\sferrari\01 - trabajo\repos\netcore\libs\template-netcore-shared\kitpymes.core.shared.tests\bin\debug\net5.0\kitpymes.core.shared.tests.dll" id="0df69eaf-b001-71ae-6cf8-f9c5860f7c4c">
      <Execution id="69489ef9-2cfe-41ca-9238-44e7db709d28" />
      <TestMethod codeBase="D:\SFERRARI\01 - TRABAJO\repos\netcore\libs\template-netcore-shared\Kitpymes.Core.Shared.Tests\bin\Debug\net5.0\Kitpymes.Core.Shared.Tests.dll" adapterTypeName="executor://mstestadapter/v2" className="Kitpymes.Core.Shared.Tests.CheckExtensionsTests" name="ToIsFileThrow_Passing_InvalidValue_Returns_ApplicationExceptionWithMessage" />
    </UnitTest>
    <UnitTest name="ToIsNullOrEmptyThrow_Passing_InvalidValue_Returns_ApplicationExceptionWithMessage" storage="d:\sferrari\01 - trabajo\repos\netcore\libs\template-netcore-shared\kitpymes.core.shared.tests\bin\debug\net5.0\kitpymes.core.shared.tests.dll" id="580ff04a-e5c0-9f2f-90c3-4f2aeafd15c5">
      <Execution id="599ebf31-33d3-4842-a8f9-630d7f5f749c" />
      <TestMethod codeBase="D:\SFERRARI\01 - TRABAJO\repos\netcore\libs\template-netcore-shared\Kitpymes.Core.Shared.Tests\bin\Debug\net5.0\Kitpymes.Core.Shared.Tests.dll" adapterTypeName="executor://mstestadapter/v2" className="Kitpymes.Core.Shared.Tests.CheckExtensionsTests" name="ToIsNullOrEmptyThrow_Passing_InvalidValue_Returns_ApplicationExceptionWithMessage" />
    </UnitTest>
    <UnitTest name="ToEnvironment_Passing_Development_Enviroment_Returns_Development_Name" storage="d:\sferrari\01 - trabajo\repos\netcore\libs\template-netcore-shared\kitpymes.core.shared.tests\bin\debug\net5.0\kitpymes.core.shared.tests.dll" id="1c5de28c-f1b3-c94d-8e43-201eab8c2ff8">
      <Execution id="cc2aa51d-729e-4ddc-b760-eb863e9b95c2" />
      <TestMethod codeBase="D:\SFERRARI\01 - TRABAJO\repos\netcore\libs\template-netcore-shared\Kitpymes.Core.Shared.Tests\bin\Debug\net5.0\Kitpymes.Core.Shared.Tests.dll" adapterTypeName="executor://mstestadapter/v2" className="Kitpymes.Core.Shared.Tests.ApplicationBuilderExtensionsTests" name="ToEnvironment_Passing_Development_Enviroment_Returns_Development_Name" />
    </UnitTest>
    <UnitTest name="ResultBadRequest_WithErrors_Dictionary" storage="d:\sferrari\01 - trabajo\repos\netcore\libs\template-netcore-shared\kitpymes.core.shared.tests\bin\debug\net5.0\kitpymes.core.shared.tests.dll" id="06b145c3-38af-bef9-3a11-59191b7a7e3e">
      <Execution id="e31f0d3c-1506-414a-8dab-492e71e259d2" />
      <TestMethod codeBase="D:\SFERRARI\01 - TRABAJO\repos\netcore\libs\template-netcore-shared\Kitpymes.Core.Shared.Tests\bin\Debug\net5.0\Kitpymes.Core.Shared.Tests.dll" adapterTypeName="executor://mstestadapter/v2" className="Kitpymes.Core.Shared.Tests.ResultTest" name="ResultBadRequest_WithErrors_Dictionary" />
    </UnitTest>
    <UnitTest name="ToDefaultValue_Passing_uint_Returns_Cero" storage="d:\sferrari\01 - trabajo\repos\netcore\libs\template-netcore-shared\kitpymes.core.shared.tests\bin\debug\net5.0\kitpymes.core.shared.tests.dll" id="f828057e-351a-48b7-0028-e57f15c7217e">
      <Execution id="6f02f325-833a-48db-8ed2-4ce62f694748" />
      <TestMethod codeBase="D:\SFERRARI\01 - TRABAJO\repos\netcore\libs\template-netcore-shared\Kitpymes.Core.Shared.Tests\bin\Debug\net5.0\Kitpymes.Core.Shared.Tests.dll" adapterTypeName="executor://mstestadapter/v2" className="Kitpymes.Core.Shared.Tests.GenericExtensionsTests" name="ToDefaultValue_Passing_uint_Returns_Cero" />
    </UnitTest>
    <UnitTest name="ToIsAuthenticated_Passing_Null_ClaimsPrincipal_Returns_ApplicationException" storage="d:\sferrari\01 - trabajo\repos\netcore\libs\template-netcore-shared\kitpymes.core.shared.tests\bin\debug\net5.0\kitpymes.core.shared.tests.dll" id="a702dc43-b5af-c889-d32e-e69ee2d100af">
      <Execution id="4e01ca54-d3a6-4e5c-942c-dfafad1e67b6" />
      <TestMethod codeBase="D:\SFERRARI\01 - TRABAJO\repos\netcore\libs\template-netcore-shared\Kitpymes.Core.Shared.Tests\bin\Debug\net5.0\Kitpymes.Core.Shared.Tests.dll" adapterTypeName="executor://mstestadapter/v2" className="Kitpymes.Core.Shared.Tests.ClaimsPrincipalExtensionsTests" name="ToIsAuthenticated_Passing_Null_ClaimsPrincipal_Returns_ApplicationException" />
    </UnitTest>
    <UnitTest name="ResultErrorData_WithTitle_WithStatusCode_WithDetails_WithExceptionType_WithMessages_WithErrors" storage="d:\sferrari\01 - trabajo\repos\netcore\libs\template-netcore-shared\kitpymes.core.shared.tests\bin\debug\net5.0\kitpymes.core.shared.tests.dll" id="c30c24fa-9dc6-1db9-fc63-cb77f851732c">
      <Execution id="bc6c346e-9d29-46c2-ac10-d548c668d274" />
      <TestMethod codeBase="D:\SFERRARI\01 - TRABAJO\repos\netcore\libs\template-netcore-shared\Kitpymes.Core.Shared.Tests\bin\Debug\net5.0\Kitpymes.Core.Shared.Tests.dll" adapterTypeName="executor://mstestadapter/v2" className="Kitpymes.Core.Shared.Tests.ResultTest" name="ResultErrorData_WithTitle_WithStatusCode_WithDetails_WithExceptionType_WithMessages_WithErrors" />
    </UnitTest>
    <UnitTest name="ToInt_Passing_Enumeration_Name_Returns_Value" storage="d:\sferrari\01 - trabajo\repos\netcore\libs\template-netcore-shared\kitpymes.core.shared.tests\bin\debug\net5.0\kitpymes.core.shared.tests.dll" id="4e1a5879-f3c8-4fdb-51d0-c4cf0a35e0bf">
      <Execution id="fbc51692-fbfb-4207-8930-b9f3e482b5da" />
      <TestMethod codeBase="D:\SFERRARI\01 - TRABAJO\repos\netcore\libs\template-netcore-shared\Kitpymes.Core.Shared.Tests\bin\Debug\net5.0\Kitpymes.Core.Shared.Tests.dll" adapterTypeName="executor://mstestadapter/v2" className="Kitpymes.Core.Shared.Tests.EnumExtensionsTests" name="ToInt_Passing_Enumeration_Name_Returns_Value" />
    </UnitTest>
    <UnitTest name="ToEndOfTheMonth_Passing_DateTime_Returns_End_Of_Month_DateTime" storage="d:\sferrari\01 - trabajo\repos\netcore\libs\template-netcore-shared\kitpymes.core.shared.tests\bin\debug\net5.0\kitpymes.core.shared.tests.dll" id="a4956cd8-34a7-6fca-5b71-6eb98cedd9b0">
      <Execution id="50c7d097-bd68-40c1-b2b8-6864949a20e1" />
      <TestMethod codeBase="D:\SFERRARI\01 - TRABAJO\repos\netcore\libs\template-netcore-shared\Kitpymes.Core.Shared.Tests\bin\Debug\net5.0\Kitpymes.Core.Shared.Tests.dll" adapterTypeName="executor://mstestadapter/v2" className="Kitpymes.Core.Shared.Tests.DateTimeExtensionsTests" name="ToEndOfTheMonth_Passing_DateTime_Returns_End_Of_Month_DateTime" />
    </UnitTest>
    <UnitTest name="IsRegexMatch_Passing_InvalidArguments_Returns_HasErrorsAndCount" storage="d:\sferrari\01 - trabajo\repos\netcore\libs\template-netcore-shared\kitpymes.core.shared.tests\bin\debug\net5.0\kitpymes.core.shared.tests.dll" id="fe683836-27ec-729e-5fe1-a9c2674a6d87">
      <Execution id="0290ca23-f3df-43d9-b607-d11cf121cecf" />
      <TestMethod codeBase="D:\SFERRARI\01 - TRABAJO\repos\netcore\libs\template-netcore-shared\Kitpymes.Core.Shared.Tests\bin\Debug\net5.0\Kitpymes.Core.Shared.Tests.dll" adapterTypeName="executor://mstestadapter/v2" className="Kitpymes.Core.Shared.Tests.CheckTests" name="IsRegexMatch_Passing_InvalidArguments_Returns_HasErrorsAndCount" />
    </UnitTest>
    <UnitTest name="ToMessage_Passing_ExceptionWithMessage_Returns_Message" storage="d:\sferrari\01 - trabajo\repos\netcore\libs\template-netcore-shared\kitpymes.core.shared.tests\bin\debug\net5.0\kitpymes.core.shared.tests.dll" id="0cb5eb43-9273-0bdf-bd18-53b184535503">
      <Execution id="8f45d72e-bba6-4180-afba-8d25e6109e2e" />
      <TestMethod codeBase="D:\SFERRARI\01 - TRABAJO\repos\netcore\libs\template-netcore-shared\Kitpymes.Core.Shared.Tests\bin\Debug\net5.0\Kitpymes.Core.Shared.Tests.dll" adapterTypeName="executor://mstestadapter/v2" className="Kitpymes.Core.Shared.Tests.ExceptionExtensionsTests" name="ToMessage_Passing_ExceptionWithMessage_Returns_Message" />
    </UnitTest>
    <UnitTest name="ResultBadRequest_WithErrors_Value" storage="d:\sferrari\01 - trabajo\repos\netcore\libs\template-netcore-shared\kitpymes.core.shared.tests\bin\debug\net5.0\kitpymes.core.shared.tests.dll" id="c0846755-8a53-0ac4-76e5-2d7d37bcd54a">
      <Execution id="998ebbb7-a074-41d2-a2da-0f6dd31616b1" />
      <TestMethod codeBase="D:\SFERRARI\01 - TRABAJO\repos\netcore\libs\template-netcore-shared\Kitpymes.Core.Shared.Tests\bin\Debug\net5.0\Kitpymes.Core.Shared.Tests.dll" adapterTypeName="executor://mstestadapter/v2" className="Kitpymes.Core.Shared.Tests.ResultTest" name="ResultBadRequest_WithErrors_Value" />
    </UnitTest>
    <UnitTest name="ToEnvironment_ServiceProvider_Passing_Development_Enviroment_Returns_Development_Name" storage="d:\sferrari\01 - trabajo\repos\netcore\libs\template-netcore-shared\kitpymes.core.shared.tests\bin\debug\net5.0\kitpymes.core.shared.tests.dll" id="c09577a6-adca-ef94-40b5-45575ad65e4f">
      <Execution id="9e100453-4db5-4dbc-a3e9-685c71e3055a" />
      <TestMethod codeBase="D:\SFERRARI\01 - TRABAJO\repos\netcore\libs\template-netcore-shared\Kitpymes.Core.Shared.Tests\bin\Debug\net5.0\Kitpymes.Core.Shared.Tests.dll" adapterTypeName="executor://mstestadapter/v2" className="Kitpymes.Core.Shared.Tests.ConfigurationBuilderExtensionsTests" name="ToEnvironment_ServiceProvider_Passing_Development_Enviroment_Returns_Development_Name" />
    </UnitTest>
    <UnitTest name="ToEmailMask_Passing_ValidEmail_Returns_EmailWithMask" storage="d:\sferrari\01 - trabajo\repos\netcore\libs\template-netcore-shared\kitpymes.core.shared.tests\bin\debug\net5.0\kitpymes.core.shared.tests.dll" id="98331ff8-6ed1-e7ba-c8dd-be5bd5b6cb2c">
      <Execution id="fe3e6f54-26a5-48df-a99b-4deb4ea5f24b" />
      <TestMethod codeBase="D:\SFERRARI\01 - TRABAJO\repos\netcore\libs\template-netcore-shared\Kitpymes.Core.Shared.Tests\bin\Debug\net5.0\Kitpymes.Core.Shared.Tests.dll" adapterTypeName="executor://mstestadapter/v2" className="Kitpymes.Core.Shared.Tests.StringExtensionsTests" name="ToEmailMask_Passing_ValidEmail_Returns_EmailWithMask" />
    </UnitTest>
    <UnitTest name="ToDefaultValue_Passing_int_Returns_Cero" storage="d:\sferrari\01 - trabajo\repos\netcore\libs\template-netcore-shared\kitpymes.core.shared.tests\bin\debug\net5.0\kitpymes.core.shared.tests.dll" id="4234610b-215b-41f7-e61d-4a82851bdfa3">
      <Execution id="32219bd7-a67f-483a-9712-589ff924ace9" />
      <TestMethod codeBase="D:\SFERRARI\01 - TRABAJO\repos\netcore\libs\template-netcore-shared\Kitpymes.Core.Shared.Tests\bin\Debug\net5.0\Kitpymes.Core.Shared.Tests.dll" adapterTypeName="executor://mstestadapter/v2" className="Kitpymes.Core.Shared.Tests.GenericExtensionsTests" name="ToDefaultValue_Passing_int_Returns_Cero" />
    </UnitTest>
    <UnitTest name="ToEnum_Passing_InvalidValueInt_Returns_EnumCustomValue" storage="d:\sferrari\01 - trabajo\repos\netcore\libs\template-netcore-shared\kitpymes.core.shared.tests\bin\debug\net5.0\kitpymes.core.shared.tests.dll" id="1064d8aa-5d0e-6bf5-83ee-952a4d1fd93b">
      <Execution id="2265286b-a178-466a-b93b-ed72b13037d3" />
      <TestMethod codeBase="D:\SFERRARI\01 - TRABAJO\repos\netcore\libs\template-netcore-shared\Kitpymes.Core.Shared.Tests\bin\Debug\net5.0\Kitpymes.Core.Shared.Tests.dll" adapterTypeName="executor://mstestadapter/v2" className="Kitpymes.Core.Shared.Tests.StringExtensionsTests" name="ToEnum_Passing_InvalidValueInt_Returns_EnumCustomValue" />
    </UnitTest>
    <UnitTest name="ToDirectoryDeleteFiles_Passing_ValidValue_Returns_DirectoryNoExists" storage="d:\sferrari\01 - trabajo\repos\netcore\libs\template-netcore-shared\kitpymes.core.shared.tests\bin\debug\net5.0\kitpymes.core.shared.tests.dll" id="7f0aeefe-ba4a-5404-c6f8-82be67718cc4">
      <Execution id="1788db82-c6ff-4745-abad-2ccbfa512453" />
      <TestMethod codeBase="D:\SFERRARI\01 - TRABAJO\repos\netcore\libs\template-netcore-shared\Kitpymes.Core.Shared.Tests\bin\Debug\net5.0\Kitpymes.Core.Shared.Tests.dll" adapterTypeName="executor://mstestadapter/v2" className="Kitpymes.Core.Shared.Tests.StringExtensionsTests" name="ToDirectoryDeleteFiles_Passing_ValidValue_Returns_DirectoryNoExists" />
    </UnitTest>
    <UnitTest name="ToService_Passing_Service_Not_Found_Returns_Null" storage="d:\sferrari\01 - trabajo\repos\netcore\libs\template-netcore-shared\kitpymes.core.shared.tests\bin\debug\net5.0\kitpymes.core.shared.tests.dll" id="3f0bf65d-a3af-41bf-ac79-126a0efc4fd4">
      <Execution id="847d91af-1f3c-41d8-8a60-5469ea2eb81e" />
      <TestMethod codeBase="D:\SFERRARI\01 - TRABAJO\repos\netcore\libs\template-netcore-shared\Kitpymes.Core.Shared.Tests\bin\Debug\net5.0\Kitpymes.Core.Shared.Tests.dll" adapterTypeName="executor://mstestadapter/v2" className="Kitpymes.Core.Shared.Tests.ApplicationBuilderExtensionsTests" name="ToService_Passing_Service_Not_Found_Returns_Null" />
    </UnitTest>
    <UnitTest name="ToConfiguration_Passing_Empty_DirectoryPath_Returns_ApplicationException" storage="d:\sferrari\01 - trabajo\repos\netcore\libs\template-netcore-shared\kitpymes.core.shared.tests\bin\debug\net5.0\kitpymes.core.shared.tests.dll" id="5c861184-f295-e727-0fd4-d218f13da14d">
      <Execution id="db2f1eb2-8b07-4b00-b16d-cd1b81ca6ddc" />
      <TestMethod codeBase="D:\SFERRARI\01 - TRABAJO\repos\netcore\libs\template-netcore-shared\Kitpymes.Core.Shared.Tests\bin\Debug\net5.0\Kitpymes.Core.Shared.Tests.dll" adapterTypeName="executor://mstestadapter/v2" className="Kitpymes.Core.Shared.Tests.ConfigurationBuilderExtensionsTests" name="ToConfiguration_Passing_Empty_DirectoryPath_Returns_ApplicationException" />
    </UnitTest>
    <UnitTest name="ToMapNew_Passing_TSource_And_TDestination_Returns_New_TDestination_Object" storage="d:\sferrari\01 - trabajo\repos\netcore\libs\template-netcore-shared\kitpymes.core.shared.tests\bin\debug\net5.0\kitpymes.core.shared.tests.dll" id="46cc46f0-c0e1-f3e6-2242-cdef90a4249a">
      <Execution id="3a370ab8-34b7-42ec-ac55-8e50b59eb8d1" />
      <TestMethod codeBase="D:\SFERRARI\01 - TRABAJO\repos\netcore\libs\template-netcore-shared\Kitpymes.Core.Shared.Tests\bin\Debug\net5.0\Kitpymes.Core.Shared.Tests.dll" adapterTypeName="executor://mstestadapter/v2" className="Kitpymes.Core.Shared.Tests.AgileMapperExtensionsTests" name="ToMapNew_Passing_TSource_And_TDestination_Returns_New_TDestination_Object" />
    </UnitTest>
    <UnitTest name="ToIsNullOrAny_Passing_InvalidValue_Returns_True" storage="d:\sferrari\01 - trabajo\repos\netcore\libs\template-netcore-shared\kitpymes.core.shared.tests\bin\debug\net5.0\kitpymes.core.shared.tests.dll" id="55f105d6-fc07-21db-e70a-db30ccdb0844">
      <Execution id="95db5c6f-da45-4c3d-bd2c-7a644637c8da" />
      <TestMethod codeBase="D:\SFERRARI\01 - TRABAJO\repos\netcore\libs\template-netcore-shared\Kitpymes.Core.Shared.Tests\bin\Debug\net5.0\Kitpymes.Core.Shared.Tests.dll" adapterTypeName="executor://mstestadapter/v2" className="Kitpymes.Core.Shared.Tests.CheckExtensionsTests" name="ToIsNullOrAny_Passing_InvalidValue_Returns_True" />
    </UnitTest>
    <UnitTest name="IsSubdomain_Passing_ValidArguments_Returns_HasErrorsAndCount" storage="d:\sferrari\01 - trabajo\repos\netcore\libs\template-netcore-shared\kitpymes.core.shared.tests\bin\debug\net5.0\kitpymes.core.shared.tests.dll" id="725d136c-3e7a-6e51-fc61-03203ffec0b5">
      <Execution id="7f12654b-f226-49b1-9e98-95b5c7d1c834" />
      <TestMethod codeBase="D:\SFERRARI\01 - TRABAJO\repos\netcore\libs\template-netcore-shared\Kitpymes.Core.Shared.Tests\bin\Debug\net5.0\Kitpymes.Core.Shared.Tests.dll" adapterTypeName="executor://mstestadapter/v2" className="Kitpymes.Core.Shared.Tests.CheckTests" name="IsSubdomain_Passing_ValidArguments_Returns_HasErrorsAndCount" />
    </UnitTest>
    <UnitTest name="ToIsNameThrow_Passing_InvalidValue_Returns_ApplicationExceptionWithMessage" storage="d:\sferrari\01 - trabajo\repos\netcore\libs\template-netcore-shared\kitpymes.core.shared.tests\bin\debug\net5.0\kitpymes.core.shared.tests.dll" id="1dab5b85-21d2-af6f-92e5-af8126f0e2fb">
      <Execution id="8a6c0886-ca7c-4e7e-b8f2-1337fdb7d69f" />
      <TestMethod codeBase="D:\SFERRARI\01 - TRABAJO\repos\netcore\libs\template-netcore-shared\Kitpymes.Core.Shared.Tests\bin\Debug\net5.0\Kitpymes.Core.Shared.Tests.dll" adapterTypeName="executor://mstestadapter/v2" className="Kitpymes.Core.Shared.Tests.CheckExtensionsTests" name="ToIsNameThrow_Passing_InvalidValue_Returns_ApplicationExceptionWithMessage" />
    </UnitTest>
    <UnitTest name="ToHashAlgorithmName_Passing_InvalidValueString_Returns_Null" storage="d:\sferrari\01 - trabajo\repos\netcore\libs\template-netcore-shared\kitpymes.core.shared.tests\bin\debug\net5.0\kitpymes.core.shared.tests.dll" id="1b969e76-d97c-c639-c377-a41796fbb2c3">
      <Execution id="b786f73d-e664-4b61-a0fb-a78140404789" />
      <TestMethod codeBase="D:\SFERRARI\01 - TRABAJO\repos\netcore\libs\template-netcore-shared\Kitpymes.Core.Shared.Tests\bin\Debug\net5.0\Kitpymes.Core.Shared.Tests.dll" adapterTypeName="executor://mstestadapter/v2" className="Kitpymes.Core.Shared.Tests.StringExtensionsTests" name="ToHashAlgorithmName_Passing_InvalidValueString_Returns_Null" />
    </UnitTest>
    <UnitTest name="ToInt_Passing_Enumeration_Name_Returns_Description_Atributte" storage="d:\sferrari\01 - trabajo\repos\netcore\libs\template-netcore-shared\kitpymes.core.shared.tests\bin\debug\net5.0\kitpymes.core.shared.tests.dll" id="c63cd623-e636-5730-a1fa-b18ae782acc7">
      <Execution id="43d23cb6-9569-4b2b-b6b5-88e342160790" />
      <TestMethod codeBase="D:\SFERRARI\01 - TRABAJO\repos\netcore\libs\template-netcore-shared\Kitpymes.Core.Shared.Tests\bin\Debug\net5.0\Kitpymes.Core.Shared.Tests.dll" adapterTypeName="executor://mstestadapter/v2" className="Kitpymes.Core.Shared.Tests.EnumExtensionsTests" name="ToInt_Passing_Enumeration_Name_Returns_Description_Atributte" />
    </UnitTest>
    <UnitTest name="ToSettings_Passing_Values_From_Memory_Returns_Settings" storage="d:\sferrari\01 - trabajo\repos\netcore\libs\template-netcore-shared\kitpymes.core.shared.tests\bin\debug\net5.0\kitpymes.core.shared.tests.dll" id="86b92527-4d52-052b-63ae-d9a8aa694919">
      <Execution id="822ec2b9-4e2d-4b0a-a1b6-b086e1e46ef2" />
      <TestMethod codeBase="D:\SFERRARI\01 - TRABAJO\repos\netcore\libs\template-netcore-shared\Kitpymes.Core.Shared.Tests\bin\Debug\net5.0\Kitpymes.Core.Shared.Tests.dll" adapterTypeName="executor://mstestadapter/v2" className="Kitpymes.Core.Shared.Tests.ConfigurationBuilderExtensionsTests" name="ToSettings_Passing_Values_From_Memory_Returns_Settings" />
    </UnitTest>
    <UnitTest name="ToIsLastDayOfTheMonth_Passing_LastDayOfMonth_Returns_True" storage="d:\sferrari\01 - trabajo\repos\netcore\libs\template-netcore-shared\kitpymes.core.shared.tests\bin\debug\net5.0\kitpymes.core.shared.tests.dll" id="98d4dd82-eb94-c060-7aeb-9b0a39f334fb">
      <Execution id="0257c9f1-a87e-4d18-a41e-0c0327d3c719" />
      <TestMethod codeBase="D:\SFERRARI\01 - TRABAJO\repos\netcore\libs\template-netcore-shared\Kitpymes.Core.Shared.Tests\bin\Debug\net5.0\Kitpymes.Core.Shared.Tests.dll" adapterTypeName="executor://mstestadapter/v2" className="Kitpymes.Core.Shared.Tests.DateTimeExtensionsTests" name="ToIsLastDayOfTheMonth_Passing_LastDayOfMonth_Returns_True" />
    </UnitTest>
    <UnitTest name="ToEnvironment_ServiceCollection_Passing_Development_Enviroment_Returns_Development_Name" storage="d:\sferrari\01 - trabajo\repos\netcore\libs\template-netcore-shared\kitpymes.core.shared.tests\bin\debug\net5.0\kitpymes.core.shared.tests.dll" id="0f697beb-b7a4-6aa6-9017-b57feeb9ba7f">
      <Execution id="18d910ec-1e22-4ed9-9973-15f73ae8bb6c" />
      <TestMethod codeBase="D:\SFERRARI\01 - TRABAJO\repos\netcore\libs\template-netcore-shared\Kitpymes.Core.Shared.Tests\bin\Debug\net5.0\Kitpymes.Core.Shared.Tests.dll" adapterTypeName="executor://mstestadapter/v2" className="Kitpymes.Core.Shared.Tests.ConfigurationBuilderExtensionsTests" name="ToEnvironment_ServiceCollection_Passing_Development_Enviroment_Returns_Development_Name" />
    </UnitTest>
    <UnitTest name="ToFirstLetterLower_Passing_ValidValue_Returns_StringWithFirstLetterLower" storage="d:\sferrari\01 - trabajo\repos\netcore\libs\template-netcore-shared\kitpymes.core.shared.tests\bin\debug\net5.0\kitpymes.core.shared.tests.dll" id="4315ebd1-3e2a-edf0-9de6-c78f08760fe3">
      <Execution id="ac21c194-907d-40ba-9d53-6e09fc01c24b" />
      <TestMethod codeBase="D:\SFERRARI\01 - TRABAJO\repos\netcore\libs\template-netcore-shared\Kitpymes.Core.Shared.Tests\bin\Debug\net5.0\Kitpymes.Core.Shared.Tests.dll" adapterTypeName="executor://mstestadapter/v2" className="Kitpymes.Core.Shared.Tests.StringExtensionsTests" name="ToFirstLetterLower_Passing_ValidValue_Returns_StringWithFirstLetterLower" />
    </UnitTest>
    <UnitTest name="ToPaged_Passing_Name_Ascending_Order_Returns_Filter_List" storage="d:\sferrari\01 - trabajo\repos\netcore\libs\template-netcore-shared\kitpymes.core.shared.tests\bin\debug\net5.0\kitpymes.core.shared.tests.dll" id="6fc389b2-a5f3-ded0-63b6-7e1b4cca8442">
      <Execution id="abf14119-771c-4390-9096-3bc726a53604" />
      <TestMethod codeBase="D:\SFERRARI\01 - TRABAJO\repos\netcore\libs\template-netcore-shared\Kitpymes.Core.Shared.Tests\bin\Debug\net5.0\Kitpymes.Core.Shared.Tests.dll" adapterTypeName="executor://mstestadapter/v2" className="Kitpymes.Core.Shared.Tests.QueryableExtensionsTests" name="ToPaged_Passing_Name_Ascending_Order_Returns_Filter_List" />
    </UnitTest>
    <UnitTest name="ToReplace_Passing_ValidValue_Returns_ReplacedValue" storage="d:\sferrari\01 - trabajo\repos\netcore\libs\template-netcore-shared\kitpymes.core.shared.tests\bin\debug\net5.0\kitpymes.core.shared.tests.dll" id="04084e8e-c859-4ef5-e2a7-4fb2803cb2a3">
      <Execution id="f49cce20-692d-4d43-bcdf-f17788b85784" />
      <TestMethod codeBase="D:\SFERRARI\01 - TRABAJO\repos\netcore\libs\template-netcore-shared\Kitpymes.Core.Shared.Tests\bin\Debug\net5.0\Kitpymes.Core.Shared.Tests.dll" adapterTypeName="executor://mstestadapter/v2" className="Kitpymes.Core.Shared.Tests.StringExtensionsTests" name="ToReplace_Passing_ValidValue_Returns_ReplacedValue" />
    </UnitTest>
    <UnitTest name="ResultOk_WithMessage_WithDetails" storage="d:\sferrari\01 - trabajo\repos\netcore\libs\template-netcore-shared\kitpymes.core.shared.tests\bin\debug\net5.0\kitpymes.core.shared.tests.dll" id="c00cb1b0-a36c-2ae8-4230-b32afb3c83f9">
      <Execution id="50dc6518-14f0-4001-bad6-8831832fa2c1" />
      <TestMethod codeBase="D:\SFERRARI\01 - TRABAJO\repos\netcore\libs\template-netcore-shared\Kitpymes.Core.Shared.Tests\bin\Debug\net5.0\Kitpymes.Core.Shared.Tests.dll" adapterTypeName="executor://mstestadapter/v2" className="Kitpymes.Core.Shared.Tests.ResultTest" name="ResultOk_WithMessage_WithDetails" />
    </UnitTest>
    <UnitTest name="IsEqual_Passing_InvalidArguments_Returns_HasErrorsAndCount" storage="d:\sferrari\01 - trabajo\repos\netcore\libs\template-netcore-shared\kitpymes.core.shared.tests\bin\debug\net5.0\kitpymes.core.shared.tests.dll" id="c87d842d-198f-fc52-0a70-418a5e5378ab">
      <Execution id="0ba0656b-ada5-4b19-a3d0-01f5700ad94f" />
      <TestMethod codeBase="D:\SFERRARI\01 - TRABAJO\repos\netcore\libs\template-netcore-shared\Kitpymes.Core.Shared.Tests\bin\Debug\net5.0\Kitpymes.Core.Shared.Tests.dll" adapterTypeName="executor://mstestadapter/v2" className="Kitpymes.Core.Shared.Tests.CheckTests" name="IsEqual_Passing_InvalidArguments_Returns_HasErrorsAndCount" />
    </UnitTest>
    <UnitTest name="ToSetTime_Passing_Time_Int_Returns_DateTime" storage="d:\sferrari\01 - trabajo\repos\netcore\libs\template-netcore-shared\kitpymes.core.shared.tests\bin\debug\net5.0\kitpymes.core.shared.tests.dll" id="1761ee10-7c34-b565-b889-1885bffe91c3">
      <Execution id="061ecfb5-5f32-4309-bee2-8c381d35b852" />
      <TestMethod codeBase="D:\SFERRARI\01 - TRABAJO\repos\netcore\libs\template-netcore-shared\Kitpymes.Core.Shared.Tests\bin\Debug\net5.0\Kitpymes.Core.Shared.Tests.dll" adapterTypeName="executor://mstestadapter/v2" className="Kitpymes.Core.Shared.Tests.DateTimeExtensionsTests" name="ToSetTime_Passing_Time_Int_Returns_DateTime" />
    </UnitTest>
    <UnitTest name="ToWhere_Passing_Valid_Predicate_Returns_Filter_List" storage="d:\sferrari\01 - trabajo\repos\netcore\libs\template-netcore-shared\kitpymes.core.shared.tests\bin\debug\net5.0\kitpymes.core.shared.tests.dll" id="e9d3a3d6-32e0-613e-b55e-48afdf1ab686">
      <Execution id="fdea7a01-0481-4962-8913-70fb4d54d2d4" />
      <TestMethod codeBase="D:\SFERRARI\01 - TRABAJO\repos\netcore\libs\template-netcore-shared\Kitpymes.Core.Shared.Tests\bin\Debug\net5.0\Kitpymes.Core.Shared.Tests.dll" adapterTypeName="executor://mstestadapter/v2" className="Kitpymes.Core.Shared.Tests.QueryableExtensionsTests" name="ToWhere_Passing_Valid_Predicate_Returns_Filter_List" />
    </UnitTest>
    <UnitTest name="ToEmailMaskUserNameAndDomainAndExtension_Passing_ValidEmail_Returns_EmailWithMask" storage="d:\sferrari\01 - trabajo\repos\netcore\libs\template-netcore-shared\kitpymes.core.shared.tests\bin\debug\net5.0\kitpymes.core.shared.tests.dll" id="1f6423c7-4317-6f5b-c112-f4c9c7e822af">
      <Execution id="dea750d0-4bd7-463d-b18a-2b6cb504bad1" />
      <TestMethod codeBase="D:\SFERRARI\01 - TRABAJO\repos\netcore\libs\template-netcore-shared\Kitpymes.Core.Shared.Tests\bin\Debug\net5.0\Kitpymes.Core.Shared.Tests.dll" adapterTypeName="executor://mstestadapter/v2" className="Kitpymes.Core.Shared.Tests.StringExtensionsTests" name="ToEmailMaskUserNameAndDomainAndExtension_Passing_ValidEmail_Returns_EmailWithMask" />
    </UnitTest>
    <UnitTest name="ToTryGetHeader_Passing_HttpRequest_Header_Many_Values_Returns_Values" storage="d:\sferrari\01 - trabajo\repos\netcore\libs\template-netcore-shared\kitpymes.core.shared.tests\bin\debug\net5.0\kitpymes.core.shared.tests.dll" id="db5f34ff-df7c-44e5-6721-c319db8d6da0">
      <Execution id="30127659-7016-4bca-928f-38278cfa48fe" />
      <TestMethod codeBase="D:\SFERRARI\01 - TRABAJO\repos\netcore\libs\template-netcore-shared\Kitpymes.Core.Shared.Tests\bin\Debug\net5.0\Kitpymes.Core.Shared.Tests.dll" adapterTypeName="executor://mstestadapter/v2" className="Kitpymes.Core.Shared.Tests.HttpRequestExtensionsTests" name="ToTryGetHeader_Passing_HttpRequest_Header_Many_Values_Returns_Values" />
    </UnitTest>
    <UnitTest name="ToEnum_Passing_ValidValue_String_Returns_EnumValue" storage="d:\sferrari\01 - trabajo\repos\netcore\libs\template-netcore-shared\kitpymes.core.shared.tests\bin\debug\net5.0\kitpymes.core.shared.tests.dll" id="605637df-9854-875b-b3aa-6675f3fbd045">
      <Execution id="7e8e76ce-14b6-46fe-9431-6f41a22f8f05" />
      <TestMethod codeBase="D:\SFERRARI\01 - TRABAJO\repos\netcore\libs\template-netcore-shared\Kitpymes.Core.Shared.Tests\bin\Debug\net5.0\Kitpymes.Core.Shared.Tests.dll" adapterTypeName="executor://mstestadapter/v2" className="Kitpymes.Core.Shared.Tests.StringExtensionsTests" name="ToEnum_Passing_ValidValue_String_Returns_EnumValue" />
    </UnitTest>
    <UnitTest name="ToDefaultValue_Passing_sbyte_Returns_Cero" storage="d:\sferrari\01 - trabajo\repos\netcore\libs\template-netcore-shared\kitpymes.core.shared.tests\bin\debug\net5.0\kitpymes.core.shared.tests.dll" id="19a313ce-6632-bd6f-bb7e-c2dc7bcf20eb">
      <Execution id="ab541183-e909-43c5-a089-8e4870bad0fc" />
      <TestMethod codeBase="D:\SFERRARI\01 - TRABAJO\repos\netcore\libs\template-netcore-shared\Kitpymes.Core.Shared.Tests\bin\Debug\net5.0\Kitpymes.Core.Shared.Tests.dll" adapterTypeName="executor://mstestadapter/v2" className="Kitpymes.Core.Shared.Tests.GenericExtensionsTests" name="ToDefaultValue_Passing_sbyte_Returns_Cero" />
    </UnitTest>
    <UnitTest name="CreateRandom_WithDefaultAllowableCharacters_Passing_ValidArguments_Returns_String_Random_Value" storage="d:\sferrari\01 - trabajo\repos\netcore\libs\template-netcore-shared\kitpymes.core.shared.tests\bin\debug\net5.0\kitpymes.core.shared.tests.dll" id="481343f9-3ff3-548f-0c6c-41599cf65802">
      <Execution id="1db03b8b-754a-4ebf-b130-491f4d59fc2b" />
      <TestMethod codeBase="D:\SFERRARI\01 - TRABAJO\repos\netcore\libs\template-netcore-shared\Kitpymes.Core.Shared.Tests\bin\Debug\net5.0\Kitpymes.Core.Shared.Tests.dll" adapterTypeName="executor://mstestadapter/v2" className="Kitpymes.Core.Shared.Tests.HashTests" name="CreateRandom_WithDefaultAllowableCharacters_Passing_ValidArguments_Returns_String_Random_Value" />
    </UnitTest>
    <UnitTest name="ToRandom_Passing_ValidValueString_Returns_String" storage="d:\sferrari\01 - trabajo\repos\netcore\libs\template-netcore-shared\kitpymes.core.shared.tests\bin\debug\net5.0\kitpymes.core.shared.tests.dll" id="4bab1aca-8bb0-4ef4-560f-96b7fb0c4bee">
      <Execution id="8354a4f4-0890-48a3-81b1-62faf2c5d362" />
      <TestMethod codeBase="D:\SFERRARI\01 - TRABAJO\repos\netcore\libs\template-netcore-shared\Kitpymes.Core.Shared.Tests\bin\Debug\net5.0\Kitpymes.Core.Shared.Tests.dll" adapterTypeName="executor://mstestadapter/v2" className="Kitpymes.Core.Shared.Tests.StringExtensionsTests" name="ToRandom_Passing_ValidValueString_Returns_String" />
    </UnitTest>
    <UnitTest name="ToThrow_Passing_InvalidValue_Returns_ApplicationExceptionWithMessage" storage="d:\sferrari\01 - trabajo\repos\netcore\libs\template-netcore-shared\kitpymes.core.shared.tests\bin\debug\net5.0\kitpymes.core.shared.tests.dll" id="9b5f9705-0df5-3b21-5e23-e11b68721fd4">
      <Execution id="58e3534c-6d3a-436d-9c6c-f3bf41e749ca" />
      <TestMethod codeBase="D:\SFERRARI\01 - TRABAJO\repos\netcore\libs\template-netcore-shared\Kitpymes.Core.Shared.Tests\bin\Debug\net5.0\Kitpymes.Core.Shared.Tests.dll" adapterTypeName="executor://mstestadapter/v2" className="Kitpymes.Core.Shared.Tests.CheckExtensionsTests" name="ToThrow_Passing_InvalidValue_Returns_ApplicationExceptionWithMessage" />
    </UnitTest>
    <UnitTest name="ResultUnauthorized" storage="d:\sferrari\01 - trabajo\repos\netcore\libs\template-netcore-shared\kitpymes.core.shared.tests\bin\debug\net5.0\kitpymes.core.shared.tests.dll" id="b79ee054-2363-6600-c9a3-db00cdcc0f2c">
      <Execution id="a1ade52e-2f03-4bb0-a2dc-361c512810f2" />
      <TestMethod codeBase="D:\SFERRARI\01 - TRABAJO\repos\netcore\libs\template-netcore-shared\Kitpymes.Core.Shared.Tests\bin\Debug\net5.0\Kitpymes.Core.Shared.Tests.dll" adapterTypeName="executor://mstestadapter/v2" className="Kitpymes.Core.Shared.Tests.ResultTest" name="ResultUnauthorized" />
    </UnitTest>
    <UnitTest name="ToIsFileExtensionThrow_Passing_InvalidValue_Returns_ApplicationExceptionWithMessage" storage="d:\sferrari\01 - trabajo\repos\netcore\libs\template-netcore-shared\kitpymes.core.shared.tests\bin\debug\net5.0\kitpymes.core.shared.tests.dll" id="43949294-e4b7-cf4d-0d69-84ccc9e58406">
      <Execution id="3d92fc5d-9d12-4d6d-a345-120e823d387d" />
      <TestMethod codeBase="D:\SFERRARI\01 - TRABAJO\repos\netcore\libs\template-netcore-shared\Kitpymes.Core.Shared.Tests\bin\Debug\net5.0\Kitpymes.Core.Shared.Tests.dll" adapterTypeName="executor://mstestadapter/v2" className="Kitpymes.Core.Shared.Tests.CheckExtensionsTests" name="ToIsFileExtensionThrow_Passing_InvalidValue_Returns_ApplicationExceptionWithMessage" />
    </UnitTest>
    <UnitTest name="ToConfiguration_Passing_Valid_DirectoryPath_Invalid_JsonFileName_Not_Optional_Returns_ApplicationException" storage="d:\sferrari\01 - trabajo\repos\netcore\libs\template-netcore-shared\kitpymes.core.shared.tests\bin\debug\net5.0\kitpymes.core.shared.tests.dll" id="bf48e581-43e6-7660-c4f4-1b7deb1f0ed9">
      <Execution id="52049885-fb3f-45af-91c2-198ce09e9208" />
      <TestMethod codeBase="D:\SFERRARI\01 - TRABAJO\repos\netcore\libs\template-netcore-shared\Kitpymes.Core.Shared.Tests\bin\Debug\net5.0\Kitpymes.Core.Shared.Tests.dll" adapterTypeName="executor://mstestadapter/v2" className="Kitpymes.Core.Shared.Tests.ConfigurationBuilderExtensionsTests" name="ToConfiguration_Passing_Valid_DirectoryPath_Invalid_JsonFileName_Not_Optional_Returns_ApplicationException" />
    </UnitTest>
    <UnitTest name="ToPaged_Passing_Name_Descending_Order_Returns_Filter_List" storage="d:\sferrari\01 - trabajo\repos\netcore\libs\template-netcore-shared\kitpymes.core.shared.tests\bin\debug\net5.0\kitpymes.core.shared.tests.dll" id="0b00f09d-f7e4-fb1e-68ad-8102cf6143e0">
      <Execution id="f2ff1b3b-9065-435d-a1c8-42176050f158" />
      <TestMethod codeBase="D:\SFERRARI\01 - TRABAJO\repos\netcore\libs\template-netcore-shared\Kitpymes.Core.Shared.Tests\bin\Debug\net5.0\Kitpymes.Core.Shared.Tests.dll" adapterTypeName="executor://mstestadapter/v2" className="Kitpymes.Core.Shared.Tests.QueryableExtensionsTests" name="ToPaged_Passing_Name_Descending_Order_Returns_Filter_List" />
    </UnitTest>
    <UnitTest name="ToEnum_Passing_InvalidValueString_Returns_EnumDefaultValue" storage="d:\sferrari\01 - trabajo\repos\netcore\libs\template-netcore-shared\kitpymes.core.shared.tests\bin\debug\net5.0\kitpymes.core.shared.tests.dll" id="31ff6168-d18d-0013-7c18-0ff775714202">
      <Execution id="848339a1-c7a4-415c-b085-76fe45f02398" />
      <TestMethod codeBase="D:\SFERRARI\01 - TRABAJO\repos\netcore\libs\template-netcore-shared\Kitpymes.Core.Shared.Tests\bin\Debug\net5.0\Kitpymes.Core.Shared.Tests.dll" adapterTypeName="executor://mstestadapter/v2" className="Kitpymes.Core.Shared.Tests.StringExtensionsTests" name="ToEnum_Passing_InvalidValueString_Returns_EnumDefaultValue" />
    </UnitTest>
    <UnitTest name="ToUserName_Passing_Valid_UserName_ClaimsPrincipal_Returns_String_UserName_Value" storage="d:\sferrari\01 - trabajo\repos\netcore\libs\template-netcore-shared\kitpymes.core.shared.tests\bin\debug\net5.0\kitpymes.core.shared.tests.dll" id="856fd0c8-b6f8-9265-ccfd-2a9e615488e2">
      <Execution id="07678dd8-1128-4845-bfa1-e0b87de199b3" />
      <TestMethod codeBase="D:\SFERRARI\01 - TRABAJO\repos\netcore\libs\template-netcore-shared\Kitpymes.Core.Shared.Tests\bin\Debug\net5.0\Kitpymes.Core.Shared.Tests.dll" adapterTypeName="executor://mstestadapter/v2" className="Kitpymes.Core.Shared.Tests.ClaimsPrincipalExtensionsTests" name="ToUserName_Passing_Valid_UserName_ClaimsPrincipal_Returns_String_UserName_Value" />
    </UnitTest>
    <UnitTest name="IsSubdomain_Passing_InvalidArguments_Returns_HasErrorsAndCount" storage="d:\sferrari\01 - trabajo\repos\netcore\libs\template-netcore-shared\kitpymes.core.shared.tests\bin\debug\net5.0\kitpymes.core.shared.tests.dll" id="f2debf4a-2a42-7b0b-1005-8f74a6fc63cb">
      <Execution id="73715241-99f2-4fb2-bbc1-108499037e43" />
      <TestMethod codeBase="D:\SFERRARI\01 - TRABAJO\repos\netcore\libs\template-netcore-shared\Kitpymes.Core.Shared.Tests\bin\Debug\net5.0\Kitpymes.Core.Shared.Tests.dll" adapterTypeName="executor://mstestadapter/v2" className="Kitpymes.Core.Shared.Tests.CheckTests" name="IsSubdomain_Passing_InvalidArguments_Returns_HasErrorsAndCount" />
    </UnitTest>
    <UnitTest name="IsDigit_Passing_ValidArguments_Returns_HasErrorsAndCount" storage="d:\sferrari\01 - trabajo\repos\netcore\libs\template-netcore-shared\kitpymes.core.shared.tests\bin\debug\net5.0\kitpymes.core.shared.tests.dll" id="ebdf037a-44fa-7875-99d4-42fa9833aac8">
      <Execution id="d5512fc7-0469-4cea-ab41-bd14a9b2083b" />
      <TestMethod codeBase="D:\SFERRARI\01 - TRABAJO\repos\netcore\libs\template-netcore-shared\Kitpymes.Core.Shared.Tests\bin\Debug\net5.0\Kitpymes.Core.Shared.Tests.dll" adapterTypeName="executor://mstestadapter/v2" className="Kitpymes.Core.Shared.Tests.CheckTests" name="IsDigit_Passing_ValidArguments_Returns_HasErrorsAndCount" />
    </UnitTest>
    <UnitTest name="ToEmailMaskUserNameAndDomain_Passing_ValidEmail_Returns_EmailWithMask" storage="d:\sferrari\01 - trabajo\repos\netcore\libs\template-netcore-shared\kitpymes.core.shared.tests\bin\debug\net5.0\kitpymes.core.shared.tests.dll" id="e8138724-52f6-6999-ada4-cbc441f2cd15">
      <Execution id="36832ffa-9a59-487e-87a5-b128f2120da8" />
      <TestMethod codeBase="D:\SFERRARI\01 - TRABAJO\repos\netcore\libs\template-netcore-shared\Kitpymes.Core.Shared.Tests\bin\Debug\net5.0\Kitpymes.Core.Shared.Tests.dll" adapterTypeName="executor://mstestadapter/v2" className="Kitpymes.Core.Shared.Tests.StringExtensionsTests" name="ToEmailMaskUserNameAndDomain_Passing_ValidEmail_Returns_EmailWithMask" />
    </UnitTest>
    <UnitTest name="ToDirectoryReadFileAsync_Passing_ValidValue_Returns_False" storage="d:\sferrari\01 - trabajo\repos\netcore\libs\template-netcore-shared\kitpymes.core.shared.tests\bin\debug\net5.0\kitpymes.core.shared.tests.dll" id="29295413-2308-fade-9c98-0e9ed6c67839">
      <Execution id="a4fa80ee-088c-4948-abee-58bc67aae7f6" />
      <TestMethod codeBase="D:\SFERRARI\01 - TRABAJO\repos\netcore\libs\template-netcore-shared\Kitpymes.Core.Shared.Tests\bin\Debug\net5.0\Kitpymes.Core.Shared.Tests.dll" adapterTypeName="executor://mstestadapter/v2" className="Kitpymes.Core.Shared.Tests.StringExtensionsTests" name="ToDirectoryReadFileAsync_Passing_ValidValue_Returns_False" />
    </UnitTest>
    <UnitTest name="ToDictionaryPropertyInfo_Passing_Object_IncludeNullOrEmptyProperty_Returns_Properties_NameAndValue_Dictionary" storage="d:\sferrari\01 - trabajo\repos\netcore\libs\template-netcore-shared\kitpymes.core.shared.tests\bin\debug\net5.0\kitpymes.core.shared.tests.dll" id="a0ed43cd-0648-ddf9-c80e-52c6889ee049">
      <Execution id="7fd05a11-4fc7-4588-96d2-5147ffc20aa3" />
      <TestMethod codeBase="D:\SFERRARI\01 - TRABAJO\repos\netcore\libs\template-netcore-shared\Kitpymes.Core.Shared.Tests\bin\Debug\net5.0\Kitpymes.Core.Shared.Tests.dll" adapterTypeName="executor://mstestadapter/v2" className="Kitpymes.Core.Shared.Tests.GenericExtensionsTests" name="ToDictionaryPropertyInfo_Passing_Object_IncludeNullOrEmptyProperty_Returns_Properties_NameAndValue_Dictionary" />
    </UnitTest>
    <UnitTest name="GetValues_Passing_Valid_Key_Returns_Values" storage="d:\sferrari\01 - trabajo\repos\netcore\libs\template-netcore-shared\kitpymes.core.shared.tests\bin\debug\net5.0\kitpymes.core.shared.tests.dll" id="fb770b4f-f87b-13ad-88ac-a338dbbb0d57">
      <Execution id="bb518d72-9b94-4c00-b938-4c5c239dfb0b" />
      <TestMethod codeBase="D:\SFERRARI\01 - TRABAJO\repos\netcore\libs\template-netcore-shared\Kitpymes.Core.Shared.Tests\bin\Debug\net5.0\Kitpymes.Core.Shared.Tests.dll" adapterTypeName="executor://mstestadapter/v2" className="Kitpymes.Core.Shared.Tests.DictionaryExtensionsTests" name="GetValues_Passing_Valid_Key_Returns_Values" />
    </UnitTest>
    <UnitTest name="ToIsWeekend_Passing_Friday_DateTime_Returns_False" storage="d:\sferrari\01 - trabajo\repos\netcore\libs\template-netcore-shared\kitpymes.core.shared.tests\bin\debug\net5.0\kitpymes.core.shared.tests.dll" id="459f13f4-e266-2f20-5c30-d2c64797095d">
      <Execution id="7ad5819e-5935-4781-95da-d9916bb06c28" />
      <TestMethod codeBase="D:\SFERRARI\01 - TRABAJO\repos\netcore\libs\template-netcore-shared\Kitpymes.Core.Shared.Tests\bin\Debug\net5.0\Kitpymes.Core.Shared.Tests.dll" adapterTypeName="executor://mstestadapter/v2" className="Kitpymes.Core.Shared.Tests.DateTimeExtensionsTests" name="ToIsWeekend_Passing_Friday_DateTime_Returns_False" />
    </UnitTest>
    <UnitTest name="ToList_Passing_ValidEnumType_Returns_ValuesList" storage="d:\sferrari\01 - trabajo\repos\netcore\libs\template-netcore-shared\kitpymes.core.shared.tests\bin\debug\net5.0\kitpymes.core.shared.tests.dll" id="a6625fb0-1b80-148b-87dc-9cf616e5e84d">
      <Execution id="f00c711f-135b-4750-97c5-aa2d695ba8c4" />
      <TestMethod codeBase="D:\SFERRARI\01 - TRABAJO\repos\netcore\libs\template-netcore-shared\Kitpymes.Core.Shared.Tests\bin\Debug\net5.0\Kitpymes.Core.Shared.Tests.dll" adapterTypeName="executor://mstestadapter/v2" className="Kitpymes.Core.Shared.Tests.EnumsTests" name="ToList_Passing_ValidEnumType_Returns_ValuesList" />
    </UnitTest>
    <UnitTest name="IsDomain_Passing_ValidArguments_Returns_HasErrorsAndCount" storage="d:\sferrari\01 - trabajo\repos\netcore\libs\template-netcore-shared\kitpymes.core.shared.tests\bin\debug\net5.0\kitpymes.core.shared.tests.dll" id="447ced0a-6221-43ff-44ab-4ee12ee4d012">
      <Execution id="6fb023c3-fb5e-4659-809d-dee81d7a8c44" />
      <TestMethod codeBase="D:\SFERRARI\01 - TRABAJO\repos\netcore\libs\template-netcore-shared\Kitpymes.Core.Shared.Tests\bin\Debug\net5.0\Kitpymes.Core.Shared.Tests.dll" adapterTypeName="executor://mstestadapter/v2" className="Kitpymes.Core.Shared.Tests.CheckTests" name="IsDomain_Passing_ValidArguments_Returns_HasErrorsAndCount" />
    </UnitTest>
    <UnitTest name="ToIPv6_Passing_HttpContext_IP_Value_Returns_IP" storage="d:\sferrari\01 - trabajo\repos\netcore\libs\template-netcore-shared\kitpymes.core.shared.tests\bin\debug\net5.0\kitpymes.core.shared.tests.dll" id="5bee9d0e-89de-7b6d-4317-0a11342b1d29">
      <Execution id="4c84e816-308b-4129-821c-13013ce71c0e" />
      <TestMethod codeBase="D:\SFERRARI\01 - TRABAJO\repos\netcore\libs\template-netcore-shared\Kitpymes.Core.Shared.Tests\bin\Debug\net5.0\Kitpymes.Core.Shared.Tests.dll" adapterTypeName="executor://mstestadapter/v2" className="Kitpymes.Core.Shared.Tests.HttpContextExtensionsTests" name="ToIPv6_Passing_HttpContext_IP_Value_Returns_IP" />
    </UnitTest>
    <UnitTest name="ToGet_Passing_Claims_Returns_Claim_Value_Object" storage="d:\sferrari\01 - trabajo\repos\netcore\libs\template-netcore-shared\kitpymes.core.shared.tests\bin\debug\net5.0\kitpymes.core.shared.tests.dll" id="a272f84c-2bd5-daa4-4afe-22346b802f86">
      <Execution id="969956fe-10f5-48b5-9644-dee26764eca2" />
      <TestMethod codeBase="D:\SFERRARI\01 - TRABAJO\repos\netcore\libs\template-netcore-shared\Kitpymes.Core.Shared.Tests\bin\Debug\net5.0\Kitpymes.Core.Shared.Tests.dll" adapterTypeName="executor://mstestadapter/v2" className="Kitpymes.Core.Shared.Tests.ClaimsPrincipalExtensionsTests" name="ToGet_Passing_Claims_Returns_Claim_Value_Object" />
    </UnitTest>
    <UnitTest name="ToExists_Passing_Service_Not_Found_Returns_False" storage="d:\sferrari\01 - trabajo\repos\netcore\libs\template-netcore-shared\kitpymes.core.shared.tests\bin\debug\net5.0\kitpymes.core.shared.tests.dll" id="074815db-ddf2-9c1f-0fef-7f709183591e">
      <Execution id="f8cf91a3-a2cb-4a4b-973c-4710b9eb4556" />
      <TestMethod codeBase="D:\SFERRARI\01 - TRABAJO\repos\netcore\libs\template-netcore-shared\Kitpymes.Core.Shared.Tests\bin\Debug\net5.0\Kitpymes.Core.Shared.Tests.dll" adapterTypeName="executor://mstestadapter/v2" className="Kitpymes.Core.Shared.Tests.ApplicationBuilderExtensionsTests" name="ToExists_Passing_Service_Not_Found_Returns_False" />
    </UnitTest>
    <UnitTest name="IsFile_Passing_InvalidArguments_Returns_HasErrorsAndCount" storage="d:\sferrari\01 - trabajo\repos\netcore\libs\template-netcore-shared\kitpymes.core.shared.tests\bin\debug\net5.0\kitpymes.core.shared.tests.dll" id="d7c20db6-f712-8539-ac01-01e8f4033fac">
      <Execution id="15588ee1-8115-45d0-a53c-514cc1794683" />
      <TestMethod codeBase="D:\SFERRARI\01 - TRABAJO\repos\netcore\libs\template-netcore-shared\Kitpymes.Core.Shared.Tests\bin\Debug\net5.0\Kitpymes.Core.Shared.Tests.dll" adapterTypeName="executor://mstestadapter/v2" className="Kitpymes.Core.Shared.Tests.CheckTests" name="IsFile_Passing_InvalidArguments_Returns_HasErrorsAndCount" />
    </UnitTest>
    <UnitTest name="ToConfiguration_Passing_Valid_DirectoryPath_Valid_JsonFileName_Returns_Ok" storage="d:\sferrari\01 - trabajo\repos\netcore\libs\template-netcore-shared\kitpymes.core.shared.tests\bin\debug\net5.0\kitpymes.core.shared.tests.dll" id="9064672f-1220-7bc0-f2b0-c66c74cccc5e">
      <Execution id="2fc4c2b8-d52e-426e-adc2-12a3706ef413" />
      <TestMethod codeBase="D:\SFERRARI\01 - TRABAJO\repos\netcore\libs\template-netcore-shared\Kitpymes.Core.Shared.Tests\bin\Debug\net5.0\Kitpymes.Core.Shared.Tests.dll" adapterTypeName="executor://mstestadapter/v2" className="Kitpymes.Core.Shared.Tests.ConfigurationBuilderExtensionsTests" name="ToConfiguration_Passing_Valid_DirectoryPath_Valid_JsonFileName_Returns_Ok" />
    </UnitTest>
    <UnitTest name="IsCustom_Passing_InvalidArguments_Returns_HasErrorsAndCount" storage="d:\sferrari\01 - trabajo\repos\netcore\libs\template-netcore-shared\kitpymes.core.shared.tests\bin\debug\net5.0\kitpymes.core.shared.tests.dll" id="772d3145-280a-fb9f-03c2-247d0f593a66">
      <Execution id="8470cf84-519c-40d4-9624-9f68874026d6" />
      <TestMethod codeBase="D:\SFERRARI\01 - TRABAJO\repos\netcore\libs\template-netcore-shared\Kitpymes.Core.Shared.Tests\bin\Debug\net5.0\Kitpymes.Core.Shared.Tests.dll" adapterTypeName="executor://mstestadapter/v2" className="Kitpymes.Core.Shared.Tests.CheckTests" name="IsCustom_Passing_InvalidArguments_Returns_HasErrorsAndCount" />
    </UnitTest>
    <UnitTest name="ToPaged_Passing_Age_Descending_Order_Returns_Filter_List" storage="d:\sferrari\01 - trabajo\repos\netcore\libs\template-netcore-shared\kitpymes.core.shared.tests\bin\debug\net5.0\kitpymes.core.shared.tests.dll" id="e53d2439-2080-43bd-e38b-a60253b60af1">
      <Execution id="25890c37-5535-4f4c-888d-2c09c8756323" />
      <TestMethod codeBase="D:\SFERRARI\01 - TRABAJO\repos\netcore\libs\template-netcore-shared\Kitpymes.Core.Shared.Tests\bin\Debug\net5.0\Kitpymes.Core.Shared.Tests.dll" adapterTypeName="executor://mstestadapter/v2" className="Kitpymes.Core.Shared.Tests.QueryableExtensionsTests" name="ToPaged_Passing_Age_Descending_Order_Returns_Filter_List" />
    </UnitTest>
    <UnitTest name="ToBytes_Passing_Object_Returns_Bytes" storage="d:\sferrari\01 - trabajo\repos\netcore\libs\template-netcore-shared\kitpymes.core.shared.tests\bin\debug\net5.0\kitpymes.core.shared.tests.dll" id="118e36ba-6572-1245-e05b-9bcc7b4e5e20">
      <Execution id="f79017d6-4a83-4fde-a003-e59d541dad29" />
      <TestMethod codeBase="D:\SFERRARI\01 - TRABAJO\repos\netcore\libs\template-netcore-shared\Kitpymes.Core.Shared.Tests\bin\Debug\net5.0\Kitpymes.Core.Shared.Tests.dll" adapterTypeName="executor://mstestadapter/v2" className="Kitpymes.Core.Shared.Tests.GenericExtensionsTests" name="ToBytes_Passing_Object_Returns_Bytes" />
    </UnitTest>
    <UnitTest name="ToDefaultValue_Passing_float_Returns_Cero" storage="d:\sferrari\01 - trabajo\repos\netcore\libs\template-netcore-shared\kitpymes.core.shared.tests\bin\debug\net5.0\kitpymes.core.shared.tests.dll" id="e0f7dcd9-f363-be9c-de11-457f6a575bee">
      <Execution id="1a9481dc-f4be-4eaf-bddb-857c6f7db1e3" />
      <TestMethod codeBase="D:\SFERRARI\01 - TRABAJO\repos\netcore\libs\template-netcore-shared\Kitpymes.Core.Shared.Tests\bin\Debug\net5.0\Kitpymes.Core.Shared.Tests.dll" adapterTypeName="executor://mstestadapter/v2" className="Kitpymes.Core.Shared.Tests.GenericExtensionsTests" name="ToDefaultValue_Passing_float_Returns_Cero" />
    </UnitTest>
    <UnitTest name="IsUppercase_Passing_InvalidArguments_Returns_HasErrorsAndCount" storage="d:\sferrari\01 - trabajo\repos\netcore\libs\template-netcore-shared\kitpymes.core.shared.tests\bin\debug\net5.0\kitpymes.core.shared.tests.dll" id="b8bb90de-6285-0f1c-e0f2-f3ba1f987370">
      <Execution id="93db9391-6e52-43c3-8e51-8041e6024c7e" />
      <TestMethod codeBase="D:\SFERRARI\01 - TRABAJO\repos\netcore\libs\template-netcore-shared\Kitpymes.Core.Shared.Tests\bin\Debug\net5.0\Kitpymes.Core.Shared.Tests.dll" adapterTypeName="executor://mstestadapter/v2" className="Kitpymes.Core.Shared.Tests.CheckTests" name="IsUppercase_Passing_InvalidArguments_Returns_HasErrorsAndCount" />
    </UnitTest>
    <UnitTest name="AddOrUpdate_Passing_Valid_Collection_Returns_Collection" storage="d:\sferrari\01 - trabajo\repos\netcore\libs\template-netcore-shared\kitpymes.core.shared.tests\bin\debug\net5.0\kitpymes.core.shared.tests.dll" id="1e15a82e-c1da-d4c9-090a-c7fc200f7f58">
      <Execution id="0cb428fd-22af-483c-892a-dd08292fc1a6" />
      <TestMethod codeBase="D:\SFERRARI\01 - TRABAJO\repos\netcore\libs\template-netcore-shared\Kitpymes.Core.Shared.Tests\bin\Debug\net5.0\Kitpymes.Core.Shared.Tests.dll" adapterTypeName="executor://mstestadapter/v2" className="Kitpymes.Core.Shared.Tests.DictionaryExtensionsTests" name="AddOrUpdate_Passing_Valid_Collection_Returns_Collection" />
    </UnitTest>
    <UnitTest name="ToGetAll_Passing_Claims_Returns_Claim_Value_String_List" storage="d:\sferrari\01 - trabajo\repos\netcore\libs\template-netcore-shared\kitpymes.core.shared.tests\bin\debug\net5.0\kitpymes.core.shared.tests.dll" id="4184a91b-5297-4872-2a98-1ef97e124515">
      <Execution id="7ae3ce13-b112-48f6-9975-5690b8fd2477" />
      <TestMethod codeBase="D:\SFERRARI\01 - TRABAJO\repos\netcore\libs\template-netcore-shared\Kitpymes.Core.Shared.Tests\bin\Debug\net5.0\Kitpymes.Core.Shared.Tests.dll" adapterTypeName="executor://mstestadapter/v2" className="Kitpymes.Core.Shared.Tests.ClaimsPrincipalExtensionsTests" name="ToGetAll_Passing_Claims_Returns_Claim_Value_String_List" />
    </UnitTest>
    <UnitTest name="ToList_Passing_ValidEnumTypeWithResourceType_Returns_ValuesList" storage="d:\sferrari\01 - trabajo\repos\netcore\libs\template-netcore-shared\kitpymes.core.shared.tests\bin\debug\net5.0\kitpymes.core.shared.tests.dll" id="aaa46586-7b83-9a88-e835-ae92592f98a3">
      <Execution id="2be22554-e6b8-4139-92a9-87143e547473" />
      <TestMethod codeBase="D:\SFERRARI\01 - TRABAJO\repos\netcore\libs\template-netcore-shared\Kitpymes.Core.Shared.Tests\bin\Debug\net5.0\Kitpymes.Core.Shared.Tests.dll" adapterTypeName="executor://mstestadapter/v2" className="Kitpymes.Core.Shared.Tests.EnumsTests" name="ToList_Passing_ValidEnumTypeWithResourceType_Returns_ValuesList" />
    </UnitTest>
    <UnitTest name="IsHostname_Passing_ValidArguments_Returns_HasErrorsAndCount" storage="d:\sferrari\01 - trabajo\repos\netcore\libs\template-netcore-shared\kitpymes.core.shared.tests\bin\debug\net5.0\kitpymes.core.shared.tests.dll" id="46df7735-43c3-1f8d-197a-cd21c82e5889">
      <Execution id="d91e180e-e869-49b1-82eb-1e90642d63cb" />
      <TestMethod codeBase="D:\SFERRARI\01 - TRABAJO\repos\netcore\libs\template-netcore-shared\Kitpymes.Core.Shared.Tests\bin\Debug\net5.0\Kitpymes.Core.Shared.Tests.dll" adapterTypeName="executor://mstestadapter/v2" className="Kitpymes.Core.Shared.Tests.CheckTests" name="IsHostname_Passing_ValidArguments_Returns_HasErrorsAndCount" />
    </UnitTest>
    <UnitTest name="ToTomorrow_Passing_DateTime_Returns_Tomorrow_DateTime" storage="d:\sferrari\01 - trabajo\repos\netcore\libs\template-netcore-shared\kitpymes.core.shared.tests\bin\debug\net5.0\kitpymes.core.shared.tests.dll" id="c2d3c8df-32e7-92dc-91f8-057e8c4da6b9">
      <Execution id="bb54e487-20a8-4802-80e0-ca0240b0cf72" />
      <TestMethod codeBase="D:\SFERRARI\01 - TRABAJO\repos\netcore\libs\template-netcore-shared\Kitpymes.Core.Shared.Tests\bin\Debug\net5.0\Kitpymes.Core.Shared.Tests.dll" adapterTypeName="executor://mstestadapter/v2" className="Kitpymes.Core.Shared.Tests.DateTimeExtensionsTests" name="ToTomorrow_Passing_DateTime_Returns_Tomorrow_DateTime" />
    </UnitTest>
    <UnitTest name="ToFullMessage_Passing_ExceptionWithMessageWithInnerException_Returns_Full_Message" storage="d:\sferrari\01 - trabajo\repos\netcore\libs\template-netcore-shared\kitpymes.core.shared.tests\bin\debug\net5.0\kitpymes.core.shared.tests.dll" id="e1a72c94-958d-7abb-4a96-4b60b12f8157">
      <Execution id="c833ac3a-b9ac-4554-bf55-949fed118dbc" />
      <TestMethod codeBase="D:\SFERRARI\01 - TRABAJO\repos\netcore\libs\template-netcore-shared\Kitpymes.Core.Shared.Tests\bin\Debug\net5.0\Kitpymes.Core.Shared.Tests.dll" adapterTypeName="executor://mstestadapter/v2" className="Kitpymes.Core.Shared.Tests.ExceptionExtensionsTests" name="ToFullMessage_Passing_ExceptionWithMessageWithInnerException_Returns_Full_Message" />
    </UnitTest>
    <UnitTest name="ToAuthenticationType_Passing_Claims_Returns_Null" storage="d:\sferrari\01 - trabajo\repos\netcore\libs\template-netcore-shared\kitpymes.core.shared.tests\bin\debug\net5.0\kitpymes.core.shared.tests.dll" id="34e0940c-fc9c-71db-fc18-7d52ee8761a0">
      <Execution id="c3f208f5-4d28-478b-b8b4-6ea35a169c3f" />
      <TestMethod codeBase="D:\SFERRARI\01 - TRABAJO\repos\netcore\libs\template-netcore-shared\Kitpymes.Core.Shared.Tests\bin\Debug\net5.0\Kitpymes.Core.Shared.Tests.dll" adapterTypeName="executor://mstestadapter/v2" className="Kitpymes.Core.Shared.Tests.ClaimsPrincipalExtensionsTests" name="ToAuthenticationType_Passing_Claims_Returns_Null" />
    </UnitTest>
    <UnitTest name="IsRange_Passing_InvalidArguments_Returns_HasErrorsAndCount" storage="d:\sferrari\01 - trabajo\repos\netcore\libs\template-netcore-shared\kitpymes.core.shared.tests\bin\debug\net5.0\kitpymes.core.shared.tests.dll" id="8a5cc6e0-e73e-2131-64bd-e73fc6c2a32e">
      <Execution id="59aa9ae3-1be1-41e8-89b0-1a13a37c1568" />
      <TestMethod codeBase="D:\SFERRARI\01 - TRABAJO\repos\netcore\libs\template-netcore-shared\Kitpymes.Core.Shared.Tests\bin\Debug\net5.0\Kitpymes.Core.Shared.Tests.dll" adapterTypeName="executor://mstestadapter/v2" className="Kitpymes.Core.Shared.Tests.CheckTests" name="IsRange_Passing_InvalidArguments_Returns_HasErrorsAndCount" />
    </UnitTest>
    <UnitTest name="IsDigit_Passing_InvalidArguments_Returns_HasErrorsAndCount" storage="d:\sferrari\01 - trabajo\repos\netcore\libs\template-netcore-shared\kitpymes.core.shared.tests\bin\debug\net5.0\kitpymes.core.shared.tests.dll" id="f2d267b8-d5a7-6c91-de6d-813182908c7f">
      <Execution id="36355693-6182-4c42-b879-43b2eb70fe56" />
      <TestMethod codeBase="D:\SFERRARI\01 - TRABAJO\repos\netcore\libs\template-netcore-shared\Kitpymes.Core.Shared.Tests\bin\Debug\net5.0\Kitpymes.Core.Shared.Tests.dll" adapterTypeName="executor://mstestadapter/v2" className="Kitpymes.Core.Shared.Tests.CheckTests" name="IsDigit_Passing_InvalidArguments_Returns_HasErrorsAndCount" />
    </UnitTest>
    <UnitTest name="ResultOkData" storage="d:\sferrari\01 - trabajo\repos\netcore\libs\template-netcore-shared\kitpymes.core.shared.tests\bin\debug\net5.0\kitpymes.core.shared.tests.dll" id="0a999e9b-220b-0f64-a533-84896c20ce13">
      <Execution id="04b9f19c-b886-4d89-9dea-1d8b67a6f550" />
      <TestMethod codeBase="D:\SFERRARI\01 - TRABAJO\repos\netcore\libs\template-netcore-shared\Kitpymes.Core.Shared.Tests\bin\Debug\net5.0\Kitpymes.Core.Shared.Tests.dll" adapterTypeName="executor://mstestadapter/v2" className="Kitpymes.Core.Shared.Tests.ResultTest" name="ResultOkData" />
    </UnitTest>
    <UnitTest name="ResultError_WithTitle_WithStatusCode_WithDetails_WithExceptionType_WithMessages_WithErrors" storage="d:\sferrari\01 - trabajo\repos\netcore\libs\template-netcore-shared\kitpymes.core.shared.tests\bin\debug\net5.0\kitpymes.core.shared.tests.dll" id="071a93ca-ce4d-3349-fe5a-5052bf3ce103">
      <Execution id="bef83011-d641-4d3c-8f47-34e030dc221f" />
      <TestMethod codeBase="D:\SFERRARI\01 - TRABAJO\repos\netcore\libs\template-netcore-shared\Kitpymes.Core.Shared.Tests\bin\Debug\net5.0\Kitpymes.Core.Shared.Tests.dll" adapterTypeName="executor://mstestadapter/v2" className="Kitpymes.Core.Shared.Tests.ResultTest" name="ResultError_WithTitle_WithStatusCode_WithDetails_WithExceptionType_WithMessages_WithErrors" />
    </UnitTest>
    <UnitTest name="ToDeserialize_Passing_String_Returns_Object" storage="d:\sferrari\01 - trabajo\repos\netcore\libs\template-netcore-shared\kitpymes.core.shared.tests\bin\debug\net5.0\kitpymes.core.shared.tests.dll" id="678a7b5d-e2f9-09be-f35f-0e3e4d5ad033">
      <Execution id="f4dad99e-466b-404f-9185-d031e6cc44ce" />
      <TestMethod codeBase="D:\SFERRARI\01 - TRABAJO\repos\netcore\libs\template-netcore-shared\Kitpymes.Core.Shared.Tests\bin\Debug\net5.0\Kitpymes.Core.Shared.Tests.dll" adapterTypeName="executor://mstestadapter/v2" className="Kitpymes.Core.Shared.Tests.JsonExtensionsTests" name="ToDeserialize_Passing_String_Returns_Object" />
    </UnitTest>
    <UnitTest name="ToDefaultValue_Passing_ValidString_Returns_DefaultValue" storage="d:\sferrari\01 - trabajo\repos\netcore\libs\template-netcore-shared\kitpymes.core.shared.tests\bin\debug\net5.0\kitpymes.core.shared.tests.dll" id="579b7361-19a9-f329-acb3-de102dcfc793">
      <Execution id="4ffa4808-abe6-42ba-9b53-5274d2386f48" />
      <TestMethod codeBase="D:\SFERRARI\01 - TRABAJO\repos\netcore\libs\template-netcore-shared\Kitpymes.Core.Shared.Tests\bin\Debug\net5.0\Kitpymes.Core.Shared.Tests.dll" adapterTypeName="executor://mstestadapter/v2" className="Kitpymes.Core.Shared.Tests.TypeExtensionsTests" name="ToDefaultValue_Passing_ValidString_Returns_DefaultValue" />
    </UnitTest>
    <UnitTest name="ToList_Passing_ValidEnumTypeWithSelectedValue_Returns_ValuesList" storage="d:\sferrari\01 - trabajo\repos\netcore\libs\template-netcore-shared\kitpymes.core.shared.tests\bin\debug\net5.0\kitpymes.core.shared.tests.dll" id="b871cd27-681f-8d07-6c2a-809341ba2909">
      <Execution id="c98c64c5-3c61-48e8-b3d3-05efd5c5f842" />
      <TestMethod codeBase="D:\SFERRARI\01 - TRABAJO\repos\netcore\libs\template-netcore-shared\Kitpymes.Core.Shared.Tests\bin\Debug\net5.0\Kitpymes.Core.Shared.Tests.dll" adapterTypeName="executor://mstestadapter/v2" className="Kitpymes.Core.Shared.Tests.EnumsTests" name="ToList_Passing_ValidEnumTypeWithSelectedValue_Returns_ValuesList" />
    </UnitTest>
    <UnitTest name="ToInt_Passing_ValidValueString_Returns_Int" storage="d:\sferrari\01 - trabajo\repos\netcore\libs\template-netcore-shared\kitpymes.core.shared.tests\bin\debug\net5.0\kitpymes.core.shared.tests.dll" id="ae09f98c-257a-b9e5-5b0b-16344b7adf1c">
      <Execution id="1ec9a0f0-8ba1-4056-9bae-67585b04d0fa" />
      <TestMethod codeBase="D:\SFERRARI\01 - TRABAJO\repos\netcore\libs\template-netcore-shared\Kitpymes.Core.Shared.Tests\bin\Debug\net5.0\Kitpymes.Core.Shared.Tests.dll" adapterTypeName="executor://mstestadapter/v2" className="Kitpymes.Core.Shared.Tests.StringExtensionsTests" name="ToInt_Passing_ValidValueString_Returns_Int" />
    </UnitTest>
    <UnitTest name="ResultBadRequest_WithErrors_KeyValue" storage="d:\sferrari\01 - trabajo\repos\netcore\libs\template-netcore-shared\kitpymes.core.shared.tests\bin\debug\net5.0\kitpymes.core.shared.tests.dll" id="5ac755a3-81c6-56a5-464d-fd3393128598">
      <Execution id="295d4f05-5c56-4b06-96fb-2f0dfe9ac8d2" />
      <TestMethod codeBase="D:\SFERRARI\01 - TRABAJO\repos\netcore\libs\template-netcore-shared\Kitpymes.Core.Shared.Tests\bin\Debug\net5.0\Kitpymes.Core.Shared.Tests.dll" adapterTypeName="executor://mstestadapter/v2" className="Kitpymes.Core.Shared.Tests.ResultTest" name="ResultBadRequest_WithErrors_KeyValue" />
    </UnitTest>
    <UnitTest name="ToEnum_Passing_ValidValueInt_Returns_EnumValue" storage="d:\sferrari\01 - trabajo\repos\netcore\libs\template-netcore-shared\kitpymes.core.shared.tests\bin\debug\net5.0\kitpymes.core.shared.tests.dll" id="96f263a8-e1d9-0070-21ba-583144d2d030">
      <Execution id="81316ea2-de7c-4af3-b6c9-7c71afcbea7b" />
      <TestMethod codeBase="D:\SFERRARI\01 - TRABAJO\repos\netcore\libs\template-netcore-shared\Kitpymes.Core.Shared.Tests\bin\Debug\net5.0\Kitpymes.Core.Shared.Tests.dll" adapterTypeName="executor://mstestadapter/v2" className="Kitpymes.Core.Shared.Tests.StringExtensionsTests" name="ToEnum_Passing_ValidValueInt_Returns_EnumValue" />
    </UnitTest>
    <UnitTest name="IsNullOrAny_Passing_InvalidArguments_Returns_HasErrorsAndCount" storage="d:\sferrari\01 - trabajo\repos\netcore\libs\template-netcore-shared\kitpymes.core.shared.tests\bin\debug\net5.0\kitpymes.core.shared.tests.dll" id="922c5a5d-5d46-b5de-bcbd-4fac0addd422">
      <Execution id="40d63d8a-dd2d-48e3-8291-5dedc3d34acc" />
      <TestMethod codeBase="D:\SFERRARI\01 - TRABAJO\repos\netcore\libs\template-netcore-shared\Kitpymes.Core.Shared.Tests\bin\Debug\net5.0\Kitpymes.Core.Shared.Tests.dll" adapterTypeName="executor://mstestadapter/v2" className="Kitpymes.Core.Shared.Tests.CheckTests" name="IsNullOrAny_Passing_InvalidArguments_Returns_HasErrorsAndCount" />
    </UnitTest>
    <UnitTest name="ToDetails_Passing_HttpContext_Returns_Details_HttpContext" storage="d:\sferrari\01 - trabajo\repos\netcore\libs\template-netcore-shared\kitpymes.core.shared.tests\bin\debug\net5.0\kitpymes.core.shared.tests.dll" id="4ff63349-9eef-ad1f-85cf-a84cda1ff120">
      <Execution id="13aeefb9-361c-416f-8969-419757ee498e" />
      <TestMethod codeBase="D:\SFERRARI\01 - TRABAJO\repos\netcore\libs\template-netcore-shared\Kitpymes.Core.Shared.Tests\bin\Debug\net5.0\Kitpymes.Core.Shared.Tests.dll" adapterTypeName="executor://mstestadapter/v2" className="Kitpymes.Core.Shared.Tests.HttpContextExtensionsTests" name="ToDetails_Passing_HttpContext_Returns_Details_HttpContext" />
    </UnitTest>
    <UnitTest name="ToSetTime_Passing_Time_String_Returns_DateTime" storage="d:\sferrari\01 - trabajo\repos\netcore\libs\template-netcore-shared\kitpymes.core.shared.tests\bin\debug\net5.0\kitpymes.core.shared.tests.dll" id="34931354-7c25-7812-28fe-96ea501746b4">
      <Execution id="f80e828d-96f2-441e-b166-800f716a5db1" />
      <TestMethod codeBase="D:\SFERRARI\01 - TRABAJO\repos\netcore\libs\template-netcore-shared\Kitpymes.Core.Shared.Tests\bin\Debug\net5.0\Kitpymes.Core.Shared.Tests.dll" adapterTypeName="executor://mstestadapter/v2" className="Kitpymes.Core.Shared.Tests.DateTimeExtensionsTests" name="ToSetTime_Passing_Time_String_Returns_DateTime" />
    </UnitTest>
    <UnitTest name="ToUserName_Passing_Invalid_ClaimsPrincipal_Returns_Null" storage="d:\sferrari\01 - trabajo\repos\netcore\libs\template-netcore-shared\kitpymes.core.shared.tests\bin\debug\net5.0\kitpymes.core.shared.tests.dll" id="26cc48e2-5e82-bc12-cf41-e3a984599b8d">
      <Execution id="21157858-7591-4860-ad5f-c91bbc32f44f" />
      <TestMethod codeBase="D:\SFERRARI\01 - TRABAJO\repos\netcore\libs\template-netcore-shared\Kitpymes.Core.Shared.Tests\bin\Debug\net5.0\Kitpymes.Core.Shared.Tests.dll" adapterTypeName="executor://mstestadapter/v2" className="Kitpymes.Core.Shared.Tests.ClaimsPrincipalExtensionsTests" name="ToUserName_Passing_Invalid_ClaimsPrincipal_Returns_Null" />
    </UnitTest>
    <UnitTest name="ToFirstLetterUpper_Passing_ValidValue_Returns_StringWithFirstLetterUpper" storage="d:\sferrari\01 - trabajo\repos\netcore\libs\template-netcore-shared\kitpymes.core.shared.tests\bin\debug\net5.0\kitpymes.core.shared.tests.dll" id="5517211d-203c-115f-7dc1-6f48da8ab75b">
      <Execution id="fee19979-4812-46d6-952e-28b16f7cf8e4" />
      <TestMethod codeBase="D:\SFERRARI\01 - TRABAJO\repos\netcore\libs\template-netcore-shared\Kitpymes.Core.Shared.Tests\bin\Debug\net5.0\Kitpymes.Core.Shared.Tests.dll" adapterTypeName="executor://mstestadapter/v2" className="Kitpymes.Core.Shared.Tests.StringExtensionsTests" name="ToFirstLetterUpper_Passing_ValidValue_Returns_StringWithFirstLetterUpper" />
    </UnitTest>
    <UnitTest name="ToConfiguration_Passing_Invalid_DirectoryPath_Returns_ApplicationException" storage="d:\sferrari\01 - trabajo\repos\netcore\libs\template-netcore-shared\kitpymes.core.shared.tests\bin\debug\net5.0\kitpymes.core.shared.tests.dll" id="73904cd7-b09d-89fc-efca-330cb9d1d1b7">
      <Execution id="67d4d79a-a08d-4523-9cbe-07cffe0d0413" />
      <TestMethod codeBase="D:\SFERRARI\01 - TRABAJO\repos\netcore\libs\template-netcore-shared\Kitpymes.Core.Shared.Tests\bin\Debug\net5.0\Kitpymes.Core.Shared.Tests.dll" adapterTypeName="executor://mstestadapter/v2" className="Kitpymes.Core.Shared.Tests.ConfigurationBuilderExtensionsTests" name="ToConfiguration_Passing_Invalid_DirectoryPath_Returns_ApplicationException" />
    </UnitTest>
    <UnitTest name="ToInt_Passing_InvalidValueString_Returns_Null" storage="d:\sferrari\01 - trabajo\repos\netcore\libs\template-netcore-shared\kitpymes.core.shared.tests\bin\debug\net5.0\kitpymes.core.shared.tests.dll" id="2799ef62-9686-0dc7-84d2-73639b0030f7">
      <Execution id="219fd6b3-bc94-4d67-a2dc-7d0d1e2079d9" />
      <TestMethod codeBase="D:\SFERRARI\01 - TRABAJO\repos\netcore\libs\template-netcore-shared\Kitpymes.Core.Shared.Tests\bin\Debug\net5.0\Kitpymes.Core.Shared.Tests.dll" adapterTypeName="executor://mstestadapter/v2" className="Kitpymes.Core.Shared.Tests.StringExtensionsTests" name="ToInt_Passing_InvalidValueString_Returns_Null" />
    </UnitTest>
    <UnitTest name="ToPaged_Passing_Age_Ascending_Order_Returns_Filter_List" storage="d:\sferrari\01 - trabajo\repos\netcore\libs\template-netcore-shared\kitpymes.core.shared.tests\bin\debug\net5.0\kitpymes.core.shared.tests.dll" id="f0f37a42-1a3a-10a5-5f17-e01b9915abd3">
      <Execution id="e6972cd9-fbd1-4048-8b6f-f0eb3bd7b16d" />
      <TestMethod codeBase="D:\SFERRARI\01 - TRABAJO\repos\netcore\libs\template-netcore-shared\Kitpymes.Core.Shared.Tests\bin\Debug\net5.0\Kitpymes.Core.Shared.Tests.dll" adapterTypeName="executor://mstestadapter/v2" className="Kitpymes.Core.Shared.Tests.QueryableExtensionsTests" name="ToPaged_Passing_Age_Ascending_Order_Returns_Filter_List" />
    </UnitTest>
  </TestDefinitions>
  <TestEntries>
    <TestEntry testId="bb347f18-44ab-0d77-d5bd-a671e4c37650" executionId="18a6d75a-c090-4c8d-a079-58ed7b72f2b1" testListId="8c84fa94-04c1-424b-9868-57a2d4851a1d" />
    <TestEntry testId="1577c538-d1be-5b59-2b09-8e59b0be5fcd" executionId="7b790dd4-ed70-4eb0-ab01-27a38d139614" testListId="8c84fa94-04c1-424b-9868-57a2d4851a1d" />
    <TestEntry testId="6c59b811-73c0-2540-9661-8c8f2a459ff2" executionId="ec9f243b-0661-44eb-aa7a-880b5eccd31f" testListId="8c84fa94-04c1-424b-9868-57a2d4851a1d" />
    <TestEntry testId="9b5f9705-0df5-3b21-5e23-e11b68721fd4" executionId="58e3534c-6d3a-436d-9c6c-f3bf41e749ca" testListId="8c84fa94-04c1-424b-9868-57a2d4851a1d" />
    <TestEntry testId="71a1897b-b713-c047-1c23-5efdff095b20" executionId="b234161b-540d-414a-977d-d508d4086144" testListId="8c84fa94-04c1-424b-9868-57a2d4851a1d" />
    <TestEntry testId="760ae14b-6c0d-0288-811d-408b67937415" executionId="7fefcaeb-4546-4b1e-9eea-389431c5d5f9" testListId="8c84fa94-04c1-424b-9868-57a2d4851a1d" />
    <TestEntry testId="ab527057-69f2-0a9a-89fd-18928a3920fd" executionId="2c31740b-9f35-4fab-8714-2cdbfc34191e" testListId="8c84fa94-04c1-424b-9868-57a2d4851a1d" />
    <TestEntry testId="e329bdc2-7660-b4b2-0687-a194b6e35f1d" executionId="45376414-7b06-456c-9708-2ce932bab792" testListId="8c84fa94-04c1-424b-9868-57a2d4851a1d" />
    <TestEntry testId="334e3485-05b4-4549-cacd-aef8fff10757" executionId="3378ea0e-44d3-45d3-afcd-661114c45724" testListId="8c84fa94-04c1-424b-9868-57a2d4851a1d" />
    <TestEntry testId="4ead3f79-a54e-1b96-838c-d0c2f491cb0d" executionId="11c54c76-c302-4f9e-99d7-6f4d3936c22b" testListId="8c84fa94-04c1-424b-9868-57a2d4851a1d" />
    <TestEntry testId="08f63e9f-68bb-2ff4-88d9-c74b03747527" executionId="d09337ee-6848-47b4-aed8-7822f4a02f7b" testListId="8c84fa94-04c1-424b-9868-57a2d4851a1d" />
    <TestEntry testId="459f13f4-e266-2f20-5c30-d2c64797095d" executionId="7ad5819e-5935-4781-95da-d9916bb06c28" testListId="8c84fa94-04c1-424b-9868-57a2d4851a1d" />
    <TestEntry testId="1237bc5f-42ea-8c7f-8602-051620acda95" executionId="a93765e9-d527-43d8-bcb4-1a49f785645a" testListId="8c84fa94-04c1-424b-9868-57a2d4851a1d" />
    <TestEntry testId="725d136c-3e7a-6e51-fc61-03203ffec0b5" executionId="7f12654b-f226-49b1-9e98-95b5c7d1c834" testListId="8c84fa94-04c1-424b-9868-57a2d4851a1d" />
    <TestEntry testId="69b6ed05-fdf2-6989-0583-109b4777a6ac" executionId="699223f5-ef40-4760-80db-0158358e2991" testListId="8c84fa94-04c1-424b-9868-57a2d4851a1d" />
    <TestEntry testId="a2b6017f-838f-c435-81c1-a75dd92108eb" executionId="0e666f4d-438b-433c-9897-ec4543b15b90" testListId="8c84fa94-04c1-424b-9868-57a2d4851a1d" />
    <TestEntry testId="4e1a5879-f3c8-4fdb-51d0-c4cf0a35e0bf" executionId="fbc51692-fbfb-4207-8930-b9f3e482b5da" testListId="8c84fa94-04c1-424b-9868-57a2d4851a1d" />
    <TestEntry testId="7c09a438-5465-f760-64b2-23d25fc199f5" executionId="854d18fa-b8b1-4b50-94ef-a019b4732a1b" testListId="8c84fa94-04c1-424b-9868-57a2d4851a1d" />
    <TestEntry testId="04cb4b72-edc8-fe06-49e1-217ed503eff8" executionId="7a725f51-d9c2-4b56-91fc-80f46fccaca1" testListId="8c84fa94-04c1-424b-9868-57a2d4851a1d" />
    <TestEntry testId="006d3c07-11d3-9f4b-c045-6799df52bbfb" executionId="3f37d45f-dacb-4f64-987d-bf8514d6a220" testListId="8c84fa94-04c1-424b-9868-57a2d4851a1d" />
    <TestEntry testId="b51b5293-5162-7db8-79c0-6e7b6f1c51a5" executionId="7084275c-9511-4cdf-9dd7-d5574281a93d" testListId="8c84fa94-04c1-424b-9868-57a2d4851a1d" />
    <TestEntry testId="225c09bd-86d5-d9ce-d2b8-18431ca384e3" executionId="65625e54-f88b-45dd-a096-7dd789aac643" testListId="8c84fa94-04c1-424b-9868-57a2d4851a1d" />
    <TestEntry testId="47f3e733-f069-b79f-9f6d-7c11fc368663" executionId="794ff7a0-17af-4602-8097-12cc934c6a5f" testListId="8c84fa94-04c1-424b-9868-57a2d4851a1d" />
    <TestEntry testId="8f970201-c66a-ecfa-fa45-503451c8c439" executionId="5546b480-cde0-4f56-9051-b07bdefabf18" testListId="8c84fa94-04c1-424b-9868-57a2d4851a1d" />
    <TestEntry testId="30809299-0e3e-4ac7-4a2a-6f8c296d2226" executionId="75557853-e9c8-4f7c-882d-9a356980dc93" testListId="8c84fa94-04c1-424b-9868-57a2d4851a1d" />
    <TestEntry testId="313cfb2c-8c3b-337b-12f8-296f8611376d" executionId="08488416-95a5-4047-9344-fef107f97648" testListId="8c84fa94-04c1-424b-9868-57a2d4851a1d" />
    <TestEntry testId="8a110a46-40a4-c9bb-083e-1c3fcb5b45b7" executionId="0571c497-69c8-425e-a36b-fdc0dd821e93" testListId="8c84fa94-04c1-424b-9868-57a2d4851a1d" />
    <TestEntry testId="8fbac209-421a-f9fa-c5fe-97403aedb24e" executionId="3bad7325-e49a-4993-8130-9200e40c693b" testListId="8c84fa94-04c1-424b-9868-57a2d4851a1d" />
    <TestEntry testId="3c82816f-4e62-7440-d30d-abbd53b1dcea" executionId="1fd5fa64-23b6-45c1-8c88-384724e1574c" testListId="8c84fa94-04c1-424b-9868-57a2d4851a1d" />
    <TestEntry testId="0df69eaf-b001-71ae-6cf8-f9c5860f7c4c" executionId="69489ef9-2cfe-41ca-9238-44e7db709d28" testListId="8c84fa94-04c1-424b-9868-57a2d4851a1d" />
    <TestEntry testId="0d35441f-72fe-a777-509f-6a19632f972a" executionId="025c3c72-1134-4b83-8b8e-d8dffd3a5152" testListId="8c84fa94-04c1-424b-9868-57a2d4851a1d" />
    <TestEntry testId="aeb559a5-c285-7ab9-baee-1cb152d1742f" executionId="4159ad6a-e3e2-4fb1-870e-2280cfa0e8fb" testListId="8c84fa94-04c1-424b-9868-57a2d4851a1d" />
    <TestEntry testId="1761ee10-7c34-b565-b889-1885bffe91c3" executionId="061ecfb5-5f32-4309-bee2-8c381d35b852" testListId="8c84fa94-04c1-424b-9868-57a2d4851a1d" />
    <TestEntry testId="bd43e66e-fbae-26eb-a9a1-c58a6bf5d7af" executionId="1f359c66-a67d-4f9c-8031-319f6d483d4d" testListId="8c84fa94-04c1-424b-9868-57a2d4851a1d" />
    <TestEntry testId="04084e8e-c859-4ef5-e2a7-4fb2803cb2a3" executionId="f49cce20-692d-4d43-bcdf-f17788b85784" testListId="8c84fa94-04c1-424b-9868-57a2d4851a1d" />
    <TestEntry testId="678a7b5d-e2f9-09be-f35f-0e3e4d5ad033" executionId="f4dad99e-466b-404f-9185-d031e6cc44ce" testListId="8c84fa94-04c1-424b-9868-57a2d4851a1d" />
    <TestEntry testId="c8fd6d3c-b723-929b-f175-dbdc2a7be855" executionId="3c09d0ea-e6eb-4f78-baca-171162137bf9" testListId="8c84fa94-04c1-424b-9868-57a2d4851a1d" />
    <TestEntry testId="a95f665c-aa8d-208d-902c-60a464250c99" executionId="63cbca43-0640-4644-ae2b-97c829dd039a" testListId="8c84fa94-04c1-424b-9868-57a2d4851a1d" />
    <TestEntry testId="7dc20d31-477c-3765-83c0-7575a504da96" executionId="fd7a1e22-3362-404a-99e6-bcc0fcf1171a" testListId="8c84fa94-04c1-424b-9868-57a2d4851a1d" />
    <TestEntry testId="3e6d6aa9-9b6d-dd96-b54c-49f88780a2b4" executionId="b1f007c1-5c89-49f9-8cbc-8879aa5cf7d6" testListId="8c84fa94-04c1-424b-9868-57a2d4851a1d" />
    <TestEntry testId="180814cc-22f9-91b2-cd9a-f54be7e1ba18" executionId="9227522c-f9e5-4cce-b90e-223de9b7d940" testListId="8c84fa94-04c1-424b-9868-57a2d4851a1d" />
    <TestEntry testId="b871cd27-681f-8d07-6c2a-809341ba2909" executionId="c98c64c5-3c61-48e8-b3d3-05efd5c5f842" testListId="8c84fa94-04c1-424b-9868-57a2d4851a1d" />
    <TestEntry testId="b9a89fa2-355c-e886-bec5-28d3cf549be6" executionId="98a93c04-7ce6-4728-80b7-c5098ac6e395" testListId="8c84fa94-04c1-424b-9868-57a2d4851a1d" />
    <TestEntry testId="a4956cd8-34a7-6fca-5b71-6eb98cedd9b0" executionId="50c7d097-bd68-40c1-b2b8-6864949a20e1" testListId="8c84fa94-04c1-424b-9868-57a2d4851a1d" />
    <TestEntry testId="5c861184-f295-e727-0fd4-d218f13da14d" executionId="db2f1eb2-8b07-4b00-b16d-cd1b81ca6ddc" testListId="8c84fa94-04c1-424b-9868-57a2d4851a1d" />
    <TestEntry testId="7384e2f6-7a7f-d462-78fa-5bf7f49c326a" executionId="8f3baf2c-7be8-49a7-b0f2-426196bec081" testListId="8c84fa94-04c1-424b-9868-57a2d4851a1d" />
    <TestEntry testId="074815db-ddf2-9c1f-0fef-7f709183591e" executionId="f8cf91a3-a2cb-4a4b-973c-4710b9eb4556" testListId="8c84fa94-04c1-424b-9868-57a2d4851a1d" />
    <TestEntry testId="432377b9-b0ad-9a2a-6dc2-e1069e73c449" executionId="ca53ef25-e151-4951-b4fb-f9964292fffe" testListId="8c84fa94-04c1-424b-9868-57a2d4851a1d" />
    <TestEntry testId="c2d3c8df-32e7-92dc-91f8-057e8c4da6b9" executionId="bb54e487-20a8-4802-80e0-ca0240b0cf72" testListId="8c84fa94-04c1-424b-9868-57a2d4851a1d" />
    <TestEntry testId="5ac755a3-81c6-56a5-464d-fd3393128598" executionId="295d4f05-5c56-4b06-96fb-2f0dfe9ac8d2" testListId="8c84fa94-04c1-424b-9868-57a2d4851a1d" />
    <TestEntry testId="0cb5eb43-9273-0bdf-bd18-53b184535503" executionId="8f45d72e-bba6-4180-afba-8d25e6109e2e" testListId="8c84fa94-04c1-424b-9868-57a2d4851a1d" />
    <TestEntry testId="4184a91b-5297-4872-2a98-1ef97e124515" executionId="7ae3ce13-b112-48f6-9975-5690b8fd2477" testListId="8c84fa94-04c1-424b-9868-57a2d4851a1d" />
    <TestEntry testId="fbb73316-6f70-059a-1197-08f09a1221d6" executionId="2c37bd1e-d292-46da-8c77-c06badfaad65" testListId="8c84fa94-04c1-424b-9868-57a2d4851a1d" />
    <TestEntry testId="4234610b-215b-41f7-e61d-4a82851bdfa3" executionId="32219bd7-a67f-483a-9712-589ff924ace9" testListId="8c84fa94-04c1-424b-9868-57a2d4851a1d" />
    <TestEntry testId="06b145c3-38af-bef9-3a11-59191b7a7e3e" executionId="e31f0d3c-1506-414a-8dab-492e71e259d2" testListId="8c84fa94-04c1-424b-9868-57a2d4851a1d" />
    <TestEntry testId="d51ea295-e896-101a-6578-05ae772bcbfb" executionId="6af24d1c-6bfc-4f76-adb9-1dc45aec840e" testListId="8c84fa94-04c1-424b-9868-57a2d4851a1d" />
    <TestEntry testId="87c5dbd3-fd2a-1e49-42e5-8dc78affc8d6" executionId="48048ba2-5d9c-44e3-81d6-8a767fbdba48" testListId="8c84fa94-04c1-424b-9868-57a2d4851a1d" />
    <TestEntry testId="73904cd7-b09d-89fc-efca-330cb9d1d1b7" executionId="67d4d79a-a08d-4523-9cbe-07cffe0d0413" testListId="8c84fa94-04c1-424b-9868-57a2d4851a1d" />
    <TestEntry testId="aaa46586-7b83-9a88-e835-ae92592f98a3" executionId="2be22554-e6b8-4139-92a9-87143e547473" testListId="8c84fa94-04c1-424b-9868-57a2d4851a1d" />
    <TestEntry testId="ee30e1f9-ce80-c70a-1b56-b7e02750ae26" executionId="97c3f8a2-4c6d-4651-9a89-44ab5c532c3c" testListId="8c84fa94-04c1-424b-9868-57a2d4851a1d" />
    <TestEntry testId="f2d267b8-d5a7-6c91-de6d-813182908c7f" executionId="36355693-6182-4c42-b879-43b2eb70fe56" testListId="8c84fa94-04c1-424b-9868-57a2d4851a1d" />
    <TestEntry testId="2aceb911-de9d-b2eb-c8db-f6b3f880216f" executionId="1521bd74-4da6-46a9-9a99-213ee5429541" testListId="8c84fa94-04c1-424b-9868-57a2d4851a1d" />
    <TestEntry testId="29112d2a-2e73-305d-ec50-12fc95c28627" executionId="1c8d780c-5559-49f5-889d-afb37771ce8e" testListId="8c84fa94-04c1-424b-9868-57a2d4851a1d" />
    <TestEntry testId="64bc1554-814c-3c40-a6b0-679b40b89c36" executionId="93647c94-581e-4262-9415-e618984113fd" testListId="8c84fa94-04c1-424b-9868-57a2d4851a1d" />
    <TestEntry testId="2e87c537-4979-f58b-6e83-f3d4ee161ff1" executionId="833fb637-3ff3-4104-9ce1-5e8fd78da658" testListId="8c84fa94-04c1-424b-9868-57a2d4851a1d" />
    <TestEntry testId="845c887e-a785-555d-db89-1c2975a33bbb" executionId="57887b37-fdeb-4992-a7e4-7ec224709a6b" testListId="8c84fa94-04c1-424b-9868-57a2d4851a1d" />
    <TestEntry testId="3721d3c1-7c03-ad84-143f-64bfeb5b314e" executionId="0dda6cad-e87c-48aa-bbb4-4f87a423320e" testListId="8c84fa94-04c1-424b-9868-57a2d4851a1d" />
    <TestEntry testId="0e702ef4-7e85-bcb3-3879-32ee56a27932" executionId="4550bdf3-6e8b-4fc9-a237-637a7815e364" testListId="8c84fa94-04c1-424b-9868-57a2d4851a1d" />
    <TestEntry testId="1064d8aa-5d0e-6bf5-83ee-952a4d1fd93b" executionId="2265286b-a178-466a-b93b-ed72b13037d3" testListId="8c84fa94-04c1-424b-9868-57a2d4851a1d" />
    <TestEntry testId="e0f7dcd9-f363-be9c-de11-457f6a575bee" executionId="1a9481dc-f4be-4eaf-bddb-857c6f7db1e3" testListId="8c84fa94-04c1-424b-9868-57a2d4851a1d" />
    <TestEntry testId="2799ef62-9686-0dc7-84d2-73639b0030f7" executionId="219fd6b3-bc94-4d67-a2dc-7d0d1e2079d9" testListId="8c84fa94-04c1-424b-9868-57a2d4851a1d" />
    <TestEntry testId="f2debf4a-2a42-7b0b-1005-8f74a6fc63cb" executionId="73715241-99f2-4fb2-bbc1-108499037e43" testListId="8c84fa94-04c1-424b-9868-57a2d4851a1d" />
    <TestEntry testId="8c1d1a56-be42-3df5-a82e-36b97c2860b8" executionId="af6adcc4-25ae-42e1-b2b9-b3bfa7144309" testListId="8c84fa94-04c1-424b-9868-57a2d4851a1d" />
    <TestEntry testId="0a999e9b-220b-0f64-a533-84896c20ce13" executionId="04b9f19c-b886-4d89-9dea-1d8b67a6f550" testListId="8c84fa94-04c1-424b-9868-57a2d4851a1d" />
    <TestEntry testId="b8bb90de-6285-0f1c-e0f2-f3ba1f987370" executionId="93db9391-6e52-43c3-8e51-8041e6024c7e" testListId="8c84fa94-04c1-424b-9868-57a2d4851a1d" />
    <TestEntry testId="f17b6f1f-06a9-5318-815f-4c3950fdd0cb" executionId="b612bd6a-6fd5-40cd-8b59-d43f8018a9f0" testListId="8c84fa94-04c1-424b-9868-57a2d4851a1d" />
    <TestEntry testId="9d64a285-266d-52de-ef34-34102f8ad12c" executionId="264de9ae-3a3a-4e49-8a41-2e47c3f6230e" testListId="8c84fa94-04c1-424b-9868-57a2d4851a1d" />
    <TestEntry testId="856fd0c8-b6f8-9265-ccfd-2a9e615488e2" executionId="07678dd8-1128-4845-bfa1-e0b87de199b3" testListId="8c84fa94-04c1-424b-9868-57a2d4851a1d" />
    <TestEntry testId="07d50dfb-3195-c832-23d2-97ae667f2010" executionId="d2582626-85f3-4664-8574-6185550be671" testListId="8c84fa94-04c1-424b-9868-57a2d4851a1d" />
    <TestEntry testId="42ded375-26ee-044e-44a7-9eab5e4cd342" executionId="41908603-ecb3-4f06-aab4-b41bc1056a08" testListId="8c84fa94-04c1-424b-9868-57a2d4851a1d" />
    <TestEntry testId="3bd7277d-4ad0-51ee-d24c-53176ec3cc7f" executionId="b1b60074-15d3-4d3f-9eaf-c68f2eb0d3c0" testListId="8c84fa94-04c1-424b-9868-57a2d4851a1d" />
    <TestEntry testId="ebdf037a-44fa-7875-99d4-42fa9833aac8" executionId="d5512fc7-0469-4cea-ab41-bd14a9b2083b" testListId="8c84fa94-04c1-424b-9868-57a2d4851a1d" />
    <TestEntry testId="e9d3a3d6-32e0-613e-b55e-48afdf1ab686" executionId="fdea7a01-0481-4962-8913-70fb4d54d2d4" testListId="8c84fa94-04c1-424b-9868-57a2d4851a1d" />
    <TestEntry testId="1b969e76-d97c-c639-c377-a41796fbb2c3" executionId="b786f73d-e664-4b61-a0fb-a78140404789" testListId="8c84fa94-04c1-424b-9868-57a2d4851a1d" />
    <TestEntry testId="34931354-7c25-7812-28fe-96ea501746b4" executionId="f80e828d-96f2-441e-b166-800f716a5db1" testListId="8c84fa94-04c1-424b-9868-57a2d4851a1d" />
    <TestEntry testId="33545399-79af-5e7f-5179-57fe5645f4be" executionId="d975f946-3cf2-4aa6-8650-2f3c099b328b" testListId="8c84fa94-04c1-424b-9868-57a2d4851a1d" />
    <TestEntry testId="0ee8121e-b492-a57d-d072-de988a4e30f8" executionId="a71e1c33-0113-4b0a-a229-f335e8978dcb" testListId="8c84fa94-04c1-424b-9868-57a2d4851a1d" />
    <TestEntry testId="0c633595-70e8-b011-5a46-c9c7e1687cb9" executionId="a422bc12-fe0b-4c0a-b011-07bae78a3681" testListId="8c84fa94-04c1-424b-9868-57a2d4851a1d" />
    <TestEntry testId="53cbdd8e-a1ef-5d22-8745-938609ed19c2" executionId="51f534fc-3354-478a-90c9-99b2b642c790" testListId="8c84fa94-04c1-424b-9868-57a2d4851a1d" />
    <TestEntry testId="c63cd623-e636-5730-a1fa-b18ae782acc7" executionId="43d23cb6-9569-4b2b-b6b5-88e342160790" testListId="8c84fa94-04c1-424b-9868-57a2d4851a1d" />
    <TestEntry testId="1c5fe271-1e90-52f5-1f31-436b17e57702" executionId="00e17007-3c27-4a5d-a236-a9d502fe9960" testListId="8c84fa94-04c1-424b-9868-57a2d4851a1d" />
    <TestEntry testId="ede15cdf-3d1b-3e1a-18dc-485a2d50fe42" executionId="ae8ad663-822d-43e2-bf8f-22f1e4a06975" testListId="8c84fa94-04c1-424b-9868-57a2d4851a1d" />
    <TestEntry testId="c180eeb5-df7f-187e-c74d-0f6d31acdec5" executionId="5c5e7860-324d-4351-b14f-14c220db55d6" testListId="8c84fa94-04c1-424b-9868-57a2d4851a1d" />
    <TestEntry testId="e1a72c94-958d-7abb-4a96-4b60b12f8157" executionId="c833ac3a-b9ac-4554-bf55-949fed118dbc" testListId="8c84fa94-04c1-424b-9868-57a2d4851a1d" />
    <TestEntry testId="772d3145-280a-fb9f-03c2-247d0f593a66" executionId="8470cf84-519c-40d4-9624-9f68874026d6" testListId="8c84fa94-04c1-424b-9868-57a2d4851a1d" />
    <TestEntry testId="c09577a6-adca-ef94-40b5-45575ad65e4f" executionId="9e100453-4db5-4dbc-a3e9-685c71e3055a" testListId="8c84fa94-04c1-424b-9868-57a2d4851a1d" />
    <TestEntry testId="118e36ba-6572-1245-e05b-9bcc7b4e5e20" executionId="f79017d6-4a83-4fde-a003-e59d541dad29" testListId="8c84fa94-04c1-424b-9868-57a2d4851a1d" />
    <TestEntry testId="605637df-9854-875b-b3aa-6675f3fbd045" executionId="7e8e76ce-14b6-46fe-9431-6f41a22f8f05" testListId="8c84fa94-04c1-424b-9868-57a2d4851a1d" />
    <TestEntry testId="4315ebd1-3e2a-edf0-9de6-c78f08760fe3" executionId="ac21c194-907d-40ba-9d53-6e09fc01c24b" testListId="8c84fa94-04c1-424b-9868-57a2d4851a1d" />
    <TestEntry testId="c0846755-8a53-0ac4-76e5-2d7d37bcd54a" executionId="998ebbb7-a074-41d2-a2da-0f6dd31616b1" testListId="8c84fa94-04c1-424b-9868-57a2d4851a1d" />
    <TestEntry testId="3443f7f5-ee1a-f375-e5b1-f7ffa940c0db" executionId="fe922577-e154-46c5-935e-9dcc8fb4e8e3" testListId="8c84fa94-04c1-424b-9868-57a2d4851a1d" />
    <TestEntry testId="6bd61990-78b5-76ea-0df5-0c13c388bdc0" executionId="02b9d9a7-eb0c-4a3c-ad19-02bb13237f78" testListId="8c84fa94-04c1-424b-9868-57a2d4851a1d" />
    <TestEntry testId="9e36eef1-cde7-a509-c95d-2249b6b02dbb" executionId="de3d2d4e-d810-4706-b0bd-665d54ffe7eb" testListId="8c84fa94-04c1-424b-9868-57a2d4851a1d" />
    <TestEntry testId="9af963da-8209-d683-34a5-be793bc59993" executionId="787df44e-6178-4e6e-bc48-fe5ce437757b" testListId="8c84fa94-04c1-424b-9868-57a2d4851a1d" />
    <TestEntry testId="a75e991f-5e03-3949-85d6-afa1f14455d4" executionId="464d00fa-27fe-4be1-af24-5a75c8597d98" testListId="8c84fa94-04c1-424b-9868-57a2d4851a1d" />
    <TestEntry testId="55f105d6-fc07-21db-e70a-db30ccdb0844" executionId="95db5c6f-da45-4c3d-bd2c-7a644637c8da" testListId="8c84fa94-04c1-424b-9868-57a2d4851a1d" />
    <TestEntry testId="209cbba1-d5fa-4810-2cb6-ee92ce2e109d" executionId="573ab99e-eba6-41ad-96dd-f2ce8c431010" testListId="8c84fa94-04c1-424b-9868-57a2d4851a1d" />
    <TestEntry testId="bc6955b8-aec0-957c-bad4-853e5cfa19a1" executionId="43004fae-d176-45e0-a40a-014875659efd" testListId="8c84fa94-04c1-424b-9868-57a2d4851a1d" />
    <TestEntry testId="e93b141b-fdfd-0f98-21e5-3eb211b6e88b" executionId="a5b1421b-3de8-41df-9c8b-6c4ca985a39b" testListId="8c84fa94-04c1-424b-9868-57a2d4851a1d" />
    <TestEntry testId="9eeef095-29ed-4872-a36c-ca4832350421" executionId="7881c9c2-6ae2-4ff5-9576-b2c05bb8cf19" testListId="8c84fa94-04c1-424b-9868-57a2d4851a1d" />
    <TestEntry testId="d0b36a04-4127-30ad-3e5f-debee628dde9" executionId="6c78a78c-edf5-47ee-a3a3-22a234b9056f" testListId="8c84fa94-04c1-424b-9868-57a2d4851a1d" />
    <TestEntry testId="640513b3-feee-19a8-efba-5817e77ff3ee" executionId="12d2a85f-1312-4d02-bc80-2c0da75dc78d" testListId="8c84fa94-04c1-424b-9868-57a2d4851a1d" />
    <TestEntry testId="cd004a9f-a0f6-2fdf-aeae-1890f4ab8e71" executionId="d7ed2aa4-8d39-4b65-8993-09dd953d77b8" testListId="8c84fa94-04c1-424b-9868-57a2d4851a1d" />
    <TestEntry testId="1f173fff-9060-8c18-f825-225901225244" executionId="4fef0e69-4dae-4aaa-9b5d-d1888cd47823" testListId="8c84fa94-04c1-424b-9868-57a2d4851a1d" />
    <TestEntry testId="fa00d2a8-59b9-ad9e-caa1-a0c9e3156db1" executionId="0ee98382-5217-4d62-8964-3e4a11bf2b5c" testListId="8c84fa94-04c1-424b-9868-57a2d4851a1d" />
    <TestEntry testId="859b5acf-9d8b-7620-f96f-ba83c1545a71" executionId="4d71e079-8b26-4c65-ad23-4af26ba67002" testListId="8c84fa94-04c1-424b-9868-57a2d4851a1d" />
    <TestEntry testId="a0fef65e-bc06-762d-4622-91d020572059" executionId="1b55c395-a809-4bac-9c32-f52e0c990a61" testListId="8c84fa94-04c1-424b-9868-57a2d4851a1d" />
    <TestEntry testId="071a93ca-ce4d-3349-fe5a-5052bf3ce103" executionId="bef83011-d641-4d3c-8f47-34e030dc221f" testListId="8c84fa94-04c1-424b-9868-57a2d4851a1d" />
    <TestEntry testId="43c10c64-8836-30db-afbe-d1657a7dd9d8" executionId="b0abf6ea-25ae-420c-880d-3f2075ca2fbd" testListId="8c84fa94-04c1-424b-9868-57a2d4851a1d" />
    <TestEntry testId="def94964-1ba4-f78f-2dac-38055bb04256" executionId="8ff75b22-d78a-40f6-8caa-c929a4839f70" testListId="8c84fa94-04c1-424b-9868-57a2d4851a1d" />
    <TestEntry testId="ffa669f9-8e25-a33b-f8f7-c3ba4a576a2b" executionId="4c0cbad1-b1cc-466d-8349-f2717c0bac8e" testListId="8c84fa94-04c1-424b-9868-57a2d4851a1d" />
    <TestEntry testId="c30c24fa-9dc6-1db9-fc63-cb77f851732c" executionId="bc6c346e-9d29-46c2-ac10-d548c668d274" testListId="8c84fa94-04c1-424b-9868-57a2d4851a1d" />
    <TestEntry testId="9064672f-1220-7bc0-f2b0-c66c74cccc5e" executionId="2fc4c2b8-d52e-426e-adc2-12a3706ef413" testListId="8c84fa94-04c1-424b-9868-57a2d4851a1d" />
    <TestEntry testId="7daaba64-d3ad-9109-43bf-bdb516b673b8" executionId="e70cdf90-b3de-4a99-a275-9c7d551eb94b" testListId="8c84fa94-04c1-424b-9868-57a2d4851a1d" />
    <TestEntry testId="0f697beb-b7a4-6aa6-9017-b57feeb9ba7f" executionId="18d910ec-1e22-4ed9-9973-15f73ae8bb6c" testListId="8c84fa94-04c1-424b-9868-57a2d4851a1d" />
    <TestEntry testId="46df7735-43c3-1f8d-197a-cd21c82e5889" executionId="d91e180e-e869-49b1-82eb-1e90642d63cb" testListId="8c84fa94-04c1-424b-9868-57a2d4851a1d" />
    <TestEntry testId="98331ff8-6ed1-e7ba-c8dd-be5bd5b6cb2c" executionId="fe3e6f54-26a5-48df-a99b-4deb4ea5f24b" testListId="8c84fa94-04c1-424b-9868-57a2d4851a1d" />
    <TestEntry testId="5bee9d0e-89de-7b6d-4317-0a11342b1d29" executionId="4c84e816-308b-4129-821c-13013ce71c0e" testListId="8c84fa94-04c1-424b-9868-57a2d4851a1d" />
    <TestEntry testId="985d1d77-c2ec-7290-ea22-268fdc93e8ee" executionId="408d2339-8c81-40f3-9eeb-9014643b91ef" testListId="8c84fa94-04c1-424b-9868-57a2d4851a1d" />
    <TestEntry testId="29295413-2308-fade-9c98-0e9ed6c67839" executionId="a4fa80ee-088c-4948-abee-58bc67aae7f6" testListId="8c84fa94-04c1-424b-9868-57a2d4851a1d" />
    <TestEntry testId="43949294-e4b7-cf4d-0d69-84ccc9e58406" executionId="3d92fc5d-9d12-4d6d-a345-120e823d387d" testListId="8c84fa94-04c1-424b-9868-57a2d4851a1d" />
    <TestEntry testId="d6d04f4a-9142-b816-d673-c4abf49a39ad" executionId="763b75ff-a7d4-472a-8699-08ca0c02eecf" testListId="8c84fa94-04c1-424b-9868-57a2d4851a1d" />
    <TestEntry testId="4bab1aca-8bb0-4ef4-560f-96b7fb0c4bee" executionId="8354a4f4-0890-48a3-81b1-62faf2c5d362" testListId="8c84fa94-04c1-424b-9868-57a2d4851a1d" />
    <TestEntry testId="967da852-80aa-48c8-4fdf-7229c80964ce" executionId="1d7b9a25-d641-4311-a45e-74d5db14f709" testListId="8c84fa94-04c1-424b-9868-57a2d4851a1d" />
    <TestEntry testId="447ced0a-6221-43ff-44ab-4ee12ee4d012" executionId="6fb023c3-fb5e-4659-809d-dee81d7a8c44" testListId="8c84fa94-04c1-424b-9868-57a2d4851a1d" />
    <TestEntry testId="ae09f98c-257a-b9e5-5b0b-16344b7adf1c" executionId="1ec9a0f0-8ba1-4056-9bae-67585b04d0fa" testListId="8c84fa94-04c1-424b-9868-57a2d4851a1d" />
    <TestEntry testId="a702dc43-b5af-c889-d32e-e69ee2d100af" executionId="4e01ca54-d3a6-4e5c-942c-dfafad1e67b6" testListId="8c84fa94-04c1-424b-9868-57a2d4851a1d" />
    <TestEntry testId="19a313ce-6632-bd6f-bb7e-c2dc7bcf20eb" executionId="ab541183-e909-43c5-a089-8e4870bad0fc" testListId="8c84fa94-04c1-424b-9868-57a2d4851a1d" />
    <TestEntry testId="b048c16a-68b4-cdf3-3166-fb9613323b68" executionId="1818ba13-18a8-4a1f-926b-95ce8afae955" testListId="8c84fa94-04c1-424b-9868-57a2d4851a1d" />
    <TestEntry testId="0b1e4893-9444-2235-b7fa-3782f9932212" executionId="8cde2a44-2988-4329-ae32-eb60efadf07d" testListId="8c84fa94-04c1-424b-9868-57a2d4851a1d" />
    <TestEntry testId="a1095294-226e-a0f0-0154-11290289c9db" executionId="cef89524-5021-4568-8d63-25fd99e4963f" testListId="8c84fa94-04c1-424b-9868-57a2d4851a1d" />
    <TestEntry testId="1c5de28c-f1b3-c94d-8e43-201eab8c2ff8" executionId="cc2aa51d-729e-4ddc-b760-eb863e9b95c2" testListId="8c84fa94-04c1-424b-9868-57a2d4851a1d" />
    <TestEntry testId="b79ee054-2363-6600-c9a3-db00cdcc0f2c" executionId="a1ade52e-2f03-4bb0-a2dc-361c512810f2" testListId="8c84fa94-04c1-424b-9868-57a2d4851a1d" />
    <TestEntry testId="297c060d-406b-f933-91fe-dfd3459b8ace" executionId="3004d050-f276-48ba-b428-493ddd87de92" testListId="8c84fa94-04c1-424b-9868-57a2d4851a1d" />
    <TestEntry testId="74c0befe-cdb2-1fdf-be71-2a39199bb5c9" executionId="b83c921f-3503-4daf-95d6-70c05faab233" testListId="8c84fa94-04c1-424b-9868-57a2d4851a1d" />
    <TestEntry testId="c14c626b-0f15-ac55-344d-8aa2c3f91cdf" executionId="ee2adea2-bb88-459d-93d8-31f8bfac6171" testListId="8c84fa94-04c1-424b-9868-57a2d4851a1d" />
    <TestEntry testId="40108f40-2761-0a89-d16d-ad113b5f3dd5" executionId="bb7e6ba7-bf5f-43cc-89b5-c85380609a07" testListId="8c84fa94-04c1-424b-9868-57a2d4851a1d" />
    <TestEntry testId="0b00f09d-f7e4-fb1e-68ad-8102cf6143e0" executionId="f2ff1b3b-9065-435d-a1c8-42176050f158" testListId="8c84fa94-04c1-424b-9868-57a2d4851a1d" />
    <TestEntry testId="eb3fbb45-8257-f4b8-0975-042f859a72bf" executionId="37f64cde-e2c2-461d-8a3e-8dae41963408" testListId="8c84fa94-04c1-424b-9868-57a2d4851a1d" />
    <TestEntry testId="fb770b4f-f87b-13ad-88ac-a338dbbb0d57" executionId="bb518d72-9b94-4c00-b938-4c5c239dfb0b" testListId="8c84fa94-04c1-424b-9868-57a2d4851a1d" />
    <TestEntry testId="e8138724-52f6-6999-ada4-cbc441f2cd15" executionId="36832ffa-9a59-487e-87a5-b128f2120da8" testListId="8c84fa94-04c1-424b-9868-57a2d4851a1d" />
    <TestEntry testId="161f5d07-7835-e575-5072-b9d787ef451c" executionId="42ed1380-0623-4e0e-b519-eb800306a27e" testListId="8c84fa94-04c1-424b-9868-57a2d4851a1d" />
    <TestEntry testId="65b9b71b-a8d5-2a7d-a8a7-0e3a015e6b68" executionId="a634d15f-7c51-415f-857c-12f98f9e17a7" testListId="8c84fa94-04c1-424b-9868-57a2d4851a1d" />
    <TestEntry testId="10024a68-25d4-872c-3e48-a6d6b2671494" executionId="cc0e682c-32f5-4ea2-b3a9-36b7549c33e6" testListId="8c84fa94-04c1-424b-9868-57a2d4851a1d" />
    <TestEntry testId="504465b7-a3fe-9023-93b9-ffece1903418" executionId="6ecf4f97-f360-4a4b-ac06-a3b585db14b9" testListId="8c84fa94-04c1-424b-9868-57a2d4851a1d" />
    <TestEntry testId="1340b308-d9eb-a26e-e042-04d6c1d9a958" executionId="0d71aced-da61-4e23-a609-b5e8f606eee6" testListId="8c84fa94-04c1-424b-9868-57a2d4851a1d" />
    <TestEntry testId="635e001f-2a50-f191-84e2-e81cd2000fdf" executionId="31b7cdd9-0adf-47f9-8a07-9ce6086f8dec" testListId="8c84fa94-04c1-424b-9868-57a2d4851a1d" />
    <TestEntry testId="8a5cc6e0-e73e-2131-64bd-e73fc6c2a32e" executionId="59aa9ae3-1be1-41e8-89b0-1a13a37c1568" testListId="8c84fa94-04c1-424b-9868-57a2d4851a1d" />
    <TestEntry testId="5fda35dc-4db7-2169-9391-a6295d2ec5fd" executionId="c27e43b3-4334-4abc-a01f-6c7cf1348e6b" testListId="8c84fa94-04c1-424b-9868-57a2d4851a1d" />
    <TestEntry testId="922c5a5d-5d46-b5de-bcbd-4fac0addd422" executionId="40d63d8a-dd2d-48e3-8291-5dedc3d34acc" testListId="8c84fa94-04c1-424b-9868-57a2d4851a1d" />
    <TestEntry testId="8dccdb77-e6a8-58c6-9bd0-108f87c5ff65" executionId="57988a35-c24d-4a4e-9fed-13de549a1171" testListId="8c84fa94-04c1-424b-9868-57a2d4851a1d" />
    <TestEntry testId="46cc46f0-c0e1-f3e6-2242-cdef90a4249a" executionId="3a370ab8-34b7-42ec-ac55-8e50b59eb8d1" testListId="8c84fa94-04c1-424b-9868-57a2d4851a1d" />
    <TestEntry testId="a6625fb0-1b80-148b-87dc-9cf616e5e84d" executionId="f00c711f-135b-4750-97c5-aa2d695ba8c4" testListId="8c84fa94-04c1-424b-9868-57a2d4851a1d" />
    <TestEntry testId="320700ce-aa3b-5818-fb18-706cf7605472" executionId="4f0dfbfe-b07f-4dea-9adb-18190b63ecc0" testListId="8c84fa94-04c1-424b-9868-57a2d4851a1d" />
    <TestEntry testId="7c679bcb-7a59-8751-0063-1ef6e07cb160" executionId="f9277e09-8a7e-4347-a7a1-3ed52be06145" testListId="8c84fa94-04c1-424b-9868-57a2d4851a1d" />
    <TestEntry testId="fcd9a6e3-ee1d-7212-668e-2b0865200d81" executionId="7daf9388-c8b6-400f-8d09-2d7fd082a789" testListId="8c84fa94-04c1-424b-9868-57a2d4851a1d" />
    <TestEntry testId="31126d50-f667-908c-85f3-09f9d9272df9" executionId="ff90f427-d083-41f7-86b9-eb58bae858f5" testListId="8c84fa94-04c1-424b-9868-57a2d4851a1d" />
    <TestEntry testId="c00cb1b0-a36c-2ae8-4230-b32afb3c83f9" executionId="50dc6518-14f0-4001-bad6-8831832fa2c1" testListId="8c84fa94-04c1-424b-9868-57a2d4851a1d" />
    <TestEntry testId="cf950ab2-9fe4-ec30-43b4-2f3a99b5167d" executionId="52f9c3e7-06d9-4313-9a85-a26602855ebf" testListId="8c84fa94-04c1-424b-9868-57a2d4851a1d" />
    <TestEntry testId="7be8a004-8e29-0f01-8ada-f15377193150" executionId="c6c8e5a5-b8b9-4667-96f1-215be6a9aab1" testListId="8c84fa94-04c1-424b-9868-57a2d4851a1d" />
    <TestEntry testId="fe683836-27ec-729e-5fe1-a9c2674a6d87" executionId="0290ca23-f3df-43d9-b607-d11cf121cecf" testListId="8c84fa94-04c1-424b-9868-57a2d4851a1d" />
    <TestEntry testId="1e15a82e-c1da-d4c9-090a-c7fc200f7f58" executionId="0cb428fd-22af-483c-892a-dd08292fc1a6" testListId="8c84fa94-04c1-424b-9868-57a2d4851a1d" />
    <TestEntry testId="801afd1a-5f3d-0d0c-471a-96452bf5bc35" executionId="b55969c1-9fe4-4648-9040-e84926c02d94" testListId="8c84fa94-04c1-424b-9868-57a2d4851a1d" />
    <TestEntry testId="e608205e-4953-e9a3-1956-895ed42ab083" executionId="89317e88-ab20-4bc6-8029-fbb2002c6475" testListId="8c84fa94-04c1-424b-9868-57a2d4851a1d" />
    <TestEntry testId="7f0aeefe-ba4a-5404-c6f8-82be67718cc4" executionId="1788db82-c6ff-4745-abad-2ccbfa512453" testListId="8c84fa94-04c1-424b-9868-57a2d4851a1d" />
    <TestEntry testId="21ae5425-e2d1-002f-334f-105a6a674a01" executionId="7ba22b41-da04-46f0-8401-0900121d512d" testListId="8c84fa94-04c1-424b-9868-57a2d4851a1d" />
    <TestEntry testId="f8b74494-d277-7173-e694-2a4d463a4607" executionId="6f7cf0c9-0040-4dff-a976-ecb825095f8d" testListId="8c84fa94-04c1-424b-9868-57a2d4851a1d" />
    <TestEntry testId="580ff04a-e5c0-9f2f-90c3-4f2aeafd15c5" executionId="599ebf31-33d3-4842-a8f9-630d7f5f749c" testListId="8c84fa94-04c1-424b-9868-57a2d4851a1d" />
    <TestEntry testId="65b9c427-b5ec-99b4-199a-0093cd460501" executionId="50e93d04-900b-4a02-a64e-bc55119062f8" testListId="8c84fa94-04c1-424b-9868-57a2d4851a1d" />
    <TestEntry testId="15fe55e5-cdce-6280-ea15-ef777735767c" executionId="132c697d-34f0-4bb7-b778-1ae4256c89c8" testListId="8c84fa94-04c1-424b-9868-57a2d4851a1d" />
    <TestEntry testId="86b92527-4d52-052b-63ae-d9a8aa694919" executionId="822ec2b9-4e2d-4b0a-a1b6-b086e1e46ef2" testListId="8c84fa94-04c1-424b-9868-57a2d4851a1d" />
    <TestEntry testId="98d4dd82-eb94-c060-7aeb-9b0a39f334fb" executionId="0257c9f1-a87e-4d18-a41e-0c0327d3c719" testListId="8c84fa94-04c1-424b-9868-57a2d4851a1d" />
    <TestEntry testId="ac572b27-5286-68a4-5380-d7de82fbf69a" executionId="ebcfcd99-6f0a-40a7-b28c-762a001ac34b" testListId="8c84fa94-04c1-424b-9868-57a2d4851a1d" />
    <TestEntry testId="a272f84c-2bd5-daa4-4afe-22346b802f86" executionId="969956fe-10f5-48b5-9644-dee26764eca2" testListId="8c84fa94-04c1-424b-9868-57a2d4851a1d" />
    <TestEntry testId="f828057e-351a-48b7-0028-e57f15c7217e" executionId="6f02f325-833a-48db-8ed2-4ce62f694748" testListId="8c84fa94-04c1-424b-9868-57a2d4851a1d" />
    <TestEntry testId="6088101f-62c5-69c8-6751-05523b132d06" executionId="b09d1b47-f08d-4a3f-a55e-9af653c5aaf3" testListId="8c84fa94-04c1-424b-9868-57a2d4851a1d" />
    <TestEntry testId="77fe17c3-3cf8-a189-4d95-b2e0d3ca9579" executionId="10e9c14d-96b7-43ae-ae22-73e0967e3ca0" testListId="8c84fa94-04c1-424b-9868-57a2d4851a1d" />
    <TestEntry testId="f0f37a42-1a3a-10a5-5f17-e01b9915abd3" executionId="e6972cd9-fbd1-4048-8b6f-f0eb3bd7b16d" testListId="8c84fa94-04c1-424b-9868-57a2d4851a1d" />
    <TestEntry testId="b399a6be-77e5-c0ba-9b75-93d2ac763084" executionId="d9e2d5d6-a979-495f-85d6-d2684f3cae80" testListId="8c84fa94-04c1-424b-9868-57a2d4851a1d" />
    <TestEntry testId="e2880a6e-7a01-b4ba-86fb-4d33be072972" executionId="e3819be4-652e-4263-a1c0-91e2fecc1c04" testListId="8c84fa94-04c1-424b-9868-57a2d4851a1d" />
    <TestEntry testId="c19b83a3-45fc-e848-cbcc-7f68b66eb4e3" executionId="da737e10-c714-45ac-9c51-c716e1510699" testListId="8c84fa94-04c1-424b-9868-57a2d4851a1d" />
    <TestEntry testId="31ff6168-d18d-0013-7c18-0ff775714202" executionId="848339a1-c7a4-415c-b085-76fe45f02398" testListId="8c84fa94-04c1-424b-9868-57a2d4851a1d" />
    <TestEntry testId="27cc1a96-8264-8762-05bc-aa63ccb155d7" executionId="e41295bf-50ba-46ce-8c90-8639a01619a8" testListId="8c84fa94-04c1-424b-9868-57a2d4851a1d" />
    <TestEntry testId="ab274dac-b194-4e0f-6fab-a20667b535a8" executionId="dc29f401-25cb-4677-8914-7ec0b46248b8" testListId="8c84fa94-04c1-424b-9868-57a2d4851a1d" />
    <TestEntry testId="26cc48e2-5e82-bc12-cf41-e3a984599b8d" executionId="21157858-7591-4860-ad5f-c91bbc32f44f" testListId="8c84fa94-04c1-424b-9868-57a2d4851a1d" />
    <TestEntry testId="481343f9-3ff3-548f-0c6c-41599cf65802" executionId="1db03b8b-754a-4ebf-b130-491f4d59fc2b" testListId="8c84fa94-04c1-424b-9868-57a2d4851a1d" />
    <TestEntry testId="bf8f6922-5666-8ec7-1500-aabd5997d6a4" executionId="4d892118-3c14-4de7-986c-a65d650da8f4" testListId="8c84fa94-04c1-424b-9868-57a2d4851a1d" />
    <TestEntry testId="4a3afd90-c6ab-e82e-40d8-b40450680318" executionId="4c18f91a-6260-4361-9773-bb69b7f3bd40" testListId="8c84fa94-04c1-424b-9868-57a2d4851a1d" />
    <TestEntry testId="4d9bde6c-668c-a1d3-dc60-edcfc6a4082c" executionId="bb9054e5-fdf3-495d-b86b-0f41ac7c48bb" testListId="8c84fa94-04c1-424b-9868-57a2d4851a1d" />
    <TestEntry testId="5e237822-3b9d-da27-9221-3ae1f5eb15b0" executionId="f16b8c38-c03b-4f81-b72c-bfdd2b2d9a98" testListId="8c84fa94-04c1-424b-9868-57a2d4851a1d" />
    <TestEntry testId="7a313c49-8adc-98e3-cdda-86b900f0ade6" executionId="0b75e465-60e6-41fe-bed8-0b0b69fccb58" testListId="8c84fa94-04c1-424b-9868-57a2d4851a1d" />
    <TestEntry testId="6fc389b2-a5f3-ded0-63b6-7e1b4cca8442" executionId="abf14119-771c-4390-9096-3bc726a53604" testListId="8c84fa94-04c1-424b-9868-57a2d4851a1d" />
    <TestEntry testId="19f76070-822e-31f8-2a9f-a96f774333a7" executionId="cc7899e3-fef7-44b6-99f0-63a7e891698c" testListId="8c84fa94-04c1-424b-9868-57a2d4851a1d" />
    <TestEntry testId="1f6423c7-4317-6f5b-c112-f4c9c7e822af" executionId="dea750d0-4bd7-463d-b18a-2b6cb504bad1" testListId="8c84fa94-04c1-424b-9868-57a2d4851a1d" />
    <TestEntry testId="34e0940c-fc9c-71db-fc18-7d52ee8761a0" executionId="c3f208f5-4d28-478b-b8b4-6ea35a169c3f" testListId="8c84fa94-04c1-424b-9868-57a2d4851a1d" />
    <TestEntry testId="db5f34ff-df7c-44e5-6721-c319db8d6da0" executionId="30127659-7016-4bca-928f-38278cfa48fe" testListId="8c84fa94-04c1-424b-9868-57a2d4851a1d" />
    <TestEntry testId="c87d842d-198f-fc52-0a70-418a5e5378ab" executionId="0ba0656b-ada5-4b19-a3d0-01f5700ad94f" testListId="8c84fa94-04c1-424b-9868-57a2d4851a1d" />
    <TestEntry testId="57d3cdd8-8268-9aa3-6f39-3cc0224b305c" executionId="4d60cebe-42f4-4764-a85c-7b2e9d3e9dee" testListId="8c84fa94-04c1-424b-9868-57a2d4851a1d" />
    <TestEntry testId="e9b23f0c-0cde-4603-1739-ee642fd33c36" executionId="157069e2-ea5f-46be-ac35-9a7476d4c016" testListId="8c84fa94-04c1-424b-9868-57a2d4851a1d" />
    <TestEntry testId="bc15aa99-72de-0e5a-b6e8-2d654659d591" executionId="74593d6e-ce6d-44ef-bf4e-7eb13ac47cbf" testListId="8c84fa94-04c1-424b-9868-57a2d4851a1d" />
    <TestEntry testId="c330741e-ad40-618c-36cc-508c135d2b95" executionId="7d7b90f0-a1e8-474e-8f5d-c535c7bf7378" testListId="8c84fa94-04c1-424b-9868-57a2d4851a1d" />
    <TestEntry testId="a03675ec-665e-f4d5-4630-89e50dac0bfb" executionId="d53508ee-f07f-4bca-8558-0730150093c4" testListId="8c84fa94-04c1-424b-9868-57a2d4851a1d" />
    <TestEntry testId="18040ed3-941e-dd1e-cb8c-4d34d103f370" executionId="b1c6cbec-6582-46a6-8fb4-3873c78a8f90" testListId="8c84fa94-04c1-424b-9868-57a2d4851a1d" />
    <TestEntry testId="bf48e581-43e6-7660-c4f4-1b7deb1f0ed9" executionId="52049885-fb3f-45af-91c2-198ce09e9208" testListId="8c84fa94-04c1-424b-9868-57a2d4851a1d" />
    <TestEntry testId="4ff63349-9eef-ad1f-85cf-a84cda1ff120" executionId="13aeefb9-361c-416f-8969-419757ee498e" testListId="8c84fa94-04c1-424b-9868-57a2d4851a1d" />
    <TestEntry testId="e53d2439-2080-43bd-e38b-a60253b60af1" executionId="25890c37-5535-4f4c-888d-2c09c8756323" testListId="8c84fa94-04c1-424b-9868-57a2d4851a1d" />
    <TestEntry testId="ba2fdcb8-dc8f-63a2-c706-a9f24fc7cf16" executionId="31ed3125-cce9-4dcb-bcb9-1b5ca98a1b17" testListId="8c84fa94-04c1-424b-9868-57a2d4851a1d" />
    <TestEntry testId="1dab5b85-21d2-af6f-92e5-af8126f0e2fb" executionId="8a6c0886-ca7c-4e7e-b8f2-1337fdb7d69f" testListId="8c84fa94-04c1-424b-9868-57a2d4851a1d" />
    <TestEntry testId="0cfd0c7c-1a61-7d19-c2fa-3c8a47ccf09c" executionId="30148c7a-37ed-488c-9b49-636e1e3ebe6b" testListId="8c84fa94-04c1-424b-9868-57a2d4851a1d" />
    <TestEntry testId="d7c20db6-f712-8539-ac01-01e8f4033fac" executionId="15588ee1-8115-45d0-a53c-514cc1794683" testListId="8c84fa94-04c1-424b-9868-57a2d4851a1d" />
    <TestEntry testId="e37f41d3-77a8-1acd-c258-fbb5b724b134" executionId="fad16a5d-2ef9-4255-843d-b264b26200b7" testListId="8c84fa94-04c1-424b-9868-57a2d4851a1d" />
    <TestEntry testId="d5506b30-7041-6d90-bd03-bcd5b2479c40" executionId="0d914f53-951b-4020-b75f-8b17cb1909d7" testListId="8c84fa94-04c1-424b-9868-57a2d4851a1d" />
    <TestEntry testId="3f0bf65d-a3af-41bf-ac79-126a0efc4fd4" executionId="847d91af-1f3c-41d8-8a60-5469ea2eb81e" testListId="8c84fa94-04c1-424b-9868-57a2d4851a1d" />
    <TestEntry testId="579b7361-19a9-f329-acb3-de102dcfc793" executionId="4ffa4808-abe6-42ba-9b53-5274d2386f48" testListId="8c84fa94-04c1-424b-9868-57a2d4851a1d" />
    <TestEntry testId="17a38df3-33e0-71ac-f8cb-dcdd3ade7269" executionId="064f521b-575c-49dc-bb9e-aec7c122bd65" testListId="8c84fa94-04c1-424b-9868-57a2d4851a1d" />
    <TestEntry testId="66f7bc12-fe2b-fd81-3cbf-5bc4840aa6f8" executionId="481e1894-fe0e-4620-9697-cead07aab7db" testListId="8c84fa94-04c1-424b-9868-57a2d4851a1d" />
    <TestEntry testId="0696fab6-6d9f-2b85-4a73-248fbd1cdda4" executionId="91e2f95a-59c4-4f1a-8728-a19d97768ba3" testListId="8c84fa94-04c1-424b-9868-57a2d4851a1d" />
    <TestEntry testId="f752d50b-77fa-327a-4493-168161bd27b2" executionId="dcce2c62-ae03-4c20-aad1-7ca25b08f8fa" testListId="8c84fa94-04c1-424b-9868-57a2d4851a1d" />
    <TestEntry testId="5385d994-9594-6052-11cb-73f8d2344981" executionId="47481a7e-46fb-46e4-a1bd-f6ac6b436e71" testListId="8c84fa94-04c1-424b-9868-57a2d4851a1d" />
    <TestEntry testId="430dec51-b9df-7e06-fff9-78e6d362c2d8" executionId="75dd6022-aae7-4ca7-b449-4a96a4067f4e" testListId="8c84fa94-04c1-424b-9868-57a2d4851a1d" />
    <TestEntry testId="96f263a8-e1d9-0070-21ba-583144d2d030" executionId="81316ea2-de7c-4af3-b6c9-7c71afcbea7b" testListId="8c84fa94-04c1-424b-9868-57a2d4851a1d" />
    <TestEntry testId="a0ed43cd-0648-ddf9-c80e-52c6889ee049" executionId="7fd05a11-4fc7-4588-96d2-5147ffc20aa3" testListId="8c84fa94-04c1-424b-9868-57a2d4851a1d" />
    <TestEntry testId="5517211d-203c-115f-7dc1-6f48da8ab75b" executionId="fee19979-4812-46d6-952e-28b16f7cf8e4" testListId="8c84fa94-04c1-424b-9868-57a2d4851a1d" />
    <TestEntry testId="056700a7-2506-75ed-a80a-ddf2ddb5d2a8" executionId="926ae2f8-4de5-4a24-a2b9-931cdf486f4d" testListId="8c84fa94-04c1-424b-9868-57a2d4851a1d" />
  </TestEntries>
  <TestLists>
    <TestList name="Resultados sin formato de lista" id="8c84fa94-04c1-424b-9868-57a2d4851a1d" />
    <TestList name="Todos los resultados cargados" id="19431567-8539-422a-85d7-44ee4e166bda" />
  </TestLists>
  <ResultSummary outcome="Completed">
    <Counters total="455" executed="455" passed="455" failed="0" error="0" timeout="0" aborted="0" inconclusive="0" passedButRunAborted="0" notRunnable="0" notExecuted="0" disconnected="0" warning="0" completed="0" inProgress="0" pending="0" />
  </ResultSummary>
</TestRun>