<?xml version="1.0" encoding="utf-8"?>
<TestRun id="4a2edeae-7bfd-4aca-9a91-19fb6a9f172b" name="sferrari@PC-SFERRARI 2021-05-07 09:31:08" runUser="PC-SFERRARI\sferrari" xmlns="http://microsoft.com/schemas/VisualStudio/TeamTest/2010">
  <Times creation="2021-05-07T09:31:08.2863658+01:00" queuing="2021-05-07T09:31:08.2863658+01:00" start="2021-05-07T09:31:07.2461567+01:00" finish="2021-05-07T09:31:08.4020587+01:00" />
  <TestSettings name="default" id="5c0d5d10-020b-41b0-a582-b43f6ce602be">
    <Deployment runDeploymentRoot="sferrari_PC-SFERRARI_2021-05-07_09_31_08" />
  </TestSettings>
  <Results>
    <UnitTestResult executionId="ce4c7b81-748e-4479-9c5c-4b6b4594d54f" testId="5ac755a3-81c6-56a5-464d-fd3393128598" testName="ResultBadRequest_WithErrors_KeyValue" computerName="PC-SFERRARI" duration="00:00:00.0055138" startTime="2021-05-07T09:31:08.1790192+01:00" endTime="2021-05-07T09:31:08.1848303+01:00" testType="13cdc9d9-ddb5-4fa4-a97d-d965ccfc6d4b" outcome="Passed" testListId="8c84fa94-04c1-424b-9868-57a2d4851a1d" relativeResultsDirectory="ce4c7b81-748e-4479-9c5c-4b6b4594d54f" />
    <UnitTestResult executionId="037cb0d0-2713-46a2-ba73-129abf63549b" testId="a0fef65e-bc06-762d-4622-91d020572059" testName="ResultInternalServerError" computerName="PC-SFERRARI" duration="00:00:00.0009837" startTime="2021-05-07T09:31:08.2749783+01:00" endTime="2021-05-07T09:31:08.2763284+01:00" testType="13cdc9d9-ddb5-4fa4-a97d-d965ccfc6d4b" outcome="Passed" testListId="8c84fa94-04c1-424b-9868-57a2d4851a1d" relativeResultsDirectory="037cb0d0-2713-46a2-ba73-129abf63549b" />
    <UnitTestResult executionId="cb802354-448b-4eb7-85c3-48542e68cbf2" testId="c30c24fa-9dc6-1db9-fc63-cb77f851732c" testName="ResultErrorData_WithTitle_WithStatusCode_WithDetails_WithExceptionType_WithMessages_WithErrors" computerName="PC-SFERRARI" duration="00:00:00.0294941" startTime="2021-05-07T09:31:08.1900312+01:00" endTime="2021-05-07T09:31:08.2196097+01:00" testType="13cdc9d9-ddb5-4fa4-a97d-d965ccfc6d4b" outcome="Passed" testListId="8c84fa94-04c1-424b-9868-57a2d4851a1d" relativeResultsDirectory="cb802354-448b-4eb7-85c3-48542e68cbf2" />
    <UnitTestResult executionId="4cb54706-3751-40bc-886c-5390610b38c4" testId="0a999e9b-220b-0f64-a533-84896c20ce13" testName="ResultOkData" computerName="PC-SFERRARI" duration="00:00:00.0004097" startTime="2021-05-07T09:31:08.2772242+01:00" endTime="2021-05-07T09:31:08.2777393+01:00" testType="13cdc9d9-ddb5-4fa4-a97d-d965ccfc6d4b" outcome="Passed" testListId="8c84fa94-04c1-424b-9868-57a2d4851a1d" relativeResultsDirectory="4cb54706-3751-40bc-886c-5390610b38c4" />
    <UnitTestResult executionId="b02e5ecb-ad72-4f6b-859a-0a92a97a9a7a" testId="3c82816f-4e62-7440-d30d-abbd53b1dcea" testName="ResultOK" computerName="PC-SFERRARI" duration="00:00:00.0006443" startTime="2021-05-07T09:31:08.2763794+01:00" endTime="2021-05-07T09:31:08.2771946+01:00" testType="13cdc9d9-ddb5-4fa4-a97d-d965ccfc6d4b" outcome="Passed" testListId="8c84fa94-04c1-424b-9868-57a2d4851a1d" relativeResultsDirectory="b02e5ecb-ad72-4f6b-859a-0a92a97a9a7a" />
    <UnitTestResult executionId="09c0df41-3dff-47f3-912d-421423c8568d" testId="fbb73316-6f70-059a-1197-08f09a1221d6" testName="ResultDataUnauthorized" computerName="PC-SFERRARI" duration="00:00:00.0004318" startTime="2021-05-07T09:31:08.1894953+01:00" endTime="2021-05-07T09:31:08.1900132+01:00" testType="13cdc9d9-ddb5-4fa4-a97d-d965ccfc6d4b" outcome="Passed" testListId="8c84fa94-04c1-424b-9868-57a2d4851a1d" relativeResultsDirectory="09c0df41-3dff-47f3-912d-421423c8568d" />
    <UnitTestResult executionId="903fbfea-d110-450f-8563-3ce38d432324" testId="8f970201-c66a-ecfa-fa45-503451c8c439" testName="ResultDataBadRequest_WithErrors_Value" computerName="PC-SFERRARI" duration="00:00:00.0005163" startTime="2021-05-07T09:31:08.1883635+01:00" endTime="2021-05-07T09:31:08.1889542+01:00" testType="13cdc9d9-ddb5-4fa4-a97d-d965ccfc6d4b" outcome="Passed" testListId="8c84fa94-04c1-424b-9868-57a2d4851a1d" relativeResultsDirectory="903fbfea-d110-450f-8563-3ce38d432324" />
    <UnitTestResult executionId="b2e59e73-8e49-4a3e-a4f3-b34d8a8a54fe" testId="b79ee054-2363-6600-c9a3-db00cdcc0f2c" testName="ResultUnauthorized" computerName="PC-SFERRARI" duration="00:00:00.0003248" startTime="2021-05-07T09:31:08.3002560+01:00" endTime="2021-05-07T09:31:08.3006657+01:00" testType="13cdc9d9-ddb5-4fa4-a97d-d965ccfc6d4b" outcome="Passed" testListId="8c84fa94-04c1-424b-9868-57a2d4851a1d" relativeResultsDirectory="b2e59e73-8e49-4a3e-a4f3-b34d8a8a54fe" />
    <UnitTestResult executionId="3b93a7d2-eb9e-4529-a0a1-f5eac11537ba" testId="08f63e9f-68bb-2ff4-88d9-c74b03747527" testName="ResultOkData_WithData" computerName="PC-SFERRARI" duration="00:00:00.0140696" startTime="2021-05-07T09:31:08.2777730+01:00" endTime="2021-05-07T09:31:08.2919641+01:00" testType="13cdc9d9-ddb5-4fa4-a97d-d965ccfc6d4b" outcome="Passed" testListId="8c84fa94-04c1-424b-9868-57a2d4851a1d" relativeResultsDirectory="3b93a7d2-eb9e-4529-a0a1-f5eac11537ba" />
    <UnitTestResult executionId="9a6da638-85b9-420a-bdb2-70f1680197f9" testId="071a93ca-ce4d-3349-fe5a-5052bf3ce103" testName="ResultError_WithTitle_WithStatusCode_WithDetails_WithExceptionType_WithMessages_WithErrors" computerName="PC-SFERRARI" duration="00:00:00.0053494" startTime="2021-05-07T09:31:08.2693542+01:00" endTime="2021-05-07T09:31:08.2749292+01:00" testType="13cdc9d9-ddb5-4fa4-a97d-d965ccfc6d4b" outcome="Passed" testListId="8c84fa94-04c1-424b-9868-57a2d4851a1d" relativeResultsDirectory="9a6da638-85b9-420a-bdb2-70f1680197f9" />
    <UnitTestResult executionId="fc129cd1-b45a-423f-95d5-36b4c303e749" testId="e329bdc2-7660-b4b2-0687-a194b6e35f1d" testName="ResultDataBadRequest_WithErrors_Dictionary" computerName="PC-SFERRARI" duration="00:00:00.0008333" startTime="2021-05-07T09:31:08.1864894+01:00" endTime="2021-05-07T09:31:08.1874166+01:00" testType="13cdc9d9-ddb5-4fa4-a97d-d965ccfc6d4b" outcome="Passed" testListId="8c84fa94-04c1-424b-9868-57a2d4851a1d" relativeResultsDirectory="fc129cd1-b45a-423f-95d5-36b4c303e749" />
    <UnitTestResult executionId="ce3da045-0c9b-4632-bfb1-603746166302" testId="c00cb1b0-a36c-2ae8-4230-b32afb3c83f9" testName="ResultOk_WithMessage_WithDetails" computerName="PC-SFERRARI" duration="00:00:00.0003410" startTime="2021-05-07T09:31:08.2997833+01:00" endTime="2021-05-07T09:31:08.3002373+01:00" testType="13cdc9d9-ddb5-4fa4-a97d-d965ccfc6d4b" outcome="Passed" testListId="8c84fa94-04c1-424b-9868-57a2d4851a1d" relativeResultsDirectory="ce3da045-0c9b-4632-bfb1-603746166302" />
    <UnitTestResult executionId="6c7019ea-0c30-4e05-9447-f16eb49ace2c" testId="c0846755-8a53-0ac4-76e5-2d7d37bcd54a" testName="ResultBadRequest_WithErrors_Value" computerName="PC-SFERRARI" duration="00:00:00.0014573" startTime="2021-05-07T09:31:08.1848813+01:00" endTime="2021-05-07T09:31:08.1864522+01:00" testType="13cdc9d9-ddb5-4fa4-a97d-d965ccfc6d4b" outcome="Passed" testListId="8c84fa94-04c1-424b-9868-57a2d4851a1d" relativeResultsDirectory="6c7019ea-0c30-4e05-9447-f16eb49ace2c" />
    <UnitTestResult executionId="06086ddb-fff5-4863-8a16-80c33d9be270" testId="859b5acf-9d8b-7620-f96f-ba83c1545a71" testName="ResultOkData_WithData_WithMessage_WithDetails" computerName="PC-SFERRARI" duration="00:00:00.0075499" startTime="2021-05-07T09:31:08.2920186+01:00" endTime="2021-05-07T09:31:08.2997513+01:00" testType="13cdc9d9-ddb5-4fa4-a97d-d965ccfc6d4b" outcome="Passed" testListId="8c84fa94-04c1-424b-9868-57a2d4851a1d" relativeResultsDirectory="06086ddb-fff5-4863-8a16-80c33d9be270" />
    <UnitTestResult executionId="9a3eecec-e918-42d4-9198-a7b8d74add67" testId="b399a6be-77e5-c0ba-9b75-93d2ac763084" testName="ResultDataBadRequest_WithErrors_KeyValue" computerName="PC-SFERRARI" duration="00:00:00.0008248" startTime="2021-05-07T09:31:08.1874430+01:00" endTime="2021-05-07T09:31:08.1883440+01:00" testType="13cdc9d9-ddb5-4fa4-a97d-d965ccfc6d4b" outcome="Passed" testListId="8c84fa94-04c1-424b-9868-57a2d4851a1d" relativeResultsDirectory="9a3eecec-e918-42d4-9198-a7b8d74add67" />
    <UnitTestResult executionId="7e30e2e4-71ec-4562-a57d-7f46af749af2" testId="d0b36a04-4127-30ad-3e5f-debee628dde9" testName="ResultDataInternalServerError" computerName="PC-SFERRARI" duration="00:00:00.0004246" startTime="2021-05-07T09:31:08.1889791+01:00" endTime="2021-05-07T09:31:08.1894769+01:00" testType="13cdc9d9-ddb5-4fa4-a97d-d965ccfc6d4b" outcome="Passed" testListId="8c84fa94-04c1-424b-9868-57a2d4851a1d" relativeResultsDirectory="7e30e2e4-71ec-4562-a57d-7f46af749af2" />
    <UnitTestResult executionId="97ddc028-c5a4-4300-86c8-580a6e93f82d" testId="06b145c3-38af-bef9-3a11-59191b7a7e3e" testName="ResultBadRequest_WithErrors_Dictionary" computerName="PC-SFERRARI" duration="00:00:00.0265330" startTime="2021-05-07T09:31:08.0624872+01:00" endTime="2021-05-07T09:31:08.1611442+01:00" testType="13cdc9d9-ddb5-4fa4-a97d-d965ccfc6d4b" outcome="Passed" testListId="8c84fa94-04c1-424b-9868-57a2d4851a1d" relativeResultsDirectory="97ddc028-c5a4-4300-86c8-580a6e93f82d" />
  </Results>
  <TestDefinitions>
    <UnitTest name="ResultUnauthorized" storage="d:\sferrari\01 - trabajo\repos\netcore\libs\template-netcore-shared\kitpymes.core.shared.tests\bin\debug\netcoreapp3.0\kitpymes.core.shared.tests.dll" id="b79ee054-2363-6600-c9a3-db00cdcc0f2c">
      <Execution id="b2e59e73-8e49-4a3e-a4f3-b34d8a8a54fe" />
      <TestMethod codeBase="D:\SFERRARI\01 - TRABAJO\repos\netcore\libs\template-netcore-shared\Kitpymes.Core.Shared.Tests\bin\Debug\netcoreapp3.0\Kitpymes.Core.Shared.Tests.dll" adapterTypeName="executor://mstestadapter/v2" className="Kitpymes.Core.Shared.Tests.ResultTest" name="ResultUnauthorized" />
    </UnitTest>
    <UnitTest name="ResultOK" storage="d:\sferrari\01 - trabajo\repos\netcore\libs\template-netcore-shared\kitpymes.core.shared.tests\bin\debug\netcoreapp3.0\kitpymes.core.shared.tests.dll" id="3c82816f-4e62-7440-d30d-abbd53b1dcea">
      <Execution id="b02e5ecb-ad72-4f6b-859a-0a92a97a9a7a" />
      <TestMethod codeBase="D:\SFERRARI\01 - TRABAJO\repos\netcore\libs\template-netcore-shared\Kitpymes.Core.Shared.Tests\bin\Debug\netcoreapp3.0\Kitpymes.Core.Shared.Tests.dll" adapterTypeName="executor://mstestadapter/v2" className="Kitpymes.Core.Shared.Tests.ResultTest" name="ResultOK" />
    </UnitTest>
    <UnitTest name="ResultBadRequest_WithErrors_Dictionary" storage="d:\sferrari\01 - trabajo\repos\netcore\libs\template-netcore-shared\kitpymes.core.shared.tests\bin\debug\netcoreapp3.0\kitpymes.core.shared.tests.dll" id="06b145c3-38af-bef9-3a11-59191b7a7e3e">
      <Execution id="97ddc028-c5a4-4300-86c8-580a6e93f82d" />
      <TestMethod codeBase="D:\SFERRARI\01 - TRABAJO\repos\netcore\libs\template-netcore-shared\Kitpymes.Core.Shared.Tests\bin\Debug\netcoreapp3.0\Kitpymes.Core.Shared.Tests.dll" adapterTypeName="executor://mstestadapter/v2" className="Kitpymes.Core.Shared.Tests.ResultTest" name="ResultBadRequest_WithErrors_Dictionary" />
    </UnitTest>
    <UnitTest name="ResultDataUnauthorized" storage="d:\sferrari\01 - trabajo\repos\netcore\libs\template-netcore-shared\kitpymes.core.shared.tests\bin\debug\netcoreapp3.0\kitpymes.core.shared.tests.dll" id="fbb73316-6f70-059a-1197-08f09a1221d6">
      <Execution id="09c0df41-3dff-47f3-912d-421423c8568d" />
      <TestMethod codeBase="D:\SFERRARI\01 - TRABAJO\repos\netcore\libs\template-netcore-shared\Kitpymes.Core.Shared.Tests\bin\Debug\netcoreapp3.0\Kitpymes.Core.Shared.Tests.dll" adapterTypeName="executor://mstestadapter/v2" className="Kitpymes.Core.Shared.Tests.ResultTest" name="ResultDataUnauthorized" />
    </UnitTest>
    <UnitTest name="ResultDataBadRequest_WithErrors_Value" storage="d:\sferrari\01 - trabajo\repos\netcore\libs\template-netcore-shared\kitpymes.core.shared.tests\bin\debug\netcoreapp3.0\kitpymes.core.shared.tests.dll" id="8f970201-c66a-ecfa-fa45-503451c8c439">
      <Execution id="903fbfea-d110-450f-8563-3ce38d432324" />
      <TestMethod codeBase="D:\SFERRARI\01 - TRABAJO\repos\netcore\libs\template-netcore-shared\Kitpymes.Core.Shared.Tests\bin\Debug\netcoreapp3.0\Kitpymes.Core.Shared.Tests.dll" adapterTypeName="executor://mstestadapter/v2" className="Kitpymes.Core.Shared.Tests.ResultTest" name="ResultDataBadRequest_WithErrors_Value" />
    </UnitTest>
    <UnitTest name="ResultDataBadRequest_WithErrors_KeyValue" storage="d:\sferrari\01 - trabajo\repos\netcore\libs\template-netcore-shared\kitpymes.core.shared.tests\bin\debug\netcoreapp3.0\kitpymes.core.shared.tests.dll" id="b399a6be-77e5-c0ba-9b75-93d2ac763084">
      <Execution id="9a3eecec-e918-42d4-9198-a7b8d74add67" />
      <TestMethod codeBase="D:\SFERRARI\01 - TRABAJO\repos\netcore\libs\template-netcore-shared\Kitpymes.Core.Shared.Tests\bin\Debug\netcoreapp3.0\Kitpymes.Core.Shared.Tests.dll" adapterTypeName="executor://mstestadapter/v2" className="Kitpymes.Core.Shared.Tests.ResultTest" name="ResultDataBadRequest_WithErrors_KeyValue" />
    </UnitTest>
    <UnitTest name="ResultBadRequest_WithErrors_Value" storage="d:\sferrari\01 - trabajo\repos\netcore\libs\template-netcore-shared\kitpymes.core.shared.tests\bin\debug\netcoreapp3.0\kitpymes.core.shared.tests.dll" id="c0846755-8a53-0ac4-76e5-2d7d37bcd54a">
      <Execution id="6c7019ea-0c30-4e05-9447-f16eb49ace2c" />
      <TestMethod codeBase="D:\SFERRARI\01 - TRABAJO\repos\netcore\libs\template-netcore-shared\Kitpymes.Core.Shared.Tests\bin\Debug\netcoreapp3.0\Kitpymes.Core.Shared.Tests.dll" adapterTypeName="executor://mstestadapter/v2" className="Kitpymes.Core.Shared.Tests.ResultTest" name="ResultBadRequest_WithErrors_Value" />
    </UnitTest>
    <UnitTest name="ResultDataInternalServerError" storage="d:\sferrari\01 - trabajo\repos\netcore\libs\template-netcore-shared\kitpymes.core.shared.tests\bin\debug\netcoreapp3.0\kitpymes.core.shared.tests.dll" id="d0b36a04-4127-30ad-3e5f-debee628dde9">
      <Execution id="7e30e2e4-71ec-4562-a57d-7f46af749af2" />
      <TestMethod codeBase="D:\SFERRARI\01 - TRABAJO\repos\netcore\libs\template-netcore-shared\Kitpymes.Core.Shared.Tests\bin\Debug\netcoreapp3.0\Kitpymes.Core.Shared.Tests.dll" adapterTypeName="executor://mstestadapter/v2" className="Kitpymes.Core.Shared.Tests.ResultTest" name="ResultDataInternalServerError" />
    </UnitTest>
    <UnitTest name="ResultInternalServerError" storage="d:\sferrari\01 - trabajo\repos\netcore\libs\template-netcore-shared\kitpymes.core.shared.tests\bin\debug\netcoreapp3.0\kitpymes.core.shared.tests.dll" id="a0fef65e-bc06-762d-4622-91d020572059">
      <Execution id="037cb0d0-2713-46a2-ba73-129abf63549b" />
      <TestMethod codeBase="D:\SFERRARI\01 - TRABAJO\repos\netcore\libs\template-netcore-shared\Kitpymes.Core.Shared.Tests\bin\Debug\netcoreapp3.0\Kitpymes.Core.Shared.Tests.dll" adapterTypeName="executor://mstestadapter/v2" className="Kitpymes.Core.Shared.Tests.ResultTest" name="ResultInternalServerError" />
    </UnitTest>
    <UnitTest name="ResultError_WithTitle_WithStatusCode_WithDetails_WithExceptionType_WithMessages_WithErrors" storage="d:\sferrari\01 - trabajo\repos\netcore\libs\template-netcore-shared\kitpymes.core.shared.tests\bin\debug\netcoreapp3.0\kitpymes.core.shared.tests.dll" id="071a93ca-ce4d-3349-fe5a-5052bf3ce103">
      <Execution id="9a6da638-85b9-420a-bdb2-70f1680197f9" />
      <TestMethod codeBase="D:\SFERRARI\01 - TRABAJO\repos\netcore\libs\template-netcore-shared\Kitpymes.Core.Shared.Tests\bin\Debug\netcoreapp3.0\Kitpymes.Core.Shared.Tests.dll" adapterTypeName="executor://mstestadapter/v2" className="Kitpymes.Core.Shared.Tests.ResultTest" name="ResultError_WithTitle_WithStatusCode_WithDetails_WithExceptionType_WithMessages_WithErrors" />
    </UnitTest>
    <UnitTest name="ResultOkData" storage="d:\sferrari\01 - trabajo\repos\netcore\libs\template-netcore-shared\kitpymes.core.shared.tests\bin\debug\netcoreapp3.0\kitpymes.core.shared.tests.dll" id="0a999e9b-220b-0f64-a533-84896c20ce13">
      <Execution id="4cb54706-3751-40bc-886c-5390610b38c4" />
      <TestMethod codeBase="D:\SFERRARI\01 - TRABAJO\repos\netcore\libs\template-netcore-shared\Kitpymes.Core.Shared.Tests\bin\Debug\netcoreapp3.0\Kitpymes.Core.Shared.Tests.dll" adapterTypeName="executor://mstestadapter/v2" className="Kitpymes.Core.Shared.Tests.ResultTest" name="ResultOkData" />
    </UnitTest>
    <UnitTest name="ResultOk_WithMessage_WithDetails" storage="d:\sferrari\01 - trabajo\repos\netcore\libs\template-netcore-shared\kitpymes.core.shared.tests\bin\debug\netcoreapp3.0\kitpymes.core.shared.tests.dll" id="c00cb1b0-a36c-2ae8-4230-b32afb3c83f9">
      <Execution id="ce3da045-0c9b-4632-bfb1-603746166302" />
      <TestMethod codeBase="D:\SFERRARI\01 - TRABAJO\repos\netcore\libs\template-netcore-shared\Kitpymes.Core.Shared.Tests\bin\Debug\netcoreapp3.0\Kitpymes.Core.Shared.Tests.dll" adapterTypeName="executor://mstestadapter/v2" className="Kitpymes.Core.Shared.Tests.ResultTest" name="ResultOk_WithMessage_WithDetails" />
    </UnitTest>
    <UnitTest name="ResultOkData_WithData" storage="d:\sferrari\01 - trabajo\repos\netcore\libs\template-netcore-shared\kitpymes.core.shared.tests\bin\debug\netcoreapp3.0\kitpymes.core.shared.tests.dll" id="08f63e9f-68bb-2ff4-88d9-c74b03747527">
      <Execution id="3b93a7d2-eb9e-4529-a0a1-f5eac11537ba" />
      <TestMethod codeBase="D:\SFERRARI\01 - TRABAJO\repos\netcore\libs\template-netcore-shared\Kitpymes.Core.Shared.Tests\bin\Debug\netcoreapp3.0\Kitpymes.Core.Shared.Tests.dll" adapterTypeName="executor://mstestadapter/v2" className="Kitpymes.Core.Shared.Tests.ResultTest" name="ResultOkData_WithData" />
    </UnitTest>
    <UnitTest name="ResultDataBadRequest_WithErrors_Dictionary" storage="d:\sferrari\01 - trabajo\repos\netcore\libs\template-netcore-shared\kitpymes.core.shared.tests\bin\debug\netcoreapp3.0\kitpymes.core.shared.tests.dll" id="e329bdc2-7660-b4b2-0687-a194b6e35f1d">
      <Execution id="fc129cd1-b45a-423f-95d5-36b4c303e749" />
      <TestMethod codeBase="D:\SFERRARI\01 - TRABAJO\repos\netcore\libs\template-netcore-shared\Kitpymes.Core.Shared.Tests\bin\Debug\netcoreapp3.0\Kitpymes.Core.Shared.Tests.dll" adapterTypeName="executor://mstestadapter/v2" className="Kitpymes.Core.Shared.Tests.ResultTest" name="ResultDataBadRequest_WithErrors_Dictionary" />
    </UnitTest>
    <UnitTest name="ResultBadRequest_WithErrors_KeyValue" storage="d:\sferrari\01 - trabajo\repos\netcore\libs\template-netcore-shared\kitpymes.core.shared.tests\bin\debug\netcoreapp3.0\kitpymes.core.shared.tests.dll" id="5ac755a3-81c6-56a5-464d-fd3393128598">
      <Execution id="ce4c7b81-748e-4479-9c5c-4b6b4594d54f" />
      <TestMethod codeBase="D:\SFERRARI\01 - TRABAJO\repos\netcore\libs\template-netcore-shared\Kitpymes.Core.Shared.Tests\bin\Debug\netcoreapp3.0\Kitpymes.Core.Shared.Tests.dll" adapterTypeName="executor://mstestadapter/v2" className="Kitpymes.Core.Shared.Tests.ResultTest" name="ResultBadRequest_WithErrors_KeyValue" />
    </UnitTest>
    <UnitTest name="ResultOkData_WithData_WithMessage_WithDetails" storage="d:\sferrari\01 - trabajo\repos\netcore\libs\template-netcore-shared\kitpymes.core.shared.tests\bin\debug\netcoreapp3.0\kitpymes.core.shared.tests.dll" id="859b5acf-9d8b-7620-f96f-ba83c1545a71">
      <Execution id="06086ddb-fff5-4863-8a16-80c33d9be270" />
      <TestMethod codeBase="D:\SFERRARI\01 - TRABAJO\repos\netcore\libs\template-netcore-shared\Kitpymes.Core.Shared.Tests\bin\Debug\netcoreapp3.0\Kitpymes.Core.Shared.Tests.dll" adapterTypeName="executor://mstestadapter/v2" className="Kitpymes.Core.Shared.Tests.ResultTest" name="ResultOkData_WithData_WithMessage_WithDetails" />
    </UnitTest>
    <UnitTest name="ResultErrorData_WithTitle_WithStatusCode_WithDetails_WithExceptionType_WithMessages_WithErrors" storage="d:\sferrari\01 - trabajo\repos\netcore\libs\template-netcore-shared\kitpymes.core.shared.tests\bin\debug\netcoreapp3.0\kitpymes.core.shared.tests.dll" id="c30c24fa-9dc6-1db9-fc63-cb77f851732c">
      <Execution id="cb802354-448b-4eb7-85c3-48542e68cbf2" />
      <TestMethod codeBase="D:\SFERRARI\01 - TRABAJO\repos\netcore\libs\template-netcore-shared\Kitpymes.Core.Shared.Tests\bin\Debug\netcoreapp3.0\Kitpymes.Core.Shared.Tests.dll" adapterTypeName="executor://mstestadapter/v2" className="Kitpymes.Core.Shared.Tests.ResultTest" name="ResultErrorData_WithTitle_WithStatusCode_WithDetails_WithExceptionType_WithMessages_WithErrors" />
    </UnitTest>
  </TestDefinitions>
  <TestEntries>
    <TestEntry testId="5ac755a3-81c6-56a5-464d-fd3393128598" executionId="ce4c7b81-748e-4479-9c5c-4b6b4594d54f" testListId="8c84fa94-04c1-424b-9868-57a2d4851a1d" />
    <TestEntry testId="a0fef65e-bc06-762d-4622-91d020572059" executionId="037cb0d0-2713-46a2-ba73-129abf63549b" testListId="8c84fa94-04c1-424b-9868-57a2d4851a1d" />
    <TestEntry testId="c30c24fa-9dc6-1db9-fc63-cb77f851732c" executionId="cb802354-448b-4eb7-85c3-48542e68cbf2" testListId="8c84fa94-04c1-424b-9868-57a2d4851a1d" />
    <TestEntry testId="0a999e9b-220b-0f64-a533-84896c20ce13" executionId="4cb54706-3751-40bc-886c-5390610b38c4" testListId="8c84fa94-04c1-424b-9868-57a2d4851a1d" />
    <TestEntry testId="3c82816f-4e62-7440-d30d-abbd53b1dcea" executionId="b02e5ecb-ad72-4f6b-859a-0a92a97a9a7a" testListId="8c84fa94-04c1-424b-9868-57a2d4851a1d" />
    <TestEntry testId="fbb73316-6f70-059a-1197-08f09a1221d6" executionId="09c0df41-3dff-47f3-912d-421423c8568d" testListId="8c84fa94-04c1-424b-9868-57a2d4851a1d" />
    <TestEntry testId="8f970201-c66a-ecfa-fa45-503451c8c439" executionId="903fbfea-d110-450f-8563-3ce38d432324" testListId="8c84fa94-04c1-424b-9868-57a2d4851a1d" />
    <TestEntry testId="b79ee054-2363-6600-c9a3-db00cdcc0f2c" executionId="b2e59e73-8e49-4a3e-a4f3-b34d8a8a54fe" testListId="8c84fa94-04c1-424b-9868-57a2d4851a1d" />
    <TestEntry testId="08f63e9f-68bb-2ff4-88d9-c74b03747527" executionId="3b93a7d2-eb9e-4529-a0a1-f5eac11537ba" testListId="8c84fa94-04c1-424b-9868-57a2d4851a1d" />
    <TestEntry testId="071a93ca-ce4d-3349-fe5a-5052bf3ce103" executionId="9a6da638-85b9-420a-bdb2-70f1680197f9" testListId="8c84fa94-04c1-424b-9868-57a2d4851a1d" />
    <TestEntry testId="e329bdc2-7660-b4b2-0687-a194b6e35f1d" executionId="fc129cd1-b45a-423f-95d5-36b4c303e749" testListId="8c84fa94-04c1-424b-9868-57a2d4851a1d" />
    <TestEntry testId="c00cb1b0-a36c-2ae8-4230-b32afb3c83f9" executionId="ce3da045-0c9b-4632-bfb1-603746166302" testListId="8c84fa94-04c1-424b-9868-57a2d4851a1d" />
    <TestEntry testId="c0846755-8a53-0ac4-76e5-2d7d37bcd54a" executionId="6c7019ea-0c30-4e05-9447-f16eb49ace2c" testListId="8c84fa94-04c1-424b-9868-57a2d4851a1d" />
    <TestEntry testId="859b5acf-9d8b-7620-f96f-ba83c1545a71" executionId="06086ddb-fff5-4863-8a16-80c33d9be270" testListId="8c84fa94-04c1-424b-9868-57a2d4851a1d" />
    <TestEntry testId="b399a6be-77e5-c0ba-9b75-93d2ac763084" executionId="9a3eecec-e918-42d4-9198-a7b8d74add67" testListId="8c84fa94-04c1-424b-9868-57a2d4851a1d" />
    <TestEntry testId="d0b36a04-4127-30ad-3e5f-debee628dde9" executionId="7e30e2e4-71ec-4562-a57d-7f46af749af2" testListId="8c84fa94-04c1-424b-9868-57a2d4851a1d" />
    <TestEntry testId="06b145c3-38af-bef9-3a11-59191b7a7e3e" executionId="97ddc028-c5a4-4300-86c8-580a6e93f82d" testListId="8c84fa94-04c1-424b-9868-57a2d4851a1d" />
  </TestEntries>
  <TestLists>
    <TestList name="Resultados sin formato de lista" id="8c84fa94-04c1-424b-9868-57a2d4851a1d" />
    <TestList name="Todos los resultados cargados" id="19431567-8539-422a-85d7-44ee4e166bda" />
  </TestLists>
  <ResultSummary outcome="Completed">
    <Counters total="17" executed="17" passed="17" failed="0" error="0" timeout="0" aborted="0" inconclusive="0" passedButRunAborted="0" notRunnable="0" notExecuted="0" disconnected="0" warning="0" completed="0" inProgress="0" pending="0" />
  </ResultSummary>
</TestRun>