<?xml version="1.0" encoding="utf-8"?>
<TestRun id="478b87ce-68ca-49c6-9915-4273b1e9eaf4" name="sferrari@PC-SFERRARI 2020-08-13 17:10:21" runUser="PC-SFERRARI\sferrari" xmlns="http://microsoft.com/schemas/VisualStudio/TeamTest/2010">
  <Times creation="2020-08-13T17:10:21.0208793+01:00" queuing="2020-08-13T17:10:21.0208793+01:00" start="2020-08-13T17:10:18.3011505+01:00" finish="2020-08-13T17:10:23.2678733+01:00" />
  <TestSettings name="default" id="e52df529-5472-4cb6-8f77-924f8959a295">
    <Deployment runDeploymentRoot="sferrari_PC-SFERRARI_2020-08-13_17_10_21" />
  </TestSettings>
  <Results>
    <UnitTestResult executionId="8fd58f18-9792-4abf-993a-40b235828aaf" testId="3721d3c1-7c03-ad84-143f-64bfeb5b314e" testName="ToAssembly_Passing_ValidValueAssemblyString_Returns_Assembly" computerName="PC-SFERRARI" duration="00:00:00.0003260" startTime="2020-08-13T17:10:22.5213281+01:00" endTime="2020-08-13T17:10:22.5219964+01:00" testType="13cdc9d9-ddb5-4fa4-a97d-d965ccfc6d4b" outcome="Passed" testListId="8c84fa94-04c1-424b-9868-57a2d4851a1d" relativeResultsDirectory="8fd58f18-9792-4abf-993a-40b235828aaf" />
    <UnitTestResult executionId="8c13fd51-9464-47b2-b3ea-948eb681ad0d" testId="f752d50b-77fa-327a-4493-168161bd27b2" testName="ToDefaultValue_Passing_double_Returns_Cero" computerName="PC-SFERRARI" duration="00:00:00.0003833" startTime="2020-08-13T17:10:22.0077243+01:00" endTime="2020-08-13T17:10:22.0081722+01:00" testType="13cdc9d9-ddb5-4fa4-a97d-d965ccfc6d4b" outcome="Passed" testListId="8c84fa94-04c1-424b-9868-57a2d4851a1d" relativeResultsDirectory="8c13fd51-9464-47b2-b3ea-948eb681ad0d" resultType="DataDrivenTest">
      <InnerResults>
        <UnitTestResult executionId="e8b7c2b4-7d97-4b7b-823b-18a0a630802b" parentExecutionId="8c13fd51-9464-47b2-b3ea-948eb681ad0d" testId="f752d50b-77fa-327a-4493-168161bd27b2" testName="ToDefaultValue_Passing_double_Returns_Cero (1,7976931348623157E+308)" computerName="PC-SFERRARI" duration="00:00:00.0002098" startTime="2020-08-13T17:10:22.0077243+01:00" endTime="2020-08-13T17:10:22.0081722+01:00" testType="13cdc9d9-ddb5-4fa4-a97d-d965ccfc6d4b" outcome="Passed" testListId="8c84fa94-04c1-424b-9868-57a2d4851a1d" relativeResultsDirectory="e8b7c2b4-7d97-4b7b-823b-18a0a630802b" dataRowInfo="1" resultType="DataDrivenDataRow" />
      </InnerResults>
    </UnitTestResult>
    <UnitTestResult executionId="48b43aa9-0638-4418-9955-3c1fd57ce1a3" testId="53cbdd8e-a1ef-5d22-8745-938609ed19c2" testName="ToConfigureOrDefault_Passing_DefaultValues_And_ActionCustomValues_Returns_DefaultValues_And_CustomValues" computerName="PC-SFERRARI" duration="00:00:00.0004302" startTime="2020-08-13T17:10:19.8429406+01:00" endTime="2020-08-13T17:10:19.8436156+01:00" testType="13cdc9d9-ddb5-4fa4-a97d-d965ccfc6d4b" outcome="Passed" testListId="8c84fa94-04c1-424b-9868-57a2d4851a1d" relativeResultsDirectory="48b43aa9-0638-4418-9955-3c1fd57ce1a3" />
    <UnitTestResult executionId="27ec502a-51c0-4d69-b4b5-5ddfee6fab9f" testId="55f105d6-fc07-21db-e70a-db30ccdb0844" testName="ToIsNullOrAny_Passing_InvalidValue_Returns_True" computerName="PC-SFERRARI" duration="00:00:00.0009980" startTime="2020-08-13T17:10:21.0910324+01:00" endTime="2020-08-13T17:10:21.0921145+01:00" testType="13cdc9d9-ddb5-4fa4-a97d-d965ccfc6d4b" outcome="Passed" testListId="8c84fa94-04c1-424b-9868-57a2d4851a1d" relativeResultsDirectory="27ec502a-51c0-4d69-b4b5-5ddfee6fab9f" />
    <UnitTestResult executionId="3694b1da-4031-4b79-8687-fc661ff12b08" testId="0cb5eb43-9273-0bdf-bd18-53b184535503" testName="ToMessage_Passing_ExceptionWithMessage_Returns_Message" computerName="PC-SFERRARI" duration="00:00:00.0001464" startTime="2020-08-13T17:10:21.9915846+01:00" endTime="2020-08-13T17:10:21.9918162+01:00" testType="13cdc9d9-ddb5-4fa4-a97d-d965ccfc6d4b" outcome="Passed" testListId="8c84fa94-04c1-424b-9868-57a2d4851a1d" relativeResultsDirectory="3694b1da-4031-4b79-8687-fc661ff12b08" />
    <UnitTestResult executionId="c4070ef4-7c38-4ac9-814a-d3d52025ba7d" testId="57d3cdd8-8268-9aa3-6f39-3cc0224b305c" testName="ToExists_Passing_Claims_Returns_True" computerName="PC-SFERRARI" duration="00:00:00.0012102" startTime="2020-08-13T17:10:21.3196056+01:00" endTime="2020-08-13T17:10:21.3209970+01:00" testType="13cdc9d9-ddb5-4fa4-a97d-d965ccfc6d4b" outcome="Passed" testListId="8c84fa94-04c1-424b-9868-57a2d4851a1d" relativeResultsDirectory="c4070ef4-7c38-4ac9-814a-d3d52025ba7d" />
    <UnitTestResult executionId="cd68c5ab-4acb-4fe9-95b2-7772b60476c8" testId="845c887e-a785-555d-db89-1c2975a33bbb" testName="ToServiceMatchingInterface_Passing_Valid_Assembly_Returns_Service" computerName="PC-SFERRARI" duration="00:00:00.0515000" startTime="2020-08-13T17:10:21.6671013+01:00" endTime="2020-08-13T17:10:21.7188254+01:00" testType="13cdc9d9-ddb5-4fa4-a97d-d965ccfc6d4b" outcome="Passed" testListId="8c84fa94-04c1-424b-9868-57a2d4851a1d" relativeResultsDirectory="cd68c5ab-4acb-4fe9-95b2-7772b60476c8" />
    <UnitTestResult executionId="e65b8bb6-252c-4f79-9135-c9b174b0401c" testId="a0ed43cd-0648-ddf9-c80e-52c6889ee049" testName="ToDictionaryPropertyInfo_Passing_Object_IncludeNullOrEmptyProperty_Returns_Properties_NameAndValue_Dictionary" computerName="PC-SFERRARI" duration="00:00:00.0017609" startTime="2020-08-13T17:10:22.0415705+01:00" endTime="2020-08-13T17:10:22.0434144+01:00" testType="13cdc9d9-ddb5-4fa4-a97d-d965ccfc6d4b" outcome="Passed" testListId="8c84fa94-04c1-424b-9868-57a2d4851a1d" relativeResultsDirectory="e65b8bb6-252c-4f79-9135-c9b174b0401c" />
    <UnitTestResult executionId="eb43a9f3-745b-4a57-b28a-991c3e0f170a" testId="9af963da-8209-d683-34a5-be793bc59993" testName="ToList_Passing_ValidEnumTypeWithSelectedValueWithResourceType_Returns_ValuesList" computerName="PC-SFERRARI" duration="00:00:00.0007616" startTime="2020-08-13T17:10:21.9726494+01:00" endTime="2020-08-13T17:10:21.9735269+01:00" testType="13cdc9d9-ddb5-4fa4-a97d-d965ccfc6d4b" outcome="Passed" testListId="8c84fa94-04c1-424b-9868-57a2d4851a1d" relativeResultsDirectory="eb43a9f3-745b-4a57-b28a-991c3e0f170a" />
    <UnitTestResult executionId="0154f30d-7d12-439c-942f-67226f760f3f" testId="8c1d1a56-be42-3df5-a82e-36b97c2860b8" testName="ToEnum_Passing_InvalidValueInt_Returns_EnumDefaultValue" computerName="PC-SFERRARI" duration="00:00:00.0002064" startTime="2020-08-13T17:10:22.6031793+01:00" endTime="2020-08-13T17:10:22.6035734+01:00" testType="13cdc9d9-ddb5-4fa4-a97d-d965ccfc6d4b" outcome="Passed" testListId="8c84fa94-04c1-424b-9868-57a2d4851a1d" relativeResultsDirectory="0154f30d-7d12-439c-942f-67226f760f3f" />
    <UnitTestResult executionId="94d393e6-0484-40e8-9196-5142407f8bb0" testId="f0f37a42-1a3a-10a5-5f17-e01b9915abd3" testName="ToPaged_Passing_Age_Ascending_Order_Returns_Filter_List" computerName="PC-SFERRARI" duration="00:00:00.0033337" startTime="2020-08-13T17:10:22.5085845+01:00" endTime="2020-08-13T17:10:22.5121535+01:00" testType="13cdc9d9-ddb5-4fa4-a97d-d965ccfc6d4b" outcome="Passed" testListId="8c84fa94-04c1-424b-9868-57a2d4851a1d" relativeResultsDirectory="94d393e6-0484-40e8-9196-5142407f8bb0" />
    <UnitTestResult executionId="a04abc7c-70ef-4c56-bcdc-057fb645f24c" testId="f8b74494-d277-7173-e694-2a4d463a4607" testName="ToMapList_Passing_Source_Type_And_Destination_Type_Returns_Destination_Object_List" computerName="PC-SFERRARI" duration="00:00:00.0505916" startTime="2020-08-13T17:10:20.2288077+01:00" endTime="2020-08-13T17:10:20.2795473+01:00" testType="13cdc9d9-ddb5-4fa4-a97d-d965ccfc6d4b" outcome="Passed" testListId="8c84fa94-04c1-424b-9868-57a2d4851a1d" relativeResultsDirectory="a04abc7c-70ef-4c56-bcdc-057fb645f24c" />
    <UnitTestResult executionId="56f2ddff-d8d6-4b86-90be-f180544ed35b" testId="50bab7c1-daec-6ad7-fb8a-d46e02e1508d" testName="ToThrowIfNullOrEmpty_Passing_InvalidValue_Returns_ApplicationExceptionWithMessage" computerName="PC-SFERRARI" duration="00:00:00.0003420" startTime="2020-08-13T17:10:21.0944433+01:00" endTime="2020-08-13T17:10:21.0948791+01:00" testType="13cdc9d9-ddb5-4fa4-a97d-d965ccfc6d4b" outcome="Passed" testListId="8c84fa94-04c1-424b-9868-57a2d4851a1d" relativeResultsDirectory="56f2ddff-d8d6-4b86-90be-f180544ed35b" />
    <UnitTestResult executionId="e37e8820-9deb-4b83-afbb-d872bcf024b5" testId="fa00d2a8-59b9-ad9e-caa1-a0c9e3156db1" testName="ToGetAll_Passing_Claims_Returns_Claim_Value_Int_List" computerName="PC-SFERRARI" duration="00:00:00.0097318" startTime="2020-08-13T17:10:21.3210323+01:00" endTime="2020-08-13T17:10:21.3309076+01:00" testType="13cdc9d9-ddb5-4fa4-a97d-d965ccfc6d4b" outcome="Passed" testListId="8c84fa94-04c1-424b-9868-57a2d4851a1d" relativeResultsDirectory="e37e8820-9deb-4b83-afbb-d872bcf024b5" />
    <UnitTestResult executionId="b092f0c3-1607-431a-8a5d-2c5ed5d1ca14" testId="c1b9482d-5008-2226-29f4-9800d3a2b340" testName="ToService_Passing_NotFound_Service_Returns_ApplicationException" computerName="PC-SFERRARI" duration="00:00:00.0004528" startTime="2020-08-13T17:10:21.7188744+01:00" endTime="2020-08-13T17:10:21.7194541+01:00" testType="13cdc9d9-ddb5-4fa4-a97d-d965ccfc6d4b" outcome="Passed" testListId="8c84fa94-04c1-424b-9868-57a2d4851a1d" relativeResultsDirectory="b092f0c3-1607-431a-8a5d-2c5ed5d1ca14" />
    <UnitTestResult executionId="6d9075b6-d6b7-44ad-82bd-bf93f85ebb6f" testId="c87d842d-198f-fc52-0a70-418a5e5378ab" testName="IsEqual_Passing_InvalidArguments_Returns_HasErrorsAndCount" computerName="PC-SFERRARI" duration="00:00:00.0005766" startTime="2020-08-13T17:10:21.1540477+01:00" endTime="2020-08-13T17:10:21.1547421+01:00" testType="13cdc9d9-ddb5-4fa4-a97d-d965ccfc6d4b" outcome="Passed" testListId="8c84fa94-04c1-424b-9868-57a2d4851a1d" relativeResultsDirectory="6d9075b6-d6b7-44ad-82bd-bf93f85ebb6f" />
    <UnitTestResult executionId="611a95ab-79f5-4a61-8c8a-7b6fa0b420af" testId="bd43e66e-fbae-26eb-a9a1-c58a6bf5d7af" testName="ToHashAlgorithmName_Passing_InvalidValueLowerCaseString_Returns_Null" computerName="PC-SFERRARI" duration="00:00:00.0001820" startTime="2020-08-13T17:10:22.6169794+01:00" endTime="2020-08-13T17:10:22.6172891+01:00" testType="13cdc9d9-ddb5-4fa4-a97d-d965ccfc6d4b" outcome="Passed" testListId="8c84fa94-04c1-424b-9868-57a2d4851a1d" relativeResultsDirectory="611a95ab-79f5-4a61-8c8a-7b6fa0b420af" resultType="DataDrivenTest">
      <InnerResults>
        <UnitTestResult executionId="bf667abd-27ab-4448-84f3-dbd513d65a5e" parentExecutionId="611a95ab-79f5-4a61-8c8a-7b6fa0b420af" testId="bd43e66e-fbae-26eb-a9a1-c58a6bf5d7af" testName="ToHashAlgorithmName_Passing_InvalidValueLowerCaseString_Returns_Null (md5)" computerName="PC-SFERRARI" duration="00:00:00.0001426" startTime="2020-08-13T17:10:22.6169794+01:00" endTime="2020-08-13T17:10:22.6172891+01:00" testType="13cdc9d9-ddb5-4fa4-a97d-d965ccfc6d4b" outcome="Passed" testListId="8c84fa94-04c1-424b-9868-57a2d4851a1d" relativeResultsDirectory="bf667abd-27ab-4448-84f3-dbd513d65a5e" dataRowInfo="1" resultType="DataDrivenDataRow" />
      </InnerResults>
    </UnitTestResult>
    <UnitTestResult executionId="21411422-8c7e-493b-b91e-5f3bd5e31623" testId="801afd1a-5f3d-0d0c-471a-96452bf5bc35" testName="IsNullOrEmpty_Passing_InvalidArguments_Returns_HasErrorsAndCount" computerName="PC-SFERRARI" duration="00:00:00.0034034" startTime="2020-08-13T17:10:21.1798492+01:00" endTime="2020-08-13T17:10:21.1833537+01:00" testType="13cdc9d9-ddb5-4fa4-a97d-d965ccfc6d4b" outcome="Passed" testListId="8c84fa94-04c1-424b-9868-57a2d4851a1d" relativeResultsDirectory="21411422-8c7e-493b-b91e-5f3bd5e31623" />
    <UnitTestResult executionId="36818831-d9e8-4742-8b1f-3aa4519dc505" testId="98331ff8-6ed1-e7ba-c8dd-be5bd5b6cb2c" testName="ToEmailMask_Passing_ValidEmail_Returns_EmailWithMask" computerName="PC-SFERRARI" duration="00:00:00.0001766" startTime="2020-08-13T17:10:22.5911876+01:00" endTime="2020-08-13T17:10:22.5914480+01:00" testType="13cdc9d9-ddb5-4fa4-a97d-d965ccfc6d4b" outcome="Passed" testListId="8c84fa94-04c1-424b-9868-57a2d4851a1d" relativeResultsDirectory="36818831-d9e8-4742-8b1f-3aa4519dc505" resultType="DataDrivenTest">
      <InnerResults>
        <UnitTestResult executionId="e68c69aa-12db-4c19-a027-57df3daa2ee9" parentExecutionId="36818831-d9e8-4742-8b1f-3aa4519dc505" testId="98331ff8-6ed1-e7ba-c8dd-be5bd5b6cb2c" testName="ToEmailMask_Passing_ValidEmail_Returns_EmailWithMask (miemail@gmail.com,m-----l@g---l.c-m,(?&lt;=(?:^|@)[^.]*)\B.\B|(?&lt;=[\w]{1})[\w-\+%]*(?=[\w]{1}),-)" computerName="PC-SFERRARI" duration="00:00:00.0001391" startTime="2020-08-13T17:10:22.5911876+01:00" endTime="2020-08-13T17:10:22.5914480+01:00" testType="13cdc9d9-ddb5-4fa4-a97d-d965ccfc6d4b" outcome="Passed" testListId="8c84fa94-04c1-424b-9868-57a2d4851a1d" relativeResultsDirectory="e68c69aa-12db-4c19-a027-57df3daa2ee9" dataRowInfo="1" resultType="DataDrivenDataRow" />
      </InnerResults>
    </UnitTestResult>
    <UnitTestResult executionId="c5da6449-f389-40d3-b8dc-30220812ccd7" testId="1340b308-d9eb-a26e-e042-04d6c1d9a958" testName="ToHasErrors_Passing_InvalidValue_Returns_ApplicationExceptionWithMessage" computerName="PC-SFERRARI" duration="00:00:00.0007632" startTime="2020-08-13T17:10:21.0900073+01:00" endTime="2020-08-13T17:10:21.0910092+01:00" testType="13cdc9d9-ddb5-4fa4-a97d-d965ccfc6d4b" outcome="Passed" testListId="8c84fa94-04c1-424b-9868-57a2d4851a1d" relativeResultsDirectory="c5da6449-f389-40d3-b8dc-30220812ccd7" />
    <UnitTestResult executionId="23938bd2-d558-4aa7-af1d-6344f30702c4" testId="a95f665c-aa8d-208d-902c-60a464250c99" testName="ToDefaultValue_Passing_ValidBoolean_Returns_DefaultValue" computerName="PC-SFERRARI" duration="00:00:00.0001840" startTime="2020-08-13T17:10:22.7740465+01:00" endTime="2020-08-13T17:10:22.7744281+01:00" testType="13cdc9d9-ddb5-4fa4-a97d-d965ccfc6d4b" outcome="Passed" testListId="8c84fa94-04c1-424b-9868-57a2d4851a1d" relativeResultsDirectory="23938bd2-d558-4aa7-af1d-6344f30702c4" />
    <UnitTestResult executionId="e9c0eb3c-2cb1-4cd4-bbc9-8fda30d6d815" testId="7daaba64-d3ad-9109-43bf-bdb516b673b8" testName="ToDirectoryFileInfo_Passing_ValidValue_Returns_FileInfo" computerName="PC-SFERRARI" duration="00:00:00.0000803" startTime="2020-08-13T17:10:22.5511869+01:00" endTime="2020-08-13T17:10:22.5514157+01:00" testType="13cdc9d9-ddb5-4fa4-a97d-d965ccfc6d4b" outcome="Passed" testListId="8c84fa94-04c1-424b-9868-57a2d4851a1d" relativeResultsDirectory="e9c0eb3c-2cb1-4cd4-bbc9-8fda30d6d815" />
    <UnitTestResult executionId="796797b2-d432-4048-aa36-c2bdfb8970d4" testId="5385d994-9594-6052-11cb-73f8d2344981" testName="ToPath_Passing_HttpRequest_Scheme_Host_Path_Returns_Url" computerName="PC-SFERRARI" duration="00:00:00.0019972" startTime="2020-08-13T17:10:22.1149527+01:00" endTime="2020-08-13T17:10:22.1170778+01:00" testType="13cdc9d9-ddb5-4fa4-a97d-d965ccfc6d4b" outcome="Passed" testListId="8c84fa94-04c1-424b-9868-57a2d4851a1d" relativeResultsDirectory="796797b2-d432-4048-aa36-c2bdfb8970d4" />
    <UnitTestResult executionId="60972d06-14a4-41c3-8dec-1206739f4a8a" testId="0f697beb-b7a4-6aa6-9017-b57feeb9ba7f" testName="ToEnvironment_ServiceCollection_Passing_Development_Enviroment_Returns_Development_Name" computerName="PC-SFERRARI" duration="00:00:00.0003860" startTime="2020-08-13T17:10:21.6366204+01:00" endTime="2020-08-13T17:10:21.6370871+01:00" testType="13cdc9d9-ddb5-4fa4-a97d-d965ccfc6d4b" outcome="Passed" testListId="8c84fa94-04c1-424b-9868-57a2d4851a1d" relativeResultsDirectory="60972d06-14a4-41c3-8dec-1206739f4a8a" />
    <UnitTestResult executionId="35527852-984e-4197-8288-1f33277cc84b" testId="579b7361-19a9-f329-acb3-de102dcfc793" testName="ToDefaultValue_Passing_ValidString_Returns_DefaultValue" computerName="PC-SFERRARI" duration="00:00:00.0001139" startTime="2020-08-13T17:10:22.7749912+01:00" endTime="2020-08-13T17:10:22.7751780+01:00" testType="13cdc9d9-ddb5-4fa4-a97d-d965ccfc6d4b" outcome="Passed" testListId="8c84fa94-04c1-424b-9868-57a2d4851a1d" relativeResultsDirectory="35527852-984e-4197-8288-1f33277cc84b" />
    <UnitTestResult executionId="7e07d46b-bde5-428f-9128-640574529a7b" testId="635e001f-2a50-f191-84e2-e81cd2000fdf" testName="ToAuthenticationType_Passing_Claims_Returns_AuthenticationType_Name" computerName="PC-SFERRARI" duration="00:00:00.1171267" startTime="2020-08-13T17:10:21.1859942+01:00" endTime="2020-08-13T17:10:21.3034167+01:00" testType="13cdc9d9-ddb5-4fa4-a97d-d965ccfc6d4b" outcome="Passed" testListId="8c84fa94-04c1-424b-9868-57a2d4851a1d" relativeResultsDirectory="7e07d46b-bde5-428f-9128-640574529a7b" />
    <UnitTestResult executionId="f5e9be1a-2656-4785-b37d-c7d30e175900" testId="47f3e733-f069-b79f-9f6d-7c11fc368663" testName="ToDefaultValue_Passing_ushort_Returns_Cero" computerName="PC-SFERRARI" duration="00:00:00.0003820" startTime="2020-08-13T17:10:22.0410154+01:00" endTime="2020-08-13T17:10:22.0415426+01:00" testType="13cdc9d9-ddb5-4fa4-a97d-d965ccfc6d4b" outcome="Passed" testListId="8c84fa94-04c1-424b-9868-57a2d4851a1d" relativeResultsDirectory="f5e9be1a-2656-4785-b37d-c7d30e175900" resultType="DataDrivenTest">
      <InnerResults>
        <UnitTestResult executionId="06105983-9ae0-4252-b7df-03892a1b9268" parentExecutionId="f5e9be1a-2656-4785-b37d-c7d30e175900" testId="47f3e733-f069-b79f-9f6d-7c11fc368663" testName="ToDefaultValue_Passing_ushort_Returns_Cero (65535)" computerName="PC-SFERRARI" duration="00:00:00.0003194" startTime="2020-08-13T17:10:22.0410154+01:00" endTime="2020-08-13T17:10:22.0415426+01:00" testType="13cdc9d9-ddb5-4fa4-a97d-d965ccfc6d4b" outcome="Passed" testListId="8c84fa94-04c1-424b-9868-57a2d4851a1d" relativeResultsDirectory="06105983-9ae0-4252-b7df-03892a1b9268" dataRowInfo="1" resultType="DataDrivenDataRow" />
      </InnerResults>
    </UnitTestResult>
    <UnitTestResult executionId="9621fccf-3e4d-4da0-853d-8b8da3dce0be" testId="c2d3c8df-32e7-92dc-91f8-057e8c4da6b9" testName="ToTomorrow_Passing_DateTime_Returns_Tomorrow_DateTime" computerName="PC-SFERRARI" duration="00:00:00.0001890" startTime="2020-08-13T17:10:21.8911702+01:00" endTime="2020-08-13T17:10:21.8914354+01:00" testType="13cdc9d9-ddb5-4fa4-a97d-d965ccfc6d4b" outcome="Passed" testListId="8c84fa94-04c1-424b-9868-57a2d4851a1d" relativeResultsDirectory="9621fccf-3e4d-4da0-853d-8b8da3dce0be" />
    <UnitTestResult executionId="c424cb2d-0e6a-458b-aa49-813c2865389d" testId="688a191d-5b56-481f-5739-c5e4f9181418" testName="ToThrowIfNotFoundDirectory_Passing_InvalidValue_Returns_ApplicationExceptionWithMessage" computerName="PC-SFERRARI" duration="00:00:00.0005922" startTime="2020-08-13T17:10:21.0923555+01:00" endTime="2020-08-13T17:10:21.0930245+01:00" testType="13cdc9d9-ddb5-4fa4-a97d-d965ccfc6d4b" outcome="Passed" testListId="8c84fa94-04c1-424b-9868-57a2d4851a1d" relativeResultsDirectory="c424cb2d-0e6a-458b-aa49-813c2865389d" />
    <UnitTestResult executionId="7f96e864-16ee-44ef-9637-d665d64228fe" testId="922c5a5d-5d46-b5de-bcbd-4fac0addd422" testName="IsNullOrAny_Passing_InvalidArguments_Returns_HasErrorsAndCount" computerName="PC-SFERRARI" duration="00:00:00.0019828" startTime="2020-08-13T17:10:21.1776498+01:00" endTime="2020-08-13T17:10:21.1798144+01:00" testType="13cdc9d9-ddb5-4fa4-a97d-d965ccfc6d4b" outcome="Passed" testListId="8c84fa94-04c1-424b-9868-57a2d4851a1d" relativeResultsDirectory="7f96e864-16ee-44ef-9637-d665d64228fe" />
    <UnitTestResult executionId="810ef1b8-7e01-4a0a-a245-54000568b3a1" testId="10024a68-25d4-872c-3e48-a6d6b2671494" testName="ToTryIPv6_Passing_HttpContext_IP_Value_Returns_IP" computerName="PC-SFERRARI" duration="00:00:00.0003986" startTime="2020-08-13T17:10:22.0717524+01:00" endTime="2020-08-13T17:10:22.0722388+01:00" testType="13cdc9d9-ddb5-4fa4-a97d-d965ccfc6d4b" outcome="Passed" testListId="8c84fa94-04c1-424b-9868-57a2d4851a1d" relativeResultsDirectory="810ef1b8-7e01-4a0a-a245-54000568b3a1" />
    <UnitTestResult executionId="d063269f-6149-4b79-bb52-bf256c842f4e" testId="1c5de28c-f1b3-c94d-8e43-201eab8c2ff8" testName="ToEnvironment_Passing_Development_Enviroment_Returns_Development_Name" computerName="PC-SFERRARI" duration="00:00:00.0014434" startTime="2020-08-13T17:10:20.8840888+01:00" endTime="2020-08-13T17:10:20.8857200+01:00" testType="13cdc9d9-ddb5-4fa4-a97d-d965ccfc6d4b" outcome="Passed" testListId="8c84fa94-04c1-424b-9868-57a2d4851a1d" relativeResultsDirectory="d063269f-6149-4b79-bb52-bf256c842f4e" />
    <UnitTestResult executionId="3537031a-e875-4d34-ada8-d93b945b92e9" testId="180814cc-22f9-91b2-cd9a-f54be7e1ba18" testName="IsEmail_Passing_InvalidArguments_Returns_HasErrorsAndCount" computerName="PC-SFERRARI" duration="00:00:00.0402124" startTime="2020-08-13T17:10:21.1136969+01:00" endTime="2020-08-13T17:10:21.1540062+01:00" testType="13cdc9d9-ddb5-4fa4-a97d-d965ccfc6d4b" outcome="Passed" testListId="8c84fa94-04c1-424b-9868-57a2d4851a1d" relativeResultsDirectory="3537031a-e875-4d34-ada8-d93b945b92e9" />
    <UnitTestResult executionId="bd50a0fb-b793-46dd-97e6-ada119de322f" testId="18040ed3-941e-dd1e-cb8c-4d34d103f370" testName="ToIsWeekend_Passing_Saturday_DateTime_Returns_True" computerName="PC-SFERRARI" duration="00:00:00.0001179" startTime="2020-08-13T17:10:21.8895917+01:00" endTime="2020-08-13T17:10:21.8897856+01:00" testType="13cdc9d9-ddb5-4fa4-a97d-d965ccfc6d4b" outcome="Passed" testListId="8c84fa94-04c1-424b-9868-57a2d4851a1d" relativeResultsDirectory="bd50a0fb-b793-46dd-97e6-ada119de322f" />
    <UnitTestResult executionId="69a663ba-6d61-4e27-bd34-d60ff4de2ad0" testId="ee30e1f9-ce80-c70a-1b56-b7e02750ae26" testName="IsDirectory_Passing_InvalidArguments_Returns_HasErrorsAndCount" computerName="PC-SFERRARI" duration="00:00:00.0009608" startTime="2020-08-13T17:10:21.1124486+01:00" endTime="2020-08-13T17:10:21.1136725+01:00" testType="13cdc9d9-ddb5-4fa4-a97d-d965ccfc6d4b" outcome="Passed" testListId="8c84fa94-04c1-424b-9868-57a2d4851a1d" relativeResultsDirectory="69a663ba-6d61-4e27-bd34-d60ff4de2ad0" />
    <UnitTestResult executionId="1e732295-9eb0-43a5-a47a-15f571c5ef1e" testId="bc6955b8-aec0-957c-bad4-853e5cfa19a1" testName="ToCount_Passing_ValidEnumType_Returns_Count" computerName="PC-SFERRARI" duration="00:00:00.0003036" startTime="2020-08-13T17:10:21.9515543+01:00" endTime="2020-08-13T17:10:21.9520613+01:00" testType="13cdc9d9-ddb5-4fa4-a97d-d965ccfc6d4b" outcome="Passed" testListId="8c84fa94-04c1-424b-9868-57a2d4851a1d" relativeResultsDirectory="1e732295-9eb0-43a5-a47a-15f571c5ef1e" />
    <UnitTestResult executionId="9c2c8b21-3ab9-44b8-bb61-3443198f62e2" testId="432377b9-b0ad-9a2a-6dc2-e1069e73c449" testName="ToDefaultValue_Passing_bool_Returns_Cero" computerName="PC-SFERRARI" duration="00:00:00.0027761" startTime="2020-08-13T17:10:22.0004157+01:00" endTime="2020-08-13T17:10:22.0041495+01:00" testType="13cdc9d9-ddb5-4fa4-a97d-d965ccfc6d4b" outcome="Passed" testListId="8c84fa94-04c1-424b-9868-57a2d4851a1d" relativeResultsDirectory="9c2c8b21-3ab9-44b8-bb61-3443198f62e2" resultType="DataDrivenTest">
      <InnerResults>
        <UnitTestResult executionId="599de75c-5d5c-4b5c-bc66-81ff0a85b966" parentExecutionId="9c2c8b21-3ab9-44b8-bb61-3443198f62e2" testId="432377b9-b0ad-9a2a-6dc2-e1069e73c449" testName="ToDefaultValue_Passing_bool_Returns_Cero (True)" computerName="PC-SFERRARI" duration="00:00:00.0004081" startTime="2020-08-13T17:10:22.0004157+01:00" endTime="2020-08-13T17:10:22.0041495+01:00" testType="13cdc9d9-ddb5-4fa4-a97d-d965ccfc6d4b" outcome="Passed" testListId="8c84fa94-04c1-424b-9868-57a2d4851a1d" relativeResultsDirectory="599de75c-5d5c-4b5c-bc66-81ff0a85b966" dataRowInfo="1" resultType="DataDrivenDataRow" />
      </InnerResults>
    </UnitTestResult>
    <UnitTestResult executionId="e5a65a36-00ff-470c-bd48-955df912450d" testId="74c0befe-cdb2-1fdf-be71-2a39199bb5c9" testName="ToService_Passing_Service_Not_Found_Returns_ApplicationException" computerName="PC-SFERRARI" duration="00:00:00.0004022" startTime="2020-08-13T17:10:20.9623987+01:00" endTime="2020-08-13T17:10:20.9628774+01:00" testType="13cdc9d9-ddb5-4fa4-a97d-d965ccfc6d4b" outcome="Passed" testListId="8c84fa94-04c1-424b-9868-57a2d4851a1d" relativeResultsDirectory="e5a65a36-00ff-470c-bd48-955df912450d" />
    <UnitTestResult executionId="dee688e7-90ad-4533-9929-ba421a68e14b" testId="0ee8121e-b492-a57d-d072-de988a4e30f8" testName="ToMapNew_Passing_TDestination_Returns_New_Destination_Object" computerName="PC-SFERRARI" duration="00:00:00.0097063" startTime="2020-08-13T17:10:20.2991675+01:00" endTime="2020-08-13T17:10:20.3090124+01:00" testType="13cdc9d9-ddb5-4fa4-a97d-d965ccfc6d4b" outcome="Passed" testListId="8c84fa94-04c1-424b-9868-57a2d4851a1d" relativeResultsDirectory="dee688e7-90ad-4533-9929-ba421a68e14b" />
    <UnitTestResult executionId="d5394298-6b7f-4ff6-a6a3-6b6605dacdf4" testId="a1095294-226e-a0f0-0154-11290289c9db" testName="ToStringFormat_Passing_ValidValue_Returns_ValueWithoutRemovedChars" computerName="PC-SFERRARI" duration="00:00:00.0005395" startTime="2020-08-13T17:10:22.4852034+01:00" endTime="2020-08-13T17:10:22.4860212+01:00" testType="13cdc9d9-ddb5-4fa4-a97d-d965ccfc6d4b" outcome="Passed" testListId="8c84fa94-04c1-424b-9868-57a2d4851a1d" relativeResultsDirectory="d5394298-6b7f-4ff6-a6a3-6b6605dacdf4" resultType="DataDrivenTest">
      <InnerResults>
        <UnitTestResult executionId="9b132cbf-3f9a-4fc4-a2f7-b5ec7ad4ade6" parentExecutionId="d5394298-6b7f-4ff6-a6a3-6b6605dacdf4" testId="a1095294-226e-a0f0-0154-11290289c9db" testName="ToStringFormat_Passing_ValidValue_Returns_ValueWithoutRemovedChars (0)" computerName="PC-SFERRARI" duration="00:00:00.0004268" startTime="2020-08-13T17:10:22.4852034+01:00" endTime="2020-08-13T17:10:22.4860212+01:00" testType="13cdc9d9-ddb5-4fa4-a97d-d965ccfc6d4b" outcome="Passed" testListId="8c84fa94-04c1-424b-9868-57a2d4851a1d" relativeResultsDirectory="9b132cbf-3f9a-4fc4-a2f7-b5ec7ad4ade6" dataRowInfo="1" resultType="DataDrivenDataRow" />
        <UnitTestResult executionId="3140ee43-40b8-46e6-a92a-90c4b151be09" parentExecutionId="d5394298-6b7f-4ff6-a6a3-6b6605dacdf4" testId="a1095294-226e-a0f0-0154-11290289c9db" testName="ToStringFormat_Passing_ValidValue_Returns_ValueWithoutRemovedChars (1)" computerName="PC-SFERRARI" duration="00:00:00.0000046" startTime="2020-08-13T17:10:22.4852034+01:00" endTime="2020-08-13T17:10:22.4860212+01:00" testType="13cdc9d9-ddb5-4fa4-a97d-d965ccfc6d4b" outcome="Passed" testListId="8c84fa94-04c1-424b-9868-57a2d4851a1d" relativeResultsDirectory="3140ee43-40b8-46e6-a92a-90c4b151be09" dataRowInfo="2" resultType="DataDrivenDataRow" />
        <UnitTestResult executionId="8c6d6711-261c-4975-8dde-8bbd51c8dbe0" parentExecutionId="d5394298-6b7f-4ff6-a6a3-6b6605dacdf4" testId="a1095294-226e-a0f0-0154-11290289c9db" testName="ToStringFormat_Passing_ValidValue_Returns_ValueWithoutRemovedChars (-1)" computerName="PC-SFERRARI" duration="00:00:00.0000106" startTime="2020-08-13T17:10:22.4852034+01:00" endTime="2020-08-13T17:10:22.4860212+01:00" testType="13cdc9d9-ddb5-4fa4-a97d-d965ccfc6d4b" outcome="Passed" testListId="8c84fa94-04c1-424b-9868-57a2d4851a1d" relativeResultsDirectory="8c6d6711-261c-4975-8dde-8bbd51c8dbe0" dataRowInfo="3" resultType="DataDrivenDataRow" />
        <UnitTestResult executionId="08cabbb5-9e65-4d4e-a406-1289aea2886b" parentExecutionId="d5394298-6b7f-4ff6-a6a3-6b6605dacdf4" testId="a1095294-226e-a0f0-0154-11290289c9db" testName="ToStringFormat_Passing_ValidValue_Returns_ValueWithoutRemovedChars (2147483647)" computerName="PC-SFERRARI" duration="00:00:00.0000027" startTime="2020-08-13T17:10:22.4852034+01:00" endTime="2020-08-13T17:10:22.4860212+01:00" testType="13cdc9d9-ddb5-4fa4-a97d-d965ccfc6d4b" outcome="Passed" testListId="8c84fa94-04c1-424b-9868-57a2d4851a1d" relativeResultsDirectory="08cabbb5-9e65-4d4e-a406-1289aea2886b" dataRowInfo="4" resultType="DataDrivenDataRow" />
        <UnitTestResult executionId="d699774f-55b8-4440-af84-93be53e0c466" parentExecutionId="d5394298-6b7f-4ff6-a6a3-6b6605dacdf4" testId="a1095294-226e-a0f0-0154-11290289c9db" testName="ToStringFormat_Passing_ValidValue_Returns_ValueWithoutRemovedChars (-2147483648)" computerName="PC-SFERRARI" duration="00:00:00.0000023" startTime="2020-08-13T17:10:22.4852034+01:00" endTime="2020-08-13T17:10:22.4860212+01:00" testType="13cdc9d9-ddb5-4fa4-a97d-d965ccfc6d4b" outcome="Passed" testListId="8c84fa94-04c1-424b-9868-57a2d4851a1d" relativeResultsDirectory="d699774f-55b8-4440-af84-93be53e0c466" dataRowInfo="5" resultType="DataDrivenDataRow" />
      </InnerResults>
    </UnitTestResult>
    <UnitTestResult executionId="1c688eb3-d486-4522-98a3-c0b0a3a3bcbb" testId="29112d2a-2e73-305d-ec50-12fc95c28627" testName="ToReplaceSpecialChars_Passing_ValidValue_Returns_ReplacedValueWithoutIgnoreSpecialChars" computerName="PC-SFERRARI" duration="00:00:00.0006164" startTime="2020-08-13T17:10:22.6614267+01:00" endTime="2020-08-13T17:10:22.6622023+01:00" testType="13cdc9d9-ddb5-4fa4-a97d-d965ccfc6d4b" outcome="Passed" testListId="8c84fa94-04c1-424b-9868-57a2d4851a1d" relativeResultsDirectory="1c688eb3-d486-4522-98a3-c0b0a3a3bcbb" resultType="DataDrivenTest">
      <InnerResults>
        <UnitTestResult executionId="5883e1ce-a786-46cb-8702-2844e2795e14" parentExecutionId="1c688eb3-d486-4522-98a3-c0b0a3a3bcbb" testId="29112d2a-2e73-305d-ec50-12fc95c28627" testName="ToReplaceSpecialChars_Passing_ValidValue_Returns_ReplacedValueWithoutIgnoreSpecialChars (àáäâãøçħ,aaaaaoch)" computerName="PC-SFERRARI" duration="00:00:00.0002179" startTime="2020-08-13T17:10:22.6614267+01:00" endTime="2020-08-13T17:10:22.6622023+01:00" testType="13cdc9d9-ddb5-4fa4-a97d-d965ccfc6d4b" outcome="Passed" testListId="8c84fa94-04c1-424b-9868-57a2d4851a1d" relativeResultsDirectory="5883e1ce-a786-46cb-8702-2844e2795e14" dataRowInfo="1" resultType="DataDrivenDataRow" />
        <UnitTestResult executionId="3ca3d133-f4ff-4983-b7fc-43689ae8d278" parentExecutionId="1c688eb3-d486-4522-98a3-c0b0a3a3bcbb" testId="29112d2a-2e73-305d-ec50-12fc95c28627" testName="ToReplaceSpecialChars_Passing_ValidValue_Returns_ReplacedValueWithoutIgnoreSpecialChars ( àáäâ ãøçħ , aaaa aoch )" computerName="PC-SFERRARI" duration="00:00:00.0000242" startTime="2020-08-13T17:10:22.6614267+01:00" endTime="2020-08-13T17:10:22.6622023+01:00" testType="13cdc9d9-ddb5-4fa4-a97d-d965ccfc6d4b" outcome="Passed" testListId="8c84fa94-04c1-424b-9868-57a2d4851a1d" relativeResultsDirectory="3ca3d133-f4ff-4983-b7fc-43689ae8d278" dataRowInfo="2" resultType="DataDrivenDataRow" />
        <UnitTestResult executionId="354abfad-640c-48ea-a815-e4c5e2955b74" parentExecutionId="1c688eb3-d486-4522-98a3-c0b0a3a3bcbb" testId="29112d2a-2e73-305d-ec50-12fc95c28627" testName="ToReplaceSpecialChars_Passing_ValidValue_Returns_ReplacedValueWithoutIgnoreSpecialChars (*¨^_:-?¿;,)" computerName="PC-SFERRARI" duration="00:00:00.0000257" startTime="2020-08-13T17:10:22.6614267+01:00" endTime="2020-08-13T17:10:22.6622023+01:00" testType="13cdc9d9-ddb5-4fa4-a97d-d965ccfc6d4b" outcome="Passed" testListId="8c84fa94-04c1-424b-9868-57a2d4851a1d" relativeResultsDirectory="354abfad-640c-48ea-a815-e4c5e2955b74" dataRowInfo="3" resultType="DataDrivenDataRow" />
        <UnitTestResult executionId="53d3d102-ebf7-43df-a042-0bc4a2b0d372" parentExecutionId="1c688eb3-d486-4522-98a3-c0b0a3a3bcbb" testId="29112d2a-2e73-305d-ec50-12fc95c28627" testName="ToReplaceSpecialChars_Passing_ValidValue_Returns_ReplacedValueWithoutIgnoreSpecialChars ( * ¨ ^ _ : - ? ¿ ; ,          )" computerName="PC-SFERRARI" duration="00:00:00.0000378" startTime="2020-08-13T17:10:22.6614267+01:00" endTime="2020-08-13T17:10:22.6622023+01:00" testType="13cdc9d9-ddb5-4fa4-a97d-d965ccfc6d4b" outcome="Passed" testListId="8c84fa94-04c1-424b-9868-57a2d4851a1d" relativeResultsDirectory="53d3d102-ebf7-43df-a042-0bc4a2b0d372" dataRowInfo="4" resultType="DataDrivenDataRow" />
        <UnitTestResult executionId="5dcbcce5-cd89-4276-b8d5-1d1c7d763c01" parentExecutionId="1c688eb3-d486-4522-98a3-c0b0a3a3bcbb" testId="29112d2a-2e73-305d-ec50-12fc95c28627" testName="ToReplaceSpecialChars_Passing_ValidValue_Returns_ReplacedValueWithoutIgnoreSpecialChars (*¨^_:-?¿;,?¿,?¿)" computerName="PC-SFERRARI" duration="00:00:00.0000258" startTime="2020-08-13T17:10:22.6614267+01:00" endTime="2020-08-13T17:10:22.6622023+01:00" testType="13cdc9d9-ddb5-4fa4-a97d-d965ccfc6d4b" outcome="Passed" testListId="8c84fa94-04c1-424b-9868-57a2d4851a1d" relativeResultsDirectory="5dcbcce5-cd89-4276-b8d5-1d1c7d763c01" dataRowInfo="5" resultType="DataDrivenDataRow" />
      </InnerResults>
    </UnitTestResult>
    <UnitTestResult executionId="e4f78da9-e419-4f46-acb5-67eecb320542" testId="bf48e581-43e6-7660-c4f4-1b7deb1f0ed9" testName="ToConfiguration_Passing_Valid_DirectoryPath_Invalid_JsonFileName_Not_Optional_Returns_ApplicationException" computerName="PC-SFERRARI" duration="00:00:00.0436621" startTime="2020-08-13T17:10:21.5127047+01:00" endTime="2020-08-13T17:10:21.5565008+01:00" testType="13cdc9d9-ddb5-4fa4-a97d-d965ccfc6d4b" outcome="Passed" testListId="8c84fa94-04c1-424b-9868-57a2d4851a1d" relativeResultsDirectory="e4f78da9-e419-4f46-acb5-67eecb320542" />
    <UnitTestResult executionId="58e36c0f-6531-4738-9c00-05b42569b459" testId="2799ef62-9686-0dc7-84d2-73639b0030f7" testName="ToInt_Passing_InvalidValueString_Returns_Null" computerName="PC-SFERRARI" duration="00:00:00.0002058" startTime="2020-08-13T17:10:22.6274007+01:00" endTime="2020-08-13T17:10:22.6276876+01:00" testType="13cdc9d9-ddb5-4fa4-a97d-d965ccfc6d4b" outcome="Passed" testListId="8c84fa94-04c1-424b-9868-57a2d4851a1d" relativeResultsDirectory="58e36c0f-6531-4738-9c00-05b42569b459" resultType="DataDrivenTest">
      <InnerResults>
        <UnitTestResult executionId="1521de3f-1486-41e3-b8ce-ae873132f11c" parentExecutionId="58e36c0f-6531-4738-9c00-05b42569b459" testId="2799ef62-9686-0dc7-84d2-73639b0030f7" testName="ToInt_Passing_InvalidValueString_Returns_Null (1.3333)" computerName="PC-SFERRARI" duration="00:00:00.0001235" startTime="2020-08-13T17:10:22.6274007+01:00" endTime="2020-08-13T17:10:22.6276876+01:00" testType="13cdc9d9-ddb5-4fa4-a97d-d965ccfc6d4b" outcome="Passed" testListId="8c84fa94-04c1-424b-9868-57a2d4851a1d" relativeResultsDirectory="1521de3f-1486-41e3-b8ce-ae873132f11c" dataRowInfo="1" resultType="DataDrivenDataRow" />
        <UnitTestResult executionId="977501f5-c42f-4ae1-99d7-d1bddafba53e" parentExecutionId="58e36c0f-6531-4738-9c00-05b42569b459" testId="2799ef62-9686-0dc7-84d2-73639b0030f7" testName="ToInt_Passing_InvalidValueString_Returns_Null (1,3333)" computerName="PC-SFERRARI" duration="00:00:00.0000041" startTime="2020-08-13T17:10:22.6274007+01:00" endTime="2020-08-13T17:10:22.6276876+01:00" testType="13cdc9d9-ddb5-4fa4-a97d-d965ccfc6d4b" outcome="Passed" testListId="8c84fa94-04c1-424b-9868-57a2d4851a1d" relativeResultsDirectory="977501f5-c42f-4ae1-99d7-d1bddafba53e" dataRowInfo="2" resultType="DataDrivenDataRow" />
        <UnitTestResult executionId="51b10104-ddb3-4b20-971a-3aa97115d7b2" parentExecutionId="58e36c0f-6531-4738-9c00-05b42569b459" testId="2799ef62-9686-0dc7-84d2-73639b0030f7" testName="ToInt_Passing_InvalidValueString_Returns_Null (1.333,39)" computerName="PC-SFERRARI" duration="00:00:00.0000032" startTime="2020-08-13T17:10:22.6274007+01:00" endTime="2020-08-13T17:10:22.6276876+01:00" testType="13cdc9d9-ddb5-4fa4-a97d-d965ccfc6d4b" outcome="Passed" testListId="8c84fa94-04c1-424b-9868-57a2d4851a1d" relativeResultsDirectory="51b10104-ddb3-4b20-971a-3aa97115d7b2" dataRowInfo="3" resultType="DataDrivenDataRow" />
        <UnitTestResult executionId="dc1a068c-43b5-4958-9af0-fa106140f1da" parentExecutionId="58e36c0f-6531-4738-9c00-05b42569b459" testId="2799ef62-9686-0dc7-84d2-73639b0030f7" testName="ToInt_Passing_InvalidValueString_Returns_Null (999999439293294392492349329493294)" computerName="PC-SFERRARI" duration="00:00:00.0000025" startTime="2020-08-13T17:10:22.6274007+01:00" endTime="2020-08-13T17:10:22.6276876+01:00" testType="13cdc9d9-ddb5-4fa4-a97d-d965ccfc6d4b" outcome="Passed" testListId="8c84fa94-04c1-424b-9868-57a2d4851a1d" relativeResultsDirectory="dc1a068c-43b5-4958-9af0-fa106140f1da" dataRowInfo="4" resultType="DataDrivenDataRow" />
        <UnitTestResult executionId="ac8dde58-a6a2-4d03-a74e-e5d257448d35" parentExecutionId="58e36c0f-6531-4738-9c00-05b42569b459" testId="2799ef62-9686-0dc7-84d2-73639b0030f7" testName="ToInt_Passing_InvalidValueString_Returns_Null (asdasdasdasd234324)" computerName="PC-SFERRARI" duration="00:00:00.0000028" startTime="2020-08-13T17:10:22.6274007+01:00" endTime="2020-08-13T17:10:22.6276876+01:00" testType="13cdc9d9-ddb5-4fa4-a97d-d965ccfc6d4b" outcome="Passed" testListId="8c84fa94-04c1-424b-9868-57a2d4851a1d" relativeResultsDirectory="ac8dde58-a6a2-4d03-a74e-e5d257448d35" dataRowInfo="5" resultType="DataDrivenDataRow" />
      </InnerResults>
    </UnitTestResult>
    <UnitTestResult executionId="99d6d51b-af0c-4a17-adcd-41bb520114df" testId="e9b23f0c-0cde-4603-1739-ee642fd33c36" testName="ToSubdomain_Passing_HttpRequest_Host_Returns_Subdomain" computerName="PC-SFERRARI" duration="00:00:00.0011629" startTime="2020-08-13T17:10:22.1171077+01:00" endTime="2020-08-13T17:10:22.1183721+01:00" testType="13cdc9d9-ddb5-4fa4-a97d-d965ccfc6d4b" outcome="Passed" testListId="8c84fa94-04c1-424b-9868-57a2d4851a1d" relativeResultsDirectory="99d6d51b-af0c-4a17-adcd-41bb520114df" />
    <UnitTestResult executionId="b36d923e-9628-417e-bae8-3f728148c4f0" testId="eb3fbb45-8257-f4b8-0975-042f859a72bf" testName="ToDictionaryPropertyInfo_Passing_Object_Not_IncludeNullOrEmptyProperty_Returns_Properties_NameAndValue_Dictionary" computerName="PC-SFERRARI" duration="00:00:00.0010720" startTime="2020-08-13T17:10:22.0434400+01:00" endTime="2020-08-13T17:10:22.0446036+01:00" testType="13cdc9d9-ddb5-4fa4-a97d-d965ccfc6d4b" outcome="Passed" testListId="8c84fa94-04c1-424b-9868-57a2d4851a1d" relativeResultsDirectory="b36d923e-9628-417e-bae8-3f728148c4f0" />
    <UnitTestResult executionId="47f39e54-45b1-489b-9f7f-998aa0afa3d9" testId="d6d04f4a-9142-b816-d673-c4abf49a39ad" testName="ToDisplay_Passing_Enumeration_Name_Returns_Display_Atributte" computerName="PC-SFERRARI" duration="00:00:00.0433864" startTime="2020-08-13T17:10:21.9072065+01:00" endTime="2020-08-13T17:10:21.9507002+01:00" testType="13cdc9d9-ddb5-4fa4-a97d-d965ccfc6d4b" outcome="Passed" testListId="8c84fa94-04c1-424b-9868-57a2d4851a1d" relativeResultsDirectory="47f39e54-45b1-489b-9f7f-998aa0afa3d9" />
    <UnitTestResult executionId="075a71eb-7042-4a4f-8725-830258903474" testId="8dccdb77-e6a8-58c6-9bd0-108f87c5ff65" testName="ToAuthenticationType_Passing_Null_ClaimsPrincipal_Returns_ApplicationException" computerName="PC-SFERRARI" duration="00:00:00.0026069" startTime="2020-08-13T17:10:21.3041328+01:00" endTime="2020-08-13T17:10:21.3068362+01:00" testType="13cdc9d9-ddb5-4fa4-a97d-d965ccfc6d4b" outcome="Passed" testListId="8c84fa94-04c1-424b-9868-57a2d4851a1d" relativeResultsDirectory="075a71eb-7042-4a4f-8725-830258903474" />
    <UnitTestResult executionId="6a7c4c5c-bd29-49a8-a28f-2cd48f562754" testId="9b5f9705-0df5-3b21-5e23-e11b68721fd4" testName="ToThrow_Passing_InvalidValue_Returns_ApplicationExceptionWithMessage" computerName="PC-SFERRARI" duration="00:00:00.0005357" startTime="2020-08-13T17:10:21.1116938+01:00" endTime="2020-08-13T17:10:21.1124138+01:00" testType="13cdc9d9-ddb5-4fa4-a97d-d965ccfc6d4b" outcome="Passed" testListId="8c84fa94-04c1-424b-9868-57a2d4851a1d" relativeResultsDirectory="6a7c4c5c-bd29-49a8-a28f-2cd48f562754" />
    <UnitTestResult executionId="16704174-bd89-4336-98a8-990309dbfbec" testId="220e18c9-f841-c623-c1aa-300e190b4f6d" testName="IsPassword_Passing_InvalidArguments_Returns_HasErrorsAndCount" computerName="PC-SFERRARI" duration="00:00:00.0005876" startTime="2020-08-13T17:10:21.1833904+01:00" endTime="2020-08-13T17:10:21.1840926+01:00" testType="13cdc9d9-ddb5-4fa4-a97d-d965ccfc6d4b" outcome="Passed" testListId="8c84fa94-04c1-424b-9868-57a2d4851a1d" relativeResultsDirectory="16704174-bd89-4336-98a8-990309dbfbec" />
    <UnitTestResult executionId="2862a394-d488-4625-a805-dea4f4587a50" testId="4e1a5879-f3c8-4fdb-51d0-c4cf0a35e0bf" testName="ToInt_Passing_Enumeration_Name_Returns_Value" computerName="PC-SFERRARI" duration="00:00:00.0001786" startTime="2020-08-13T17:10:21.9512748+01:00" endTime="2020-08-13T17:10:21.9515318+01:00" testType="13cdc9d9-ddb5-4fa4-a97d-d965ccfc6d4b" outcome="Passed" testListId="8c84fa94-04c1-424b-9868-57a2d4851a1d" relativeResultsDirectory="2862a394-d488-4625-a805-dea4f4587a50" />
    <UnitTestResult executionId="0478caad-2245-4ecb-b710-e318bd1ed769" testId="2e87c537-4979-f58b-6e83-f3d4ee161ff1" testName="ToGetAll_Passing_Claims_Returns_Claim_Value_Object_List" computerName="PC-SFERRARI" duration="00:00:00.0337882" startTime="2020-08-13T17:10:21.3309487+01:00" endTime="2020-08-13T17:10:21.3648807+01:00" testType="13cdc9d9-ddb5-4fa4-a97d-d965ccfc6d4b" outcome="Passed" testListId="8c84fa94-04c1-424b-9868-57a2d4851a1d" relativeResultsDirectory="0478caad-2245-4ecb-b710-e318bd1ed769" />
    <UnitTestResult executionId="71885992-48f1-4421-8b1f-ee8f9d40e520" testId="4d9bde6c-668c-a1d3-dc60-edcfc6a4082c" testName="IsLess_Passing_InvalidArguments_Returns_HasErrorsAndCount" computerName="PC-SFERRARI" duration="00:00:00.0022723" startTime="2020-08-13T17:10:21.1607358+01:00" endTime="2020-08-13T17:10:21.1631110+01:00" testType="13cdc9d9-ddb5-4fa4-a97d-d965ccfc6d4b" outcome="Passed" testListId="8c84fa94-04c1-424b-9868-57a2d4851a1d" relativeResultsDirectory="71885992-48f1-4421-8b1f-ee8f9d40e520" />
    <UnitTestResult executionId="a7e716aa-5619-4328-ac1a-3906b707ed14" testId="42ded375-26ee-044e-44a7-9eab5e4cd342" testName="ToReadOnly_Passing_Valid_Collection_Returns_Readonly_Collection" computerName="PC-SFERRARI" duration="00:00:00.0008388" startTime="2020-08-13T17:10:21.9034853+01:00" endTime="2020-08-13T17:10:21.9044136+01:00" testType="13cdc9d9-ddb5-4fa4-a97d-d965ccfc6d4b" outcome="Passed" testListId="8c84fa94-04c1-424b-9868-57a2d4851a1d" relativeResultsDirectory="a7e716aa-5619-4328-ac1a-3906b707ed14" />
    <UnitTestResult executionId="849b6afa-dfdc-4152-b076-abe06c8949a2" testId="4a2e80a7-472b-b7f7-ba61-ac77aed5735d" testName="ToHeader_Passing_HttpRequest_Header_Value_Returns_Value" computerName="PC-SFERRARI" duration="00:00:00.0019157" startTime="2020-08-13T17:10:22.1128583+01:00" endTime="2020-08-13T17:10:22.1149123+01:00" testType="13cdc9d9-ddb5-4fa4-a97d-d965ccfc6d4b" outcome="Passed" testListId="8c84fa94-04c1-424b-9868-57a2d4851a1d" relativeResultsDirectory="849b6afa-dfdc-4152-b076-abe06c8949a2" />
    <UnitTestResult executionId="450c7579-ca28-4f50-a759-7d1cdfecc4fd" testId="c09577a6-adca-ef94-40b5-45575ad65e4f" testName="ToEnvironment_ServiceProvider_Passing_Development_Enviroment_Returns_Development_Name" computerName="PC-SFERRARI" duration="00:00:00.0004776" startTime="2020-08-13T17:10:21.6380348+01:00" endTime="2020-08-13T17:10:21.6385969+01:00" testType="13cdc9d9-ddb5-4fa4-a97d-d965ccfc6d4b" outcome="Passed" testListId="8c84fa94-04c1-424b-9868-57a2d4851a1d" relativeResultsDirectory="450c7579-ca28-4f50-a759-7d1cdfecc4fd" />
    <UnitTestResult executionId="6b4aebe6-8453-4c69-9a69-2ee35fcaecd7" testId="33545399-79af-5e7f-5179-57fe5645f4be" testName="ToYesterday_Passing_DateTime_Returns_Yesterday_DateTime" computerName="PC-SFERRARI" duration="00:00:00.0001919" startTime="2020-08-13T17:10:21.8914556+01:00" endTime="2020-08-13T17:10:21.8917233+01:00" testType="13cdc9d9-ddb5-4fa4-a97d-d965ccfc6d4b" outcome="Passed" testListId="8c84fa94-04c1-424b-9868-57a2d4851a1d" relativeResultsDirectory="6b4aebe6-8453-4c69-9a69-2ee35fcaecd7" />
    <UnitTestResult executionId="ce704ea4-0a78-4b35-bf67-ed64df410854" testId="ffa669f9-8e25-a33b-f8f7-c3ba4a576a2b" testName="ToDefaultValue_Passing_ValidStruct_Returns_DefaultValue" computerName="PC-SFERRARI" duration="00:00:00.0002017" startTime="2020-08-13T17:10:22.7752122+01:00" endTime="2020-08-13T17:10:22.7754866+01:00" testType="13cdc9d9-ddb5-4fa4-a97d-d965ccfc6d4b" outcome="Passed" testListId="8c84fa94-04c1-424b-9868-57a2d4851a1d" relativeResultsDirectory="ce704ea4-0a78-4b35-bf67-ed64df410854" />
    <UnitTestResult executionId="1ac52d68-f5b2-4f10-977b-980f379b759f" testId="0c633595-70e8-b011-5a46-c9c7e1687cb9" testName="ToGet_Passing_Claims_Returns_Claim_Value_String" computerName="PC-SFERRARI" duration="00:00:00.0006626" startTime="2020-08-13T17:10:21.3752927+01:00" endTime="2020-08-13T17:10:21.3760779+01:00" testType="13cdc9d9-ddb5-4fa4-a97d-d965ccfc6d4b" outcome="Passed" testListId="8c84fa94-04c1-424b-9868-57a2d4851a1d" relativeResultsDirectory="1ac52d68-f5b2-4f10-977b-980f379b759f" />
    <UnitTestResult executionId="7124f081-ccb7-469d-9052-5018e98ae84d" testId="aaa46586-7b83-9a88-e835-ae92592f98a3" testName="ToList_Passing_ValidEnumTypeWithResourceType_Returns_ValuesList" computerName="PC-SFERRARI" duration="00:00:00.0056974" startTime="2020-08-13T17:10:21.9667379+01:00" endTime="2020-08-13T17:10:21.9726110+01:00" testType="13cdc9d9-ddb5-4fa4-a97d-d965ccfc6d4b" outcome="Passed" testListId="8c84fa94-04c1-424b-9868-57a2d4851a1d" relativeResultsDirectory="7124f081-ccb7-469d-9052-5018e98ae84d" />
    <UnitTestResult executionId="d892142b-7d08-45d5-a2a4-9d9c69189769" testId="13bab721-bf36-ea1b-3f50-9937b274e83a" testName="ToTryGetHeader_Passing_HttpRequest_Header_Value_Returns_Value" computerName="PC-SFERRARI" duration="00:00:00.0098310" startTime="2020-08-13T17:10:22.1197741+01:00" endTime="2020-08-13T17:10:22.1297136+01:00" testType="13cdc9d9-ddb5-4fa4-a97d-d965ccfc6d4b" outcome="Passed" testListId="8c84fa94-04c1-424b-9868-57a2d4851a1d" relativeResultsDirectory="d892142b-7d08-45d5-a2a4-9d9c69189769" />
    <UnitTestResult executionId="9320ff90-8e13-4f0d-bfe3-f39fd09901be" testId="a03675ec-665e-f4d5-4630-89e50dac0bfb" testName="ToTryContentType_Passing_HttpRequestWithContentType_Value_Returns_ContentType_String_Value" computerName="PC-SFERRARI" duration="00:00:00.0006629" startTime="2020-08-13T17:10:22.1183962+01:00" endTime="2020-08-13T17:10:22.1191598+01:00" testType="13cdc9d9-ddb5-4fa4-a97d-d965ccfc6d4b" outcome="Passed" testListId="8c84fa94-04c1-424b-9868-57a2d4851a1d" relativeResultsDirectory="9320ff90-8e13-4f0d-bfe3-f39fd09901be" />
    <UnitTestResult executionId="1871403d-83be-415e-b73d-fb455d3514e3" testId="118e36ba-6572-1245-e05b-9bcc7b4e5e20" testName="ToBytes_Passing_Object_Returns_Bytes" computerName="PC-SFERRARI" duration="00:00:00.0007084" startTime="2020-08-13T17:10:21.9918367+01:00" endTime="2020-08-13T17:10:21.9927763+01:00" testType="13cdc9d9-ddb5-4fa4-a97d-d965ccfc6d4b" outcome="Passed" testListId="8c84fa94-04c1-424b-9868-57a2d4851a1d" relativeResultsDirectory="1871403d-83be-415e-b73d-fb455d3514e3" />
    <UnitTestResult executionId="cd1f8a88-5f30-4025-a738-ecb584b25ed5" testId="e1a72c94-958d-7abb-4a96-4b60b12f8157" testName="ToFullMessage_Passing_ExceptionWithMessageWithInnerException_Returns_Full_Message" computerName="PC-SFERRARI" duration="00:00:00.0156223" startTime="2020-08-13T17:10:21.9752566+01:00" endTime="2020-08-13T17:10:21.9911073+01:00" testType="13cdc9d9-ddb5-4fa4-a97d-d965ccfc6d4b" outcome="Passed" testListId="8c84fa94-04c1-424b-9868-57a2d4851a1d" relativeResultsDirectory="cd1f8a88-5f30-4025-a738-ecb584b25ed5" />
    <UnitTestResult executionId="ab6c6ec5-b5ce-42f7-9c36-186365a57759" testId="225c09bd-86d5-d9ce-d2b8-18431ca384e3" testName="ToDefaultValue_Passing_ValidGuid_Returns_DefaultValue" computerName="PC-SFERRARI" duration="00:00:00.0002288" startTime="2020-08-13T17:10:22.7744508+01:00" endTime="2020-08-13T17:10:22.7747660+01:00" testType="13cdc9d9-ddb5-4fa4-a97d-d965ccfc6d4b" outcome="Passed" testListId="8c84fa94-04c1-424b-9868-57a2d4851a1d" relativeResultsDirectory="ab6c6ec5-b5ce-42f7-9c36-186365a57759" />
    <UnitTestResult executionId="ad5a9483-03e4-4469-8acc-b85257dd79da" testId="a272f84c-2bd5-daa4-4afe-22346b802f86" testName="ToGet_Passing_Claims_Returns_Claim_Value_Object" computerName="PC-SFERRARI" duration="00:00:00.0067927" startTime="2020-08-13T17:10:21.3683337+01:00" endTime="2020-08-13T17:10:21.3752560+01:00" testType="13cdc9d9-ddb5-4fa4-a97d-d965ccfc6d4b" outcome="Passed" testListId="8c84fa94-04c1-424b-9868-57a2d4851a1d" relativeResultsDirectory="ad5a9483-03e4-4469-8acc-b85257dd79da" />
    <UnitTestResult executionId="03f2d17a-1254-4ac5-b1e9-ff655bad1f38" testId="760ae14b-6c0d-0288-811d-408b67937415" testName="ToServiceMatchingInterface_Passing_Empties_Assemblies_Returns_ApplicationException" computerName="PC-SFERRARI" duration="00:00:00.0191805" startTime="2020-08-13T17:10:21.6394103+01:00" endTime="2020-08-13T17:10:21.6586837+01:00" testType="13cdc9d9-ddb5-4fa4-a97d-d965ccfc6d4b" outcome="Passed" testListId="8c84fa94-04c1-424b-9868-57a2d4851a1d" relativeResultsDirectory="03f2d17a-1254-4ac5-b1e9-ff655bad1f38" />
    <UnitTestResult executionId="0db024e3-d641-4a35-9c3d-3f850ab37788" testId="26cc48e2-5e82-bc12-cf41-e3a984599b8d" testName="ToUserName_Passing_Invalid_ClaimsPrincipal_Returns_Null" computerName="PC-SFERRARI" duration="00:00:00.0004806" startTime="2020-08-13T17:10:21.4127960+01:00" endTime="2020-08-13T17:10:21.4133766+01:00" testType="13cdc9d9-ddb5-4fa4-a97d-d965ccfc6d4b" outcome="Passed" testListId="8c84fa94-04c1-424b-9868-57a2d4851a1d" relativeResultsDirectory="0db024e3-d641-4a35-9c3d-3f850ab37788" />
    <UnitTestResult executionId="7fc857a1-3f5d-426f-8e48-9d13d25cb5c2" testId="1577c538-d1be-5b59-2b09-8e59b0be5fcd" testName="ToSettings_Passing_Values_From_AppSettingsFile_Returns_Settings" computerName="PC-SFERRARI" duration="00:00:00.1416863" startTime="2020-08-13T17:10:21.7202180+01:00" endTime="2020-08-13T17:10:21.8619939+01:00" testType="13cdc9d9-ddb5-4fa4-a97d-d965ccfc6d4b" outcome="Passed" testListId="8c84fa94-04c1-424b-9868-57a2d4851a1d" relativeResultsDirectory="7fc857a1-3f5d-426f-8e48-9d13d25cb5c2" />
    <UnitTestResult executionId="07ae1989-9fcb-47f8-8e38-1dbdedfb1c83" testId="f2debf4a-2a42-7b0b-1005-8f74a6fc63cb" testName="IsSubdomain_Passing_InvalidArguments_Returns_HasErrorsAndCount" computerName="PC-SFERRARI" duration="00:00:00.0004749" startTime="2020-08-13T17:10:21.1854008+01:00" endTime="2020-08-13T17:10:21.1859720+01:00" testType="13cdc9d9-ddb5-4fa4-a97d-d965ccfc6d4b" outcome="Passed" testListId="8c84fa94-04c1-424b-9868-57a2d4851a1d" relativeResultsDirectory="07ae1989-9fcb-47f8-8e38-1dbdedfb1c83" />
    <UnitTestResult executionId="c466e49d-2f00-47f4-802a-60f6c4c11148" testId="161f5d07-7835-e575-5072-b9d787ef451c" testName="ToResultAsync_Passing_StatusCodeAnd_MessageAndContentTypeAndHeader_Values_Returns_Values" computerName="PC-SFERRARI" duration="00:00:00.3404051" startTime="2020-08-13T17:10:22.1370178+01:00" endTime="2020-08-13T17:10:22.4851471+01:00" testType="13cdc9d9-ddb5-4fa4-a97d-d965ccfc6d4b" outcome="Passed" testListId="8c84fa94-04c1-424b-9868-57a2d4851a1d" relativeResultsDirectory="c466e49d-2f00-47f4-802a-60f6c4c11148" resultType="DataDrivenTest">
      <InnerResults>
        <UnitTestResult executionId="8ec5eef8-1ad1-4ca1-9aaf-6273281f835c" parentExecutionId="c466e49d-2f00-47f4-802a-60f6c4c11148" testId="161f5d07-7835-e575-5072-b9d787ef451c" testName="ToResultAsync_Passing_StatusCodeAnd_MessageAndContentTypeAndHeader_Values_Returns_Values (/test)" computerName="PC-SFERRARI" duration="00:00:00.3403122" startTime="2020-08-13T17:10:22.1370178+01:00" endTime="2020-08-13T17:10:22.4851471+01:00" testType="13cdc9d9-ddb5-4fa4-a97d-d965ccfc6d4b" outcome="Passed" testListId="8c84fa94-04c1-424b-9868-57a2d4851a1d" relativeResultsDirectory="8ec5eef8-1ad1-4ca1-9aaf-6273281f835c" dataRowInfo="1" resultType="DataDrivenDataRow" />
      </InnerResults>
    </UnitTestResult>
    <UnitTestResult executionId="00451c27-8efb-405e-a3d1-aa8c4b4ae9f8" testId="7a313c49-8adc-98e3-cdda-86b900f0ade6" testName="ToCompress_Passing_Value_Bytes_Returns_Value_Bytes" computerName="PC-SFERRARI" duration="00:00:00.0004208" startTime="2020-08-13T17:10:21.0894294+01:00" endTime="2020-08-13T17:10:21.0899831+01:00" testType="13cdc9d9-ddb5-4fa4-a97d-d965ccfc6d4b" outcome="Passed" testListId="8c84fa94-04c1-424b-9868-57a2d4851a1d" relativeResultsDirectory="00451c27-8efb-405e-a3d1-aa8c4b4ae9f8" />
    <UnitTestResult executionId="af9a9772-3b9d-4a49-b44b-08c04919ca1f" testId="a4956cd8-34a7-6fca-5b71-6eb98cedd9b0" testName="ToEndOfTheMonth_Passing_DateTime_Returns_End_Of_Month_DateTime" computerName="PC-SFERRARI" duration="00:00:00.0007293" startTime="2020-08-13T17:10:21.8681007+01:00" endTime="2020-08-13T17:10:21.8689159+01:00" testType="13cdc9d9-ddb5-4fa4-a97d-d965ccfc6d4b" outcome="Passed" testListId="8c84fa94-04c1-424b-9868-57a2d4851a1d" relativeResultsDirectory="af9a9772-3b9d-4a49-b44b-08c04919ca1f" />
    <UnitTestResult executionId="3193cae3-0011-4d77-92bd-5451ecf194e0" testId="1b969e76-d97c-c639-c377-a41796fbb2c3" testName="ToHashAlgorithmName_Passing_InvalidValueString_Returns_Null" computerName="PC-SFERRARI" duration="00:00:00.0002152" startTime="2020-08-13T17:10:22.6175867+01:00" endTime="2020-08-13T17:10:22.6192942+01:00" testType="13cdc9d9-ddb5-4fa4-a97d-d965ccfc6d4b" outcome="Passed" testListId="8c84fa94-04c1-424b-9868-57a2d4851a1d" relativeResultsDirectory="3193cae3-0011-4d77-92bd-5451ecf194e0" resultType="DataDrivenTest">
      <InnerResults>
        <UnitTestResult executionId="d5ca09b8-5c75-4d34-aa55-00392438760a" parentExecutionId="3193cae3-0011-4d77-92bd-5451ecf194e0" testId="1b969e76-d97c-c639-c377-a41796fbb2c3" testName="ToHashAlgorithmName_Passing_InvalidValueString_Returns_Null (hhhhhh)" computerName="PC-SFERRARI" duration="00:00:00.0001745" startTime="2020-08-13T17:10:22.6175867+01:00" endTime="2020-08-13T17:10:22.6192942+01:00" testType="13cdc9d9-ddb5-4fa4-a97d-d965ccfc6d4b" outcome="Passed" testListId="8c84fa94-04c1-424b-9868-57a2d4851a1d" relativeResultsDirectory="d5ca09b8-5c75-4d34-aa55-00392438760a" dataRowInfo="1" resultType="DataDrivenDataRow" />
      </InnerResults>
    </UnitTestResult>
    <UnitTestResult executionId="a3972db9-6cb4-49da-ae08-cc67108c69ff" testId="e8138724-52f6-6999-ada4-cbc441f2cd15" testName="ToEmailMaskUserNameAndDomain_Passing_ValidEmail_Returns_EmailWithMask" computerName="PC-SFERRARI" duration="00:00:00.0002514" startTime="2020-08-13T17:10:22.5898087+01:00" endTime="2020-08-13T17:10:22.5901471+01:00" testType="13cdc9d9-ddb5-4fa4-a97d-d965ccfc6d4b" outcome="Passed" testListId="8c84fa94-04c1-424b-9868-57a2d4851a1d" relativeResultsDirectory="a3972db9-6cb4-49da-ae08-cc67108c69ff" resultType="DataDrivenTest">
      <InnerResults>
        <UnitTestResult executionId="db38f33c-1f6a-47c5-a649-39ce70231cb5" parentExecutionId="a3972db9-6cb4-49da-ae08-cc67108c69ff" testId="e8138724-52f6-6999-ada4-cbc441f2cd15" testName="ToEmailMaskUserNameAndDomain_Passing_ValidEmail_Returns_EmailWithMask (miemail@gmail.com,m*****l@g***l.com)" computerName="PC-SFERRARI" duration="00:00:00.0002131" startTime="2020-08-13T17:10:22.5898087+01:00" endTime="2020-08-13T17:10:22.5901471+01:00" testType="13cdc9d9-ddb5-4fa4-a97d-d965ccfc6d4b" outcome="Passed" testListId="8c84fa94-04c1-424b-9868-57a2d4851a1d" relativeResultsDirectory="db38f33c-1f6a-47c5-a649-39ce70231cb5" dataRowInfo="1" resultType="DataDrivenDataRow" />
      </InnerResults>
    </UnitTestResult>
    <UnitTestResult executionId="738ac877-ac58-493f-a0e4-37f58dc6b6b4" testId="ede15cdf-3d1b-3e1a-18dc-485a2d50fe42" testName="ToFormat_Passing_ValidTimeSpanValue_Returns_ValueWithFormatString" computerName="PC-SFERRARI" duration="00:00:00.0006811" startTime="2020-08-13T17:10:22.7730446+01:00" endTime="2020-08-13T17:10:22.7740184+01:00" testType="13cdc9d9-ddb5-4fa4-a97d-d965ccfc6d4b" outcome="Passed" testListId="8c84fa94-04c1-424b-9868-57a2d4851a1d" relativeResultsDirectory="738ac877-ac58-493f-a0e4-37f58dc6b6b4" />
    <UnitTestResult executionId="9c8c5ac3-4123-4602-bd13-89ab1bf71b97" testId="65b9b71b-a8d5-2a7d-a8a7-0e3a015e6b68" testName="ToDirectoryTemporary_Passing_ValidValue_Returns_DirectoryExists" computerName="PC-SFERRARI" duration="00:00:00.0010598" startTime="2020-08-13T17:10:22.5743519+01:00" endTime="2020-08-13T17:10:22.5755542+01:00" testType="13cdc9d9-ddb5-4fa4-a97d-d965ccfc6d4b" outcome="Passed" testListId="8c84fa94-04c1-424b-9868-57a2d4851a1d" relativeResultsDirectory="9c8c5ac3-4123-4602-bd13-89ab1bf71b97" />
    <UnitTestResult executionId="80a96223-dcdf-4ef7-853a-7a057fda30b7" testId="e9d3a3d6-32e0-613e-b55e-48afdf1ab686" testName="ToWhere_Passing_Valid_Predicate_Returns_Filter_List" computerName="PC-SFERRARI" duration="00:00:00.0015778" startTime="2020-08-13T17:10:22.5196251+01:00" endTime="2020-08-13T17:10:22.5212999+01:00" testType="13cdc9d9-ddb5-4fa4-a97d-d965ccfc6d4b" outcome="Passed" testListId="8c84fa94-04c1-424b-9868-57a2d4851a1d" relativeResultsDirectory="80a96223-dcdf-4ef7-853a-7a057fda30b7" />
    <UnitTestResult executionId="32e615ec-8345-4751-a4f2-04137c74a6a7" testId="5e237822-3b9d-da27-9221-3ae1f5eb15b0" testName="ToEnvironment_Passing_Staging_Enviroment_Returns_Staging_Name" computerName="PC-SFERRARI" duration="00:00:00.0006822" startTime="2020-08-13T17:10:20.9605122+01:00" endTime="2020-08-13T17:10:20.9613184+01:00" testType="13cdc9d9-ddb5-4fa4-a97d-d965ccfc6d4b" outcome="Passed" testListId="8c84fa94-04c1-424b-9868-57a2d4851a1d" relativeResultsDirectory="32e615ec-8345-4751-a4f2-04137c74a6a7" />
    <UnitTestResult executionId="947fe6ee-324e-4a76-b9e7-1c3231a06939" testId="96f263a8-e1d9-0070-21ba-583144d2d030" testName="ToEnum_Passing_ValidValueInt_Returns_EnumValue" computerName="PC-SFERRARI" duration="00:00:00.0000968" startTime="2020-08-13T17:10:22.6048337+01:00" endTime="2020-08-13T17:10:22.6050128+01:00" testType="13cdc9d9-ddb5-4fa4-a97d-d965ccfc6d4b" outcome="Passed" testListId="8c84fa94-04c1-424b-9868-57a2d4851a1d" relativeResultsDirectory="947fe6ee-324e-4a76-b9e7-1c3231a06939" />
    <UnitTestResult executionId="fdc6f0fb-5c9d-4246-aa57-48872cf8022e" testId="c63cd623-e636-5730-a1fa-b18ae782acc7" testName="ToInt_Passing_Enumeration_Name_Returns_Description_Atributte" computerName="PC-SFERRARI" duration="00:00:00.0003813" startTime="2020-08-13T17:10:21.9507570+01:00" endTime="2020-08-13T17:10:21.9512519+01:00" testType="13cdc9d9-ddb5-4fa4-a97d-d965ccfc6d4b" outcome="Passed" testListId="8c84fa94-04c1-424b-9868-57a2d4851a1d" relativeResultsDirectory="fdc6f0fb-5c9d-4246-aa57-48872cf8022e" />
    <UnitTestResult executionId="4b526cd7-9085-476b-b6af-745f1480026e" testId="0b00f09d-f7e4-fb1e-68ad-8102cf6143e0" testName="ToPaged_Passing_Name_Descending_Order_Returns_Filter_List" computerName="PC-SFERRARI" duration="00:00:00.0004568" startTime="2020-08-13T17:10:22.5167792+01:00" endTime="2020-08-13T17:10:22.5173644+01:00" testType="13cdc9d9-ddb5-4fa4-a97d-d965ccfc6d4b" outcome="Passed" testListId="8c84fa94-04c1-424b-9868-57a2d4851a1d" relativeResultsDirectory="4b526cd7-9085-476b-b6af-745f1480026e" />
    <UnitTestResult executionId="b3977c56-bacf-41d9-ae46-cda03d5f5af9" testId="55f84516-b3d2-35a4-2f3f-b6558c160cb1" testName="ToThrowIfNullOrAny_Passing_InvalidValue_Returns_ApplicationExceptionWithMessage" computerName="PC-SFERRARI" duration="00:00:00.0008551" startTime="2020-08-13T17:10:21.0934887+01:00" endTime="2020-08-13T17:10:21.0944210+01:00" testType="13cdc9d9-ddb5-4fa4-a97d-d965ccfc6d4b" outcome="Passed" testListId="8c84fa94-04c1-424b-9868-57a2d4851a1d" relativeResultsDirectory="b3977c56-bacf-41d9-ae46-cda03d5f5af9" />
    <UnitTestResult executionId="5736c853-808a-417d-a52d-f202f5c146b2" testId="1a919c7e-4e1e-08f8-d5ef-a9418bde23f0" testName="ToEnvironment_Passing_NotFound_Service_Returns_ApplicationException" computerName="PC-SFERRARI" duration="00:00:00.0006233" startTime="2020-08-13T17:10:21.6351649+01:00" endTime="2020-08-13T17:10:21.6359885+01:00" testType="13cdc9d9-ddb5-4fa4-a97d-d965ccfc6d4b" outcome="Passed" testListId="8c84fa94-04c1-424b-9868-57a2d4851a1d" relativeResultsDirectory="5736c853-808a-417d-a52d-f202f5c146b2" />
    <UnitTestResult executionId="82a20c2b-838d-446d-932d-70164a18954b" testId="bb347f18-44ab-0d77-d5bd-a671e4c37650" testName="ToRemove_Passing_ValidValue_Returns_ValueWithoutRemovedChars" computerName="PC-SFERRARI" duration="00:00:00.0008158" startTime="2020-08-13T17:10:22.6541159+01:00" endTime="2020-08-13T17:10:22.6551348+01:00" testType="13cdc9d9-ddb5-4fa4-a97d-d965ccfc6d4b" outcome="Passed" testListId="8c84fa94-04c1-424b-9868-57a2d4851a1d" relativeResultsDirectory="82a20c2b-838d-446d-932d-70164a18954b" resultType="DataDrivenTest">
      <InnerResults>
        <UnitTestResult executionId="e81e1b27-5e39-4bac-8ac9-3a9f1c1d06c0" parentExecutionId="82a20c2b-838d-446d-932d-70164a18954b" testId="bb347f18-44ab-0d77-d5bd-a671e4c37650" testName="ToRemove_Passing_ValidValue_Returns_ValueWithoutRemovedChars ( *, ,*)" computerName="PC-SFERRARI" duration="00:00:00.0005789" startTime="2020-08-13T17:10:22.6541159+01:00" endTime="2020-08-13T17:10:22.6551348+01:00" testType="13cdc9d9-ddb5-4fa4-a97d-d965ccfc6d4b" outcome="Passed" testListId="8c84fa94-04c1-424b-9868-57a2d4851a1d" relativeResultsDirectory="e81e1b27-5e39-4bac-8ac9-3a9f1c1d06c0" dataRowInfo="1" resultType="DataDrivenDataRow" />
        <UnitTestResult executionId="7330a34b-071a-44a2-8a7d-571587f99025" parentExecutionId="82a20c2b-838d-446d-932d-70164a18954b" testId="bb347f18-44ab-0d77-d5bd-a671e4c37650" testName="ToRemove_Passing_ValidValue_Returns_ValueWithoutRemovedChars (* , ,*)" computerName="PC-SFERRARI" duration="00:00:00.0000068" startTime="2020-08-13T17:10:22.6541159+01:00" endTime="2020-08-13T17:10:22.6551348+01:00" testType="13cdc9d9-ddb5-4fa4-a97d-d965ccfc6d4b" outcome="Passed" testListId="8c84fa94-04c1-424b-9868-57a2d4851a1d" relativeResultsDirectory="7330a34b-071a-44a2-8a7d-571587f99025" dataRowInfo="2" resultType="DataDrivenDataRow" />
        <UnitTestResult executionId="875ec5ae-5948-4dcf-aa2d-006401e0ee78" parentExecutionId="82a20c2b-838d-446d-932d-70164a18954b" testId="bb347f18-44ab-0d77-d5bd-a671e4c37650" testName="ToRemove_Passing_ValidValue_Returns_ValueWithoutRemovedChars ( * , ,*)" computerName="PC-SFERRARI" duration="00:00:00.0000037" startTime="2020-08-13T17:10:22.6541159+01:00" endTime="2020-08-13T17:10:22.6551348+01:00" testType="13cdc9d9-ddb5-4fa4-a97d-d965ccfc6d4b" outcome="Passed" testListId="8c84fa94-04c1-424b-9868-57a2d4851a1d" relativeResultsDirectory="875ec5ae-5948-4dcf-aa2d-006401e0ee78" dataRowInfo="3" resultType="DataDrivenDataRow" />
        <UnitTestResult executionId="211d43b1-be73-4404-97f6-0a0fb11f6884" parentExecutionId="82a20c2b-838d-446d-932d-70164a18954b" testId="bb347f18-44ab-0d77-d5bd-a671e4c37650" testName="ToRemove_Passing_ValidValue_Returns_ValueWithoutRemovedChars (hello hello, ,hellohello)" computerName="PC-SFERRARI" duration="00:00:00.0000040" startTime="2020-08-13T17:10:22.6541159+01:00" endTime="2020-08-13T17:10:22.6551348+01:00" testType="13cdc9d9-ddb5-4fa4-a97d-d965ccfc6d4b" outcome="Passed" testListId="8c84fa94-04c1-424b-9868-57a2d4851a1d" relativeResultsDirectory="211d43b1-be73-4404-97f6-0a0fb11f6884" dataRowInfo="4" resultType="DataDrivenDataRow" />
        <UnitTestResult executionId="21f08eb4-e2f5-4471-b87d-fee5b302d735" parentExecutionId="82a20c2b-838d-446d-932d-70164a18954b" testId="bb347f18-44ab-0d77-d5bd-a671e4c37650" testName="ToRemove_Passing_ValidValue_Returns_ValueWithoutRemovedChars (hello hello , ,hellohello)" computerName="PC-SFERRARI" duration="00:00:00.0000035" startTime="2020-08-13T17:10:22.6541159+01:00" endTime="2020-08-13T17:10:22.6551348+01:00" testType="13cdc9d9-ddb5-4fa4-a97d-d965ccfc6d4b" outcome="Passed" testListId="8c84fa94-04c1-424b-9868-57a2d4851a1d" relativeResultsDirectory="21f08eb4-e2f5-4471-b87d-fee5b302d735" dataRowInfo="5" resultType="DataDrivenDataRow" />
        <UnitTestResult executionId="0c1c8fae-2edb-4e67-8c2d-faba7ef62647" parentExecutionId="82a20c2b-838d-446d-932d-70164a18954b" testId="bb347f18-44ab-0d77-d5bd-a671e4c37650" testName="ToRemove_Passing_ValidValue_Returns_ValueWithoutRemovedChars ( hello hello , ,hellohello)" computerName="PC-SFERRARI" duration="00:00:00.0000037" startTime="2020-08-13T17:10:22.6541159+01:00" endTime="2020-08-13T17:10:22.6551348+01:00" testType="13cdc9d9-ddb5-4fa4-a97d-d965ccfc6d4b" outcome="Passed" testListId="8c84fa94-04c1-424b-9868-57a2d4851a1d" relativeResultsDirectory="0c1c8fae-2edb-4e67-8c2d-faba7ef62647" dataRowInfo="6" resultType="DataDrivenDataRow" />
        <UnitTestResult executionId="7a914393-715a-4206-a1e1-e0e6ca0b57e3" parentExecutionId="82a20c2b-838d-446d-932d-70164a18954b" testId="bb347f18-44ab-0d77-d5bd-a671e4c37650" testName="ToRemove_Passing_ValidValue_Returns_ValueWithoutRemovedChars (aeiou,a,eiou)" computerName="PC-SFERRARI" duration="00:00:00.0000033" startTime="2020-08-13T17:10:22.6541159+01:00" endTime="2020-08-13T17:10:22.6551348+01:00" testType="13cdc9d9-ddb5-4fa4-a97d-d965ccfc6d4b" outcome="Passed" testListId="8c84fa94-04c1-424b-9868-57a2d4851a1d" relativeResultsDirectory="7a914393-715a-4206-a1e1-e0e6ca0b57e3" dataRowInfo="7" resultType="DataDrivenDataRow" />
        <UnitTestResult executionId="f69203bf-e560-4c27-aa63-230d89dfde2a" parentExecutionId="82a20c2b-838d-446d-932d-70164a18954b" testId="bb347f18-44ab-0d77-d5bd-a671e4c37650" testName="ToRemove_Passing_ValidValue_Returns_ValueWithoutRemovedChars (aeiou,ae,iou)" computerName="PC-SFERRARI" duration="00:00:00.0000033" startTime="2020-08-13T17:10:22.6541159+01:00" endTime="2020-08-13T17:10:22.6551348+01:00" testType="13cdc9d9-ddb5-4fa4-a97d-d965ccfc6d4b" outcome="Passed" testListId="8c84fa94-04c1-424b-9868-57a2d4851a1d" relativeResultsDirectory="f69203bf-e560-4c27-aa63-230d89dfde2a" dataRowInfo="8" resultType="DataDrivenDataRow" />
        <UnitTestResult executionId="85951eaf-a487-4863-82fb-48edd232e8c3" parentExecutionId="82a20c2b-838d-446d-932d-70164a18954b" testId="bb347f18-44ab-0d77-d5bd-a671e4c37650" testName="ToRemove_Passing_ValidValue_Returns_ValueWithoutRemovedChars (aeiou,aei,ou)" computerName="PC-SFERRARI" duration="00:00:00.0000032" startTime="2020-08-13T17:10:22.6541159+01:00" endTime="2020-08-13T17:10:22.6551348+01:00" testType="13cdc9d9-ddb5-4fa4-a97d-d965ccfc6d4b" outcome="Passed" testListId="8c84fa94-04c1-424b-9868-57a2d4851a1d" relativeResultsDirectory="85951eaf-a487-4863-82fb-48edd232e8c3" dataRowInfo="9" resultType="DataDrivenDataRow" />
        <UnitTestResult executionId="9406d7c3-37c2-4435-846a-f6eb88769af2" parentExecutionId="82a20c2b-838d-446d-932d-70164a18954b" testId="bb347f18-44ab-0d77-d5bd-a671e4c37650" testName="ToRemove_Passing_ValidValue_Returns_ValueWithoutRemovedChars (aeiou,aeio,u)" computerName="PC-SFERRARI" duration="00:00:00.0000032" startTime="2020-08-13T17:10:22.6541159+01:00" endTime="2020-08-13T17:10:22.6551348+01:00" testType="13cdc9d9-ddb5-4fa4-a97d-d965ccfc6d4b" outcome="Passed" testListId="8c84fa94-04c1-424b-9868-57a2d4851a1d" relativeResultsDirectory="9406d7c3-37c2-4435-846a-f6eb88769af2" dataRowInfo="10" resultType="DataDrivenDataRow" />
        <UnitTestResult executionId="57c6b47c-211f-4548-a85a-2d240c924fa7" parentExecutionId="82a20c2b-838d-446d-932d-70164a18954b" testId="bb347f18-44ab-0d77-d5bd-a671e4c37650" testName="ToRemove_Passing_ValidValue_Returns_ValueWithoutRemovedChars (aeiou,aeiou,)" computerName="PC-SFERRARI" duration="00:00:00.0000031" startTime="2020-08-13T17:10:22.6541159+01:00" endTime="2020-08-13T17:10:22.6551348+01:00" testType="13cdc9d9-ddb5-4fa4-a97d-d965ccfc6d4b" outcome="Passed" testListId="8c84fa94-04c1-424b-9868-57a2d4851a1d" relativeResultsDirectory="57c6b47c-211f-4548-a85a-2d240c924fa7" dataRowInfo="11" resultType="DataDrivenDataRow" />
        <UnitTestResult executionId="7310bbae-b586-4f89-81ce-d741b3a5c826" parentExecutionId="82a20c2b-838d-446d-932d-70164a18954b" testId="bb347f18-44ab-0d77-d5bd-a671e4c37650" testName="ToRemove_Passing_ValidValue_Returns_ValueWithoutRemovedChars (aeiou,e,aiou)" computerName="PC-SFERRARI" duration="00:00:00.0000032" startTime="2020-08-13T17:10:22.6541159+01:00" endTime="2020-08-13T17:10:22.6551348+01:00" testType="13cdc9d9-ddb5-4fa4-a97d-d965ccfc6d4b" outcome="Passed" testListId="8c84fa94-04c1-424b-9868-57a2d4851a1d" relativeResultsDirectory="7310bbae-b586-4f89-81ce-d741b3a5c826" dataRowInfo="12" resultType="DataDrivenDataRow" />
        <UnitTestResult executionId="d1be6476-0f4b-4af7-874c-b7cd42bcba7f" parentExecutionId="82a20c2b-838d-446d-932d-70164a18954b" testId="bb347f18-44ab-0d77-d5bd-a671e4c37650" testName="ToRemove_Passing_ValidValue_Returns_ValueWithoutRemovedChars (aeiou,ei,aou)" computerName="PC-SFERRARI" duration="00:00:00.0000032" startTime="2020-08-13T17:10:22.6541159+01:00" endTime="2020-08-13T17:10:22.6551348+01:00" testType="13cdc9d9-ddb5-4fa4-a97d-d965ccfc6d4b" outcome="Passed" testListId="8c84fa94-04c1-424b-9868-57a2d4851a1d" relativeResultsDirectory="d1be6476-0f4b-4af7-874c-b7cd42bcba7f" dataRowInfo="13" resultType="DataDrivenDataRow" />
      </InnerResults>
    </UnitTestResult>
    <UnitTestResult executionId="0a919d32-e807-4391-a24f-d952e383a6af" testId="605637df-9854-875b-b3aa-6675f3fbd045" testName="ToEnum_Passing_ValidValue_String_Returns_EnumValue" computerName="PC-SFERRARI" duration="00:00:00.0000974" startTime="2020-08-13T17:10:22.6050326+01:00" endTime="2020-08-13T17:10:22.6052184+01:00" testType="13cdc9d9-ddb5-4fa4-a97d-d965ccfc6d4b" outcome="Passed" testListId="8c84fa94-04c1-424b-9868-57a2d4851a1d" relativeResultsDirectory="0a919d32-e807-4391-a24f-d952e383a6af" />
    <UnitTestResult executionId="10cd4bf3-0b03-4da8-b0bb-8da2fa54fedd" testId="5c861184-f295-e727-0fd4-d218f13da14d" testName="ToConfiguration_Passing_Empty_DirectoryPath_Returns_ApplicationException" computerName="PC-SFERRARI" duration="00:00:00.0699230" startTime="2020-08-13T17:10:21.4147882+01:00" endTime="2020-08-13T17:10:21.4850265+01:00" testType="13cdc9d9-ddb5-4fa4-a97d-d965ccfc6d4b" outcome="Passed" testListId="8c84fa94-04c1-424b-9868-57a2d4851a1d" relativeResultsDirectory="10cd4bf3-0b03-4da8-b0bb-8da2fa54fedd" />
    <UnitTestResult executionId="fb180f99-2545-43dc-acad-700191447b5e" testId="46cc46f0-c0e1-f3e6-2242-cdef90a4249a" testName="ToMapNew_Passing_TSource_And_TDestination_Returns_New_TDestination_Object" computerName="PC-SFERRARI" duration="00:00:00.0004529" startTime="2020-08-13T17:10:20.3090491+01:00" endTime="2020-08-13T17:10:20.3096268+01:00" testType="13cdc9d9-ddb5-4fa4-a97d-d965ccfc6d4b" outcome="Passed" testListId="8c84fa94-04c1-424b-9868-57a2d4851a1d" relativeResultsDirectory="fb180f99-2545-43dc-acad-700191447b5e" />
    <UnitTestResult executionId="52529fe6-be15-4d21-baca-a7becb12d92b" testId="4315ebd1-3e2a-edf0-9de6-c78f08760fe3" testName="ToFirstLetterLower_Passing_ValidValue_Returns_StringWithFirstLetterLower" computerName="PC-SFERRARI" duration="00:00:00.0002542" startTime="2020-08-13T17:10:22.6052381+01:00" endTime="2020-08-13T17:10:22.6055613+01:00" testType="13cdc9d9-ddb5-4fa4-a97d-d965ccfc6d4b" outcome="Passed" testListId="8c84fa94-04c1-424b-9868-57a2d4851a1d" relativeResultsDirectory="52529fe6-be15-4d21-baca-a7becb12d92b" resultType="DataDrivenTest">
      <InnerResults>
        <UnitTestResult executionId="822cb6fc-08cf-4591-9b61-0b3f097ad418" parentExecutionId="52529fe6-be15-4d21-baca-a7becb12d92b" testId="4315ebd1-3e2a-edf0-9de6-c78f08760fe3" testName="ToFirstLetterLower_Passing_ValidValue_Returns_StringWithFirstLetterLower (AAAAAA,aAAAAA)" computerName="PC-SFERRARI" duration="00:00:00.0002113" startTime="2020-08-13T17:10:22.6052381+01:00" endTime="2020-08-13T17:10:22.6055613+01:00" testType="13cdc9d9-ddb5-4fa4-a97d-d965ccfc6d4b" outcome="Passed" testListId="8c84fa94-04c1-424b-9868-57a2d4851a1d" relativeResultsDirectory="822cb6fc-08cf-4591-9b61-0b3f097ad418" dataRowInfo="1" resultType="DataDrivenDataRow" />
      </InnerResults>
    </UnitTestResult>
    <UnitTestResult executionId="bc5a2760-9a88-4815-a731-89cf456fce8a" testId="b871cd27-681f-8d07-6c2a-809341ba2909" testName="ToList_Passing_ValidEnumTypeWithSelectedValue_Returns_ValuesList" computerName="PC-SFERRARI" duration="00:00:00.0003242" startTime="2020-08-13T17:10:21.9735524+01:00" endTime="2020-08-13T17:10:21.9739635+01:00" testType="13cdc9d9-ddb5-4fa4-a97d-d965ccfc6d4b" outcome="Passed" testListId="8c84fa94-04c1-424b-9868-57a2d4851a1d" relativeResultsDirectory="bc5a2760-9a88-4815-a731-89cf456fce8a" />
    <UnitTestResult executionId="0edb54e9-29a9-4b8c-960d-4438c854cb5b" testId="15fe55e5-cdce-6280-ea15-ef777735767c" testName="ToEnvironment_ServiceCollection_Passing_Production_Enviroment_Returns_Production_Name" computerName="PC-SFERRARI" duration="00:00:00.0003647" startTime="2020-08-13T17:10:21.6371093+01:00" endTime="2020-08-13T17:10:21.6375540+01:00" testType="13cdc9d9-ddb5-4fa4-a97d-d965ccfc6d4b" outcome="Passed" testListId="8c84fa94-04c1-424b-9868-57a2d4851a1d" relativeResultsDirectory="0edb54e9-29a9-4b8c-960d-4438c854cb5b" />
    <UnitTestResult executionId="b48e30ed-8683-4ea4-8d54-ce551307b759" testId="04084e8e-c859-4ef5-e2a7-4fb2803cb2a3" testName="ToReplace_Passing_ValidValue_Returns_ReplacedValue" computerName="PC-SFERRARI" duration="00:00:00.0009515" startTime="2020-08-13T17:10:22.6884087+01:00" endTime="2020-08-13T17:10:22.6895382+01:00" testType="13cdc9d9-ddb5-4fa4-a97d-d965ccfc6d4b" outcome="Passed" testListId="8c84fa94-04c1-424b-9868-57a2d4851a1d" relativeResultsDirectory="b48e30ed-8683-4ea4-8d54-ce551307b759" resultType="DataDrivenTest">
      <InnerResults>
        <UnitTestResult executionId="7459ed20-d6a2-42c3-ba8b-67f4a01a80e2" parentExecutionId="b48e30ed-8683-4ea4-8d54-ce551307b759" testId="04084e8e-c859-4ef5-e2a7-4fb2803cb2a3" testName="ToReplace_Passing_ValidValue_Returns_ReplacedValue (aeiou,*,0,1,*eiou)" computerName="PC-SFERRARI" duration="00:00:00.0007892" startTime="2020-08-13T17:10:22.6884087+01:00" endTime="2020-08-13T17:10:22.6895382+01:00" testType="13cdc9d9-ddb5-4fa4-a97d-d965ccfc6d4b" outcome="Passed" testListId="8c84fa94-04c1-424b-9868-57a2d4851a1d" relativeResultsDirectory="7459ed20-d6a2-42c3-ba8b-67f4a01a80e2" dataRowInfo="1" resultType="DataDrivenDataRow" />
        <UnitTestResult executionId="6a3ad6e5-dc3d-4940-a6b4-f440ed012ae8" parentExecutionId="b48e30ed-8683-4ea4-8d54-ce551307b759" testId="04084e8e-c859-4ef5-e2a7-4fb2803cb2a3" testName="ToReplace_Passing_ValidValue_Returns_ReplacedValue (aeiou,*,0,2,**iou)" computerName="PC-SFERRARI" duration="00:00:00.0000058" startTime="2020-08-13T17:10:22.6884087+01:00" endTime="2020-08-13T17:10:22.6895382+01:00" testType="13cdc9d9-ddb5-4fa4-a97d-d965ccfc6d4b" outcome="Passed" testListId="8c84fa94-04c1-424b-9868-57a2d4851a1d" relativeResultsDirectory="6a3ad6e5-dc3d-4940-a6b4-f440ed012ae8" dataRowInfo="2" resultType="DataDrivenDataRow" />
        <UnitTestResult executionId="fea43b65-46b7-42ed-a78d-b554bfc0fdd8" parentExecutionId="b48e30ed-8683-4ea4-8d54-ce551307b759" testId="04084e8e-c859-4ef5-e2a7-4fb2803cb2a3" testName="ToReplace_Passing_ValidValue_Returns_ReplacedValue (aeiou,*,0,3,***ou)" computerName="PC-SFERRARI" duration="00:00:00.0000030" startTime="2020-08-13T17:10:22.6884087+01:00" endTime="2020-08-13T17:10:22.6895382+01:00" testType="13cdc9d9-ddb5-4fa4-a97d-d965ccfc6d4b" outcome="Passed" testListId="8c84fa94-04c1-424b-9868-57a2d4851a1d" relativeResultsDirectory="fea43b65-46b7-42ed-a78d-b554bfc0fdd8" dataRowInfo="3" resultType="DataDrivenDataRow" />
        <UnitTestResult executionId="4fa8c8e9-51f0-41db-9000-95a76e8848a8" parentExecutionId="b48e30ed-8683-4ea4-8d54-ce551307b759" testId="04084e8e-c859-4ef5-e2a7-4fb2803cb2a3" testName="ToReplace_Passing_ValidValue_Returns_ReplacedValue (aeiou,*,0,4,****u)" computerName="PC-SFERRARI" duration="00:00:00.0000037" startTime="2020-08-13T17:10:22.6884087+01:00" endTime="2020-08-13T17:10:22.6895382+01:00" testType="13cdc9d9-ddb5-4fa4-a97d-d965ccfc6d4b" outcome="Passed" testListId="8c84fa94-04c1-424b-9868-57a2d4851a1d" relativeResultsDirectory="4fa8c8e9-51f0-41db-9000-95a76e8848a8" dataRowInfo="4" resultType="DataDrivenDataRow" />
        <UnitTestResult executionId="7aab7d64-c4cd-4af6-b8ec-6eb3b3b2e1f5" parentExecutionId="b48e30ed-8683-4ea4-8d54-ce551307b759" testId="04084e8e-c859-4ef5-e2a7-4fb2803cb2a3" testName="ToReplace_Passing_ValidValue_Returns_ReplacedValue (aeiou,*,0,5,*****)" computerName="PC-SFERRARI" duration="00:00:00.0000026" startTime="2020-08-13T17:10:22.6884087+01:00" endTime="2020-08-13T17:10:22.6895382+01:00" testType="13cdc9d9-ddb5-4fa4-a97d-d965ccfc6d4b" outcome="Passed" testListId="8c84fa94-04c1-424b-9868-57a2d4851a1d" relativeResultsDirectory="7aab7d64-c4cd-4af6-b8ec-6eb3b3b2e1f5" dataRowInfo="5" resultType="DataDrivenDataRow" />
        <UnitTestResult executionId="e214bf16-768a-4868-a1f4-b1f0f1223695" parentExecutionId="b48e30ed-8683-4ea4-8d54-ce551307b759" testId="04084e8e-c859-4ef5-e2a7-4fb2803cb2a3" testName="ToReplace_Passing_ValidValue_Returns_ReplacedValue (aeiou,*,2,1,ae*ou)" computerName="PC-SFERRARI" duration="00:00:00.0000025" startTime="2020-08-13T17:10:22.6884087+01:00" endTime="2020-08-13T17:10:22.6895382+01:00" testType="13cdc9d9-ddb5-4fa4-a97d-d965ccfc6d4b" outcome="Passed" testListId="8c84fa94-04c1-424b-9868-57a2d4851a1d" relativeResultsDirectory="e214bf16-768a-4868-a1f4-b1f0f1223695" dataRowInfo="6" resultType="DataDrivenDataRow" />
        <UnitTestResult executionId="d80bde61-a49f-4885-b7c1-c9579f61552a" parentExecutionId="b48e30ed-8683-4ea4-8d54-ce551307b759" testId="04084e8e-c859-4ef5-e2a7-4fb2803cb2a3" testName="ToReplace_Passing_ValidValue_Returns_ReplacedValue (aeiou,*,2,2,ae**u)" computerName="PC-SFERRARI" duration="00:00:00.0000024" startTime="2020-08-13T17:10:22.6884087+01:00" endTime="2020-08-13T17:10:22.6895382+01:00" testType="13cdc9d9-ddb5-4fa4-a97d-d965ccfc6d4b" outcome="Passed" testListId="8c84fa94-04c1-424b-9868-57a2d4851a1d" relativeResultsDirectory="d80bde61-a49f-4885-b7c1-c9579f61552a" dataRowInfo="7" resultType="DataDrivenDataRow" />
      </InnerResults>
    </UnitTestResult>
    <UnitTestResult executionId="5ae4bf9c-2065-43f2-ab22-d40402514445" testId="40108f40-2761-0a89-d16d-ad113b5f3dd5" testName="ToDefaultValue_Passing_short_Returns_Cero" computerName="PC-SFERRARI" duration="00:00:00.0002414" startTime="2020-08-13T17:10:22.0181031+01:00" endTime="2020-08-13T17:10:22.0184078+01:00" testType="13cdc9d9-ddb5-4fa4-a97d-d965ccfc6d4b" outcome="Passed" testListId="8c84fa94-04c1-424b-9868-57a2d4851a1d" relativeResultsDirectory="5ae4bf9c-2065-43f2-ab22-d40402514445" resultType="DataDrivenTest">
      <InnerResults>
        <UnitTestResult executionId="8d06135b-7c27-472a-b385-9cabf17a6207" parentExecutionId="5ae4bf9c-2065-43f2-ab22-d40402514445" testId="40108f40-2761-0a89-d16d-ad113b5f3dd5" testName="ToDefaultValue_Passing_short_Returns_Cero (32767)" computerName="PC-SFERRARI" duration="00:00:00.0002036" startTime="2020-08-13T17:10:22.0181031+01:00" endTime="2020-08-13T17:10:22.0184078+01:00" testType="13cdc9d9-ddb5-4fa4-a97d-d965ccfc6d4b" outcome="Passed" testListId="8c84fa94-04c1-424b-9868-57a2d4851a1d" relativeResultsDirectory="8d06135b-7c27-472a-b385-9cabf17a6207" dataRowInfo="1" resultType="DataDrivenDataRow" />
      </InnerResults>
    </UnitTestResult>
    <UnitTestResult executionId="9d53474a-07b1-4daf-8d24-5c627687653f" testId="73904cd7-b09d-89fc-efca-330cb9d1d1b7" testName="ToConfiguration_Passing_Invalid_DirectoryPath_Returns_ApplicationException" computerName="PC-SFERRARI" duration="00:00:00.0005654" startTime="2020-08-13T17:10:21.4850720+01:00" endTime="2020-08-13T17:10:21.4857776+01:00" testType="13cdc9d9-ddb5-4fa4-a97d-d965ccfc6d4b" outcome="Passed" testListId="8c84fa94-04c1-424b-9868-57a2d4851a1d" relativeResultsDirectory="9d53474a-07b1-4daf-8d24-5c627687653f" />
    <UnitTestResult executionId="176f8185-b595-4f11-9d68-39386df9fa75" testId="459f13f4-e266-2f20-5c30-d2c64797095d" testName="ToIsWeekend_Passing_Friday_DateTime_Returns_False" computerName="PC-SFERRARI" duration="00:00:00.0002310" startTime="2020-08-13T17:10:21.8892523+01:00" endTime="2020-08-13T17:10:21.8895690+01:00" testType="13cdc9d9-ddb5-4fa4-a97d-d965ccfc6d4b" outcome="Passed" testListId="8c84fa94-04c1-424b-9868-57a2d4851a1d" relativeResultsDirectory="176f8185-b595-4f11-9d68-39386df9fa75" />
    <UnitTestResult executionId="759c5d56-b346-49c1-b2b5-2d39580e4ecd" testId="3443f7f5-ee1a-f375-e5b1-f7ffa940c0db" testName="ToIsLastDayOfTheMonth_Passing_NotLastDayOfMonth_Returns_False" computerName="PC-SFERRARI" duration="00:00:00.0002241" startTime="2020-08-13T17:10:21.8888230+01:00" endTime="2020-08-13T17:10:21.8892181+01:00" testType="13cdc9d9-ddb5-4fa4-a97d-d965ccfc6d4b" outcome="Passed" testListId="8c84fa94-04c1-424b-9868-57a2d4851a1d" relativeResultsDirectory="759c5d56-b346-49c1-b2b5-2d39580e4ecd" />
    <UnitTestResult executionId="7ab790de-81d3-4736-8067-9e2cd06d5282" testId="7f0aeefe-ba4a-5404-c6f8-82be67718cc4" testName="ToDirectoryDeleteFiles_Passing_ValidValue_Returns_DirectoryNoExists" computerName="PC-SFERRARI" duration="00:00:00.0156787" startTime="2020-08-13T17:10:22.5352604+01:00" endTime="2020-08-13T17:10:22.5511304+01:00" testType="13cdc9d9-ddb5-4fa4-a97d-d965ccfc6d4b" outcome="Passed" testListId="8c84fa94-04c1-424b-9868-57a2d4851a1d" relativeResultsDirectory="7ab790de-81d3-4736-8067-9e2cd06d5282" />
    <UnitTestResult executionId="669ce504-e7f7-416a-8ccf-0aa308593404" testId="6fc389b2-a5f3-ded0-63b6-7e1b4cca8442" testName="ToPaged_Passing_Name_Ascending_Order_Returns_Filter_List" computerName="PC-SFERRARI" duration="00:00:00.0038809" startTime="2020-08-13T17:10:22.5127654+01:00" endTime="2020-08-13T17:10:22.5167416+01:00" testType="13cdc9d9-ddb5-4fa4-a97d-d965ccfc6d4b" outcome="Passed" testListId="8c84fa94-04c1-424b-9868-57a2d4851a1d" relativeResultsDirectory="669ce504-e7f7-416a-8ccf-0aa308593404" />
    <UnitTestResult executionId="b1336ee2-5885-41cd-8361-ea34ed98a99b" testId="43c10c64-8836-30db-afbe-d1657a7dd9d8" testName="ToHeader_Passing_HttpRequest_Header_Many_Values_Returns_Values" computerName="PC-SFERRARI" duration="00:00:00.0403175" startTime="2020-08-13T17:10:22.0722610+01:00" endTime="2020-08-13T17:10:22.1128178+01:00" testType="13cdc9d9-ddb5-4fa4-a97d-d965ccfc6d4b" outcome="Passed" testListId="8c84fa94-04c1-424b-9868-57a2d4851a1d" relativeResultsDirectory="b1336ee2-5885-41cd-8361-ea34ed98a99b" />
    <UnitTestResult executionId="cc51fe90-b2c1-4580-ba81-81d33a666596" testId="aeb559a5-c285-7ab9-baee-1cb152d1742f" testName="ToDefaultValue_Passing_ulong_Returns_Cero" computerName="PC-SFERRARI" duration="00:00:00.0159950" startTime="2020-08-13T17:10:22.0248855+01:00" endTime="2020-08-13T17:10:22.0409599+01:00" testType="13cdc9d9-ddb5-4fa4-a97d-d965ccfc6d4b" outcome="Passed" testListId="8c84fa94-04c1-424b-9868-57a2d4851a1d" relativeResultsDirectory="cc51fe90-b2c1-4580-ba81-81d33a666596" resultType="DataDrivenTest">
      <InnerResults>
        <UnitTestResult executionId="a4087c8e-218c-4658-b3ef-20edefa9562f" parentExecutionId="cc51fe90-b2c1-4580-ba81-81d33a666596" testId="aeb559a5-c285-7ab9-baee-1cb152d1742f" testName="ToDefaultValue_Passing_ulong_Returns_Cero (18446744073709551615)" computerName="PC-SFERRARI" duration="00:00:00.0002125" startTime="2020-08-13T17:10:22.0248855+01:00" endTime="2020-08-13T17:10:22.0409599+01:00" testType="13cdc9d9-ddb5-4fa4-a97d-d965ccfc6d4b" outcome="Passed" testListId="8c84fa94-04c1-424b-9868-57a2d4851a1d" relativeResultsDirectory="a4087c8e-218c-4658-b3ef-20edefa9562f" dataRowInfo="1" resultType="DataDrivenDataRow" />
      </InnerResults>
    </UnitTestResult>
    <UnitTestResult executionId="fdb3167a-5a4e-4ec1-946d-ede2ac1ed833" testId="7c09a438-5465-f760-64b2-23d25fc199f5" testName="ToEnum_Passing_InvalidValueString_Returns_EnumCustomValue" computerName="PC-SFERRARI" duration="00:00:00.0008780" startTime="2020-08-13T17:10:22.6036073+01:00" endTime="2020-08-13T17:10:22.6045810+01:00" testType="13cdc9d9-ddb5-4fa4-a97d-d965ccfc6d4b" outcome="Passed" testListId="8c84fa94-04c1-424b-9868-57a2d4851a1d" relativeResultsDirectory="fdb3167a-5a4e-4ec1-946d-ede2ac1ed833" />
    <UnitTestResult executionId="5cfb7807-a7e6-4ffd-a464-1ab35b38ee65" testId="1f173fff-9060-8c18-f825-225901225244" testName="ToStartOfWeek_Passing_DateTime_Returns_Start_Of_Week_DateTime" computerName="PC-SFERRARI" duration="00:00:00.0002284" startTime="2020-08-13T17:10:21.8908382+01:00" endTime="2020-08-13T17:10:21.8911492+01:00" testType="13cdc9d9-ddb5-4fa4-a97d-d965ccfc6d4b" outcome="Passed" testListId="8c84fa94-04c1-424b-9868-57a2d4851a1d" relativeResultsDirectory="5cfb7807-a7e6-4ffd-a464-1ab35b38ee65" />
    <UnitTestResult executionId="eec935c0-3f47-464e-8e80-815004e4bd7e" testId="21ae5425-e2d1-002f-334f-105a6a674a01" testName="ToEnvironment_ServiceCollection_Passing_Custom_Enviroment_Returns_Custom_Name" computerName="PC-SFERRARI" duration="00:00:00.0004817" startTime="2020-08-13T17:10:21.6360251+01:00" endTime="2020-08-13T17:10:21.6365969+01:00" testType="13cdc9d9-ddb5-4fa4-a97d-d965ccfc6d4b" outcome="Passed" testListId="8c84fa94-04c1-424b-9868-57a2d4851a1d" relativeResultsDirectory="eec935c0-3f47-464e-8e80-815004e4bd7e" />
    <UnitTestResult executionId="5d8d24a3-2fb1-4a54-a72e-07173c7762e4" testId="86b92527-4d52-052b-63ae-d9a8aa694919" testName="ToSettings_Passing_Values_From_Memory_Returns_Settings" computerName="PC-SFERRARI" duration="00:00:00.0049845" startTime="2020-08-13T17:10:21.8620363+01:00" endTime="2020-08-13T17:10:21.8671447+01:00" testType="13cdc9d9-ddb5-4fa4-a97d-d965ccfc6d4b" outcome="Passed" testListId="8c84fa94-04c1-424b-9868-57a2d4851a1d" relativeResultsDirectory="5d8d24a3-2fb1-4a54-a72e-07173c7762e4" />
    <UnitTestResult executionId="f5b039bb-2c73-472b-a329-9bef47178ede" testId="17a38df3-33e0-71ac-f8cb-dcdd3ade7269" testName="ToDefaultValue_Passing_char_Returns_Cero" computerName="PC-SFERRARI" duration="00:00:00.0002547" startTime="2020-08-13T17:10:22.0070128+01:00" endTime="2020-08-13T17:10:22.0073489+01:00" testType="13cdc9d9-ddb5-4fa4-a97d-d965ccfc6d4b" outcome="Passed" testListId="8c84fa94-04c1-424b-9868-57a2d4851a1d" relativeResultsDirectory="f5b039bb-2c73-472b-a329-9bef47178ede" resultType="DataDrivenTest">
      <InnerResults>
        <UnitTestResult executionId="135f1ec6-173f-4c73-9c5d-e36fa7a3ffe7" parentExecutionId="f5b039bb-2c73-472b-a329-9bef47178ede" testId="17a38df3-33e0-71ac-f8cb-dcdd3ade7269" testName="ToDefaultValue_Passing_char_Returns_Cero (*)" computerName="PC-SFERRARI" duration="00:00:00.0002161" startTime="2020-08-13T17:10:22.0070128+01:00" endTime="2020-08-13T17:10:22.0073489+01:00" testType="13cdc9d9-ddb5-4fa4-a97d-d965ccfc6d4b" outcome="Passed" testListId="8c84fa94-04c1-424b-9868-57a2d4851a1d" relativeResultsDirectory="135f1ec6-173f-4c73-9c5d-e36fa7a3ffe7" dataRowInfo="1" resultType="DataDrivenDataRow" />
      </InnerResults>
    </UnitTestResult>
    <UnitTestResult executionId="f06dc101-3404-4ad3-b2d4-fdacc7223967" testId="4ead3f79-a54e-1b96-838c-d0c2f491cb0d" testName="ToAge_Passing_Birthday_DateTime_Returns_Age" computerName="PC-SFERRARI" duration="00:00:00.0005838" startTime="2020-08-13T17:10:21.8671841+01:00" endTime="2020-08-13T17:10:21.8680783+01:00" testType="13cdc9d9-ddb5-4fa4-a97d-d965ccfc6d4b" outcome="Passed" testListId="8c84fa94-04c1-424b-9868-57a2d4851a1d" relativeResultsDirectory="f06dc101-3404-4ad3-b2d4-fdacc7223967" />
    <UnitTestResult executionId="83a3f3f7-466a-49be-828d-28e88f7138b4" testId="640513b3-feee-19a8-efba-5817e77ff3ee" testName="ToExists_Passing_NotFound_Service_Returns_False" computerName="PC-SFERRARI" duration="00:00:00.0002403" startTime="2020-08-13T17:10:21.6386194+01:00" endTime="2020-08-13T17:10:21.6389395+01:00" testType="13cdc9d9-ddb5-4fa4-a97d-d965ccfc6d4b" outcome="Passed" testListId="8c84fa94-04c1-424b-9868-57a2d4851a1d" relativeResultsDirectory="83a3f3f7-466a-49be-828d-28e88f7138b4" />
    <UnitTestResult executionId="adb858df-5a8d-4046-9915-7f5b96f54112" testId="297c060d-406b-f933-91fe-dfd3459b8ace" testName="ToIsNullOrEmpty_Passing_InvalidValue_Returns_True" computerName="PC-SFERRARI" duration="00:00:00.0001108" startTime="2020-08-13T17:10:21.0921390+01:00" endTime="2020-08-13T17:10:21.0923344+01:00" testType="13cdc9d9-ddb5-4fa4-a97d-d965ccfc6d4b" outcome="Passed" testListId="8c84fa94-04c1-424b-9868-57a2d4851a1d" relativeResultsDirectory="adb858df-5a8d-4046-9915-7f5b96f54112" />
    <UnitTestResult executionId="1d03e49c-29cd-4a0f-b64e-0cbcd4035384" testId="7c679bcb-7a59-8751-0063-1ef6e07cb160" testName="ToEnvironment_Passing_Service_Not_Found_Returns_ApplicationException" computerName="PC-SFERRARI" duration="00:00:00.0739833" startTime="2020-08-13T17:10:20.8863860+01:00" endTime="2020-08-13T17:10:20.9604654+01:00" testType="13cdc9d9-ddb5-4fa4-a97d-d965ccfc6d4b" outcome="Passed" testListId="8c84fa94-04c1-424b-9868-57a2d4851a1d" relativeResultsDirectory="1d03e49c-29cd-4a0f-b64e-0cbcd4035384" />
    <UnitTestResult executionId="f74875e1-1612-468d-a671-8c7337caee1c" testId="0b1e4893-9444-2235-b7fa-3782f9932212" testName="ToService_Passing_Valid_Service_Returns_Service" computerName="PC-SFERRARI" duration="00:00:00.0004344" startTime="2020-08-13T17:10:21.7196882+01:00" endTime="2020-08-13T17:10:21.7201965+01:00" testType="13cdc9d9-ddb5-4fa4-a97d-d965ccfc6d4b" outcome="Passed" testListId="8c84fa94-04c1-424b-9868-57a2d4851a1d" relativeResultsDirectory="f74875e1-1612-468d-a671-8c7337caee1c" />
    <UnitTestResult executionId="5bf4e617-6021-4530-aeb8-839aedecc807" testId="65b9c427-b5ec-99b4-199a-0093cd460501" testName="ToUserName_Passing_Null_ClaimsPrincipal_Returns_ApplicationException" computerName="PC-SFERRARI" duration="00:00:00.0005693" startTime="2020-08-13T17:10:21.4133997+01:00" endTime="2020-08-13T17:10:21.4140571+01:00" testType="13cdc9d9-ddb5-4fa4-a97d-d965ccfc6d4b" outcome="Passed" testListId="8c84fa94-04c1-424b-9868-57a2d4851a1d" relativeResultsDirectory="5bf4e617-6021-4530-aeb8-839aedecc807" />
    <UnitTestResult executionId="964c8e23-1988-448e-9d05-a765014c9597" testId="cd004a9f-a0f6-2fdf-aeae-1890f4ab8e71" testName="ToHashAlgorithmName_Passing_ValidValueString_Returns_HashAlgorithmName" computerName="PC-SFERRARI" duration="00:00:00.0002762" startTime="2020-08-13T17:10:22.6264689+01:00" endTime="2020-08-13T17:10:22.6268991+01:00" testType="13cdc9d9-ddb5-4fa4-a97d-d965ccfc6d4b" outcome="Passed" testListId="8c84fa94-04c1-424b-9868-57a2d4851a1d" relativeResultsDirectory="964c8e23-1988-448e-9d05-a765014c9597" resultType="DataDrivenTest">
      <InnerResults>
        <UnitTestResult executionId="26787cae-0a1e-4e63-8d56-346ade1af22a" parentExecutionId="964c8e23-1988-448e-9d05-a765014c9597" testId="cd004a9f-a0f6-2fdf-aeae-1890f4ab8e71" testName="ToHashAlgorithmName_Passing_ValidValueString_Returns_HashAlgorithmName (MD5)" computerName="PC-SFERRARI" duration="00:00:00.0002264" startTime="2020-08-13T17:10:22.6264689+01:00" endTime="2020-08-13T17:10:22.6268991+01:00" testType="13cdc9d9-ddb5-4fa4-a97d-d965ccfc6d4b" outcome="Passed" testListId="8c84fa94-04c1-424b-9868-57a2d4851a1d" relativeResultsDirectory="26787cae-0a1e-4e63-8d56-346ade1af22a" dataRowInfo="1" resultType="DataDrivenDataRow" />
      </InnerResults>
    </UnitTestResult>
    <UnitTestResult executionId="90732635-abf7-45ac-9ea5-beaebfc56abd" testId="8a110a46-40a4-c9bb-083e-1c3fcb5b45b7" testName="ToCompress_Passing_Object_Bytes_Returns_Object" computerName="PC-SFERRARI" duration="00:00:00.1108212" startTime="2020-08-13T17:10:20.9782527+01:00" endTime="2020-08-13T17:10:21.0893886+01:00" testType="13cdc9d9-ddb5-4fa4-a97d-d965ccfc6d4b" outcome="Passed" testListId="8c84fa94-04c1-424b-9868-57a2d4851a1d" relativeResultsDirectory="90732635-abf7-45ac-9ea5-beaebfc56abd" />
    <UnitTestResult executionId="3a4a04df-a665-4875-9c7a-1ede75f55ade" testId="e608205e-4953-e9a3-1956-895ed42ab083" testName="IsFileExtension_Passing_InvalidArguments_Returns_HasErrorsAndCount" computerName="PC-SFERRARI" duration="00:00:00.0004250" startTime="2020-08-13T17:10:21.1547649+01:00" endTime="2020-08-13T17:10:21.1552823+01:00" testType="13cdc9d9-ddb5-4fa4-a97d-d965ccfc6d4b" outcome="Passed" testListId="8c84fa94-04c1-424b-9868-57a2d4851a1d" relativeResultsDirectory="3a4a04df-a665-4875-9c7a-1ede75f55ade" />
    <UnitTestResult executionId="2bd93261-5773-4729-a328-a0956011108b" testId="19f76070-822e-31f8-2a9f-a96f774333a7" testName="ToInt_Passing_InvalidValueString_Returns_DefaultValue" computerName="PC-SFERRARI" duration="00:00:00.0003329" startTime="2020-08-13T17:10:22.6269358+01:00" endTime="2020-08-13T17:10:22.6273654+01:00" testType="13cdc9d9-ddb5-4fa4-a97d-d965ccfc6d4b" outcome="Passed" testListId="8c84fa94-04c1-424b-9868-57a2d4851a1d" relativeResultsDirectory="2bd93261-5773-4729-a328-a0956011108b" resultType="DataDrivenTest">
      <InnerResults>
        <UnitTestResult executionId="5e85ef50-d811-4209-8faf-e46aae85168d" parentExecutionId="2bd93261-5773-4729-a328-a0956011108b" testId="19f76070-822e-31f8-2a9f-a96f774333a7" testName="ToInt_Passing_InvalidValueString_Returns_DefaultValue (1.3333)" computerName="PC-SFERRARI" duration="00:00:00.0002441" startTime="2020-08-13T17:10:22.6269358+01:00" endTime="2020-08-13T17:10:22.6273654+01:00" testType="13cdc9d9-ddb5-4fa4-a97d-d965ccfc6d4b" outcome="Passed" testListId="8c84fa94-04c1-424b-9868-57a2d4851a1d" relativeResultsDirectory="5e85ef50-d811-4209-8faf-e46aae85168d" dataRowInfo="1" resultType="DataDrivenDataRow" />
        <UnitTestResult executionId="49373c28-09d9-4c37-a7df-7f95bf8e12a8" parentExecutionId="2bd93261-5773-4729-a328-a0956011108b" testId="19f76070-822e-31f8-2a9f-a96f774333a7" testName="ToInt_Passing_InvalidValueString_Returns_DefaultValue (1,3333)" computerName="PC-SFERRARI" duration="00:00:00.0000058" startTime="2020-08-13T17:10:22.6269358+01:00" endTime="2020-08-13T17:10:22.6273654+01:00" testType="13cdc9d9-ddb5-4fa4-a97d-d965ccfc6d4b" outcome="Passed" testListId="8c84fa94-04c1-424b-9868-57a2d4851a1d" relativeResultsDirectory="49373c28-09d9-4c37-a7df-7f95bf8e12a8" dataRowInfo="2" resultType="DataDrivenDataRow" />
        <UnitTestResult executionId="377778a4-779a-4861-8018-34df4af0b391" parentExecutionId="2bd93261-5773-4729-a328-a0956011108b" testId="19f76070-822e-31f8-2a9f-a96f774333a7" testName="ToInt_Passing_InvalidValueString_Returns_DefaultValue (1.333,39)" computerName="PC-SFERRARI" duration="00:00:00.0000027" startTime="2020-08-13T17:10:22.6269358+01:00" endTime="2020-08-13T17:10:22.6273654+01:00" testType="13cdc9d9-ddb5-4fa4-a97d-d965ccfc6d4b" outcome="Passed" testListId="8c84fa94-04c1-424b-9868-57a2d4851a1d" relativeResultsDirectory="377778a4-779a-4861-8018-34df4af0b391" dataRowInfo="3" resultType="DataDrivenDataRow" />
        <UnitTestResult executionId="5a3a6e0c-8f0a-424a-b2ae-385c6474dbcb" parentExecutionId="2bd93261-5773-4729-a328-a0956011108b" testId="19f76070-822e-31f8-2a9f-a96f774333a7" testName="ToInt_Passing_InvalidValueString_Returns_DefaultValue (999999439293294392492349329493294)" computerName="PC-SFERRARI" duration="00:00:00.0000025" startTime="2020-08-13T17:10:22.6269358+01:00" endTime="2020-08-13T17:10:22.6273654+01:00" testType="13cdc9d9-ddb5-4fa4-a97d-d965ccfc6d4b" outcome="Passed" testListId="8c84fa94-04c1-424b-9868-57a2d4851a1d" relativeResultsDirectory="5a3a6e0c-8f0a-424a-b2ae-385c6474dbcb" dataRowInfo="4" resultType="DataDrivenDataRow" />
        <UnitTestResult executionId="6b44e4c1-65ba-4c48-b61d-f8844e3b6e67" parentExecutionId="2bd93261-5773-4729-a328-a0956011108b" testId="19f76070-822e-31f8-2a9f-a96f774333a7" testName="ToInt_Passing_InvalidValueString_Returns_DefaultValue (asdasdasdasd234324)" computerName="PC-SFERRARI" duration="00:00:00.0000023" startTime="2020-08-13T17:10:22.6269358+01:00" endTime="2020-08-13T17:10:22.6273654+01:00" testType="13cdc9d9-ddb5-4fa4-a97d-d965ccfc6d4b" outcome="Passed" testListId="8c84fa94-04c1-424b-9868-57a2d4851a1d" relativeResultsDirectory="6b44e4c1-65ba-4c48-b61d-f8844e3b6e67" dataRowInfo="5" resultType="DataDrivenDataRow" />
      </InnerResults>
    </UnitTestResult>
    <UnitTestResult executionId="b0c15609-a4af-4f7e-9b3e-370273af61eb" testId="30809299-0e3e-4ac7-4a2a-6f8c296d2226" testName="ToUri_Passing_ValidValueString_Returns_Uri" computerName="PC-SFERRARI" duration="00:00:00.0012751" startTime="2020-08-13T17:10:22.7197082+01:00" endTime="2020-08-13T17:10:22.7212654+01:00" testType="13cdc9d9-ddb5-4fa4-a97d-d965ccfc6d4b" outcome="Passed" testListId="8c84fa94-04c1-424b-9868-57a2d4851a1d" relativeResultsDirectory="b0c15609-a4af-4f7e-9b3e-370273af61eb" resultType="DataDrivenTest">
      <InnerResults>
        <UnitTestResult executionId="f109ba7f-8497-460e-adee-c5a4698b8559" parentExecutionId="b0c15609-a4af-4f7e-9b3e-370273af61eb" testId="30809299-0e3e-4ac7-4a2a-6f8c296d2226" testName="ToUri_Passing_ValidValueString_Returns_Uri (http://foo.com/blah_blah)" computerName="PC-SFERRARI" duration="00:00:00.0002200" startTime="2020-08-13T17:10:22.7197082+01:00" endTime="2020-08-13T17:10:22.7212654+01:00" testType="13cdc9d9-ddb5-4fa4-a97d-d965ccfc6d4b" outcome="Passed" testListId="8c84fa94-04c1-424b-9868-57a2d4851a1d" relativeResultsDirectory="f109ba7f-8497-460e-adee-c5a4698b8559" dataRowInfo="1" resultType="DataDrivenDataRow" />
        <UnitTestResult executionId="4c6c35c6-0ea7-4f8b-99ed-3d7cf6b71960" parentExecutionId="b0c15609-a4af-4f7e-9b3e-370273af61eb" testId="30809299-0e3e-4ac7-4a2a-6f8c296d2226" testName="ToUri_Passing_ValidValueString_Returns_Uri (http://foo.com/blah_blah/)" computerName="PC-SFERRARI" duration="00:00:00.0000052" startTime="2020-08-13T17:10:22.7197082+01:00" endTime="2020-08-13T17:10:22.7212654+01:00" testType="13cdc9d9-ddb5-4fa4-a97d-d965ccfc6d4b" outcome="Passed" testListId="8c84fa94-04c1-424b-9868-57a2d4851a1d" relativeResultsDirectory="4c6c35c6-0ea7-4f8b-99ed-3d7cf6b71960" dataRowInfo="2" resultType="DataDrivenDataRow" />
        <UnitTestResult executionId="186b5af8-7949-4a78-b191-a7a1040c05fe" parentExecutionId="b0c15609-a4af-4f7e-9b3e-370273af61eb" testId="30809299-0e3e-4ac7-4a2a-6f8c296d2226" testName="ToUri_Passing_ValidValueString_Returns_Uri (http://foo.com/blah_blah/p=5)" computerName="PC-SFERRARI" duration="00:00:00.0000028" startTime="2020-08-13T17:10:22.7197082+01:00" endTime="2020-08-13T17:10:22.7212654+01:00" testType="13cdc9d9-ddb5-4fa4-a97d-d965ccfc6d4b" outcome="Passed" testListId="8c84fa94-04c1-424b-9868-57a2d4851a1d" relativeResultsDirectory="186b5af8-7949-4a78-b191-a7a1040c05fe" dataRowInfo="3" resultType="DataDrivenDataRow" />
        <UnitTestResult executionId="b87cee59-263c-4ddd-8973-1e467bb7b07a" parentExecutionId="b0c15609-a4af-4f7e-9b3e-370273af61eb" testId="30809299-0e3e-4ac7-4a2a-6f8c296d2226" testName="ToUri_Passing_ValidValueString_Returns_Uri (http://foo.com/blah_blah?p=5)" computerName="PC-SFERRARI" duration="00:00:00.0000027" startTime="2020-08-13T17:10:22.7197082+01:00" endTime="2020-08-13T17:10:22.7212654+01:00" testType="13cdc9d9-ddb5-4fa4-a97d-d965ccfc6d4b" outcome="Passed" testListId="8c84fa94-04c1-424b-9868-57a2d4851a1d" relativeResultsDirectory="b87cee59-263c-4ddd-8973-1e467bb7b07a" dataRowInfo="4" resultType="DataDrivenDataRow" />
        <UnitTestResult executionId="2790054f-f1a0-4d28-b708-af68352c4cc1" parentExecutionId="b0c15609-a4af-4f7e-9b3e-370273af61eb" testId="30809299-0e3e-4ac7-4a2a-6f8c296d2226" testName="ToUri_Passing_ValidValueString_Returns_Uri (http://foo.com/blah_blah?p=5&amp;j=fe)" computerName="PC-SFERRARI" duration="00:00:00.0000027" startTime="2020-08-13T17:10:22.7197082+01:00" endTime="2020-08-13T17:10:22.7212654+01:00" testType="13cdc9d9-ddb5-4fa4-a97d-d965ccfc6d4b" outcome="Passed" testListId="8c84fa94-04c1-424b-9868-57a2d4851a1d" relativeResultsDirectory="2790054f-f1a0-4d28-b708-af68352c4cc1" dataRowInfo="5" resultType="DataDrivenDataRow" />
        <UnitTestResult executionId="da0683e2-9cd4-4a6e-805a-7ff0fb03f5d2" parentExecutionId="b0c15609-a4af-4f7e-9b3e-370273af61eb" testId="30809299-0e3e-4ac7-4a2a-6f8c296d2226" testName="ToUri_Passing_ValidValueString_Returns_Uri (https://foo.com/blah_blah)" computerName="PC-SFERRARI" duration="00:00:00.0000033" startTime="2020-08-13T17:10:22.7197082+01:00" endTime="2020-08-13T17:10:22.7212654+01:00" testType="13cdc9d9-ddb5-4fa4-a97d-d965ccfc6d4b" outcome="Passed" testListId="8c84fa94-04c1-424b-9868-57a2d4851a1d" relativeResultsDirectory="da0683e2-9cd4-4a6e-805a-7ff0fb03f5d2" dataRowInfo="6" resultType="DataDrivenDataRow" />
        <UnitTestResult executionId="f5988c4e-8c16-480e-bbf3-ee7362be31bf" parentExecutionId="b0c15609-a4af-4f7e-9b3e-370273af61eb" testId="30809299-0e3e-4ac7-4a2a-6f8c296d2226" testName="ToUri_Passing_ValidValueString_Returns_Uri (https://foo.com/blah_blah/)" computerName="PC-SFERRARI" duration="00:00:00.0000026" startTime="2020-08-13T17:10:22.7197082+01:00" endTime="2020-08-13T17:10:22.7212654+01:00" testType="13cdc9d9-ddb5-4fa4-a97d-d965ccfc6d4b" outcome="Passed" testListId="8c84fa94-04c1-424b-9868-57a2d4851a1d" relativeResultsDirectory="f5988c4e-8c16-480e-bbf3-ee7362be31bf" dataRowInfo="7" resultType="DataDrivenDataRow" />
        <UnitTestResult executionId="df39a843-3634-4fd2-9eb7-e0204cedf396" parentExecutionId="b0c15609-a4af-4f7e-9b3e-370273af61eb" testId="30809299-0e3e-4ac7-4a2a-6f8c296d2226" testName="ToUri_Passing_ValidValueString_Returns_Uri (https://foo.com/blah_blah/p=5)" computerName="PC-SFERRARI" duration="00:00:00.0000026" startTime="2020-08-13T17:10:22.7197082+01:00" endTime="2020-08-13T17:10:22.7212654+01:00" testType="13cdc9d9-ddb5-4fa4-a97d-d965ccfc6d4b" outcome="Passed" testListId="8c84fa94-04c1-424b-9868-57a2d4851a1d" relativeResultsDirectory="df39a843-3634-4fd2-9eb7-e0204cedf396" dataRowInfo="8" resultType="DataDrivenDataRow" />
        <UnitTestResult executionId="2b7e0d5c-72ae-4685-9b1c-80fbb29f5a5b" parentExecutionId="b0c15609-a4af-4f7e-9b3e-370273af61eb" testId="30809299-0e3e-4ac7-4a2a-6f8c296d2226" testName="ToUri_Passing_ValidValueString_Returns_Uri (https://foo.com/blah_blah?p=5)" computerName="PC-SFERRARI" duration="00:00:00.0000026" startTime="2020-08-13T17:10:22.7197082+01:00" endTime="2020-08-13T17:10:22.7212654+01:00" testType="13cdc9d9-ddb5-4fa4-a97d-d965ccfc6d4b" outcome="Passed" testListId="8c84fa94-04c1-424b-9868-57a2d4851a1d" relativeResultsDirectory="2b7e0d5c-72ae-4685-9b1c-80fbb29f5a5b" dataRowInfo="9" resultType="DataDrivenDataRow" />
        <UnitTestResult executionId="a570483f-7940-446d-b525-0a0e75945466" parentExecutionId="b0c15609-a4af-4f7e-9b3e-370273af61eb" testId="30809299-0e3e-4ac7-4a2a-6f8c296d2226" testName="ToUri_Passing_ValidValueString_Returns_Uri (https://foo.com/blah_blah?p=5&amp;j=fe)" computerName="PC-SFERRARI" duration="00:00:00.0000026" startTime="2020-08-13T17:10:22.7197082+01:00" endTime="2020-08-13T17:10:22.7212654+01:00" testType="13cdc9d9-ddb5-4fa4-a97d-d965ccfc6d4b" outcome="Passed" testListId="8c84fa94-04c1-424b-9868-57a2d4851a1d" relativeResultsDirectory="a570483f-7940-446d-b525-0a0e75945466" dataRowInfo="10" resultType="DataDrivenDataRow" />
        <UnitTestResult executionId="86e6490f-d3bb-4815-912a-5030f10962c8" parentExecutionId="b0c15609-a4af-4f7e-9b3e-370273af61eb" testId="30809299-0e3e-4ac7-4a2a-6f8c296d2226" testName="ToUri_Passing_ValidValueString_Returns_Uri (//foo.com/blah_blah)" computerName="PC-SFERRARI" duration="00:00:00.0000024" startTime="2020-08-13T17:10:22.7197082+01:00" endTime="2020-08-13T17:10:22.7212654+01:00" testType="13cdc9d9-ddb5-4fa4-a97d-d965ccfc6d4b" outcome="Passed" testListId="8c84fa94-04c1-424b-9868-57a2d4851a1d" relativeResultsDirectory="86e6490f-d3bb-4815-912a-5030f10962c8" dataRowInfo="11" resultType="DataDrivenDataRow" />
        <UnitTestResult executionId="87423543-d7ae-45fd-a727-ef40084401c5" parentExecutionId="b0c15609-a4af-4f7e-9b3e-370273af61eb" testId="30809299-0e3e-4ac7-4a2a-6f8c296d2226" testName="ToUri_Passing_ValidValueString_Returns_Uri (//foo.com/blah_blah/)" computerName="PC-SFERRARI" duration="00:00:00.0000021" startTime="2020-08-13T17:10:22.7197082+01:00" endTime="2020-08-13T17:10:22.7212654+01:00" testType="13cdc9d9-ddb5-4fa4-a97d-d965ccfc6d4b" outcome="Passed" testListId="8c84fa94-04c1-424b-9868-57a2d4851a1d" relativeResultsDirectory="87423543-d7ae-45fd-a727-ef40084401c5" dataRowInfo="12" resultType="DataDrivenDataRow" />
        <UnitTestResult executionId="d1e44568-4a49-4d50-bf42-61cdf7071cfd" parentExecutionId="b0c15609-a4af-4f7e-9b3e-370273af61eb" testId="30809299-0e3e-4ac7-4a2a-6f8c296d2226" testName="ToUri_Passing_ValidValueString_Returns_Uri (//foo.com/blah_blah/p=5)" computerName="PC-SFERRARI" duration="00:00:00.0000028" startTime="2020-08-13T17:10:22.7197082+01:00" endTime="2020-08-13T17:10:22.7212654+01:00" testType="13cdc9d9-ddb5-4fa4-a97d-d965ccfc6d4b" outcome="Passed" testListId="8c84fa94-04c1-424b-9868-57a2d4851a1d" relativeResultsDirectory="d1e44568-4a49-4d50-bf42-61cdf7071cfd" dataRowInfo="13" resultType="DataDrivenDataRow" />
        <UnitTestResult executionId="a10d1a8f-28c0-448a-9894-fa97f54e9f03" parentExecutionId="b0c15609-a4af-4f7e-9b3e-370273af61eb" testId="30809299-0e3e-4ac7-4a2a-6f8c296d2226" testName="ToUri_Passing_ValidValueString_Returns_Uri (//foo.com/blah_blah?p=5)" computerName="PC-SFERRARI" duration="00:00:00.0000021" startTime="2020-08-13T17:10:22.7197082+01:00" endTime="2020-08-13T17:10:22.7212654+01:00" testType="13cdc9d9-ddb5-4fa4-a97d-d965ccfc6d4b" outcome="Passed" testListId="8c84fa94-04c1-424b-9868-57a2d4851a1d" relativeResultsDirectory="a10d1a8f-28c0-448a-9894-fa97f54e9f03" dataRowInfo="14" resultType="DataDrivenDataRow" />
        <UnitTestResult executionId="ffe78e76-37d1-45a3-bde9-e42fd5afac8e" parentExecutionId="b0c15609-a4af-4f7e-9b3e-370273af61eb" testId="30809299-0e3e-4ac7-4a2a-6f8c296d2226" testName="ToUri_Passing_ValidValueString_Returns_Uri (//foo.com/blah_blah?p=5&amp;j=fe)" computerName="PC-SFERRARI" duration="00:00:00.0000021" startTime="2020-08-13T17:10:22.7197082+01:00" endTime="2020-08-13T17:10:22.7212654+01:00" testType="13cdc9d9-ddb5-4fa4-a97d-d965ccfc6d4b" outcome="Passed" testListId="8c84fa94-04c1-424b-9868-57a2d4851a1d" relativeResultsDirectory="ffe78e76-37d1-45a3-bde9-e42fd5afac8e" dataRowInfo="15" resultType="DataDrivenDataRow" />
        <UnitTestResult executionId="30c0c584-751d-4309-a5dd-19df30eeabcf" parentExecutionId="b0c15609-a4af-4f7e-9b3e-370273af61eb" testId="30809299-0e3e-4ac7-4a2a-6f8c296d2226" testName="ToUri_Passing_ValidValueString_Returns_Uri (http://foo.com/blah_blah_(wikipedia))" computerName="PC-SFERRARI" duration="00:00:00.0000027" startTime="2020-08-13T17:10:22.7197082+01:00" endTime="2020-08-13T17:10:22.7212654+01:00" testType="13cdc9d9-ddb5-4fa4-a97d-d965ccfc6d4b" outcome="Passed" testListId="8c84fa94-04c1-424b-9868-57a2d4851a1d" relativeResultsDirectory="30c0c584-751d-4309-a5dd-19df30eeabcf" dataRowInfo="16" resultType="DataDrivenDataRow" />
        <UnitTestResult executionId="7f3385c9-9f38-4d42-84ff-05c759bbff97" parentExecutionId="b0c15609-a4af-4f7e-9b3e-370273af61eb" testId="30809299-0e3e-4ac7-4a2a-6f8c296d2226" testName="ToUri_Passing_ValidValueString_Returns_Uri (http://foo.com/blah_blah_(wikipedia)_(again))" computerName="PC-SFERRARI" duration="00:00:00.0000028" startTime="2020-08-13T17:10:22.7197082+01:00" endTime="2020-08-13T17:10:22.7212654+01:00" testType="13cdc9d9-ddb5-4fa4-a97d-d965ccfc6d4b" outcome="Passed" testListId="8c84fa94-04c1-424b-9868-57a2d4851a1d" relativeResultsDirectory="7f3385c9-9f38-4d42-84ff-05c759bbff97" dataRowInfo="17" resultType="DataDrivenDataRow" />
        <UnitTestResult executionId="207f028f-2a18-46e9-9028-125ffafbdd12" parentExecutionId="b0c15609-a4af-4f7e-9b3e-370273af61eb" testId="30809299-0e3e-4ac7-4a2a-6f8c296d2226" testName="ToUri_Passing_ValidValueString_Returns_Uri (http://www.example.com/wpstyle/?p=364)" computerName="PC-SFERRARI" duration="00:00:00.0000029" startTime="2020-08-13T17:10:22.7197082+01:00" endTime="2020-08-13T17:10:22.7212654+01:00" testType="13cdc9d9-ddb5-4fa4-a97d-d965ccfc6d4b" outcome="Passed" testListId="8c84fa94-04c1-424b-9868-57a2d4851a1d" relativeResultsDirectory="207f028f-2a18-46e9-9028-125ffafbdd12" dataRowInfo="18" resultType="DataDrivenDataRow" />
        <UnitTestResult executionId="7a17c013-aadb-4293-be8e-8a9725264503" parentExecutionId="b0c15609-a4af-4f7e-9b3e-370273af61eb" testId="30809299-0e3e-4ac7-4a2a-6f8c296d2226" testName="ToUri_Passing_ValidValueString_Returns_Uri (https://www.example.com/foo/?bar=baz&amp;inga=42&amp;quux)" computerName="PC-SFERRARI" duration="00:00:00.0000029" startTime="2020-08-13T17:10:22.7197082+01:00" endTime="2020-08-13T17:10:22.7212654+01:00" testType="13cdc9d9-ddb5-4fa4-a97d-d965ccfc6d4b" outcome="Passed" testListId="8c84fa94-04c1-424b-9868-57a2d4851a1d" relativeResultsDirectory="7a17c013-aadb-4293-be8e-8a9725264503" dataRowInfo="19" resultType="DataDrivenDataRow" />
        <UnitTestResult executionId="36285cba-eb77-4646-9ca2-264f13d64a3e" parentExecutionId="b0c15609-a4af-4f7e-9b3e-370273af61eb" testId="30809299-0e3e-4ac7-4a2a-6f8c296d2226" testName="ToUri_Passing_ValidValueString_Returns_Uri (http://✪df.ws/123)" computerName="PC-SFERRARI" duration="00:00:00.0003249" startTime="2020-08-13T17:10:22.7197082+01:00" endTime="2020-08-13T17:10:22.7212654+01:00" testType="13cdc9d9-ddb5-4fa4-a97d-d965ccfc6d4b" outcome="Passed" testListId="8c84fa94-04c1-424b-9868-57a2d4851a1d" relativeResultsDirectory="36285cba-eb77-4646-9ca2-264f13d64a3e" dataRowInfo="20" resultType="DataDrivenDataRow" />
        <UnitTestResult executionId="f6ea1b28-7041-47b5-bf7e-e3158fe76c55" parentExecutionId="b0c15609-a4af-4f7e-9b3e-370273af61eb" testId="30809299-0e3e-4ac7-4a2a-6f8c296d2226" testName="ToUri_Passing_ValidValueString_Returns_Uri (http://userid:password@example.com:8080)" computerName="PC-SFERRARI" duration="00:00:00.0000145" startTime="2020-08-13T17:10:22.7197082+01:00" endTime="2020-08-13T17:10:22.7212654+01:00" testType="13cdc9d9-ddb5-4fa4-a97d-d965ccfc6d4b" outcome="Passed" testListId="8c84fa94-04c1-424b-9868-57a2d4851a1d" relativeResultsDirectory="f6ea1b28-7041-47b5-bf7e-e3158fe76c55" dataRowInfo="21" resultType="DataDrivenDataRow" />
        <UnitTestResult executionId="949ef7ca-c28b-442f-bf47-e9f655fef071" parentExecutionId="b0c15609-a4af-4f7e-9b3e-370273af61eb" testId="30809299-0e3e-4ac7-4a2a-6f8c296d2226" testName="ToUri_Passing_ValidValueString_Returns_Uri (http://userid:password@example.com:8080/)" computerName="PC-SFERRARI" duration="00:00:00.0000034" startTime="2020-08-13T17:10:22.7197082+01:00" endTime="2020-08-13T17:10:22.7212654+01:00" testType="13cdc9d9-ddb5-4fa4-a97d-d965ccfc6d4b" outcome="Passed" testListId="8c84fa94-04c1-424b-9868-57a2d4851a1d" relativeResultsDirectory="949ef7ca-c28b-442f-bf47-e9f655fef071" dataRowInfo="22" resultType="DataDrivenDataRow" />
        <UnitTestResult executionId="e91597fa-ffd3-4261-a259-aa18c7f1d8dd" parentExecutionId="b0c15609-a4af-4f7e-9b3e-370273af61eb" testId="30809299-0e3e-4ac7-4a2a-6f8c296d2226" testName="ToUri_Passing_ValidValueString_Returns_Uri (http://userid@example.com)" computerName="PC-SFERRARI" duration="00:00:00.0000036" startTime="2020-08-13T17:10:22.7197082+01:00" endTime="2020-08-13T17:10:22.7212654+01:00" testType="13cdc9d9-ddb5-4fa4-a97d-d965ccfc6d4b" outcome="Passed" testListId="8c84fa94-04c1-424b-9868-57a2d4851a1d" relativeResultsDirectory="e91597fa-ffd3-4261-a259-aa18c7f1d8dd" dataRowInfo="23" resultType="DataDrivenDataRow" />
        <UnitTestResult executionId="b478187f-c837-47b2-8689-d797d456669e" parentExecutionId="b0c15609-a4af-4f7e-9b3e-370273af61eb" testId="30809299-0e3e-4ac7-4a2a-6f8c296d2226" testName="ToUri_Passing_ValidValueString_Returns_Uri (http://userid@example.com/)" computerName="PC-SFERRARI" duration="00:00:00.0000028" startTime="2020-08-13T17:10:22.7197082+01:00" endTime="2020-08-13T17:10:22.7212654+01:00" testType="13cdc9d9-ddb5-4fa4-a97d-d965ccfc6d4b" outcome="Passed" testListId="8c84fa94-04c1-424b-9868-57a2d4851a1d" relativeResultsDirectory="b478187f-c837-47b2-8689-d797d456669e" dataRowInfo="24" resultType="DataDrivenDataRow" />
        <UnitTestResult executionId="085ddbd5-df37-4d40-9fbc-e0b43f39ef28" parentExecutionId="b0c15609-a4af-4f7e-9b3e-370273af61eb" testId="30809299-0e3e-4ac7-4a2a-6f8c296d2226" testName="ToUri_Passing_ValidValueString_Returns_Uri (http://userid@example.com:8080)" computerName="PC-SFERRARI" duration="00:00:00.0000028" startTime="2020-08-13T17:10:22.7197082+01:00" endTime="2020-08-13T17:10:22.7212654+01:00" testType="13cdc9d9-ddb5-4fa4-a97d-d965ccfc6d4b" outcome="Passed" testListId="8c84fa94-04c1-424b-9868-57a2d4851a1d" relativeResultsDirectory="085ddbd5-df37-4d40-9fbc-e0b43f39ef28" dataRowInfo="25" resultType="DataDrivenDataRow" />
        <UnitTestResult executionId="85fb0ddc-c27e-4431-8cae-e899200455aa" parentExecutionId="b0c15609-a4af-4f7e-9b3e-370273af61eb" testId="30809299-0e3e-4ac7-4a2a-6f8c296d2226" testName="ToUri_Passing_ValidValueString_Returns_Uri (http://userid@example.com:8080/)" computerName="PC-SFERRARI" duration="00:00:00.0000028" startTime="2020-08-13T17:10:22.7197082+01:00" endTime="2020-08-13T17:10:22.7212654+01:00" testType="13cdc9d9-ddb5-4fa4-a97d-d965ccfc6d4b" outcome="Passed" testListId="8c84fa94-04c1-424b-9868-57a2d4851a1d" relativeResultsDirectory="85fb0ddc-c27e-4431-8cae-e899200455aa" dataRowInfo="26" resultType="DataDrivenDataRow" />
        <UnitTestResult executionId="add8c0cf-c9d6-40b2-88f3-b52605410410" parentExecutionId="b0c15609-a4af-4f7e-9b3e-370273af61eb" testId="30809299-0e3e-4ac7-4a2a-6f8c296d2226" testName="ToUri_Passing_ValidValueString_Returns_Uri (http://userid:password@example.com)" computerName="PC-SFERRARI" duration="00:00:00.0000029" startTime="2020-08-13T17:10:22.7197082+01:00" endTime="2020-08-13T17:10:22.7212654+01:00" testType="13cdc9d9-ddb5-4fa4-a97d-d965ccfc6d4b" outcome="Passed" testListId="8c84fa94-04c1-424b-9868-57a2d4851a1d" relativeResultsDirectory="add8c0cf-c9d6-40b2-88f3-b52605410410" dataRowInfo="27" resultType="DataDrivenDataRow" />
        <UnitTestResult executionId="0d307652-a0cc-4f4a-8f8b-b3517a0b2d33" parentExecutionId="b0c15609-a4af-4f7e-9b3e-370273af61eb" testId="30809299-0e3e-4ac7-4a2a-6f8c296d2226" testName="ToUri_Passing_ValidValueString_Returns_Uri (http://userid:password@example.com/)" computerName="PC-SFERRARI" duration="00:00:00.0000029" startTime="2020-08-13T17:10:22.7197082+01:00" endTime="2020-08-13T17:10:22.7212654+01:00" testType="13cdc9d9-ddb5-4fa4-a97d-d965ccfc6d4b" outcome="Passed" testListId="8c84fa94-04c1-424b-9868-57a2d4851a1d" relativeResultsDirectory="0d307652-a0cc-4f4a-8f8b-b3517a0b2d33" dataRowInfo="28" resultType="DataDrivenDataRow" />
        <UnitTestResult executionId="b11fde31-dc75-4652-aede-80bc4dbcef05" parentExecutionId="b0c15609-a4af-4f7e-9b3e-370273af61eb" testId="30809299-0e3e-4ac7-4a2a-6f8c296d2226" testName="ToUri_Passing_ValidValueString_Returns_Uri (http://142.42.1.1/)" computerName="PC-SFERRARI" duration="00:00:00.0000036" startTime="2020-08-13T17:10:22.7197082+01:00" endTime="2020-08-13T17:10:22.7212654+01:00" testType="13cdc9d9-ddb5-4fa4-a97d-d965ccfc6d4b" outcome="Passed" testListId="8c84fa94-04c1-424b-9868-57a2d4851a1d" relativeResultsDirectory="b11fde31-dc75-4652-aede-80bc4dbcef05" dataRowInfo="29" resultType="DataDrivenDataRow" />
        <UnitTestResult executionId="3d04c9d4-918f-4f56-bd2e-81d672ad4202" parentExecutionId="b0c15609-a4af-4f7e-9b3e-370273af61eb" testId="30809299-0e3e-4ac7-4a2a-6f8c296d2226" testName="ToUri_Passing_ValidValueString_Returns_Uri (http://142.42.1.1:8080/)" computerName="PC-SFERRARI" duration="00:00:00.0000030" startTime="2020-08-13T17:10:22.7197082+01:00" endTime="2020-08-13T17:10:22.7212654+01:00" testType="13cdc9d9-ddb5-4fa4-a97d-d965ccfc6d4b" outcome="Passed" testListId="8c84fa94-04c1-424b-9868-57a2d4851a1d" relativeResultsDirectory="3d04c9d4-918f-4f56-bd2e-81d672ad4202" dataRowInfo="30" resultType="DataDrivenDataRow" />
        <UnitTestResult executionId="b339baa4-0112-48f7-ba77-59f53d9b2fca" parentExecutionId="b0c15609-a4af-4f7e-9b3e-370273af61eb" testId="30809299-0e3e-4ac7-4a2a-6f8c296d2226" testName="ToUri_Passing_ValidValueString_Returns_Uri (http://➡.ws/䨹)" computerName="PC-SFERRARI" duration="00:00:00.0000245" startTime="2020-08-13T17:10:22.7197082+01:00" endTime="2020-08-13T17:10:22.7212654+01:00" testType="13cdc9d9-ddb5-4fa4-a97d-d965ccfc6d4b" outcome="Passed" testListId="8c84fa94-04c1-424b-9868-57a2d4851a1d" relativeResultsDirectory="b339baa4-0112-48f7-ba77-59f53d9b2fca" dataRowInfo="31" resultType="DataDrivenDataRow" />
        <UnitTestResult executionId="b9f81746-fca9-448f-8bad-0326dceb4205" parentExecutionId="b0c15609-a4af-4f7e-9b3e-370273af61eb" testId="30809299-0e3e-4ac7-4a2a-6f8c296d2226" testName="ToUri_Passing_ValidValueString_Returns_Uri (http://⌘.ws)" computerName="PC-SFERRARI" duration="00:00:00.0000116" startTime="2020-08-13T17:10:22.7197082+01:00" endTime="2020-08-13T17:10:22.7212654+01:00" testType="13cdc9d9-ddb5-4fa4-a97d-d965ccfc6d4b" outcome="Passed" testListId="8c84fa94-04c1-424b-9868-57a2d4851a1d" relativeResultsDirectory="b9f81746-fca9-448f-8bad-0326dceb4205" dataRowInfo="32" resultType="DataDrivenDataRow" />
        <UnitTestResult executionId="b6a2ff20-4b9d-43a9-a21a-7984a729083b" parentExecutionId="b0c15609-a4af-4f7e-9b3e-370273af61eb" testId="30809299-0e3e-4ac7-4a2a-6f8c296d2226" testName="ToUri_Passing_ValidValueString_Returns_Uri (http://⌘.ws/)" computerName="PC-SFERRARI" duration="00:00:00.0000128" startTime="2020-08-13T17:10:22.7197082+01:00" endTime="2020-08-13T17:10:22.7212654+01:00" testType="13cdc9d9-ddb5-4fa4-a97d-d965ccfc6d4b" outcome="Passed" testListId="8c84fa94-04c1-424b-9868-57a2d4851a1d" relativeResultsDirectory="b6a2ff20-4b9d-43a9-a21a-7984a729083b" dataRowInfo="33" resultType="DataDrivenDataRow" />
        <UnitTestResult executionId="390a78ca-71ba-487c-b736-b72d5250e0fc" parentExecutionId="b0c15609-a4af-4f7e-9b3e-370273af61eb" testId="30809299-0e3e-4ac7-4a2a-6f8c296d2226" testName="ToUri_Passing_ValidValueString_Returns_Uri (http://foo.com/blah_(wikipedia)#cite-1)" computerName="PC-SFERRARI" duration="00:00:00.0000033" startTime="2020-08-13T17:10:22.7197082+01:00" endTime="2020-08-13T17:10:22.7212654+01:00" testType="13cdc9d9-ddb5-4fa4-a97d-d965ccfc6d4b" outcome="Passed" testListId="8c84fa94-04c1-424b-9868-57a2d4851a1d" relativeResultsDirectory="390a78ca-71ba-487c-b736-b72d5250e0fc" dataRowInfo="34" resultType="DataDrivenDataRow" />
        <UnitTestResult executionId="53ec1b56-d17d-4489-a0a6-1e78ca37b4e4" parentExecutionId="b0c15609-a4af-4f7e-9b3e-370273af61eb" testId="30809299-0e3e-4ac7-4a2a-6f8c296d2226" testName="ToUri_Passing_ValidValueString_Returns_Uri (http://foo.com/blah_(wikipedia)_blah#cite-1)" computerName="PC-SFERRARI" duration="00:00:00.0000027" startTime="2020-08-13T17:10:22.7197082+01:00" endTime="2020-08-13T17:10:22.7212654+01:00" testType="13cdc9d9-ddb5-4fa4-a97d-d965ccfc6d4b" outcome="Passed" testListId="8c84fa94-04c1-424b-9868-57a2d4851a1d" relativeResultsDirectory="53ec1b56-d17d-4489-a0a6-1e78ca37b4e4" dataRowInfo="35" resultType="DataDrivenDataRow" />
        <UnitTestResult executionId="44e1b28d-1883-44f7-889e-ed675b6f7fc4" parentExecutionId="b0c15609-a4af-4f7e-9b3e-370273af61eb" testId="30809299-0e3e-4ac7-4a2a-6f8c296d2226" testName="ToUri_Passing_ValidValueString_Returns_Uri (http://foo.com/unicode_(✪)_in_parens)" computerName="PC-SFERRARI" duration="00:00:00.0000060" startTime="2020-08-13T17:10:22.7197082+01:00" endTime="2020-08-13T17:10:22.7212654+01:00" testType="13cdc9d9-ddb5-4fa4-a97d-d965ccfc6d4b" outcome="Passed" testListId="8c84fa94-04c1-424b-9868-57a2d4851a1d" relativeResultsDirectory="44e1b28d-1883-44f7-889e-ed675b6f7fc4" dataRowInfo="36" resultType="DataDrivenDataRow" />
        <UnitTestResult executionId="99357591-98da-4665-adfe-977ffdc3325b" parentExecutionId="b0c15609-a4af-4f7e-9b3e-370273af61eb" testId="30809299-0e3e-4ac7-4a2a-6f8c296d2226" testName="ToUri_Passing_ValidValueString_Returns_Uri (http://foo.com/(something)?after=parens)" computerName="PC-SFERRARI" duration="00:00:00.0000028" startTime="2020-08-13T17:10:22.7197082+01:00" endTime="2020-08-13T17:10:22.7212654+01:00" testType="13cdc9d9-ddb5-4fa4-a97d-d965ccfc6d4b" outcome="Passed" testListId="8c84fa94-04c1-424b-9868-57a2d4851a1d" relativeResultsDirectory="99357591-98da-4665-adfe-977ffdc3325b" dataRowInfo="37" resultType="DataDrivenDataRow" />
        <UnitTestResult executionId="1e15cc79-2653-4825-b201-d27e4d069a82" parentExecutionId="b0c15609-a4af-4f7e-9b3e-370273af61eb" testId="30809299-0e3e-4ac7-4a2a-6f8c296d2226" testName="ToUri_Passing_ValidValueString_Returns_Uri (http://☺.damowmow.com/)" computerName="PC-SFERRARI" duration="00:00:00.0000060" startTime="2020-08-13T17:10:22.7197082+01:00" endTime="2020-08-13T17:10:22.7212654+01:00" testType="13cdc9d9-ddb5-4fa4-a97d-d965ccfc6d4b" outcome="Passed" testListId="8c84fa94-04c1-424b-9868-57a2d4851a1d" relativeResultsDirectory="1e15cc79-2653-4825-b201-d27e4d069a82" dataRowInfo="38" resultType="DataDrivenDataRow" />
        <UnitTestResult executionId="b9ff8909-ccfe-4a21-b9b7-d1646edb5f64" parentExecutionId="b0c15609-a4af-4f7e-9b3e-370273af61eb" testId="30809299-0e3e-4ac7-4a2a-6f8c296d2226" testName="ToUri_Passing_ValidValueString_Returns_Uri (http://code.google.com/events/#&amp;product=browser)" computerName="PC-SFERRARI" duration="00:00:00.0000030" startTime="2020-08-13T17:10:22.7197082+01:00" endTime="2020-08-13T17:10:22.7212654+01:00" testType="13cdc9d9-ddb5-4fa4-a97d-d965ccfc6d4b" outcome="Passed" testListId="8c84fa94-04c1-424b-9868-57a2d4851a1d" relativeResultsDirectory="b9ff8909-ccfe-4a21-b9b7-d1646edb5f64" dataRowInfo="39" resultType="DataDrivenDataRow" />
        <UnitTestResult executionId="d110a948-7dc3-4af9-b8bb-0810baa07e1b" parentExecutionId="b0c15609-a4af-4f7e-9b3e-370273af61eb" testId="30809299-0e3e-4ac7-4a2a-6f8c296d2226" testName="ToUri_Passing_ValidValueString_Returns_Uri (http://j.mp)" computerName="PC-SFERRARI" duration="00:00:00.0000028" startTime="2020-08-13T17:10:22.7197082+01:00" endTime="2020-08-13T17:10:22.7212654+01:00" testType="13cdc9d9-ddb5-4fa4-a97d-d965ccfc6d4b" outcome="Passed" testListId="8c84fa94-04c1-424b-9868-57a2d4851a1d" relativeResultsDirectory="d110a948-7dc3-4af9-b8bb-0810baa07e1b" dataRowInfo="40" resultType="DataDrivenDataRow" />
        <UnitTestResult executionId="4c1b93c4-dfee-46c7-a7ba-f6ed087d3849" parentExecutionId="b0c15609-a4af-4f7e-9b3e-370273af61eb" testId="30809299-0e3e-4ac7-4a2a-6f8c296d2226" testName="ToUri_Passing_ValidValueString_Returns_Uri (http://foo.bar/?q=Test%20URL-encoded%20stuff)" computerName="PC-SFERRARI" duration="00:00:00.0000241" startTime="2020-08-13T17:10:22.7197082+01:00" endTime="2020-08-13T17:10:22.7212654+01:00" testType="13cdc9d9-ddb5-4fa4-a97d-d965ccfc6d4b" outcome="Passed" testListId="8c84fa94-04c1-424b-9868-57a2d4851a1d" relativeResultsDirectory="4c1b93c4-dfee-46c7-a7ba-f6ed087d3849" dataRowInfo="41" resultType="DataDrivenDataRow" />
        <UnitTestResult executionId="598dca48-90fa-4d73-a323-9d4e138ece11" parentExecutionId="b0c15609-a4af-4f7e-9b3e-370273af61eb" testId="30809299-0e3e-4ac7-4a2a-6f8c296d2226" testName="ToUri_Passing_ValidValueString_Returns_Uri (http://مثال.إختبار)" computerName="PC-SFERRARI" duration="00:00:00.0000102" startTime="2020-08-13T17:10:22.7197082+01:00" endTime="2020-08-13T17:10:22.7212654+01:00" testType="13cdc9d9-ddb5-4fa4-a97d-d965ccfc6d4b" outcome="Passed" testListId="8c84fa94-04c1-424b-9868-57a2d4851a1d" relativeResultsDirectory="598dca48-90fa-4d73-a323-9d4e138ece11" dataRowInfo="42" resultType="DataDrivenDataRow" />
        <UnitTestResult executionId="4a129d82-4cbd-4d66-9ede-976e490925d3" parentExecutionId="b0c15609-a4af-4f7e-9b3e-370273af61eb" testId="30809299-0e3e-4ac7-4a2a-6f8c296d2226" testName="ToUri_Passing_ValidValueString_Returns_Uri (http://例子.测试)" computerName="PC-SFERRARI" duration="00:00:00.0000050" startTime="2020-08-13T17:10:22.7197082+01:00" endTime="2020-08-13T17:10:22.7212654+01:00" testType="13cdc9d9-ddb5-4fa4-a97d-d965ccfc6d4b" outcome="Passed" testListId="8c84fa94-04c1-424b-9868-57a2d4851a1d" relativeResultsDirectory="4a129d82-4cbd-4d66-9ede-976e490925d3" dataRowInfo="43" resultType="DataDrivenDataRow" />
        <UnitTestResult executionId="c929602c-a58f-48cf-96a6-4a695e39320f" parentExecutionId="b0c15609-a4af-4f7e-9b3e-370273af61eb" testId="30809299-0e3e-4ac7-4a2a-6f8c296d2226" testName="ToUri_Passing_ValidValueString_Returns_Uri (http://उदाहरण.परीक्ष)" computerName="PC-SFERRARI" duration="00:00:00.0000052" startTime="2020-08-13T17:10:22.7197082+01:00" endTime="2020-08-13T17:10:22.7212654+01:00" testType="13cdc9d9-ddb5-4fa4-a97d-d965ccfc6d4b" outcome="Passed" testListId="8c84fa94-04c1-424b-9868-57a2d4851a1d" relativeResultsDirectory="c929602c-a58f-48cf-96a6-4a695e39320f" dataRowInfo="44" resultType="DataDrivenDataRow" />
        <UnitTestResult executionId="21f743ed-c0c3-4af6-8f77-5a7c05bda99c" parentExecutionId="b0c15609-a4af-4f7e-9b3e-370273af61eb" testId="30809299-0e3e-4ac7-4a2a-6f8c296d2226" testName="ToUri_Passing_ValidValueString_Returns_Uri (http://-.~_!$&amp;'()*+,;=:%40:80%2f::::::@example.com)" computerName="PC-SFERRARI" duration="00:00:00.0000038" startTime="2020-08-13T17:10:22.7197082+01:00" endTime="2020-08-13T17:10:22.7212654+01:00" testType="13cdc9d9-ddb5-4fa4-a97d-d965ccfc6d4b" outcome="Passed" testListId="8c84fa94-04c1-424b-9868-57a2d4851a1d" relativeResultsDirectory="21f743ed-c0c3-4af6-8f77-5a7c05bda99c" dataRowInfo="45" resultType="DataDrivenDataRow" />
        <UnitTestResult executionId="20ac2508-617b-4e08-9728-0c61c9583e3a" parentExecutionId="b0c15609-a4af-4f7e-9b3e-370273af61eb" testId="30809299-0e3e-4ac7-4a2a-6f8c296d2226" testName="ToUri_Passing_ValidValueString_Returns_Uri (http://1337.net)" computerName="PC-SFERRARI" duration="00:00:00.0000029" startTime="2020-08-13T17:10:22.7197082+01:00" endTime="2020-08-13T17:10:22.7212654+01:00" testType="13cdc9d9-ddb5-4fa4-a97d-d965ccfc6d4b" outcome="Passed" testListId="8c84fa94-04c1-424b-9868-57a2d4851a1d" relativeResultsDirectory="20ac2508-617b-4e08-9728-0c61c9583e3a" dataRowInfo="46" resultType="DataDrivenDataRow" />
        <UnitTestResult executionId="def1e29c-0778-44ca-80c2-b1c7aafdbdfb" parentExecutionId="b0c15609-a4af-4f7e-9b3e-370273af61eb" testId="30809299-0e3e-4ac7-4a2a-6f8c296d2226" testName="ToUri_Passing_ValidValueString_Returns_Uri (http://a.b-c.de)" computerName="PC-SFERRARI" duration="00:00:00.0000027" startTime="2020-08-13T17:10:22.7197082+01:00" endTime="2020-08-13T17:10:22.7212654+01:00" testType="13cdc9d9-ddb5-4fa4-a97d-d965ccfc6d4b" outcome="Passed" testListId="8c84fa94-04c1-424b-9868-57a2d4851a1d" relativeResultsDirectory="def1e29c-0778-44ca-80c2-b1c7aafdbdfb" dataRowInfo="47" resultType="DataDrivenDataRow" />
        <UnitTestResult executionId="d69b8d58-8a18-429b-b313-de89a7819d66" parentExecutionId="b0c15609-a4af-4f7e-9b3e-370273af61eb" testId="30809299-0e3e-4ac7-4a2a-6f8c296d2226" testName="ToUri_Passing_ValidValueString_Returns_Uri (http://223.255.255.254)" computerName="PC-SFERRARI" duration="00:00:00.0000028" startTime="2020-08-13T17:10:22.7197082+01:00" endTime="2020-08-13T17:10:22.7212654+01:00" testType="13cdc9d9-ddb5-4fa4-a97d-d965ccfc6d4b" outcome="Passed" testListId="8c84fa94-04c1-424b-9868-57a2d4851a1d" relativeResultsDirectory="d69b8d58-8a18-429b-b313-de89a7819d66" dataRowInfo="48" resultType="DataDrivenDataRow" />
      </InnerResults>
    </UnitTestResult>
    <UnitTestResult executionId="cbded9c3-7c4f-4816-8545-73b4eac26996" testId="856fd0c8-b6f8-9265-ccfd-2a9e615488e2" testName="ToUserName_Passing_Valid_UserName_ClaimsPrincipal_Returns_String_UserName_Value" computerName="PC-SFERRARI" duration="00:00:00.0005970" startTime="2020-08-13T17:10:21.4140803+01:00" endTime="2020-08-13T17:10:21.4147649+01:00" testType="13cdc9d9-ddb5-4fa4-a97d-d965ccfc6d4b" outcome="Passed" testListId="8c84fa94-04c1-424b-9868-57a2d4851a1d" relativeResultsDirectory="cbded9c3-7c4f-4816-8545-73b4eac26996" />
    <UnitTestResult executionId="a8442b32-a4b5-4d0e-9614-72497fbda277" testId="c330741e-ad40-618c-36cc-508c135d2b95" testName="ToService_Passing_NotFound_Service_Returns_Null" computerName="PC-SFERRARI" duration="00:00:00.0001058" startTime="2020-08-13T17:10:21.7194781+01:00" endTime="2020-08-13T17:10:21.7196675+01:00" testType="13cdc9d9-ddb5-4fa4-a97d-d965ccfc6d4b" outcome="Passed" testListId="8c84fa94-04c1-424b-9868-57a2d4851a1d" relativeResultsDirectory="a8442b32-a4b5-4d0e-9614-72497fbda277" />
    <UnitTestResult executionId="f5597fb0-b1ee-491e-b375-7dc67d7e2fb9" testId="66f7bc12-fe2b-fd81-3cbf-5bc4840aa6f8" testName="ToConfiguration_Passing_Key_Values_Returns_Ok" computerName="PC-SFERRARI" duration="00:00:00.0267612" startTime="2020-08-13T17:10:21.4858021+01:00" endTime="2020-08-13T17:10:21.5126635+01:00" testType="13cdc9d9-ddb5-4fa4-a97d-d965ccfc6d4b" outcome="Passed" testListId="8c84fa94-04c1-424b-9868-57a2d4851a1d" relativeResultsDirectory="f5597fb0-b1ee-491e-b375-7dc67d7e2fb9" />
    <UnitTestResult executionId="a5d60d8f-d23d-4c7d-911e-37ba2f283fdc" testId="7dc20d31-477c-3765-83c0-7575a504da96" testName="ToNormalize_Passing_ValidValue_Returns_NormalizedValue" computerName="PC-SFERRARI" duration="00:00:00.0030256" startTime="2020-08-13T17:10:22.6395762+01:00" endTime="2020-08-13T17:10:22.6426906+01:00" testType="13cdc9d9-ddb5-4fa4-a97d-d965ccfc6d4b" outcome="Passed" testListId="8c84fa94-04c1-424b-9868-57a2d4851a1d" relativeResultsDirectory="a5d60d8f-d23d-4c7d-911e-37ba2f283fdc" resultType="DataDrivenTest">
      <InnerResults>
        <UnitTestResult executionId="2831aa40-b784-4b20-a36f-a2db09b93c0a" parentExecutionId="a5d60d8f-d23d-4c7d-911e-37ba2f283fdc" testId="7dc20d31-477c-3765-83c0-7575a504da96" testName="ToNormalize_Passing_ValidValue_Returns_NormalizedValue (àáäâãøçħ,aaaaaoch)" computerName="PC-SFERRARI" duration="00:00:00.0027857" startTime="2020-08-13T17:10:22.6395762+01:00" endTime="2020-08-13T17:10:22.6426906+01:00" testType="13cdc9d9-ddb5-4fa4-a97d-d965ccfc6d4b" outcome="Passed" testListId="8c84fa94-04c1-424b-9868-57a2d4851a1d" relativeResultsDirectory="2831aa40-b784-4b20-a36f-a2db09b93c0a" dataRowInfo="1" resultType="DataDrivenDataRow" />
        <UnitTestResult executionId="a89cbd2f-b2d1-43c6-9c23-5d3d1afd6568" parentExecutionId="a5d60d8f-d23d-4c7d-911e-37ba2f283fdc" testId="7dc20d31-477c-3765-83c0-7575a504da96" testName="ToNormalize_Passing_ValidValue_Returns_NormalizedValue ( àáäâ ãøçħ ,aaaa aoch)" computerName="PC-SFERRARI" duration="00:00:00.0000726" startTime="2020-08-13T17:10:22.6395762+01:00" endTime="2020-08-13T17:10:22.6426906+01:00" testType="13cdc9d9-ddb5-4fa4-a97d-d965ccfc6d4b" outcome="Passed" testListId="8c84fa94-04c1-424b-9868-57a2d4851a1d" relativeResultsDirectory="a89cbd2f-b2d1-43c6-9c23-5d3d1afd6568" dataRowInfo="2" resultType="DataDrivenDataRow" />
        <UnitTestResult executionId="27aa9b03-6967-47fb-99d1-a79764ba5c29" parentExecutionId="a5d60d8f-d23d-4c7d-911e-37ba2f283fdc" testId="7dc20d31-477c-3765-83c0-7575a504da96" testName="ToNormalize_Passing_ValidValue_Returns_NormalizedValue (*¨^_:-?¿;,)" computerName="PC-SFERRARI" duration="00:00:00.0000418" startTime="2020-08-13T17:10:22.6395762+01:00" endTime="2020-08-13T17:10:22.6426906+01:00" testType="13cdc9d9-ddb5-4fa4-a97d-d965ccfc6d4b" outcome="Passed" testListId="8c84fa94-04c1-424b-9868-57a2d4851a1d" relativeResultsDirectory="27aa9b03-6967-47fb-99d1-a79764ba5c29" dataRowInfo="3" resultType="DataDrivenDataRow" />
        <UnitTestResult executionId="af7cd6a1-85a3-48ee-8a8a-5f821cb26ba2" parentExecutionId="a5d60d8f-d23d-4c7d-911e-37ba2f283fdc" testId="7dc20d31-477c-3765-83c0-7575a504da96" testName="ToNormalize_Passing_ValidValue_Returns_NormalizedValue ( * ¨ ^ _ : - ? ¿ ; ,)" computerName="PC-SFERRARI" duration="00:00:00.0000251" startTime="2020-08-13T17:10:22.6395762+01:00" endTime="2020-08-13T17:10:22.6426906+01:00" testType="13cdc9d9-ddb5-4fa4-a97d-d965ccfc6d4b" outcome="Passed" testListId="8c84fa94-04c1-424b-9868-57a2d4851a1d" relativeResultsDirectory="af7cd6a1-85a3-48ee-8a8a-5f821cb26ba2" dataRowInfo="4" resultType="DataDrivenDataRow" />
      </InnerResults>
    </UnitTestResult>
    <UnitTestResult executionId="01a0df1e-e01f-4f67-85a3-7f3662573ffd" testId="e2880a6e-7a01-b4ba-86fb-4d33be072972" testName="ToExists_Passing_Valid_Service_Returns_True" computerName="PC-SFERRARI" duration="00:00:00.0003512" startTime="2020-08-13T17:10:21.6389612+01:00" endTime="2020-08-13T17:10:21.6393887+01:00" testType="13cdc9d9-ddb5-4fa4-a97d-d965ccfc6d4b" outcome="Passed" testListId="8c84fa94-04c1-424b-9868-57a2d4851a1d" relativeResultsDirectory="01a0df1e-e01f-4f67-85a3-7f3662573ffd" />
    <UnitTestResult executionId="39f74d9e-9f4a-426b-bc6a-e5d647a27c08" testId="5517211d-203c-115f-7dc1-6f48da8ab75b" testName="ToFirstLetterUpper_Passing_ValidValue_Returns_StringWithFirstLetterUpper" computerName="PC-SFERRARI" duration="00:00:00.0001321" startTime="2020-08-13T17:10:22.6055846+01:00" endTime="2020-08-13T17:10:22.6057906+01:00" testType="13cdc9d9-ddb5-4fa4-a97d-d965ccfc6d4b" outcome="Passed" testListId="8c84fa94-04c1-424b-9868-57a2d4851a1d" relativeResultsDirectory="39f74d9e-9f4a-426b-bc6a-e5d647a27c08" resultType="DataDrivenTest">
      <InnerResults>
        <UnitTestResult executionId="b4fe6793-13b3-40a4-adc1-1fd4e2f9d9e6" parentExecutionId="39f74d9e-9f4a-426b-bc6a-e5d647a27c08" testId="5517211d-203c-115f-7dc1-6f48da8ab75b" testName="ToFirstLetterUpper_Passing_ValidValue_Returns_StringWithFirstLetterUpper (aaaaaa,Aaaaaa)" computerName="PC-SFERRARI" duration="00:00:00.0000985" startTime="2020-08-13T17:10:22.6055846+01:00" endTime="2020-08-13T17:10:22.6057906+01:00" testType="13cdc9d9-ddb5-4fa4-a97d-d965ccfc6d4b" outcome="Passed" testListId="8c84fa94-04c1-424b-9868-57a2d4851a1d" relativeResultsDirectory="b4fe6793-13b3-40a4-adc1-1fd4e2f9d9e6" dataRowInfo="1" resultType="DataDrivenDataRow" />
      </InnerResults>
    </UnitTestResult>
    <UnitTestResult executionId="aa31e2aa-b0b7-458e-8b49-a132a4b4d9b1" testId="d7c20db6-f712-8539-ac01-01e8f4033fac" testName="IsFile_Passing_InvalidArguments_Returns_HasErrorsAndCount" computerName="PC-SFERRARI" duration="00:00:00.0004807" startTime="2020-08-13T17:10:21.1553047+01:00" endTime="2020-08-13T17:10:21.1558658+01:00" testType="13cdc9d9-ddb5-4fa4-a97d-d965ccfc6d4b" outcome="Passed" testListId="8c84fa94-04c1-424b-9868-57a2d4851a1d" relativeResultsDirectory="aa31e2aa-b0b7-458e-8b49-a132a4b4d9b1" />
    <UnitTestResult executionId="0a85e935-efb6-4127-8e9b-d77fcda896fc" testId="0cfd0c7c-1a61-7d19-c2fa-3c8a47ccf09c" testName="ToValues_Passing_ValidEnumType_Returns_ValuesListString" computerName="PC-SFERRARI" duration="00:00:00.0007615" startTime="2020-08-13T17:10:21.9743918+01:00" endTime="2020-08-13T17:10:21.9752327+01:00" testType="13cdc9d9-ddb5-4fa4-a97d-d965ccfc6d4b" outcome="Passed" testListId="8c84fa94-04c1-424b-9868-57a2d4851a1d" relativeResultsDirectory="0a85e935-efb6-4127-8e9b-d77fcda896fc" />
    <UnitTestResult executionId="4e1d3d35-706f-46d6-bf82-c4642a6c33bd" testId="320700ce-aa3b-5818-fb18-706cf7605472" testName="ToAttribute_Passing_Enumeration_Name_Returns_Atributte" computerName="PC-SFERRARI" duration="00:00:00.0017309" startTime="2020-08-13T17:10:21.9052612+01:00" endTime="2020-08-13T17:10:21.9071778+01:00" testType="13cdc9d9-ddb5-4fa4-a97d-d965ccfc6d4b" outcome="Passed" testListId="8c84fa94-04c1-424b-9868-57a2d4851a1d" relativeResultsDirectory="4e1d3d35-706f-46d6-bf82-c4642a6c33bd" />
    <UnitTestResult executionId="a5b19a34-27e4-46ea-a68b-343a1464e7ac" testId="7384e2f6-7a7f-d462-78fa-5bf7f49c326a" testName="ToIsAuthenticated_Passing_Claims_Returns_False" computerName="PC-SFERRARI" duration="00:00:00.0005035" startTime="2020-08-13T17:10:21.3761011+01:00" endTime="2020-08-13T17:10:21.3766968+01:00" testType="13cdc9d9-ddb5-4fa4-a97d-d965ccfc6d4b" outcome="Passed" testListId="8c84fa94-04c1-424b-9868-57a2d4851a1d" relativeResultsDirectory="a5b19a34-27e4-46ea-a68b-343a1464e7ac" />
    <UnitTestResult executionId="b923fa1a-4ac3-416b-8619-a154b6f0eda1" testId="6bd61990-78b5-76ea-0df5-0c13c388bdc0" testName="ToWhere_Passing_Null_Predicate_Returns_Same_List" computerName="PC-SFERRARI" duration="00:00:00.0021164" startTime="2020-08-13T17:10:22.5173876+01:00" endTime="2020-08-13T17:10:22.5195904+01:00" testType="13cdc9d9-ddb5-4fa4-a97d-d965ccfc6d4b" outcome="Passed" testListId="8c84fa94-04c1-424b-9868-57a2d4851a1d" relativeResultsDirectory="b923fa1a-4ac3-416b-8619-a154b6f0eda1" />
    <UnitTestResult executionId="3e788c03-35fb-4d60-a376-f5d75d839d3e" testId="074815db-ddf2-9c1f-0fef-7f709183591e" testName="ToExists_Passing_Service_Not_Found_Returns_False" computerName="PC-SFERRARI" duration="00:00:00.0004725" startTime="2020-08-13T17:10:20.9613474+01:00" endTime="2020-08-13T17:10:20.9619082+01:00" testType="13cdc9d9-ddb5-4fa4-a97d-d965ccfc6d4b" outcome="Passed" testListId="8c84fa94-04c1-424b-9868-57a2d4851a1d" relativeResultsDirectory="3e788c03-35fb-4d60-a376-f5d75d839d3e" />
    <UnitTestResult executionId="e3a4f66d-ff7d-43f0-98da-cdda7efeaa99" testId="34e0940c-fc9c-71db-fc18-7d52ee8761a0" testName="ToAuthenticationType_Passing_Claims_Returns_Null" computerName="PC-SFERRARI" duration="00:00:00.0005004" startTime="2020-08-13T17:10:21.3034691+01:00" endTime="2020-08-13T17:10:21.3041041+01:00" testType="13cdc9d9-ddb5-4fa4-a97d-d965ccfc6d4b" outcome="Passed" testListId="8c84fa94-04c1-424b-9868-57a2d4851a1d" relativeResultsDirectory="e3a4f66d-ff7d-43f0-98da-cdda7efeaa99" />
    <UnitTestResult executionId="0de1208a-c977-4586-99c6-60a1b1a34d2e" testId="bf8f6922-5666-8ec7-1500-aabd5997d6a4" testName="ToString_Passing_Valid_Collection_With_Custom_Separator_Returns_String_With_Custom_Separator" computerName="PC-SFERRARI" duration="00:00:00.0001737" startTime="2020-08-13T17:10:21.9049862+01:00" endTime="2020-08-13T17:10:21.9052403+01:00" testType="13cdc9d9-ddb5-4fa4-a97d-d965ccfc6d4b" outcome="Passed" testListId="8c84fa94-04c1-424b-9868-57a2d4851a1d" relativeResultsDirectory="0de1208a-c977-4586-99c6-60a1b1a34d2e" />
    <UnitTestResult executionId="e29d9974-8f92-4dea-89eb-09867f33c5a9" testId="69b6ed05-fdf2-6989-0583-109b4777a6ac" testName="ToEnvironment_Passing_Custom_Enviroment_Returns_Custom_Name" computerName="PC-SFERRARI" duration="00:00:00.3567403" startTime="2020-08-13T17:10:20.3180666+01:00" endTime="2020-08-13T17:10:20.6751194+01:00" testType="13cdc9d9-ddb5-4fa4-a97d-d965ccfc6d4b" outcome="Passed" testListId="8c84fa94-04c1-424b-9868-57a2d4851a1d" relativeResultsDirectory="e29d9974-8f92-4dea-89eb-09867f33c5a9" />
    <UnitTestResult executionId="dba222b9-e432-4f1f-9b29-476b39aabb1b" testId="0d35441f-72fe-a777-509f-6a19632f972a" testName="ToMessage_Passing_ExceptionWithMessageWithInnerException_Returns_MessageAndInnerException" computerName="PC-SFERRARI" duration="00:00:00.0002622" startTime="2020-08-13T17:10:21.9911630+01:00" endTime="2020-08-13T17:10:21.9915624+01:00" testType="13cdc9d9-ddb5-4fa4-a97d-d965ccfc6d4b" outcome="Passed" testListId="8c84fa94-04c1-424b-9868-57a2d4851a1d" relativeResultsDirectory="dba222b9-e432-4f1f-9b29-476b39aabb1b" />
    <UnitTestResult executionId="08be2b5d-0857-4775-9a93-4696e8b2bb6f" testId="1f6423c7-4317-6f5b-c112-f4c9c7e822af" testName="ToEmailMaskUserNameAndDomainAndExtension_Passing_ValidEmail_Returns_EmailWithMask" computerName="PC-SFERRARI" duration="00:00:00.0008762" startTime="2020-08-13T17:10:22.5887094+01:00" endTime="2020-08-13T17:10:22.5897693+01:00" testType="13cdc9d9-ddb5-4fa4-a97d-d965ccfc6d4b" outcome="Passed" testListId="8c84fa94-04c1-424b-9868-57a2d4851a1d" relativeResultsDirectory="08be2b5d-0857-4775-9a93-4696e8b2bb6f" resultType="DataDrivenTest">
      <InnerResults>
        <UnitTestResult executionId="5d8883d7-3fda-4c11-a016-3df9aed22e30" parentExecutionId="08be2b5d-0857-4775-9a93-4696e8b2bb6f" testId="1f6423c7-4317-6f5b-c112-f4c9c7e822af" testName="ToEmailMaskUserNameAndDomainAndExtension_Passing_ValidEmail_Returns_EmailWithMask (miemail@gmail.com,m*****l@g***l.c*m)" computerName="PC-SFERRARI" duration="00:00:00.0008222" startTime="2020-08-13T17:10:22.5887094+01:00" endTime="2020-08-13T17:10:22.5897693+01:00" testType="13cdc9d9-ddb5-4fa4-a97d-d965ccfc6d4b" outcome="Passed" testListId="8c84fa94-04c1-424b-9868-57a2d4851a1d" relativeResultsDirectory="5d8883d7-3fda-4c11-a016-3df9aed22e30" dataRowInfo="1" resultType="DataDrivenDataRow" />
      </InnerResults>
    </UnitTestResult>
    <UnitTestResult executionId="b6a946d2-ec85-4467-bf82-0473a234c03a" testId="c8fd6d3c-b723-929b-f175-dbdc2a7be855" testName="ToIsWeekend_Passing_Sunday_DateTime_Returns_True" computerName="PC-SFERRARI" duration="00:00:00.0001121" startTime="2020-08-13T17:10:21.8898060+01:00" endTime="2020-08-13T17:10:21.8899917+01:00" testType="13cdc9d9-ddb5-4fa4-a97d-d965ccfc6d4b" outcome="Passed" testListId="8c84fa94-04c1-424b-9868-57a2d4851a1d" relativeResultsDirectory="b6a946d2-ec85-4467-bf82-0473a234c03a" />
    <UnitTestResult executionId="68eceb36-e6a4-4aa4-aa5b-0f956df7d857" testId="31ff6168-d18d-0013-7c18-0ff775714202" testName="ToEnum_Passing_InvalidValueString_Returns_EnumDefaultValue" computerName="PC-SFERRARI" duration="00:00:00.0001085" startTime="2020-08-13T17:10:22.6046057+01:00" endTime="2020-08-13T17:10:22.6048121+01:00" testType="13cdc9d9-ddb5-4fa4-a97d-d965ccfc6d4b" outcome="Passed" testListId="8c84fa94-04c1-424b-9868-57a2d4851a1d" relativeResultsDirectory="68eceb36-e6a4-4aa4-aa5b-0f956df7d857" />
    <UnitTestResult executionId="c0aa5282-1537-4f46-b07d-d083e22231e5" testId="e37f41d3-77a8-1acd-c258-fbb5b724b134" testName="ToDefaultValue_Passing_ValidInt_Returns_DefaultValue" computerName="PC-SFERRARI" duration="00:00:00.0001086" startTime="2020-08-13T17:10:22.7747865+01:00" endTime="2020-08-13T17:10:22.7749717+01:00" testType="13cdc9d9-ddb5-4fa4-a97d-d965ccfc6d4b" outcome="Passed" testListId="8c84fa94-04c1-424b-9868-57a2d4851a1d" relativeResultsDirectory="c0aa5282-1537-4f46-b07d-d083e22231e5" />
    <UnitTestResult executionId="0ee3cf72-2948-4b8b-9277-88e106858f1e" testId="27cc1a96-8264-8762-05bc-aa63ccb155d7" testName="ToMapClone_Passing_Source_Returns_New_Source_Object" computerName="PC-SFERRARI" duration="00:00:00.3846489" startTime="2020-08-13T17:10:19.8436541+01:00" endTime="2020-08-13T17:10:20.2287656+01:00" testType="13cdc9d9-ddb5-4fa4-a97d-d965ccfc6d4b" outcome="Passed" testListId="8c84fa94-04c1-424b-9868-57a2d4851a1d" relativeResultsDirectory="0ee3cf72-2948-4b8b-9277-88e106858f1e" />
    <UnitTestResult executionId="321f20e2-0a5d-4ea2-98f2-d2b6747955b8" testId="19a313ce-6632-bd6f-bb7e-c2dc7bcf20eb" testName="ToDefaultValue_Passing_sbyte_Returns_Cero" computerName="PC-SFERRARI" duration="00:00:00.0002402" startTime="2020-08-13T17:10:22.0177767+01:00" endTime="2020-08-13T17:10:22.0180801+01:00" testType="13cdc9d9-ddb5-4fa4-a97d-d965ccfc6d4b" outcome="Passed" testListId="8c84fa94-04c1-424b-9868-57a2d4851a1d" relativeResultsDirectory="321f20e2-0a5d-4ea2-98f2-d2b6747955b8" resultType="DataDrivenTest">
      <InnerResults>
        <UnitTestResult executionId="d889b567-898f-462f-b621-2cfcf6b610b1" parentExecutionId="321f20e2-0a5d-4ea2-98f2-d2b6747955b8" testId="19a313ce-6632-bd6f-bb7e-c2dc7bcf20eb" testName="ToDefaultValue_Passing_sbyte_Returns_Cero (127)" computerName="PC-SFERRARI" duration="00:00:00.0002016" startTime="2020-08-13T17:10:22.0177767+01:00" endTime="2020-08-13T17:10:22.0180801+01:00" testType="13cdc9d9-ddb5-4fa4-a97d-d965ccfc6d4b" outcome="Passed" testListId="8c84fa94-04c1-424b-9868-57a2d4851a1d" relativeResultsDirectory="d889b567-898f-462f-b621-2cfcf6b610b1" dataRowInfo="1" resultType="DataDrivenDataRow" />
      </InnerResults>
    </UnitTestResult>
    <UnitTestResult executionId="1a35e8fe-258a-4423-b091-e19b76f061b0" testId="e0f7dcd9-f363-be9c-de11-457f6a575bee" testName="ToDefaultValue_Passing_float_Returns_Cero" computerName="PC-SFERRARI" duration="00:00:00.0004090" startTime="2020-08-13T17:10:22.0164617+01:00" endTime="2020-08-13T17:10:22.0170482+01:00" testType="13cdc9d9-ddb5-4fa4-a97d-d965ccfc6d4b" outcome="Passed" testListId="8c84fa94-04c1-424b-9868-57a2d4851a1d" relativeResultsDirectory="1a35e8fe-258a-4423-b091-e19b76f061b0" resultType="DataDrivenTest">
      <InnerResults>
        <UnitTestResult executionId="dfcec8c5-9a7b-4c8a-b02f-878e783c088c" parentExecutionId="1a35e8fe-258a-4423-b091-e19b76f061b0" testId="e0f7dcd9-f363-be9c-de11-457f6a575bee" testName="ToDefaultValue_Passing_float_Returns_Cero (3,4028235E+38)" computerName="PC-SFERRARI" duration="00:00:00.0003284" startTime="2020-08-13T17:10:22.0164617+01:00" endTime="2020-08-13T17:10:22.0170482+01:00" testType="13cdc9d9-ddb5-4fa4-a97d-d965ccfc6d4b" outcome="Passed" testListId="8c84fa94-04c1-424b-9868-57a2d4851a1d" relativeResultsDirectory="dfcec8c5-9a7b-4c8a-b02f-878e783c088c" dataRowInfo="1" resultType="DataDrivenDataRow" />
      </InnerResults>
    </UnitTestResult>
    <UnitTestResult executionId="586728bb-1bba-418d-bcf0-581b462b26a2" testId="71a1897b-b713-c047-1c23-5efdff095b20" testName="ToMapUpdate_Passing_Destination_Object_Returns_Updated_Destination_Object" computerName="PC-SFERRARI" duration="00:00:00.0082510" startTime="2020-08-13T17:10:20.3096509+01:00" endTime="2020-08-13T17:10:20.3180218+01:00" testType="13cdc9d9-ddb5-4fa4-a97d-d965ccfc6d4b" outcome="Passed" testListId="8c84fa94-04c1-424b-9868-57a2d4851a1d" relativeResultsDirectory="586728bb-1bba-418d-bcf0-581b462b26a2" />
    <UnitTestResult executionId="fc97423e-3055-4abf-a985-125d79f373b6" testId="504465b7-a3fe-9023-93b9-ffece1903418" testName="ToEnvironment_ServiceCollection_Passing_Staging_Enviroment_Returns_Staging_Name" computerName="PC-SFERRARI" duration="00:00:00.0003573" startTime="2020-08-13T17:10:21.6375774+01:00" endTime="2020-08-13T17:10:21.6380120+01:00" testType="13cdc9d9-ddb5-4fa4-a97d-d965ccfc6d4b" outcome="Passed" testListId="8c84fa94-04c1-424b-9868-57a2d4851a1d" relativeResultsDirectory="fc97423e-3055-4abf-a985-125d79f373b6" />
    <UnitTestResult executionId="1d11487f-d60f-46cc-8c08-58e4928024fa" testId="34931354-7c25-7812-28fe-96ea501746b4" testName="ToSetTime_Passing_Time_String_Returns_DateTime" computerName="PC-SFERRARI" duration="00:00:00.0003544" startTime="2020-08-13T17:10:21.8903861+01:00" endTime="2020-08-13T17:10:21.8908171+01:00" testType="13cdc9d9-ddb5-4fa4-a97d-d965ccfc6d4b" outcome="Passed" testListId="8c84fa94-04c1-424b-9868-57a2d4851a1d" relativeResultsDirectory="1d11487f-d60f-46cc-8c08-58e4928024fa" />
    <UnitTestResult executionId="82afa936-96f1-4d5e-8fcf-57116dc78b05" testId="a75e991f-5e03-3949-85d6-afa1f14455d4" testName="ToIsAuthenticated_Passing_Claims_Returns_True" computerName="PC-SFERRARI" duration="00:00:00.0005499" startTime="2020-08-13T17:10:21.3767195+01:00" endTime="2020-08-13T17:10:21.3773589+01:00" testType="13cdc9d9-ddb5-4fa4-a97d-d965ccfc6d4b" outcome="Passed" testListId="8c84fa94-04c1-424b-9868-57a2d4851a1d" relativeResultsDirectory="82afa936-96f1-4d5e-8fcf-57116dc78b05" />
    <UnitTestResult executionId="98313454-a198-4a51-bfde-8788a3ce7c1f" testId="1064d8aa-5d0e-6bf5-83ee-952a4d1fd93b" testName="ToEnum_Passing_InvalidValueInt_Returns_EnumCustomValue" computerName="PC-SFERRARI" duration="00:00:00.0008134" startTime="2020-08-13T17:10:22.5914715+01:00" endTime="2020-08-13T17:10:22.5923724+01:00" testType="13cdc9d9-ddb5-4fa4-a97d-d965ccfc6d4b" outcome="Passed" testListId="8c84fa94-04c1-424b-9868-57a2d4851a1d" relativeResultsDirectory="98313454-a198-4a51-bfde-8788a3ce7c1f" />
    <UnitTestResult executionId="a2e534e6-60c9-4dec-b7c9-acefe9dd799b" testId="f828057e-351a-48b7-0028-e57f15c7217e" testName="ToDefaultValue_Passing_uint_Returns_Cero" computerName="PC-SFERRARI" duration="00:00:00.0003350" startTime="2020-08-13T17:10:22.0243879+01:00" endTime="2020-08-13T17:10:22.0248404+01:00" testType="13cdc9d9-ddb5-4fa4-a97d-d965ccfc6d4b" outcome="Passed" testListId="8c84fa94-04c1-424b-9868-57a2d4851a1d" relativeResultsDirectory="a2e534e6-60c9-4dec-b7c9-acefe9dd799b" resultType="DataDrivenTest">
      <InnerResults>
        <UnitTestResult executionId="edc1e717-cc90-486c-80eb-2a9bf7e46828" parentExecutionId="a2e534e6-60c9-4dec-b7c9-acefe9dd799b" testId="f828057e-351a-48b7-0028-e57f15c7217e" testName="ToDefaultValue_Passing_uint_Returns_Cero (4294967295)" computerName="PC-SFERRARI" duration="00:00:00.0002797" startTime="2020-08-13T17:10:22.0243879+01:00" endTime="2020-08-13T17:10:22.0248404+01:00" testType="13cdc9d9-ddb5-4fa4-a97d-d965ccfc6d4b" outcome="Passed" testListId="8c84fa94-04c1-424b-9868-57a2d4851a1d" relativeResultsDirectory="edc1e717-cc90-486c-80eb-2a9bf7e46828" dataRowInfo="1" resultType="DataDrivenDataRow" />
      </InnerResults>
    </UnitTestResult>
    <UnitTestResult executionId="f94e5647-d94e-45ea-9b73-9f734c68a92b" testId="db5f34ff-df7c-44e5-6721-c319db8d6da0" testName="ToTryGetHeader_Passing_HttpRequest_Header_Many_Values_Returns_Values" computerName="PC-SFERRARI" duration="00:00:00.0004801" startTime="2020-08-13T17:10:22.1191828+01:00" endTime="2020-08-13T17:10:22.1197519+01:00" testType="13cdc9d9-ddb5-4fa4-a97d-d965ccfc6d4b" outcome="Passed" testListId="8c84fa94-04c1-424b-9868-57a2d4851a1d" relativeResultsDirectory="f94e5647-d94e-45ea-9b73-9f734c68a92b" />
    <UnitTestResult executionId="bd813fcb-cb1d-4ae3-a058-ae3df61f2b43" testId="9064672f-1220-7bc0-f2b0-c66c74cccc5e" testName="ToConfiguration_Passing_Valid_DirectoryPath_Valid_JsonFileName_Returns_Ok" computerName="PC-SFERRARI" duration="00:00:00.0639972" startTime="2020-08-13T17:10:21.5565463+01:00" endTime="2020-08-13T17:10:21.6206789+01:00" testType="13cdc9d9-ddb5-4fa4-a97d-d965ccfc6d4b" outcome="Passed" testListId="8c84fa94-04c1-424b-9868-57a2d4851a1d" relativeResultsDirectory="bd813fcb-cb1d-4ae3-a058-ae3df61f2b43" />
    <UnitTestResult executionId="29c430fd-a7cc-4d43-8140-2b4fb2b6962b" testId="3f0bf65d-a3af-41bf-ac79-126a0efc4fd4" testName="ToService_Passing_Service_Not_Found_Returns_Null" computerName="PC-SFERRARI" duration="00:00:00.0002603" startTime="2020-08-13T17:10:20.9628994+01:00" endTime="2020-08-13T17:10:20.9632389+01:00" testType="13cdc9d9-ddb5-4fa4-a97d-d965ccfc6d4b" outcome="Passed" testListId="8c84fa94-04c1-424b-9868-57a2d4851a1d" relativeResultsDirectory="29c430fd-a7cc-4d43-8140-2b4fb2b6962b" />
    <UnitTestResult executionId="ce7c8819-9500-45ae-ace0-f2bda819590e" testId="ae09f98c-257a-b9e5-5b0b-16344b7adf1c" testName="ToInt_Passing_ValidValueString_Returns_Int" computerName="PC-SFERRARI" duration="00:00:00.0002606" startTime="2020-08-13T17:10:22.6391249+01:00" endTime="2020-08-13T17:10:22.6395446+01:00" testType="13cdc9d9-ddb5-4fa4-a97d-d965ccfc6d4b" outcome="Passed" testListId="8c84fa94-04c1-424b-9868-57a2d4851a1d" relativeResultsDirectory="ce7c8819-9500-45ae-ace0-f2bda819590e" resultType="DataDrivenTest">
      <InnerResults>
        <UnitTestResult executionId="f12aa210-ee4e-4280-963c-d8e3c4f727a3" parentExecutionId="ce7c8819-9500-45ae-ace0-f2bda819590e" testId="ae09f98c-257a-b9e5-5b0b-16344b7adf1c" testName="ToInt_Passing_ValidValueString_Returns_Int (1234567890)" computerName="PC-SFERRARI" duration="00:00:00.0002081" startTime="2020-08-13T17:10:22.6391249+01:00" endTime="2020-08-13T17:10:22.6395446+01:00" testType="13cdc9d9-ddb5-4fa4-a97d-d965ccfc6d4b" outcome="Passed" testListId="8c84fa94-04c1-424b-9868-57a2d4851a1d" relativeResultsDirectory="f12aa210-ee4e-4280-963c-d8e3c4f727a3" dataRowInfo="1" resultType="DataDrivenDataRow" />
      </InnerResults>
    </UnitTestResult>
    <UnitTestResult executionId="4a53ab79-dcf1-4017-93e0-0e25c1bcb079" testId="87c5dbd3-fd2a-1e49-42e5-8dc78affc8d6" testName="ToSerialize_Passing_Objects_Returns_String_Values" computerName="PC-SFERRARI" duration="00:00:00.0016936" startTime="2020-08-13T17:10:22.5066777+01:00" endTime="2020-08-13T17:10:22.5085476+01:00" testType="13cdc9d9-ddb5-4fa4-a97d-d965ccfc6d4b" outcome="Passed" testListId="8c84fa94-04c1-424b-9868-57a2d4851a1d" relativeResultsDirectory="4a53ab79-dcf1-4017-93e0-0e25c1bcb079" />
    <UnitTestResult executionId="be61d219-2e85-428f-a6a7-bcf4ecd8884e" testId="3e6d6aa9-9b6d-dd96-b54c-49f88780a2b4" testName="ToEmptyIfNull_Passing_Null_Collection_Returns_Empty_Collection" computerName="PC-SFERRARI" duration="00:00:00.0005234" startTime="2020-08-13T17:10:21.9026147+01:00" endTime="2020-08-13T17:10:21.9034494+01:00" testType="13cdc9d9-ddb5-4fa4-a97d-d965ccfc6d4b" outcome="Passed" testListId="8c84fa94-04c1-424b-9868-57a2d4851a1d" relativeResultsDirectory="be61d219-2e85-428f-a6a7-bcf4ecd8884e" />
    <UnitTestResult executionId="a912fa55-c689-4ec0-8ca5-ddb809f1c5ce" testId="64bc1554-814c-3c40-a6b0-679b40b89c36" testName="ToExists_Passing_Valid_Service_Returns_True" computerName="PC-SFERRARI" duration="00:00:00.0003568" startTime="2020-08-13T17:10:20.9619329+01:00" endTime="2020-08-13T17:10:20.9623777+01:00" testType="13cdc9d9-ddb5-4fa4-a97d-d965ccfc6d4b" outcome="Passed" testListId="8c84fa94-04c1-424b-9868-57a2d4851a1d" relativeResultsDirectory="a912fa55-c689-4ec0-8ca5-ddb809f1c5ce" />
    <UnitTestResult executionId="e1cdcd48-2dcd-4582-9bc6-17aef315b558" testId="1761ee10-7c34-b565-b889-1885bffe91c3" testName="ToSetTime_Passing_Time_Int_Returns_DateTime" computerName="PC-SFERRARI" duration="00:00:00.0002706" startTime="2020-08-13T17:10:21.8900113+01:00" endTime="2020-08-13T17:10:21.8903553+01:00" testType="13cdc9d9-ddb5-4fa4-a97d-d965ccfc6d4b" outcome="Passed" testListId="8c84fa94-04c1-424b-9868-57a2d4851a1d" relativeResultsDirectory="e1cdcd48-2dcd-4582-9bc6-17aef315b558" />
    <UnitTestResult executionId="7ada71ce-dce7-4f5a-a5aa-aac898c61a35" testId="678a7b5d-e2f9-09be-f35f-0e3e4d5ad033" testName="ToDeserialize_Passing_String_Returns_Object" computerName="PC-SFERRARI" duration="00:00:00.0029707" startTime="2020-08-13T17:10:22.4860615+01:00" endTime="2020-08-13T17:10:22.4892032+01:00" testType="13cdc9d9-ddb5-4fa4-a97d-d965ccfc6d4b" outcome="Passed" testListId="8c84fa94-04c1-424b-9868-57a2d4851a1d" relativeResultsDirectory="7ada71ce-dce7-4f5a-a5aa-aac898c61a35" />
    <UnitTestResult executionId="1339e793-ae28-4d06-ad0a-bf1b55cf6d1f" testId="ab527057-69f2-0a9a-89fd-18928a3920fd" testName="ToHashAlgorithmName_Passing_InvalidValueStringWithDefaultValue_Returns_DefaultValue" computerName="PC-SFERRARI" duration="00:00:00.0001763" startTime="2020-08-13T17:10:22.6173152+01:00" endTime="2020-08-13T17:10:22.6175623+01:00" testType="13cdc9d9-ddb5-4fa4-a97d-d965ccfc6d4b" outcome="Passed" testListId="8c84fa94-04c1-424b-9868-57a2d4851a1d" relativeResultsDirectory="1339e793-ae28-4d06-ad0a-bf1b55cf6d1f" resultType="DataDrivenTest">
      <InnerResults>
        <UnitTestResult executionId="1ff0aea7-bdcb-4613-97e4-4c0d8438aebf" parentExecutionId="1339e793-ae28-4d06-ad0a-bf1b55cf6d1f" testId="ab527057-69f2-0a9a-89fd-18928a3920fd" testName="ToHashAlgorithmName_Passing_InvalidValueStringWithDefaultValue_Returns_DefaultValue (hhhhhh)" computerName="PC-SFERRARI" duration="00:00:00.0001444" startTime="2020-08-13T17:10:22.6173152+01:00" endTime="2020-08-13T17:10:22.6175623+01:00" testType="13cdc9d9-ddb5-4fa4-a97d-d965ccfc6d4b" outcome="Passed" testListId="8c84fa94-04c1-424b-9868-57a2d4851a1d" relativeResultsDirectory="1ff0aea7-bdcb-4613-97e4-4c0d8438aebf" dataRowInfo="1" resultType="DataDrivenDataRow" />
      </InnerResults>
    </UnitTestResult>
    <UnitTestResult executionId="5aaa9c37-a912-49c7-aa6e-c4de1893571a" testId="31126d50-f667-908c-85f3-09f9d9272df9" testName="ToEnvironment_Passing_Production_Enviroment_Returns_Production_Name" computerName="PC-SFERRARI" duration="00:00:00.0005084" startTime="2020-08-13T17:10:20.8857554+01:00" endTime="2020-08-13T17:10:20.8863610+01:00" testType="13cdc9d9-ddb5-4fa4-a97d-d965ccfc6d4b" outcome="Passed" testListId="8c84fa94-04c1-424b-9868-57a2d4851a1d" relativeResultsDirectory="5aaa9c37-a912-49c7-aa6e-c4de1893571a" />
    <UnitTestResult executionId="482a08eb-b5dc-4b64-b88c-75824613864a" testId="7be8a004-8e29-0f01-8ada-f15377193150" testName="ToContentType_Passing_ValidValueString_Returns_ContentType" computerName="PC-SFERRARI" duration="00:00:00.0017158" startTime="2020-08-13T17:10:22.5220199+01:00" endTime="2020-08-13T17:10:22.5238342+01:00" testType="13cdc9d9-ddb5-4fa4-a97d-d965ccfc6d4b" outcome="Passed" testListId="8c84fa94-04c1-424b-9868-57a2d4851a1d" relativeResultsDirectory="482a08eb-b5dc-4b64-b88c-75824613864a" resultType="DataDrivenTest">
      <InnerResults>
        <UnitTestResult executionId="0ae21676-4e77-48c4-ba90-bf52435c25b3" parentExecutionId="482a08eb-b5dc-4b64-b88c-75824613864a" testId="7be8a004-8e29-0f01-8ada-f15377193150" testName="ToContentType_Passing_ValidValueString_Returns_ContentType (xxxx.pdf,application/pdf)" computerName="PC-SFERRARI" duration="00:00:00.0014282" startTime="2020-08-13T17:10:22.5220199+01:00" endTime="2020-08-13T17:10:22.5238342+01:00" testType="13cdc9d9-ddb5-4fa4-a97d-d965ccfc6d4b" outcome="Passed" testListId="8c84fa94-04c1-424b-9868-57a2d4851a1d" relativeResultsDirectory="0ae21676-4e77-48c4-ba90-bf52435c25b3" dataRowInfo="1" resultType="DataDrivenDataRow" />
        <UnitTestResult executionId="866df776-801d-47d0-82d6-b5b6753a3579" parentExecutionId="482a08eb-b5dc-4b64-b88c-75824613864a" testId="7be8a004-8e29-0f01-8ada-f15377193150" testName="ToContentType_Passing_ValidValueString_Returns_ContentType (xxxx.json,application/json)" computerName="PC-SFERRARI" duration="00:00:00.0000381" startTime="2020-08-13T17:10:22.5220199+01:00" endTime="2020-08-13T17:10:22.5238342+01:00" testType="13cdc9d9-ddb5-4fa4-a97d-d965ccfc6d4b" outcome="Passed" testListId="8c84fa94-04c1-424b-9868-57a2d4851a1d" relativeResultsDirectory="866df776-801d-47d0-82d6-b5b6753a3579" dataRowInfo="2" resultType="DataDrivenDataRow" />
        <UnitTestResult executionId="55734427-6fde-4fa5-88eb-4d90f2f7e5e1" parentExecutionId="482a08eb-b5dc-4b64-b88c-75824613864a" testId="7be8a004-8e29-0f01-8ada-f15377193150" testName="ToContentType_Passing_ValidValueString_Returns_ContentType (xxxx.gif,image/gif)" computerName="PC-SFERRARI" duration="00:00:00.0000298" startTime="2020-08-13T17:10:22.5220199+01:00" endTime="2020-08-13T17:10:22.5238342+01:00" testType="13cdc9d9-ddb5-4fa4-a97d-d965ccfc6d4b" outcome="Passed" testListId="8c84fa94-04c1-424b-9868-57a2d4851a1d" relativeResultsDirectory="55734427-6fde-4fa5-88eb-4d90f2f7e5e1" dataRowInfo="3" resultType="DataDrivenDataRow" />
        <UnitTestResult executionId="b9f550e3-74ce-48e4-909a-721e9f5c44e4" parentExecutionId="482a08eb-b5dc-4b64-b88c-75824613864a" testId="7be8a004-8e29-0f01-8ada-f15377193150" testName="ToContentType_Passing_ValidValueString_Returns_ContentType (xxxx.jpeg,image/jpeg)" computerName="PC-SFERRARI" duration="00:00:00.0000343" startTime="2020-08-13T17:10:22.5220199+01:00" endTime="2020-08-13T17:10:22.5238342+01:00" testType="13cdc9d9-ddb5-4fa4-a97d-d965ccfc6d4b" outcome="Passed" testListId="8c84fa94-04c1-424b-9868-57a2d4851a1d" relativeResultsDirectory="b9f550e3-74ce-48e4-909a-721e9f5c44e4" dataRowInfo="4" resultType="DataDrivenDataRow" />
        <UnitTestResult executionId="300f16e9-e6a4-4032-861c-82ecb794c6f6" parentExecutionId="482a08eb-b5dc-4b64-b88c-75824613864a" testId="7be8a004-8e29-0f01-8ada-f15377193150" testName="ToContentType_Passing_ValidValueString_Returns_ContentType (xxxx.html,text/html)" computerName="PC-SFERRARI" duration="00:00:00.0000285" startTime="2020-08-13T17:10:22.5220199+01:00" endTime="2020-08-13T17:10:22.5238342+01:00" testType="13cdc9d9-ddb5-4fa4-a97d-d965ccfc6d4b" outcome="Passed" testListId="8c84fa94-04c1-424b-9868-57a2d4851a1d" relativeResultsDirectory="300f16e9-e6a4-4032-861c-82ecb794c6f6" dataRowInfo="5" resultType="DataDrivenDataRow" />
        <UnitTestResult executionId="9550d526-745d-4bf8-8439-d69f888f8439" parentExecutionId="482a08eb-b5dc-4b64-b88c-75824613864a" testId="7be8a004-8e29-0f01-8ada-f15377193150" testName="ToContentType_Passing_ValidValueString_Returns_ContentType (xxxx.txt,text/plain)" computerName="PC-SFERRARI" duration="00:00:00.0000274" startTime="2020-08-13T17:10:22.5220199+01:00" endTime="2020-08-13T17:10:22.5238342+01:00" testType="13cdc9d9-ddb5-4fa4-a97d-d965ccfc6d4b" outcome="Passed" testListId="8c84fa94-04c1-424b-9868-57a2d4851a1d" relativeResultsDirectory="9550d526-745d-4bf8-8439-d69f888f8439" dataRowInfo="6" resultType="DataDrivenDataRow" />
      </InnerResults>
    </UnitTestResult>
    <UnitTestResult executionId="e5df56c1-148f-4af5-84d0-9b27667157bf" testId="d5506b30-7041-6d90-bd03-bcd5b2479c40" testName="ToHashAlgorithmName_Passing_InvalidValueLowerCaseStringWithDefaultValue_Returns_DefaultValue" computerName="PC-SFERRARI" duration="00:00:00.0044834" startTime="2020-08-13T17:10:22.6123617+01:00" endTime="2020-08-13T17:10:22.6169302+01:00" testType="13cdc9d9-ddb5-4fa4-a97d-d965ccfc6d4b" outcome="Passed" testListId="8c84fa94-04c1-424b-9868-57a2d4851a1d" relativeResultsDirectory="e5df56c1-148f-4af5-84d0-9b27667157bf" resultType="DataDrivenTest">
      <InnerResults>
        <UnitTestResult executionId="f0f3ec81-2296-47df-9e72-4f77a3f716fa" parentExecutionId="e5df56c1-148f-4af5-84d0-9b27667157bf" testId="d5506b30-7041-6d90-bd03-bcd5b2479c40" testName="ToHashAlgorithmName_Passing_InvalidValueLowerCaseStringWithDefaultValue_Returns_DefaultValue (md5)" computerName="PC-SFERRARI" duration="00:00:00.0044242" startTime="2020-08-13T17:10:22.6123617+01:00" endTime="2020-08-13T17:10:22.6169302+01:00" testType="13cdc9d9-ddb5-4fa4-a97d-d965ccfc6d4b" outcome="Passed" testListId="8c84fa94-04c1-424b-9868-57a2d4851a1d" relativeResultsDirectory="f0f3ec81-2296-47df-9e72-4f77a3f716fa" dataRowInfo="1" resultType="DataDrivenDataRow" />
      </InnerResults>
    </UnitTestResult>
    <UnitTestResult executionId="a347c312-0a73-4e51-a293-a8efa90f896d" testId="334e3485-05b4-4549-cacd-aef8fff10757" testName="ToDefaultValue_Passing_decimal_Returns_Cero" computerName="PC-SFERRARI" duration="00:00:00.0002419" startTime="2020-08-13T17:10:22.0073761+01:00" endTime="2020-08-13T17:10:22.0077040+01:00" testType="13cdc9d9-ddb5-4fa4-a97d-d965ccfc6d4b" outcome="Passed" testListId="8c84fa94-04c1-424b-9868-57a2d4851a1d" relativeResultsDirectory="a347c312-0a73-4e51-a293-a8efa90f896d" />
    <UnitTestResult executionId="6b674f82-32ed-4cab-aa25-719f03d8ec97" testId="1c5fe271-1e90-52f5-1f31-436b17e57702" testName="IsGreater_Passing_InvalidArguments_Returns_HasErrorsAndCount" computerName="PC-SFERRARI" duration="00:00:00.0047303" startTime="2020-08-13T17:10:21.1558880+01:00" endTime="2020-08-13T17:10:21.1607054+01:00" testType="13cdc9d9-ddb5-4fa4-a97d-d965ccfc6d4b" outcome="Passed" testListId="8c84fa94-04c1-424b-9868-57a2d4851a1d" relativeResultsDirectory="6b674f82-32ed-4cab-aa25-719f03d8ec97" />
    <UnitTestResult executionId="44a7ce42-783d-4466-8629-5a9650a3f972" testId="bc15aa99-72de-0e5a-b6e8-2d654659d591" testName="ToUri_Passing_InvalidValueString_Returns_DefaultValue" computerName="PC-SFERRARI" duration="00:00:00.0058860" startTime="2020-08-13T17:10:22.6954596+01:00" endTime="2020-08-13T17:10:22.7015313+01:00" testType="13cdc9d9-ddb5-4fa4-a97d-d965ccfc6d4b" outcome="Passed" testListId="8c84fa94-04c1-424b-9868-57a2d4851a1d" relativeResultsDirectory="44a7ce42-783d-4466-8629-5a9650a3f972" resultType="DataDrivenTest">
      <InnerResults>
        <UnitTestResult executionId="c7e367ee-ce21-495a-b95f-36477639e29b" parentExecutionId="44a7ce42-783d-4466-8629-5a9650a3f972" testId="bc15aa99-72de-0e5a-b6e8-2d654659d591" testName="ToUri_Passing_InvalidValueString_Returns_DefaultValue (http://?)" computerName="PC-SFERRARI" duration="00:00:00.0056400" startTime="2020-08-13T17:10:22.6954596+01:00" endTime="2020-08-13T17:10:22.7015313+01:00" testType="13cdc9d9-ddb5-4fa4-a97d-d965ccfc6d4b" outcome="Passed" testListId="8c84fa94-04c1-424b-9868-57a2d4851a1d" relativeResultsDirectory="c7e367ee-ce21-495a-b95f-36477639e29b" dataRowInfo="1" resultType="DataDrivenDataRow" />
        <UnitTestResult executionId="e940a2dd-b6e2-4dc0-a834-a3d5be5ae30d" parentExecutionId="44a7ce42-783d-4466-8629-5a9650a3f972" testId="bc15aa99-72de-0e5a-b6e8-2d654659d591" testName="ToUri_Passing_InvalidValueString_Returns_DefaultValue (http://)" computerName="PC-SFERRARI" duration="00:00:00.0000157" startTime="2020-08-13T17:10:22.6954596+01:00" endTime="2020-08-13T17:10:22.7015313+01:00" testType="13cdc9d9-ddb5-4fa4-a97d-d965ccfc6d4b" outcome="Passed" testListId="8c84fa94-04c1-424b-9868-57a2d4851a1d" relativeResultsDirectory="e940a2dd-b6e2-4dc0-a834-a3d5be5ae30d" dataRowInfo="2" resultType="DataDrivenDataRow" />
        <UnitTestResult executionId="3b0f58fb-9b37-48f1-ba5b-7bb0545e0bb1" parentExecutionId="44a7ce42-783d-4466-8629-5a9650a3f972" testId="bc15aa99-72de-0e5a-b6e8-2d654659d591" testName="ToUri_Passing_InvalidValueString_Returns_DefaultValue (http://.)" computerName="PC-SFERRARI" duration="00:00:00.0000381" startTime="2020-08-13T17:10:22.6954596+01:00" endTime="2020-08-13T17:10:22.7015313+01:00" testType="13cdc9d9-ddb5-4fa4-a97d-d965ccfc6d4b" outcome="Passed" testListId="8c84fa94-04c1-424b-9868-57a2d4851a1d" relativeResultsDirectory="3b0f58fb-9b37-48f1-ba5b-7bb0545e0bb1" dataRowInfo="3" resultType="DataDrivenDataRow" />
        <UnitTestResult executionId="4333bc87-cf7a-414c-8e26-e8e05b3b0e18" parentExecutionId="44a7ce42-783d-4466-8629-5a9650a3f972" testId="bc15aa99-72de-0e5a-b6e8-2d654659d591" testName="ToUri_Passing_InvalidValueString_Returns_DefaultValue (http://..)" computerName="PC-SFERRARI" duration="00:00:00.0000054" startTime="2020-08-13T17:10:22.6954596+01:00" endTime="2020-08-13T17:10:22.7015313+01:00" testType="13cdc9d9-ddb5-4fa4-a97d-d965ccfc6d4b" outcome="Passed" testListId="8c84fa94-04c1-424b-9868-57a2d4851a1d" relativeResultsDirectory="4333bc87-cf7a-414c-8e26-e8e05b3b0e18" dataRowInfo="4" resultType="DataDrivenDataRow" />
        <UnitTestResult executionId="9658012d-6fa2-498a-ac84-bc1d4a8e6e27" parentExecutionId="44a7ce42-783d-4466-8629-5a9650a3f972" testId="bc15aa99-72de-0e5a-b6e8-2d654659d591" testName="ToUri_Passing_InvalidValueString_Returns_DefaultValue (http://../)" computerName="PC-SFERRARI" duration="00:00:00.0000048" startTime="2020-08-13T17:10:22.6954596+01:00" endTime="2020-08-13T17:10:22.7015313+01:00" testType="13cdc9d9-ddb5-4fa4-a97d-d965ccfc6d4b" outcome="Passed" testListId="8c84fa94-04c1-424b-9868-57a2d4851a1d" relativeResultsDirectory="9658012d-6fa2-498a-ac84-bc1d4a8e6e27" dataRowInfo="5" resultType="DataDrivenDataRow" />
        <UnitTestResult executionId="0f9b1eab-59f4-4706-998c-408ff1a22780" parentExecutionId="44a7ce42-783d-4466-8629-5a9650a3f972" testId="bc15aa99-72de-0e5a-b6e8-2d654659d591" testName="ToUri_Passing_InvalidValueString_Returns_DefaultValue (http://?)" computerName="PC-SFERRARI" duration="00:00:00.0000036" startTime="2020-08-13T17:10:22.6954596+01:00" endTime="2020-08-13T17:10:22.7015313+01:00" testType="13cdc9d9-ddb5-4fa4-a97d-d965ccfc6d4b" outcome="Passed" testListId="8c84fa94-04c1-424b-9868-57a2d4851a1d" relativeResultsDirectory="0f9b1eab-59f4-4706-998c-408ff1a22780" dataRowInfo="6" resultType="DataDrivenDataRow" />
        <UnitTestResult executionId="41aff29c-14ee-4fcb-89dd-b3565a869a86" parentExecutionId="44a7ce42-783d-4466-8629-5a9650a3f972" testId="bc15aa99-72de-0e5a-b6e8-2d654659d591" testName="ToUri_Passing_InvalidValueString_Returns_DefaultValue (http://??)" computerName="PC-SFERRARI" duration="00:00:00.0000035" startTime="2020-08-13T17:10:22.6954596+01:00" endTime="2020-08-13T17:10:22.7015313+01:00" testType="13cdc9d9-ddb5-4fa4-a97d-d965ccfc6d4b" outcome="Passed" testListId="8c84fa94-04c1-424b-9868-57a2d4851a1d" relativeResultsDirectory="41aff29c-14ee-4fcb-89dd-b3565a869a86" dataRowInfo="7" resultType="DataDrivenDataRow" />
        <UnitTestResult executionId="79e4da98-260d-48f4-a77a-411eb8faeb7a" parentExecutionId="44a7ce42-783d-4466-8629-5a9650a3f972" testId="bc15aa99-72de-0e5a-b6e8-2d654659d591" testName="ToUri_Passing_InvalidValueString_Returns_DefaultValue (http://??/)" computerName="PC-SFERRARI" duration="00:00:00.0000035" startTime="2020-08-13T17:10:22.6954596+01:00" endTime="2020-08-13T17:10:22.7015313+01:00" testType="13cdc9d9-ddb5-4fa4-a97d-d965ccfc6d4b" outcome="Passed" testListId="8c84fa94-04c1-424b-9868-57a2d4851a1d" relativeResultsDirectory="79e4da98-260d-48f4-a77a-411eb8faeb7a" dataRowInfo="8" resultType="DataDrivenDataRow" />
        <UnitTestResult executionId="e03a6149-2e25-458c-8600-6348debfde18" parentExecutionId="44a7ce42-783d-4466-8629-5a9650a3f972" testId="bc15aa99-72de-0e5a-b6e8-2d654659d591" testName="ToUri_Passing_InvalidValueString_Returns_DefaultValue (http://#)" computerName="PC-SFERRARI" duration="00:00:00.0000035" startTime="2020-08-13T17:10:22.6954596+01:00" endTime="2020-08-13T17:10:22.7015313+01:00" testType="13cdc9d9-ddb5-4fa4-a97d-d965ccfc6d4b" outcome="Passed" testListId="8c84fa94-04c1-424b-9868-57a2d4851a1d" relativeResultsDirectory="e03a6149-2e25-458c-8600-6348debfde18" dataRowInfo="9" resultType="DataDrivenDataRow" />
        <UnitTestResult executionId="e1cf5cdc-9dcf-49e9-8204-dce029f674ed" parentExecutionId="44a7ce42-783d-4466-8629-5a9650a3f972" testId="bc15aa99-72de-0e5a-b6e8-2d654659d591" testName="ToUri_Passing_InvalidValueString_Returns_DefaultValue (http://##)" computerName="PC-SFERRARI" duration="00:00:00.0000034" startTime="2020-08-13T17:10:22.6954596+01:00" endTime="2020-08-13T17:10:22.7015313+01:00" testType="13cdc9d9-ddb5-4fa4-a97d-d965ccfc6d4b" outcome="Passed" testListId="8c84fa94-04c1-424b-9868-57a2d4851a1d" relativeResultsDirectory="e1cf5cdc-9dcf-49e9-8204-dce029f674ed" dataRowInfo="10" resultType="DataDrivenDataRow" />
        <UnitTestResult executionId="b30c55a9-ca58-4ef0-ab88-c147e650f616" parentExecutionId="44a7ce42-783d-4466-8629-5a9650a3f972" testId="bc15aa99-72de-0e5a-b6e8-2d654659d591" testName="ToUri_Passing_InvalidValueString_Returns_DefaultValue (http://##/)" computerName="PC-SFERRARI" duration="00:00:00.0000034" startTime="2020-08-13T17:10:22.6954596+01:00" endTime="2020-08-13T17:10:22.7015313+01:00" testType="13cdc9d9-ddb5-4fa4-a97d-d965ccfc6d4b" outcome="Passed" testListId="8c84fa94-04c1-424b-9868-57a2d4851a1d" relativeResultsDirectory="b30c55a9-ca58-4ef0-ab88-c147e650f616" dataRowInfo="11" resultType="DataDrivenDataRow" />
      </InnerResults>
    </UnitTestResult>
    <UnitTestResult executionId="970e1c83-a53d-4ea8-ab35-d045089bb17c" testId="98d4dd82-eb94-c060-7aeb-9b0a39f334fb" testName="ToIsLastDayOfTheMonth_Passing_LastDayOfMonth_Returns_True" computerName="PC-SFERRARI" duration="00:00:00.0002517" startTime="2020-08-13T17:10:21.8689386+01:00" endTime="2020-08-13T17:10:21.8692739+01:00" testType="13cdc9d9-ddb5-4fa4-a97d-d965ccfc6d4b" outcome="Passed" testListId="8c84fa94-04c1-424b-9868-57a2d4851a1d" relativeResultsDirectory="970e1c83-a53d-4ea8-ab35-d045089bb17c" />
    <UnitTestResult executionId="10cbf3e6-6ae5-4252-befd-e74ad60a1b17" testId="4ff63349-9eef-ad1f-85cf-a84cda1ff120" testName="ToDetails_Passing_HttpContext_Returns_Details_HttpContext" computerName="PC-SFERRARI" duration="00:00:00.0147607" startTime="2020-08-13T17:10:22.0446267+01:00" endTime="2020-08-13T17:10:22.0596013+01:00" testType="13cdc9d9-ddb5-4fa4-a97d-d965ccfc6d4b" outcome="Passed" testListId="8c84fa94-04c1-424b-9868-57a2d4851a1d" relativeResultsDirectory="10cbf3e6-6ae5-4252-befd-e74ad60a1b17" />
    <UnitTestResult executionId="31a2e975-73af-4cf6-9010-71799f453853" testId="78100b1f-11c5-b9a9-157c-80c938e7669a" testName="IsRegex_Passing_InvalidArguments_Returns_HasErrorsAndCount" computerName="PC-SFERRARI" duration="00:00:00.0003041" startTime="2020-08-13T17:10:21.1849932+01:00" endTime="2020-08-13T17:10:21.1853795+01:00" testType="13cdc9d9-ddb5-4fa4-a97d-d965ccfc6d4b" outcome="Passed" testListId="8c84fa94-04c1-424b-9868-57a2d4851a1d" relativeResultsDirectory="31a2e975-73af-4cf6-9010-71799f453853" />
    <UnitTestResult executionId="595ecf16-9b4d-4e14-8ff4-9471f1e41dad" testId="2aceb911-de9d-b2eb-c8db-f6b3f880216f" testName="ToService_Passing_Valid_Service_Returns_Service" computerName="PC-SFERRARI" duration="00:00:00.0003825" startTime="2020-08-13T17:10:20.9632602+01:00" endTime="2020-08-13T17:10:20.9637176+01:00" testType="13cdc9d9-ddb5-4fa4-a97d-d965ccfc6d4b" outcome="Passed" testListId="8c84fa94-04c1-424b-9868-57a2d4851a1d" relativeResultsDirectory="595ecf16-9b4d-4e14-8ff4-9471f1e41dad" />
    <UnitTestResult executionId="d0cb6e77-ba0e-47e3-984e-6e160de3129b" testId="a702dc43-b5af-c889-d32e-e69ee2d100af" testName="ToIsAuthenticated_Passing_Null_ClaimsPrincipal_Returns_ApplicationException" computerName="PC-SFERRARI" duration="00:00:00.0006942" startTime="2020-08-13T17:10:21.4118624+01:00" endTime="2020-08-13T17:10:21.4127593+01:00" testType="13cdc9d9-ddb5-4fa4-a97d-d965ccfc6d4b" outcome="Passed" testListId="8c84fa94-04c1-424b-9868-57a2d4851a1d" relativeResultsDirectory="d0cb6e77-ba0e-47e3-984e-6e160de3129b" />
    <UnitTestResult executionId="2f73315c-6f82-4bf5-8614-ef9e5dfe6e7e" testId="5bee9d0e-89de-7b6d-4317-0a11342b1d29" testName="ToIPv6_Passing_HttpContext_IP_Value_Returns_IP" computerName="PC-SFERRARI" duration="00:00:00.0006616" startTime="2020-08-13T17:10:22.0708768+01:00" endTime="2020-08-13T17:10:22.0717174+01:00" testType="13cdc9d9-ddb5-4fa4-a97d-d965ccfc6d4b" outcome="Passed" testListId="8c84fa94-04c1-424b-9868-57a2d4851a1d" relativeResultsDirectory="2f73315c-6f82-4bf5-8614-ef9e5dfe6e7e" />
    <UnitTestResult executionId="eff759bb-9051-4c5f-a8aa-6205b4814934" testId="a1bc7e0c-887e-9227-4221-29241607dc12" testName="ToThrowIfNotFound_Passing_InvalidValue_Returns_ApplicationExceptionWithMessage" computerName="PC-SFERRARI" duration="00:00:00.0003398" startTime="2020-08-13T17:10:21.0930463+01:00" endTime="2020-08-13T17:10:21.0934664+01:00" testType="13cdc9d9-ddb5-4fa4-a97d-d965ccfc6d4b" outcome="Passed" testListId="8c84fa94-04c1-424b-9868-57a2d4851a1d" relativeResultsDirectory="eff759bb-9051-4c5f-a8aa-6205b4814934" />
    <UnitTestResult executionId="d4563d5e-2345-4ae9-b5ea-ceb596b2b5d7" testId="6c59b811-73c0-2540-9661-8c8f2a459ff2" testName="ToDefaultValue_Passing_byte_Returns_Cero" computerName="PC-SFERRARI" duration="00:00:00.0004117" startTime="2020-08-13T17:10:22.0041909+01:00" endTime="2020-08-13T17:10:22.0069713+01:00" testType="13cdc9d9-ddb5-4fa4-a97d-d965ccfc6d4b" outcome="Passed" testListId="8c84fa94-04c1-424b-9868-57a2d4851a1d" relativeResultsDirectory="d4563d5e-2345-4ae9-b5ea-ceb596b2b5d7" resultType="DataDrivenTest">
      <InnerResults>
        <UnitTestResult executionId="266b6d02-c952-4338-8c89-234d1c19c95b" parentExecutionId="d4563d5e-2345-4ae9-b5ea-ceb596b2b5d7" testId="6c59b811-73c0-2540-9661-8c8f2a459ff2" testName="ToDefaultValue_Passing_byte_Returns_Cero (255)" computerName="PC-SFERRARI" duration="00:00:00.0002950" startTime="2020-08-13T17:10:22.0041909+01:00" endTime="2020-08-13T17:10:22.0069713+01:00" testType="13cdc9d9-ddb5-4fa4-a97d-d965ccfc6d4b" outcome="Passed" testListId="8c84fa94-04c1-424b-9868-57a2d4851a1d" relativeResultsDirectory="266b6d02-c952-4338-8c89-234d1c19c95b" dataRowInfo="1" resultType="DataDrivenDataRow" />
      </InnerResults>
    </UnitTestResult>
    <UnitTestResult executionId="2b2301f4-ff5b-4b59-98fe-dab2c655103b" testId="209cbba1-d5fa-4810-2cb6-ee92ce2e109d" testName="ToGet_Passing_Claims_Returns_Claim_Value_Int" computerName="PC-SFERRARI" duration="00:00:00.0019976" startTime="2020-08-13T17:10:21.3661914+01:00" endTime="2020-08-13T17:10:21.3682967+01:00" testType="13cdc9d9-ddb5-4fa4-a97d-d965ccfc6d4b" outcome="Passed" testListId="8c84fa94-04c1-424b-9868-57a2d4851a1d" relativeResultsDirectory="2b2301f4-ff5b-4b59-98fe-dab2c655103b" />
    <UnitTestResult executionId="758a9516-ca3e-4547-bb51-8aa79847aa44" testId="c180eeb5-df7f-187e-c74d-0f6d31acdec5" testName="ToUri_Passing_InvalidValueString_Returns_Null" computerName="PC-SFERRARI" duration="00:00:00.0003573" startTime="2020-08-13T17:10:22.7097986+01:00" endTime="2020-08-13T17:10:22.7103234+01:00" testType="13cdc9d9-ddb5-4fa4-a97d-d965ccfc6d4b" outcome="Passed" testListId="8c84fa94-04c1-424b-9868-57a2d4851a1d" relativeResultsDirectory="758a9516-ca3e-4547-bb51-8aa79847aa44" resultType="DataDrivenTest">
      <InnerResults>
        <UnitTestResult executionId="0182019b-6492-4ab7-95bb-3c6ed6e5a5a3" parentExecutionId="758a9516-ca3e-4547-bb51-8aa79847aa44" testId="c180eeb5-df7f-187e-c74d-0f6d31acdec5" testName="ToUri_Passing_InvalidValueString_Returns_Null (http://?)" computerName="PC-SFERRARI" duration="00:00:00.0001925" startTime="2020-08-13T17:10:22.7097986+01:00" endTime="2020-08-13T17:10:22.7103234+01:00" testType="13cdc9d9-ddb5-4fa4-a97d-d965ccfc6d4b" outcome="Passed" testListId="8c84fa94-04c1-424b-9868-57a2d4851a1d" relativeResultsDirectory="0182019b-6492-4ab7-95bb-3c6ed6e5a5a3" dataRowInfo="1" resultType="DataDrivenDataRow" />
        <UnitTestResult executionId="5a436049-1498-4ff7-80b8-a630a52a22e2" parentExecutionId="758a9516-ca3e-4547-bb51-8aa79847aa44" testId="c180eeb5-df7f-187e-c74d-0f6d31acdec5" testName="ToUri_Passing_InvalidValueString_Returns_Null (http://)" computerName="PC-SFERRARI" duration="00:00:00.0000053" startTime="2020-08-13T17:10:22.7097986+01:00" endTime="2020-08-13T17:10:22.7103234+01:00" testType="13cdc9d9-ddb5-4fa4-a97d-d965ccfc6d4b" outcome="Passed" testListId="8c84fa94-04c1-424b-9868-57a2d4851a1d" relativeResultsDirectory="5a436049-1498-4ff7-80b8-a630a52a22e2" dataRowInfo="2" resultType="DataDrivenDataRow" />
        <UnitTestResult executionId="fdf4e721-9659-42ad-8819-937fb0327ce7" parentExecutionId="758a9516-ca3e-4547-bb51-8aa79847aa44" testId="c180eeb5-df7f-187e-c74d-0f6d31acdec5" testName="ToUri_Passing_InvalidValueString_Returns_Null (http://.)" computerName="PC-SFERRARI" duration="00:00:00.0000040" startTime="2020-08-13T17:10:22.7097986+01:00" endTime="2020-08-13T17:10:22.7103234+01:00" testType="13cdc9d9-ddb5-4fa4-a97d-d965ccfc6d4b" outcome="Passed" testListId="8c84fa94-04c1-424b-9868-57a2d4851a1d" relativeResultsDirectory="fdf4e721-9659-42ad-8819-937fb0327ce7" dataRowInfo="3" resultType="DataDrivenDataRow" />
        <UnitTestResult executionId="50476b83-c0ea-43b7-8391-f505ce4c47ba" parentExecutionId="758a9516-ca3e-4547-bb51-8aa79847aa44" testId="c180eeb5-df7f-187e-c74d-0f6d31acdec5" testName="ToUri_Passing_InvalidValueString_Returns_Null (http://..)" computerName="PC-SFERRARI" duration="00:00:00.0000032" startTime="2020-08-13T17:10:22.7097986+01:00" endTime="2020-08-13T17:10:22.7103234+01:00" testType="13cdc9d9-ddb5-4fa4-a97d-d965ccfc6d4b" outcome="Passed" testListId="8c84fa94-04c1-424b-9868-57a2d4851a1d" relativeResultsDirectory="50476b83-c0ea-43b7-8391-f505ce4c47ba" dataRowInfo="4" resultType="DataDrivenDataRow" />
        <UnitTestResult executionId="d7c759a9-6fa6-4180-947b-4307c6040e23" parentExecutionId="758a9516-ca3e-4547-bb51-8aa79847aa44" testId="c180eeb5-df7f-187e-c74d-0f6d31acdec5" testName="ToUri_Passing_InvalidValueString_Returns_Null (http://../)" computerName="PC-SFERRARI" duration="00:00:00.0000031" startTime="2020-08-13T17:10:22.7097986+01:00" endTime="2020-08-13T17:10:22.7103234+01:00" testType="13cdc9d9-ddb5-4fa4-a97d-d965ccfc6d4b" outcome="Passed" testListId="8c84fa94-04c1-424b-9868-57a2d4851a1d" relativeResultsDirectory="d7c759a9-6fa6-4180-947b-4307c6040e23" dataRowInfo="5" resultType="DataDrivenDataRow" />
        <UnitTestResult executionId="a3084952-22a3-4534-9aed-3dc01c4a136a" parentExecutionId="758a9516-ca3e-4547-bb51-8aa79847aa44" testId="c180eeb5-df7f-187e-c74d-0f6d31acdec5" testName="ToUri_Passing_InvalidValueString_Returns_Null (http://?)" computerName="PC-SFERRARI" duration="00:00:00.0000031" startTime="2020-08-13T17:10:22.7097986+01:00" endTime="2020-08-13T17:10:22.7103234+01:00" testType="13cdc9d9-ddb5-4fa4-a97d-d965ccfc6d4b" outcome="Passed" testListId="8c84fa94-04c1-424b-9868-57a2d4851a1d" relativeResultsDirectory="a3084952-22a3-4534-9aed-3dc01c4a136a" dataRowInfo="6" resultType="DataDrivenDataRow" />
        <UnitTestResult executionId="cf3ed038-1b5e-4afd-871e-49b9f0d7f03d" parentExecutionId="758a9516-ca3e-4547-bb51-8aa79847aa44" testId="c180eeb5-df7f-187e-c74d-0f6d31acdec5" testName="ToUri_Passing_InvalidValueString_Returns_Null (http://??)" computerName="PC-SFERRARI" duration="00:00:00.0000030" startTime="2020-08-13T17:10:22.7097986+01:00" endTime="2020-08-13T17:10:22.7103234+01:00" testType="13cdc9d9-ddb5-4fa4-a97d-d965ccfc6d4b" outcome="Passed" testListId="8c84fa94-04c1-424b-9868-57a2d4851a1d" relativeResultsDirectory="cf3ed038-1b5e-4afd-871e-49b9f0d7f03d" dataRowInfo="7" resultType="DataDrivenDataRow" />
        <UnitTestResult executionId="8bb61749-6d83-48e4-aeb1-bd4f8b23e256" parentExecutionId="758a9516-ca3e-4547-bb51-8aa79847aa44" testId="c180eeb5-df7f-187e-c74d-0f6d31acdec5" testName="ToUri_Passing_InvalidValueString_Returns_Null (http://??/)" computerName="PC-SFERRARI" duration="00:00:00.0000029" startTime="2020-08-13T17:10:22.7097986+01:00" endTime="2020-08-13T17:10:22.7103234+01:00" testType="13cdc9d9-ddb5-4fa4-a97d-d965ccfc6d4b" outcome="Passed" testListId="8c84fa94-04c1-424b-9868-57a2d4851a1d" relativeResultsDirectory="8bb61749-6d83-48e4-aeb1-bd4f8b23e256" dataRowInfo="8" resultType="DataDrivenDataRow" />
        <UnitTestResult executionId="82a2326d-b90a-4ef5-b9eb-00b1b42e98c0" parentExecutionId="758a9516-ca3e-4547-bb51-8aa79847aa44" testId="c180eeb5-df7f-187e-c74d-0f6d31acdec5" testName="ToUri_Passing_InvalidValueString_Returns_Null (http://#)" computerName="PC-SFERRARI" duration="00:00:00.0000030" startTime="2020-08-13T17:10:22.7097986+01:00" endTime="2020-08-13T17:10:22.7103234+01:00" testType="13cdc9d9-ddb5-4fa4-a97d-d965ccfc6d4b" outcome="Passed" testListId="8c84fa94-04c1-424b-9868-57a2d4851a1d" relativeResultsDirectory="82a2326d-b90a-4ef5-b9eb-00b1b42e98c0" dataRowInfo="9" resultType="DataDrivenDataRow" />
        <UnitTestResult executionId="65c4e91d-d298-4fff-8178-80f1ce0edba2" parentExecutionId="758a9516-ca3e-4547-bb51-8aa79847aa44" testId="c180eeb5-df7f-187e-c74d-0f6d31acdec5" testName="ToUri_Passing_InvalidValueString_Returns_Null (http://##)" computerName="PC-SFERRARI" duration="00:00:00.0000030" startTime="2020-08-13T17:10:22.7097986+01:00" endTime="2020-08-13T17:10:22.7103234+01:00" testType="13cdc9d9-ddb5-4fa4-a97d-d965ccfc6d4b" outcome="Passed" testListId="8c84fa94-04c1-424b-9868-57a2d4851a1d" relativeResultsDirectory="65c4e91d-d298-4fff-8178-80f1ce0edba2" dataRowInfo="10" resultType="DataDrivenDataRow" />
        <UnitTestResult executionId="9f684355-532c-4560-8a22-385a3f5ec36a" parentExecutionId="758a9516-ca3e-4547-bb51-8aa79847aa44" testId="c180eeb5-df7f-187e-c74d-0f6d31acdec5" testName="ToUri_Passing_InvalidValueString_Returns_Null (http://##/)" computerName="PC-SFERRARI" duration="00:00:00.0000029" startTime="2020-08-13T17:10:22.7097986+01:00" endTime="2020-08-13T17:10:22.7103234+01:00" testType="13cdc9d9-ddb5-4fa4-a97d-d965ccfc6d4b" outcome="Passed" testListId="8c84fa94-04c1-424b-9868-57a2d4851a1d" relativeResultsDirectory="9f684355-532c-4560-8a22-385a3f5ec36a" dataRowInfo="11" resultType="DataDrivenDataRow" />
      </InnerResults>
    </UnitTestResult>
    <UnitTestResult executionId="8f3dab97-2f32-4e9b-bbf4-03b194e9db97" testId="8a5cc6e0-e73e-2131-64bd-e73fc6c2a32e" testName="IsRange_Passing_InvalidArguments_Returns_HasErrorsAndCount" computerName="PC-SFERRARI" duration="00:00:00.0007681" startTime="2020-08-13T17:10:21.1841164+01:00" endTime="2020-08-13T17:10:21.1849718+01:00" testType="13cdc9d9-ddb5-4fa4-a97d-d965ccfc6d4b" outcome="Passed" testListId="8c84fa94-04c1-424b-9868-57a2d4851a1d" relativeResultsDirectory="8f3dab97-2f32-4e9b-bbf4-03b194e9db97" />
    <UnitTestResult executionId="c7696288-2053-4214-bb2c-2ed60fe90d2e" testId="ac572b27-5286-68a4-5380-d7de82fbf69a" testName="ToFormat_Passing_ValidValueFormatWithArguments_Returns_ValueWithFormat" computerName="PC-SFERRARI" duration="00:00:00.0003986" startTime="2020-08-13T17:10:22.6117741+01:00" endTime="2020-08-13T17:10:22.6123307+01:00" testType="13cdc9d9-ddb5-4fa4-a97d-d965ccfc6d4b" outcome="Passed" testListId="8c84fa94-04c1-424b-9868-57a2d4851a1d" relativeResultsDirectory="c7696288-2053-4214-bb2c-2ed60fe90d2e" />
    <UnitTestResult executionId="b4f40ab7-5a28-4cb2-9979-f232afd4b025" testId="29295413-2308-fade-9c98-0e9ed6c67839" testName="ToDirectoryReadFileAsync_Passing_ValidValue_Returns_False" computerName="PC-SFERRARI" duration="00:00:00.0227460" startTime="2020-08-13T17:10:22.5514370+01:00" endTime="2020-08-13T17:10:22.5743043+01:00" testType="13cdc9d9-ddb5-4fa4-a97d-d965ccfc6d4b" outcome="Passed" testListId="8c84fa94-04c1-424b-9868-57a2d4851a1d" relativeResultsDirectory="b4f40ab7-5a28-4cb2-9979-f232afd4b025" />
    <UnitTestResult executionId="f83d6bad-88c0-4974-a4ce-54693c9a9581" testId="a6625fb0-1b80-148b-87dc-9cf616e5e84d" testName="ToList_Passing_ValidEnumType_Returns_ValuesList" computerName="PC-SFERRARI" duration="00:00:00.0003041" startTime="2020-08-13T17:10:21.9739857+01:00" endTime="2020-08-13T17:10:21.9743705+01:00" testType="13cdc9d9-ddb5-4fa4-a97d-d965ccfc6d4b" outcome="Passed" testListId="8c84fa94-04c1-424b-9868-57a2d4851a1d" relativeResultsDirectory="f83d6bad-88c0-4974-a4ce-54693c9a9581" />
    <UnitTestResult executionId="71090631-cdd9-49f8-87b4-af5d78a9cfcc" testId="4234610b-215b-41f7-e61d-4a82851bdfa3" testName="ToDefaultValue_Passing_int_Returns_Cero" computerName="PC-SFERRARI" duration="00:00:00.0002514" startTime="2020-08-13T17:10:22.0170850+01:00" endTime="2020-08-13T17:10:22.0174117+01:00" testType="13cdc9d9-ddb5-4fa4-a97d-d965ccfc6d4b" outcome="Passed" testListId="8c84fa94-04c1-424b-9868-57a2d4851a1d" relativeResultsDirectory="71090631-cdd9-49f8-87b4-af5d78a9cfcc" resultType="DataDrivenTest">
      <InnerResults>
        <UnitTestResult executionId="d62339be-3365-40cb-8a14-7646174c19a0" parentExecutionId="71090631-cdd9-49f8-87b4-af5d78a9cfcc" testId="4234610b-215b-41f7-e61d-4a82851bdfa3" testName="ToDefaultValue_Passing_int_Returns_Cero (2147483647)" computerName="PC-SFERRARI" duration="00:00:00.0002142" startTime="2020-08-13T17:10:22.0170850+01:00" endTime="2020-08-13T17:10:22.0174117+01:00" testType="13cdc9d9-ddb5-4fa4-a97d-d965ccfc6d4b" outcome="Passed" testListId="8c84fa94-04c1-424b-9868-57a2d4851a1d" relativeResultsDirectory="d62339be-3365-40cb-8a14-7646174c19a0" dataRowInfo="1" resultType="DataDrivenDataRow" />
      </InnerResults>
    </UnitTestResult>
    <UnitTestResult executionId="215f07a9-93c4-4eee-88d2-514f99b702e0" testId="313cfb2c-8c3b-337b-12f8-296f8611376d" testName="ToConfigureOrDefault_Passing_ActionCustomValues_Returns_CustomValues" computerName="PC-SFERRARI" duration="00:00:00.0339892" startTime="2020-08-13T17:10:19.6880353+01:00" endTime="2020-08-13T17:10:19.8328811+01:00" testType="13cdc9d9-ddb5-4fa4-a97d-d965ccfc6d4b" outcome="Passed" testListId="8c84fa94-04c1-424b-9868-57a2d4851a1d" relativeResultsDirectory="215f07a9-93c4-4eee-88d2-514f99b702e0" />
    <UnitTestResult executionId="87199353-c326-4905-83b1-3d2e09c218f0" testId="1237bc5f-42ea-8c7f-8602-051620acda95" testName="ToEmailMaskUserName_Passing_ValidEmail_Returns_EmailWithMask" computerName="PC-SFERRARI" duration="00:00:00.0009049" startTime="2020-08-13T17:10:22.5901728+01:00" endTime="2020-08-13T17:10:22.5911596+01:00" testType="13cdc9d9-ddb5-4fa4-a97d-d965ccfc6d4b" outcome="Passed" testListId="8c84fa94-04c1-424b-9868-57a2d4851a1d" relativeResultsDirectory="87199353-c326-4905-83b1-3d2e09c218f0" resultType="DataDrivenTest">
      <InnerResults>
        <UnitTestResult executionId="75a9b15b-a222-4559-afe4-602846e83c44" parentExecutionId="87199353-c326-4905-83b1-3d2e09c218f0" testId="1237bc5f-42ea-8c7f-8602-051620acda95" testName="ToEmailMaskUserName_Passing_ValidEmail_Returns_EmailWithMask (miemail@gmail.com,m*****l@gmail.com)" computerName="PC-SFERRARI" duration="00:00:00.0008697" startTime="2020-08-13T17:10:22.5901728+01:00" endTime="2020-08-13T17:10:22.5911596+01:00" testType="13cdc9d9-ddb5-4fa4-a97d-d965ccfc6d4b" outcome="Passed" testListId="8c84fa94-04c1-424b-9868-57a2d4851a1d" relativeResultsDirectory="75a9b15b-a222-4559-afe4-602846e83c44" dataRowInfo="1" resultType="DataDrivenDataRow" />
      </InnerResults>
    </UnitTestResult>
    <UnitTestResult executionId="6f759f15-fe11-457e-9ab8-c4c85cdf4f70" testId="e93b141b-fdfd-0f98-21e5-3eb211b6e88b" testName="ToDefaultValue_Passing_long_Returns_Cero" computerName="PC-SFERRARI" duration="00:00:00.0002521" startTime="2020-08-13T17:10:22.0174360+01:00" endTime="2020-08-13T17:10:22.0177535+01:00" testType="13cdc9d9-ddb5-4fa4-a97d-d965ccfc6d4b" outcome="Passed" testListId="8c84fa94-04c1-424b-9868-57a2d4851a1d" relativeResultsDirectory="6f759f15-fe11-457e-9ab8-c4c85cdf4f70" resultType="DataDrivenTest">
      <InnerResults>
        <UnitTestResult executionId="9d75283e-d34f-48fa-8c20-4ef3af0ef262" parentExecutionId="6f759f15-fe11-457e-9ab8-c4c85cdf4f70" testId="e93b141b-fdfd-0f98-21e5-3eb211b6e88b" testName="ToDefaultValue_Passing_long_Returns_Cero (9223372036854775807)" computerName="PC-SFERRARI" duration="00:00:00.0002053" startTime="2020-08-13T17:10:22.0174360+01:00" endTime="2020-08-13T17:10:22.0177535+01:00" testType="13cdc9d9-ddb5-4fa4-a97d-d965ccfc6d4b" outcome="Passed" testListId="8c84fa94-04c1-424b-9868-57a2d4851a1d" relativeResultsDirectory="9d75283e-d34f-48fa-8c20-4ef3af0ef262" dataRowInfo="1" resultType="DataDrivenDataRow" />
      </InnerResults>
    </UnitTestResult>
    <UnitTestResult executionId="8d8278ae-985f-4f14-9fe6-5006b48a4088" testId="07d50dfb-3195-c832-23d2-97ae667f2010" testName="ToString_Passing_Valid_Collection_Returns_String_With_Default_Separator" computerName="PC-SFERRARI" duration="00:00:00.0004401" startTime="2020-08-13T17:10:21.9044396+01:00" endTime="2020-08-13T17:10:21.9049635+01:00" testType="13cdc9d9-ddb5-4fa4-a97d-d965ccfc6d4b" outcome="Passed" testListId="8c84fa94-04c1-424b-9868-57a2d4851a1d" relativeResultsDirectory="8d8278ae-985f-4f14-9fe6-5006b48a4088" />
    <UnitTestResult executionId="78ee1fef-22c1-4222-ac4a-248ac480951a" testId="ab274dac-b194-4e0f-6fab-a20667b535a8" testName="ToMapMerge_Passing_Destination_Object_Returns_Merged_Destination_Object" computerName="PC-SFERRARI" duration="00:00:00.0193847" startTime="2020-08-13T17:10:20.2795887+01:00" endTime="2020-08-13T17:10:20.2991211+01:00" testType="13cdc9d9-ddb5-4fa4-a97d-d965ccfc6d4b" outcome="Passed" testListId="8c84fa94-04c1-424b-9868-57a2d4851a1d" relativeResultsDirectory="78ee1fef-22c1-4222-ac4a-248ac480951a" />
    <UnitTestResult executionId="aa59a16c-c6b3-4df0-aa9f-b03558e218ae" testId="e53d2439-2080-43bd-e38b-a60253b60af1" testName="ToPaged_Passing_Age_Descending_Order_Returns_Filter_List" computerName="PC-SFERRARI" duration="00:00:00.0004496" startTime="2020-08-13T17:10:22.5121898+01:00" endTime="2020-08-13T17:10:22.5127421+01:00" testType="13cdc9d9-ddb5-4fa4-a97d-d965ccfc6d4b" outcome="Passed" testListId="8c84fa94-04c1-424b-9868-57a2d4851a1d" relativeResultsDirectory="aa59a16c-c6b3-4df0-aa9f-b03558e218ae" />
    <UnitTestResult executionId="1c1fa47c-3b04-491f-b626-947047761773" testId="9eeef095-29ed-4872-a36c-ca4832350421" testName="IsName_Passing_InvalidArguments_Returns_HasErrorsAndCount" computerName="PC-SFERRARI" duration="00:00:00.0053674" startTime="2020-08-13T17:10:21.1631368+01:00" endTime="2020-08-13T17:10:21.1686060+01:00" testType="13cdc9d9-ddb5-4fa4-a97d-d965ccfc6d4b" outcome="Passed" testListId="8c84fa94-04c1-424b-9868-57a2d4851a1d" relativeResultsDirectory="1c1fa47c-3b04-491f-b626-947047761773" />
    <UnitTestResult executionId="86e19905-87db-4ff9-ba4a-ed6b2e06084a" testId="4184a91b-5297-4872-2a98-1ef97e124515" testName="ToGetAll_Passing_Claims_Returns_Claim_Value_String_List" computerName="PC-SFERRARI" duration="00:00:00.0010997" startTime="2020-08-13T17:10:21.3649251+01:00" endTime="2020-08-13T17:10:21.3661643+01:00" testType="13cdc9d9-ddb5-4fa4-a97d-d965ccfc6d4b" outcome="Passed" testListId="8c84fa94-04c1-424b-9868-57a2d4851a1d" relativeResultsDirectory="86e19905-87db-4ff9-ba4a-ed6b2e06084a" />
  </Results>
  <TestDefinitions>
    <UnitTest name="ToThrowIfNullOrEmpty_Passing_InvalidValue_Returns_ApplicationExceptionWithMessage" storage="d:\sferrari\01 - trabajo\repos\netcore\template-netcore-shared\kitpymes.core.shared.tests\bin\release\netcoreapp3.0\kitpymes.core.shared.tests.dll" id="50bab7c1-daec-6ad7-fb8a-d46e02e1508d">
      <Execution id="56f2ddff-d8d6-4b86-90be-f180544ed35b" />
      <TestMethod codeBase="D:\SFERRARI\01 - TRABAJO\REPOS\netcore\template-netcore-shared\Kitpymes.Core.Shared.Tests\bin\Release\netcoreapp3.0\Kitpymes.Core.Shared.Tests.dll" adapterTypeName="executor://mstestadapter/v2" className="Kitpymes.Core.Shared.Tests.CheckExtensionsTests" name="ToThrowIfNullOrEmpty_Passing_InvalidValue_Returns_ApplicationExceptionWithMessage" />
    </UnitTest>
    <UnitTest name="ToGetAll_Passing_Claims_Returns_Claim_Value_String_List" storage="d:\sferrari\01 - trabajo\repos\netcore\template-netcore-shared\kitpymes.core.shared.tests\bin\release\netcoreapp3.0\kitpymes.core.shared.tests.dll" id="4184a91b-5297-4872-2a98-1ef97e124515">
      <Execution id="86e19905-87db-4ff9-ba4a-ed6b2e06084a" />
      <TestMethod codeBase="D:\SFERRARI\01 - TRABAJO\REPOS\netcore\template-netcore-shared\Kitpymes.Core.Shared.Tests\bin\Release\netcoreapp3.0\Kitpymes.Core.Shared.Tests.dll" adapterTypeName="executor://mstestadapter/v2" className="Kitpymes.Core.Shared.Tests.ClaimsPrincipalExtensionsTests" name="ToGetAll_Passing_Claims_Returns_Claim_Value_String_List" />
    </UnitTest>
    <UnitTest name="ToUri_Passing_InvalidValueString_Returns_Null" storage="d:\sferrari\01 - trabajo\repos\netcore\template-netcore-shared\kitpymes.core.shared.tests\bin\release\netcoreapp3.0\kitpymes.core.shared.tests.dll" id="c180eeb5-df7f-187e-c74d-0f6d31acdec5">
      <Execution id="758a9516-ca3e-4547-bb51-8aa79847aa44" />
      <TestMethod codeBase="D:\SFERRARI\01 - TRABAJO\REPOS\netcore\template-netcore-shared\Kitpymes.Core.Shared.Tests\bin\Release\netcoreapp3.0\Kitpymes.Core.Shared.Tests.dll" adapterTypeName="executor://mstestadapter/v2" className="Kitpymes.Core.Shared.Tests.StringExtensionsTests" name="ToUri_Passing_InvalidValueString_Returns_Null" />
    </UnitTest>
    <UnitTest name="ToReplaceSpecialChars_Passing_ValidValue_Returns_ReplacedValueWithoutIgnoreSpecialChars" storage="d:\sferrari\01 - trabajo\repos\netcore\template-netcore-shared\kitpymes.core.shared.tests\bin\release\netcoreapp3.0\kitpymes.core.shared.tests.dll" id="29112d2a-2e73-305d-ec50-12fc95c28627">
      <Execution id="1c688eb3-d486-4522-98a3-c0b0a3a3bcbb" />
      <TestMethod codeBase="D:\SFERRARI\01 - TRABAJO\REPOS\netcore\template-netcore-shared\Kitpymes.Core.Shared.Tests\bin\Release\netcoreapp3.0\Kitpymes.Core.Shared.Tests.dll" adapterTypeName="executor://mstestadapter/v2" className="Kitpymes.Core.Shared.Tests.StringExtensionsTests" name="ToReplaceSpecialChars_Passing_ValidValue_Returns_ReplacedValueWithoutIgnoreSpecialChars" />
    </UnitTest>
    <UnitTest name="ToDefaultValue_Passing_long_Returns_Cero" storage="d:\sferrari\01 - trabajo\repos\netcore\template-netcore-shared\kitpymes.core.shared.tests\bin\release\netcoreapp3.0\kitpymes.core.shared.tests.dll" id="e93b141b-fdfd-0f98-21e5-3eb211b6e88b">
      <Execution id="6f759f15-fe11-457e-9ab8-c4c85cdf4f70" />
      <TestMethod codeBase="D:\SFERRARI\01 - TRABAJO\REPOS\netcore\template-netcore-shared\Kitpymes.Core.Shared.Tests\bin\Release\netcoreapp3.0\Kitpymes.Core.Shared.Tests.dll" adapterTypeName="executor://mstestadapter/v2" className="Kitpymes.Core.Shared.Tests.GenericExtensionsTests" name="ToDefaultValue_Passing_long_Returns_Cero" />
    </UnitTest>
    <UnitTest name="IsEqual_Passing_InvalidArguments_Returns_HasErrorsAndCount" storage="d:\sferrari\01 - trabajo\repos\netcore\template-netcore-shared\kitpymes.core.shared.tests\bin\release\netcoreapp3.0\kitpymes.core.shared.tests.dll" id="c87d842d-198f-fc52-0a70-418a5e5378ab">
      <Execution id="6d9075b6-d6b7-44ad-82bd-bf93f85ebb6f" />
      <TestMethod codeBase="D:\SFERRARI\01 - TRABAJO\REPOS\netcore\template-netcore-shared\Kitpymes.Core.Shared.Tests\bin\Release\netcoreapp3.0\Kitpymes.Core.Shared.Tests.dll" adapterTypeName="executor://mstestadapter/v2" className="Kitpymes.Core.Shared.Tests.CheckTests" name="IsEqual_Passing_InvalidArguments_Returns_HasErrorsAndCount" />
    </UnitTest>
    <UnitTest name="ToAuthenticationType_Passing_Claims_Returns_AuthenticationType_Name" storage="d:\sferrari\01 - trabajo\repos\netcore\template-netcore-shared\kitpymes.core.shared.tests\bin\release\netcoreapp3.0\kitpymes.core.shared.tests.dll" id="635e001f-2a50-f191-84e2-e81cd2000fdf">
      <Execution id="7e07d46b-bde5-428f-9128-640574529a7b" />
      <TestMethod codeBase="D:\SFERRARI\01 - TRABAJO\REPOS\netcore\template-netcore-shared\Kitpymes.Core.Shared.Tests\bin\Release\netcoreapp3.0\Kitpymes.Core.Shared.Tests.dll" adapterTypeName="executor://mstestadapter/v2" className="Kitpymes.Core.Shared.Tests.ClaimsPrincipalExtensionsTests" name="ToAuthenticationType_Passing_Claims_Returns_AuthenticationType_Name" />
    </UnitTest>
    <UnitTest name="ToIsAuthenticated_Passing_Null_ClaimsPrincipal_Returns_ApplicationException" storage="d:\sferrari\01 - trabajo\repos\netcore\template-netcore-shared\kitpymes.core.shared.tests\bin\release\netcoreapp3.0\kitpymes.core.shared.tests.dll" id="a702dc43-b5af-c889-d32e-e69ee2d100af">
      <Execution id="d0cb6e77-ba0e-47e3-984e-6e160de3129b" />
      <TestMethod codeBase="D:\SFERRARI\01 - TRABAJO\REPOS\netcore\template-netcore-shared\Kitpymes.Core.Shared.Tests\bin\Release\netcoreapp3.0\Kitpymes.Core.Shared.Tests.dll" adapterTypeName="executor://mstestadapter/v2" className="Kitpymes.Core.Shared.Tests.ClaimsPrincipalExtensionsTests" name="ToIsAuthenticated_Passing_Null_ClaimsPrincipal_Returns_ApplicationException" />
    </UnitTest>
    <UnitTest name="ToEmailMaskUserName_Passing_ValidEmail_Returns_EmailWithMask" storage="d:\sferrari\01 - trabajo\repos\netcore\template-netcore-shared\kitpymes.core.shared.tests\bin\release\netcoreapp3.0\kitpymes.core.shared.tests.dll" id="1237bc5f-42ea-8c7f-8602-051620acda95">
      <Execution id="87199353-c326-4905-83b1-3d2e09c218f0" />
      <TestMethod codeBase="D:\SFERRARI\01 - TRABAJO\REPOS\netcore\template-netcore-shared\Kitpymes.Core.Shared.Tests\bin\Release\netcoreapp3.0\Kitpymes.Core.Shared.Tests.dll" adapterTypeName="executor://mstestadapter/v2" className="Kitpymes.Core.Shared.Tests.StringExtensionsTests" name="ToEmailMaskUserName_Passing_ValidEmail_Returns_EmailWithMask" />
    </UnitTest>
    <UnitTest name="ToDefaultValue_Passing_byte_Returns_Cero" storage="d:\sferrari\01 - trabajo\repos\netcore\template-netcore-shared\kitpymes.core.shared.tests\bin\release\netcoreapp3.0\kitpymes.core.shared.tests.dll" id="6c59b811-73c0-2540-9661-8c8f2a459ff2">
      <Execution id="d4563d5e-2345-4ae9-b5ea-ceb596b2b5d7" />
      <TestMethod codeBase="D:\SFERRARI\01 - TRABAJO\REPOS\netcore\template-netcore-shared\Kitpymes.Core.Shared.Tests\bin\Release\netcoreapp3.0\Kitpymes.Core.Shared.Tests.dll" adapterTypeName="executor://mstestadapter/v2" className="Kitpymes.Core.Shared.Tests.GenericExtensionsTests" name="ToDefaultValue_Passing_byte_Returns_Cero" />
    </UnitTest>
    <UnitTest name="ToCompress_Passing_Value_Bytes_Returns_Value_Bytes" storage="d:\sferrari\01 - trabajo\repos\netcore\template-netcore-shared\kitpymes.core.shared.tests\bin\release\netcoreapp3.0\kitpymes.core.shared.tests.dll" id="7a313c49-8adc-98e3-cdda-86b900f0ade6">
      <Execution id="00451c27-8efb-405e-a3d1-aa8c4b4ae9f8" />
      <TestMethod codeBase="D:\SFERRARI\01 - TRABAJO\REPOS\netcore\template-netcore-shared\Kitpymes.Core.Shared.Tests\bin\Release\netcoreapp3.0\Kitpymes.Core.Shared.Tests.dll" adapterTypeName="executor://mstestadapter/v2" className="Kitpymes.Core.Shared.Tests.BytesExtensionsTests" name="ToCompress_Passing_Value_Bytes_Returns_Value_Bytes" />
    </UnitTest>
    <UnitTest name="ToDirectoryTemporary_Passing_ValidValue_Returns_DirectoryExists" storage="d:\sferrari\01 - trabajo\repos\netcore\template-netcore-shared\kitpymes.core.shared.tests\bin\release\netcoreapp3.0\kitpymes.core.shared.tests.dll" id="65b9b71b-a8d5-2a7d-a8a7-0e3a015e6b68">
      <Execution id="9c8c5ac3-4123-4602-bd13-89ab1bf71b97" />
      <TestMethod codeBase="D:\SFERRARI\01 - TRABAJO\REPOS\netcore\template-netcore-shared\Kitpymes.Core.Shared.Tests\bin\Release\netcoreapp3.0\Kitpymes.Core.Shared.Tests.dll" adapterTypeName="executor://mstestadapter/v2" className="Kitpymes.Core.Shared.Tests.StringExtensionsTests" name="ToDirectoryTemporary_Passing_ValidValue_Returns_DirectoryExists" />
    </UnitTest>
    <UnitTest name="ToGet_Passing_Claims_Returns_Claim_Value_Object" storage="d:\sferrari\01 - trabajo\repos\netcore\template-netcore-shared\kitpymes.core.shared.tests\bin\release\netcoreapp3.0\kitpymes.core.shared.tests.dll" id="a272f84c-2bd5-daa4-4afe-22346b802f86">
      <Execution id="ad5a9483-03e4-4469-8acc-b85257dd79da" />
      <TestMethod codeBase="D:\SFERRARI\01 - TRABAJO\REPOS\netcore\template-netcore-shared\Kitpymes.Core.Shared.Tests\bin\Release\netcoreapp3.0\Kitpymes.Core.Shared.Tests.dll" adapterTypeName="executor://mstestadapter/v2" className="Kitpymes.Core.Shared.Tests.ClaimsPrincipalExtensionsTests" name="ToGet_Passing_Claims_Returns_Claim_Value_Object" />
    </UnitTest>
    <UnitTest name="ToThrowIfNotFoundDirectory_Passing_InvalidValue_Returns_ApplicationExceptionWithMessage" storage="d:\sferrari\01 - trabajo\repos\netcore\template-netcore-shared\kitpymes.core.shared.tests\bin\release\netcoreapp3.0\kitpymes.core.shared.tests.dll" id="688a191d-5b56-481f-5739-c5e4f9181418">
      <Execution id="c424cb2d-0e6a-458b-aa49-813c2865389d" />
      <TestMethod codeBase="D:\SFERRARI\01 - TRABAJO\REPOS\netcore\template-netcore-shared\Kitpymes.Core.Shared.Tests\bin\Release\netcoreapp3.0\Kitpymes.Core.Shared.Tests.dll" adapterTypeName="executor://mstestadapter/v2" className="Kitpymes.Core.Shared.Tests.CheckExtensionsTests" name="ToThrowIfNotFoundDirectory_Passing_InvalidValue_Returns_ApplicationExceptionWithMessage" />
    </UnitTest>
    <UnitTest name="ToGetAll_Passing_Claims_Returns_Claim_Value_Int_List" storage="d:\sferrari\01 - trabajo\repos\netcore\template-netcore-shared\kitpymes.core.shared.tests\bin\release\netcoreapp3.0\kitpymes.core.shared.tests.dll" id="fa00d2a8-59b9-ad9e-caa1-a0c9e3156db1">
      <Execution id="e37e8820-9deb-4b83-afbb-d872bcf024b5" />
      <TestMethod codeBase="D:\SFERRARI\01 - TRABAJO\REPOS\netcore\template-netcore-shared\Kitpymes.Core.Shared.Tests\bin\Release\netcoreapp3.0\Kitpymes.Core.Shared.Tests.dll" adapterTypeName="executor://mstestadapter/v2" className="Kitpymes.Core.Shared.Tests.ClaimsPrincipalExtensionsTests" name="ToGetAll_Passing_Claims_Returns_Claim_Value_Int_List" />
    </UnitTest>
    <UnitTest name="ToEnvironment_Passing_Service_Not_Found_Returns_ApplicationException" storage="d:\sferrari\01 - trabajo\repos\netcore\template-netcore-shared\kitpymes.core.shared.tests\bin\release\netcoreapp3.0\kitpymes.core.shared.tests.dll" id="7c679bcb-7a59-8751-0063-1ef6e07cb160">
      <Execution id="1d03e49c-29cd-4a0f-b64e-0cbcd4035384" />
      <TestMethod codeBase="D:\SFERRARI\01 - TRABAJO\REPOS\netcore\template-netcore-shared\Kitpymes.Core.Shared.Tests\bin\Release\netcoreapp3.0\Kitpymes.Core.Shared.Tests.dll" adapterTypeName="executor://mstestadapter/v2" className="Kitpymes.Core.Shared.Tests.ApplicationBuilderExtensionsTests" name="ToEnvironment_Passing_Service_Not_Found_Returns_ApplicationException" />
    </UnitTest>
    <UnitTest name="ToInt_Passing_ValidValueString_Returns_Int" storage="d:\sferrari\01 - trabajo\repos\netcore\template-netcore-shared\kitpymes.core.shared.tests\bin\release\netcoreapp3.0\kitpymes.core.shared.tests.dll" id="ae09f98c-257a-b9e5-5b0b-16344b7adf1c">
      <Execution id="ce7c8819-9500-45ae-ace0-f2bda819590e" />
      <TestMethod codeBase="D:\SFERRARI\01 - TRABAJO\REPOS\netcore\template-netcore-shared\Kitpymes.Core.Shared.Tests\bin\Release\netcoreapp3.0\Kitpymes.Core.Shared.Tests.dll" adapterTypeName="executor://mstestadapter/v2" className="Kitpymes.Core.Shared.Tests.StringExtensionsTests" name="ToInt_Passing_ValidValueString_Returns_Int" />
    </UnitTest>
    <UnitTest name="ToDefaultValue_Passing_bool_Returns_Cero" storage="d:\sferrari\01 - trabajo\repos\netcore\template-netcore-shared\kitpymes.core.shared.tests\bin\release\netcoreapp3.0\kitpymes.core.shared.tests.dll" id="432377b9-b0ad-9a2a-6dc2-e1069e73c449">
      <Execution id="9c2c8b21-3ab9-44b8-bb61-3443198f62e2" />
      <TestMethod codeBase="D:\SFERRARI\01 - TRABAJO\REPOS\netcore\template-netcore-shared\Kitpymes.Core.Shared.Tests\bin\Release\netcoreapp3.0\Kitpymes.Core.Shared.Tests.dll" adapterTypeName="executor://mstestadapter/v2" className="Kitpymes.Core.Shared.Tests.GenericExtensionsTests" name="ToDefaultValue_Passing_bool_Returns_Cero" />
    </UnitTest>
    <UnitTest name="ToDefaultValue_Passing_uint_Returns_Cero" storage="d:\sferrari\01 - trabajo\repos\netcore\template-netcore-shared\kitpymes.core.shared.tests\bin\release\netcoreapp3.0\kitpymes.core.shared.tests.dll" id="f828057e-351a-48b7-0028-e57f15c7217e">
      <Execution id="a2e534e6-60c9-4dec-b7c9-acefe9dd799b" />
      <TestMethod codeBase="D:\SFERRARI\01 - TRABAJO\REPOS\netcore\template-netcore-shared\Kitpymes.Core.Shared.Tests\bin\Release\netcoreapp3.0\Kitpymes.Core.Shared.Tests.dll" adapterTypeName="executor://mstestadapter/v2" className="Kitpymes.Core.Shared.Tests.GenericExtensionsTests" name="ToDefaultValue_Passing_uint_Returns_Cero" />
    </UnitTest>
    <UnitTest name="IsRange_Passing_InvalidArguments_Returns_HasErrorsAndCount" storage="d:\sferrari\01 - trabajo\repos\netcore\template-netcore-shared\kitpymes.core.shared.tests\bin\release\netcoreapp3.0\kitpymes.core.shared.tests.dll" id="8a5cc6e0-e73e-2131-64bd-e73fc6c2a32e">
      <Execution id="8f3dab97-2f32-4e9b-bbf4-03b194e9db97" />
      <TestMethod codeBase="D:\SFERRARI\01 - TRABAJO\REPOS\netcore\template-netcore-shared\Kitpymes.Core.Shared.Tests\bin\Release\netcoreapp3.0\Kitpymes.Core.Shared.Tests.dll" adapterTypeName="executor://mstestadapter/v2" className="Kitpymes.Core.Shared.Tests.CheckTests" name="IsRange_Passing_InvalidArguments_Returns_HasErrorsAndCount" />
    </UnitTest>
    <UnitTest name="ToMessage_Passing_ExceptionWithMessageWithInnerException_Returns_MessageAndInnerException" storage="d:\sferrari\01 - trabajo\repos\netcore\template-netcore-shared\kitpymes.core.shared.tests\bin\release\netcoreapp3.0\kitpymes.core.shared.tests.dll" id="0d35441f-72fe-a777-509f-6a19632f972a">
      <Execution id="dba222b9-e432-4f1f-9b29-476b39aabb1b" />
      <TestMethod codeBase="D:\SFERRARI\01 - TRABAJO\REPOS\netcore\template-netcore-shared\Kitpymes.Core.Shared.Tests\bin\Release\netcoreapp3.0\Kitpymes.Core.Shared.Tests.dll" adapterTypeName="executor://mstestadapter/v2" className="Kitpymes.Core.Shared.Tests.ExceptionExtensionsTests" name="ToMessage_Passing_ExceptionWithMessageWithInnerException_Returns_MessageAndInnerException" />
    </UnitTest>
    <UnitTest name="ToIPv6_Passing_HttpContext_IP_Value_Returns_IP" storage="d:\sferrari\01 - trabajo\repos\netcore\template-netcore-shared\kitpymes.core.shared.tests\bin\release\netcoreapp3.0\kitpymes.core.shared.tests.dll" id="5bee9d0e-89de-7b6d-4317-0a11342b1d29">
      <Execution id="2f73315c-6f82-4bf5-8614-ef9e5dfe6e7e" />
      <TestMethod codeBase="D:\SFERRARI\01 - TRABAJO\REPOS\netcore\template-netcore-shared\Kitpymes.Core.Shared.Tests\bin\Release\netcoreapp3.0\Kitpymes.Core.Shared.Tests.dll" adapterTypeName="executor://mstestadapter/v2" className="Kitpymes.Core.Shared.Tests.HttpContextExtensionsTests" name="ToIPv6_Passing_HttpContext_IP_Value_Returns_IP" />
    </UnitTest>
    <UnitTest name="ToDefaultValue_Passing_double_Returns_Cero" storage="d:\sferrari\01 - trabajo\repos\netcore\template-netcore-shared\kitpymes.core.shared.tests\bin\release\netcoreapp3.0\kitpymes.core.shared.tests.dll" id="f752d50b-77fa-327a-4493-168161bd27b2">
      <Execution id="8c13fd51-9464-47b2-b3ea-948eb681ad0d" />
      <TestMethod codeBase="D:\SFERRARI\01 - TRABAJO\REPOS\netcore\template-netcore-shared\Kitpymes.Core.Shared.Tests\bin\Release\netcoreapp3.0\Kitpymes.Core.Shared.Tests.dll" adapterTypeName="executor://mstestadapter/v2" className="Kitpymes.Core.Shared.Tests.GenericExtensionsTests" name="ToDefaultValue_Passing_double_Returns_Cero" />
    </UnitTest>
    <UnitTest name="IsDirectory_Passing_InvalidArguments_Returns_HasErrorsAndCount" storage="d:\sferrari\01 - trabajo\repos\netcore\template-netcore-shared\kitpymes.core.shared.tests\bin\release\netcoreapp3.0\kitpymes.core.shared.tests.dll" id="ee30e1f9-ce80-c70a-1b56-b7e02750ae26">
      <Execution id="69a663ba-6d61-4e27-bd34-d60ff4de2ad0" />
      <TestMethod codeBase="D:\SFERRARI\01 - TRABAJO\REPOS\netcore\template-netcore-shared\Kitpymes.Core.Shared.Tests\bin\Release\netcoreapp3.0\Kitpymes.Core.Shared.Tests.dll" adapterTypeName="executor://mstestadapter/v2" className="Kitpymes.Core.Shared.Tests.CheckTests" name="IsDirectory_Passing_InvalidArguments_Returns_HasErrorsAndCount" />
    </UnitTest>
    <UnitTest name="ToService_Passing_NotFound_Service_Returns_ApplicationException" storage="d:\sferrari\01 - trabajo\repos\netcore\template-netcore-shared\kitpymes.core.shared.tests\bin\release\netcoreapp3.0\kitpymes.core.shared.tests.dll" id="c1b9482d-5008-2226-29f4-9800d3a2b340">
      <Execution id="b092f0c3-1607-431a-8a5d-2c5ed5d1ca14" />
      <TestMethod codeBase="D:\SFERRARI\01 - TRABAJO\REPOS\netcore\template-netcore-shared\Kitpymes.Core.Shared.Tests\bin\Release\netcoreapp3.0\Kitpymes.Core.Shared.Tests.dll" adapterTypeName="executor://mstestadapter/v2" className="Kitpymes.Core.Shared.Tests.ConfigurationBuilderExtensionsTests" name="ToService_Passing_NotFound_Service_Returns_ApplicationException" />
    </UnitTest>
    <UnitTest name="ToTryGetHeader_Passing_HttpRequest_Header_Many_Values_Returns_Values" storage="d:\sferrari\01 - trabajo\repos\netcore\template-netcore-shared\kitpymes.core.shared.tests\bin\release\netcoreapp3.0\kitpymes.core.shared.tests.dll" id="db5f34ff-df7c-44e5-6721-c319db8d6da0">
      <Execution id="f94e5647-d94e-45ea-9b73-9f734c68a92b" />
      <TestMethod codeBase="D:\SFERRARI\01 - TRABAJO\REPOS\netcore\template-netcore-shared\Kitpymes.Core.Shared.Tests\bin\Release\netcoreapp3.0\Kitpymes.Core.Shared.Tests.dll" adapterTypeName="executor://mstestadapter/v2" className="Kitpymes.Core.Shared.Tests.HttpRequestExtensionsTests" name="ToTryGetHeader_Passing_HttpRequest_Header_Many_Values_Returns_Values" />
    </UnitTest>
    <UnitTest name="ToIsAuthenticated_Passing_Claims_Returns_True" storage="d:\sferrari\01 - trabajo\repos\netcore\template-netcore-shared\kitpymes.core.shared.tests\bin\release\netcoreapp3.0\kitpymes.core.shared.tests.dll" id="a75e991f-5e03-3949-85d6-afa1f14455d4">
      <Execution id="82afa936-96f1-4d5e-8fcf-57116dc78b05" />
      <TestMethod codeBase="D:\SFERRARI\01 - TRABAJO\REPOS\netcore\template-netcore-shared\Kitpymes.Core.Shared.Tests\bin\Release\netcoreapp3.0\Kitpymes.Core.Shared.Tests.dll" adapterTypeName="executor://mstestadapter/v2" className="Kitpymes.Core.Shared.Tests.ClaimsPrincipalExtensionsTests" name="ToIsAuthenticated_Passing_Claims_Returns_True" />
    </UnitTest>
    <UnitTest name="ToUserName_Passing_Null_ClaimsPrincipal_Returns_ApplicationException" storage="d:\sferrari\01 - trabajo\repos\netcore\template-netcore-shared\kitpymes.core.shared.tests\bin\release\netcoreapp3.0\kitpymes.core.shared.tests.dll" id="65b9c427-b5ec-99b4-199a-0093cd460501">
      <Execution id="5bf4e617-6021-4530-aeb8-839aedecc807" />
      <TestMethod codeBase="D:\SFERRARI\01 - TRABAJO\REPOS\netcore\template-netcore-shared\Kitpymes.Core.Shared.Tests\bin\Release\netcoreapp3.0\Kitpymes.Core.Shared.Tests.dll" adapterTypeName="executor://mstestadapter/v2" className="Kitpymes.Core.Shared.Tests.ClaimsPrincipalExtensionsTests" name="ToUserName_Passing_Null_ClaimsPrincipal_Returns_ApplicationException" />
    </UnitTest>
    <UnitTest name="ToUri_Passing_InvalidValueString_Returns_DefaultValue" storage="d:\sferrari\01 - trabajo\repos\netcore\template-netcore-shared\kitpymes.core.shared.tests\bin\release\netcoreapp3.0\kitpymes.core.shared.tests.dll" id="bc15aa99-72de-0e5a-b6e8-2d654659d591">
      <Execution id="44a7ce42-783d-4466-8629-5a9650a3f972" />
      <TestMethod codeBase="D:\SFERRARI\01 - TRABAJO\REPOS\netcore\template-netcore-shared\Kitpymes.Core.Shared.Tests\bin\Release\netcoreapp3.0\Kitpymes.Core.Shared.Tests.dll" adapterTypeName="executor://mstestadapter/v2" className="Kitpymes.Core.Shared.Tests.StringExtensionsTests" name="ToUri_Passing_InvalidValueString_Returns_DefaultValue" />
    </UnitTest>
    <UnitTest name="ToRemove_Passing_ValidValue_Returns_ValueWithoutRemovedChars" storage="d:\sferrari\01 - trabajo\repos\netcore\template-netcore-shared\kitpymes.core.shared.tests\bin\release\netcoreapp3.0\kitpymes.core.shared.tests.dll" id="bb347f18-44ab-0d77-d5bd-a671e4c37650">
      <Execution id="82a20c2b-838d-446d-932d-70164a18954b" />
      <TestMethod codeBase="D:\SFERRARI\01 - TRABAJO\REPOS\netcore\template-netcore-shared\Kitpymes.Core.Shared.Tests\bin\Release\netcoreapp3.0\Kitpymes.Core.Shared.Tests.dll" adapterTypeName="executor://mstestadapter/v2" className="Kitpymes.Core.Shared.Tests.StringExtensionsTests" name="ToRemove_Passing_ValidValue_Returns_ValueWithoutRemovedChars" />
    </UnitTest>
    <UnitTest name="ToThrowIfNotFound_Passing_InvalidValue_Returns_ApplicationExceptionWithMessage" storage="d:\sferrari\01 - trabajo\repos\netcore\template-netcore-shared\kitpymes.core.shared.tests\bin\release\netcoreapp3.0\kitpymes.core.shared.tests.dll" id="a1bc7e0c-887e-9227-4221-29241607dc12">
      <Execution id="eff759bb-9051-4c5f-a8aa-6205b4814934" />
      <TestMethod codeBase="D:\SFERRARI\01 - TRABAJO\REPOS\netcore\template-netcore-shared\Kitpymes.Core.Shared.Tests\bin\Release\netcoreapp3.0\Kitpymes.Core.Shared.Tests.dll" adapterTypeName="executor://mstestadapter/v2" className="Kitpymes.Core.Shared.Tests.CheckExtensionsTests" name="ToThrowIfNotFound_Passing_InvalidValue_Returns_ApplicationExceptionWithMessage" />
    </UnitTest>
    <UnitTest name="ToEmailMaskUserNameAndDomainAndExtension_Passing_ValidEmail_Returns_EmailWithMask" storage="d:\sferrari\01 - trabajo\repos\netcore\template-netcore-shared\kitpymes.core.shared.tests\bin\release\netcoreapp3.0\kitpymes.core.shared.tests.dll" id="1f6423c7-4317-6f5b-c112-f4c9c7e822af">
      <Execution id="08be2b5d-0857-4775-9a93-4696e8b2bb6f" />
      <TestMethod codeBase="D:\SFERRARI\01 - TRABAJO\REPOS\netcore\template-netcore-shared\Kitpymes.Core.Shared.Tests\bin\Release\netcoreapp3.0\Kitpymes.Core.Shared.Tests.dll" adapterTypeName="executor://mstestadapter/v2" className="Kitpymes.Core.Shared.Tests.StringExtensionsTests" name="ToEmailMaskUserNameAndDomainAndExtension_Passing_ValidEmail_Returns_EmailWithMask" />
    </UnitTest>
    <UnitTest name="ToHashAlgorithmName_Passing_InvalidValueString_Returns_Null" storage="d:\sferrari\01 - trabajo\repos\netcore\template-netcore-shared\kitpymes.core.shared.tests\bin\release\netcoreapp3.0\kitpymes.core.shared.tests.dll" id="1b969e76-d97c-c639-c377-a41796fbb2c3">
      <Execution id="3193cae3-0011-4d77-92bd-5451ecf194e0" />
      <TestMethod codeBase="D:\SFERRARI\01 - TRABAJO\REPOS\netcore\template-netcore-shared\Kitpymes.Core.Shared.Tests\bin\Release\netcoreapp3.0\Kitpymes.Core.Shared.Tests.dll" adapterTypeName="executor://mstestadapter/v2" className="Kitpymes.Core.Shared.Tests.StringExtensionsTests" name="ToHashAlgorithmName_Passing_InvalidValueString_Returns_Null" />
    </UnitTest>
    <UnitTest name="ToBytes_Passing_Object_Returns_Bytes" storage="d:\sferrari\01 - trabajo\repos\netcore\template-netcore-shared\kitpymes.core.shared.tests\bin\release\netcoreapp3.0\kitpymes.core.shared.tests.dll" id="118e36ba-6572-1245-e05b-9bcc7b4e5e20">
      <Execution id="1871403d-83be-415e-b73d-fb455d3514e3" />
      <TestMethod codeBase="D:\SFERRARI\01 - TRABAJO\REPOS\netcore\template-netcore-shared\Kitpymes.Core.Shared.Tests\bin\Release\netcoreapp3.0\Kitpymes.Core.Shared.Tests.dll" adapterTypeName="executor://mstestadapter/v2" className="Kitpymes.Core.Shared.Tests.GenericExtensionsTests" name="ToBytes_Passing_Object_Returns_Bytes" />
    </UnitTest>
    <UnitTest name="ToEmailMaskUserNameAndDomain_Passing_ValidEmail_Returns_EmailWithMask" storage="d:\sferrari\01 - trabajo\repos\netcore\template-netcore-shared\kitpymes.core.shared.tests\bin\release\netcoreapp3.0\kitpymes.core.shared.tests.dll" id="e8138724-52f6-6999-ada4-cbc441f2cd15">
      <Execution id="a3972db9-6cb4-49da-ae08-cc67108c69ff" />
      <TestMethod codeBase="D:\SFERRARI\01 - TRABAJO\REPOS\netcore\template-netcore-shared\Kitpymes.Core.Shared.Tests\bin\Release\netcoreapp3.0\Kitpymes.Core.Shared.Tests.dll" adapterTypeName="executor://mstestadapter/v2" className="Kitpymes.Core.Shared.Tests.StringExtensionsTests" name="ToEmailMaskUserNameAndDomain_Passing_ValidEmail_Returns_EmailWithMask" />
    </UnitTest>
    <UnitTest name="ToMapClone_Passing_Source_Returns_New_Source_Object" storage="d:\sferrari\01 - trabajo\repos\netcore\template-netcore-shared\kitpymes.core.shared.tests\bin\release\netcoreapp3.0\kitpymes.core.shared.tests.dll" id="27cc1a96-8264-8762-05bc-aa63ccb155d7">
      <Execution id="0ee3cf72-2948-4b8b-9277-88e106858f1e" />
      <TestMethod codeBase="D:\SFERRARI\01 - TRABAJO\REPOS\netcore\template-netcore-shared\Kitpymes.Core.Shared.Tests\bin\Release\netcoreapp3.0\Kitpymes.Core.Shared.Tests.dll" adapterTypeName="executor://mstestadapter/v2" className="Kitpymes.Core.Shared.Tests.AgileMapperExtensionsTests" name="ToMapClone_Passing_Source_Returns_New_Source_Object" />
    </UnitTest>
    <UnitTest name="IsLess_Passing_InvalidArguments_Returns_HasErrorsAndCount" storage="d:\sferrari\01 - trabajo\repos\netcore\template-netcore-shared\kitpymes.core.shared.tests\bin\release\netcoreapp3.0\kitpymes.core.shared.tests.dll" id="4d9bde6c-668c-a1d3-dc60-edcfc6a4082c">
      <Execution id="71885992-48f1-4421-8b1f-ee8f9d40e520" />
      <TestMethod codeBase="D:\SFERRARI\01 - TRABAJO\REPOS\netcore\template-netcore-shared\Kitpymes.Core.Shared.Tests\bin\Release\netcoreapp3.0\Kitpymes.Core.Shared.Tests.dll" adapterTypeName="executor://mstestadapter/v2" className="Kitpymes.Core.Shared.Tests.CheckTests" name="IsLess_Passing_InvalidArguments_Returns_HasErrorsAndCount" />
    </UnitTest>
    <UnitTest name="ToEmailMask_Passing_ValidEmail_Returns_EmailWithMask" storage="d:\sferrari\01 - trabajo\repos\netcore\template-netcore-shared\kitpymes.core.shared.tests\bin\release\netcoreapp3.0\kitpymes.core.shared.tests.dll" id="98331ff8-6ed1-e7ba-c8dd-be5bd5b6cb2c">
      <Execution id="36818831-d9e8-4742-8b1f-3aa4519dc505" />
      <TestMethod codeBase="D:\SFERRARI\01 - TRABAJO\REPOS\netcore\template-netcore-shared\Kitpymes.Core.Shared.Tests\bin\Release\netcoreapp3.0\Kitpymes.Core.Shared.Tests.dll" adapterTypeName="executor://mstestadapter/v2" className="Kitpymes.Core.Shared.Tests.StringExtensionsTests" name="ToEmailMask_Passing_ValidEmail_Returns_EmailWithMask" />
    </UnitTest>
    <UnitTest name="ToSubdomain_Passing_HttpRequest_Host_Returns_Subdomain" storage="d:\sferrari\01 - trabajo\repos\netcore\template-netcore-shared\kitpymes.core.shared.tests\bin\release\netcoreapp3.0\kitpymes.core.shared.tests.dll" id="e9b23f0c-0cde-4603-1739-ee642fd33c36">
      <Execution id="99d6d51b-af0c-4a17-adcd-41bb520114df" />
      <TestMethod codeBase="D:\SFERRARI\01 - TRABAJO\REPOS\netcore\template-netcore-shared\Kitpymes.Core.Shared.Tests\bin\Release\netcoreapp3.0\Kitpymes.Core.Shared.Tests.dll" adapterTypeName="executor://mstestadapter/v2" className="Kitpymes.Core.Shared.Tests.HttpRequestExtensionsTests" name="ToSubdomain_Passing_HttpRequest_Host_Returns_Subdomain" />
    </UnitTest>
    <UnitTest name="IsNullOrAny_Passing_InvalidArguments_Returns_HasErrorsAndCount" storage="d:\sferrari\01 - trabajo\repos\netcore\template-netcore-shared\kitpymes.core.shared.tests\bin\release\netcoreapp3.0\kitpymes.core.shared.tests.dll" id="922c5a5d-5d46-b5de-bcbd-4fac0addd422">
      <Execution id="7f96e864-16ee-44ef-9637-d665d64228fe" />
      <TestMethod codeBase="D:\SFERRARI\01 - TRABAJO\REPOS\netcore\template-netcore-shared\Kitpymes.Core.Shared.Tests\bin\Release\netcoreapp3.0\Kitpymes.Core.Shared.Tests.dll" adapterTypeName="executor://mstestadapter/v2" className="Kitpymes.Core.Shared.Tests.CheckTests" name="IsNullOrAny_Passing_InvalidArguments_Returns_HasErrorsAndCount" />
    </UnitTest>
    <UnitTest name="ToIsLastDayOfTheMonth_Passing_NotLastDayOfMonth_Returns_False" storage="d:\sferrari\01 - trabajo\repos\netcore\template-netcore-shared\kitpymes.core.shared.tests\bin\release\netcoreapp3.0\kitpymes.core.shared.tests.dll" id="3443f7f5-ee1a-f375-e5b1-f7ffa940c0db">
      <Execution id="759c5d56-b346-49c1-b2b5-2d39580e4ecd" />
      <TestMethod codeBase="D:\SFERRARI\01 - TRABAJO\REPOS\netcore\template-netcore-shared\Kitpymes.Core.Shared.Tests\bin\Release\netcoreapp3.0\Kitpymes.Core.Shared.Tests.dll" adapterTypeName="executor://mstestadapter/v2" className="Kitpymes.Core.Shared.Tests.DateTimeExtensionsTests" name="ToIsLastDayOfTheMonth_Passing_NotLastDayOfMonth_Returns_False" />
    </UnitTest>
    <UnitTest name="ToExists_Passing_Valid_Service_Returns_True" storage="d:\sferrari\01 - trabajo\repos\netcore\template-netcore-shared\kitpymes.core.shared.tests\bin\release\netcoreapp3.0\kitpymes.core.shared.tests.dll" id="64bc1554-814c-3c40-a6b0-679b40b89c36">
      <Execution id="a912fa55-c689-4ec0-8ca5-ddb809f1c5ce" />
      <TestMethod codeBase="D:\SFERRARI\01 - TRABAJO\REPOS\netcore\template-netcore-shared\Kitpymes.Core.Shared.Tests\bin\Release\netcoreapp3.0\Kitpymes.Core.Shared.Tests.dll" adapterTypeName="executor://mstestadapter/v2" className="Kitpymes.Core.Shared.Tests.ApplicationBuilderExtensionsTests" name="ToExists_Passing_Valid_Service_Returns_True" />
    </UnitTest>
    <UnitTest name="ToList_Passing_ValidEnumType_Returns_ValuesList" storage="d:\sferrari\01 - trabajo\repos\netcore\template-netcore-shared\kitpymes.core.shared.tests\bin\release\netcoreapp3.0\kitpymes.core.shared.tests.dll" id="a6625fb0-1b80-148b-87dc-9cf616e5e84d">
      <Execution id="f83d6bad-88c0-4974-a4ce-54693c9a9581" />
      <TestMethod codeBase="D:\SFERRARI\01 - TRABAJO\REPOS\netcore\template-netcore-shared\Kitpymes.Core.Shared.Tests\bin\Release\netcoreapp3.0\Kitpymes.Core.Shared.Tests.dll" adapterTypeName="executor://mstestadapter/v2" className="Kitpymes.Core.Shared.Tests.EnumsTests" name="ToList_Passing_ValidEnumType_Returns_ValuesList" />
    </UnitTest>
    <UnitTest name="ToDirectoryDeleteFiles_Passing_ValidValue_Returns_DirectoryNoExists" storage="d:\sferrari\01 - trabajo\repos\netcore\template-netcore-shared\kitpymes.core.shared.tests\bin\release\netcoreapp3.0\kitpymes.core.shared.tests.dll" id="7f0aeefe-ba4a-5404-c6f8-82be67718cc4">
      <Execution id="7ab790de-81d3-4736-8067-9e2cd06d5282" />
      <TestMethod codeBase="D:\SFERRARI\01 - TRABAJO\REPOS\netcore\template-netcore-shared\Kitpymes.Core.Shared.Tests\bin\Release\netcoreapp3.0\Kitpymes.Core.Shared.Tests.dll" adapterTypeName="executor://mstestadapter/v2" className="Kitpymes.Core.Shared.Tests.StringExtensionsTests" name="ToDirectoryDeleteFiles_Passing_ValidValue_Returns_DirectoryNoExists" />
    </UnitTest>
    <UnitTest name="ToAssembly_Passing_ValidValueAssemblyString_Returns_Assembly" storage="d:\sferrari\01 - trabajo\repos\netcore\template-netcore-shared\kitpymes.core.shared.tests\bin\release\netcoreapp3.0\kitpymes.core.shared.tests.dll" id="3721d3c1-7c03-ad84-143f-64bfeb5b314e">
      <Execution id="8fd58f18-9792-4abf-993a-40b235828aaf" />
      <TestMethod codeBase="D:\SFERRARI\01 - TRABAJO\REPOS\netcore\template-netcore-shared\Kitpymes.Core.Shared.Tests\bin\Release\netcoreapp3.0\Kitpymes.Core.Shared.Tests.dll" adapterTypeName="executor://mstestadapter/v2" className="Kitpymes.Core.Shared.Tests.StringExtensionsTests" name="ToAssembly_Passing_ValidValueAssemblyString_Returns_Assembly" />
    </UnitTest>
    <UnitTest name="ToSetTime_Passing_Time_Int_Returns_DateTime" storage="d:\sferrari\01 - trabajo\repos\netcore\template-netcore-shared\kitpymes.core.shared.tests\bin\release\netcoreapp3.0\kitpymes.core.shared.tests.dll" id="1761ee10-7c34-b565-b889-1885bffe91c3">
      <Execution id="e1cdcd48-2dcd-4582-9bc6-17aef315b558" />
      <TestMethod codeBase="D:\SFERRARI\01 - TRABAJO\REPOS\netcore\template-netcore-shared\Kitpymes.Core.Shared.Tests\bin\Release\netcoreapp3.0\Kitpymes.Core.Shared.Tests.dll" adapterTypeName="executor://mstestadapter/v2" className="Kitpymes.Core.Shared.Tests.DateTimeExtensionsTests" name="ToSetTime_Passing_Time_Int_Returns_DateTime" />
    </UnitTest>
    <UnitTest name="ToTryContentType_Passing_HttpRequestWithContentType_Value_Returns_ContentType_String_Value" storage="d:\sferrari\01 - trabajo\repos\netcore\template-netcore-shared\kitpymes.core.shared.tests\bin\release\netcoreapp3.0\kitpymes.core.shared.tests.dll" id="a03675ec-665e-f4d5-4630-89e50dac0bfb">
      <Execution id="9320ff90-8e13-4f0d-bfe3-f39fd09901be" />
      <TestMethod codeBase="D:\SFERRARI\01 - TRABAJO\REPOS\netcore\template-netcore-shared\Kitpymes.Core.Shared.Tests\bin\Release\netcoreapp3.0\Kitpymes.Core.Shared.Tests.dll" adapterTypeName="executor://mstestadapter/v2" className="Kitpymes.Core.Shared.Tests.HttpRequestExtensionsTests" name="ToTryContentType_Passing_HttpRequestWithContentType_Value_Returns_ContentType_String_Value" />
    </UnitTest>
    <UnitTest name="ToInt_Passing_Enumeration_Name_Returns_Value" storage="d:\sferrari\01 - trabajo\repos\netcore\template-netcore-shared\kitpymes.core.shared.tests\bin\release\netcoreapp3.0\kitpymes.core.shared.tests.dll" id="4e1a5879-f3c8-4fdb-51d0-c4cf0a35e0bf">
      <Execution id="2862a394-d488-4625-a805-dea4f4587a50" />
      <TestMethod codeBase="D:\SFERRARI\01 - TRABAJO\REPOS\netcore\template-netcore-shared\Kitpymes.Core.Shared.Tests\bin\Release\netcoreapp3.0\Kitpymes.Core.Shared.Tests.dll" adapterTypeName="executor://mstestadapter/v2" className="Kitpymes.Core.Shared.Tests.EnumExtensionsTests" name="ToInt_Passing_Enumeration_Name_Returns_Value" />
    </UnitTest>
    <UnitTest name="IsRegex_Passing_InvalidArguments_Returns_HasErrorsAndCount" storage="d:\sferrari\01 - trabajo\repos\netcore\template-netcore-shared\kitpymes.core.shared.tests\bin\release\netcoreapp3.0\kitpymes.core.shared.tests.dll" id="78100b1f-11c5-b9a9-157c-80c938e7669a">
      <Execution id="31a2e975-73af-4cf6-9010-71799f453853" />
      <TestMethod codeBase="D:\SFERRARI\01 - TRABAJO\REPOS\netcore\template-netcore-shared\Kitpymes.Core.Shared.Tests\bin\Release\netcoreapp3.0\Kitpymes.Core.Shared.Tests.dll" adapterTypeName="executor://mstestadapter/v2" className="Kitpymes.Core.Shared.Tests.CheckTests" name="IsRegex_Passing_InvalidArguments_Returns_HasErrorsAndCount" />
    </UnitTest>
    <UnitTest name="ToDisplay_Passing_Enumeration_Name_Returns_Display_Atributte" storage="d:\sferrari\01 - trabajo\repos\netcore\template-netcore-shared\kitpymes.core.shared.tests\bin\release\netcoreapp3.0\kitpymes.core.shared.tests.dll" id="d6d04f4a-9142-b816-d673-c4abf49a39ad">
      <Execution id="47f39e54-45b1-489b-9f7f-998aa0afa3d9" />
      <TestMethod codeBase="D:\SFERRARI\01 - TRABAJO\REPOS\netcore\template-netcore-shared\Kitpymes.Core.Shared.Tests\bin\Release\netcoreapp3.0\Kitpymes.Core.Shared.Tests.dll" adapterTypeName="executor://mstestadapter/v2" className="Kitpymes.Core.Shared.Tests.EnumExtensionsTests" name="ToDisplay_Passing_Enumeration_Name_Returns_Display_Atributte" />
    </UnitTest>
    <UnitTest name="ToSerialize_Passing_Objects_Returns_String_Values" storage="d:\sferrari\01 - trabajo\repos\netcore\template-netcore-shared\kitpymes.core.shared.tests\bin\release\netcoreapp3.0\kitpymes.core.shared.tests.dll" id="87c5dbd3-fd2a-1e49-42e5-8dc78affc8d6">
      <Execution id="4a53ab79-dcf1-4017-93e0-0e25c1bcb079" />
      <TestMethod codeBase="D:\SFERRARI\01 - TRABAJO\REPOS\netcore\template-netcore-shared\Kitpymes.Core.Shared.Tests\bin\Release\netcoreapp3.0\Kitpymes.Core.Shared.Tests.dll" adapterTypeName="executor://mstestadapter/v2" className="Kitpymes.Core.Shared.Tests.JsonExtensionsTests" name="ToSerialize_Passing_Objects_Returns_String_Values" />
    </UnitTest>
    <UnitTest name="IsSubdomain_Passing_InvalidArguments_Returns_HasErrorsAndCount" storage="d:\sferrari\01 - trabajo\repos\netcore\template-netcore-shared\kitpymes.core.shared.tests\bin\release\netcoreapp3.0\kitpymes.core.shared.tests.dll" id="f2debf4a-2a42-7b0b-1005-8f74a6fc63cb">
      <Execution id="07ae1989-9fcb-47f8-8e38-1dbdedfb1c83" />
      <TestMethod codeBase="D:\SFERRARI\01 - TRABAJO\REPOS\netcore\template-netcore-shared\Kitpymes.Core.Shared.Tests\bin\Release\netcoreapp3.0\Kitpymes.Core.Shared.Tests.dll" adapterTypeName="executor://mstestadapter/v2" className="Kitpymes.Core.Shared.Tests.CheckTests" name="IsSubdomain_Passing_InvalidArguments_Returns_HasErrorsAndCount" />
    </UnitTest>
    <UnitTest name="ToConfiguration_Passing_Valid_DirectoryPath_Valid_JsonFileName_Returns_Ok" storage="d:\sferrari\01 - trabajo\repos\netcore\template-netcore-shared\kitpymes.core.shared.tests\bin\release\netcoreapp3.0\kitpymes.core.shared.tests.dll" id="9064672f-1220-7bc0-f2b0-c66c74cccc5e">
      <Execution id="bd813fcb-cb1d-4ae3-a058-ae3df61f2b43" />
      <TestMethod codeBase="D:\SFERRARI\01 - TRABAJO\REPOS\netcore\template-netcore-shared\Kitpymes.Core.Shared.Tests\bin\Release\netcoreapp3.0\Kitpymes.Core.Shared.Tests.dll" adapterTypeName="executor://mstestadapter/v2" className="Kitpymes.Core.Shared.Tests.ConfigurationBuilderExtensionsTests" name="ToConfiguration_Passing_Valid_DirectoryPath_Valid_JsonFileName_Returns_Ok" />
    </UnitTest>
    <UnitTest name="ToPath_Passing_HttpRequest_Scheme_Host_Path_Returns_Url" storage="d:\sferrari\01 - trabajo\repos\netcore\template-netcore-shared\kitpymes.core.shared.tests\bin\release\netcoreapp3.0\kitpymes.core.shared.tests.dll" id="5385d994-9594-6052-11cb-73f8d2344981">
      <Execution id="796797b2-d432-4048-aa36-c2bdfb8970d4" />
      <TestMethod codeBase="D:\SFERRARI\01 - TRABAJO\REPOS\netcore\template-netcore-shared\Kitpymes.Core.Shared.Tests\bin\Release\netcoreapp3.0\Kitpymes.Core.Shared.Tests.dll" adapterTypeName="executor://mstestadapter/v2" className="Kitpymes.Core.Shared.Tests.HttpRequestExtensionsTests" name="ToPath_Passing_HttpRequest_Scheme_Host_Path_Returns_Url" />
    </UnitTest>
    <UnitTest name="ToService_Passing_Service_Not_Found_Returns_Null" storage="d:\sferrari\01 - trabajo\repos\netcore\template-netcore-shared\kitpymes.core.shared.tests\bin\release\netcoreapp3.0\kitpymes.core.shared.tests.dll" id="3f0bf65d-a3af-41bf-ac79-126a0efc4fd4">
      <Execution id="29c430fd-a7cc-4d43-8140-2b4fb2b6962b" />
      <TestMethod codeBase="D:\SFERRARI\01 - TRABAJO\REPOS\netcore\template-netcore-shared\Kitpymes.Core.Shared.Tests\bin\Release\netcoreapp3.0\Kitpymes.Core.Shared.Tests.dll" adapterTypeName="executor://mstestadapter/v2" className="Kitpymes.Core.Shared.Tests.ApplicationBuilderExtensionsTests" name="ToService_Passing_Service_Not_Found_Returns_Null" />
    </UnitTest>
    <UnitTest name="ToGetAll_Passing_Claims_Returns_Claim_Value_Object_List" storage="d:\sferrari\01 - trabajo\repos\netcore\template-netcore-shared\kitpymes.core.shared.tests\bin\release\netcoreapp3.0\kitpymes.core.shared.tests.dll" id="2e87c537-4979-f58b-6e83-f3d4ee161ff1">
      <Execution id="0478caad-2245-4ecb-b710-e318bd1ed769" />
      <TestMethod codeBase="D:\SFERRARI\01 - TRABAJO\REPOS\netcore\template-netcore-shared\Kitpymes.Core.Shared.Tests\bin\Release\netcoreapp3.0\Kitpymes.Core.Shared.Tests.dll" adapterTypeName="executor://mstestadapter/v2" className="Kitpymes.Core.Shared.Tests.ClaimsPrincipalExtensionsTests" name="ToGetAll_Passing_Claims_Returns_Claim_Value_Object_List" />
    </UnitTest>
    <UnitTest name="ToPaged_Passing_Name_Descending_Order_Returns_Filter_List" storage="d:\sferrari\01 - trabajo\repos\netcore\template-netcore-shared\kitpymes.core.shared.tests\bin\release\netcoreapp3.0\kitpymes.core.shared.tests.dll" id="0b00f09d-f7e4-fb1e-68ad-8102cf6143e0">
      <Execution id="4b526cd7-9085-476b-b6af-745f1480026e" />
      <TestMethod codeBase="D:\SFERRARI\01 - TRABAJO\REPOS\netcore\template-netcore-shared\Kitpymes.Core.Shared.Tests\bin\Release\netcoreapp3.0\Kitpymes.Core.Shared.Tests.dll" adapterTypeName="executor://mstestadapter/v2" className="Kitpymes.Core.Shared.Tests.QueryableExtensionsTests" name="ToPaged_Passing_Name_Descending_Order_Returns_Filter_List" />
    </UnitTest>
    <UnitTest name="ToList_Passing_ValidEnumTypeWithResourceType_Returns_ValuesList" storage="d:\sferrari\01 - trabajo\repos\netcore\template-netcore-shared\kitpymes.core.shared.tests\bin\release\netcoreapp3.0\kitpymes.core.shared.tests.dll" id="aaa46586-7b83-9a88-e835-ae92592f98a3">
      <Execution id="7124f081-ccb7-469d-9052-5018e98ae84d" />
      <TestMethod codeBase="D:\SFERRARI\01 - TRABAJO\REPOS\netcore\template-netcore-shared\Kitpymes.Core.Shared.Tests\bin\Release\netcoreapp3.0\Kitpymes.Core.Shared.Tests.dll" adapterTypeName="executor://mstestadapter/v2" className="Kitpymes.Core.Shared.Tests.EnumsTests" name="ToList_Passing_ValidEnumTypeWithResourceType_Returns_ValuesList" />
    </UnitTest>
    <UnitTest name="ToDefaultValue_Passing_ushort_Returns_Cero" storage="d:\sferrari\01 - trabajo\repos\netcore\template-netcore-shared\kitpymes.core.shared.tests\bin\release\netcoreapp3.0\kitpymes.core.shared.tests.dll" id="47f3e733-f069-b79f-9f6d-7c11fc368663">
      <Execution id="f5e9be1a-2656-4785-b37d-c7d30e175900" />
      <TestMethod codeBase="D:\SFERRARI\01 - TRABAJO\REPOS\netcore\template-netcore-shared\Kitpymes.Core.Shared.Tests\bin\Release\netcoreapp3.0\Kitpymes.Core.Shared.Tests.dll" adapterTypeName="executor://mstestadapter/v2" className="Kitpymes.Core.Shared.Tests.GenericExtensionsTests" name="ToDefaultValue_Passing_ushort_Returns_Cero" />
    </UnitTest>
    <UnitTest name="ToEndOfTheMonth_Passing_DateTime_Returns_End_Of_Month_DateTime" storage="d:\sferrari\01 - trabajo\repos\netcore\template-netcore-shared\kitpymes.core.shared.tests\bin\release\netcoreapp3.0\kitpymes.core.shared.tests.dll" id="a4956cd8-34a7-6fca-5b71-6eb98cedd9b0">
      <Execution id="af9a9772-3b9d-4a49-b44b-08c04919ca1f" />
      <TestMethod codeBase="D:\SFERRARI\01 - TRABAJO\REPOS\netcore\template-netcore-shared\Kitpymes.Core.Shared.Tests\bin\Release\netcoreapp3.0\Kitpymes.Core.Shared.Tests.dll" adapterTypeName="executor://mstestadapter/v2" className="Kitpymes.Core.Shared.Tests.DateTimeExtensionsTests" name="ToEndOfTheMonth_Passing_DateTime_Returns_End_Of_Month_DateTime" />
    </UnitTest>
    <UnitTest name="ToYesterday_Passing_DateTime_Returns_Yesterday_DateTime" storage="d:\sferrari\01 - trabajo\repos\netcore\template-netcore-shared\kitpymes.core.shared.tests\bin\release\netcoreapp3.0\kitpymes.core.shared.tests.dll" id="33545399-79af-5e7f-5179-57fe5645f4be">
      <Execution id="6b4aebe6-8453-4c69-9a69-2ee35fcaecd7" />
      <TestMethod codeBase="D:\SFERRARI\01 - TRABAJO\REPOS\netcore\template-netcore-shared\Kitpymes.Core.Shared.Tests\bin\Release\netcoreapp3.0\Kitpymes.Core.Shared.Tests.dll" adapterTypeName="executor://mstestadapter/v2" className="Kitpymes.Core.Shared.Tests.DateTimeExtensionsTests" name="ToYesterday_Passing_DateTime_Returns_Yesterday_DateTime" />
    </UnitTest>
    <UnitTest name="ToIsWeekend_Passing_Sunday_DateTime_Returns_True" storage="d:\sferrari\01 - trabajo\repos\netcore\template-netcore-shared\kitpymes.core.shared.tests\bin\release\netcoreapp3.0\kitpymes.core.shared.tests.dll" id="c8fd6d3c-b723-929b-f175-dbdc2a7be855">
      <Execution id="b6a946d2-ec85-4467-bf82-0473a234c03a" />
      <TestMethod codeBase="D:\SFERRARI\01 - TRABAJO\REPOS\netcore\template-netcore-shared\Kitpymes.Core.Shared.Tests\bin\Release\netcoreapp3.0\Kitpymes.Core.Shared.Tests.dll" adapterTypeName="executor://mstestadapter/v2" className="Kitpymes.Core.Shared.Tests.DateTimeExtensionsTests" name="ToIsWeekend_Passing_Sunday_DateTime_Returns_True" />
    </UnitTest>
    <UnitTest name="ToHasErrors_Passing_InvalidValue_Returns_ApplicationExceptionWithMessage" storage="d:\sferrari\01 - trabajo\repos\netcore\template-netcore-shared\kitpymes.core.shared.tests\bin\release\netcoreapp3.0\kitpymes.core.shared.tests.dll" id="1340b308-d9eb-a26e-e042-04d6c1d9a958">
      <Execution id="c5da6449-f389-40d3-b8dc-30220812ccd7" />
      <TestMethod codeBase="D:\SFERRARI\01 - TRABAJO\REPOS\netcore\template-netcore-shared\Kitpymes.Core.Shared.Tests\bin\Release\netcoreapp3.0\Kitpymes.Core.Shared.Tests.dll" adapterTypeName="executor://mstestadapter/v2" className="Kitpymes.Core.Shared.Tests.CheckExtensionsTests" name="ToHasErrors_Passing_InvalidValue_Returns_ApplicationExceptionWithMessage" />
    </UnitTest>
    <UnitTest name="ToAttribute_Passing_Enumeration_Name_Returns_Atributte" storage="d:\sferrari\01 - trabajo\repos\netcore\template-netcore-shared\kitpymes.core.shared.tests\bin\release\netcoreapp3.0\kitpymes.core.shared.tests.dll" id="320700ce-aa3b-5818-fb18-706cf7605472">
      <Execution id="4e1d3d35-706f-46d6-bf82-c4642a6c33bd" />
      <TestMethod codeBase="D:\SFERRARI\01 - TRABAJO\REPOS\netcore\template-netcore-shared\Kitpymes.Core.Shared.Tests\bin\Release\netcoreapp3.0\Kitpymes.Core.Shared.Tests.dll" adapterTypeName="executor://mstestadapter/v2" className="Kitpymes.Core.Shared.Tests.EnumExtensionsTests" name="ToAttribute_Passing_Enumeration_Name_Returns_Atributte" />
    </UnitTest>
    <UnitTest name="IsName_Passing_InvalidArguments_Returns_HasErrorsAndCount" storage="d:\sferrari\01 - trabajo\repos\netcore\template-netcore-shared\kitpymes.core.shared.tests\bin\release\netcoreapp3.0\kitpymes.core.shared.tests.dll" id="9eeef095-29ed-4872-a36c-ca4832350421">
      <Execution id="1c1fa47c-3b04-491f-b626-947047761773" />
      <TestMethod codeBase="D:\SFERRARI\01 - TRABAJO\REPOS\netcore\template-netcore-shared\Kitpymes.Core.Shared.Tests\bin\Release\netcoreapp3.0\Kitpymes.Core.Shared.Tests.dll" adapterTypeName="executor://mstestadapter/v2" className="Kitpymes.Core.Shared.Tests.CheckTests" name="IsName_Passing_InvalidArguments_Returns_HasErrorsAndCount" />
    </UnitTest>
    <UnitTest name="ToCompress_Passing_Object_Bytes_Returns_Object" storage="d:\sferrari\01 - trabajo\repos\netcore\template-netcore-shared\kitpymes.core.shared.tests\bin\release\netcoreapp3.0\kitpymes.core.shared.tests.dll" id="8a110a46-40a4-c9bb-083e-1c3fcb5b45b7">
      <Execution id="90732635-abf7-45ac-9ea5-beaebfc56abd" />
      <TestMethod codeBase="D:\SFERRARI\01 - TRABAJO\REPOS\netcore\template-netcore-shared\Kitpymes.Core.Shared.Tests\bin\Release\netcoreapp3.0\Kitpymes.Core.Shared.Tests.dll" adapterTypeName="executor://mstestadapter/v2" className="Kitpymes.Core.Shared.Tests.BytesExtensionsTests" name="ToCompress_Passing_Object_Bytes_Returns_Object" />
    </UnitTest>
    <UnitTest name="ToDefaultValue_Passing_ValidBoolean_Returns_DefaultValue" storage="d:\sferrari\01 - trabajo\repos\netcore\template-netcore-shared\kitpymes.core.shared.tests\bin\release\netcoreapp3.0\kitpymes.core.shared.tests.dll" id="a95f665c-aa8d-208d-902c-60a464250c99">
      <Execution id="23938bd2-d558-4aa7-af1d-6344f30702c4" />
      <TestMethod codeBase="D:\SFERRARI\01 - TRABAJO\REPOS\netcore\template-netcore-shared\Kitpymes.Core.Shared.Tests\bin\Release\netcoreapp3.0\Kitpymes.Core.Shared.Tests.dll" adapterTypeName="executor://mstestadapter/v2" className="Kitpymes.Core.Shared.Tests.TypeExtensionsTests" name="ToDefaultValue_Passing_ValidBoolean_Returns_DefaultValue" />
    </UnitTest>
    <UnitTest name="IsNullOrEmpty_Passing_InvalidArguments_Returns_HasErrorsAndCount" storage="d:\sferrari\01 - trabajo\repos\netcore\template-netcore-shared\kitpymes.core.shared.tests\bin\release\netcoreapp3.0\kitpymes.core.shared.tests.dll" id="801afd1a-5f3d-0d0c-471a-96452bf5bc35">
      <Execution id="21411422-8c7e-493b-b91e-5f3bd5e31623" />
      <TestMethod codeBase="D:\SFERRARI\01 - TRABAJO\REPOS\netcore\template-netcore-shared\Kitpymes.Core.Shared.Tests\bin\Release\netcoreapp3.0\Kitpymes.Core.Shared.Tests.dll" adapterTypeName="executor://mstestadapter/v2" className="Kitpymes.Core.Shared.Tests.CheckTests" name="IsNullOrEmpty_Passing_InvalidArguments_Returns_HasErrorsAndCount" />
    </UnitTest>
    <UnitTest name="ToPaged_Passing_Name_Ascending_Order_Returns_Filter_List" storage="d:\sferrari\01 - trabajo\repos\netcore\template-netcore-shared\kitpymes.core.shared.tests\bin\release\netcoreapp3.0\kitpymes.core.shared.tests.dll" id="6fc389b2-a5f3-ded0-63b6-7e1b4cca8442">
      <Execution id="669ce504-e7f7-416a-8ccf-0aa308593404" />
      <TestMethod codeBase="D:\SFERRARI\01 - TRABAJO\REPOS\netcore\template-netcore-shared\Kitpymes.Core.Shared.Tests\bin\Release\netcoreapp3.0\Kitpymes.Core.Shared.Tests.dll" adapterTypeName="executor://mstestadapter/v2" className="Kitpymes.Core.Shared.Tests.QueryableExtensionsTests" name="ToPaged_Passing_Name_Ascending_Order_Returns_Filter_List" />
    </UnitTest>
    <UnitTest name="ToFirstLetterLower_Passing_ValidValue_Returns_StringWithFirstLetterLower" storage="d:\sferrari\01 - trabajo\repos\netcore\template-netcore-shared\kitpymes.core.shared.tests\bin\release\netcoreapp3.0\kitpymes.core.shared.tests.dll" id="4315ebd1-3e2a-edf0-9de6-c78f08760fe3">
      <Execution id="52529fe6-be15-4d21-baca-a7becb12d92b" />
      <TestMethod codeBase="D:\SFERRARI\01 - TRABAJO\REPOS\netcore\template-netcore-shared\Kitpymes.Core.Shared.Tests\bin\Release\netcoreapp3.0\Kitpymes.Core.Shared.Tests.dll" adapterTypeName="executor://mstestadapter/v2" className="Kitpymes.Core.Shared.Tests.StringExtensionsTests" name="ToFirstLetterLower_Passing_ValidValue_Returns_StringWithFirstLetterLower" />
    </UnitTest>
    <UnitTest name="ToDirectoryFileInfo_Passing_ValidValue_Returns_FileInfo" storage="d:\sferrari\01 - trabajo\repos\netcore\template-netcore-shared\kitpymes.core.shared.tests\bin\release\netcoreapp3.0\kitpymes.core.shared.tests.dll" id="7daaba64-d3ad-9109-43bf-bdb516b673b8">
      <Execution id="e9c0eb3c-2cb1-4cd4-bbc9-8fda30d6d815" />
      <TestMethod codeBase="D:\SFERRARI\01 - TRABAJO\REPOS\netcore\template-netcore-shared\Kitpymes.Core.Shared.Tests\bin\Release\netcoreapp3.0\Kitpymes.Core.Shared.Tests.dll" adapterTypeName="executor://mstestadapter/v2" className="Kitpymes.Core.Shared.Tests.StringExtensionsTests" name="ToDirectoryFileInfo_Passing_ValidValue_Returns_FileInfo" />
    </UnitTest>
    <UnitTest name="ToDefaultValue_Passing_ValidStruct_Returns_DefaultValue" storage="d:\sferrari\01 - trabajo\repos\netcore\template-netcore-shared\kitpymes.core.shared.tests\bin\release\netcoreapp3.0\kitpymes.core.shared.tests.dll" id="ffa669f9-8e25-a33b-f8f7-c3ba4a576a2b">
      <Execution id="ce704ea4-0a78-4b35-bf67-ed64df410854" />
      <TestMethod codeBase="D:\SFERRARI\01 - TRABAJO\REPOS\netcore\template-netcore-shared\Kitpymes.Core.Shared.Tests\bin\Release\netcoreapp3.0\Kitpymes.Core.Shared.Tests.dll" adapterTypeName="executor://mstestadapter/v2" className="Kitpymes.Core.Shared.Tests.TypeExtensionsTests" name="ToDefaultValue_Passing_ValidStruct_Returns_DefaultValue" />
    </UnitTest>
    <UnitTest name="ToEnum_Passing_InvalidValueInt_Returns_EnumCustomValue" storage="d:\sferrari\01 - trabajo\repos\netcore\template-netcore-shared\kitpymes.core.shared.tests\bin\release\netcoreapp3.0\kitpymes.core.shared.tests.dll" id="1064d8aa-5d0e-6bf5-83ee-952a4d1fd93b">
      <Execution id="98313454-a198-4a51-bfde-8788a3ce7c1f" />
      <TestMethod codeBase="D:\SFERRARI\01 - TRABAJO\REPOS\netcore\template-netcore-shared\Kitpymes.Core.Shared.Tests\bin\Release\netcoreapp3.0\Kitpymes.Core.Shared.Tests.dll" adapterTypeName="executor://mstestadapter/v2" className="Kitpymes.Core.Shared.Tests.StringExtensionsTests" name="ToEnum_Passing_InvalidValueInt_Returns_EnumCustomValue" />
    </UnitTest>
    <UnitTest name="ToEnum_Passing_ValidValueInt_Returns_EnumValue" storage="d:\sferrari\01 - trabajo\repos\netcore\template-netcore-shared\kitpymes.core.shared.tests\bin\release\netcoreapp3.0\kitpymes.core.shared.tests.dll" id="96f263a8-e1d9-0070-21ba-583144d2d030">
      <Execution id="947fe6ee-324e-4a76-b9e7-1c3231a06939" />
      <TestMethod codeBase="D:\SFERRARI\01 - TRABAJO\REPOS\netcore\template-netcore-shared\Kitpymes.Core.Shared.Tests\bin\Release\netcoreapp3.0\Kitpymes.Core.Shared.Tests.dll" adapterTypeName="executor://mstestadapter/v2" className="Kitpymes.Core.Shared.Tests.StringExtensionsTests" name="ToEnum_Passing_ValidValueInt_Returns_EnumValue" />
    </UnitTest>
    <UnitTest name="ToDeserialize_Passing_String_Returns_Object" storage="d:\sferrari\01 - trabajo\repos\netcore\template-netcore-shared\kitpymes.core.shared.tests\bin\release\netcoreapp3.0\kitpymes.core.shared.tests.dll" id="678a7b5d-e2f9-09be-f35f-0e3e4d5ad033">
      <Execution id="7ada71ce-dce7-4f5a-a5aa-aac898c61a35" />
      <TestMethod codeBase="D:\SFERRARI\01 - TRABAJO\REPOS\netcore\template-netcore-shared\Kitpymes.Core.Shared.Tests\bin\Release\netcoreapp3.0\Kitpymes.Core.Shared.Tests.dll" adapterTypeName="executor://mstestadapter/v2" className="Kitpymes.Core.Shared.Tests.JsonExtensionsTests" name="ToDeserialize_Passing_String_Returns_Object" />
    </UnitTest>
    <UnitTest name="ToDefaultValue_Passing_ulong_Returns_Cero" storage="d:\sferrari\01 - trabajo\repos\netcore\template-netcore-shared\kitpymes.core.shared.tests\bin\release\netcoreapp3.0\kitpymes.core.shared.tests.dll" id="aeb559a5-c285-7ab9-baee-1cb152d1742f">
      <Execution id="cc51fe90-b2c1-4580-ba81-81d33a666596" />
      <TestMethod codeBase="D:\SFERRARI\01 - TRABAJO\REPOS\netcore\template-netcore-shared\Kitpymes.Core.Shared.Tests\bin\Release\netcoreapp3.0\Kitpymes.Core.Shared.Tests.dll" adapterTypeName="executor://mstestadapter/v2" className="Kitpymes.Core.Shared.Tests.GenericExtensionsTests" name="ToDefaultValue_Passing_ulong_Returns_Cero" />
    </UnitTest>
    <UnitTest name="ToGet_Passing_Claims_Returns_Claim_Value_Int" storage="d:\sferrari\01 - trabajo\repos\netcore\template-netcore-shared\kitpymes.core.shared.tests\bin\release\netcoreapp3.0\kitpymes.core.shared.tests.dll" id="209cbba1-d5fa-4810-2cb6-ee92ce2e109d">
      <Execution id="2b2301f4-ff5b-4b59-98fe-dab2c655103b" />
      <TestMethod codeBase="D:\SFERRARI\01 - TRABAJO\REPOS\netcore\template-netcore-shared\Kitpymes.Core.Shared.Tests\bin\Release\netcoreapp3.0\Kitpymes.Core.Shared.Tests.dll" adapterTypeName="executor://mstestadapter/v2" className="Kitpymes.Core.Shared.Tests.ClaimsPrincipalExtensionsTests" name="ToGet_Passing_Claims_Returns_Claim_Value_Int" />
    </UnitTest>
    <UnitTest name="ToEnvironment_Passing_Production_Enviroment_Returns_Production_Name" storage="d:\sferrari\01 - trabajo\repos\netcore\template-netcore-shared\kitpymes.core.shared.tests\bin\release\netcoreapp3.0\kitpymes.core.shared.tests.dll" id="31126d50-f667-908c-85f3-09f9d9272df9">
      <Execution id="5aaa9c37-a912-49c7-aa6e-c4de1893571a" />
      <TestMethod codeBase="D:\SFERRARI\01 - TRABAJO\REPOS\netcore\template-netcore-shared\Kitpymes.Core.Shared.Tests\bin\Release\netcoreapp3.0\Kitpymes.Core.Shared.Tests.dll" adapterTypeName="executor://mstestadapter/v2" className="Kitpymes.Core.Shared.Tests.ApplicationBuilderExtensionsTests" name="ToEnvironment_Passing_Production_Enviroment_Returns_Production_Name" />
    </UnitTest>
    <UnitTest name="ToReplace_Passing_ValidValue_Returns_ReplacedValue" storage="d:\sferrari\01 - trabajo\repos\netcore\template-netcore-shared\kitpymes.core.shared.tests\bin\release\netcoreapp3.0\kitpymes.core.shared.tests.dll" id="04084e8e-c859-4ef5-e2a7-4fb2803cb2a3">
      <Execution id="b48e30ed-8683-4ea4-8d54-ce551307b759" />
      <TestMethod codeBase="D:\SFERRARI\01 - TRABAJO\REPOS\netcore\template-netcore-shared\Kitpymes.Core.Shared.Tests\bin\Release\netcoreapp3.0\Kitpymes.Core.Shared.Tests.dll" adapterTypeName="executor://mstestadapter/v2" className="Kitpymes.Core.Shared.Tests.StringExtensionsTests" name="ToReplace_Passing_ValidValue_Returns_ReplacedValue" />
    </UnitTest>
    <UnitTest name="ToUserName_Passing_Invalid_ClaimsPrincipal_Returns_Null" storage="d:\sferrari\01 - trabajo\repos\netcore\template-netcore-shared\kitpymes.core.shared.tests\bin\release\netcoreapp3.0\kitpymes.core.shared.tests.dll" id="26cc48e2-5e82-bc12-cf41-e3a984599b8d">
      <Execution id="0db024e3-d641-4a35-9c3d-3f850ab37788" />
      <TestMethod codeBase="D:\SFERRARI\01 - TRABAJO\REPOS\netcore\template-netcore-shared\Kitpymes.Core.Shared.Tests\bin\Release\netcoreapp3.0\Kitpymes.Core.Shared.Tests.dll" adapterTypeName="executor://mstestadapter/v2" className="Kitpymes.Core.Shared.Tests.ClaimsPrincipalExtensionsTests" name="ToUserName_Passing_Invalid_ClaimsPrincipal_Returns_Null" />
    </UnitTest>
    <UnitTest name="ToWhere_Passing_Null_Predicate_Returns_Same_List" storage="d:\sferrari\01 - trabajo\repos\netcore\template-netcore-shared\kitpymes.core.shared.tests\bin\release\netcoreapp3.0\kitpymes.core.shared.tests.dll" id="6bd61990-78b5-76ea-0df5-0c13c388bdc0">
      <Execution id="b923fa1a-4ac3-416b-8619-a154b6f0eda1" />
      <TestMethod codeBase="D:\SFERRARI\01 - TRABAJO\REPOS\netcore\template-netcore-shared\Kitpymes.Core.Shared.Tests\bin\Release\netcoreapp3.0\Kitpymes.Core.Shared.Tests.dll" adapterTypeName="executor://mstestadapter/v2" className="Kitpymes.Core.Shared.Tests.QueryableExtensionsTests" name="ToWhere_Passing_Null_Predicate_Returns_Same_List" />
    </UnitTest>
    <UnitTest name="ToString_Passing_Valid_Collection_Returns_String_With_Default_Separator" storage="d:\sferrari\01 - trabajo\repos\netcore\template-netcore-shared\kitpymes.core.shared.tests\bin\release\netcoreapp3.0\kitpymes.core.shared.tests.dll" id="07d50dfb-3195-c832-23d2-97ae667f2010">
      <Execution id="8d8278ae-985f-4f14-9fe6-5006b48a4088" />
      <TestMethod codeBase="D:\SFERRARI\01 - TRABAJO\REPOS\netcore\template-netcore-shared\Kitpymes.Core.Shared.Tests\bin\Release\netcoreapp3.0\Kitpymes.Core.Shared.Tests.dll" adapterTypeName="executor://mstestadapter/v2" className="Kitpymes.Core.Shared.Tests.EnumerableExtensionsTests" name="ToString_Passing_Valid_Collection_Returns_String_With_Default_Separator" />
    </UnitTest>
    <UnitTest name="ToConfiguration_Passing_Valid_DirectoryPath_Invalid_JsonFileName_Not_Optional_Returns_ApplicationException" storage="d:\sferrari\01 - trabajo\repos\netcore\template-netcore-shared\kitpymes.core.shared.tests\bin\release\netcoreapp3.0\kitpymes.core.shared.tests.dll" id="bf48e581-43e6-7660-c4f4-1b7deb1f0ed9">
      <Execution id="e4f78da9-e419-4f46-acb5-67eecb320542" />
      <TestMethod codeBase="D:\SFERRARI\01 - TRABAJO\REPOS\netcore\template-netcore-shared\Kitpymes.Core.Shared.Tests\bin\Release\netcoreapp3.0\Kitpymes.Core.Shared.Tests.dll" adapterTypeName="executor://mstestadapter/v2" className="Kitpymes.Core.Shared.Tests.ConfigurationBuilderExtensionsTests" name="ToConfiguration_Passing_Valid_DirectoryPath_Invalid_JsonFileName_Not_Optional_Returns_ApplicationException" />
    </UnitTest>
    <UnitTest name="ToDefaultValue_Passing_ValidInt_Returns_DefaultValue" storage="d:\sferrari\01 - trabajo\repos\netcore\template-netcore-shared\kitpymes.core.shared.tests\bin\release\netcoreapp3.0\kitpymes.core.shared.tests.dll" id="e37f41d3-77a8-1acd-c258-fbb5b724b134">
      <Execution id="c0aa5282-1537-4f46-b07d-d083e22231e5" />
      <TestMethod codeBase="D:\SFERRARI\01 - TRABAJO\REPOS\netcore\template-netcore-shared\Kitpymes.Core.Shared.Tests\bin\Release\netcoreapp3.0\Kitpymes.Core.Shared.Tests.dll" adapterTypeName="executor://mstestadapter/v2" className="Kitpymes.Core.Shared.Tests.TypeExtensionsTests" name="ToDefaultValue_Passing_ValidInt_Returns_DefaultValue" />
    </UnitTest>
    <UnitTest name="ToUri_Passing_ValidValueString_Returns_Uri" storage="d:\sferrari\01 - trabajo\repos\netcore\template-netcore-shared\kitpymes.core.shared.tests\bin\release\netcoreapp3.0\kitpymes.core.shared.tests.dll" id="30809299-0e3e-4ac7-4a2a-6f8c296d2226">
      <Execution id="b0c15609-a4af-4f7e-9b3e-370273af61eb" />
      <TestMethod codeBase="D:\SFERRARI\01 - TRABAJO\REPOS\netcore\template-netcore-shared\Kitpymes.Core.Shared.Tests\bin\Release\netcoreapp3.0\Kitpymes.Core.Shared.Tests.dll" adapterTypeName="executor://mstestadapter/v2" className="Kitpymes.Core.Shared.Tests.StringExtensionsTests" name="ToUri_Passing_ValidValueString_Returns_Uri" />
    </UnitTest>
    <UnitTest name="ToMessage_Passing_ExceptionWithMessage_Returns_Message" storage="d:\sferrari\01 - trabajo\repos\netcore\template-netcore-shared\kitpymes.core.shared.tests\bin\release\netcoreapp3.0\kitpymes.core.shared.tests.dll" id="0cb5eb43-9273-0bdf-bd18-53b184535503">
      <Execution id="3694b1da-4031-4b79-8687-fc661ff12b08" />
      <TestMethod codeBase="D:\SFERRARI\01 - TRABAJO\REPOS\netcore\template-netcore-shared\Kitpymes.Core.Shared.Tests\bin\Release\netcoreapp3.0\Kitpymes.Core.Shared.Tests.dll" adapterTypeName="executor://mstestadapter/v2" className="Kitpymes.Core.Shared.Tests.ExceptionExtensionsTests" name="ToMessage_Passing_ExceptionWithMessage_Returns_Message" />
    </UnitTest>
    <UnitTest name="ToMapList_Passing_Source_Type_And_Destination_Type_Returns_Destination_Object_List" storage="d:\sferrari\01 - trabajo\repos\netcore\template-netcore-shared\kitpymes.core.shared.tests\bin\release\netcoreapp3.0\kitpymes.core.shared.tests.dll" id="f8b74494-d277-7173-e694-2a4d463a4607">
      <Execution id="a04abc7c-70ef-4c56-bcdc-057fb645f24c" />
      <TestMethod codeBase="D:\SFERRARI\01 - TRABAJO\REPOS\netcore\template-netcore-shared\Kitpymes.Core.Shared.Tests\bin\Release\netcoreapp3.0\Kitpymes.Core.Shared.Tests.dll" adapterTypeName="executor://mstestadapter/v2" className="Kitpymes.Core.Shared.Tests.AgileMapperExtensionsTests" name="ToMapList_Passing_Source_Type_And_Destination_Type_Returns_Destination_Object_List" />
    </UnitTest>
    <UnitTest name="ToGet_Passing_Claims_Returns_Claim_Value_String" storage="d:\sferrari\01 - trabajo\repos\netcore\template-netcore-shared\kitpymes.core.shared.tests\bin\release\netcoreapp3.0\kitpymes.core.shared.tests.dll" id="0c633595-70e8-b011-5a46-c9c7e1687cb9">
      <Execution id="1ac52d68-f5b2-4f10-977b-980f379b759f" />
      <TestMethod codeBase="D:\SFERRARI\01 - TRABAJO\REPOS\netcore\template-netcore-shared\Kitpymes.Core.Shared.Tests\bin\Release\netcoreapp3.0\Kitpymes.Core.Shared.Tests.dll" adapterTypeName="executor://mstestadapter/v2" className="Kitpymes.Core.Shared.Tests.ClaimsPrincipalExtensionsTests" name="ToGet_Passing_Claims_Returns_Claim_Value_String" />
    </UnitTest>
    <UnitTest name="ToHashAlgorithmName_Passing_ValidValueString_Returns_HashAlgorithmName" storage="d:\sferrari\01 - trabajo\repos\netcore\template-netcore-shared\kitpymes.core.shared.tests\bin\release\netcoreapp3.0\kitpymes.core.shared.tests.dll" id="cd004a9f-a0f6-2fdf-aeae-1890f4ab8e71">
      <Execution id="964c8e23-1988-448e-9d05-a765014c9597" />
      <TestMethod codeBase="D:\SFERRARI\01 - TRABAJO\REPOS\netcore\template-netcore-shared\Kitpymes.Core.Shared.Tests\bin\Release\netcoreapp3.0\Kitpymes.Core.Shared.Tests.dll" adapterTypeName="executor://mstestadapter/v2" className="Kitpymes.Core.Shared.Tests.StringExtensionsTests" name="ToHashAlgorithmName_Passing_ValidValueString_Returns_HashAlgorithmName" />
    </UnitTest>
    <UnitTest name="ToExists_Passing_Valid_Service_Returns_True" storage="d:\sferrari\01 - trabajo\repos\netcore\template-netcore-shared\kitpymes.core.shared.tests\bin\release\netcoreapp3.0\kitpymes.core.shared.tests.dll" id="e2880a6e-7a01-b4ba-86fb-4d33be072972">
      <Execution id="01a0df1e-e01f-4f67-85a3-7f3662573ffd" />
      <TestMethod codeBase="D:\SFERRARI\01 - TRABAJO\REPOS\netcore\template-netcore-shared\Kitpymes.Core.Shared.Tests\bin\Release\netcoreapp3.0\Kitpymes.Core.Shared.Tests.dll" adapterTypeName="executor://mstestadapter/v2" className="Kitpymes.Core.Shared.Tests.ConfigurationBuilderExtensionsTests" name="ToExists_Passing_Valid_Service_Returns_True" />
    </UnitTest>
    <UnitTest name="ToFullMessage_Passing_ExceptionWithMessageWithInnerException_Returns_Full_Message" storage="d:\sferrari\01 - trabajo\repos\netcore\template-netcore-shared\kitpymes.core.shared.tests\bin\release\netcoreapp3.0\kitpymes.core.shared.tests.dll" id="e1a72c94-958d-7abb-4a96-4b60b12f8157">
      <Execution id="cd1f8a88-5f30-4025-a738-ecb584b25ed5" />
      <TestMethod codeBase="D:\SFERRARI\01 - TRABAJO\REPOS\netcore\template-netcore-shared\Kitpymes.Core.Shared.Tests\bin\Release\netcoreapp3.0\Kitpymes.Core.Shared.Tests.dll" adapterTypeName="executor://mstestadapter/v2" className="Kitpymes.Core.Shared.Tests.ExceptionExtensionsTests" name="ToFullMessage_Passing_ExceptionWithMessageWithInnerException_Returns_Full_Message" />
    </UnitTest>
    <UnitTest name="ToEnum_Passing_InvalidValueString_Returns_EnumDefaultValue" storage="d:\sferrari\01 - trabajo\repos\netcore\template-netcore-shared\kitpymes.core.shared.tests\bin\release\netcoreapp3.0\kitpymes.core.shared.tests.dll" id="31ff6168-d18d-0013-7c18-0ff775714202">
      <Execution id="68eceb36-e6a4-4aa4-aa5b-0f956df7d857" />
      <TestMethod codeBase="D:\SFERRARI\01 - TRABAJO\REPOS\netcore\template-netcore-shared\Kitpymes.Core.Shared.Tests\bin\Release\netcoreapp3.0\Kitpymes.Core.Shared.Tests.dll" adapterTypeName="executor://mstestadapter/v2" className="Kitpymes.Core.Shared.Tests.StringExtensionsTests" name="ToEnum_Passing_InvalidValueString_Returns_EnumDefaultValue" />
    </UnitTest>
    <UnitTest name="ToDirectoryReadFileAsync_Passing_ValidValue_Returns_False" storage="d:\sferrari\01 - trabajo\repos\netcore\template-netcore-shared\kitpymes.core.shared.tests\bin\release\netcoreapp3.0\kitpymes.core.shared.tests.dll" id="29295413-2308-fade-9c98-0e9ed6c67839">
      <Execution id="b4f40ab7-5a28-4cb2-9979-f232afd4b025" />
      <TestMethod codeBase="D:\SFERRARI\01 - TRABAJO\REPOS\netcore\template-netcore-shared\Kitpymes.Core.Shared.Tests\bin\Release\netcoreapp3.0\Kitpymes.Core.Shared.Tests.dll" adapterTypeName="executor://mstestadapter/v2" className="Kitpymes.Core.Shared.Tests.StringExtensionsTests" name="ToDirectoryReadFileAsync_Passing_ValidValue_Returns_False" />
    </UnitTest>
    <UnitTest name="ToExists_Passing_Service_Not_Found_Returns_False" storage="d:\sferrari\01 - trabajo\repos\netcore\template-netcore-shared\kitpymes.core.shared.tests\bin\release\netcoreapp3.0\kitpymes.core.shared.tests.dll" id="074815db-ddf2-9c1f-0fef-7f709183591e">
      <Execution id="3e788c03-35fb-4d60-a376-f5d75d839d3e" />
      <TestMethod codeBase="D:\SFERRARI\01 - TRABAJO\REPOS\netcore\template-netcore-shared\Kitpymes.Core.Shared.Tests\bin\Release\netcoreapp3.0\Kitpymes.Core.Shared.Tests.dll" adapterTypeName="executor://mstestadapter/v2" className="Kitpymes.Core.Shared.Tests.ApplicationBuilderExtensionsTests" name="ToExists_Passing_Service_Not_Found_Returns_False" />
    </UnitTest>
    <UnitTest name="ToDefaultValue_Passing_sbyte_Returns_Cero" storage="d:\sferrari\01 - trabajo\repos\netcore\template-netcore-shared\kitpymes.core.shared.tests\bin\release\netcoreapp3.0\kitpymes.core.shared.tests.dll" id="19a313ce-6632-bd6f-bb7e-c2dc7bcf20eb">
      <Execution id="321f20e2-0a5d-4ea2-98f2-d2b6747955b8" />
      <TestMethod codeBase="D:\SFERRARI\01 - TRABAJO\REPOS\netcore\template-netcore-shared\Kitpymes.Core.Shared.Tests\bin\Release\netcoreapp3.0\Kitpymes.Core.Shared.Tests.dll" adapterTypeName="executor://mstestadapter/v2" className="Kitpymes.Core.Shared.Tests.GenericExtensionsTests" name="ToDefaultValue_Passing_sbyte_Returns_Cero" />
    </UnitTest>
    <UnitTest name="ToValues_Passing_ValidEnumType_Returns_ValuesListString" storage="d:\sferrari\01 - trabajo\repos\netcore\template-netcore-shared\kitpymes.core.shared.tests\bin\release\netcoreapp3.0\kitpymes.core.shared.tests.dll" id="0cfd0c7c-1a61-7d19-c2fa-3c8a47ccf09c">
      <Execution id="0a85e935-efb6-4127-8e9b-d77fcda896fc" />
      <TestMethod codeBase="D:\SFERRARI\01 - TRABAJO\REPOS\netcore\template-netcore-shared\Kitpymes.Core.Shared.Tests\bin\Release\netcoreapp3.0\Kitpymes.Core.Shared.Tests.dll" adapterTypeName="executor://mstestadapter/v2" className="Kitpymes.Core.Shared.Tests.EnumsTests" name="ToValues_Passing_ValidEnumType_Returns_ValuesListString" />
    </UnitTest>
    <UnitTest name="ToEnvironment_Passing_Development_Enviroment_Returns_Development_Name" storage="d:\sferrari\01 - trabajo\repos\netcore\template-netcore-shared\kitpymes.core.shared.tests\bin\release\netcoreapp3.0\kitpymes.core.shared.tests.dll" id="1c5de28c-f1b3-c94d-8e43-201eab8c2ff8">
      <Execution id="d063269f-6149-4b79-bb52-bf256c842f4e" />
      <TestMethod codeBase="D:\SFERRARI\01 - TRABAJO\REPOS\netcore\template-netcore-shared\Kitpymes.Core.Shared.Tests\bin\Release\netcoreapp3.0\Kitpymes.Core.Shared.Tests.dll" adapterTypeName="executor://mstestadapter/v2" className="Kitpymes.Core.Shared.Tests.ApplicationBuilderExtensionsTests" name="ToEnvironment_Passing_Development_Enviroment_Returns_Development_Name" />
    </UnitTest>
    <UnitTest name="ToEnum_Passing_InvalidValueString_Returns_EnumCustomValue" storage="d:\sferrari\01 - trabajo\repos\netcore\template-netcore-shared\kitpymes.core.shared.tests\bin\release\netcoreapp3.0\kitpymes.core.shared.tests.dll" id="7c09a438-5465-f760-64b2-23d25fc199f5">
      <Execution id="fdb3167a-5a4e-4ec1-946d-ede2ac1ed833" />
      <TestMethod codeBase="D:\SFERRARI\01 - TRABAJO\REPOS\netcore\template-netcore-shared\Kitpymes.Core.Shared.Tests\bin\Release\netcoreapp3.0\Kitpymes.Core.Shared.Tests.dll" adapterTypeName="executor://mstestadapter/v2" className="Kitpymes.Core.Shared.Tests.StringExtensionsTests" name="ToEnum_Passing_InvalidValueString_Returns_EnumCustomValue" />
    </UnitTest>
    <UnitTest name="IsPassword_Passing_InvalidArguments_Returns_HasErrorsAndCount" storage="d:\sferrari\01 - trabajo\repos\netcore\template-netcore-shared\kitpymes.core.shared.tests\bin\release\netcoreapp3.0\kitpymes.core.shared.tests.dll" id="220e18c9-f841-c623-c1aa-300e190b4f6d">
      <Execution id="16704174-bd89-4336-98a8-990309dbfbec" />
      <TestMethod codeBase="D:\SFERRARI\01 - TRABAJO\REPOS\netcore\template-netcore-shared\Kitpymes.Core.Shared.Tests\bin\Release\netcoreapp3.0\Kitpymes.Core.Shared.Tests.dll" adapterTypeName="executor://mstestadapter/v2" className="Kitpymes.Core.Shared.Tests.CheckTests" name="IsPassword_Passing_InvalidArguments_Returns_HasErrorsAndCount" />
    </UnitTest>
    <UnitTest name="ToEnvironment_ServiceCollection_Passing_Production_Enviroment_Returns_Production_Name" storage="d:\sferrari\01 - trabajo\repos\netcore\template-netcore-shared\kitpymes.core.shared.tests\bin\release\netcoreapp3.0\kitpymes.core.shared.tests.dll" id="15fe55e5-cdce-6280-ea15-ef777735767c">
      <Execution id="0edb54e9-29a9-4b8c-960d-4438c854cb5b" />
      <TestMethod codeBase="D:\SFERRARI\01 - TRABAJO\REPOS\netcore\template-netcore-shared\Kitpymes.Core.Shared.Tests\bin\Release\netcoreapp3.0\Kitpymes.Core.Shared.Tests.dll" adapterTypeName="executor://mstestadapter/v2" className="Kitpymes.Core.Shared.Tests.ConfigurationBuilderExtensionsTests" name="ToEnvironment_ServiceCollection_Passing_Production_Enviroment_Returns_Production_Name" />
    </UnitTest>
    <UnitTest name="ToAuthenticationType_Passing_Claims_Returns_Null" storage="d:\sferrari\01 - trabajo\repos\netcore\template-netcore-shared\kitpymes.core.shared.tests\bin\release\netcoreapp3.0\kitpymes.core.shared.tests.dll" id="34e0940c-fc9c-71db-fc18-7d52ee8761a0">
      <Execution id="e3a4f66d-ff7d-43f0-98da-cdda7efeaa99" />
      <TestMethod codeBase="D:\SFERRARI\01 - TRABAJO\REPOS\netcore\template-netcore-shared\Kitpymes.Core.Shared.Tests\bin\Release\netcoreapp3.0\Kitpymes.Core.Shared.Tests.dll" adapterTypeName="executor://mstestadapter/v2" className="Kitpymes.Core.Shared.Tests.ClaimsPrincipalExtensionsTests" name="ToAuthenticationType_Passing_Claims_Returns_Null" />
    </UnitTest>
    <UnitTest name="ToStringFormat_Passing_ValidValue_Returns_ValueWithoutRemovedChars" storage="d:\sferrari\01 - trabajo\repos\netcore\template-netcore-shared\kitpymes.core.shared.tests\bin\release\netcoreapp3.0\kitpymes.core.shared.tests.dll" id="a1095294-226e-a0f0-0154-11290289c9db">
      <Execution id="d5394298-6b7f-4ff6-a6a3-6b6605dacdf4" />
      <TestMethod codeBase="D:\SFERRARI\01 - TRABAJO\REPOS\netcore\template-netcore-shared\Kitpymes.Core.Shared.Tests\bin\Release\netcoreapp3.0\Kitpymes.Core.Shared.Tests.dll" adapterTypeName="executor://mstestadapter/v2" className="Kitpymes.Core.Shared.Tests.IntegerExtensionsTests" name="ToStringFormat_Passing_ValidValue_Returns_ValueWithoutRemovedChars" />
    </UnitTest>
    <UnitTest name="ToConfigureOrDefault_Passing_ActionCustomValues_Returns_CustomValues" storage="d:\sferrari\01 - trabajo\repos\netcore\template-netcore-shared\kitpymes.core.shared.tests\bin\release\netcoreapp3.0\kitpymes.core.shared.tests.dll" id="313cfb2c-8c3b-337b-12f8-296f8611376d">
      <Execution id="215f07a9-93c4-4eee-88d2-514f99b702e0" />
      <TestMethod codeBase="D:\SFERRARI\01 - TRABAJO\REPOS\netcore\template-netcore-shared\Kitpymes.Core.Shared.Tests\bin\Release\netcoreapp3.0\Kitpymes.Core.Shared.Tests.dll" adapterTypeName="executor://mstestadapter/v2" className="Kitpymes.Core.Shared.Tests.ActionExtensionsTests" name="ToConfigureOrDefault_Passing_ActionCustomValues_Returns_CustomValues" />
    </UnitTest>
    <UnitTest name="ToMapMerge_Passing_Destination_Object_Returns_Merged_Destination_Object" storage="d:\sferrari\01 - trabajo\repos\netcore\template-netcore-shared\kitpymes.core.shared.tests\bin\release\netcoreapp3.0\kitpymes.core.shared.tests.dll" id="ab274dac-b194-4e0f-6fab-a20667b535a8">
      <Execution id="78ee1fef-22c1-4222-ac4a-248ac480951a" />
      <TestMethod codeBase="D:\SFERRARI\01 - TRABAJO\REPOS\netcore\template-netcore-shared\Kitpymes.Core.Shared.Tests\bin\Release\netcoreapp3.0\Kitpymes.Core.Shared.Tests.dll" adapterTypeName="executor://mstestadapter/v2" className="Kitpymes.Core.Shared.Tests.AgileMapperExtensionsTests" name="ToMapMerge_Passing_Destination_Object_Returns_Merged_Destination_Object" />
    </UnitTest>
    <UnitTest name="IsGreater_Passing_InvalidArguments_Returns_HasErrorsAndCount" storage="d:\sferrari\01 - trabajo\repos\netcore\template-netcore-shared\kitpymes.core.shared.tests\bin\release\netcoreapp3.0\kitpymes.core.shared.tests.dll" id="1c5fe271-1e90-52f5-1f31-436b17e57702">
      <Execution id="6b674f82-32ed-4cab-aa25-719f03d8ec97" />
      <TestMethod codeBase="D:\SFERRARI\01 - TRABAJO\REPOS\netcore\template-netcore-shared\Kitpymes.Core.Shared.Tests\bin\Release\netcoreapp3.0\Kitpymes.Core.Shared.Tests.dll" adapterTypeName="executor://mstestadapter/v2" className="Kitpymes.Core.Shared.Tests.CheckTests" name="IsGreater_Passing_InvalidArguments_Returns_HasErrorsAndCount" />
    </UnitTest>
    <UnitTest name="ToEnum_Passing_ValidValue_String_Returns_EnumValue" storage="d:\sferrari\01 - trabajo\repos\netcore\template-netcore-shared\kitpymes.core.shared.tests\bin\release\netcoreapp3.0\kitpymes.core.shared.tests.dll" id="605637df-9854-875b-b3aa-6675f3fbd045">
      <Execution id="0a919d32-e807-4391-a24f-d952e383a6af" />
      <TestMethod codeBase="D:\SFERRARI\01 - TRABAJO\REPOS\netcore\template-netcore-shared\Kitpymes.Core.Shared.Tests\bin\Release\netcoreapp3.0\Kitpymes.Core.Shared.Tests.dll" adapterTypeName="executor://mstestadapter/v2" className="Kitpymes.Core.Shared.Tests.StringExtensionsTests" name="ToEnum_Passing_ValidValue_String_Returns_EnumValue" />
    </UnitTest>
    <UnitTest name="ToHeader_Passing_HttpRequest_Header_Value_Returns_Value" storage="d:\sferrari\01 - trabajo\repos\netcore\template-netcore-shared\kitpymes.core.shared.tests\bin\release\netcoreapp3.0\kitpymes.core.shared.tests.dll" id="4a2e80a7-472b-b7f7-ba61-ac77aed5735d">
      <Execution id="849b6afa-dfdc-4152-b076-abe06c8949a2" />
      <TestMethod codeBase="D:\SFERRARI\01 - TRABAJO\REPOS\netcore\template-netcore-shared\Kitpymes.Core.Shared.Tests\bin\Release\netcoreapp3.0\Kitpymes.Core.Shared.Tests.dll" adapterTypeName="executor://mstestadapter/v2" className="Kitpymes.Core.Shared.Tests.HttpRequestExtensionsTests" name="ToHeader_Passing_HttpRequest_Header_Value_Returns_Value" />
    </UnitTest>
    <UnitTest name="ToInt_Passing_Enumeration_Name_Returns_Description_Atributte" storage="d:\sferrari\01 - trabajo\repos\netcore\template-netcore-shared\kitpymes.core.shared.tests\bin\release\netcoreapp3.0\kitpymes.core.shared.tests.dll" id="c63cd623-e636-5730-a1fa-b18ae782acc7">
      <Execution id="fdc6f0fb-5c9d-4246-aa57-48872cf8022e" />
      <TestMethod codeBase="D:\SFERRARI\01 - TRABAJO\REPOS\netcore\template-netcore-shared\Kitpymes.Core.Shared.Tests\bin\Release\netcoreapp3.0\Kitpymes.Core.Shared.Tests.dll" adapterTypeName="executor://mstestadapter/v2" className="Kitpymes.Core.Shared.Tests.EnumExtensionsTests" name="ToInt_Passing_Enumeration_Name_Returns_Description_Atributte" />
    </UnitTest>
    <UnitTest name="ToDefaultValue_Passing_float_Returns_Cero" storage="d:\sferrari\01 - trabajo\repos\netcore\template-netcore-shared\kitpymes.core.shared.tests\bin\release\netcoreapp3.0\kitpymes.core.shared.tests.dll" id="e0f7dcd9-f363-be9c-de11-457f6a575bee">
      <Execution id="1a35e8fe-258a-4423-b091-e19b76f061b0" />
      <TestMethod codeBase="D:\SFERRARI\01 - TRABAJO\REPOS\netcore\template-netcore-shared\Kitpymes.Core.Shared.Tests\bin\Release\netcoreapp3.0\Kitpymes.Core.Shared.Tests.dll" adapterTypeName="executor://mstestadapter/v2" className="Kitpymes.Core.Shared.Tests.GenericExtensionsTests" name="ToDefaultValue_Passing_float_Returns_Cero" />
    </UnitTest>
    <UnitTest name="ToMapUpdate_Passing_Destination_Object_Returns_Updated_Destination_Object" storage="d:\sferrari\01 - trabajo\repos\netcore\template-netcore-shared\kitpymes.core.shared.tests\bin\release\netcoreapp3.0\kitpymes.core.shared.tests.dll" id="71a1897b-b713-c047-1c23-5efdff095b20">
      <Execution id="586728bb-1bba-418d-bcf0-581b462b26a2" />
      <TestMethod codeBase="D:\SFERRARI\01 - TRABAJO\REPOS\netcore\template-netcore-shared\Kitpymes.Core.Shared.Tests\bin\Release\netcoreapp3.0\Kitpymes.Core.Shared.Tests.dll" adapterTypeName="executor://mstestadapter/v2" className="Kitpymes.Core.Shared.Tests.AgileMapperExtensionsTests" name="ToMapUpdate_Passing_Destination_Object_Returns_Updated_Destination_Object" />
    </UnitTest>
    <UnitTest name="ToNormalize_Passing_ValidValue_Returns_NormalizedValue" storage="d:\sferrari\01 - trabajo\repos\netcore\template-netcore-shared\kitpymes.core.shared.tests\bin\release\netcoreapp3.0\kitpymes.core.shared.tests.dll" id="7dc20d31-477c-3765-83c0-7575a504da96">
      <Execution id="a5d60d8f-d23d-4c7d-911e-37ba2f283fdc" />
      <TestMethod codeBase="D:\SFERRARI\01 - TRABAJO\REPOS\netcore\template-netcore-shared\Kitpymes.Core.Shared.Tests\bin\Release\netcoreapp3.0\Kitpymes.Core.Shared.Tests.dll" adapterTypeName="executor://mstestadapter/v2" className="Kitpymes.Core.Shared.Tests.StringExtensionsTests" name="ToNormalize_Passing_ValidValue_Returns_NormalizedValue" />
    </UnitTest>
    <UnitTest name="ToService_Passing_Valid_Service_Returns_Service" storage="d:\sferrari\01 - trabajo\repos\netcore\template-netcore-shared\kitpymes.core.shared.tests\bin\release\netcoreapp3.0\kitpymes.core.shared.tests.dll" id="0b1e4893-9444-2235-b7fa-3782f9932212">
      <Execution id="f74875e1-1612-468d-a671-8c7337caee1c" />
      <TestMethod codeBase="D:\SFERRARI\01 - TRABAJO\REPOS\netcore\template-netcore-shared\Kitpymes.Core.Shared.Tests\bin\Release\netcoreapp3.0\Kitpymes.Core.Shared.Tests.dll" adapterTypeName="executor://mstestadapter/v2" className="Kitpymes.Core.Shared.Tests.ConfigurationBuilderExtensionsTests" name="ToService_Passing_Valid_Service_Returns_Service" />
    </UnitTest>
    <UnitTest name="ToContentType_Passing_ValidValueString_Returns_ContentType" storage="d:\sferrari\01 - trabajo\repos\netcore\template-netcore-shared\kitpymes.core.shared.tests\bin\release\netcoreapp3.0\kitpymes.core.shared.tests.dll" id="7be8a004-8e29-0f01-8ada-f15377193150">
      <Execution id="482a08eb-b5dc-4b64-b88c-75824613864a" />
      <TestMethod codeBase="D:\SFERRARI\01 - TRABAJO\REPOS\netcore\template-netcore-shared\Kitpymes.Core.Shared.Tests\bin\Release\netcoreapp3.0\Kitpymes.Core.Shared.Tests.dll" adapterTypeName="executor://mstestadapter/v2" className="Kitpymes.Core.Shared.Tests.StringExtensionsTests" name="ToContentType_Passing_ValidValueString_Returns_ContentType" />
    </UnitTest>
    <UnitTest name="ToHashAlgorithmName_Passing_InvalidValueLowerCaseStringWithDefaultValue_Returns_DefaultValue" storage="d:\sferrari\01 - trabajo\repos\netcore\template-netcore-shared\kitpymes.core.shared.tests\bin\release\netcoreapp3.0\kitpymes.core.shared.tests.dll" id="d5506b30-7041-6d90-bd03-bcd5b2479c40">
      <Execution id="e5df56c1-148f-4af5-84d0-9b27667157bf" />
      <TestMethod codeBase="D:\SFERRARI\01 - TRABAJO\REPOS\netcore\template-netcore-shared\Kitpymes.Core.Shared.Tests\bin\Release\netcoreapp3.0\Kitpymes.Core.Shared.Tests.dll" adapterTypeName="executor://mstestadapter/v2" className="Kitpymes.Core.Shared.Tests.StringExtensionsTests" name="ToHashAlgorithmName_Passing_InvalidValueLowerCaseStringWithDefaultValue_Returns_DefaultValue" />
    </UnitTest>
    <UnitTest name="ToSettings_Passing_Values_From_AppSettingsFile_Returns_Settings" storage="d:\sferrari\01 - trabajo\repos\netcore\template-netcore-shared\kitpymes.core.shared.tests\bin\release\netcoreapp3.0\kitpymes.core.shared.tests.dll" id="1577c538-d1be-5b59-2b09-8e59b0be5fcd">
      <Execution id="7fc857a1-3f5d-426f-8e48-9d13d25cb5c2" />
      <TestMethod codeBase="D:\SFERRARI\01 - TRABAJO\REPOS\netcore\template-netcore-shared\Kitpymes.Core.Shared.Tests\bin\Release\netcoreapp3.0\Kitpymes.Core.Shared.Tests.dll" adapterTypeName="executor://mstestadapter/v2" className="Kitpymes.Core.Shared.Tests.ConfigurationBuilderExtensionsTests" name="ToSettings_Passing_Values_From_AppSettingsFile_Returns_Settings" />
    </UnitTest>
    <UnitTest name="ToMapNew_Passing_TDestination_Returns_New_Destination_Object" storage="d:\sferrari\01 - trabajo\repos\netcore\template-netcore-shared\kitpymes.core.shared.tests\bin\release\netcoreapp3.0\kitpymes.core.shared.tests.dll" id="0ee8121e-b492-a57d-d072-de988a4e30f8">
      <Execution id="dee688e7-90ad-4533-9929-ba421a68e14b" />
      <TestMethod codeBase="D:\SFERRARI\01 - TRABAJO\REPOS\netcore\template-netcore-shared\Kitpymes.Core.Shared.Tests\bin\Release\netcoreapp3.0\Kitpymes.Core.Shared.Tests.dll" adapterTypeName="executor://mstestadapter/v2" className="Kitpymes.Core.Shared.Tests.AgileMapperExtensionsTests" name="ToMapNew_Passing_TDestination_Returns_New_Destination_Object" />
    </UnitTest>
    <UnitTest name="ToDictionaryPropertyInfo_Passing_Object_Not_IncludeNullOrEmptyProperty_Returns_Properties_NameAndValue_Dictionary" storage="d:\sferrari\01 - trabajo\repos\netcore\template-netcore-shared\kitpymes.core.shared.tests\bin\release\netcoreapp3.0\kitpymes.core.shared.tests.dll" id="eb3fbb45-8257-f4b8-0975-042f859a72bf">
      <Execution id="b36d923e-9628-417e-bae8-3f728148c4f0" />
      <TestMethod codeBase="D:\SFERRARI\01 - TRABAJO\REPOS\netcore\template-netcore-shared\Kitpymes.Core.Shared.Tests\bin\Release\netcoreapp3.0\Kitpymes.Core.Shared.Tests.dll" adapterTypeName="executor://mstestadapter/v2" className="Kitpymes.Core.Shared.Tests.GenericExtensionsTests" name="ToDictionaryPropertyInfo_Passing_Object_Not_IncludeNullOrEmptyProperty_Returns_Properties_NameAndValue_Dictionary" />
    </UnitTest>
    <UnitTest name="ToDefaultValue_Passing_decimal_Returns_Cero" storage="d:\sferrari\01 - trabajo\repos\netcore\template-netcore-shared\kitpymes.core.shared.tests\bin\release\netcoreapp3.0\kitpymes.core.shared.tests.dll" id="334e3485-05b4-4549-cacd-aef8fff10757">
      <Execution id="a347c312-0a73-4e51-a293-a8efa90f896d" />
      <TestMethod codeBase="D:\SFERRARI\01 - TRABAJO\REPOS\netcore\template-netcore-shared\Kitpymes.Core.Shared.Tests\bin\Release\netcoreapp3.0\Kitpymes.Core.Shared.Tests.dll" adapterTypeName="executor://mstestadapter/v2" className="Kitpymes.Core.Shared.Tests.GenericExtensionsTests" name="ToDefaultValue_Passing_decimal_Returns_Cero" />
    </UnitTest>
    <UnitTest name="ToHashAlgorithmName_Passing_InvalidValueLowerCaseString_Returns_Null" storage="d:\sferrari\01 - trabajo\repos\netcore\template-netcore-shared\kitpymes.core.shared.tests\bin\release\netcoreapp3.0\kitpymes.core.shared.tests.dll" id="bd43e66e-fbae-26eb-a9a1-c58a6bf5d7af">
      <Execution id="611a95ab-79f5-4a61-8c8a-7b6fa0b420af" />
      <TestMethod codeBase="D:\SFERRARI\01 - TRABAJO\REPOS\netcore\template-netcore-shared\Kitpymes.Core.Shared.Tests\bin\Release\netcoreapp3.0\Kitpymes.Core.Shared.Tests.dll" adapterTypeName="executor://mstestadapter/v2" className="Kitpymes.Core.Shared.Tests.StringExtensionsTests" name="ToHashAlgorithmName_Passing_InvalidValueLowerCaseString_Returns_Null" />
    </UnitTest>
    <UnitTest name="ToPaged_Passing_Age_Descending_Order_Returns_Filter_List" storage="d:\sferrari\01 - trabajo\repos\netcore\template-netcore-shared\kitpymes.core.shared.tests\bin\release\netcoreapp3.0\kitpymes.core.shared.tests.dll" id="e53d2439-2080-43bd-e38b-a60253b60af1">
      <Execution id="aa59a16c-c6b3-4df0-aa9f-b03558e218ae" />
      <TestMethod codeBase="D:\SFERRARI\01 - TRABAJO\REPOS\netcore\template-netcore-shared\Kitpymes.Core.Shared.Tests\bin\Release\netcoreapp3.0\Kitpymes.Core.Shared.Tests.dll" adapterTypeName="executor://mstestadapter/v2" className="Kitpymes.Core.Shared.Tests.QueryableExtensionsTests" name="ToPaged_Passing_Age_Descending_Order_Returns_Filter_List" />
    </UnitTest>
    <UnitTest name="ToResultAsync_Passing_StatusCodeAnd_MessageAndContentTypeAndHeader_Values_Returns_Values" storage="d:\sferrari\01 - trabajo\repos\netcore\template-netcore-shared\kitpymes.core.shared.tests\bin\release\netcoreapp3.0\kitpymes.core.shared.tests.dll" id="161f5d07-7835-e575-5072-b9d787ef451c">
      <Execution id="c466e49d-2f00-47f4-802a-60f6c4c11148" />
      <TestMethod codeBase="D:\SFERRARI\01 - TRABAJO\REPOS\netcore\template-netcore-shared\Kitpymes.Core.Shared.Tests\bin\Release\netcoreapp3.0\Kitpymes.Core.Shared.Tests.dll" adapterTypeName="executor://mstestadapter/v2" className="Kitpymes.Core.Shared.Tests.HttpResponseExtensionsTests" name="ToResultAsync_Passing_StatusCodeAnd_MessageAndContentTypeAndHeader_Values_Returns_Values" />
    </UnitTest>
    <UnitTest name="ToEnvironment_ServiceCollection_Passing_Development_Enviroment_Returns_Development_Name" storage="d:\sferrari\01 - trabajo\repos\netcore\template-netcore-shared\kitpymes.core.shared.tests\bin\release\netcoreapp3.0\kitpymes.core.shared.tests.dll" id="0f697beb-b7a4-6aa6-9017-b57feeb9ba7f">
      <Execution id="60972d06-14a4-41c3-8dec-1206739f4a8a" />
      <TestMethod codeBase="D:\SFERRARI\01 - TRABAJO\REPOS\netcore\template-netcore-shared\Kitpymes.Core.Shared.Tests\bin\Release\netcoreapp3.0\Kitpymes.Core.Shared.Tests.dll" adapterTypeName="executor://mstestadapter/v2" className="Kitpymes.Core.Shared.Tests.ConfigurationBuilderExtensionsTests" name="ToEnvironment_ServiceCollection_Passing_Development_Enviroment_Returns_Development_Name" />
    </UnitTest>
    <UnitTest name="IsFileExtension_Passing_InvalidArguments_Returns_HasErrorsAndCount" storage="d:\sferrari\01 - trabajo\repos\netcore\template-netcore-shared\kitpymes.core.shared.tests\bin\release\netcoreapp3.0\kitpymes.core.shared.tests.dll" id="e608205e-4953-e9a3-1956-895ed42ab083">
      <Execution id="3a4a04df-a665-4875-9c7a-1ede75f55ade" />
      <TestMethod codeBase="D:\SFERRARI\01 - TRABAJO\REPOS\netcore\template-netcore-shared\Kitpymes.Core.Shared.Tests\bin\Release\netcoreapp3.0\Kitpymes.Core.Shared.Tests.dll" adapterTypeName="executor://mstestadapter/v2" className="Kitpymes.Core.Shared.Tests.CheckTests" name="IsFileExtension_Passing_InvalidArguments_Returns_HasErrorsAndCount" />
    </UnitTest>
    <UnitTest name="ToEnvironment_Passing_Custom_Enviroment_Returns_Custom_Name" storage="d:\sferrari\01 - trabajo\repos\netcore\template-netcore-shared\kitpymes.core.shared.tests\bin\release\netcoreapp3.0\kitpymes.core.shared.tests.dll" id="69b6ed05-fdf2-6989-0583-109b4777a6ac">
      <Execution id="e29d9974-8f92-4dea-89eb-09867f33c5a9" />
      <TestMethod codeBase="D:\SFERRARI\01 - TRABAJO\REPOS\netcore\template-netcore-shared\Kitpymes.Core.Shared.Tests\bin\Release\netcoreapp3.0\Kitpymes.Core.Shared.Tests.dll" adapterTypeName="executor://mstestadapter/v2" className="Kitpymes.Core.Shared.Tests.ApplicationBuilderExtensionsTests" name="ToEnvironment_Passing_Custom_Enviroment_Returns_Custom_Name" />
    </UnitTest>
    <UnitTest name="ToList_Passing_ValidEnumTypeWithSelectedValueWithResourceType_Returns_ValuesList" storage="d:\sferrari\01 - trabajo\repos\netcore\template-netcore-shared\kitpymes.core.shared.tests\bin\release\netcoreapp3.0\kitpymes.core.shared.tests.dll" id="9af963da-8209-d683-34a5-be793bc59993">
      <Execution id="eb43a9f3-745b-4a57-b28a-991c3e0f170a" />
      <TestMethod codeBase="D:\SFERRARI\01 - TRABAJO\REPOS\netcore\template-netcore-shared\Kitpymes.Core.Shared.Tests\bin\Release\netcoreapp3.0\Kitpymes.Core.Shared.Tests.dll" adapterTypeName="executor://mstestadapter/v2" className="Kitpymes.Core.Shared.Tests.EnumsTests" name="ToList_Passing_ValidEnumTypeWithSelectedValueWithResourceType_Returns_ValuesList" />
    </UnitTest>
    <UnitTest name="ToFirstLetterUpper_Passing_ValidValue_Returns_StringWithFirstLetterUpper" storage="d:\sferrari\01 - trabajo\repos\netcore\template-netcore-shared\kitpymes.core.shared.tests\bin\release\netcoreapp3.0\kitpymes.core.shared.tests.dll" id="5517211d-203c-115f-7dc1-6f48da8ab75b">
      <Execution id="39f74d9e-9f4a-426b-bc6a-e5d647a27c08" />
      <TestMethod codeBase="D:\SFERRARI\01 - TRABAJO\REPOS\netcore\template-netcore-shared\Kitpymes.Core.Shared.Tests\bin\Release\netcoreapp3.0\Kitpymes.Core.Shared.Tests.dll" adapterTypeName="executor://mstestadapter/v2" className="Kitpymes.Core.Shared.Tests.StringExtensionsTests" name="ToFirstLetterUpper_Passing_ValidValue_Returns_StringWithFirstLetterUpper" />
    </UnitTest>
    <UnitTest name="ToString_Passing_Valid_Collection_With_Custom_Separator_Returns_String_With_Custom_Separator" storage="d:\sferrari\01 - trabajo\repos\netcore\template-netcore-shared\kitpymes.core.shared.tests\bin\release\netcoreapp3.0\kitpymes.core.shared.tests.dll" id="bf8f6922-5666-8ec7-1500-aabd5997d6a4">
      <Execution id="0de1208a-c977-4586-99c6-60a1b1a34d2e" />
      <TestMethod codeBase="D:\SFERRARI\01 - TRABAJO\REPOS\netcore\template-netcore-shared\Kitpymes.Core.Shared.Tests\bin\Release\netcoreapp3.0\Kitpymes.Core.Shared.Tests.dll" adapterTypeName="executor://mstestadapter/v2" className="Kitpymes.Core.Shared.Tests.EnumerableExtensionsTests" name="ToString_Passing_Valid_Collection_With_Custom_Separator_Returns_String_With_Custom_Separator" />
    </UnitTest>
    <UnitTest name="ToEnum_Passing_InvalidValueInt_Returns_EnumDefaultValue" storage="d:\sferrari\01 - trabajo\repos\netcore\template-netcore-shared\kitpymes.core.shared.tests\bin\release\netcoreapp3.0\kitpymes.core.shared.tests.dll" id="8c1d1a56-be42-3df5-a82e-36b97c2860b8">
      <Execution id="0154f30d-7d12-439c-942f-67226f760f3f" />
      <TestMethod codeBase="D:\SFERRARI\01 - TRABAJO\REPOS\netcore\template-netcore-shared\Kitpymes.Core.Shared.Tests\bin\Release\netcoreapp3.0\Kitpymes.Core.Shared.Tests.dll" adapterTypeName="executor://mstestadapter/v2" className="Kitpymes.Core.Shared.Tests.StringExtensionsTests" name="ToEnum_Passing_InvalidValueInt_Returns_EnumDefaultValue" />
    </UnitTest>
    <UnitTest name="ToWhere_Passing_Valid_Predicate_Returns_Filter_List" storage="d:\sferrari\01 - trabajo\repos\netcore\template-netcore-shared\kitpymes.core.shared.tests\bin\release\netcoreapp3.0\kitpymes.core.shared.tests.dll" id="e9d3a3d6-32e0-613e-b55e-48afdf1ab686">
      <Execution id="80a96223-dcdf-4ef7-853a-7a057fda30b7" />
      <TestMethod codeBase="D:\SFERRARI\01 - TRABAJO\REPOS\netcore\template-netcore-shared\Kitpymes.Core.Shared.Tests\bin\Release\netcoreapp3.0\Kitpymes.Core.Shared.Tests.dll" adapterTypeName="executor://mstestadapter/v2" className="Kitpymes.Core.Shared.Tests.QueryableExtensionsTests" name="ToWhere_Passing_Valid_Predicate_Returns_Filter_List" />
    </UnitTest>
    <UnitTest name="ToHashAlgorithmName_Passing_InvalidValueStringWithDefaultValue_Returns_DefaultValue" storage="d:\sferrari\01 - trabajo\repos\netcore\template-netcore-shared\kitpymes.core.shared.tests\bin\release\netcoreapp3.0\kitpymes.core.shared.tests.dll" id="ab527057-69f2-0a9a-89fd-18928a3920fd">
      <Execution id="1339e793-ae28-4d06-ad0a-bf1b55cf6d1f" />
      <TestMethod codeBase="D:\SFERRARI\01 - TRABAJO\REPOS\netcore\template-netcore-shared\Kitpymes.Core.Shared.Tests\bin\Release\netcoreapp3.0\Kitpymes.Core.Shared.Tests.dll" adapterTypeName="executor://mstestadapter/v2" className="Kitpymes.Core.Shared.Tests.StringExtensionsTests" name="ToHashAlgorithmName_Passing_InvalidValueStringWithDefaultValue_Returns_DefaultValue" />
    </UnitTest>
    <UnitTest name="ToExists_Passing_NotFound_Service_Returns_False" storage="d:\sferrari\01 - trabajo\repos\netcore\template-netcore-shared\kitpymes.core.shared.tests\bin\release\netcoreapp3.0\kitpymes.core.shared.tests.dll" id="640513b3-feee-19a8-efba-5817e77ff3ee">
      <Execution id="83a3f3f7-466a-49be-828d-28e88f7138b4" />
      <TestMethod codeBase="D:\SFERRARI\01 - TRABAJO\REPOS\netcore\template-netcore-shared\Kitpymes.Core.Shared.Tests\bin\Release\netcoreapp3.0\Kitpymes.Core.Shared.Tests.dll" adapterTypeName="executor://mstestadapter/v2" className="Kitpymes.Core.Shared.Tests.ConfigurationBuilderExtensionsTests" name="ToExists_Passing_NotFound_Service_Returns_False" />
    </UnitTest>
    <UnitTest name="IsFile_Passing_InvalidArguments_Returns_HasErrorsAndCount" storage="d:\sferrari\01 - trabajo\repos\netcore\template-netcore-shared\kitpymes.core.shared.tests\bin\release\netcoreapp3.0\kitpymes.core.shared.tests.dll" id="d7c20db6-f712-8539-ac01-01e8f4033fac">
      <Execution id="aa31e2aa-b0b7-458e-8b49-a132a4b4d9b1" />
      <TestMethod codeBase="D:\SFERRARI\01 - TRABAJO\REPOS\netcore\template-netcore-shared\Kitpymes.Core.Shared.Tests\bin\Release\netcoreapp3.0\Kitpymes.Core.Shared.Tests.dll" adapterTypeName="executor://mstestadapter/v2" className="Kitpymes.Core.Shared.Tests.CheckTests" name="IsFile_Passing_InvalidArguments_Returns_HasErrorsAndCount" />
    </UnitTest>
    <UnitTest name="ToFormat_Passing_ValidTimeSpanValue_Returns_ValueWithFormatString" storage="d:\sferrari\01 - trabajo\repos\netcore\template-netcore-shared\kitpymes.core.shared.tests\bin\release\netcoreapp3.0\kitpymes.core.shared.tests.dll" id="ede15cdf-3d1b-3e1a-18dc-485a2d50fe42">
      <Execution id="738ac877-ac58-493f-a0e4-37f58dc6b6b4" />
      <TestMethod codeBase="D:\SFERRARI\01 - TRABAJO\REPOS\netcore\template-netcore-shared\Kitpymes.Core.Shared.Tests\bin\Release\netcoreapp3.0\Kitpymes.Core.Shared.Tests.dll" adapterTypeName="executor://mstestadapter/v2" className="Kitpymes.Core.Shared.Tests.TimeSpanExtensionsTests" name="ToFormat_Passing_ValidTimeSpanValue_Returns_ValueWithFormatString" />
    </UnitTest>
    <UnitTest name="ToTryIPv6_Passing_HttpContext_IP_Value_Returns_IP" storage="d:\sferrari\01 - trabajo\repos\netcore\template-netcore-shared\kitpymes.core.shared.tests\bin\release\netcoreapp3.0\kitpymes.core.shared.tests.dll" id="10024a68-25d4-872c-3e48-a6d6b2671494">
      <Execution id="810ef1b8-7e01-4a0a-a245-54000568b3a1" />
      <TestMethod codeBase="D:\SFERRARI\01 - TRABAJO\REPOS\netcore\template-netcore-shared\Kitpymes.Core.Shared.Tests\bin\Release\netcoreapp3.0\Kitpymes.Core.Shared.Tests.dll" adapterTypeName="executor://mstestadapter/v2" className="Kitpymes.Core.Shared.Tests.HttpContextExtensionsTests" name="ToTryIPv6_Passing_HttpContext_IP_Value_Returns_IP" />
    </UnitTest>
    <UnitTest name="ToIsWeekend_Passing_Friday_DateTime_Returns_False" storage="d:\sferrari\01 - trabajo\repos\netcore\template-netcore-shared\kitpymes.core.shared.tests\bin\release\netcoreapp3.0\kitpymes.core.shared.tests.dll" id="459f13f4-e266-2f20-5c30-d2c64797095d">
      <Execution id="176f8185-b595-4f11-9d68-39386df9fa75" />
      <TestMethod codeBase="D:\SFERRARI\01 - TRABAJO\REPOS\netcore\template-netcore-shared\Kitpymes.Core.Shared.Tests\bin\Release\netcoreapp3.0\Kitpymes.Core.Shared.Tests.dll" adapterTypeName="executor://mstestadapter/v2" className="Kitpymes.Core.Shared.Tests.DateTimeExtensionsTests" name="ToIsWeekend_Passing_Friday_DateTime_Returns_False" />
    </UnitTest>
    <UnitTest name="ToConfiguration_Passing_Key_Values_Returns_Ok" storage="d:\sferrari\01 - trabajo\repos\netcore\template-netcore-shared\kitpymes.core.shared.tests\bin\release\netcoreapp3.0\kitpymes.core.shared.tests.dll" id="66f7bc12-fe2b-fd81-3cbf-5bc4840aa6f8">
      <Execution id="f5597fb0-b1ee-491e-b375-7dc67d7e2fb9" />
      <TestMethod codeBase="D:\SFERRARI\01 - TRABAJO\REPOS\netcore\template-netcore-shared\Kitpymes.Core.Shared.Tests\bin\Release\netcoreapp3.0\Kitpymes.Core.Shared.Tests.dll" adapterTypeName="executor://mstestadapter/v2" className="Kitpymes.Core.Shared.Tests.ConfigurationBuilderExtensionsTests" name="ToConfiguration_Passing_Key_Values_Returns_Ok" />
    </UnitTest>
    <UnitTest name="ToReadOnly_Passing_Valid_Collection_Returns_Readonly_Collection" storage="d:\sferrari\01 - trabajo\repos\netcore\template-netcore-shared\kitpymes.core.shared.tests\bin\release\netcoreapp3.0\kitpymes.core.shared.tests.dll" id="42ded375-26ee-044e-44a7-9eab5e4cd342">
      <Execution id="a7e716aa-5619-4328-ac1a-3906b707ed14" />
      <TestMethod codeBase="D:\SFERRARI\01 - TRABAJO\REPOS\netcore\template-netcore-shared\Kitpymes.Core.Shared.Tests\bin\Release\netcoreapp3.0\Kitpymes.Core.Shared.Tests.dll" adapterTypeName="executor://mstestadapter/v2" className="Kitpymes.Core.Shared.Tests.EnumerableExtensionsTests" name="ToReadOnly_Passing_Valid_Collection_Returns_Readonly_Collection" />
    </UnitTest>
    <UnitTest name="ToEnvironment_Passing_Staging_Enviroment_Returns_Staging_Name" storage="d:\sferrari\01 - trabajo\repos\netcore\template-netcore-shared\kitpymes.core.shared.tests\bin\release\netcoreapp3.0\kitpymes.core.shared.tests.dll" id="5e237822-3b9d-da27-9221-3ae1f5eb15b0">
      <Execution id="32e615ec-8345-4751-a4f2-04137c74a6a7" />
      <TestMethod codeBase="D:\SFERRARI\01 - TRABAJO\REPOS\netcore\template-netcore-shared\Kitpymes.Core.Shared.Tests\bin\Release\netcoreapp3.0\Kitpymes.Core.Shared.Tests.dll" adapterTypeName="executor://mstestadapter/v2" className="Kitpymes.Core.Shared.Tests.ApplicationBuilderExtensionsTests" name="ToEnvironment_Passing_Staging_Enviroment_Returns_Staging_Name" />
    </UnitTest>
    <UnitTest name="ToEnvironment_Passing_NotFound_Service_Returns_ApplicationException" storage="d:\sferrari\01 - trabajo\repos\netcore\template-netcore-shared\kitpymes.core.shared.tests\bin\release\netcoreapp3.0\kitpymes.core.shared.tests.dll" id="1a919c7e-4e1e-08f8-d5ef-a9418bde23f0">
      <Execution id="5736c853-808a-417d-a52d-f202f5c146b2" />
      <TestMethod codeBase="D:\SFERRARI\01 - TRABAJO\REPOS\netcore\template-netcore-shared\Kitpymes.Core.Shared.Tests\bin\Release\netcoreapp3.0\Kitpymes.Core.Shared.Tests.dll" adapterTypeName="executor://mstestadapter/v2" className="Kitpymes.Core.Shared.Tests.ConfigurationBuilderExtensionsTests" name="ToEnvironment_Passing_NotFound_Service_Returns_ApplicationException" />
    </UnitTest>
    <UnitTest name="ToServiceMatchingInterface_Passing_Empties_Assemblies_Returns_ApplicationException" storage="d:\sferrari\01 - trabajo\repos\netcore\template-netcore-shared\kitpymes.core.shared.tests\bin\release\netcoreapp3.0\kitpymes.core.shared.tests.dll" id="760ae14b-6c0d-0288-811d-408b67937415">
      <Execution id="03f2d17a-1254-4ac5-b1e9-ff655bad1f38" />
      <TestMethod codeBase="D:\SFERRARI\01 - TRABAJO\REPOS\netcore\template-netcore-shared\Kitpymes.Core.Shared.Tests\bin\Release\netcoreapp3.0\Kitpymes.Core.Shared.Tests.dll" adapterTypeName="executor://mstestadapter/v2" className="Kitpymes.Core.Shared.Tests.ConfigurationBuilderExtensionsTests" name="ToServiceMatchingInterface_Passing_Empties_Assemblies_Returns_ApplicationException" />
    </UnitTest>
    <UnitTest name="ToIsLastDayOfTheMonth_Passing_LastDayOfMonth_Returns_True" storage="d:\sferrari\01 - trabajo\repos\netcore\template-netcore-shared\kitpymes.core.shared.tests\bin\release\netcoreapp3.0\kitpymes.core.shared.tests.dll" id="98d4dd82-eb94-c060-7aeb-9b0a39f334fb">
      <Execution id="970e1c83-a53d-4ea8-ab35-d045089bb17c" />
      <TestMethod codeBase="D:\SFERRARI\01 - TRABAJO\REPOS\netcore\template-netcore-shared\Kitpymes.Core.Shared.Tests\bin\Release\netcoreapp3.0\Kitpymes.Core.Shared.Tests.dll" adapterTypeName="executor://mstestadapter/v2" className="Kitpymes.Core.Shared.Tests.DateTimeExtensionsTests" name="ToIsLastDayOfTheMonth_Passing_LastDayOfMonth_Returns_True" />
    </UnitTest>
    <UnitTest name="ToThrowIfNullOrAny_Passing_InvalidValue_Returns_ApplicationExceptionWithMessage" storage="d:\sferrari\01 - trabajo\repos\netcore\template-netcore-shared\kitpymes.core.shared.tests\bin\release\netcoreapp3.0\kitpymes.core.shared.tests.dll" id="55f84516-b3d2-35a4-2f3f-b6558c160cb1">
      <Execution id="b3977c56-bacf-41d9-ae46-cda03d5f5af9" />
      <TestMethod codeBase="D:\SFERRARI\01 - TRABAJO\REPOS\netcore\template-netcore-shared\Kitpymes.Core.Shared.Tests\bin\Release\netcoreapp3.0\Kitpymes.Core.Shared.Tests.dll" adapterTypeName="executor://mstestadapter/v2" className="Kitpymes.Core.Shared.Tests.CheckExtensionsTests" name="ToThrowIfNullOrAny_Passing_InvalidValue_Returns_ApplicationExceptionWithMessage" />
    </UnitTest>
    <UnitTest name="ToConfiguration_Passing_Empty_DirectoryPath_Returns_ApplicationException" storage="d:\sferrari\01 - trabajo\repos\netcore\template-netcore-shared\kitpymes.core.shared.tests\bin\release\netcoreapp3.0\kitpymes.core.shared.tests.dll" id="5c861184-f295-e727-0fd4-d218f13da14d">
      <Execution id="10cd4bf3-0b03-4da8-b0bb-8da2fa54fedd" />
      <TestMethod codeBase="D:\SFERRARI\01 - TRABAJO\REPOS\netcore\template-netcore-shared\Kitpymes.Core.Shared.Tests\bin\Release\netcoreapp3.0\Kitpymes.Core.Shared.Tests.dll" adapterTypeName="executor://mstestadapter/v2" className="Kitpymes.Core.Shared.Tests.ConfigurationBuilderExtensionsTests" name="ToConfiguration_Passing_Empty_DirectoryPath_Returns_ApplicationException" />
    </UnitTest>
    <UnitTest name="IsEmail_Passing_InvalidArguments_Returns_HasErrorsAndCount" storage="d:\sferrari\01 - trabajo\repos\netcore\template-netcore-shared\kitpymes.core.shared.tests\bin\release\netcoreapp3.0\kitpymes.core.shared.tests.dll" id="180814cc-22f9-91b2-cd9a-f54be7e1ba18">
      <Execution id="3537031a-e875-4d34-ada8-d93b945b92e9" />
      <TestMethod codeBase="D:\SFERRARI\01 - TRABAJO\REPOS\netcore\template-netcore-shared\Kitpymes.Core.Shared.Tests\bin\Release\netcoreapp3.0\Kitpymes.Core.Shared.Tests.dll" adapterTypeName="executor://mstestadapter/v2" className="Kitpymes.Core.Shared.Tests.CheckTests" name="IsEmail_Passing_InvalidArguments_Returns_HasErrorsAndCount" />
    </UnitTest>
    <UnitTest name="ToAuthenticationType_Passing_Null_ClaimsPrincipal_Returns_ApplicationException" storage="d:\sferrari\01 - trabajo\repos\netcore\template-netcore-shared\kitpymes.core.shared.tests\bin\release\netcoreapp3.0\kitpymes.core.shared.tests.dll" id="8dccdb77-e6a8-58c6-9bd0-108f87c5ff65">
      <Execution id="075a71eb-7042-4a4f-8725-830258903474" />
      <TestMethod codeBase="D:\SFERRARI\01 - TRABAJO\REPOS\netcore\template-netcore-shared\Kitpymes.Core.Shared.Tests\bin\Release\netcoreapp3.0\Kitpymes.Core.Shared.Tests.dll" adapterTypeName="executor://mstestadapter/v2" className="Kitpymes.Core.Shared.Tests.ClaimsPrincipalExtensionsTests" name="ToAuthenticationType_Passing_Null_ClaimsPrincipal_Returns_ApplicationException" />
    </UnitTest>
    <UnitTest name="ToDefaultValue_Passing_ValidString_Returns_DefaultValue" storage="d:\sferrari\01 - trabajo\repos\netcore\template-netcore-shared\kitpymes.core.shared.tests\bin\release\netcoreapp3.0\kitpymes.core.shared.tests.dll" id="579b7361-19a9-f329-acb3-de102dcfc793">
      <Execution id="35527852-984e-4197-8288-1f33277cc84b" />
      <TestMethod codeBase="D:\SFERRARI\01 - TRABAJO\REPOS\netcore\template-netcore-shared\Kitpymes.Core.Shared.Tests\bin\Release\netcoreapp3.0\Kitpymes.Core.Shared.Tests.dll" adapterTypeName="executor://mstestadapter/v2" className="Kitpymes.Core.Shared.Tests.TypeExtensionsTests" name="ToDefaultValue_Passing_ValidString_Returns_DefaultValue" />
    </UnitTest>
    <UnitTest name="ToIsNullOrEmpty_Passing_InvalidValue_Returns_True" storage="d:\sferrari\01 - trabajo\repos\netcore\template-netcore-shared\kitpymes.core.shared.tests\bin\release\netcoreapp3.0\kitpymes.core.shared.tests.dll" id="297c060d-406b-f933-91fe-dfd3459b8ace">
      <Execution id="adb858df-5a8d-4046-9915-7f5b96f54112" />
      <TestMethod codeBase="D:\SFERRARI\01 - TRABAJO\REPOS\netcore\template-netcore-shared\Kitpymes.Core.Shared.Tests\bin\Release\netcoreapp3.0\Kitpymes.Core.Shared.Tests.dll" adapterTypeName="executor://mstestadapter/v2" className="Kitpymes.Core.Shared.Tests.CheckExtensionsTests" name="ToIsNullOrEmpty_Passing_InvalidValue_Returns_True" />
    </UnitTest>
    <UnitTest name="ToList_Passing_ValidEnumTypeWithSelectedValue_Returns_ValuesList" storage="d:\sferrari\01 - trabajo\repos\netcore\template-netcore-shared\kitpymes.core.shared.tests\bin\release\netcoreapp3.0\kitpymes.core.shared.tests.dll" id="b871cd27-681f-8d07-6c2a-809341ba2909">
      <Execution id="bc5a2760-9a88-4815-a731-89cf456fce8a" />
      <TestMethod codeBase="D:\SFERRARI\01 - TRABAJO\REPOS\netcore\template-netcore-shared\Kitpymes.Core.Shared.Tests\bin\Release\netcoreapp3.0\Kitpymes.Core.Shared.Tests.dll" adapterTypeName="executor://mstestadapter/v2" className="Kitpymes.Core.Shared.Tests.EnumsTests" name="ToList_Passing_ValidEnumTypeWithSelectedValue_Returns_ValuesList" />
    </UnitTest>
    <UnitTest name="ToDefaultValue_Passing_char_Returns_Cero" storage="d:\sferrari\01 - trabajo\repos\netcore\template-netcore-shared\kitpymes.core.shared.tests\bin\release\netcoreapp3.0\kitpymes.core.shared.tests.dll" id="17a38df3-33e0-71ac-f8cb-dcdd3ade7269">
      <Execution id="f5b039bb-2c73-472b-a329-9bef47178ede" />
      <TestMethod codeBase="D:\SFERRARI\01 - TRABAJO\REPOS\netcore\template-netcore-shared\Kitpymes.Core.Shared.Tests\bin\Release\netcoreapp3.0\Kitpymes.Core.Shared.Tests.dll" adapterTypeName="executor://mstestadapter/v2" className="Kitpymes.Core.Shared.Tests.GenericExtensionsTests" name="ToDefaultValue_Passing_char_Returns_Cero" />
    </UnitTest>
    <UnitTest name="ToExists_Passing_Claims_Returns_True" storage="d:\sferrari\01 - trabajo\repos\netcore\template-netcore-shared\kitpymes.core.shared.tests\bin\release\netcoreapp3.0\kitpymes.core.shared.tests.dll" id="57d3cdd8-8268-9aa3-6f39-3cc0224b305c">
      <Execution id="c4070ef4-7c38-4ac9-814a-d3d52025ba7d" />
      <TestMethod codeBase="D:\SFERRARI\01 - TRABAJO\REPOS\netcore\template-netcore-shared\Kitpymes.Core.Shared.Tests\bin\Release\netcoreapp3.0\Kitpymes.Core.Shared.Tests.dll" adapterTypeName="executor://mstestadapter/v2" className="Kitpymes.Core.Shared.Tests.ClaimsPrincipalExtensionsTests" name="ToExists_Passing_Claims_Returns_True" />
    </UnitTest>
    <UnitTest name="ToIsNullOrAny_Passing_InvalidValue_Returns_True" storage="d:\sferrari\01 - trabajo\repos\netcore\template-netcore-shared\kitpymes.core.shared.tests\bin\release\netcoreapp3.0\kitpymes.core.shared.tests.dll" id="55f105d6-fc07-21db-e70a-db30ccdb0844">
      <Execution id="27ec502a-51c0-4d69-b4b5-5ddfee6fab9f" />
      <TestMethod codeBase="D:\SFERRARI\01 - TRABAJO\REPOS\netcore\template-netcore-shared\Kitpymes.Core.Shared.Tests\bin\Release\netcoreapp3.0\Kitpymes.Core.Shared.Tests.dll" adapterTypeName="executor://mstestadapter/v2" className="Kitpymes.Core.Shared.Tests.CheckExtensionsTests" name="ToIsNullOrAny_Passing_InvalidValue_Returns_True" />
    </UnitTest>
    <UnitTest name="ToSetTime_Passing_Time_String_Returns_DateTime" storage="d:\sferrari\01 - trabajo\repos\netcore\template-netcore-shared\kitpymes.core.shared.tests\bin\release\netcoreapp3.0\kitpymes.core.shared.tests.dll" id="34931354-7c25-7812-28fe-96ea501746b4">
      <Execution id="1d11487f-d60f-46cc-8c08-58e4928024fa" />
      <TestMethod codeBase="D:\SFERRARI\01 - TRABAJO\REPOS\netcore\template-netcore-shared\Kitpymes.Core.Shared.Tests\bin\Release\netcoreapp3.0\Kitpymes.Core.Shared.Tests.dll" adapterTypeName="executor://mstestadapter/v2" className="Kitpymes.Core.Shared.Tests.DateTimeExtensionsTests" name="ToSetTime_Passing_Time_String_Returns_DateTime" />
    </UnitTest>
    <UnitTest name="ToHeader_Passing_HttpRequest_Header_Many_Values_Returns_Values" storage="d:\sferrari\01 - trabajo\repos\netcore\template-netcore-shared\kitpymes.core.shared.tests\bin\release\netcoreapp3.0\kitpymes.core.shared.tests.dll" id="43c10c64-8836-30db-afbe-d1657a7dd9d8">
      <Execution id="b1336ee2-5885-41cd-8361-ea34ed98a99b" />
      <TestMethod codeBase="D:\SFERRARI\01 - TRABAJO\REPOS\netcore\template-netcore-shared\Kitpymes.Core.Shared.Tests\bin\Release\netcoreapp3.0\Kitpymes.Core.Shared.Tests.dll" adapterTypeName="executor://mstestadapter/v2" className="Kitpymes.Core.Shared.Tests.HttpRequestExtensionsTests" name="ToHeader_Passing_HttpRequest_Header_Many_Values_Returns_Values" />
    </UnitTest>
    <UnitTest name="ToConfiguration_Passing_Invalid_DirectoryPath_Returns_ApplicationException" storage="d:\sferrari\01 - trabajo\repos\netcore\template-netcore-shared\kitpymes.core.shared.tests\bin\release\netcoreapp3.0\kitpymes.core.shared.tests.dll" id="73904cd7-b09d-89fc-efca-330cb9d1d1b7">
      <Execution id="9d53474a-07b1-4daf-8d24-5c627687653f" />
      <TestMethod codeBase="D:\SFERRARI\01 - TRABAJO\REPOS\netcore\template-netcore-shared\Kitpymes.Core.Shared.Tests\bin\Release\netcoreapp3.0\Kitpymes.Core.Shared.Tests.dll" adapterTypeName="executor://mstestadapter/v2" className="Kitpymes.Core.Shared.Tests.ConfigurationBuilderExtensionsTests" name="ToConfiguration_Passing_Invalid_DirectoryPath_Returns_ApplicationException" />
    </UnitTest>
    <UnitTest name="ToPaged_Passing_Age_Ascending_Order_Returns_Filter_List" storage="d:\sferrari\01 - trabajo\repos\netcore\template-netcore-shared\kitpymes.core.shared.tests\bin\release\netcoreapp3.0\kitpymes.core.shared.tests.dll" id="f0f37a42-1a3a-10a5-5f17-e01b9915abd3">
      <Execution id="94d393e6-0484-40e8-9196-5142407f8bb0" />
      <TestMethod codeBase="D:\SFERRARI\01 - TRABAJO\REPOS\netcore\template-netcore-shared\Kitpymes.Core.Shared.Tests\bin\Release\netcoreapp3.0\Kitpymes.Core.Shared.Tests.dll" adapterTypeName="executor://mstestadapter/v2" className="Kitpymes.Core.Shared.Tests.QueryableExtensionsTests" name="ToPaged_Passing_Age_Ascending_Order_Returns_Filter_List" />
    </UnitTest>
    <UnitTest name="ToDetails_Passing_HttpContext_Returns_Details_HttpContext" storage="d:\sferrari\01 - trabajo\repos\netcore\template-netcore-shared\kitpymes.core.shared.tests\bin\release\netcoreapp3.0\kitpymes.core.shared.tests.dll" id="4ff63349-9eef-ad1f-85cf-a84cda1ff120">
      <Execution id="10cbf3e6-6ae5-4252-befd-e74ad60a1b17" />
      <TestMethod codeBase="D:\SFERRARI\01 - TRABAJO\REPOS\netcore\template-netcore-shared\Kitpymes.Core.Shared.Tests\bin\Release\netcoreapp3.0\Kitpymes.Core.Shared.Tests.dll" adapterTypeName="executor://mstestadapter/v2" className="Kitpymes.Core.Shared.Tests.HttpContextExtensionsTests" name="ToDetails_Passing_HttpContext_Returns_Details_HttpContext" />
    </UnitTest>
    <UnitTest name="ToEmptyIfNull_Passing_Null_Collection_Returns_Empty_Collection" storage="d:\sferrari\01 - trabajo\repos\netcore\template-netcore-shared\kitpymes.core.shared.tests\bin\release\netcoreapp3.0\kitpymes.core.shared.tests.dll" id="3e6d6aa9-9b6d-dd96-b54c-49f88780a2b4">
      <Execution id="be61d219-2e85-428f-a6a7-bcf4ecd8884e" />
      <TestMethod codeBase="D:\SFERRARI\01 - TRABAJO\REPOS\netcore\template-netcore-shared\Kitpymes.Core.Shared.Tests\bin\Release\netcoreapp3.0\Kitpymes.Core.Shared.Tests.dll" adapterTypeName="executor://mstestadapter/v2" className="Kitpymes.Core.Shared.Tests.EnumerableExtensionsTests" name="ToEmptyIfNull_Passing_Null_Collection_Returns_Empty_Collection" />
    </UnitTest>
    <UnitTest name="ToInt_Passing_InvalidValueString_Returns_DefaultValue" storage="d:\sferrari\01 - trabajo\repos\netcore\template-netcore-shared\kitpymes.core.shared.tests\bin\release\netcoreapp3.0\kitpymes.core.shared.tests.dll" id="19f76070-822e-31f8-2a9f-a96f774333a7">
      <Execution id="2bd93261-5773-4729-a328-a0956011108b" />
      <TestMethod codeBase="D:\SFERRARI\01 - TRABAJO\REPOS\netcore\template-netcore-shared\Kitpymes.Core.Shared.Tests\bin\Release\netcoreapp3.0\Kitpymes.Core.Shared.Tests.dll" adapterTypeName="executor://mstestadapter/v2" className="Kitpymes.Core.Shared.Tests.StringExtensionsTests" name="ToInt_Passing_InvalidValueString_Returns_DefaultValue" />
    </UnitTest>
    <UnitTest name="ToEnvironment_ServiceProvider_Passing_Development_Enviroment_Returns_Development_Name" storage="d:\sferrari\01 - trabajo\repos\netcore\template-netcore-shared\kitpymes.core.shared.tests\bin\release\netcoreapp3.0\kitpymes.core.shared.tests.dll" id="c09577a6-adca-ef94-40b5-45575ad65e4f">
      <Execution id="450c7579-ca28-4f50-a759-7d1cdfecc4fd" />
      <TestMethod codeBase="D:\SFERRARI\01 - TRABAJO\REPOS\netcore\template-netcore-shared\Kitpymes.Core.Shared.Tests\bin\Release\netcoreapp3.0\Kitpymes.Core.Shared.Tests.dll" adapterTypeName="executor://mstestadapter/v2" className="Kitpymes.Core.Shared.Tests.ConfigurationBuilderExtensionsTests" name="ToEnvironment_ServiceProvider_Passing_Development_Enviroment_Returns_Development_Name" />
    </UnitTest>
    <UnitTest name="ToUserName_Passing_Valid_UserName_ClaimsPrincipal_Returns_String_UserName_Value" storage="d:\sferrari\01 - trabajo\repos\netcore\template-netcore-shared\kitpymes.core.shared.tests\bin\release\netcoreapp3.0\kitpymes.core.shared.tests.dll" id="856fd0c8-b6f8-9265-ccfd-2a9e615488e2">
      <Execution id="cbded9c3-7c4f-4816-8545-73b4eac26996" />
      <TestMethod codeBase="D:\SFERRARI\01 - TRABAJO\REPOS\netcore\template-netcore-shared\Kitpymes.Core.Shared.Tests\bin\Release\netcoreapp3.0\Kitpymes.Core.Shared.Tests.dll" adapterTypeName="executor://mstestadapter/v2" className="Kitpymes.Core.Shared.Tests.ClaimsPrincipalExtensionsTests" name="ToUserName_Passing_Valid_UserName_ClaimsPrincipal_Returns_String_UserName_Value" />
    </UnitTest>
    <UnitTest name="ToEnvironment_ServiceCollection_Passing_Staging_Enviroment_Returns_Staging_Name" storage="d:\sferrari\01 - trabajo\repos\netcore\template-netcore-shared\kitpymes.core.shared.tests\bin\release\netcoreapp3.0\kitpymes.core.shared.tests.dll" id="504465b7-a3fe-9023-93b9-ffece1903418">
      <Execution id="fc97423e-3055-4abf-a985-125d79f373b6" />
      <TestMethod codeBase="D:\SFERRARI\01 - TRABAJO\REPOS\netcore\template-netcore-shared\Kitpymes.Core.Shared.Tests\bin\Release\netcoreapp3.0\Kitpymes.Core.Shared.Tests.dll" adapterTypeName="executor://mstestadapter/v2" className="Kitpymes.Core.Shared.Tests.ConfigurationBuilderExtensionsTests" name="ToEnvironment_ServiceCollection_Passing_Staging_Enviroment_Returns_Staging_Name" />
    </UnitTest>
    <UnitTest name="ToDefaultValue_Passing_short_Returns_Cero" storage="d:\sferrari\01 - trabajo\repos\netcore\template-netcore-shared\kitpymes.core.shared.tests\bin\release\netcoreapp3.0\kitpymes.core.shared.tests.dll" id="40108f40-2761-0a89-d16d-ad113b5f3dd5">
      <Execution id="5ae4bf9c-2065-43f2-ab22-d40402514445" />
      <TestMethod codeBase="D:\SFERRARI\01 - TRABAJO\REPOS\netcore\template-netcore-shared\Kitpymes.Core.Shared.Tests\bin\Release\netcoreapp3.0\Kitpymes.Core.Shared.Tests.dll" adapterTypeName="executor://mstestadapter/v2" className="Kitpymes.Core.Shared.Tests.GenericExtensionsTests" name="ToDefaultValue_Passing_short_Returns_Cero" />
    </UnitTest>
    <UnitTest name="ToDefaultValue_Passing_ValidGuid_Returns_DefaultValue" storage="d:\sferrari\01 - trabajo\repos\netcore\template-netcore-shared\kitpymes.core.shared.tests\bin\release\netcoreapp3.0\kitpymes.core.shared.tests.dll" id="225c09bd-86d5-d9ce-d2b8-18431ca384e3">
      <Execution id="ab6c6ec5-b5ce-42f7-9c36-186365a57759" />
      <TestMethod codeBase="D:\SFERRARI\01 - TRABAJO\REPOS\netcore\template-netcore-shared\Kitpymes.Core.Shared.Tests\bin\Release\netcoreapp3.0\Kitpymes.Core.Shared.Tests.dll" adapterTypeName="executor://mstestadapter/v2" className="Kitpymes.Core.Shared.Tests.TypeExtensionsTests" name="ToDefaultValue_Passing_ValidGuid_Returns_DefaultValue" />
    </UnitTest>
    <UnitTest name="ToDefaultValue_Passing_int_Returns_Cero" storage="d:\sferrari\01 - trabajo\repos\netcore\template-netcore-shared\kitpymes.core.shared.tests\bin\release\netcoreapp3.0\kitpymes.core.shared.tests.dll" id="4234610b-215b-41f7-e61d-4a82851bdfa3">
      <Execution id="71090631-cdd9-49f8-87b4-af5d78a9cfcc" />
      <TestMethod codeBase="D:\SFERRARI\01 - TRABAJO\REPOS\netcore\template-netcore-shared\Kitpymes.Core.Shared.Tests\bin\Release\netcoreapp3.0\Kitpymes.Core.Shared.Tests.dll" adapterTypeName="executor://mstestadapter/v2" className="Kitpymes.Core.Shared.Tests.GenericExtensionsTests" name="ToDefaultValue_Passing_int_Returns_Cero" />
    </UnitTest>
    <UnitTest name="ToTryGetHeader_Passing_HttpRequest_Header_Value_Returns_Value" storage="d:\sferrari\01 - trabajo\repos\netcore\template-netcore-shared\kitpymes.core.shared.tests\bin\release\netcoreapp3.0\kitpymes.core.shared.tests.dll" id="13bab721-bf36-ea1b-3f50-9937b274e83a">
      <Execution id="d892142b-7d08-45d5-a2a4-9d9c69189769" />
      <TestMethod codeBase="D:\SFERRARI\01 - TRABAJO\REPOS\netcore\template-netcore-shared\Kitpymes.Core.Shared.Tests\bin\Release\netcoreapp3.0\Kitpymes.Core.Shared.Tests.dll" adapterTypeName="executor://mstestadapter/v2" className="Kitpymes.Core.Shared.Tests.HttpRequestExtensionsTests" name="ToTryGetHeader_Passing_HttpRequest_Header_Value_Returns_Value" />
    </UnitTest>
    <UnitTest name="ToService_Passing_NotFound_Service_Returns_Null" storage="d:\sferrari\01 - trabajo\repos\netcore\template-netcore-shared\kitpymes.core.shared.tests\bin\release\netcoreapp3.0\kitpymes.core.shared.tests.dll" id="c330741e-ad40-618c-36cc-508c135d2b95">
      <Execution id="a8442b32-a4b5-4d0e-9614-72497fbda277" />
      <TestMethod codeBase="D:\SFERRARI\01 - TRABAJO\REPOS\netcore\template-netcore-shared\Kitpymes.Core.Shared.Tests\bin\Release\netcoreapp3.0\Kitpymes.Core.Shared.Tests.dll" adapterTypeName="executor://mstestadapter/v2" className="Kitpymes.Core.Shared.Tests.ConfigurationBuilderExtensionsTests" name="ToService_Passing_NotFound_Service_Returns_Null" />
    </UnitTest>
    <UnitTest name="ToService_Passing_Service_Not_Found_Returns_ApplicationException" storage="d:\sferrari\01 - trabajo\repos\netcore\template-netcore-shared\kitpymes.core.shared.tests\bin\release\netcoreapp3.0\kitpymes.core.shared.tests.dll" id="74c0befe-cdb2-1fdf-be71-2a39199bb5c9">
      <Execution id="e5a65a36-00ff-470c-bd48-955df912450d" />
      <TestMethod codeBase="D:\SFERRARI\01 - TRABAJO\REPOS\netcore\template-netcore-shared\Kitpymes.Core.Shared.Tests\bin\Release\netcoreapp3.0\Kitpymes.Core.Shared.Tests.dll" adapterTypeName="executor://mstestadapter/v2" className="Kitpymes.Core.Shared.Tests.ApplicationBuilderExtensionsTests" name="ToService_Passing_Service_Not_Found_Returns_ApplicationException" />
    </UnitTest>
    <UnitTest name="ToCount_Passing_ValidEnumType_Returns_Count" storage="d:\sferrari\01 - trabajo\repos\netcore\template-netcore-shared\kitpymes.core.shared.tests\bin\release\netcoreapp3.0\kitpymes.core.shared.tests.dll" id="bc6955b8-aec0-957c-bad4-853e5cfa19a1">
      <Execution id="1e732295-9eb0-43a5-a47a-15f571c5ef1e" />
      <TestMethod codeBase="D:\SFERRARI\01 - TRABAJO\REPOS\netcore\template-netcore-shared\Kitpymes.Core.Shared.Tests\bin\Release\netcoreapp3.0\Kitpymes.Core.Shared.Tests.dll" adapterTypeName="executor://mstestadapter/v2" className="Kitpymes.Core.Shared.Tests.EnumsTests" name="ToCount_Passing_ValidEnumType_Returns_Count" />
    </UnitTest>
    <UnitTest name="ToIsAuthenticated_Passing_Claims_Returns_False" storage="d:\sferrari\01 - trabajo\repos\netcore\template-netcore-shared\kitpymes.core.shared.tests\bin\release\netcoreapp3.0\kitpymes.core.shared.tests.dll" id="7384e2f6-7a7f-d462-78fa-5bf7f49c326a">
      <Execution id="a5b19a34-27e4-46ea-a68b-343a1464e7ac" />
      <TestMethod codeBase="D:\SFERRARI\01 - TRABAJO\REPOS\netcore\template-netcore-shared\Kitpymes.Core.Shared.Tests\bin\Release\netcoreapp3.0\Kitpymes.Core.Shared.Tests.dll" adapterTypeName="executor://mstestadapter/v2" className="Kitpymes.Core.Shared.Tests.ClaimsPrincipalExtensionsTests" name="ToIsAuthenticated_Passing_Claims_Returns_False" />
    </UnitTest>
    <UnitTest name="ToEnvironment_ServiceCollection_Passing_Custom_Enviroment_Returns_Custom_Name" storage="d:\sferrari\01 - trabajo\repos\netcore\template-netcore-shared\kitpymes.core.shared.tests\bin\release\netcoreapp3.0\kitpymes.core.shared.tests.dll" id="21ae5425-e2d1-002f-334f-105a6a674a01">
      <Execution id="eec935c0-3f47-464e-8e80-815004e4bd7e" />
      <TestMethod codeBase="D:\SFERRARI\01 - TRABAJO\REPOS\netcore\template-netcore-shared\Kitpymes.Core.Shared.Tests\bin\Release\netcoreapp3.0\Kitpymes.Core.Shared.Tests.dll" adapterTypeName="executor://mstestadapter/v2" className="Kitpymes.Core.Shared.Tests.ConfigurationBuilderExtensionsTests" name="ToEnvironment_ServiceCollection_Passing_Custom_Enviroment_Returns_Custom_Name" />
    </UnitTest>
    <UnitTest name="ToDictionaryPropertyInfo_Passing_Object_IncludeNullOrEmptyProperty_Returns_Properties_NameAndValue_Dictionary" storage="d:\sferrari\01 - trabajo\repos\netcore\template-netcore-shared\kitpymes.core.shared.tests\bin\release\netcoreapp3.0\kitpymes.core.shared.tests.dll" id="a0ed43cd-0648-ddf9-c80e-52c6889ee049">
      <Execution id="e65b8bb6-252c-4f79-9135-c9b174b0401c" />
      <TestMethod codeBase="D:\SFERRARI\01 - TRABAJO\REPOS\netcore\template-netcore-shared\Kitpymes.Core.Shared.Tests\bin\Release\netcoreapp3.0\Kitpymes.Core.Shared.Tests.dll" adapterTypeName="executor://mstestadapter/v2" className="Kitpymes.Core.Shared.Tests.GenericExtensionsTests" name="ToDictionaryPropertyInfo_Passing_Object_IncludeNullOrEmptyProperty_Returns_Properties_NameAndValue_Dictionary" />
    </UnitTest>
    <UnitTest name="ToIsWeekend_Passing_Saturday_DateTime_Returns_True" storage="d:\sferrari\01 - trabajo\repos\netcore\template-netcore-shared\kitpymes.core.shared.tests\bin\release\netcoreapp3.0\kitpymes.core.shared.tests.dll" id="18040ed3-941e-dd1e-cb8c-4d34d103f370">
      <Execution id="bd50a0fb-b793-46dd-97e6-ada119de322f" />
      <TestMethod codeBase="D:\SFERRARI\01 - TRABAJO\REPOS\netcore\template-netcore-shared\Kitpymes.Core.Shared.Tests\bin\Release\netcoreapp3.0\Kitpymes.Core.Shared.Tests.dll" adapterTypeName="executor://mstestadapter/v2" className="Kitpymes.Core.Shared.Tests.DateTimeExtensionsTests" name="ToIsWeekend_Passing_Saturday_DateTime_Returns_True" />
    </UnitTest>
    <UnitTest name="ToInt_Passing_InvalidValueString_Returns_Null" storage="d:\sferrari\01 - trabajo\repos\netcore\template-netcore-shared\kitpymes.core.shared.tests\bin\release\netcoreapp3.0\kitpymes.core.shared.tests.dll" id="2799ef62-9686-0dc7-84d2-73639b0030f7">
      <Execution id="58e36c0f-6531-4738-9c00-05b42569b459" />
      <TestMethod codeBase="D:\SFERRARI\01 - TRABAJO\REPOS\netcore\template-netcore-shared\Kitpymes.Core.Shared.Tests\bin\Release\netcoreapp3.0\Kitpymes.Core.Shared.Tests.dll" adapterTypeName="executor://mstestadapter/v2" className="Kitpymes.Core.Shared.Tests.StringExtensionsTests" name="ToInt_Passing_InvalidValueString_Returns_Null" />
    </UnitTest>
    <UnitTest name="ToThrow_Passing_InvalidValue_Returns_ApplicationExceptionWithMessage" storage="d:\sferrari\01 - trabajo\repos\netcore\template-netcore-shared\kitpymes.core.shared.tests\bin\release\netcoreapp3.0\kitpymes.core.shared.tests.dll" id="9b5f9705-0df5-3b21-5e23-e11b68721fd4">
      <Execution id="6a7c4c5c-bd29-49a8-a28f-2cd48f562754" />
      <TestMethod codeBase="D:\SFERRARI\01 - TRABAJO\REPOS\netcore\template-netcore-shared\Kitpymes.Core.Shared.Tests\bin\Release\netcoreapp3.0\Kitpymes.Core.Shared.Tests.dll" adapterTypeName="executor://mstestadapter/v2" className="Kitpymes.Core.Shared.Tests.CheckExtensionsTests" name="ToThrow_Passing_InvalidValue_Returns_ApplicationExceptionWithMessage" />
    </UnitTest>
    <UnitTest name="ToAge_Passing_Birthday_DateTime_Returns_Age" storage="d:\sferrari\01 - trabajo\repos\netcore\template-netcore-shared\kitpymes.core.shared.tests\bin\release\netcoreapp3.0\kitpymes.core.shared.tests.dll" id="4ead3f79-a54e-1b96-838c-d0c2f491cb0d">
      <Execution id="f06dc101-3404-4ad3-b2d4-fdacc7223967" />
      <TestMethod codeBase="D:\SFERRARI\01 - TRABAJO\REPOS\netcore\template-netcore-shared\Kitpymes.Core.Shared.Tests\bin\Release\netcoreapp3.0\Kitpymes.Core.Shared.Tests.dll" adapterTypeName="executor://mstestadapter/v2" className="Kitpymes.Core.Shared.Tests.DateTimeExtensionsTests" name="ToAge_Passing_Birthday_DateTime_Returns_Age" />
    </UnitTest>
    <UnitTest name="ToMapNew_Passing_TSource_And_TDestination_Returns_New_TDestination_Object" storage="d:\sferrari\01 - trabajo\repos\netcore\template-netcore-shared\kitpymes.core.shared.tests\bin\release\netcoreapp3.0\kitpymes.core.shared.tests.dll" id="46cc46f0-c0e1-f3e6-2242-cdef90a4249a">
      <Execution id="fb180f99-2545-43dc-acad-700191447b5e" />
      <TestMethod codeBase="D:\SFERRARI\01 - TRABAJO\REPOS\netcore\template-netcore-shared\Kitpymes.Core.Shared.Tests\bin\Release\netcoreapp3.0\Kitpymes.Core.Shared.Tests.dll" adapterTypeName="executor://mstestadapter/v2" className="Kitpymes.Core.Shared.Tests.AgileMapperExtensionsTests" name="ToMapNew_Passing_TSource_And_TDestination_Returns_New_TDestination_Object" />
    </UnitTest>
    <UnitTest name="ToTomorrow_Passing_DateTime_Returns_Tomorrow_DateTime" storage="d:\sferrari\01 - trabajo\repos\netcore\template-netcore-shared\kitpymes.core.shared.tests\bin\release\netcoreapp3.0\kitpymes.core.shared.tests.dll" id="c2d3c8df-32e7-92dc-91f8-057e8c4da6b9">
      <Execution id="9621fccf-3e4d-4da0-853d-8b8da3dce0be" />
      <TestMethod codeBase="D:\SFERRARI\01 - TRABAJO\REPOS\netcore\template-netcore-shared\Kitpymes.Core.Shared.Tests\bin\Release\netcoreapp3.0\Kitpymes.Core.Shared.Tests.dll" adapterTypeName="executor://mstestadapter/v2" className="Kitpymes.Core.Shared.Tests.DateTimeExtensionsTests" name="ToTomorrow_Passing_DateTime_Returns_Tomorrow_DateTime" />
    </UnitTest>
    <UnitTest name="ToService_Passing_Valid_Service_Returns_Service" storage="d:\sferrari\01 - trabajo\repos\netcore\template-netcore-shared\kitpymes.core.shared.tests\bin\release\netcoreapp3.0\kitpymes.core.shared.tests.dll" id="2aceb911-de9d-b2eb-c8db-f6b3f880216f">
      <Execution id="595ecf16-9b4d-4e14-8ff4-9471f1e41dad" />
      <TestMethod codeBase="D:\SFERRARI\01 - TRABAJO\REPOS\netcore\template-netcore-shared\Kitpymes.Core.Shared.Tests\bin\Release\netcoreapp3.0\Kitpymes.Core.Shared.Tests.dll" adapterTypeName="executor://mstestadapter/v2" className="Kitpymes.Core.Shared.Tests.ApplicationBuilderExtensionsTests" name="ToService_Passing_Valid_Service_Returns_Service" />
    </UnitTest>
    <UnitTest name="ToStartOfWeek_Passing_DateTime_Returns_Start_Of_Week_DateTime" storage="d:\sferrari\01 - trabajo\repos\netcore\template-netcore-shared\kitpymes.core.shared.tests\bin\release\netcoreapp3.0\kitpymes.core.shared.tests.dll" id="1f173fff-9060-8c18-f825-225901225244">
      <Execution id="5cfb7807-a7e6-4ffd-a464-1ab35b38ee65" />
      <TestMethod codeBase="D:\SFERRARI\01 - TRABAJO\REPOS\netcore\template-netcore-shared\Kitpymes.Core.Shared.Tests\bin\Release\netcoreapp3.0\Kitpymes.Core.Shared.Tests.dll" adapterTypeName="executor://mstestadapter/v2" className="Kitpymes.Core.Shared.Tests.DateTimeExtensionsTests" name="ToStartOfWeek_Passing_DateTime_Returns_Start_Of_Week_DateTime" />
    </UnitTest>
    <UnitTest name="ToServiceMatchingInterface_Passing_Valid_Assembly_Returns_Service" storage="d:\sferrari\01 - trabajo\repos\netcore\template-netcore-shared\kitpymes.core.shared.tests\bin\release\netcoreapp3.0\kitpymes.core.shared.tests.dll" id="845c887e-a785-555d-db89-1c2975a33bbb">
      <Execution id="cd68c5ab-4acb-4fe9-95b2-7772b60476c8" />
      <TestMethod codeBase="D:\SFERRARI\01 - TRABAJO\REPOS\netcore\template-netcore-shared\Kitpymes.Core.Shared.Tests\bin\Release\netcoreapp3.0\Kitpymes.Core.Shared.Tests.dll" adapterTypeName="executor://mstestadapter/v2" className="Kitpymes.Core.Shared.Tests.ConfigurationBuilderExtensionsTests" name="ToServiceMatchingInterface_Passing_Valid_Assembly_Returns_Service" />
    </UnitTest>
    <UnitTest name="ToConfigureOrDefault_Passing_DefaultValues_And_ActionCustomValues_Returns_DefaultValues_And_CustomValues" storage="d:\sferrari\01 - trabajo\repos\netcore\template-netcore-shared\kitpymes.core.shared.tests\bin\release\netcoreapp3.0\kitpymes.core.shared.tests.dll" id="53cbdd8e-a1ef-5d22-8745-938609ed19c2">
      <Execution id="48b43aa9-0638-4418-9955-3c1fd57ce1a3" />
      <TestMethod codeBase="D:\SFERRARI\01 - TRABAJO\REPOS\netcore\template-netcore-shared\Kitpymes.Core.Shared.Tests\bin\Release\netcoreapp3.0\Kitpymes.Core.Shared.Tests.dll" adapterTypeName="executor://mstestadapter/v2" className="Kitpymes.Core.Shared.Tests.ActionExtensionsTests" name="ToConfigureOrDefault_Passing_DefaultValues_And_ActionCustomValues_Returns_DefaultValues_And_CustomValues" />
    </UnitTest>
    <UnitTest name="ToSettings_Passing_Values_From_Memory_Returns_Settings" storage="d:\sferrari\01 - trabajo\repos\netcore\template-netcore-shared\kitpymes.core.shared.tests\bin\release\netcoreapp3.0\kitpymes.core.shared.tests.dll" id="86b92527-4d52-052b-63ae-d9a8aa694919">
      <Execution id="5d8d24a3-2fb1-4a54-a72e-07173c7762e4" />
      <TestMethod codeBase="D:\SFERRARI\01 - TRABAJO\REPOS\netcore\template-netcore-shared\Kitpymes.Core.Shared.Tests\bin\Release\netcoreapp3.0\Kitpymes.Core.Shared.Tests.dll" adapterTypeName="executor://mstestadapter/v2" className="Kitpymes.Core.Shared.Tests.ConfigurationBuilderExtensionsTests" name="ToSettings_Passing_Values_From_Memory_Returns_Settings" />
    </UnitTest>
    <UnitTest name="ToFormat_Passing_ValidValueFormatWithArguments_Returns_ValueWithFormat" storage="d:\sferrari\01 - trabajo\repos\netcore\template-netcore-shared\kitpymes.core.shared.tests\bin\release\netcoreapp3.0\kitpymes.core.shared.tests.dll" id="ac572b27-5286-68a4-5380-d7de82fbf69a">
      <Execution id="c7696288-2053-4214-bb2c-2ed60fe90d2e" />
      <TestMethod codeBase="D:\SFERRARI\01 - TRABAJO\REPOS\netcore\template-netcore-shared\Kitpymes.Core.Shared.Tests\bin\Release\netcoreapp3.0\Kitpymes.Core.Shared.Tests.dll" adapterTypeName="executor://mstestadapter/v2" className="Kitpymes.Core.Shared.Tests.StringExtensionsTests" name="ToFormat_Passing_ValidValueFormatWithArguments_Returns_ValueWithFormat" />
    </UnitTest>
  </TestDefinitions>
  <TestEntries>
    <TestEntry testId="3721d3c1-7c03-ad84-143f-64bfeb5b314e" executionId="8fd58f18-9792-4abf-993a-40b235828aaf" testListId="8c84fa94-04c1-424b-9868-57a2d4851a1d" />
    <TestEntry testId="f752d50b-77fa-327a-4493-168161bd27b2" executionId="8c13fd51-9464-47b2-b3ea-948eb681ad0d" testListId="8c84fa94-04c1-424b-9868-57a2d4851a1d" />
    <TestEntry testId="53cbdd8e-a1ef-5d22-8745-938609ed19c2" executionId="48b43aa9-0638-4418-9955-3c1fd57ce1a3" testListId="8c84fa94-04c1-424b-9868-57a2d4851a1d" />
    <TestEntry testId="55f105d6-fc07-21db-e70a-db30ccdb0844" executionId="27ec502a-51c0-4d69-b4b5-5ddfee6fab9f" testListId="8c84fa94-04c1-424b-9868-57a2d4851a1d" />
    <TestEntry testId="0cb5eb43-9273-0bdf-bd18-53b184535503" executionId="3694b1da-4031-4b79-8687-fc661ff12b08" testListId="8c84fa94-04c1-424b-9868-57a2d4851a1d" />
    <TestEntry testId="57d3cdd8-8268-9aa3-6f39-3cc0224b305c" executionId="c4070ef4-7c38-4ac9-814a-d3d52025ba7d" testListId="8c84fa94-04c1-424b-9868-57a2d4851a1d" />
    <TestEntry testId="845c887e-a785-555d-db89-1c2975a33bbb" executionId="cd68c5ab-4acb-4fe9-95b2-7772b60476c8" testListId="8c84fa94-04c1-424b-9868-57a2d4851a1d" />
    <TestEntry testId="a0ed43cd-0648-ddf9-c80e-52c6889ee049" executionId="e65b8bb6-252c-4f79-9135-c9b174b0401c" testListId="8c84fa94-04c1-424b-9868-57a2d4851a1d" />
    <TestEntry testId="9af963da-8209-d683-34a5-be793bc59993" executionId="eb43a9f3-745b-4a57-b28a-991c3e0f170a" testListId="8c84fa94-04c1-424b-9868-57a2d4851a1d" />
    <TestEntry testId="8c1d1a56-be42-3df5-a82e-36b97c2860b8" executionId="0154f30d-7d12-439c-942f-67226f760f3f" testListId="8c84fa94-04c1-424b-9868-57a2d4851a1d" />
    <TestEntry testId="f0f37a42-1a3a-10a5-5f17-e01b9915abd3" executionId="94d393e6-0484-40e8-9196-5142407f8bb0" testListId="8c84fa94-04c1-424b-9868-57a2d4851a1d" />
    <TestEntry testId="f8b74494-d277-7173-e694-2a4d463a4607" executionId="a04abc7c-70ef-4c56-bcdc-057fb645f24c" testListId="8c84fa94-04c1-424b-9868-57a2d4851a1d" />
    <TestEntry testId="50bab7c1-daec-6ad7-fb8a-d46e02e1508d" executionId="56f2ddff-d8d6-4b86-90be-f180544ed35b" testListId="8c84fa94-04c1-424b-9868-57a2d4851a1d" />
    <TestEntry testId="fa00d2a8-59b9-ad9e-caa1-a0c9e3156db1" executionId="e37e8820-9deb-4b83-afbb-d872bcf024b5" testListId="8c84fa94-04c1-424b-9868-57a2d4851a1d" />
    <TestEntry testId="c1b9482d-5008-2226-29f4-9800d3a2b340" executionId="b092f0c3-1607-431a-8a5d-2c5ed5d1ca14" testListId="8c84fa94-04c1-424b-9868-57a2d4851a1d" />
    <TestEntry testId="c87d842d-198f-fc52-0a70-418a5e5378ab" executionId="6d9075b6-d6b7-44ad-82bd-bf93f85ebb6f" testListId="8c84fa94-04c1-424b-9868-57a2d4851a1d" />
    <TestEntry testId="bd43e66e-fbae-26eb-a9a1-c58a6bf5d7af" executionId="611a95ab-79f5-4a61-8c8a-7b6fa0b420af" testListId="8c84fa94-04c1-424b-9868-57a2d4851a1d" />
    <TestEntry testId="801afd1a-5f3d-0d0c-471a-96452bf5bc35" executionId="21411422-8c7e-493b-b91e-5f3bd5e31623" testListId="8c84fa94-04c1-424b-9868-57a2d4851a1d" />
    <TestEntry testId="98331ff8-6ed1-e7ba-c8dd-be5bd5b6cb2c" executionId="36818831-d9e8-4742-8b1f-3aa4519dc505" testListId="8c84fa94-04c1-424b-9868-57a2d4851a1d" />
    <TestEntry testId="1340b308-d9eb-a26e-e042-04d6c1d9a958" executionId="c5da6449-f389-40d3-b8dc-30220812ccd7" testListId="8c84fa94-04c1-424b-9868-57a2d4851a1d" />
    <TestEntry testId="a95f665c-aa8d-208d-902c-60a464250c99" executionId="23938bd2-d558-4aa7-af1d-6344f30702c4" testListId="8c84fa94-04c1-424b-9868-57a2d4851a1d" />
    <TestEntry testId="7daaba64-d3ad-9109-43bf-bdb516b673b8" executionId="e9c0eb3c-2cb1-4cd4-bbc9-8fda30d6d815" testListId="8c84fa94-04c1-424b-9868-57a2d4851a1d" />
    <TestEntry testId="5385d994-9594-6052-11cb-73f8d2344981" executionId="796797b2-d432-4048-aa36-c2bdfb8970d4" testListId="8c84fa94-04c1-424b-9868-57a2d4851a1d" />
    <TestEntry testId="0f697beb-b7a4-6aa6-9017-b57feeb9ba7f" executionId="60972d06-14a4-41c3-8dec-1206739f4a8a" testListId="8c84fa94-04c1-424b-9868-57a2d4851a1d" />
    <TestEntry testId="579b7361-19a9-f329-acb3-de102dcfc793" executionId="35527852-984e-4197-8288-1f33277cc84b" testListId="8c84fa94-04c1-424b-9868-57a2d4851a1d" />
    <TestEntry testId="635e001f-2a50-f191-84e2-e81cd2000fdf" executionId="7e07d46b-bde5-428f-9128-640574529a7b" testListId="8c84fa94-04c1-424b-9868-57a2d4851a1d" />
    <TestEntry testId="47f3e733-f069-b79f-9f6d-7c11fc368663" executionId="f5e9be1a-2656-4785-b37d-c7d30e175900" testListId="8c84fa94-04c1-424b-9868-57a2d4851a1d" />
    <TestEntry testId="c2d3c8df-32e7-92dc-91f8-057e8c4da6b9" executionId="9621fccf-3e4d-4da0-853d-8b8da3dce0be" testListId="8c84fa94-04c1-424b-9868-57a2d4851a1d" />
    <TestEntry testId="688a191d-5b56-481f-5739-c5e4f9181418" executionId="c424cb2d-0e6a-458b-aa49-813c2865389d" testListId="8c84fa94-04c1-424b-9868-57a2d4851a1d" />
    <TestEntry testId="922c5a5d-5d46-b5de-bcbd-4fac0addd422" executionId="7f96e864-16ee-44ef-9637-d665d64228fe" testListId="8c84fa94-04c1-424b-9868-57a2d4851a1d" />
    <TestEntry testId="10024a68-25d4-872c-3e48-a6d6b2671494" executionId="810ef1b8-7e01-4a0a-a245-54000568b3a1" testListId="8c84fa94-04c1-424b-9868-57a2d4851a1d" />
    <TestEntry testId="1c5de28c-f1b3-c94d-8e43-201eab8c2ff8" executionId="d063269f-6149-4b79-bb52-bf256c842f4e" testListId="8c84fa94-04c1-424b-9868-57a2d4851a1d" />
    <TestEntry testId="180814cc-22f9-91b2-cd9a-f54be7e1ba18" executionId="3537031a-e875-4d34-ada8-d93b945b92e9" testListId="8c84fa94-04c1-424b-9868-57a2d4851a1d" />
    <TestEntry testId="18040ed3-941e-dd1e-cb8c-4d34d103f370" executionId="bd50a0fb-b793-46dd-97e6-ada119de322f" testListId="8c84fa94-04c1-424b-9868-57a2d4851a1d" />
    <TestEntry testId="ee30e1f9-ce80-c70a-1b56-b7e02750ae26" executionId="69a663ba-6d61-4e27-bd34-d60ff4de2ad0" testListId="8c84fa94-04c1-424b-9868-57a2d4851a1d" />
    <TestEntry testId="bc6955b8-aec0-957c-bad4-853e5cfa19a1" executionId="1e732295-9eb0-43a5-a47a-15f571c5ef1e" testListId="8c84fa94-04c1-424b-9868-57a2d4851a1d" />
    <TestEntry testId="432377b9-b0ad-9a2a-6dc2-e1069e73c449" executionId="9c2c8b21-3ab9-44b8-bb61-3443198f62e2" testListId="8c84fa94-04c1-424b-9868-57a2d4851a1d" />
    <TestEntry testId="74c0befe-cdb2-1fdf-be71-2a39199bb5c9" executionId="e5a65a36-00ff-470c-bd48-955df912450d" testListId="8c84fa94-04c1-424b-9868-57a2d4851a1d" />
    <TestEntry testId="0ee8121e-b492-a57d-d072-de988a4e30f8" executionId="dee688e7-90ad-4533-9929-ba421a68e14b" testListId="8c84fa94-04c1-424b-9868-57a2d4851a1d" />
    <TestEntry testId="a1095294-226e-a0f0-0154-11290289c9db" executionId="d5394298-6b7f-4ff6-a6a3-6b6605dacdf4" testListId="8c84fa94-04c1-424b-9868-57a2d4851a1d" />
    <TestEntry testId="29112d2a-2e73-305d-ec50-12fc95c28627" executionId="1c688eb3-d486-4522-98a3-c0b0a3a3bcbb" testListId="8c84fa94-04c1-424b-9868-57a2d4851a1d" />
    <TestEntry testId="bf48e581-43e6-7660-c4f4-1b7deb1f0ed9" executionId="e4f78da9-e419-4f46-acb5-67eecb320542" testListId="8c84fa94-04c1-424b-9868-57a2d4851a1d" />
    <TestEntry testId="2799ef62-9686-0dc7-84d2-73639b0030f7" executionId="58e36c0f-6531-4738-9c00-05b42569b459" testListId="8c84fa94-04c1-424b-9868-57a2d4851a1d" />
    <TestEntry testId="e9b23f0c-0cde-4603-1739-ee642fd33c36" executionId="99d6d51b-af0c-4a17-adcd-41bb520114df" testListId="8c84fa94-04c1-424b-9868-57a2d4851a1d" />
    <TestEntry testId="eb3fbb45-8257-f4b8-0975-042f859a72bf" executionId="b36d923e-9628-417e-bae8-3f728148c4f0" testListId="8c84fa94-04c1-424b-9868-57a2d4851a1d" />
    <TestEntry testId="d6d04f4a-9142-b816-d673-c4abf49a39ad" executionId="47f39e54-45b1-489b-9f7f-998aa0afa3d9" testListId="8c84fa94-04c1-424b-9868-57a2d4851a1d" />
    <TestEntry testId="8dccdb77-e6a8-58c6-9bd0-108f87c5ff65" executionId="075a71eb-7042-4a4f-8725-830258903474" testListId="8c84fa94-04c1-424b-9868-57a2d4851a1d" />
    <TestEntry testId="9b5f9705-0df5-3b21-5e23-e11b68721fd4" executionId="6a7c4c5c-bd29-49a8-a28f-2cd48f562754" testListId="8c84fa94-04c1-424b-9868-57a2d4851a1d" />
    <TestEntry testId="220e18c9-f841-c623-c1aa-300e190b4f6d" executionId="16704174-bd89-4336-98a8-990309dbfbec" testListId="8c84fa94-04c1-424b-9868-57a2d4851a1d" />
    <TestEntry testId="4e1a5879-f3c8-4fdb-51d0-c4cf0a35e0bf" executionId="2862a394-d488-4625-a805-dea4f4587a50" testListId="8c84fa94-04c1-424b-9868-57a2d4851a1d" />
    <TestEntry testId="2e87c537-4979-f58b-6e83-f3d4ee161ff1" executionId="0478caad-2245-4ecb-b710-e318bd1ed769" testListId="8c84fa94-04c1-424b-9868-57a2d4851a1d" />
    <TestEntry testId="4d9bde6c-668c-a1d3-dc60-edcfc6a4082c" executionId="71885992-48f1-4421-8b1f-ee8f9d40e520" testListId="8c84fa94-04c1-424b-9868-57a2d4851a1d" />
    <TestEntry testId="42ded375-26ee-044e-44a7-9eab5e4cd342" executionId="a7e716aa-5619-4328-ac1a-3906b707ed14" testListId="8c84fa94-04c1-424b-9868-57a2d4851a1d" />
    <TestEntry testId="4a2e80a7-472b-b7f7-ba61-ac77aed5735d" executionId="849b6afa-dfdc-4152-b076-abe06c8949a2" testListId="8c84fa94-04c1-424b-9868-57a2d4851a1d" />
    <TestEntry testId="c09577a6-adca-ef94-40b5-45575ad65e4f" executionId="450c7579-ca28-4f50-a759-7d1cdfecc4fd" testListId="8c84fa94-04c1-424b-9868-57a2d4851a1d" />
    <TestEntry testId="33545399-79af-5e7f-5179-57fe5645f4be" executionId="6b4aebe6-8453-4c69-9a69-2ee35fcaecd7" testListId="8c84fa94-04c1-424b-9868-57a2d4851a1d" />
    <TestEntry testId="ffa669f9-8e25-a33b-f8f7-c3ba4a576a2b" executionId="ce704ea4-0a78-4b35-bf67-ed64df410854" testListId="8c84fa94-04c1-424b-9868-57a2d4851a1d" />
    <TestEntry testId="0c633595-70e8-b011-5a46-c9c7e1687cb9" executionId="1ac52d68-f5b2-4f10-977b-980f379b759f" testListId="8c84fa94-04c1-424b-9868-57a2d4851a1d" />
    <TestEntry testId="aaa46586-7b83-9a88-e835-ae92592f98a3" executionId="7124f081-ccb7-469d-9052-5018e98ae84d" testListId="8c84fa94-04c1-424b-9868-57a2d4851a1d" />
    <TestEntry testId="13bab721-bf36-ea1b-3f50-9937b274e83a" executionId="d892142b-7d08-45d5-a2a4-9d9c69189769" testListId="8c84fa94-04c1-424b-9868-57a2d4851a1d" />
    <TestEntry testId="a03675ec-665e-f4d5-4630-89e50dac0bfb" executionId="9320ff90-8e13-4f0d-bfe3-f39fd09901be" testListId="8c84fa94-04c1-424b-9868-57a2d4851a1d" />
    <TestEntry testId="118e36ba-6572-1245-e05b-9bcc7b4e5e20" executionId="1871403d-83be-415e-b73d-fb455d3514e3" testListId="8c84fa94-04c1-424b-9868-57a2d4851a1d" />
    <TestEntry testId="e1a72c94-958d-7abb-4a96-4b60b12f8157" executionId="cd1f8a88-5f30-4025-a738-ecb584b25ed5" testListId="8c84fa94-04c1-424b-9868-57a2d4851a1d" />
    <TestEntry testId="225c09bd-86d5-d9ce-d2b8-18431ca384e3" executionId="ab6c6ec5-b5ce-42f7-9c36-186365a57759" testListId="8c84fa94-04c1-424b-9868-57a2d4851a1d" />
    <TestEntry testId="a272f84c-2bd5-daa4-4afe-22346b802f86" executionId="ad5a9483-03e4-4469-8acc-b85257dd79da" testListId="8c84fa94-04c1-424b-9868-57a2d4851a1d" />
    <TestEntry testId="760ae14b-6c0d-0288-811d-408b67937415" executionId="03f2d17a-1254-4ac5-b1e9-ff655bad1f38" testListId="8c84fa94-04c1-424b-9868-57a2d4851a1d" />
    <TestEntry testId="26cc48e2-5e82-bc12-cf41-e3a984599b8d" executionId="0db024e3-d641-4a35-9c3d-3f850ab37788" testListId="8c84fa94-04c1-424b-9868-57a2d4851a1d" />
    <TestEntry testId="1577c538-d1be-5b59-2b09-8e59b0be5fcd" executionId="7fc857a1-3f5d-426f-8e48-9d13d25cb5c2" testListId="8c84fa94-04c1-424b-9868-57a2d4851a1d" />
    <TestEntry testId="f2debf4a-2a42-7b0b-1005-8f74a6fc63cb" executionId="07ae1989-9fcb-47f8-8e38-1dbdedfb1c83" testListId="8c84fa94-04c1-424b-9868-57a2d4851a1d" />
    <TestEntry testId="161f5d07-7835-e575-5072-b9d787ef451c" executionId="c466e49d-2f00-47f4-802a-60f6c4c11148" testListId="8c84fa94-04c1-424b-9868-57a2d4851a1d" />
    <TestEntry testId="7a313c49-8adc-98e3-cdda-86b900f0ade6" executionId="00451c27-8efb-405e-a3d1-aa8c4b4ae9f8" testListId="8c84fa94-04c1-424b-9868-57a2d4851a1d" />
    <TestEntry testId="a4956cd8-34a7-6fca-5b71-6eb98cedd9b0" executionId="af9a9772-3b9d-4a49-b44b-08c04919ca1f" testListId="8c84fa94-04c1-424b-9868-57a2d4851a1d" />
    <TestEntry testId="1b969e76-d97c-c639-c377-a41796fbb2c3" executionId="3193cae3-0011-4d77-92bd-5451ecf194e0" testListId="8c84fa94-04c1-424b-9868-57a2d4851a1d" />
    <TestEntry testId="e8138724-52f6-6999-ada4-cbc441f2cd15" executionId="a3972db9-6cb4-49da-ae08-cc67108c69ff" testListId="8c84fa94-04c1-424b-9868-57a2d4851a1d" />
    <TestEntry testId="ede15cdf-3d1b-3e1a-18dc-485a2d50fe42" executionId="738ac877-ac58-493f-a0e4-37f58dc6b6b4" testListId="8c84fa94-04c1-424b-9868-57a2d4851a1d" />
    <TestEntry testId="65b9b71b-a8d5-2a7d-a8a7-0e3a015e6b68" executionId="9c8c5ac3-4123-4602-bd13-89ab1bf71b97" testListId="8c84fa94-04c1-424b-9868-57a2d4851a1d" />
    <TestEntry testId="e9d3a3d6-32e0-613e-b55e-48afdf1ab686" executionId="80a96223-dcdf-4ef7-853a-7a057fda30b7" testListId="8c84fa94-04c1-424b-9868-57a2d4851a1d" />
    <TestEntry testId="5e237822-3b9d-da27-9221-3ae1f5eb15b0" executionId="32e615ec-8345-4751-a4f2-04137c74a6a7" testListId="8c84fa94-04c1-424b-9868-57a2d4851a1d" />
    <TestEntry testId="96f263a8-e1d9-0070-21ba-583144d2d030" executionId="947fe6ee-324e-4a76-b9e7-1c3231a06939" testListId="8c84fa94-04c1-424b-9868-57a2d4851a1d" />
    <TestEntry testId="c63cd623-e636-5730-a1fa-b18ae782acc7" executionId="fdc6f0fb-5c9d-4246-aa57-48872cf8022e" testListId="8c84fa94-04c1-424b-9868-57a2d4851a1d" />
    <TestEntry testId="0b00f09d-f7e4-fb1e-68ad-8102cf6143e0" executionId="4b526cd7-9085-476b-b6af-745f1480026e" testListId="8c84fa94-04c1-424b-9868-57a2d4851a1d" />
    <TestEntry testId="55f84516-b3d2-35a4-2f3f-b6558c160cb1" executionId="b3977c56-bacf-41d9-ae46-cda03d5f5af9" testListId="8c84fa94-04c1-424b-9868-57a2d4851a1d" />
    <TestEntry testId="1a919c7e-4e1e-08f8-d5ef-a9418bde23f0" executionId="5736c853-808a-417d-a52d-f202f5c146b2" testListId="8c84fa94-04c1-424b-9868-57a2d4851a1d" />
    <TestEntry testId="bb347f18-44ab-0d77-d5bd-a671e4c37650" executionId="82a20c2b-838d-446d-932d-70164a18954b" testListId="8c84fa94-04c1-424b-9868-57a2d4851a1d" />
    <TestEntry testId="605637df-9854-875b-b3aa-6675f3fbd045" executionId="0a919d32-e807-4391-a24f-d952e383a6af" testListId="8c84fa94-04c1-424b-9868-57a2d4851a1d" />
    <TestEntry testId="5c861184-f295-e727-0fd4-d218f13da14d" executionId="10cd4bf3-0b03-4da8-b0bb-8da2fa54fedd" testListId="8c84fa94-04c1-424b-9868-57a2d4851a1d" />
    <TestEntry testId="46cc46f0-c0e1-f3e6-2242-cdef90a4249a" executionId="fb180f99-2545-43dc-acad-700191447b5e" testListId="8c84fa94-04c1-424b-9868-57a2d4851a1d" />
    <TestEntry testId="4315ebd1-3e2a-edf0-9de6-c78f08760fe3" executionId="52529fe6-be15-4d21-baca-a7becb12d92b" testListId="8c84fa94-04c1-424b-9868-57a2d4851a1d" />
    <TestEntry testId="b871cd27-681f-8d07-6c2a-809341ba2909" executionId="bc5a2760-9a88-4815-a731-89cf456fce8a" testListId="8c84fa94-04c1-424b-9868-57a2d4851a1d" />
    <TestEntry testId="15fe55e5-cdce-6280-ea15-ef777735767c" executionId="0edb54e9-29a9-4b8c-960d-4438c854cb5b" testListId="8c84fa94-04c1-424b-9868-57a2d4851a1d" />
    <TestEntry testId="04084e8e-c859-4ef5-e2a7-4fb2803cb2a3" executionId="b48e30ed-8683-4ea4-8d54-ce551307b759" testListId="8c84fa94-04c1-424b-9868-57a2d4851a1d" />
    <TestEntry testId="40108f40-2761-0a89-d16d-ad113b5f3dd5" executionId="5ae4bf9c-2065-43f2-ab22-d40402514445" testListId="8c84fa94-04c1-424b-9868-57a2d4851a1d" />
    <TestEntry testId="73904cd7-b09d-89fc-efca-330cb9d1d1b7" executionId="9d53474a-07b1-4daf-8d24-5c627687653f" testListId="8c84fa94-04c1-424b-9868-57a2d4851a1d" />
    <TestEntry testId="459f13f4-e266-2f20-5c30-d2c64797095d" executionId="176f8185-b595-4f11-9d68-39386df9fa75" testListId="8c84fa94-04c1-424b-9868-57a2d4851a1d" />
    <TestEntry testId="3443f7f5-ee1a-f375-e5b1-f7ffa940c0db" executionId="759c5d56-b346-49c1-b2b5-2d39580e4ecd" testListId="8c84fa94-04c1-424b-9868-57a2d4851a1d" />
    <TestEntry testId="7f0aeefe-ba4a-5404-c6f8-82be67718cc4" executionId="7ab790de-81d3-4736-8067-9e2cd06d5282" testListId="8c84fa94-04c1-424b-9868-57a2d4851a1d" />
    <TestEntry testId="6fc389b2-a5f3-ded0-63b6-7e1b4cca8442" executionId="669ce504-e7f7-416a-8ccf-0aa308593404" testListId="8c84fa94-04c1-424b-9868-57a2d4851a1d" />
    <TestEntry testId="43c10c64-8836-30db-afbe-d1657a7dd9d8" executionId="b1336ee2-5885-41cd-8361-ea34ed98a99b" testListId="8c84fa94-04c1-424b-9868-57a2d4851a1d" />
    <TestEntry testId="aeb559a5-c285-7ab9-baee-1cb152d1742f" executionId="cc51fe90-b2c1-4580-ba81-81d33a666596" testListId="8c84fa94-04c1-424b-9868-57a2d4851a1d" />
    <TestEntry testId="7c09a438-5465-f760-64b2-23d25fc199f5" executionId="fdb3167a-5a4e-4ec1-946d-ede2ac1ed833" testListId="8c84fa94-04c1-424b-9868-57a2d4851a1d" />
    <TestEntry testId="1f173fff-9060-8c18-f825-225901225244" executionId="5cfb7807-a7e6-4ffd-a464-1ab35b38ee65" testListId="8c84fa94-04c1-424b-9868-57a2d4851a1d" />
    <TestEntry testId="21ae5425-e2d1-002f-334f-105a6a674a01" executionId="eec935c0-3f47-464e-8e80-815004e4bd7e" testListId="8c84fa94-04c1-424b-9868-57a2d4851a1d" />
    <TestEntry testId="86b92527-4d52-052b-63ae-d9a8aa694919" executionId="5d8d24a3-2fb1-4a54-a72e-07173c7762e4" testListId="8c84fa94-04c1-424b-9868-57a2d4851a1d" />
    <TestEntry testId="17a38df3-33e0-71ac-f8cb-dcdd3ade7269" executionId="f5b039bb-2c73-472b-a329-9bef47178ede" testListId="8c84fa94-04c1-424b-9868-57a2d4851a1d" />
    <TestEntry testId="4ead3f79-a54e-1b96-838c-d0c2f491cb0d" executionId="f06dc101-3404-4ad3-b2d4-fdacc7223967" testListId="8c84fa94-04c1-424b-9868-57a2d4851a1d" />
    <TestEntry testId="640513b3-feee-19a8-efba-5817e77ff3ee" executionId="83a3f3f7-466a-49be-828d-28e88f7138b4" testListId="8c84fa94-04c1-424b-9868-57a2d4851a1d" />
    <TestEntry testId="297c060d-406b-f933-91fe-dfd3459b8ace" executionId="adb858df-5a8d-4046-9915-7f5b96f54112" testListId="8c84fa94-04c1-424b-9868-57a2d4851a1d" />
    <TestEntry testId="7c679bcb-7a59-8751-0063-1ef6e07cb160" executionId="1d03e49c-29cd-4a0f-b64e-0cbcd4035384" testListId="8c84fa94-04c1-424b-9868-57a2d4851a1d" />
    <TestEntry testId="0b1e4893-9444-2235-b7fa-3782f9932212" executionId="f74875e1-1612-468d-a671-8c7337caee1c" testListId="8c84fa94-04c1-424b-9868-57a2d4851a1d" />
    <TestEntry testId="65b9c427-b5ec-99b4-199a-0093cd460501" executionId="5bf4e617-6021-4530-aeb8-839aedecc807" testListId="8c84fa94-04c1-424b-9868-57a2d4851a1d" />
    <TestEntry testId="cd004a9f-a0f6-2fdf-aeae-1890f4ab8e71" executionId="964c8e23-1988-448e-9d05-a765014c9597" testListId="8c84fa94-04c1-424b-9868-57a2d4851a1d" />
    <TestEntry testId="8a110a46-40a4-c9bb-083e-1c3fcb5b45b7" executionId="90732635-abf7-45ac-9ea5-beaebfc56abd" testListId="8c84fa94-04c1-424b-9868-57a2d4851a1d" />
    <TestEntry testId="e608205e-4953-e9a3-1956-895ed42ab083" executionId="3a4a04df-a665-4875-9c7a-1ede75f55ade" testListId="8c84fa94-04c1-424b-9868-57a2d4851a1d" />
    <TestEntry testId="19f76070-822e-31f8-2a9f-a96f774333a7" executionId="2bd93261-5773-4729-a328-a0956011108b" testListId="8c84fa94-04c1-424b-9868-57a2d4851a1d" />
    <TestEntry testId="30809299-0e3e-4ac7-4a2a-6f8c296d2226" executionId="b0c15609-a4af-4f7e-9b3e-370273af61eb" testListId="8c84fa94-04c1-424b-9868-57a2d4851a1d" />
    <TestEntry testId="856fd0c8-b6f8-9265-ccfd-2a9e615488e2" executionId="cbded9c3-7c4f-4816-8545-73b4eac26996" testListId="8c84fa94-04c1-424b-9868-57a2d4851a1d" />
    <TestEntry testId="c330741e-ad40-618c-36cc-508c135d2b95" executionId="a8442b32-a4b5-4d0e-9614-72497fbda277" testListId="8c84fa94-04c1-424b-9868-57a2d4851a1d" />
    <TestEntry testId="66f7bc12-fe2b-fd81-3cbf-5bc4840aa6f8" executionId="f5597fb0-b1ee-491e-b375-7dc67d7e2fb9" testListId="8c84fa94-04c1-424b-9868-57a2d4851a1d" />
    <TestEntry testId="7dc20d31-477c-3765-83c0-7575a504da96" executionId="a5d60d8f-d23d-4c7d-911e-37ba2f283fdc" testListId="8c84fa94-04c1-424b-9868-57a2d4851a1d" />
    <TestEntry testId="e2880a6e-7a01-b4ba-86fb-4d33be072972" executionId="01a0df1e-e01f-4f67-85a3-7f3662573ffd" testListId="8c84fa94-04c1-424b-9868-57a2d4851a1d" />
    <TestEntry testId="5517211d-203c-115f-7dc1-6f48da8ab75b" executionId="39f74d9e-9f4a-426b-bc6a-e5d647a27c08" testListId="8c84fa94-04c1-424b-9868-57a2d4851a1d" />
    <TestEntry testId="d7c20db6-f712-8539-ac01-01e8f4033fac" executionId="aa31e2aa-b0b7-458e-8b49-a132a4b4d9b1" testListId="8c84fa94-04c1-424b-9868-57a2d4851a1d" />
    <TestEntry testId="0cfd0c7c-1a61-7d19-c2fa-3c8a47ccf09c" executionId="0a85e935-efb6-4127-8e9b-d77fcda896fc" testListId="8c84fa94-04c1-424b-9868-57a2d4851a1d" />
    <TestEntry testId="320700ce-aa3b-5818-fb18-706cf7605472" executionId="4e1d3d35-706f-46d6-bf82-c4642a6c33bd" testListId="8c84fa94-04c1-424b-9868-57a2d4851a1d" />
    <TestEntry testId="7384e2f6-7a7f-d462-78fa-5bf7f49c326a" executionId="a5b19a34-27e4-46ea-a68b-343a1464e7ac" testListId="8c84fa94-04c1-424b-9868-57a2d4851a1d" />
    <TestEntry testId="6bd61990-78b5-76ea-0df5-0c13c388bdc0" executionId="b923fa1a-4ac3-416b-8619-a154b6f0eda1" testListId="8c84fa94-04c1-424b-9868-57a2d4851a1d" />
    <TestEntry testId="074815db-ddf2-9c1f-0fef-7f709183591e" executionId="3e788c03-35fb-4d60-a376-f5d75d839d3e" testListId="8c84fa94-04c1-424b-9868-57a2d4851a1d" />
    <TestEntry testId="34e0940c-fc9c-71db-fc18-7d52ee8761a0" executionId="e3a4f66d-ff7d-43f0-98da-cdda7efeaa99" testListId="8c84fa94-04c1-424b-9868-57a2d4851a1d" />
    <TestEntry testId="bf8f6922-5666-8ec7-1500-aabd5997d6a4" executionId="0de1208a-c977-4586-99c6-60a1b1a34d2e" testListId="8c84fa94-04c1-424b-9868-57a2d4851a1d" />
    <TestEntry testId="69b6ed05-fdf2-6989-0583-109b4777a6ac" executionId="e29d9974-8f92-4dea-89eb-09867f33c5a9" testListId="8c84fa94-04c1-424b-9868-57a2d4851a1d" />
    <TestEntry testId="0d35441f-72fe-a777-509f-6a19632f972a" executionId="dba222b9-e432-4f1f-9b29-476b39aabb1b" testListId="8c84fa94-04c1-424b-9868-57a2d4851a1d" />
    <TestEntry testId="1f6423c7-4317-6f5b-c112-f4c9c7e822af" executionId="08be2b5d-0857-4775-9a93-4696e8b2bb6f" testListId="8c84fa94-04c1-424b-9868-57a2d4851a1d" />
    <TestEntry testId="c8fd6d3c-b723-929b-f175-dbdc2a7be855" executionId="b6a946d2-ec85-4467-bf82-0473a234c03a" testListId="8c84fa94-04c1-424b-9868-57a2d4851a1d" />
    <TestEntry testId="31ff6168-d18d-0013-7c18-0ff775714202" executionId="68eceb36-e6a4-4aa4-aa5b-0f956df7d857" testListId="8c84fa94-04c1-424b-9868-57a2d4851a1d" />
    <TestEntry testId="e37f41d3-77a8-1acd-c258-fbb5b724b134" executionId="c0aa5282-1537-4f46-b07d-d083e22231e5" testListId="8c84fa94-04c1-424b-9868-57a2d4851a1d" />
    <TestEntry testId="27cc1a96-8264-8762-05bc-aa63ccb155d7" executionId="0ee3cf72-2948-4b8b-9277-88e106858f1e" testListId="8c84fa94-04c1-424b-9868-57a2d4851a1d" />
    <TestEntry testId="19a313ce-6632-bd6f-bb7e-c2dc7bcf20eb" executionId="321f20e2-0a5d-4ea2-98f2-d2b6747955b8" testListId="8c84fa94-04c1-424b-9868-57a2d4851a1d" />
    <TestEntry testId="e0f7dcd9-f363-be9c-de11-457f6a575bee" executionId="1a35e8fe-258a-4423-b091-e19b76f061b0" testListId="8c84fa94-04c1-424b-9868-57a2d4851a1d" />
    <TestEntry testId="71a1897b-b713-c047-1c23-5efdff095b20" executionId="586728bb-1bba-418d-bcf0-581b462b26a2" testListId="8c84fa94-04c1-424b-9868-57a2d4851a1d" />
    <TestEntry testId="504465b7-a3fe-9023-93b9-ffece1903418" executionId="fc97423e-3055-4abf-a985-125d79f373b6" testListId="8c84fa94-04c1-424b-9868-57a2d4851a1d" />
    <TestEntry testId="34931354-7c25-7812-28fe-96ea501746b4" executionId="1d11487f-d60f-46cc-8c08-58e4928024fa" testListId="8c84fa94-04c1-424b-9868-57a2d4851a1d" />
    <TestEntry testId="a75e991f-5e03-3949-85d6-afa1f14455d4" executionId="82afa936-96f1-4d5e-8fcf-57116dc78b05" testListId="8c84fa94-04c1-424b-9868-57a2d4851a1d" />
    <TestEntry testId="1064d8aa-5d0e-6bf5-83ee-952a4d1fd93b" executionId="98313454-a198-4a51-bfde-8788a3ce7c1f" testListId="8c84fa94-04c1-424b-9868-57a2d4851a1d" />
    <TestEntry testId="f828057e-351a-48b7-0028-e57f15c7217e" executionId="a2e534e6-60c9-4dec-b7c9-acefe9dd799b" testListId="8c84fa94-04c1-424b-9868-57a2d4851a1d" />
    <TestEntry testId="db5f34ff-df7c-44e5-6721-c319db8d6da0" executionId="f94e5647-d94e-45ea-9b73-9f734c68a92b" testListId="8c84fa94-04c1-424b-9868-57a2d4851a1d" />
    <TestEntry testId="9064672f-1220-7bc0-f2b0-c66c74cccc5e" executionId="bd813fcb-cb1d-4ae3-a058-ae3df61f2b43" testListId="8c84fa94-04c1-424b-9868-57a2d4851a1d" />
    <TestEntry testId="3f0bf65d-a3af-41bf-ac79-126a0efc4fd4" executionId="29c430fd-a7cc-4d43-8140-2b4fb2b6962b" testListId="8c84fa94-04c1-424b-9868-57a2d4851a1d" />
    <TestEntry testId="ae09f98c-257a-b9e5-5b0b-16344b7adf1c" executionId="ce7c8819-9500-45ae-ace0-f2bda819590e" testListId="8c84fa94-04c1-424b-9868-57a2d4851a1d" />
    <TestEntry testId="87c5dbd3-fd2a-1e49-42e5-8dc78affc8d6" executionId="4a53ab79-dcf1-4017-93e0-0e25c1bcb079" testListId="8c84fa94-04c1-424b-9868-57a2d4851a1d" />
    <TestEntry testId="3e6d6aa9-9b6d-dd96-b54c-49f88780a2b4" executionId="be61d219-2e85-428f-a6a7-bcf4ecd8884e" testListId="8c84fa94-04c1-424b-9868-57a2d4851a1d" />
    <TestEntry testId="64bc1554-814c-3c40-a6b0-679b40b89c36" executionId="a912fa55-c689-4ec0-8ca5-ddb809f1c5ce" testListId="8c84fa94-04c1-424b-9868-57a2d4851a1d" />
    <TestEntry testId="1761ee10-7c34-b565-b889-1885bffe91c3" executionId="e1cdcd48-2dcd-4582-9bc6-17aef315b558" testListId="8c84fa94-04c1-424b-9868-57a2d4851a1d" />
    <TestEntry testId="678a7b5d-e2f9-09be-f35f-0e3e4d5ad033" executionId="7ada71ce-dce7-4f5a-a5aa-aac898c61a35" testListId="8c84fa94-04c1-424b-9868-57a2d4851a1d" />
    <TestEntry testId="ab527057-69f2-0a9a-89fd-18928a3920fd" executionId="1339e793-ae28-4d06-ad0a-bf1b55cf6d1f" testListId="8c84fa94-04c1-424b-9868-57a2d4851a1d" />
    <TestEntry testId="31126d50-f667-908c-85f3-09f9d9272df9" executionId="5aaa9c37-a912-49c7-aa6e-c4de1893571a" testListId="8c84fa94-04c1-424b-9868-57a2d4851a1d" />
    <TestEntry testId="7be8a004-8e29-0f01-8ada-f15377193150" executionId="482a08eb-b5dc-4b64-b88c-75824613864a" testListId="8c84fa94-04c1-424b-9868-57a2d4851a1d" />
    <TestEntry testId="d5506b30-7041-6d90-bd03-bcd5b2479c40" executionId="e5df56c1-148f-4af5-84d0-9b27667157bf" testListId="8c84fa94-04c1-424b-9868-57a2d4851a1d" />
    <TestEntry testId="334e3485-05b4-4549-cacd-aef8fff10757" executionId="a347c312-0a73-4e51-a293-a8efa90f896d" testListId="8c84fa94-04c1-424b-9868-57a2d4851a1d" />
    <TestEntry testId="1c5fe271-1e90-52f5-1f31-436b17e57702" executionId="6b674f82-32ed-4cab-aa25-719f03d8ec97" testListId="8c84fa94-04c1-424b-9868-57a2d4851a1d" />
    <TestEntry testId="bc15aa99-72de-0e5a-b6e8-2d654659d591" executionId="44a7ce42-783d-4466-8629-5a9650a3f972" testListId="8c84fa94-04c1-424b-9868-57a2d4851a1d" />
    <TestEntry testId="98d4dd82-eb94-c060-7aeb-9b0a39f334fb" executionId="970e1c83-a53d-4ea8-ab35-d045089bb17c" testListId="8c84fa94-04c1-424b-9868-57a2d4851a1d" />
    <TestEntry testId="4ff63349-9eef-ad1f-85cf-a84cda1ff120" executionId="10cbf3e6-6ae5-4252-befd-e74ad60a1b17" testListId="8c84fa94-04c1-424b-9868-57a2d4851a1d" />
    <TestEntry testId="78100b1f-11c5-b9a9-157c-80c938e7669a" executionId="31a2e975-73af-4cf6-9010-71799f453853" testListId="8c84fa94-04c1-424b-9868-57a2d4851a1d" />
    <TestEntry testId="2aceb911-de9d-b2eb-c8db-f6b3f880216f" executionId="595ecf16-9b4d-4e14-8ff4-9471f1e41dad" testListId="8c84fa94-04c1-424b-9868-57a2d4851a1d" />
    <TestEntry testId="a702dc43-b5af-c889-d32e-e69ee2d100af" executionId="d0cb6e77-ba0e-47e3-984e-6e160de3129b" testListId="8c84fa94-04c1-424b-9868-57a2d4851a1d" />
    <TestEntry testId="5bee9d0e-89de-7b6d-4317-0a11342b1d29" executionId="2f73315c-6f82-4bf5-8614-ef9e5dfe6e7e" testListId="8c84fa94-04c1-424b-9868-57a2d4851a1d" />
    <TestEntry testId="a1bc7e0c-887e-9227-4221-29241607dc12" executionId="eff759bb-9051-4c5f-a8aa-6205b4814934" testListId="8c84fa94-04c1-424b-9868-57a2d4851a1d" />
    <TestEntry testId="6c59b811-73c0-2540-9661-8c8f2a459ff2" executionId="d4563d5e-2345-4ae9-b5ea-ceb596b2b5d7" testListId="8c84fa94-04c1-424b-9868-57a2d4851a1d" />
    <TestEntry testId="209cbba1-d5fa-4810-2cb6-ee92ce2e109d" executionId="2b2301f4-ff5b-4b59-98fe-dab2c655103b" testListId="8c84fa94-04c1-424b-9868-57a2d4851a1d" />
    <TestEntry testId="c180eeb5-df7f-187e-c74d-0f6d31acdec5" executionId="758a9516-ca3e-4547-bb51-8aa79847aa44" testListId="8c84fa94-04c1-424b-9868-57a2d4851a1d" />
    <TestEntry testId="8a5cc6e0-e73e-2131-64bd-e73fc6c2a32e" executionId="8f3dab97-2f32-4e9b-bbf4-03b194e9db97" testListId="8c84fa94-04c1-424b-9868-57a2d4851a1d" />
    <TestEntry testId="ac572b27-5286-68a4-5380-d7de82fbf69a" executionId="c7696288-2053-4214-bb2c-2ed60fe90d2e" testListId="8c84fa94-04c1-424b-9868-57a2d4851a1d" />
    <TestEntry testId="29295413-2308-fade-9c98-0e9ed6c67839" executionId="b4f40ab7-5a28-4cb2-9979-f232afd4b025" testListId="8c84fa94-04c1-424b-9868-57a2d4851a1d" />
    <TestEntry testId="a6625fb0-1b80-148b-87dc-9cf616e5e84d" executionId="f83d6bad-88c0-4974-a4ce-54693c9a9581" testListId="8c84fa94-04c1-424b-9868-57a2d4851a1d" />
    <TestEntry testId="4234610b-215b-41f7-e61d-4a82851bdfa3" executionId="71090631-cdd9-49f8-87b4-af5d78a9cfcc" testListId="8c84fa94-04c1-424b-9868-57a2d4851a1d" />
    <TestEntry testId="313cfb2c-8c3b-337b-12f8-296f8611376d" executionId="215f07a9-93c4-4eee-88d2-514f99b702e0" testListId="8c84fa94-04c1-424b-9868-57a2d4851a1d" />
    <TestEntry testId="1237bc5f-42ea-8c7f-8602-051620acda95" executionId="87199353-c326-4905-83b1-3d2e09c218f0" testListId="8c84fa94-04c1-424b-9868-57a2d4851a1d" />
    <TestEntry testId="e93b141b-fdfd-0f98-21e5-3eb211b6e88b" executionId="6f759f15-fe11-457e-9ab8-c4c85cdf4f70" testListId="8c84fa94-04c1-424b-9868-57a2d4851a1d" />
    <TestEntry testId="07d50dfb-3195-c832-23d2-97ae667f2010" executionId="8d8278ae-985f-4f14-9fe6-5006b48a4088" testListId="8c84fa94-04c1-424b-9868-57a2d4851a1d" />
    <TestEntry testId="ab274dac-b194-4e0f-6fab-a20667b535a8" executionId="78ee1fef-22c1-4222-ac4a-248ac480951a" testListId="8c84fa94-04c1-424b-9868-57a2d4851a1d" />
    <TestEntry testId="e53d2439-2080-43bd-e38b-a60253b60af1" executionId="aa59a16c-c6b3-4df0-aa9f-b03558e218ae" testListId="8c84fa94-04c1-424b-9868-57a2d4851a1d" />
    <TestEntry testId="9eeef095-29ed-4872-a36c-ca4832350421" executionId="1c1fa47c-3b04-491f-b626-947047761773" testListId="8c84fa94-04c1-424b-9868-57a2d4851a1d" />
    <TestEntry testId="4184a91b-5297-4872-2a98-1ef97e124515" executionId="86e19905-87db-4ff9-ba4a-ed6b2e06084a" testListId="8c84fa94-04c1-424b-9868-57a2d4851a1d" />
  </TestEntries>
  <TestLists>
    <TestList name="Resultados sin formato de lista" id="8c84fa94-04c1-424b-9868-57a2d4851a1d" />
    <TestList name="Todos los resultados cargados" id="19431567-8539-422a-85d7-44ee4e166bda" />
  </TestLists>
  <ResultSummary outcome="Completed">
    <Counters total="328" executed="328" passed="328" failed="0" error="0" timeout="0" aborted="0" inconclusive="0" passedButRunAborted="0" notRunnable="0" notExecuted="0" disconnected="0" warning="0" completed="0" inProgress="0" pending="0" />
  </ResultSummary>
</TestRun>