<?xml version="1.0" encoding="utf-8"?>
<TestRun id="89320b71-6fad-4ba5-9a87-e1ebf69e2f3b" name="sferrari@PC-SFERRARI 2021-01-09 13:00:05" runUser="PC-SFERRARI\sferrari" xmlns="http://microsoft.com/schemas/VisualStudio/TeamTest/2010">
  <Times creation="2021-01-09T13:00:05.9516588+00:00" queuing="2021-01-09T13:00:05.9516588+00:00" start="2021-01-09T13:00:04.5850407+00:00" finish="2021-01-09T13:00:08.0099299+00:00" />
  <TestSettings name="default" id="96f166c5-567b-44ea-a161-dfe044b604a1">
    <Deployment runDeploymentRoot="sferrari_PC-SFERRARI_2021-01-09_13_00_05" />
  </TestSettings>
  <Results>
    <UnitTestResult executionId="f6ad907b-df8d-4695-ae65-d20ff3fb097f" testId="a75e991f-5e03-3949-85d6-afa1f14455d4" testName="ToIsAuthenticated_Passing_Claims_Returns_True" computerName="PC-SFERRARI" duration="00:00:00.0012816" startTime="2021-01-09T13:00:06.1838070+00:00" endTime="2021-01-09T13:00:06.1853525+00:00" testType="13cdc9d9-ddb5-4fa4-a97d-d965ccfc6d4b" outcome="Passed" testListId="8c84fa94-04c1-424b-9868-57a2d4851a1d" relativeResultsDirectory="f6ad907b-df8d-4695-ae65-d20ff3fb097f" />
    <UnitTestResult executionId="d78c3f1a-9340-49e4-8bd5-6be21ac20517" testId="43949294-e4b7-cf4d-0d69-84ccc9e58406" testName="ToIsFileExtensionThrow_Passing_InvalidValue_Returns_ApplicationExceptionWithMessage" computerName="PC-SFERRARI" duration="00:00:00.0012970" startTime="2021-01-09T13:00:05.9989737+00:00" endTime="2021-01-09T13:00:06.0005042+00:00" testType="13cdc9d9-ddb5-4fa4-a97d-d965ccfc6d4b" outcome="Passed" testListId="8c84fa94-04c1-424b-9868-57a2d4851a1d" relativeResultsDirectory="d78c3f1a-9340-49e4-8bd5-6be21ac20517" />
    <UnitTestResult executionId="fd301ce9-3d44-46e0-8add-fc274bc9e7ba" testId="1761ee10-7c34-b565-b889-1885bffe91c3" testName="ToSetTime_Passing_Time_Int_Returns_DateTime" computerName="PC-SFERRARI" duration="00:00:00.0004669" startTime="2021-01-09T13:00:06.3469088+00:00" endTime="2021-01-09T13:00:06.3474874+00:00" testType="13cdc9d9-ddb5-4fa4-a97d-d965ccfc6d4b" outcome="Passed" testListId="8c84fa94-04c1-424b-9868-57a2d4851a1d" relativeResultsDirectory="fd301ce9-3d44-46e0-8add-fc274bc9e7ba" />
    <UnitTestResult executionId="4053dfa8-c1a1-4fca-943d-0fe947b13937" testId="31126d50-f667-908c-85f3-09f9d9272df9" testName="ToEnvironment_Passing_Production_Enviroment_Returns_Production_Name" computerName="PC-SFERRARI" duration="00:00:00.0005317" startTime="2021-01-09T13:00:05.9390281+00:00" endTime="2021-01-09T13:00:05.9396484+00:00" testType="13cdc9d9-ddb5-4fa4-a97d-d965ccfc6d4b" outcome="Passed" testListId="8c84fa94-04c1-424b-9868-57a2d4851a1d" relativeResultsDirectory="4053dfa8-c1a1-4fca-943d-0fe947b13937" />
    <UnitTestResult executionId="a2dbb527-0a5e-40bb-ac53-769d48d44a9f" testId="0b1e4893-9444-2235-b7fa-3782f9932212" testName="ToService_Passing_Valid_Service_Returns_Service" computerName="PC-SFERRARI" duration="00:00:00.0004511" startTime="2021-01-09T13:00:06.2902588+00:00" endTime="2021-01-09T13:00:06.2907789+00:00" testType="13cdc9d9-ddb5-4fa4-a97d-d965ccfc6d4b" outcome="Passed" testListId="8c84fa94-04c1-424b-9868-57a2d4851a1d" relativeResultsDirectory="a2dbb527-0a5e-40bb-ac53-769d48d44a9f" />
    <UnitTestResult executionId="eb2cdffc-0ae0-4354-ac1f-92a4edc384ec" testId="eb3fbb45-8257-f4b8-0975-042f859a72bf" testName="ToDictionaryPropertyInfo_Passing_Object_Not_IncludeNullOrEmptyProperty_Returns_Properties_NameAndValue_Dictionary" computerName="PC-SFERRARI" duration="00:00:00.0005938" startTime="2021-01-09T13:00:06.4484327+00:00" endTime="2021-01-09T13:00:06.4491841+00:00" testType="13cdc9d9-ddb5-4fa4-a97d-d965ccfc6d4b" outcome="Passed" testListId="8c84fa94-04c1-424b-9868-57a2d4851a1d" relativeResultsDirectory="eb2cdffc-0ae0-4354-ac1f-92a4edc384ec" />
    <UnitTestResult executionId="0ac93167-0006-40ea-9a19-2941dff79793" testId="5fda35dc-4db7-2169-9391-a6295d2ec5fd" testName="ToDirectoryFindFilePath_Passing_ValidValueIntoSubDirectory_Returns_FilePath" computerName="PC-SFERRARI" duration="00:00:00.0149939" startTime="2021-01-09T13:00:06.9068088+00:00" endTime="2021-01-09T13:00:06.9220261+00:00" testType="13cdc9d9-ddb5-4fa4-a97d-d965ccfc6d4b" outcome="Passed" testListId="8c84fa94-04c1-424b-9868-57a2d4851a1d" relativeResultsDirectory="0ac93167-0006-40ea-9a19-2941dff79793" />
    <UnitTestResult executionId="f0ff0e17-9951-4bd3-a207-9bade2e1f2ef" testId="64bc1554-814c-3c40-a6b0-679b40b89c36" testName="ToExists_Passing_Valid_Service_Returns_True" computerName="PC-SFERRARI" duration="00:00:00.0006972" startTime="2021-01-09T13:00:05.9518021+00:00" endTime="2021-01-09T13:00:05.9526820+00:00" testType="13cdc9d9-ddb5-4fa4-a97d-d965ccfc6d4b" outcome="Passed" testListId="8c84fa94-04c1-424b-9868-57a2d4851a1d" relativeResultsDirectory="f0ff0e17-9951-4bd3-a207-9bade2e1f2ef" />
    <UnitTestResult executionId="cb5fdbf6-4c4c-4441-a848-6893ae935006" testId="447ced0a-6221-43ff-44ab-4ee12ee4d012" testName="IsDomain_Passing_ValidArguments_Returns_HasErrorsAndCount" computerName="PC-SFERRARI" duration="00:00:00.0003361" startTime="2021-01-09T13:00:06.0391386+00:00" endTime="2021-01-09T13:00:06.0396358+00:00" testType="13cdc9d9-ddb5-4fa4-a97d-d965ccfc6d4b" outcome="Passed" testListId="8c84fa94-04c1-424b-9868-57a2d4851a1d" relativeResultsDirectory="cb5fdbf6-4c4c-4441-a848-6893ae935006" />
    <UnitTestResult executionId="e74249aa-7760-40b8-aa2a-2e741b00300c" testId="071a93ca-ce4d-3349-fe5a-5052bf3ce103" testName="ResultError_WithTitle_WithStatusCode_WithDetails_WithExceptionType_WithMessages_WithErrors" computerName="PC-SFERRARI" duration="00:00:00.0068927" startTime="2021-01-09T13:00:06.8302496+00:00" endTime="2021-01-09T13:00:06.8372584+00:00" testType="13cdc9d9-ddb5-4fa4-a97d-d965ccfc6d4b" outcome="Passed" testListId="8c84fa94-04c1-424b-9868-57a2d4851a1d" relativeResultsDirectory="e74249aa-7760-40b8-aa2a-2e741b00300c" />
    <UnitTestResult executionId="660bd82d-8a39-4e25-ba7d-6ccbda59ca6b" testId="801afd1a-5f3d-0d0c-471a-96452bf5bc35" testName="IsNullOrEmpty_Passing_InvalidArguments_Returns_HasErrorsAndCount" computerName="PC-SFERRARI" duration="00:00:00.0031624" startTime="2021-01-09T13:00:06.0601819+00:00" endTime="2021-01-09T13:00:06.0634430+00:00" testType="13cdc9d9-ddb5-4fa4-a97d-d965ccfc6d4b" outcome="Passed" testListId="8c84fa94-04c1-424b-9868-57a2d4851a1d" relativeResultsDirectory="660bd82d-8a39-4e25-ba7d-6ccbda59ca6b" />
    <UnitTestResult executionId="d8cd1dc9-2aa5-4bb8-a85e-4e2e6721d8cb" testId="65b9b71b-a8d5-2a7d-a8a7-0e3a015e6b68" testName="ToDirectoryTemporary_Passing_ValidValue_Returns_DirectoryExists" computerName="PC-SFERRARI" duration="00:00:00.0021036" startTime="2021-01-09T13:00:06.9608926+00:00" endTime="2021-01-09T13:00:06.9631891+00:00" testType="13cdc9d9-ddb5-4fa4-a97d-d965ccfc6d4b" outcome="Passed" testListId="8c84fa94-04c1-424b-9868-57a2d4851a1d" relativeResultsDirectory="d8cd1dc9-2aa5-4bb8-a85e-4e2e6721d8cb" />
    <UnitTestResult executionId="7c2ecc00-26fb-40cc-ac36-be75009a8af9" testId="a03675ec-665e-f4d5-4630-89e50dac0bfb" testName="ToTryContentType_Passing_HttpRequestWithContentType_Value_Returns_ContentType_String_Value" computerName="PC-SFERRARI" duration="00:00:00.0012197" startTime="2021-01-09T13:00:06.6027468+00:00" endTime="2021-01-09T13:00:06.6041759+00:00" testType="13cdc9d9-ddb5-4fa4-a97d-d965ccfc6d4b" outcome="Passed" testListId="8c84fa94-04c1-424b-9868-57a2d4851a1d" relativeResultsDirectory="7c2ecc00-26fb-40cc-ac36-be75009a8af9" />
    <UnitTestResult executionId="7a733770-b8a7-43c6-8b25-261d7dbb0340" testId="1064d8aa-5d0e-6bf5-83ee-952a4d1fd93b" testName="ToEnum_Passing_InvalidValueInt_Returns_EnumCustomValue" computerName="PC-SFERRARI" duration="00:00:00.0011822" startTime="2021-01-09T13:00:06.9879303+00:00" endTime="2021-01-09T13:00:06.9893320+00:00" testType="13cdc9d9-ddb5-4fa4-a97d-d965ccfc6d4b" outcome="Passed" testListId="8c84fa94-04c1-424b-9868-57a2d4851a1d" relativeResultsDirectory="7a733770-b8a7-43c6-8b25-261d7dbb0340" />
    <UnitTestResult executionId="1b1052dc-f4c0-44f5-bdc5-1de7925bab26" testId="e608205e-4953-e9a3-1956-895ed42ab083" testName="IsFileExtension_Passing_InvalidArguments_Returns_HasErrorsAndCount" computerName="PC-SFERRARI" duration="00:00:00.0001522" startTime="2021-01-09T13:00:06.0415377+00:00" endTime="2021-01-09T13:00:06.0417551+00:00" testType="13cdc9d9-ddb5-4fa4-a97d-d965ccfc6d4b" outcome="Passed" testListId="8c84fa94-04c1-424b-9868-57a2d4851a1d" relativeResultsDirectory="1b1052dc-f4c0-44f5-bdc5-1de7925bab26" />
    <UnitTestResult executionId="9a392a9f-158b-43a7-8081-3d6f80d45b10" testId="29295413-2308-fade-9c98-0e9ed6c67839" testName="ToDirectoryReadFileAsync_Passing_ValidValue_Returns_False" computerName="PC-SFERRARI" duration="00:00:00.0152966" startTime="2021-01-09T13:00:06.9336928+00:00" endTime="2021-01-09T13:00:06.9492450+00:00" testType="13cdc9d9-ddb5-4fa4-a97d-d965ccfc6d4b" outcome="Passed" testListId="8c84fa94-04c1-424b-9868-57a2d4851a1d" relativeResultsDirectory="9a392a9f-158b-43a7-8081-3d6f80d45b10" />
    <UnitTestResult executionId="1443836c-ca4c-430d-9f3b-e943af549e0d" testId="074815db-ddf2-9c1f-0fef-7f709183591e" testName="ToExists_Passing_Service_Not_Found_Returns_False" computerName="PC-SFERRARI" duration="00:00:00.0006634" startTime="2021-01-09T13:00:05.9508623+00:00" endTime="2021-01-09T13:00:05.9517154+00:00" testType="13cdc9d9-ddb5-4fa4-a97d-d965ccfc6d4b" outcome="Passed" testListId="8c84fa94-04c1-424b-9868-57a2d4851a1d" relativeResultsDirectory="1443836c-ca4c-430d-9f3b-e943af549e0d" />
    <UnitTestResult executionId="129234c0-1e80-41a0-aa6b-b3adafad70d3" testId="c1b4b96f-5089-058a-db94-14574ac1ddcf" testName="ResultError_WithMessage_WithDetails" computerName="PC-SFERRARI" duration="00:00:00.0003254" startTime="2021-01-09T13:00:06.8297433+00:00" endTime="2021-01-09T13:00:06.8302207+00:00" testType="13cdc9d9-ddb5-4fa4-a97d-d965ccfc6d4b" outcome="Passed" testListId="8c84fa94-04c1-424b-9868-57a2d4851a1d" relativeResultsDirectory="129234c0-1e80-41a0-aa6b-b3adafad70d3" />
    <UnitTestResult executionId="52737ef4-dcea-415d-bcbf-da6e01e91156" testId="c2d3c8df-32e7-92dc-91f8-057e8c4da6b9" testName="ToTomorrow_Passing_DateTime_Returns_Tomorrow_DateTime" computerName="PC-SFERRARI" duration="00:00:00.0001993" startTime="2021-01-09T13:00:06.3483869+00:00" endTime="2021-01-09T13:00:06.3486543+00:00" testType="13cdc9d9-ddb5-4fa4-a97d-d965ccfc6d4b" outcome="Passed" testListId="8c84fa94-04c1-424b-9868-57a2d4851a1d" relativeResultsDirectory="52737ef4-dcea-415d-bcbf-da6e01e91156" />
    <UnitTestResult executionId="f02efe06-be6f-407e-870d-05dc9f8a2692" testId="46cc46f0-c0e1-f3e6-2242-cdef90a4249a" testName="ToMapNew_Passing_TSource_And_TDestination_Returns_New_TDestination_Object" computerName="PC-SFERRARI" duration="00:00:00.0004578" startTime="2021-01-09T13:00:05.7371117+00:00" endTime="2021-01-09T13:00:05.7376757+00:00" testType="13cdc9d9-ddb5-4fa4-a97d-d965ccfc6d4b" outcome="Passed" testListId="8c84fa94-04c1-424b-9868-57a2d4851a1d" relativeResultsDirectory="f02efe06-be6f-407e-870d-05dc9f8a2692" />
    <UnitTestResult executionId="d4081311-3a8d-47c5-80f9-1f72ea847785" testId="7daaba64-d3ad-9109-43bf-bdb516b673b8" testName="ToDirectoryFileInfo_Passing_ValidValue_Returns_FileInfo" computerName="PC-SFERRARI" duration="00:00:00.0124792" startTime="2021-01-09T13:00:06.8894120+00:00" endTime="2021-01-09T13:00:06.9021386+00:00" testType="13cdc9d9-ddb5-4fa4-a97d-d965ccfc6d4b" outcome="Passed" testListId="8c84fa94-04c1-424b-9868-57a2d4851a1d" relativeResultsDirectory="d4081311-3a8d-47c5-80f9-1f72ea847785" />
    <UnitTestResult executionId="d13e374a-0933-4f6d-939b-be5c65d688e2" testId="3f0bf65d-a3af-41bf-ac79-126a0efc4fd4" testName="ToService_Passing_Service_Not_Found_Returns_Null" computerName="PC-SFERRARI" duration="00:00:00.0002743" startTime="2021-01-09T13:00:05.9535424+00:00" endTime="2021-01-09T13:00:05.9539004+00:00" testType="13cdc9d9-ddb5-4fa4-a97d-d965ccfc6d4b" outcome="Passed" testListId="8c84fa94-04c1-424b-9868-57a2d4851a1d" relativeResultsDirectory="d13e374a-0933-4f6d-939b-be5c65d688e2" />
    <UnitTestResult executionId="2ddba89d-80f9-4d7d-8dbb-15b21150e2e2" testId="1340b308-d9eb-a26e-e042-04d6c1d9a958" testName="ToHasErrors_Passing_InvalidValue_Returns_ApplicationExceptionWithMessage" computerName="PC-SFERRARI" duration="00:00:00.0010748" startTime="2021-01-09T13:00:05.9785732+00:00" endTime="2021-01-09T13:00:05.9801926+00:00" testType="13cdc9d9-ddb5-4fa4-a97d-d965ccfc6d4b" outcome="Passed" testListId="8c84fa94-04c1-424b-9868-57a2d4851a1d" relativeResultsDirectory="2ddba89d-80f9-4d7d-8dbb-15b21150e2e2" />
    <UnitTestResult executionId="2befd502-c649-4f92-9d98-849e7f1dad91" testId="a95f665c-aa8d-208d-902c-60a464250c99" testName="ToDefaultValue_Passing_ValidBoolean_Returns_DefaultValue" computerName="PC-SFERRARI" duration="00:00:00.0004655" startTime="2021-01-09T13:00:07.8451177+00:00" endTime="2021-01-09T13:00:07.8466243+00:00" testType="13cdc9d9-ddb5-4fa4-a97d-d965ccfc6d4b" outcome="Passed" testListId="8c84fa94-04c1-424b-9868-57a2d4851a1d" relativeResultsDirectory="2befd502-c649-4f92-9d98-849e7f1dad91" />
    <UnitTestResult executionId="efe4668d-b418-4998-8218-d32cb3d75500" testId="34e0940c-fc9c-71db-fc18-7d52ee8761a0" testName="ToAuthenticationType_Passing_Claims_Returns_Null" computerName="PC-SFERRARI" duration="00:00:00.0005404" startTime="2021-01-09T13:00:06.1235345+00:00" endTime="2021-01-09T13:00:06.1241883+00:00" testType="13cdc9d9-ddb5-4fa4-a97d-d965ccfc6d4b" outcome="Passed" testListId="8c84fa94-04c1-424b-9868-57a2d4851a1d" relativeResultsDirectory="efe4668d-b418-4998-8218-d32cb3d75500" />
    <UnitTestResult executionId="96c4d814-1499-4dde-ba27-4c4d387dbe0b" testId="96f263a8-e1d9-0070-21ba-583144d2d030" testName="ToEnum_Passing_ValidValueInt_Returns_EnumValue" computerName="PC-SFERRARI" duration="00:00:00.0002638" startTime="2021-01-09T13:00:06.9928552+00:00" endTime="2021-01-09T13:00:06.9951094+00:00" testType="13cdc9d9-ddb5-4fa4-a97d-d965ccfc6d4b" outcome="Passed" testListId="8c84fa94-04c1-424b-9868-57a2d4851a1d" relativeResultsDirectory="96c4d814-1499-4dde-ba27-4c4d387dbe0b" />
    <UnitTestResult executionId="a10a146f-2e73-4a11-90a8-5739929c3419" testId="77fe17c3-3cf8-a189-4d95-b2e0d3ca9579" testName="CreateSHA256_Passing_Invalid_Arguments_Returns_ApplicationException" computerName="PC-SFERRARI" duration="00:00:00.0010986" startTime="2021-01-09T13:00:06.4858465+00:00" endTime="2021-01-09T13:00:06.4878425+00:00" testType="13cdc9d9-ddb5-4fa4-a97d-d965ccfc6d4b" outcome="Passed" testListId="8c84fa94-04c1-424b-9868-57a2d4851a1d" relativeResultsDirectory="a10a146f-2e73-4a11-90a8-5739929c3419" resultType="DataDrivenTest">
      <InnerResults>
        <UnitTestResult executionId="a4aff831-1696-4e3c-98c2-b3e92601bfef" parentExecutionId="a10a146f-2e73-4a11-90a8-5739929c3419" testId="77fe17c3-3cf8-a189-4d95-b2e0d3ca9579" testName="CreateSHA256_Passing_Invalid_Arguments_Returns_ApplicationException ()" computerName="PC-SFERRARI" duration="00:00:00.0006088" startTime="2021-01-09T13:00:06.4858465+00:00" endTime="2021-01-09T13:00:06.4878425+00:00" testType="13cdc9d9-ddb5-4fa4-a97d-d965ccfc6d4b" outcome="Passed" testListId="8c84fa94-04c1-424b-9868-57a2d4851a1d" relativeResultsDirectory="a4aff831-1696-4e3c-98c2-b3e92601bfef" dataRowInfo="1" resultType="DataDrivenDataRow" />
        <UnitTestResult executionId="7109b903-7a5c-459d-9942-ee1937bb66a8" parentExecutionId="a10a146f-2e73-4a11-90a8-5739929c3419" testId="77fe17c3-3cf8-a189-4d95-b2e0d3ca9579" testName="CreateSHA256_Passing_Invalid_Arguments_Returns_ApplicationException ()" computerName="PC-SFERRARI" duration="00:00:00.0002586" startTime="2021-01-09T13:00:06.4858465+00:00" endTime="2021-01-09T13:00:06.4878425+00:00" testType="13cdc9d9-ddb5-4fa4-a97d-d965ccfc6d4b" outcome="Passed" testListId="8c84fa94-04c1-424b-9868-57a2d4851a1d" relativeResultsDirectory="7109b903-7a5c-459d-9942-ee1937bb66a8" dataRowInfo="2" resultType="DataDrivenDataRow" />
        <UnitTestResult executionId="154900aa-6ef4-47d1-a639-80d8ce898acb" parentExecutionId="a10a146f-2e73-4a11-90a8-5739929c3419" testId="77fe17c3-3cf8-a189-4d95-b2e0d3ca9579" testName="CreateSHA256_Passing_Invalid_Arguments_Returns_ApplicationException ( )" computerName="PC-SFERRARI" duration="00:00:00.0000723" startTime="2021-01-09T13:00:06.4858465+00:00" endTime="2021-01-09T13:00:06.4878425+00:00" testType="13cdc9d9-ddb5-4fa4-a97d-d965ccfc6d4b" outcome="Passed" testListId="8c84fa94-04c1-424b-9868-57a2d4851a1d" relativeResultsDirectory="154900aa-6ef4-47d1-a639-80d8ce898acb" dataRowInfo="3" resultType="DataDrivenDataRow" />
      </InnerResults>
    </UnitTestResult>
    <UnitTestResult executionId="2ec03dbb-5c93-44dc-a275-fcbc5c19038c" testId="57d3cdd8-8268-9aa3-6f39-3cc0224b305c" testName="ToExists_Passing_Claims_Returns_True" computerName="PC-SFERRARI" duration="00:00:00.0011585" startTime="2021-01-09T13:00:06.1314689+00:00" endTime="2021-01-09T13:00:06.1327655+00:00" testType="13cdc9d9-ddb5-4fa4-a97d-d965ccfc6d4b" outcome="Passed" testListId="8c84fa94-04c1-424b-9868-57a2d4851a1d" relativeResultsDirectory="2ec03dbb-5c93-44dc-a275-fcbc5c19038c" />
    <UnitTestResult executionId="0ad6e50d-193a-488d-b6d4-ff6217e46f8a" testId="3721d3c1-7c03-ad84-143f-64bfeb5b314e" testName="ToAssembly_Passing_ValidValueAssemblyString_Returns_Assembly" computerName="PC-SFERRARI" duration="00:00:00.0007113" startTime="2021-01-09T13:00:06.8472711+00:00" endTime="2021-01-09T13:00:06.8499796+00:00" testType="13cdc9d9-ddb5-4fa4-a97d-d965ccfc6d4b" outcome="Passed" testListId="8c84fa94-04c1-424b-9868-57a2d4851a1d" relativeResultsDirectory="0ad6e50d-193a-488d-b6d4-ff6217e46f8a" />
    <UnitTestResult executionId="ed3fe297-86fd-47f3-95e2-45bf2868acd1" testId="f828057e-351a-48b7-0028-e57f15c7217e" testName="ToDefaultValue_Passing_uint_Returns_Cero" computerName="PC-SFERRARI" duration="00:00:00.0004273" startTime="2021-01-09T13:00:06.4180414+00:00" endTime="2021-01-09T13:00:06.4185786+00:00" testType="13cdc9d9-ddb5-4fa4-a97d-d965ccfc6d4b" outcome="Passed" testListId="8c84fa94-04c1-424b-9868-57a2d4851a1d" relativeResultsDirectory="ed3fe297-86fd-47f3-95e2-45bf2868acd1" resultType="DataDrivenTest">
      <InnerResults>
        <UnitTestResult executionId="2d88e58c-2865-4604-a159-251ee67f44f2" parentExecutionId="ed3fe297-86fd-47f3-95e2-45bf2868acd1" testId="f828057e-351a-48b7-0028-e57f15c7217e" testName="ToDefaultValue_Passing_uint_Returns_Cero (4294967295)" computerName="PC-SFERRARI" duration="00:00:00.0003210" startTime="2021-01-09T13:00:06.4180414+00:00" endTime="2021-01-09T13:00:06.4185786+00:00" testType="13cdc9d9-ddb5-4fa4-a97d-d965ccfc6d4b" outcome="Passed" testListId="8c84fa94-04c1-424b-9868-57a2d4851a1d" relativeResultsDirectory="2d88e58c-2865-4604-a159-251ee67f44f2" dataRowInfo="1" resultType="DataDrivenDataRow" />
      </InnerResults>
    </UnitTestResult>
    <UnitTestResult executionId="9fcb9584-f618-4e33-916b-9ddb892a6013" testId="459f13f4-e266-2f20-5c30-d2c64797095d" testName="ToIsWeekend_Passing_Friday_DateTime_Returns_False" computerName="PC-SFERRARI" duration="00:00:00.0003400" startTime="2021-01-09T13:00:06.3438145+00:00" endTime="2021-01-09T13:00:06.3458400+00:00" testType="13cdc9d9-ddb5-4fa4-a97d-d965ccfc6d4b" outcome="Passed" testListId="8c84fa94-04c1-424b-9868-57a2d4851a1d" relativeResultsDirectory="9fcb9584-f618-4e33-916b-9ddb892a6013" />
    <UnitTestResult executionId="634c58dd-d0a0-42e7-8141-3f2041827e0d" testId="2e87c537-4979-f58b-6e83-f3d4ee161ff1" testName="ToGetAll_Passing_Claims_Returns_Claim_Value_Object_List" computerName="PC-SFERRARI" duration="00:00:00.0222981" startTime="2021-01-09T13:00:06.1451829+00:00" endTime="2021-01-09T13:00:06.1676397+00:00" testType="13cdc9d9-ddb5-4fa4-a97d-d965ccfc6d4b" outcome="Passed" testListId="8c84fa94-04c1-424b-9868-57a2d4851a1d" relativeResultsDirectory="634c58dd-d0a0-42e7-8141-3f2041827e0d" />
    <UnitTestResult executionId="161076d9-ea42-4575-8455-4f1fd28b7d93" testId="772d3145-280a-fb9f-03c2-247d0f593a66" testName="IsCustom_Passing_InvalidArguments_Returns_HasErrorsAndCount" computerName="PC-SFERRARI" duration="00:00:00.0064590" startTime="2021-01-09T13:00:06.0192997+00:00" endTime="2021-01-09T13:00:06.0260749+00:00" testType="13cdc9d9-ddb5-4fa4-a97d-d965ccfc6d4b" outcome="Passed" testListId="8c84fa94-04c1-424b-9868-57a2d4851a1d" relativeResultsDirectory="161076d9-ea42-4575-8455-4f1fd28b7d93" />
    <UnitTestResult executionId="5b42eb17-3e2c-4b62-ae80-a96bbcf2c233" testId="34931354-7c25-7812-28fe-96ea501746b4" testName="ToSetTime_Passing_Time_String_Returns_DateTime" computerName="PC-SFERRARI" duration="00:00:00.0003862" startTime="2021-01-09T13:00:06.3475213+00:00" endTime="2021-01-09T13:00:06.3480250+00:00" testType="13cdc9d9-ddb5-4fa4-a97d-d965ccfc6d4b" outcome="Passed" testListId="8c84fa94-04c1-424b-9868-57a2d4851a1d" relativeResultsDirectory="5b42eb17-3e2c-4b62-ae80-a96bbcf2c233" />
    <UnitTestResult executionId="370bf1f6-141a-4e70-899e-eae1b10656d6" testId="f0f37a42-1a3a-10a5-5f17-e01b9915abd3" testName="ToPaged_Passing_Age_Ascending_Order_Returns_Filter_List" computerName="PC-SFERRARI" duration="00:00:00.0069629" startTime="2021-01-09T13:00:06.7794024+00:00" endTime="2021-01-09T13:00:06.7866972+00:00" testType="13cdc9d9-ddb5-4fa4-a97d-d965ccfc6d4b" outcome="Passed" testListId="8c84fa94-04c1-424b-9868-57a2d4851a1d" relativeResultsDirectory="370bf1f6-141a-4e70-899e-eae1b10656d6" />
    <UnitTestResult executionId="a3919097-f088-4c31-9cf5-fc29402dad1d" testId="aaa46586-7b83-9a88-e835-ae92592f98a3" testName="ToList_Passing_ValidEnumTypeWithResourceType_Returns_ValuesList" computerName="PC-SFERRARI" duration="00:00:00.0061610" startTime="2021-01-09T13:00:06.3635157+00:00" endTime="2021-01-09T13:00:06.3697625+00:00" testType="13cdc9d9-ddb5-4fa4-a97d-d965ccfc6d4b" outcome="Passed" testListId="8c84fa94-04c1-424b-9868-57a2d4851a1d" relativeResultsDirectory="a3919097-f088-4c31-9cf5-fc29402dad1d" />
    <UnitTestResult executionId="2bb3e63a-3ef5-4ea3-8278-af3d2425d1fe" testId="04084e8e-c859-4ef5-e2a7-4fb2803cb2a3" testName="ToReplace_Passing_ValidValue_Returns_ReplacedValue" computerName="PC-SFERRARI" duration="00:00:00.0022192" startTime="2021-01-09T13:00:07.0938870+00:00" endTime="2021-01-09T13:00:07.0963420+00:00" testType="13cdc9d9-ddb5-4fa4-a97d-d965ccfc6d4b" outcome="Passed" testListId="8c84fa94-04c1-424b-9868-57a2d4851a1d" relativeResultsDirectory="2bb3e63a-3ef5-4ea3-8278-af3d2425d1fe" resultType="DataDrivenTest">
      <InnerResults>
        <UnitTestResult executionId="134f0d07-2923-4390-ab55-c0982b1c6c72" parentExecutionId="2bb3e63a-3ef5-4ea3-8278-af3d2425d1fe" testId="04084e8e-c859-4ef5-e2a7-4fb2803cb2a3" testName="ToReplace_Passing_ValidValue_Returns_ReplacedValue (aeiou,*,0,1,*eiou)" computerName="PC-SFERRARI" duration="00:00:00.0018879" startTime="2021-01-09T13:00:07.0938870+00:00" endTime="2021-01-09T13:00:07.0963420+00:00" testType="13cdc9d9-ddb5-4fa4-a97d-d965ccfc6d4b" outcome="Passed" testListId="8c84fa94-04c1-424b-9868-57a2d4851a1d" relativeResultsDirectory="134f0d07-2923-4390-ab55-c0982b1c6c72" dataRowInfo="1" resultType="DataDrivenDataRow" />
        <UnitTestResult executionId="38fbaeaa-ac6b-4e4b-9d5d-c9f2c6d4be11" parentExecutionId="2bb3e63a-3ef5-4ea3-8278-af3d2425d1fe" testId="04084e8e-c859-4ef5-e2a7-4fb2803cb2a3" testName="ToReplace_Passing_ValidValue_Returns_ReplacedValue (aeiou,*,0,2,**iou)" computerName="PC-SFERRARI" duration="00:00:00.0000207" startTime="2021-01-09T13:00:07.0938870+00:00" endTime="2021-01-09T13:00:07.0963420+00:00" testType="13cdc9d9-ddb5-4fa4-a97d-d965ccfc6d4b" outcome="Passed" testListId="8c84fa94-04c1-424b-9868-57a2d4851a1d" relativeResultsDirectory="38fbaeaa-ac6b-4e4b-9d5d-c9f2c6d4be11" dataRowInfo="2" resultType="DataDrivenDataRow" />
        <UnitTestResult executionId="139310fd-c65a-4786-8f18-0e262eddfd7f" parentExecutionId="2bb3e63a-3ef5-4ea3-8278-af3d2425d1fe" testId="04084e8e-c859-4ef5-e2a7-4fb2803cb2a3" testName="ToReplace_Passing_ValidValue_Returns_ReplacedValue (aeiou,*,0,3,***ou)" computerName="PC-SFERRARI" duration="00:00:00.0000073" startTime="2021-01-09T13:00:07.0938870+00:00" endTime="2021-01-09T13:00:07.0963420+00:00" testType="13cdc9d9-ddb5-4fa4-a97d-d965ccfc6d4b" outcome="Passed" testListId="8c84fa94-04c1-424b-9868-57a2d4851a1d" relativeResultsDirectory="139310fd-c65a-4786-8f18-0e262eddfd7f" dataRowInfo="3" resultType="DataDrivenDataRow" />
        <UnitTestResult executionId="29a8ce7d-5474-41ea-8623-12b8c97e6584" parentExecutionId="2bb3e63a-3ef5-4ea3-8278-af3d2425d1fe" testId="04084e8e-c859-4ef5-e2a7-4fb2803cb2a3" testName="ToReplace_Passing_ValidValue_Returns_ReplacedValue (aeiou,*,0,4,****u)" computerName="PC-SFERRARI" duration="00:00:00.0000061" startTime="2021-01-09T13:00:07.0938870+00:00" endTime="2021-01-09T13:00:07.0963420+00:00" testType="13cdc9d9-ddb5-4fa4-a97d-d965ccfc6d4b" outcome="Passed" testListId="8c84fa94-04c1-424b-9868-57a2d4851a1d" relativeResultsDirectory="29a8ce7d-5474-41ea-8623-12b8c97e6584" dataRowInfo="4" resultType="DataDrivenDataRow" />
        <UnitTestResult executionId="6a969589-0002-41f9-b81d-f2dec44f2af2" parentExecutionId="2bb3e63a-3ef5-4ea3-8278-af3d2425d1fe" testId="04084e8e-c859-4ef5-e2a7-4fb2803cb2a3" testName="ToReplace_Passing_ValidValue_Returns_ReplacedValue (aeiou,*,0,5,*****)" computerName="PC-SFERRARI" duration="00:00:00.0000066" startTime="2021-01-09T13:00:07.0938870+00:00" endTime="2021-01-09T13:00:07.0963420+00:00" testType="13cdc9d9-ddb5-4fa4-a97d-d965ccfc6d4b" outcome="Passed" testListId="8c84fa94-04c1-424b-9868-57a2d4851a1d" relativeResultsDirectory="6a969589-0002-41f9-b81d-f2dec44f2af2" dataRowInfo="5" resultType="DataDrivenDataRow" />
        <UnitTestResult executionId="fbb324a6-cef5-40c6-a469-eacfb5f91bd5" parentExecutionId="2bb3e63a-3ef5-4ea3-8278-af3d2425d1fe" testId="04084e8e-c859-4ef5-e2a7-4fb2803cb2a3" testName="ToReplace_Passing_ValidValue_Returns_ReplacedValue (aeiou,*,2,1,ae*ou)" computerName="PC-SFERRARI" duration="00:00:00.0000050" startTime="2021-01-09T13:00:07.0938870+00:00" endTime="2021-01-09T13:00:07.0963420+00:00" testType="13cdc9d9-ddb5-4fa4-a97d-d965ccfc6d4b" outcome="Passed" testListId="8c84fa94-04c1-424b-9868-57a2d4851a1d" relativeResultsDirectory="fbb324a6-cef5-40c6-a469-eacfb5f91bd5" dataRowInfo="6" resultType="DataDrivenDataRow" />
        <UnitTestResult executionId="859bba71-9eb7-4b5a-ac0a-9363229e6628" parentExecutionId="2bb3e63a-3ef5-4ea3-8278-af3d2425d1fe" testId="04084e8e-c859-4ef5-e2a7-4fb2803cb2a3" testName="ToReplace_Passing_ValidValue_Returns_ReplacedValue (aeiou,*,2,2,ae**u)" computerName="PC-SFERRARI" duration="00:00:00.0000050" startTime="2021-01-09T13:00:07.0938870+00:00" endTime="2021-01-09T13:00:07.0963420+00:00" testType="13cdc9d9-ddb5-4fa4-a97d-d965ccfc6d4b" outcome="Passed" testListId="8c84fa94-04c1-424b-9868-57a2d4851a1d" relativeResultsDirectory="859bba71-9eb7-4b5a-ac0a-9363229e6628" dataRowInfo="7" resultType="DataDrivenDataRow" />
      </InnerResults>
    </UnitTestResult>
    <UnitTestResult executionId="1ca620c4-5baf-4389-ab73-1f6cce72fa94" testId="e93b141b-fdfd-0f98-21e5-3eb211b6e88b" testName="ToDefaultValue_Passing_long_Returns_Cero" computerName="PC-SFERRARI" duration="00:00:00.0004482" startTime="2021-01-09T13:00:06.4163130+00:00" endTime="2021-01-09T13:00:06.4168870+00:00" testType="13cdc9d9-ddb5-4fa4-a97d-d965ccfc6d4b" outcome="Passed" testListId="8c84fa94-04c1-424b-9868-57a2d4851a1d" relativeResultsDirectory="1ca620c4-5baf-4389-ab73-1f6cce72fa94" resultType="DataDrivenTest">
      <InnerResults>
        <UnitTestResult executionId="b974673e-a82e-49b3-9a94-c4ffc499f97b" parentExecutionId="1ca620c4-5baf-4389-ab73-1f6cce72fa94" testId="e93b141b-fdfd-0f98-21e5-3eb211b6e88b" testName="ToDefaultValue_Passing_long_Returns_Cero (9223372036854775807)" computerName="PC-SFERRARI" duration="00:00:00.0003750" startTime="2021-01-09T13:00:06.4163130+00:00" endTime="2021-01-09T13:00:06.4168870+00:00" testType="13cdc9d9-ddb5-4fa4-a97d-d965ccfc6d4b" outcome="Passed" testListId="8c84fa94-04c1-424b-9868-57a2d4851a1d" relativeResultsDirectory="b974673e-a82e-49b3-9a94-c4ffc499f97b" dataRowInfo="1" resultType="DataDrivenDataRow" />
      </InnerResults>
    </UnitTestResult>
    <UnitTestResult executionId="b41bd263-7bed-47dd-a495-f7b79451ad85" testId="8c1d1a56-be42-3df5-a82e-36b97c2860b8" testName="ToEnum_Passing_InvalidValueInt_Returns_EnumDefaultValue" computerName="PC-SFERRARI" duration="00:00:00.0001856" startTime="2021-01-09T13:00:06.9893834+00:00" endTime="2021-01-09T13:00:06.9897432+00:00" testType="13cdc9d9-ddb5-4fa4-a97d-d965ccfc6d4b" outcome="Passed" testListId="8c84fa94-04c1-424b-9868-57a2d4851a1d" relativeResultsDirectory="b41bd263-7bed-47dd-a495-f7b79451ad85" />
    <UnitTestResult executionId="30438572-241a-4312-84a6-ebafa5e882e7" testId="c8fd6d3c-b723-929b-f175-dbdc2a7be855" testName="ToIsWeekend_Passing_Sunday_DateTime_Returns_True" computerName="PC-SFERRARI" duration="00:00:00.0001981" startTime="2021-01-09T13:00:06.3465415+00:00" endTime="2021-01-09T13:00:06.3468751+00:00" testType="13cdc9d9-ddb5-4fa4-a97d-d965ccfc6d4b" outcome="Passed" testListId="8c84fa94-04c1-424b-9868-57a2d4851a1d" relativeResultsDirectory="30438572-241a-4312-84a6-ebafa5e882e7" />
    <UnitTestResult executionId="4e4f5551-ce64-4bfd-a6d7-86dd523b26ca" testId="4a2e80a7-472b-b7f7-ba61-ac77aed5735d" testName="ToHeader_Passing_HttpRequest_Header_Value_Returns_Value" computerName="PC-SFERRARI" duration="00:00:00.0009781" startTime="2021-01-09T13:00:06.5898629+00:00" endTime="2021-01-09T13:00:06.5910477+00:00" testType="13cdc9d9-ddb5-4fa4-a97d-d965ccfc6d4b" outcome="Passed" testListId="8c84fa94-04c1-424b-9868-57a2d4851a1d" relativeResultsDirectory="4e4f5551-ce64-4bfd-a6d7-86dd523b26ca" />
    <UnitTestResult executionId="9e0cfc76-2cb9-4ddd-a798-a915226ceff8" testId="6088101f-62c5-69c8-6751-05523b132d06" testName="CreateAndVerifySHA512_Passing_Valid_Arguments_Returns_True" computerName="PC-SFERRARI" duration="00:00:00.0012966" startTime="2021-01-09T13:00:06.4691556+00:00" endTime="2021-01-09T13:00:06.4706671+00:00" testType="13cdc9d9-ddb5-4fa4-a97d-d965ccfc6d4b" outcome="Passed" testListId="8c84fa94-04c1-424b-9868-57a2d4851a1d" relativeResultsDirectory="9e0cfc76-2cb9-4ddd-a798-a915226ceff8" resultType="DataDrivenTest">
      <InnerResults>
        <UnitTestResult executionId="8394a13e-5474-4589-87d8-6c8efa68f650" parentExecutionId="9e0cfc76-2cb9-4ddd-a798-a915226ceff8" testId="6088101f-62c5-69c8-6751-05523b132d06" testName="CreateAndVerifySHA512_Passing_Valid_Arguments_Returns_True (Password)" computerName="PC-SFERRARI" duration="00:00:00.0010540" startTime="2021-01-09T13:00:06.4691556+00:00" endTime="2021-01-09T13:00:06.4706671+00:00" testType="13cdc9d9-ddb5-4fa4-a97d-d965ccfc6d4b" outcome="Passed" testListId="8c84fa94-04c1-424b-9868-57a2d4851a1d" relativeResultsDirectory="8394a13e-5474-4589-87d8-6c8efa68f650" dataRowInfo="1" resultType="DataDrivenDataRow" />
        <UnitTestResult executionId="2dc09899-8d27-4a30-bf48-ec612636c7bd" parentExecutionId="9e0cfc76-2cb9-4ddd-a798-a915226ceff8" testId="6088101f-62c5-69c8-6751-05523b132d06" testName="CreateAndVerifySHA512_Passing_Valid_Arguments_Returns_True (HashTests)" computerName="PC-SFERRARI" duration="00:00:00.0000577" startTime="2021-01-09T13:00:06.4691556+00:00" endTime="2021-01-09T13:00:06.4706671+00:00" testType="13cdc9d9-ddb5-4fa4-a97d-d965ccfc6d4b" outcome="Passed" testListId="8c84fa94-04c1-424b-9868-57a2d4851a1d" relativeResultsDirectory="2dc09899-8d27-4a30-bf48-ec612636c7bd" dataRowInfo="2" resultType="DataDrivenDataRow" />
        <UnitTestResult executionId="19066dd2-3faf-49a1-a760-15e2942d921b" parentExecutionId="9e0cfc76-2cb9-4ddd-a798-a915226ceff8" testId="6088101f-62c5-69c8-6751-05523b132d06" testName="CreateAndVerifySHA512_Passing_Valid_Arguments_Returns_True (sdlfkjldsfksdfñl·%$·&amp;$/U&amp;/)(&amp;()?=)¿?^P*^PÑL,.,.lñ´ñ+98098'098098)" computerName="PC-SFERRARI" duration="00:00:00.0000429" startTime="2021-01-09T13:00:06.4691556+00:00" endTime="2021-01-09T13:00:06.4706671+00:00" testType="13cdc9d9-ddb5-4fa4-a97d-d965ccfc6d4b" outcome="Passed" testListId="8c84fa94-04c1-424b-9868-57a2d4851a1d" relativeResultsDirectory="19066dd2-3faf-49a1-a760-15e2942d921b" dataRowInfo="3" resultType="DataDrivenDataRow" />
      </InnerResults>
    </UnitTestResult>
    <UnitTestResult executionId="a348a7d9-df90-44c2-8968-f6366f051ae4" testId="d51ea295-e896-101a-6578-05ae772bcbfb" testName="ToIsSubdomainThrow_Passing_InvalidValue_Returns_ApplicationExceptionWithMessage" computerName="PC-SFERRARI" duration="00:00:00.0022879" startTime="2021-01-09T13:00:06.0091121+00:00" endTime="2021-01-09T13:00:06.0115302+00:00" testType="13cdc9d9-ddb5-4fa4-a97d-d965ccfc6d4b" outcome="Passed" testListId="8c84fa94-04c1-424b-9868-57a2d4851a1d" relativeResultsDirectory="a348a7d9-df90-44c2-8968-f6366f051ae4" resultType="DataDrivenTest">
      <InnerResults>
        <UnitTestResult executionId="6c0e9263-2d5c-4e2e-9281-eeb8d81e9519" parentExecutionId="a348a7d9-df90-44c2-8968-f6366f051ae4" testId="d51ea295-e896-101a-6578-05ae772bcbfb" testName="ToIsSubdomainThrow_Passing_InvalidValue_Returns_ApplicationExceptionWithMessage (dasdasd@dsasd.._ff)" computerName="PC-SFERRARI" duration="00:00:00.0018221" startTime="2021-01-09T13:00:06.0091121+00:00" endTime="2021-01-09T13:00:06.0115302+00:00" testType="13cdc9d9-ddb5-4fa4-a97d-d965ccfc6d4b" outcome="Passed" testListId="8c84fa94-04c1-424b-9868-57a2d4851a1d" relativeResultsDirectory="6c0e9263-2d5c-4e2e-9281-eeb8d81e9519" dataRowInfo="1" resultType="DataDrivenDataRow" />
        <UnitTestResult executionId="c0c5407c-f65e-4cae-ba96-68ab9fe0e3fa" parentExecutionId="a348a7d9-df90-44c2-8968-f6366f051ae4" testId="d51ea295-e896-101a-6578-05ae772bcbfb" testName="ToIsSubdomainThrow_Passing_InvalidValue_Returns_ApplicationExceptionWithMessage (34fsds@@sdd.f)" computerName="PC-SFERRARI" duration="00:00:00.0000947" startTime="2021-01-09T13:00:06.0091121+00:00" endTime="2021-01-09T13:00:06.0115302+00:00" testType="13cdc9d9-ddb5-4fa4-a97d-d965ccfc6d4b" outcome="Passed" testListId="8c84fa94-04c1-424b-9868-57a2d4851a1d" relativeResultsDirectory="c0c5407c-f65e-4cae-ba96-68ab9fe0e3fa" dataRowInfo="2" resultType="DataDrivenDataRow" />
        <UnitTestResult executionId="c115790c-4c52-451b-bb4e-47adc204a90e" parentExecutionId="a348a7d9-df90-44c2-8968-f6366f051ae4" testId="d51ea295-e896-101a-6578-05ae772bcbfb" testName="ToIsSubdomainThrow_Passing_InvalidValue_Returns_ApplicationExceptionWithMessage ()" computerName="PC-SFERRARI" duration="00:00:00.0000581" startTime="2021-01-09T13:00:06.0091121+00:00" endTime="2021-01-09T13:00:06.0115302+00:00" testType="13cdc9d9-ddb5-4fa4-a97d-d965ccfc6d4b" outcome="Passed" testListId="8c84fa94-04c1-424b-9868-57a2d4851a1d" relativeResultsDirectory="c115790c-4c52-451b-bb4e-47adc204a90e" dataRowInfo="3" resultType="DataDrivenDataRow" />
        <UnitTestResult executionId="560baade-72ab-4f5e-9501-ed54e83363d7" parentExecutionId="a348a7d9-df90-44c2-8968-f6366f051ae4" testId="d51ea295-e896-101a-6578-05ae772bcbfb" testName="ToIsSubdomainThrow_Passing_InvalidValue_Returns_ApplicationExceptionWithMessage ()" computerName="PC-SFERRARI" duration="00:00:00.0000474" startTime="2021-01-09T13:00:06.0091121+00:00" endTime="2021-01-09T13:00:06.0115302+00:00" testType="13cdc9d9-ddb5-4fa4-a97d-d965ccfc6d4b" outcome="Passed" testListId="8c84fa94-04c1-424b-9868-57a2d4851a1d" relativeResultsDirectory="560baade-72ab-4f5e-9501-ed54e83363d7" dataRowInfo="4" resultType="DataDrivenDataRow" />
        <UnitTestResult executionId="9d590f8c-78d2-49b6-8044-09da3a457550" parentExecutionId="a348a7d9-df90-44c2-8968-f6366f051ae4" testId="d51ea295-e896-101a-6578-05ae772bcbfb" testName="ToIsSubdomainThrow_Passing_InvalidValue_Returns_ApplicationExceptionWithMessage (34?fsds@sdd.yy)" computerName="PC-SFERRARI" duration="00:00:00.0000614" startTime="2021-01-09T13:00:06.0091121+00:00" endTime="2021-01-09T13:00:06.0115302+00:00" testType="13cdc9d9-ddb5-4fa4-a97d-d965ccfc6d4b" outcome="Passed" testListId="8c84fa94-04c1-424b-9868-57a2d4851a1d" relativeResultsDirectory="9d590f8c-78d2-49b6-8044-09da3a457550" dataRowInfo="5" resultType="DataDrivenDataRow" />
      </InnerResults>
    </UnitTestResult>
    <UnitTestResult executionId="4c950a9e-9c9a-442f-8e2b-3b3dfd78d334" testId="0f697beb-b7a4-6aa6-9017-b57feeb9ba7f" testName="ToEnvironment_ServiceCollection_Passing_Development_Enviroment_Returns_Development_Name" computerName="PC-SFERRARI" duration="00:00:00.0003837" startTime="2021-01-09T13:00:06.2577345+00:00" endTime="2021-01-09T13:00:06.2581894+00:00" testType="13cdc9d9-ddb5-4fa4-a97d-d965ccfc6d4b" outcome="Passed" testListId="8c84fa94-04c1-424b-9868-57a2d4851a1d" relativeResultsDirectory="4c950a9e-9c9a-442f-8e2b-3b3dfd78d334" />
    <UnitTestResult executionId="f490e412-c761-47c5-b0c4-b32f19c88dc5" testId="e9d3a3d6-32e0-613e-b55e-48afdf1ab686" testName="ToWhere_Passing_Valid_Predicate_Returns_Filter_List" computerName="PC-SFERRARI" duration="00:00:00.0029115" startTime="2021-01-09T13:00:06.7934965+00:00" endTime="2021-01-09T13:00:06.7965566+00:00" testType="13cdc9d9-ddb5-4fa4-a97d-d965ccfc6d4b" outcome="Passed" testListId="8c84fa94-04c1-424b-9868-57a2d4851a1d" relativeResultsDirectory="f490e412-c761-47c5-b0c4-b32f19c88dc5" />
    <UnitTestResult executionId="aff8d68a-45f1-4aca-bed4-650d8832ff04" testId="17a38df3-33e0-71ac-f8cb-dcdd3ade7269" testName="ToDefaultValue_Passing_char_Returns_Cero" computerName="PC-SFERRARI" duration="00:00:00.0004979" startTime="2021-01-09T13:00:06.4043038+00:00" endTime="2021-01-09T13:00:06.4059999+00:00" testType="13cdc9d9-ddb5-4fa4-a97d-d965ccfc6d4b" outcome="Passed" testListId="8c84fa94-04c1-424b-9868-57a2d4851a1d" relativeResultsDirectory="aff8d68a-45f1-4aca-bed4-650d8832ff04" resultType="DataDrivenTest">
      <InnerResults>
        <UnitTestResult executionId="098aff7f-2251-43e3-b839-3830015acde0" parentExecutionId="aff8d68a-45f1-4aca-bed4-650d8832ff04" testId="17a38df3-33e0-71ac-f8cb-dcdd3ade7269" testName="ToDefaultValue_Passing_char_Returns_Cero (*)" computerName="PC-SFERRARI" duration="00:00:00.0004000" startTime="2021-01-09T13:00:06.4043038+00:00" endTime="2021-01-09T13:00:06.4059999+00:00" testType="13cdc9d9-ddb5-4fa4-a97d-d965ccfc6d4b" outcome="Passed" testListId="8c84fa94-04c1-424b-9868-57a2d4851a1d" relativeResultsDirectory="098aff7f-2251-43e3-b839-3830015acde0" dataRowInfo="1" resultType="DataDrivenDataRow" />
      </InnerResults>
    </UnitTestResult>
    <UnitTestResult executionId="42a60fc9-571e-4b03-8510-f6e9a5ee6a81" testId="cf950ab2-9fe4-ec30-43b4-2f3a99b5167d" testName="CreateAndVerifySHA256_Passing_Valid_Arguments_Returns_True" computerName="PC-SFERRARI" duration="00:00:00.0105425" startTime="2021-01-09T13:00:06.4492163+00:00" endTime="2021-01-09T13:00:06.4600530+00:00" testType="13cdc9d9-ddb5-4fa4-a97d-d965ccfc6d4b" outcome="Passed" testListId="8c84fa94-04c1-424b-9868-57a2d4851a1d" relativeResultsDirectory="42a60fc9-571e-4b03-8510-f6e9a5ee6a81" resultType="DataDrivenTest">
      <InnerResults>
        <UnitTestResult executionId="a818b229-3e68-4034-8bcd-b8b7ccf2e353" parentExecutionId="42a60fc9-571e-4b03-8510-f6e9a5ee6a81" testId="cf950ab2-9fe4-ec30-43b4-2f3a99b5167d" testName="CreateAndVerifySHA256_Passing_Valid_Arguments_Returns_True (Password)" computerName="PC-SFERRARI" duration="00:00:00.0101602" startTime="2021-01-09T13:00:06.4492163+00:00" endTime="2021-01-09T13:00:06.4600530+00:00" testType="13cdc9d9-ddb5-4fa4-a97d-d965ccfc6d4b" outcome="Passed" testListId="8c84fa94-04c1-424b-9868-57a2d4851a1d" relativeResultsDirectory="a818b229-3e68-4034-8bcd-b8b7ccf2e353" dataRowInfo="1" resultType="DataDrivenDataRow" />
        <UnitTestResult executionId="e4dcbe93-380a-4387-b54a-043643be5ed4" parentExecutionId="42a60fc9-571e-4b03-8510-f6e9a5ee6a81" testId="cf950ab2-9fe4-ec30-43b4-2f3a99b5167d" testName="CreateAndVerifySHA256_Passing_Valid_Arguments_Returns_True (HashTests)" computerName="PC-SFERRARI" duration="00:00:00.0000876" startTime="2021-01-09T13:00:06.4492163+00:00" endTime="2021-01-09T13:00:06.4600530+00:00" testType="13cdc9d9-ddb5-4fa4-a97d-d965ccfc6d4b" outcome="Passed" testListId="8c84fa94-04c1-424b-9868-57a2d4851a1d" relativeResultsDirectory="e4dcbe93-380a-4387-b54a-043643be5ed4" dataRowInfo="2" resultType="DataDrivenDataRow" />
        <UnitTestResult executionId="59066125-0725-4839-a701-d57d38fdf26d" parentExecutionId="42a60fc9-571e-4b03-8510-f6e9a5ee6a81" testId="cf950ab2-9fe4-ec30-43b4-2f3a99b5167d" testName="CreateAndVerifySHA256_Passing_Valid_Arguments_Returns_True (sdlfkjldsfksdfñl·%$·&amp;$/U&amp;/)(&amp;()?=)¿?^P*^PÑL,.,.lñ´ñ+98098'098098)" computerName="PC-SFERRARI" duration="00:00:00.0001452" startTime="2021-01-09T13:00:06.4492163+00:00" endTime="2021-01-09T13:00:06.4600530+00:00" testType="13cdc9d9-ddb5-4fa4-a97d-d965ccfc6d4b" outcome="Passed" testListId="8c84fa94-04c1-424b-9868-57a2d4851a1d" relativeResultsDirectory="59066125-0725-4839-a701-d57d38fdf26d" dataRowInfo="3" resultType="DataDrivenDataRow" />
      </InnerResults>
    </UnitTestResult>
    <UnitTestResult executionId="dfa46b38-db88-441b-b210-73a85f560350" testId="fa00d2a8-59b9-ad9e-caa1-a0c9e3156db1" testName="ToGetAll_Passing_Claims_Returns_Claim_Value_Int_List" computerName="PC-SFERRARI" duration="00:00:00.0122214" startTime="2021-01-09T13:00:06.1327975+00:00" endTime="2021-01-09T13:00:06.1451362+00:00" testType="13cdc9d9-ddb5-4fa4-a97d-d965ccfc6d4b" outcome="Passed" testListId="8c84fa94-04c1-424b-9868-57a2d4851a1d" relativeResultsDirectory="dfa46b38-db88-441b-b210-73a85f560350" />
    <UnitTestResult executionId="59dfec02-f23e-4673-8538-94ab51f034b5" testId="ae09f98c-257a-b9e5-5b0b-16344b7adf1c" testName="ToInt_Passing_ValidValueString_Returns_Int" computerName="PC-SFERRARI" duration="00:00:00.0002406" startTime="2021-01-09T13:00:07.0415701+00:00" endTime="2021-01-09T13:00:07.0419106+00:00" testType="13cdc9d9-ddb5-4fa4-a97d-d965ccfc6d4b" outcome="Passed" testListId="8c84fa94-04c1-424b-9868-57a2d4851a1d" relativeResultsDirectory="59dfec02-f23e-4673-8538-94ab51f034b5" resultType="DataDrivenTest">
      <InnerResults>
        <UnitTestResult executionId="e2c69490-2e06-4300-a20a-5b88556d0658" parentExecutionId="59dfec02-f23e-4673-8538-94ab51f034b5" testId="ae09f98c-257a-b9e5-5b0b-16344b7adf1c" testName="ToInt_Passing_ValidValueString_Returns_Int (1234567890)" computerName="PC-SFERRARI" duration="00:00:00.0001969" startTime="2021-01-09T13:00:07.0415701+00:00" endTime="2021-01-09T13:00:07.0419106+00:00" testType="13cdc9d9-ddb5-4fa4-a97d-d965ccfc6d4b" outcome="Passed" testListId="8c84fa94-04c1-424b-9868-57a2d4851a1d" relativeResultsDirectory="e2c69490-2e06-4300-a20a-5b88556d0658" dataRowInfo="1" resultType="DataDrivenDataRow" />
      </InnerResults>
    </UnitTestResult>
    <UnitTestResult executionId="ee428243-bd0b-4433-af57-6b3fc371e946" testId="ac572b27-5286-68a4-5380-d7de82fbf69a" testName="ToFormat_Passing_ValidValueFormatWithArguments_Returns_ValueWithFormat" computerName="PC-SFERRARI" duration="00:00:00.0006302" startTime="2021-01-09T13:00:07.0166377+00:00" endTime="2021-01-09T13:00:07.0174757+00:00" testType="13cdc9d9-ddb5-4fa4-a97d-d965ccfc6d4b" outcome="Passed" testListId="8c84fa94-04c1-424b-9868-57a2d4851a1d" relativeResultsDirectory="ee428243-bd0b-4433-af57-6b3fc371e946" />
    <UnitTestResult executionId="379cec27-c126-4107-845a-47515e38e3b7" testId="19a313ce-6632-bd6f-bb7e-c2dc7bcf20eb" testName="ToDefaultValue_Passing_sbyte_Returns_Cero" computerName="PC-SFERRARI" duration="00:00:00.0004037" startTime="2021-01-09T13:00:06.4169397+00:00" endTime="2021-01-09T13:00:06.4174491+00:00" testType="13cdc9d9-ddb5-4fa4-a97d-d965ccfc6d4b" outcome="Passed" testListId="8c84fa94-04c1-424b-9868-57a2d4851a1d" relativeResultsDirectory="379cec27-c126-4107-845a-47515e38e3b7" resultType="DataDrivenTest">
      <InnerResults>
        <UnitTestResult executionId="f5aa684c-f430-453f-8dce-7ed199452dc8" parentExecutionId="379cec27-c126-4107-845a-47515e38e3b7" testId="19a313ce-6632-bd6f-bb7e-c2dc7bcf20eb" testName="ToDefaultValue_Passing_sbyte_Returns_Cero (127)" computerName="PC-SFERRARI" duration="00:00:00.0003461" startTime="2021-01-09T13:00:06.4169397+00:00" endTime="2021-01-09T13:00:06.4174491+00:00" testType="13cdc9d9-ddb5-4fa4-a97d-d965ccfc6d4b" outcome="Passed" testListId="8c84fa94-04c1-424b-9868-57a2d4851a1d" relativeResultsDirectory="f5aa684c-f430-453f-8dce-7ed199452dc8" dataRowInfo="1" resultType="DataDrivenDataRow" />
      </InnerResults>
    </UnitTestResult>
    <UnitTestResult executionId="c7bcda7d-02f7-4e57-b8a5-16c5610f6fe3" testId="bf8f6922-5666-8ec7-1500-aabd5997d6a4" testName="ToString_Passing_Valid_Collection_With_Custom_Separator_Returns_String_With_Custom_Separator" computerName="PC-SFERRARI" duration="00:00:00.0002870" startTime="2021-01-09T13:00:06.3540565+00:00" endTime="2021-01-09T13:00:06.3544523+00:00" testType="13cdc9d9-ddb5-4fa4-a97d-d965ccfc6d4b" outcome="Passed" testListId="8c84fa94-04c1-424b-9868-57a2d4851a1d" relativeResultsDirectory="c7bcda7d-02f7-4e57-b8a5-16c5610f6fe3" />
    <UnitTestResult executionId="06739ef3-cdb7-4556-badb-538011609921" testId="ede15cdf-3d1b-3e1a-18dc-485a2d50fe42" testName="ToFormat_Passing_ValidTimeSpanValue_Returns_ValueWithFormatString" computerName="PC-SFERRARI" duration="00:00:00.0032929" startTime="2021-01-09T13:00:07.8379752+00:00" endTime="2021-01-09T13:00:07.8448175+00:00" testType="13cdc9d9-ddb5-4fa4-a97d-d965ccfc6d4b" outcome="Passed" testListId="8c84fa94-04c1-424b-9868-57a2d4851a1d" relativeResultsDirectory="06739ef3-cdb7-4556-badb-538011609921" />
    <UnitTestResult executionId="f0f74120-eeae-40b8-9894-aade1944d8be" testId="1b969e76-d97c-c639-c377-a41796fbb2c3" testName="ToHashAlgorithmName_Passing_InvalidValueString_Returns_Null" computerName="PC-SFERRARI" duration="00:00:00.0003671" startTime="2021-01-09T13:00:07.0315925+00:00" endTime="2021-01-09T13:00:07.0321517+00:00" testType="13cdc9d9-ddb5-4fa4-a97d-d965ccfc6d4b" outcome="Passed" testListId="8c84fa94-04c1-424b-9868-57a2d4851a1d" relativeResultsDirectory="f0f74120-eeae-40b8-9894-aade1944d8be" resultType="DataDrivenTest">
      <InnerResults>
        <UnitTestResult executionId="ef41e02f-d9d3-4092-9ae4-7578625c3772" parentExecutionId="f0f74120-eeae-40b8-9894-aade1944d8be" testId="1b969e76-d97c-c639-c377-a41796fbb2c3" testName="ToHashAlgorithmName_Passing_InvalidValueString_Returns_Null (hhhhhh)" computerName="PC-SFERRARI" duration="00:00:00.0003053" startTime="2021-01-09T13:00:07.0315925+00:00" endTime="2021-01-09T13:00:07.0321517+00:00" testType="13cdc9d9-ddb5-4fa4-a97d-d965ccfc6d4b" outcome="Passed" testListId="8c84fa94-04c1-424b-9868-57a2d4851a1d" relativeResultsDirectory="ef41e02f-d9d3-4092-9ae4-7578625c3772" dataRowInfo="1" resultType="DataDrivenDataRow" />
      </InnerResults>
    </UnitTestResult>
    <UnitTestResult executionId="580fad08-c24d-4964-b8c2-fc44afd88369" testId="e0f7dcd9-f363-be9c-de11-457f6a575bee" testName="ToDefaultValue_Passing_float_Returns_Cero" computerName="PC-SFERRARI" duration="00:00:00.0005043" startTime="2021-01-09T13:00:06.4085977+00:00" endTime="2021-01-09T13:00:06.4092407+00:00" testType="13cdc9d9-ddb5-4fa4-a97d-d965ccfc6d4b" outcome="Passed" testListId="8c84fa94-04c1-424b-9868-57a2d4851a1d" relativeResultsDirectory="580fad08-c24d-4964-b8c2-fc44afd88369" resultType="DataDrivenTest">
      <InnerResults>
        <UnitTestResult executionId="f49cd5e4-8c6e-4273-8813-4b9048a618af" parentExecutionId="580fad08-c24d-4964-b8c2-fc44afd88369" testId="e0f7dcd9-f363-be9c-de11-457f6a575bee" testName="ToDefaultValue_Passing_float_Returns_Cero (3,4028235E+38)" computerName="PC-SFERRARI" duration="00:00:00.0004176" startTime="2021-01-09T13:00:06.4085977+00:00" endTime="2021-01-09T13:00:06.4092407+00:00" testType="13cdc9d9-ddb5-4fa4-a97d-d965ccfc6d4b" outcome="Passed" testListId="8c84fa94-04c1-424b-9868-57a2d4851a1d" relativeResultsDirectory="f49cd5e4-8c6e-4273-8813-4b9048a618af" dataRowInfo="1" resultType="DataDrivenDataRow" />
      </InnerResults>
    </UnitTestResult>
    <UnitTestResult executionId="af438b2b-21ca-483e-bd9a-e6e769061992" testId="b8bb90de-6285-0f1c-e0f2-f3ba1f987370" testName="IsUppercase_Passing_InvalidArguments_Returns_HasErrorsAndCount" computerName="PC-SFERRARI" duration="00:00:00.0006347" startTime="2021-01-09T13:00:06.0753741+00:00" endTime="2021-01-09T13:00:06.0761105+00:00" testType="13cdc9d9-ddb5-4fa4-a97d-d965ccfc6d4b" outcome="Passed" testListId="8c84fa94-04c1-424b-9868-57a2d4851a1d" relativeResultsDirectory="af438b2b-21ca-483e-bd9a-e6e769061992" />
    <UnitTestResult executionId="4bfb42e8-f30c-4348-9a85-a242a4f8f1ed" testId="0696fab6-6d9f-2b85-4a73-248fbd1cdda4" testName="ToDirectorySaveFileAsync_Passing_ValidValue_Returns_False" computerName="PC-SFERRARI" duration="00:00:00.0112002" startTime="2021-01-09T13:00:06.9493116+00:00" endTime="2021-01-09T13:00:06.9608372+00:00" testType="13cdc9d9-ddb5-4fa4-a97d-d965ccfc6d4b" outcome="Passed" testListId="8c84fa94-04c1-424b-9868-57a2d4851a1d" relativeResultsDirectory="4bfb42e8-f30c-4348-9a85-a242a4f8f1ed" />
    <UnitTestResult executionId="055b749d-0779-4153-89ea-c4a8e94d238d" testId="27cc1a96-8264-8762-05bc-aa63ccb155d7" testName="ToMapClone_Passing_Source_Returns_New_Source_Object" computerName="PC-SFERRARI" duration="00:00:00.2514279" startTime="2021-01-09T13:00:05.4303886+00:00" endTime="2021-01-09T13:00:05.6822050+00:00" testType="13cdc9d9-ddb5-4fa4-a97d-d965ccfc6d4b" outcome="Passed" testListId="8c84fa94-04c1-424b-9868-57a2d4851a1d" relativeResultsDirectory="055b749d-0779-4153-89ea-c4a8e94d238d" />
    <UnitTestResult executionId="64ce5a58-6665-4b6c-bf5c-38507b0ec934" testId="ab274dac-b194-4e0f-6fab-a20667b535a8" testName="ToMapMerge_Passing_Destination_Object_Returns_Merged_Destination_Object" computerName="PC-SFERRARI" duration="00:00:00.0122742" startTime="2021-01-09T13:00:05.7184440+00:00" endTime="2021-01-09T13:00:05.7308734+00:00" testType="13cdc9d9-ddb5-4fa4-a97d-d965ccfc6d4b" outcome="Passed" testListId="8c84fa94-04c1-424b-9868-57a2d4851a1d" relativeResultsDirectory="64ce5a58-6665-4b6c-bf5c-38507b0ec934" />
    <UnitTestResult executionId="3ad90c3c-71a7-47b2-ba87-ea729cb9e933" testId="640513b3-feee-19a8-efba-5817e77ff3ee" testName="ToExists_Passing_NotFound_Service_Returns_False" computerName="PC-SFERRARI" duration="00:00:00.0002361" startTime="2021-01-09T13:00:06.2596885+00:00" endTime="2021-01-09T13:00:06.2600004+00:00" testType="13cdc9d9-ddb5-4fa4-a97d-d965ccfc6d4b" outcome="Passed" testListId="8c84fa94-04c1-424b-9868-57a2d4851a1d" relativeResultsDirectory="3ad90c3c-71a7-47b2-ba87-ea729cb9e933" />
    <UnitTestResult executionId="fb570d84-58ca-4578-bc55-747bd08ebacb" testId="bd43e66e-fbae-26eb-a9a1-c58a6bf5d7af" testName="ToHashAlgorithmName_Passing_InvalidValueLowerCaseString_Returns_Null" computerName="PC-SFERRARI" duration="00:00:00.0002946" startTime="2021-01-09T13:00:07.0195752+00:00" endTime="2021-01-09T13:00:07.0200159+00:00" testType="13cdc9d9-ddb5-4fa4-a97d-d965ccfc6d4b" outcome="Passed" testListId="8c84fa94-04c1-424b-9868-57a2d4851a1d" relativeResultsDirectory="fb570d84-58ca-4578-bc55-747bd08ebacb" resultType="DataDrivenTest">
      <InnerResults>
        <UnitTestResult executionId="8b0673f0-e768-4c15-8a9a-77de2a015515" parentExecutionId="fb570d84-58ca-4578-bc55-747bd08ebacb" testId="bd43e66e-fbae-26eb-a9a1-c58a6bf5d7af" testName="ToHashAlgorithmName_Passing_InvalidValueLowerCaseString_Returns_Null (md5)" computerName="PC-SFERRARI" duration="00:00:00.0002432" startTime="2021-01-09T13:00:07.0195752+00:00" endTime="2021-01-09T13:00:07.0200159+00:00" testType="13cdc9d9-ddb5-4fa4-a97d-d965ccfc6d4b" outcome="Passed" testListId="8c84fa94-04c1-424b-9868-57a2d4851a1d" relativeResultsDirectory="8b0673f0-e768-4c15-8a9a-77de2a015515" dataRowInfo="1" resultType="DataDrivenDataRow" />
      </InnerResults>
    </UnitTestResult>
    <UnitTestResult executionId="5dc55c3e-0124-45c0-9276-da4202fff33f" testId="7a313c49-8adc-98e3-cdda-86b900f0ade6" testName="ToCompress_Passing_Value_Bytes_Returns_Value_Bytes" computerName="PC-SFERRARI" duration="00:00:00.0005055" startTime="2021-01-09T13:00:05.9779016+00:00" endTime="2021-01-09T13:00:05.9785365+00:00" testType="13cdc9d9-ddb5-4fa4-a97d-d965ccfc6d4b" outcome="Passed" testListId="8c84fa94-04c1-424b-9868-57a2d4851a1d" relativeResultsDirectory="5dc55c3e-0124-45c0-9276-da4202fff33f" />
    <UnitTestResult executionId="aa3d6dda-5a3d-4eb1-88e6-dbcfddb47623" testId="bc15aa99-72de-0e5a-b6e8-2d654659d591" testName="ToUri_Passing_InvalidValueString_Returns_DefaultValue" computerName="PC-SFERRARI" duration="00:00:00.0039164" startTime="2021-01-09T13:00:07.1028070+00:00" endTime="2021-01-09T13:00:07.1069857+00:00" testType="13cdc9d9-ddb5-4fa4-a97d-d965ccfc6d4b" outcome="Passed" testListId="8c84fa94-04c1-424b-9868-57a2d4851a1d" relativeResultsDirectory="aa3d6dda-5a3d-4eb1-88e6-dbcfddb47623" resultType="DataDrivenTest">
      <InnerResults>
        <UnitTestResult executionId="e8fc871e-ff9d-41a4-80cd-471474f22b68" parentExecutionId="aa3d6dda-5a3d-4eb1-88e6-dbcfddb47623" testId="bc15aa99-72de-0e5a-b6e8-2d654659d591" testName="ToUri_Passing_InvalidValueString_Returns_DefaultValue (http://?)" computerName="PC-SFERRARI" duration="00:00:00.0035267" startTime="2021-01-09T13:00:07.1028070+00:00" endTime="2021-01-09T13:00:07.1069857+00:00" testType="13cdc9d9-ddb5-4fa4-a97d-d965ccfc6d4b" outcome="Passed" testListId="8c84fa94-04c1-424b-9868-57a2d4851a1d" relativeResultsDirectory="e8fc871e-ff9d-41a4-80cd-471474f22b68" dataRowInfo="1" resultType="DataDrivenDataRow" />
        <UnitTestResult executionId="1e8ed8e2-5535-42f2-863d-cafc6a754f64" parentExecutionId="aa3d6dda-5a3d-4eb1-88e6-dbcfddb47623" testId="bc15aa99-72de-0e5a-b6e8-2d654659d591" testName="ToUri_Passing_InvalidValueString_Returns_DefaultValue (http://)" computerName="PC-SFERRARI" duration="00:00:00.0000256" startTime="2021-01-09T13:00:07.1028070+00:00" endTime="2021-01-09T13:00:07.1069857+00:00" testType="13cdc9d9-ddb5-4fa4-a97d-d965ccfc6d4b" outcome="Passed" testListId="8c84fa94-04c1-424b-9868-57a2d4851a1d" relativeResultsDirectory="1e8ed8e2-5535-42f2-863d-cafc6a754f64" dataRowInfo="2" resultType="DataDrivenDataRow" />
        <UnitTestResult executionId="b457e7fd-983a-4d15-86a2-68cc9d0e73c8" parentExecutionId="aa3d6dda-5a3d-4eb1-88e6-dbcfddb47623" testId="bc15aa99-72de-0e5a-b6e8-2d654659d591" testName="ToUri_Passing_InvalidValueString_Returns_DefaultValue (http://.)" computerName="PC-SFERRARI" duration="00:00:00.0000517" startTime="2021-01-09T13:00:07.1028070+00:00" endTime="2021-01-09T13:00:07.1069857+00:00" testType="13cdc9d9-ddb5-4fa4-a97d-d965ccfc6d4b" outcome="Passed" testListId="8c84fa94-04c1-424b-9868-57a2d4851a1d" relativeResultsDirectory="b457e7fd-983a-4d15-86a2-68cc9d0e73c8" dataRowInfo="3" resultType="DataDrivenDataRow" />
        <UnitTestResult executionId="9f654877-6e0a-4998-802f-2079f09b06fb" parentExecutionId="aa3d6dda-5a3d-4eb1-88e6-dbcfddb47623" testId="bc15aa99-72de-0e5a-b6e8-2d654659d591" testName="ToUri_Passing_InvalidValueString_Returns_DefaultValue (http://..)" computerName="PC-SFERRARI" duration="00:00:00.0000092" startTime="2021-01-09T13:00:07.1028070+00:00" endTime="2021-01-09T13:00:07.1069857+00:00" testType="13cdc9d9-ddb5-4fa4-a97d-d965ccfc6d4b" outcome="Passed" testListId="8c84fa94-04c1-424b-9868-57a2d4851a1d" relativeResultsDirectory="9f654877-6e0a-4998-802f-2079f09b06fb" dataRowInfo="4" resultType="DataDrivenDataRow" />
        <UnitTestResult executionId="b13237fc-fb06-425d-a3c0-c4e8273974b0" parentExecutionId="aa3d6dda-5a3d-4eb1-88e6-dbcfddb47623" testId="bc15aa99-72de-0e5a-b6e8-2d654659d591" testName="ToUri_Passing_InvalidValueString_Returns_DefaultValue (http://../)" computerName="PC-SFERRARI" duration="00:00:00.0000071" startTime="2021-01-09T13:00:07.1028070+00:00" endTime="2021-01-09T13:00:07.1069857+00:00" testType="13cdc9d9-ddb5-4fa4-a97d-d965ccfc6d4b" outcome="Passed" testListId="8c84fa94-04c1-424b-9868-57a2d4851a1d" relativeResultsDirectory="b13237fc-fb06-425d-a3c0-c4e8273974b0" dataRowInfo="5" resultType="DataDrivenDataRow" />
        <UnitTestResult executionId="96ab85fe-f875-4cda-ae65-26d60eb68c7e" parentExecutionId="aa3d6dda-5a3d-4eb1-88e6-dbcfddb47623" testId="bc15aa99-72de-0e5a-b6e8-2d654659d591" testName="ToUri_Passing_InvalidValueString_Returns_DefaultValue (http://?)" computerName="PC-SFERRARI" duration="00:00:00.0000062" startTime="2021-01-09T13:00:07.1028070+00:00" endTime="2021-01-09T13:00:07.1069857+00:00" testType="13cdc9d9-ddb5-4fa4-a97d-d965ccfc6d4b" outcome="Passed" testListId="8c84fa94-04c1-424b-9868-57a2d4851a1d" relativeResultsDirectory="96ab85fe-f875-4cda-ae65-26d60eb68c7e" dataRowInfo="6" resultType="DataDrivenDataRow" />
        <UnitTestResult executionId="e2e9a86c-42ce-4e99-84ce-0449cbfd2115" parentExecutionId="aa3d6dda-5a3d-4eb1-88e6-dbcfddb47623" testId="bc15aa99-72de-0e5a-b6e8-2d654659d591" testName="ToUri_Passing_InvalidValueString_Returns_DefaultValue (http://??)" computerName="PC-SFERRARI" duration="00:00:00.0000062" startTime="2021-01-09T13:00:07.1028070+00:00" endTime="2021-01-09T13:00:07.1069857+00:00" testType="13cdc9d9-ddb5-4fa4-a97d-d965ccfc6d4b" outcome="Passed" testListId="8c84fa94-04c1-424b-9868-57a2d4851a1d" relativeResultsDirectory="e2e9a86c-42ce-4e99-84ce-0449cbfd2115" dataRowInfo="7" resultType="DataDrivenDataRow" />
        <UnitTestResult executionId="95c1b3c9-18c9-4c7c-8a3e-15d9124fba60" parentExecutionId="aa3d6dda-5a3d-4eb1-88e6-dbcfddb47623" testId="bc15aa99-72de-0e5a-b6e8-2d654659d591" testName="ToUri_Passing_InvalidValueString_Returns_DefaultValue (http://??/)" computerName="PC-SFERRARI" duration="00:00:00.0000052" startTime="2021-01-09T13:00:07.1028070+00:00" endTime="2021-01-09T13:00:07.1069857+00:00" testType="13cdc9d9-ddb5-4fa4-a97d-d965ccfc6d4b" outcome="Passed" testListId="8c84fa94-04c1-424b-9868-57a2d4851a1d" relativeResultsDirectory="95c1b3c9-18c9-4c7c-8a3e-15d9124fba60" dataRowInfo="8" resultType="DataDrivenDataRow" />
        <UnitTestResult executionId="32145e5f-f1f0-46a1-b14b-23f6f51bb9a8" parentExecutionId="aa3d6dda-5a3d-4eb1-88e6-dbcfddb47623" testId="bc15aa99-72de-0e5a-b6e8-2d654659d591" testName="ToUri_Passing_InvalidValueString_Returns_DefaultValue (http://#)" computerName="PC-SFERRARI" duration="00:00:00.0000050" startTime="2021-01-09T13:00:07.1028070+00:00" endTime="2021-01-09T13:00:07.1069857+00:00" testType="13cdc9d9-ddb5-4fa4-a97d-d965ccfc6d4b" outcome="Passed" testListId="8c84fa94-04c1-424b-9868-57a2d4851a1d" relativeResultsDirectory="32145e5f-f1f0-46a1-b14b-23f6f51bb9a8" dataRowInfo="9" resultType="DataDrivenDataRow" />
        <UnitTestResult executionId="b9c429fb-3e03-49d2-b099-3baaa0f44fc2" parentExecutionId="aa3d6dda-5a3d-4eb1-88e6-dbcfddb47623" testId="bc15aa99-72de-0e5a-b6e8-2d654659d591" testName="ToUri_Passing_InvalidValueString_Returns_DefaultValue (http://##)" computerName="PC-SFERRARI" duration="00:00:00.0000057" startTime="2021-01-09T13:00:07.1028070+00:00" endTime="2021-01-09T13:00:07.1069857+00:00" testType="13cdc9d9-ddb5-4fa4-a97d-d965ccfc6d4b" outcome="Passed" testListId="8c84fa94-04c1-424b-9868-57a2d4851a1d" relativeResultsDirectory="b9c429fb-3e03-49d2-b099-3baaa0f44fc2" dataRowInfo="10" resultType="DataDrivenDataRow" />
        <UnitTestResult executionId="7f62496d-0c7b-4e03-94f6-ae5cf2d00616" parentExecutionId="aa3d6dda-5a3d-4eb1-88e6-dbcfddb47623" testId="bc15aa99-72de-0e5a-b6e8-2d654659d591" testName="ToUri_Passing_InvalidValueString_Returns_DefaultValue (http://##/)" computerName="PC-SFERRARI" duration="00:00:00.0000051" startTime="2021-01-09T13:00:07.1028070+00:00" endTime="2021-01-09T13:00:07.1069857+00:00" testType="13cdc9d9-ddb5-4fa4-a97d-d965ccfc6d4b" outcome="Passed" testListId="8c84fa94-04c1-424b-9868-57a2d4851a1d" relativeResultsDirectory="7f62496d-0c7b-4e03-94f6-ae5cf2d00616" dataRowInfo="11" resultType="DataDrivenDataRow" />
      </InnerResults>
    </UnitTestResult>
    <UnitTestResult executionId="3c7c671b-9b75-46a2-b05a-2438335ca38e" testId="a0ed43cd-0648-ddf9-c80e-52c6889ee049" testName="ToDictionaryPropertyInfo_Passing_Object_IncludeNullOrEmptyProperty_Returns_Properties_NameAndValue_Dictionary" computerName="PC-SFERRARI" duration="00:00:00.0061932" startTime="2021-01-09T13:00:06.4420145+00:00" endTime="2021-01-09T13:00:06.4483797+00:00" testType="13cdc9d9-ddb5-4fa4-a97d-d965ccfc6d4b" outcome="Passed" testListId="8c84fa94-04c1-424b-9868-57a2d4851a1d" relativeResultsDirectory="3c7c671b-9b75-46a2-b05a-2438335ca38e" />
    <UnitTestResult executionId="a3e5ef5a-1276-40bb-b5be-7c9eaeaa39a9" testId="0a999e9b-220b-0f64-a533-84896c20ce13" testName="ResultOkData" computerName="PC-SFERRARI" duration="00:00:00.0042924" startTime="2021-01-09T13:00:06.8377460+00:00" endTime="2021-01-09T13:00:06.8421390+00:00" testType="13cdc9d9-ddb5-4fa4-a97d-d965ccfc6d4b" outcome="Passed" testListId="8c84fa94-04c1-424b-9868-57a2d4851a1d" relativeResultsDirectory="a3e5ef5a-1276-40bb-b5be-7c9eaeaa39a9" />
    <UnitTestResult executionId="6cd39f8e-eb22-4112-9bbc-36d3364492c8" testId="98d4dd82-eb94-c060-7aeb-9b0a39f334fb" testName="ToIsLastDayOfTheMonth_Passing_LastDayOfMonth_Returns_True" computerName="PC-SFERRARI" duration="00:00:00.0002525" startTime="2021-01-09T13:00:06.3406922+00:00" endTime="2021-01-09T13:00:06.3410290+00:00" testType="13cdc9d9-ddb5-4fa4-a97d-d965ccfc6d4b" outcome="Passed" testListId="8c84fa94-04c1-424b-9868-57a2d4851a1d" relativeResultsDirectory="6cd39f8e-eb22-4112-9bbc-36d3364492c8" />
    <UnitTestResult executionId="488c7288-3e71-49f9-8c2a-aa83b4c67bda" testId="7c09a438-5465-f760-64b2-23d25fc199f5" testName="ToEnum_Passing_InvalidValueString_Returns_EnumCustomValue" computerName="PC-SFERRARI" duration="00:00:00.0024714" startTime="2021-01-09T13:00:06.9897736+00:00" endTime="2021-01-09T13:00:06.9923661+00:00" testType="13cdc9d9-ddb5-4fa4-a97d-d965ccfc6d4b" outcome="Passed" testListId="8c84fa94-04c1-424b-9868-57a2d4851a1d" relativeResultsDirectory="488c7288-3e71-49f9-8c2a-aa83b4c67bda" />
    <UnitTestResult executionId="314b48b9-8094-4f49-84c9-3326c3553a09" testId="ebdf037a-44fa-7875-99d4-42fa9833aac8" testName="IsDigit_Passing_ValidArguments_Returns_HasErrorsAndCount" computerName="PC-SFERRARI" duration="00:00:00.0002927" startTime="2021-01-09T13:00:06.0278696+00:00" endTime="2021-01-09T13:00:06.0284327+00:00" testType="13cdc9d9-ddb5-4fa4-a97d-d965ccfc6d4b" outcome="Passed" testListId="8c84fa94-04c1-424b-9868-57a2d4851a1d" relativeResultsDirectory="314b48b9-8094-4f49-84c9-3326c3553a09" />
    <UnitTestResult executionId="3b74f1a5-7bf2-4f8c-a89a-5577ac49ac81" testId="161f5d07-7835-e575-5072-b9d787ef451c" testName="ToResultAsync_Passing_StatusCodeAnd_MessageAndContentTypeAndHeader_Values_Returns_Values" computerName="PC-SFERRARI" duration="00:00:00.1570623" startTime="2021-01-09T13:00:06.6065945+00:00" endTime="2021-01-09T13:00:06.7639916+00:00" testType="13cdc9d9-ddb5-4fa4-a97d-d965ccfc6d4b" outcome="Passed" testListId="8c84fa94-04c1-424b-9868-57a2d4851a1d" relativeResultsDirectory="3b74f1a5-7bf2-4f8c-a89a-5577ac49ac81" resultType="DataDrivenTest">
      <InnerResults>
        <UnitTestResult executionId="79e40c3c-d70d-450b-91b1-ab49db6a7d34" parentExecutionId="3b74f1a5-7bf2-4f8c-a89a-5577ac49ac81" testId="161f5d07-7835-e575-5072-b9d787ef451c" testName="ToResultAsync_Passing_StatusCodeAnd_MessageAndContentTypeAndHeader_Values_Returns_Values (/test)" computerName="PC-SFERRARI" duration="00:00:00.1569476" startTime="2021-01-09T13:00:06.6065945+00:00" endTime="2021-01-09T13:00:06.7639916+00:00" testType="13cdc9d9-ddb5-4fa4-a97d-d965ccfc6d4b" outcome="Passed" testListId="8c84fa94-04c1-424b-9868-57a2d4851a1d" relativeResultsDirectory="79e40c3c-d70d-450b-91b1-ab49db6a7d34" dataRowInfo="1" resultType="DataDrivenDataRow">
          <Output>
            <StdOut>info: Microsoft.AspNetCore.Hosting.Diagnostics[1]&#xD;
      Request starting HTTP/1.1 GET http://localhost/test  &#xD;
info: Microsoft.AspNetCore.Hosting.Diagnostics[2]&#xD;
      Request finished in 26.3963ms 401 9a453d82-a8c3-410d-aa93-5f9afbf9a517</StdOut>
          </Output>
        </UnitTestResult>
      </InnerResults>
    </UnitTestResult>
    <UnitTestResult executionId="9d0bd838-1ed2-4ac8-a1b5-8bb4b5ee99b9" testId="1237bc5f-42ea-8c7f-8602-051620acda95" testName="ToEmailMaskUserName_Passing_ValidEmail_Returns_EmailWithMask" computerName="PC-SFERRARI" duration="00:00:00.0008123" startTime="2021-01-09T13:00:06.9785663+00:00" endTime="2021-01-09T13:00:06.9796082+00:00" testType="13cdc9d9-ddb5-4fa4-a97d-d965ccfc6d4b" outcome="Passed" testListId="8c84fa94-04c1-424b-9868-57a2d4851a1d" relativeResultsDirectory="9d0bd838-1ed2-4ac8-a1b5-8bb4b5ee99b9" resultType="DataDrivenTest">
      <InnerResults>
        <UnitTestResult executionId="85ab8ede-f65a-42c0-8a3b-6fefa6da9076" parentExecutionId="9d0bd838-1ed2-4ac8-a1b5-8bb4b5ee99b9" testId="1237bc5f-42ea-8c7f-8602-051620acda95" testName="ToEmailMaskUserName_Passing_ValidEmail_Returns_EmailWithMask (qaz@gmail.com,q*z@gmail.com)" computerName="PC-SFERRARI" duration="00:00:00.0004397" startTime="2021-01-09T13:00:06.9785663+00:00" endTime="2021-01-09T13:00:06.9796082+00:00" testType="13cdc9d9-ddb5-4fa4-a97d-d965ccfc6d4b" outcome="Passed" testListId="8c84fa94-04c1-424b-9868-57a2d4851a1d" relativeResultsDirectory="85ab8ede-f65a-42c0-8a3b-6fefa6da9076" dataRowInfo="1" resultType="DataDrivenDataRow" />
        <UnitTestResult executionId="ff920c9b-9d1f-4542-8d96-7d227807e5d1" parentExecutionId="9d0bd838-1ed2-4ac8-a1b5-8bb4b5ee99b9" testId="1237bc5f-42ea-8c7f-8602-051620acda95" testName="ToEmailMaskUserName_Passing_ValidEmail_Returns_EmailWithMask (qazwsx@gmail.com,q****x@gmail.com)" computerName="PC-SFERRARI" duration="00:00:00.0000575" startTime="2021-01-09T13:00:06.9785663+00:00" endTime="2021-01-09T13:00:06.9796082+00:00" testType="13cdc9d9-ddb5-4fa4-a97d-d965ccfc6d4b" outcome="Passed" testListId="8c84fa94-04c1-424b-9868-57a2d4851a1d" relativeResultsDirectory="ff920c9b-9d1f-4542-8d96-7d227807e5d1" dataRowInfo="2" resultType="DataDrivenDataRow" />
        <UnitTestResult executionId="b719aa42-6c89-4846-b2bf-41e92879d7c0" parentExecutionId="9d0bd838-1ed2-4ac8-a1b5-8bb4b5ee99b9" testId="1237bc5f-42ea-8c7f-8602-051620acda95" testName="ToEmailMaskUserName_Passing_ValidEmail_Returns_EmailWithMask (qazwsxedc@gmail.com,q*******c@gmail.com)" computerName="PC-SFERRARI" duration="00:00:00.0000257" startTime="2021-01-09T13:00:06.9785663+00:00" endTime="2021-01-09T13:00:06.9796082+00:00" testType="13cdc9d9-ddb5-4fa4-a97d-d965ccfc6d4b" outcome="Passed" testListId="8c84fa94-04c1-424b-9868-57a2d4851a1d" relativeResultsDirectory="b719aa42-6c89-4846-b2bf-41e92879d7c0" dataRowInfo="3" resultType="DataDrivenDataRow" />
        <UnitTestResult executionId="f5543ec0-1809-470c-83a2-831a368d5046" parentExecutionId="9d0bd838-1ed2-4ac8-a1b5-8bb4b5ee99b9" testId="1237bc5f-42ea-8c7f-8602-051620acda95" testName="ToEmailMaskUserName_Passing_ValidEmail_Returns_EmailWithMask (qaz@gmailgmail.com,q*z@gmailgmail.com)" computerName="PC-SFERRARI" duration="00:00:00.0000398" startTime="2021-01-09T13:00:06.9785663+00:00" endTime="2021-01-09T13:00:06.9796082+00:00" testType="13cdc9d9-ddb5-4fa4-a97d-d965ccfc6d4b" outcome="Passed" testListId="8c84fa94-04c1-424b-9868-57a2d4851a1d" relativeResultsDirectory="f5543ec0-1809-470c-83a2-831a368d5046" dataRowInfo="4" resultType="DataDrivenDataRow" />
        <UnitTestResult executionId="80f4cf8c-b1d1-4b0b-9553-8c37525ccd2d" parentExecutionId="9d0bd838-1ed2-4ac8-a1b5-8bb4b5ee99b9" testId="1237bc5f-42ea-8c7f-8602-051620acda95" testName="ToEmailMaskUserName_Passing_ValidEmail_Returns_EmailWithMask (qazwsx@gmailgmail.com,q****x@gmailgmail.com)" computerName="PC-SFERRARI" duration="00:00:00.0000412" startTime="2021-01-09T13:00:06.9785663+00:00" endTime="2021-01-09T13:00:06.9796082+00:00" testType="13cdc9d9-ddb5-4fa4-a97d-d965ccfc6d4b" outcome="Passed" testListId="8c84fa94-04c1-424b-9868-57a2d4851a1d" relativeResultsDirectory="80f4cf8c-b1d1-4b0b-9553-8c37525ccd2d" dataRowInfo="5" resultType="DataDrivenDataRow" />
        <UnitTestResult executionId="0b487bf0-0b94-45d5-806a-1221653d5e7c" parentExecutionId="9d0bd838-1ed2-4ac8-a1b5-8bb4b5ee99b9" testId="1237bc5f-42ea-8c7f-8602-051620acda95" testName="ToEmailMaskUserName_Passing_ValidEmail_Returns_EmailWithMask (qazwsxedc@gmailgmail.com,q*******c@gmailgmail.com)" computerName="PC-SFERRARI" duration="00:00:00.0000406" startTime="2021-01-09T13:00:06.9785663+00:00" endTime="2021-01-09T13:00:06.9796082+00:00" testType="13cdc9d9-ddb5-4fa4-a97d-d965ccfc6d4b" outcome="Passed" testListId="8c84fa94-04c1-424b-9868-57a2d4851a1d" relativeResultsDirectory="0b487bf0-0b94-45d5-806a-1221653d5e7c" dataRowInfo="6" resultType="DataDrivenDataRow" />
      </InnerResults>
    </UnitTestResult>
    <UnitTestResult executionId="c949da9a-ad15-4fcf-9316-e3c813cb038a" testId="430dec51-b9df-7e06-fff9-78e6d362c2d8" testName="CreateRandom_WithCustomAllowableCharacters_Passing_Valid_Arguments_Returns_String_Random_Value" computerName="PC-SFERRARI" duration="00:00:00.0014805" startTime="2021-01-09T13:00:06.4707304+00:00" endTime="2021-01-09T13:00:06.4724399+00:00" testType="13cdc9d9-ddb5-4fa4-a97d-d965ccfc6d4b" outcome="Passed" testListId="8c84fa94-04c1-424b-9868-57a2d4851a1d" relativeResultsDirectory="c949da9a-ad15-4fcf-9316-e3c813cb038a" resultType="DataDrivenTest">
      <InnerResults>
        <UnitTestResult executionId="a5017121-845c-4131-aac0-aa9ae9a7550c" parentExecutionId="c949da9a-ad15-4fcf-9316-e3c813cb038a" testId="430dec51-b9df-7e06-fff9-78e6d362c2d8" testName="CreateRandom_WithCustomAllowableCharacters_Passing_Valid_Arguments_Returns_String_Random_Value (8,ae)" computerName="PC-SFERRARI" duration="00:00:00.0012791" startTime="2021-01-09T13:00:06.4707304+00:00" endTime="2021-01-09T13:00:06.4724399+00:00" testType="13cdc9d9-ddb5-4fa4-a97d-d965ccfc6d4b" outcome="Passed" testListId="8c84fa94-04c1-424b-9868-57a2d4851a1d" relativeResultsDirectory="a5017121-845c-4131-aac0-aa9ae9a7550c" dataRowInfo="1" resultType="DataDrivenDataRow" />
        <UnitTestResult executionId="810a7d34-7d4a-45cf-add5-e58fc7c89483" parentExecutionId="c949da9a-ad15-4fcf-9316-e3c813cb038a" testId="430dec51-b9df-7e06-fff9-78e6d362c2d8" testName="CreateRandom_WithCustomAllowableCharacters_Passing_Valid_Arguments_Returns_String_Random_Value (5,aeiou123456)" computerName="PC-SFERRARI" duration="00:00:00.0000175" startTime="2021-01-09T13:00:06.4707304+00:00" endTime="2021-01-09T13:00:06.4724399+00:00" testType="13cdc9d9-ddb5-4fa4-a97d-d965ccfc6d4b" outcome="Passed" testListId="8c84fa94-04c1-424b-9868-57a2d4851a1d" relativeResultsDirectory="810a7d34-7d4a-45cf-add5-e58fc7c89483" dataRowInfo="2" resultType="DataDrivenDataRow" />
        <UnitTestResult executionId="262b0646-3657-4398-b48c-23da2e8469c3" parentExecutionId="c949da9a-ad15-4fcf-9316-e3c813cb038a" testId="430dec51-b9df-7e06-fff9-78e6d362c2d8" testName="CreateRandom_WithCustomAllowableCharacters_Passing_Valid_Arguments_Returns_String_Random_Value (10,7890ABFLFLFFL)" computerName="PC-SFERRARI" duration="00:00:00.0000073" startTime="2021-01-09T13:00:06.4707304+00:00" endTime="2021-01-09T13:00:06.4724399+00:00" testType="13cdc9d9-ddb5-4fa4-a97d-d965ccfc6d4b" outcome="Passed" testListId="8c84fa94-04c1-424b-9868-57a2d4851a1d" relativeResultsDirectory="262b0646-3657-4398-b48c-23da2e8469c3" dataRowInfo="3" resultType="DataDrivenDataRow" />
        <UnitTestResult executionId="b2f6a0d2-bada-44cf-a778-bb7d85a54c0c" parentExecutionId="c949da9a-ad15-4fcf-9316-e3c813cb038a" testId="430dec51-b9df-7e06-fff9-78e6d362c2d8" testName="CreateRandom_WithCustomAllowableCharacters_Passing_Valid_Arguments_Returns_String_Random_Value (20,qazwscefbthmiklp09876543)" computerName="PC-SFERRARI" duration="00:00:00.0000078" startTime="2021-01-09T13:00:06.4707304+00:00" endTime="2021-01-09T13:00:06.4724399+00:00" testType="13cdc9d9-ddb5-4fa4-a97d-d965ccfc6d4b" outcome="Passed" testListId="8c84fa94-04c1-424b-9868-57a2d4851a1d" relativeResultsDirectory="b2f6a0d2-bada-44cf-a778-bb7d85a54c0c" dataRowInfo="4" resultType="DataDrivenDataRow" />
      </InnerResults>
    </UnitTestResult>
    <UnitTestResult executionId="a7fdfc17-9532-4b77-afbe-901deb37b3b6" testId="87c5dbd3-fd2a-1e49-42e5-8dc78affc8d6" testName="ToSerialize_Passing_Objects_Returns_String_Values" computerName="PC-SFERRARI" duration="00:00:00.0018667" startTime="2021-01-09T13:00:06.7773027+00:00" endTime="2021-01-09T13:00:06.7793584+00:00" testType="13cdc9d9-ddb5-4fa4-a97d-d965ccfc6d4b" outcome="Passed" testListId="8c84fa94-04c1-424b-9868-57a2d4851a1d" relativeResultsDirectory="a7fdfc17-9532-4b77-afbe-901deb37b3b6" />
    <UnitTestResult executionId="2d43082f-7651-4f4f-9a36-24416bbb5a02" testId="73904cd7-b09d-89fc-efca-330cb9d1d1b7" testName="ToConfiguration_Passing_Invalid_DirectoryPath_Returns_ApplicationException" computerName="PC-SFERRARI" duration="00:00:00.0009152" startTime="2021-01-09T13:00:06.1954435+00:00" endTime="2021-01-09T13:00:06.1965320+00:00" testType="13cdc9d9-ddb5-4fa4-a97d-d965ccfc6d4b" outcome="Passed" testListId="8c84fa94-04c1-424b-9868-57a2d4851a1d" relativeResultsDirectory="2d43082f-7651-4f4f-9a36-24416bbb5a02" />
    <UnitTestResult executionId="10edc9e3-85f7-4697-8152-9c434abf84f7" testId="bc6955b8-aec0-957c-bad4-853e5cfa19a1" testName="ToCount_Passing_ValidEnumType_Returns_Count" computerName="PC-SFERRARI" duration="00:00:00.0003176" startTime="2021-01-09T13:00:06.3629893+00:00" endTime="2021-01-09T13:00:06.3634965+00:00" testType="13cdc9d9-ddb5-4fa4-a97d-d965ccfc6d4b" outcome="Passed" testListId="8c84fa94-04c1-424b-9868-57a2d4851a1d" relativeResultsDirectory="10edc9e3-85f7-4697-8152-9c434abf84f7" />
    <UnitTestResult executionId="8c55f5da-1c9a-4281-b579-3b68df0ee680" testId="19f76070-822e-31f8-2a9f-a96f774333a7" testName="ToInt_Passing_InvalidValueString_Returns_DefaultValue" computerName="PC-SFERRARI" duration="00:00:00.0005508" startTime="2021-01-09T13:00:07.0326164+00:00" endTime="2021-01-09T13:00:07.0332839+00:00" testType="13cdc9d9-ddb5-4fa4-a97d-d965ccfc6d4b" outcome="Passed" testListId="8c84fa94-04c1-424b-9868-57a2d4851a1d" relativeResultsDirectory="8c55f5da-1c9a-4281-b579-3b68df0ee680" resultType="DataDrivenTest">
      <InnerResults>
        <UnitTestResult executionId="041a8bf4-70e2-400a-a0ac-5b916f4e9188" parentExecutionId="8c55f5da-1c9a-4281-b579-3b68df0ee680" testId="19f76070-822e-31f8-2a9f-a96f774333a7" testName="ToInt_Passing_InvalidValueString_Returns_DefaultValue (1.3333)" computerName="PC-SFERRARI" duration="00:00:00.0003792" startTime="2021-01-09T13:00:07.0326164+00:00" endTime="2021-01-09T13:00:07.0332839+00:00" testType="13cdc9d9-ddb5-4fa4-a97d-d965ccfc6d4b" outcome="Passed" testListId="8c84fa94-04c1-424b-9868-57a2d4851a1d" relativeResultsDirectory="041a8bf4-70e2-400a-a0ac-5b916f4e9188" dataRowInfo="1" resultType="DataDrivenDataRow" />
        <UnitTestResult executionId="96321b52-c4fe-43e8-9d0a-8d615bd46988" parentExecutionId="8c55f5da-1c9a-4281-b579-3b68df0ee680" testId="19f76070-822e-31f8-2a9f-a96f774333a7" testName="ToInt_Passing_InvalidValueString_Returns_DefaultValue (1,3333)" computerName="PC-SFERRARI" duration="00:00:00.0000133" startTime="2021-01-09T13:00:07.0326164+00:00" endTime="2021-01-09T13:00:07.0332839+00:00" testType="13cdc9d9-ddb5-4fa4-a97d-d965ccfc6d4b" outcome="Passed" testListId="8c84fa94-04c1-424b-9868-57a2d4851a1d" relativeResultsDirectory="96321b52-c4fe-43e8-9d0a-8d615bd46988" dataRowInfo="2" resultType="DataDrivenDataRow" />
        <UnitTestResult executionId="3ea28e68-46b3-480b-9870-8e0448172235" parentExecutionId="8c55f5da-1c9a-4281-b579-3b68df0ee680" testId="19f76070-822e-31f8-2a9f-a96f774333a7" testName="ToInt_Passing_InvalidValueString_Returns_DefaultValue (1.333,39)" computerName="PC-SFERRARI" duration="00:00:00.0000043" startTime="2021-01-09T13:00:07.0326164+00:00" endTime="2021-01-09T13:00:07.0332839+00:00" testType="13cdc9d9-ddb5-4fa4-a97d-d965ccfc6d4b" outcome="Passed" testListId="8c84fa94-04c1-424b-9868-57a2d4851a1d" relativeResultsDirectory="3ea28e68-46b3-480b-9870-8e0448172235" dataRowInfo="3" resultType="DataDrivenDataRow" />
        <UnitTestResult executionId="85f92023-970f-4036-8b92-584f465647f9" parentExecutionId="8c55f5da-1c9a-4281-b579-3b68df0ee680" testId="19f76070-822e-31f8-2a9f-a96f774333a7" testName="ToInt_Passing_InvalidValueString_Returns_DefaultValue (999999439293294392492349329493294)" computerName="PC-SFERRARI" duration="00:00:00.0000043" startTime="2021-01-09T13:00:07.0326164+00:00" endTime="2021-01-09T13:00:07.0332839+00:00" testType="13cdc9d9-ddb5-4fa4-a97d-d965ccfc6d4b" outcome="Passed" testListId="8c84fa94-04c1-424b-9868-57a2d4851a1d" relativeResultsDirectory="85f92023-970f-4036-8b92-584f465647f9" dataRowInfo="4" resultType="DataDrivenDataRow" />
        <UnitTestResult executionId="ca2984e7-c6b1-4fb5-a6e6-64176aeee881" parentExecutionId="8c55f5da-1c9a-4281-b579-3b68df0ee680" testId="19f76070-822e-31f8-2a9f-a96f774333a7" testName="ToInt_Passing_InvalidValueString_Returns_DefaultValue (asdasdasdasd234324)" computerName="PC-SFERRARI" duration="00:00:00.0000036" startTime="2021-01-09T13:00:07.0326164+00:00" endTime="2021-01-09T13:00:07.0332839+00:00" testType="13cdc9d9-ddb5-4fa4-a97d-d965ccfc6d4b" outcome="Passed" testListId="8c84fa94-04c1-424b-9868-57a2d4851a1d" relativeResultsDirectory="ca2984e7-c6b1-4fb5-a6e6-64176aeee881" dataRowInfo="5" resultType="DataDrivenDataRow" />
      </InnerResults>
    </UnitTestResult>
    <UnitTestResult executionId="7a8d92f1-f5ec-4fad-a186-b5c636432852" testId="1577c538-d1be-5b59-2b09-8e59b0be5fcd" testName="ToSettings_Passing_Values_From_AppSettingsFile_Returns_Settings" computerName="PC-SFERRARI" duration="00:00:00.0473196" startTime="2021-01-09T13:00:06.2907976+00:00" endTime="2021-01-09T13:00:06.3382107+00:00" testType="13cdc9d9-ddb5-4fa4-a97d-d965ccfc6d4b" outcome="Passed" testListId="8c84fa94-04c1-424b-9868-57a2d4851a1d" relativeResultsDirectory="7a8d92f1-f5ec-4fad-a186-b5c636432852" />
    <UnitTestResult executionId="1ee4eb3d-2c61-4881-9aaf-2d26b1e63e1c" testId="4e1a5879-f3c8-4fdb-51d0-c4cf0a35e0bf" testName="ToInt_Passing_Enumeration_Name_Returns_Value" computerName="PC-SFERRARI" duration="00:00:00.0001934" startTime="2021-01-09T13:00:06.3626937+00:00" endTime="2021-01-09T13:00:06.3629702+00:00" testType="13cdc9d9-ddb5-4fa4-a97d-d965ccfc6d4b" outcome="Passed" testListId="8c84fa94-04c1-424b-9868-57a2d4851a1d" relativeResultsDirectory="1ee4eb3d-2c61-4881-9aaf-2d26b1e63e1c" />
    <UnitTestResult executionId="89a24923-bb4c-4475-95b9-4b6e8d040259" testId="b871cd27-681f-8d07-6c2a-809341ba2909" testName="ToList_Passing_ValidEnumTypeWithSelectedValue_Returns_ValuesList" computerName="PC-SFERRARI" duration="00:00:00.0006879" startTime="2021-01-09T13:00:06.3777916+00:00" endTime="2021-01-09T13:00:06.3786958+00:00" testType="13cdc9d9-ddb5-4fa4-a97d-d965ccfc6d4b" outcome="Passed" testListId="8c84fa94-04c1-424b-9868-57a2d4851a1d" relativeResultsDirectory="89a24923-bb4c-4475-95b9-4b6e8d040259" />
    <UnitTestResult executionId="0e5a3ae6-4ff5-4ce1-9a5f-6e9c86847d20" testId="922c5a5d-5d46-b5de-bcbd-4fac0addd422" testName="IsNullOrAny_Passing_InvalidArguments_Returns_HasErrorsAndCount" computerName="PC-SFERRARI" duration="00:00:00.0017172" startTime="2021-01-09T13:00:06.0583760+00:00" endTime="2021-01-09T13:00:06.0601589+00:00" testType="13cdc9d9-ddb5-4fa4-a97d-d965ccfc6d4b" outcome="Passed" testListId="8c84fa94-04c1-424b-9868-57a2d4851a1d" relativeResultsDirectory="0e5a3ae6-4ff5-4ce1-9a5f-6e9c86847d20" />
    <UnitTestResult executionId="81f1c955-40c4-4159-b763-8dee1a4c2536" testId="c87d842d-198f-fc52-0a70-418a5e5378ab" testName="IsEqual_Passing_InvalidArguments_Returns_HasErrorsAndCount" computerName="PC-SFERRARI" duration="00:00:00.0005755" startTime="2021-01-09T13:00:06.0399430+00:00" endTime="2021-01-09T13:00:06.0405876+00:00" testType="13cdc9d9-ddb5-4fa4-a97d-d965ccfc6d4b" outcome="Passed" testListId="8c84fa94-04c1-424b-9868-57a2d4851a1d" relativeResultsDirectory="81f1c955-40c4-4159-b763-8dee1a4c2536" />
    <UnitTestResult executionId="da9f21c4-df03-48bc-815c-ed732f840000" testId="10024a68-25d4-872c-3e48-a6d6b2671494" testName="ToTryIPv6_Passing_HttpContext_IP_Value_Returns_IP" computerName="PC-SFERRARI" duration="00:00:00.0009837" startTime="2021-01-09T13:00:06.5228261+00:00" endTime="2021-01-09T13:00:06.5240322+00:00" testType="13cdc9d9-ddb5-4fa4-a97d-d965ccfc6d4b" outcome="Passed" testListId="8c84fa94-04c1-424b-9868-57a2d4851a1d" relativeResultsDirectory="da9f21c4-df03-48bc-815c-ed732f840000" />
    <UnitTestResult executionId="08db8153-e822-4cd7-baaa-e93609034065" testId="bf48e581-43e6-7660-c4f4-1b7deb1f0ed9" testName="ToConfiguration_Passing_Valid_DirectoryPath_Invalid_JsonFileName_Not_Optional_Returns_ApplicationException" computerName="PC-SFERRARI" duration="00:00:00.0031823" startTime="2021-01-09T13:00:06.2112434+00:00" endTime="2021-01-09T13:00:06.2146087+00:00" testType="13cdc9d9-ddb5-4fa4-a97d-d965ccfc6d4b" outcome="Passed" testListId="8c84fa94-04c1-424b-9868-57a2d4851a1d" relativeResultsDirectory="08db8153-e822-4cd7-baaa-e93609034065" />
    <UnitTestResult executionId="e998213a-8973-4fba-a4b6-1c3b979cc81e" testId="7c679bcb-7a59-8751-0063-1ef6e07cb160" testName="ToEnvironment_Passing_Service_Not_Found_Returns_ApplicationException" computerName="PC-SFERRARI" duration="00:00:00.0101792" startTime="2021-01-09T13:00:05.9396726+00:00" endTime="2021-01-09T13:00:05.9499441+00:00" testType="13cdc9d9-ddb5-4fa4-a97d-d965ccfc6d4b" outcome="Passed" testListId="8c84fa94-04c1-424b-9868-57a2d4851a1d" relativeResultsDirectory="e998213a-8973-4fba-a4b6-1c3b979cc81e" />
    <UnitTestResult executionId="2d9aba91-99bd-426a-9e41-debac9e6c96b" testId="4d9bde6c-668c-a1d3-dc60-edcfc6a4082c" testName="IsLess_Passing_InvalidArguments_Returns_HasErrorsAndCount" computerName="PC-SFERRARI" duration="00:00:00.0012353" startTime="2021-01-09T13:00:06.0556417+00:00" endTime="2021-01-09T13:00:06.0569639+00:00" testType="13cdc9d9-ddb5-4fa4-a97d-d965ccfc6d4b" outcome="Passed" testListId="8c84fa94-04c1-424b-9868-57a2d4851a1d" relativeResultsDirectory="2d9aba91-99bd-426a-9e41-debac9e6c96b" />
    <UnitTestResult executionId="43fa9498-dd72-480f-a360-afebee12c0f0" testId="46df7735-43c3-1f8d-197a-cd21c82e5889" testName="IsHostname_Passing_ValidArguments_Returns_HasErrorsAndCount" computerName="PC-SFERRARI" duration="00:00:00.0004164" startTime="2021-01-09T13:00:06.0549721+00:00" endTime="2021-01-09T13:00:06.0555858+00:00" testType="13cdc9d9-ddb5-4fa4-a97d-d965ccfc6d4b" outcome="Passed" testListId="8c84fa94-04c1-424b-9868-57a2d4851a1d" relativeResultsDirectory="43fa9498-dd72-480f-a360-afebee12c0f0" />
    <UnitTestResult executionId="bd0a742b-696b-4bf1-ab3a-b1d9d4285dfd" testId="42ded375-26ee-044e-44a7-9eab5e4cd342" testName="ToReadOnly_Passing_Valid_Collection_Returns_Readonly_Collection" computerName="PC-SFERRARI" duration="00:00:00.0012587" startTime="2021-01-09T13:00:06.3521680+00:00" endTime="2021-01-09T13:00:06.3535520+00:00" testType="13cdc9d9-ddb5-4fa4-a97d-d965ccfc6d4b" outcome="Passed" testListId="8c84fa94-04c1-424b-9868-57a2d4851a1d" relativeResultsDirectory="bd0a742b-696b-4bf1-ab3a-b1d9d4285dfd" />
    <UnitTestResult executionId="16343180-82ea-41c0-a3e8-507754d6cfae" testId="f2d267b8-d5a7-6c91-de6d-813182908c7f" testName="IsDigit_Passing_InvalidArguments_Returns_HasErrorsAndCount" computerName="PC-SFERRARI" duration="00:00:00.0015354" startTime="2021-01-09T13:00:06.0261200+00:00" endTime="2021-01-09T13:00:06.0278110+00:00" testType="13cdc9d9-ddb5-4fa4-a97d-d965ccfc6d4b" outcome="Passed" testListId="8c84fa94-04c1-424b-9868-57a2d4851a1d" relativeResultsDirectory="16343180-82ea-41c0-a3e8-507754d6cfae" />
    <UnitTestResult executionId="f604d84c-1964-4fa6-a680-0d2a446d8c02" testId="a702dc43-b5af-c889-d32e-e69ee2d100af" testName="ToIsAuthenticated_Passing_Null_ClaimsPrincipal_Returns_ApplicationException" computerName="PC-SFERRARI" duration="00:00:00.0006022" startTime="2021-01-09T13:00:06.1853997+00:00" endTime="2021-01-09T13:00:06.1861400+00:00" testType="13cdc9d9-ddb5-4fa4-a97d-d965ccfc6d4b" outcome="Passed" testListId="8c84fa94-04c1-424b-9868-57a2d4851a1d" relativeResultsDirectory="f604d84c-1964-4fa6-a680-0d2a446d8c02" />
    <UnitTestResult executionId="c7b2d4af-2dc4-4b28-8f50-370b94f794be" testId="856fd0c8-b6f8-9265-ccfd-2a9e615488e2" testName="ToUserName_Passing_Valid_UserName_ClaimsPrincipal_Returns_String_UserName_Value" computerName="PC-SFERRARI" duration="00:00:00.0006016" startTime="2021-01-09T13:00:06.1873787+00:00" endTime="2021-01-09T13:00:06.1880626+00:00" testType="13cdc9d9-ddb5-4fa4-a97d-d965ccfc6d4b" outcome="Passed" testListId="8c84fa94-04c1-424b-9868-57a2d4851a1d" relativeResultsDirectory="c7b2d4af-2dc4-4b28-8f50-370b94f794be" />
    <UnitTestResult executionId="88b16dba-aebc-44cd-abe8-60ee74a14346" testId="6c59b811-73c0-2540-9661-8c8f2a459ff2" testName="ToDefaultValue_Passing_byte_Returns_Cero" computerName="PC-SFERRARI" duration="00:00:00.0005175" startTime="2021-01-09T13:00:06.3955240+00:00" endTime="2021-01-09T13:00:06.4042477+00:00" testType="13cdc9d9-ddb5-4fa4-a97d-d965ccfc6d4b" outcome="Passed" testListId="8c84fa94-04c1-424b-9868-57a2d4851a1d" relativeResultsDirectory="88b16dba-aebc-44cd-abe8-60ee74a14346" resultType="DataDrivenTest">
      <InnerResults>
        <UnitTestResult executionId="84f0374c-66ee-48b1-ba53-aa9bab83fb3d" parentExecutionId="88b16dba-aebc-44cd-abe8-60ee74a14346" testId="6c59b811-73c0-2540-9661-8c8f2a459ff2" testName="ToDefaultValue_Passing_byte_Returns_Cero (255)" computerName="PC-SFERRARI" duration="00:00:00.0004282" startTime="2021-01-09T13:00:06.3955240+00:00" endTime="2021-01-09T13:00:06.4042477+00:00" testType="13cdc9d9-ddb5-4fa4-a97d-d965ccfc6d4b" outcome="Passed" testListId="8c84fa94-04c1-424b-9868-57a2d4851a1d" relativeResultsDirectory="84f0374c-66ee-48b1-ba53-aa9bab83fb3d" dataRowInfo="1" resultType="DataDrivenDataRow" />
      </InnerResults>
    </UnitTestResult>
    <UnitTestResult executionId="9ec524b1-bfd0-41a5-a731-a8bbba0f1fbe" testId="0e702ef4-7e85-bcb3-3879-32ee56a27932" testName="IsName_Passing_ValidArguments_Returns_HasErrorsAndCount" computerName="PC-SFERRARI" duration="00:00:00.0001819" startTime="2021-01-09T13:00:06.0581107+00:00" endTime="2021-01-09T13:00:06.0583585+00:00" testType="13cdc9d9-ddb5-4fa4-a97d-d965ccfc6d4b" outcome="Passed" testListId="8c84fa94-04c1-424b-9868-57a2d4851a1d" relativeResultsDirectory="9ec524b1-bfd0-41a5-a731-a8bbba0f1fbe" />
    <UnitTestResult executionId="42463509-254f-40a4-b1d1-23c704f824df" testId="b9a89fa2-355c-e886-bec5-28d3cf549be6" testName="IsUniqueChars_Passing_InvalidArguments_Returns_HasErrorsAndCount" computerName="PC-SFERRARI" duration="00:00:00.0028932" startTime="2021-01-09T13:00:06.0708549+00:00" endTime="2021-01-09T13:00:06.0738448+00:00" testType="13cdc9d9-ddb5-4fa4-a97d-d965ccfc6d4b" outcome="Passed" testListId="8c84fa94-04c1-424b-9868-57a2d4851a1d" relativeResultsDirectory="42463509-254f-40a4-b1d1-23c704f824df" />
    <UnitTestResult executionId="360b3a8e-0b70-4472-a675-988a00efdac1" testId="8fbac209-421a-f9fa-c5fe-97403aedb24e" testName="ToIsNullOrAnyThrow_Passing_InvalidValue_Returns_ApplicationExceptionWithMessage" computerName="PC-SFERRARI" duration="00:00:00.0018571" startTime="2021-01-09T13:00:06.0055576+00:00" endTime="2021-01-09T13:00:06.0075800+00:00" testType="13cdc9d9-ddb5-4fa4-a97d-d965ccfc6d4b" outcome="Passed" testListId="8c84fa94-04c1-424b-9868-57a2d4851a1d" relativeResultsDirectory="360b3a8e-0b70-4472-a675-988a00efdac1" />
    <UnitTestResult executionId="aeb6f8f7-a992-491d-91b6-ef1904814a14" testId="a272f84c-2bd5-daa4-4afe-22346b802f86" testName="ToGet_Passing_Claims_Returns_Claim_Value_Object" computerName="PC-SFERRARI" duration="00:00:00.0053676" startTime="2021-01-09T13:00:06.1708528+00:00" endTime="2021-01-09T13:00:06.1763404+00:00" testType="13cdc9d9-ddb5-4fa4-a97d-d965ccfc6d4b" outcome="Passed" testListId="8c84fa94-04c1-424b-9868-57a2d4851a1d" relativeResultsDirectory="aeb6f8f7-a992-491d-91b6-ef1904814a14" />
    <UnitTestResult executionId="de14920e-f8a5-487c-9bdc-2b609992e536" testId="4ead3f79-a54e-1b96-838c-d0c2f491cb0d" testName="ToAge_Passing_Birthday_DateTime_Returns_Age" computerName="PC-SFERRARI" duration="00:00:00.0005905" startTime="2021-01-09T13:00:06.3391026+00:00" endTime="2021-01-09T13:00:06.3399379+00:00" testType="13cdc9d9-ddb5-4fa4-a97d-d965ccfc6d4b" outcome="Passed" testListId="8c84fa94-04c1-424b-9868-57a2d4851a1d" relativeResultsDirectory="de14920e-f8a5-487c-9bdc-2b609992e536" />
    <UnitTestResult executionId="a5006ba1-76cb-4370-b7ec-2c5770e047ec" testId="6b41eea5-b11d-4975-a42c-5030c52fd29c" testName="ResultError" computerName="PC-SFERRARI" duration="00:00:00.0017620" startTime="2021-01-09T13:00:06.7997552+00:00" endTime="2021-01-09T13:00:06.8030721+00:00" testType="13cdc9d9-ddb5-4fa4-a97d-d965ccfc6d4b" outcome="Passed" testListId="8c84fa94-04c1-424b-9868-57a2d4851a1d" relativeResultsDirectory="a5006ba1-76cb-4370-b7ec-2c5770e047ec" />
    <UnitTestResult executionId="116657e4-310b-4660-a986-dd92562fe972" testId="9b5f9705-0df5-3b21-5e23-e11b68721fd4" testName="ToThrow_Passing_InvalidValue_Returns_ApplicationExceptionWithMessage" computerName="PC-SFERRARI" duration="00:00:00.0005547" startTime="2021-01-09T13:00:06.0185747+00:00" endTime="2021-01-09T13:00:06.0192735+00:00" testType="13cdc9d9-ddb5-4fa4-a97d-d965ccfc6d4b" outcome="Passed" testListId="8c84fa94-04c1-424b-9868-57a2d4851a1d" relativeResultsDirectory="116657e4-310b-4660-a986-dd92562fe972" />
    <UnitTestResult executionId="d239b485-5b7b-45e9-ad3f-31113957d102" testId="4315ebd1-3e2a-edf0-9de6-c78f08760fe3" testName="ToFirstLetterLower_Passing_ValidValue_Returns_StringWithFirstLetterLower" computerName="PC-SFERRARI" duration="00:00:00.0017696" startTime="2021-01-09T13:00:07.0040409+00:00" endTime="2021-01-09T13:00:07.0059534+00:00" testType="13cdc9d9-ddb5-4fa4-a97d-d965ccfc6d4b" outcome="Passed" testListId="8c84fa94-04c1-424b-9868-57a2d4851a1d" relativeResultsDirectory="d239b485-5b7b-45e9-ad3f-31113957d102" resultType="DataDrivenTest">
      <InnerResults>
        <UnitTestResult executionId="f30b0987-0969-4d8a-b347-c063e459ba32" parentExecutionId="d239b485-5b7b-45e9-ad3f-31113957d102" testId="4315ebd1-3e2a-edf0-9de6-c78f08760fe3" testName="ToFirstLetterLower_Passing_ValidValue_Returns_StringWithFirstLetterLower (aeiou,aeiou)" computerName="PC-SFERRARI" duration="00:00:00.0015812" startTime="2021-01-09T13:00:07.0040409+00:00" endTime="2021-01-09T13:00:07.0059534+00:00" testType="13cdc9d9-ddb5-4fa4-a97d-d965ccfc6d4b" outcome="Passed" testListId="8c84fa94-04c1-424b-9868-57a2d4851a1d" relativeResultsDirectory="f30b0987-0969-4d8a-b347-c063e459ba32" dataRowInfo="1" resultType="DataDrivenDataRow" />
        <UnitTestResult executionId="8c813b59-04b5-48e5-bd69-01c27815e31c" parentExecutionId="d239b485-5b7b-45e9-ad3f-31113957d102" testId="4315ebd1-3e2a-edf0-9de6-c78f08760fe3" testName="ToFirstLetterLower_Passing_ValidValue_Returns_StringWithFirstLetterLower (aEIOU,aEIOU)" computerName="PC-SFERRARI" duration="00:00:00.0000163" startTime="2021-01-09T13:00:07.0040409+00:00" endTime="2021-01-09T13:00:07.0059534+00:00" testType="13cdc9d9-ddb5-4fa4-a97d-d965ccfc6d4b" outcome="Passed" testListId="8c84fa94-04c1-424b-9868-57a2d4851a1d" relativeResultsDirectory="8c813b59-04b5-48e5-bd69-01c27815e31c" dataRowInfo="2" resultType="DataDrivenDataRow" />
        <UnitTestResult executionId="fddad750-1507-4c61-965a-517f579dcecc" parentExecutionId="d239b485-5b7b-45e9-ad3f-31113957d102" testId="4315ebd1-3e2a-edf0-9de6-c78f08760fe3" testName="ToFirstLetterLower_Passing_ValidValue_Returns_StringWithFirstLetterLower (aeioU,aeioU)" computerName="PC-SFERRARI" duration="00:00:00.0000040" startTime="2021-01-09T13:00:07.0040409+00:00" endTime="2021-01-09T13:00:07.0059534+00:00" testType="13cdc9d9-ddb5-4fa4-a97d-d965ccfc6d4b" outcome="Passed" testListId="8c84fa94-04c1-424b-9868-57a2d4851a1d" relativeResultsDirectory="fddad750-1507-4c61-965a-517f579dcecc" dataRowInfo="3" resultType="DataDrivenDataRow" />
        <UnitTestResult executionId="360afe19-a4f3-442c-83da-f19859af99e9" parentExecutionId="d239b485-5b7b-45e9-ad3f-31113957d102" testId="4315ebd1-3e2a-edf0-9de6-c78f08760fe3" testName="ToFirstLetterLower_Passing_ValidValue_Returns_StringWithFirstLetterLower (AEIOU,aEIOU)" computerName="PC-SFERRARI" duration="00:00:00.0000029" startTime="2021-01-09T13:00:07.0040409+00:00" endTime="2021-01-09T13:00:07.0059534+00:00" testType="13cdc9d9-ddb5-4fa4-a97d-d965ccfc6d4b" outcome="Passed" testListId="8c84fa94-04c1-424b-9868-57a2d4851a1d" relativeResultsDirectory="360afe19-a4f3-442c-83da-f19859af99e9" dataRowInfo="4" resultType="DataDrivenDataRow" />
        <UnitTestResult executionId="a97067e6-b293-446d-bd2a-7826715ebd5e" parentExecutionId="d239b485-5b7b-45e9-ad3f-31113957d102" testId="4315ebd1-3e2a-edf0-9de6-c78f08760fe3" testName="ToFirstLetterLower_Passing_ValidValue_Returns_StringWithFirstLetterLower (Aeiou,aeiou)" computerName="PC-SFERRARI" duration="00:00:00.0000030" startTime="2021-01-09T13:00:07.0040409+00:00" endTime="2021-01-09T13:00:07.0059534+00:00" testType="13cdc9d9-ddb5-4fa4-a97d-d965ccfc6d4b" outcome="Passed" testListId="8c84fa94-04c1-424b-9868-57a2d4851a1d" relativeResultsDirectory="a97067e6-b293-446d-bd2a-7826715ebd5e" dataRowInfo="5" resultType="DataDrivenDataRow" />
      </InnerResults>
    </UnitTestResult>
    <UnitTestResult executionId="ef5cc32c-7f1b-4b6b-83da-0f05e5909165" testId="26cc48e2-5e82-bc12-cf41-e3a984599b8d" testName="ToUserName_Passing_Invalid_ClaimsPrincipal_Returns_Null" computerName="PC-SFERRARI" duration="00:00:00.0005042" startTime="2021-01-09T13:00:06.1861688+00:00" endTime="2021-01-09T13:00:06.1867610+00:00" testType="13cdc9d9-ddb5-4fa4-a97d-d965ccfc6d4b" outcome="Passed" testListId="8c84fa94-04c1-424b-9868-57a2d4851a1d" relativeResultsDirectory="ef5cc32c-7f1b-4b6b-83da-0f05e5909165" />
    <UnitTestResult executionId="5c6c2e02-2104-4169-b163-899044934447" testId="6fc389b2-a5f3-ded0-63b6-7e1b4cca8442" testName="ToPaged_Passing_Name_Ascending_Order_Returns_Filter_List" computerName="PC-SFERRARI" duration="00:00:00.0019041" startTime="2021-01-09T13:00:06.7877303+00:00" endTime="2021-01-09T13:00:06.7897919+00:00" testType="13cdc9d9-ddb5-4fa4-a97d-d965ccfc6d4b" outcome="Passed" testListId="8c84fa94-04c1-424b-9868-57a2d4851a1d" relativeResultsDirectory="5c6c2e02-2104-4169-b163-899044934447" />
    <UnitTestResult executionId="c4a6b319-bd3f-45be-ab19-712d7b3dbf4c" testId="481343f9-3ff3-548f-0c6c-41599cf65802" testName="CreateRandom_WithDefaultAllowableCharacters_Passing_ValidArguments_Returns_String_Random_Value" computerName="PC-SFERRARI" duration="00:00:00.0021694" startTime="2021-01-09T13:00:06.4832644+00:00" endTime="2021-01-09T13:00:06.4856442+00:00" testType="13cdc9d9-ddb5-4fa4-a97d-d965ccfc6d4b" outcome="Passed" testListId="8c84fa94-04c1-424b-9868-57a2d4851a1d" relativeResultsDirectory="c4a6b319-bd3f-45be-ab19-712d7b3dbf4c" resultType="DataDrivenTest">
      <InnerResults>
        <UnitTestResult executionId="068f5779-4ac0-4a07-81ca-879db680f788" parentExecutionId="c4a6b319-bd3f-45be-ab19-712d7b3dbf4c" testId="481343f9-3ff3-548f-0c6c-41599cf65802" testName="CreateRandom_WithDefaultAllowableCharacters_Passing_ValidArguments_Returns_String_Random_Value (5)" computerName="PC-SFERRARI" duration="00:00:00.0020077" startTime="2021-01-09T13:00:06.4832644+00:00" endTime="2021-01-09T13:00:06.4856442+00:00" testType="13cdc9d9-ddb5-4fa4-a97d-d965ccfc6d4b" outcome="Passed" testListId="8c84fa94-04c1-424b-9868-57a2d4851a1d" relativeResultsDirectory="068f5779-4ac0-4a07-81ca-879db680f788" dataRowInfo="1" resultType="DataDrivenDataRow" />
        <UnitTestResult executionId="634eadf3-6eac-4888-9067-07384a467760" parentExecutionId="c4a6b319-bd3f-45be-ab19-712d7b3dbf4c" testId="481343f9-3ff3-548f-0c6c-41599cf65802" testName="CreateRandom_WithDefaultAllowableCharacters_Passing_ValidArguments_Returns_String_Random_Value (10)" computerName="PC-SFERRARI" duration="00:00:00.0000144" startTime="2021-01-09T13:00:06.4832644+00:00" endTime="2021-01-09T13:00:06.4856442+00:00" testType="13cdc9d9-ddb5-4fa4-a97d-d965ccfc6d4b" outcome="Passed" testListId="8c84fa94-04c1-424b-9868-57a2d4851a1d" relativeResultsDirectory="634eadf3-6eac-4888-9067-07384a467760" dataRowInfo="2" resultType="DataDrivenDataRow" />
        <UnitTestResult executionId="2ca2f7ba-3d51-47a4-a846-d7ce0570e6a5" parentExecutionId="c4a6b319-bd3f-45be-ab19-712d7b3dbf4c" testId="481343f9-3ff3-548f-0c6c-41599cf65802" testName="CreateRandom_WithDefaultAllowableCharacters_Passing_ValidArguments_Returns_String_Random_Value (20)" computerName="PC-SFERRARI" duration="00:00:00.0000072" startTime="2021-01-09T13:00:06.4832644+00:00" endTime="2021-01-09T13:00:06.4856442+00:00" testType="13cdc9d9-ddb5-4fa4-a97d-d965ccfc6d4b" outcome="Passed" testListId="8c84fa94-04c1-424b-9868-57a2d4851a1d" relativeResultsDirectory="2ca2f7ba-3d51-47a4-a846-d7ce0570e6a5" dataRowInfo="3" resultType="DataDrivenDataRow" />
      </InnerResults>
    </UnitTestResult>
    <UnitTestResult executionId="23065d27-9d7d-4ea7-b50c-f0f3f5b34133" testId="fcd9a6e3-ee1d-7212-668e-2b0865200d81" testName="IsUniqueChars_Passing_ValidArguments_Returns_HasErrorsAndCount" computerName="PC-SFERRARI" duration="00:00:00.0011637" startTime="2021-01-09T13:00:06.0739158+00:00" endTime="2021-01-09T13:00:06.0753383+00:00" testType="13cdc9d9-ddb5-4fa4-a97d-d965ccfc6d4b" outcome="Passed" testListId="8c84fa94-04c1-424b-9868-57a2d4851a1d" relativeResultsDirectory="23065d27-9d7d-4ea7-b50c-f0f3f5b34133" />
    <UnitTestResult executionId="cd62b1b9-8243-4295-af0e-fe480783d516" testId="4a3afd90-c6ab-e82e-40d8-b40450680318" testName="IsHostname_Passing_InvalidArguments_Returns_HasErrorsAndCount" computerName="PC-SFERRARI" duration="00:00:00.0010567" startTime="2021-01-09T13:00:06.0499270+00:00" endTime="2021-01-09T13:00:06.0511944+00:00" testType="13cdc9d9-ddb5-4fa4-a97d-d965ccfc6d4b" outcome="Passed" testListId="8c84fa94-04c1-424b-9868-57a2d4851a1d" relativeResultsDirectory="cd62b1b9-8243-4295-af0e-fe480783d516" />
    <UnitTestResult executionId="1792c7c6-bf2e-4f05-b917-8d4d851f5e03" testId="832c041a-0c55-5788-b9d7-40a6ab6eae94" testName="ResultOkData_WithMessage" computerName="PC-SFERRARI" duration="00:00:00.0044778" startTime="2021-01-09T13:00:06.8421734+00:00" endTime="2021-01-09T13:00:06.8467705+00:00" testType="13cdc9d9-ddb5-4fa4-a97d-d965ccfc6d4b" outcome="Passed" testListId="8c84fa94-04c1-424b-9868-57a2d4851a1d" relativeResultsDirectory="1792c7c6-bf2e-4f05-b917-8d4d851f5e03" />
    <UnitTestResult executionId="e6328ca6-e2ed-4d4c-8b72-256db4fe3d57" testId="2799ef62-9686-0dc7-84d2-73639b0030f7" testName="ToInt_Passing_InvalidValueString_Returns_Null" computerName="PC-SFERRARI" duration="00:00:00.0004370" startTime="2021-01-09T13:00:07.0408814+00:00" endTime="2021-01-09T13:00:07.0415124+00:00" testType="13cdc9d9-ddb5-4fa4-a97d-d965ccfc6d4b" outcome="Passed" testListId="8c84fa94-04c1-424b-9868-57a2d4851a1d" relativeResultsDirectory="e6328ca6-e2ed-4d4c-8b72-256db4fe3d57" resultType="DataDrivenTest">
      <InnerResults>
        <UnitTestResult executionId="b80475cb-1f5c-4dc9-ba59-6e3ab10ab5c3" parentExecutionId="e6328ca6-e2ed-4d4c-8b72-256db4fe3d57" testId="2799ef62-9686-0dc7-84d2-73639b0030f7" testName="ToInt_Passing_InvalidValueString_Returns_Null (1.3333)" computerName="PC-SFERRARI" duration="00:00:00.0002915" startTime="2021-01-09T13:00:07.0408814+00:00" endTime="2021-01-09T13:00:07.0415124+00:00" testType="13cdc9d9-ddb5-4fa4-a97d-d965ccfc6d4b" outcome="Passed" testListId="8c84fa94-04c1-424b-9868-57a2d4851a1d" relativeResultsDirectory="b80475cb-1f5c-4dc9-ba59-6e3ab10ab5c3" dataRowInfo="1" resultType="DataDrivenDataRow" />
        <UnitTestResult executionId="54aabac7-9786-48ec-b9f8-b76ab9eb360f" parentExecutionId="e6328ca6-e2ed-4d4c-8b72-256db4fe3d57" testId="2799ef62-9686-0dc7-84d2-73639b0030f7" testName="ToInt_Passing_InvalidValueString_Returns_Null (1,3333)" computerName="PC-SFERRARI" duration="00:00:00.0000149" startTime="2021-01-09T13:00:07.0408814+00:00" endTime="2021-01-09T13:00:07.0415124+00:00" testType="13cdc9d9-ddb5-4fa4-a97d-d965ccfc6d4b" outcome="Passed" testListId="8c84fa94-04c1-424b-9868-57a2d4851a1d" relativeResultsDirectory="54aabac7-9786-48ec-b9f8-b76ab9eb360f" dataRowInfo="2" resultType="DataDrivenDataRow" />
        <UnitTestResult executionId="ab5a44de-3c09-45eb-be53-80c2e866a7fa" parentExecutionId="e6328ca6-e2ed-4d4c-8b72-256db4fe3d57" testId="2799ef62-9686-0dc7-84d2-73639b0030f7" testName="ToInt_Passing_InvalidValueString_Returns_Null (1.333,39)" computerName="PC-SFERRARI" duration="00:00:00.0000035" startTime="2021-01-09T13:00:07.0408814+00:00" endTime="2021-01-09T13:00:07.0415124+00:00" testType="13cdc9d9-ddb5-4fa4-a97d-d965ccfc6d4b" outcome="Passed" testListId="8c84fa94-04c1-424b-9868-57a2d4851a1d" relativeResultsDirectory="ab5a44de-3c09-45eb-be53-80c2e866a7fa" dataRowInfo="3" resultType="DataDrivenDataRow" />
        <UnitTestResult executionId="210434be-538d-478e-bc6e-123ee845fefd" parentExecutionId="e6328ca6-e2ed-4d4c-8b72-256db4fe3d57" testId="2799ef62-9686-0dc7-84d2-73639b0030f7" testName="ToInt_Passing_InvalidValueString_Returns_Null (999999439293294392492349329493294)" computerName="PC-SFERRARI" duration="00:00:00.0000032" startTime="2021-01-09T13:00:07.0408814+00:00" endTime="2021-01-09T13:00:07.0415124+00:00" testType="13cdc9d9-ddb5-4fa4-a97d-d965ccfc6d4b" outcome="Passed" testListId="8c84fa94-04c1-424b-9868-57a2d4851a1d" relativeResultsDirectory="210434be-538d-478e-bc6e-123ee845fefd" dataRowInfo="4" resultType="DataDrivenDataRow" />
        <UnitTestResult executionId="858aa422-eecf-4bb4-b70f-709dde2d35e6" parentExecutionId="e6328ca6-e2ed-4d4c-8b72-256db4fe3d57" testId="2799ef62-9686-0dc7-84d2-73639b0030f7" testName="ToInt_Passing_InvalidValueString_Returns_Null (asdasdasdasd234324)" computerName="PC-SFERRARI" duration="00:00:00.0000030" startTime="2021-01-09T13:00:07.0408814+00:00" endTime="2021-01-09T13:00:07.0415124+00:00" testType="13cdc9d9-ddb5-4fa4-a97d-d965ccfc6d4b" outcome="Passed" testListId="8c84fa94-04c1-424b-9868-57a2d4851a1d" relativeResultsDirectory="858aa422-eecf-4bb4-b70f-709dde2d35e6" dataRowInfo="5" resultType="DataDrivenDataRow" />
      </InnerResults>
    </UnitTestResult>
    <UnitTestResult executionId="0a05d4d5-5745-423d-9097-847a951f6fec" testId="5385d994-9594-6052-11cb-73f8d2344981" testName="ToPath_Passing_HttpRequest_Scheme_Host_Path_Returns_Url" computerName="PC-SFERRARI" duration="00:00:00.0031759" startTime="2021-01-09T13:00:06.5910972+00:00" endTime="2021-01-09T13:00:06.5944397+00:00" testType="13cdc9d9-ddb5-4fa4-a97d-d965ccfc6d4b" outcome="Passed" testListId="8c84fa94-04c1-424b-9868-57a2d4851a1d" relativeResultsDirectory="0a05d4d5-5745-423d-9097-847a951f6fec" />
    <UnitTestResult executionId="53eea090-be68-46b5-b203-f02373737029" testId="55f105d6-fc07-21db-e70a-db30ccdb0844" testName="ToIsNullOrAny_Passing_InvalidValue_Returns_True" computerName="PC-SFERRARI" duration="00:00:00.0002069" startTime="2021-01-09T13:00:06.0076321+00:00" endTime="2021-01-09T13:00:06.0079935+00:00" testType="13cdc9d9-ddb5-4fa4-a97d-d965ccfc6d4b" outcome="Passed" testListId="8c84fa94-04c1-424b-9868-57a2d4851a1d" relativeResultsDirectory="53eea090-be68-46b5-b203-f02373737029" />
    <UnitTestResult executionId="3ae3f7e2-6d6e-45d1-9e3d-29561cba9032" testId="c14c626b-0f15-ac55-344d-8aa2c3f91cdf" testName="ToZipCreate_Passing_ValidFiles_Returns_ZipFiles" computerName="PC-SFERRARI" duration="00:00:00.0104894" startTime="2021-01-09T13:00:07.2269740+00:00" endTime="2021-01-09T13:00:07.2376965+00:00" testType="13cdc9d9-ddb5-4fa4-a97d-d965ccfc6d4b" outcome="Passed" testListId="8c84fa94-04c1-424b-9868-57a2d4851a1d" relativeResultsDirectory="3ae3f7e2-6d6e-45d1-9e3d-29561cba9032" />
    <UnitTestResult executionId="52217cb3-a02e-44b4-b7e8-a765684fb309" testId="31ff6168-d18d-0013-7c18-0ff775714202" testName="ToEnum_Passing_InvalidValueString_Returns_EnumDefaultValue" computerName="PC-SFERRARI" duration="00:00:00.0002087" startTime="2021-01-09T13:00:06.9924281+00:00" endTime="2021-01-09T13:00:06.9928248+00:00" testType="13cdc9d9-ddb5-4fa4-a97d-d965ccfc6d4b" outcome="Passed" testListId="8c84fa94-04c1-424b-9868-57a2d4851a1d" relativeResultsDirectory="52217cb3-a02e-44b4-b7e8-a765684fb309" />
    <UnitTestResult executionId="7e66ab3c-c2fe-44f2-a476-9cb0ac255e2a" testId="7dc20d31-477c-3765-83c0-7575a504da96" testName="ToNormalize_Passing_ValidValue_Returns_NormalizedValue" computerName="PC-SFERRARI" duration="00:00:00.0082007" startTime="2021-01-09T13:00:07.0419440+00:00" endTime="2021-01-09T13:00:07.0503565+00:00" testType="13cdc9d9-ddb5-4fa4-a97d-d965ccfc6d4b" outcome="Passed" testListId="8c84fa94-04c1-424b-9868-57a2d4851a1d" relativeResultsDirectory="7e66ab3c-c2fe-44f2-a476-9cb0ac255e2a" resultType="DataDrivenTest">
      <InnerResults>
        <UnitTestResult executionId="9e0252b2-75b7-4cbd-8743-62fdb98516f4" parentExecutionId="7e66ab3c-c2fe-44f2-a476-9cb0ac255e2a" testId="7dc20d31-477c-3765-83c0-7575a504da96" testName="ToNormalize_Passing_ValidValue_Returns_NormalizedValue ( ,)" computerName="PC-SFERRARI" duration="00:00:00.0020484" startTime="2021-01-09T13:00:07.0419440+00:00" endTime="2021-01-09T13:00:07.0503565+00:00" testType="13cdc9d9-ddb5-4fa4-a97d-d965ccfc6d4b" outcome="Passed" testListId="8c84fa94-04c1-424b-9868-57a2d4851a1d" relativeResultsDirectory="9e0252b2-75b7-4cbd-8743-62fdb98516f4" dataRowInfo="1" resultType="DataDrivenDataRow" />
        <UnitTestResult executionId="a5c77739-74bc-4c6d-ad64-5404a8304f7c" parentExecutionId="7e66ab3c-c2fe-44f2-a476-9cb0ac255e2a" testId="7dc20d31-477c-3765-83c0-7575a504da96" testName="ToNormalize_Passing_ValidValue_Returns_NormalizedValue (àáäâãøçħ,aaaaaoch)" computerName="PC-SFERRARI" duration="00:00:00.0047198" startTime="2021-01-09T13:00:07.0419440+00:00" endTime="2021-01-09T13:00:07.0503565+00:00" testType="13cdc9d9-ddb5-4fa4-a97d-d965ccfc6d4b" outcome="Passed" testListId="8c84fa94-04c1-424b-9868-57a2d4851a1d" relativeResultsDirectory="a5c77739-74bc-4c6d-ad64-5404a8304f7c" dataRowInfo="2" resultType="DataDrivenDataRow" />
        <UnitTestResult executionId="cd083bac-8669-4abe-a677-ce289ed692af" parentExecutionId="7e66ab3c-c2fe-44f2-a476-9cb0ac255e2a" testId="7dc20d31-477c-3765-83c0-7575a504da96" testName="ToNormalize_Passing_ValidValue_Returns_NormalizedValue ( àáäâ ãøçħ ,aaaa aoch)" computerName="PC-SFERRARI" duration="00:00:00.0000974" startTime="2021-01-09T13:00:07.0419440+00:00" endTime="2021-01-09T13:00:07.0503565+00:00" testType="13cdc9d9-ddb5-4fa4-a97d-d965ccfc6d4b" outcome="Passed" testListId="8c84fa94-04c1-424b-9868-57a2d4851a1d" relativeResultsDirectory="cd083bac-8669-4abe-a677-ce289ed692af" dataRowInfo="3" resultType="DataDrivenDataRow" />
        <UnitTestResult executionId="f0b33ed4-83e6-4083-af8d-61e366584309" parentExecutionId="7e66ab3c-c2fe-44f2-a476-9cb0ac255e2a" testId="7dc20d31-477c-3765-83c0-7575a504da96" testName="ToNormalize_Passing_ValidValue_Returns_NormalizedValue (*¨^_:-?¿;,)" computerName="PC-SFERRARI" duration="00:00:00.0000446" startTime="2021-01-09T13:00:07.0419440+00:00" endTime="2021-01-09T13:00:07.0503565+00:00" testType="13cdc9d9-ddb5-4fa4-a97d-d965ccfc6d4b" outcome="Passed" testListId="8c84fa94-04c1-424b-9868-57a2d4851a1d" relativeResultsDirectory="f0b33ed4-83e6-4083-af8d-61e366584309" dataRowInfo="4" resultType="DataDrivenDataRow" />
        <UnitTestResult executionId="ea1cd283-40c6-4af7-804c-e3579ba4e194" parentExecutionId="7e66ab3c-c2fe-44f2-a476-9cb0ac255e2a" testId="7dc20d31-477c-3765-83c0-7575a504da96" testName="ToNormalize_Passing_ValidValue_Returns_NormalizedValue ( * ¨ ^ _ : - ? ¿ ; ,)" computerName="PC-SFERRARI" duration="00:00:00.0000377" startTime="2021-01-09T13:00:07.0419440+00:00" endTime="2021-01-09T13:00:07.0503565+00:00" testType="13cdc9d9-ddb5-4fa4-a97d-d965ccfc6d4b" outcome="Passed" testListId="8c84fa94-04c1-424b-9868-57a2d4851a1d" relativeResultsDirectory="ea1cd283-40c6-4af7-804c-e3579ba4e194" dataRowInfo="5" resultType="DataDrivenDataRow" />
        <UnitTestResult executionId="e334930c-f894-46e9-97c1-d9438a0423b7" parentExecutionId="7e66ab3c-c2fe-44f2-a476-9cb0ac255e2a" testId="7dc20d31-477c-3765-83c0-7575a504da96" testName="ToNormalize_Passing_ValidValue_Returns_NormalizedValue (àáäâã,aaaaa)" computerName="PC-SFERRARI" duration="00:00:00.0000202" startTime="2021-01-09T13:00:07.0419440+00:00" endTime="2021-01-09T13:00:07.0503565+00:00" testType="13cdc9d9-ddb5-4fa4-a97d-d965ccfc6d4b" outcome="Passed" testListId="8c84fa94-04c1-424b-9868-57a2d4851a1d" relativeResultsDirectory="e334930c-f894-46e9-97c1-d9438a0423b7" dataRowInfo="6" resultType="DataDrivenDataRow" />
        <UnitTestResult executionId="aa4c23dd-8b30-4460-b7c3-a0f6f24fc895" parentExecutionId="7e66ab3c-c2fe-44f2-a476-9cb0ac255e2a" testId="7dc20d31-477c-3765-83c0-7575a504da96" testName="ToNormalize_Passing_ValidValue_Returns_NormalizedValue (ÀÁÄÂÃ,AAAAA)" computerName="PC-SFERRARI" duration="00:00:00.0000187" startTime="2021-01-09T13:00:07.0419440+00:00" endTime="2021-01-09T13:00:07.0503565+00:00" testType="13cdc9d9-ddb5-4fa4-a97d-d965ccfc6d4b" outcome="Passed" testListId="8c84fa94-04c1-424b-9868-57a2d4851a1d" relativeResultsDirectory="aa4c23dd-8b30-4460-b7c3-a0f6f24fc895" dataRowInfo="7" resultType="DataDrivenDataRow" />
        <UnitTestResult executionId="ea1bd118-405f-4a8a-9695-c82c28a0599a" parentExecutionId="7e66ab3c-c2fe-44f2-a476-9cb0ac255e2a" testId="7dc20d31-477c-3765-83c0-7575a504da96" testName="ToNormalize_Passing_ValidValue_Returns_NormalizedValue (ç,c)" computerName="PC-SFERRARI" duration="00:00:00.0000210" startTime="2021-01-09T13:00:07.0419440+00:00" endTime="2021-01-09T13:00:07.0503565+00:00" testType="13cdc9d9-ddb5-4fa4-a97d-d965ccfc6d4b" outcome="Passed" testListId="8c84fa94-04c1-424b-9868-57a2d4851a1d" relativeResultsDirectory="ea1bd118-405f-4a8a-9695-c82c28a0599a" dataRowInfo="8" resultType="DataDrivenDataRow" />
        <UnitTestResult executionId="9d33946c-74e5-4f49-8588-dc2d43a30879" parentExecutionId="7e66ab3c-c2fe-44f2-a476-9cb0ac255e2a" testId="7dc20d31-477c-3765-83c0-7575a504da96" testName="ToNormalize_Passing_ValidValue_Returns_NormalizedValue (Ç,C)" computerName="PC-SFERRARI" duration="00:00:00.0000182" startTime="2021-01-09T13:00:07.0419440+00:00" endTime="2021-01-09T13:00:07.0503565+00:00" testType="13cdc9d9-ddb5-4fa4-a97d-d965ccfc6d4b" outcome="Passed" testListId="8c84fa94-04c1-424b-9868-57a2d4851a1d" relativeResultsDirectory="9d33946c-74e5-4f49-8588-dc2d43a30879" dataRowInfo="9" resultType="DataDrivenDataRow" />
        <UnitTestResult executionId="b8e930a6-0a70-424d-8995-5ea33135324b" parentExecutionId="7e66ab3c-c2fe-44f2-a476-9cb0ac255e2a" testId="7dc20d31-477c-3765-83c0-7575a504da96" testName="ToNormalize_Passing_ValidValue_Returns_NormalizedValue (èéëê,eeee)" computerName="PC-SFERRARI" duration="00:00:00.0000252" startTime="2021-01-09T13:00:07.0419440+00:00" endTime="2021-01-09T13:00:07.0503565+00:00" testType="13cdc9d9-ddb5-4fa4-a97d-d965ccfc6d4b" outcome="Passed" testListId="8c84fa94-04c1-424b-9868-57a2d4851a1d" relativeResultsDirectory="b8e930a6-0a70-424d-8995-5ea33135324b" dataRowInfo="10" resultType="DataDrivenDataRow" />
        <UnitTestResult executionId="188af8ca-01a4-4a6a-9cfb-987ce5e868aa" parentExecutionId="7e66ab3c-c2fe-44f2-a476-9cb0ac255e2a" testId="7dc20d31-477c-3765-83c0-7575a504da96" testName="ToNormalize_Passing_ValidValue_Returns_NormalizedValue (ÈÉËÊ,EEEE)" computerName="PC-SFERRARI" duration="00:00:00.0000472" startTime="2021-01-09T13:00:07.0419440+00:00" endTime="2021-01-09T13:00:07.0503565+00:00" testType="13cdc9d9-ddb5-4fa4-a97d-d965ccfc6d4b" outcome="Passed" testListId="8c84fa94-04c1-424b-9868-57a2d4851a1d" relativeResultsDirectory="188af8ca-01a4-4a6a-9cfb-987ce5e868aa" dataRowInfo="11" resultType="DataDrivenDataRow" />
        <UnitTestResult executionId="9bc7f96b-4482-492e-a824-00073afa06e2" parentExecutionId="7e66ab3c-c2fe-44f2-a476-9cb0ac255e2a" testId="7dc20d31-477c-3765-83c0-7575a504da96" testName="ToNormalize_Passing_ValidValue_Returns_NormalizedValue (ìíïî,iiii)" computerName="PC-SFERRARI" duration="00:00:00.0000410" startTime="2021-01-09T13:00:07.0419440+00:00" endTime="2021-01-09T13:00:07.0503565+00:00" testType="13cdc9d9-ddb5-4fa4-a97d-d965ccfc6d4b" outcome="Passed" testListId="8c84fa94-04c1-424b-9868-57a2d4851a1d" relativeResultsDirectory="9bc7f96b-4482-492e-a824-00073afa06e2" dataRowInfo="12" resultType="DataDrivenDataRow" />
        <UnitTestResult executionId="aae22bd8-0105-4564-886b-beeb2448a601" parentExecutionId="7e66ab3c-c2fe-44f2-a476-9cb0ac255e2a" testId="7dc20d31-477c-3765-83c0-7575a504da96" testName="ToNormalize_Passing_ValidValue_Returns_NormalizedValue (Malmö,Malmo)" computerName="PC-SFERRARI" duration="00:00:00.0000414" startTime="2021-01-09T13:00:07.0419440+00:00" endTime="2021-01-09T13:00:07.0503565+00:00" testType="13cdc9d9-ddb5-4fa4-a97d-d965ccfc6d4b" outcome="Passed" testListId="8c84fa94-04c1-424b-9868-57a2d4851a1d" relativeResultsDirectory="aae22bd8-0105-4564-886b-beeb2448a601" dataRowInfo="13" resultType="DataDrivenDataRow" />
        <UnitTestResult executionId="59353b9b-d758-4074-8ed2-8a6b730afaab" parentExecutionId="7e66ab3c-c2fe-44f2-a476-9cb0ac255e2a" testId="7dc20d31-477c-3765-83c0-7575a504da96" testName="ToNormalize_Passing_ValidValue_Returns_NormalizedValue (Münçhen,Munchen)" computerName="PC-SFERRARI" duration="00:00:00.0000401" startTime="2021-01-09T13:00:07.0419440+00:00" endTime="2021-01-09T13:00:07.0503565+00:00" testType="13cdc9d9-ddb5-4fa4-a97d-d965ccfc6d4b" outcome="Passed" testListId="8c84fa94-04c1-424b-9868-57a2d4851a1d" relativeResultsDirectory="59353b9b-d758-4074-8ed2-8a6b730afaab" dataRowInfo="14" resultType="DataDrivenDataRow" />
        <UnitTestResult executionId="8fd94cb8-8b12-4980-b9a1-517ca2c7bae1" parentExecutionId="7e66ab3c-c2fe-44f2-a476-9cb0ac255e2a" testId="7dc20d31-477c-3765-83c0-7575a504da96" testName="ToNormalize_Passing_ValidValue_Returns_NormalizedValue (Åge,Age)" computerName="PC-SFERRARI" duration="00:00:00.0000397" startTime="2021-01-09T13:00:07.0419440+00:00" endTime="2021-01-09T13:00:07.0503565+00:00" testType="13cdc9d9-ddb5-4fa4-a97d-d965ccfc6d4b" outcome="Passed" testListId="8c84fa94-04c1-424b-9868-57a2d4851a1d" relativeResultsDirectory="8fd94cb8-8b12-4980-b9a1-517ca2c7bae1" dataRowInfo="15" resultType="DataDrivenDataRow" />
        <UnitTestResult executionId="e3c83cb4-2bc8-45cf-97ea-43f6af6fb88a" parentExecutionId="7e66ab3c-c2fe-44f2-a476-9cb0ac255e2a" testId="7dc20d31-477c-3765-83c0-7575a504da96" testName="ToNormalize_Passing_ValidValue_Returns_NormalizedValue (Strømsgodset,Stromsgodset)" computerName="PC-SFERRARI" duration="00:00:00.0000405" startTime="2021-01-09T13:00:07.0419440+00:00" endTime="2021-01-09T13:00:07.0503565+00:00" testType="13cdc9d9-ddb5-4fa4-a97d-d965ccfc6d4b" outcome="Passed" testListId="8c84fa94-04c1-424b-9868-57a2d4851a1d" relativeResultsDirectory="e3c83cb4-2bc8-45cf-97ea-43f6af6fb88a" dataRowInfo="16" resultType="DataDrivenDataRow" />
        <UnitTestResult executionId="7c21fec1-12b8-4ad1-9a99-c009575c9fe8" parentExecutionId="7e66ab3c-c2fe-44f2-a476-9cb0ac255e2a" testId="7dc20d31-477c-3765-83c0-7575a504da96" testName="ToNormalize_Passing_ValidValue_Returns_NormalizedValue (Kulħadd,Kulhadd)" computerName="PC-SFERRARI" duration="00:00:00.0000396" startTime="2021-01-09T13:00:07.0419440+00:00" endTime="2021-01-09T13:00:07.0503565+00:00" testType="13cdc9d9-ddb5-4fa4-a97d-d965ccfc6d4b" outcome="Passed" testListId="8c84fa94-04c1-424b-9868-57a2d4851a1d" relativeResultsDirectory="7c21fec1-12b8-4ad1-9a99-c009575c9fe8" dataRowInfo="17" resultType="DataDrivenDataRow" />
        <UnitTestResult executionId="86dbeb39-b11e-4e37-a72f-e652f0a62066" parentExecutionId="7e66ab3c-c2fe-44f2-a476-9cb0ac255e2a" testId="7dc20d31-477c-3765-83c0-7575a504da96" testName="ToNormalize_Passing_ValidValue_Returns_NormalizedValue (héllo,hello)" computerName="PC-SFERRARI" duration="00:00:00.0000416" startTime="2021-01-09T13:00:07.0419440+00:00" endTime="2021-01-09T13:00:07.0503565+00:00" testType="13cdc9d9-ddb5-4fa4-a97d-d965ccfc6d4b" outcome="Passed" testListId="8c84fa94-04c1-424b-9868-57a2d4851a1d" relativeResultsDirectory="86dbeb39-b11e-4e37-a72f-e652f0a62066" dataRowInfo="18" resultType="DataDrivenDataRow" />
        <UnitTestResult executionId="61dc08d8-0fbc-4525-86df-dfa2f8b165c6" parentExecutionId="7e66ab3c-c2fe-44f2-a476-9cb0ac255e2a" testId="7dc20d31-477c-3765-83c0-7575a504da96" testName="ToNormalize_Passing_ValidValue_Returns_NormalizedValue (Autobús,Autobus)" computerName="PC-SFERRARI" duration="00:00:00.0000412" startTime="2021-01-09T13:00:07.0419440+00:00" endTime="2021-01-09T13:00:07.0503565+00:00" testType="13cdc9d9-ddb5-4fa4-a97d-d965ccfc6d4b" outcome="Passed" testListId="8c84fa94-04c1-424b-9868-57a2d4851a1d" relativeResultsDirectory="61dc08d8-0fbc-4525-86df-dfa2f8b165c6" dataRowInfo="19" resultType="DataDrivenDataRow" />
        <UnitTestResult executionId="2ce1f796-94ff-4f8d-8128-5ff68a168670" parentExecutionId="7e66ab3c-c2fe-44f2-a476-9cb0ac255e2a" testId="7dc20d31-477c-3765-83c0-7575a504da96" testName="ToNormalize_Passing_ValidValue_Returns_NormalizedValue (i’ LL,i LL)" computerName="PC-SFERRARI" duration="00:00:00.0000421" startTime="2021-01-09T13:00:07.0419440+00:00" endTime="2021-01-09T13:00:07.0503565+00:00" testType="13cdc9d9-ddb5-4fa4-a97d-d965ccfc6d4b" outcome="Passed" testListId="8c84fa94-04c1-424b-9868-57a2d4851a1d" relativeResultsDirectory="2ce1f796-94ff-4f8d-8128-5ff68a168670" dataRowInfo="20" resultType="DataDrivenDataRow" />
        <UnitTestResult executionId="640ac3f2-e6a9-4eaa-bd71-c47a7668ee29" parentExecutionId="7e66ab3c-c2fe-44f2-a476-9cb0ac255e2a" testId="7dc20d31-477c-3765-83c0-7575a504da96" testName="ToNormalize_Passing_ValidValue_Returns_NormalizedValue (Mañana,Manana)" computerName="PC-SFERRARI" duration="00:00:00.0000323" startTime="2021-01-09T13:00:07.0419440+00:00" endTime="2021-01-09T13:00:07.0503565+00:00" testType="13cdc9d9-ddb5-4fa4-a97d-d965ccfc6d4b" outcome="Passed" testListId="8c84fa94-04c1-424b-9868-57a2d4851a1d" relativeResultsDirectory="640ac3f2-e6a9-4eaa-bd71-c47a7668ee29" dataRowInfo="21" resultType="DataDrivenDataRow" />
        <UnitTestResult executionId="ef04f6aa-bf23-4a75-83da-c463add627d4" parentExecutionId="7e66ab3c-c2fe-44f2-a476-9cb0ac255e2a" testId="7dc20d31-477c-3765-83c0-7575a504da96" testName="ToNormalize_Passing_ValidValue_Returns_NormalizedValue (The End,The End)" computerName="PC-SFERRARI" duration="00:00:00.0000321" startTime="2021-01-09T13:00:07.0419440+00:00" endTime="2021-01-09T13:00:07.0503565+00:00" testType="13cdc9d9-ddb5-4fa4-a97d-d965ccfc6d4b" outcome="Passed" testListId="8c84fa94-04c1-424b-9868-57a2d4851a1d" relativeResultsDirectory="ef04f6aa-bf23-4a75-83da-c463add627d4" dataRowInfo="22" resultType="DataDrivenDataRow" />
        <UnitTestResult executionId="a42f0004-f86e-4c61-8a5c-b7d02698dcd9" parentExecutionId="7e66ab3c-c2fe-44f2-a476-9cb0ac255e2a" testId="7dc20d31-477c-3765-83c0-7575a504da96" testName="ToNormalize_Passing_ValidValue_Returns_NormalizedValue (ñ Ñ,n N)" computerName="PC-SFERRARI" duration="00:00:00.0000303" startTime="2021-01-09T13:00:07.0419440+00:00" endTime="2021-01-09T13:00:07.0503565+00:00" testType="13cdc9d9-ddb5-4fa4-a97d-d965ccfc6d4b" outcome="Passed" testListId="8c84fa94-04c1-424b-9868-57a2d4851a1d" relativeResultsDirectory="a42f0004-f86e-4c61-8a5c-b7d02698dcd9" dataRowInfo="23" resultType="DataDrivenDataRow" />
      </InnerResults>
    </UnitTestResult>
    <UnitTestResult executionId="0b5b2713-773d-4d66-97e2-a2dbcc2a0cd1" testId="a4956cd8-34a7-6fca-5b71-6eb98cedd9b0" testName="ToEndOfTheMonth_Passing_DateTime_Returns_End_Of_Month_DateTime" computerName="PC-SFERRARI" duration="00:00:00.0006440" startTime="2021-01-09T13:00:06.3399571+00:00" endTime="2021-01-09T13:00:06.3406728+00:00" testType="13cdc9d9-ddb5-4fa4-a97d-d965ccfc6d4b" outcome="Passed" testListId="8c84fa94-04c1-424b-9868-57a2d4851a1d" relativeResultsDirectory="0b5b2713-773d-4d66-97e2-a2dbcc2a0cd1" />
    <UnitTestResult executionId="f9caffd7-d6e5-4dcb-b1ca-be1479e06b03" testId="c63cd623-e636-5730-a1fa-b18ae782acc7" testName="ToInt_Passing_Enumeration_Name_Returns_Description_Atributte" computerName="PC-SFERRARI" duration="00:00:00.0005878" startTime="2021-01-09T13:00:06.3618875+00:00" endTime="2021-01-09T13:00:06.3626644+00:00" testType="13cdc9d9-ddb5-4fa4-a97d-d965ccfc6d4b" outcome="Passed" testListId="8c84fa94-04c1-424b-9868-57a2d4851a1d" relativeResultsDirectory="f9caffd7-d6e5-4dcb-b1ca-be1479e06b03" />
    <UnitTestResult executionId="82c6b30d-fb4d-415f-a161-16e2a2d5d048" testId="605637df-9854-875b-b3aa-6675f3fbd045" testName="ToEnum_Passing_ValidValue_String_Returns_EnumValue" computerName="PC-SFERRARI" duration="00:00:00.0002679" startTime="2021-01-09T13:00:07.0034646+00:00" endTime="2021-01-09T13:00:07.0039959+00:00" testType="13cdc9d9-ddb5-4fa4-a97d-d965ccfc6d4b" outcome="Passed" testListId="8c84fa94-04c1-424b-9868-57a2d4851a1d" relativeResultsDirectory="82c6b30d-fb4d-415f-a161-16e2a2d5d048" />
    <UnitTestResult executionId="314b2c0f-bd3e-4c69-baa9-d0a85b546cc1" testId="40108f40-2761-0a89-d16d-ad113b5f3dd5" testName="ToDefaultValue_Passing_short_Returns_Cero" computerName="PC-SFERRARI" duration="00:00:00.0004113" startTime="2021-01-09T13:00:06.4174889+00:00" endTime="2021-01-09T13:00:06.4179966+00:00" testType="13cdc9d9-ddb5-4fa4-a97d-d965ccfc6d4b" outcome="Passed" testListId="8c84fa94-04c1-424b-9868-57a2d4851a1d" relativeResultsDirectory="314b2c0f-bd3e-4c69-baa9-d0a85b546cc1" resultType="DataDrivenTest">
      <InnerResults>
        <UnitTestResult executionId="cd269315-5dbd-4b8d-8563-c95106a77d7d" parentExecutionId="314b2c0f-bd3e-4c69-baa9-d0a85b546cc1" testId="40108f40-2761-0a89-d16d-ad113b5f3dd5" testName="ToDefaultValue_Passing_short_Returns_Cero (32767)" computerName="PC-SFERRARI" duration="00:00:00.0003540" startTime="2021-01-09T13:00:06.4174889+00:00" endTime="2021-01-09T13:00:06.4179966+00:00" testType="13cdc9d9-ddb5-4fa4-a97d-d965ccfc6d4b" outcome="Passed" testListId="8c84fa94-04c1-424b-9868-57a2d4851a1d" relativeResultsDirectory="cd269315-5dbd-4b8d-8563-c95106a77d7d" dataRowInfo="1" resultType="DataDrivenDataRow" />
      </InnerResults>
    </UnitTestResult>
    <UnitTestResult executionId="ae8d7498-6deb-4993-8abd-ed224cf9ab95" testId="a6625fb0-1b80-148b-87dc-9cf616e5e84d" testName="ToList_Passing_ValidEnumType_Returns_ValuesList" computerName="PC-SFERRARI" duration="00:00:00.0005513" startTime="2021-01-09T13:00:06.3787446+00:00" endTime="2021-01-09T13:00:06.3794618+00:00" testType="13cdc9d9-ddb5-4fa4-a97d-d965ccfc6d4b" outcome="Passed" testListId="8c84fa94-04c1-424b-9868-57a2d4851a1d" relativeResultsDirectory="ae8d7498-6deb-4993-8abd-ed224cf9ab95" />
    <UnitTestResult executionId="1a62d1f1-b095-4af9-aa22-703da6a76599" testId="f8b74494-d277-7173-e694-2a4d463a4607" testName="ToMapList_Passing_Source_Type_And_Destination_Type_Returns_Destination_Object_List" computerName="PC-SFERRARI" duration="00:00:00.0360309" startTime="2021-01-09T13:00:05.6822413+00:00" endTime="2021-01-09T13:00:05.7184013+00:00" testType="13cdc9d9-ddb5-4fa4-a97d-d965ccfc6d4b" outcome="Passed" testListId="8c84fa94-04c1-424b-9868-57a2d4851a1d" relativeResultsDirectory="1a62d1f1-b095-4af9-aa22-703da6a76599" />
    <UnitTestResult executionId="e63d3532-790a-47e4-b07e-ff9c3797d8ad" testId="334e3485-05b4-4549-cacd-aef8fff10757" testName="ToDefaultValue_Passing_decimal_Returns_Cero" computerName="PC-SFERRARI" duration="00:00:00.0003692" startTime="2021-01-09T13:00:06.4060498+00:00" endTime="2021-01-09T13:00:06.4066595+00:00" testType="13cdc9d9-ddb5-4fa4-a97d-d965ccfc6d4b" outcome="Passed" testListId="8c84fa94-04c1-424b-9868-57a2d4851a1d" relativeResultsDirectory="e63d3532-790a-47e4-b07e-ff9c3797d8ad" />
    <UnitTestResult executionId="126aa3eb-462c-483d-b73b-0b23b837bf08" testId="6bd61990-78b5-76ea-0df5-0c13c388bdc0" testName="ToWhere_Passing_Null_Predicate_Returns_Same_List" computerName="PC-SFERRARI" duration="00:00:00.0025705" startTime="2021-01-09T13:00:06.7907485+00:00" endTime="2021-01-09T13:00:06.7934495+00:00" testType="13cdc9d9-ddb5-4fa4-a97d-d965ccfc6d4b" outcome="Passed" testListId="8c84fa94-04c1-424b-9868-57a2d4851a1d" relativeResultsDirectory="126aa3eb-462c-483d-b73b-0b23b837bf08" />
    <UnitTestResult executionId="4410c626-2ea6-4de0-a2c7-8a26c6ef66ba" testId="4234610b-215b-41f7-e61d-4a82851bdfa3" testName="ToDefaultValue_Passing_int_Returns_Cero" computerName="PC-SFERRARI" duration="00:00:00.0006294" startTime="2021-01-09T13:00:06.4143495+00:00" endTime="2021-01-09T13:00:06.4162596+00:00" testType="13cdc9d9-ddb5-4fa4-a97d-d965ccfc6d4b" outcome="Passed" testListId="8c84fa94-04c1-424b-9868-57a2d4851a1d" relativeResultsDirectory="4410c626-2ea6-4de0-a2c7-8a26c6ef66ba" resultType="DataDrivenTest">
      <InnerResults>
        <UnitTestResult executionId="e687be74-c3e3-4a7d-a456-c851fbcd5bcd" parentExecutionId="4410c626-2ea6-4de0-a2c7-8a26c6ef66ba" testId="4234610b-215b-41f7-e61d-4a82851bdfa3" testName="ToDefaultValue_Passing_int_Returns_Cero (2147483647)" computerName="PC-SFERRARI" duration="00:00:00.0005162" startTime="2021-01-09T13:00:06.4143495+00:00" endTime="2021-01-09T13:00:06.4162596+00:00" testType="13cdc9d9-ddb5-4fa4-a97d-d965ccfc6d4b" outcome="Passed" testListId="8c84fa94-04c1-424b-9868-57a2d4851a1d" relativeResultsDirectory="e687be74-c3e3-4a7d-a456-c851fbcd5bcd" dataRowInfo="1" resultType="DataDrivenDataRow" />
      </InnerResults>
    </UnitTestResult>
    <UnitTestResult executionId="c3ce47a2-f9a0-4353-9b13-a48c1505cca1" testId="209cbba1-d5fa-4810-2cb6-ee92ce2e109d" testName="ToGet_Passing_Claims_Returns_Claim_Value_Int" computerName="PC-SFERRARI" duration="00:00:00.0017711" startTime="2021-01-09T13:00:06.1689264+00:00" endTime="2021-01-09T13:00:06.1708102+00:00" testType="13cdc9d9-ddb5-4fa4-a97d-d965ccfc6d4b" outcome="Passed" testListId="8c84fa94-04c1-424b-9868-57a2d4851a1d" relativeResultsDirectory="c3ce47a2-f9a0-4353-9b13-a48c1505cca1" />
    <UnitTestResult executionId="94b78f13-6740-429e-9952-ec68bd114111" testId="8381ae52-050c-b801-64b1-7c621deb91d8" testName="ResultOk_WithMessage" computerName="PC-SFERRARI" duration="00:00:00.0002453" startTime="2021-01-09T13:00:06.8468240+00:00" endTime="2021-01-09T13:00:06.8472387+00:00" testType="13cdc9d9-ddb5-4fa4-a97d-d965ccfc6d4b" outcome="Passed" testListId="8c84fa94-04c1-424b-9868-57a2d4851a1d" relativeResultsDirectory="94b78f13-6740-429e-9952-ec68bd114111" />
    <UnitTestResult executionId="b501aee5-6fef-4364-a07a-425e398d18d5" testId="21ae5425-e2d1-002f-334f-105a6a674a01" testName="ToEnvironment_ServiceCollection_Passing_Custom_Enviroment_Returns_Custom_Name" computerName="PC-SFERRARI" duration="00:00:00.0006628" startTime="2021-01-09T13:00:06.2569252+00:00" endTime="2021-01-09T13:00:06.2577106+00:00" testType="13cdc9d9-ddb5-4fa4-a97d-d965ccfc6d4b" outcome="Passed" testListId="8c84fa94-04c1-424b-9868-57a2d4851a1d" relativeResultsDirectory="b501aee5-6fef-4364-a07a-425e398d18d5" />
    <UnitTestResult executionId="9409b749-e63d-4880-aa71-0f1fd2d7278e" testId="180814cc-22f9-91b2-cd9a-f54be7e1ba18" testName="IsEmail_Passing_InvalidArguments_Returns_HasErrorsAndCount" computerName="PC-SFERRARI" duration="00:00:00.0001786" startTime="2021-01-09T13:00:06.0396671+00:00" endTime="2021-01-09T13:00:06.0399183+00:00" testType="13cdc9d9-ddb5-4fa4-a97d-d965ccfc6d4b" outcome="Passed" testListId="8c84fa94-04c1-424b-9868-57a2d4851a1d" relativeResultsDirectory="9409b749-e63d-4880-aa71-0f1fd2d7278e" />
    <UnitTestResult executionId="353771b4-908e-4cd5-a737-87fc0801f8fb" testId="580ff04a-e5c0-9f2f-90c3-4f2aeafd15c5" testName="ToIsNullOrEmptyThrow_Passing_InvalidValue_Returns_ApplicationExceptionWithMessage" computerName="PC-SFERRARI" duration="00:00:00.0005876" startTime="2021-01-09T13:00:06.0080295+00:00" endTime="2021-01-09T13:00:06.0087492+00:00" testType="13cdc9d9-ddb5-4fa4-a97d-d965ccfc6d4b" outcome="Passed" testListId="8c84fa94-04c1-424b-9868-57a2d4851a1d" relativeResultsDirectory="353771b4-908e-4cd5-a737-87fc0801f8fb" />
    <UnitTestResult executionId="c5ec767f-03fe-4cde-a55b-65b57c1023f9" testId="c19b83a3-45fc-e848-cbcc-7f68b66eb4e3" testName="IsLowercase_Passing_InvalidArguments_Returns_HasErrorsAndCount" computerName="PC-SFERRARI" duration="00:00:00.0005212" startTime="2021-01-09T13:00:06.0569907+00:00" endTime="2021-01-09T13:00:06.0575989+00:00" testType="13cdc9d9-ddb5-4fa4-a97d-d965ccfc6d4b" outcome="Passed" testListId="8c84fa94-04c1-424b-9868-57a2d4851a1d" relativeResultsDirectory="c5ec767f-03fe-4cde-a55b-65b57c1023f9" />
    <UnitTestResult executionId="79846b17-567b-426f-a658-d92a8088d333" testId="9d64a285-266d-52de-ef34-34102f8ad12c" testName="IsEspecialChars_Passing_InvalidArguments_Returns_HasErrorsAndCount" computerName="PC-SFERRARI" duration="00:00:00.0006097" startTime="2021-01-09T13:00:06.0406067+00:00" endTime="2021-01-09T13:00:06.0412878+00:00" testType="13cdc9d9-ddb5-4fa4-a97d-d965ccfc6d4b" outcome="Passed" testListId="8c84fa94-04c1-424b-9868-57a2d4851a1d" relativeResultsDirectory="79846b17-567b-426f-a658-d92a8088d333" />
    <UnitTestResult executionId="099e26b6-06a6-4bad-a091-29935909c0ef" testId="8a110a46-40a4-c9bb-083e-1c3fcb5b45b7" testName="ToCompress_Passing_Object_Bytes_Returns_Object" computerName="PC-SFERRARI" duration="00:00:00.0184523" startTime="2021-01-09T13:00:05.9589865+00:00" endTime="2021-01-09T13:00:05.9778555+00:00" testType="13cdc9d9-ddb5-4fa4-a97d-d965ccfc6d4b" outcome="Passed" testListId="8c84fa94-04c1-424b-9868-57a2d4851a1d" relativeResultsDirectory="099e26b6-06a6-4bad-a091-29935909c0ef" />
    <UnitTestResult executionId="24e44dbf-e94e-4f9b-8766-1f894c65cf7a" testId="aeb559a5-c285-7ab9-baee-1cb152d1742f" testName="ToDefaultValue_Passing_ulong_Returns_Cero" computerName="PC-SFERRARI" duration="00:00:00.0005758" startTime="2021-01-09T13:00:06.4357246+00:00" endTime="2021-01-09T13:00:06.4365060+00:00" testType="13cdc9d9-ddb5-4fa4-a97d-d965ccfc6d4b" outcome="Passed" testListId="8c84fa94-04c1-424b-9868-57a2d4851a1d" relativeResultsDirectory="24e44dbf-e94e-4f9b-8766-1f894c65cf7a" resultType="DataDrivenTest">
      <InnerResults>
        <UnitTestResult executionId="d2e7b58b-e19f-4c60-8457-88bbb52370b4" parentExecutionId="24e44dbf-e94e-4f9b-8766-1f894c65cf7a" testId="aeb559a5-c285-7ab9-baee-1cb152d1742f" testName="ToDefaultValue_Passing_ulong_Returns_Cero (18446744073709551615)" computerName="PC-SFERRARI" duration="00:00:00.0004699" startTime="2021-01-09T13:00:06.4357246+00:00" endTime="2021-01-09T13:00:06.4365060+00:00" testType="13cdc9d9-ddb5-4fa4-a97d-d965ccfc6d4b" outcome="Passed" testListId="8c84fa94-04c1-424b-9868-57a2d4851a1d" relativeResultsDirectory="d2e7b58b-e19f-4c60-8457-88bbb52370b4" dataRowInfo="1" resultType="DataDrivenDataRow" />
      </InnerResults>
    </UnitTestResult>
    <UnitTestResult executionId="e64794b2-9f16-4e0a-beef-7ef9446806ae" testId="c330741e-ad40-618c-36cc-508c135d2b95" testName="ToService_Passing_NotFound_Service_Returns_Null" computerName="PC-SFERRARI" duration="00:00:00.0001332" startTime="2021-01-09T13:00:06.2899941+00:00" endTime="2021-01-09T13:00:06.2902393+00:00" testType="13cdc9d9-ddb5-4fa4-a97d-d965ccfc6d4b" outcome="Passed" testListId="8c84fa94-04c1-424b-9868-57a2d4851a1d" relativeResultsDirectory="e64794b2-9f16-4e0a-beef-7ef9446806ae" />
    <UnitTestResult executionId="b76bb15f-8fa0-4660-9380-5e0967a5b033" testId="18040ed3-941e-dd1e-cb8c-4d34d103f370" testName="ToIsWeekend_Passing_Saturday_DateTime_Returns_True" computerName="PC-SFERRARI" duration="00:00:00.0002852" startTime="2021-01-09T13:00:06.3458997+00:00" endTime="2021-01-09T13:00:06.3464834+00:00" testType="13cdc9d9-ddb5-4fa4-a97d-d965ccfc6d4b" outcome="Passed" testListId="8c84fa94-04c1-424b-9868-57a2d4851a1d" relativeResultsDirectory="b76bb15f-8fa0-4660-9380-5e0967a5b033" />
    <UnitTestResult executionId="9f5bc07c-62dc-4d4f-bd95-1aa88b65af66" testId="3e6d6aa9-9b6d-dd96-b54c-49f88780a2b4" testName="ToEmptyIfNull_Passing_Null_Collection_Returns_Empty_Collection" computerName="PC-SFERRARI" duration="00:00:00.0005027" startTime="2021-01-09T13:00:06.3489462+00:00" endTime="2021-01-09T13:00:06.3496498+00:00" testType="13cdc9d9-ddb5-4fa4-a97d-d965ccfc6d4b" outcome="Passed" testListId="8c84fa94-04c1-424b-9868-57a2d4851a1d" relativeResultsDirectory="9f5bc07c-62dc-4d4f-bd95-1aa88b65af66" />
    <UnitTestResult executionId="9975519a-b73e-4375-9233-4c96d9d8f0e9" testId="53cbdd8e-a1ef-5d22-8745-938609ed19c2" testName="ToConfigureOrDefault_Passing_DefaultValues_And_ActionCustomValues_Returns_DefaultValues_And_CustomValues" computerName="PC-SFERRARI" duration="00:00:00.0004568" startTime="2021-01-09T13:00:05.4296341+00:00" endTime="2021-01-09T13:00:05.4303045+00:00" testType="13cdc9d9-ddb5-4fa4-a97d-d965ccfc6d4b" outcome="Passed" testListId="8c84fa94-04c1-424b-9868-57a2d4851a1d" relativeResultsDirectory="9975519a-b73e-4375-9233-4c96d9d8f0e9" />
    <UnitTestResult executionId="e1f2dd10-ea98-4da3-b778-610ea6fbde51" testId="b51b5293-5162-7db8-79c0-6e7b6f1c51a5" testName="ToZipCreate_Passing_ValidFilesWithCutomZipName_Returns_ZipFiles" computerName="PC-SFERRARI" duration="00:00:00.0698899" startTime="2021-01-09T13:00:07.1567506+00:00" endTime="2021-01-09T13:00:07.2269018+00:00" testType="13cdc9d9-ddb5-4fa4-a97d-d965ccfc6d4b" outcome="Passed" testListId="8c84fa94-04c1-424b-9868-57a2d4851a1d" relativeResultsDirectory="e1f2dd10-ea98-4da3-b778-610ea6fbde51" />
    <UnitTestResult executionId="33595a48-796c-43a8-8f01-056fe7f10fa8" testId="0cfd0c7c-1a61-7d19-c2fa-3c8a47ccf09c" testName="ToValues_Passing_ValidEnumType_Returns_ValuesListString" computerName="PC-SFERRARI" duration="00:00:00.0011968" startTime="2021-01-09T13:00:06.3795124+00:00" endTime="2021-01-09T13:00:06.3808514+00:00" testType="13cdc9d9-ddb5-4fa4-a97d-d965ccfc6d4b" outcome="Passed" testListId="8c84fa94-04c1-424b-9868-57a2d4851a1d" relativeResultsDirectory="33595a48-796c-43a8-8f01-056fe7f10fa8" />
    <UnitTestResult executionId="aabe01eb-03d1-4fce-be27-734fd6da19f8" testId="69b6ed05-fdf2-6989-0583-109b4777a6ac" testName="ToEnvironment_Passing_Custom_Enviroment_Returns_Custom_Name" computerName="PC-SFERRARI" duration="00:00:00.1540457" startTime="2021-01-09T13:00:05.7404280+00:00" endTime="2021-01-09T13:00:05.8947031+00:00" testType="13cdc9d9-ddb5-4fa4-a97d-d965ccfc6d4b" outcome="Passed" testListId="8c84fa94-04c1-424b-9868-57a2d4851a1d" relativeResultsDirectory="aabe01eb-03d1-4fce-be27-734fd6da19f8" />
    <UnitTestResult executionId="bc3ea92a-99be-42e4-9e45-f885307bc36e" testId="0d35441f-72fe-a777-509f-6a19632f972a" testName="ToMessage_Passing_ExceptionWithMessageWithInnerException_Returns_MessageAndInnerException" computerName="PC-SFERRARI" duration="00:00:00.0004378" startTime="2021-01-09T13:00:06.3871696+00:00" endTime="2021-01-09T13:00:06.3877839+00:00" testType="13cdc9d9-ddb5-4fa4-a97d-d965ccfc6d4b" outcome="Passed" testListId="8c84fa94-04c1-424b-9868-57a2d4851a1d" relativeResultsDirectory="bc3ea92a-99be-42e4-9e45-f885307bc36e" />
    <UnitTestResult executionId="3e43afae-0d25-40ef-8122-91ac724cbadb" testId="f752d50b-77fa-327a-4493-168161bd27b2" testName="ToDefaultValue_Passing_double_Returns_Cero" computerName="PC-SFERRARI" duration="00:00:00.0017411" startTime="2021-01-09T13:00:06.4066999+00:00" endTime="2021-01-09T13:00:06.4085391+00:00" testType="13cdc9d9-ddb5-4fa4-a97d-d965ccfc6d4b" outcome="Passed" testListId="8c84fa94-04c1-424b-9868-57a2d4851a1d" relativeResultsDirectory="3e43afae-0d25-40ef-8122-91ac724cbadb" resultType="DataDrivenTest">
      <InnerResults>
        <UnitTestResult executionId="a5652c50-4628-4388-aea4-24725118224d" parentExecutionId="3e43afae-0d25-40ef-8122-91ac724cbadb" testId="f752d50b-77fa-327a-4493-168161bd27b2" testName="ToDefaultValue_Passing_double_Returns_Cero (1,7976931348623157E+308)" computerName="PC-SFERRARI" duration="00:00:00.0014771" startTime="2021-01-09T13:00:06.4066999+00:00" endTime="2021-01-09T13:00:06.4085391+00:00" testType="13cdc9d9-ddb5-4fa4-a97d-d965ccfc6d4b" outcome="Passed" testListId="8c84fa94-04c1-424b-9868-57a2d4851a1d" relativeResultsDirectory="a5652c50-4628-4388-aea4-24725118224d" dataRowInfo="1" resultType="DataDrivenDataRow" />
      </InnerResults>
    </UnitTestResult>
    <UnitTestResult executionId="1eaa797e-a8eb-4e50-b533-73554ac4621d" testId="ffa669f9-8e25-a33b-f8f7-c3ba4a576a2b" testName="ToDefaultValue_Passing_ValidStruct_Returns_DefaultValue" computerName="PC-SFERRARI" duration="00:00:00.0004234" startTime="2021-01-09T13:00:07.8553182+00:00" endTime="2021-01-09T13:00:07.8572273+00:00" testType="13cdc9d9-ddb5-4fa4-a97d-d965ccfc6d4b" outcome="Passed" testListId="8c84fa94-04c1-424b-9868-57a2d4851a1d" relativeResultsDirectory="1eaa797e-a8eb-4e50-b533-73554ac4621d" />
    <UnitTestResult executionId="278c87d3-69d1-4723-85ca-f0bf2ff03da5" testId="7384e2f6-7a7f-d462-78fa-5bf7f49c326a" testName="ToIsAuthenticated_Passing_Claims_Returns_False" computerName="PC-SFERRARI" duration="00:00:00.0006026" startTime="2021-01-09T13:00:06.1772014+00:00" endTime="2021-01-09T13:00:06.1778896+00:00" testType="13cdc9d9-ddb5-4fa4-a97d-d965ccfc6d4b" outcome="Passed" testListId="8c84fa94-04c1-424b-9868-57a2d4851a1d" relativeResultsDirectory="278c87d3-69d1-4723-85ca-f0bf2ff03da5" />
    <UnitTestResult executionId="7ab6ca58-b1d4-4dfe-93be-01a0c1cb5922" testId="967da852-80aa-48c8-4fdf-7229c80964ce" testName="ToZipExtract_Passing_ValidArchive_Returns_Files" computerName="PC-SFERRARI" duration="00:00:00.5994001" startTime="2021-01-09T13:00:07.2377713+00:00" endTime="2021-01-09T13:00:07.8375630+00:00" testType="13cdc9d9-ddb5-4fa4-a97d-d965ccfc6d4b" outcome="Passed" testListId="8c84fa94-04c1-424b-9868-57a2d4851a1d" relativeResultsDirectory="7ab6ca58-b1d4-4dfe-93be-01a0c1cb5922" />
    <UnitTestResult executionId="12a50f3c-0cba-4345-a5dc-3c6e79ea76a0" testId="9eeef095-29ed-4872-a36c-ca4832350421" testName="IsName_Passing_InvalidArguments_Returns_HasErrorsAndCount" computerName="PC-SFERRARI" duration="00:00:00.0001629" startTime="2021-01-09T13:00:06.0578582+00:00" endTime="2021-01-09T13:00:06.0580928+00:00" testType="13cdc9d9-ddb5-4fa4-a97d-d965ccfc6d4b" outcome="Passed" testListId="8c84fa94-04c1-424b-9868-57a2d4851a1d" relativeResultsDirectory="12a50f3c-0cba-4345-a5dc-3c6e79ea76a0" />
    <UnitTestResult executionId="727bbd7c-577d-4247-a820-be0aa7b16eed" testId="29112d2a-2e73-305d-ec50-12fc95c28627" testName="ToReplaceSpecialChars_Passing_ValidValue_Returns_ReplacedValueWithoutIgnoreSpecialChars" computerName="PC-SFERRARI" duration="00:00:00.0008976" startTime="2021-01-09T13:00:07.0877911+00:00" endTime="2021-01-09T13:00:07.0889118+00:00" testType="13cdc9d9-ddb5-4fa4-a97d-d965ccfc6d4b" outcome="Passed" testListId="8c84fa94-04c1-424b-9868-57a2d4851a1d" relativeResultsDirectory="727bbd7c-577d-4247-a820-be0aa7b16eed" resultType="DataDrivenTest">
      <InnerResults>
        <UnitTestResult executionId="8e8d94cc-dea8-4203-8f7d-52fb43c220d1" parentExecutionId="727bbd7c-577d-4247-a820-be0aa7b16eed" testId="29112d2a-2e73-305d-ec50-12fc95c28627" testName="ToReplaceSpecialChars_Passing_ValidValue_Returns_ReplacedValueWithoutIgnoreSpecialChars (àáäâãøçħ,aaaaaoch)" computerName="PC-SFERRARI" duration="00:00:00.0003357" startTime="2021-01-09T13:00:07.0877911+00:00" endTime="2021-01-09T13:00:07.0889118+00:00" testType="13cdc9d9-ddb5-4fa4-a97d-d965ccfc6d4b" outcome="Passed" testListId="8c84fa94-04c1-424b-9868-57a2d4851a1d" relativeResultsDirectory="8e8d94cc-dea8-4203-8f7d-52fb43c220d1" dataRowInfo="1" resultType="DataDrivenDataRow" />
        <UnitTestResult executionId="6f53d533-9462-4259-9e61-12e22fa89bff" parentExecutionId="727bbd7c-577d-4247-a820-be0aa7b16eed" testId="29112d2a-2e73-305d-ec50-12fc95c28627" testName="ToReplaceSpecialChars_Passing_ValidValue_Returns_ReplacedValueWithoutIgnoreSpecialChars ( àáäâ ãøçħ , aaaa aoch )" computerName="PC-SFERRARI" duration="00:00:00.0000401" startTime="2021-01-09T13:00:07.0877911+00:00" endTime="2021-01-09T13:00:07.0889118+00:00" testType="13cdc9d9-ddb5-4fa4-a97d-d965ccfc6d4b" outcome="Passed" testListId="8c84fa94-04c1-424b-9868-57a2d4851a1d" relativeResultsDirectory="6f53d533-9462-4259-9e61-12e22fa89bff" dataRowInfo="2" resultType="DataDrivenDataRow" />
        <UnitTestResult executionId="76c34572-8e12-411c-b63d-d9e71ca2561d" parentExecutionId="727bbd7c-577d-4247-a820-be0aa7b16eed" testId="29112d2a-2e73-305d-ec50-12fc95c28627" testName="ToReplaceSpecialChars_Passing_ValidValue_Returns_ReplacedValueWithoutIgnoreSpecialChars (*¨^_:-?¿;,)" computerName="PC-SFERRARI" duration="00:00:00.0000420" startTime="2021-01-09T13:00:07.0877911+00:00" endTime="2021-01-09T13:00:07.0889118+00:00" testType="13cdc9d9-ddb5-4fa4-a97d-d965ccfc6d4b" outcome="Passed" testListId="8c84fa94-04c1-424b-9868-57a2d4851a1d" relativeResultsDirectory="76c34572-8e12-411c-b63d-d9e71ca2561d" dataRowInfo="3" resultType="DataDrivenDataRow" />
        <UnitTestResult executionId="b9b71216-8ab2-4f0c-b6e9-1e7accab4957" parentExecutionId="727bbd7c-577d-4247-a820-be0aa7b16eed" testId="29112d2a-2e73-305d-ec50-12fc95c28627" testName="ToReplaceSpecialChars_Passing_ValidValue_Returns_ReplacedValueWithoutIgnoreSpecialChars ( * ¨ ^ _ : - ? ¿ ; ,          )" computerName="PC-SFERRARI" duration="00:00:00.0000349" startTime="2021-01-09T13:00:07.0877911+00:00" endTime="2021-01-09T13:00:07.0889118+00:00" testType="13cdc9d9-ddb5-4fa4-a97d-d965ccfc6d4b" outcome="Passed" testListId="8c84fa94-04c1-424b-9868-57a2d4851a1d" relativeResultsDirectory="b9b71216-8ab2-4f0c-b6e9-1e7accab4957" dataRowInfo="4" resultType="DataDrivenDataRow" />
        <UnitTestResult executionId="e4d18658-5238-4314-be99-e45db5058500" parentExecutionId="727bbd7c-577d-4247-a820-be0aa7b16eed" testId="29112d2a-2e73-305d-ec50-12fc95c28627" testName="ToReplaceSpecialChars_Passing_ValidValue_Returns_ReplacedValueWithoutIgnoreSpecialChars (*¨^_:-?¿;,?¿,?¿)" computerName="PC-SFERRARI" duration="00:00:00.0000397" startTime="2021-01-09T13:00:07.0877911+00:00" endTime="2021-01-09T13:00:07.0889118+00:00" testType="13cdc9d9-ddb5-4fa4-a97d-d965ccfc6d4b" outcome="Passed" testListId="8c84fa94-04c1-424b-9868-57a2d4851a1d" relativeResultsDirectory="e4d18658-5238-4314-be99-e45db5058500" dataRowInfo="5" resultType="DataDrivenDataRow" />
      </InnerResults>
    </UnitTestResult>
    <UnitTestResult executionId="6efaaa18-43e0-4a16-9d92-c32a3bafd851" testId="e37f41d3-77a8-1acd-c258-fbb5b724b134" testName="ToDefaultValue_Passing_ValidInt_Returns_DefaultValue" computerName="PC-SFERRARI" duration="00:00:00.0002683" startTime="2021-01-09T13:00:07.8543750+00:00" endTime="2021-01-09T13:00:07.8548659+00:00" testType="13cdc9d9-ddb5-4fa4-a97d-d965ccfc6d4b" outcome="Passed" testListId="8c84fa94-04c1-424b-9868-57a2d4851a1d" relativeResultsDirectory="6efaaa18-43e0-4a16-9d92-c32a3bafd851" />
    <UnitTestResult executionId="b5a363e5-d3cc-4806-9cb3-21f252eb2458" testId="1dab5b85-21d2-af6f-92e5-af8126f0e2fb" testName="ToIsNameThrow_Passing_InvalidValue_Returns_ApplicationExceptionWithMessage" computerName="PC-SFERRARI" duration="00:00:00.0034125" startTime="2021-01-09T13:00:06.0019422+00:00" endTime="2021-01-09T13:00:06.0054599+00:00" testType="13cdc9d9-ddb5-4fa4-a97d-d965ccfc6d4b" outcome="Passed" testListId="8c84fa94-04c1-424b-9868-57a2d4851a1d" relativeResultsDirectory="b5a363e5-d3cc-4806-9cb3-21f252eb2458" />
    <UnitTestResult executionId="fa574d2d-4a9e-4057-ac3d-09cd6d616438" testId="fe683836-27ec-729e-5fe1-a9c2674a6d87" testName="IsRegexMatch_Passing_InvalidArguments_Returns_HasErrorsAndCount" computerName="PC-SFERRARI" duration="00:00:00.0003208" startTime="2021-01-09T13:00:06.0696290+00:00" endTime="2021-01-09T13:00:06.0700955+00:00" testType="13cdc9d9-ddb5-4fa4-a97d-d965ccfc6d4b" outcome="Passed" testListId="8c84fa94-04c1-424b-9868-57a2d4851a1d" relativeResultsDirectory="fa574d2d-4a9e-4057-ac3d-09cd6d616438" />
    <UnitTestResult executionId="ceeb1c51-57d0-4c89-a9a0-e1cea08319e9" testId="760ae14b-6c0d-0288-811d-408b67937415" testName="ToServiceMatchingInterface_Passing_Empties_Assemblies_Returns_ApplicationException" computerName="PC-SFERRARI" duration="00:00:00.0018554" startTime="2021-01-09T13:00:06.2604375+00:00" endTime="2021-01-09T13:00:06.2623722+00:00" testType="13cdc9d9-ddb5-4fa4-a97d-d965ccfc6d4b" outcome="Passed" testListId="8c84fa94-04c1-424b-9868-57a2d4851a1d" relativeResultsDirectory="ceeb1c51-57d0-4c89-a9a0-e1cea08319e9" />
    <UnitTestResult executionId="49435073-b45b-4542-8996-9bd0c00e007d" testId="297c060d-406b-f933-91fe-dfd3459b8ace" testName="ToIsNullOrEmpty_Passing_InvalidValue_Returns_True" computerName="PC-SFERRARI" duration="00:00:00.0001622" startTime="2021-01-09T13:00:06.0087873+00:00" endTime="2021-01-09T13:00:06.0090849+00:00" testType="13cdc9d9-ddb5-4fa4-a97d-d965ccfc6d4b" outcome="Passed" testListId="8c84fa94-04c1-424b-9868-57a2d4851a1d" relativeResultsDirectory="49435073-b45b-4542-8996-9bd0c00e007d" />
    <UnitTestResult executionId="32d06c6c-c82a-489b-850f-cb8590d21dfe" testId="def94964-1ba4-f78f-2dac-38055bb04256" testName="ToIsEmailThrow_Passing_InvalidValue_Returns_ApplicationExceptionWithMessage" computerName="PC-SFERRARI" duration="00:00:00.0072642" startTime="2021-01-09T13:00:05.9821868+00:00" endTime="2021-01-09T13:00:05.9902255+00:00" testType="13cdc9d9-ddb5-4fa4-a97d-d965ccfc6d4b" outcome="Passed" testListId="8c84fa94-04c1-424b-9868-57a2d4851a1d" relativeResultsDirectory="32d06c6c-c82a-489b-850f-cb8590d21dfe" resultType="DataDrivenTest">
      <InnerResults>
        <UnitTestResult executionId="8548483e-81ef-43c0-8834-78f7790d9ac9" parentExecutionId="32d06c6c-c82a-489b-850f-cb8590d21dfe" testId="def94964-1ba4-f78f-2dac-38055bb04256" testName="ToIsEmailThrow_Passing_InvalidValue_Returns_ApplicationExceptionWithMessage (dasdasd@dsasd.._ff)" computerName="PC-SFERRARI" duration="00:00:00.0049418" startTime="2021-01-09T13:00:05.9821868+00:00" endTime="2021-01-09T13:00:05.9902255+00:00" testType="13cdc9d9-ddb5-4fa4-a97d-d965ccfc6d4b" outcome="Passed" testListId="8c84fa94-04c1-424b-9868-57a2d4851a1d" relativeResultsDirectory="8548483e-81ef-43c0-8834-78f7790d9ac9" dataRowInfo="1" resultType="DataDrivenDataRow" />
        <UnitTestResult executionId="4f348a83-f506-4768-934a-53b40b5af30d" parentExecutionId="32d06c6c-c82a-489b-850f-cb8590d21dfe" testId="def94964-1ba4-f78f-2dac-38055bb04256" testName="ToIsEmailThrow_Passing_InvalidValue_Returns_ApplicationExceptionWithMessage (34fsds@@sdd.f)" computerName="PC-SFERRARI" duration="00:00:00.0000701" startTime="2021-01-09T13:00:05.9821868+00:00" endTime="2021-01-09T13:00:05.9902255+00:00" testType="13cdc9d9-ddb5-4fa4-a97d-d965ccfc6d4b" outcome="Passed" testListId="8c84fa94-04c1-424b-9868-57a2d4851a1d" relativeResultsDirectory="4f348a83-f506-4768-934a-53b40b5af30d" dataRowInfo="2" resultType="DataDrivenDataRow" />
        <UnitTestResult executionId="73143830-43ae-4887-b97b-4c6d71545035" parentExecutionId="32d06c6c-c82a-489b-850f-cb8590d21dfe" testId="def94964-1ba4-f78f-2dac-38055bb04256" testName="ToIsEmailThrow_Passing_InvalidValue_Returns_ApplicationExceptionWithMessage ()" computerName="PC-SFERRARI" duration="00:00:00.0000319" startTime="2021-01-09T13:00:05.9821868+00:00" endTime="2021-01-09T13:00:05.9902255+00:00" testType="13cdc9d9-ddb5-4fa4-a97d-d965ccfc6d4b" outcome="Passed" testListId="8c84fa94-04c1-424b-9868-57a2d4851a1d" relativeResultsDirectory="73143830-43ae-4887-b97b-4c6d71545035" dataRowInfo="3" resultType="DataDrivenDataRow" />
        <UnitTestResult executionId="c73d52b6-5ea9-43dd-a978-5ac6b5778651" parentExecutionId="32d06c6c-c82a-489b-850f-cb8590d21dfe" testId="def94964-1ba4-f78f-2dac-38055bb04256" testName="ToIsEmailThrow_Passing_InvalidValue_Returns_ApplicationExceptionWithMessage ()" computerName="PC-SFERRARI" duration="00:00:00.0000249" startTime="2021-01-09T13:00:05.9821868+00:00" endTime="2021-01-09T13:00:05.9902255+00:00" testType="13cdc9d9-ddb5-4fa4-a97d-d965ccfc6d4b" outcome="Passed" testListId="8c84fa94-04c1-424b-9868-57a2d4851a1d" relativeResultsDirectory="c73d52b6-5ea9-43dd-a978-5ac6b5778651" dataRowInfo="4" resultType="DataDrivenDataRow" />
        <UnitTestResult executionId="de5f7ab7-be7f-4837-9ffb-e01c07a292a7" parentExecutionId="32d06c6c-c82a-489b-850f-cb8590d21dfe" testId="def94964-1ba4-f78f-2dac-38055bb04256" testName="ToIsEmailThrow_Passing_InvalidValue_Returns_ApplicationExceptionWithMessage (34?fsds@sdd.yy)" computerName="PC-SFERRARI" duration="00:00:00.0000325" startTime="2021-01-09T13:00:05.9821868+00:00" endTime="2021-01-09T13:00:05.9902255+00:00" testType="13cdc9d9-ddb5-4fa4-a97d-d965ccfc6d4b" outcome="Passed" testListId="8c84fa94-04c1-424b-9868-57a2d4851a1d" relativeResultsDirectory="de5f7ab7-be7f-4837-9ffb-e01c07a292a7" dataRowInfo="5" resultType="DataDrivenDataRow" />
      </InnerResults>
    </UnitTestResult>
    <UnitTestResult executionId="c16c6cdb-4e8b-4637-964b-dc56a39ba552" testId="504465b7-a3fe-9023-93b9-ffece1903418" testName="ToEnvironment_ServiceCollection_Passing_Staging_Enviroment_Returns_Staging_Name" computerName="PC-SFERRARI" duration="00:00:00.0003606" startTime="2021-01-09T13:00:06.2586717+00:00" endTime="2021-01-09T13:00:06.2590975+00:00" testType="13cdc9d9-ddb5-4fa4-a97d-d965ccfc6d4b" outcome="Passed" testListId="8c84fa94-04c1-424b-9868-57a2d4851a1d" relativeResultsDirectory="c16c6cdb-4e8b-4637-964b-dc56a39ba552" />
    <UnitTestResult executionId="10da1a57-f429-46f3-be8d-2b9544e8715b" testId="0ee8121e-b492-a57d-d072-de988a4e30f8" testName="ToMapNew_Passing_TDestination_Returns_New_Destination_Object" computerName="PC-SFERRARI" duration="00:00:00.0060240" startTime="2021-01-09T13:00:05.7309156+00:00" endTime="2021-01-09T13:00:05.7370777+00:00" testType="13cdc9d9-ddb5-4fa4-a97d-d965ccfc6d4b" outcome="Passed" testListId="8c84fa94-04c1-424b-9868-57a2d4851a1d" relativeResultsDirectory="10da1a57-f429-46f3-be8d-2b9544e8715b" />
    <UnitTestResult executionId="02983cad-f758-4226-9d9d-69614da6c793" testId="056700a7-2506-75ed-a80a-ddf2ddb5d2a8" testName="IsUppercase_Passing_ValidArguments_Returns_HasErrorsAndCount" computerName="PC-SFERRARI" duration="00:00:00.0001586" startTime="2021-01-09T13:00:06.0761385+00:00" endTime="2021-01-09T13:00:06.0763943+00:00" testType="13cdc9d9-ddb5-4fa4-a97d-d965ccfc6d4b" outcome="Passed" testListId="8c84fa94-04c1-424b-9868-57a2d4851a1d" relativeResultsDirectory="02983cad-f758-4226-9d9d-69614da6c793" />
    <UnitTestResult executionId="6558227b-333f-45d6-a1eb-298c8f3ad89c" testId="006d3c07-11d3-9f4b-c045-6799df52bbfb" testName="IsLowercase_Passing_ValidArguments_Returns_HasErrorsAndCount" computerName="PC-SFERRARI" duration="00:00:00.0001493" startTime="2021-01-09T13:00:06.0576213+00:00" endTime="2021-01-09T13:00:06.0578408+00:00" testType="13cdc9d9-ddb5-4fa4-a97d-d965ccfc6d4b" outcome="Passed" testListId="8c84fa94-04c1-424b-9868-57a2d4851a1d" relativeResultsDirectory="6558227b-333f-45d6-a1eb-298c8f3ad89c" />
    <UnitTestResult executionId="9dc86032-2584-430d-8311-01977c6cc53b" testId="bb347f18-44ab-0d77-d5bd-a671e4c37650" testName="ToRemove_Passing_ValidValue_Returns_ValueWithoutRemovedChars" computerName="PC-SFERRARI" duration="00:00:00.0010834" startTime="2021-01-09T13:00:07.0798935+00:00" endTime="2021-01-09T13:00:07.0812586+00:00" testType="13cdc9d9-ddb5-4fa4-a97d-d965ccfc6d4b" outcome="Passed" testListId="8c84fa94-04c1-424b-9868-57a2d4851a1d" relativeResultsDirectory="9dc86032-2584-430d-8311-01977c6cc53b" resultType="DataDrivenTest">
      <InnerResults>
        <UnitTestResult executionId="45598230-7ef5-4aa8-9063-ec3aaae7d62b" parentExecutionId="9dc86032-2584-430d-8311-01977c6cc53b" testId="bb347f18-44ab-0d77-d5bd-a671e4c37650" testName="ToRemove_Passing_ValidValue_Returns_ValueWithoutRemovedChars ( *, ,*)" computerName="PC-SFERRARI" duration="00:00:00.0006646" startTime="2021-01-09T13:00:07.0798935+00:00" endTime="2021-01-09T13:00:07.0812586+00:00" testType="13cdc9d9-ddb5-4fa4-a97d-d965ccfc6d4b" outcome="Passed" testListId="8c84fa94-04c1-424b-9868-57a2d4851a1d" relativeResultsDirectory="45598230-7ef5-4aa8-9063-ec3aaae7d62b" dataRowInfo="1" resultType="DataDrivenDataRow" />
        <UnitTestResult executionId="dcd839df-f659-494a-b463-2df6bca5259b" parentExecutionId="9dc86032-2584-430d-8311-01977c6cc53b" testId="bb347f18-44ab-0d77-d5bd-a671e4c37650" testName="ToRemove_Passing_ValidValue_Returns_ValueWithoutRemovedChars (* , ,*)" computerName="PC-SFERRARI" duration="00:00:00.0000188" startTime="2021-01-09T13:00:07.0798935+00:00" endTime="2021-01-09T13:00:07.0812586+00:00" testType="13cdc9d9-ddb5-4fa4-a97d-d965ccfc6d4b" outcome="Passed" testListId="8c84fa94-04c1-424b-9868-57a2d4851a1d" relativeResultsDirectory="dcd839df-f659-494a-b463-2df6bca5259b" dataRowInfo="2" resultType="DataDrivenDataRow" />
        <UnitTestResult executionId="b5b8cf04-f7de-404b-b05b-f23199e488e0" parentExecutionId="9dc86032-2584-430d-8311-01977c6cc53b" testId="bb347f18-44ab-0d77-d5bd-a671e4c37650" testName="ToRemove_Passing_ValidValue_Returns_ValueWithoutRemovedChars ( * , ,*)" computerName="PC-SFERRARI" duration="00:00:00.0000105" startTime="2021-01-09T13:00:07.0798935+00:00" endTime="2021-01-09T13:00:07.0812586+00:00" testType="13cdc9d9-ddb5-4fa4-a97d-d965ccfc6d4b" outcome="Passed" testListId="8c84fa94-04c1-424b-9868-57a2d4851a1d" relativeResultsDirectory="b5b8cf04-f7de-404b-b05b-f23199e488e0" dataRowInfo="3" resultType="DataDrivenDataRow" />
        <UnitTestResult executionId="5d541989-d259-416c-8d99-f5e3356ff6a7" parentExecutionId="9dc86032-2584-430d-8311-01977c6cc53b" testId="bb347f18-44ab-0d77-d5bd-a671e4c37650" testName="ToRemove_Passing_ValidValue_Returns_ValueWithoutRemovedChars (hello hello, ,hellohello)" computerName="PC-SFERRARI" duration="00:00:00.0000085" startTime="2021-01-09T13:00:07.0798935+00:00" endTime="2021-01-09T13:00:07.0812586+00:00" testType="13cdc9d9-ddb5-4fa4-a97d-d965ccfc6d4b" outcome="Passed" testListId="8c84fa94-04c1-424b-9868-57a2d4851a1d" relativeResultsDirectory="5d541989-d259-416c-8d99-f5e3356ff6a7" dataRowInfo="4" resultType="DataDrivenDataRow" />
        <UnitTestResult executionId="467a46fd-2b3c-4657-9837-144c468c8b40" parentExecutionId="9dc86032-2584-430d-8311-01977c6cc53b" testId="bb347f18-44ab-0d77-d5bd-a671e4c37650" testName="ToRemove_Passing_ValidValue_Returns_ValueWithoutRemovedChars (hello hello , ,hellohello)" computerName="PC-SFERRARI" duration="00:00:00.0000087" startTime="2021-01-09T13:00:07.0798935+00:00" endTime="2021-01-09T13:00:07.0812586+00:00" testType="13cdc9d9-ddb5-4fa4-a97d-d965ccfc6d4b" outcome="Passed" testListId="8c84fa94-04c1-424b-9868-57a2d4851a1d" relativeResultsDirectory="467a46fd-2b3c-4657-9837-144c468c8b40" dataRowInfo="5" resultType="DataDrivenDataRow" />
        <UnitTestResult executionId="d6ce1947-03bc-47ea-a573-27a50cbe0060" parentExecutionId="9dc86032-2584-430d-8311-01977c6cc53b" testId="bb347f18-44ab-0d77-d5bd-a671e4c37650" testName="ToRemove_Passing_ValidValue_Returns_ValueWithoutRemovedChars ( hello hello , ,hellohello)" computerName="PC-SFERRARI" duration="00:00:00.0000098" startTime="2021-01-09T13:00:07.0798935+00:00" endTime="2021-01-09T13:00:07.0812586+00:00" testType="13cdc9d9-ddb5-4fa4-a97d-d965ccfc6d4b" outcome="Passed" testListId="8c84fa94-04c1-424b-9868-57a2d4851a1d" relativeResultsDirectory="d6ce1947-03bc-47ea-a573-27a50cbe0060" dataRowInfo="6" resultType="DataDrivenDataRow" />
        <UnitTestResult executionId="41921704-48cf-43fd-b6c1-0b0ae47f80c4" parentExecutionId="9dc86032-2584-430d-8311-01977c6cc53b" testId="bb347f18-44ab-0d77-d5bd-a671e4c37650" testName="ToRemove_Passing_ValidValue_Returns_ValueWithoutRemovedChars (aeiou,a,eiou)" computerName="PC-SFERRARI" duration="00:00:00.0000077" startTime="2021-01-09T13:00:07.0798935+00:00" endTime="2021-01-09T13:00:07.0812586+00:00" testType="13cdc9d9-ddb5-4fa4-a97d-d965ccfc6d4b" outcome="Passed" testListId="8c84fa94-04c1-424b-9868-57a2d4851a1d" relativeResultsDirectory="41921704-48cf-43fd-b6c1-0b0ae47f80c4" dataRowInfo="7" resultType="DataDrivenDataRow" />
        <UnitTestResult executionId="406e43c2-abd4-401a-9a48-e5569b0c9325" parentExecutionId="9dc86032-2584-430d-8311-01977c6cc53b" testId="bb347f18-44ab-0d77-d5bd-a671e4c37650" testName="ToRemove_Passing_ValidValue_Returns_ValueWithoutRemovedChars (aeiou,ae,iou)" computerName="PC-SFERRARI" duration="00:00:00.0000085" startTime="2021-01-09T13:00:07.0798935+00:00" endTime="2021-01-09T13:00:07.0812586+00:00" testType="13cdc9d9-ddb5-4fa4-a97d-d965ccfc6d4b" outcome="Passed" testListId="8c84fa94-04c1-424b-9868-57a2d4851a1d" relativeResultsDirectory="406e43c2-abd4-401a-9a48-e5569b0c9325" dataRowInfo="8" resultType="DataDrivenDataRow" />
        <UnitTestResult executionId="07def100-0290-49df-8add-685e3f4fc826" parentExecutionId="9dc86032-2584-430d-8311-01977c6cc53b" testId="bb347f18-44ab-0d77-d5bd-a671e4c37650" testName="ToRemove_Passing_ValidValue_Returns_ValueWithoutRemovedChars (aeiou,aei,ou)" computerName="PC-SFERRARI" duration="00:00:00.0000083" startTime="2021-01-09T13:00:07.0798935+00:00" endTime="2021-01-09T13:00:07.0812586+00:00" testType="13cdc9d9-ddb5-4fa4-a97d-d965ccfc6d4b" outcome="Passed" testListId="8c84fa94-04c1-424b-9868-57a2d4851a1d" relativeResultsDirectory="07def100-0290-49df-8add-685e3f4fc826" dataRowInfo="9" resultType="DataDrivenDataRow" />
        <UnitTestResult executionId="34af228a-b066-428f-bf2e-2ea964c09483" parentExecutionId="9dc86032-2584-430d-8311-01977c6cc53b" testId="bb347f18-44ab-0d77-d5bd-a671e4c37650" testName="ToRemove_Passing_ValidValue_Returns_ValueWithoutRemovedChars (aeiou,aeio,u)" computerName="PC-SFERRARI" duration="00:00:00.0000198" startTime="2021-01-09T13:00:07.0798935+00:00" endTime="2021-01-09T13:00:07.0812586+00:00" testType="13cdc9d9-ddb5-4fa4-a97d-d965ccfc6d4b" outcome="Passed" testListId="8c84fa94-04c1-424b-9868-57a2d4851a1d" relativeResultsDirectory="34af228a-b066-428f-bf2e-2ea964c09483" dataRowInfo="10" resultType="DataDrivenDataRow" />
        <UnitTestResult executionId="8c58efa3-51a3-40b4-8ab7-b64b74a4fd80" parentExecutionId="9dc86032-2584-430d-8311-01977c6cc53b" testId="bb347f18-44ab-0d77-d5bd-a671e4c37650" testName="ToRemove_Passing_ValidValue_Returns_ValueWithoutRemovedChars (aeiou,aeiou,)" computerName="PC-SFERRARI" duration="00:00:00.0000085" startTime="2021-01-09T13:00:07.0798935+00:00" endTime="2021-01-09T13:00:07.0812586+00:00" testType="13cdc9d9-ddb5-4fa4-a97d-d965ccfc6d4b" outcome="Passed" testListId="8c84fa94-04c1-424b-9868-57a2d4851a1d" relativeResultsDirectory="8c58efa3-51a3-40b4-8ab7-b64b74a4fd80" dataRowInfo="11" resultType="DataDrivenDataRow" />
        <UnitTestResult executionId="2e0bf6cf-fefe-454b-840b-ae0abedc1b02" parentExecutionId="9dc86032-2584-430d-8311-01977c6cc53b" testId="bb347f18-44ab-0d77-d5bd-a671e4c37650" testName="ToRemove_Passing_ValidValue_Returns_ValueWithoutRemovedChars (aeiou,e,aiou)" computerName="PC-SFERRARI" duration="00:00:00.0000092" startTime="2021-01-09T13:00:07.0798935+00:00" endTime="2021-01-09T13:00:07.0812586+00:00" testType="13cdc9d9-ddb5-4fa4-a97d-d965ccfc6d4b" outcome="Passed" testListId="8c84fa94-04c1-424b-9868-57a2d4851a1d" relativeResultsDirectory="2e0bf6cf-fefe-454b-840b-ae0abedc1b02" dataRowInfo="12" resultType="DataDrivenDataRow" />
        <UnitTestResult executionId="a5e1ebe8-831c-4c1d-9981-cf364f157e25" parentExecutionId="9dc86032-2584-430d-8311-01977c6cc53b" testId="bb347f18-44ab-0d77-d5bd-a671e4c37650" testName="ToRemove_Passing_ValidValue_Returns_ValueWithoutRemovedChars (aeiou,ei,aou)" computerName="PC-SFERRARI" duration="00:00:00.0000071" startTime="2021-01-09T13:00:07.0798935+00:00" endTime="2021-01-09T13:00:07.0812586+00:00" testType="13cdc9d9-ddb5-4fa4-a97d-d965ccfc6d4b" outcome="Passed" testListId="8c84fa94-04c1-424b-9868-57a2d4851a1d" relativeResultsDirectory="a5e1ebe8-831c-4c1d-9981-cf364f157e25" dataRowInfo="13" resultType="DataDrivenDataRow" />
      </InnerResults>
    </UnitTestResult>
    <UnitTestResult executionId="f9ab340a-338f-4bb1-9f67-1263b7d9fd48" testId="c30c24fa-9dc6-1db9-fc63-cb77f851732c" testName="ResultErrorData_WithTitle_WithStatusCode_WithDetails_WithExceptionType_WithMessages_WithErrors" computerName="PC-SFERRARI" duration="00:00:00.0263935" startTime="2021-01-09T13:00:06.8031257+00:00" endTime="2021-01-09T13:00:06.8296974+00:00" testType="13cdc9d9-ddb5-4fa4-a97d-d965ccfc6d4b" outcome="Passed" testListId="8c84fa94-04c1-424b-9868-57a2d4851a1d" relativeResultsDirectory="f9ab340a-338f-4bb1-9f67-1263b7d9fd48" />
    <UnitTestResult executionId="cb8da7db-27d8-4863-b36f-4bf5dbc31b54" testId="5c861184-f295-e727-0fd4-d218f13da14d" testName="ToConfiguration_Passing_Empty_DirectoryPath_Returns_ApplicationException" computerName="PC-SFERRARI" duration="00:00:00.0070270" startTime="2021-01-09T13:00:06.1880841+00:00" endTime="2021-01-09T13:00:06.1953888+00:00" testType="13cdc9d9-ddb5-4fa4-a97d-d965ccfc6d4b" outcome="Passed" testListId="8c84fa94-04c1-424b-9868-57a2d4851a1d" relativeResultsDirectory="cb8da7db-27d8-4863-b36f-4bf5dbc31b54" />
    <UnitTestResult executionId="08be1876-76a5-4cd6-8a26-027df54b2724" testId="8dccdb77-e6a8-58c6-9bd0-108f87c5ff65" testName="ToAuthenticationType_Passing_Null_ClaimsPrincipal_Returns_ApplicationException" computerName="PC-SFERRARI" duration="00:00:00.0030077" startTime="2021-01-09T13:00:06.1282345+00:00" endTime="2021-01-09T13:00:06.1314274+00:00" testType="13cdc9d9-ddb5-4fa4-a97d-d965ccfc6d4b" outcome="Passed" testListId="8c84fa94-04c1-424b-9868-57a2d4851a1d" relativeResultsDirectory="08be1876-76a5-4cd6-8a26-027df54b2724" />
    <UnitTestResult executionId="722aad9b-427c-436a-8e4f-29b59b1e5f09" testId="13bab721-bf36-ea1b-3f50-9937b274e83a" testName="ToTryGetHeader_Passing_HttpRequest_Header_Value_Returns_Value" computerName="PC-SFERRARI" duration="00:00:00.0008353" startTime="2021-01-09T13:00:06.6055413+00:00" endTime="2021-01-09T13:00:06.6065534+00:00" testType="13cdc9d9-ddb5-4fa4-a97d-d965ccfc6d4b" outcome="Passed" testListId="8c84fa94-04c1-424b-9868-57a2d4851a1d" relativeResultsDirectory="722aad9b-427c-436a-8e4f-29b59b1e5f09" />
    <UnitTestResult executionId="3da0cc72-6763-44d4-a853-7310f3a18173" testId="9e36eef1-cde7-a509-c95d-2249b6b02dbb" testName="ToIsDirectoryThrow_Passing_InvalidValue_Returns_ApplicationExceptionWithMessage" computerName="PC-SFERRARI" duration="00:00:00.0016281" startTime="2021-01-09T13:00:05.9802373+00:00" endTime="2021-01-09T13:00:05.9821443+00:00" testType="13cdc9d9-ddb5-4fa4-a97d-d965ccfc6d4b" outcome="Passed" testListId="8c84fa94-04c1-424b-9868-57a2d4851a1d" relativeResultsDirectory="3da0cc72-6763-44d4-a853-7310f3a18173" />
    <UnitTestResult executionId="18b99d20-4afc-4890-86d5-915ef9a56694" testId="e1a72c94-958d-7abb-4a96-4b60b12f8157" testName="ToFullMessage_Passing_ExceptionWithMessageWithInnerException_Returns_Full_Message" computerName="PC-SFERRARI" duration="00:00:00.0058665" startTime="2021-01-09T13:00:06.3808974+00:00" endTime="2021-01-09T13:00:06.3871179+00:00" testType="13cdc9d9-ddb5-4fa4-a97d-d965ccfc6d4b" outcome="Passed" testListId="8c84fa94-04c1-424b-9868-57a2d4851a1d" relativeResultsDirectory="18b99d20-4afc-4890-86d5-915ef9a56694" />
    <UnitTestResult executionId="2f9b21ac-3d70-4fa4-808d-0d3b2a4c0ad9" testId="1c5fe271-1e90-52f5-1f31-436b17e57702" testName="IsGreater_Passing_InvalidArguments_Returns_HasErrorsAndCount" computerName="PC-SFERRARI" duration="00:00:00.0076669" startTime="2021-01-09T13:00:06.0420843+00:00" endTime="2021-01-09T13:00:06.0498413+00:00" testType="13cdc9d9-ddb5-4fa4-a97d-d965ccfc6d4b" outcome="Passed" testListId="8c84fa94-04c1-424b-9868-57a2d4851a1d" relativeResultsDirectory="2f9b21ac-3d70-4fa4-808d-0d3b2a4c0ad9" />
    <UnitTestResult executionId="412a0854-d3b5-42c7-ac60-489c6026b48f" testId="845c887e-a785-555d-db89-1c2975a33bbb" testName="ToServiceMatchingInterface_Passing_Valid_Assembly_Returns_Service" computerName="PC-SFERRARI" duration="00:00:00.0246887" startTime="2021-01-09T13:00:06.2650552+00:00" endTime="2021-01-09T13:00:06.2899517+00:00" testType="13cdc9d9-ddb5-4fa4-a97d-d965ccfc6d4b" outcome="Passed" testListId="8c84fa94-04c1-424b-9868-57a2d4851a1d" relativeResultsDirectory="412a0854-d3b5-42c7-ac60-489c6026b48f" />
    <UnitTestResult executionId="d5ddb727-95f2-409c-bc86-575795b4b024" testId="43c10c64-8836-30db-afbe-d1657a7dd9d8" testName="ToHeader_Passing_HttpRequest_Header_Many_Values_Returns_Values" computerName="PC-SFERRARI" duration="00:00:00.0640634" startTime="2021-01-09T13:00:06.5241243+00:00" endTime="2021-01-09T13:00:06.5898037+00:00" testType="13cdc9d9-ddb5-4fa4-a97d-d965ccfc6d4b" outcome="Passed" testListId="8c84fa94-04c1-424b-9868-57a2d4851a1d" relativeResultsDirectory="d5ddb727-95f2-409c-bc86-575795b4b024" />
    <UnitTestResult executionId="6d655b85-48dd-4706-939c-317872050093" testId="f2debf4a-2a42-7b0b-1005-8f74a6fc63cb" testName="IsSubdomain_Passing_InvalidArguments_Returns_HasErrorsAndCount" computerName="PC-SFERRARI" duration="00:00:00.0002541" startTime="2021-01-09T13:00:06.0701386+00:00" endTime="2021-01-09T13:00:06.0705201+00:00" testType="13cdc9d9-ddb5-4fa4-a97d-d965ccfc6d4b" outcome="Passed" testListId="8c84fa94-04c1-424b-9868-57a2d4851a1d" relativeResultsDirectory="6d655b85-48dd-4706-939c-317872050093" />
    <UnitTestResult executionId="07437a9f-2d99-432b-9888-de35b084ee6b" testId="74c0befe-cdb2-1fdf-be71-2a39199bb5c9" testName="ToService_Passing_Service_Not_Found_Returns_ApplicationException" computerName="PC-SFERRARI" duration="00:00:00.0006056" startTime="2021-01-09T13:00:05.9527306+00:00" endTime="2021-01-09T13:00:05.9535159+00:00" testType="13cdc9d9-ddb5-4fa4-a97d-d965ccfc6d4b" outcome="Passed" testListId="8c84fa94-04c1-424b-9868-57a2d4851a1d" relativeResultsDirectory="07437a9f-2d99-432b-9888-de35b084ee6b" />
    <UnitTestResult executionId="0544d63e-e7e5-412b-8eeb-8f98e1cc42b8" testId="0c633595-70e8-b011-5a46-c9c7e1687cb9" testName="ToGet_Passing_Claims_Returns_Claim_Value_String" computerName="PC-SFERRARI" duration="00:00:00.0006763" startTime="2021-01-09T13:00:06.1763743+00:00" endTime="2021-01-09T13:00:06.1771796+00:00" testType="13cdc9d9-ddb5-4fa4-a97d-d965ccfc6d4b" outcome="Passed" testListId="8c84fa94-04c1-424b-9868-57a2d4851a1d" relativeResultsDirectory="0544d63e-e7e5-412b-8eeb-8f98e1cc42b8" />
    <UnitTestResult executionId="962d9ee0-05b1-4207-9383-96b364c2d957" testId="98331ff8-6ed1-e7ba-c8dd-be5bd5b6cb2c" testName="ToEmailMask_Passing_ValidEmail_Returns_EmailWithMask" computerName="PC-SFERRARI" duration="00:00:00.0034678" startTime="2021-01-09T13:00:06.9796786+00:00" endTime="2021-01-09T13:00:06.9832905+00:00" testType="13cdc9d9-ddb5-4fa4-a97d-d965ccfc6d4b" outcome="Passed" testListId="8c84fa94-04c1-424b-9868-57a2d4851a1d" relativeResultsDirectory="962d9ee0-05b1-4207-9383-96b364c2d957" resultType="DataDrivenTest">
      <InnerResults>
        <UnitTestResult executionId="5cb2cd1c-7464-4963-9ceb-83f2fe159861" parentExecutionId="962d9ee0-05b1-4207-9383-96b364c2d957" testId="98331ff8-6ed1-e7ba-c8dd-be5bd5b6cb2c" testName="ToEmailMask_Passing_ValidEmail_Returns_EmailWithMask (qaz@gmail.com,q-z@g----.com)" computerName="PC-SFERRARI" duration="00:00:00.0031946" startTime="2021-01-09T13:00:06.9796786+00:00" endTime="2021-01-09T13:00:06.9832905+00:00" testType="13cdc9d9-ddb5-4fa4-a97d-d965ccfc6d4b" outcome="Passed" testListId="8c84fa94-04c1-424b-9868-57a2d4851a1d" relativeResultsDirectory="5cb2cd1c-7464-4963-9ceb-83f2fe159861" dataRowInfo="1" resultType="DataDrivenDataRow" />
        <UnitTestResult executionId="47a2b7c7-31b0-47d2-8090-5fc3262b79ab" parentExecutionId="962d9ee0-05b1-4207-9383-96b364c2d957" testId="98331ff8-6ed1-e7ba-c8dd-be5bd5b6cb2c" testName="ToEmailMask_Passing_ValidEmail_Returns_EmailWithMask (qazwsx@gmail.com,q----x@g----.com)" computerName="PC-SFERRARI" duration="00:00:00.0000280" startTime="2021-01-09T13:00:06.9796786+00:00" endTime="2021-01-09T13:00:06.9832905+00:00" testType="13cdc9d9-ddb5-4fa4-a97d-d965ccfc6d4b" outcome="Passed" testListId="8c84fa94-04c1-424b-9868-57a2d4851a1d" relativeResultsDirectory="47a2b7c7-31b0-47d2-8090-5fc3262b79ab" dataRowInfo="2" resultType="DataDrivenDataRow" />
        <UnitTestResult executionId="e1165318-9a69-4977-a64e-1ab6319d6a0d" parentExecutionId="962d9ee0-05b1-4207-9383-96b364c2d957" testId="98331ff8-6ed1-e7ba-c8dd-be5bd5b6cb2c" testName="ToEmailMask_Passing_ValidEmail_Returns_EmailWithMask (qazwsxedc@gmail.com,q-------c@g----.com)" computerName="PC-SFERRARI" duration="00:00:00.0000172" startTime="2021-01-09T13:00:06.9796786+00:00" endTime="2021-01-09T13:00:06.9832905+00:00" testType="13cdc9d9-ddb5-4fa4-a97d-d965ccfc6d4b" outcome="Passed" testListId="8c84fa94-04c1-424b-9868-57a2d4851a1d" relativeResultsDirectory="e1165318-9a69-4977-a64e-1ab6319d6a0d" dataRowInfo="3" resultType="DataDrivenDataRow" />
        <UnitTestResult executionId="c95796e4-6076-4780-8f7d-3184ebe3a500" parentExecutionId="962d9ee0-05b1-4207-9383-96b364c2d957" testId="98331ff8-6ed1-e7ba-c8dd-be5bd5b6cb2c" testName="ToEmailMask_Passing_ValidEmail_Returns_EmailWithMask (qaz@gmailgmail.com,q-z@g---------.com)" computerName="PC-SFERRARI" duration="00:00:00.0000175" startTime="2021-01-09T13:00:06.9796786+00:00" endTime="2021-01-09T13:00:06.9832905+00:00" testType="13cdc9d9-ddb5-4fa4-a97d-d965ccfc6d4b" outcome="Passed" testListId="8c84fa94-04c1-424b-9868-57a2d4851a1d" relativeResultsDirectory="c95796e4-6076-4780-8f7d-3184ebe3a500" dataRowInfo="4" resultType="DataDrivenDataRow" />
        <UnitTestResult executionId="a0aaa38d-bc06-4c2c-a36e-e5ed8fa6298f" parentExecutionId="962d9ee0-05b1-4207-9383-96b364c2d957" testId="98331ff8-6ed1-e7ba-c8dd-be5bd5b6cb2c" testName="ToEmailMask_Passing_ValidEmail_Returns_EmailWithMask (qazwsx@gmailgmail.com,q----x@g---------.com)" computerName="PC-SFERRARI" duration="00:00:00.0000186" startTime="2021-01-09T13:00:06.9796786+00:00" endTime="2021-01-09T13:00:06.9832905+00:00" testType="13cdc9d9-ddb5-4fa4-a97d-d965ccfc6d4b" outcome="Passed" testListId="8c84fa94-04c1-424b-9868-57a2d4851a1d" relativeResultsDirectory="a0aaa38d-bc06-4c2c-a36e-e5ed8fa6298f" dataRowInfo="5" resultType="DataDrivenDataRow" />
        <UnitTestResult executionId="7009e368-8118-4641-b5bc-8a5c1f4aea0c" parentExecutionId="962d9ee0-05b1-4207-9383-96b364c2d957" testId="98331ff8-6ed1-e7ba-c8dd-be5bd5b6cb2c" testName="ToEmailMask_Passing_ValidEmail_Returns_EmailWithMask (qazwsxedc@gmailgmail.com,q-------c@g---------.com)" computerName="PC-SFERRARI" duration="00:00:00.0000178" startTime="2021-01-09T13:00:06.9796786+00:00" endTime="2021-01-09T13:00:06.9832905+00:00" testType="13cdc9d9-ddb5-4fa4-a97d-d965ccfc6d4b" outcome="Passed" testListId="8c84fa94-04c1-424b-9868-57a2d4851a1d" relativeResultsDirectory="7009e368-8118-4641-b5bc-8a5c1f4aea0c" dataRowInfo="6" resultType="DataDrivenDataRow" />
      </InnerResults>
    </UnitTestResult>
    <UnitTestResult executionId="b8b9bbeb-fa10-4faf-9d57-4d8703064869" testId="e8138724-52f6-6999-ada4-cbc441f2cd15" testName="ToEmailMaskUserNameAndDomain_Passing_ValidEmail_Returns_EmailWithMask" computerName="PC-SFERRARI" duration="00:00:00.0005752" startTime="2021-01-09T13:00:06.9719483+00:00" endTime="2021-01-09T13:00:06.9727317+00:00" testType="13cdc9d9-ddb5-4fa4-a97d-d965ccfc6d4b" outcome="Passed" testListId="8c84fa94-04c1-424b-9868-57a2d4851a1d" relativeResultsDirectory="b8b9bbeb-fa10-4faf-9d57-4d8703064869" resultType="DataDrivenTest">
      <InnerResults>
        <UnitTestResult executionId="d025d13a-ed04-419d-835a-0fda79cb636e" parentExecutionId="b8b9bbeb-fa10-4faf-9d57-4d8703064869" testId="e8138724-52f6-6999-ada4-cbc441f2cd15" testName="ToEmailMaskUserNameAndDomain_Passing_ValidEmail_Returns_EmailWithMask (qaz@gmail.com,q*z@g***l.com)" computerName="PC-SFERRARI" duration="00:00:00.0003422" startTime="2021-01-09T13:00:06.9719483+00:00" endTime="2021-01-09T13:00:06.9727317+00:00" testType="13cdc9d9-ddb5-4fa4-a97d-d965ccfc6d4b" outcome="Passed" testListId="8c84fa94-04c1-424b-9868-57a2d4851a1d" relativeResultsDirectory="d025d13a-ed04-419d-835a-0fda79cb636e" dataRowInfo="1" resultType="DataDrivenDataRow" />
        <UnitTestResult executionId="e1b21408-7876-46ff-97f1-951990bd7a7d" parentExecutionId="b8b9bbeb-fa10-4faf-9d57-4d8703064869" testId="e8138724-52f6-6999-ada4-cbc441f2cd15" testName="ToEmailMaskUserNameAndDomain_Passing_ValidEmail_Returns_EmailWithMask (qazwsx@gmail.com,q****x@g***l.com)" computerName="PC-SFERRARI" duration="00:00:00.0000224" startTime="2021-01-09T13:00:06.9719483+00:00" endTime="2021-01-09T13:00:06.9727317+00:00" testType="13cdc9d9-ddb5-4fa4-a97d-d965ccfc6d4b" outcome="Passed" testListId="8c84fa94-04c1-424b-9868-57a2d4851a1d" relativeResultsDirectory="e1b21408-7876-46ff-97f1-951990bd7a7d" dataRowInfo="2" resultType="DataDrivenDataRow" />
        <UnitTestResult executionId="1ce64a81-6dee-4063-b76d-dde4fc1d8f39" parentExecutionId="b8b9bbeb-fa10-4faf-9d57-4d8703064869" testId="e8138724-52f6-6999-ada4-cbc441f2cd15" testName="ToEmailMaskUserNameAndDomain_Passing_ValidEmail_Returns_EmailWithMask (qazwsxedc@gmail.com,q*******c@g***l.com)" computerName="PC-SFERRARI" duration="00:00:00.0000174" startTime="2021-01-09T13:00:06.9719483+00:00" endTime="2021-01-09T13:00:06.9727317+00:00" testType="13cdc9d9-ddb5-4fa4-a97d-d965ccfc6d4b" outcome="Passed" testListId="8c84fa94-04c1-424b-9868-57a2d4851a1d" relativeResultsDirectory="1ce64a81-6dee-4063-b76d-dde4fc1d8f39" dataRowInfo="3" resultType="DataDrivenDataRow" />
        <UnitTestResult executionId="7173873e-4f7e-4dc3-b36d-62288f38b064" parentExecutionId="b8b9bbeb-fa10-4faf-9d57-4d8703064869" testId="e8138724-52f6-6999-ada4-cbc441f2cd15" testName="ToEmailMaskUserNameAndDomain_Passing_ValidEmail_Returns_EmailWithMask (qaz@gmailgmail.com,q*z@g********l.com)" computerName="PC-SFERRARI" duration="00:00:00.0000152" startTime="2021-01-09T13:00:06.9719483+00:00" endTime="2021-01-09T13:00:06.9727317+00:00" testType="13cdc9d9-ddb5-4fa4-a97d-d965ccfc6d4b" outcome="Passed" testListId="8c84fa94-04c1-424b-9868-57a2d4851a1d" relativeResultsDirectory="7173873e-4f7e-4dc3-b36d-62288f38b064" dataRowInfo="4" resultType="DataDrivenDataRow" />
        <UnitTestResult executionId="d050ecc0-7f08-4f3f-8146-d3e2bf002e7f" parentExecutionId="b8b9bbeb-fa10-4faf-9d57-4d8703064869" testId="e8138724-52f6-6999-ada4-cbc441f2cd15" testName="ToEmailMaskUserNameAndDomain_Passing_ValidEmail_Returns_EmailWithMask (qazwsx@gmailgmail.com,q****x@g********l.com)" computerName="PC-SFERRARI" duration="00:00:00.0000191" startTime="2021-01-09T13:00:06.9719483+00:00" endTime="2021-01-09T13:00:06.9727317+00:00" testType="13cdc9d9-ddb5-4fa4-a97d-d965ccfc6d4b" outcome="Passed" testListId="8c84fa94-04c1-424b-9868-57a2d4851a1d" relativeResultsDirectory="d050ecc0-7f08-4f3f-8146-d3e2bf002e7f" dataRowInfo="5" resultType="DataDrivenDataRow" />
        <UnitTestResult executionId="c18dd10a-1f9f-4b5e-a2a6-20d969c5f4e4" parentExecutionId="b8b9bbeb-fa10-4faf-9d57-4d8703064869" testId="e8138724-52f6-6999-ada4-cbc441f2cd15" testName="ToEmailMaskUserNameAndDomain_Passing_ValidEmail_Returns_EmailWithMask (qazwsxedc@gmailgmail.com,q*******c@g********l.com)" computerName="PC-SFERRARI" duration="00:00:00.0000201" startTime="2021-01-09T13:00:06.9719483+00:00" endTime="2021-01-09T13:00:06.9727317+00:00" testType="13cdc9d9-ddb5-4fa4-a97d-d965ccfc6d4b" outcome="Passed" testListId="8c84fa94-04c1-424b-9868-57a2d4851a1d" relativeResultsDirectory="c18dd10a-1f9f-4b5e-a2a6-20d969c5f4e4" dataRowInfo="6" resultType="DataDrivenDataRow" />
      </InnerResults>
    </UnitTestResult>
    <UnitTestResult executionId="a7bbcc8b-9b15-4035-9b61-600b88db27f5" testId="7f0aeefe-ba4a-5404-c6f8-82be67718cc4" testName="ToDirectoryDeleteFiles_Passing_ValidValue_Returns_DirectoryNoExists" computerName="PC-SFERRARI" duration="00:00:00.0287465" startTime="2021-01-09T13:00:06.8604202+00:00" endTime="2021-01-09T13:00:06.8893454+00:00" testType="13cdc9d9-ddb5-4fa4-a97d-d965ccfc6d4b" outcome="Passed" testListId="8c84fa94-04c1-424b-9868-57a2d4851a1d" relativeResultsDirectory="a7bbcc8b-9b15-4035-9b61-600b88db27f5" />
    <UnitTestResult executionId="bee7db54-7736-4a72-a804-aa90533ce0c5" testId="db5f34ff-df7c-44e5-6721-c319db8d6da0" testName="ToTryGetHeader_Passing_HttpRequest_Header_Many_Values_Returns_Values" computerName="PC-SFERRARI" duration="00:00:00.0009992" startTime="2021-01-09T13:00:06.6042293+00:00" endTime="2021-01-09T13:00:06.6054885+00:00" testType="13cdc9d9-ddb5-4fa4-a97d-d965ccfc6d4b" outcome="Passed" testListId="8c84fa94-04c1-424b-9868-57a2d4851a1d" relativeResultsDirectory="bee7db54-7736-4a72-a804-aa90533ce0c5" />
    <UnitTestResult executionId="dd15999e-e03f-4777-991a-ff5e5b5e0fce" testId="d5506b30-7041-6d90-bd03-bcd5b2479c40" testName="ToHashAlgorithmName_Passing_InvalidValueLowerCaseStringWithDefaultValue_Returns_DefaultValue" computerName="PC-SFERRARI" duration="00:00:00.0018437" startTime="2021-01-09T13:00:07.0175164+00:00" endTime="2021-01-09T13:00:07.0195013+00:00" testType="13cdc9d9-ddb5-4fa4-a97d-d965ccfc6d4b" outcome="Passed" testListId="8c84fa94-04c1-424b-9868-57a2d4851a1d" relativeResultsDirectory="dd15999e-e03f-4777-991a-ff5e5b5e0fce" resultType="DataDrivenTest">
      <InnerResults>
        <UnitTestResult executionId="1da49c00-d6ff-4dda-8333-f1c9b3b06e08" parentExecutionId="dd15999e-e03f-4777-991a-ff5e5b5e0fce" testId="d5506b30-7041-6d90-bd03-bcd5b2479c40" testName="ToHashAlgorithmName_Passing_InvalidValueLowerCaseStringWithDefaultValue_Returns_DefaultValue (md5)" computerName="PC-SFERRARI" duration="00:00:00.0016359" startTime="2021-01-09T13:00:07.0175164+00:00" endTime="2021-01-09T13:00:07.0195013+00:00" testType="13cdc9d9-ddb5-4fa4-a97d-d965ccfc6d4b" outcome="Passed" testListId="8c84fa94-04c1-424b-9868-57a2d4851a1d" relativeResultsDirectory="1da49c00-d6ff-4dda-8333-f1c9b3b06e08" dataRowInfo="1" resultType="DataDrivenDataRow" />
      </InnerResults>
    </UnitTestResult>
    <UnitTestResult executionId="eedc0343-cb86-4b08-8fca-40b23d319d04" testId="2aceb911-de9d-b2eb-c8db-f6b3f880216f" testName="ToService_Passing_Valid_Service_Returns_Service" computerName="PC-SFERRARI" duration="00:00:00.0005142" startTime="2021-01-09T13:00:05.9539207+00:00" endTime="2021-01-09T13:00:05.9545076+00:00" testType="13cdc9d9-ddb5-4fa4-a97d-d965ccfc6d4b" outcome="Passed" testListId="8c84fa94-04c1-424b-9868-57a2d4851a1d" relativeResultsDirectory="eedc0343-cb86-4b08-8fca-40b23d319d04" />
    <UnitTestResult executionId="3baa1036-e4f0-4c7d-8bf3-d84a05c2e671" testId="118e36ba-6572-1245-e05b-9bcc7b4e5e20" testName="ToBytes_Passing_Object_Returns_Bytes" computerName="PC-SFERRARI" duration="00:00:00.0010439" startTime="2021-01-09T13:00:06.3882686+00:00" endTime="2021-01-09T13:00:06.3897766+00:00" testType="13cdc9d9-ddb5-4fa4-a97d-d965ccfc6d4b" outcome="Passed" testListId="8c84fa94-04c1-424b-9868-57a2d4851a1d" relativeResultsDirectory="3baa1036-e4f0-4c7d-8bf3-d84a05c2e671" />
    <UnitTestResult executionId="4ac9ec3d-ca35-47ff-9d4d-3cb20bf67d83" testId="47f3e733-f069-b79f-9f6d-7c11fc368663" testName="ToDefaultValue_Passing_ushort_Returns_Cero" computerName="PC-SFERRARI" duration="00:00:00.0052720" startTime="2021-01-09T13:00:06.4365609+00:00" endTime="2021-01-09T13:00:06.4419566+00:00" testType="13cdc9d9-ddb5-4fa4-a97d-d965ccfc6d4b" outcome="Passed" testListId="8c84fa94-04c1-424b-9868-57a2d4851a1d" relativeResultsDirectory="4ac9ec3d-ca35-47ff-9d4d-3cb20bf67d83" resultType="DataDrivenTest">
      <InnerResults>
        <UnitTestResult executionId="6fe4f257-eb4b-487a-af6f-97921caba973" parentExecutionId="4ac9ec3d-ca35-47ff-9d4d-3cb20bf67d83" testId="47f3e733-f069-b79f-9f6d-7c11fc368663" testName="ToDefaultValue_Passing_ushort_Returns_Cero (65535)" computerName="PC-SFERRARI" duration="00:00:00.0051896" startTime="2021-01-09T13:00:06.4365609+00:00" endTime="2021-01-09T13:00:06.4419566+00:00" testType="13cdc9d9-ddb5-4fa4-a97d-d965ccfc6d4b" outcome="Passed" testListId="8c84fa94-04c1-424b-9868-57a2d4851a1d" relativeResultsDirectory="6fe4f257-eb4b-487a-af6f-97921caba973" dataRowInfo="1" resultType="DataDrivenDataRow" />
      </InnerResults>
    </UnitTestResult>
    <UnitTestResult executionId="7b74c825-da07-4e5b-9476-35c1794a721f" testId="f17b6f1f-06a9-5318-815f-4c3950fdd0cb" testName="CreateSHA512_Passing_Invalid_Arguments_Returns_ApplicationException" computerName="PC-SFERRARI" duration="00:00:00.0007800" startTime="2021-01-09T13:00:06.4879047+00:00" endTime="2021-01-09T13:00:06.4888222+00:00" testType="13cdc9d9-ddb5-4fa4-a97d-d965ccfc6d4b" outcome="Passed" testListId="8c84fa94-04c1-424b-9868-57a2d4851a1d" relativeResultsDirectory="7b74c825-da07-4e5b-9476-35c1794a721f" resultType="DataDrivenTest">
      <InnerResults>
        <UnitTestResult executionId="768693ac-2983-411f-9403-afbb1b2ce024" parentExecutionId="7b74c825-da07-4e5b-9476-35c1794a721f" testId="f17b6f1f-06a9-5318-815f-4c3950fdd0cb" testName="CreateSHA512_Passing_Invalid_Arguments_Returns_ApplicationException ()" computerName="PC-SFERRARI" duration="00:00:00.0005399" startTime="2021-01-09T13:00:06.4879047+00:00" endTime="2021-01-09T13:00:06.4888222+00:00" testType="13cdc9d9-ddb5-4fa4-a97d-d965ccfc6d4b" outcome="Passed" testListId="8c84fa94-04c1-424b-9868-57a2d4851a1d" relativeResultsDirectory="768693ac-2983-411f-9403-afbb1b2ce024" dataRowInfo="1" resultType="DataDrivenDataRow" />
        <UnitTestResult executionId="c9998e10-47f9-4bb2-be75-9fdbec348575" parentExecutionId="7b74c825-da07-4e5b-9476-35c1794a721f" testId="f17b6f1f-06a9-5318-815f-4c3950fdd0cb" testName="CreateSHA512_Passing_Invalid_Arguments_Returns_ApplicationException ()" computerName="PC-SFERRARI" duration="00:00:00.0000723" startTime="2021-01-09T13:00:06.4879047+00:00" endTime="2021-01-09T13:00:06.4888222+00:00" testType="13cdc9d9-ddb5-4fa4-a97d-d965ccfc6d4b" outcome="Passed" testListId="8c84fa94-04c1-424b-9868-57a2d4851a1d" relativeResultsDirectory="c9998e10-47f9-4bb2-be75-9fdbec348575" dataRowInfo="2" resultType="DataDrivenDataRow" />
        <UnitTestResult executionId="fcef4248-f487-49bb-8123-e79b20c76274" parentExecutionId="7b74c825-da07-4e5b-9476-35c1794a721f" testId="f17b6f1f-06a9-5318-815f-4c3950fdd0cb" testName="CreateSHA512_Passing_Invalid_Arguments_Returns_ApplicationException ( )" computerName="PC-SFERRARI" duration="00:00:00.0000594" startTime="2021-01-09T13:00:06.4879047+00:00" endTime="2021-01-09T13:00:06.4888222+00:00" testType="13cdc9d9-ddb5-4fa4-a97d-d965ccfc6d4b" outcome="Passed" testListId="8c84fa94-04c1-424b-9868-57a2d4851a1d" relativeResultsDirectory="fcef4248-f487-49bb-8123-e79b20c76274" dataRowInfo="3" resultType="DataDrivenDataRow" />
      </InnerResults>
    </UnitTestResult>
    <UnitTestResult executionId="b7c16546-2e9f-46bf-a90f-86fdb5162088" testId="d6d04f4a-9142-b816-d673-c4abf49a39ad" testName="ToDisplay_Passing_Enumeration_Name_Returns_Display_Atributte" computerName="PC-SFERRARI" duration="00:00:00.0041488" startTime="2021-01-09T13:00:06.3575067+00:00" endTime="2021-01-09T13:00:06.3618309+00:00" testType="13cdc9d9-ddb5-4fa4-a97d-d965ccfc6d4b" outcome="Passed" testListId="8c84fa94-04c1-424b-9868-57a2d4851a1d" relativeResultsDirectory="b7c16546-2e9f-46bf-a90f-86fdb5162088" />
    <UnitTestResult executionId="23e954c6-d687-4f62-ace5-1a6499d502fd" testId="86b92527-4d52-052b-63ae-d9a8aa694919" testName="ToSettings_Passing_Values_From_Memory_Returns_Settings" computerName="PC-SFERRARI" duration="00:00:00.0007186" startTime="2021-01-09T13:00:06.3382505+00:00" endTime="2021-01-09T13:00:06.3390795+00:00" testType="13cdc9d9-ddb5-4fa4-a97d-d965ccfc6d4b" outcome="Passed" testListId="8c84fa94-04c1-424b-9868-57a2d4851a1d" relativeResultsDirectory="23e954c6-d687-4f62-ace5-1a6499d502fd" />
    <UnitTestResult executionId="0777a1e0-7879-4bd3-a3d5-6a1cdb83874b" testId="07d50dfb-3195-c832-23d2-97ae667f2010" testName="ToString_Passing_Valid_Collection_Returns_String_With_Default_Separator" computerName="PC-SFERRARI" duration="00:00:00.0002859" startTime="2021-01-09T13:00:06.3535986+00:00" endTime="2021-01-09T13:00:06.3540158+00:00" testType="13cdc9d9-ddb5-4fa4-a97d-d965ccfc6d4b" outcome="Passed" testListId="8c84fa94-04c1-424b-9868-57a2d4851a1d" relativeResultsDirectory="0777a1e0-7879-4bd3-a3d5-6a1cdb83874b" />
    <UnitTestResult executionId="310275a9-bbe1-4e41-b149-254949bcc3b7" testId="e9b23f0c-0cde-4603-1739-ee642fd33c36" testName="ToSubdomain_Passing_HttpRequest_Host_Returns_Subdomain" computerName="PC-SFERRARI" duration="00:00:00.0035649" startTime="2021-01-09T13:00:06.5945049+00:00" endTime="2021-01-09T13:00:06.5982837+00:00" testType="13cdc9d9-ddb5-4fa4-a97d-d965ccfc6d4b" outcome="Passed" testListId="8c84fa94-04c1-424b-9868-57a2d4851a1d" relativeResultsDirectory="310275a9-bbe1-4e41-b149-254949bcc3b7" />
    <UnitTestResult executionId="56748af1-fd02-4412-871e-573f3719af70" testId="635e001f-2a50-f191-84e2-e81cd2000fdf" testName="ToAuthenticationType_Passing_Claims_Returns_AuthenticationType_Name" computerName="PC-SFERRARI" duration="00:00:00.0468306" startTime="2021-01-09T13:00:06.0764137+00:00" endTime="2021-01-09T13:00:06.1234951+00:00" testType="13cdc9d9-ddb5-4fa4-a97d-d965ccfc6d4b" outcome="Passed" testListId="8c84fa94-04c1-424b-9868-57a2d4851a1d" relativeResultsDirectory="56748af1-fd02-4412-871e-573f3719af70" />
    <UnitTestResult executionId="95ccdd8b-9b98-41db-8e4e-ca8bcf42b4b4" testId="3bd7277d-4ad0-51ee-d24c-53176ec3cc7f" testName="IsDomain_Passing_InvalidArguments_Returns_HasErrorsAndCount" computerName="PC-SFERRARI" duration="00:00:00.0027411" startTime="2021-01-09T13:00:06.0321225+00:00" endTime="2021-01-09T13:00:06.0351033+00:00" testType="13cdc9d9-ddb5-4fa4-a97d-d965ccfc6d4b" outcome="Passed" testListId="8c84fa94-04c1-424b-9868-57a2d4851a1d" relativeResultsDirectory="95ccdd8b-9b98-41db-8e4e-ca8bcf42b4b4" />
    <UnitTestResult executionId="4ef3380e-21b9-4f9c-84bf-e42223d86df2" testId="cd004a9f-a0f6-2fdf-aeae-1890f4ab8e71" testName="ToHashAlgorithmName_Passing_ValidValueString_Returns_HashAlgorithmName" computerName="PC-SFERRARI" duration="00:00:00.0002898" startTime="2021-01-09T13:00:07.0321910+00:00" endTime="2021-01-09T13:00:07.0325841+00:00" testType="13cdc9d9-ddb5-4fa4-a97d-d965ccfc6d4b" outcome="Passed" testListId="8c84fa94-04c1-424b-9868-57a2d4851a1d" relativeResultsDirectory="4ef3380e-21b9-4f9c-84bf-e42223d86df2" resultType="DataDrivenTest">
      <InnerResults>
        <UnitTestResult executionId="3b7fa593-09dd-4e50-9332-1b0bee15bd24" parentExecutionId="4ef3380e-21b9-4f9c-84bf-e42223d86df2" testId="cd004a9f-a0f6-2fdf-aeae-1890f4ab8e71" testName="ToHashAlgorithmName_Passing_ValidValueString_Returns_HashAlgorithmName (MD5)" computerName="PC-SFERRARI" duration="00:00:00.0002406" startTime="2021-01-09T13:00:07.0321910+00:00" endTime="2021-01-09T13:00:07.0325841+00:00" testType="13cdc9d9-ddb5-4fa4-a97d-d965ccfc6d4b" outcome="Passed" testListId="8c84fa94-04c1-424b-9868-57a2d4851a1d" relativeResultsDirectory="3b7fa593-09dd-4e50-9332-1b0bee15bd24" dataRowInfo="1" resultType="DataDrivenDataRow" />
      </InnerResults>
    </UnitTestResult>
    <UnitTestResult executionId="e88b724a-3dd5-421e-91c3-88e33b738778" testId="7be8a004-8e29-0f01-8ada-f15377193150" testName="ToContentType_Passing_ValidValueString_Returns_ContentType" computerName="PC-SFERRARI" duration="00:00:00.0022916" startTime="2021-01-09T13:00:06.8577561+00:00" endTime="2021-01-09T13:00:06.8603433+00:00" testType="13cdc9d9-ddb5-4fa4-a97d-d965ccfc6d4b" outcome="Passed" testListId="8c84fa94-04c1-424b-9868-57a2d4851a1d" relativeResultsDirectory="e88b724a-3dd5-421e-91c3-88e33b738778" resultType="DataDrivenTest">
      <InnerResults>
        <UnitTestResult executionId="d41ddf7b-e546-4e5d-833c-6fc059d0a412" parentExecutionId="e88b724a-3dd5-421e-91c3-88e33b738778" testId="7be8a004-8e29-0f01-8ada-f15377193150" testName="ToContentType_Passing_ValidValueString_Returns_ContentType (xxxx.pdf,application/pdf)" computerName="PC-SFERRARI" duration="00:00:00.0018205" startTime="2021-01-09T13:00:06.8577561+00:00" endTime="2021-01-09T13:00:06.8603433+00:00" testType="13cdc9d9-ddb5-4fa4-a97d-d965ccfc6d4b" outcome="Passed" testListId="8c84fa94-04c1-424b-9868-57a2d4851a1d" relativeResultsDirectory="d41ddf7b-e546-4e5d-833c-6fc059d0a412" dataRowInfo="1" resultType="DataDrivenDataRow" />
        <UnitTestResult executionId="585db9e7-d3bb-4635-998a-210e641ac7d6" parentExecutionId="e88b724a-3dd5-421e-91c3-88e33b738778" testId="7be8a004-8e29-0f01-8ada-f15377193150" testName="ToContentType_Passing_ValidValueString_Returns_ContentType (xxxx.json,application/json)" computerName="PC-SFERRARI" duration="00:00:00.0000666" startTime="2021-01-09T13:00:06.8577561+00:00" endTime="2021-01-09T13:00:06.8603433+00:00" testType="13cdc9d9-ddb5-4fa4-a97d-d965ccfc6d4b" outcome="Passed" testListId="8c84fa94-04c1-424b-9868-57a2d4851a1d" relativeResultsDirectory="585db9e7-d3bb-4635-998a-210e641ac7d6" dataRowInfo="2" resultType="DataDrivenDataRow" />
        <UnitTestResult executionId="88cf7ba1-a535-4ff1-9ab4-d6301c0a0811" parentExecutionId="e88b724a-3dd5-421e-91c3-88e33b738778" testId="7be8a004-8e29-0f01-8ada-f15377193150" testName="ToContentType_Passing_ValidValueString_Returns_ContentType (xxxx.gif,image/gif)" computerName="PC-SFERRARI" duration="00:00:00.0000467" startTime="2021-01-09T13:00:06.8577561+00:00" endTime="2021-01-09T13:00:06.8603433+00:00" testType="13cdc9d9-ddb5-4fa4-a97d-d965ccfc6d4b" outcome="Passed" testListId="8c84fa94-04c1-424b-9868-57a2d4851a1d" relativeResultsDirectory="88cf7ba1-a535-4ff1-9ab4-d6301c0a0811" dataRowInfo="3" resultType="DataDrivenDataRow" />
        <UnitTestResult executionId="8e6a3f33-e4e8-49e6-9154-227e307be04e" parentExecutionId="e88b724a-3dd5-421e-91c3-88e33b738778" testId="7be8a004-8e29-0f01-8ada-f15377193150" testName="ToContentType_Passing_ValidValueString_Returns_ContentType (xxxx.jpeg,image/jpeg)" computerName="PC-SFERRARI" duration="00:00:00.0000420" startTime="2021-01-09T13:00:06.8577561+00:00" endTime="2021-01-09T13:00:06.8603433+00:00" testType="13cdc9d9-ddb5-4fa4-a97d-d965ccfc6d4b" outcome="Passed" testListId="8c84fa94-04c1-424b-9868-57a2d4851a1d" relativeResultsDirectory="8e6a3f33-e4e8-49e6-9154-227e307be04e" dataRowInfo="4" resultType="DataDrivenDataRow" />
        <UnitTestResult executionId="be4a6725-4a78-4e13-ba97-fda9f95dac45" parentExecutionId="e88b724a-3dd5-421e-91c3-88e33b738778" testId="7be8a004-8e29-0f01-8ada-f15377193150" testName="ToContentType_Passing_ValidValueString_Returns_ContentType (xxxx.html,text/html)" computerName="PC-SFERRARI" duration="00:00:00.0000557" startTime="2021-01-09T13:00:06.8577561+00:00" endTime="2021-01-09T13:00:06.8603433+00:00" testType="13cdc9d9-ddb5-4fa4-a97d-d965ccfc6d4b" outcome="Passed" testListId="8c84fa94-04c1-424b-9868-57a2d4851a1d" relativeResultsDirectory="be4a6725-4a78-4e13-ba97-fda9f95dac45" dataRowInfo="5" resultType="DataDrivenDataRow" />
        <UnitTestResult executionId="0f6895b2-7384-4e89-96fe-7319337326ed" parentExecutionId="e88b724a-3dd5-421e-91c3-88e33b738778" testId="7be8a004-8e29-0f01-8ada-f15377193150" testName="ToContentType_Passing_ValidValueString_Returns_ContentType (xxxx.txt,text/plain)" computerName="PC-SFERRARI" duration="00:00:00.0000452" startTime="2021-01-09T13:00:06.8577561+00:00" endTime="2021-01-09T13:00:06.8603433+00:00" testType="13cdc9d9-ddb5-4fa4-a97d-d965ccfc6d4b" outcome="Passed" testListId="8c84fa94-04c1-424b-9868-57a2d4851a1d" relativeResultsDirectory="0f6895b2-7384-4e89-96fe-7319337326ed" dataRowInfo="6" resultType="DataDrivenDataRow" />
      </InnerResults>
    </UnitTestResult>
    <UnitTestResult executionId="1acf9d39-621a-41f7-a315-609c000a7b8d" testId="725d136c-3e7a-6e51-fc61-03203ffec0b5" testName="IsSubdomain_Passing_ValidArguments_Returns_HasErrorsAndCount" computerName="PC-SFERRARI" duration="00:00:00.0001893" startTime="2021-01-09T13:00:06.0705553+00:00" endTime="2021-01-09T13:00:06.0708233+00:00" testType="13cdc9d9-ddb5-4fa4-a97d-d965ccfc6d4b" outcome="Passed" testListId="8c84fa94-04c1-424b-9868-57a2d4851a1d" relativeResultsDirectory="1acf9d39-621a-41f7-a315-609c000a7b8d" />
    <UnitTestResult executionId="bc83ef60-daa7-4d65-9242-a2f433630559" testId="1f173fff-9060-8c18-f825-225901225244" testName="ToStartOfWeek_Passing_DateTime_Returns_Start_Of_Week_DateTime" computerName="PC-SFERRARI" duration="00:00:00.0002482" startTime="2021-01-09T13:00:06.3480468+00:00" endTime="2021-01-09T13:00:06.3483679+00:00" testType="13cdc9d9-ddb5-4fa4-a97d-d965ccfc6d4b" outcome="Passed" testListId="8c84fa94-04c1-424b-9868-57a2d4851a1d" relativeResultsDirectory="bc83ef60-daa7-4d65-9242-a2f433630559" />
    <UnitTestResult executionId="8a4d3005-9a38-4427-bd4b-c4eae0152e01" testId="71a1897b-b713-c047-1c23-5efdff095b20" testName="ToMapUpdate_Passing_Destination_Object_Returns_Updated_Destination_Object" computerName="PC-SFERRARI" duration="00:00:00.0026200" startTime="2021-01-09T13:00:05.7377001+00:00" endTime="2021-01-09T13:00:05.7403995+00:00" testType="13cdc9d9-ddb5-4fa4-a97d-d965ccfc6d4b" outcome="Passed" testListId="8c84fa94-04c1-424b-9868-57a2d4851a1d" relativeResultsDirectory="8a4d3005-9a38-4427-bd4b-c4eae0152e01" />
    <UnitTestResult executionId="b28f88fa-f725-48d4-ba8c-7ff166e1448d" testId="66f7bc12-fe2b-fd81-3cbf-5bc4840aa6f8" testName="ToConfiguration_Passing_Key_Values_Returns_Ok" computerName="PC-SFERRARI" duration="00:00:00.0144548" startTime="2021-01-09T13:00:06.1965809+00:00" endTime="2021-01-09T13:00:06.2112034+00:00" testType="13cdc9d9-ddb5-4fa4-a97d-d965ccfc6d4b" outcome="Passed" testListId="8c84fa94-04c1-424b-9868-57a2d4851a1d" relativeResultsDirectory="b28f88fa-f725-48d4-ba8c-7ff166e1448d" />
    <UnitTestResult executionId="20a80201-a180-407f-a203-2690d78dbd9a" testId="a1095294-226e-a0f0-0154-11290289c9db" testName="ToStringFormat_Passing_ValidValue_Returns_ValueWithoutRemovedChars" computerName="PC-SFERRARI" duration="00:00:00.0006349" startTime="2021-01-09T13:00:06.7641619+00:00" endTime="2021-01-09T13:00:06.7650142+00:00" testType="13cdc9d9-ddb5-4fa4-a97d-d965ccfc6d4b" outcome="Passed" testListId="8c84fa94-04c1-424b-9868-57a2d4851a1d" relativeResultsDirectory="20a80201-a180-407f-a203-2690d78dbd9a" resultType="DataDrivenTest">
      <InnerResults>
        <UnitTestResult executionId="27afc8cc-26d0-443b-8288-58872df6cc67" parentExecutionId="20a80201-a180-407f-a203-2690d78dbd9a" testId="a1095294-226e-a0f0-0154-11290289c9db" testName="ToStringFormat_Passing_ValidValue_Returns_ValueWithoutRemovedChars (0)" computerName="PC-SFERRARI" duration="00:00:00.0004991" startTime="2021-01-09T13:00:06.7641619+00:00" endTime="2021-01-09T13:00:06.7650142+00:00" testType="13cdc9d9-ddb5-4fa4-a97d-d965ccfc6d4b" outcome="Passed" testListId="8c84fa94-04c1-424b-9868-57a2d4851a1d" relativeResultsDirectory="27afc8cc-26d0-443b-8288-58872df6cc67" dataRowInfo="1" resultType="DataDrivenDataRow" />
        <UnitTestResult executionId="3678f5cc-d1f9-4560-a883-41eb022f282b" parentExecutionId="20a80201-a180-407f-a203-2690d78dbd9a" testId="a1095294-226e-a0f0-0154-11290289c9db" testName="ToStringFormat_Passing_ValidValue_Returns_ValueWithoutRemovedChars (1)" computerName="PC-SFERRARI" duration="00:00:00.0000093" startTime="2021-01-09T13:00:06.7641619+00:00" endTime="2021-01-09T13:00:06.7650142+00:00" testType="13cdc9d9-ddb5-4fa4-a97d-d965ccfc6d4b" outcome="Passed" testListId="8c84fa94-04c1-424b-9868-57a2d4851a1d" relativeResultsDirectory="3678f5cc-d1f9-4560-a883-41eb022f282b" dataRowInfo="2" resultType="DataDrivenDataRow" />
        <UnitTestResult executionId="2d0acf87-d0a3-413a-95f0-be6641e70385" parentExecutionId="20a80201-a180-407f-a203-2690d78dbd9a" testId="a1095294-226e-a0f0-0154-11290289c9db" testName="ToStringFormat_Passing_ValidValue_Returns_ValueWithoutRemovedChars (-1)" computerName="PC-SFERRARI" duration="00:00:00.0000124" startTime="2021-01-09T13:00:06.7641619+00:00" endTime="2021-01-09T13:00:06.7650142+00:00" testType="13cdc9d9-ddb5-4fa4-a97d-d965ccfc6d4b" outcome="Passed" testListId="8c84fa94-04c1-424b-9868-57a2d4851a1d" relativeResultsDirectory="2d0acf87-d0a3-413a-95f0-be6641e70385" dataRowInfo="3" resultType="DataDrivenDataRow" />
        <UnitTestResult executionId="b1036595-cbd9-423f-bd52-5b069311f7aa" parentExecutionId="20a80201-a180-407f-a203-2690d78dbd9a" testId="a1095294-226e-a0f0-0154-11290289c9db" testName="ToStringFormat_Passing_ValidValue_Returns_ValueWithoutRemovedChars (2147483647)" computerName="PC-SFERRARI" duration="00:00:00.0000038" startTime="2021-01-09T13:00:06.7641619+00:00" endTime="2021-01-09T13:00:06.7650142+00:00" testType="13cdc9d9-ddb5-4fa4-a97d-d965ccfc6d4b" outcome="Passed" testListId="8c84fa94-04c1-424b-9868-57a2d4851a1d" relativeResultsDirectory="b1036595-cbd9-423f-bd52-5b069311f7aa" dataRowInfo="4" resultType="DataDrivenDataRow" />
        <UnitTestResult executionId="c34c1877-279e-4dff-a8d9-000fc0303808" parentExecutionId="20a80201-a180-407f-a203-2690d78dbd9a" testId="a1095294-226e-a0f0-0154-11290289c9db" testName="ToStringFormat_Passing_ValidValue_Returns_ValueWithoutRemovedChars (-2147483648)" computerName="PC-SFERRARI" duration="00:00:00.0000036" startTime="2021-01-09T13:00:06.7641619+00:00" endTime="2021-01-09T13:00:06.7650142+00:00" testType="13cdc9d9-ddb5-4fa4-a97d-d965ccfc6d4b" outcome="Passed" testListId="8c84fa94-04c1-424b-9868-57a2d4851a1d" relativeResultsDirectory="c34c1877-279e-4dff-a8d9-000fc0303808" dataRowInfo="5" resultType="DataDrivenDataRow" />
      </InnerResults>
    </UnitTestResult>
    <UnitTestResult executionId="bdbf72d2-3607-4a7f-8ea4-b80d383e1508" testId="3443f7f5-ee1a-f375-e5b1-f7ffa940c0db" testName="ToIsLastDayOfTheMonth_Passing_NotLastDayOfMonth_Returns_False" computerName="PC-SFERRARI" duration="00:00:00.0001506" startTime="2021-01-09T13:00:06.3410474+00:00" endTime="2021-01-09T13:00:06.3412642+00:00" testType="13cdc9d9-ddb5-4fa4-a97d-d965ccfc6d4b" outcome="Passed" testListId="8c84fa94-04c1-424b-9868-57a2d4851a1d" relativeResultsDirectory="bdbf72d2-3607-4a7f-8ea4-b80d383e1508" />
    <UnitTestResult executionId="f84fcf92-903a-40fc-9b36-19fe6ead650c" testId="0df69eaf-b001-71ae-6cf8-f9c5860f7c4c" testName="ToIsFileThrow_Passing_InvalidValue_Returns_ApplicationExceptionWithMessage" computerName="PC-SFERRARI" duration="00:00:00.0012611" startTime="2021-01-09T13:00:06.0005439+00:00" endTime="2021-01-09T13:00:06.0019143+00:00" testType="13cdc9d9-ddb5-4fa4-a97d-d965ccfc6d4b" outcome="Passed" testListId="8c84fa94-04c1-424b-9868-57a2d4851a1d" relativeResultsDirectory="f84fcf92-903a-40fc-9b36-19fe6ead650c" />
    <UnitTestResult executionId="3ebbf8f0-9365-4b7e-a717-82b9edbd6383" testId="e53d2439-2080-43bd-e38b-a60253b60af1" testName="ToPaged_Passing_Age_Descending_Order_Returns_Filter_List" computerName="PC-SFERRARI" duration="00:00:00.0007704" startTime="2021-01-09T13:00:06.7867488+00:00" endTime="2021-01-09T13:00:06.7876821+00:00" testType="13cdc9d9-ddb5-4fa4-a97d-d965ccfc6d4b" outcome="Passed" testListId="8c84fa94-04c1-424b-9868-57a2d4851a1d" relativeResultsDirectory="3ebbf8f0-9365-4b7e-a717-82b9edbd6383" />
    <UnitTestResult executionId="e6116ac9-6c9f-46f8-bc97-938370bd6dcc" testId="0cb5eb43-9273-0bdf-bd18-53b184535503" testName="ToMessage_Passing_ExceptionWithMessage_Returns_Message" computerName="PC-SFERRARI" duration="00:00:00.0002692" startTime="2021-01-09T13:00:06.3878297+00:00" endTime="2021-01-09T13:00:06.3882356+00:00" testType="13cdc9d9-ddb5-4fa4-a97d-d965ccfc6d4b" outcome="Passed" testListId="8c84fa94-04c1-424b-9868-57a2d4851a1d" relativeResultsDirectory="e6116ac9-6c9f-46f8-bc97-938370bd6dcc" />
    <UnitTestResult executionId="1c2caa69-20c3-4d27-9558-b9c466fa3559" testId="5517211d-203c-115f-7dc1-6f48da8ab75b" testName="ToFirstLetterUpper_Passing_ValidValue_Returns_StringWithFirstLetterUpper" computerName="PC-SFERRARI" duration="00:00:00.0022600" startTime="2021-01-09T13:00:07.0060299+00:00" endTime="2021-01-09T13:00:07.0084807+00:00" testType="13cdc9d9-ddb5-4fa4-a97d-d965ccfc6d4b" outcome="Passed" testListId="8c84fa94-04c1-424b-9868-57a2d4851a1d" relativeResultsDirectory="1c2caa69-20c3-4d27-9558-b9c466fa3559" resultType="DataDrivenTest">
      <InnerResults>
        <UnitTestResult executionId="f4af2be6-7aad-43cc-8124-653cf7e4dcc5" parentExecutionId="1c2caa69-20c3-4d27-9558-b9c466fa3559" testId="5517211d-203c-115f-7dc1-6f48da8ab75b" testName="ToFirstLetterUpper_Passing_ValidValue_Returns_StringWithFirstLetterUpper (aeiou,Aeiou)" computerName="PC-SFERRARI" duration="00:00:00.0020445" startTime="2021-01-09T13:00:07.0060299+00:00" endTime="2021-01-09T13:00:07.0084807+00:00" testType="13cdc9d9-ddb5-4fa4-a97d-d965ccfc6d4b" outcome="Passed" testListId="8c84fa94-04c1-424b-9868-57a2d4851a1d" relativeResultsDirectory="f4af2be6-7aad-43cc-8124-653cf7e4dcc5" dataRowInfo="1" resultType="DataDrivenDataRow" />
        <UnitTestResult executionId="9fc2e6b5-0ade-443a-bcb7-e8a11adde7e3" parentExecutionId="1c2caa69-20c3-4d27-9558-b9c466fa3559" testId="5517211d-203c-115f-7dc1-6f48da8ab75b" testName="ToFirstLetterUpper_Passing_ValidValue_Returns_StringWithFirstLetterUpper (aEIOU,AEIOU)" computerName="PC-SFERRARI" duration="00:00:00.0000113" startTime="2021-01-09T13:00:07.0060299+00:00" endTime="2021-01-09T13:00:07.0084807+00:00" testType="13cdc9d9-ddb5-4fa4-a97d-d965ccfc6d4b" outcome="Passed" testListId="8c84fa94-04c1-424b-9868-57a2d4851a1d" relativeResultsDirectory="9fc2e6b5-0ade-443a-bcb7-e8a11adde7e3" dataRowInfo="2" resultType="DataDrivenDataRow" />
        <UnitTestResult executionId="4fa257e4-b2ef-4697-b41f-9bd4aecf275f" parentExecutionId="1c2caa69-20c3-4d27-9558-b9c466fa3559" testId="5517211d-203c-115f-7dc1-6f48da8ab75b" testName="ToFirstLetterUpper_Passing_ValidValue_Returns_StringWithFirstLetterUpper (aeioU,AeioU)" computerName="PC-SFERRARI" duration="00:00:00.0000037" startTime="2021-01-09T13:00:07.0060299+00:00" endTime="2021-01-09T13:00:07.0084807+00:00" testType="13cdc9d9-ddb5-4fa4-a97d-d965ccfc6d4b" outcome="Passed" testListId="8c84fa94-04c1-424b-9868-57a2d4851a1d" relativeResultsDirectory="4fa257e4-b2ef-4697-b41f-9bd4aecf275f" dataRowInfo="3" resultType="DataDrivenDataRow" />
        <UnitTestResult executionId="f2f2e022-e669-4bf8-8471-bff0bdb6da56" parentExecutionId="1c2caa69-20c3-4d27-9558-b9c466fa3559" testId="5517211d-203c-115f-7dc1-6f48da8ab75b" testName="ToFirstLetterUpper_Passing_ValidValue_Returns_StringWithFirstLetterUpper (AEIOU,AEIOU)" computerName="PC-SFERRARI" duration="00:00:00.0000032" startTime="2021-01-09T13:00:07.0060299+00:00" endTime="2021-01-09T13:00:07.0084807+00:00" testType="13cdc9d9-ddb5-4fa4-a97d-d965ccfc6d4b" outcome="Passed" testListId="8c84fa94-04c1-424b-9868-57a2d4851a1d" relativeResultsDirectory="f2f2e022-e669-4bf8-8471-bff0bdb6da56" dataRowInfo="4" resultType="DataDrivenDataRow" />
        <UnitTestResult executionId="a2d7e70f-cf62-4a38-aa05-0c20ed053cd3" parentExecutionId="1c2caa69-20c3-4d27-9558-b9c466fa3559" testId="5517211d-203c-115f-7dc1-6f48da8ab75b" testName="ToFirstLetterUpper_Passing_ValidValue_Returns_StringWithFirstLetterUpper (Aeiou,Aeiou)" computerName="PC-SFERRARI" duration="00:00:00.0000036" startTime="2021-01-09T13:00:07.0060299+00:00" endTime="2021-01-09T13:00:07.0084807+00:00" testType="13cdc9d9-ddb5-4fa4-a97d-d965ccfc6d4b" outcome="Passed" testListId="8c84fa94-04c1-424b-9868-57a2d4851a1d" relativeResultsDirectory="a2d7e70f-cf62-4a38-aa05-0c20ed053cd3" dataRowInfo="5" resultType="DataDrivenDataRow" />
      </InnerResults>
    </UnitTestResult>
    <UnitTestResult executionId="037c6c82-ac77-48f9-a2d6-0c6f28f9c2d2" testId="e2880a6e-7a01-b4ba-86fb-4d33be072972" testName="ToExists_Passing_Valid_Service_Returns_True" computerName="PC-SFERRARI" duration="00:00:00.0003355" startTime="2021-01-09T13:00:06.2600190+00:00" endTime="2021-01-09T13:00:06.2604194+00:00" testType="13cdc9d9-ddb5-4fa4-a97d-d965ccfc6d4b" outcome="Passed" testListId="8c84fa94-04c1-424b-9868-57a2d4851a1d" relativeResultsDirectory="037c6c82-ac77-48f9-a2d6-0c6f28f9c2d2" />
    <UnitTestResult executionId="89997ca3-fe48-430e-a5f7-15769b3064a3" testId="3c82816f-4e62-7440-d30d-abbd53b1dcea" testName="ResultOK" computerName="PC-SFERRARI" duration="00:00:00.0003218" startTime="2021-01-09T13:00:06.8372931+00:00" endTime="2021-01-09T13:00:06.8377230+00:00" testType="13cdc9d9-ddb5-4fa4-a97d-d965ccfc6d4b" outcome="Passed" testListId="8c84fa94-04c1-424b-9868-57a2d4851a1d" relativeResultsDirectory="89997ca3-fe48-430e-a5f7-15769b3064a3" />
    <UnitTestResult executionId="874d283a-a6aa-4caf-bf59-b5db522de1ed" testId="225c09bd-86d5-d9ce-d2b8-18431ca384e3" testName="ToDefaultValue_Passing_ValidGuid_Returns_DefaultValue" computerName="PC-SFERRARI" duration="00:00:00.0003891" startTime="2021-01-09T13:00:07.8466748+00:00" endTime="2021-01-09T13:00:07.8472379+00:00" testType="13cdc9d9-ddb5-4fa4-a97d-d965ccfc6d4b" outcome="Passed" testListId="8c84fa94-04c1-424b-9868-57a2d4851a1d" relativeResultsDirectory="874d283a-a6aa-4caf-bf59-b5db522de1ed" />
    <UnitTestResult executionId="b9830366-966a-45f9-92a1-f732e0b0c947" testId="313cfb2c-8c3b-337b-12f8-296f8611376d" testName="ToConfigureOrDefault_Passing_ActionCustomValues_Returns_CustomValues" computerName="PC-SFERRARI" duration="00:00:00.0092023" startTime="2021-01-09T13:00:05.3423876+00:00" endTime="2021-01-09T13:00:05.4213679+00:00" testType="13cdc9d9-ddb5-4fa4-a97d-d965ccfc6d4b" outcome="Passed" testListId="8c84fa94-04c1-424b-9868-57a2d4851a1d" relativeResultsDirectory="b9830366-966a-45f9-92a1-f732e0b0c947" />
    <UnitTestResult executionId="2bcb57e1-487c-4ab6-9eb8-8948bffc7cef" testId="65b9c427-b5ec-99b4-199a-0093cd460501" testName="ToUserName_Passing_Null_ClaimsPrincipal_Returns_ApplicationException" computerName="PC-SFERRARI" duration="00:00:00.0004949" startTime="2021-01-09T13:00:06.1867828+00:00" endTime="2021-01-09T13:00:06.1873575+00:00" testType="13cdc9d9-ddb5-4fa4-a97d-d965ccfc6d4b" outcome="Passed" testListId="8c84fa94-04c1-424b-9868-57a2d4851a1d" relativeResultsDirectory="2bcb57e1-487c-4ab6-9eb8-8948bffc7cef" />
    <UnitTestResult executionId="b40f2246-20f2-46a7-abf7-d38d6cca66ea" testId="04cb4b72-edc8-fe06-49e1-217ed503eff8" testName="ToDirectoryFindFilePath_Passing_ValidValue_Returns_FilePath" computerName="PC-SFERRARI" duration="00:00:00.0112767" startTime="2021-01-09T13:00:06.9220985+00:00" endTime="2021-01-09T13:00:06.9336401+00:00" testType="13cdc9d9-ddb5-4fa4-a97d-d965ccfc6d4b" outcome="Passed" testListId="8c84fa94-04c1-424b-9868-57a2d4851a1d" relativeResultsDirectory="b40f2246-20f2-46a7-abf7-d38d6cca66ea" />
    <UnitTestResult executionId="886757c0-175a-4ba4-82b6-2d5386aaad0a" testId="1f6423c7-4317-6f5b-c112-f4c9c7e822af" testName="ToEmailMaskUserNameAndDomainAndExtension_Passing_ValidEmail_Returns_EmailWithMask" computerName="PC-SFERRARI" duration="00:00:00.0014744" startTime="2021-01-09T13:00:06.9632432+00:00" endTime="2021-01-09T13:00:06.9649329+00:00" testType="13cdc9d9-ddb5-4fa4-a97d-d965ccfc6d4b" outcome="Passed" testListId="8c84fa94-04c1-424b-9868-57a2d4851a1d" relativeResultsDirectory="886757c0-175a-4ba4-82b6-2d5386aaad0a" resultType="DataDrivenTest">
      <InnerResults>
        <UnitTestResult executionId="eadee270-367d-42b5-b29a-594120c43118" parentExecutionId="886757c0-175a-4ba4-82b6-2d5386aaad0a" testId="1f6423c7-4317-6f5b-c112-f4c9c7e822af" testName="ToEmailMaskUserNameAndDomainAndExtension_Passing_ValidEmail_Returns_EmailWithMask (qaz@gmail.com,q*z@g***l.c*m)" computerName="PC-SFERRARI" duration="00:00:00.0011203" startTime="2021-01-09T13:00:06.9632432+00:00" endTime="2021-01-09T13:00:06.9649329+00:00" testType="13cdc9d9-ddb5-4fa4-a97d-d965ccfc6d4b" outcome="Passed" testListId="8c84fa94-04c1-424b-9868-57a2d4851a1d" relativeResultsDirectory="eadee270-367d-42b5-b29a-594120c43118" dataRowInfo="1" resultType="DataDrivenDataRow" />
        <UnitTestResult executionId="9fc8fbbb-a72f-4f1b-bd3b-8635925bece7" parentExecutionId="886757c0-175a-4ba4-82b6-2d5386aaad0a" testId="1f6423c7-4317-6f5b-c112-f4c9c7e822af" testName="ToEmailMaskUserNameAndDomainAndExtension_Passing_ValidEmail_Returns_EmailWithMask (qazwsx@gmail.com,q****x@g***l.c*m)" computerName="PC-SFERRARI" duration="00:00:00.0000315" startTime="2021-01-09T13:00:06.9632432+00:00" endTime="2021-01-09T13:00:06.9649329+00:00" testType="13cdc9d9-ddb5-4fa4-a97d-d965ccfc6d4b" outcome="Passed" testListId="8c84fa94-04c1-424b-9868-57a2d4851a1d" relativeResultsDirectory="9fc8fbbb-a72f-4f1b-bd3b-8635925bece7" dataRowInfo="2" resultType="DataDrivenDataRow" />
        <UnitTestResult executionId="49d419b3-e5e4-4fdf-afd9-8e115ba83d9a" parentExecutionId="886757c0-175a-4ba4-82b6-2d5386aaad0a" testId="1f6423c7-4317-6f5b-c112-f4c9c7e822af" testName="ToEmailMaskUserNameAndDomainAndExtension_Passing_ValidEmail_Returns_EmailWithMask (qazwsxedc@gmail.com,q*******c@g***l.c*m)" computerName="PC-SFERRARI" duration="00:00:00.0000227" startTime="2021-01-09T13:00:06.9632432+00:00" endTime="2021-01-09T13:00:06.9649329+00:00" testType="13cdc9d9-ddb5-4fa4-a97d-d965ccfc6d4b" outcome="Passed" testListId="8c84fa94-04c1-424b-9868-57a2d4851a1d" relativeResultsDirectory="49d419b3-e5e4-4fdf-afd9-8e115ba83d9a" dataRowInfo="3" resultType="DataDrivenDataRow" />
        <UnitTestResult executionId="589f1ef8-3414-493f-af5e-9aaf06c2f646" parentExecutionId="886757c0-175a-4ba4-82b6-2d5386aaad0a" testId="1f6423c7-4317-6f5b-c112-f4c9c7e822af" testName="ToEmailMaskUserNameAndDomainAndExtension_Passing_ValidEmail_Returns_EmailWithMask (qaz@gmailgmail.com,q*z@g********l.c*m)" computerName="PC-SFERRARI" duration="00:00:00.0000226" startTime="2021-01-09T13:00:06.9632432+00:00" endTime="2021-01-09T13:00:06.9649329+00:00" testType="13cdc9d9-ddb5-4fa4-a97d-d965ccfc6d4b" outcome="Passed" testListId="8c84fa94-04c1-424b-9868-57a2d4851a1d" relativeResultsDirectory="589f1ef8-3414-493f-af5e-9aaf06c2f646" dataRowInfo="4" resultType="DataDrivenDataRow" />
        <UnitTestResult executionId="5086a032-aba6-4bb7-b245-fcd259e56e4e" parentExecutionId="886757c0-175a-4ba4-82b6-2d5386aaad0a" testId="1f6423c7-4317-6f5b-c112-f4c9c7e822af" testName="ToEmailMaskUserNameAndDomainAndExtension_Passing_ValidEmail_Returns_EmailWithMask (qazwsx@gmailgmail.com,q****x@g********l.c*m)" computerName="PC-SFERRARI" duration="00:00:00.0000244" startTime="2021-01-09T13:00:06.9632432+00:00" endTime="2021-01-09T13:00:06.9649329+00:00" testType="13cdc9d9-ddb5-4fa4-a97d-d965ccfc6d4b" outcome="Passed" testListId="8c84fa94-04c1-424b-9868-57a2d4851a1d" relativeResultsDirectory="5086a032-aba6-4bb7-b245-fcd259e56e4e" dataRowInfo="5" resultType="DataDrivenDataRow" />
        <UnitTestResult executionId="ea947b50-4955-402a-a1d4-c80aa8f94d19" parentExecutionId="886757c0-175a-4ba4-82b6-2d5386aaad0a" testId="1f6423c7-4317-6f5b-c112-f4c9c7e822af" testName="ToEmailMaskUserNameAndDomainAndExtension_Passing_ValidEmail_Returns_EmailWithMask (qazwsxedc@gmailgmail.com,q*******c@g********l.c*m)" computerName="PC-SFERRARI" duration="00:00:00.0000258" startTime="2021-01-09T13:00:06.9632432+00:00" endTime="2021-01-09T13:00:06.9649329+00:00" testType="13cdc9d9-ddb5-4fa4-a97d-d965ccfc6d4b" outcome="Passed" testListId="8c84fa94-04c1-424b-9868-57a2d4851a1d" relativeResultsDirectory="ea947b50-4955-402a-a1d4-c80aa8f94d19" dataRowInfo="6" resultType="DataDrivenDataRow" />
      </InnerResults>
    </UnitTestResult>
    <UnitTestResult executionId="f7e95d57-6557-4775-a8b2-8a3c5513eb1c" testId="30809299-0e3e-4ac7-4a2a-6f8c296d2226" testName="ToUri_Passing_ValidValueString_Returns_Uri" computerName="PC-SFERRARI" duration="00:00:00.0017774" startTime="2021-01-09T13:00:07.1259079+00:00" endTime="2021-01-09T13:00:07.1280516+00:00" testType="13cdc9d9-ddb5-4fa4-a97d-d965ccfc6d4b" outcome="Passed" testListId="8c84fa94-04c1-424b-9868-57a2d4851a1d" relativeResultsDirectory="f7e95d57-6557-4775-a8b2-8a3c5513eb1c" resultType="DataDrivenTest">
      <InnerResults>
        <UnitTestResult executionId="1595c936-3f35-429d-85ff-613ac44786ba" parentExecutionId="f7e95d57-6557-4775-a8b2-8a3c5513eb1c" testId="30809299-0e3e-4ac7-4a2a-6f8c296d2226" testName="ToUri_Passing_ValidValueString_Returns_Uri (http://foo.com/blah_blah)" computerName="PC-SFERRARI" duration="00:00:00.0002975" startTime="2021-01-09T13:00:07.1259079+00:00" endTime="2021-01-09T13:00:07.1280516+00:00" testType="13cdc9d9-ddb5-4fa4-a97d-d965ccfc6d4b" outcome="Passed" testListId="8c84fa94-04c1-424b-9868-57a2d4851a1d" relativeResultsDirectory="1595c936-3f35-429d-85ff-613ac44786ba" dataRowInfo="1" resultType="DataDrivenDataRow" />
        <UnitTestResult executionId="833d2d68-8109-4bdd-98d4-4185f0d81bc0" parentExecutionId="f7e95d57-6557-4775-a8b2-8a3c5513eb1c" testId="30809299-0e3e-4ac7-4a2a-6f8c296d2226" testName="ToUri_Passing_ValidValueString_Returns_Uri (http://foo.com/blah_blah/)" computerName="PC-SFERRARI" duration="00:00:00.0000072" startTime="2021-01-09T13:00:07.1259079+00:00" endTime="2021-01-09T13:00:07.1280516+00:00" testType="13cdc9d9-ddb5-4fa4-a97d-d965ccfc6d4b" outcome="Passed" testListId="8c84fa94-04c1-424b-9868-57a2d4851a1d" relativeResultsDirectory="833d2d68-8109-4bdd-98d4-4185f0d81bc0" dataRowInfo="2" resultType="DataDrivenDataRow" />
        <UnitTestResult executionId="c8ba3e1f-82ca-4294-904e-eb2ab46e8fad" parentExecutionId="f7e95d57-6557-4775-a8b2-8a3c5513eb1c" testId="30809299-0e3e-4ac7-4a2a-6f8c296d2226" testName="ToUri_Passing_ValidValueString_Returns_Uri (http://foo.com/blah_blah/p=5)" computerName="PC-SFERRARI" duration="00:00:00.0000045" startTime="2021-01-09T13:00:07.1259079+00:00" endTime="2021-01-09T13:00:07.1280516+00:00" testType="13cdc9d9-ddb5-4fa4-a97d-d965ccfc6d4b" outcome="Passed" testListId="8c84fa94-04c1-424b-9868-57a2d4851a1d" relativeResultsDirectory="c8ba3e1f-82ca-4294-904e-eb2ab46e8fad" dataRowInfo="3" resultType="DataDrivenDataRow" />
        <UnitTestResult executionId="42e336da-cad4-4e4e-95a9-1141bf0e0845" parentExecutionId="f7e95d57-6557-4775-a8b2-8a3c5513eb1c" testId="30809299-0e3e-4ac7-4a2a-6f8c296d2226" testName="ToUri_Passing_ValidValueString_Returns_Uri (http://foo.com/blah_blah?p=5)" computerName="PC-SFERRARI" duration="00:00:00.0000040" startTime="2021-01-09T13:00:07.1259079+00:00" endTime="2021-01-09T13:00:07.1280516+00:00" testType="13cdc9d9-ddb5-4fa4-a97d-d965ccfc6d4b" outcome="Passed" testListId="8c84fa94-04c1-424b-9868-57a2d4851a1d" relativeResultsDirectory="42e336da-cad4-4e4e-95a9-1141bf0e0845" dataRowInfo="4" resultType="DataDrivenDataRow" />
        <UnitTestResult executionId="23b0b5e6-f91e-486b-a408-136044d8ab2d" parentExecutionId="f7e95d57-6557-4775-a8b2-8a3c5513eb1c" testId="30809299-0e3e-4ac7-4a2a-6f8c296d2226" testName="ToUri_Passing_ValidValueString_Returns_Uri (http://foo.com/blah_blah?p=5&amp;j=fe)" computerName="PC-SFERRARI" duration="00:00:00.0000041" startTime="2021-01-09T13:00:07.1259079+00:00" endTime="2021-01-09T13:00:07.1280516+00:00" testType="13cdc9d9-ddb5-4fa4-a97d-d965ccfc6d4b" outcome="Passed" testListId="8c84fa94-04c1-424b-9868-57a2d4851a1d" relativeResultsDirectory="23b0b5e6-f91e-486b-a408-136044d8ab2d" dataRowInfo="5" resultType="DataDrivenDataRow" />
        <UnitTestResult executionId="7dc3975e-0375-48ba-a101-1097462566d9" parentExecutionId="f7e95d57-6557-4775-a8b2-8a3c5513eb1c" testId="30809299-0e3e-4ac7-4a2a-6f8c296d2226" testName="ToUri_Passing_ValidValueString_Returns_Uri (https://foo.com/blah_blah)" computerName="PC-SFERRARI" duration="00:00:00.0000042" startTime="2021-01-09T13:00:07.1259079+00:00" endTime="2021-01-09T13:00:07.1280516+00:00" testType="13cdc9d9-ddb5-4fa4-a97d-d965ccfc6d4b" outcome="Passed" testListId="8c84fa94-04c1-424b-9868-57a2d4851a1d" relativeResultsDirectory="7dc3975e-0375-48ba-a101-1097462566d9" dataRowInfo="6" resultType="DataDrivenDataRow" />
        <UnitTestResult executionId="155f2127-f58b-4481-b219-6120ba3529c1" parentExecutionId="f7e95d57-6557-4775-a8b2-8a3c5513eb1c" testId="30809299-0e3e-4ac7-4a2a-6f8c296d2226" testName="ToUri_Passing_ValidValueString_Returns_Uri (https://foo.com/blah_blah/)" computerName="PC-SFERRARI" duration="00:00:00.0000046" startTime="2021-01-09T13:00:07.1259079+00:00" endTime="2021-01-09T13:00:07.1280516+00:00" testType="13cdc9d9-ddb5-4fa4-a97d-d965ccfc6d4b" outcome="Passed" testListId="8c84fa94-04c1-424b-9868-57a2d4851a1d" relativeResultsDirectory="155f2127-f58b-4481-b219-6120ba3529c1" dataRowInfo="7" resultType="DataDrivenDataRow" />
        <UnitTestResult executionId="bb80bbe6-4e3f-487d-a281-616ac1b258e3" parentExecutionId="f7e95d57-6557-4775-a8b2-8a3c5513eb1c" testId="30809299-0e3e-4ac7-4a2a-6f8c296d2226" testName="ToUri_Passing_ValidValueString_Returns_Uri (https://foo.com/blah_blah/p=5)" computerName="PC-SFERRARI" duration="00:00:00.0000039" startTime="2021-01-09T13:00:07.1259079+00:00" endTime="2021-01-09T13:00:07.1280516+00:00" testType="13cdc9d9-ddb5-4fa4-a97d-d965ccfc6d4b" outcome="Passed" testListId="8c84fa94-04c1-424b-9868-57a2d4851a1d" relativeResultsDirectory="bb80bbe6-4e3f-487d-a281-616ac1b258e3" dataRowInfo="8" resultType="DataDrivenDataRow" />
        <UnitTestResult executionId="fc0124a6-5105-4820-b415-d877a8ab5270" parentExecutionId="f7e95d57-6557-4775-a8b2-8a3c5513eb1c" testId="30809299-0e3e-4ac7-4a2a-6f8c296d2226" testName="ToUri_Passing_ValidValueString_Returns_Uri (https://foo.com/blah_blah?p=5)" computerName="PC-SFERRARI" duration="00:00:00.0000041" startTime="2021-01-09T13:00:07.1259079+00:00" endTime="2021-01-09T13:00:07.1280516+00:00" testType="13cdc9d9-ddb5-4fa4-a97d-d965ccfc6d4b" outcome="Passed" testListId="8c84fa94-04c1-424b-9868-57a2d4851a1d" relativeResultsDirectory="fc0124a6-5105-4820-b415-d877a8ab5270" dataRowInfo="9" resultType="DataDrivenDataRow" />
        <UnitTestResult executionId="328fd7b6-b8e3-4526-ac4a-0e2d16352ae4" parentExecutionId="f7e95d57-6557-4775-a8b2-8a3c5513eb1c" testId="30809299-0e3e-4ac7-4a2a-6f8c296d2226" testName="ToUri_Passing_ValidValueString_Returns_Uri (https://foo.com/blah_blah?p=5&amp;j=fe)" computerName="PC-SFERRARI" duration="00:00:00.0000041" startTime="2021-01-09T13:00:07.1259079+00:00" endTime="2021-01-09T13:00:07.1280516+00:00" testType="13cdc9d9-ddb5-4fa4-a97d-d965ccfc6d4b" outcome="Passed" testListId="8c84fa94-04c1-424b-9868-57a2d4851a1d" relativeResultsDirectory="328fd7b6-b8e3-4526-ac4a-0e2d16352ae4" dataRowInfo="10" resultType="DataDrivenDataRow" />
        <UnitTestResult executionId="033b1449-4196-4f73-8edb-60ee7c1bcf3a" parentExecutionId="f7e95d57-6557-4775-a8b2-8a3c5513eb1c" testId="30809299-0e3e-4ac7-4a2a-6f8c296d2226" testName="ToUri_Passing_ValidValueString_Returns_Uri (//foo.com/blah_blah)" computerName="PC-SFERRARI" duration="00:00:00.0000035" startTime="2021-01-09T13:00:07.1259079+00:00" endTime="2021-01-09T13:00:07.1280516+00:00" testType="13cdc9d9-ddb5-4fa4-a97d-d965ccfc6d4b" outcome="Passed" testListId="8c84fa94-04c1-424b-9868-57a2d4851a1d" relativeResultsDirectory="033b1449-4196-4f73-8edb-60ee7c1bcf3a" dataRowInfo="11" resultType="DataDrivenDataRow" />
        <UnitTestResult executionId="64f144fe-56f5-430f-ab73-8f84211fc34d" parentExecutionId="f7e95d57-6557-4775-a8b2-8a3c5513eb1c" testId="30809299-0e3e-4ac7-4a2a-6f8c296d2226" testName="ToUri_Passing_ValidValueString_Returns_Uri (//foo.com/blah_blah/)" computerName="PC-SFERRARI" duration="00:00:00.0000034" startTime="2021-01-09T13:00:07.1259079+00:00" endTime="2021-01-09T13:00:07.1280516+00:00" testType="13cdc9d9-ddb5-4fa4-a97d-d965ccfc6d4b" outcome="Passed" testListId="8c84fa94-04c1-424b-9868-57a2d4851a1d" relativeResultsDirectory="64f144fe-56f5-430f-ab73-8f84211fc34d" dataRowInfo="12" resultType="DataDrivenDataRow" />
        <UnitTestResult executionId="6eac6629-dd52-42de-9aa4-6cafc531ace5" parentExecutionId="f7e95d57-6557-4775-a8b2-8a3c5513eb1c" testId="30809299-0e3e-4ac7-4a2a-6f8c296d2226" testName="ToUri_Passing_ValidValueString_Returns_Uri (//foo.com/blah_blah/p=5)" computerName="PC-SFERRARI" duration="00:00:00.0000034" startTime="2021-01-09T13:00:07.1259079+00:00" endTime="2021-01-09T13:00:07.1280516+00:00" testType="13cdc9d9-ddb5-4fa4-a97d-d965ccfc6d4b" outcome="Passed" testListId="8c84fa94-04c1-424b-9868-57a2d4851a1d" relativeResultsDirectory="6eac6629-dd52-42de-9aa4-6cafc531ace5" dataRowInfo="13" resultType="DataDrivenDataRow" />
        <UnitTestResult executionId="e9b35664-ef3f-42a2-8594-b50f2d3a6691" parentExecutionId="f7e95d57-6557-4775-a8b2-8a3c5513eb1c" testId="30809299-0e3e-4ac7-4a2a-6f8c296d2226" testName="ToUri_Passing_ValidValueString_Returns_Uri (//foo.com/blah_blah?p=5)" computerName="PC-SFERRARI" duration="00:00:00.0000143" startTime="2021-01-09T13:00:07.1259079+00:00" endTime="2021-01-09T13:00:07.1280516+00:00" testType="13cdc9d9-ddb5-4fa4-a97d-d965ccfc6d4b" outcome="Passed" testListId="8c84fa94-04c1-424b-9868-57a2d4851a1d" relativeResultsDirectory="e9b35664-ef3f-42a2-8594-b50f2d3a6691" dataRowInfo="14" resultType="DataDrivenDataRow" />
        <UnitTestResult executionId="1bef4cc0-e4fc-4110-b4d1-ae27ddd77703" parentExecutionId="f7e95d57-6557-4775-a8b2-8a3c5513eb1c" testId="30809299-0e3e-4ac7-4a2a-6f8c296d2226" testName="ToUri_Passing_ValidValueString_Returns_Uri (//foo.com/blah_blah?p=5&amp;j=fe)" computerName="PC-SFERRARI" duration="00:00:00.0000040" startTime="2021-01-09T13:00:07.1259079+00:00" endTime="2021-01-09T13:00:07.1280516+00:00" testType="13cdc9d9-ddb5-4fa4-a97d-d965ccfc6d4b" outcome="Passed" testListId="8c84fa94-04c1-424b-9868-57a2d4851a1d" relativeResultsDirectory="1bef4cc0-e4fc-4110-b4d1-ae27ddd77703" dataRowInfo="15" resultType="DataDrivenDataRow" />
        <UnitTestResult executionId="718b71bd-53a1-4f4c-9518-85499a8ee5ed" parentExecutionId="f7e95d57-6557-4775-a8b2-8a3c5513eb1c" testId="30809299-0e3e-4ac7-4a2a-6f8c296d2226" testName="ToUri_Passing_ValidValueString_Returns_Uri (http://foo.com/blah_blah_(wikipedia))" computerName="PC-SFERRARI" duration="00:00:00.0000047" startTime="2021-01-09T13:00:07.1259079+00:00" endTime="2021-01-09T13:00:07.1280516+00:00" testType="13cdc9d9-ddb5-4fa4-a97d-d965ccfc6d4b" outcome="Passed" testListId="8c84fa94-04c1-424b-9868-57a2d4851a1d" relativeResultsDirectory="718b71bd-53a1-4f4c-9518-85499a8ee5ed" dataRowInfo="16" resultType="DataDrivenDataRow" />
        <UnitTestResult executionId="aa4b1e0f-e271-4db7-a0ba-7c89e07e78fb" parentExecutionId="f7e95d57-6557-4775-a8b2-8a3c5513eb1c" testId="30809299-0e3e-4ac7-4a2a-6f8c296d2226" testName="ToUri_Passing_ValidValueString_Returns_Uri (http://foo.com/blah_blah_(wikipedia)_(again))" computerName="PC-SFERRARI" duration="00:00:00.0000048" startTime="2021-01-09T13:00:07.1259079+00:00" endTime="2021-01-09T13:00:07.1280516+00:00" testType="13cdc9d9-ddb5-4fa4-a97d-d965ccfc6d4b" outcome="Passed" testListId="8c84fa94-04c1-424b-9868-57a2d4851a1d" relativeResultsDirectory="aa4b1e0f-e271-4db7-a0ba-7c89e07e78fb" dataRowInfo="17" resultType="DataDrivenDataRow" />
        <UnitTestResult executionId="890d2730-c97a-42df-b48a-d9b007a52a4f" parentExecutionId="f7e95d57-6557-4775-a8b2-8a3c5513eb1c" testId="30809299-0e3e-4ac7-4a2a-6f8c296d2226" testName="ToUri_Passing_ValidValueString_Returns_Uri (http://www.example.com/wpstyle/?p=364)" computerName="PC-SFERRARI" duration="00:00:00.0000049" startTime="2021-01-09T13:00:07.1259079+00:00" endTime="2021-01-09T13:00:07.1280516+00:00" testType="13cdc9d9-ddb5-4fa4-a97d-d965ccfc6d4b" outcome="Passed" testListId="8c84fa94-04c1-424b-9868-57a2d4851a1d" relativeResultsDirectory="890d2730-c97a-42df-b48a-d9b007a52a4f" dataRowInfo="18" resultType="DataDrivenDataRow" />
        <UnitTestResult executionId="d5a3b253-4469-4470-babe-beffebc6676c" parentExecutionId="f7e95d57-6557-4775-a8b2-8a3c5513eb1c" testId="30809299-0e3e-4ac7-4a2a-6f8c296d2226" testName="ToUri_Passing_ValidValueString_Returns_Uri (https://www.example.com/foo/?bar=baz&amp;inga=42&amp;quux)" computerName="PC-SFERRARI" duration="00:00:00.0000045" startTime="2021-01-09T13:00:07.1259079+00:00" endTime="2021-01-09T13:00:07.1280516+00:00" testType="13cdc9d9-ddb5-4fa4-a97d-d965ccfc6d4b" outcome="Passed" testListId="8c84fa94-04c1-424b-9868-57a2d4851a1d" relativeResultsDirectory="d5a3b253-4469-4470-babe-beffebc6676c" dataRowInfo="19" resultType="DataDrivenDataRow" />
        <UnitTestResult executionId="1825053a-3cfa-4ae8-a888-bb2ba3d5cc03" parentExecutionId="f7e95d57-6557-4775-a8b2-8a3c5513eb1c" testId="30809299-0e3e-4ac7-4a2a-6f8c296d2226" testName="ToUri_Passing_ValidValueString_Returns_Uri (http://✪df.ws/123)" computerName="PC-SFERRARI" duration="00:00:00.0004145" startTime="2021-01-09T13:00:07.1259079+00:00" endTime="2021-01-09T13:00:07.1280516+00:00" testType="13cdc9d9-ddb5-4fa4-a97d-d965ccfc6d4b" outcome="Passed" testListId="8c84fa94-04c1-424b-9868-57a2d4851a1d" relativeResultsDirectory="1825053a-3cfa-4ae8-a888-bb2ba3d5cc03" dataRowInfo="20" resultType="DataDrivenDataRow" />
        <UnitTestResult executionId="b4f8566f-7632-4202-9b1f-adfc1769a346" parentExecutionId="f7e95d57-6557-4775-a8b2-8a3c5513eb1c" testId="30809299-0e3e-4ac7-4a2a-6f8c296d2226" testName="ToUri_Passing_ValidValueString_Returns_Uri (http://userid:password@example.com:8080)" computerName="PC-SFERRARI" duration="00:00:00.0000228" startTime="2021-01-09T13:00:07.1259079+00:00" endTime="2021-01-09T13:00:07.1280516+00:00" testType="13cdc9d9-ddb5-4fa4-a97d-d965ccfc6d4b" outcome="Passed" testListId="8c84fa94-04c1-424b-9868-57a2d4851a1d" relativeResultsDirectory="b4f8566f-7632-4202-9b1f-adfc1769a346" dataRowInfo="21" resultType="DataDrivenDataRow" />
        <UnitTestResult executionId="ed62182c-9611-404a-a49f-566a1613e439" parentExecutionId="f7e95d57-6557-4775-a8b2-8a3c5513eb1c" testId="30809299-0e3e-4ac7-4a2a-6f8c296d2226" testName="ToUri_Passing_ValidValueString_Returns_Uri (http://userid:password@example.com:8080/)" computerName="PC-SFERRARI" duration="00:00:00.0000060" startTime="2021-01-09T13:00:07.1259079+00:00" endTime="2021-01-09T13:00:07.1280516+00:00" testType="13cdc9d9-ddb5-4fa4-a97d-d965ccfc6d4b" outcome="Passed" testListId="8c84fa94-04c1-424b-9868-57a2d4851a1d" relativeResultsDirectory="ed62182c-9611-404a-a49f-566a1613e439" dataRowInfo="22" resultType="DataDrivenDataRow" />
        <UnitTestResult executionId="feba24cd-6aff-45e2-b584-f5d9c5f1ad5a" parentExecutionId="f7e95d57-6557-4775-a8b2-8a3c5513eb1c" testId="30809299-0e3e-4ac7-4a2a-6f8c296d2226" testName="ToUri_Passing_ValidValueString_Returns_Uri (http://userid@example.com)" computerName="PC-SFERRARI" duration="00:00:00.0000053" startTime="2021-01-09T13:00:07.1259079+00:00" endTime="2021-01-09T13:00:07.1280516+00:00" testType="13cdc9d9-ddb5-4fa4-a97d-d965ccfc6d4b" outcome="Passed" testListId="8c84fa94-04c1-424b-9868-57a2d4851a1d" relativeResultsDirectory="feba24cd-6aff-45e2-b584-f5d9c5f1ad5a" dataRowInfo="23" resultType="DataDrivenDataRow" />
        <UnitTestResult executionId="50818e9b-8fe9-44b4-9e95-ac750475cc07" parentExecutionId="f7e95d57-6557-4775-a8b2-8a3c5513eb1c" testId="30809299-0e3e-4ac7-4a2a-6f8c296d2226" testName="ToUri_Passing_ValidValueString_Returns_Uri (http://userid@example.com/)" computerName="PC-SFERRARI" duration="00:00:00.0000056" startTime="2021-01-09T13:00:07.1259079+00:00" endTime="2021-01-09T13:00:07.1280516+00:00" testType="13cdc9d9-ddb5-4fa4-a97d-d965ccfc6d4b" outcome="Passed" testListId="8c84fa94-04c1-424b-9868-57a2d4851a1d" relativeResultsDirectory="50818e9b-8fe9-44b4-9e95-ac750475cc07" dataRowInfo="24" resultType="DataDrivenDataRow" />
        <UnitTestResult executionId="ae670b0c-5b10-496a-b719-178ea3aebb4a" parentExecutionId="f7e95d57-6557-4775-a8b2-8a3c5513eb1c" testId="30809299-0e3e-4ac7-4a2a-6f8c296d2226" testName="ToUri_Passing_ValidValueString_Returns_Uri (http://userid@example.com:8080)" computerName="PC-SFERRARI" duration="00:00:00.0000047" startTime="2021-01-09T13:00:07.1259079+00:00" endTime="2021-01-09T13:00:07.1280516+00:00" testType="13cdc9d9-ddb5-4fa4-a97d-d965ccfc6d4b" outcome="Passed" testListId="8c84fa94-04c1-424b-9868-57a2d4851a1d" relativeResultsDirectory="ae670b0c-5b10-496a-b719-178ea3aebb4a" dataRowInfo="25" resultType="DataDrivenDataRow" />
        <UnitTestResult executionId="6e6a4670-0adf-40e1-8786-b552a393511b" parentExecutionId="f7e95d57-6557-4775-a8b2-8a3c5513eb1c" testId="30809299-0e3e-4ac7-4a2a-6f8c296d2226" testName="ToUri_Passing_ValidValueString_Returns_Uri (http://userid@example.com:8080/)" computerName="PC-SFERRARI" duration="00:00:00.0000043" startTime="2021-01-09T13:00:07.1259079+00:00" endTime="2021-01-09T13:00:07.1280516+00:00" testType="13cdc9d9-ddb5-4fa4-a97d-d965ccfc6d4b" outcome="Passed" testListId="8c84fa94-04c1-424b-9868-57a2d4851a1d" relativeResultsDirectory="6e6a4670-0adf-40e1-8786-b552a393511b" dataRowInfo="26" resultType="DataDrivenDataRow" />
        <UnitTestResult executionId="6779d767-b4e8-495d-9b2c-b908dfa19618" parentExecutionId="f7e95d57-6557-4775-a8b2-8a3c5513eb1c" testId="30809299-0e3e-4ac7-4a2a-6f8c296d2226" testName="ToUri_Passing_ValidValueString_Returns_Uri (http://userid:password@example.com)" computerName="PC-SFERRARI" duration="00:00:00.0000047" startTime="2021-01-09T13:00:07.1259079+00:00" endTime="2021-01-09T13:00:07.1280516+00:00" testType="13cdc9d9-ddb5-4fa4-a97d-d965ccfc6d4b" outcome="Passed" testListId="8c84fa94-04c1-424b-9868-57a2d4851a1d" relativeResultsDirectory="6779d767-b4e8-495d-9b2c-b908dfa19618" dataRowInfo="27" resultType="DataDrivenDataRow" />
        <UnitTestResult executionId="7a7020d6-ed05-4174-9886-01b730383a3c" parentExecutionId="f7e95d57-6557-4775-a8b2-8a3c5513eb1c" testId="30809299-0e3e-4ac7-4a2a-6f8c296d2226" testName="ToUri_Passing_ValidValueString_Returns_Uri (http://userid:password@example.com/)" computerName="PC-SFERRARI" duration="00:00:00.0000047" startTime="2021-01-09T13:00:07.1259079+00:00" endTime="2021-01-09T13:00:07.1280516+00:00" testType="13cdc9d9-ddb5-4fa4-a97d-d965ccfc6d4b" outcome="Passed" testListId="8c84fa94-04c1-424b-9868-57a2d4851a1d" relativeResultsDirectory="7a7020d6-ed05-4174-9886-01b730383a3c" dataRowInfo="28" resultType="DataDrivenDataRow" />
        <UnitTestResult executionId="1ee435db-114b-4b94-acea-2bd8b04576dd" parentExecutionId="f7e95d57-6557-4775-a8b2-8a3c5513eb1c" testId="30809299-0e3e-4ac7-4a2a-6f8c296d2226" testName="ToUri_Passing_ValidValueString_Returns_Uri (http://142.42.1.1/)" computerName="PC-SFERRARI" duration="00:00:00.0000057" startTime="2021-01-09T13:00:07.1259079+00:00" endTime="2021-01-09T13:00:07.1280516+00:00" testType="13cdc9d9-ddb5-4fa4-a97d-d965ccfc6d4b" outcome="Passed" testListId="8c84fa94-04c1-424b-9868-57a2d4851a1d" relativeResultsDirectory="1ee435db-114b-4b94-acea-2bd8b04576dd" dataRowInfo="29" resultType="DataDrivenDataRow" />
        <UnitTestResult executionId="c0628121-6573-4555-9146-2fdcf3ec332a" parentExecutionId="f7e95d57-6557-4775-a8b2-8a3c5513eb1c" testId="30809299-0e3e-4ac7-4a2a-6f8c296d2226" testName="ToUri_Passing_ValidValueString_Returns_Uri (http://142.42.1.1:8080/)" computerName="PC-SFERRARI" duration="00:00:00.0000046" startTime="2021-01-09T13:00:07.1259079+00:00" endTime="2021-01-09T13:00:07.1280516+00:00" testType="13cdc9d9-ddb5-4fa4-a97d-d965ccfc6d4b" outcome="Passed" testListId="8c84fa94-04c1-424b-9868-57a2d4851a1d" relativeResultsDirectory="c0628121-6573-4555-9146-2fdcf3ec332a" dataRowInfo="30" resultType="DataDrivenDataRow" />
        <UnitTestResult executionId="fb45a6f7-65b3-4380-8ffa-526cce78233d" parentExecutionId="f7e95d57-6557-4775-a8b2-8a3c5513eb1c" testId="30809299-0e3e-4ac7-4a2a-6f8c296d2226" testName="ToUri_Passing_ValidValueString_Returns_Uri (http://➡.ws/䨹)" computerName="PC-SFERRARI" duration="00:00:00.0000402" startTime="2021-01-09T13:00:07.1259079+00:00" endTime="2021-01-09T13:00:07.1280516+00:00" testType="13cdc9d9-ddb5-4fa4-a97d-d965ccfc6d4b" outcome="Passed" testListId="8c84fa94-04c1-424b-9868-57a2d4851a1d" relativeResultsDirectory="fb45a6f7-65b3-4380-8ffa-526cce78233d" dataRowInfo="31" resultType="DataDrivenDataRow" />
        <UnitTestResult executionId="a22a7617-369c-472a-b481-7943705cf3b8" parentExecutionId="f7e95d57-6557-4775-a8b2-8a3c5513eb1c" testId="30809299-0e3e-4ac7-4a2a-6f8c296d2226" testName="ToUri_Passing_ValidValueString_Returns_Uri (http://⌘.ws)" computerName="PC-SFERRARI" duration="00:00:00.0000173" startTime="2021-01-09T13:00:07.1259079+00:00" endTime="2021-01-09T13:00:07.1280516+00:00" testType="13cdc9d9-ddb5-4fa4-a97d-d965ccfc6d4b" outcome="Passed" testListId="8c84fa94-04c1-424b-9868-57a2d4851a1d" relativeResultsDirectory="a22a7617-369c-472a-b481-7943705cf3b8" dataRowInfo="32" resultType="DataDrivenDataRow" />
        <UnitTestResult executionId="f1901232-df83-43f7-a2fe-91fe355e63fe" parentExecutionId="f7e95d57-6557-4775-a8b2-8a3c5513eb1c" testId="30809299-0e3e-4ac7-4a2a-6f8c296d2226" testName="ToUri_Passing_ValidValueString_Returns_Uri (http://⌘.ws/)" computerName="PC-SFERRARI" duration="00:00:00.0000089" startTime="2021-01-09T13:00:07.1259079+00:00" endTime="2021-01-09T13:00:07.1280516+00:00" testType="13cdc9d9-ddb5-4fa4-a97d-d965ccfc6d4b" outcome="Passed" testListId="8c84fa94-04c1-424b-9868-57a2d4851a1d" relativeResultsDirectory="f1901232-df83-43f7-a2fe-91fe355e63fe" dataRowInfo="33" resultType="DataDrivenDataRow" />
        <UnitTestResult executionId="f1d8ab9f-3617-4bcb-84a0-9eb363efa3b0" parentExecutionId="f7e95d57-6557-4775-a8b2-8a3c5513eb1c" testId="30809299-0e3e-4ac7-4a2a-6f8c296d2226" testName="ToUri_Passing_ValidValueString_Returns_Uri (http://foo.com/blah_(wikipedia)#cite-1)" computerName="PC-SFERRARI" duration="00:00:00.0000047" startTime="2021-01-09T13:00:07.1259079+00:00" endTime="2021-01-09T13:00:07.1280516+00:00" testType="13cdc9d9-ddb5-4fa4-a97d-d965ccfc6d4b" outcome="Passed" testListId="8c84fa94-04c1-424b-9868-57a2d4851a1d" relativeResultsDirectory="f1d8ab9f-3617-4bcb-84a0-9eb363efa3b0" dataRowInfo="34" resultType="DataDrivenDataRow" />
        <UnitTestResult executionId="37682ad7-2fd4-4047-8b30-5b893f4832ee" parentExecutionId="f7e95d57-6557-4775-a8b2-8a3c5513eb1c" testId="30809299-0e3e-4ac7-4a2a-6f8c296d2226" testName="ToUri_Passing_ValidValueString_Returns_Uri (http://foo.com/blah_(wikipedia)_blah#cite-1)" computerName="PC-SFERRARI" duration="00:00:00.0000052" startTime="2021-01-09T13:00:07.1259079+00:00" endTime="2021-01-09T13:00:07.1280516+00:00" testType="13cdc9d9-ddb5-4fa4-a97d-d965ccfc6d4b" outcome="Passed" testListId="8c84fa94-04c1-424b-9868-57a2d4851a1d" relativeResultsDirectory="37682ad7-2fd4-4047-8b30-5b893f4832ee" dataRowInfo="35" resultType="DataDrivenDataRow" />
        <UnitTestResult executionId="47d1375e-870b-4561-9b67-6a057a83fbb7" parentExecutionId="f7e95d57-6557-4775-a8b2-8a3c5513eb1c" testId="30809299-0e3e-4ac7-4a2a-6f8c296d2226" testName="ToUri_Passing_ValidValueString_Returns_Uri (http://foo.com/unicode_(✪)_in_parens)" computerName="PC-SFERRARI" duration="00:00:00.0000084" startTime="2021-01-09T13:00:07.1259079+00:00" endTime="2021-01-09T13:00:07.1280516+00:00" testType="13cdc9d9-ddb5-4fa4-a97d-d965ccfc6d4b" outcome="Passed" testListId="8c84fa94-04c1-424b-9868-57a2d4851a1d" relativeResultsDirectory="47d1375e-870b-4561-9b67-6a057a83fbb7" dataRowInfo="36" resultType="DataDrivenDataRow" />
        <UnitTestResult executionId="6df0553f-ebb2-4ce9-9d48-04b4fd3d2e7a" parentExecutionId="f7e95d57-6557-4775-a8b2-8a3c5513eb1c" testId="30809299-0e3e-4ac7-4a2a-6f8c296d2226" testName="ToUri_Passing_ValidValueString_Returns_Uri (http://foo.com/(something)?after=parens)" computerName="PC-SFERRARI" duration="00:00:00.0000051" startTime="2021-01-09T13:00:07.1259079+00:00" endTime="2021-01-09T13:00:07.1280516+00:00" testType="13cdc9d9-ddb5-4fa4-a97d-d965ccfc6d4b" outcome="Passed" testListId="8c84fa94-04c1-424b-9868-57a2d4851a1d" relativeResultsDirectory="6df0553f-ebb2-4ce9-9d48-04b4fd3d2e7a" dataRowInfo="37" resultType="DataDrivenDataRow" />
        <UnitTestResult executionId="2ec25aed-239d-4f01-9db9-cc8e0f7c14b6" parentExecutionId="f7e95d57-6557-4775-a8b2-8a3c5513eb1c" testId="30809299-0e3e-4ac7-4a2a-6f8c296d2226" testName="ToUri_Passing_ValidValueString_Returns_Uri (http://☺.damowmow.com/)" computerName="PC-SFERRARI" duration="00:00:00.0000085" startTime="2021-01-09T13:00:07.1259079+00:00" endTime="2021-01-09T13:00:07.1280516+00:00" testType="13cdc9d9-ddb5-4fa4-a97d-d965ccfc6d4b" outcome="Passed" testListId="8c84fa94-04c1-424b-9868-57a2d4851a1d" relativeResultsDirectory="2ec25aed-239d-4f01-9db9-cc8e0f7c14b6" dataRowInfo="38" resultType="DataDrivenDataRow" />
        <UnitTestResult executionId="d0597511-d52b-4955-9312-adea16213ead" parentExecutionId="f7e95d57-6557-4775-a8b2-8a3c5513eb1c" testId="30809299-0e3e-4ac7-4a2a-6f8c296d2226" testName="ToUri_Passing_ValidValueString_Returns_Uri (http://code.google.com/events/#&amp;product=browser)" computerName="PC-SFERRARI" duration="00:00:00.0000045" startTime="2021-01-09T13:00:07.1259079+00:00" endTime="2021-01-09T13:00:07.1280516+00:00" testType="13cdc9d9-ddb5-4fa4-a97d-d965ccfc6d4b" outcome="Passed" testListId="8c84fa94-04c1-424b-9868-57a2d4851a1d" relativeResultsDirectory="d0597511-d52b-4955-9312-adea16213ead" dataRowInfo="39" resultType="DataDrivenDataRow" />
        <UnitTestResult executionId="5e5db375-b679-44fb-a1de-97d58721a178" parentExecutionId="f7e95d57-6557-4775-a8b2-8a3c5513eb1c" testId="30809299-0e3e-4ac7-4a2a-6f8c296d2226" testName="ToUri_Passing_ValidValueString_Returns_Uri (http://j.mp)" computerName="PC-SFERRARI" duration="00:00:00.0000040" startTime="2021-01-09T13:00:07.1259079+00:00" endTime="2021-01-09T13:00:07.1280516+00:00" testType="13cdc9d9-ddb5-4fa4-a97d-d965ccfc6d4b" outcome="Passed" testListId="8c84fa94-04c1-424b-9868-57a2d4851a1d" relativeResultsDirectory="5e5db375-b679-44fb-a1de-97d58721a178" dataRowInfo="40" resultType="DataDrivenDataRow" />
        <UnitTestResult executionId="5950fa1f-1d25-42d4-97d1-f48bae8e8f22" parentExecutionId="f7e95d57-6557-4775-a8b2-8a3c5513eb1c" testId="30809299-0e3e-4ac7-4a2a-6f8c296d2226" testName="ToUri_Passing_ValidValueString_Returns_Uri (http://foo.bar/?q=Test%20URL-encoded%20stuff)" computerName="PC-SFERRARI" duration="00:00:00.0000287" startTime="2021-01-09T13:00:07.1259079+00:00" endTime="2021-01-09T13:00:07.1280516+00:00" testType="13cdc9d9-ddb5-4fa4-a97d-d965ccfc6d4b" outcome="Passed" testListId="8c84fa94-04c1-424b-9868-57a2d4851a1d" relativeResultsDirectory="5950fa1f-1d25-42d4-97d1-f48bae8e8f22" dataRowInfo="41" resultType="DataDrivenDataRow" />
        <UnitTestResult executionId="e87de9b4-3bc2-4d16-87e3-f5bb27d17ef0" parentExecutionId="f7e95d57-6557-4775-a8b2-8a3c5513eb1c" testId="30809299-0e3e-4ac7-4a2a-6f8c296d2226" testName="ToUri_Passing_ValidValueString_Returns_Uri (http://مثال.إختبار)" computerName="PC-SFERRARI" duration="00:00:00.0000145" startTime="2021-01-09T13:00:07.1259079+00:00" endTime="2021-01-09T13:00:07.1280516+00:00" testType="13cdc9d9-ddb5-4fa4-a97d-d965ccfc6d4b" outcome="Passed" testListId="8c84fa94-04c1-424b-9868-57a2d4851a1d" relativeResultsDirectory="e87de9b4-3bc2-4d16-87e3-f5bb27d17ef0" dataRowInfo="42" resultType="DataDrivenDataRow" />
        <UnitTestResult executionId="b9c6e5ee-0367-4d0c-ad11-a267853d6107" parentExecutionId="f7e95d57-6557-4775-a8b2-8a3c5513eb1c" testId="30809299-0e3e-4ac7-4a2a-6f8c296d2226" testName="ToUri_Passing_ValidValueString_Returns_Uri (http://例子.测试)" computerName="PC-SFERRARI" duration="00:00:00.0000074" startTime="2021-01-09T13:00:07.1259079+00:00" endTime="2021-01-09T13:00:07.1280516+00:00" testType="13cdc9d9-ddb5-4fa4-a97d-d965ccfc6d4b" outcome="Passed" testListId="8c84fa94-04c1-424b-9868-57a2d4851a1d" relativeResultsDirectory="b9c6e5ee-0367-4d0c-ad11-a267853d6107" dataRowInfo="43" resultType="DataDrivenDataRow" />
        <UnitTestResult executionId="b88f46f2-6385-428d-8412-cf53ea4b1c64" parentExecutionId="f7e95d57-6557-4775-a8b2-8a3c5513eb1c" testId="30809299-0e3e-4ac7-4a2a-6f8c296d2226" testName="ToUri_Passing_ValidValueString_Returns_Uri (http://उदाहरण.परीक्ष)" computerName="PC-SFERRARI" duration="00:00:00.0000091" startTime="2021-01-09T13:00:07.1259079+00:00" endTime="2021-01-09T13:00:07.1280516+00:00" testType="13cdc9d9-ddb5-4fa4-a97d-d965ccfc6d4b" outcome="Passed" testListId="8c84fa94-04c1-424b-9868-57a2d4851a1d" relativeResultsDirectory="b88f46f2-6385-428d-8412-cf53ea4b1c64" dataRowInfo="44" resultType="DataDrivenDataRow" />
        <UnitTestResult executionId="29bc2650-4809-45e7-b446-af0f827daaa8" parentExecutionId="f7e95d57-6557-4775-a8b2-8a3c5513eb1c" testId="30809299-0e3e-4ac7-4a2a-6f8c296d2226" testName="ToUri_Passing_ValidValueString_Returns_Uri (http://-.~_!$&amp;'()*+,;=:%40:80%2f::::::@example.com)" computerName="PC-SFERRARI" duration="00:00:00.0000062" startTime="2021-01-09T13:00:07.1259079+00:00" endTime="2021-01-09T13:00:07.1280516+00:00" testType="13cdc9d9-ddb5-4fa4-a97d-d965ccfc6d4b" outcome="Passed" testListId="8c84fa94-04c1-424b-9868-57a2d4851a1d" relativeResultsDirectory="29bc2650-4809-45e7-b446-af0f827daaa8" dataRowInfo="45" resultType="DataDrivenDataRow" />
        <UnitTestResult executionId="ac64b913-1e1a-4b5d-9a67-908fced9fc2f" parentExecutionId="f7e95d57-6557-4775-a8b2-8a3c5513eb1c" testId="30809299-0e3e-4ac7-4a2a-6f8c296d2226" testName="ToUri_Passing_ValidValueString_Returns_Uri (http://1337.net)" computerName="PC-SFERRARI" duration="00:00:00.0000048" startTime="2021-01-09T13:00:07.1259079+00:00" endTime="2021-01-09T13:00:07.1280516+00:00" testType="13cdc9d9-ddb5-4fa4-a97d-d965ccfc6d4b" outcome="Passed" testListId="8c84fa94-04c1-424b-9868-57a2d4851a1d" relativeResultsDirectory="ac64b913-1e1a-4b5d-9a67-908fced9fc2f" dataRowInfo="46" resultType="DataDrivenDataRow" />
        <UnitTestResult executionId="a0f79a3d-3920-471f-8637-326613a3ca6d" parentExecutionId="f7e95d57-6557-4775-a8b2-8a3c5513eb1c" testId="30809299-0e3e-4ac7-4a2a-6f8c296d2226" testName="ToUri_Passing_ValidValueString_Returns_Uri (http://a.b-c.de)" computerName="PC-SFERRARI" duration="00:00:00.0000047" startTime="2021-01-09T13:00:07.1259079+00:00" endTime="2021-01-09T13:00:07.1280516+00:00" testType="13cdc9d9-ddb5-4fa4-a97d-d965ccfc6d4b" outcome="Passed" testListId="8c84fa94-04c1-424b-9868-57a2d4851a1d" relativeResultsDirectory="a0f79a3d-3920-471f-8637-326613a3ca6d" dataRowInfo="47" resultType="DataDrivenDataRow" />
        <UnitTestResult executionId="e690b2fe-2bbd-44ed-9c97-5070cbd00d7d" parentExecutionId="f7e95d57-6557-4775-a8b2-8a3c5513eb1c" testId="30809299-0e3e-4ac7-4a2a-6f8c296d2226" testName="ToUri_Passing_ValidValueString_Returns_Uri (http://223.255.255.254)" computerName="PC-SFERRARI" duration="00:00:00.0000051" startTime="2021-01-09T13:00:07.1259079+00:00" endTime="2021-01-09T13:00:07.1280516+00:00" testType="13cdc9d9-ddb5-4fa4-a97d-d965ccfc6d4b" outcome="Passed" testListId="8c84fa94-04c1-424b-9868-57a2d4851a1d" relativeResultsDirectory="e690b2fe-2bbd-44ed-9c97-5070cbd00d7d" dataRowInfo="48" resultType="DataDrivenDataRow" />
      </InnerResults>
    </UnitTestResult>
    <UnitTestResult executionId="d9d76027-b1fe-4847-ac29-af04fa32e71d" testId="d7c20db6-f712-8539-ac01-01e8f4033fac" testName="IsFile_Passing_InvalidArguments_Returns_HasErrorsAndCount" computerName="PC-SFERRARI" duration="00:00:00.0002201" startTime="2021-01-09T13:00:06.0417724+00:00" endTime="2021-01-09T13:00:06.0420663+00:00" testType="13cdc9d9-ddb5-4fa4-a97d-d965ccfc6d4b" outcome="Passed" testListId="8c84fa94-04c1-424b-9868-57a2d4851a1d" relativeResultsDirectory="d9d76027-b1fe-4847-ac29-af04fa32e71d" />
    <UnitTestResult executionId="c56ec82e-b4b7-4903-a449-fcf6ec94445a" testId="4ff63349-9eef-ad1f-85cf-a84cda1ff120" testName="ToDetails_Passing_HttpContext_Returns_Details_HttpContext" computerName="PC-SFERRARI" duration="00:00:00.0273543" startTime="2021-01-09T13:00:06.4936721+00:00" endTime="2021-01-09T13:00:06.5214223+00:00" testType="13cdc9d9-ddb5-4fa4-a97d-d965ccfc6d4b" outcome="Passed" testListId="8c84fa94-04c1-424b-9868-57a2d4851a1d" relativeResultsDirectory="c56ec82e-b4b7-4903-a449-fcf6ec94445a" />
    <UnitTestResult executionId="2e71f738-7ad2-4f21-b179-1bdfcea0b07b" testId="4184a91b-5297-4872-2a98-1ef97e124515" testName="ToGetAll_Passing_Claims_Returns_Claim_Value_String_List" computerName="PC-SFERRARI" duration="00:00:00.0010914" startTime="2021-01-09T13:00:06.1676739+00:00" endTime="2021-01-09T13:00:06.1688927+00:00" testType="13cdc9d9-ddb5-4fa4-a97d-d965ccfc6d4b" outcome="Passed" testListId="8c84fa94-04c1-424b-9868-57a2d4851a1d" relativeResultsDirectory="2e71f738-7ad2-4f21-b179-1bdfcea0b07b" />
    <UnitTestResult executionId="ac230efa-6d8b-4782-8b3d-3d5d3fe7a3c5" testId="33545399-79af-5e7f-5179-57fe5645f4be" testName="ToYesterday_Passing_DateTime_Returns_Yesterday_DateTime" computerName="PC-SFERRARI" duration="00:00:00.0001914" startTime="2021-01-09T13:00:06.3486722+00:00" endTime="2021-01-09T13:00:06.3489281+00:00" testType="13cdc9d9-ddb5-4fa4-a97d-d965ccfc6d4b" outcome="Passed" testListId="8c84fa94-04c1-424b-9868-57a2d4851a1d" relativeResultsDirectory="ac230efa-6d8b-4782-8b3d-3d5d3fe7a3c5" />
    <UnitTestResult executionId="1398d978-0013-44ec-92f5-4c271b2c3254" testId="c180eeb5-df7f-187e-c74d-0f6d31acdec5" testName="ToUri_Passing_InvalidValueString_Returns_Null" computerName="PC-SFERRARI" duration="00:00:00.0005185" startTime="2021-01-09T13:00:07.1176914+00:00" endTime="2021-01-09T13:00:07.1184627+00:00" testType="13cdc9d9-ddb5-4fa4-a97d-d965ccfc6d4b" outcome="Passed" testListId="8c84fa94-04c1-424b-9868-57a2d4851a1d" relativeResultsDirectory="1398d978-0013-44ec-92f5-4c271b2c3254" resultType="DataDrivenTest">
      <InnerResults>
        <UnitTestResult executionId="05c744e2-35d0-4501-a4f5-47cb1a17f81c" parentExecutionId="1398d978-0013-44ec-92f5-4c271b2c3254" testId="c180eeb5-df7f-187e-c74d-0f6d31acdec5" testName="ToUri_Passing_InvalidValueString_Returns_Null (http://?)" computerName="PC-SFERRARI" duration="00:00:00.0002718" startTime="2021-01-09T13:00:07.1176914+00:00" endTime="2021-01-09T13:00:07.1184627+00:00" testType="13cdc9d9-ddb5-4fa4-a97d-d965ccfc6d4b" outcome="Passed" testListId="8c84fa94-04c1-424b-9868-57a2d4851a1d" relativeResultsDirectory="05c744e2-35d0-4501-a4f5-47cb1a17f81c" dataRowInfo="1" resultType="DataDrivenDataRow" />
        <UnitTestResult executionId="459c5e7a-fd0f-4ed4-b037-b9601d9e371d" parentExecutionId="1398d978-0013-44ec-92f5-4c271b2c3254" testId="c180eeb5-df7f-187e-c74d-0f6d31acdec5" testName="ToUri_Passing_InvalidValueString_Returns_Null (http://)" computerName="PC-SFERRARI" duration="00:00:00.0000074" startTime="2021-01-09T13:00:07.1176914+00:00" endTime="2021-01-09T13:00:07.1184627+00:00" testType="13cdc9d9-ddb5-4fa4-a97d-d965ccfc6d4b" outcome="Passed" testListId="8c84fa94-04c1-424b-9868-57a2d4851a1d" relativeResultsDirectory="459c5e7a-fd0f-4ed4-b037-b9601d9e371d" dataRowInfo="2" resultType="DataDrivenDataRow" />
        <UnitTestResult executionId="5c426425-6d97-4850-ac99-e9f141db9adc" parentExecutionId="1398d978-0013-44ec-92f5-4c271b2c3254" testId="c180eeb5-df7f-187e-c74d-0f6d31acdec5" testName="ToUri_Passing_InvalidValueString_Returns_Null (http://.)" computerName="PC-SFERRARI" duration="00:00:00.0000071" startTime="2021-01-09T13:00:07.1176914+00:00" endTime="2021-01-09T13:00:07.1184627+00:00" testType="13cdc9d9-ddb5-4fa4-a97d-d965ccfc6d4b" outcome="Passed" testListId="8c84fa94-04c1-424b-9868-57a2d4851a1d" relativeResultsDirectory="5c426425-6d97-4850-ac99-e9f141db9adc" dataRowInfo="3" resultType="DataDrivenDataRow" />
        <UnitTestResult executionId="dc7a0fc3-d79f-4d3b-bc69-cfeadb0c93ca" parentExecutionId="1398d978-0013-44ec-92f5-4c271b2c3254" testId="c180eeb5-df7f-187e-c74d-0f6d31acdec5" testName="ToUri_Passing_InvalidValueString_Returns_Null (http://..)" computerName="PC-SFERRARI" duration="00:00:00.0000050" startTime="2021-01-09T13:00:07.1176914+00:00" endTime="2021-01-09T13:00:07.1184627+00:00" testType="13cdc9d9-ddb5-4fa4-a97d-d965ccfc6d4b" outcome="Passed" testListId="8c84fa94-04c1-424b-9868-57a2d4851a1d" relativeResultsDirectory="dc7a0fc3-d79f-4d3b-bc69-cfeadb0c93ca" dataRowInfo="4" resultType="DataDrivenDataRow" />
        <UnitTestResult executionId="034cf23c-180d-40a2-a415-40196d91061a" parentExecutionId="1398d978-0013-44ec-92f5-4c271b2c3254" testId="c180eeb5-df7f-187e-c74d-0f6d31acdec5" testName="ToUri_Passing_InvalidValueString_Returns_Null (http://../)" computerName="PC-SFERRARI" duration="00:00:00.0000058" startTime="2021-01-09T13:00:07.1176914+00:00" endTime="2021-01-09T13:00:07.1184627+00:00" testType="13cdc9d9-ddb5-4fa4-a97d-d965ccfc6d4b" outcome="Passed" testListId="8c84fa94-04c1-424b-9868-57a2d4851a1d" relativeResultsDirectory="034cf23c-180d-40a2-a415-40196d91061a" dataRowInfo="5" resultType="DataDrivenDataRow" />
        <UnitTestResult executionId="6bf1fc2c-2f71-4f52-ae79-427f7ca2bf60" parentExecutionId="1398d978-0013-44ec-92f5-4c271b2c3254" testId="c180eeb5-df7f-187e-c74d-0f6d31acdec5" testName="ToUri_Passing_InvalidValueString_Returns_Null (http://?)" computerName="PC-SFERRARI" duration="00:00:00.0000047" startTime="2021-01-09T13:00:07.1176914+00:00" endTime="2021-01-09T13:00:07.1184627+00:00" testType="13cdc9d9-ddb5-4fa4-a97d-d965ccfc6d4b" outcome="Passed" testListId="8c84fa94-04c1-424b-9868-57a2d4851a1d" relativeResultsDirectory="6bf1fc2c-2f71-4f52-ae79-427f7ca2bf60" dataRowInfo="6" resultType="DataDrivenDataRow" />
        <UnitTestResult executionId="6701250d-3bd7-4626-aeee-5dd6660ca33d" parentExecutionId="1398d978-0013-44ec-92f5-4c271b2c3254" testId="c180eeb5-df7f-187e-c74d-0f6d31acdec5" testName="ToUri_Passing_InvalidValueString_Returns_Null (http://??)" computerName="PC-SFERRARI" duration="00:00:00.0000046" startTime="2021-01-09T13:00:07.1176914+00:00" endTime="2021-01-09T13:00:07.1184627+00:00" testType="13cdc9d9-ddb5-4fa4-a97d-d965ccfc6d4b" outcome="Passed" testListId="8c84fa94-04c1-424b-9868-57a2d4851a1d" relativeResultsDirectory="6701250d-3bd7-4626-aeee-5dd6660ca33d" dataRowInfo="7" resultType="DataDrivenDataRow" />
        <UnitTestResult executionId="83928262-a5ce-4979-824c-fa6794183718" parentExecutionId="1398d978-0013-44ec-92f5-4c271b2c3254" testId="c180eeb5-df7f-187e-c74d-0f6d31acdec5" testName="ToUri_Passing_InvalidValueString_Returns_Null (http://??/)" computerName="PC-SFERRARI" duration="00:00:00.0000043" startTime="2021-01-09T13:00:07.1176914+00:00" endTime="2021-01-09T13:00:07.1184627+00:00" testType="13cdc9d9-ddb5-4fa4-a97d-d965ccfc6d4b" outcome="Passed" testListId="8c84fa94-04c1-424b-9868-57a2d4851a1d" relativeResultsDirectory="83928262-a5ce-4979-824c-fa6794183718" dataRowInfo="8" resultType="DataDrivenDataRow" />
        <UnitTestResult executionId="84a3963f-9d43-4f0d-9b59-28e171b49953" parentExecutionId="1398d978-0013-44ec-92f5-4c271b2c3254" testId="c180eeb5-df7f-187e-c74d-0f6d31acdec5" testName="ToUri_Passing_InvalidValueString_Returns_Null (http://#)" computerName="PC-SFERRARI" duration="00:00:00.0000044" startTime="2021-01-09T13:00:07.1176914+00:00" endTime="2021-01-09T13:00:07.1184627+00:00" testType="13cdc9d9-ddb5-4fa4-a97d-d965ccfc6d4b" outcome="Passed" testListId="8c84fa94-04c1-424b-9868-57a2d4851a1d" relativeResultsDirectory="84a3963f-9d43-4f0d-9b59-28e171b49953" dataRowInfo="9" resultType="DataDrivenDataRow" />
        <UnitTestResult executionId="b57ec7f7-7142-4ea4-b7d7-82ade0d81740" parentExecutionId="1398d978-0013-44ec-92f5-4c271b2c3254" testId="c180eeb5-df7f-187e-c74d-0f6d31acdec5" testName="ToUri_Passing_InvalidValueString_Returns_Null (http://##)" computerName="PC-SFERRARI" duration="00:00:00.0000046" startTime="2021-01-09T13:00:07.1176914+00:00" endTime="2021-01-09T13:00:07.1184627+00:00" testType="13cdc9d9-ddb5-4fa4-a97d-d965ccfc6d4b" outcome="Passed" testListId="8c84fa94-04c1-424b-9868-57a2d4851a1d" relativeResultsDirectory="b57ec7f7-7142-4ea4-b7d7-82ade0d81740" dataRowInfo="10" resultType="DataDrivenDataRow" />
        <UnitTestResult executionId="63bb2f85-7a1a-490c-be9a-f97b9f88dae9" parentExecutionId="1398d978-0013-44ec-92f5-4c271b2c3254" testId="c180eeb5-df7f-187e-c74d-0f6d31acdec5" testName="ToUri_Passing_InvalidValueString_Returns_Null (http://##/)" computerName="PC-SFERRARI" duration="00:00:00.0000043" startTime="2021-01-09T13:00:07.1176914+00:00" endTime="2021-01-09T13:00:07.1184627+00:00" testType="13cdc9d9-ddb5-4fa4-a97d-d965ccfc6d4b" outcome="Passed" testListId="8c84fa94-04c1-424b-9868-57a2d4851a1d" relativeResultsDirectory="63bb2f85-7a1a-490c-be9a-f97b9f88dae9" dataRowInfo="11" resultType="DataDrivenDataRow" />
      </InnerResults>
    </UnitTestResult>
    <UnitTestResult executionId="9d6dcc38-c757-43db-bb62-38e95c451b90" testId="432377b9-b0ad-9a2a-6dc2-e1069e73c449" testName="ToDefaultValue_Passing_bool_Returns_Cero" computerName="PC-SFERRARI" duration="00:00:00.0006496" startTime="2021-01-09T13:00:06.3898155+00:00" endTime="2021-01-09T13:00:06.3906004+00:00" testType="13cdc9d9-ddb5-4fa4-a97d-d965ccfc6d4b" outcome="Passed" testListId="8c84fa94-04c1-424b-9868-57a2d4851a1d" relativeResultsDirectory="9d6dcc38-c757-43db-bb62-38e95c451b90" resultType="DataDrivenTest">
      <InnerResults>
        <UnitTestResult executionId="94e26b92-faaf-4b88-9ad2-c8163b28f798" parentExecutionId="9d6dcc38-c757-43db-bb62-38e95c451b90" testId="432377b9-b0ad-9a2a-6dc2-e1069e73c449" testName="ToDefaultValue_Passing_bool_Returns_Cero (True)" computerName="PC-SFERRARI" duration="00:00:00.0005847" startTime="2021-01-09T13:00:06.3898155+00:00" endTime="2021-01-09T13:00:06.3906004+00:00" testType="13cdc9d9-ddb5-4fa4-a97d-d965ccfc6d4b" outcome="Passed" testListId="8c84fa94-04c1-424b-9868-57a2d4851a1d" relativeResultsDirectory="94e26b92-faaf-4b88-9ad2-c8163b28f798" dataRowInfo="1" resultType="DataDrivenDataRow" />
      </InnerResults>
    </UnitTestResult>
    <UnitTestResult executionId="08414efb-9811-46f7-9b02-70ac41436836" testId="8a5cc6e0-e73e-2131-64bd-e73fc6c2a32e" testName="IsRange_Passing_InvalidArguments_Returns_HasErrorsAndCount" computerName="PC-SFERRARI" duration="00:00:00.0031318" startTime="2021-01-09T13:00:06.0635028+00:00" endTime="2021-01-09T13:00:06.0668175+00:00" testType="13cdc9d9-ddb5-4fa4-a97d-d965ccfc6d4b" outcome="Passed" testListId="8c84fa94-04c1-424b-9868-57a2d4851a1d" relativeResultsDirectory="08414efb-9811-46f7-9b02-70ac41436836" />
    <UnitTestResult executionId="98f65470-e80b-4284-8d9b-d52f17d8c46c" testId="5bee9d0e-89de-7b6d-4317-0a11342b1d29" testName="ToIPv6_Passing_HttpContext_IP_Value_Returns_IP" computerName="PC-SFERRARI" duration="00:00:00.0010906" startTime="2021-01-09T13:00:06.5215144+00:00" endTime="2021-01-09T13:00:06.5227799+00:00" testType="13cdc9d9-ddb5-4fa4-a97d-d965ccfc6d4b" outcome="Passed" testListId="8c84fa94-04c1-424b-9868-57a2d4851a1d" relativeResultsDirectory="98f65470-e80b-4284-8d9b-d52f17d8c46c" />
    <UnitTestResult executionId="ab8781df-c270-4e4b-8475-67f038a46466" testId="9af963da-8209-d683-34a5-be793bc59993" testName="ToList_Passing_ValidEnumTypeWithSelectedValueWithResourceType_Returns_ValuesList" computerName="PC-SFERRARI" duration="00:00:00.0013497" startTime="2021-01-09T13:00:06.3744881+00:00" endTime="2021-01-09T13:00:06.3760482+00:00" testType="13cdc9d9-ddb5-4fa4-a97d-d965ccfc6d4b" outcome="Passed" testListId="8c84fa94-04c1-424b-9868-57a2d4851a1d" relativeResultsDirectory="ab8781df-c270-4e4b-8475-67f038a46466" />
    <UnitTestResult executionId="ec6e74a1-5daf-45db-9388-390c6f089a62" testId="ab527057-69f2-0a9a-89fd-18928a3920fd" testName="ToHashAlgorithmName_Passing_InvalidValueStringWithDefaultValue_Returns_DefaultValue" computerName="PC-SFERRARI" duration="00:00:00.0002977" startTime="2021-01-09T13:00:07.0200502+00:00" endTime="2021-01-09T13:00:07.0204400+00:00" testType="13cdc9d9-ddb5-4fa4-a97d-d965ccfc6d4b" outcome="Passed" testListId="8c84fa94-04c1-424b-9868-57a2d4851a1d" relativeResultsDirectory="ec6e74a1-5daf-45db-9388-390c6f089a62" resultType="DataDrivenTest">
      <InnerResults>
        <UnitTestResult executionId="65fa7eb3-da37-460c-8c76-a34720be3bec" parentExecutionId="ec6e74a1-5daf-45db-9388-390c6f089a62" testId="ab527057-69f2-0a9a-89fd-18928a3920fd" testName="ToHashAlgorithmName_Passing_InvalidValueStringWithDefaultValue_Returns_DefaultValue (hhhhhh)" computerName="PC-SFERRARI" duration="00:00:00.0002562" startTime="2021-01-09T13:00:07.0200502+00:00" endTime="2021-01-09T13:00:07.0204400+00:00" testType="13cdc9d9-ddb5-4fa4-a97d-d965ccfc6d4b" outcome="Passed" testListId="8c84fa94-04c1-424b-9868-57a2d4851a1d" relativeResultsDirectory="65fa7eb3-da37-460c-8c76-a34720be3bec" dataRowInfo="1" resultType="DataDrivenDataRow" />
      </InnerResults>
    </UnitTestResult>
    <UnitTestResult executionId="d9f9b84a-909f-450f-8bd7-cc1cec4c3068" testId="5e237822-3b9d-da27-9221-3ae1f5eb15b0" testName="ToEnvironment_Passing_Staging_Enviroment_Returns_Staging_Name" computerName="PC-SFERRARI" duration="00:00:00.0006873" startTime="2021-01-09T13:00:05.9499873+00:00" endTime="2021-01-09T13:00:05.9508140+00:00" testType="13cdc9d9-ddb5-4fa4-a97d-d965ccfc6d4b" outcome="Passed" testListId="8c84fa94-04c1-424b-9868-57a2d4851a1d" relativeResultsDirectory="d9f9b84a-909f-450f-8bd7-cc1cec4c3068" />
    <UnitTestResult executionId="4bc7d413-3237-4e3f-bc22-822fec6b93ef" testId="579b7361-19a9-f329-acb3-de102dcfc793" testName="ToDefaultValue_Passing_ValidString_Returns_DefaultValue" computerName="PC-SFERRARI" duration="00:00:00.0002139" startTime="2021-01-09T13:00:07.8549308+00:00" endTime="2021-01-09T13:00:07.8552865+00:00" testType="13cdc9d9-ddb5-4fa4-a97d-d965ccfc6d4b" outcome="Passed" testListId="8c84fa94-04c1-424b-9868-57a2d4851a1d" relativeResultsDirectory="4bc7d413-3237-4e3f-bc22-822fec6b93ef" />
    <UnitTestResult executionId="d59498bc-ff33-4c86-95b8-40f9d02d9d31" testId="0b00f09d-f7e4-fb1e-68ad-8102cf6143e0" testName="ToPaged_Passing_Name_Descending_Order_Returns_Filter_List" computerName="PC-SFERRARI" duration="00:00:00.0007149" startTime="2021-01-09T13:00:06.7898375+00:00" endTime="2021-01-09T13:00:06.7907108+00:00" testType="13cdc9d9-ddb5-4fa4-a97d-d965ccfc6d4b" outcome="Passed" testListId="8c84fa94-04c1-424b-9868-57a2d4851a1d" relativeResultsDirectory="d59498bc-ff33-4c86-95b8-40f9d02d9d31" />
    <UnitTestResult executionId="de89cc5c-2ef1-48ac-9abc-ceb7669ac4e8" testId="320700ce-aa3b-5818-fb18-706cf7605472" testName="ToAttribute_Passing_Enumeration_Name_Returns_Atributte" computerName="PC-SFERRARI" duration="00:00:00.0027045" startTime="2021-01-09T13:00:06.3544834+00:00" endTime="2021-01-09T13:00:06.3574581+00:00" testType="13cdc9d9-ddb5-4fa4-a97d-d965ccfc6d4b" outcome="Passed" testListId="8c84fa94-04c1-424b-9868-57a2d4851a1d" relativeResultsDirectory="de89cc5c-2ef1-48ac-9abc-ceb7669ac4e8" />
    <UnitTestResult executionId="6307a507-bb51-4b86-bf7e-8d1f098746fe" testId="9064672f-1220-7bc0-f2b0-c66c74cccc5e" testName="ToConfiguration_Passing_Valid_DirectoryPath_Valid_JsonFileName_Returns_Ok" computerName="PC-SFERRARI" duration="00:00:00.0395663" startTime="2021-01-09T13:00:06.2171845+00:00" endTime="2021-01-09T13:00:06.2568843+00:00" testType="13cdc9d9-ddb5-4fa4-a97d-d965ccfc6d4b" outcome="Passed" testListId="8c84fa94-04c1-424b-9868-57a2d4851a1d" relativeResultsDirectory="6307a507-bb51-4b86-bf7e-8d1f098746fe" />
    <UnitTestResult executionId="6885c450-1acd-4631-bd62-54fcb917a924" testId="1c5de28c-f1b3-c94d-8e43-201eab8c2ff8" testName="ToEnvironment_Passing_Development_Enviroment_Returns_Development_Name" computerName="PC-SFERRARI" duration="00:00:00.0012045" startTime="2021-01-09T13:00:05.9376395+00:00" endTime="2021-01-09T13:00:05.9389932+00:00" testType="13cdc9d9-ddb5-4fa4-a97d-d965ccfc6d4b" outcome="Passed" testListId="8c84fa94-04c1-424b-9868-57a2d4851a1d" relativeResultsDirectory="6885c450-1acd-4631-bd62-54fcb917a924" />
    <UnitTestResult executionId="a7173132-d782-4edb-9961-3a8b72af90df" testId="ee30e1f9-ce80-c70a-1b56-b7e02750ae26" testName="IsDirectory_Passing_InvalidArguments_Returns_HasErrorsAndCount" computerName="PC-SFERRARI" duration="00:00:00.0034018" startTime="2021-01-09T13:00:06.0284767+00:00" endTime="2021-01-09T13:00:06.0320673+00:00" testType="13cdc9d9-ddb5-4fa4-a97d-d965ccfc6d4b" outcome="Passed" testListId="8c84fa94-04c1-424b-9868-57a2d4851a1d" relativeResultsDirectory="a7173132-d782-4edb-9961-3a8b72af90df" />
    <UnitTestResult executionId="43ba7bd0-0ed4-45dc-b400-29e1326ce41b" testId="c09577a6-adca-ef94-40b5-45575ad65e4f" testName="ToEnvironment_ServiceProvider_Passing_Development_Enviroment_Returns_Development_Name" computerName="PC-SFERRARI" duration="00:00:00.0004860" startTime="2021-01-09T13:00:06.2591176+00:00" endTime="2021-01-09T13:00:06.2596693+00:00" testType="13cdc9d9-ddb5-4fa4-a97d-d965ccfc6d4b" outcome="Passed" testListId="8c84fa94-04c1-424b-9868-57a2d4851a1d" relativeResultsDirectory="43ba7bd0-0ed4-45dc-b400-29e1326ce41b" />
    <UnitTestResult executionId="492cf161-b004-4770-b927-1317f4cc56c0" testId="678a7b5d-e2f9-09be-f35f-0e3e4d5ad033" testName="ToDeserialize_Passing_String_Returns_Object" computerName="PC-SFERRARI" duration="00:00:00.0038990" startTime="2021-01-09T13:00:06.7728953+00:00" endTime="2021-01-09T13:00:06.7772508+00:00" testType="13cdc9d9-ddb5-4fa4-a97d-d965ccfc6d4b" outcome="Passed" testListId="8c84fa94-04c1-424b-9868-57a2d4851a1d" relativeResultsDirectory="492cf161-b004-4770-b927-1317f4cc56c0" />
    <UnitTestResult executionId="3d4eb061-bc67-4e35-ae90-3f9db05f68c7" testId="a2b6017f-838f-c435-81c1-a75dd92108eb" testName="IsEspecialChars_Passing_ValidArguments_Returns_HasErrorsAndCount" computerName="PC-SFERRARI" duration="00:00:00.0001410" startTime="2021-01-09T13:00:06.0413069+00:00" endTime="2021-01-09T13:00:06.0415199+00:00" testType="13cdc9d9-ddb5-4fa4-a97d-d965ccfc6d4b" outcome="Passed" testListId="8c84fa94-04c1-424b-9868-57a2d4851a1d" relativeResultsDirectory="3d4eb061-bc67-4e35-ae90-3f9db05f68c7" />
    <UnitTestResult executionId="9abca4d3-8c28-4324-9453-dd78fede69fc" testId="15fe55e5-cdce-6280-ea15-ef777735767c" testName="ToEnvironment_ServiceCollection_Passing_Production_Enviroment_Returns_Production_Name" computerName="PC-SFERRARI" duration="00:00:00.0003714" startTime="2021-01-09T13:00:06.2582087+00:00" endTime="2021-01-09T13:00:06.2586531+00:00" testType="13cdc9d9-ddb5-4fa4-a97d-d965ccfc6d4b" outcome="Passed" testListId="8c84fa94-04c1-424b-9868-57a2d4851a1d" relativeResultsDirectory="9abca4d3-8c28-4324-9453-dd78fede69fc" />
  </Results>
  <TestDefinitions>
    <UnitTest name="ToIsAuthenticated_Passing_Claims_Returns_False" storage="d:\sferrari\01 - trabajo\repos\netcore\template-netcore-shared\kitpymes.core.shared.tests\bin\debug\netcoreapp3.0\kitpymes.core.shared.tests.dll" id="7384e2f6-7a7f-d462-78fa-5bf7f49c326a">
      <Execution id="278c87d3-69d1-4723-85ca-f0bf2ff03da5" />
      <TestMethod codeBase="D:\SFERRARI\01 - TRABAJO\repos\netcore\template-netcore-shared\Kitpymes.Core.Shared.Tests\bin\Debug\netcoreapp3.0\Kitpymes.Core.Shared.Tests.dll" adapterTypeName="executor://mstestadapter/v2" className="Kitpymes.Core.Shared.Tests.ClaimsPrincipalExtensionsTests" name="ToIsAuthenticated_Passing_Claims_Returns_False" />
    </UnitTest>
    <UnitTest name="ToReadOnly_Passing_Valid_Collection_Returns_Readonly_Collection" storage="d:\sferrari\01 - trabajo\repos\netcore\template-netcore-shared\kitpymes.core.shared.tests\bin\debug\netcoreapp3.0\kitpymes.core.shared.tests.dll" id="42ded375-26ee-044e-44a7-9eab5e4cd342">
      <Execution id="bd0a742b-696b-4bf1-ab3a-b1d9d4285dfd" />
      <TestMethod codeBase="D:\SFERRARI\01 - TRABAJO\repos\netcore\template-netcore-shared\Kitpymes.Core.Shared.Tests\bin\Debug\netcoreapp3.0\Kitpymes.Core.Shared.Tests.dll" adapterTypeName="executor://mstestadapter/v2" className="Kitpymes.Core.Shared.Tests.EnumerableExtensionsTests" name="ToReadOnly_Passing_Valid_Collection_Returns_Readonly_Collection" />
    </UnitTest>
    <UnitTest name="ToUserName_Passing_Null_ClaimsPrincipal_Returns_ApplicationException" storage="d:\sferrari\01 - trabajo\repos\netcore\template-netcore-shared\kitpymes.core.shared.tests\bin\debug\netcoreapp3.0\kitpymes.core.shared.tests.dll" id="65b9c427-b5ec-99b4-199a-0093cd460501">
      <Execution id="2bcb57e1-487c-4ab6-9eb8-8948bffc7cef" />
      <TestMethod codeBase="D:\SFERRARI\01 - TRABAJO\repos\netcore\template-netcore-shared\Kitpymes.Core.Shared.Tests\bin\Debug\netcoreapp3.0\Kitpymes.Core.Shared.Tests.dll" adapterTypeName="executor://mstestadapter/v2" className="Kitpymes.Core.Shared.Tests.ClaimsPrincipalExtensionsTests" name="ToUserName_Passing_Null_ClaimsPrincipal_Returns_ApplicationException" />
    </UnitTest>
    <UnitTest name="ToDirectoryFindFilePath_Passing_ValidValue_Returns_FilePath" storage="d:\sferrari\01 - trabajo\repos\netcore\template-netcore-shared\kitpymes.core.shared.tests\bin\debug\netcoreapp3.0\kitpymes.core.shared.tests.dll" id="04cb4b72-edc8-fe06-49e1-217ed503eff8">
      <Execution id="b40f2246-20f2-46a7-abf7-d38d6cca66ea" />
      <TestMethod codeBase="D:\SFERRARI\01 - TRABAJO\repos\netcore\template-netcore-shared\Kitpymes.Core.Shared.Tests\bin\Debug\netcoreapp3.0\Kitpymes.Core.Shared.Tests.dll" adapterTypeName="executor://mstestadapter/v2" className="Kitpymes.Core.Shared.Tests.StringExtensionsTests" name="ToDirectoryFindFilePath_Passing_ValidValue_Returns_FilePath" />
    </UnitTest>
    <UnitTest name="ToIsLastDayOfTheMonth_Passing_NotLastDayOfMonth_Returns_False" storage="d:\sferrari\01 - trabajo\repos\netcore\template-netcore-shared\kitpymes.core.shared.tests\bin\debug\netcoreapp3.0\kitpymes.core.shared.tests.dll" id="3443f7f5-ee1a-f375-e5b1-f7ffa940c0db">
      <Execution id="bdbf72d2-3607-4a7f-8ea4-b80d383e1508" />
      <TestMethod codeBase="D:\SFERRARI\01 - TRABAJO\repos\netcore\template-netcore-shared\Kitpymes.Core.Shared.Tests\bin\Debug\netcoreapp3.0\Kitpymes.Core.Shared.Tests.dll" adapterTypeName="executor://mstestadapter/v2" className="Kitpymes.Core.Shared.Tests.DateTimeExtensionsTests" name="ToIsLastDayOfTheMonth_Passing_NotLastDayOfMonth_Returns_False" />
    </UnitTest>
    <UnitTest name="ToDefaultValue_Passing_bool_Returns_Cero" storage="d:\sferrari\01 - trabajo\repos\netcore\template-netcore-shared\kitpymes.core.shared.tests\bin\debug\netcoreapp3.0\kitpymes.core.shared.tests.dll" id="432377b9-b0ad-9a2a-6dc2-e1069e73c449">
      <Execution id="9d6dcc38-c757-43db-bb62-38e95c451b90" />
      <TestMethod codeBase="D:\SFERRARI\01 - TRABAJO\repos\netcore\template-netcore-shared\Kitpymes.Core.Shared.Tests\bin\Debug\netcoreapp3.0\Kitpymes.Core.Shared.Tests.dll" adapterTypeName="executor://mstestadapter/v2" className="Kitpymes.Core.Shared.Tests.GenericExtensionsTests" name="ToDefaultValue_Passing_bool_Returns_Cero" />
    </UnitTest>
    <UnitTest name="ToString_Passing_Valid_Collection_With_Custom_Separator_Returns_String_With_Custom_Separator" storage="d:\sferrari\01 - trabajo\repos\netcore\template-netcore-shared\kitpymes.core.shared.tests\bin\debug\netcoreapp3.0\kitpymes.core.shared.tests.dll" id="bf8f6922-5666-8ec7-1500-aabd5997d6a4">
      <Execution id="c7bcda7d-02f7-4e57-b8a5-16c5610f6fe3" />
      <TestMethod codeBase="D:\SFERRARI\01 - TRABAJO\repos\netcore\template-netcore-shared\Kitpymes.Core.Shared.Tests\bin\Debug\netcoreapp3.0\Kitpymes.Core.Shared.Tests.dll" adapterTypeName="executor://mstestadapter/v2" className="Kitpymes.Core.Shared.Tests.EnumerableExtensionsTests" name="ToString_Passing_Valid_Collection_With_Custom_Separator_Returns_String_With_Custom_Separator" />
    </UnitTest>
    <UnitTest name="ToMapClone_Passing_Source_Returns_New_Source_Object" storage="d:\sferrari\01 - trabajo\repos\netcore\template-netcore-shared\kitpymes.core.shared.tests\bin\debug\netcoreapp3.0\kitpymes.core.shared.tests.dll" id="27cc1a96-8264-8762-05bc-aa63ccb155d7">
      <Execution id="055b749d-0779-4153-89ea-c4a8e94d238d" />
      <TestMethod codeBase="D:\SFERRARI\01 - TRABAJO\repos\netcore\template-netcore-shared\Kitpymes.Core.Shared.Tests\bin\Debug\netcoreapp3.0\Kitpymes.Core.Shared.Tests.dll" adapterTypeName="executor://mstestadapter/v2" className="Kitpymes.Core.Shared.Tests.AgileMapperExtensionsTests" name="ToMapClone_Passing_Source_Returns_New_Source_Object" />
    </UnitTest>
    <UnitTest name="IsLess_Passing_InvalidArguments_Returns_HasErrorsAndCount" storage="d:\sferrari\01 - trabajo\repos\netcore\template-netcore-shared\kitpymes.core.shared.tests\bin\debug\netcoreapp3.0\kitpymes.core.shared.tests.dll" id="4d9bde6c-668c-a1d3-dc60-edcfc6a4082c">
      <Execution id="2d9aba91-99bd-426a-9e41-debac9e6c96b" />
      <TestMethod codeBase="D:\SFERRARI\01 - TRABAJO\repos\netcore\template-netcore-shared\Kitpymes.Core.Shared.Tests\bin\Debug\netcoreapp3.0\Kitpymes.Core.Shared.Tests.dll" adapterTypeName="executor://mstestadapter/v2" className="Kitpymes.Core.Shared.Tests.CheckTests" name="IsLess_Passing_InvalidArguments_Returns_HasErrorsAndCount" />
    </UnitTest>
    <UnitTest name="ToInt_Passing_InvalidValueString_Returns_DefaultValue" storage="d:\sferrari\01 - trabajo\repos\netcore\template-netcore-shared\kitpymes.core.shared.tests\bin\debug\netcoreapp3.0\kitpymes.core.shared.tests.dll" id="19f76070-822e-31f8-2a9f-a96f774333a7">
      <Execution id="8c55f5da-1c9a-4281-b579-3b68df0ee680" />
      <TestMethod codeBase="D:\SFERRARI\01 - TRABAJO\repos\netcore\template-netcore-shared\Kitpymes.Core.Shared.Tests\bin\Debug\netcoreapp3.0\Kitpymes.Core.Shared.Tests.dll" adapterTypeName="executor://mstestadapter/v2" className="Kitpymes.Core.Shared.Tests.StringExtensionsTests" name="ToInt_Passing_InvalidValueString_Returns_DefaultValue" />
    </UnitTest>
    <UnitTest name="ToEnum_Passing_InvalidValueString_Returns_EnumCustomValue" storage="d:\sferrari\01 - trabajo\repos\netcore\template-netcore-shared\kitpymes.core.shared.tests\bin\debug\netcoreapp3.0\kitpymes.core.shared.tests.dll" id="7c09a438-5465-f760-64b2-23d25fc199f5">
      <Execution id="488c7288-3e71-49f9-8c2a-aa83b4c67bda" />
      <TestMethod codeBase="D:\SFERRARI\01 - TRABAJO\repos\netcore\template-netcore-shared\Kitpymes.Core.Shared.Tests\bin\Debug\netcoreapp3.0\Kitpymes.Core.Shared.Tests.dll" adapterTypeName="executor://mstestadapter/v2" className="Kitpymes.Core.Shared.Tests.StringExtensionsTests" name="ToEnum_Passing_InvalidValueString_Returns_EnumCustomValue" />
    </UnitTest>
    <UnitTest name="ResultError_WithMessage_WithDetails" storage="d:\sferrari\01 - trabajo\repos\netcore\template-netcore-shared\kitpymes.core.shared.tests\bin\debug\netcoreapp3.0\kitpymes.core.shared.tests.dll" id="c1b4b96f-5089-058a-db94-14574ac1ddcf">
      <Execution id="129234c0-1e80-41a0-aa6b-b3adafad70d3" />
      <TestMethod codeBase="D:\SFERRARI\01 - TRABAJO\repos\netcore\template-netcore-shared\Kitpymes.Core.Shared.Tests\bin\Debug\netcoreapp3.0\Kitpymes.Core.Shared.Tests.dll" adapterTypeName="executor://mstestadapter/v2" className="Kitpymes.Core.Shared.Tests.ResultTest" name="ResultError_WithMessage_WithDetails" />
    </UnitTest>
    <UnitTest name="ToHeader_Passing_HttpRequest_Header_Many_Values_Returns_Values" storage="d:\sferrari\01 - trabajo\repos\netcore\template-netcore-shared\kitpymes.core.shared.tests\bin\debug\netcoreapp3.0\kitpymes.core.shared.tests.dll" id="43c10c64-8836-30db-afbe-d1657a7dd9d8">
      <Execution id="d5ddb727-95f2-409c-bc86-575795b4b024" />
      <TestMethod codeBase="D:\SFERRARI\01 - TRABAJO\repos\netcore\template-netcore-shared\Kitpymes.Core.Shared.Tests\bin\Debug\netcoreapp3.0\Kitpymes.Core.Shared.Tests.dll" adapterTypeName="executor://mstestadapter/v2" className="Kitpymes.Core.Shared.Tests.HttpRequestExtensionsTests" name="ToHeader_Passing_HttpRequest_Header_Many_Values_Returns_Values" />
    </UnitTest>
    <UnitTest name="ToGetAll_Passing_Claims_Returns_Claim_Value_Object_List" storage="d:\sferrari\01 - trabajo\repos\netcore\template-netcore-shared\kitpymes.core.shared.tests\bin\debug\netcoreapp3.0\kitpymes.core.shared.tests.dll" id="2e87c537-4979-f58b-6e83-f3d4ee161ff1">
      <Execution id="634c58dd-d0a0-42e7-8141-3f2041827e0d" />
      <TestMethod codeBase="D:\SFERRARI\01 - TRABAJO\repos\netcore\template-netcore-shared\Kitpymes.Core.Shared.Tests\bin\Debug\netcoreapp3.0\Kitpymes.Core.Shared.Tests.dll" adapterTypeName="executor://mstestadapter/v2" className="Kitpymes.Core.Shared.Tests.ClaimsPrincipalExtensionsTests" name="ToGetAll_Passing_Claims_Returns_Claim_Value_Object_List" />
    </UnitTest>
    <UnitTest name="ToAssembly_Passing_ValidValueAssemblyString_Returns_Assembly" storage="d:\sferrari\01 - trabajo\repos\netcore\template-netcore-shared\kitpymes.core.shared.tests\bin\debug\netcoreapp3.0\kitpymes.core.shared.tests.dll" id="3721d3c1-7c03-ad84-143f-64bfeb5b314e">
      <Execution id="0ad6e50d-193a-488d-b6d4-ff6217e46f8a" />
      <TestMethod codeBase="D:\SFERRARI\01 - TRABAJO\repos\netcore\template-netcore-shared\Kitpymes.Core.Shared.Tests\bin\Debug\netcoreapp3.0\Kitpymes.Core.Shared.Tests.dll" adapterTypeName="executor://mstestadapter/v2" className="Kitpymes.Core.Shared.Tests.StringExtensionsTests" name="ToAssembly_Passing_ValidValueAssemblyString_Returns_Assembly" />
    </UnitTest>
    <UnitTest name="ToDefaultValue_Passing_double_Returns_Cero" storage="d:\sferrari\01 - trabajo\repos\netcore\template-netcore-shared\kitpymes.core.shared.tests\bin\debug\netcoreapp3.0\kitpymes.core.shared.tests.dll" id="f752d50b-77fa-327a-4493-168161bd27b2">
      <Execution id="3e43afae-0d25-40ef-8122-91ac724cbadb" />
      <TestMethod codeBase="D:\SFERRARI\01 - TRABAJO\repos\netcore\template-netcore-shared\Kitpymes.Core.Shared.Tests\bin\Debug\netcoreapp3.0\Kitpymes.Core.Shared.Tests.dll" adapterTypeName="executor://mstestadapter/v2" className="Kitpymes.Core.Shared.Tests.GenericExtensionsTests" name="ToDefaultValue_Passing_double_Returns_Cero" />
    </UnitTest>
    <UnitTest name="ToDefaultValue_Passing_char_Returns_Cero" storage="d:\sferrari\01 - trabajo\repos\netcore\template-netcore-shared\kitpymes.core.shared.tests\bin\debug\netcoreapp3.0\kitpymes.core.shared.tests.dll" id="17a38df3-33e0-71ac-f8cb-dcdd3ade7269">
      <Execution id="aff8d68a-45f1-4aca-bed4-650d8832ff04" />
      <TestMethod codeBase="D:\SFERRARI\01 - TRABAJO\repos\netcore\template-netcore-shared\Kitpymes.Core.Shared.Tests\bin\Debug\netcoreapp3.0\Kitpymes.Core.Shared.Tests.dll" adapterTypeName="executor://mstestadapter/v2" className="Kitpymes.Core.Shared.Tests.GenericExtensionsTests" name="ToDefaultValue_Passing_char_Returns_Cero" />
    </UnitTest>
    <UnitTest name="ToCompress_Passing_Object_Bytes_Returns_Object" storage="d:\sferrari\01 - trabajo\repos\netcore\template-netcore-shared\kitpymes.core.shared.tests\bin\debug\netcoreapp3.0\kitpymes.core.shared.tests.dll" id="8a110a46-40a4-c9bb-083e-1c3fcb5b45b7">
      <Execution id="099e26b6-06a6-4bad-a091-29935909c0ef" />
      <TestMethod codeBase="D:\SFERRARI\01 - TRABAJO\repos\netcore\template-netcore-shared\Kitpymes.Core.Shared.Tests\bin\Debug\netcoreapp3.0\Kitpymes.Core.Shared.Tests.dll" adapterTypeName="executor://mstestadapter/v2" className="Kitpymes.Core.Shared.Tests.BytesExtensionsTests" name="ToCompress_Passing_Object_Bytes_Returns_Object" />
    </UnitTest>
    <UnitTest name="CreateRandom_WithCustomAllowableCharacters_Passing_Valid_Arguments_Returns_String_Random_Value" storage="d:\sferrari\01 - trabajo\repos\netcore\template-netcore-shared\kitpymes.core.shared.tests\bin\debug\netcoreapp3.0\kitpymes.core.shared.tests.dll" id="430dec51-b9df-7e06-fff9-78e6d362c2d8">
      <Execution id="c949da9a-ad15-4fcf-9316-e3c813cb038a" />
      <TestMethod codeBase="D:\SFERRARI\01 - TRABAJO\repos\netcore\template-netcore-shared\Kitpymes.Core.Shared.Tests\bin\Debug\netcoreapp3.0\Kitpymes.Core.Shared.Tests.dll" adapterTypeName="executor://mstestadapter/v2" className="Kitpymes.Core.Shared.Tests.HashTests" name="CreateRandom_WithCustomAllowableCharacters_Passing_Valid_Arguments_Returns_String_Random_Value" />
    </UnitTest>
    <UnitTest name="ToEnvironment_ServiceCollection_Passing_Production_Enviroment_Returns_Production_Name" storage="d:\sferrari\01 - trabajo\repos\netcore\template-netcore-shared\kitpymes.core.shared.tests\bin\debug\netcoreapp3.0\kitpymes.core.shared.tests.dll" id="15fe55e5-cdce-6280-ea15-ef777735767c">
      <Execution id="9abca4d3-8c28-4324-9453-dd78fede69fc" />
      <TestMethod codeBase="D:\SFERRARI\01 - TRABAJO\repos\netcore\template-netcore-shared\Kitpymes.Core.Shared.Tests\bin\Debug\netcoreapp3.0\Kitpymes.Core.Shared.Tests.dll" adapterTypeName="executor://mstestadapter/v2" className="Kitpymes.Core.Shared.Tests.ConfigurationBuilderExtensionsTests" name="ToEnvironment_ServiceCollection_Passing_Production_Enviroment_Returns_Production_Name" />
    </UnitTest>
    <UnitTest name="ToServiceMatchingInterface_Passing_Empties_Assemblies_Returns_ApplicationException" storage="d:\sferrari\01 - trabajo\repos\netcore\template-netcore-shared\kitpymes.core.shared.tests\bin\debug\netcoreapp3.0\kitpymes.core.shared.tests.dll" id="760ae14b-6c0d-0288-811d-408b67937415">
      <Execution id="ceeb1c51-57d0-4c89-a9a0-e1cea08319e9" />
      <TestMethod codeBase="D:\SFERRARI\01 - TRABAJO\repos\netcore\template-netcore-shared\Kitpymes.Core.Shared.Tests\bin\Debug\netcoreapp3.0\Kitpymes.Core.Shared.Tests.dll" adapterTypeName="executor://mstestadapter/v2" className="Kitpymes.Core.Shared.Tests.ConfigurationBuilderExtensionsTests" name="ToServiceMatchingInterface_Passing_Empties_Assemblies_Returns_ApplicationException" />
    </UnitTest>
    <UnitTest name="ToMapUpdate_Passing_Destination_Object_Returns_Updated_Destination_Object" storage="d:\sferrari\01 - trabajo\repos\netcore\template-netcore-shared\kitpymes.core.shared.tests\bin\debug\netcoreapp3.0\kitpymes.core.shared.tests.dll" id="71a1897b-b713-c047-1c23-5efdff095b20">
      <Execution id="8a4d3005-9a38-4427-bd4b-c4eae0152e01" />
      <TestMethod codeBase="D:\SFERRARI\01 - TRABAJO\repos\netcore\template-netcore-shared\Kitpymes.Core.Shared.Tests\bin\Debug\netcoreapp3.0\Kitpymes.Core.Shared.Tests.dll" adapterTypeName="executor://mstestadapter/v2" className="Kitpymes.Core.Shared.Tests.AgileMapperExtensionsTests" name="ToMapUpdate_Passing_Destination_Object_Returns_Updated_Destination_Object" />
    </UnitTest>
    <UnitTest name="ToDefaultValue_Passing_byte_Returns_Cero" storage="d:\sferrari\01 - trabajo\repos\netcore\template-netcore-shared\kitpymes.core.shared.tests\bin\debug\netcoreapp3.0\kitpymes.core.shared.tests.dll" id="6c59b811-73c0-2540-9661-8c8f2a459ff2">
      <Execution id="88b16dba-aebc-44cd-abe8-60ee74a14346" />
      <TestMethod codeBase="D:\SFERRARI\01 - TRABAJO\repos\netcore\template-netcore-shared\Kitpymes.Core.Shared.Tests\bin\Debug\netcoreapp3.0\Kitpymes.Core.Shared.Tests.dll" adapterTypeName="executor://mstestadapter/v2" className="Kitpymes.Core.Shared.Tests.GenericExtensionsTests" name="ToDefaultValue_Passing_byte_Returns_Cero" />
    </UnitTest>
    <UnitTest name="IsLowercase_Passing_ValidArguments_Returns_HasErrorsAndCount" storage="d:\sferrari\01 - trabajo\repos\netcore\template-netcore-shared\kitpymes.core.shared.tests\bin\debug\netcoreapp3.0\kitpymes.core.shared.tests.dll" id="006d3c07-11d3-9f4b-c045-6799df52bbfb">
      <Execution id="6558227b-333f-45d6-a1eb-298c8f3ad89c" />
      <TestMethod codeBase="D:\SFERRARI\01 - TRABAJO\repos\netcore\template-netcore-shared\Kitpymes.Core.Shared.Tests\bin\Debug\netcoreapp3.0\Kitpymes.Core.Shared.Tests.dll" adapterTypeName="executor://mstestadapter/v2" className="Kitpymes.Core.Shared.Tests.CheckTests" name="IsLowercase_Passing_ValidArguments_Returns_HasErrorsAndCount" />
    </UnitTest>
    <UnitTest name="IsLowercase_Passing_InvalidArguments_Returns_HasErrorsAndCount" storage="d:\sferrari\01 - trabajo\repos\netcore\template-netcore-shared\kitpymes.core.shared.tests\bin\debug\netcoreapp3.0\kitpymes.core.shared.tests.dll" id="c19b83a3-45fc-e848-cbcc-7f68b66eb4e3">
      <Execution id="c5ec767f-03fe-4cde-a55b-65b57c1023f9" />
      <TestMethod codeBase="D:\SFERRARI\01 - TRABAJO\repos\netcore\template-netcore-shared\Kitpymes.Core.Shared.Tests\bin\Debug\netcoreapp3.0\Kitpymes.Core.Shared.Tests.dll" adapterTypeName="executor://mstestadapter/v2" className="Kitpymes.Core.Shared.Tests.CheckTests" name="IsLowercase_Passing_InvalidArguments_Returns_HasErrorsAndCount" />
    </UnitTest>
    <UnitTest name="ToEnvironment_Passing_Production_Enviroment_Returns_Production_Name" storage="d:\sferrari\01 - trabajo\repos\netcore\template-netcore-shared\kitpymes.core.shared.tests\bin\debug\netcoreapp3.0\kitpymes.core.shared.tests.dll" id="31126d50-f667-908c-85f3-09f9d9272df9">
      <Execution id="4053dfa8-c1a1-4fca-943d-0fe947b13937" />
      <TestMethod codeBase="D:\SFERRARI\01 - TRABAJO\repos\netcore\template-netcore-shared\Kitpymes.Core.Shared.Tests\bin\Debug\netcoreapp3.0\Kitpymes.Core.Shared.Tests.dll" adapterTypeName="executor://mstestadapter/v2" className="Kitpymes.Core.Shared.Tests.ApplicationBuilderExtensionsTests" name="ToEnvironment_Passing_Production_Enviroment_Returns_Production_Name" />
    </UnitTest>
    <UnitTest name="ToYesterday_Passing_DateTime_Returns_Yesterday_DateTime" storage="d:\sferrari\01 - trabajo\repos\netcore\template-netcore-shared\kitpymes.core.shared.tests\bin\debug\netcoreapp3.0\kitpymes.core.shared.tests.dll" id="33545399-79af-5e7f-5179-57fe5645f4be">
      <Execution id="ac230efa-6d8b-4782-8b3d-3d5d3fe7a3c5" />
      <TestMethod codeBase="D:\SFERRARI\01 - TRABAJO\repos\netcore\template-netcore-shared\Kitpymes.Core.Shared.Tests\bin\Debug\netcoreapp3.0\Kitpymes.Core.Shared.Tests.dll" adapterTypeName="executor://mstestadapter/v2" className="Kitpymes.Core.Shared.Tests.DateTimeExtensionsTests" name="ToYesterday_Passing_DateTime_Returns_Yesterday_DateTime" />
    </UnitTest>
    <UnitTest name="ToEnvironment_Passing_Staging_Enviroment_Returns_Staging_Name" storage="d:\sferrari\01 - trabajo\repos\netcore\template-netcore-shared\kitpymes.core.shared.tests\bin\debug\netcoreapp3.0\kitpymes.core.shared.tests.dll" id="5e237822-3b9d-da27-9221-3ae1f5eb15b0">
      <Execution id="d9f9b84a-909f-450f-8bd7-cc1cec4c3068" />
      <TestMethod codeBase="D:\SFERRARI\01 - TRABAJO\repos\netcore\template-netcore-shared\Kitpymes.Core.Shared.Tests\bin\Debug\netcoreapp3.0\Kitpymes.Core.Shared.Tests.dll" adapterTypeName="executor://mstestadapter/v2" className="Kitpymes.Core.Shared.Tests.ApplicationBuilderExtensionsTests" name="ToEnvironment_Passing_Staging_Enviroment_Returns_Staging_Name" />
    </UnitTest>
    <UnitTest name="ToIsAuthenticated_Passing_Claims_Returns_True" storage="d:\sferrari\01 - trabajo\repos\netcore\template-netcore-shared\kitpymes.core.shared.tests\bin\debug\netcoreapp3.0\kitpymes.core.shared.tests.dll" id="a75e991f-5e03-3949-85d6-afa1f14455d4">
      <Execution id="f6ad907b-df8d-4695-ae65-d20ff3fb097f" />
      <TestMethod codeBase="D:\SFERRARI\01 - TRABAJO\repos\netcore\template-netcore-shared\Kitpymes.Core.Shared.Tests\bin\Debug\netcoreapp3.0\Kitpymes.Core.Shared.Tests.dll" adapterTypeName="executor://mstestadapter/v2" className="Kitpymes.Core.Shared.Tests.ClaimsPrincipalExtensionsTests" name="ToIsAuthenticated_Passing_Claims_Returns_True" />
    </UnitTest>
    <UnitTest name="ToUri_Passing_InvalidValueString_Returns_DefaultValue" storage="d:\sferrari\01 - trabajo\repos\netcore\template-netcore-shared\kitpymes.core.shared.tests\bin\debug\netcoreapp3.0\kitpymes.core.shared.tests.dll" id="bc15aa99-72de-0e5a-b6e8-2d654659d591">
      <Execution id="aa3d6dda-5a3d-4eb1-88e6-dbcfddb47623" />
      <TestMethod codeBase="D:\SFERRARI\01 - TRABAJO\repos\netcore\template-netcore-shared\Kitpymes.Core.Shared.Tests\bin\Debug\netcoreapp3.0\Kitpymes.Core.Shared.Tests.dll" adapterTypeName="executor://mstestadapter/v2" className="Kitpymes.Core.Shared.Tests.StringExtensionsTests" name="ToUri_Passing_InvalidValueString_Returns_DefaultValue" />
    </UnitTest>
    <UnitTest name="IsUniqueChars_Passing_InvalidArguments_Returns_HasErrorsAndCount" storage="d:\sferrari\01 - trabajo\repos\netcore\template-netcore-shared\kitpymes.core.shared.tests\bin\debug\netcoreapp3.0\kitpymes.core.shared.tests.dll" id="b9a89fa2-355c-e886-bec5-28d3cf549be6">
      <Execution id="42463509-254f-40a4-b1d1-23c704f824df" />
      <TestMethod codeBase="D:\SFERRARI\01 - TRABAJO\repos\netcore\template-netcore-shared\Kitpymes.Core.Shared.Tests\bin\Debug\netcoreapp3.0\Kitpymes.Core.Shared.Tests.dll" adapterTypeName="executor://mstestadapter/v2" className="Kitpymes.Core.Shared.Tests.CheckTests" name="IsUniqueChars_Passing_InvalidArguments_Returns_HasErrorsAndCount" />
    </UnitTest>
    <UnitTest name="ToPath_Passing_HttpRequest_Scheme_Host_Path_Returns_Url" storage="d:\sferrari\01 - trabajo\repos\netcore\template-netcore-shared\kitpymes.core.shared.tests\bin\debug\netcoreapp3.0\kitpymes.core.shared.tests.dll" id="5385d994-9594-6052-11cb-73f8d2344981">
      <Execution id="0a05d4d5-5745-423d-9097-847a951f6fec" />
      <TestMethod codeBase="D:\SFERRARI\01 - TRABAJO\repos\netcore\template-netcore-shared\Kitpymes.Core.Shared.Tests\bin\Debug\netcoreapp3.0\Kitpymes.Core.Shared.Tests.dll" adapterTypeName="executor://mstestadapter/v2" className="Kitpymes.Core.Shared.Tests.HttpRequestExtensionsTests" name="ToPath_Passing_HttpRequest_Scheme_Host_Path_Returns_Url" />
    </UnitTest>
    <UnitTest name="CreateSHA512_Passing_Invalid_Arguments_Returns_ApplicationException" storage="d:\sferrari\01 - trabajo\repos\netcore\template-netcore-shared\kitpymes.core.shared.tests\bin\debug\netcoreapp3.0\kitpymes.core.shared.tests.dll" id="f17b6f1f-06a9-5318-815f-4c3950fdd0cb">
      <Execution id="7b74c825-da07-4e5b-9476-35c1794a721f" />
      <TestMethod codeBase="D:\SFERRARI\01 - TRABAJO\repos\netcore\template-netcore-shared\Kitpymes.Core.Shared.Tests\bin\Debug\netcoreapp3.0\Kitpymes.Core.Shared.Tests.dll" adapterTypeName="executor://mstestadapter/v2" className="Kitpymes.Core.Shared.Tests.HashTests" name="CreateSHA512_Passing_Invalid_Arguments_Returns_ApplicationException" />
    </UnitTest>
    <UnitTest name="ToDefaultValue_Passing_decimal_Returns_Cero" storage="d:\sferrari\01 - trabajo\repos\netcore\template-netcore-shared\kitpymes.core.shared.tests\bin\debug\netcoreapp3.0\kitpymes.core.shared.tests.dll" id="334e3485-05b4-4549-cacd-aef8fff10757">
      <Execution id="e63d3532-790a-47e4-b07e-ff9c3797d8ad" />
      <TestMethod codeBase="D:\SFERRARI\01 - TRABAJO\repos\netcore\template-netcore-shared\Kitpymes.Core.Shared.Tests\bin\Debug\netcoreapp3.0\Kitpymes.Core.Shared.Tests.dll" adapterTypeName="executor://mstestadapter/v2" className="Kitpymes.Core.Shared.Tests.GenericExtensionsTests" name="ToDefaultValue_Passing_decimal_Returns_Cero" />
    </UnitTest>
    <UnitTest name="ToConfigureOrDefault_Passing_ActionCustomValues_Returns_CustomValues" storage="d:\sferrari\01 - trabajo\repos\netcore\template-netcore-shared\kitpymes.core.shared.tests\bin\debug\netcoreapp3.0\kitpymes.core.shared.tests.dll" id="313cfb2c-8c3b-337b-12f8-296f8611376d">
      <Execution id="b9830366-966a-45f9-92a1-f732e0b0c947" />
      <TestMethod codeBase="D:\SFERRARI\01 - TRABAJO\repos\netcore\template-netcore-shared\Kitpymes.Core.Shared.Tests\bin\Debug\netcoreapp3.0\Kitpymes.Core.Shared.Tests.dll" adapterTypeName="executor://mstestadapter/v2" className="Kitpymes.Core.Shared.Tests.ActionExtensionsTests" name="ToConfigureOrDefault_Passing_ActionCustomValues_Returns_CustomValues" />
    </UnitTest>
    <UnitTest name="ToMapMerge_Passing_Destination_Object_Returns_Merged_Destination_Object" storage="d:\sferrari\01 - trabajo\repos\netcore\template-netcore-shared\kitpymes.core.shared.tests\bin\debug\netcoreapp3.0\kitpymes.core.shared.tests.dll" id="ab274dac-b194-4e0f-6fab-a20667b535a8">
      <Execution id="64ce5a58-6665-4b6c-bf5c-38507b0ec934" />
      <TestMethod codeBase="D:\SFERRARI\01 - TRABAJO\repos\netcore\template-netcore-shared\Kitpymes.Core.Shared.Tests\bin\Debug\netcoreapp3.0\Kitpymes.Core.Shared.Tests.dll" adapterTypeName="executor://mstestadapter/v2" className="Kitpymes.Core.Shared.Tests.AgileMapperExtensionsTests" name="ToMapMerge_Passing_Destination_Object_Returns_Merged_Destination_Object" />
    </UnitTest>
    <UnitTest name="ToExists_Passing_Claims_Returns_True" storage="d:\sferrari\01 - trabajo\repos\netcore\template-netcore-shared\kitpymes.core.shared.tests\bin\debug\netcoreapp3.0\kitpymes.core.shared.tests.dll" id="57d3cdd8-8268-9aa3-6f39-3cc0224b305c">
      <Execution id="2ec03dbb-5c93-44dc-a275-fcbc5c19038c" />
      <TestMethod codeBase="D:\SFERRARI\01 - TRABAJO\repos\netcore\template-netcore-shared\Kitpymes.Core.Shared.Tests\bin\Debug\netcoreapp3.0\Kitpymes.Core.Shared.Tests.dll" adapterTypeName="executor://mstestadapter/v2" className="Kitpymes.Core.Shared.Tests.ClaimsPrincipalExtensionsTests" name="ToExists_Passing_Claims_Returns_True" />
    </UnitTest>
    <UnitTest name="ToResultAsync_Passing_StatusCodeAnd_MessageAndContentTypeAndHeader_Values_Returns_Values" storage="d:\sferrari\01 - trabajo\repos\netcore\template-netcore-shared\kitpymes.core.shared.tests\bin\debug\netcoreapp3.0\kitpymes.core.shared.tests.dll" id="161f5d07-7835-e575-5072-b9d787ef451c">
      <Execution id="3b74f1a5-7bf2-4f8c-a89a-5577ac49ac81" />
      <TestMethod codeBase="D:\SFERRARI\01 - TRABAJO\repos\netcore\template-netcore-shared\Kitpymes.Core.Shared.Tests\bin\Debug\netcoreapp3.0\Kitpymes.Core.Shared.Tests.dll" adapterTypeName="executor://mstestadapter/v2" className="Kitpymes.Core.Shared.Tests.HttpResponseExtensionsTests" name="ToResultAsync_Passing_StatusCodeAnd_MessageAndContentTypeAndHeader_Values_Returns_Values" />
    </UnitTest>
    <UnitTest name="ToDisplay_Passing_Enumeration_Name_Returns_Display_Atributte" storage="d:\sferrari\01 - trabajo\repos\netcore\template-netcore-shared\kitpymes.core.shared.tests\bin\debug\netcoreapp3.0\kitpymes.core.shared.tests.dll" id="d6d04f4a-9142-b816-d673-c4abf49a39ad">
      <Execution id="b7c16546-2e9f-46bf-a90f-86fdb5162088" />
      <TestMethod codeBase="D:\SFERRARI\01 - TRABAJO\repos\netcore\template-netcore-shared\Kitpymes.Core.Shared.Tests\bin\Debug\netcoreapp3.0\Kitpymes.Core.Shared.Tests.dll" adapterTypeName="executor://mstestadapter/v2" className="Kitpymes.Core.Shared.Tests.EnumExtensionsTests" name="ToDisplay_Passing_Enumeration_Name_Returns_Display_Atributte" />
    </UnitTest>
    <UnitTest name="ToGet_Passing_Claims_Returns_Claim_Value_Int" storage="d:\sferrari\01 - trabajo\repos\netcore\template-netcore-shared\kitpymes.core.shared.tests\bin\debug\netcoreapp3.0\kitpymes.core.shared.tests.dll" id="209cbba1-d5fa-4810-2cb6-ee92ce2e109d">
      <Execution id="c3ce47a2-f9a0-4353-9b13-a48c1505cca1" />
      <TestMethod codeBase="D:\SFERRARI\01 - TRABAJO\repos\netcore\template-netcore-shared\Kitpymes.Core.Shared.Tests\bin\Debug\netcoreapp3.0\Kitpymes.Core.Shared.Tests.dll" adapterTypeName="executor://mstestadapter/v2" className="Kitpymes.Core.Shared.Tests.ClaimsPrincipalExtensionsTests" name="ToGet_Passing_Claims_Returns_Claim_Value_Int" />
    </UnitTest>
    <UnitTest name="ToFormat_Passing_ValidTimeSpanValue_Returns_ValueWithFormatString" storage="d:\sferrari\01 - trabajo\repos\netcore\template-netcore-shared\kitpymes.core.shared.tests\bin\debug\netcoreapp3.0\kitpymes.core.shared.tests.dll" id="ede15cdf-3d1b-3e1a-18dc-485a2d50fe42">
      <Execution id="06739ef3-cdb7-4556-badb-538011609921" />
      <TestMethod codeBase="D:\SFERRARI\01 - TRABAJO\repos\netcore\template-netcore-shared\Kitpymes.Core.Shared.Tests\bin\Debug\netcoreapp3.0\Kitpymes.Core.Shared.Tests.dll" adapterTypeName="executor://mstestadapter/v2" className="Kitpymes.Core.Shared.Tests.TimeSpanExtensionsTests" name="ToFormat_Passing_ValidTimeSpanValue_Returns_ValueWithFormatString" />
    </UnitTest>
    <UnitTest name="ToIsWeekend_Passing_Sunday_DateTime_Returns_True" storage="d:\sferrari\01 - trabajo\repos\netcore\template-netcore-shared\kitpymes.core.shared.tests\bin\debug\netcoreapp3.0\kitpymes.core.shared.tests.dll" id="c8fd6d3c-b723-929b-f175-dbdc2a7be855">
      <Execution id="30438572-241a-4312-84a6-ebafa5e882e7" />
      <TestMethod codeBase="D:\SFERRARI\01 - TRABAJO\repos\netcore\template-netcore-shared\Kitpymes.Core.Shared.Tests\bin\Debug\netcoreapp3.0\Kitpymes.Core.Shared.Tests.dll" adapterTypeName="executor://mstestadapter/v2" className="Kitpymes.Core.Shared.Tests.DateTimeExtensionsTests" name="ToIsWeekend_Passing_Sunday_DateTime_Returns_True" />
    </UnitTest>
    <UnitTest name="ResultOkData_WithMessage" storage="d:\sferrari\01 - trabajo\repos\netcore\template-netcore-shared\kitpymes.core.shared.tests\bin\debug\netcoreapp3.0\kitpymes.core.shared.tests.dll" id="832c041a-0c55-5788-b9d7-40a6ab6eae94">
      <Execution id="1792c7c6-bf2e-4f05-b917-8d4d851f5e03" />
      <TestMethod codeBase="D:\SFERRARI\01 - TRABAJO\repos\netcore\template-netcore-shared\Kitpymes.Core.Shared.Tests\bin\Debug\netcoreapp3.0\Kitpymes.Core.Shared.Tests.dll" adapterTypeName="executor://mstestadapter/v2" className="Kitpymes.Core.Shared.Tests.ResultTest" name="ResultOkData_WithMessage" />
    </UnitTest>
    <UnitTest name="IsFileExtension_Passing_InvalidArguments_Returns_HasErrorsAndCount" storage="d:\sferrari\01 - trabajo\repos\netcore\template-netcore-shared\kitpymes.core.shared.tests\bin\debug\netcoreapp3.0\kitpymes.core.shared.tests.dll" id="e608205e-4953-e9a3-1956-895ed42ab083">
      <Execution id="1b1052dc-f4c0-44f5-bdc5-1de7925bab26" />
      <TestMethod codeBase="D:\SFERRARI\01 - TRABAJO\repos\netcore\template-netcore-shared\Kitpymes.Core.Shared.Tests\bin\Debug\netcoreapp3.0\Kitpymes.Core.Shared.Tests.dll" adapterTypeName="executor://mstestadapter/v2" className="Kitpymes.Core.Shared.Tests.CheckTests" name="IsFileExtension_Passing_InvalidArguments_Returns_HasErrorsAndCount" />
    </UnitTest>
    <UnitTest name="ToReplaceSpecialChars_Passing_ValidValue_Returns_ReplacedValueWithoutIgnoreSpecialChars" storage="d:\sferrari\01 - trabajo\repos\netcore\template-netcore-shared\kitpymes.core.shared.tests\bin\debug\netcoreapp3.0\kitpymes.core.shared.tests.dll" id="29112d2a-2e73-305d-ec50-12fc95c28627">
      <Execution id="727bbd7c-577d-4247-a820-be0aa7b16eed" />
      <TestMethod codeBase="D:\SFERRARI\01 - TRABAJO\repos\netcore\template-netcore-shared\Kitpymes.Core.Shared.Tests\bin\Debug\netcoreapp3.0\Kitpymes.Core.Shared.Tests.dll" adapterTypeName="executor://mstestadapter/v2" className="Kitpymes.Core.Shared.Tests.StringExtensionsTests" name="ToReplaceSpecialChars_Passing_ValidValue_Returns_ReplacedValueWithoutIgnoreSpecialChars" />
    </UnitTest>
    <UnitTest name="IsDomain_Passing_InvalidArguments_Returns_HasErrorsAndCount" storage="d:\sferrari\01 - trabajo\repos\netcore\template-netcore-shared\kitpymes.core.shared.tests\bin\debug\netcoreapp3.0\kitpymes.core.shared.tests.dll" id="3bd7277d-4ad0-51ee-d24c-53176ec3cc7f">
      <Execution id="95ccdd8b-9b98-41db-8e4e-ca8bcf42b4b4" />
      <TestMethod codeBase="D:\SFERRARI\01 - TRABAJO\repos\netcore\template-netcore-shared\Kitpymes.Core.Shared.Tests\bin\Debug\netcoreapp3.0\Kitpymes.Core.Shared.Tests.dll" adapterTypeName="executor://mstestadapter/v2" className="Kitpymes.Core.Shared.Tests.CheckTests" name="IsDomain_Passing_InvalidArguments_Returns_HasErrorsAndCount" />
    </UnitTest>
    <UnitTest name="ToFormat_Passing_ValidValueFormatWithArguments_Returns_ValueWithFormat" storage="d:\sferrari\01 - trabajo\repos\netcore\template-netcore-shared\kitpymes.core.shared.tests\bin\debug\netcoreapp3.0\kitpymes.core.shared.tests.dll" id="ac572b27-5286-68a4-5380-d7de82fbf69a">
      <Execution id="ee428243-bd0b-4433-af57-6b3fc371e946" />
      <TestMethod codeBase="D:\SFERRARI\01 - TRABAJO\repos\netcore\template-netcore-shared\Kitpymes.Core.Shared.Tests\bin\Debug\netcoreapp3.0\Kitpymes.Core.Shared.Tests.dll" adapterTypeName="executor://mstestadapter/v2" className="Kitpymes.Core.Shared.Tests.StringExtensionsTests" name="ToFormat_Passing_ValidValueFormatWithArguments_Returns_ValueWithFormat" />
    </UnitTest>
    <UnitTest name="ToConfigureOrDefault_Passing_DefaultValues_And_ActionCustomValues_Returns_DefaultValues_And_CustomValues" storage="d:\sferrari\01 - trabajo\repos\netcore\template-netcore-shared\kitpymes.core.shared.tests\bin\debug\netcoreapp3.0\kitpymes.core.shared.tests.dll" id="53cbdd8e-a1ef-5d22-8745-938609ed19c2">
      <Execution id="9975519a-b73e-4375-9233-4c96d9d8f0e9" />
      <TestMethod codeBase="D:\SFERRARI\01 - TRABAJO\repos\netcore\template-netcore-shared\Kitpymes.Core.Shared.Tests\bin\Debug\netcoreapp3.0\Kitpymes.Core.Shared.Tests.dll" adapterTypeName="executor://mstestadapter/v2" className="Kitpymes.Core.Shared.Tests.ActionExtensionsTests" name="ToConfigureOrDefault_Passing_DefaultValues_And_ActionCustomValues_Returns_DefaultValues_And_CustomValues" />
    </UnitTest>
    <UnitTest name="ToEnvironment_Passing_Custom_Enviroment_Returns_Custom_Name" storage="d:\sferrari\01 - trabajo\repos\netcore\template-netcore-shared\kitpymes.core.shared.tests\bin\debug\netcoreapp3.0\kitpymes.core.shared.tests.dll" id="69b6ed05-fdf2-6989-0583-109b4777a6ac">
      <Execution id="aabe01eb-03d1-4fce-be27-734fd6da19f8" />
      <TestMethod codeBase="D:\SFERRARI\01 - TRABAJO\repos\netcore\template-netcore-shared\Kitpymes.Core.Shared.Tests\bin\Debug\netcoreapp3.0\Kitpymes.Core.Shared.Tests.dll" adapterTypeName="executor://mstestadapter/v2" className="Kitpymes.Core.Shared.Tests.ApplicationBuilderExtensionsTests" name="ToEnvironment_Passing_Custom_Enviroment_Returns_Custom_Name" />
    </UnitTest>
    <UnitTest name="ToDefaultValue_Passing_long_Returns_Cero" storage="d:\sferrari\01 - trabajo\repos\netcore\template-netcore-shared\kitpymes.core.shared.tests\bin\debug\netcoreapp3.0\kitpymes.core.shared.tests.dll" id="e93b141b-fdfd-0f98-21e5-3eb211b6e88b">
      <Execution id="1ca620c4-5baf-4389-ab73-1f6cce72fa94" />
      <TestMethod codeBase="D:\SFERRARI\01 - TRABAJO\repos\netcore\template-netcore-shared\Kitpymes.Core.Shared.Tests\bin\Debug\netcoreapp3.0\Kitpymes.Core.Shared.Tests.dll" adapterTypeName="executor://mstestadapter/v2" className="Kitpymes.Core.Shared.Tests.GenericExtensionsTests" name="ToDefaultValue_Passing_long_Returns_Cero" />
    </UnitTest>
    <UnitTest name="ToHashAlgorithmName_Passing_InvalidValueLowerCaseStringWithDefaultValue_Returns_DefaultValue" storage="d:\sferrari\01 - trabajo\repos\netcore\template-netcore-shared\kitpymes.core.shared.tests\bin\debug\netcoreapp3.0\kitpymes.core.shared.tests.dll" id="d5506b30-7041-6d90-bd03-bcd5b2479c40">
      <Execution id="dd15999e-e03f-4777-991a-ff5e5b5e0fce" />
      <TestMethod codeBase="D:\SFERRARI\01 - TRABAJO\repos\netcore\template-netcore-shared\Kitpymes.Core.Shared.Tests\bin\Debug\netcoreapp3.0\Kitpymes.Core.Shared.Tests.dll" adapterTypeName="executor://mstestadapter/v2" className="Kitpymes.Core.Shared.Tests.StringExtensionsTests" name="ToHashAlgorithmName_Passing_InvalidValueLowerCaseStringWithDefaultValue_Returns_DefaultValue" />
    </UnitTest>
    <UnitTest name="ToDefaultValue_Passing_ushort_Returns_Cero" storage="d:\sferrari\01 - trabajo\repos\netcore\template-netcore-shared\kitpymes.core.shared.tests\bin\debug\netcoreapp3.0\kitpymes.core.shared.tests.dll" id="47f3e733-f069-b79f-9f6d-7c11fc368663">
      <Execution id="4ac9ec3d-ca35-47ff-9d4d-3cb20bf67d83" />
      <TestMethod codeBase="D:\SFERRARI\01 - TRABAJO\repos\netcore\template-netcore-shared\Kitpymes.Core.Shared.Tests\bin\Debug\netcoreapp3.0\Kitpymes.Core.Shared.Tests.dll" adapterTypeName="executor://mstestadapter/v2" className="Kitpymes.Core.Shared.Tests.GenericExtensionsTests" name="ToDefaultValue_Passing_ushort_Returns_Cero" />
    </UnitTest>
    <UnitTest name="ToIsNullOrEmpty_Passing_InvalidValue_Returns_True" storage="d:\sferrari\01 - trabajo\repos\netcore\template-netcore-shared\kitpymes.core.shared.tests\bin\debug\netcoreapp3.0\kitpymes.core.shared.tests.dll" id="297c060d-406b-f933-91fe-dfd3459b8ace">
      <Execution id="49435073-b45b-4542-8996-9bd0c00e007d" />
      <TestMethod codeBase="D:\SFERRARI\01 - TRABAJO\repos\netcore\template-netcore-shared\Kitpymes.Core.Shared.Tests\bin\Debug\netcoreapp3.0\Kitpymes.Core.Shared.Tests.dll" adapterTypeName="executor://mstestadapter/v2" className="Kitpymes.Core.Shared.Tests.CheckExtensionsTests" name="ToIsNullOrEmpty_Passing_InvalidValue_Returns_True" />
    </UnitTest>
    <UnitTest name="ToDirectoryFindFilePath_Passing_ValidValueIntoSubDirectory_Returns_FilePath" storage="d:\sferrari\01 - trabajo\repos\netcore\template-netcore-shared\kitpymes.core.shared.tests\bin\debug\netcoreapp3.0\kitpymes.core.shared.tests.dll" id="5fda35dc-4db7-2169-9391-a6295d2ec5fd">
      <Execution id="0ac93167-0006-40ea-9a19-2941dff79793" />
      <TestMethod codeBase="D:\SFERRARI\01 - TRABAJO\repos\netcore\template-netcore-shared\Kitpymes.Core.Shared.Tests\bin\Debug\netcoreapp3.0\Kitpymes.Core.Shared.Tests.dll" adapterTypeName="executor://mstestadapter/v2" className="Kitpymes.Core.Shared.Tests.StringExtensionsTests" name="ToDirectoryFindFilePath_Passing_ValidValueIntoSubDirectory_Returns_FilePath" />
    </UnitTest>
    <UnitTest name="ToHasErrors_Passing_InvalidValue_Returns_ApplicationExceptionWithMessage" storage="d:\sferrari\01 - trabajo\repos\netcore\template-netcore-shared\kitpymes.core.shared.tests\bin\debug\netcoreapp3.0\kitpymes.core.shared.tests.dll" id="1340b308-d9eb-a26e-e042-04d6c1d9a958">
      <Execution id="2ddba89d-80f9-4d7d-8dbb-15b21150e2e2" />
      <TestMethod codeBase="D:\SFERRARI\01 - TRABAJO\repos\netcore\template-netcore-shared\Kitpymes.Core.Shared.Tests\bin\Debug\netcoreapp3.0\Kitpymes.Core.Shared.Tests.dll" adapterTypeName="executor://mstestadapter/v2" className="Kitpymes.Core.Shared.Tests.CheckExtensionsTests" name="ToHasErrors_Passing_InvalidValue_Returns_ApplicationExceptionWithMessage" />
    </UnitTest>
    <UnitTest name="ToConfiguration_Passing_Key_Values_Returns_Ok" storage="d:\sferrari\01 - trabajo\repos\netcore\template-netcore-shared\kitpymes.core.shared.tests\bin\debug\netcoreapp3.0\kitpymes.core.shared.tests.dll" id="66f7bc12-fe2b-fd81-3cbf-5bc4840aa6f8">
      <Execution id="b28f88fa-f725-48d4-ba8c-7ff166e1448d" />
      <TestMethod codeBase="D:\SFERRARI\01 - TRABAJO\repos\netcore\template-netcore-shared\Kitpymes.Core.Shared.Tests\bin\Debug\netcoreapp3.0\Kitpymes.Core.Shared.Tests.dll" adapterTypeName="executor://mstestadapter/v2" className="Kitpymes.Core.Shared.Tests.ConfigurationBuilderExtensionsTests" name="ToConfiguration_Passing_Key_Values_Returns_Ok" />
    </UnitTest>
    <UnitTest name="IsUniqueChars_Passing_ValidArguments_Returns_HasErrorsAndCount" storage="d:\sferrari\01 - trabajo\repos\netcore\template-netcore-shared\kitpymes.core.shared.tests\bin\debug\netcoreapp3.0\kitpymes.core.shared.tests.dll" id="fcd9a6e3-ee1d-7212-668e-2b0865200d81">
      <Execution id="23065d27-9d7d-4ea7-b50c-f0f3f5b34133" />
      <TestMethod codeBase="D:\SFERRARI\01 - TRABAJO\repos\netcore\template-netcore-shared\Kitpymes.Core.Shared.Tests\bin\Debug\netcoreapp3.0\Kitpymes.Core.Shared.Tests.dll" adapterTypeName="executor://mstestadapter/v2" className="Kitpymes.Core.Shared.Tests.CheckTests" name="IsUniqueChars_Passing_ValidArguments_Returns_HasErrorsAndCount" />
    </UnitTest>
    <UnitTest name="ResultError" storage="d:\sferrari\01 - trabajo\repos\netcore\template-netcore-shared\kitpymes.core.shared.tests\bin\debug\netcoreapp3.0\kitpymes.core.shared.tests.dll" id="6b41eea5-b11d-4975-a42c-5030c52fd29c">
      <Execution id="a5006ba1-76cb-4370-b7ec-2c5770e047ec" />
      <TestMethod codeBase="D:\SFERRARI\01 - TRABAJO\repos\netcore\template-netcore-shared\Kitpymes.Core.Shared.Tests\bin\Debug\netcoreapp3.0\Kitpymes.Core.Shared.Tests.dll" adapterTypeName="executor://mstestadapter/v2" className="Kitpymes.Core.Shared.Tests.ResultTest" name="ResultError" />
    </UnitTest>
    <UnitTest name="ToEmptyIfNull_Passing_Null_Collection_Returns_Empty_Collection" storage="d:\sferrari\01 - trabajo\repos\netcore\template-netcore-shared\kitpymes.core.shared.tests\bin\debug\netcoreapp3.0\kitpymes.core.shared.tests.dll" id="3e6d6aa9-9b6d-dd96-b54c-49f88780a2b4">
      <Execution id="9f5bc07c-62dc-4d4f-bd95-1aa88b65af66" />
      <TestMethod codeBase="D:\SFERRARI\01 - TRABAJO\repos\netcore\template-netcore-shared\Kitpymes.Core.Shared.Tests\bin\Debug\netcoreapp3.0\Kitpymes.Core.Shared.Tests.dll" adapterTypeName="executor://mstestadapter/v2" className="Kitpymes.Core.Shared.Tests.EnumerableExtensionsTests" name="ToEmptyIfNull_Passing_Null_Collection_Returns_Empty_Collection" />
    </UnitTest>
    <UnitTest name="ToZipExtract_Passing_ValidArchive_Returns_Files" storage="d:\sferrari\01 - trabajo\repos\netcore\template-netcore-shared\kitpymes.core.shared.tests\bin\debug\netcoreapp3.0\kitpymes.core.shared.tests.dll" id="967da852-80aa-48c8-4fdf-7229c80964ce">
      <Execution id="7ab6ca58-b1d4-4dfe-93be-01a0c1cb5922" />
      <TestMethod codeBase="D:\SFERRARI\01 - TRABAJO\repos\netcore\template-netcore-shared\Kitpymes.Core.Shared.Tests\bin\Debug\netcoreapp3.0\Kitpymes.Core.Shared.Tests.dll" adapterTypeName="executor://mstestadapter/v2" className="Kitpymes.Core.Shared.Tests.StringExtensionsTests" name="ToZipExtract_Passing_ValidArchive_Returns_Files" />
    </UnitTest>
    <UnitTest name="ToEnum_Passing_InvalidValueInt_Returns_EnumDefaultValue" storage="d:\sferrari\01 - trabajo\repos\netcore\template-netcore-shared\kitpymes.core.shared.tests\bin\debug\netcoreapp3.0\kitpymes.core.shared.tests.dll" id="8c1d1a56-be42-3df5-a82e-36b97c2860b8">
      <Execution id="b41bd263-7bed-47dd-a495-f7b79451ad85" />
      <TestMethod codeBase="D:\SFERRARI\01 - TRABAJO\repos\netcore\template-netcore-shared\Kitpymes.Core.Shared.Tests\bin\Debug\netcoreapp3.0\Kitpymes.Core.Shared.Tests.dll" adapterTypeName="executor://mstestadapter/v2" className="Kitpymes.Core.Shared.Tests.StringExtensionsTests" name="ToEnum_Passing_InvalidValueInt_Returns_EnumDefaultValue" />
    </UnitTest>
    <UnitTest name="ToMapList_Passing_Source_Type_And_Destination_Type_Returns_Destination_Object_List" storage="d:\sferrari\01 - trabajo\repos\netcore\template-netcore-shared\kitpymes.core.shared.tests\bin\debug\netcoreapp3.0\kitpymes.core.shared.tests.dll" id="f8b74494-d277-7173-e694-2a4d463a4607">
      <Execution id="1a62d1f1-b095-4af9-aa22-703da6a76599" />
      <TestMethod codeBase="D:\SFERRARI\01 - TRABAJO\repos\netcore\template-netcore-shared\Kitpymes.Core.Shared.Tests\bin\Debug\netcoreapp3.0\Kitpymes.Core.Shared.Tests.dll" adapterTypeName="executor://mstestadapter/v2" className="Kitpymes.Core.Shared.Tests.AgileMapperExtensionsTests" name="ToMapList_Passing_Source_Type_And_Destination_Type_Returns_Destination_Object_List" />
    </UnitTest>
    <UnitTest name="ToExists_Passing_Valid_Service_Returns_True" storage="d:\sferrari\01 - trabajo\repos\netcore\template-netcore-shared\kitpymes.core.shared.tests\bin\debug\netcoreapp3.0\kitpymes.core.shared.tests.dll" id="e2880a6e-7a01-b4ba-86fb-4d33be072972">
      <Execution id="037c6c82-ac77-48f9-a2d6-0c6f28f9c2d2" />
      <TestMethod codeBase="D:\SFERRARI\01 - TRABAJO\repos\netcore\template-netcore-shared\Kitpymes.Core.Shared.Tests\bin\Debug\netcoreapp3.0\Kitpymes.Core.Shared.Tests.dll" adapterTypeName="executor://mstestadapter/v2" className="Kitpymes.Core.Shared.Tests.ConfigurationBuilderExtensionsTests" name="ToExists_Passing_Valid_Service_Returns_True" />
    </UnitTest>
    <UnitTest name="ToMapNew_Passing_TDestination_Returns_New_Destination_Object" storage="d:\sferrari\01 - trabajo\repos\netcore\template-netcore-shared\kitpymes.core.shared.tests\bin\debug\netcoreapp3.0\kitpymes.core.shared.tests.dll" id="0ee8121e-b492-a57d-d072-de988a4e30f8">
      <Execution id="10da1a57-f429-46f3-be8d-2b9544e8715b" />
      <TestMethod codeBase="D:\SFERRARI\01 - TRABAJO\repos\netcore\template-netcore-shared\Kitpymes.Core.Shared.Tests\bin\Debug\netcoreapp3.0\Kitpymes.Core.Shared.Tests.dll" adapterTypeName="executor://mstestadapter/v2" className="Kitpymes.Core.Shared.Tests.AgileMapperExtensionsTests" name="ToMapNew_Passing_TDestination_Returns_New_Destination_Object" />
    </UnitTest>
    <UnitTest name="IsName_Passing_InvalidArguments_Returns_HasErrorsAndCount" storage="d:\sferrari\01 - trabajo\repos\netcore\template-netcore-shared\kitpymes.core.shared.tests\bin\debug\netcoreapp3.0\kitpymes.core.shared.tests.dll" id="9eeef095-29ed-4872-a36c-ca4832350421">
      <Execution id="12a50f3c-0cba-4345-a5dc-3c6e79ea76a0" />
      <TestMethod codeBase="D:\SFERRARI\01 - TRABAJO\repos\netcore\template-netcore-shared\Kitpymes.Core.Shared.Tests\bin\Debug\netcoreapp3.0\Kitpymes.Core.Shared.Tests.dll" adapterTypeName="executor://mstestadapter/v2" className="Kitpymes.Core.Shared.Tests.CheckTests" name="IsName_Passing_InvalidArguments_Returns_HasErrorsAndCount" />
    </UnitTest>
    <UnitTest name="IsHostname_Passing_InvalidArguments_Returns_HasErrorsAndCount" storage="d:\sferrari\01 - trabajo\repos\netcore\template-netcore-shared\kitpymes.core.shared.tests\bin\debug\netcoreapp3.0\kitpymes.core.shared.tests.dll" id="4a3afd90-c6ab-e82e-40d8-b40450680318">
      <Execution id="cd62b1b9-8243-4295-af0e-fe480783d516" />
      <TestMethod codeBase="D:\SFERRARI\01 - TRABAJO\repos\netcore\template-netcore-shared\Kitpymes.Core.Shared.Tests\bin\Debug\netcoreapp3.0\Kitpymes.Core.Shared.Tests.dll" adapterTypeName="executor://mstestadapter/v2" className="Kitpymes.Core.Shared.Tests.CheckTests" name="IsHostname_Passing_InvalidArguments_Returns_HasErrorsAndCount" />
    </UnitTest>
    <UnitTest name="IsName_Passing_ValidArguments_Returns_HasErrorsAndCount" storage="d:\sferrari\01 - trabajo\repos\netcore\template-netcore-shared\kitpymes.core.shared.tests\bin\debug\netcoreapp3.0\kitpymes.core.shared.tests.dll" id="0e702ef4-7e85-bcb3-3879-32ee56a27932">
      <Execution id="9ec524b1-bfd0-41a5-a731-a8bbba0f1fbe" />
      <TestMethod codeBase="D:\SFERRARI\01 - TRABAJO\repos\netcore\template-netcore-shared\Kitpymes.Core.Shared.Tests\bin\Debug\netcoreapp3.0\Kitpymes.Core.Shared.Tests.dll" adapterTypeName="executor://mstestadapter/v2" className="Kitpymes.Core.Shared.Tests.CheckTests" name="IsName_Passing_ValidArguments_Returns_HasErrorsAndCount" />
    </UnitTest>
    <UnitTest name="ToSubdomain_Passing_HttpRequest_Host_Returns_Subdomain" storage="d:\sferrari\01 - trabajo\repos\netcore\template-netcore-shared\kitpymes.core.shared.tests\bin\debug\netcoreapp3.0\kitpymes.core.shared.tests.dll" id="e9b23f0c-0cde-4603-1739-ee642fd33c36">
      <Execution id="310275a9-bbe1-4e41-b149-254949bcc3b7" />
      <TestMethod codeBase="D:\SFERRARI\01 - TRABAJO\repos\netcore\template-netcore-shared\Kitpymes.Core.Shared.Tests\bin\Debug\netcoreapp3.0\Kitpymes.Core.Shared.Tests.dll" adapterTypeName="executor://mstestadapter/v2" className="Kitpymes.Core.Shared.Tests.HttpRequestExtensionsTests" name="ToSubdomain_Passing_HttpRequest_Host_Returns_Subdomain" />
    </UnitTest>
    <UnitTest name="ToCount_Passing_ValidEnumType_Returns_Count" storage="d:\sferrari\01 - trabajo\repos\netcore\template-netcore-shared\kitpymes.core.shared.tests\bin\debug\netcoreapp3.0\kitpymes.core.shared.tests.dll" id="bc6955b8-aec0-957c-bad4-853e5cfa19a1">
      <Execution id="10edc9e3-85f7-4697-8152-9c434abf84f7" />
      <TestMethod codeBase="D:\SFERRARI\01 - TRABAJO\repos\netcore\template-netcore-shared\Kitpymes.Core.Shared.Tests\bin\Debug\netcoreapp3.0\Kitpymes.Core.Shared.Tests.dll" adapterTypeName="executor://mstestadapter/v2" className="Kitpymes.Core.Shared.Tests.EnumsTests" name="ToCount_Passing_ValidEnumType_Returns_Count" />
    </UnitTest>
    <UnitTest name="ToService_Passing_NotFound_Service_Returns_Null" storage="d:\sferrari\01 - trabajo\repos\netcore\template-netcore-shared\kitpymes.core.shared.tests\bin\debug\netcoreapp3.0\kitpymes.core.shared.tests.dll" id="c330741e-ad40-618c-36cc-508c135d2b95">
      <Execution id="e64794b2-9f16-4e0a-beef-7ef9446806ae" />
      <TestMethod codeBase="D:\SFERRARI\01 - TRABAJO\repos\netcore\template-netcore-shared\Kitpymes.Core.Shared.Tests\bin\Debug\netcoreapp3.0\Kitpymes.Core.Shared.Tests.dll" adapterTypeName="executor://mstestadapter/v2" className="Kitpymes.Core.Shared.Tests.ConfigurationBuilderExtensionsTests" name="ToService_Passing_NotFound_Service_Returns_Null" />
    </UnitTest>
    <UnitTest name="ToSettings_Passing_Values_From_AppSettingsFile_Returns_Settings" storage="d:\sferrari\01 - trabajo\repos\netcore\template-netcore-shared\kitpymes.core.shared.tests\bin\debug\netcoreapp3.0\kitpymes.core.shared.tests.dll" id="1577c538-d1be-5b59-2b09-8e59b0be5fcd">
      <Execution id="7a8d92f1-f5ec-4fad-a186-b5c636432852" />
      <TestMethod codeBase="D:\SFERRARI\01 - TRABAJO\repos\netcore\template-netcore-shared\Kitpymes.Core.Shared.Tests\bin\Debug\netcoreapp3.0\Kitpymes.Core.Shared.Tests.dll" adapterTypeName="executor://mstestadapter/v2" className="Kitpymes.Core.Shared.Tests.ConfigurationBuilderExtensionsTests" name="ToSettings_Passing_Values_From_AppSettingsFile_Returns_Settings" />
    </UnitTest>
    <UnitTest name="ToIsEmailThrow_Passing_InvalidValue_Returns_ApplicationExceptionWithMessage" storage="d:\sferrari\01 - trabajo\repos\netcore\template-netcore-shared\kitpymes.core.shared.tests\bin\debug\netcoreapp3.0\kitpymes.core.shared.tests.dll" id="def94964-1ba4-f78f-2dac-38055bb04256">
      <Execution id="32d06c6c-c82a-489b-850f-cb8590d21dfe" />
      <TestMethod codeBase="D:\SFERRARI\01 - TRABAJO\repos\netcore\template-netcore-shared\Kitpymes.Core.Shared.Tests\bin\Debug\netcoreapp3.0\Kitpymes.Core.Shared.Tests.dll" adapterTypeName="executor://mstestadapter/v2" className="Kitpymes.Core.Shared.Tests.CheckExtensionsTests" name="ToIsEmailThrow_Passing_InvalidValue_Returns_ApplicationExceptionWithMessage" />
    </UnitTest>
    <UnitTest name="ToCompress_Passing_Value_Bytes_Returns_Value_Bytes" storage="d:\sferrari\01 - trabajo\repos\netcore\template-netcore-shared\kitpymes.core.shared.tests\bin\debug\netcoreapp3.0\kitpymes.core.shared.tests.dll" id="7a313c49-8adc-98e3-cdda-86b900f0ade6">
      <Execution id="5dc55c3e-0124-45c0-9276-da4202fff33f" />
      <TestMethod codeBase="D:\SFERRARI\01 - TRABAJO\repos\netcore\template-netcore-shared\Kitpymes.Core.Shared.Tests\bin\Debug\netcoreapp3.0\Kitpymes.Core.Shared.Tests.dll" adapterTypeName="executor://mstestadapter/v2" className="Kitpymes.Core.Shared.Tests.BytesExtensionsTests" name="ToCompress_Passing_Value_Bytes_Returns_Value_Bytes" />
    </UnitTest>
    <UnitTest name="ToDefaultValue_Passing_ValidStruct_Returns_DefaultValue" storage="d:\sferrari\01 - trabajo\repos\netcore\template-netcore-shared\kitpymes.core.shared.tests\bin\debug\netcoreapp3.0\kitpymes.core.shared.tests.dll" id="ffa669f9-8e25-a33b-f8f7-c3ba4a576a2b">
      <Execution id="1eaa797e-a8eb-4e50-b533-73554ac4621d" />
      <TestMethod codeBase="D:\SFERRARI\01 - TRABAJO\repos\netcore\template-netcore-shared\Kitpymes.Core.Shared.Tests\bin\Debug\netcoreapp3.0\Kitpymes.Core.Shared.Tests.dll" adapterTypeName="executor://mstestadapter/v2" className="Kitpymes.Core.Shared.Tests.TypeExtensionsTests" name="ToDefaultValue_Passing_ValidStruct_Returns_DefaultValue" />
    </UnitTest>
    <UnitTest name="ToIsWeekend_Passing_Saturday_DateTime_Returns_True" storage="d:\sferrari\01 - trabajo\repos\netcore\template-netcore-shared\kitpymes.core.shared.tests\bin\debug\netcoreapp3.0\kitpymes.core.shared.tests.dll" id="18040ed3-941e-dd1e-cb8c-4d34d103f370">
      <Execution id="b76bb15f-8fa0-4660-9380-5e0967a5b033" />
      <TestMethod codeBase="D:\SFERRARI\01 - TRABAJO\repos\netcore\template-netcore-shared\Kitpymes.Core.Shared.Tests\bin\Debug\netcoreapp3.0\Kitpymes.Core.Shared.Tests.dll" adapterTypeName="executor://mstestadapter/v2" className="Kitpymes.Core.Shared.Tests.DateTimeExtensionsTests" name="ToIsWeekend_Passing_Saturday_DateTime_Returns_True" />
    </UnitTest>
    <UnitTest name="ToZipCreate_Passing_ValidFilesWithCutomZipName_Returns_ZipFiles" storage="d:\sferrari\01 - trabajo\repos\netcore\template-netcore-shared\kitpymes.core.shared.tests\bin\debug\netcoreapp3.0\kitpymes.core.shared.tests.dll" id="b51b5293-5162-7db8-79c0-6e7b6f1c51a5">
      <Execution id="e1f2dd10-ea98-4da3-b778-610ea6fbde51" />
      <TestMethod codeBase="D:\SFERRARI\01 - TRABAJO\repos\netcore\template-netcore-shared\Kitpymes.Core.Shared.Tests\bin\Debug\netcoreapp3.0\Kitpymes.Core.Shared.Tests.dll" adapterTypeName="executor://mstestadapter/v2" className="Kitpymes.Core.Shared.Tests.StringExtensionsTests" name="ToZipCreate_Passing_ValidFilesWithCutomZipName_Returns_ZipFiles" />
    </UnitTest>
    <UnitTest name="ToHashAlgorithmName_Passing_InvalidValueStringWithDefaultValue_Returns_DefaultValue" storage="d:\sferrari\01 - trabajo\repos\netcore\template-netcore-shared\kitpymes.core.shared.tests\bin\debug\netcoreapp3.0\kitpymes.core.shared.tests.dll" id="ab527057-69f2-0a9a-89fd-18928a3920fd">
      <Execution id="ec6e74a1-5daf-45db-9388-390c6f089a62" />
      <TestMethod codeBase="D:\SFERRARI\01 - TRABAJO\repos\netcore\template-netcore-shared\Kitpymes.Core.Shared.Tests\bin\Debug\netcoreapp3.0\Kitpymes.Core.Shared.Tests.dll" adapterTypeName="executor://mstestadapter/v2" className="Kitpymes.Core.Shared.Tests.StringExtensionsTests" name="ToHashAlgorithmName_Passing_InvalidValueStringWithDefaultValue_Returns_DefaultValue" />
    </UnitTest>
    <UnitTest name="ToEnvironment_ServiceCollection_Passing_Custom_Enviroment_Returns_Custom_Name" storage="d:\sferrari\01 - trabajo\repos\netcore\template-netcore-shared\kitpymes.core.shared.tests\bin\debug\netcoreapp3.0\kitpymes.core.shared.tests.dll" id="21ae5425-e2d1-002f-334f-105a6a674a01">
      <Execution id="b501aee5-6fef-4364-a07a-425e398d18d5" />
      <TestMethod codeBase="D:\SFERRARI\01 - TRABAJO\repos\netcore\template-netcore-shared\Kitpymes.Core.Shared.Tests\bin\Debug\netcoreapp3.0\Kitpymes.Core.Shared.Tests.dll" adapterTypeName="executor://mstestadapter/v2" className="Kitpymes.Core.Shared.Tests.ConfigurationBuilderExtensionsTests" name="ToEnvironment_ServiceCollection_Passing_Custom_Enviroment_Returns_Custom_Name" />
    </UnitTest>
    <UnitTest name="ToList_Passing_ValidEnumTypeWithSelectedValueWithResourceType_Returns_ValuesList" storage="d:\sferrari\01 - trabajo\repos\netcore\template-netcore-shared\kitpymes.core.shared.tests\bin\debug\netcoreapp3.0\kitpymes.core.shared.tests.dll" id="9af963da-8209-d683-34a5-be793bc59993">
      <Execution id="ab8781df-c270-4e4b-8475-67f038a46466" />
      <TestMethod codeBase="D:\SFERRARI\01 - TRABAJO\repos\netcore\template-netcore-shared\Kitpymes.Core.Shared.Tests\bin\Debug\netcoreapp3.0\Kitpymes.Core.Shared.Tests.dll" adapterTypeName="executor://mstestadapter/v2" className="Kitpymes.Core.Shared.Tests.EnumsTests" name="ToList_Passing_ValidEnumTypeWithSelectedValueWithResourceType_Returns_ValuesList" />
    </UnitTest>
    <UnitTest name="IsDirectory_Passing_InvalidArguments_Returns_HasErrorsAndCount" storage="d:\sferrari\01 - trabajo\repos\netcore\template-netcore-shared\kitpymes.core.shared.tests\bin\debug\netcoreapp3.0\kitpymes.core.shared.tests.dll" id="ee30e1f9-ce80-c70a-1b56-b7e02750ae26">
      <Execution id="a7173132-d782-4edb-9961-3a8b72af90df" />
      <TestMethod codeBase="D:\SFERRARI\01 - TRABAJO\repos\netcore\template-netcore-shared\Kitpymes.Core.Shared.Tests\bin\Debug\netcoreapp3.0\Kitpymes.Core.Shared.Tests.dll" adapterTypeName="executor://mstestadapter/v2" className="Kitpymes.Core.Shared.Tests.CheckTests" name="IsDirectory_Passing_InvalidArguments_Returns_HasErrorsAndCount" />
    </UnitTest>
    <UnitTest name="ToService_Passing_Valid_Service_Returns_Service" storage="d:\sferrari\01 - trabajo\repos\netcore\template-netcore-shared\kitpymes.core.shared.tests\bin\debug\netcoreapp3.0\kitpymes.core.shared.tests.dll" id="0b1e4893-9444-2235-b7fa-3782f9932212">
      <Execution id="a2dbb527-0a5e-40bb-ac53-769d48d44a9f" />
      <TestMethod codeBase="D:\SFERRARI\01 - TRABAJO\repos\netcore\template-netcore-shared\Kitpymes.Core.Shared.Tests\bin\Debug\netcoreapp3.0\Kitpymes.Core.Shared.Tests.dll" adapterTypeName="executor://mstestadapter/v2" className="Kitpymes.Core.Shared.Tests.ConfigurationBuilderExtensionsTests" name="ToService_Passing_Valid_Service_Returns_Service" />
    </UnitTest>
    <UnitTest name="IsNullOrEmpty_Passing_InvalidArguments_Returns_HasErrorsAndCount" storage="d:\sferrari\01 - trabajo\repos\netcore\template-netcore-shared\kitpymes.core.shared.tests\bin\debug\netcoreapp3.0\kitpymes.core.shared.tests.dll" id="801afd1a-5f3d-0d0c-471a-96452bf5bc35">
      <Execution id="660bd82d-8a39-4e25-ba7d-6ccbda59ca6b" />
      <TestMethod codeBase="D:\SFERRARI\01 - TRABAJO\repos\netcore\template-netcore-shared\Kitpymes.Core.Shared.Tests\bin\Debug\netcoreapp3.0\Kitpymes.Core.Shared.Tests.dll" adapterTypeName="executor://mstestadapter/v2" className="Kitpymes.Core.Shared.Tests.CheckTests" name="IsNullOrEmpty_Passing_InvalidArguments_Returns_HasErrorsAndCount" />
    </UnitTest>
    <UnitTest name="ToStartOfWeek_Passing_DateTime_Returns_Start_Of_Week_DateTime" storage="d:\sferrari\01 - trabajo\repos\netcore\template-netcore-shared\kitpymes.core.shared.tests\bin\debug\netcoreapp3.0\kitpymes.core.shared.tests.dll" id="1f173fff-9060-8c18-f825-225901225244">
      <Execution id="bc83ef60-daa7-4d65-9242-a2f433630559" />
      <TestMethod codeBase="D:\SFERRARI\01 - TRABAJO\repos\netcore\template-netcore-shared\Kitpymes.Core.Shared.Tests\bin\Debug\netcoreapp3.0\Kitpymes.Core.Shared.Tests.dll" adapterTypeName="executor://mstestadapter/v2" className="Kitpymes.Core.Shared.Tests.DateTimeExtensionsTests" name="ToStartOfWeek_Passing_DateTime_Returns_Start_Of_Week_DateTime" />
    </UnitTest>
    <UnitTest name="ToAge_Passing_Birthday_DateTime_Returns_Age" storage="d:\sferrari\01 - trabajo\repos\netcore\template-netcore-shared\kitpymes.core.shared.tests\bin\debug\netcoreapp3.0\kitpymes.core.shared.tests.dll" id="4ead3f79-a54e-1b96-838c-d0c2f491cb0d">
      <Execution id="de14920e-f8a5-487c-9bdc-2b609992e536" />
      <TestMethod codeBase="D:\SFERRARI\01 - TRABAJO\repos\netcore\template-netcore-shared\Kitpymes.Core.Shared.Tests\bin\Debug\netcoreapp3.0\Kitpymes.Core.Shared.Tests.dll" adapterTypeName="executor://mstestadapter/v2" className="Kitpymes.Core.Shared.Tests.DateTimeExtensionsTests" name="ToAge_Passing_Birthday_DateTime_Returns_Age" />
    </UnitTest>
    <UnitTest name="ToRemove_Passing_ValidValue_Returns_ValueWithoutRemovedChars" storage="d:\sferrari\01 - trabajo\repos\netcore\template-netcore-shared\kitpymes.core.shared.tests\bin\debug\netcoreapp3.0\kitpymes.core.shared.tests.dll" id="bb347f18-44ab-0d77-d5bd-a671e4c37650">
      <Execution id="9dc86032-2584-430d-8311-01977c6cc53b" />
      <TestMethod codeBase="D:\SFERRARI\01 - TRABAJO\repos\netcore\template-netcore-shared\Kitpymes.Core.Shared.Tests\bin\Debug\netcoreapp3.0\Kitpymes.Core.Shared.Tests.dll" adapterTypeName="executor://mstestadapter/v2" className="Kitpymes.Core.Shared.Tests.StringExtensionsTests" name="ToRemove_Passing_ValidValue_Returns_ValueWithoutRemovedChars" />
    </UnitTest>
    <UnitTest name="CreateAndVerifySHA256_Passing_Valid_Arguments_Returns_True" storage="d:\sferrari\01 - trabajo\repos\netcore\template-netcore-shared\kitpymes.core.shared.tests\bin\debug\netcoreapp3.0\kitpymes.core.shared.tests.dll" id="cf950ab2-9fe4-ec30-43b4-2f3a99b5167d">
      <Execution id="42a60fc9-571e-4b03-8510-f6e9a5ee6a81" />
      <TestMethod codeBase="D:\SFERRARI\01 - TRABAJO\repos\netcore\template-netcore-shared\Kitpymes.Core.Shared.Tests\bin\Debug\netcoreapp3.0\Kitpymes.Core.Shared.Tests.dll" adapterTypeName="executor://mstestadapter/v2" className="Kitpymes.Core.Shared.Tests.HashTests" name="CreateAndVerifySHA256_Passing_Valid_Arguments_Returns_True" />
    </UnitTest>
    <UnitTest name="ToServiceMatchingInterface_Passing_Valid_Assembly_Returns_Service" storage="d:\sferrari\01 - trabajo\repos\netcore\template-netcore-shared\kitpymes.core.shared.tests\bin\debug\netcoreapp3.0\kitpymes.core.shared.tests.dll" id="845c887e-a785-555d-db89-1c2975a33bbb">
      <Execution id="412a0854-d3b5-42c7-ac60-489c6026b48f" />
      <TestMethod codeBase="D:\SFERRARI\01 - TRABAJO\repos\netcore\template-netcore-shared\Kitpymes.Core.Shared.Tests\bin\Debug\netcoreapp3.0\Kitpymes.Core.Shared.Tests.dll" adapterTypeName="executor://mstestadapter/v2" className="Kitpymes.Core.Shared.Tests.ConfigurationBuilderExtensionsTests" name="ToServiceMatchingInterface_Passing_Valid_Assembly_Returns_Service" />
    </UnitTest>
    <UnitTest name="ToService_Passing_Service_Not_Found_Returns_ApplicationException" storage="d:\sferrari\01 - trabajo\repos\netcore\template-netcore-shared\kitpymes.core.shared.tests\bin\debug\netcoreapp3.0\kitpymes.core.shared.tests.dll" id="74c0befe-cdb2-1fdf-be71-2a39199bb5c9">
      <Execution id="07437a9f-2d99-432b-9888-de35b084ee6b" />
      <TestMethod codeBase="D:\SFERRARI\01 - TRABAJO\repos\netcore\template-netcore-shared\Kitpymes.Core.Shared.Tests\bin\Debug\netcoreapp3.0\Kitpymes.Core.Shared.Tests.dll" adapterTypeName="executor://mstestadapter/v2" className="Kitpymes.Core.Shared.Tests.ApplicationBuilderExtensionsTests" name="ToService_Passing_Service_Not_Found_Returns_ApplicationException" />
    </UnitTest>
    <UnitTest name="ToUri_Passing_ValidValueString_Returns_Uri" storage="d:\sferrari\01 - trabajo\repos\netcore\template-netcore-shared\kitpymes.core.shared.tests\bin\debug\netcoreapp3.0\kitpymes.core.shared.tests.dll" id="30809299-0e3e-4ac7-4a2a-6f8c296d2226">
      <Execution id="f7e95d57-6557-4775-a8b2-8a3c5513eb1c" />
      <TestMethod codeBase="D:\SFERRARI\01 - TRABAJO\repos\netcore\template-netcore-shared\Kitpymes.Core.Shared.Tests\bin\Debug\netcoreapp3.0\Kitpymes.Core.Shared.Tests.dll" adapterTypeName="executor://mstestadapter/v2" className="Kitpymes.Core.Shared.Tests.StringExtensionsTests" name="ToUri_Passing_ValidValueString_Returns_Uri" />
    </UnitTest>
    <UnitTest name="ToService_Passing_Valid_Service_Returns_Service" storage="d:\sferrari\01 - trabajo\repos\netcore\template-netcore-shared\kitpymes.core.shared.tests\bin\debug\netcoreapp3.0\kitpymes.core.shared.tests.dll" id="2aceb911-de9d-b2eb-c8db-f6b3f880216f">
      <Execution id="eedc0343-cb86-4b08-8fca-40b23d319d04" />
      <TestMethod codeBase="D:\SFERRARI\01 - TRABAJO\repos\netcore\template-netcore-shared\Kitpymes.Core.Shared.Tests\bin\Debug\netcoreapp3.0\Kitpymes.Core.Shared.Tests.dll" adapterTypeName="executor://mstestadapter/v2" className="Kitpymes.Core.Shared.Tests.ApplicationBuilderExtensionsTests" name="ToService_Passing_Valid_Service_Returns_Service" />
    </UnitTest>
    <UnitTest name="ToEnvironment_Passing_Service_Not_Found_Returns_ApplicationException" storage="d:\sferrari\01 - trabajo\repos\netcore\template-netcore-shared\kitpymes.core.shared.tests\bin\debug\netcoreapp3.0\kitpymes.core.shared.tests.dll" id="7c679bcb-7a59-8751-0063-1ef6e07cb160">
      <Execution id="e998213a-8973-4fba-a4b6-1c3b979cc81e" />
      <TestMethod codeBase="D:\SFERRARI\01 - TRABAJO\repos\netcore\template-netcore-shared\Kitpymes.Core.Shared.Tests\bin\Debug\netcoreapp3.0\Kitpymes.Core.Shared.Tests.dll" adapterTypeName="executor://mstestadapter/v2" className="Kitpymes.Core.Shared.Tests.ApplicationBuilderExtensionsTests" name="ToEnvironment_Passing_Service_Not_Found_Returns_ApplicationException" />
    </UnitTest>
    <UnitTest name="CreateSHA256_Passing_Invalid_Arguments_Returns_ApplicationException" storage="d:\sferrari\01 - trabajo\repos\netcore\template-netcore-shared\kitpymes.core.shared.tests\bin\debug\netcoreapp3.0\kitpymes.core.shared.tests.dll" id="77fe17c3-3cf8-a189-4d95-b2e0d3ca9579">
      <Execution id="a10a146f-2e73-4a11-90a8-5739929c3419" />
      <TestMethod codeBase="D:\SFERRARI\01 - TRABAJO\repos\netcore\template-netcore-shared\Kitpymes.Core.Shared.Tests\bin\Debug\netcoreapp3.0\Kitpymes.Core.Shared.Tests.dll" adapterTypeName="executor://mstestadapter/v2" className="Kitpymes.Core.Shared.Tests.HashTests" name="CreateSHA256_Passing_Invalid_Arguments_Returns_ApplicationException" />
    </UnitTest>
    <UnitTest name="ToString_Passing_Valid_Collection_Returns_String_With_Default_Separator" storage="d:\sferrari\01 - trabajo\repos\netcore\template-netcore-shared\kitpymes.core.shared.tests\bin\debug\netcoreapp3.0\kitpymes.core.shared.tests.dll" id="07d50dfb-3195-c832-23d2-97ae667f2010">
      <Execution id="0777a1e0-7879-4bd3-a3d5-6a1cdb83874b" />
      <TestMethod codeBase="D:\SFERRARI\01 - TRABAJO\repos\netcore\template-netcore-shared\Kitpymes.Core.Shared.Tests\bin\Debug\netcoreapp3.0\Kitpymes.Core.Shared.Tests.dll" adapterTypeName="executor://mstestadapter/v2" className="Kitpymes.Core.Shared.Tests.EnumerableExtensionsTests" name="ToString_Passing_Valid_Collection_Returns_String_With_Default_Separator" />
    </UnitTest>
    <UnitTest name="ToEmailMaskUserName_Passing_ValidEmail_Returns_EmailWithMask" storage="d:\sferrari\01 - trabajo\repos\netcore\template-netcore-shared\kitpymes.core.shared.tests\bin\debug\netcoreapp3.0\kitpymes.core.shared.tests.dll" id="1237bc5f-42ea-8c7f-8602-051620acda95">
      <Execution id="9d0bd838-1ed2-4ac8-a1b5-8bb4b5ee99b9" />
      <TestMethod codeBase="D:\SFERRARI\01 - TRABAJO\repos\netcore\template-netcore-shared\Kitpymes.Core.Shared.Tests\bin\Debug\netcoreapp3.0\Kitpymes.Core.Shared.Tests.dll" adapterTypeName="executor://mstestadapter/v2" className="Kitpymes.Core.Shared.Tests.StringExtensionsTests" name="ToEmailMaskUserName_Passing_ValidEmail_Returns_EmailWithMask" />
    </UnitTest>
    <UnitTest name="ToMessage_Passing_ExceptionWithMessageWithInnerException_Returns_MessageAndInnerException" storage="d:\sferrari\01 - trabajo\repos\netcore\template-netcore-shared\kitpymes.core.shared.tests\bin\debug\netcoreapp3.0\kitpymes.core.shared.tests.dll" id="0d35441f-72fe-a777-509f-6a19632f972a">
      <Execution id="bc3ea92a-99be-42e4-9e45-f885307bc36e" />
      <TestMethod codeBase="D:\SFERRARI\01 - TRABAJO\repos\netcore\template-netcore-shared\Kitpymes.Core.Shared.Tests\bin\Debug\netcoreapp3.0\Kitpymes.Core.Shared.Tests.dll" adapterTypeName="executor://mstestadapter/v2" className="Kitpymes.Core.Shared.Tests.ExceptionExtensionsTests" name="ToMessage_Passing_ExceptionWithMessageWithInnerException_Returns_MessageAndInnerException" />
    </UnitTest>
    <UnitTest name="ToExists_Passing_Valid_Service_Returns_True" storage="d:\sferrari\01 - trabajo\repos\netcore\template-netcore-shared\kitpymes.core.shared.tests\bin\debug\netcoreapp3.0\kitpymes.core.shared.tests.dll" id="64bc1554-814c-3c40-a6b0-679b40b89c36">
      <Execution id="f0ff0e17-9951-4bd3-a207-9bade2e1f2ef" />
      <TestMethod codeBase="D:\SFERRARI\01 - TRABAJO\repos\netcore\template-netcore-shared\Kitpymes.Core.Shared.Tests\bin\Debug\netcoreapp3.0\Kitpymes.Core.Shared.Tests.dll" adapterTypeName="executor://mstestadapter/v2" className="Kitpymes.Core.Shared.Tests.ApplicationBuilderExtensionsTests" name="ToExists_Passing_Valid_Service_Returns_True" />
    </UnitTest>
    <UnitTest name="IsGreater_Passing_InvalidArguments_Returns_HasErrorsAndCount" storage="d:\sferrari\01 - trabajo\repos\netcore\template-netcore-shared\kitpymes.core.shared.tests\bin\debug\netcoreapp3.0\kitpymes.core.shared.tests.dll" id="1c5fe271-1e90-52f5-1f31-436b17e57702">
      <Execution id="2f9b21ac-3d70-4fa4-808d-0d3b2a4c0ad9" />
      <TestMethod codeBase="D:\SFERRARI\01 - TRABAJO\repos\netcore\template-netcore-shared\Kitpymes.Core.Shared.Tests\bin\Debug\netcoreapp3.0\Kitpymes.Core.Shared.Tests.dll" adapterTypeName="executor://mstestadapter/v2" className="Kitpymes.Core.Shared.Tests.CheckTests" name="IsGreater_Passing_InvalidArguments_Returns_HasErrorsAndCount" />
    </UnitTest>
    <UnitTest name="ToDefaultValue_Passing_ulong_Returns_Cero" storage="d:\sferrari\01 - trabajo\repos\netcore\template-netcore-shared\kitpymes.core.shared.tests\bin\debug\netcoreapp3.0\kitpymes.core.shared.tests.dll" id="aeb559a5-c285-7ab9-baee-1cb152d1742f">
      <Execution id="24e44dbf-e94e-4f9b-8766-1f894c65cf7a" />
      <TestMethod codeBase="D:\SFERRARI\01 - TRABAJO\repos\netcore\template-netcore-shared\Kitpymes.Core.Shared.Tests\bin\Debug\netcoreapp3.0\Kitpymes.Core.Shared.Tests.dll" adapterTypeName="executor://mstestadapter/v2" className="Kitpymes.Core.Shared.Tests.GenericExtensionsTests" name="ToDefaultValue_Passing_ulong_Returns_Cero" />
    </UnitTest>
    <UnitTest name="ToAuthenticationType_Passing_Claims_Returns_AuthenticationType_Name" storage="d:\sferrari\01 - trabajo\repos\netcore\template-netcore-shared\kitpymes.core.shared.tests\bin\debug\netcoreapp3.0\kitpymes.core.shared.tests.dll" id="635e001f-2a50-f191-84e2-e81cd2000fdf">
      <Execution id="56748af1-fd02-4412-871e-573f3719af70" />
      <TestMethod codeBase="D:\SFERRARI\01 - TRABAJO\repos\netcore\template-netcore-shared\Kitpymes.Core.Shared.Tests\bin\Debug\netcoreapp3.0\Kitpymes.Core.Shared.Tests.dll" adapterTypeName="executor://mstestadapter/v2" className="Kitpymes.Core.Shared.Tests.ClaimsPrincipalExtensionsTests" name="ToAuthenticationType_Passing_Claims_Returns_AuthenticationType_Name" />
    </UnitTest>
    <UnitTest name="ToTryIPv6_Passing_HttpContext_IP_Value_Returns_IP" storage="d:\sferrari\01 - trabajo\repos\netcore\template-netcore-shared\kitpymes.core.shared.tests\bin\debug\netcoreapp3.0\kitpymes.core.shared.tests.dll" id="10024a68-25d4-872c-3e48-a6d6b2671494">
      <Execution id="da9f21c4-df03-48bc-815c-ed732f840000" />
      <TestMethod codeBase="D:\SFERRARI\01 - TRABAJO\repos\netcore\template-netcore-shared\Kitpymes.Core.Shared.Tests\bin\Debug\netcoreapp3.0\Kitpymes.Core.Shared.Tests.dll" adapterTypeName="executor://mstestadapter/v2" className="Kitpymes.Core.Shared.Tests.HttpContextExtensionsTests" name="ToTryIPv6_Passing_HttpContext_IP_Value_Returns_IP" />
    </UnitTest>
    <UnitTest name="ToExists_Passing_NotFound_Service_Returns_False" storage="d:\sferrari\01 - trabajo\repos\netcore\template-netcore-shared\kitpymes.core.shared.tests\bin\debug\netcoreapp3.0\kitpymes.core.shared.tests.dll" id="640513b3-feee-19a8-efba-5817e77ff3ee">
      <Execution id="3ad90c3c-71a7-47b2-ba87-ea729cb9e933" />
      <TestMethod codeBase="D:\SFERRARI\01 - TRABAJO\repos\netcore\template-netcore-shared\Kitpymes.Core.Shared.Tests\bin\Debug\netcoreapp3.0\Kitpymes.Core.Shared.Tests.dll" adapterTypeName="executor://mstestadapter/v2" className="Kitpymes.Core.Shared.Tests.ConfigurationBuilderExtensionsTests" name="ToExists_Passing_NotFound_Service_Returns_False" />
    </UnitTest>
    <UnitTest name="ToIsSubdomainThrow_Passing_InvalidValue_Returns_ApplicationExceptionWithMessage" storage="d:\sferrari\01 - trabajo\repos\netcore\template-netcore-shared\kitpymes.core.shared.tests\bin\debug\netcoreapp3.0\kitpymes.core.shared.tests.dll" id="d51ea295-e896-101a-6578-05ae772bcbfb">
      <Execution id="a348a7d9-df90-44c2-8968-f6366f051ae4" />
      <TestMethod codeBase="D:\SFERRARI\01 - TRABAJO\repos\netcore\template-netcore-shared\Kitpymes.Core.Shared.Tests\bin\Debug\netcoreapp3.0\Kitpymes.Core.Shared.Tests.dll" adapterTypeName="executor://mstestadapter/v2" className="Kitpymes.Core.Shared.Tests.CheckExtensionsTests" name="ToIsSubdomainThrow_Passing_InvalidValue_Returns_ApplicationExceptionWithMessage" />
    </UnitTest>
    <UnitTest name="IsEmail_Passing_InvalidArguments_Returns_HasErrorsAndCount" storage="d:\sferrari\01 - trabajo\repos\netcore\template-netcore-shared\kitpymes.core.shared.tests\bin\debug\netcoreapp3.0\kitpymes.core.shared.tests.dll" id="180814cc-22f9-91b2-cd9a-f54be7e1ba18">
      <Execution id="9409b749-e63d-4880-aa71-0f1fd2d7278e" />
      <TestMethod codeBase="D:\SFERRARI\01 - TRABAJO\repos\netcore\template-netcore-shared\Kitpymes.Core.Shared.Tests\bin\Debug\netcoreapp3.0\Kitpymes.Core.Shared.Tests.dll" adapterTypeName="executor://mstestadapter/v2" className="Kitpymes.Core.Shared.Tests.CheckTests" name="IsEmail_Passing_InvalidArguments_Returns_HasErrorsAndCount" />
    </UnitTest>
    <UnitTest name="IsEspecialChars_Passing_ValidArguments_Returns_HasErrorsAndCount" storage="d:\sferrari\01 - trabajo\repos\netcore\template-netcore-shared\kitpymes.core.shared.tests\bin\debug\netcoreapp3.0\kitpymes.core.shared.tests.dll" id="a2b6017f-838f-c435-81c1-a75dd92108eb">
      <Execution id="3d4eb061-bc67-4e35-ae90-3f9db05f68c7" />
      <TestMethod codeBase="D:\SFERRARI\01 - TRABAJO\repos\netcore\template-netcore-shared\Kitpymes.Core.Shared.Tests\bin\Debug\netcoreapp3.0\Kitpymes.Core.Shared.Tests.dll" adapterTypeName="executor://mstestadapter/v2" className="Kitpymes.Core.Shared.Tests.CheckTests" name="IsEspecialChars_Passing_ValidArguments_Returns_HasErrorsAndCount" />
    </UnitTest>
    <UnitTest name="CreateAndVerifySHA512_Passing_Valid_Arguments_Returns_True" storage="d:\sferrari\01 - trabajo\repos\netcore\template-netcore-shared\kitpymes.core.shared.tests\bin\debug\netcoreapp3.0\kitpymes.core.shared.tests.dll" id="6088101f-62c5-69c8-6751-05523b132d06">
      <Execution id="9e0cfc76-2cb9-4ddd-a798-a915226ceff8" />
      <TestMethod codeBase="D:\SFERRARI\01 - TRABAJO\repos\netcore\template-netcore-shared\Kitpymes.Core.Shared.Tests\bin\Debug\netcoreapp3.0\Kitpymes.Core.Shared.Tests.dll" adapterTypeName="executor://mstestadapter/v2" className="Kitpymes.Core.Shared.Tests.HashTests" name="CreateAndVerifySHA512_Passing_Valid_Arguments_Returns_True" />
    </UnitTest>
    <UnitTest name="ToContentType_Passing_ValidValueString_Returns_ContentType" storage="d:\sferrari\01 - trabajo\repos\netcore\template-netcore-shared\kitpymes.core.shared.tests\bin\debug\netcoreapp3.0\kitpymes.core.shared.tests.dll" id="7be8a004-8e29-0f01-8ada-f15377193150">
      <Execution id="e88b724a-3dd5-421e-91c3-88e33b738778" />
      <TestMethod codeBase="D:\SFERRARI\01 - TRABAJO\repos\netcore\template-netcore-shared\Kitpymes.Core.Shared.Tests\bin\Debug\netcoreapp3.0\Kitpymes.Core.Shared.Tests.dll" adapterTypeName="executor://mstestadapter/v2" className="Kitpymes.Core.Shared.Tests.StringExtensionsTests" name="ToContentType_Passing_ValidValueString_Returns_ContentType" />
    </UnitTest>
    <UnitTest name="IsUppercase_Passing_ValidArguments_Returns_HasErrorsAndCount" storage="d:\sferrari\01 - trabajo\repos\netcore\template-netcore-shared\kitpymes.core.shared.tests\bin\debug\netcoreapp3.0\kitpymes.core.shared.tests.dll" id="056700a7-2506-75ed-a80a-ddf2ddb5d2a8">
      <Execution id="02983cad-f758-4226-9d9d-69614da6c793" />
      <TestMethod codeBase="D:\SFERRARI\01 - TRABAJO\repos\netcore\template-netcore-shared\Kitpymes.Core.Shared.Tests\bin\Debug\netcoreapp3.0\Kitpymes.Core.Shared.Tests.dll" adapterTypeName="executor://mstestadapter/v2" className="Kitpymes.Core.Shared.Tests.CheckTests" name="IsUppercase_Passing_ValidArguments_Returns_HasErrorsAndCount" />
    </UnitTest>
    <UnitTest name="ToAttribute_Passing_Enumeration_Name_Returns_Atributte" storage="d:\sferrari\01 - trabajo\repos\netcore\template-netcore-shared\kitpymes.core.shared.tests\bin\debug\netcoreapp3.0\kitpymes.core.shared.tests.dll" id="320700ce-aa3b-5818-fb18-706cf7605472">
      <Execution id="de89cc5c-2ef1-48ac-9abc-ceb7669ac4e8" />
      <TestMethod codeBase="D:\SFERRARI\01 - TRABAJO\repos\netcore\template-netcore-shared\Kitpymes.Core.Shared.Tests\bin\Debug\netcoreapp3.0\Kitpymes.Core.Shared.Tests.dll" adapterTypeName="executor://mstestadapter/v2" className="Kitpymes.Core.Shared.Tests.EnumExtensionsTests" name="ToAttribute_Passing_Enumeration_Name_Returns_Atributte" />
    </UnitTest>
    <UnitTest name="ToSerialize_Passing_Objects_Returns_String_Values" storage="d:\sferrari\01 - trabajo\repos\netcore\template-netcore-shared\kitpymes.core.shared.tests\bin\debug\netcoreapp3.0\kitpymes.core.shared.tests.dll" id="87c5dbd3-fd2a-1e49-42e5-8dc78affc8d6">
      <Execution id="a7fdfc17-9532-4b77-afbe-901deb37b3b6" />
      <TestMethod codeBase="D:\SFERRARI\01 - TRABAJO\repos\netcore\template-netcore-shared\Kitpymes.Core.Shared.Tests\bin\Debug\netcoreapp3.0\Kitpymes.Core.Shared.Tests.dll" adapterTypeName="executor://mstestadapter/v2" className="Kitpymes.Core.Shared.Tests.JsonExtensionsTests" name="ToSerialize_Passing_Objects_Returns_String_Values" />
    </UnitTest>
    <UnitTest name="ToDefaultValue_Passing_ValidInt_Returns_DefaultValue" storage="d:\sferrari\01 - trabajo\repos\netcore\template-netcore-shared\kitpymes.core.shared.tests\bin\debug\netcoreapp3.0\kitpymes.core.shared.tests.dll" id="e37f41d3-77a8-1acd-c258-fbb5b724b134">
      <Execution id="6efaaa18-43e0-4a16-9d92-c32a3bafd851" />
      <TestMethod codeBase="D:\SFERRARI\01 - TRABAJO\repos\netcore\template-netcore-shared\Kitpymes.Core.Shared.Tests\bin\Debug\netcoreapp3.0\Kitpymes.Core.Shared.Tests.dll" adapterTypeName="executor://mstestadapter/v2" className="Kitpymes.Core.Shared.Tests.TypeExtensionsTests" name="ToDefaultValue_Passing_ValidInt_Returns_DefaultValue" />
    </UnitTest>
    <UnitTest name="ToTryContentType_Passing_HttpRequestWithContentType_Value_Returns_ContentType_String_Value" storage="d:\sferrari\01 - trabajo\repos\netcore\template-netcore-shared\kitpymes.core.shared.tests\bin\debug\netcoreapp3.0\kitpymes.core.shared.tests.dll" id="a03675ec-665e-f4d5-4630-89e50dac0bfb">
      <Execution id="7c2ecc00-26fb-40cc-ac36-be75009a8af9" />
      <TestMethod codeBase="D:\SFERRARI\01 - TRABAJO\repos\netcore\template-netcore-shared\Kitpymes.Core.Shared.Tests\bin\Debug\netcoreapp3.0\Kitpymes.Core.Shared.Tests.dll" adapterTypeName="executor://mstestadapter/v2" className="Kitpymes.Core.Shared.Tests.HttpRequestExtensionsTests" name="ToTryContentType_Passing_HttpRequestWithContentType_Value_Returns_ContentType_String_Value" />
    </UnitTest>
    <UnitTest name="ToDefaultValue_Passing_ValidBoolean_Returns_DefaultValue" storage="d:\sferrari\01 - trabajo\repos\netcore\template-netcore-shared\kitpymes.core.shared.tests\bin\debug\netcoreapp3.0\kitpymes.core.shared.tests.dll" id="a95f665c-aa8d-208d-902c-60a464250c99">
      <Execution id="2befd502-c649-4f92-9d98-849e7f1dad91" />
      <TestMethod codeBase="D:\SFERRARI\01 - TRABAJO\repos\netcore\template-netcore-shared\Kitpymes.Core.Shared.Tests\bin\Debug\netcoreapp3.0\Kitpymes.Core.Shared.Tests.dll" adapterTypeName="executor://mstestadapter/v2" className="Kitpymes.Core.Shared.Tests.TypeExtensionsTests" name="ToDefaultValue_Passing_ValidBoolean_Returns_DefaultValue" />
    </UnitTest>
    <UnitTest name="ToHashAlgorithmName_Passing_InvalidValueLowerCaseString_Returns_Null" storage="d:\sferrari\01 - trabajo\repos\netcore\template-netcore-shared\kitpymes.core.shared.tests\bin\debug\netcoreapp3.0\kitpymes.core.shared.tests.dll" id="bd43e66e-fbae-26eb-a9a1-c58a6bf5d7af">
      <Execution id="fb570d84-58ca-4578-bc55-747bd08ebacb" />
      <TestMethod codeBase="D:\SFERRARI\01 - TRABAJO\repos\netcore\template-netcore-shared\Kitpymes.Core.Shared.Tests\bin\Debug\netcoreapp3.0\Kitpymes.Core.Shared.Tests.dll" adapterTypeName="executor://mstestadapter/v2" className="Kitpymes.Core.Shared.Tests.StringExtensionsTests" name="ToHashAlgorithmName_Passing_InvalidValueLowerCaseString_Returns_Null" />
    </UnitTest>
    <UnitTest name="ToWhere_Passing_Null_Predicate_Returns_Same_List" storage="d:\sferrari\01 - trabajo\repos\netcore\template-netcore-shared\kitpymes.core.shared.tests\bin\debug\netcoreapp3.0\kitpymes.core.shared.tests.dll" id="6bd61990-78b5-76ea-0df5-0c13c388bdc0">
      <Execution id="126aa3eb-462c-483d-b73b-0b23b837bf08" />
      <TestMethod codeBase="D:\SFERRARI\01 - TRABAJO\repos\netcore\template-netcore-shared\Kitpymes.Core.Shared.Tests\bin\Debug\netcoreapp3.0\Kitpymes.Core.Shared.Tests.dll" adapterTypeName="executor://mstestadapter/v2" className="Kitpymes.Core.Shared.Tests.QueryableExtensionsTests" name="ToWhere_Passing_Null_Predicate_Returns_Same_List" />
    </UnitTest>
    <UnitTest name="ToEnvironment_ServiceCollection_Passing_Staging_Enviroment_Returns_Staging_Name" storage="d:\sferrari\01 - trabajo\repos\netcore\template-netcore-shared\kitpymes.core.shared.tests\bin\debug\netcoreapp3.0\kitpymes.core.shared.tests.dll" id="504465b7-a3fe-9023-93b9-ffece1903418">
      <Execution id="c16c6cdb-4e8b-4637-964b-dc56a39ba552" />
      <TestMethod codeBase="D:\SFERRARI\01 - TRABAJO\repos\netcore\template-netcore-shared\Kitpymes.Core.Shared.Tests\bin\Debug\netcoreapp3.0\Kitpymes.Core.Shared.Tests.dll" adapterTypeName="executor://mstestadapter/v2" className="Kitpymes.Core.Shared.Tests.ConfigurationBuilderExtensionsTests" name="ToEnvironment_ServiceCollection_Passing_Staging_Enviroment_Returns_Staging_Name" />
    </UnitTest>
    <UnitTest name="ToAuthenticationType_Passing_Null_ClaimsPrincipal_Returns_ApplicationException" storage="d:\sferrari\01 - trabajo\repos\netcore\template-netcore-shared\kitpymes.core.shared.tests\bin\debug\netcoreapp3.0\kitpymes.core.shared.tests.dll" id="8dccdb77-e6a8-58c6-9bd0-108f87c5ff65">
      <Execution id="08be1876-76a5-4cd6-8a26-027df54b2724" />
      <TestMethod codeBase="D:\SFERRARI\01 - TRABAJO\repos\netcore\template-netcore-shared\Kitpymes.Core.Shared.Tests\bin\Debug\netcoreapp3.0\Kitpymes.Core.Shared.Tests.dll" adapterTypeName="executor://mstestadapter/v2" className="Kitpymes.Core.Shared.Tests.ClaimsPrincipalExtensionsTests" name="ToAuthenticationType_Passing_Null_ClaimsPrincipal_Returns_ApplicationException" />
    </UnitTest>
    <UnitTest name="ToValues_Passing_ValidEnumType_Returns_ValuesListString" storage="d:\sferrari\01 - trabajo\repos\netcore\template-netcore-shared\kitpymes.core.shared.tests\bin\debug\netcoreapp3.0\kitpymes.core.shared.tests.dll" id="0cfd0c7c-1a61-7d19-c2fa-3c8a47ccf09c">
      <Execution id="33595a48-796c-43a8-8f01-056fe7f10fa8" />
      <TestMethod codeBase="D:\SFERRARI\01 - TRABAJO\repos\netcore\template-netcore-shared\Kitpymes.Core.Shared.Tests\bin\Debug\netcoreapp3.0\Kitpymes.Core.Shared.Tests.dll" adapterTypeName="executor://mstestadapter/v2" className="Kitpymes.Core.Shared.Tests.EnumsTests" name="ToValues_Passing_ValidEnumType_Returns_ValuesListString" />
    </UnitTest>
    <UnitTest name="ToNormalize_Passing_ValidValue_Returns_NormalizedValue" storage="d:\sferrari\01 - trabajo\repos\netcore\template-netcore-shared\kitpymes.core.shared.tests\bin\debug\netcoreapp3.0\kitpymes.core.shared.tests.dll" id="7dc20d31-477c-3765-83c0-7575a504da96">
      <Execution id="7e66ab3c-c2fe-44f2-a476-9cb0ac255e2a" />
      <TestMethod codeBase="D:\SFERRARI\01 - TRABAJO\repos\netcore\template-netcore-shared\Kitpymes.Core.Shared.Tests\bin\Debug\netcoreapp3.0\Kitpymes.Core.Shared.Tests.dll" adapterTypeName="executor://mstestadapter/v2" className="Kitpymes.Core.Shared.Tests.StringExtensionsTests" name="ToNormalize_Passing_ValidValue_Returns_NormalizedValue" />
    </UnitTest>
    <UnitTest name="ToDictionaryPropertyInfo_Passing_Object_Not_IncludeNullOrEmptyProperty_Returns_Properties_NameAndValue_Dictionary" storage="d:\sferrari\01 - trabajo\repos\netcore\template-netcore-shared\kitpymes.core.shared.tests\bin\debug\netcoreapp3.0\kitpymes.core.shared.tests.dll" id="eb3fbb45-8257-f4b8-0975-042f859a72bf">
      <Execution id="eb2cdffc-0ae0-4354-ac1f-92a4edc384ec" />
      <TestMethod codeBase="D:\SFERRARI\01 - TRABAJO\repos\netcore\template-netcore-shared\Kitpymes.Core.Shared.Tests\bin\Debug\netcoreapp3.0\Kitpymes.Core.Shared.Tests.dll" adapterTypeName="executor://mstestadapter/v2" className="Kitpymes.Core.Shared.Tests.GenericExtensionsTests" name="ToDictionaryPropertyInfo_Passing_Object_Not_IncludeNullOrEmptyProperty_Returns_Properties_NameAndValue_Dictionary" />
    </UnitTest>
    <UnitTest name="ToGetAll_Passing_Claims_Returns_Claim_Value_Int_List" storage="d:\sferrari\01 - trabajo\repos\netcore\template-netcore-shared\kitpymes.core.shared.tests\bin\debug\netcoreapp3.0\kitpymes.core.shared.tests.dll" id="fa00d2a8-59b9-ad9e-caa1-a0c9e3156db1">
      <Execution id="dfa46b38-db88-441b-b210-73a85f560350" />
      <TestMethod codeBase="D:\SFERRARI\01 - TRABAJO\repos\netcore\template-netcore-shared\Kitpymes.Core.Shared.Tests\bin\Debug\netcoreapp3.0\Kitpymes.Core.Shared.Tests.dll" adapterTypeName="executor://mstestadapter/v2" className="Kitpymes.Core.Shared.Tests.ClaimsPrincipalExtensionsTests" name="ToGetAll_Passing_Claims_Returns_Claim_Value_Int_List" />
    </UnitTest>
    <UnitTest name="ToDirectoryTemporary_Passing_ValidValue_Returns_DirectoryExists" storage="d:\sferrari\01 - trabajo\repos\netcore\template-netcore-shared\kitpymes.core.shared.tests\bin\debug\netcoreapp3.0\kitpymes.core.shared.tests.dll" id="65b9b71b-a8d5-2a7d-a8a7-0e3a015e6b68">
      <Execution id="d8cd1dc9-2aa5-4bb8-a85e-4e2e6721d8cb" />
      <TestMethod codeBase="D:\SFERRARI\01 - TRABAJO\repos\netcore\template-netcore-shared\Kitpymes.Core.Shared.Tests\bin\Debug\netcoreapp3.0\Kitpymes.Core.Shared.Tests.dll" adapterTypeName="executor://mstestadapter/v2" className="Kitpymes.Core.Shared.Tests.StringExtensionsTests" name="ToDirectoryTemporary_Passing_ValidValue_Returns_DirectoryExists" />
    </UnitTest>
    <UnitTest name="ToHashAlgorithmName_Passing_ValidValueString_Returns_HashAlgorithmName" storage="d:\sferrari\01 - trabajo\repos\netcore\template-netcore-shared\kitpymes.core.shared.tests\bin\debug\netcoreapp3.0\kitpymes.core.shared.tests.dll" id="cd004a9f-a0f6-2fdf-aeae-1890f4ab8e71">
      <Execution id="4ef3380e-21b9-4f9c-84bf-e42223d86df2" />
      <TestMethod codeBase="D:\SFERRARI\01 - TRABAJO\repos\netcore\template-netcore-shared\Kitpymes.Core.Shared.Tests\bin\Debug\netcoreapp3.0\Kitpymes.Core.Shared.Tests.dll" adapterTypeName="executor://mstestadapter/v2" className="Kitpymes.Core.Shared.Tests.StringExtensionsTests" name="ToHashAlgorithmName_Passing_ValidValueString_Returns_HashAlgorithmName" />
    </UnitTest>
    <UnitTest name="IsEspecialChars_Passing_InvalidArguments_Returns_HasErrorsAndCount" storage="d:\sferrari\01 - trabajo\repos\netcore\template-netcore-shared\kitpymes.core.shared.tests\bin\debug\netcoreapp3.0\kitpymes.core.shared.tests.dll" id="9d64a285-266d-52de-ef34-34102f8ad12c">
      <Execution id="79846b17-567b-426f-a658-d92a8088d333" />
      <TestMethod codeBase="D:\SFERRARI\01 - TRABAJO\repos\netcore\template-netcore-shared\Kitpymes.Core.Shared.Tests\bin\Debug\netcoreapp3.0\Kitpymes.Core.Shared.Tests.dll" adapterTypeName="executor://mstestadapter/v2" className="Kitpymes.Core.Shared.Tests.CheckTests" name="IsEspecialChars_Passing_InvalidArguments_Returns_HasErrorsAndCount" />
    </UnitTest>
    <UnitTest name="ToIsDirectoryThrow_Passing_InvalidValue_Returns_ApplicationExceptionWithMessage" storage="d:\sferrari\01 - trabajo\repos\netcore\template-netcore-shared\kitpymes.core.shared.tests\bin\debug\netcoreapp3.0\kitpymes.core.shared.tests.dll" id="9e36eef1-cde7-a509-c95d-2249b6b02dbb">
      <Execution id="3da0cc72-6763-44d4-a853-7310f3a18173" />
      <TestMethod codeBase="D:\SFERRARI\01 - TRABAJO\repos\netcore\template-netcore-shared\Kitpymes.Core.Shared.Tests\bin\Debug\netcoreapp3.0\Kitpymes.Core.Shared.Tests.dll" adapterTypeName="executor://mstestadapter/v2" className="Kitpymes.Core.Shared.Tests.CheckExtensionsTests" name="ToIsDirectoryThrow_Passing_InvalidValue_Returns_ApplicationExceptionWithMessage" />
    </UnitTest>
    <UnitTest name="ToUri_Passing_InvalidValueString_Returns_Null" storage="d:\sferrari\01 - trabajo\repos\netcore\template-netcore-shared\kitpymes.core.shared.tests\bin\debug\netcoreapp3.0\kitpymes.core.shared.tests.dll" id="c180eeb5-df7f-187e-c74d-0f6d31acdec5">
      <Execution id="1398d978-0013-44ec-92f5-4c271b2c3254" />
      <TestMethod codeBase="D:\SFERRARI\01 - TRABAJO\repos\netcore\template-netcore-shared\Kitpymes.Core.Shared.Tests\bin\Debug\netcoreapp3.0\Kitpymes.Core.Shared.Tests.dll" adapterTypeName="executor://mstestadapter/v2" className="Kitpymes.Core.Shared.Tests.StringExtensionsTests" name="ToUri_Passing_InvalidValueString_Returns_Null" />
    </UnitTest>
    <UnitTest name="ToDirectoryFileInfo_Passing_ValidValue_Returns_FileInfo" storage="d:\sferrari\01 - trabajo\repos\netcore\template-netcore-shared\kitpymes.core.shared.tests\bin\debug\netcoreapp3.0\kitpymes.core.shared.tests.dll" id="7daaba64-d3ad-9109-43bf-bdb516b673b8">
      <Execution id="d4081311-3a8d-47c5-80f9-1f72ea847785" />
      <TestMethod codeBase="D:\SFERRARI\01 - TRABAJO\repos\netcore\template-netcore-shared\Kitpymes.Core.Shared.Tests\bin\Debug\netcoreapp3.0\Kitpymes.Core.Shared.Tests.dll" adapterTypeName="executor://mstestadapter/v2" className="Kitpymes.Core.Shared.Tests.StringExtensionsTests" name="ToDirectoryFileInfo_Passing_ValidValue_Returns_FileInfo" />
    </UnitTest>
    <UnitTest name="ToStringFormat_Passing_ValidValue_Returns_ValueWithoutRemovedChars" storage="d:\sferrari\01 - trabajo\repos\netcore\template-netcore-shared\kitpymes.core.shared.tests\bin\debug\netcoreapp3.0\kitpymes.core.shared.tests.dll" id="a1095294-226e-a0f0-0154-11290289c9db">
      <Execution id="20a80201-a180-407f-a203-2690d78dbd9a" />
      <TestMethod codeBase="D:\SFERRARI\01 - TRABAJO\repos\netcore\template-netcore-shared\Kitpymes.Core.Shared.Tests\bin\Debug\netcoreapp3.0\Kitpymes.Core.Shared.Tests.dll" adapterTypeName="executor://mstestadapter/v2" className="Kitpymes.Core.Shared.Tests.IntegerExtensionsTests" name="ToStringFormat_Passing_ValidValue_Returns_ValueWithoutRemovedChars" />
    </UnitTest>
    <UnitTest name="ToDefaultValue_Passing_short_Returns_Cero" storage="d:\sferrari\01 - trabajo\repos\netcore\template-netcore-shared\kitpymes.core.shared.tests\bin\debug\netcoreapp3.0\kitpymes.core.shared.tests.dll" id="40108f40-2761-0a89-d16d-ad113b5f3dd5">
      <Execution id="314b2c0f-bd3e-4c69-baa9-d0a85b546cc1" />
      <TestMethod codeBase="D:\SFERRARI\01 - TRABAJO\repos\netcore\template-netcore-shared\Kitpymes.Core.Shared.Tests\bin\Debug\netcoreapp3.0\Kitpymes.Core.Shared.Tests.dll" adapterTypeName="executor://mstestadapter/v2" className="Kitpymes.Core.Shared.Tests.GenericExtensionsTests" name="ToDefaultValue_Passing_short_Returns_Cero" />
    </UnitTest>
    <UnitTest name="ToDirectorySaveFileAsync_Passing_ValidValue_Returns_False" storage="d:\sferrari\01 - trabajo\repos\netcore\template-netcore-shared\kitpymes.core.shared.tests\bin\debug\netcoreapp3.0\kitpymes.core.shared.tests.dll" id="0696fab6-6d9f-2b85-4a73-248fbd1cdda4">
      <Execution id="4bfb42e8-f30c-4348-9a85-a242a4f8f1ed" />
      <TestMethod codeBase="D:\SFERRARI\01 - TRABAJO\repos\netcore\template-netcore-shared\Kitpymes.Core.Shared.Tests\bin\Debug\netcoreapp3.0\Kitpymes.Core.Shared.Tests.dll" adapterTypeName="executor://mstestadapter/v2" className="Kitpymes.Core.Shared.Tests.StringExtensionsTests" name="ToDirectorySaveFileAsync_Passing_ValidValue_Returns_False" />
    </UnitTest>
    <UnitTest name="ToGet_Passing_Claims_Returns_Claim_Value_String" storage="d:\sferrari\01 - trabajo\repos\netcore\template-netcore-shared\kitpymes.core.shared.tests\bin\debug\netcoreapp3.0\kitpymes.core.shared.tests.dll" id="0c633595-70e8-b011-5a46-c9c7e1687cb9">
      <Execution id="0544d63e-e7e5-412b-8eeb-8f98e1cc42b8" />
      <TestMethod codeBase="D:\SFERRARI\01 - TRABAJO\repos\netcore\template-netcore-shared\Kitpymes.Core.Shared.Tests\bin\Debug\netcoreapp3.0\Kitpymes.Core.Shared.Tests.dll" adapterTypeName="executor://mstestadapter/v2" className="Kitpymes.Core.Shared.Tests.ClaimsPrincipalExtensionsTests" name="ToGet_Passing_Claims_Returns_Claim_Value_String" />
    </UnitTest>
    <UnitTest name="ResultOk_WithMessage" storage="d:\sferrari\01 - trabajo\repos\netcore\template-netcore-shared\kitpymes.core.shared.tests\bin\debug\netcoreapp3.0\kitpymes.core.shared.tests.dll" id="8381ae52-050c-b801-64b1-7c621deb91d8">
      <Execution id="94b78f13-6740-429e-9952-ec68bd114111" />
      <TestMethod codeBase="D:\SFERRARI\01 - TRABAJO\repos\netcore\template-netcore-shared\Kitpymes.Core.Shared.Tests\bin\Debug\netcoreapp3.0\Kitpymes.Core.Shared.Tests.dll" adapterTypeName="executor://mstestadapter/v2" className="Kitpymes.Core.Shared.Tests.ResultTest" name="ResultOk_WithMessage" />
    </UnitTest>
    <UnitTest name="ToDefaultValue_Passing_ValidGuid_Returns_DefaultValue" storage="d:\sferrari\01 - trabajo\repos\netcore\template-netcore-shared\kitpymes.core.shared.tests\bin\debug\netcoreapp3.0\kitpymes.core.shared.tests.dll" id="225c09bd-86d5-d9ce-d2b8-18431ca384e3">
      <Execution id="874d283a-a6aa-4caf-bf59-b5db522de1ed" />
      <TestMethod codeBase="D:\SFERRARI\01 - TRABAJO\repos\netcore\template-netcore-shared\Kitpymes.Core.Shared.Tests\bin\Debug\netcoreapp3.0\Kitpymes.Core.Shared.Tests.dll" adapterTypeName="executor://mstestadapter/v2" className="Kitpymes.Core.Shared.Tests.TypeExtensionsTests" name="ToDefaultValue_Passing_ValidGuid_Returns_DefaultValue" />
    </UnitTest>
    <UnitTest name="ToZipCreate_Passing_ValidFiles_Returns_ZipFiles" storage="d:\sferrari\01 - trabajo\repos\netcore\template-netcore-shared\kitpymes.core.shared.tests\bin\debug\netcoreapp3.0\kitpymes.core.shared.tests.dll" id="c14c626b-0f15-ac55-344d-8aa2c3f91cdf">
      <Execution id="3ae3f7e2-6d6e-45d1-9e3d-29561cba9032" />
      <TestMethod codeBase="D:\SFERRARI\01 - TRABAJO\repos\netcore\template-netcore-shared\Kitpymes.Core.Shared.Tests\bin\Debug\netcoreapp3.0\Kitpymes.Core.Shared.Tests.dll" adapterTypeName="executor://mstestadapter/v2" className="Kitpymes.Core.Shared.Tests.StringExtensionsTests" name="ToZipCreate_Passing_ValidFiles_Returns_ZipFiles" />
    </UnitTest>
    <UnitTest name="ResultOK" storage="d:\sferrari\01 - trabajo\repos\netcore\template-netcore-shared\kitpymes.core.shared.tests\bin\debug\netcoreapp3.0\kitpymes.core.shared.tests.dll" id="3c82816f-4e62-7440-d30d-abbd53b1dcea">
      <Execution id="89997ca3-fe48-430e-a5f7-15769b3064a3" />
      <TestMethod codeBase="D:\SFERRARI\01 - TRABAJO\repos\netcore\template-netcore-shared\Kitpymes.Core.Shared.Tests\bin\Debug\netcoreapp3.0\Kitpymes.Core.Shared.Tests.dll" adapterTypeName="executor://mstestadapter/v2" className="Kitpymes.Core.Shared.Tests.ResultTest" name="ResultOK" />
    </UnitTest>
    <UnitTest name="ToIsNullOrAnyThrow_Passing_InvalidValue_Returns_ApplicationExceptionWithMessage" storage="d:\sferrari\01 - trabajo\repos\netcore\template-netcore-shared\kitpymes.core.shared.tests\bin\debug\netcoreapp3.0\kitpymes.core.shared.tests.dll" id="8fbac209-421a-f9fa-c5fe-97403aedb24e">
      <Execution id="360b3a8e-0b70-4472-a675-988a00efdac1" />
      <TestMethod codeBase="D:\SFERRARI\01 - TRABAJO\repos\netcore\template-netcore-shared\Kitpymes.Core.Shared.Tests\bin\Debug\netcoreapp3.0\Kitpymes.Core.Shared.Tests.dll" adapterTypeName="executor://mstestadapter/v2" className="Kitpymes.Core.Shared.Tests.CheckExtensionsTests" name="ToIsNullOrAnyThrow_Passing_InvalidValue_Returns_ApplicationExceptionWithMessage" />
    </UnitTest>
    <UnitTest name="ToIsFileThrow_Passing_InvalidValue_Returns_ApplicationExceptionWithMessage" storage="d:\sferrari\01 - trabajo\repos\netcore\template-netcore-shared\kitpymes.core.shared.tests\bin\debug\netcoreapp3.0\kitpymes.core.shared.tests.dll" id="0df69eaf-b001-71ae-6cf8-f9c5860f7c4c">
      <Execution id="f84fcf92-903a-40fc-9b36-19fe6ead650c" />
      <TestMethod codeBase="D:\SFERRARI\01 - TRABAJO\repos\netcore\template-netcore-shared\Kitpymes.Core.Shared.Tests\bin\Debug\netcoreapp3.0\Kitpymes.Core.Shared.Tests.dll" adapterTypeName="executor://mstestadapter/v2" className="Kitpymes.Core.Shared.Tests.CheckExtensionsTests" name="ToIsFileThrow_Passing_InvalidValue_Returns_ApplicationExceptionWithMessage" />
    </UnitTest>
    <UnitTest name="ToIsNullOrEmptyThrow_Passing_InvalidValue_Returns_ApplicationExceptionWithMessage" storage="d:\sferrari\01 - trabajo\repos\netcore\template-netcore-shared\kitpymes.core.shared.tests\bin\debug\netcoreapp3.0\kitpymes.core.shared.tests.dll" id="580ff04a-e5c0-9f2f-90c3-4f2aeafd15c5">
      <Execution id="353771b4-908e-4cd5-a737-87fc0801f8fb" />
      <TestMethod codeBase="D:\SFERRARI\01 - TRABAJO\repos\netcore\template-netcore-shared\Kitpymes.Core.Shared.Tests\bin\Debug\netcoreapp3.0\Kitpymes.Core.Shared.Tests.dll" adapterTypeName="executor://mstestadapter/v2" className="Kitpymes.Core.Shared.Tests.CheckExtensionsTests" name="ToIsNullOrEmptyThrow_Passing_InvalidValue_Returns_ApplicationExceptionWithMessage" />
    </UnitTest>
    <UnitTest name="ToEnvironment_Passing_Development_Enviroment_Returns_Development_Name" storage="d:\sferrari\01 - trabajo\repos\netcore\template-netcore-shared\kitpymes.core.shared.tests\bin\debug\netcoreapp3.0\kitpymes.core.shared.tests.dll" id="1c5de28c-f1b3-c94d-8e43-201eab8c2ff8">
      <Execution id="6885c450-1acd-4631-bd62-54fcb917a924" />
      <TestMethod codeBase="D:\SFERRARI\01 - TRABAJO\repos\netcore\template-netcore-shared\Kitpymes.Core.Shared.Tests\bin\Debug\netcoreapp3.0\Kitpymes.Core.Shared.Tests.dll" adapterTypeName="executor://mstestadapter/v2" className="Kitpymes.Core.Shared.Tests.ApplicationBuilderExtensionsTests" name="ToEnvironment_Passing_Development_Enviroment_Returns_Development_Name" />
    </UnitTest>
    <UnitTest name="ToDefaultValue_Passing_uint_Returns_Cero" storage="d:\sferrari\01 - trabajo\repos\netcore\template-netcore-shared\kitpymes.core.shared.tests\bin\debug\netcoreapp3.0\kitpymes.core.shared.tests.dll" id="f828057e-351a-48b7-0028-e57f15c7217e">
      <Execution id="ed3fe297-86fd-47f3-95e2-45bf2868acd1" />
      <TestMethod codeBase="D:\SFERRARI\01 - TRABAJO\repos\netcore\template-netcore-shared\Kitpymes.Core.Shared.Tests\bin\Debug\netcoreapp3.0\Kitpymes.Core.Shared.Tests.dll" adapterTypeName="executor://mstestadapter/v2" className="Kitpymes.Core.Shared.Tests.GenericExtensionsTests" name="ToDefaultValue_Passing_uint_Returns_Cero" />
    </UnitTest>
    <UnitTest name="ToIsAuthenticated_Passing_Null_ClaimsPrincipal_Returns_ApplicationException" storage="d:\sferrari\01 - trabajo\repos\netcore\template-netcore-shared\kitpymes.core.shared.tests\bin\debug\netcoreapp3.0\kitpymes.core.shared.tests.dll" id="a702dc43-b5af-c889-d32e-e69ee2d100af">
      <Execution id="f604d84c-1964-4fa6-a680-0d2a446d8c02" />
      <TestMethod codeBase="D:\SFERRARI\01 - TRABAJO\repos\netcore\template-netcore-shared\Kitpymes.Core.Shared.Tests\bin\Debug\netcoreapp3.0\Kitpymes.Core.Shared.Tests.dll" adapterTypeName="executor://mstestadapter/v2" className="Kitpymes.Core.Shared.Tests.ClaimsPrincipalExtensionsTests" name="ToIsAuthenticated_Passing_Null_ClaimsPrincipal_Returns_ApplicationException" />
    </UnitTest>
    <UnitTest name="ResultErrorData_WithTitle_WithStatusCode_WithDetails_WithExceptionType_WithMessages_WithErrors" storage="d:\sferrari\01 - trabajo\repos\netcore\template-netcore-shared\kitpymes.core.shared.tests\bin\debug\netcoreapp3.0\kitpymes.core.shared.tests.dll" id="c30c24fa-9dc6-1db9-fc63-cb77f851732c">
      <Execution id="f9ab340a-338f-4bb1-9f67-1263b7d9fd48" />
      <TestMethod codeBase="D:\SFERRARI\01 - TRABAJO\repos\netcore\template-netcore-shared\Kitpymes.Core.Shared.Tests\bin\Debug\netcoreapp3.0\Kitpymes.Core.Shared.Tests.dll" adapterTypeName="executor://mstestadapter/v2" className="Kitpymes.Core.Shared.Tests.ResultTest" name="ResultErrorData_WithTitle_WithStatusCode_WithDetails_WithExceptionType_WithMessages_WithErrors" />
    </UnitTest>
    <UnitTest name="ToInt_Passing_Enumeration_Name_Returns_Value" storage="d:\sferrari\01 - trabajo\repos\netcore\template-netcore-shared\kitpymes.core.shared.tests\bin\debug\netcoreapp3.0\kitpymes.core.shared.tests.dll" id="4e1a5879-f3c8-4fdb-51d0-c4cf0a35e0bf">
      <Execution id="1ee4eb3d-2c61-4881-9aaf-2d26b1e63e1c" />
      <TestMethod codeBase="D:\SFERRARI\01 - TRABAJO\repos\netcore\template-netcore-shared\Kitpymes.Core.Shared.Tests\bin\Debug\netcoreapp3.0\Kitpymes.Core.Shared.Tests.dll" adapterTypeName="executor://mstestadapter/v2" className="Kitpymes.Core.Shared.Tests.EnumExtensionsTests" name="ToInt_Passing_Enumeration_Name_Returns_Value" />
    </UnitTest>
    <UnitTest name="ToEndOfTheMonth_Passing_DateTime_Returns_End_Of_Month_DateTime" storage="d:\sferrari\01 - trabajo\repos\netcore\template-netcore-shared\kitpymes.core.shared.tests\bin\debug\netcoreapp3.0\kitpymes.core.shared.tests.dll" id="a4956cd8-34a7-6fca-5b71-6eb98cedd9b0">
      <Execution id="0b5b2713-773d-4d66-97e2-a2dbcc2a0cd1" />
      <TestMethod codeBase="D:\SFERRARI\01 - TRABAJO\repos\netcore\template-netcore-shared\Kitpymes.Core.Shared.Tests\bin\Debug\netcoreapp3.0\Kitpymes.Core.Shared.Tests.dll" adapterTypeName="executor://mstestadapter/v2" className="Kitpymes.Core.Shared.Tests.DateTimeExtensionsTests" name="ToEndOfTheMonth_Passing_DateTime_Returns_End_Of_Month_DateTime" />
    </UnitTest>
    <UnitTest name="IsRegexMatch_Passing_InvalidArguments_Returns_HasErrorsAndCount" storage="d:\sferrari\01 - trabajo\repos\netcore\template-netcore-shared\kitpymes.core.shared.tests\bin\debug\netcoreapp3.0\kitpymes.core.shared.tests.dll" id="fe683836-27ec-729e-5fe1-a9c2674a6d87">
      <Execution id="fa574d2d-4a9e-4057-ac3d-09cd6d616438" />
      <TestMethod codeBase="D:\SFERRARI\01 - TRABAJO\repos\netcore\template-netcore-shared\Kitpymes.Core.Shared.Tests\bin\Debug\netcoreapp3.0\Kitpymes.Core.Shared.Tests.dll" adapterTypeName="executor://mstestadapter/v2" className="Kitpymes.Core.Shared.Tests.CheckTests" name="IsRegexMatch_Passing_InvalidArguments_Returns_HasErrorsAndCount" />
    </UnitTest>
    <UnitTest name="ToMessage_Passing_ExceptionWithMessage_Returns_Message" storage="d:\sferrari\01 - trabajo\repos\netcore\template-netcore-shared\kitpymes.core.shared.tests\bin\debug\netcoreapp3.0\kitpymes.core.shared.tests.dll" id="0cb5eb43-9273-0bdf-bd18-53b184535503">
      <Execution id="e6116ac9-6c9f-46f8-bc97-938370bd6dcc" />
      <TestMethod codeBase="D:\SFERRARI\01 - TRABAJO\repos\netcore\template-netcore-shared\Kitpymes.Core.Shared.Tests\bin\Debug\netcoreapp3.0\Kitpymes.Core.Shared.Tests.dll" adapterTypeName="executor://mstestadapter/v2" className="Kitpymes.Core.Shared.Tests.ExceptionExtensionsTests" name="ToMessage_Passing_ExceptionWithMessage_Returns_Message" />
    </UnitTest>
    <UnitTest name="ToEnvironment_ServiceProvider_Passing_Development_Enviroment_Returns_Development_Name" storage="d:\sferrari\01 - trabajo\repos\netcore\template-netcore-shared\kitpymes.core.shared.tests\bin\debug\netcoreapp3.0\kitpymes.core.shared.tests.dll" id="c09577a6-adca-ef94-40b5-45575ad65e4f">
      <Execution id="43ba7bd0-0ed4-45dc-b400-29e1326ce41b" />
      <TestMethod codeBase="D:\SFERRARI\01 - TRABAJO\repos\netcore\template-netcore-shared\Kitpymes.Core.Shared.Tests\bin\Debug\netcoreapp3.0\Kitpymes.Core.Shared.Tests.dll" adapterTypeName="executor://mstestadapter/v2" className="Kitpymes.Core.Shared.Tests.ConfigurationBuilderExtensionsTests" name="ToEnvironment_ServiceProvider_Passing_Development_Enviroment_Returns_Development_Name" />
    </UnitTest>
    <UnitTest name="ToEmailMask_Passing_ValidEmail_Returns_EmailWithMask" storage="d:\sferrari\01 - trabajo\repos\netcore\template-netcore-shared\kitpymes.core.shared.tests\bin\debug\netcoreapp3.0\kitpymes.core.shared.tests.dll" id="98331ff8-6ed1-e7ba-c8dd-be5bd5b6cb2c">
      <Execution id="962d9ee0-05b1-4207-9383-96b364c2d957" />
      <TestMethod codeBase="D:\SFERRARI\01 - TRABAJO\repos\netcore\template-netcore-shared\Kitpymes.Core.Shared.Tests\bin\Debug\netcoreapp3.0\Kitpymes.Core.Shared.Tests.dll" adapterTypeName="executor://mstestadapter/v2" className="Kitpymes.Core.Shared.Tests.StringExtensionsTests" name="ToEmailMask_Passing_ValidEmail_Returns_EmailWithMask" />
    </UnitTest>
    <UnitTest name="ToDefaultValue_Passing_int_Returns_Cero" storage="d:\sferrari\01 - trabajo\repos\netcore\template-netcore-shared\kitpymes.core.shared.tests\bin\debug\netcoreapp3.0\kitpymes.core.shared.tests.dll" id="4234610b-215b-41f7-e61d-4a82851bdfa3">
      <Execution id="4410c626-2ea6-4de0-a2c7-8a26c6ef66ba" />
      <TestMethod codeBase="D:\SFERRARI\01 - TRABAJO\repos\netcore\template-netcore-shared\Kitpymes.Core.Shared.Tests\bin\Debug\netcoreapp3.0\Kitpymes.Core.Shared.Tests.dll" adapterTypeName="executor://mstestadapter/v2" className="Kitpymes.Core.Shared.Tests.GenericExtensionsTests" name="ToDefaultValue_Passing_int_Returns_Cero" />
    </UnitTest>
    <UnitTest name="ToEnum_Passing_InvalidValueInt_Returns_EnumCustomValue" storage="d:\sferrari\01 - trabajo\repos\netcore\template-netcore-shared\kitpymes.core.shared.tests\bin\debug\netcoreapp3.0\kitpymes.core.shared.tests.dll" id="1064d8aa-5d0e-6bf5-83ee-952a4d1fd93b">
      <Execution id="7a733770-b8a7-43c6-8b25-261d7dbb0340" />
      <TestMethod codeBase="D:\SFERRARI\01 - TRABAJO\repos\netcore\template-netcore-shared\Kitpymes.Core.Shared.Tests\bin\Debug\netcoreapp3.0\Kitpymes.Core.Shared.Tests.dll" adapterTypeName="executor://mstestadapter/v2" className="Kitpymes.Core.Shared.Tests.StringExtensionsTests" name="ToEnum_Passing_InvalidValueInt_Returns_EnumCustomValue" />
    </UnitTest>
    <UnitTest name="ToDirectoryDeleteFiles_Passing_ValidValue_Returns_DirectoryNoExists" storage="d:\sferrari\01 - trabajo\repos\netcore\template-netcore-shared\kitpymes.core.shared.tests\bin\debug\netcoreapp3.0\kitpymes.core.shared.tests.dll" id="7f0aeefe-ba4a-5404-c6f8-82be67718cc4">
      <Execution id="a7bbcc8b-9b15-4035-9b61-600b88db27f5" />
      <TestMethod codeBase="D:\SFERRARI\01 - TRABAJO\repos\netcore\template-netcore-shared\Kitpymes.Core.Shared.Tests\bin\Debug\netcoreapp3.0\Kitpymes.Core.Shared.Tests.dll" adapterTypeName="executor://mstestadapter/v2" className="Kitpymes.Core.Shared.Tests.StringExtensionsTests" name="ToDirectoryDeleteFiles_Passing_ValidValue_Returns_DirectoryNoExists" />
    </UnitTest>
    <UnitTest name="ToService_Passing_Service_Not_Found_Returns_Null" storage="d:\sferrari\01 - trabajo\repos\netcore\template-netcore-shared\kitpymes.core.shared.tests\bin\debug\netcoreapp3.0\kitpymes.core.shared.tests.dll" id="3f0bf65d-a3af-41bf-ac79-126a0efc4fd4">
      <Execution id="d13e374a-0933-4f6d-939b-be5c65d688e2" />
      <TestMethod codeBase="D:\SFERRARI\01 - TRABAJO\repos\netcore\template-netcore-shared\Kitpymes.Core.Shared.Tests\bin\Debug\netcoreapp3.0\Kitpymes.Core.Shared.Tests.dll" adapterTypeName="executor://mstestadapter/v2" className="Kitpymes.Core.Shared.Tests.ApplicationBuilderExtensionsTests" name="ToService_Passing_Service_Not_Found_Returns_Null" />
    </UnitTest>
    <UnitTest name="ToConfiguration_Passing_Empty_DirectoryPath_Returns_ApplicationException" storage="d:\sferrari\01 - trabajo\repos\netcore\template-netcore-shared\kitpymes.core.shared.tests\bin\debug\netcoreapp3.0\kitpymes.core.shared.tests.dll" id="5c861184-f295-e727-0fd4-d218f13da14d">
      <Execution id="cb8da7db-27d8-4863-b36f-4bf5dbc31b54" />
      <TestMethod codeBase="D:\SFERRARI\01 - TRABAJO\repos\netcore\template-netcore-shared\Kitpymes.Core.Shared.Tests\bin\Debug\netcoreapp3.0\Kitpymes.Core.Shared.Tests.dll" adapterTypeName="executor://mstestadapter/v2" className="Kitpymes.Core.Shared.Tests.ConfigurationBuilderExtensionsTests" name="ToConfiguration_Passing_Empty_DirectoryPath_Returns_ApplicationException" />
    </UnitTest>
    <UnitTest name="ToMapNew_Passing_TSource_And_TDestination_Returns_New_TDestination_Object" storage="d:\sferrari\01 - trabajo\repos\netcore\template-netcore-shared\kitpymes.core.shared.tests\bin\debug\netcoreapp3.0\kitpymes.core.shared.tests.dll" id="46cc46f0-c0e1-f3e6-2242-cdef90a4249a">
      <Execution id="f02efe06-be6f-407e-870d-05dc9f8a2692" />
      <TestMethod codeBase="D:\SFERRARI\01 - TRABAJO\repos\netcore\template-netcore-shared\Kitpymes.Core.Shared.Tests\bin\Debug\netcoreapp3.0\Kitpymes.Core.Shared.Tests.dll" adapterTypeName="executor://mstestadapter/v2" className="Kitpymes.Core.Shared.Tests.AgileMapperExtensionsTests" name="ToMapNew_Passing_TSource_And_TDestination_Returns_New_TDestination_Object" />
    </UnitTest>
    <UnitTest name="ToIsNullOrAny_Passing_InvalidValue_Returns_True" storage="d:\sferrari\01 - trabajo\repos\netcore\template-netcore-shared\kitpymes.core.shared.tests\bin\debug\netcoreapp3.0\kitpymes.core.shared.tests.dll" id="55f105d6-fc07-21db-e70a-db30ccdb0844">
      <Execution id="53eea090-be68-46b5-b203-f02373737029" />
      <TestMethod codeBase="D:\SFERRARI\01 - TRABAJO\repos\netcore\template-netcore-shared\Kitpymes.Core.Shared.Tests\bin\Debug\netcoreapp3.0\Kitpymes.Core.Shared.Tests.dll" adapterTypeName="executor://mstestadapter/v2" className="Kitpymes.Core.Shared.Tests.CheckExtensionsTests" name="ToIsNullOrAny_Passing_InvalidValue_Returns_True" />
    </UnitTest>
    <UnitTest name="IsSubdomain_Passing_ValidArguments_Returns_HasErrorsAndCount" storage="d:\sferrari\01 - trabajo\repos\netcore\template-netcore-shared\kitpymes.core.shared.tests\bin\debug\netcoreapp3.0\kitpymes.core.shared.tests.dll" id="725d136c-3e7a-6e51-fc61-03203ffec0b5">
      <Execution id="1acf9d39-621a-41f7-a315-609c000a7b8d" />
      <TestMethod codeBase="D:\SFERRARI\01 - TRABAJO\repos\netcore\template-netcore-shared\Kitpymes.Core.Shared.Tests\bin\Debug\netcoreapp3.0\Kitpymes.Core.Shared.Tests.dll" adapterTypeName="executor://mstestadapter/v2" className="Kitpymes.Core.Shared.Tests.CheckTests" name="IsSubdomain_Passing_ValidArguments_Returns_HasErrorsAndCount" />
    </UnitTest>
    <UnitTest name="ToIsNameThrow_Passing_InvalidValue_Returns_ApplicationExceptionWithMessage" storage="d:\sferrari\01 - trabajo\repos\netcore\template-netcore-shared\kitpymes.core.shared.tests\bin\debug\netcoreapp3.0\kitpymes.core.shared.tests.dll" id="1dab5b85-21d2-af6f-92e5-af8126f0e2fb">
      <Execution id="b5a363e5-d3cc-4806-9cb3-21f252eb2458" />
      <TestMethod codeBase="D:\SFERRARI\01 - TRABAJO\repos\netcore\template-netcore-shared\Kitpymes.Core.Shared.Tests\bin\Debug\netcoreapp3.0\Kitpymes.Core.Shared.Tests.dll" adapterTypeName="executor://mstestadapter/v2" className="Kitpymes.Core.Shared.Tests.CheckExtensionsTests" name="ToIsNameThrow_Passing_InvalidValue_Returns_ApplicationExceptionWithMessage" />
    </UnitTest>
    <UnitTest name="ToHashAlgorithmName_Passing_InvalidValueString_Returns_Null" storage="d:\sferrari\01 - trabajo\repos\netcore\template-netcore-shared\kitpymes.core.shared.tests\bin\debug\netcoreapp3.0\kitpymes.core.shared.tests.dll" id="1b969e76-d97c-c639-c377-a41796fbb2c3">
      <Execution id="f0f74120-eeae-40b8-9894-aade1944d8be" />
      <TestMethod codeBase="D:\SFERRARI\01 - TRABAJO\repos\netcore\template-netcore-shared\Kitpymes.Core.Shared.Tests\bin\Debug\netcoreapp3.0\Kitpymes.Core.Shared.Tests.dll" adapterTypeName="executor://mstestadapter/v2" className="Kitpymes.Core.Shared.Tests.StringExtensionsTests" name="ToHashAlgorithmName_Passing_InvalidValueString_Returns_Null" />
    </UnitTest>
    <UnitTest name="ToInt_Passing_Enumeration_Name_Returns_Description_Atributte" storage="d:\sferrari\01 - trabajo\repos\netcore\template-netcore-shared\kitpymes.core.shared.tests\bin\debug\netcoreapp3.0\kitpymes.core.shared.tests.dll" id="c63cd623-e636-5730-a1fa-b18ae782acc7">
      <Execution id="f9caffd7-d6e5-4dcb-b1ca-be1479e06b03" />
      <TestMethod codeBase="D:\SFERRARI\01 - TRABAJO\repos\netcore\template-netcore-shared\Kitpymes.Core.Shared.Tests\bin\Debug\netcoreapp3.0\Kitpymes.Core.Shared.Tests.dll" adapterTypeName="executor://mstestadapter/v2" className="Kitpymes.Core.Shared.Tests.EnumExtensionsTests" name="ToInt_Passing_Enumeration_Name_Returns_Description_Atributte" />
    </UnitTest>
    <UnitTest name="ToSettings_Passing_Values_From_Memory_Returns_Settings" storage="d:\sferrari\01 - trabajo\repos\netcore\template-netcore-shared\kitpymes.core.shared.tests\bin\debug\netcoreapp3.0\kitpymes.core.shared.tests.dll" id="86b92527-4d52-052b-63ae-d9a8aa694919">
      <Execution id="23e954c6-d687-4f62-ace5-1a6499d502fd" />
      <TestMethod codeBase="D:\SFERRARI\01 - TRABAJO\repos\netcore\template-netcore-shared\Kitpymes.Core.Shared.Tests\bin\Debug\netcoreapp3.0\Kitpymes.Core.Shared.Tests.dll" adapterTypeName="executor://mstestadapter/v2" className="Kitpymes.Core.Shared.Tests.ConfigurationBuilderExtensionsTests" name="ToSettings_Passing_Values_From_Memory_Returns_Settings" />
    </UnitTest>
    <UnitTest name="ToIsLastDayOfTheMonth_Passing_LastDayOfMonth_Returns_True" storage="d:\sferrari\01 - trabajo\repos\netcore\template-netcore-shared\kitpymes.core.shared.tests\bin\debug\netcoreapp3.0\kitpymes.core.shared.tests.dll" id="98d4dd82-eb94-c060-7aeb-9b0a39f334fb">
      <Execution id="6cd39f8e-eb22-4112-9bbc-36d3364492c8" />
      <TestMethod codeBase="D:\SFERRARI\01 - TRABAJO\repos\netcore\template-netcore-shared\Kitpymes.Core.Shared.Tests\bin\Debug\netcoreapp3.0\Kitpymes.Core.Shared.Tests.dll" adapterTypeName="executor://mstestadapter/v2" className="Kitpymes.Core.Shared.Tests.DateTimeExtensionsTests" name="ToIsLastDayOfTheMonth_Passing_LastDayOfMonth_Returns_True" />
    </UnitTest>
    <UnitTest name="ToEnvironment_ServiceCollection_Passing_Development_Enviroment_Returns_Development_Name" storage="d:\sferrari\01 - trabajo\repos\netcore\template-netcore-shared\kitpymes.core.shared.tests\bin\debug\netcoreapp3.0\kitpymes.core.shared.tests.dll" id="0f697beb-b7a4-6aa6-9017-b57feeb9ba7f">
      <Execution id="4c950a9e-9c9a-442f-8e2b-3b3dfd78d334" />
      <TestMethod codeBase="D:\SFERRARI\01 - TRABAJO\repos\netcore\template-netcore-shared\Kitpymes.Core.Shared.Tests\bin\Debug\netcoreapp3.0\Kitpymes.Core.Shared.Tests.dll" adapterTypeName="executor://mstestadapter/v2" className="Kitpymes.Core.Shared.Tests.ConfigurationBuilderExtensionsTests" name="ToEnvironment_ServiceCollection_Passing_Development_Enviroment_Returns_Development_Name" />
    </UnitTest>
    <UnitTest name="ToTryGetHeader_Passing_HttpRequest_Header_Value_Returns_Value" storage="d:\sferrari\01 - trabajo\repos\netcore\template-netcore-shared\kitpymes.core.shared.tests\bin\debug\netcoreapp3.0\kitpymes.core.shared.tests.dll" id="13bab721-bf36-ea1b-3f50-9937b274e83a">
      <Execution id="722aad9b-427c-436a-8e4f-29b59b1e5f09" />
      <TestMethod codeBase="D:\SFERRARI\01 - TRABAJO\repos\netcore\template-netcore-shared\Kitpymes.Core.Shared.Tests\bin\Debug\netcoreapp3.0\Kitpymes.Core.Shared.Tests.dll" adapterTypeName="executor://mstestadapter/v2" className="Kitpymes.Core.Shared.Tests.HttpRequestExtensionsTests" name="ToTryGetHeader_Passing_HttpRequest_Header_Value_Returns_Value" />
    </UnitTest>
    <UnitTest name="ToFirstLetterLower_Passing_ValidValue_Returns_StringWithFirstLetterLower" storage="d:\sferrari\01 - trabajo\repos\netcore\template-netcore-shared\kitpymes.core.shared.tests\bin\debug\netcoreapp3.0\kitpymes.core.shared.tests.dll" id="4315ebd1-3e2a-edf0-9de6-c78f08760fe3">
      <Execution id="d239b485-5b7b-45e9-ad3f-31113957d102" />
      <TestMethod codeBase="D:\SFERRARI\01 - TRABAJO\repos\netcore\template-netcore-shared\Kitpymes.Core.Shared.Tests\bin\Debug\netcoreapp3.0\Kitpymes.Core.Shared.Tests.dll" adapterTypeName="executor://mstestadapter/v2" className="Kitpymes.Core.Shared.Tests.StringExtensionsTests" name="ToFirstLetterLower_Passing_ValidValue_Returns_StringWithFirstLetterLower" />
    </UnitTest>
    <UnitTest name="ToPaged_Passing_Name_Ascending_Order_Returns_Filter_List" storage="d:\sferrari\01 - trabajo\repos\netcore\template-netcore-shared\kitpymes.core.shared.tests\bin\debug\netcoreapp3.0\kitpymes.core.shared.tests.dll" id="6fc389b2-a5f3-ded0-63b6-7e1b4cca8442">
      <Execution id="5c6c2e02-2104-4169-b163-899044934447" />
      <TestMethod codeBase="D:\SFERRARI\01 - TRABAJO\repos\netcore\template-netcore-shared\Kitpymes.Core.Shared.Tests\bin\Debug\netcoreapp3.0\Kitpymes.Core.Shared.Tests.dll" adapterTypeName="executor://mstestadapter/v2" className="Kitpymes.Core.Shared.Tests.QueryableExtensionsTests" name="ToPaged_Passing_Name_Ascending_Order_Returns_Filter_List" />
    </UnitTest>
    <UnitTest name="ToReplace_Passing_ValidValue_Returns_ReplacedValue" storage="d:\sferrari\01 - trabajo\repos\netcore\template-netcore-shared\kitpymes.core.shared.tests\bin\debug\netcoreapp3.0\kitpymes.core.shared.tests.dll" id="04084e8e-c859-4ef5-e2a7-4fb2803cb2a3">
      <Execution id="2bb3e63a-3ef5-4ea3-8278-af3d2425d1fe" />
      <TestMethod codeBase="D:\SFERRARI\01 - TRABAJO\repos\netcore\template-netcore-shared\Kitpymes.Core.Shared.Tests\bin\Debug\netcoreapp3.0\Kitpymes.Core.Shared.Tests.dll" adapterTypeName="executor://mstestadapter/v2" className="Kitpymes.Core.Shared.Tests.StringExtensionsTests" name="ToReplace_Passing_ValidValue_Returns_ReplacedValue" />
    </UnitTest>
    <UnitTest name="IsEqual_Passing_InvalidArguments_Returns_HasErrorsAndCount" storage="d:\sferrari\01 - trabajo\repos\netcore\template-netcore-shared\kitpymes.core.shared.tests\bin\debug\netcoreapp3.0\kitpymes.core.shared.tests.dll" id="c87d842d-198f-fc52-0a70-418a5e5378ab">
      <Execution id="81f1c955-40c4-4159-b763-8dee1a4c2536" />
      <TestMethod codeBase="D:\SFERRARI\01 - TRABAJO\repos\netcore\template-netcore-shared\Kitpymes.Core.Shared.Tests\bin\Debug\netcoreapp3.0\Kitpymes.Core.Shared.Tests.dll" adapterTypeName="executor://mstestadapter/v2" className="Kitpymes.Core.Shared.Tests.CheckTests" name="IsEqual_Passing_InvalidArguments_Returns_HasErrorsAndCount" />
    </UnitTest>
    <UnitTest name="ToSetTime_Passing_Time_Int_Returns_DateTime" storage="d:\sferrari\01 - trabajo\repos\netcore\template-netcore-shared\kitpymes.core.shared.tests\bin\debug\netcoreapp3.0\kitpymes.core.shared.tests.dll" id="1761ee10-7c34-b565-b889-1885bffe91c3">
      <Execution id="fd301ce9-3d44-46e0-8add-fc274bc9e7ba" />
      <TestMethod codeBase="D:\SFERRARI\01 - TRABAJO\repos\netcore\template-netcore-shared\Kitpymes.Core.Shared.Tests\bin\Debug\netcoreapp3.0\Kitpymes.Core.Shared.Tests.dll" adapterTypeName="executor://mstestadapter/v2" className="Kitpymes.Core.Shared.Tests.DateTimeExtensionsTests" name="ToSetTime_Passing_Time_Int_Returns_DateTime" />
    </UnitTest>
    <UnitTest name="ToWhere_Passing_Valid_Predicate_Returns_Filter_List" storage="d:\sferrari\01 - trabajo\repos\netcore\template-netcore-shared\kitpymes.core.shared.tests\bin\debug\netcoreapp3.0\kitpymes.core.shared.tests.dll" id="e9d3a3d6-32e0-613e-b55e-48afdf1ab686">
      <Execution id="f490e412-c761-47c5-b0c4-b32f19c88dc5" />
      <TestMethod codeBase="D:\SFERRARI\01 - TRABAJO\repos\netcore\template-netcore-shared\Kitpymes.Core.Shared.Tests\bin\Debug\netcoreapp3.0\Kitpymes.Core.Shared.Tests.dll" adapterTypeName="executor://mstestadapter/v2" className="Kitpymes.Core.Shared.Tests.QueryableExtensionsTests" name="ToWhere_Passing_Valid_Predicate_Returns_Filter_List" />
    </UnitTest>
    <UnitTest name="ToEmailMaskUserNameAndDomainAndExtension_Passing_ValidEmail_Returns_EmailWithMask" storage="d:\sferrari\01 - trabajo\repos\netcore\template-netcore-shared\kitpymes.core.shared.tests\bin\debug\netcoreapp3.0\kitpymes.core.shared.tests.dll" id="1f6423c7-4317-6f5b-c112-f4c9c7e822af">
      <Execution id="886757c0-175a-4ba4-82b6-2d5386aaad0a" />
      <TestMethod codeBase="D:\SFERRARI\01 - TRABAJO\repos\netcore\template-netcore-shared\Kitpymes.Core.Shared.Tests\bin\Debug\netcoreapp3.0\Kitpymes.Core.Shared.Tests.dll" adapterTypeName="executor://mstestadapter/v2" className="Kitpymes.Core.Shared.Tests.StringExtensionsTests" name="ToEmailMaskUserNameAndDomainAndExtension_Passing_ValidEmail_Returns_EmailWithMask" />
    </UnitTest>
    <UnitTest name="ToTryGetHeader_Passing_HttpRequest_Header_Many_Values_Returns_Values" storage="d:\sferrari\01 - trabajo\repos\netcore\template-netcore-shared\kitpymes.core.shared.tests\bin\debug\netcoreapp3.0\kitpymes.core.shared.tests.dll" id="db5f34ff-df7c-44e5-6721-c319db8d6da0">
      <Execution id="bee7db54-7736-4a72-a804-aa90533ce0c5" />
      <TestMethod codeBase="D:\SFERRARI\01 - TRABAJO\repos\netcore\template-netcore-shared\Kitpymes.Core.Shared.Tests\bin\Debug\netcoreapp3.0\Kitpymes.Core.Shared.Tests.dll" adapterTypeName="executor://mstestadapter/v2" className="Kitpymes.Core.Shared.Tests.HttpRequestExtensionsTests" name="ToTryGetHeader_Passing_HttpRequest_Header_Many_Values_Returns_Values" />
    </UnitTest>
    <UnitTest name="ToEnum_Passing_ValidValue_String_Returns_EnumValue" storage="d:\sferrari\01 - trabajo\repos\netcore\template-netcore-shared\kitpymes.core.shared.tests\bin\debug\netcoreapp3.0\kitpymes.core.shared.tests.dll" id="605637df-9854-875b-b3aa-6675f3fbd045">
      <Execution id="82c6b30d-fb4d-415f-a161-16e2a2d5d048" />
      <TestMethod codeBase="D:\SFERRARI\01 - TRABAJO\repos\netcore\template-netcore-shared\Kitpymes.Core.Shared.Tests\bin\Debug\netcoreapp3.0\Kitpymes.Core.Shared.Tests.dll" adapterTypeName="executor://mstestadapter/v2" className="Kitpymes.Core.Shared.Tests.StringExtensionsTests" name="ToEnum_Passing_ValidValue_String_Returns_EnumValue" />
    </UnitTest>
    <UnitTest name="ToDefaultValue_Passing_sbyte_Returns_Cero" storage="d:\sferrari\01 - trabajo\repos\netcore\template-netcore-shared\kitpymes.core.shared.tests\bin\debug\netcoreapp3.0\kitpymes.core.shared.tests.dll" id="19a313ce-6632-bd6f-bb7e-c2dc7bcf20eb">
      <Execution id="379cec27-c126-4107-845a-47515e38e3b7" />
      <TestMethod codeBase="D:\SFERRARI\01 - TRABAJO\repos\netcore\template-netcore-shared\Kitpymes.Core.Shared.Tests\bin\Debug\netcoreapp3.0\Kitpymes.Core.Shared.Tests.dll" adapterTypeName="executor://mstestadapter/v2" className="Kitpymes.Core.Shared.Tests.GenericExtensionsTests" name="ToDefaultValue_Passing_sbyte_Returns_Cero" />
    </UnitTest>
    <UnitTest name="CreateRandom_WithDefaultAllowableCharacters_Passing_ValidArguments_Returns_String_Random_Value" storage="d:\sferrari\01 - trabajo\repos\netcore\template-netcore-shared\kitpymes.core.shared.tests\bin\debug\netcoreapp3.0\kitpymes.core.shared.tests.dll" id="481343f9-3ff3-548f-0c6c-41599cf65802">
      <Execution id="c4a6b319-bd3f-45be-ab19-712d7b3dbf4c" />
      <TestMethod codeBase="D:\SFERRARI\01 - TRABAJO\repos\netcore\template-netcore-shared\Kitpymes.Core.Shared.Tests\bin\Debug\netcoreapp3.0\Kitpymes.Core.Shared.Tests.dll" adapterTypeName="executor://mstestadapter/v2" className="Kitpymes.Core.Shared.Tests.HashTests" name="CreateRandom_WithDefaultAllowableCharacters_Passing_ValidArguments_Returns_String_Random_Value" />
    </UnitTest>
    <UnitTest name="ToThrow_Passing_InvalidValue_Returns_ApplicationExceptionWithMessage" storage="d:\sferrari\01 - trabajo\repos\netcore\template-netcore-shared\kitpymes.core.shared.tests\bin\debug\netcoreapp3.0\kitpymes.core.shared.tests.dll" id="9b5f9705-0df5-3b21-5e23-e11b68721fd4">
      <Execution id="116657e4-310b-4660-a986-dd92562fe972" />
      <TestMethod codeBase="D:\SFERRARI\01 - TRABAJO\repos\netcore\template-netcore-shared\Kitpymes.Core.Shared.Tests\bin\Debug\netcoreapp3.0\Kitpymes.Core.Shared.Tests.dll" adapterTypeName="executor://mstestadapter/v2" className="Kitpymes.Core.Shared.Tests.CheckExtensionsTests" name="ToThrow_Passing_InvalidValue_Returns_ApplicationExceptionWithMessage" />
    </UnitTest>
    <UnitTest name="ToIsFileExtensionThrow_Passing_InvalidValue_Returns_ApplicationExceptionWithMessage" storage="d:\sferrari\01 - trabajo\repos\netcore\template-netcore-shared\kitpymes.core.shared.tests\bin\debug\netcoreapp3.0\kitpymes.core.shared.tests.dll" id="43949294-e4b7-cf4d-0d69-84ccc9e58406">
      <Execution id="d78c3f1a-9340-49e4-8bd5-6be21ac20517" />
      <TestMethod codeBase="D:\SFERRARI\01 - TRABAJO\repos\netcore\template-netcore-shared\Kitpymes.Core.Shared.Tests\bin\Debug\netcoreapp3.0\Kitpymes.Core.Shared.Tests.dll" adapterTypeName="executor://mstestadapter/v2" className="Kitpymes.Core.Shared.Tests.CheckExtensionsTests" name="ToIsFileExtensionThrow_Passing_InvalidValue_Returns_ApplicationExceptionWithMessage" />
    </UnitTest>
    <UnitTest name="ToConfiguration_Passing_Valid_DirectoryPath_Invalid_JsonFileName_Not_Optional_Returns_ApplicationException" storage="d:\sferrari\01 - trabajo\repos\netcore\template-netcore-shared\kitpymes.core.shared.tests\bin\debug\netcoreapp3.0\kitpymes.core.shared.tests.dll" id="bf48e581-43e6-7660-c4f4-1b7deb1f0ed9">
      <Execution id="08db8153-e822-4cd7-baaa-e93609034065" />
      <TestMethod codeBase="D:\SFERRARI\01 - TRABAJO\repos\netcore\template-netcore-shared\Kitpymes.Core.Shared.Tests\bin\Debug\netcoreapp3.0\Kitpymes.Core.Shared.Tests.dll" adapterTypeName="executor://mstestadapter/v2" className="Kitpymes.Core.Shared.Tests.ConfigurationBuilderExtensionsTests" name="ToConfiguration_Passing_Valid_DirectoryPath_Invalid_JsonFileName_Not_Optional_Returns_ApplicationException" />
    </UnitTest>
    <UnitTest name="ToPaged_Passing_Name_Descending_Order_Returns_Filter_List" storage="d:\sferrari\01 - trabajo\repos\netcore\template-netcore-shared\kitpymes.core.shared.tests\bin\debug\netcoreapp3.0\kitpymes.core.shared.tests.dll" id="0b00f09d-f7e4-fb1e-68ad-8102cf6143e0">
      <Execution id="d59498bc-ff33-4c86-95b8-40f9d02d9d31" />
      <TestMethod codeBase="D:\SFERRARI\01 - TRABAJO\repos\netcore\template-netcore-shared\Kitpymes.Core.Shared.Tests\bin\Debug\netcoreapp3.0\Kitpymes.Core.Shared.Tests.dll" adapterTypeName="executor://mstestadapter/v2" className="Kitpymes.Core.Shared.Tests.QueryableExtensionsTests" name="ToPaged_Passing_Name_Descending_Order_Returns_Filter_List" />
    </UnitTest>
    <UnitTest name="ToEnum_Passing_InvalidValueString_Returns_EnumDefaultValue" storage="d:\sferrari\01 - trabajo\repos\netcore\template-netcore-shared\kitpymes.core.shared.tests\bin\debug\netcoreapp3.0\kitpymes.core.shared.tests.dll" id="31ff6168-d18d-0013-7c18-0ff775714202">
      <Execution id="52217cb3-a02e-44b4-b7e8-a765684fb309" />
      <TestMethod codeBase="D:\SFERRARI\01 - TRABAJO\repos\netcore\template-netcore-shared\Kitpymes.Core.Shared.Tests\bin\Debug\netcoreapp3.0\Kitpymes.Core.Shared.Tests.dll" adapterTypeName="executor://mstestadapter/v2" className="Kitpymes.Core.Shared.Tests.StringExtensionsTests" name="ToEnum_Passing_InvalidValueString_Returns_EnumDefaultValue" />
    </UnitTest>
    <UnitTest name="ToUserName_Passing_Valid_UserName_ClaimsPrincipal_Returns_String_UserName_Value" storage="d:\sferrari\01 - trabajo\repos\netcore\template-netcore-shared\kitpymes.core.shared.tests\bin\debug\netcoreapp3.0\kitpymes.core.shared.tests.dll" id="856fd0c8-b6f8-9265-ccfd-2a9e615488e2">
      <Execution id="c7b2d4af-2dc4-4b28-8f50-370b94f794be" />
      <TestMethod codeBase="D:\SFERRARI\01 - TRABAJO\repos\netcore\template-netcore-shared\Kitpymes.Core.Shared.Tests\bin\Debug\netcoreapp3.0\Kitpymes.Core.Shared.Tests.dll" adapterTypeName="executor://mstestadapter/v2" className="Kitpymes.Core.Shared.Tests.ClaimsPrincipalExtensionsTests" name="ToUserName_Passing_Valid_UserName_ClaimsPrincipal_Returns_String_UserName_Value" />
    </UnitTest>
    <UnitTest name="IsSubdomain_Passing_InvalidArguments_Returns_HasErrorsAndCount" storage="d:\sferrari\01 - trabajo\repos\netcore\template-netcore-shared\kitpymes.core.shared.tests\bin\debug\netcoreapp3.0\kitpymes.core.shared.tests.dll" id="f2debf4a-2a42-7b0b-1005-8f74a6fc63cb">
      <Execution id="6d655b85-48dd-4706-939c-317872050093" />
      <TestMethod codeBase="D:\SFERRARI\01 - TRABAJO\repos\netcore\template-netcore-shared\Kitpymes.Core.Shared.Tests\bin\Debug\netcoreapp3.0\Kitpymes.Core.Shared.Tests.dll" adapterTypeName="executor://mstestadapter/v2" className="Kitpymes.Core.Shared.Tests.CheckTests" name="IsSubdomain_Passing_InvalidArguments_Returns_HasErrorsAndCount" />
    </UnitTest>
    <UnitTest name="IsDigit_Passing_ValidArguments_Returns_HasErrorsAndCount" storage="d:\sferrari\01 - trabajo\repos\netcore\template-netcore-shared\kitpymes.core.shared.tests\bin\debug\netcoreapp3.0\kitpymes.core.shared.tests.dll" id="ebdf037a-44fa-7875-99d4-42fa9833aac8">
      <Execution id="314b48b9-8094-4f49-84c9-3326c3553a09" />
      <TestMethod codeBase="D:\SFERRARI\01 - TRABAJO\repos\netcore\template-netcore-shared\Kitpymes.Core.Shared.Tests\bin\Debug\netcoreapp3.0\Kitpymes.Core.Shared.Tests.dll" adapterTypeName="executor://mstestadapter/v2" className="Kitpymes.Core.Shared.Tests.CheckTests" name="IsDigit_Passing_ValidArguments_Returns_HasErrorsAndCount" />
    </UnitTest>
    <UnitTest name="ToEmailMaskUserNameAndDomain_Passing_ValidEmail_Returns_EmailWithMask" storage="d:\sferrari\01 - trabajo\repos\netcore\template-netcore-shared\kitpymes.core.shared.tests\bin\debug\netcoreapp3.0\kitpymes.core.shared.tests.dll" id="e8138724-52f6-6999-ada4-cbc441f2cd15">
      <Execution id="b8b9bbeb-fa10-4faf-9d57-4d8703064869" />
      <TestMethod codeBase="D:\SFERRARI\01 - TRABAJO\repos\netcore\template-netcore-shared\Kitpymes.Core.Shared.Tests\bin\Debug\netcoreapp3.0\Kitpymes.Core.Shared.Tests.dll" adapterTypeName="executor://mstestadapter/v2" className="Kitpymes.Core.Shared.Tests.StringExtensionsTests" name="ToEmailMaskUserNameAndDomain_Passing_ValidEmail_Returns_EmailWithMask" />
    </UnitTest>
    <UnitTest name="ToDirectoryReadFileAsync_Passing_ValidValue_Returns_False" storage="d:\sferrari\01 - trabajo\repos\netcore\template-netcore-shared\kitpymes.core.shared.tests\bin\debug\netcoreapp3.0\kitpymes.core.shared.tests.dll" id="29295413-2308-fade-9c98-0e9ed6c67839">
      <Execution id="9a392a9f-158b-43a7-8081-3d6f80d45b10" />
      <TestMethod codeBase="D:\SFERRARI\01 - TRABAJO\repos\netcore\template-netcore-shared\Kitpymes.Core.Shared.Tests\bin\Debug\netcoreapp3.0\Kitpymes.Core.Shared.Tests.dll" adapterTypeName="executor://mstestadapter/v2" className="Kitpymes.Core.Shared.Tests.StringExtensionsTests" name="ToDirectoryReadFileAsync_Passing_ValidValue_Returns_False" />
    </UnitTest>
    <UnitTest name="ToDictionaryPropertyInfo_Passing_Object_IncludeNullOrEmptyProperty_Returns_Properties_NameAndValue_Dictionary" storage="d:\sferrari\01 - trabajo\repos\netcore\template-netcore-shared\kitpymes.core.shared.tests\bin\debug\netcoreapp3.0\kitpymes.core.shared.tests.dll" id="a0ed43cd-0648-ddf9-c80e-52c6889ee049">
      <Execution id="3c7c671b-9b75-46a2-b05a-2438335ca38e" />
      <TestMethod codeBase="D:\SFERRARI\01 - TRABAJO\repos\netcore\template-netcore-shared\Kitpymes.Core.Shared.Tests\bin\Debug\netcoreapp3.0\Kitpymes.Core.Shared.Tests.dll" adapterTypeName="executor://mstestadapter/v2" className="Kitpymes.Core.Shared.Tests.GenericExtensionsTests" name="ToDictionaryPropertyInfo_Passing_Object_IncludeNullOrEmptyProperty_Returns_Properties_NameAndValue_Dictionary" />
    </UnitTest>
    <UnitTest name="ToIsWeekend_Passing_Friday_DateTime_Returns_False" storage="d:\sferrari\01 - trabajo\repos\netcore\template-netcore-shared\kitpymes.core.shared.tests\bin\debug\netcoreapp3.0\kitpymes.core.shared.tests.dll" id="459f13f4-e266-2f20-5c30-d2c64797095d">
      <Execution id="9fcb9584-f618-4e33-916b-9ddb892a6013" />
      <TestMethod codeBase="D:\SFERRARI\01 - TRABAJO\repos\netcore\template-netcore-shared\Kitpymes.Core.Shared.Tests\bin\Debug\netcoreapp3.0\Kitpymes.Core.Shared.Tests.dll" adapterTypeName="executor://mstestadapter/v2" className="Kitpymes.Core.Shared.Tests.DateTimeExtensionsTests" name="ToIsWeekend_Passing_Friday_DateTime_Returns_False" />
    </UnitTest>
    <UnitTest name="ToList_Passing_ValidEnumType_Returns_ValuesList" storage="d:\sferrari\01 - trabajo\repos\netcore\template-netcore-shared\kitpymes.core.shared.tests\bin\debug\netcoreapp3.0\kitpymes.core.shared.tests.dll" id="a6625fb0-1b80-148b-87dc-9cf616e5e84d">
      <Execution id="ae8d7498-6deb-4993-8abd-ed224cf9ab95" />
      <TestMethod codeBase="D:\SFERRARI\01 - TRABAJO\repos\netcore\template-netcore-shared\Kitpymes.Core.Shared.Tests\bin\Debug\netcoreapp3.0\Kitpymes.Core.Shared.Tests.dll" adapterTypeName="executor://mstestadapter/v2" className="Kitpymes.Core.Shared.Tests.EnumsTests" name="ToList_Passing_ValidEnumType_Returns_ValuesList" />
    </UnitTest>
    <UnitTest name="IsDomain_Passing_ValidArguments_Returns_HasErrorsAndCount" storage="d:\sferrari\01 - trabajo\repos\netcore\template-netcore-shared\kitpymes.core.shared.tests\bin\debug\netcoreapp3.0\kitpymes.core.shared.tests.dll" id="447ced0a-6221-43ff-44ab-4ee12ee4d012">
      <Execution id="cb5fdbf6-4c4c-4441-a848-6893ae935006" />
      <TestMethod codeBase="D:\SFERRARI\01 - TRABAJO\repos\netcore\template-netcore-shared\Kitpymes.Core.Shared.Tests\bin\Debug\netcoreapp3.0\Kitpymes.Core.Shared.Tests.dll" adapterTypeName="executor://mstestadapter/v2" className="Kitpymes.Core.Shared.Tests.CheckTests" name="IsDomain_Passing_ValidArguments_Returns_HasErrorsAndCount" />
    </UnitTest>
    <UnitTest name="ToHeader_Passing_HttpRequest_Header_Value_Returns_Value" storage="d:\sferrari\01 - trabajo\repos\netcore\template-netcore-shared\kitpymes.core.shared.tests\bin\debug\netcoreapp3.0\kitpymes.core.shared.tests.dll" id="4a2e80a7-472b-b7f7-ba61-ac77aed5735d">
      <Execution id="4e4f5551-ce64-4bfd-a6d7-86dd523b26ca" />
      <TestMethod codeBase="D:\SFERRARI\01 - TRABAJO\repos\netcore\template-netcore-shared\Kitpymes.Core.Shared.Tests\bin\Debug\netcoreapp3.0\Kitpymes.Core.Shared.Tests.dll" adapterTypeName="executor://mstestadapter/v2" className="Kitpymes.Core.Shared.Tests.HttpRequestExtensionsTests" name="ToHeader_Passing_HttpRequest_Header_Value_Returns_Value" />
    </UnitTest>
    <UnitTest name="ToIPv6_Passing_HttpContext_IP_Value_Returns_IP" storage="d:\sferrari\01 - trabajo\repos\netcore\template-netcore-shared\kitpymes.core.shared.tests\bin\debug\netcoreapp3.0\kitpymes.core.shared.tests.dll" id="5bee9d0e-89de-7b6d-4317-0a11342b1d29">
      <Execution id="98f65470-e80b-4284-8d9b-d52f17d8c46c" />
      <TestMethod codeBase="D:\SFERRARI\01 - TRABAJO\repos\netcore\template-netcore-shared\Kitpymes.Core.Shared.Tests\bin\Debug\netcoreapp3.0\Kitpymes.Core.Shared.Tests.dll" adapterTypeName="executor://mstestadapter/v2" className="Kitpymes.Core.Shared.Tests.HttpContextExtensionsTests" name="ToIPv6_Passing_HttpContext_IP_Value_Returns_IP" />
    </UnitTest>
    <UnitTest name="ToGet_Passing_Claims_Returns_Claim_Value_Object" storage="d:\sferrari\01 - trabajo\repos\netcore\template-netcore-shared\kitpymes.core.shared.tests\bin\debug\netcoreapp3.0\kitpymes.core.shared.tests.dll" id="a272f84c-2bd5-daa4-4afe-22346b802f86">
      <Execution id="aeb6f8f7-a992-491d-91b6-ef1904814a14" />
      <TestMethod codeBase="D:\SFERRARI\01 - TRABAJO\repos\netcore\template-netcore-shared\Kitpymes.Core.Shared.Tests\bin\Debug\netcoreapp3.0\Kitpymes.Core.Shared.Tests.dll" adapterTypeName="executor://mstestadapter/v2" className="Kitpymes.Core.Shared.Tests.ClaimsPrincipalExtensionsTests" name="ToGet_Passing_Claims_Returns_Claim_Value_Object" />
    </UnitTest>
    <UnitTest name="ToExists_Passing_Service_Not_Found_Returns_False" storage="d:\sferrari\01 - trabajo\repos\netcore\template-netcore-shared\kitpymes.core.shared.tests\bin\debug\netcoreapp3.0\kitpymes.core.shared.tests.dll" id="074815db-ddf2-9c1f-0fef-7f709183591e">
      <Execution id="1443836c-ca4c-430d-9f3b-e943af549e0d" />
      <TestMethod codeBase="D:\SFERRARI\01 - TRABAJO\repos\netcore\template-netcore-shared\Kitpymes.Core.Shared.Tests\bin\Debug\netcoreapp3.0\Kitpymes.Core.Shared.Tests.dll" adapterTypeName="executor://mstestadapter/v2" className="Kitpymes.Core.Shared.Tests.ApplicationBuilderExtensionsTests" name="ToExists_Passing_Service_Not_Found_Returns_False" />
    </UnitTest>
    <UnitTest name="IsFile_Passing_InvalidArguments_Returns_HasErrorsAndCount" storage="d:\sferrari\01 - trabajo\repos\netcore\template-netcore-shared\kitpymes.core.shared.tests\bin\debug\netcoreapp3.0\kitpymes.core.shared.tests.dll" id="d7c20db6-f712-8539-ac01-01e8f4033fac">
      <Execution id="d9d76027-b1fe-4847-ac29-af04fa32e71d" />
      <TestMethod codeBase="D:\SFERRARI\01 - TRABAJO\repos\netcore\template-netcore-shared\Kitpymes.Core.Shared.Tests\bin\Debug\netcoreapp3.0\Kitpymes.Core.Shared.Tests.dll" adapterTypeName="executor://mstestadapter/v2" className="Kitpymes.Core.Shared.Tests.CheckTests" name="IsFile_Passing_InvalidArguments_Returns_HasErrorsAndCount" />
    </UnitTest>
    <UnitTest name="ToConfiguration_Passing_Valid_DirectoryPath_Valid_JsonFileName_Returns_Ok" storage="d:\sferrari\01 - trabajo\repos\netcore\template-netcore-shared\kitpymes.core.shared.tests\bin\debug\netcoreapp3.0\kitpymes.core.shared.tests.dll" id="9064672f-1220-7bc0-f2b0-c66c74cccc5e">
      <Execution id="6307a507-bb51-4b86-bf7e-8d1f098746fe" />
      <TestMethod codeBase="D:\SFERRARI\01 - TRABAJO\repos\netcore\template-netcore-shared\Kitpymes.Core.Shared.Tests\bin\Debug\netcoreapp3.0\Kitpymes.Core.Shared.Tests.dll" adapterTypeName="executor://mstestadapter/v2" className="Kitpymes.Core.Shared.Tests.ConfigurationBuilderExtensionsTests" name="ToConfiguration_Passing_Valid_DirectoryPath_Valid_JsonFileName_Returns_Ok" />
    </UnitTest>
    <UnitTest name="IsCustom_Passing_InvalidArguments_Returns_HasErrorsAndCount" storage="d:\sferrari\01 - trabajo\repos\netcore\template-netcore-shared\kitpymes.core.shared.tests\bin\debug\netcoreapp3.0\kitpymes.core.shared.tests.dll" id="772d3145-280a-fb9f-03c2-247d0f593a66">
      <Execution id="161076d9-ea42-4575-8455-4f1fd28b7d93" />
      <TestMethod codeBase="D:\SFERRARI\01 - TRABAJO\repos\netcore\template-netcore-shared\Kitpymes.Core.Shared.Tests\bin\Debug\netcoreapp3.0\Kitpymes.Core.Shared.Tests.dll" adapterTypeName="executor://mstestadapter/v2" className="Kitpymes.Core.Shared.Tests.CheckTests" name="IsCustom_Passing_InvalidArguments_Returns_HasErrorsAndCount" />
    </UnitTest>
    <UnitTest name="ToPaged_Passing_Age_Descending_Order_Returns_Filter_List" storage="d:\sferrari\01 - trabajo\repos\netcore\template-netcore-shared\kitpymes.core.shared.tests\bin\debug\netcoreapp3.0\kitpymes.core.shared.tests.dll" id="e53d2439-2080-43bd-e38b-a60253b60af1">
      <Execution id="3ebbf8f0-9365-4b7e-a717-82b9edbd6383" />
      <TestMethod codeBase="D:\SFERRARI\01 - TRABAJO\repos\netcore\template-netcore-shared\Kitpymes.Core.Shared.Tests\bin\Debug\netcoreapp3.0\Kitpymes.Core.Shared.Tests.dll" adapterTypeName="executor://mstestadapter/v2" className="Kitpymes.Core.Shared.Tests.QueryableExtensionsTests" name="ToPaged_Passing_Age_Descending_Order_Returns_Filter_List" />
    </UnitTest>
    <UnitTest name="ToBytes_Passing_Object_Returns_Bytes" storage="d:\sferrari\01 - trabajo\repos\netcore\template-netcore-shared\kitpymes.core.shared.tests\bin\debug\netcoreapp3.0\kitpymes.core.shared.tests.dll" id="118e36ba-6572-1245-e05b-9bcc7b4e5e20">
      <Execution id="3baa1036-e4f0-4c7d-8bf3-d84a05c2e671" />
      <TestMethod codeBase="D:\SFERRARI\01 - TRABAJO\repos\netcore\template-netcore-shared\Kitpymes.Core.Shared.Tests\bin\Debug\netcoreapp3.0\Kitpymes.Core.Shared.Tests.dll" adapterTypeName="executor://mstestadapter/v2" className="Kitpymes.Core.Shared.Tests.GenericExtensionsTests" name="ToBytes_Passing_Object_Returns_Bytes" />
    </UnitTest>
    <UnitTest name="ToDefaultValue_Passing_float_Returns_Cero" storage="d:\sferrari\01 - trabajo\repos\netcore\template-netcore-shared\kitpymes.core.shared.tests\bin\debug\netcoreapp3.0\kitpymes.core.shared.tests.dll" id="e0f7dcd9-f363-be9c-de11-457f6a575bee">
      <Execution id="580fad08-c24d-4964-b8c2-fc44afd88369" />
      <TestMethod codeBase="D:\SFERRARI\01 - TRABAJO\repos\netcore\template-netcore-shared\Kitpymes.Core.Shared.Tests\bin\Debug\netcoreapp3.0\Kitpymes.Core.Shared.Tests.dll" adapterTypeName="executor://mstestadapter/v2" className="Kitpymes.Core.Shared.Tests.GenericExtensionsTests" name="ToDefaultValue_Passing_float_Returns_Cero" />
    </UnitTest>
    <UnitTest name="IsUppercase_Passing_InvalidArguments_Returns_HasErrorsAndCount" storage="d:\sferrari\01 - trabajo\repos\netcore\template-netcore-shared\kitpymes.core.shared.tests\bin\debug\netcoreapp3.0\kitpymes.core.shared.tests.dll" id="b8bb90de-6285-0f1c-e0f2-f3ba1f987370">
      <Execution id="af438b2b-21ca-483e-bd9a-e6e769061992" />
      <TestMethod codeBase="D:\SFERRARI\01 - TRABAJO\repos\netcore\template-netcore-shared\Kitpymes.Core.Shared.Tests\bin\Debug\netcoreapp3.0\Kitpymes.Core.Shared.Tests.dll" adapterTypeName="executor://mstestadapter/v2" className="Kitpymes.Core.Shared.Tests.CheckTests" name="IsUppercase_Passing_InvalidArguments_Returns_HasErrorsAndCount" />
    </UnitTest>
    <UnitTest name="ToGetAll_Passing_Claims_Returns_Claim_Value_String_List" storage="d:\sferrari\01 - trabajo\repos\netcore\template-netcore-shared\kitpymes.core.shared.tests\bin\debug\netcoreapp3.0\kitpymes.core.shared.tests.dll" id="4184a91b-5297-4872-2a98-1ef97e124515">
      <Execution id="2e71f738-7ad2-4f21-b179-1bdfcea0b07b" />
      <TestMethod codeBase="D:\SFERRARI\01 - TRABAJO\repos\netcore\template-netcore-shared\Kitpymes.Core.Shared.Tests\bin\Debug\netcoreapp3.0\Kitpymes.Core.Shared.Tests.dll" adapterTypeName="executor://mstestadapter/v2" className="Kitpymes.Core.Shared.Tests.ClaimsPrincipalExtensionsTests" name="ToGetAll_Passing_Claims_Returns_Claim_Value_String_List" />
    </UnitTest>
    <UnitTest name="ToList_Passing_ValidEnumTypeWithResourceType_Returns_ValuesList" storage="d:\sferrari\01 - trabajo\repos\netcore\template-netcore-shared\kitpymes.core.shared.tests\bin\debug\netcoreapp3.0\kitpymes.core.shared.tests.dll" id="aaa46586-7b83-9a88-e835-ae92592f98a3">
      <Execution id="a3919097-f088-4c31-9cf5-fc29402dad1d" />
      <TestMethod codeBase="D:\SFERRARI\01 - TRABAJO\repos\netcore\template-netcore-shared\Kitpymes.Core.Shared.Tests\bin\Debug\netcoreapp3.0\Kitpymes.Core.Shared.Tests.dll" adapterTypeName="executor://mstestadapter/v2" className="Kitpymes.Core.Shared.Tests.EnumsTests" name="ToList_Passing_ValidEnumTypeWithResourceType_Returns_ValuesList" />
    </UnitTest>
    <UnitTest name="IsHostname_Passing_ValidArguments_Returns_HasErrorsAndCount" storage="d:\sferrari\01 - trabajo\repos\netcore\template-netcore-shared\kitpymes.core.shared.tests\bin\debug\netcoreapp3.0\kitpymes.core.shared.tests.dll" id="46df7735-43c3-1f8d-197a-cd21c82e5889">
      <Execution id="43fa9498-dd72-480f-a360-afebee12c0f0" />
      <TestMethod codeBase="D:\SFERRARI\01 - TRABAJO\repos\netcore\template-netcore-shared\Kitpymes.Core.Shared.Tests\bin\Debug\netcoreapp3.0\Kitpymes.Core.Shared.Tests.dll" adapterTypeName="executor://mstestadapter/v2" className="Kitpymes.Core.Shared.Tests.CheckTests" name="IsHostname_Passing_ValidArguments_Returns_HasErrorsAndCount" />
    </UnitTest>
    <UnitTest name="ToTomorrow_Passing_DateTime_Returns_Tomorrow_DateTime" storage="d:\sferrari\01 - trabajo\repos\netcore\template-netcore-shared\kitpymes.core.shared.tests\bin\debug\netcoreapp3.0\kitpymes.core.shared.tests.dll" id="c2d3c8df-32e7-92dc-91f8-057e8c4da6b9">
      <Execution id="52737ef4-dcea-415d-bcbf-da6e01e91156" />
      <TestMethod codeBase="D:\SFERRARI\01 - TRABAJO\repos\netcore\template-netcore-shared\Kitpymes.Core.Shared.Tests\bin\Debug\netcoreapp3.0\Kitpymes.Core.Shared.Tests.dll" adapterTypeName="executor://mstestadapter/v2" className="Kitpymes.Core.Shared.Tests.DateTimeExtensionsTests" name="ToTomorrow_Passing_DateTime_Returns_Tomorrow_DateTime" />
    </UnitTest>
    <UnitTest name="ToFullMessage_Passing_ExceptionWithMessageWithInnerException_Returns_Full_Message" storage="d:\sferrari\01 - trabajo\repos\netcore\template-netcore-shared\kitpymes.core.shared.tests\bin\debug\netcoreapp3.0\kitpymes.core.shared.tests.dll" id="e1a72c94-958d-7abb-4a96-4b60b12f8157">
      <Execution id="18b99d20-4afc-4890-86d5-915ef9a56694" />
      <TestMethod codeBase="D:\SFERRARI\01 - TRABAJO\repos\netcore\template-netcore-shared\Kitpymes.Core.Shared.Tests\bin\Debug\netcoreapp3.0\Kitpymes.Core.Shared.Tests.dll" adapterTypeName="executor://mstestadapter/v2" className="Kitpymes.Core.Shared.Tests.ExceptionExtensionsTests" name="ToFullMessage_Passing_ExceptionWithMessageWithInnerException_Returns_Full_Message" />
    </UnitTest>
    <UnitTest name="ToAuthenticationType_Passing_Claims_Returns_Null" storage="d:\sferrari\01 - trabajo\repos\netcore\template-netcore-shared\kitpymes.core.shared.tests\bin\debug\netcoreapp3.0\kitpymes.core.shared.tests.dll" id="34e0940c-fc9c-71db-fc18-7d52ee8761a0">
      <Execution id="efe4668d-b418-4998-8218-d32cb3d75500" />
      <TestMethod codeBase="D:\SFERRARI\01 - TRABAJO\repos\netcore\template-netcore-shared\Kitpymes.Core.Shared.Tests\bin\Debug\netcoreapp3.0\Kitpymes.Core.Shared.Tests.dll" adapterTypeName="executor://mstestadapter/v2" className="Kitpymes.Core.Shared.Tests.ClaimsPrincipalExtensionsTests" name="ToAuthenticationType_Passing_Claims_Returns_Null" />
    </UnitTest>
    <UnitTest name="IsRange_Passing_InvalidArguments_Returns_HasErrorsAndCount" storage="d:\sferrari\01 - trabajo\repos\netcore\template-netcore-shared\kitpymes.core.shared.tests\bin\debug\netcoreapp3.0\kitpymes.core.shared.tests.dll" id="8a5cc6e0-e73e-2131-64bd-e73fc6c2a32e">
      <Execution id="08414efb-9811-46f7-9b02-70ac41436836" />
      <TestMethod codeBase="D:\SFERRARI\01 - TRABAJO\repos\netcore\template-netcore-shared\Kitpymes.Core.Shared.Tests\bin\Debug\netcoreapp3.0\Kitpymes.Core.Shared.Tests.dll" adapterTypeName="executor://mstestadapter/v2" className="Kitpymes.Core.Shared.Tests.CheckTests" name="IsRange_Passing_InvalidArguments_Returns_HasErrorsAndCount" />
    </UnitTest>
    <UnitTest name="IsDigit_Passing_InvalidArguments_Returns_HasErrorsAndCount" storage="d:\sferrari\01 - trabajo\repos\netcore\template-netcore-shared\kitpymes.core.shared.tests\bin\debug\netcoreapp3.0\kitpymes.core.shared.tests.dll" id="f2d267b8-d5a7-6c91-de6d-813182908c7f">
      <Execution id="16343180-82ea-41c0-a3e8-507754d6cfae" />
      <TestMethod codeBase="D:\SFERRARI\01 - TRABAJO\repos\netcore\template-netcore-shared\Kitpymes.Core.Shared.Tests\bin\Debug\netcoreapp3.0\Kitpymes.Core.Shared.Tests.dll" adapterTypeName="executor://mstestadapter/v2" className="Kitpymes.Core.Shared.Tests.CheckTests" name="IsDigit_Passing_InvalidArguments_Returns_HasErrorsAndCount" />
    </UnitTest>
    <UnitTest name="ResultOkData" storage="d:\sferrari\01 - trabajo\repos\netcore\template-netcore-shared\kitpymes.core.shared.tests\bin\debug\netcoreapp3.0\kitpymes.core.shared.tests.dll" id="0a999e9b-220b-0f64-a533-84896c20ce13">
      <Execution id="a3e5ef5a-1276-40bb-b5be-7c9eaeaa39a9" />
      <TestMethod codeBase="D:\SFERRARI\01 - TRABAJO\repos\netcore\template-netcore-shared\Kitpymes.Core.Shared.Tests\bin\Debug\netcoreapp3.0\Kitpymes.Core.Shared.Tests.dll" adapterTypeName="executor://mstestadapter/v2" className="Kitpymes.Core.Shared.Tests.ResultTest" name="ResultOkData" />
    </UnitTest>
    <UnitTest name="ResultError_WithTitle_WithStatusCode_WithDetails_WithExceptionType_WithMessages_WithErrors" storage="d:\sferrari\01 - trabajo\repos\netcore\template-netcore-shared\kitpymes.core.shared.tests\bin\debug\netcoreapp3.0\kitpymes.core.shared.tests.dll" id="071a93ca-ce4d-3349-fe5a-5052bf3ce103">
      <Execution id="e74249aa-7760-40b8-aa2a-2e741b00300c" />
      <TestMethod codeBase="D:\SFERRARI\01 - TRABAJO\repos\netcore\template-netcore-shared\Kitpymes.Core.Shared.Tests\bin\Debug\netcoreapp3.0\Kitpymes.Core.Shared.Tests.dll" adapterTypeName="executor://mstestadapter/v2" className="Kitpymes.Core.Shared.Tests.ResultTest" name="ResultError_WithTitle_WithStatusCode_WithDetails_WithExceptionType_WithMessages_WithErrors" />
    </UnitTest>
    <UnitTest name="ToDeserialize_Passing_String_Returns_Object" storage="d:\sferrari\01 - trabajo\repos\netcore\template-netcore-shared\kitpymes.core.shared.tests\bin\debug\netcoreapp3.0\kitpymes.core.shared.tests.dll" id="678a7b5d-e2f9-09be-f35f-0e3e4d5ad033">
      <Execution id="492cf161-b004-4770-b927-1317f4cc56c0" />
      <TestMethod codeBase="D:\SFERRARI\01 - TRABAJO\repos\netcore\template-netcore-shared\Kitpymes.Core.Shared.Tests\bin\Debug\netcoreapp3.0\Kitpymes.Core.Shared.Tests.dll" adapterTypeName="executor://mstestadapter/v2" className="Kitpymes.Core.Shared.Tests.JsonExtensionsTests" name="ToDeserialize_Passing_String_Returns_Object" />
    </UnitTest>
    <UnitTest name="ToDefaultValue_Passing_ValidString_Returns_DefaultValue" storage="d:\sferrari\01 - trabajo\repos\netcore\template-netcore-shared\kitpymes.core.shared.tests\bin\debug\netcoreapp3.0\kitpymes.core.shared.tests.dll" id="579b7361-19a9-f329-acb3-de102dcfc793">
      <Execution id="4bc7d413-3237-4e3f-bc22-822fec6b93ef" />
      <TestMethod codeBase="D:\SFERRARI\01 - TRABAJO\repos\netcore\template-netcore-shared\Kitpymes.Core.Shared.Tests\bin\Debug\netcoreapp3.0\Kitpymes.Core.Shared.Tests.dll" adapterTypeName="executor://mstestadapter/v2" className="Kitpymes.Core.Shared.Tests.TypeExtensionsTests" name="ToDefaultValue_Passing_ValidString_Returns_DefaultValue" />
    </UnitTest>
    <UnitTest name="ToList_Passing_ValidEnumTypeWithSelectedValue_Returns_ValuesList" storage="d:\sferrari\01 - trabajo\repos\netcore\template-netcore-shared\kitpymes.core.shared.tests\bin\debug\netcoreapp3.0\kitpymes.core.shared.tests.dll" id="b871cd27-681f-8d07-6c2a-809341ba2909">
      <Execution id="89a24923-bb4c-4475-95b9-4b6e8d040259" />
      <TestMethod codeBase="D:\SFERRARI\01 - TRABAJO\repos\netcore\template-netcore-shared\Kitpymes.Core.Shared.Tests\bin\Debug\netcoreapp3.0\Kitpymes.Core.Shared.Tests.dll" adapterTypeName="executor://mstestadapter/v2" className="Kitpymes.Core.Shared.Tests.EnumsTests" name="ToList_Passing_ValidEnumTypeWithSelectedValue_Returns_ValuesList" />
    </UnitTest>
    <UnitTest name="ToInt_Passing_ValidValueString_Returns_Int" storage="d:\sferrari\01 - trabajo\repos\netcore\template-netcore-shared\kitpymes.core.shared.tests\bin\debug\netcoreapp3.0\kitpymes.core.shared.tests.dll" id="ae09f98c-257a-b9e5-5b0b-16344b7adf1c">
      <Execution id="59dfec02-f23e-4673-8538-94ab51f034b5" />
      <TestMethod codeBase="D:\SFERRARI\01 - TRABAJO\repos\netcore\template-netcore-shared\Kitpymes.Core.Shared.Tests\bin\Debug\netcoreapp3.0\Kitpymes.Core.Shared.Tests.dll" adapterTypeName="executor://mstestadapter/v2" className="Kitpymes.Core.Shared.Tests.StringExtensionsTests" name="ToInt_Passing_ValidValueString_Returns_Int" />
    </UnitTest>
    <UnitTest name="ToEnum_Passing_ValidValueInt_Returns_EnumValue" storage="d:\sferrari\01 - trabajo\repos\netcore\template-netcore-shared\kitpymes.core.shared.tests\bin\debug\netcoreapp3.0\kitpymes.core.shared.tests.dll" id="96f263a8-e1d9-0070-21ba-583144d2d030">
      <Execution id="96c4d814-1499-4dde-ba27-4c4d387dbe0b" />
      <TestMethod codeBase="D:\SFERRARI\01 - TRABAJO\repos\netcore\template-netcore-shared\Kitpymes.Core.Shared.Tests\bin\Debug\netcoreapp3.0\Kitpymes.Core.Shared.Tests.dll" adapterTypeName="executor://mstestadapter/v2" className="Kitpymes.Core.Shared.Tests.StringExtensionsTests" name="ToEnum_Passing_ValidValueInt_Returns_EnumValue" />
    </UnitTest>
    <UnitTest name="IsNullOrAny_Passing_InvalidArguments_Returns_HasErrorsAndCount" storage="d:\sferrari\01 - trabajo\repos\netcore\template-netcore-shared\kitpymes.core.shared.tests\bin\debug\netcoreapp3.0\kitpymes.core.shared.tests.dll" id="922c5a5d-5d46-b5de-bcbd-4fac0addd422">
      <Execution id="0e5a3ae6-4ff5-4ce1-9a5f-6e9c86847d20" />
      <TestMethod codeBase="D:\SFERRARI\01 - TRABAJO\repos\netcore\template-netcore-shared\Kitpymes.Core.Shared.Tests\bin\Debug\netcoreapp3.0\Kitpymes.Core.Shared.Tests.dll" adapterTypeName="executor://mstestadapter/v2" className="Kitpymes.Core.Shared.Tests.CheckTests" name="IsNullOrAny_Passing_InvalidArguments_Returns_HasErrorsAndCount" />
    </UnitTest>
    <UnitTest name="ToDetails_Passing_HttpContext_Returns_Details_HttpContext" storage="d:\sferrari\01 - trabajo\repos\netcore\template-netcore-shared\kitpymes.core.shared.tests\bin\debug\netcoreapp3.0\kitpymes.core.shared.tests.dll" id="4ff63349-9eef-ad1f-85cf-a84cda1ff120">
      <Execution id="c56ec82e-b4b7-4903-a449-fcf6ec94445a" />
      <TestMethod codeBase="D:\SFERRARI\01 - TRABAJO\repos\netcore\template-netcore-shared\Kitpymes.Core.Shared.Tests\bin\Debug\netcoreapp3.0\Kitpymes.Core.Shared.Tests.dll" adapterTypeName="executor://mstestadapter/v2" className="Kitpymes.Core.Shared.Tests.HttpContextExtensionsTests" name="ToDetails_Passing_HttpContext_Returns_Details_HttpContext" />
    </UnitTest>
    <UnitTest name="ToSetTime_Passing_Time_String_Returns_DateTime" storage="d:\sferrari\01 - trabajo\repos\netcore\template-netcore-shared\kitpymes.core.shared.tests\bin\debug\netcoreapp3.0\kitpymes.core.shared.tests.dll" id="34931354-7c25-7812-28fe-96ea501746b4">
      <Execution id="5b42eb17-3e2c-4b62-ae80-a96bbcf2c233" />
      <TestMethod codeBase="D:\SFERRARI\01 - TRABAJO\repos\netcore\template-netcore-shared\Kitpymes.Core.Shared.Tests\bin\Debug\netcoreapp3.0\Kitpymes.Core.Shared.Tests.dll" adapterTypeName="executor://mstestadapter/v2" className="Kitpymes.Core.Shared.Tests.DateTimeExtensionsTests" name="ToSetTime_Passing_Time_String_Returns_DateTime" />
    </UnitTest>
    <UnitTest name="ToUserName_Passing_Invalid_ClaimsPrincipal_Returns_Null" storage="d:\sferrari\01 - trabajo\repos\netcore\template-netcore-shared\kitpymes.core.shared.tests\bin\debug\netcoreapp3.0\kitpymes.core.shared.tests.dll" id="26cc48e2-5e82-bc12-cf41-e3a984599b8d">
      <Execution id="ef5cc32c-7f1b-4b6b-83da-0f05e5909165" />
      <TestMethod codeBase="D:\SFERRARI\01 - TRABAJO\repos\netcore\template-netcore-shared\Kitpymes.Core.Shared.Tests\bin\Debug\netcoreapp3.0\Kitpymes.Core.Shared.Tests.dll" adapterTypeName="executor://mstestadapter/v2" className="Kitpymes.Core.Shared.Tests.ClaimsPrincipalExtensionsTests" name="ToUserName_Passing_Invalid_ClaimsPrincipal_Returns_Null" />
    </UnitTest>
    <UnitTest name="ToFirstLetterUpper_Passing_ValidValue_Returns_StringWithFirstLetterUpper" storage="d:\sferrari\01 - trabajo\repos\netcore\template-netcore-shared\kitpymes.core.shared.tests\bin\debug\netcoreapp3.0\kitpymes.core.shared.tests.dll" id="5517211d-203c-115f-7dc1-6f48da8ab75b">
      <Execution id="1c2caa69-20c3-4d27-9558-b9c466fa3559" />
      <TestMethod codeBase="D:\SFERRARI\01 - TRABAJO\repos\netcore\template-netcore-shared\Kitpymes.Core.Shared.Tests\bin\Debug\netcoreapp3.0\Kitpymes.Core.Shared.Tests.dll" adapterTypeName="executor://mstestadapter/v2" className="Kitpymes.Core.Shared.Tests.StringExtensionsTests" name="ToFirstLetterUpper_Passing_ValidValue_Returns_StringWithFirstLetterUpper" />
    </UnitTest>
    <UnitTest name="ToConfiguration_Passing_Invalid_DirectoryPath_Returns_ApplicationException" storage="d:\sferrari\01 - trabajo\repos\netcore\template-netcore-shared\kitpymes.core.shared.tests\bin\debug\netcoreapp3.0\kitpymes.core.shared.tests.dll" id="73904cd7-b09d-89fc-efca-330cb9d1d1b7">
      <Execution id="2d43082f-7651-4f4f-9a36-24416bbb5a02" />
      <TestMethod codeBase="D:\SFERRARI\01 - TRABAJO\repos\netcore\template-netcore-shared\Kitpymes.Core.Shared.Tests\bin\Debug\netcoreapp3.0\Kitpymes.Core.Shared.Tests.dll" adapterTypeName="executor://mstestadapter/v2" className="Kitpymes.Core.Shared.Tests.ConfigurationBuilderExtensionsTests" name="ToConfiguration_Passing_Invalid_DirectoryPath_Returns_ApplicationException" />
    </UnitTest>
    <UnitTest name="ToInt_Passing_InvalidValueString_Returns_Null" storage="d:\sferrari\01 - trabajo\repos\netcore\template-netcore-shared\kitpymes.core.shared.tests\bin\debug\netcoreapp3.0\kitpymes.core.shared.tests.dll" id="2799ef62-9686-0dc7-84d2-73639b0030f7">
      <Execution id="e6328ca6-e2ed-4d4c-8b72-256db4fe3d57" />
      <TestMethod codeBase="D:\SFERRARI\01 - TRABAJO\repos\netcore\template-netcore-shared\Kitpymes.Core.Shared.Tests\bin\Debug\netcoreapp3.0\Kitpymes.Core.Shared.Tests.dll" adapterTypeName="executor://mstestadapter/v2" className="Kitpymes.Core.Shared.Tests.StringExtensionsTests" name="ToInt_Passing_InvalidValueString_Returns_Null" />
    </UnitTest>
    <UnitTest name="ToPaged_Passing_Age_Ascending_Order_Returns_Filter_List" storage="d:\sferrari\01 - trabajo\repos\netcore\template-netcore-shared\kitpymes.core.shared.tests\bin\debug\netcoreapp3.0\kitpymes.core.shared.tests.dll" id="f0f37a42-1a3a-10a5-5f17-e01b9915abd3">
      <Execution id="370bf1f6-141a-4e70-899e-eae1b10656d6" />
      <TestMethod codeBase="D:\SFERRARI\01 - TRABAJO\repos\netcore\template-netcore-shared\Kitpymes.Core.Shared.Tests\bin\Debug\netcoreapp3.0\Kitpymes.Core.Shared.Tests.dll" adapterTypeName="executor://mstestadapter/v2" className="Kitpymes.Core.Shared.Tests.QueryableExtensionsTests" name="ToPaged_Passing_Age_Ascending_Order_Returns_Filter_List" />
    </UnitTest>
  </TestDefinitions>
  <TestEntries>
    <TestEntry testId="a75e991f-5e03-3949-85d6-afa1f14455d4" executionId="f6ad907b-df8d-4695-ae65-d20ff3fb097f" testListId="8c84fa94-04c1-424b-9868-57a2d4851a1d" />
    <TestEntry testId="43949294-e4b7-cf4d-0d69-84ccc9e58406" executionId="d78c3f1a-9340-49e4-8bd5-6be21ac20517" testListId="8c84fa94-04c1-424b-9868-57a2d4851a1d" />
    <TestEntry testId="1761ee10-7c34-b565-b889-1885bffe91c3" executionId="fd301ce9-3d44-46e0-8add-fc274bc9e7ba" testListId="8c84fa94-04c1-424b-9868-57a2d4851a1d" />
    <TestEntry testId="31126d50-f667-908c-85f3-09f9d9272df9" executionId="4053dfa8-c1a1-4fca-943d-0fe947b13937" testListId="8c84fa94-04c1-424b-9868-57a2d4851a1d" />
    <TestEntry testId="0b1e4893-9444-2235-b7fa-3782f9932212" executionId="a2dbb527-0a5e-40bb-ac53-769d48d44a9f" testListId="8c84fa94-04c1-424b-9868-57a2d4851a1d" />
    <TestEntry testId="eb3fbb45-8257-f4b8-0975-042f859a72bf" executionId="eb2cdffc-0ae0-4354-ac1f-92a4edc384ec" testListId="8c84fa94-04c1-424b-9868-57a2d4851a1d" />
    <TestEntry testId="5fda35dc-4db7-2169-9391-a6295d2ec5fd" executionId="0ac93167-0006-40ea-9a19-2941dff79793" testListId="8c84fa94-04c1-424b-9868-57a2d4851a1d" />
    <TestEntry testId="64bc1554-814c-3c40-a6b0-679b40b89c36" executionId="f0ff0e17-9951-4bd3-a207-9bade2e1f2ef" testListId="8c84fa94-04c1-424b-9868-57a2d4851a1d" />
    <TestEntry testId="447ced0a-6221-43ff-44ab-4ee12ee4d012" executionId="cb5fdbf6-4c4c-4441-a848-6893ae935006" testListId="8c84fa94-04c1-424b-9868-57a2d4851a1d" />
    <TestEntry testId="071a93ca-ce4d-3349-fe5a-5052bf3ce103" executionId="e74249aa-7760-40b8-aa2a-2e741b00300c" testListId="8c84fa94-04c1-424b-9868-57a2d4851a1d" />
    <TestEntry testId="801afd1a-5f3d-0d0c-471a-96452bf5bc35" executionId="660bd82d-8a39-4e25-ba7d-6ccbda59ca6b" testListId="8c84fa94-04c1-424b-9868-57a2d4851a1d" />
    <TestEntry testId="65b9b71b-a8d5-2a7d-a8a7-0e3a015e6b68" executionId="d8cd1dc9-2aa5-4bb8-a85e-4e2e6721d8cb" testListId="8c84fa94-04c1-424b-9868-57a2d4851a1d" />
    <TestEntry testId="a03675ec-665e-f4d5-4630-89e50dac0bfb" executionId="7c2ecc00-26fb-40cc-ac36-be75009a8af9" testListId="8c84fa94-04c1-424b-9868-57a2d4851a1d" />
    <TestEntry testId="1064d8aa-5d0e-6bf5-83ee-952a4d1fd93b" executionId="7a733770-b8a7-43c6-8b25-261d7dbb0340" testListId="8c84fa94-04c1-424b-9868-57a2d4851a1d" />
    <TestEntry testId="e608205e-4953-e9a3-1956-895ed42ab083" executionId="1b1052dc-f4c0-44f5-bdc5-1de7925bab26" testListId="8c84fa94-04c1-424b-9868-57a2d4851a1d" />
    <TestEntry testId="29295413-2308-fade-9c98-0e9ed6c67839" executionId="9a392a9f-158b-43a7-8081-3d6f80d45b10" testListId="8c84fa94-04c1-424b-9868-57a2d4851a1d" />
    <TestEntry testId="074815db-ddf2-9c1f-0fef-7f709183591e" executionId="1443836c-ca4c-430d-9f3b-e943af549e0d" testListId="8c84fa94-04c1-424b-9868-57a2d4851a1d" />
    <TestEntry testId="c1b4b96f-5089-058a-db94-14574ac1ddcf" executionId="129234c0-1e80-41a0-aa6b-b3adafad70d3" testListId="8c84fa94-04c1-424b-9868-57a2d4851a1d" />
    <TestEntry testId="c2d3c8df-32e7-92dc-91f8-057e8c4da6b9" executionId="52737ef4-dcea-415d-bcbf-da6e01e91156" testListId="8c84fa94-04c1-424b-9868-57a2d4851a1d" />
    <TestEntry testId="46cc46f0-c0e1-f3e6-2242-cdef90a4249a" executionId="f02efe06-be6f-407e-870d-05dc9f8a2692" testListId="8c84fa94-04c1-424b-9868-57a2d4851a1d" />
    <TestEntry testId="7daaba64-d3ad-9109-43bf-bdb516b673b8" executionId="d4081311-3a8d-47c5-80f9-1f72ea847785" testListId="8c84fa94-04c1-424b-9868-57a2d4851a1d" />
    <TestEntry testId="3f0bf65d-a3af-41bf-ac79-126a0efc4fd4" executionId="d13e374a-0933-4f6d-939b-be5c65d688e2" testListId="8c84fa94-04c1-424b-9868-57a2d4851a1d" />
    <TestEntry testId="1340b308-d9eb-a26e-e042-04d6c1d9a958" executionId="2ddba89d-80f9-4d7d-8dbb-15b21150e2e2" testListId="8c84fa94-04c1-424b-9868-57a2d4851a1d" />
    <TestEntry testId="a95f665c-aa8d-208d-902c-60a464250c99" executionId="2befd502-c649-4f92-9d98-849e7f1dad91" testListId="8c84fa94-04c1-424b-9868-57a2d4851a1d" />
    <TestEntry testId="34e0940c-fc9c-71db-fc18-7d52ee8761a0" executionId="efe4668d-b418-4998-8218-d32cb3d75500" testListId="8c84fa94-04c1-424b-9868-57a2d4851a1d" />
    <TestEntry testId="96f263a8-e1d9-0070-21ba-583144d2d030" executionId="96c4d814-1499-4dde-ba27-4c4d387dbe0b" testListId="8c84fa94-04c1-424b-9868-57a2d4851a1d" />
    <TestEntry testId="77fe17c3-3cf8-a189-4d95-b2e0d3ca9579" executionId="a10a146f-2e73-4a11-90a8-5739929c3419" testListId="8c84fa94-04c1-424b-9868-57a2d4851a1d" />
    <TestEntry testId="57d3cdd8-8268-9aa3-6f39-3cc0224b305c" executionId="2ec03dbb-5c93-44dc-a275-fcbc5c19038c" testListId="8c84fa94-04c1-424b-9868-57a2d4851a1d" />
    <TestEntry testId="3721d3c1-7c03-ad84-143f-64bfeb5b314e" executionId="0ad6e50d-193a-488d-b6d4-ff6217e46f8a" testListId="8c84fa94-04c1-424b-9868-57a2d4851a1d" />
    <TestEntry testId="f828057e-351a-48b7-0028-e57f15c7217e" executionId="ed3fe297-86fd-47f3-95e2-45bf2868acd1" testListId="8c84fa94-04c1-424b-9868-57a2d4851a1d" />
    <TestEntry testId="459f13f4-e266-2f20-5c30-d2c64797095d" executionId="9fcb9584-f618-4e33-916b-9ddb892a6013" testListId="8c84fa94-04c1-424b-9868-57a2d4851a1d" />
    <TestEntry testId="2e87c537-4979-f58b-6e83-f3d4ee161ff1" executionId="634c58dd-d0a0-42e7-8141-3f2041827e0d" testListId="8c84fa94-04c1-424b-9868-57a2d4851a1d" />
    <TestEntry testId="772d3145-280a-fb9f-03c2-247d0f593a66" executionId="161076d9-ea42-4575-8455-4f1fd28b7d93" testListId="8c84fa94-04c1-424b-9868-57a2d4851a1d" />
    <TestEntry testId="34931354-7c25-7812-28fe-96ea501746b4" executionId="5b42eb17-3e2c-4b62-ae80-a96bbcf2c233" testListId="8c84fa94-04c1-424b-9868-57a2d4851a1d" />
    <TestEntry testId="f0f37a42-1a3a-10a5-5f17-e01b9915abd3" executionId="370bf1f6-141a-4e70-899e-eae1b10656d6" testListId="8c84fa94-04c1-424b-9868-57a2d4851a1d" />
    <TestEntry testId="aaa46586-7b83-9a88-e835-ae92592f98a3" executionId="a3919097-f088-4c31-9cf5-fc29402dad1d" testListId="8c84fa94-04c1-424b-9868-57a2d4851a1d" />
    <TestEntry testId="04084e8e-c859-4ef5-e2a7-4fb2803cb2a3" executionId="2bb3e63a-3ef5-4ea3-8278-af3d2425d1fe" testListId="8c84fa94-04c1-424b-9868-57a2d4851a1d" />
    <TestEntry testId="e93b141b-fdfd-0f98-21e5-3eb211b6e88b" executionId="1ca620c4-5baf-4389-ab73-1f6cce72fa94" testListId="8c84fa94-04c1-424b-9868-57a2d4851a1d" />
    <TestEntry testId="8c1d1a56-be42-3df5-a82e-36b97c2860b8" executionId="b41bd263-7bed-47dd-a495-f7b79451ad85" testListId="8c84fa94-04c1-424b-9868-57a2d4851a1d" />
    <TestEntry testId="c8fd6d3c-b723-929b-f175-dbdc2a7be855" executionId="30438572-241a-4312-84a6-ebafa5e882e7" testListId="8c84fa94-04c1-424b-9868-57a2d4851a1d" />
    <TestEntry testId="4a2e80a7-472b-b7f7-ba61-ac77aed5735d" executionId="4e4f5551-ce64-4bfd-a6d7-86dd523b26ca" testListId="8c84fa94-04c1-424b-9868-57a2d4851a1d" />
    <TestEntry testId="6088101f-62c5-69c8-6751-05523b132d06" executionId="9e0cfc76-2cb9-4ddd-a798-a915226ceff8" testListId="8c84fa94-04c1-424b-9868-57a2d4851a1d" />
    <TestEntry testId="d51ea295-e896-101a-6578-05ae772bcbfb" executionId="a348a7d9-df90-44c2-8968-f6366f051ae4" testListId="8c84fa94-04c1-424b-9868-57a2d4851a1d" />
    <TestEntry testId="0f697beb-b7a4-6aa6-9017-b57feeb9ba7f" executionId="4c950a9e-9c9a-442f-8e2b-3b3dfd78d334" testListId="8c84fa94-04c1-424b-9868-57a2d4851a1d" />
    <TestEntry testId="e9d3a3d6-32e0-613e-b55e-48afdf1ab686" executionId="f490e412-c761-47c5-b0c4-b32f19c88dc5" testListId="8c84fa94-04c1-424b-9868-57a2d4851a1d" />
    <TestEntry testId="17a38df3-33e0-71ac-f8cb-dcdd3ade7269" executionId="aff8d68a-45f1-4aca-bed4-650d8832ff04" testListId="8c84fa94-04c1-424b-9868-57a2d4851a1d" />
    <TestEntry testId="cf950ab2-9fe4-ec30-43b4-2f3a99b5167d" executionId="42a60fc9-571e-4b03-8510-f6e9a5ee6a81" testListId="8c84fa94-04c1-424b-9868-57a2d4851a1d" />
    <TestEntry testId="fa00d2a8-59b9-ad9e-caa1-a0c9e3156db1" executionId="dfa46b38-db88-441b-b210-73a85f560350" testListId="8c84fa94-04c1-424b-9868-57a2d4851a1d" />
    <TestEntry testId="ae09f98c-257a-b9e5-5b0b-16344b7adf1c" executionId="59dfec02-f23e-4673-8538-94ab51f034b5" testListId="8c84fa94-04c1-424b-9868-57a2d4851a1d" />
    <TestEntry testId="ac572b27-5286-68a4-5380-d7de82fbf69a" executionId="ee428243-bd0b-4433-af57-6b3fc371e946" testListId="8c84fa94-04c1-424b-9868-57a2d4851a1d" />
    <TestEntry testId="19a313ce-6632-bd6f-bb7e-c2dc7bcf20eb" executionId="379cec27-c126-4107-845a-47515e38e3b7" testListId="8c84fa94-04c1-424b-9868-57a2d4851a1d" />
    <TestEntry testId="bf8f6922-5666-8ec7-1500-aabd5997d6a4" executionId="c7bcda7d-02f7-4e57-b8a5-16c5610f6fe3" testListId="8c84fa94-04c1-424b-9868-57a2d4851a1d" />
    <TestEntry testId="ede15cdf-3d1b-3e1a-18dc-485a2d50fe42" executionId="06739ef3-cdb7-4556-badb-538011609921" testListId="8c84fa94-04c1-424b-9868-57a2d4851a1d" />
    <TestEntry testId="1b969e76-d97c-c639-c377-a41796fbb2c3" executionId="f0f74120-eeae-40b8-9894-aade1944d8be" testListId="8c84fa94-04c1-424b-9868-57a2d4851a1d" />
    <TestEntry testId="e0f7dcd9-f363-be9c-de11-457f6a575bee" executionId="580fad08-c24d-4964-b8c2-fc44afd88369" testListId="8c84fa94-04c1-424b-9868-57a2d4851a1d" />
    <TestEntry testId="b8bb90de-6285-0f1c-e0f2-f3ba1f987370" executionId="af438b2b-21ca-483e-bd9a-e6e769061992" testListId="8c84fa94-04c1-424b-9868-57a2d4851a1d" />
    <TestEntry testId="0696fab6-6d9f-2b85-4a73-248fbd1cdda4" executionId="4bfb42e8-f30c-4348-9a85-a242a4f8f1ed" testListId="8c84fa94-04c1-424b-9868-57a2d4851a1d" />
    <TestEntry testId="27cc1a96-8264-8762-05bc-aa63ccb155d7" executionId="055b749d-0779-4153-89ea-c4a8e94d238d" testListId="8c84fa94-04c1-424b-9868-57a2d4851a1d" />
    <TestEntry testId="ab274dac-b194-4e0f-6fab-a20667b535a8" executionId="64ce5a58-6665-4b6c-bf5c-38507b0ec934" testListId="8c84fa94-04c1-424b-9868-57a2d4851a1d" />
    <TestEntry testId="640513b3-feee-19a8-efba-5817e77ff3ee" executionId="3ad90c3c-71a7-47b2-ba87-ea729cb9e933" testListId="8c84fa94-04c1-424b-9868-57a2d4851a1d" />
    <TestEntry testId="bd43e66e-fbae-26eb-a9a1-c58a6bf5d7af" executionId="fb570d84-58ca-4578-bc55-747bd08ebacb" testListId="8c84fa94-04c1-424b-9868-57a2d4851a1d" />
    <TestEntry testId="7a313c49-8adc-98e3-cdda-86b900f0ade6" executionId="5dc55c3e-0124-45c0-9276-da4202fff33f" testListId="8c84fa94-04c1-424b-9868-57a2d4851a1d" />
    <TestEntry testId="bc15aa99-72de-0e5a-b6e8-2d654659d591" executionId="aa3d6dda-5a3d-4eb1-88e6-dbcfddb47623" testListId="8c84fa94-04c1-424b-9868-57a2d4851a1d" />
    <TestEntry testId="a0ed43cd-0648-ddf9-c80e-52c6889ee049" executionId="3c7c671b-9b75-46a2-b05a-2438335ca38e" testListId="8c84fa94-04c1-424b-9868-57a2d4851a1d" />
    <TestEntry testId="0a999e9b-220b-0f64-a533-84896c20ce13" executionId="a3e5ef5a-1276-40bb-b5be-7c9eaeaa39a9" testListId="8c84fa94-04c1-424b-9868-57a2d4851a1d" />
    <TestEntry testId="98d4dd82-eb94-c060-7aeb-9b0a39f334fb" executionId="6cd39f8e-eb22-4112-9bbc-36d3364492c8" testListId="8c84fa94-04c1-424b-9868-57a2d4851a1d" />
    <TestEntry testId="7c09a438-5465-f760-64b2-23d25fc199f5" executionId="488c7288-3e71-49f9-8c2a-aa83b4c67bda" testListId="8c84fa94-04c1-424b-9868-57a2d4851a1d" />
    <TestEntry testId="ebdf037a-44fa-7875-99d4-42fa9833aac8" executionId="314b48b9-8094-4f49-84c9-3326c3553a09" testListId="8c84fa94-04c1-424b-9868-57a2d4851a1d" />
    <TestEntry testId="161f5d07-7835-e575-5072-b9d787ef451c" executionId="3b74f1a5-7bf2-4f8c-a89a-5577ac49ac81" testListId="8c84fa94-04c1-424b-9868-57a2d4851a1d" />
    <TestEntry testId="1237bc5f-42ea-8c7f-8602-051620acda95" executionId="9d0bd838-1ed2-4ac8-a1b5-8bb4b5ee99b9" testListId="8c84fa94-04c1-424b-9868-57a2d4851a1d" />
    <TestEntry testId="430dec51-b9df-7e06-fff9-78e6d362c2d8" executionId="c949da9a-ad15-4fcf-9316-e3c813cb038a" testListId="8c84fa94-04c1-424b-9868-57a2d4851a1d" />
    <TestEntry testId="87c5dbd3-fd2a-1e49-42e5-8dc78affc8d6" executionId="a7fdfc17-9532-4b77-afbe-901deb37b3b6" testListId="8c84fa94-04c1-424b-9868-57a2d4851a1d" />
    <TestEntry testId="73904cd7-b09d-89fc-efca-330cb9d1d1b7" executionId="2d43082f-7651-4f4f-9a36-24416bbb5a02" testListId="8c84fa94-04c1-424b-9868-57a2d4851a1d" />
    <TestEntry testId="bc6955b8-aec0-957c-bad4-853e5cfa19a1" executionId="10edc9e3-85f7-4697-8152-9c434abf84f7" testListId="8c84fa94-04c1-424b-9868-57a2d4851a1d" />
    <TestEntry testId="19f76070-822e-31f8-2a9f-a96f774333a7" executionId="8c55f5da-1c9a-4281-b579-3b68df0ee680" testListId="8c84fa94-04c1-424b-9868-57a2d4851a1d" />
    <TestEntry testId="1577c538-d1be-5b59-2b09-8e59b0be5fcd" executionId="7a8d92f1-f5ec-4fad-a186-b5c636432852" testListId="8c84fa94-04c1-424b-9868-57a2d4851a1d" />
    <TestEntry testId="4e1a5879-f3c8-4fdb-51d0-c4cf0a35e0bf" executionId="1ee4eb3d-2c61-4881-9aaf-2d26b1e63e1c" testListId="8c84fa94-04c1-424b-9868-57a2d4851a1d" />
    <TestEntry testId="b871cd27-681f-8d07-6c2a-809341ba2909" executionId="89a24923-bb4c-4475-95b9-4b6e8d040259" testListId="8c84fa94-04c1-424b-9868-57a2d4851a1d" />
    <TestEntry testId="922c5a5d-5d46-b5de-bcbd-4fac0addd422" executionId="0e5a3ae6-4ff5-4ce1-9a5f-6e9c86847d20" testListId="8c84fa94-04c1-424b-9868-57a2d4851a1d" />
    <TestEntry testId="c87d842d-198f-fc52-0a70-418a5e5378ab" executionId="81f1c955-40c4-4159-b763-8dee1a4c2536" testListId="8c84fa94-04c1-424b-9868-57a2d4851a1d" />
    <TestEntry testId="10024a68-25d4-872c-3e48-a6d6b2671494" executionId="da9f21c4-df03-48bc-815c-ed732f840000" testListId="8c84fa94-04c1-424b-9868-57a2d4851a1d" />
    <TestEntry testId="bf48e581-43e6-7660-c4f4-1b7deb1f0ed9" executionId="08db8153-e822-4cd7-baaa-e93609034065" testListId="8c84fa94-04c1-424b-9868-57a2d4851a1d" />
    <TestEntry testId="7c679bcb-7a59-8751-0063-1ef6e07cb160" executionId="e998213a-8973-4fba-a4b6-1c3b979cc81e" testListId="8c84fa94-04c1-424b-9868-57a2d4851a1d" />
    <TestEntry testId="4d9bde6c-668c-a1d3-dc60-edcfc6a4082c" executionId="2d9aba91-99bd-426a-9e41-debac9e6c96b" testListId="8c84fa94-04c1-424b-9868-57a2d4851a1d" />
    <TestEntry testId="46df7735-43c3-1f8d-197a-cd21c82e5889" executionId="43fa9498-dd72-480f-a360-afebee12c0f0" testListId="8c84fa94-04c1-424b-9868-57a2d4851a1d" />
    <TestEntry testId="42ded375-26ee-044e-44a7-9eab5e4cd342" executionId="bd0a742b-696b-4bf1-ab3a-b1d9d4285dfd" testListId="8c84fa94-04c1-424b-9868-57a2d4851a1d" />
    <TestEntry testId="f2d267b8-d5a7-6c91-de6d-813182908c7f" executionId="16343180-82ea-41c0-a3e8-507754d6cfae" testListId="8c84fa94-04c1-424b-9868-57a2d4851a1d" />
    <TestEntry testId="a702dc43-b5af-c889-d32e-e69ee2d100af" executionId="f604d84c-1964-4fa6-a680-0d2a446d8c02" testListId="8c84fa94-04c1-424b-9868-57a2d4851a1d" />
    <TestEntry testId="856fd0c8-b6f8-9265-ccfd-2a9e615488e2" executionId="c7b2d4af-2dc4-4b28-8f50-370b94f794be" testListId="8c84fa94-04c1-424b-9868-57a2d4851a1d" />
    <TestEntry testId="6c59b811-73c0-2540-9661-8c8f2a459ff2" executionId="88b16dba-aebc-44cd-abe8-60ee74a14346" testListId="8c84fa94-04c1-424b-9868-57a2d4851a1d" />
    <TestEntry testId="0e702ef4-7e85-bcb3-3879-32ee56a27932" executionId="9ec524b1-bfd0-41a5-a731-a8bbba0f1fbe" testListId="8c84fa94-04c1-424b-9868-57a2d4851a1d" />
    <TestEntry testId="b9a89fa2-355c-e886-bec5-28d3cf549be6" executionId="42463509-254f-40a4-b1d1-23c704f824df" testListId="8c84fa94-04c1-424b-9868-57a2d4851a1d" />
    <TestEntry testId="8fbac209-421a-f9fa-c5fe-97403aedb24e" executionId="360b3a8e-0b70-4472-a675-988a00efdac1" testListId="8c84fa94-04c1-424b-9868-57a2d4851a1d" />
    <TestEntry testId="a272f84c-2bd5-daa4-4afe-22346b802f86" executionId="aeb6f8f7-a992-491d-91b6-ef1904814a14" testListId="8c84fa94-04c1-424b-9868-57a2d4851a1d" />
    <TestEntry testId="4ead3f79-a54e-1b96-838c-d0c2f491cb0d" executionId="de14920e-f8a5-487c-9bdc-2b609992e536" testListId="8c84fa94-04c1-424b-9868-57a2d4851a1d" />
    <TestEntry testId="6b41eea5-b11d-4975-a42c-5030c52fd29c" executionId="a5006ba1-76cb-4370-b7ec-2c5770e047ec" testListId="8c84fa94-04c1-424b-9868-57a2d4851a1d" />
    <TestEntry testId="9b5f9705-0df5-3b21-5e23-e11b68721fd4" executionId="116657e4-310b-4660-a986-dd92562fe972" testListId="8c84fa94-04c1-424b-9868-57a2d4851a1d" />
    <TestEntry testId="4315ebd1-3e2a-edf0-9de6-c78f08760fe3" executionId="d239b485-5b7b-45e9-ad3f-31113957d102" testListId="8c84fa94-04c1-424b-9868-57a2d4851a1d" />
    <TestEntry testId="26cc48e2-5e82-bc12-cf41-e3a984599b8d" executionId="ef5cc32c-7f1b-4b6b-83da-0f05e5909165" testListId="8c84fa94-04c1-424b-9868-57a2d4851a1d" />
    <TestEntry testId="6fc389b2-a5f3-ded0-63b6-7e1b4cca8442" executionId="5c6c2e02-2104-4169-b163-899044934447" testListId="8c84fa94-04c1-424b-9868-57a2d4851a1d" />
    <TestEntry testId="481343f9-3ff3-548f-0c6c-41599cf65802" executionId="c4a6b319-bd3f-45be-ab19-712d7b3dbf4c" testListId="8c84fa94-04c1-424b-9868-57a2d4851a1d" />
    <TestEntry testId="fcd9a6e3-ee1d-7212-668e-2b0865200d81" executionId="23065d27-9d7d-4ea7-b50c-f0f3f5b34133" testListId="8c84fa94-04c1-424b-9868-57a2d4851a1d" />
    <TestEntry testId="4a3afd90-c6ab-e82e-40d8-b40450680318" executionId="cd62b1b9-8243-4295-af0e-fe480783d516" testListId="8c84fa94-04c1-424b-9868-57a2d4851a1d" />
    <TestEntry testId="832c041a-0c55-5788-b9d7-40a6ab6eae94" executionId="1792c7c6-bf2e-4f05-b917-8d4d851f5e03" testListId="8c84fa94-04c1-424b-9868-57a2d4851a1d" />
    <TestEntry testId="2799ef62-9686-0dc7-84d2-73639b0030f7" executionId="e6328ca6-e2ed-4d4c-8b72-256db4fe3d57" testListId="8c84fa94-04c1-424b-9868-57a2d4851a1d" />
    <TestEntry testId="5385d994-9594-6052-11cb-73f8d2344981" executionId="0a05d4d5-5745-423d-9097-847a951f6fec" testListId="8c84fa94-04c1-424b-9868-57a2d4851a1d" />
    <TestEntry testId="55f105d6-fc07-21db-e70a-db30ccdb0844" executionId="53eea090-be68-46b5-b203-f02373737029" testListId="8c84fa94-04c1-424b-9868-57a2d4851a1d" />
    <TestEntry testId="c14c626b-0f15-ac55-344d-8aa2c3f91cdf" executionId="3ae3f7e2-6d6e-45d1-9e3d-29561cba9032" testListId="8c84fa94-04c1-424b-9868-57a2d4851a1d" />
    <TestEntry testId="31ff6168-d18d-0013-7c18-0ff775714202" executionId="52217cb3-a02e-44b4-b7e8-a765684fb309" testListId="8c84fa94-04c1-424b-9868-57a2d4851a1d" />
    <TestEntry testId="7dc20d31-477c-3765-83c0-7575a504da96" executionId="7e66ab3c-c2fe-44f2-a476-9cb0ac255e2a" testListId="8c84fa94-04c1-424b-9868-57a2d4851a1d" />
    <TestEntry testId="a4956cd8-34a7-6fca-5b71-6eb98cedd9b0" executionId="0b5b2713-773d-4d66-97e2-a2dbcc2a0cd1" testListId="8c84fa94-04c1-424b-9868-57a2d4851a1d" />
    <TestEntry testId="c63cd623-e636-5730-a1fa-b18ae782acc7" executionId="f9caffd7-d6e5-4dcb-b1ca-be1479e06b03" testListId="8c84fa94-04c1-424b-9868-57a2d4851a1d" />
    <TestEntry testId="605637df-9854-875b-b3aa-6675f3fbd045" executionId="82c6b30d-fb4d-415f-a161-16e2a2d5d048" testListId="8c84fa94-04c1-424b-9868-57a2d4851a1d" />
    <TestEntry testId="40108f40-2761-0a89-d16d-ad113b5f3dd5" executionId="314b2c0f-bd3e-4c69-baa9-d0a85b546cc1" testListId="8c84fa94-04c1-424b-9868-57a2d4851a1d" />
    <TestEntry testId="a6625fb0-1b80-148b-87dc-9cf616e5e84d" executionId="ae8d7498-6deb-4993-8abd-ed224cf9ab95" testListId="8c84fa94-04c1-424b-9868-57a2d4851a1d" />
    <TestEntry testId="f8b74494-d277-7173-e694-2a4d463a4607" executionId="1a62d1f1-b095-4af9-aa22-703da6a76599" testListId="8c84fa94-04c1-424b-9868-57a2d4851a1d" />
    <TestEntry testId="334e3485-05b4-4549-cacd-aef8fff10757" executionId="e63d3532-790a-47e4-b07e-ff9c3797d8ad" testListId="8c84fa94-04c1-424b-9868-57a2d4851a1d" />
    <TestEntry testId="6bd61990-78b5-76ea-0df5-0c13c388bdc0" executionId="126aa3eb-462c-483d-b73b-0b23b837bf08" testListId="8c84fa94-04c1-424b-9868-57a2d4851a1d" />
    <TestEntry testId="4234610b-215b-41f7-e61d-4a82851bdfa3" executionId="4410c626-2ea6-4de0-a2c7-8a26c6ef66ba" testListId="8c84fa94-04c1-424b-9868-57a2d4851a1d" />
    <TestEntry testId="209cbba1-d5fa-4810-2cb6-ee92ce2e109d" executionId="c3ce47a2-f9a0-4353-9b13-a48c1505cca1" testListId="8c84fa94-04c1-424b-9868-57a2d4851a1d" />
    <TestEntry testId="8381ae52-050c-b801-64b1-7c621deb91d8" executionId="94b78f13-6740-429e-9952-ec68bd114111" testListId="8c84fa94-04c1-424b-9868-57a2d4851a1d" />
    <TestEntry testId="21ae5425-e2d1-002f-334f-105a6a674a01" executionId="b501aee5-6fef-4364-a07a-425e398d18d5" testListId="8c84fa94-04c1-424b-9868-57a2d4851a1d" />
    <TestEntry testId="180814cc-22f9-91b2-cd9a-f54be7e1ba18" executionId="9409b749-e63d-4880-aa71-0f1fd2d7278e" testListId="8c84fa94-04c1-424b-9868-57a2d4851a1d" />
    <TestEntry testId="580ff04a-e5c0-9f2f-90c3-4f2aeafd15c5" executionId="353771b4-908e-4cd5-a737-87fc0801f8fb" testListId="8c84fa94-04c1-424b-9868-57a2d4851a1d" />
    <TestEntry testId="c19b83a3-45fc-e848-cbcc-7f68b66eb4e3" executionId="c5ec767f-03fe-4cde-a55b-65b57c1023f9" testListId="8c84fa94-04c1-424b-9868-57a2d4851a1d" />
    <TestEntry testId="9d64a285-266d-52de-ef34-34102f8ad12c" executionId="79846b17-567b-426f-a658-d92a8088d333" testListId="8c84fa94-04c1-424b-9868-57a2d4851a1d" />
    <TestEntry testId="8a110a46-40a4-c9bb-083e-1c3fcb5b45b7" executionId="099e26b6-06a6-4bad-a091-29935909c0ef" testListId="8c84fa94-04c1-424b-9868-57a2d4851a1d" />
    <TestEntry testId="aeb559a5-c285-7ab9-baee-1cb152d1742f" executionId="24e44dbf-e94e-4f9b-8766-1f894c65cf7a" testListId="8c84fa94-04c1-424b-9868-57a2d4851a1d" />
    <TestEntry testId="c330741e-ad40-618c-36cc-508c135d2b95" executionId="e64794b2-9f16-4e0a-beef-7ef9446806ae" testListId="8c84fa94-04c1-424b-9868-57a2d4851a1d" />
    <TestEntry testId="18040ed3-941e-dd1e-cb8c-4d34d103f370" executionId="b76bb15f-8fa0-4660-9380-5e0967a5b033" testListId="8c84fa94-04c1-424b-9868-57a2d4851a1d" />
    <TestEntry testId="3e6d6aa9-9b6d-dd96-b54c-49f88780a2b4" executionId="9f5bc07c-62dc-4d4f-bd95-1aa88b65af66" testListId="8c84fa94-04c1-424b-9868-57a2d4851a1d" />
    <TestEntry testId="53cbdd8e-a1ef-5d22-8745-938609ed19c2" executionId="9975519a-b73e-4375-9233-4c96d9d8f0e9" testListId="8c84fa94-04c1-424b-9868-57a2d4851a1d" />
    <TestEntry testId="b51b5293-5162-7db8-79c0-6e7b6f1c51a5" executionId="e1f2dd10-ea98-4da3-b778-610ea6fbde51" testListId="8c84fa94-04c1-424b-9868-57a2d4851a1d" />
    <TestEntry testId="0cfd0c7c-1a61-7d19-c2fa-3c8a47ccf09c" executionId="33595a48-796c-43a8-8f01-056fe7f10fa8" testListId="8c84fa94-04c1-424b-9868-57a2d4851a1d" />
    <TestEntry testId="69b6ed05-fdf2-6989-0583-109b4777a6ac" executionId="aabe01eb-03d1-4fce-be27-734fd6da19f8" testListId="8c84fa94-04c1-424b-9868-57a2d4851a1d" />
    <TestEntry testId="0d35441f-72fe-a777-509f-6a19632f972a" executionId="bc3ea92a-99be-42e4-9e45-f885307bc36e" testListId="8c84fa94-04c1-424b-9868-57a2d4851a1d" />
    <TestEntry testId="f752d50b-77fa-327a-4493-168161bd27b2" executionId="3e43afae-0d25-40ef-8122-91ac724cbadb" testListId="8c84fa94-04c1-424b-9868-57a2d4851a1d" />
    <TestEntry testId="ffa669f9-8e25-a33b-f8f7-c3ba4a576a2b" executionId="1eaa797e-a8eb-4e50-b533-73554ac4621d" testListId="8c84fa94-04c1-424b-9868-57a2d4851a1d" />
    <TestEntry testId="7384e2f6-7a7f-d462-78fa-5bf7f49c326a" executionId="278c87d3-69d1-4723-85ca-f0bf2ff03da5" testListId="8c84fa94-04c1-424b-9868-57a2d4851a1d" />
    <TestEntry testId="967da852-80aa-48c8-4fdf-7229c80964ce" executionId="7ab6ca58-b1d4-4dfe-93be-01a0c1cb5922" testListId="8c84fa94-04c1-424b-9868-57a2d4851a1d" />
    <TestEntry testId="9eeef095-29ed-4872-a36c-ca4832350421" executionId="12a50f3c-0cba-4345-a5dc-3c6e79ea76a0" testListId="8c84fa94-04c1-424b-9868-57a2d4851a1d" />
    <TestEntry testId="29112d2a-2e73-305d-ec50-12fc95c28627" executionId="727bbd7c-577d-4247-a820-be0aa7b16eed" testListId="8c84fa94-04c1-424b-9868-57a2d4851a1d" />
    <TestEntry testId="e37f41d3-77a8-1acd-c258-fbb5b724b134" executionId="6efaaa18-43e0-4a16-9d92-c32a3bafd851" testListId="8c84fa94-04c1-424b-9868-57a2d4851a1d" />
    <TestEntry testId="1dab5b85-21d2-af6f-92e5-af8126f0e2fb" executionId="b5a363e5-d3cc-4806-9cb3-21f252eb2458" testListId="8c84fa94-04c1-424b-9868-57a2d4851a1d" />
    <TestEntry testId="fe683836-27ec-729e-5fe1-a9c2674a6d87" executionId="fa574d2d-4a9e-4057-ac3d-09cd6d616438" testListId="8c84fa94-04c1-424b-9868-57a2d4851a1d" />
    <TestEntry testId="760ae14b-6c0d-0288-811d-408b67937415" executionId="ceeb1c51-57d0-4c89-a9a0-e1cea08319e9" testListId="8c84fa94-04c1-424b-9868-57a2d4851a1d" />
    <TestEntry testId="297c060d-406b-f933-91fe-dfd3459b8ace" executionId="49435073-b45b-4542-8996-9bd0c00e007d" testListId="8c84fa94-04c1-424b-9868-57a2d4851a1d" />
    <TestEntry testId="def94964-1ba4-f78f-2dac-38055bb04256" executionId="32d06c6c-c82a-489b-850f-cb8590d21dfe" testListId="8c84fa94-04c1-424b-9868-57a2d4851a1d" />
    <TestEntry testId="504465b7-a3fe-9023-93b9-ffece1903418" executionId="c16c6cdb-4e8b-4637-964b-dc56a39ba552" testListId="8c84fa94-04c1-424b-9868-57a2d4851a1d" />
    <TestEntry testId="0ee8121e-b492-a57d-d072-de988a4e30f8" executionId="10da1a57-f429-46f3-be8d-2b9544e8715b" testListId="8c84fa94-04c1-424b-9868-57a2d4851a1d" />
    <TestEntry testId="056700a7-2506-75ed-a80a-ddf2ddb5d2a8" executionId="02983cad-f758-4226-9d9d-69614da6c793" testListId="8c84fa94-04c1-424b-9868-57a2d4851a1d" />
    <TestEntry testId="006d3c07-11d3-9f4b-c045-6799df52bbfb" executionId="6558227b-333f-45d6-a1eb-298c8f3ad89c" testListId="8c84fa94-04c1-424b-9868-57a2d4851a1d" />
    <TestEntry testId="bb347f18-44ab-0d77-d5bd-a671e4c37650" executionId="9dc86032-2584-430d-8311-01977c6cc53b" testListId="8c84fa94-04c1-424b-9868-57a2d4851a1d" />
    <TestEntry testId="c30c24fa-9dc6-1db9-fc63-cb77f851732c" executionId="f9ab340a-338f-4bb1-9f67-1263b7d9fd48" testListId="8c84fa94-04c1-424b-9868-57a2d4851a1d" />
    <TestEntry testId="5c861184-f295-e727-0fd4-d218f13da14d" executionId="cb8da7db-27d8-4863-b36f-4bf5dbc31b54" testListId="8c84fa94-04c1-424b-9868-57a2d4851a1d" />
    <TestEntry testId="8dccdb77-e6a8-58c6-9bd0-108f87c5ff65" executionId="08be1876-76a5-4cd6-8a26-027df54b2724" testListId="8c84fa94-04c1-424b-9868-57a2d4851a1d" />
    <TestEntry testId="13bab721-bf36-ea1b-3f50-9937b274e83a" executionId="722aad9b-427c-436a-8e4f-29b59b1e5f09" testListId="8c84fa94-04c1-424b-9868-57a2d4851a1d" />
    <TestEntry testId="9e36eef1-cde7-a509-c95d-2249b6b02dbb" executionId="3da0cc72-6763-44d4-a853-7310f3a18173" testListId="8c84fa94-04c1-424b-9868-57a2d4851a1d" />
    <TestEntry testId="e1a72c94-958d-7abb-4a96-4b60b12f8157" executionId="18b99d20-4afc-4890-86d5-915ef9a56694" testListId="8c84fa94-04c1-424b-9868-57a2d4851a1d" />
    <TestEntry testId="1c5fe271-1e90-52f5-1f31-436b17e57702" executionId="2f9b21ac-3d70-4fa4-808d-0d3b2a4c0ad9" testListId="8c84fa94-04c1-424b-9868-57a2d4851a1d" />
    <TestEntry testId="845c887e-a785-555d-db89-1c2975a33bbb" executionId="412a0854-d3b5-42c7-ac60-489c6026b48f" testListId="8c84fa94-04c1-424b-9868-57a2d4851a1d" />
    <TestEntry testId="43c10c64-8836-30db-afbe-d1657a7dd9d8" executionId="d5ddb727-95f2-409c-bc86-575795b4b024" testListId="8c84fa94-04c1-424b-9868-57a2d4851a1d" />
    <TestEntry testId="f2debf4a-2a42-7b0b-1005-8f74a6fc63cb" executionId="6d655b85-48dd-4706-939c-317872050093" testListId="8c84fa94-04c1-424b-9868-57a2d4851a1d" />
    <TestEntry testId="74c0befe-cdb2-1fdf-be71-2a39199bb5c9" executionId="07437a9f-2d99-432b-9888-de35b084ee6b" testListId="8c84fa94-04c1-424b-9868-57a2d4851a1d" />
    <TestEntry testId="0c633595-70e8-b011-5a46-c9c7e1687cb9" executionId="0544d63e-e7e5-412b-8eeb-8f98e1cc42b8" testListId="8c84fa94-04c1-424b-9868-57a2d4851a1d" />
    <TestEntry testId="98331ff8-6ed1-e7ba-c8dd-be5bd5b6cb2c" executionId="962d9ee0-05b1-4207-9383-96b364c2d957" testListId="8c84fa94-04c1-424b-9868-57a2d4851a1d" />
    <TestEntry testId="e8138724-52f6-6999-ada4-cbc441f2cd15" executionId="b8b9bbeb-fa10-4faf-9d57-4d8703064869" testListId="8c84fa94-04c1-424b-9868-57a2d4851a1d" />
    <TestEntry testId="7f0aeefe-ba4a-5404-c6f8-82be67718cc4" executionId="a7bbcc8b-9b15-4035-9b61-600b88db27f5" testListId="8c84fa94-04c1-424b-9868-57a2d4851a1d" />
    <TestEntry testId="db5f34ff-df7c-44e5-6721-c319db8d6da0" executionId="bee7db54-7736-4a72-a804-aa90533ce0c5" testListId="8c84fa94-04c1-424b-9868-57a2d4851a1d" />
    <TestEntry testId="d5506b30-7041-6d90-bd03-bcd5b2479c40" executionId="dd15999e-e03f-4777-991a-ff5e5b5e0fce" testListId="8c84fa94-04c1-424b-9868-57a2d4851a1d" />
    <TestEntry testId="2aceb911-de9d-b2eb-c8db-f6b3f880216f" executionId="eedc0343-cb86-4b08-8fca-40b23d319d04" testListId="8c84fa94-04c1-424b-9868-57a2d4851a1d" />
    <TestEntry testId="118e36ba-6572-1245-e05b-9bcc7b4e5e20" executionId="3baa1036-e4f0-4c7d-8bf3-d84a05c2e671" testListId="8c84fa94-04c1-424b-9868-57a2d4851a1d" />
    <TestEntry testId="47f3e733-f069-b79f-9f6d-7c11fc368663" executionId="4ac9ec3d-ca35-47ff-9d4d-3cb20bf67d83" testListId="8c84fa94-04c1-424b-9868-57a2d4851a1d" />
    <TestEntry testId="f17b6f1f-06a9-5318-815f-4c3950fdd0cb" executionId="7b74c825-da07-4e5b-9476-35c1794a721f" testListId="8c84fa94-04c1-424b-9868-57a2d4851a1d" />
    <TestEntry testId="d6d04f4a-9142-b816-d673-c4abf49a39ad" executionId="b7c16546-2e9f-46bf-a90f-86fdb5162088" testListId="8c84fa94-04c1-424b-9868-57a2d4851a1d" />
    <TestEntry testId="86b92527-4d52-052b-63ae-d9a8aa694919" executionId="23e954c6-d687-4f62-ace5-1a6499d502fd" testListId="8c84fa94-04c1-424b-9868-57a2d4851a1d" />
    <TestEntry testId="07d50dfb-3195-c832-23d2-97ae667f2010" executionId="0777a1e0-7879-4bd3-a3d5-6a1cdb83874b" testListId="8c84fa94-04c1-424b-9868-57a2d4851a1d" />
    <TestEntry testId="e9b23f0c-0cde-4603-1739-ee642fd33c36" executionId="310275a9-bbe1-4e41-b149-254949bcc3b7" testListId="8c84fa94-04c1-424b-9868-57a2d4851a1d" />
    <TestEntry testId="635e001f-2a50-f191-84e2-e81cd2000fdf" executionId="56748af1-fd02-4412-871e-573f3719af70" testListId="8c84fa94-04c1-424b-9868-57a2d4851a1d" />
    <TestEntry testId="3bd7277d-4ad0-51ee-d24c-53176ec3cc7f" executionId="95ccdd8b-9b98-41db-8e4e-ca8bcf42b4b4" testListId="8c84fa94-04c1-424b-9868-57a2d4851a1d" />
    <TestEntry testId="cd004a9f-a0f6-2fdf-aeae-1890f4ab8e71" executionId="4ef3380e-21b9-4f9c-84bf-e42223d86df2" testListId="8c84fa94-04c1-424b-9868-57a2d4851a1d" />
    <TestEntry testId="7be8a004-8e29-0f01-8ada-f15377193150" executionId="e88b724a-3dd5-421e-91c3-88e33b738778" testListId="8c84fa94-04c1-424b-9868-57a2d4851a1d" />
    <TestEntry testId="725d136c-3e7a-6e51-fc61-03203ffec0b5" executionId="1acf9d39-621a-41f7-a315-609c000a7b8d" testListId="8c84fa94-04c1-424b-9868-57a2d4851a1d" />
    <TestEntry testId="1f173fff-9060-8c18-f825-225901225244" executionId="bc83ef60-daa7-4d65-9242-a2f433630559" testListId="8c84fa94-04c1-424b-9868-57a2d4851a1d" />
    <TestEntry testId="71a1897b-b713-c047-1c23-5efdff095b20" executionId="8a4d3005-9a38-4427-bd4b-c4eae0152e01" testListId="8c84fa94-04c1-424b-9868-57a2d4851a1d" />
    <TestEntry testId="66f7bc12-fe2b-fd81-3cbf-5bc4840aa6f8" executionId="b28f88fa-f725-48d4-ba8c-7ff166e1448d" testListId="8c84fa94-04c1-424b-9868-57a2d4851a1d" />
    <TestEntry testId="a1095294-226e-a0f0-0154-11290289c9db" executionId="20a80201-a180-407f-a203-2690d78dbd9a" testListId="8c84fa94-04c1-424b-9868-57a2d4851a1d" />
    <TestEntry testId="3443f7f5-ee1a-f375-e5b1-f7ffa940c0db" executionId="bdbf72d2-3607-4a7f-8ea4-b80d383e1508" testListId="8c84fa94-04c1-424b-9868-57a2d4851a1d" />
    <TestEntry testId="0df69eaf-b001-71ae-6cf8-f9c5860f7c4c" executionId="f84fcf92-903a-40fc-9b36-19fe6ead650c" testListId="8c84fa94-04c1-424b-9868-57a2d4851a1d" />
    <TestEntry testId="e53d2439-2080-43bd-e38b-a60253b60af1" executionId="3ebbf8f0-9365-4b7e-a717-82b9edbd6383" testListId="8c84fa94-04c1-424b-9868-57a2d4851a1d" />
    <TestEntry testId="0cb5eb43-9273-0bdf-bd18-53b184535503" executionId="e6116ac9-6c9f-46f8-bc97-938370bd6dcc" testListId="8c84fa94-04c1-424b-9868-57a2d4851a1d" />
    <TestEntry testId="5517211d-203c-115f-7dc1-6f48da8ab75b" executionId="1c2caa69-20c3-4d27-9558-b9c466fa3559" testListId="8c84fa94-04c1-424b-9868-57a2d4851a1d" />
    <TestEntry testId="e2880a6e-7a01-b4ba-86fb-4d33be072972" executionId="037c6c82-ac77-48f9-a2d6-0c6f28f9c2d2" testListId="8c84fa94-04c1-424b-9868-57a2d4851a1d" />
    <TestEntry testId="3c82816f-4e62-7440-d30d-abbd53b1dcea" executionId="89997ca3-fe48-430e-a5f7-15769b3064a3" testListId="8c84fa94-04c1-424b-9868-57a2d4851a1d" />
    <TestEntry testId="225c09bd-86d5-d9ce-d2b8-18431ca384e3" executionId="874d283a-a6aa-4caf-bf59-b5db522de1ed" testListId="8c84fa94-04c1-424b-9868-57a2d4851a1d" />
    <TestEntry testId="313cfb2c-8c3b-337b-12f8-296f8611376d" executionId="b9830366-966a-45f9-92a1-f732e0b0c947" testListId="8c84fa94-04c1-424b-9868-57a2d4851a1d" />
    <TestEntry testId="65b9c427-b5ec-99b4-199a-0093cd460501" executionId="2bcb57e1-487c-4ab6-9eb8-8948bffc7cef" testListId="8c84fa94-04c1-424b-9868-57a2d4851a1d" />
    <TestEntry testId="04cb4b72-edc8-fe06-49e1-217ed503eff8" executionId="b40f2246-20f2-46a7-abf7-d38d6cca66ea" testListId="8c84fa94-04c1-424b-9868-57a2d4851a1d" />
    <TestEntry testId="1f6423c7-4317-6f5b-c112-f4c9c7e822af" executionId="886757c0-175a-4ba4-82b6-2d5386aaad0a" testListId="8c84fa94-04c1-424b-9868-57a2d4851a1d" />
    <TestEntry testId="30809299-0e3e-4ac7-4a2a-6f8c296d2226" executionId="f7e95d57-6557-4775-a8b2-8a3c5513eb1c" testListId="8c84fa94-04c1-424b-9868-57a2d4851a1d" />
    <TestEntry testId="d7c20db6-f712-8539-ac01-01e8f4033fac" executionId="d9d76027-b1fe-4847-ac29-af04fa32e71d" testListId="8c84fa94-04c1-424b-9868-57a2d4851a1d" />
    <TestEntry testId="4ff63349-9eef-ad1f-85cf-a84cda1ff120" executionId="c56ec82e-b4b7-4903-a449-fcf6ec94445a" testListId="8c84fa94-04c1-424b-9868-57a2d4851a1d" />
    <TestEntry testId="4184a91b-5297-4872-2a98-1ef97e124515" executionId="2e71f738-7ad2-4f21-b179-1bdfcea0b07b" testListId="8c84fa94-04c1-424b-9868-57a2d4851a1d" />
    <TestEntry testId="33545399-79af-5e7f-5179-57fe5645f4be" executionId="ac230efa-6d8b-4782-8b3d-3d5d3fe7a3c5" testListId="8c84fa94-04c1-424b-9868-57a2d4851a1d" />
    <TestEntry testId="c180eeb5-df7f-187e-c74d-0f6d31acdec5" executionId="1398d978-0013-44ec-92f5-4c271b2c3254" testListId="8c84fa94-04c1-424b-9868-57a2d4851a1d" />
    <TestEntry testId="432377b9-b0ad-9a2a-6dc2-e1069e73c449" executionId="9d6dcc38-c757-43db-bb62-38e95c451b90" testListId="8c84fa94-04c1-424b-9868-57a2d4851a1d" />
    <TestEntry testId="8a5cc6e0-e73e-2131-64bd-e73fc6c2a32e" executionId="08414efb-9811-46f7-9b02-70ac41436836" testListId="8c84fa94-04c1-424b-9868-57a2d4851a1d" />
    <TestEntry testId="5bee9d0e-89de-7b6d-4317-0a11342b1d29" executionId="98f65470-e80b-4284-8d9b-d52f17d8c46c" testListId="8c84fa94-04c1-424b-9868-57a2d4851a1d" />
    <TestEntry testId="9af963da-8209-d683-34a5-be793bc59993" executionId="ab8781df-c270-4e4b-8475-67f038a46466" testListId="8c84fa94-04c1-424b-9868-57a2d4851a1d" />
    <TestEntry testId="ab527057-69f2-0a9a-89fd-18928a3920fd" executionId="ec6e74a1-5daf-45db-9388-390c6f089a62" testListId="8c84fa94-04c1-424b-9868-57a2d4851a1d" />
    <TestEntry testId="5e237822-3b9d-da27-9221-3ae1f5eb15b0" executionId="d9f9b84a-909f-450f-8bd7-cc1cec4c3068" testListId="8c84fa94-04c1-424b-9868-57a2d4851a1d" />
    <TestEntry testId="579b7361-19a9-f329-acb3-de102dcfc793" executionId="4bc7d413-3237-4e3f-bc22-822fec6b93ef" testListId="8c84fa94-04c1-424b-9868-57a2d4851a1d" />
    <TestEntry testId="0b00f09d-f7e4-fb1e-68ad-8102cf6143e0" executionId="d59498bc-ff33-4c86-95b8-40f9d02d9d31" testListId="8c84fa94-04c1-424b-9868-57a2d4851a1d" />
    <TestEntry testId="320700ce-aa3b-5818-fb18-706cf7605472" executionId="de89cc5c-2ef1-48ac-9abc-ceb7669ac4e8" testListId="8c84fa94-04c1-424b-9868-57a2d4851a1d" />
    <TestEntry testId="9064672f-1220-7bc0-f2b0-c66c74cccc5e" executionId="6307a507-bb51-4b86-bf7e-8d1f098746fe" testListId="8c84fa94-04c1-424b-9868-57a2d4851a1d" />
    <TestEntry testId="1c5de28c-f1b3-c94d-8e43-201eab8c2ff8" executionId="6885c450-1acd-4631-bd62-54fcb917a924" testListId="8c84fa94-04c1-424b-9868-57a2d4851a1d" />
    <TestEntry testId="ee30e1f9-ce80-c70a-1b56-b7e02750ae26" executionId="a7173132-d782-4edb-9961-3a8b72af90df" testListId="8c84fa94-04c1-424b-9868-57a2d4851a1d" />
    <TestEntry testId="c09577a6-adca-ef94-40b5-45575ad65e4f" executionId="43ba7bd0-0ed4-45dc-b400-29e1326ce41b" testListId="8c84fa94-04c1-424b-9868-57a2d4851a1d" />
    <TestEntry testId="678a7b5d-e2f9-09be-f35f-0e3e4d5ad033" executionId="492cf161-b004-4770-b927-1317f4cc56c0" testListId="8c84fa94-04c1-424b-9868-57a2d4851a1d" />
    <TestEntry testId="a2b6017f-838f-c435-81c1-a75dd92108eb" executionId="3d4eb061-bc67-4e35-ae90-3f9db05f68c7" testListId="8c84fa94-04c1-424b-9868-57a2d4851a1d" />
    <TestEntry testId="15fe55e5-cdce-6280-ea15-ef777735767c" executionId="9abca4d3-8c28-4324-9453-dd78fede69fc" testListId="8c84fa94-04c1-424b-9868-57a2d4851a1d" />
  </TestEntries>
  <TestLists>
    <TestList name="Resultados sin formato de lista" id="8c84fa94-04c1-424b-9868-57a2d4851a1d" />
    <TestList name="Todos los resultados cargados" id="19431567-8539-422a-85d7-44ee4e166bda" />
  </TestLists>
  <ResultSummary outcome="Completed">
    <Counters total="442" executed="442" passed="442" failed="0" error="0" timeout="0" aborted="0" inconclusive="0" passedButRunAborted="0" notRunnable="0" notExecuted="0" disconnected="0" warning="0" completed="0" inProgress="0" pending="0" />
  </ResultSummary>
</TestRun>