<?xml version="1.0" encoding="utf-8"?>
<TestRun id="29f65dd7-533d-4787-97d1-ebabeb6a4d70" name="sferrari@PC-SFERRARI 2021-05-07 09:57:29" runUser="PC-SFERRARI\sferrari" xmlns="http://microsoft.com/schemas/VisualStudio/TeamTest/2010">
  <Times creation="2021-05-07T09:57:29.4657610+01:00" queuing="2021-05-07T09:57:29.4657625+01:00" start="2021-05-07T09:57:27.7956830+01:00" finish="2021-05-07T09:57:30.8199666+01:00" />
  <TestSettings name="default" id="87ce26ad-038b-4be6-ae56-cfbe8116a0f6">
    <Deployment runDeploymentRoot="sferrari_PC-SFERRARI_2021-05-07_09_57_29" />
  </TestSettings>
  <Results>
    <UnitTestResult executionId="3a0d2026-0bf9-46d5-a396-2953d58ad752" testId="ede15cdf-3d1b-3e1a-18dc-485a2d50fe42" testName="ToFormat_Passing_ValidTimeSpanValue_Returns_ValueWithFormatString" computerName="PC-SFERRARI" duration="00:00:00.0005364" startTime="2021-05-07T09:57:30.5512530+01:00" endTime="2021-05-07T09:57:30.5520819+01:00" testType="13cdc9d9-ddb5-4fa4-a97d-d965ccfc6d4b" outcome="Passed" testListId="8c84fa94-04c1-424b-9868-57a2d4851a1d" relativeResultsDirectory="3a0d2026-0bf9-46d5-a396-2953d58ad752" />
    <UnitTestResult executionId="a1726918-6c5b-4287-a057-e105e08b7dbf" testId="7dc20d31-477c-3765-83c0-7575a504da96" testName="ToNormalize_Passing_ValidValue_Returns_NormalizedValue" computerName="PC-SFERRARI" duration="00:00:00.0009374" startTime="2021-05-07T09:57:30.2089459+01:00" endTime="2021-05-07T09:57:30.2100317+01:00" testType="13cdc9d9-ddb5-4fa4-a97d-d965ccfc6d4b" outcome="Passed" testListId="8c84fa94-04c1-424b-9868-57a2d4851a1d" relativeResultsDirectory="a1726918-6c5b-4287-a057-e105e08b7dbf" resultType="DataDrivenTest">
      <InnerResults>
        <UnitTestResult executionId="c255c0a7-91a1-4f85-866e-b2b148e64ebe" parentExecutionId="a1726918-6c5b-4287-a057-e105e08b7dbf" testId="7dc20d31-477c-3765-83c0-7575a504da96" testName="ToNormalize_Passing_ValidValue_Returns_NormalizedValue ( ,)" computerName="PC-SFERRARI" duration="00:00:00.0002128" startTime="2021-05-07T09:57:30.2089459+01:00" endTime="2021-05-07T09:57:30.2100317+01:00" testType="13cdc9d9-ddb5-4fa4-a97d-d965ccfc6d4b" outcome="Passed" testListId="8c84fa94-04c1-424b-9868-57a2d4851a1d" relativeResultsDirectory="c255c0a7-91a1-4f85-866e-b2b148e64ebe" dataRowInfo="1" resultType="DataDrivenDataRow" />
        <UnitTestResult executionId="fd7e3753-b249-4e29-8d54-753348fa2234" parentExecutionId="a1726918-6c5b-4287-a057-e105e08b7dbf" testId="7dc20d31-477c-3765-83c0-7575a504da96" testName="ToNormalize_Passing_ValidValue_Returns_NormalizedValue (àáäâãøçħ,aaaaaoch)" computerName="PC-SFERRARI" duration="00:00:00.0000273" startTime="2021-05-07T09:57:30.2089459+01:00" endTime="2021-05-07T09:57:30.2100317+01:00" testType="13cdc9d9-ddb5-4fa4-a97d-d965ccfc6d4b" outcome="Passed" testListId="8c84fa94-04c1-424b-9868-57a2d4851a1d" relativeResultsDirectory="fd7e3753-b249-4e29-8d54-753348fa2234" dataRowInfo="2" resultType="DataDrivenDataRow" />
        <UnitTestResult executionId="3c020df6-0055-485f-a3c5-43761cf7a45f" parentExecutionId="a1726918-6c5b-4287-a057-e105e08b7dbf" testId="7dc20d31-477c-3765-83c0-7575a504da96" testName="ToNormalize_Passing_ValidValue_Returns_NormalizedValue ( àáäâ ãøçħ ,aaaa aoch)" computerName="PC-SFERRARI" duration="00:00:00.0000239" startTime="2021-05-07T09:57:30.2089459+01:00" endTime="2021-05-07T09:57:30.2100317+01:00" testType="13cdc9d9-ddb5-4fa4-a97d-d965ccfc6d4b" outcome="Passed" testListId="8c84fa94-04c1-424b-9868-57a2d4851a1d" relativeResultsDirectory="3c020df6-0055-485f-a3c5-43761cf7a45f" dataRowInfo="3" resultType="DataDrivenDataRow" />
        <UnitTestResult executionId="92a8993f-7e1b-4c86-8e55-ed82912f186d" parentExecutionId="a1726918-6c5b-4287-a057-e105e08b7dbf" testId="7dc20d31-477c-3765-83c0-7575a504da96" testName="ToNormalize_Passing_ValidValue_Returns_NormalizedValue (*¨^_:-?¿;,)" computerName="PC-SFERRARI" duration="00:00:00.0000222" startTime="2021-05-07T09:57:30.2089459+01:00" endTime="2021-05-07T09:57:30.2100317+01:00" testType="13cdc9d9-ddb5-4fa4-a97d-d965ccfc6d4b" outcome="Passed" testListId="8c84fa94-04c1-424b-9868-57a2d4851a1d" relativeResultsDirectory="92a8993f-7e1b-4c86-8e55-ed82912f186d" dataRowInfo="4" resultType="DataDrivenDataRow" />
        <UnitTestResult executionId="f890b81d-9ef0-48fa-b373-bf59fcfbcd3e" parentExecutionId="a1726918-6c5b-4287-a057-e105e08b7dbf" testId="7dc20d31-477c-3765-83c0-7575a504da96" testName="ToNormalize_Passing_ValidValue_Returns_NormalizedValue ( * ¨ ^ _ : - ? ¿ ; ,)" computerName="PC-SFERRARI" duration="00:00:00.0000262" startTime="2021-05-07T09:57:30.2089459+01:00" endTime="2021-05-07T09:57:30.2100317+01:00" testType="13cdc9d9-ddb5-4fa4-a97d-d965ccfc6d4b" outcome="Passed" testListId="8c84fa94-04c1-424b-9868-57a2d4851a1d" relativeResultsDirectory="f890b81d-9ef0-48fa-b373-bf59fcfbcd3e" dataRowInfo="5" resultType="DataDrivenDataRow" />
        <UnitTestResult executionId="859a69d3-4763-4f18-873e-a9a6d21f606f" parentExecutionId="a1726918-6c5b-4287-a057-e105e08b7dbf" testId="7dc20d31-477c-3765-83c0-7575a504da96" testName="ToNormalize_Passing_ValidValue_Returns_NormalizedValue (àáäâã,aaaaa)" computerName="PC-SFERRARI" duration="00:00:00.0000165" startTime="2021-05-07T09:57:30.2089459+01:00" endTime="2021-05-07T09:57:30.2100317+01:00" testType="13cdc9d9-ddb5-4fa4-a97d-d965ccfc6d4b" outcome="Passed" testListId="8c84fa94-04c1-424b-9868-57a2d4851a1d" relativeResultsDirectory="859a69d3-4763-4f18-873e-a9a6d21f606f" dataRowInfo="6" resultType="DataDrivenDataRow" />
        <UnitTestResult executionId="44fd6a39-372a-4ec6-a4d3-e5fd8e4b47f9" parentExecutionId="a1726918-6c5b-4287-a057-e105e08b7dbf" testId="7dc20d31-477c-3765-83c0-7575a504da96" testName="ToNormalize_Passing_ValidValue_Returns_NormalizedValue (ÀÁÄÂÃ,AAAAA)" computerName="PC-SFERRARI" duration="00:00:00.0000157" startTime="2021-05-07T09:57:30.2089459+01:00" endTime="2021-05-07T09:57:30.2100317+01:00" testType="13cdc9d9-ddb5-4fa4-a97d-d965ccfc6d4b" outcome="Passed" testListId="8c84fa94-04c1-424b-9868-57a2d4851a1d" relativeResultsDirectory="44fd6a39-372a-4ec6-a4d3-e5fd8e4b47f9" dataRowInfo="7" resultType="DataDrivenDataRow" />
        <UnitTestResult executionId="b74769ad-131c-49c4-b99a-b64459187381" parentExecutionId="a1726918-6c5b-4287-a057-e105e08b7dbf" testId="7dc20d31-477c-3765-83c0-7575a504da96" testName="ToNormalize_Passing_ValidValue_Returns_NormalizedValue (ç,c)" computerName="PC-SFERRARI" duration="00:00:00.0000153" startTime="2021-05-07T09:57:30.2089459+01:00" endTime="2021-05-07T09:57:30.2100317+01:00" testType="13cdc9d9-ddb5-4fa4-a97d-d965ccfc6d4b" outcome="Passed" testListId="8c84fa94-04c1-424b-9868-57a2d4851a1d" relativeResultsDirectory="b74769ad-131c-49c4-b99a-b64459187381" dataRowInfo="8" resultType="DataDrivenDataRow" />
        <UnitTestResult executionId="7106fa3a-948a-4cb3-a1fc-9ada3dfc2555" parentExecutionId="a1726918-6c5b-4287-a057-e105e08b7dbf" testId="7dc20d31-477c-3765-83c0-7575a504da96" testName="ToNormalize_Passing_ValidValue_Returns_NormalizedValue (Ç,C)" computerName="PC-SFERRARI" duration="00:00:00.0000146" startTime="2021-05-07T09:57:30.2089459+01:00" endTime="2021-05-07T09:57:30.2100317+01:00" testType="13cdc9d9-ddb5-4fa4-a97d-d965ccfc6d4b" outcome="Passed" testListId="8c84fa94-04c1-424b-9868-57a2d4851a1d" relativeResultsDirectory="7106fa3a-948a-4cb3-a1fc-9ada3dfc2555" dataRowInfo="9" resultType="DataDrivenDataRow" />
        <UnitTestResult executionId="602e8276-3731-49cc-a6c8-dbb9c25a393b" parentExecutionId="a1726918-6c5b-4287-a057-e105e08b7dbf" testId="7dc20d31-477c-3765-83c0-7575a504da96" testName="ToNormalize_Passing_ValidValue_Returns_NormalizedValue (èéëê,eeee)" computerName="PC-SFERRARI" duration="00:00:00.0000245" startTime="2021-05-07T09:57:30.2089459+01:00" endTime="2021-05-07T09:57:30.2100317+01:00" testType="13cdc9d9-ddb5-4fa4-a97d-d965ccfc6d4b" outcome="Passed" testListId="8c84fa94-04c1-424b-9868-57a2d4851a1d" relativeResultsDirectory="602e8276-3731-49cc-a6c8-dbb9c25a393b" dataRowInfo="10" resultType="DataDrivenDataRow" />
        <UnitTestResult executionId="d7019bfc-8c3c-49c2-a788-85b5deeaee31" parentExecutionId="a1726918-6c5b-4287-a057-e105e08b7dbf" testId="7dc20d31-477c-3765-83c0-7575a504da96" testName="ToNormalize_Passing_ValidValue_Returns_NormalizedValue (ÈÉËÊ,EEEE)" computerName="PC-SFERRARI" duration="00:00:00.0000157" startTime="2021-05-07T09:57:30.2089459+01:00" endTime="2021-05-07T09:57:30.2100317+01:00" testType="13cdc9d9-ddb5-4fa4-a97d-d965ccfc6d4b" outcome="Passed" testListId="8c84fa94-04c1-424b-9868-57a2d4851a1d" relativeResultsDirectory="d7019bfc-8c3c-49c2-a788-85b5deeaee31" dataRowInfo="11" resultType="DataDrivenDataRow" />
        <UnitTestResult executionId="c5f372bb-8f60-4f88-a4f3-2df2a7e7b465" parentExecutionId="a1726918-6c5b-4287-a057-e105e08b7dbf" testId="7dc20d31-477c-3765-83c0-7575a504da96" testName="ToNormalize_Passing_ValidValue_Returns_NormalizedValue (ìíïî,iiii)" computerName="PC-SFERRARI" duration="00:00:00.0000153" startTime="2021-05-07T09:57:30.2089459+01:00" endTime="2021-05-07T09:57:30.2100317+01:00" testType="13cdc9d9-ddb5-4fa4-a97d-d965ccfc6d4b" outcome="Passed" testListId="8c84fa94-04c1-424b-9868-57a2d4851a1d" relativeResultsDirectory="c5f372bb-8f60-4f88-a4f3-2df2a7e7b465" dataRowInfo="12" resultType="DataDrivenDataRow" />
        <UnitTestResult executionId="d04d4930-37d8-47de-ae07-daa72fed9fe0" parentExecutionId="a1726918-6c5b-4287-a057-e105e08b7dbf" testId="7dc20d31-477c-3765-83c0-7575a504da96" testName="ToNormalize_Passing_ValidValue_Returns_NormalizedValue (Malmö,Malmo)" computerName="PC-SFERRARI" duration="00:00:00.0000150" startTime="2021-05-07T09:57:30.2089459+01:00" endTime="2021-05-07T09:57:30.2100317+01:00" testType="13cdc9d9-ddb5-4fa4-a97d-d965ccfc6d4b" outcome="Passed" testListId="8c84fa94-04c1-424b-9868-57a2d4851a1d" relativeResultsDirectory="d04d4930-37d8-47de-ae07-daa72fed9fe0" dataRowInfo="13" resultType="DataDrivenDataRow" />
        <UnitTestResult executionId="691897b8-db64-48a4-a2f7-3970f78a2a47" parentExecutionId="a1726918-6c5b-4287-a057-e105e08b7dbf" testId="7dc20d31-477c-3765-83c0-7575a504da96" testName="ToNormalize_Passing_ValidValue_Returns_NormalizedValue (Münçhen,Munchen)" computerName="PC-SFERRARI" duration="00:00:00.0000150" startTime="2021-05-07T09:57:30.2089459+01:00" endTime="2021-05-07T09:57:30.2100317+01:00" testType="13cdc9d9-ddb5-4fa4-a97d-d965ccfc6d4b" outcome="Passed" testListId="8c84fa94-04c1-424b-9868-57a2d4851a1d" relativeResultsDirectory="691897b8-db64-48a4-a2f7-3970f78a2a47" dataRowInfo="14" resultType="DataDrivenDataRow" />
        <UnitTestResult executionId="a892524f-7afa-4d25-a645-fb01ccb1a022" parentExecutionId="a1726918-6c5b-4287-a057-e105e08b7dbf" testId="7dc20d31-477c-3765-83c0-7575a504da96" testName="ToNormalize_Passing_ValidValue_Returns_NormalizedValue (Åge,Age)" computerName="PC-SFERRARI" duration="00:00:00.0000146" startTime="2021-05-07T09:57:30.2089459+01:00" endTime="2021-05-07T09:57:30.2100317+01:00" testType="13cdc9d9-ddb5-4fa4-a97d-d965ccfc6d4b" outcome="Passed" testListId="8c84fa94-04c1-424b-9868-57a2d4851a1d" relativeResultsDirectory="a892524f-7afa-4d25-a645-fb01ccb1a022" dataRowInfo="15" resultType="DataDrivenDataRow" />
        <UnitTestResult executionId="c2da22bd-4cf2-48a7-ba74-05f92044d0a4" parentExecutionId="a1726918-6c5b-4287-a057-e105e08b7dbf" testId="7dc20d31-477c-3765-83c0-7575a504da96" testName="ToNormalize_Passing_ValidValue_Returns_NormalizedValue (Strømsgodset,Stromsgodset)" computerName="PC-SFERRARI" duration="00:00:00.0000147" startTime="2021-05-07T09:57:30.2089459+01:00" endTime="2021-05-07T09:57:30.2100317+01:00" testType="13cdc9d9-ddb5-4fa4-a97d-d965ccfc6d4b" outcome="Passed" testListId="8c84fa94-04c1-424b-9868-57a2d4851a1d" relativeResultsDirectory="c2da22bd-4cf2-48a7-ba74-05f92044d0a4" dataRowInfo="16" resultType="DataDrivenDataRow" />
        <UnitTestResult executionId="eee5ccd9-f4ab-4a5a-8096-9f162c2b36b9" parentExecutionId="a1726918-6c5b-4287-a057-e105e08b7dbf" testId="7dc20d31-477c-3765-83c0-7575a504da96" testName="ToNormalize_Passing_ValidValue_Returns_NormalizedValue (Kulħadd,Kulhadd)" computerName="PC-SFERRARI" duration="00:00:00.0000149" startTime="2021-05-07T09:57:30.2089459+01:00" endTime="2021-05-07T09:57:30.2100317+01:00" testType="13cdc9d9-ddb5-4fa4-a97d-d965ccfc6d4b" outcome="Passed" testListId="8c84fa94-04c1-424b-9868-57a2d4851a1d" relativeResultsDirectory="eee5ccd9-f4ab-4a5a-8096-9f162c2b36b9" dataRowInfo="17" resultType="DataDrivenDataRow" />
        <UnitTestResult executionId="64440060-d449-46ad-9ce1-1398e1d0281a" parentExecutionId="a1726918-6c5b-4287-a057-e105e08b7dbf" testId="7dc20d31-477c-3765-83c0-7575a504da96" testName="ToNormalize_Passing_ValidValue_Returns_NormalizedValue (héllo,hello)" computerName="PC-SFERRARI" duration="00:00:00.0000149" startTime="2021-05-07T09:57:30.2089459+01:00" endTime="2021-05-07T09:57:30.2100317+01:00" testType="13cdc9d9-ddb5-4fa4-a97d-d965ccfc6d4b" outcome="Passed" testListId="8c84fa94-04c1-424b-9868-57a2d4851a1d" relativeResultsDirectory="64440060-d449-46ad-9ce1-1398e1d0281a" dataRowInfo="18" resultType="DataDrivenDataRow" />
        <UnitTestResult executionId="abb02896-1c70-4953-b183-d6ba9a97c121" parentExecutionId="a1726918-6c5b-4287-a057-e105e08b7dbf" testId="7dc20d31-477c-3765-83c0-7575a504da96" testName="ToNormalize_Passing_ValidValue_Returns_NormalizedValue (Autobús,Autobus)" computerName="PC-SFERRARI" duration="00:00:00.0000149" startTime="2021-05-07T09:57:30.2089459+01:00" endTime="2021-05-07T09:57:30.2100317+01:00" testType="13cdc9d9-ddb5-4fa4-a97d-d965ccfc6d4b" outcome="Passed" testListId="8c84fa94-04c1-424b-9868-57a2d4851a1d" relativeResultsDirectory="abb02896-1c70-4953-b183-d6ba9a97c121" dataRowInfo="19" resultType="DataDrivenDataRow" />
        <UnitTestResult executionId="af0614d5-dd5f-4b6f-a022-3f1f05483e09" parentExecutionId="a1726918-6c5b-4287-a057-e105e08b7dbf" testId="7dc20d31-477c-3765-83c0-7575a504da96" testName="ToNormalize_Passing_ValidValue_Returns_NormalizedValue (i’ LL,i LL)" computerName="PC-SFERRARI" duration="00:00:00.0000163" startTime="2021-05-07T09:57:30.2089459+01:00" endTime="2021-05-07T09:57:30.2100317+01:00" testType="13cdc9d9-ddb5-4fa4-a97d-d965ccfc6d4b" outcome="Passed" testListId="8c84fa94-04c1-424b-9868-57a2d4851a1d" relativeResultsDirectory="af0614d5-dd5f-4b6f-a022-3f1f05483e09" dataRowInfo="20" resultType="DataDrivenDataRow" />
        <UnitTestResult executionId="796e3e08-40c1-4444-86b3-ef06e64556c6" parentExecutionId="a1726918-6c5b-4287-a057-e105e08b7dbf" testId="7dc20d31-477c-3765-83c0-7575a504da96" testName="ToNormalize_Passing_ValidValue_Returns_NormalizedValue (Mañana,Manana)" computerName="PC-SFERRARI" duration="00:00:00.0000159" startTime="2021-05-07T09:57:30.2089459+01:00" endTime="2021-05-07T09:57:30.2100317+01:00" testType="13cdc9d9-ddb5-4fa4-a97d-d965ccfc6d4b" outcome="Passed" testListId="8c84fa94-04c1-424b-9868-57a2d4851a1d" relativeResultsDirectory="796e3e08-40c1-4444-86b3-ef06e64556c6" dataRowInfo="21" resultType="DataDrivenDataRow" />
        <UnitTestResult executionId="409e0312-b8dc-458b-bf25-b02a2e6f7c4d" parentExecutionId="a1726918-6c5b-4287-a057-e105e08b7dbf" testId="7dc20d31-477c-3765-83c0-7575a504da96" testName="ToNormalize_Passing_ValidValue_Returns_NormalizedValue (The End,The End)" computerName="PC-SFERRARI" duration="00:00:00.0000220" startTime="2021-05-07T09:57:30.2089459+01:00" endTime="2021-05-07T09:57:30.2100317+01:00" testType="13cdc9d9-ddb5-4fa4-a97d-d965ccfc6d4b" outcome="Passed" testListId="8c84fa94-04c1-424b-9868-57a2d4851a1d" relativeResultsDirectory="409e0312-b8dc-458b-bf25-b02a2e6f7c4d" dataRowInfo="22" resultType="DataDrivenDataRow" />
        <UnitTestResult executionId="149528a3-b70c-478e-8e06-d04f7976d292" parentExecutionId="a1726918-6c5b-4287-a057-e105e08b7dbf" testId="7dc20d31-477c-3765-83c0-7575a504da96" testName="ToNormalize_Passing_ValidValue_Returns_NormalizedValue (ñ Ñ,n N)" computerName="PC-SFERRARI" duration="00:00:00.0000156" startTime="2021-05-07T09:57:30.2089459+01:00" endTime="2021-05-07T09:57:30.2100317+01:00" testType="13cdc9d9-ddb5-4fa4-a97d-d965ccfc6d4b" outcome="Passed" testListId="8c84fa94-04c1-424b-9868-57a2d4851a1d" relativeResultsDirectory="149528a3-b70c-478e-8e06-d04f7976d292" dataRowInfo="23" resultType="DataDrivenDataRow" />
      </InnerResults>
    </UnitTestResult>
    <UnitTestResult executionId="0529ed7d-0836-47c4-a532-c33a13b51732" testId="ab527057-69f2-0a9a-89fd-18928a3920fd" testName="ToHashAlgorithmName_Passing_InvalidValueStringWithDefaultValue_Returns_DefaultValue" computerName="PC-SFERRARI" duration="00:00:00.0002078" startTime="2021-05-07T09:57:30.3161935+01:00" endTime="2021-05-07T09:57:30.3164881+01:00" testType="13cdc9d9-ddb5-4fa4-a97d-d965ccfc6d4b" outcome="Passed" testListId="8c84fa94-04c1-424b-9868-57a2d4851a1d" relativeResultsDirectory="0529ed7d-0836-47c4-a532-c33a13b51732" resultType="DataDrivenTest">
      <InnerResults>
        <UnitTestResult executionId="a53e9aa4-3237-4bce-95ed-efcc22c53bad" parentExecutionId="0529ed7d-0836-47c4-a532-c33a13b51732" testId="ab527057-69f2-0a9a-89fd-18928a3920fd" testName="ToHashAlgorithmName_Passing_InvalidValueStringWithDefaultValue_Returns_DefaultValue (hhhhhh)" computerName="PC-SFERRARI" duration="00:00:00.0001680" startTime="2021-05-07T09:57:30.3161935+01:00" endTime="2021-05-07T09:57:30.3164881+01:00" testType="13cdc9d9-ddb5-4fa4-a97d-d965ccfc6d4b" outcome="Passed" testListId="8c84fa94-04c1-424b-9868-57a2d4851a1d" relativeResultsDirectory="a53e9aa4-3237-4bce-95ed-efcc22c53bad" dataRowInfo="1" resultType="DataDrivenDataRow" />
      </InnerResults>
    </UnitTestResult>
    <UnitTestResult executionId="c8533f34-3a5e-4c51-bb42-acfbbdb074b1" testId="5385d994-9594-6052-11cb-73f8d2344981" testName="ToPath_Passing_HttpRequest_Scheme_Host_Path_Returns_Url" computerName="PC-SFERRARI" duration="00:00:00.0049452" startTime="2021-05-07T09:57:29.7258495+01:00" endTime="2021-05-07T09:57:29.7309665+01:00" testType="13cdc9d9-ddb5-4fa4-a97d-d965ccfc6d4b" outcome="Passed" testListId="8c84fa94-04c1-424b-9868-57a2d4851a1d" relativeResultsDirectory="c8533f34-3a5e-4c51-bb42-acfbbdb074b1" />
    <UnitTestResult executionId="6ef7eb02-cffb-47d5-94ce-df4ad7a59a77" testId="5bee9d0e-89de-7b6d-4317-0a11342b1d29" testName="ToIPv6_Passing_HttpContext_IP_Value_Returns_IP" computerName="PC-SFERRARI" duration="00:00:00.0014903" startTime="2021-05-07T09:57:29.6498866+01:00" endTime="2021-05-07T09:57:29.6516475+01:00" testType="13cdc9d9-ddb5-4fa4-a97d-d965ccfc6d4b" outcome="Passed" testListId="8c84fa94-04c1-424b-9868-57a2d4851a1d" relativeResultsDirectory="6ef7eb02-cffb-47d5-94ce-df4ad7a59a77" />
    <UnitTestResult executionId="b36879b9-ec9e-4285-9d23-3ae7ab62dadb" testId="f828057e-351a-48b7-0028-e57f15c7217e" testName="ToDefaultValue_Passing_uint_Returns_Cero" computerName="PC-SFERRARI" duration="00:00:00.0003050" startTime="2021-05-07T09:57:29.6327996+01:00" endTime="2021-05-07T09:57:29.6331973+01:00" testType="13cdc9d9-ddb5-4fa4-a97d-d965ccfc6d4b" outcome="Passed" testListId="8c84fa94-04c1-424b-9868-57a2d4851a1d" relativeResultsDirectory="b36879b9-ec9e-4285-9d23-3ae7ab62dadb" resultType="DataDrivenTest">
      <InnerResults>
        <UnitTestResult executionId="96bdda97-e132-4241-83bb-6da33da17ebb" parentExecutionId="b36879b9-ec9e-4285-9d23-3ae7ab62dadb" testId="f828057e-351a-48b7-0028-e57f15c7217e" testName="ToDefaultValue_Passing_uint_Returns_Cero (4294967295)" computerName="PC-SFERRARI" duration="00:00:00.0002502" startTime="2021-05-07T09:57:29.6327996+01:00" endTime="2021-05-07T09:57:29.6331973+01:00" testType="13cdc9d9-ddb5-4fa4-a97d-d965ccfc6d4b" outcome="Passed" testListId="8c84fa94-04c1-424b-9868-57a2d4851a1d" relativeResultsDirectory="96bdda97-e132-4241-83bb-6da33da17ebb" dataRowInfo="1" resultType="DataDrivenDataRow" />
      </InnerResults>
    </UnitTestResult>
    <UnitTestResult executionId="b1107f4c-aaaf-411d-8a53-b9024a075996" testId="0e702ef4-7e85-bcb3-3879-32ee56a27932" testName="IsName_Passing_ValidArguments_Returns_HasErrorsAndCount" computerName="PC-SFERRARI" duration="00:00:00.0002620" startTime="2021-05-07T09:57:30.5986914+01:00" endTime="2021-05-07T09:57:30.5990986+01:00" testType="13cdc9d9-ddb5-4fa4-a97d-d965ccfc6d4b" outcome="Passed" testListId="8c84fa94-04c1-424b-9868-57a2d4851a1d" relativeResultsDirectory="b1107f4c-aaaf-411d-8a53-b9024a075996" />
    <UnitTestResult executionId="7c1ad676-e0fa-4948-8583-1a6d92192742" testId="c30c24fa-9dc6-1db9-fc63-cb77f851732c" testName="ResultErrorData_WithTitle_WithStatusCode_WithDetails_WithExceptionType_WithMessages_WithErrors" computerName="PC-SFERRARI" duration="00:00:00.0064937" startTime="2021-05-07T09:57:30.7189396+01:00" endTime="2021-05-07T09:57:30.7255867+01:00" testType="13cdc9d9-ddb5-4fa4-a97d-d965ccfc6d4b" outcome="Passed" testListId="8c84fa94-04c1-424b-9868-57a2d4851a1d" relativeResultsDirectory="7c1ad676-e0fa-4948-8583-1a6d92192742" />
    <UnitTestResult executionId="aeb6ae3f-7a5e-4826-97cf-90aa9b1f8283" testId="d5506b30-7041-6d90-bd03-bcd5b2479c40" testName="ToHashAlgorithmName_Passing_InvalidValueLowerCaseStringWithDefaultValue_Returns_DefaultValue" computerName="PC-SFERRARI" duration="00:00:00.0002214" startTime="2021-05-07T09:57:30.3155404+01:00" endTime="2021-05-07T09:57:30.3158509+01:00" testType="13cdc9d9-ddb5-4fa4-a97d-d965ccfc6d4b" outcome="Passed" testListId="8c84fa94-04c1-424b-9868-57a2d4851a1d" relativeResultsDirectory="aeb6ae3f-7a5e-4826-97cf-90aa9b1f8283" resultType="DataDrivenTest">
      <InnerResults>
        <UnitTestResult executionId="018d14bd-972a-498b-8e1e-e017ff087743" parentExecutionId="aeb6ae3f-7a5e-4826-97cf-90aa9b1f8283" testId="d5506b30-7041-6d90-bd03-bcd5b2479c40" testName="ToHashAlgorithmName_Passing_InvalidValueLowerCaseStringWithDefaultValue_Returns_DefaultValue (md5)" computerName="PC-SFERRARI" duration="00:00:00.0001818" startTime="2021-05-07T09:57:30.3155404+01:00" endTime="2021-05-07T09:57:30.3158509+01:00" testType="13cdc9d9-ddb5-4fa4-a97d-d965ccfc6d4b" outcome="Passed" testListId="8c84fa94-04c1-424b-9868-57a2d4851a1d" relativeResultsDirectory="018d14bd-972a-498b-8e1e-e017ff087743" dataRowInfo="1" resultType="DataDrivenDataRow" />
      </InnerResults>
    </UnitTestResult>
    <UnitTestResult executionId="c397806f-d56a-4618-907a-7ee167a808f5" testId="e8138724-52f6-6999-ada4-cbc441f2cd15" testName="ToEmailMaskUserNameAndDomain_Passing_ValidEmail_Returns_EmailWithMask" computerName="PC-SFERRARI" duration="00:00:00.0004641" startTime="2021-05-07T09:57:30.2485626+01:00" endTime="2021-05-07T09:57:30.2491696+01:00" testType="13cdc9d9-ddb5-4fa4-a97d-d965ccfc6d4b" outcome="Passed" testListId="8c84fa94-04c1-424b-9868-57a2d4851a1d" relativeResultsDirectory="c397806f-d56a-4618-907a-7ee167a808f5" resultType="DataDrivenTest">
      <InnerResults>
        <UnitTestResult executionId="5001290c-e308-418c-9ce8-cf2592e89287" parentExecutionId="c397806f-d56a-4618-907a-7ee167a808f5" testId="e8138724-52f6-6999-ada4-cbc441f2cd15" testName="ToEmailMaskUserNameAndDomain_Passing_ValidEmail_Returns_EmailWithMask (qaz@gmail.com,q*z@g***l.com)" computerName="PC-SFERRARI" duration="00:00:00.0003016" startTime="2021-05-07T09:57:30.2485626+01:00" endTime="2021-05-07T09:57:30.2491696+01:00" testType="13cdc9d9-ddb5-4fa4-a97d-d965ccfc6d4b" outcome="Passed" testListId="8c84fa94-04c1-424b-9868-57a2d4851a1d" relativeResultsDirectory="5001290c-e308-418c-9ce8-cf2592e89287" dataRowInfo="1" resultType="DataDrivenDataRow" />
        <UnitTestResult executionId="2ef24b94-43cb-4a59-add5-3e6297ee2248" parentExecutionId="c397806f-d56a-4618-907a-7ee167a808f5" testId="e8138724-52f6-6999-ada4-cbc441f2cd15" testName="ToEmailMaskUserNameAndDomain_Passing_ValidEmail_Returns_EmailWithMask (qazwsx@gmail.com,q****x@g***l.com)" computerName="PC-SFERRARI" duration="00:00:00.0000125" startTime="2021-05-07T09:57:30.2485626+01:00" endTime="2021-05-07T09:57:30.2491696+01:00" testType="13cdc9d9-ddb5-4fa4-a97d-d965ccfc6d4b" outcome="Passed" testListId="8c84fa94-04c1-424b-9868-57a2d4851a1d" relativeResultsDirectory="2ef24b94-43cb-4a59-add5-3e6297ee2248" dataRowInfo="2" resultType="DataDrivenDataRow" />
        <UnitTestResult executionId="768db261-96b2-4d27-bf40-411597ae60e1" parentExecutionId="c397806f-d56a-4618-907a-7ee167a808f5" testId="e8138724-52f6-6999-ada4-cbc441f2cd15" testName="ToEmailMaskUserNameAndDomain_Passing_ValidEmail_Returns_EmailWithMask (qazwsxedc@gmail.com,q*******c@g***l.com)" computerName="PC-SFERRARI" duration="00:00:00.0000117" startTime="2021-05-07T09:57:30.2485626+01:00" endTime="2021-05-07T09:57:30.2491696+01:00" testType="13cdc9d9-ddb5-4fa4-a97d-d965ccfc6d4b" outcome="Passed" testListId="8c84fa94-04c1-424b-9868-57a2d4851a1d" relativeResultsDirectory="768db261-96b2-4d27-bf40-411597ae60e1" dataRowInfo="3" resultType="DataDrivenDataRow" />
        <UnitTestResult executionId="b9ec1dc9-977a-494e-8a6e-964b2d4e5600" parentExecutionId="c397806f-d56a-4618-907a-7ee167a808f5" testId="e8138724-52f6-6999-ada4-cbc441f2cd15" testName="ToEmailMaskUserNameAndDomain_Passing_ValidEmail_Returns_EmailWithMask (qaz@gmailgmail.com,q*z@g********l.com)" computerName="PC-SFERRARI" duration="00:00:00.0000103" startTime="2021-05-07T09:57:30.2485626+01:00" endTime="2021-05-07T09:57:30.2491696+01:00" testType="13cdc9d9-ddb5-4fa4-a97d-d965ccfc6d4b" outcome="Passed" testListId="8c84fa94-04c1-424b-9868-57a2d4851a1d" relativeResultsDirectory="b9ec1dc9-977a-494e-8a6e-964b2d4e5600" dataRowInfo="4" resultType="DataDrivenDataRow" />
        <UnitTestResult executionId="46ce928e-89ea-4331-a783-96c9c78ccaa1" parentExecutionId="c397806f-d56a-4618-907a-7ee167a808f5" testId="e8138724-52f6-6999-ada4-cbc441f2cd15" testName="ToEmailMaskUserNameAndDomain_Passing_ValidEmail_Returns_EmailWithMask (qazwsx@gmailgmail.com,q****x@g********l.com)" computerName="PC-SFERRARI" duration="00:00:00.0000117" startTime="2021-05-07T09:57:30.2485626+01:00" endTime="2021-05-07T09:57:30.2491696+01:00" testType="13cdc9d9-ddb5-4fa4-a97d-d965ccfc6d4b" outcome="Passed" testListId="8c84fa94-04c1-424b-9868-57a2d4851a1d" relativeResultsDirectory="46ce928e-89ea-4331-a783-96c9c78ccaa1" dataRowInfo="5" resultType="DataDrivenDataRow" />
        <UnitTestResult executionId="7fc6d74c-ae54-4a7c-9364-150a0044fb2b" parentExecutionId="c397806f-d56a-4618-907a-7ee167a808f5" testId="e8138724-52f6-6999-ada4-cbc441f2cd15" testName="ToEmailMaskUserNameAndDomain_Passing_ValidEmail_Returns_EmailWithMask (qazwsxedc@gmailgmail.com,q*******c@g********l.com)" computerName="PC-SFERRARI" duration="00:00:00.0000137" startTime="2021-05-07T09:57:30.2485626+01:00" endTime="2021-05-07T09:57:30.2491696+01:00" testType="13cdc9d9-ddb5-4fa4-a97d-d965ccfc6d4b" outcome="Passed" testListId="8c84fa94-04c1-424b-9868-57a2d4851a1d" relativeResultsDirectory="7fc6d74c-ae54-4a7c-9364-150a0044fb2b" dataRowInfo="6" resultType="DataDrivenDataRow" />
      </InnerResults>
    </UnitTestResult>
    <UnitTestResult executionId="fe5183f1-8e56-42cf-9f7a-adc1fe2c1f43" testId="bf48e581-43e6-7660-c4f4-1b7deb1f0ed9" testName="ToConfiguration_Passing_Valid_DirectoryPath_Invalid_JsonFileName_Not_Optional_Returns_ApplicationException" computerName="PC-SFERRARI" duration="00:00:00.0014100" startTime="2021-05-07T09:57:30.1260745+01:00" endTime="2021-05-07T09:57:30.1275910+01:00" testType="13cdc9d9-ddb5-4fa4-a97d-d965ccfc6d4b" outcome="Passed" testListId="8c84fa94-04c1-424b-9868-57a2d4851a1d" relativeResultsDirectory="fe5183f1-8e56-42cf-9f7a-adc1fe2c1f43" />
    <UnitTestResult executionId="5b993452-82a3-47ac-88c5-f6838eeba976" testId="a0fef65e-bc06-762d-4622-91d020572059" testName="ResultInternalServerError" computerName="PC-SFERRARI" duration="00:00:00.0005961" startTime="2021-05-07T09:57:30.6801109+01:00" endTime="2021-05-07T09:57:30.6808772+01:00" testType="13cdc9d9-ddb5-4fa4-a97d-d965ccfc6d4b" outcome="Passed" testListId="8c84fa94-04c1-424b-9868-57a2d4851a1d" relativeResultsDirectory="5b993452-82a3-47ac-88c5-f6838eeba976" />
    <UnitTestResult executionId="bb5c4e94-d3ac-42b0-b452-19da8fb62c78" testId="772d3145-280a-fb9f-03c2-247d0f593a66" testName="IsCustom_Passing_InvalidArguments_Returns_HasErrorsAndCount" computerName="PC-SFERRARI" duration="00:00:00.0061493" startTime="2021-05-07T09:57:30.5923835+01:00" endTime="2021-05-07T09:57:30.5986412+01:00" testType="13cdc9d9-ddb5-4fa4-a97d-d965ccfc6d4b" outcome="Passed" testListId="8c84fa94-04c1-424b-9868-57a2d4851a1d" relativeResultsDirectory="bb5c4e94-d3ac-42b0-b452-19da8fb62c78" />
    <UnitTestResult executionId="3f2942fe-9963-4c06-b840-b7fcecfe38ec" testId="fe683836-27ec-729e-5fe1-a9c2674a6d87" testName="IsRegexMatch_Passing_InvalidArguments_Returns_HasErrorsAndCount" computerName="PC-SFERRARI" duration="00:00:00.0002491" startTime="2021-05-07T09:57:30.5919927+01:00" endTime="2021-05-07T09:57:30.5923578+01:00" testType="13cdc9d9-ddb5-4fa4-a97d-d965ccfc6d4b" outcome="Passed" testListId="8c84fa94-04c1-424b-9868-57a2d4851a1d" relativeResultsDirectory="3f2942fe-9963-4c06-b840-b7fcecfe38ec" />
    <UnitTestResult executionId="0e2c2c13-f3af-4839-b3b3-07b3df3d5d20" testId="4234610b-215b-41f7-e61d-4a82851bdfa3" testName="ToDefaultValue_Passing_int_Returns_Cero" computerName="PC-SFERRARI" duration="00:00:00.0003942" startTime="2021-05-07T09:57:29.6322059+01:00" endTime="2021-05-07T09:57:29.6327507+01:00" testType="13cdc9d9-ddb5-4fa4-a97d-d965ccfc6d4b" outcome="Passed" testListId="8c84fa94-04c1-424b-9868-57a2d4851a1d" relativeResultsDirectory="0e2c2c13-f3af-4839-b3b3-07b3df3d5d20" resultType="DataDrivenTest">
      <InnerResults>
        <UnitTestResult executionId="39c1ef11-e668-4d2e-9f34-3b7d521c2ef0" parentExecutionId="0e2c2c13-f3af-4839-b3b3-07b3df3d5d20" testId="4234610b-215b-41f7-e61d-4a82851bdfa3" testName="ToDefaultValue_Passing_int_Returns_Cero (2147483647)" computerName="PC-SFERRARI" duration="00:00:00.0003314" startTime="2021-05-07T09:57:29.6322059+01:00" endTime="2021-05-07T09:57:29.6327507+01:00" testType="13cdc9d9-ddb5-4fa4-a97d-d965ccfc6d4b" outcome="Passed" testListId="8c84fa94-04c1-424b-9868-57a2d4851a1d" relativeResultsDirectory="39c1ef11-e668-4d2e-9f34-3b7d521c2ef0" dataRowInfo="1" resultType="DataDrivenDataRow" />
      </InnerResults>
    </UnitTestResult>
    <UnitTestResult executionId="4dcd7dfc-2a67-4493-af4e-8b9256e01485" testId="10024a68-25d4-872c-3e48-a6d6b2671494" testName="ToTryIPv6_Passing_HttpContext_IP_Value_Returns_IP" computerName="PC-SFERRARI" duration="00:00:00.0008016" startTime="2021-05-07T09:57:29.6517027+01:00" endTime="2021-05-07T09:57:29.6526880+01:00" testType="13cdc9d9-ddb5-4fa4-a97d-d965ccfc6d4b" outcome="Passed" testListId="8c84fa94-04c1-424b-9868-57a2d4851a1d" relativeResultsDirectory="4dcd7dfc-2a67-4493-af4e-8b9256e01485" />
    <UnitTestResult executionId="ad43a07b-cf06-49f8-b28c-6a24dfbf32fd" testId="b79ee054-2363-6600-c9a3-db00cdcc0f2c" testName="ResultUnauthorized" computerName="PC-SFERRARI" duration="00:00:00.0005767" startTime="2021-05-07T09:57:30.6793181+01:00" endTime="2021-05-07T09:57:30.6800662+01:00" testType="13cdc9d9-ddb5-4fa4-a97d-d965ccfc6d4b" outcome="Passed" testListId="8c84fa94-04c1-424b-9868-57a2d4851a1d" relativeResultsDirectory="ad43a07b-cf06-49f8-b28c-6a24dfbf32fd" />
    <UnitTestResult executionId="33633ec7-2648-40c8-bced-b7828a0f0abe" testId="605637df-9854-875b-b3aa-6675f3fbd045" testName="ToEnum_Passing_ValidValue_String_Returns_EnumValue" computerName="PC-SFERRARI" duration="00:00:00.0019943" startTime="2021-05-07T09:57:30.2308824+01:00" endTime="2021-05-07T09:57:30.2359207+01:00" testType="13cdc9d9-ddb5-4fa4-a97d-d965ccfc6d4b" outcome="Passed" testListId="8c84fa94-04c1-424b-9868-57a2d4851a1d" relativeResultsDirectory="33633ec7-2648-40c8-bced-b7828a0f0abe" />
    <UnitTestResult executionId="e7263085-8d33-4adc-b91a-39acea874527" testId="ae09f98c-257a-b9e5-5b0b-16344b7adf1c" testName="ToInt_Passing_ValidValueString_Returns_Int" computerName="PC-SFERRARI" duration="00:00:00.0004119" startTime="2021-05-07T09:57:30.3212284+01:00" endTime="2021-05-07T09:57:30.3217783+01:00" testType="13cdc9d9-ddb5-4fa4-a97d-d965ccfc6d4b" outcome="Passed" testListId="8c84fa94-04c1-424b-9868-57a2d4851a1d" relativeResultsDirectory="e7263085-8d33-4adc-b91a-39acea874527" resultType="DataDrivenTest">
      <InnerResults>
        <UnitTestResult executionId="ff57355c-1130-4c62-89c1-103f4c2075ae" parentExecutionId="e7263085-8d33-4adc-b91a-39acea874527" testId="ae09f98c-257a-b9e5-5b0b-16344b7adf1c" testName="ToInt_Passing_ValidValueString_Returns_Int (1234567890)" computerName="PC-SFERRARI" duration="00:00:00.0003580" startTime="2021-05-07T09:57:30.3212284+01:00" endTime="2021-05-07T09:57:30.3217783+01:00" testType="13cdc9d9-ddb5-4fa4-a97d-d965ccfc6d4b" outcome="Passed" testListId="8c84fa94-04c1-424b-9868-57a2d4851a1d" relativeResultsDirectory="ff57355c-1130-4c62-89c1-103f4c2075ae" dataRowInfo="1" resultType="DataDrivenDataRow" />
      </InnerResults>
    </UnitTestResult>
    <UnitTestResult executionId="2e93edfd-dc94-40f7-a199-f79f95ed344b" testId="0cb5eb43-9273-0bdf-bd18-53b184535503" testName="ToMessage_Passing_ExceptionWithMessage_Returns_Message" computerName="PC-SFERRARI" duration="00:00:00.0004944" startTime="2021-05-07T09:57:29.6167988+01:00" endTime="2021-05-07T09:57:29.6174949+01:00" testType="13cdc9d9-ddb5-4fa4-a97d-d965ccfc6d4b" outcome="Passed" testListId="8c84fa94-04c1-424b-9868-57a2d4851a1d" relativeResultsDirectory="2e93edfd-dc94-40f7-a199-f79f95ed344b" />
    <UnitTestResult executionId="7ca2843f-0e91-4ea8-a875-4787e98b1c78" testId="7a313c49-8adc-98e3-cdda-86b900f0ade6" testName="ToCompress_Passing_Value_Bytes_Returns_Value_Bytes" computerName="PC-SFERRARI" duration="00:00:00.0143874" startTime="2021-05-07T09:57:29.3871321+01:00" endTime="2021-05-07T09:57:29.4019235+01:00" testType="13cdc9d9-ddb5-4fa4-a97d-d965ccfc6d4b" outcome="Passed" testListId="8c84fa94-04c1-424b-9868-57a2d4851a1d" relativeResultsDirectory="7ca2843f-0e91-4ea8-a875-4787e98b1c78" />
    <UnitTestResult executionId="fac5d052-4291-4caa-b2d3-49562915d489" testId="aeb559a5-c285-7ab9-baee-1cb152d1742f" testName="ToDefaultValue_Passing_ulong_Returns_Cero" computerName="PC-SFERRARI" duration="00:00:00.0003297" startTime="2021-05-07T09:57:29.6336745+01:00" endTime="2021-05-07T09:57:29.6340849+01:00" testType="13cdc9d9-ddb5-4fa4-a97d-d965ccfc6d4b" outcome="Passed" testListId="8c84fa94-04c1-424b-9868-57a2d4851a1d" relativeResultsDirectory="fac5d052-4291-4caa-b2d3-49562915d489" resultType="DataDrivenTest">
      <InnerResults>
        <UnitTestResult executionId="24e07b5a-1635-459f-adc8-4b7c64e25d00" parentExecutionId="fac5d052-4291-4caa-b2d3-49562915d489" testId="aeb559a5-c285-7ab9-baee-1cb152d1742f" testName="ToDefaultValue_Passing_ulong_Returns_Cero (18446744073709551615)" computerName="PC-SFERRARI" duration="00:00:00.0002729" startTime="2021-05-07T09:57:29.6336745+01:00" endTime="2021-05-07T09:57:29.6340849+01:00" testType="13cdc9d9-ddb5-4fa4-a97d-d965ccfc6d4b" outcome="Passed" testListId="8c84fa94-04c1-424b-9868-57a2d4851a1d" relativeResultsDirectory="24e07b5a-1635-459f-adc8-4b7c64e25d00" dataRowInfo="1" resultType="DataDrivenDataRow" />
      </InnerResults>
    </UnitTestResult>
    <UnitTestResult executionId="760807f1-0d15-4ded-977f-6d0d9e0690ce" testId="a0ed43cd-0648-ddf9-c80e-52c6889ee049" testName="ToDictionaryPropertyInfo_Passing_Object_IncludeNullOrEmptyProperty_Returns_Properties_NameAndValue_Dictionary" computerName="PC-SFERRARI" duration="00:00:00.0004142" startTime="2021-05-07T09:57:29.6439746+01:00" endTime="2021-05-07T09:57:29.6444999+01:00" testType="13cdc9d9-ddb5-4fa4-a97d-d965ccfc6d4b" outcome="Passed" testListId="8c84fa94-04c1-424b-9868-57a2d4851a1d" relativeResultsDirectory="760807f1-0d15-4ded-977f-6d0d9e0690ce" />
    <UnitTestResult executionId="c3f9ac5e-be02-48ab-9638-001a5500a44a" testId="e0f7dcd9-f363-be9c-de11-457f6a575bee" testName="ToDefaultValue_Passing_float_Returns_Cero" computerName="PC-SFERRARI" duration="00:00:00.0004642" startTime="2021-05-07T09:57:29.6341147+01:00" endTime="2021-05-07T09:57:29.6346633+01:00" testType="13cdc9d9-ddb5-4fa4-a97d-d965ccfc6d4b" outcome="Passed" testListId="8c84fa94-04c1-424b-9868-57a2d4851a1d" relativeResultsDirectory="c3f9ac5e-be02-48ab-9638-001a5500a44a" resultType="DataDrivenTest">
      <InnerResults>
        <UnitTestResult executionId="206052fb-ac3d-43ba-8b66-1f1ae02d64fb" parentExecutionId="c3f9ac5e-be02-48ab-9638-001a5500a44a" testId="e0f7dcd9-f363-be9c-de11-457f6a575bee" testName="ToDefaultValue_Passing_float_Returns_Cero (3,4028235E+38)" computerName="PC-SFERRARI" duration="00:00:00.0002649" startTime="2021-05-07T09:57:29.6341147+01:00" endTime="2021-05-07T09:57:29.6346633+01:00" testType="13cdc9d9-ddb5-4fa4-a97d-d965ccfc6d4b" outcome="Passed" testListId="8c84fa94-04c1-424b-9868-57a2d4851a1d" relativeResultsDirectory="206052fb-ac3d-43ba-8b66-1f1ae02d64fb" dataRowInfo="1" resultType="DataDrivenDataRow" />
      </InnerResults>
    </UnitTestResult>
    <UnitTestResult executionId="d6630f15-5541-48a2-9f9f-d720782731a5" testId="6bd61990-78b5-76ea-0df5-0c13c388bdc0" testName="ToWhere_Passing_Null_Predicate_Returns_Same_List" computerName="PC-SFERRARI" duration="00:00:00.0031796" startTime="2021-05-07T09:57:30.0808292+01:00" endTime="2021-05-07T09:57:30.0843474+01:00" testType="13cdc9d9-ddb5-4fa4-a97d-d965ccfc6d4b" outcome="Passed" testListId="8c84fa94-04c1-424b-9868-57a2d4851a1d" relativeResultsDirectory="d6630f15-5541-48a2-9f9f-d720782731a5" />
    <UnitTestResult executionId="e5e375e2-e6b8-451f-a20b-019f3d3a2ff5" testId="e1a72c94-958d-7abb-4a96-4b60b12f8157" testName="ToFullMessage_Passing_ExceptionWithMessageWithInnerException_Returns_Full_Message" computerName="PC-SFERRARI" duration="00:00:00.0034070" startTime="2021-05-07T09:57:29.6219453+01:00" endTime="2021-05-07T09:57:29.6255665+01:00" testType="13cdc9d9-ddb5-4fa4-a97d-d965ccfc6d4b" outcome="Passed" testListId="8c84fa94-04c1-424b-9868-57a2d4851a1d" relativeResultsDirectory="e5e375e2-e6b8-451f-a20b-019f3d3a2ff5" />
    <UnitTestResult executionId="d39f6ec4-0c64-4d02-b96a-1cbced889a7b" testId="0d35441f-72fe-a777-509f-6a19632f972a" testName="ToMessage_Passing_ExceptionWithMessageWithInnerException_Returns_MessageAndInnerException" computerName="PC-SFERRARI" duration="00:00:00.0002673" startTime="2021-05-07T09:57:29.6175173+01:00" endTime="2021-05-07T09:57:29.6178610+01:00" testType="13cdc9d9-ddb5-4fa4-a97d-d965ccfc6d4b" outcome="Passed" testListId="8c84fa94-04c1-424b-9868-57a2d4851a1d" relativeResultsDirectory="d39f6ec4-0c64-4d02-b96a-1cbced889a7b" />
    <UnitTestResult executionId="9a19015e-b4d3-4189-9bc6-083d48590525" testId="c0846755-8a53-0ac4-76e5-2d7d37bcd54a" testName="ResultBadRequest_WithErrors_Value" computerName="PC-SFERRARI" duration="00:00:00.0011902" startTime="2021-05-07T09:57:30.6944783+01:00" endTime="2021-05-07T09:57:30.6958749+01:00" testType="13cdc9d9-ddb5-4fa4-a97d-d965ccfc6d4b" outcome="Passed" testListId="8c84fa94-04c1-424b-9868-57a2d4851a1d" relativeResultsDirectory="9a19015e-b4d3-4189-9bc6-083d48590525" />
    <UnitTestResult executionId="670dc65d-cd88-4359-969e-93a0b7f83e1e" testId="9b5f9705-0df5-3b21-5e23-e11b68721fd4" testName="ToThrow_Passing_InvalidValue_Returns_ApplicationExceptionWithMessage" computerName="PC-SFERRARI" duration="00:00:00.0006126" startTime="2021-05-07T09:57:29.4455772+01:00" endTime="2021-05-07T09:57:29.4463777+01:00" testType="13cdc9d9-ddb5-4fa4-a97d-d965ccfc6d4b" outcome="Passed" testListId="8c84fa94-04c1-424b-9868-57a2d4851a1d" relativeResultsDirectory="670dc65d-cd88-4359-969e-93a0b7f83e1e" />
    <UnitTestResult executionId="d298c18e-2712-47c7-ac7b-930d9d88f361" testId="459f13f4-e266-2f20-5c30-d2c64797095d" testName="ToIsWeekend_Passing_Friday_DateTime_Returns_False" computerName="PC-SFERRARI" duration="00:00:00.0006640" startTime="2021-05-07T09:57:29.5932258+01:00" endTime="2021-05-07T09:57:29.5943296+01:00" testType="13cdc9d9-ddb5-4fa4-a97d-d965ccfc6d4b" outcome="Passed" testListId="8c84fa94-04c1-424b-9868-57a2d4851a1d" relativeResultsDirectory="d298c18e-2712-47c7-ac7b-930d9d88f361" />
    <UnitTestResult executionId="157b7cbc-7371-4f18-9167-36897b6602f4" testId="3bd7277d-4ad0-51ee-d24c-53176ec3cc7f" testName="IsDomain_Passing_InvalidArguments_Returns_HasErrorsAndCount" computerName="PC-SFERRARI" duration="00:00:00.0023656" startTime="2021-05-07T09:57:30.6066784+01:00" endTime="2021-05-07T09:57:30.6092097+01:00" testType="13cdc9d9-ddb5-4fa4-a97d-d965ccfc6d4b" outcome="Passed" testListId="8c84fa94-04c1-424b-9868-57a2d4851a1d" relativeResultsDirectory="157b7cbc-7371-4f18-9167-36897b6602f4" />
    <UnitTestResult executionId="a2f0d4d8-0455-4642-a1a9-0c3b174c2fcd" testId="209cbba1-d5fa-4810-2cb6-ee92ce2e109d" testName="ToGet_Passing_Claims_Returns_Claim_Value_Int" computerName="PC-SFERRARI" duration="00:00:00.0058321" startTime="2021-05-07T09:57:29.5429056+01:00" endTime="2021-05-07T09:57:29.5489002+01:00" testType="13cdc9d9-ddb5-4fa4-a97d-d965ccfc6d4b" outcome="Passed" testListId="8c84fa94-04c1-424b-9868-57a2d4851a1d" relativeResultsDirectory="a2f0d4d8-0455-4642-a1a9-0c3b174c2fcd" />
    <UnitTestResult executionId="bcb07ade-e50c-430d-bf4f-2bdd5c145536" testId="46cc46f0-c0e1-f3e6-2242-cdef90a4249a" testName="ToMapNew_Passing_TSource_And_TDestination_Returns_New_TDestination_Object" computerName="PC-SFERRARI" duration="00:00:00.0046587" startTime="2021-05-07T09:57:29.0564960+01:00" endTime="2021-05-07T09:57:29.0612796+01:00" testType="13cdc9d9-ddb5-4fa4-a97d-d965ccfc6d4b" outcome="Passed" testListId="8c84fa94-04c1-424b-9868-57a2d4851a1d" relativeResultsDirectory="bcb07ade-e50c-430d-bf4f-2bdd5c145536" />
    <UnitTestResult executionId="a20a9895-5015-40a0-883a-08c09ad54bac" testId="a03675ec-665e-f4d5-4630-89e50dac0bfb" testName="ToTryContentType_Passing_HttpRequestWithContentType_Value_Returns_ContentType_String_Value" computerName="PC-SFERRARI" duration="00:00:00.0013370" startTime="2021-05-07T09:57:29.7567733+01:00" endTime="2021-05-07T09:57:29.7583415+01:00" testType="13cdc9d9-ddb5-4fa4-a97d-d965ccfc6d4b" outcome="Passed" testListId="8c84fa94-04c1-424b-9868-57a2d4851a1d" relativeResultsDirectory="a20a9895-5015-40a0-883a-08c09ad54bac" />
    <UnitTestResult executionId="15bc0e30-77a9-4553-b371-b267aee7121c" testId="0f697beb-b7a4-6aa6-9017-b57feeb9ba7f" testName="ToEnvironment_ServiceCollection_Passing_Development_Enviroment_Returns_Development_Name" computerName="PC-SFERRARI" duration="00:00:00.0007681" startTime="2021-05-07T09:57:30.0924816+01:00" endTime="2021-05-07T09:57:30.0935062+01:00" testType="13cdc9d9-ddb5-4fa4-a97d-d965ccfc6d4b" outcome="Passed" testListId="8c84fa94-04c1-424b-9868-57a2d4851a1d" relativeResultsDirectory="15bc0e30-77a9-4553-b371-b267aee7121c" />
    <UnitTestResult executionId="2faf5492-3622-43d1-accc-a94cd7537298" testId="e37f41d3-77a8-1acd-c258-fbb5b724b134" testName="ToDefaultValue_Passing_ValidInt_Returns_DefaultValue" computerName="PC-SFERRARI" duration="00:00:00.0002521" startTime="2021-05-07T09:57:30.5579530+01:00" endTime="2021-05-07T09:57:30.5584907+01:00" testType="13cdc9d9-ddb5-4fa4-a97d-d965ccfc6d4b" outcome="Passed" testListId="8c84fa94-04c1-424b-9868-57a2d4851a1d" relativeResultsDirectory="2faf5492-3622-43d1-accc-a94cd7537298" />
    <UnitTestResult executionId="59796d9a-360e-430e-8c96-5207f798013f" testId="180814cc-22f9-91b2-cd9a-f54be7e1ba18" testName="IsEmail_Passing_InvalidArguments_Returns_HasErrorsAndCount" computerName="PC-SFERRARI" duration="00:00:00.0001906" startTime="2021-05-07T09:57:30.5994259+01:00" endTime="2021-05-07T09:57:30.5997227+01:00" testType="13cdc9d9-ddb5-4fa4-a97d-d965ccfc6d4b" outcome="Passed" testListId="8c84fa94-04c1-424b-9868-57a2d4851a1d" relativeResultsDirectory="59796d9a-360e-430e-8c96-5207f798013f" />
    <UnitTestResult executionId="0cfcad17-3889-4638-87ca-d2fe43d9d27d" testId="9e36eef1-cde7-a509-c95d-2249b6b02dbb" testName="ToIsDirectoryThrow_Passing_InvalidValue_Returns_ApplicationExceptionWithMessage" computerName="PC-SFERRARI" duration="00:00:00.0010316" startTime="2021-05-07T09:57:29.4104884+01:00" endTime="2021-05-07T09:57:29.4116085+01:00" testType="13cdc9d9-ddb5-4fa4-a97d-d965ccfc6d4b" outcome="Passed" testListId="8c84fa94-04c1-424b-9868-57a2d4851a1d" relativeResultsDirectory="0cfcad17-3889-4638-87ca-d2fe43d9d27d" />
    <UnitTestResult executionId="c7a745d5-0c48-4f3e-b004-73eb9a31bf75" testId="856fd0c8-b6f8-9265-ccfd-2a9e615488e2" testName="ToUserName_Passing_Valid_UserName_ClaimsPrincipal_Returns_String_UserName_Value" computerName="PC-SFERRARI" duration="00:00:00.0064411" startTime="2021-05-07T09:57:29.5335403+01:00" endTime="2021-05-07T09:57:29.5401318+01:00" testType="13cdc9d9-ddb5-4fa4-a97d-d965ccfc6d4b" outcome="Passed" testListId="8c84fa94-04c1-424b-9868-57a2d4851a1d" relativeResultsDirectory="c7a745d5-0c48-4f3e-b004-73eb9a31bf75" />
    <UnitTestResult executionId="fb8be09f-39b6-43f1-a097-570b8d0ff8f9" testId="801afd1a-5f3d-0d0c-471a-96452bf5bc35" testName="IsNullOrEmpty_Passing_InvalidArguments_Returns_HasErrorsAndCount" computerName="PC-SFERRARI" duration="00:00:00.0062382" startTime="2021-05-07T09:57:30.5595438+01:00" endTime="2021-05-07T09:57:30.5664084+01:00" testType="13cdc9d9-ddb5-4fa4-a97d-d965ccfc6d4b" outcome="Passed" testListId="8c84fa94-04c1-424b-9868-57a2d4851a1d" relativeResultsDirectory="fb8be09f-39b6-43f1-a097-570b8d0ff8f9" />
    <UnitTestResult executionId="6ff94527-5dd6-4153-97f9-d0d14a3e4626" testId="c8fd6d3c-b723-929b-f175-dbdc2a7be855" testName="ToIsWeekend_Passing_Sunday_DateTime_Returns_True" computerName="PC-SFERRARI" duration="00:00:00.0001808" startTime="2021-05-07T09:57:29.5946993+01:00" endTime="2021-05-07T09:57:29.5949845+01:00" testType="13cdc9d9-ddb5-4fa4-a97d-d965ccfc6d4b" outcome="Passed" testListId="8c84fa94-04c1-424b-9868-57a2d4851a1d" relativeResultsDirectory="6ff94527-5dd6-4153-97f9-d0d14a3e4626" />
    <UnitTestResult executionId="90157db7-f248-4f5e-8efe-085bd440f532" testId="bc15aa99-72de-0e5a-b6e8-2d654659d591" testName="ToUri_Passing_InvalidValueString_Returns_DefaultValue" computerName="PC-SFERRARI" duration="00:00:00.0005733" startTime="2021-05-07T09:57:30.2960404+01:00" endTime="2021-05-07T09:57:30.2968661+01:00" testType="13cdc9d9-ddb5-4fa4-a97d-d965ccfc6d4b" outcome="Passed" testListId="8c84fa94-04c1-424b-9868-57a2d4851a1d" relativeResultsDirectory="90157db7-f248-4f5e-8efe-085bd440f532" resultType="DataDrivenTest">
      <InnerResults>
        <UnitTestResult executionId="6abac116-3187-4250-aa86-1703f8a3d254" parentExecutionId="90157db7-f248-4f5e-8efe-085bd440f532" testId="bc15aa99-72de-0e5a-b6e8-2d654659d591" testName="ToUri_Passing_InvalidValueString_Returns_DefaultValue (http://?)" computerName="PC-SFERRARI" duration="00:00:00.0003051" startTime="2021-05-07T09:57:30.2960404+01:00" endTime="2021-05-07T09:57:30.2968661+01:00" testType="13cdc9d9-ddb5-4fa4-a97d-d965ccfc6d4b" outcome="Passed" testListId="8c84fa94-04c1-424b-9868-57a2d4851a1d" relativeResultsDirectory="6abac116-3187-4250-aa86-1703f8a3d254" dataRowInfo="1" resultType="DataDrivenDataRow" />
        <UnitTestResult executionId="064057e9-80df-4497-89a0-fb02d81816c8" parentExecutionId="90157db7-f248-4f5e-8efe-085bd440f532" testId="bc15aa99-72de-0e5a-b6e8-2d654659d591" testName="ToUri_Passing_InvalidValueString_Returns_DefaultValue (http://)" computerName="PC-SFERRARI" duration="00:00:00.0000071" startTime="2021-05-07T09:57:30.2960404+01:00" endTime="2021-05-07T09:57:30.2968661+01:00" testType="13cdc9d9-ddb5-4fa4-a97d-d965ccfc6d4b" outcome="Passed" testListId="8c84fa94-04c1-424b-9868-57a2d4851a1d" relativeResultsDirectory="064057e9-80df-4497-89a0-fb02d81816c8" dataRowInfo="2" resultType="DataDrivenDataRow" />
        <UnitTestResult executionId="0384aeff-3b5f-4a84-a29d-c3d48a4c623c" parentExecutionId="90157db7-f248-4f5e-8efe-085bd440f532" testId="bc15aa99-72de-0e5a-b6e8-2d654659d591" testName="ToUri_Passing_InvalidValueString_Returns_DefaultValue (http://.)" computerName="PC-SFERRARI" duration="00:00:00.0000052" startTime="2021-05-07T09:57:30.2960404+01:00" endTime="2021-05-07T09:57:30.2968661+01:00" testType="13cdc9d9-ddb5-4fa4-a97d-d965ccfc6d4b" outcome="Passed" testListId="8c84fa94-04c1-424b-9868-57a2d4851a1d" relativeResultsDirectory="0384aeff-3b5f-4a84-a29d-c3d48a4c623c" dataRowInfo="3" resultType="DataDrivenDataRow" />
        <UnitTestResult executionId="595e8592-4906-439e-8edf-a1b33cb41368" parentExecutionId="90157db7-f248-4f5e-8efe-085bd440f532" testId="bc15aa99-72de-0e5a-b6e8-2d654659d591" testName="ToUri_Passing_InvalidValueString_Returns_DefaultValue (http://..)" computerName="PC-SFERRARI" duration="00:00:00.0000042" startTime="2021-05-07T09:57:30.2960404+01:00" endTime="2021-05-07T09:57:30.2968661+01:00" testType="13cdc9d9-ddb5-4fa4-a97d-d965ccfc6d4b" outcome="Passed" testListId="8c84fa94-04c1-424b-9868-57a2d4851a1d" relativeResultsDirectory="595e8592-4906-439e-8edf-a1b33cb41368" dataRowInfo="4" resultType="DataDrivenDataRow" />
        <UnitTestResult executionId="eab4f4d9-3caf-4d17-bc91-0ff77fe573aa" parentExecutionId="90157db7-f248-4f5e-8efe-085bd440f532" testId="bc15aa99-72de-0e5a-b6e8-2d654659d591" testName="ToUri_Passing_InvalidValueString_Returns_DefaultValue (http://../)" computerName="PC-SFERRARI" duration="00:00:00.0000059" startTime="2021-05-07T09:57:30.2960404+01:00" endTime="2021-05-07T09:57:30.2968661+01:00" testType="13cdc9d9-ddb5-4fa4-a97d-d965ccfc6d4b" outcome="Passed" testListId="8c84fa94-04c1-424b-9868-57a2d4851a1d" relativeResultsDirectory="eab4f4d9-3caf-4d17-bc91-0ff77fe573aa" dataRowInfo="5" resultType="DataDrivenDataRow" />
        <UnitTestResult executionId="132ea49c-11b7-45b9-a743-d7b6281acfc0" parentExecutionId="90157db7-f248-4f5e-8efe-085bd440f532" testId="bc15aa99-72de-0e5a-b6e8-2d654659d591" testName="ToUri_Passing_InvalidValueString_Returns_DefaultValue (http://?)" computerName="PC-SFERRARI" duration="00:00:00.0000042" startTime="2021-05-07T09:57:30.2960404+01:00" endTime="2021-05-07T09:57:30.2968661+01:00" testType="13cdc9d9-ddb5-4fa4-a97d-d965ccfc6d4b" outcome="Passed" testListId="8c84fa94-04c1-424b-9868-57a2d4851a1d" relativeResultsDirectory="132ea49c-11b7-45b9-a743-d7b6281acfc0" dataRowInfo="6" resultType="DataDrivenDataRow" />
        <UnitTestResult executionId="bdc44f29-24b9-450d-a51c-777eae641314" parentExecutionId="90157db7-f248-4f5e-8efe-085bd440f532" testId="bc15aa99-72de-0e5a-b6e8-2d654659d591" testName="ToUri_Passing_InvalidValueString_Returns_DefaultValue (http://??)" computerName="PC-SFERRARI" duration="00:00:00.0000044" startTime="2021-05-07T09:57:30.2960404+01:00" endTime="2021-05-07T09:57:30.2968661+01:00" testType="13cdc9d9-ddb5-4fa4-a97d-d965ccfc6d4b" outcome="Passed" testListId="8c84fa94-04c1-424b-9868-57a2d4851a1d" relativeResultsDirectory="bdc44f29-24b9-450d-a51c-777eae641314" dataRowInfo="7" resultType="DataDrivenDataRow" />
        <UnitTestResult executionId="5d181ff5-6a58-421b-930d-885bd39d6a42" parentExecutionId="90157db7-f248-4f5e-8efe-085bd440f532" testId="bc15aa99-72de-0e5a-b6e8-2d654659d591" testName="ToUri_Passing_InvalidValueString_Returns_DefaultValue (http://??/)" computerName="PC-SFERRARI" duration="00:00:00.0000046" startTime="2021-05-07T09:57:30.2960404+01:00" endTime="2021-05-07T09:57:30.2968661+01:00" testType="13cdc9d9-ddb5-4fa4-a97d-d965ccfc6d4b" outcome="Passed" testListId="8c84fa94-04c1-424b-9868-57a2d4851a1d" relativeResultsDirectory="5d181ff5-6a58-421b-930d-885bd39d6a42" dataRowInfo="8" resultType="DataDrivenDataRow" />
        <UnitTestResult executionId="57de3f48-9c56-447c-9e4c-a4783b6ca124" parentExecutionId="90157db7-f248-4f5e-8efe-085bd440f532" testId="bc15aa99-72de-0e5a-b6e8-2d654659d591" testName="ToUri_Passing_InvalidValueString_Returns_DefaultValue (http://#)" computerName="PC-SFERRARI" duration="00:00:00.0000051" startTime="2021-05-07T09:57:30.2960404+01:00" endTime="2021-05-07T09:57:30.2968661+01:00" testType="13cdc9d9-ddb5-4fa4-a97d-d965ccfc6d4b" outcome="Passed" testListId="8c84fa94-04c1-424b-9868-57a2d4851a1d" relativeResultsDirectory="57de3f48-9c56-447c-9e4c-a4783b6ca124" dataRowInfo="9" resultType="DataDrivenDataRow" />
        <UnitTestResult executionId="b2666b89-6d46-4faa-975e-c2201943e13f" parentExecutionId="90157db7-f248-4f5e-8efe-085bd440f532" testId="bc15aa99-72de-0e5a-b6e8-2d654659d591" testName="ToUri_Passing_InvalidValueString_Returns_DefaultValue (http://##)" computerName="PC-SFERRARI" duration="00:00:00.0000042" startTime="2021-05-07T09:57:30.2960404+01:00" endTime="2021-05-07T09:57:30.2968661+01:00" testType="13cdc9d9-ddb5-4fa4-a97d-d965ccfc6d4b" outcome="Passed" testListId="8c84fa94-04c1-424b-9868-57a2d4851a1d" relativeResultsDirectory="b2666b89-6d46-4faa-975e-c2201943e13f" dataRowInfo="10" resultType="DataDrivenDataRow" />
        <UnitTestResult executionId="0b3d5cec-4486-40fa-94ce-196207a57c95" parentExecutionId="90157db7-f248-4f5e-8efe-085bd440f532" testId="bc15aa99-72de-0e5a-b6e8-2d654659d591" testName="ToUri_Passing_InvalidValueString_Returns_DefaultValue (http://##/)" computerName="PC-SFERRARI" duration="00:00:00.0000046" startTime="2021-05-07T09:57:30.2960404+01:00" endTime="2021-05-07T09:57:30.2968661+01:00" testType="13cdc9d9-ddb5-4fa4-a97d-d965ccfc6d4b" outcome="Passed" testListId="8c84fa94-04c1-424b-9868-57a2d4851a1d" relativeResultsDirectory="0b3d5cec-4486-40fa-94ce-196207a57c95" dataRowInfo="11" resultType="DataDrivenDataRow" />
      </InnerResults>
    </UnitTestResult>
    <UnitTestResult executionId="1793aa2b-9fb2-4cb5-a54f-025b230be0fe" testId="77fe17c3-3cf8-a189-4d95-b2e0d3ca9579" testName="CreateSHA256_Passing_Invalid_Arguments_Returns_ApplicationException" computerName="PC-SFERRARI" duration="00:00:00.0012189" startTime="2021-05-07T09:57:30.6364003+01:00" endTime="2021-05-07T09:57:30.6377804+01:00" testType="13cdc9d9-ddb5-4fa4-a97d-d965ccfc6d4b" outcome="Passed" testListId="8c84fa94-04c1-424b-9868-57a2d4851a1d" relativeResultsDirectory="1793aa2b-9fb2-4cb5-a54f-025b230be0fe" resultType="DataDrivenTest">
      <InnerResults>
        <UnitTestResult executionId="ff914e0e-82b4-46de-9c73-67b8f62895bc" parentExecutionId="1793aa2b-9fb2-4cb5-a54f-025b230be0fe" testId="77fe17c3-3cf8-a189-4d95-b2e0d3ca9579" testName="CreateSHA256_Passing_Invalid_Arguments_Returns_ApplicationException ()" computerName="PC-SFERRARI" duration="00:00:00.0010234" startTime="2021-05-07T09:57:30.6364003+01:00" endTime="2021-05-07T09:57:30.6377804+01:00" testType="13cdc9d9-ddb5-4fa4-a97d-d965ccfc6d4b" outcome="Passed" testListId="8c84fa94-04c1-424b-9868-57a2d4851a1d" relativeResultsDirectory="ff914e0e-82b4-46de-9c73-67b8f62895bc" dataRowInfo="1" resultType="DataDrivenDataRow" />
        <UnitTestResult executionId="6fc84033-c46c-48a9-8857-edc9dd3ecd39" parentExecutionId="1793aa2b-9fb2-4cb5-a54f-025b230be0fe" testId="77fe17c3-3cf8-a189-4d95-b2e0d3ca9579" testName="CreateSHA256_Passing_Invalid_Arguments_Returns_ApplicationException ()" computerName="PC-SFERRARI" duration="00:00:00.0000593" startTime="2021-05-07T09:57:30.6364003+01:00" endTime="2021-05-07T09:57:30.6377804+01:00" testType="13cdc9d9-ddb5-4fa4-a97d-d965ccfc6d4b" outcome="Passed" testListId="8c84fa94-04c1-424b-9868-57a2d4851a1d" relativeResultsDirectory="6fc84033-c46c-48a9-8857-edc9dd3ecd39" dataRowInfo="2" resultType="DataDrivenDataRow" />
        <UnitTestResult executionId="fd094ced-ca20-47dd-83d6-e213739dee37" parentExecutionId="1793aa2b-9fb2-4cb5-a54f-025b230be0fe" testId="77fe17c3-3cf8-a189-4d95-b2e0d3ca9579" testName="CreateSHA256_Passing_Invalid_Arguments_Returns_ApplicationException ( )" computerName="PC-SFERRARI" duration="00:00:00.0000442" startTime="2021-05-07T09:57:30.6364003+01:00" endTime="2021-05-07T09:57:30.6377804+01:00" testType="13cdc9d9-ddb5-4fa4-a97d-d965ccfc6d4b" outcome="Passed" testListId="8c84fa94-04c1-424b-9868-57a2d4851a1d" relativeResultsDirectory="fd094ced-ca20-47dd-83d6-e213739dee37" dataRowInfo="3" resultType="DataDrivenDataRow" />
      </InnerResults>
    </UnitTestResult>
    <UnitTestResult executionId="689eb845-3938-4399-b7d0-10e3932e5d0c" testId="e329bdc2-7660-b4b2-0687-a194b6e35f1d" testName="ResultDataBadRequest_WithErrors_Dictionary" computerName="PC-SFERRARI" duration="00:00:00.0013184" startTime="2021-05-07T09:57:30.6996588+01:00" endTime="2021-05-07T09:57:30.7011783+01:00" testType="13cdc9d9-ddb5-4fa4-a97d-d965ccfc6d4b" outcome="Passed" testListId="8c84fa94-04c1-424b-9868-57a2d4851a1d" relativeResultsDirectory="689eb845-3938-4399-b7d0-10e3932e5d0c" />
    <UnitTestResult executionId="3aceb24b-b380-4397-8bfb-b73aa379a7d2" testId="47f3e733-f069-b79f-9f6d-7c11fc368663" testName="ToDefaultValue_Passing_ushort_Returns_Cero" computerName="PC-SFERRARI" duration="00:00:00.0002964" startTime="2021-05-07T09:57:29.6276491+01:00" endTime="2021-05-07T09:57:29.6280223+01:00" testType="13cdc9d9-ddb5-4fa4-a97d-d965ccfc6d4b" outcome="Passed" testListId="8c84fa94-04c1-424b-9868-57a2d4851a1d" relativeResultsDirectory="3aceb24b-b380-4397-8bfb-b73aa379a7d2" resultType="DataDrivenTest">
      <InnerResults>
        <UnitTestResult executionId="ec14b9cd-de67-457d-96c5-2ba396cb1aba" parentExecutionId="3aceb24b-b380-4397-8bfb-b73aa379a7d2" testId="47f3e733-f069-b79f-9f6d-7c11fc368663" testName="ToDefaultValue_Passing_ushort_Returns_Cero (65535)" computerName="PC-SFERRARI" duration="00:00:00.0002563" startTime="2021-05-07T09:57:29.6276491+01:00" endTime="2021-05-07T09:57:29.6280223+01:00" testType="13cdc9d9-ddb5-4fa4-a97d-d965ccfc6d4b" outcome="Passed" testListId="8c84fa94-04c1-424b-9868-57a2d4851a1d" relativeResultsDirectory="ec14b9cd-de67-457d-96c5-2ba396cb1aba" dataRowInfo="1" resultType="DataDrivenDataRow" />
      </InnerResults>
    </UnitTestResult>
    <UnitTestResult executionId="c7221c1e-142a-405e-9d20-c54e6bb15eee" testId="e93b141b-fdfd-0f98-21e5-3eb211b6e88b" testName="ToDefaultValue_Passing_long_Returns_Cero" computerName="PC-SFERRARI" duration="00:00:00.0003305" startTime="2021-05-07T09:57:29.6332270+01:00" endTime="2021-05-07T09:57:29.6336429+01:00" testType="13cdc9d9-ddb5-4fa4-a97d-d965ccfc6d4b" outcome="Passed" testListId="8c84fa94-04c1-424b-9868-57a2d4851a1d" relativeResultsDirectory="c7221c1e-142a-405e-9d20-c54e6bb15eee" resultType="DataDrivenTest">
      <InnerResults>
        <UnitTestResult executionId="d241fc2d-27dc-4683-888a-86a3141de030" parentExecutionId="c7221c1e-142a-405e-9d20-c54e6bb15eee" testId="e93b141b-fdfd-0f98-21e5-3eb211b6e88b" testName="ToDefaultValue_Passing_long_Returns_Cero (9223372036854775807)" computerName="PC-SFERRARI" duration="00:00:00.0002592" startTime="2021-05-07T09:57:29.6332270+01:00" endTime="2021-05-07T09:57:29.6336429+01:00" testType="13cdc9d9-ddb5-4fa4-a97d-d965ccfc6d4b" outcome="Passed" testListId="8c84fa94-04c1-424b-9868-57a2d4851a1d" relativeResultsDirectory="d241fc2d-27dc-4683-888a-86a3141de030" dataRowInfo="1" resultType="DataDrivenDataRow" />
      </InnerResults>
    </UnitTestResult>
    <UnitTestResult executionId="5445c3ae-2540-4172-ba4e-03ca240d6fb7" testId="9064672f-1220-7bc0-f2b0-c66c74cccc5e" testName="ToConfiguration_Passing_Valid_DirectoryPath_Valid_JsonFileName_Returns_Ok" computerName="PC-SFERRARI" duration="00:00:00.0157586" startTime="2021-05-07T09:57:30.1276236+01:00" endTime="2021-05-07T09:57:30.1435116+01:00" testType="13cdc9d9-ddb5-4fa4-a97d-d965ccfc6d4b" outcome="Passed" testListId="8c84fa94-04c1-424b-9868-57a2d4851a1d" relativeResultsDirectory="5445c3ae-2540-4172-ba4e-03ca240d6fb7" />
    <UnitTestResult executionId="40be46cb-e857-4b36-b551-abd9820a9d5e" testId="8fbac209-421a-f9fa-c5fe-97403aedb24e" testName="ToIsNullOrAnyThrow_Passing_InvalidValue_Returns_ApplicationExceptionWithMessage" computerName="PC-SFERRARI" duration="00:00:00.0008770" startTime="2021-05-07T09:57:29.4094800+01:00" endTime="2021-05-07T09:57:29.4104572+01:00" testType="13cdc9d9-ddb5-4fa4-a97d-d965ccfc6d4b" outcome="Passed" testListId="8c84fa94-04c1-424b-9868-57a2d4851a1d" relativeResultsDirectory="40be46cb-e857-4b36-b551-abd9820a9d5e" />
    <UnitTestResult executionId="54679a97-a375-4651-ab18-20cc58a2351a" testId="579b7361-19a9-f329-acb3-de102dcfc793" testName="ToDefaultValue_Passing_ValidString_Returns_DefaultValue" computerName="PC-SFERRARI" duration="00:00:00.0001553" startTime="2021-05-07T09:57:30.5585348+01:00" endTime="2021-05-07T09:57:30.5587943+01:00" testType="13cdc9d9-ddb5-4fa4-a97d-d965ccfc6d4b" outcome="Passed" testListId="8c84fa94-04c1-424b-9868-57a2d4851a1d" relativeResultsDirectory="54679a97-a375-4651-ab18-20cc58a2351a" />
    <UnitTestResult executionId="51d1fb78-f2c8-47a9-b4f5-189324e1e692" testId="71a1897b-b713-c047-1c23-5efdff095b20" testName="ToMapUpdate_Passing_Destination_Object_Returns_Updated_Destination_Object" computerName="PC-SFERRARI" duration="00:00:00.0039015" startTime="2021-05-07T09:57:29.0650442+01:00" endTime="2021-05-07T09:57:29.0690606+01:00" testType="13cdc9d9-ddb5-4fa4-a97d-d965ccfc6d4b" outcome="Passed" testListId="8c84fa94-04c1-424b-9868-57a2d4851a1d" relativeResultsDirectory="51d1fb78-f2c8-47a9-b4f5-189324e1e692" />
    <UnitTestResult executionId="24beb626-b990-4b6d-bf7a-d975a6a3c316" testId="432377b9-b0ad-9a2a-6dc2-e1069e73c449" testName="ToDefaultValue_Passing_bool_Returns_Cero" computerName="PC-SFERRARI" duration="00:00:00.0002915" startTime="2021-05-07T09:57:29.6407700+01:00" endTime="2021-05-07T09:57:29.6411461+01:00" testType="13cdc9d9-ddb5-4fa4-a97d-d965ccfc6d4b" outcome="Passed" testListId="8c84fa94-04c1-424b-9868-57a2d4851a1d" relativeResultsDirectory="24beb626-b990-4b6d-bf7a-d975a6a3c316" resultType="DataDrivenTest">
      <InnerResults>
        <UnitTestResult executionId="f70370f4-093b-410d-b57d-3481c8c76b0e" parentExecutionId="24beb626-b990-4b6d-bf7a-d975a6a3c316" testId="432377b9-b0ad-9a2a-6dc2-e1069e73c449" testName="ToDefaultValue_Passing_bool_Returns_Cero (True)" computerName="PC-SFERRARI" duration="00:00:00.0002379" startTime="2021-05-07T09:57:29.6407700+01:00" endTime="2021-05-07T09:57:29.6411461+01:00" testType="13cdc9d9-ddb5-4fa4-a97d-d965ccfc6d4b" outcome="Passed" testListId="8c84fa94-04c1-424b-9868-57a2d4851a1d" relativeResultsDirectory="f70370f4-093b-410d-b57d-3481c8c76b0e" dataRowInfo="1" resultType="DataDrivenDataRow" />
      </InnerResults>
    </UnitTestResult>
    <UnitTestResult executionId="7971bcf8-1ed3-4ad6-9df2-611ef0819cfa" testId="15fe55e5-cdce-6280-ea15-ef777735767c" testName="ToEnvironment_ServiceCollection_Passing_Production_Enviroment_Returns_Production_Name" computerName="PC-SFERRARI" duration="00:00:00.0005195" startTime="2021-05-07T09:57:30.0960972+01:00" endTime="2021-05-07T09:57:30.0967364+01:00" testType="13cdc9d9-ddb5-4fa4-a97d-d965ccfc6d4b" outcome="Passed" testListId="8c84fa94-04c1-424b-9868-57a2d4851a1d" relativeResultsDirectory="7971bcf8-1ed3-4ad6-9df2-611ef0819cfa" />
    <UnitTestResult executionId="80bcca0d-5f44-4ad2-afd8-55fc9c0069ab" testId="2aceb911-de9d-b2eb-c8db-f6b3f880216f" testName="ToService_Passing_Valid_Service_Returns_Service" computerName="PC-SFERRARI" duration="00:00:00.0006813" startTime="2021-05-07T09:57:29.3787992+01:00" endTime="2021-05-07T09:57:29.3795907+01:00" testType="13cdc9d9-ddb5-4fa4-a97d-d965ccfc6d4b" outcome="Passed" testListId="8c84fa94-04c1-424b-9868-57a2d4851a1d" relativeResultsDirectory="80bcca0d-5f44-4ad2-afd8-55fc9c0069ab" />
    <UnitTestResult executionId="d07c75b3-0b0e-420e-a2f6-8b12d1079c1d" testId="46df7735-43c3-1f8d-197a-cd21c82e5889" testName="IsHostname_Passing_ValidArguments_Returns_HasErrorsAndCount" computerName="PC-SFERRARI" duration="00:00:00.0001597" startTime="2021-05-07T09:57:30.6101921+01:00" endTime="2021-05-07T09:57:30.6104238+01:00" testType="13cdc9d9-ddb5-4fa4-a97d-d965ccfc6d4b" outcome="Passed" testListId="8c84fa94-04c1-424b-9868-57a2d4851a1d" relativeResultsDirectory="d07c75b3-0b0e-420e-a2f6-8b12d1079c1d" />
    <UnitTestResult executionId="2fdb1813-a2a3-40a0-ab0a-457004ec5fba" testId="bb347f18-44ab-0d77-d5bd-a671e4c37650" testName="ToRemove_Passing_ValidValue_Returns_ValueWithoutRemovedChars" computerName="PC-SFERRARI" duration="00:00:00.0016687" startTime="2021-05-07T09:57:30.1824387+01:00" endTime="2021-05-07T09:57:30.1848476+01:00" testType="13cdc9d9-ddb5-4fa4-a97d-d965ccfc6d4b" outcome="Passed" testListId="8c84fa94-04c1-424b-9868-57a2d4851a1d" relativeResultsDirectory="2fdb1813-a2a3-40a0-ab0a-457004ec5fba" resultType="DataDrivenTest">
      <InnerResults>
        <UnitTestResult executionId="acb84e72-668a-4e05-bdf9-4f588a3b6536" parentExecutionId="2fdb1813-a2a3-40a0-ab0a-457004ec5fba" testId="bb347f18-44ab-0d77-d5bd-a671e4c37650" testName="ToRemove_Passing_ValidValue_Returns_ValueWithoutRemovedChars ( *, ,*)" computerName="PC-SFERRARI" duration="00:00:00.0011639" startTime="2021-05-07T09:57:30.1824387+01:00" endTime="2021-05-07T09:57:30.1848476+01:00" testType="13cdc9d9-ddb5-4fa4-a97d-d965ccfc6d4b" outcome="Passed" testListId="8c84fa94-04c1-424b-9868-57a2d4851a1d" relativeResultsDirectory="acb84e72-668a-4e05-bdf9-4f588a3b6536" dataRowInfo="1" resultType="DataDrivenDataRow" />
        <UnitTestResult executionId="c74538cc-6c76-4d7f-9f07-79c7cf8d0ee7" parentExecutionId="2fdb1813-a2a3-40a0-ab0a-457004ec5fba" testId="bb347f18-44ab-0d77-d5bd-a671e4c37650" testName="ToRemove_Passing_ValidValue_Returns_ValueWithoutRemovedChars (* , ,*)" computerName="PC-SFERRARI" duration="00:00:00.0000131" startTime="2021-05-07T09:57:30.1824387+01:00" endTime="2021-05-07T09:57:30.1848476+01:00" testType="13cdc9d9-ddb5-4fa4-a97d-d965ccfc6d4b" outcome="Passed" testListId="8c84fa94-04c1-424b-9868-57a2d4851a1d" relativeResultsDirectory="c74538cc-6c76-4d7f-9f07-79c7cf8d0ee7" dataRowInfo="2" resultType="DataDrivenDataRow" />
        <UnitTestResult executionId="38b055c4-4c4f-4882-ad74-1e4fde342455" parentExecutionId="2fdb1813-a2a3-40a0-ab0a-457004ec5fba" testId="bb347f18-44ab-0d77-d5bd-a671e4c37650" testName="ToRemove_Passing_ValidValue_Returns_ValueWithoutRemovedChars ( * , ,*)" computerName="PC-SFERRARI" duration="00:00:00.0000096" startTime="2021-05-07T09:57:30.1824387+01:00" endTime="2021-05-07T09:57:30.1848476+01:00" testType="13cdc9d9-ddb5-4fa4-a97d-d965ccfc6d4b" outcome="Passed" testListId="8c84fa94-04c1-424b-9868-57a2d4851a1d" relativeResultsDirectory="38b055c4-4c4f-4882-ad74-1e4fde342455" dataRowInfo="3" resultType="DataDrivenDataRow" />
        <UnitTestResult executionId="605918f3-f67d-4479-9bf0-ebb9e73b80bb" parentExecutionId="2fdb1813-a2a3-40a0-ab0a-457004ec5fba" testId="bb347f18-44ab-0d77-d5bd-a671e4c37650" testName="ToRemove_Passing_ValidValue_Returns_ValueWithoutRemovedChars (hello hello, ,hellohello)" computerName="PC-SFERRARI" duration="00:00:00.0000230" startTime="2021-05-07T09:57:30.1824387+01:00" endTime="2021-05-07T09:57:30.1848476+01:00" testType="13cdc9d9-ddb5-4fa4-a97d-d965ccfc6d4b" outcome="Passed" testListId="8c84fa94-04c1-424b-9868-57a2d4851a1d" relativeResultsDirectory="605918f3-f67d-4479-9bf0-ebb9e73b80bb" dataRowInfo="4" resultType="DataDrivenDataRow" />
        <UnitTestResult executionId="74563aee-5402-499e-ab26-5002efc5b7b7" parentExecutionId="2fdb1813-a2a3-40a0-ab0a-457004ec5fba" testId="bb347f18-44ab-0d77-d5bd-a671e4c37650" testName="ToRemove_Passing_ValidValue_Returns_ValueWithoutRemovedChars (hello hello , ,hellohello)" computerName="PC-SFERRARI" duration="00:00:00.0000138" startTime="2021-05-07T09:57:30.1824387+01:00" endTime="2021-05-07T09:57:30.1848476+01:00" testType="13cdc9d9-ddb5-4fa4-a97d-d965ccfc6d4b" outcome="Passed" testListId="8c84fa94-04c1-424b-9868-57a2d4851a1d" relativeResultsDirectory="74563aee-5402-499e-ab26-5002efc5b7b7" dataRowInfo="5" resultType="DataDrivenDataRow" />
        <UnitTestResult executionId="8e7989dd-0c36-4a6f-b12c-5a2b3a997631" parentExecutionId="2fdb1813-a2a3-40a0-ab0a-457004ec5fba" testId="bb347f18-44ab-0d77-d5bd-a671e4c37650" testName="ToRemove_Passing_ValidValue_Returns_ValueWithoutRemovedChars ( hello hello , ,hellohello)" computerName="PC-SFERRARI" duration="00:00:00.0000171" startTime="2021-05-07T09:57:30.1824387+01:00" endTime="2021-05-07T09:57:30.1848476+01:00" testType="13cdc9d9-ddb5-4fa4-a97d-d965ccfc6d4b" outcome="Passed" testListId="8c84fa94-04c1-424b-9868-57a2d4851a1d" relativeResultsDirectory="8e7989dd-0c36-4a6f-b12c-5a2b3a997631" dataRowInfo="6" resultType="DataDrivenDataRow" />
        <UnitTestResult executionId="a24d94d8-41ea-4728-9e0b-044e4e488f12" parentExecutionId="2fdb1813-a2a3-40a0-ab0a-457004ec5fba" testId="bb347f18-44ab-0d77-d5bd-a671e4c37650" testName="ToRemove_Passing_ValidValue_Returns_ValueWithoutRemovedChars (aeiou,a,eiou)" computerName="PC-SFERRARI" duration="00:00:00.0000101" startTime="2021-05-07T09:57:30.1824387+01:00" endTime="2021-05-07T09:57:30.1848476+01:00" testType="13cdc9d9-ddb5-4fa4-a97d-d965ccfc6d4b" outcome="Passed" testListId="8c84fa94-04c1-424b-9868-57a2d4851a1d" relativeResultsDirectory="a24d94d8-41ea-4728-9e0b-044e4e488f12" dataRowInfo="7" resultType="DataDrivenDataRow" />
        <UnitTestResult executionId="465b2608-36ce-44cb-ba53-9ef7de2b7423" parentExecutionId="2fdb1813-a2a3-40a0-ab0a-457004ec5fba" testId="bb347f18-44ab-0d77-d5bd-a671e4c37650" testName="ToRemove_Passing_ValidValue_Returns_ValueWithoutRemovedChars (aeiou,ae,iou)" computerName="PC-SFERRARI" duration="00:00:00.0000097" startTime="2021-05-07T09:57:30.1824387+01:00" endTime="2021-05-07T09:57:30.1848476+01:00" testType="13cdc9d9-ddb5-4fa4-a97d-d965ccfc6d4b" outcome="Passed" testListId="8c84fa94-04c1-424b-9868-57a2d4851a1d" relativeResultsDirectory="465b2608-36ce-44cb-ba53-9ef7de2b7423" dataRowInfo="8" resultType="DataDrivenDataRow" />
        <UnitTestResult executionId="c8e2a571-fa83-45fd-a79a-48ac1935e783" parentExecutionId="2fdb1813-a2a3-40a0-ab0a-457004ec5fba" testId="bb347f18-44ab-0d77-d5bd-a671e4c37650" testName="ToRemove_Passing_ValidValue_Returns_ValueWithoutRemovedChars (aeiou,aei,ou)" computerName="PC-SFERRARI" duration="00:00:00.0000153" startTime="2021-05-07T09:57:30.1824387+01:00" endTime="2021-05-07T09:57:30.1848476+01:00" testType="13cdc9d9-ddb5-4fa4-a97d-d965ccfc6d4b" outcome="Passed" testListId="8c84fa94-04c1-424b-9868-57a2d4851a1d" relativeResultsDirectory="c8e2a571-fa83-45fd-a79a-48ac1935e783" dataRowInfo="9" resultType="DataDrivenDataRow" />
        <UnitTestResult executionId="87a8b905-ff75-41c7-bca5-21627bc63c9b" parentExecutionId="2fdb1813-a2a3-40a0-ab0a-457004ec5fba" testId="bb347f18-44ab-0d77-d5bd-a671e4c37650" testName="ToRemove_Passing_ValidValue_Returns_ValueWithoutRemovedChars (aeiou,aeio,u)" computerName="PC-SFERRARI" duration="00:00:00.0000099" startTime="2021-05-07T09:57:30.1824387+01:00" endTime="2021-05-07T09:57:30.1848476+01:00" testType="13cdc9d9-ddb5-4fa4-a97d-d965ccfc6d4b" outcome="Passed" testListId="8c84fa94-04c1-424b-9868-57a2d4851a1d" relativeResultsDirectory="87a8b905-ff75-41c7-bca5-21627bc63c9b" dataRowInfo="10" resultType="DataDrivenDataRow" />
        <UnitTestResult executionId="74303381-65d8-47aa-a9d9-34ac7193f06e" parentExecutionId="2fdb1813-a2a3-40a0-ab0a-457004ec5fba" testId="bb347f18-44ab-0d77-d5bd-a671e4c37650" testName="ToRemove_Passing_ValidValue_Returns_ValueWithoutRemovedChars (aeiou,aeiou,)" computerName="PC-SFERRARI" duration="00:00:00.0000213" startTime="2021-05-07T09:57:30.1824387+01:00" endTime="2021-05-07T09:57:30.1848476+01:00" testType="13cdc9d9-ddb5-4fa4-a97d-d965ccfc6d4b" outcome="Passed" testListId="8c84fa94-04c1-424b-9868-57a2d4851a1d" relativeResultsDirectory="74303381-65d8-47aa-a9d9-34ac7193f06e" dataRowInfo="11" resultType="DataDrivenDataRow" />
        <UnitTestResult executionId="8c9819d0-79e3-45d7-ad43-4efb71c211ab" parentExecutionId="2fdb1813-a2a3-40a0-ab0a-457004ec5fba" testId="bb347f18-44ab-0d77-d5bd-a671e4c37650" testName="ToRemove_Passing_ValidValue_Returns_ValueWithoutRemovedChars (aeiou,e,aiou)" computerName="PC-SFERRARI" duration="00:00:00.0000157" startTime="2021-05-07T09:57:30.1824387+01:00" endTime="2021-05-07T09:57:30.1848476+01:00" testType="13cdc9d9-ddb5-4fa4-a97d-d965ccfc6d4b" outcome="Passed" testListId="8c84fa94-04c1-424b-9868-57a2d4851a1d" relativeResultsDirectory="8c9819d0-79e3-45d7-ad43-4efb71c211ab" dataRowInfo="12" resultType="DataDrivenDataRow" />
        <UnitTestResult executionId="26a36efd-8ee4-4f42-972f-151134779843" parentExecutionId="2fdb1813-a2a3-40a0-ab0a-457004ec5fba" testId="bb347f18-44ab-0d77-d5bd-a671e4c37650" testName="ToRemove_Passing_ValidValue_Returns_ValueWithoutRemovedChars (aeiou,ei,aou)" computerName="PC-SFERRARI" duration="00:00:00.0000234" startTime="2021-05-07T09:57:30.1824387+01:00" endTime="2021-05-07T09:57:30.1848476+01:00" testType="13cdc9d9-ddb5-4fa4-a97d-d965ccfc6d4b" outcome="Passed" testListId="8c84fa94-04c1-424b-9868-57a2d4851a1d" relativeResultsDirectory="26a36efd-8ee4-4f42-972f-151134779843" dataRowInfo="13" resultType="DataDrivenDataRow" />
      </InnerResults>
    </UnitTestResult>
    <UnitTestResult executionId="15f29d82-2d4d-4415-99e9-69614a001c39" testId="26cc48e2-5e82-bc12-cf41-e3a984599b8d" testName="ToUserName_Passing_Invalid_ClaimsPrincipal_Returns_Null" computerName="PC-SFERRARI" duration="00:00:00.0006461" startTime="2021-05-07T09:57:29.5326764+01:00" endTime="2021-05-07T09:57:29.5335082+01:00" testType="13cdc9d9-ddb5-4fa4-a97d-d965ccfc6d4b" outcome="Passed" testListId="8c84fa94-04c1-424b-9868-57a2d4851a1d" relativeResultsDirectory="15f29d82-2d4d-4415-99e9-69614a001c39" />
    <UnitTestResult executionId="7900624c-ac78-4b6c-a519-bf75cc408631" testId="c09577a6-adca-ef94-40b5-45575ad65e4f" testName="ToEnvironment_ServiceProvider_Passing_Development_Enviroment_Returns_Development_Name" computerName="PC-SFERRARI" duration="00:00:00.0004366" startTime="2021-05-07T09:57:30.0979012+01:00" endTime="2021-05-07T09:57:30.0984085+01:00" testType="13cdc9d9-ddb5-4fa4-a97d-d965ccfc6d4b" outcome="Passed" testListId="8c84fa94-04c1-424b-9868-57a2d4851a1d" relativeResultsDirectory="7900624c-ac78-4b6c-a519-bf75cc408631" />
    <UnitTestResult executionId="2d00f2d9-0f27-4e4c-817d-e40f582c3614" testId="fbb73316-6f70-059a-1197-08f09a1221d6" testName="ResultDataUnauthorized" computerName="PC-SFERRARI" duration="00:00:00.0005510" startTime="2021-05-07T09:57:30.6959124+01:00" endTime="2021-05-07T09:57:30.6965858+01:00" testType="13cdc9d9-ddb5-4fa4-a97d-d965ccfc6d4b" outcome="Passed" testListId="8c84fa94-04c1-424b-9868-57a2d4851a1d" relativeResultsDirectory="2d00f2d9-0f27-4e4c-817d-e40f582c3614" />
    <UnitTestResult executionId="64e371af-ecac-4a3b-bf0d-7e06ed3e18b7" testId="fb770b4f-f87b-13ad-88ac-a338dbbb0d57" testName="GetValues_Passing_Valid_Key_Returns_Values" computerName="PC-SFERRARI" duration="00:00:00.0003221" startTime="2021-05-07T09:57:29.6072714+01:00" endTime="2021-05-07T09:57:29.6076648+01:00" testType="13cdc9d9-ddb5-4fa4-a97d-d965ccfc6d4b" outcome="Passed" testListId="8c84fa94-04c1-424b-9868-57a2d4851a1d" relativeResultsDirectory="64e371af-ecac-4a3b-bf0d-7e06ed3e18b7" />
    <UnitTestResult executionId="96c5cecf-739e-4296-85b8-a6927d9bae14" testId="19a313ce-6632-bd6f-bb7e-c2dc7bcf20eb" testName="ToDefaultValue_Passing_sbyte_Returns_Cero" computerName="PC-SFERRARI" duration="00:00:00.0008333" startTime="2021-05-07T09:57:29.6256221+01:00" endTime="2021-05-07T09:57:29.6267811+01:00" testType="13cdc9d9-ddb5-4fa4-a97d-d965ccfc6d4b" outcome="Passed" testListId="8c84fa94-04c1-424b-9868-57a2d4851a1d" relativeResultsDirectory="96c5cecf-739e-4296-85b8-a6927d9bae14" resultType="DataDrivenTest">
      <InnerResults>
        <UnitTestResult executionId="13dd0af7-4359-4e3d-9f6d-79d8f2a622df" parentExecutionId="96c5cecf-739e-4296-85b8-a6927d9bae14" testId="19a313ce-6632-bd6f-bb7e-c2dc7bcf20eb" testName="ToDefaultValue_Passing_sbyte_Returns_Cero (127)" computerName="PC-SFERRARI" duration="00:00:00.0007684" startTime="2021-05-07T09:57:29.6256221+01:00" endTime="2021-05-07T09:57:29.6267811+01:00" testType="13cdc9d9-ddb5-4fa4-a97d-d965ccfc6d4b" outcome="Passed" testListId="8c84fa94-04c1-424b-9868-57a2d4851a1d" relativeResultsDirectory="13dd0af7-4359-4e3d-9f6d-79d8f2a622df" dataRowInfo="1" resultType="DataDrivenDataRow" />
      </InnerResults>
    </UnitTestResult>
    <UnitTestResult executionId="b6ba4322-331d-434a-834e-069e26790402" testId="e9d3a3d6-32e0-613e-b55e-48afdf1ab686" testName="ToWhere_Passing_Valid_Predicate_Returns_Filter_List" computerName="PC-SFERRARI" duration="00:00:00.0024451" startTime="2021-05-07T09:57:30.0844039+01:00" endTime="2021-05-07T09:57:30.0870236+01:00" testType="13cdc9d9-ddb5-4fa4-a97d-d965ccfc6d4b" outcome="Passed" testListId="8c84fa94-04c1-424b-9868-57a2d4851a1d" relativeResultsDirectory="b6ba4322-331d-434a-834e-069e26790402" />
    <UnitTestResult executionId="e03de64a-0082-474a-9dc2-d4eac7acff2b" testId="53cbdd8e-a1ef-5d22-8745-938609ed19c2" testName="ToConfigureOrDefault_Passing_DefaultValues_And_ActionCustomValues_Returns_DefaultValues_And_CustomValues" computerName="PC-SFERRARI" duration="00:00:00.0006009" startTime="2021-05-07T09:57:28.7591788+01:00" endTime="2021-05-07T09:57:28.7600824+01:00" testType="13cdc9d9-ddb5-4fa4-a97d-d965ccfc6d4b" outcome="Passed" testListId="8c84fa94-04c1-424b-9868-57a2d4851a1d" relativeResultsDirectory="e03de64a-0082-474a-9dc2-d4eac7acff2b" />
    <UnitTestResult executionId="547af436-1778-4c66-8224-0fb187805a84" testId="3e6d6aa9-9b6d-dd96-b54c-49f88780a2b4" testName="ToEmptyIfNull_Passing_Null_Collection_Returns_Empty_Collection" computerName="PC-SFERRARI" duration="00:00:00.0002750" startTime="2021-05-07T09:57:29.6113158+01:00" endTime="2021-05-07T09:57:29.6116603+01:00" testType="13cdc9d9-ddb5-4fa4-a97d-d965ccfc6d4b" outcome="Passed" testListId="8c84fa94-04c1-424b-9868-57a2d4851a1d" relativeResultsDirectory="547af436-1778-4c66-8224-0fb187805a84" />
    <UnitTestResult executionId="8f6a13c7-a3bb-477f-bb0a-1d6308a029ce" testId="0cfd0c7c-1a61-7d19-c2fa-3c8a47ccf09c" testName="ToValues_Passing_ValidEnumType_Returns_ValuesListString" computerName="PC-SFERRARI" duration="00:00:00.0007791" startTime="2021-05-07T09:57:30.6203484+01:00" endTime="2021-05-07T09:57:30.6212076+01:00" testType="13cdc9d9-ddb5-4fa4-a97d-d965ccfc6d4b" outcome="Passed" testListId="8c84fa94-04c1-424b-9868-57a2d4851a1d" relativeResultsDirectory="8f6a13c7-a3bb-477f-bb0a-1d6308a029ce" />
    <UnitTestResult executionId="6bace2ff-9077-4c63-9272-cc5c26589299" testId="db5f34ff-df7c-44e5-6721-c319db8d6da0" testName="ToTryGetHeader_Passing_HttpRequest_Header_Many_Values_Returns_Values" computerName="PC-SFERRARI" duration="00:00:00.0012923" startTime="2021-05-07T09:57:29.7242631+01:00" endTime="2021-05-07T09:57:29.7257419+01:00" testType="13cdc9d9-ddb5-4fa4-a97d-d965ccfc6d4b" outcome="Passed" testListId="8c84fa94-04c1-424b-9868-57a2d4851a1d" relativeResultsDirectory="6bace2ff-9077-4c63-9272-cc5c26589299" />
    <UnitTestResult executionId="610ea67f-2dd9-4ac4-8706-e13a36c859ec" testId="98d4dd82-eb94-c060-7aeb-9b0a39f334fb" testName="ToIsLastDayOfTheMonth_Passing_LastDayOfMonth_Returns_True" computerName="PC-SFERRARI" duration="00:00:00.0001807" startTime="2021-05-07T09:57:29.5963010+01:00" endTime="2021-05-07T09:57:29.5965957+01:00" testType="13cdc9d9-ddb5-4fa4-a97d-d965ccfc6d4b" outcome="Passed" testListId="8c84fa94-04c1-424b-9868-57a2d4851a1d" relativeResultsDirectory="610ea67f-2dd9-4ac4-8706-e13a36c859ec" />
    <UnitTestResult executionId="208e160f-4f08-430a-8b7c-ab80fa0663a2" testId="0b1e4893-9444-2235-b7fa-3782f9932212" testName="ToService_Passing_Valid_Service_Returns_Service" computerName="PC-SFERRARI" duration="00:00:00.0003213" startTime="2021-05-07T09:57:30.0992646+01:00" endTime="2021-05-07T09:57:30.0996474+01:00" testType="13cdc9d9-ddb5-4fa4-a97d-d965ccfc6d4b" outcome="Passed" testListId="8c84fa94-04c1-424b-9868-57a2d4851a1d" relativeResultsDirectory="208e160f-4f08-430a-8b7c-ab80fa0663a2" />
    <UnitTestResult executionId="96d5d04e-334e-4515-b92b-69741ff97d15" testId="580ff04a-e5c0-9f2f-90c3-4f2aeafd15c5" testName="ToIsNullOrEmptyThrow_Passing_InvalidValue_Returns_ApplicationExceptionWithMessage" computerName="PC-SFERRARI" duration="00:00:00.0003468" startTime="2021-05-07T09:57:29.4080015+01:00" endTime="2021-05-07T09:57:29.4084340+01:00" testType="13cdc9d9-ddb5-4fa4-a97d-d965ccfc6d4b" outcome="Passed" testListId="8c84fa94-04c1-424b-9868-57a2d4851a1d" relativeResultsDirectory="96d5d04e-334e-4515-b92b-69741ff97d15" />
    <UnitTestResult executionId="a55d4367-9513-4a1f-b0d8-bc6b52112a7a" testId="1e15a82e-c1da-d4c9-090a-c7fc200f7f58" testName="AddOrUpdate_Passing_Valid_Collection_Returns_Collection" computerName="PC-SFERRARI" duration="00:00:00.0010327" startTime="2021-05-07T09:57:29.6060493+01:00" endTime="2021-05-07T09:57:29.6072495+01:00" testType="13cdc9d9-ddb5-4fa4-a97d-d965ccfc6d4b" outcome="Passed" testListId="8c84fa94-04c1-424b-9868-57a2d4851a1d" relativeResultsDirectory="a55d4367-9513-4a1f-b0d8-bc6b52112a7a" />
    <UnitTestResult executionId="19c8731b-f400-41ae-87af-e6cfa9483026" testId="0ee8121e-b492-a57d-d072-de988a4e30f8" testName="ToMapNew_Passing_TDestination_Returns_New_Destination_Object" computerName="PC-SFERRARI" duration="00:00:00.0035658" startTime="2021-05-07T09:57:29.0613147+01:00" endTime="2021-05-07T09:57:29.0650067+01:00" testType="13cdc9d9-ddb5-4fa4-a97d-d965ccfc6d4b" outcome="Passed" testListId="8c84fa94-04c1-424b-9868-57a2d4851a1d" relativeResultsDirectory="19c8731b-f400-41ae-87af-e6cfa9483026" />
    <UnitTestResult executionId="432659ff-de13-41ff-88d3-2d5c207bd4d0" testId="43949294-e4b7-cf4d-0d69-84ccc9e58406" testName="ToIsFileExtensionThrow_Passing_InvalidValue_Returns_ApplicationExceptionWithMessage" computerName="PC-SFERRARI" duration="00:00:00.0009891" startTime="2021-05-07T09:57:29.4127677+01:00" endTime="2021-05-07T09:57:29.4138444+01:00" testType="13cdc9d9-ddb5-4fa4-a97d-d965ccfc6d4b" outcome="Passed" testListId="8c84fa94-04c1-424b-9868-57a2d4851a1d" relativeResultsDirectory="432659ff-de13-41ff-88d3-2d5c207bd4d0" />
    <UnitTestResult executionId="d66e59d9-a513-4549-add9-291cb65a9459" testId="c19b83a3-45fc-e848-cbcc-7f68b66eb4e3" testName="IsLowercase_Passing_InvalidArguments_Returns_HasErrorsAndCount" computerName="PC-SFERRARI" duration="00:00:00.0003848" startTime="2021-05-07T09:57:30.6184175+01:00" endTime="2021-05-07T09:57:30.6188850+01:00" testType="13cdc9d9-ddb5-4fa4-a97d-d965ccfc6d4b" outcome="Passed" testListId="8c84fa94-04c1-424b-9868-57a2d4851a1d" relativeResultsDirectory="d66e59d9-a513-4549-add9-291cb65a9459" />
    <UnitTestResult executionId="49a343b4-acd4-431d-a116-57a9e45c5f7d" testId="7daaba64-d3ad-9109-43bf-bdb516b673b8" testName="ToDirectoryFileInfo_Passing_ValidValue_Returns_FileInfo" computerName="PC-SFERRARI" duration="00:00:00.0000950" startTime="2021-05-07T09:57:30.3329449+01:00" endTime="2021-05-07T09:57:30.3331758+01:00" testType="13cdc9d9-ddb5-4fa4-a97d-d965ccfc6d4b" outcome="Passed" testListId="8c84fa94-04c1-424b-9868-57a2d4851a1d" relativeResultsDirectory="49a343b4-acd4-431d-a116-57a9e45c5f7d" />
    <UnitTestResult executionId="a56051f4-16da-4626-9615-4c86ef01fd0e" testId="bc6955b8-aec0-957c-bad4-853e5cfa19a1" testName="ToCount_Passing_ValidEnumType_Returns_Count" computerName="PC-SFERRARI" duration="00:00:00.0002880" startTime="2021-05-07T09:57:30.6198369+01:00" endTime="2021-05-07T09:57:30.6203290+01:00" testType="13cdc9d9-ddb5-4fa4-a97d-d965ccfc6d4b" outcome="Passed" testListId="8c84fa94-04c1-424b-9868-57a2d4851a1d" relativeResultsDirectory="a56051f4-16da-4626-9615-4c86ef01fd0e" />
    <UnitTestResult executionId="90cefa99-3e20-4977-8a24-3d506ee98fde" testId="1b969e76-d97c-c639-c377-a41796fbb2c3" testName="ToHashAlgorithmName_Passing_InvalidValueString_Returns_Null" computerName="PC-SFERRARI" duration="00:00:00.0001961" startTime="2021-05-07T09:57:30.3158820+01:00" endTime="2021-05-07T09:57:30.3161651+01:00" testType="13cdc9d9-ddb5-4fa4-a97d-d965ccfc6d4b" outcome="Passed" testListId="8c84fa94-04c1-424b-9868-57a2d4851a1d" relativeResultsDirectory="90cefa99-3e20-4977-8a24-3d506ee98fde" resultType="DataDrivenTest">
      <InnerResults>
        <UnitTestResult executionId="fa4afc88-8054-46eb-9590-164ac185a9c7" parentExecutionId="90cefa99-3e20-4977-8a24-3d506ee98fde" testId="1b969e76-d97c-c639-c377-a41796fbb2c3" testName="ToHashAlgorithmName_Passing_InvalidValueString_Returns_Null (hhhhhh)" computerName="PC-SFERRARI" duration="00:00:00.0001564" startTime="2021-05-07T09:57:30.3158820+01:00" endTime="2021-05-07T09:57:30.3161651+01:00" testType="13cdc9d9-ddb5-4fa4-a97d-d965ccfc6d4b" outcome="Passed" testListId="8c84fa94-04c1-424b-9868-57a2d4851a1d" relativeResultsDirectory="fa4afc88-8054-46eb-9590-164ac185a9c7" dataRowInfo="1" resultType="DataDrivenDataRow" />
      </InnerResults>
    </UnitTestResult>
    <UnitTestResult executionId="f2f33ab5-fc51-4138-bddb-e6790ec75109" testId="64bc1554-814c-3c40-a6b0-679b40b89c36" testName="ToExists_Passing_Valid_Service_Returns_True" computerName="PC-SFERRARI" duration="00:00:00.0005289" startTime="2021-05-07T09:57:29.3776005+01:00" endTime="2021-05-07T09:57:29.3782606+01:00" testType="13cdc9d9-ddb5-4fa4-a97d-d965ccfc6d4b" outcome="Passed" testListId="8c84fa94-04c1-424b-9868-57a2d4851a1d" relativeResultsDirectory="f2f33ab5-fc51-4138-bddb-e6790ec75109" />
    <UnitTestResult executionId="4c26bef0-c2f8-45f0-a734-777b665bc339" testId="8c1d1a56-be42-3df5-a82e-36b97c2860b8" testName="ToEnum_Passing_InvalidValueInt_Returns_EnumDefaultValue" computerName="PC-SFERRARI" duration="00:00:00.0001505" startTime="2021-05-07T09:57:30.2371904+01:00" endTime="2021-05-07T09:57:30.2374508+01:00" testType="13cdc9d9-ddb5-4fa4-a97d-d965ccfc6d4b" outcome="Passed" testListId="8c84fa94-04c1-424b-9868-57a2d4851a1d" relativeResultsDirectory="4c26bef0-c2f8-45f0-a734-777b665bc339" />
    <UnitTestResult executionId="479e96bd-b3ff-45d0-90d5-cafd3fdc28d8" testId="c180eeb5-df7f-187e-c74d-0f6d31acdec5" testName="ToUri_Passing_InvalidValueString_Returns_Null" computerName="PC-SFERRARI" duration="00:00:00.0014590" startTime="2021-05-07T09:57:30.2866182+01:00" endTime="2021-05-07T09:57:30.2883519+01:00" testType="13cdc9d9-ddb5-4fa4-a97d-d965ccfc6d4b" outcome="Passed" testListId="8c84fa94-04c1-424b-9868-57a2d4851a1d" relativeResultsDirectory="479e96bd-b3ff-45d0-90d5-cafd3fdc28d8" resultType="DataDrivenTest">
      <InnerResults>
        <UnitTestResult executionId="4ff5358b-570b-4dbd-bd50-865489deef93" parentExecutionId="479e96bd-b3ff-45d0-90d5-cafd3fdc28d8" testId="c180eeb5-df7f-187e-c74d-0f6d31acdec5" testName="ToUri_Passing_InvalidValueString_Returns_Null (http://?)" computerName="PC-SFERRARI" duration="00:00:00.0011460" startTime="2021-05-07T09:57:30.2866182+01:00" endTime="2021-05-07T09:57:30.2883519+01:00" testType="13cdc9d9-ddb5-4fa4-a97d-d965ccfc6d4b" outcome="Passed" testListId="8c84fa94-04c1-424b-9868-57a2d4851a1d" relativeResultsDirectory="4ff5358b-570b-4dbd-bd50-865489deef93" dataRowInfo="1" resultType="DataDrivenDataRow" />
        <UnitTestResult executionId="2c6d40ea-02b9-44f7-8e04-1eada7bb158a" parentExecutionId="479e96bd-b3ff-45d0-90d5-cafd3fdc28d8" testId="c180eeb5-df7f-187e-c74d-0f6d31acdec5" testName="ToUri_Passing_InvalidValueString_Returns_Null (http://)" computerName="PC-SFERRARI" duration="00:00:00.0000130" startTime="2021-05-07T09:57:30.2866182+01:00" endTime="2021-05-07T09:57:30.2883519+01:00" testType="13cdc9d9-ddb5-4fa4-a97d-d965ccfc6d4b" outcome="Passed" testListId="8c84fa94-04c1-424b-9868-57a2d4851a1d" relativeResultsDirectory="2c6d40ea-02b9-44f7-8e04-1eada7bb158a" dataRowInfo="2" resultType="DataDrivenDataRow" />
        <UnitTestResult executionId="60c12932-61e6-46eb-989f-f8ef1456ec31" parentExecutionId="479e96bd-b3ff-45d0-90d5-cafd3fdc28d8" testId="c180eeb5-df7f-187e-c74d-0f6d31acdec5" testName="ToUri_Passing_InvalidValueString_Returns_Null (http://.)" computerName="PC-SFERRARI" duration="00:00:00.0000311" startTime="2021-05-07T09:57:30.2866182+01:00" endTime="2021-05-07T09:57:30.2883519+01:00" testType="13cdc9d9-ddb5-4fa4-a97d-d965ccfc6d4b" outcome="Passed" testListId="8c84fa94-04c1-424b-9868-57a2d4851a1d" relativeResultsDirectory="60c12932-61e6-46eb-989f-f8ef1456ec31" dataRowInfo="3" resultType="DataDrivenDataRow" />
        <UnitTestResult executionId="a72bd28a-4b74-4c72-8bb5-b049a7750fb6" parentExecutionId="479e96bd-b3ff-45d0-90d5-cafd3fdc28d8" testId="c180eeb5-df7f-187e-c74d-0f6d31acdec5" testName="ToUri_Passing_InvalidValueString_Returns_Null (http://..)" computerName="PC-SFERRARI" duration="00:00:00.0000055" startTime="2021-05-07T09:57:30.2866182+01:00" endTime="2021-05-07T09:57:30.2883519+01:00" testType="13cdc9d9-ddb5-4fa4-a97d-d965ccfc6d4b" outcome="Passed" testListId="8c84fa94-04c1-424b-9868-57a2d4851a1d" relativeResultsDirectory="a72bd28a-4b74-4c72-8bb5-b049a7750fb6" dataRowInfo="4" resultType="DataDrivenDataRow" />
        <UnitTestResult executionId="78738378-17d8-4180-bcd3-ac8fb6b9c46f" parentExecutionId="479e96bd-b3ff-45d0-90d5-cafd3fdc28d8" testId="c180eeb5-df7f-187e-c74d-0f6d31acdec5" testName="ToUri_Passing_InvalidValueString_Returns_Null (http://../)" computerName="PC-SFERRARI" duration="00:00:00.0000040" startTime="2021-05-07T09:57:30.2866182+01:00" endTime="2021-05-07T09:57:30.2883519+01:00" testType="13cdc9d9-ddb5-4fa4-a97d-d965ccfc6d4b" outcome="Passed" testListId="8c84fa94-04c1-424b-9868-57a2d4851a1d" relativeResultsDirectory="78738378-17d8-4180-bcd3-ac8fb6b9c46f" dataRowInfo="5" resultType="DataDrivenDataRow" />
        <UnitTestResult executionId="03c78338-4e68-493e-9901-4c28c7e63a5a" parentExecutionId="479e96bd-b3ff-45d0-90d5-cafd3fdc28d8" testId="c180eeb5-df7f-187e-c74d-0f6d31acdec5" testName="ToUri_Passing_InvalidValueString_Returns_Null (http://?)" computerName="PC-SFERRARI" duration="00:00:00.0000035" startTime="2021-05-07T09:57:30.2866182+01:00" endTime="2021-05-07T09:57:30.2883519+01:00" testType="13cdc9d9-ddb5-4fa4-a97d-d965ccfc6d4b" outcome="Passed" testListId="8c84fa94-04c1-424b-9868-57a2d4851a1d" relativeResultsDirectory="03c78338-4e68-493e-9901-4c28c7e63a5a" dataRowInfo="6" resultType="DataDrivenDataRow" />
        <UnitTestResult executionId="bfb1e3ce-1510-4d92-951f-e73dd820efeb" parentExecutionId="479e96bd-b3ff-45d0-90d5-cafd3fdc28d8" testId="c180eeb5-df7f-187e-c74d-0f6d31acdec5" testName="ToUri_Passing_InvalidValueString_Returns_Null (http://??)" computerName="PC-SFERRARI" duration="00:00:00.0000037" startTime="2021-05-07T09:57:30.2866182+01:00" endTime="2021-05-07T09:57:30.2883519+01:00" testType="13cdc9d9-ddb5-4fa4-a97d-d965ccfc6d4b" outcome="Passed" testListId="8c84fa94-04c1-424b-9868-57a2d4851a1d" relativeResultsDirectory="bfb1e3ce-1510-4d92-951f-e73dd820efeb" dataRowInfo="7" resultType="DataDrivenDataRow" />
        <UnitTestResult executionId="dfc6cba7-fa75-4e71-9792-1e41ad7170b9" parentExecutionId="479e96bd-b3ff-45d0-90d5-cafd3fdc28d8" testId="c180eeb5-df7f-187e-c74d-0f6d31acdec5" testName="ToUri_Passing_InvalidValueString_Returns_Null (http://??/)" computerName="PC-SFERRARI" duration="00:00:00.0000046" startTime="2021-05-07T09:57:30.2866182+01:00" endTime="2021-05-07T09:57:30.2883519+01:00" testType="13cdc9d9-ddb5-4fa4-a97d-d965ccfc6d4b" outcome="Passed" testListId="8c84fa94-04c1-424b-9868-57a2d4851a1d" relativeResultsDirectory="dfc6cba7-fa75-4e71-9792-1e41ad7170b9" dataRowInfo="8" resultType="DataDrivenDataRow" />
        <UnitTestResult executionId="292d19e4-98d4-4214-82be-3b2849948f27" parentExecutionId="479e96bd-b3ff-45d0-90d5-cafd3fdc28d8" testId="c180eeb5-df7f-187e-c74d-0f6d31acdec5" testName="ToUri_Passing_InvalidValueString_Returns_Null (http://#)" computerName="PC-SFERRARI" duration="00:00:00.0000042" startTime="2021-05-07T09:57:30.2866182+01:00" endTime="2021-05-07T09:57:30.2883519+01:00" testType="13cdc9d9-ddb5-4fa4-a97d-d965ccfc6d4b" outcome="Passed" testListId="8c84fa94-04c1-424b-9868-57a2d4851a1d" relativeResultsDirectory="292d19e4-98d4-4214-82be-3b2849948f27" dataRowInfo="9" resultType="DataDrivenDataRow" />
        <UnitTestResult executionId="c41e74fd-991d-4995-876a-fa5ead9480d0" parentExecutionId="479e96bd-b3ff-45d0-90d5-cafd3fdc28d8" testId="c180eeb5-df7f-187e-c74d-0f6d31acdec5" testName="ToUri_Passing_InvalidValueString_Returns_Null (http://##)" computerName="PC-SFERRARI" duration="00:00:00.0000037" startTime="2021-05-07T09:57:30.2866182+01:00" endTime="2021-05-07T09:57:30.2883519+01:00" testType="13cdc9d9-ddb5-4fa4-a97d-d965ccfc6d4b" outcome="Passed" testListId="8c84fa94-04c1-424b-9868-57a2d4851a1d" relativeResultsDirectory="c41e74fd-991d-4995-876a-fa5ead9480d0" dataRowInfo="10" resultType="DataDrivenDataRow" />
        <UnitTestResult executionId="41e1734e-9e01-42a1-a7c7-d16d3197b541" parentExecutionId="479e96bd-b3ff-45d0-90d5-cafd3fdc28d8" testId="c180eeb5-df7f-187e-c74d-0f6d31acdec5" testName="ToUri_Passing_InvalidValueString_Returns_Null (http://##/)" computerName="PC-SFERRARI" duration="00:00:00.0000034" startTime="2021-05-07T09:57:30.2866182+01:00" endTime="2021-05-07T09:57:30.2883519+01:00" testType="13cdc9d9-ddb5-4fa4-a97d-d965ccfc6d4b" outcome="Passed" testListId="8c84fa94-04c1-424b-9868-57a2d4851a1d" relativeResultsDirectory="41e1734e-9e01-42a1-a7c7-d16d3197b541" dataRowInfo="11" resultType="DataDrivenDataRow" />
      </InnerResults>
    </UnitTestResult>
    <UnitTestResult executionId="3d9a5072-b21e-4e1a-8d9c-2d65b0cef158" testId="f17b6f1f-06a9-5318-815f-4c3950fdd0cb" testName="CreateSHA512_Passing_Invalid_Arguments_Returns_ApplicationException" computerName="PC-SFERRARI" duration="00:00:00.0013708" startTime="2021-05-07T09:57:30.6447715+01:00" endTime="2021-05-07T09:57:30.6463370+01:00" testType="13cdc9d9-ddb5-4fa4-a97d-d965ccfc6d4b" outcome="Passed" testListId="8c84fa94-04c1-424b-9868-57a2d4851a1d" relativeResultsDirectory="3d9a5072-b21e-4e1a-8d9c-2d65b0cef158" resultType="DataDrivenTest">
      <InnerResults>
        <UnitTestResult executionId="8dcdb283-1ca7-43f8-a83f-f3014a13f07d" parentExecutionId="3d9a5072-b21e-4e1a-8d9c-2d65b0cef158" testId="f17b6f1f-06a9-5318-815f-4c3950fdd0cb" testName="CreateSHA512_Passing_Invalid_Arguments_Returns_ApplicationException ()" computerName="PC-SFERRARI" duration="00:00:00.0009882" startTime="2021-05-07T09:57:30.6447715+01:00" endTime="2021-05-07T09:57:30.6463370+01:00" testType="13cdc9d9-ddb5-4fa4-a97d-d965ccfc6d4b" outcome="Passed" testListId="8c84fa94-04c1-424b-9868-57a2d4851a1d" relativeResultsDirectory="8dcdb283-1ca7-43f8-a83f-f3014a13f07d" dataRowInfo="1" resultType="DataDrivenDataRow" />
        <UnitTestResult executionId="f67653d0-2518-4ea6-9cd1-27ccef0a0ff9" parentExecutionId="3d9a5072-b21e-4e1a-8d9c-2d65b0cef158" testId="f17b6f1f-06a9-5318-815f-4c3950fdd0cb" testName="CreateSHA512_Passing_Invalid_Arguments_Returns_ApplicationException ()" computerName="PC-SFERRARI" duration="00:00:00.0001558" startTime="2021-05-07T09:57:30.6447715+01:00" endTime="2021-05-07T09:57:30.6463370+01:00" testType="13cdc9d9-ddb5-4fa4-a97d-d965ccfc6d4b" outcome="Passed" testListId="8c84fa94-04c1-424b-9868-57a2d4851a1d" relativeResultsDirectory="f67653d0-2518-4ea6-9cd1-27ccef0a0ff9" dataRowInfo="2" resultType="DataDrivenDataRow" />
        <UnitTestResult executionId="43ebdd69-787a-496b-8183-684c784cc4a5" parentExecutionId="3d9a5072-b21e-4e1a-8d9c-2d65b0cef158" testId="f17b6f1f-06a9-5318-815f-4c3950fdd0cb" testName="CreateSHA512_Passing_Invalid_Arguments_Returns_ApplicationException ( )" computerName="PC-SFERRARI" duration="00:00:00.0000977" startTime="2021-05-07T09:57:30.6447715+01:00" endTime="2021-05-07T09:57:30.6463370+01:00" testType="13cdc9d9-ddb5-4fa4-a97d-d965ccfc6d4b" outcome="Passed" testListId="8c84fa94-04c1-424b-9868-57a2d4851a1d" relativeResultsDirectory="43ebdd69-787a-496b-8183-684c784cc4a5" dataRowInfo="3" resultType="DataDrivenDataRow" />
      </InnerResults>
    </UnitTestResult>
    <UnitTestResult executionId="b3e53014-fda8-4b9b-b791-1036a1b8e851" testId="313cfb2c-8c3b-337b-12f8-296f8611376d" testName="ToConfigureOrDefault_Passing_ActionCustomValues_Returns_CustomValues" computerName="PC-SFERRARI" duration="00:00:00.0075626" startTime="2021-05-07T09:57:28.6896516+01:00" endTime="2021-05-07T09:57:28.7454696+01:00" testType="13cdc9d9-ddb5-4fa4-a97d-d965ccfc6d4b" outcome="Passed" testListId="8c84fa94-04c1-424b-9868-57a2d4851a1d" relativeResultsDirectory="b3e53014-fda8-4b9b-b791-1036a1b8e851" />
    <UnitTestResult executionId="a4ca3c3b-6066-475e-be59-66e94d0d524e" testId="a1095294-226e-a0f0-0154-11290289c9db" testName="ToStringFormat_Passing_ValidValue_Returns_ValueWithoutRemovedChars" computerName="PC-SFERRARI" duration="00:00:00.0004932" startTime="2021-05-07T09:57:30.0705071+01:00" endTime="2021-05-07T09:57:30.0713751+01:00" testType="13cdc9d9-ddb5-4fa4-a97d-d965ccfc6d4b" outcome="Passed" testListId="8c84fa94-04c1-424b-9868-57a2d4851a1d" relativeResultsDirectory="a4ca3c3b-6066-475e-be59-66e94d0d524e" resultType="DataDrivenTest">
      <InnerResults>
        <UnitTestResult executionId="f5062575-8641-4bd1-8ece-00311e0614c8" parentExecutionId="a4ca3c3b-6066-475e-be59-66e94d0d524e" testId="a1095294-226e-a0f0-0154-11290289c9db" testName="ToStringFormat_Passing_ValidValue_Returns_ValueWithoutRemovedChars (0)" computerName="PC-SFERRARI" duration="00:00:00.0003554" startTime="2021-05-07T09:57:30.0705071+01:00" endTime="2021-05-07T09:57:30.0713751+01:00" testType="13cdc9d9-ddb5-4fa4-a97d-d965ccfc6d4b" outcome="Passed" testListId="8c84fa94-04c1-424b-9868-57a2d4851a1d" relativeResultsDirectory="f5062575-8641-4bd1-8ece-00311e0614c8" dataRowInfo="1" resultType="DataDrivenDataRow" />
        <UnitTestResult executionId="f4fb2a5e-f794-4772-ab76-b2eeb91ace50" parentExecutionId="a4ca3c3b-6066-475e-be59-66e94d0d524e" testId="a1095294-226e-a0f0-0154-11290289c9db" testName="ToStringFormat_Passing_ValidValue_Returns_ValueWithoutRemovedChars (1)" computerName="PC-SFERRARI" duration="00:00:00.0000040" startTime="2021-05-07T09:57:30.0705071+01:00" endTime="2021-05-07T09:57:30.0713751+01:00" testType="13cdc9d9-ddb5-4fa4-a97d-d965ccfc6d4b" outcome="Passed" testListId="8c84fa94-04c1-424b-9868-57a2d4851a1d" relativeResultsDirectory="f4fb2a5e-f794-4772-ab76-b2eeb91ace50" dataRowInfo="2" resultType="DataDrivenDataRow" />
        <UnitTestResult executionId="313db63f-ee53-407c-b98c-d5041fdace95" parentExecutionId="a4ca3c3b-6066-475e-be59-66e94d0d524e" testId="a1095294-226e-a0f0-0154-11290289c9db" testName="ToStringFormat_Passing_ValidValue_Returns_ValueWithoutRemovedChars (-1)" computerName="PC-SFERRARI" duration="00:00:00.0000089" startTime="2021-05-07T09:57:30.0705071+01:00" endTime="2021-05-07T09:57:30.0713751+01:00" testType="13cdc9d9-ddb5-4fa4-a97d-d965ccfc6d4b" outcome="Passed" testListId="8c84fa94-04c1-424b-9868-57a2d4851a1d" relativeResultsDirectory="313db63f-ee53-407c-b98c-d5041fdace95" dataRowInfo="3" resultType="DataDrivenDataRow" />
        <UnitTestResult executionId="24adce9c-7b24-4215-b90e-02fa72945f3a" parentExecutionId="a4ca3c3b-6066-475e-be59-66e94d0d524e" testId="a1095294-226e-a0f0-0154-11290289c9db" testName="ToStringFormat_Passing_ValidValue_Returns_ValueWithoutRemovedChars (2147483647)" computerName="PC-SFERRARI" duration="00:00:00.0000025" startTime="2021-05-07T09:57:30.0705071+01:00" endTime="2021-05-07T09:57:30.0713751+01:00" testType="13cdc9d9-ddb5-4fa4-a97d-d965ccfc6d4b" outcome="Passed" testListId="8c84fa94-04c1-424b-9868-57a2d4851a1d" relativeResultsDirectory="24adce9c-7b24-4215-b90e-02fa72945f3a" dataRowInfo="4" resultType="DataDrivenDataRow" />
        <UnitTestResult executionId="d673fe6b-c31b-4100-81c0-bbf7be63df3d" parentExecutionId="a4ca3c3b-6066-475e-be59-66e94d0d524e" testId="a1095294-226e-a0f0-0154-11290289c9db" testName="ToStringFormat_Passing_ValidValue_Returns_ValueWithoutRemovedChars (-2147483648)" computerName="PC-SFERRARI" duration="00:00:00.0000023" startTime="2021-05-07T09:57:30.0705071+01:00" endTime="2021-05-07T09:57:30.0713751+01:00" testType="13cdc9d9-ddb5-4fa4-a97d-d965ccfc6d4b" outcome="Passed" testListId="8c84fa94-04c1-424b-9868-57a2d4851a1d" relativeResultsDirectory="d673fe6b-c31b-4100-81c0-bbf7be63df3d" dataRowInfo="5" resultType="DataDrivenDataRow" />
      </InnerResults>
    </UnitTestResult>
    <UnitTestResult executionId="f6ad87ba-3559-4667-a66a-85ef8622a737" testId="08f63e9f-68bb-2ff4-88d9-c74b03747527" testName="ResultOkData_WithData" computerName="PC-SFERRARI" duration="00:00:00.0102147" startTime="2021-05-07T09:57:30.6572420+01:00" endTime="2021-05-07T09:57:30.6675706+01:00" testType="13cdc9d9-ddb5-4fa4-a97d-d965ccfc6d4b" outcome="Passed" testListId="8c84fa94-04c1-424b-9868-57a2d4851a1d" relativeResultsDirectory="f6ad87ba-3559-4667-a66a-85ef8622a737" />
    <UnitTestResult executionId="f09adf62-ce60-4f09-a9d5-2a60add949c9" testId="31126d50-f667-908c-85f3-09f9d9272df9" testName="ToEnvironment_Passing_Production_Enviroment_Returns_Production_Name" computerName="PC-SFERRARI" duration="00:00:00.0016759" startTime="2021-05-07T09:57:29.3616694+01:00" endTime="2021-05-07T09:57:29.3636123+01:00" testType="13cdc9d9-ddb5-4fa4-a97d-d965ccfc6d4b" outcome="Passed" testListId="8c84fa94-04c1-424b-9868-57a2d4851a1d" relativeResultsDirectory="f09adf62-ce60-4f09-a9d5-2a60add949c9" />
    <UnitTestResult executionId="849938e4-8897-452c-a14e-f4559e8c949a" testId="43c10c64-8836-30db-afbe-d1657a7dd9d8" testName="ToHeader_Passing_HttpRequest_Header_Many_Values_Returns_Values" computerName="PC-SFERRARI" duration="00:00:00.0528187" startTime="2021-05-07T09:57:29.6710774+01:00" endTime="2021-05-07T09:57:29.7242105+01:00" testType="13cdc9d9-ddb5-4fa4-a97d-d965ccfc6d4b" outcome="Passed" testListId="8c84fa94-04c1-424b-9868-57a2d4851a1d" relativeResultsDirectory="849938e4-8897-452c-a14e-f4559e8c949a" />
    <UnitTestResult executionId="52c233bf-f5c9-49cf-ae02-a3bf53de9005" testId="ab274dac-b194-4e0f-6fab-a20667b535a8" testName="ToMapMerge_Passing_Destination_Object_Returns_Merged_Destination_Object" computerName="PC-SFERRARI" duration="00:00:00.0140416" startTime="2021-05-07T09:57:29.0690902+01:00" endTime="2021-05-07T09:57:29.0832432+01:00" testType="13cdc9d9-ddb5-4fa4-a97d-d965ccfc6d4b" outcome="Passed" testListId="8c84fa94-04c1-424b-9868-57a2d4851a1d" relativeResultsDirectory="52c233bf-f5c9-49cf-ae02-a3bf53de9005" />
    <UnitTestResult executionId="c8332a1f-76df-4f75-95c6-59d426c67382" testId="1577c538-d1be-5b59-2b09-8e59b0be5fcd" testName="ToSettings_Passing_Values_From_AppSettingsFile_Returns_Settings" computerName="PC-SFERRARI" duration="00:00:00.0333838" startTime="2021-05-07T09:57:30.1476514+01:00" endTime="2021-05-07T09:57:30.1811724+01:00" testType="13cdc9d9-ddb5-4fa4-a97d-d965ccfc6d4b" outcome="Passed" testListId="8c84fa94-04c1-424b-9868-57a2d4851a1d" relativeResultsDirectory="c8332a1f-76df-4f75-95c6-59d426c67382" />
    <UnitTestResult executionId="d5729d57-ee0d-4ad1-845e-6e925b71cc9f" testId="e608205e-4953-e9a3-1956-895ed42ab083" testName="IsFileExtension_Passing_InvalidArguments_Returns_HasErrorsAndCount" computerName="PC-SFERRARI" duration="00:00:00.0001786" startTime="2021-05-07T09:57:30.6004526+01:00" endTime="2021-05-07T09:57:30.6007190+01:00" testType="13cdc9d9-ddb5-4fa4-a97d-d965ccfc6d4b" outcome="Passed" testListId="8c84fa94-04c1-424b-9868-57a2d4851a1d" relativeResultsDirectory="d5729d57-ee0d-4ad1-845e-6e925b71cc9f" />
    <UnitTestResult executionId="4f5b2480-ad66-4e21-8118-c280599c9ce6" testId="8a5cc6e0-e73e-2131-64bd-e73fc6c2a32e" testName="IsRange_Passing_InvalidArguments_Returns_HasErrorsAndCount" computerName="PC-SFERRARI" duration="00:00:00.0011876" startTime="2021-05-07T09:57:30.5904851+01:00" endTime="2021-05-07T09:57:30.5919513+01:00" testType="13cdc9d9-ddb5-4fa4-a97d-d965ccfc6d4b" outcome="Passed" testListId="8c84fa94-04c1-424b-9868-57a2d4851a1d" relativeResultsDirectory="4f5b2480-ad66-4e21-8118-c280599c9ce6" />
    <UnitTestResult executionId="1395fa19-3697-4ee0-befa-6201731cb915" testId="3721d3c1-7c03-ad84-143f-64bfeb5b314e" testName="ToAssembly_Passing_ValidValueAssemblyString_Returns_Assembly" computerName="PC-SFERRARI" duration="00:00:00.0002159" startTime="2021-05-07T09:57:30.5509244+01:00" endTime="2021-05-07T09:57:30.5512331+01:00" testType="13cdc9d9-ddb5-4fa4-a97d-d965ccfc6d4b" outcome="Passed" testListId="8c84fa94-04c1-424b-9868-57a2d4851a1d" relativeResultsDirectory="1395fa19-3697-4ee0-befa-6201731cb915" />
    <UnitTestResult executionId="b42b0329-17db-4951-b0e6-8022f1d9f87d" testId="ee30e1f9-ce80-c70a-1b56-b7e02750ae26" testName="IsDirectory_Passing_InvalidArguments_Returns_HasErrorsAndCount" computerName="PC-SFERRARI" duration="00:00:00.0002543" startTime="2021-05-07T09:57:30.5997459+01:00" endTime="2021-05-07T09:57:30.6000953+01:00" testType="13cdc9d9-ddb5-4fa4-a97d-d965ccfc6d4b" outcome="Passed" testListId="8c84fa94-04c1-424b-9868-57a2d4851a1d" relativeResultsDirectory="b42b0329-17db-4951-b0e6-8022f1d9f87d" />
    <UnitTestResult executionId="c304f534-9092-4e8e-a0c5-a69cd6ea3a28" testId="06b145c3-38af-bef9-3a11-59191b7a7e3e" testName="ResultBadRequest_WithErrors_Dictionary" computerName="PC-SFERRARI" duration="00:00:00.0022522" startTime="2021-05-07T09:57:30.6858585+01:00" endTime="2021-05-07T09:57:30.6882746+01:00" testType="13cdc9d9-ddb5-4fa4-a97d-d965ccfc6d4b" outcome="Passed" testListId="8c84fa94-04c1-424b-9868-57a2d4851a1d" relativeResultsDirectory="c304f534-9092-4e8e-a0c5-a69cd6ea3a28" />
    <UnitTestResult executionId="06001bb2-2fba-4215-abbb-bff2075ac764" testId="4d9bde6c-668c-a1d3-dc60-edcfc6a4082c" testName="IsLess_Passing_InvalidArguments_Returns_HasErrorsAndCount" computerName="PC-SFERRARI" duration="00:00:00.0039791" startTime="2021-05-07T09:57:30.5788319+01:00" endTime="2021-05-07T09:57:30.5830029+01:00" testType="13cdc9d9-ddb5-4fa4-a97d-d965ccfc6d4b" outcome="Passed" testListId="8c84fa94-04c1-424b-9868-57a2d4851a1d" relativeResultsDirectory="06001bb2-2fba-4215-abbb-bff2075ac764" />
    <UnitTestResult executionId="da9ff902-b94e-4e95-b45a-7bb761003385" testId="86b92527-4d52-052b-63ae-d9a8aa694919" testName="ToSettings_Passing_Values_From_Memory_Returns_Settings" computerName="PC-SFERRARI" duration="00:00:00.0010748" startTime="2021-05-07T09:57:30.1812090+01:00" endTime="2021-05-07T09:57:30.1823995+01:00" testType="13cdc9d9-ddb5-4fa4-a97d-d965ccfc6d4b" outcome="Passed" testListId="8c84fa94-04c1-424b-9868-57a2d4851a1d" relativeResultsDirectory="da9ff902-b94e-4e95-b45a-7bb761003385" />
    <UnitTestResult executionId="8299c761-b19a-4558-ada9-53152c67f963" testId="c330741e-ad40-618c-36cc-508c135d2b95" testName="ToService_Passing_NotFound_Service_Returns_Null" computerName="PC-SFERRARI" duration="00:00:00.0000900" startTime="2021-05-07T09:57:30.0990926+01:00" endTime="2021-05-07T09:57:30.0992466+01:00" testType="13cdc9d9-ddb5-4fa4-a97d-d965ccfc6d4b" outcome="Passed" testListId="8c84fa94-04c1-424b-9868-57a2d4851a1d" relativeResultsDirectory="8299c761-b19a-4558-ada9-53152c67f963" />
    <UnitTestResult executionId="5fc112af-b6b6-473a-811e-50cefa2e84ce" testId="1f173fff-9060-8c18-f825-225901225244" testName="ToStartOfWeek_Passing_DateTime_Returns_Start_Of_Week_DateTime" computerName="PC-SFERRARI" duration="00:00:00.0003157" startTime="2021-05-07T09:57:29.6042324+01:00" endTime="2021-05-07T09:57:29.6047063+01:00" testType="13cdc9d9-ddb5-4fa4-a97d-d965ccfc6d4b" outcome="Passed" testListId="8c84fa94-04c1-424b-9868-57a2d4851a1d" relativeResultsDirectory="5fc112af-b6b6-473a-811e-50cefa2e84ce" />
    <UnitTestResult executionId="a9fbe82b-1d6e-43ae-829e-e70625078d57" testId="5517211d-203c-115f-7dc1-6f48da8ab75b" testName="ToFirstLetterUpper_Passing_ValidValue_Returns_StringWithFirstLetterUpper" computerName="PC-SFERRARI" duration="00:00:00.0002545" startTime="2021-05-07T09:57:30.2377262+01:00" endTime="2021-05-07T09:57:30.2381037+01:00" testType="13cdc9d9-ddb5-4fa4-a97d-d965ccfc6d4b" outcome="Passed" testListId="8c84fa94-04c1-424b-9868-57a2d4851a1d" relativeResultsDirectory="a9fbe82b-1d6e-43ae-829e-e70625078d57" resultType="DataDrivenTest">
      <InnerResults>
        <UnitTestResult executionId="5acbd128-8fa2-46eb-b52b-60181d38959f" parentExecutionId="a9fbe82b-1d6e-43ae-829e-e70625078d57" testId="5517211d-203c-115f-7dc1-6f48da8ab75b" testName="ToFirstLetterUpper_Passing_ValidValue_Returns_StringWithFirstLetterUpper (aeiou,Aeiou)" computerName="PC-SFERRARI" duration="00:00:00.0001171" startTime="2021-05-07T09:57:30.2377262+01:00" endTime="2021-05-07T09:57:30.2381037+01:00" testType="13cdc9d9-ddb5-4fa4-a97d-d965ccfc6d4b" outcome="Passed" testListId="8c84fa94-04c1-424b-9868-57a2d4851a1d" relativeResultsDirectory="5acbd128-8fa2-46eb-b52b-60181d38959f" dataRowInfo="1" resultType="DataDrivenDataRow" />
        <UnitTestResult executionId="285c2f65-26e3-4234-b909-32b937e52a02" parentExecutionId="a9fbe82b-1d6e-43ae-829e-e70625078d57" testId="5517211d-203c-115f-7dc1-6f48da8ab75b" testName="ToFirstLetterUpper_Passing_ValidValue_Returns_StringWithFirstLetterUpper (aEIOU,AEIOU)" computerName="PC-SFERRARI" duration="00:00:00.0000057" startTime="2021-05-07T09:57:30.2377262+01:00" endTime="2021-05-07T09:57:30.2381037+01:00" testType="13cdc9d9-ddb5-4fa4-a97d-d965ccfc6d4b" outcome="Passed" testListId="8c84fa94-04c1-424b-9868-57a2d4851a1d" relativeResultsDirectory="285c2f65-26e3-4234-b909-32b937e52a02" dataRowInfo="2" resultType="DataDrivenDataRow" />
        <UnitTestResult executionId="c841ed34-284e-4fda-bf1d-a5bb7f1bd84d" parentExecutionId="a9fbe82b-1d6e-43ae-829e-e70625078d57" testId="5517211d-203c-115f-7dc1-6f48da8ab75b" testName="ToFirstLetterUpper_Passing_ValidValue_Returns_StringWithFirstLetterUpper (aeioU,AeioU)" computerName="PC-SFERRARI" duration="00:00:00.0000038" startTime="2021-05-07T09:57:30.2377262+01:00" endTime="2021-05-07T09:57:30.2381037+01:00" testType="13cdc9d9-ddb5-4fa4-a97d-d965ccfc6d4b" outcome="Passed" testListId="8c84fa94-04c1-424b-9868-57a2d4851a1d" relativeResultsDirectory="c841ed34-284e-4fda-bf1d-a5bb7f1bd84d" dataRowInfo="3" resultType="DataDrivenDataRow" />
        <UnitTestResult executionId="a914706b-2182-4258-b40a-de34cf00a1b4" parentExecutionId="a9fbe82b-1d6e-43ae-829e-e70625078d57" testId="5517211d-203c-115f-7dc1-6f48da8ab75b" testName="ToFirstLetterUpper_Passing_ValidValue_Returns_StringWithFirstLetterUpper (AEIOU,AEIOU)" computerName="PC-SFERRARI" duration="00:00:00.0000044" startTime="2021-05-07T09:57:30.2377262+01:00" endTime="2021-05-07T09:57:30.2381037+01:00" testType="13cdc9d9-ddb5-4fa4-a97d-d965ccfc6d4b" outcome="Passed" testListId="8c84fa94-04c1-424b-9868-57a2d4851a1d" relativeResultsDirectory="a914706b-2182-4258-b40a-de34cf00a1b4" dataRowInfo="4" resultType="DataDrivenDataRow" />
        <UnitTestResult executionId="4269fee2-dbdf-4ae5-9edc-5db271c3a2dd" parentExecutionId="a9fbe82b-1d6e-43ae-829e-e70625078d57" testId="5517211d-203c-115f-7dc1-6f48da8ab75b" testName="ToFirstLetterUpper_Passing_ValidValue_Returns_StringWithFirstLetterUpper (Aeiou,Aeiou)" computerName="PC-SFERRARI" duration="00:00:00.0000035" startTime="2021-05-07T09:57:30.2377262+01:00" endTime="2021-05-07T09:57:30.2381037+01:00" testType="13cdc9d9-ddb5-4fa4-a97d-d965ccfc6d4b" outcome="Passed" testListId="8c84fa94-04c1-424b-9868-57a2d4851a1d" relativeResultsDirectory="4269fee2-dbdf-4ae5-9edc-5db271c3a2dd" dataRowInfo="5" resultType="DataDrivenDataRow" />
      </InnerResults>
    </UnitTestResult>
    <UnitTestResult executionId="afda7a17-cfc9-46a1-887a-127cfca19b9c" testId="430dec51-b9df-7e06-fff9-78e6d362c2d8" testName="CreateRandom_WithCustomAllowableCharacters_Passing_Valid_Arguments_Returns_String_Random_Value" computerName="PC-SFERRARI" duration="00:00:00.0001800" startTime="2021-05-07T09:57:30.6328380+01:00" endTime="2021-05-07T09:57:30.6331188+01:00" testType="13cdc9d9-ddb5-4fa4-a97d-d965ccfc6d4b" outcome="Passed" testListId="8c84fa94-04c1-424b-9868-57a2d4851a1d" relativeResultsDirectory="afda7a17-cfc9-46a1-887a-127cfca19b9c" resultType="DataDrivenTest">
      <InnerResults>
        <UnitTestResult executionId="d83b1768-78df-4c20-97ab-69ebc79bc06c" parentExecutionId="afda7a17-cfc9-46a1-887a-127cfca19b9c" testId="430dec51-b9df-7e06-fff9-78e6d362c2d8" testName="CreateRandom_WithCustomAllowableCharacters_Passing_Valid_Arguments_Returns_String_Random_Value (8,ae)" computerName="PC-SFERRARI" duration="00:00:00.0000897" startTime="2021-05-07T09:57:30.6328380+01:00" endTime="2021-05-07T09:57:30.6331188+01:00" testType="13cdc9d9-ddb5-4fa4-a97d-d965ccfc6d4b" outcome="Passed" testListId="8c84fa94-04c1-424b-9868-57a2d4851a1d" relativeResultsDirectory="d83b1768-78df-4c20-97ab-69ebc79bc06c" dataRowInfo="1" resultType="DataDrivenDataRow" />
        <UnitTestResult executionId="6b822fb6-1f94-4ff5-95b7-0678f8618ff6" parentExecutionId="afda7a17-cfc9-46a1-887a-127cfca19b9c" testId="430dec51-b9df-7e06-fff9-78e6d362c2d8" testName="CreateRandom_WithCustomAllowableCharacters_Passing_Valid_Arguments_Returns_String_Random_Value (5,aeiou123456)" computerName="PC-SFERRARI" duration="00:00:00.0000064" startTime="2021-05-07T09:57:30.6328380+01:00" endTime="2021-05-07T09:57:30.6331188+01:00" testType="13cdc9d9-ddb5-4fa4-a97d-d965ccfc6d4b" outcome="Passed" testListId="8c84fa94-04c1-424b-9868-57a2d4851a1d" relativeResultsDirectory="6b822fb6-1f94-4ff5-95b7-0678f8618ff6" dataRowInfo="2" resultType="DataDrivenDataRow" />
        <UnitTestResult executionId="9d268c84-0804-455b-957b-32edb6490e6e" parentExecutionId="afda7a17-cfc9-46a1-887a-127cfca19b9c" testId="430dec51-b9df-7e06-fff9-78e6d362c2d8" testName="CreateRandom_WithCustomAllowableCharacters_Passing_Valid_Arguments_Returns_String_Random_Value (10,7890ABFLFLFFL)" computerName="PC-SFERRARI" duration="00:00:00.0000047" startTime="2021-05-07T09:57:30.6328380+01:00" endTime="2021-05-07T09:57:30.6331188+01:00" testType="13cdc9d9-ddb5-4fa4-a97d-d965ccfc6d4b" outcome="Passed" testListId="8c84fa94-04c1-424b-9868-57a2d4851a1d" relativeResultsDirectory="9d268c84-0804-455b-957b-32edb6490e6e" dataRowInfo="3" resultType="DataDrivenDataRow" />
        <UnitTestResult executionId="d3fc65df-5d14-4927-b93f-49108b0f000d" parentExecutionId="afda7a17-cfc9-46a1-887a-127cfca19b9c" testId="430dec51-b9df-7e06-fff9-78e6d362c2d8" testName="CreateRandom_WithCustomAllowableCharacters_Passing_Valid_Arguments_Returns_String_Random_Value (20,qazwscefbthmiklp09876543)" computerName="PC-SFERRARI" duration="00:00:00.0000046" startTime="2021-05-07T09:57:30.6328380+01:00" endTime="2021-05-07T09:57:30.6331188+01:00" testType="13cdc9d9-ddb5-4fa4-a97d-d965ccfc6d4b" outcome="Passed" testListId="8c84fa94-04c1-424b-9868-57a2d4851a1d" relativeResultsDirectory="d3fc65df-5d14-4927-b93f-49108b0f000d" dataRowInfo="4" resultType="DataDrivenDataRow" />
      </InnerResults>
    </UnitTestResult>
    <UnitTestResult executionId="2a442a7c-7e77-46ff-80cc-b1113236b845" testId="1dab5b85-21d2-af6f-92e5-af8126f0e2fb" testName="ToIsNameThrow_Passing_InvalidValue_Returns_ApplicationExceptionWithMessage" computerName="PC-SFERRARI" duration="00:00:00.0042932" startTime="2021-05-07T09:57:29.4409933+01:00" endTime="2021-05-07T09:57:29.4455238+01:00" testType="13cdc9d9-ddb5-4fa4-a97d-d965ccfc6d4b" outcome="Passed" testListId="8c84fa94-04c1-424b-9868-57a2d4851a1d" relativeResultsDirectory="2a442a7c-7e77-46ff-80cc-b1113236b845" />
    <UnitTestResult executionId="edaa010e-131d-49ce-b5fb-596b7c57ca50" testId="4ead3f79-a54e-1b96-838c-d0c2f491cb0d" testName="ToAge_Passing_Birthday_DateTime_Returns_Age" computerName="PC-SFERRARI" duration="00:00:00.0005524" startTime="2021-05-07T09:57:29.5950097+01:00" endTime="2021-05-07T09:57:29.5956673+01:00" testType="13cdc9d9-ddb5-4fa4-a97d-d965ccfc6d4b" outcome="Passed" testListId="8c84fa94-04c1-424b-9868-57a2d4851a1d" relativeResultsDirectory="edaa010e-131d-49ce-b5fb-596b7c57ca50" />
    <UnitTestResult executionId="0629f3ed-e976-4b32-b46d-4db75cc131fb" testId="fa00d2a8-59b9-ad9e-caa1-a0c9e3156db1" testName="ToGetAll_Passing_Claims_Returns_Claim_Value_Int_List" computerName="PC-SFERRARI" duration="00:00:00.0064668" startTime="2021-05-07T09:57:29.5706084+01:00" endTime="2021-05-07T09:57:29.5772416+01:00" testType="13cdc9d9-ddb5-4fa4-a97d-d965ccfc6d4b" outcome="Passed" testListId="8c84fa94-04c1-424b-9868-57a2d4851a1d" relativeResultsDirectory="0629f3ed-e976-4b32-b46d-4db75cc131fb" />
    <UnitTestResult executionId="a6088eae-91fb-436a-aeff-d3a8d899d98d" testId="0b00f09d-f7e4-fb1e-68ad-8102cf6143e0" testName="ToPaged_Passing_Name_Descending_Order_Returns_Filter_List" computerName="PC-SFERRARI" duration="00:00:00.0004218" startTime="2021-05-07T09:57:30.0919524+01:00" endTime="2021-05-07T09:57:30.0924591+01:00" testType="13cdc9d9-ddb5-4fa4-a97d-d965ccfc6d4b" outcome="Passed" testListId="8c84fa94-04c1-424b-9868-57a2d4851a1d" relativeResultsDirectory="a6088eae-91fb-436a-aeff-d3a8d899d98d" />
    <UnitTestResult executionId="e05d1a4e-3571-430d-bcdb-cc104b2f055e" testId="d6d04f4a-9142-b816-d673-c4abf49a39ad" testName="ToDisplay_Passing_Enumeration_Name_Returns_Display_Atributte" computerName="PC-SFERRARI" duration="00:00:00.0018024" startTime="2021-05-07T09:57:29.6138939+01:00" endTime="2021-05-07T09:57:29.6157994+01:00" testType="13cdc9d9-ddb5-4fa4-a97d-d965ccfc6d4b" outcome="Passed" testListId="8c84fa94-04c1-424b-9868-57a2d4851a1d" relativeResultsDirectory="e05d1a4e-3571-430d-bcdb-cc104b2f055e" />
    <UnitTestResult executionId="2d65f7a0-b76b-4d53-b687-24c7eaa8c846" testId="65b9b71b-a8d5-2a7d-a8a7-0e3a015e6b68" testName="ToDirectoryTemporary_Passing_ValidValue_Returns_DirectoryExists" computerName="PC-SFERRARI" duration="00:00:00.0018518" startTime="2021-05-07T09:57:30.5460259+01:00" endTime="2021-05-07T09:57:30.5495893+01:00" testType="13cdc9d9-ddb5-4fa4-a97d-d965ccfc6d4b" outcome="Passed" testListId="8c84fa94-04c1-424b-9868-57a2d4851a1d" relativeResultsDirectory="2d65f7a0-b76b-4d53-b687-24c7eaa8c846" />
    <UnitTestResult executionId="3f6e79ae-3a13-4e35-976c-df2123f625cd" testId="0c633595-70e8-b011-5a46-c9c7e1687cb9" testName="ToGet_Passing_Claims_Returns_Claim_Value_String" computerName="PC-SFERRARI" duration="00:00:00.0008771" startTime="2021-05-07T09:57:29.5418065+01:00" endTime="2021-05-07T09:57:29.5428552+01:00" testType="13cdc9d9-ddb5-4fa4-a97d-d965ccfc6d4b" outcome="Passed" testListId="8c84fa94-04c1-424b-9868-57a2d4851a1d" relativeResultsDirectory="3f6e79ae-3a13-4e35-976c-df2123f625cd" />
    <UnitTestResult executionId="4315e52e-19b9-4321-afcb-d05799592eee" testId="18040ed3-941e-dd1e-cb8c-4d34d103f370" testName="ToIsWeekend_Passing_Saturday_DateTime_Returns_True" computerName="PC-SFERRARI" duration="00:00:00.0002031" startTime="2021-05-07T09:57:29.5943593+01:00" endTime="2021-05-07T09:57:29.5946721+01:00" testType="13cdc9d9-ddb5-4fa4-a97d-d965ccfc6d4b" outcome="Passed" testListId="8c84fa94-04c1-424b-9868-57a2d4851a1d" relativeResultsDirectory="4315e52e-19b9-4321-afcb-d05799592eee" />
    <UnitTestResult executionId="a402fa10-7cf0-482d-a12a-1cfccdf942e6" testId="447ced0a-6221-43ff-44ab-4ee12ee4d012" testName="IsDomain_Passing_ValidArguments_Returns_HasErrorsAndCount" computerName="PC-SFERRARI" duration="00:00:00.0002448" startTime="2021-05-07T09:57:30.6092494+01:00" endTime="2021-05-07T09:57:30.6096168+01:00" testType="13cdc9d9-ddb5-4fa4-a97d-d965ccfc6d4b" outcome="Passed" testListId="8c84fa94-04c1-424b-9868-57a2d4851a1d" relativeResultsDirectory="a402fa10-7cf0-482d-a12a-1cfccdf942e6" />
    <UnitTestResult executionId="0b5b20c0-750c-49e8-93e3-1b117d623edf" testId="d0b36a04-4127-30ad-3e5f-debee628dde9" testName="ResultDataInternalServerError" computerName="PC-SFERRARI" duration="00:00:00.0005372" startTime="2021-05-07T09:57:30.6966105+01:00" endTime="2021-05-07T09:57:30.6972608+01:00" testType="13cdc9d9-ddb5-4fa4-a97d-d965ccfc6d4b" outcome="Passed" testListId="8c84fa94-04c1-424b-9868-57a2d4851a1d" relativeResultsDirectory="0b5b20c0-750c-49e8-93e3-1b117d623edf" />
    <UnitTestResult executionId="f28311b0-8a62-423e-ae67-ed046fbfabf7" testId="3443f7f5-ee1a-f375-e5b1-f7ffa940c0db" testName="ToIsLastDayOfTheMonth_Passing_NotLastDayOfMonth_Returns_False" computerName="PC-SFERRARI" duration="00:00:00.0004600" startTime="2021-05-07T09:57:29.5956962+01:00" endTime="2021-05-07T09:57:29.5962694+01:00" testType="13cdc9d9-ddb5-4fa4-a97d-d965ccfc6d4b" outcome="Passed" testListId="8c84fa94-04c1-424b-9868-57a2d4851a1d" relativeResultsDirectory="f28311b0-8a62-423e-ae67-ed046fbfabf7" />
    <UnitTestResult executionId="e4033789-8c72-415f-bf62-c8ce3ba2d62b" testId="006d3c07-11d3-9f4b-c045-6799df52bbfb" testName="IsLowercase_Passing_ValidArguments_Returns_HasErrorsAndCount" computerName="PC-SFERRARI" duration="00:00:00.0001289" startTime="2021-05-07T09:57:30.6189082+01:00" endTime="2021-05-07T09:57:30.6191151+01:00" testType="13cdc9d9-ddb5-4fa4-a97d-d965ccfc6d4b" outcome="Passed" testListId="8c84fa94-04c1-424b-9868-57a2d4851a1d" relativeResultsDirectory="e4033789-8c72-415f-bf62-c8ce3ba2d62b" />
    <UnitTestResult executionId="c4aacbad-4b19-4787-a74b-8bdd5619139c" testId="4315ebd1-3e2a-edf0-9de6-c78f08760fe3" testName="ToFirstLetterLower_Passing_ValidValue_Returns_StringWithFirstLetterLower" computerName="PC-SFERRARI" duration="00:00:00.0004963" startTime="2021-05-07T09:57:30.2428881+01:00" endTime="2021-05-07T09:57:30.2435525+01:00" testType="13cdc9d9-ddb5-4fa4-a97d-d965ccfc6d4b" outcome="Passed" testListId="8c84fa94-04c1-424b-9868-57a2d4851a1d" relativeResultsDirectory="c4aacbad-4b19-4787-a74b-8bdd5619139c" resultType="DataDrivenTest">
      <InnerResults>
        <UnitTestResult executionId="e5283ecc-6d87-4e20-8696-ee24a78bf258" parentExecutionId="c4aacbad-4b19-4787-a74b-8bdd5619139c" testId="4315ebd1-3e2a-edf0-9de6-c78f08760fe3" testName="ToFirstLetterLower_Passing_ValidValue_Returns_StringWithFirstLetterLower (aeiou,aeiou)" computerName="PC-SFERRARI" duration="00:00:00.0003445" startTime="2021-05-07T09:57:30.2428881+01:00" endTime="2021-05-07T09:57:30.2435525+01:00" testType="13cdc9d9-ddb5-4fa4-a97d-d965ccfc6d4b" outcome="Passed" testListId="8c84fa94-04c1-424b-9868-57a2d4851a1d" relativeResultsDirectory="e5283ecc-6d87-4e20-8696-ee24a78bf258" dataRowInfo="1" resultType="DataDrivenDataRow" />
        <UnitTestResult executionId="2a44e541-93fb-4d04-985c-348e9cd1a4ba" parentExecutionId="c4aacbad-4b19-4787-a74b-8bdd5619139c" testId="4315ebd1-3e2a-edf0-9de6-c78f08760fe3" testName="ToFirstLetterLower_Passing_ValidValue_Returns_StringWithFirstLetterLower (aEIOU,aEIOU)" computerName="PC-SFERRARI" duration="00:00:00.0000061" startTime="2021-05-07T09:57:30.2428881+01:00" endTime="2021-05-07T09:57:30.2435525+01:00" testType="13cdc9d9-ddb5-4fa4-a97d-d965ccfc6d4b" outcome="Passed" testListId="8c84fa94-04c1-424b-9868-57a2d4851a1d" relativeResultsDirectory="2a44e541-93fb-4d04-985c-348e9cd1a4ba" dataRowInfo="2" resultType="DataDrivenDataRow" />
        <UnitTestResult executionId="5849b6ee-7e72-4ea3-9548-4afab4f8d365" parentExecutionId="c4aacbad-4b19-4787-a74b-8bdd5619139c" testId="4315ebd1-3e2a-edf0-9de6-c78f08760fe3" testName="ToFirstLetterLower_Passing_ValidValue_Returns_StringWithFirstLetterLower (aeioU,aeioU)" computerName="PC-SFERRARI" duration="00:00:00.0000040" startTime="2021-05-07T09:57:30.2428881+01:00" endTime="2021-05-07T09:57:30.2435525+01:00" testType="13cdc9d9-ddb5-4fa4-a97d-d965ccfc6d4b" outcome="Passed" testListId="8c84fa94-04c1-424b-9868-57a2d4851a1d" relativeResultsDirectory="5849b6ee-7e72-4ea3-9548-4afab4f8d365" dataRowInfo="3" resultType="DataDrivenDataRow" />
        <UnitTestResult executionId="2a2eccf6-76aa-45f8-a2a7-8788cfd998f7" parentExecutionId="c4aacbad-4b19-4787-a74b-8bdd5619139c" testId="4315ebd1-3e2a-edf0-9de6-c78f08760fe3" testName="ToFirstLetterLower_Passing_ValidValue_Returns_StringWithFirstLetterLower (AEIOU,aEIOU)" computerName="PC-SFERRARI" duration="00:00:00.0000046" startTime="2021-05-07T09:57:30.2428881+01:00" endTime="2021-05-07T09:57:30.2435525+01:00" testType="13cdc9d9-ddb5-4fa4-a97d-d965ccfc6d4b" outcome="Passed" testListId="8c84fa94-04c1-424b-9868-57a2d4851a1d" relativeResultsDirectory="2a2eccf6-76aa-45f8-a2a7-8788cfd998f7" dataRowInfo="4" resultType="DataDrivenDataRow" />
        <UnitTestResult executionId="b3f4e5e2-e93f-411c-8b4d-8a4a14fbc6f6" parentExecutionId="c4aacbad-4b19-4787-a74b-8bdd5619139c" testId="4315ebd1-3e2a-edf0-9de6-c78f08760fe3" testName="ToFirstLetterLower_Passing_ValidValue_Returns_StringWithFirstLetterLower (Aeiou,aeiou)" computerName="PC-SFERRARI" duration="00:00:00.0000038" startTime="2021-05-07T09:57:30.2428881+01:00" endTime="2021-05-07T09:57:30.2435525+01:00" testType="13cdc9d9-ddb5-4fa4-a97d-d965ccfc6d4b" outcome="Passed" testListId="8c84fa94-04c1-424b-9868-57a2d4851a1d" relativeResultsDirectory="b3f4e5e2-e93f-411c-8b4d-8a4a14fbc6f6" dataRowInfo="5" resultType="DataDrivenDataRow" />
      </InnerResults>
    </UnitTestResult>
    <UnitTestResult executionId="80ce4be1-2fdc-4e59-a76e-f51972e05614" testId="29295413-2308-fade-9c98-0e9ed6c67839" testName="ToDirectoryReadFileAsync_Passing_ValidValue_Returns_False" computerName="PC-SFERRARI" duration="00:00:00.1985427" startTime="2021-05-07T09:57:30.3466604+01:00" endTime="2021-05-07T09:57:30.5455552+01:00" testType="13cdc9d9-ddb5-4fa4-a97d-d965ccfc6d4b" outcome="Passed" testListId="8c84fa94-04c1-424b-9868-57a2d4851a1d" relativeResultsDirectory="80ce4be1-2fdc-4e59-a76e-f51972e05614" />
    <UnitTestResult executionId="f1bd663a-8a04-4ce9-80a3-2bae09d1844c" testId="17a38df3-33e0-71ac-f8cb-dcdd3ade7269" testName="ToDefaultValue_Passing_char_Returns_Cero" computerName="PC-SFERRARI" duration="00:00:00.0003016" startTime="2021-05-07T09:57:29.6411764+01:00" endTime="2021-05-07T09:57:29.6415633+01:00" testType="13cdc9d9-ddb5-4fa4-a97d-d965ccfc6d4b" outcome="Passed" testListId="8c84fa94-04c1-424b-9868-57a2d4851a1d" relativeResultsDirectory="f1bd663a-8a04-4ce9-80a3-2bae09d1844c" resultType="DataDrivenTest">
      <InnerResults>
        <UnitTestResult executionId="2f4848d3-3013-4c9f-b652-ed5b32ca8dbc" parentExecutionId="f1bd663a-8a04-4ce9-80a3-2bae09d1844c" testId="17a38df3-33e0-71ac-f8cb-dcdd3ade7269" testName="ToDefaultValue_Passing_char_Returns_Cero (*)" computerName="PC-SFERRARI" duration="00:00:00.0002583" startTime="2021-05-07T09:57:29.6411764+01:00" endTime="2021-05-07T09:57:29.6415633+01:00" testType="13cdc9d9-ddb5-4fa4-a97d-d965ccfc6d4b" outcome="Passed" testListId="8c84fa94-04c1-424b-9868-57a2d4851a1d" relativeResultsDirectory="2f4848d3-3013-4c9f-b652-ed5b32ca8dbc" dataRowInfo="1" resultType="DataDrivenDataRow" />
      </InnerResults>
    </UnitTestResult>
    <UnitTestResult executionId="f8b06784-1712-4c6f-a7fa-af474746fe34" testId="b9a89fa2-355c-e886-bec5-28d3cf549be6" testName="IsUniqueChars_Passing_InvalidArguments_Returns_HasErrorsAndCount" computerName="PC-SFERRARI" duration="00:00:00.0021284" startTime="2021-05-07T09:57:30.6116882+01:00" endTime="2021-05-07T09:57:30.6138857+01:00" testType="13cdc9d9-ddb5-4fa4-a97d-d965ccfc6d4b" outcome="Passed" testListId="8c84fa94-04c1-424b-9868-57a2d4851a1d" relativeResultsDirectory="f8b06784-1712-4c6f-a7fa-af474746fe34" />
    <UnitTestResult executionId="a654c80a-d710-4ccb-af56-5393250fb3d3" testId="504465b7-a3fe-9023-93b9-ffece1903418" testName="ToEnvironment_ServiceCollection_Passing_Staging_Enviroment_Returns_Staging_Name" computerName="PC-SFERRARI" duration="00:00:00.0004521" startTime="2021-05-07T09:57:30.0967747+01:00" endTime="2021-05-07T09:57:30.0973444+01:00" testType="13cdc9d9-ddb5-4fa4-a97d-d965ccfc6d4b" outcome="Passed" testListId="8c84fa94-04c1-424b-9868-57a2d4851a1d" relativeResultsDirectory="a654c80a-d710-4ccb-af56-5393250fb3d3" />
    <UnitTestResult executionId="fbc6bd25-f224-458b-b37d-899d4ddf650b" testId="aaa46586-7b83-9a88-e835-ae92592f98a3" testName="ToList_Passing_ValidEnumTypeWithResourceType_Returns_ValuesList" computerName="PC-SFERRARI" duration="00:00:00.0013079" startTime="2021-05-07T09:57:30.6296491+01:00" endTime="2021-05-07T09:57:30.6310538+01:00" testType="13cdc9d9-ddb5-4fa4-a97d-d965ccfc6d4b" outcome="Passed" testListId="8c84fa94-04c1-424b-9868-57a2d4851a1d" relativeResultsDirectory="fbc6bd25-f224-458b-b37d-899d4ddf650b" />
    <UnitTestResult executionId="c6112558-c435-4679-8216-e30267f96b6a" testId="c63cd623-e636-5730-a1fa-b18ae782acc7" testName="ToInt_Passing_Enumeration_Name_Returns_Description_Atributte" computerName="PC-SFERRARI" duration="00:00:00.0009410" startTime="2021-05-07T09:57:29.6128576+01:00" endTime="2021-05-07T09:57:29.6138719+01:00" testType="13cdc9d9-ddb5-4fa4-a97d-d965ccfc6d4b" outcome="Passed" testListId="8c84fa94-04c1-424b-9868-57a2d4851a1d" relativeResultsDirectory="c6112558-c435-4679-8216-e30267f96b6a" />
    <UnitTestResult executionId="1aae6c6c-ee0d-4fe6-84e7-7635f4e876f8" testId="73904cd7-b09d-89fc-efca-330cb9d1d1b7" testName="ToConfiguration_Passing_Invalid_DirectoryPath_Returns_ApplicationException" computerName="PC-SFERRARI" duration="00:00:00.0006847" startTime="2021-05-07T09:57:30.1252442+01:00" endTime="2021-05-07T09:57:30.1260446+01:00" testType="13cdc9d9-ddb5-4fa4-a97d-d965ccfc6d4b" outcome="Passed" testListId="8c84fa94-04c1-424b-9868-57a2d4851a1d" relativeResultsDirectory="1aae6c6c-ee0d-4fe6-84e7-7635f4e876f8" />
    <UnitTestResult executionId="f6b2d765-d627-4644-9a99-405f10eb5de4" testId="922c5a5d-5d46-b5de-bcbd-4fac0addd422" testName="IsNullOrAny_Passing_InvalidArguments_Returns_HasErrorsAndCount" computerName="PC-SFERRARI" duration="00:00:00.0018813" startTime="2021-05-07T09:57:30.5665302+01:00" endTime="2021-05-07T09:57:30.5691217+01:00" testType="13cdc9d9-ddb5-4fa4-a97d-d965ccfc6d4b" outcome="Passed" testListId="8c84fa94-04c1-424b-9868-57a2d4851a1d" relativeResultsDirectory="f6b2d765-d627-4644-9a99-405f10eb5de4" />
    <UnitTestResult executionId="e4d362c9-1b6b-4360-aff4-cf57d4b5b9b2" testId="334e3485-05b4-4549-cacd-aef8fff10757" testName="ToDefaultValue_Passing_decimal_Returns_Cero" computerName="PC-SFERRARI" duration="00:00:00.0003071" startTime="2021-05-07T09:57:29.6403346+01:00" endTime="2021-05-07T09:57:29.6407443+01:00" testType="13cdc9d9-ddb5-4fa4-a97d-d965ccfc6d4b" outcome="Passed" testListId="8c84fa94-04c1-424b-9868-57a2d4851a1d" relativeResultsDirectory="e4d362c9-1b6b-4360-aff4-cf57d4b5b9b2" />
    <UnitTestResult executionId="93330d50-a1b5-454b-820f-3669511bae7c" testId="3c82816f-4e62-7440-d30d-abbd53b1dcea" testName="ResultOK" computerName="PC-SFERRARI" duration="00:00:00.0020138" startTime="2021-05-07T09:57:30.6536255+01:00" endTime="2021-05-07T09:57:30.6559900+01:00" testType="13cdc9d9-ddb5-4fa4-a97d-d965ccfc6d4b" outcome="Passed" testListId="8c84fa94-04c1-424b-9868-57a2d4851a1d" relativeResultsDirectory="93330d50-a1b5-454b-820f-3669511bae7c" />
    <UnitTestResult executionId="fa812a83-3c5b-4062-8781-a596c47264ee" testId="66f7bc12-fe2b-fd81-3cbf-5bc4840aa6f8" testName="ToConfiguration_Passing_Key_Values_Returns_Ok" computerName="PC-SFERRARI" duration="00:00:00.0038717" startTime="2021-05-07T09:57:30.1435677+01:00" endTime="2021-05-07T09:57:30.1476136+01:00" testType="13cdc9d9-ddb5-4fa4-a97d-d965ccfc6d4b" outcome="Passed" testListId="8c84fa94-04c1-424b-9868-57a2d4851a1d" relativeResultsDirectory="fa812a83-3c5b-4062-8781-a596c47264ee" />
    <UnitTestResult executionId="e3017afd-6d60-45da-b172-6bece1b8ba00" testId="33545399-79af-5e7f-5179-57fe5645f4be" testName="ToYesterday_Passing_DateTime_Returns_Yesterday_DateTime" computerName="PC-SFERRARI" duration="00:00:00.0002134" startTime="2021-05-07T09:57:29.6047343+01:00" endTime="2021-05-07T09:57:29.6050374+01:00" testType="13cdc9d9-ddb5-4fa4-a97d-d965ccfc6d4b" outcome="Passed" testListId="8c84fa94-04c1-424b-9868-57a2d4851a1d" relativeResultsDirectory="e3017afd-6d60-45da-b172-6bece1b8ba00" />
    <UnitTestResult executionId="b291ce84-f088-4036-bba3-a25b0c285b02" testId="e53d2439-2080-43bd-e38b-a60253b60af1" testName="ToPaged_Passing_Age_Descending_Order_Returns_Filter_List" computerName="PC-SFERRARI" duration="00:00:00.0004547" startTime="2021-05-07T09:57:30.0901357+01:00" endTime="2021-05-07T09:57:30.0906953+01:00" testType="13cdc9d9-ddb5-4fa4-a97d-d965ccfc6d4b" outcome="Passed" testListId="8c84fa94-04c1-424b-9868-57a2d4851a1d" relativeResultsDirectory="b291ce84-f088-4036-bba3-a25b0c285b02" />
    <UnitTestResult executionId="d17add5c-85bf-4e33-b85b-4644dd42b6ba" testId="def94964-1ba4-f78f-2dac-38055bb04256" testName="ToIsEmailThrow_Passing_InvalidValue_Returns_ApplicationExceptionWithMessage" computerName="PC-SFERRARI" duration="00:00:00.0103131" startTime="2021-05-07T09:57:29.4165317+01:00" endTime="2021-05-07T09:57:29.4281142+01:00" testType="13cdc9d9-ddb5-4fa4-a97d-d965ccfc6d4b" outcome="Passed" testListId="8c84fa94-04c1-424b-9868-57a2d4851a1d" relativeResultsDirectory="d17add5c-85bf-4e33-b85b-4644dd42b6ba" resultType="DataDrivenTest">
      <InnerResults>
        <UnitTestResult executionId="275d6ab6-cb6a-4273-9778-f52a4ef5fa8b" parentExecutionId="d17add5c-85bf-4e33-b85b-4644dd42b6ba" testId="def94964-1ba4-f78f-2dac-38055bb04256" testName="ToIsEmailThrow_Passing_InvalidValue_Returns_ApplicationExceptionWithMessage (dasdasd@dsasd.._ff)" computerName="PC-SFERRARI" duration="00:00:00.0066329" startTime="2021-05-07T09:57:29.4165317+01:00" endTime="2021-05-07T09:57:29.4281142+01:00" testType="13cdc9d9-ddb5-4fa4-a97d-d965ccfc6d4b" outcome="Passed" testListId="8c84fa94-04c1-424b-9868-57a2d4851a1d" relativeResultsDirectory="275d6ab6-cb6a-4273-9778-f52a4ef5fa8b" dataRowInfo="1" resultType="DataDrivenDataRow" />
        <UnitTestResult executionId="80d5fefc-f01a-4aef-994c-8fd823dfbbb4" parentExecutionId="d17add5c-85bf-4e33-b85b-4644dd42b6ba" testId="def94964-1ba4-f78f-2dac-38055bb04256" testName="ToIsEmailThrow_Passing_InvalidValue_Returns_ApplicationExceptionWithMessage (34fsds@@sdd.f)" computerName="PC-SFERRARI" duration="00:00:00.0001425" startTime="2021-05-07T09:57:29.4165317+01:00" endTime="2021-05-07T09:57:29.4281142+01:00" testType="13cdc9d9-ddb5-4fa4-a97d-d965ccfc6d4b" outcome="Passed" testListId="8c84fa94-04c1-424b-9868-57a2d4851a1d" relativeResultsDirectory="80d5fefc-f01a-4aef-994c-8fd823dfbbb4" dataRowInfo="2" resultType="DataDrivenDataRow" />
        <UnitTestResult executionId="6ada0aec-b8a9-400a-8da3-827357121ad9" parentExecutionId="d17add5c-85bf-4e33-b85b-4644dd42b6ba" testId="def94964-1ba4-f78f-2dac-38055bb04256" testName="ToIsEmailThrow_Passing_InvalidValue_Returns_ApplicationExceptionWithMessage ()" computerName="PC-SFERRARI" duration="00:00:00.0000964" startTime="2021-05-07T09:57:29.4165317+01:00" endTime="2021-05-07T09:57:29.4281142+01:00" testType="13cdc9d9-ddb5-4fa4-a97d-d965ccfc6d4b" outcome="Passed" testListId="8c84fa94-04c1-424b-9868-57a2d4851a1d" relativeResultsDirectory="6ada0aec-b8a9-400a-8da3-827357121ad9" dataRowInfo="3" resultType="DataDrivenDataRow" />
        <UnitTestResult executionId="c06b7b7f-800e-498a-9d2a-ee8f99aef764" parentExecutionId="d17add5c-85bf-4e33-b85b-4644dd42b6ba" testId="def94964-1ba4-f78f-2dac-38055bb04256" testName="ToIsEmailThrow_Passing_InvalidValue_Returns_ApplicationExceptionWithMessage ()" computerName="PC-SFERRARI" duration="00:00:00.0000805" startTime="2021-05-07T09:57:29.4165317+01:00" endTime="2021-05-07T09:57:29.4281142+01:00" testType="13cdc9d9-ddb5-4fa4-a97d-d965ccfc6d4b" outcome="Passed" testListId="8c84fa94-04c1-424b-9868-57a2d4851a1d" relativeResultsDirectory="c06b7b7f-800e-498a-9d2a-ee8f99aef764" dataRowInfo="4" resultType="DataDrivenDataRow" />
        <UnitTestResult executionId="f5a39ff7-eecc-4d46-8a8c-73c2cfb4c4ba" parentExecutionId="d17add5c-85bf-4e33-b85b-4644dd42b6ba" testId="def94964-1ba4-f78f-2dac-38055bb04256" testName="ToIsEmailThrow_Passing_InvalidValue_Returns_ApplicationExceptionWithMessage (34?fsds@sdd.yy)" computerName="PC-SFERRARI" duration="00:00:00.0000982" startTime="2021-05-07T09:57:29.4165317+01:00" endTime="2021-05-07T09:57:29.4281142+01:00" testType="13cdc9d9-ddb5-4fa4-a97d-d965ccfc6d4b" outcome="Passed" testListId="8c84fa94-04c1-424b-9868-57a2d4851a1d" relativeResultsDirectory="f5a39ff7-eecc-4d46-8a8c-73c2cfb4c4ba" dataRowInfo="5" resultType="DataDrivenDataRow" />
      </InnerResults>
    </UnitTestResult>
    <UnitTestResult executionId="14122c09-a537-44e0-abfd-0b344acb136b" testId="d51ea295-e896-101a-6578-05ae772bcbfb" testName="ToIsSubdomainThrow_Passing_InvalidValue_Returns_ApplicationExceptionWithMessage" computerName="PC-SFERRARI" duration="00:00:00.0033702" startTime="2021-05-07T09:57:29.4281957+01:00" endTime="2021-05-07T09:57:29.4317352+01:00" testType="13cdc9d9-ddb5-4fa4-a97d-d965ccfc6d4b" outcome="Passed" testListId="8c84fa94-04c1-424b-9868-57a2d4851a1d" relativeResultsDirectory="14122c09-a537-44e0-abfd-0b344acb136b" resultType="DataDrivenTest">
      <InnerResults>
        <UnitTestResult executionId="196a73f3-0a73-499a-a965-cc8bc4b6a232" parentExecutionId="14122c09-a537-44e0-abfd-0b344acb136b" testId="d51ea295-e896-101a-6578-05ae772bcbfb" testName="ToIsSubdomainThrow_Passing_InvalidValue_Returns_ApplicationExceptionWithMessage (dasdasd@dsasd.._ff)" computerName="PC-SFERRARI" duration="00:00:00.0028384" startTime="2021-05-07T09:57:29.4281957+01:00" endTime="2021-05-07T09:57:29.4317352+01:00" testType="13cdc9d9-ddb5-4fa4-a97d-d965ccfc6d4b" outcome="Passed" testListId="8c84fa94-04c1-424b-9868-57a2d4851a1d" relativeResultsDirectory="196a73f3-0a73-499a-a965-cc8bc4b6a232" dataRowInfo="1" resultType="DataDrivenDataRow" />
        <UnitTestResult executionId="032a9f23-df36-466f-bcee-396db0d4988d" parentExecutionId="14122c09-a537-44e0-abfd-0b344acb136b" testId="d51ea295-e896-101a-6578-05ae772bcbfb" testName="ToIsSubdomainThrow_Passing_InvalidValue_Returns_ApplicationExceptionWithMessage (34fsds@@sdd.f)" computerName="PC-SFERRARI" duration="00:00:00.0001152" startTime="2021-05-07T09:57:29.4281957+01:00" endTime="2021-05-07T09:57:29.4317352+01:00" testType="13cdc9d9-ddb5-4fa4-a97d-d965ccfc6d4b" outcome="Passed" testListId="8c84fa94-04c1-424b-9868-57a2d4851a1d" relativeResultsDirectory="032a9f23-df36-466f-bcee-396db0d4988d" dataRowInfo="2" resultType="DataDrivenDataRow" />
        <UnitTestResult executionId="410ab8a5-4ef4-4a3d-89f7-76ec27a0b4d2" parentExecutionId="14122c09-a537-44e0-abfd-0b344acb136b" testId="d51ea295-e896-101a-6578-05ae772bcbfb" testName="ToIsSubdomainThrow_Passing_InvalidValue_Returns_ApplicationExceptionWithMessage ()" computerName="PC-SFERRARI" duration="00:00:00.0000882" startTime="2021-05-07T09:57:29.4281957+01:00" endTime="2021-05-07T09:57:29.4317352+01:00" testType="13cdc9d9-ddb5-4fa4-a97d-d965ccfc6d4b" outcome="Passed" testListId="8c84fa94-04c1-424b-9868-57a2d4851a1d" relativeResultsDirectory="410ab8a5-4ef4-4a3d-89f7-76ec27a0b4d2" dataRowInfo="3" resultType="DataDrivenDataRow" />
        <UnitTestResult executionId="ee72c86e-e9be-40ef-a7ca-c1650a88c3f3" parentExecutionId="14122c09-a537-44e0-abfd-0b344acb136b" testId="d51ea295-e896-101a-6578-05ae772bcbfb" testName="ToIsSubdomainThrow_Passing_InvalidValue_Returns_ApplicationExceptionWithMessage ()" computerName="PC-SFERRARI" duration="00:00:00.0000773" startTime="2021-05-07T09:57:29.4281957+01:00" endTime="2021-05-07T09:57:29.4317352+01:00" testType="13cdc9d9-ddb5-4fa4-a97d-d965ccfc6d4b" outcome="Passed" testListId="8c84fa94-04c1-424b-9868-57a2d4851a1d" relativeResultsDirectory="ee72c86e-e9be-40ef-a7ca-c1650a88c3f3" dataRowInfo="4" resultType="DataDrivenDataRow" />
        <UnitTestResult executionId="f16dc412-df58-42f1-8e49-9e688ae553b6" parentExecutionId="14122c09-a537-44e0-abfd-0b344acb136b" testId="d51ea295-e896-101a-6578-05ae772bcbfb" testName="ToIsSubdomainThrow_Passing_InvalidValue_Returns_ApplicationExceptionWithMessage (34?fsds@sdd.yy)" computerName="PC-SFERRARI" duration="00:00:00.0000900" startTime="2021-05-07T09:57:29.4281957+01:00" endTime="2021-05-07T09:57:29.4317352+01:00" testType="13cdc9d9-ddb5-4fa4-a97d-d965ccfc6d4b" outcome="Passed" testListId="8c84fa94-04c1-424b-9868-57a2d4851a1d" relativeResultsDirectory="f16dc412-df58-42f1-8e49-9e688ae553b6" dataRowInfo="5" resultType="DataDrivenDataRow" />
      </InnerResults>
    </UnitTestResult>
    <UnitTestResult executionId="b0192133-efcf-4c25-8f9a-f484a014b8e4" testId="55f105d6-fc07-21db-e70a-db30ccdb0844" testName="ToIsNullOrAny_Passing_InvalidValue_Returns_True" computerName="PC-SFERRARI" duration="00:00:00.0009054" startTime="2021-05-07T09:57:29.4084536+01:00" endTime="2021-05-07T09:57:29.4094444+01:00" testType="13cdc9d9-ddb5-4fa4-a97d-d965ccfc6d4b" outcome="Passed" testListId="8c84fa94-04c1-424b-9868-57a2d4851a1d" relativeResultsDirectory="b0192133-efcf-4c25-8f9a-f484a014b8e4" />
    <UnitTestResult executionId="b8df5b4e-d61c-41d1-970d-492fff11591b" testId="98331ff8-6ed1-e7ba-c8dd-be5bd5b6cb2c" testName="ToEmailMask_Passing_ValidEmail_Returns_EmailWithMask" computerName="PC-SFERRARI" duration="00:00:00.0003367" startTime="2021-05-07T09:57:30.2562334+01:00" endTime="2021-05-07T09:57:30.2566879+01:00" testType="13cdc9d9-ddb5-4fa4-a97d-d965ccfc6d4b" outcome="Passed" testListId="8c84fa94-04c1-424b-9868-57a2d4851a1d" relativeResultsDirectory="b8df5b4e-d61c-41d1-970d-492fff11591b" resultType="DataDrivenTest">
      <InnerResults>
        <UnitTestResult executionId="04dc3d9a-bc88-4342-8ed1-beec4e7384d3" parentExecutionId="b8df5b4e-d61c-41d1-970d-492fff11591b" testId="98331ff8-6ed1-e7ba-c8dd-be5bd5b6cb2c" testName="ToEmailMask_Passing_ValidEmail_Returns_EmailWithMask (qaz@gmail.com,q-z@g----.com)" computerName="PC-SFERRARI" duration="00:00:00.0001930" startTime="2021-05-07T09:57:30.2562334+01:00" endTime="2021-05-07T09:57:30.2566879+01:00" testType="13cdc9d9-ddb5-4fa4-a97d-d965ccfc6d4b" outcome="Passed" testListId="8c84fa94-04c1-424b-9868-57a2d4851a1d" relativeResultsDirectory="04dc3d9a-bc88-4342-8ed1-beec4e7384d3" dataRowInfo="1" resultType="DataDrivenDataRow" />
        <UnitTestResult executionId="fe85d4dd-6f86-4666-add7-ad0367c95665" parentExecutionId="b8df5b4e-d61c-41d1-970d-492fff11591b" testId="98331ff8-6ed1-e7ba-c8dd-be5bd5b6cb2c" testName="ToEmailMask_Passing_ValidEmail_Returns_EmailWithMask (qazwsx@gmail.com,q----x@g----.com)" computerName="PC-SFERRARI" duration="00:00:00.0000125" startTime="2021-05-07T09:57:30.2562334+01:00" endTime="2021-05-07T09:57:30.2566879+01:00" testType="13cdc9d9-ddb5-4fa4-a97d-d965ccfc6d4b" outcome="Passed" testListId="8c84fa94-04c1-424b-9868-57a2d4851a1d" relativeResultsDirectory="fe85d4dd-6f86-4666-add7-ad0367c95665" dataRowInfo="2" resultType="DataDrivenDataRow" />
        <UnitTestResult executionId="53246da0-5e9b-4517-8a92-fbb058623fd1" parentExecutionId="b8df5b4e-d61c-41d1-970d-492fff11591b" testId="98331ff8-6ed1-e7ba-c8dd-be5bd5b6cb2c" testName="ToEmailMask_Passing_ValidEmail_Returns_EmailWithMask (qazwsxedc@gmail.com,q-------c@g----.com)" computerName="PC-SFERRARI" duration="00:00:00.0000103" startTime="2021-05-07T09:57:30.2562334+01:00" endTime="2021-05-07T09:57:30.2566879+01:00" testType="13cdc9d9-ddb5-4fa4-a97d-d965ccfc6d4b" outcome="Passed" testListId="8c84fa94-04c1-424b-9868-57a2d4851a1d" relativeResultsDirectory="53246da0-5e9b-4517-8a92-fbb058623fd1" dataRowInfo="3" resultType="DataDrivenDataRow" />
        <UnitTestResult executionId="10ee6865-ac89-4be3-8325-bc21ecdd7ad7" parentExecutionId="b8df5b4e-d61c-41d1-970d-492fff11591b" testId="98331ff8-6ed1-e7ba-c8dd-be5bd5b6cb2c" testName="ToEmailMask_Passing_ValidEmail_Returns_EmailWithMask (qaz@gmailgmail.com,q-z@g---------.com)" computerName="PC-SFERRARI" duration="00:00:00.0000107" startTime="2021-05-07T09:57:30.2562334+01:00" endTime="2021-05-07T09:57:30.2566879+01:00" testType="13cdc9d9-ddb5-4fa4-a97d-d965ccfc6d4b" outcome="Passed" testListId="8c84fa94-04c1-424b-9868-57a2d4851a1d" relativeResultsDirectory="10ee6865-ac89-4be3-8325-bc21ecdd7ad7" dataRowInfo="4" resultType="DataDrivenDataRow" />
        <UnitTestResult executionId="66590ee3-7db6-4491-aabd-e15f4ff58967" parentExecutionId="b8df5b4e-d61c-41d1-970d-492fff11591b" testId="98331ff8-6ed1-e7ba-c8dd-be5bd5b6cb2c" testName="ToEmailMask_Passing_ValidEmail_Returns_EmailWithMask (qazwsx@gmailgmail.com,q----x@g---------.com)" computerName="PC-SFERRARI" duration="00:00:00.0000108" startTime="2021-05-07T09:57:30.2562334+01:00" endTime="2021-05-07T09:57:30.2566879+01:00" testType="13cdc9d9-ddb5-4fa4-a97d-d965ccfc6d4b" outcome="Passed" testListId="8c84fa94-04c1-424b-9868-57a2d4851a1d" relativeResultsDirectory="66590ee3-7db6-4491-aabd-e15f4ff58967" dataRowInfo="5" resultType="DataDrivenDataRow" />
        <UnitTestResult executionId="613dfd58-632d-46d0-b51d-114784a7436d" parentExecutionId="b8df5b4e-d61c-41d1-970d-492fff11591b" testId="98331ff8-6ed1-e7ba-c8dd-be5bd5b6cb2c" testName="ToEmailMask_Passing_ValidEmail_Returns_EmailWithMask (qazwsxedc@gmailgmail.com,q-------c@g---------.com)" computerName="PC-SFERRARI" duration="00:00:00.0000109" startTime="2021-05-07T09:57:30.2562334+01:00" endTime="2021-05-07T09:57:30.2566879+01:00" testType="13cdc9d9-ddb5-4fa4-a97d-d965ccfc6d4b" outcome="Passed" testListId="8c84fa94-04c1-424b-9868-57a2d4851a1d" relativeResultsDirectory="613dfd58-632d-46d0-b51d-114784a7436d" dataRowInfo="6" resultType="DataDrivenDataRow" />
      </InnerResults>
    </UnitTestResult>
    <UnitTestResult executionId="61e38257-da69-45e7-94b7-6c874b6be74b" testId="8a110a46-40a4-c9bb-083e-1c3fcb5b45b7" testName="ToCompress_Passing_Object_Bytes_Returns_Object" computerName="PC-SFERRARI" duration="00:00:00.0047104" startTime="2021-05-07T09:57:29.4019780+01:00" endTime="2021-05-07T09:57:29.4068949+01:00" testType="13cdc9d9-ddb5-4fa4-a97d-d965ccfc6d4b" outcome="Passed" testListId="8c84fa94-04c1-424b-9868-57a2d4851a1d" relativeResultsDirectory="61e38257-da69-45e7-94b7-6c874b6be74b" />
    <UnitTestResult executionId="471fc8f1-67c8-46db-bdd5-a41fb51d47e3" testId="3f0bf65d-a3af-41bf-ac79-126a0efc4fd4" testName="ToService_Passing_Service_Not_Found_Returns_Null" computerName="PC-SFERRARI" duration="00:00:00.0003712" startTime="2021-05-07T09:57:29.3782927+01:00" endTime="2021-05-07T09:57:29.3787725+01:00" testType="13cdc9d9-ddb5-4fa4-a97d-d965ccfc6d4b" outcome="Passed" testListId="8c84fa94-04c1-424b-9868-57a2d4851a1d" relativeResultsDirectory="471fc8f1-67c8-46db-bdd5-a41fb51d47e3" />
    <UnitTestResult executionId="834b1ab8-d0a1-4f3c-ab01-2a7f4dc65d82" testId="a702dc43-b5af-c889-d32e-e69ee2d100af" testName="ToIsAuthenticated_Passing_Null_ClaimsPrincipal_Returns_ApplicationException" computerName="PC-SFERRARI" duration="00:00:00.0580087" startTime="2021-05-07T09:57:29.4468541+01:00" endTime="2021-05-07T09:57:29.5052232+01:00" testType="13cdc9d9-ddb5-4fa4-a97d-d965ccfc6d4b" outcome="Passed" testListId="8c84fa94-04c1-424b-9868-57a2d4851a1d" relativeResultsDirectory="834b1ab8-d0a1-4f3c-ab01-2a7f4dc65d82" />
    <UnitTestResult executionId="11c1fe97-a53d-4127-b7f3-83ad4cca5780" testId="f2d267b8-d5a7-6c91-de6d-813182908c7f" testName="IsDigit_Passing_InvalidArguments_Returns_HasErrorsAndCount" computerName="PC-SFERRARI" duration="00:00:00.0009165" startTime="2021-05-07T09:57:30.6104406+01:00" endTime="2021-05-07T09:57:30.6114257+01:00" testType="13cdc9d9-ddb5-4fa4-a97d-d965ccfc6d4b" outcome="Passed" testListId="8c84fa94-04c1-424b-9868-57a2d4851a1d" relativeResultsDirectory="11c1fe97-a53d-4127-b7f3-83ad4cca5780" />
    <UnitTestResult executionId="90e8f07d-417a-42af-81c8-027e3043250d" testId="9af963da-8209-d683-34a5-be793bc59993" testName="ToList_Passing_ValidEnumTypeWithSelectedValueWithResourceType_Returns_ValuesList" computerName="PC-SFERRARI" duration="00:00:00.0005921" startTime="2021-05-07T09:57:30.6310807+01:00" endTime="2021-05-07T09:57:30.6317683+01:00" testType="13cdc9d9-ddb5-4fa4-a97d-d965ccfc6d4b" outcome="Passed" testListId="8c84fa94-04c1-424b-9868-57a2d4851a1d" relativeResultsDirectory="90e8f07d-417a-42af-81c8-027e3043250d" />
    <UnitTestResult executionId="fba07308-4488-451f-b642-db7f529c88f3" testId="b399a6be-77e5-c0ba-9b75-93d2ac763084" testName="ResultDataBadRequest_WithErrors_KeyValue" computerName="PC-SFERRARI" duration="00:00:00.0021703" startTime="2021-05-07T09:57:30.6972898+01:00" endTime="2021-05-07T09:57:30.6996124+01:00" testType="13cdc9d9-ddb5-4fa4-a97d-d965ccfc6d4b" outcome="Passed" testListId="8c84fa94-04c1-424b-9868-57a2d4851a1d" relativeResultsDirectory="fba07308-4488-451f-b642-db7f529c88f3" />
    <UnitTestResult executionId="80afc328-9daa-4220-ac70-7074e24e1723" testId="1c5fe271-1e90-52f5-1f31-436b17e57702" testName="IsGreater_Passing_InvalidArguments_Returns_HasErrorsAndCount" computerName="PC-SFERRARI" duration="00:00:00.0093986" startTime="2021-05-07T09:57:30.5691846+01:00" endTime="2021-05-07T09:57:30.5787755+01:00" testType="13cdc9d9-ddb5-4fa4-a97d-d965ccfc6d4b" outcome="Passed" testListId="8c84fa94-04c1-424b-9868-57a2d4851a1d" relativeResultsDirectory="80afc328-9daa-4220-ac70-7074e24e1723" />
    <UnitTestResult executionId="f67cdda8-7430-4ddd-811c-bc6820be4c83" testId="5ac755a3-81c6-56a5-464d-fd3393128598" testName="ResultBadRequest_WithErrors_KeyValue" computerName="PC-SFERRARI" duration="00:00:00.0047911" startTime="2021-05-07T09:57:30.6809050+01:00" endTime="2021-05-07T09:57:30.6858122+01:00" testType="13cdc9d9-ddb5-4fa4-a97d-d965ccfc6d4b" outcome="Passed" testListId="8c84fa94-04c1-424b-9868-57a2d4851a1d" relativeResultsDirectory="f67cdda8-7430-4ddd-811c-bc6820be4c83" />
    <UnitTestResult executionId="c4ebe733-cee3-492b-94a7-0b3b93633fb8" testId="a2b6017f-838f-c435-81c1-a75dd92108eb" testName="IsEspecialChars_Passing_ValidArguments_Returns_HasErrorsAndCount" computerName="PC-SFERRARI" duration="00:00:00.0001236" startTime="2021-05-07T09:57:30.6181873+01:00" endTime="2021-05-07T09:57:30.6184001+01:00" testType="13cdc9d9-ddb5-4fa4-a97d-d965ccfc6d4b" outcome="Passed" testListId="8c84fa94-04c1-424b-9868-57a2d4851a1d" relativeResultsDirectory="c4ebe733-cee3-492b-94a7-0b3b93633fb8" />
    <UnitTestResult executionId="a20eedc1-d0d9-4e80-8b5a-d2502b10679a" testId="760ae14b-6c0d-0288-811d-408b67937415" testName="ToServiceMatchingInterface_Passing_Empties_Assemblies_Returns_ApplicationException" computerName="PC-SFERRARI" duration="00:00:00.0014178" startTime="2021-05-07T09:57:30.0996654+01:00" endTime="2021-05-07T09:57:30.1011535+01:00" testType="13cdc9d9-ddb5-4fa4-a97d-d965ccfc6d4b" outcome="Passed" testListId="8c84fa94-04c1-424b-9868-57a2d4851a1d" relativeResultsDirectory="a20eedc1-d0d9-4e80-8b5a-d2502b10679a" />
    <UnitTestResult executionId="e146426e-7e88-49fa-8896-e3e1c519ff8b" testId="bf8f6922-5666-8ec7-1500-aabd5997d6a4" testName="ToString_Passing_Valid_Collection_With_Custom_Separator_Returns_String_With_Custom_Separator" computerName="PC-SFERRARI" duration="00:00:00.0001997" startTime="2021-05-07T09:57:29.6109969+01:00" endTime="2021-05-07T09:57:29.6112925+01:00" testType="13cdc9d9-ddb5-4fa4-a97d-d965ccfc6d4b" outcome="Passed" testListId="8c84fa94-04c1-424b-9868-57a2d4851a1d" relativeResultsDirectory="e146426e-7e88-49fa-8896-e3e1c519ff8b" />
    <UnitTestResult executionId="e98090b7-226e-427a-b7f1-99da000f846a" testId="481343f9-3ff3-548f-0c6c-41599cf65802" testName="CreateRandom_WithDefaultAllowableCharacters_Passing_ValidArguments_Returns_String_Random_Value" computerName="PC-SFERRARI" duration="00:00:00.0007978" startTime="2021-05-07T09:57:30.6317974+01:00" endTime="2021-05-07T09:57:30.6328083+01:00" testType="13cdc9d9-ddb5-4fa4-a97d-d965ccfc6d4b" outcome="Passed" testListId="8c84fa94-04c1-424b-9868-57a2d4851a1d" relativeResultsDirectory="e98090b7-226e-427a-b7f1-99da000f846a" resultType="DataDrivenTest">
      <InnerResults>
        <UnitTestResult executionId="5e1c5a1e-cff8-4b6d-a758-f53e0a9c0778" parentExecutionId="e98090b7-226e-427a-b7f1-99da000f846a" testId="481343f9-3ff3-548f-0c6c-41599cf65802" testName="CreateRandom_WithDefaultAllowableCharacters_Passing_ValidArguments_Returns_String_Random_Value (5)" computerName="PC-SFERRARI" duration="00:00:00.0006790" startTime="2021-05-07T09:57:30.6317974+01:00" endTime="2021-05-07T09:57:30.6328083+01:00" testType="13cdc9d9-ddb5-4fa4-a97d-d965ccfc6d4b" outcome="Passed" testListId="8c84fa94-04c1-424b-9868-57a2d4851a1d" relativeResultsDirectory="5e1c5a1e-cff8-4b6d-a758-f53e0a9c0778" dataRowInfo="1" resultType="DataDrivenDataRow" />
        <UnitTestResult executionId="a2a63a47-d1ce-495f-ad19-7357c1773d20" parentExecutionId="e98090b7-226e-427a-b7f1-99da000f846a" testId="481343f9-3ff3-548f-0c6c-41599cf65802" testName="CreateRandom_WithDefaultAllowableCharacters_Passing_ValidArguments_Returns_String_Random_Value (10)" computerName="PC-SFERRARI" duration="00:00:00.0000070" startTime="2021-05-07T09:57:30.6317974+01:00" endTime="2021-05-07T09:57:30.6328083+01:00" testType="13cdc9d9-ddb5-4fa4-a97d-d965ccfc6d4b" outcome="Passed" testListId="8c84fa94-04c1-424b-9868-57a2d4851a1d" relativeResultsDirectory="a2a63a47-d1ce-495f-ad19-7357c1773d20" dataRowInfo="2" resultType="DataDrivenDataRow" />
        <UnitTestResult executionId="ade68e39-4646-486c-9818-4c7b305ffc6f" parentExecutionId="e98090b7-226e-427a-b7f1-99da000f846a" testId="481343f9-3ff3-548f-0c6c-41599cf65802" testName="CreateRandom_WithDefaultAllowableCharacters_Passing_ValidArguments_Returns_String_Random_Value (20)" computerName="PC-SFERRARI" duration="00:00:00.0000124" startTime="2021-05-07T09:57:30.6317974+01:00" endTime="2021-05-07T09:57:30.6328083+01:00" testType="13cdc9d9-ddb5-4fa4-a97d-d965ccfc6d4b" outcome="Passed" testListId="8c84fa94-04c1-424b-9868-57a2d4851a1d" relativeResultsDirectory="ade68e39-4646-486c-9818-4c7b305ffc6f" dataRowInfo="3" resultType="DataDrivenDataRow" />
      </InnerResults>
    </UnitTestResult>
    <UnitTestResult executionId="f38981dc-d67b-4d79-9080-6590d780db1b" testId="eb3fbb45-8257-f4b8-0975-042f859a72bf" testName="ToDictionaryPropertyInfo_Passing_Object_Not_IncludeNullOrEmptyProperty_Returns_Properties_NameAndValue_Dictionary" computerName="PC-SFERRARI" duration="00:00:00.0022499" startTime="2021-05-07T09:57:29.6415929+01:00" endTime="2021-05-07T09:57:29.6439425+01:00" testType="13cdc9d9-ddb5-4fa4-a97d-d965ccfc6d4b" outcome="Passed" testListId="8c84fa94-04c1-424b-9868-57a2d4851a1d" relativeResultsDirectory="f38981dc-d67b-4d79-9080-6590d780db1b" />
    <UnitTestResult executionId="8f0c3a89-4abc-4f0c-9acf-391f55f058c3" testId="69b6ed05-fdf2-6989-0583-109b4777a6ac" testName="ToEnvironment_Passing_Custom_Enviroment_Returns_Custom_Name" computerName="PC-SFERRARI" duration="00:00:00.0005260" startTime="2021-05-07T09:57:29.3646239+01:00" endTime="2021-05-07T09:57:29.3652634+01:00" testType="13cdc9d9-ddb5-4fa4-a97d-d965ccfc6d4b" outcome="Passed" testListId="8c84fa94-04c1-424b-9868-57a2d4851a1d" relativeResultsDirectory="8f0c3a89-4abc-4f0c-9acf-391f55f058c3" />
    <UnitTestResult executionId="fb3340a4-e34a-4cfe-a3d4-1204f60527bd" testId="b048c16a-68b4-cdf3-3166-fb9613323b68" testName="ToDetails_Passing_HttpContext_WithOptionalData_Returns_Details_HttpContext" computerName="PC-SFERRARI" duration="00:00:00.0019018" startTime="2021-05-07T09:57:29.6688669+01:00" endTime="2021-05-07T09:57:29.6710188+01:00" testType="13cdc9d9-ddb5-4fa4-a97d-d965ccfc6d4b" outcome="Passed" testListId="8c84fa94-04c1-424b-9868-57a2d4851a1d" relativeResultsDirectory="fb3340a4-e34a-4cfe-a3d4-1204f60527bd" />
    <UnitTestResult executionId="dfe5fd1f-a4df-40a2-a51c-d25305552eda" testId="bd43e66e-fbae-26eb-a9a1-c58a6bf5d7af" testName="ToHashAlgorithmName_Passing_InvalidValueLowerCaseString_Returns_Null" computerName="PC-SFERRARI" duration="00:00:00.0002209" startTime="2021-05-07T09:57:30.3151787+01:00" endTime="2021-05-07T09:57:30.3155097+01:00" testType="13cdc9d9-ddb5-4fa4-a97d-d965ccfc6d4b" outcome="Passed" testListId="8c84fa94-04c1-424b-9868-57a2d4851a1d" relativeResultsDirectory="dfe5fd1f-a4df-40a2-a51c-d25305552eda" resultType="DataDrivenTest">
      <InnerResults>
        <UnitTestResult executionId="7db56775-173f-4a36-b46e-c12fdf5bc3da" parentExecutionId="dfe5fd1f-a4df-40a2-a51c-d25305552eda" testId="bd43e66e-fbae-26eb-a9a1-c58a6bf5d7af" testName="ToHashAlgorithmName_Passing_InvalidValueLowerCaseString_Returns_Null (md5)" computerName="PC-SFERRARI" duration="00:00:00.0001760" startTime="2021-05-07T09:57:30.3151787+01:00" endTime="2021-05-07T09:57:30.3155097+01:00" testType="13cdc9d9-ddb5-4fa4-a97d-d965ccfc6d4b" outcome="Passed" testListId="8c84fa94-04c1-424b-9868-57a2d4851a1d" relativeResultsDirectory="7db56775-173f-4a36-b46e-c12fdf5bc3da" dataRowInfo="1" resultType="DataDrivenDataRow" />
      </InnerResults>
    </UnitTestResult>
    <UnitTestResult executionId="348a8ec4-cb07-41f7-a46a-a940523532b5" testId="57d3cdd8-8268-9aa3-6f39-3cc0224b305c" testName="ToExists_Passing_Claims_Returns_True" computerName="PC-SFERRARI" duration="00:00:00.0013954" startTime="2021-05-07T09:57:29.5401824+01:00" endTime="2021-05-07T09:57:29.5417587+01:00" testType="13cdc9d9-ddb5-4fa4-a97d-d965ccfc6d4b" outcome="Passed" testListId="8c84fa94-04c1-424b-9868-57a2d4851a1d" relativeResultsDirectory="348a8ec4-cb07-41f7-a46a-a940523532b5" />
    <UnitTestResult executionId="394f4fa5-e22d-41c1-bb89-aab4443a7a82" testId="640513b3-feee-19a8-efba-5817e77ff3ee" testName="ToExists_Passing_NotFound_Service_Returns_False" computerName="PC-SFERRARI" duration="00:00:00.0002085" startTime="2021-05-07T09:57:30.0984280+01:00" endTime="2021-05-07T09:57:30.0987060+01:00" testType="13cdc9d9-ddb5-4fa4-a97d-d965ccfc6d4b" outcome="Passed" testListId="8c84fa94-04c1-424b-9868-57a2d4851a1d" relativeResultsDirectory="394f4fa5-e22d-41c1-bb89-aab4443a7a82" />
    <UnitTestResult executionId="01bcc886-b48f-482e-95ba-8fd74977eb93" testId="635e001f-2a50-f191-84e2-e81cd2000fdf" testName="ToAuthenticationType_Passing_Claims_Returns_AuthenticationType_Name" computerName="PC-SFERRARI" duration="00:00:00.0012223" startTime="2021-05-07T09:57:29.5289623+01:00" endTime="2021-05-07T09:57:29.5303555+01:00" testType="13cdc9d9-ddb5-4fa4-a97d-d965ccfc6d4b" outcome="Passed" testListId="8c84fa94-04c1-424b-9868-57a2d4851a1d" relativeResultsDirectory="01bcc886-b48f-482e-95ba-8fd74977eb93" />
    <UnitTestResult executionId="483a8e2e-6357-4d82-9542-359f5a093ce0" testId="1c5de28c-f1b3-c94d-8e43-201eab8c2ff8" testName="ToEnvironment_Passing_Development_Enviroment_Returns_Development_Name" computerName="PC-SFERRARI" duration="00:00:00.1714274" startTime="2021-05-07T09:57:29.1192582+01:00" endTime="2021-05-07T09:57:29.2912174+01:00" testType="13cdc9d9-ddb5-4fa4-a97d-d965ccfc6d4b" outcome="Passed" testListId="8c84fa94-04c1-424b-9868-57a2d4851a1d" relativeResultsDirectory="483a8e2e-6357-4d82-9542-359f5a093ce0" />
    <UnitTestResult executionId="30e2d45b-bc05-4216-bdc6-0eff3d71e0e0" testId="5e237822-3b9d-da27-9221-3ae1f5eb15b0" testName="ToEnvironment_Passing_Staging_Enviroment_Returns_Staging_Name" computerName="PC-SFERRARI" duration="00:00:00.0007268" startTime="2021-05-07T09:57:29.3636651+01:00" endTime="2021-05-07T09:57:29.3645548+01:00" testType="13cdc9d9-ddb5-4fa4-a97d-d965ccfc6d4b" outcome="Passed" testListId="8c84fa94-04c1-424b-9868-57a2d4851a1d" relativeResultsDirectory="30e2d45b-bc05-4216-bdc6-0eff3d71e0e0" />
    <UnitTestResult executionId="65aa8739-bfe7-42d9-b608-c6ab791e9eb8" testId="ac572b27-5286-68a4-5380-d7de82fbf69a" testName="ToFormat_Passing_ValidValueFormatWithArguments_Returns_ValueWithFormat" computerName="PC-SFERRARI" duration="00:00:00.0004644" startTime="2021-05-07T09:57:30.5498857+01:00" endTime="2021-05-07T09:57:30.5508943+01:00" testType="13cdc9d9-ddb5-4fa4-a97d-d965ccfc6d4b" outcome="Passed" testListId="8c84fa94-04c1-424b-9868-57a2d4851a1d" relativeResultsDirectory="65aa8739-bfe7-42d9-b608-c6ab791e9eb8" />
    <UnitTestResult executionId="d14ab4b9-3bc6-41df-b2fa-a9f6bf9ab2ce" testId="9eeef095-29ed-4872-a36c-ca4832350421" testName="IsName_Passing_InvalidArguments_Returns_HasErrorsAndCount" computerName="PC-SFERRARI" duration="00:00:00.0001817" startTime="2021-05-07T09:57:30.5991270+01:00" endTime="2021-05-07T09:57:30.5994026+01:00" testType="13cdc9d9-ddb5-4fa4-a97d-d965ccfc6d4b" outcome="Passed" testListId="8c84fa94-04c1-424b-9868-57a2d4851a1d" relativeResultsDirectory="d14ab4b9-3bc6-41df-b2fa-a9f6bf9ab2ce" />
    <UnitTestResult executionId="5ddd3385-00dc-4b33-b91d-caf4031c52f6" testId="c00cb1b0-a36c-2ae8-4230-b32afb3c83f9" testName="ResultOk_WithMessage_WithDetails" computerName="PC-SFERRARI" duration="00:00:00.0005116" startTime="2021-05-07T09:57:30.6560275+01:00" endTime="2021-05-07T09:57:30.6566866+01:00" testType="13cdc9d9-ddb5-4fa4-a97d-d965ccfc6d4b" outcome="Passed" testListId="8c84fa94-04c1-424b-9868-57a2d4851a1d" relativeResultsDirectory="5ddd3385-00dc-4b33-b91d-caf4031c52f6" />
    <UnitTestResult executionId="350fbdea-bd17-444a-91dd-47c3693424d6" testId="725d136c-3e7a-6e51-fc61-03203ffec0b5" testName="IsSubdomain_Passing_ValidArguments_Returns_HasErrorsAndCount" computerName="PC-SFERRARI" duration="00:00:00.0005695" startTime="2021-05-07T09:57:30.6057435+01:00" endTime="2021-05-07T09:57:30.6066275+01:00" testType="13cdc9d9-ddb5-4fa4-a97d-d965ccfc6d4b" outcome="Passed" testListId="8c84fa94-04c1-424b-9868-57a2d4851a1d" relativeResultsDirectory="350fbdea-bd17-444a-91dd-47c3693424d6" />
    <UnitTestResult executionId="bd79aff2-9b9f-44fd-b1d1-e5982053d995" testId="7be8a004-8e29-0f01-8ada-f15377193150" testName="ToContentType_Passing_ValidValueString_Returns_ContentType" computerName="PC-SFERRARI" duration="00:00:00.0015842" startTime="2021-05-07T09:57:30.3284202+01:00" endTime="2021-05-07T09:57:30.3301634+01:00" testType="13cdc9d9-ddb5-4fa4-a97d-d965ccfc6d4b" outcome="Passed" testListId="8c84fa94-04c1-424b-9868-57a2d4851a1d" relativeResultsDirectory="bd79aff2-9b9f-44fd-b1d1-e5982053d995" resultType="DataDrivenTest">
      <InnerResults>
        <UnitTestResult executionId="c43ec2e0-c9e0-4f12-a8c4-6dce0b188170" parentExecutionId="bd79aff2-9b9f-44fd-b1d1-e5982053d995" testId="7be8a004-8e29-0f01-8ada-f15377193150" testName="ToContentType_Passing_ValidValueString_Returns_ContentType (xxxx.pdf,application/pdf)" computerName="PC-SFERRARI" duration="00:00:00.0012906" startTime="2021-05-07T09:57:30.3284202+01:00" endTime="2021-05-07T09:57:30.3301634+01:00" testType="13cdc9d9-ddb5-4fa4-a97d-d965ccfc6d4b" outcome="Passed" testListId="8c84fa94-04c1-424b-9868-57a2d4851a1d" relativeResultsDirectory="c43ec2e0-c9e0-4f12-a8c4-6dce0b188170" dataRowInfo="1" resultType="DataDrivenDataRow" />
        <UnitTestResult executionId="d3b9f7d0-21fa-499c-aa70-84d7573d1ee5" parentExecutionId="bd79aff2-9b9f-44fd-b1d1-e5982053d995" testId="7be8a004-8e29-0f01-8ada-f15377193150" testName="ToContentType_Passing_ValidValueString_Returns_ContentType (xxxx.json,application/json)" computerName="PC-SFERRARI" duration="00:00:00.0000455" startTime="2021-05-07T09:57:30.3284202+01:00" endTime="2021-05-07T09:57:30.3301634+01:00" testType="13cdc9d9-ddb5-4fa4-a97d-d965ccfc6d4b" outcome="Passed" testListId="8c84fa94-04c1-424b-9868-57a2d4851a1d" relativeResultsDirectory="d3b9f7d0-21fa-499c-aa70-84d7573d1ee5" dataRowInfo="2" resultType="DataDrivenDataRow" />
        <UnitTestResult executionId="b4fbbc9a-13ec-49e0-a961-a0d321e55e0f" parentExecutionId="bd79aff2-9b9f-44fd-b1d1-e5982053d995" testId="7be8a004-8e29-0f01-8ada-f15377193150" testName="ToContentType_Passing_ValidValueString_Returns_ContentType (xxxx.gif,image/gif)" computerName="PC-SFERRARI" duration="00:00:00.0000287" startTime="2021-05-07T09:57:30.3284202+01:00" endTime="2021-05-07T09:57:30.3301634+01:00" testType="13cdc9d9-ddb5-4fa4-a97d-d965ccfc6d4b" outcome="Passed" testListId="8c84fa94-04c1-424b-9868-57a2d4851a1d" relativeResultsDirectory="b4fbbc9a-13ec-49e0-a961-a0d321e55e0f" dataRowInfo="3" resultType="DataDrivenDataRow" />
        <UnitTestResult executionId="2f176e56-12a7-4534-b750-1986a1ceca1a" parentExecutionId="bd79aff2-9b9f-44fd-b1d1-e5982053d995" testId="7be8a004-8e29-0f01-8ada-f15377193150" testName="ToContentType_Passing_ValidValueString_Returns_ContentType (xxxx.jpeg,image/jpeg)" computerName="PC-SFERRARI" duration="00:00:00.0000256" startTime="2021-05-07T09:57:30.3284202+01:00" endTime="2021-05-07T09:57:30.3301634+01:00" testType="13cdc9d9-ddb5-4fa4-a97d-d965ccfc6d4b" outcome="Passed" testListId="8c84fa94-04c1-424b-9868-57a2d4851a1d" relativeResultsDirectory="2f176e56-12a7-4534-b750-1986a1ceca1a" dataRowInfo="4" resultType="DataDrivenDataRow" />
        <UnitTestResult executionId="cd19d3c7-1c9c-43cc-a928-674769074fe6" parentExecutionId="bd79aff2-9b9f-44fd-b1d1-e5982053d995" testId="7be8a004-8e29-0f01-8ada-f15377193150" testName="ToContentType_Passing_ValidValueString_Returns_ContentType (xxxx.html,text/html)" computerName="PC-SFERRARI" duration="00:00:00.0000242" startTime="2021-05-07T09:57:30.3284202+01:00" endTime="2021-05-07T09:57:30.3301634+01:00" testType="13cdc9d9-ddb5-4fa4-a97d-d965ccfc6d4b" outcome="Passed" testListId="8c84fa94-04c1-424b-9868-57a2d4851a1d" relativeResultsDirectory="cd19d3c7-1c9c-43cc-a928-674769074fe6" dataRowInfo="5" resultType="DataDrivenDataRow" />
        <UnitTestResult executionId="01000523-d894-42a7-9ca6-367ab7c4ce81" parentExecutionId="bd79aff2-9b9f-44fd-b1d1-e5982053d995" testId="7be8a004-8e29-0f01-8ada-f15377193150" testName="ToContentType_Passing_ValidValueString_Returns_ContentType (xxxx.txt,text/plain)" computerName="PC-SFERRARI" duration="00:00:00.0000298" startTime="2021-05-07T09:57:30.3284202+01:00" endTime="2021-05-07T09:57:30.3301634+01:00" testType="13cdc9d9-ddb5-4fa4-a97d-d965ccfc6d4b" outcome="Passed" testListId="8c84fa94-04c1-424b-9868-57a2d4851a1d" relativeResultsDirectory="01000523-d894-42a7-9ca6-367ab7c4ce81" dataRowInfo="6" resultType="DataDrivenDataRow" />
      </InnerResults>
    </UnitTestResult>
    <UnitTestResult executionId="2ab4a2ab-5539-4709-b403-10d181098366" testId="fcd9a6e3-ee1d-7212-668e-2b0865200d81" testName="IsUniqueChars_Passing_ValidArguments_Returns_HasErrorsAndCount" computerName="PC-SFERRARI" duration="00:00:00.0007832" startTime="2021-05-07T09:57:30.6165628+01:00" endTime="2021-05-07T09:57:30.6174808+01:00" testType="13cdc9d9-ddb5-4fa4-a97d-d965ccfc6d4b" outcome="Passed" testListId="8c84fa94-04c1-424b-9868-57a2d4851a1d" relativeResultsDirectory="2ab4a2ab-5539-4709-b403-10d181098366" />
    <UnitTestResult executionId="5f4ec7e6-f7fa-493a-888a-4087b4439f80" testId="161f5d07-7835-e575-5072-b9d787ef451c" testName="ToResultAsync_Passing_StatusCodeAnd_MessageAndContentTypeAndHeader_Values_Returns_Values" computerName="PC-SFERRARI" duration="00:00:00.3113500" startTime="2021-05-07T09:57:29.7583942+01:00" endTime="2021-05-07T09:57:30.0702473+01:00" testType="13cdc9d9-ddb5-4fa4-a97d-d965ccfc6d4b" outcome="Passed" testListId="8c84fa94-04c1-424b-9868-57a2d4851a1d" relativeResultsDirectory="5f4ec7e6-f7fa-493a-888a-4087b4439f80" resultType="DataDrivenTest">
      <InnerResults>
        <UnitTestResult executionId="827c5ba6-1117-4663-af21-7d429908dc79" parentExecutionId="5f4ec7e6-f7fa-493a-888a-4087b4439f80" testId="161f5d07-7835-e575-5072-b9d787ef451c" testName="ToResultAsync_Passing_StatusCodeAnd_MessageAndContentTypeAndHeader_Values_Returns_Values (/test)" computerName="PC-SFERRARI" duration="00:00:00.3112559" startTime="2021-05-07T09:57:29.7583942+01:00" endTime="2021-05-07T09:57:30.0702473+01:00" testType="13cdc9d9-ddb5-4fa4-a97d-d965ccfc6d4b" outcome="Passed" testListId="8c84fa94-04c1-424b-9868-57a2d4851a1d" relativeResultsDirectory="827c5ba6-1117-4663-af21-7d429908dc79" dataRowInfo="1" resultType="DataDrivenDataRow">
          <Output>
            <StdOut>info: Microsoft.AspNetCore.Hosting.Diagnostics[1]&#xD;
      Request starting HTTP/1.1 GET http://localhost/test  &#xD;
info: Microsoft.AspNetCore.Hosting.Diagnostics[2]&#xD;
      Request finished in 33.9493ms 401 e4ce62f8-50a4-49bc-bc3d-f6d1f5a329eb</StdOut>
          </Output>
        </UnitTestResult>
      </InnerResults>
    </UnitTestResult>
    <UnitTestResult executionId="c758065f-5409-46d7-832f-b8a995629ae4" testId="b871cd27-681f-8d07-6c2a-809341ba2909" testName="ToList_Passing_ValidEnumTypeWithSelectedValue_Returns_ValuesList" computerName="PC-SFERRARI" duration="00:00:00.0003895" startTime="2021-05-07T09:57:30.6291158+01:00" endTime="2021-05-07T09:57:30.6296276+01:00" testType="13cdc9d9-ddb5-4fa4-a97d-d965ccfc6d4b" outcome="Passed" testListId="8c84fa94-04c1-424b-9868-57a2d4851a1d" relativeResultsDirectory="c758065f-5409-46d7-832f-b8a995629ae4" />
    <UnitTestResult executionId="9b5a52b1-db10-41f5-b944-21e0eba56225" testId="d7c20db6-f712-8539-ac01-01e8f4033fac" testName="IsFile_Passing_InvalidArguments_Returns_HasErrorsAndCount" computerName="PC-SFERRARI" duration="00:00:00.0002255" startTime="2021-05-07T09:57:30.6001176+01:00" endTime="2021-05-07T09:57:30.6004306+01:00" testType="13cdc9d9-ddb5-4fa4-a97d-d965ccfc6d4b" outcome="Passed" testListId="8c84fa94-04c1-424b-9868-57a2d4851a1d" relativeResultsDirectory="9b5a52b1-db10-41f5-b944-21e0eba56225" />
    <UnitTestResult executionId="ed19fa42-5d76-4fb1-b70f-1d26a27abb45" testId="5c861184-f295-e727-0fd4-d218f13da14d" testName="ToConfiguration_Passing_Empty_DirectoryPath_Returns_ApplicationException" computerName="PC-SFERRARI" duration="00:00:00.0014653" startTime="2021-05-07T09:57:30.1235955+01:00" endTime="2021-05-07T09:57:30.1252086+01:00" testType="13cdc9d9-ddb5-4fa4-a97d-d965ccfc6d4b" outcome="Passed" testListId="8c84fa94-04c1-424b-9868-57a2d4851a1d" relativeResultsDirectory="ed19fa42-5d76-4fb1-b70f-1d26a27abb45" />
    <UnitTestResult executionId="d78b0714-0320-43e2-b011-cbb62858f909" testId="320700ce-aa3b-5818-fb18-706cf7605472" testName="ToAttribute_Passing_Enumeration_Name_Returns_Atributte" computerName="PC-SFERRARI" duration="00:00:00.0008255" startTime="2021-05-07T09:57:29.6158346+01:00" endTime="2021-05-07T09:57:29.6167724+01:00" testType="13cdc9d9-ddb5-4fa4-a97d-d965ccfc6d4b" outcome="Passed" testListId="8c84fa94-04c1-424b-9868-57a2d4851a1d" relativeResultsDirectory="d78b0714-0320-43e2-b011-cbb62858f909" />
    <UnitTestResult executionId="9d7b1446-bd9b-4ef2-8a53-ffe344f5f3ef" testId="ffa669f9-8e25-a33b-f8f7-c3ba4a576a2b" testName="ToDefaultValue_Passing_ValidStruct_Returns_DefaultValue" computerName="PC-SFERRARI" duration="00:00:00.0002609" startTime="2021-05-07T09:57:30.5521063+01:00" endTime="2021-05-07T09:57:30.5525545+01:00" testType="13cdc9d9-ddb5-4fa4-a97d-d965ccfc6d4b" outcome="Passed" testListId="8c84fa94-04c1-424b-9868-57a2d4851a1d" relativeResultsDirectory="9d7b1446-bd9b-4ef2-8a53-ffe344f5f3ef" />
    <UnitTestResult executionId="1d9330a0-8924-49ba-af51-4c51d9982b0d" testId="859b5acf-9d8b-7620-f96f-ba83c1545a71" testName="ResultOkData_WithData_WithMessage_WithDetails" computerName="PC-SFERRARI" duration="00:00:00.0113950" startTime="2021-05-07T09:57:30.6676816+01:00" endTime="2021-05-07T09:57:30.6792727+01:00" testType="13cdc9d9-ddb5-4fa4-a97d-d965ccfc6d4b" outcome="Passed" testListId="8c84fa94-04c1-424b-9868-57a2d4851a1d" relativeResultsDirectory="1d9330a0-8924-49ba-af51-4c51d9982b0d" />
    <UnitTestResult executionId="3aeaa8d7-cd16-46dc-9311-a3ff2d85e59c" testId="0a999e9b-220b-0f64-a533-84896c20ce13" testName="ResultOkData" computerName="PC-SFERRARI" duration="00:00:00.0004248" startTime="2021-05-07T09:57:30.6567098+01:00" endTime="2021-05-07T09:57:30.6572223+01:00" testType="13cdc9d9-ddb5-4fa4-a97d-d965ccfc6d4b" outcome="Passed" testListId="8c84fa94-04c1-424b-9868-57a2d4851a1d" relativeResultsDirectory="3aeaa8d7-cd16-46dc-9311-a3ff2d85e59c" />
    <UnitTestResult executionId="2685905b-e379-432e-af67-04e8f7b80d59" testId="42ded375-26ee-044e-44a7-9eab5e4cd342" testName="ToReadOnly_Passing_Valid_Collection_Returns_Readonly_Collection" computerName="PC-SFERRARI" duration="00:00:00.0006681" startTime="2021-05-07T09:57:29.6116791+01:00" endTime="2021-05-07T09:57:29.6124121+01:00" testType="13cdc9d9-ddb5-4fa4-a97d-d965ccfc6d4b" outcome="Passed" testListId="8c84fa94-04c1-424b-9868-57a2d4851a1d" relativeResultsDirectory="2685905b-e379-432e-af67-04e8f7b80d59" />
    <UnitTestResult executionId="bec7a605-3891-4a35-8a76-dedeccd1db22" testId="a4956cd8-34a7-6fca-5b71-6eb98cedd9b0" testName="ToEndOfTheMonth_Passing_DateTime_Returns_End_Of_Month_DateTime" computerName="PC-SFERRARI" duration="00:00:00.0012013" startTime="2021-05-07T09:57:29.6028272+01:00" endTime="2021-05-07T09:57:29.6041873+01:00" testType="13cdc9d9-ddb5-4fa4-a97d-d965ccfc6d4b" outcome="Passed" testListId="8c84fa94-04c1-424b-9868-57a2d4851a1d" relativeResultsDirectory="bec7a605-3891-4a35-8a76-dedeccd1db22" />
    <UnitTestResult executionId="392fc57b-1fec-4b3f-ab60-08ae9cfcd1e7" testId="31ff6168-d18d-0013-7c18-0ff775714202" testName="ToEnum_Passing_InvalidValueString_Returns_EnumDefaultValue" computerName="PC-SFERRARI" duration="00:00:00.0001483" startTime="2021-05-07T09:57:30.2359747+01:00" endTime="2021-05-07T09:57:30.2362788+01:00" testType="13cdc9d9-ddb5-4fa4-a97d-d965ccfc6d4b" outcome="Passed" testListId="8c84fa94-04c1-424b-9868-57a2d4851a1d" relativeResultsDirectory="392fc57b-1fec-4b3f-ab60-08ae9cfcd1e7" />
    <UnitTestResult executionId="2ed3206e-66c3-4a0b-9ed6-fa3b0121f62f" testId="7c09a438-5465-f760-64b2-23d25fc199f5" testName="ToEnum_Passing_InvalidValueString_Returns_EnumCustomValue" computerName="PC-SFERRARI" duration="00:00:00.0001716" startTime="2021-05-07T09:57:30.2363201+01:00" endTime="2021-05-07T09:57:30.2366537+01:00" testType="13cdc9d9-ddb5-4fa4-a97d-d965ccfc6d4b" outcome="Passed" testListId="8c84fa94-04c1-424b-9868-57a2d4851a1d" relativeResultsDirectory="2ed3206e-66c3-4a0b-9ed6-fa3b0121f62f" />
    <UnitTestResult executionId="b487d3b5-3fc2-46ed-8c76-cc2323109c2d" testId="30809299-0e3e-4ac7-4a2a-6f8c296d2226" testName="ToUri_Passing_ValidValueString_Returns_Uri" computerName="PC-SFERRARI" duration="00:00:00.0011260" startTime="2021-05-07T09:57:30.2567269+01:00" endTime="2021-05-07T09:57:30.2580211+01:00" testType="13cdc9d9-ddb5-4fa4-a97d-d965ccfc6d4b" outcome="Passed" testListId="8c84fa94-04c1-424b-9868-57a2d4851a1d" relativeResultsDirectory="b487d3b5-3fc2-46ed-8c76-cc2323109c2d" resultType="DataDrivenTest">
      <InnerResults>
        <UnitTestResult executionId="6d90236f-233a-4854-a77b-9b98cb428d47" parentExecutionId="b487d3b5-3fc2-46ed-8c76-cc2323109c2d" testId="30809299-0e3e-4ac7-4a2a-6f8c296d2226" testName="ToUri_Passing_ValidValueString_Returns_Uri (http://foo.com/blah_blah)" computerName="PC-SFERRARI" duration="00:00:00.0002232" startTime="2021-05-07T09:57:30.2567269+01:00" endTime="2021-05-07T09:57:30.2580211+01:00" testType="13cdc9d9-ddb5-4fa4-a97d-d965ccfc6d4b" outcome="Passed" testListId="8c84fa94-04c1-424b-9868-57a2d4851a1d" relativeResultsDirectory="6d90236f-233a-4854-a77b-9b98cb428d47" dataRowInfo="1" resultType="DataDrivenDataRow" />
        <UnitTestResult executionId="3a37ba9c-d62c-4105-aff0-7b49d4907d08" parentExecutionId="b487d3b5-3fc2-46ed-8c76-cc2323109c2d" testId="30809299-0e3e-4ac7-4a2a-6f8c296d2226" testName="ToUri_Passing_ValidValueString_Returns_Uri (http://foo.com/blah_blah/)" computerName="PC-SFERRARI" duration="00:00:00.0000045" startTime="2021-05-07T09:57:30.2567269+01:00" endTime="2021-05-07T09:57:30.2580211+01:00" testType="13cdc9d9-ddb5-4fa4-a97d-d965ccfc6d4b" outcome="Passed" testListId="8c84fa94-04c1-424b-9868-57a2d4851a1d" relativeResultsDirectory="3a37ba9c-d62c-4105-aff0-7b49d4907d08" dataRowInfo="2" resultType="DataDrivenDataRow" />
        <UnitTestResult executionId="4de7dbfc-4f79-4154-b353-413b6453fd0c" parentExecutionId="b487d3b5-3fc2-46ed-8c76-cc2323109c2d" testId="30809299-0e3e-4ac7-4a2a-6f8c296d2226" testName="ToUri_Passing_ValidValueString_Returns_Uri (http://foo.com/blah_blah/p=5)" computerName="PC-SFERRARI" duration="00:00:00.0000033" startTime="2021-05-07T09:57:30.2567269+01:00" endTime="2021-05-07T09:57:30.2580211+01:00" testType="13cdc9d9-ddb5-4fa4-a97d-d965ccfc6d4b" outcome="Passed" testListId="8c84fa94-04c1-424b-9868-57a2d4851a1d" relativeResultsDirectory="4de7dbfc-4f79-4154-b353-413b6453fd0c" dataRowInfo="3" resultType="DataDrivenDataRow" />
        <UnitTestResult executionId="663a14fe-e50d-4502-90e8-7c07660af3b2" parentExecutionId="b487d3b5-3fc2-46ed-8c76-cc2323109c2d" testId="30809299-0e3e-4ac7-4a2a-6f8c296d2226" testName="ToUri_Passing_ValidValueString_Returns_Uri (http://foo.com/blah_blah?p=5)" computerName="PC-SFERRARI" duration="00:00:00.0000025" startTime="2021-05-07T09:57:30.2567269+01:00" endTime="2021-05-07T09:57:30.2580211+01:00" testType="13cdc9d9-ddb5-4fa4-a97d-d965ccfc6d4b" outcome="Passed" testListId="8c84fa94-04c1-424b-9868-57a2d4851a1d" relativeResultsDirectory="663a14fe-e50d-4502-90e8-7c07660af3b2" dataRowInfo="4" resultType="DataDrivenDataRow" />
        <UnitTestResult executionId="0218e02f-a074-4d2e-9e8e-799a45f772f6" parentExecutionId="b487d3b5-3fc2-46ed-8c76-cc2323109c2d" testId="30809299-0e3e-4ac7-4a2a-6f8c296d2226" testName="ToUri_Passing_ValidValueString_Returns_Uri (http://foo.com/blah_blah?p=5&amp;j=fe)" computerName="PC-SFERRARI" duration="00:00:00.0000025" startTime="2021-05-07T09:57:30.2567269+01:00" endTime="2021-05-07T09:57:30.2580211+01:00" testType="13cdc9d9-ddb5-4fa4-a97d-d965ccfc6d4b" outcome="Passed" testListId="8c84fa94-04c1-424b-9868-57a2d4851a1d" relativeResultsDirectory="0218e02f-a074-4d2e-9e8e-799a45f772f6" dataRowInfo="5" resultType="DataDrivenDataRow" />
        <UnitTestResult executionId="42bd9185-0916-4284-a95a-a7778bd48c3c" parentExecutionId="b487d3b5-3fc2-46ed-8c76-cc2323109c2d" testId="30809299-0e3e-4ac7-4a2a-6f8c296d2226" testName="ToUri_Passing_ValidValueString_Returns_Uri (https://foo.com/blah_blah)" computerName="PC-SFERRARI" duration="00:00:00.0000025" startTime="2021-05-07T09:57:30.2567269+01:00" endTime="2021-05-07T09:57:30.2580211+01:00" testType="13cdc9d9-ddb5-4fa4-a97d-d965ccfc6d4b" outcome="Passed" testListId="8c84fa94-04c1-424b-9868-57a2d4851a1d" relativeResultsDirectory="42bd9185-0916-4284-a95a-a7778bd48c3c" dataRowInfo="6" resultType="DataDrivenDataRow" />
        <UnitTestResult executionId="d250533d-95b8-4d25-aba4-e23ad3bfc195" parentExecutionId="b487d3b5-3fc2-46ed-8c76-cc2323109c2d" testId="30809299-0e3e-4ac7-4a2a-6f8c296d2226" testName="ToUri_Passing_ValidValueString_Returns_Uri (https://foo.com/blah_blah/)" computerName="PC-SFERRARI" duration="00:00:00.0000025" startTime="2021-05-07T09:57:30.2567269+01:00" endTime="2021-05-07T09:57:30.2580211+01:00" testType="13cdc9d9-ddb5-4fa4-a97d-d965ccfc6d4b" outcome="Passed" testListId="8c84fa94-04c1-424b-9868-57a2d4851a1d" relativeResultsDirectory="d250533d-95b8-4d25-aba4-e23ad3bfc195" dataRowInfo="7" resultType="DataDrivenDataRow" />
        <UnitTestResult executionId="39a8dc7d-d311-45da-8765-a52e795239fc" parentExecutionId="b487d3b5-3fc2-46ed-8c76-cc2323109c2d" testId="30809299-0e3e-4ac7-4a2a-6f8c296d2226" testName="ToUri_Passing_ValidValueString_Returns_Uri (https://foo.com/blah_blah/p=5)" computerName="PC-SFERRARI" duration="00:00:00.0000024" startTime="2021-05-07T09:57:30.2567269+01:00" endTime="2021-05-07T09:57:30.2580211+01:00" testType="13cdc9d9-ddb5-4fa4-a97d-d965ccfc6d4b" outcome="Passed" testListId="8c84fa94-04c1-424b-9868-57a2d4851a1d" relativeResultsDirectory="39a8dc7d-d311-45da-8765-a52e795239fc" dataRowInfo="8" resultType="DataDrivenDataRow" />
        <UnitTestResult executionId="cf3ed127-f9ee-4511-9a3e-357861fb6dd1" parentExecutionId="b487d3b5-3fc2-46ed-8c76-cc2323109c2d" testId="30809299-0e3e-4ac7-4a2a-6f8c296d2226" testName="ToUri_Passing_ValidValueString_Returns_Uri (https://foo.com/blah_blah?p=5)" computerName="PC-SFERRARI" duration="00:00:00.0000024" startTime="2021-05-07T09:57:30.2567269+01:00" endTime="2021-05-07T09:57:30.2580211+01:00" testType="13cdc9d9-ddb5-4fa4-a97d-d965ccfc6d4b" outcome="Passed" testListId="8c84fa94-04c1-424b-9868-57a2d4851a1d" relativeResultsDirectory="cf3ed127-f9ee-4511-9a3e-357861fb6dd1" dataRowInfo="9" resultType="DataDrivenDataRow" />
        <UnitTestResult executionId="3e5259f8-70de-47dc-8ecb-f796a39c25cf" parentExecutionId="b487d3b5-3fc2-46ed-8c76-cc2323109c2d" testId="30809299-0e3e-4ac7-4a2a-6f8c296d2226" testName="ToUri_Passing_ValidValueString_Returns_Uri (https://foo.com/blah_blah?p=5&amp;j=fe)" computerName="PC-SFERRARI" duration="00:00:00.0000025" startTime="2021-05-07T09:57:30.2567269+01:00" endTime="2021-05-07T09:57:30.2580211+01:00" testType="13cdc9d9-ddb5-4fa4-a97d-d965ccfc6d4b" outcome="Passed" testListId="8c84fa94-04c1-424b-9868-57a2d4851a1d" relativeResultsDirectory="3e5259f8-70de-47dc-8ecb-f796a39c25cf" dataRowInfo="10" resultType="DataDrivenDataRow" />
        <UnitTestResult executionId="48767235-129f-43e9-848f-8141a9c21b6c" parentExecutionId="b487d3b5-3fc2-46ed-8c76-cc2323109c2d" testId="30809299-0e3e-4ac7-4a2a-6f8c296d2226" testName="ToUri_Passing_ValidValueString_Returns_Uri (//foo.com/blah_blah)" computerName="PC-SFERRARI" duration="00:00:00.0000022" startTime="2021-05-07T09:57:30.2567269+01:00" endTime="2021-05-07T09:57:30.2580211+01:00" testType="13cdc9d9-ddb5-4fa4-a97d-d965ccfc6d4b" outcome="Passed" testListId="8c84fa94-04c1-424b-9868-57a2d4851a1d" relativeResultsDirectory="48767235-129f-43e9-848f-8141a9c21b6c" dataRowInfo="11" resultType="DataDrivenDataRow" />
        <UnitTestResult executionId="019d57fe-9e10-4d2e-bf27-311608fb4b65" parentExecutionId="b487d3b5-3fc2-46ed-8c76-cc2323109c2d" testId="30809299-0e3e-4ac7-4a2a-6f8c296d2226" testName="ToUri_Passing_ValidValueString_Returns_Uri (//foo.com/blah_blah/)" computerName="PC-SFERRARI" duration="00:00:00.0000020" startTime="2021-05-07T09:57:30.2567269+01:00" endTime="2021-05-07T09:57:30.2580211+01:00" testType="13cdc9d9-ddb5-4fa4-a97d-d965ccfc6d4b" outcome="Passed" testListId="8c84fa94-04c1-424b-9868-57a2d4851a1d" relativeResultsDirectory="019d57fe-9e10-4d2e-bf27-311608fb4b65" dataRowInfo="12" resultType="DataDrivenDataRow" />
        <UnitTestResult executionId="2f1f6910-4cf2-4f49-bda8-a19deb1e79a1" parentExecutionId="b487d3b5-3fc2-46ed-8c76-cc2323109c2d" testId="30809299-0e3e-4ac7-4a2a-6f8c296d2226" testName="ToUri_Passing_ValidValueString_Returns_Uri (//foo.com/blah_blah/p=5)" computerName="PC-SFERRARI" duration="00:00:00.0000020" startTime="2021-05-07T09:57:30.2567269+01:00" endTime="2021-05-07T09:57:30.2580211+01:00" testType="13cdc9d9-ddb5-4fa4-a97d-d965ccfc6d4b" outcome="Passed" testListId="8c84fa94-04c1-424b-9868-57a2d4851a1d" relativeResultsDirectory="2f1f6910-4cf2-4f49-bda8-a19deb1e79a1" dataRowInfo="13" resultType="DataDrivenDataRow" />
        <UnitTestResult executionId="a7f2f8b9-7027-4c79-9ca1-6201905d584a" parentExecutionId="b487d3b5-3fc2-46ed-8c76-cc2323109c2d" testId="30809299-0e3e-4ac7-4a2a-6f8c296d2226" testName="ToUri_Passing_ValidValueString_Returns_Uri (//foo.com/blah_blah?p=5)" computerName="PC-SFERRARI" duration="00:00:00.0000020" startTime="2021-05-07T09:57:30.2567269+01:00" endTime="2021-05-07T09:57:30.2580211+01:00" testType="13cdc9d9-ddb5-4fa4-a97d-d965ccfc6d4b" outcome="Passed" testListId="8c84fa94-04c1-424b-9868-57a2d4851a1d" relativeResultsDirectory="a7f2f8b9-7027-4c79-9ca1-6201905d584a" dataRowInfo="14" resultType="DataDrivenDataRow" />
        <UnitTestResult executionId="6a226a2f-40d0-41ef-9fca-0ef3e810ed5f" parentExecutionId="b487d3b5-3fc2-46ed-8c76-cc2323109c2d" testId="30809299-0e3e-4ac7-4a2a-6f8c296d2226" testName="ToUri_Passing_ValidValueString_Returns_Uri (//foo.com/blah_blah?p=5&amp;j=fe)" computerName="PC-SFERRARI" duration="00:00:00.0000020" startTime="2021-05-07T09:57:30.2567269+01:00" endTime="2021-05-07T09:57:30.2580211+01:00" testType="13cdc9d9-ddb5-4fa4-a97d-d965ccfc6d4b" outcome="Passed" testListId="8c84fa94-04c1-424b-9868-57a2d4851a1d" relativeResultsDirectory="6a226a2f-40d0-41ef-9fca-0ef3e810ed5f" dataRowInfo="15" resultType="DataDrivenDataRow" />
        <UnitTestResult executionId="9fc97715-5e6e-4ab8-8581-2aad4a65fe50" parentExecutionId="b487d3b5-3fc2-46ed-8c76-cc2323109c2d" testId="30809299-0e3e-4ac7-4a2a-6f8c296d2226" testName="ToUri_Passing_ValidValueString_Returns_Uri (http://foo.com/blah_blah_(wikipedia))" computerName="PC-SFERRARI" duration="00:00:00.0000025" startTime="2021-05-07T09:57:30.2567269+01:00" endTime="2021-05-07T09:57:30.2580211+01:00" testType="13cdc9d9-ddb5-4fa4-a97d-d965ccfc6d4b" outcome="Passed" testListId="8c84fa94-04c1-424b-9868-57a2d4851a1d" relativeResultsDirectory="9fc97715-5e6e-4ab8-8581-2aad4a65fe50" dataRowInfo="16" resultType="DataDrivenDataRow" />
        <UnitTestResult executionId="f1a37dce-7749-4a13-b187-974116f1dc70" parentExecutionId="b487d3b5-3fc2-46ed-8c76-cc2323109c2d" testId="30809299-0e3e-4ac7-4a2a-6f8c296d2226" testName="ToUri_Passing_ValidValueString_Returns_Uri (http://foo.com/blah_blah_(wikipedia)_(again))" computerName="PC-SFERRARI" duration="00:00:00.0000024" startTime="2021-05-07T09:57:30.2567269+01:00" endTime="2021-05-07T09:57:30.2580211+01:00" testType="13cdc9d9-ddb5-4fa4-a97d-d965ccfc6d4b" outcome="Passed" testListId="8c84fa94-04c1-424b-9868-57a2d4851a1d" relativeResultsDirectory="f1a37dce-7749-4a13-b187-974116f1dc70" dataRowInfo="17" resultType="DataDrivenDataRow" />
        <UnitTestResult executionId="9e1b1477-1840-497f-a122-5e6144b90a33" parentExecutionId="b487d3b5-3fc2-46ed-8c76-cc2323109c2d" testId="30809299-0e3e-4ac7-4a2a-6f8c296d2226" testName="ToUri_Passing_ValidValueString_Returns_Uri (http://www.example.com/wpstyle/?p=364)" computerName="PC-SFERRARI" duration="00:00:00.0000027" startTime="2021-05-07T09:57:30.2567269+01:00" endTime="2021-05-07T09:57:30.2580211+01:00" testType="13cdc9d9-ddb5-4fa4-a97d-d965ccfc6d4b" outcome="Passed" testListId="8c84fa94-04c1-424b-9868-57a2d4851a1d" relativeResultsDirectory="9e1b1477-1840-497f-a122-5e6144b90a33" dataRowInfo="18" resultType="DataDrivenDataRow" />
        <UnitTestResult executionId="a7d542e3-4b41-49ff-9b17-ebac72023d1d" parentExecutionId="b487d3b5-3fc2-46ed-8c76-cc2323109c2d" testId="30809299-0e3e-4ac7-4a2a-6f8c296d2226" testName="ToUri_Passing_ValidValueString_Returns_Uri (https://www.example.com/foo/?bar=baz&amp;inga=42&amp;quux)" computerName="PC-SFERRARI" duration="00:00:00.0000026" startTime="2021-05-07T09:57:30.2567269+01:00" endTime="2021-05-07T09:57:30.2580211+01:00" testType="13cdc9d9-ddb5-4fa4-a97d-d965ccfc6d4b" outcome="Passed" testListId="8c84fa94-04c1-424b-9868-57a2d4851a1d" relativeResultsDirectory="a7d542e3-4b41-49ff-9b17-ebac72023d1d" dataRowInfo="19" resultType="DataDrivenDataRow" />
        <UnitTestResult executionId="b44650fe-397b-4770-833e-f264babccd6e" parentExecutionId="b487d3b5-3fc2-46ed-8c76-cc2323109c2d" testId="30809299-0e3e-4ac7-4a2a-6f8c296d2226" testName="ToUri_Passing_ValidValueString_Returns_Uri (http://✪df.ws/123)" computerName="PC-SFERRARI" duration="00:00:00.0003063" startTime="2021-05-07T09:57:30.2567269+01:00" endTime="2021-05-07T09:57:30.2580211+01:00" testType="13cdc9d9-ddb5-4fa4-a97d-d965ccfc6d4b" outcome="Passed" testListId="8c84fa94-04c1-424b-9868-57a2d4851a1d" relativeResultsDirectory="b44650fe-397b-4770-833e-f264babccd6e" dataRowInfo="20" resultType="DataDrivenDataRow" />
        <UnitTestResult executionId="9f910a32-798e-4ca8-bc68-e5076abab025" parentExecutionId="b487d3b5-3fc2-46ed-8c76-cc2323109c2d" testId="30809299-0e3e-4ac7-4a2a-6f8c296d2226" testName="ToUri_Passing_ValidValueString_Returns_Uri (http://userid:password@example.com:8080)" computerName="PC-SFERRARI" duration="00:00:00.0000143" startTime="2021-05-07T09:57:30.2567269+01:00" endTime="2021-05-07T09:57:30.2580211+01:00" testType="13cdc9d9-ddb5-4fa4-a97d-d965ccfc6d4b" outcome="Passed" testListId="8c84fa94-04c1-424b-9868-57a2d4851a1d" relativeResultsDirectory="9f910a32-798e-4ca8-bc68-e5076abab025" dataRowInfo="21" resultType="DataDrivenDataRow" />
        <UnitTestResult executionId="c895222b-20c2-4f4a-a997-3ee2a3ec0aaf" parentExecutionId="b487d3b5-3fc2-46ed-8c76-cc2323109c2d" testId="30809299-0e3e-4ac7-4a2a-6f8c296d2226" testName="ToUri_Passing_ValidValueString_Returns_Uri (http://userid:password@example.com:8080/)" computerName="PC-SFERRARI" duration="00:00:00.0000032" startTime="2021-05-07T09:57:30.2567269+01:00" endTime="2021-05-07T09:57:30.2580211+01:00" testType="13cdc9d9-ddb5-4fa4-a97d-d965ccfc6d4b" outcome="Passed" testListId="8c84fa94-04c1-424b-9868-57a2d4851a1d" relativeResultsDirectory="c895222b-20c2-4f4a-a997-3ee2a3ec0aaf" dataRowInfo="22" resultType="DataDrivenDataRow" />
        <UnitTestResult executionId="cacb9ea4-92e0-4d84-8d07-a17ca183de0e" parentExecutionId="b487d3b5-3fc2-46ed-8c76-cc2323109c2d" testId="30809299-0e3e-4ac7-4a2a-6f8c296d2226" testName="ToUri_Passing_ValidValueString_Returns_Uri (http://userid@example.com)" computerName="PC-SFERRARI" duration="00:00:00.0000026" startTime="2021-05-07T09:57:30.2567269+01:00" endTime="2021-05-07T09:57:30.2580211+01:00" testType="13cdc9d9-ddb5-4fa4-a97d-d965ccfc6d4b" outcome="Passed" testListId="8c84fa94-04c1-424b-9868-57a2d4851a1d" relativeResultsDirectory="cacb9ea4-92e0-4d84-8d07-a17ca183de0e" dataRowInfo="23" resultType="DataDrivenDataRow" />
        <UnitTestResult executionId="1425ec9c-5cfc-43d5-9cf2-f6a4efd62d94" parentExecutionId="b487d3b5-3fc2-46ed-8c76-cc2323109c2d" testId="30809299-0e3e-4ac7-4a2a-6f8c296d2226" testName="ToUri_Passing_ValidValueString_Returns_Uri (http://userid@example.com/)" computerName="PC-SFERRARI" duration="00:00:00.0000026" startTime="2021-05-07T09:57:30.2567269+01:00" endTime="2021-05-07T09:57:30.2580211+01:00" testType="13cdc9d9-ddb5-4fa4-a97d-d965ccfc6d4b" outcome="Passed" testListId="8c84fa94-04c1-424b-9868-57a2d4851a1d" relativeResultsDirectory="1425ec9c-5cfc-43d5-9cf2-f6a4efd62d94" dataRowInfo="24" resultType="DataDrivenDataRow" />
        <UnitTestResult executionId="a7dde1ce-40ce-4397-a6df-bcd99f108ab3" parentExecutionId="b487d3b5-3fc2-46ed-8c76-cc2323109c2d" testId="30809299-0e3e-4ac7-4a2a-6f8c296d2226" testName="ToUri_Passing_ValidValueString_Returns_Uri (http://userid@example.com:8080)" computerName="PC-SFERRARI" duration="00:00:00.0000025" startTime="2021-05-07T09:57:30.2567269+01:00" endTime="2021-05-07T09:57:30.2580211+01:00" testType="13cdc9d9-ddb5-4fa4-a97d-d965ccfc6d4b" outcome="Passed" testListId="8c84fa94-04c1-424b-9868-57a2d4851a1d" relativeResultsDirectory="a7dde1ce-40ce-4397-a6df-bcd99f108ab3" dataRowInfo="25" resultType="DataDrivenDataRow" />
        <UnitTestResult executionId="fbeed641-bc7d-4afb-b65a-2858ecb779d2" parentExecutionId="b487d3b5-3fc2-46ed-8c76-cc2323109c2d" testId="30809299-0e3e-4ac7-4a2a-6f8c296d2226" testName="ToUri_Passing_ValidValueString_Returns_Uri (http://userid@example.com:8080/)" computerName="PC-SFERRARI" duration="00:00:00.0000024" startTime="2021-05-07T09:57:30.2567269+01:00" endTime="2021-05-07T09:57:30.2580211+01:00" testType="13cdc9d9-ddb5-4fa4-a97d-d965ccfc6d4b" outcome="Passed" testListId="8c84fa94-04c1-424b-9868-57a2d4851a1d" relativeResultsDirectory="fbeed641-bc7d-4afb-b65a-2858ecb779d2" dataRowInfo="26" resultType="DataDrivenDataRow" />
        <UnitTestResult executionId="eb5381fe-4434-48dd-90c5-0e056b0ac3a7" parentExecutionId="b487d3b5-3fc2-46ed-8c76-cc2323109c2d" testId="30809299-0e3e-4ac7-4a2a-6f8c296d2226" testName="ToUri_Passing_ValidValueString_Returns_Uri (http://userid:password@example.com)" computerName="PC-SFERRARI" duration="00:00:00.0000026" startTime="2021-05-07T09:57:30.2567269+01:00" endTime="2021-05-07T09:57:30.2580211+01:00" testType="13cdc9d9-ddb5-4fa4-a97d-d965ccfc6d4b" outcome="Passed" testListId="8c84fa94-04c1-424b-9868-57a2d4851a1d" relativeResultsDirectory="eb5381fe-4434-48dd-90c5-0e056b0ac3a7" dataRowInfo="27" resultType="DataDrivenDataRow" />
        <UnitTestResult executionId="1ad502a2-662b-4dd8-bf41-622ce7f9474d" parentExecutionId="b487d3b5-3fc2-46ed-8c76-cc2323109c2d" testId="30809299-0e3e-4ac7-4a2a-6f8c296d2226" testName="ToUri_Passing_ValidValueString_Returns_Uri (http://userid:password@example.com/)" computerName="PC-SFERRARI" duration="00:00:00.0000025" startTime="2021-05-07T09:57:30.2567269+01:00" endTime="2021-05-07T09:57:30.2580211+01:00" testType="13cdc9d9-ddb5-4fa4-a97d-d965ccfc6d4b" outcome="Passed" testListId="8c84fa94-04c1-424b-9868-57a2d4851a1d" relativeResultsDirectory="1ad502a2-662b-4dd8-bf41-622ce7f9474d" dataRowInfo="28" resultType="DataDrivenDataRow" />
        <UnitTestResult executionId="ea76d36a-d864-43a6-a1ff-05a5647c6233" parentExecutionId="b487d3b5-3fc2-46ed-8c76-cc2323109c2d" testId="30809299-0e3e-4ac7-4a2a-6f8c296d2226" testName="ToUri_Passing_ValidValueString_Returns_Uri (http://142.42.1.1/)" computerName="PC-SFERRARI" duration="00:00:00.0000035" startTime="2021-05-07T09:57:30.2567269+01:00" endTime="2021-05-07T09:57:30.2580211+01:00" testType="13cdc9d9-ddb5-4fa4-a97d-d965ccfc6d4b" outcome="Passed" testListId="8c84fa94-04c1-424b-9868-57a2d4851a1d" relativeResultsDirectory="ea76d36a-d864-43a6-a1ff-05a5647c6233" dataRowInfo="29" resultType="DataDrivenDataRow" />
        <UnitTestResult executionId="eec1b92b-f6c9-4d98-9ed5-f8d8ef2b6d3b" parentExecutionId="b487d3b5-3fc2-46ed-8c76-cc2323109c2d" testId="30809299-0e3e-4ac7-4a2a-6f8c296d2226" testName="ToUri_Passing_ValidValueString_Returns_Uri (http://142.42.1.1:8080/)" computerName="PC-SFERRARI" duration="00:00:00.0000027" startTime="2021-05-07T09:57:30.2567269+01:00" endTime="2021-05-07T09:57:30.2580211+01:00" testType="13cdc9d9-ddb5-4fa4-a97d-d965ccfc6d4b" outcome="Passed" testListId="8c84fa94-04c1-424b-9868-57a2d4851a1d" relativeResultsDirectory="eec1b92b-f6c9-4d98-9ed5-f8d8ef2b6d3b" dataRowInfo="30" resultType="DataDrivenDataRow" />
        <UnitTestResult executionId="4515714a-4ce9-4abb-ad1e-246322061909" parentExecutionId="b487d3b5-3fc2-46ed-8c76-cc2323109c2d" testId="30809299-0e3e-4ac7-4a2a-6f8c296d2226" testName="ToUri_Passing_ValidValueString_Returns_Uri (http://➡.ws/䨹)" computerName="PC-SFERRARI" duration="00:00:00.0000221" startTime="2021-05-07T09:57:30.2567269+01:00" endTime="2021-05-07T09:57:30.2580211+01:00" testType="13cdc9d9-ddb5-4fa4-a97d-d965ccfc6d4b" outcome="Passed" testListId="8c84fa94-04c1-424b-9868-57a2d4851a1d" relativeResultsDirectory="4515714a-4ce9-4abb-ad1e-246322061909" dataRowInfo="31" resultType="DataDrivenDataRow" />
        <UnitTestResult executionId="7ac2bab9-5464-4bf9-a3e2-51eeb2e64c9a" parentExecutionId="b487d3b5-3fc2-46ed-8c76-cc2323109c2d" testId="30809299-0e3e-4ac7-4a2a-6f8c296d2226" testName="ToUri_Passing_ValidValueString_Returns_Uri (http://⌘.ws)" computerName="PC-SFERRARI" duration="00:00:00.0000106" startTime="2021-05-07T09:57:30.2567269+01:00" endTime="2021-05-07T09:57:30.2580211+01:00" testType="13cdc9d9-ddb5-4fa4-a97d-d965ccfc6d4b" outcome="Passed" testListId="8c84fa94-04c1-424b-9868-57a2d4851a1d" relativeResultsDirectory="7ac2bab9-5464-4bf9-a3e2-51eeb2e64c9a" dataRowInfo="32" resultType="DataDrivenDataRow" />
        <UnitTestResult executionId="24642a44-58e0-46bd-82b9-6c5a8aadb05d" parentExecutionId="b487d3b5-3fc2-46ed-8c76-cc2323109c2d" testId="30809299-0e3e-4ac7-4a2a-6f8c296d2226" testName="ToUri_Passing_ValidValueString_Returns_Uri (http://⌘.ws/)" computerName="PC-SFERRARI" duration="00:00:00.0000044" startTime="2021-05-07T09:57:30.2567269+01:00" endTime="2021-05-07T09:57:30.2580211+01:00" testType="13cdc9d9-ddb5-4fa4-a97d-d965ccfc6d4b" outcome="Passed" testListId="8c84fa94-04c1-424b-9868-57a2d4851a1d" relativeResultsDirectory="24642a44-58e0-46bd-82b9-6c5a8aadb05d" dataRowInfo="33" resultType="DataDrivenDataRow" />
        <UnitTestResult executionId="8bd76c58-924d-488c-b551-b18a4de84f44" parentExecutionId="b487d3b5-3fc2-46ed-8c76-cc2323109c2d" testId="30809299-0e3e-4ac7-4a2a-6f8c296d2226" testName="ToUri_Passing_ValidValueString_Returns_Uri (http://foo.com/blah_(wikipedia)#cite-1)" computerName="PC-SFERRARI" duration="00:00:00.0000027" startTime="2021-05-07T09:57:30.2567269+01:00" endTime="2021-05-07T09:57:30.2580211+01:00" testType="13cdc9d9-ddb5-4fa4-a97d-d965ccfc6d4b" outcome="Passed" testListId="8c84fa94-04c1-424b-9868-57a2d4851a1d" relativeResultsDirectory="8bd76c58-924d-488c-b551-b18a4de84f44" dataRowInfo="34" resultType="DataDrivenDataRow" />
        <UnitTestResult executionId="12e3daaa-4a51-4337-a411-90a1edf333fd" parentExecutionId="b487d3b5-3fc2-46ed-8c76-cc2323109c2d" testId="30809299-0e3e-4ac7-4a2a-6f8c296d2226" testName="ToUri_Passing_ValidValueString_Returns_Uri (http://foo.com/blah_(wikipedia)_blah#cite-1)" computerName="PC-SFERRARI" duration="00:00:00.0000025" startTime="2021-05-07T09:57:30.2567269+01:00" endTime="2021-05-07T09:57:30.2580211+01:00" testType="13cdc9d9-ddb5-4fa4-a97d-d965ccfc6d4b" outcome="Passed" testListId="8c84fa94-04c1-424b-9868-57a2d4851a1d" relativeResultsDirectory="12e3daaa-4a51-4337-a411-90a1edf333fd" dataRowInfo="35" resultType="DataDrivenDataRow" />
        <UnitTestResult executionId="ace34d07-c975-4cb4-b12e-eea9ba7c88db" parentExecutionId="b487d3b5-3fc2-46ed-8c76-cc2323109c2d" testId="30809299-0e3e-4ac7-4a2a-6f8c296d2226" testName="ToUri_Passing_ValidValueString_Returns_Uri (http://foo.com/unicode_(✪)_in_parens)" computerName="PC-SFERRARI" duration="00:00:00.0000045" startTime="2021-05-07T09:57:30.2567269+01:00" endTime="2021-05-07T09:57:30.2580211+01:00" testType="13cdc9d9-ddb5-4fa4-a97d-d965ccfc6d4b" outcome="Passed" testListId="8c84fa94-04c1-424b-9868-57a2d4851a1d" relativeResultsDirectory="ace34d07-c975-4cb4-b12e-eea9ba7c88db" dataRowInfo="36" resultType="DataDrivenDataRow" />
        <UnitTestResult executionId="755473c1-0648-4823-b295-92ccb8e7303b" parentExecutionId="b487d3b5-3fc2-46ed-8c76-cc2323109c2d" testId="30809299-0e3e-4ac7-4a2a-6f8c296d2226" testName="ToUri_Passing_ValidValueString_Returns_Uri (http://foo.com/(something)?after=parens)" computerName="PC-SFERRARI" duration="00:00:00.0000031" startTime="2021-05-07T09:57:30.2567269+01:00" endTime="2021-05-07T09:57:30.2580211+01:00" testType="13cdc9d9-ddb5-4fa4-a97d-d965ccfc6d4b" outcome="Passed" testListId="8c84fa94-04c1-424b-9868-57a2d4851a1d" relativeResultsDirectory="755473c1-0648-4823-b295-92ccb8e7303b" dataRowInfo="37" resultType="DataDrivenDataRow" />
        <UnitTestResult executionId="f19e2bcd-e97b-4f44-97e0-fd2ffacd29fb" parentExecutionId="b487d3b5-3fc2-46ed-8c76-cc2323109c2d" testId="30809299-0e3e-4ac7-4a2a-6f8c296d2226" testName="ToUri_Passing_ValidValueString_Returns_Uri (http://☺.damowmow.com/)" computerName="PC-SFERRARI" duration="00:00:00.0000054" startTime="2021-05-07T09:57:30.2567269+01:00" endTime="2021-05-07T09:57:30.2580211+01:00" testType="13cdc9d9-ddb5-4fa4-a97d-d965ccfc6d4b" outcome="Passed" testListId="8c84fa94-04c1-424b-9868-57a2d4851a1d" relativeResultsDirectory="f19e2bcd-e97b-4f44-97e0-fd2ffacd29fb" dataRowInfo="38" resultType="DataDrivenDataRow" />
        <UnitTestResult executionId="f7f3b7b7-5907-461e-ac70-05d3eaf6b55a" parentExecutionId="b487d3b5-3fc2-46ed-8c76-cc2323109c2d" testId="30809299-0e3e-4ac7-4a2a-6f8c296d2226" testName="ToUri_Passing_ValidValueString_Returns_Uri (http://code.google.com/events/#&amp;product=browser)" computerName="PC-SFERRARI" duration="00:00:00.0000027" startTime="2021-05-07T09:57:30.2567269+01:00" endTime="2021-05-07T09:57:30.2580211+01:00" testType="13cdc9d9-ddb5-4fa4-a97d-d965ccfc6d4b" outcome="Passed" testListId="8c84fa94-04c1-424b-9868-57a2d4851a1d" relativeResultsDirectory="f7f3b7b7-5907-461e-ac70-05d3eaf6b55a" dataRowInfo="39" resultType="DataDrivenDataRow" />
        <UnitTestResult executionId="adc88974-5111-4666-a5e9-6faa54f99771" parentExecutionId="b487d3b5-3fc2-46ed-8c76-cc2323109c2d" testId="30809299-0e3e-4ac7-4a2a-6f8c296d2226" testName="ToUri_Passing_ValidValueString_Returns_Uri (http://j.mp)" computerName="PC-SFERRARI" duration="00:00:00.0000024" startTime="2021-05-07T09:57:30.2567269+01:00" endTime="2021-05-07T09:57:30.2580211+01:00" testType="13cdc9d9-ddb5-4fa4-a97d-d965ccfc6d4b" outcome="Passed" testListId="8c84fa94-04c1-424b-9868-57a2d4851a1d" relativeResultsDirectory="adc88974-5111-4666-a5e9-6faa54f99771" dataRowInfo="40" resultType="DataDrivenDataRow" />
        <UnitTestResult executionId="59832537-9c0a-413b-b9a0-5e0fcc810715" parentExecutionId="b487d3b5-3fc2-46ed-8c76-cc2323109c2d" testId="30809299-0e3e-4ac7-4a2a-6f8c296d2226" testName="ToUri_Passing_ValidValueString_Returns_Uri (http://foo.bar/?q=Test%20URL-encoded%20stuff)" computerName="PC-SFERRARI" duration="00:00:00.0000170" startTime="2021-05-07T09:57:30.2567269+01:00" endTime="2021-05-07T09:57:30.2580211+01:00" testType="13cdc9d9-ddb5-4fa4-a97d-d965ccfc6d4b" outcome="Passed" testListId="8c84fa94-04c1-424b-9868-57a2d4851a1d" relativeResultsDirectory="59832537-9c0a-413b-b9a0-5e0fcc810715" dataRowInfo="41" resultType="DataDrivenDataRow" />
        <UnitTestResult executionId="ad2a6e86-688a-4f8c-94ed-d0f9308d439e" parentExecutionId="b487d3b5-3fc2-46ed-8c76-cc2323109c2d" testId="30809299-0e3e-4ac7-4a2a-6f8c296d2226" testName="ToUri_Passing_ValidValueString_Returns_Uri (http://مثال.إختبار)" computerName="PC-SFERRARI" duration="00:00:00.0000087" startTime="2021-05-07T09:57:30.2567269+01:00" endTime="2021-05-07T09:57:30.2580211+01:00" testType="13cdc9d9-ddb5-4fa4-a97d-d965ccfc6d4b" outcome="Passed" testListId="8c84fa94-04c1-424b-9868-57a2d4851a1d" relativeResultsDirectory="ad2a6e86-688a-4f8c-94ed-d0f9308d439e" dataRowInfo="42" resultType="DataDrivenDataRow" />
        <UnitTestResult executionId="a6b7948d-3abb-49b8-a9e4-d1975cfe92a6" parentExecutionId="b487d3b5-3fc2-46ed-8c76-cc2323109c2d" testId="30809299-0e3e-4ac7-4a2a-6f8c296d2226" testName="ToUri_Passing_ValidValueString_Returns_Uri (http://例子.测试)" computerName="PC-SFERRARI" duration="00:00:00.0000046" startTime="2021-05-07T09:57:30.2567269+01:00" endTime="2021-05-07T09:57:30.2580211+01:00" testType="13cdc9d9-ddb5-4fa4-a97d-d965ccfc6d4b" outcome="Passed" testListId="8c84fa94-04c1-424b-9868-57a2d4851a1d" relativeResultsDirectory="a6b7948d-3abb-49b8-a9e4-d1975cfe92a6" dataRowInfo="43" resultType="DataDrivenDataRow" />
        <UnitTestResult executionId="5cb1aca3-8560-41ed-9116-7f4b66a3784b" parentExecutionId="b487d3b5-3fc2-46ed-8c76-cc2323109c2d" testId="30809299-0e3e-4ac7-4a2a-6f8c296d2226" testName="ToUri_Passing_ValidValueString_Returns_Uri (http://उदाहरण.परीक्ष)" computerName="PC-SFERRARI" duration="00:00:00.0000049" startTime="2021-05-07T09:57:30.2567269+01:00" endTime="2021-05-07T09:57:30.2580211+01:00" testType="13cdc9d9-ddb5-4fa4-a97d-d965ccfc6d4b" outcome="Passed" testListId="8c84fa94-04c1-424b-9868-57a2d4851a1d" relativeResultsDirectory="5cb1aca3-8560-41ed-9116-7f4b66a3784b" dataRowInfo="44" resultType="DataDrivenDataRow" />
        <UnitTestResult executionId="bc2ebc74-8eba-4772-8069-4c6f1ab2ba01" parentExecutionId="b487d3b5-3fc2-46ed-8c76-cc2323109c2d" testId="30809299-0e3e-4ac7-4a2a-6f8c296d2226" testName="ToUri_Passing_ValidValueString_Returns_Uri (http://-.~_!$&amp;'()*+,;=:%40:80%2f::::::@example.com)" computerName="PC-SFERRARI" duration="00:00:00.0000034" startTime="2021-05-07T09:57:30.2567269+01:00" endTime="2021-05-07T09:57:30.2580211+01:00" testType="13cdc9d9-ddb5-4fa4-a97d-d965ccfc6d4b" outcome="Passed" testListId="8c84fa94-04c1-424b-9868-57a2d4851a1d" relativeResultsDirectory="bc2ebc74-8eba-4772-8069-4c6f1ab2ba01" dataRowInfo="45" resultType="DataDrivenDataRow" />
        <UnitTestResult executionId="3c7d446f-fb47-481d-9545-05e7e8b5f8d6" parentExecutionId="b487d3b5-3fc2-46ed-8c76-cc2323109c2d" testId="30809299-0e3e-4ac7-4a2a-6f8c296d2226" testName="ToUri_Passing_ValidValueString_Returns_Uri (http://1337.net)" computerName="PC-SFERRARI" duration="00:00:00.0000031" startTime="2021-05-07T09:57:30.2567269+01:00" endTime="2021-05-07T09:57:30.2580211+01:00" testType="13cdc9d9-ddb5-4fa4-a97d-d965ccfc6d4b" outcome="Passed" testListId="8c84fa94-04c1-424b-9868-57a2d4851a1d" relativeResultsDirectory="3c7d446f-fb47-481d-9545-05e7e8b5f8d6" dataRowInfo="46" resultType="DataDrivenDataRow" />
        <UnitTestResult executionId="373d14d2-adfa-440c-98e5-ed0358e56496" parentExecutionId="b487d3b5-3fc2-46ed-8c76-cc2323109c2d" testId="30809299-0e3e-4ac7-4a2a-6f8c296d2226" testName="ToUri_Passing_ValidValueString_Returns_Uri (http://a.b-c.de)" computerName="PC-SFERRARI" duration="00:00:00.0000025" startTime="2021-05-07T09:57:30.2567269+01:00" endTime="2021-05-07T09:57:30.2580211+01:00" testType="13cdc9d9-ddb5-4fa4-a97d-d965ccfc6d4b" outcome="Passed" testListId="8c84fa94-04c1-424b-9868-57a2d4851a1d" relativeResultsDirectory="373d14d2-adfa-440c-98e5-ed0358e56496" dataRowInfo="47" resultType="DataDrivenDataRow" />
        <UnitTestResult executionId="5807f047-03e8-453a-9ea1-1f280bfc689e" parentExecutionId="b487d3b5-3fc2-46ed-8c76-cc2323109c2d" testId="30809299-0e3e-4ac7-4a2a-6f8c296d2226" testName="ToUri_Passing_ValidValueString_Returns_Uri (http://223.255.255.254)" computerName="PC-SFERRARI" duration="00:00:00.0000025" startTime="2021-05-07T09:57:30.2567269+01:00" endTime="2021-05-07T09:57:30.2580211+01:00" testType="13cdc9d9-ddb5-4fa4-a97d-d965ccfc6d4b" outcome="Passed" testListId="8c84fa94-04c1-424b-9868-57a2d4851a1d" relativeResultsDirectory="5807f047-03e8-453a-9ea1-1f280bfc689e" dataRowInfo="48" resultType="DataDrivenDataRow" />
      </InnerResults>
    </UnitTestResult>
    <UnitTestResult executionId="18c1b792-5e82-4550-ace7-8731b2daa967" testId="1f6423c7-4317-6f5b-c112-f4c9c7e822af" testName="ToEmailMaskUserNameAndDomainAndExtension_Passing_ValidEmail_Returns_EmailWithMask" computerName="PC-SFERRARI" duration="00:00:00.0004493" startTime="2021-05-07T09:57:30.2531021+01:00" endTime="2021-05-07T09:57:30.2537000+01:00" testType="13cdc9d9-ddb5-4fa4-a97d-d965ccfc6d4b" outcome="Passed" testListId="8c84fa94-04c1-424b-9868-57a2d4851a1d" relativeResultsDirectory="18c1b792-5e82-4550-ace7-8731b2daa967" resultType="DataDrivenTest">
      <InnerResults>
        <UnitTestResult executionId="6bb3a00c-4c50-4cdf-b937-2a901fdc95fc" parentExecutionId="18c1b792-5e82-4550-ace7-8731b2daa967" testId="1f6423c7-4317-6f5b-c112-f4c9c7e822af" testName="ToEmailMaskUserNameAndDomainAndExtension_Passing_ValidEmail_Returns_EmailWithMask (qaz@gmail.com,q*z@g***l.c*m)" computerName="PC-SFERRARI" duration="00:00:00.0002664" startTime="2021-05-07T09:57:30.2531021+01:00" endTime="2021-05-07T09:57:30.2537000+01:00" testType="13cdc9d9-ddb5-4fa4-a97d-d965ccfc6d4b" outcome="Passed" testListId="8c84fa94-04c1-424b-9868-57a2d4851a1d" relativeResultsDirectory="6bb3a00c-4c50-4cdf-b937-2a901fdc95fc" dataRowInfo="1" resultType="DataDrivenDataRow" />
        <UnitTestResult executionId="0875b7ed-d8bc-48f2-a91d-b789860b869b" parentExecutionId="18c1b792-5e82-4550-ace7-8731b2daa967" testId="1f6423c7-4317-6f5b-c112-f4c9c7e822af" testName="ToEmailMaskUserNameAndDomainAndExtension_Passing_ValidEmail_Returns_EmailWithMask (qazwsx@gmail.com,q****x@g***l.c*m)" computerName="PC-SFERRARI" duration="00:00:00.0000156" startTime="2021-05-07T09:57:30.2531021+01:00" endTime="2021-05-07T09:57:30.2537000+01:00" testType="13cdc9d9-ddb5-4fa4-a97d-d965ccfc6d4b" outcome="Passed" testListId="8c84fa94-04c1-424b-9868-57a2d4851a1d" relativeResultsDirectory="0875b7ed-d8bc-48f2-a91d-b789860b869b" dataRowInfo="2" resultType="DataDrivenDataRow" />
        <UnitTestResult executionId="80d4e6cb-16a9-4ed3-907b-a05b4b24a7c1" parentExecutionId="18c1b792-5e82-4550-ace7-8731b2daa967" testId="1f6423c7-4317-6f5b-c112-f4c9c7e822af" testName="ToEmailMaskUserNameAndDomainAndExtension_Passing_ValidEmail_Returns_EmailWithMask (qazwsxedc@gmail.com,q*******c@g***l.c*m)" computerName="PC-SFERRARI" duration="00:00:00.0000150" startTime="2021-05-07T09:57:30.2531021+01:00" endTime="2021-05-07T09:57:30.2537000+01:00" testType="13cdc9d9-ddb5-4fa4-a97d-d965ccfc6d4b" outcome="Passed" testListId="8c84fa94-04c1-424b-9868-57a2d4851a1d" relativeResultsDirectory="80d4e6cb-16a9-4ed3-907b-a05b4b24a7c1" dataRowInfo="3" resultType="DataDrivenDataRow" />
        <UnitTestResult executionId="b69a826e-5eef-4d11-9c44-26d04d6c5bcc" parentExecutionId="18c1b792-5e82-4550-ace7-8731b2daa967" testId="1f6423c7-4317-6f5b-c112-f4c9c7e822af" testName="ToEmailMaskUserNameAndDomainAndExtension_Passing_ValidEmail_Returns_EmailWithMask (qaz@gmailgmail.com,q*z@g********l.c*m)" computerName="PC-SFERRARI" duration="00:00:00.0000136" startTime="2021-05-07T09:57:30.2531021+01:00" endTime="2021-05-07T09:57:30.2537000+01:00" testType="13cdc9d9-ddb5-4fa4-a97d-d965ccfc6d4b" outcome="Passed" testListId="8c84fa94-04c1-424b-9868-57a2d4851a1d" relativeResultsDirectory="b69a826e-5eef-4d11-9c44-26d04d6c5bcc" dataRowInfo="4" resultType="DataDrivenDataRow" />
        <UnitTestResult executionId="3474caa3-e61a-4f82-9cf6-aea59e05db8a" parentExecutionId="18c1b792-5e82-4550-ace7-8731b2daa967" testId="1f6423c7-4317-6f5b-c112-f4c9c7e822af" testName="ToEmailMaskUserNameAndDomainAndExtension_Passing_ValidEmail_Returns_EmailWithMask (qazwsx@gmailgmail.com,q****x@g********l.c*m)" computerName="PC-SFERRARI" duration="00:00:00.0000145" startTime="2021-05-07T09:57:30.2531021+01:00" endTime="2021-05-07T09:57:30.2537000+01:00" testType="13cdc9d9-ddb5-4fa4-a97d-d965ccfc6d4b" outcome="Passed" testListId="8c84fa94-04c1-424b-9868-57a2d4851a1d" relativeResultsDirectory="3474caa3-e61a-4f82-9cf6-aea59e05db8a" dataRowInfo="5" resultType="DataDrivenDataRow" />
        <UnitTestResult executionId="473d154c-26d7-4600-87e2-9ad9af417e92" parentExecutionId="18c1b792-5e82-4550-ace7-8731b2daa967" testId="1f6423c7-4317-6f5b-c112-f4c9c7e822af" testName="ToEmailMaskUserNameAndDomainAndExtension_Passing_ValidEmail_Returns_EmailWithMask (qazwsxedc@gmailgmail.com,q*******c@g********l.c*m)" computerName="PC-SFERRARI" duration="00:00:00.0000162" startTime="2021-05-07T09:57:30.2531021+01:00" endTime="2021-05-07T09:57:30.2537000+01:00" testType="13cdc9d9-ddb5-4fa4-a97d-d965ccfc6d4b" outcome="Passed" testListId="8c84fa94-04c1-424b-9868-57a2d4851a1d" relativeResultsDirectory="473d154c-26d7-4600-87e2-9ad9af417e92" dataRowInfo="6" resultType="DataDrivenDataRow" />
      </InnerResults>
    </UnitTestResult>
    <UnitTestResult executionId="7bd6a016-913c-4eb2-b2d8-b1cf3cb975bc" testId="7f0aeefe-ba4a-5404-c6f8-82be67718cc4" testName="ToDirectoryDeleteFiles_Passing_ValidValue_Returns_DirectoryNoExists" computerName="PC-SFERRARI" duration="00:00:00.0133154" startTime="2021-05-07T09:57:30.3331951+01:00" endTime="2021-05-07T09:57:30.3466061+01:00" testType="13cdc9d9-ddb5-4fa4-a97d-d965ccfc6d4b" outcome="Passed" testListId="8c84fa94-04c1-424b-9868-57a2d4851a1d" relativeResultsDirectory="7bd6a016-913c-4eb2-b2d8-b1cf3cb975bc" />
    <UnitTestResult executionId="17a634b2-7b5b-4be1-b2e8-ededecf44f4c" testId="21ae5425-e2d1-002f-334f-105a6a674a01" testName="ToEnvironment_ServiceCollection_Passing_Custom_Enviroment_Returns_Custom_Name" computerName="PC-SFERRARI" duration="00:00:00.0003945" startTime="2021-05-07T09:57:30.0973777+01:00" endTime="2021-05-07T09:57:30.0978809+01:00" testType="13cdc9d9-ddb5-4fa4-a97d-d965ccfc6d4b" outcome="Passed" testListId="8c84fa94-04c1-424b-9868-57a2d4851a1d" relativeResultsDirectory="17a634b2-7b5b-4be1-b2e8-ededecf44f4c" />
    <UnitTestResult executionId="918dbbac-0817-4061-9e9f-f2c0d7acc17b" testId="a272f84c-2bd5-daa4-4afe-22346b802f86" testName="ToGet_Passing_Claims_Returns_Claim_Value_Object" computerName="PC-SFERRARI" duration="00:00:00.0106814" startTime="2021-05-07T09:57:29.5489497+01:00" endTime="2021-05-07T09:57:29.5598190+01:00" testType="13cdc9d9-ddb5-4fa4-a97d-d965ccfc6d4b" outcome="Passed" testListId="8c84fa94-04c1-424b-9868-57a2d4851a1d" relativeResultsDirectory="918dbbac-0817-4061-9e9f-f2c0d7acc17b" />
    <UnitTestResult executionId="bbd00c03-5f5e-4677-a131-86de73df36b2" testId="29112d2a-2e73-305d-ec50-12fc95c28627" testName="ToReplaceSpecialChars_Passing_ValidValue_Returns_ReplacedValueWithoutIgnoreSpecialChars" computerName="PC-SFERRARI" duration="00:00:00.0029297" startTime="2021-05-07T09:57:30.2058534+01:00" endTime="2021-05-07T09:57:30.2089000+01:00" testType="13cdc9d9-ddb5-4fa4-a97d-d965ccfc6d4b" outcome="Passed" testListId="8c84fa94-04c1-424b-9868-57a2d4851a1d" relativeResultsDirectory="bbd00c03-5f5e-4677-a131-86de73df36b2" resultType="DataDrivenTest">
      <InnerResults>
        <UnitTestResult executionId="b35409ed-e297-4e67-a08c-51a17f69c2c8" parentExecutionId="bbd00c03-5f5e-4677-a131-86de73df36b2" testId="29112d2a-2e73-305d-ec50-12fc95c28627" testName="ToReplaceSpecialChars_Passing_ValidValue_Returns_ReplacedValueWithoutIgnoreSpecialChars (àáäâãøçħ,aaaaaoch)" computerName="PC-SFERRARI" duration="00:00:00.0024706" startTime="2021-05-07T09:57:30.2058534+01:00" endTime="2021-05-07T09:57:30.2089000+01:00" testType="13cdc9d9-ddb5-4fa4-a97d-d965ccfc6d4b" outcome="Passed" testListId="8c84fa94-04c1-424b-9868-57a2d4851a1d" relativeResultsDirectory="b35409ed-e297-4e67-a08c-51a17f69c2c8" dataRowInfo="1" resultType="DataDrivenDataRow" />
        <UnitTestResult executionId="36c72134-9ca7-4c43-ac3e-f2b7ea438c06" parentExecutionId="bbd00c03-5f5e-4677-a131-86de73df36b2" testId="29112d2a-2e73-305d-ec50-12fc95c28627" testName="ToReplaceSpecialChars_Passing_ValidValue_Returns_ReplacedValueWithoutIgnoreSpecialChars ( àáäâ ãøçħ , aaaa aoch )" computerName="PC-SFERRARI" duration="00:00:00.0000637" startTime="2021-05-07T09:57:30.2058534+01:00" endTime="2021-05-07T09:57:30.2089000+01:00" testType="13cdc9d9-ddb5-4fa4-a97d-d965ccfc6d4b" outcome="Passed" testListId="8c84fa94-04c1-424b-9868-57a2d4851a1d" relativeResultsDirectory="36c72134-9ca7-4c43-ac3e-f2b7ea438c06" dataRowInfo="2" resultType="DataDrivenDataRow" />
        <UnitTestResult executionId="67e9b01f-b21b-450a-9f4b-a54f55f8b117" parentExecutionId="bbd00c03-5f5e-4677-a131-86de73df36b2" testId="29112d2a-2e73-305d-ec50-12fc95c28627" testName="ToReplaceSpecialChars_Passing_ValidValue_Returns_ReplacedValueWithoutIgnoreSpecialChars (*¨^_:-?¿;,)" computerName="PC-SFERRARI" duration="00:00:00.0000437" startTime="2021-05-07T09:57:30.2058534+01:00" endTime="2021-05-07T09:57:30.2089000+01:00" testType="13cdc9d9-ddb5-4fa4-a97d-d965ccfc6d4b" outcome="Passed" testListId="8c84fa94-04c1-424b-9868-57a2d4851a1d" relativeResultsDirectory="67e9b01f-b21b-450a-9f4b-a54f55f8b117" dataRowInfo="3" resultType="DataDrivenDataRow" />
        <UnitTestResult executionId="97de88bc-7afb-4846-9a9e-b621573fdc0a" parentExecutionId="bbd00c03-5f5e-4677-a131-86de73df36b2" testId="29112d2a-2e73-305d-ec50-12fc95c28627" testName="ToReplaceSpecialChars_Passing_ValidValue_Returns_ReplacedValueWithoutIgnoreSpecialChars ( * ¨ ^ _ : - ? ¿ ; ,          )" computerName="PC-SFERRARI" duration="00:00:00.0000384" startTime="2021-05-07T09:57:30.2058534+01:00" endTime="2021-05-07T09:57:30.2089000+01:00" testType="13cdc9d9-ddb5-4fa4-a97d-d965ccfc6d4b" outcome="Passed" testListId="8c84fa94-04c1-424b-9868-57a2d4851a1d" relativeResultsDirectory="97de88bc-7afb-4846-9a9e-b621573fdc0a" dataRowInfo="4" resultType="DataDrivenDataRow" />
        <UnitTestResult executionId="3b173fdb-0ef5-404b-99fe-3e28abcaadfb" parentExecutionId="bbd00c03-5f5e-4677-a131-86de73df36b2" testId="29112d2a-2e73-305d-ec50-12fc95c28627" testName="ToReplaceSpecialChars_Passing_ValidValue_Returns_ReplacedValueWithoutIgnoreSpecialChars (*¨^_:-?¿;,?¿,?¿)" computerName="PC-SFERRARI" duration="00:00:00.0000240" startTime="2021-05-07T09:57:30.2058534+01:00" endTime="2021-05-07T09:57:30.2089000+01:00" testType="13cdc9d9-ddb5-4fa4-a97d-d965ccfc6d4b" outcome="Passed" testListId="8c84fa94-04c1-424b-9868-57a2d4851a1d" relativeResultsDirectory="3b173fdb-0ef5-404b-99fe-3e28abcaadfb" dataRowInfo="5" resultType="DataDrivenDataRow" />
      </InnerResults>
    </UnitTestResult>
    <UnitTestResult executionId="bad64ec6-a005-4193-98b0-dacbaf59dbfc" testId="b8bb90de-6285-0f1c-e0f2-f3ba1f987370" testName="IsUppercase_Passing_InvalidArguments_Returns_HasErrorsAndCount" computerName="PC-SFERRARI" duration="00:00:00.0003858" startTime="2021-05-07T09:57:30.6191326+01:00" endTime="2021-05-07T09:57:30.6195886+01:00" testType="13cdc9d9-ddb5-4fa4-a97d-d965ccfc6d4b" outcome="Passed" testListId="8c84fa94-04c1-424b-9868-57a2d4851a1d" relativeResultsDirectory="bad64ec6-a005-4193-98b0-dacbaf59dbfc" />
    <UnitTestResult executionId="a2b50454-da34-4117-9920-70d615cb21dc" testId="f752d50b-77fa-327a-4493-168161bd27b2" testName="ToDefaultValue_Passing_double_Returns_Cero" computerName="PC-SFERRARI" duration="00:00:00.0004519" startTime="2021-05-07T09:57:29.6397006+01:00" endTime="2021-05-07T09:57:29.6402966+01:00" testType="13cdc9d9-ddb5-4fa4-a97d-d965ccfc6d4b" outcome="Passed" testListId="8c84fa94-04c1-424b-9868-57a2d4851a1d" relativeResultsDirectory="a2b50454-da34-4117-9920-70d615cb21dc" resultType="DataDrivenTest">
      <InnerResults>
        <UnitTestResult executionId="1c413271-6c60-4cb3-a7cf-5be6b5618dd9" parentExecutionId="a2b50454-da34-4117-9920-70d615cb21dc" testId="f752d50b-77fa-327a-4493-168161bd27b2" testName="ToDefaultValue_Passing_double_Returns_Cero (1,7976931348623157E+308)" computerName="PC-SFERRARI" duration="00:00:00.0003599" startTime="2021-05-07T09:57:29.6397006+01:00" endTime="2021-05-07T09:57:29.6402966+01:00" testType="13cdc9d9-ddb5-4fa4-a97d-d965ccfc6d4b" outcome="Passed" testListId="8c84fa94-04c1-424b-9868-57a2d4851a1d" relativeResultsDirectory="1c413271-6c60-4cb3-a7cf-5be6b5618dd9" dataRowInfo="1" resultType="DataDrivenDataRow" />
      </InnerResults>
    </UnitTestResult>
    <UnitTestResult executionId="edc5d4b0-5da3-4b97-b423-6713e4499571" testId="1340b308-d9eb-a26e-e042-04d6c1d9a958" testName="ToHasErrors_Passing_InvalidValue_Returns_ApplicationExceptionWithMessage" computerName="PC-SFERRARI" duration="00:00:00.0002681" startTime="2021-05-07T09:57:29.4464164+01:00" endTime="2021-05-07T09:57:29.4468235+01:00" testType="13cdc9d9-ddb5-4fa4-a97d-d965ccfc6d4b" outcome="Passed" testListId="8c84fa94-04c1-424b-9868-57a2d4851a1d" relativeResultsDirectory="edc5d4b0-5da3-4b97-b423-6713e4499571" />
    <UnitTestResult executionId="f5c71090-2a02-4d2b-ad1a-21f4c02ae7ca" testId="2799ef62-9686-0dc7-84d2-73639b0030f7" testName="ToInt_Passing_InvalidValueString_Returns_Null" computerName="PC-SFERRARI" duration="00:00:00.0002668" startTime="2021-05-07T09:57:30.3218135+01:00" endTime="2021-05-07T09:57:30.3222012+01:00" testType="13cdc9d9-ddb5-4fa4-a97d-d965ccfc6d4b" outcome="Passed" testListId="8c84fa94-04c1-424b-9868-57a2d4851a1d" relativeResultsDirectory="f5c71090-2a02-4d2b-ad1a-21f4c02ae7ca" resultType="DataDrivenTest">
      <InnerResults>
        <UnitTestResult executionId="fb8500bc-d3b1-454a-bc5f-2e0e19e70b23" parentExecutionId="f5c71090-2a02-4d2b-ad1a-21f4c02ae7ca" testId="2799ef62-9686-0dc7-84d2-73639b0030f7" testName="ToInt_Passing_InvalidValueString_Returns_Null (1.3333)" computerName="PC-SFERRARI" duration="00:00:00.0001515" startTime="2021-05-07T09:57:30.3218135+01:00" endTime="2021-05-07T09:57:30.3222012+01:00" testType="13cdc9d9-ddb5-4fa4-a97d-d965ccfc6d4b" outcome="Passed" testListId="8c84fa94-04c1-424b-9868-57a2d4851a1d" relativeResultsDirectory="fb8500bc-d3b1-454a-bc5f-2e0e19e70b23" dataRowInfo="1" resultType="DataDrivenDataRow" />
        <UnitTestResult executionId="0402669f-f403-4e58-a49e-b26ac543d820" parentExecutionId="f5c71090-2a02-4d2b-ad1a-21f4c02ae7ca" testId="2799ef62-9686-0dc7-84d2-73639b0030f7" testName="ToInt_Passing_InvalidValueString_Returns_Null (1,3333)" computerName="PC-SFERRARI" duration="00:00:00.0000072" startTime="2021-05-07T09:57:30.3218135+01:00" endTime="2021-05-07T09:57:30.3222012+01:00" testType="13cdc9d9-ddb5-4fa4-a97d-d965ccfc6d4b" outcome="Passed" testListId="8c84fa94-04c1-424b-9868-57a2d4851a1d" relativeResultsDirectory="0402669f-f403-4e58-a49e-b26ac543d820" dataRowInfo="2" resultType="DataDrivenDataRow" />
        <UnitTestResult executionId="7de8ef91-ef63-4b87-adad-215b8addc793" parentExecutionId="f5c71090-2a02-4d2b-ad1a-21f4c02ae7ca" testId="2799ef62-9686-0dc7-84d2-73639b0030f7" testName="ToInt_Passing_InvalidValueString_Returns_Null (1.333,39)" computerName="PC-SFERRARI" duration="00:00:00.0000036" startTime="2021-05-07T09:57:30.3218135+01:00" endTime="2021-05-07T09:57:30.3222012+01:00" testType="13cdc9d9-ddb5-4fa4-a97d-d965ccfc6d4b" outcome="Passed" testListId="8c84fa94-04c1-424b-9868-57a2d4851a1d" relativeResultsDirectory="7de8ef91-ef63-4b87-adad-215b8addc793" dataRowInfo="3" resultType="DataDrivenDataRow" />
        <UnitTestResult executionId="97508144-6922-48e2-930b-7c5135f7aa92" parentExecutionId="f5c71090-2a02-4d2b-ad1a-21f4c02ae7ca" testId="2799ef62-9686-0dc7-84d2-73639b0030f7" testName="ToInt_Passing_InvalidValueString_Returns_Null (999999439293294392492349329493294)" computerName="PC-SFERRARI" duration="00:00:00.0000035" startTime="2021-05-07T09:57:30.3218135+01:00" endTime="2021-05-07T09:57:30.3222012+01:00" testType="13cdc9d9-ddb5-4fa4-a97d-d965ccfc6d4b" outcome="Passed" testListId="8c84fa94-04c1-424b-9868-57a2d4851a1d" relativeResultsDirectory="97508144-6922-48e2-930b-7c5135f7aa92" dataRowInfo="4" resultType="DataDrivenDataRow" />
        <UnitTestResult executionId="e8aa64ae-0fcc-49d4-872d-f240c5cab99d" parentExecutionId="f5c71090-2a02-4d2b-ad1a-21f4c02ae7ca" testId="2799ef62-9686-0dc7-84d2-73639b0030f7" testName="ToInt_Passing_InvalidValueString_Returns_Null (asdasdasdasd234324)" computerName="PC-SFERRARI" duration="00:00:00.0000032" startTime="2021-05-07T09:57:30.3218135+01:00" endTime="2021-05-07T09:57:30.3222012+01:00" testType="13cdc9d9-ddb5-4fa4-a97d-d965ccfc6d4b" outcome="Passed" testListId="8c84fa94-04c1-424b-9868-57a2d4851a1d" relativeResultsDirectory="e8aa64ae-0fcc-49d4-872d-f240c5cab99d" dataRowInfo="5" resultType="DataDrivenDataRow" />
      </InnerResults>
    </UnitTestResult>
    <UnitTestResult executionId="6cf5bc67-4c86-4318-b448-1231d605157a" testId="225c09bd-86d5-d9ce-d2b8-18431ca384e3" testName="ToDefaultValue_Passing_ValidGuid_Returns_DefaultValue" computerName="PC-SFERRARI" duration="00:00:00.0002831" startTime="2021-05-07T09:57:30.5588238+01:00" endTime="2021-05-07T09:57:30.5592010+01:00" testType="13cdc9d9-ddb5-4fa4-a97d-d965ccfc6d4b" outcome="Passed" testListId="8c84fa94-04c1-424b-9868-57a2d4851a1d" relativeResultsDirectory="6cf5bc67-4c86-4318-b448-1231d605157a" />
    <UnitTestResult executionId="19fe5837-12ab-4b64-bab0-6f18bd254cc5" testId="c87d842d-198f-fc52-0a70-418a5e5378ab" testName="IsEqual_Passing_InvalidArguments_Returns_HasErrorsAndCount" computerName="PC-SFERRARI" duration="00:00:00.0011560" startTime="2021-05-07T09:57:30.5830552+01:00" endTime="2021-05-07T09:57:30.5844141+01:00" testType="13cdc9d9-ddb5-4fa4-a97d-d965ccfc6d4b" outcome="Passed" testListId="8c84fa94-04c1-424b-9868-57a2d4851a1d" relativeResultsDirectory="19fe5837-12ab-4b64-bab0-6f18bd254cc5" />
    <UnitTestResult executionId="345bd76a-2240-43a1-b1db-d9c91e7272f9" testId="4a3afd90-c6ab-e82e-40d8-b40450680318" testName="IsHostname_Passing_InvalidArguments_Returns_HasErrorsAndCount" computerName="PC-SFERRARI" duration="00:00:00.0004703" startTime="2021-05-07T09:57:30.6096347+01:00" endTime="2021-05-07T09:57:30.6101736+01:00" testType="13cdc9d9-ddb5-4fa4-a97d-d965ccfc6d4b" outcome="Passed" testListId="8c84fa94-04c1-424b-9868-57a2d4851a1d" relativeResultsDirectory="345bd76a-2240-43a1-b1db-d9c91e7272f9" />
    <UnitTestResult executionId="8adaf5d8-2f2a-46b3-851a-6563532196b6" testId="40108f40-2761-0a89-d16d-ad113b5f3dd5" testName="ToDefaultValue_Passing_short_Returns_Cero" computerName="PC-SFERRARI" duration="00:00:00.0002882" startTime="2021-05-07T09:57:29.6272365+01:00" endTime="2021-05-07T09:57:29.6276116+01:00" testType="13cdc9d9-ddb5-4fa4-a97d-d965ccfc6d4b" outcome="Passed" testListId="8c84fa94-04c1-424b-9868-57a2d4851a1d" relativeResultsDirectory="8adaf5d8-2f2a-46b3-851a-6563532196b6" resultType="DataDrivenTest">
      <InnerResults>
        <UnitTestResult executionId="a337f414-7ba5-4b4e-b654-79b14bb93a61" parentExecutionId="8adaf5d8-2f2a-46b3-851a-6563532196b6" testId="40108f40-2761-0a89-d16d-ad113b5f3dd5" testName="ToDefaultValue_Passing_short_Returns_Cero (32767)" computerName="PC-SFERRARI" duration="00:00:00.0002457" startTime="2021-05-07T09:57:29.6272365+01:00" endTime="2021-05-07T09:57:29.6276116+01:00" testType="13cdc9d9-ddb5-4fa4-a97d-d965ccfc6d4b" outcome="Passed" testListId="8c84fa94-04c1-424b-9868-57a2d4851a1d" relativeResultsDirectory="a337f414-7ba5-4b4e-b654-79b14bb93a61" dataRowInfo="1" resultType="DataDrivenDataRow" />
      </InnerResults>
    </UnitTestResult>
    <UnitTestResult executionId="8af3ee67-62db-41d6-9e67-a9fe5e601875" testId="297c060d-406b-f933-91fe-dfd3459b8ace" testName="ToIsNullOrEmpty_Passing_InvalidValue_Returns_True" computerName="PC-SFERRARI" duration="00:00:00.0006509" startTime="2021-05-07T09:57:29.4069488+01:00" endTime="2021-05-07T09:57:29.4079689+01:00" testType="13cdc9d9-ddb5-4fa4-a97d-d965ccfc6d4b" outcome="Passed" testListId="8c84fa94-04c1-424b-9868-57a2d4851a1d" relativeResultsDirectory="8af3ee67-62db-41d6-9e67-a9fe5e601875" />
    <UnitTestResult executionId="fead02ea-e623-4b25-b956-057495a8e563" testId="074815db-ddf2-9c1f-0fef-7f709183591e" testName="ToExists_Passing_Service_Not_Found_Returns_False" computerName="PC-SFERRARI" duration="00:00:00.0007427" startTime="2021-05-07T09:57:29.3766480+01:00" endTime="2021-05-07T09:57:29.3775665+01:00" testType="13cdc9d9-ddb5-4fa4-a97d-d965ccfc6d4b" outcome="Passed" testListId="8c84fa94-04c1-424b-9868-57a2d4851a1d" relativeResultsDirectory="fead02ea-e623-4b25-b956-057495a8e563" />
    <UnitTestResult executionId="a70bf98e-f36f-4b12-a7d3-22de78e9f2f1" testId="678a7b5d-e2f9-09be-f35f-0e3e4d5ad033" testName="ToDeserialize_Passing_String_Returns_Object" computerName="PC-SFERRARI" duration="00:00:00.0034612" startTime="2021-05-07T09:57:30.0771735+01:00" endTime="2021-05-07T09:57:30.0807815+01:00" testType="13cdc9d9-ddb5-4fa4-a97d-d965ccfc6d4b" outcome="Passed" testListId="8c84fa94-04c1-424b-9868-57a2d4851a1d" relativeResultsDirectory="a70bf98e-f36f-4b12-a7d3-22de78e9f2f1" />
    <UnitTestResult executionId="f6449499-0241-48d1-9a93-a3184d86820e" testId="6fc389b2-a5f3-ded0-63b6-7e1b4cca8442" testName="ToPaged_Passing_Name_Ascending_Order_Returns_Filter_List" computerName="PC-SFERRARI" duration="00:00:00.0011270" startTime="2021-05-07T09:57:30.0907193+01:00" endTime="2021-05-07T09:57:30.0919237+01:00" testType="13cdc9d9-ddb5-4fa4-a97d-d965ccfc6d4b" outcome="Passed" testListId="8c84fa94-04c1-424b-9868-57a2d4851a1d" relativeResultsDirectory="f6449499-0241-48d1-9a93-a3184d86820e" />
    <UnitTestResult executionId="e5f84994-b2c8-461f-a882-84e7154d1ef9" testId="f0f37a42-1a3a-10a5-5f17-e01b9915abd3" testName="ToPaged_Passing_Age_Ascending_Order_Returns_Filter_List" computerName="PC-SFERRARI" duration="00:00:00.0028437" startTime="2021-05-07T09:57:30.0870790+01:00" endTime="2021-05-07T09:57:30.0900953+01:00" testType="13cdc9d9-ddb5-4fa4-a97d-d965ccfc6d4b" outcome="Passed" testListId="8c84fa94-04c1-424b-9868-57a2d4851a1d" relativeResultsDirectory="e5f84994-b2c8-461f-a882-84e7154d1ef9" />
    <UnitTestResult executionId="27b32441-6d89-437f-948f-918617bb8493" testId="1237bc5f-42ea-8c7f-8602-051620acda95" testName="ToEmailMaskUserName_Passing_ValidEmail_Returns_EmailWithMask" computerName="PC-SFERRARI" duration="00:00:00.0011649" startTime="2021-05-07T09:57:30.2436036+01:00" endTime="2021-05-07T09:57:30.2448977+01:00" testType="13cdc9d9-ddb5-4fa4-a97d-d965ccfc6d4b" outcome="Passed" testListId="8c84fa94-04c1-424b-9868-57a2d4851a1d" relativeResultsDirectory="27b32441-6d89-437f-948f-918617bb8493" resultType="DataDrivenTest">
      <InnerResults>
        <UnitTestResult executionId="e419f219-40a6-4d60-ad30-4554780c67cc" parentExecutionId="27b32441-6d89-437f-948f-918617bb8493" testId="1237bc5f-42ea-8c7f-8602-051620acda95" testName="ToEmailMaskUserName_Passing_ValidEmail_Returns_EmailWithMask (qaz@gmail.com,q*z@gmail.com)" computerName="PC-SFERRARI" duration="00:00:00.0008231" startTime="2021-05-07T09:57:30.2436036+01:00" endTime="2021-05-07T09:57:30.2448977+01:00" testType="13cdc9d9-ddb5-4fa4-a97d-d965ccfc6d4b" outcome="Passed" testListId="8c84fa94-04c1-424b-9868-57a2d4851a1d" relativeResultsDirectory="e419f219-40a6-4d60-ad30-4554780c67cc" dataRowInfo="1" resultType="DataDrivenDataRow" />
        <UnitTestResult executionId="41c06e63-492f-4740-9c8b-7ac53d6eaf94" parentExecutionId="27b32441-6d89-437f-948f-918617bb8493" testId="1237bc5f-42ea-8c7f-8602-051620acda95" testName="ToEmailMaskUserName_Passing_ValidEmail_Returns_EmailWithMask (qazwsx@gmail.com,q****x@gmail.com)" computerName="PC-SFERRARI" duration="00:00:00.0000466" startTime="2021-05-07T09:57:30.2436036+01:00" endTime="2021-05-07T09:57:30.2448977+01:00" testType="13cdc9d9-ddb5-4fa4-a97d-d965ccfc6d4b" outcome="Passed" testListId="8c84fa94-04c1-424b-9868-57a2d4851a1d" relativeResultsDirectory="41c06e63-492f-4740-9c8b-7ac53d6eaf94" dataRowInfo="2" resultType="DataDrivenDataRow" />
        <UnitTestResult executionId="207127ba-d3ab-499e-b888-b5e8130893cb" parentExecutionId="27b32441-6d89-437f-948f-918617bb8493" testId="1237bc5f-42ea-8c7f-8602-051620acda95" testName="ToEmailMaskUserName_Passing_ValidEmail_Returns_EmailWithMask (qazwsxedc@gmail.com,q*******c@gmail.com)" computerName="PC-SFERRARI" duration="00:00:00.0000254" startTime="2021-05-07T09:57:30.2436036+01:00" endTime="2021-05-07T09:57:30.2448977+01:00" testType="13cdc9d9-ddb5-4fa4-a97d-d965ccfc6d4b" outcome="Passed" testListId="8c84fa94-04c1-424b-9868-57a2d4851a1d" relativeResultsDirectory="207127ba-d3ab-499e-b888-b5e8130893cb" dataRowInfo="3" resultType="DataDrivenDataRow" />
        <UnitTestResult executionId="3e9d81d1-d0ff-44f7-99ab-d17c5776960a" parentExecutionId="27b32441-6d89-437f-948f-918617bb8493" testId="1237bc5f-42ea-8c7f-8602-051620acda95" testName="ToEmailMaskUserName_Passing_ValidEmail_Returns_EmailWithMask (qaz@gmailgmail.com,q*z@gmailgmail.com)" computerName="PC-SFERRARI" duration="00:00:00.0000396" startTime="2021-05-07T09:57:30.2436036+01:00" endTime="2021-05-07T09:57:30.2448977+01:00" testType="13cdc9d9-ddb5-4fa4-a97d-d965ccfc6d4b" outcome="Passed" testListId="8c84fa94-04c1-424b-9868-57a2d4851a1d" relativeResultsDirectory="3e9d81d1-d0ff-44f7-99ab-d17c5776960a" dataRowInfo="4" resultType="DataDrivenDataRow" />
        <UnitTestResult executionId="bfdc1a39-c6cb-4209-9b7d-8da223c85733" parentExecutionId="27b32441-6d89-437f-948f-918617bb8493" testId="1237bc5f-42ea-8c7f-8602-051620acda95" testName="ToEmailMaskUserName_Passing_ValidEmail_Returns_EmailWithMask (qazwsx@gmailgmail.com,q****x@gmailgmail.com)" computerName="PC-SFERRARI" duration="00:00:00.0000400" startTime="2021-05-07T09:57:30.2436036+01:00" endTime="2021-05-07T09:57:30.2448977+01:00" testType="13cdc9d9-ddb5-4fa4-a97d-d965ccfc6d4b" outcome="Passed" testListId="8c84fa94-04c1-424b-9868-57a2d4851a1d" relativeResultsDirectory="bfdc1a39-c6cb-4209-9b7d-8da223c85733" dataRowInfo="5" resultType="DataDrivenDataRow" />
        <UnitTestResult executionId="05db2a81-4076-4181-bde8-abc5d96528d5" parentExecutionId="27b32441-6d89-437f-948f-918617bb8493" testId="1237bc5f-42ea-8c7f-8602-051620acda95" testName="ToEmailMaskUserName_Passing_ValidEmail_Returns_EmailWithMask (qazwsxedc@gmailgmail.com,q*******c@gmailgmail.com)" computerName="PC-SFERRARI" duration="00:00:00.0000400" startTime="2021-05-07T09:57:30.2436036+01:00" endTime="2021-05-07T09:57:30.2448977+01:00" testType="13cdc9d9-ddb5-4fa4-a97d-d965ccfc6d4b" outcome="Passed" testListId="8c84fa94-04c1-424b-9868-57a2d4851a1d" relativeResultsDirectory="05db2a81-4076-4181-bde8-abc5d96528d5" dataRowInfo="6" resultType="DataDrivenDataRow" />
      </InnerResults>
    </UnitTestResult>
    <UnitTestResult executionId="bd17381c-3fa7-4b62-bccc-2a6b28ef930d" testId="4e1a5879-f3c8-4fdb-51d0-c4cf0a35e0bf" testName="ToInt_Passing_Enumeration_Name_Returns_Value" computerName="PC-SFERRARI" duration="00:00:00.0002405" startTime="2021-05-07T09:57:29.6124317+01:00" endTime="2021-05-07T09:57:29.6128386+01:00" testType="13cdc9d9-ddb5-4fa4-a97d-d965ccfc6d4b" outcome="Passed" testListId="8c84fa94-04c1-424b-9868-57a2d4851a1d" relativeResultsDirectory="bd17381c-3fa7-4b62-bccc-2a6b28ef930d" />
    <UnitTestResult executionId="517ba090-8479-4db7-a575-bcd22ee45217" testId="19f76070-822e-31f8-2a9f-a96f774333a7" testName="ToInt_Passing_InvalidValueString_Returns_DefaultValue" computerName="PC-SFERRARI" duration="00:00:00.0002694" startTime="2021-05-07T09:57:30.3222474+01:00" endTime="2021-05-07T09:57:30.3226245+01:00" testType="13cdc9d9-ddb5-4fa4-a97d-d965ccfc6d4b" outcome="Passed" testListId="8c84fa94-04c1-424b-9868-57a2d4851a1d" relativeResultsDirectory="517ba090-8479-4db7-a575-bcd22ee45217" resultType="DataDrivenTest">
      <InnerResults>
        <UnitTestResult executionId="548fb448-93bc-4fa8-9a98-6d20fd83a075" parentExecutionId="517ba090-8479-4db7-a575-bcd22ee45217" testId="19f76070-822e-31f8-2a9f-a96f774333a7" testName="ToInt_Passing_InvalidValueString_Returns_DefaultValue (1.3333)" computerName="PC-SFERRARI" duration="00:00:00.0001547" startTime="2021-05-07T09:57:30.3222474+01:00" endTime="2021-05-07T09:57:30.3226245+01:00" testType="13cdc9d9-ddb5-4fa4-a97d-d965ccfc6d4b" outcome="Passed" testListId="8c84fa94-04c1-424b-9868-57a2d4851a1d" relativeResultsDirectory="548fb448-93bc-4fa8-9a98-6d20fd83a075" dataRowInfo="1" resultType="DataDrivenDataRow" />
        <UnitTestResult executionId="b31d4677-9e4a-41f8-b955-fcb17a03ecc9" parentExecutionId="517ba090-8479-4db7-a575-bcd22ee45217" testId="19f76070-822e-31f8-2a9f-a96f774333a7" testName="ToInt_Passing_InvalidValueString_Returns_DefaultValue (1,3333)" computerName="PC-SFERRARI" duration="00:00:00.0000057" startTime="2021-05-07T09:57:30.3222474+01:00" endTime="2021-05-07T09:57:30.3226245+01:00" testType="13cdc9d9-ddb5-4fa4-a97d-d965ccfc6d4b" outcome="Passed" testListId="8c84fa94-04c1-424b-9868-57a2d4851a1d" relativeResultsDirectory="b31d4677-9e4a-41f8-b955-fcb17a03ecc9" dataRowInfo="2" resultType="DataDrivenDataRow" />
        <UnitTestResult executionId="9523c526-d30a-4611-b6d8-25a07d2ced48" parentExecutionId="517ba090-8479-4db7-a575-bcd22ee45217" testId="19f76070-822e-31f8-2a9f-a96f774333a7" testName="ToInt_Passing_InvalidValueString_Returns_DefaultValue (1.333,39)" computerName="PC-SFERRARI" duration="00:00:00.0000038" startTime="2021-05-07T09:57:30.3222474+01:00" endTime="2021-05-07T09:57:30.3226245+01:00" testType="13cdc9d9-ddb5-4fa4-a97d-d965ccfc6d4b" outcome="Passed" testListId="8c84fa94-04c1-424b-9868-57a2d4851a1d" relativeResultsDirectory="9523c526-d30a-4611-b6d8-25a07d2ced48" dataRowInfo="3" resultType="DataDrivenDataRow" />
        <UnitTestResult executionId="e0cd347b-3a50-4d6c-b4b2-f78efbfd9e66" parentExecutionId="517ba090-8479-4db7-a575-bcd22ee45217" testId="19f76070-822e-31f8-2a9f-a96f774333a7" testName="ToInt_Passing_InvalidValueString_Returns_DefaultValue (999999439293294392492349329493294)" computerName="PC-SFERRARI" duration="00:00:00.0000036" startTime="2021-05-07T09:57:30.3222474+01:00" endTime="2021-05-07T09:57:30.3226245+01:00" testType="13cdc9d9-ddb5-4fa4-a97d-d965ccfc6d4b" outcome="Passed" testListId="8c84fa94-04c1-424b-9868-57a2d4851a1d" relativeResultsDirectory="e0cd347b-3a50-4d6c-b4b2-f78efbfd9e66" dataRowInfo="4" resultType="DataDrivenDataRow" />
        <UnitTestResult executionId="e549979a-280a-4641-b15a-70621ddb410c" parentExecutionId="517ba090-8479-4db7-a575-bcd22ee45217" testId="19f76070-822e-31f8-2a9f-a96f774333a7" testName="ToInt_Passing_InvalidValueString_Returns_DefaultValue (asdasdasdasd234324)" computerName="PC-SFERRARI" duration="00:00:00.0000042" startTime="2021-05-07T09:57:30.3222474+01:00" endTime="2021-05-07T09:57:30.3226245+01:00" testType="13cdc9d9-ddb5-4fa4-a97d-d965ccfc6d4b" outcome="Passed" testListId="8c84fa94-04c1-424b-9868-57a2d4851a1d" relativeResultsDirectory="e549979a-280a-4641-b15a-70621ddb410c" dataRowInfo="5" resultType="DataDrivenDataRow" />
      </InnerResults>
    </UnitTestResult>
    <UnitTestResult executionId="331b3db6-6af3-46ff-86f8-ff6f6d2566a8" testId="6088101f-62c5-69c8-6751-05523b132d06" testName="CreateAndVerifySHA512_Passing_Valid_Arguments_Returns_True" computerName="PC-SFERRARI" duration="00:00:00.0006670" startTime="2021-05-07T09:57:30.6464039+01:00" endTime="2021-05-07T09:57:30.6472269+01:00" testType="13cdc9d9-ddb5-4fa4-a97d-d965ccfc6d4b" outcome="Passed" testListId="8c84fa94-04c1-424b-9868-57a2d4851a1d" relativeResultsDirectory="331b3db6-6af3-46ff-86f8-ff6f6d2566a8" resultType="DataDrivenTest">
      <InnerResults>
        <UnitTestResult executionId="ca93a759-bf33-431b-a170-21093c07740f" parentExecutionId="331b3db6-6af3-46ff-86f8-ff6f6d2566a8" testId="6088101f-62c5-69c8-6751-05523b132d06" testName="CreateAndVerifySHA512_Passing_Valid_Arguments_Returns_True (Password)" computerName="PC-SFERRARI" duration="00:00:00.0004487" startTime="2021-05-07T09:57:30.6464039+01:00" endTime="2021-05-07T09:57:30.6472269+01:00" testType="13cdc9d9-ddb5-4fa4-a97d-d965ccfc6d4b" outcome="Passed" testListId="8c84fa94-04c1-424b-9868-57a2d4851a1d" relativeResultsDirectory="ca93a759-bf33-431b-a170-21093c07740f" dataRowInfo="1" resultType="DataDrivenDataRow" />
        <UnitTestResult executionId="3d577902-6a11-469b-b377-8552c562f834" parentExecutionId="331b3db6-6af3-46ff-86f8-ff6f6d2566a8" testId="6088101f-62c5-69c8-6751-05523b132d06" testName="CreateAndVerifySHA512_Passing_Valid_Arguments_Returns_True (HashTests)" computerName="PC-SFERRARI" duration="00:00:00.0000615" startTime="2021-05-07T09:57:30.6464039+01:00" endTime="2021-05-07T09:57:30.6472269+01:00" testType="13cdc9d9-ddb5-4fa4-a97d-d965ccfc6d4b" outcome="Passed" testListId="8c84fa94-04c1-424b-9868-57a2d4851a1d" relativeResultsDirectory="3d577902-6a11-469b-b377-8552c562f834" dataRowInfo="2" resultType="DataDrivenDataRow" />
        <UnitTestResult executionId="1c0e8523-d31c-484b-8717-bcaf894335c2" parentExecutionId="331b3db6-6af3-46ff-86f8-ff6f6d2566a8" testId="6088101f-62c5-69c8-6751-05523b132d06" testName="CreateAndVerifySHA512_Passing_Valid_Arguments_Returns_True (sdlfkjldsfksdfñl·%$·&amp;$/U&amp;/)(&amp;()?=)¿?^P*^PÑL,.,.lñ´ñ+98098'098098)" computerName="PC-SFERRARI" duration="00:00:00.0000638" startTime="2021-05-07T09:57:30.6464039+01:00" endTime="2021-05-07T09:57:30.6472269+01:00" testType="13cdc9d9-ddb5-4fa4-a97d-d965ccfc6d4b" outcome="Passed" testListId="8c84fa94-04c1-424b-9868-57a2d4851a1d" relativeResultsDirectory="1c0e8523-d31c-484b-8717-bcaf894335c2" dataRowInfo="3" resultType="DataDrivenDataRow" />
      </InnerResults>
    </UnitTestResult>
    <UnitTestResult executionId="d4c11ca7-9853-43b8-85ff-c63a1f6372c7" testId="a95f665c-aa8d-208d-902c-60a464250c99" testName="ToDefaultValue_Passing_ValidBoolean_Returns_DefaultValue" computerName="PC-SFERRARI" duration="00:00:00.0001376" startTime="2021-05-07T09:57:30.5592259+01:00" endTime="2021-05-07T09:57:30.5594577+01:00" testType="13cdc9d9-ddb5-4fa4-a97d-d965ccfc6d4b" outcome="Passed" testListId="8c84fa94-04c1-424b-9868-57a2d4851a1d" relativeResultsDirectory="d4c11ca7-9853-43b8-85ff-c63a1f6372c7" />
    <UnitTestResult executionId="212ce125-f4d6-4b8b-a289-100e2107a50e" testId="7c679bcb-7a59-8751-0063-1ef6e07cb160" testName="ToEnvironment_Passing_Service_Not_Found_Returns_ApplicationException" computerName="PC-SFERRARI" duration="00:00:00.0111544" startTime="2021-05-07T09:57:29.3652949+01:00" endTime="2021-05-07T09:57:29.3765859+01:00" testType="13cdc9d9-ddb5-4fa4-a97d-d965ccfc6d4b" outcome="Passed" testListId="8c84fa94-04c1-424b-9868-57a2d4851a1d" relativeResultsDirectory="212ce125-f4d6-4b8b-a289-100e2107a50e" />
    <UnitTestResult executionId="72238ba3-d266-4023-941f-e0cd8fba4195" testId="f8b74494-d277-7173-e694-2a4d463a4607" testName="ToMapList_Passing_Source_Type_And_Destination_Type_Returns_Destination_Object_List" computerName="PC-SFERRARI" duration="00:00:00.0357746" startTime="2021-05-07T09:57:29.0832799+01:00" endTime="2021-05-07T09:57:29.1191997+01:00" testType="13cdc9d9-ddb5-4fa4-a97d-d965ccfc6d4b" outcome="Passed" testListId="8c84fa94-04c1-424b-9868-57a2d4851a1d" relativeResultsDirectory="72238ba3-d266-4023-941f-e0cd8fba4195" />
    <UnitTestResult executionId="b741b9db-1584-4c46-9751-3f5ca015d664" testId="a75e991f-5e03-3949-85d6-afa1f14455d4" testName="ToIsAuthenticated_Passing_Claims_Returns_True" computerName="PC-SFERRARI" duration="00:00:00.0134604" startTime="2021-05-07T09:57:29.5069013+01:00" endTime="2021-05-07T09:57:29.5205383+01:00" testType="13cdc9d9-ddb5-4fa4-a97d-d965ccfc6d4b" outcome="Passed" testListId="8c84fa94-04c1-424b-9868-57a2d4851a1d" relativeResultsDirectory="b741b9db-1584-4c46-9751-3f5ca015d664" />
    <UnitTestResult executionId="b9d3b0ee-0de9-4866-9350-12b7c50f1e0c" testId="96f263a8-e1d9-0070-21ba-583144d2d030" testName="ToEnum_Passing_ValidValueInt_Returns_EnumValue" computerName="PC-SFERRARI" duration="00:00:00.0003327" startTime="2021-05-07T09:57:30.2366884+01:00" endTime="2021-05-07T09:57:30.2371637+01:00" testType="13cdc9d9-ddb5-4fa4-a97d-d965ccfc6d4b" outcome="Passed" testListId="8c84fa94-04c1-424b-9868-57a2d4851a1d" relativeResultsDirectory="b9d3b0ee-0de9-4866-9350-12b7c50f1e0c" />
    <UnitTestResult executionId="eeaec41c-bc19-4345-ab73-949d738239cd" testId="4ff63349-9eef-ad1f-85cf-a84cda1ff120" testName="ToDetails_Passing_HttpContext_Returns_Details_HttpContext" computerName="PC-SFERRARI" duration="00:00:00.0158465" startTime="2021-05-07T09:57:29.6527296+01:00" endTime="2021-05-07T09:57:29.6687562+01:00" testType="13cdc9d9-ddb5-4fa4-a97d-d965ccfc6d4b" outcome="Passed" testListId="8c84fa94-04c1-424b-9868-57a2d4851a1d" relativeResultsDirectory="eeaec41c-bc19-4345-ab73-949d738239cd" />
    <UnitTestResult executionId="d5218585-9b1c-45eb-955f-0ff576ef00fc" testId="1761ee10-7c34-b565-b889-1885bffe91c3" testName="ToSetTime_Passing_Time_Int_Returns_DateTime" computerName="PC-SFERRARI" duration="00:00:00.0001216" startTime="2021-05-07T09:57:29.6058423+01:00" endTime="2021-05-07T09:57:29.6060319+01:00" testType="13cdc9d9-ddb5-4fa4-a97d-d965ccfc6d4b" outcome="Passed" testListId="8c84fa94-04c1-424b-9868-57a2d4851a1d" relativeResultsDirectory="d5218585-9b1c-45eb-955f-0ff576ef00fc" />
    <UnitTestResult executionId="89773cdc-4039-4146-8b87-d3a105169124" testId="4184a91b-5297-4872-2a98-1ef97e124515" testName="ToGetAll_Passing_Claims_Returns_Claim_Value_String_List" computerName="PC-SFERRARI" duration="00:00:00.0027652" startTime="2021-05-07T09:57:29.5634706+01:00" endTime="2021-05-07T09:57:29.5705569+01:00" testType="13cdc9d9-ddb5-4fa4-a97d-d965ccfc6d4b" outcome="Passed" testListId="8c84fa94-04c1-424b-9868-57a2d4851a1d" relativeResultsDirectory="89773cdc-4039-4146-8b87-d3a105169124" />
    <UnitTestResult executionId="90fb8a2a-1dfb-4986-b91a-388bfc8c6930" testId="e2880a6e-7a01-b4ba-86fb-4d33be072972" testName="ToExists_Passing_Valid_Service_Returns_True" computerName="PC-SFERRARI" duration="00:00:00.0002830" startTime="2021-05-07T09:57:30.0987251+01:00" endTime="2021-05-07T09:57:30.0990736+01:00" testType="13cdc9d9-ddb5-4fa4-a97d-d965ccfc6d4b" outcome="Passed" testListId="8c84fa94-04c1-424b-9868-57a2d4851a1d" relativeResultsDirectory="90fb8a2a-1dfb-4986-b91a-388bfc8c6930" />
    <UnitTestResult executionId="38062f9b-7974-412f-bdff-51ee356a2b42" testId="8dccdb77-e6a8-58c6-9bd0-108f87c5ff65" testName="ToAuthenticationType_Passing_Null_ClaimsPrincipal_Returns_ApplicationException" computerName="PC-SFERRARI" duration="00:00:00.0009083" startTime="2021-05-07T09:57:29.5205841+01:00" endTime="2021-05-07T09:57:29.5216667+01:00" testType="13cdc9d9-ddb5-4fa4-a97d-d965ccfc6d4b" outcome="Passed" testListId="8c84fa94-04c1-424b-9868-57a2d4851a1d" relativeResultsDirectory="38062f9b-7974-412f-bdff-51ee356a2b42" />
    <UnitTestResult executionId="891ab941-c215-4552-8772-5988d8421649" testId="f2debf4a-2a42-7b0b-1005-8f74a6fc63cb" testName="IsSubdomain_Passing_InvalidArguments_Returns_HasErrorsAndCount" computerName="PC-SFERRARI" duration="00:00:00.0003412" startTime="2021-05-07T09:57:30.6051707+01:00" endTime="2021-05-07T09:57:30.6057049+01:00" testType="13cdc9d9-ddb5-4fa4-a97d-d965ccfc6d4b" outcome="Passed" testListId="8c84fa94-04c1-424b-9868-57a2d4851a1d" relativeResultsDirectory="891ab941-c215-4552-8772-5988d8421649" />
    <UnitTestResult executionId="2f407622-0f82-4108-b249-da4b09fd36cf" testId="74c0befe-cdb2-1fdf-be71-2a39199bb5c9" testName="ToService_Passing_Service_Not_Found_Returns_ApplicationException" computerName="PC-SFERRARI" duration="00:00:00.0007017" startTime="2021-05-07T09:57:29.3796278+01:00" endTime="2021-05-07T09:57:29.3804411+01:00" testType="13cdc9d9-ddb5-4fa4-a97d-d965ccfc6d4b" outcome="Passed" testListId="8c84fa94-04c1-424b-9868-57a2d4851a1d" relativeResultsDirectory="2f407622-0f82-4108-b249-da4b09fd36cf" />
    <UnitTestResult executionId="a93ef031-8861-4887-b1b5-75708e042d3f" testId="8f970201-c66a-ecfa-fa45-503451c8c439" testName="ResultDataBadRequest_WithErrors_Value" computerName="PC-SFERRARI" duration="00:00:00.0009620" startTime="2021-05-07T09:57:30.7012173+01:00" endTime="2021-05-07T09:57:30.7023177+01:00" testType="13cdc9d9-ddb5-4fa4-a97d-d965ccfc6d4b" outcome="Passed" testListId="8c84fa94-04c1-424b-9868-57a2d4851a1d" relativeResultsDirectory="a93ef031-8861-4887-b1b5-75708e042d3f" />
    <UnitTestResult executionId="1ce1cb53-d5f6-4868-8501-618673467685" testId="87c5dbd3-fd2a-1e49-42e5-8dc78affc8d6" testName="ToSerialize_Passing_Objects_Returns_String_Values" computerName="PC-SFERRARI" duration="00:00:00.0020405" startTime="2021-05-07T09:57:30.0746486+01:00" endTime="2021-05-07T09:57:30.0771275+01:00" testType="13cdc9d9-ddb5-4fa4-a97d-d965ccfc6d4b" outcome="Passed" testListId="8c84fa94-04c1-424b-9868-57a2d4851a1d" relativeResultsDirectory="1ce1cb53-d5f6-4868-8501-618673467685" />
    <UnitTestResult executionId="9ea65494-ca76-4020-8e2e-476850917190" testId="056700a7-2506-75ed-a80a-ddf2ddb5d2a8" testName="IsUppercase_Passing_ValidArguments_Returns_HasErrorsAndCount" computerName="PC-SFERRARI" duration="00:00:00.0001270" startTime="2021-05-07T09:57:30.6196129+01:00" endTime="2021-05-07T09:57:30.6198196+01:00" testType="13cdc9d9-ddb5-4fa4-a97d-d965ccfc6d4b" outcome="Passed" testListId="8c84fa94-04c1-424b-9868-57a2d4851a1d" relativeResultsDirectory="9ea65494-ca76-4020-8e2e-476850917190" />
    <UnitTestResult executionId="8eb9e798-26bb-4673-bf70-04030b719442" testId="118e36ba-6572-1245-e05b-9bcc7b4e5e20" testName="ToBytes_Passing_Object_Returns_Bytes" computerName="PC-SFERRARI" duration="00:00:00.0007692" startTime="2021-05-07T09:57:29.6489170+01:00" endTime="2021-05-07T09:57:29.6498390+01:00" testType="13cdc9d9-ddb5-4fa4-a97d-d965ccfc6d4b" outcome="Passed" testListId="8c84fa94-04c1-424b-9868-57a2d4851a1d" relativeResultsDirectory="8eb9e798-26bb-4673-bf70-04030b719442" />
    <UnitTestResult executionId="cc7942e4-2ff5-4f77-9e03-6d2c0d5cfdea" testId="845c887e-a785-555d-db89-1c2975a33bbb" testName="ToServiceMatchingInterface_Passing_Valid_Assembly_Returns_Service" computerName="PC-SFERRARI" duration="00:00:00.0165834" startTime="2021-05-07T09:57:30.1067476+01:00" endTime="2021-05-07T09:57:30.1235383+01:00" testType="13cdc9d9-ddb5-4fa4-a97d-d965ccfc6d4b" outcome="Passed" testListId="8c84fa94-04c1-424b-9868-57a2d4851a1d" relativeResultsDirectory="cc7942e4-2ff5-4f77-9e03-6d2c0d5cfdea" />
    <UnitTestResult executionId="33673ab8-d069-4850-9b80-6051179c0bfc" testId="1064d8aa-5d0e-6bf5-83ee-952a4d1fd93b" testName="ToEnum_Passing_InvalidValueInt_Returns_EnumCustomValue" computerName="PC-SFERRARI" duration="00:00:00.0001252" startTime="2021-05-07T09:57:30.2374759+01:00" endTime="2021-05-07T09:57:30.2377022+01:00" testType="13cdc9d9-ddb5-4fa4-a97d-d965ccfc6d4b" outcome="Passed" testListId="8c84fa94-04c1-424b-9868-57a2d4851a1d" relativeResultsDirectory="33673ab8-d069-4850-9b80-6051179c0bfc" />
    <UnitTestResult executionId="f635ed88-2ae5-4696-9969-8f02cf5e8907" testId="6c59b811-73c0-2540-9661-8c8f2a459ff2" testName="ToDefaultValue_Passing_byte_Returns_Cero" computerName="PC-SFERRARI" duration="00:00:00.0002925" startTime="2021-05-07T09:57:29.6268215+01:00" endTime="2021-05-07T09:57:29.6272069+01:00" testType="13cdc9d9-ddb5-4fa4-a97d-d965ccfc6d4b" outcome="Passed" testListId="8c84fa94-04c1-424b-9868-57a2d4851a1d" relativeResultsDirectory="f635ed88-2ae5-4696-9969-8f02cf5e8907" resultType="DataDrivenTest">
      <InnerResults>
        <UnitTestResult executionId="82b77ea2-10a1-4790-8aaa-231d680dfb87" parentExecutionId="f635ed88-2ae5-4696-9969-8f02cf5e8907" testId="6c59b811-73c0-2540-9661-8c8f2a459ff2" testName="ToDefaultValue_Passing_byte_Returns_Cero (255)" computerName="PC-SFERRARI" duration="00:00:00.0002444" startTime="2021-05-07T09:57:29.6268215+01:00" endTime="2021-05-07T09:57:29.6272069+01:00" testType="13cdc9d9-ddb5-4fa4-a97d-d965ccfc6d4b" outcome="Passed" testListId="8c84fa94-04c1-424b-9868-57a2d4851a1d" relativeResultsDirectory="82b77ea2-10a1-4790-8aaa-231d680dfb87" dataRowInfo="1" resultType="DataDrivenDataRow" />
      </InnerResults>
    </UnitTestResult>
    <UnitTestResult executionId="0f2467f7-fa0b-433a-b000-0d1783337a26" testId="34e0940c-fc9c-71db-fc18-7d52ee8761a0" testName="ToAuthenticationType_Passing_Claims_Returns_Null" computerName="PC-SFERRARI" duration="00:00:00.0006661" startTime="2021-05-07T09:57:29.5280437+01:00" endTime="2021-05-07T09:57:29.5289221+01:00" testType="13cdc9d9-ddb5-4fa4-a97d-d965ccfc6d4b" outcome="Passed" testListId="8c84fa94-04c1-424b-9868-57a2d4851a1d" relativeResultsDirectory="0f2467f7-fa0b-433a-b000-0d1783337a26" />
    <UnitTestResult executionId="809d3f61-754c-4008-bc00-f3843a5bfaec" testId="cf950ab2-9fe4-ec30-43b4-2f3a99b5167d" testName="CreateAndVerifySHA256_Passing_Valid_Arguments_Returns_True" computerName="PC-SFERRARI" duration="00:00:00.0016949" startTime="2021-05-07T09:57:30.6378181+01:00" endTime="2021-05-07T09:57:30.6396138+01:00" testType="13cdc9d9-ddb5-4fa4-a97d-d965ccfc6d4b" outcome="Passed" testListId="8c84fa94-04c1-424b-9868-57a2d4851a1d" relativeResultsDirectory="809d3f61-754c-4008-bc00-f3843a5bfaec" resultType="DataDrivenTest">
      <InnerResults>
        <UnitTestResult executionId="2bfab6bf-bd28-431b-ac62-a1e373ab39e9" parentExecutionId="809d3f61-754c-4008-bc00-f3843a5bfaec" testId="cf950ab2-9fe4-ec30-43b4-2f3a99b5167d" testName="CreateAndVerifySHA256_Passing_Valid_Arguments_Returns_True (Password)" computerName="PC-SFERRARI" duration="00:00:00.0015767" startTime="2021-05-07T09:57:30.6378181+01:00" endTime="2021-05-07T09:57:30.6396138+01:00" testType="13cdc9d9-ddb5-4fa4-a97d-d965ccfc6d4b" outcome="Passed" testListId="8c84fa94-04c1-424b-9868-57a2d4851a1d" relativeResultsDirectory="2bfab6bf-bd28-431b-ac62-a1e373ab39e9" dataRowInfo="1" resultType="DataDrivenDataRow" />
        <UnitTestResult executionId="8cf963c6-35cd-4bd7-a510-d47d3ff4cbec" parentExecutionId="809d3f61-754c-4008-bc00-f3843a5bfaec" testId="cf950ab2-9fe4-ec30-43b4-2f3a99b5167d" testName="CreateAndVerifySHA256_Passing_Valid_Arguments_Returns_True (HashTests)" computerName="PC-SFERRARI" duration="00:00:00.0000266" startTime="2021-05-07T09:57:30.6378181+01:00" endTime="2021-05-07T09:57:30.6396138+01:00" testType="13cdc9d9-ddb5-4fa4-a97d-d965ccfc6d4b" outcome="Passed" testListId="8c84fa94-04c1-424b-9868-57a2d4851a1d" relativeResultsDirectory="8cf963c6-35cd-4bd7-a510-d47d3ff4cbec" dataRowInfo="2" resultType="DataDrivenDataRow" />
        <UnitTestResult executionId="2a8f80a1-da73-4a49-8932-d60fa2bc962d" parentExecutionId="809d3f61-754c-4008-bc00-f3843a5bfaec" testId="cf950ab2-9fe4-ec30-43b4-2f3a99b5167d" testName="CreateAndVerifySHA256_Passing_Valid_Arguments_Returns_True (sdlfkjldsfksdfñl·%$·&amp;$/U&amp;/)(&amp;()?=)¿?^P*^PÑL,.,.lñ´ñ+98098'098098)" computerName="PC-SFERRARI" duration="00:00:00.0000281" startTime="2021-05-07T09:57:30.6378181+01:00" endTime="2021-05-07T09:57:30.6396138+01:00" testType="13cdc9d9-ddb5-4fa4-a97d-d965ccfc6d4b" outcome="Passed" testListId="8c84fa94-04c1-424b-9868-57a2d4851a1d" relativeResultsDirectory="2a8f80a1-da73-4a49-8932-d60fa2bc962d" dataRowInfo="3" resultType="DataDrivenDataRow" />
      </InnerResults>
    </UnitTestResult>
    <UnitTestResult executionId="cc670a6b-0feb-4820-8b92-4a31008006ec" testId="2e87c537-4979-f58b-6e83-f3d4ee161ff1" testName="ToGetAll_Passing_Claims_Returns_Claim_Value_Object_List" computerName="PC-SFERRARI" duration="00:00:00.0157146" startTime="2021-05-07T09:57:29.5772904+01:00" endTime="2021-05-07T09:57:29.5931709+01:00" testType="13cdc9d9-ddb5-4fa4-a97d-d965ccfc6d4b" outcome="Passed" testListId="8c84fa94-04c1-424b-9868-57a2d4851a1d" relativeResultsDirectory="cc670a6b-0feb-4820-8b92-4a31008006ec" />
    <UnitTestResult executionId="1de9a879-e1c3-498d-bd2f-7c7c964b3aed" testId="c2d3c8df-32e7-92dc-91f8-057e8c4da6b9" testName="ToTomorrow_Passing_DateTime_Returns_Tomorrow_DateTime" computerName="PC-SFERRARI" duration="00:00:00.0001814" startTime="2021-05-07T09:57:29.6050555+01:00" endTime="2021-05-07T09:57:29.6053021+01:00" testType="13cdc9d9-ddb5-4fa4-a97d-d965ccfc6d4b" outcome="Passed" testListId="8c84fa94-04c1-424b-9868-57a2d4851a1d" relativeResultsDirectory="1de9a879-e1c3-498d-bd2f-7c7c964b3aed" />
    <UnitTestResult executionId="d39efaa0-a513-4e1c-8778-45589efda7d0" testId="e9b23f0c-0cde-4603-1739-ee642fd33c36" testName="ToSubdomain_Passing_HttpRequest_Host_Returns_Subdomain" computerName="PC-SFERRARI" duration="00:00:00.0044773" startTime="2021-05-07T09:57:29.7310634+01:00" endTime="2021-05-07T09:57:29.7357327+01:00" testType="13cdc9d9-ddb5-4fa4-a97d-d965ccfc6d4b" outcome="Passed" testListId="8c84fa94-04c1-424b-9868-57a2d4851a1d" relativeResultsDirectory="d39efaa0-a513-4e1c-8778-45589efda7d0" />
    <UnitTestResult executionId="de6d4868-c9eb-4073-85c2-fe4e39887fe2" testId="65b9c427-b5ec-99b4-199a-0093cd460501" testName="ToUserName_Passing_Null_ClaimsPrincipal_Returns_ApplicationException" computerName="PC-SFERRARI" duration="00:00:00.0020163" startTime="2021-05-07T09:57:29.5304019+01:00" endTime="2021-05-07T09:57:29.5326249+01:00" testType="13cdc9d9-ddb5-4fa4-a97d-d965ccfc6d4b" outcome="Passed" testListId="8c84fa94-04c1-424b-9868-57a2d4851a1d" relativeResultsDirectory="de6d4868-c9eb-4073-85c2-fe4e39887fe2" />
    <UnitTestResult executionId="2cf50e6b-3a8a-4b5e-96e2-c41a0f8b57a4" testId="9d64a285-266d-52de-ef34-34102f8ad12c" testName="IsEspecialChars_Passing_InvalidArguments_Returns_HasErrorsAndCount" computerName="PC-SFERRARI" duration="00:00:00.0005550" startTime="2021-05-07T09:57:30.6175189+01:00" endTime="2021-05-07T09:57:30.6181664+01:00" testType="13cdc9d9-ddb5-4fa4-a97d-d965ccfc6d4b" outcome="Passed" testListId="8c84fa94-04c1-424b-9868-57a2d4851a1d" relativeResultsDirectory="2cf50e6b-3a8a-4b5e-96e2-c41a0f8b57a4" />
    <UnitTestResult executionId="3fd66f0f-7ce4-49a2-8b94-7c2a2885ceef" testId="cd004a9f-a0f6-2fdf-aeae-1890f4ab8e71" testName="ToHashAlgorithmName_Passing_ValidValueString_Returns_HashAlgorithmName" computerName="PC-SFERRARI" duration="00:00:00.0015605" startTime="2021-05-07T09:57:30.3133675+01:00" endTime="2021-05-07T09:57:30.3151332+01:00" testType="13cdc9d9-ddb5-4fa4-a97d-d965ccfc6d4b" outcome="Passed" testListId="8c84fa94-04c1-424b-9868-57a2d4851a1d" relativeResultsDirectory="3fd66f0f-7ce4-49a2-8b94-7c2a2885ceef" resultType="DataDrivenTest">
      <InnerResults>
        <UnitTestResult executionId="287e8609-88c8-49f6-9264-2d0e85af9d50" parentExecutionId="3fd66f0f-7ce4-49a2-8b94-7c2a2885ceef" testId="cd004a9f-a0f6-2fdf-aeae-1890f4ab8e71" testName="ToHashAlgorithmName_Passing_ValidValueString_Returns_HashAlgorithmName (MD5)" computerName="PC-SFERRARI" duration="00:00:00.0014958" startTime="2021-05-07T09:57:30.3133675+01:00" endTime="2021-05-07T09:57:30.3151332+01:00" testType="13cdc9d9-ddb5-4fa4-a97d-d965ccfc6d4b" outcome="Passed" testListId="8c84fa94-04c1-424b-9868-57a2d4851a1d" relativeResultsDirectory="287e8609-88c8-49f6-9264-2d0e85af9d50" dataRowInfo="1" resultType="DataDrivenDataRow" />
      </InnerResults>
    </UnitTestResult>
    <UnitTestResult executionId="ac642976-cd54-49f0-8acd-6cf14ea65284" testId="07d50dfb-3195-c832-23d2-97ae667f2010" testName="ToString_Passing_Valid_Collection_Returns_String_With_Default_Separator" computerName="PC-SFERRARI" duration="00:00:00.0005564" startTime="2021-05-07T09:57:29.6076838+01:00" endTime="2021-05-07T09:57:29.6084137+01:00" testType="13cdc9d9-ddb5-4fa4-a97d-d965ccfc6d4b" outcome="Passed" testListId="8c84fa94-04c1-424b-9868-57a2d4851a1d" relativeResultsDirectory="ac642976-cd54-49f0-8acd-6cf14ea65284" />
    <UnitTestResult executionId="a1824bb2-0a82-4023-a20a-bf60b96c9929" testId="0df69eaf-b001-71ae-6cf8-f9c5860f7c4c" testName="ToIsFileThrow_Passing_InvalidValue_Returns_ApplicationExceptionWithMessage" computerName="PC-SFERRARI" duration="00:00:00.0010155" startTime="2021-05-07T09:57:29.4116344+01:00" endTime="2021-05-07T09:57:29.4127422+01:00" testType="13cdc9d9-ddb5-4fa4-a97d-d965ccfc6d4b" outcome="Passed" testListId="8c84fa94-04c1-424b-9868-57a2d4851a1d" relativeResultsDirectory="a1824bb2-0a82-4023-a20a-bf60b96c9929" />
    <UnitTestResult executionId="9e35cf16-085a-419a-9ae1-dcc510112fe6" testId="7384e2f6-7a7f-d462-78fa-5bf7f49c326a" testName="ToIsAuthenticated_Passing_Claims_Returns_False" computerName="PC-SFERRARI" duration="00:00:00.0013834" startTime="2021-05-07T09:57:29.5052743+01:00" endTime="2021-05-07T09:57:29.5068523+01:00" testType="13cdc9d9-ddb5-4fa4-a97d-d965ccfc6d4b" outcome="Passed" testListId="8c84fa94-04c1-424b-9868-57a2d4851a1d" relativeResultsDirectory="9e35cf16-085a-419a-9ae1-dcc510112fe6" />
    <UnitTestResult executionId="419b4050-8c5c-423f-97a9-1a86e60a5810" testId="a6625fb0-1b80-148b-87dc-9cf616e5e84d" testName="ToList_Passing_ValidEnumType_Returns_ValuesList" computerName="PC-SFERRARI" duration="00:00:00.0041624" startTime="2021-05-07T09:57:30.6246866+01:00" endTime="2021-05-07T09:57:30.6290765+01:00" testType="13cdc9d9-ddb5-4fa4-a97d-d965ccfc6d4b" outcome="Passed" testListId="8c84fa94-04c1-424b-9868-57a2d4851a1d" relativeResultsDirectory="419b4050-8c5c-423f-97a9-1a86e60a5810" />
    <UnitTestResult executionId="0adbba0d-80f7-43b8-8158-b3b306825847" testId="071a93ca-ce4d-3349-fe5a-5052bf3ce103" testName="ResultError_WithTitle_WithStatusCode_WithDetails_WithExceptionType_WithMessages_WithErrors" computerName="PC-SFERRARI" duration="00:00:00.0164022" startTime="2021-05-07T09:57:30.7023489+01:00" endTime="2021-05-07T09:57:30.7188974+01:00" testType="13cdc9d9-ddb5-4fa4-a97d-d965ccfc6d4b" outcome="Passed" testListId="8c84fa94-04c1-424b-9868-57a2d4851a1d" relativeResultsDirectory="0adbba0d-80f7-43b8-8158-b3b306825847" />
    <UnitTestResult executionId="d4018962-b8dd-49e7-b9de-7c807cc06592" testId="ebdf037a-44fa-7875-99d4-42fa9833aac8" testName="IsDigit_Passing_ValidArguments_Returns_HasErrorsAndCount" computerName="PC-SFERRARI" duration="00:00:00.0001484" startTime="2021-05-07T09:57:30.6114466+01:00" endTime="2021-05-07T09:57:30.6116701+01:00" testType="13cdc9d9-ddb5-4fa4-a97d-d965ccfc6d4b" outcome="Passed" testListId="8c84fa94-04c1-424b-9868-57a2d4851a1d" relativeResultsDirectory="d4018962-b8dd-49e7-b9de-7c807cc06592" />
    <UnitTestResult executionId="81b73f37-333d-4c85-9c26-ce1c9d6edaf7" testId="34931354-7c25-7812-28fe-96ea501746b4" testName="ToSetTime_Passing_Time_String_Returns_DateTime" computerName="PC-SFERRARI" duration="00:00:00.0004395" startTime="2021-05-07T09:57:29.6053196+01:00" endTime="2021-05-07T09:57:29.6058227+01:00" testType="13cdc9d9-ddb5-4fa4-a97d-d965ccfc6d4b" outcome="Passed" testListId="8c84fa94-04c1-424b-9868-57a2d4851a1d" relativeResultsDirectory="81b73f37-333d-4c85-9c26-ce1c9d6edaf7" />
    <UnitTestResult executionId="4347dd64-f1ab-42e4-94f9-bf7e0446eff0" testId="27cc1a96-8264-8762-05bc-aa63ccb155d7" testName="ToMapClone_Passing_Source_Returns_New_Source_Object" computerName="PC-SFERRARI" duration="00:00:00.2956455" startTime="2021-05-07T09:57:28.7601499+01:00" endTime="2021-05-07T09:57:29.0564597+01:00" testType="13cdc9d9-ddb5-4fa4-a97d-d965ccfc6d4b" outcome="Passed" testListId="8c84fa94-04c1-424b-9868-57a2d4851a1d" relativeResultsDirectory="4347dd64-f1ab-42e4-94f9-bf7e0446eff0" />
    <UnitTestResult executionId="a3fd7b68-a3e2-44c4-9237-39d92bd5e0cd" testId="04084e8e-c859-4ef5-e2a7-4fb2803cb2a3" testName="ToReplace_Passing_ValidValue_Returns_ReplacedValue" computerName="PC-SFERRARI" duration="00:00:00.0009505" startTime="2021-05-07T09:57:30.2020844+01:00" endTime="2021-05-07T09:57:30.2031960+01:00" testType="13cdc9d9-ddb5-4fa4-a97d-d965ccfc6d4b" outcome="Passed" testListId="8c84fa94-04c1-424b-9868-57a2d4851a1d" relativeResultsDirectory="a3fd7b68-a3e2-44c4-9237-39d92bd5e0cd" resultType="DataDrivenTest">
      <InnerResults>
        <UnitTestResult executionId="5bacb51d-abfe-406e-b122-36b4a06cf320" parentExecutionId="a3fd7b68-a3e2-44c4-9237-39d92bd5e0cd" testId="04084e8e-c859-4ef5-e2a7-4fb2803cb2a3" testName="ToReplace_Passing_ValidValue_Returns_ReplacedValue (aeiou,*,0,1,*eiou)" computerName="PC-SFERRARI" duration="00:00:00.0008048" startTime="2021-05-07T09:57:30.2020844+01:00" endTime="2021-05-07T09:57:30.2031960+01:00" testType="13cdc9d9-ddb5-4fa4-a97d-d965ccfc6d4b" outcome="Passed" testListId="8c84fa94-04c1-424b-9868-57a2d4851a1d" relativeResultsDirectory="5bacb51d-abfe-406e-b122-36b4a06cf320" dataRowInfo="1" resultType="DataDrivenDataRow" />
        <UnitTestResult executionId="fa034146-5912-4545-abc7-55fe22a3055d" parentExecutionId="a3fd7b68-a3e2-44c4-9237-39d92bd5e0cd" testId="04084e8e-c859-4ef5-e2a7-4fb2803cb2a3" testName="ToReplace_Passing_ValidValue_Returns_ReplacedValue (aeiou,*,0,2,**iou)" computerName="PC-SFERRARI" duration="00:00:00.0000064" startTime="2021-05-07T09:57:30.2020844+01:00" endTime="2021-05-07T09:57:30.2031960+01:00" testType="13cdc9d9-ddb5-4fa4-a97d-d965ccfc6d4b" outcome="Passed" testListId="8c84fa94-04c1-424b-9868-57a2d4851a1d" relativeResultsDirectory="fa034146-5912-4545-abc7-55fe22a3055d" dataRowInfo="2" resultType="DataDrivenDataRow" />
        <UnitTestResult executionId="e4625f24-6f78-417c-a26c-f6f527cf65d8" parentExecutionId="a3fd7b68-a3e2-44c4-9237-39d92bd5e0cd" testId="04084e8e-c859-4ef5-e2a7-4fb2803cb2a3" testName="ToReplace_Passing_ValidValue_Returns_ReplacedValue (aeiou,*,0,3,***ou)" computerName="PC-SFERRARI" duration="00:00:00.0000038" startTime="2021-05-07T09:57:30.2020844+01:00" endTime="2021-05-07T09:57:30.2031960+01:00" testType="13cdc9d9-ddb5-4fa4-a97d-d965ccfc6d4b" outcome="Passed" testListId="8c84fa94-04c1-424b-9868-57a2d4851a1d" relativeResultsDirectory="e4625f24-6f78-417c-a26c-f6f527cf65d8" dataRowInfo="3" resultType="DataDrivenDataRow" />
        <UnitTestResult executionId="06a0156e-e5b8-478b-8c98-c3d1c116ded7" parentExecutionId="a3fd7b68-a3e2-44c4-9237-39d92bd5e0cd" testId="04084e8e-c859-4ef5-e2a7-4fb2803cb2a3" testName="ToReplace_Passing_ValidValue_Returns_ReplacedValue (aeiou,*,0,4,****u)" computerName="PC-SFERRARI" duration="00:00:00.0000033" startTime="2021-05-07T09:57:30.2020844+01:00" endTime="2021-05-07T09:57:30.2031960+01:00" testType="13cdc9d9-ddb5-4fa4-a97d-d965ccfc6d4b" outcome="Passed" testListId="8c84fa94-04c1-424b-9868-57a2d4851a1d" relativeResultsDirectory="06a0156e-e5b8-478b-8c98-c3d1c116ded7" dataRowInfo="4" resultType="DataDrivenDataRow" />
        <UnitTestResult executionId="8ed2367d-8065-47f1-89db-6558dd69ff62" parentExecutionId="a3fd7b68-a3e2-44c4-9237-39d92bd5e0cd" testId="04084e8e-c859-4ef5-e2a7-4fb2803cb2a3" testName="ToReplace_Passing_ValidValue_Returns_ReplacedValue (aeiou,*,0,5,*****)" computerName="PC-SFERRARI" duration="00:00:00.0000033" startTime="2021-05-07T09:57:30.2020844+01:00" endTime="2021-05-07T09:57:30.2031960+01:00" testType="13cdc9d9-ddb5-4fa4-a97d-d965ccfc6d4b" outcome="Passed" testListId="8c84fa94-04c1-424b-9868-57a2d4851a1d" relativeResultsDirectory="8ed2367d-8065-47f1-89db-6558dd69ff62" dataRowInfo="5" resultType="DataDrivenDataRow" />
        <UnitTestResult executionId="a2d76b4d-65e9-485c-976f-56aa77fcfe53" parentExecutionId="a3fd7b68-a3e2-44c4-9237-39d92bd5e0cd" testId="04084e8e-c859-4ef5-e2a7-4fb2803cb2a3" testName="ToReplace_Passing_ValidValue_Returns_ReplacedValue (aeiou,*,2,1,ae*ou)" computerName="PC-SFERRARI" duration="00:00:00.0000035" startTime="2021-05-07T09:57:30.2020844+01:00" endTime="2021-05-07T09:57:30.2031960+01:00" testType="13cdc9d9-ddb5-4fa4-a97d-d965ccfc6d4b" outcome="Passed" testListId="8c84fa94-04c1-424b-9868-57a2d4851a1d" relativeResultsDirectory="a2d76b4d-65e9-485c-976f-56aa77fcfe53" dataRowInfo="6" resultType="DataDrivenDataRow" />
        <UnitTestResult executionId="3dfab0eb-8090-4eaf-8696-bd745ebdb5b3" parentExecutionId="a3fd7b68-a3e2-44c4-9237-39d92bd5e0cd" testId="04084e8e-c859-4ef5-e2a7-4fb2803cb2a3" testName="ToReplace_Passing_ValidValue_Returns_ReplacedValue (aeiou,*,2,2,ae**u)" computerName="PC-SFERRARI" duration="00:00:00.0000030" startTime="2021-05-07T09:57:30.2020844+01:00" endTime="2021-05-07T09:57:30.2031960+01:00" testType="13cdc9d9-ddb5-4fa4-a97d-d965ccfc6d4b" outcome="Passed" testListId="8c84fa94-04c1-424b-9868-57a2d4851a1d" relativeResultsDirectory="3dfab0eb-8090-4eaf-8696-bd745ebdb5b3" dataRowInfo="7" resultType="DataDrivenDataRow" />
      </InnerResults>
    </UnitTestResult>
  </Results>
  <TestDefinitions>
    <UnitTest name="ToAuthenticationType_Passing_Claims_Returns_AuthenticationType_Name" storage="d:\sferrari\01 - trabajo\repos\netcore\libs\template-netcore-shared\kitpymes.core.shared.tests\bin\release\netcoreapp3.0\kitpymes.core.shared.tests.dll" id="635e001f-2a50-f191-84e2-e81cd2000fdf">
      <Execution id="01bcc886-b48f-482e-95ba-8fd74977eb93" />
      <TestMethod codeBase="D:\SFERRARI\01 - TRABAJO\repos\netcore\libs\template-netcore-shared\Kitpymes.Core.Shared.Tests\bin\Release\netcoreapp3.0\Kitpymes.Core.Shared.Tests.dll" adapterTypeName="executor://mstestadapter/v2" className="Kitpymes.Core.Shared.Tests.ClaimsPrincipalExtensionsTests" name="ToAuthenticationType_Passing_Claims_Returns_AuthenticationType_Name" />
    </UnitTest>
    <UnitTest name="ToInt_Passing_InvalidValueString_Returns_Null" storage="d:\sferrari\01 - trabajo\repos\netcore\libs\template-netcore-shared\kitpymes.core.shared.tests\bin\release\netcoreapp3.0\kitpymes.core.shared.tests.dll" id="2799ef62-9686-0dc7-84d2-73639b0030f7">
      <Execution id="f5c71090-2a02-4d2b-ad1a-21f4c02ae7ca" />
      <TestMethod codeBase="D:\SFERRARI\01 - TRABAJO\repos\netcore\libs\template-netcore-shared\Kitpymes.Core.Shared.Tests\bin\Release\netcoreapp3.0\Kitpymes.Core.Shared.Tests.dll" adapterTypeName="executor://mstestadapter/v2" className="Kitpymes.Core.Shared.Tests.StringExtensionsTests" name="ToInt_Passing_InvalidValueString_Returns_Null" />
    </UnitTest>
    <UnitTest name="ToEnvironment_Passing_Development_Enviroment_Returns_Development_Name" storage="d:\sferrari\01 - trabajo\repos\netcore\libs\template-netcore-shared\kitpymes.core.shared.tests\bin\release\netcoreapp3.0\kitpymes.core.shared.tests.dll" id="1c5de28c-f1b3-c94d-8e43-201eab8c2ff8">
      <Execution id="483a8e2e-6357-4d82-9542-359f5a093ce0" />
      <TestMethod codeBase="D:\SFERRARI\01 - TRABAJO\repos\netcore\libs\template-netcore-shared\Kitpymes.Core.Shared.Tests\bin\Release\netcoreapp3.0\Kitpymes.Core.Shared.Tests.dll" adapterTypeName="executor://mstestadapter/v2" className="Kitpymes.Core.Shared.Tests.ApplicationBuilderExtensionsTests" name="ToEnvironment_Passing_Development_Enviroment_Returns_Development_Name" />
    </UnitTest>
    <UnitTest name="ResultDataBadRequest_WithErrors_KeyValue" storage="d:\sferrari\01 - trabajo\repos\netcore\libs\template-netcore-shared\kitpymes.core.shared.tests\bin\release\netcoreapp3.0\kitpymes.core.shared.tests.dll" id="b399a6be-77e5-c0ba-9b75-93d2ac763084">
      <Execution id="fba07308-4488-451f-b642-db7f529c88f3" />
      <TestMethod codeBase="D:\SFERRARI\01 - TRABAJO\repos\netcore\libs\template-netcore-shared\Kitpymes.Core.Shared.Tests\bin\Release\netcoreapp3.0\Kitpymes.Core.Shared.Tests.dll" adapterTypeName="executor://mstestadapter/v2" className="Kitpymes.Core.Shared.Tests.ResultTest" name="ResultDataBadRequest_WithErrors_KeyValue" />
    </UnitTest>
    <UnitTest name="ToTryContentType_Passing_HttpRequestWithContentType_Value_Returns_ContentType_String_Value" storage="d:\sferrari\01 - trabajo\repos\netcore\libs\template-netcore-shared\kitpymes.core.shared.tests\bin\release\netcoreapp3.0\kitpymes.core.shared.tests.dll" id="a03675ec-665e-f4d5-4630-89e50dac0bfb">
      <Execution id="a20a9895-5015-40a0-883a-08c09ad54bac" />
      <TestMethod codeBase="D:\SFERRARI\01 - TRABAJO\repos\netcore\libs\template-netcore-shared\Kitpymes.Core.Shared.Tests\bin\Release\netcoreapp3.0\Kitpymes.Core.Shared.Tests.dll" adapterTypeName="executor://mstestadapter/v2" className="Kitpymes.Core.Shared.Tests.HttpRequestExtensionsTests" name="ToTryContentType_Passing_HttpRequestWithContentType_Value_Returns_ContentType_String_Value" />
    </UnitTest>
    <UnitTest name="ToGet_Passing_Claims_Returns_Claim_Value_Int" storage="d:\sferrari\01 - trabajo\repos\netcore\libs\template-netcore-shared\kitpymes.core.shared.tests\bin\release\netcoreapp3.0\kitpymes.core.shared.tests.dll" id="209cbba1-d5fa-4810-2cb6-ee92ce2e109d">
      <Execution id="a2f0d4d8-0455-4642-a1a9-0c3b174c2fcd" />
      <TestMethod codeBase="D:\SFERRARI\01 - TRABAJO\repos\netcore\libs\template-netcore-shared\Kitpymes.Core.Shared.Tests\bin\Release\netcoreapp3.0\Kitpymes.Core.Shared.Tests.dll" adapterTypeName="executor://mstestadapter/v2" className="Kitpymes.Core.Shared.Tests.ClaimsPrincipalExtensionsTests" name="ToGet_Passing_Claims_Returns_Claim_Value_Int" />
    </UnitTest>
    <UnitTest name="IsUniqueChars_Passing_ValidArguments_Returns_HasErrorsAndCount" storage="d:\sferrari\01 - trabajo\repos\netcore\libs\template-netcore-shared\kitpymes.core.shared.tests\bin\release\netcoreapp3.0\kitpymes.core.shared.tests.dll" id="fcd9a6e3-ee1d-7212-668e-2b0865200d81">
      <Execution id="2ab4a2ab-5539-4709-b403-10d181098366" />
      <TestMethod codeBase="D:\SFERRARI\01 - TRABAJO\repos\netcore\libs\template-netcore-shared\Kitpymes.Core.Shared.Tests\bin\Release\netcoreapp3.0\Kitpymes.Core.Shared.Tests.dll" adapterTypeName="executor://mstestadapter/v2" className="Kitpymes.Core.Shared.Tests.CheckTests" name="IsUniqueChars_Passing_ValidArguments_Returns_HasErrorsAndCount" />
    </UnitTest>
    <UnitTest name="ToEnum_Passing_ValidValue_String_Returns_EnumValue" storage="d:\sferrari\01 - trabajo\repos\netcore\libs\template-netcore-shared\kitpymes.core.shared.tests\bin\release\netcoreapp3.0\kitpymes.core.shared.tests.dll" id="605637df-9854-875b-b3aa-6675f3fbd045">
      <Execution id="33633ec7-2648-40c8-bced-b7828a0f0abe" />
      <TestMethod codeBase="D:\SFERRARI\01 - TRABAJO\repos\netcore\libs\template-netcore-shared\Kitpymes.Core.Shared.Tests\bin\Release\netcoreapp3.0\Kitpymes.Core.Shared.Tests.dll" adapterTypeName="executor://mstestadapter/v2" className="Kitpymes.Core.Shared.Tests.StringExtensionsTests" name="ToEnum_Passing_ValidValue_String_Returns_EnumValue" />
    </UnitTest>
    <UnitTest name="ToConfigureOrDefault_Passing_DefaultValues_And_ActionCustomValues_Returns_DefaultValues_And_CustomValues" storage="d:\sferrari\01 - trabajo\repos\netcore\libs\template-netcore-shared\kitpymes.core.shared.tests\bin\release\netcoreapp3.0\kitpymes.core.shared.tests.dll" id="53cbdd8e-a1ef-5d22-8745-938609ed19c2">
      <Execution id="e03de64a-0082-474a-9dc2-d4eac7acff2b" />
      <TestMethod codeBase="D:\SFERRARI\01 - TRABAJO\repos\netcore\libs\template-netcore-shared\Kitpymes.Core.Shared.Tests\bin\Release\netcoreapp3.0\Kitpymes.Core.Shared.Tests.dll" adapterTypeName="executor://mstestadapter/v2" className="Kitpymes.Core.Shared.Tests.ActionExtensionsTests" name="ToConfigureOrDefault_Passing_DefaultValues_And_ActionCustomValues_Returns_DefaultValues_And_CustomValues" />
    </UnitTest>
    <UnitTest name="ToList_Passing_ValidEnumTypeWithSelectedValue_Returns_ValuesList" storage="d:\sferrari\01 - trabajo\repos\netcore\libs\template-netcore-shared\kitpymes.core.shared.tests\bin\release\netcoreapp3.0\kitpymes.core.shared.tests.dll" id="b871cd27-681f-8d07-6c2a-809341ba2909">
      <Execution id="c758065f-5409-46d7-832f-b8a995629ae4" />
      <TestMethod codeBase="D:\SFERRARI\01 - TRABAJO\repos\netcore\libs\template-netcore-shared\Kitpymes.Core.Shared.Tests\bin\Release\netcoreapp3.0\Kitpymes.Core.Shared.Tests.dll" adapterTypeName="executor://mstestadapter/v2" className="Kitpymes.Core.Shared.Tests.EnumsTests" name="ToList_Passing_ValidEnumTypeWithSelectedValue_Returns_ValuesList" />
    </UnitTest>
    <UnitTest name="ToHashAlgorithmName_Passing_ValidValueString_Returns_HashAlgorithmName" storage="d:\sferrari\01 - trabajo\repos\netcore\libs\template-netcore-shared\kitpymes.core.shared.tests\bin\release\netcoreapp3.0\kitpymes.core.shared.tests.dll" id="cd004a9f-a0f6-2fdf-aeae-1890f4ab8e71">
      <Execution id="3fd66f0f-7ce4-49a2-8b94-7c2a2885ceef" />
      <TestMethod codeBase="D:\SFERRARI\01 - TRABAJO\repos\netcore\libs\template-netcore-shared\Kitpymes.Core.Shared.Tests\bin\Release\netcoreapp3.0\Kitpymes.Core.Shared.Tests.dll" adapterTypeName="executor://mstestadapter/v2" className="Kitpymes.Core.Shared.Tests.StringExtensionsTests" name="ToHashAlgorithmName_Passing_ValidValueString_Returns_HashAlgorithmName" />
    </UnitTest>
    <UnitTest name="ToEnvironment_Passing_Staging_Enviroment_Returns_Staging_Name" storage="d:\sferrari\01 - trabajo\repos\netcore\libs\template-netcore-shared\kitpymes.core.shared.tests\bin\release\netcoreapp3.0\kitpymes.core.shared.tests.dll" id="5e237822-3b9d-da27-9221-3ae1f5eb15b0">
      <Execution id="30e2d45b-bc05-4216-bdc6-0eff3d71e0e0" />
      <TestMethod codeBase="D:\SFERRARI\01 - TRABAJO\repos\netcore\libs\template-netcore-shared\Kitpymes.Core.Shared.Tests\bin\Release\netcoreapp3.0\Kitpymes.Core.Shared.Tests.dll" adapterTypeName="executor://mstestadapter/v2" className="Kitpymes.Core.Shared.Tests.ApplicationBuilderExtensionsTests" name="ToEnvironment_Passing_Staging_Enviroment_Returns_Staging_Name" />
    </UnitTest>
    <UnitTest name="ToDefaultValue_Passing_ValidStruct_Returns_DefaultValue" storage="d:\sferrari\01 - trabajo\repos\netcore\libs\template-netcore-shared\kitpymes.core.shared.tests\bin\release\netcoreapp3.0\kitpymes.core.shared.tests.dll" id="ffa669f9-8e25-a33b-f8f7-c3ba4a576a2b">
      <Execution id="9d7b1446-bd9b-4ef2-8a53-ffe344f5f3ef" />
      <TestMethod codeBase="D:\SFERRARI\01 - TRABAJO\repos\netcore\libs\template-netcore-shared\Kitpymes.Core.Shared.Tests\bin\Release\netcoreapp3.0\Kitpymes.Core.Shared.Tests.dll" adapterTypeName="executor://mstestadapter/v2" className="Kitpymes.Core.Shared.Tests.TypeExtensionsTests" name="ToDefaultValue_Passing_ValidStruct_Returns_DefaultValue" />
    </UnitTest>
    <UnitTest name="ToReplace_Passing_ValidValue_Returns_ReplacedValue" storage="d:\sferrari\01 - trabajo\repos\netcore\libs\template-netcore-shared\kitpymes.core.shared.tests\bin\release\netcoreapp3.0\kitpymes.core.shared.tests.dll" id="04084e8e-c859-4ef5-e2a7-4fb2803cb2a3">
      <Execution id="a3fd7b68-a3e2-44c4-9237-39d92bd5e0cd" />
      <TestMethod codeBase="D:\SFERRARI\01 - TRABAJO\repos\netcore\libs\template-netcore-shared\Kitpymes.Core.Shared.Tests\bin\Release\netcoreapp3.0\Kitpymes.Core.Shared.Tests.dll" adapterTypeName="executor://mstestadapter/v2" className="Kitpymes.Core.Shared.Tests.StringExtensionsTests" name="ToReplace_Passing_ValidValue_Returns_ReplacedValue" />
    </UnitTest>
    <UnitTest name="IsFile_Passing_InvalidArguments_Returns_HasErrorsAndCount" storage="d:\sferrari\01 - trabajo\repos\netcore\libs\template-netcore-shared\kitpymes.core.shared.tests\bin\release\netcoreapp3.0\kitpymes.core.shared.tests.dll" id="d7c20db6-f712-8539-ac01-01e8f4033fac">
      <Execution id="9b5a52b1-db10-41f5-b944-21e0eba56225" />
      <TestMethod codeBase="D:\SFERRARI\01 - TRABAJO\repos\netcore\libs\template-netcore-shared\Kitpymes.Core.Shared.Tests\bin\Release\netcoreapp3.0\Kitpymes.Core.Shared.Tests.dll" adapterTypeName="executor://mstestadapter/v2" className="Kitpymes.Core.Shared.Tests.CheckTests" name="IsFile_Passing_InvalidArguments_Returns_HasErrorsAndCount" />
    </UnitTest>
    <UnitTest name="ToDefaultValue_Passing_long_Returns_Cero" storage="d:\sferrari\01 - trabajo\repos\netcore\libs\template-netcore-shared\kitpymes.core.shared.tests\bin\release\netcoreapp3.0\kitpymes.core.shared.tests.dll" id="e93b141b-fdfd-0f98-21e5-3eb211b6e88b">
      <Execution id="c7221c1e-142a-405e-9d20-c54e6bb15eee" />
      <TestMethod codeBase="D:\SFERRARI\01 - TRABAJO\repos\netcore\libs\template-netcore-shared\Kitpymes.Core.Shared.Tests\bin\Release\netcoreapp3.0\Kitpymes.Core.Shared.Tests.dll" adapterTypeName="executor://mstestadapter/v2" className="Kitpymes.Core.Shared.Tests.GenericExtensionsTests" name="ToDefaultValue_Passing_long_Returns_Cero" />
    </UnitTest>
    <UnitTest name="ToGet_Passing_Claims_Returns_Claim_Value_Object" storage="d:\sferrari\01 - trabajo\repos\netcore\libs\template-netcore-shared\kitpymes.core.shared.tests\bin\release\netcoreapp3.0\kitpymes.core.shared.tests.dll" id="a272f84c-2bd5-daa4-4afe-22346b802f86">
      <Execution id="918dbbac-0817-4061-9e9f-f2c0d7acc17b" />
      <TestMethod codeBase="D:\SFERRARI\01 - TRABAJO\repos\netcore\libs\template-netcore-shared\Kitpymes.Core.Shared.Tests\bin\Release\netcoreapp3.0\Kitpymes.Core.Shared.Tests.dll" adapterTypeName="executor://mstestadapter/v2" className="Kitpymes.Core.Shared.Tests.ClaimsPrincipalExtensionsTests" name="ToGet_Passing_Claims_Returns_Claim_Value_Object" />
    </UnitTest>
    <UnitTest name="ResultOkData" storage="d:\sferrari\01 - trabajo\repos\netcore\libs\template-netcore-shared\kitpymes.core.shared.tests\bin\release\netcoreapp3.0\kitpymes.core.shared.tests.dll" id="0a999e9b-220b-0f64-a533-84896c20ce13">
      <Execution id="3aeaa8d7-cd16-46dc-9311-a3ff2d85e59c" />
      <TestMethod codeBase="D:\SFERRARI\01 - TRABAJO\repos\netcore\libs\template-netcore-shared\Kitpymes.Core.Shared.Tests\bin\Release\netcoreapp3.0\Kitpymes.Core.Shared.Tests.dll" adapterTypeName="executor://mstestadapter/v2" className="Kitpymes.Core.Shared.Tests.ResultTest" name="ResultOkData" />
    </UnitTest>
    <UnitTest name="ToUserName_Passing_Null_ClaimsPrincipal_Returns_ApplicationException" storage="d:\sferrari\01 - trabajo\repos\netcore\libs\template-netcore-shared\kitpymes.core.shared.tests\bin\release\netcoreapp3.0\kitpymes.core.shared.tests.dll" id="65b9c427-b5ec-99b4-199a-0093cd460501">
      <Execution id="de6d4868-c9eb-4073-85c2-fe4e39887fe2" />
      <TestMethod codeBase="D:\SFERRARI\01 - TRABAJO\repos\netcore\libs\template-netcore-shared\Kitpymes.Core.Shared.Tests\bin\Release\netcoreapp3.0\Kitpymes.Core.Shared.Tests.dll" adapterTypeName="executor://mstestadapter/v2" className="Kitpymes.Core.Shared.Tests.ClaimsPrincipalExtensionsTests" name="ToUserName_Passing_Null_ClaimsPrincipal_Returns_ApplicationException" />
    </UnitTest>
    <UnitTest name="ToCompress_Passing_Value_Bytes_Returns_Value_Bytes" storage="d:\sferrari\01 - trabajo\repos\netcore\libs\template-netcore-shared\kitpymes.core.shared.tests\bin\release\netcoreapp3.0\kitpymes.core.shared.tests.dll" id="7a313c49-8adc-98e3-cdda-86b900f0ade6">
      <Execution id="7ca2843f-0e91-4ea8-a875-4787e98b1c78" />
      <TestMethod codeBase="D:\SFERRARI\01 - TRABAJO\repos\netcore\libs\template-netcore-shared\Kitpymes.Core.Shared.Tests\bin\Release\netcoreapp3.0\Kitpymes.Core.Shared.Tests.dll" adapterTypeName="executor://mstestadapter/v2" className="Kitpymes.Core.Shared.Tests.BytesExtensionsTests" name="ToCompress_Passing_Value_Bytes_Returns_Value_Bytes" />
    </UnitTest>
    <UnitTest name="ToMapNew_Passing_TSource_And_TDestination_Returns_New_TDestination_Object" storage="d:\sferrari\01 - trabajo\repos\netcore\libs\template-netcore-shared\kitpymes.core.shared.tests\bin\release\netcoreapp3.0\kitpymes.core.shared.tests.dll" id="46cc46f0-c0e1-f3e6-2242-cdef90a4249a">
      <Execution id="bcb07ade-e50c-430d-bf4f-2bdd5c145536" />
      <TestMethod codeBase="D:\SFERRARI\01 - TRABAJO\repos\netcore\libs\template-netcore-shared\Kitpymes.Core.Shared.Tests\bin\Release\netcoreapp3.0\Kitpymes.Core.Shared.Tests.dll" adapterTypeName="executor://mstestadapter/v2" className="Kitpymes.Core.Shared.Tests.AgileMapperExtensionsTests" name="ToMapNew_Passing_TSource_And_TDestination_Returns_New_TDestination_Object" />
    </UnitTest>
    <UnitTest name="ToConfiguration_Passing_Valid_DirectoryPath_Valid_JsonFileName_Returns_Ok" storage="d:\sferrari\01 - trabajo\repos\netcore\libs\template-netcore-shared\kitpymes.core.shared.tests\bin\release\netcoreapp3.0\kitpymes.core.shared.tests.dll" id="9064672f-1220-7bc0-f2b0-c66c74cccc5e">
      <Execution id="5445c3ae-2540-4172-ba4e-03ca240d6fb7" />
      <TestMethod codeBase="D:\SFERRARI\01 - TRABAJO\repos\netcore\libs\template-netcore-shared\Kitpymes.Core.Shared.Tests\bin\Release\netcoreapp3.0\Kitpymes.Core.Shared.Tests.dll" adapterTypeName="executor://mstestadapter/v2" className="Kitpymes.Core.Shared.Tests.ConfigurationBuilderExtensionsTests" name="ToConfiguration_Passing_Valid_DirectoryPath_Valid_JsonFileName_Returns_Ok" />
    </UnitTest>
    <UnitTest name="ToFullMessage_Passing_ExceptionWithMessageWithInnerException_Returns_Full_Message" storage="d:\sferrari\01 - trabajo\repos\netcore\libs\template-netcore-shared\kitpymes.core.shared.tests\bin\release\netcoreapp3.0\kitpymes.core.shared.tests.dll" id="e1a72c94-958d-7abb-4a96-4b60b12f8157">
      <Execution id="e5e375e2-e6b8-451f-a20b-019f3d3a2ff5" />
      <TestMethod codeBase="D:\SFERRARI\01 - TRABAJO\repos\netcore\libs\template-netcore-shared\Kitpymes.Core.Shared.Tests\bin\Release\netcoreapp3.0\Kitpymes.Core.Shared.Tests.dll" adapterTypeName="executor://mstestadapter/v2" className="Kitpymes.Core.Shared.Tests.ExceptionExtensionsTests" name="ToFullMessage_Passing_ExceptionWithMessageWithInnerException_Returns_Full_Message" />
    </UnitTest>
    <UnitTest name="ToFirstLetterLower_Passing_ValidValue_Returns_StringWithFirstLetterLower" storage="d:\sferrari\01 - trabajo\repos\netcore\libs\template-netcore-shared\kitpymes.core.shared.tests\bin\release\netcoreapp3.0\kitpymes.core.shared.tests.dll" id="4315ebd1-3e2a-edf0-9de6-c78f08760fe3">
      <Execution id="c4aacbad-4b19-4787-a74b-8bdd5619139c" />
      <TestMethod codeBase="D:\SFERRARI\01 - TRABAJO\repos\netcore\libs\template-netcore-shared\Kitpymes.Core.Shared.Tests\bin\Release\netcoreapp3.0\Kitpymes.Core.Shared.Tests.dll" adapterTypeName="executor://mstestadapter/v2" className="Kitpymes.Core.Shared.Tests.StringExtensionsTests" name="ToFirstLetterLower_Passing_ValidValue_Returns_StringWithFirstLetterLower" />
    </UnitTest>
    <UnitTest name="ToEnum_Passing_InvalidValueString_Returns_EnumCustomValue" storage="d:\sferrari\01 - trabajo\repos\netcore\libs\template-netcore-shared\kitpymes.core.shared.tests\bin\release\netcoreapp3.0\kitpymes.core.shared.tests.dll" id="7c09a438-5465-f760-64b2-23d25fc199f5">
      <Execution id="2ed3206e-66c3-4a0b-9ed6-fa3b0121f62f" />
      <TestMethod codeBase="D:\SFERRARI\01 - TRABAJO\repos\netcore\libs\template-netcore-shared\Kitpymes.Core.Shared.Tests\bin\Release\netcoreapp3.0\Kitpymes.Core.Shared.Tests.dll" adapterTypeName="executor://mstestadapter/v2" className="Kitpymes.Core.Shared.Tests.StringExtensionsTests" name="ToEnum_Passing_InvalidValueString_Returns_EnumCustomValue" />
    </UnitTest>
    <UnitTest name="ToIsAuthenticated_Passing_Claims_Returns_False" storage="d:\sferrari\01 - trabajo\repos\netcore\libs\template-netcore-shared\kitpymes.core.shared.tests\bin\release\netcoreapp3.0\kitpymes.core.shared.tests.dll" id="7384e2f6-7a7f-d462-78fa-5bf7f49c326a">
      <Execution id="9e35cf16-085a-419a-9ae1-dcc510112fe6" />
      <TestMethod codeBase="D:\SFERRARI\01 - TRABAJO\repos\netcore\libs\template-netcore-shared\Kitpymes.Core.Shared.Tests\bin\Release\netcoreapp3.0\Kitpymes.Core.Shared.Tests.dll" adapterTypeName="executor://mstestadapter/v2" className="Kitpymes.Core.Shared.Tests.ClaimsPrincipalExtensionsTests" name="ToIsAuthenticated_Passing_Claims_Returns_False" />
    </UnitTest>
    <UnitTest name="IsLowercase_Passing_ValidArguments_Returns_HasErrorsAndCount" storage="d:\sferrari\01 - trabajo\repos\netcore\libs\template-netcore-shared\kitpymes.core.shared.tests\bin\release\netcoreapp3.0\kitpymes.core.shared.tests.dll" id="006d3c07-11d3-9f4b-c045-6799df52bbfb">
      <Execution id="e4033789-8c72-415f-bf62-c8ce3ba2d62b" />
      <TestMethod codeBase="D:\SFERRARI\01 - TRABAJO\repos\netcore\libs\template-netcore-shared\Kitpymes.Core.Shared.Tests\bin\Release\netcoreapp3.0\Kitpymes.Core.Shared.Tests.dll" adapterTypeName="executor://mstestadapter/v2" className="Kitpymes.Core.Shared.Tests.CheckTests" name="IsLowercase_Passing_ValidArguments_Returns_HasErrorsAndCount" />
    </UnitTest>
    <UnitTest name="ToSetTime_Passing_Time_String_Returns_DateTime" storage="d:\sferrari\01 - trabajo\repos\netcore\libs\template-netcore-shared\kitpymes.core.shared.tests\bin\release\netcoreapp3.0\kitpymes.core.shared.tests.dll" id="34931354-7c25-7812-28fe-96ea501746b4">
      <Execution id="81b73f37-333d-4c85-9c26-ce1c9d6edaf7" />
      <TestMethod codeBase="D:\SFERRARI\01 - TRABAJO\repos\netcore\libs\template-netcore-shared\Kitpymes.Core.Shared.Tests\bin\Release\netcoreapp3.0\Kitpymes.Core.Shared.Tests.dll" adapterTypeName="executor://mstestadapter/v2" className="Kitpymes.Core.Shared.Tests.DateTimeExtensionsTests" name="ToSetTime_Passing_Time_String_Returns_DateTime" />
    </UnitTest>
    <UnitTest name="ResultOk_WithMessage_WithDetails" storage="d:\sferrari\01 - trabajo\repos\netcore\libs\template-netcore-shared\kitpymes.core.shared.tests\bin\release\netcoreapp3.0\kitpymes.core.shared.tests.dll" id="c00cb1b0-a36c-2ae8-4230-b32afb3c83f9">
      <Execution id="5ddd3385-00dc-4b33-b91d-caf4031c52f6" />
      <TestMethod codeBase="D:\SFERRARI\01 - TRABAJO\repos\netcore\libs\template-netcore-shared\Kitpymes.Core.Shared.Tests\bin\Release\netcoreapp3.0\Kitpymes.Core.Shared.Tests.dll" adapterTypeName="executor://mstestadapter/v2" className="Kitpymes.Core.Shared.Tests.ResultTest" name="ResultOk_WithMessage_WithDetails" />
    </UnitTest>
    <UnitTest name="GetValues_Passing_Valid_Key_Returns_Values" storage="d:\sferrari\01 - trabajo\repos\netcore\libs\template-netcore-shared\kitpymes.core.shared.tests\bin\release\netcoreapp3.0\kitpymes.core.shared.tests.dll" id="fb770b4f-f87b-13ad-88ac-a338dbbb0d57">
      <Execution id="64e371af-ecac-4a3b-bf0d-7e06ed3e18b7" />
      <TestMethod codeBase="D:\SFERRARI\01 - TRABAJO\repos\netcore\libs\template-netcore-shared\Kitpymes.Core.Shared.Tests\bin\Release\netcoreapp3.0\Kitpymes.Core.Shared.Tests.dll" adapterTypeName="executor://mstestadapter/v2" className="Kitpymes.Core.Shared.Tests.DictionaryExtensionsTests" name="GetValues_Passing_Valid_Key_Returns_Values" />
    </UnitTest>
    <UnitTest name="ToExists_Passing_Service_Not_Found_Returns_False" storage="d:\sferrari\01 - trabajo\repos\netcore\libs\template-netcore-shared\kitpymes.core.shared.tests\bin\release\netcoreapp3.0\kitpymes.core.shared.tests.dll" id="074815db-ddf2-9c1f-0fef-7f709183591e">
      <Execution id="fead02ea-e623-4b25-b956-057495a8e563" />
      <TestMethod codeBase="D:\SFERRARI\01 - TRABAJO\repos\netcore\libs\template-netcore-shared\Kitpymes.Core.Shared.Tests\bin\Release\netcoreapp3.0\Kitpymes.Core.Shared.Tests.dll" adapterTypeName="executor://mstestadapter/v2" className="Kitpymes.Core.Shared.Tests.ApplicationBuilderExtensionsTests" name="ToExists_Passing_Service_Not_Found_Returns_False" />
    </UnitTest>
    <UnitTest name="ToServiceMatchingInterface_Passing_Empties_Assemblies_Returns_ApplicationException" storage="d:\sferrari\01 - trabajo\repos\netcore\libs\template-netcore-shared\kitpymes.core.shared.tests\bin\release\netcoreapp3.0\kitpymes.core.shared.tests.dll" id="760ae14b-6c0d-0288-811d-408b67937415">
      <Execution id="a20eedc1-d0d9-4e80-8b5a-d2502b10679a" />
      <TestMethod codeBase="D:\SFERRARI\01 - TRABAJO\repos\netcore\libs\template-netcore-shared\Kitpymes.Core.Shared.Tests\bin\Release\netcoreapp3.0\Kitpymes.Core.Shared.Tests.dll" adapterTypeName="executor://mstestadapter/v2" className="Kitpymes.Core.Shared.Tests.ConfigurationBuilderExtensionsTests" name="ToServiceMatchingInterface_Passing_Empties_Assemblies_Returns_ApplicationException" />
    </UnitTest>
    <UnitTest name="ToEnum_Passing_InvalidValueString_Returns_EnumDefaultValue" storage="d:\sferrari\01 - trabajo\repos\netcore\libs\template-netcore-shared\kitpymes.core.shared.tests\bin\release\netcoreapp3.0\kitpymes.core.shared.tests.dll" id="31ff6168-d18d-0013-7c18-0ff775714202">
      <Execution id="392fc57b-1fec-4b3f-ab60-08ae9cfcd1e7" />
      <TestMethod codeBase="D:\SFERRARI\01 - TRABAJO\repos\netcore\libs\template-netcore-shared\Kitpymes.Core.Shared.Tests\bin\Release\netcoreapp3.0\Kitpymes.Core.Shared.Tests.dll" adapterTypeName="executor://mstestadapter/v2" className="Kitpymes.Core.Shared.Tests.StringExtensionsTests" name="ToEnum_Passing_InvalidValueString_Returns_EnumDefaultValue" />
    </UnitTest>
    <UnitTest name="IsUppercase_Passing_ValidArguments_Returns_HasErrorsAndCount" storage="d:\sferrari\01 - trabajo\repos\netcore\libs\template-netcore-shared\kitpymes.core.shared.tests\bin\release\netcoreapp3.0\kitpymes.core.shared.tests.dll" id="056700a7-2506-75ed-a80a-ddf2ddb5d2a8">
      <Execution id="9ea65494-ca76-4020-8e2e-476850917190" />
      <TestMethod codeBase="D:\SFERRARI\01 - TRABAJO\repos\netcore\libs\template-netcore-shared\Kitpymes.Core.Shared.Tests\bin\Release\netcoreapp3.0\Kitpymes.Core.Shared.Tests.dll" adapterTypeName="executor://mstestadapter/v2" className="Kitpymes.Core.Shared.Tests.CheckTests" name="IsUppercase_Passing_ValidArguments_Returns_HasErrorsAndCount" />
    </UnitTest>
    <UnitTest name="ToAttribute_Passing_Enumeration_Name_Returns_Atributte" storage="d:\sferrari\01 - trabajo\repos\netcore\libs\template-netcore-shared\kitpymes.core.shared.tests\bin\release\netcoreapp3.0\kitpymes.core.shared.tests.dll" id="320700ce-aa3b-5818-fb18-706cf7605472">
      <Execution id="d78b0714-0320-43e2-b011-cbb62858f909" />
      <TestMethod codeBase="D:\SFERRARI\01 - TRABAJO\repos\netcore\libs\template-netcore-shared\Kitpymes.Core.Shared.Tests\bin\Release\netcoreapp3.0\Kitpymes.Core.Shared.Tests.dll" adapterTypeName="executor://mstestadapter/v2" className="Kitpymes.Core.Shared.Tests.EnumExtensionsTests" name="ToAttribute_Passing_Enumeration_Name_Returns_Atributte" />
    </UnitTest>
    <UnitTest name="ToAuthenticationType_Passing_Null_ClaimsPrincipal_Returns_ApplicationException" storage="d:\sferrari\01 - trabajo\repos\netcore\libs\template-netcore-shared\kitpymes.core.shared.tests\bin\release\netcoreapp3.0\kitpymes.core.shared.tests.dll" id="8dccdb77-e6a8-58c6-9bd0-108f87c5ff65">
      <Execution id="38062f9b-7974-412f-bdff-51ee356a2b42" />
      <TestMethod codeBase="D:\SFERRARI\01 - TRABAJO\repos\netcore\libs\template-netcore-shared\Kitpymes.Core.Shared.Tests\bin\Release\netcoreapp3.0\Kitpymes.Core.Shared.Tests.dll" adapterTypeName="executor://mstestadapter/v2" className="Kitpymes.Core.Shared.Tests.ClaimsPrincipalExtensionsTests" name="ToAuthenticationType_Passing_Null_ClaimsPrincipal_Returns_ApplicationException" />
    </UnitTest>
    <UnitTest name="AddOrUpdate_Passing_Valid_Collection_Returns_Collection" storage="d:\sferrari\01 - trabajo\repos\netcore\libs\template-netcore-shared\kitpymes.core.shared.tests\bin\release\netcoreapp3.0\kitpymes.core.shared.tests.dll" id="1e15a82e-c1da-d4c9-090a-c7fc200f7f58">
      <Execution id="a55d4367-9513-4a1f-b0d8-bc6b52112a7a" />
      <TestMethod codeBase="D:\SFERRARI\01 - TRABAJO\repos\netcore\libs\template-netcore-shared\Kitpymes.Core.Shared.Tests\bin\Release\netcoreapp3.0\Kitpymes.Core.Shared.Tests.dll" adapterTypeName="executor://mstestadapter/v2" className="Kitpymes.Core.Shared.Tests.DictionaryExtensionsTests" name="AddOrUpdate_Passing_Valid_Collection_Returns_Collection" />
    </UnitTest>
    <UnitTest name="ToYesterday_Passing_DateTime_Returns_Yesterday_DateTime" storage="d:\sferrari\01 - trabajo\repos\netcore\libs\template-netcore-shared\kitpymes.core.shared.tests\bin\release\netcoreapp3.0\kitpymes.core.shared.tests.dll" id="33545399-79af-5e7f-5179-57fe5645f4be">
      <Execution id="e3017afd-6d60-45da-b172-6bece1b8ba00" />
      <TestMethod codeBase="D:\SFERRARI\01 - TRABAJO\repos\netcore\libs\template-netcore-shared\Kitpymes.Core.Shared.Tests\bin\Release\netcoreapp3.0\Kitpymes.Core.Shared.Tests.dll" adapterTypeName="executor://mstestadapter/v2" className="Kitpymes.Core.Shared.Tests.DateTimeExtensionsTests" name="ToYesterday_Passing_DateTime_Returns_Yesterday_DateTime" />
    </UnitTest>
    <UnitTest name="ToExists_Passing_NotFound_Service_Returns_False" storage="d:\sferrari\01 - trabajo\repos\netcore\libs\template-netcore-shared\kitpymes.core.shared.tests\bin\release\netcoreapp3.0\kitpymes.core.shared.tests.dll" id="640513b3-feee-19a8-efba-5817e77ff3ee">
      <Execution id="394f4fa5-e22d-41c1-bb89-aab4443a7a82" />
      <TestMethod codeBase="D:\SFERRARI\01 - TRABAJO\repos\netcore\libs\template-netcore-shared\Kitpymes.Core.Shared.Tests\bin\Release\netcoreapp3.0\Kitpymes.Core.Shared.Tests.dll" adapterTypeName="executor://mstestadapter/v2" className="Kitpymes.Core.Shared.Tests.ConfigurationBuilderExtensionsTests" name="ToExists_Passing_NotFound_Service_Returns_False" />
    </UnitTest>
    <UnitTest name="ResultDataUnauthorized" storage="d:\sferrari\01 - trabajo\repos\netcore\libs\template-netcore-shared\kitpymes.core.shared.tests\bin\release\netcoreapp3.0\kitpymes.core.shared.tests.dll" id="fbb73316-6f70-059a-1197-08f09a1221d6">
      <Execution id="2d00f2d9-0f27-4e4c-817d-e40f582c3614" />
      <TestMethod codeBase="D:\SFERRARI\01 - TRABAJO\repos\netcore\libs\template-netcore-shared\Kitpymes.Core.Shared.Tests\bin\Release\netcoreapp3.0\Kitpymes.Core.Shared.Tests.dll" adapterTypeName="executor://mstestadapter/v2" className="Kitpymes.Core.Shared.Tests.ResultTest" name="ResultDataUnauthorized" />
    </UnitTest>
    <UnitTest name="ToGet_Passing_Claims_Returns_Claim_Value_String" storage="d:\sferrari\01 - trabajo\repos\netcore\libs\template-netcore-shared\kitpymes.core.shared.tests\bin\release\netcoreapp3.0\kitpymes.core.shared.tests.dll" id="0c633595-70e8-b011-5a46-c9c7e1687cb9">
      <Execution id="3f6e79ae-3a13-4e35-976c-df2123f625cd" />
      <TestMethod codeBase="D:\SFERRARI\01 - TRABAJO\repos\netcore\libs\template-netcore-shared\Kitpymes.Core.Shared.Tests\bin\Release\netcoreapp3.0\Kitpymes.Core.Shared.Tests.dll" adapterTypeName="executor://mstestadapter/v2" className="Kitpymes.Core.Shared.Tests.ClaimsPrincipalExtensionsTests" name="ToGet_Passing_Claims_Returns_Claim_Value_String" />
    </UnitTest>
    <UnitTest name="ResultDataBadRequest_WithErrors_Value" storage="d:\sferrari\01 - trabajo\repos\netcore\libs\template-netcore-shared\kitpymes.core.shared.tests\bin\release\netcoreapp3.0\kitpymes.core.shared.tests.dll" id="8f970201-c66a-ecfa-fa45-503451c8c439">
      <Execution id="a93ef031-8861-4887-b1b5-75708e042d3f" />
      <TestMethod codeBase="D:\SFERRARI\01 - TRABAJO\repos\netcore\libs\template-netcore-shared\Kitpymes.Core.Shared.Tests\bin\Release\netcoreapp3.0\Kitpymes.Core.Shared.Tests.dll" adapterTypeName="executor://mstestadapter/v2" className="Kitpymes.Core.Shared.Tests.ResultTest" name="ResultDataBadRequest_WithErrors_Value" />
    </UnitTest>
    <UnitTest name="IsHostname_Passing_InvalidArguments_Returns_HasErrorsAndCount" storage="d:\sferrari\01 - trabajo\repos\netcore\libs\template-netcore-shared\kitpymes.core.shared.tests\bin\release\netcoreapp3.0\kitpymes.core.shared.tests.dll" id="4a3afd90-c6ab-e82e-40d8-b40450680318">
      <Execution id="345bd76a-2240-43a1-b1db-d9c91e7272f9" />
      <TestMethod codeBase="D:\SFERRARI\01 - TRABAJO\repos\netcore\libs\template-netcore-shared\Kitpymes.Core.Shared.Tests\bin\Release\netcoreapp3.0\Kitpymes.Core.Shared.Tests.dll" adapterTypeName="executor://mstestadapter/v2" className="Kitpymes.Core.Shared.Tests.CheckTests" name="IsHostname_Passing_InvalidArguments_Returns_HasErrorsAndCount" />
    </UnitTest>
    <UnitTest name="ToDefaultValue_Passing_ushort_Returns_Cero" storage="d:\sferrari\01 - trabajo\repos\netcore\libs\template-netcore-shared\kitpymes.core.shared.tests\bin\release\netcoreapp3.0\kitpymes.core.shared.tests.dll" id="47f3e733-f069-b79f-9f6d-7c11fc368663">
      <Execution id="3aceb24b-b380-4397-8bfb-b73aa379a7d2" />
      <TestMethod codeBase="D:\SFERRARI\01 - TRABAJO\repos\netcore\libs\template-netcore-shared\Kitpymes.Core.Shared.Tests\bin\Release\netcoreapp3.0\Kitpymes.Core.Shared.Tests.dll" adapterTypeName="executor://mstestadapter/v2" className="Kitpymes.Core.Shared.Tests.GenericExtensionsTests" name="ToDefaultValue_Passing_ushort_Returns_Cero" />
    </UnitTest>
    <UnitTest name="ToTomorrow_Passing_DateTime_Returns_Tomorrow_DateTime" storage="d:\sferrari\01 - trabajo\repos\netcore\libs\template-netcore-shared\kitpymes.core.shared.tests\bin\release\netcoreapp3.0\kitpymes.core.shared.tests.dll" id="c2d3c8df-32e7-92dc-91f8-057e8c4da6b9">
      <Execution id="1de9a879-e1c3-498d-bd2f-7c7c964b3aed" />
      <TestMethod codeBase="D:\SFERRARI\01 - TRABAJO\repos\netcore\libs\template-netcore-shared\Kitpymes.Core.Shared.Tests\bin\Release\netcoreapp3.0\Kitpymes.Core.Shared.Tests.dll" adapterTypeName="executor://mstestadapter/v2" className="Kitpymes.Core.Shared.Tests.DateTimeExtensionsTests" name="ToTomorrow_Passing_DateTime_Returns_Tomorrow_DateTime" />
    </UnitTest>
    <UnitTest name="IsUppercase_Passing_InvalidArguments_Returns_HasErrorsAndCount" storage="d:\sferrari\01 - trabajo\repos\netcore\libs\template-netcore-shared\kitpymes.core.shared.tests\bin\release\netcoreapp3.0\kitpymes.core.shared.tests.dll" id="b8bb90de-6285-0f1c-e0f2-f3ba1f987370">
      <Execution id="bad64ec6-a005-4193-98b0-dacbaf59dbfc" />
      <TestMethod codeBase="D:\SFERRARI\01 - TRABAJO\repos\netcore\libs\template-netcore-shared\Kitpymes.Core.Shared.Tests\bin\Release\netcoreapp3.0\Kitpymes.Core.Shared.Tests.dll" adapterTypeName="executor://mstestadapter/v2" className="Kitpymes.Core.Shared.Tests.CheckTests" name="IsUppercase_Passing_InvalidArguments_Returns_HasErrorsAndCount" />
    </UnitTest>
    <UnitTest name="IsGreater_Passing_InvalidArguments_Returns_HasErrorsAndCount" storage="d:\sferrari\01 - trabajo\repos\netcore\libs\template-netcore-shared\kitpymes.core.shared.tests\bin\release\netcoreapp3.0\kitpymes.core.shared.tests.dll" id="1c5fe271-1e90-52f5-1f31-436b17e57702">
      <Execution id="80afc328-9daa-4220-ac70-7074e24e1723" />
      <TestMethod codeBase="D:\SFERRARI\01 - TRABAJO\repos\netcore\libs\template-netcore-shared\Kitpymes.Core.Shared.Tests\bin\Release\netcoreapp3.0\Kitpymes.Core.Shared.Tests.dll" adapterTypeName="executor://mstestadapter/v2" className="Kitpymes.Core.Shared.Tests.CheckTests" name="IsGreater_Passing_InvalidArguments_Returns_HasErrorsAndCount" />
    </UnitTest>
    <UnitTest name="ToDefaultValue_Passing_ValidString_Returns_DefaultValue" storage="d:\sferrari\01 - trabajo\repos\netcore\libs\template-netcore-shared\kitpymes.core.shared.tests\bin\release\netcoreapp3.0\kitpymes.core.shared.tests.dll" id="579b7361-19a9-f329-acb3-de102dcfc793">
      <Execution id="54679a97-a375-4651-ab18-20cc58a2351a" />
      <TestMethod codeBase="D:\SFERRARI\01 - TRABAJO\repos\netcore\libs\template-netcore-shared\Kitpymes.Core.Shared.Tests\bin\Release\netcoreapp3.0\Kitpymes.Core.Shared.Tests.dll" adapterTypeName="executor://mstestadapter/v2" className="Kitpymes.Core.Shared.Tests.TypeExtensionsTests" name="ToDefaultValue_Passing_ValidString_Returns_DefaultValue" />
    </UnitTest>
    <UnitTest name="ToService_Passing_NotFound_Service_Returns_Null" storage="d:\sferrari\01 - trabajo\repos\netcore\libs\template-netcore-shared\kitpymes.core.shared.tests\bin\release\netcoreapp3.0\kitpymes.core.shared.tests.dll" id="c330741e-ad40-618c-36cc-508c135d2b95">
      <Execution id="8299c761-b19a-4558-ada9-53152c67f963" />
      <TestMethod codeBase="D:\SFERRARI\01 - TRABAJO\repos\netcore\libs\template-netcore-shared\Kitpymes.Core.Shared.Tests\bin\Release\netcoreapp3.0\Kitpymes.Core.Shared.Tests.dll" adapterTypeName="executor://mstestadapter/v2" className="Kitpymes.Core.Shared.Tests.ConfigurationBuilderExtensionsTests" name="ToService_Passing_NotFound_Service_Returns_Null" />
    </UnitTest>
    <UnitTest name="ToList_Passing_ValidEnumType_Returns_ValuesList" storage="d:\sferrari\01 - trabajo\repos\netcore\libs\template-netcore-shared\kitpymes.core.shared.tests\bin\release\netcoreapp3.0\kitpymes.core.shared.tests.dll" id="a6625fb0-1b80-148b-87dc-9cf616e5e84d">
      <Execution id="419b4050-8c5c-423f-97a9-1a86e60a5810" />
      <TestMethod codeBase="D:\SFERRARI\01 - TRABAJO\repos\netcore\libs\template-netcore-shared\Kitpymes.Core.Shared.Tests\bin\Release\netcoreapp3.0\Kitpymes.Core.Shared.Tests.dll" adapterTypeName="executor://mstestadapter/v2" className="Kitpymes.Core.Shared.Tests.EnumsTests" name="ToList_Passing_ValidEnumType_Returns_ValuesList" />
    </UnitTest>
    <UnitTest name="ResultOkData_WithData" storage="d:\sferrari\01 - trabajo\repos\netcore\libs\template-netcore-shared\kitpymes.core.shared.tests\bin\release\netcoreapp3.0\kitpymes.core.shared.tests.dll" id="08f63e9f-68bb-2ff4-88d9-c74b03747527">
      <Execution id="f6ad87ba-3559-4667-a66a-85ef8622a737" />
      <TestMethod codeBase="D:\SFERRARI\01 - TRABAJO\repos\netcore\libs\template-netcore-shared\Kitpymes.Core.Shared.Tests\bin\Release\netcoreapp3.0\Kitpymes.Core.Shared.Tests.dll" adapterTypeName="executor://mstestadapter/v2" className="Kitpymes.Core.Shared.Tests.ResultTest" name="ResultOkData_WithData" />
    </UnitTest>
    <UnitTest name="ToService_Passing_Valid_Service_Returns_Service" storage="d:\sferrari\01 - trabajo\repos\netcore\libs\template-netcore-shared\kitpymes.core.shared.tests\bin\release\netcoreapp3.0\kitpymes.core.shared.tests.dll" id="2aceb911-de9d-b2eb-c8db-f6b3f880216f">
      <Execution id="80bcca0d-5f44-4ad2-afd8-55fc9c0069ab" />
      <TestMethod codeBase="D:\SFERRARI\01 - TRABAJO\repos\netcore\libs\template-netcore-shared\Kitpymes.Core.Shared.Tests\bin\Release\netcoreapp3.0\Kitpymes.Core.Shared.Tests.dll" adapterTypeName="executor://mstestadapter/v2" className="Kitpymes.Core.Shared.Tests.ApplicationBuilderExtensionsTests" name="ToService_Passing_Valid_Service_Returns_Service" />
    </UnitTest>
    <UnitTest name="ResultUnauthorized" storage="d:\sferrari\01 - trabajo\repos\netcore\libs\template-netcore-shared\kitpymes.core.shared.tests\bin\release\netcoreapp3.0\kitpymes.core.shared.tests.dll" id="b79ee054-2363-6600-c9a3-db00cdcc0f2c">
      <Execution id="ad43a07b-cf06-49f8-b28c-6a24dfbf32fd" />
      <TestMethod codeBase="D:\SFERRARI\01 - TRABAJO\repos\netcore\libs\template-netcore-shared\Kitpymes.Core.Shared.Tests\bin\Release\netcoreapp3.0\Kitpymes.Core.Shared.Tests.dll" adapterTypeName="executor://mstestadapter/v2" className="Kitpymes.Core.Shared.Tests.ResultTest" name="ResultUnauthorized" />
    </UnitTest>
    <UnitTest name="ToDirectoryDeleteFiles_Passing_ValidValue_Returns_DirectoryNoExists" storage="d:\sferrari\01 - trabajo\repos\netcore\libs\template-netcore-shared\kitpymes.core.shared.tests\bin\release\netcoreapp3.0\kitpymes.core.shared.tests.dll" id="7f0aeefe-ba4a-5404-c6f8-82be67718cc4">
      <Execution id="7bd6a016-913c-4eb2-b2d8-b1cf3cb975bc" />
      <TestMethod codeBase="D:\SFERRARI\01 - TRABAJO\repos\netcore\libs\template-netcore-shared\Kitpymes.Core.Shared.Tests\bin\Release\netcoreapp3.0\Kitpymes.Core.Shared.Tests.dll" adapterTypeName="executor://mstestadapter/v2" className="Kitpymes.Core.Shared.Tests.StringExtensionsTests" name="ToDirectoryDeleteFiles_Passing_ValidValue_Returns_DirectoryNoExists" />
    </UnitTest>
    <UnitTest name="ToConfiguration_Passing_Valid_DirectoryPath_Invalid_JsonFileName_Not_Optional_Returns_ApplicationException" storage="d:\sferrari\01 - trabajo\repos\netcore\libs\template-netcore-shared\kitpymes.core.shared.tests\bin\release\netcoreapp3.0\kitpymes.core.shared.tests.dll" id="bf48e581-43e6-7660-c4f4-1b7deb1f0ed9">
      <Execution id="fe5183f1-8e56-42cf-9f7a-adc1fe2c1f43" />
      <TestMethod codeBase="D:\SFERRARI\01 - TRABAJO\repos\netcore\libs\template-netcore-shared\Kitpymes.Core.Shared.Tests\bin\Release\netcoreapp3.0\Kitpymes.Core.Shared.Tests.dll" adapterTypeName="executor://mstestadapter/v2" className="Kitpymes.Core.Shared.Tests.ConfigurationBuilderExtensionsTests" name="ToConfiguration_Passing_Valid_DirectoryPath_Invalid_JsonFileName_Not_Optional_Returns_ApplicationException" />
    </UnitTest>
    <UnitTest name="ToDirectoryReadFileAsync_Passing_ValidValue_Returns_False" storage="d:\sferrari\01 - trabajo\repos\netcore\libs\template-netcore-shared\kitpymes.core.shared.tests\bin\release\netcoreapp3.0\kitpymes.core.shared.tests.dll" id="29295413-2308-fade-9c98-0e9ed6c67839">
      <Execution id="80ce4be1-2fdc-4e59-a76e-f51972e05614" />
      <TestMethod codeBase="D:\SFERRARI\01 - TRABAJO\repos\netcore\libs\template-netcore-shared\Kitpymes.Core.Shared.Tests\bin\Release\netcoreapp3.0\Kitpymes.Core.Shared.Tests.dll" adapterTypeName="executor://mstestadapter/v2" className="Kitpymes.Core.Shared.Tests.StringExtensionsTests" name="ToDirectoryReadFileAsync_Passing_ValidValue_Returns_False" />
    </UnitTest>
    <UnitTest name="ResultOK" storage="d:\sferrari\01 - trabajo\repos\netcore\libs\template-netcore-shared\kitpymes.core.shared.tests\bin\release\netcoreapp3.0\kitpymes.core.shared.tests.dll" id="3c82816f-4e62-7440-d30d-abbd53b1dcea">
      <Execution id="93330d50-a1b5-454b-820f-3669511bae7c" />
      <TestMethod codeBase="D:\SFERRARI\01 - TRABAJO\repos\netcore\libs\template-netcore-shared\Kitpymes.Core.Shared.Tests\bin\Release\netcoreapp3.0\Kitpymes.Core.Shared.Tests.dll" adapterTypeName="executor://mstestadapter/v2" className="Kitpymes.Core.Shared.Tests.ResultTest" name="ResultOK" />
    </UnitTest>
    <UnitTest name="ToIsNameThrow_Passing_InvalidValue_Returns_ApplicationExceptionWithMessage" storage="d:\sferrari\01 - trabajo\repos\netcore\libs\template-netcore-shared\kitpymes.core.shared.tests\bin\release\netcoreapp3.0\kitpymes.core.shared.tests.dll" id="1dab5b85-21d2-af6f-92e5-af8126f0e2fb">
      <Execution id="2a442a7c-7e77-46ff-80cc-b1113236b845" />
      <TestMethod codeBase="D:\SFERRARI\01 - TRABAJO\repos\netcore\libs\template-netcore-shared\Kitpymes.Core.Shared.Tests\bin\Release\netcoreapp3.0\Kitpymes.Core.Shared.Tests.dll" adapterTypeName="executor://mstestadapter/v2" className="Kitpymes.Core.Shared.Tests.CheckExtensionsTests" name="ToIsNameThrow_Passing_InvalidValue_Returns_ApplicationExceptionWithMessage" />
    </UnitTest>
    <UnitTest name="ToService_Passing_Service_Not_Found_Returns_ApplicationException" storage="d:\sferrari\01 - trabajo\repos\netcore\libs\template-netcore-shared\kitpymes.core.shared.tests\bin\release\netcoreapp3.0\kitpymes.core.shared.tests.dll" id="74c0befe-cdb2-1fdf-be71-2a39199bb5c9">
      <Execution id="2f407622-0f82-4108-b249-da4b09fd36cf" />
      <TestMethod codeBase="D:\SFERRARI\01 - TRABAJO\repos\netcore\libs\template-netcore-shared\Kitpymes.Core.Shared.Tests\bin\Release\netcoreapp3.0\Kitpymes.Core.Shared.Tests.dll" adapterTypeName="executor://mstestadapter/v2" className="Kitpymes.Core.Shared.Tests.ApplicationBuilderExtensionsTests" name="ToService_Passing_Service_Not_Found_Returns_ApplicationException" />
    </UnitTest>
    <UnitTest name="ResultBadRequest_WithErrors_Dictionary" storage="d:\sferrari\01 - trabajo\repos\netcore\libs\template-netcore-shared\kitpymes.core.shared.tests\bin\release\netcoreapp3.0\kitpymes.core.shared.tests.dll" id="06b145c3-38af-bef9-3a11-59191b7a7e3e">
      <Execution id="c304f534-9092-4e8e-a0c5-a69cd6ea3a28" />
      <TestMethod codeBase="D:\SFERRARI\01 - TRABAJO\repos\netcore\libs\template-netcore-shared\Kitpymes.Core.Shared.Tests\bin\Release\netcoreapp3.0\Kitpymes.Core.Shared.Tests.dll" adapterTypeName="executor://mstestadapter/v2" className="Kitpymes.Core.Shared.Tests.ResultTest" name="ResultBadRequest_WithErrors_Dictionary" />
    </UnitTest>
    <UnitTest name="ToDetails_Passing_HttpContext_Returns_Details_HttpContext" storage="d:\sferrari\01 - trabajo\repos\netcore\libs\template-netcore-shared\kitpymes.core.shared.tests\bin\release\netcoreapp3.0\kitpymes.core.shared.tests.dll" id="4ff63349-9eef-ad1f-85cf-a84cda1ff120">
      <Execution id="eeaec41c-bc19-4345-ab73-949d738239cd" />
      <TestMethod codeBase="D:\SFERRARI\01 - TRABAJO\repos\netcore\libs\template-netcore-shared\Kitpymes.Core.Shared.Tests\bin\Release\netcoreapp3.0\Kitpymes.Core.Shared.Tests.dll" adapterTypeName="executor://mstestadapter/v2" className="Kitpymes.Core.Shared.Tests.HttpContextExtensionsTests" name="ToDetails_Passing_HttpContext_Returns_Details_HttpContext" />
    </UnitTest>
    <UnitTest name="IsUniqueChars_Passing_InvalidArguments_Returns_HasErrorsAndCount" storage="d:\sferrari\01 - trabajo\repos\netcore\libs\template-netcore-shared\kitpymes.core.shared.tests\bin\release\netcoreapp3.0\kitpymes.core.shared.tests.dll" id="b9a89fa2-355c-e886-bec5-28d3cf549be6">
      <Execution id="f8b06784-1712-4c6f-a7fa-af474746fe34" />
      <TestMethod codeBase="D:\SFERRARI\01 - TRABAJO\repos\netcore\libs\template-netcore-shared\Kitpymes.Core.Shared.Tests\bin\Release\netcoreapp3.0\Kitpymes.Core.Shared.Tests.dll" adapterTypeName="executor://mstestadapter/v2" className="Kitpymes.Core.Shared.Tests.CheckTests" name="IsUniqueChars_Passing_InvalidArguments_Returns_HasErrorsAndCount" />
    </UnitTest>
    <UnitTest name="ToDefaultValue_Passing_sbyte_Returns_Cero" storage="d:\sferrari\01 - trabajo\repos\netcore\libs\template-netcore-shared\kitpymes.core.shared.tests\bin\release\netcoreapp3.0\kitpymes.core.shared.tests.dll" id="19a313ce-6632-bd6f-bb7e-c2dc7bcf20eb">
      <Execution id="96c5cecf-739e-4296-85b8-a6927d9bae14" />
      <TestMethod codeBase="D:\SFERRARI\01 - TRABAJO\repos\netcore\libs\template-netcore-shared\Kitpymes.Core.Shared.Tests\bin\Release\netcoreapp3.0\Kitpymes.Core.Shared.Tests.dll" adapterTypeName="executor://mstestadapter/v2" className="Kitpymes.Core.Shared.Tests.GenericExtensionsTests" name="ToDefaultValue_Passing_sbyte_Returns_Cero" />
    </UnitTest>
    <UnitTest name="ToRemove_Passing_ValidValue_Returns_ValueWithoutRemovedChars" storage="d:\sferrari\01 - trabajo\repos\netcore\libs\template-netcore-shared\kitpymes.core.shared.tests\bin\release\netcoreapp3.0\kitpymes.core.shared.tests.dll" id="bb347f18-44ab-0d77-d5bd-a671e4c37650">
      <Execution id="2fdb1813-a2a3-40a0-ab0a-457004ec5fba" />
      <TestMethod codeBase="D:\SFERRARI\01 - TRABAJO\repos\netcore\libs\template-netcore-shared\Kitpymes.Core.Shared.Tests\bin\Release\netcoreapp3.0\Kitpymes.Core.Shared.Tests.dll" adapterTypeName="executor://mstestadapter/v2" className="Kitpymes.Core.Shared.Tests.StringExtensionsTests" name="ToRemove_Passing_ValidValue_Returns_ValueWithoutRemovedChars" />
    </UnitTest>
    <UnitTest name="ToEnvironment_Passing_Production_Enviroment_Returns_Production_Name" storage="d:\sferrari\01 - trabajo\repos\netcore\libs\template-netcore-shared\kitpymes.core.shared.tests\bin\release\netcoreapp3.0\kitpymes.core.shared.tests.dll" id="31126d50-f667-908c-85f3-09f9d9272df9">
      <Execution id="f09adf62-ce60-4f09-a9d5-2a60add949c9" />
      <TestMethod codeBase="D:\SFERRARI\01 - TRABAJO\repos\netcore\libs\template-netcore-shared\Kitpymes.Core.Shared.Tests\bin\Release\netcoreapp3.0\Kitpymes.Core.Shared.Tests.dll" adapterTypeName="executor://mstestadapter/v2" className="Kitpymes.Core.Shared.Tests.ApplicationBuilderExtensionsTests" name="ToEnvironment_Passing_Production_Enviroment_Returns_Production_Name" />
    </UnitTest>
    <UnitTest name="ToStringFormat_Passing_ValidValue_Returns_ValueWithoutRemovedChars" storage="d:\sferrari\01 - trabajo\repos\netcore\libs\template-netcore-shared\kitpymes.core.shared.tests\bin\release\netcoreapp3.0\kitpymes.core.shared.tests.dll" id="a1095294-226e-a0f0-0154-11290289c9db">
      <Execution id="a4ca3c3b-6066-475e-be59-66e94d0d524e" />
      <TestMethod codeBase="D:\SFERRARI\01 - TRABAJO\repos\netcore\libs\template-netcore-shared\Kitpymes.Core.Shared.Tests\bin\Release\netcoreapp3.0\Kitpymes.Core.Shared.Tests.dll" adapterTypeName="executor://mstestadapter/v2" className="Kitpymes.Core.Shared.Tests.IntegerExtensionsTests" name="ToStringFormat_Passing_ValidValue_Returns_ValueWithoutRemovedChars" />
    </UnitTest>
    <UnitTest name="ToEnvironment_Passing_Service_Not_Found_Returns_ApplicationException" storage="d:\sferrari\01 - trabajo\repos\netcore\libs\template-netcore-shared\kitpymes.core.shared.tests\bin\release\netcoreapp3.0\kitpymes.core.shared.tests.dll" id="7c679bcb-7a59-8751-0063-1ef6e07cb160">
      <Execution id="212ce125-f4d6-4b8b-a289-100e2107a50e" />
      <TestMethod codeBase="D:\SFERRARI\01 - TRABAJO\repos\netcore\libs\template-netcore-shared\Kitpymes.Core.Shared.Tests\bin\Release\netcoreapp3.0\Kitpymes.Core.Shared.Tests.dll" adapterTypeName="executor://mstestadapter/v2" className="Kitpymes.Core.Shared.Tests.ApplicationBuilderExtensionsTests" name="ToEnvironment_Passing_Service_Not_Found_Returns_ApplicationException" />
    </UnitTest>
    <UnitTest name="IsEspecialChars_Passing_ValidArguments_Returns_HasErrorsAndCount" storage="d:\sferrari\01 - trabajo\repos\netcore\libs\template-netcore-shared\kitpymes.core.shared.tests\bin\release\netcoreapp3.0\kitpymes.core.shared.tests.dll" id="a2b6017f-838f-c435-81c1-a75dd92108eb">
      <Execution id="c4ebe733-cee3-492b-94a7-0b3b93633fb8" />
      <TestMethod codeBase="D:\SFERRARI\01 - TRABAJO\repos\netcore\libs\template-netcore-shared\Kitpymes.Core.Shared.Tests\bin\Release\netcoreapp3.0\Kitpymes.Core.Shared.Tests.dll" adapterTypeName="executor://mstestadapter/v2" className="Kitpymes.Core.Shared.Tests.CheckTests" name="IsEspecialChars_Passing_ValidArguments_Returns_HasErrorsAndCount" />
    </UnitTest>
    <UnitTest name="ToUserName_Passing_Valid_UserName_ClaimsPrincipal_Returns_String_UserName_Value" storage="d:\sferrari\01 - trabajo\repos\netcore\libs\template-netcore-shared\kitpymes.core.shared.tests\bin\release\netcoreapp3.0\kitpymes.core.shared.tests.dll" id="856fd0c8-b6f8-9265-ccfd-2a9e615488e2">
      <Execution id="c7a745d5-0c48-4f3e-b004-73eb9a31bf75" />
      <TestMethod codeBase="D:\SFERRARI\01 - TRABAJO\repos\netcore\libs\template-netcore-shared\Kitpymes.Core.Shared.Tests\bin\Release\netcoreapp3.0\Kitpymes.Core.Shared.Tests.dll" adapterTypeName="executor://mstestadapter/v2" className="Kitpymes.Core.Shared.Tests.ClaimsPrincipalExtensionsTests" name="ToUserName_Passing_Valid_UserName_ClaimsPrincipal_Returns_String_UserName_Value" />
    </UnitTest>
    <UnitTest name="IsRegexMatch_Passing_InvalidArguments_Returns_HasErrorsAndCount" storage="d:\sferrari\01 - trabajo\repos\netcore\libs\template-netcore-shared\kitpymes.core.shared.tests\bin\release\netcoreapp3.0\kitpymes.core.shared.tests.dll" id="fe683836-27ec-729e-5fe1-a9c2674a6d87">
      <Execution id="3f2942fe-9963-4c06-b840-b7fcecfe38ec" />
      <TestMethod codeBase="D:\SFERRARI\01 - TRABAJO\repos\netcore\libs\template-netcore-shared\Kitpymes.Core.Shared.Tests\bin\Release\netcoreapp3.0\Kitpymes.Core.Shared.Tests.dll" adapterTypeName="executor://mstestadapter/v2" className="Kitpymes.Core.Shared.Tests.CheckTests" name="IsRegexMatch_Passing_InvalidArguments_Returns_HasErrorsAndCount" />
    </UnitTest>
    <UnitTest name="ToReadOnly_Passing_Valid_Collection_Returns_Readonly_Collection" storage="d:\sferrari\01 - trabajo\repos\netcore\libs\template-netcore-shared\kitpymes.core.shared.tests\bin\release\netcoreapp3.0\kitpymes.core.shared.tests.dll" id="42ded375-26ee-044e-44a7-9eab5e4cd342">
      <Execution id="2685905b-e379-432e-af67-04e8f7b80d59" />
      <TestMethod codeBase="D:\SFERRARI\01 - TRABAJO\repos\netcore\libs\template-netcore-shared\Kitpymes.Core.Shared.Tests\bin\Release\netcoreapp3.0\Kitpymes.Core.Shared.Tests.dll" adapterTypeName="executor://mstestadapter/v2" className="Kitpymes.Core.Shared.Tests.EnumerableExtensionsTests" name="ToReadOnly_Passing_Valid_Collection_Returns_Readonly_Collection" />
    </UnitTest>
    <UnitTest name="ToEnvironment_ServiceCollection_Passing_Staging_Enviroment_Returns_Staging_Name" storage="d:\sferrari\01 - trabajo\repos\netcore\libs\template-netcore-shared\kitpymes.core.shared.tests\bin\release\netcoreapp3.0\kitpymes.core.shared.tests.dll" id="504465b7-a3fe-9023-93b9-ffece1903418">
      <Execution id="a654c80a-d710-4ccb-af56-5393250fb3d3" />
      <TestMethod codeBase="D:\SFERRARI\01 - TRABAJO\repos\netcore\libs\template-netcore-shared\Kitpymes.Core.Shared.Tests\bin\Release\netcoreapp3.0\Kitpymes.Core.Shared.Tests.dll" adapterTypeName="executor://mstestadapter/v2" className="Kitpymes.Core.Shared.Tests.ConfigurationBuilderExtensionsTests" name="ToEnvironment_ServiceCollection_Passing_Staging_Enviroment_Returns_Staging_Name" />
    </UnitTest>
    <UnitTest name="ToHeader_Passing_HttpRequest_Header_Many_Values_Returns_Values" storage="d:\sferrari\01 - trabajo\repos\netcore\libs\template-netcore-shared\kitpymes.core.shared.tests\bin\release\netcoreapp3.0\kitpymes.core.shared.tests.dll" id="43c10c64-8836-30db-afbe-d1657a7dd9d8">
      <Execution id="849938e4-8897-452c-a14e-f4559e8c949a" />
      <TestMethod codeBase="D:\SFERRARI\01 - TRABAJO\repos\netcore\libs\template-netcore-shared\Kitpymes.Core.Shared.Tests\bin\Release\netcoreapp3.0\Kitpymes.Core.Shared.Tests.dll" adapterTypeName="executor://mstestadapter/v2" className="Kitpymes.Core.Shared.Tests.HttpRequestExtensionsTests" name="ToHeader_Passing_HttpRequest_Header_Many_Values_Returns_Values" />
    </UnitTest>
    <UnitTest name="ToEnum_Passing_InvalidValueInt_Returns_EnumDefaultValue" storage="d:\sferrari\01 - trabajo\repos\netcore\libs\template-netcore-shared\kitpymes.core.shared.tests\bin\release\netcoreapp3.0\kitpymes.core.shared.tests.dll" id="8c1d1a56-be42-3df5-a82e-36b97c2860b8">
      <Execution id="4c26bef0-c2f8-45f0-a734-777b665bc339" />
      <TestMethod codeBase="D:\SFERRARI\01 - TRABAJO\repos\netcore\libs\template-netcore-shared\Kitpymes.Core.Shared.Tests\bin\Release\netcoreapp3.0\Kitpymes.Core.Shared.Tests.dll" adapterTypeName="executor://mstestadapter/v2" className="Kitpymes.Core.Shared.Tests.StringExtensionsTests" name="ToEnum_Passing_InvalidValueInt_Returns_EnumDefaultValue" />
    </UnitTest>
    <UnitTest name="ToCompress_Passing_Object_Bytes_Returns_Object" storage="d:\sferrari\01 - trabajo\repos\netcore\libs\template-netcore-shared\kitpymes.core.shared.tests\bin\release\netcoreapp3.0\kitpymes.core.shared.tests.dll" id="8a110a46-40a4-c9bb-083e-1c3fcb5b45b7">
      <Execution id="61e38257-da69-45e7-94b7-6c874b6be74b" />
      <TestMethod codeBase="D:\SFERRARI\01 - TRABAJO\repos\netcore\libs\template-netcore-shared\Kitpymes.Core.Shared.Tests\bin\Release\netcoreapp3.0\Kitpymes.Core.Shared.Tests.dll" adapterTypeName="executor://mstestadapter/v2" className="Kitpymes.Core.Shared.Tests.BytesExtensionsTests" name="ToCompress_Passing_Object_Bytes_Returns_Object" />
    </UnitTest>
    <UnitTest name="ToIPv6_Passing_HttpContext_IP_Value_Returns_IP" storage="d:\sferrari\01 - trabajo\repos\netcore\libs\template-netcore-shared\kitpymes.core.shared.tests\bin\release\netcoreapp3.0\kitpymes.core.shared.tests.dll" id="5bee9d0e-89de-7b6d-4317-0a11342b1d29">
      <Execution id="6ef7eb02-cffb-47d5-94ce-df4ad7a59a77" />
      <TestMethod codeBase="D:\SFERRARI\01 - TRABAJO\repos\netcore\libs\template-netcore-shared\Kitpymes.Core.Shared.Tests\bin\Release\netcoreapp3.0\Kitpymes.Core.Shared.Tests.dll" adapterTypeName="executor://mstestadapter/v2" className="Kitpymes.Core.Shared.Tests.HttpContextExtensionsTests" name="ToIPv6_Passing_HttpContext_IP_Value_Returns_IP" />
    </UnitTest>
    <UnitTest name="ToDefaultValue_Passing_char_Returns_Cero" storage="d:\sferrari\01 - trabajo\repos\netcore\libs\template-netcore-shared\kitpymes.core.shared.tests\bin\release\netcoreapp3.0\kitpymes.core.shared.tests.dll" id="17a38df3-33e0-71ac-f8cb-dcdd3ade7269">
      <Execution id="f1bd663a-8a04-4ce9-80a3-2bae09d1844c" />
      <TestMethod codeBase="D:\SFERRARI\01 - TRABAJO\repos\netcore\libs\template-netcore-shared\Kitpymes.Core.Shared.Tests\bin\Release\netcoreapp3.0\Kitpymes.Core.Shared.Tests.dll" adapterTypeName="executor://mstestadapter/v2" className="Kitpymes.Core.Shared.Tests.GenericExtensionsTests" name="ToDefaultValue_Passing_char_Returns_Cero" />
    </UnitTest>
    <UnitTest name="ToNormalize_Passing_ValidValue_Returns_NormalizedValue" storage="d:\sferrari\01 - trabajo\repos\netcore\libs\template-netcore-shared\kitpymes.core.shared.tests\bin\release\netcoreapp3.0\kitpymes.core.shared.tests.dll" id="7dc20d31-477c-3765-83c0-7575a504da96">
      <Execution id="a1726918-6c5b-4287-a057-e105e08b7dbf" />
      <TestMethod codeBase="D:\SFERRARI\01 - TRABAJO\repos\netcore\libs\template-netcore-shared\Kitpymes.Core.Shared.Tests\bin\Release\netcoreapp3.0\Kitpymes.Core.Shared.Tests.dll" adapterTypeName="executor://mstestadapter/v2" className="Kitpymes.Core.Shared.Tests.StringExtensionsTests" name="ToNormalize_Passing_ValidValue_Returns_NormalizedValue" />
    </UnitTest>
    <UnitTest name="ToIsLastDayOfTheMonth_Passing_NotLastDayOfMonth_Returns_False" storage="d:\sferrari\01 - trabajo\repos\netcore\libs\template-netcore-shared\kitpymes.core.shared.tests\bin\release\netcoreapp3.0\kitpymes.core.shared.tests.dll" id="3443f7f5-ee1a-f375-e5b1-f7ffa940c0db">
      <Execution id="f28311b0-8a62-423e-ae67-ed046fbfabf7" />
      <TestMethod codeBase="D:\SFERRARI\01 - TRABAJO\repos\netcore\libs\template-netcore-shared\Kitpymes.Core.Shared.Tests\bin\Release\netcoreapp3.0\Kitpymes.Core.Shared.Tests.dll" adapterTypeName="executor://mstestadapter/v2" className="Kitpymes.Core.Shared.Tests.DateTimeExtensionsTests" name="ToIsLastDayOfTheMonth_Passing_NotLastDayOfMonth_Returns_False" />
    </UnitTest>
    <UnitTest name="ToIsSubdomainThrow_Passing_InvalidValue_Returns_ApplicationExceptionWithMessage" storage="d:\sferrari\01 - trabajo\repos\netcore\libs\template-netcore-shared\kitpymes.core.shared.tests\bin\release\netcoreapp3.0\kitpymes.core.shared.tests.dll" id="d51ea295-e896-101a-6578-05ae772bcbfb">
      <Execution id="14122c09-a537-44e0-abfd-0b344acb136b" />
      <TestMethod codeBase="D:\SFERRARI\01 - TRABAJO\repos\netcore\libs\template-netcore-shared\Kitpymes.Core.Shared.Tests\bin\Release\netcoreapp3.0\Kitpymes.Core.Shared.Tests.dll" adapterTypeName="executor://mstestadapter/v2" className="Kitpymes.Core.Shared.Tests.CheckExtensionsTests" name="ToIsSubdomainThrow_Passing_InvalidValue_Returns_ApplicationExceptionWithMessage" />
    </UnitTest>
    <UnitTest name="ToUri_Passing_InvalidValueString_Returns_DefaultValue" storage="d:\sferrari\01 - trabajo\repos\netcore\libs\template-netcore-shared\kitpymes.core.shared.tests\bin\release\netcoreapp3.0\kitpymes.core.shared.tests.dll" id="bc15aa99-72de-0e5a-b6e8-2d654659d591">
      <Execution id="90157db7-f248-4f5e-8efe-085bd440f532" />
      <TestMethod codeBase="D:\SFERRARI\01 - TRABAJO\repos\netcore\libs\template-netcore-shared\Kitpymes.Core.Shared.Tests\bin\Release\netcoreapp3.0\Kitpymes.Core.Shared.Tests.dll" adapterTypeName="executor://mstestadapter/v2" className="Kitpymes.Core.Shared.Tests.StringExtensionsTests" name="ToUri_Passing_InvalidValueString_Returns_DefaultValue" />
    </UnitTest>
    <UnitTest name="ToDisplay_Passing_Enumeration_Name_Returns_Display_Atributte" storage="d:\sferrari\01 - trabajo\repos\netcore\libs\template-netcore-shared\kitpymes.core.shared.tests\bin\release\netcoreapp3.0\kitpymes.core.shared.tests.dll" id="d6d04f4a-9142-b816-d673-c4abf49a39ad">
      <Execution id="e05d1a4e-3571-430d-bcdb-cc104b2f055e" />
      <TestMethod codeBase="D:\SFERRARI\01 - TRABAJO\repos\netcore\libs\template-netcore-shared\Kitpymes.Core.Shared.Tests\bin\Release\netcoreapp3.0\Kitpymes.Core.Shared.Tests.dll" adapterTypeName="executor://mstestadapter/v2" className="Kitpymes.Core.Shared.Tests.EnumExtensionsTests" name="ToDisplay_Passing_Enumeration_Name_Returns_Display_Atributte" />
    </UnitTest>
    <UnitTest name="ToMapMerge_Passing_Destination_Object_Returns_Merged_Destination_Object" storage="d:\sferrari\01 - trabajo\repos\netcore\libs\template-netcore-shared\kitpymes.core.shared.tests\bin\release\netcoreapp3.0\kitpymes.core.shared.tests.dll" id="ab274dac-b194-4e0f-6fab-a20667b535a8">
      <Execution id="52c233bf-f5c9-49cf-ae02-a3bf53de9005" />
      <TestMethod codeBase="D:\SFERRARI\01 - TRABAJO\repos\netcore\libs\template-netcore-shared\Kitpymes.Core.Shared.Tests\bin\Release\netcoreapp3.0\Kitpymes.Core.Shared.Tests.dll" adapterTypeName="executor://mstestadapter/v2" className="Kitpymes.Core.Shared.Tests.AgileMapperExtensionsTests" name="ToMapMerge_Passing_Destination_Object_Returns_Merged_Destination_Object" />
    </UnitTest>
    <UnitTest name="ToInt_Passing_Enumeration_Name_Returns_Value" storage="d:\sferrari\01 - trabajo\repos\netcore\libs\template-netcore-shared\kitpymes.core.shared.tests\bin\release\netcoreapp3.0\kitpymes.core.shared.tests.dll" id="4e1a5879-f3c8-4fdb-51d0-c4cf0a35e0bf">
      <Execution id="bd17381c-3fa7-4b62-bccc-2a6b28ef930d" />
      <TestMethod codeBase="D:\SFERRARI\01 - TRABAJO\repos\netcore\libs\template-netcore-shared\Kitpymes.Core.Shared.Tests\bin\Release\netcoreapp3.0\Kitpymes.Core.Shared.Tests.dll" adapterTypeName="executor://mstestadapter/v2" className="Kitpymes.Core.Shared.Tests.EnumExtensionsTests" name="ToInt_Passing_Enumeration_Name_Returns_Value" />
    </UnitTest>
    <UnitTest name="ToIsEmailThrow_Passing_InvalidValue_Returns_ApplicationExceptionWithMessage" storage="d:\sferrari\01 - trabajo\repos\netcore\libs\template-netcore-shared\kitpymes.core.shared.tests\bin\release\netcoreapp3.0\kitpymes.core.shared.tests.dll" id="def94964-1ba4-f78f-2dac-38055bb04256">
      <Execution id="d17add5c-85bf-4e33-b85b-4644dd42b6ba" />
      <TestMethod codeBase="D:\SFERRARI\01 - TRABAJO\repos\netcore\libs\template-netcore-shared\Kitpymes.Core.Shared.Tests\bin\Release\netcoreapp3.0\Kitpymes.Core.Shared.Tests.dll" adapterTypeName="executor://mstestadapter/v2" className="Kitpymes.Core.Shared.Tests.CheckExtensionsTests" name="ToIsEmailThrow_Passing_InvalidValue_Returns_ApplicationExceptionWithMessage" />
    </UnitTest>
    <UnitTest name="IsNullOrEmpty_Passing_InvalidArguments_Returns_HasErrorsAndCount" storage="d:\sferrari\01 - trabajo\repos\netcore\libs\template-netcore-shared\kitpymes.core.shared.tests\bin\release\netcoreapp3.0\kitpymes.core.shared.tests.dll" id="801afd1a-5f3d-0d0c-471a-96452bf5bc35">
      <Execution id="fb8be09f-39b6-43f1-a097-570b8d0ff8f9" />
      <TestMethod codeBase="D:\SFERRARI\01 - TRABAJO\repos\netcore\libs\template-netcore-shared\Kitpymes.Core.Shared.Tests\bin\Release\netcoreapp3.0\Kitpymes.Core.Shared.Tests.dll" adapterTypeName="executor://mstestadapter/v2" className="Kitpymes.Core.Shared.Tests.CheckTests" name="IsNullOrEmpty_Passing_InvalidArguments_Returns_HasErrorsAndCount" />
    </UnitTest>
    <UnitTest name="IsEqual_Passing_InvalidArguments_Returns_HasErrorsAndCount" storage="d:\sferrari\01 - trabajo\repos\netcore\libs\template-netcore-shared\kitpymes.core.shared.tests\bin\release\netcoreapp3.0\kitpymes.core.shared.tests.dll" id="c87d842d-198f-fc52-0a70-418a5e5378ab">
      <Execution id="19fe5837-12ab-4b64-bab0-6f18bd254cc5" />
      <TestMethod codeBase="D:\SFERRARI\01 - TRABAJO\repos\netcore\libs\template-netcore-shared\Kitpymes.Core.Shared.Tests\bin\Release\netcoreapp3.0\Kitpymes.Core.Shared.Tests.dll" adapterTypeName="executor://mstestadapter/v2" className="Kitpymes.Core.Shared.Tests.CheckTests" name="IsEqual_Passing_InvalidArguments_Returns_HasErrorsAndCount" />
    </UnitTest>
    <UnitTest name="ToHashAlgorithmName_Passing_InvalidValueString_Returns_Null" storage="d:\sferrari\01 - trabajo\repos\netcore\libs\template-netcore-shared\kitpymes.core.shared.tests\bin\release\netcoreapp3.0\kitpymes.core.shared.tests.dll" id="1b969e76-d97c-c639-c377-a41796fbb2c3">
      <Execution id="90cefa99-3e20-4977-8a24-3d506ee98fde" />
      <TestMethod codeBase="D:\SFERRARI\01 - TRABAJO\repos\netcore\libs\template-netcore-shared\Kitpymes.Core.Shared.Tests\bin\Release\netcoreapp3.0\Kitpymes.Core.Shared.Tests.dll" adapterTypeName="executor://mstestadapter/v2" className="Kitpymes.Core.Shared.Tests.StringExtensionsTests" name="ToHashAlgorithmName_Passing_InvalidValueString_Returns_Null" />
    </UnitTest>
    <UnitTest name="ToDefaultValue_Passing_ValidInt_Returns_DefaultValue" storage="d:\sferrari\01 - trabajo\repos\netcore\libs\template-netcore-shared\kitpymes.core.shared.tests\bin\release\netcoreapp3.0\kitpymes.core.shared.tests.dll" id="e37f41d3-77a8-1acd-c258-fbb5b724b134">
      <Execution id="2faf5492-3622-43d1-accc-a94cd7537298" />
      <TestMethod codeBase="D:\SFERRARI\01 - TRABAJO\repos\netcore\libs\template-netcore-shared\Kitpymes.Core.Shared.Tests\bin\Release\netcoreapp3.0\Kitpymes.Core.Shared.Tests.dll" adapterTypeName="executor://mstestadapter/v2" className="Kitpymes.Core.Shared.Tests.TypeExtensionsTests" name="ToDefaultValue_Passing_ValidInt_Returns_DefaultValue" />
    </UnitTest>
    <UnitTest name="ToIsFileThrow_Passing_InvalidValue_Returns_ApplicationExceptionWithMessage" storage="d:\sferrari\01 - trabajo\repos\netcore\libs\template-netcore-shared\kitpymes.core.shared.tests\bin\release\netcoreapp3.0\kitpymes.core.shared.tests.dll" id="0df69eaf-b001-71ae-6cf8-f9c5860f7c4c">
      <Execution id="a1824bb2-0a82-4023-a20a-bf60b96c9929" />
      <TestMethod codeBase="D:\SFERRARI\01 - TRABAJO\repos\netcore\libs\template-netcore-shared\Kitpymes.Core.Shared.Tests\bin\Release\netcoreapp3.0\Kitpymes.Core.Shared.Tests.dll" adapterTypeName="executor://mstestadapter/v2" className="Kitpymes.Core.Shared.Tests.CheckExtensionsTests" name="ToIsFileThrow_Passing_InvalidValue_Returns_ApplicationExceptionWithMessage" />
    </UnitTest>
    <UnitTest name="ToMapClone_Passing_Source_Returns_New_Source_Object" storage="d:\sferrari\01 - trabajo\repos\netcore\libs\template-netcore-shared\kitpymes.core.shared.tests\bin\release\netcoreapp3.0\kitpymes.core.shared.tests.dll" id="27cc1a96-8264-8762-05bc-aa63ccb155d7">
      <Execution id="4347dd64-f1ab-42e4-94f9-bf7e0446eff0" />
      <TestMethod codeBase="D:\SFERRARI\01 - TRABAJO\repos\netcore\libs\template-netcore-shared\Kitpymes.Core.Shared.Tests\bin\Release\netcoreapp3.0\Kitpymes.Core.Shared.Tests.dll" adapterTypeName="executor://mstestadapter/v2" className="Kitpymes.Core.Shared.Tests.AgileMapperExtensionsTests" name="ToMapClone_Passing_Source_Returns_New_Source_Object" />
    </UnitTest>
    <UnitTest name="ResultDataBadRequest_WithErrors_Dictionary" storage="d:\sferrari\01 - trabajo\repos\netcore\libs\template-netcore-shared\kitpymes.core.shared.tests\bin\release\netcoreapp3.0\kitpymes.core.shared.tests.dll" id="e329bdc2-7660-b4b2-0687-a194b6e35f1d">
      <Execution id="689eb845-3938-4399-b7d0-10e3932e5d0c" />
      <TestMethod codeBase="D:\SFERRARI\01 - TRABAJO\repos\netcore\libs\template-netcore-shared\Kitpymes.Core.Shared.Tests\bin\Release\netcoreapp3.0\Kitpymes.Core.Shared.Tests.dll" adapterTypeName="executor://mstestadapter/v2" className="Kitpymes.Core.Shared.Tests.ResultTest" name="ResultDataBadRequest_WithErrors_Dictionary" />
    </UnitTest>
    <UnitTest name="ToService_Passing_Service_Not_Found_Returns_Null" storage="d:\sferrari\01 - trabajo\repos\netcore\libs\template-netcore-shared\kitpymes.core.shared.tests\bin\release\netcoreapp3.0\kitpymes.core.shared.tests.dll" id="3f0bf65d-a3af-41bf-ac79-126a0efc4fd4">
      <Execution id="471fc8f1-67c8-46db-bdd5-a41fb51d47e3" />
      <TestMethod codeBase="D:\SFERRARI\01 - TRABAJO\repos\netcore\libs\template-netcore-shared\Kitpymes.Core.Shared.Tests\bin\Release\netcoreapp3.0\Kitpymes.Core.Shared.Tests.dll" adapterTypeName="executor://mstestadapter/v2" className="Kitpymes.Core.Shared.Tests.ApplicationBuilderExtensionsTests" name="ToService_Passing_Service_Not_Found_Returns_Null" />
    </UnitTest>
    <UnitTest name="ToGetAll_Passing_Claims_Returns_Claim_Value_Int_List" storage="d:\sferrari\01 - trabajo\repos\netcore\libs\template-netcore-shared\kitpymes.core.shared.tests\bin\release\netcoreapp3.0\kitpymes.core.shared.tests.dll" id="fa00d2a8-59b9-ad9e-caa1-a0c9e3156db1">
      <Execution id="0629f3ed-e976-4b32-b46d-4db75cc131fb" />
      <TestMethod codeBase="D:\SFERRARI\01 - TRABAJO\repos\netcore\libs\template-netcore-shared\Kitpymes.Core.Shared.Tests\bin\Release\netcoreapp3.0\Kitpymes.Core.Shared.Tests.dll" adapterTypeName="executor://mstestadapter/v2" className="Kitpymes.Core.Shared.Tests.ClaimsPrincipalExtensionsTests" name="ToGetAll_Passing_Claims_Returns_Claim_Value_Int_List" />
    </UnitTest>
    <UnitTest name="ResultBadRequest_WithErrors_Value" storage="d:\sferrari\01 - trabajo\repos\netcore\libs\template-netcore-shared\kitpymes.core.shared.tests\bin\release\netcoreapp3.0\kitpymes.core.shared.tests.dll" id="c0846755-8a53-0ac4-76e5-2d7d37bcd54a">
      <Execution id="9a19015e-b4d3-4189-9bc6-083d48590525" />
      <TestMethod codeBase="D:\SFERRARI\01 - TRABAJO\repos\netcore\libs\template-netcore-shared\Kitpymes.Core.Shared.Tests\bin\Release\netcoreapp3.0\Kitpymes.Core.Shared.Tests.dll" adapterTypeName="executor://mstestadapter/v2" className="Kitpymes.Core.Shared.Tests.ResultTest" name="ResultBadRequest_WithErrors_Value" />
    </UnitTest>
    <UnitTest name="ToBytes_Passing_Object_Returns_Bytes" storage="d:\sferrari\01 - trabajo\repos\netcore\libs\template-netcore-shared\kitpymes.core.shared.tests\bin\release\netcoreapp3.0\kitpymes.core.shared.tests.dll" id="118e36ba-6572-1245-e05b-9bcc7b4e5e20">
      <Execution id="8eb9e798-26bb-4673-bf70-04030b719442" />
      <TestMethod codeBase="D:\SFERRARI\01 - TRABAJO\repos\netcore\libs\template-netcore-shared\Kitpymes.Core.Shared.Tests\bin\Release\netcoreapp3.0\Kitpymes.Core.Shared.Tests.dll" adapterTypeName="executor://mstestadapter/v2" className="Kitpymes.Core.Shared.Tests.GenericExtensionsTests" name="ToBytes_Passing_Object_Returns_Bytes" />
    </UnitTest>
    <UnitTest name="ToInt_Passing_InvalidValueString_Returns_DefaultValue" storage="d:\sferrari\01 - trabajo\repos\netcore\libs\template-netcore-shared\kitpymes.core.shared.tests\bin\release\netcoreapp3.0\kitpymes.core.shared.tests.dll" id="19f76070-822e-31f8-2a9f-a96f774333a7">
      <Execution id="517ba090-8479-4db7-a575-bcd22ee45217" />
      <TestMethod codeBase="D:\SFERRARI\01 - TRABAJO\repos\netcore\libs\template-netcore-shared\Kitpymes.Core.Shared.Tests\bin\Release\netcoreapp3.0\Kitpymes.Core.Shared.Tests.dll" adapterTypeName="executor://mstestadapter/v2" className="Kitpymes.Core.Shared.Tests.StringExtensionsTests" name="ToInt_Passing_InvalidValueString_Returns_DefaultValue" />
    </UnitTest>
    <UnitTest name="ToEmailMask_Passing_ValidEmail_Returns_EmailWithMask" storage="d:\sferrari\01 - trabajo\repos\netcore\libs\template-netcore-shared\kitpymes.core.shared.tests\bin\release\netcoreapp3.0\kitpymes.core.shared.tests.dll" id="98331ff8-6ed1-e7ba-c8dd-be5bd5b6cb2c">
      <Execution id="b8df5b4e-d61c-41d1-970d-492fff11591b" />
      <TestMethod codeBase="D:\SFERRARI\01 - TRABAJO\repos\netcore\libs\template-netcore-shared\Kitpymes.Core.Shared.Tests\bin\Release\netcoreapp3.0\Kitpymes.Core.Shared.Tests.dll" adapterTypeName="executor://mstestadapter/v2" className="Kitpymes.Core.Shared.Tests.StringExtensionsTests" name="ToEmailMask_Passing_ValidEmail_Returns_EmailWithMask" />
    </UnitTest>
    <UnitTest name="ToFormat_Passing_ValidValueFormatWithArguments_Returns_ValueWithFormat" storage="d:\sferrari\01 - trabajo\repos\netcore\libs\template-netcore-shared\kitpymes.core.shared.tests\bin\release\netcoreapp3.0\kitpymes.core.shared.tests.dll" id="ac572b27-5286-68a4-5380-d7de82fbf69a">
      <Execution id="65aa8739-bfe7-42d9-b608-c6ab791e9eb8" />
      <TestMethod codeBase="D:\SFERRARI\01 - TRABAJO\repos\netcore\libs\template-netcore-shared\Kitpymes.Core.Shared.Tests\bin\Release\netcoreapp3.0\Kitpymes.Core.Shared.Tests.dll" adapterTypeName="executor://mstestadapter/v2" className="Kitpymes.Core.Shared.Tests.StringExtensionsTests" name="ToFormat_Passing_ValidValueFormatWithArguments_Returns_ValueWithFormat" />
    </UnitTest>
    <UnitTest name="ToGetAll_Passing_Claims_Returns_Claim_Value_String_List" storage="d:\sferrari\01 - trabajo\repos\netcore\libs\template-netcore-shared\kitpymes.core.shared.tests\bin\release\netcoreapp3.0\kitpymes.core.shared.tests.dll" id="4184a91b-5297-4872-2a98-1ef97e124515">
      <Execution id="89773cdc-4039-4146-8b87-d3a105169124" />
      <TestMethod codeBase="D:\SFERRARI\01 - TRABAJO\repos\netcore\libs\template-netcore-shared\Kitpymes.Core.Shared.Tests\bin\Release\netcoreapp3.0\Kitpymes.Core.Shared.Tests.dll" adapterTypeName="executor://mstestadapter/v2" className="Kitpymes.Core.Shared.Tests.ClaimsPrincipalExtensionsTests" name="ToGetAll_Passing_Claims_Returns_Claim_Value_String_List" />
    </UnitTest>
    <UnitTest name="ToDefaultValue_Passing_bool_Returns_Cero" storage="d:\sferrari\01 - trabajo\repos\netcore\libs\template-netcore-shared\kitpymes.core.shared.tests\bin\release\netcoreapp3.0\kitpymes.core.shared.tests.dll" id="432377b9-b0ad-9a2a-6dc2-e1069e73c449">
      <Execution id="24beb626-b990-4b6d-bf7a-d975a6a3c316" />
      <TestMethod codeBase="D:\SFERRARI\01 - TRABAJO\repos\netcore\libs\template-netcore-shared\Kitpymes.Core.Shared.Tests\bin\Release\netcoreapp3.0\Kitpymes.Core.Shared.Tests.dll" adapterTypeName="executor://mstestadapter/v2" className="Kitpymes.Core.Shared.Tests.GenericExtensionsTests" name="ToDefaultValue_Passing_bool_Returns_Cero" />
    </UnitTest>
    <UnitTest name="ToString_Passing_Valid_Collection_With_Custom_Separator_Returns_String_With_Custom_Separator" storage="d:\sferrari\01 - trabajo\repos\netcore\libs\template-netcore-shared\kitpymes.core.shared.tests\bin\release\netcoreapp3.0\kitpymes.core.shared.tests.dll" id="bf8f6922-5666-8ec7-1500-aabd5997d6a4">
      <Execution id="e146426e-7e88-49fa-8896-e3e1c519ff8b" />
      <TestMethod codeBase="D:\SFERRARI\01 - TRABAJO\repos\netcore\libs\template-netcore-shared\Kitpymes.Core.Shared.Tests\bin\Release\netcoreapp3.0\Kitpymes.Core.Shared.Tests.dll" adapterTypeName="executor://mstestadapter/v2" className="Kitpymes.Core.Shared.Tests.EnumerableExtensionsTests" name="ToString_Passing_Valid_Collection_With_Custom_Separator_Returns_String_With_Custom_Separator" />
    </UnitTest>
    <UnitTest name="ToPaged_Passing_Age_Ascending_Order_Returns_Filter_List" storage="d:\sferrari\01 - trabajo\repos\netcore\libs\template-netcore-shared\kitpymes.core.shared.tests\bin\release\netcoreapp3.0\kitpymes.core.shared.tests.dll" id="f0f37a42-1a3a-10a5-5f17-e01b9915abd3">
      <Execution id="e5f84994-b2c8-461f-a882-84e7154d1ef9" />
      <TestMethod codeBase="D:\SFERRARI\01 - TRABAJO\repos\netcore\libs\template-netcore-shared\Kitpymes.Core.Shared.Tests\bin\Release\netcoreapp3.0\Kitpymes.Core.Shared.Tests.dll" adapterTypeName="executor://mstestadapter/v2" className="Kitpymes.Core.Shared.Tests.QueryableExtensionsTests" name="ToPaged_Passing_Age_Ascending_Order_Returns_Filter_List" />
    </UnitTest>
    <UnitTest name="ToConfigureOrDefault_Passing_ActionCustomValues_Returns_CustomValues" storage="d:\sferrari\01 - trabajo\repos\netcore\libs\template-netcore-shared\kitpymes.core.shared.tests\bin\release\netcoreapp3.0\kitpymes.core.shared.tests.dll" id="313cfb2c-8c3b-337b-12f8-296f8611376d">
      <Execution id="b3e53014-fda8-4b9b-b791-1036a1b8e851" />
      <TestMethod codeBase="D:\SFERRARI\01 - TRABAJO\repos\netcore\libs\template-netcore-shared\Kitpymes.Core.Shared.Tests\bin\Release\netcoreapp3.0\Kitpymes.Core.Shared.Tests.dll" adapterTypeName="executor://mstestadapter/v2" className="Kitpymes.Core.Shared.Tests.ActionExtensionsTests" name="ToConfigureOrDefault_Passing_ActionCustomValues_Returns_CustomValues" />
    </UnitTest>
    <UnitTest name="ToEnvironment_ServiceProvider_Passing_Development_Enviroment_Returns_Development_Name" storage="d:\sferrari\01 - trabajo\repos\netcore\libs\template-netcore-shared\kitpymes.core.shared.tests\bin\release\netcoreapp3.0\kitpymes.core.shared.tests.dll" id="c09577a6-adca-ef94-40b5-45575ad65e4f">
      <Execution id="7900624c-ac78-4b6c-a519-bf75cc408631" />
      <TestMethod codeBase="D:\SFERRARI\01 - TRABAJO\repos\netcore\libs\template-netcore-shared\Kitpymes.Core.Shared.Tests\bin\Release\netcoreapp3.0\Kitpymes.Core.Shared.Tests.dll" adapterTypeName="executor://mstestadapter/v2" className="Kitpymes.Core.Shared.Tests.ConfigurationBuilderExtensionsTests" name="ToEnvironment_ServiceProvider_Passing_Development_Enviroment_Returns_Development_Name" />
    </UnitTest>
    <UnitTest name="ToSerialize_Passing_Objects_Returns_String_Values" storage="d:\sferrari\01 - trabajo\repos\netcore\libs\template-netcore-shared\kitpymes.core.shared.tests\bin\release\netcoreapp3.0\kitpymes.core.shared.tests.dll" id="87c5dbd3-fd2a-1e49-42e5-8dc78affc8d6">
      <Execution id="1ce1cb53-d5f6-4868-8501-618673467685" />
      <TestMethod codeBase="D:\SFERRARI\01 - TRABAJO\repos\netcore\libs\template-netcore-shared\Kitpymes.Core.Shared.Tests\bin\Release\netcoreapp3.0\Kitpymes.Core.Shared.Tests.dll" adapterTypeName="executor://mstestadapter/v2" className="Kitpymes.Core.Shared.Tests.JsonExtensionsTests" name="ToSerialize_Passing_Objects_Returns_String_Values" />
    </UnitTest>
    <UnitTest name="CreateSHA512_Passing_Invalid_Arguments_Returns_ApplicationException" storage="d:\sferrari\01 - trabajo\repos\netcore\libs\template-netcore-shared\kitpymes.core.shared.tests\bin\release\netcoreapp3.0\kitpymes.core.shared.tests.dll" id="f17b6f1f-06a9-5318-815f-4c3950fdd0cb">
      <Execution id="3d9a5072-b21e-4e1a-8d9c-2d65b0cef158" />
      <TestMethod codeBase="D:\SFERRARI\01 - TRABAJO\repos\netcore\libs\template-netcore-shared\Kitpymes.Core.Shared.Tests\bin\Release\netcoreapp3.0\Kitpymes.Core.Shared.Tests.dll" adapterTypeName="executor://mstestadapter/v2" className="Kitpymes.Core.Shared.Tests.HashTests" name="CreateSHA512_Passing_Invalid_Arguments_Returns_ApplicationException" />
    </UnitTest>
    <UnitTest name="ToGetAll_Passing_Claims_Returns_Claim_Value_Object_List" storage="d:\sferrari\01 - trabajo\repos\netcore\libs\template-netcore-shared\kitpymes.core.shared.tests\bin\release\netcoreapp3.0\kitpymes.core.shared.tests.dll" id="2e87c537-4979-f58b-6e83-f3d4ee161ff1">
      <Execution id="cc670a6b-0feb-4820-8b92-4a31008006ec" />
      <TestMethod codeBase="D:\SFERRARI\01 - TRABAJO\repos\netcore\libs\template-netcore-shared\Kitpymes.Core.Shared.Tests\bin\Release\netcoreapp3.0\Kitpymes.Core.Shared.Tests.dll" adapterTypeName="executor://mstestadapter/v2" className="Kitpymes.Core.Shared.Tests.ClaimsPrincipalExtensionsTests" name="ToGetAll_Passing_Claims_Returns_Claim_Value_Object_List" />
    </UnitTest>
    <UnitTest name="ToEnvironment_Passing_Custom_Enviroment_Returns_Custom_Name" storage="d:\sferrari\01 - trabajo\repos\netcore\libs\template-netcore-shared\kitpymes.core.shared.tests\bin\release\netcoreapp3.0\kitpymes.core.shared.tests.dll" id="69b6ed05-fdf2-6989-0583-109b4777a6ac">
      <Execution id="8f0c3a89-4abc-4f0c-9acf-391f55f058c3" />
      <TestMethod codeBase="D:\SFERRARI\01 - TRABAJO\repos\netcore\libs\template-netcore-shared\Kitpymes.Core.Shared.Tests\bin\Release\netcoreapp3.0\Kitpymes.Core.Shared.Tests.dll" adapterTypeName="executor://mstestadapter/v2" className="Kitpymes.Core.Shared.Tests.ApplicationBuilderExtensionsTests" name="ToEnvironment_Passing_Custom_Enviroment_Returns_Custom_Name" />
    </UnitTest>
    <UnitTest name="IsNullOrAny_Passing_InvalidArguments_Returns_HasErrorsAndCount" storage="d:\sferrari\01 - trabajo\repos\netcore\libs\template-netcore-shared\kitpymes.core.shared.tests\bin\release\netcoreapp3.0\kitpymes.core.shared.tests.dll" id="922c5a5d-5d46-b5de-bcbd-4fac0addd422">
      <Execution id="f6b2d765-d627-4644-9a99-405f10eb5de4" />
      <TestMethod codeBase="D:\SFERRARI\01 - TRABAJO\repos\netcore\libs\template-netcore-shared\Kitpymes.Core.Shared.Tests\bin\Release\netcoreapp3.0\Kitpymes.Core.Shared.Tests.dll" adapterTypeName="executor://mstestadapter/v2" className="Kitpymes.Core.Shared.Tests.CheckTests" name="IsNullOrAny_Passing_InvalidArguments_Returns_HasErrorsAndCount" />
    </UnitTest>
    <UnitTest name="ToIsNullOrEmpty_Passing_InvalidValue_Returns_True" storage="d:\sferrari\01 - trabajo\repos\netcore\libs\template-netcore-shared\kitpymes.core.shared.tests\bin\release\netcoreapp3.0\kitpymes.core.shared.tests.dll" id="297c060d-406b-f933-91fe-dfd3459b8ace">
      <Execution id="8af3ee67-62db-41d6-9e67-a9fe5e601875" />
      <TestMethod codeBase="D:\SFERRARI\01 - TRABAJO\repos\netcore\libs\template-netcore-shared\Kitpymes.Core.Shared.Tests\bin\Release\netcoreapp3.0\Kitpymes.Core.Shared.Tests.dll" adapterTypeName="executor://mstestadapter/v2" className="Kitpymes.Core.Shared.Tests.CheckExtensionsTests" name="ToIsNullOrEmpty_Passing_InvalidValue_Returns_True" />
    </UnitTest>
    <UnitTest name="ToDefaultValue_Passing_short_Returns_Cero" storage="d:\sferrari\01 - trabajo\repos\netcore\libs\template-netcore-shared\kitpymes.core.shared.tests\bin\release\netcoreapp3.0\kitpymes.core.shared.tests.dll" id="40108f40-2761-0a89-d16d-ad113b5f3dd5">
      <Execution id="8adaf5d8-2f2a-46b3-851a-6563532196b6" />
      <TestMethod codeBase="D:\SFERRARI\01 - TRABAJO\repos\netcore\libs\template-netcore-shared\Kitpymes.Core.Shared.Tests\bin\Release\netcoreapp3.0\Kitpymes.Core.Shared.Tests.dll" adapterTypeName="executor://mstestadapter/v2" className="Kitpymes.Core.Shared.Tests.GenericExtensionsTests" name="ToDefaultValue_Passing_short_Returns_Cero" />
    </UnitTest>
    <UnitTest name="ToStartOfWeek_Passing_DateTime_Returns_Start_Of_Week_DateTime" storage="d:\sferrari\01 - trabajo\repos\netcore\libs\template-netcore-shared\kitpymes.core.shared.tests\bin\release\netcoreapp3.0\kitpymes.core.shared.tests.dll" id="1f173fff-9060-8c18-f825-225901225244">
      <Execution id="5fc112af-b6b6-473a-811e-50cefa2e84ce" />
      <TestMethod codeBase="D:\SFERRARI\01 - TRABAJO\repos\netcore\libs\template-netcore-shared\Kitpymes.Core.Shared.Tests\bin\Release\netcoreapp3.0\Kitpymes.Core.Shared.Tests.dll" adapterTypeName="executor://mstestadapter/v2" className="Kitpymes.Core.Shared.Tests.DateTimeExtensionsTests" name="ToStartOfWeek_Passing_DateTime_Returns_Start_Of_Week_DateTime" />
    </UnitTest>
    <UnitTest name="IsDigit_Passing_ValidArguments_Returns_HasErrorsAndCount" storage="d:\sferrari\01 - trabajo\repos\netcore\libs\template-netcore-shared\kitpymes.core.shared.tests\bin\release\netcoreapp3.0\kitpymes.core.shared.tests.dll" id="ebdf037a-44fa-7875-99d4-42fa9833aac8">
      <Execution id="d4018962-b8dd-49e7-b9de-7c807cc06592" />
      <TestMethod codeBase="D:\SFERRARI\01 - TRABAJO\repos\netcore\libs\template-netcore-shared\Kitpymes.Core.Shared.Tests\bin\Release\netcoreapp3.0\Kitpymes.Core.Shared.Tests.dll" adapterTypeName="executor://mstestadapter/v2" className="Kitpymes.Core.Shared.Tests.CheckTests" name="IsDigit_Passing_ValidArguments_Returns_HasErrorsAndCount" />
    </UnitTest>
    <UnitTest name="ToEmailMaskUserNameAndDomainAndExtension_Passing_ValidEmail_Returns_EmailWithMask" storage="d:\sferrari\01 - trabajo\repos\netcore\libs\template-netcore-shared\kitpymes.core.shared.tests\bin\release\netcoreapp3.0\kitpymes.core.shared.tests.dll" id="1f6423c7-4317-6f5b-c112-f4c9c7e822af">
      <Execution id="18c1b792-5e82-4550-ace7-8731b2daa967" />
      <TestMethod codeBase="D:\SFERRARI\01 - TRABAJO\repos\netcore\libs\template-netcore-shared\Kitpymes.Core.Shared.Tests\bin\Release\netcoreapp3.0\Kitpymes.Core.Shared.Tests.dll" adapterTypeName="executor://mstestadapter/v2" className="Kitpymes.Core.Shared.Tests.StringExtensionsTests" name="ToEmailMaskUserNameAndDomainAndExtension_Passing_ValidEmail_Returns_EmailWithMask" />
    </UnitTest>
    <UnitTest name="ToIsNullOrAnyThrow_Passing_InvalidValue_Returns_ApplicationExceptionWithMessage" storage="d:\sferrari\01 - trabajo\repos\netcore\libs\template-netcore-shared\kitpymes.core.shared.tests\bin\release\netcoreapp3.0\kitpymes.core.shared.tests.dll" id="8fbac209-421a-f9fa-c5fe-97403aedb24e">
      <Execution id="40be46cb-e857-4b36-b551-abd9820a9d5e" />
      <TestMethod codeBase="D:\SFERRARI\01 - TRABAJO\repos\netcore\libs\template-netcore-shared\Kitpymes.Core.Shared.Tests\bin\Release\netcoreapp3.0\Kitpymes.Core.Shared.Tests.dll" adapterTypeName="executor://mstestadapter/v2" className="Kitpymes.Core.Shared.Tests.CheckExtensionsTests" name="ToIsNullOrAnyThrow_Passing_InvalidValue_Returns_ApplicationExceptionWithMessage" />
    </UnitTest>
    <UnitTest name="CreateRandom_WithDefaultAllowableCharacters_Passing_ValidArguments_Returns_String_Random_Value" storage="d:\sferrari\01 - trabajo\repos\netcore\libs\template-netcore-shared\kitpymes.core.shared.tests\bin\release\netcoreapp3.0\kitpymes.core.shared.tests.dll" id="481343f9-3ff3-548f-0c6c-41599cf65802">
      <Execution id="e98090b7-226e-427a-b7f1-99da000f846a" />
      <TestMethod codeBase="D:\SFERRARI\01 - TRABAJO\repos\netcore\libs\template-netcore-shared\Kitpymes.Core.Shared.Tests\bin\Release\netcoreapp3.0\Kitpymes.Core.Shared.Tests.dll" adapterTypeName="executor://mstestadapter/v2" className="Kitpymes.Core.Shared.Tests.HashTests" name="CreateRandom_WithDefaultAllowableCharacters_Passing_ValidArguments_Returns_String_Random_Value" />
    </UnitTest>
    <UnitTest name="ToInt_Passing_Enumeration_Name_Returns_Description_Atributte" storage="d:\sferrari\01 - trabajo\repos\netcore\libs\template-netcore-shared\kitpymes.core.shared.tests\bin\release\netcoreapp3.0\kitpymes.core.shared.tests.dll" id="c63cd623-e636-5730-a1fa-b18ae782acc7">
      <Execution id="c6112558-c435-4679-8216-e30267f96b6a" />
      <TestMethod codeBase="D:\SFERRARI\01 - TRABAJO\repos\netcore\libs\template-netcore-shared\Kitpymes.Core.Shared.Tests\bin\Release\netcoreapp3.0\Kitpymes.Core.Shared.Tests.dll" adapterTypeName="executor://mstestadapter/v2" className="Kitpymes.Core.Shared.Tests.EnumExtensionsTests" name="ToInt_Passing_Enumeration_Name_Returns_Description_Atributte" />
    </UnitTest>
    <UnitTest name="IsFileExtension_Passing_InvalidArguments_Returns_HasErrorsAndCount" storage="d:\sferrari\01 - trabajo\repos\netcore\libs\template-netcore-shared\kitpymes.core.shared.tests\bin\release\netcoreapp3.0\kitpymes.core.shared.tests.dll" id="e608205e-4953-e9a3-1956-895ed42ab083">
      <Execution id="d5729d57-ee0d-4ad1-845e-6e925b71cc9f" />
      <TestMethod codeBase="D:\SFERRARI\01 - TRABAJO\repos\netcore\libs\template-netcore-shared\Kitpymes.Core.Shared.Tests\bin\Release\netcoreapp3.0\Kitpymes.Core.Shared.Tests.dll" adapterTypeName="executor://mstestadapter/v2" className="Kitpymes.Core.Shared.Tests.CheckTests" name="IsFileExtension_Passing_InvalidArguments_Returns_HasErrorsAndCount" />
    </UnitTest>
    <UnitTest name="ToIsFileExtensionThrow_Passing_InvalidValue_Returns_ApplicationExceptionWithMessage" storage="d:\sferrari\01 - trabajo\repos\netcore\libs\template-netcore-shared\kitpymes.core.shared.tests\bin\release\netcoreapp3.0\kitpymes.core.shared.tests.dll" id="43949294-e4b7-cf4d-0d69-84ccc9e58406">
      <Execution id="432659ff-de13-41ff-88d3-2d5c207bd4d0" />
      <TestMethod codeBase="D:\SFERRARI\01 - TRABAJO\repos\netcore\libs\template-netcore-shared\Kitpymes.Core.Shared.Tests\bin\Release\netcoreapp3.0\Kitpymes.Core.Shared.Tests.dll" adapterTypeName="executor://mstestadapter/v2" className="Kitpymes.Core.Shared.Tests.CheckExtensionsTests" name="ToIsFileExtensionThrow_Passing_InvalidValue_Returns_ApplicationExceptionWithMessage" />
    </UnitTest>
    <UnitTest name="ToDirectoryTemporary_Passing_ValidValue_Returns_DirectoryExists" storage="d:\sferrari\01 - trabajo\repos\netcore\libs\template-netcore-shared\kitpymes.core.shared.tests\bin\release\netcoreapp3.0\kitpymes.core.shared.tests.dll" id="65b9b71b-a8d5-2a7d-a8a7-0e3a015e6b68">
      <Execution id="2d65f7a0-b76b-4d53-b687-24c7eaa8c846" />
      <TestMethod codeBase="D:\SFERRARI\01 - TRABAJO\repos\netcore\libs\template-netcore-shared\Kitpymes.Core.Shared.Tests\bin\Release\netcoreapp3.0\Kitpymes.Core.Shared.Tests.dll" adapterTypeName="executor://mstestadapter/v2" className="Kitpymes.Core.Shared.Tests.StringExtensionsTests" name="ToDirectoryTemporary_Passing_ValidValue_Returns_DirectoryExists" />
    </UnitTest>
    <UnitTest name="IsLess_Passing_InvalidArguments_Returns_HasErrorsAndCount" storage="d:\sferrari\01 - trabajo\repos\netcore\libs\template-netcore-shared\kitpymes.core.shared.tests\bin\release\netcoreapp3.0\kitpymes.core.shared.tests.dll" id="4d9bde6c-668c-a1d3-dc60-edcfc6a4082c">
      <Execution id="06001bb2-2fba-4215-abbb-bff2075ac764" />
      <TestMethod codeBase="D:\SFERRARI\01 - TRABAJO\repos\netcore\libs\template-netcore-shared\Kitpymes.Core.Shared.Tests\bin\Release\netcoreapp3.0\Kitpymes.Core.Shared.Tests.dll" adapterTypeName="executor://mstestadapter/v2" className="Kitpymes.Core.Shared.Tests.CheckTests" name="IsLess_Passing_InvalidArguments_Returns_HasErrorsAndCount" />
    </UnitTest>
    <UnitTest name="ToDictionaryPropertyInfo_Passing_Object_Not_IncludeNullOrEmptyProperty_Returns_Properties_NameAndValue_Dictionary" storage="d:\sferrari\01 - trabajo\repos\netcore\libs\template-netcore-shared\kitpymes.core.shared.tests\bin\release\netcoreapp3.0\kitpymes.core.shared.tests.dll" id="eb3fbb45-8257-f4b8-0975-042f859a72bf">
      <Execution id="f38981dc-d67b-4d79-9080-6590d780db1b" />
      <TestMethod codeBase="D:\SFERRARI\01 - TRABAJO\repos\netcore\libs\template-netcore-shared\Kitpymes.Core.Shared.Tests\bin\Release\netcoreapp3.0\Kitpymes.Core.Shared.Tests.dll" adapterTypeName="executor://mstestadapter/v2" className="Kitpymes.Core.Shared.Tests.GenericExtensionsTests" name="ToDictionaryPropertyInfo_Passing_Object_Not_IncludeNullOrEmptyProperty_Returns_Properties_NameAndValue_Dictionary" />
    </UnitTest>
    <UnitTest name="ResultError_WithTitle_WithStatusCode_WithDetails_WithExceptionType_WithMessages_WithErrors" storage="d:\sferrari\01 - trabajo\repos\netcore\libs\template-netcore-shared\kitpymes.core.shared.tests\bin\release\netcoreapp3.0\kitpymes.core.shared.tests.dll" id="071a93ca-ce4d-3349-fe5a-5052bf3ce103">
      <Execution id="0adbba0d-80f7-43b8-8158-b3b306825847" />
      <TestMethod codeBase="D:\SFERRARI\01 - TRABAJO\repos\netcore\libs\template-netcore-shared\Kitpymes.Core.Shared.Tests\bin\Release\netcoreapp3.0\Kitpymes.Core.Shared.Tests.dll" adapterTypeName="executor://mstestadapter/v2" className="Kitpymes.Core.Shared.Tests.ResultTest" name="ResultError_WithTitle_WithStatusCode_WithDetails_WithExceptionType_WithMessages_WithErrors" />
    </UnitTest>
    <UnitTest name="CreateAndVerifySHA256_Passing_Valid_Arguments_Returns_True" storage="d:\sferrari\01 - trabajo\repos\netcore\libs\template-netcore-shared\kitpymes.core.shared.tests\bin\release\netcoreapp3.0\kitpymes.core.shared.tests.dll" id="cf950ab2-9fe4-ec30-43b4-2f3a99b5167d">
      <Execution id="809d3f61-754c-4008-bc00-f3843a5bfaec" />
      <TestMethod codeBase="D:\SFERRARI\01 - TRABAJO\repos\netcore\libs\template-netcore-shared\Kitpymes.Core.Shared.Tests\bin\Release\netcoreapp3.0\Kitpymes.Core.Shared.Tests.dll" adapterTypeName="executor://mstestadapter/v2" className="Kitpymes.Core.Shared.Tests.HashTests" name="CreateAndVerifySHA256_Passing_Valid_Arguments_Returns_True" />
    </UnitTest>
    <UnitTest name="ToEmailMaskUserNameAndDomain_Passing_ValidEmail_Returns_EmailWithMask" storage="d:\sferrari\01 - trabajo\repos\netcore\libs\template-netcore-shared\kitpymes.core.shared.tests\bin\release\netcoreapp3.0\kitpymes.core.shared.tests.dll" id="e8138724-52f6-6999-ada4-cbc441f2cd15">
      <Execution id="c397806f-d56a-4618-907a-7ee167a808f5" />
      <TestMethod codeBase="D:\SFERRARI\01 - TRABAJO\repos\netcore\libs\template-netcore-shared\Kitpymes.Core.Shared.Tests\bin\Release\netcoreapp3.0\Kitpymes.Core.Shared.Tests.dll" adapterTypeName="executor://mstestadapter/v2" className="Kitpymes.Core.Shared.Tests.StringExtensionsTests" name="ToEmailMaskUserNameAndDomain_Passing_ValidEmail_Returns_EmailWithMask" />
    </UnitTest>
    <UnitTest name="ToReplaceSpecialChars_Passing_ValidValue_Returns_ReplacedValueWithoutIgnoreSpecialChars" storage="d:\sferrari\01 - trabajo\repos\netcore\libs\template-netcore-shared\kitpymes.core.shared.tests\bin\release\netcoreapp3.0\kitpymes.core.shared.tests.dll" id="29112d2a-2e73-305d-ec50-12fc95c28627">
      <Execution id="bbd00c03-5f5e-4677-a131-86de73df36b2" />
      <TestMethod codeBase="D:\SFERRARI\01 - TRABAJO\repos\netcore\libs\template-netcore-shared\Kitpymes.Core.Shared.Tests\bin\Release\netcoreapp3.0\Kitpymes.Core.Shared.Tests.dll" adapterTypeName="executor://mstestadapter/v2" className="Kitpymes.Core.Shared.Tests.StringExtensionsTests" name="ToReplaceSpecialChars_Passing_ValidValue_Returns_ReplacedValueWithoutIgnoreSpecialChars" />
    </UnitTest>
    <UnitTest name="ToTryGetHeader_Passing_HttpRequest_Header_Many_Values_Returns_Values" storage="d:\sferrari\01 - trabajo\repos\netcore\libs\template-netcore-shared\kitpymes.core.shared.tests\bin\release\netcoreapp3.0\kitpymes.core.shared.tests.dll" id="db5f34ff-df7c-44e5-6721-c319db8d6da0">
      <Execution id="6bace2ff-9077-4c63-9272-cc5c26589299" />
      <TestMethod codeBase="D:\SFERRARI\01 - TRABAJO\repos\netcore\libs\template-netcore-shared\Kitpymes.Core.Shared.Tests\bin\Release\netcoreapp3.0\Kitpymes.Core.Shared.Tests.dll" adapterTypeName="executor://mstestadapter/v2" className="Kitpymes.Core.Shared.Tests.HttpRequestExtensionsTests" name="ToTryGetHeader_Passing_HttpRequest_Header_Many_Values_Returns_Values" />
    </UnitTest>
    <UnitTest name="ToDefaultValue_Passing_ulong_Returns_Cero" storage="d:\sferrari\01 - trabajo\repos\netcore\libs\template-netcore-shared\kitpymes.core.shared.tests\bin\release\netcoreapp3.0\kitpymes.core.shared.tests.dll" id="aeb559a5-c285-7ab9-baee-1cb152d1742f">
      <Execution id="fac5d052-4291-4caa-b2d3-49562915d489" />
      <TestMethod codeBase="D:\SFERRARI\01 - TRABAJO\repos\netcore\libs\template-netcore-shared\Kitpymes.Core.Shared.Tests\bin\Release\netcoreapp3.0\Kitpymes.Core.Shared.Tests.dll" adapterTypeName="executor://mstestadapter/v2" className="Kitpymes.Core.Shared.Tests.GenericExtensionsTests" name="ToDefaultValue_Passing_ulong_Returns_Cero" />
    </UnitTest>
    <UnitTest name="ToIsNullOrEmptyThrow_Passing_InvalidValue_Returns_ApplicationExceptionWithMessage" storage="d:\sferrari\01 - trabajo\repos\netcore\libs\template-netcore-shared\kitpymes.core.shared.tests\bin\release\netcoreapp3.0\kitpymes.core.shared.tests.dll" id="580ff04a-e5c0-9f2f-90c3-4f2aeafd15c5">
      <Execution id="96d5d04e-334e-4515-b92b-69741ff97d15" />
      <TestMethod codeBase="D:\SFERRARI\01 - TRABAJO\repos\netcore\libs\template-netcore-shared\Kitpymes.Core.Shared.Tests\bin\Release\netcoreapp3.0\Kitpymes.Core.Shared.Tests.dll" adapterTypeName="executor://mstestadapter/v2" className="Kitpymes.Core.Shared.Tests.CheckExtensionsTests" name="ToIsNullOrEmptyThrow_Passing_InvalidValue_Returns_ApplicationExceptionWithMessage" />
    </UnitTest>
    <UnitTest name="ToDictionaryPropertyInfo_Passing_Object_IncludeNullOrEmptyProperty_Returns_Properties_NameAndValue_Dictionary" storage="d:\sferrari\01 - trabajo\repos\netcore\libs\template-netcore-shared\kitpymes.core.shared.tests\bin\release\netcoreapp3.0\kitpymes.core.shared.tests.dll" id="a0ed43cd-0648-ddf9-c80e-52c6889ee049">
      <Execution id="760807f1-0d15-4ded-977f-6d0d9e0690ce" />
      <TestMethod codeBase="D:\SFERRARI\01 - TRABAJO\repos\netcore\libs\template-netcore-shared\Kitpymes.Core.Shared.Tests\bin\Release\netcoreapp3.0\Kitpymes.Core.Shared.Tests.dll" adapterTypeName="executor://mstestadapter/v2" className="Kitpymes.Core.Shared.Tests.GenericExtensionsTests" name="ToDictionaryPropertyInfo_Passing_Object_IncludeNullOrEmptyProperty_Returns_Properties_NameAndValue_Dictionary" />
    </UnitTest>
    <UnitTest name="ToEnvironment_ServiceCollection_Passing_Custom_Enviroment_Returns_Custom_Name" storage="d:\sferrari\01 - trabajo\repos\netcore\libs\template-netcore-shared\kitpymes.core.shared.tests\bin\release\netcoreapp3.0\kitpymes.core.shared.tests.dll" id="21ae5425-e2d1-002f-334f-105a6a674a01">
      <Execution id="17a634b2-7b5b-4be1-b2e8-ededecf44f4c" />
      <TestMethod codeBase="D:\SFERRARI\01 - TRABAJO\repos\netcore\libs\template-netcore-shared\Kitpymes.Core.Shared.Tests\bin\Release\netcoreapp3.0\Kitpymes.Core.Shared.Tests.dll" adapterTypeName="executor://mstestadapter/v2" className="Kitpymes.Core.Shared.Tests.ConfigurationBuilderExtensionsTests" name="ToEnvironment_ServiceCollection_Passing_Custom_Enviroment_Returns_Custom_Name" />
    </UnitTest>
    <UnitTest name="ToAuthenticationType_Passing_Claims_Returns_Null" storage="d:\sferrari\01 - trabajo\repos\netcore\libs\template-netcore-shared\kitpymes.core.shared.tests\bin\release\netcoreapp3.0\kitpymes.core.shared.tests.dll" id="34e0940c-fc9c-71db-fc18-7d52ee8761a0">
      <Execution id="0f2467f7-fa0b-433a-b000-0d1783337a26" />
      <TestMethod codeBase="D:\SFERRARI\01 - TRABAJO\repos\netcore\libs\template-netcore-shared\Kitpymes.Core.Shared.Tests\bin\Release\netcoreapp3.0\Kitpymes.Core.Shared.Tests.dll" adapterTypeName="executor://mstestadapter/v2" className="Kitpymes.Core.Shared.Tests.ClaimsPrincipalExtensionsTests" name="ToAuthenticationType_Passing_Claims_Returns_Null" />
    </UnitTest>
    <UnitTest name="ToPaged_Passing_Age_Descending_Order_Returns_Filter_List" storage="d:\sferrari\01 - trabajo\repos\netcore\libs\template-netcore-shared\kitpymes.core.shared.tests\bin\release\netcoreapp3.0\kitpymes.core.shared.tests.dll" id="e53d2439-2080-43bd-e38b-a60253b60af1">
      <Execution id="b291ce84-f088-4036-bba3-a25b0c285b02" />
      <TestMethod codeBase="D:\SFERRARI\01 - TRABAJO\repos\netcore\libs\template-netcore-shared\Kitpymes.Core.Shared.Tests\bin\Release\netcoreapp3.0\Kitpymes.Core.Shared.Tests.dll" adapterTypeName="executor://mstestadapter/v2" className="Kitpymes.Core.Shared.Tests.QueryableExtensionsTests" name="ToPaged_Passing_Age_Descending_Order_Returns_Filter_List" />
    </UnitTest>
    <UnitTest name="IsHostname_Passing_ValidArguments_Returns_HasErrorsAndCount" storage="d:\sferrari\01 - trabajo\repos\netcore\libs\template-netcore-shared\kitpymes.core.shared.tests\bin\release\netcoreapp3.0\kitpymes.core.shared.tests.dll" id="46df7735-43c3-1f8d-197a-cd21c82e5889">
      <Execution id="d07c75b3-0b0e-420e-a2f6-8b12d1079c1d" />
      <TestMethod codeBase="D:\SFERRARI\01 - TRABAJO\repos\netcore\libs\template-netcore-shared\Kitpymes.Core.Shared.Tests\bin\Release\netcoreapp3.0\Kitpymes.Core.Shared.Tests.dll" adapterTypeName="executor://mstestadapter/v2" className="Kitpymes.Core.Shared.Tests.CheckTests" name="IsHostname_Passing_ValidArguments_Returns_HasErrorsAndCount" />
    </UnitTest>
    <UnitTest name="IsRange_Passing_InvalidArguments_Returns_HasErrorsAndCount" storage="d:\sferrari\01 - trabajo\repos\netcore\libs\template-netcore-shared\kitpymes.core.shared.tests\bin\release\netcoreapp3.0\kitpymes.core.shared.tests.dll" id="8a5cc6e0-e73e-2131-64bd-e73fc6c2a32e">
      <Execution id="4f5b2480-ad66-4e21-8118-c280599c9ce6" />
      <TestMethod codeBase="D:\SFERRARI\01 - TRABAJO\repos\netcore\libs\template-netcore-shared\Kitpymes.Core.Shared.Tests\bin\Release\netcoreapp3.0\Kitpymes.Core.Shared.Tests.dll" adapterTypeName="executor://mstestadapter/v2" className="Kitpymes.Core.Shared.Tests.CheckTests" name="IsRange_Passing_InvalidArguments_Returns_HasErrorsAndCount" />
    </UnitTest>
    <UnitTest name="ToUri_Passing_ValidValueString_Returns_Uri" storage="d:\sferrari\01 - trabajo\repos\netcore\libs\template-netcore-shared\kitpymes.core.shared.tests\bin\release\netcoreapp3.0\kitpymes.core.shared.tests.dll" id="30809299-0e3e-4ac7-4a2a-6f8c296d2226">
      <Execution id="b487d3b5-3fc2-46ed-8c76-cc2323109c2d" />
      <TestMethod codeBase="D:\SFERRARI\01 - TRABAJO\repos\netcore\libs\template-netcore-shared\Kitpymes.Core.Shared.Tests\bin\Release\netcoreapp3.0\Kitpymes.Core.Shared.Tests.dll" adapterTypeName="executor://mstestadapter/v2" className="Kitpymes.Core.Shared.Tests.StringExtensionsTests" name="ToUri_Passing_ValidValueString_Returns_Uri" />
    </UnitTest>
    <UnitTest name="CreateAndVerifySHA512_Passing_Valid_Arguments_Returns_True" storage="d:\sferrari\01 - trabajo\repos\netcore\libs\template-netcore-shared\kitpymes.core.shared.tests\bin\release\netcoreapp3.0\kitpymes.core.shared.tests.dll" id="6088101f-62c5-69c8-6751-05523b132d06">
      <Execution id="331b3db6-6af3-46ff-86f8-ff6f6d2566a8" />
      <TestMethod codeBase="D:\SFERRARI\01 - TRABAJO\repos\netcore\libs\template-netcore-shared\Kitpymes.Core.Shared.Tests\bin\Release\netcoreapp3.0\Kitpymes.Core.Shared.Tests.dll" adapterTypeName="executor://mstestadapter/v2" className="Kitpymes.Core.Shared.Tests.HashTests" name="CreateAndVerifySHA512_Passing_Valid_Arguments_Returns_True" />
    </UnitTest>
    <UnitTest name="ToIsAuthenticated_Passing_Null_ClaimsPrincipal_Returns_ApplicationException" storage="d:\sferrari\01 - trabajo\repos\netcore\libs\template-netcore-shared\kitpymes.core.shared.tests\bin\release\netcoreapp3.0\kitpymes.core.shared.tests.dll" id="a702dc43-b5af-c889-d32e-e69ee2d100af">
      <Execution id="834b1ab8-d0a1-4f3c-ab01-2a7f4dc65d82" />
      <TestMethod codeBase="D:\SFERRARI\01 - TRABAJO\repos\netcore\libs\template-netcore-shared\Kitpymes.Core.Shared.Tests\bin\Release\netcoreapp3.0\Kitpymes.Core.Shared.Tests.dll" adapterTypeName="executor://mstestadapter/v2" className="Kitpymes.Core.Shared.Tests.ClaimsPrincipalExtensionsTests" name="ToIsAuthenticated_Passing_Null_ClaimsPrincipal_Returns_ApplicationException" />
    </UnitTest>
    <UnitTest name="ToList_Passing_ValidEnumTypeWithSelectedValueWithResourceType_Returns_ValuesList" storage="d:\sferrari\01 - trabajo\repos\netcore\libs\template-netcore-shared\kitpymes.core.shared.tests\bin\release\netcoreapp3.0\kitpymes.core.shared.tests.dll" id="9af963da-8209-d683-34a5-be793bc59993">
      <Execution id="90e8f07d-417a-42af-81c8-027e3043250d" />
      <TestMethod codeBase="D:\SFERRARI\01 - TRABAJO\repos\netcore\libs\template-netcore-shared\Kitpymes.Core.Shared.Tests\bin\Release\netcoreapp3.0\Kitpymes.Core.Shared.Tests.dll" adapterTypeName="executor://mstestadapter/v2" className="Kitpymes.Core.Shared.Tests.EnumsTests" name="ToList_Passing_ValidEnumTypeWithSelectedValueWithResourceType_Returns_ValuesList" />
    </UnitTest>
    <UnitTest name="ToResultAsync_Passing_StatusCodeAnd_MessageAndContentTypeAndHeader_Values_Returns_Values" storage="d:\sferrari\01 - trabajo\repos\netcore\libs\template-netcore-shared\kitpymes.core.shared.tests\bin\release\netcoreapp3.0\kitpymes.core.shared.tests.dll" id="161f5d07-7835-e575-5072-b9d787ef451c">
      <Execution id="5f4ec7e6-f7fa-493a-888a-4087b4439f80" />
      <TestMethod codeBase="D:\SFERRARI\01 - TRABAJO\repos\netcore\libs\template-netcore-shared\Kitpymes.Core.Shared.Tests\bin\Release\netcoreapp3.0\Kitpymes.Core.Shared.Tests.dll" adapterTypeName="executor://mstestadapter/v2" className="Kitpymes.Core.Shared.Tests.HttpResponseExtensionsTests" name="ToResultAsync_Passing_StatusCodeAnd_MessageAndContentTypeAndHeader_Values_Returns_Values" />
    </UnitTest>
    <UnitTest name="CreateRandom_WithCustomAllowableCharacters_Passing_Valid_Arguments_Returns_String_Random_Value" storage="d:\sferrari\01 - trabajo\repos\netcore\libs\template-netcore-shared\kitpymes.core.shared.tests\bin\release\netcoreapp3.0\kitpymes.core.shared.tests.dll" id="430dec51-b9df-7e06-fff9-78e6d362c2d8">
      <Execution id="afda7a17-cfc9-46a1-887a-127cfca19b9c" />
      <TestMethod codeBase="D:\SFERRARI\01 - TRABAJO\repos\netcore\libs\template-netcore-shared\Kitpymes.Core.Shared.Tests\bin\Release\netcoreapp3.0\Kitpymes.Core.Shared.Tests.dll" adapterTypeName="executor://mstestadapter/v2" className="Kitpymes.Core.Shared.Tests.HashTests" name="CreateRandom_WithCustomAllowableCharacters_Passing_Valid_Arguments_Returns_String_Random_Value" />
    </UnitTest>
    <UnitTest name="IsDomain_Passing_InvalidArguments_Returns_HasErrorsAndCount" storage="d:\sferrari\01 - trabajo\repos\netcore\libs\template-netcore-shared\kitpymes.core.shared.tests\bin\release\netcoreapp3.0\kitpymes.core.shared.tests.dll" id="3bd7277d-4ad0-51ee-d24c-53176ec3cc7f">
      <Execution id="157b7cbc-7371-4f18-9167-36897b6602f4" />
      <TestMethod codeBase="D:\SFERRARI\01 - TRABAJO\repos\netcore\libs\template-netcore-shared\Kitpymes.Core.Shared.Tests\bin\Release\netcoreapp3.0\Kitpymes.Core.Shared.Tests.dll" adapterTypeName="executor://mstestadapter/v2" className="Kitpymes.Core.Shared.Tests.CheckTests" name="IsDomain_Passing_InvalidArguments_Returns_HasErrorsAndCount" />
    </UnitTest>
    <UnitTest name="IsEmail_Passing_InvalidArguments_Returns_HasErrorsAndCount" storage="d:\sferrari\01 - trabajo\repos\netcore\libs\template-netcore-shared\kitpymes.core.shared.tests\bin\release\netcoreapp3.0\kitpymes.core.shared.tests.dll" id="180814cc-22f9-91b2-cd9a-f54be7e1ba18">
      <Execution id="59796d9a-360e-430e-8c96-5207f798013f" />
      <TestMethod codeBase="D:\SFERRARI\01 - TRABAJO\repos\netcore\libs\template-netcore-shared\Kitpymes.Core.Shared.Tests\bin\Release\netcoreapp3.0\Kitpymes.Core.Shared.Tests.dll" adapterTypeName="executor://mstestadapter/v2" className="Kitpymes.Core.Shared.Tests.CheckTests" name="IsEmail_Passing_InvalidArguments_Returns_HasErrorsAndCount" />
    </UnitTest>
    <UnitTest name="ToIsAuthenticated_Passing_Claims_Returns_True" storage="d:\sferrari\01 - trabajo\repos\netcore\libs\template-netcore-shared\kitpymes.core.shared.tests\bin\release\netcoreapp3.0\kitpymes.core.shared.tests.dll" id="a75e991f-5e03-3949-85d6-afa1f14455d4">
      <Execution id="b741b9db-1584-4c46-9751-3f5ca015d664" />
      <TestMethod codeBase="D:\SFERRARI\01 - TRABAJO\repos\netcore\libs\template-netcore-shared\Kitpymes.Core.Shared.Tests\bin\Release\netcoreapp3.0\Kitpymes.Core.Shared.Tests.dll" adapterTypeName="executor://mstestadapter/v2" className="Kitpymes.Core.Shared.Tests.ClaimsPrincipalExtensionsTests" name="ToIsAuthenticated_Passing_Claims_Returns_True" />
    </UnitTest>
    <UnitTest name="ToContentType_Passing_ValidValueString_Returns_ContentType" storage="d:\sferrari\01 - trabajo\repos\netcore\libs\template-netcore-shared\kitpymes.core.shared.tests\bin\release\netcoreapp3.0\kitpymes.core.shared.tests.dll" id="7be8a004-8e29-0f01-8ada-f15377193150">
      <Execution id="bd79aff2-9b9f-44fd-b1d1-e5982053d995" />
      <TestMethod codeBase="D:\SFERRARI\01 - TRABAJO\repos\netcore\libs\template-netcore-shared\Kitpymes.Core.Shared.Tests\bin\Release\netcoreapp3.0\Kitpymes.Core.Shared.Tests.dll" adapterTypeName="executor://mstestadapter/v2" className="Kitpymes.Core.Shared.Tests.StringExtensionsTests" name="ToContentType_Passing_ValidValueString_Returns_ContentType" />
    </UnitTest>
    <UnitTest name="ToConfiguration_Passing_Empty_DirectoryPath_Returns_ApplicationException" storage="d:\sferrari\01 - trabajo\repos\netcore\libs\template-netcore-shared\kitpymes.core.shared.tests\bin\release\netcoreapp3.0\kitpymes.core.shared.tests.dll" id="5c861184-f295-e727-0fd4-d218f13da14d">
      <Execution id="ed19fa42-5d76-4fb1-b70f-1d26a27abb45" />
      <TestMethod codeBase="D:\SFERRARI\01 - TRABAJO\repos\netcore\libs\template-netcore-shared\Kitpymes.Core.Shared.Tests\bin\Release\netcoreapp3.0\Kitpymes.Core.Shared.Tests.dll" adapterTypeName="executor://mstestadapter/v2" className="Kitpymes.Core.Shared.Tests.ConfigurationBuilderExtensionsTests" name="ToConfiguration_Passing_Empty_DirectoryPath_Returns_ApplicationException" />
    </UnitTest>
    <UnitTest name="CreateSHA256_Passing_Invalid_Arguments_Returns_ApplicationException" storage="d:\sferrari\01 - trabajo\repos\netcore\libs\template-netcore-shared\kitpymes.core.shared.tests\bin\release\netcoreapp3.0\kitpymes.core.shared.tests.dll" id="77fe17c3-3cf8-a189-4d95-b2e0d3ca9579">
      <Execution id="1793aa2b-9fb2-4cb5-a54f-025b230be0fe" />
      <TestMethod codeBase="D:\SFERRARI\01 - TRABAJO\repos\netcore\libs\template-netcore-shared\Kitpymes.Core.Shared.Tests\bin\Release\netcoreapp3.0\Kitpymes.Core.Shared.Tests.dll" adapterTypeName="executor://mstestadapter/v2" className="Kitpymes.Core.Shared.Tests.HashTests" name="CreateSHA256_Passing_Invalid_Arguments_Returns_ApplicationException" />
    </UnitTest>
    <UnitTest name="IsSubdomain_Passing_ValidArguments_Returns_HasErrorsAndCount" storage="d:\sferrari\01 - trabajo\repos\netcore\libs\template-netcore-shared\kitpymes.core.shared.tests\bin\release\netcoreapp3.0\kitpymes.core.shared.tests.dll" id="725d136c-3e7a-6e51-fc61-03203ffec0b5">
      <Execution id="350fbdea-bd17-444a-91dd-47c3693424d6" />
      <TestMethod codeBase="D:\SFERRARI\01 - TRABAJO\repos\netcore\libs\template-netcore-shared\Kitpymes.Core.Shared.Tests\bin\Release\netcoreapp3.0\Kitpymes.Core.Shared.Tests.dll" adapterTypeName="executor://mstestadapter/v2" className="Kitpymes.Core.Shared.Tests.CheckTests" name="IsSubdomain_Passing_ValidArguments_Returns_HasErrorsAndCount" />
    </UnitTest>
    <UnitTest name="ToHashAlgorithmName_Passing_InvalidValueStringWithDefaultValue_Returns_DefaultValue" storage="d:\sferrari\01 - trabajo\repos\netcore\libs\template-netcore-shared\kitpymes.core.shared.tests\bin\release\netcoreapp3.0\kitpymes.core.shared.tests.dll" id="ab527057-69f2-0a9a-89fd-18928a3920fd">
      <Execution id="0529ed7d-0836-47c4-a532-c33a13b51732" />
      <TestMethod codeBase="D:\SFERRARI\01 - TRABAJO\repos\netcore\libs\template-netcore-shared\Kitpymes.Core.Shared.Tests\bin\Release\netcoreapp3.0\Kitpymes.Core.Shared.Tests.dll" adapterTypeName="executor://mstestadapter/v2" className="Kitpymes.Core.Shared.Tests.StringExtensionsTests" name="ToHashAlgorithmName_Passing_InvalidValueStringWithDefaultValue_Returns_DefaultValue" />
    </UnitTest>
    <UnitTest name="ResultBadRequest_WithErrors_KeyValue" storage="d:\sferrari\01 - trabajo\repos\netcore\libs\template-netcore-shared\kitpymes.core.shared.tests\bin\release\netcoreapp3.0\kitpymes.core.shared.tests.dll" id="5ac755a3-81c6-56a5-464d-fd3393128598">
      <Execution id="f67cdda8-7430-4ddd-811c-bc6820be4c83" />
      <TestMethod codeBase="D:\SFERRARI\01 - TRABAJO\repos\netcore\libs\template-netcore-shared\Kitpymes.Core.Shared.Tests\bin\Release\netcoreapp3.0\Kitpymes.Core.Shared.Tests.dll" adapterTypeName="executor://mstestadapter/v2" className="Kitpymes.Core.Shared.Tests.ResultTest" name="ResultBadRequest_WithErrors_KeyValue" />
    </UnitTest>
    <UnitTest name="ToConfiguration_Passing_Invalid_DirectoryPath_Returns_ApplicationException" storage="d:\sferrari\01 - trabajo\repos\netcore\libs\template-netcore-shared\kitpymes.core.shared.tests\bin\release\netcoreapp3.0\kitpymes.core.shared.tests.dll" id="73904cd7-b09d-89fc-efca-330cb9d1d1b7">
      <Execution id="1aae6c6c-ee0d-4fe6-84e7-7635f4e876f8" />
      <TestMethod codeBase="D:\SFERRARI\01 - TRABAJO\repos\netcore\libs\template-netcore-shared\Kitpymes.Core.Shared.Tests\bin\Release\netcoreapp3.0\Kitpymes.Core.Shared.Tests.dll" adapterTypeName="executor://mstestadapter/v2" className="Kitpymes.Core.Shared.Tests.ConfigurationBuilderExtensionsTests" name="ToConfiguration_Passing_Invalid_DirectoryPath_Returns_ApplicationException" />
    </UnitTest>
    <UnitTest name="ToTryIPv6_Passing_HttpContext_IP_Value_Returns_IP" storage="d:\sferrari\01 - trabajo\repos\netcore\libs\template-netcore-shared\kitpymes.core.shared.tests\bin\release\netcoreapp3.0\kitpymes.core.shared.tests.dll" id="10024a68-25d4-872c-3e48-a6d6b2671494">
      <Execution id="4dcd7dfc-2a67-4493-af4e-8b9256e01485" />
      <TestMethod codeBase="D:\SFERRARI\01 - TRABAJO\repos\netcore\libs\template-netcore-shared\Kitpymes.Core.Shared.Tests\bin\Release\netcoreapp3.0\Kitpymes.Core.Shared.Tests.dll" adapterTypeName="executor://mstestadapter/v2" className="Kitpymes.Core.Shared.Tests.HttpContextExtensionsTests" name="ToTryIPv6_Passing_HttpContext_IP_Value_Returns_IP" />
    </UnitTest>
    <UnitTest name="ToConfiguration_Passing_Key_Values_Returns_Ok" storage="d:\sferrari\01 - trabajo\repos\netcore\libs\template-netcore-shared\kitpymes.core.shared.tests\bin\release\netcoreapp3.0\kitpymes.core.shared.tests.dll" id="66f7bc12-fe2b-fd81-3cbf-5bc4840aa6f8">
      <Execution id="fa812a83-3c5b-4062-8781-a596c47264ee" />
      <TestMethod codeBase="D:\SFERRARI\01 - TRABAJO\repos\netcore\libs\template-netcore-shared\Kitpymes.Core.Shared.Tests\bin\Release\netcoreapp3.0\Kitpymes.Core.Shared.Tests.dll" adapterTypeName="executor://mstestadapter/v2" className="Kitpymes.Core.Shared.Tests.ConfigurationBuilderExtensionsTests" name="ToConfiguration_Passing_Key_Values_Returns_Ok" />
    </UnitTest>
    <UnitTest name="ToEnum_Passing_InvalidValueInt_Returns_EnumCustomValue" storage="d:\sferrari\01 - trabajo\repos\netcore\libs\template-netcore-shared\kitpymes.core.shared.tests\bin\release\netcoreapp3.0\kitpymes.core.shared.tests.dll" id="1064d8aa-5d0e-6bf5-83ee-952a4d1fd93b">
      <Execution id="33673ab8-d069-4850-9b80-6051179c0bfc" />
      <TestMethod codeBase="D:\SFERRARI\01 - TRABAJO\repos\netcore\libs\template-netcore-shared\Kitpymes.Core.Shared.Tests\bin\Release\netcoreapp3.0\Kitpymes.Core.Shared.Tests.dll" adapterTypeName="executor://mstestadapter/v2" className="Kitpymes.Core.Shared.Tests.StringExtensionsTests" name="ToEnum_Passing_InvalidValueInt_Returns_EnumCustomValue" />
    </UnitTest>
    <UnitTest name="ResultOkData_WithData_WithMessage_WithDetails" storage="d:\sferrari\01 - trabajo\repos\netcore\libs\template-netcore-shared\kitpymes.core.shared.tests\bin\release\netcoreapp3.0\kitpymes.core.shared.tests.dll" id="859b5acf-9d8b-7620-f96f-ba83c1545a71">
      <Execution id="1d9330a0-8924-49ba-af51-4c51d9982b0d" />
      <TestMethod codeBase="D:\SFERRARI\01 - TRABAJO\repos\netcore\libs\template-netcore-shared\Kitpymes.Core.Shared.Tests\bin\Release\netcoreapp3.0\Kitpymes.Core.Shared.Tests.dll" adapterTypeName="executor://mstestadapter/v2" className="Kitpymes.Core.Shared.Tests.ResultTest" name="ResultOkData_WithData_WithMessage_WithDetails" />
    </UnitTest>
    <UnitTest name="ToMessage_Passing_ExceptionWithMessageWithInnerException_Returns_MessageAndInnerException" storage="d:\sferrari\01 - trabajo\repos\netcore\libs\template-netcore-shared\kitpymes.core.shared.tests\bin\release\netcoreapp3.0\kitpymes.core.shared.tests.dll" id="0d35441f-72fe-a777-509f-6a19632f972a">
      <Execution id="d39f6ec4-0c64-4d02-b96a-1cbced889a7b" />
      <TestMethod codeBase="D:\SFERRARI\01 - TRABAJO\repos\netcore\libs\template-netcore-shared\Kitpymes.Core.Shared.Tests\bin\Release\netcoreapp3.0\Kitpymes.Core.Shared.Tests.dll" adapterTypeName="executor://mstestadapter/v2" className="Kitpymes.Core.Shared.Tests.ExceptionExtensionsTests" name="ToMessage_Passing_ExceptionWithMessageWithInnerException_Returns_MessageAndInnerException" />
    </UnitTest>
    <UnitTest name="ToExists_Passing_Valid_Service_Returns_True" storage="d:\sferrari\01 - trabajo\repos\netcore\libs\template-netcore-shared\kitpymes.core.shared.tests\bin\release\netcoreapp3.0\kitpymes.core.shared.tests.dll" id="e2880a6e-7a01-b4ba-86fb-4d33be072972">
      <Execution id="90fb8a2a-1dfb-4986-b91a-388bfc8c6930" />
      <TestMethod codeBase="D:\SFERRARI\01 - TRABAJO\repos\netcore\libs\template-netcore-shared\Kitpymes.Core.Shared.Tests\bin\Release\netcoreapp3.0\Kitpymes.Core.Shared.Tests.dll" adapterTypeName="executor://mstestadapter/v2" className="Kitpymes.Core.Shared.Tests.ConfigurationBuilderExtensionsTests" name="ToExists_Passing_Valid_Service_Returns_True" />
    </UnitTest>
    <UnitTest name="ToPaged_Passing_Name_Ascending_Order_Returns_Filter_List" storage="d:\sferrari\01 - trabajo\repos\netcore\libs\template-netcore-shared\kitpymes.core.shared.tests\bin\release\netcoreapp3.0\kitpymes.core.shared.tests.dll" id="6fc389b2-a5f3-ded0-63b6-7e1b4cca8442">
      <Execution id="f6449499-0241-48d1-9a93-a3184d86820e" />
      <TestMethod codeBase="D:\SFERRARI\01 - TRABAJO\repos\netcore\libs\template-netcore-shared\Kitpymes.Core.Shared.Tests\bin\Release\netcoreapp3.0\Kitpymes.Core.Shared.Tests.dll" adapterTypeName="executor://mstestadapter/v2" className="Kitpymes.Core.Shared.Tests.QueryableExtensionsTests" name="ToPaged_Passing_Name_Ascending_Order_Returns_Filter_List" />
    </UnitTest>
    <UnitTest name="ToEnum_Passing_ValidValueInt_Returns_EnumValue" storage="d:\sferrari\01 - trabajo\repos\netcore\libs\template-netcore-shared\kitpymes.core.shared.tests\bin\release\netcoreapp3.0\kitpymes.core.shared.tests.dll" id="96f263a8-e1d9-0070-21ba-583144d2d030">
      <Execution id="b9d3b0ee-0de9-4866-9350-12b7c50f1e0c" />
      <TestMethod codeBase="D:\SFERRARI\01 - TRABAJO\repos\netcore\libs\template-netcore-shared\Kitpymes.Core.Shared.Tests\bin\Release\netcoreapp3.0\Kitpymes.Core.Shared.Tests.dll" adapterTypeName="executor://mstestadapter/v2" className="Kitpymes.Core.Shared.Tests.StringExtensionsTests" name="ToEnum_Passing_ValidValueInt_Returns_EnumValue" />
    </UnitTest>
    <UnitTest name="ToDirectoryFileInfo_Passing_ValidValue_Returns_FileInfo" storage="d:\sferrari\01 - trabajo\repos\netcore\libs\template-netcore-shared\kitpymes.core.shared.tests\bin\release\netcoreapp3.0\kitpymes.core.shared.tests.dll" id="7daaba64-d3ad-9109-43bf-bdb516b673b8">
      <Execution id="49a343b4-acd4-431d-a116-57a9e45c5f7d" />
      <TestMethod codeBase="D:\SFERRARI\01 - TRABAJO\repos\netcore\libs\template-netcore-shared\Kitpymes.Core.Shared.Tests\bin\Release\netcoreapp3.0\Kitpymes.Core.Shared.Tests.dll" adapterTypeName="executor://mstestadapter/v2" className="Kitpymes.Core.Shared.Tests.StringExtensionsTests" name="ToDirectoryFileInfo_Passing_ValidValue_Returns_FileInfo" />
    </UnitTest>
    <UnitTest name="ToDefaultValue_Passing_float_Returns_Cero" storage="d:\sferrari\01 - trabajo\repos\netcore\libs\template-netcore-shared\kitpymes.core.shared.tests\bin\release\netcoreapp3.0\kitpymes.core.shared.tests.dll" id="e0f7dcd9-f363-be9c-de11-457f6a575bee">
      <Execution id="c3f9ac5e-be02-48ab-9638-001a5500a44a" />
      <TestMethod codeBase="D:\SFERRARI\01 - TRABAJO\repos\netcore\libs\template-netcore-shared\Kitpymes.Core.Shared.Tests\bin\Release\netcoreapp3.0\Kitpymes.Core.Shared.Tests.dll" adapterTypeName="executor://mstestadapter/v2" className="Kitpymes.Core.Shared.Tests.GenericExtensionsTests" name="ToDefaultValue_Passing_float_Returns_Cero" />
    </UnitTest>
    <UnitTest name="ToDefaultValue_Passing_decimal_Returns_Cero" storage="d:\sferrari\01 - trabajo\repos\netcore\libs\template-netcore-shared\kitpymes.core.shared.tests\bin\release\netcoreapp3.0\kitpymes.core.shared.tests.dll" id="334e3485-05b4-4549-cacd-aef8fff10757">
      <Execution id="e4d362c9-1b6b-4360-aff4-cf57d4b5b9b2" />
      <TestMethod codeBase="D:\SFERRARI\01 - TRABAJO\repos\netcore\libs\template-netcore-shared\Kitpymes.Core.Shared.Tests\bin\Release\netcoreapp3.0\Kitpymes.Core.Shared.Tests.dll" adapterTypeName="executor://mstestadapter/v2" className="Kitpymes.Core.Shared.Tests.GenericExtensionsTests" name="ToDefaultValue_Passing_decimal_Returns_Cero" />
    </UnitTest>
    <UnitTest name="ToString_Passing_Valid_Collection_Returns_String_With_Default_Separator" storage="d:\sferrari\01 - trabajo\repos\netcore\libs\template-netcore-shared\kitpymes.core.shared.tests\bin\release\netcoreapp3.0\kitpymes.core.shared.tests.dll" id="07d50dfb-3195-c832-23d2-97ae667f2010">
      <Execution id="ac642976-cd54-49f0-8acd-6cf14ea65284" />
      <TestMethod codeBase="D:\SFERRARI\01 - TRABAJO\repos\netcore\libs\template-netcore-shared\Kitpymes.Core.Shared.Tests\bin\Release\netcoreapp3.0\Kitpymes.Core.Shared.Tests.dll" adapterTypeName="executor://mstestadapter/v2" className="Kitpymes.Core.Shared.Tests.EnumerableExtensionsTests" name="ToString_Passing_Valid_Collection_Returns_String_With_Default_Separator" />
    </UnitTest>
    <UnitTest name="ToServiceMatchingInterface_Passing_Valid_Assembly_Returns_Service" storage="d:\sferrari\01 - trabajo\repos\netcore\libs\template-netcore-shared\kitpymes.core.shared.tests\bin\release\netcoreapp3.0\kitpymes.core.shared.tests.dll" id="845c887e-a785-555d-db89-1c2975a33bbb">
      <Execution id="cc7942e4-2ff5-4f77-9e03-6d2c0d5cfdea" />
      <TestMethod codeBase="D:\SFERRARI\01 - TRABAJO\repos\netcore\libs\template-netcore-shared\Kitpymes.Core.Shared.Tests\bin\Release\netcoreapp3.0\Kitpymes.Core.Shared.Tests.dll" adapterTypeName="executor://mstestadapter/v2" className="Kitpymes.Core.Shared.Tests.ConfigurationBuilderExtensionsTests" name="ToServiceMatchingInterface_Passing_Valid_Assembly_Returns_Service" />
    </UnitTest>
    <UnitTest name="ToSetTime_Passing_Time_Int_Returns_DateTime" storage="d:\sferrari\01 - trabajo\repos\netcore\libs\template-netcore-shared\kitpymes.core.shared.tests\bin\release\netcoreapp3.0\kitpymes.core.shared.tests.dll" id="1761ee10-7c34-b565-b889-1885bffe91c3">
      <Execution id="d5218585-9b1c-45eb-955f-0ff576ef00fc" />
      <TestMethod codeBase="D:\SFERRARI\01 - TRABAJO\repos\netcore\libs\template-netcore-shared\Kitpymes.Core.Shared.Tests\bin\Release\netcoreapp3.0\Kitpymes.Core.Shared.Tests.dll" adapterTypeName="executor://mstestadapter/v2" className="Kitpymes.Core.Shared.Tests.DateTimeExtensionsTests" name="ToSetTime_Passing_Time_Int_Returns_DateTime" />
    </UnitTest>
    <UnitTest name="ToFormat_Passing_ValidTimeSpanValue_Returns_ValueWithFormatString" storage="d:\sferrari\01 - trabajo\repos\netcore\libs\template-netcore-shared\kitpymes.core.shared.tests\bin\release\netcoreapp3.0\kitpymes.core.shared.tests.dll" id="ede15cdf-3d1b-3e1a-18dc-485a2d50fe42">
      <Execution id="3a0d2026-0bf9-46d5-a396-2953d58ad752" />
      <TestMethod codeBase="D:\SFERRARI\01 - TRABAJO\repos\netcore\libs\template-netcore-shared\Kitpymes.Core.Shared.Tests\bin\Release\netcoreapp3.0\Kitpymes.Core.Shared.Tests.dll" adapterTypeName="executor://mstestadapter/v2" className="Kitpymes.Core.Shared.Tests.TimeSpanExtensionsTests" name="ToFormat_Passing_ValidTimeSpanValue_Returns_ValueWithFormatString" />
    </UnitTest>
    <UnitTest name="IsCustom_Passing_InvalidArguments_Returns_HasErrorsAndCount" storage="d:\sferrari\01 - trabajo\repos\netcore\libs\template-netcore-shared\kitpymes.core.shared.tests\bin\release\netcoreapp3.0\kitpymes.core.shared.tests.dll" id="772d3145-280a-fb9f-03c2-247d0f593a66">
      <Execution id="bb5c4e94-d3ac-42b0-b452-19da8fb62c78" />
      <TestMethod codeBase="D:\SFERRARI\01 - TRABAJO\repos\netcore\libs\template-netcore-shared\Kitpymes.Core.Shared.Tests\bin\Release\netcoreapp3.0\Kitpymes.Core.Shared.Tests.dll" adapterTypeName="executor://mstestadapter/v2" className="Kitpymes.Core.Shared.Tests.CheckTests" name="IsCustom_Passing_InvalidArguments_Returns_HasErrorsAndCount" />
    </UnitTest>
    <UnitTest name="ToPath_Passing_HttpRequest_Scheme_Host_Path_Returns_Url" storage="d:\sferrari\01 - trabajo\repos\netcore\libs\template-netcore-shared\kitpymes.core.shared.tests\bin\release\netcoreapp3.0\kitpymes.core.shared.tests.dll" id="5385d994-9594-6052-11cb-73f8d2344981">
      <Execution id="c8533f34-3a5e-4c51-bb42-acfbbdb074b1" />
      <TestMethod codeBase="D:\SFERRARI\01 - TRABAJO\repos\netcore\libs\template-netcore-shared\Kitpymes.Core.Shared.Tests\bin\Release\netcoreapp3.0\Kitpymes.Core.Shared.Tests.dll" adapterTypeName="executor://mstestadapter/v2" className="Kitpymes.Core.Shared.Tests.HttpRequestExtensionsTests" name="ToPath_Passing_HttpRequest_Scheme_Host_Path_Returns_Url" />
    </UnitTest>
    <UnitTest name="ToDefaultValue_Passing_uint_Returns_Cero" storage="d:\sferrari\01 - trabajo\repos\netcore\libs\template-netcore-shared\kitpymes.core.shared.tests\bin\release\netcoreapp3.0\kitpymes.core.shared.tests.dll" id="f828057e-351a-48b7-0028-e57f15c7217e">
      <Execution id="b36879b9-ec9e-4285-9d23-3ae7ab62dadb" />
      <TestMethod codeBase="D:\SFERRARI\01 - TRABAJO\repos\netcore\libs\template-netcore-shared\Kitpymes.Core.Shared.Tests\bin\Release\netcoreapp3.0\Kitpymes.Core.Shared.Tests.dll" adapterTypeName="executor://mstestadapter/v2" className="Kitpymes.Core.Shared.Tests.GenericExtensionsTests" name="ToDefaultValue_Passing_uint_Returns_Cero" />
    </UnitTest>
    <UnitTest name="ToDefaultValue_Passing_byte_Returns_Cero" storage="d:\sferrari\01 - trabajo\repos\netcore\libs\template-netcore-shared\kitpymes.core.shared.tests\bin\release\netcoreapp3.0\kitpymes.core.shared.tests.dll" id="6c59b811-73c0-2540-9661-8c8f2a459ff2">
      <Execution id="f635ed88-2ae5-4696-9969-8f02cf5e8907" />
      <TestMethod codeBase="D:\SFERRARI\01 - TRABAJO\repos\netcore\libs\template-netcore-shared\Kitpymes.Core.Shared.Tests\bin\Release\netcoreapp3.0\Kitpymes.Core.Shared.Tests.dll" adapterTypeName="executor://mstestadapter/v2" className="Kitpymes.Core.Shared.Tests.GenericExtensionsTests" name="ToDefaultValue_Passing_byte_Returns_Cero" />
    </UnitTest>
    <UnitTest name="ToSettings_Passing_Values_From_AppSettingsFile_Returns_Settings" storage="d:\sferrari\01 - trabajo\repos\netcore\libs\template-netcore-shared\kitpymes.core.shared.tests\bin\release\netcoreapp3.0\kitpymes.core.shared.tests.dll" id="1577c538-d1be-5b59-2b09-8e59b0be5fcd">
      <Execution id="c8332a1f-76df-4f75-95c6-59d426c67382" />
      <TestMethod codeBase="D:\SFERRARI\01 - TRABAJO\repos\netcore\libs\template-netcore-shared\Kitpymes.Core.Shared.Tests\bin\Release\netcoreapp3.0\Kitpymes.Core.Shared.Tests.dll" adapterTypeName="executor://mstestadapter/v2" className="Kitpymes.Core.Shared.Tests.ConfigurationBuilderExtensionsTests" name="ToSettings_Passing_Values_From_AppSettingsFile_Returns_Settings" />
    </UnitTest>
    <UnitTest name="ToUserName_Passing_Invalid_ClaimsPrincipal_Returns_Null" storage="d:\sferrari\01 - trabajo\repos\netcore\libs\template-netcore-shared\kitpymes.core.shared.tests\bin\release\netcoreapp3.0\kitpymes.core.shared.tests.dll" id="26cc48e2-5e82-bc12-cf41-e3a984599b8d">
      <Execution id="15f29d82-2d4d-4415-99e9-69614a001c39" />
      <TestMethod codeBase="D:\SFERRARI\01 - TRABAJO\repos\netcore\libs\template-netcore-shared\Kitpymes.Core.Shared.Tests\bin\Release\netcoreapp3.0\Kitpymes.Core.Shared.Tests.dll" adapterTypeName="executor://mstestadapter/v2" className="Kitpymes.Core.Shared.Tests.ClaimsPrincipalExtensionsTests" name="ToUserName_Passing_Invalid_ClaimsPrincipal_Returns_Null" />
    </UnitTest>
    <UnitTest name="ToExists_Passing_Valid_Service_Returns_True" storage="d:\sferrari\01 - trabajo\repos\netcore\libs\template-netcore-shared\kitpymes.core.shared.tests\bin\release\netcoreapp3.0\kitpymes.core.shared.tests.dll" id="64bc1554-814c-3c40-a6b0-679b40b89c36">
      <Execution id="f2f33ab5-fc51-4138-bddb-e6790ec75109" />
      <TestMethod codeBase="D:\SFERRARI\01 - TRABAJO\repos\netcore\libs\template-netcore-shared\Kitpymes.Core.Shared.Tests\bin\Release\netcoreapp3.0\Kitpymes.Core.Shared.Tests.dll" adapterTypeName="executor://mstestadapter/v2" className="Kitpymes.Core.Shared.Tests.ApplicationBuilderExtensionsTests" name="ToExists_Passing_Valid_Service_Returns_True" />
    </UnitTest>
    <UnitTest name="ToEmptyIfNull_Passing_Null_Collection_Returns_Empty_Collection" storage="d:\sferrari\01 - trabajo\repos\netcore\libs\template-netcore-shared\kitpymes.core.shared.tests\bin\release\netcoreapp3.0\kitpymes.core.shared.tests.dll" id="3e6d6aa9-9b6d-dd96-b54c-49f88780a2b4">
      <Execution id="547af436-1778-4c66-8224-0fb187805a84" />
      <TestMethod codeBase="D:\SFERRARI\01 - TRABAJO\repos\netcore\libs\template-netcore-shared\Kitpymes.Core.Shared.Tests\bin\Release\netcoreapp3.0\Kitpymes.Core.Shared.Tests.dll" adapterTypeName="executor://mstestadapter/v2" className="Kitpymes.Core.Shared.Tests.EnumerableExtensionsTests" name="ToEmptyIfNull_Passing_Null_Collection_Returns_Empty_Collection" />
    </UnitTest>
    <UnitTest name="ToDeserialize_Passing_String_Returns_Object" storage="d:\sferrari\01 - trabajo\repos\netcore\libs\template-netcore-shared\kitpymes.core.shared.tests\bin\release\netcoreapp3.0\kitpymes.core.shared.tests.dll" id="678a7b5d-e2f9-09be-f35f-0e3e4d5ad033">
      <Execution id="a70bf98e-f36f-4b12-a7d3-22de78e9f2f1" />
      <TestMethod codeBase="D:\SFERRARI\01 - TRABAJO\repos\netcore\libs\template-netcore-shared\Kitpymes.Core.Shared.Tests\bin\Release\netcoreapp3.0\Kitpymes.Core.Shared.Tests.dll" adapterTypeName="executor://mstestadapter/v2" className="Kitpymes.Core.Shared.Tests.JsonExtensionsTests" name="ToDeserialize_Passing_String_Returns_Object" />
    </UnitTest>
    <UnitTest name="ToIsLastDayOfTheMonth_Passing_LastDayOfMonth_Returns_True" storage="d:\sferrari\01 - trabajo\repos\netcore\libs\template-netcore-shared\kitpymes.core.shared.tests\bin\release\netcoreapp3.0\kitpymes.core.shared.tests.dll" id="98d4dd82-eb94-c060-7aeb-9b0a39f334fb">
      <Execution id="610ea67f-2dd9-4ac4-8706-e13a36c859ec" />
      <TestMethod codeBase="D:\SFERRARI\01 - TRABAJO\repos\netcore\libs\template-netcore-shared\Kitpymes.Core.Shared.Tests\bin\Release\netcoreapp3.0\Kitpymes.Core.Shared.Tests.dll" adapterTypeName="executor://mstestadapter/v2" className="Kitpymes.Core.Shared.Tests.DateTimeExtensionsTests" name="ToIsLastDayOfTheMonth_Passing_LastDayOfMonth_Returns_True" />
    </UnitTest>
    <UnitTest name="ToSubdomain_Passing_HttpRequest_Host_Returns_Subdomain" storage="d:\sferrari\01 - trabajo\repos\netcore\libs\template-netcore-shared\kitpymes.core.shared.tests\bin\release\netcoreapp3.0\kitpymes.core.shared.tests.dll" id="e9b23f0c-0cde-4603-1739-ee642fd33c36">
      <Execution id="d39efaa0-a513-4e1c-8778-45589efda7d0" />
      <TestMethod codeBase="D:\SFERRARI\01 - TRABAJO\repos\netcore\libs\template-netcore-shared\Kitpymes.Core.Shared.Tests\bin\Release\netcoreapp3.0\Kitpymes.Core.Shared.Tests.dll" adapterTypeName="executor://mstestadapter/v2" className="Kitpymes.Core.Shared.Tests.HttpRequestExtensionsTests" name="ToSubdomain_Passing_HttpRequest_Host_Returns_Subdomain" />
    </UnitTest>
    <UnitTest name="ResultInternalServerError" storage="d:\sferrari\01 - trabajo\repos\netcore\libs\template-netcore-shared\kitpymes.core.shared.tests\bin\release\netcoreapp3.0\kitpymes.core.shared.tests.dll" id="a0fef65e-bc06-762d-4622-91d020572059">
      <Execution id="5b993452-82a3-47ac-88c5-f6838eeba976" />
      <TestMethod codeBase="D:\SFERRARI\01 - TRABAJO\repos\netcore\libs\template-netcore-shared\Kitpymes.Core.Shared.Tests\bin\Release\netcoreapp3.0\Kitpymes.Core.Shared.Tests.dll" adapterTypeName="executor://mstestadapter/v2" className="Kitpymes.Core.Shared.Tests.ResultTest" name="ResultInternalServerError" />
    </UnitTest>
    <UnitTest name="ToIsWeekend_Passing_Saturday_DateTime_Returns_True" storage="d:\sferrari\01 - trabajo\repos\netcore\libs\template-netcore-shared\kitpymes.core.shared.tests\bin\release\netcoreapp3.0\kitpymes.core.shared.tests.dll" id="18040ed3-941e-dd1e-cb8c-4d34d103f370">
      <Execution id="4315e52e-19b9-4321-afcb-d05799592eee" />
      <TestMethod codeBase="D:\SFERRARI\01 - TRABAJO\repos\netcore\libs\template-netcore-shared\Kitpymes.Core.Shared.Tests\bin\Release\netcoreapp3.0\Kitpymes.Core.Shared.Tests.dll" adapterTypeName="executor://mstestadapter/v2" className="Kitpymes.Core.Shared.Tests.DateTimeExtensionsTests" name="ToIsWeekend_Passing_Saturday_DateTime_Returns_True" />
    </UnitTest>
    <UnitTest name="ToAssembly_Passing_ValidValueAssemblyString_Returns_Assembly" storage="d:\sferrari\01 - trabajo\repos\netcore\libs\template-netcore-shared\kitpymes.core.shared.tests\bin\release\netcoreapp3.0\kitpymes.core.shared.tests.dll" id="3721d3c1-7c03-ad84-143f-64bfeb5b314e">
      <Execution id="1395fa19-3697-4ee0-befa-6201731cb915" />
      <TestMethod codeBase="D:\SFERRARI\01 - TRABAJO\repos\netcore\libs\template-netcore-shared\Kitpymes.Core.Shared.Tests\bin\Release\netcoreapp3.0\Kitpymes.Core.Shared.Tests.dll" adapterTypeName="executor://mstestadapter/v2" className="Kitpymes.Core.Shared.Tests.StringExtensionsTests" name="ToAssembly_Passing_ValidValueAssemblyString_Returns_Assembly" />
    </UnitTest>
    <UnitTest name="ToIsDirectoryThrow_Passing_InvalidValue_Returns_ApplicationExceptionWithMessage" storage="d:\sferrari\01 - trabajo\repos\netcore\libs\template-netcore-shared\kitpymes.core.shared.tests\bin\release\netcoreapp3.0\kitpymes.core.shared.tests.dll" id="9e36eef1-cde7-a509-c95d-2249b6b02dbb">
      <Execution id="0cfcad17-3889-4638-87ca-d2fe43d9d27d" />
      <TestMethod codeBase="D:\SFERRARI\01 - TRABAJO\repos\netcore\libs\template-netcore-shared\Kitpymes.Core.Shared.Tests\bin\Release\netcoreapp3.0\Kitpymes.Core.Shared.Tests.dll" adapterTypeName="executor://mstestadapter/v2" className="Kitpymes.Core.Shared.Tests.CheckExtensionsTests" name="ToIsDirectoryThrow_Passing_InvalidValue_Returns_ApplicationExceptionWithMessage" />
    </UnitTest>
    <UnitTest name="IsDomain_Passing_ValidArguments_Returns_HasErrorsAndCount" storage="d:\sferrari\01 - trabajo\repos\netcore\libs\template-netcore-shared\kitpymes.core.shared.tests\bin\release\netcoreapp3.0\kitpymes.core.shared.tests.dll" id="447ced0a-6221-43ff-44ab-4ee12ee4d012">
      <Execution id="a402fa10-7cf0-482d-a12a-1cfccdf942e6" />
      <TestMethod codeBase="D:\SFERRARI\01 - TRABAJO\repos\netcore\libs\template-netcore-shared\Kitpymes.Core.Shared.Tests\bin\Release\netcoreapp3.0\Kitpymes.Core.Shared.Tests.dll" adapterTypeName="executor://mstestadapter/v2" className="Kitpymes.Core.Shared.Tests.CheckTests" name="IsDomain_Passing_ValidArguments_Returns_HasErrorsAndCount" />
    </UnitTest>
    <UnitTest name="ToMapList_Passing_Source_Type_And_Destination_Type_Returns_Destination_Object_List" storage="d:\sferrari\01 - trabajo\repos\netcore\libs\template-netcore-shared\kitpymes.core.shared.tests\bin\release\netcoreapp3.0\kitpymes.core.shared.tests.dll" id="f8b74494-d277-7173-e694-2a4d463a4607">
      <Execution id="72238ba3-d266-4023-941f-e0cd8fba4195" />
      <TestMethod codeBase="D:\SFERRARI\01 - TRABAJO\repos\netcore\libs\template-netcore-shared\Kitpymes.Core.Shared.Tests\bin\Release\netcoreapp3.0\Kitpymes.Core.Shared.Tests.dll" adapterTypeName="executor://mstestadapter/v2" className="Kitpymes.Core.Shared.Tests.AgileMapperExtensionsTests" name="ToMapList_Passing_Source_Type_And_Destination_Type_Returns_Destination_Object_List" />
    </UnitTest>
    <UnitTest name="IsLowercase_Passing_InvalidArguments_Returns_HasErrorsAndCount" storage="d:\sferrari\01 - trabajo\repos\netcore\libs\template-netcore-shared\kitpymes.core.shared.tests\bin\release\netcoreapp3.0\kitpymes.core.shared.tests.dll" id="c19b83a3-45fc-e848-cbcc-7f68b66eb4e3">
      <Execution id="d66e59d9-a513-4549-add9-291cb65a9459" />
      <TestMethod codeBase="D:\SFERRARI\01 - TRABAJO\repos\netcore\libs\template-netcore-shared\Kitpymes.Core.Shared.Tests\bin\Release\netcoreapp3.0\Kitpymes.Core.Shared.Tests.dll" adapterTypeName="executor://mstestadapter/v2" className="Kitpymes.Core.Shared.Tests.CheckTests" name="IsLowercase_Passing_InvalidArguments_Returns_HasErrorsAndCount" />
    </UnitTest>
    <UnitTest name="ToService_Passing_Valid_Service_Returns_Service" storage="d:\sferrari\01 - trabajo\repos\netcore\libs\template-netcore-shared\kitpymes.core.shared.tests\bin\release\netcoreapp3.0\kitpymes.core.shared.tests.dll" id="0b1e4893-9444-2235-b7fa-3782f9932212">
      <Execution id="208e160f-4f08-430a-8b7c-ab80fa0663a2" />
      <TestMethod codeBase="D:\SFERRARI\01 - TRABAJO\repos\netcore\libs\template-netcore-shared\Kitpymes.Core.Shared.Tests\bin\Release\netcoreapp3.0\Kitpymes.Core.Shared.Tests.dll" adapterTypeName="executor://mstestadapter/v2" className="Kitpymes.Core.Shared.Tests.ConfigurationBuilderExtensionsTests" name="ToService_Passing_Valid_Service_Returns_Service" />
    </UnitTest>
    <UnitTest name="ToAge_Passing_Birthday_DateTime_Returns_Age" storage="d:\sferrari\01 - trabajo\repos\netcore\libs\template-netcore-shared\kitpymes.core.shared.tests\bin\release\netcoreapp3.0\kitpymes.core.shared.tests.dll" id="4ead3f79-a54e-1b96-838c-d0c2f491cb0d">
      <Execution id="edaa010e-131d-49ce-b5fb-596b7c57ca50" />
      <TestMethod codeBase="D:\SFERRARI\01 - TRABAJO\repos\netcore\libs\template-netcore-shared\Kitpymes.Core.Shared.Tests\bin\Release\netcoreapp3.0\Kitpymes.Core.Shared.Tests.dll" adapterTypeName="executor://mstestadapter/v2" className="Kitpymes.Core.Shared.Tests.DateTimeExtensionsTests" name="ToAge_Passing_Birthday_DateTime_Returns_Age" />
    </UnitTest>
    <UnitTest name="ToEndOfTheMonth_Passing_DateTime_Returns_End_Of_Month_DateTime" storage="d:\sferrari\01 - trabajo\repos\netcore\libs\template-netcore-shared\kitpymes.core.shared.tests\bin\release\netcoreapp3.0\kitpymes.core.shared.tests.dll" id="a4956cd8-34a7-6fca-5b71-6eb98cedd9b0">
      <Execution id="bec7a605-3891-4a35-8a76-dedeccd1db22" />
      <TestMethod codeBase="D:\SFERRARI\01 - TRABAJO\repos\netcore\libs\template-netcore-shared\Kitpymes.Core.Shared.Tests\bin\Release\netcoreapp3.0\Kitpymes.Core.Shared.Tests.dll" adapterTypeName="executor://mstestadapter/v2" className="Kitpymes.Core.Shared.Tests.DateTimeExtensionsTests" name="ToEndOfTheMonth_Passing_DateTime_Returns_End_Of_Month_DateTime" />
    </UnitTest>
    <UnitTest name="ToDetails_Passing_HttpContext_WithOptionalData_Returns_Details_HttpContext" storage="d:\sferrari\01 - trabajo\repos\netcore\libs\template-netcore-shared\kitpymes.core.shared.tests\bin\release\netcoreapp3.0\kitpymes.core.shared.tests.dll" id="b048c16a-68b4-cdf3-3166-fb9613323b68">
      <Execution id="fb3340a4-e34a-4cfe-a3d4-1204f60527bd" />
      <TestMethod codeBase="D:\SFERRARI\01 - TRABAJO\repos\netcore\libs\template-netcore-shared\Kitpymes.Core.Shared.Tests\bin\Release\netcoreapp3.0\Kitpymes.Core.Shared.Tests.dll" adapterTypeName="executor://mstestadapter/v2" className="Kitpymes.Core.Shared.Tests.HttpContextExtensionsTests" name="ToDetails_Passing_HttpContext_WithOptionalData_Returns_Details_HttpContext" />
    </UnitTest>
    <UnitTest name="ToEnvironment_ServiceCollection_Passing_Production_Enviroment_Returns_Production_Name" storage="d:\sferrari\01 - trabajo\repos\netcore\libs\template-netcore-shared\kitpymes.core.shared.tests\bin\release\netcoreapp3.0\kitpymes.core.shared.tests.dll" id="15fe55e5-cdce-6280-ea15-ef777735767c">
      <Execution id="7971bcf8-1ed3-4ad6-9df2-611ef0819cfa" />
      <TestMethod codeBase="D:\SFERRARI\01 - TRABAJO\repos\netcore\libs\template-netcore-shared\Kitpymes.Core.Shared.Tests\bin\Release\netcoreapp3.0\Kitpymes.Core.Shared.Tests.dll" adapterTypeName="executor://mstestadapter/v2" className="Kitpymes.Core.Shared.Tests.ConfigurationBuilderExtensionsTests" name="ToEnvironment_ServiceCollection_Passing_Production_Enviroment_Returns_Production_Name" />
    </UnitTest>
    <UnitTest name="ToPaged_Passing_Name_Descending_Order_Returns_Filter_List" storage="d:\sferrari\01 - trabajo\repos\netcore\libs\template-netcore-shared\kitpymes.core.shared.tests\bin\release\netcoreapp3.0\kitpymes.core.shared.tests.dll" id="0b00f09d-f7e4-fb1e-68ad-8102cf6143e0">
      <Execution id="a6088eae-91fb-436a-aeff-d3a8d899d98d" />
      <TestMethod codeBase="D:\SFERRARI\01 - TRABAJO\repos\netcore\libs\template-netcore-shared\Kitpymes.Core.Shared.Tests\bin\Release\netcoreapp3.0\Kitpymes.Core.Shared.Tests.dll" adapterTypeName="executor://mstestadapter/v2" className="Kitpymes.Core.Shared.Tests.QueryableExtensionsTests" name="ToPaged_Passing_Name_Descending_Order_Returns_Filter_List" />
    </UnitTest>
    <UnitTest name="IsName_Passing_ValidArguments_Returns_HasErrorsAndCount" storage="d:\sferrari\01 - trabajo\repos\netcore\libs\template-netcore-shared\kitpymes.core.shared.tests\bin\release\netcoreapp3.0\kitpymes.core.shared.tests.dll" id="0e702ef4-7e85-bcb3-3879-32ee56a27932">
      <Execution id="b1107f4c-aaaf-411d-8a53-b9024a075996" />
      <TestMethod codeBase="D:\SFERRARI\01 - TRABAJO\repos\netcore\libs\template-netcore-shared\Kitpymes.Core.Shared.Tests\bin\Release\netcoreapp3.0\Kitpymes.Core.Shared.Tests.dll" adapterTypeName="executor://mstestadapter/v2" className="Kitpymes.Core.Shared.Tests.CheckTests" name="IsName_Passing_ValidArguments_Returns_HasErrorsAndCount" />
    </UnitTest>
    <UnitTest name="IsName_Passing_InvalidArguments_Returns_HasErrorsAndCount" storage="d:\sferrari\01 - trabajo\repos\netcore\libs\template-netcore-shared\kitpymes.core.shared.tests\bin\release\netcoreapp3.0\kitpymes.core.shared.tests.dll" id="9eeef095-29ed-4872-a36c-ca4832350421">
      <Execution id="d14ab4b9-3bc6-41df-b2fa-a9f6bf9ab2ce" />
      <TestMethod codeBase="D:\SFERRARI\01 - TRABAJO\repos\netcore\libs\template-netcore-shared\Kitpymes.Core.Shared.Tests\bin\Release\netcoreapp3.0\Kitpymes.Core.Shared.Tests.dll" adapterTypeName="executor://mstestadapter/v2" className="Kitpymes.Core.Shared.Tests.CheckTests" name="IsName_Passing_InvalidArguments_Returns_HasErrorsAndCount" />
    </UnitTest>
    <UnitTest name="ToEnvironment_ServiceCollection_Passing_Development_Enviroment_Returns_Development_Name" storage="d:\sferrari\01 - trabajo\repos\netcore\libs\template-netcore-shared\kitpymes.core.shared.tests\bin\release\netcoreapp3.0\kitpymes.core.shared.tests.dll" id="0f697beb-b7a4-6aa6-9017-b57feeb9ba7f">
      <Execution id="15bc0e30-77a9-4553-b371-b267aee7121c" />
      <TestMethod codeBase="D:\SFERRARI\01 - TRABAJO\repos\netcore\libs\template-netcore-shared\Kitpymes.Core.Shared.Tests\bin\Release\netcoreapp3.0\Kitpymes.Core.Shared.Tests.dll" adapterTypeName="executor://mstestadapter/v2" className="Kitpymes.Core.Shared.Tests.ConfigurationBuilderExtensionsTests" name="ToEnvironment_ServiceCollection_Passing_Development_Enviroment_Returns_Development_Name" />
    </UnitTest>
    <UnitTest name="ToIsWeekend_Passing_Sunday_DateTime_Returns_True" storage="d:\sferrari\01 - trabajo\repos\netcore\libs\template-netcore-shared\kitpymes.core.shared.tests\bin\release\netcoreapp3.0\kitpymes.core.shared.tests.dll" id="c8fd6d3c-b723-929b-f175-dbdc2a7be855">
      <Execution id="6ff94527-5dd6-4153-97f9-d0d14a3e4626" />
      <TestMethod codeBase="D:\SFERRARI\01 - TRABAJO\repos\netcore\libs\template-netcore-shared\Kitpymes.Core.Shared.Tests\bin\Release\netcoreapp3.0\Kitpymes.Core.Shared.Tests.dll" adapterTypeName="executor://mstestadapter/v2" className="Kitpymes.Core.Shared.Tests.DateTimeExtensionsTests" name="ToIsWeekend_Passing_Sunday_DateTime_Returns_True" />
    </UnitTest>
    <UnitTest name="IsDigit_Passing_InvalidArguments_Returns_HasErrorsAndCount" storage="d:\sferrari\01 - trabajo\repos\netcore\libs\template-netcore-shared\kitpymes.core.shared.tests\bin\release\netcoreapp3.0\kitpymes.core.shared.tests.dll" id="f2d267b8-d5a7-6c91-de6d-813182908c7f">
      <Execution id="11c1fe97-a53d-4127-b7f3-83ad4cca5780" />
      <TestMethod codeBase="D:\SFERRARI\01 - TRABAJO\repos\netcore\libs\template-netcore-shared\Kitpymes.Core.Shared.Tests\bin\Release\netcoreapp3.0\Kitpymes.Core.Shared.Tests.dll" adapterTypeName="executor://mstestadapter/v2" className="Kitpymes.Core.Shared.Tests.CheckTests" name="IsDigit_Passing_InvalidArguments_Returns_HasErrorsAndCount" />
    </UnitTest>
    <UnitTest name="ToInt_Passing_ValidValueString_Returns_Int" storage="d:\sferrari\01 - trabajo\repos\netcore\libs\template-netcore-shared\kitpymes.core.shared.tests\bin\release\netcoreapp3.0\kitpymes.core.shared.tests.dll" id="ae09f98c-257a-b9e5-5b0b-16344b7adf1c">
      <Execution id="e7263085-8d33-4adc-b91a-39acea874527" />
      <TestMethod codeBase="D:\SFERRARI\01 - TRABAJO\repos\netcore\libs\template-netcore-shared\Kitpymes.Core.Shared.Tests\bin\Release\netcoreapp3.0\Kitpymes.Core.Shared.Tests.dll" adapterTypeName="executor://mstestadapter/v2" className="Kitpymes.Core.Shared.Tests.StringExtensionsTests" name="ToInt_Passing_ValidValueString_Returns_Int" />
    </UnitTest>
    <UnitTest name="ToMapNew_Passing_TDestination_Returns_New_Destination_Object" storage="d:\sferrari\01 - trabajo\repos\netcore\libs\template-netcore-shared\kitpymes.core.shared.tests\bin\release\netcoreapp3.0\kitpymes.core.shared.tests.dll" id="0ee8121e-b492-a57d-d072-de988a4e30f8">
      <Execution id="19c8731b-f400-41ae-87af-e6cfa9483026" />
      <TestMethod codeBase="D:\SFERRARI\01 - TRABAJO\repos\netcore\libs\template-netcore-shared\Kitpymes.Core.Shared.Tests\bin\Release\netcoreapp3.0\Kitpymes.Core.Shared.Tests.dll" adapterTypeName="executor://mstestadapter/v2" className="Kitpymes.Core.Shared.Tests.AgileMapperExtensionsTests" name="ToMapNew_Passing_TDestination_Returns_New_Destination_Object" />
    </UnitTest>
    <UnitTest name="ToSettings_Passing_Values_From_Memory_Returns_Settings" storage="d:\sferrari\01 - trabajo\repos\netcore\libs\template-netcore-shared\kitpymes.core.shared.tests\bin\release\netcoreapp3.0\kitpymes.core.shared.tests.dll" id="86b92527-4d52-052b-63ae-d9a8aa694919">
      <Execution id="da9ff902-b94e-4e95-b45a-7bb761003385" />
      <TestMethod codeBase="D:\SFERRARI\01 - TRABAJO\repos\netcore\libs\template-netcore-shared\Kitpymes.Core.Shared.Tests\bin\Release\netcoreapp3.0\Kitpymes.Core.Shared.Tests.dll" adapterTypeName="executor://mstestadapter/v2" className="Kitpymes.Core.Shared.Tests.ConfigurationBuilderExtensionsTests" name="ToSettings_Passing_Values_From_Memory_Returns_Settings" />
    </UnitTest>
    <UnitTest name="ToWhere_Passing_Null_Predicate_Returns_Same_List" storage="d:\sferrari\01 - trabajo\repos\netcore\libs\template-netcore-shared\kitpymes.core.shared.tests\bin\release\netcoreapp3.0\kitpymes.core.shared.tests.dll" id="6bd61990-78b5-76ea-0df5-0c13c388bdc0">
      <Execution id="d6630f15-5541-48a2-9f9f-d720782731a5" />
      <TestMethod codeBase="D:\SFERRARI\01 - TRABAJO\repos\netcore\libs\template-netcore-shared\Kitpymes.Core.Shared.Tests\bin\Release\netcoreapp3.0\Kitpymes.Core.Shared.Tests.dll" adapterTypeName="executor://mstestadapter/v2" className="Kitpymes.Core.Shared.Tests.QueryableExtensionsTests" name="ToWhere_Passing_Null_Predicate_Returns_Same_List" />
    </UnitTest>
    <UnitTest name="ToDefaultValue_Passing_double_Returns_Cero" storage="d:\sferrari\01 - trabajo\repos\netcore\libs\template-netcore-shared\kitpymes.core.shared.tests\bin\release\netcoreapp3.0\kitpymes.core.shared.tests.dll" id="f752d50b-77fa-327a-4493-168161bd27b2">
      <Execution id="a2b50454-da34-4117-9920-70d615cb21dc" />
      <TestMethod codeBase="D:\SFERRARI\01 - TRABAJO\repos\netcore\libs\template-netcore-shared\Kitpymes.Core.Shared.Tests\bin\Release\netcoreapp3.0\Kitpymes.Core.Shared.Tests.dll" adapterTypeName="executor://mstestadapter/v2" className="Kitpymes.Core.Shared.Tests.GenericExtensionsTests" name="ToDefaultValue_Passing_double_Returns_Cero" />
    </UnitTest>
    <UnitTest name="ToHashAlgorithmName_Passing_InvalidValueLowerCaseStringWithDefaultValue_Returns_DefaultValue" storage="d:\sferrari\01 - trabajo\repos\netcore\libs\template-netcore-shared\kitpymes.core.shared.tests\bin\release\netcoreapp3.0\kitpymes.core.shared.tests.dll" id="d5506b30-7041-6d90-bd03-bcd5b2479c40">
      <Execution id="aeb6ae3f-7a5e-4826-97cf-90aa9b1f8283" />
      <TestMethod codeBase="D:\SFERRARI\01 - TRABAJO\repos\netcore\libs\template-netcore-shared\Kitpymes.Core.Shared.Tests\bin\Release\netcoreapp3.0\Kitpymes.Core.Shared.Tests.dll" adapterTypeName="executor://mstestadapter/v2" className="Kitpymes.Core.Shared.Tests.StringExtensionsTests" name="ToHashAlgorithmName_Passing_InvalidValueLowerCaseStringWithDefaultValue_Returns_DefaultValue" />
    </UnitTest>
    <UnitTest name="ToWhere_Passing_Valid_Predicate_Returns_Filter_List" storage="d:\sferrari\01 - trabajo\repos\netcore\libs\template-netcore-shared\kitpymes.core.shared.tests\bin\release\netcoreapp3.0\kitpymes.core.shared.tests.dll" id="e9d3a3d6-32e0-613e-b55e-48afdf1ab686">
      <Execution id="b6ba4322-331d-434a-834e-069e26790402" />
      <TestMethod codeBase="D:\SFERRARI\01 - TRABAJO\repos\netcore\libs\template-netcore-shared\Kitpymes.Core.Shared.Tests\bin\Release\netcoreapp3.0\Kitpymes.Core.Shared.Tests.dll" adapterTypeName="executor://mstestadapter/v2" className="Kitpymes.Core.Shared.Tests.QueryableExtensionsTests" name="ToWhere_Passing_Valid_Predicate_Returns_Filter_List" />
    </UnitTest>
    <UnitTest name="ToFirstLetterUpper_Passing_ValidValue_Returns_StringWithFirstLetterUpper" storage="d:\sferrari\01 - trabajo\repos\netcore\libs\template-netcore-shared\kitpymes.core.shared.tests\bin\release\netcoreapp3.0\kitpymes.core.shared.tests.dll" id="5517211d-203c-115f-7dc1-6f48da8ab75b">
      <Execution id="a9fbe82b-1d6e-43ae-829e-e70625078d57" />
      <TestMethod codeBase="D:\SFERRARI\01 - TRABAJO\repos\netcore\libs\template-netcore-shared\Kitpymes.Core.Shared.Tests\bin\Release\netcoreapp3.0\Kitpymes.Core.Shared.Tests.dll" adapterTypeName="executor://mstestadapter/v2" className="Kitpymes.Core.Shared.Tests.StringExtensionsTests" name="ToFirstLetterUpper_Passing_ValidValue_Returns_StringWithFirstLetterUpper" />
    </UnitTest>
    <UnitTest name="ToValues_Passing_ValidEnumType_Returns_ValuesListString" storage="d:\sferrari\01 - trabajo\repos\netcore\libs\template-netcore-shared\kitpymes.core.shared.tests\bin\release\netcoreapp3.0\kitpymes.core.shared.tests.dll" id="0cfd0c7c-1a61-7d19-c2fa-3c8a47ccf09c">
      <Execution id="8f6a13c7-a3bb-477f-bb0a-1d6308a029ce" />
      <TestMethod codeBase="D:\SFERRARI\01 - TRABAJO\repos\netcore\libs\template-netcore-shared\Kitpymes.Core.Shared.Tests\bin\Release\netcoreapp3.0\Kitpymes.Core.Shared.Tests.dll" adapterTypeName="executor://mstestadapter/v2" className="Kitpymes.Core.Shared.Tests.EnumsTests" name="ToValues_Passing_ValidEnumType_Returns_ValuesListString" />
    </UnitTest>
    <UnitTest name="ToEmailMaskUserName_Passing_ValidEmail_Returns_EmailWithMask" storage="d:\sferrari\01 - trabajo\repos\netcore\libs\template-netcore-shared\kitpymes.core.shared.tests\bin\release\netcoreapp3.0\kitpymes.core.shared.tests.dll" id="1237bc5f-42ea-8c7f-8602-051620acda95">
      <Execution id="27b32441-6d89-437f-948f-918617bb8493" />
      <TestMethod codeBase="D:\SFERRARI\01 - TRABAJO\repos\netcore\libs\template-netcore-shared\Kitpymes.Core.Shared.Tests\bin\Release\netcoreapp3.0\Kitpymes.Core.Shared.Tests.dll" adapterTypeName="executor://mstestadapter/v2" className="Kitpymes.Core.Shared.Tests.StringExtensionsTests" name="ToEmailMaskUserName_Passing_ValidEmail_Returns_EmailWithMask" />
    </UnitTest>
    <UnitTest name="ToExists_Passing_Claims_Returns_True" storage="d:\sferrari\01 - trabajo\repos\netcore\libs\template-netcore-shared\kitpymes.core.shared.tests\bin\release\netcoreapp3.0\kitpymes.core.shared.tests.dll" id="57d3cdd8-8268-9aa3-6f39-3cc0224b305c">
      <Execution id="348a8ec4-cb07-41f7-a46a-a940523532b5" />
      <TestMethod codeBase="D:\SFERRARI\01 - TRABAJO\repos\netcore\libs\template-netcore-shared\Kitpymes.Core.Shared.Tests\bin\Release\netcoreapp3.0\Kitpymes.Core.Shared.Tests.dll" adapterTypeName="executor://mstestadapter/v2" className="Kitpymes.Core.Shared.Tests.ClaimsPrincipalExtensionsTests" name="ToExists_Passing_Claims_Returns_True" />
    </UnitTest>
    <UnitTest name="ToDefaultValue_Passing_int_Returns_Cero" storage="d:\sferrari\01 - trabajo\repos\netcore\libs\template-netcore-shared\kitpymes.core.shared.tests\bin\release\netcoreapp3.0\kitpymes.core.shared.tests.dll" id="4234610b-215b-41f7-e61d-4a82851bdfa3">
      <Execution id="0e2c2c13-f3af-4839-b3b3-07b3df3d5d20" />
      <TestMethod codeBase="D:\SFERRARI\01 - TRABAJO\repos\netcore\libs\template-netcore-shared\Kitpymes.Core.Shared.Tests\bin\Release\netcoreapp3.0\Kitpymes.Core.Shared.Tests.dll" adapterTypeName="executor://mstestadapter/v2" className="Kitpymes.Core.Shared.Tests.GenericExtensionsTests" name="ToDefaultValue_Passing_int_Returns_Cero" />
    </UnitTest>
    <UnitTest name="ToIsNullOrAny_Passing_InvalidValue_Returns_True" storage="d:\sferrari\01 - trabajo\repos\netcore\libs\template-netcore-shared\kitpymes.core.shared.tests\bin\release\netcoreapp3.0\kitpymes.core.shared.tests.dll" id="55f105d6-fc07-21db-e70a-db30ccdb0844">
      <Execution id="b0192133-efcf-4c25-8f9a-f484a014b8e4" />
      <TestMethod codeBase="D:\SFERRARI\01 - TRABAJO\repos\netcore\libs\template-netcore-shared\Kitpymes.Core.Shared.Tests\bin\Release\netcoreapp3.0\Kitpymes.Core.Shared.Tests.dll" adapterTypeName="executor://mstestadapter/v2" className="Kitpymes.Core.Shared.Tests.CheckExtensionsTests" name="ToIsNullOrAny_Passing_InvalidValue_Returns_True" />
    </UnitTest>
    <UnitTest name="ToCount_Passing_ValidEnumType_Returns_Count" storage="d:\sferrari\01 - trabajo\repos\netcore\libs\template-netcore-shared\kitpymes.core.shared.tests\bin\release\netcoreapp3.0\kitpymes.core.shared.tests.dll" id="bc6955b8-aec0-957c-bad4-853e5cfa19a1">
      <Execution id="a56051f4-16da-4626-9615-4c86ef01fd0e" />
      <TestMethod codeBase="D:\SFERRARI\01 - TRABAJO\repos\netcore\libs\template-netcore-shared\Kitpymes.Core.Shared.Tests\bin\Release\netcoreapp3.0\Kitpymes.Core.Shared.Tests.dll" adapterTypeName="executor://mstestadapter/v2" className="Kitpymes.Core.Shared.Tests.EnumsTests" name="ToCount_Passing_ValidEnumType_Returns_Count" />
    </UnitTest>
    <UnitTest name="ToDefaultValue_Passing_ValidBoolean_Returns_DefaultValue" storage="d:\sferrari\01 - trabajo\repos\netcore\libs\template-netcore-shared\kitpymes.core.shared.tests\bin\release\netcoreapp3.0\kitpymes.core.shared.tests.dll" id="a95f665c-aa8d-208d-902c-60a464250c99">
      <Execution id="d4c11ca7-9853-43b8-85ff-c63a1f6372c7" />
      <TestMethod codeBase="D:\SFERRARI\01 - TRABAJO\repos\netcore\libs\template-netcore-shared\Kitpymes.Core.Shared.Tests\bin\Release\netcoreapp3.0\Kitpymes.Core.Shared.Tests.dll" adapterTypeName="executor://mstestadapter/v2" className="Kitpymes.Core.Shared.Tests.TypeExtensionsTests" name="ToDefaultValue_Passing_ValidBoolean_Returns_DefaultValue" />
    </UnitTest>
    <UnitTest name="ToMapUpdate_Passing_Destination_Object_Returns_Updated_Destination_Object" storage="d:\sferrari\01 - trabajo\repos\netcore\libs\template-netcore-shared\kitpymes.core.shared.tests\bin\release\netcoreapp3.0\kitpymes.core.shared.tests.dll" id="71a1897b-b713-c047-1c23-5efdff095b20">
      <Execution id="51d1fb78-f2c8-47a9-b4f5-189324e1e692" />
      <TestMethod codeBase="D:\SFERRARI\01 - TRABAJO\repos\netcore\libs\template-netcore-shared\Kitpymes.Core.Shared.Tests\bin\Release\netcoreapp3.0\Kitpymes.Core.Shared.Tests.dll" adapterTypeName="executor://mstestadapter/v2" className="Kitpymes.Core.Shared.Tests.AgileMapperExtensionsTests" name="ToMapUpdate_Passing_Destination_Object_Returns_Updated_Destination_Object" />
    </UnitTest>
    <UnitTest name="ToThrow_Passing_InvalidValue_Returns_ApplicationExceptionWithMessage" storage="d:\sferrari\01 - trabajo\repos\netcore\libs\template-netcore-shared\kitpymes.core.shared.tests\bin\release\netcoreapp3.0\kitpymes.core.shared.tests.dll" id="9b5f9705-0df5-3b21-5e23-e11b68721fd4">
      <Execution id="670dc65d-cd88-4359-969e-93a0b7f83e1e" />
      <TestMethod codeBase="D:\SFERRARI\01 - TRABAJO\repos\netcore\libs\template-netcore-shared\Kitpymes.Core.Shared.Tests\bin\Release\netcoreapp3.0\Kitpymes.Core.Shared.Tests.dll" adapterTypeName="executor://mstestadapter/v2" className="Kitpymes.Core.Shared.Tests.CheckExtensionsTests" name="ToThrow_Passing_InvalidValue_Returns_ApplicationExceptionWithMessage" />
    </UnitTest>
    <UnitTest name="ResultErrorData_WithTitle_WithStatusCode_WithDetails_WithExceptionType_WithMessages_WithErrors" storage="d:\sferrari\01 - trabajo\repos\netcore\libs\template-netcore-shared\kitpymes.core.shared.tests\bin\release\netcoreapp3.0\kitpymes.core.shared.tests.dll" id="c30c24fa-9dc6-1db9-fc63-cb77f851732c">
      <Execution id="7c1ad676-e0fa-4948-8583-1a6d92192742" />
      <TestMethod codeBase="D:\SFERRARI\01 - TRABAJO\repos\netcore\libs\template-netcore-shared\Kitpymes.Core.Shared.Tests\bin\Release\netcoreapp3.0\Kitpymes.Core.Shared.Tests.dll" adapterTypeName="executor://mstestadapter/v2" className="Kitpymes.Core.Shared.Tests.ResultTest" name="ResultErrorData_WithTitle_WithStatusCode_WithDetails_WithExceptionType_WithMessages_WithErrors" />
    </UnitTest>
    <UnitTest name="ToMessage_Passing_ExceptionWithMessage_Returns_Message" storage="d:\sferrari\01 - trabajo\repos\netcore\libs\template-netcore-shared\kitpymes.core.shared.tests\bin\release\netcoreapp3.0\kitpymes.core.shared.tests.dll" id="0cb5eb43-9273-0bdf-bd18-53b184535503">
      <Execution id="2e93edfd-dc94-40f7-a199-f79f95ed344b" />
      <TestMethod codeBase="D:\SFERRARI\01 - TRABAJO\repos\netcore\libs\template-netcore-shared\Kitpymes.Core.Shared.Tests\bin\Release\netcoreapp3.0\Kitpymes.Core.Shared.Tests.dll" adapterTypeName="executor://mstestadapter/v2" className="Kitpymes.Core.Shared.Tests.ExceptionExtensionsTests" name="ToMessage_Passing_ExceptionWithMessage_Returns_Message" />
    </UnitTest>
    <UnitTest name="ToIsWeekend_Passing_Friday_DateTime_Returns_False" storage="d:\sferrari\01 - trabajo\repos\netcore\libs\template-netcore-shared\kitpymes.core.shared.tests\bin\release\netcoreapp3.0\kitpymes.core.shared.tests.dll" id="459f13f4-e266-2f20-5c30-d2c64797095d">
      <Execution id="d298c18e-2712-47c7-ac7b-930d9d88f361" />
      <TestMethod codeBase="D:\SFERRARI\01 - TRABAJO\repos\netcore\libs\template-netcore-shared\Kitpymes.Core.Shared.Tests\bin\Release\netcoreapp3.0\Kitpymes.Core.Shared.Tests.dll" adapterTypeName="executor://mstestadapter/v2" className="Kitpymes.Core.Shared.Tests.DateTimeExtensionsTests" name="ToIsWeekend_Passing_Friday_DateTime_Returns_False" />
    </UnitTest>
    <UnitTest name="IsEspecialChars_Passing_InvalidArguments_Returns_HasErrorsAndCount" storage="d:\sferrari\01 - trabajo\repos\netcore\libs\template-netcore-shared\kitpymes.core.shared.tests\bin\release\netcoreapp3.0\kitpymes.core.shared.tests.dll" id="9d64a285-266d-52de-ef34-34102f8ad12c">
      <Execution id="2cf50e6b-3a8a-4b5e-96e2-c41a0f8b57a4" />
      <TestMethod codeBase="D:\SFERRARI\01 - TRABAJO\repos\netcore\libs\template-netcore-shared\Kitpymes.Core.Shared.Tests\bin\Release\netcoreapp3.0\Kitpymes.Core.Shared.Tests.dll" adapterTypeName="executor://mstestadapter/v2" className="Kitpymes.Core.Shared.Tests.CheckTests" name="IsEspecialChars_Passing_InvalidArguments_Returns_HasErrorsAndCount" />
    </UnitTest>
    <UnitTest name="ToUri_Passing_InvalidValueString_Returns_Null" storage="d:\sferrari\01 - trabajo\repos\netcore\libs\template-netcore-shared\kitpymes.core.shared.tests\bin\release\netcoreapp3.0\kitpymes.core.shared.tests.dll" id="c180eeb5-df7f-187e-c74d-0f6d31acdec5">
      <Execution id="479e96bd-b3ff-45d0-90d5-cafd3fdc28d8" />
      <TestMethod codeBase="D:\SFERRARI\01 - TRABAJO\repos\netcore\libs\template-netcore-shared\Kitpymes.Core.Shared.Tests\bin\Release\netcoreapp3.0\Kitpymes.Core.Shared.Tests.dll" adapterTypeName="executor://mstestadapter/v2" className="Kitpymes.Core.Shared.Tests.StringExtensionsTests" name="ToUri_Passing_InvalidValueString_Returns_Null" />
    </UnitTest>
    <UnitTest name="ToHasErrors_Passing_InvalidValue_Returns_ApplicationExceptionWithMessage" storage="d:\sferrari\01 - trabajo\repos\netcore\libs\template-netcore-shared\kitpymes.core.shared.tests\bin\release\netcoreapp3.0\kitpymes.core.shared.tests.dll" id="1340b308-d9eb-a26e-e042-04d6c1d9a958">
      <Execution id="edc5d4b0-5da3-4b97-b423-6713e4499571" />
      <TestMethod codeBase="D:\SFERRARI\01 - TRABAJO\repos\netcore\libs\template-netcore-shared\Kitpymes.Core.Shared.Tests\bin\Release\netcoreapp3.0\Kitpymes.Core.Shared.Tests.dll" adapterTypeName="executor://mstestadapter/v2" className="Kitpymes.Core.Shared.Tests.CheckExtensionsTests" name="ToHasErrors_Passing_InvalidValue_Returns_ApplicationExceptionWithMessage" />
    </UnitTest>
    <UnitTest name="IsDirectory_Passing_InvalidArguments_Returns_HasErrorsAndCount" storage="d:\sferrari\01 - trabajo\repos\netcore\libs\template-netcore-shared\kitpymes.core.shared.tests\bin\release\netcoreapp3.0\kitpymes.core.shared.tests.dll" id="ee30e1f9-ce80-c70a-1b56-b7e02750ae26">
      <Execution id="b42b0329-17db-4951-b0e6-8022f1d9f87d" />
      <TestMethod codeBase="D:\SFERRARI\01 - TRABAJO\repos\netcore\libs\template-netcore-shared\Kitpymes.Core.Shared.Tests\bin\Release\netcoreapp3.0\Kitpymes.Core.Shared.Tests.dll" adapterTypeName="executor://mstestadapter/v2" className="Kitpymes.Core.Shared.Tests.CheckTests" name="IsDirectory_Passing_InvalidArguments_Returns_HasErrorsAndCount" />
    </UnitTest>
    <UnitTest name="ToHashAlgorithmName_Passing_InvalidValueLowerCaseString_Returns_Null" storage="d:\sferrari\01 - trabajo\repos\netcore\libs\template-netcore-shared\kitpymes.core.shared.tests\bin\release\netcoreapp3.0\kitpymes.core.shared.tests.dll" id="bd43e66e-fbae-26eb-a9a1-c58a6bf5d7af">
      <Execution id="dfe5fd1f-a4df-40a2-a51c-d25305552eda" />
      <TestMethod codeBase="D:\SFERRARI\01 - TRABAJO\repos\netcore\libs\template-netcore-shared\Kitpymes.Core.Shared.Tests\bin\Release\netcoreapp3.0\Kitpymes.Core.Shared.Tests.dll" adapterTypeName="executor://mstestadapter/v2" className="Kitpymes.Core.Shared.Tests.StringExtensionsTests" name="ToHashAlgorithmName_Passing_InvalidValueLowerCaseString_Returns_Null" />
    </UnitTest>
    <UnitTest name="ToList_Passing_ValidEnumTypeWithResourceType_Returns_ValuesList" storage="d:\sferrari\01 - trabajo\repos\netcore\libs\template-netcore-shared\kitpymes.core.shared.tests\bin\release\netcoreapp3.0\kitpymes.core.shared.tests.dll" id="aaa46586-7b83-9a88-e835-ae92592f98a3">
      <Execution id="fbc6bd25-f224-458b-b37d-899d4ddf650b" />
      <TestMethod codeBase="D:\SFERRARI\01 - TRABAJO\repos\netcore\libs\template-netcore-shared\Kitpymes.Core.Shared.Tests\bin\Release\netcoreapp3.0\Kitpymes.Core.Shared.Tests.dll" adapterTypeName="executor://mstestadapter/v2" className="Kitpymes.Core.Shared.Tests.EnumsTests" name="ToList_Passing_ValidEnumTypeWithResourceType_Returns_ValuesList" />
    </UnitTest>
    <UnitTest name="ResultDataInternalServerError" storage="d:\sferrari\01 - trabajo\repos\netcore\libs\template-netcore-shared\kitpymes.core.shared.tests\bin\release\netcoreapp3.0\kitpymes.core.shared.tests.dll" id="d0b36a04-4127-30ad-3e5f-debee628dde9">
      <Execution id="0b5b20c0-750c-49e8-93e3-1b117d623edf" />
      <TestMethod codeBase="D:\SFERRARI\01 - TRABAJO\repos\netcore\libs\template-netcore-shared\Kitpymes.Core.Shared.Tests\bin\Release\netcoreapp3.0\Kitpymes.Core.Shared.Tests.dll" adapterTypeName="executor://mstestadapter/v2" className="Kitpymes.Core.Shared.Tests.ResultTest" name="ResultDataInternalServerError" />
    </UnitTest>
    <UnitTest name="ToDefaultValue_Passing_ValidGuid_Returns_DefaultValue" storage="d:\sferrari\01 - trabajo\repos\netcore\libs\template-netcore-shared\kitpymes.core.shared.tests\bin\release\netcoreapp3.0\kitpymes.core.shared.tests.dll" id="225c09bd-86d5-d9ce-d2b8-18431ca384e3">
      <Execution id="6cf5bc67-4c86-4318-b448-1231d605157a" />
      <TestMethod codeBase="D:\SFERRARI\01 - TRABAJO\repos\netcore\libs\template-netcore-shared\Kitpymes.Core.Shared.Tests\bin\Release\netcoreapp3.0\Kitpymes.Core.Shared.Tests.dll" adapterTypeName="executor://mstestadapter/v2" className="Kitpymes.Core.Shared.Tests.TypeExtensionsTests" name="ToDefaultValue_Passing_ValidGuid_Returns_DefaultValue" />
    </UnitTest>
    <UnitTest name="IsSubdomain_Passing_InvalidArguments_Returns_HasErrorsAndCount" storage="d:\sferrari\01 - trabajo\repos\netcore\libs\template-netcore-shared\kitpymes.core.shared.tests\bin\release\netcoreapp3.0\kitpymes.core.shared.tests.dll" id="f2debf4a-2a42-7b0b-1005-8f74a6fc63cb">
      <Execution id="891ab941-c215-4552-8772-5988d8421649" />
      <TestMethod codeBase="D:\SFERRARI\01 - TRABAJO\repos\netcore\libs\template-netcore-shared\Kitpymes.Core.Shared.Tests\bin\Release\netcoreapp3.0\Kitpymes.Core.Shared.Tests.dll" adapterTypeName="executor://mstestadapter/v2" className="Kitpymes.Core.Shared.Tests.CheckTests" name="IsSubdomain_Passing_InvalidArguments_Returns_HasErrorsAndCount" />
    </UnitTest>
  </TestDefinitions>
  <TestEntries>
    <TestEntry testId="ede15cdf-3d1b-3e1a-18dc-485a2d50fe42" executionId="3a0d2026-0bf9-46d5-a396-2953d58ad752" testListId="8c84fa94-04c1-424b-9868-57a2d4851a1d" />
    <TestEntry testId="7dc20d31-477c-3765-83c0-7575a504da96" executionId="a1726918-6c5b-4287-a057-e105e08b7dbf" testListId="8c84fa94-04c1-424b-9868-57a2d4851a1d" />
    <TestEntry testId="ab527057-69f2-0a9a-89fd-18928a3920fd" executionId="0529ed7d-0836-47c4-a532-c33a13b51732" testListId="8c84fa94-04c1-424b-9868-57a2d4851a1d" />
    <TestEntry testId="5385d994-9594-6052-11cb-73f8d2344981" executionId="c8533f34-3a5e-4c51-bb42-acfbbdb074b1" testListId="8c84fa94-04c1-424b-9868-57a2d4851a1d" />
    <TestEntry testId="5bee9d0e-89de-7b6d-4317-0a11342b1d29" executionId="6ef7eb02-cffb-47d5-94ce-df4ad7a59a77" testListId="8c84fa94-04c1-424b-9868-57a2d4851a1d" />
    <TestEntry testId="f828057e-351a-48b7-0028-e57f15c7217e" executionId="b36879b9-ec9e-4285-9d23-3ae7ab62dadb" testListId="8c84fa94-04c1-424b-9868-57a2d4851a1d" />
    <TestEntry testId="0e702ef4-7e85-bcb3-3879-32ee56a27932" executionId="b1107f4c-aaaf-411d-8a53-b9024a075996" testListId="8c84fa94-04c1-424b-9868-57a2d4851a1d" />
    <TestEntry testId="c30c24fa-9dc6-1db9-fc63-cb77f851732c" executionId="7c1ad676-e0fa-4948-8583-1a6d92192742" testListId="8c84fa94-04c1-424b-9868-57a2d4851a1d" />
    <TestEntry testId="d5506b30-7041-6d90-bd03-bcd5b2479c40" executionId="aeb6ae3f-7a5e-4826-97cf-90aa9b1f8283" testListId="8c84fa94-04c1-424b-9868-57a2d4851a1d" />
    <TestEntry testId="e8138724-52f6-6999-ada4-cbc441f2cd15" executionId="c397806f-d56a-4618-907a-7ee167a808f5" testListId="8c84fa94-04c1-424b-9868-57a2d4851a1d" />
    <TestEntry testId="bf48e581-43e6-7660-c4f4-1b7deb1f0ed9" executionId="fe5183f1-8e56-42cf-9f7a-adc1fe2c1f43" testListId="8c84fa94-04c1-424b-9868-57a2d4851a1d" />
    <TestEntry testId="a0fef65e-bc06-762d-4622-91d020572059" executionId="5b993452-82a3-47ac-88c5-f6838eeba976" testListId="8c84fa94-04c1-424b-9868-57a2d4851a1d" />
    <TestEntry testId="772d3145-280a-fb9f-03c2-247d0f593a66" executionId="bb5c4e94-d3ac-42b0-b452-19da8fb62c78" testListId="8c84fa94-04c1-424b-9868-57a2d4851a1d" />
    <TestEntry testId="fe683836-27ec-729e-5fe1-a9c2674a6d87" executionId="3f2942fe-9963-4c06-b840-b7fcecfe38ec" testListId="8c84fa94-04c1-424b-9868-57a2d4851a1d" />
    <TestEntry testId="4234610b-215b-41f7-e61d-4a82851bdfa3" executionId="0e2c2c13-f3af-4839-b3b3-07b3df3d5d20" testListId="8c84fa94-04c1-424b-9868-57a2d4851a1d" />
    <TestEntry testId="10024a68-25d4-872c-3e48-a6d6b2671494" executionId="4dcd7dfc-2a67-4493-af4e-8b9256e01485" testListId="8c84fa94-04c1-424b-9868-57a2d4851a1d" />
    <TestEntry testId="b79ee054-2363-6600-c9a3-db00cdcc0f2c" executionId="ad43a07b-cf06-49f8-b28c-6a24dfbf32fd" testListId="8c84fa94-04c1-424b-9868-57a2d4851a1d" />
    <TestEntry testId="605637df-9854-875b-b3aa-6675f3fbd045" executionId="33633ec7-2648-40c8-bced-b7828a0f0abe" testListId="8c84fa94-04c1-424b-9868-57a2d4851a1d" />
    <TestEntry testId="ae09f98c-257a-b9e5-5b0b-16344b7adf1c" executionId="e7263085-8d33-4adc-b91a-39acea874527" testListId="8c84fa94-04c1-424b-9868-57a2d4851a1d" />
    <TestEntry testId="0cb5eb43-9273-0bdf-bd18-53b184535503" executionId="2e93edfd-dc94-40f7-a199-f79f95ed344b" testListId="8c84fa94-04c1-424b-9868-57a2d4851a1d" />
    <TestEntry testId="7a313c49-8adc-98e3-cdda-86b900f0ade6" executionId="7ca2843f-0e91-4ea8-a875-4787e98b1c78" testListId="8c84fa94-04c1-424b-9868-57a2d4851a1d" />
    <TestEntry testId="aeb559a5-c285-7ab9-baee-1cb152d1742f" executionId="fac5d052-4291-4caa-b2d3-49562915d489" testListId="8c84fa94-04c1-424b-9868-57a2d4851a1d" />
    <TestEntry testId="a0ed43cd-0648-ddf9-c80e-52c6889ee049" executionId="760807f1-0d15-4ded-977f-6d0d9e0690ce" testListId="8c84fa94-04c1-424b-9868-57a2d4851a1d" />
    <TestEntry testId="e0f7dcd9-f363-be9c-de11-457f6a575bee" executionId="c3f9ac5e-be02-48ab-9638-001a5500a44a" testListId="8c84fa94-04c1-424b-9868-57a2d4851a1d" />
    <TestEntry testId="6bd61990-78b5-76ea-0df5-0c13c388bdc0" executionId="d6630f15-5541-48a2-9f9f-d720782731a5" testListId="8c84fa94-04c1-424b-9868-57a2d4851a1d" />
    <TestEntry testId="e1a72c94-958d-7abb-4a96-4b60b12f8157" executionId="e5e375e2-e6b8-451f-a20b-019f3d3a2ff5" testListId="8c84fa94-04c1-424b-9868-57a2d4851a1d" />
    <TestEntry testId="0d35441f-72fe-a777-509f-6a19632f972a" executionId="d39f6ec4-0c64-4d02-b96a-1cbced889a7b" testListId="8c84fa94-04c1-424b-9868-57a2d4851a1d" />
    <TestEntry testId="c0846755-8a53-0ac4-76e5-2d7d37bcd54a" executionId="9a19015e-b4d3-4189-9bc6-083d48590525" testListId="8c84fa94-04c1-424b-9868-57a2d4851a1d" />
    <TestEntry testId="9b5f9705-0df5-3b21-5e23-e11b68721fd4" executionId="670dc65d-cd88-4359-969e-93a0b7f83e1e" testListId="8c84fa94-04c1-424b-9868-57a2d4851a1d" />
    <TestEntry testId="459f13f4-e266-2f20-5c30-d2c64797095d" executionId="d298c18e-2712-47c7-ac7b-930d9d88f361" testListId="8c84fa94-04c1-424b-9868-57a2d4851a1d" />
    <TestEntry testId="3bd7277d-4ad0-51ee-d24c-53176ec3cc7f" executionId="157b7cbc-7371-4f18-9167-36897b6602f4" testListId="8c84fa94-04c1-424b-9868-57a2d4851a1d" />
    <TestEntry testId="209cbba1-d5fa-4810-2cb6-ee92ce2e109d" executionId="a2f0d4d8-0455-4642-a1a9-0c3b174c2fcd" testListId="8c84fa94-04c1-424b-9868-57a2d4851a1d" />
    <TestEntry testId="46cc46f0-c0e1-f3e6-2242-cdef90a4249a" executionId="bcb07ade-e50c-430d-bf4f-2bdd5c145536" testListId="8c84fa94-04c1-424b-9868-57a2d4851a1d" />
    <TestEntry testId="a03675ec-665e-f4d5-4630-89e50dac0bfb" executionId="a20a9895-5015-40a0-883a-08c09ad54bac" testListId="8c84fa94-04c1-424b-9868-57a2d4851a1d" />
    <TestEntry testId="0f697beb-b7a4-6aa6-9017-b57feeb9ba7f" executionId="15bc0e30-77a9-4553-b371-b267aee7121c" testListId="8c84fa94-04c1-424b-9868-57a2d4851a1d" />
    <TestEntry testId="e37f41d3-77a8-1acd-c258-fbb5b724b134" executionId="2faf5492-3622-43d1-accc-a94cd7537298" testListId="8c84fa94-04c1-424b-9868-57a2d4851a1d" />
    <TestEntry testId="180814cc-22f9-91b2-cd9a-f54be7e1ba18" executionId="59796d9a-360e-430e-8c96-5207f798013f" testListId="8c84fa94-04c1-424b-9868-57a2d4851a1d" />
    <TestEntry testId="9e36eef1-cde7-a509-c95d-2249b6b02dbb" executionId="0cfcad17-3889-4638-87ca-d2fe43d9d27d" testListId="8c84fa94-04c1-424b-9868-57a2d4851a1d" />
    <TestEntry testId="856fd0c8-b6f8-9265-ccfd-2a9e615488e2" executionId="c7a745d5-0c48-4f3e-b004-73eb9a31bf75" testListId="8c84fa94-04c1-424b-9868-57a2d4851a1d" />
    <TestEntry testId="801afd1a-5f3d-0d0c-471a-96452bf5bc35" executionId="fb8be09f-39b6-43f1-a097-570b8d0ff8f9" testListId="8c84fa94-04c1-424b-9868-57a2d4851a1d" />
    <TestEntry testId="c8fd6d3c-b723-929b-f175-dbdc2a7be855" executionId="6ff94527-5dd6-4153-97f9-d0d14a3e4626" testListId="8c84fa94-04c1-424b-9868-57a2d4851a1d" />
    <TestEntry testId="bc15aa99-72de-0e5a-b6e8-2d654659d591" executionId="90157db7-f248-4f5e-8efe-085bd440f532" testListId="8c84fa94-04c1-424b-9868-57a2d4851a1d" />
    <TestEntry testId="77fe17c3-3cf8-a189-4d95-b2e0d3ca9579" executionId="1793aa2b-9fb2-4cb5-a54f-025b230be0fe" testListId="8c84fa94-04c1-424b-9868-57a2d4851a1d" />
    <TestEntry testId="e329bdc2-7660-b4b2-0687-a194b6e35f1d" executionId="689eb845-3938-4399-b7d0-10e3932e5d0c" testListId="8c84fa94-04c1-424b-9868-57a2d4851a1d" />
    <TestEntry testId="47f3e733-f069-b79f-9f6d-7c11fc368663" executionId="3aceb24b-b380-4397-8bfb-b73aa379a7d2" testListId="8c84fa94-04c1-424b-9868-57a2d4851a1d" />
    <TestEntry testId="e93b141b-fdfd-0f98-21e5-3eb211b6e88b" executionId="c7221c1e-142a-405e-9d20-c54e6bb15eee" testListId="8c84fa94-04c1-424b-9868-57a2d4851a1d" />
    <TestEntry testId="9064672f-1220-7bc0-f2b0-c66c74cccc5e" executionId="5445c3ae-2540-4172-ba4e-03ca240d6fb7" testListId="8c84fa94-04c1-424b-9868-57a2d4851a1d" />
    <TestEntry testId="8fbac209-421a-f9fa-c5fe-97403aedb24e" executionId="40be46cb-e857-4b36-b551-abd9820a9d5e" testListId="8c84fa94-04c1-424b-9868-57a2d4851a1d" />
    <TestEntry testId="579b7361-19a9-f329-acb3-de102dcfc793" executionId="54679a97-a375-4651-ab18-20cc58a2351a" testListId="8c84fa94-04c1-424b-9868-57a2d4851a1d" />
    <TestEntry testId="71a1897b-b713-c047-1c23-5efdff095b20" executionId="51d1fb78-f2c8-47a9-b4f5-189324e1e692" testListId="8c84fa94-04c1-424b-9868-57a2d4851a1d" />
    <TestEntry testId="432377b9-b0ad-9a2a-6dc2-e1069e73c449" executionId="24beb626-b990-4b6d-bf7a-d975a6a3c316" testListId="8c84fa94-04c1-424b-9868-57a2d4851a1d" />
    <TestEntry testId="15fe55e5-cdce-6280-ea15-ef777735767c" executionId="7971bcf8-1ed3-4ad6-9df2-611ef0819cfa" testListId="8c84fa94-04c1-424b-9868-57a2d4851a1d" />
    <TestEntry testId="2aceb911-de9d-b2eb-c8db-f6b3f880216f" executionId="80bcca0d-5f44-4ad2-afd8-55fc9c0069ab" testListId="8c84fa94-04c1-424b-9868-57a2d4851a1d" />
    <TestEntry testId="46df7735-43c3-1f8d-197a-cd21c82e5889" executionId="d07c75b3-0b0e-420e-a2f6-8b12d1079c1d" testListId="8c84fa94-04c1-424b-9868-57a2d4851a1d" />
    <TestEntry testId="bb347f18-44ab-0d77-d5bd-a671e4c37650" executionId="2fdb1813-a2a3-40a0-ab0a-457004ec5fba" testListId="8c84fa94-04c1-424b-9868-57a2d4851a1d" />
    <TestEntry testId="26cc48e2-5e82-bc12-cf41-e3a984599b8d" executionId="15f29d82-2d4d-4415-99e9-69614a001c39" testListId="8c84fa94-04c1-424b-9868-57a2d4851a1d" />
    <TestEntry testId="c09577a6-adca-ef94-40b5-45575ad65e4f" executionId="7900624c-ac78-4b6c-a519-bf75cc408631" testListId="8c84fa94-04c1-424b-9868-57a2d4851a1d" />
    <TestEntry testId="fbb73316-6f70-059a-1197-08f09a1221d6" executionId="2d00f2d9-0f27-4e4c-817d-e40f582c3614" testListId="8c84fa94-04c1-424b-9868-57a2d4851a1d" />
    <TestEntry testId="fb770b4f-f87b-13ad-88ac-a338dbbb0d57" executionId="64e371af-ecac-4a3b-bf0d-7e06ed3e18b7" testListId="8c84fa94-04c1-424b-9868-57a2d4851a1d" />
    <TestEntry testId="19a313ce-6632-bd6f-bb7e-c2dc7bcf20eb" executionId="96c5cecf-739e-4296-85b8-a6927d9bae14" testListId="8c84fa94-04c1-424b-9868-57a2d4851a1d" />
    <TestEntry testId="e9d3a3d6-32e0-613e-b55e-48afdf1ab686" executionId="b6ba4322-331d-434a-834e-069e26790402" testListId="8c84fa94-04c1-424b-9868-57a2d4851a1d" />
    <TestEntry testId="53cbdd8e-a1ef-5d22-8745-938609ed19c2" executionId="e03de64a-0082-474a-9dc2-d4eac7acff2b" testListId="8c84fa94-04c1-424b-9868-57a2d4851a1d" />
    <TestEntry testId="3e6d6aa9-9b6d-dd96-b54c-49f88780a2b4" executionId="547af436-1778-4c66-8224-0fb187805a84" testListId="8c84fa94-04c1-424b-9868-57a2d4851a1d" />
    <TestEntry testId="0cfd0c7c-1a61-7d19-c2fa-3c8a47ccf09c" executionId="8f6a13c7-a3bb-477f-bb0a-1d6308a029ce" testListId="8c84fa94-04c1-424b-9868-57a2d4851a1d" />
    <TestEntry testId="db5f34ff-df7c-44e5-6721-c319db8d6da0" executionId="6bace2ff-9077-4c63-9272-cc5c26589299" testListId="8c84fa94-04c1-424b-9868-57a2d4851a1d" />
    <TestEntry testId="98d4dd82-eb94-c060-7aeb-9b0a39f334fb" executionId="610ea67f-2dd9-4ac4-8706-e13a36c859ec" testListId="8c84fa94-04c1-424b-9868-57a2d4851a1d" />
    <TestEntry testId="0b1e4893-9444-2235-b7fa-3782f9932212" executionId="208e160f-4f08-430a-8b7c-ab80fa0663a2" testListId="8c84fa94-04c1-424b-9868-57a2d4851a1d" />
    <TestEntry testId="580ff04a-e5c0-9f2f-90c3-4f2aeafd15c5" executionId="96d5d04e-334e-4515-b92b-69741ff97d15" testListId="8c84fa94-04c1-424b-9868-57a2d4851a1d" />
    <TestEntry testId="1e15a82e-c1da-d4c9-090a-c7fc200f7f58" executionId="a55d4367-9513-4a1f-b0d8-bc6b52112a7a" testListId="8c84fa94-04c1-424b-9868-57a2d4851a1d" />
    <TestEntry testId="0ee8121e-b492-a57d-d072-de988a4e30f8" executionId="19c8731b-f400-41ae-87af-e6cfa9483026" testListId="8c84fa94-04c1-424b-9868-57a2d4851a1d" />
    <TestEntry testId="43949294-e4b7-cf4d-0d69-84ccc9e58406" executionId="432659ff-de13-41ff-88d3-2d5c207bd4d0" testListId="8c84fa94-04c1-424b-9868-57a2d4851a1d" />
    <TestEntry testId="c19b83a3-45fc-e848-cbcc-7f68b66eb4e3" executionId="d66e59d9-a513-4549-add9-291cb65a9459" testListId="8c84fa94-04c1-424b-9868-57a2d4851a1d" />
    <TestEntry testId="7daaba64-d3ad-9109-43bf-bdb516b673b8" executionId="49a343b4-acd4-431d-a116-57a9e45c5f7d" testListId="8c84fa94-04c1-424b-9868-57a2d4851a1d" />
    <TestEntry testId="bc6955b8-aec0-957c-bad4-853e5cfa19a1" executionId="a56051f4-16da-4626-9615-4c86ef01fd0e" testListId="8c84fa94-04c1-424b-9868-57a2d4851a1d" />
    <TestEntry testId="1b969e76-d97c-c639-c377-a41796fbb2c3" executionId="90cefa99-3e20-4977-8a24-3d506ee98fde" testListId="8c84fa94-04c1-424b-9868-57a2d4851a1d" />
    <TestEntry testId="64bc1554-814c-3c40-a6b0-679b40b89c36" executionId="f2f33ab5-fc51-4138-bddb-e6790ec75109" testListId="8c84fa94-04c1-424b-9868-57a2d4851a1d" />
    <TestEntry testId="8c1d1a56-be42-3df5-a82e-36b97c2860b8" executionId="4c26bef0-c2f8-45f0-a734-777b665bc339" testListId="8c84fa94-04c1-424b-9868-57a2d4851a1d" />
    <TestEntry testId="c180eeb5-df7f-187e-c74d-0f6d31acdec5" executionId="479e96bd-b3ff-45d0-90d5-cafd3fdc28d8" testListId="8c84fa94-04c1-424b-9868-57a2d4851a1d" />
    <TestEntry testId="f17b6f1f-06a9-5318-815f-4c3950fdd0cb" executionId="3d9a5072-b21e-4e1a-8d9c-2d65b0cef158" testListId="8c84fa94-04c1-424b-9868-57a2d4851a1d" />
    <TestEntry testId="313cfb2c-8c3b-337b-12f8-296f8611376d" executionId="b3e53014-fda8-4b9b-b791-1036a1b8e851" testListId="8c84fa94-04c1-424b-9868-57a2d4851a1d" />
    <TestEntry testId="a1095294-226e-a0f0-0154-11290289c9db" executionId="a4ca3c3b-6066-475e-be59-66e94d0d524e" testListId="8c84fa94-04c1-424b-9868-57a2d4851a1d" />
    <TestEntry testId="08f63e9f-68bb-2ff4-88d9-c74b03747527" executionId="f6ad87ba-3559-4667-a66a-85ef8622a737" testListId="8c84fa94-04c1-424b-9868-57a2d4851a1d" />
    <TestEntry testId="31126d50-f667-908c-85f3-09f9d9272df9" executionId="f09adf62-ce60-4f09-a9d5-2a60add949c9" testListId="8c84fa94-04c1-424b-9868-57a2d4851a1d" />
    <TestEntry testId="43c10c64-8836-30db-afbe-d1657a7dd9d8" executionId="849938e4-8897-452c-a14e-f4559e8c949a" testListId="8c84fa94-04c1-424b-9868-57a2d4851a1d" />
    <TestEntry testId="ab274dac-b194-4e0f-6fab-a20667b535a8" executionId="52c233bf-f5c9-49cf-ae02-a3bf53de9005" testListId="8c84fa94-04c1-424b-9868-57a2d4851a1d" />
    <TestEntry testId="1577c538-d1be-5b59-2b09-8e59b0be5fcd" executionId="c8332a1f-76df-4f75-95c6-59d426c67382" testListId="8c84fa94-04c1-424b-9868-57a2d4851a1d" />
    <TestEntry testId="e608205e-4953-e9a3-1956-895ed42ab083" executionId="d5729d57-ee0d-4ad1-845e-6e925b71cc9f" testListId="8c84fa94-04c1-424b-9868-57a2d4851a1d" />
    <TestEntry testId="8a5cc6e0-e73e-2131-64bd-e73fc6c2a32e" executionId="4f5b2480-ad66-4e21-8118-c280599c9ce6" testListId="8c84fa94-04c1-424b-9868-57a2d4851a1d" />
    <TestEntry testId="3721d3c1-7c03-ad84-143f-64bfeb5b314e" executionId="1395fa19-3697-4ee0-befa-6201731cb915" testListId="8c84fa94-04c1-424b-9868-57a2d4851a1d" />
    <TestEntry testId="ee30e1f9-ce80-c70a-1b56-b7e02750ae26" executionId="b42b0329-17db-4951-b0e6-8022f1d9f87d" testListId="8c84fa94-04c1-424b-9868-57a2d4851a1d" />
    <TestEntry testId="06b145c3-38af-bef9-3a11-59191b7a7e3e" executionId="c304f534-9092-4e8e-a0c5-a69cd6ea3a28" testListId="8c84fa94-04c1-424b-9868-57a2d4851a1d" />
    <TestEntry testId="4d9bde6c-668c-a1d3-dc60-edcfc6a4082c" executionId="06001bb2-2fba-4215-abbb-bff2075ac764" testListId="8c84fa94-04c1-424b-9868-57a2d4851a1d" />
    <TestEntry testId="86b92527-4d52-052b-63ae-d9a8aa694919" executionId="da9ff902-b94e-4e95-b45a-7bb761003385" testListId="8c84fa94-04c1-424b-9868-57a2d4851a1d" />
    <TestEntry testId="c330741e-ad40-618c-36cc-508c135d2b95" executionId="8299c761-b19a-4558-ada9-53152c67f963" testListId="8c84fa94-04c1-424b-9868-57a2d4851a1d" />
    <TestEntry testId="1f173fff-9060-8c18-f825-225901225244" executionId="5fc112af-b6b6-473a-811e-50cefa2e84ce" testListId="8c84fa94-04c1-424b-9868-57a2d4851a1d" />
    <TestEntry testId="5517211d-203c-115f-7dc1-6f48da8ab75b" executionId="a9fbe82b-1d6e-43ae-829e-e70625078d57" testListId="8c84fa94-04c1-424b-9868-57a2d4851a1d" />
    <TestEntry testId="430dec51-b9df-7e06-fff9-78e6d362c2d8" executionId="afda7a17-cfc9-46a1-887a-127cfca19b9c" testListId="8c84fa94-04c1-424b-9868-57a2d4851a1d" />
    <TestEntry testId="1dab5b85-21d2-af6f-92e5-af8126f0e2fb" executionId="2a442a7c-7e77-46ff-80cc-b1113236b845" testListId="8c84fa94-04c1-424b-9868-57a2d4851a1d" />
    <TestEntry testId="4ead3f79-a54e-1b96-838c-d0c2f491cb0d" executionId="edaa010e-131d-49ce-b5fb-596b7c57ca50" testListId="8c84fa94-04c1-424b-9868-57a2d4851a1d" />
    <TestEntry testId="fa00d2a8-59b9-ad9e-caa1-a0c9e3156db1" executionId="0629f3ed-e976-4b32-b46d-4db75cc131fb" testListId="8c84fa94-04c1-424b-9868-57a2d4851a1d" />
    <TestEntry testId="0b00f09d-f7e4-fb1e-68ad-8102cf6143e0" executionId="a6088eae-91fb-436a-aeff-d3a8d899d98d" testListId="8c84fa94-04c1-424b-9868-57a2d4851a1d" />
    <TestEntry testId="d6d04f4a-9142-b816-d673-c4abf49a39ad" executionId="e05d1a4e-3571-430d-bcdb-cc104b2f055e" testListId="8c84fa94-04c1-424b-9868-57a2d4851a1d" />
    <TestEntry testId="65b9b71b-a8d5-2a7d-a8a7-0e3a015e6b68" executionId="2d65f7a0-b76b-4d53-b687-24c7eaa8c846" testListId="8c84fa94-04c1-424b-9868-57a2d4851a1d" />
    <TestEntry testId="0c633595-70e8-b011-5a46-c9c7e1687cb9" executionId="3f6e79ae-3a13-4e35-976c-df2123f625cd" testListId="8c84fa94-04c1-424b-9868-57a2d4851a1d" />
    <TestEntry testId="18040ed3-941e-dd1e-cb8c-4d34d103f370" executionId="4315e52e-19b9-4321-afcb-d05799592eee" testListId="8c84fa94-04c1-424b-9868-57a2d4851a1d" />
    <TestEntry testId="447ced0a-6221-43ff-44ab-4ee12ee4d012" executionId="a402fa10-7cf0-482d-a12a-1cfccdf942e6" testListId="8c84fa94-04c1-424b-9868-57a2d4851a1d" />
    <TestEntry testId="d0b36a04-4127-30ad-3e5f-debee628dde9" executionId="0b5b20c0-750c-49e8-93e3-1b117d623edf" testListId="8c84fa94-04c1-424b-9868-57a2d4851a1d" />
    <TestEntry testId="3443f7f5-ee1a-f375-e5b1-f7ffa940c0db" executionId="f28311b0-8a62-423e-ae67-ed046fbfabf7" testListId="8c84fa94-04c1-424b-9868-57a2d4851a1d" />
    <TestEntry testId="006d3c07-11d3-9f4b-c045-6799df52bbfb" executionId="e4033789-8c72-415f-bf62-c8ce3ba2d62b" testListId="8c84fa94-04c1-424b-9868-57a2d4851a1d" />
    <TestEntry testId="4315ebd1-3e2a-edf0-9de6-c78f08760fe3" executionId="c4aacbad-4b19-4787-a74b-8bdd5619139c" testListId="8c84fa94-04c1-424b-9868-57a2d4851a1d" />
    <TestEntry testId="29295413-2308-fade-9c98-0e9ed6c67839" executionId="80ce4be1-2fdc-4e59-a76e-f51972e05614" testListId="8c84fa94-04c1-424b-9868-57a2d4851a1d" />
    <TestEntry testId="17a38df3-33e0-71ac-f8cb-dcdd3ade7269" executionId="f1bd663a-8a04-4ce9-80a3-2bae09d1844c" testListId="8c84fa94-04c1-424b-9868-57a2d4851a1d" />
    <TestEntry testId="b9a89fa2-355c-e886-bec5-28d3cf549be6" executionId="f8b06784-1712-4c6f-a7fa-af474746fe34" testListId="8c84fa94-04c1-424b-9868-57a2d4851a1d" />
    <TestEntry testId="504465b7-a3fe-9023-93b9-ffece1903418" executionId="a654c80a-d710-4ccb-af56-5393250fb3d3" testListId="8c84fa94-04c1-424b-9868-57a2d4851a1d" />
    <TestEntry testId="aaa46586-7b83-9a88-e835-ae92592f98a3" executionId="fbc6bd25-f224-458b-b37d-899d4ddf650b" testListId="8c84fa94-04c1-424b-9868-57a2d4851a1d" />
    <TestEntry testId="c63cd623-e636-5730-a1fa-b18ae782acc7" executionId="c6112558-c435-4679-8216-e30267f96b6a" testListId="8c84fa94-04c1-424b-9868-57a2d4851a1d" />
    <TestEntry testId="73904cd7-b09d-89fc-efca-330cb9d1d1b7" executionId="1aae6c6c-ee0d-4fe6-84e7-7635f4e876f8" testListId="8c84fa94-04c1-424b-9868-57a2d4851a1d" />
    <TestEntry testId="922c5a5d-5d46-b5de-bcbd-4fac0addd422" executionId="f6b2d765-d627-4644-9a99-405f10eb5de4" testListId="8c84fa94-04c1-424b-9868-57a2d4851a1d" />
    <TestEntry testId="334e3485-05b4-4549-cacd-aef8fff10757" executionId="e4d362c9-1b6b-4360-aff4-cf57d4b5b9b2" testListId="8c84fa94-04c1-424b-9868-57a2d4851a1d" />
    <TestEntry testId="3c82816f-4e62-7440-d30d-abbd53b1dcea" executionId="93330d50-a1b5-454b-820f-3669511bae7c" testListId="8c84fa94-04c1-424b-9868-57a2d4851a1d" />
    <TestEntry testId="66f7bc12-fe2b-fd81-3cbf-5bc4840aa6f8" executionId="fa812a83-3c5b-4062-8781-a596c47264ee" testListId="8c84fa94-04c1-424b-9868-57a2d4851a1d" />
    <TestEntry testId="33545399-79af-5e7f-5179-57fe5645f4be" executionId="e3017afd-6d60-45da-b172-6bece1b8ba00" testListId="8c84fa94-04c1-424b-9868-57a2d4851a1d" />
    <TestEntry testId="e53d2439-2080-43bd-e38b-a60253b60af1" executionId="b291ce84-f088-4036-bba3-a25b0c285b02" testListId="8c84fa94-04c1-424b-9868-57a2d4851a1d" />
    <TestEntry testId="def94964-1ba4-f78f-2dac-38055bb04256" executionId="d17add5c-85bf-4e33-b85b-4644dd42b6ba" testListId="8c84fa94-04c1-424b-9868-57a2d4851a1d" />
    <TestEntry testId="d51ea295-e896-101a-6578-05ae772bcbfb" executionId="14122c09-a537-44e0-abfd-0b344acb136b" testListId="8c84fa94-04c1-424b-9868-57a2d4851a1d" />
    <TestEntry testId="55f105d6-fc07-21db-e70a-db30ccdb0844" executionId="b0192133-efcf-4c25-8f9a-f484a014b8e4" testListId="8c84fa94-04c1-424b-9868-57a2d4851a1d" />
    <TestEntry testId="98331ff8-6ed1-e7ba-c8dd-be5bd5b6cb2c" executionId="b8df5b4e-d61c-41d1-970d-492fff11591b" testListId="8c84fa94-04c1-424b-9868-57a2d4851a1d" />
    <TestEntry testId="8a110a46-40a4-c9bb-083e-1c3fcb5b45b7" executionId="61e38257-da69-45e7-94b7-6c874b6be74b" testListId="8c84fa94-04c1-424b-9868-57a2d4851a1d" />
    <TestEntry testId="3f0bf65d-a3af-41bf-ac79-126a0efc4fd4" executionId="471fc8f1-67c8-46db-bdd5-a41fb51d47e3" testListId="8c84fa94-04c1-424b-9868-57a2d4851a1d" />
    <TestEntry testId="a702dc43-b5af-c889-d32e-e69ee2d100af" executionId="834b1ab8-d0a1-4f3c-ab01-2a7f4dc65d82" testListId="8c84fa94-04c1-424b-9868-57a2d4851a1d" />
    <TestEntry testId="f2d267b8-d5a7-6c91-de6d-813182908c7f" executionId="11c1fe97-a53d-4127-b7f3-83ad4cca5780" testListId="8c84fa94-04c1-424b-9868-57a2d4851a1d" />
    <TestEntry testId="9af963da-8209-d683-34a5-be793bc59993" executionId="90e8f07d-417a-42af-81c8-027e3043250d" testListId="8c84fa94-04c1-424b-9868-57a2d4851a1d" />
    <TestEntry testId="b399a6be-77e5-c0ba-9b75-93d2ac763084" executionId="fba07308-4488-451f-b642-db7f529c88f3" testListId="8c84fa94-04c1-424b-9868-57a2d4851a1d" />
    <TestEntry testId="1c5fe271-1e90-52f5-1f31-436b17e57702" executionId="80afc328-9daa-4220-ac70-7074e24e1723" testListId="8c84fa94-04c1-424b-9868-57a2d4851a1d" />
    <TestEntry testId="5ac755a3-81c6-56a5-464d-fd3393128598" executionId="f67cdda8-7430-4ddd-811c-bc6820be4c83" testListId="8c84fa94-04c1-424b-9868-57a2d4851a1d" />
    <TestEntry testId="a2b6017f-838f-c435-81c1-a75dd92108eb" executionId="c4ebe733-cee3-492b-94a7-0b3b93633fb8" testListId="8c84fa94-04c1-424b-9868-57a2d4851a1d" />
    <TestEntry testId="760ae14b-6c0d-0288-811d-408b67937415" executionId="a20eedc1-d0d9-4e80-8b5a-d2502b10679a" testListId="8c84fa94-04c1-424b-9868-57a2d4851a1d" />
    <TestEntry testId="bf8f6922-5666-8ec7-1500-aabd5997d6a4" executionId="e146426e-7e88-49fa-8896-e3e1c519ff8b" testListId="8c84fa94-04c1-424b-9868-57a2d4851a1d" />
    <TestEntry testId="481343f9-3ff3-548f-0c6c-41599cf65802" executionId="e98090b7-226e-427a-b7f1-99da000f846a" testListId="8c84fa94-04c1-424b-9868-57a2d4851a1d" />
    <TestEntry testId="eb3fbb45-8257-f4b8-0975-042f859a72bf" executionId="f38981dc-d67b-4d79-9080-6590d780db1b" testListId="8c84fa94-04c1-424b-9868-57a2d4851a1d" />
    <TestEntry testId="69b6ed05-fdf2-6989-0583-109b4777a6ac" executionId="8f0c3a89-4abc-4f0c-9acf-391f55f058c3" testListId="8c84fa94-04c1-424b-9868-57a2d4851a1d" />
    <TestEntry testId="b048c16a-68b4-cdf3-3166-fb9613323b68" executionId="fb3340a4-e34a-4cfe-a3d4-1204f60527bd" testListId="8c84fa94-04c1-424b-9868-57a2d4851a1d" />
    <TestEntry testId="bd43e66e-fbae-26eb-a9a1-c58a6bf5d7af" executionId="dfe5fd1f-a4df-40a2-a51c-d25305552eda" testListId="8c84fa94-04c1-424b-9868-57a2d4851a1d" />
    <TestEntry testId="57d3cdd8-8268-9aa3-6f39-3cc0224b305c" executionId="348a8ec4-cb07-41f7-a46a-a940523532b5" testListId="8c84fa94-04c1-424b-9868-57a2d4851a1d" />
    <TestEntry testId="640513b3-feee-19a8-efba-5817e77ff3ee" executionId="394f4fa5-e22d-41c1-bb89-aab4443a7a82" testListId="8c84fa94-04c1-424b-9868-57a2d4851a1d" />
    <TestEntry testId="635e001f-2a50-f191-84e2-e81cd2000fdf" executionId="01bcc886-b48f-482e-95ba-8fd74977eb93" testListId="8c84fa94-04c1-424b-9868-57a2d4851a1d" />
    <TestEntry testId="1c5de28c-f1b3-c94d-8e43-201eab8c2ff8" executionId="483a8e2e-6357-4d82-9542-359f5a093ce0" testListId="8c84fa94-04c1-424b-9868-57a2d4851a1d" />
    <TestEntry testId="5e237822-3b9d-da27-9221-3ae1f5eb15b0" executionId="30e2d45b-bc05-4216-bdc6-0eff3d71e0e0" testListId="8c84fa94-04c1-424b-9868-57a2d4851a1d" />
    <TestEntry testId="ac572b27-5286-68a4-5380-d7de82fbf69a" executionId="65aa8739-bfe7-42d9-b608-c6ab791e9eb8" testListId="8c84fa94-04c1-424b-9868-57a2d4851a1d" />
    <TestEntry testId="9eeef095-29ed-4872-a36c-ca4832350421" executionId="d14ab4b9-3bc6-41df-b2fa-a9f6bf9ab2ce" testListId="8c84fa94-04c1-424b-9868-57a2d4851a1d" />
    <TestEntry testId="c00cb1b0-a36c-2ae8-4230-b32afb3c83f9" executionId="5ddd3385-00dc-4b33-b91d-caf4031c52f6" testListId="8c84fa94-04c1-424b-9868-57a2d4851a1d" />
    <TestEntry testId="725d136c-3e7a-6e51-fc61-03203ffec0b5" executionId="350fbdea-bd17-444a-91dd-47c3693424d6" testListId="8c84fa94-04c1-424b-9868-57a2d4851a1d" />
    <TestEntry testId="7be8a004-8e29-0f01-8ada-f15377193150" executionId="bd79aff2-9b9f-44fd-b1d1-e5982053d995" testListId="8c84fa94-04c1-424b-9868-57a2d4851a1d" />
    <TestEntry testId="fcd9a6e3-ee1d-7212-668e-2b0865200d81" executionId="2ab4a2ab-5539-4709-b403-10d181098366" testListId="8c84fa94-04c1-424b-9868-57a2d4851a1d" />
    <TestEntry testId="161f5d07-7835-e575-5072-b9d787ef451c" executionId="5f4ec7e6-f7fa-493a-888a-4087b4439f80" testListId="8c84fa94-04c1-424b-9868-57a2d4851a1d" />
    <TestEntry testId="b871cd27-681f-8d07-6c2a-809341ba2909" executionId="c758065f-5409-46d7-832f-b8a995629ae4" testListId="8c84fa94-04c1-424b-9868-57a2d4851a1d" />
    <TestEntry testId="d7c20db6-f712-8539-ac01-01e8f4033fac" executionId="9b5a52b1-db10-41f5-b944-21e0eba56225" testListId="8c84fa94-04c1-424b-9868-57a2d4851a1d" />
    <TestEntry testId="5c861184-f295-e727-0fd4-d218f13da14d" executionId="ed19fa42-5d76-4fb1-b70f-1d26a27abb45" testListId="8c84fa94-04c1-424b-9868-57a2d4851a1d" />
    <TestEntry testId="320700ce-aa3b-5818-fb18-706cf7605472" executionId="d78b0714-0320-43e2-b011-cbb62858f909" testListId="8c84fa94-04c1-424b-9868-57a2d4851a1d" />
    <TestEntry testId="ffa669f9-8e25-a33b-f8f7-c3ba4a576a2b" executionId="9d7b1446-bd9b-4ef2-8a53-ffe344f5f3ef" testListId="8c84fa94-04c1-424b-9868-57a2d4851a1d" />
    <TestEntry testId="859b5acf-9d8b-7620-f96f-ba83c1545a71" executionId="1d9330a0-8924-49ba-af51-4c51d9982b0d" testListId="8c84fa94-04c1-424b-9868-57a2d4851a1d" />
    <TestEntry testId="0a999e9b-220b-0f64-a533-84896c20ce13" executionId="3aeaa8d7-cd16-46dc-9311-a3ff2d85e59c" testListId="8c84fa94-04c1-424b-9868-57a2d4851a1d" />
    <TestEntry testId="42ded375-26ee-044e-44a7-9eab5e4cd342" executionId="2685905b-e379-432e-af67-04e8f7b80d59" testListId="8c84fa94-04c1-424b-9868-57a2d4851a1d" />
    <TestEntry testId="a4956cd8-34a7-6fca-5b71-6eb98cedd9b0" executionId="bec7a605-3891-4a35-8a76-dedeccd1db22" testListId="8c84fa94-04c1-424b-9868-57a2d4851a1d" />
    <TestEntry testId="31ff6168-d18d-0013-7c18-0ff775714202" executionId="392fc57b-1fec-4b3f-ab60-08ae9cfcd1e7" testListId="8c84fa94-04c1-424b-9868-57a2d4851a1d" />
    <TestEntry testId="7c09a438-5465-f760-64b2-23d25fc199f5" executionId="2ed3206e-66c3-4a0b-9ed6-fa3b0121f62f" testListId="8c84fa94-04c1-424b-9868-57a2d4851a1d" />
    <TestEntry testId="30809299-0e3e-4ac7-4a2a-6f8c296d2226" executionId="b487d3b5-3fc2-46ed-8c76-cc2323109c2d" testListId="8c84fa94-04c1-424b-9868-57a2d4851a1d" />
    <TestEntry testId="1f6423c7-4317-6f5b-c112-f4c9c7e822af" executionId="18c1b792-5e82-4550-ace7-8731b2daa967" testListId="8c84fa94-04c1-424b-9868-57a2d4851a1d" />
    <TestEntry testId="7f0aeefe-ba4a-5404-c6f8-82be67718cc4" executionId="7bd6a016-913c-4eb2-b2d8-b1cf3cb975bc" testListId="8c84fa94-04c1-424b-9868-57a2d4851a1d" />
    <TestEntry testId="21ae5425-e2d1-002f-334f-105a6a674a01" executionId="17a634b2-7b5b-4be1-b2e8-ededecf44f4c" testListId="8c84fa94-04c1-424b-9868-57a2d4851a1d" />
    <TestEntry testId="a272f84c-2bd5-daa4-4afe-22346b802f86" executionId="918dbbac-0817-4061-9e9f-f2c0d7acc17b" testListId="8c84fa94-04c1-424b-9868-57a2d4851a1d" />
    <TestEntry testId="29112d2a-2e73-305d-ec50-12fc95c28627" executionId="bbd00c03-5f5e-4677-a131-86de73df36b2" testListId="8c84fa94-04c1-424b-9868-57a2d4851a1d" />
    <TestEntry testId="b8bb90de-6285-0f1c-e0f2-f3ba1f987370" executionId="bad64ec6-a005-4193-98b0-dacbaf59dbfc" testListId="8c84fa94-04c1-424b-9868-57a2d4851a1d" />
    <TestEntry testId="f752d50b-77fa-327a-4493-168161bd27b2" executionId="a2b50454-da34-4117-9920-70d615cb21dc" testListId="8c84fa94-04c1-424b-9868-57a2d4851a1d" />
    <TestEntry testId="1340b308-d9eb-a26e-e042-04d6c1d9a958" executionId="edc5d4b0-5da3-4b97-b423-6713e4499571" testListId="8c84fa94-04c1-424b-9868-57a2d4851a1d" />
    <TestEntry testId="2799ef62-9686-0dc7-84d2-73639b0030f7" executionId="f5c71090-2a02-4d2b-ad1a-21f4c02ae7ca" testListId="8c84fa94-04c1-424b-9868-57a2d4851a1d" />
    <TestEntry testId="225c09bd-86d5-d9ce-d2b8-18431ca384e3" executionId="6cf5bc67-4c86-4318-b448-1231d605157a" testListId="8c84fa94-04c1-424b-9868-57a2d4851a1d" />
    <TestEntry testId="c87d842d-198f-fc52-0a70-418a5e5378ab" executionId="19fe5837-12ab-4b64-bab0-6f18bd254cc5" testListId="8c84fa94-04c1-424b-9868-57a2d4851a1d" />
    <TestEntry testId="4a3afd90-c6ab-e82e-40d8-b40450680318" executionId="345bd76a-2240-43a1-b1db-d9c91e7272f9" testListId="8c84fa94-04c1-424b-9868-57a2d4851a1d" />
    <TestEntry testId="40108f40-2761-0a89-d16d-ad113b5f3dd5" executionId="8adaf5d8-2f2a-46b3-851a-6563532196b6" testListId="8c84fa94-04c1-424b-9868-57a2d4851a1d" />
    <TestEntry testId="297c060d-406b-f933-91fe-dfd3459b8ace" executionId="8af3ee67-62db-41d6-9e67-a9fe5e601875" testListId="8c84fa94-04c1-424b-9868-57a2d4851a1d" />
    <TestEntry testId="074815db-ddf2-9c1f-0fef-7f709183591e" executionId="fead02ea-e623-4b25-b956-057495a8e563" testListId="8c84fa94-04c1-424b-9868-57a2d4851a1d" />
    <TestEntry testId="678a7b5d-e2f9-09be-f35f-0e3e4d5ad033" executionId="a70bf98e-f36f-4b12-a7d3-22de78e9f2f1" testListId="8c84fa94-04c1-424b-9868-57a2d4851a1d" />
    <TestEntry testId="6fc389b2-a5f3-ded0-63b6-7e1b4cca8442" executionId="f6449499-0241-48d1-9a93-a3184d86820e" testListId="8c84fa94-04c1-424b-9868-57a2d4851a1d" />
    <TestEntry testId="f0f37a42-1a3a-10a5-5f17-e01b9915abd3" executionId="e5f84994-b2c8-461f-a882-84e7154d1ef9" testListId="8c84fa94-04c1-424b-9868-57a2d4851a1d" />
    <TestEntry testId="1237bc5f-42ea-8c7f-8602-051620acda95" executionId="27b32441-6d89-437f-948f-918617bb8493" testListId="8c84fa94-04c1-424b-9868-57a2d4851a1d" />
    <TestEntry testId="4e1a5879-f3c8-4fdb-51d0-c4cf0a35e0bf" executionId="bd17381c-3fa7-4b62-bccc-2a6b28ef930d" testListId="8c84fa94-04c1-424b-9868-57a2d4851a1d" />
    <TestEntry testId="19f76070-822e-31f8-2a9f-a96f774333a7" executionId="517ba090-8479-4db7-a575-bcd22ee45217" testListId="8c84fa94-04c1-424b-9868-57a2d4851a1d" />
    <TestEntry testId="6088101f-62c5-69c8-6751-05523b132d06" executionId="331b3db6-6af3-46ff-86f8-ff6f6d2566a8" testListId="8c84fa94-04c1-424b-9868-57a2d4851a1d" />
    <TestEntry testId="a95f665c-aa8d-208d-902c-60a464250c99" executionId="d4c11ca7-9853-43b8-85ff-c63a1f6372c7" testListId="8c84fa94-04c1-424b-9868-57a2d4851a1d" />
    <TestEntry testId="7c679bcb-7a59-8751-0063-1ef6e07cb160" executionId="212ce125-f4d6-4b8b-a289-100e2107a50e" testListId="8c84fa94-04c1-424b-9868-57a2d4851a1d" />
    <TestEntry testId="f8b74494-d277-7173-e694-2a4d463a4607" executionId="72238ba3-d266-4023-941f-e0cd8fba4195" testListId="8c84fa94-04c1-424b-9868-57a2d4851a1d" />
    <TestEntry testId="a75e991f-5e03-3949-85d6-afa1f14455d4" executionId="b741b9db-1584-4c46-9751-3f5ca015d664" testListId="8c84fa94-04c1-424b-9868-57a2d4851a1d" />
    <TestEntry testId="96f263a8-e1d9-0070-21ba-583144d2d030" executionId="b9d3b0ee-0de9-4866-9350-12b7c50f1e0c" testListId="8c84fa94-04c1-424b-9868-57a2d4851a1d" />
    <TestEntry testId="4ff63349-9eef-ad1f-85cf-a84cda1ff120" executionId="eeaec41c-bc19-4345-ab73-949d738239cd" testListId="8c84fa94-04c1-424b-9868-57a2d4851a1d" />
    <TestEntry testId="1761ee10-7c34-b565-b889-1885bffe91c3" executionId="d5218585-9b1c-45eb-955f-0ff576ef00fc" testListId="8c84fa94-04c1-424b-9868-57a2d4851a1d" />
    <TestEntry testId="4184a91b-5297-4872-2a98-1ef97e124515" executionId="89773cdc-4039-4146-8b87-d3a105169124" testListId="8c84fa94-04c1-424b-9868-57a2d4851a1d" />
    <TestEntry testId="e2880a6e-7a01-b4ba-86fb-4d33be072972" executionId="90fb8a2a-1dfb-4986-b91a-388bfc8c6930" testListId="8c84fa94-04c1-424b-9868-57a2d4851a1d" />
    <TestEntry testId="8dccdb77-e6a8-58c6-9bd0-108f87c5ff65" executionId="38062f9b-7974-412f-bdff-51ee356a2b42" testListId="8c84fa94-04c1-424b-9868-57a2d4851a1d" />
    <TestEntry testId="f2debf4a-2a42-7b0b-1005-8f74a6fc63cb" executionId="891ab941-c215-4552-8772-5988d8421649" testListId="8c84fa94-04c1-424b-9868-57a2d4851a1d" />
    <TestEntry testId="74c0befe-cdb2-1fdf-be71-2a39199bb5c9" executionId="2f407622-0f82-4108-b249-da4b09fd36cf" testListId="8c84fa94-04c1-424b-9868-57a2d4851a1d" />
    <TestEntry testId="8f970201-c66a-ecfa-fa45-503451c8c439" executionId="a93ef031-8861-4887-b1b5-75708e042d3f" testListId="8c84fa94-04c1-424b-9868-57a2d4851a1d" />
    <TestEntry testId="87c5dbd3-fd2a-1e49-42e5-8dc78affc8d6" executionId="1ce1cb53-d5f6-4868-8501-618673467685" testListId="8c84fa94-04c1-424b-9868-57a2d4851a1d" />
    <TestEntry testId="056700a7-2506-75ed-a80a-ddf2ddb5d2a8" executionId="9ea65494-ca76-4020-8e2e-476850917190" testListId="8c84fa94-04c1-424b-9868-57a2d4851a1d" />
    <TestEntry testId="118e36ba-6572-1245-e05b-9bcc7b4e5e20" executionId="8eb9e798-26bb-4673-bf70-04030b719442" testListId="8c84fa94-04c1-424b-9868-57a2d4851a1d" />
    <TestEntry testId="845c887e-a785-555d-db89-1c2975a33bbb" executionId="cc7942e4-2ff5-4f77-9e03-6d2c0d5cfdea" testListId="8c84fa94-04c1-424b-9868-57a2d4851a1d" />
    <TestEntry testId="1064d8aa-5d0e-6bf5-83ee-952a4d1fd93b" executionId="33673ab8-d069-4850-9b80-6051179c0bfc" testListId="8c84fa94-04c1-424b-9868-57a2d4851a1d" />
    <TestEntry testId="6c59b811-73c0-2540-9661-8c8f2a459ff2" executionId="f635ed88-2ae5-4696-9969-8f02cf5e8907" testListId="8c84fa94-04c1-424b-9868-57a2d4851a1d" />
    <TestEntry testId="34e0940c-fc9c-71db-fc18-7d52ee8761a0" executionId="0f2467f7-fa0b-433a-b000-0d1783337a26" testListId="8c84fa94-04c1-424b-9868-57a2d4851a1d" />
    <TestEntry testId="cf950ab2-9fe4-ec30-43b4-2f3a99b5167d" executionId="809d3f61-754c-4008-bc00-f3843a5bfaec" testListId="8c84fa94-04c1-424b-9868-57a2d4851a1d" />
    <TestEntry testId="2e87c537-4979-f58b-6e83-f3d4ee161ff1" executionId="cc670a6b-0feb-4820-8b92-4a31008006ec" testListId="8c84fa94-04c1-424b-9868-57a2d4851a1d" />
    <TestEntry testId="c2d3c8df-32e7-92dc-91f8-057e8c4da6b9" executionId="1de9a879-e1c3-498d-bd2f-7c7c964b3aed" testListId="8c84fa94-04c1-424b-9868-57a2d4851a1d" />
    <TestEntry testId="e9b23f0c-0cde-4603-1739-ee642fd33c36" executionId="d39efaa0-a513-4e1c-8778-45589efda7d0" testListId="8c84fa94-04c1-424b-9868-57a2d4851a1d" />
    <TestEntry testId="65b9c427-b5ec-99b4-199a-0093cd460501" executionId="de6d4868-c9eb-4073-85c2-fe4e39887fe2" testListId="8c84fa94-04c1-424b-9868-57a2d4851a1d" />
    <TestEntry testId="9d64a285-266d-52de-ef34-34102f8ad12c" executionId="2cf50e6b-3a8a-4b5e-96e2-c41a0f8b57a4" testListId="8c84fa94-04c1-424b-9868-57a2d4851a1d" />
    <TestEntry testId="cd004a9f-a0f6-2fdf-aeae-1890f4ab8e71" executionId="3fd66f0f-7ce4-49a2-8b94-7c2a2885ceef" testListId="8c84fa94-04c1-424b-9868-57a2d4851a1d" />
    <TestEntry testId="07d50dfb-3195-c832-23d2-97ae667f2010" executionId="ac642976-cd54-49f0-8acd-6cf14ea65284" testListId="8c84fa94-04c1-424b-9868-57a2d4851a1d" />
    <TestEntry testId="0df69eaf-b001-71ae-6cf8-f9c5860f7c4c" executionId="a1824bb2-0a82-4023-a20a-bf60b96c9929" testListId="8c84fa94-04c1-424b-9868-57a2d4851a1d" />
    <TestEntry testId="7384e2f6-7a7f-d462-78fa-5bf7f49c326a" executionId="9e35cf16-085a-419a-9ae1-dcc510112fe6" testListId="8c84fa94-04c1-424b-9868-57a2d4851a1d" />
    <TestEntry testId="a6625fb0-1b80-148b-87dc-9cf616e5e84d" executionId="419b4050-8c5c-423f-97a9-1a86e60a5810" testListId="8c84fa94-04c1-424b-9868-57a2d4851a1d" />
    <TestEntry testId="071a93ca-ce4d-3349-fe5a-5052bf3ce103" executionId="0adbba0d-80f7-43b8-8158-b3b306825847" testListId="8c84fa94-04c1-424b-9868-57a2d4851a1d" />
    <TestEntry testId="ebdf037a-44fa-7875-99d4-42fa9833aac8" executionId="d4018962-b8dd-49e7-b9de-7c807cc06592" testListId="8c84fa94-04c1-424b-9868-57a2d4851a1d" />
    <TestEntry testId="34931354-7c25-7812-28fe-96ea501746b4" executionId="81b73f37-333d-4c85-9c26-ce1c9d6edaf7" testListId="8c84fa94-04c1-424b-9868-57a2d4851a1d" />
    <TestEntry testId="27cc1a96-8264-8762-05bc-aa63ccb155d7" executionId="4347dd64-f1ab-42e4-94f9-bf7e0446eff0" testListId="8c84fa94-04c1-424b-9868-57a2d4851a1d" />
    <TestEntry testId="04084e8e-c859-4ef5-e2a7-4fb2803cb2a3" executionId="a3fd7b68-a3e2-44c4-9237-39d92bd5e0cd" testListId="8c84fa94-04c1-424b-9868-57a2d4851a1d" />
  </TestEntries>
  <TestLists>
    <TestList name="Resultados sin formato de lista" id="8c84fa94-04c1-424b-9868-57a2d4851a1d" />
    <TestList name="Todos los resultados cargados" id="19431567-8539-422a-85d7-44ee4e166bda" />
  </TestLists>
  <ResultSummary outcome="Completed">
    <Counters total="446" executed="446" passed="446" failed="0" error="0" timeout="0" aborted="0" inconclusive="0" passedButRunAborted="0" notRunnable="0" notExecuted="0" disconnected="0" warning="0" completed="0" inProgress="0" pending="0" />
  </ResultSummary>
</TestRun>