<?xml version="1.0" encoding="utf-8"?>
<TestRun id="06ecbbae-8663-45c5-9be7-f78e1369052e" name="sferrari@PC-SFERRARI 2021-01-15 21:32:56" runUser="PC-SFERRARI\sferrari" xmlns="http://microsoft.com/schemas/VisualStudio/TeamTest/2010">
  <Times creation="2021-01-15T21:32:56.1357654+00:00" queuing="2021-01-15T21:32:56.1357654+00:00" start="2021-01-15T21:32:54.7801632+00:00" finish="2021-01-15T21:32:57.6058869+00:00" />
  <TestSettings name="default" id="85f478bb-0d35-44fd-b059-a7df433eb191">
    <Deployment runDeploymentRoot="sferrari_PC-SFERRARI_2021-01-15_21_32_56" />
  </TestSettings>
  <Results>
    <UnitTestResult executionId="d29ab605-26d8-4067-9668-119ce73749fa" testId="4234610b-215b-41f7-e61d-4a82851bdfa3" testName="ToDefaultValue_Passing_int_Returns_Cero" computerName="PC-SFERRARI" duration="00:00:00.0004488" startTime="2021-01-15T21:32:56.5513063+00:00" endTime="2021-01-15T21:32:56.5518869+00:00" testType="13cdc9d9-ddb5-4fa4-a97d-d965ccfc6d4b" outcome="Passed" testListId="8c84fa94-04c1-424b-9868-57a2d4851a1d" relativeResultsDirectory="d29ab605-26d8-4067-9668-119ce73749fa" resultType="DataDrivenTest">
      <InnerResults>
        <UnitTestResult executionId="5368f883-c15b-4bf3-8201-acec21162262" parentExecutionId="d29ab605-26d8-4067-9668-119ce73749fa" testId="4234610b-215b-41f7-e61d-4a82851bdfa3" testName="ToDefaultValue_Passing_int_Returns_Cero (2147483647)" computerName="PC-SFERRARI" duration="00:00:00.0003899" startTime="2021-01-15T21:32:56.5513063+00:00" endTime="2021-01-15T21:32:56.5518869+00:00" testType="13cdc9d9-ddb5-4fa4-a97d-d965ccfc6d4b" outcome="Passed" testListId="8c84fa94-04c1-424b-9868-57a2d4851a1d" relativeResultsDirectory="5368f883-c15b-4bf3-8201-acec21162262" dataRowInfo="1" resultType="DataDrivenDataRow" />
      </InnerResults>
    </UnitTestResult>
    <UnitTestResult executionId="f923dc82-8a41-472f-aa4c-61ff00968fb5" testId="f8b74494-d277-7173-e694-2a4d463a4607" testName="ToMapList_Passing_Source_Type_And_Destination_Type_Returns_Destination_Object_List" computerName="PC-SFERRARI" duration="00:00:00.0334123" startTime="2021-01-15T21:32:55.8722811+00:00" endTime="2021-01-15T21:32:55.9058910+00:00" testType="13cdc9d9-ddb5-4fa4-a97d-d965ccfc6d4b" outcome="Passed" testListId="8c84fa94-04c1-424b-9868-57a2d4851a1d" relativeResultsDirectory="f923dc82-8a41-472f-aa4c-61ff00968fb5" />
    <UnitTestResult executionId="9dab6d48-dd65-4c92-bbda-1116b11fe728" testId="056700a7-2506-75ed-a80a-ddf2ddb5d2a8" testName="IsUppercase_Passing_ValidArguments_Returns_HasErrorsAndCount" computerName="PC-SFERRARI" duration="00:00:00.0003334" startTime="2021-01-15T21:32:56.2373685+00:00" endTime="2021-01-15T21:32:56.2391020+00:00" testType="13cdc9d9-ddb5-4fa4-a97d-d965ccfc6d4b" outcome="Passed" testListId="8c84fa94-04c1-424b-9868-57a2d4851a1d" relativeResultsDirectory="9dab6d48-dd65-4c92-bbda-1116b11fe728" />
    <UnitTestResult executionId="587213b1-ec46-4179-bc07-81a6f3704668" testId="27cc1a96-8264-8762-05bc-aa63ccb155d7" testName="ToMapClone_Passing_Source_Returns_New_Source_Object" computerName="PC-SFERRARI" duration="00:00:00.2451241" startTime="2021-01-15T21:32:55.6267290+00:00" endTime="2021-01-15T21:32:55.8722218+00:00" testType="13cdc9d9-ddb5-4fa4-a97d-d965ccfc6d4b" outcome="Passed" testListId="8c84fa94-04c1-424b-9868-57a2d4851a1d" relativeResultsDirectory="587213b1-ec46-4179-bc07-81a6f3704668" />
    <UnitTestResult executionId="a49a0a59-ac34-47cc-86f7-026b65e4d317" testId="3721d3c1-7c03-ad84-143f-64bfeb5b314e" testName="ToAssembly_Passing_ValidValueAssemblyString_Returns_Assembly" computerName="PC-SFERRARI" duration="00:00:00.0005321" startTime="2021-01-15T21:32:56.9595097+00:00" endTime="2021-01-15T21:32:56.9606654+00:00" testType="13cdc9d9-ddb5-4fa4-a97d-d965ccfc6d4b" outcome="Passed" testListId="8c84fa94-04c1-424b-9868-57a2d4851a1d" relativeResultsDirectory="a49a0a59-ac34-47cc-86f7-026b65e4d317" />
    <UnitTestResult executionId="02d9f2d5-6aca-4220-8329-7088469bb711" testId="33545399-79af-5e7f-5179-57fe5645f4be" testName="ToYesterday_Passing_DateTime_Returns_Yesterday_DateTime" computerName="PC-SFERRARI" duration="00:00:00.0001912" startTime="2021-01-15T21:32:56.4937535+00:00" endTime="2021-01-15T21:32:56.4940200+00:00" testType="13cdc9d9-ddb5-4fa4-a97d-d965ccfc6d4b" outcome="Passed" testListId="8c84fa94-04c1-424b-9868-57a2d4851a1d" relativeResultsDirectory="02d9f2d5-6aca-4220-8329-7088469bb711" />
    <UnitTestResult executionId="62a89473-f9ac-4c53-9fa8-ca20969e53d5" testId="aeb559a5-c285-7ab9-baee-1cb152d1742f" testName="ToDefaultValue_Passing_ulong_Returns_Cero" computerName="PC-SFERRARI" duration="00:00:00.0005018" startTime="2021-01-15T21:32:56.5594950+00:00" endTime="2021-01-15T21:32:56.5601483+00:00" testType="13cdc9d9-ddb5-4fa4-a97d-d965ccfc6d4b" outcome="Passed" testListId="8c84fa94-04c1-424b-9868-57a2d4851a1d" relativeResultsDirectory="62a89473-f9ac-4c53-9fa8-ca20969e53d5" resultType="DataDrivenTest">
      <InnerResults>
        <UnitTestResult executionId="9d83bc76-3e7a-4685-b8a8-9de079279fdb" parentExecutionId="62a89473-f9ac-4c53-9fa8-ca20969e53d5" testId="aeb559a5-c285-7ab9-baee-1cb152d1742f" testName="ToDefaultValue_Passing_ulong_Returns_Cero (18446744073709551615)" computerName="PC-SFERRARI" duration="00:00:00.0004346" startTime="2021-01-15T21:32:56.5594950+00:00" endTime="2021-01-15T21:32:56.5601483+00:00" testType="13cdc9d9-ddb5-4fa4-a97d-d965ccfc6d4b" outcome="Passed" testListId="8c84fa94-04c1-424b-9868-57a2d4851a1d" relativeResultsDirectory="9d83bc76-3e7a-4685-b8a8-9de079279fdb" dataRowInfo="1" resultType="DataDrivenDataRow" />
      </InnerResults>
    </UnitTestResult>
    <UnitTestResult executionId="e6441f3f-7e21-4ad0-bd9d-86d5002d8bb3" testId="cf950ab2-9fe4-ec30-43b4-2f3a99b5167d" testName="CreateAndVerifySHA256_Passing_Valid_Arguments_Returns_True" computerName="PC-SFERRARI" duration="00:00:00.0099818" startTime="2021-01-15T21:32:56.5646367+00:00" endTime="2021-01-15T21:32:56.5749514+00:00" testType="13cdc9d9-ddb5-4fa4-a97d-d965ccfc6d4b" outcome="Passed" testListId="8c84fa94-04c1-424b-9868-57a2d4851a1d" relativeResultsDirectory="e6441f3f-7e21-4ad0-bd9d-86d5002d8bb3" resultType="DataDrivenTest">
      <InnerResults>
        <UnitTestResult executionId="be9e107c-c407-456a-9d9d-aca37d732f00" parentExecutionId="e6441f3f-7e21-4ad0-bd9d-86d5002d8bb3" testId="cf950ab2-9fe4-ec30-43b4-2f3a99b5167d" testName="CreateAndVerifySHA256_Passing_Valid_Arguments_Returns_True (Password)" computerName="PC-SFERRARI" duration="00:00:00.0096552" startTime="2021-01-15T21:32:56.5646367+00:00" endTime="2021-01-15T21:32:56.5749514+00:00" testType="13cdc9d9-ddb5-4fa4-a97d-d965ccfc6d4b" outcome="Passed" testListId="8c84fa94-04c1-424b-9868-57a2d4851a1d" relativeResultsDirectory="be9e107c-c407-456a-9d9d-aca37d732f00" dataRowInfo="1" resultType="DataDrivenDataRow" />
        <UnitTestResult executionId="8dee34b1-8af5-4a43-95f3-8a98aefe9e77" parentExecutionId="e6441f3f-7e21-4ad0-bd9d-86d5002d8bb3" testId="cf950ab2-9fe4-ec30-43b4-2f3a99b5167d" testName="CreateAndVerifySHA256_Passing_Valid_Arguments_Returns_True (HashTests)" computerName="PC-SFERRARI" duration="00:00:00.0000589" startTime="2021-01-15T21:32:56.5646367+00:00" endTime="2021-01-15T21:32:56.5749514+00:00" testType="13cdc9d9-ddb5-4fa4-a97d-d965ccfc6d4b" outcome="Passed" testListId="8c84fa94-04c1-424b-9868-57a2d4851a1d" relativeResultsDirectory="8dee34b1-8af5-4a43-95f3-8a98aefe9e77" dataRowInfo="2" resultType="DataDrivenDataRow" />
        <UnitTestResult executionId="a60087b9-1dcb-4446-8c18-4f78f51c642f" parentExecutionId="e6441f3f-7e21-4ad0-bd9d-86d5002d8bb3" testId="cf950ab2-9fe4-ec30-43b4-2f3a99b5167d" testName="CreateAndVerifySHA256_Passing_Valid_Arguments_Returns_True (sdlfkjldsfksdfñl·%$·&amp;$/U&amp;/)(&amp;()?=)¿?^P*^PÑL,.,.lñ´ñ+98098'098098)" computerName="PC-SFERRARI" duration="00:00:00.0001429" startTime="2021-01-15T21:32:56.5646367+00:00" endTime="2021-01-15T21:32:56.5749514+00:00" testType="13cdc9d9-ddb5-4fa4-a97d-d965ccfc6d4b" outcome="Passed" testListId="8c84fa94-04c1-424b-9868-57a2d4851a1d" relativeResultsDirectory="a60087b9-1dcb-4446-8c18-4f78f51c642f" dataRowInfo="3" resultType="DataDrivenDataRow" />
      </InnerResults>
    </UnitTestResult>
    <UnitTestResult executionId="ff0f1ccc-3b13-4c82-8fc1-626da7550e15" testId="e8138724-52f6-6999-ada4-cbc441f2cd15" testName="ToEmailMaskUserNameAndDomain_Passing_ValidEmail_Returns_EmailWithMask" computerName="PC-SFERRARI" duration="00:00:00.0004633" startTime="2021-01-15T21:32:57.1080409+00:00" endTime="2021-01-15T21:32:57.1086495+00:00" testType="13cdc9d9-ddb5-4fa4-a97d-d965ccfc6d4b" outcome="Passed" testListId="8c84fa94-04c1-424b-9868-57a2d4851a1d" relativeResultsDirectory="ff0f1ccc-3b13-4c82-8fc1-626da7550e15" resultType="DataDrivenTest">
      <InnerResults>
        <UnitTestResult executionId="eaeb07c0-ae23-4433-8083-69b2f012700e" parentExecutionId="ff0f1ccc-3b13-4c82-8fc1-626da7550e15" testId="e8138724-52f6-6999-ada4-cbc441f2cd15" testName="ToEmailMaskUserNameAndDomain_Passing_ValidEmail_Returns_EmailWithMask (qaz@gmail.com,q*z@g***l.com)" computerName="PC-SFERRARI" duration="00:00:00.0003054" startTime="2021-01-15T21:32:57.1080409+00:00" endTime="2021-01-15T21:32:57.1086495+00:00" testType="13cdc9d9-ddb5-4fa4-a97d-d965ccfc6d4b" outcome="Passed" testListId="8c84fa94-04c1-424b-9868-57a2d4851a1d" relativeResultsDirectory="eaeb07c0-ae23-4433-8083-69b2f012700e" dataRowInfo="1" resultType="DataDrivenDataRow" />
        <UnitTestResult executionId="55ebc444-e2e8-4967-956d-336239927c2a" parentExecutionId="ff0f1ccc-3b13-4c82-8fc1-626da7550e15" testId="e8138724-52f6-6999-ada4-cbc441f2cd15" testName="ToEmailMaskUserNameAndDomain_Passing_ValidEmail_Returns_EmailWithMask (qazwsx@gmail.com,q****x@g***l.com)" computerName="PC-SFERRARI" duration="00:00:00.0000160" startTime="2021-01-15T21:32:57.1080409+00:00" endTime="2021-01-15T21:32:57.1086495+00:00" testType="13cdc9d9-ddb5-4fa4-a97d-d965ccfc6d4b" outcome="Passed" testListId="8c84fa94-04c1-424b-9868-57a2d4851a1d" relativeResultsDirectory="55ebc444-e2e8-4967-956d-336239927c2a" dataRowInfo="2" resultType="DataDrivenDataRow" />
        <UnitTestResult executionId="01619c47-6bcd-43ec-887a-b2fe10a04d4b" parentExecutionId="ff0f1ccc-3b13-4c82-8fc1-626da7550e15" testId="e8138724-52f6-6999-ada4-cbc441f2cd15" testName="ToEmailMaskUserNameAndDomain_Passing_ValidEmail_Returns_EmailWithMask (qazwsxedc@gmail.com,q*******c@g***l.com)" computerName="PC-SFERRARI" duration="00:00:00.0000109" startTime="2021-01-15T21:32:57.1080409+00:00" endTime="2021-01-15T21:32:57.1086495+00:00" testType="13cdc9d9-ddb5-4fa4-a97d-d965ccfc6d4b" outcome="Passed" testListId="8c84fa94-04c1-424b-9868-57a2d4851a1d" relativeResultsDirectory="01619c47-6bcd-43ec-887a-b2fe10a04d4b" dataRowInfo="3" resultType="DataDrivenDataRow" />
        <UnitTestResult executionId="9f972876-f5b6-4a13-b462-8941e0073c6f" parentExecutionId="ff0f1ccc-3b13-4c82-8fc1-626da7550e15" testId="e8138724-52f6-6999-ada4-cbc441f2cd15" testName="ToEmailMaskUserNameAndDomain_Passing_ValidEmail_Returns_EmailWithMask (qaz@gmailgmail.com,q*z@g********l.com)" computerName="PC-SFERRARI" duration="00:00:00.0000097" startTime="2021-01-15T21:32:57.1080409+00:00" endTime="2021-01-15T21:32:57.1086495+00:00" testType="13cdc9d9-ddb5-4fa4-a97d-d965ccfc6d4b" outcome="Passed" testListId="8c84fa94-04c1-424b-9868-57a2d4851a1d" relativeResultsDirectory="9f972876-f5b6-4a13-b462-8941e0073c6f" dataRowInfo="4" resultType="DataDrivenDataRow" />
        <UnitTestResult executionId="e71ed37d-3426-4e05-adcf-fb78fbdd00ab" parentExecutionId="ff0f1ccc-3b13-4c82-8fc1-626da7550e15" testId="e8138724-52f6-6999-ada4-cbc441f2cd15" testName="ToEmailMaskUserNameAndDomain_Passing_ValidEmail_Returns_EmailWithMask (qazwsx@gmailgmail.com,q****x@g********l.com)" computerName="PC-SFERRARI" duration="00:00:00.0000116" startTime="2021-01-15T21:32:57.1080409+00:00" endTime="2021-01-15T21:32:57.1086495+00:00" testType="13cdc9d9-ddb5-4fa4-a97d-d965ccfc6d4b" outcome="Passed" testListId="8c84fa94-04c1-424b-9868-57a2d4851a1d" relativeResultsDirectory="e71ed37d-3426-4e05-adcf-fb78fbdd00ab" dataRowInfo="5" resultType="DataDrivenDataRow" />
        <UnitTestResult executionId="c51fa579-b2ca-4c6f-9188-95d971b79cab" parentExecutionId="ff0f1ccc-3b13-4c82-8fc1-626da7550e15" testId="e8138724-52f6-6999-ada4-cbc441f2cd15" testName="ToEmailMaskUserNameAndDomain_Passing_ValidEmail_Returns_EmailWithMask (qazwsxedc@gmailgmail.com,q*******c@g********l.com)" computerName="PC-SFERRARI" duration="00:00:00.0000125" startTime="2021-01-15T21:32:57.1080409+00:00" endTime="2021-01-15T21:32:57.1086495+00:00" testType="13cdc9d9-ddb5-4fa4-a97d-d965ccfc6d4b" outcome="Passed" testListId="8c84fa94-04c1-424b-9868-57a2d4851a1d" relativeResultsDirectory="c51fa579-b2ca-4c6f-9188-95d971b79cab" dataRowInfo="6" resultType="DataDrivenDataRow" />
      </InnerResults>
    </UnitTestResult>
    <UnitTestResult executionId="4cb0b200-cecf-4921-b09a-cf375f011829" testId="320700ce-aa3b-5818-fb18-706cf7605472" testName="ToAttribute_Passing_Enumeration_Name_Returns_Atributte" computerName="PC-SFERRARI" duration="00:00:00.0025081" startTime="2021-01-15T21:32:56.4988841+00:00" endTime="2021-01-15T21:32:56.5017406+00:00" testType="13cdc9d9-ddb5-4fa4-a97d-d965ccfc6d4b" outcome="Passed" testListId="8c84fa94-04c1-424b-9868-57a2d4851a1d" relativeResultsDirectory="4cb0b200-cecf-4921-b09a-cf375f011829" />
    <UnitTestResult executionId="dcb5946d-ee9e-4f90-9f5c-c02d6df558cb" testId="96f263a8-e1d9-0070-21ba-583144d2d030" testName="ToEnum_Passing_ValidValueInt_Returns_EnumValue" computerName="PC-SFERRARI" duration="00:00:00.0001442" startTime="2021-01-15T21:32:57.1300843+00:00" endTime="2021-01-15T21:32:57.1303427+00:00" testType="13cdc9d9-ddb5-4fa4-a97d-d965ccfc6d4b" outcome="Passed" testListId="8c84fa94-04c1-424b-9868-57a2d4851a1d" relativeResultsDirectory="dcb5946d-ee9e-4f90-9f5c-c02d6df558cb" />
    <UnitTestResult executionId="fcbf6712-3017-40b0-8b9b-1072b03ad812" testId="725d136c-3e7a-6e51-fc61-03203ffec0b5" testName="IsSubdomain_Passing_ValidArguments_Returns_HasErrorsAndCount" computerName="PC-SFERRARI" duration="00:00:00.0001746" startTime="2021-01-15T21:32:56.2325198+00:00" endTime="2021-01-15T21:32:56.2327591+00:00" testType="13cdc9d9-ddb5-4fa4-a97d-d965ccfc6d4b" outcome="Passed" testListId="8c84fa94-04c1-424b-9868-57a2d4851a1d" relativeResultsDirectory="fcbf6712-3017-40b0-8b9b-1072b03ad812" />
    <UnitTestResult executionId="38659868-6411-4c23-b36f-01221c2d4996" testId="5fda35dc-4db7-2169-9391-a6295d2ec5fd" testName="ToDirectoryFindFilePath_Passing_ValidValueIntoSubDirectory_Returns_FilePath" computerName="PC-SFERRARI" duration="00:00:00.0139451" startTime="2021-01-15T21:32:56.9977064+00:00" endTime="2021-01-15T21:32:57.0118684+00:00" testType="13cdc9d9-ddb5-4fa4-a97d-d965ccfc6d4b" outcome="Passed" testListId="8c84fa94-04c1-424b-9868-57a2d4851a1d" relativeResultsDirectory="38659868-6411-4c23-b36f-01221c2d4996" />
    <UnitTestResult executionId="25c69429-5e0c-4833-ade8-30096cecb269" testId="1f173fff-9060-8c18-f825-225901225244" testName="ToStartOfWeek_Passing_DateTime_Returns_Start_Of_Week_DateTime" computerName="PC-SFERRARI" duration="00:00:00.0002423" startTime="2021-01-15T21:32:56.4931431+00:00" endTime="2021-01-15T21:32:56.4934550+00:00" testType="13cdc9d9-ddb5-4fa4-a97d-d965ccfc6d4b" outcome="Passed" testListId="8c84fa94-04c1-424b-9868-57a2d4851a1d" relativeResultsDirectory="25c69429-5e0c-4833-ade8-30096cecb269" />
    <UnitTestResult executionId="4dae3fb1-d097-4192-8ad2-39790adbd1bd" testId="605637df-9854-875b-b3aa-6675f3fbd045" testName="ToEnum_Passing_ValidValue_String_Returns_EnumValue" computerName="PC-SFERRARI" duration="00:00:00.0002525" startTime="2021-01-15T21:32:57.1347855+00:00" endTime="2021-01-15T21:32:57.1352359+00:00" testType="13cdc9d9-ddb5-4fa4-a97d-d965ccfc6d4b" outcome="Passed" testListId="8c84fa94-04c1-424b-9868-57a2d4851a1d" relativeResultsDirectory="4dae3fb1-d097-4192-8ad2-39790adbd1bd" />
    <UnitTestResult executionId="ec46f637-89ab-4d34-b237-7cac53cd9b2f" testId="6bd61990-78b5-76ea-0df5-0c13c388bdc0" testName="ToWhere_Passing_Null_Predicate_Returns_Same_List" computerName="PC-SFERRARI" duration="00:00:00.0030756" startTime="2021-01-15T21:32:56.9028808+00:00" endTime="2021-01-15T21:32:56.9062109+00:00" testType="13cdc9d9-ddb5-4fa4-a97d-d965ccfc6d4b" outcome="Passed" testListId="8c84fa94-04c1-424b-9868-57a2d4851a1d" relativeResultsDirectory="ec46f637-89ab-4d34-b237-7cac53cd9b2f" />
    <UnitTestResult executionId="77b7ef2f-e5c9-498a-bc03-2e86daf97d22" testId="aaa46586-7b83-9a88-e835-ae92592f98a3" testName="ToList_Passing_ValidEnumTypeWithResourceType_Returns_ValuesList" computerName="PC-SFERRARI" duration="00:00:00.0059633" startTime="2021-01-15T21:32:56.5083557+00:00" endTime="2021-01-15T21:32:56.5144590+00:00" testType="13cdc9d9-ddb5-4fa4-a97d-d965ccfc6d4b" outcome="Passed" testListId="8c84fa94-04c1-424b-9868-57a2d4851a1d" relativeResultsDirectory="77b7ef2f-e5c9-498a-bc03-2e86daf97d22" />
    <UnitTestResult executionId="ad6cf413-3d2d-4f1f-9a3c-e5f09ef166a6" testId="313cfb2c-8c3b-337b-12f8-296f8611376d" testName="ToConfigureOrDefault_Passing_ActionCustomValues_Returns_CustomValues" computerName="PC-SFERRARI" duration="00:00:00.0079245" startTime="2021-01-15T21:32:55.5367407+00:00" endTime="2021-01-15T21:32:55.6172689+00:00" testType="13cdc9d9-ddb5-4fa4-a97d-d965ccfc6d4b" outcome="Passed" testListId="8c84fa94-04c1-424b-9868-57a2d4851a1d" relativeResultsDirectory="ad6cf413-3d2d-4f1f-9a3c-e5f09ef166a6" />
    <UnitTestResult executionId="1fcaab37-726e-42af-91fd-25f8105f5636" testId="ae09f98c-257a-b9e5-5b0b-16344b7adf1c" testName="ToInt_Passing_ValidValueString_Returns_Int" computerName="PC-SFERRARI" duration="00:00:00.0001657" startTime="2021-01-15T21:32:57.1649649+00:00" endTime="2021-01-15T21:32:57.1652064+00:00" testType="13cdc9d9-ddb5-4fa4-a97d-d965ccfc6d4b" outcome="Passed" testListId="8c84fa94-04c1-424b-9868-57a2d4851a1d" relativeResultsDirectory="1fcaab37-726e-42af-91fd-25f8105f5636" resultType="DataDrivenTest">
      <InnerResults>
        <UnitTestResult executionId="0a7bcf9e-756e-44eb-939e-fe9c5a80845f" parentExecutionId="1fcaab37-726e-42af-91fd-25f8105f5636" testId="ae09f98c-257a-b9e5-5b0b-16344b7adf1c" testName="ToInt_Passing_ValidValueString_Returns_Int (1234567890)" computerName="PC-SFERRARI" duration="00:00:00.0001390" startTime="2021-01-15T21:32:57.1649649+00:00" endTime="2021-01-15T21:32:57.1652064+00:00" testType="13cdc9d9-ddb5-4fa4-a97d-d965ccfc6d4b" outcome="Passed" testListId="8c84fa94-04c1-424b-9868-57a2d4851a1d" relativeResultsDirectory="0a7bcf9e-756e-44eb-939e-fe9c5a80845f" dataRowInfo="1" resultType="DataDrivenDataRow" />
      </InnerResults>
    </UnitTestResult>
    <UnitTestResult executionId="f0368bab-0296-452f-8869-73dfcc001324" testId="6088101f-62c5-69c8-6751-05523b132d06" testName="CreateAndVerifySHA512_Passing_Valid_Arguments_Returns_True" computerName="PC-SFERRARI" duration="00:00:00.0008427" startTime="2021-01-15T21:32:56.5815369+00:00" endTime="2021-01-15T21:32:56.5825157+00:00" testType="13cdc9d9-ddb5-4fa4-a97d-d965ccfc6d4b" outcome="Passed" testListId="8c84fa94-04c1-424b-9868-57a2d4851a1d" relativeResultsDirectory="f0368bab-0296-452f-8869-73dfcc001324" resultType="DataDrivenTest">
      <InnerResults>
        <UnitTestResult executionId="e6b6c12f-e838-4424-bfa2-8bab7a4bf828" parentExecutionId="f0368bab-0296-452f-8869-73dfcc001324" testId="6088101f-62c5-69c8-6751-05523b132d06" testName="CreateAndVerifySHA512_Passing_Valid_Arguments_Returns_True (Password)" computerName="PC-SFERRARI" duration="00:00:00.0007188" startTime="2021-01-15T21:32:56.5815369+00:00" endTime="2021-01-15T21:32:56.5825157+00:00" testType="13cdc9d9-ddb5-4fa4-a97d-d965ccfc6d4b" outcome="Passed" testListId="8c84fa94-04c1-424b-9868-57a2d4851a1d" relativeResultsDirectory="e6b6c12f-e838-4424-bfa2-8bab7a4bf828" dataRowInfo="1" resultType="DataDrivenDataRow" />
        <UnitTestResult executionId="3820fe93-03de-4f97-872e-dc7e1b003da3" parentExecutionId="f0368bab-0296-452f-8869-73dfcc001324" testId="6088101f-62c5-69c8-6751-05523b132d06" testName="CreateAndVerifySHA512_Passing_Valid_Arguments_Returns_True (HashTests)" computerName="PC-SFERRARI" duration="00:00:00.0000299" startTime="2021-01-15T21:32:56.5815369+00:00" endTime="2021-01-15T21:32:56.5825157+00:00" testType="13cdc9d9-ddb5-4fa4-a97d-d965ccfc6d4b" outcome="Passed" testListId="8c84fa94-04c1-424b-9868-57a2d4851a1d" relativeResultsDirectory="3820fe93-03de-4f97-872e-dc7e1b003da3" dataRowInfo="2" resultType="DataDrivenDataRow" />
        <UnitTestResult executionId="03553adb-e114-45e7-85de-3ab647cb0eb6" parentExecutionId="f0368bab-0296-452f-8869-73dfcc001324" testId="6088101f-62c5-69c8-6751-05523b132d06" testName="CreateAndVerifySHA512_Passing_Valid_Arguments_Returns_True (sdlfkjldsfksdfñl·%$·&amp;$/U&amp;/)(&amp;()?=)¿?^P*^PÑL,.,.lñ´ñ+98098'098098)" computerName="PC-SFERRARI" duration="00:00:00.0000221" startTime="2021-01-15T21:32:56.5815369+00:00" endTime="2021-01-15T21:32:56.5825157+00:00" testType="13cdc9d9-ddb5-4fa4-a97d-d965ccfc6d4b" outcome="Passed" testListId="8c84fa94-04c1-424b-9868-57a2d4851a1d" relativeResultsDirectory="03553adb-e114-45e7-85de-3ab647cb0eb6" dataRowInfo="3" resultType="DataDrivenDataRow" />
      </InnerResults>
    </UnitTestResult>
    <UnitTestResult executionId="4b216efb-8617-40cd-8e85-3966ed4e2121" testId="580ff04a-e5c0-9f2f-90c3-4f2aeafd15c5" testName="ToIsNullOrEmptyThrow_Passing_InvalidValue_Returns_ApplicationExceptionWithMessage" computerName="PC-SFERRARI" duration="00:00:00.0005639" startTime="2021-01-15T21:32:56.1815320+00:00" endTime="2021-01-15T21:32:56.1822136+00:00" testType="13cdc9d9-ddb5-4fa4-a97d-d965ccfc6d4b" outcome="Passed" testListId="8c84fa94-04c1-424b-9868-57a2d4851a1d" relativeResultsDirectory="4b216efb-8617-40cd-8e85-3966ed4e2121" />
    <UnitTestResult executionId="5918862d-f1d9-47de-b328-efee3c135168" testId="7be8a004-8e29-0f01-8ada-f15377193150" testName="ToContentType_Passing_ValidValueString_Returns_ContentType" computerName="PC-SFERRARI" duration="00:00:00.0020811" startTime="2021-01-15T21:32:56.9607130+00:00" endTime="2021-01-15T21:32:56.9629420+00:00" testType="13cdc9d9-ddb5-4fa4-a97d-d965ccfc6d4b" outcome="Passed" testListId="8c84fa94-04c1-424b-9868-57a2d4851a1d" relativeResultsDirectory="5918862d-f1d9-47de-b328-efee3c135168" resultType="DataDrivenTest">
      <InnerResults>
        <UnitTestResult executionId="47c129b5-14f8-4c17-b99a-4dc4101e1f54" parentExecutionId="5918862d-f1d9-47de-b328-efee3c135168" testId="7be8a004-8e29-0f01-8ada-f15377193150" testName="ToContentType_Passing_ValidValueString_Returns_ContentType (xxxx.pdf,application/pdf)" computerName="PC-SFERRARI" duration="00:00:00.0016425" startTime="2021-01-15T21:32:56.9607130+00:00" endTime="2021-01-15T21:32:56.9629420+00:00" testType="13cdc9d9-ddb5-4fa4-a97d-d965ccfc6d4b" outcome="Passed" testListId="8c84fa94-04c1-424b-9868-57a2d4851a1d" relativeResultsDirectory="47c129b5-14f8-4c17-b99a-4dc4101e1f54" dataRowInfo="1" resultType="DataDrivenDataRow" />
        <UnitTestResult executionId="1dae603b-5200-4b42-808e-aac8af2009cc" parentExecutionId="5918862d-f1d9-47de-b328-efee3c135168" testId="7be8a004-8e29-0f01-8ada-f15377193150" testName="ToContentType_Passing_ValidValueString_Returns_ContentType (xxxx.json,application/json)" computerName="PC-SFERRARI" duration="00:00:00.0000684" startTime="2021-01-15T21:32:56.9607130+00:00" endTime="2021-01-15T21:32:56.9629420+00:00" testType="13cdc9d9-ddb5-4fa4-a97d-d965ccfc6d4b" outcome="Passed" testListId="8c84fa94-04c1-424b-9868-57a2d4851a1d" relativeResultsDirectory="1dae603b-5200-4b42-808e-aac8af2009cc" dataRowInfo="2" resultType="DataDrivenDataRow" />
        <UnitTestResult executionId="af7209b2-be3a-4cbb-a6bd-c1b6f7c6f335" parentExecutionId="5918862d-f1d9-47de-b328-efee3c135168" testId="7be8a004-8e29-0f01-8ada-f15377193150" testName="ToContentType_Passing_ValidValueString_Returns_ContentType (xxxx.gif,image/gif)" computerName="PC-SFERRARI" duration="00:00:00.0000421" startTime="2021-01-15T21:32:56.9607130+00:00" endTime="2021-01-15T21:32:56.9629420+00:00" testType="13cdc9d9-ddb5-4fa4-a97d-d965ccfc6d4b" outcome="Passed" testListId="8c84fa94-04c1-424b-9868-57a2d4851a1d" relativeResultsDirectory="af7209b2-be3a-4cbb-a6bd-c1b6f7c6f335" dataRowInfo="3" resultType="DataDrivenDataRow" />
        <UnitTestResult executionId="1183a266-d1ec-4915-b4fb-322d55751667" parentExecutionId="5918862d-f1d9-47de-b328-efee3c135168" testId="7be8a004-8e29-0f01-8ada-f15377193150" testName="ToContentType_Passing_ValidValueString_Returns_ContentType (xxxx.jpeg,image/jpeg)" computerName="PC-SFERRARI" duration="00:00:00.0000404" startTime="2021-01-15T21:32:56.9607130+00:00" endTime="2021-01-15T21:32:56.9629420+00:00" testType="13cdc9d9-ddb5-4fa4-a97d-d965ccfc6d4b" outcome="Passed" testListId="8c84fa94-04c1-424b-9868-57a2d4851a1d" relativeResultsDirectory="1183a266-d1ec-4915-b4fb-322d55751667" dataRowInfo="4" resultType="DataDrivenDataRow" />
        <UnitTestResult executionId="f8d5c094-3bea-49d7-ac83-5b712860fd80" parentExecutionId="5918862d-f1d9-47de-b328-efee3c135168" testId="7be8a004-8e29-0f01-8ada-f15377193150" testName="ToContentType_Passing_ValidValueString_Returns_ContentType (xxxx.html,text/html)" computerName="PC-SFERRARI" duration="00:00:00.0000484" startTime="2021-01-15T21:32:56.9607130+00:00" endTime="2021-01-15T21:32:56.9629420+00:00" testType="13cdc9d9-ddb5-4fa4-a97d-d965ccfc6d4b" outcome="Passed" testListId="8c84fa94-04c1-424b-9868-57a2d4851a1d" relativeResultsDirectory="f8d5c094-3bea-49d7-ac83-5b712860fd80" dataRowInfo="5" resultType="DataDrivenDataRow" />
        <UnitTestResult executionId="a6d959aa-7ad8-4019-9ab6-0e34f60e987e" parentExecutionId="5918862d-f1d9-47de-b328-efee3c135168" testId="7be8a004-8e29-0f01-8ada-f15377193150" testName="ToContentType_Passing_ValidValueString_Returns_ContentType (xxxx.txt,text/plain)" computerName="PC-SFERRARI" duration="00:00:00.0000369" startTime="2021-01-15T21:32:56.9607130+00:00" endTime="2021-01-15T21:32:56.9629420+00:00" testType="13cdc9d9-ddb5-4fa4-a97d-d965ccfc6d4b" outcome="Passed" testListId="8c84fa94-04c1-424b-9868-57a2d4851a1d" relativeResultsDirectory="a6d959aa-7ad8-4019-9ab6-0e34f60e987e" dataRowInfo="6" resultType="DataDrivenDataRow" />
      </InnerResults>
    </UnitTestResult>
    <UnitTestResult executionId="4d2ac149-dcca-4cac-8107-d924fb9b1bce" testId="bc6955b8-aec0-957c-bad4-853e5cfa19a1" testName="ToCount_Passing_ValidEnumType_Returns_Count" computerName="PC-SFERRARI" duration="00:00:00.0005292" startTime="2021-01-15T21:32:56.5074588+00:00" endTime="2021-01-15T21:32:56.5083116+00:00" testType="13cdc9d9-ddb5-4fa4-a97d-d965ccfc6d4b" outcome="Passed" testListId="8c84fa94-04c1-424b-9868-57a2d4851a1d" relativeResultsDirectory="4d2ac149-dcca-4cac-8107-d924fb9b1bce" />
    <UnitTestResult executionId="2b9801fe-49e8-47bd-be9d-ca9136dd4e03" testId="ab274dac-b194-4e0f-6fab-a20667b535a8" testName="ToMapMerge_Passing_Destination_Object_Returns_Merged_Destination_Object" computerName="PC-SFERRARI" duration="00:00:00.0110731" startTime="2021-01-15T21:32:55.9059287+00:00" endTime="2021-01-15T21:32:55.9171172+00:00" testType="13cdc9d9-ddb5-4fa4-a97d-d965ccfc6d4b" outcome="Passed" testListId="8c84fa94-04c1-424b-9868-57a2d4851a1d" relativeResultsDirectory="2b9801fe-49e8-47bd-be9d-ca9136dd4e03" />
    <UnitTestResult executionId="0294151c-f53a-4501-b5e3-4b0c5a270a42" testId="8a110a46-40a4-c9bb-083e-1c3fcb5b45b7" testName="ToCompress_Passing_Object_Bytes_Returns_Object" computerName="PC-SFERRARI" duration="00:00:00.0199579" startTime="2021-01-15T21:32:56.1275123+00:00" endTime="2021-01-15T21:32:56.1478216+00:00" testType="13cdc9d9-ddb5-4fa4-a97d-d965ccfc6d4b" outcome="Passed" testListId="8c84fa94-04c1-424b-9868-57a2d4851a1d" relativeResultsDirectory="0294151c-f53a-4501-b5e3-4b0c5a270a42" />
    <UnitTestResult executionId="7ba90a1f-2eda-4c6c-b8ea-a96d6e877a8c" testId="46cc46f0-c0e1-f3e6-2242-cdef90a4249a" testName="ToMapNew_Passing_TSource_And_TDestination_Returns_New_TDestination_Object" computerName="PC-SFERRARI" duration="00:00:00.0004824" startTime="2021-01-15T21:32:55.9228009+00:00" endTime="2021-01-15T21:32:55.9233939+00:00" testType="13cdc9d9-ddb5-4fa4-a97d-d965ccfc6d4b" outcome="Passed" testListId="8c84fa94-04c1-424b-9868-57a2d4851a1d" relativeResultsDirectory="7ba90a1f-2eda-4c6c-b8ea-a96d6e877a8c" />
    <UnitTestResult executionId="9d7275d5-f2fd-43e5-b0a4-c6c74244cbed" testId="d51ea295-e896-101a-6578-05ae772bcbfb" testName="ToIsSubdomainThrow_Passing_InvalidValue_Returns_ApplicationExceptionWithMessage" computerName="PC-SFERRARI" duration="00:00:00.0016422" startTime="2021-01-15T21:32:56.1825475+00:00" endTime="2021-01-15T21:32:56.1843216+00:00" testType="13cdc9d9-ddb5-4fa4-a97d-d965ccfc6d4b" outcome="Passed" testListId="8c84fa94-04c1-424b-9868-57a2d4851a1d" relativeResultsDirectory="9d7275d5-f2fd-43e5-b0a4-c6c74244cbed" resultType="DataDrivenTest">
      <InnerResults>
        <UnitTestResult executionId="ad90fdde-fa6f-4b74-94fe-20778e7813c6" parentExecutionId="9d7275d5-f2fd-43e5-b0a4-c6c74244cbed" testId="d51ea295-e896-101a-6578-05ae772bcbfb" testName="ToIsSubdomainThrow_Passing_InvalidValue_Returns_ApplicationExceptionWithMessage (dasdasd@dsasd.._ff)" computerName="PC-SFERRARI" duration="00:00:00.0013622" startTime="2021-01-15T21:32:56.1825475+00:00" endTime="2021-01-15T21:32:56.1843216+00:00" testType="13cdc9d9-ddb5-4fa4-a97d-d965ccfc6d4b" outcome="Passed" testListId="8c84fa94-04c1-424b-9868-57a2d4851a1d" relativeResultsDirectory="ad90fdde-fa6f-4b74-94fe-20778e7813c6" dataRowInfo="1" resultType="DataDrivenDataRow" />
        <UnitTestResult executionId="4a950f88-feec-425e-9b35-00fe078b30c9" parentExecutionId="9d7275d5-f2fd-43e5-b0a4-c6c74244cbed" testId="d51ea295-e896-101a-6578-05ae772bcbfb" testName="ToIsSubdomainThrow_Passing_InvalidValue_Returns_ApplicationExceptionWithMessage (34fsds@@sdd.f)" computerName="PC-SFERRARI" duration="00:00:00.0000561" startTime="2021-01-15T21:32:56.1825475+00:00" endTime="2021-01-15T21:32:56.1843216+00:00" testType="13cdc9d9-ddb5-4fa4-a97d-d965ccfc6d4b" outcome="Passed" testListId="8c84fa94-04c1-424b-9868-57a2d4851a1d" relativeResultsDirectory="4a950f88-feec-425e-9b35-00fe078b30c9" dataRowInfo="2" resultType="DataDrivenDataRow" />
        <UnitTestResult executionId="a8a75485-d3ca-4578-b0d6-a08cc7de3a9c" parentExecutionId="9d7275d5-f2fd-43e5-b0a4-c6c74244cbed" testId="d51ea295-e896-101a-6578-05ae772bcbfb" testName="ToIsSubdomainThrow_Passing_InvalidValue_Returns_ApplicationExceptionWithMessage ()" computerName="PC-SFERRARI" duration="00:00:00.0000326" startTime="2021-01-15T21:32:56.1825475+00:00" endTime="2021-01-15T21:32:56.1843216+00:00" testType="13cdc9d9-ddb5-4fa4-a97d-d965ccfc6d4b" outcome="Passed" testListId="8c84fa94-04c1-424b-9868-57a2d4851a1d" relativeResultsDirectory="a8a75485-d3ca-4578-b0d6-a08cc7de3a9c" dataRowInfo="3" resultType="DataDrivenDataRow" />
        <UnitTestResult executionId="d63244e0-ef39-4953-af6d-70f2886d5706" parentExecutionId="9d7275d5-f2fd-43e5-b0a4-c6c74244cbed" testId="d51ea295-e896-101a-6578-05ae772bcbfb" testName="ToIsSubdomainThrow_Passing_InvalidValue_Returns_ApplicationExceptionWithMessage ()" computerName="PC-SFERRARI" duration="00:00:00.0000287" startTime="2021-01-15T21:32:56.1825475+00:00" endTime="2021-01-15T21:32:56.1843216+00:00" testType="13cdc9d9-ddb5-4fa4-a97d-d965ccfc6d4b" outcome="Passed" testListId="8c84fa94-04c1-424b-9868-57a2d4851a1d" relativeResultsDirectory="d63244e0-ef39-4953-af6d-70f2886d5706" dataRowInfo="4" resultType="DataDrivenDataRow" />
        <UnitTestResult executionId="4dd3fdb4-2646-4c7f-b0b4-e917171c3023" parentExecutionId="9d7275d5-f2fd-43e5-b0a4-c6c74244cbed" testId="d51ea295-e896-101a-6578-05ae772bcbfb" testName="ToIsSubdomainThrow_Passing_InvalidValue_Returns_ApplicationExceptionWithMessage (34?fsds@sdd.yy)" computerName="PC-SFERRARI" duration="00:00:00.0000334" startTime="2021-01-15T21:32:56.1825475+00:00" endTime="2021-01-15T21:32:56.1843216+00:00" testType="13cdc9d9-ddb5-4fa4-a97d-d965ccfc6d4b" outcome="Passed" testListId="8c84fa94-04c1-424b-9868-57a2d4851a1d" relativeResultsDirectory="4dd3fdb4-2646-4c7f-b0b4-e917171c3023" dataRowInfo="5" resultType="DataDrivenDataRow" />
      </InnerResults>
    </UnitTestResult>
    <UnitTestResult executionId="c4b2e268-1c5c-4a3e-b533-37196c191800" testId="0f697beb-b7a4-6aa6-9017-b57feeb9ba7f" testName="ToEnvironment_ServiceCollection_Passing_Development_Enviroment_Returns_Development_Name" computerName="PC-SFERRARI" duration="00:00:00.0003689" startTime="2021-01-15T21:32:56.4100420+00:00" endTime="2021-01-15T21:32:56.4104849+00:00" testType="13cdc9d9-ddb5-4fa4-a97d-d965ccfc6d4b" outcome="Passed" testListId="8c84fa94-04c1-424b-9868-57a2d4851a1d" relativeResultsDirectory="c4b2e268-1c5c-4a3e-b533-37196c191800" />
    <UnitTestResult executionId="c20d2166-5690-41eb-bc59-03d57d781c95" testId="1064d8aa-5d0e-6bf5-83ee-952a4d1fd93b" testName="ToEnum_Passing_InvalidValueInt_Returns_EnumCustomValue" computerName="PC-SFERRARI" duration="00:00:00.0014355" startTime="2021-01-15T21:32:57.1255862+00:00" endTime="2021-01-15T21:32:57.1272653+00:00" testType="13cdc9d9-ddb5-4fa4-a97d-d965ccfc6d4b" outcome="Passed" testListId="8c84fa94-04c1-424b-9868-57a2d4851a1d" relativeResultsDirectory="c20d2166-5690-41eb-bc59-03d57d781c95" />
    <UnitTestResult executionId="5917e65a-5f1f-4c4a-a82b-c87d021caf3c" testId="0df69eaf-b001-71ae-6cf8-f9c5860f7c4c" testName="ToIsFileThrow_Passing_InvalidValue_Returns_ApplicationExceptionWithMessage" computerName="PC-SFERRARI" duration="00:00:00.0012311" startTime="2021-01-15T21:32:56.1723773+00:00" endTime="2021-01-15T21:32:56.1737032+00:00" testType="13cdc9d9-ddb5-4fa4-a97d-d965ccfc6d4b" outcome="Passed" testListId="8c84fa94-04c1-424b-9868-57a2d4851a1d" relativeResultsDirectory="5917e65a-5f1f-4c4a-a82b-c87d021caf3c" />
    <UnitTestResult executionId="1933cd78-d749-416a-b003-f9009a75e1b7" testId="f828057e-351a-48b7-0028-e57f15c7217e" testName="ToDefaultValue_Passing_uint_Returns_Cero" computerName="PC-SFERRARI" duration="00:00:00.0004538" startTime="2021-01-15T21:32:56.5538223+00:00" endTime="2021-01-15T21:32:56.5543820+00:00" testType="13cdc9d9-ddb5-4fa4-a97d-d965ccfc6d4b" outcome="Passed" testListId="8c84fa94-04c1-424b-9868-57a2d4851a1d" relativeResultsDirectory="1933cd78-d749-416a-b003-f9009a75e1b7" resultType="DataDrivenTest">
      <InnerResults>
        <UnitTestResult executionId="cbd36bf3-ef49-4529-b11d-a188c0988cfe" parentExecutionId="1933cd78-d749-416a-b003-f9009a75e1b7" testId="f828057e-351a-48b7-0028-e57f15c7217e" testName="ToDefaultValue_Passing_uint_Returns_Cero (4294967295)" computerName="PC-SFERRARI" duration="00:00:00.0003992" startTime="2021-01-15T21:32:56.5538223+00:00" endTime="2021-01-15T21:32:56.5543820+00:00" testType="13cdc9d9-ddb5-4fa4-a97d-d965ccfc6d4b" outcome="Passed" testListId="8c84fa94-04c1-424b-9868-57a2d4851a1d" relativeResultsDirectory="cbd36bf3-ef49-4529-b11d-a188c0988cfe" dataRowInfo="1" resultType="DataDrivenDataRow" />
      </InnerResults>
    </UnitTestResult>
    <UnitTestResult executionId="bc876bf6-ea15-43ef-a21e-19545cc77690" testId="9d64a285-266d-52de-ef34-34102f8ad12c" testName="IsEspecialChars_Passing_InvalidArguments_Returns_HasErrorsAndCount" computerName="PC-SFERRARI" duration="00:00:00.0006065" startTime="2021-01-15T21:32:56.2076804+00:00" endTime="2021-01-15T21:32:56.2083599+00:00" testType="13cdc9d9-ddb5-4fa4-a97d-d965ccfc6d4b" outcome="Passed" testListId="8c84fa94-04c1-424b-9868-57a2d4851a1d" relativeResultsDirectory="bc876bf6-ea15-43ef-a21e-19545cc77690" />
    <UnitTestResult executionId="e55314aa-2521-4702-aaf7-1455b479d9c5" testId="e9b23f0c-0cde-4603-1739-ee642fd33c36" testName="ToSubdomain_Passing_HttpRequest_Host_Returns_Subdomain" computerName="PC-SFERRARI" duration="00:00:00.0019486" startTime="2021-01-15T21:32:56.6956955+00:00" endTime="2021-01-15T21:32:56.6978377+00:00" testType="13cdc9d9-ddb5-4fa4-a97d-d965ccfc6d4b" outcome="Passed" testListId="8c84fa94-04c1-424b-9868-57a2d4851a1d" relativeResultsDirectory="e55314aa-2521-4702-aaf7-1455b479d9c5" />
    <UnitTestResult executionId="0d152e7a-1617-49f5-80b8-c5d8439ab690" testId="10024a68-25d4-872c-3e48-a6d6b2671494" testName="ToTryIPv6_Passing_HttpContext_IP_Value_Returns_IP" computerName="PC-SFERRARI" duration="00:00:00.0179324" startTime="2021-01-15T21:32:56.6225769+00:00" endTime="2021-01-15T21:32:56.6406792+00:00" testType="13cdc9d9-ddb5-4fa4-a97d-d965ccfc6d4b" outcome="Passed" testListId="8c84fa94-04c1-424b-9868-57a2d4851a1d" relativeResultsDirectory="0d152e7a-1617-49f5-80b8-c5d8439ab690" />
    <UnitTestResult executionId="e383d747-f037-4044-aea3-fa859e703fa7" testId="772d3145-280a-fb9f-03c2-247d0f593a66" testName="IsCustom_Passing_InvalidArguments_Returns_HasErrorsAndCount" computerName="PC-SFERRARI" duration="00:00:00.0075182" startTime="2021-01-15T21:32:56.1892737+00:00" endTime="2021-01-15T21:32:56.1971107+00:00" testType="13cdc9d9-ddb5-4fa4-a97d-d965ccfc6d4b" outcome="Passed" testListId="8c84fa94-04c1-424b-9868-57a2d4851a1d" relativeResultsDirectory="e383d747-f037-4044-aea3-fa859e703fa7" />
    <UnitTestResult executionId="75884ac4-3297-40fd-874b-c07dc7c845cb" testId="0d35441f-72fe-a777-509f-6a19632f972a" testName="ToMessage_Passing_ExceptionWithMessageWithInnerException_Returns_MessageAndInnerException" computerName="PC-SFERRARI" duration="00:00:00.0004745" startTime="2021-01-15T21:32:56.5288579+00:00" endTime="2021-01-15T21:32:56.5295345+00:00" testType="13cdc9d9-ddb5-4fa4-a97d-d965ccfc6d4b" outcome="Passed" testListId="8c84fa94-04c1-424b-9868-57a2d4851a1d" relativeResultsDirectory="75884ac4-3297-40fd-874b-c07dc7c845cb" />
    <UnitTestResult executionId="d723b11b-dbfb-4dc0-ae59-f5f03edaed11" testId="9e36eef1-cde7-a509-c95d-2249b6b02dbb" testName="ToIsDirectoryThrow_Passing_InvalidValue_Returns_ApplicationExceptionWithMessage" computerName="PC-SFERRARI" duration="00:00:00.0019653" startTime="2021-01-15T21:32:56.1512198+00:00" endTime="2021-01-15T21:32:56.1534092+00:00" testType="13cdc9d9-ddb5-4fa4-a97d-d965ccfc6d4b" outcome="Passed" testListId="8c84fa94-04c1-424b-9868-57a2d4851a1d" relativeResultsDirectory="d723b11b-dbfb-4dc0-ae59-f5f03edaed11" />
    <UnitTestResult executionId="7ee41f6d-0a37-4a22-b885-12a5195817ca" testId="f0f37a42-1a3a-10a5-5f17-e01b9915abd3" testName="ToPaged_Passing_Age_Ascending_Order_Returns_Filter_List" computerName="PC-SFERRARI" duration="00:00:00.0051063" startTime="2021-01-15T21:32:56.8931893+00:00" endTime="2021-01-15T21:32:56.8985940+00:00" testType="13cdc9d9-ddb5-4fa4-a97d-d965ccfc6d4b" outcome="Passed" testListId="8c84fa94-04c1-424b-9868-57a2d4851a1d" relativeResultsDirectory="7ee41f6d-0a37-4a22-b885-12a5195817ca" />
    <UnitTestResult executionId="7fb45f99-83c3-406e-b5f7-2597b25e5c0a" testId="a75e991f-5e03-3949-85d6-afa1f14455d4" testName="ToIsAuthenticated_Passing_Claims_Returns_True" computerName="PC-SFERRARI" duration="00:00:00.0011390" startTime="2021-01-15T21:32:56.3421175+00:00" endTime="2021-01-15T21:32:56.3435132+00:00" testType="13cdc9d9-ddb5-4fa4-a97d-d965ccfc6d4b" outcome="Passed" testListId="8c84fa94-04c1-424b-9868-57a2d4851a1d" relativeResultsDirectory="7fb45f99-83c3-406e-b5f7-2597b25e5c0a" />
    <UnitTestResult executionId="895a34d4-24da-4e8a-a5ef-547b16d46e69" testId="c87d842d-198f-fc52-0a70-418a5e5378ab" testName="IsEqual_Passing_InvalidArguments_Returns_HasErrorsAndCount" computerName="PC-SFERRARI" duration="00:00:00.0005738" startTime="2021-01-15T21:32:56.2070209+00:00" endTime="2021-01-15T21:32:56.2076609+00:00" testType="13cdc9d9-ddb5-4fa4-a97d-d965ccfc6d4b" outcome="Passed" testListId="8c84fa94-04c1-424b-9868-57a2d4851a1d" relativeResultsDirectory="895a34d4-24da-4e8a-a5ef-547b16d46e69" />
    <UnitTestResult executionId="723f90f1-a33f-4bb4-8089-76feede2723e" testId="ee30e1f9-ce80-c70a-1b56-b7e02750ae26" testName="IsDirectory_Passing_InvalidArguments_Returns_HasErrorsAndCount" computerName="PC-SFERRARI" duration="00:00:00.0003386" startTime="2021-01-15T21:32:56.1993679+00:00" endTime="2021-01-15T21:32:56.1998094+00:00" testType="13cdc9d9-ddb5-4fa4-a97d-d965ccfc6d4b" outcome="Passed" testListId="8c84fa94-04c1-424b-9868-57a2d4851a1d" relativeResultsDirectory="723f90f1-a33f-4bb4-8089-76feede2723e" />
    <UnitTestResult executionId="5c2020b2-08fd-4aa9-a820-228d0c3c7961" testId="e53d2439-2080-43bd-e38b-a60253b60af1" testName="ToPaged_Passing_Age_Descending_Order_Returns_Filter_List" computerName="PC-SFERRARI" duration="00:00:00.0007580" startTime="2021-01-15T21:32:56.8986457+00:00" endTime="2021-01-15T21:32:56.8995589+00:00" testType="13cdc9d9-ddb5-4fa4-a97d-d965ccfc6d4b" outcome="Passed" testListId="8c84fa94-04c1-424b-9868-57a2d4851a1d" relativeResultsDirectory="5c2020b2-08fd-4aa9-a820-228d0c3c7961" />
    <UnitTestResult executionId="77558571-ba2e-4309-9c95-354e9d3ba320" testId="6b41eea5-b11d-4975-a42c-5030c52fd29c" testName="ResultError" computerName="PC-SFERRARI" duration="00:00:00.0011976" startTime="2021-01-15T21:32:56.9114573+00:00" endTime="2021-01-15T21:32:56.9129520+00:00" testType="13cdc9d9-ddb5-4fa4-a97d-d965ccfc6d4b" outcome="Passed" testListId="8c84fa94-04c1-424b-9868-57a2d4851a1d" relativeResultsDirectory="77558571-ba2e-4309-9c95-354e9d3ba320" />
    <UnitTestResult executionId="35ded014-da2b-468d-bcb8-530f1e1d8b27" testId="118e36ba-6572-1245-e05b-9bcc7b4e5e20" testName="ToBytes_Passing_Object_Returns_Bytes" computerName="PC-SFERRARI" duration="00:00:00.0010374" startTime="2021-01-15T21:32:56.5300552+00:00" endTime="2021-01-15T21:32:56.5314621+00:00" testType="13cdc9d9-ddb5-4fa4-a97d-d965ccfc6d4b" outcome="Passed" testListId="8c84fa94-04c1-424b-9868-57a2d4851a1d" relativeResultsDirectory="35ded014-da2b-468d-bcb8-530f1e1d8b27" />
    <UnitTestResult executionId="ace2ed0c-944c-4b98-b798-f5321bf36431" testId="e1a72c94-958d-7abb-4a96-4b60b12f8157" testName="ToFullMessage_Passing_ExceptionWithMessageWithInnerException_Returns_Full_Message" computerName="PC-SFERRARI" duration="00:00:00.0051570" startTime="2021-01-15T21:32:56.5233955+00:00" endTime="2021-01-15T21:32:56.5288047+00:00" testType="13cdc9d9-ddb5-4fa4-a97d-d965ccfc6d4b" outcome="Passed" testListId="8c84fa94-04c1-424b-9868-57a2d4851a1d" relativeResultsDirectory="ace2ed0c-944c-4b98-b798-f5321bf36431" />
    <UnitTestResult executionId="8b3a3637-af42-426e-8168-29c69ff78778" testId="8fbac209-421a-f9fa-c5fe-97403aedb24e" testName="ToIsNullOrAnyThrow_Passing_InvalidValue_Returns_ApplicationExceptionWithMessage" computerName="PC-SFERRARI" duration="00:00:00.0040314" startTime="2021-01-15T21:32:56.1769157+00:00" endTime="2021-01-15T21:32:56.1810771+00:00" testType="13cdc9d9-ddb5-4fa4-a97d-d965ccfc6d4b" outcome="Passed" testListId="8c84fa94-04c1-424b-9868-57a2d4851a1d" relativeResultsDirectory="8b3a3637-af42-426e-8168-29c69ff78778" />
    <UnitTestResult executionId="3f9a272c-923a-4096-9c95-2b598c39025f" testId="640513b3-feee-19a8-efba-5817e77ff3ee" testName="ToExists_Passing_NotFound_Service_Returns_False" computerName="PC-SFERRARI" duration="00:00:00.0004611" startTime="2021-01-15T21:32:56.4119482+00:00" endTime="2021-01-15T21:32:56.4124789+00:00" testType="13cdc9d9-ddb5-4fa4-a97d-d965ccfc6d4b" outcome="Passed" testListId="8c84fa94-04c1-424b-9868-57a2d4851a1d" relativeResultsDirectory="3f9a272c-923a-4096-9c95-2b598c39025f" />
    <UnitTestResult executionId="7935e3d8-8a42-4ac0-9eeb-a3ff2d382256" testId="a0ed43cd-0648-ddf9-c80e-52c6889ee049" testName="ToDictionaryPropertyInfo_Passing_Object_IncludeNullOrEmptyProperty_Returns_Properties_NameAndValue_Dictionary" computerName="PC-SFERRARI" duration="00:00:00.0029989" startTime="2021-01-15T21:32:56.5607020+00:00" endTime="2021-01-15T21:32:56.5638345+00:00" testType="13cdc9d9-ddb5-4fa4-a97d-d965ccfc6d4b" outcome="Passed" testListId="8c84fa94-04c1-424b-9868-57a2d4851a1d" relativeResultsDirectory="7935e3d8-8a42-4ac0-9eeb-a3ff2d382256" />
    <UnitTestResult executionId="e51ff932-50ec-42fa-afea-476e984ba3b1" testId="5bee9d0e-89de-7b6d-4317-0a11342b1d29" testName="ToIPv6_Passing_HttpContext_IP_Value_Returns_IP" computerName="PC-SFERRARI" duration="00:00:00.0006711" startTime="2021-01-15T21:32:56.6217073+00:00" endTime="2021-01-15T21:32:56.6225330+00:00" testType="13cdc9d9-ddb5-4fa4-a97d-d965ccfc6d4b" outcome="Passed" testListId="8c84fa94-04c1-424b-9868-57a2d4851a1d" relativeResultsDirectory="e51ff932-50ec-42fa-afea-476e984ba3b1" />
    <UnitTestResult executionId="af3d3840-6649-4b8a-ba2f-5df6c34f773d" testId="f17b6f1f-06a9-5318-815f-4c3950fdd0cb" testName="CreateSHA512_Passing_Invalid_Arguments_Returns_ApplicationException" computerName="PC-SFERRARI" duration="00:00:00.0007477" startTime="2021-01-15T21:32:56.5895988+00:00" endTime="2021-01-15T21:32:56.5904749+00:00" testType="13cdc9d9-ddb5-4fa4-a97d-d965ccfc6d4b" outcome="Passed" testListId="8c84fa94-04c1-424b-9868-57a2d4851a1d" relativeResultsDirectory="af3d3840-6649-4b8a-ba2f-5df6c34f773d" resultType="DataDrivenTest">
      <InnerResults>
        <UnitTestResult executionId="d0c709fb-d1fa-4be4-ba2d-7deb0ee88180" parentExecutionId="af3d3840-6649-4b8a-ba2f-5df6c34f773d" testId="f17b6f1f-06a9-5318-815f-4c3950fdd0cb" testName="CreateSHA512_Passing_Invalid_Arguments_Returns_ApplicationException ()" computerName="PC-SFERRARI" duration="00:00:00.0005218" startTime="2021-01-15T21:32:56.5895988+00:00" endTime="2021-01-15T21:32:56.5904749+00:00" testType="13cdc9d9-ddb5-4fa4-a97d-d965ccfc6d4b" outcome="Passed" testListId="8c84fa94-04c1-424b-9868-57a2d4851a1d" relativeResultsDirectory="d0c709fb-d1fa-4be4-ba2d-7deb0ee88180" dataRowInfo="1" resultType="DataDrivenDataRow" />
        <UnitTestResult executionId="f201122e-ccbf-43ad-8cc2-7d3cac56ea58" parentExecutionId="af3d3840-6649-4b8a-ba2f-5df6c34f773d" testId="f17b6f1f-06a9-5318-815f-4c3950fdd0cb" testName="CreateSHA512_Passing_Invalid_Arguments_Returns_ApplicationException ()" computerName="PC-SFERRARI" duration="00:00:00.0000704" startTime="2021-01-15T21:32:56.5895988+00:00" endTime="2021-01-15T21:32:56.5904749+00:00" testType="13cdc9d9-ddb5-4fa4-a97d-d965ccfc6d4b" outcome="Passed" testListId="8c84fa94-04c1-424b-9868-57a2d4851a1d" relativeResultsDirectory="f201122e-ccbf-43ad-8cc2-7d3cac56ea58" dataRowInfo="2" resultType="DataDrivenDataRow" />
        <UnitTestResult executionId="232083d1-c072-4f63-a7ac-86a3715395d0" parentExecutionId="af3d3840-6649-4b8a-ba2f-5df6c34f773d" testId="f17b6f1f-06a9-5318-815f-4c3950fdd0cb" testName="CreateSHA512_Passing_Invalid_Arguments_Returns_ApplicationException ( )" computerName="PC-SFERRARI" duration="00:00:00.0000569" startTime="2021-01-15T21:32:56.5895988+00:00" endTime="2021-01-15T21:32:56.5904749+00:00" testType="13cdc9d9-ddb5-4fa4-a97d-d965ccfc6d4b" outcome="Passed" testListId="8c84fa94-04c1-424b-9868-57a2d4851a1d" relativeResultsDirectory="232083d1-c072-4f63-a7ac-86a3715395d0" dataRowInfo="3" resultType="DataDrivenDataRow" />
      </InnerResults>
    </UnitTestResult>
    <UnitTestResult executionId="5e1dbb94-1a14-46aa-bbbb-0eca9cb47017" testId="19f76070-822e-31f8-2a9f-a96f774333a7" testName="ToInt_Passing_InvalidValueString_Returns_DefaultValue" computerName="PC-SFERRARI" duration="00:00:00.0004076" startTime="2021-01-15T21:32:57.1520288+00:00" endTime="2021-01-15T21:32:57.1525094+00:00" testType="13cdc9d9-ddb5-4fa4-a97d-d965ccfc6d4b" outcome="Passed" testListId="8c84fa94-04c1-424b-9868-57a2d4851a1d" relativeResultsDirectory="5e1dbb94-1a14-46aa-bbbb-0eca9cb47017" resultType="DataDrivenTest">
      <InnerResults>
        <UnitTestResult executionId="d4f4a914-be7d-49b7-9a3c-67d80b29d917" parentExecutionId="5e1dbb94-1a14-46aa-bbbb-0eca9cb47017" testId="19f76070-822e-31f8-2a9f-a96f774333a7" testName="ToInt_Passing_InvalidValueString_Returns_DefaultValue (1.3333)" computerName="PC-SFERRARI" duration="00:00:00.0002943" startTime="2021-01-15T21:32:57.1520288+00:00" endTime="2021-01-15T21:32:57.1525094+00:00" testType="13cdc9d9-ddb5-4fa4-a97d-d965ccfc6d4b" outcome="Passed" testListId="8c84fa94-04c1-424b-9868-57a2d4851a1d" relativeResultsDirectory="d4f4a914-be7d-49b7-9a3c-67d80b29d917" dataRowInfo="1" resultType="DataDrivenDataRow" />
        <UnitTestResult executionId="9eece23c-da39-4d25-9d2b-68141e6152ed" parentExecutionId="5e1dbb94-1a14-46aa-bbbb-0eca9cb47017" testId="19f76070-822e-31f8-2a9f-a96f774333a7" testName="ToInt_Passing_InvalidValueString_Returns_DefaultValue (1,3333)" computerName="PC-SFERRARI" duration="00:00:00.0000103" startTime="2021-01-15T21:32:57.1520288+00:00" endTime="2021-01-15T21:32:57.1525094+00:00" testType="13cdc9d9-ddb5-4fa4-a97d-d965ccfc6d4b" outcome="Passed" testListId="8c84fa94-04c1-424b-9868-57a2d4851a1d" relativeResultsDirectory="9eece23c-da39-4d25-9d2b-68141e6152ed" dataRowInfo="2" resultType="DataDrivenDataRow" />
        <UnitTestResult executionId="5798ebe6-0dce-4a2f-bd1a-9929353bb3ad" parentExecutionId="5e1dbb94-1a14-46aa-bbbb-0eca9cb47017" testId="19f76070-822e-31f8-2a9f-a96f774333a7" testName="ToInt_Passing_InvalidValueString_Returns_DefaultValue (1.333,39)" computerName="PC-SFERRARI" duration="00:00:00.0000043" startTime="2021-01-15T21:32:57.1520288+00:00" endTime="2021-01-15T21:32:57.1525094+00:00" testType="13cdc9d9-ddb5-4fa4-a97d-d965ccfc6d4b" outcome="Passed" testListId="8c84fa94-04c1-424b-9868-57a2d4851a1d" relativeResultsDirectory="5798ebe6-0dce-4a2f-bd1a-9929353bb3ad" dataRowInfo="3" resultType="DataDrivenDataRow" />
        <UnitTestResult executionId="127a3649-01ff-4d87-a0af-e50334aa1ca7" parentExecutionId="5e1dbb94-1a14-46aa-bbbb-0eca9cb47017" testId="19f76070-822e-31f8-2a9f-a96f774333a7" testName="ToInt_Passing_InvalidValueString_Returns_DefaultValue (999999439293294392492349329493294)" computerName="PC-SFERRARI" duration="00:00:00.0000047" startTime="2021-01-15T21:32:57.1520288+00:00" endTime="2021-01-15T21:32:57.1525094+00:00" testType="13cdc9d9-ddb5-4fa4-a97d-d965ccfc6d4b" outcome="Passed" testListId="8c84fa94-04c1-424b-9868-57a2d4851a1d" relativeResultsDirectory="127a3649-01ff-4d87-a0af-e50334aa1ca7" dataRowInfo="4" resultType="DataDrivenDataRow" />
        <UnitTestResult executionId="106fa4c5-e10b-455f-9c9b-a04d21a2b080" parentExecutionId="5e1dbb94-1a14-46aa-bbbb-0eca9cb47017" testId="19f76070-822e-31f8-2a9f-a96f774333a7" testName="ToInt_Passing_InvalidValueString_Returns_DefaultValue (asdasdasdasd234324)" computerName="PC-SFERRARI" duration="00:00:00.0000032" startTime="2021-01-15T21:32:57.1520288+00:00" endTime="2021-01-15T21:32:57.1525094+00:00" testType="13cdc9d9-ddb5-4fa4-a97d-d965ccfc6d4b" outcome="Passed" testListId="8c84fa94-04c1-424b-9868-57a2d4851a1d" relativeResultsDirectory="106fa4c5-e10b-455f-9c9b-a04d21a2b080" dataRowInfo="5" resultType="DataDrivenDataRow" />
      </InnerResults>
    </UnitTestResult>
    <UnitTestResult executionId="8f8c26d5-b681-4d3c-9cce-3ff0bec6ec12" testId="c09577a6-adca-ef94-40b5-45575ad65e4f" testName="ToEnvironment_ServiceProvider_Passing_Development_Enviroment_Returns_Development_Name" computerName="PC-SFERRARI" duration="00:00:00.0004930" startTime="2021-01-15T21:32:56.4113727+00:00" endTime="2021-01-15T21:32:56.4119295+00:00" testType="13cdc9d9-ddb5-4fa4-a97d-d965ccfc6d4b" outcome="Passed" testListId="8c84fa94-04c1-424b-9868-57a2d4851a1d" relativeResultsDirectory="8f8c26d5-b681-4d3c-9cce-3ff0bec6ec12" />
    <UnitTestResult executionId="9e36764a-114b-49e4-9452-cbf2f8c669b5" testId="a2b6017f-838f-c435-81c1-a75dd92108eb" testName="IsEspecialChars_Passing_ValidArguments_Returns_HasErrorsAndCount" computerName="PC-SFERRARI" duration="00:00:00.0001458" startTime="2021-01-15T21:32:56.2083823+00:00" endTime="2021-01-15T21:32:56.2086048+00:00" testType="13cdc9d9-ddb5-4fa4-a97d-d965ccfc6d4b" outcome="Passed" testListId="8c84fa94-04c1-424b-9868-57a2d4851a1d" relativeResultsDirectory="9e36764a-114b-49e4-9452-cbf2f8c669b5" />
    <UnitTestResult executionId="1d4fe506-f9ee-4e4e-b098-3a3a4d3e841f" testId="9af963da-8209-d683-34a5-be793bc59993" testName="ToList_Passing_ValidEnumTypeWithSelectedValueWithResourceType_Returns_ValuesList" computerName="PC-SFERRARI" duration="00:00:00.0020796" startTime="2021-01-15T21:32:56.5181149+00:00" endTime="2021-01-15T21:32:56.5204302+00:00" testType="13cdc9d9-ddb5-4fa4-a97d-d965ccfc6d4b" outcome="Passed" testListId="8c84fa94-04c1-424b-9868-57a2d4851a1d" relativeResultsDirectory="1d4fe506-f9ee-4e4e-b098-3a3a4d3e841f" />
    <UnitTestResult executionId="3ddb920e-9701-43b7-ad6f-3db221609e9c" testId="04084e8e-c859-4ef5-e2a7-4fb2803cb2a3" testName="ToReplace_Passing_ValidValue_Returns_ReplacedValue" computerName="PC-SFERRARI" duration="00:00:00.0010877" startTime="2021-01-15T21:32:57.2060169+00:00" endTime="2021-01-15T21:32:57.2073409+00:00" testType="13cdc9d9-ddb5-4fa4-a97d-d965ccfc6d4b" outcome="Passed" testListId="8c84fa94-04c1-424b-9868-57a2d4851a1d" relativeResultsDirectory="3ddb920e-9701-43b7-ad6f-3db221609e9c" resultType="DataDrivenTest">
      <InnerResults>
        <UnitTestResult executionId="a55285f6-5cd6-448c-bf99-d152e139d466" parentExecutionId="3ddb920e-9701-43b7-ad6f-3db221609e9c" testId="04084e8e-c859-4ef5-e2a7-4fb2803cb2a3" testName="ToReplace_Passing_ValidValue_Returns_ReplacedValue (aeiou,*,0,1,*eiou)" computerName="PC-SFERRARI" duration="00:00:00.0007455" startTime="2021-01-15T21:32:57.2060169+00:00" endTime="2021-01-15T21:32:57.2073409+00:00" testType="13cdc9d9-ddb5-4fa4-a97d-d965ccfc6d4b" outcome="Passed" testListId="8c84fa94-04c1-424b-9868-57a2d4851a1d" relativeResultsDirectory="a55285f6-5cd6-448c-bf99-d152e139d466" dataRowInfo="1" resultType="DataDrivenDataRow" />
        <UnitTestResult executionId="d767b45c-e0b4-4662-b483-c19f3d9cef92" parentExecutionId="3ddb920e-9701-43b7-ad6f-3db221609e9c" testId="04084e8e-c859-4ef5-e2a7-4fb2803cb2a3" testName="ToReplace_Passing_ValidValue_Returns_ReplacedValue (aeiou,*,0,2,**iou)" computerName="PC-SFERRARI" duration="00:00:00.0000192" startTime="2021-01-15T21:32:57.2060169+00:00" endTime="2021-01-15T21:32:57.2073409+00:00" testType="13cdc9d9-ddb5-4fa4-a97d-d965ccfc6d4b" outcome="Passed" testListId="8c84fa94-04c1-424b-9868-57a2d4851a1d" relativeResultsDirectory="d767b45c-e0b4-4662-b483-c19f3d9cef92" dataRowInfo="2" resultType="DataDrivenDataRow" />
        <UnitTestResult executionId="31ac5216-08f8-42f3-bd8f-6d98510edd10" parentExecutionId="3ddb920e-9701-43b7-ad6f-3db221609e9c" testId="04084e8e-c859-4ef5-e2a7-4fb2803cb2a3" testName="ToReplace_Passing_ValidValue_Returns_ReplacedValue (aeiou,*,0,3,***ou)" computerName="PC-SFERRARI" duration="00:00:00.0000155" startTime="2021-01-15T21:32:57.2060169+00:00" endTime="2021-01-15T21:32:57.2073409+00:00" testType="13cdc9d9-ddb5-4fa4-a97d-d965ccfc6d4b" outcome="Passed" testListId="8c84fa94-04c1-424b-9868-57a2d4851a1d" relativeResultsDirectory="31ac5216-08f8-42f3-bd8f-6d98510edd10" dataRowInfo="3" resultType="DataDrivenDataRow" />
        <UnitTestResult executionId="436a94c5-0b49-4c0f-9216-e2a222b16bbb" parentExecutionId="3ddb920e-9701-43b7-ad6f-3db221609e9c" testId="04084e8e-c859-4ef5-e2a7-4fb2803cb2a3" testName="ToReplace_Passing_ValidValue_Returns_ReplacedValue (aeiou,*,0,4,****u)" computerName="PC-SFERRARI" duration="00:00:00.0000067" startTime="2021-01-15T21:32:57.2060169+00:00" endTime="2021-01-15T21:32:57.2073409+00:00" testType="13cdc9d9-ddb5-4fa4-a97d-d965ccfc6d4b" outcome="Passed" testListId="8c84fa94-04c1-424b-9868-57a2d4851a1d" relativeResultsDirectory="436a94c5-0b49-4c0f-9216-e2a222b16bbb" dataRowInfo="4" resultType="DataDrivenDataRow" />
        <UnitTestResult executionId="517d3667-0f9c-4aa2-95bb-636c2c133956" parentExecutionId="3ddb920e-9701-43b7-ad6f-3db221609e9c" testId="04084e8e-c859-4ef5-e2a7-4fb2803cb2a3" testName="ToReplace_Passing_ValidValue_Returns_ReplacedValue (aeiou,*,0,5,*****)" computerName="PC-SFERRARI" duration="00:00:00.0000061" startTime="2021-01-15T21:32:57.2060169+00:00" endTime="2021-01-15T21:32:57.2073409+00:00" testType="13cdc9d9-ddb5-4fa4-a97d-d965ccfc6d4b" outcome="Passed" testListId="8c84fa94-04c1-424b-9868-57a2d4851a1d" relativeResultsDirectory="517d3667-0f9c-4aa2-95bb-636c2c133956" dataRowInfo="5" resultType="DataDrivenDataRow" />
        <UnitTestResult executionId="fa979427-9a72-4ac2-bc38-93767ace9e2c" parentExecutionId="3ddb920e-9701-43b7-ad6f-3db221609e9c" testId="04084e8e-c859-4ef5-e2a7-4fb2803cb2a3" testName="ToReplace_Passing_ValidValue_Returns_ReplacedValue (aeiou,*,2,1,ae*ou)" computerName="PC-SFERRARI" duration="00:00:00.0000090" startTime="2021-01-15T21:32:57.2060169+00:00" endTime="2021-01-15T21:32:57.2073409+00:00" testType="13cdc9d9-ddb5-4fa4-a97d-d965ccfc6d4b" outcome="Passed" testListId="8c84fa94-04c1-424b-9868-57a2d4851a1d" relativeResultsDirectory="fa979427-9a72-4ac2-bc38-93767ace9e2c" dataRowInfo="6" resultType="DataDrivenDataRow" />
        <UnitTestResult executionId="920189a2-db0a-4bbf-8c59-9a5c2f1f5c6b" parentExecutionId="3ddb920e-9701-43b7-ad6f-3db221609e9c" testId="04084e8e-c859-4ef5-e2a7-4fb2803cb2a3" testName="ToReplace_Passing_ValidValue_Returns_ReplacedValue (aeiou,*,2,2,ae**u)" computerName="PC-SFERRARI" duration="00:00:00.0000112" startTime="2021-01-15T21:32:57.2060169+00:00" endTime="2021-01-15T21:32:57.2073409+00:00" testType="13cdc9d9-ddb5-4fa4-a97d-d965ccfc6d4b" outcome="Passed" testListId="8c84fa94-04c1-424b-9868-57a2d4851a1d" relativeResultsDirectory="920189a2-db0a-4bbf-8c59-9a5c2f1f5c6b" dataRowInfo="7" resultType="DataDrivenDataRow" />
      </InnerResults>
    </UnitTestResult>
    <UnitTestResult executionId="557d155b-3dd1-4ba5-81e2-a6cc2f796cc7" testId="4ead3f79-a54e-1b96-838c-d0c2f491cb0d" testName="ToAge_Passing_Birthday_DateTime_Returns_Age" computerName="PC-SFERRARI" duration="00:00:00.0006489" startTime="2021-01-15T21:32:56.4866799+00:00" endTime="2021-01-15T21:32:56.4875892+00:00" testType="13cdc9d9-ddb5-4fa4-a97d-d965ccfc6d4b" outcome="Passed" testListId="8c84fa94-04c1-424b-9868-57a2d4851a1d" relativeResultsDirectory="557d155b-3dd1-4ba5-81e2-a6cc2f796cc7" />
    <UnitTestResult executionId="5c0cb14f-c869-40f6-9c37-d0d896687f92" testId="0ee8121e-b492-a57d-d072-de988a4e30f8" testName="ToMapNew_Passing_TDestination_Returns_New_Destination_Object" computerName="PC-SFERRARI" duration="00:00:00.0054969" startTime="2021-01-15T21:32:55.9171543+00:00" endTime="2021-01-15T21:32:55.9227660+00:00" testType="13cdc9d9-ddb5-4fa4-a97d-d965ccfc6d4b" outcome="Passed" testListId="8c84fa94-04c1-424b-9868-57a2d4851a1d" relativeResultsDirectory="5c0cb14f-c869-40f6-9c37-d0d896687f92" />
    <UnitTestResult executionId="04043c7d-4bd2-4a79-a7ad-61a620c46702" testId="21ae5425-e2d1-002f-334f-105a6a674a01" testName="ToEnvironment_ServiceCollection_Passing_Custom_Enviroment_Returns_Custom_Name" computerName="PC-SFERRARI" duration="00:00:00.0006060" startTime="2021-01-15T21:32:56.4092987+00:00" endTime="2021-01-15T21:32:56.4100124+00:00" testType="13cdc9d9-ddb5-4fa4-a97d-d965ccfc6d4b" outcome="Passed" testListId="8c84fa94-04c1-424b-9868-57a2d4851a1d" relativeResultsDirectory="04043c7d-4bd2-4a79-a7ad-61a620c46702" />
    <UnitTestResult executionId="3634b39d-52e5-4d04-aa2c-2c7a3138b012" testId="c19b83a3-45fc-e848-cbcc-7f68b66eb4e3" testName="IsLowercase_Passing_InvalidArguments_Returns_HasErrorsAndCount" computerName="PC-SFERRARI" duration="00:00:00.0008437" startTime="2021-01-15T21:32:56.2207666+00:00" endTime="2021-01-15T21:32:56.2218006+00:00" testType="13cdc9d9-ddb5-4fa4-a97d-d965ccfc6d4b" outcome="Passed" testListId="8c84fa94-04c1-424b-9868-57a2d4851a1d" relativeResultsDirectory="3634b39d-52e5-4d04-aa2c-2c7a3138b012" />
    <UnitTestResult executionId="85febd2e-98b5-4f7a-b02d-f382f391b0b0" testId="459f13f4-e266-2f20-5c30-d2c64797095d" testName="ToIsWeekend_Passing_Friday_DateTime_Returns_False" computerName="PC-SFERRARI" duration="00:00:00.0002688" startTime="2021-01-15T21:32:56.4914824+00:00" endTime="2021-01-15T21:32:56.4918390+00:00" testType="13cdc9d9-ddb5-4fa4-a97d-d965ccfc6d4b" outcome="Passed" testListId="8c84fa94-04c1-424b-9868-57a2d4851a1d" relativeResultsDirectory="85febd2e-98b5-4f7a-b02d-f382f391b0b0" />
    <UnitTestResult executionId="3dbd5dae-9a7b-430b-82d0-0e48ab04197d" testId="1dab5b85-21d2-af6f-92e5-af8126f0e2fb" testName="ToIsNameThrow_Passing_InvalidValue_Returns_ApplicationExceptionWithMessage" computerName="PC-SFERRARI" duration="00:00:00.0030485" startTime="2021-01-15T21:32:56.1737330+00:00" endTime="2021-01-15T21:32:56.1768770+00:00" testType="13cdc9d9-ddb5-4fa4-a97d-d965ccfc6d4b" outcome="Passed" testListId="8c84fa94-04c1-424b-9868-57a2d4851a1d" relativeResultsDirectory="3dbd5dae-9a7b-430b-82d0-0e48ab04197d" />
    <UnitTestResult executionId="8e54b6b9-5562-49b6-8bc1-aace5236a381" testId="e2880a6e-7a01-b4ba-86fb-4d33be072972" testName="ToExists_Passing_Valid_Service_Returns_True" computerName="PC-SFERRARI" duration="00:00:00.0003585" startTime="2021-01-15T21:32:56.4125047+00:00" endTime="2021-01-15T21:32:56.4129433+00:00" testType="13cdc9d9-ddb5-4fa4-a97d-d965ccfc6d4b" outcome="Passed" testListId="8c84fa94-04c1-424b-9868-57a2d4851a1d" relativeResultsDirectory="8e54b6b9-5562-49b6-8bc1-aace5236a381" />
    <UnitTestResult executionId="e68346e8-7b4a-42bd-98ee-4c96ec542a9f" testId="8c1d1a56-be42-3df5-a82e-36b97c2860b8" testName="ToEnum_Passing_InvalidValueInt_Returns_EnumDefaultValue" computerName="PC-SFERRARI" duration="00:00:00.0002109" startTime="2021-01-15T21:32:57.1273191+00:00" endTime="2021-01-15T21:32:57.1276999+00:00" testType="13cdc9d9-ddb5-4fa4-a97d-d965ccfc6d4b" outcome="Passed" testListId="8c84fa94-04c1-424b-9868-57a2d4851a1d" relativeResultsDirectory="e68346e8-7b4a-42bd-98ee-4c96ec542a9f" />
    <UnitTestResult executionId="e18a26b8-ebea-43a7-ae7d-49050495d5f7" testId="17a38df3-33e0-71ac-f8cb-dcdd3ade7269" testName="ToDefaultValue_Passing_char_Returns_Cero" computerName="PC-SFERRARI" duration="00:00:00.0003527" startTime="2021-01-15T21:32:56.5448462+00:00" endTime="2021-01-15T21:32:56.5452973+00:00" testType="13cdc9d9-ddb5-4fa4-a97d-d965ccfc6d4b" outcome="Passed" testListId="8c84fa94-04c1-424b-9868-57a2d4851a1d" relativeResultsDirectory="e18a26b8-ebea-43a7-ae7d-49050495d5f7" resultType="DataDrivenTest">
      <InnerResults>
        <UnitTestResult executionId="ce56ae00-b330-4c70-9bb0-aa50c4932380" parentExecutionId="e18a26b8-ebea-43a7-ae7d-49050495d5f7" testId="17a38df3-33e0-71ac-f8cb-dcdd3ade7269" testName="ToDefaultValue_Passing_char_Returns_Cero (*)" computerName="PC-SFERRARI" duration="00:00:00.0003076" startTime="2021-01-15T21:32:56.5448462+00:00" endTime="2021-01-15T21:32:56.5452973+00:00" testType="13cdc9d9-ddb5-4fa4-a97d-d965ccfc6d4b" outcome="Passed" testListId="8c84fa94-04c1-424b-9868-57a2d4851a1d" relativeResultsDirectory="ce56ae00-b330-4c70-9bb0-aa50c4932380" dataRowInfo="1" resultType="DataDrivenDataRow" />
      </InnerResults>
    </UnitTestResult>
    <UnitTestResult executionId="0d42aeed-7f28-43a9-be5c-cede566c4d5e" testId="432377b9-b0ad-9a2a-6dc2-e1069e73c449" testName="ToDefaultValue_Passing_bool_Returns_Cero" computerName="PC-SFERRARI" duration="00:00:00.0007851" startTime="2021-01-15T21:32:56.5315047+00:00" endTime="2021-01-15T21:32:56.5324465+00:00" testType="13cdc9d9-ddb5-4fa4-a97d-d965ccfc6d4b" outcome="Passed" testListId="8c84fa94-04c1-424b-9868-57a2d4851a1d" relativeResultsDirectory="0d42aeed-7f28-43a9-be5c-cede566c4d5e" resultType="DataDrivenTest">
      <InnerResults>
        <UnitTestResult executionId="dd156f61-ebd6-420a-9d52-264a885e4ea3" parentExecutionId="0d42aeed-7f28-43a9-be5c-cede566c4d5e" testId="432377b9-b0ad-9a2a-6dc2-e1069e73c449" testName="ToDefaultValue_Passing_bool_Returns_Cero (True)" computerName="PC-SFERRARI" duration="00:00:00.0007190" startTime="2021-01-15T21:32:56.5315047+00:00" endTime="2021-01-15T21:32:56.5324465+00:00" testType="13cdc9d9-ddb5-4fa4-a97d-d965ccfc6d4b" outcome="Passed" testListId="8c84fa94-04c1-424b-9868-57a2d4851a1d" relativeResultsDirectory="dd156f61-ebd6-420a-9d52-264a885e4ea3" dataRowInfo="1" resultType="DataDrivenDataRow" />
      </InnerResults>
    </UnitTestResult>
    <UnitTestResult executionId="35022a88-96aa-40d6-8a30-9c4a992cd288" testId="a4956cd8-34a7-6fca-5b71-6eb98cedd9b0" testName="ToEndOfTheMonth_Passing_DateTime_Returns_End_Of_Month_DateTime" computerName="PC-SFERRARI" duration="00:00:00.0006461" startTime="2021-01-15T21:32:56.4876110+00:00" endTime="2021-01-15T21:32:56.4883298+00:00" testType="13cdc9d9-ddb5-4fa4-a97d-d965ccfc6d4b" outcome="Passed" testListId="8c84fa94-04c1-424b-9868-57a2d4851a1d" relativeResultsDirectory="35022a88-96aa-40d6-8a30-9c4a992cd288" />
    <UnitTestResult executionId="a546f845-1ed1-43b4-93bd-36c34bbcccb1" testId="98d4dd82-eb94-c060-7aeb-9b0a39f334fb" testName="ToIsLastDayOfTheMonth_Passing_LastDayOfMonth_Returns_True" computerName="PC-SFERRARI" duration="00:00:00.0002867" startTime="2021-01-15T21:32:56.4883506+00:00" endTime="2021-01-15T21:32:56.4887163+00:00" testType="13cdc9d9-ddb5-4fa4-a97d-d965ccfc6d4b" outcome="Passed" testListId="8c84fa94-04c1-424b-9868-57a2d4851a1d" relativeResultsDirectory="a546f845-1ed1-43b4-93bd-36c34bbcccb1" />
    <UnitTestResult executionId="d258e301-3c9e-4264-8949-0fa5b5a84987" testId="3443f7f5-ee1a-f375-e5b1-f7ffa940c0db" testName="ToIsLastDayOfTheMonth_Passing_NotLastDayOfMonth_Returns_False" computerName="PC-SFERRARI" duration="00:00:00.0001517" startTime="2021-01-15T21:32:56.4887357+00:00" endTime="2021-01-15T21:32:56.4889553+00:00" testType="13cdc9d9-ddb5-4fa4-a97d-d965ccfc6d4b" outcome="Passed" testListId="8c84fa94-04c1-424b-9868-57a2d4851a1d" relativeResultsDirectory="d258e301-3c9e-4264-8949-0fa5b5a84987" />
    <UnitTestResult executionId="24a70827-1fe0-409b-b4e2-cfc7e9409adc" testId="07d50dfb-3195-c832-23d2-97ae667f2010" testName="ToString_Passing_Valid_Collection_Returns_String_With_Default_Separator" computerName="PC-SFERRARI" duration="00:00:00.0002043" startTime="2021-01-15T21:32:56.4982818+00:00" endTime="2021-01-15T21:32:56.4985866+00:00" testType="13cdc9d9-ddb5-4fa4-a97d-d965ccfc6d4b" outcome="Passed" testListId="8c84fa94-04c1-424b-9868-57a2d4851a1d" relativeResultsDirectory="24a70827-1fe0-409b-b4e2-cfc7e9409adc" />
    <UnitTestResult executionId="73f9638a-be75-495b-ad65-5ca1ea7ec06c" testId="1c5de28c-f1b3-c94d-8e43-201eab8c2ff8" testName="ToEnvironment_Passing_Development_Enviroment_Returns_Development_Name" computerName="PC-SFERRARI" duration="00:00:00.0013149" startTime="2021-01-15T21:32:56.1085788+00:00" endTime="2021-01-15T21:32:56.1100392+00:00" testType="13cdc9d9-ddb5-4fa4-a97d-d965ccfc6d4b" outcome="Passed" testListId="8c84fa94-04c1-424b-9868-57a2d4851a1d" relativeResultsDirectory="73f9638a-be75-495b-ad65-5ca1ea7ec06c" />
    <UnitTestResult executionId="d5822b5f-d445-4429-b5c8-93978c23695a" testId="5385d994-9594-6052-11cb-73f8d2344981" testName="ToPath_Passing_HttpRequest_Scheme_Host_Path_Returns_Url" computerName="PC-SFERRARI" duration="00:00:00.0030186" startTime="2021-01-15T21:32:56.6880643+00:00" endTime="2021-01-15T21:32:56.6912581+00:00" testType="13cdc9d9-ddb5-4fa4-a97d-d965ccfc6d4b" outcome="Passed" testListId="8c84fa94-04c1-424b-9868-57a2d4851a1d" relativeResultsDirectory="d5822b5f-d445-4429-b5c8-93978c23695a" />
    <UnitTestResult executionId="8cc65db7-edff-44b5-8912-c53e6f184f0b" testId="4a2e80a7-472b-b7f7-ba61-ac77aed5735d" testName="ToHeader_Passing_HttpRequest_Header_Value_Returns_Value" computerName="PC-SFERRARI" duration="00:00:00.0009370" startTime="2021-01-15T21:32:56.6868974+00:00" endTime="2021-01-15T21:32:56.6880164+00:00" testType="13cdc9d9-ddb5-4fa4-a97d-d965ccfc6d4b" outcome="Passed" testListId="8c84fa94-04c1-424b-9868-57a2d4851a1d" relativeResultsDirectory="8cc65db7-edff-44b5-8912-c53e6f184f0b" />
    <UnitTestResult executionId="0cd6612f-82e3-4f34-8dcd-af4d45edb40a" testId="4315ebd1-3e2a-edf0-9de6-c78f08760fe3" testName="ToFirstLetterLower_Passing_ValidValue_Returns_StringWithFirstLetterLower" computerName="PC-SFERRARI" duration="00:00:00.0005055" startTime="2021-01-15T21:32:57.1352774+00:00" endTime="2021-01-15T21:32:57.1359194+00:00" testType="13cdc9d9-ddb5-4fa4-a97d-d965ccfc6d4b" outcome="Passed" testListId="8c84fa94-04c1-424b-9868-57a2d4851a1d" relativeResultsDirectory="0cd6612f-82e3-4f34-8dcd-af4d45edb40a" resultType="DataDrivenTest">
      <InnerResults>
        <UnitTestResult executionId="8e4166dc-a73a-43ac-8487-d55b09f273ea" parentExecutionId="0cd6612f-82e3-4f34-8dcd-af4d45edb40a" testId="4315ebd1-3e2a-edf0-9de6-c78f08760fe3" testName="ToFirstLetterLower_Passing_ValidValue_Returns_StringWithFirstLetterLower (aeiou,aeiou)" computerName="PC-SFERRARI" duration="00:00:00.0003606" startTime="2021-01-15T21:32:57.1352774+00:00" endTime="2021-01-15T21:32:57.1359194+00:00" testType="13cdc9d9-ddb5-4fa4-a97d-d965ccfc6d4b" outcome="Passed" testListId="8c84fa94-04c1-424b-9868-57a2d4851a1d" relativeResultsDirectory="8e4166dc-a73a-43ac-8487-d55b09f273ea" dataRowInfo="1" resultType="DataDrivenDataRow" />
        <UnitTestResult executionId="46a7378e-543f-4e4e-9cae-d6458fc3cabd" parentExecutionId="0cd6612f-82e3-4f34-8dcd-af4d45edb40a" testId="4315ebd1-3e2a-edf0-9de6-c78f08760fe3" testName="ToFirstLetterLower_Passing_ValidValue_Returns_StringWithFirstLetterLower (aEIOU,aEIOU)" computerName="PC-SFERRARI" duration="00:00:00.0000099" startTime="2021-01-15T21:32:57.1352774+00:00" endTime="2021-01-15T21:32:57.1359194+00:00" testType="13cdc9d9-ddb5-4fa4-a97d-d965ccfc6d4b" outcome="Passed" testListId="8c84fa94-04c1-424b-9868-57a2d4851a1d" relativeResultsDirectory="46a7378e-543f-4e4e-9cae-d6458fc3cabd" dataRowInfo="2" resultType="DataDrivenDataRow" />
        <UnitTestResult executionId="1ec24fe9-a954-4305-96d3-27362325bc9a" parentExecutionId="0cd6612f-82e3-4f34-8dcd-af4d45edb40a" testId="4315ebd1-3e2a-edf0-9de6-c78f08760fe3" testName="ToFirstLetterLower_Passing_ValidValue_Returns_StringWithFirstLetterLower (aeioU,aeioU)" computerName="PC-SFERRARI" duration="00:00:00.0000036" startTime="2021-01-15T21:32:57.1352774+00:00" endTime="2021-01-15T21:32:57.1359194+00:00" testType="13cdc9d9-ddb5-4fa4-a97d-d965ccfc6d4b" outcome="Passed" testListId="8c84fa94-04c1-424b-9868-57a2d4851a1d" relativeResultsDirectory="1ec24fe9-a954-4305-96d3-27362325bc9a" dataRowInfo="3" resultType="DataDrivenDataRow" />
        <UnitTestResult executionId="6e80c988-1a06-4f1a-b166-4cb91a6b0642" parentExecutionId="0cd6612f-82e3-4f34-8dcd-af4d45edb40a" testId="4315ebd1-3e2a-edf0-9de6-c78f08760fe3" testName="ToFirstLetterLower_Passing_ValidValue_Returns_StringWithFirstLetterLower (AEIOU,aEIOU)" computerName="PC-SFERRARI" duration="00:00:00.0000036" startTime="2021-01-15T21:32:57.1352774+00:00" endTime="2021-01-15T21:32:57.1359194+00:00" testType="13cdc9d9-ddb5-4fa4-a97d-d965ccfc6d4b" outcome="Passed" testListId="8c84fa94-04c1-424b-9868-57a2d4851a1d" relativeResultsDirectory="6e80c988-1a06-4f1a-b166-4cb91a6b0642" dataRowInfo="4" resultType="DataDrivenDataRow" />
        <UnitTestResult executionId="e44284c4-72f2-40fe-930d-80485dcd14fd" parentExecutionId="0cd6612f-82e3-4f34-8dcd-af4d45edb40a" testId="4315ebd1-3e2a-edf0-9de6-c78f08760fe3" testName="ToFirstLetterLower_Passing_ValidValue_Returns_StringWithFirstLetterLower (Aeiou,aeiou)" computerName="PC-SFERRARI" duration="00:00:00.0000033" startTime="2021-01-15T21:32:57.1352774+00:00" endTime="2021-01-15T21:32:57.1359194+00:00" testType="13cdc9d9-ddb5-4fa4-a97d-d965ccfc6d4b" outcome="Passed" testListId="8c84fa94-04c1-424b-9868-57a2d4851a1d" relativeResultsDirectory="e44284c4-72f2-40fe-930d-80485dcd14fd" dataRowInfo="5" resultType="DataDrivenDataRow" />
      </InnerResults>
    </UnitTestResult>
    <UnitTestResult executionId="d737a2cf-cea7-4b77-baf9-646a12fbb6b4" testId="55f105d6-fc07-21db-e70a-db30ccdb0844" testName="ToIsNullOrAny_Passing_InvalidValue_Returns_True" computerName="PC-SFERRARI" duration="00:00:00.0002007" startTime="2021-01-15T21:32:56.1811297+00:00" endTime="2021-01-15T21:32:56.1814990+00:00" testType="13cdc9d9-ddb5-4fa4-a97d-d965ccfc6d4b" outcome="Passed" testListId="8c84fa94-04c1-424b-9868-57a2d4851a1d" relativeResultsDirectory="d737a2cf-cea7-4b77-baf9-646a12fbb6b4" />
    <UnitTestResult executionId="be2dc8b3-f187-4fa2-81c6-b49293cad3b3" testId="0c633595-70e8-b011-5a46-c9c7e1687cb9" testName="ToGet_Passing_Claims_Returns_Claim_Value_String" computerName="PC-SFERRARI" duration="00:00:00.0006139" startTime="2021-01-15T21:32:56.3347996+00:00" endTime="2021-01-15T21:32:56.3355201+00:00" testType="13cdc9d9-ddb5-4fa4-a97d-d965ccfc6d4b" outcome="Passed" testListId="8c84fa94-04c1-424b-9868-57a2d4851a1d" relativeResultsDirectory="be2dc8b3-f187-4fa2-81c6-b49293cad3b3" />
    <UnitTestResult executionId="10a3cc86-e49d-4dd2-8744-3ed7bcce1ff3" testId="3c82816f-4e62-7440-d30d-abbd53b1dcea" testName="ResultOK" computerName="PC-SFERRARI" duration="00:00:00.0003256" startTime="2021-01-15T21:32:56.9410676+00:00" endTime="2021-01-15T21:32:56.9415155+00:00" testType="13cdc9d9-ddb5-4fa4-a97d-d965ccfc6d4b" outcome="Passed" testListId="8c84fa94-04c1-424b-9868-57a2d4851a1d" relativeResultsDirectory="10a3cc86-e49d-4dd2-8744-3ed7bcce1ff3" />
    <UnitTestResult executionId="4c238815-3483-43ef-94b0-e6d9f696710b" testId="31ff6168-d18d-0013-7c18-0ff775714202" testName="ToEnum_Passing_InvalidValueString_Returns_EnumDefaultValue" computerName="PC-SFERRARI" duration="00:00:00.0001959" startTime="2021-01-15T21:32:57.1296866+00:00" endTime="2021-01-15T21:32:57.1300516+00:00" testType="13cdc9d9-ddb5-4fa4-a97d-d965ccfc6d4b" outcome="Passed" testListId="8c84fa94-04c1-424b-9868-57a2d4851a1d" relativeResultsDirectory="4c238815-3483-43ef-94b0-e6d9f696710b" />
    <UnitTestResult executionId="47091060-b466-4582-8b7d-c61199fbf310" testId="26cc48e2-5e82-bc12-cf41-e3a984599b8d" testName="ToUserName_Passing_Invalid_ClaimsPrincipal_Returns_Null" computerName="PC-SFERRARI" duration="00:00:00.0006635" startTime="2021-01-15T21:32:56.3444674+00:00" endTime="2021-01-15T21:32:56.3452408+00:00" testType="13cdc9d9-ddb5-4fa4-a97d-d965ccfc6d4b" outcome="Passed" testListId="8c84fa94-04c1-424b-9868-57a2d4851a1d" relativeResultsDirectory="47091060-b466-4582-8b7d-c61199fbf310" />
    <UnitTestResult executionId="7535a351-e6d7-4ce0-8be8-3006fbb56ca4" testId="1761ee10-7c34-b565-b889-1885bffe91c3" testName="ToSetTime_Passing_Time_Int_Returns_DateTime" computerName="PC-SFERRARI" duration="00:00:00.0002945" startTime="2021-01-15T21:32:56.4922658+00:00" endTime="2021-01-15T21:32:56.4926225+00:00" testType="13cdc9d9-ddb5-4fa4-a97d-d965ccfc6d4b" outcome="Passed" testListId="8c84fa94-04c1-424b-9868-57a2d4851a1d" relativeResultsDirectory="7535a351-e6d7-4ce0-8be8-3006fbb56ca4" />
    <UnitTestResult executionId="267ee7e7-2fd0-4268-8539-3158a24f92df" testId="ac572b27-5286-68a4-5380-d7de82fbf69a" testName="ToFormat_Passing_ValidValueFormatWithArguments_Returns_ValueWithFormat" computerName="PC-SFERRARI" duration="00:00:00.0006636" startTime="2021-01-15T21:32:57.1434964+00:00" endTime="2021-01-15T21:32:57.1443543+00:00" testType="13cdc9d9-ddb5-4fa4-a97d-d965ccfc6d4b" outcome="Passed" testListId="8c84fa94-04c1-424b-9868-57a2d4851a1d" relativeResultsDirectory="267ee7e7-2fd0-4268-8539-3158a24f92df" />
    <UnitTestResult executionId="1ccc7c4e-b52c-446e-851a-82cbf4303809" testId="8dccdb77-e6a8-58c6-9bd0-108f87c5ff65" testName="ToAuthenticationType_Passing_Null_ClaimsPrincipal_Returns_ApplicationException" computerName="PC-SFERRARI" duration="00:00:00.0030607" startTime="2021-01-15T21:32:56.2899112+00:00" endTime="2021-01-15T21:32:56.2931522+00:00" testType="13cdc9d9-ddb5-4fa4-a97d-d965ccfc6d4b" outcome="Passed" testListId="8c84fa94-04c1-424b-9868-57a2d4851a1d" relativeResultsDirectory="1ccc7c4e-b52c-446e-851a-82cbf4303809" />
    <UnitTestResult executionId="9024b933-6183-46b7-bef3-5346887eb80c" testId="a272f84c-2bd5-daa4-4afe-22346b802f86" testName="ToGet_Passing_Claims_Returns_Claim_Value_Object" computerName="PC-SFERRARI" duration="00:00:00.0042389" startTime="2021-01-15T21:32:56.3304097+00:00" endTime="2021-01-15T21:32:56.3347733+00:00" testType="13cdc9d9-ddb5-4fa4-a97d-d965ccfc6d4b" outcome="Passed" testListId="8c84fa94-04c1-424b-9868-57a2d4851a1d" relativeResultsDirectory="9024b933-6183-46b7-bef3-5346887eb80c" />
    <UnitTestResult executionId="1c862541-ecc7-48fd-b666-c3a45ba0918d" testId="73904cd7-b09d-89fc-efca-330cb9d1d1b7" testName="ToConfiguration_Passing_Invalid_DirectoryPath_Returns_ApplicationException" computerName="PC-SFERRARI" duration="00:00:00.0008985" startTime="2021-01-15T21:32:56.3513713+00:00" endTime="2021-01-15T21:32:56.3524347+00:00" testType="13cdc9d9-ddb5-4fa4-a97d-d965ccfc6d4b" outcome="Passed" testListId="8c84fa94-04c1-424b-9868-57a2d4851a1d" relativeResultsDirectory="1c862541-ecc7-48fd-b666-c3a45ba0918d" />
    <UnitTestResult executionId="73a17a9e-b9f5-42db-89fb-16217ab866c9" testId="801afd1a-5f3d-0d0c-471a-96452bf5bc35" testName="IsNullOrEmpty_Passing_InvalidArguments_Returns_HasErrorsAndCount" computerName="PC-SFERRARI" duration="00:00:00.0020551" startTime="2021-01-15T21:32:56.2256585+00:00" endTime="2021-01-15T21:32:56.2279142+00:00" testType="13cdc9d9-ddb5-4fa4-a97d-d965ccfc6d4b" outcome="Passed" testListId="8c84fa94-04c1-424b-9868-57a2d4851a1d" relativeResultsDirectory="73a17a9e-b9f5-42db-89fb-16217ab866c9" />
    <UnitTestResult executionId="b942cae1-551b-4f8a-91a4-818933e1b35c" testId="a03675ec-665e-f4d5-4630-89e50dac0bfb" testName="ToTryContentType_Passing_HttpRequestWithContentType_Value_Returns_ContentType_String_Value" computerName="PC-SFERRARI" duration="00:00:00.0022348" startTime="2021-01-15T21:32:56.6978872+00:00" endTime="2021-01-15T21:32:56.7002832+00:00" testType="13cdc9d9-ddb5-4fa4-a97d-d965ccfc6d4b" outcome="Passed" testListId="8c84fa94-04c1-424b-9868-57a2d4851a1d" relativeResultsDirectory="b942cae1-551b-4f8a-91a4-818933e1b35c" />
    <UnitTestResult executionId="71a9a6f2-675f-4deb-a5ee-df4ff1556236" testId="3e6d6aa9-9b6d-dd96-b54c-49f88780a2b4" testName="ToEmptyIfNull_Passing_Null_Collection_Returns_Empty_Collection" computerName="PC-SFERRARI" duration="00:00:00.0004015" startTime="2021-01-15T21:32:56.4940379+00:00" endTime="2021-01-15T21:32:56.4946298+00:00" testType="13cdc9d9-ddb5-4fa4-a97d-d965ccfc6d4b" outcome="Passed" testListId="8c84fa94-04c1-424b-9868-57a2d4851a1d" relativeResultsDirectory="71a9a6f2-675f-4deb-a5ee-df4ff1556236" />
    <UnitTestResult executionId="2d1bfc47-8942-4d53-b0b5-0390e6aad85b" testId="a95f665c-aa8d-208d-902c-60a464250c99" testName="ToDefaultValue_Passing_ValidBoolean_Returns_DefaultValue" computerName="PC-SFERRARI" duration="00:00:00.0002970" startTime="2021-01-15T21:32:57.3603934+00:00" endTime="2021-01-15T21:32:57.3610219+00:00" testType="13cdc9d9-ddb5-4fa4-a97d-d965ccfc6d4b" outcome="Passed" testListId="8c84fa94-04c1-424b-9868-57a2d4851a1d" relativeResultsDirectory="2d1bfc47-8942-4d53-b0b5-0390e6aad85b" />
    <UnitTestResult executionId="4ab3c6f1-8122-43b2-8592-36b72437b7a4" testId="074815db-ddf2-9c1f-0fef-7f709183591e" testName="ToExists_Passing_Service_Not_Found_Returns_False" computerName="PC-SFERRARI" duration="00:00:00.0004876" startTime="2021-01-15T21:32:56.1197287+00:00" endTime="2021-01-15T21:32:56.1203325+00:00" testType="13cdc9d9-ddb5-4fa4-a97d-d965ccfc6d4b" outcome="Passed" testListId="8c84fa94-04c1-424b-9868-57a2d4851a1d" relativeResultsDirectory="4ab3c6f1-8122-43b2-8592-36b72437b7a4" />
    <UnitTestResult executionId="e8ab93e7-0257-4692-b957-4b1c3e9781f8" testId="f752d50b-77fa-327a-4493-168161bd27b2" testName="ToDefaultValue_Passing_double_Returns_Cero" computerName="PC-SFERRARI" duration="00:00:00.0005567" startTime="2021-01-15T21:32:56.5458228+00:00" endTime="2021-01-15T21:32:56.5464802+00:00" testType="13cdc9d9-ddb5-4fa4-a97d-d965ccfc6d4b" outcome="Passed" testListId="8c84fa94-04c1-424b-9868-57a2d4851a1d" relativeResultsDirectory="e8ab93e7-0257-4692-b957-4b1c3e9781f8" resultType="DataDrivenTest">
      <InnerResults>
        <UnitTestResult executionId="7aee862f-d752-4fdd-b9f0-0ab6b0079b5e" parentExecutionId="e8ab93e7-0257-4692-b957-4b1c3e9781f8" testId="f752d50b-77fa-327a-4493-168161bd27b2" testName="ToDefaultValue_Passing_double_Returns_Cero (1,7976931348623157E+308)" computerName="PC-SFERRARI" duration="00:00:00.0003467" startTime="2021-01-15T21:32:56.5458228+00:00" endTime="2021-01-15T21:32:56.5464802+00:00" testType="13cdc9d9-ddb5-4fa4-a97d-d965ccfc6d4b" outcome="Passed" testListId="8c84fa94-04c1-424b-9868-57a2d4851a1d" relativeResultsDirectory="7aee862f-d752-4fdd-b9f0-0ab6b0079b5e" dataRowInfo="1" resultType="DataDrivenDataRow" />
      </InnerResults>
    </UnitTestResult>
    <UnitTestResult executionId="7c1953a8-82af-49f6-afee-1b001786ddb7" testId="4184a91b-5297-4872-2a98-1ef97e124515" testName="ToGetAll_Passing_Claims_Returns_Claim_Value_String_List" computerName="PC-SFERRARI" duration="00:00:00.0010837" startTime="2021-01-15T21:32:56.3271950+00:00" endTime="2021-01-15T21:32:56.3284066+00:00" testType="13cdc9d9-ddb5-4fa4-a97d-d965ccfc6d4b" outcome="Passed" testListId="8c84fa94-04c1-424b-9868-57a2d4851a1d" relativeResultsDirectory="7c1953a8-82af-49f6-afee-1b001786ddb7" />
    <UnitTestResult executionId="e9f530c9-3c42-4a05-acf7-795ae4a4288d" testId="4d9bde6c-668c-a1d3-dc60-edcfc6a4082c" testName="IsLess_Passing_InvalidArguments_Returns_HasErrorsAndCount" computerName="PC-SFERRARI" duration="00:00:00.0021720" startTime="2021-01-15T21:32:56.2183134+00:00" endTime="2021-01-15T21:32:56.2207120+00:00" testType="13cdc9d9-ddb5-4fa4-a97d-d965ccfc6d4b" outcome="Passed" testListId="8c84fa94-04c1-424b-9868-57a2d4851a1d" relativeResultsDirectory="e9f530c9-3c42-4a05-acf7-795ae4a4288d" />
    <UnitTestResult executionId="c5b630e1-462c-4309-a473-570274c3981e" testId="c63cd623-e636-5730-a1fa-b18ae782acc7" testName="ToInt_Passing_Enumeration_Name_Returns_Description_Atributte" computerName="PC-SFERRARI" duration="00:00:00.0006084" startTime="2021-01-15T21:32:56.5062305+00:00" endTime="2021-01-15T21:32:56.5069963+00:00" testType="13cdc9d9-ddb5-4fa4-a97d-d965ccfc6d4b" outcome="Passed" testListId="8c84fa94-04c1-424b-9868-57a2d4851a1d" relativeResultsDirectory="c5b630e1-462c-4309-a473-570274c3981e" />
    <UnitTestResult executionId="ef08fe75-4669-4a81-8c03-d5473b0a7fb1" testId="46df7735-43c3-1f8d-197a-cd21c82e5889" testName="IsHostname_Passing_ValidArguments_Returns_HasErrorsAndCount" computerName="PC-SFERRARI" duration="00:00:00.0003786" startTime="2021-01-15T21:32:56.2177176+00:00" endTime="2021-01-15T21:32:56.2182750+00:00" testType="13cdc9d9-ddb5-4fa4-a97d-d965ccfc6d4b" outcome="Passed" testListId="8c84fa94-04c1-424b-9868-57a2d4851a1d" relativeResultsDirectory="ef08fe75-4669-4a81-8c03-d5473b0a7fb1" />
    <UnitTestResult executionId="11420a99-3f39-431f-baee-e0d5c650befb" testId="18040ed3-941e-dd1e-cb8c-4d34d103f370" testName="ToIsWeekend_Passing_Saturday_DateTime_Returns_True" computerName="PC-SFERRARI" duration="00:00:00.0001231" startTime="2021-01-15T21:32:56.4918619+00:00" endTime="2021-01-15T21:32:56.4920524+00:00" testType="13cdc9d9-ddb5-4fa4-a97d-d965ccfc6d4b" outcome="Passed" testListId="8c84fa94-04c1-424b-9868-57a2d4851a1d" relativeResultsDirectory="11420a99-3f39-431f-baee-e0d5c650befb" />
    <UnitTestResult executionId="286bfe9d-b7c6-47b7-9b34-5029adb73c66" testId="967da852-80aa-48c8-4fdf-7229c80964ce" testName="ToZipExtract_Passing_ValidArchive_Returns_Files" computerName="PC-SFERRARI" duration="00:00:00.0797570" startTime="2021-01-15T21:32:57.2785861+00:00" endTime="2021-01-15T21:32:57.3585629+00:00" testType="13cdc9d9-ddb5-4fa4-a97d-d965ccfc6d4b" outcome="Passed" testListId="8c84fa94-04c1-424b-9868-57a2d4851a1d" relativeResultsDirectory="286bfe9d-b7c6-47b7-9b34-5029adb73c66" />
    <UnitTestResult executionId="a627d839-ce02-416c-8b0d-2d03ecb9e421" testId="30809299-0e3e-4ac7-4a2a-6f8c296d2226" testName="ToUri_Passing_ValidValueString_Returns_Uri" computerName="PC-SFERRARI" duration="00:00:00.0017653" startTime="2021-01-15T21:32:57.2319522+00:00" endTime="2021-01-15T21:32:57.2340688+00:00" testType="13cdc9d9-ddb5-4fa4-a97d-d965ccfc6d4b" outcome="Passed" testListId="8c84fa94-04c1-424b-9868-57a2d4851a1d" relativeResultsDirectory="a627d839-ce02-416c-8b0d-2d03ecb9e421" resultType="DataDrivenTest">
      <InnerResults>
        <UnitTestResult executionId="2ea21051-1e5c-460f-b190-f00b892628c0" parentExecutionId="a627d839-ce02-416c-8b0d-2d03ecb9e421" testId="30809299-0e3e-4ac7-4a2a-6f8c296d2226" testName="ToUri_Passing_ValidValueString_Returns_Uri (http://foo.com/blah_blah)" computerName="PC-SFERRARI" duration="00:00:00.0003074" startTime="2021-01-15T21:32:57.2319522+00:00" endTime="2021-01-15T21:32:57.2340688+00:00" testType="13cdc9d9-ddb5-4fa4-a97d-d965ccfc6d4b" outcome="Passed" testListId="8c84fa94-04c1-424b-9868-57a2d4851a1d" relativeResultsDirectory="2ea21051-1e5c-460f-b190-f00b892628c0" dataRowInfo="1" resultType="DataDrivenDataRow" />
        <UnitTestResult executionId="ca5cc646-b33a-415c-9a4a-c91cafbd9a7f" parentExecutionId="a627d839-ce02-416c-8b0d-2d03ecb9e421" testId="30809299-0e3e-4ac7-4a2a-6f8c296d2226" testName="ToUri_Passing_ValidValueString_Returns_Uri (http://foo.com/blah_blah/)" computerName="PC-SFERRARI" duration="00:00:00.0000067" startTime="2021-01-15T21:32:57.2319522+00:00" endTime="2021-01-15T21:32:57.2340688+00:00" testType="13cdc9d9-ddb5-4fa4-a97d-d965ccfc6d4b" outcome="Passed" testListId="8c84fa94-04c1-424b-9868-57a2d4851a1d" relativeResultsDirectory="ca5cc646-b33a-415c-9a4a-c91cafbd9a7f" dataRowInfo="2" resultType="DataDrivenDataRow" />
        <UnitTestResult executionId="f08b203b-94ed-4df6-a220-22be0c0f845c" parentExecutionId="a627d839-ce02-416c-8b0d-2d03ecb9e421" testId="30809299-0e3e-4ac7-4a2a-6f8c296d2226" testName="ToUri_Passing_ValidValueString_Returns_Uri (http://foo.com/blah_blah/p=5)" computerName="PC-SFERRARI" duration="00:00:00.0000043" startTime="2021-01-15T21:32:57.2319522+00:00" endTime="2021-01-15T21:32:57.2340688+00:00" testType="13cdc9d9-ddb5-4fa4-a97d-d965ccfc6d4b" outcome="Passed" testListId="8c84fa94-04c1-424b-9868-57a2d4851a1d" relativeResultsDirectory="f08b203b-94ed-4df6-a220-22be0c0f845c" dataRowInfo="3" resultType="DataDrivenDataRow" />
        <UnitTestResult executionId="a5c832d1-58b7-446d-9361-b37f69e2f04a" parentExecutionId="a627d839-ce02-416c-8b0d-2d03ecb9e421" testId="30809299-0e3e-4ac7-4a2a-6f8c296d2226" testName="ToUri_Passing_ValidValueString_Returns_Uri (http://foo.com/blah_blah?p=5)" computerName="PC-SFERRARI" duration="00:00:00.0000041" startTime="2021-01-15T21:32:57.2319522+00:00" endTime="2021-01-15T21:32:57.2340688+00:00" testType="13cdc9d9-ddb5-4fa4-a97d-d965ccfc6d4b" outcome="Passed" testListId="8c84fa94-04c1-424b-9868-57a2d4851a1d" relativeResultsDirectory="a5c832d1-58b7-446d-9361-b37f69e2f04a" dataRowInfo="4" resultType="DataDrivenDataRow" />
        <UnitTestResult executionId="d97afa62-b207-4bcf-ba65-7cef521eb58f" parentExecutionId="a627d839-ce02-416c-8b0d-2d03ecb9e421" testId="30809299-0e3e-4ac7-4a2a-6f8c296d2226" testName="ToUri_Passing_ValidValueString_Returns_Uri (http://foo.com/blah_blah?p=5&amp;j=fe)" computerName="PC-SFERRARI" duration="00:00:00.0000044" startTime="2021-01-15T21:32:57.2319522+00:00" endTime="2021-01-15T21:32:57.2340688+00:00" testType="13cdc9d9-ddb5-4fa4-a97d-d965ccfc6d4b" outcome="Passed" testListId="8c84fa94-04c1-424b-9868-57a2d4851a1d" relativeResultsDirectory="d97afa62-b207-4bcf-ba65-7cef521eb58f" dataRowInfo="5" resultType="DataDrivenDataRow" />
        <UnitTestResult executionId="79a7a526-94f5-48ff-8dab-7c23cdae9868" parentExecutionId="a627d839-ce02-416c-8b0d-2d03ecb9e421" testId="30809299-0e3e-4ac7-4a2a-6f8c296d2226" testName="ToUri_Passing_ValidValueString_Returns_Uri (https://foo.com/blah_blah)" computerName="PC-SFERRARI" duration="00:00:00.0000039" startTime="2021-01-15T21:32:57.2319522+00:00" endTime="2021-01-15T21:32:57.2340688+00:00" testType="13cdc9d9-ddb5-4fa4-a97d-d965ccfc6d4b" outcome="Passed" testListId="8c84fa94-04c1-424b-9868-57a2d4851a1d" relativeResultsDirectory="79a7a526-94f5-48ff-8dab-7c23cdae9868" dataRowInfo="6" resultType="DataDrivenDataRow" />
        <UnitTestResult executionId="882cf6c4-3157-42d3-9c96-9b3ec76c0a8b" parentExecutionId="a627d839-ce02-416c-8b0d-2d03ecb9e421" testId="30809299-0e3e-4ac7-4a2a-6f8c296d2226" testName="ToUri_Passing_ValidValueString_Returns_Uri (https://foo.com/blah_blah/)" computerName="PC-SFERRARI" duration="00:00:00.0000038" startTime="2021-01-15T21:32:57.2319522+00:00" endTime="2021-01-15T21:32:57.2340688+00:00" testType="13cdc9d9-ddb5-4fa4-a97d-d965ccfc6d4b" outcome="Passed" testListId="8c84fa94-04c1-424b-9868-57a2d4851a1d" relativeResultsDirectory="882cf6c4-3157-42d3-9c96-9b3ec76c0a8b" dataRowInfo="7" resultType="DataDrivenDataRow" />
        <UnitTestResult executionId="9f105381-cf65-49bb-9baf-3c7d70b3c57e" parentExecutionId="a627d839-ce02-416c-8b0d-2d03ecb9e421" testId="30809299-0e3e-4ac7-4a2a-6f8c296d2226" testName="ToUri_Passing_ValidValueString_Returns_Uri (https://foo.com/blah_blah/p=5)" computerName="PC-SFERRARI" duration="00:00:00.0000040" startTime="2021-01-15T21:32:57.2319522+00:00" endTime="2021-01-15T21:32:57.2340688+00:00" testType="13cdc9d9-ddb5-4fa4-a97d-d965ccfc6d4b" outcome="Passed" testListId="8c84fa94-04c1-424b-9868-57a2d4851a1d" relativeResultsDirectory="9f105381-cf65-49bb-9baf-3c7d70b3c57e" dataRowInfo="8" resultType="DataDrivenDataRow" />
        <UnitTestResult executionId="6627dc93-5b16-4fe0-9c07-e420b32b8cab" parentExecutionId="a627d839-ce02-416c-8b0d-2d03ecb9e421" testId="30809299-0e3e-4ac7-4a2a-6f8c296d2226" testName="ToUri_Passing_ValidValueString_Returns_Uri (https://foo.com/blah_blah?p=5)" computerName="PC-SFERRARI" duration="00:00:00.0000037" startTime="2021-01-15T21:32:57.2319522+00:00" endTime="2021-01-15T21:32:57.2340688+00:00" testType="13cdc9d9-ddb5-4fa4-a97d-d965ccfc6d4b" outcome="Passed" testListId="8c84fa94-04c1-424b-9868-57a2d4851a1d" relativeResultsDirectory="6627dc93-5b16-4fe0-9c07-e420b32b8cab" dataRowInfo="9" resultType="DataDrivenDataRow" />
        <UnitTestResult executionId="522847b0-b8ef-4b19-9220-e98055579296" parentExecutionId="a627d839-ce02-416c-8b0d-2d03ecb9e421" testId="30809299-0e3e-4ac7-4a2a-6f8c296d2226" testName="ToUri_Passing_ValidValueString_Returns_Uri (https://foo.com/blah_blah?p=5&amp;j=fe)" computerName="PC-SFERRARI" duration="00:00:00.0000038" startTime="2021-01-15T21:32:57.2319522+00:00" endTime="2021-01-15T21:32:57.2340688+00:00" testType="13cdc9d9-ddb5-4fa4-a97d-d965ccfc6d4b" outcome="Passed" testListId="8c84fa94-04c1-424b-9868-57a2d4851a1d" relativeResultsDirectory="522847b0-b8ef-4b19-9220-e98055579296" dataRowInfo="10" resultType="DataDrivenDataRow" />
        <UnitTestResult executionId="60416524-73bd-451e-a497-44861fb1612a" parentExecutionId="a627d839-ce02-416c-8b0d-2d03ecb9e421" testId="30809299-0e3e-4ac7-4a2a-6f8c296d2226" testName="ToUri_Passing_ValidValueString_Returns_Uri (//foo.com/blah_blah)" computerName="PC-SFERRARI" duration="00:00:00.0000034" startTime="2021-01-15T21:32:57.2319522+00:00" endTime="2021-01-15T21:32:57.2340688+00:00" testType="13cdc9d9-ddb5-4fa4-a97d-d965ccfc6d4b" outcome="Passed" testListId="8c84fa94-04c1-424b-9868-57a2d4851a1d" relativeResultsDirectory="60416524-73bd-451e-a497-44861fb1612a" dataRowInfo="11" resultType="DataDrivenDataRow" />
        <UnitTestResult executionId="b97648bf-617b-4762-8241-514dd70fe07f" parentExecutionId="a627d839-ce02-416c-8b0d-2d03ecb9e421" testId="30809299-0e3e-4ac7-4a2a-6f8c296d2226" testName="ToUri_Passing_ValidValueString_Returns_Uri (//foo.com/blah_blah/)" computerName="PC-SFERRARI" duration="00:00:00.0000029" startTime="2021-01-15T21:32:57.2319522+00:00" endTime="2021-01-15T21:32:57.2340688+00:00" testType="13cdc9d9-ddb5-4fa4-a97d-d965ccfc6d4b" outcome="Passed" testListId="8c84fa94-04c1-424b-9868-57a2d4851a1d" relativeResultsDirectory="b97648bf-617b-4762-8241-514dd70fe07f" dataRowInfo="12" resultType="DataDrivenDataRow" />
        <UnitTestResult executionId="15b265a6-4ecb-47a6-a32b-1ad5c6dca627" parentExecutionId="a627d839-ce02-416c-8b0d-2d03ecb9e421" testId="30809299-0e3e-4ac7-4a2a-6f8c296d2226" testName="ToUri_Passing_ValidValueString_Returns_Uri (//foo.com/blah_blah/p=5)" computerName="PC-SFERRARI" duration="00:00:00.0000029" startTime="2021-01-15T21:32:57.2319522+00:00" endTime="2021-01-15T21:32:57.2340688+00:00" testType="13cdc9d9-ddb5-4fa4-a97d-d965ccfc6d4b" outcome="Passed" testListId="8c84fa94-04c1-424b-9868-57a2d4851a1d" relativeResultsDirectory="15b265a6-4ecb-47a6-a32b-1ad5c6dca627" dataRowInfo="13" resultType="DataDrivenDataRow" />
        <UnitTestResult executionId="e233d065-af5c-4cb6-8803-9372bfb653a9" parentExecutionId="a627d839-ce02-416c-8b0d-2d03ecb9e421" testId="30809299-0e3e-4ac7-4a2a-6f8c296d2226" testName="ToUri_Passing_ValidValueString_Returns_Uri (//foo.com/blah_blah?p=5)" computerName="PC-SFERRARI" duration="00:00:00.0000029" startTime="2021-01-15T21:32:57.2319522+00:00" endTime="2021-01-15T21:32:57.2340688+00:00" testType="13cdc9d9-ddb5-4fa4-a97d-d965ccfc6d4b" outcome="Passed" testListId="8c84fa94-04c1-424b-9868-57a2d4851a1d" relativeResultsDirectory="e233d065-af5c-4cb6-8803-9372bfb653a9" dataRowInfo="14" resultType="DataDrivenDataRow" />
        <UnitTestResult executionId="7e402962-3827-48c1-87b0-88f0f499d9cc" parentExecutionId="a627d839-ce02-416c-8b0d-2d03ecb9e421" testId="30809299-0e3e-4ac7-4a2a-6f8c296d2226" testName="ToUri_Passing_ValidValueString_Returns_Uri (//foo.com/blah_blah?p=5&amp;j=fe)" computerName="PC-SFERRARI" duration="00:00:00.0000034" startTime="2021-01-15T21:32:57.2319522+00:00" endTime="2021-01-15T21:32:57.2340688+00:00" testType="13cdc9d9-ddb5-4fa4-a97d-d965ccfc6d4b" outcome="Passed" testListId="8c84fa94-04c1-424b-9868-57a2d4851a1d" relativeResultsDirectory="7e402962-3827-48c1-87b0-88f0f499d9cc" dataRowInfo="15" resultType="DataDrivenDataRow" />
        <UnitTestResult executionId="9888201b-89e8-47d9-8f48-9e4760bf8847" parentExecutionId="a627d839-ce02-416c-8b0d-2d03ecb9e421" testId="30809299-0e3e-4ac7-4a2a-6f8c296d2226" testName="ToUri_Passing_ValidValueString_Returns_Uri (http://foo.com/blah_blah_(wikipedia))" computerName="PC-SFERRARI" duration="00:00:00.0000039" startTime="2021-01-15T21:32:57.2319522+00:00" endTime="2021-01-15T21:32:57.2340688+00:00" testType="13cdc9d9-ddb5-4fa4-a97d-d965ccfc6d4b" outcome="Passed" testListId="8c84fa94-04c1-424b-9868-57a2d4851a1d" relativeResultsDirectory="9888201b-89e8-47d9-8f48-9e4760bf8847" dataRowInfo="16" resultType="DataDrivenDataRow" />
        <UnitTestResult executionId="75f457af-d8b6-4974-8d45-20b87b784452" parentExecutionId="a627d839-ce02-416c-8b0d-2d03ecb9e421" testId="30809299-0e3e-4ac7-4a2a-6f8c296d2226" testName="ToUri_Passing_ValidValueString_Returns_Uri (http://foo.com/blah_blah_(wikipedia)_(again))" computerName="PC-SFERRARI" duration="00:00:00.0000038" startTime="2021-01-15T21:32:57.2319522+00:00" endTime="2021-01-15T21:32:57.2340688+00:00" testType="13cdc9d9-ddb5-4fa4-a97d-d965ccfc6d4b" outcome="Passed" testListId="8c84fa94-04c1-424b-9868-57a2d4851a1d" relativeResultsDirectory="75f457af-d8b6-4974-8d45-20b87b784452" dataRowInfo="17" resultType="DataDrivenDataRow" />
        <UnitTestResult executionId="9b964621-5a34-43ba-98bd-7c323c42df35" parentExecutionId="a627d839-ce02-416c-8b0d-2d03ecb9e421" testId="30809299-0e3e-4ac7-4a2a-6f8c296d2226" testName="ToUri_Passing_ValidValueString_Returns_Uri (http://www.example.com/wpstyle/?p=364)" computerName="PC-SFERRARI" duration="00:00:00.0000048" startTime="2021-01-15T21:32:57.2319522+00:00" endTime="2021-01-15T21:32:57.2340688+00:00" testType="13cdc9d9-ddb5-4fa4-a97d-d965ccfc6d4b" outcome="Passed" testListId="8c84fa94-04c1-424b-9868-57a2d4851a1d" relativeResultsDirectory="9b964621-5a34-43ba-98bd-7c323c42df35" dataRowInfo="18" resultType="DataDrivenDataRow" />
        <UnitTestResult executionId="be931226-5ab7-4710-a3fb-b60dca4995de" parentExecutionId="a627d839-ce02-416c-8b0d-2d03ecb9e421" testId="30809299-0e3e-4ac7-4a2a-6f8c296d2226" testName="ToUri_Passing_ValidValueString_Returns_Uri (https://www.example.com/foo/?bar=baz&amp;inga=42&amp;quux)" computerName="PC-SFERRARI" duration="00:00:00.0000041" startTime="2021-01-15T21:32:57.2319522+00:00" endTime="2021-01-15T21:32:57.2340688+00:00" testType="13cdc9d9-ddb5-4fa4-a97d-d965ccfc6d4b" outcome="Passed" testListId="8c84fa94-04c1-424b-9868-57a2d4851a1d" relativeResultsDirectory="be931226-5ab7-4710-a3fb-b60dca4995de" dataRowInfo="19" resultType="DataDrivenDataRow" />
        <UnitTestResult executionId="cd828b37-2876-4d09-a948-972b4619d8a3" parentExecutionId="a627d839-ce02-416c-8b0d-2d03ecb9e421" testId="30809299-0e3e-4ac7-4a2a-6f8c296d2226" testName="ToUri_Passing_ValidValueString_Returns_Uri (http://✪df.ws/123)" computerName="PC-SFERRARI" duration="00:00:00.0004177" startTime="2021-01-15T21:32:57.2319522+00:00" endTime="2021-01-15T21:32:57.2340688+00:00" testType="13cdc9d9-ddb5-4fa4-a97d-d965ccfc6d4b" outcome="Passed" testListId="8c84fa94-04c1-424b-9868-57a2d4851a1d" relativeResultsDirectory="cd828b37-2876-4d09-a948-972b4619d8a3" dataRowInfo="20" resultType="DataDrivenDataRow" />
        <UnitTestResult executionId="cdff514b-538a-4d49-8e8e-82f47b28edc4" parentExecutionId="a627d839-ce02-416c-8b0d-2d03ecb9e421" testId="30809299-0e3e-4ac7-4a2a-6f8c296d2226" testName="ToUri_Passing_ValidValueString_Returns_Uri (http://userid:password@example.com:8080)" computerName="PC-SFERRARI" duration="00:00:00.0000291" startTime="2021-01-15T21:32:57.2319522+00:00" endTime="2021-01-15T21:32:57.2340688+00:00" testType="13cdc9d9-ddb5-4fa4-a97d-d965ccfc6d4b" outcome="Passed" testListId="8c84fa94-04c1-424b-9868-57a2d4851a1d" relativeResultsDirectory="cdff514b-538a-4d49-8e8e-82f47b28edc4" dataRowInfo="21" resultType="DataDrivenDataRow" />
        <UnitTestResult executionId="7bca1702-110a-4699-b63f-23371a82ec97" parentExecutionId="a627d839-ce02-416c-8b0d-2d03ecb9e421" testId="30809299-0e3e-4ac7-4a2a-6f8c296d2226" testName="ToUri_Passing_ValidValueString_Returns_Uri (http://userid:password@example.com:8080/)" computerName="PC-SFERRARI" duration="00:00:00.0000061" startTime="2021-01-15T21:32:57.2319522+00:00" endTime="2021-01-15T21:32:57.2340688+00:00" testType="13cdc9d9-ddb5-4fa4-a97d-d965ccfc6d4b" outcome="Passed" testListId="8c84fa94-04c1-424b-9868-57a2d4851a1d" relativeResultsDirectory="7bca1702-110a-4699-b63f-23371a82ec97" dataRowInfo="22" resultType="DataDrivenDataRow" />
        <UnitTestResult executionId="03560e47-d343-4574-9e1a-09979d1fa8e4" parentExecutionId="a627d839-ce02-416c-8b0d-2d03ecb9e421" testId="30809299-0e3e-4ac7-4a2a-6f8c296d2226" testName="ToUri_Passing_ValidValueString_Returns_Uri (http://userid@example.com)" computerName="PC-SFERRARI" duration="00:00:00.0000042" startTime="2021-01-15T21:32:57.2319522+00:00" endTime="2021-01-15T21:32:57.2340688+00:00" testType="13cdc9d9-ddb5-4fa4-a97d-d965ccfc6d4b" outcome="Passed" testListId="8c84fa94-04c1-424b-9868-57a2d4851a1d" relativeResultsDirectory="03560e47-d343-4574-9e1a-09979d1fa8e4" dataRowInfo="23" resultType="DataDrivenDataRow" />
        <UnitTestResult executionId="eccfaed2-bdb6-4590-adb5-71841089b794" parentExecutionId="a627d839-ce02-416c-8b0d-2d03ecb9e421" testId="30809299-0e3e-4ac7-4a2a-6f8c296d2226" testName="ToUri_Passing_ValidValueString_Returns_Uri (http://userid@example.com/)" computerName="PC-SFERRARI" duration="00:00:00.0000038" startTime="2021-01-15T21:32:57.2319522+00:00" endTime="2021-01-15T21:32:57.2340688+00:00" testType="13cdc9d9-ddb5-4fa4-a97d-d965ccfc6d4b" outcome="Passed" testListId="8c84fa94-04c1-424b-9868-57a2d4851a1d" relativeResultsDirectory="eccfaed2-bdb6-4590-adb5-71841089b794" dataRowInfo="24" resultType="DataDrivenDataRow" />
        <UnitTestResult executionId="5e6c4d98-caf9-4ef0-9aba-2c5ec2d4bae5" parentExecutionId="a627d839-ce02-416c-8b0d-2d03ecb9e421" testId="30809299-0e3e-4ac7-4a2a-6f8c296d2226" testName="ToUri_Passing_ValidValueString_Returns_Uri (http://userid@example.com:8080)" computerName="PC-SFERRARI" duration="00:00:00.0000041" startTime="2021-01-15T21:32:57.2319522+00:00" endTime="2021-01-15T21:32:57.2340688+00:00" testType="13cdc9d9-ddb5-4fa4-a97d-d965ccfc6d4b" outcome="Passed" testListId="8c84fa94-04c1-424b-9868-57a2d4851a1d" relativeResultsDirectory="5e6c4d98-caf9-4ef0-9aba-2c5ec2d4bae5" dataRowInfo="25" resultType="DataDrivenDataRow" />
        <UnitTestResult executionId="40a48eb2-a379-4d9f-a84a-eda4e3eb9cf6" parentExecutionId="a627d839-ce02-416c-8b0d-2d03ecb9e421" testId="30809299-0e3e-4ac7-4a2a-6f8c296d2226" testName="ToUri_Passing_ValidValueString_Returns_Uri (http://userid@example.com:8080/)" computerName="PC-SFERRARI" duration="00:00:00.0000037" startTime="2021-01-15T21:32:57.2319522+00:00" endTime="2021-01-15T21:32:57.2340688+00:00" testType="13cdc9d9-ddb5-4fa4-a97d-d965ccfc6d4b" outcome="Passed" testListId="8c84fa94-04c1-424b-9868-57a2d4851a1d" relativeResultsDirectory="40a48eb2-a379-4d9f-a84a-eda4e3eb9cf6" dataRowInfo="26" resultType="DataDrivenDataRow" />
        <UnitTestResult executionId="81424a20-34d2-46fc-b8c8-208e4c07f4f9" parentExecutionId="a627d839-ce02-416c-8b0d-2d03ecb9e421" testId="30809299-0e3e-4ac7-4a2a-6f8c296d2226" testName="ToUri_Passing_ValidValueString_Returns_Uri (http://userid:password@example.com)" computerName="PC-SFERRARI" duration="00:00:00.0000037" startTime="2021-01-15T21:32:57.2319522+00:00" endTime="2021-01-15T21:32:57.2340688+00:00" testType="13cdc9d9-ddb5-4fa4-a97d-d965ccfc6d4b" outcome="Passed" testListId="8c84fa94-04c1-424b-9868-57a2d4851a1d" relativeResultsDirectory="81424a20-34d2-46fc-b8c8-208e4c07f4f9" dataRowInfo="27" resultType="DataDrivenDataRow" />
        <UnitTestResult executionId="5d491652-9ea9-4d75-91b7-14cc96d2acb4" parentExecutionId="a627d839-ce02-416c-8b0d-2d03ecb9e421" testId="30809299-0e3e-4ac7-4a2a-6f8c296d2226" testName="ToUri_Passing_ValidValueString_Returns_Uri (http://userid:password@example.com/)" computerName="PC-SFERRARI" duration="00:00:00.0000040" startTime="2021-01-15T21:32:57.2319522+00:00" endTime="2021-01-15T21:32:57.2340688+00:00" testType="13cdc9d9-ddb5-4fa4-a97d-d965ccfc6d4b" outcome="Passed" testListId="8c84fa94-04c1-424b-9868-57a2d4851a1d" relativeResultsDirectory="5d491652-9ea9-4d75-91b7-14cc96d2acb4" dataRowInfo="28" resultType="DataDrivenDataRow" />
        <UnitTestResult executionId="fd91e4e9-b90d-47b2-9cb2-8acd1e4c9a5c" parentExecutionId="a627d839-ce02-416c-8b0d-2d03ecb9e421" testId="30809299-0e3e-4ac7-4a2a-6f8c296d2226" testName="ToUri_Passing_ValidValueString_Returns_Uri (http://142.42.1.1/)" computerName="PC-SFERRARI" duration="00:00:00.0000052" startTime="2021-01-15T21:32:57.2319522+00:00" endTime="2021-01-15T21:32:57.2340688+00:00" testType="13cdc9d9-ddb5-4fa4-a97d-d965ccfc6d4b" outcome="Passed" testListId="8c84fa94-04c1-424b-9868-57a2d4851a1d" relativeResultsDirectory="fd91e4e9-b90d-47b2-9cb2-8acd1e4c9a5c" dataRowInfo="29" resultType="DataDrivenDataRow" />
        <UnitTestResult executionId="d629e50e-5aa4-48b0-8b6d-e607ceae88f0" parentExecutionId="a627d839-ce02-416c-8b0d-2d03ecb9e421" testId="30809299-0e3e-4ac7-4a2a-6f8c296d2226" testName="ToUri_Passing_ValidValueString_Returns_Uri (http://142.42.1.1:8080/)" computerName="PC-SFERRARI" duration="00:00:00.0000039" startTime="2021-01-15T21:32:57.2319522+00:00" endTime="2021-01-15T21:32:57.2340688+00:00" testType="13cdc9d9-ddb5-4fa4-a97d-d965ccfc6d4b" outcome="Passed" testListId="8c84fa94-04c1-424b-9868-57a2d4851a1d" relativeResultsDirectory="d629e50e-5aa4-48b0-8b6d-e607ceae88f0" dataRowInfo="30" resultType="DataDrivenDataRow" />
        <UnitTestResult executionId="f076f811-12c1-45e6-bd38-fb6d93aa1a15" parentExecutionId="a627d839-ce02-416c-8b0d-2d03ecb9e421" testId="30809299-0e3e-4ac7-4a2a-6f8c296d2226" testName="ToUri_Passing_ValidValueString_Returns_Uri (http://➡.ws/䨹)" computerName="PC-SFERRARI" duration="00:00:00.0000478" startTime="2021-01-15T21:32:57.2319522+00:00" endTime="2021-01-15T21:32:57.2340688+00:00" testType="13cdc9d9-ddb5-4fa4-a97d-d965ccfc6d4b" outcome="Passed" testListId="8c84fa94-04c1-424b-9868-57a2d4851a1d" relativeResultsDirectory="f076f811-12c1-45e6-bd38-fb6d93aa1a15" dataRowInfo="31" resultType="DataDrivenDataRow" />
        <UnitTestResult executionId="bab469ed-48f7-44c4-a1b2-2e0dbe9ca54f" parentExecutionId="a627d839-ce02-416c-8b0d-2d03ecb9e421" testId="30809299-0e3e-4ac7-4a2a-6f8c296d2226" testName="ToUri_Passing_ValidValueString_Returns_Uri (http://⌘.ws)" computerName="PC-SFERRARI" duration="00:00:00.0000147" startTime="2021-01-15T21:32:57.2319522+00:00" endTime="2021-01-15T21:32:57.2340688+00:00" testType="13cdc9d9-ddb5-4fa4-a97d-d965ccfc6d4b" outcome="Passed" testListId="8c84fa94-04c1-424b-9868-57a2d4851a1d" relativeResultsDirectory="bab469ed-48f7-44c4-a1b2-2e0dbe9ca54f" dataRowInfo="32" resultType="DataDrivenDataRow" />
        <UnitTestResult executionId="8fbd25cf-ac8e-41e4-8038-f1cc39d517eb" parentExecutionId="a627d839-ce02-416c-8b0d-2d03ecb9e421" testId="30809299-0e3e-4ac7-4a2a-6f8c296d2226" testName="ToUri_Passing_ValidValueString_Returns_Uri (http://⌘.ws/)" computerName="PC-SFERRARI" duration="00:00:00.0000073" startTime="2021-01-15T21:32:57.2319522+00:00" endTime="2021-01-15T21:32:57.2340688+00:00" testType="13cdc9d9-ddb5-4fa4-a97d-d965ccfc6d4b" outcome="Passed" testListId="8c84fa94-04c1-424b-9868-57a2d4851a1d" relativeResultsDirectory="8fbd25cf-ac8e-41e4-8038-f1cc39d517eb" dataRowInfo="33" resultType="DataDrivenDataRow" />
        <UnitTestResult executionId="8cc4ae81-4049-42f0-a2d6-ce1a6924f6e5" parentExecutionId="a627d839-ce02-416c-8b0d-2d03ecb9e421" testId="30809299-0e3e-4ac7-4a2a-6f8c296d2226" testName="ToUri_Passing_ValidValueString_Returns_Uri (http://foo.com/blah_(wikipedia)#cite-1)" computerName="PC-SFERRARI" duration="00:00:00.0000043" startTime="2021-01-15T21:32:57.2319522+00:00" endTime="2021-01-15T21:32:57.2340688+00:00" testType="13cdc9d9-ddb5-4fa4-a97d-d965ccfc6d4b" outcome="Passed" testListId="8c84fa94-04c1-424b-9868-57a2d4851a1d" relativeResultsDirectory="8cc4ae81-4049-42f0-a2d6-ce1a6924f6e5" dataRowInfo="34" resultType="DataDrivenDataRow" />
        <UnitTestResult executionId="7c704a95-ec8e-4ed6-8e45-1f76eafc2f86" parentExecutionId="a627d839-ce02-416c-8b0d-2d03ecb9e421" testId="30809299-0e3e-4ac7-4a2a-6f8c296d2226" testName="ToUri_Passing_ValidValueString_Returns_Uri (http://foo.com/blah_(wikipedia)_blah#cite-1)" computerName="PC-SFERRARI" duration="00:00:00.0000038" startTime="2021-01-15T21:32:57.2319522+00:00" endTime="2021-01-15T21:32:57.2340688+00:00" testType="13cdc9d9-ddb5-4fa4-a97d-d965ccfc6d4b" outcome="Passed" testListId="8c84fa94-04c1-424b-9868-57a2d4851a1d" relativeResultsDirectory="7c704a95-ec8e-4ed6-8e45-1f76eafc2f86" dataRowInfo="35" resultType="DataDrivenDataRow" />
        <UnitTestResult executionId="99246369-2c6b-41e1-b085-d48f55853f42" parentExecutionId="a627d839-ce02-416c-8b0d-2d03ecb9e421" testId="30809299-0e3e-4ac7-4a2a-6f8c296d2226" testName="ToUri_Passing_ValidValueString_Returns_Uri (http://foo.com/unicode_(✪)_in_parens)" computerName="PC-SFERRARI" duration="00:00:00.0000074" startTime="2021-01-15T21:32:57.2319522+00:00" endTime="2021-01-15T21:32:57.2340688+00:00" testType="13cdc9d9-ddb5-4fa4-a97d-d965ccfc6d4b" outcome="Passed" testListId="8c84fa94-04c1-424b-9868-57a2d4851a1d" relativeResultsDirectory="99246369-2c6b-41e1-b085-d48f55853f42" dataRowInfo="36" resultType="DataDrivenDataRow" />
        <UnitTestResult executionId="31ff89f9-17ad-4fa7-96c0-f8d5a278e3bd" parentExecutionId="a627d839-ce02-416c-8b0d-2d03ecb9e421" testId="30809299-0e3e-4ac7-4a2a-6f8c296d2226" testName="ToUri_Passing_ValidValueString_Returns_Uri (http://foo.com/(something)?after=parens)" computerName="PC-SFERRARI" duration="00:00:00.0000038" startTime="2021-01-15T21:32:57.2319522+00:00" endTime="2021-01-15T21:32:57.2340688+00:00" testType="13cdc9d9-ddb5-4fa4-a97d-d965ccfc6d4b" outcome="Passed" testListId="8c84fa94-04c1-424b-9868-57a2d4851a1d" relativeResultsDirectory="31ff89f9-17ad-4fa7-96c0-f8d5a278e3bd" dataRowInfo="37" resultType="DataDrivenDataRow" />
        <UnitTestResult executionId="3e1b435d-91fd-483b-9a4e-b6847c1c2c50" parentExecutionId="a627d839-ce02-416c-8b0d-2d03ecb9e421" testId="30809299-0e3e-4ac7-4a2a-6f8c296d2226" testName="ToUri_Passing_ValidValueString_Returns_Uri (http://☺.damowmow.com/)" computerName="PC-SFERRARI" duration="00:00:00.0000083" startTime="2021-01-15T21:32:57.2319522+00:00" endTime="2021-01-15T21:32:57.2340688+00:00" testType="13cdc9d9-ddb5-4fa4-a97d-d965ccfc6d4b" outcome="Passed" testListId="8c84fa94-04c1-424b-9868-57a2d4851a1d" relativeResultsDirectory="3e1b435d-91fd-483b-9a4e-b6847c1c2c50" dataRowInfo="38" resultType="DataDrivenDataRow" />
        <UnitTestResult executionId="74043a2e-99ed-41e8-8ec9-00e86522c71e" parentExecutionId="a627d839-ce02-416c-8b0d-2d03ecb9e421" testId="30809299-0e3e-4ac7-4a2a-6f8c296d2226" testName="ToUri_Passing_ValidValueString_Returns_Uri (http://code.google.com/events/#&amp;product=browser)" computerName="PC-SFERRARI" duration="00:00:00.0000048" startTime="2021-01-15T21:32:57.2319522+00:00" endTime="2021-01-15T21:32:57.2340688+00:00" testType="13cdc9d9-ddb5-4fa4-a97d-d965ccfc6d4b" outcome="Passed" testListId="8c84fa94-04c1-424b-9868-57a2d4851a1d" relativeResultsDirectory="74043a2e-99ed-41e8-8ec9-00e86522c71e" dataRowInfo="39" resultType="DataDrivenDataRow" />
        <UnitTestResult executionId="6a7fe19c-eeb9-4fc8-b666-d05c4024f178" parentExecutionId="a627d839-ce02-416c-8b0d-2d03ecb9e421" testId="30809299-0e3e-4ac7-4a2a-6f8c296d2226" testName="ToUri_Passing_ValidValueString_Returns_Uri (http://j.mp)" computerName="PC-SFERRARI" duration="00:00:00.0000037" startTime="2021-01-15T21:32:57.2319522+00:00" endTime="2021-01-15T21:32:57.2340688+00:00" testType="13cdc9d9-ddb5-4fa4-a97d-d965ccfc6d4b" outcome="Passed" testListId="8c84fa94-04c1-424b-9868-57a2d4851a1d" relativeResultsDirectory="6a7fe19c-eeb9-4fc8-b666-d05c4024f178" dataRowInfo="40" resultType="DataDrivenDataRow" />
        <UnitTestResult executionId="5437d16c-bd5a-4ab5-b0ed-90342d5deb4d" parentExecutionId="a627d839-ce02-416c-8b0d-2d03ecb9e421" testId="30809299-0e3e-4ac7-4a2a-6f8c296d2226" testName="ToUri_Passing_ValidValueString_Returns_Uri (http://foo.bar/?q=Test%20URL-encoded%20stuff)" computerName="PC-SFERRARI" duration="00:00:00.0000292" startTime="2021-01-15T21:32:57.2319522+00:00" endTime="2021-01-15T21:32:57.2340688+00:00" testType="13cdc9d9-ddb5-4fa4-a97d-d965ccfc6d4b" outcome="Passed" testListId="8c84fa94-04c1-424b-9868-57a2d4851a1d" relativeResultsDirectory="5437d16c-bd5a-4ab5-b0ed-90342d5deb4d" dataRowInfo="41" resultType="DataDrivenDataRow" />
        <UnitTestResult executionId="adffd86a-a575-4e0c-9ebb-4ec996ac0d46" parentExecutionId="a627d839-ce02-416c-8b0d-2d03ecb9e421" testId="30809299-0e3e-4ac7-4a2a-6f8c296d2226" testName="ToUri_Passing_ValidValueString_Returns_Uri (http://مثال.إختبار)" computerName="PC-SFERRARI" duration="00:00:00.0000138" startTime="2021-01-15T21:32:57.2319522+00:00" endTime="2021-01-15T21:32:57.2340688+00:00" testType="13cdc9d9-ddb5-4fa4-a97d-d965ccfc6d4b" outcome="Passed" testListId="8c84fa94-04c1-424b-9868-57a2d4851a1d" relativeResultsDirectory="adffd86a-a575-4e0c-9ebb-4ec996ac0d46" dataRowInfo="42" resultType="DataDrivenDataRow" />
        <UnitTestResult executionId="2672bdc1-2469-4618-83e7-af238063746f" parentExecutionId="a627d839-ce02-416c-8b0d-2d03ecb9e421" testId="30809299-0e3e-4ac7-4a2a-6f8c296d2226" testName="ToUri_Passing_ValidValueString_Returns_Uri (http://例子.测试)" computerName="PC-SFERRARI" duration="00:00:00.0000074" startTime="2021-01-15T21:32:57.2319522+00:00" endTime="2021-01-15T21:32:57.2340688+00:00" testType="13cdc9d9-ddb5-4fa4-a97d-d965ccfc6d4b" outcome="Passed" testListId="8c84fa94-04c1-424b-9868-57a2d4851a1d" relativeResultsDirectory="2672bdc1-2469-4618-83e7-af238063746f" dataRowInfo="43" resultType="DataDrivenDataRow" />
        <UnitTestResult executionId="f1e955cf-9afb-42a2-adfa-fac234470d93" parentExecutionId="a627d839-ce02-416c-8b0d-2d03ecb9e421" testId="30809299-0e3e-4ac7-4a2a-6f8c296d2226" testName="ToUri_Passing_ValidValueString_Returns_Uri (http://उदाहरण.परीक्ष)" computerName="PC-SFERRARI" duration="00:00:00.0000089" startTime="2021-01-15T21:32:57.2319522+00:00" endTime="2021-01-15T21:32:57.2340688+00:00" testType="13cdc9d9-ddb5-4fa4-a97d-d965ccfc6d4b" outcome="Passed" testListId="8c84fa94-04c1-424b-9868-57a2d4851a1d" relativeResultsDirectory="f1e955cf-9afb-42a2-adfa-fac234470d93" dataRowInfo="44" resultType="DataDrivenDataRow" />
        <UnitTestResult executionId="dd09565c-9453-45c6-a6f2-0bdec609bd57" parentExecutionId="a627d839-ce02-416c-8b0d-2d03ecb9e421" testId="30809299-0e3e-4ac7-4a2a-6f8c296d2226" testName="ToUri_Passing_ValidValueString_Returns_Uri (http://-.~_!$&amp;'()*+,;=:%40:80%2f::::::@example.com)" computerName="PC-SFERRARI" duration="00:00:00.0000055" startTime="2021-01-15T21:32:57.2319522+00:00" endTime="2021-01-15T21:32:57.2340688+00:00" testType="13cdc9d9-ddb5-4fa4-a97d-d965ccfc6d4b" outcome="Passed" testListId="8c84fa94-04c1-424b-9868-57a2d4851a1d" relativeResultsDirectory="dd09565c-9453-45c6-a6f2-0bdec609bd57" dataRowInfo="45" resultType="DataDrivenDataRow" />
        <UnitTestResult executionId="331dd028-d5c3-4cc9-851b-4ccd53878b86" parentExecutionId="a627d839-ce02-416c-8b0d-2d03ecb9e421" testId="30809299-0e3e-4ac7-4a2a-6f8c296d2226" testName="ToUri_Passing_ValidValueString_Returns_Uri (http://1337.net)" computerName="PC-SFERRARI" duration="00:00:00.0000040" startTime="2021-01-15T21:32:57.2319522+00:00" endTime="2021-01-15T21:32:57.2340688+00:00" testType="13cdc9d9-ddb5-4fa4-a97d-d965ccfc6d4b" outcome="Passed" testListId="8c84fa94-04c1-424b-9868-57a2d4851a1d" relativeResultsDirectory="331dd028-d5c3-4cc9-851b-4ccd53878b86" dataRowInfo="46" resultType="DataDrivenDataRow" />
        <UnitTestResult executionId="87bf7871-6d3a-4ae0-a23c-ac8b081455c6" parentExecutionId="a627d839-ce02-416c-8b0d-2d03ecb9e421" testId="30809299-0e3e-4ac7-4a2a-6f8c296d2226" testName="ToUri_Passing_ValidValueString_Returns_Uri (http://a.b-c.de)" computerName="PC-SFERRARI" duration="00:00:00.0000039" startTime="2021-01-15T21:32:57.2319522+00:00" endTime="2021-01-15T21:32:57.2340688+00:00" testType="13cdc9d9-ddb5-4fa4-a97d-d965ccfc6d4b" outcome="Passed" testListId="8c84fa94-04c1-424b-9868-57a2d4851a1d" relativeResultsDirectory="87bf7871-6d3a-4ae0-a23c-ac8b081455c6" dataRowInfo="47" resultType="DataDrivenDataRow" />
        <UnitTestResult executionId="2da2c0fc-fd2c-41f8-b4b4-16253d87ddcf" parentExecutionId="a627d839-ce02-416c-8b0d-2d03ecb9e421" testId="30809299-0e3e-4ac7-4a2a-6f8c296d2226" testName="ToUri_Passing_ValidValueString_Returns_Uri (http://223.255.255.254)" computerName="PC-SFERRARI" duration="00:00:00.0000040" startTime="2021-01-15T21:32:57.2319522+00:00" endTime="2021-01-15T21:32:57.2340688+00:00" testType="13cdc9d9-ddb5-4fa4-a97d-d965ccfc6d4b" outcome="Passed" testListId="8c84fa94-04c1-424b-9868-57a2d4851a1d" relativeResultsDirectory="2da2c0fc-fd2c-41f8-b4b4-16253d87ddcf" dataRowInfo="48" resultType="DataDrivenDataRow" />
      </InnerResults>
    </UnitTestResult>
    <UnitTestResult executionId="20db4f64-0261-42e8-8596-25b187c72c0f" testId="e37f41d3-77a8-1acd-c258-fbb5b724b134" testName="ToDefaultValue_Passing_ValidInt_Returns_DefaultValue" computerName="PC-SFERRARI" duration="00:00:00.0002908" startTime="2021-01-15T21:32:57.3662046+00:00" endTime="2021-01-15T21:32:57.3707062+00:00" testType="13cdc9d9-ddb5-4fa4-a97d-d965ccfc6d4b" outcome="Passed" testListId="8c84fa94-04c1-424b-9868-57a2d4851a1d" relativeResultsDirectory="20db4f64-0261-42e8-8596-25b187c72c0f" />
    <UnitTestResult executionId="84b92b15-2f51-4482-933b-ca2c008936dd" testId="845c887e-a785-555d-db89-1c2975a33bbb" testName="ToServiceMatchingInterface_Passing_Valid_Assembly_Returns_Service" computerName="PC-SFERRARI" duration="00:00:00.0204721" startTime="2021-01-15T21:32:56.4168066+00:00" endTime="2021-01-15T21:32:56.4374012+00:00" testType="13cdc9d9-ddb5-4fa4-a97d-d965ccfc6d4b" outcome="Passed" testListId="8c84fa94-04c1-424b-9868-57a2d4851a1d" relativeResultsDirectory="84b92b15-2f51-4482-933b-ca2c008936dd" />
    <UnitTestResult executionId="2accf3f1-c382-4a00-ab30-fada331a3378" testId="a702dc43-b5af-c889-d32e-e69ee2d100af" testName="ToIsAuthenticated_Passing_Null_ClaimsPrincipal_Returns_ApplicationException" computerName="PC-SFERRARI" duration="00:00:00.0007509" startTime="2021-01-15T21:32:56.3435592+00:00" endTime="2021-01-15T21:32:56.3444374+00:00" testType="13cdc9d9-ddb5-4fa4-a97d-d965ccfc6d4b" outcome="Passed" testListId="8c84fa94-04c1-424b-9868-57a2d4851a1d" relativeResultsDirectory="2accf3f1-c382-4a00-ab30-fada331a3378" />
    <UnitTestResult executionId="61beb0ae-a29a-4174-9110-50ab38b243b2" testId="def94964-1ba4-f78f-2dac-38055bb04256" testName="ToIsEmailThrow_Passing_InvalidValue_Returns_ApplicationExceptionWithMessage" computerName="PC-SFERRARI" duration="00:00:00.0071475" startTime="2021-01-15T21:32:56.1534546+00:00" endTime="2021-01-15T21:32:56.1614233+00:00" testType="13cdc9d9-ddb5-4fa4-a97d-d965ccfc6d4b" outcome="Passed" testListId="8c84fa94-04c1-424b-9868-57a2d4851a1d" relativeResultsDirectory="61beb0ae-a29a-4174-9110-50ab38b243b2" resultType="DataDrivenTest">
      <InnerResults>
        <UnitTestResult executionId="39778cb8-2f9b-41bd-9d7b-0770a25bef6b" parentExecutionId="61beb0ae-a29a-4174-9110-50ab38b243b2" testId="def94964-1ba4-f78f-2dac-38055bb04256" testName="ToIsEmailThrow_Passing_InvalidValue_Returns_ApplicationExceptionWithMessage (dasdasd@dsasd.._ff)" computerName="PC-SFERRARI" duration="00:00:00.0048263" startTime="2021-01-15T21:32:56.1534546+00:00" endTime="2021-01-15T21:32:56.1614233+00:00" testType="13cdc9d9-ddb5-4fa4-a97d-d965ccfc6d4b" outcome="Passed" testListId="8c84fa94-04c1-424b-9868-57a2d4851a1d" relativeResultsDirectory="39778cb8-2f9b-41bd-9d7b-0770a25bef6b" dataRowInfo="1" resultType="DataDrivenDataRow" />
        <UnitTestResult executionId="2dbaa80c-8200-4f88-9b96-1554485d9256" parentExecutionId="61beb0ae-a29a-4174-9110-50ab38b243b2" testId="def94964-1ba4-f78f-2dac-38055bb04256" testName="ToIsEmailThrow_Passing_InvalidValue_Returns_ApplicationExceptionWithMessage (34fsds@@sdd.f)" computerName="PC-SFERRARI" duration="00:00:00.0000809" startTime="2021-01-15T21:32:56.1534546+00:00" endTime="2021-01-15T21:32:56.1614233+00:00" testType="13cdc9d9-ddb5-4fa4-a97d-d965ccfc6d4b" outcome="Passed" testListId="8c84fa94-04c1-424b-9868-57a2d4851a1d" relativeResultsDirectory="2dbaa80c-8200-4f88-9b96-1554485d9256" dataRowInfo="2" resultType="DataDrivenDataRow" />
        <UnitTestResult executionId="51f6536f-ae11-46b2-9c48-9ba5962aa073" parentExecutionId="61beb0ae-a29a-4174-9110-50ab38b243b2" testId="def94964-1ba4-f78f-2dac-38055bb04256" testName="ToIsEmailThrow_Passing_InvalidValue_Returns_ApplicationExceptionWithMessage ()" computerName="PC-SFERRARI" duration="00:00:00.0000329" startTime="2021-01-15T21:32:56.1534546+00:00" endTime="2021-01-15T21:32:56.1614233+00:00" testType="13cdc9d9-ddb5-4fa4-a97d-d965ccfc6d4b" outcome="Passed" testListId="8c84fa94-04c1-424b-9868-57a2d4851a1d" relativeResultsDirectory="51f6536f-ae11-46b2-9c48-9ba5962aa073" dataRowInfo="3" resultType="DataDrivenDataRow" />
        <UnitTestResult executionId="216dcad8-7da3-4c23-91a3-5d4d9fc942c4" parentExecutionId="61beb0ae-a29a-4174-9110-50ab38b243b2" testId="def94964-1ba4-f78f-2dac-38055bb04256" testName="ToIsEmailThrow_Passing_InvalidValue_Returns_ApplicationExceptionWithMessage ()" computerName="PC-SFERRARI" duration="00:00:00.0000295" startTime="2021-01-15T21:32:56.1534546+00:00" endTime="2021-01-15T21:32:56.1614233+00:00" testType="13cdc9d9-ddb5-4fa4-a97d-d965ccfc6d4b" outcome="Passed" testListId="8c84fa94-04c1-424b-9868-57a2d4851a1d" relativeResultsDirectory="216dcad8-7da3-4c23-91a3-5d4d9fc942c4" dataRowInfo="4" resultType="DataDrivenDataRow" />
        <UnitTestResult executionId="0faa09ab-03e3-4ec7-b1f5-ca30649bf828" parentExecutionId="61beb0ae-a29a-4174-9110-50ab38b243b2" testId="def94964-1ba4-f78f-2dac-38055bb04256" testName="ToIsEmailThrow_Passing_InvalidValue_Returns_ApplicationExceptionWithMessage (34?fsds@sdd.yy)" computerName="PC-SFERRARI" duration="00:00:00.0000335" startTime="2021-01-15T21:32:56.1534546+00:00" endTime="2021-01-15T21:32:56.1614233+00:00" testType="13cdc9d9-ddb5-4fa4-a97d-d965ccfc6d4b" outcome="Passed" testListId="8c84fa94-04c1-424b-9868-57a2d4851a1d" relativeResultsDirectory="0faa09ab-03e3-4ec7-b1f5-ca30649bf828" dataRowInfo="5" resultType="DataDrivenDataRow" />
      </InnerResults>
    </UnitTestResult>
    <UnitTestResult executionId="4354a911-9ab2-4900-9b4e-6c3582e52090" testId="1b969e76-d97c-c639-c377-a41796fbb2c3" testName="ToHashAlgorithmName_Passing_InvalidValueString_Returns_Null" computerName="PC-SFERRARI" duration="00:00:00.0002580" startTime="2021-01-15T21:32:57.1513302+00:00" endTime="2021-01-15T21:32:57.1517193+00:00" testType="13cdc9d9-ddb5-4fa4-a97d-d965ccfc6d4b" outcome="Passed" testListId="8c84fa94-04c1-424b-9868-57a2d4851a1d" relativeResultsDirectory="4354a911-9ab2-4900-9b4e-6c3582e52090" resultType="DataDrivenTest">
      <InnerResults>
        <UnitTestResult executionId="500d2faf-e568-4be0-ab56-1107986b19f5" parentExecutionId="4354a911-9ab2-4900-9b4e-6c3582e52090" testId="1b969e76-d97c-c639-c377-a41796fbb2c3" testName="ToHashAlgorithmName_Passing_InvalidValueString_Returns_Null (hhhhhh)" computerName="PC-SFERRARI" duration="00:00:00.0002130" startTime="2021-01-15T21:32:57.1513302+00:00" endTime="2021-01-15T21:32:57.1517193+00:00" testType="13cdc9d9-ddb5-4fa4-a97d-d965ccfc6d4b" outcome="Passed" testListId="8c84fa94-04c1-424b-9868-57a2d4851a1d" relativeResultsDirectory="500d2faf-e568-4be0-ab56-1107986b19f5" dataRowInfo="1" resultType="DataDrivenDataRow" />
      </InnerResults>
    </UnitTestResult>
    <UnitTestResult executionId="a98ef6b2-0838-4a4a-b52e-8416852b258d" testId="b048c16a-68b4-cdf3-3166-fb9613323b68" testName="ToDetails_Passing_HttpContext_WithOptionalData_Returns_Details_HttpContext" computerName="PC-SFERRARI" duration="00:00:00.0058387" startTime="2021-01-15T21:32:56.6156221+00:00" endTime="2021-01-15T21:32:56.6216549+00:00" testType="13cdc9d9-ddb5-4fa4-a97d-d965ccfc6d4b" outcome="Passed" testListId="8c84fa94-04c1-424b-9868-57a2d4851a1d" relativeResultsDirectory="a98ef6b2-0838-4a4a-b52e-8416852b258d" />
    <UnitTestResult executionId="6646dd63-7216-40f1-aceb-348aa9b45a84" testId="760ae14b-6c0d-0288-811d-408b67937415" testName="ToServiceMatchingInterface_Passing_Empties_Assemblies_Returns_ApplicationException" computerName="PC-SFERRARI" duration="00:00:00.0013119" startTime="2021-01-15T21:32:56.4129632+00:00" endTime="2021-01-15T21:32:56.4143517+00:00" testType="13cdc9d9-ddb5-4fa4-a97d-d965ccfc6d4b" outcome="Passed" testListId="8c84fa94-04c1-424b-9868-57a2d4851a1d" relativeResultsDirectory="6646dd63-7216-40f1-aceb-348aa9b45a84" />
    <UnitTestResult executionId="80910b59-2876-4554-80b9-82dfef8c6d4d" testId="1340b308-d9eb-a26e-e042-04d6c1d9a958" testName="ToHasErrors_Passing_InvalidValue_Returns_ApplicationExceptionWithMessage" computerName="PC-SFERRARI" duration="00:00:00.0011970" startTime="2021-01-15T21:32:56.1494884+00:00" endTime="2021-01-15T21:32:56.1511655+00:00" testType="13cdc9d9-ddb5-4fa4-a97d-d965ccfc6d4b" outcome="Passed" testListId="8c84fa94-04c1-424b-9868-57a2d4851a1d" relativeResultsDirectory="80910b59-2876-4554-80b9-82dfef8c6d4d" />
    <UnitTestResult executionId="92f02bed-e78d-4c4c-98f4-24d76a5506ef" testId="4a3afd90-c6ab-e82e-40d8-b40450680318" testName="IsHostname_Passing_InvalidArguments_Returns_HasErrorsAndCount" computerName="PC-SFERRARI" duration="00:00:00.0005696" startTime="2021-01-15T21:32:56.2131484+00:00" endTime="2021-01-15T21:32:56.2138284+00:00" testType="13cdc9d9-ddb5-4fa4-a97d-d965ccfc6d4b" outcome="Passed" testListId="8c84fa94-04c1-424b-9868-57a2d4851a1d" relativeResultsDirectory="92f02bed-e78d-4c4c-98f4-24d76a5506ef" />
    <UnitTestResult executionId="5b9560ee-4139-4c73-8e40-b3f41fe6453f" testId="297c060d-406b-f933-91fe-dfd3459b8ace" testName="ToIsNullOrEmpty_Passing_InvalidValue_Returns_True" computerName="PC-SFERRARI" duration="00:00:00.0001567" startTime="2021-01-15T21:32:56.1822442+00:00" endTime="2021-01-15T21:32:56.1825189+00:00" testType="13cdc9d9-ddb5-4fa4-a97d-d965ccfc6d4b" outcome="Passed" testListId="8c84fa94-04c1-424b-9868-57a2d4851a1d" relativeResultsDirectory="5b9560ee-4139-4c73-8e40-b3f41fe6453f" />
    <UnitTestResult executionId="85c866b8-1159-48bf-a5ae-ce50ab58d837" testId="e608205e-4953-e9a3-1956-895ed42ab083" testName="IsFileExtension_Passing_InvalidArguments_Returns_HasErrorsAndCount" computerName="PC-SFERRARI" duration="00:00:00.0001521" startTime="2021-01-15T21:32:56.2086235+00:00" endTime="2021-01-15T21:32:56.2088398+00:00" testType="13cdc9d9-ddb5-4fa4-a97d-d965ccfc6d4b" outcome="Passed" testListId="8c84fa94-04c1-424b-9868-57a2d4851a1d" relativeResultsDirectory="85c866b8-1159-48bf-a5ae-ce50ab58d837" />
    <UnitTestResult executionId="e4fc7773-31ed-488e-8c23-ca64fbb9c808" testId="3f0bf65d-a3af-41bf-ac79-126a0efc4fd4" testName="ToService_Passing_Service_Not_Found_Returns_Null" computerName="PC-SFERRARI" duration="00:00:00.0003392" startTime="2021-01-15T21:32:56.1218824+00:00" endTime="2021-01-15T21:32:56.1223163+00:00" testType="13cdc9d9-ddb5-4fa4-a97d-d965ccfc6d4b" outcome="Passed" testListId="8c84fa94-04c1-424b-9868-57a2d4851a1d" relativeResultsDirectory="e4fc7773-31ed-488e-8c23-ca64fbb9c808" />
    <UnitTestResult executionId="20c44387-53ee-491c-b0c6-e51c0f5a167a" testId="e9d3a3d6-32e0-613e-b55e-48afdf1ab686" testName="ToWhere_Passing_Valid_Predicate_Returns_Filter_List" computerName="PC-SFERRARI" duration="00:00:00.0022369" startTime="2021-01-15T21:32:56.9089403+00:00" endTime="2021-01-15T21:32:56.9114145+00:00" testType="13cdc9d9-ddb5-4fa4-a97d-d965ccfc6d4b" outcome="Passed" testListId="8c84fa94-04c1-424b-9868-57a2d4851a1d" relativeResultsDirectory="20c44387-53ee-491c-b0c6-e51c0f5a167a" />
    <UnitTestResult executionId="45315c70-1109-45ad-9225-5d0421fef3fe" testId="66f7bc12-fe2b-fd81-3cbf-5bc4840aa6f8" testName="ToConfiguration_Passing_Key_Values_Returns_Ok" computerName="PC-SFERRARI" duration="00:00:00.0137402" startTime="2021-01-15T21:32:56.3525282+00:00" endTime="2021-01-15T21:32:56.3664262+00:00" testType="13cdc9d9-ddb5-4fa4-a97d-d965ccfc6d4b" outcome="Passed" testListId="8c84fa94-04c1-424b-9868-57a2d4851a1d" relativeResultsDirectory="45315c70-1109-45ad-9225-5d0421fef3fe" />
    <UnitTestResult executionId="04af6226-486c-429d-932a-e78d46509114" testId="9064672f-1220-7bc0-f2b0-c66c74cccc5e" testName="ToConfiguration_Passing_Valid_DirectoryPath_Valid_JsonFileName_Returns_Ok" computerName="PC-SFERRARI" duration="00:00:00.0365886" startTime="2021-01-15T21:32:56.3725251+00:00" endTime="2021-01-15T21:32:56.4092507+00:00" testType="13cdc9d9-ddb5-4fa4-a97d-d965ccfc6d4b" outcome="Passed" testListId="8c84fa94-04c1-424b-9868-57a2d4851a1d" relativeResultsDirectory="04af6226-486c-429d-932a-e78d46509114" />
    <UnitTestResult executionId="3b9dc1e0-38b4-4a4a-ab33-9dfb8c124e7c" testId="fcd9a6e3-ee1d-7212-668e-2b0865200d81" testName="IsUniqueChars_Passing_ValidArguments_Returns_HasErrorsAndCount" computerName="PC-SFERRARI" duration="00:00:00.0007470" startTime="2021-01-15T21:32:56.2351870+00:00" endTime="2021-01-15T21:32:56.2360341+00:00" testType="13cdc9d9-ddb5-4fa4-a97d-d965ccfc6d4b" outcome="Passed" testListId="8c84fa94-04c1-424b-9868-57a2d4851a1d" relativeResultsDirectory="3b9dc1e0-38b4-4a4a-ab33-9dfb8c124e7c" />
    <UnitTestResult executionId="71b3d9da-9abe-40af-8136-300aa0c9c5f4" testId="225c09bd-86d5-d9ce-d2b8-18431ca384e3" testName="ToDefaultValue_Passing_ValidGuid_Returns_DefaultValue" computerName="PC-SFERRARI" duration="00:00:00.0003927" startTime="2021-01-15T21:32:57.3610527+00:00" endTime="2021-01-15T21:32:57.3615688+00:00" testType="13cdc9d9-ddb5-4fa4-a97d-d965ccfc6d4b" outcome="Passed" testListId="8c84fa94-04c1-424b-9868-57a2d4851a1d" relativeResultsDirectory="71b3d9da-9abe-40af-8136-300aa0c9c5f4" />
    <UnitTestResult executionId="29b40220-7b46-4c2b-b53a-7c9e22285067" testId="7f0aeefe-ba4a-5404-c6f8-82be67718cc4" testName="ToDirectoryDeleteFiles_Passing_ValidValue_Returns_DirectoryNoExists" computerName="PC-SFERRARI" duration="00:00:00.0173957" startTime="2021-01-15T21:32:56.9630210+00:00" endTime="2021-01-15T21:32:56.9806511+00:00" testType="13cdc9d9-ddb5-4fa4-a97d-d965ccfc6d4b" outcome="Passed" testListId="8c84fa94-04c1-424b-9868-57a2d4851a1d" relativeResultsDirectory="29b40220-7b46-4c2b-b53a-7c9e22285067" />
    <UnitTestResult executionId="e2438f37-9bd9-4827-860a-ba93c8ec01c9" testId="fe683836-27ec-729e-5fe1-a9c2674a6d87" testName="IsRegexMatch_Passing_InvalidArguments_Returns_HasErrorsAndCount" computerName="PC-SFERRARI" duration="00:00:00.0002487" startTime="2021-01-15T21:32:56.2318466+00:00" endTime="2021-01-15T21:32:56.2322250+00:00" testType="13cdc9d9-ddb5-4fa4-a97d-d965ccfc6d4b" outcome="Passed" testListId="8c84fa94-04c1-424b-9868-57a2d4851a1d" relativeResultsDirectory="e2438f37-9bd9-4827-860a-ba93c8ec01c9" />
    <UnitTestResult executionId="f4461f55-fd9a-445c-ad38-42314921c446" testId="71a1897b-b713-c047-1c23-5efdff095b20" testName="ToMapUpdate_Passing_Destination_Object_Returns_Updated_Destination_Object" computerName="PC-SFERRARI" duration="00:00:00.0031008" startTime="2021-01-15T21:32:55.9234290+00:00" endTime="2021-01-15T21:32:55.9266160+00:00" testType="13cdc9d9-ddb5-4fa4-a97d-d965ccfc6d4b" outcome="Passed" testListId="8c84fa94-04c1-424b-9868-57a2d4851a1d" relativeResultsDirectory="f4461f55-fd9a-445c-ad38-42314921c446" />
    <UnitTestResult executionId="2bfa2bbe-9b50-4591-80dc-f4bbd0176300" testId="7a313c49-8adc-98e3-cdda-86b900f0ade6" testName="ToCompress_Passing_Value_Bytes_Returns_Value_Bytes" computerName="PC-SFERRARI" duration="00:00:00.0013931" startTime="2021-01-15T21:32:56.1478737+00:00" endTime="2021-01-15T21:32:56.1494426+00:00" testType="13cdc9d9-ddb5-4fa4-a97d-d965ccfc6d4b" outcome="Passed" testListId="8c84fa94-04c1-424b-9868-57a2d4851a1d" relativeResultsDirectory="2bfa2bbe-9b50-4591-80dc-f4bbd0176300" />
    <UnitTestResult executionId="9dff6050-8456-4d2a-833c-56623c3d1814" testId="db5f34ff-df7c-44e5-6721-c319db8d6da0" testName="ToTryGetHeader_Passing_HttpRequest_Header_Many_Values_Returns_Values" computerName="PC-SFERRARI" duration="00:00:00.0011380" startTime="2021-01-15T21:32:56.7003353+00:00" endTime="2021-01-15T21:32:56.7016252+00:00" testType="13cdc9d9-ddb5-4fa4-a97d-d965ccfc6d4b" outcome="Passed" testListId="8c84fa94-04c1-424b-9868-57a2d4851a1d" relativeResultsDirectory="9dff6050-8456-4d2a-833c-56623c3d1814" />
    <UnitTestResult executionId="e2c4bde9-947a-419e-a026-2de82a35e330" testId="fa00d2a8-59b9-ad9e-caa1-a0c9e3156db1" testName="ToGetAll_Passing_Claims_Returns_Claim_Value_Int_List" computerName="PC-SFERRARI" duration="00:00:00.0111298" startTime="2021-01-15T21:32:56.2945517+00:00" endTime="2021-01-15T21:32:56.3058069+00:00" testType="13cdc9d9-ddb5-4fa4-a97d-d965ccfc6d4b" outcome="Passed" testListId="8c84fa94-04c1-424b-9868-57a2d4851a1d" relativeResultsDirectory="e2c4bde9-947a-419e-a026-2de82a35e330" />
    <UnitTestResult executionId="48bc3996-974d-49a5-9e77-d307ce8f9a5c" testId="64bc1554-814c-3c40-a6b0-679b40b89c36" testName="ToExists_Passing_Valid_Service_Returns_True" computerName="PC-SFERRARI" duration="00:00:00.0006735" startTime="2021-01-15T21:32:56.1203593+00:00" endTime="2021-01-15T21:32:56.1211327+00:00" testType="13cdc9d9-ddb5-4fa4-a97d-d965ccfc6d4b" outcome="Passed" testListId="8c84fa94-04c1-424b-9868-57a2d4851a1d" relativeResultsDirectory="48bc3996-974d-49a5-9e77-d307ce8f9a5c" />
    <UnitTestResult executionId="9f192782-bbec-4316-846e-5b8738c83c6f" testId="eb3fbb45-8257-f4b8-0975-042f859a72bf" testName="ToDictionaryPropertyInfo_Passing_Object_Not_IncludeNullOrEmptyProperty_Returns_Properties_NameAndValue_Dictionary" computerName="PC-SFERRARI" duration="00:00:00.0005741" startTime="2021-01-15T21:32:56.5638874+00:00" endTime="2021-01-15T21:32:56.5646038+00:00" testType="13cdc9d9-ddb5-4fa4-a97d-d965ccfc6d4b" outcome="Passed" testListId="8c84fa94-04c1-424b-9868-57a2d4851a1d" relativeResultsDirectory="9f192782-bbec-4316-846e-5b8738c83c6f" />
    <UnitTestResult executionId="be538f7d-cd64-48b9-8848-2dd613ff2329" testId="b9a89fa2-355c-e886-bec5-28d3cf549be6" testName="IsUniqueChars_Passing_InvalidArguments_Returns_HasErrorsAndCount" computerName="PC-SFERRARI" duration="00:00:00.0022996" startTime="2021-01-15T21:32:56.2327763+00:00" endTime="2021-01-15T21:32:56.2351532+00:00" testType="13cdc9d9-ddb5-4fa4-a97d-d965ccfc6d4b" outcome="Passed" testListId="8c84fa94-04c1-424b-9868-57a2d4851a1d" relativeResultsDirectory="be538f7d-cd64-48b9-8848-2dd613ff2329" />
    <UnitTestResult executionId="5b3bb906-15b6-4b1e-9fd2-26e756246092" testId="9eeef095-29ed-4872-a36c-ca4832350421" testName="IsName_Passing_InvalidArguments_Returns_HasErrorsAndCount" computerName="PC-SFERRARI" duration="00:00:00.0001687" startTime="2021-01-15T21:32:56.2221288+00:00" endTime="2021-01-15T21:32:56.2223671+00:00" testType="13cdc9d9-ddb5-4fa4-a97d-d965ccfc6d4b" outcome="Passed" testListId="8c84fa94-04c1-424b-9868-57a2d4851a1d" relativeResultsDirectory="5b3bb906-15b6-4b1e-9fd2-26e756246092" />
    <UnitTestResult executionId="ee092d76-d00b-4062-a0ab-b3c80a56abce" testId="c30c24fa-9dc6-1db9-fc63-cb77f851732c" testName="ResultErrorData_WithTitle_WithStatusCode_WithDetails_WithExceptionType_WithMessages_WithErrors" computerName="PC-SFERRARI" duration="00:00:00.0217053" startTime="2021-01-15T21:32:56.9129792+00:00" endTime="2021-01-15T21:32:56.9347943+00:00" testType="13cdc9d9-ddb5-4fa4-a97d-d965ccfc6d4b" outcome="Passed" testListId="8c84fa94-04c1-424b-9868-57a2d4851a1d" relativeResultsDirectory="ee092d76-d00b-4062-a0ab-b3c80a56abce" />
    <UnitTestResult executionId="6fcbe053-49e6-4d72-b767-520345d41660" testId="0b00f09d-f7e4-fb1e-68ad-8102cf6143e0" testName="ToPaged_Passing_Name_Descending_Order_Returns_Filter_List" computerName="PC-SFERRARI" duration="00:00:00.0010487" startTime="2021-01-15T21:32:56.9016276+00:00" endTime="2021-01-15T21:32:56.9028318+00:00" testType="13cdc9d9-ddb5-4fa4-a97d-d965ccfc6d4b" outcome="Passed" testListId="8c84fa94-04c1-424b-9868-57a2d4851a1d" relativeResultsDirectory="6fcbe053-49e6-4d72-b767-520345d41660" />
    <UnitTestResult executionId="202fd393-7231-4ad7-aa37-26561917eb2f" testId="0e702ef4-7e85-bcb3-3879-32ee56a27932" testName="IsName_Passing_ValidArguments_Returns_HasErrorsAndCount" computerName="PC-SFERRARI" duration="00:00:00.0001892" startTime="2021-01-15T21:32:56.2223854+00:00" endTime="2021-01-15T21:32:56.2226403+00:00" testType="13cdc9d9-ddb5-4fa4-a97d-d965ccfc6d4b" outcome="Passed" testListId="8c84fa94-04c1-424b-9868-57a2d4851a1d" relativeResultsDirectory="202fd393-7231-4ad7-aa37-26561917eb2f" />
    <UnitTestResult executionId="190d3d52-cfca-4545-88dc-c458513f514b" testId="9b5f9705-0df5-3b21-5e23-e11b68721fd4" testName="ToThrow_Passing_InvalidValue_Returns_ApplicationExceptionWithMessage" computerName="PC-SFERRARI" duration="00:00:00.0007335" startTime="2021-01-15T21:32:56.1883052+00:00" endTime="2021-01-15T21:32:56.1892480+00:00" testType="13cdc9d9-ddb5-4fa4-a97d-d965ccfc6d4b" outcome="Passed" testListId="8c84fa94-04c1-424b-9868-57a2d4851a1d" relativeResultsDirectory="190d3d52-cfca-4545-88dc-c458513f514b" />
    <UnitTestResult executionId="c4c562b2-992f-49f8-b664-b6f702512cba" testId="15fe55e5-cdce-6280-ea15-ef777735767c" testName="ToEnvironment_ServiceCollection_Passing_Production_Enviroment_Returns_Production_Name" computerName="PC-SFERRARI" duration="00:00:00.0003539" startTime="2021-01-15T21:32:56.4105032+00:00" endTime="2021-01-15T21:32:56.4109208+00:00" testType="13cdc9d9-ddb5-4fa4-a97d-d965ccfc6d4b" outcome="Passed" testListId="8c84fa94-04c1-424b-9868-57a2d4851a1d" relativeResultsDirectory="c4c562b2-992f-49f8-b664-b6f702512cba" />
    <UnitTestResult executionId="85e5c32f-0634-4bb2-a620-c5141f6e6fce" testId="65b9b71b-a8d5-2a7d-a8a7-0e3a015e6b68" testName="ToDirectoryTemporary_Passing_ValidValue_Returns_DirectoryExists" computerName="PC-SFERRARI" duration="00:00:00.0018636" startTime="2021-01-15T21:32:57.0964964+00:00" endTime="2021-01-15T21:32:57.0986541+00:00" testType="13cdc9d9-ddb5-4fa4-a97d-d965ccfc6d4b" outcome="Passed" testListId="8c84fa94-04c1-424b-9868-57a2d4851a1d" relativeResultsDirectory="85e5c32f-0634-4bb2-a620-c5141f6e6fce" />
    <UnitTestResult executionId="a1d75202-dec9-4bfe-b418-a3001e8b9d6e" testId="13bab721-bf36-ea1b-3f50-9937b274e83a" testName="ToTryGetHeader_Passing_HttpRequest_Header_Value_Returns_Value" computerName="PC-SFERRARI" duration="00:00:00.0008600" startTime="2021-01-15T21:32:56.7016734+00:00" endTime="2021-01-15T21:32:56.7026787+00:00" testType="13cdc9d9-ddb5-4fa4-a97d-d965ccfc6d4b" outcome="Passed" testListId="8c84fa94-04c1-424b-9868-57a2d4851a1d" relativeResultsDirectory="a1d75202-dec9-4bfe-b418-a3001e8b9d6e" />
    <UnitTestResult executionId="839944c1-6fbb-46e0-8034-823a98063e3a" testId="e0f7dcd9-f363-be9c-de11-457f6a575bee" testName="ToDefaultValue_Passing_float_Returns_Cero" computerName="PC-SFERRARI" duration="00:00:00.0003772" startTime="2021-01-15T21:32:56.5465116+00:00" endTime="2021-01-15T21:32:56.5469749+00:00" testType="13cdc9d9-ddb5-4fa4-a97d-d965ccfc6d4b" outcome="Passed" testListId="8c84fa94-04c1-424b-9868-57a2d4851a1d" relativeResultsDirectory="839944c1-6fbb-46e0-8034-823a98063e3a" resultType="DataDrivenTest">
      <InnerResults>
        <UnitTestResult executionId="774fcf90-9b49-4279-b860-713dbf9018b7" parentExecutionId="839944c1-6fbb-46e0-8034-823a98063e3a" testId="e0f7dcd9-f363-be9c-de11-457f6a575bee" testName="ToDefaultValue_Passing_float_Returns_Cero (3,4028235E+38)" computerName="PC-SFERRARI" duration="00:00:00.0003144" startTime="2021-01-15T21:32:56.5465116+00:00" endTime="2021-01-15T21:32:56.5469749+00:00" testType="13cdc9d9-ddb5-4fa4-a97d-d965ccfc6d4b" outcome="Passed" testListId="8c84fa94-04c1-424b-9868-57a2d4851a1d" relativeResultsDirectory="774fcf90-9b49-4279-b860-713dbf9018b7" dataRowInfo="1" resultType="DataDrivenDataRow" />
      </InnerResults>
    </UnitTestResult>
    <UnitTestResult executionId="6d82c004-4724-42b9-887f-f1cd1a4c5d8c" testId="31126d50-f667-908c-85f3-09f9d9272df9" testName="ToEnvironment_Passing_Production_Enviroment_Returns_Production_Name" computerName="PC-SFERRARI" duration="00:00:00.0005416" startTime="2021-01-15T21:32:56.1100767+00:00" endTime="2021-01-15T21:32:56.1107300+00:00" testType="13cdc9d9-ddb5-4fa4-a97d-d965ccfc6d4b" outcome="Passed" testListId="8c84fa94-04c1-424b-9868-57a2d4851a1d" relativeResultsDirectory="6d82c004-4724-42b9-887f-f1cd1a4c5d8c" />
    <UnitTestResult executionId="3049f894-50e6-407a-a89d-f77d85ffbb66" testId="6c59b811-73c0-2540-9661-8c8f2a459ff2" testName="ToDefaultValue_Passing_byte_Returns_Cero" computerName="PC-SFERRARI" duration="00:00:00.0004608" startTime="2021-01-15T21:32:56.5441506+00:00" endTime="2021-01-15T21:32:56.5448064+00:00" testType="13cdc9d9-ddb5-4fa4-a97d-d965ccfc6d4b" outcome="Passed" testListId="8c84fa94-04c1-424b-9868-57a2d4851a1d" relativeResultsDirectory="3049f894-50e6-407a-a89d-f77d85ffbb66" resultType="DataDrivenTest">
      <InnerResults>
        <UnitTestResult executionId="57a561f1-91f4-4f3e-8a49-8257432952f0" parentExecutionId="3049f894-50e6-407a-a89d-f77d85ffbb66" testId="6c59b811-73c0-2540-9661-8c8f2a459ff2" testName="ToDefaultValue_Passing_byte_Returns_Cero (255)" computerName="PC-SFERRARI" duration="00:00:00.0003923" startTime="2021-01-15T21:32:56.5441506+00:00" endTime="2021-01-15T21:32:56.5448064+00:00" testType="13cdc9d9-ddb5-4fa4-a97d-d965ccfc6d4b" outcome="Passed" testListId="8c84fa94-04c1-424b-9868-57a2d4851a1d" relativeResultsDirectory="57a561f1-91f4-4f3e-8a49-8257432952f0" dataRowInfo="1" resultType="DataDrivenDataRow" />
      </InnerResults>
    </UnitTestResult>
    <UnitTestResult executionId="d375f3c8-7a91-405f-9d6f-e49413d358c9" testId="7384e2f6-7a7f-d462-78fa-5bf7f49c326a" testName="ToIsAuthenticated_Passing_Claims_Returns_False" computerName="PC-SFERRARI" duration="00:00:00.0005587" startTime="2021-01-15T21:32:56.3355418+00:00" endTime="2021-01-15T21:32:56.3361834+00:00" testType="13cdc9d9-ddb5-4fa4-a97d-d965ccfc6d4b" outcome="Passed" testListId="8c84fa94-04c1-424b-9868-57a2d4851a1d" relativeResultsDirectory="d375f3c8-7a91-405f-9d6f-e49413d358c9" />
    <UnitTestResult executionId="9aa251a8-61a3-40b3-a122-99e7bfd97b11" testId="5e237822-3b9d-da27-9221-3ae1f5eb15b0" testName="ToEnvironment_Passing_Staging_Enviroment_Returns_Staging_Name" computerName="PC-SFERRARI" duration="00:00:00.0007360" startTime="2021-01-15T21:32:56.1188180+00:00" endTime="2021-01-15T21:32:56.1196965+00:00" testType="13cdc9d9-ddb5-4fa4-a97d-d965ccfc6d4b" outcome="Passed" testListId="8c84fa94-04c1-424b-9868-57a2d4851a1d" relativeResultsDirectory="9aa251a8-61a3-40b3-a122-99e7bfd97b11" />
    <UnitTestResult executionId="7dc6f381-a726-4c15-bdb0-1dfc53f69a55" testId="ffa669f9-8e25-a33b-f8f7-c3ba4a576a2b" testName="ToDefaultValue_Passing_ValidStruct_Returns_DefaultValue" computerName="PC-SFERRARI" duration="00:00:00.0003883" startTime="2021-01-15T21:32:57.3714559+00:00" endTime="2021-01-15T21:32:57.3719862+00:00" testType="13cdc9d9-ddb5-4fa4-a97d-d965ccfc6d4b" outcome="Passed" testListId="8c84fa94-04c1-424b-9868-57a2d4851a1d" relativeResultsDirectory="7dc6f381-a726-4c15-bdb0-1dfc53f69a55" />
    <UnitTestResult executionId="44c37e07-c4d4-4f79-8e49-a3d6927476bc" testId="ede15cdf-3d1b-3e1a-18dc-485a2d50fe42" testName="ToFormat_Passing_ValidTimeSpanValue_Returns_ValueWithFormatString" computerName="PC-SFERRARI" duration="00:00:00.0013526" startTime="2021-01-15T21:32:57.3586335+00:00" endTime="2021-01-15T21:32:57.3603215+00:00" testType="13cdc9d9-ddb5-4fa4-a97d-d965ccfc6d4b" outcome="Passed" testListId="8c84fa94-04c1-424b-9868-57a2d4851a1d" relativeResultsDirectory="44c37e07-c4d4-4f79-8e49-a3d6927476bc" />
    <UnitTestResult executionId="c9598d6a-a8b3-4584-a809-33cccb68b780" testId="0b1e4893-9444-2235-b7fa-3782f9932212" testName="ToService_Passing_Valid_Service_Returns_Service" computerName="PC-SFERRARI" duration="00:00:00.0004664" startTime="2021-01-15T21:32:56.4377123+00:00" endTime="2021-01-15T21:32:56.4382426+00:00" testType="13cdc9d9-ddb5-4fa4-a97d-d965ccfc6d4b" outcome="Passed" testListId="8c84fa94-04c1-424b-9868-57a2d4851a1d" relativeResultsDirectory="c9598d6a-a8b3-4584-a809-33cccb68b780" />
    <UnitTestResult executionId="e3f737cb-e3ea-4b7f-a44a-4f3cd3b360c9" testId="2e87c537-4979-f58b-6e83-f3d4ee161ff1" testName="ToGetAll_Passing_Claims_Returns_Claim_Value_Object_List" computerName="PC-SFERRARI" duration="00:00:00.0211568" startTime="2021-01-15T21:32:56.3058616+00:00" endTime="2021-01-15T21:32:56.3271604+00:00" testType="13cdc9d9-ddb5-4fa4-a97d-d965ccfc6d4b" outcome="Passed" testListId="8c84fa94-04c1-424b-9868-57a2d4851a1d" relativeResultsDirectory="e3f737cb-e3ea-4b7f-a44a-4f3cd3b360c9" />
    <UnitTestResult executionId="39c3dcdb-6af4-4cd7-80ac-66f8900d28f1" testId="d5506b30-7041-6d90-bd03-bcd5b2479c40" testName="ToHashAlgorithmName_Passing_InvalidValueLowerCaseStringWithDefaultValue_Returns_DefaultValue" computerName="PC-SFERRARI" duration="00:00:00.0019328" startTime="2021-01-15T21:32:57.1444003+00:00" endTime="2021-01-15T21:32:57.1464866+00:00" testType="13cdc9d9-ddb5-4fa4-a97d-d965ccfc6d4b" outcome="Passed" testListId="8c84fa94-04c1-424b-9868-57a2d4851a1d" relativeResultsDirectory="39c3dcdb-6af4-4cd7-80ac-66f8900d28f1" resultType="DataDrivenTest">
      <InnerResults>
        <UnitTestResult executionId="317d37fe-aefa-43d0-ab3f-c81ef94d4ea6" parentExecutionId="39c3dcdb-6af4-4cd7-80ac-66f8900d28f1" testId="d5506b30-7041-6d90-bd03-bcd5b2479c40" testName="ToHashAlgorithmName_Passing_InvalidValueLowerCaseStringWithDefaultValue_Returns_DefaultValue (md5)" computerName="PC-SFERRARI" duration="00:00:00.0018474" startTime="2021-01-15T21:32:57.1444003+00:00" endTime="2021-01-15T21:32:57.1464866+00:00" testType="13cdc9d9-ddb5-4fa4-a97d-d965ccfc6d4b" outcome="Passed" testListId="8c84fa94-04c1-424b-9868-57a2d4851a1d" relativeResultsDirectory="317d37fe-aefa-43d0-ab3f-c81ef94d4ea6" dataRowInfo="1" resultType="DataDrivenDataRow" />
      </InnerResults>
    </UnitTestResult>
    <UnitTestResult executionId="95b77702-1ced-435e-bee8-1b5ab3f289f2" testId="c180eeb5-df7f-187e-c74d-0f6d31acdec5" testName="ToUri_Passing_InvalidValueString_Returns_Null" computerName="PC-SFERRARI" duration="00:00:00.0006112" startTime="2021-01-15T21:32:57.2261523+00:00" endTime="2021-01-15T21:32:57.2270436+00:00" testType="13cdc9d9-ddb5-4fa4-a97d-d965ccfc6d4b" outcome="Passed" testListId="8c84fa94-04c1-424b-9868-57a2d4851a1d" relativeResultsDirectory="95b77702-1ced-435e-bee8-1b5ab3f289f2" resultType="DataDrivenTest">
      <InnerResults>
        <UnitTestResult executionId="21c329c4-5286-4e09-8f46-1d8f568c208c" parentExecutionId="95b77702-1ced-435e-bee8-1b5ab3f289f2" testId="c180eeb5-df7f-187e-c74d-0f6d31acdec5" testName="ToUri_Passing_InvalidValueString_Returns_Null (http://?)" computerName="PC-SFERRARI" duration="00:00:00.0002751" startTime="2021-01-15T21:32:57.2261523+00:00" endTime="2021-01-15T21:32:57.2270436+00:00" testType="13cdc9d9-ddb5-4fa4-a97d-d965ccfc6d4b" outcome="Passed" testListId="8c84fa94-04c1-424b-9868-57a2d4851a1d" relativeResultsDirectory="21c329c4-5286-4e09-8f46-1d8f568c208c" dataRowInfo="1" resultType="DataDrivenDataRow" />
        <UnitTestResult executionId="81eab16c-ae62-47d1-8e1e-f03114cd7805" parentExecutionId="95b77702-1ced-435e-bee8-1b5ab3f289f2" testId="c180eeb5-df7f-187e-c74d-0f6d31acdec5" testName="ToUri_Passing_InvalidValueString_Returns_Null (http://)" computerName="PC-SFERRARI" duration="00:00:00.0000095" startTime="2021-01-15T21:32:57.2261523+00:00" endTime="2021-01-15T21:32:57.2270436+00:00" testType="13cdc9d9-ddb5-4fa4-a97d-d965ccfc6d4b" outcome="Passed" testListId="8c84fa94-04c1-424b-9868-57a2d4851a1d" relativeResultsDirectory="81eab16c-ae62-47d1-8e1e-f03114cd7805" dataRowInfo="2" resultType="DataDrivenDataRow" />
        <UnitTestResult executionId="f119f104-f162-4730-bdb3-e0d428359dac" parentExecutionId="95b77702-1ced-435e-bee8-1b5ab3f289f2" testId="c180eeb5-df7f-187e-c74d-0f6d31acdec5" testName="ToUri_Passing_InvalidValueString_Returns_Null (http://.)" computerName="PC-SFERRARI" duration="00:00:00.0000049" startTime="2021-01-15T21:32:57.2261523+00:00" endTime="2021-01-15T21:32:57.2270436+00:00" testType="13cdc9d9-ddb5-4fa4-a97d-d965ccfc6d4b" outcome="Passed" testListId="8c84fa94-04c1-424b-9868-57a2d4851a1d" relativeResultsDirectory="f119f104-f162-4730-bdb3-e0d428359dac" dataRowInfo="3" resultType="DataDrivenDataRow" />
        <UnitTestResult executionId="1a340184-3daa-4632-b376-052193dd40e6" parentExecutionId="95b77702-1ced-435e-bee8-1b5ab3f289f2" testId="c180eeb5-df7f-187e-c74d-0f6d31acdec5" testName="ToUri_Passing_InvalidValueString_Returns_Null (http://..)" computerName="PC-SFERRARI" duration="00:00:00.0000041" startTime="2021-01-15T21:32:57.2261523+00:00" endTime="2021-01-15T21:32:57.2270436+00:00" testType="13cdc9d9-ddb5-4fa4-a97d-d965ccfc6d4b" outcome="Passed" testListId="8c84fa94-04c1-424b-9868-57a2d4851a1d" relativeResultsDirectory="1a340184-3daa-4632-b376-052193dd40e6" dataRowInfo="4" resultType="DataDrivenDataRow" />
        <UnitTestResult executionId="804fc4fb-4c33-41cd-8daa-95e84f237be4" parentExecutionId="95b77702-1ced-435e-bee8-1b5ab3f289f2" testId="c180eeb5-df7f-187e-c74d-0f6d31acdec5" testName="ToUri_Passing_InvalidValueString_Returns_Null (http://../)" computerName="PC-SFERRARI" duration="00:00:00.0000903" startTime="2021-01-15T21:32:57.2261523+00:00" endTime="2021-01-15T21:32:57.2270436+00:00" testType="13cdc9d9-ddb5-4fa4-a97d-d965ccfc6d4b" outcome="Passed" testListId="8c84fa94-04c1-424b-9868-57a2d4851a1d" relativeResultsDirectory="804fc4fb-4c33-41cd-8daa-95e84f237be4" dataRowInfo="5" resultType="DataDrivenDataRow" />
        <UnitTestResult executionId="025b177f-07fe-4b46-b5b6-bcca2f820f68" parentExecutionId="95b77702-1ced-435e-bee8-1b5ab3f289f2" testId="c180eeb5-df7f-187e-c74d-0f6d31acdec5" testName="ToUri_Passing_InvalidValueString_Returns_Null (http://?)" computerName="PC-SFERRARI" duration="00:00:00.0000080" startTime="2021-01-15T21:32:57.2261523+00:00" endTime="2021-01-15T21:32:57.2270436+00:00" testType="13cdc9d9-ddb5-4fa4-a97d-d965ccfc6d4b" outcome="Passed" testListId="8c84fa94-04c1-424b-9868-57a2d4851a1d" relativeResultsDirectory="025b177f-07fe-4b46-b5b6-bcca2f820f68" dataRowInfo="6" resultType="DataDrivenDataRow" />
        <UnitTestResult executionId="5521e636-cd42-4b7d-976a-1ffdb1ad9db5" parentExecutionId="95b77702-1ced-435e-bee8-1b5ab3f289f2" testId="c180eeb5-df7f-187e-c74d-0f6d31acdec5" testName="ToUri_Passing_InvalidValueString_Returns_Null (http://??)" computerName="PC-SFERRARI" duration="00:00:00.0000042" startTime="2021-01-15T21:32:57.2261523+00:00" endTime="2021-01-15T21:32:57.2270436+00:00" testType="13cdc9d9-ddb5-4fa4-a97d-d965ccfc6d4b" outcome="Passed" testListId="8c84fa94-04c1-424b-9868-57a2d4851a1d" relativeResultsDirectory="5521e636-cd42-4b7d-976a-1ffdb1ad9db5" dataRowInfo="7" resultType="DataDrivenDataRow" />
        <UnitTestResult executionId="08d13271-62db-4cd0-a176-fde72002a350" parentExecutionId="95b77702-1ced-435e-bee8-1b5ab3f289f2" testId="c180eeb5-df7f-187e-c74d-0f6d31acdec5" testName="ToUri_Passing_InvalidValueString_Returns_Null (http://??/)" computerName="PC-SFERRARI" duration="00:00:00.0000043" startTime="2021-01-15T21:32:57.2261523+00:00" endTime="2021-01-15T21:32:57.2270436+00:00" testType="13cdc9d9-ddb5-4fa4-a97d-d965ccfc6d4b" outcome="Passed" testListId="8c84fa94-04c1-424b-9868-57a2d4851a1d" relativeResultsDirectory="08d13271-62db-4cd0-a176-fde72002a350" dataRowInfo="8" resultType="DataDrivenDataRow" />
        <UnitTestResult executionId="91f9ce2b-b779-4b36-b847-f5cdb9e63864" parentExecutionId="95b77702-1ced-435e-bee8-1b5ab3f289f2" testId="c180eeb5-df7f-187e-c74d-0f6d31acdec5" testName="ToUri_Passing_InvalidValueString_Returns_Null (http://#)" computerName="PC-SFERRARI" duration="00:00:00.0000060" startTime="2021-01-15T21:32:57.2261523+00:00" endTime="2021-01-15T21:32:57.2270436+00:00" testType="13cdc9d9-ddb5-4fa4-a97d-d965ccfc6d4b" outcome="Passed" testListId="8c84fa94-04c1-424b-9868-57a2d4851a1d" relativeResultsDirectory="91f9ce2b-b779-4b36-b847-f5cdb9e63864" dataRowInfo="9" resultType="DataDrivenDataRow" />
        <UnitTestResult executionId="ad950252-7315-4981-82d4-39a8d26c5566" parentExecutionId="95b77702-1ced-435e-bee8-1b5ab3f289f2" testId="c180eeb5-df7f-187e-c74d-0f6d31acdec5" testName="ToUri_Passing_InvalidValueString_Returns_Null (http://##)" computerName="PC-SFERRARI" duration="00:00:00.0000037" startTime="2021-01-15T21:32:57.2261523+00:00" endTime="2021-01-15T21:32:57.2270436+00:00" testType="13cdc9d9-ddb5-4fa4-a97d-d965ccfc6d4b" outcome="Passed" testListId="8c84fa94-04c1-424b-9868-57a2d4851a1d" relativeResultsDirectory="ad950252-7315-4981-82d4-39a8d26c5566" dataRowInfo="10" resultType="DataDrivenDataRow" />
        <UnitTestResult executionId="ce6934e7-d9ad-40c3-b258-a81c626f666f" parentExecutionId="95b77702-1ced-435e-bee8-1b5ab3f289f2" testId="c180eeb5-df7f-187e-c74d-0f6d31acdec5" testName="ToUri_Passing_InvalidValueString_Returns_Null (http://##/)" computerName="PC-SFERRARI" duration="00:00:00.0000036" startTime="2021-01-15T21:32:57.2261523+00:00" endTime="2021-01-15T21:32:57.2270436+00:00" testType="13cdc9d9-ddb5-4fa4-a97d-d965ccfc6d4b" outcome="Passed" testListId="8c84fa94-04c1-424b-9868-57a2d4851a1d" relativeResultsDirectory="ce6934e7-d9ad-40c3-b258-a81c626f666f" dataRowInfo="11" resultType="DataDrivenDataRow" />
      </InnerResults>
    </UnitTestResult>
    <UnitTestResult executionId="494c32cf-32aa-4e63-83fb-f12bcd2c377e" testId="65b9c427-b5ec-99b4-199a-0093cd460501" testName="ToUserName_Passing_Null_ClaimsPrincipal_Returns_ApplicationException" computerName="PC-SFERRARI" duration="00:00:00.0006873" startTime="2021-01-15T21:32:56.3452676+00:00" endTime="2021-01-15T21:32:56.3460622+00:00" testType="13cdc9d9-ddb5-4fa4-a97d-d965ccfc6d4b" outcome="Passed" testListId="8c84fa94-04c1-424b-9868-57a2d4851a1d" relativeResultsDirectory="494c32cf-32aa-4e63-83fb-f12bcd2c377e" />
    <UnitTestResult executionId="e767f2cd-2109-4783-9772-8ee35bacaa90" testId="c14c626b-0f15-ac55-344d-8aa2c3f91cdf" testName="ToZipCreate_Passing_ValidFiles_Returns_ZipFiles" computerName="PC-SFERRARI" duration="00:00:00.0076244" startTime="2021-01-15T21:32:57.2705975+00:00" endTime="2021-01-15T21:32:57.2784640+00:00" testType="13cdc9d9-ddb5-4fa4-a97d-d965ccfc6d4b" outcome="Passed" testListId="8c84fa94-04c1-424b-9868-57a2d4851a1d" relativeResultsDirectory="e767f2cd-2109-4783-9772-8ee35bacaa90" />
    <UnitTestResult executionId="f7f0b465-37d5-4ef8-a312-eeefc0167921" testId="481343f9-3ff3-548f-0c6c-41599cf65802" testName="CreateRandom_WithDefaultAllowableCharacters_Passing_ValidArguments_Returns_String_Random_Value" computerName="PC-SFERRARI" duration="00:00:00.0004045" startTime="2021-01-15T21:32:56.5879188+00:00" endTime="2021-01-15T21:32:56.5885469+00:00" testType="13cdc9d9-ddb5-4fa4-a97d-d965ccfc6d4b" outcome="Passed" testListId="8c84fa94-04c1-424b-9868-57a2d4851a1d" relativeResultsDirectory="f7f0b465-37d5-4ef8-a312-eeefc0167921" resultType="DataDrivenTest">
      <InnerResults>
        <UnitTestResult executionId="f9c783cd-f5e6-4196-9498-53a33aa9f9af" parentExecutionId="f7f0b465-37d5-4ef8-a312-eeefc0167921" testId="481343f9-3ff3-548f-0c6c-41599cf65802" testName="CreateRandom_WithDefaultAllowableCharacters_Passing_ValidArguments_Returns_String_Random_Value (5)" computerName="PC-SFERRARI" duration="00:00:00.0002482" startTime="2021-01-15T21:32:56.5879188+00:00" endTime="2021-01-15T21:32:56.5885469+00:00" testType="13cdc9d9-ddb5-4fa4-a97d-d965ccfc6d4b" outcome="Passed" testListId="8c84fa94-04c1-424b-9868-57a2d4851a1d" relativeResultsDirectory="f9c783cd-f5e6-4196-9498-53a33aa9f9af" dataRowInfo="1" resultType="DataDrivenDataRow" />
        <UnitTestResult executionId="45c181c0-f2a9-42bd-812d-e219babaa79e" parentExecutionId="f7f0b465-37d5-4ef8-a312-eeefc0167921" testId="481343f9-3ff3-548f-0c6c-41599cf65802" testName="CreateRandom_WithDefaultAllowableCharacters_Passing_ValidArguments_Returns_String_Random_Value (10)" computerName="PC-SFERRARI" duration="00:00:00.0000097" startTime="2021-01-15T21:32:56.5879188+00:00" endTime="2021-01-15T21:32:56.5885469+00:00" testType="13cdc9d9-ddb5-4fa4-a97d-d965ccfc6d4b" outcome="Passed" testListId="8c84fa94-04c1-424b-9868-57a2d4851a1d" relativeResultsDirectory="45c181c0-f2a9-42bd-812d-e219babaa79e" dataRowInfo="2" resultType="DataDrivenDataRow" />
        <UnitTestResult executionId="4a830646-9c61-43a5-b2c0-623d956ee6e2" parentExecutionId="f7f0b465-37d5-4ef8-a312-eeefc0167921" testId="481343f9-3ff3-548f-0c6c-41599cf65802" testName="CreateRandom_WithDefaultAllowableCharacters_Passing_ValidArguments_Returns_String_Random_Value (20)" computerName="PC-SFERRARI" duration="00:00:00.0000075" startTime="2021-01-15T21:32:56.5879188+00:00" endTime="2021-01-15T21:32:56.5885469+00:00" testType="13cdc9d9-ddb5-4fa4-a97d-d965ccfc6d4b" outcome="Passed" testListId="8c84fa94-04c1-424b-9868-57a2d4851a1d" relativeResultsDirectory="4a830646-9c61-43a5-b2c0-623d956ee6e2" dataRowInfo="3" resultType="DataDrivenDataRow" />
      </InnerResults>
    </UnitTestResult>
    <UnitTestResult executionId="5438e35e-76e1-47a8-a08d-95327c414c9f" testId="47f3e733-f069-b79f-9f6d-7c11fc368663" testName="ToDefaultValue_Passing_ushort_Returns_Cero" computerName="PC-SFERRARI" duration="00:00:00.0003767" startTime="2021-01-15T21:32:56.5601895+00:00" endTime="2021-01-15T21:32:56.5606584+00:00" testType="13cdc9d9-ddb5-4fa4-a97d-d965ccfc6d4b" outcome="Passed" testListId="8c84fa94-04c1-424b-9868-57a2d4851a1d" relativeResultsDirectory="5438e35e-76e1-47a8-a08d-95327c414c9f" resultType="DataDrivenTest">
      <InnerResults>
        <UnitTestResult executionId="454fe75b-9d87-4ce6-9b01-a657d59a96de" parentExecutionId="5438e35e-76e1-47a8-a08d-95327c414c9f" testId="47f3e733-f069-b79f-9f6d-7c11fc368663" testName="ToDefaultValue_Passing_ushort_Returns_Cero (65535)" computerName="PC-SFERRARI" duration="00:00:00.0003215" startTime="2021-01-15T21:32:56.5601895+00:00" endTime="2021-01-15T21:32:56.5606584+00:00" testType="13cdc9d9-ddb5-4fa4-a97d-d965ccfc6d4b" outcome="Passed" testListId="8c84fa94-04c1-424b-9868-57a2d4851a1d" relativeResultsDirectory="454fe75b-9d87-4ce6-9b01-a657d59a96de" dataRowInfo="1" resultType="DataDrivenDataRow" />
      </InnerResults>
    </UnitTestResult>
    <UnitTestResult executionId="45eaa67b-e6e1-4f74-a610-d2a5629b1a11" testId="1577c538-d1be-5b59-2b09-8e59b0be5fcd" testName="ToSettings_Passing_Values_From_AppSettingsFile_Returns_Settings" computerName="PC-SFERRARI" duration="00:00:00.0472976" startTime="2021-01-15T21:32:56.4382616+00:00" endTime="2021-01-15T21:32:56.4856439+00:00" testType="13cdc9d9-ddb5-4fa4-a97d-d965ccfc6d4b" outcome="Passed" testListId="8c84fa94-04c1-424b-9868-57a2d4851a1d" relativeResultsDirectory="45eaa67b-e6e1-4f74-a610-d2a5629b1a11" />
    <UnitTestResult executionId="132a89e0-7be0-4435-a260-68ebfa60c91f" testId="7daaba64-d3ad-9109-43bf-bdb516b673b8" testName="ToDirectoryFileInfo_Passing_ValidValue_Returns_FileInfo" computerName="PC-SFERRARI" duration="00:00:00.0125488" startTime="2021-01-15T21:32:56.9848733+00:00" endTime="2021-01-15T21:32:56.9976456+00:00" testType="13cdc9d9-ddb5-4fa4-a97d-d965ccfc6d4b" outcome="Passed" testListId="8c84fa94-04c1-424b-9868-57a2d4851a1d" relativeResultsDirectory="132a89e0-7be0-4435-a260-68ebfa60c91f" />
    <UnitTestResult executionId="9ce852af-6f5b-4351-bb4b-72dc1853a974" testId="c330741e-ad40-618c-36cc-508c135d2b95" testName="ToService_Passing_NotFound_Service_Returns_Null" computerName="PC-SFERRARI" duration="00:00:00.0001299" startTime="2021-01-15T21:32:56.4374590+00:00" endTime="2021-01-15T21:32:56.4376926+00:00" testType="13cdc9d9-ddb5-4fa4-a97d-d965ccfc6d4b" outcome="Passed" testListId="8c84fa94-04c1-424b-9868-57a2d4851a1d" relativeResultsDirectory="9ce852af-6f5b-4351-bb4b-72dc1853a974" />
    <UnitTestResult executionId="8042f547-5327-4a77-b168-f16c6a1716ee" testId="29112d2a-2e73-305d-ec50-12fc95c28627" testName="ToReplaceSpecialChars_Passing_ValidValue_Returns_ReplacedValueWithoutIgnoreSpecialChars" computerName="PC-SFERRARI" duration="00:00:00.0010642" startTime="2021-01-15T21:32:57.1980955+00:00" endTime="2021-01-15T21:32:57.1993696+00:00" testType="13cdc9d9-ddb5-4fa4-a97d-d965ccfc6d4b" outcome="Passed" testListId="8c84fa94-04c1-424b-9868-57a2d4851a1d" relativeResultsDirectory="8042f547-5327-4a77-b168-f16c6a1716ee" resultType="DataDrivenTest">
      <InnerResults>
        <UnitTestResult executionId="9b692680-4923-450c-9617-e4944541a614" parentExecutionId="8042f547-5327-4a77-b168-f16c6a1716ee" testId="29112d2a-2e73-305d-ec50-12fc95c28627" testName="ToReplaceSpecialChars_Passing_ValidValue_Returns_ReplacedValueWithoutIgnoreSpecialChars (àáäâãøçħ,aaaaaoch)" computerName="PC-SFERRARI" duration="00:00:00.0003240" startTime="2021-01-15T21:32:57.1980955+00:00" endTime="2021-01-15T21:32:57.1993696+00:00" testType="13cdc9d9-ddb5-4fa4-a97d-d965ccfc6d4b" outcome="Passed" testListId="8c84fa94-04c1-424b-9868-57a2d4851a1d" relativeResultsDirectory="9b692680-4923-450c-9617-e4944541a614" dataRowInfo="1" resultType="DataDrivenDataRow" />
        <UnitTestResult executionId="592d2f9e-d0fc-4854-9f74-cee090236308" parentExecutionId="8042f547-5327-4a77-b168-f16c6a1716ee" testId="29112d2a-2e73-305d-ec50-12fc95c28627" testName="ToReplaceSpecialChars_Passing_ValidValue_Returns_ReplacedValueWithoutIgnoreSpecialChars ( àáäâ ãøçħ , aaaa aoch )" computerName="PC-SFERRARI" duration="00:00:00.0000488" startTime="2021-01-15T21:32:57.1980955+00:00" endTime="2021-01-15T21:32:57.1993696+00:00" testType="13cdc9d9-ddb5-4fa4-a97d-d965ccfc6d4b" outcome="Passed" testListId="8c84fa94-04c1-424b-9868-57a2d4851a1d" relativeResultsDirectory="592d2f9e-d0fc-4854-9f74-cee090236308" dataRowInfo="2" resultType="DataDrivenDataRow" />
        <UnitTestResult executionId="3e259039-535b-4068-a75b-7c5c94ee0a21" parentExecutionId="8042f547-5327-4a77-b168-f16c6a1716ee" testId="29112d2a-2e73-305d-ec50-12fc95c28627" testName="ToReplaceSpecialChars_Passing_ValidValue_Returns_ReplacedValueWithoutIgnoreSpecialChars (*¨^_:-?¿;,)" computerName="PC-SFERRARI" duration="00:00:00.0000487" startTime="2021-01-15T21:32:57.1980955+00:00" endTime="2021-01-15T21:32:57.1993696+00:00" testType="13cdc9d9-ddb5-4fa4-a97d-d965ccfc6d4b" outcome="Passed" testListId="8c84fa94-04c1-424b-9868-57a2d4851a1d" relativeResultsDirectory="3e259039-535b-4068-a75b-7c5c94ee0a21" dataRowInfo="3" resultType="DataDrivenDataRow" />
        <UnitTestResult executionId="ae99b916-aedf-4b98-80af-23dc6d7f123f" parentExecutionId="8042f547-5327-4a77-b168-f16c6a1716ee" testId="29112d2a-2e73-305d-ec50-12fc95c28627" testName="ToReplaceSpecialChars_Passing_ValidValue_Returns_ReplacedValueWithoutIgnoreSpecialChars ( * ¨ ^ _ : - ? ¿ ; ,          )" computerName="PC-SFERRARI" duration="00:00:00.0000587" startTime="2021-01-15T21:32:57.1980955+00:00" endTime="2021-01-15T21:32:57.1993696+00:00" testType="13cdc9d9-ddb5-4fa4-a97d-d965ccfc6d4b" outcome="Passed" testListId="8c84fa94-04c1-424b-9868-57a2d4851a1d" relativeResultsDirectory="ae99b916-aedf-4b98-80af-23dc6d7f123f" dataRowInfo="4" resultType="DataDrivenDataRow" />
        <UnitTestResult executionId="adc05b2f-41e3-4922-8b20-3a863b05721e" parentExecutionId="8042f547-5327-4a77-b168-f16c6a1716ee" testId="29112d2a-2e73-305d-ec50-12fc95c28627" testName="ToReplaceSpecialChars_Passing_ValidValue_Returns_ReplacedValueWithoutIgnoreSpecialChars (*¨^_:-?¿;,?¿,?¿)" computerName="PC-SFERRARI" duration="00:00:00.0001527" startTime="2021-01-15T21:32:57.1980955+00:00" endTime="2021-01-15T21:32:57.1993696+00:00" testType="13cdc9d9-ddb5-4fa4-a97d-d965ccfc6d4b" outcome="Passed" testListId="8c84fa94-04c1-424b-9868-57a2d4851a1d" relativeResultsDirectory="adc05b2f-41e3-4922-8b20-3a863b05721e" dataRowInfo="5" resultType="DataDrivenDataRow" />
      </InnerResults>
    </UnitTestResult>
    <UnitTestResult executionId="8c8f0203-7e7f-45e5-88dc-e8a5d8d66d2b" testId="334e3485-05b4-4549-cacd-aef8fff10757" testName="ToDefaultValue_Passing_decimal_Returns_Cero" computerName="PC-SFERRARI" duration="00:00:00.0003612" startTime="2021-01-15T21:32:56.5453293+00:00" endTime="2021-01-15T21:32:56.5457929+00:00" testType="13cdc9d9-ddb5-4fa4-a97d-d965ccfc6d4b" outcome="Passed" testListId="8c84fa94-04c1-424b-9868-57a2d4851a1d" relativeResultsDirectory="8c8f0203-7e7f-45e5-88dc-e8a5d8d66d2b" />
    <UnitTestResult executionId="4615f130-dc74-490e-9bb2-8ffeecce272e" testId="b8bb90de-6285-0f1c-e0f2-f3ba1f987370" testName="IsUppercase_Passing_InvalidArguments_Returns_HasErrorsAndCount" computerName="PC-SFERRARI" duration="00:00:00.0010674" startTime="2021-01-15T21:32:56.2360601+00:00" endTime="2021-01-15T21:32:56.2372292+00:00" testType="13cdc9d9-ddb5-4fa4-a97d-d965ccfc6d4b" outcome="Passed" testListId="8c84fa94-04c1-424b-9868-57a2d4851a1d" relativeResultsDirectory="4615f130-dc74-490e-9bb2-8ffeecce272e" />
    <UnitTestResult executionId="5105f86b-4b65-4a88-b6cd-6a4a905967e9" testId="34931354-7c25-7812-28fe-96ea501746b4" testName="ToSetTime_Passing_Time_String_Returns_DateTime" computerName="PC-SFERRARI" duration="00:00:00.0004134" startTime="2021-01-15T21:32:56.4926410+00:00" endTime="2021-01-15T21:32:56.4931221+00:00" testType="13cdc9d9-ddb5-4fa4-a97d-d965ccfc6d4b" outcome="Passed" testListId="8c84fa94-04c1-424b-9868-57a2d4851a1d" relativeResultsDirectory="5105f86b-4b65-4a88-b6cd-6a4a905967e9" />
    <UnitTestResult executionId="48e65cca-0b99-4c6f-a47d-0a8a36916074" testId="86b92527-4d52-052b-63ae-d9a8aa694919" testName="ToSettings_Passing_Values_From_Memory_Returns_Settings" computerName="PC-SFERRARI" duration="00:00:00.0008331" startTime="2021-01-15T21:32:56.4856817+00:00" endTime="2021-01-15T21:32:56.4866253+00:00" testType="13cdc9d9-ddb5-4fa4-a97d-d965ccfc6d4b" outcome="Passed" testListId="8c84fa94-04c1-424b-9868-57a2d4851a1d" relativeResultsDirectory="48e65cca-0b99-4c6f-a47d-0a8a36916074" />
    <UnitTestResult executionId="dc24a9b3-93ab-4946-ab01-62894da8afb8" testId="4e1a5879-f3c8-4fdb-51d0-c4cf0a35e0bf" testName="ToInt_Passing_Enumeration_Name_Returns_Value" computerName="PC-SFERRARI" duration="00:00:00.0002745" startTime="2021-01-15T21:32:56.5070320+00:00" endTime="2021-01-15T21:32:56.5074258+00:00" testType="13cdc9d9-ddb5-4fa4-a97d-d965ccfc6d4b" outcome="Passed" testListId="8c84fa94-04c1-424b-9868-57a2d4851a1d" relativeResultsDirectory="dc24a9b3-93ab-4946-ab01-62894da8afb8" />
    <UnitTestResult executionId="ce8353f6-1165-4605-ba87-3e27e2c040f4" testId="504465b7-a3fe-9023-93b9-ffece1903418" testName="ToEnvironment_ServiceCollection_Passing_Staging_Enviroment_Returns_Staging_Name" computerName="PC-SFERRARI" duration="00:00:00.0003526" startTime="2021-01-15T21:32:56.4109387+00:00" endTime="2021-01-15T21:32:56.4113535+00:00" testType="13cdc9d9-ddb5-4fa4-a97d-d965ccfc6d4b" outcome="Passed" testListId="8c84fa94-04c1-424b-9868-57a2d4851a1d" relativeResultsDirectory="ce8353f6-1165-4605-ba87-3e27e2c040f4" />
    <UnitTestResult executionId="07ed8772-0396-4d5a-9762-0c65862f4bca" testId="29295413-2308-fade-9c98-0e9ed6c67839" testName="ToDirectoryReadFileAsync_Passing_ValidValue_Returns_False" computerName="PC-SFERRARI" duration="00:00:00.0158632" startTime="2021-01-15T21:32:57.0652371+00:00" endTime="2021-01-15T21:32:57.0813626+00:00" testType="13cdc9d9-ddb5-4fa4-a97d-d965ccfc6d4b" outcome="Passed" testListId="8c84fa94-04c1-424b-9868-57a2d4851a1d" relativeResultsDirectory="07ed8772-0396-4d5a-9762-0c65862f4bca" />
    <UnitTestResult executionId="801d2d77-ceaf-460a-b4bf-ebbc0c94a5f3" testId="b51b5293-5162-7db8-79c0-6e7b6f1c51a5" testName="ToZipCreate_Passing_ValidFilesWithCutomZipName_Returns_ZipFiles" computerName="PC-SFERRARI" duration="00:00:00.0119176" startTime="2021-01-15T21:32:57.2581404+00:00" endTime="2021-01-15T21:32:57.2705387+00:00" testType="13cdc9d9-ddb5-4fa4-a97d-d965ccfc6d4b" outcome="Passed" testListId="8c84fa94-04c1-424b-9868-57a2d4851a1d" relativeResultsDirectory="801d2d77-ceaf-460a-b4bf-ebbc0c94a5f3" />
    <UnitTestResult executionId="6c10604a-d2ae-417a-808a-3168f6b88648" testId="69b6ed05-fdf2-6989-0583-109b4777a6ac" testName="ToEnvironment_Passing_Custom_Enviroment_Returns_Custom_Name" computerName="PC-SFERRARI" duration="00:00:00.1419450" startTime="2021-01-15T21:32:55.9266524+00:00" endTime="2021-01-15T21:32:56.0688620+00:00" testType="13cdc9d9-ddb5-4fa4-a97d-d965ccfc6d4b" outcome="Passed" testListId="8c84fa94-04c1-424b-9868-57a2d4851a1d" relativeResultsDirectory="6c10604a-d2ae-417a-808a-3168f6b88648" />
    <UnitTestResult executionId="b21062d9-d348-49e1-afaf-2bd4cbd68938" testId="006d3c07-11d3-9f4b-c045-6799df52bbfb" testName="IsLowercase_Passing_ValidArguments_Returns_HasErrorsAndCount" computerName="PC-SFERRARI" duration="00:00:00.0001690" startTime="2021-01-15T21:32:56.2218391+00:00" endTime="2021-01-15T21:32:56.2221085+00:00" testType="13cdc9d9-ddb5-4fa4-a97d-d965ccfc6d4b" outcome="Passed" testListId="8c84fa94-04c1-424b-9868-57a2d4851a1d" relativeResultsDirectory="b21062d9-d348-49e1-afaf-2bd4cbd68938" />
    <UnitTestResult executionId="d35170a9-a24e-4232-b970-17794b85666e" testId="2799ef62-9686-0dc7-84d2-73639b0030f7" testName="ToInt_Passing_InvalidValueString_Returns_Null" computerName="PC-SFERRARI" duration="00:00:00.0003247" startTime="2021-01-15T21:32:57.1644306+00:00" endTime="2021-01-15T21:32:57.1649236+00:00" testType="13cdc9d9-ddb5-4fa4-a97d-d965ccfc6d4b" outcome="Passed" testListId="8c84fa94-04c1-424b-9868-57a2d4851a1d" relativeResultsDirectory="d35170a9-a24e-4232-b970-17794b85666e" resultType="DataDrivenTest">
      <InnerResults>
        <UnitTestResult executionId="9cf45158-a871-4901-a5db-f50f4790b80b" parentExecutionId="d35170a9-a24e-4232-b970-17794b85666e" testId="2799ef62-9686-0dc7-84d2-73639b0030f7" testName="ToInt_Passing_InvalidValueString_Returns_Null (1.3333)" computerName="PC-SFERRARI" duration="00:00:00.0002346" startTime="2021-01-15T21:32:57.1644306+00:00" endTime="2021-01-15T21:32:57.1649236+00:00" testType="13cdc9d9-ddb5-4fa4-a97d-d965ccfc6d4b" outcome="Passed" testListId="8c84fa94-04c1-424b-9868-57a2d4851a1d" relativeResultsDirectory="9cf45158-a871-4901-a5db-f50f4790b80b" dataRowInfo="1" resultType="DataDrivenDataRow" />
        <UnitTestResult executionId="954dee4f-5ada-4e7f-bd7c-edb9c7801614" parentExecutionId="d35170a9-a24e-4232-b970-17794b85666e" testId="2799ef62-9686-0dc7-84d2-73639b0030f7" testName="ToInt_Passing_InvalidValueString_Returns_Null (1,3333)" computerName="PC-SFERRARI" duration="00:00:00.0000038" startTime="2021-01-15T21:32:57.1644306+00:00" endTime="2021-01-15T21:32:57.1649236+00:00" testType="13cdc9d9-ddb5-4fa4-a97d-d965ccfc6d4b" outcome="Passed" testListId="8c84fa94-04c1-424b-9868-57a2d4851a1d" relativeResultsDirectory="954dee4f-5ada-4e7f-bd7c-edb9c7801614" dataRowInfo="2" resultType="DataDrivenDataRow" />
        <UnitTestResult executionId="1d2eb383-f0a8-4828-b764-8029b30bda56" parentExecutionId="d35170a9-a24e-4232-b970-17794b85666e" testId="2799ef62-9686-0dc7-84d2-73639b0030f7" testName="ToInt_Passing_InvalidValueString_Returns_Null (1.333,39)" computerName="PC-SFERRARI" duration="00:00:00.0000018" startTime="2021-01-15T21:32:57.1644306+00:00" endTime="2021-01-15T21:32:57.1649236+00:00" testType="13cdc9d9-ddb5-4fa4-a97d-d965ccfc6d4b" outcome="Passed" testListId="8c84fa94-04c1-424b-9868-57a2d4851a1d" relativeResultsDirectory="1d2eb383-f0a8-4828-b764-8029b30bda56" dataRowInfo="3" resultType="DataDrivenDataRow" />
        <UnitTestResult executionId="efde8f58-027a-406b-92ba-fb3b93b1ca59" parentExecutionId="d35170a9-a24e-4232-b970-17794b85666e" testId="2799ef62-9686-0dc7-84d2-73639b0030f7" testName="ToInt_Passing_InvalidValueString_Returns_Null (999999439293294392492349329493294)" computerName="PC-SFERRARI" duration="00:00:00.0000018" startTime="2021-01-15T21:32:57.1644306+00:00" endTime="2021-01-15T21:32:57.1649236+00:00" testType="13cdc9d9-ddb5-4fa4-a97d-d965ccfc6d4b" outcome="Passed" testListId="8c84fa94-04c1-424b-9868-57a2d4851a1d" relativeResultsDirectory="efde8f58-027a-406b-92ba-fb3b93b1ca59" dataRowInfo="4" resultType="DataDrivenDataRow" />
        <UnitTestResult executionId="4041c5e3-13a2-4ff7-a4ba-3e34f9ca71ea" parentExecutionId="d35170a9-a24e-4232-b970-17794b85666e" testId="2799ef62-9686-0dc7-84d2-73639b0030f7" testName="ToInt_Passing_InvalidValueString_Returns_Null (asdasdasdasd234324)" computerName="PC-SFERRARI" duration="00:00:00.0000017" startTime="2021-01-15T21:32:57.1644306+00:00" endTime="2021-01-15T21:32:57.1649236+00:00" testType="13cdc9d9-ddb5-4fa4-a97d-d965ccfc6d4b" outcome="Passed" testListId="8c84fa94-04c1-424b-9868-57a2d4851a1d" relativeResultsDirectory="4041c5e3-13a2-4ff7-a4ba-3e34f9ca71ea" dataRowInfo="5" resultType="DataDrivenDataRow" />
      </InnerResults>
    </UnitTestResult>
    <UnitTestResult executionId="08cde574-798a-409a-8ec4-3aaa88c95510" testId="87c5dbd3-fd2a-1e49-42e5-8dc78affc8d6" testName="ToSerialize_Passing_Objects_Returns_String_Values" computerName="PC-SFERRARI" duration="00:00:00.0017415" startTime="2021-01-15T21:32:56.8912630+00:00" endTime="2021-01-15T21:32:56.8931583+00:00" testType="13cdc9d9-ddb5-4fa4-a97d-d965ccfc6d4b" outcome="Passed" testListId="8c84fa94-04c1-424b-9868-57a2d4851a1d" relativeResultsDirectory="08cde574-798a-409a-8ec4-3aaa88c95510" />
    <UnitTestResult executionId="4471d6cf-5bd8-4bc7-9722-f30c344d47a8" testId="d6d04f4a-9142-b816-d673-c4abf49a39ad" testName="ToDisplay_Passing_Enumeration_Name_Returns_Display_Atributte" computerName="PC-SFERRARI" duration="00:00:00.0039692" startTime="2021-01-15T21:32:56.5017992+00:00" endTime="2021-01-15T21:32:56.5061775+00:00" testType="13cdc9d9-ddb5-4fa4-a97d-d965ccfc6d4b" outcome="Passed" testListId="8c84fa94-04c1-424b-9868-57a2d4851a1d" relativeResultsDirectory="4471d6cf-5bd8-4bc7-9722-f30c344d47a8" />
    <UnitTestResult executionId="aae4777b-dbdd-486b-b818-a21e84b3be4a" testId="5c861184-f295-e727-0fd4-d218f13da14d" testName="ToConfiguration_Passing_Empty_DirectoryPath_Returns_ApplicationException" computerName="PC-SFERRARI" duration="00:00:00.0041655" startTime="2021-01-15T21:32:56.3468842+00:00" endTime="2021-01-15T21:32:56.3513159+00:00" testType="13cdc9d9-ddb5-4fa4-a97d-d965ccfc6d4b" outcome="Passed" testListId="8c84fa94-04c1-424b-9868-57a2d4851a1d" relativeResultsDirectory="aae4777b-dbdd-486b-b818-a21e84b3be4a" />
    <UnitTestResult executionId="a52b7bba-0721-4348-889a-cd8dd83cf809" testId="0cb5eb43-9273-0bdf-bd18-53b184535503" testName="ToMessage_Passing_ExceptionWithMessage_Returns_Message" computerName="PC-SFERRARI" duration="00:00:00.0002746" startTime="2021-01-15T21:32:56.5295756+00:00" endTime="2021-01-15T21:32:56.5300192+00:00" testType="13cdc9d9-ddb5-4fa4-a97d-d965ccfc6d4b" outcome="Passed" testListId="8c84fa94-04c1-424b-9868-57a2d4851a1d" relativeResultsDirectory="a52b7bba-0721-4348-889a-cd8dd83cf809" />
    <UnitTestResult executionId="caed9ec2-4cdc-4988-8b1d-c56f5b486b9f" testId="7c679bcb-7a59-8751-0063-1ef6e07cb160" testName="ToEnvironment_Passing_Service_Not_Found_Returns_ApplicationException" computerName="PC-SFERRARI" duration="00:00:00.0078866" startTime="2021-01-15T21:32:56.1107530+00:00" endTime="2021-01-15T21:32:56.1187318+00:00" testType="13cdc9d9-ddb5-4fa4-a97d-d965ccfc6d4b" outcome="Passed" testListId="8c84fa94-04c1-424b-9868-57a2d4851a1d" relativeResultsDirectory="caed9ec2-4cdc-4988-8b1d-c56f5b486b9f" />
    <UnitTestResult executionId="311da7bd-54ee-4c6e-9e00-2cb758ffd363" testId="1c5fe271-1e90-52f5-1f31-436b17e57702" testName="IsGreater_Passing_InvalidArguments_Returns_HasErrorsAndCount" computerName="PC-SFERRARI" duration="00:00:00.0038235" startTime="2021-01-15T21:32:56.2091763+00:00" endTime="2021-01-15T21:32:56.2131075+00:00" testType="13cdc9d9-ddb5-4fa4-a97d-d965ccfc6d4b" outcome="Passed" testListId="8c84fa94-04c1-424b-9868-57a2d4851a1d" relativeResultsDirectory="311da7bd-54ee-4c6e-9e00-2cb758ffd363" />
    <UnitTestResult executionId="af906ed7-5175-4b01-8486-45a1de0573d5" testId="430dec51-b9df-7e06-fff9-78e6d362c2d8" testName="CreateRandom_WithCustomAllowableCharacters_Passing_Valid_Arguments_Returns_String_Random_Value" computerName="PC-SFERRARI" duration="00:00:00.0004093" startTime="2021-01-15T21:32:56.5825513+00:00" endTime="2021-01-15T21:32:56.5830514+00:00" testType="13cdc9d9-ddb5-4fa4-a97d-d965ccfc6d4b" outcome="Passed" testListId="8c84fa94-04c1-424b-9868-57a2d4851a1d" relativeResultsDirectory="af906ed7-5175-4b01-8486-45a1de0573d5" resultType="DataDrivenTest">
      <InnerResults>
        <UnitTestResult executionId="c4b0e102-541e-489a-af24-5953261a74ef" parentExecutionId="af906ed7-5175-4b01-8486-45a1de0573d5" testId="430dec51-b9df-7e06-fff9-78e6d362c2d8" testName="CreateRandom_WithCustomAllowableCharacters_Passing_Valid_Arguments_Returns_String_Random_Value (8,ae)" computerName="PC-SFERRARI" duration="00:00:00.0003260" startTime="2021-01-15T21:32:56.5825513+00:00" endTime="2021-01-15T21:32:56.5830514+00:00" testType="13cdc9d9-ddb5-4fa4-a97d-d965ccfc6d4b" outcome="Passed" testListId="8c84fa94-04c1-424b-9868-57a2d4851a1d" relativeResultsDirectory="c4b0e102-541e-489a-af24-5953261a74ef" dataRowInfo="1" resultType="DataDrivenDataRow" />
        <UnitTestResult executionId="217dfaf5-fc05-42ac-93dc-7e12e25dd14c" parentExecutionId="af906ed7-5175-4b01-8486-45a1de0573d5" testId="430dec51-b9df-7e06-fff9-78e6d362c2d8" testName="CreateRandom_WithCustomAllowableCharacters_Passing_Valid_Arguments_Returns_String_Random_Value (5,aeiou123456)" computerName="PC-SFERRARI" duration="00:00:00.0000082" startTime="2021-01-15T21:32:56.5825513+00:00" endTime="2021-01-15T21:32:56.5830514+00:00" testType="13cdc9d9-ddb5-4fa4-a97d-d965ccfc6d4b" outcome="Passed" testListId="8c84fa94-04c1-424b-9868-57a2d4851a1d" relativeResultsDirectory="217dfaf5-fc05-42ac-93dc-7e12e25dd14c" dataRowInfo="2" resultType="DataDrivenDataRow" />
        <UnitTestResult executionId="8195ddc1-6af2-44c0-9e3c-ac2a8a08fdff" parentExecutionId="af906ed7-5175-4b01-8486-45a1de0573d5" testId="430dec51-b9df-7e06-fff9-78e6d362c2d8" testName="CreateRandom_WithCustomAllowableCharacters_Passing_Valid_Arguments_Returns_String_Random_Value (10,7890ABFLFLFFL)" computerName="PC-SFERRARI" duration="00:00:00.0000053" startTime="2021-01-15T21:32:56.5825513+00:00" endTime="2021-01-15T21:32:56.5830514+00:00" testType="13cdc9d9-ddb5-4fa4-a97d-d965ccfc6d4b" outcome="Passed" testListId="8c84fa94-04c1-424b-9868-57a2d4851a1d" relativeResultsDirectory="8195ddc1-6af2-44c0-9e3c-ac2a8a08fdff" dataRowInfo="3" resultType="DataDrivenDataRow" />
        <UnitTestResult executionId="6817e365-cd62-4f18-aeec-327e42cd88be" parentExecutionId="af906ed7-5175-4b01-8486-45a1de0573d5" testId="430dec51-b9df-7e06-fff9-78e6d362c2d8" testName="CreateRandom_WithCustomAllowableCharacters_Passing_Valid_Arguments_Returns_String_Random_Value (20,qazwscefbthmiklp09876543)" computerName="PC-SFERRARI" duration="00:00:00.0000044" startTime="2021-01-15T21:32:56.5825513+00:00" endTime="2021-01-15T21:32:56.5830514+00:00" testType="13cdc9d9-ddb5-4fa4-a97d-d965ccfc6d4b" outcome="Passed" testListId="8c84fa94-04c1-424b-9868-57a2d4851a1d" relativeResultsDirectory="6817e365-cd62-4f18-aeec-327e42cd88be" dataRowInfo="4" resultType="DataDrivenDataRow" />
      </InnerResults>
    </UnitTestResult>
    <UnitTestResult executionId="7395e072-4516-4a5c-8ee9-77d89f95d5ce" testId="c8fd6d3c-b723-929b-f175-dbdc2a7be855" testName="ToIsWeekend_Passing_Sunday_DateTime_Returns_True" computerName="PC-SFERRARI" duration="00:00:00.0001159" startTime="2021-01-15T21:32:56.4920708+00:00" endTime="2021-01-15T21:32:56.4922482+00:00" testType="13cdc9d9-ddb5-4fa4-a97d-d965ccfc6d4b" outcome="Passed" testListId="8c84fa94-04c1-424b-9868-57a2d4851a1d" relativeResultsDirectory="7395e072-4516-4a5c-8ee9-77d89f95d5ce" />
    <UnitTestResult executionId="9da864f6-d378-4abf-951f-260dac378ff5" testId="7c09a438-5465-f760-64b2-23d25fc199f5" testName="ToEnum_Passing_InvalidValueString_Returns_EnumCustomValue" computerName="PC-SFERRARI" duration="00:00:00.0017216" startTime="2021-01-15T21:32:57.1277317+00:00" endTime="2021-01-15T21:32:57.1296309+00:00" testType="13cdc9d9-ddb5-4fa4-a97d-d965ccfc6d4b" outcome="Passed" testListId="8c84fa94-04c1-424b-9868-57a2d4851a1d" relativeResultsDirectory="9da864f6-d378-4abf-951f-260dac378ff5" />
    <UnitTestResult executionId="f4f25d39-3e1a-438f-8baa-358928e81873" testId="98331ff8-6ed1-e7ba-c8dd-be5bd5b6cb2c" testName="ToEmailMask_Passing_ValidEmail_Returns_EmailWithMask" computerName="PC-SFERRARI" duration="00:00:00.0023726" startTime="2021-01-15T21:32:57.1121658+00:00" endTime="2021-01-15T21:32:57.1146260+00:00" testType="13cdc9d9-ddb5-4fa4-a97d-d965ccfc6d4b" outcome="Passed" testListId="8c84fa94-04c1-424b-9868-57a2d4851a1d" relativeResultsDirectory="f4f25d39-3e1a-438f-8baa-358928e81873" resultType="DataDrivenTest">
      <InnerResults>
        <UnitTestResult executionId="f65e1ede-4c6c-481a-8ead-b76001842581" parentExecutionId="f4f25d39-3e1a-438f-8baa-358928e81873" testId="98331ff8-6ed1-e7ba-c8dd-be5bd5b6cb2c" testName="ToEmailMask_Passing_ValidEmail_Returns_EmailWithMask (qaz@gmail.com,q-z@g----.com)" computerName="PC-SFERRARI" duration="00:00:00.0022113" startTime="2021-01-15T21:32:57.1121658+00:00" endTime="2021-01-15T21:32:57.1146260+00:00" testType="13cdc9d9-ddb5-4fa4-a97d-d965ccfc6d4b" outcome="Passed" testListId="8c84fa94-04c1-424b-9868-57a2d4851a1d" relativeResultsDirectory="f65e1ede-4c6c-481a-8ead-b76001842581" dataRowInfo="1" resultType="DataDrivenDataRow" />
        <UnitTestResult executionId="3ee12e01-1b9d-4c88-93d4-f55980d18eb2" parentExecutionId="f4f25d39-3e1a-438f-8baa-358928e81873" testId="98331ff8-6ed1-e7ba-c8dd-be5bd5b6cb2c" testName="ToEmailMask_Passing_ValidEmail_Returns_EmailWithMask (qazwsx@gmail.com,q----x@g----.com)" computerName="PC-SFERRARI" duration="00:00:00.0000146" startTime="2021-01-15T21:32:57.1121658+00:00" endTime="2021-01-15T21:32:57.1146260+00:00" testType="13cdc9d9-ddb5-4fa4-a97d-d965ccfc6d4b" outcome="Passed" testListId="8c84fa94-04c1-424b-9868-57a2d4851a1d" relativeResultsDirectory="3ee12e01-1b9d-4c88-93d4-f55980d18eb2" dataRowInfo="2" resultType="DataDrivenDataRow" />
        <UnitTestResult executionId="662d87ff-fa10-4052-a26e-6700ed5c8c18" parentExecutionId="f4f25d39-3e1a-438f-8baa-358928e81873" testId="98331ff8-6ed1-e7ba-c8dd-be5bd5b6cb2c" testName="ToEmailMask_Passing_ValidEmail_Returns_EmailWithMask (qazwsxedc@gmail.com,q-------c@g----.com)" computerName="PC-SFERRARI" duration="00:00:00.0000108" startTime="2021-01-15T21:32:57.1121658+00:00" endTime="2021-01-15T21:32:57.1146260+00:00" testType="13cdc9d9-ddb5-4fa4-a97d-d965ccfc6d4b" outcome="Passed" testListId="8c84fa94-04c1-424b-9868-57a2d4851a1d" relativeResultsDirectory="662d87ff-fa10-4052-a26e-6700ed5c8c18" dataRowInfo="3" resultType="DataDrivenDataRow" />
        <UnitTestResult executionId="7ca7359b-b8d2-4e57-a8b1-58ce3edc5208" parentExecutionId="f4f25d39-3e1a-438f-8baa-358928e81873" testId="98331ff8-6ed1-e7ba-c8dd-be5bd5b6cb2c" testName="ToEmailMask_Passing_ValidEmail_Returns_EmailWithMask (qaz@gmailgmail.com,q-z@g---------.com)" computerName="PC-SFERRARI" duration="00:00:00.0000102" startTime="2021-01-15T21:32:57.1121658+00:00" endTime="2021-01-15T21:32:57.1146260+00:00" testType="13cdc9d9-ddb5-4fa4-a97d-d965ccfc6d4b" outcome="Passed" testListId="8c84fa94-04c1-424b-9868-57a2d4851a1d" relativeResultsDirectory="7ca7359b-b8d2-4e57-a8b1-58ce3edc5208" dataRowInfo="4" resultType="DataDrivenDataRow" />
        <UnitTestResult executionId="a6753632-a4ea-46da-abe1-46c127101338" parentExecutionId="f4f25d39-3e1a-438f-8baa-358928e81873" testId="98331ff8-6ed1-e7ba-c8dd-be5bd5b6cb2c" testName="ToEmailMask_Passing_ValidEmail_Returns_EmailWithMask (qazwsx@gmailgmail.com,q----x@g---------.com)" computerName="PC-SFERRARI" duration="00:00:00.0000101" startTime="2021-01-15T21:32:57.1121658+00:00" endTime="2021-01-15T21:32:57.1146260+00:00" testType="13cdc9d9-ddb5-4fa4-a97d-d965ccfc6d4b" outcome="Passed" testListId="8c84fa94-04c1-424b-9868-57a2d4851a1d" relativeResultsDirectory="a6753632-a4ea-46da-abe1-46c127101338" dataRowInfo="5" resultType="DataDrivenDataRow" />
        <UnitTestResult executionId="d3601140-e7e6-421f-b5bc-9c9c2ea5782c" parentExecutionId="f4f25d39-3e1a-438f-8baa-358928e81873" testId="98331ff8-6ed1-e7ba-c8dd-be5bd5b6cb2c" testName="ToEmailMask_Passing_ValidEmail_Returns_EmailWithMask (qazwsxedc@gmailgmail.com,q-------c@g---------.com)" computerName="PC-SFERRARI" duration="00:00:00.0000107" startTime="2021-01-15T21:32:57.1121658+00:00" endTime="2021-01-15T21:32:57.1146260+00:00" testType="13cdc9d9-ddb5-4fa4-a97d-d965ccfc6d4b" outcome="Passed" testListId="8c84fa94-04c1-424b-9868-57a2d4851a1d" relativeResultsDirectory="d3601140-e7e6-421f-b5bc-9c9c2ea5782c" dataRowInfo="6" resultType="DataDrivenDataRow" />
      </InnerResults>
    </UnitTestResult>
    <UnitTestResult executionId="37367663-edf1-4812-8ea4-a6eeeafde99c" testId="4ff63349-9eef-ad1f-85cf-a84cda1ff120" testName="ToDetails_Passing_HttpContext_Returns_Details_HttpContext" computerName="PC-SFERRARI" duration="00:00:00.0195781" startTime="2021-01-15T21:32:56.5956196+00:00" endTime="2021-01-15T21:32:56.6155641+00:00" testType="13cdc9d9-ddb5-4fa4-a97d-d965ccfc6d4b" outcome="Passed" testListId="8c84fa94-04c1-424b-9868-57a2d4851a1d" relativeResultsDirectory="37367663-edf1-4812-8ea4-a6eeeafde99c" />
    <UnitTestResult executionId="a496d377-78c3-4966-bdf6-5bb65189e895" testId="43949294-e4b7-cf4d-0d69-84ccc9e58406" testName="ToIsFileExtensionThrow_Passing_InvalidValue_Returns_ApplicationExceptionWithMessage" computerName="PC-SFERRARI" duration="00:00:00.0011988" startTime="2021-01-15T21:32:56.1709758+00:00" endTime="2021-01-15T21:32:56.1723452+00:00" testType="13cdc9d9-ddb5-4fa4-a97d-d965ccfc6d4b" outcome="Passed" testListId="8c84fa94-04c1-424b-9868-57a2d4851a1d" relativeResultsDirectory="a496d377-78c3-4966-bdf6-5bb65189e895" />
    <UnitTestResult executionId="48e74036-b2a6-498f-a34c-24c3dbd74c01" testId="1237bc5f-42ea-8c7f-8602-051620acda95" testName="ToEmailMaskUserName_Passing_ValidEmail_Returns_EmailWithMask" computerName="PC-SFERRARI" duration="00:00:00.0005162" startTime="2021-01-15T21:32:57.1114733+00:00" endTime="2021-01-15T21:32:57.1121263+00:00" testType="13cdc9d9-ddb5-4fa4-a97d-d965ccfc6d4b" outcome="Passed" testListId="8c84fa94-04c1-424b-9868-57a2d4851a1d" relativeResultsDirectory="48e74036-b2a6-498f-a34c-24c3dbd74c01" resultType="DataDrivenTest">
      <InnerResults>
        <UnitTestResult executionId="e0cdd27d-6107-4094-b959-267aa6c97e26" parentExecutionId="48e74036-b2a6-498f-a34c-24c3dbd74c01" testId="1237bc5f-42ea-8c7f-8602-051620acda95" testName="ToEmailMaskUserName_Passing_ValidEmail_Returns_EmailWithMask (qaz@gmail.com,q*z@gmail.com)" computerName="PC-SFERRARI" duration="00:00:00.0003163" startTime="2021-01-15T21:32:57.1114733+00:00" endTime="2021-01-15T21:32:57.1121263+00:00" testType="13cdc9d9-ddb5-4fa4-a97d-d965ccfc6d4b" outcome="Passed" testListId="8c84fa94-04c1-424b-9868-57a2d4851a1d" relativeResultsDirectory="e0cdd27d-6107-4094-b959-267aa6c97e26" dataRowInfo="1" resultType="DataDrivenDataRow" />
        <UnitTestResult executionId="a3aafe31-6988-4666-af9a-dc51f7c37cc0" parentExecutionId="48e74036-b2a6-498f-a34c-24c3dbd74c01" testId="1237bc5f-42ea-8c7f-8602-051620acda95" testName="ToEmailMaskUserName_Passing_ValidEmail_Returns_EmailWithMask (qazwsx@gmail.com,q****x@gmail.com)" computerName="PC-SFERRARI" duration="00:00:00.0000344" startTime="2021-01-15T21:32:57.1114733+00:00" endTime="2021-01-15T21:32:57.1121263+00:00" testType="13cdc9d9-ddb5-4fa4-a97d-d965ccfc6d4b" outcome="Passed" testListId="8c84fa94-04c1-424b-9868-57a2d4851a1d" relativeResultsDirectory="a3aafe31-6988-4666-af9a-dc51f7c37cc0" dataRowInfo="2" resultType="DataDrivenDataRow" />
        <UnitTestResult executionId="dbeedbc3-eec5-4e13-8765-a5f8042b0fed" parentExecutionId="48e74036-b2a6-498f-a34c-24c3dbd74c01" testId="1237bc5f-42ea-8c7f-8602-051620acda95" testName="ToEmailMaskUserName_Passing_ValidEmail_Returns_EmailWithMask (qazwsxedc@gmail.com,q*******c@gmail.com)" computerName="PC-SFERRARI" duration="00:00:00.0000132" startTime="2021-01-15T21:32:57.1114733+00:00" endTime="2021-01-15T21:32:57.1121263+00:00" testType="13cdc9d9-ddb5-4fa4-a97d-d965ccfc6d4b" outcome="Passed" testListId="8c84fa94-04c1-424b-9868-57a2d4851a1d" relativeResultsDirectory="dbeedbc3-eec5-4e13-8765-a5f8042b0fed" dataRowInfo="3" resultType="DataDrivenDataRow" />
        <UnitTestResult executionId="d3bd23bd-7202-4825-a699-a9aab29f4ed1" parentExecutionId="48e74036-b2a6-498f-a34c-24c3dbd74c01" testId="1237bc5f-42ea-8c7f-8602-051620acda95" testName="ToEmailMaskUserName_Passing_ValidEmail_Returns_EmailWithMask (qaz@gmailgmail.com,q*z@gmailgmail.com)" computerName="PC-SFERRARI" duration="00:00:00.0000188" startTime="2021-01-15T21:32:57.1114733+00:00" endTime="2021-01-15T21:32:57.1121263+00:00" testType="13cdc9d9-ddb5-4fa4-a97d-d965ccfc6d4b" outcome="Passed" testListId="8c84fa94-04c1-424b-9868-57a2d4851a1d" relativeResultsDirectory="d3bd23bd-7202-4825-a699-a9aab29f4ed1" dataRowInfo="4" resultType="DataDrivenDataRow" />
        <UnitTestResult executionId="ee0442c6-cf0d-4c91-a298-e8e384adf2bd" parentExecutionId="48e74036-b2a6-498f-a34c-24c3dbd74c01" testId="1237bc5f-42ea-8c7f-8602-051620acda95" testName="ToEmailMaskUserName_Passing_ValidEmail_Returns_EmailWithMask (qazwsx@gmailgmail.com,q****x@gmailgmail.com)" computerName="PC-SFERRARI" duration="00:00:00.0000185" startTime="2021-01-15T21:32:57.1114733+00:00" endTime="2021-01-15T21:32:57.1121263+00:00" testType="13cdc9d9-ddb5-4fa4-a97d-d965ccfc6d4b" outcome="Passed" testListId="8c84fa94-04c1-424b-9868-57a2d4851a1d" relativeResultsDirectory="ee0442c6-cf0d-4c91-a298-e8e384adf2bd" dataRowInfo="5" resultType="DataDrivenDataRow" />
        <UnitTestResult executionId="01994f79-3430-4d78-9885-43fa2087a280" parentExecutionId="48e74036-b2a6-498f-a34c-24c3dbd74c01" testId="1237bc5f-42ea-8c7f-8602-051620acda95" testName="ToEmailMaskUserName_Passing_ValidEmail_Returns_EmailWithMask (qazwsxedc@gmailgmail.com,q*******c@gmailgmail.com)" computerName="PC-SFERRARI" duration="00:00:00.0000185" startTime="2021-01-15T21:32:57.1114733+00:00" endTime="2021-01-15T21:32:57.1121263+00:00" testType="13cdc9d9-ddb5-4fa4-a97d-d965ccfc6d4b" outcome="Passed" testListId="8c84fa94-04c1-424b-9868-57a2d4851a1d" relativeResultsDirectory="01994f79-3430-4d78-9885-43fa2087a280" dataRowInfo="6" resultType="DataDrivenDataRow" />
      </InnerResults>
    </UnitTestResult>
    <UnitTestResult executionId="f1e274a7-66d4-433c-be27-bb0c1a9fc2f2" testId="0696fab6-6d9f-2b85-4a73-248fbd1cdda4" testName="ToDirectorySaveFileAsync_Passing_ValidValue_Returns_False" computerName="PC-SFERRARI" duration="00:00:00.0147027" startTime="2021-01-15T21:32:57.0814308+00:00" endTime="2021-01-15T21:32:57.0964328+00:00" testType="13cdc9d9-ddb5-4fa4-a97d-d965ccfc6d4b" outcome="Passed" testListId="8c84fa94-04c1-424b-9868-57a2d4851a1d" relativeResultsDirectory="f1e274a7-66d4-433c-be27-bb0c1a9fc2f2" />
    <UnitTestResult executionId="87510d73-dc30-4b1f-8de8-d9b688eb13d4" testId="40108f40-2761-0a89-d16d-ad113b5f3dd5" testName="ToDefaultValue_Passing_short_Returns_Cero" computerName="PC-SFERRARI" duration="00:00:00.0006649" startTime="2021-01-15T21:32:56.5530117+00:00" endTime="2021-01-15T21:32:56.5537758+00:00" testType="13cdc9d9-ddb5-4fa4-a97d-d965ccfc6d4b" outcome="Passed" testListId="8c84fa94-04c1-424b-9868-57a2d4851a1d" relativeResultsDirectory="87510d73-dc30-4b1f-8de8-d9b688eb13d4" resultType="DataDrivenTest">
      <InnerResults>
        <UnitTestResult executionId="524e2004-b3e5-4bf3-953d-f9b5c8a29ea5" parentExecutionId="87510d73-dc30-4b1f-8de8-d9b688eb13d4" testId="40108f40-2761-0a89-d16d-ad113b5f3dd5" testName="ToDefaultValue_Passing_short_Returns_Cero (32767)" computerName="PC-SFERRARI" duration="00:00:00.0006045" startTime="2021-01-15T21:32:56.5530117+00:00" endTime="2021-01-15T21:32:56.5537758+00:00" testType="13cdc9d9-ddb5-4fa4-a97d-d965ccfc6d4b" outcome="Passed" testListId="8c84fa94-04c1-424b-9868-57a2d4851a1d" relativeResultsDirectory="524e2004-b3e5-4bf3-953d-f9b5c8a29ea5" dataRowInfo="1" resultType="DataDrivenDataRow" />
      </InnerResults>
    </UnitTestResult>
    <UnitTestResult executionId="79ea1b79-0875-4663-80f0-542537694e87" testId="57d3cdd8-8268-9aa3-6f39-3cc0224b305c" testName="ToExists_Passing_Claims_Returns_True" computerName="PC-SFERRARI" duration="00:00:00.0011925" startTime="2021-01-15T21:32:56.2931934+00:00" endTime="2021-01-15T21:32:56.2945196+00:00" testType="13cdc9d9-ddb5-4fa4-a97d-d965ccfc6d4b" outcome="Passed" testListId="8c84fa94-04c1-424b-9868-57a2d4851a1d" relativeResultsDirectory="79ea1b79-0875-4663-80f0-542537694e87" />
    <UnitTestResult executionId="4bab5f5a-d46d-49b1-9831-ab9e662223dc" testId="7dc20d31-477c-3765-83c0-7575a504da96" testName="ToNormalize_Passing_ValidValue_Returns_NormalizedValue" computerName="PC-SFERRARI" duration="00:00:00.0087993" startTime="2021-01-15T21:32:57.1652278+00:00" endTime="2021-01-15T21:32:57.1741613+00:00" testType="13cdc9d9-ddb5-4fa4-a97d-d965ccfc6d4b" outcome="Passed" testListId="8c84fa94-04c1-424b-9868-57a2d4851a1d" relativeResultsDirectory="4bab5f5a-d46d-49b1-9831-ab9e662223dc" resultType="DataDrivenTest">
      <InnerResults>
        <UnitTestResult executionId="aaf6b95f-9350-4f64-a7a6-2d0e89804a3c" parentExecutionId="4bab5f5a-d46d-49b1-9831-ab9e662223dc" testId="7dc20d31-477c-3765-83c0-7575a504da96" testName="ToNormalize_Passing_ValidValue_Returns_NormalizedValue ( ,)" computerName="PC-SFERRARI" duration="00:00:00.0019128" startTime="2021-01-15T21:32:57.1652278+00:00" endTime="2021-01-15T21:32:57.1741613+00:00" testType="13cdc9d9-ddb5-4fa4-a97d-d965ccfc6d4b" outcome="Passed" testListId="8c84fa94-04c1-424b-9868-57a2d4851a1d" relativeResultsDirectory="aaf6b95f-9350-4f64-a7a6-2d0e89804a3c" dataRowInfo="1" resultType="DataDrivenDataRow" />
        <UnitTestResult executionId="8208f3dc-1a38-454c-b8fe-71afa7b3609b" parentExecutionId="4bab5f5a-d46d-49b1-9831-ab9e662223dc" testId="7dc20d31-477c-3765-83c0-7575a504da96" testName="ToNormalize_Passing_ValidValue_Returns_NormalizedValue (àáäâãøçħ,aaaaaoch)" computerName="PC-SFERRARI" duration="00:00:00.0053187" startTime="2021-01-15T21:32:57.1652278+00:00" endTime="2021-01-15T21:32:57.1741613+00:00" testType="13cdc9d9-ddb5-4fa4-a97d-d965ccfc6d4b" outcome="Passed" testListId="8c84fa94-04c1-424b-9868-57a2d4851a1d" relativeResultsDirectory="8208f3dc-1a38-454c-b8fe-71afa7b3609b" dataRowInfo="2" resultType="DataDrivenDataRow" />
        <UnitTestResult executionId="8b144d7b-4ae8-41b6-83bf-41681b890a68" parentExecutionId="4bab5f5a-d46d-49b1-9831-ab9e662223dc" testId="7dc20d31-477c-3765-83c0-7575a504da96" testName="ToNormalize_Passing_ValidValue_Returns_NormalizedValue ( àáäâ ãøçħ ,aaaa aoch)" computerName="PC-SFERRARI" duration="00:00:00.0001701" startTime="2021-01-15T21:32:57.1652278+00:00" endTime="2021-01-15T21:32:57.1741613+00:00" testType="13cdc9d9-ddb5-4fa4-a97d-d965ccfc6d4b" outcome="Passed" testListId="8c84fa94-04c1-424b-9868-57a2d4851a1d" relativeResultsDirectory="8b144d7b-4ae8-41b6-83bf-41681b890a68" dataRowInfo="3" resultType="DataDrivenDataRow" />
        <UnitTestResult executionId="c1953080-e8e2-4bce-9dbf-823b90153d6a" parentExecutionId="4bab5f5a-d46d-49b1-9831-ab9e662223dc" testId="7dc20d31-477c-3765-83c0-7575a504da96" testName="ToNormalize_Passing_ValidValue_Returns_NormalizedValue (*¨^_:-?¿;,)" computerName="PC-SFERRARI" duration="00:00:00.0000703" startTime="2021-01-15T21:32:57.1652278+00:00" endTime="2021-01-15T21:32:57.1741613+00:00" testType="13cdc9d9-ddb5-4fa4-a97d-d965ccfc6d4b" outcome="Passed" testListId="8c84fa94-04c1-424b-9868-57a2d4851a1d" relativeResultsDirectory="c1953080-e8e2-4bce-9dbf-823b90153d6a" dataRowInfo="4" resultType="DataDrivenDataRow" />
        <UnitTestResult executionId="2a3b3152-25fd-48e3-a253-4b2b53ea0fb5" parentExecutionId="4bab5f5a-d46d-49b1-9831-ab9e662223dc" testId="7dc20d31-477c-3765-83c0-7575a504da96" testName="ToNormalize_Passing_ValidValue_Returns_NormalizedValue ( * ¨ ^ _ : - ? ¿ ; ,)" computerName="PC-SFERRARI" duration="00:00:00.0000401" startTime="2021-01-15T21:32:57.1652278+00:00" endTime="2021-01-15T21:32:57.1741613+00:00" testType="13cdc9d9-ddb5-4fa4-a97d-d965ccfc6d4b" outcome="Passed" testListId="8c84fa94-04c1-424b-9868-57a2d4851a1d" relativeResultsDirectory="2a3b3152-25fd-48e3-a253-4b2b53ea0fb5" dataRowInfo="5" resultType="DataDrivenDataRow" />
        <UnitTestResult executionId="f064fecd-0988-4857-988b-604a39aee5fa" parentExecutionId="4bab5f5a-d46d-49b1-9831-ab9e662223dc" testId="7dc20d31-477c-3765-83c0-7575a504da96" testName="ToNormalize_Passing_ValidValue_Returns_NormalizedValue (àáäâã,aaaaa)" computerName="PC-SFERRARI" duration="00:00:00.0000318" startTime="2021-01-15T21:32:57.1652278+00:00" endTime="2021-01-15T21:32:57.1741613+00:00" testType="13cdc9d9-ddb5-4fa4-a97d-d965ccfc6d4b" outcome="Passed" testListId="8c84fa94-04c1-424b-9868-57a2d4851a1d" relativeResultsDirectory="f064fecd-0988-4857-988b-604a39aee5fa" dataRowInfo="6" resultType="DataDrivenDataRow" />
        <UnitTestResult executionId="59e1e5a5-c619-4b46-93bc-1a15bb39a603" parentExecutionId="4bab5f5a-d46d-49b1-9831-ab9e662223dc" testId="7dc20d31-477c-3765-83c0-7575a504da96" testName="ToNormalize_Passing_ValidValue_Returns_NormalizedValue (ÀÁÄÂÃ,AAAAA)" computerName="PC-SFERRARI" duration="00:00:00.0000298" startTime="2021-01-15T21:32:57.1652278+00:00" endTime="2021-01-15T21:32:57.1741613+00:00" testType="13cdc9d9-ddb5-4fa4-a97d-d965ccfc6d4b" outcome="Passed" testListId="8c84fa94-04c1-424b-9868-57a2d4851a1d" relativeResultsDirectory="59e1e5a5-c619-4b46-93bc-1a15bb39a603" dataRowInfo="7" resultType="DataDrivenDataRow" />
        <UnitTestResult executionId="a6b26e0c-78c4-41e6-a4d7-1d405ae372bd" parentExecutionId="4bab5f5a-d46d-49b1-9831-ab9e662223dc" testId="7dc20d31-477c-3765-83c0-7575a504da96" testName="ToNormalize_Passing_ValidValue_Returns_NormalizedValue (ç,c)" computerName="PC-SFERRARI" duration="00:00:00.0000440" startTime="2021-01-15T21:32:57.1652278+00:00" endTime="2021-01-15T21:32:57.1741613+00:00" testType="13cdc9d9-ddb5-4fa4-a97d-d965ccfc6d4b" outcome="Passed" testListId="8c84fa94-04c1-424b-9868-57a2d4851a1d" relativeResultsDirectory="a6b26e0c-78c4-41e6-a4d7-1d405ae372bd" dataRowInfo="8" resultType="DataDrivenDataRow" />
        <UnitTestResult executionId="c77487d1-470f-490e-894f-856182cb1867" parentExecutionId="4bab5f5a-d46d-49b1-9831-ab9e662223dc" testId="7dc20d31-477c-3765-83c0-7575a504da96" testName="ToNormalize_Passing_ValidValue_Returns_NormalizedValue (Ç,C)" computerName="PC-SFERRARI" duration="00:00:00.0000302" startTime="2021-01-15T21:32:57.1652278+00:00" endTime="2021-01-15T21:32:57.1741613+00:00" testType="13cdc9d9-ddb5-4fa4-a97d-d965ccfc6d4b" outcome="Passed" testListId="8c84fa94-04c1-424b-9868-57a2d4851a1d" relativeResultsDirectory="c77487d1-470f-490e-894f-856182cb1867" dataRowInfo="9" resultType="DataDrivenDataRow" />
        <UnitTestResult executionId="1a9120ca-f72b-4bfd-9e63-84d2b7757248" parentExecutionId="4bab5f5a-d46d-49b1-9831-ab9e662223dc" testId="7dc20d31-477c-3765-83c0-7575a504da96" testName="ToNormalize_Passing_ValidValue_Returns_NormalizedValue (èéëê,eeee)" computerName="PC-SFERRARI" duration="00:00:00.0000309" startTime="2021-01-15T21:32:57.1652278+00:00" endTime="2021-01-15T21:32:57.1741613+00:00" testType="13cdc9d9-ddb5-4fa4-a97d-d965ccfc6d4b" outcome="Passed" testListId="8c84fa94-04c1-424b-9868-57a2d4851a1d" relativeResultsDirectory="1a9120ca-f72b-4bfd-9e63-84d2b7757248" dataRowInfo="10" resultType="DataDrivenDataRow" />
        <UnitTestResult executionId="6dd91278-73d8-437f-86a1-800635a7c28f" parentExecutionId="4bab5f5a-d46d-49b1-9831-ab9e662223dc" testId="7dc20d31-477c-3765-83c0-7575a504da96" testName="ToNormalize_Passing_ValidValue_Returns_NormalizedValue (ÈÉËÊ,EEEE)" computerName="PC-SFERRARI" duration="00:00:00.0000294" startTime="2021-01-15T21:32:57.1652278+00:00" endTime="2021-01-15T21:32:57.1741613+00:00" testType="13cdc9d9-ddb5-4fa4-a97d-d965ccfc6d4b" outcome="Passed" testListId="8c84fa94-04c1-424b-9868-57a2d4851a1d" relativeResultsDirectory="6dd91278-73d8-437f-86a1-800635a7c28f" dataRowInfo="11" resultType="DataDrivenDataRow" />
        <UnitTestResult executionId="4e4483cd-7ec1-4f9e-8518-18a81492694e" parentExecutionId="4bab5f5a-d46d-49b1-9831-ab9e662223dc" testId="7dc20d31-477c-3765-83c0-7575a504da96" testName="ToNormalize_Passing_ValidValue_Returns_NormalizedValue (ìíïî,iiii)" computerName="PC-SFERRARI" duration="00:00:00.0000306" startTime="2021-01-15T21:32:57.1652278+00:00" endTime="2021-01-15T21:32:57.1741613+00:00" testType="13cdc9d9-ddb5-4fa4-a97d-d965ccfc6d4b" outcome="Passed" testListId="8c84fa94-04c1-424b-9868-57a2d4851a1d" relativeResultsDirectory="4e4483cd-7ec1-4f9e-8518-18a81492694e" dataRowInfo="12" resultType="DataDrivenDataRow" />
        <UnitTestResult executionId="739c405e-bf78-49d2-a79f-076efef24967" parentExecutionId="4bab5f5a-d46d-49b1-9831-ab9e662223dc" testId="7dc20d31-477c-3765-83c0-7575a504da96" testName="ToNormalize_Passing_ValidValue_Returns_NormalizedValue (Malmö,Malmo)" computerName="PC-SFERRARI" duration="00:00:00.0000957" startTime="2021-01-15T21:32:57.1652278+00:00" endTime="2021-01-15T21:32:57.1741613+00:00" testType="13cdc9d9-ddb5-4fa4-a97d-d965ccfc6d4b" outcome="Passed" testListId="8c84fa94-04c1-424b-9868-57a2d4851a1d" relativeResultsDirectory="739c405e-bf78-49d2-a79f-076efef24967" dataRowInfo="13" resultType="DataDrivenDataRow" />
        <UnitTestResult executionId="8eccbd9b-8b74-41fb-baa1-9952da3b75d6" parentExecutionId="4bab5f5a-d46d-49b1-9831-ab9e662223dc" testId="7dc20d31-477c-3765-83c0-7575a504da96" testName="ToNormalize_Passing_ValidValue_Returns_NormalizedValue (Münçhen,Munchen)" computerName="PC-SFERRARI" duration="00:00:00.0000374" startTime="2021-01-15T21:32:57.1652278+00:00" endTime="2021-01-15T21:32:57.1741613+00:00" testType="13cdc9d9-ddb5-4fa4-a97d-d965ccfc6d4b" outcome="Passed" testListId="8c84fa94-04c1-424b-9868-57a2d4851a1d" relativeResultsDirectory="8eccbd9b-8b74-41fb-baa1-9952da3b75d6" dataRowInfo="14" resultType="DataDrivenDataRow" />
        <UnitTestResult executionId="ca21a9e4-17bb-405d-9c61-055be3b9429e" parentExecutionId="4bab5f5a-d46d-49b1-9831-ab9e662223dc" testId="7dc20d31-477c-3765-83c0-7575a504da96" testName="ToNormalize_Passing_ValidValue_Returns_NormalizedValue (Åge,Age)" computerName="PC-SFERRARI" duration="00:00:00.0000323" startTime="2021-01-15T21:32:57.1652278+00:00" endTime="2021-01-15T21:32:57.1741613+00:00" testType="13cdc9d9-ddb5-4fa4-a97d-d965ccfc6d4b" outcome="Passed" testListId="8c84fa94-04c1-424b-9868-57a2d4851a1d" relativeResultsDirectory="ca21a9e4-17bb-405d-9c61-055be3b9429e" dataRowInfo="15" resultType="DataDrivenDataRow" />
        <UnitTestResult executionId="2f7810f0-c94e-407f-8ecc-72048261017f" parentExecutionId="4bab5f5a-d46d-49b1-9831-ab9e662223dc" testId="7dc20d31-477c-3765-83c0-7575a504da96" testName="ToNormalize_Passing_ValidValue_Returns_NormalizedValue (Strømsgodset,Stromsgodset)" computerName="PC-SFERRARI" duration="00:00:00.0000319" startTime="2021-01-15T21:32:57.1652278+00:00" endTime="2021-01-15T21:32:57.1741613+00:00" testType="13cdc9d9-ddb5-4fa4-a97d-d965ccfc6d4b" outcome="Passed" testListId="8c84fa94-04c1-424b-9868-57a2d4851a1d" relativeResultsDirectory="2f7810f0-c94e-407f-8ecc-72048261017f" dataRowInfo="16" resultType="DataDrivenDataRow" />
        <UnitTestResult executionId="9da28e22-f3ad-4928-9b79-015fe826e852" parentExecutionId="4bab5f5a-d46d-49b1-9831-ab9e662223dc" testId="7dc20d31-477c-3765-83c0-7575a504da96" testName="ToNormalize_Passing_ValidValue_Returns_NormalizedValue (Kulħadd,Kulhadd)" computerName="PC-SFERRARI" duration="00:00:00.0000313" startTime="2021-01-15T21:32:57.1652278+00:00" endTime="2021-01-15T21:32:57.1741613+00:00" testType="13cdc9d9-ddb5-4fa4-a97d-d965ccfc6d4b" outcome="Passed" testListId="8c84fa94-04c1-424b-9868-57a2d4851a1d" relativeResultsDirectory="9da28e22-f3ad-4928-9b79-015fe826e852" dataRowInfo="17" resultType="DataDrivenDataRow" />
        <UnitTestResult executionId="9aed71bf-2c2f-4152-b78d-301ee11b6443" parentExecutionId="4bab5f5a-d46d-49b1-9831-ab9e662223dc" testId="7dc20d31-477c-3765-83c0-7575a504da96" testName="ToNormalize_Passing_ValidValue_Returns_NormalizedValue (héllo,hello)" computerName="PC-SFERRARI" duration="00:00:00.0000314" startTime="2021-01-15T21:32:57.1652278+00:00" endTime="2021-01-15T21:32:57.1741613+00:00" testType="13cdc9d9-ddb5-4fa4-a97d-d965ccfc6d4b" outcome="Passed" testListId="8c84fa94-04c1-424b-9868-57a2d4851a1d" relativeResultsDirectory="9aed71bf-2c2f-4152-b78d-301ee11b6443" dataRowInfo="18" resultType="DataDrivenDataRow" />
        <UnitTestResult executionId="0553b35f-41ca-4501-ad78-dd00cdc38be4" parentExecutionId="4bab5f5a-d46d-49b1-9831-ab9e662223dc" testId="7dc20d31-477c-3765-83c0-7575a504da96" testName="ToNormalize_Passing_ValidValue_Returns_NormalizedValue (Autobús,Autobus)" computerName="PC-SFERRARI" duration="00:00:00.0000365" startTime="2021-01-15T21:32:57.1652278+00:00" endTime="2021-01-15T21:32:57.1741613+00:00" testType="13cdc9d9-ddb5-4fa4-a97d-d965ccfc6d4b" outcome="Passed" testListId="8c84fa94-04c1-424b-9868-57a2d4851a1d" relativeResultsDirectory="0553b35f-41ca-4501-ad78-dd00cdc38be4" dataRowInfo="19" resultType="DataDrivenDataRow" />
        <UnitTestResult executionId="adf32031-e45e-4871-8bdf-6004fd8c7e18" parentExecutionId="4bab5f5a-d46d-49b1-9831-ab9e662223dc" testId="7dc20d31-477c-3765-83c0-7575a504da96" testName="ToNormalize_Passing_ValidValue_Returns_NormalizedValue (i’ LL,i LL)" computerName="PC-SFERRARI" duration="00:00:00.0000333" startTime="2021-01-15T21:32:57.1652278+00:00" endTime="2021-01-15T21:32:57.1741613+00:00" testType="13cdc9d9-ddb5-4fa4-a97d-d965ccfc6d4b" outcome="Passed" testListId="8c84fa94-04c1-424b-9868-57a2d4851a1d" relativeResultsDirectory="adf32031-e45e-4871-8bdf-6004fd8c7e18" dataRowInfo="20" resultType="DataDrivenDataRow" />
        <UnitTestResult executionId="64b365c1-1de6-4a83-b3b9-b84e14118b40" parentExecutionId="4bab5f5a-d46d-49b1-9831-ab9e662223dc" testId="7dc20d31-477c-3765-83c0-7575a504da96" testName="ToNormalize_Passing_ValidValue_Returns_NormalizedValue (Mañana,Manana)" computerName="PC-SFERRARI" duration="00:00:00.0000311" startTime="2021-01-15T21:32:57.1652278+00:00" endTime="2021-01-15T21:32:57.1741613+00:00" testType="13cdc9d9-ddb5-4fa4-a97d-d965ccfc6d4b" outcome="Passed" testListId="8c84fa94-04c1-424b-9868-57a2d4851a1d" relativeResultsDirectory="64b365c1-1de6-4a83-b3b9-b84e14118b40" dataRowInfo="21" resultType="DataDrivenDataRow" />
        <UnitTestResult executionId="8932a038-5f35-4b6d-8a8e-3795aed3c065" parentExecutionId="4bab5f5a-d46d-49b1-9831-ab9e662223dc" testId="7dc20d31-477c-3765-83c0-7575a504da96" testName="ToNormalize_Passing_ValidValue_Returns_NormalizedValue (The End,The End)" computerName="PC-SFERRARI" duration="00:00:00.0000306" startTime="2021-01-15T21:32:57.1652278+00:00" endTime="2021-01-15T21:32:57.1741613+00:00" testType="13cdc9d9-ddb5-4fa4-a97d-d965ccfc6d4b" outcome="Passed" testListId="8c84fa94-04c1-424b-9868-57a2d4851a1d" relativeResultsDirectory="8932a038-5f35-4b6d-8a8e-3795aed3c065" dataRowInfo="22" resultType="DataDrivenDataRow" />
        <UnitTestResult executionId="e43891f7-787f-4909-b2a1-d4b349ff7055" parentExecutionId="4bab5f5a-d46d-49b1-9831-ab9e662223dc" testId="7dc20d31-477c-3765-83c0-7575a504da96" testName="ToNormalize_Passing_ValidValue_Returns_NormalizedValue (ñ Ñ,n N)" computerName="PC-SFERRARI" duration="00:00:00.0000299" startTime="2021-01-15T21:32:57.1652278+00:00" endTime="2021-01-15T21:32:57.1741613+00:00" testType="13cdc9d9-ddb5-4fa4-a97d-d965ccfc6d4b" outcome="Passed" testListId="8c84fa94-04c1-424b-9868-57a2d4851a1d" relativeResultsDirectory="e43891f7-787f-4909-b2a1-d4b349ff7055" dataRowInfo="23" resultType="DataDrivenDataRow" />
      </InnerResults>
    </UnitTestResult>
    <UnitTestResult executionId="ebab606c-9331-4642-8e78-15ff34ba51bd" testId="bf48e581-43e6-7660-c4f4-1b7deb1f0ed9" testName="ToConfiguration_Passing_Valid_DirectoryPath_Invalid_JsonFileName_Not_Optional_Returns_ApplicationException" computerName="PC-SFERRARI" duration="00:00:00.0031998" startTime="2021-01-15T21:32:56.3664632+00:00" endTime="2021-01-15T21:32:56.3697738+00:00" testType="13cdc9d9-ddb5-4fa4-a97d-d965ccfc6d4b" outcome="Passed" testListId="8c84fa94-04c1-424b-9868-57a2d4851a1d" relativeResultsDirectory="ebab606c-9331-4642-8e78-15ff34ba51bd" />
    <UnitTestResult executionId="270423c7-4e33-4941-a19a-941346221a71" testId="1f6423c7-4317-6f5b-c112-f4c9c7e822af" testName="ToEmailMaskUserNameAndDomainAndExtension_Passing_ValidEmail_Returns_EmailWithMask" computerName="PC-SFERRARI" duration="00:00:00.0015725" startTime="2021-01-15T21:32:57.0987253+00:00" endTime="2021-01-15T21:32:57.1005402+00:00" testType="13cdc9d9-ddb5-4fa4-a97d-d965ccfc6d4b" outcome="Passed" testListId="8c84fa94-04c1-424b-9868-57a2d4851a1d" relativeResultsDirectory="270423c7-4e33-4941-a19a-941346221a71" resultType="DataDrivenTest">
      <InnerResults>
        <UnitTestResult executionId="fe15880d-b7ae-44d1-8c13-695c95633035" parentExecutionId="270423c7-4e33-4941-a19a-941346221a71" testId="1f6423c7-4317-6f5b-c112-f4c9c7e822af" testName="ToEmailMaskUserNameAndDomainAndExtension_Passing_ValidEmail_Returns_EmailWithMask (qaz@gmail.com,q*z@g***l.c*m)" computerName="PC-SFERRARI" duration="00:00:00.0011825" startTime="2021-01-15T21:32:57.0987253+00:00" endTime="2021-01-15T21:32:57.1005402+00:00" testType="13cdc9d9-ddb5-4fa4-a97d-d965ccfc6d4b" outcome="Passed" testListId="8c84fa94-04c1-424b-9868-57a2d4851a1d" relativeResultsDirectory="fe15880d-b7ae-44d1-8c13-695c95633035" dataRowInfo="1" resultType="DataDrivenDataRow" />
        <UnitTestResult executionId="ec807d53-f23f-435b-ad6a-ad41c04c8f79" parentExecutionId="270423c7-4e33-4941-a19a-941346221a71" testId="1f6423c7-4317-6f5b-c112-f4c9c7e822af" testName="ToEmailMaskUserNameAndDomainAndExtension_Passing_ValidEmail_Returns_EmailWithMask (qazwsx@gmail.com,q****x@g***l.c*m)" computerName="PC-SFERRARI" duration="00:00:00.0000378" startTime="2021-01-15T21:32:57.0987253+00:00" endTime="2021-01-15T21:32:57.1005402+00:00" testType="13cdc9d9-ddb5-4fa4-a97d-d965ccfc6d4b" outcome="Passed" testListId="8c84fa94-04c1-424b-9868-57a2d4851a1d" relativeResultsDirectory="ec807d53-f23f-435b-ad6a-ad41c04c8f79" dataRowInfo="2" resultType="DataDrivenDataRow" />
        <UnitTestResult executionId="958d1f54-c601-4070-8b59-e15f622b6917" parentExecutionId="270423c7-4e33-4941-a19a-941346221a71" testId="1f6423c7-4317-6f5b-c112-f4c9c7e822af" testName="ToEmailMaskUserNameAndDomainAndExtension_Passing_ValidEmail_Returns_EmailWithMask (qazwsxedc@gmail.com,q*******c@g***l.c*m)" computerName="PC-SFERRARI" duration="00:00:00.0000263" startTime="2021-01-15T21:32:57.0987253+00:00" endTime="2021-01-15T21:32:57.1005402+00:00" testType="13cdc9d9-ddb5-4fa4-a97d-d965ccfc6d4b" outcome="Passed" testListId="8c84fa94-04c1-424b-9868-57a2d4851a1d" relativeResultsDirectory="958d1f54-c601-4070-8b59-e15f622b6917" dataRowInfo="3" resultType="DataDrivenDataRow" />
        <UnitTestResult executionId="4f98c5bf-a677-438e-bb1e-aff751d4865c" parentExecutionId="270423c7-4e33-4941-a19a-941346221a71" testId="1f6423c7-4317-6f5b-c112-f4c9c7e822af" testName="ToEmailMaskUserNameAndDomainAndExtension_Passing_ValidEmail_Returns_EmailWithMask (qaz@gmailgmail.com,q*z@g********l.c*m)" computerName="PC-SFERRARI" duration="00:00:00.0000336" startTime="2021-01-15T21:32:57.0987253+00:00" endTime="2021-01-15T21:32:57.1005402+00:00" testType="13cdc9d9-ddb5-4fa4-a97d-d965ccfc6d4b" outcome="Passed" testListId="8c84fa94-04c1-424b-9868-57a2d4851a1d" relativeResultsDirectory="4f98c5bf-a677-438e-bb1e-aff751d4865c" dataRowInfo="4" resultType="DataDrivenDataRow" />
        <UnitTestResult executionId="a4d73afd-7695-4357-91d8-d32c2a3e09ea" parentExecutionId="270423c7-4e33-4941-a19a-941346221a71" testId="1f6423c7-4317-6f5b-c112-f4c9c7e822af" testName="ToEmailMaskUserNameAndDomainAndExtension_Passing_ValidEmail_Returns_EmailWithMask (qazwsx@gmailgmail.com,q****x@g********l.c*m)" computerName="PC-SFERRARI" duration="00:00:00.0000274" startTime="2021-01-15T21:32:57.0987253+00:00" endTime="2021-01-15T21:32:57.1005402+00:00" testType="13cdc9d9-ddb5-4fa4-a97d-d965ccfc6d4b" outcome="Passed" testListId="8c84fa94-04c1-424b-9868-57a2d4851a1d" relativeResultsDirectory="a4d73afd-7695-4357-91d8-d32c2a3e09ea" dataRowInfo="5" resultType="DataDrivenDataRow" />
        <UnitTestResult executionId="170e14d2-22bb-477f-8492-6913836d7ea9" parentExecutionId="270423c7-4e33-4941-a19a-941346221a71" testId="1f6423c7-4317-6f5b-c112-f4c9c7e822af" testName="ToEmailMaskUserNameAndDomainAndExtension_Passing_ValidEmail_Returns_EmailWithMask (qazwsxedc@gmailgmail.com,q*******c@g********l.c*m)" computerName="PC-SFERRARI" duration="00:00:00.0000292" startTime="2021-01-15T21:32:57.0987253+00:00" endTime="2021-01-15T21:32:57.1005402+00:00" testType="13cdc9d9-ddb5-4fa4-a97d-d965ccfc6d4b" outcome="Passed" testListId="8c84fa94-04c1-424b-9868-57a2d4851a1d" relativeResultsDirectory="170e14d2-22bb-477f-8492-6913836d7ea9" dataRowInfo="6" resultType="DataDrivenDataRow" />
      </InnerResults>
    </UnitTestResult>
    <UnitTestResult executionId="4f6f064a-b7b3-46d6-8d8e-7ab0193344be" testId="d7c20db6-f712-8539-ac01-01e8f4033fac" testName="IsFile_Passing_InvalidArguments_Returns_HasErrorsAndCount" computerName="PC-SFERRARI" duration="00:00:00.0002279" startTime="2021-01-15T21:32:56.2088575+00:00" endTime="2021-01-15T21:32:56.2091563+00:00" testType="13cdc9d9-ddb5-4fa4-a97d-d965ccfc6d4b" outcome="Passed" testListId="8c84fa94-04c1-424b-9868-57a2d4851a1d" relativeResultsDirectory="4f6f064a-b7b3-46d6-8d8e-7ab0193344be" />
    <UnitTestResult executionId="82f03161-867c-4153-9dd6-9be90a5d827c" testId="e93b141b-fdfd-0f98-21e5-3eb211b6e88b" testName="ToDefaultValue_Passing_long_Returns_Cero" computerName="PC-SFERRARI" duration="00:00:00.0003568" startTime="2021-01-15T21:32:56.5519243+00:00" endTime="2021-01-15T21:32:56.5523604+00:00" testType="13cdc9d9-ddb5-4fa4-a97d-d965ccfc6d4b" outcome="Passed" testListId="8c84fa94-04c1-424b-9868-57a2d4851a1d" relativeResultsDirectory="82f03161-867c-4153-9dd6-9be90a5d827c" resultType="DataDrivenTest">
      <InnerResults>
        <UnitTestResult executionId="575b5dbf-127a-4ebc-96a0-4874651870f2" parentExecutionId="82f03161-867c-4153-9dd6-9be90a5d827c" testId="e93b141b-fdfd-0f98-21e5-3eb211b6e88b" testName="ToDefaultValue_Passing_long_Returns_Cero (9223372036854775807)" computerName="PC-SFERRARI" duration="00:00:00.0003015" startTime="2021-01-15T21:32:56.5519243+00:00" endTime="2021-01-15T21:32:56.5523604+00:00" testType="13cdc9d9-ddb5-4fa4-a97d-d965ccfc6d4b" outcome="Passed" testListId="8c84fa94-04c1-424b-9868-57a2d4851a1d" relativeResultsDirectory="575b5dbf-127a-4ebc-96a0-4874651870f2" dataRowInfo="1" resultType="DataDrivenDataRow" />
      </InnerResults>
    </UnitTestResult>
    <UnitTestResult executionId="0eb0ef8f-a10b-4d63-ba49-fcb0de6aacdf" testId="f2debf4a-2a42-7b0b-1005-8f74a6fc63cb" testName="IsSubdomain_Passing_InvalidArguments_Returns_HasErrorsAndCount" computerName="PC-SFERRARI" duration="00:00:00.0001665" startTime="2021-01-15T21:32:56.2322524+00:00" endTime="2021-01-15T21:32:56.2324965+00:00" testType="13cdc9d9-ddb5-4fa4-a97d-d965ccfc6d4b" outcome="Passed" testListId="8c84fa94-04c1-424b-9868-57a2d4851a1d" relativeResultsDirectory="0eb0ef8f-a10b-4d63-ba49-fcb0de6aacdf" />
    <UnitTestResult executionId="72ed8e0b-08f1-46ec-ba8d-b977bf89f28c" testId="579b7361-19a9-f329-acb3-de102dcfc793" testName="ToDefaultValue_Passing_ValidString_Returns_DefaultValue" computerName="PC-SFERRARI" duration="00:00:00.0004881" startTime="2021-01-15T21:32:57.3707605+00:00" endTime="2021-01-15T21:32:57.3714127+00:00" testType="13cdc9d9-ddb5-4fa4-a97d-d965ccfc6d4b" outcome="Passed" testListId="8c84fa94-04c1-424b-9868-57a2d4851a1d" relativeResultsDirectory="72ed8e0b-08f1-46ec-ba8d-b977bf89f28c" />
    <UnitTestResult executionId="a2234692-0ba4-40b0-bfde-2daa42e8c4f4" testId="cd004a9f-a0f6-2fdf-aeae-1890f4ab8e71" testName="ToHashAlgorithmName_Passing_ValidValueString_Returns_HashAlgorithmName" computerName="PC-SFERRARI" duration="00:00:00.0001909" startTime="2021-01-15T21:32:57.1517484+00:00" endTime="2021-01-15T21:32:57.1520081+00:00" testType="13cdc9d9-ddb5-4fa4-a97d-d965ccfc6d4b" outcome="Passed" testListId="8c84fa94-04c1-424b-9868-57a2d4851a1d" relativeResultsDirectory="a2234692-0ba4-40b0-bfde-2daa42e8c4f4" resultType="DataDrivenTest">
      <InnerResults>
        <UnitTestResult executionId="16cd2ed7-8a5e-43ab-bc21-4b5c7730c11a" parentExecutionId="a2234692-0ba4-40b0-bfde-2daa42e8c4f4" testId="cd004a9f-a0f6-2fdf-aeae-1890f4ab8e71" testName="ToHashAlgorithmName_Passing_ValidValueString_Returns_HashAlgorithmName (MD5)" computerName="PC-SFERRARI" duration="00:00:00.0001605" startTime="2021-01-15T21:32:57.1517484+00:00" endTime="2021-01-15T21:32:57.1520081+00:00" testType="13cdc9d9-ddb5-4fa4-a97d-d965ccfc6d4b" outcome="Passed" testListId="8c84fa94-04c1-424b-9868-57a2d4851a1d" relativeResultsDirectory="16cd2ed7-8a5e-43ab-bc21-4b5c7730c11a" dataRowInfo="1" resultType="DataDrivenDataRow" />
      </InnerResults>
    </UnitTestResult>
    <UnitTestResult executionId="548cbf3b-f99f-4dc7-b3ea-db0ab1234a20" testId="04cb4b72-edc8-fe06-49e1-217ed503eff8" testName="ToDirectoryFindFilePath_Passing_ValidValue_Returns_FilePath" computerName="PC-SFERRARI" duration="00:00:00.0530425" startTime="2021-01-15T21:32:57.0119251+00:00" endTime="2021-01-15T21:32:57.0651751+00:00" testType="13cdc9d9-ddb5-4fa4-a97d-d965ccfc6d4b" outcome="Passed" testListId="8c84fa94-04c1-424b-9868-57a2d4851a1d" relativeResultsDirectory="548cbf3b-f99f-4dc7-b3ea-db0ab1234a20" />
    <UnitTestResult executionId="1c9f52e8-ac9d-48e1-b50f-9431399a4b88" testId="ebdf037a-44fa-7875-99d4-42fa9833aac8" testName="IsDigit_Passing_ValidArguments_Returns_HasErrorsAndCount" computerName="PC-SFERRARI" duration="00:00:00.0003114" startTime="2021-01-15T21:32:56.1988856+00:00" endTime="2021-01-15T21:32:56.1993425+00:00" testType="13cdc9d9-ddb5-4fa4-a97d-d965ccfc6d4b" outcome="Passed" testListId="8c84fa94-04c1-424b-9868-57a2d4851a1d" relativeResultsDirectory="1c9f52e8-ac9d-48e1-b50f-9431399a4b88" />
    <UnitTestResult executionId="00dea29c-381d-4a66-86bd-8bd2b80a4b69" testId="19a313ce-6632-bd6f-bb7e-c2dc7bcf20eb" testName="ToDefaultValue_Passing_sbyte_Returns_Cero" computerName="PC-SFERRARI" duration="00:00:00.0005056" startTime="2021-01-15T21:32:56.5523910+00:00" endTime="2021-01-15T21:32:56.5529738+00:00" testType="13cdc9d9-ddb5-4fa4-a97d-d965ccfc6d4b" outcome="Passed" testListId="8c84fa94-04c1-424b-9868-57a2d4851a1d" relativeResultsDirectory="00dea29c-381d-4a66-86bd-8bd2b80a4b69" resultType="DataDrivenTest">
      <InnerResults>
        <UnitTestResult executionId="dfe96a65-61b3-4a4f-b478-27aed21d1f11" parentExecutionId="00dea29c-381d-4a66-86bd-8bd2b80a4b69" testId="19a313ce-6632-bd6f-bb7e-c2dc7bcf20eb" testName="ToDefaultValue_Passing_sbyte_Returns_Cero (127)" computerName="PC-SFERRARI" duration="00:00:00.0004576" startTime="2021-01-15T21:32:56.5523910+00:00" endTime="2021-01-15T21:32:56.5529738+00:00" testType="13cdc9d9-ddb5-4fa4-a97d-d965ccfc6d4b" outcome="Passed" testListId="8c84fa94-04c1-424b-9868-57a2d4851a1d" relativeResultsDirectory="dfe96a65-61b3-4a4f-b478-27aed21d1f11" dataRowInfo="1" resultType="DataDrivenDataRow" />
      </InnerResults>
    </UnitTestResult>
    <UnitTestResult executionId="e1fbc9a3-e93c-4b09-b291-b0911fef13e7" testId="bd43e66e-fbae-26eb-a9a1-c58a6bf5d7af" testName="ToHashAlgorithmName_Passing_InvalidValueLowerCaseString_Returns_Null" computerName="PC-SFERRARI" duration="00:00:00.0001932" startTime="2021-01-15T21:32:57.1465310+00:00" endTime="2021-01-15T21:32:57.1468381+00:00" testType="13cdc9d9-ddb5-4fa4-a97d-d965ccfc6d4b" outcome="Passed" testListId="8c84fa94-04c1-424b-9868-57a2d4851a1d" relativeResultsDirectory="e1fbc9a3-e93c-4b09-b291-b0911fef13e7" resultType="DataDrivenTest">
      <InnerResults>
        <UnitTestResult executionId="2a1e889d-2456-43af-9220-0517c952c3c1" parentExecutionId="e1fbc9a3-e93c-4b09-b291-b0911fef13e7" testId="bd43e66e-fbae-26eb-a9a1-c58a6bf5d7af" testName="ToHashAlgorithmName_Passing_InvalidValueLowerCaseString_Returns_Null (md5)" computerName="PC-SFERRARI" duration="00:00:00.0001556" startTime="2021-01-15T21:32:57.1465310+00:00" endTime="2021-01-15T21:32:57.1468381+00:00" testType="13cdc9d9-ddb5-4fa4-a97d-d965ccfc6d4b" outcome="Passed" testListId="8c84fa94-04c1-424b-9868-57a2d4851a1d" relativeResultsDirectory="2a1e889d-2456-43af-9220-0517c952c3c1" dataRowInfo="1" resultType="DataDrivenDataRow" />
      </InnerResults>
    </UnitTestResult>
    <UnitTestResult executionId="433700f0-befe-454f-985b-d0a35726da21" testId="42ded375-26ee-044e-44a7-9eab5e4cd342" testName="ToReadOnly_Passing_Valid_Collection_Returns_Readonly_Collection" computerName="PC-SFERRARI" duration="00:00:00.0009345" startTime="2021-01-15T21:32:56.4971730+00:00" endTime="2021-01-15T21:32:56.4982265+00:00" testType="13cdc9d9-ddb5-4fa4-a97d-d965ccfc6d4b" outcome="Passed" testListId="8c84fa94-04c1-424b-9868-57a2d4851a1d" relativeResultsDirectory="433700f0-befe-454f-985b-d0a35726da21" />
    <UnitTestResult executionId="3f7bdb93-a92e-4cbd-9de2-1081752689e6" testId="209cbba1-d5fa-4810-2cb6-ee92ce2e109d" testName="ToGet_Passing_Claims_Returns_Claim_Value_Int" computerName="PC-SFERRARI" duration="00:00:00.0018314" startTime="2021-01-15T21:32:56.3284351+00:00" endTime="2021-01-15T21:32:56.3303745+00:00" testType="13cdc9d9-ddb5-4fa4-a97d-d965ccfc6d4b" outcome="Passed" testListId="8c84fa94-04c1-424b-9868-57a2d4851a1d" relativeResultsDirectory="3f7bdb93-a92e-4cbd-9de2-1081752689e6" />
    <UnitTestResult executionId="5e176a03-45be-49ec-8432-e13023839afe" testId="bb347f18-44ab-0d77-d5bd-a671e4c37650" testName="ToRemove_Passing_ValidValue_Returns_ValueWithoutRemovedChars" computerName="PC-SFERRARI" duration="00:00:00.0011089" startTime="2021-01-15T21:32:57.1906782+00:00" endTime="2021-01-15T21:32:57.1921027+00:00" testType="13cdc9d9-ddb5-4fa4-a97d-d965ccfc6d4b" outcome="Passed" testListId="8c84fa94-04c1-424b-9868-57a2d4851a1d" relativeResultsDirectory="5e176a03-45be-49ec-8432-e13023839afe" resultType="DataDrivenTest">
      <InnerResults>
        <UnitTestResult executionId="3d68b586-bb1a-4edd-888a-2170050c5bd0" parentExecutionId="5e176a03-45be-49ec-8432-e13023839afe" testId="bb347f18-44ab-0d77-d5bd-a671e4c37650" testName="ToRemove_Passing_ValidValue_Returns_ValueWithoutRemovedChars ( *, ,*)" computerName="PC-SFERRARI" duration="00:00:00.0006256" startTime="2021-01-15T21:32:57.1906782+00:00" endTime="2021-01-15T21:32:57.1921027+00:00" testType="13cdc9d9-ddb5-4fa4-a97d-d965ccfc6d4b" outcome="Passed" testListId="8c84fa94-04c1-424b-9868-57a2d4851a1d" relativeResultsDirectory="3d68b586-bb1a-4edd-888a-2170050c5bd0" dataRowInfo="1" resultType="DataDrivenDataRow" />
        <UnitTestResult executionId="ee0b1cf9-eb33-48d4-a38e-43894140ff6d" parentExecutionId="5e176a03-45be-49ec-8432-e13023839afe" testId="bb347f18-44ab-0d77-d5bd-a671e4c37650" testName="ToRemove_Passing_ValidValue_Returns_ValueWithoutRemovedChars (* , ,*)" computerName="PC-SFERRARI" duration="00:00:00.0000216" startTime="2021-01-15T21:32:57.1906782+00:00" endTime="2021-01-15T21:32:57.1921027+00:00" testType="13cdc9d9-ddb5-4fa4-a97d-d965ccfc6d4b" outcome="Passed" testListId="8c84fa94-04c1-424b-9868-57a2d4851a1d" relativeResultsDirectory="ee0b1cf9-eb33-48d4-a38e-43894140ff6d" dataRowInfo="2" resultType="DataDrivenDataRow" />
        <UnitTestResult executionId="6ac8c8f1-b683-4cfe-8884-ee251a99e5e3" parentExecutionId="5e176a03-45be-49ec-8432-e13023839afe" testId="bb347f18-44ab-0d77-d5bd-a671e4c37650" testName="ToRemove_Passing_ValidValue_Returns_ValueWithoutRemovedChars ( * , ,*)" computerName="PC-SFERRARI" duration="00:00:00.0000096" startTime="2021-01-15T21:32:57.1906782+00:00" endTime="2021-01-15T21:32:57.1921027+00:00" testType="13cdc9d9-ddb5-4fa4-a97d-d965ccfc6d4b" outcome="Passed" testListId="8c84fa94-04c1-424b-9868-57a2d4851a1d" relativeResultsDirectory="6ac8c8f1-b683-4cfe-8884-ee251a99e5e3" dataRowInfo="3" resultType="DataDrivenDataRow" />
        <UnitTestResult executionId="9d131ef7-d892-401f-8110-0b95cb134779" parentExecutionId="5e176a03-45be-49ec-8432-e13023839afe" testId="bb347f18-44ab-0d77-d5bd-a671e4c37650" testName="ToRemove_Passing_ValidValue_Returns_ValueWithoutRemovedChars (hello hello, ,hellohello)" computerName="PC-SFERRARI" duration="00:00:00.0000161" startTime="2021-01-15T21:32:57.1906782+00:00" endTime="2021-01-15T21:32:57.1921027+00:00" testType="13cdc9d9-ddb5-4fa4-a97d-d965ccfc6d4b" outcome="Passed" testListId="8c84fa94-04c1-424b-9868-57a2d4851a1d" relativeResultsDirectory="9d131ef7-d892-401f-8110-0b95cb134779" dataRowInfo="4" resultType="DataDrivenDataRow" />
        <UnitTestResult executionId="55606a7f-3644-4f7a-8c87-3347228f97dc" parentExecutionId="5e176a03-45be-49ec-8432-e13023839afe" testId="bb347f18-44ab-0d77-d5bd-a671e4c37650" testName="ToRemove_Passing_ValidValue_Returns_ValueWithoutRemovedChars (hello hello , ,hellohello)" computerName="PC-SFERRARI" duration="00:00:00.0000095" startTime="2021-01-15T21:32:57.1906782+00:00" endTime="2021-01-15T21:32:57.1921027+00:00" testType="13cdc9d9-ddb5-4fa4-a97d-d965ccfc6d4b" outcome="Passed" testListId="8c84fa94-04c1-424b-9868-57a2d4851a1d" relativeResultsDirectory="55606a7f-3644-4f7a-8c87-3347228f97dc" dataRowInfo="5" resultType="DataDrivenDataRow" />
        <UnitTestResult executionId="bb03a075-4f03-4818-a51f-3dd73cc35c5e" parentExecutionId="5e176a03-45be-49ec-8432-e13023839afe" testId="bb347f18-44ab-0d77-d5bd-a671e4c37650" testName="ToRemove_Passing_ValidValue_Returns_ValueWithoutRemovedChars ( hello hello , ,hellohello)" computerName="PC-SFERRARI" duration="00:00:00.0000090" startTime="2021-01-15T21:32:57.1906782+00:00" endTime="2021-01-15T21:32:57.1921027+00:00" testType="13cdc9d9-ddb5-4fa4-a97d-d965ccfc6d4b" outcome="Passed" testListId="8c84fa94-04c1-424b-9868-57a2d4851a1d" relativeResultsDirectory="bb03a075-4f03-4818-a51f-3dd73cc35c5e" dataRowInfo="6" resultType="DataDrivenDataRow" />
        <UnitTestResult executionId="00db5bea-238f-4350-9394-6576729b510d" parentExecutionId="5e176a03-45be-49ec-8432-e13023839afe" testId="bb347f18-44ab-0d77-d5bd-a671e4c37650" testName="ToRemove_Passing_ValidValue_Returns_ValueWithoutRemovedChars (aeiou,a,eiou)" computerName="PC-SFERRARI" duration="00:00:00.0000089" startTime="2021-01-15T21:32:57.1906782+00:00" endTime="2021-01-15T21:32:57.1921027+00:00" testType="13cdc9d9-ddb5-4fa4-a97d-d965ccfc6d4b" outcome="Passed" testListId="8c84fa94-04c1-424b-9868-57a2d4851a1d" relativeResultsDirectory="00db5bea-238f-4350-9394-6576729b510d" dataRowInfo="7" resultType="DataDrivenDataRow" />
        <UnitTestResult executionId="cd7a34bb-f950-49cb-8040-be20f694fa3c" parentExecutionId="5e176a03-45be-49ec-8432-e13023839afe" testId="bb347f18-44ab-0d77-d5bd-a671e4c37650" testName="ToRemove_Passing_ValidValue_Returns_ValueWithoutRemovedChars (aeiou,ae,iou)" computerName="PC-SFERRARI" duration="00:00:00.0000084" startTime="2021-01-15T21:32:57.1906782+00:00" endTime="2021-01-15T21:32:57.1921027+00:00" testType="13cdc9d9-ddb5-4fa4-a97d-d965ccfc6d4b" outcome="Passed" testListId="8c84fa94-04c1-424b-9868-57a2d4851a1d" relativeResultsDirectory="cd7a34bb-f950-49cb-8040-be20f694fa3c" dataRowInfo="8" resultType="DataDrivenDataRow" />
        <UnitTestResult executionId="c0f202e7-7110-4677-b349-6bc0a1418c11" parentExecutionId="5e176a03-45be-49ec-8432-e13023839afe" testId="bb347f18-44ab-0d77-d5bd-a671e4c37650" testName="ToRemove_Passing_ValidValue_Returns_ValueWithoutRemovedChars (aeiou,aei,ou)" computerName="PC-SFERRARI" duration="00:00:00.0000084" startTime="2021-01-15T21:32:57.1906782+00:00" endTime="2021-01-15T21:32:57.1921027+00:00" testType="13cdc9d9-ddb5-4fa4-a97d-d965ccfc6d4b" outcome="Passed" testListId="8c84fa94-04c1-424b-9868-57a2d4851a1d" relativeResultsDirectory="c0f202e7-7110-4677-b349-6bc0a1418c11" dataRowInfo="9" resultType="DataDrivenDataRow" />
        <UnitTestResult executionId="93016550-2826-4321-bb0d-1fd3720b17bd" parentExecutionId="5e176a03-45be-49ec-8432-e13023839afe" testId="bb347f18-44ab-0d77-d5bd-a671e4c37650" testName="ToRemove_Passing_ValidValue_Returns_ValueWithoutRemovedChars (aeiou,aeio,u)" computerName="PC-SFERRARI" duration="00:00:00.0000087" startTime="2021-01-15T21:32:57.1906782+00:00" endTime="2021-01-15T21:32:57.1921027+00:00" testType="13cdc9d9-ddb5-4fa4-a97d-d965ccfc6d4b" outcome="Passed" testListId="8c84fa94-04c1-424b-9868-57a2d4851a1d" relativeResultsDirectory="93016550-2826-4321-bb0d-1fd3720b17bd" dataRowInfo="10" resultType="DataDrivenDataRow" />
        <UnitTestResult executionId="067a5f56-4cc4-4c83-9a3f-3b2756c2c7c2" parentExecutionId="5e176a03-45be-49ec-8432-e13023839afe" testId="bb347f18-44ab-0d77-d5bd-a671e4c37650" testName="ToRemove_Passing_ValidValue_Returns_ValueWithoutRemovedChars (aeiou,aeiou,)" computerName="PC-SFERRARI" duration="00:00:00.0000076" startTime="2021-01-15T21:32:57.1906782+00:00" endTime="2021-01-15T21:32:57.1921027+00:00" testType="13cdc9d9-ddb5-4fa4-a97d-d965ccfc6d4b" outcome="Passed" testListId="8c84fa94-04c1-424b-9868-57a2d4851a1d" relativeResultsDirectory="067a5f56-4cc4-4c83-9a3f-3b2756c2c7c2" dataRowInfo="11" resultType="DataDrivenDataRow" />
        <UnitTestResult executionId="cf3276db-bc6a-4c50-b8ac-7f7e6b61b50d" parentExecutionId="5e176a03-45be-49ec-8432-e13023839afe" testId="bb347f18-44ab-0d77-d5bd-a671e4c37650" testName="ToRemove_Passing_ValidValue_Returns_ValueWithoutRemovedChars (aeiou,e,aiou)" computerName="PC-SFERRARI" duration="00:00:00.0000082" startTime="2021-01-15T21:32:57.1906782+00:00" endTime="2021-01-15T21:32:57.1921027+00:00" testType="13cdc9d9-ddb5-4fa4-a97d-d965ccfc6d4b" outcome="Passed" testListId="8c84fa94-04c1-424b-9868-57a2d4851a1d" relativeResultsDirectory="cf3276db-bc6a-4c50-b8ac-7f7e6b61b50d" dataRowInfo="12" resultType="DataDrivenDataRow" />
        <UnitTestResult executionId="31c33e84-3e15-469e-991b-252b15da3e60" parentExecutionId="5e176a03-45be-49ec-8432-e13023839afe" testId="bb347f18-44ab-0d77-d5bd-a671e4c37650" testName="ToRemove_Passing_ValidValue_Returns_ValueWithoutRemovedChars (aeiou,ei,aou)" computerName="PC-SFERRARI" duration="00:00:00.0000142" startTime="2021-01-15T21:32:57.1906782+00:00" endTime="2021-01-15T21:32:57.1921027+00:00" testType="13cdc9d9-ddb5-4fa4-a97d-d965ccfc6d4b" outcome="Passed" testListId="8c84fa94-04c1-424b-9868-57a2d4851a1d" relativeResultsDirectory="31c33e84-3e15-469e-991b-252b15da3e60" dataRowInfo="13" resultType="DataDrivenDataRow" />
      </InnerResults>
    </UnitTestResult>
    <UnitTestResult executionId="44f05849-0815-4509-840b-682d3e4127ef" testId="8381ae52-050c-b801-64b1-7c621deb91d8" testName="ResultOk_WithMessage" computerName="PC-SFERRARI" duration="00:00:00.0002203" startTime="2021-01-15T21:32:56.9519722+00:00" endTime="2021-01-15T21:32:56.9523439+00:00" testType="13cdc9d9-ddb5-4fa4-a97d-d965ccfc6d4b" outcome="Passed" testListId="8c84fa94-04c1-424b-9868-57a2d4851a1d" relativeResultsDirectory="44f05849-0815-4509-840b-682d3e4127ef" />
    <UnitTestResult executionId="dfb74330-8f44-4449-8fee-67ab6bf14cab" testId="53cbdd8e-a1ef-5d22-8745-938609ed19c2" testName="ToConfigureOrDefault_Passing_DefaultValues_And_ActionCustomValues_Returns_DefaultValues_And_CustomValues" computerName="PC-SFERRARI" duration="00:00:00.0004626" startTime="2021-01-15T21:32:55.6259689+00:00" endTime="2021-01-15T21:32:55.6266551+00:00" testType="13cdc9d9-ddb5-4fa4-a97d-d965ccfc6d4b" outcome="Passed" testListId="8c84fa94-04c1-424b-9868-57a2d4851a1d" relativeResultsDirectory="dfb74330-8f44-4449-8fee-67ab6bf14cab" />
    <UnitTestResult executionId="9494a878-c5c1-464c-a6bd-abeeac114a05" testId="bf8f6922-5666-8ec7-1500-aabd5997d6a4" testName="ToString_Passing_Valid_Collection_With_Custom_Separator_Returns_String_With_Custom_Separator" computerName="PC-SFERRARI" duration="00:00:00.0001872" startTime="2021-01-15T21:32:56.4986070+00:00" endTime="2021-01-15T21:32:56.4988619+00:00" testType="13cdc9d9-ddb5-4fa4-a97d-d965ccfc6d4b" outcome="Passed" testListId="8c84fa94-04c1-424b-9868-57a2d4851a1d" relativeResultsDirectory="9494a878-c5c1-464c-a6bd-abeeac114a05" />
    <UnitTestResult executionId="13351c02-ce41-4ddb-abfe-cdcbbed8a308" testId="3bd7277d-4ad0-51ee-d24c-53176ec3cc7f" testName="IsDomain_Passing_InvalidArguments_Returns_HasErrorsAndCount" computerName="PC-SFERRARI" duration="00:00:00.0021713" startTime="2021-01-15T21:32:56.1998380+00:00" endTime="2021-01-15T21:32:56.2021290+00:00" testType="13cdc9d9-ddb5-4fa4-a97d-d965ccfc6d4b" outcome="Passed" testListId="8c84fa94-04c1-424b-9868-57a2d4851a1d" relativeResultsDirectory="13351c02-ce41-4ddb-abfe-cdcbbed8a308" />
    <UnitTestResult executionId="0a82d1a3-d828-4733-8de2-99698ff29801" testId="161f5d07-7835-e575-5072-b9d787ef451c" testName="ToResultAsync_Passing_StatusCodeAnd_MessageAndContentTypeAndHeader_Values_Returns_Values" computerName="PC-SFERRARI" duration="00:00:00.1766137" startTime="2021-01-15T21:32:56.7027223+00:00" endTime="2021-01-15T21:32:56.8796145+00:00" testType="13cdc9d9-ddb5-4fa4-a97d-d965ccfc6d4b" outcome="Passed" testListId="8c84fa94-04c1-424b-9868-57a2d4851a1d" relativeResultsDirectory="0a82d1a3-d828-4733-8de2-99698ff29801" resultType="DataDrivenTest">
      <InnerResults>
        <UnitTestResult executionId="af1e130e-0bc3-4aad-aa85-893cf073bacb" parentExecutionId="0a82d1a3-d828-4733-8de2-99698ff29801" testId="161f5d07-7835-e575-5072-b9d787ef451c" testName="ToResultAsync_Passing_StatusCodeAnd_MessageAndContentTypeAndHeader_Values_Returns_Values (/test)" computerName="PC-SFERRARI" duration="00:00:00.1765133" startTime="2021-01-15T21:32:56.7027223+00:00" endTime="2021-01-15T21:32:56.8796145+00:00" testType="13cdc9d9-ddb5-4fa4-a97d-d965ccfc6d4b" outcome="Passed" testListId="8c84fa94-04c1-424b-9868-57a2d4851a1d" relativeResultsDirectory="af1e130e-0bc3-4aad-aa85-893cf073bacb" dataRowInfo="1" resultType="DataDrivenDataRow">
          <Output>
            <StdOut>info: Microsoft.AspNetCore.Hosting.Diagnostics[1]&#xD;
      Request starting HTTP/1.1 GET http://localhost/test  &#xD;
info: Microsoft.AspNetCore.Hosting.Diagnostics[2]&#xD;
      Request finished in 23.9541ms 401 ce5e72da-fd9b-42fa-adce-499d6620e45f</StdOut>
          </Output>
        </UnitTestResult>
      </InnerResults>
    </UnitTestResult>
    <UnitTestResult executionId="1cbf66c2-eabc-460b-9aa2-2beac897201c" testId="6fc389b2-a5f3-ded0-63b6-7e1b4cca8442" testName="ToPaged_Passing_Name_Ascending_Order_Returns_Filter_List" computerName="PC-SFERRARI" duration="00:00:00.0018039" startTime="2021-01-15T21:32:56.8996016+00:00" endTime="2021-01-15T21:32:56.9015794+00:00" testType="13cdc9d9-ddb5-4fa4-a97d-d965ccfc6d4b" outcome="Passed" testListId="8c84fa94-04c1-424b-9868-57a2d4851a1d" relativeResultsDirectory="1cbf66c2-eabc-460b-9aa2-2beac897201c" />
    <UnitTestResult executionId="7973ec2e-801c-400d-a16e-5f6a3139a428" testId="f2d267b8-d5a7-6c91-de6d-813182908c7f" testName="IsDigit_Passing_InvalidArguments_Returns_HasErrorsAndCount" computerName="PC-SFERRARI" duration="00:00:00.0015530" startTime="2021-01-15T21:32:56.1971529+00:00" endTime="2021-01-15T21:32:56.1988355+00:00" testType="13cdc9d9-ddb5-4fa4-a97d-d965ccfc6d4b" outcome="Passed" testListId="8c84fa94-04c1-424b-9868-57a2d4851a1d" relativeResultsDirectory="7973ec2e-801c-400d-a16e-5f6a3139a428" />
    <UnitTestResult executionId="ab26bf55-5e1f-4c1f-895c-94a4c0282c18" testId="34e0940c-fc9c-71db-fc18-7d52ee8761a0" testName="ToAuthenticationType_Passing_Claims_Returns_Null" computerName="PC-SFERRARI" duration="00:00:00.0006140" startTime="2021-01-15T21:32:56.2855341+00:00" endTime="2021-01-15T21:32:56.2862593+00:00" testType="13cdc9d9-ddb5-4fa4-a97d-d965ccfc6d4b" outcome="Passed" testListId="8c84fa94-04c1-424b-9868-57a2d4851a1d" relativeResultsDirectory="ab26bf55-5e1f-4c1f-895c-94a4c0282c18" />
    <UnitTestResult executionId="b0d1a707-e456-4403-9e38-3a266488c3bb" testId="0cfd0c7c-1a61-7d19-c2fa-3c8a47ccf09c" testName="ToValues_Passing_ValidEnumType_Returns_ValuesListString" computerName="PC-SFERRARI" duration="00:00:00.0013565" startTime="2021-01-15T21:32:56.5218263+00:00" endTime="2021-01-15T21:32:56.5233578+00:00" testType="13cdc9d9-ddb5-4fa4-a97d-d965ccfc6d4b" outcome="Passed" testListId="8c84fa94-04c1-424b-9868-57a2d4851a1d" relativeResultsDirectory="b0d1a707-e456-4403-9e38-3a266488c3bb" />
    <UnitTestResult executionId="c2202e88-f0fd-4462-bfe9-8b9e3a3bafda" testId="5517211d-203c-115f-7dc1-6f48da8ab75b" testName="ToFirstLetterUpper_Passing_ValidValue_Returns_StringWithFirstLetterUpper" computerName="PC-SFERRARI" duration="00:00:00.0009819" startTime="2021-01-15T21:32:57.1359782+00:00" endTime="2021-01-15T21:32:57.1371011+00:00" testType="13cdc9d9-ddb5-4fa4-a97d-d965ccfc6d4b" outcome="Passed" testListId="8c84fa94-04c1-424b-9868-57a2d4851a1d" relativeResultsDirectory="c2202e88-f0fd-4462-bfe9-8b9e3a3bafda" resultType="DataDrivenTest">
      <InnerResults>
        <UnitTestResult executionId="3d49002d-f421-4f4a-8e18-fa988c2cf7de" parentExecutionId="c2202e88-f0fd-4462-bfe9-8b9e3a3bafda" testId="5517211d-203c-115f-7dc1-6f48da8ab75b" testName="ToFirstLetterUpper_Passing_ValidValue_Returns_StringWithFirstLetterUpper (aeiou,Aeiou)" computerName="PC-SFERRARI" duration="00:00:00.0006142" startTime="2021-01-15T21:32:57.1359782+00:00" endTime="2021-01-15T21:32:57.1371011+00:00" testType="13cdc9d9-ddb5-4fa4-a97d-d965ccfc6d4b" outcome="Passed" testListId="8c84fa94-04c1-424b-9868-57a2d4851a1d" relativeResultsDirectory="3d49002d-f421-4f4a-8e18-fa988c2cf7de" dataRowInfo="1" resultType="DataDrivenDataRow" />
        <UnitTestResult executionId="0a4dd614-e212-4bc4-a258-39986b51bb6f" parentExecutionId="c2202e88-f0fd-4462-bfe9-8b9e3a3bafda" testId="5517211d-203c-115f-7dc1-6f48da8ab75b" testName="ToFirstLetterUpper_Passing_ValidValue_Returns_StringWithFirstLetterUpper (aEIOU,AEIOU)" computerName="PC-SFERRARI" duration="00:00:00.0000107" startTime="2021-01-15T21:32:57.1359782+00:00" endTime="2021-01-15T21:32:57.1371011+00:00" testType="13cdc9d9-ddb5-4fa4-a97d-d965ccfc6d4b" outcome="Passed" testListId="8c84fa94-04c1-424b-9868-57a2d4851a1d" relativeResultsDirectory="0a4dd614-e212-4bc4-a258-39986b51bb6f" dataRowInfo="2" resultType="DataDrivenDataRow" />
        <UnitTestResult executionId="c59f54e0-0b7e-4af3-8edd-9b0ccf99ce85" parentExecutionId="c2202e88-f0fd-4462-bfe9-8b9e3a3bafda" testId="5517211d-203c-115f-7dc1-6f48da8ab75b" testName="ToFirstLetterUpper_Passing_ValidValue_Returns_StringWithFirstLetterUpper (aeioU,AeioU)" computerName="PC-SFERRARI" duration="00:00:00.0000080" startTime="2021-01-15T21:32:57.1359782+00:00" endTime="2021-01-15T21:32:57.1371011+00:00" testType="13cdc9d9-ddb5-4fa4-a97d-d965ccfc6d4b" outcome="Passed" testListId="8c84fa94-04c1-424b-9868-57a2d4851a1d" relativeResultsDirectory="c59f54e0-0b7e-4af3-8edd-9b0ccf99ce85" dataRowInfo="3" resultType="DataDrivenDataRow" />
        <UnitTestResult executionId="16ae2efc-4ae5-4be8-9ee4-3ece241c9f17" parentExecutionId="c2202e88-f0fd-4462-bfe9-8b9e3a3bafda" testId="5517211d-203c-115f-7dc1-6f48da8ab75b" testName="ToFirstLetterUpper_Passing_ValidValue_Returns_StringWithFirstLetterUpper (AEIOU,AEIOU)" computerName="PC-SFERRARI" duration="00:00:00.0000045" startTime="2021-01-15T21:32:57.1359782+00:00" endTime="2021-01-15T21:32:57.1371011+00:00" testType="13cdc9d9-ddb5-4fa4-a97d-d965ccfc6d4b" outcome="Passed" testListId="8c84fa94-04c1-424b-9868-57a2d4851a1d" relativeResultsDirectory="16ae2efc-4ae5-4be8-9ee4-3ece241c9f17" dataRowInfo="4" resultType="DataDrivenDataRow" />
        <UnitTestResult executionId="9b037a25-d931-49ed-9bf1-84a7018ec156" parentExecutionId="c2202e88-f0fd-4462-bfe9-8b9e3a3bafda" testId="5517211d-203c-115f-7dc1-6f48da8ab75b" testName="ToFirstLetterUpper_Passing_ValidValue_Returns_StringWithFirstLetterUpper (Aeiou,Aeiou)" computerName="PC-SFERRARI" duration="00:00:00.0000035" startTime="2021-01-15T21:32:57.1359782+00:00" endTime="2021-01-15T21:32:57.1371011+00:00" testType="13cdc9d9-ddb5-4fa4-a97d-d965ccfc6d4b" outcome="Passed" testListId="8c84fa94-04c1-424b-9868-57a2d4851a1d" relativeResultsDirectory="9b037a25-d931-49ed-9bf1-84a7018ec156" dataRowInfo="5" resultType="DataDrivenDataRow" />
      </InnerResults>
    </UnitTestResult>
    <UnitTestResult executionId="b15f9c04-ae3d-4b57-aca5-6ee5bb0323d3" testId="8a5cc6e0-e73e-2131-64bd-e73fc6c2a32e" testName="IsRange_Passing_InvalidArguments_Returns_HasErrorsAndCount" computerName="PC-SFERRARI" duration="00:00:00.0011734" startTime="2021-01-15T21:32:56.2279568+00:00" endTime="2021-01-15T21:32:56.2292563+00:00" testType="13cdc9d9-ddb5-4fa4-a97d-d965ccfc6d4b" outcome="Passed" testListId="8c84fa94-04c1-424b-9868-57a2d4851a1d" relativeResultsDirectory="b15f9c04-ae3d-4b57-aca5-6ee5bb0323d3" />
    <UnitTestResult executionId="9534cc47-278a-4d8f-90b1-05b85c5ea46c" testId="74c0befe-cdb2-1fdf-be71-2a39199bb5c9" testName="ToService_Passing_Service_Not_Found_Returns_ApplicationException" computerName="PC-SFERRARI" duration="00:00:00.0006029" startTime="2021-01-15T21:32:56.1211594+00:00" endTime="2021-01-15T21:32:56.1218562+00:00" testType="13cdc9d9-ddb5-4fa4-a97d-d965ccfc6d4b" outcome="Passed" testListId="8c84fa94-04c1-424b-9868-57a2d4851a1d" relativeResultsDirectory="9534cc47-278a-4d8f-90b1-05b85c5ea46c" />
    <UnitTestResult executionId="c832e2b7-0f48-4566-8526-777b7586721a" testId="bc15aa99-72de-0e5a-b6e8-2d654659d591" testName="ToUri_Passing_InvalidValueString_Returns_DefaultValue" computerName="PC-SFERRARI" duration="00:00:00.0018281" startTime="2021-01-15T21:32:57.2132723+00:00" endTime="2021-01-15T21:32:57.2153657+00:00" testType="13cdc9d9-ddb5-4fa4-a97d-d965ccfc6d4b" outcome="Passed" testListId="8c84fa94-04c1-424b-9868-57a2d4851a1d" relativeResultsDirectory="c832e2b7-0f48-4566-8526-777b7586721a" resultType="DataDrivenTest">
      <InnerResults>
        <UnitTestResult executionId="bf38fc86-6e22-4891-93d3-1120e8f41ec6" parentExecutionId="c832e2b7-0f48-4566-8526-777b7586721a" testId="bc15aa99-72de-0e5a-b6e8-2d654659d591" testName="ToUri_Passing_InvalidValueString_Returns_DefaultValue (http://?)" computerName="PC-SFERRARI" duration="00:00:00.0014688" startTime="2021-01-15T21:32:57.2132723+00:00" endTime="2021-01-15T21:32:57.2153657+00:00" testType="13cdc9d9-ddb5-4fa4-a97d-d965ccfc6d4b" outcome="Passed" testListId="8c84fa94-04c1-424b-9868-57a2d4851a1d" relativeResultsDirectory="bf38fc86-6e22-4891-93d3-1120e8f41ec6" dataRowInfo="1" resultType="DataDrivenDataRow" />
        <UnitTestResult executionId="d9ac7e78-cb68-4711-989f-eebef5be3562" parentExecutionId="c832e2b7-0f48-4566-8526-777b7586721a" testId="bc15aa99-72de-0e5a-b6e8-2d654659d591" testName="ToUri_Passing_InvalidValueString_Returns_DefaultValue (http://)" computerName="PC-SFERRARI" duration="00:00:00.0000202" startTime="2021-01-15T21:32:57.2132723+00:00" endTime="2021-01-15T21:32:57.2153657+00:00" testType="13cdc9d9-ddb5-4fa4-a97d-d965ccfc6d4b" outcome="Passed" testListId="8c84fa94-04c1-424b-9868-57a2d4851a1d" relativeResultsDirectory="d9ac7e78-cb68-4711-989f-eebef5be3562" dataRowInfo="2" resultType="DataDrivenDataRow" />
        <UnitTestResult executionId="3273009f-7f1b-4df5-b614-c20cecb2f5bd" parentExecutionId="c832e2b7-0f48-4566-8526-777b7586721a" testId="bc15aa99-72de-0e5a-b6e8-2d654659d591" testName="ToUri_Passing_InvalidValueString_Returns_DefaultValue (http://.)" computerName="PC-SFERRARI" duration="00:00:00.0000339" startTime="2021-01-15T21:32:57.2132723+00:00" endTime="2021-01-15T21:32:57.2153657+00:00" testType="13cdc9d9-ddb5-4fa4-a97d-d965ccfc6d4b" outcome="Passed" testListId="8c84fa94-04c1-424b-9868-57a2d4851a1d" relativeResultsDirectory="3273009f-7f1b-4df5-b614-c20cecb2f5bd" dataRowInfo="3" resultType="DataDrivenDataRow" />
        <UnitTestResult executionId="5d326fff-fbaf-4497-b489-7d404d7e9a29" parentExecutionId="c832e2b7-0f48-4566-8526-777b7586721a" testId="bc15aa99-72de-0e5a-b6e8-2d654659d591" testName="ToUri_Passing_InvalidValueString_Returns_DefaultValue (http://..)" computerName="PC-SFERRARI" duration="00:00:00.0000063" startTime="2021-01-15T21:32:57.2132723+00:00" endTime="2021-01-15T21:32:57.2153657+00:00" testType="13cdc9d9-ddb5-4fa4-a97d-d965ccfc6d4b" outcome="Passed" testListId="8c84fa94-04c1-424b-9868-57a2d4851a1d" relativeResultsDirectory="5d326fff-fbaf-4497-b489-7d404d7e9a29" dataRowInfo="4" resultType="DataDrivenDataRow" />
        <UnitTestResult executionId="ca3e6d4e-0939-4780-b614-4723f254274f" parentExecutionId="c832e2b7-0f48-4566-8526-777b7586721a" testId="bc15aa99-72de-0e5a-b6e8-2d654659d591" testName="ToUri_Passing_InvalidValueString_Returns_DefaultValue (http://../)" computerName="PC-SFERRARI" duration="00:00:00.0000135" startTime="2021-01-15T21:32:57.2132723+00:00" endTime="2021-01-15T21:32:57.2153657+00:00" testType="13cdc9d9-ddb5-4fa4-a97d-d965ccfc6d4b" outcome="Passed" testListId="8c84fa94-04c1-424b-9868-57a2d4851a1d" relativeResultsDirectory="ca3e6d4e-0939-4780-b614-4723f254274f" dataRowInfo="5" resultType="DataDrivenDataRow" />
        <UnitTestResult executionId="813c9a03-c57b-4b40-8228-328cffe8f778" parentExecutionId="c832e2b7-0f48-4566-8526-777b7586721a" testId="bc15aa99-72de-0e5a-b6e8-2d654659d591" testName="ToUri_Passing_InvalidValueString_Returns_DefaultValue (http://?)" computerName="PC-SFERRARI" duration="00:00:00.0000078" startTime="2021-01-15T21:32:57.2132723+00:00" endTime="2021-01-15T21:32:57.2153657+00:00" testType="13cdc9d9-ddb5-4fa4-a97d-d965ccfc6d4b" outcome="Passed" testListId="8c84fa94-04c1-424b-9868-57a2d4851a1d" relativeResultsDirectory="813c9a03-c57b-4b40-8228-328cffe8f778" dataRowInfo="6" resultType="DataDrivenDataRow" />
        <UnitTestResult executionId="e8db8447-991a-4575-8984-f52c28b716f3" parentExecutionId="c832e2b7-0f48-4566-8526-777b7586721a" testId="bc15aa99-72de-0e5a-b6e8-2d654659d591" testName="ToUri_Passing_InvalidValueString_Returns_DefaultValue (http://??)" computerName="PC-SFERRARI" duration="00:00:00.0000059" startTime="2021-01-15T21:32:57.2132723+00:00" endTime="2021-01-15T21:32:57.2153657+00:00" testType="13cdc9d9-ddb5-4fa4-a97d-d965ccfc6d4b" outcome="Passed" testListId="8c84fa94-04c1-424b-9868-57a2d4851a1d" relativeResultsDirectory="e8db8447-991a-4575-8984-f52c28b716f3" dataRowInfo="7" resultType="DataDrivenDataRow" />
        <UnitTestResult executionId="3c2ccf86-541d-4508-82a6-0a609ef25755" parentExecutionId="c832e2b7-0f48-4566-8526-777b7586721a" testId="bc15aa99-72de-0e5a-b6e8-2d654659d591" testName="ToUri_Passing_InvalidValueString_Returns_DefaultValue (http://??/)" computerName="PC-SFERRARI" duration="00:00:00.0000043" startTime="2021-01-15T21:32:57.2132723+00:00" endTime="2021-01-15T21:32:57.2153657+00:00" testType="13cdc9d9-ddb5-4fa4-a97d-d965ccfc6d4b" outcome="Passed" testListId="8c84fa94-04c1-424b-9868-57a2d4851a1d" relativeResultsDirectory="3c2ccf86-541d-4508-82a6-0a609ef25755" dataRowInfo="8" resultType="DataDrivenDataRow" />
        <UnitTestResult executionId="08aed48c-a8ac-45c2-bfd5-b1970bbb7265" parentExecutionId="c832e2b7-0f48-4566-8526-777b7586721a" testId="bc15aa99-72de-0e5a-b6e8-2d654659d591" testName="ToUri_Passing_InvalidValueString_Returns_DefaultValue (http://#)" computerName="PC-SFERRARI" duration="00:00:00.0000044" startTime="2021-01-15T21:32:57.2132723+00:00" endTime="2021-01-15T21:32:57.2153657+00:00" testType="13cdc9d9-ddb5-4fa4-a97d-d965ccfc6d4b" outcome="Passed" testListId="8c84fa94-04c1-424b-9868-57a2d4851a1d" relativeResultsDirectory="08aed48c-a8ac-45c2-bfd5-b1970bbb7265" dataRowInfo="9" resultType="DataDrivenDataRow" />
        <UnitTestResult executionId="19c5eddd-240c-45e0-a159-a06a5c11b017" parentExecutionId="c832e2b7-0f48-4566-8526-777b7586721a" testId="bc15aa99-72de-0e5a-b6e8-2d654659d591" testName="ToUri_Passing_InvalidValueString_Returns_DefaultValue (http://##)" computerName="PC-SFERRARI" duration="00:00:00.0000059" startTime="2021-01-15T21:32:57.2132723+00:00" endTime="2021-01-15T21:32:57.2153657+00:00" testType="13cdc9d9-ddb5-4fa4-a97d-d965ccfc6d4b" outcome="Passed" testListId="8c84fa94-04c1-424b-9868-57a2d4851a1d" relativeResultsDirectory="19c5eddd-240c-45e0-a159-a06a5c11b017" dataRowInfo="10" resultType="DataDrivenDataRow" />
        <UnitTestResult executionId="85513b8d-5bd6-4777-a9fe-621743c07a5c" parentExecutionId="c832e2b7-0f48-4566-8526-777b7586721a" testId="bc15aa99-72de-0e5a-b6e8-2d654659d591" testName="ToUri_Passing_InvalidValueString_Returns_DefaultValue (http://##/)" computerName="PC-SFERRARI" duration="00:00:00.0000057" startTime="2021-01-15T21:32:57.2132723+00:00" endTime="2021-01-15T21:32:57.2153657+00:00" testType="13cdc9d9-ddb5-4fa4-a97d-d965ccfc6d4b" outcome="Passed" testListId="8c84fa94-04c1-424b-9868-57a2d4851a1d" relativeResultsDirectory="85513b8d-5bd6-4777-a9fe-621743c07a5c" dataRowInfo="11" resultType="DataDrivenDataRow" />
      </InnerResults>
    </UnitTestResult>
    <UnitTestResult executionId="c96d90f1-0855-4eb2-921a-8545c4fb7a6a" testId="c1b4b96f-5089-058a-db94-14574ac1ddcf" testName="ResultError_WithMessage_WithDetails" computerName="PC-SFERRARI" duration="00:00:00.0002481" startTime="2021-01-15T21:32:56.9348276+00:00" endTime="2021-01-15T21:32:56.9351813+00:00" testType="13cdc9d9-ddb5-4fa4-a97d-d965ccfc6d4b" outcome="Passed" testListId="8c84fa94-04c1-424b-9868-57a2d4851a1d" relativeResultsDirectory="c96d90f1-0855-4eb2-921a-8545c4fb7a6a" />
    <UnitTestResult executionId="f4c89ad1-74ad-4199-8548-ac13b44d0d4b" testId="180814cc-22f9-91b2-cd9a-f54be7e1ba18" testName="IsEmail_Passing_InvalidArguments_Returns_HasErrorsAndCount" computerName="PC-SFERRARI" duration="00:00:00.0001821" startTime="2021-01-15T21:32:56.2067462+00:00" endTime="2021-01-15T21:32:56.2070020+00:00" testType="13cdc9d9-ddb5-4fa4-a97d-d965ccfc6d4b" outcome="Passed" testListId="8c84fa94-04c1-424b-9868-57a2d4851a1d" relativeResultsDirectory="f4c89ad1-74ad-4199-8548-ac13b44d0d4b" />
    <UnitTestResult executionId="9265d90d-ccd2-4ee0-84e3-c825eb14f3df" testId="2aceb911-de9d-b2eb-c8db-f6b3f880216f" testName="ToService_Passing_Valid_Service_Returns_Service" computerName="PC-SFERRARI" duration="00:00:00.0005521" startTime="2021-01-15T21:32:56.1223410+00:00" endTime="2021-01-15T21:32:56.1229834+00:00" testType="13cdc9d9-ddb5-4fa4-a97d-d965ccfc6d4b" outcome="Passed" testListId="8c84fa94-04c1-424b-9868-57a2d4851a1d" relativeResultsDirectory="9265d90d-ccd2-4ee0-84e3-c825eb14f3df" />
    <UnitTestResult executionId="8040205e-edfb-4004-be92-f0220f558955" testId="922c5a5d-5d46-b5de-bcbd-4fac0addd422" testName="IsNullOrAny_Passing_InvalidArguments_Returns_HasErrorsAndCount" computerName="PC-SFERRARI" duration="00:00:00.0028034" startTime="2021-01-15T21:32:56.2226586+00:00" endTime="2021-01-15T21:32:56.2255723+00:00" testType="13cdc9d9-ddb5-4fa4-a97d-d965ccfc6d4b" outcome="Passed" testListId="8c84fa94-04c1-424b-9868-57a2d4851a1d" relativeResultsDirectory="8040205e-edfb-4004-be92-f0220f558955" />
    <UnitTestResult executionId="35c45a42-0f5f-4a35-b78e-54b423214303" testId="b871cd27-681f-8d07-6c2a-809341ba2909" testName="ToList_Passing_ValidEnumTypeWithSelectedValue_Returns_ValuesList" computerName="PC-SFERRARI" duration="00:00:00.0005297" startTime="2021-01-15T21:32:56.5204863+00:00" endTime="2021-01-15T21:32:56.5211762+00:00" testType="13cdc9d9-ddb5-4fa4-a97d-d965ccfc6d4b" outcome="Passed" testListId="8c84fa94-04c1-424b-9868-57a2d4851a1d" relativeResultsDirectory="35c45a42-0f5f-4a35-b78e-54b423214303" />
    <UnitTestResult executionId="4a5a5011-c9ce-4a21-8e76-327497957fd1" testId="43c10c64-8836-30db-afbe-d1657a7dd9d8" testName="ToHeader_Passing_HttpRequest_Header_Many_Values_Returns_Values" computerName="PC-SFERRARI" duration="00:00:00.0456758" startTime="2021-01-15T21:32:56.6407366+00:00" endTime="2021-01-15T21:32:56.6868434+00:00" testType="13cdc9d9-ddb5-4fa4-a97d-d965ccfc6d4b" outcome="Passed" testListId="8c84fa94-04c1-424b-9868-57a2d4851a1d" relativeResultsDirectory="4a5a5011-c9ce-4a21-8e76-327497957fd1" />
    <UnitTestResult executionId="49caa382-a27f-4524-bea1-742c10915abb" testId="a6625fb0-1b80-148b-87dc-9cf616e5e84d" testName="ToList_Passing_ValidEnumType_Returns_ValuesList" computerName="PC-SFERRARI" duration="00:00:00.0003757" startTime="2021-01-15T21:32:56.5212093+00:00" endTime="2021-01-15T21:32:56.5217799+00:00" testType="13cdc9d9-ddb5-4fa4-a97d-d965ccfc6d4b" outcome="Passed" testListId="8c84fa94-04c1-424b-9868-57a2d4851a1d" relativeResultsDirectory="49caa382-a27f-4524-bea1-742c10915abb" />
    <UnitTestResult executionId="8e06c027-3246-4e8f-a479-113adbeac6e7" testId="447ced0a-6221-43ff-44ab-4ee12ee4d012" testName="IsDomain_Passing_ValidArguments_Returns_HasErrorsAndCount" computerName="PC-SFERRARI" duration="00:00:00.0003409" startTime="2021-01-15T21:32:56.2062260+00:00" endTime="2021-01-15T21:32:56.2067023+00:00" testType="13cdc9d9-ddb5-4fa4-a97d-d965ccfc6d4b" outcome="Passed" testListId="8c84fa94-04c1-424b-9868-57a2d4851a1d" relativeResultsDirectory="8e06c027-3246-4e8f-a479-113adbeac6e7" />
    <UnitTestResult executionId="2e1ac643-61f6-45e3-9d91-85f00a937606" testId="856fd0c8-b6f8-9265-ccfd-2a9e615488e2" testName="ToUserName_Passing_Valid_UserName_ClaimsPrincipal_Returns_String_UserName_Value" computerName="PC-SFERRARI" duration="00:00:00.0006652" startTime="2021-01-15T21:32:56.3460884+00:00" endTime="2021-01-15T21:32:56.3468592+00:00" testType="13cdc9d9-ddb5-4fa4-a97d-d965ccfc6d4b" outcome="Passed" testListId="8c84fa94-04c1-424b-9868-57a2d4851a1d" relativeResultsDirectory="2e1ac643-61f6-45e3-9d91-85f00a937606" />
    <UnitTestResult executionId="87ca9066-c942-4670-819b-5d1b9bc60048" testId="a1095294-226e-a0f0-0154-11290289c9db" testName="ToStringFormat_Passing_ValidValue_Returns_ValueWithoutRemovedChars" computerName="PC-SFERRARI" duration="00:00:00.0004647" startTime="2021-01-15T21:32:56.8798089+00:00" endTime="2021-01-15T21:32:56.8804786+00:00" testType="13cdc9d9-ddb5-4fa4-a97d-d965ccfc6d4b" outcome="Passed" testListId="8c84fa94-04c1-424b-9868-57a2d4851a1d" relativeResultsDirectory="87ca9066-c942-4670-819b-5d1b9bc60048" resultType="DataDrivenTest">
      <InnerResults>
        <UnitTestResult executionId="84addbd9-6dda-4cb8-9b6f-2f74d2f51a09" parentExecutionId="87ca9066-c942-4670-819b-5d1b9bc60048" testId="a1095294-226e-a0f0-0154-11290289c9db" testName="ToStringFormat_Passing_ValidValue_Returns_ValueWithoutRemovedChars (0)" computerName="PC-SFERRARI" duration="00:00:00.0003735" startTime="2021-01-15T21:32:56.8798089+00:00" endTime="2021-01-15T21:32:56.8804786+00:00" testType="13cdc9d9-ddb5-4fa4-a97d-d965ccfc6d4b" outcome="Passed" testListId="8c84fa94-04c1-424b-9868-57a2d4851a1d" relativeResultsDirectory="84addbd9-6dda-4cb8-9b6f-2f74d2f51a09" dataRowInfo="1" resultType="DataDrivenDataRow" />
        <UnitTestResult executionId="f63d4820-b32f-47d1-9134-5025f21e3016" parentExecutionId="87ca9066-c942-4670-819b-5d1b9bc60048" testId="a1095294-226e-a0f0-0154-11290289c9db" testName="ToStringFormat_Passing_ValidValue_Returns_ValueWithoutRemovedChars (1)" computerName="PC-SFERRARI" duration="00:00:00.0000064" startTime="2021-01-15T21:32:56.8798089+00:00" endTime="2021-01-15T21:32:56.8804786+00:00" testType="13cdc9d9-ddb5-4fa4-a97d-d965ccfc6d4b" outcome="Passed" testListId="8c84fa94-04c1-424b-9868-57a2d4851a1d" relativeResultsDirectory="f63d4820-b32f-47d1-9134-5025f21e3016" dataRowInfo="2" resultType="DataDrivenDataRow" />
        <UnitTestResult executionId="7d58b6f2-3bb9-40cf-972b-cfa68009a115" parentExecutionId="87ca9066-c942-4670-819b-5d1b9bc60048" testId="a1095294-226e-a0f0-0154-11290289c9db" testName="ToStringFormat_Passing_ValidValue_Returns_ValueWithoutRemovedChars (-1)" computerName="PC-SFERRARI" duration="00:00:00.0000083" startTime="2021-01-15T21:32:56.8798089+00:00" endTime="2021-01-15T21:32:56.8804786+00:00" testType="13cdc9d9-ddb5-4fa4-a97d-d965ccfc6d4b" outcome="Passed" testListId="8c84fa94-04c1-424b-9868-57a2d4851a1d" relativeResultsDirectory="7d58b6f2-3bb9-40cf-972b-cfa68009a115" dataRowInfo="3" resultType="DataDrivenDataRow" />
        <UnitTestResult executionId="8f9c4fec-0b91-4f14-962b-727ef44567d8" parentExecutionId="87ca9066-c942-4670-819b-5d1b9bc60048" testId="a1095294-226e-a0f0-0154-11290289c9db" testName="ToStringFormat_Passing_ValidValue_Returns_ValueWithoutRemovedChars (2147483647)" computerName="PC-SFERRARI" duration="00:00:00.0000020" startTime="2021-01-15T21:32:56.8798089+00:00" endTime="2021-01-15T21:32:56.8804786+00:00" testType="13cdc9d9-ddb5-4fa4-a97d-d965ccfc6d4b" outcome="Passed" testListId="8c84fa94-04c1-424b-9868-57a2d4851a1d" relativeResultsDirectory="8f9c4fec-0b91-4f14-962b-727ef44567d8" dataRowInfo="4" resultType="DataDrivenDataRow" />
        <UnitTestResult executionId="c5787818-7024-429d-a764-752fad9828c8" parentExecutionId="87ca9066-c942-4670-819b-5d1b9bc60048" testId="a1095294-226e-a0f0-0154-11290289c9db" testName="ToStringFormat_Passing_ValidValue_Returns_ValueWithoutRemovedChars (-2147483648)" computerName="PC-SFERRARI" duration="00:00:00.0000018" startTime="2021-01-15T21:32:56.8798089+00:00" endTime="2021-01-15T21:32:56.8804786+00:00" testType="13cdc9d9-ddb5-4fa4-a97d-d965ccfc6d4b" outcome="Passed" testListId="8c84fa94-04c1-424b-9868-57a2d4851a1d" relativeResultsDirectory="c5787818-7024-429d-a764-752fad9828c8" dataRowInfo="5" resultType="DataDrivenDataRow" />
      </InnerResults>
    </UnitTestResult>
    <UnitTestResult executionId="39495982-d969-4ecf-b959-7f166e360f99" testId="071a93ca-ce4d-3349-fe5a-5052bf3ce103" testName="ResultError_WithTitle_WithStatusCode_WithDetails_WithExceptionType_WithMessages_WithErrors" computerName="PC-SFERRARI" duration="00:00:00.0057428" startTime="2021-01-15T21:32:56.9352041+00:00" endTime="2021-01-15T21:32:56.9410316+00:00" testType="13cdc9d9-ddb5-4fa4-a97d-d965ccfc6d4b" outcome="Passed" testListId="8c84fa94-04c1-424b-9868-57a2d4851a1d" relativeResultsDirectory="39495982-d969-4ecf-b959-7f166e360f99" />
    <UnitTestResult executionId="0712cd38-c5e1-43ba-a1cb-5f034921fa88" testId="635e001f-2a50-f191-84e2-e81cd2000fdf" testName="ToAuthenticationType_Passing_Claims_Returns_AuthenticationType_Name" computerName="PC-SFERRARI" duration="00:00:00.0456919" startTime="2021-01-15T21:32:56.2391528+00:00" endTime="2021-01-15T21:32:56.2854943+00:00" testType="13cdc9d9-ddb5-4fa4-a97d-d965ccfc6d4b" outcome="Passed" testListId="8c84fa94-04c1-424b-9868-57a2d4851a1d" relativeResultsDirectory="0712cd38-c5e1-43ba-a1cb-5f034921fa88" />
    <UnitTestResult executionId="beebde14-2215-4248-aa8d-254f8d47f8af" testId="832c041a-0c55-5788-b9d7-40a6ab6eae94" testName="ResultOkData_WithMessage" computerName="PC-SFERRARI" duration="00:00:00.0056690" startTime="2021-01-15T21:32:56.9461365+00:00" endTime="2021-01-15T21:32:56.9519273+00:00" testType="13cdc9d9-ddb5-4fa4-a97d-d965ccfc6d4b" outcome="Passed" testListId="8c84fa94-04c1-424b-9868-57a2d4851a1d" relativeResultsDirectory="beebde14-2215-4248-aa8d-254f8d47f8af" />
    <UnitTestResult executionId="e68a20aa-9ca5-472d-aedd-1be5be60f3eb" testId="0a999e9b-220b-0f64-a533-84896c20ce13" testName="ResultOkData" computerName="PC-SFERRARI" duration="00:00:00.0044652" startTime="2021-01-15T21:32:56.9415394+00:00" endTime="2021-01-15T21:32:56.9460966+00:00" testType="13cdc9d9-ddb5-4fa4-a97d-d965ccfc6d4b" outcome="Passed" testListId="8c84fa94-04c1-424b-9868-57a2d4851a1d" relativeResultsDirectory="e68a20aa-9ca5-472d-aedd-1be5be60f3eb" />
    <UnitTestResult executionId="13bbfc17-9377-4c15-80f5-e195cd05be6d" testId="77fe17c3-3cf8-a189-4d95-b2e0d3ca9579" testName="CreateSHA256_Passing_Invalid_Arguments_Returns_ApplicationException" computerName="PC-SFERRARI" duration="00:00:00.0008162" startTime="2021-01-15T21:32:56.5886053+00:00" endTime="2021-01-15T21:32:56.5895389+00:00" testType="13cdc9d9-ddb5-4fa4-a97d-d965ccfc6d4b" outcome="Passed" testListId="8c84fa94-04c1-424b-9868-57a2d4851a1d" relativeResultsDirectory="13bbfc17-9377-4c15-80f5-e195cd05be6d" resultType="DataDrivenTest">
      <InnerResults>
        <UnitTestResult executionId="367e92dd-15a9-4341-820e-30c71c869ec9" parentExecutionId="13bbfc17-9377-4c15-80f5-e195cd05be6d" testId="77fe17c3-3cf8-a189-4d95-b2e0d3ca9579" testName="CreateSHA256_Passing_Invalid_Arguments_Returns_ApplicationException ()" computerName="PC-SFERRARI" duration="00:00:00.0005825" startTime="2021-01-15T21:32:56.5886053+00:00" endTime="2021-01-15T21:32:56.5895389+00:00" testType="13cdc9d9-ddb5-4fa4-a97d-d965ccfc6d4b" outcome="Passed" testListId="8c84fa94-04c1-424b-9868-57a2d4851a1d" relativeResultsDirectory="367e92dd-15a9-4341-820e-30c71c869ec9" dataRowInfo="1" resultType="DataDrivenDataRow" />
        <UnitTestResult executionId="7ce25b1b-dede-4f6e-a6c8-4c33e590c33a" parentExecutionId="13bbfc17-9377-4c15-80f5-e195cd05be6d" testId="77fe17c3-3cf8-a189-4d95-b2e0d3ca9579" testName="CreateSHA256_Passing_Invalid_Arguments_Returns_ApplicationException ()" computerName="PC-SFERRARI" duration="00:00:00.0000762" startTime="2021-01-15T21:32:56.5886053+00:00" endTime="2021-01-15T21:32:56.5895389+00:00" testType="13cdc9d9-ddb5-4fa4-a97d-d965ccfc6d4b" outcome="Passed" testListId="8c84fa94-04c1-424b-9868-57a2d4851a1d" relativeResultsDirectory="7ce25b1b-dede-4f6e-a6c8-4c33e590c33a" dataRowInfo="2" resultType="DataDrivenDataRow" />
        <UnitTestResult executionId="59c2a978-a277-4a17-b430-860e336a8872" parentExecutionId="13bbfc17-9377-4c15-80f5-e195cd05be6d" testId="77fe17c3-3cf8-a189-4d95-b2e0d3ca9579" testName="CreateSHA256_Passing_Invalid_Arguments_Returns_ApplicationException ( )" computerName="PC-SFERRARI" duration="00:00:00.0000580" startTime="2021-01-15T21:32:56.5886053+00:00" endTime="2021-01-15T21:32:56.5895389+00:00" testType="13cdc9d9-ddb5-4fa4-a97d-d965ccfc6d4b" outcome="Passed" testListId="8c84fa94-04c1-424b-9868-57a2d4851a1d" relativeResultsDirectory="59c2a978-a277-4a17-b430-860e336a8872" dataRowInfo="3" resultType="DataDrivenDataRow" />
      </InnerResults>
    </UnitTestResult>
    <UnitTestResult executionId="9e5d4ea7-95d7-40e5-ba51-36c0f0837cb9" testId="ab527057-69f2-0a9a-89fd-18928a3920fd" testName="ToHashAlgorithmName_Passing_InvalidValueStringWithDefaultValue_Returns_DefaultValue" computerName="PC-SFERRARI" duration="00:00:00.0001963" startTime="2021-01-15T21:32:57.1468634+00:00" endTime="2021-01-15T21:32:57.1471294+00:00" testType="13cdc9d9-ddb5-4fa4-a97d-d965ccfc6d4b" outcome="Passed" testListId="8c84fa94-04c1-424b-9868-57a2d4851a1d" relativeResultsDirectory="9e5d4ea7-95d7-40e5-ba51-36c0f0837cb9" resultType="DataDrivenTest">
      <InnerResults>
        <UnitTestResult executionId="082a5365-9fdb-4ed6-8c9a-18e552551120" parentExecutionId="9e5d4ea7-95d7-40e5-ba51-36c0f0837cb9" testId="ab527057-69f2-0a9a-89fd-18928a3920fd" testName="ToHashAlgorithmName_Passing_InvalidValueStringWithDefaultValue_Returns_DefaultValue (hhhhhh)" computerName="PC-SFERRARI" duration="00:00:00.0001674" startTime="2021-01-15T21:32:57.1468634+00:00" endTime="2021-01-15T21:32:57.1471294+00:00" testType="13cdc9d9-ddb5-4fa4-a97d-d965ccfc6d4b" outcome="Passed" testListId="8c84fa94-04c1-424b-9868-57a2d4851a1d" relativeResultsDirectory="082a5365-9fdb-4ed6-8c9a-18e552551120" dataRowInfo="1" resultType="DataDrivenDataRow" />
      </InnerResults>
    </UnitTestResult>
    <UnitTestResult executionId="37b451d7-c9fe-4f1f-8d63-5a10c5c38c98" testId="c2d3c8df-32e7-92dc-91f8-057e8c4da6b9" testName="ToTomorrow_Passing_DateTime_Returns_Tomorrow_DateTime" computerName="PC-SFERRARI" duration="00:00:00.0001959" startTime="2021-01-15T21:32:56.4934740+00:00" endTime="2021-01-15T21:32:56.4937359+00:00" testType="13cdc9d9-ddb5-4fa4-a97d-d965ccfc6d4b" outcome="Passed" testListId="8c84fa94-04c1-424b-9868-57a2d4851a1d" relativeResultsDirectory="37b451d7-c9fe-4f1f-8d63-5a10c5c38c98" />
    <UnitTestResult executionId="ed5c90a0-f8ff-4310-8293-80519932d849" testId="678a7b5d-e2f9-09be-f35f-0e3e4d5ad033" testName="ToDeserialize_Passing_String_Returns_Object" computerName="PC-SFERRARI" duration="00:00:00.0042354" startTime="2021-01-15T21:32:56.8862956+00:00" endTime="2021-01-15T21:32:56.8912071+00:00" testType="13cdc9d9-ddb5-4fa4-a97d-d965ccfc6d4b" outcome="Passed" testListId="8c84fa94-04c1-424b-9868-57a2d4851a1d" relativeResultsDirectory="ed5c90a0-f8ff-4310-8293-80519932d849" />
  </Results>
  <TestDefinitions>
    <UnitTest name="ToIsAuthenticated_Passing_Claims_Returns_False" storage="d:\sferrari\01 - trabajo\repos\netcore\template-netcore-shared\kitpymes.core.shared.tests\bin\debug\netcoreapp3.0\kitpymes.core.shared.tests.dll" id="7384e2f6-7a7f-d462-78fa-5bf7f49c326a">
      <Execution id="d375f3c8-7a91-405f-9d6f-e49413d358c9" />
      <TestMethod codeBase="D:\SFERRARI\01 - TRABAJO\repos\netcore\template-netcore-shared\Kitpymes.Core.Shared.Tests\bin\Debug\netcoreapp3.0\Kitpymes.Core.Shared.Tests.dll" adapterTypeName="executor://mstestadapter/v2" className="Kitpymes.Core.Shared.Tests.ClaimsPrincipalExtensionsTests" name="ToIsAuthenticated_Passing_Claims_Returns_False" />
    </UnitTest>
    <UnitTest name="ToReadOnly_Passing_Valid_Collection_Returns_Readonly_Collection" storage="d:\sferrari\01 - trabajo\repos\netcore\template-netcore-shared\kitpymes.core.shared.tests\bin\debug\netcoreapp3.0\kitpymes.core.shared.tests.dll" id="42ded375-26ee-044e-44a7-9eab5e4cd342">
      <Execution id="433700f0-befe-454f-985b-d0a35726da21" />
      <TestMethod codeBase="D:\SFERRARI\01 - TRABAJO\repos\netcore\template-netcore-shared\Kitpymes.Core.Shared.Tests\bin\Debug\netcoreapp3.0\Kitpymes.Core.Shared.Tests.dll" adapterTypeName="executor://mstestadapter/v2" className="Kitpymes.Core.Shared.Tests.EnumerableExtensionsTests" name="ToReadOnly_Passing_Valid_Collection_Returns_Readonly_Collection" />
    </UnitTest>
    <UnitTest name="ToUserName_Passing_Null_ClaimsPrincipal_Returns_ApplicationException" storage="d:\sferrari\01 - trabajo\repos\netcore\template-netcore-shared\kitpymes.core.shared.tests\bin\debug\netcoreapp3.0\kitpymes.core.shared.tests.dll" id="65b9c427-b5ec-99b4-199a-0093cd460501">
      <Execution id="494c32cf-32aa-4e63-83fb-f12bcd2c377e" />
      <TestMethod codeBase="D:\SFERRARI\01 - TRABAJO\repos\netcore\template-netcore-shared\Kitpymes.Core.Shared.Tests\bin\Debug\netcoreapp3.0\Kitpymes.Core.Shared.Tests.dll" adapterTypeName="executor://mstestadapter/v2" className="Kitpymes.Core.Shared.Tests.ClaimsPrincipalExtensionsTests" name="ToUserName_Passing_Null_ClaimsPrincipal_Returns_ApplicationException" />
    </UnitTest>
    <UnitTest name="ToDirectoryFindFilePath_Passing_ValidValue_Returns_FilePath" storage="d:\sferrari\01 - trabajo\repos\netcore\template-netcore-shared\kitpymes.core.shared.tests\bin\debug\netcoreapp3.0\kitpymes.core.shared.tests.dll" id="04cb4b72-edc8-fe06-49e1-217ed503eff8">
      <Execution id="548cbf3b-f99f-4dc7-b3ea-db0ab1234a20" />
      <TestMethod codeBase="D:\SFERRARI\01 - TRABAJO\repos\netcore\template-netcore-shared\Kitpymes.Core.Shared.Tests\bin\Debug\netcoreapp3.0\Kitpymes.Core.Shared.Tests.dll" adapterTypeName="executor://mstestadapter/v2" className="Kitpymes.Core.Shared.Tests.StringExtensionsTests" name="ToDirectoryFindFilePath_Passing_ValidValue_Returns_FilePath" />
    </UnitTest>
    <UnitTest name="ToIsLastDayOfTheMonth_Passing_NotLastDayOfMonth_Returns_False" storage="d:\sferrari\01 - trabajo\repos\netcore\template-netcore-shared\kitpymes.core.shared.tests\bin\debug\netcoreapp3.0\kitpymes.core.shared.tests.dll" id="3443f7f5-ee1a-f375-e5b1-f7ffa940c0db">
      <Execution id="d258e301-3c9e-4264-8949-0fa5b5a84987" />
      <TestMethod codeBase="D:\SFERRARI\01 - TRABAJO\repos\netcore\template-netcore-shared\Kitpymes.Core.Shared.Tests\bin\Debug\netcoreapp3.0\Kitpymes.Core.Shared.Tests.dll" adapterTypeName="executor://mstestadapter/v2" className="Kitpymes.Core.Shared.Tests.DateTimeExtensionsTests" name="ToIsLastDayOfTheMonth_Passing_NotLastDayOfMonth_Returns_False" />
    </UnitTest>
    <UnitTest name="ToDefaultValue_Passing_bool_Returns_Cero" storage="d:\sferrari\01 - trabajo\repos\netcore\template-netcore-shared\kitpymes.core.shared.tests\bin\debug\netcoreapp3.0\kitpymes.core.shared.tests.dll" id="432377b9-b0ad-9a2a-6dc2-e1069e73c449">
      <Execution id="0d42aeed-7f28-43a9-be5c-cede566c4d5e" />
      <TestMethod codeBase="D:\SFERRARI\01 - TRABAJO\repos\netcore\template-netcore-shared\Kitpymes.Core.Shared.Tests\bin\Debug\netcoreapp3.0\Kitpymes.Core.Shared.Tests.dll" adapterTypeName="executor://mstestadapter/v2" className="Kitpymes.Core.Shared.Tests.GenericExtensionsTests" name="ToDefaultValue_Passing_bool_Returns_Cero" />
    </UnitTest>
    <UnitTest name="ToString_Passing_Valid_Collection_With_Custom_Separator_Returns_String_With_Custom_Separator" storage="d:\sferrari\01 - trabajo\repos\netcore\template-netcore-shared\kitpymes.core.shared.tests\bin\debug\netcoreapp3.0\kitpymes.core.shared.tests.dll" id="bf8f6922-5666-8ec7-1500-aabd5997d6a4">
      <Execution id="9494a878-c5c1-464c-a6bd-abeeac114a05" />
      <TestMethod codeBase="D:\SFERRARI\01 - TRABAJO\repos\netcore\template-netcore-shared\Kitpymes.Core.Shared.Tests\bin\Debug\netcoreapp3.0\Kitpymes.Core.Shared.Tests.dll" adapterTypeName="executor://mstestadapter/v2" className="Kitpymes.Core.Shared.Tests.EnumerableExtensionsTests" name="ToString_Passing_Valid_Collection_With_Custom_Separator_Returns_String_With_Custom_Separator" />
    </UnitTest>
    <UnitTest name="ToMapClone_Passing_Source_Returns_New_Source_Object" storage="d:\sferrari\01 - trabajo\repos\netcore\template-netcore-shared\kitpymes.core.shared.tests\bin\debug\netcoreapp3.0\kitpymes.core.shared.tests.dll" id="27cc1a96-8264-8762-05bc-aa63ccb155d7">
      <Execution id="587213b1-ec46-4179-bc07-81a6f3704668" />
      <TestMethod codeBase="D:\SFERRARI\01 - TRABAJO\repos\netcore\template-netcore-shared\Kitpymes.Core.Shared.Tests\bin\Debug\netcoreapp3.0\Kitpymes.Core.Shared.Tests.dll" adapterTypeName="executor://mstestadapter/v2" className="Kitpymes.Core.Shared.Tests.AgileMapperExtensionsTests" name="ToMapClone_Passing_Source_Returns_New_Source_Object" />
    </UnitTest>
    <UnitTest name="IsLess_Passing_InvalidArguments_Returns_HasErrorsAndCount" storage="d:\sferrari\01 - trabajo\repos\netcore\template-netcore-shared\kitpymes.core.shared.tests\bin\debug\netcoreapp3.0\kitpymes.core.shared.tests.dll" id="4d9bde6c-668c-a1d3-dc60-edcfc6a4082c">
      <Execution id="e9f530c9-3c42-4a05-acf7-795ae4a4288d" />
      <TestMethod codeBase="D:\SFERRARI\01 - TRABAJO\repos\netcore\template-netcore-shared\Kitpymes.Core.Shared.Tests\bin\Debug\netcoreapp3.0\Kitpymes.Core.Shared.Tests.dll" adapterTypeName="executor://mstestadapter/v2" className="Kitpymes.Core.Shared.Tests.CheckTests" name="IsLess_Passing_InvalidArguments_Returns_HasErrorsAndCount" />
    </UnitTest>
    <UnitTest name="ToInt_Passing_InvalidValueString_Returns_DefaultValue" storage="d:\sferrari\01 - trabajo\repos\netcore\template-netcore-shared\kitpymes.core.shared.tests\bin\debug\netcoreapp3.0\kitpymes.core.shared.tests.dll" id="19f76070-822e-31f8-2a9f-a96f774333a7">
      <Execution id="5e1dbb94-1a14-46aa-bbbb-0eca9cb47017" />
      <TestMethod codeBase="D:\SFERRARI\01 - TRABAJO\repos\netcore\template-netcore-shared\Kitpymes.Core.Shared.Tests\bin\Debug\netcoreapp3.0\Kitpymes.Core.Shared.Tests.dll" adapterTypeName="executor://mstestadapter/v2" className="Kitpymes.Core.Shared.Tests.StringExtensionsTests" name="ToInt_Passing_InvalidValueString_Returns_DefaultValue" />
    </UnitTest>
    <UnitTest name="ToEnum_Passing_InvalidValueString_Returns_EnumCustomValue" storage="d:\sferrari\01 - trabajo\repos\netcore\template-netcore-shared\kitpymes.core.shared.tests\bin\debug\netcoreapp3.0\kitpymes.core.shared.tests.dll" id="7c09a438-5465-f760-64b2-23d25fc199f5">
      <Execution id="9da864f6-d378-4abf-951f-260dac378ff5" />
      <TestMethod codeBase="D:\SFERRARI\01 - TRABAJO\repos\netcore\template-netcore-shared\Kitpymes.Core.Shared.Tests\bin\Debug\netcoreapp3.0\Kitpymes.Core.Shared.Tests.dll" adapterTypeName="executor://mstestadapter/v2" className="Kitpymes.Core.Shared.Tests.StringExtensionsTests" name="ToEnum_Passing_InvalidValueString_Returns_EnumCustomValue" />
    </UnitTest>
    <UnitTest name="ResultError_WithMessage_WithDetails" storage="d:\sferrari\01 - trabajo\repos\netcore\template-netcore-shared\kitpymes.core.shared.tests\bin\debug\netcoreapp3.0\kitpymes.core.shared.tests.dll" id="c1b4b96f-5089-058a-db94-14574ac1ddcf">
      <Execution id="c96d90f1-0855-4eb2-921a-8545c4fb7a6a" />
      <TestMethod codeBase="D:\SFERRARI\01 - TRABAJO\repos\netcore\template-netcore-shared\Kitpymes.Core.Shared.Tests\bin\Debug\netcoreapp3.0\Kitpymes.Core.Shared.Tests.dll" adapterTypeName="executor://mstestadapter/v2" className="Kitpymes.Core.Shared.Tests.ResultTest" name="ResultError_WithMessage_WithDetails" />
    </UnitTest>
    <UnitTest name="ToHeader_Passing_HttpRequest_Header_Many_Values_Returns_Values" storage="d:\sferrari\01 - trabajo\repos\netcore\template-netcore-shared\kitpymes.core.shared.tests\bin\debug\netcoreapp3.0\kitpymes.core.shared.tests.dll" id="43c10c64-8836-30db-afbe-d1657a7dd9d8">
      <Execution id="4a5a5011-c9ce-4a21-8e76-327497957fd1" />
      <TestMethod codeBase="D:\SFERRARI\01 - TRABAJO\repos\netcore\template-netcore-shared\Kitpymes.Core.Shared.Tests\bin\Debug\netcoreapp3.0\Kitpymes.Core.Shared.Tests.dll" adapterTypeName="executor://mstestadapter/v2" className="Kitpymes.Core.Shared.Tests.HttpRequestExtensionsTests" name="ToHeader_Passing_HttpRequest_Header_Many_Values_Returns_Values" />
    </UnitTest>
    <UnitTest name="ToGetAll_Passing_Claims_Returns_Claim_Value_Object_List" storage="d:\sferrari\01 - trabajo\repos\netcore\template-netcore-shared\kitpymes.core.shared.tests\bin\debug\netcoreapp3.0\kitpymes.core.shared.tests.dll" id="2e87c537-4979-f58b-6e83-f3d4ee161ff1">
      <Execution id="e3f737cb-e3ea-4b7f-a44a-4f3cd3b360c9" />
      <TestMethod codeBase="D:\SFERRARI\01 - TRABAJO\repos\netcore\template-netcore-shared\Kitpymes.Core.Shared.Tests\bin\Debug\netcoreapp3.0\Kitpymes.Core.Shared.Tests.dll" adapterTypeName="executor://mstestadapter/v2" className="Kitpymes.Core.Shared.Tests.ClaimsPrincipalExtensionsTests" name="ToGetAll_Passing_Claims_Returns_Claim_Value_Object_List" />
    </UnitTest>
    <UnitTest name="ToAssembly_Passing_ValidValueAssemblyString_Returns_Assembly" storage="d:\sferrari\01 - trabajo\repos\netcore\template-netcore-shared\kitpymes.core.shared.tests\bin\debug\netcoreapp3.0\kitpymes.core.shared.tests.dll" id="3721d3c1-7c03-ad84-143f-64bfeb5b314e">
      <Execution id="a49a0a59-ac34-47cc-86f7-026b65e4d317" />
      <TestMethod codeBase="D:\SFERRARI\01 - TRABAJO\repos\netcore\template-netcore-shared\Kitpymes.Core.Shared.Tests\bin\Debug\netcoreapp3.0\Kitpymes.Core.Shared.Tests.dll" adapterTypeName="executor://mstestadapter/v2" className="Kitpymes.Core.Shared.Tests.StringExtensionsTests" name="ToAssembly_Passing_ValidValueAssemblyString_Returns_Assembly" />
    </UnitTest>
    <UnitTest name="ToDefaultValue_Passing_double_Returns_Cero" storage="d:\sferrari\01 - trabajo\repos\netcore\template-netcore-shared\kitpymes.core.shared.tests\bin\debug\netcoreapp3.0\kitpymes.core.shared.tests.dll" id="f752d50b-77fa-327a-4493-168161bd27b2">
      <Execution id="e8ab93e7-0257-4692-b957-4b1c3e9781f8" />
      <TestMethod codeBase="D:\SFERRARI\01 - TRABAJO\repos\netcore\template-netcore-shared\Kitpymes.Core.Shared.Tests\bin\Debug\netcoreapp3.0\Kitpymes.Core.Shared.Tests.dll" adapterTypeName="executor://mstestadapter/v2" className="Kitpymes.Core.Shared.Tests.GenericExtensionsTests" name="ToDefaultValue_Passing_double_Returns_Cero" />
    </UnitTest>
    <UnitTest name="ToDefaultValue_Passing_char_Returns_Cero" storage="d:\sferrari\01 - trabajo\repos\netcore\template-netcore-shared\kitpymes.core.shared.tests\bin\debug\netcoreapp3.0\kitpymes.core.shared.tests.dll" id="17a38df3-33e0-71ac-f8cb-dcdd3ade7269">
      <Execution id="e18a26b8-ebea-43a7-ae7d-49050495d5f7" />
      <TestMethod codeBase="D:\SFERRARI\01 - TRABAJO\repos\netcore\template-netcore-shared\Kitpymes.Core.Shared.Tests\bin\Debug\netcoreapp3.0\Kitpymes.Core.Shared.Tests.dll" adapterTypeName="executor://mstestadapter/v2" className="Kitpymes.Core.Shared.Tests.GenericExtensionsTests" name="ToDefaultValue_Passing_char_Returns_Cero" />
    </UnitTest>
    <UnitTest name="ToCompress_Passing_Object_Bytes_Returns_Object" storage="d:\sferrari\01 - trabajo\repos\netcore\template-netcore-shared\kitpymes.core.shared.tests\bin\debug\netcoreapp3.0\kitpymes.core.shared.tests.dll" id="8a110a46-40a4-c9bb-083e-1c3fcb5b45b7">
      <Execution id="0294151c-f53a-4501-b5e3-4b0c5a270a42" />
      <TestMethod codeBase="D:\SFERRARI\01 - TRABAJO\repos\netcore\template-netcore-shared\Kitpymes.Core.Shared.Tests\bin\Debug\netcoreapp3.0\Kitpymes.Core.Shared.Tests.dll" adapterTypeName="executor://mstestadapter/v2" className="Kitpymes.Core.Shared.Tests.BytesExtensionsTests" name="ToCompress_Passing_Object_Bytes_Returns_Object" />
    </UnitTest>
    <UnitTest name="CreateRandom_WithCustomAllowableCharacters_Passing_Valid_Arguments_Returns_String_Random_Value" storage="d:\sferrari\01 - trabajo\repos\netcore\template-netcore-shared\kitpymes.core.shared.tests\bin\debug\netcoreapp3.0\kitpymes.core.shared.tests.dll" id="430dec51-b9df-7e06-fff9-78e6d362c2d8">
      <Execution id="af906ed7-5175-4b01-8486-45a1de0573d5" />
      <TestMethod codeBase="D:\SFERRARI\01 - TRABAJO\repos\netcore\template-netcore-shared\Kitpymes.Core.Shared.Tests\bin\Debug\netcoreapp3.0\Kitpymes.Core.Shared.Tests.dll" adapterTypeName="executor://mstestadapter/v2" className="Kitpymes.Core.Shared.Tests.HashTests" name="CreateRandom_WithCustomAllowableCharacters_Passing_Valid_Arguments_Returns_String_Random_Value" />
    </UnitTest>
    <UnitTest name="ToEnvironment_ServiceCollection_Passing_Production_Enviroment_Returns_Production_Name" storage="d:\sferrari\01 - trabajo\repos\netcore\template-netcore-shared\kitpymes.core.shared.tests\bin\debug\netcoreapp3.0\kitpymes.core.shared.tests.dll" id="15fe55e5-cdce-6280-ea15-ef777735767c">
      <Execution id="c4c562b2-992f-49f8-b664-b6f702512cba" />
      <TestMethod codeBase="D:\SFERRARI\01 - TRABAJO\repos\netcore\template-netcore-shared\Kitpymes.Core.Shared.Tests\bin\Debug\netcoreapp3.0\Kitpymes.Core.Shared.Tests.dll" adapterTypeName="executor://mstestadapter/v2" className="Kitpymes.Core.Shared.Tests.ConfigurationBuilderExtensionsTests" name="ToEnvironment_ServiceCollection_Passing_Production_Enviroment_Returns_Production_Name" />
    </UnitTest>
    <UnitTest name="ToServiceMatchingInterface_Passing_Empties_Assemblies_Returns_ApplicationException" storage="d:\sferrari\01 - trabajo\repos\netcore\template-netcore-shared\kitpymes.core.shared.tests\bin\debug\netcoreapp3.0\kitpymes.core.shared.tests.dll" id="760ae14b-6c0d-0288-811d-408b67937415">
      <Execution id="6646dd63-7216-40f1-aceb-348aa9b45a84" />
      <TestMethod codeBase="D:\SFERRARI\01 - TRABAJO\repos\netcore\template-netcore-shared\Kitpymes.Core.Shared.Tests\bin\Debug\netcoreapp3.0\Kitpymes.Core.Shared.Tests.dll" adapterTypeName="executor://mstestadapter/v2" className="Kitpymes.Core.Shared.Tests.ConfigurationBuilderExtensionsTests" name="ToServiceMatchingInterface_Passing_Empties_Assemblies_Returns_ApplicationException" />
    </UnitTest>
    <UnitTest name="ToMapUpdate_Passing_Destination_Object_Returns_Updated_Destination_Object" storage="d:\sferrari\01 - trabajo\repos\netcore\template-netcore-shared\kitpymes.core.shared.tests\bin\debug\netcoreapp3.0\kitpymes.core.shared.tests.dll" id="71a1897b-b713-c047-1c23-5efdff095b20">
      <Execution id="f4461f55-fd9a-445c-ad38-42314921c446" />
      <TestMethod codeBase="D:\SFERRARI\01 - TRABAJO\repos\netcore\template-netcore-shared\Kitpymes.Core.Shared.Tests\bin\Debug\netcoreapp3.0\Kitpymes.Core.Shared.Tests.dll" adapterTypeName="executor://mstestadapter/v2" className="Kitpymes.Core.Shared.Tests.AgileMapperExtensionsTests" name="ToMapUpdate_Passing_Destination_Object_Returns_Updated_Destination_Object" />
    </UnitTest>
    <UnitTest name="ToDefaultValue_Passing_byte_Returns_Cero" storage="d:\sferrari\01 - trabajo\repos\netcore\template-netcore-shared\kitpymes.core.shared.tests\bin\debug\netcoreapp3.0\kitpymes.core.shared.tests.dll" id="6c59b811-73c0-2540-9661-8c8f2a459ff2">
      <Execution id="3049f894-50e6-407a-a89d-f77d85ffbb66" />
      <TestMethod codeBase="D:\SFERRARI\01 - TRABAJO\repos\netcore\template-netcore-shared\Kitpymes.Core.Shared.Tests\bin\Debug\netcoreapp3.0\Kitpymes.Core.Shared.Tests.dll" adapterTypeName="executor://mstestadapter/v2" className="Kitpymes.Core.Shared.Tests.GenericExtensionsTests" name="ToDefaultValue_Passing_byte_Returns_Cero" />
    </UnitTest>
    <UnitTest name="IsLowercase_Passing_ValidArguments_Returns_HasErrorsAndCount" storage="d:\sferrari\01 - trabajo\repos\netcore\template-netcore-shared\kitpymes.core.shared.tests\bin\debug\netcoreapp3.0\kitpymes.core.shared.tests.dll" id="006d3c07-11d3-9f4b-c045-6799df52bbfb">
      <Execution id="b21062d9-d348-49e1-afaf-2bd4cbd68938" />
      <TestMethod codeBase="D:\SFERRARI\01 - TRABAJO\repos\netcore\template-netcore-shared\Kitpymes.Core.Shared.Tests\bin\Debug\netcoreapp3.0\Kitpymes.Core.Shared.Tests.dll" adapterTypeName="executor://mstestadapter/v2" className="Kitpymes.Core.Shared.Tests.CheckTests" name="IsLowercase_Passing_ValidArguments_Returns_HasErrorsAndCount" />
    </UnitTest>
    <UnitTest name="IsLowercase_Passing_InvalidArguments_Returns_HasErrorsAndCount" storage="d:\sferrari\01 - trabajo\repos\netcore\template-netcore-shared\kitpymes.core.shared.tests\bin\debug\netcoreapp3.0\kitpymes.core.shared.tests.dll" id="c19b83a3-45fc-e848-cbcc-7f68b66eb4e3">
      <Execution id="3634b39d-52e5-4d04-aa2c-2c7a3138b012" />
      <TestMethod codeBase="D:\SFERRARI\01 - TRABAJO\repos\netcore\template-netcore-shared\Kitpymes.Core.Shared.Tests\bin\Debug\netcoreapp3.0\Kitpymes.Core.Shared.Tests.dll" adapterTypeName="executor://mstestadapter/v2" className="Kitpymes.Core.Shared.Tests.CheckTests" name="IsLowercase_Passing_InvalidArguments_Returns_HasErrorsAndCount" />
    </UnitTest>
    <UnitTest name="ToEnvironment_Passing_Production_Enviroment_Returns_Production_Name" storage="d:\sferrari\01 - trabajo\repos\netcore\template-netcore-shared\kitpymes.core.shared.tests\bin\debug\netcoreapp3.0\kitpymes.core.shared.tests.dll" id="31126d50-f667-908c-85f3-09f9d9272df9">
      <Execution id="6d82c004-4724-42b9-887f-f1cd1a4c5d8c" />
      <TestMethod codeBase="D:\SFERRARI\01 - TRABAJO\repos\netcore\template-netcore-shared\Kitpymes.Core.Shared.Tests\bin\Debug\netcoreapp3.0\Kitpymes.Core.Shared.Tests.dll" adapterTypeName="executor://mstestadapter/v2" className="Kitpymes.Core.Shared.Tests.ApplicationBuilderExtensionsTests" name="ToEnvironment_Passing_Production_Enviroment_Returns_Production_Name" />
    </UnitTest>
    <UnitTest name="ToYesterday_Passing_DateTime_Returns_Yesterday_DateTime" storage="d:\sferrari\01 - trabajo\repos\netcore\template-netcore-shared\kitpymes.core.shared.tests\bin\debug\netcoreapp3.0\kitpymes.core.shared.tests.dll" id="33545399-79af-5e7f-5179-57fe5645f4be">
      <Execution id="02d9f2d5-6aca-4220-8329-7088469bb711" />
      <TestMethod codeBase="D:\SFERRARI\01 - TRABAJO\repos\netcore\template-netcore-shared\Kitpymes.Core.Shared.Tests\bin\Debug\netcoreapp3.0\Kitpymes.Core.Shared.Tests.dll" adapterTypeName="executor://mstestadapter/v2" className="Kitpymes.Core.Shared.Tests.DateTimeExtensionsTests" name="ToYesterday_Passing_DateTime_Returns_Yesterday_DateTime" />
    </UnitTest>
    <UnitTest name="ToEnvironment_Passing_Staging_Enviroment_Returns_Staging_Name" storage="d:\sferrari\01 - trabajo\repos\netcore\template-netcore-shared\kitpymes.core.shared.tests\bin\debug\netcoreapp3.0\kitpymes.core.shared.tests.dll" id="5e237822-3b9d-da27-9221-3ae1f5eb15b0">
      <Execution id="9aa251a8-61a3-40b3-a122-99e7bfd97b11" />
      <TestMethod codeBase="D:\SFERRARI\01 - TRABAJO\repos\netcore\template-netcore-shared\Kitpymes.Core.Shared.Tests\bin\Debug\netcoreapp3.0\Kitpymes.Core.Shared.Tests.dll" adapterTypeName="executor://mstestadapter/v2" className="Kitpymes.Core.Shared.Tests.ApplicationBuilderExtensionsTests" name="ToEnvironment_Passing_Staging_Enviroment_Returns_Staging_Name" />
    </UnitTest>
    <UnitTest name="ToIsAuthenticated_Passing_Claims_Returns_True" storage="d:\sferrari\01 - trabajo\repos\netcore\template-netcore-shared\kitpymes.core.shared.tests\bin\debug\netcoreapp3.0\kitpymes.core.shared.tests.dll" id="a75e991f-5e03-3949-85d6-afa1f14455d4">
      <Execution id="7fb45f99-83c3-406e-b5f7-2597b25e5c0a" />
      <TestMethod codeBase="D:\SFERRARI\01 - TRABAJO\repos\netcore\template-netcore-shared\Kitpymes.Core.Shared.Tests\bin\Debug\netcoreapp3.0\Kitpymes.Core.Shared.Tests.dll" adapterTypeName="executor://mstestadapter/v2" className="Kitpymes.Core.Shared.Tests.ClaimsPrincipalExtensionsTests" name="ToIsAuthenticated_Passing_Claims_Returns_True" />
    </UnitTest>
    <UnitTest name="ToUri_Passing_InvalidValueString_Returns_DefaultValue" storage="d:\sferrari\01 - trabajo\repos\netcore\template-netcore-shared\kitpymes.core.shared.tests\bin\debug\netcoreapp3.0\kitpymes.core.shared.tests.dll" id="bc15aa99-72de-0e5a-b6e8-2d654659d591">
      <Execution id="c832e2b7-0f48-4566-8526-777b7586721a" />
      <TestMethod codeBase="D:\SFERRARI\01 - TRABAJO\repos\netcore\template-netcore-shared\Kitpymes.Core.Shared.Tests\bin\Debug\netcoreapp3.0\Kitpymes.Core.Shared.Tests.dll" adapterTypeName="executor://mstestadapter/v2" className="Kitpymes.Core.Shared.Tests.StringExtensionsTests" name="ToUri_Passing_InvalidValueString_Returns_DefaultValue" />
    </UnitTest>
    <UnitTest name="IsUniqueChars_Passing_InvalidArguments_Returns_HasErrorsAndCount" storage="d:\sferrari\01 - trabajo\repos\netcore\template-netcore-shared\kitpymes.core.shared.tests\bin\debug\netcoreapp3.0\kitpymes.core.shared.tests.dll" id="b9a89fa2-355c-e886-bec5-28d3cf549be6">
      <Execution id="be538f7d-cd64-48b9-8848-2dd613ff2329" />
      <TestMethod codeBase="D:\SFERRARI\01 - TRABAJO\repos\netcore\template-netcore-shared\Kitpymes.Core.Shared.Tests\bin\Debug\netcoreapp3.0\Kitpymes.Core.Shared.Tests.dll" adapterTypeName="executor://mstestadapter/v2" className="Kitpymes.Core.Shared.Tests.CheckTests" name="IsUniqueChars_Passing_InvalidArguments_Returns_HasErrorsAndCount" />
    </UnitTest>
    <UnitTest name="ToPath_Passing_HttpRequest_Scheme_Host_Path_Returns_Url" storage="d:\sferrari\01 - trabajo\repos\netcore\template-netcore-shared\kitpymes.core.shared.tests\bin\debug\netcoreapp3.0\kitpymes.core.shared.tests.dll" id="5385d994-9594-6052-11cb-73f8d2344981">
      <Execution id="d5822b5f-d445-4429-b5c8-93978c23695a" />
      <TestMethod codeBase="D:\SFERRARI\01 - TRABAJO\repos\netcore\template-netcore-shared\Kitpymes.Core.Shared.Tests\bin\Debug\netcoreapp3.0\Kitpymes.Core.Shared.Tests.dll" adapterTypeName="executor://mstestadapter/v2" className="Kitpymes.Core.Shared.Tests.HttpRequestExtensionsTests" name="ToPath_Passing_HttpRequest_Scheme_Host_Path_Returns_Url" />
    </UnitTest>
    <UnitTest name="CreateSHA512_Passing_Invalid_Arguments_Returns_ApplicationException" storage="d:\sferrari\01 - trabajo\repos\netcore\template-netcore-shared\kitpymes.core.shared.tests\bin\debug\netcoreapp3.0\kitpymes.core.shared.tests.dll" id="f17b6f1f-06a9-5318-815f-4c3950fdd0cb">
      <Execution id="af3d3840-6649-4b8a-ba2f-5df6c34f773d" />
      <TestMethod codeBase="D:\SFERRARI\01 - TRABAJO\repos\netcore\template-netcore-shared\Kitpymes.Core.Shared.Tests\bin\Debug\netcoreapp3.0\Kitpymes.Core.Shared.Tests.dll" adapterTypeName="executor://mstestadapter/v2" className="Kitpymes.Core.Shared.Tests.HashTests" name="CreateSHA512_Passing_Invalid_Arguments_Returns_ApplicationException" />
    </UnitTest>
    <UnitTest name="ToDefaultValue_Passing_decimal_Returns_Cero" storage="d:\sferrari\01 - trabajo\repos\netcore\template-netcore-shared\kitpymes.core.shared.tests\bin\debug\netcoreapp3.0\kitpymes.core.shared.tests.dll" id="334e3485-05b4-4549-cacd-aef8fff10757">
      <Execution id="8c8f0203-7e7f-45e5-88dc-e8a5d8d66d2b" />
      <TestMethod codeBase="D:\SFERRARI\01 - TRABAJO\repos\netcore\template-netcore-shared\Kitpymes.Core.Shared.Tests\bin\Debug\netcoreapp3.0\Kitpymes.Core.Shared.Tests.dll" adapterTypeName="executor://mstestadapter/v2" className="Kitpymes.Core.Shared.Tests.GenericExtensionsTests" name="ToDefaultValue_Passing_decimal_Returns_Cero" />
    </UnitTest>
    <UnitTest name="ToConfigureOrDefault_Passing_ActionCustomValues_Returns_CustomValues" storage="d:\sferrari\01 - trabajo\repos\netcore\template-netcore-shared\kitpymes.core.shared.tests\bin\debug\netcoreapp3.0\kitpymes.core.shared.tests.dll" id="313cfb2c-8c3b-337b-12f8-296f8611376d">
      <Execution id="ad6cf413-3d2d-4f1f-9a3c-e5f09ef166a6" />
      <TestMethod codeBase="D:\SFERRARI\01 - TRABAJO\repos\netcore\template-netcore-shared\Kitpymes.Core.Shared.Tests\bin\Debug\netcoreapp3.0\Kitpymes.Core.Shared.Tests.dll" adapterTypeName="executor://mstestadapter/v2" className="Kitpymes.Core.Shared.Tests.ActionExtensionsTests" name="ToConfigureOrDefault_Passing_ActionCustomValues_Returns_CustomValues" />
    </UnitTest>
    <UnitTest name="ToMapMerge_Passing_Destination_Object_Returns_Merged_Destination_Object" storage="d:\sferrari\01 - trabajo\repos\netcore\template-netcore-shared\kitpymes.core.shared.tests\bin\debug\netcoreapp3.0\kitpymes.core.shared.tests.dll" id="ab274dac-b194-4e0f-6fab-a20667b535a8">
      <Execution id="2b9801fe-49e8-47bd-be9d-ca9136dd4e03" />
      <TestMethod codeBase="D:\SFERRARI\01 - TRABAJO\repos\netcore\template-netcore-shared\Kitpymes.Core.Shared.Tests\bin\Debug\netcoreapp3.0\Kitpymes.Core.Shared.Tests.dll" adapterTypeName="executor://mstestadapter/v2" className="Kitpymes.Core.Shared.Tests.AgileMapperExtensionsTests" name="ToMapMerge_Passing_Destination_Object_Returns_Merged_Destination_Object" />
    </UnitTest>
    <UnitTest name="ToExists_Passing_Claims_Returns_True" storage="d:\sferrari\01 - trabajo\repos\netcore\template-netcore-shared\kitpymes.core.shared.tests\bin\debug\netcoreapp3.0\kitpymes.core.shared.tests.dll" id="57d3cdd8-8268-9aa3-6f39-3cc0224b305c">
      <Execution id="79ea1b79-0875-4663-80f0-542537694e87" />
      <TestMethod codeBase="D:\SFERRARI\01 - TRABAJO\repos\netcore\template-netcore-shared\Kitpymes.Core.Shared.Tests\bin\Debug\netcoreapp3.0\Kitpymes.Core.Shared.Tests.dll" adapterTypeName="executor://mstestadapter/v2" className="Kitpymes.Core.Shared.Tests.ClaimsPrincipalExtensionsTests" name="ToExists_Passing_Claims_Returns_True" />
    </UnitTest>
    <UnitTest name="ToResultAsync_Passing_StatusCodeAnd_MessageAndContentTypeAndHeader_Values_Returns_Values" storage="d:\sferrari\01 - trabajo\repos\netcore\template-netcore-shared\kitpymes.core.shared.tests\bin\debug\netcoreapp3.0\kitpymes.core.shared.tests.dll" id="161f5d07-7835-e575-5072-b9d787ef451c">
      <Execution id="0a82d1a3-d828-4733-8de2-99698ff29801" />
      <TestMethod codeBase="D:\SFERRARI\01 - TRABAJO\repos\netcore\template-netcore-shared\Kitpymes.Core.Shared.Tests\bin\Debug\netcoreapp3.0\Kitpymes.Core.Shared.Tests.dll" adapterTypeName="executor://mstestadapter/v2" className="Kitpymes.Core.Shared.Tests.HttpResponseExtensionsTests" name="ToResultAsync_Passing_StatusCodeAnd_MessageAndContentTypeAndHeader_Values_Returns_Values" />
    </UnitTest>
    <UnitTest name="ToDisplay_Passing_Enumeration_Name_Returns_Display_Atributte" storage="d:\sferrari\01 - trabajo\repos\netcore\template-netcore-shared\kitpymes.core.shared.tests\bin\debug\netcoreapp3.0\kitpymes.core.shared.tests.dll" id="d6d04f4a-9142-b816-d673-c4abf49a39ad">
      <Execution id="4471d6cf-5bd8-4bc7-9722-f30c344d47a8" />
      <TestMethod codeBase="D:\SFERRARI\01 - TRABAJO\repos\netcore\template-netcore-shared\Kitpymes.Core.Shared.Tests\bin\Debug\netcoreapp3.0\Kitpymes.Core.Shared.Tests.dll" adapterTypeName="executor://mstestadapter/v2" className="Kitpymes.Core.Shared.Tests.EnumExtensionsTests" name="ToDisplay_Passing_Enumeration_Name_Returns_Display_Atributte" />
    </UnitTest>
    <UnitTest name="ToGet_Passing_Claims_Returns_Claim_Value_Int" storage="d:\sferrari\01 - trabajo\repos\netcore\template-netcore-shared\kitpymes.core.shared.tests\bin\debug\netcoreapp3.0\kitpymes.core.shared.tests.dll" id="209cbba1-d5fa-4810-2cb6-ee92ce2e109d">
      <Execution id="3f7bdb93-a92e-4cbd-9de2-1081752689e6" />
      <TestMethod codeBase="D:\SFERRARI\01 - TRABAJO\repos\netcore\template-netcore-shared\Kitpymes.Core.Shared.Tests\bin\Debug\netcoreapp3.0\Kitpymes.Core.Shared.Tests.dll" adapterTypeName="executor://mstestadapter/v2" className="Kitpymes.Core.Shared.Tests.ClaimsPrincipalExtensionsTests" name="ToGet_Passing_Claims_Returns_Claim_Value_Int" />
    </UnitTest>
    <UnitTest name="ToFormat_Passing_ValidTimeSpanValue_Returns_ValueWithFormatString" storage="d:\sferrari\01 - trabajo\repos\netcore\template-netcore-shared\kitpymes.core.shared.tests\bin\debug\netcoreapp3.0\kitpymes.core.shared.tests.dll" id="ede15cdf-3d1b-3e1a-18dc-485a2d50fe42">
      <Execution id="44c37e07-c4d4-4f79-8e49-a3d6927476bc" />
      <TestMethod codeBase="D:\SFERRARI\01 - TRABAJO\repos\netcore\template-netcore-shared\Kitpymes.Core.Shared.Tests\bin\Debug\netcoreapp3.0\Kitpymes.Core.Shared.Tests.dll" adapterTypeName="executor://mstestadapter/v2" className="Kitpymes.Core.Shared.Tests.TimeSpanExtensionsTests" name="ToFormat_Passing_ValidTimeSpanValue_Returns_ValueWithFormatString" />
    </UnitTest>
    <UnitTest name="ToIsWeekend_Passing_Sunday_DateTime_Returns_True" storage="d:\sferrari\01 - trabajo\repos\netcore\template-netcore-shared\kitpymes.core.shared.tests\bin\debug\netcoreapp3.0\kitpymes.core.shared.tests.dll" id="c8fd6d3c-b723-929b-f175-dbdc2a7be855">
      <Execution id="7395e072-4516-4a5c-8ee9-77d89f95d5ce" />
      <TestMethod codeBase="D:\SFERRARI\01 - TRABAJO\repos\netcore\template-netcore-shared\Kitpymes.Core.Shared.Tests\bin\Debug\netcoreapp3.0\Kitpymes.Core.Shared.Tests.dll" adapterTypeName="executor://mstestadapter/v2" className="Kitpymes.Core.Shared.Tests.DateTimeExtensionsTests" name="ToIsWeekend_Passing_Sunday_DateTime_Returns_True" />
    </UnitTest>
    <UnitTest name="ResultOkData_WithMessage" storage="d:\sferrari\01 - trabajo\repos\netcore\template-netcore-shared\kitpymes.core.shared.tests\bin\debug\netcoreapp3.0\kitpymes.core.shared.tests.dll" id="832c041a-0c55-5788-b9d7-40a6ab6eae94">
      <Execution id="beebde14-2215-4248-aa8d-254f8d47f8af" />
      <TestMethod codeBase="D:\SFERRARI\01 - TRABAJO\repos\netcore\template-netcore-shared\Kitpymes.Core.Shared.Tests\bin\Debug\netcoreapp3.0\Kitpymes.Core.Shared.Tests.dll" adapterTypeName="executor://mstestadapter/v2" className="Kitpymes.Core.Shared.Tests.ResultTest" name="ResultOkData_WithMessage" />
    </UnitTest>
    <UnitTest name="IsFileExtension_Passing_InvalidArguments_Returns_HasErrorsAndCount" storage="d:\sferrari\01 - trabajo\repos\netcore\template-netcore-shared\kitpymes.core.shared.tests\bin\debug\netcoreapp3.0\kitpymes.core.shared.tests.dll" id="e608205e-4953-e9a3-1956-895ed42ab083">
      <Execution id="85c866b8-1159-48bf-a5ae-ce50ab58d837" />
      <TestMethod codeBase="D:\SFERRARI\01 - TRABAJO\repos\netcore\template-netcore-shared\Kitpymes.Core.Shared.Tests\bin\Debug\netcoreapp3.0\Kitpymes.Core.Shared.Tests.dll" adapterTypeName="executor://mstestadapter/v2" className="Kitpymes.Core.Shared.Tests.CheckTests" name="IsFileExtension_Passing_InvalidArguments_Returns_HasErrorsAndCount" />
    </UnitTest>
    <UnitTest name="ToReplaceSpecialChars_Passing_ValidValue_Returns_ReplacedValueWithoutIgnoreSpecialChars" storage="d:\sferrari\01 - trabajo\repos\netcore\template-netcore-shared\kitpymes.core.shared.tests\bin\debug\netcoreapp3.0\kitpymes.core.shared.tests.dll" id="29112d2a-2e73-305d-ec50-12fc95c28627">
      <Execution id="8042f547-5327-4a77-b168-f16c6a1716ee" />
      <TestMethod codeBase="D:\SFERRARI\01 - TRABAJO\repos\netcore\template-netcore-shared\Kitpymes.Core.Shared.Tests\bin\Debug\netcoreapp3.0\Kitpymes.Core.Shared.Tests.dll" adapterTypeName="executor://mstestadapter/v2" className="Kitpymes.Core.Shared.Tests.StringExtensionsTests" name="ToReplaceSpecialChars_Passing_ValidValue_Returns_ReplacedValueWithoutIgnoreSpecialChars" />
    </UnitTest>
    <UnitTest name="IsDomain_Passing_InvalidArguments_Returns_HasErrorsAndCount" storage="d:\sferrari\01 - trabajo\repos\netcore\template-netcore-shared\kitpymes.core.shared.tests\bin\debug\netcoreapp3.0\kitpymes.core.shared.tests.dll" id="3bd7277d-4ad0-51ee-d24c-53176ec3cc7f">
      <Execution id="13351c02-ce41-4ddb-abfe-cdcbbed8a308" />
      <TestMethod codeBase="D:\SFERRARI\01 - TRABAJO\repos\netcore\template-netcore-shared\Kitpymes.Core.Shared.Tests\bin\Debug\netcoreapp3.0\Kitpymes.Core.Shared.Tests.dll" adapterTypeName="executor://mstestadapter/v2" className="Kitpymes.Core.Shared.Tests.CheckTests" name="IsDomain_Passing_InvalidArguments_Returns_HasErrorsAndCount" />
    </UnitTest>
    <UnitTest name="ToFormat_Passing_ValidValueFormatWithArguments_Returns_ValueWithFormat" storage="d:\sferrari\01 - trabajo\repos\netcore\template-netcore-shared\kitpymes.core.shared.tests\bin\debug\netcoreapp3.0\kitpymes.core.shared.tests.dll" id="ac572b27-5286-68a4-5380-d7de82fbf69a">
      <Execution id="267ee7e7-2fd0-4268-8539-3158a24f92df" />
      <TestMethod codeBase="D:\SFERRARI\01 - TRABAJO\repos\netcore\template-netcore-shared\Kitpymes.Core.Shared.Tests\bin\Debug\netcoreapp3.0\Kitpymes.Core.Shared.Tests.dll" adapterTypeName="executor://mstestadapter/v2" className="Kitpymes.Core.Shared.Tests.StringExtensionsTests" name="ToFormat_Passing_ValidValueFormatWithArguments_Returns_ValueWithFormat" />
    </UnitTest>
    <UnitTest name="ToConfigureOrDefault_Passing_DefaultValues_And_ActionCustomValues_Returns_DefaultValues_And_CustomValues" storage="d:\sferrari\01 - trabajo\repos\netcore\template-netcore-shared\kitpymes.core.shared.tests\bin\debug\netcoreapp3.0\kitpymes.core.shared.tests.dll" id="53cbdd8e-a1ef-5d22-8745-938609ed19c2">
      <Execution id="dfb74330-8f44-4449-8fee-67ab6bf14cab" />
      <TestMethod codeBase="D:\SFERRARI\01 - TRABAJO\repos\netcore\template-netcore-shared\Kitpymes.Core.Shared.Tests\bin\Debug\netcoreapp3.0\Kitpymes.Core.Shared.Tests.dll" adapterTypeName="executor://mstestadapter/v2" className="Kitpymes.Core.Shared.Tests.ActionExtensionsTests" name="ToConfigureOrDefault_Passing_DefaultValues_And_ActionCustomValues_Returns_DefaultValues_And_CustomValues" />
    </UnitTest>
    <UnitTest name="ToEnvironment_Passing_Custom_Enviroment_Returns_Custom_Name" storage="d:\sferrari\01 - trabajo\repos\netcore\template-netcore-shared\kitpymes.core.shared.tests\bin\debug\netcoreapp3.0\kitpymes.core.shared.tests.dll" id="69b6ed05-fdf2-6989-0583-109b4777a6ac">
      <Execution id="6c10604a-d2ae-417a-808a-3168f6b88648" />
      <TestMethod codeBase="D:\SFERRARI\01 - TRABAJO\repos\netcore\template-netcore-shared\Kitpymes.Core.Shared.Tests\bin\Debug\netcoreapp3.0\Kitpymes.Core.Shared.Tests.dll" adapterTypeName="executor://mstestadapter/v2" className="Kitpymes.Core.Shared.Tests.ApplicationBuilderExtensionsTests" name="ToEnvironment_Passing_Custom_Enviroment_Returns_Custom_Name" />
    </UnitTest>
    <UnitTest name="ToDefaultValue_Passing_long_Returns_Cero" storage="d:\sferrari\01 - trabajo\repos\netcore\template-netcore-shared\kitpymes.core.shared.tests\bin\debug\netcoreapp3.0\kitpymes.core.shared.tests.dll" id="e93b141b-fdfd-0f98-21e5-3eb211b6e88b">
      <Execution id="82f03161-867c-4153-9dd6-9be90a5d827c" />
      <TestMethod codeBase="D:\SFERRARI\01 - TRABAJO\repos\netcore\template-netcore-shared\Kitpymes.Core.Shared.Tests\bin\Debug\netcoreapp3.0\Kitpymes.Core.Shared.Tests.dll" adapterTypeName="executor://mstestadapter/v2" className="Kitpymes.Core.Shared.Tests.GenericExtensionsTests" name="ToDefaultValue_Passing_long_Returns_Cero" />
    </UnitTest>
    <UnitTest name="ToHashAlgorithmName_Passing_InvalidValueLowerCaseStringWithDefaultValue_Returns_DefaultValue" storage="d:\sferrari\01 - trabajo\repos\netcore\template-netcore-shared\kitpymes.core.shared.tests\bin\debug\netcoreapp3.0\kitpymes.core.shared.tests.dll" id="d5506b30-7041-6d90-bd03-bcd5b2479c40">
      <Execution id="39c3dcdb-6af4-4cd7-80ac-66f8900d28f1" />
      <TestMethod codeBase="D:\SFERRARI\01 - TRABAJO\repos\netcore\template-netcore-shared\Kitpymes.Core.Shared.Tests\bin\Debug\netcoreapp3.0\Kitpymes.Core.Shared.Tests.dll" adapterTypeName="executor://mstestadapter/v2" className="Kitpymes.Core.Shared.Tests.StringExtensionsTests" name="ToHashAlgorithmName_Passing_InvalidValueLowerCaseStringWithDefaultValue_Returns_DefaultValue" />
    </UnitTest>
    <UnitTest name="ToDefaultValue_Passing_ushort_Returns_Cero" storage="d:\sferrari\01 - trabajo\repos\netcore\template-netcore-shared\kitpymes.core.shared.tests\bin\debug\netcoreapp3.0\kitpymes.core.shared.tests.dll" id="47f3e733-f069-b79f-9f6d-7c11fc368663">
      <Execution id="5438e35e-76e1-47a8-a08d-95327c414c9f" />
      <TestMethod codeBase="D:\SFERRARI\01 - TRABAJO\repos\netcore\template-netcore-shared\Kitpymes.Core.Shared.Tests\bin\Debug\netcoreapp3.0\Kitpymes.Core.Shared.Tests.dll" adapterTypeName="executor://mstestadapter/v2" className="Kitpymes.Core.Shared.Tests.GenericExtensionsTests" name="ToDefaultValue_Passing_ushort_Returns_Cero" />
    </UnitTest>
    <UnitTest name="ToIsNullOrEmpty_Passing_InvalidValue_Returns_True" storage="d:\sferrari\01 - trabajo\repos\netcore\template-netcore-shared\kitpymes.core.shared.tests\bin\debug\netcoreapp3.0\kitpymes.core.shared.tests.dll" id="297c060d-406b-f933-91fe-dfd3459b8ace">
      <Execution id="5b9560ee-4139-4c73-8e40-b3f41fe6453f" />
      <TestMethod codeBase="D:\SFERRARI\01 - TRABAJO\repos\netcore\template-netcore-shared\Kitpymes.Core.Shared.Tests\bin\Debug\netcoreapp3.0\Kitpymes.Core.Shared.Tests.dll" adapterTypeName="executor://mstestadapter/v2" className="Kitpymes.Core.Shared.Tests.CheckExtensionsTests" name="ToIsNullOrEmpty_Passing_InvalidValue_Returns_True" />
    </UnitTest>
    <UnitTest name="ToDirectoryFindFilePath_Passing_ValidValueIntoSubDirectory_Returns_FilePath" storage="d:\sferrari\01 - trabajo\repos\netcore\template-netcore-shared\kitpymes.core.shared.tests\bin\debug\netcoreapp3.0\kitpymes.core.shared.tests.dll" id="5fda35dc-4db7-2169-9391-a6295d2ec5fd">
      <Execution id="38659868-6411-4c23-b36f-01221c2d4996" />
      <TestMethod codeBase="D:\SFERRARI\01 - TRABAJO\repos\netcore\template-netcore-shared\Kitpymes.Core.Shared.Tests\bin\Debug\netcoreapp3.0\Kitpymes.Core.Shared.Tests.dll" adapterTypeName="executor://mstestadapter/v2" className="Kitpymes.Core.Shared.Tests.StringExtensionsTests" name="ToDirectoryFindFilePath_Passing_ValidValueIntoSubDirectory_Returns_FilePath" />
    </UnitTest>
    <UnitTest name="ToHasErrors_Passing_InvalidValue_Returns_ApplicationExceptionWithMessage" storage="d:\sferrari\01 - trabajo\repos\netcore\template-netcore-shared\kitpymes.core.shared.tests\bin\debug\netcoreapp3.0\kitpymes.core.shared.tests.dll" id="1340b308-d9eb-a26e-e042-04d6c1d9a958">
      <Execution id="80910b59-2876-4554-80b9-82dfef8c6d4d" />
      <TestMethod codeBase="D:\SFERRARI\01 - TRABAJO\repos\netcore\template-netcore-shared\Kitpymes.Core.Shared.Tests\bin\Debug\netcoreapp3.0\Kitpymes.Core.Shared.Tests.dll" adapterTypeName="executor://mstestadapter/v2" className="Kitpymes.Core.Shared.Tests.CheckExtensionsTests" name="ToHasErrors_Passing_InvalidValue_Returns_ApplicationExceptionWithMessage" />
    </UnitTest>
    <UnitTest name="ToConfiguration_Passing_Key_Values_Returns_Ok" storage="d:\sferrari\01 - trabajo\repos\netcore\template-netcore-shared\kitpymes.core.shared.tests\bin\debug\netcoreapp3.0\kitpymes.core.shared.tests.dll" id="66f7bc12-fe2b-fd81-3cbf-5bc4840aa6f8">
      <Execution id="45315c70-1109-45ad-9225-5d0421fef3fe" />
      <TestMethod codeBase="D:\SFERRARI\01 - TRABAJO\repos\netcore\template-netcore-shared\Kitpymes.Core.Shared.Tests\bin\Debug\netcoreapp3.0\Kitpymes.Core.Shared.Tests.dll" adapterTypeName="executor://mstestadapter/v2" className="Kitpymes.Core.Shared.Tests.ConfigurationBuilderExtensionsTests" name="ToConfiguration_Passing_Key_Values_Returns_Ok" />
    </UnitTest>
    <UnitTest name="IsUniqueChars_Passing_ValidArguments_Returns_HasErrorsAndCount" storage="d:\sferrari\01 - trabajo\repos\netcore\template-netcore-shared\kitpymes.core.shared.tests\bin\debug\netcoreapp3.0\kitpymes.core.shared.tests.dll" id="fcd9a6e3-ee1d-7212-668e-2b0865200d81">
      <Execution id="3b9dc1e0-38b4-4a4a-ab33-9dfb8c124e7c" />
      <TestMethod codeBase="D:\SFERRARI\01 - TRABAJO\repos\netcore\template-netcore-shared\Kitpymes.Core.Shared.Tests\bin\Debug\netcoreapp3.0\Kitpymes.Core.Shared.Tests.dll" adapterTypeName="executor://mstestadapter/v2" className="Kitpymes.Core.Shared.Tests.CheckTests" name="IsUniqueChars_Passing_ValidArguments_Returns_HasErrorsAndCount" />
    </UnitTest>
    <UnitTest name="ResultError" storage="d:\sferrari\01 - trabajo\repos\netcore\template-netcore-shared\kitpymes.core.shared.tests\bin\debug\netcoreapp3.0\kitpymes.core.shared.tests.dll" id="6b41eea5-b11d-4975-a42c-5030c52fd29c">
      <Execution id="77558571-ba2e-4309-9c95-354e9d3ba320" />
      <TestMethod codeBase="D:\SFERRARI\01 - TRABAJO\repos\netcore\template-netcore-shared\Kitpymes.Core.Shared.Tests\bin\Debug\netcoreapp3.0\Kitpymes.Core.Shared.Tests.dll" adapterTypeName="executor://mstestadapter/v2" className="Kitpymes.Core.Shared.Tests.ResultTest" name="ResultError" />
    </UnitTest>
    <UnitTest name="ToEmptyIfNull_Passing_Null_Collection_Returns_Empty_Collection" storage="d:\sferrari\01 - trabajo\repos\netcore\template-netcore-shared\kitpymes.core.shared.tests\bin\debug\netcoreapp3.0\kitpymes.core.shared.tests.dll" id="3e6d6aa9-9b6d-dd96-b54c-49f88780a2b4">
      <Execution id="71a9a6f2-675f-4deb-a5ee-df4ff1556236" />
      <TestMethod codeBase="D:\SFERRARI\01 - TRABAJO\repos\netcore\template-netcore-shared\Kitpymes.Core.Shared.Tests\bin\Debug\netcoreapp3.0\Kitpymes.Core.Shared.Tests.dll" adapterTypeName="executor://mstestadapter/v2" className="Kitpymes.Core.Shared.Tests.EnumerableExtensionsTests" name="ToEmptyIfNull_Passing_Null_Collection_Returns_Empty_Collection" />
    </UnitTest>
    <UnitTest name="ToZipExtract_Passing_ValidArchive_Returns_Files" storage="d:\sferrari\01 - trabajo\repos\netcore\template-netcore-shared\kitpymes.core.shared.tests\bin\debug\netcoreapp3.0\kitpymes.core.shared.tests.dll" id="967da852-80aa-48c8-4fdf-7229c80964ce">
      <Execution id="286bfe9d-b7c6-47b7-9b34-5029adb73c66" />
      <TestMethod codeBase="D:\SFERRARI\01 - TRABAJO\repos\netcore\template-netcore-shared\Kitpymes.Core.Shared.Tests\bin\Debug\netcoreapp3.0\Kitpymes.Core.Shared.Tests.dll" adapterTypeName="executor://mstestadapter/v2" className="Kitpymes.Core.Shared.Tests.StringExtensionsTests" name="ToZipExtract_Passing_ValidArchive_Returns_Files" />
    </UnitTest>
    <UnitTest name="ToEnum_Passing_InvalidValueInt_Returns_EnumDefaultValue" storage="d:\sferrari\01 - trabajo\repos\netcore\template-netcore-shared\kitpymes.core.shared.tests\bin\debug\netcoreapp3.0\kitpymes.core.shared.tests.dll" id="8c1d1a56-be42-3df5-a82e-36b97c2860b8">
      <Execution id="e68346e8-7b4a-42bd-98ee-4c96ec542a9f" />
      <TestMethod codeBase="D:\SFERRARI\01 - TRABAJO\repos\netcore\template-netcore-shared\Kitpymes.Core.Shared.Tests\bin\Debug\netcoreapp3.0\Kitpymes.Core.Shared.Tests.dll" adapterTypeName="executor://mstestadapter/v2" className="Kitpymes.Core.Shared.Tests.StringExtensionsTests" name="ToEnum_Passing_InvalidValueInt_Returns_EnumDefaultValue" />
    </UnitTest>
    <UnitTest name="ToMapList_Passing_Source_Type_And_Destination_Type_Returns_Destination_Object_List" storage="d:\sferrari\01 - trabajo\repos\netcore\template-netcore-shared\kitpymes.core.shared.tests\bin\debug\netcoreapp3.0\kitpymes.core.shared.tests.dll" id="f8b74494-d277-7173-e694-2a4d463a4607">
      <Execution id="f923dc82-8a41-472f-aa4c-61ff00968fb5" />
      <TestMethod codeBase="D:\SFERRARI\01 - TRABAJO\repos\netcore\template-netcore-shared\Kitpymes.Core.Shared.Tests\bin\Debug\netcoreapp3.0\Kitpymes.Core.Shared.Tests.dll" adapterTypeName="executor://mstestadapter/v2" className="Kitpymes.Core.Shared.Tests.AgileMapperExtensionsTests" name="ToMapList_Passing_Source_Type_And_Destination_Type_Returns_Destination_Object_List" />
    </UnitTest>
    <UnitTest name="ToExists_Passing_Valid_Service_Returns_True" storage="d:\sferrari\01 - trabajo\repos\netcore\template-netcore-shared\kitpymes.core.shared.tests\bin\debug\netcoreapp3.0\kitpymes.core.shared.tests.dll" id="e2880a6e-7a01-b4ba-86fb-4d33be072972">
      <Execution id="8e54b6b9-5562-49b6-8bc1-aace5236a381" />
      <TestMethod codeBase="D:\SFERRARI\01 - TRABAJO\repos\netcore\template-netcore-shared\Kitpymes.Core.Shared.Tests\bin\Debug\netcoreapp3.0\Kitpymes.Core.Shared.Tests.dll" adapterTypeName="executor://mstestadapter/v2" className="Kitpymes.Core.Shared.Tests.ConfigurationBuilderExtensionsTests" name="ToExists_Passing_Valid_Service_Returns_True" />
    </UnitTest>
    <UnitTest name="ToMapNew_Passing_TDestination_Returns_New_Destination_Object" storage="d:\sferrari\01 - trabajo\repos\netcore\template-netcore-shared\kitpymes.core.shared.tests\bin\debug\netcoreapp3.0\kitpymes.core.shared.tests.dll" id="0ee8121e-b492-a57d-d072-de988a4e30f8">
      <Execution id="5c0cb14f-c869-40f6-9c37-d0d896687f92" />
      <TestMethod codeBase="D:\SFERRARI\01 - TRABAJO\repos\netcore\template-netcore-shared\Kitpymes.Core.Shared.Tests\bin\Debug\netcoreapp3.0\Kitpymes.Core.Shared.Tests.dll" adapterTypeName="executor://mstestadapter/v2" className="Kitpymes.Core.Shared.Tests.AgileMapperExtensionsTests" name="ToMapNew_Passing_TDestination_Returns_New_Destination_Object" />
    </UnitTest>
    <UnitTest name="IsName_Passing_InvalidArguments_Returns_HasErrorsAndCount" storage="d:\sferrari\01 - trabajo\repos\netcore\template-netcore-shared\kitpymes.core.shared.tests\bin\debug\netcoreapp3.0\kitpymes.core.shared.tests.dll" id="9eeef095-29ed-4872-a36c-ca4832350421">
      <Execution id="5b3bb906-15b6-4b1e-9fd2-26e756246092" />
      <TestMethod codeBase="D:\SFERRARI\01 - TRABAJO\repos\netcore\template-netcore-shared\Kitpymes.Core.Shared.Tests\bin\Debug\netcoreapp3.0\Kitpymes.Core.Shared.Tests.dll" adapterTypeName="executor://mstestadapter/v2" className="Kitpymes.Core.Shared.Tests.CheckTests" name="IsName_Passing_InvalidArguments_Returns_HasErrorsAndCount" />
    </UnitTest>
    <UnitTest name="IsHostname_Passing_InvalidArguments_Returns_HasErrorsAndCount" storage="d:\sferrari\01 - trabajo\repos\netcore\template-netcore-shared\kitpymes.core.shared.tests\bin\debug\netcoreapp3.0\kitpymes.core.shared.tests.dll" id="4a3afd90-c6ab-e82e-40d8-b40450680318">
      <Execution id="92f02bed-e78d-4c4c-98f4-24d76a5506ef" />
      <TestMethod codeBase="D:\SFERRARI\01 - TRABAJO\repos\netcore\template-netcore-shared\Kitpymes.Core.Shared.Tests\bin\Debug\netcoreapp3.0\Kitpymes.Core.Shared.Tests.dll" adapterTypeName="executor://mstestadapter/v2" className="Kitpymes.Core.Shared.Tests.CheckTests" name="IsHostname_Passing_InvalidArguments_Returns_HasErrorsAndCount" />
    </UnitTest>
    <UnitTest name="IsName_Passing_ValidArguments_Returns_HasErrorsAndCount" storage="d:\sferrari\01 - trabajo\repos\netcore\template-netcore-shared\kitpymes.core.shared.tests\bin\debug\netcoreapp3.0\kitpymes.core.shared.tests.dll" id="0e702ef4-7e85-bcb3-3879-32ee56a27932">
      <Execution id="202fd393-7231-4ad7-aa37-26561917eb2f" />
      <TestMethod codeBase="D:\SFERRARI\01 - TRABAJO\repos\netcore\template-netcore-shared\Kitpymes.Core.Shared.Tests\bin\Debug\netcoreapp3.0\Kitpymes.Core.Shared.Tests.dll" adapterTypeName="executor://mstestadapter/v2" className="Kitpymes.Core.Shared.Tests.CheckTests" name="IsName_Passing_ValidArguments_Returns_HasErrorsAndCount" />
    </UnitTest>
    <UnitTest name="ToSubdomain_Passing_HttpRequest_Host_Returns_Subdomain" storage="d:\sferrari\01 - trabajo\repos\netcore\template-netcore-shared\kitpymes.core.shared.tests\bin\debug\netcoreapp3.0\kitpymes.core.shared.tests.dll" id="e9b23f0c-0cde-4603-1739-ee642fd33c36">
      <Execution id="e55314aa-2521-4702-aaf7-1455b479d9c5" />
      <TestMethod codeBase="D:\SFERRARI\01 - TRABAJO\repos\netcore\template-netcore-shared\Kitpymes.Core.Shared.Tests\bin\Debug\netcoreapp3.0\Kitpymes.Core.Shared.Tests.dll" adapterTypeName="executor://mstestadapter/v2" className="Kitpymes.Core.Shared.Tests.HttpRequestExtensionsTests" name="ToSubdomain_Passing_HttpRequest_Host_Returns_Subdomain" />
    </UnitTest>
    <UnitTest name="ToCount_Passing_ValidEnumType_Returns_Count" storage="d:\sferrari\01 - trabajo\repos\netcore\template-netcore-shared\kitpymes.core.shared.tests\bin\debug\netcoreapp3.0\kitpymes.core.shared.tests.dll" id="bc6955b8-aec0-957c-bad4-853e5cfa19a1">
      <Execution id="4d2ac149-dcca-4cac-8107-d924fb9b1bce" />
      <TestMethod codeBase="D:\SFERRARI\01 - TRABAJO\repos\netcore\template-netcore-shared\Kitpymes.Core.Shared.Tests\bin\Debug\netcoreapp3.0\Kitpymes.Core.Shared.Tests.dll" adapterTypeName="executor://mstestadapter/v2" className="Kitpymes.Core.Shared.Tests.EnumsTests" name="ToCount_Passing_ValidEnumType_Returns_Count" />
    </UnitTest>
    <UnitTest name="ToService_Passing_NotFound_Service_Returns_Null" storage="d:\sferrari\01 - trabajo\repos\netcore\template-netcore-shared\kitpymes.core.shared.tests\bin\debug\netcoreapp3.0\kitpymes.core.shared.tests.dll" id="c330741e-ad40-618c-36cc-508c135d2b95">
      <Execution id="9ce852af-6f5b-4351-bb4b-72dc1853a974" />
      <TestMethod codeBase="D:\SFERRARI\01 - TRABAJO\repos\netcore\template-netcore-shared\Kitpymes.Core.Shared.Tests\bin\Debug\netcoreapp3.0\Kitpymes.Core.Shared.Tests.dll" adapterTypeName="executor://mstestadapter/v2" className="Kitpymes.Core.Shared.Tests.ConfigurationBuilderExtensionsTests" name="ToService_Passing_NotFound_Service_Returns_Null" />
    </UnitTest>
    <UnitTest name="ToSettings_Passing_Values_From_AppSettingsFile_Returns_Settings" storage="d:\sferrari\01 - trabajo\repos\netcore\template-netcore-shared\kitpymes.core.shared.tests\bin\debug\netcoreapp3.0\kitpymes.core.shared.tests.dll" id="1577c538-d1be-5b59-2b09-8e59b0be5fcd">
      <Execution id="45eaa67b-e6e1-4f74-a610-d2a5629b1a11" />
      <TestMethod codeBase="D:\SFERRARI\01 - TRABAJO\repos\netcore\template-netcore-shared\Kitpymes.Core.Shared.Tests\bin\Debug\netcoreapp3.0\Kitpymes.Core.Shared.Tests.dll" adapterTypeName="executor://mstestadapter/v2" className="Kitpymes.Core.Shared.Tests.ConfigurationBuilderExtensionsTests" name="ToSettings_Passing_Values_From_AppSettingsFile_Returns_Settings" />
    </UnitTest>
    <UnitTest name="ToIsEmailThrow_Passing_InvalidValue_Returns_ApplicationExceptionWithMessage" storage="d:\sferrari\01 - trabajo\repos\netcore\template-netcore-shared\kitpymes.core.shared.tests\bin\debug\netcoreapp3.0\kitpymes.core.shared.tests.dll" id="def94964-1ba4-f78f-2dac-38055bb04256">
      <Execution id="61beb0ae-a29a-4174-9110-50ab38b243b2" />
      <TestMethod codeBase="D:\SFERRARI\01 - TRABAJO\repos\netcore\template-netcore-shared\Kitpymes.Core.Shared.Tests\bin\Debug\netcoreapp3.0\Kitpymes.Core.Shared.Tests.dll" adapterTypeName="executor://mstestadapter/v2" className="Kitpymes.Core.Shared.Tests.CheckExtensionsTests" name="ToIsEmailThrow_Passing_InvalidValue_Returns_ApplicationExceptionWithMessage" />
    </UnitTest>
    <UnitTest name="ToCompress_Passing_Value_Bytes_Returns_Value_Bytes" storage="d:\sferrari\01 - trabajo\repos\netcore\template-netcore-shared\kitpymes.core.shared.tests\bin\debug\netcoreapp3.0\kitpymes.core.shared.tests.dll" id="7a313c49-8adc-98e3-cdda-86b900f0ade6">
      <Execution id="2bfa2bbe-9b50-4591-80dc-f4bbd0176300" />
      <TestMethod codeBase="D:\SFERRARI\01 - TRABAJO\repos\netcore\template-netcore-shared\Kitpymes.Core.Shared.Tests\bin\Debug\netcoreapp3.0\Kitpymes.Core.Shared.Tests.dll" adapterTypeName="executor://mstestadapter/v2" className="Kitpymes.Core.Shared.Tests.BytesExtensionsTests" name="ToCompress_Passing_Value_Bytes_Returns_Value_Bytes" />
    </UnitTest>
    <UnitTest name="ToDefaultValue_Passing_ValidStruct_Returns_DefaultValue" storage="d:\sferrari\01 - trabajo\repos\netcore\template-netcore-shared\kitpymes.core.shared.tests\bin\debug\netcoreapp3.0\kitpymes.core.shared.tests.dll" id="ffa669f9-8e25-a33b-f8f7-c3ba4a576a2b">
      <Execution id="7dc6f381-a726-4c15-bdb0-1dfc53f69a55" />
      <TestMethod codeBase="D:\SFERRARI\01 - TRABAJO\repos\netcore\template-netcore-shared\Kitpymes.Core.Shared.Tests\bin\Debug\netcoreapp3.0\Kitpymes.Core.Shared.Tests.dll" adapterTypeName="executor://mstestadapter/v2" className="Kitpymes.Core.Shared.Tests.TypeExtensionsTests" name="ToDefaultValue_Passing_ValidStruct_Returns_DefaultValue" />
    </UnitTest>
    <UnitTest name="ToIsWeekend_Passing_Saturday_DateTime_Returns_True" storage="d:\sferrari\01 - trabajo\repos\netcore\template-netcore-shared\kitpymes.core.shared.tests\bin\debug\netcoreapp3.0\kitpymes.core.shared.tests.dll" id="18040ed3-941e-dd1e-cb8c-4d34d103f370">
      <Execution id="11420a99-3f39-431f-baee-e0d5c650befb" />
      <TestMethod codeBase="D:\SFERRARI\01 - TRABAJO\repos\netcore\template-netcore-shared\Kitpymes.Core.Shared.Tests\bin\Debug\netcoreapp3.0\Kitpymes.Core.Shared.Tests.dll" adapterTypeName="executor://mstestadapter/v2" className="Kitpymes.Core.Shared.Tests.DateTimeExtensionsTests" name="ToIsWeekend_Passing_Saturday_DateTime_Returns_True" />
    </UnitTest>
    <UnitTest name="ToZipCreate_Passing_ValidFilesWithCutomZipName_Returns_ZipFiles" storage="d:\sferrari\01 - trabajo\repos\netcore\template-netcore-shared\kitpymes.core.shared.tests\bin\debug\netcoreapp3.0\kitpymes.core.shared.tests.dll" id="b51b5293-5162-7db8-79c0-6e7b6f1c51a5">
      <Execution id="801d2d77-ceaf-460a-b4bf-ebbc0c94a5f3" />
      <TestMethod codeBase="D:\SFERRARI\01 - TRABAJO\repos\netcore\template-netcore-shared\Kitpymes.Core.Shared.Tests\bin\Debug\netcoreapp3.0\Kitpymes.Core.Shared.Tests.dll" adapterTypeName="executor://mstestadapter/v2" className="Kitpymes.Core.Shared.Tests.StringExtensionsTests" name="ToZipCreate_Passing_ValidFilesWithCutomZipName_Returns_ZipFiles" />
    </UnitTest>
    <UnitTest name="ToHashAlgorithmName_Passing_InvalidValueStringWithDefaultValue_Returns_DefaultValue" storage="d:\sferrari\01 - trabajo\repos\netcore\template-netcore-shared\kitpymes.core.shared.tests\bin\debug\netcoreapp3.0\kitpymes.core.shared.tests.dll" id="ab527057-69f2-0a9a-89fd-18928a3920fd">
      <Execution id="9e5d4ea7-95d7-40e5-ba51-36c0f0837cb9" />
      <TestMethod codeBase="D:\SFERRARI\01 - TRABAJO\repos\netcore\template-netcore-shared\Kitpymes.Core.Shared.Tests\bin\Debug\netcoreapp3.0\Kitpymes.Core.Shared.Tests.dll" adapterTypeName="executor://mstestadapter/v2" className="Kitpymes.Core.Shared.Tests.StringExtensionsTests" name="ToHashAlgorithmName_Passing_InvalidValueStringWithDefaultValue_Returns_DefaultValue" />
    </UnitTest>
    <UnitTest name="ToEnvironment_ServiceCollection_Passing_Custom_Enviroment_Returns_Custom_Name" storage="d:\sferrari\01 - trabajo\repos\netcore\template-netcore-shared\kitpymes.core.shared.tests\bin\debug\netcoreapp3.0\kitpymes.core.shared.tests.dll" id="21ae5425-e2d1-002f-334f-105a6a674a01">
      <Execution id="04043c7d-4bd2-4a79-a7ad-61a620c46702" />
      <TestMethod codeBase="D:\SFERRARI\01 - TRABAJO\repos\netcore\template-netcore-shared\Kitpymes.Core.Shared.Tests\bin\Debug\netcoreapp3.0\Kitpymes.Core.Shared.Tests.dll" adapterTypeName="executor://mstestadapter/v2" className="Kitpymes.Core.Shared.Tests.ConfigurationBuilderExtensionsTests" name="ToEnvironment_ServiceCollection_Passing_Custom_Enviroment_Returns_Custom_Name" />
    </UnitTest>
    <UnitTest name="ToList_Passing_ValidEnumTypeWithSelectedValueWithResourceType_Returns_ValuesList" storage="d:\sferrari\01 - trabajo\repos\netcore\template-netcore-shared\kitpymes.core.shared.tests\bin\debug\netcoreapp3.0\kitpymes.core.shared.tests.dll" id="9af963da-8209-d683-34a5-be793bc59993">
      <Execution id="1d4fe506-f9ee-4e4e-b098-3a3a4d3e841f" />
      <TestMethod codeBase="D:\SFERRARI\01 - TRABAJO\repos\netcore\template-netcore-shared\Kitpymes.Core.Shared.Tests\bin\Debug\netcoreapp3.0\Kitpymes.Core.Shared.Tests.dll" adapterTypeName="executor://mstestadapter/v2" className="Kitpymes.Core.Shared.Tests.EnumsTests" name="ToList_Passing_ValidEnumTypeWithSelectedValueWithResourceType_Returns_ValuesList" />
    </UnitTest>
    <UnitTest name="IsDirectory_Passing_InvalidArguments_Returns_HasErrorsAndCount" storage="d:\sferrari\01 - trabajo\repos\netcore\template-netcore-shared\kitpymes.core.shared.tests\bin\debug\netcoreapp3.0\kitpymes.core.shared.tests.dll" id="ee30e1f9-ce80-c70a-1b56-b7e02750ae26">
      <Execution id="723f90f1-a33f-4bb4-8089-76feede2723e" />
      <TestMethod codeBase="D:\SFERRARI\01 - TRABAJO\repos\netcore\template-netcore-shared\Kitpymes.Core.Shared.Tests\bin\Debug\netcoreapp3.0\Kitpymes.Core.Shared.Tests.dll" adapterTypeName="executor://mstestadapter/v2" className="Kitpymes.Core.Shared.Tests.CheckTests" name="IsDirectory_Passing_InvalidArguments_Returns_HasErrorsAndCount" />
    </UnitTest>
    <UnitTest name="ToService_Passing_Valid_Service_Returns_Service" storage="d:\sferrari\01 - trabajo\repos\netcore\template-netcore-shared\kitpymes.core.shared.tests\bin\debug\netcoreapp3.0\kitpymes.core.shared.tests.dll" id="0b1e4893-9444-2235-b7fa-3782f9932212">
      <Execution id="c9598d6a-a8b3-4584-a809-33cccb68b780" />
      <TestMethod codeBase="D:\SFERRARI\01 - TRABAJO\repos\netcore\template-netcore-shared\Kitpymes.Core.Shared.Tests\bin\Debug\netcoreapp3.0\Kitpymes.Core.Shared.Tests.dll" adapterTypeName="executor://mstestadapter/v2" className="Kitpymes.Core.Shared.Tests.ConfigurationBuilderExtensionsTests" name="ToService_Passing_Valid_Service_Returns_Service" />
    </UnitTest>
    <UnitTest name="IsNullOrEmpty_Passing_InvalidArguments_Returns_HasErrorsAndCount" storage="d:\sferrari\01 - trabajo\repos\netcore\template-netcore-shared\kitpymes.core.shared.tests\bin\debug\netcoreapp3.0\kitpymes.core.shared.tests.dll" id="801afd1a-5f3d-0d0c-471a-96452bf5bc35">
      <Execution id="73a17a9e-b9f5-42db-89fb-16217ab866c9" />
      <TestMethod codeBase="D:\SFERRARI\01 - TRABAJO\repos\netcore\template-netcore-shared\Kitpymes.Core.Shared.Tests\bin\Debug\netcoreapp3.0\Kitpymes.Core.Shared.Tests.dll" adapterTypeName="executor://mstestadapter/v2" className="Kitpymes.Core.Shared.Tests.CheckTests" name="IsNullOrEmpty_Passing_InvalidArguments_Returns_HasErrorsAndCount" />
    </UnitTest>
    <UnitTest name="ToStartOfWeek_Passing_DateTime_Returns_Start_Of_Week_DateTime" storage="d:\sferrari\01 - trabajo\repos\netcore\template-netcore-shared\kitpymes.core.shared.tests\bin\debug\netcoreapp3.0\kitpymes.core.shared.tests.dll" id="1f173fff-9060-8c18-f825-225901225244">
      <Execution id="25c69429-5e0c-4833-ade8-30096cecb269" />
      <TestMethod codeBase="D:\SFERRARI\01 - TRABAJO\repos\netcore\template-netcore-shared\Kitpymes.Core.Shared.Tests\bin\Debug\netcoreapp3.0\Kitpymes.Core.Shared.Tests.dll" adapterTypeName="executor://mstestadapter/v2" className="Kitpymes.Core.Shared.Tests.DateTimeExtensionsTests" name="ToStartOfWeek_Passing_DateTime_Returns_Start_Of_Week_DateTime" />
    </UnitTest>
    <UnitTest name="ToAge_Passing_Birthday_DateTime_Returns_Age" storage="d:\sferrari\01 - trabajo\repos\netcore\template-netcore-shared\kitpymes.core.shared.tests\bin\debug\netcoreapp3.0\kitpymes.core.shared.tests.dll" id="4ead3f79-a54e-1b96-838c-d0c2f491cb0d">
      <Execution id="557d155b-3dd1-4ba5-81e2-a6cc2f796cc7" />
      <TestMethod codeBase="D:\SFERRARI\01 - TRABAJO\repos\netcore\template-netcore-shared\Kitpymes.Core.Shared.Tests\bin\Debug\netcoreapp3.0\Kitpymes.Core.Shared.Tests.dll" adapterTypeName="executor://mstestadapter/v2" className="Kitpymes.Core.Shared.Tests.DateTimeExtensionsTests" name="ToAge_Passing_Birthday_DateTime_Returns_Age" />
    </UnitTest>
    <UnitTest name="ToRemove_Passing_ValidValue_Returns_ValueWithoutRemovedChars" storage="d:\sferrari\01 - trabajo\repos\netcore\template-netcore-shared\kitpymes.core.shared.tests\bin\debug\netcoreapp3.0\kitpymes.core.shared.tests.dll" id="bb347f18-44ab-0d77-d5bd-a671e4c37650">
      <Execution id="5e176a03-45be-49ec-8432-e13023839afe" />
      <TestMethod codeBase="D:\SFERRARI\01 - TRABAJO\repos\netcore\template-netcore-shared\Kitpymes.Core.Shared.Tests\bin\Debug\netcoreapp3.0\Kitpymes.Core.Shared.Tests.dll" adapterTypeName="executor://mstestadapter/v2" className="Kitpymes.Core.Shared.Tests.StringExtensionsTests" name="ToRemove_Passing_ValidValue_Returns_ValueWithoutRemovedChars" />
    </UnitTest>
    <UnitTest name="CreateAndVerifySHA256_Passing_Valid_Arguments_Returns_True" storage="d:\sferrari\01 - trabajo\repos\netcore\template-netcore-shared\kitpymes.core.shared.tests\bin\debug\netcoreapp3.0\kitpymes.core.shared.tests.dll" id="cf950ab2-9fe4-ec30-43b4-2f3a99b5167d">
      <Execution id="e6441f3f-7e21-4ad0-bd9d-86d5002d8bb3" />
      <TestMethod codeBase="D:\SFERRARI\01 - TRABAJO\repos\netcore\template-netcore-shared\Kitpymes.Core.Shared.Tests\bin\Debug\netcoreapp3.0\Kitpymes.Core.Shared.Tests.dll" adapterTypeName="executor://mstestadapter/v2" className="Kitpymes.Core.Shared.Tests.HashTests" name="CreateAndVerifySHA256_Passing_Valid_Arguments_Returns_True" />
    </UnitTest>
    <UnitTest name="ToServiceMatchingInterface_Passing_Valid_Assembly_Returns_Service" storage="d:\sferrari\01 - trabajo\repos\netcore\template-netcore-shared\kitpymes.core.shared.tests\bin\debug\netcoreapp3.0\kitpymes.core.shared.tests.dll" id="845c887e-a785-555d-db89-1c2975a33bbb">
      <Execution id="84b92b15-2f51-4482-933b-ca2c008936dd" />
      <TestMethod codeBase="D:\SFERRARI\01 - TRABAJO\repos\netcore\template-netcore-shared\Kitpymes.Core.Shared.Tests\bin\Debug\netcoreapp3.0\Kitpymes.Core.Shared.Tests.dll" adapterTypeName="executor://mstestadapter/v2" className="Kitpymes.Core.Shared.Tests.ConfigurationBuilderExtensionsTests" name="ToServiceMatchingInterface_Passing_Valid_Assembly_Returns_Service" />
    </UnitTest>
    <UnitTest name="ToService_Passing_Service_Not_Found_Returns_ApplicationException" storage="d:\sferrari\01 - trabajo\repos\netcore\template-netcore-shared\kitpymes.core.shared.tests\bin\debug\netcoreapp3.0\kitpymes.core.shared.tests.dll" id="74c0befe-cdb2-1fdf-be71-2a39199bb5c9">
      <Execution id="9534cc47-278a-4d8f-90b1-05b85c5ea46c" />
      <TestMethod codeBase="D:\SFERRARI\01 - TRABAJO\repos\netcore\template-netcore-shared\Kitpymes.Core.Shared.Tests\bin\Debug\netcoreapp3.0\Kitpymes.Core.Shared.Tests.dll" adapterTypeName="executor://mstestadapter/v2" className="Kitpymes.Core.Shared.Tests.ApplicationBuilderExtensionsTests" name="ToService_Passing_Service_Not_Found_Returns_ApplicationException" />
    </UnitTest>
    <UnitTest name="ToUri_Passing_ValidValueString_Returns_Uri" storage="d:\sferrari\01 - trabajo\repos\netcore\template-netcore-shared\kitpymes.core.shared.tests\bin\debug\netcoreapp3.0\kitpymes.core.shared.tests.dll" id="30809299-0e3e-4ac7-4a2a-6f8c296d2226">
      <Execution id="a627d839-ce02-416c-8b0d-2d03ecb9e421" />
      <TestMethod codeBase="D:\SFERRARI\01 - TRABAJO\repos\netcore\template-netcore-shared\Kitpymes.Core.Shared.Tests\bin\Debug\netcoreapp3.0\Kitpymes.Core.Shared.Tests.dll" adapterTypeName="executor://mstestadapter/v2" className="Kitpymes.Core.Shared.Tests.StringExtensionsTests" name="ToUri_Passing_ValidValueString_Returns_Uri" />
    </UnitTest>
    <UnitTest name="ToService_Passing_Valid_Service_Returns_Service" storage="d:\sferrari\01 - trabajo\repos\netcore\template-netcore-shared\kitpymes.core.shared.tests\bin\debug\netcoreapp3.0\kitpymes.core.shared.tests.dll" id="2aceb911-de9d-b2eb-c8db-f6b3f880216f">
      <Execution id="9265d90d-ccd2-4ee0-84e3-c825eb14f3df" />
      <TestMethod codeBase="D:\SFERRARI\01 - TRABAJO\repos\netcore\template-netcore-shared\Kitpymes.Core.Shared.Tests\bin\Debug\netcoreapp3.0\Kitpymes.Core.Shared.Tests.dll" adapterTypeName="executor://mstestadapter/v2" className="Kitpymes.Core.Shared.Tests.ApplicationBuilderExtensionsTests" name="ToService_Passing_Valid_Service_Returns_Service" />
    </UnitTest>
    <UnitTest name="ToEnvironment_Passing_Service_Not_Found_Returns_ApplicationException" storage="d:\sferrari\01 - trabajo\repos\netcore\template-netcore-shared\kitpymes.core.shared.tests\bin\debug\netcoreapp3.0\kitpymes.core.shared.tests.dll" id="7c679bcb-7a59-8751-0063-1ef6e07cb160">
      <Execution id="caed9ec2-4cdc-4988-8b1d-c56f5b486b9f" />
      <TestMethod codeBase="D:\SFERRARI\01 - TRABAJO\repos\netcore\template-netcore-shared\Kitpymes.Core.Shared.Tests\bin\Debug\netcoreapp3.0\Kitpymes.Core.Shared.Tests.dll" adapterTypeName="executor://mstestadapter/v2" className="Kitpymes.Core.Shared.Tests.ApplicationBuilderExtensionsTests" name="ToEnvironment_Passing_Service_Not_Found_Returns_ApplicationException" />
    </UnitTest>
    <UnitTest name="CreateSHA256_Passing_Invalid_Arguments_Returns_ApplicationException" storage="d:\sferrari\01 - trabajo\repos\netcore\template-netcore-shared\kitpymes.core.shared.tests\bin\debug\netcoreapp3.0\kitpymes.core.shared.tests.dll" id="77fe17c3-3cf8-a189-4d95-b2e0d3ca9579">
      <Execution id="13bbfc17-9377-4c15-80f5-e195cd05be6d" />
      <TestMethod codeBase="D:\SFERRARI\01 - TRABAJO\repos\netcore\template-netcore-shared\Kitpymes.Core.Shared.Tests\bin\Debug\netcoreapp3.0\Kitpymes.Core.Shared.Tests.dll" adapterTypeName="executor://mstestadapter/v2" className="Kitpymes.Core.Shared.Tests.HashTests" name="CreateSHA256_Passing_Invalid_Arguments_Returns_ApplicationException" />
    </UnitTest>
    <UnitTest name="ToString_Passing_Valid_Collection_Returns_String_With_Default_Separator" storage="d:\sferrari\01 - trabajo\repos\netcore\template-netcore-shared\kitpymes.core.shared.tests\bin\debug\netcoreapp3.0\kitpymes.core.shared.tests.dll" id="07d50dfb-3195-c832-23d2-97ae667f2010">
      <Execution id="24a70827-1fe0-409b-b4e2-cfc7e9409adc" />
      <TestMethod codeBase="D:\SFERRARI\01 - TRABAJO\repos\netcore\template-netcore-shared\Kitpymes.Core.Shared.Tests\bin\Debug\netcoreapp3.0\Kitpymes.Core.Shared.Tests.dll" adapterTypeName="executor://mstestadapter/v2" className="Kitpymes.Core.Shared.Tests.EnumerableExtensionsTests" name="ToString_Passing_Valid_Collection_Returns_String_With_Default_Separator" />
    </UnitTest>
    <UnitTest name="ToEmailMaskUserName_Passing_ValidEmail_Returns_EmailWithMask" storage="d:\sferrari\01 - trabajo\repos\netcore\template-netcore-shared\kitpymes.core.shared.tests\bin\debug\netcoreapp3.0\kitpymes.core.shared.tests.dll" id="1237bc5f-42ea-8c7f-8602-051620acda95">
      <Execution id="48e74036-b2a6-498f-a34c-24c3dbd74c01" />
      <TestMethod codeBase="D:\SFERRARI\01 - TRABAJO\repos\netcore\template-netcore-shared\Kitpymes.Core.Shared.Tests\bin\Debug\netcoreapp3.0\Kitpymes.Core.Shared.Tests.dll" adapterTypeName="executor://mstestadapter/v2" className="Kitpymes.Core.Shared.Tests.StringExtensionsTests" name="ToEmailMaskUserName_Passing_ValidEmail_Returns_EmailWithMask" />
    </UnitTest>
    <UnitTest name="ToMessage_Passing_ExceptionWithMessageWithInnerException_Returns_MessageAndInnerException" storage="d:\sferrari\01 - trabajo\repos\netcore\template-netcore-shared\kitpymes.core.shared.tests\bin\debug\netcoreapp3.0\kitpymes.core.shared.tests.dll" id="0d35441f-72fe-a777-509f-6a19632f972a">
      <Execution id="75884ac4-3297-40fd-874b-c07dc7c845cb" />
      <TestMethod codeBase="D:\SFERRARI\01 - TRABAJO\repos\netcore\template-netcore-shared\Kitpymes.Core.Shared.Tests\bin\Debug\netcoreapp3.0\Kitpymes.Core.Shared.Tests.dll" adapterTypeName="executor://mstestadapter/v2" className="Kitpymes.Core.Shared.Tests.ExceptionExtensionsTests" name="ToMessage_Passing_ExceptionWithMessageWithInnerException_Returns_MessageAndInnerException" />
    </UnitTest>
    <UnitTest name="ToExists_Passing_Valid_Service_Returns_True" storage="d:\sferrari\01 - trabajo\repos\netcore\template-netcore-shared\kitpymes.core.shared.tests\bin\debug\netcoreapp3.0\kitpymes.core.shared.tests.dll" id="64bc1554-814c-3c40-a6b0-679b40b89c36">
      <Execution id="48bc3996-974d-49a5-9e77-d307ce8f9a5c" />
      <TestMethod codeBase="D:\SFERRARI\01 - TRABAJO\repos\netcore\template-netcore-shared\Kitpymes.Core.Shared.Tests\bin\Debug\netcoreapp3.0\Kitpymes.Core.Shared.Tests.dll" adapterTypeName="executor://mstestadapter/v2" className="Kitpymes.Core.Shared.Tests.ApplicationBuilderExtensionsTests" name="ToExists_Passing_Valid_Service_Returns_True" />
    </UnitTest>
    <UnitTest name="IsGreater_Passing_InvalidArguments_Returns_HasErrorsAndCount" storage="d:\sferrari\01 - trabajo\repos\netcore\template-netcore-shared\kitpymes.core.shared.tests\bin\debug\netcoreapp3.0\kitpymes.core.shared.tests.dll" id="1c5fe271-1e90-52f5-1f31-436b17e57702">
      <Execution id="311da7bd-54ee-4c6e-9e00-2cb758ffd363" />
      <TestMethod codeBase="D:\SFERRARI\01 - TRABAJO\repos\netcore\template-netcore-shared\Kitpymes.Core.Shared.Tests\bin\Debug\netcoreapp3.0\Kitpymes.Core.Shared.Tests.dll" adapterTypeName="executor://mstestadapter/v2" className="Kitpymes.Core.Shared.Tests.CheckTests" name="IsGreater_Passing_InvalidArguments_Returns_HasErrorsAndCount" />
    </UnitTest>
    <UnitTest name="ToDefaultValue_Passing_ulong_Returns_Cero" storage="d:\sferrari\01 - trabajo\repos\netcore\template-netcore-shared\kitpymes.core.shared.tests\bin\debug\netcoreapp3.0\kitpymes.core.shared.tests.dll" id="aeb559a5-c285-7ab9-baee-1cb152d1742f">
      <Execution id="62a89473-f9ac-4c53-9fa8-ca20969e53d5" />
      <TestMethod codeBase="D:\SFERRARI\01 - TRABAJO\repos\netcore\template-netcore-shared\Kitpymes.Core.Shared.Tests\bin\Debug\netcoreapp3.0\Kitpymes.Core.Shared.Tests.dll" adapterTypeName="executor://mstestadapter/v2" className="Kitpymes.Core.Shared.Tests.GenericExtensionsTests" name="ToDefaultValue_Passing_ulong_Returns_Cero" />
    </UnitTest>
    <UnitTest name="ToAuthenticationType_Passing_Claims_Returns_AuthenticationType_Name" storage="d:\sferrari\01 - trabajo\repos\netcore\template-netcore-shared\kitpymes.core.shared.tests\bin\debug\netcoreapp3.0\kitpymes.core.shared.tests.dll" id="635e001f-2a50-f191-84e2-e81cd2000fdf">
      <Execution id="0712cd38-c5e1-43ba-a1cb-5f034921fa88" />
      <TestMethod codeBase="D:\SFERRARI\01 - TRABAJO\repos\netcore\template-netcore-shared\Kitpymes.Core.Shared.Tests\bin\Debug\netcoreapp3.0\Kitpymes.Core.Shared.Tests.dll" adapterTypeName="executor://mstestadapter/v2" className="Kitpymes.Core.Shared.Tests.ClaimsPrincipalExtensionsTests" name="ToAuthenticationType_Passing_Claims_Returns_AuthenticationType_Name" />
    </UnitTest>
    <UnitTest name="ToTryIPv6_Passing_HttpContext_IP_Value_Returns_IP" storage="d:\sferrari\01 - trabajo\repos\netcore\template-netcore-shared\kitpymes.core.shared.tests\bin\debug\netcoreapp3.0\kitpymes.core.shared.tests.dll" id="10024a68-25d4-872c-3e48-a6d6b2671494">
      <Execution id="0d152e7a-1617-49f5-80b8-c5d8439ab690" />
      <TestMethod codeBase="D:\SFERRARI\01 - TRABAJO\repos\netcore\template-netcore-shared\Kitpymes.Core.Shared.Tests\bin\Debug\netcoreapp3.0\Kitpymes.Core.Shared.Tests.dll" adapterTypeName="executor://mstestadapter/v2" className="Kitpymes.Core.Shared.Tests.HttpContextExtensionsTests" name="ToTryIPv6_Passing_HttpContext_IP_Value_Returns_IP" />
    </UnitTest>
    <UnitTest name="ToExists_Passing_NotFound_Service_Returns_False" storage="d:\sferrari\01 - trabajo\repos\netcore\template-netcore-shared\kitpymes.core.shared.tests\bin\debug\netcoreapp3.0\kitpymes.core.shared.tests.dll" id="640513b3-feee-19a8-efba-5817e77ff3ee">
      <Execution id="3f9a272c-923a-4096-9c95-2b598c39025f" />
      <TestMethod codeBase="D:\SFERRARI\01 - TRABAJO\repos\netcore\template-netcore-shared\Kitpymes.Core.Shared.Tests\bin\Debug\netcoreapp3.0\Kitpymes.Core.Shared.Tests.dll" adapterTypeName="executor://mstestadapter/v2" className="Kitpymes.Core.Shared.Tests.ConfigurationBuilderExtensionsTests" name="ToExists_Passing_NotFound_Service_Returns_False" />
    </UnitTest>
    <UnitTest name="ToIsSubdomainThrow_Passing_InvalidValue_Returns_ApplicationExceptionWithMessage" storage="d:\sferrari\01 - trabajo\repos\netcore\template-netcore-shared\kitpymes.core.shared.tests\bin\debug\netcoreapp3.0\kitpymes.core.shared.tests.dll" id="d51ea295-e896-101a-6578-05ae772bcbfb">
      <Execution id="9d7275d5-f2fd-43e5-b0a4-c6c74244cbed" />
      <TestMethod codeBase="D:\SFERRARI\01 - TRABAJO\repos\netcore\template-netcore-shared\Kitpymes.Core.Shared.Tests\bin\Debug\netcoreapp3.0\Kitpymes.Core.Shared.Tests.dll" adapterTypeName="executor://mstestadapter/v2" className="Kitpymes.Core.Shared.Tests.CheckExtensionsTests" name="ToIsSubdomainThrow_Passing_InvalidValue_Returns_ApplicationExceptionWithMessage" />
    </UnitTest>
    <UnitTest name="IsEmail_Passing_InvalidArguments_Returns_HasErrorsAndCount" storage="d:\sferrari\01 - trabajo\repos\netcore\template-netcore-shared\kitpymes.core.shared.tests\bin\debug\netcoreapp3.0\kitpymes.core.shared.tests.dll" id="180814cc-22f9-91b2-cd9a-f54be7e1ba18">
      <Execution id="f4c89ad1-74ad-4199-8548-ac13b44d0d4b" />
      <TestMethod codeBase="D:\SFERRARI\01 - TRABAJO\repos\netcore\template-netcore-shared\Kitpymes.Core.Shared.Tests\bin\Debug\netcoreapp3.0\Kitpymes.Core.Shared.Tests.dll" adapterTypeName="executor://mstestadapter/v2" className="Kitpymes.Core.Shared.Tests.CheckTests" name="IsEmail_Passing_InvalidArguments_Returns_HasErrorsAndCount" />
    </UnitTest>
    <UnitTest name="IsEspecialChars_Passing_ValidArguments_Returns_HasErrorsAndCount" storage="d:\sferrari\01 - trabajo\repos\netcore\template-netcore-shared\kitpymes.core.shared.tests\bin\debug\netcoreapp3.0\kitpymes.core.shared.tests.dll" id="a2b6017f-838f-c435-81c1-a75dd92108eb">
      <Execution id="9e36764a-114b-49e4-9452-cbf2f8c669b5" />
      <TestMethod codeBase="D:\SFERRARI\01 - TRABAJO\repos\netcore\template-netcore-shared\Kitpymes.Core.Shared.Tests\bin\Debug\netcoreapp3.0\Kitpymes.Core.Shared.Tests.dll" adapterTypeName="executor://mstestadapter/v2" className="Kitpymes.Core.Shared.Tests.CheckTests" name="IsEspecialChars_Passing_ValidArguments_Returns_HasErrorsAndCount" />
    </UnitTest>
    <UnitTest name="CreateAndVerifySHA512_Passing_Valid_Arguments_Returns_True" storage="d:\sferrari\01 - trabajo\repos\netcore\template-netcore-shared\kitpymes.core.shared.tests\bin\debug\netcoreapp3.0\kitpymes.core.shared.tests.dll" id="6088101f-62c5-69c8-6751-05523b132d06">
      <Execution id="f0368bab-0296-452f-8869-73dfcc001324" />
      <TestMethod codeBase="D:\SFERRARI\01 - TRABAJO\repos\netcore\template-netcore-shared\Kitpymes.Core.Shared.Tests\bin\Debug\netcoreapp3.0\Kitpymes.Core.Shared.Tests.dll" adapterTypeName="executor://mstestadapter/v2" className="Kitpymes.Core.Shared.Tests.HashTests" name="CreateAndVerifySHA512_Passing_Valid_Arguments_Returns_True" />
    </UnitTest>
    <UnitTest name="ToContentType_Passing_ValidValueString_Returns_ContentType" storage="d:\sferrari\01 - trabajo\repos\netcore\template-netcore-shared\kitpymes.core.shared.tests\bin\debug\netcoreapp3.0\kitpymes.core.shared.tests.dll" id="7be8a004-8e29-0f01-8ada-f15377193150">
      <Execution id="5918862d-f1d9-47de-b328-efee3c135168" />
      <TestMethod codeBase="D:\SFERRARI\01 - TRABAJO\repos\netcore\template-netcore-shared\Kitpymes.Core.Shared.Tests\bin\Debug\netcoreapp3.0\Kitpymes.Core.Shared.Tests.dll" adapterTypeName="executor://mstestadapter/v2" className="Kitpymes.Core.Shared.Tests.StringExtensionsTests" name="ToContentType_Passing_ValidValueString_Returns_ContentType" />
    </UnitTest>
    <UnitTest name="IsUppercase_Passing_ValidArguments_Returns_HasErrorsAndCount" storage="d:\sferrari\01 - trabajo\repos\netcore\template-netcore-shared\kitpymes.core.shared.tests\bin\debug\netcoreapp3.0\kitpymes.core.shared.tests.dll" id="056700a7-2506-75ed-a80a-ddf2ddb5d2a8">
      <Execution id="9dab6d48-dd65-4c92-bbda-1116b11fe728" />
      <TestMethod codeBase="D:\SFERRARI\01 - TRABAJO\repos\netcore\template-netcore-shared\Kitpymes.Core.Shared.Tests\bin\Debug\netcoreapp3.0\Kitpymes.Core.Shared.Tests.dll" adapterTypeName="executor://mstestadapter/v2" className="Kitpymes.Core.Shared.Tests.CheckTests" name="IsUppercase_Passing_ValidArguments_Returns_HasErrorsAndCount" />
    </UnitTest>
    <UnitTest name="ToAttribute_Passing_Enumeration_Name_Returns_Atributte" storage="d:\sferrari\01 - trabajo\repos\netcore\template-netcore-shared\kitpymes.core.shared.tests\bin\debug\netcoreapp3.0\kitpymes.core.shared.tests.dll" id="320700ce-aa3b-5818-fb18-706cf7605472">
      <Execution id="4cb0b200-cecf-4921-b09a-cf375f011829" />
      <TestMethod codeBase="D:\SFERRARI\01 - TRABAJO\repos\netcore\template-netcore-shared\Kitpymes.Core.Shared.Tests\bin\Debug\netcoreapp3.0\Kitpymes.Core.Shared.Tests.dll" adapterTypeName="executor://mstestadapter/v2" className="Kitpymes.Core.Shared.Tests.EnumExtensionsTests" name="ToAttribute_Passing_Enumeration_Name_Returns_Atributte" />
    </UnitTest>
    <UnitTest name="ToSerialize_Passing_Objects_Returns_String_Values" storage="d:\sferrari\01 - trabajo\repos\netcore\template-netcore-shared\kitpymes.core.shared.tests\bin\debug\netcoreapp3.0\kitpymes.core.shared.tests.dll" id="87c5dbd3-fd2a-1e49-42e5-8dc78affc8d6">
      <Execution id="08cde574-798a-409a-8ec4-3aaa88c95510" />
      <TestMethod codeBase="D:\SFERRARI\01 - TRABAJO\repos\netcore\template-netcore-shared\Kitpymes.Core.Shared.Tests\bin\Debug\netcoreapp3.0\Kitpymes.Core.Shared.Tests.dll" adapterTypeName="executor://mstestadapter/v2" className="Kitpymes.Core.Shared.Tests.JsonExtensionsTests" name="ToSerialize_Passing_Objects_Returns_String_Values" />
    </UnitTest>
    <UnitTest name="ToDefaultValue_Passing_ValidInt_Returns_DefaultValue" storage="d:\sferrari\01 - trabajo\repos\netcore\template-netcore-shared\kitpymes.core.shared.tests\bin\debug\netcoreapp3.0\kitpymes.core.shared.tests.dll" id="e37f41d3-77a8-1acd-c258-fbb5b724b134">
      <Execution id="20db4f64-0261-42e8-8596-25b187c72c0f" />
      <TestMethod codeBase="D:\SFERRARI\01 - TRABAJO\repos\netcore\template-netcore-shared\Kitpymes.Core.Shared.Tests\bin\Debug\netcoreapp3.0\Kitpymes.Core.Shared.Tests.dll" adapterTypeName="executor://mstestadapter/v2" className="Kitpymes.Core.Shared.Tests.TypeExtensionsTests" name="ToDefaultValue_Passing_ValidInt_Returns_DefaultValue" />
    </UnitTest>
    <UnitTest name="ToTryContentType_Passing_HttpRequestWithContentType_Value_Returns_ContentType_String_Value" storage="d:\sferrari\01 - trabajo\repos\netcore\template-netcore-shared\kitpymes.core.shared.tests\bin\debug\netcoreapp3.0\kitpymes.core.shared.tests.dll" id="a03675ec-665e-f4d5-4630-89e50dac0bfb">
      <Execution id="b942cae1-551b-4f8a-91a4-818933e1b35c" />
      <TestMethod codeBase="D:\SFERRARI\01 - TRABAJO\repos\netcore\template-netcore-shared\Kitpymes.Core.Shared.Tests\bin\Debug\netcoreapp3.0\Kitpymes.Core.Shared.Tests.dll" adapterTypeName="executor://mstestadapter/v2" className="Kitpymes.Core.Shared.Tests.HttpRequestExtensionsTests" name="ToTryContentType_Passing_HttpRequestWithContentType_Value_Returns_ContentType_String_Value" />
    </UnitTest>
    <UnitTest name="ToDefaultValue_Passing_ValidBoolean_Returns_DefaultValue" storage="d:\sferrari\01 - trabajo\repos\netcore\template-netcore-shared\kitpymes.core.shared.tests\bin\debug\netcoreapp3.0\kitpymes.core.shared.tests.dll" id="a95f665c-aa8d-208d-902c-60a464250c99">
      <Execution id="2d1bfc47-8942-4d53-b0b5-0390e6aad85b" />
      <TestMethod codeBase="D:\SFERRARI\01 - TRABAJO\repos\netcore\template-netcore-shared\Kitpymes.Core.Shared.Tests\bin\Debug\netcoreapp3.0\Kitpymes.Core.Shared.Tests.dll" adapterTypeName="executor://mstestadapter/v2" className="Kitpymes.Core.Shared.Tests.TypeExtensionsTests" name="ToDefaultValue_Passing_ValidBoolean_Returns_DefaultValue" />
    </UnitTest>
    <UnitTest name="ToHashAlgorithmName_Passing_InvalidValueLowerCaseString_Returns_Null" storage="d:\sferrari\01 - trabajo\repos\netcore\template-netcore-shared\kitpymes.core.shared.tests\bin\debug\netcoreapp3.0\kitpymes.core.shared.tests.dll" id="bd43e66e-fbae-26eb-a9a1-c58a6bf5d7af">
      <Execution id="e1fbc9a3-e93c-4b09-b291-b0911fef13e7" />
      <TestMethod codeBase="D:\SFERRARI\01 - TRABAJO\repos\netcore\template-netcore-shared\Kitpymes.Core.Shared.Tests\bin\Debug\netcoreapp3.0\Kitpymes.Core.Shared.Tests.dll" adapterTypeName="executor://mstestadapter/v2" className="Kitpymes.Core.Shared.Tests.StringExtensionsTests" name="ToHashAlgorithmName_Passing_InvalidValueLowerCaseString_Returns_Null" />
    </UnitTest>
    <UnitTest name="ToWhere_Passing_Null_Predicate_Returns_Same_List" storage="d:\sferrari\01 - trabajo\repos\netcore\template-netcore-shared\kitpymes.core.shared.tests\bin\debug\netcoreapp3.0\kitpymes.core.shared.tests.dll" id="6bd61990-78b5-76ea-0df5-0c13c388bdc0">
      <Execution id="ec46f637-89ab-4d34-b237-7cac53cd9b2f" />
      <TestMethod codeBase="D:\SFERRARI\01 - TRABAJO\repos\netcore\template-netcore-shared\Kitpymes.Core.Shared.Tests\bin\Debug\netcoreapp3.0\Kitpymes.Core.Shared.Tests.dll" adapterTypeName="executor://mstestadapter/v2" className="Kitpymes.Core.Shared.Tests.QueryableExtensionsTests" name="ToWhere_Passing_Null_Predicate_Returns_Same_List" />
    </UnitTest>
    <UnitTest name="ToEnvironment_ServiceCollection_Passing_Staging_Enviroment_Returns_Staging_Name" storage="d:\sferrari\01 - trabajo\repos\netcore\template-netcore-shared\kitpymes.core.shared.tests\bin\debug\netcoreapp3.0\kitpymes.core.shared.tests.dll" id="504465b7-a3fe-9023-93b9-ffece1903418">
      <Execution id="ce8353f6-1165-4605-ba87-3e27e2c040f4" />
      <TestMethod codeBase="D:\SFERRARI\01 - TRABAJO\repos\netcore\template-netcore-shared\Kitpymes.Core.Shared.Tests\bin\Debug\netcoreapp3.0\Kitpymes.Core.Shared.Tests.dll" adapterTypeName="executor://mstestadapter/v2" className="Kitpymes.Core.Shared.Tests.ConfigurationBuilderExtensionsTests" name="ToEnvironment_ServiceCollection_Passing_Staging_Enviroment_Returns_Staging_Name" />
    </UnitTest>
    <UnitTest name="ToAuthenticationType_Passing_Null_ClaimsPrincipal_Returns_ApplicationException" storage="d:\sferrari\01 - trabajo\repos\netcore\template-netcore-shared\kitpymes.core.shared.tests\bin\debug\netcoreapp3.0\kitpymes.core.shared.tests.dll" id="8dccdb77-e6a8-58c6-9bd0-108f87c5ff65">
      <Execution id="1ccc7c4e-b52c-446e-851a-82cbf4303809" />
      <TestMethod codeBase="D:\SFERRARI\01 - TRABAJO\repos\netcore\template-netcore-shared\Kitpymes.Core.Shared.Tests\bin\Debug\netcoreapp3.0\Kitpymes.Core.Shared.Tests.dll" adapterTypeName="executor://mstestadapter/v2" className="Kitpymes.Core.Shared.Tests.ClaimsPrincipalExtensionsTests" name="ToAuthenticationType_Passing_Null_ClaimsPrincipal_Returns_ApplicationException" />
    </UnitTest>
    <UnitTest name="ToValues_Passing_ValidEnumType_Returns_ValuesListString" storage="d:\sferrari\01 - trabajo\repos\netcore\template-netcore-shared\kitpymes.core.shared.tests\bin\debug\netcoreapp3.0\kitpymes.core.shared.tests.dll" id="0cfd0c7c-1a61-7d19-c2fa-3c8a47ccf09c">
      <Execution id="b0d1a707-e456-4403-9e38-3a266488c3bb" />
      <TestMethod codeBase="D:\SFERRARI\01 - TRABAJO\repos\netcore\template-netcore-shared\Kitpymes.Core.Shared.Tests\bin\Debug\netcoreapp3.0\Kitpymes.Core.Shared.Tests.dll" adapterTypeName="executor://mstestadapter/v2" className="Kitpymes.Core.Shared.Tests.EnumsTests" name="ToValues_Passing_ValidEnumType_Returns_ValuesListString" />
    </UnitTest>
    <UnitTest name="ToNormalize_Passing_ValidValue_Returns_NormalizedValue" storage="d:\sferrari\01 - trabajo\repos\netcore\template-netcore-shared\kitpymes.core.shared.tests\bin\debug\netcoreapp3.0\kitpymes.core.shared.tests.dll" id="7dc20d31-477c-3765-83c0-7575a504da96">
      <Execution id="4bab5f5a-d46d-49b1-9831-ab9e662223dc" />
      <TestMethod codeBase="D:\SFERRARI\01 - TRABAJO\repos\netcore\template-netcore-shared\Kitpymes.Core.Shared.Tests\bin\Debug\netcoreapp3.0\Kitpymes.Core.Shared.Tests.dll" adapterTypeName="executor://mstestadapter/v2" className="Kitpymes.Core.Shared.Tests.StringExtensionsTests" name="ToNormalize_Passing_ValidValue_Returns_NormalizedValue" />
    </UnitTest>
    <UnitTest name="ToDictionaryPropertyInfo_Passing_Object_Not_IncludeNullOrEmptyProperty_Returns_Properties_NameAndValue_Dictionary" storage="d:\sferrari\01 - trabajo\repos\netcore\template-netcore-shared\kitpymes.core.shared.tests\bin\debug\netcoreapp3.0\kitpymes.core.shared.tests.dll" id="eb3fbb45-8257-f4b8-0975-042f859a72bf">
      <Execution id="9f192782-bbec-4316-846e-5b8738c83c6f" />
      <TestMethod codeBase="D:\SFERRARI\01 - TRABAJO\repos\netcore\template-netcore-shared\Kitpymes.Core.Shared.Tests\bin\Debug\netcoreapp3.0\Kitpymes.Core.Shared.Tests.dll" adapterTypeName="executor://mstestadapter/v2" className="Kitpymes.Core.Shared.Tests.GenericExtensionsTests" name="ToDictionaryPropertyInfo_Passing_Object_Not_IncludeNullOrEmptyProperty_Returns_Properties_NameAndValue_Dictionary" />
    </UnitTest>
    <UnitTest name="ToGetAll_Passing_Claims_Returns_Claim_Value_Int_List" storage="d:\sferrari\01 - trabajo\repos\netcore\template-netcore-shared\kitpymes.core.shared.tests\bin\debug\netcoreapp3.0\kitpymes.core.shared.tests.dll" id="fa00d2a8-59b9-ad9e-caa1-a0c9e3156db1">
      <Execution id="e2c4bde9-947a-419e-a026-2de82a35e330" />
      <TestMethod codeBase="D:\SFERRARI\01 - TRABAJO\repos\netcore\template-netcore-shared\Kitpymes.Core.Shared.Tests\bin\Debug\netcoreapp3.0\Kitpymes.Core.Shared.Tests.dll" adapterTypeName="executor://mstestadapter/v2" className="Kitpymes.Core.Shared.Tests.ClaimsPrincipalExtensionsTests" name="ToGetAll_Passing_Claims_Returns_Claim_Value_Int_List" />
    </UnitTest>
    <UnitTest name="ToDirectoryTemporary_Passing_ValidValue_Returns_DirectoryExists" storage="d:\sferrari\01 - trabajo\repos\netcore\template-netcore-shared\kitpymes.core.shared.tests\bin\debug\netcoreapp3.0\kitpymes.core.shared.tests.dll" id="65b9b71b-a8d5-2a7d-a8a7-0e3a015e6b68">
      <Execution id="85e5c32f-0634-4bb2-a620-c5141f6e6fce" />
      <TestMethod codeBase="D:\SFERRARI\01 - TRABAJO\repos\netcore\template-netcore-shared\Kitpymes.Core.Shared.Tests\bin\Debug\netcoreapp3.0\Kitpymes.Core.Shared.Tests.dll" adapterTypeName="executor://mstestadapter/v2" className="Kitpymes.Core.Shared.Tests.StringExtensionsTests" name="ToDirectoryTemporary_Passing_ValidValue_Returns_DirectoryExists" />
    </UnitTest>
    <UnitTest name="ToHashAlgorithmName_Passing_ValidValueString_Returns_HashAlgorithmName" storage="d:\sferrari\01 - trabajo\repos\netcore\template-netcore-shared\kitpymes.core.shared.tests\bin\debug\netcoreapp3.0\kitpymes.core.shared.tests.dll" id="cd004a9f-a0f6-2fdf-aeae-1890f4ab8e71">
      <Execution id="a2234692-0ba4-40b0-bfde-2daa42e8c4f4" />
      <TestMethod codeBase="D:\SFERRARI\01 - TRABAJO\repos\netcore\template-netcore-shared\Kitpymes.Core.Shared.Tests\bin\Debug\netcoreapp3.0\Kitpymes.Core.Shared.Tests.dll" adapterTypeName="executor://mstestadapter/v2" className="Kitpymes.Core.Shared.Tests.StringExtensionsTests" name="ToHashAlgorithmName_Passing_ValidValueString_Returns_HashAlgorithmName" />
    </UnitTest>
    <UnitTest name="IsEspecialChars_Passing_InvalidArguments_Returns_HasErrorsAndCount" storage="d:\sferrari\01 - trabajo\repos\netcore\template-netcore-shared\kitpymes.core.shared.tests\bin\debug\netcoreapp3.0\kitpymes.core.shared.tests.dll" id="9d64a285-266d-52de-ef34-34102f8ad12c">
      <Execution id="bc876bf6-ea15-43ef-a21e-19545cc77690" />
      <TestMethod codeBase="D:\SFERRARI\01 - TRABAJO\repos\netcore\template-netcore-shared\Kitpymes.Core.Shared.Tests\bin\Debug\netcoreapp3.0\Kitpymes.Core.Shared.Tests.dll" adapterTypeName="executor://mstestadapter/v2" className="Kitpymes.Core.Shared.Tests.CheckTests" name="IsEspecialChars_Passing_InvalidArguments_Returns_HasErrorsAndCount" />
    </UnitTest>
    <UnitTest name="ToIsDirectoryThrow_Passing_InvalidValue_Returns_ApplicationExceptionWithMessage" storage="d:\sferrari\01 - trabajo\repos\netcore\template-netcore-shared\kitpymes.core.shared.tests\bin\debug\netcoreapp3.0\kitpymes.core.shared.tests.dll" id="9e36eef1-cde7-a509-c95d-2249b6b02dbb">
      <Execution id="d723b11b-dbfb-4dc0-ae59-f5f03edaed11" />
      <TestMethod codeBase="D:\SFERRARI\01 - TRABAJO\repos\netcore\template-netcore-shared\Kitpymes.Core.Shared.Tests\bin\Debug\netcoreapp3.0\Kitpymes.Core.Shared.Tests.dll" adapterTypeName="executor://mstestadapter/v2" className="Kitpymes.Core.Shared.Tests.CheckExtensionsTests" name="ToIsDirectoryThrow_Passing_InvalidValue_Returns_ApplicationExceptionWithMessage" />
    </UnitTest>
    <UnitTest name="ToUri_Passing_InvalidValueString_Returns_Null" storage="d:\sferrari\01 - trabajo\repos\netcore\template-netcore-shared\kitpymes.core.shared.tests\bin\debug\netcoreapp3.0\kitpymes.core.shared.tests.dll" id="c180eeb5-df7f-187e-c74d-0f6d31acdec5">
      <Execution id="95b77702-1ced-435e-bee8-1b5ab3f289f2" />
      <TestMethod codeBase="D:\SFERRARI\01 - TRABAJO\repos\netcore\template-netcore-shared\Kitpymes.Core.Shared.Tests\bin\Debug\netcoreapp3.0\Kitpymes.Core.Shared.Tests.dll" adapterTypeName="executor://mstestadapter/v2" className="Kitpymes.Core.Shared.Tests.StringExtensionsTests" name="ToUri_Passing_InvalidValueString_Returns_Null" />
    </UnitTest>
    <UnitTest name="ToDirectoryFileInfo_Passing_ValidValue_Returns_FileInfo" storage="d:\sferrari\01 - trabajo\repos\netcore\template-netcore-shared\kitpymes.core.shared.tests\bin\debug\netcoreapp3.0\kitpymes.core.shared.tests.dll" id="7daaba64-d3ad-9109-43bf-bdb516b673b8">
      <Execution id="132a89e0-7be0-4435-a260-68ebfa60c91f" />
      <TestMethod codeBase="D:\SFERRARI\01 - TRABAJO\repos\netcore\template-netcore-shared\Kitpymes.Core.Shared.Tests\bin\Debug\netcoreapp3.0\Kitpymes.Core.Shared.Tests.dll" adapterTypeName="executor://mstestadapter/v2" className="Kitpymes.Core.Shared.Tests.StringExtensionsTests" name="ToDirectoryFileInfo_Passing_ValidValue_Returns_FileInfo" />
    </UnitTest>
    <UnitTest name="ToStringFormat_Passing_ValidValue_Returns_ValueWithoutRemovedChars" storage="d:\sferrari\01 - trabajo\repos\netcore\template-netcore-shared\kitpymes.core.shared.tests\bin\debug\netcoreapp3.0\kitpymes.core.shared.tests.dll" id="a1095294-226e-a0f0-0154-11290289c9db">
      <Execution id="87ca9066-c942-4670-819b-5d1b9bc60048" />
      <TestMethod codeBase="D:\SFERRARI\01 - TRABAJO\repos\netcore\template-netcore-shared\Kitpymes.Core.Shared.Tests\bin\Debug\netcoreapp3.0\Kitpymes.Core.Shared.Tests.dll" adapterTypeName="executor://mstestadapter/v2" className="Kitpymes.Core.Shared.Tests.IntegerExtensionsTests" name="ToStringFormat_Passing_ValidValue_Returns_ValueWithoutRemovedChars" />
    </UnitTest>
    <UnitTest name="ToDefaultValue_Passing_short_Returns_Cero" storage="d:\sferrari\01 - trabajo\repos\netcore\template-netcore-shared\kitpymes.core.shared.tests\bin\debug\netcoreapp3.0\kitpymes.core.shared.tests.dll" id="40108f40-2761-0a89-d16d-ad113b5f3dd5">
      <Execution id="87510d73-dc30-4b1f-8de8-d9b688eb13d4" />
      <TestMethod codeBase="D:\SFERRARI\01 - TRABAJO\repos\netcore\template-netcore-shared\Kitpymes.Core.Shared.Tests\bin\Debug\netcoreapp3.0\Kitpymes.Core.Shared.Tests.dll" adapterTypeName="executor://mstestadapter/v2" className="Kitpymes.Core.Shared.Tests.GenericExtensionsTests" name="ToDefaultValue_Passing_short_Returns_Cero" />
    </UnitTest>
    <UnitTest name="ToDirectorySaveFileAsync_Passing_ValidValue_Returns_False" storage="d:\sferrari\01 - trabajo\repos\netcore\template-netcore-shared\kitpymes.core.shared.tests\bin\debug\netcoreapp3.0\kitpymes.core.shared.tests.dll" id="0696fab6-6d9f-2b85-4a73-248fbd1cdda4">
      <Execution id="f1e274a7-66d4-433c-be27-bb0c1a9fc2f2" />
      <TestMethod codeBase="D:\SFERRARI\01 - TRABAJO\repos\netcore\template-netcore-shared\Kitpymes.Core.Shared.Tests\bin\Debug\netcoreapp3.0\Kitpymes.Core.Shared.Tests.dll" adapterTypeName="executor://mstestadapter/v2" className="Kitpymes.Core.Shared.Tests.StringExtensionsTests" name="ToDirectorySaveFileAsync_Passing_ValidValue_Returns_False" />
    </UnitTest>
    <UnitTest name="ToGet_Passing_Claims_Returns_Claim_Value_String" storage="d:\sferrari\01 - trabajo\repos\netcore\template-netcore-shared\kitpymes.core.shared.tests\bin\debug\netcoreapp3.0\kitpymes.core.shared.tests.dll" id="0c633595-70e8-b011-5a46-c9c7e1687cb9">
      <Execution id="be2dc8b3-f187-4fa2-81c6-b49293cad3b3" />
      <TestMethod codeBase="D:\SFERRARI\01 - TRABAJO\repos\netcore\template-netcore-shared\Kitpymes.Core.Shared.Tests\bin\Debug\netcoreapp3.0\Kitpymes.Core.Shared.Tests.dll" adapterTypeName="executor://mstestadapter/v2" className="Kitpymes.Core.Shared.Tests.ClaimsPrincipalExtensionsTests" name="ToGet_Passing_Claims_Returns_Claim_Value_String" />
    </UnitTest>
    <UnitTest name="ToDetails_Passing_HttpContext_WithOptionalData_Returns_Details_HttpContext" storage="d:\sferrari\01 - trabajo\repos\netcore\template-netcore-shared\kitpymes.core.shared.tests\bin\debug\netcoreapp3.0\kitpymes.core.shared.tests.dll" id="b048c16a-68b4-cdf3-3166-fb9613323b68">
      <Execution id="a98ef6b2-0838-4a4a-b52e-8416852b258d" />
      <TestMethod codeBase="D:\SFERRARI\01 - TRABAJO\repos\netcore\template-netcore-shared\Kitpymes.Core.Shared.Tests\bin\Debug\netcoreapp3.0\Kitpymes.Core.Shared.Tests.dll" adapterTypeName="executor://mstestadapter/v2" className="Kitpymes.Core.Shared.Tests.HttpContextExtensionsTests" name="ToDetails_Passing_HttpContext_WithOptionalData_Returns_Details_HttpContext" />
    </UnitTest>
    <UnitTest name="ResultOk_WithMessage" storage="d:\sferrari\01 - trabajo\repos\netcore\template-netcore-shared\kitpymes.core.shared.tests\bin\debug\netcoreapp3.0\kitpymes.core.shared.tests.dll" id="8381ae52-050c-b801-64b1-7c621deb91d8">
      <Execution id="44f05849-0815-4509-840b-682d3e4127ef" />
      <TestMethod codeBase="D:\SFERRARI\01 - TRABAJO\repos\netcore\template-netcore-shared\Kitpymes.Core.Shared.Tests\bin\Debug\netcoreapp3.0\Kitpymes.Core.Shared.Tests.dll" adapterTypeName="executor://mstestadapter/v2" className="Kitpymes.Core.Shared.Tests.ResultTest" name="ResultOk_WithMessage" />
    </UnitTest>
    <UnitTest name="ToDefaultValue_Passing_ValidGuid_Returns_DefaultValue" storage="d:\sferrari\01 - trabajo\repos\netcore\template-netcore-shared\kitpymes.core.shared.tests\bin\debug\netcoreapp3.0\kitpymes.core.shared.tests.dll" id="225c09bd-86d5-d9ce-d2b8-18431ca384e3">
      <Execution id="71b3d9da-9abe-40af-8136-300aa0c9c5f4" />
      <TestMethod codeBase="D:\SFERRARI\01 - TRABAJO\repos\netcore\template-netcore-shared\Kitpymes.Core.Shared.Tests\bin\Debug\netcoreapp3.0\Kitpymes.Core.Shared.Tests.dll" adapterTypeName="executor://mstestadapter/v2" className="Kitpymes.Core.Shared.Tests.TypeExtensionsTests" name="ToDefaultValue_Passing_ValidGuid_Returns_DefaultValue" />
    </UnitTest>
    <UnitTest name="ToZipCreate_Passing_ValidFiles_Returns_ZipFiles" storage="d:\sferrari\01 - trabajo\repos\netcore\template-netcore-shared\kitpymes.core.shared.tests\bin\debug\netcoreapp3.0\kitpymes.core.shared.tests.dll" id="c14c626b-0f15-ac55-344d-8aa2c3f91cdf">
      <Execution id="e767f2cd-2109-4783-9772-8ee35bacaa90" />
      <TestMethod codeBase="D:\SFERRARI\01 - TRABAJO\repos\netcore\template-netcore-shared\Kitpymes.Core.Shared.Tests\bin\Debug\netcoreapp3.0\Kitpymes.Core.Shared.Tests.dll" adapterTypeName="executor://mstestadapter/v2" className="Kitpymes.Core.Shared.Tests.StringExtensionsTests" name="ToZipCreate_Passing_ValidFiles_Returns_ZipFiles" />
    </UnitTest>
    <UnitTest name="ResultOK" storage="d:\sferrari\01 - trabajo\repos\netcore\template-netcore-shared\kitpymes.core.shared.tests\bin\debug\netcoreapp3.0\kitpymes.core.shared.tests.dll" id="3c82816f-4e62-7440-d30d-abbd53b1dcea">
      <Execution id="10a3cc86-e49d-4dd2-8744-3ed7bcce1ff3" />
      <TestMethod codeBase="D:\SFERRARI\01 - TRABAJO\repos\netcore\template-netcore-shared\Kitpymes.Core.Shared.Tests\bin\Debug\netcoreapp3.0\Kitpymes.Core.Shared.Tests.dll" adapterTypeName="executor://mstestadapter/v2" className="Kitpymes.Core.Shared.Tests.ResultTest" name="ResultOK" />
    </UnitTest>
    <UnitTest name="ToIsNullOrAnyThrow_Passing_InvalidValue_Returns_ApplicationExceptionWithMessage" storage="d:\sferrari\01 - trabajo\repos\netcore\template-netcore-shared\kitpymes.core.shared.tests\bin\debug\netcoreapp3.0\kitpymes.core.shared.tests.dll" id="8fbac209-421a-f9fa-c5fe-97403aedb24e">
      <Execution id="8b3a3637-af42-426e-8168-29c69ff78778" />
      <TestMethod codeBase="D:\SFERRARI\01 - TRABAJO\repos\netcore\template-netcore-shared\Kitpymes.Core.Shared.Tests\bin\Debug\netcoreapp3.0\Kitpymes.Core.Shared.Tests.dll" adapterTypeName="executor://mstestadapter/v2" className="Kitpymes.Core.Shared.Tests.CheckExtensionsTests" name="ToIsNullOrAnyThrow_Passing_InvalidValue_Returns_ApplicationExceptionWithMessage" />
    </UnitTest>
    <UnitTest name="ToIsFileThrow_Passing_InvalidValue_Returns_ApplicationExceptionWithMessage" storage="d:\sferrari\01 - trabajo\repos\netcore\template-netcore-shared\kitpymes.core.shared.tests\bin\debug\netcoreapp3.0\kitpymes.core.shared.tests.dll" id="0df69eaf-b001-71ae-6cf8-f9c5860f7c4c">
      <Execution id="5917e65a-5f1f-4c4a-a82b-c87d021caf3c" />
      <TestMethod codeBase="D:\SFERRARI\01 - TRABAJO\repos\netcore\template-netcore-shared\Kitpymes.Core.Shared.Tests\bin\Debug\netcoreapp3.0\Kitpymes.Core.Shared.Tests.dll" adapterTypeName="executor://mstestadapter/v2" className="Kitpymes.Core.Shared.Tests.CheckExtensionsTests" name="ToIsFileThrow_Passing_InvalidValue_Returns_ApplicationExceptionWithMessage" />
    </UnitTest>
    <UnitTest name="ToIsNullOrEmptyThrow_Passing_InvalidValue_Returns_ApplicationExceptionWithMessage" storage="d:\sferrari\01 - trabajo\repos\netcore\template-netcore-shared\kitpymes.core.shared.tests\bin\debug\netcoreapp3.0\kitpymes.core.shared.tests.dll" id="580ff04a-e5c0-9f2f-90c3-4f2aeafd15c5">
      <Execution id="4b216efb-8617-40cd-8e85-3966ed4e2121" />
      <TestMethod codeBase="D:\SFERRARI\01 - TRABAJO\repos\netcore\template-netcore-shared\Kitpymes.Core.Shared.Tests\bin\Debug\netcoreapp3.0\Kitpymes.Core.Shared.Tests.dll" adapterTypeName="executor://mstestadapter/v2" className="Kitpymes.Core.Shared.Tests.CheckExtensionsTests" name="ToIsNullOrEmptyThrow_Passing_InvalidValue_Returns_ApplicationExceptionWithMessage" />
    </UnitTest>
    <UnitTest name="ToEnvironment_Passing_Development_Enviroment_Returns_Development_Name" storage="d:\sferrari\01 - trabajo\repos\netcore\template-netcore-shared\kitpymes.core.shared.tests\bin\debug\netcoreapp3.0\kitpymes.core.shared.tests.dll" id="1c5de28c-f1b3-c94d-8e43-201eab8c2ff8">
      <Execution id="73f9638a-be75-495b-ad65-5ca1ea7ec06c" />
      <TestMethod codeBase="D:\SFERRARI\01 - TRABAJO\repos\netcore\template-netcore-shared\Kitpymes.Core.Shared.Tests\bin\Debug\netcoreapp3.0\Kitpymes.Core.Shared.Tests.dll" adapterTypeName="executor://mstestadapter/v2" className="Kitpymes.Core.Shared.Tests.ApplicationBuilderExtensionsTests" name="ToEnvironment_Passing_Development_Enviroment_Returns_Development_Name" />
    </UnitTest>
    <UnitTest name="ToDefaultValue_Passing_uint_Returns_Cero" storage="d:\sferrari\01 - trabajo\repos\netcore\template-netcore-shared\kitpymes.core.shared.tests\bin\debug\netcoreapp3.0\kitpymes.core.shared.tests.dll" id="f828057e-351a-48b7-0028-e57f15c7217e">
      <Execution id="1933cd78-d749-416a-b003-f9009a75e1b7" />
      <TestMethod codeBase="D:\SFERRARI\01 - TRABAJO\repos\netcore\template-netcore-shared\Kitpymes.Core.Shared.Tests\bin\Debug\netcoreapp3.0\Kitpymes.Core.Shared.Tests.dll" adapterTypeName="executor://mstestadapter/v2" className="Kitpymes.Core.Shared.Tests.GenericExtensionsTests" name="ToDefaultValue_Passing_uint_Returns_Cero" />
    </UnitTest>
    <UnitTest name="ToIsAuthenticated_Passing_Null_ClaimsPrincipal_Returns_ApplicationException" storage="d:\sferrari\01 - trabajo\repos\netcore\template-netcore-shared\kitpymes.core.shared.tests\bin\debug\netcoreapp3.0\kitpymes.core.shared.tests.dll" id="a702dc43-b5af-c889-d32e-e69ee2d100af">
      <Execution id="2accf3f1-c382-4a00-ab30-fada331a3378" />
      <TestMethod codeBase="D:\SFERRARI\01 - TRABAJO\repos\netcore\template-netcore-shared\Kitpymes.Core.Shared.Tests\bin\Debug\netcoreapp3.0\Kitpymes.Core.Shared.Tests.dll" adapterTypeName="executor://mstestadapter/v2" className="Kitpymes.Core.Shared.Tests.ClaimsPrincipalExtensionsTests" name="ToIsAuthenticated_Passing_Null_ClaimsPrincipal_Returns_ApplicationException" />
    </UnitTest>
    <UnitTest name="ResultErrorData_WithTitle_WithStatusCode_WithDetails_WithExceptionType_WithMessages_WithErrors" storage="d:\sferrari\01 - trabajo\repos\netcore\template-netcore-shared\kitpymes.core.shared.tests\bin\debug\netcoreapp3.0\kitpymes.core.shared.tests.dll" id="c30c24fa-9dc6-1db9-fc63-cb77f851732c">
      <Execution id="ee092d76-d00b-4062-a0ab-b3c80a56abce" />
      <TestMethod codeBase="D:\SFERRARI\01 - TRABAJO\repos\netcore\template-netcore-shared\Kitpymes.Core.Shared.Tests\bin\Debug\netcoreapp3.0\Kitpymes.Core.Shared.Tests.dll" adapterTypeName="executor://mstestadapter/v2" className="Kitpymes.Core.Shared.Tests.ResultTest" name="ResultErrorData_WithTitle_WithStatusCode_WithDetails_WithExceptionType_WithMessages_WithErrors" />
    </UnitTest>
    <UnitTest name="ToInt_Passing_Enumeration_Name_Returns_Value" storage="d:\sferrari\01 - trabajo\repos\netcore\template-netcore-shared\kitpymes.core.shared.tests\bin\debug\netcoreapp3.0\kitpymes.core.shared.tests.dll" id="4e1a5879-f3c8-4fdb-51d0-c4cf0a35e0bf">
      <Execution id="dc24a9b3-93ab-4946-ab01-62894da8afb8" />
      <TestMethod codeBase="D:\SFERRARI\01 - TRABAJO\repos\netcore\template-netcore-shared\Kitpymes.Core.Shared.Tests\bin\Debug\netcoreapp3.0\Kitpymes.Core.Shared.Tests.dll" adapterTypeName="executor://mstestadapter/v2" className="Kitpymes.Core.Shared.Tests.EnumExtensionsTests" name="ToInt_Passing_Enumeration_Name_Returns_Value" />
    </UnitTest>
    <UnitTest name="ToEndOfTheMonth_Passing_DateTime_Returns_End_Of_Month_DateTime" storage="d:\sferrari\01 - trabajo\repos\netcore\template-netcore-shared\kitpymes.core.shared.tests\bin\debug\netcoreapp3.0\kitpymes.core.shared.tests.dll" id="a4956cd8-34a7-6fca-5b71-6eb98cedd9b0">
      <Execution id="35022a88-96aa-40d6-8a30-9c4a992cd288" />
      <TestMethod codeBase="D:\SFERRARI\01 - TRABAJO\repos\netcore\template-netcore-shared\Kitpymes.Core.Shared.Tests\bin\Debug\netcoreapp3.0\Kitpymes.Core.Shared.Tests.dll" adapterTypeName="executor://mstestadapter/v2" className="Kitpymes.Core.Shared.Tests.DateTimeExtensionsTests" name="ToEndOfTheMonth_Passing_DateTime_Returns_End_Of_Month_DateTime" />
    </UnitTest>
    <UnitTest name="IsRegexMatch_Passing_InvalidArguments_Returns_HasErrorsAndCount" storage="d:\sferrari\01 - trabajo\repos\netcore\template-netcore-shared\kitpymes.core.shared.tests\bin\debug\netcoreapp3.0\kitpymes.core.shared.tests.dll" id="fe683836-27ec-729e-5fe1-a9c2674a6d87">
      <Execution id="e2438f37-9bd9-4827-860a-ba93c8ec01c9" />
      <TestMethod codeBase="D:\SFERRARI\01 - TRABAJO\repos\netcore\template-netcore-shared\Kitpymes.Core.Shared.Tests\bin\Debug\netcoreapp3.0\Kitpymes.Core.Shared.Tests.dll" adapterTypeName="executor://mstestadapter/v2" className="Kitpymes.Core.Shared.Tests.CheckTests" name="IsRegexMatch_Passing_InvalidArguments_Returns_HasErrorsAndCount" />
    </UnitTest>
    <UnitTest name="ToMessage_Passing_ExceptionWithMessage_Returns_Message" storage="d:\sferrari\01 - trabajo\repos\netcore\template-netcore-shared\kitpymes.core.shared.tests\bin\debug\netcoreapp3.0\kitpymes.core.shared.tests.dll" id="0cb5eb43-9273-0bdf-bd18-53b184535503">
      <Execution id="a52b7bba-0721-4348-889a-cd8dd83cf809" />
      <TestMethod codeBase="D:\SFERRARI\01 - TRABAJO\repos\netcore\template-netcore-shared\Kitpymes.Core.Shared.Tests\bin\Debug\netcoreapp3.0\Kitpymes.Core.Shared.Tests.dll" adapterTypeName="executor://mstestadapter/v2" className="Kitpymes.Core.Shared.Tests.ExceptionExtensionsTests" name="ToMessage_Passing_ExceptionWithMessage_Returns_Message" />
    </UnitTest>
    <UnitTest name="ToEnvironment_ServiceProvider_Passing_Development_Enviroment_Returns_Development_Name" storage="d:\sferrari\01 - trabajo\repos\netcore\template-netcore-shared\kitpymes.core.shared.tests\bin\debug\netcoreapp3.0\kitpymes.core.shared.tests.dll" id="c09577a6-adca-ef94-40b5-45575ad65e4f">
      <Execution id="8f8c26d5-b681-4d3c-9cce-3ff0bec6ec12" />
      <TestMethod codeBase="D:\SFERRARI\01 - TRABAJO\repos\netcore\template-netcore-shared\Kitpymes.Core.Shared.Tests\bin\Debug\netcoreapp3.0\Kitpymes.Core.Shared.Tests.dll" adapterTypeName="executor://mstestadapter/v2" className="Kitpymes.Core.Shared.Tests.ConfigurationBuilderExtensionsTests" name="ToEnvironment_ServiceProvider_Passing_Development_Enviroment_Returns_Development_Name" />
    </UnitTest>
    <UnitTest name="ToEmailMask_Passing_ValidEmail_Returns_EmailWithMask" storage="d:\sferrari\01 - trabajo\repos\netcore\template-netcore-shared\kitpymes.core.shared.tests\bin\debug\netcoreapp3.0\kitpymes.core.shared.tests.dll" id="98331ff8-6ed1-e7ba-c8dd-be5bd5b6cb2c">
      <Execution id="f4f25d39-3e1a-438f-8baa-358928e81873" />
      <TestMethod codeBase="D:\SFERRARI\01 - TRABAJO\repos\netcore\template-netcore-shared\Kitpymes.Core.Shared.Tests\bin\Debug\netcoreapp3.0\Kitpymes.Core.Shared.Tests.dll" adapterTypeName="executor://mstestadapter/v2" className="Kitpymes.Core.Shared.Tests.StringExtensionsTests" name="ToEmailMask_Passing_ValidEmail_Returns_EmailWithMask" />
    </UnitTest>
    <UnitTest name="ToDefaultValue_Passing_int_Returns_Cero" storage="d:\sferrari\01 - trabajo\repos\netcore\template-netcore-shared\kitpymes.core.shared.tests\bin\debug\netcoreapp3.0\kitpymes.core.shared.tests.dll" id="4234610b-215b-41f7-e61d-4a82851bdfa3">
      <Execution id="d29ab605-26d8-4067-9668-119ce73749fa" />
      <TestMethod codeBase="D:\SFERRARI\01 - TRABAJO\repos\netcore\template-netcore-shared\Kitpymes.Core.Shared.Tests\bin\Debug\netcoreapp3.0\Kitpymes.Core.Shared.Tests.dll" adapterTypeName="executor://mstestadapter/v2" className="Kitpymes.Core.Shared.Tests.GenericExtensionsTests" name="ToDefaultValue_Passing_int_Returns_Cero" />
    </UnitTest>
    <UnitTest name="ToEnum_Passing_InvalidValueInt_Returns_EnumCustomValue" storage="d:\sferrari\01 - trabajo\repos\netcore\template-netcore-shared\kitpymes.core.shared.tests\bin\debug\netcoreapp3.0\kitpymes.core.shared.tests.dll" id="1064d8aa-5d0e-6bf5-83ee-952a4d1fd93b">
      <Execution id="c20d2166-5690-41eb-bc59-03d57d781c95" />
      <TestMethod codeBase="D:\SFERRARI\01 - TRABAJO\repos\netcore\template-netcore-shared\Kitpymes.Core.Shared.Tests\bin\Debug\netcoreapp3.0\Kitpymes.Core.Shared.Tests.dll" adapterTypeName="executor://mstestadapter/v2" className="Kitpymes.Core.Shared.Tests.StringExtensionsTests" name="ToEnum_Passing_InvalidValueInt_Returns_EnumCustomValue" />
    </UnitTest>
    <UnitTest name="ToDirectoryDeleteFiles_Passing_ValidValue_Returns_DirectoryNoExists" storage="d:\sferrari\01 - trabajo\repos\netcore\template-netcore-shared\kitpymes.core.shared.tests\bin\debug\netcoreapp3.0\kitpymes.core.shared.tests.dll" id="7f0aeefe-ba4a-5404-c6f8-82be67718cc4">
      <Execution id="29b40220-7b46-4c2b-b53a-7c9e22285067" />
      <TestMethod codeBase="D:\SFERRARI\01 - TRABAJO\repos\netcore\template-netcore-shared\Kitpymes.Core.Shared.Tests\bin\Debug\netcoreapp3.0\Kitpymes.Core.Shared.Tests.dll" adapterTypeName="executor://mstestadapter/v2" className="Kitpymes.Core.Shared.Tests.StringExtensionsTests" name="ToDirectoryDeleteFiles_Passing_ValidValue_Returns_DirectoryNoExists" />
    </UnitTest>
    <UnitTest name="ToService_Passing_Service_Not_Found_Returns_Null" storage="d:\sferrari\01 - trabajo\repos\netcore\template-netcore-shared\kitpymes.core.shared.tests\bin\debug\netcoreapp3.0\kitpymes.core.shared.tests.dll" id="3f0bf65d-a3af-41bf-ac79-126a0efc4fd4">
      <Execution id="e4fc7773-31ed-488e-8c23-ca64fbb9c808" />
      <TestMethod codeBase="D:\SFERRARI\01 - TRABAJO\repos\netcore\template-netcore-shared\Kitpymes.Core.Shared.Tests\bin\Debug\netcoreapp3.0\Kitpymes.Core.Shared.Tests.dll" adapterTypeName="executor://mstestadapter/v2" className="Kitpymes.Core.Shared.Tests.ApplicationBuilderExtensionsTests" name="ToService_Passing_Service_Not_Found_Returns_Null" />
    </UnitTest>
    <UnitTest name="ToConfiguration_Passing_Empty_DirectoryPath_Returns_ApplicationException" storage="d:\sferrari\01 - trabajo\repos\netcore\template-netcore-shared\kitpymes.core.shared.tests\bin\debug\netcoreapp3.0\kitpymes.core.shared.tests.dll" id="5c861184-f295-e727-0fd4-d218f13da14d">
      <Execution id="aae4777b-dbdd-486b-b818-a21e84b3be4a" />
      <TestMethod codeBase="D:\SFERRARI\01 - TRABAJO\repos\netcore\template-netcore-shared\Kitpymes.Core.Shared.Tests\bin\Debug\netcoreapp3.0\Kitpymes.Core.Shared.Tests.dll" adapterTypeName="executor://mstestadapter/v2" className="Kitpymes.Core.Shared.Tests.ConfigurationBuilderExtensionsTests" name="ToConfiguration_Passing_Empty_DirectoryPath_Returns_ApplicationException" />
    </UnitTest>
    <UnitTest name="ToMapNew_Passing_TSource_And_TDestination_Returns_New_TDestination_Object" storage="d:\sferrari\01 - trabajo\repos\netcore\template-netcore-shared\kitpymes.core.shared.tests\bin\debug\netcoreapp3.0\kitpymes.core.shared.tests.dll" id="46cc46f0-c0e1-f3e6-2242-cdef90a4249a">
      <Execution id="7ba90a1f-2eda-4c6c-b8ea-a96d6e877a8c" />
      <TestMethod codeBase="D:\SFERRARI\01 - TRABAJO\repos\netcore\template-netcore-shared\Kitpymes.Core.Shared.Tests\bin\Debug\netcoreapp3.0\Kitpymes.Core.Shared.Tests.dll" adapterTypeName="executor://mstestadapter/v2" className="Kitpymes.Core.Shared.Tests.AgileMapperExtensionsTests" name="ToMapNew_Passing_TSource_And_TDestination_Returns_New_TDestination_Object" />
    </UnitTest>
    <UnitTest name="ToIsNullOrAny_Passing_InvalidValue_Returns_True" storage="d:\sferrari\01 - trabajo\repos\netcore\template-netcore-shared\kitpymes.core.shared.tests\bin\debug\netcoreapp3.0\kitpymes.core.shared.tests.dll" id="55f105d6-fc07-21db-e70a-db30ccdb0844">
      <Execution id="d737a2cf-cea7-4b77-baf9-646a12fbb6b4" />
      <TestMethod codeBase="D:\SFERRARI\01 - TRABAJO\repos\netcore\template-netcore-shared\Kitpymes.Core.Shared.Tests\bin\Debug\netcoreapp3.0\Kitpymes.Core.Shared.Tests.dll" adapterTypeName="executor://mstestadapter/v2" className="Kitpymes.Core.Shared.Tests.CheckExtensionsTests" name="ToIsNullOrAny_Passing_InvalidValue_Returns_True" />
    </UnitTest>
    <UnitTest name="IsSubdomain_Passing_ValidArguments_Returns_HasErrorsAndCount" storage="d:\sferrari\01 - trabajo\repos\netcore\template-netcore-shared\kitpymes.core.shared.tests\bin\debug\netcoreapp3.0\kitpymes.core.shared.tests.dll" id="725d136c-3e7a-6e51-fc61-03203ffec0b5">
      <Execution id="fcbf6712-3017-40b0-8b9b-1072b03ad812" />
      <TestMethod codeBase="D:\SFERRARI\01 - TRABAJO\repos\netcore\template-netcore-shared\Kitpymes.Core.Shared.Tests\bin\Debug\netcoreapp3.0\Kitpymes.Core.Shared.Tests.dll" adapterTypeName="executor://mstestadapter/v2" className="Kitpymes.Core.Shared.Tests.CheckTests" name="IsSubdomain_Passing_ValidArguments_Returns_HasErrorsAndCount" />
    </UnitTest>
    <UnitTest name="ToIsNameThrow_Passing_InvalidValue_Returns_ApplicationExceptionWithMessage" storage="d:\sferrari\01 - trabajo\repos\netcore\template-netcore-shared\kitpymes.core.shared.tests\bin\debug\netcoreapp3.0\kitpymes.core.shared.tests.dll" id="1dab5b85-21d2-af6f-92e5-af8126f0e2fb">
      <Execution id="3dbd5dae-9a7b-430b-82d0-0e48ab04197d" />
      <TestMethod codeBase="D:\SFERRARI\01 - TRABAJO\repos\netcore\template-netcore-shared\Kitpymes.Core.Shared.Tests\bin\Debug\netcoreapp3.0\Kitpymes.Core.Shared.Tests.dll" adapterTypeName="executor://mstestadapter/v2" className="Kitpymes.Core.Shared.Tests.CheckExtensionsTests" name="ToIsNameThrow_Passing_InvalidValue_Returns_ApplicationExceptionWithMessage" />
    </UnitTest>
    <UnitTest name="ToHashAlgorithmName_Passing_InvalidValueString_Returns_Null" storage="d:\sferrari\01 - trabajo\repos\netcore\template-netcore-shared\kitpymes.core.shared.tests\bin\debug\netcoreapp3.0\kitpymes.core.shared.tests.dll" id="1b969e76-d97c-c639-c377-a41796fbb2c3">
      <Execution id="4354a911-9ab2-4900-9b4e-6c3582e52090" />
      <TestMethod codeBase="D:\SFERRARI\01 - TRABAJO\repos\netcore\template-netcore-shared\Kitpymes.Core.Shared.Tests\bin\Debug\netcoreapp3.0\Kitpymes.Core.Shared.Tests.dll" adapterTypeName="executor://mstestadapter/v2" className="Kitpymes.Core.Shared.Tests.StringExtensionsTests" name="ToHashAlgorithmName_Passing_InvalidValueString_Returns_Null" />
    </UnitTest>
    <UnitTest name="ToInt_Passing_Enumeration_Name_Returns_Description_Atributte" storage="d:\sferrari\01 - trabajo\repos\netcore\template-netcore-shared\kitpymes.core.shared.tests\bin\debug\netcoreapp3.0\kitpymes.core.shared.tests.dll" id="c63cd623-e636-5730-a1fa-b18ae782acc7">
      <Execution id="c5b630e1-462c-4309-a473-570274c3981e" />
      <TestMethod codeBase="D:\SFERRARI\01 - TRABAJO\repos\netcore\template-netcore-shared\Kitpymes.Core.Shared.Tests\bin\Debug\netcoreapp3.0\Kitpymes.Core.Shared.Tests.dll" adapterTypeName="executor://mstestadapter/v2" className="Kitpymes.Core.Shared.Tests.EnumExtensionsTests" name="ToInt_Passing_Enumeration_Name_Returns_Description_Atributte" />
    </UnitTest>
    <UnitTest name="ToSettings_Passing_Values_From_Memory_Returns_Settings" storage="d:\sferrari\01 - trabajo\repos\netcore\template-netcore-shared\kitpymes.core.shared.tests\bin\debug\netcoreapp3.0\kitpymes.core.shared.tests.dll" id="86b92527-4d52-052b-63ae-d9a8aa694919">
      <Execution id="48e65cca-0b99-4c6f-a47d-0a8a36916074" />
      <TestMethod codeBase="D:\SFERRARI\01 - TRABAJO\repos\netcore\template-netcore-shared\Kitpymes.Core.Shared.Tests\bin\Debug\netcoreapp3.0\Kitpymes.Core.Shared.Tests.dll" adapterTypeName="executor://mstestadapter/v2" className="Kitpymes.Core.Shared.Tests.ConfigurationBuilderExtensionsTests" name="ToSettings_Passing_Values_From_Memory_Returns_Settings" />
    </UnitTest>
    <UnitTest name="ToIsLastDayOfTheMonth_Passing_LastDayOfMonth_Returns_True" storage="d:\sferrari\01 - trabajo\repos\netcore\template-netcore-shared\kitpymes.core.shared.tests\bin\debug\netcoreapp3.0\kitpymes.core.shared.tests.dll" id="98d4dd82-eb94-c060-7aeb-9b0a39f334fb">
      <Execution id="a546f845-1ed1-43b4-93bd-36c34bbcccb1" />
      <TestMethod codeBase="D:\SFERRARI\01 - TRABAJO\repos\netcore\template-netcore-shared\Kitpymes.Core.Shared.Tests\bin\Debug\netcoreapp3.0\Kitpymes.Core.Shared.Tests.dll" adapterTypeName="executor://mstestadapter/v2" className="Kitpymes.Core.Shared.Tests.DateTimeExtensionsTests" name="ToIsLastDayOfTheMonth_Passing_LastDayOfMonth_Returns_True" />
    </UnitTest>
    <UnitTest name="ToEnvironment_ServiceCollection_Passing_Development_Enviroment_Returns_Development_Name" storage="d:\sferrari\01 - trabajo\repos\netcore\template-netcore-shared\kitpymes.core.shared.tests\bin\debug\netcoreapp3.0\kitpymes.core.shared.tests.dll" id="0f697beb-b7a4-6aa6-9017-b57feeb9ba7f">
      <Execution id="c4b2e268-1c5c-4a3e-b533-37196c191800" />
      <TestMethod codeBase="D:\SFERRARI\01 - TRABAJO\repos\netcore\template-netcore-shared\Kitpymes.Core.Shared.Tests\bin\Debug\netcoreapp3.0\Kitpymes.Core.Shared.Tests.dll" adapterTypeName="executor://mstestadapter/v2" className="Kitpymes.Core.Shared.Tests.ConfigurationBuilderExtensionsTests" name="ToEnvironment_ServiceCollection_Passing_Development_Enviroment_Returns_Development_Name" />
    </UnitTest>
    <UnitTest name="ToTryGetHeader_Passing_HttpRequest_Header_Value_Returns_Value" storage="d:\sferrari\01 - trabajo\repos\netcore\template-netcore-shared\kitpymes.core.shared.tests\bin\debug\netcoreapp3.0\kitpymes.core.shared.tests.dll" id="13bab721-bf36-ea1b-3f50-9937b274e83a">
      <Execution id="a1d75202-dec9-4bfe-b418-a3001e8b9d6e" />
      <TestMethod codeBase="D:\SFERRARI\01 - TRABAJO\repos\netcore\template-netcore-shared\Kitpymes.Core.Shared.Tests\bin\Debug\netcoreapp3.0\Kitpymes.Core.Shared.Tests.dll" adapterTypeName="executor://mstestadapter/v2" className="Kitpymes.Core.Shared.Tests.HttpRequestExtensionsTests" name="ToTryGetHeader_Passing_HttpRequest_Header_Value_Returns_Value" />
    </UnitTest>
    <UnitTest name="ToFirstLetterLower_Passing_ValidValue_Returns_StringWithFirstLetterLower" storage="d:\sferrari\01 - trabajo\repos\netcore\template-netcore-shared\kitpymes.core.shared.tests\bin\debug\netcoreapp3.0\kitpymes.core.shared.tests.dll" id="4315ebd1-3e2a-edf0-9de6-c78f08760fe3">
      <Execution id="0cd6612f-82e3-4f34-8dcd-af4d45edb40a" />
      <TestMethod codeBase="D:\SFERRARI\01 - TRABAJO\repos\netcore\template-netcore-shared\Kitpymes.Core.Shared.Tests\bin\Debug\netcoreapp3.0\Kitpymes.Core.Shared.Tests.dll" adapterTypeName="executor://mstestadapter/v2" className="Kitpymes.Core.Shared.Tests.StringExtensionsTests" name="ToFirstLetterLower_Passing_ValidValue_Returns_StringWithFirstLetterLower" />
    </UnitTest>
    <UnitTest name="ToPaged_Passing_Name_Ascending_Order_Returns_Filter_List" storage="d:\sferrari\01 - trabajo\repos\netcore\template-netcore-shared\kitpymes.core.shared.tests\bin\debug\netcoreapp3.0\kitpymes.core.shared.tests.dll" id="6fc389b2-a5f3-ded0-63b6-7e1b4cca8442">
      <Execution id="1cbf66c2-eabc-460b-9aa2-2beac897201c" />
      <TestMethod codeBase="D:\SFERRARI\01 - TRABAJO\repos\netcore\template-netcore-shared\Kitpymes.Core.Shared.Tests\bin\Debug\netcoreapp3.0\Kitpymes.Core.Shared.Tests.dll" adapterTypeName="executor://mstestadapter/v2" className="Kitpymes.Core.Shared.Tests.QueryableExtensionsTests" name="ToPaged_Passing_Name_Ascending_Order_Returns_Filter_List" />
    </UnitTest>
    <UnitTest name="ToReplace_Passing_ValidValue_Returns_ReplacedValue" storage="d:\sferrari\01 - trabajo\repos\netcore\template-netcore-shared\kitpymes.core.shared.tests\bin\debug\netcoreapp3.0\kitpymes.core.shared.tests.dll" id="04084e8e-c859-4ef5-e2a7-4fb2803cb2a3">
      <Execution id="3ddb920e-9701-43b7-ad6f-3db221609e9c" />
      <TestMethod codeBase="D:\SFERRARI\01 - TRABAJO\repos\netcore\template-netcore-shared\Kitpymes.Core.Shared.Tests\bin\Debug\netcoreapp3.0\Kitpymes.Core.Shared.Tests.dll" adapterTypeName="executor://mstestadapter/v2" className="Kitpymes.Core.Shared.Tests.StringExtensionsTests" name="ToReplace_Passing_ValidValue_Returns_ReplacedValue" />
    </UnitTest>
    <UnitTest name="IsEqual_Passing_InvalidArguments_Returns_HasErrorsAndCount" storage="d:\sferrari\01 - trabajo\repos\netcore\template-netcore-shared\kitpymes.core.shared.tests\bin\debug\netcoreapp3.0\kitpymes.core.shared.tests.dll" id="c87d842d-198f-fc52-0a70-418a5e5378ab">
      <Execution id="895a34d4-24da-4e8a-a5ef-547b16d46e69" />
      <TestMethod codeBase="D:\SFERRARI\01 - TRABAJO\repos\netcore\template-netcore-shared\Kitpymes.Core.Shared.Tests\bin\Debug\netcoreapp3.0\Kitpymes.Core.Shared.Tests.dll" adapterTypeName="executor://mstestadapter/v2" className="Kitpymes.Core.Shared.Tests.CheckTests" name="IsEqual_Passing_InvalidArguments_Returns_HasErrorsAndCount" />
    </UnitTest>
    <UnitTest name="ToSetTime_Passing_Time_Int_Returns_DateTime" storage="d:\sferrari\01 - trabajo\repos\netcore\template-netcore-shared\kitpymes.core.shared.tests\bin\debug\netcoreapp3.0\kitpymes.core.shared.tests.dll" id="1761ee10-7c34-b565-b889-1885bffe91c3">
      <Execution id="7535a351-e6d7-4ce0-8be8-3006fbb56ca4" />
      <TestMethod codeBase="D:\SFERRARI\01 - TRABAJO\repos\netcore\template-netcore-shared\Kitpymes.Core.Shared.Tests\bin\Debug\netcoreapp3.0\Kitpymes.Core.Shared.Tests.dll" adapterTypeName="executor://mstestadapter/v2" className="Kitpymes.Core.Shared.Tests.DateTimeExtensionsTests" name="ToSetTime_Passing_Time_Int_Returns_DateTime" />
    </UnitTest>
    <UnitTest name="ToWhere_Passing_Valid_Predicate_Returns_Filter_List" storage="d:\sferrari\01 - trabajo\repos\netcore\template-netcore-shared\kitpymes.core.shared.tests\bin\debug\netcoreapp3.0\kitpymes.core.shared.tests.dll" id="e9d3a3d6-32e0-613e-b55e-48afdf1ab686">
      <Execution id="20c44387-53ee-491c-b0c6-e51c0f5a167a" />
      <TestMethod codeBase="D:\SFERRARI\01 - TRABAJO\repos\netcore\template-netcore-shared\Kitpymes.Core.Shared.Tests\bin\Debug\netcoreapp3.0\Kitpymes.Core.Shared.Tests.dll" adapterTypeName="executor://mstestadapter/v2" className="Kitpymes.Core.Shared.Tests.QueryableExtensionsTests" name="ToWhere_Passing_Valid_Predicate_Returns_Filter_List" />
    </UnitTest>
    <UnitTest name="ToEmailMaskUserNameAndDomainAndExtension_Passing_ValidEmail_Returns_EmailWithMask" storage="d:\sferrari\01 - trabajo\repos\netcore\template-netcore-shared\kitpymes.core.shared.tests\bin\debug\netcoreapp3.0\kitpymes.core.shared.tests.dll" id="1f6423c7-4317-6f5b-c112-f4c9c7e822af">
      <Execution id="270423c7-4e33-4941-a19a-941346221a71" />
      <TestMethod codeBase="D:\SFERRARI\01 - TRABAJO\repos\netcore\template-netcore-shared\Kitpymes.Core.Shared.Tests\bin\Debug\netcoreapp3.0\Kitpymes.Core.Shared.Tests.dll" adapterTypeName="executor://mstestadapter/v2" className="Kitpymes.Core.Shared.Tests.StringExtensionsTests" name="ToEmailMaskUserNameAndDomainAndExtension_Passing_ValidEmail_Returns_EmailWithMask" />
    </UnitTest>
    <UnitTest name="ToTryGetHeader_Passing_HttpRequest_Header_Many_Values_Returns_Values" storage="d:\sferrari\01 - trabajo\repos\netcore\template-netcore-shared\kitpymes.core.shared.tests\bin\debug\netcoreapp3.0\kitpymes.core.shared.tests.dll" id="db5f34ff-df7c-44e5-6721-c319db8d6da0">
      <Execution id="9dff6050-8456-4d2a-833c-56623c3d1814" />
      <TestMethod codeBase="D:\SFERRARI\01 - TRABAJO\repos\netcore\template-netcore-shared\Kitpymes.Core.Shared.Tests\bin\Debug\netcoreapp3.0\Kitpymes.Core.Shared.Tests.dll" adapterTypeName="executor://mstestadapter/v2" className="Kitpymes.Core.Shared.Tests.HttpRequestExtensionsTests" name="ToTryGetHeader_Passing_HttpRequest_Header_Many_Values_Returns_Values" />
    </UnitTest>
    <UnitTest name="ToEnum_Passing_ValidValue_String_Returns_EnumValue" storage="d:\sferrari\01 - trabajo\repos\netcore\template-netcore-shared\kitpymes.core.shared.tests\bin\debug\netcoreapp3.0\kitpymes.core.shared.tests.dll" id="605637df-9854-875b-b3aa-6675f3fbd045">
      <Execution id="4dae3fb1-d097-4192-8ad2-39790adbd1bd" />
      <TestMethod codeBase="D:\SFERRARI\01 - TRABAJO\repos\netcore\template-netcore-shared\Kitpymes.Core.Shared.Tests\bin\Debug\netcoreapp3.0\Kitpymes.Core.Shared.Tests.dll" adapterTypeName="executor://mstestadapter/v2" className="Kitpymes.Core.Shared.Tests.StringExtensionsTests" name="ToEnum_Passing_ValidValue_String_Returns_EnumValue" />
    </UnitTest>
    <UnitTest name="ToDefaultValue_Passing_sbyte_Returns_Cero" storage="d:\sferrari\01 - trabajo\repos\netcore\template-netcore-shared\kitpymes.core.shared.tests\bin\debug\netcoreapp3.0\kitpymes.core.shared.tests.dll" id="19a313ce-6632-bd6f-bb7e-c2dc7bcf20eb">
      <Execution id="00dea29c-381d-4a66-86bd-8bd2b80a4b69" />
      <TestMethod codeBase="D:\SFERRARI\01 - TRABAJO\repos\netcore\template-netcore-shared\Kitpymes.Core.Shared.Tests\bin\Debug\netcoreapp3.0\Kitpymes.Core.Shared.Tests.dll" adapterTypeName="executor://mstestadapter/v2" className="Kitpymes.Core.Shared.Tests.GenericExtensionsTests" name="ToDefaultValue_Passing_sbyte_Returns_Cero" />
    </UnitTest>
    <UnitTest name="CreateRandom_WithDefaultAllowableCharacters_Passing_ValidArguments_Returns_String_Random_Value" storage="d:\sferrari\01 - trabajo\repos\netcore\template-netcore-shared\kitpymes.core.shared.tests\bin\debug\netcoreapp3.0\kitpymes.core.shared.tests.dll" id="481343f9-3ff3-548f-0c6c-41599cf65802">
      <Execution id="f7f0b465-37d5-4ef8-a312-eeefc0167921" />
      <TestMethod codeBase="D:\SFERRARI\01 - TRABAJO\repos\netcore\template-netcore-shared\Kitpymes.Core.Shared.Tests\bin\Debug\netcoreapp3.0\Kitpymes.Core.Shared.Tests.dll" adapterTypeName="executor://mstestadapter/v2" className="Kitpymes.Core.Shared.Tests.HashTests" name="CreateRandom_WithDefaultAllowableCharacters_Passing_ValidArguments_Returns_String_Random_Value" />
    </UnitTest>
    <UnitTest name="ToThrow_Passing_InvalidValue_Returns_ApplicationExceptionWithMessage" storage="d:\sferrari\01 - trabajo\repos\netcore\template-netcore-shared\kitpymes.core.shared.tests\bin\debug\netcoreapp3.0\kitpymes.core.shared.tests.dll" id="9b5f9705-0df5-3b21-5e23-e11b68721fd4">
      <Execution id="190d3d52-cfca-4545-88dc-c458513f514b" />
      <TestMethod codeBase="D:\SFERRARI\01 - TRABAJO\repos\netcore\template-netcore-shared\Kitpymes.Core.Shared.Tests\bin\Debug\netcoreapp3.0\Kitpymes.Core.Shared.Tests.dll" adapterTypeName="executor://mstestadapter/v2" className="Kitpymes.Core.Shared.Tests.CheckExtensionsTests" name="ToThrow_Passing_InvalidValue_Returns_ApplicationExceptionWithMessage" />
    </UnitTest>
    <UnitTest name="ToIsFileExtensionThrow_Passing_InvalidValue_Returns_ApplicationExceptionWithMessage" storage="d:\sferrari\01 - trabajo\repos\netcore\template-netcore-shared\kitpymes.core.shared.tests\bin\debug\netcoreapp3.0\kitpymes.core.shared.tests.dll" id="43949294-e4b7-cf4d-0d69-84ccc9e58406">
      <Execution id="a496d377-78c3-4966-bdf6-5bb65189e895" />
      <TestMethod codeBase="D:\SFERRARI\01 - TRABAJO\repos\netcore\template-netcore-shared\Kitpymes.Core.Shared.Tests\bin\Debug\netcoreapp3.0\Kitpymes.Core.Shared.Tests.dll" adapterTypeName="executor://mstestadapter/v2" className="Kitpymes.Core.Shared.Tests.CheckExtensionsTests" name="ToIsFileExtensionThrow_Passing_InvalidValue_Returns_ApplicationExceptionWithMessage" />
    </UnitTest>
    <UnitTest name="ToConfiguration_Passing_Valid_DirectoryPath_Invalid_JsonFileName_Not_Optional_Returns_ApplicationException" storage="d:\sferrari\01 - trabajo\repos\netcore\template-netcore-shared\kitpymes.core.shared.tests\bin\debug\netcoreapp3.0\kitpymes.core.shared.tests.dll" id="bf48e581-43e6-7660-c4f4-1b7deb1f0ed9">
      <Execution id="ebab606c-9331-4642-8e78-15ff34ba51bd" />
      <TestMethod codeBase="D:\SFERRARI\01 - TRABAJO\repos\netcore\template-netcore-shared\Kitpymes.Core.Shared.Tests\bin\Debug\netcoreapp3.0\Kitpymes.Core.Shared.Tests.dll" adapterTypeName="executor://mstestadapter/v2" className="Kitpymes.Core.Shared.Tests.ConfigurationBuilderExtensionsTests" name="ToConfiguration_Passing_Valid_DirectoryPath_Invalid_JsonFileName_Not_Optional_Returns_ApplicationException" />
    </UnitTest>
    <UnitTest name="ToPaged_Passing_Name_Descending_Order_Returns_Filter_List" storage="d:\sferrari\01 - trabajo\repos\netcore\template-netcore-shared\kitpymes.core.shared.tests\bin\debug\netcoreapp3.0\kitpymes.core.shared.tests.dll" id="0b00f09d-f7e4-fb1e-68ad-8102cf6143e0">
      <Execution id="6fcbe053-49e6-4d72-b767-520345d41660" />
      <TestMethod codeBase="D:\SFERRARI\01 - TRABAJO\repos\netcore\template-netcore-shared\Kitpymes.Core.Shared.Tests\bin\Debug\netcoreapp3.0\Kitpymes.Core.Shared.Tests.dll" adapterTypeName="executor://mstestadapter/v2" className="Kitpymes.Core.Shared.Tests.QueryableExtensionsTests" name="ToPaged_Passing_Name_Descending_Order_Returns_Filter_List" />
    </UnitTest>
    <UnitTest name="ToEnum_Passing_InvalidValueString_Returns_EnumDefaultValue" storage="d:\sferrari\01 - trabajo\repos\netcore\template-netcore-shared\kitpymes.core.shared.tests\bin\debug\netcoreapp3.0\kitpymes.core.shared.tests.dll" id="31ff6168-d18d-0013-7c18-0ff775714202">
      <Execution id="4c238815-3483-43ef-94b0-e6d9f696710b" />
      <TestMethod codeBase="D:\SFERRARI\01 - TRABAJO\repos\netcore\template-netcore-shared\Kitpymes.Core.Shared.Tests\bin\Debug\netcoreapp3.0\Kitpymes.Core.Shared.Tests.dll" adapterTypeName="executor://mstestadapter/v2" className="Kitpymes.Core.Shared.Tests.StringExtensionsTests" name="ToEnum_Passing_InvalidValueString_Returns_EnumDefaultValue" />
    </UnitTest>
    <UnitTest name="ToUserName_Passing_Valid_UserName_ClaimsPrincipal_Returns_String_UserName_Value" storage="d:\sferrari\01 - trabajo\repos\netcore\template-netcore-shared\kitpymes.core.shared.tests\bin\debug\netcoreapp3.0\kitpymes.core.shared.tests.dll" id="856fd0c8-b6f8-9265-ccfd-2a9e615488e2">
      <Execution id="2e1ac643-61f6-45e3-9d91-85f00a937606" />
      <TestMethod codeBase="D:\SFERRARI\01 - TRABAJO\repos\netcore\template-netcore-shared\Kitpymes.Core.Shared.Tests\bin\Debug\netcoreapp3.0\Kitpymes.Core.Shared.Tests.dll" adapterTypeName="executor://mstestadapter/v2" className="Kitpymes.Core.Shared.Tests.ClaimsPrincipalExtensionsTests" name="ToUserName_Passing_Valid_UserName_ClaimsPrincipal_Returns_String_UserName_Value" />
    </UnitTest>
    <UnitTest name="IsSubdomain_Passing_InvalidArguments_Returns_HasErrorsAndCount" storage="d:\sferrari\01 - trabajo\repos\netcore\template-netcore-shared\kitpymes.core.shared.tests\bin\debug\netcoreapp3.0\kitpymes.core.shared.tests.dll" id="f2debf4a-2a42-7b0b-1005-8f74a6fc63cb">
      <Execution id="0eb0ef8f-a10b-4d63-ba49-fcb0de6aacdf" />
      <TestMethod codeBase="D:\SFERRARI\01 - TRABAJO\repos\netcore\template-netcore-shared\Kitpymes.Core.Shared.Tests\bin\Debug\netcoreapp3.0\Kitpymes.Core.Shared.Tests.dll" adapterTypeName="executor://mstestadapter/v2" className="Kitpymes.Core.Shared.Tests.CheckTests" name="IsSubdomain_Passing_InvalidArguments_Returns_HasErrorsAndCount" />
    </UnitTest>
    <UnitTest name="IsDigit_Passing_ValidArguments_Returns_HasErrorsAndCount" storage="d:\sferrari\01 - trabajo\repos\netcore\template-netcore-shared\kitpymes.core.shared.tests\bin\debug\netcoreapp3.0\kitpymes.core.shared.tests.dll" id="ebdf037a-44fa-7875-99d4-42fa9833aac8">
      <Execution id="1c9f52e8-ac9d-48e1-b50f-9431399a4b88" />
      <TestMethod codeBase="D:\SFERRARI\01 - TRABAJO\repos\netcore\template-netcore-shared\Kitpymes.Core.Shared.Tests\bin\Debug\netcoreapp3.0\Kitpymes.Core.Shared.Tests.dll" adapterTypeName="executor://mstestadapter/v2" className="Kitpymes.Core.Shared.Tests.CheckTests" name="IsDigit_Passing_ValidArguments_Returns_HasErrorsAndCount" />
    </UnitTest>
    <UnitTest name="ToEmailMaskUserNameAndDomain_Passing_ValidEmail_Returns_EmailWithMask" storage="d:\sferrari\01 - trabajo\repos\netcore\template-netcore-shared\kitpymes.core.shared.tests\bin\debug\netcoreapp3.0\kitpymes.core.shared.tests.dll" id="e8138724-52f6-6999-ada4-cbc441f2cd15">
      <Execution id="ff0f1ccc-3b13-4c82-8fc1-626da7550e15" />
      <TestMethod codeBase="D:\SFERRARI\01 - TRABAJO\repos\netcore\template-netcore-shared\Kitpymes.Core.Shared.Tests\bin\Debug\netcoreapp3.0\Kitpymes.Core.Shared.Tests.dll" adapterTypeName="executor://mstestadapter/v2" className="Kitpymes.Core.Shared.Tests.StringExtensionsTests" name="ToEmailMaskUserNameAndDomain_Passing_ValidEmail_Returns_EmailWithMask" />
    </UnitTest>
    <UnitTest name="ToDirectoryReadFileAsync_Passing_ValidValue_Returns_False" storage="d:\sferrari\01 - trabajo\repos\netcore\template-netcore-shared\kitpymes.core.shared.tests\bin\debug\netcoreapp3.0\kitpymes.core.shared.tests.dll" id="29295413-2308-fade-9c98-0e9ed6c67839">
      <Execution id="07ed8772-0396-4d5a-9762-0c65862f4bca" />
      <TestMethod codeBase="D:\SFERRARI\01 - TRABAJO\repos\netcore\template-netcore-shared\Kitpymes.Core.Shared.Tests\bin\Debug\netcoreapp3.0\Kitpymes.Core.Shared.Tests.dll" adapterTypeName="executor://mstestadapter/v2" className="Kitpymes.Core.Shared.Tests.StringExtensionsTests" name="ToDirectoryReadFileAsync_Passing_ValidValue_Returns_False" />
    </UnitTest>
    <UnitTest name="ToDictionaryPropertyInfo_Passing_Object_IncludeNullOrEmptyProperty_Returns_Properties_NameAndValue_Dictionary" storage="d:\sferrari\01 - trabajo\repos\netcore\template-netcore-shared\kitpymes.core.shared.tests\bin\debug\netcoreapp3.0\kitpymes.core.shared.tests.dll" id="a0ed43cd-0648-ddf9-c80e-52c6889ee049">
      <Execution id="7935e3d8-8a42-4ac0-9eeb-a3ff2d382256" />
      <TestMethod codeBase="D:\SFERRARI\01 - TRABAJO\repos\netcore\template-netcore-shared\Kitpymes.Core.Shared.Tests\bin\Debug\netcoreapp3.0\Kitpymes.Core.Shared.Tests.dll" adapterTypeName="executor://mstestadapter/v2" className="Kitpymes.Core.Shared.Tests.GenericExtensionsTests" name="ToDictionaryPropertyInfo_Passing_Object_IncludeNullOrEmptyProperty_Returns_Properties_NameAndValue_Dictionary" />
    </UnitTest>
    <UnitTest name="ToIsWeekend_Passing_Friday_DateTime_Returns_False" storage="d:\sferrari\01 - trabajo\repos\netcore\template-netcore-shared\kitpymes.core.shared.tests\bin\debug\netcoreapp3.0\kitpymes.core.shared.tests.dll" id="459f13f4-e266-2f20-5c30-d2c64797095d">
      <Execution id="85febd2e-98b5-4f7a-b02d-f382f391b0b0" />
      <TestMethod codeBase="D:\SFERRARI\01 - TRABAJO\repos\netcore\template-netcore-shared\Kitpymes.Core.Shared.Tests\bin\Debug\netcoreapp3.0\Kitpymes.Core.Shared.Tests.dll" adapterTypeName="executor://mstestadapter/v2" className="Kitpymes.Core.Shared.Tests.DateTimeExtensionsTests" name="ToIsWeekend_Passing_Friday_DateTime_Returns_False" />
    </UnitTest>
    <UnitTest name="ToList_Passing_ValidEnumType_Returns_ValuesList" storage="d:\sferrari\01 - trabajo\repos\netcore\template-netcore-shared\kitpymes.core.shared.tests\bin\debug\netcoreapp3.0\kitpymes.core.shared.tests.dll" id="a6625fb0-1b80-148b-87dc-9cf616e5e84d">
      <Execution id="49caa382-a27f-4524-bea1-742c10915abb" />
      <TestMethod codeBase="D:\SFERRARI\01 - TRABAJO\repos\netcore\template-netcore-shared\Kitpymes.Core.Shared.Tests\bin\Debug\netcoreapp3.0\Kitpymes.Core.Shared.Tests.dll" adapterTypeName="executor://mstestadapter/v2" className="Kitpymes.Core.Shared.Tests.EnumsTests" name="ToList_Passing_ValidEnumType_Returns_ValuesList" />
    </UnitTest>
    <UnitTest name="IsDomain_Passing_ValidArguments_Returns_HasErrorsAndCount" storage="d:\sferrari\01 - trabajo\repos\netcore\template-netcore-shared\kitpymes.core.shared.tests\bin\debug\netcoreapp3.0\kitpymes.core.shared.tests.dll" id="447ced0a-6221-43ff-44ab-4ee12ee4d012">
      <Execution id="8e06c027-3246-4e8f-a479-113adbeac6e7" />
      <TestMethod codeBase="D:\SFERRARI\01 - TRABAJO\repos\netcore\template-netcore-shared\Kitpymes.Core.Shared.Tests\bin\Debug\netcoreapp3.0\Kitpymes.Core.Shared.Tests.dll" adapterTypeName="executor://mstestadapter/v2" className="Kitpymes.Core.Shared.Tests.CheckTests" name="IsDomain_Passing_ValidArguments_Returns_HasErrorsAndCount" />
    </UnitTest>
    <UnitTest name="ToHeader_Passing_HttpRequest_Header_Value_Returns_Value" storage="d:\sferrari\01 - trabajo\repos\netcore\template-netcore-shared\kitpymes.core.shared.tests\bin\debug\netcoreapp3.0\kitpymes.core.shared.tests.dll" id="4a2e80a7-472b-b7f7-ba61-ac77aed5735d">
      <Execution id="8cc65db7-edff-44b5-8912-c53e6f184f0b" />
      <TestMethod codeBase="D:\SFERRARI\01 - TRABAJO\repos\netcore\template-netcore-shared\Kitpymes.Core.Shared.Tests\bin\Debug\netcoreapp3.0\Kitpymes.Core.Shared.Tests.dll" adapterTypeName="executor://mstestadapter/v2" className="Kitpymes.Core.Shared.Tests.HttpRequestExtensionsTests" name="ToHeader_Passing_HttpRequest_Header_Value_Returns_Value" />
    </UnitTest>
    <UnitTest name="ToIPv6_Passing_HttpContext_IP_Value_Returns_IP" storage="d:\sferrari\01 - trabajo\repos\netcore\template-netcore-shared\kitpymes.core.shared.tests\bin\debug\netcoreapp3.0\kitpymes.core.shared.tests.dll" id="5bee9d0e-89de-7b6d-4317-0a11342b1d29">
      <Execution id="e51ff932-50ec-42fa-afea-476e984ba3b1" />
      <TestMethod codeBase="D:\SFERRARI\01 - TRABAJO\repos\netcore\template-netcore-shared\Kitpymes.Core.Shared.Tests\bin\Debug\netcoreapp3.0\Kitpymes.Core.Shared.Tests.dll" adapterTypeName="executor://mstestadapter/v2" className="Kitpymes.Core.Shared.Tests.HttpContextExtensionsTests" name="ToIPv6_Passing_HttpContext_IP_Value_Returns_IP" />
    </UnitTest>
    <UnitTest name="ToGet_Passing_Claims_Returns_Claim_Value_Object" storage="d:\sferrari\01 - trabajo\repos\netcore\template-netcore-shared\kitpymes.core.shared.tests\bin\debug\netcoreapp3.0\kitpymes.core.shared.tests.dll" id="a272f84c-2bd5-daa4-4afe-22346b802f86">
      <Execution id="9024b933-6183-46b7-bef3-5346887eb80c" />
      <TestMethod codeBase="D:\SFERRARI\01 - TRABAJO\repos\netcore\template-netcore-shared\Kitpymes.Core.Shared.Tests\bin\Debug\netcoreapp3.0\Kitpymes.Core.Shared.Tests.dll" adapterTypeName="executor://mstestadapter/v2" className="Kitpymes.Core.Shared.Tests.ClaimsPrincipalExtensionsTests" name="ToGet_Passing_Claims_Returns_Claim_Value_Object" />
    </UnitTest>
    <UnitTest name="ToExists_Passing_Service_Not_Found_Returns_False" storage="d:\sferrari\01 - trabajo\repos\netcore\template-netcore-shared\kitpymes.core.shared.tests\bin\debug\netcoreapp3.0\kitpymes.core.shared.tests.dll" id="074815db-ddf2-9c1f-0fef-7f709183591e">
      <Execution id="4ab3c6f1-8122-43b2-8592-36b72437b7a4" />
      <TestMethod codeBase="D:\SFERRARI\01 - TRABAJO\repos\netcore\template-netcore-shared\Kitpymes.Core.Shared.Tests\bin\Debug\netcoreapp3.0\Kitpymes.Core.Shared.Tests.dll" adapterTypeName="executor://mstestadapter/v2" className="Kitpymes.Core.Shared.Tests.ApplicationBuilderExtensionsTests" name="ToExists_Passing_Service_Not_Found_Returns_False" />
    </UnitTest>
    <UnitTest name="IsFile_Passing_InvalidArguments_Returns_HasErrorsAndCount" storage="d:\sferrari\01 - trabajo\repos\netcore\template-netcore-shared\kitpymes.core.shared.tests\bin\debug\netcoreapp3.0\kitpymes.core.shared.tests.dll" id="d7c20db6-f712-8539-ac01-01e8f4033fac">
      <Execution id="4f6f064a-b7b3-46d6-8d8e-7ab0193344be" />
      <TestMethod codeBase="D:\SFERRARI\01 - TRABAJO\repos\netcore\template-netcore-shared\Kitpymes.Core.Shared.Tests\bin\Debug\netcoreapp3.0\Kitpymes.Core.Shared.Tests.dll" adapterTypeName="executor://mstestadapter/v2" className="Kitpymes.Core.Shared.Tests.CheckTests" name="IsFile_Passing_InvalidArguments_Returns_HasErrorsAndCount" />
    </UnitTest>
    <UnitTest name="ToConfiguration_Passing_Valid_DirectoryPath_Valid_JsonFileName_Returns_Ok" storage="d:\sferrari\01 - trabajo\repos\netcore\template-netcore-shared\kitpymes.core.shared.tests\bin\debug\netcoreapp3.0\kitpymes.core.shared.tests.dll" id="9064672f-1220-7bc0-f2b0-c66c74cccc5e">
      <Execution id="04af6226-486c-429d-932a-e78d46509114" />
      <TestMethod codeBase="D:\SFERRARI\01 - TRABAJO\repos\netcore\template-netcore-shared\Kitpymes.Core.Shared.Tests\bin\Debug\netcoreapp3.0\Kitpymes.Core.Shared.Tests.dll" adapterTypeName="executor://mstestadapter/v2" className="Kitpymes.Core.Shared.Tests.ConfigurationBuilderExtensionsTests" name="ToConfiguration_Passing_Valid_DirectoryPath_Valid_JsonFileName_Returns_Ok" />
    </UnitTest>
    <UnitTest name="IsCustom_Passing_InvalidArguments_Returns_HasErrorsAndCount" storage="d:\sferrari\01 - trabajo\repos\netcore\template-netcore-shared\kitpymes.core.shared.tests\bin\debug\netcoreapp3.0\kitpymes.core.shared.tests.dll" id="772d3145-280a-fb9f-03c2-247d0f593a66">
      <Execution id="e383d747-f037-4044-aea3-fa859e703fa7" />
      <TestMethod codeBase="D:\SFERRARI\01 - TRABAJO\repos\netcore\template-netcore-shared\Kitpymes.Core.Shared.Tests\bin\Debug\netcoreapp3.0\Kitpymes.Core.Shared.Tests.dll" adapterTypeName="executor://mstestadapter/v2" className="Kitpymes.Core.Shared.Tests.CheckTests" name="IsCustom_Passing_InvalidArguments_Returns_HasErrorsAndCount" />
    </UnitTest>
    <UnitTest name="ToPaged_Passing_Age_Descending_Order_Returns_Filter_List" storage="d:\sferrari\01 - trabajo\repos\netcore\template-netcore-shared\kitpymes.core.shared.tests\bin\debug\netcoreapp3.0\kitpymes.core.shared.tests.dll" id="e53d2439-2080-43bd-e38b-a60253b60af1">
      <Execution id="5c2020b2-08fd-4aa9-a820-228d0c3c7961" />
      <TestMethod codeBase="D:\SFERRARI\01 - TRABAJO\repos\netcore\template-netcore-shared\Kitpymes.Core.Shared.Tests\bin\Debug\netcoreapp3.0\Kitpymes.Core.Shared.Tests.dll" adapterTypeName="executor://mstestadapter/v2" className="Kitpymes.Core.Shared.Tests.QueryableExtensionsTests" name="ToPaged_Passing_Age_Descending_Order_Returns_Filter_List" />
    </UnitTest>
    <UnitTest name="ToBytes_Passing_Object_Returns_Bytes" storage="d:\sferrari\01 - trabajo\repos\netcore\template-netcore-shared\kitpymes.core.shared.tests\bin\debug\netcoreapp3.0\kitpymes.core.shared.tests.dll" id="118e36ba-6572-1245-e05b-9bcc7b4e5e20">
      <Execution id="35ded014-da2b-468d-bcb8-530f1e1d8b27" />
      <TestMethod codeBase="D:\SFERRARI\01 - TRABAJO\repos\netcore\template-netcore-shared\Kitpymes.Core.Shared.Tests\bin\Debug\netcoreapp3.0\Kitpymes.Core.Shared.Tests.dll" adapterTypeName="executor://mstestadapter/v2" className="Kitpymes.Core.Shared.Tests.GenericExtensionsTests" name="ToBytes_Passing_Object_Returns_Bytes" />
    </UnitTest>
    <UnitTest name="ToDefaultValue_Passing_float_Returns_Cero" storage="d:\sferrari\01 - trabajo\repos\netcore\template-netcore-shared\kitpymes.core.shared.tests\bin\debug\netcoreapp3.0\kitpymes.core.shared.tests.dll" id="e0f7dcd9-f363-be9c-de11-457f6a575bee">
      <Execution id="839944c1-6fbb-46e0-8034-823a98063e3a" />
      <TestMethod codeBase="D:\SFERRARI\01 - TRABAJO\repos\netcore\template-netcore-shared\Kitpymes.Core.Shared.Tests\bin\Debug\netcoreapp3.0\Kitpymes.Core.Shared.Tests.dll" adapterTypeName="executor://mstestadapter/v2" className="Kitpymes.Core.Shared.Tests.GenericExtensionsTests" name="ToDefaultValue_Passing_float_Returns_Cero" />
    </UnitTest>
    <UnitTest name="IsUppercase_Passing_InvalidArguments_Returns_HasErrorsAndCount" storage="d:\sferrari\01 - trabajo\repos\netcore\template-netcore-shared\kitpymes.core.shared.tests\bin\debug\netcoreapp3.0\kitpymes.core.shared.tests.dll" id="b8bb90de-6285-0f1c-e0f2-f3ba1f987370">
      <Execution id="4615f130-dc74-490e-9bb2-8ffeecce272e" />
      <TestMethod codeBase="D:\SFERRARI\01 - TRABAJO\repos\netcore\template-netcore-shared\Kitpymes.Core.Shared.Tests\bin\Debug\netcoreapp3.0\Kitpymes.Core.Shared.Tests.dll" adapterTypeName="executor://mstestadapter/v2" className="Kitpymes.Core.Shared.Tests.CheckTests" name="IsUppercase_Passing_InvalidArguments_Returns_HasErrorsAndCount" />
    </UnitTest>
    <UnitTest name="ToGetAll_Passing_Claims_Returns_Claim_Value_String_List" storage="d:\sferrari\01 - trabajo\repos\netcore\template-netcore-shared\kitpymes.core.shared.tests\bin\debug\netcoreapp3.0\kitpymes.core.shared.tests.dll" id="4184a91b-5297-4872-2a98-1ef97e124515">
      <Execution id="7c1953a8-82af-49f6-afee-1b001786ddb7" />
      <TestMethod codeBase="D:\SFERRARI\01 - TRABAJO\repos\netcore\template-netcore-shared\Kitpymes.Core.Shared.Tests\bin\Debug\netcoreapp3.0\Kitpymes.Core.Shared.Tests.dll" adapterTypeName="executor://mstestadapter/v2" className="Kitpymes.Core.Shared.Tests.ClaimsPrincipalExtensionsTests" name="ToGetAll_Passing_Claims_Returns_Claim_Value_String_List" />
    </UnitTest>
    <UnitTest name="ToList_Passing_ValidEnumTypeWithResourceType_Returns_ValuesList" storage="d:\sferrari\01 - trabajo\repos\netcore\template-netcore-shared\kitpymes.core.shared.tests\bin\debug\netcoreapp3.0\kitpymes.core.shared.tests.dll" id="aaa46586-7b83-9a88-e835-ae92592f98a3">
      <Execution id="77b7ef2f-e5c9-498a-bc03-2e86daf97d22" />
      <TestMethod codeBase="D:\SFERRARI\01 - TRABAJO\repos\netcore\template-netcore-shared\Kitpymes.Core.Shared.Tests\bin\Debug\netcoreapp3.0\Kitpymes.Core.Shared.Tests.dll" adapterTypeName="executor://mstestadapter/v2" className="Kitpymes.Core.Shared.Tests.EnumsTests" name="ToList_Passing_ValidEnumTypeWithResourceType_Returns_ValuesList" />
    </UnitTest>
    <UnitTest name="IsHostname_Passing_ValidArguments_Returns_HasErrorsAndCount" storage="d:\sferrari\01 - trabajo\repos\netcore\template-netcore-shared\kitpymes.core.shared.tests\bin\debug\netcoreapp3.0\kitpymes.core.shared.tests.dll" id="46df7735-43c3-1f8d-197a-cd21c82e5889">
      <Execution id="ef08fe75-4669-4a81-8c03-d5473b0a7fb1" />
      <TestMethod codeBase="D:\SFERRARI\01 - TRABAJO\repos\netcore\template-netcore-shared\Kitpymes.Core.Shared.Tests\bin\Debug\netcoreapp3.0\Kitpymes.Core.Shared.Tests.dll" adapterTypeName="executor://mstestadapter/v2" className="Kitpymes.Core.Shared.Tests.CheckTests" name="IsHostname_Passing_ValidArguments_Returns_HasErrorsAndCount" />
    </UnitTest>
    <UnitTest name="ToTomorrow_Passing_DateTime_Returns_Tomorrow_DateTime" storage="d:\sferrari\01 - trabajo\repos\netcore\template-netcore-shared\kitpymes.core.shared.tests\bin\debug\netcoreapp3.0\kitpymes.core.shared.tests.dll" id="c2d3c8df-32e7-92dc-91f8-057e8c4da6b9">
      <Execution id="37b451d7-c9fe-4f1f-8d63-5a10c5c38c98" />
      <TestMethod codeBase="D:\SFERRARI\01 - TRABAJO\repos\netcore\template-netcore-shared\Kitpymes.Core.Shared.Tests\bin\Debug\netcoreapp3.0\Kitpymes.Core.Shared.Tests.dll" adapterTypeName="executor://mstestadapter/v2" className="Kitpymes.Core.Shared.Tests.DateTimeExtensionsTests" name="ToTomorrow_Passing_DateTime_Returns_Tomorrow_DateTime" />
    </UnitTest>
    <UnitTest name="ToFullMessage_Passing_ExceptionWithMessageWithInnerException_Returns_Full_Message" storage="d:\sferrari\01 - trabajo\repos\netcore\template-netcore-shared\kitpymes.core.shared.tests\bin\debug\netcoreapp3.0\kitpymes.core.shared.tests.dll" id="e1a72c94-958d-7abb-4a96-4b60b12f8157">
      <Execution id="ace2ed0c-944c-4b98-b798-f5321bf36431" />
      <TestMethod codeBase="D:\SFERRARI\01 - TRABAJO\repos\netcore\template-netcore-shared\Kitpymes.Core.Shared.Tests\bin\Debug\netcoreapp3.0\Kitpymes.Core.Shared.Tests.dll" adapterTypeName="executor://mstestadapter/v2" className="Kitpymes.Core.Shared.Tests.ExceptionExtensionsTests" name="ToFullMessage_Passing_ExceptionWithMessageWithInnerException_Returns_Full_Message" />
    </UnitTest>
    <UnitTest name="ToAuthenticationType_Passing_Claims_Returns_Null" storage="d:\sferrari\01 - trabajo\repos\netcore\template-netcore-shared\kitpymes.core.shared.tests\bin\debug\netcoreapp3.0\kitpymes.core.shared.tests.dll" id="34e0940c-fc9c-71db-fc18-7d52ee8761a0">
      <Execution id="ab26bf55-5e1f-4c1f-895c-94a4c0282c18" />
      <TestMethod codeBase="D:\SFERRARI\01 - TRABAJO\repos\netcore\template-netcore-shared\Kitpymes.Core.Shared.Tests\bin\Debug\netcoreapp3.0\Kitpymes.Core.Shared.Tests.dll" adapterTypeName="executor://mstestadapter/v2" className="Kitpymes.Core.Shared.Tests.ClaimsPrincipalExtensionsTests" name="ToAuthenticationType_Passing_Claims_Returns_Null" />
    </UnitTest>
    <UnitTest name="IsRange_Passing_InvalidArguments_Returns_HasErrorsAndCount" storage="d:\sferrari\01 - trabajo\repos\netcore\template-netcore-shared\kitpymes.core.shared.tests\bin\debug\netcoreapp3.0\kitpymes.core.shared.tests.dll" id="8a5cc6e0-e73e-2131-64bd-e73fc6c2a32e">
      <Execution id="b15f9c04-ae3d-4b57-aca5-6ee5bb0323d3" />
      <TestMethod codeBase="D:\SFERRARI\01 - TRABAJO\repos\netcore\template-netcore-shared\Kitpymes.Core.Shared.Tests\bin\Debug\netcoreapp3.0\Kitpymes.Core.Shared.Tests.dll" adapterTypeName="executor://mstestadapter/v2" className="Kitpymes.Core.Shared.Tests.CheckTests" name="IsRange_Passing_InvalidArguments_Returns_HasErrorsAndCount" />
    </UnitTest>
    <UnitTest name="IsDigit_Passing_InvalidArguments_Returns_HasErrorsAndCount" storage="d:\sferrari\01 - trabajo\repos\netcore\template-netcore-shared\kitpymes.core.shared.tests\bin\debug\netcoreapp3.0\kitpymes.core.shared.tests.dll" id="f2d267b8-d5a7-6c91-de6d-813182908c7f">
      <Execution id="7973ec2e-801c-400d-a16e-5f6a3139a428" />
      <TestMethod codeBase="D:\SFERRARI\01 - TRABAJO\repos\netcore\template-netcore-shared\Kitpymes.Core.Shared.Tests\bin\Debug\netcoreapp3.0\Kitpymes.Core.Shared.Tests.dll" adapterTypeName="executor://mstestadapter/v2" className="Kitpymes.Core.Shared.Tests.CheckTests" name="IsDigit_Passing_InvalidArguments_Returns_HasErrorsAndCount" />
    </UnitTest>
    <UnitTest name="ResultOkData" storage="d:\sferrari\01 - trabajo\repos\netcore\template-netcore-shared\kitpymes.core.shared.tests\bin\debug\netcoreapp3.0\kitpymes.core.shared.tests.dll" id="0a999e9b-220b-0f64-a533-84896c20ce13">
      <Execution id="e68a20aa-9ca5-472d-aedd-1be5be60f3eb" />
      <TestMethod codeBase="D:\SFERRARI\01 - TRABAJO\repos\netcore\template-netcore-shared\Kitpymes.Core.Shared.Tests\bin\Debug\netcoreapp3.0\Kitpymes.Core.Shared.Tests.dll" adapterTypeName="executor://mstestadapter/v2" className="Kitpymes.Core.Shared.Tests.ResultTest" name="ResultOkData" />
    </UnitTest>
    <UnitTest name="ResultError_WithTitle_WithStatusCode_WithDetails_WithExceptionType_WithMessages_WithErrors" storage="d:\sferrari\01 - trabajo\repos\netcore\template-netcore-shared\kitpymes.core.shared.tests\bin\debug\netcoreapp3.0\kitpymes.core.shared.tests.dll" id="071a93ca-ce4d-3349-fe5a-5052bf3ce103">
      <Execution id="39495982-d969-4ecf-b959-7f166e360f99" />
      <TestMethod codeBase="D:\SFERRARI\01 - TRABAJO\repos\netcore\template-netcore-shared\Kitpymes.Core.Shared.Tests\bin\Debug\netcoreapp3.0\Kitpymes.Core.Shared.Tests.dll" adapterTypeName="executor://mstestadapter/v2" className="Kitpymes.Core.Shared.Tests.ResultTest" name="ResultError_WithTitle_WithStatusCode_WithDetails_WithExceptionType_WithMessages_WithErrors" />
    </UnitTest>
    <UnitTest name="ToDeserialize_Passing_String_Returns_Object" storage="d:\sferrari\01 - trabajo\repos\netcore\template-netcore-shared\kitpymes.core.shared.tests\bin\debug\netcoreapp3.0\kitpymes.core.shared.tests.dll" id="678a7b5d-e2f9-09be-f35f-0e3e4d5ad033">
      <Execution id="ed5c90a0-f8ff-4310-8293-80519932d849" />
      <TestMethod codeBase="D:\SFERRARI\01 - TRABAJO\repos\netcore\template-netcore-shared\Kitpymes.Core.Shared.Tests\bin\Debug\netcoreapp3.0\Kitpymes.Core.Shared.Tests.dll" adapterTypeName="executor://mstestadapter/v2" className="Kitpymes.Core.Shared.Tests.JsonExtensionsTests" name="ToDeserialize_Passing_String_Returns_Object" />
    </UnitTest>
    <UnitTest name="ToDefaultValue_Passing_ValidString_Returns_DefaultValue" storage="d:\sferrari\01 - trabajo\repos\netcore\template-netcore-shared\kitpymes.core.shared.tests\bin\debug\netcoreapp3.0\kitpymes.core.shared.tests.dll" id="579b7361-19a9-f329-acb3-de102dcfc793">
      <Execution id="72ed8e0b-08f1-46ec-ba8d-b977bf89f28c" />
      <TestMethod codeBase="D:\SFERRARI\01 - TRABAJO\repos\netcore\template-netcore-shared\Kitpymes.Core.Shared.Tests\bin\Debug\netcoreapp3.0\Kitpymes.Core.Shared.Tests.dll" adapterTypeName="executor://mstestadapter/v2" className="Kitpymes.Core.Shared.Tests.TypeExtensionsTests" name="ToDefaultValue_Passing_ValidString_Returns_DefaultValue" />
    </UnitTest>
    <UnitTest name="ToList_Passing_ValidEnumTypeWithSelectedValue_Returns_ValuesList" storage="d:\sferrari\01 - trabajo\repos\netcore\template-netcore-shared\kitpymes.core.shared.tests\bin\debug\netcoreapp3.0\kitpymes.core.shared.tests.dll" id="b871cd27-681f-8d07-6c2a-809341ba2909">
      <Execution id="35c45a42-0f5f-4a35-b78e-54b423214303" />
      <TestMethod codeBase="D:\SFERRARI\01 - TRABAJO\repos\netcore\template-netcore-shared\Kitpymes.Core.Shared.Tests\bin\Debug\netcoreapp3.0\Kitpymes.Core.Shared.Tests.dll" adapterTypeName="executor://mstestadapter/v2" className="Kitpymes.Core.Shared.Tests.EnumsTests" name="ToList_Passing_ValidEnumTypeWithSelectedValue_Returns_ValuesList" />
    </UnitTest>
    <UnitTest name="ToInt_Passing_ValidValueString_Returns_Int" storage="d:\sferrari\01 - trabajo\repos\netcore\template-netcore-shared\kitpymes.core.shared.tests\bin\debug\netcoreapp3.0\kitpymes.core.shared.tests.dll" id="ae09f98c-257a-b9e5-5b0b-16344b7adf1c">
      <Execution id="1fcaab37-726e-42af-91fd-25f8105f5636" />
      <TestMethod codeBase="D:\SFERRARI\01 - TRABAJO\repos\netcore\template-netcore-shared\Kitpymes.Core.Shared.Tests\bin\Debug\netcoreapp3.0\Kitpymes.Core.Shared.Tests.dll" adapterTypeName="executor://mstestadapter/v2" className="Kitpymes.Core.Shared.Tests.StringExtensionsTests" name="ToInt_Passing_ValidValueString_Returns_Int" />
    </UnitTest>
    <UnitTest name="ToEnum_Passing_ValidValueInt_Returns_EnumValue" storage="d:\sferrari\01 - trabajo\repos\netcore\template-netcore-shared\kitpymes.core.shared.tests\bin\debug\netcoreapp3.0\kitpymes.core.shared.tests.dll" id="96f263a8-e1d9-0070-21ba-583144d2d030">
      <Execution id="dcb5946d-ee9e-4f90-9f5c-c02d6df558cb" />
      <TestMethod codeBase="D:\SFERRARI\01 - TRABAJO\repos\netcore\template-netcore-shared\Kitpymes.Core.Shared.Tests\bin\Debug\netcoreapp3.0\Kitpymes.Core.Shared.Tests.dll" adapterTypeName="executor://mstestadapter/v2" className="Kitpymes.Core.Shared.Tests.StringExtensionsTests" name="ToEnum_Passing_ValidValueInt_Returns_EnumValue" />
    </UnitTest>
    <UnitTest name="IsNullOrAny_Passing_InvalidArguments_Returns_HasErrorsAndCount" storage="d:\sferrari\01 - trabajo\repos\netcore\template-netcore-shared\kitpymes.core.shared.tests\bin\debug\netcoreapp3.0\kitpymes.core.shared.tests.dll" id="922c5a5d-5d46-b5de-bcbd-4fac0addd422">
      <Execution id="8040205e-edfb-4004-be92-f0220f558955" />
      <TestMethod codeBase="D:\SFERRARI\01 - TRABAJO\repos\netcore\template-netcore-shared\Kitpymes.Core.Shared.Tests\bin\Debug\netcoreapp3.0\Kitpymes.Core.Shared.Tests.dll" adapterTypeName="executor://mstestadapter/v2" className="Kitpymes.Core.Shared.Tests.CheckTests" name="IsNullOrAny_Passing_InvalidArguments_Returns_HasErrorsAndCount" />
    </UnitTest>
    <UnitTest name="ToDetails_Passing_HttpContext_Returns_Details_HttpContext" storage="d:\sferrari\01 - trabajo\repos\netcore\template-netcore-shared\kitpymes.core.shared.tests\bin\debug\netcoreapp3.0\kitpymes.core.shared.tests.dll" id="4ff63349-9eef-ad1f-85cf-a84cda1ff120">
      <Execution id="37367663-edf1-4812-8ea4-a6eeeafde99c" />
      <TestMethod codeBase="D:\SFERRARI\01 - TRABAJO\repos\netcore\template-netcore-shared\Kitpymes.Core.Shared.Tests\bin\Debug\netcoreapp3.0\Kitpymes.Core.Shared.Tests.dll" adapterTypeName="executor://mstestadapter/v2" className="Kitpymes.Core.Shared.Tests.HttpContextExtensionsTests" name="ToDetails_Passing_HttpContext_Returns_Details_HttpContext" />
    </UnitTest>
    <UnitTest name="ToSetTime_Passing_Time_String_Returns_DateTime" storage="d:\sferrari\01 - trabajo\repos\netcore\template-netcore-shared\kitpymes.core.shared.tests\bin\debug\netcoreapp3.0\kitpymes.core.shared.tests.dll" id="34931354-7c25-7812-28fe-96ea501746b4">
      <Execution id="5105f86b-4b65-4a88-b6cd-6a4a905967e9" />
      <TestMethod codeBase="D:\SFERRARI\01 - TRABAJO\repos\netcore\template-netcore-shared\Kitpymes.Core.Shared.Tests\bin\Debug\netcoreapp3.0\Kitpymes.Core.Shared.Tests.dll" adapterTypeName="executor://mstestadapter/v2" className="Kitpymes.Core.Shared.Tests.DateTimeExtensionsTests" name="ToSetTime_Passing_Time_String_Returns_DateTime" />
    </UnitTest>
    <UnitTest name="ToUserName_Passing_Invalid_ClaimsPrincipal_Returns_Null" storage="d:\sferrari\01 - trabajo\repos\netcore\template-netcore-shared\kitpymes.core.shared.tests\bin\debug\netcoreapp3.0\kitpymes.core.shared.tests.dll" id="26cc48e2-5e82-bc12-cf41-e3a984599b8d">
      <Execution id="47091060-b466-4582-8b7d-c61199fbf310" />
      <TestMethod codeBase="D:\SFERRARI\01 - TRABAJO\repos\netcore\template-netcore-shared\Kitpymes.Core.Shared.Tests\bin\Debug\netcoreapp3.0\Kitpymes.Core.Shared.Tests.dll" adapterTypeName="executor://mstestadapter/v2" className="Kitpymes.Core.Shared.Tests.ClaimsPrincipalExtensionsTests" name="ToUserName_Passing_Invalid_ClaimsPrincipal_Returns_Null" />
    </UnitTest>
    <UnitTest name="ToFirstLetterUpper_Passing_ValidValue_Returns_StringWithFirstLetterUpper" storage="d:\sferrari\01 - trabajo\repos\netcore\template-netcore-shared\kitpymes.core.shared.tests\bin\debug\netcoreapp3.0\kitpymes.core.shared.tests.dll" id="5517211d-203c-115f-7dc1-6f48da8ab75b">
      <Execution id="c2202e88-f0fd-4462-bfe9-8b9e3a3bafda" />
      <TestMethod codeBase="D:\SFERRARI\01 - TRABAJO\repos\netcore\template-netcore-shared\Kitpymes.Core.Shared.Tests\bin\Debug\netcoreapp3.0\Kitpymes.Core.Shared.Tests.dll" adapterTypeName="executor://mstestadapter/v2" className="Kitpymes.Core.Shared.Tests.StringExtensionsTests" name="ToFirstLetterUpper_Passing_ValidValue_Returns_StringWithFirstLetterUpper" />
    </UnitTest>
    <UnitTest name="ToConfiguration_Passing_Invalid_DirectoryPath_Returns_ApplicationException" storage="d:\sferrari\01 - trabajo\repos\netcore\template-netcore-shared\kitpymes.core.shared.tests\bin\debug\netcoreapp3.0\kitpymes.core.shared.tests.dll" id="73904cd7-b09d-89fc-efca-330cb9d1d1b7">
      <Execution id="1c862541-ecc7-48fd-b666-c3a45ba0918d" />
      <TestMethod codeBase="D:\SFERRARI\01 - TRABAJO\repos\netcore\template-netcore-shared\Kitpymes.Core.Shared.Tests\bin\Debug\netcoreapp3.0\Kitpymes.Core.Shared.Tests.dll" adapterTypeName="executor://mstestadapter/v2" className="Kitpymes.Core.Shared.Tests.ConfigurationBuilderExtensionsTests" name="ToConfiguration_Passing_Invalid_DirectoryPath_Returns_ApplicationException" />
    </UnitTest>
    <UnitTest name="ToInt_Passing_InvalidValueString_Returns_Null" storage="d:\sferrari\01 - trabajo\repos\netcore\template-netcore-shared\kitpymes.core.shared.tests\bin\debug\netcoreapp3.0\kitpymes.core.shared.tests.dll" id="2799ef62-9686-0dc7-84d2-73639b0030f7">
      <Execution id="d35170a9-a24e-4232-b970-17794b85666e" />
      <TestMethod codeBase="D:\SFERRARI\01 - TRABAJO\repos\netcore\template-netcore-shared\Kitpymes.Core.Shared.Tests\bin\Debug\netcoreapp3.0\Kitpymes.Core.Shared.Tests.dll" adapterTypeName="executor://mstestadapter/v2" className="Kitpymes.Core.Shared.Tests.StringExtensionsTests" name="ToInt_Passing_InvalidValueString_Returns_Null" />
    </UnitTest>
    <UnitTest name="ToPaged_Passing_Age_Ascending_Order_Returns_Filter_List" storage="d:\sferrari\01 - trabajo\repos\netcore\template-netcore-shared\kitpymes.core.shared.tests\bin\debug\netcoreapp3.0\kitpymes.core.shared.tests.dll" id="f0f37a42-1a3a-10a5-5f17-e01b9915abd3">
      <Execution id="7ee41f6d-0a37-4a22-b885-12a5195817ca" />
      <TestMethod codeBase="D:\SFERRARI\01 - TRABAJO\repos\netcore\template-netcore-shared\Kitpymes.Core.Shared.Tests\bin\Debug\netcoreapp3.0\Kitpymes.Core.Shared.Tests.dll" adapterTypeName="executor://mstestadapter/v2" className="Kitpymes.Core.Shared.Tests.QueryableExtensionsTests" name="ToPaged_Passing_Age_Ascending_Order_Returns_Filter_List" />
    </UnitTest>
  </TestDefinitions>
  <TestEntries>
    <TestEntry testId="4234610b-215b-41f7-e61d-4a82851bdfa3" executionId="d29ab605-26d8-4067-9668-119ce73749fa" testListId="8c84fa94-04c1-424b-9868-57a2d4851a1d" />
    <TestEntry testId="f8b74494-d277-7173-e694-2a4d463a4607" executionId="f923dc82-8a41-472f-aa4c-61ff00968fb5" testListId="8c84fa94-04c1-424b-9868-57a2d4851a1d" />
    <TestEntry testId="056700a7-2506-75ed-a80a-ddf2ddb5d2a8" executionId="9dab6d48-dd65-4c92-bbda-1116b11fe728" testListId="8c84fa94-04c1-424b-9868-57a2d4851a1d" />
    <TestEntry testId="27cc1a96-8264-8762-05bc-aa63ccb155d7" executionId="587213b1-ec46-4179-bc07-81a6f3704668" testListId="8c84fa94-04c1-424b-9868-57a2d4851a1d" />
    <TestEntry testId="3721d3c1-7c03-ad84-143f-64bfeb5b314e" executionId="a49a0a59-ac34-47cc-86f7-026b65e4d317" testListId="8c84fa94-04c1-424b-9868-57a2d4851a1d" />
    <TestEntry testId="33545399-79af-5e7f-5179-57fe5645f4be" executionId="02d9f2d5-6aca-4220-8329-7088469bb711" testListId="8c84fa94-04c1-424b-9868-57a2d4851a1d" />
    <TestEntry testId="aeb559a5-c285-7ab9-baee-1cb152d1742f" executionId="62a89473-f9ac-4c53-9fa8-ca20969e53d5" testListId="8c84fa94-04c1-424b-9868-57a2d4851a1d" />
    <TestEntry testId="cf950ab2-9fe4-ec30-43b4-2f3a99b5167d" executionId="e6441f3f-7e21-4ad0-bd9d-86d5002d8bb3" testListId="8c84fa94-04c1-424b-9868-57a2d4851a1d" />
    <TestEntry testId="e8138724-52f6-6999-ada4-cbc441f2cd15" executionId="ff0f1ccc-3b13-4c82-8fc1-626da7550e15" testListId="8c84fa94-04c1-424b-9868-57a2d4851a1d" />
    <TestEntry testId="320700ce-aa3b-5818-fb18-706cf7605472" executionId="4cb0b200-cecf-4921-b09a-cf375f011829" testListId="8c84fa94-04c1-424b-9868-57a2d4851a1d" />
    <TestEntry testId="96f263a8-e1d9-0070-21ba-583144d2d030" executionId="dcb5946d-ee9e-4f90-9f5c-c02d6df558cb" testListId="8c84fa94-04c1-424b-9868-57a2d4851a1d" />
    <TestEntry testId="725d136c-3e7a-6e51-fc61-03203ffec0b5" executionId="fcbf6712-3017-40b0-8b9b-1072b03ad812" testListId="8c84fa94-04c1-424b-9868-57a2d4851a1d" />
    <TestEntry testId="5fda35dc-4db7-2169-9391-a6295d2ec5fd" executionId="38659868-6411-4c23-b36f-01221c2d4996" testListId="8c84fa94-04c1-424b-9868-57a2d4851a1d" />
    <TestEntry testId="1f173fff-9060-8c18-f825-225901225244" executionId="25c69429-5e0c-4833-ade8-30096cecb269" testListId="8c84fa94-04c1-424b-9868-57a2d4851a1d" />
    <TestEntry testId="605637df-9854-875b-b3aa-6675f3fbd045" executionId="4dae3fb1-d097-4192-8ad2-39790adbd1bd" testListId="8c84fa94-04c1-424b-9868-57a2d4851a1d" />
    <TestEntry testId="6bd61990-78b5-76ea-0df5-0c13c388bdc0" executionId="ec46f637-89ab-4d34-b237-7cac53cd9b2f" testListId="8c84fa94-04c1-424b-9868-57a2d4851a1d" />
    <TestEntry testId="aaa46586-7b83-9a88-e835-ae92592f98a3" executionId="77b7ef2f-e5c9-498a-bc03-2e86daf97d22" testListId="8c84fa94-04c1-424b-9868-57a2d4851a1d" />
    <TestEntry testId="313cfb2c-8c3b-337b-12f8-296f8611376d" executionId="ad6cf413-3d2d-4f1f-9a3c-e5f09ef166a6" testListId="8c84fa94-04c1-424b-9868-57a2d4851a1d" />
    <TestEntry testId="ae09f98c-257a-b9e5-5b0b-16344b7adf1c" executionId="1fcaab37-726e-42af-91fd-25f8105f5636" testListId="8c84fa94-04c1-424b-9868-57a2d4851a1d" />
    <TestEntry testId="6088101f-62c5-69c8-6751-05523b132d06" executionId="f0368bab-0296-452f-8869-73dfcc001324" testListId="8c84fa94-04c1-424b-9868-57a2d4851a1d" />
    <TestEntry testId="580ff04a-e5c0-9f2f-90c3-4f2aeafd15c5" executionId="4b216efb-8617-40cd-8e85-3966ed4e2121" testListId="8c84fa94-04c1-424b-9868-57a2d4851a1d" />
    <TestEntry testId="7be8a004-8e29-0f01-8ada-f15377193150" executionId="5918862d-f1d9-47de-b328-efee3c135168" testListId="8c84fa94-04c1-424b-9868-57a2d4851a1d" />
    <TestEntry testId="bc6955b8-aec0-957c-bad4-853e5cfa19a1" executionId="4d2ac149-dcca-4cac-8107-d924fb9b1bce" testListId="8c84fa94-04c1-424b-9868-57a2d4851a1d" />
    <TestEntry testId="ab274dac-b194-4e0f-6fab-a20667b535a8" executionId="2b9801fe-49e8-47bd-be9d-ca9136dd4e03" testListId="8c84fa94-04c1-424b-9868-57a2d4851a1d" />
    <TestEntry testId="8a110a46-40a4-c9bb-083e-1c3fcb5b45b7" executionId="0294151c-f53a-4501-b5e3-4b0c5a270a42" testListId="8c84fa94-04c1-424b-9868-57a2d4851a1d" />
    <TestEntry testId="46cc46f0-c0e1-f3e6-2242-cdef90a4249a" executionId="7ba90a1f-2eda-4c6c-b8ea-a96d6e877a8c" testListId="8c84fa94-04c1-424b-9868-57a2d4851a1d" />
    <TestEntry testId="d51ea295-e896-101a-6578-05ae772bcbfb" executionId="9d7275d5-f2fd-43e5-b0a4-c6c74244cbed" testListId="8c84fa94-04c1-424b-9868-57a2d4851a1d" />
    <TestEntry testId="0f697beb-b7a4-6aa6-9017-b57feeb9ba7f" executionId="c4b2e268-1c5c-4a3e-b533-37196c191800" testListId="8c84fa94-04c1-424b-9868-57a2d4851a1d" />
    <TestEntry testId="1064d8aa-5d0e-6bf5-83ee-952a4d1fd93b" executionId="c20d2166-5690-41eb-bc59-03d57d781c95" testListId="8c84fa94-04c1-424b-9868-57a2d4851a1d" />
    <TestEntry testId="0df69eaf-b001-71ae-6cf8-f9c5860f7c4c" executionId="5917e65a-5f1f-4c4a-a82b-c87d021caf3c" testListId="8c84fa94-04c1-424b-9868-57a2d4851a1d" />
    <TestEntry testId="f828057e-351a-48b7-0028-e57f15c7217e" executionId="1933cd78-d749-416a-b003-f9009a75e1b7" testListId="8c84fa94-04c1-424b-9868-57a2d4851a1d" />
    <TestEntry testId="9d64a285-266d-52de-ef34-34102f8ad12c" executionId="bc876bf6-ea15-43ef-a21e-19545cc77690" testListId="8c84fa94-04c1-424b-9868-57a2d4851a1d" />
    <TestEntry testId="e9b23f0c-0cde-4603-1739-ee642fd33c36" executionId="e55314aa-2521-4702-aaf7-1455b479d9c5" testListId="8c84fa94-04c1-424b-9868-57a2d4851a1d" />
    <TestEntry testId="10024a68-25d4-872c-3e48-a6d6b2671494" executionId="0d152e7a-1617-49f5-80b8-c5d8439ab690" testListId="8c84fa94-04c1-424b-9868-57a2d4851a1d" />
    <TestEntry testId="772d3145-280a-fb9f-03c2-247d0f593a66" executionId="e383d747-f037-4044-aea3-fa859e703fa7" testListId="8c84fa94-04c1-424b-9868-57a2d4851a1d" />
    <TestEntry testId="0d35441f-72fe-a777-509f-6a19632f972a" executionId="75884ac4-3297-40fd-874b-c07dc7c845cb" testListId="8c84fa94-04c1-424b-9868-57a2d4851a1d" />
    <TestEntry testId="9e36eef1-cde7-a509-c95d-2249b6b02dbb" executionId="d723b11b-dbfb-4dc0-ae59-f5f03edaed11" testListId="8c84fa94-04c1-424b-9868-57a2d4851a1d" />
    <TestEntry testId="f0f37a42-1a3a-10a5-5f17-e01b9915abd3" executionId="7ee41f6d-0a37-4a22-b885-12a5195817ca" testListId="8c84fa94-04c1-424b-9868-57a2d4851a1d" />
    <TestEntry testId="a75e991f-5e03-3949-85d6-afa1f14455d4" executionId="7fb45f99-83c3-406e-b5f7-2597b25e5c0a" testListId="8c84fa94-04c1-424b-9868-57a2d4851a1d" />
    <TestEntry testId="c87d842d-198f-fc52-0a70-418a5e5378ab" executionId="895a34d4-24da-4e8a-a5ef-547b16d46e69" testListId="8c84fa94-04c1-424b-9868-57a2d4851a1d" />
    <TestEntry testId="ee30e1f9-ce80-c70a-1b56-b7e02750ae26" executionId="723f90f1-a33f-4bb4-8089-76feede2723e" testListId="8c84fa94-04c1-424b-9868-57a2d4851a1d" />
    <TestEntry testId="e53d2439-2080-43bd-e38b-a60253b60af1" executionId="5c2020b2-08fd-4aa9-a820-228d0c3c7961" testListId="8c84fa94-04c1-424b-9868-57a2d4851a1d" />
    <TestEntry testId="6b41eea5-b11d-4975-a42c-5030c52fd29c" executionId="77558571-ba2e-4309-9c95-354e9d3ba320" testListId="8c84fa94-04c1-424b-9868-57a2d4851a1d" />
    <TestEntry testId="118e36ba-6572-1245-e05b-9bcc7b4e5e20" executionId="35ded014-da2b-468d-bcb8-530f1e1d8b27" testListId="8c84fa94-04c1-424b-9868-57a2d4851a1d" />
    <TestEntry testId="e1a72c94-958d-7abb-4a96-4b60b12f8157" executionId="ace2ed0c-944c-4b98-b798-f5321bf36431" testListId="8c84fa94-04c1-424b-9868-57a2d4851a1d" />
    <TestEntry testId="8fbac209-421a-f9fa-c5fe-97403aedb24e" executionId="8b3a3637-af42-426e-8168-29c69ff78778" testListId="8c84fa94-04c1-424b-9868-57a2d4851a1d" />
    <TestEntry testId="640513b3-feee-19a8-efba-5817e77ff3ee" executionId="3f9a272c-923a-4096-9c95-2b598c39025f" testListId="8c84fa94-04c1-424b-9868-57a2d4851a1d" />
    <TestEntry testId="a0ed43cd-0648-ddf9-c80e-52c6889ee049" executionId="7935e3d8-8a42-4ac0-9eeb-a3ff2d382256" testListId="8c84fa94-04c1-424b-9868-57a2d4851a1d" />
    <TestEntry testId="5bee9d0e-89de-7b6d-4317-0a11342b1d29" executionId="e51ff932-50ec-42fa-afea-476e984ba3b1" testListId="8c84fa94-04c1-424b-9868-57a2d4851a1d" />
    <TestEntry testId="f17b6f1f-06a9-5318-815f-4c3950fdd0cb" executionId="af3d3840-6649-4b8a-ba2f-5df6c34f773d" testListId="8c84fa94-04c1-424b-9868-57a2d4851a1d" />
    <TestEntry testId="19f76070-822e-31f8-2a9f-a96f774333a7" executionId="5e1dbb94-1a14-46aa-bbbb-0eca9cb47017" testListId="8c84fa94-04c1-424b-9868-57a2d4851a1d" />
    <TestEntry testId="c09577a6-adca-ef94-40b5-45575ad65e4f" executionId="8f8c26d5-b681-4d3c-9cce-3ff0bec6ec12" testListId="8c84fa94-04c1-424b-9868-57a2d4851a1d" />
    <TestEntry testId="a2b6017f-838f-c435-81c1-a75dd92108eb" executionId="9e36764a-114b-49e4-9452-cbf2f8c669b5" testListId="8c84fa94-04c1-424b-9868-57a2d4851a1d" />
    <TestEntry testId="9af963da-8209-d683-34a5-be793bc59993" executionId="1d4fe506-f9ee-4e4e-b098-3a3a4d3e841f" testListId="8c84fa94-04c1-424b-9868-57a2d4851a1d" />
    <TestEntry testId="04084e8e-c859-4ef5-e2a7-4fb2803cb2a3" executionId="3ddb920e-9701-43b7-ad6f-3db221609e9c" testListId="8c84fa94-04c1-424b-9868-57a2d4851a1d" />
    <TestEntry testId="4ead3f79-a54e-1b96-838c-d0c2f491cb0d" executionId="557d155b-3dd1-4ba5-81e2-a6cc2f796cc7" testListId="8c84fa94-04c1-424b-9868-57a2d4851a1d" />
    <TestEntry testId="0ee8121e-b492-a57d-d072-de988a4e30f8" executionId="5c0cb14f-c869-40f6-9c37-d0d896687f92" testListId="8c84fa94-04c1-424b-9868-57a2d4851a1d" />
    <TestEntry testId="21ae5425-e2d1-002f-334f-105a6a674a01" executionId="04043c7d-4bd2-4a79-a7ad-61a620c46702" testListId="8c84fa94-04c1-424b-9868-57a2d4851a1d" />
    <TestEntry testId="c19b83a3-45fc-e848-cbcc-7f68b66eb4e3" executionId="3634b39d-52e5-4d04-aa2c-2c7a3138b012" testListId="8c84fa94-04c1-424b-9868-57a2d4851a1d" />
    <TestEntry testId="459f13f4-e266-2f20-5c30-d2c64797095d" executionId="85febd2e-98b5-4f7a-b02d-f382f391b0b0" testListId="8c84fa94-04c1-424b-9868-57a2d4851a1d" />
    <TestEntry testId="1dab5b85-21d2-af6f-92e5-af8126f0e2fb" executionId="3dbd5dae-9a7b-430b-82d0-0e48ab04197d" testListId="8c84fa94-04c1-424b-9868-57a2d4851a1d" />
    <TestEntry testId="e2880a6e-7a01-b4ba-86fb-4d33be072972" executionId="8e54b6b9-5562-49b6-8bc1-aace5236a381" testListId="8c84fa94-04c1-424b-9868-57a2d4851a1d" />
    <TestEntry testId="8c1d1a56-be42-3df5-a82e-36b97c2860b8" executionId="e68346e8-7b4a-42bd-98ee-4c96ec542a9f" testListId="8c84fa94-04c1-424b-9868-57a2d4851a1d" />
    <TestEntry testId="17a38df3-33e0-71ac-f8cb-dcdd3ade7269" executionId="e18a26b8-ebea-43a7-ae7d-49050495d5f7" testListId="8c84fa94-04c1-424b-9868-57a2d4851a1d" />
    <TestEntry testId="432377b9-b0ad-9a2a-6dc2-e1069e73c449" executionId="0d42aeed-7f28-43a9-be5c-cede566c4d5e" testListId="8c84fa94-04c1-424b-9868-57a2d4851a1d" />
    <TestEntry testId="a4956cd8-34a7-6fca-5b71-6eb98cedd9b0" executionId="35022a88-96aa-40d6-8a30-9c4a992cd288" testListId="8c84fa94-04c1-424b-9868-57a2d4851a1d" />
    <TestEntry testId="98d4dd82-eb94-c060-7aeb-9b0a39f334fb" executionId="a546f845-1ed1-43b4-93bd-36c34bbcccb1" testListId="8c84fa94-04c1-424b-9868-57a2d4851a1d" />
    <TestEntry testId="3443f7f5-ee1a-f375-e5b1-f7ffa940c0db" executionId="d258e301-3c9e-4264-8949-0fa5b5a84987" testListId="8c84fa94-04c1-424b-9868-57a2d4851a1d" />
    <TestEntry testId="07d50dfb-3195-c832-23d2-97ae667f2010" executionId="24a70827-1fe0-409b-b4e2-cfc7e9409adc" testListId="8c84fa94-04c1-424b-9868-57a2d4851a1d" />
    <TestEntry testId="1c5de28c-f1b3-c94d-8e43-201eab8c2ff8" executionId="73f9638a-be75-495b-ad65-5ca1ea7ec06c" testListId="8c84fa94-04c1-424b-9868-57a2d4851a1d" />
    <TestEntry testId="5385d994-9594-6052-11cb-73f8d2344981" executionId="d5822b5f-d445-4429-b5c8-93978c23695a" testListId="8c84fa94-04c1-424b-9868-57a2d4851a1d" />
    <TestEntry testId="4a2e80a7-472b-b7f7-ba61-ac77aed5735d" executionId="8cc65db7-edff-44b5-8912-c53e6f184f0b" testListId="8c84fa94-04c1-424b-9868-57a2d4851a1d" />
    <TestEntry testId="4315ebd1-3e2a-edf0-9de6-c78f08760fe3" executionId="0cd6612f-82e3-4f34-8dcd-af4d45edb40a" testListId="8c84fa94-04c1-424b-9868-57a2d4851a1d" />
    <TestEntry testId="55f105d6-fc07-21db-e70a-db30ccdb0844" executionId="d737a2cf-cea7-4b77-baf9-646a12fbb6b4" testListId="8c84fa94-04c1-424b-9868-57a2d4851a1d" />
    <TestEntry testId="0c633595-70e8-b011-5a46-c9c7e1687cb9" executionId="be2dc8b3-f187-4fa2-81c6-b49293cad3b3" testListId="8c84fa94-04c1-424b-9868-57a2d4851a1d" />
    <TestEntry testId="3c82816f-4e62-7440-d30d-abbd53b1dcea" executionId="10a3cc86-e49d-4dd2-8744-3ed7bcce1ff3" testListId="8c84fa94-04c1-424b-9868-57a2d4851a1d" />
    <TestEntry testId="31ff6168-d18d-0013-7c18-0ff775714202" executionId="4c238815-3483-43ef-94b0-e6d9f696710b" testListId="8c84fa94-04c1-424b-9868-57a2d4851a1d" />
    <TestEntry testId="26cc48e2-5e82-bc12-cf41-e3a984599b8d" executionId="47091060-b466-4582-8b7d-c61199fbf310" testListId="8c84fa94-04c1-424b-9868-57a2d4851a1d" />
    <TestEntry testId="1761ee10-7c34-b565-b889-1885bffe91c3" executionId="7535a351-e6d7-4ce0-8be8-3006fbb56ca4" testListId="8c84fa94-04c1-424b-9868-57a2d4851a1d" />
    <TestEntry testId="ac572b27-5286-68a4-5380-d7de82fbf69a" executionId="267ee7e7-2fd0-4268-8539-3158a24f92df" testListId="8c84fa94-04c1-424b-9868-57a2d4851a1d" />
    <TestEntry testId="8dccdb77-e6a8-58c6-9bd0-108f87c5ff65" executionId="1ccc7c4e-b52c-446e-851a-82cbf4303809" testListId="8c84fa94-04c1-424b-9868-57a2d4851a1d" />
    <TestEntry testId="a272f84c-2bd5-daa4-4afe-22346b802f86" executionId="9024b933-6183-46b7-bef3-5346887eb80c" testListId="8c84fa94-04c1-424b-9868-57a2d4851a1d" />
    <TestEntry testId="73904cd7-b09d-89fc-efca-330cb9d1d1b7" executionId="1c862541-ecc7-48fd-b666-c3a45ba0918d" testListId="8c84fa94-04c1-424b-9868-57a2d4851a1d" />
    <TestEntry testId="801afd1a-5f3d-0d0c-471a-96452bf5bc35" executionId="73a17a9e-b9f5-42db-89fb-16217ab866c9" testListId="8c84fa94-04c1-424b-9868-57a2d4851a1d" />
    <TestEntry testId="a03675ec-665e-f4d5-4630-89e50dac0bfb" executionId="b942cae1-551b-4f8a-91a4-818933e1b35c" testListId="8c84fa94-04c1-424b-9868-57a2d4851a1d" />
    <TestEntry testId="3e6d6aa9-9b6d-dd96-b54c-49f88780a2b4" executionId="71a9a6f2-675f-4deb-a5ee-df4ff1556236" testListId="8c84fa94-04c1-424b-9868-57a2d4851a1d" />
    <TestEntry testId="a95f665c-aa8d-208d-902c-60a464250c99" executionId="2d1bfc47-8942-4d53-b0b5-0390e6aad85b" testListId="8c84fa94-04c1-424b-9868-57a2d4851a1d" />
    <TestEntry testId="074815db-ddf2-9c1f-0fef-7f709183591e" executionId="4ab3c6f1-8122-43b2-8592-36b72437b7a4" testListId="8c84fa94-04c1-424b-9868-57a2d4851a1d" />
    <TestEntry testId="f752d50b-77fa-327a-4493-168161bd27b2" executionId="e8ab93e7-0257-4692-b957-4b1c3e9781f8" testListId="8c84fa94-04c1-424b-9868-57a2d4851a1d" />
    <TestEntry testId="4184a91b-5297-4872-2a98-1ef97e124515" executionId="7c1953a8-82af-49f6-afee-1b001786ddb7" testListId="8c84fa94-04c1-424b-9868-57a2d4851a1d" />
    <TestEntry testId="4d9bde6c-668c-a1d3-dc60-edcfc6a4082c" executionId="e9f530c9-3c42-4a05-acf7-795ae4a4288d" testListId="8c84fa94-04c1-424b-9868-57a2d4851a1d" />
    <TestEntry testId="c63cd623-e636-5730-a1fa-b18ae782acc7" executionId="c5b630e1-462c-4309-a473-570274c3981e" testListId="8c84fa94-04c1-424b-9868-57a2d4851a1d" />
    <TestEntry testId="46df7735-43c3-1f8d-197a-cd21c82e5889" executionId="ef08fe75-4669-4a81-8c03-d5473b0a7fb1" testListId="8c84fa94-04c1-424b-9868-57a2d4851a1d" />
    <TestEntry testId="18040ed3-941e-dd1e-cb8c-4d34d103f370" executionId="11420a99-3f39-431f-baee-e0d5c650befb" testListId="8c84fa94-04c1-424b-9868-57a2d4851a1d" />
    <TestEntry testId="967da852-80aa-48c8-4fdf-7229c80964ce" executionId="286bfe9d-b7c6-47b7-9b34-5029adb73c66" testListId="8c84fa94-04c1-424b-9868-57a2d4851a1d" />
    <TestEntry testId="30809299-0e3e-4ac7-4a2a-6f8c296d2226" executionId="a627d839-ce02-416c-8b0d-2d03ecb9e421" testListId="8c84fa94-04c1-424b-9868-57a2d4851a1d" />
    <TestEntry testId="e37f41d3-77a8-1acd-c258-fbb5b724b134" executionId="20db4f64-0261-42e8-8596-25b187c72c0f" testListId="8c84fa94-04c1-424b-9868-57a2d4851a1d" />
    <TestEntry testId="845c887e-a785-555d-db89-1c2975a33bbb" executionId="84b92b15-2f51-4482-933b-ca2c008936dd" testListId="8c84fa94-04c1-424b-9868-57a2d4851a1d" />
    <TestEntry testId="a702dc43-b5af-c889-d32e-e69ee2d100af" executionId="2accf3f1-c382-4a00-ab30-fada331a3378" testListId="8c84fa94-04c1-424b-9868-57a2d4851a1d" />
    <TestEntry testId="def94964-1ba4-f78f-2dac-38055bb04256" executionId="61beb0ae-a29a-4174-9110-50ab38b243b2" testListId="8c84fa94-04c1-424b-9868-57a2d4851a1d" />
    <TestEntry testId="1b969e76-d97c-c639-c377-a41796fbb2c3" executionId="4354a911-9ab2-4900-9b4e-6c3582e52090" testListId="8c84fa94-04c1-424b-9868-57a2d4851a1d" />
    <TestEntry testId="b048c16a-68b4-cdf3-3166-fb9613323b68" executionId="a98ef6b2-0838-4a4a-b52e-8416852b258d" testListId="8c84fa94-04c1-424b-9868-57a2d4851a1d" />
    <TestEntry testId="760ae14b-6c0d-0288-811d-408b67937415" executionId="6646dd63-7216-40f1-aceb-348aa9b45a84" testListId="8c84fa94-04c1-424b-9868-57a2d4851a1d" />
    <TestEntry testId="1340b308-d9eb-a26e-e042-04d6c1d9a958" executionId="80910b59-2876-4554-80b9-82dfef8c6d4d" testListId="8c84fa94-04c1-424b-9868-57a2d4851a1d" />
    <TestEntry testId="4a3afd90-c6ab-e82e-40d8-b40450680318" executionId="92f02bed-e78d-4c4c-98f4-24d76a5506ef" testListId="8c84fa94-04c1-424b-9868-57a2d4851a1d" />
    <TestEntry testId="297c060d-406b-f933-91fe-dfd3459b8ace" executionId="5b9560ee-4139-4c73-8e40-b3f41fe6453f" testListId="8c84fa94-04c1-424b-9868-57a2d4851a1d" />
    <TestEntry testId="e608205e-4953-e9a3-1956-895ed42ab083" executionId="85c866b8-1159-48bf-a5ae-ce50ab58d837" testListId="8c84fa94-04c1-424b-9868-57a2d4851a1d" />
    <TestEntry testId="3f0bf65d-a3af-41bf-ac79-126a0efc4fd4" executionId="e4fc7773-31ed-488e-8c23-ca64fbb9c808" testListId="8c84fa94-04c1-424b-9868-57a2d4851a1d" />
    <TestEntry testId="e9d3a3d6-32e0-613e-b55e-48afdf1ab686" executionId="20c44387-53ee-491c-b0c6-e51c0f5a167a" testListId="8c84fa94-04c1-424b-9868-57a2d4851a1d" />
    <TestEntry testId="66f7bc12-fe2b-fd81-3cbf-5bc4840aa6f8" executionId="45315c70-1109-45ad-9225-5d0421fef3fe" testListId="8c84fa94-04c1-424b-9868-57a2d4851a1d" />
    <TestEntry testId="9064672f-1220-7bc0-f2b0-c66c74cccc5e" executionId="04af6226-486c-429d-932a-e78d46509114" testListId="8c84fa94-04c1-424b-9868-57a2d4851a1d" />
    <TestEntry testId="fcd9a6e3-ee1d-7212-668e-2b0865200d81" executionId="3b9dc1e0-38b4-4a4a-ab33-9dfb8c124e7c" testListId="8c84fa94-04c1-424b-9868-57a2d4851a1d" />
    <TestEntry testId="225c09bd-86d5-d9ce-d2b8-18431ca384e3" executionId="71b3d9da-9abe-40af-8136-300aa0c9c5f4" testListId="8c84fa94-04c1-424b-9868-57a2d4851a1d" />
    <TestEntry testId="7f0aeefe-ba4a-5404-c6f8-82be67718cc4" executionId="29b40220-7b46-4c2b-b53a-7c9e22285067" testListId="8c84fa94-04c1-424b-9868-57a2d4851a1d" />
    <TestEntry testId="fe683836-27ec-729e-5fe1-a9c2674a6d87" executionId="e2438f37-9bd9-4827-860a-ba93c8ec01c9" testListId="8c84fa94-04c1-424b-9868-57a2d4851a1d" />
    <TestEntry testId="71a1897b-b713-c047-1c23-5efdff095b20" executionId="f4461f55-fd9a-445c-ad38-42314921c446" testListId="8c84fa94-04c1-424b-9868-57a2d4851a1d" />
    <TestEntry testId="7a313c49-8adc-98e3-cdda-86b900f0ade6" executionId="2bfa2bbe-9b50-4591-80dc-f4bbd0176300" testListId="8c84fa94-04c1-424b-9868-57a2d4851a1d" />
    <TestEntry testId="db5f34ff-df7c-44e5-6721-c319db8d6da0" executionId="9dff6050-8456-4d2a-833c-56623c3d1814" testListId="8c84fa94-04c1-424b-9868-57a2d4851a1d" />
    <TestEntry testId="fa00d2a8-59b9-ad9e-caa1-a0c9e3156db1" executionId="e2c4bde9-947a-419e-a026-2de82a35e330" testListId="8c84fa94-04c1-424b-9868-57a2d4851a1d" />
    <TestEntry testId="64bc1554-814c-3c40-a6b0-679b40b89c36" executionId="48bc3996-974d-49a5-9e77-d307ce8f9a5c" testListId="8c84fa94-04c1-424b-9868-57a2d4851a1d" />
    <TestEntry testId="eb3fbb45-8257-f4b8-0975-042f859a72bf" executionId="9f192782-bbec-4316-846e-5b8738c83c6f" testListId="8c84fa94-04c1-424b-9868-57a2d4851a1d" />
    <TestEntry testId="b9a89fa2-355c-e886-bec5-28d3cf549be6" executionId="be538f7d-cd64-48b9-8848-2dd613ff2329" testListId="8c84fa94-04c1-424b-9868-57a2d4851a1d" />
    <TestEntry testId="9eeef095-29ed-4872-a36c-ca4832350421" executionId="5b3bb906-15b6-4b1e-9fd2-26e756246092" testListId="8c84fa94-04c1-424b-9868-57a2d4851a1d" />
    <TestEntry testId="c30c24fa-9dc6-1db9-fc63-cb77f851732c" executionId="ee092d76-d00b-4062-a0ab-b3c80a56abce" testListId="8c84fa94-04c1-424b-9868-57a2d4851a1d" />
    <TestEntry testId="0b00f09d-f7e4-fb1e-68ad-8102cf6143e0" executionId="6fcbe053-49e6-4d72-b767-520345d41660" testListId="8c84fa94-04c1-424b-9868-57a2d4851a1d" />
    <TestEntry testId="0e702ef4-7e85-bcb3-3879-32ee56a27932" executionId="202fd393-7231-4ad7-aa37-26561917eb2f" testListId="8c84fa94-04c1-424b-9868-57a2d4851a1d" />
    <TestEntry testId="9b5f9705-0df5-3b21-5e23-e11b68721fd4" executionId="190d3d52-cfca-4545-88dc-c458513f514b" testListId="8c84fa94-04c1-424b-9868-57a2d4851a1d" />
    <TestEntry testId="15fe55e5-cdce-6280-ea15-ef777735767c" executionId="c4c562b2-992f-49f8-b664-b6f702512cba" testListId="8c84fa94-04c1-424b-9868-57a2d4851a1d" />
    <TestEntry testId="65b9b71b-a8d5-2a7d-a8a7-0e3a015e6b68" executionId="85e5c32f-0634-4bb2-a620-c5141f6e6fce" testListId="8c84fa94-04c1-424b-9868-57a2d4851a1d" />
    <TestEntry testId="13bab721-bf36-ea1b-3f50-9937b274e83a" executionId="a1d75202-dec9-4bfe-b418-a3001e8b9d6e" testListId="8c84fa94-04c1-424b-9868-57a2d4851a1d" />
    <TestEntry testId="e0f7dcd9-f363-be9c-de11-457f6a575bee" executionId="839944c1-6fbb-46e0-8034-823a98063e3a" testListId="8c84fa94-04c1-424b-9868-57a2d4851a1d" />
    <TestEntry testId="31126d50-f667-908c-85f3-09f9d9272df9" executionId="6d82c004-4724-42b9-887f-f1cd1a4c5d8c" testListId="8c84fa94-04c1-424b-9868-57a2d4851a1d" />
    <TestEntry testId="6c59b811-73c0-2540-9661-8c8f2a459ff2" executionId="3049f894-50e6-407a-a89d-f77d85ffbb66" testListId="8c84fa94-04c1-424b-9868-57a2d4851a1d" />
    <TestEntry testId="7384e2f6-7a7f-d462-78fa-5bf7f49c326a" executionId="d375f3c8-7a91-405f-9d6f-e49413d358c9" testListId="8c84fa94-04c1-424b-9868-57a2d4851a1d" />
    <TestEntry testId="5e237822-3b9d-da27-9221-3ae1f5eb15b0" executionId="9aa251a8-61a3-40b3-a122-99e7bfd97b11" testListId="8c84fa94-04c1-424b-9868-57a2d4851a1d" />
    <TestEntry testId="ffa669f9-8e25-a33b-f8f7-c3ba4a576a2b" executionId="7dc6f381-a726-4c15-bdb0-1dfc53f69a55" testListId="8c84fa94-04c1-424b-9868-57a2d4851a1d" />
    <TestEntry testId="ede15cdf-3d1b-3e1a-18dc-485a2d50fe42" executionId="44c37e07-c4d4-4f79-8e49-a3d6927476bc" testListId="8c84fa94-04c1-424b-9868-57a2d4851a1d" />
    <TestEntry testId="0b1e4893-9444-2235-b7fa-3782f9932212" executionId="c9598d6a-a8b3-4584-a809-33cccb68b780" testListId="8c84fa94-04c1-424b-9868-57a2d4851a1d" />
    <TestEntry testId="2e87c537-4979-f58b-6e83-f3d4ee161ff1" executionId="e3f737cb-e3ea-4b7f-a44a-4f3cd3b360c9" testListId="8c84fa94-04c1-424b-9868-57a2d4851a1d" />
    <TestEntry testId="d5506b30-7041-6d90-bd03-bcd5b2479c40" executionId="39c3dcdb-6af4-4cd7-80ac-66f8900d28f1" testListId="8c84fa94-04c1-424b-9868-57a2d4851a1d" />
    <TestEntry testId="c180eeb5-df7f-187e-c74d-0f6d31acdec5" executionId="95b77702-1ced-435e-bee8-1b5ab3f289f2" testListId="8c84fa94-04c1-424b-9868-57a2d4851a1d" />
    <TestEntry testId="65b9c427-b5ec-99b4-199a-0093cd460501" executionId="494c32cf-32aa-4e63-83fb-f12bcd2c377e" testListId="8c84fa94-04c1-424b-9868-57a2d4851a1d" />
    <TestEntry testId="c14c626b-0f15-ac55-344d-8aa2c3f91cdf" executionId="e767f2cd-2109-4783-9772-8ee35bacaa90" testListId="8c84fa94-04c1-424b-9868-57a2d4851a1d" />
    <TestEntry testId="481343f9-3ff3-548f-0c6c-41599cf65802" executionId="f7f0b465-37d5-4ef8-a312-eeefc0167921" testListId="8c84fa94-04c1-424b-9868-57a2d4851a1d" />
    <TestEntry testId="47f3e733-f069-b79f-9f6d-7c11fc368663" executionId="5438e35e-76e1-47a8-a08d-95327c414c9f" testListId="8c84fa94-04c1-424b-9868-57a2d4851a1d" />
    <TestEntry testId="1577c538-d1be-5b59-2b09-8e59b0be5fcd" executionId="45eaa67b-e6e1-4f74-a610-d2a5629b1a11" testListId="8c84fa94-04c1-424b-9868-57a2d4851a1d" />
    <TestEntry testId="7daaba64-d3ad-9109-43bf-bdb516b673b8" executionId="132a89e0-7be0-4435-a260-68ebfa60c91f" testListId="8c84fa94-04c1-424b-9868-57a2d4851a1d" />
    <TestEntry testId="c330741e-ad40-618c-36cc-508c135d2b95" executionId="9ce852af-6f5b-4351-bb4b-72dc1853a974" testListId="8c84fa94-04c1-424b-9868-57a2d4851a1d" />
    <TestEntry testId="29112d2a-2e73-305d-ec50-12fc95c28627" executionId="8042f547-5327-4a77-b168-f16c6a1716ee" testListId="8c84fa94-04c1-424b-9868-57a2d4851a1d" />
    <TestEntry testId="334e3485-05b4-4549-cacd-aef8fff10757" executionId="8c8f0203-7e7f-45e5-88dc-e8a5d8d66d2b" testListId="8c84fa94-04c1-424b-9868-57a2d4851a1d" />
    <TestEntry testId="b8bb90de-6285-0f1c-e0f2-f3ba1f987370" executionId="4615f130-dc74-490e-9bb2-8ffeecce272e" testListId="8c84fa94-04c1-424b-9868-57a2d4851a1d" />
    <TestEntry testId="34931354-7c25-7812-28fe-96ea501746b4" executionId="5105f86b-4b65-4a88-b6cd-6a4a905967e9" testListId="8c84fa94-04c1-424b-9868-57a2d4851a1d" />
    <TestEntry testId="86b92527-4d52-052b-63ae-d9a8aa694919" executionId="48e65cca-0b99-4c6f-a47d-0a8a36916074" testListId="8c84fa94-04c1-424b-9868-57a2d4851a1d" />
    <TestEntry testId="4e1a5879-f3c8-4fdb-51d0-c4cf0a35e0bf" executionId="dc24a9b3-93ab-4946-ab01-62894da8afb8" testListId="8c84fa94-04c1-424b-9868-57a2d4851a1d" />
    <TestEntry testId="504465b7-a3fe-9023-93b9-ffece1903418" executionId="ce8353f6-1165-4605-ba87-3e27e2c040f4" testListId="8c84fa94-04c1-424b-9868-57a2d4851a1d" />
    <TestEntry testId="29295413-2308-fade-9c98-0e9ed6c67839" executionId="07ed8772-0396-4d5a-9762-0c65862f4bca" testListId="8c84fa94-04c1-424b-9868-57a2d4851a1d" />
    <TestEntry testId="b51b5293-5162-7db8-79c0-6e7b6f1c51a5" executionId="801d2d77-ceaf-460a-b4bf-ebbc0c94a5f3" testListId="8c84fa94-04c1-424b-9868-57a2d4851a1d" />
    <TestEntry testId="69b6ed05-fdf2-6989-0583-109b4777a6ac" executionId="6c10604a-d2ae-417a-808a-3168f6b88648" testListId="8c84fa94-04c1-424b-9868-57a2d4851a1d" />
    <TestEntry testId="006d3c07-11d3-9f4b-c045-6799df52bbfb" executionId="b21062d9-d348-49e1-afaf-2bd4cbd68938" testListId="8c84fa94-04c1-424b-9868-57a2d4851a1d" />
    <TestEntry testId="2799ef62-9686-0dc7-84d2-73639b0030f7" executionId="d35170a9-a24e-4232-b970-17794b85666e" testListId="8c84fa94-04c1-424b-9868-57a2d4851a1d" />
    <TestEntry testId="87c5dbd3-fd2a-1e49-42e5-8dc78affc8d6" executionId="08cde574-798a-409a-8ec4-3aaa88c95510" testListId="8c84fa94-04c1-424b-9868-57a2d4851a1d" />
    <TestEntry testId="d6d04f4a-9142-b816-d673-c4abf49a39ad" executionId="4471d6cf-5bd8-4bc7-9722-f30c344d47a8" testListId="8c84fa94-04c1-424b-9868-57a2d4851a1d" />
    <TestEntry testId="5c861184-f295-e727-0fd4-d218f13da14d" executionId="aae4777b-dbdd-486b-b818-a21e84b3be4a" testListId="8c84fa94-04c1-424b-9868-57a2d4851a1d" />
    <TestEntry testId="0cb5eb43-9273-0bdf-bd18-53b184535503" executionId="a52b7bba-0721-4348-889a-cd8dd83cf809" testListId="8c84fa94-04c1-424b-9868-57a2d4851a1d" />
    <TestEntry testId="7c679bcb-7a59-8751-0063-1ef6e07cb160" executionId="caed9ec2-4cdc-4988-8b1d-c56f5b486b9f" testListId="8c84fa94-04c1-424b-9868-57a2d4851a1d" />
    <TestEntry testId="1c5fe271-1e90-52f5-1f31-436b17e57702" executionId="311da7bd-54ee-4c6e-9e00-2cb758ffd363" testListId="8c84fa94-04c1-424b-9868-57a2d4851a1d" />
    <TestEntry testId="430dec51-b9df-7e06-fff9-78e6d362c2d8" executionId="af906ed7-5175-4b01-8486-45a1de0573d5" testListId="8c84fa94-04c1-424b-9868-57a2d4851a1d" />
    <TestEntry testId="c8fd6d3c-b723-929b-f175-dbdc2a7be855" executionId="7395e072-4516-4a5c-8ee9-77d89f95d5ce" testListId="8c84fa94-04c1-424b-9868-57a2d4851a1d" />
    <TestEntry testId="7c09a438-5465-f760-64b2-23d25fc199f5" executionId="9da864f6-d378-4abf-951f-260dac378ff5" testListId="8c84fa94-04c1-424b-9868-57a2d4851a1d" />
    <TestEntry testId="98331ff8-6ed1-e7ba-c8dd-be5bd5b6cb2c" executionId="f4f25d39-3e1a-438f-8baa-358928e81873" testListId="8c84fa94-04c1-424b-9868-57a2d4851a1d" />
    <TestEntry testId="4ff63349-9eef-ad1f-85cf-a84cda1ff120" executionId="37367663-edf1-4812-8ea4-a6eeeafde99c" testListId="8c84fa94-04c1-424b-9868-57a2d4851a1d" />
    <TestEntry testId="43949294-e4b7-cf4d-0d69-84ccc9e58406" executionId="a496d377-78c3-4966-bdf6-5bb65189e895" testListId="8c84fa94-04c1-424b-9868-57a2d4851a1d" />
    <TestEntry testId="1237bc5f-42ea-8c7f-8602-051620acda95" executionId="48e74036-b2a6-498f-a34c-24c3dbd74c01" testListId="8c84fa94-04c1-424b-9868-57a2d4851a1d" />
    <TestEntry testId="0696fab6-6d9f-2b85-4a73-248fbd1cdda4" executionId="f1e274a7-66d4-433c-be27-bb0c1a9fc2f2" testListId="8c84fa94-04c1-424b-9868-57a2d4851a1d" />
    <TestEntry testId="40108f40-2761-0a89-d16d-ad113b5f3dd5" executionId="87510d73-dc30-4b1f-8de8-d9b688eb13d4" testListId="8c84fa94-04c1-424b-9868-57a2d4851a1d" />
    <TestEntry testId="57d3cdd8-8268-9aa3-6f39-3cc0224b305c" executionId="79ea1b79-0875-4663-80f0-542537694e87" testListId="8c84fa94-04c1-424b-9868-57a2d4851a1d" />
    <TestEntry testId="7dc20d31-477c-3765-83c0-7575a504da96" executionId="4bab5f5a-d46d-49b1-9831-ab9e662223dc" testListId="8c84fa94-04c1-424b-9868-57a2d4851a1d" />
    <TestEntry testId="bf48e581-43e6-7660-c4f4-1b7deb1f0ed9" executionId="ebab606c-9331-4642-8e78-15ff34ba51bd" testListId="8c84fa94-04c1-424b-9868-57a2d4851a1d" />
    <TestEntry testId="1f6423c7-4317-6f5b-c112-f4c9c7e822af" executionId="270423c7-4e33-4941-a19a-941346221a71" testListId="8c84fa94-04c1-424b-9868-57a2d4851a1d" />
    <TestEntry testId="d7c20db6-f712-8539-ac01-01e8f4033fac" executionId="4f6f064a-b7b3-46d6-8d8e-7ab0193344be" testListId="8c84fa94-04c1-424b-9868-57a2d4851a1d" />
    <TestEntry testId="e93b141b-fdfd-0f98-21e5-3eb211b6e88b" executionId="82f03161-867c-4153-9dd6-9be90a5d827c" testListId="8c84fa94-04c1-424b-9868-57a2d4851a1d" />
    <TestEntry testId="f2debf4a-2a42-7b0b-1005-8f74a6fc63cb" executionId="0eb0ef8f-a10b-4d63-ba49-fcb0de6aacdf" testListId="8c84fa94-04c1-424b-9868-57a2d4851a1d" />
    <TestEntry testId="579b7361-19a9-f329-acb3-de102dcfc793" executionId="72ed8e0b-08f1-46ec-ba8d-b977bf89f28c" testListId="8c84fa94-04c1-424b-9868-57a2d4851a1d" />
    <TestEntry testId="cd004a9f-a0f6-2fdf-aeae-1890f4ab8e71" executionId="a2234692-0ba4-40b0-bfde-2daa42e8c4f4" testListId="8c84fa94-04c1-424b-9868-57a2d4851a1d" />
    <TestEntry testId="04cb4b72-edc8-fe06-49e1-217ed503eff8" executionId="548cbf3b-f99f-4dc7-b3ea-db0ab1234a20" testListId="8c84fa94-04c1-424b-9868-57a2d4851a1d" />
    <TestEntry testId="ebdf037a-44fa-7875-99d4-42fa9833aac8" executionId="1c9f52e8-ac9d-48e1-b50f-9431399a4b88" testListId="8c84fa94-04c1-424b-9868-57a2d4851a1d" />
    <TestEntry testId="19a313ce-6632-bd6f-bb7e-c2dc7bcf20eb" executionId="00dea29c-381d-4a66-86bd-8bd2b80a4b69" testListId="8c84fa94-04c1-424b-9868-57a2d4851a1d" />
    <TestEntry testId="bd43e66e-fbae-26eb-a9a1-c58a6bf5d7af" executionId="e1fbc9a3-e93c-4b09-b291-b0911fef13e7" testListId="8c84fa94-04c1-424b-9868-57a2d4851a1d" />
    <TestEntry testId="42ded375-26ee-044e-44a7-9eab5e4cd342" executionId="433700f0-befe-454f-985b-d0a35726da21" testListId="8c84fa94-04c1-424b-9868-57a2d4851a1d" />
    <TestEntry testId="209cbba1-d5fa-4810-2cb6-ee92ce2e109d" executionId="3f7bdb93-a92e-4cbd-9de2-1081752689e6" testListId="8c84fa94-04c1-424b-9868-57a2d4851a1d" />
    <TestEntry testId="bb347f18-44ab-0d77-d5bd-a671e4c37650" executionId="5e176a03-45be-49ec-8432-e13023839afe" testListId="8c84fa94-04c1-424b-9868-57a2d4851a1d" />
    <TestEntry testId="8381ae52-050c-b801-64b1-7c621deb91d8" executionId="44f05849-0815-4509-840b-682d3e4127ef" testListId="8c84fa94-04c1-424b-9868-57a2d4851a1d" />
    <TestEntry testId="53cbdd8e-a1ef-5d22-8745-938609ed19c2" executionId="dfb74330-8f44-4449-8fee-67ab6bf14cab" testListId="8c84fa94-04c1-424b-9868-57a2d4851a1d" />
    <TestEntry testId="bf8f6922-5666-8ec7-1500-aabd5997d6a4" executionId="9494a878-c5c1-464c-a6bd-abeeac114a05" testListId="8c84fa94-04c1-424b-9868-57a2d4851a1d" />
    <TestEntry testId="3bd7277d-4ad0-51ee-d24c-53176ec3cc7f" executionId="13351c02-ce41-4ddb-abfe-cdcbbed8a308" testListId="8c84fa94-04c1-424b-9868-57a2d4851a1d" />
    <TestEntry testId="161f5d07-7835-e575-5072-b9d787ef451c" executionId="0a82d1a3-d828-4733-8de2-99698ff29801" testListId="8c84fa94-04c1-424b-9868-57a2d4851a1d" />
    <TestEntry testId="6fc389b2-a5f3-ded0-63b6-7e1b4cca8442" executionId="1cbf66c2-eabc-460b-9aa2-2beac897201c" testListId="8c84fa94-04c1-424b-9868-57a2d4851a1d" />
    <TestEntry testId="f2d267b8-d5a7-6c91-de6d-813182908c7f" executionId="7973ec2e-801c-400d-a16e-5f6a3139a428" testListId="8c84fa94-04c1-424b-9868-57a2d4851a1d" />
    <TestEntry testId="34e0940c-fc9c-71db-fc18-7d52ee8761a0" executionId="ab26bf55-5e1f-4c1f-895c-94a4c0282c18" testListId="8c84fa94-04c1-424b-9868-57a2d4851a1d" />
    <TestEntry testId="0cfd0c7c-1a61-7d19-c2fa-3c8a47ccf09c" executionId="b0d1a707-e456-4403-9e38-3a266488c3bb" testListId="8c84fa94-04c1-424b-9868-57a2d4851a1d" />
    <TestEntry testId="5517211d-203c-115f-7dc1-6f48da8ab75b" executionId="c2202e88-f0fd-4462-bfe9-8b9e3a3bafda" testListId="8c84fa94-04c1-424b-9868-57a2d4851a1d" />
    <TestEntry testId="8a5cc6e0-e73e-2131-64bd-e73fc6c2a32e" executionId="b15f9c04-ae3d-4b57-aca5-6ee5bb0323d3" testListId="8c84fa94-04c1-424b-9868-57a2d4851a1d" />
    <TestEntry testId="74c0befe-cdb2-1fdf-be71-2a39199bb5c9" executionId="9534cc47-278a-4d8f-90b1-05b85c5ea46c" testListId="8c84fa94-04c1-424b-9868-57a2d4851a1d" />
    <TestEntry testId="bc15aa99-72de-0e5a-b6e8-2d654659d591" executionId="c832e2b7-0f48-4566-8526-777b7586721a" testListId="8c84fa94-04c1-424b-9868-57a2d4851a1d" />
    <TestEntry testId="c1b4b96f-5089-058a-db94-14574ac1ddcf" executionId="c96d90f1-0855-4eb2-921a-8545c4fb7a6a" testListId="8c84fa94-04c1-424b-9868-57a2d4851a1d" />
    <TestEntry testId="180814cc-22f9-91b2-cd9a-f54be7e1ba18" executionId="f4c89ad1-74ad-4199-8548-ac13b44d0d4b" testListId="8c84fa94-04c1-424b-9868-57a2d4851a1d" />
    <TestEntry testId="2aceb911-de9d-b2eb-c8db-f6b3f880216f" executionId="9265d90d-ccd2-4ee0-84e3-c825eb14f3df" testListId="8c84fa94-04c1-424b-9868-57a2d4851a1d" />
    <TestEntry testId="922c5a5d-5d46-b5de-bcbd-4fac0addd422" executionId="8040205e-edfb-4004-be92-f0220f558955" testListId="8c84fa94-04c1-424b-9868-57a2d4851a1d" />
    <TestEntry testId="b871cd27-681f-8d07-6c2a-809341ba2909" executionId="35c45a42-0f5f-4a35-b78e-54b423214303" testListId="8c84fa94-04c1-424b-9868-57a2d4851a1d" />
    <TestEntry testId="43c10c64-8836-30db-afbe-d1657a7dd9d8" executionId="4a5a5011-c9ce-4a21-8e76-327497957fd1" testListId="8c84fa94-04c1-424b-9868-57a2d4851a1d" />
    <TestEntry testId="a6625fb0-1b80-148b-87dc-9cf616e5e84d" executionId="49caa382-a27f-4524-bea1-742c10915abb" testListId="8c84fa94-04c1-424b-9868-57a2d4851a1d" />
    <TestEntry testId="447ced0a-6221-43ff-44ab-4ee12ee4d012" executionId="8e06c027-3246-4e8f-a479-113adbeac6e7" testListId="8c84fa94-04c1-424b-9868-57a2d4851a1d" />
    <TestEntry testId="856fd0c8-b6f8-9265-ccfd-2a9e615488e2" executionId="2e1ac643-61f6-45e3-9d91-85f00a937606" testListId="8c84fa94-04c1-424b-9868-57a2d4851a1d" />
    <TestEntry testId="a1095294-226e-a0f0-0154-11290289c9db" executionId="87ca9066-c942-4670-819b-5d1b9bc60048" testListId="8c84fa94-04c1-424b-9868-57a2d4851a1d" />
    <TestEntry testId="071a93ca-ce4d-3349-fe5a-5052bf3ce103" executionId="39495982-d969-4ecf-b959-7f166e360f99" testListId="8c84fa94-04c1-424b-9868-57a2d4851a1d" />
    <TestEntry testId="635e001f-2a50-f191-84e2-e81cd2000fdf" executionId="0712cd38-c5e1-43ba-a1cb-5f034921fa88" testListId="8c84fa94-04c1-424b-9868-57a2d4851a1d" />
    <TestEntry testId="832c041a-0c55-5788-b9d7-40a6ab6eae94" executionId="beebde14-2215-4248-aa8d-254f8d47f8af" testListId="8c84fa94-04c1-424b-9868-57a2d4851a1d" />
    <TestEntry testId="0a999e9b-220b-0f64-a533-84896c20ce13" executionId="e68a20aa-9ca5-472d-aedd-1be5be60f3eb" testListId="8c84fa94-04c1-424b-9868-57a2d4851a1d" />
    <TestEntry testId="77fe17c3-3cf8-a189-4d95-b2e0d3ca9579" executionId="13bbfc17-9377-4c15-80f5-e195cd05be6d" testListId="8c84fa94-04c1-424b-9868-57a2d4851a1d" />
    <TestEntry testId="ab527057-69f2-0a9a-89fd-18928a3920fd" executionId="9e5d4ea7-95d7-40e5-ba51-36c0f0837cb9" testListId="8c84fa94-04c1-424b-9868-57a2d4851a1d" />
    <TestEntry testId="c2d3c8df-32e7-92dc-91f8-057e8c4da6b9" executionId="37b451d7-c9fe-4f1f-8d63-5a10c5c38c98" testListId="8c84fa94-04c1-424b-9868-57a2d4851a1d" />
    <TestEntry testId="678a7b5d-e2f9-09be-f35f-0e3e4d5ad033" executionId="ed5c90a0-f8ff-4310-8293-80519932d849" testListId="8c84fa94-04c1-424b-9868-57a2d4851a1d" />
  </TestEntries>
  <TestLists>
    <TestList name="Resultados sin formato de lista" id="8c84fa94-04c1-424b-9868-57a2d4851a1d" />
    <TestList name="Todos los resultados cargados" id="19431567-8539-422a-85d7-44ee4e166bda" />
  </TestLists>
  <ResultSummary outcome="Completed">
    <Counters total="443" executed="443" passed="443" failed="0" error="0" timeout="0" aborted="0" inconclusive="0" passedButRunAborted="0" notRunnable="0" notExecuted="0" disconnected="0" warning="0" completed="0" inProgress="0" pending="0" />
  </ResultSummary>
</TestRun>