<?xml version="1.0" encoding="utf-8"?>
<TestRun id="4e81e061-930a-4a8e-b605-e2ceb9ca778b" name="sferrari@PC-SFERRARI 2020-09-01 17:42:51" runUser="PC-SFERRARI\sferrari" xmlns="http://microsoft.com/schemas/VisualStudio/TeamTest/2010">
  <Times creation="2020-09-01T17:42:51.4363884+01:00" queuing="2020-09-01T17:42:51.4363904+01:00" start="2020-09-01T17:42:49.3696674+01:00" finish="2020-09-01T17:42:54.6869336+01:00" />
  <TestSettings name="default" id="9afc85b4-d7c5-428e-9bb2-567736baa346">
    <Deployment runDeploymentRoot="sferrari_PC-SFERRARI_2020-09-01_17_42_51" />
  </TestSettings>
  <Results>
    <UnitTestResult executionId="33bde476-8850-4904-8494-fd28c3166b8a" testId="c5b98f4d-a079-91b0-cf81-5ecc58989382" testName="ToHashAlgorithmName_Passing_InvalidValueStringWithDefaultValue_Returns_DefaultValue" computerName="PC-SFERRARI" duration="00:00:00.0001699" startTime="2020-09-01T17:42:54.2980840+01:00" endTime="2020-09-01T17:42:54.2983234+01:00" testType="13cdc9d9-ddb5-4fa4-a97d-d965ccfc6d4b" outcome="Passed" testListId="8c84fa94-04c1-424b-9868-57a2d4851a1d" relativeResultsDirectory="33bde476-8850-4904-8494-fd28c3166b8a" resultType="DataDrivenTest">
      <InnerResults>
        <UnitTestResult executionId="1d2feadb-0166-4964-a910-403a72bd5b73" parentExecutionId="33bde476-8850-4904-8494-fd28c3166b8a" testId="c5b98f4d-a079-91b0-cf81-5ecc58989382" testName="ToHashAlgorithmName_Passing_InvalidValueStringWithDefaultValue_Returns_DefaultValue (hhhhhh)" computerName="PC-SFERRARI" duration="00:00:00.0001386" startTime="2020-09-01T17:42:54.2980840+01:00" endTime="2020-09-01T17:42:54.2983234+01:00" testType="13cdc9d9-ddb5-4fa4-a97d-d965ccfc6d4b" outcome="Passed" testListId="8c84fa94-04c1-424b-9868-57a2d4851a1d" relativeResultsDirectory="1d2feadb-0166-4964-a910-403a72bd5b73" dataRowInfo="1" resultType="DataDrivenDataRow" />
      </InnerResults>
    </UnitTestResult>
    <UnitTestResult executionId="af431cb2-1c59-4ff5-a7a3-d078eaa55801" testId="b3479f6d-f8c7-df3b-c065-73d385a9d648" testName="ToEnvironment_ServiceProvider_Passing_Development_Enviroment_Returns_Development_Name" computerName="PC-SFERRARI" duration="00:00:00.0004800" startTime="2020-09-01T17:42:53.7591888+01:00" endTime="2020-09-01T17:42:53.7597484+01:00" testType="13cdc9d9-ddb5-4fa4-a97d-d965ccfc6d4b" outcome="Passed" testListId="8c84fa94-04c1-424b-9868-57a2d4851a1d" relativeResultsDirectory="af431cb2-1c59-4ff5-a7a3-d078eaa55801" />
    <UnitTestResult executionId="279cfafc-1a4f-40ce-9d33-0c115ac60e73" testId="a479c80b-2fac-1e97-0804-34800f2ff63b" testName="CreateAndVerifyPassword_Passing_Valid_Arguments_Returns_IsValid" computerName="PC-SFERRARI" duration="00:00:00.8022291" startTime="2020-09-01T17:42:51.3303277+01:00" endTime="2020-09-01T17:42:52.1326963+01:00" testType="13cdc9d9-ddb5-4fa4-a97d-d965ccfc6d4b" outcome="Passed" testListId="8c84fa94-04c1-424b-9868-57a2d4851a1d" relativeResultsDirectory="279cfafc-1a4f-40ce-9d33-0c115ac60e73" resultType="DataDrivenTest">
      <InnerResults>
        <UnitTestResult executionId="7f4521ef-0f4a-4a8d-af74-67cc8a97b4c5" parentExecutionId="279cfafc-1a4f-40ce-9d33-0c115ac60e73" testId="a479c80b-2fac-1e97-0804-34800f2ff63b" testName="CreateAndVerifyPassword_Passing_Valid_Arguments_Returns_IsValid (Password)" computerName="PC-SFERRARI" duration="00:00:00.3285052" startTime="2020-09-01T17:42:51.3303277+01:00" endTime="2020-09-01T17:42:52.1326963+01:00" testType="13cdc9d9-ddb5-4fa4-a97d-d965ccfc6d4b" outcome="Passed" testListId="8c84fa94-04c1-424b-9868-57a2d4851a1d" relativeResultsDirectory="7f4521ef-0f4a-4a8d-af74-67cc8a97b4c5" dataRowInfo="1" resultType="DataDrivenDataRow" />
        <UnitTestResult executionId="0056be3d-e289-4767-a760-70ccfaeb8179" parentExecutionId="279cfafc-1a4f-40ce-9d33-0c115ac60e73" testId="a479c80b-2fac-1e97-0804-34800f2ff63b" testName="CreateAndVerifyPassword_Passing_Valid_Arguments_Returns_IsValid (HashTests)" computerName="PC-SFERRARI" duration="00:00:00.2416358" startTime="2020-09-01T17:42:51.3303277+01:00" endTime="2020-09-01T17:42:52.1326963+01:00" testType="13cdc9d9-ddb5-4fa4-a97d-d965ccfc6d4b" outcome="Passed" testListId="8c84fa94-04c1-424b-9868-57a2d4851a1d" relativeResultsDirectory="0056be3d-e289-4767-a760-70ccfaeb8179" dataRowInfo="2" resultType="DataDrivenDataRow" />
        <UnitTestResult executionId="1fccdb8c-d57e-408f-afaf-b80de8d663a9" parentExecutionId="279cfafc-1a4f-40ce-9d33-0c115ac60e73" testId="a479c80b-2fac-1e97-0804-34800f2ff63b" testName="CreateAndVerifyPassword_Passing_Valid_Arguments_Returns_IsValid (sdlfkjldsfksdfñl·%$·&amp;$/U&amp;/)(&amp;()?=)¿?^P*^PÑL,.,.lñ´ñ+98098'098098)" computerName="PC-SFERRARI" duration="00:00:00.2317998" startTime="2020-09-01T17:42:51.3303277+01:00" endTime="2020-09-01T17:42:52.1326963+01:00" testType="13cdc9d9-ddb5-4fa4-a97d-d965ccfc6d4b" outcome="Passed" testListId="8c84fa94-04c1-424b-9868-57a2d4851a1d" relativeResultsDirectory="1fccdb8c-d57e-408f-afaf-b80de8d663a9" dataRowInfo="3" resultType="DataDrivenDataRow" />
      </InnerResults>
    </UnitTestResult>
    <UnitTestResult executionId="9b974440-5ecf-4a79-85bc-a6575a07c590" testId="94f16998-db16-c9fb-bd7f-eaea1e16045e" testName="ToIsFileThrow_Passing_InvalidValue_Returns_ApplicationExceptionWithMessage" computerName="PC-SFERRARI" duration="00:00:00.0008417" startTime="2020-09-01T17:42:52.9778739+01:00" endTime="2020-09-01T17:42:52.9788094+01:00" testType="13cdc9d9-ddb5-4fa4-a97d-d965ccfc6d4b" outcome="Passed" testListId="8c84fa94-04c1-424b-9868-57a2d4851a1d" relativeResultsDirectory="9b974440-5ecf-4a79-85bc-a6575a07c590" />
    <UnitTestResult executionId="7a215ae0-0416-456a-8fc6-bade5a0d34dc" testId="f6bac370-e1b2-a2d3-04a7-3cad393e0988" testName="ToDefaultValue_Passing_sbyte_Returns_Cero" computerName="PC-SFERRARI" duration="00:00:00.0075694" startTime="2020-09-01T17:42:53.2342782+01:00" endTime="2020-09-01T17:42:53.2421113+01:00" testType="13cdc9d9-ddb5-4fa4-a97d-d965ccfc6d4b" outcome="Passed" testListId="8c84fa94-04c1-424b-9868-57a2d4851a1d" relativeResultsDirectory="7a215ae0-0416-456a-8fc6-bade5a0d34dc" resultType="DataDrivenTest">
      <InnerResults>
        <UnitTestResult executionId="b2bf6224-5571-4ec0-bf8f-3fa7525b2bea" parentExecutionId="7a215ae0-0416-456a-8fc6-bade5a0d34dc" testId="f6bac370-e1b2-a2d3-04a7-3cad393e0988" testName="ToDefaultValue_Passing_sbyte_Returns_Cero (127)" computerName="PC-SFERRARI" duration="00:00:00.0075004" startTime="2020-09-01T17:42:53.2342782+01:00" endTime="2020-09-01T17:42:53.2421113+01:00" testType="13cdc9d9-ddb5-4fa4-a97d-d965ccfc6d4b" outcome="Passed" testListId="8c84fa94-04c1-424b-9868-57a2d4851a1d" relativeResultsDirectory="b2bf6224-5571-4ec0-bf8f-3fa7525b2bea" dataRowInfo="1" resultType="DataDrivenDataRow" />
      </InnerResults>
    </UnitTestResult>
    <UnitTestResult executionId="d69c9914-1fb6-483f-bbf7-6e7780b91558" testId="d2b536b6-91b7-3a37-81e1-52a8ffae44ff" testName="ToGetAll_Passing_Claims_Returns_Claim_Value_String_List" computerName="PC-SFERRARI" duration="00:00:00.0019252" startTime="2020-09-01T17:42:53.1357651+01:00" endTime="2020-09-01T17:42:53.1378227+01:00" testType="13cdc9d9-ddb5-4fa4-a97d-d965ccfc6d4b" outcome="Passed" testListId="8c84fa94-04c1-424b-9868-57a2d4851a1d" relativeResultsDirectory="d69c9914-1fb6-483f-bbf7-6e7780b91558" />
    <UnitTestResult executionId="93fd1747-da97-405e-8f31-3aebdb37938d" testId="8041f467-4985-86e2-e530-ff004545ed9e" testName="ToIsAuthenticated_Passing_Claims_Returns_True" computerName="PC-SFERRARI" duration="00:00:00.0088150" startTime="2020-09-01T17:42:53.0686417+01:00" endTime="2020-09-01T17:42:53.0775627+01:00" testType="13cdc9d9-ddb5-4fa4-a97d-d965ccfc6d4b" outcome="Passed" testListId="8c84fa94-04c1-424b-9868-57a2d4851a1d" relativeResultsDirectory="93fd1747-da97-405e-8f31-3aebdb37938d" />
    <UnitTestResult executionId="0875e73e-6b73-4f7b-8e88-a2dd9ef66987" testId="b59b01dd-125a-5c10-1264-3a87adcb7c38" testName="ToConfigureOrDefault_Passing_ActionCustomValues_Returns_CustomValues" computerName="PC-SFERRARI" duration="00:00:00.0030582" startTime="2020-09-01T17:42:52.1338650+01:00" endTime="2020-09-01T17:42:52.1387731+01:00" testType="13cdc9d9-ddb5-4fa4-a97d-d965ccfc6d4b" outcome="Passed" testListId="8c84fa94-04c1-424b-9868-57a2d4851a1d" relativeResultsDirectory="0875e73e-6b73-4f7b-8e88-a2dd9ef66987" />
    <UnitTestResult executionId="29ddaa2f-5dc4-482a-9885-5f62757a7134" testId="9ccf9ae6-5796-4cd4-1252-88e5642d6b7c" testName="ToAuthenticationType_Passing_Claims_Returns_Null" computerName="PC-SFERRARI" duration="00:00:00.0003916" startTime="2020-09-01T17:42:53.0784005+01:00" endTime="2020-09-01T17:42:53.0788829+01:00" testType="13cdc9d9-ddb5-4fa4-a97d-d965ccfc6d4b" outcome="Passed" testListId="8c84fa94-04c1-424b-9868-57a2d4851a1d" relativeResultsDirectory="29ddaa2f-5dc4-482a-9885-5f62757a7134" />
    <UnitTestResult executionId="80a0b00c-a21c-455c-951e-a859abab1d4c" testId="d3221bd3-12e9-52c3-4c80-e3c9d166ae47" testName="ToNormalize_Passing_ValidValue_Returns_NormalizedValue" computerName="PC-SFERRARI" duration="00:00:00.0005244" startTime="2020-09-01T17:42:54.0970975+01:00" endTime="2020-09-01T17:42:54.0978196+01:00" testType="13cdc9d9-ddb5-4fa4-a97d-d965ccfc6d4b" outcome="Passed" testListId="8c84fa94-04c1-424b-9868-57a2d4851a1d" relativeResultsDirectory="80a0b00c-a21c-455c-951e-a859abab1d4c" resultType="DataDrivenTest">
      <InnerResults>
        <UnitTestResult executionId="5a95b209-e0aa-4dfd-9370-b3100f9baf43" parentExecutionId="80a0b00c-a21c-455c-951e-a859abab1d4c" testId="d3221bd3-12e9-52c3-4c80-e3c9d166ae47" testName="ToNormalize_Passing_ValidValue_Returns_NormalizedValue (àáäâãøçħ,aaaaaoch)" computerName="PC-SFERRARI" duration="00:00:00.0003503" startTime="2020-09-01T17:42:54.0970975+01:00" endTime="2020-09-01T17:42:54.0978196+01:00" testType="13cdc9d9-ddb5-4fa4-a97d-d965ccfc6d4b" outcome="Passed" testListId="8c84fa94-04c1-424b-9868-57a2d4851a1d" relativeResultsDirectory="5a95b209-e0aa-4dfd-9370-b3100f9baf43" dataRowInfo="1" resultType="DataDrivenDataRow" />
        <UnitTestResult executionId="9c516558-8588-4ea9-b738-5d6af718cd18" parentExecutionId="80a0b00c-a21c-455c-951e-a859abab1d4c" testId="d3221bd3-12e9-52c3-4c80-e3c9d166ae47" testName="ToNormalize_Passing_ValidValue_Returns_NormalizedValue ( àáäâ ãøçħ ,aaaa aoch)" computerName="PC-SFERRARI" duration="00:00:00.0000286" startTime="2020-09-01T17:42:54.0970975+01:00" endTime="2020-09-01T17:42:54.0978196+01:00" testType="13cdc9d9-ddb5-4fa4-a97d-d965ccfc6d4b" outcome="Passed" testListId="8c84fa94-04c1-424b-9868-57a2d4851a1d" relativeResultsDirectory="9c516558-8588-4ea9-b738-5d6af718cd18" dataRowInfo="2" resultType="DataDrivenDataRow" />
        <UnitTestResult executionId="2328d0d9-7dc2-4c1f-b3b5-e8ae22baa302" parentExecutionId="80a0b00c-a21c-455c-951e-a859abab1d4c" testId="d3221bd3-12e9-52c3-4c80-e3c9d166ae47" testName="ToNormalize_Passing_ValidValue_Returns_NormalizedValue (*¨^_:-?¿;,)" computerName="PC-SFERRARI" duration="00:00:00.0000234" startTime="2020-09-01T17:42:54.0970975+01:00" endTime="2020-09-01T17:42:54.0978196+01:00" testType="13cdc9d9-ddb5-4fa4-a97d-d965ccfc6d4b" outcome="Passed" testListId="8c84fa94-04c1-424b-9868-57a2d4851a1d" relativeResultsDirectory="2328d0d9-7dc2-4c1f-b3b5-e8ae22baa302" dataRowInfo="3" resultType="DataDrivenDataRow" />
        <UnitTestResult executionId="69978c6a-27f7-42e1-83e9-73d800e2087b" parentExecutionId="80a0b00c-a21c-455c-951e-a859abab1d4c" testId="d3221bd3-12e9-52c3-4c80-e3c9d166ae47" testName="ToNormalize_Passing_ValidValue_Returns_NormalizedValue ( * ¨ ^ _ : - ? ¿ ; ,)" computerName="PC-SFERRARI" duration="00:00:00.0000228" startTime="2020-09-01T17:42:54.0970975+01:00" endTime="2020-09-01T17:42:54.0978196+01:00" testType="13cdc9d9-ddb5-4fa4-a97d-d965ccfc6d4b" outcome="Passed" testListId="8c84fa94-04c1-424b-9868-57a2d4851a1d" relativeResultsDirectory="69978c6a-27f7-42e1-83e9-73d800e2087b" dataRowInfo="4" resultType="DataDrivenDataRow" />
      </InnerResults>
    </UnitTestResult>
    <UnitTestResult executionId="387ba10c-ed00-4828-8661-233509eaad9a" testId="0d50ac65-fe21-25e2-755d-cf669c4b11b7" testName="IsSubdomain_Passing_InvalidArguments_Returns_HasErrorsAndCount" computerName="PC-SFERRARI" duration="00:00:00.0007897" startTime="2020-09-01T17:42:51.2460070+01:00" endTime="2020-09-01T17:42:51.2469071+01:00" testType="13cdc9d9-ddb5-4fa4-a97d-d965ccfc6d4b" outcome="Passed" testListId="8c84fa94-04c1-424b-9868-57a2d4851a1d" relativeResultsDirectory="387ba10c-ed00-4828-8661-233509eaad9a" />
    <UnitTestResult executionId="f6e02b1f-ebc4-463a-979d-62bac42900fd" testId="94245856-9b78-14bb-2905-2035e994d0d9" testName="ToInt_Passing_InvalidValueString_Returns_Null" computerName="PC-SFERRARI" duration="00:00:00.0003118" startTime="2020-09-01T17:42:54.3129314+01:00" endTime="2020-09-01T17:42:54.3134277+01:00" testType="13cdc9d9-ddb5-4fa4-a97d-d965ccfc6d4b" outcome="Passed" testListId="8c84fa94-04c1-424b-9868-57a2d4851a1d" relativeResultsDirectory="f6e02b1f-ebc4-463a-979d-62bac42900fd" resultType="DataDrivenTest">
      <InnerResults>
        <UnitTestResult executionId="f3d82e92-c223-4e89-8cb7-512cfa27060f" parentExecutionId="f6e02b1f-ebc4-463a-979d-62bac42900fd" testId="94245856-9b78-14bb-2905-2035e994d0d9" testName="ToInt_Passing_InvalidValueString_Returns_Null (1.3333)" computerName="PC-SFERRARI" duration="00:00:00.0002074" startTime="2020-09-01T17:42:54.3129314+01:00" endTime="2020-09-01T17:42:54.3134277+01:00" testType="13cdc9d9-ddb5-4fa4-a97d-d965ccfc6d4b" outcome="Passed" testListId="8c84fa94-04c1-424b-9868-57a2d4851a1d" relativeResultsDirectory="f3d82e92-c223-4e89-8cb7-512cfa27060f" dataRowInfo="1" resultType="DataDrivenDataRow" />
        <UnitTestResult executionId="fcdc5266-f96c-4be4-afcb-1dc938052a5d" parentExecutionId="f6e02b1f-ebc4-463a-979d-62bac42900fd" testId="94245856-9b78-14bb-2905-2035e994d0d9" testName="ToInt_Passing_InvalidValueString_Returns_Null (1,3333)" computerName="PC-SFERRARI" duration="00:00:00.0000051" startTime="2020-09-01T17:42:54.3129314+01:00" endTime="2020-09-01T17:42:54.3134277+01:00" testType="13cdc9d9-ddb5-4fa4-a97d-d965ccfc6d4b" outcome="Passed" testListId="8c84fa94-04c1-424b-9868-57a2d4851a1d" relativeResultsDirectory="fcdc5266-f96c-4be4-afcb-1dc938052a5d" dataRowInfo="2" resultType="DataDrivenDataRow" />
        <UnitTestResult executionId="0f86c84b-9b7b-4b76-aff7-02ca91d33c18" parentExecutionId="f6e02b1f-ebc4-463a-979d-62bac42900fd" testId="94245856-9b78-14bb-2905-2035e994d0d9" testName="ToInt_Passing_InvalidValueString_Returns_Null (1.333,39)" computerName="PC-SFERRARI" duration="00:00:00.0000022" startTime="2020-09-01T17:42:54.3129314+01:00" endTime="2020-09-01T17:42:54.3134277+01:00" testType="13cdc9d9-ddb5-4fa4-a97d-d965ccfc6d4b" outcome="Passed" testListId="8c84fa94-04c1-424b-9868-57a2d4851a1d" relativeResultsDirectory="0f86c84b-9b7b-4b76-aff7-02ca91d33c18" dataRowInfo="3" resultType="DataDrivenDataRow" />
        <UnitTestResult executionId="0fdba098-ee5a-4316-8a13-2a3618bae443" parentExecutionId="f6e02b1f-ebc4-463a-979d-62bac42900fd" testId="94245856-9b78-14bb-2905-2035e994d0d9" testName="ToInt_Passing_InvalidValueString_Returns_Null (999999439293294392492349329493294)" computerName="PC-SFERRARI" duration="00:00:00.0000023" startTime="2020-09-01T17:42:54.3129314+01:00" endTime="2020-09-01T17:42:54.3134277+01:00" testType="13cdc9d9-ddb5-4fa4-a97d-d965ccfc6d4b" outcome="Passed" testListId="8c84fa94-04c1-424b-9868-57a2d4851a1d" relativeResultsDirectory="0fdba098-ee5a-4316-8a13-2a3618bae443" dataRowInfo="4" resultType="DataDrivenDataRow" />
        <UnitTestResult executionId="e9058970-d410-42c7-a7d0-44a354e7c93d" parentExecutionId="f6e02b1f-ebc4-463a-979d-62bac42900fd" testId="94245856-9b78-14bb-2905-2035e994d0d9" testName="ToInt_Passing_InvalidValueString_Returns_Null (asdasdasdasd234324)" computerName="PC-SFERRARI" duration="00:00:00.0000023" startTime="2020-09-01T17:42:54.3129314+01:00" endTime="2020-09-01T17:42:54.3134277+01:00" testType="13cdc9d9-ddb5-4fa4-a97d-d965ccfc6d4b" outcome="Passed" testListId="8c84fa94-04c1-424b-9868-57a2d4851a1d" relativeResultsDirectory="e9058970-d410-42c7-a7d0-44a354e7c93d" dataRowInfo="5" resultType="DataDrivenDataRow" />
      </InnerResults>
    </UnitTestResult>
    <UnitTestResult executionId="ef863348-e86f-4d09-ba3b-e829e57c80d6" testId="8753b945-3021-c959-7cc0-4647f9a71041" testName="ToCompress_Passing_Value_Bytes_Returns_Value_Bytes" computerName="PC-SFERRARI" duration="00:00:00.0207846" startTime="2020-09-01T17:42:52.9319596+01:00" endTime="2020-09-01T17:42:52.9529787+01:00" testType="13cdc9d9-ddb5-4fa4-a97d-d965ccfc6d4b" outcome="Passed" testListId="8c84fa94-04c1-424b-9868-57a2d4851a1d" relativeResultsDirectory="ef863348-e86f-4d09-ba3b-e829e57c80d6" />
    <UnitTestResult executionId="46b2f01f-ce24-4a93-a457-aea6851076fc" testId="2761ce79-4c5e-006c-8199-c0c2a39fb318" testName="ToFormat_Passing_ValidValueFormatWithArguments_Returns_ValueWithFormat" computerName="PC-SFERRARI" duration="00:00:00.0003686" startTime="2020-09-01T17:42:54.3886903+01:00" endTime="2020-09-01T17:42:54.3892038+01:00" testType="13cdc9d9-ddb5-4fa4-a97d-d965ccfc6d4b" outcome="Passed" testListId="8c84fa94-04c1-424b-9868-57a2d4851a1d" relativeResultsDirectory="46b2f01f-ce24-4a93-a457-aea6851076fc" />
    <UnitTestResult executionId="da37c854-442c-467d-90c8-c23b010d663b" testId="4a38c3cf-0cae-05a0-9e46-68686a986425" testName="ToEnum_Passing_InvalidValueInt_Returns_EnumCustomValue" computerName="PC-SFERRARI" duration="00:00:00.0001002" startTime="2020-09-01T17:42:54.1171701+01:00" endTime="2020-09-01T17:42:54.1173718+01:00" testType="13cdc9d9-ddb5-4fa4-a97d-d965ccfc6d4b" outcome="Passed" testListId="8c84fa94-04c1-424b-9868-57a2d4851a1d" relativeResultsDirectory="da37c854-442c-467d-90c8-c23b010d663b" />
    <UnitTestResult executionId="0b725e17-3501-43b9-a5f6-6c1c0054890d" testId="d295464f-a17a-f539-e79a-d6f523fcf49e" testName="ToEnvironment_Passing_Service_Not_Found_Returns_ApplicationException" computerName="PC-SFERRARI" duration="00:00:00.0065811" startTime="2020-09-01T17:42:52.9028445+01:00" endTime="2020-09-01T17:42:52.9095209+01:00" testType="13cdc9d9-ddb5-4fa4-a97d-d965ccfc6d4b" outcome="Passed" testListId="8c84fa94-04c1-424b-9868-57a2d4851a1d" relativeResultsDirectory="0b725e17-3501-43b9-a5f6-6c1c0054890d" />
    <UnitTestResult executionId="88ab41ad-efba-4b2d-b474-b67cb81ccc15" testId="f12b1480-1a2c-e6b2-a7d5-e18e3051e76a" testName="ToService_Passing_Valid_Service_Returns_Service" computerName="PC-SFERRARI" duration="00:00:00.0004242" startTime="2020-09-01T17:42:52.9309033+01:00" endTime="2020-09-01T17:42:52.9314045+01:00" testType="13cdc9d9-ddb5-4fa4-a97d-d965ccfc6d4b" outcome="Passed" testListId="8c84fa94-04c1-424b-9868-57a2d4851a1d" relativeResultsDirectory="88ab41ad-efba-4b2d-b474-b67cb81ccc15" />
    <UnitTestResult executionId="a5d864ee-593e-47f1-822c-d3978d122ec9" testId="d3667b30-e61c-9dbb-f1a9-264e82d98be5" testName="ToUri_Passing_InvalidValueString_Returns_Null" computerName="PC-SFERRARI" duration="00:00:00.0010821" startTime="2020-09-01T17:42:54.2478962+01:00" endTime="2020-09-01T17:42:54.2491905+01:00" testType="13cdc9d9-ddb5-4fa4-a97d-d965ccfc6d4b" outcome="Passed" testListId="8c84fa94-04c1-424b-9868-57a2d4851a1d" relativeResultsDirectory="a5d864ee-593e-47f1-822c-d3978d122ec9" resultType="DataDrivenTest">
      <InnerResults>
        <UnitTestResult executionId="37504c5c-3383-4a40-89d4-9feb9a217edb" parentExecutionId="a5d864ee-593e-47f1-822c-d3978d122ec9" testId="d3667b30-e61c-9dbb-f1a9-264e82d98be5" testName="ToUri_Passing_InvalidValueString_Returns_Null (http://?)" computerName="PC-SFERRARI" duration="00:00:00.0008812" startTime="2020-09-01T17:42:54.2478962+01:00" endTime="2020-09-01T17:42:54.2491905+01:00" testType="13cdc9d9-ddb5-4fa4-a97d-d965ccfc6d4b" outcome="Passed" testListId="8c84fa94-04c1-424b-9868-57a2d4851a1d" relativeResultsDirectory="37504c5c-3383-4a40-89d4-9feb9a217edb" dataRowInfo="1" resultType="DataDrivenDataRow" />
        <UnitTestResult executionId="9966469b-921d-43e8-ab58-c21a86adf191" parentExecutionId="a5d864ee-593e-47f1-822c-d3978d122ec9" testId="d3667b30-e61c-9dbb-f1a9-264e82d98be5" testName="ToUri_Passing_InvalidValueString_Returns_Null (http://)" computerName="PC-SFERRARI" duration="00:00:00.0000090" startTime="2020-09-01T17:42:54.2478962+01:00" endTime="2020-09-01T17:42:54.2491905+01:00" testType="13cdc9d9-ddb5-4fa4-a97d-d965ccfc6d4b" outcome="Passed" testListId="8c84fa94-04c1-424b-9868-57a2d4851a1d" relativeResultsDirectory="9966469b-921d-43e8-ab58-c21a86adf191" dataRowInfo="2" resultType="DataDrivenDataRow" />
        <UnitTestResult executionId="c9e8e238-7461-44bd-a286-8bd81b91102f" parentExecutionId="a5d864ee-593e-47f1-822c-d3978d122ec9" testId="d3667b30-e61c-9dbb-f1a9-264e82d98be5" testName="ToUri_Passing_InvalidValueString_Returns_Null (http://.)" computerName="PC-SFERRARI" duration="00:00:00.0000236" startTime="2020-09-01T17:42:54.2478962+01:00" endTime="2020-09-01T17:42:54.2491905+01:00" testType="13cdc9d9-ddb5-4fa4-a97d-d965ccfc6d4b" outcome="Passed" testListId="8c84fa94-04c1-424b-9868-57a2d4851a1d" relativeResultsDirectory="c9e8e238-7461-44bd-a286-8bd81b91102f" dataRowInfo="3" resultType="DataDrivenDataRow" />
        <UnitTestResult executionId="817ae9ad-49e1-4ea8-a718-4c2781c07441" parentExecutionId="a5d864ee-593e-47f1-822c-d3978d122ec9" testId="d3667b30-e61c-9dbb-f1a9-264e82d98be5" testName="ToUri_Passing_InvalidValueString_Returns_Null (http://..)" computerName="PC-SFERRARI" duration="00:00:00.0000046" startTime="2020-09-01T17:42:54.2478962+01:00" endTime="2020-09-01T17:42:54.2491905+01:00" testType="13cdc9d9-ddb5-4fa4-a97d-d965ccfc6d4b" outcome="Passed" testListId="8c84fa94-04c1-424b-9868-57a2d4851a1d" relativeResultsDirectory="817ae9ad-49e1-4ea8-a718-4c2781c07441" dataRowInfo="4" resultType="DataDrivenDataRow" />
        <UnitTestResult executionId="34b3ed7e-2547-4125-9d86-081034fc9052" parentExecutionId="a5d864ee-593e-47f1-822c-d3978d122ec9" testId="d3667b30-e61c-9dbb-f1a9-264e82d98be5" testName="ToUri_Passing_InvalidValueString_Returns_Null (http://../)" computerName="PC-SFERRARI" duration="00:00:00.0000033" startTime="2020-09-01T17:42:54.2478962+01:00" endTime="2020-09-01T17:42:54.2491905+01:00" testType="13cdc9d9-ddb5-4fa4-a97d-d965ccfc6d4b" outcome="Passed" testListId="8c84fa94-04c1-424b-9868-57a2d4851a1d" relativeResultsDirectory="34b3ed7e-2547-4125-9d86-081034fc9052" dataRowInfo="5" resultType="DataDrivenDataRow" />
        <UnitTestResult executionId="ffd31156-222c-4945-85d7-d77ad5c092b2" parentExecutionId="a5d864ee-593e-47f1-822c-d3978d122ec9" testId="d3667b30-e61c-9dbb-f1a9-264e82d98be5" testName="ToUri_Passing_InvalidValueString_Returns_Null (http://?)" computerName="PC-SFERRARI" duration="00:00:00.0000030" startTime="2020-09-01T17:42:54.2478962+01:00" endTime="2020-09-01T17:42:54.2491905+01:00" testType="13cdc9d9-ddb5-4fa4-a97d-d965ccfc6d4b" outcome="Passed" testListId="8c84fa94-04c1-424b-9868-57a2d4851a1d" relativeResultsDirectory="ffd31156-222c-4945-85d7-d77ad5c092b2" dataRowInfo="6" resultType="DataDrivenDataRow" />
        <UnitTestResult executionId="7dce891d-035a-413c-a968-34a30e38506d" parentExecutionId="a5d864ee-593e-47f1-822c-d3978d122ec9" testId="d3667b30-e61c-9dbb-f1a9-264e82d98be5" testName="ToUri_Passing_InvalidValueString_Returns_Null (http://??)" computerName="PC-SFERRARI" duration="00:00:00.0000029" startTime="2020-09-01T17:42:54.2478962+01:00" endTime="2020-09-01T17:42:54.2491905+01:00" testType="13cdc9d9-ddb5-4fa4-a97d-d965ccfc6d4b" outcome="Passed" testListId="8c84fa94-04c1-424b-9868-57a2d4851a1d" relativeResultsDirectory="7dce891d-035a-413c-a968-34a30e38506d" dataRowInfo="7" resultType="DataDrivenDataRow" />
        <UnitTestResult executionId="52e07d08-5b92-46f8-86c3-74dc9197e8f1" parentExecutionId="a5d864ee-593e-47f1-822c-d3978d122ec9" testId="d3667b30-e61c-9dbb-f1a9-264e82d98be5" testName="ToUri_Passing_InvalidValueString_Returns_Null (http://??/)" computerName="PC-SFERRARI" duration="00:00:00.0000030" startTime="2020-09-01T17:42:54.2478962+01:00" endTime="2020-09-01T17:42:54.2491905+01:00" testType="13cdc9d9-ddb5-4fa4-a97d-d965ccfc6d4b" outcome="Passed" testListId="8c84fa94-04c1-424b-9868-57a2d4851a1d" relativeResultsDirectory="52e07d08-5b92-46f8-86c3-74dc9197e8f1" dataRowInfo="8" resultType="DataDrivenDataRow" />
        <UnitTestResult executionId="1459191a-5564-4d8d-8cb2-377cbfdc95fa" parentExecutionId="a5d864ee-593e-47f1-822c-d3978d122ec9" testId="d3667b30-e61c-9dbb-f1a9-264e82d98be5" testName="ToUri_Passing_InvalidValueString_Returns_Null (http://#)" computerName="PC-SFERRARI" duration="00:00:00.0000028" startTime="2020-09-01T17:42:54.2478962+01:00" endTime="2020-09-01T17:42:54.2491905+01:00" testType="13cdc9d9-ddb5-4fa4-a97d-d965ccfc6d4b" outcome="Passed" testListId="8c84fa94-04c1-424b-9868-57a2d4851a1d" relativeResultsDirectory="1459191a-5564-4d8d-8cb2-377cbfdc95fa" dataRowInfo="9" resultType="DataDrivenDataRow" />
        <UnitTestResult executionId="a4e2246e-980f-4835-a851-3b2dbf55f850" parentExecutionId="a5d864ee-593e-47f1-822c-d3978d122ec9" testId="d3667b30-e61c-9dbb-f1a9-264e82d98be5" testName="ToUri_Passing_InvalidValueString_Returns_Null (http://##)" computerName="PC-SFERRARI" duration="00:00:00.0000028" startTime="2020-09-01T17:42:54.2478962+01:00" endTime="2020-09-01T17:42:54.2491905+01:00" testType="13cdc9d9-ddb5-4fa4-a97d-d965ccfc6d4b" outcome="Passed" testListId="8c84fa94-04c1-424b-9868-57a2d4851a1d" relativeResultsDirectory="a4e2246e-980f-4835-a851-3b2dbf55f850" dataRowInfo="10" resultType="DataDrivenDataRow" />
        <UnitTestResult executionId="4bcba654-1ae4-4dc2-822b-3c4d9ee81d45" parentExecutionId="a5d864ee-593e-47f1-822c-d3978d122ec9" testId="d3667b30-e61c-9dbb-f1a9-264e82d98be5" testName="ToUri_Passing_InvalidValueString_Returns_Null (http://##/)" computerName="PC-SFERRARI" duration="00:00:00.0000029" startTime="2020-09-01T17:42:54.2478962+01:00" endTime="2020-09-01T17:42:54.2491905+01:00" testType="13cdc9d9-ddb5-4fa4-a97d-d965ccfc6d4b" outcome="Passed" testListId="8c84fa94-04c1-424b-9868-57a2d4851a1d" relativeResultsDirectory="4bcba654-1ae4-4dc2-822b-3c4d9ee81d45" dataRowInfo="11" resultType="DataDrivenDataRow" />
      </InnerResults>
    </UnitTestResult>
    <UnitTestResult executionId="00eb6035-0e23-415b-a290-f19b5556a5cd" testId="27b96ec3-5681-5842-c623-6a591e60fa20" testName="ToGetAll_Passing_Claims_Returns_Claim_Value_Int_List" computerName="PC-SFERRARI" duration="00:00:00.0048419" startTime="2020-09-01T17:42:53.1378596+01:00" endTime="2020-09-01T17:42:53.1428177+01:00" testType="13cdc9d9-ddb5-4fa4-a97d-d965ccfc6d4b" outcome="Passed" testListId="8c84fa94-04c1-424b-9868-57a2d4851a1d" relativeResultsDirectory="00eb6035-0e23-415b-a290-f19b5556a5cd" />
    <UnitTestResult executionId="a2b89ac7-a1d1-46e5-9069-d3ca43c079a5" testId="14185e7c-324a-518a-7989-87f2ea285719" testName="ToServiceMatchingInterface_Passing_Empties_Assemblies_Returns_ApplicationException" computerName="PC-SFERRARI" duration="00:00:00.0525190" startTime="2020-09-01T17:42:53.7780238+01:00" endTime="2020-09-01T17:42:53.8306479+01:00" testType="13cdc9d9-ddb5-4fa4-a97d-d965ccfc6d4b" outcome="Passed" testListId="8c84fa94-04c1-424b-9868-57a2d4851a1d" relativeResultsDirectory="a2b89ac7-a1d1-46e5-9069-d3ca43c079a5" />
    <UnitTestResult executionId="5b2162a6-7e62-4367-a90a-f82b647093c0" testId="6a38239d-855c-a5eb-59db-53dcbc789347" testName="IsDirectory_Passing_InvalidArguments_Returns_HasErrorsAndCount" computerName="PC-SFERRARI" duration="00:00:00.0005455" startTime="2020-09-01T17:42:51.0981514+01:00" endTime="2020-09-01T17:42:51.0988075+01:00" testType="13cdc9d9-ddb5-4fa4-a97d-d965ccfc6d4b" outcome="Passed" testListId="8c84fa94-04c1-424b-9868-57a2d4851a1d" relativeResultsDirectory="5b2162a6-7e62-4367-a90a-f82b647093c0" />
    <UnitTestResult executionId="06a75abe-9949-41b9-a5b7-206f6227c4ef" testId="97ac32f0-aa09-7e98-7ba4-4fe5f68e1600" testName="CreateAndVerifySHA256_Passing_Valid_Arguments_Returns_True" computerName="PC-SFERRARI" duration="00:00:00.0019892" startTime="2020-09-01T17:42:51.3204454+01:00" endTime="2020-09-01T17:42:51.3225444+01:00" testType="13cdc9d9-ddb5-4fa4-a97d-d965ccfc6d4b" outcome="Passed" testListId="8c84fa94-04c1-424b-9868-57a2d4851a1d" relativeResultsDirectory="06a75abe-9949-41b9-a5b7-206f6227c4ef" resultType="DataDrivenTest">
      <InnerResults>
        <UnitTestResult executionId="b1edbccb-94da-4a7f-a685-3925a11206ce" parentExecutionId="06a75abe-9949-41b9-a5b7-206f6227c4ef" testId="97ac32f0-aa09-7e98-7ba4-4fe5f68e1600" testName="CreateAndVerifySHA256_Passing_Valid_Arguments_Returns_True (Password)" computerName="PC-SFERRARI" duration="00:00:00.0017918" startTime="2020-09-01T17:42:51.3204454+01:00" endTime="2020-09-01T17:42:51.3225444+01:00" testType="13cdc9d9-ddb5-4fa4-a97d-d965ccfc6d4b" outcome="Passed" testListId="8c84fa94-04c1-424b-9868-57a2d4851a1d" relativeResultsDirectory="b1edbccb-94da-4a7f-a685-3925a11206ce" dataRowInfo="1" resultType="DataDrivenDataRow" />
        <UnitTestResult executionId="7273580d-143a-4795-8521-7fcb369a1a25" parentExecutionId="06a75abe-9949-41b9-a5b7-206f6227c4ef" testId="97ac32f0-aa09-7e98-7ba4-4fe5f68e1600" testName="CreateAndVerifySHA256_Passing_Valid_Arguments_Returns_True (HashTests)" computerName="PC-SFERRARI" duration="00:00:00.0000252" startTime="2020-09-01T17:42:51.3204454+01:00" endTime="2020-09-01T17:42:51.3225444+01:00" testType="13cdc9d9-ddb5-4fa4-a97d-d965ccfc6d4b" outcome="Passed" testListId="8c84fa94-04c1-424b-9868-57a2d4851a1d" relativeResultsDirectory="7273580d-143a-4795-8521-7fcb369a1a25" dataRowInfo="2" resultType="DataDrivenDataRow" />
        <UnitTestResult executionId="c70b4b1f-2678-4db1-b031-d1b5df8e0889" parentExecutionId="06a75abe-9949-41b9-a5b7-206f6227c4ef" testId="97ac32f0-aa09-7e98-7ba4-4fe5f68e1600" testName="CreateAndVerifySHA256_Passing_Valid_Arguments_Returns_True (sdlfkjldsfksdfñl·%$·&amp;$/U&amp;/)(&amp;()?=)¿?^P*^PÑL,.,.lñ´ñ+98098'098098)" computerName="PC-SFERRARI" duration="00:00:00.0001031" startTime="2020-09-01T17:42:51.3204454+01:00" endTime="2020-09-01T17:42:51.3225444+01:00" testType="13cdc9d9-ddb5-4fa4-a97d-d965ccfc6d4b" outcome="Passed" testListId="8c84fa94-04c1-424b-9868-57a2d4851a1d" relativeResultsDirectory="c70b4b1f-2678-4db1-b031-d1b5df8e0889" dataRowInfo="3" resultType="DataDrivenDataRow" />
      </InnerResults>
    </UnitTestResult>
    <UnitTestResult executionId="cc501e1b-a362-4e17-b18e-0b117ee20c0e" testId="fe87c87e-477f-2fc4-df79-eea7b52d186b" testName="ToReadOnly_Passing_Valid_Collection_Returns_Readonly_Collection" computerName="PC-SFERRARI" duration="00:00:00.0007375" startTime="2020-09-01T17:42:53.2074632+01:00" endTime="2020-09-01T17:42:53.2082805+01:00" testType="13cdc9d9-ddb5-4fa4-a97d-d965ccfc6d4b" outcome="Passed" testListId="8c84fa94-04c1-424b-9868-57a2d4851a1d" relativeResultsDirectory="cc501e1b-a362-4e17-b18e-0b117ee20c0e" />
    <UnitTestResult executionId="5d510406-ddbc-4752-b208-85c8eb9133aa" testId="79d819f4-0ce5-96bd-2613-403442eb4d74" testName="ToEnvironment_ServiceCollection_Passing_Production_Enviroment_Returns_Production_Name" computerName="PC-SFERRARI" duration="00:00:00.0004204" startTime="2020-09-01T17:42:53.7576755+01:00" endTime="2020-09-01T17:42:53.7582010+01:00" testType="13cdc9d9-ddb5-4fa4-a97d-d965ccfc6d4b" outcome="Passed" testListId="8c84fa94-04c1-424b-9868-57a2d4851a1d" relativeResultsDirectory="5d510406-ddbc-4752-b208-85c8eb9133aa" />
    <UnitTestResult executionId="ba2a1b10-32cd-47bd-ba55-b5114bf25d51" testId="4e99a60b-6bf7-950f-4a1b-2b8f6b265f33" testName="ToEnvironment_ServiceCollection_Passing_Custom_Enviroment_Returns_Custom_Name" computerName="PC-SFERRARI" duration="00:00:00.0003814" startTime="2020-09-01T17:42:53.7587056+01:00" endTime="2020-09-01T17:42:53.7591659+01:00" testType="13cdc9d9-ddb5-4fa4-a97d-d965ccfc6d4b" outcome="Passed" testListId="8c84fa94-04c1-424b-9868-57a2d4851a1d" relativeResultsDirectory="ba2a1b10-32cd-47bd-ba55-b5114bf25d51" />
    <UnitTestResult executionId="3f5a26c3-a7e6-4f74-ac79-cc295d3c5c4a" testId="59bb5814-5d01-6d07-4fe2-b044a2101887" testName="ToYesterday_Passing_DateTime_Returns_Yesterday_DateTime" computerName="PC-SFERRARI" duration="00:00:00.0001974" startTime="2020-09-01T17:42:53.1890112+01:00" endTime="2020-09-01T17:42:53.1892921+01:00" testType="13cdc9d9-ddb5-4fa4-a97d-d965ccfc6d4b" outcome="Passed" testListId="8c84fa94-04c1-424b-9868-57a2d4851a1d" relativeResultsDirectory="3f5a26c3-a7e6-4f74-ac79-cc295d3c5c4a" />
    <UnitTestResult executionId="a19bf411-7f73-419b-ac09-48c35728dbf1" testId="24c5c4fe-5465-6bf1-7790-c32dc7dc4137" testName="ToServiceMatchingInterface_Passing_Valid_Assembly_Returns_Service" computerName="PC-SFERRARI" duration="00:00:00.0153904" startTime="2020-09-01T17:42:53.8307099+01:00" endTime="2020-09-01T17:42:53.8462406+01:00" testType="13cdc9d9-ddb5-4fa4-a97d-d965ccfc6d4b" outcome="Passed" testListId="8c84fa94-04c1-424b-9868-57a2d4851a1d" relativeResultsDirectory="a19bf411-7f73-419b-ac09-48c35728dbf1" />
    <UnitTestResult executionId="7e0ea653-dcca-470f-859a-41308e68476f" testId="0669ad66-ebac-1b60-d9f8-85ac26831181" testName="ToThrow_Passing_InvalidValue_Returns_ApplicationExceptionWithMessage" computerName="PC-SFERRARI" duration="00:00:00.0003888" startTime="2020-09-01T17:42:52.9979051+01:00" endTime="2020-09-01T17:42:52.9983862+01:00" testType="13cdc9d9-ddb5-4fa4-a97d-d965ccfc6d4b" outcome="Passed" testListId="8c84fa94-04c1-424b-9868-57a2d4851a1d" relativeResultsDirectory="7e0ea653-dcca-470f-859a-41308e68476f" />
    <UnitTestResult executionId="32329fd0-1727-4274-b37e-947c18305feb" testId="66ebc17d-8456-d538-0da4-279017d64788" testName="ToCompress_Passing_Object_Bytes_Returns_Object" computerName="PC-SFERRARI" duration="00:00:00.0031346" startTime="2020-09-01T17:42:52.9530253+01:00" endTime="2020-09-01T17:42:52.9563018+01:00" testType="13cdc9d9-ddb5-4fa4-a97d-d965ccfc6d4b" outcome="Passed" testListId="8c84fa94-04c1-424b-9868-57a2d4851a1d" relativeResultsDirectory="32329fd0-1727-4274-b37e-947c18305feb" />
    <UnitTestResult executionId="fd6db432-410b-4db0-bcd4-c770de98f1b4" testId="7626eb80-c5b1-5215-755a-1b8895fae863" testName="ToConfiguration_Passing_Key_Values_Returns_Ok" computerName="PC-SFERRARI" duration="00:00:00.0215138" startTime="2020-09-01T17:42:53.8627126+01:00" endTime="2020-09-01T17:42:53.8843508+01:00" testType="13cdc9d9-ddb5-4fa4-a97d-d965ccfc6d4b" outcome="Passed" testListId="8c84fa94-04c1-424b-9868-57a2d4851a1d" relativeResultsDirectory="fd6db432-410b-4db0-bcd4-c770de98f1b4" />
    <UnitTestResult executionId="c4f4cc18-d8ba-4a97-addb-e1cb7eb6a6ea" testId="8bddabe7-b6bf-e8a0-1bef-884ff3132d8d" testName="ToEnum_Passing_InvalidValueString_Returns_EnumCustomValue" computerName="PC-SFERRARI" duration="00:00:00.0000988" startTime="2020-09-01T17:42:54.0996741+01:00" endTime="2020-09-01T17:42:54.0998649+01:00" testType="13cdc9d9-ddb5-4fa4-a97d-d965ccfc6d4b" outcome="Passed" testListId="8c84fa94-04c1-424b-9868-57a2d4851a1d" relativeResultsDirectory="c4f4cc18-d8ba-4a97-addb-e1cb7eb6a6ea" />
    <UnitTestResult executionId="cc05c1da-2d98-49a3-9e15-0d0c5d314fe6" testId="b909c08c-eb87-b106-dd22-e1f2f16755b3" testName="ToFirstLetterUpper_Passing_ValidValue_Returns_StringWithFirstLetterUpper" computerName="PC-SFERRARI" duration="00:00:00.0001520" startTime="2020-09-01T17:42:54.1173936+01:00" endTime="2020-09-01T17:42:54.1176182+01:00" testType="13cdc9d9-ddb5-4fa4-a97d-d965ccfc6d4b" outcome="Passed" testListId="8c84fa94-04c1-424b-9868-57a2d4851a1d" relativeResultsDirectory="cc05c1da-2d98-49a3-9e15-0d0c5d314fe6" resultType="DataDrivenTest">
      <InnerResults>
        <UnitTestResult executionId="34942c6c-8431-4667-b999-28a0982dc750" parentExecutionId="cc05c1da-2d98-49a3-9e15-0d0c5d314fe6" testId="b909c08c-eb87-b106-dd22-e1f2f16755b3" testName="ToFirstLetterUpper_Passing_ValidValue_Returns_StringWithFirstLetterUpper (aaaaaa,Aaaaaa)" computerName="PC-SFERRARI" duration="00:00:00.0001102" startTime="2020-09-01T17:42:54.1173936+01:00" endTime="2020-09-01T17:42:54.1176182+01:00" testType="13cdc9d9-ddb5-4fa4-a97d-d965ccfc6d4b" outcome="Passed" testListId="8c84fa94-04c1-424b-9868-57a2d4851a1d" relativeResultsDirectory="34942c6c-8431-4667-b999-28a0982dc750" dataRowInfo="1" resultType="DataDrivenDataRow" />
      </InnerResults>
    </UnitTestResult>
    <UnitTestResult executionId="9b66eaa3-a45e-4b8e-ab51-c726aa7183fa" testId="84f3eea3-fb46-7ff1-04fe-1ba3ec10008f" testName="ToTryGetHeader_Passing_HttpRequest_Header_Value_Returns_Value" computerName="PC-SFERRARI" duration="00:00:00.0004410" startTime="2020-09-01T17:42:53.3470476+01:00" endTime="2020-09-01T17:42:53.3475749+01:00" testType="13cdc9d9-ddb5-4fa4-a97d-d965ccfc6d4b" outcome="Passed" testListId="8c84fa94-04c1-424b-9868-57a2d4851a1d" relativeResultsDirectory="9b66eaa3-a45e-4b8e-ab51-c726aa7183fa" />
    <UnitTestResult executionId="62e10577-c629-45d6-87aa-62856bbcbef9" testId="e6daf527-d4db-583b-7465-40f27603311a" testName="ToMapNew_Passing_TSource_And_TDestination_Returns_New_TDestination_Object" computerName="PC-SFERRARI" duration="00:00:00.0052429" startTime="2020-09-01T17:42:52.4188501+01:00" endTime="2020-09-01T17:42:52.4242369+01:00" testType="13cdc9d9-ddb5-4fa4-a97d-d965ccfc6d4b" outcome="Passed" testListId="8c84fa94-04c1-424b-9868-57a2d4851a1d" relativeResultsDirectory="62e10577-c629-45d6-87aa-62856bbcbef9" />
    <UnitTestResult executionId="d6d8d996-7574-439e-9b3b-1afab43fb412" testId="20272610-5df8-0a8d-c8c1-0c00a7b4257b" testName="ToMapNew_Passing_TDestination_Returns_New_Destination_Object" computerName="PC-SFERRARI" duration="00:00:00.0040995" startTime="2020-09-01T17:42:52.4242754+01:00" endTime="2020-09-01T17:42:52.4284994+01:00" testType="13cdc9d9-ddb5-4fa4-a97d-d965ccfc6d4b" outcome="Passed" testListId="8c84fa94-04c1-424b-9868-57a2d4851a1d" relativeResultsDirectory="d6d8d996-7574-439e-9b3b-1afab43fb412" />
    <UnitTestResult executionId="e49a8904-2c7b-4467-b3ea-5d53b9f8a552" testId="8f912328-63c8-86b1-c2a6-be41b857b56c" testName="ToDirectoryFileInfo_Passing_ValidValue_Returns_FileInfo" computerName="PC-SFERRARI" duration="00:00:00.0001124" startTime="2020-09-01T17:42:54.3628341+01:00" endTime="2020-09-01T17:42:54.3631808+01:00" testType="13cdc9d9-ddb5-4fa4-a97d-d965ccfc6d4b" outcome="Passed" testListId="8c84fa94-04c1-424b-9868-57a2d4851a1d" relativeResultsDirectory="e49a8904-2c7b-4467-b3ea-5d53b9f8a552" />
    <UnitTestResult executionId="e072004d-c47a-4ba7-9cf5-9ba3783c2fb4" testId="a78cbf3b-f752-709b-b7ce-b6cdfcd7841f" testName="ToHeader_Passing_HttpRequest_Header_Value_Returns_Value" computerName="PC-SFERRARI" duration="00:00:00.0331482" startTime="2020-09-01T17:42:53.3119348+01:00" endTime="2020-09-01T17:42:53.3461310+01:00" testType="13cdc9d9-ddb5-4fa4-a97d-d965ccfc6d4b" outcome="Passed" testListId="8c84fa94-04c1-424b-9868-57a2d4851a1d" relativeResultsDirectory="e072004d-c47a-4ba7-9cf5-9ba3783c2fb4" />
    <UnitTestResult executionId="e9b4992f-1e92-446f-9f2a-45864a4e7957" testId="d91cf465-89c7-bfd7-e84c-cbbdc9106c3b" testName="CreateSHA512_Passing_Invalid_Arguments_Returns_ApplicationException" computerName="PC-SFERRARI" duration="00:00:00.0008648" startTime="2020-09-01T17:42:51.3257982+01:00" endTime="2020-09-01T17:42:51.3267645+01:00" testType="13cdc9d9-ddb5-4fa4-a97d-d965ccfc6d4b" outcome="Passed" testListId="8c84fa94-04c1-424b-9868-57a2d4851a1d" relativeResultsDirectory="e9b4992f-1e92-446f-9f2a-45864a4e7957" resultType="DataDrivenTest">
      <InnerResults>
        <UnitTestResult executionId="0583f56e-d714-493b-859c-4e45f61f2c84" parentExecutionId="e9b4992f-1e92-446f-9f2a-45864a4e7957" testId="d91cf465-89c7-bfd7-e84c-cbbdc9106c3b" testName="CreateSHA512_Passing_Invalid_Arguments_Returns_ApplicationException ()" computerName="PC-SFERRARI" duration="00:00:00.0006983" startTime="2020-09-01T17:42:51.3257982+01:00" endTime="2020-09-01T17:42:51.3267645+01:00" testType="13cdc9d9-ddb5-4fa4-a97d-d965ccfc6d4b" outcome="Passed" testListId="8c84fa94-04c1-424b-9868-57a2d4851a1d" relativeResultsDirectory="0583f56e-d714-493b-859c-4e45f61f2c84" dataRowInfo="1" resultType="DataDrivenDataRow" />
        <UnitTestResult executionId="2b11923b-95ca-47ed-96fa-8dee0ab04be5" parentExecutionId="e9b4992f-1e92-446f-9f2a-45864a4e7957" testId="d91cf465-89c7-bfd7-e84c-cbbdc9106c3b" testName="CreateSHA512_Passing_Invalid_Arguments_Returns_ApplicationException ()" computerName="PC-SFERRARI" duration="00:00:00.0000546" startTime="2020-09-01T17:42:51.3257982+01:00" endTime="2020-09-01T17:42:51.3267645+01:00" testType="13cdc9d9-ddb5-4fa4-a97d-d965ccfc6d4b" outcome="Passed" testListId="8c84fa94-04c1-424b-9868-57a2d4851a1d" relativeResultsDirectory="2b11923b-95ca-47ed-96fa-8dee0ab04be5" dataRowInfo="2" resultType="DataDrivenDataRow" />
        <UnitTestResult executionId="82de74d9-a7b8-4e23-ba30-5b8e232e2a09" parentExecutionId="e9b4992f-1e92-446f-9f2a-45864a4e7957" testId="d91cf465-89c7-bfd7-e84c-cbbdc9106c3b" testName="CreateSHA512_Passing_Invalid_Arguments_Returns_ApplicationException ( )" computerName="PC-SFERRARI" duration="00:00:00.0000373" startTime="2020-09-01T17:42:51.3257982+01:00" endTime="2020-09-01T17:42:51.3267645+01:00" testType="13cdc9d9-ddb5-4fa4-a97d-d965ccfc6d4b" outcome="Passed" testListId="8c84fa94-04c1-424b-9868-57a2d4851a1d" relativeResultsDirectory="82de74d9-a7b8-4e23-ba30-5b8e232e2a09" dataRowInfo="3" resultType="DataDrivenDataRow" />
      </InnerResults>
    </UnitTestResult>
    <UnitTestResult executionId="69c79ec8-5876-4696-89d1-74aeb1e23197" testId="bb0673b5-0302-138b-4a20-28e82cf38ea7" testName="ToService_Passing_Service_Not_Found_Returns_Null" computerName="PC-SFERRARI" duration="00:00:00.0002877" startTime="2020-09-01T17:42:52.9305077+01:00" endTime="2020-09-01T17:42:52.9308802+01:00" testType="13cdc9d9-ddb5-4fa4-a97d-d965ccfc6d4b" outcome="Passed" testListId="8c84fa94-04c1-424b-9868-57a2d4851a1d" relativeResultsDirectory="69c79ec8-5876-4696-89d1-74aeb1e23197" />
    <UnitTestResult executionId="0bd32ad5-3173-4903-9eea-1b7b00507ccf" testId="ebfd06e0-faa7-9cbe-fa00-6405596f250f" testName="ToEmailMaskUserNameAndDomainAndExtension_Passing_ValidEmail_Returns_EmailWithMask" computerName="PC-SFERRARI" duration="00:00:00.0003799" startTime="2020-09-01T17:42:54.1384532+01:00" endTime="2020-09-01T17:42:54.1396124+01:00" testType="13cdc9d9-ddb5-4fa4-a97d-d965ccfc6d4b" outcome="Passed" testListId="8c84fa94-04c1-424b-9868-57a2d4851a1d" relativeResultsDirectory="0bd32ad5-3173-4903-9eea-1b7b00507ccf" resultType="DataDrivenTest">
      <InnerResults>
        <UnitTestResult executionId="e8ba5ce2-f3c3-42a3-9371-21005d9c8177" parentExecutionId="0bd32ad5-3173-4903-9eea-1b7b00507ccf" testId="ebfd06e0-faa7-9cbe-fa00-6405596f250f" testName="ToEmailMaskUserNameAndDomainAndExtension_Passing_ValidEmail_Returns_EmailWithMask (miemail@gmail.com,m*****l@g***l.c*m)" computerName="PC-SFERRARI" duration="00:00:00.0003280" startTime="2020-09-01T17:42:54.1384532+01:00" endTime="2020-09-01T17:42:54.1396124+01:00" testType="13cdc9d9-ddb5-4fa4-a97d-d965ccfc6d4b" outcome="Passed" testListId="8c84fa94-04c1-424b-9868-57a2d4851a1d" relativeResultsDirectory="e8ba5ce2-f3c3-42a3-9371-21005d9c8177" dataRowInfo="1" resultType="DataDrivenDataRow" />
      </InnerResults>
    </UnitTestResult>
    <UnitTestResult executionId="1407cdbf-5472-41f8-80b0-0263a40df18a" testId="c7c0b8c0-af82-c2af-9366-cca72ceef0f8" testName="ToList_Passing_ValidEnumTypeWithSelectedValue_Returns_ValuesList" computerName="PC-SFERRARI" duration="00:00:00.0004688" startTime="2020-09-01T17:42:51.2644411+01:00" endTime="2020-09-01T17:42:51.2650130+01:00" testType="13cdc9d9-ddb5-4fa4-a97d-d965ccfc6d4b" outcome="Passed" testListId="8c84fa94-04c1-424b-9868-57a2d4851a1d" relativeResultsDirectory="1407cdbf-5472-41f8-80b0-0263a40df18a" />
    <UnitTestResult executionId="8b400d13-0354-4cbb-aeb6-1d65a2a9008c" testId="bb1027b7-1469-c705-4b36-f77fd9229b00" testName="ToIsNullOrAny_Passing_InvalidValue_Returns_True" computerName="PC-SFERRARI" duration="00:00:00.0002220" startTime="2020-09-01T17:42:52.9577733+01:00" endTime="2020-09-01T17:42:52.9580838+01:00" testType="13cdc9d9-ddb5-4fa4-a97d-d965ccfc6d4b" outcome="Passed" testListId="8c84fa94-04c1-424b-9868-57a2d4851a1d" relativeResultsDirectory="8b400d13-0354-4cbb-aeb6-1d65a2a9008c" />
    <UnitTestResult executionId="8ce05eff-65c5-419a-851b-8bf4f1ef23cc" testId="176f4350-0b3b-4432-fa24-18f29e2c3458" testName="ToGet_Passing_Claims_Returns_Claim_Value_Int" computerName="PC-SFERRARI" duration="00:00:00.0165814" startTime="2020-09-01T17:42:53.1071953+01:00" endTime="2020-09-01T17:42:53.1239009+01:00" testType="13cdc9d9-ddb5-4fa4-a97d-d965ccfc6d4b" outcome="Passed" testListId="8c84fa94-04c1-424b-9868-57a2d4851a1d" relativeResultsDirectory="8ce05eff-65c5-419a-851b-8bf4f1ef23cc" />
    <UnitTestResult executionId="db79c601-7680-4f57-89e0-777b9f839e73" testId="7be74c7c-15d5-4d25-d1df-86e5d5a625b7" testName="ToDefaultValue_Passing_double_Returns_Cero" computerName="PC-SFERRARI" duration="00:00:00.0002807" startTime="2020-09-01T17:42:53.2759061+01:00" endTime="2020-09-01T17:42:53.2762603+01:00" testType="13cdc9d9-ddb5-4fa4-a97d-d965ccfc6d4b" outcome="Passed" testListId="8c84fa94-04c1-424b-9868-57a2d4851a1d" relativeResultsDirectory="db79c601-7680-4f57-89e0-777b9f839e73" resultType="DataDrivenTest">
      <InnerResults>
        <UnitTestResult executionId="92aaf759-c969-4324-8e9e-63129fdcdcb5" parentExecutionId="db79c601-7680-4f57-89e0-777b9f839e73" testId="7be74c7c-15d5-4d25-d1df-86e5d5a625b7" testName="ToDefaultValue_Passing_double_Returns_Cero (1,7976931348623157E+308)" computerName="PC-SFERRARI" duration="00:00:00.0002271" startTime="2020-09-01T17:42:53.2759061+01:00" endTime="2020-09-01T17:42:53.2762603+01:00" testType="13cdc9d9-ddb5-4fa4-a97d-d965ccfc6d4b" outcome="Passed" testListId="8c84fa94-04c1-424b-9868-57a2d4851a1d" relativeResultsDirectory="92aaf759-c969-4324-8e9e-63129fdcdcb5" dataRowInfo="1" resultType="DataDrivenDataRow" />
      </InnerResults>
    </UnitTestResult>
    <UnitTestResult executionId="fdee6a28-96b5-48e8-97c4-13e8c1562305" testId="c436eaa1-ee14-28b4-e568-d1bcd81758ca" testName="ToDefaultValue_Passing_byte_Returns_Cero" computerName="PC-SFERRARI" duration="00:00:00.0002777" startTime="2020-09-01T17:42:53.2421637+01:00" endTime="2020-09-01T17:42:53.2425519+01:00" testType="13cdc9d9-ddb5-4fa4-a97d-d965ccfc6d4b" outcome="Passed" testListId="8c84fa94-04c1-424b-9868-57a2d4851a1d" relativeResultsDirectory="fdee6a28-96b5-48e8-97c4-13e8c1562305" resultType="DataDrivenTest">
      <InnerResults>
        <UnitTestResult executionId="7adc85c4-6a82-46b1-be06-aef5474eb824" parentExecutionId="fdee6a28-96b5-48e8-97c4-13e8c1562305" testId="c436eaa1-ee14-28b4-e568-d1bcd81758ca" testName="ToDefaultValue_Passing_byte_Returns_Cero (255)" computerName="PC-SFERRARI" duration="00:00:00.0002346" startTime="2020-09-01T17:42:53.2421637+01:00" endTime="2020-09-01T17:42:53.2425519+01:00" testType="13cdc9d9-ddb5-4fa4-a97d-d965ccfc6d4b" outcome="Passed" testListId="8c84fa94-04c1-424b-9868-57a2d4851a1d" relativeResultsDirectory="7adc85c4-6a82-46b1-be06-aef5474eb824" dataRowInfo="1" resultType="DataDrivenDataRow" />
      </InnerResults>
    </UnitTestResult>
    <UnitTestResult executionId="34200b0a-408a-4812-9fe1-9b6a160f5823" testId="eae1f61b-b06a-0f91-1dd4-e916caad0d14" testName="ToMapList_Passing_Source_Type_And_Destination_Type_Returns_Destination_Object_List" computerName="PC-SFERRARI" duration="00:00:00.0494135" startTime="2020-09-01T17:42:52.5131658+01:00" endTime="2020-09-01T17:42:52.5632976+01:00" testType="13cdc9d9-ddb5-4fa4-a97d-d965ccfc6d4b" outcome="Passed" testListId="8c84fa94-04c1-424b-9868-57a2d4851a1d" relativeResultsDirectory="34200b0a-408a-4812-9fe1-9b6a160f5823" />
    <UnitTestResult executionId="bb0b5080-4aa6-4d9f-95ff-b8fc09186cb0" testId="d93604ef-7ed3-0fce-8526-ca6ec4546d8a" testName="ToInt_Passing_ValidValueString_Returns_Int" computerName="PC-SFERRARI" duration="00:00:00.0002568" startTime="2020-09-01T17:42:54.2983480+01:00" endTime="2020-09-01T17:42:54.2986743+01:00" testType="13cdc9d9-ddb5-4fa4-a97d-d965ccfc6d4b" outcome="Passed" testListId="8c84fa94-04c1-424b-9868-57a2d4851a1d" relativeResultsDirectory="bb0b5080-4aa6-4d9f-95ff-b8fc09186cb0" resultType="DataDrivenTest">
      <InnerResults>
        <UnitTestResult executionId="183784c6-f5ef-467d-a643-fee15ac2f0f6" parentExecutionId="bb0b5080-4aa6-4d9f-95ff-b8fc09186cb0" testId="d93604ef-7ed3-0fce-8526-ca6ec4546d8a" testName="ToInt_Passing_ValidValueString_Returns_Int (1234567890)" computerName="PC-SFERRARI" duration="00:00:00.0002252" startTime="2020-09-01T17:42:54.2983480+01:00" endTime="2020-09-01T17:42:54.2986743+01:00" testType="13cdc9d9-ddb5-4fa4-a97d-d965ccfc6d4b" outcome="Passed" testListId="8c84fa94-04c1-424b-9868-57a2d4851a1d" relativeResultsDirectory="183784c6-f5ef-467d-a643-fee15ac2f0f6" dataRowInfo="1" resultType="DataDrivenDataRow" />
      </InnerResults>
    </UnitTestResult>
    <UnitTestResult executionId="66794102-3dfa-4c59-a3ec-9923b8104610" testId="207a9b71-34bd-0c51-2904-9b3fc5a13547" testName="ToService_Passing_Valid_Service_Returns_Service" computerName="PC-SFERRARI" duration="00:00:00.0005399" startTime="2020-09-01T17:42:53.7772457+01:00" endTime="2020-09-01T17:42:53.7779886+01:00" testType="13cdc9d9-ddb5-4fa4-a97d-d965ccfc6d4b" outcome="Passed" testListId="8c84fa94-04c1-424b-9868-57a2d4851a1d" relativeResultsDirectory="66794102-3dfa-4c59-a3ec-9923b8104610" />
    <UnitTestResult executionId="7ac09496-8010-44c0-95f5-9330e0b60597" testId="5932a8ff-7d37-10cf-2a21-a95288a4601c" testName="ToIsAuthenticated_Passing_Null_ClaimsPrincipal_Returns_ApplicationException" computerName="PC-SFERRARI" duration="00:00:00.0525315" startTime="2020-09-01T17:42:53.0146111+01:00" endTime="2020-09-01T17:42:53.0675126+01:00" testType="13cdc9d9-ddb5-4fa4-a97d-d965ccfc6d4b" outcome="Passed" testListId="8c84fa94-04c1-424b-9868-57a2d4851a1d" relativeResultsDirectory="7ac09496-8010-44c0-95f5-9330e0b60597" />
    <UnitTestResult executionId="971d2239-ed3e-4f77-9822-8eaa9c491247" testId="cfded076-dfc3-9576-e5d3-4a9fd4d54a97" testName="IsRegexMatch_Passing_InvalidArguments_Returns_HasErrorsAndCount" computerName="PC-SFERRARI" duration="00:00:00.0076785" startTime="2020-09-01T17:42:51.0903382+01:00" endTime="2020-09-01T17:42:51.0981170+01:00" testType="13cdc9d9-ddb5-4fa4-a97d-d965ccfc6d4b" outcome="Passed" testListId="8c84fa94-04c1-424b-9868-57a2d4851a1d" relativeResultsDirectory="971d2239-ed3e-4f77-9822-8eaa9c491247" />
    <UnitTestResult executionId="209c2fce-8599-447e-a464-03fd7eea95ff" testId="86fd91be-db2c-5b9a-ddce-dbbd44a65707" testName="ToIsNullOrAnyThrow_Passing_InvalidValue_Returns_ApplicationExceptionWithMessage" computerName="PC-SFERRARI" duration="00:00:00.0010829" startTime="2020-09-01T17:42:52.9755178+01:00" endTime="2020-09-01T17:42:52.9768002+01:00" testType="13cdc9d9-ddb5-4fa4-a97d-d965ccfc6d4b" outcome="Passed" testListId="8c84fa94-04c1-424b-9868-57a2d4851a1d" relativeResultsDirectory="209c2fce-8599-447e-a464-03fd7eea95ff" />
    <UnitTestResult executionId="c4918d17-ba61-4dda-be7e-bef37a7baf80" testId="b4229bc5-5fde-fcc2-17b7-755e30616eb2" testName="ToEnum_Passing_InvalidValueInt_Returns_EnumDefaultValue" computerName="PC-SFERRARI" duration="00:00:00.0001941" startTime="2020-09-01T17:42:54.1167558+01:00" endTime="2020-09-01T17:42:54.1171363+01:00" testType="13cdc9d9-ddb5-4fa4-a97d-d965ccfc6d4b" outcome="Passed" testListId="8c84fa94-04c1-424b-9868-57a2d4851a1d" relativeResultsDirectory="c4918d17-ba61-4dda-be7e-bef37a7baf80" />
    <UnitTestResult executionId="d6c44a2c-ded2-4028-82ce-e6faeda2ee37" testId="e3ed184b-300f-cd12-85b3-8a7ebedc73d8" testName="ToDefaultValue_Passing_ValidGuid_Returns_DefaultValue" computerName="PC-SFERRARI" duration="00:00:00.0002649" startTime="2020-09-01T17:42:54.4061540+01:00" endTime="2020-09-01T17:42:54.4064999+01:00" testType="13cdc9d9-ddb5-4fa4-a97d-d965ccfc6d4b" outcome="Passed" testListId="8c84fa94-04c1-424b-9868-57a2d4851a1d" relativeResultsDirectory="d6c44a2c-ded2-4028-82ce-e6faeda2ee37" />
    <UnitTestResult executionId="f64d7903-7026-48cd-ad94-879ef767f100" testId="674ad018-4ad5-9dc4-9721-2eed1501b13b" testName="ToIsLastDayOfTheMonth_Passing_LastDayOfMonth_Returns_True" computerName="PC-SFERRARI" duration="00:00:00.0001180" startTime="2020-09-01T17:42:53.1876742+01:00" endTime="2020-09-01T17:42:53.1878755+01:00" testType="13cdc9d9-ddb5-4fa4-a97d-d965ccfc6d4b" outcome="Passed" testListId="8c84fa94-04c1-424b-9868-57a2d4851a1d" relativeResultsDirectory="f64d7903-7026-48cd-ad94-879ef767f100" />
    <UnitTestResult executionId="7cb27bd8-a79e-4153-9d53-765fe26d8e9c" testId="64acda9a-8a2e-d920-11bc-cbd6d2a0d1a1" testName="ToIsWeekend_Passing_Sunday_DateTime_Returns_True" computerName="PC-SFERRARI" duration="00:00:00.0002087" startTime="2020-09-01T17:42:53.1864844+01:00" endTime="2020-09-01T17:42:53.1868619+01:00" testType="13cdc9d9-ddb5-4fa4-a97d-d965ccfc6d4b" outcome="Passed" testListId="8c84fa94-04c1-424b-9868-57a2d4851a1d" relativeResultsDirectory="7cb27bd8-a79e-4153-9d53-765fe26d8e9c" />
    <UnitTestResult executionId="b728b9ba-e5fd-46f8-b1ca-b6ae1bb310b8" testId="7e1ddf95-9ce7-0ebb-c0f6-6188bd74a6ad" testName="ToEnvironment_ServiceCollection_Passing_Staging_Enviroment_Returns_Staging_Name" computerName="PC-SFERRARI" duration="00:00:00.0003735" startTime="2020-09-01T17:42:53.7582250+01:00" endTime="2020-09-01T17:42:53.7586833+01:00" testType="13cdc9d9-ddb5-4fa4-a97d-d965ccfc6d4b" outcome="Passed" testListId="8c84fa94-04c1-424b-9868-57a2d4851a1d" relativeResultsDirectory="b728b9ba-e5fd-46f8-b1ca-b6ae1bb310b8" />
    <UnitTestResult executionId="deebd2fc-1573-4ffb-8cc8-0a9808b46c16" testId="ad9599a7-8a8a-1754-e39e-f6d8510e730b" testName="ToPath_Passing_HttpRequest_Scheme_Host_Path_Returns_Url" computerName="PC-SFERRARI" duration="00:00:00.0019017" startTime="2020-09-01T17:42:53.3661280+01:00" endTime="2020-09-01T17:42:53.3681177+01:00" testType="13cdc9d9-ddb5-4fa4-a97d-d965ccfc6d4b" outcome="Passed" testListId="8c84fa94-04c1-424b-9868-57a2d4851a1d" relativeResultsDirectory="deebd2fc-1573-4ffb-8cc8-0a9808b46c16" />
    <UnitTestResult executionId="68710b67-9b76-461b-8e7d-e3ed88c2c6ff" testId="5279ca9d-27ca-d833-5750-af1b70834e63" testName="ToDefaultValue_Passing_ValidStruct_Returns_DefaultValue" computerName="PC-SFERRARI" duration="00:00:00.0002761" startTime="2020-09-01T17:42:54.3903936+01:00" endTime="2020-09-01T17:42:54.3908500+01:00" testType="13cdc9d9-ddb5-4fa4-a97d-d965ccfc6d4b" outcome="Passed" testListId="8c84fa94-04c1-424b-9868-57a2d4851a1d" relativeResultsDirectory="68710b67-9b76-461b-8e7d-e3ed88c2c6ff" />
    <UnitTestResult executionId="f75c40b9-18a9-4f75-845a-940687fb6c33" testId="8cf4f88c-3bb5-22e4-8890-4c5abd50c175" testName="ToInt_Passing_Enumeration_Name_Returns_Value" computerName="PC-SFERRARI" duration="00:00:00.0002829" startTime="2020-09-01T17:42:53.2083044+01:00" endTime="2020-09-01T17:42:53.2087618+01:00" testType="13cdc9d9-ddb5-4fa4-a97d-d965ccfc6d4b" outcome="Passed" testListId="8c84fa94-04c1-424b-9868-57a2d4851a1d" relativeResultsDirectory="f75c40b9-18a9-4f75-845a-940687fb6c33" />
    <UnitTestResult executionId="7585f1da-65ed-43fe-89e6-3af6cb62ffd8" testId="0ae7fb38-1179-d103-cf50-23ea40b835de" testName="ToBytes_Passing_Object_Returns_Bytes" computerName="PC-SFERRARI" duration="00:00:00.0005543" startTime="2020-09-01T17:42:53.2966964+01:00" endTime="2020-09-01T17:42:53.2973377+01:00" testType="13cdc9d9-ddb5-4fa4-a97d-d965ccfc6d4b" outcome="Passed" testListId="8c84fa94-04c1-424b-9868-57a2d4851a1d" relativeResultsDirectory="7585f1da-65ed-43fe-89e6-3af6cb62ffd8" />
    <UnitTestResult executionId="4dbac99b-20fd-425d-b799-cc4c12b17b79" testId="072d4713-e5d8-44fc-5b77-95317f0d417b" testName="ToUri_Passing_InvalidValueString_Returns_DefaultValue" computerName="PC-SFERRARI" duration="00:00:00.0003972" startTime="2020-09-01T17:42:54.2633859+01:00" endTime="2020-09-01T17:42:54.2639581+01:00" testType="13cdc9d9-ddb5-4fa4-a97d-d965ccfc6d4b" outcome="Passed" testListId="8c84fa94-04c1-424b-9868-57a2d4851a1d" relativeResultsDirectory="4dbac99b-20fd-425d-b799-cc4c12b17b79" resultType="DataDrivenTest">
      <InnerResults>
        <UnitTestResult executionId="0449d8a8-fe79-49a7-9980-fb49256ca652" parentExecutionId="4dbac99b-20fd-425d-b799-cc4c12b17b79" testId="072d4713-e5d8-44fc-5b77-95317f0d417b" testName="ToUri_Passing_InvalidValueString_Returns_DefaultValue (http://?)" computerName="PC-SFERRARI" duration="00:00:00.0002260" startTime="2020-09-01T17:42:54.2633859+01:00" endTime="2020-09-01T17:42:54.2639581+01:00" testType="13cdc9d9-ddb5-4fa4-a97d-d965ccfc6d4b" outcome="Passed" testListId="8c84fa94-04c1-424b-9868-57a2d4851a1d" relativeResultsDirectory="0449d8a8-fe79-49a7-9980-fb49256ca652" dataRowInfo="1" resultType="DataDrivenDataRow" />
        <UnitTestResult executionId="9f4a91b8-1052-4115-a788-f7fb072e1bc6" parentExecutionId="4dbac99b-20fd-425d-b799-cc4c12b17b79" testId="072d4713-e5d8-44fc-5b77-95317f0d417b" testName="ToUri_Passing_InvalidValueString_Returns_DefaultValue (http://)" computerName="PC-SFERRARI" duration="00:00:00.0000061" startTime="2020-09-01T17:42:54.2633859+01:00" endTime="2020-09-01T17:42:54.2639581+01:00" testType="13cdc9d9-ddb5-4fa4-a97d-d965ccfc6d4b" outcome="Passed" testListId="8c84fa94-04c1-424b-9868-57a2d4851a1d" relativeResultsDirectory="9f4a91b8-1052-4115-a788-f7fb072e1bc6" dataRowInfo="2" resultType="DataDrivenDataRow" />
        <UnitTestResult executionId="9c5fa28f-5505-43d2-b348-d882686c4d8d" parentExecutionId="4dbac99b-20fd-425d-b799-cc4c12b17b79" testId="072d4713-e5d8-44fc-5b77-95317f0d417b" testName="ToUri_Passing_InvalidValueString_Returns_DefaultValue (http://.)" computerName="PC-SFERRARI" duration="00:00:00.0000041" startTime="2020-09-01T17:42:54.2633859+01:00" endTime="2020-09-01T17:42:54.2639581+01:00" testType="13cdc9d9-ddb5-4fa4-a97d-d965ccfc6d4b" outcome="Passed" testListId="8c84fa94-04c1-424b-9868-57a2d4851a1d" relativeResultsDirectory="9c5fa28f-5505-43d2-b348-d882686c4d8d" dataRowInfo="3" resultType="DataDrivenDataRow" />
        <UnitTestResult executionId="9a732847-f42b-471f-8ce9-2182d334cd6f" parentExecutionId="4dbac99b-20fd-425d-b799-cc4c12b17b79" testId="072d4713-e5d8-44fc-5b77-95317f0d417b" testName="ToUri_Passing_InvalidValueString_Returns_DefaultValue (http://..)" computerName="PC-SFERRARI" duration="00:00:00.0000043" startTime="2020-09-01T17:42:54.2633859+01:00" endTime="2020-09-01T17:42:54.2639581+01:00" testType="13cdc9d9-ddb5-4fa4-a97d-d965ccfc6d4b" outcome="Passed" testListId="8c84fa94-04c1-424b-9868-57a2d4851a1d" relativeResultsDirectory="9a732847-f42b-471f-8ce9-2182d334cd6f" dataRowInfo="4" resultType="DataDrivenDataRow" />
        <UnitTestResult executionId="ce73053a-222f-410d-9998-7ca1ba8bc8a9" parentExecutionId="4dbac99b-20fd-425d-b799-cc4c12b17b79" testId="072d4713-e5d8-44fc-5b77-95317f0d417b" testName="ToUri_Passing_InvalidValueString_Returns_DefaultValue (http://../)" computerName="PC-SFERRARI" duration="00:00:00.0000037" startTime="2020-09-01T17:42:54.2633859+01:00" endTime="2020-09-01T17:42:54.2639581+01:00" testType="13cdc9d9-ddb5-4fa4-a97d-d965ccfc6d4b" outcome="Passed" testListId="8c84fa94-04c1-424b-9868-57a2d4851a1d" relativeResultsDirectory="ce73053a-222f-410d-9998-7ca1ba8bc8a9" dataRowInfo="5" resultType="DataDrivenDataRow" />
        <UnitTestResult executionId="5243fd6d-f68f-41bc-8b75-14bc5e2cf795" parentExecutionId="4dbac99b-20fd-425d-b799-cc4c12b17b79" testId="072d4713-e5d8-44fc-5b77-95317f0d417b" testName="ToUri_Passing_InvalidValueString_Returns_DefaultValue (http://?)" computerName="PC-SFERRARI" duration="00:00:00.0000033" startTime="2020-09-01T17:42:54.2633859+01:00" endTime="2020-09-01T17:42:54.2639581+01:00" testType="13cdc9d9-ddb5-4fa4-a97d-d965ccfc6d4b" outcome="Passed" testListId="8c84fa94-04c1-424b-9868-57a2d4851a1d" relativeResultsDirectory="5243fd6d-f68f-41bc-8b75-14bc5e2cf795" dataRowInfo="6" resultType="DataDrivenDataRow" />
        <UnitTestResult executionId="8293c500-abd4-4ea3-92a6-c3c8a92bddf3" parentExecutionId="4dbac99b-20fd-425d-b799-cc4c12b17b79" testId="072d4713-e5d8-44fc-5b77-95317f0d417b" testName="ToUri_Passing_InvalidValueString_Returns_DefaultValue (http://??)" computerName="PC-SFERRARI" duration="00:00:00.0000034" startTime="2020-09-01T17:42:54.2633859+01:00" endTime="2020-09-01T17:42:54.2639581+01:00" testType="13cdc9d9-ddb5-4fa4-a97d-d965ccfc6d4b" outcome="Passed" testListId="8c84fa94-04c1-424b-9868-57a2d4851a1d" relativeResultsDirectory="8293c500-abd4-4ea3-92a6-c3c8a92bddf3" dataRowInfo="7" resultType="DataDrivenDataRow" />
        <UnitTestResult executionId="c5e64332-eee5-494d-98a2-b5eec25124ad" parentExecutionId="4dbac99b-20fd-425d-b799-cc4c12b17b79" testId="072d4713-e5d8-44fc-5b77-95317f0d417b" testName="ToUri_Passing_InvalidValueString_Returns_DefaultValue (http://??/)" computerName="PC-SFERRARI" duration="00:00:00.0000034" startTime="2020-09-01T17:42:54.2633859+01:00" endTime="2020-09-01T17:42:54.2639581+01:00" testType="13cdc9d9-ddb5-4fa4-a97d-d965ccfc6d4b" outcome="Passed" testListId="8c84fa94-04c1-424b-9868-57a2d4851a1d" relativeResultsDirectory="c5e64332-eee5-494d-98a2-b5eec25124ad" dataRowInfo="8" resultType="DataDrivenDataRow" />
        <UnitTestResult executionId="cf9889c5-c7ac-4d46-b8e1-1a82753c67a3" parentExecutionId="4dbac99b-20fd-425d-b799-cc4c12b17b79" testId="072d4713-e5d8-44fc-5b77-95317f0d417b" testName="ToUri_Passing_InvalidValueString_Returns_DefaultValue (http://#)" computerName="PC-SFERRARI" duration="00:00:00.0000033" startTime="2020-09-01T17:42:54.2633859+01:00" endTime="2020-09-01T17:42:54.2639581+01:00" testType="13cdc9d9-ddb5-4fa4-a97d-d965ccfc6d4b" outcome="Passed" testListId="8c84fa94-04c1-424b-9868-57a2d4851a1d" relativeResultsDirectory="cf9889c5-c7ac-4d46-b8e1-1a82753c67a3" dataRowInfo="9" resultType="DataDrivenDataRow" />
        <UnitTestResult executionId="27a12c3d-434e-4f17-aa51-f4925c8ab1fd" parentExecutionId="4dbac99b-20fd-425d-b799-cc4c12b17b79" testId="072d4713-e5d8-44fc-5b77-95317f0d417b" testName="ToUri_Passing_InvalidValueString_Returns_DefaultValue (http://##)" computerName="PC-SFERRARI" duration="00:00:00.0000034" startTime="2020-09-01T17:42:54.2633859+01:00" endTime="2020-09-01T17:42:54.2639581+01:00" testType="13cdc9d9-ddb5-4fa4-a97d-d965ccfc6d4b" outcome="Passed" testListId="8c84fa94-04c1-424b-9868-57a2d4851a1d" relativeResultsDirectory="27a12c3d-434e-4f17-aa51-f4925c8ab1fd" dataRowInfo="10" resultType="DataDrivenDataRow" />
        <UnitTestResult executionId="a78628d1-aa6a-421e-a2b6-903576ec57bd" parentExecutionId="4dbac99b-20fd-425d-b799-cc4c12b17b79" testId="072d4713-e5d8-44fc-5b77-95317f0d417b" testName="ToUri_Passing_InvalidValueString_Returns_DefaultValue (http://##/)" computerName="PC-SFERRARI" duration="00:00:00.0000035" startTime="2020-09-01T17:42:54.2633859+01:00" endTime="2020-09-01T17:42:54.2639581+01:00" testType="13cdc9d9-ddb5-4fa4-a97d-d965ccfc6d4b" outcome="Passed" testListId="8c84fa94-04c1-424b-9868-57a2d4851a1d" relativeResultsDirectory="a78628d1-aa6a-421e-a2b6-903576ec57bd" dataRowInfo="11" resultType="DataDrivenDataRow" />
      </InnerResults>
    </UnitTestResult>
    <UnitTestResult executionId="24545826-727f-446e-b6a3-b63c3a23576d" testId="bb0e34b2-8f1e-f1b3-c8b8-34849b6a2f1a" testName="ToSetTime_Passing_Time_Int_Returns_DateTime" computerName="PC-SFERRARI" duration="00:00:00.0002250" startTime="2020-09-01T17:42:53.2054132+01:00" endTime="2020-09-01T17:42:53.2058088+01:00" testType="13cdc9d9-ddb5-4fa4-a97d-d965ccfc6d4b" outcome="Passed" testListId="8c84fa94-04c1-424b-9868-57a2d4851a1d" relativeResultsDirectory="24545826-727f-446e-b6a3-b63c3a23576d" />
    <UnitTestResult executionId="b3ee743e-6e52-474a-af42-ff097e379a90" testId="3622b24e-5f92-7764-ede1-51eedecd15e2" testName="IsEqual_Passing_InvalidArguments_Returns_HasErrorsAndCount" computerName="PC-SFERRARI" duration="00:00:00.0006330" startTime="2020-09-01T17:42:51.0795187+01:00" endTime="2020-09-01T17:42:51.0803445+01:00" testType="13cdc9d9-ddb5-4fa4-a97d-d965ccfc6d4b" outcome="Passed" testListId="8c84fa94-04c1-424b-9868-57a2d4851a1d" relativeResultsDirectory="b3ee743e-6e52-474a-af42-ff097e379a90" />
    <UnitTestResult executionId="0d308166-6ab6-42b9-a1e5-0186b711f804" testId="e54a0ad2-a76b-1a44-1842-5ae494ff83de" testName="ToDetails_Passing_HttpContext_Returns_Details_HttpContext" computerName="PC-SFERRARI" duration="00:00:00.0124098" startTime="2020-09-01T17:42:53.2993833+01:00" endTime="2020-09-01T17:42:53.3118887+01:00" testType="13cdc9d9-ddb5-4fa4-a97d-d965ccfc6d4b" outcome="Passed" testListId="8c84fa94-04c1-424b-9868-57a2d4851a1d" relativeResultsDirectory="0d308166-6ab6-42b9-a1e5-0186b711f804" />
    <UnitTestResult executionId="3a12979f-e12e-43a6-ae51-9d5d92e8fca2" testId="a5fc11be-830a-b331-0258-88a3d7a01f69" testName="ToList_Passing_ValidEnumTypeWithResourceType_Returns_ValuesList" computerName="PC-SFERRARI" duration="00:00:00.0012621" startTime="2020-09-01T17:42:51.2650368+01:00" endTime="2020-09-01T17:42:51.2663822+01:00" testType="13cdc9d9-ddb5-4fa4-a97d-d965ccfc6d4b" outcome="Passed" testListId="8c84fa94-04c1-424b-9868-57a2d4851a1d" relativeResultsDirectory="3a12979f-e12e-43a6-ae51-9d5d92e8fca2" />
    <UnitTestResult executionId="c8246788-847f-419e-a3d6-cefc54bb85b7" testId="74c01674-5cd8-fcd3-f2dd-13452334a752" testName="ToIsNullOrEmptyThrow_Passing_InvalidValue_Returns_ApplicationExceptionWithMessage" computerName="PC-SFERRARI" duration="00:00:00.0003687" startTime="2020-09-01T17:42:52.9572877+01:00" endTime="2020-09-01T17:42:52.9577500+01:00" testType="13cdc9d9-ddb5-4fa4-a97d-d965ccfc6d4b" outcome="Passed" testListId="8c84fa94-04c1-424b-9868-57a2d4851a1d" relativeResultsDirectory="c8246788-847f-419e-a3d6-cefc54bb85b7" />
    <UnitTestResult executionId="9c84620d-b2c9-4c4a-b349-a14c58e0e902" testId="6537dd0f-ffc8-fd2a-861a-624b21268978" testName="ToDisplay_Passing_Enumeration_Name_Returns_Display_Atributte" computerName="PC-SFERRARI" duration="00:00:00.0019715" startTime="2020-09-01T17:42:53.2099490+01:00" endTime="2020-09-01T17:42:53.2120207+01:00" testType="13cdc9d9-ddb5-4fa4-a97d-d965ccfc6d4b" outcome="Passed" testListId="8c84fa94-04c1-424b-9868-57a2d4851a1d" relativeResultsDirectory="9c84620d-b2c9-4c4a-b349-a14c58e0e902" />
    <UnitTestResult executionId="9bbe9f31-d3f0-4af1-8b0f-92de733f4a0d" testId="ea5a518c-fa8e-c8f1-0a76-3fa15e99e78a" testName="ToIsNameThrow_Passing_InvalidValue_Returns_ApplicationExceptionWithMessage" computerName="PC-SFERRARI" duration="00:00:00.0008231" startTime="2020-09-01T17:42:52.9969509+01:00" endTime="2020-09-01T17:42:52.9978809+01:00" testType="13cdc9d9-ddb5-4fa4-a97d-d965ccfc6d4b" outcome="Passed" testListId="8c84fa94-04c1-424b-9868-57a2d4851a1d" relativeResultsDirectory="9bbe9f31-d3f0-4af1-8b0f-92de733f4a0d" />
    <UnitTestResult executionId="e7320205-482a-41e1-a94a-cecb052c8ffe" testId="f01f6290-de81-a8e8-03a0-3dc388640afd" testName="ToGetAll_Passing_Claims_Returns_Claim_Value_Object_List" computerName="PC-SFERRARI" duration="00:00:00.0229145" startTime="2020-09-01T17:42:53.1428501+01:00" endTime="2020-09-01T17:42:53.1658939+01:00" testType="13cdc9d9-ddb5-4fa4-a97d-d965ccfc6d4b" outcome="Passed" testListId="8c84fa94-04c1-424b-9868-57a2d4851a1d" relativeResultsDirectory="e7320205-482a-41e1-a94a-cecb052c8ffe" />
    <UnitTestResult executionId="74813c53-3c6a-4eaf-b367-4f396dceb227" testId="0e0fac8d-b2fe-0646-de77-c7bb31221ebd" testName="ToList_Passing_ValidEnumTypeWithSelectedValueWithResourceType_Returns_ValuesList" computerName="PC-SFERRARI" duration="00:00:00.0006227" startTime="2020-09-01T17:42:51.2664088+01:00" endTime="2020-09-01T17:42:51.2671211+01:00" testType="13cdc9d9-ddb5-4fa4-a97d-d965ccfc6d4b" outcome="Passed" testListId="8c84fa94-04c1-424b-9868-57a2d4851a1d" relativeResultsDirectory="74813c53-3c6a-4eaf-b367-4f396dceb227" />
    <UnitTestResult executionId="92bbd463-28bb-4a5c-ad2f-648fda67c2a1" testId="bfc11cb1-55b2-1945-b4dd-7c88a853c5ed" testName="ToIsAuthenticated_Passing_Claims_Returns_False" computerName="PC-SFERRARI" duration="00:00:00.0009095" startTime="2020-09-01T17:42:53.0675580+01:00" endTime="2020-09-01T17:42:53.0686127+01:00" testType="13cdc9d9-ddb5-4fa4-a97d-d965ccfc6d4b" outcome="Passed" testListId="8c84fa94-04c1-424b-9868-57a2d4851a1d" relativeResultsDirectory="92bbd463-28bb-4a5c-ad2f-648fda67c2a1" />
    <UnitTestResult executionId="c5b58256-7f43-4448-bfb3-ac28b3083418" testId="88aac24a-e0c3-7b67-85fc-be2df52dba34" testName="ToDirectoryDeleteFiles_Passing_ValidValue_Returns_DirectoryNoExists" computerName="PC-SFERRARI" duration="00:00:00.0116301" startTime="2020-09-01T17:42:54.3632153+01:00" endTime="2020-09-01T17:42:54.3749476+01:00" testType="13cdc9d9-ddb5-4fa4-a97d-d965ccfc6d4b" outcome="Passed" testListId="8c84fa94-04c1-424b-9868-57a2d4851a1d" relativeResultsDirectory="c5b58256-7f43-4448-bfb3-ac28b3083418" />
    <UnitTestResult executionId="6ac55a88-2c75-4a80-8b50-5660f3f5b31c" testId="06745a62-4d4f-287d-d70e-4f06820646ba" testName="ToEnvironment_ServiceCollection_Passing_Development_Enviroment_Returns_Development_Name" computerName="PC-SFERRARI" duration="00:00:00.0013159" startTime="2020-09-01T17:42:53.7560486+01:00" endTime="2020-09-01T17:42:53.7576383+01:00" testType="13cdc9d9-ddb5-4fa4-a97d-d965ccfc6d4b" outcome="Passed" testListId="8c84fa94-04c1-424b-9868-57a2d4851a1d" relativeResultsDirectory="6ac55a88-2c75-4a80-8b50-5660f3f5b31c" />
    <UnitTestResult executionId="c99cb982-e4cc-4d5c-b211-e3cc397fe7de" testId="a4294eba-06aa-d940-fe09-19719010df3a" testName="IsDomain_Passing_InvalidArguments_Returns_HasErrorsAndCount" computerName="PC-SFERRARI" duration="00:00:00.0005031" startTime="2020-09-01T17:42:51.2469325+01:00" endTime="2020-09-01T17:42:51.2475447+01:00" testType="13cdc9d9-ddb5-4fa4-a97d-d965ccfc6d4b" outcome="Passed" testListId="8c84fa94-04c1-424b-9868-57a2d4851a1d" relativeResultsDirectory="c99cb982-e4cc-4d5c-b211-e3cc397fe7de" />
    <UnitTestResult executionId="612d7d39-9dfa-4f8d-8e16-24d1de875a80" testId="92312cf3-17da-4b8f-f34f-d78b352ab434" testName="ToDefaultValue_Passing_uint_Returns_Cero" computerName="PC-SFERRARI" duration="00:00:00.0002379" startTime="2020-09-01T17:42:53.2578900+01:00" endTime="2020-09-01T17:42:53.2581931+01:00" testType="13cdc9d9-ddb5-4fa4-a97d-d965ccfc6d4b" outcome="Passed" testListId="8c84fa94-04c1-424b-9868-57a2d4851a1d" relativeResultsDirectory="612d7d39-9dfa-4f8d-8e16-24d1de875a80" resultType="DataDrivenTest">
      <InnerResults>
        <UnitTestResult executionId="b0b6a758-5c15-40b3-a457-aa8ca8c8e207" parentExecutionId="612d7d39-9dfa-4f8d-8e16-24d1de875a80" testId="92312cf3-17da-4b8f-f34f-d78b352ab434" testName="ToDefaultValue_Passing_uint_Returns_Cero (4294967295)" computerName="PC-SFERRARI" duration="00:00:00.0002011" startTime="2020-09-01T17:42:53.2578900+01:00" endTime="2020-09-01T17:42:53.2581931+01:00" testType="13cdc9d9-ddb5-4fa4-a97d-d965ccfc6d4b" outcome="Passed" testListId="8c84fa94-04c1-424b-9868-57a2d4851a1d" relativeResultsDirectory="b0b6a758-5c15-40b3-a457-aa8ca8c8e207" dataRowInfo="1" resultType="DataDrivenDataRow" />
      </InnerResults>
    </UnitTestResult>
    <UnitTestResult executionId="6a5f2f6e-bb9b-4473-9eb4-b765584ee2f8" testId="f2b4c5e1-9602-b565-3f4b-0274fe8a1908" testName="ToFormat_Passing_ValidTimeSpanValue_Returns_ValueWithFormatString" computerName="PC-SFERRARI" duration="00:00:00.0005964" startTime="2020-09-01T17:42:54.3895959+01:00" endTime="2020-09-01T17:42:54.3903702+01:00" testType="13cdc9d9-ddb5-4fa4-a97d-d965ccfc6d4b" outcome="Passed" testListId="8c84fa94-04c1-424b-9868-57a2d4851a1d" relativeResultsDirectory="6a5f2f6e-bb9b-4473-9eb4-b765584ee2f8" />
    <UnitTestResult executionId="9b890024-f5eb-4e86-bfa4-2d266d133e08" testId="f3004a45-bdd5-438e-fc7e-28c33c062c28" testName="ToHeader_Passing_HttpRequest_Header_Many_Values_Returns_Values" computerName="PC-SFERRARI" duration="00:00:00.0006781" startTime="2020-09-01T17:42:53.3461873+01:00" endTime="2020-09-01T17:42:53.3470213+01:00" testType="13cdc9d9-ddb5-4fa4-a97d-d965ccfc6d4b" outcome="Passed" testListId="8c84fa94-04c1-424b-9868-57a2d4851a1d" relativeResultsDirectory="9b890024-f5eb-4e86-bfa4-2d266d133e08" />
    <UnitTestResult executionId="4a7985c9-1b31-45bf-b8a5-a1f81f130b8d" testId="75fe5d93-cc99-b98f-be96-6e7e811605d8" testName="ToIsWeekend_Passing_Saturday_DateTime_Returns_True" computerName="PC-SFERRARI" duration="00:00:00.0001256" startTime="2020-09-01T17:42:53.1701124+01:00" endTime="2020-09-01T17:42:53.1703734+01:00" testType="13cdc9d9-ddb5-4fa4-a97d-d965ccfc6d4b" outcome="Passed" testListId="8c84fa94-04c1-424b-9868-57a2d4851a1d" relativeResultsDirectory="4a7985c9-1b31-45bf-b8a5-a1f81f130b8d" />
    <UnitTestResult executionId="1542ec73-5116-4f28-b6fa-2c6a58688d6e" testId="33811680-09f9-e531-f020-f06f0bd4e10d" testName="ToEnum_Passing_InvalidValueString_Returns_EnumDefaultValue" computerName="PC-SFERRARI" duration="00:00:00.0001126" startTime="2020-09-01T17:42:54.0994423+01:00" endTime="2020-09-01T17:42:54.0996526+01:00" testType="13cdc9d9-ddb5-4fa4-a97d-d965ccfc6d4b" outcome="Passed" testListId="8c84fa94-04c1-424b-9868-57a2d4851a1d" relativeResultsDirectory="1542ec73-5116-4f28-b6fa-2c6a58688d6e" />
    <UnitTestResult executionId="51134146-0ac5-472a-a0e5-2854055214a2" testId="f78feac2-4f99-e8a9-7ee3-7d94b24ea471" testName="ToTryIPv6_Passing_HttpContext_IP_Value_Returns_IP" computerName="PC-SFERRARI" duration="00:00:00.0005344" startTime="2020-09-01T17:42:53.2987280+01:00" endTime="2020-09-01T17:42:53.2993601+01:00" testType="13cdc9d9-ddb5-4fa4-a97d-d965ccfc6d4b" outcome="Passed" testListId="8c84fa94-04c1-424b-9868-57a2d4851a1d" relativeResultsDirectory="51134146-0ac5-472a-a0e5-2854055214a2" />
    <UnitTestResult executionId="2a72c7e3-acd8-48ff-8e65-3692e5000359" testId="69d54260-6ecb-a42b-4255-cc0383422b7d" testName="ToString_Passing_Valid_Collection_With_Custom_Separator_Returns_String_With_Custom_Separator" computerName="PC-SFERRARI" duration="00:00:00.0001773" startTime="2020-09-01T17:42:53.2067935+01:00" endTime="2020-09-01T17:42:53.2070537+01:00" testType="13cdc9d9-ddb5-4fa4-a97d-d965ccfc6d4b" outcome="Passed" testListId="8c84fa94-04c1-424b-9868-57a2d4851a1d" relativeResultsDirectory="2a72c7e3-acd8-48ff-8e65-3692e5000359" />
    <UnitTestResult executionId="3037b1ec-1d79-4ade-bd53-fcd6ba94a2c7" testId="ab09828e-76b4-f849-312f-3e5de8fe1910" testName="ToHashAlgorithmName_Passing_ValidValueString_Returns_HashAlgorithmName" computerName="PC-SFERRARI" duration="00:00:00.0011693" startTime="2020-09-01T17:42:54.2794845+01:00" endTime="2020-09-01T17:42:54.2808111+01:00" testType="13cdc9d9-ddb5-4fa4-a97d-d965ccfc6d4b" outcome="Passed" testListId="8c84fa94-04c1-424b-9868-57a2d4851a1d" relativeResultsDirectory="3037b1ec-1d79-4ade-bd53-fcd6ba94a2c7" resultType="DataDrivenTest">
      <InnerResults>
        <UnitTestResult executionId="fbb0efa6-6383-466a-956e-1c040e11c449" parentExecutionId="3037b1ec-1d79-4ade-bd53-fcd6ba94a2c7" testId="ab09828e-76b4-f849-312f-3e5de8fe1910" testName="ToHashAlgorithmName_Passing_ValidValueString_Returns_HashAlgorithmName (MD5)" computerName="PC-SFERRARI" duration="00:00:00.0011084" startTime="2020-09-01T17:42:54.2794845+01:00" endTime="2020-09-01T17:42:54.2808111+01:00" testType="13cdc9d9-ddb5-4fa4-a97d-d965ccfc6d4b" outcome="Passed" testListId="8c84fa94-04c1-424b-9868-57a2d4851a1d" relativeResultsDirectory="fbb0efa6-6383-466a-956e-1c040e11c449" dataRowInfo="1" resultType="DataDrivenDataRow" />
      </InnerResults>
    </UnitTestResult>
    <UnitTestResult executionId="d36dddf9-39d6-4dff-a354-6ff9d2af24ad" testId="c53caa15-12b2-2ac6-393e-0057bbd332f5" testName="ToIsDirectoryThrow_Passing_InvalidValue_Returns_ApplicationExceptionWithMessage" computerName="PC-SFERRARI" duration="00:00:00.0009131" startTime="2020-09-01T17:42:52.9768359+01:00" endTime="2020-09-01T17:42:52.9778494+01:00" testType="13cdc9d9-ddb5-4fa4-a97d-d965ccfc6d4b" outcome="Passed" testListId="8c84fa94-04c1-424b-9868-57a2d4851a1d" relativeResultsDirectory="d36dddf9-39d6-4dff-a354-6ff9d2af24ad" />
    <UnitTestResult executionId="05f49faf-7e7a-4c04-b7e9-f7e57a121627" testId="b7c48b0c-de00-9836-92e0-dac42d1bcc61" testName="ToAuthenticationType_Passing_Claims_Returns_AuthenticationType_Name" computerName="PC-SFERRARI" duration="00:00:00.0005876" startTime="2020-09-01T17:42:53.0789055+01:00" endTime="2020-09-01T17:42:53.0795797+01:00" testType="13cdc9d9-ddb5-4fa4-a97d-d965ccfc6d4b" outcome="Passed" testListId="8c84fa94-04c1-424b-9868-57a2d4851a1d" relativeResultsDirectory="05f49faf-7e7a-4c04-b7e9-f7e57a121627" />
    <UnitTestResult executionId="5bbb2567-fafe-4d68-a62b-0d7e95b70ba7" testId="246e1592-d2e4-058a-cf8f-cb38ff319272" testName="ToSubdomain_Passing_HttpRequest_Host_Returns_Subdomain" computerName="PC-SFERRARI" duration="00:00:00.0017037" startTime="2020-09-01T17:42:53.3681447+01:00" endTime="2020-09-01T17:42:53.3699383+01:00" testType="13cdc9d9-ddb5-4fa4-a97d-d965ccfc6d4b" outcome="Passed" testListId="8c84fa94-04c1-424b-9868-57a2d4851a1d" relativeResultsDirectory="5bbb2567-fafe-4d68-a62b-0d7e95b70ba7" />
    <UnitTestResult executionId="c7ccbb7e-89f1-4358-abbe-1252523a5945" testId="50be68ce-9309-5804-7670-7e8e044ad78b" testName="ToConfiguration_Passing_Empty_DirectoryPath_Returns_ApplicationException" computerName="PC-SFERRARI" duration="00:00:00.0008215" startTime="2020-09-01T17:42:53.8462953+01:00" endTime="2020-09-01T17:42:53.8472334+01:00" testType="13cdc9d9-ddb5-4fa4-a97d-d965ccfc6d4b" outcome="Passed" testListId="8c84fa94-04c1-424b-9868-57a2d4851a1d" relativeResultsDirectory="c7ccbb7e-89f1-4358-abbe-1252523a5945" />
    <UnitTestResult executionId="ec84bfe7-08f4-4af5-8bbe-9fb5a3d6401a" testId="5d5c5e71-8d48-77a4-7f58-2d04decb50b2" testName="ToSetTime_Passing_Time_String_Returns_DateTime" computerName="PC-SFERRARI" duration="00:00:00.0004955" startTime="2020-09-01T17:42:53.1896283+01:00" endTime="2020-09-01T17:42:53.1902010+01:00" testType="13cdc9d9-ddb5-4fa4-a97d-d965ccfc6d4b" outcome="Passed" testListId="8c84fa94-04c1-424b-9868-57a2d4851a1d" relativeResultsDirectory="ec84bfe7-08f4-4af5-8bbe-9fb5a3d6401a" />
    <UnitTestResult executionId="8e932875-fa80-4da9-b607-fa89aacb7af2" testId="a88db4a6-85db-1794-57ad-207378bd09fc" testName="ToSettings_Passing_Values_From_Memory_Returns_Settings" computerName="PC-SFERRARI" duration="00:00:00.0008009" startTime="2020-09-01T17:42:53.9983997+01:00" endTime="2020-09-01T17:42:53.9993775+01:00" testType="13cdc9d9-ddb5-4fa4-a97d-d965ccfc6d4b" outcome="Passed" testListId="8c84fa94-04c1-424b-9868-57a2d4851a1d" relativeResultsDirectory="8e932875-fa80-4da9-b607-fa89aacb7af2" />
    <UnitTestResult executionId="242cd562-440e-483c-b335-14489a73edac" testId="2d241e2f-55e8-e31f-9820-142e3d5becdf" testName="ToIPv6_Passing_HttpContext_IP_Value_Returns_IP" computerName="PC-SFERRARI" duration="00:00:00.0011543" startTime="2020-09-01T17:42:53.2973617+01:00" endTime="2020-09-01T17:42:53.2987025+01:00" testType="13cdc9d9-ddb5-4fa4-a97d-d965ccfc6d4b" outcome="Passed" testListId="8c84fa94-04c1-424b-9868-57a2d4851a1d" relativeResultsDirectory="242cd562-440e-483c-b335-14489a73edac" />
    <UnitTestResult executionId="a323bc2b-e9e9-4a4e-88a8-7b4f8a1f15af" testId="6a3215c0-a3d0-3567-141f-99b4d6b44c7b" testName="ToExists_Passing_Service_Not_Found_Returns_False" computerName="PC-SFERRARI" duration="00:00:00.0002706" startTime="2020-09-01T17:42:52.9095568+01:00" endTime="2020-09-01T17:42:52.9099297+01:00" testType="13cdc9d9-ddb5-4fa4-a97d-d965ccfc6d4b" outcome="Passed" testListId="8c84fa94-04c1-424b-9868-57a2d4851a1d" relativeResultsDirectory="a323bc2b-e9e9-4a4e-88a8-7b4f8a1f15af" />
    <UnitTestResult executionId="f9c4e927-4206-4560-826d-8dd0e0601211" testId="3e7a011d-8b5d-0fe1-8499-60df22ec1622" testName="ToDefaultValue_Passing_int_Returns_Cero" computerName="PC-SFERRARI" duration="00:00:00.0002409" startTime="2020-09-01T17:42:53.2575529+01:00" endTime="2020-09-01T17:42:53.2578654+01:00" testType="13cdc9d9-ddb5-4fa4-a97d-d965ccfc6d4b" outcome="Passed" testListId="8c84fa94-04c1-424b-9868-57a2d4851a1d" relativeResultsDirectory="f9c4e927-4206-4560-826d-8dd0e0601211" resultType="DataDrivenTest">
      <InnerResults>
        <UnitTestResult executionId="6c834590-dcfd-4c0e-b17e-cbd7a95f8cda" parentExecutionId="f9c4e927-4206-4560-826d-8dd0e0601211" testId="3e7a011d-8b5d-0fe1-8499-60df22ec1622" testName="ToDefaultValue_Passing_int_Returns_Cero (2147483647)" computerName="PC-SFERRARI" duration="00:00:00.0002073" startTime="2020-09-01T17:42:53.2575529+01:00" endTime="2020-09-01T17:42:53.2578654+01:00" testType="13cdc9d9-ddb5-4fa4-a97d-d965ccfc6d4b" outcome="Passed" testListId="8c84fa94-04c1-424b-9868-57a2d4851a1d" relativeResultsDirectory="6c834590-dcfd-4c0e-b17e-cbd7a95f8cda" dataRowInfo="1" resultType="DataDrivenDataRow" />
      </InnerResults>
    </UnitTestResult>
    <UnitTestResult executionId="6a8d1a5f-e0f5-4f1e-8dc6-ddee1fe9cb20" testId="43808ac4-1e31-8564-6757-f02eaaca4929" testName="ToConfigureOrDefault_Passing_DefaultValues_And_ActionCustomValues_Returns_DefaultValues_And_CustomValues" computerName="PC-SFERRARI" duration="00:00:00.0004261" startTime="2020-09-01T17:42:52.1389821+01:00" endTime="2020-09-01T17:42:52.1397815+01:00" testType="13cdc9d9-ddb5-4fa4-a97d-d965ccfc6d4b" outcome="Passed" testListId="8c84fa94-04c1-424b-9868-57a2d4851a1d" relativeResultsDirectory="6a8d1a5f-e0f5-4f1e-8dc6-ddee1fe9cb20" />
    <UnitTestResult executionId="48c7cc4f-5436-416e-8c2e-09a5340bb405" testId="4bf0f413-f9ef-c999-4803-90670b733630" testName="ToExists_Passing_Valid_Service_Returns_True" computerName="PC-SFERRARI" duration="00:00:00.0005090" startTime="2020-09-01T17:42:52.9297942+01:00" endTime="2020-09-01T17:42:52.9304743+01:00" testType="13cdc9d9-ddb5-4fa4-a97d-d965ccfc6d4b" outcome="Passed" testListId="8c84fa94-04c1-424b-9868-57a2d4851a1d" relativeResultsDirectory="48c7cc4f-5436-416e-8c2e-09a5340bb405" />
    <UnitTestResult executionId="4d6f92fa-42d1-428b-b13f-3f2384454774" testId="75454745-d8ee-9a85-64f5-1a730d7c60c8" testName="ToMapClone_Passing_Source_Returns_New_Source_Object" computerName="PC-SFERRARI" duration="00:00:00.2784488" startTime="2020-09-01T17:42:52.1398060+01:00" endTime="2020-09-01T17:42:52.4188073+01:00" testType="13cdc9d9-ddb5-4fa4-a97d-d965ccfc6d4b" outcome="Passed" testListId="8c84fa94-04c1-424b-9868-57a2d4851a1d" relativeResultsDirectory="4d6f92fa-42d1-428b-b13f-3f2384454774" />
    <UnitTestResult executionId="6a854c7a-cdef-473d-8469-0f62b0dd71ab" testId="0b8bc730-bd5d-eb21-7083-0664af88b31c" testName="ToMessage_Passing_ExceptionWithMessage_Returns_Message" computerName="PC-SFERRARI" duration="00:00:00.0006358" startTime="2020-09-01T17:42:53.2300162+01:00" endTime="2020-09-01T17:42:53.2309847+01:00" testType="13cdc9d9-ddb5-4fa4-a97d-d965ccfc6d4b" outcome="Passed" testListId="8c84fa94-04c1-424b-9868-57a2d4851a1d" relativeResultsDirectory="6a854c7a-cdef-473d-8469-0f62b0dd71ab" />
    <UnitTestResult executionId="b1dc3570-af47-41a7-81f1-779cd1b16b87" testId="096e7216-9196-b38d-e84a-d9b01f2eb4c5" testName="ToInt_Passing_Enumeration_Name_Returns_Description_Atributte" computerName="PC-SFERRARI" duration="00:00:00.0010531" startTime="2020-09-01T17:42:53.2087843+01:00" endTime="2020-09-01T17:42:53.2099251+01:00" testType="13cdc9d9-ddb5-4fa4-a97d-d965ccfc6d4b" outcome="Passed" testListId="8c84fa94-04c1-424b-9868-57a2d4851a1d" relativeResultsDirectory="b1dc3570-af47-41a7-81f1-779cd1b16b87" />
    <UnitTestResult executionId="ba978b56-53a0-49d0-8ac1-f6af7a39075e" testId="aea57a92-faf1-67a4-5a43-3a7b423d7927" testName="CreateRandom_WithCustomAllowableCharacters_Passing_Valid_Arguments_Returns_String_Random_Value" computerName="PC-SFERRARI" duration="00:00:00.0001950" startTime="2020-09-01T17:42:51.2721295+01:00" endTime="2020-09-01T17:42:51.2724380+01:00" testType="13cdc9d9-ddb5-4fa4-a97d-d965ccfc6d4b" outcome="Passed" testListId="8c84fa94-04c1-424b-9868-57a2d4851a1d" relativeResultsDirectory="ba978b56-53a0-49d0-8ac1-f6af7a39075e" resultType="DataDrivenTest">
      <InnerResults>
        <UnitTestResult executionId="180b6bec-d9ac-444c-8bbd-55b3553584d6" parentExecutionId="ba978b56-53a0-49d0-8ac1-f6af7a39075e" testId="aea57a92-faf1-67a4-5a43-3a7b423d7927" testName="CreateRandom_WithCustomAllowableCharacters_Passing_Valid_Arguments_Returns_String_Random_Value (8,ae)" computerName="PC-SFERRARI" duration="00:00:00.0001049" startTime="2020-09-01T17:42:51.2721295+01:00" endTime="2020-09-01T17:42:51.2724380+01:00" testType="13cdc9d9-ddb5-4fa4-a97d-d965ccfc6d4b" outcome="Passed" testListId="8c84fa94-04c1-424b-9868-57a2d4851a1d" relativeResultsDirectory="180b6bec-d9ac-444c-8bbd-55b3553584d6" dataRowInfo="1" resultType="DataDrivenDataRow" />
        <UnitTestResult executionId="2fdb9dea-7e43-4780-abd6-a871fb671ec1" parentExecutionId="ba978b56-53a0-49d0-8ac1-f6af7a39075e" testId="aea57a92-faf1-67a4-5a43-3a7b423d7927" testName="CreateRandom_WithCustomAllowableCharacters_Passing_Valid_Arguments_Returns_String_Random_Value (5,aeiou123456)" computerName="PC-SFERRARI" duration="00:00:00.0000072" startTime="2020-09-01T17:42:51.2721295+01:00" endTime="2020-09-01T17:42:51.2724380+01:00" testType="13cdc9d9-ddb5-4fa4-a97d-d965ccfc6d4b" outcome="Passed" testListId="8c84fa94-04c1-424b-9868-57a2d4851a1d" relativeResultsDirectory="2fdb9dea-7e43-4780-abd6-a871fb671ec1" dataRowInfo="2" resultType="DataDrivenDataRow" />
        <UnitTestResult executionId="e0ebd502-9bfc-43a0-b430-920ffb3337bd" parentExecutionId="ba978b56-53a0-49d0-8ac1-f6af7a39075e" testId="aea57a92-faf1-67a4-5a43-3a7b423d7927" testName="CreateRandom_WithCustomAllowableCharacters_Passing_Valid_Arguments_Returns_String_Random_Value (10,7890ABFLFLFFL)" computerName="PC-SFERRARI" duration="00:00:00.0000057" startTime="2020-09-01T17:42:51.2721295+01:00" endTime="2020-09-01T17:42:51.2724380+01:00" testType="13cdc9d9-ddb5-4fa4-a97d-d965ccfc6d4b" outcome="Passed" testListId="8c84fa94-04c1-424b-9868-57a2d4851a1d" relativeResultsDirectory="e0ebd502-9bfc-43a0-b430-920ffb3337bd" dataRowInfo="3" resultType="DataDrivenDataRow" />
        <UnitTestResult executionId="b38d0130-b192-42b2-9856-d0c749a74595" parentExecutionId="ba978b56-53a0-49d0-8ac1-f6af7a39075e" testId="aea57a92-faf1-67a4-5a43-3a7b423d7927" testName="CreateRandom_WithCustomAllowableCharacters_Passing_Valid_Arguments_Returns_String_Random_Value (20,qazwscefbthmiklp09876543)" computerName="PC-SFERRARI" duration="00:00:00.0000054" startTime="2020-09-01T17:42:51.2721295+01:00" endTime="2020-09-01T17:42:51.2724380+01:00" testType="13cdc9d9-ddb5-4fa4-a97d-d965ccfc6d4b" outcome="Passed" testListId="8c84fa94-04c1-424b-9868-57a2d4851a1d" relativeResultsDirectory="b38d0130-b192-42b2-9856-d0c749a74595" dataRowInfo="4" resultType="DataDrivenDataRow" />
      </InnerResults>
    </UnitTestResult>
    <UnitTestResult executionId="d80c6e69-5311-47ed-9176-0ec78d5ba456" testId="5affd6a5-020f-febd-97ee-87fff4d513ff" testName="ToDictionaryPropertyInfo_Passing_Object_Not_IncludeNullOrEmptyProperty_Returns_Properties_NameAndValue_Dictionary" computerName="PC-SFERRARI" duration="00:00:00.0019453" startTime="2020-09-01T17:42:53.2940891+01:00" endTime="2020-09-01T17:42:53.2962087+01:00" testType="13cdc9d9-ddb5-4fa4-a97d-d965ccfc6d4b" outcome="Passed" testListId="8c84fa94-04c1-424b-9868-57a2d4851a1d" relativeResultsDirectory="d80c6e69-5311-47ed-9176-0ec78d5ba456" />
    <UnitTestResult executionId="d943b2ff-149d-4e66-8bd9-fb6e964ed961" testId="66126afc-69ba-08e2-3b9f-64ff9f45fc60" testName="ToDefaultValue_Passing_ValidInt_Returns_DefaultValue" computerName="PC-SFERRARI" duration="00:00:00.0001089" startTime="2020-09-01T17:42:54.3908720+01:00" endTime="2020-09-01T17:42:54.3910592+01:00" testType="13cdc9d9-ddb5-4fa4-a97d-d965ccfc6d4b" outcome="Passed" testListId="8c84fa94-04c1-424b-9868-57a2d4851a1d" relativeResultsDirectory="d943b2ff-149d-4e66-8bd9-fb6e964ed961" />
    <UnitTestResult executionId="0a29f868-1b63-4c21-969d-8a91923eb170" testId="b64abef8-48df-9c3e-78ff-361585d1867e" testName="ToIsNullOrEmpty_Passing_InvalidValue_Returns_True" computerName="PC-SFERRARI" duration="00:00:00.0006741" startTime="2020-09-01T17:42:52.9563364+01:00" endTime="2020-09-01T17:42:52.9572607+01:00" testType="13cdc9d9-ddb5-4fa4-a97d-d965ccfc6d4b" outcome="Passed" testListId="8c84fa94-04c1-424b-9868-57a2d4851a1d" relativeResultsDirectory="0a29f868-1b63-4c21-969d-8a91923eb170" />
    <UnitTestResult executionId="8641eb1f-a9a9-4ca4-9e6c-cd163071e092" testId="5be67f2a-15dc-2afb-87d4-6fb56af3309e" testName="ToHashAlgorithmName_Passing_InvalidValueLowerCaseString_Returns_Null" computerName="PC-SFERRARI" duration="00:00:00.0002686" startTime="2020-09-01T17:42:54.2970099+01:00" endTime="2020-09-01T17:42:54.2974916+01:00" testType="13cdc9d9-ddb5-4fa4-a97d-d965ccfc6d4b" outcome="Passed" testListId="8c84fa94-04c1-424b-9868-57a2d4851a1d" relativeResultsDirectory="8641eb1f-a9a9-4ca4-9e6c-cd163071e092" resultType="DataDrivenTest">
      <InnerResults>
        <UnitTestResult executionId="bdeaf79d-2001-4640-8f0f-c76a7a206046" parentExecutionId="8641eb1f-a9a9-4ca4-9e6c-cd163071e092" testId="5be67f2a-15dc-2afb-87d4-6fb56af3309e" testName="ToHashAlgorithmName_Passing_InvalidValueLowerCaseString_Returns_Null (md5)" computerName="PC-SFERRARI" duration="00:00:00.0002184" startTime="2020-09-01T17:42:54.2970099+01:00" endTime="2020-09-01T17:42:54.2974916+01:00" testType="13cdc9d9-ddb5-4fa4-a97d-d965ccfc6d4b" outcome="Passed" testListId="8c84fa94-04c1-424b-9868-57a2d4851a1d" relativeResultsDirectory="bdeaf79d-2001-4640-8f0f-c76a7a206046" dataRowInfo="1" resultType="DataDrivenDataRow" />
      </InnerResults>
    </UnitTestResult>
    <UnitTestResult executionId="ceb4b9a9-9fa8-4488-bcef-38c6a2bba122" testId="5048c570-de27-b3d3-28a2-690633623350" testName="ToReplace_Passing_ValidValue_Returns_ReplacedValue" computerName="PC-SFERRARI" duration="00:00:00.0009412" startTime="2020-09-01T17:42:54.0176746+01:00" endTime="2020-09-01T17:42:54.0188220+01:00" testType="13cdc9d9-ddb5-4fa4-a97d-d965ccfc6d4b" outcome="Passed" testListId="8c84fa94-04c1-424b-9868-57a2d4851a1d" relativeResultsDirectory="ceb4b9a9-9fa8-4488-bcef-38c6a2bba122" resultType="DataDrivenTest">
      <InnerResults>
        <UnitTestResult executionId="9f767361-8d6e-457b-bd95-6ef4a9e55d06" parentExecutionId="ceb4b9a9-9fa8-4488-bcef-38c6a2bba122" testId="5048c570-de27-b3d3-28a2-690633623350" testName="ToReplace_Passing_ValidValue_Returns_ReplacedValue (aeiou,*,0,1,*eiou)" computerName="PC-SFERRARI" duration="00:00:00.0007578" startTime="2020-09-01T17:42:54.0176746+01:00" endTime="2020-09-01T17:42:54.0188220+01:00" testType="13cdc9d9-ddb5-4fa4-a97d-d965ccfc6d4b" outcome="Passed" testListId="8c84fa94-04c1-424b-9868-57a2d4851a1d" relativeResultsDirectory="9f767361-8d6e-457b-bd95-6ef4a9e55d06" dataRowInfo="1" resultType="DataDrivenDataRow" />
        <UnitTestResult executionId="4154c673-ea09-4f03-9c8d-6032095ba1f2" parentExecutionId="ceb4b9a9-9fa8-4488-bcef-38c6a2bba122" testId="5048c570-de27-b3d3-28a2-690633623350" testName="ToReplace_Passing_ValidValue_Returns_ReplacedValue (aeiou,*,0,2,**iou)" computerName="PC-SFERRARI" duration="00:00:00.0000057" startTime="2020-09-01T17:42:54.0176746+01:00" endTime="2020-09-01T17:42:54.0188220+01:00" testType="13cdc9d9-ddb5-4fa4-a97d-d965ccfc6d4b" outcome="Passed" testListId="8c84fa94-04c1-424b-9868-57a2d4851a1d" relativeResultsDirectory="4154c673-ea09-4f03-9c8d-6032095ba1f2" dataRowInfo="2" resultType="DataDrivenDataRow" />
        <UnitTestResult executionId="e499d868-59ce-4cca-9aa4-311f2b75c609" parentExecutionId="ceb4b9a9-9fa8-4488-bcef-38c6a2bba122" testId="5048c570-de27-b3d3-28a2-690633623350" testName="ToReplace_Passing_ValidValue_Returns_ReplacedValue (aeiou,*,0,3,***ou)" computerName="PC-SFERRARI" duration="00:00:00.0000031" startTime="2020-09-01T17:42:54.0176746+01:00" endTime="2020-09-01T17:42:54.0188220+01:00" testType="13cdc9d9-ddb5-4fa4-a97d-d965ccfc6d4b" outcome="Passed" testListId="8c84fa94-04c1-424b-9868-57a2d4851a1d" relativeResultsDirectory="e499d868-59ce-4cca-9aa4-311f2b75c609" dataRowInfo="3" resultType="DataDrivenDataRow" />
        <UnitTestResult executionId="50723151-e382-4d2f-84ca-2e13e773b120" parentExecutionId="ceb4b9a9-9fa8-4488-bcef-38c6a2bba122" testId="5048c570-de27-b3d3-28a2-690633623350" testName="ToReplace_Passing_ValidValue_Returns_ReplacedValue (aeiou,*,0,4,****u)" computerName="PC-SFERRARI" duration="00:00:00.0000031" startTime="2020-09-01T17:42:54.0176746+01:00" endTime="2020-09-01T17:42:54.0188220+01:00" testType="13cdc9d9-ddb5-4fa4-a97d-d965ccfc6d4b" outcome="Passed" testListId="8c84fa94-04c1-424b-9868-57a2d4851a1d" relativeResultsDirectory="50723151-e382-4d2f-84ca-2e13e773b120" dataRowInfo="4" resultType="DataDrivenDataRow" />
        <UnitTestResult executionId="59dcad76-75a2-47d9-8cd7-b814864b8a83" parentExecutionId="ceb4b9a9-9fa8-4488-bcef-38c6a2bba122" testId="5048c570-de27-b3d3-28a2-690633623350" testName="ToReplace_Passing_ValidValue_Returns_ReplacedValue (aeiou,*,0,5,*****)" computerName="PC-SFERRARI" duration="00:00:00.0000028" startTime="2020-09-01T17:42:54.0176746+01:00" endTime="2020-09-01T17:42:54.0188220+01:00" testType="13cdc9d9-ddb5-4fa4-a97d-d965ccfc6d4b" outcome="Passed" testListId="8c84fa94-04c1-424b-9868-57a2d4851a1d" relativeResultsDirectory="59dcad76-75a2-47d9-8cd7-b814864b8a83" dataRowInfo="5" resultType="DataDrivenDataRow" />
        <UnitTestResult executionId="d9819318-fa96-44fd-961a-ee08bda933b5" parentExecutionId="ceb4b9a9-9fa8-4488-bcef-38c6a2bba122" testId="5048c570-de27-b3d3-28a2-690633623350" testName="ToReplace_Passing_ValidValue_Returns_ReplacedValue (aeiou,*,2,1,ae*ou)" computerName="PC-SFERRARI" duration="00:00:00.0000085" startTime="2020-09-01T17:42:54.0176746+01:00" endTime="2020-09-01T17:42:54.0188220+01:00" testType="13cdc9d9-ddb5-4fa4-a97d-d965ccfc6d4b" outcome="Passed" testListId="8c84fa94-04c1-424b-9868-57a2d4851a1d" relativeResultsDirectory="d9819318-fa96-44fd-961a-ee08bda933b5" dataRowInfo="6" resultType="DataDrivenDataRow" />
        <UnitTestResult executionId="c725adfb-4320-4e82-b413-97c1297faf4a" parentExecutionId="ceb4b9a9-9fa8-4488-bcef-38c6a2bba122" testId="5048c570-de27-b3d3-28a2-690633623350" testName="ToReplace_Passing_ValidValue_Returns_ReplacedValue (aeiou,*,2,2,ae**u)" computerName="PC-SFERRARI" duration="00:00:00.0000027" startTime="2020-09-01T17:42:54.0176746+01:00" endTime="2020-09-01T17:42:54.0188220+01:00" testType="13cdc9d9-ddb5-4fa4-a97d-d965ccfc6d4b" outcome="Passed" testListId="8c84fa94-04c1-424b-9868-57a2d4851a1d" relativeResultsDirectory="c725adfb-4320-4e82-b413-97c1297faf4a" dataRowInfo="7" resultType="DataDrivenDataRow" />
      </InnerResults>
    </UnitTestResult>
    <UnitTestResult executionId="da2991c1-afee-40d5-9813-c807e111f48d" testId="269dcfc6-6017-0dd2-3e73-6a351617c33f" testName="ToUserName_Passing_Valid_UserName_ClaimsPrincipal_Returns_String_UserName_Value" computerName="PC-SFERRARI" duration="00:00:00.0055600" startTime="2020-09-01T17:42:53.0819814+01:00" endTime="2020-09-01T17:42:53.0876458+01:00" testType="13cdc9d9-ddb5-4fa4-a97d-d965ccfc6d4b" outcome="Passed" testListId="8c84fa94-04c1-424b-9868-57a2d4851a1d" relativeResultsDirectory="da2991c1-afee-40d5-9813-c807e111f48d" />
    <UnitTestResult executionId="72a00995-9dc6-4d96-ab24-26e5664f304e" testId="6bfeeec7-5dd8-85f8-3ebb-a1cfd8eb27b2" testName="ToDeserialize_Passing_String_Returns_Object" computerName="PC-SFERRARI" duration="00:00:00.0023737" startTime="2020-09-01T17:42:53.7204210+01:00" endTime="2020-09-01T17:42:53.7228909+01:00" testType="13cdc9d9-ddb5-4fa4-a97d-d965ccfc6d4b" outcome="Passed" testListId="8c84fa94-04c1-424b-9868-57a2d4851a1d" relativeResultsDirectory="72a00995-9dc6-4d96-ab24-26e5664f304e" />
    <UnitTestResult executionId="227823fd-3b4f-4583-af28-09635c880a46" testId="469546fd-9999-6f48-8f07-6eaa77c54e42" testName="ToStringFormat_Passing_ValidValue_Returns_ValueWithoutRemovedChars" computerName="PC-SFERRARI" duration="00:00:00.0008612" startTime="2020-09-01T17:42:53.6948097+01:00" endTime="2020-09-01T17:42:53.6959333+01:00" testType="13cdc9d9-ddb5-4fa4-a97d-d965ccfc6d4b" outcome="Passed" testListId="8c84fa94-04c1-424b-9868-57a2d4851a1d" relativeResultsDirectory="227823fd-3b4f-4583-af28-09635c880a46" resultType="DataDrivenTest">
      <InnerResults>
        <UnitTestResult executionId="f4c6ef79-2a53-497c-b1ed-41289158e595" parentExecutionId="227823fd-3b4f-4583-af28-09635c880a46" testId="469546fd-9999-6f48-8f07-6eaa77c54e42" testName="ToStringFormat_Passing_ValidValue_Returns_ValueWithoutRemovedChars (0)" computerName="PC-SFERRARI" duration="00:00:00.0007461" startTime="2020-09-01T17:42:53.6948097+01:00" endTime="2020-09-01T17:42:53.6959333+01:00" testType="13cdc9d9-ddb5-4fa4-a97d-d965ccfc6d4b" outcome="Passed" testListId="8c84fa94-04c1-424b-9868-57a2d4851a1d" relativeResultsDirectory="f4c6ef79-2a53-497c-b1ed-41289158e595" dataRowInfo="1" resultType="DataDrivenDataRow" />
        <UnitTestResult executionId="786ce21b-6957-4c0f-b3dd-7aab4e9f75ca" parentExecutionId="227823fd-3b4f-4583-af28-09635c880a46" testId="469546fd-9999-6f48-8f07-6eaa77c54e42" testName="ToStringFormat_Passing_ValidValue_Returns_ValueWithoutRemovedChars (1)" computerName="PC-SFERRARI" duration="00:00:00.0000047" startTime="2020-09-01T17:42:53.6948097+01:00" endTime="2020-09-01T17:42:53.6959333+01:00" testType="13cdc9d9-ddb5-4fa4-a97d-d965ccfc6d4b" outcome="Passed" testListId="8c84fa94-04c1-424b-9868-57a2d4851a1d" relativeResultsDirectory="786ce21b-6957-4c0f-b3dd-7aab4e9f75ca" dataRowInfo="2" resultType="DataDrivenDataRow" />
        <UnitTestResult executionId="148f1f05-4541-4ca2-b203-529526cf1fea" parentExecutionId="227823fd-3b4f-4583-af28-09635c880a46" testId="469546fd-9999-6f48-8f07-6eaa77c54e42" testName="ToStringFormat_Passing_ValidValue_Returns_ValueWithoutRemovedChars (-1)" computerName="PC-SFERRARI" duration="00:00:00.0000095" startTime="2020-09-01T17:42:53.6948097+01:00" endTime="2020-09-01T17:42:53.6959333+01:00" testType="13cdc9d9-ddb5-4fa4-a97d-d965ccfc6d4b" outcome="Passed" testListId="8c84fa94-04c1-424b-9868-57a2d4851a1d" relativeResultsDirectory="148f1f05-4541-4ca2-b203-529526cf1fea" dataRowInfo="3" resultType="DataDrivenDataRow" />
        <UnitTestResult executionId="e98ecca6-a9f8-43c8-aa76-233b421b76c7" parentExecutionId="227823fd-3b4f-4583-af28-09635c880a46" testId="469546fd-9999-6f48-8f07-6eaa77c54e42" testName="ToStringFormat_Passing_ValidValue_Returns_ValueWithoutRemovedChars (2147483647)" computerName="PC-SFERRARI" duration="00:00:00.0000028" startTime="2020-09-01T17:42:53.6948097+01:00" endTime="2020-09-01T17:42:53.6959333+01:00" testType="13cdc9d9-ddb5-4fa4-a97d-d965ccfc6d4b" outcome="Passed" testListId="8c84fa94-04c1-424b-9868-57a2d4851a1d" relativeResultsDirectory="e98ecca6-a9f8-43c8-aa76-233b421b76c7" dataRowInfo="4" resultType="DataDrivenDataRow" />
        <UnitTestResult executionId="607482ef-92a8-41ed-bda9-6875e42147bd" parentExecutionId="227823fd-3b4f-4583-af28-09635c880a46" testId="469546fd-9999-6f48-8f07-6eaa77c54e42" testName="ToStringFormat_Passing_ValidValue_Returns_ValueWithoutRemovedChars (-2147483648)" computerName="PC-SFERRARI" duration="00:00:00.0000035" startTime="2020-09-01T17:42:53.6948097+01:00" endTime="2020-09-01T17:42:53.6959333+01:00" testType="13cdc9d9-ddb5-4fa4-a97d-d965ccfc6d4b" outcome="Passed" testListId="8c84fa94-04c1-424b-9868-57a2d4851a1d" relativeResultsDirectory="607482ef-92a8-41ed-bda9-6875e42147bd" dataRowInfo="5" resultType="DataDrivenDataRow" />
      </InnerResults>
    </UnitTestResult>
    <UnitTestResult executionId="adc080f9-6386-4e93-b664-64eca2ee4d93" testId="c3009aa1-8370-91cf-8fdd-98e893aa7661" testName="ToConfiguration_Passing_Invalid_DirectoryPath_Returns_ApplicationException" computerName="PC-SFERRARI" duration="00:00:00.0005427" startTime="2020-09-01T17:42:53.8472602+01:00" endTime="2020-09-01T17:42:53.8478962+01:00" testType="13cdc9d9-ddb5-4fa4-a97d-d965ccfc6d4b" outcome="Passed" testListId="8c84fa94-04c1-424b-9868-57a2d4851a1d" relativeResultsDirectory="adc080f9-6386-4e93-b664-64eca2ee4d93" />
    <UnitTestResult executionId="a0645e12-8e59-4186-aa73-d3dbb56e5f15" testId="b63cac77-e37b-80e5-702f-d228747e42f7" testName="ToAuthenticationType_Passing_Null_ClaimsPrincipal_Returns_ApplicationException" computerName="PC-SFERRARI" duration="00:00:00.0006514" startTime="2020-09-01T17:42:53.0776026+01:00" endTime="2020-09-01T17:42:53.0783758+01:00" testType="13cdc9d9-ddb5-4fa4-a97d-d965ccfc6d4b" outcome="Passed" testListId="8c84fa94-04c1-424b-9868-57a2d4851a1d" relativeResultsDirectory="a0645e12-8e59-4186-aa73-d3dbb56e5f15" />
    <UnitTestResult executionId="b4b580fe-e0b2-4770-8a29-38bd733b3af1" testId="187fc817-cc87-4584-0d6d-f1e6d34e2d4d" testName="ToSettings_Passing_Values_From_AppSettingsFile_Returns_Settings" computerName="PC-SFERRARI" duration="00:00:00.0975453" startTime="2020-09-01T17:42:53.8843954+01:00" endTime="2020-09-01T17:42:53.9820766+01:00" testType="13cdc9d9-ddb5-4fa4-a97d-d965ccfc6d4b" outcome="Passed" testListId="8c84fa94-04c1-424b-9868-57a2d4851a1d" relativeResultsDirectory="b4b580fe-e0b2-4770-8a29-38bd733b3af1" />
    <UnitTestResult executionId="59ab257e-d529-4973-bac3-6bfd9b4d0d5a" testId="09722d0d-50eb-c66c-46d9-dfe1db4400ef" testName="ToUserName_Passing_Invalid_ClaimsPrincipal_Returns_Null" computerName="PC-SFERRARI" duration="00:00:00.0004961" startTime="2020-09-01T17:42:53.0813450+01:00" endTime="2020-09-01T17:42:53.0819577+01:00" testType="13cdc9d9-ddb5-4fa4-a97d-d965ccfc6d4b" outcome="Passed" testListId="8c84fa94-04c1-424b-9868-57a2d4851a1d" relativeResultsDirectory="59ab257e-d529-4973-bac3-6bfd9b4d0d5a" />
    <UnitTestResult executionId="95e6ad2b-01ef-4587-bb18-1362805770d9" testId="4ae6b7cd-9dd5-3ec7-39db-6ff6393cadf3" testName="ToEnvironment_Passing_Staging_Enviroment_Returns_Staging_Name" computerName="PC-SFERRARI" duration="00:00:00.0004935" startTime="2020-09-01T17:42:52.9017307+01:00" endTime="2020-09-01T17:42:52.9023208+01:00" testType="13cdc9d9-ddb5-4fa4-a97d-d965ccfc6d4b" outcome="Passed" testListId="8c84fa94-04c1-424b-9868-57a2d4851a1d" relativeResultsDirectory="95e6ad2b-01ef-4587-bb18-1362805770d9" />
    <UnitTestResult executionId="a8b1da26-7b4a-4fe3-99ec-36449210dcdf" testId="141ac01c-053a-7013-209a-8893b345c18f" testName="CreateAndVerifySHA512_Passing_Valid_Arguments_Returns_True" computerName="PC-SFERRARI" duration="00:00:00.0004102" startTime="2020-09-01T17:42:51.3268002+01:00" endTime="2020-09-01T17:42:51.3272965+01:00" testType="13cdc9d9-ddb5-4fa4-a97d-d965ccfc6d4b" outcome="Passed" testListId="8c84fa94-04c1-424b-9868-57a2d4851a1d" relativeResultsDirectory="a8b1da26-7b4a-4fe3-99ec-36449210dcdf" resultType="DataDrivenTest">
      <InnerResults>
        <UnitTestResult executionId="43ab5c31-7d46-4a6e-8973-967123e46b9b" parentExecutionId="a8b1da26-7b4a-4fe3-99ec-36449210dcdf" testId="141ac01c-053a-7013-209a-8893b345c18f" testName="CreateAndVerifySHA512_Passing_Valid_Arguments_Returns_True (Password)" computerName="PC-SFERRARI" duration="00:00:00.0003017" startTime="2020-09-01T17:42:51.3268002+01:00" endTime="2020-09-01T17:42:51.3272965+01:00" testType="13cdc9d9-ddb5-4fa4-a97d-d965ccfc6d4b" outcome="Passed" testListId="8c84fa94-04c1-424b-9868-57a2d4851a1d" relativeResultsDirectory="43ab5c31-7d46-4a6e-8973-967123e46b9b" dataRowInfo="1" resultType="DataDrivenDataRow" />
        <UnitTestResult executionId="db4739ab-618f-41a8-abae-fed9f495b3ee" parentExecutionId="a8b1da26-7b4a-4fe3-99ec-36449210dcdf" testId="141ac01c-053a-7013-209a-8893b345c18f" testName="CreateAndVerifySHA512_Passing_Valid_Arguments_Returns_True (HashTests)" computerName="PC-SFERRARI" duration="00:00:00.0000266" startTime="2020-09-01T17:42:51.3268002+01:00" endTime="2020-09-01T17:42:51.3272965+01:00" testType="13cdc9d9-ddb5-4fa4-a97d-d965ccfc6d4b" outcome="Passed" testListId="8c84fa94-04c1-424b-9868-57a2d4851a1d" relativeResultsDirectory="db4739ab-618f-41a8-abae-fed9f495b3ee" dataRowInfo="2" resultType="DataDrivenDataRow" />
        <UnitTestResult executionId="647efea8-8fa8-4a55-8405-959d6e3cf96a" parentExecutionId="a8b1da26-7b4a-4fe3-99ec-36449210dcdf" testId="141ac01c-053a-7013-209a-8893b345c18f" testName="CreateAndVerifySHA512_Passing_Valid_Arguments_Returns_True (sdlfkjldsfksdfñl·%$·&amp;$/U&amp;/)(&amp;()?=)¿?^P*^PÑL,.,.lñ´ñ+98098'098098)" computerName="PC-SFERRARI" duration="00:00:00.0000256" startTime="2020-09-01T17:42:51.3268002+01:00" endTime="2020-09-01T17:42:51.3272965+01:00" testType="13cdc9d9-ddb5-4fa4-a97d-d965ccfc6d4b" outcome="Passed" testListId="8c84fa94-04c1-424b-9868-57a2d4851a1d" relativeResultsDirectory="647efea8-8fa8-4a55-8405-959d6e3cf96a" dataRowInfo="3" resultType="DataDrivenDataRow" />
      </InnerResults>
    </UnitTestResult>
    <UnitTestResult executionId="647e626b-b7ae-4835-89ed-eb6a761c0441" testId="560a86ee-dc59-f780-1c4a-62ca7b8dff22" testName="ToPaged_Passing_Name_Ascending_Order_Returns_Filter_List" computerName="PC-SFERRARI" duration="00:00:00.0011474" startTime="2020-09-01T17:42:53.7324783+01:00" endTime="2020-09-01T17:42:53.7337112+01:00" testType="13cdc9d9-ddb5-4fa4-a97d-d965ccfc6d4b" outcome="Passed" testListId="8c84fa94-04c1-424b-9868-57a2d4851a1d" relativeResultsDirectory="647e626b-b7ae-4835-89ed-eb6a761c0441" />
    <UnitTestResult executionId="0a8c03a7-37de-49ca-812f-b99a1f9d4e95" testId="407da10e-ba2f-7713-1cbc-17d8952390e5" testName="ToStartOfWeek_Passing_DateTime_Returns_Start_Of_Week_DateTime" computerName="PC-SFERRARI" duration="00:00:00.0002395" startTime="2020-09-01T17:42:53.1886665+01:00" endTime="2020-09-01T17:42:53.1889892+01:00" testType="13cdc9d9-ddb5-4fa4-a97d-d965ccfc6d4b" outcome="Passed" testListId="8c84fa94-04c1-424b-9868-57a2d4851a1d" relativeResultsDirectory="0a8c03a7-37de-49ca-812f-b99a1f9d4e95" />
    <UnitTestResult executionId="800a7528-34a0-4409-8e83-90d5e747802c" testId="01155794-50c3-cf3c-83bd-404dcbf5f477" testName="ToUserName_Passing_Null_ClaimsPrincipal_Returns_ApplicationException" computerName="PC-SFERRARI" duration="00:00:00.0015938" startTime="2020-09-01T17:42:53.0796035+01:00" endTime="2020-09-01T17:42:53.0813033+01:00" testType="13cdc9d9-ddb5-4fa4-a97d-d965ccfc6d4b" outcome="Passed" testListId="8c84fa94-04c1-424b-9868-57a2d4851a1d" relativeResultsDirectory="800a7528-34a0-4409-8e83-90d5e747802c" />
    <UnitTestResult executionId="f52894fc-bb4c-4187-b5ca-d2fe98eae9a3" testId="d7113cd0-9d09-92b7-da7c-4bb38fcd80fa" testName="ToDefaultValue_Passing_ushort_Returns_Cero" computerName="PC-SFERRARI" duration="00:00:00.0003701" startTime="2020-09-01T17:42:53.2569803+01:00" endTime="2020-09-01T17:42:53.2575167+01:00" testType="13cdc9d9-ddb5-4fa4-a97d-d965ccfc6d4b" outcome="Passed" testListId="8c84fa94-04c1-424b-9868-57a2d4851a1d" relativeResultsDirectory="f52894fc-bb4c-4187-b5ca-d2fe98eae9a3" resultType="DataDrivenTest">
      <InnerResults>
        <UnitTestResult executionId="665248d6-0ae4-4ce8-95eb-e57e88ca4311" parentExecutionId="f52894fc-bb4c-4187-b5ca-d2fe98eae9a3" testId="d7113cd0-9d09-92b7-da7c-4bb38fcd80fa" testName="ToDefaultValue_Passing_ushort_Returns_Cero (65535)" computerName="PC-SFERRARI" duration="00:00:00.0003119" startTime="2020-09-01T17:42:53.2569803+01:00" endTime="2020-09-01T17:42:53.2575167+01:00" testType="13cdc9d9-ddb5-4fa4-a97d-d965ccfc6d4b" outcome="Passed" testListId="8c84fa94-04c1-424b-9868-57a2d4851a1d" relativeResultsDirectory="665248d6-0ae4-4ce8-95eb-e57e88ca4311" dataRowInfo="1" resultType="DataDrivenDataRow" />
      </InnerResults>
    </UnitTestResult>
    <UnitTestResult executionId="b9bd873d-6a1f-480a-979d-a8cc99f885df" testId="dce6325b-8e96-5375-f604-18b7832e7def" testName="ToList_Passing_ValidEnumType_Returns_ValuesList" computerName="PC-SFERRARI" duration="00:00:00.0050908" startTime="2020-09-01T17:42:51.2541823+01:00" endTime="2020-09-01T17:42:51.2643979+01:00" testType="13cdc9d9-ddb5-4fa4-a97d-d965ccfc6d4b" outcome="Passed" testListId="8c84fa94-04c1-424b-9868-57a2d4851a1d" relativeResultsDirectory="b9bd873d-6a1f-480a-979d-a8cc99f885df" />
    <UnitTestResult executionId="63a5ee09-01f1-48c8-abeb-26c34e2a7f71" testId="5624b5fc-a59a-fbea-ef3f-9dbc8ef0c3b4" testName="ToConfiguration_Passing_Valid_DirectoryPath_Invalid_JsonFileName_Not_Optional_Returns_ApplicationException" computerName="PC-SFERRARI" duration="00:00:00.0011783" startTime="2020-09-01T17:42:53.8479214+01:00" endTime="2020-09-01T17:42:53.8491882+01:00" testType="13cdc9d9-ddb5-4fa4-a97d-d965ccfc6d4b" outcome="Passed" testListId="8c84fa94-04c1-424b-9868-57a2d4851a1d" relativeResultsDirectory="63a5ee09-01f1-48c8-abeb-26c34e2a7f71" />
    <UnitTestResult executionId="bb13092f-7515-43ca-8af9-ed9b683267c5" testId="a5dec80b-87ef-2067-7969-8d0cded994a9" testName="ToDefaultValue_Passing_ValidBoolean_Returns_DefaultValue" computerName="PC-SFERRARI" duration="00:00:00.0001136" startTime="2020-09-01T17:42:54.4065220+01:00" endTime="2020-09-01T17:42:54.4067136+01:00" testType="13cdc9d9-ddb5-4fa4-a97d-d965ccfc6d4b" outcome="Passed" testListId="8c84fa94-04c1-424b-9868-57a2d4851a1d" relativeResultsDirectory="bb13092f-7515-43ca-8af9-ed9b683267c5" />
    <UnitTestResult executionId="804fc5ff-5b62-4405-9da8-91a8465d5481" testId="3066f1db-7c80-5b09-c292-a297daae00f6" testName="ToDictionaryPropertyInfo_Passing_Object_IncludeNullOrEmptyProperty_Returns_Properties_NameAndValue_Dictionary" computerName="PC-SFERRARI" duration="00:00:00.0003344" startTime="2020-09-01T17:42:53.2962434+01:00" endTime="2020-09-01T17:42:53.2966735+01:00" testType="13cdc9d9-ddb5-4fa4-a97d-d965ccfc6d4b" outcome="Passed" testListId="8c84fa94-04c1-424b-9868-57a2d4851a1d" relativeResultsDirectory="804fc5ff-5b62-4405-9da8-91a8465d5481" />
    <UnitTestResult executionId="0ccc45c4-92f1-4f1c-ad19-f7d755a06d73" testId="9cc81af3-a804-7f80-c1ad-5fdf5e5384a7" testName="ToConfiguration_Passing_Valid_DirectoryPath_Valid_JsonFileName_Returns_Ok" computerName="PC-SFERRARI" duration="00:00:00.0124359" startTime="2020-09-01T17:42:53.8492148+01:00" endTime="2020-09-01T17:42:53.8626702+01:00" testType="13cdc9d9-ddb5-4fa4-a97d-d965ccfc6d4b" outcome="Passed" testListId="8c84fa94-04c1-424b-9868-57a2d4851a1d" relativeResultsDirectory="0ccc45c4-92f1-4f1c-ad19-f7d755a06d73" />
    <UnitTestResult executionId="0a395c7a-b460-4631-acd9-349981299fea" testId="53029e90-dd26-a812-129d-02ec74005492" testName="ToIsSubdomainThrow_Passing_InvalidValue_Returns_ApplicationExceptionWithMessage" computerName="PC-SFERRARI" duration="00:00:00.0012058" startTime="2020-09-01T17:42:52.9955029+01:00" endTime="2020-09-01T17:42:52.9969054+01:00" testType="13cdc9d9-ddb5-4fa4-a97d-d965ccfc6d4b" outcome="Passed" testListId="8c84fa94-04c1-424b-9868-57a2d4851a1d" relativeResultsDirectory="0a395c7a-b460-4631-acd9-349981299fea" resultType="DataDrivenTest">
      <InnerResults>
        <UnitTestResult executionId="68904f80-e58b-43d3-b828-f19b4438efe6" parentExecutionId="0a395c7a-b460-4631-acd9-349981299fea" testId="53029e90-dd26-a812-129d-02ec74005492" testName="ToIsSubdomainThrow_Passing_InvalidValue_Returns_ApplicationExceptionWithMessage (dasdasd@dsasd.._ff)" computerName="PC-SFERRARI" duration="00:00:00.0009300" startTime="2020-09-01T17:42:52.9955029+01:00" endTime="2020-09-01T17:42:52.9969054+01:00" testType="13cdc9d9-ddb5-4fa4-a97d-d965ccfc6d4b" outcome="Passed" testListId="8c84fa94-04c1-424b-9868-57a2d4851a1d" relativeResultsDirectory="68904f80-e58b-43d3-b828-f19b4438efe6" dataRowInfo="1" resultType="DataDrivenDataRow" />
        <UnitTestResult executionId="c8604b8d-3bd5-47cb-a56b-d5f90acb42d5" parentExecutionId="0a395c7a-b460-4631-acd9-349981299fea" testId="53029e90-dd26-a812-129d-02ec74005492" testName="ToIsSubdomainThrow_Passing_InvalidValue_Returns_ApplicationExceptionWithMessage (34fsds@@sdd.f)" computerName="PC-SFERRARI" duration="00:00:00.0000477" startTime="2020-09-01T17:42:52.9955029+01:00" endTime="2020-09-01T17:42:52.9969054+01:00" testType="13cdc9d9-ddb5-4fa4-a97d-d965ccfc6d4b" outcome="Passed" testListId="8c84fa94-04c1-424b-9868-57a2d4851a1d" relativeResultsDirectory="c8604b8d-3bd5-47cb-a56b-d5f90acb42d5" dataRowInfo="2" resultType="DataDrivenDataRow" />
        <UnitTestResult executionId="3625f256-815f-4ca7-bc37-42cc3018bb9d" parentExecutionId="0a395c7a-b460-4631-acd9-349981299fea" testId="53029e90-dd26-a812-129d-02ec74005492" testName="ToIsSubdomainThrow_Passing_InvalidValue_Returns_ApplicationExceptionWithMessage ()" computerName="PC-SFERRARI" duration="00:00:00.0000350" startTime="2020-09-01T17:42:52.9955029+01:00" endTime="2020-09-01T17:42:52.9969054+01:00" testType="13cdc9d9-ddb5-4fa4-a97d-d965ccfc6d4b" outcome="Passed" testListId="8c84fa94-04c1-424b-9868-57a2d4851a1d" relativeResultsDirectory="3625f256-815f-4ca7-bc37-42cc3018bb9d" dataRowInfo="3" resultType="DataDrivenDataRow" />
        <UnitTestResult executionId="90bf5e53-c70a-4a52-81ad-0f469b318a0f" parentExecutionId="0a395c7a-b460-4631-acd9-349981299fea" testId="53029e90-dd26-a812-129d-02ec74005492" testName="ToIsSubdomainThrow_Passing_InvalidValue_Returns_ApplicationExceptionWithMessage ()" computerName="PC-SFERRARI" duration="00:00:00.0000429" startTime="2020-09-01T17:42:52.9955029+01:00" endTime="2020-09-01T17:42:52.9969054+01:00" testType="13cdc9d9-ddb5-4fa4-a97d-d965ccfc6d4b" outcome="Passed" testListId="8c84fa94-04c1-424b-9868-57a2d4851a1d" relativeResultsDirectory="90bf5e53-c70a-4a52-81ad-0f469b318a0f" dataRowInfo="4" resultType="DataDrivenDataRow" />
        <UnitTestResult executionId="0adc4337-dff7-48e7-b48c-423f156db90a" parentExecutionId="0a395c7a-b460-4631-acd9-349981299fea" testId="53029e90-dd26-a812-129d-02ec74005492" testName="ToIsSubdomainThrow_Passing_InvalidValue_Returns_ApplicationExceptionWithMessage (34?fsds@sdd.yy)" computerName="PC-SFERRARI" duration="00:00:00.0000388" startTime="2020-09-01T17:42:52.9955029+01:00" endTime="2020-09-01T17:42:52.9969054+01:00" testType="13cdc9d9-ddb5-4fa4-a97d-d965ccfc6d4b" outcome="Passed" testListId="8c84fa94-04c1-424b-9868-57a2d4851a1d" relativeResultsDirectory="0adc4337-dff7-48e7-b48c-423f156db90a" dataRowInfo="5" resultType="DataDrivenDataRow" />
      </InnerResults>
    </UnitTestResult>
    <UnitTestResult executionId="05c2845c-2c32-478c-ab64-4ad7622c59c4" testId="5fd22787-51f8-3e76-47d6-968dc7621c8f" testName="IsHostname_Passing_InvalidArguments_Returns_HasErrorsAndCount" computerName="PC-SFERRARI" duration="00:00:00.0004883" startTime="2020-09-01T17:42:51.2475668+01:00" endTime="2020-09-01T17:42:51.2481408+01:00" testType="13cdc9d9-ddb5-4fa4-a97d-d965ccfc6d4b" outcome="Passed" testListId="8c84fa94-04c1-424b-9868-57a2d4851a1d" relativeResultsDirectory="05c2845c-2c32-478c-ab64-4ad7622c59c4" />
    <UnitTestResult executionId="05e22613-d8a2-43f0-aba0-5cc6d69e96a6" testId="ead0a11b-44ec-8973-fd99-c43158b18c14" testName="ToDefaultValue_Passing_decimal_Returns_Cero" computerName="PC-SFERRARI" duration="00:00:00.0002334" startTime="2020-09-01T17:42:53.2762854+01:00" endTime="2020-09-01T17:42:53.2765976+01:00" testType="13cdc9d9-ddb5-4fa4-a97d-d965ccfc6d4b" outcome="Passed" testListId="8c84fa94-04c1-424b-9868-57a2d4851a1d" relativeResultsDirectory="05e22613-d8a2-43f0-aba0-5cc6d69e96a6" />
    <UnitTestResult executionId="45767776-8a0e-4863-a43d-cdb2530bd069" testId="88161b45-db86-cd57-93fd-5645f5143966" testName="ToTryContentType_Passing_HttpRequestWithContentType_Value_Returns_ContentType_String_Value" computerName="PC-SFERRARI" duration="00:00:00.0006655" startTime="2020-09-01T17:42:53.3699640+01:00" endTime="2020-09-01T17:42:53.3707282+01:00" testType="13cdc9d9-ddb5-4fa4-a97d-d965ccfc6d4b" outcome="Passed" testListId="8c84fa94-04c1-424b-9868-57a2d4851a1d" relativeResultsDirectory="45767776-8a0e-4863-a43d-cdb2530bd069" />
    <UnitTestResult executionId="6403186c-1621-42f0-8818-fe02d62e350b" testId="ef938d1e-37d5-ccaf-d580-7454d807ec1e" testName="ToDefaultValue_Passing_ValidString_Returns_DefaultValue" computerName="PC-SFERRARI" duration="00:00:00.0001984" startTime="2020-09-01T17:42:54.4057420+01:00" endTime="2020-09-01T17:42:54.4061195+01:00" testType="13cdc9d9-ddb5-4fa4-a97d-d965ccfc6d4b" outcome="Passed" testListId="8c84fa94-04c1-424b-9868-57a2d4851a1d" relativeResultsDirectory="6403186c-1621-42f0-8818-fe02d62e350b" />
    <UnitTestResult executionId="761b4e9e-729f-49b1-a1bd-1e40fc9a5771" testId="aa1736a0-c9fc-f2ce-4753-abcb10bb4b53" testName="ToInt_Passing_InvalidValueString_Returns_DefaultValue" computerName="PC-SFERRARI" duration="00:00:00.0002153" startTime="2020-09-01T17:42:54.3134701+01:00" endTime="2020-09-01T17:42:54.3137701+01:00" testType="13cdc9d9-ddb5-4fa4-a97d-d965ccfc6d4b" outcome="Passed" testListId="8c84fa94-04c1-424b-9868-57a2d4851a1d" relativeResultsDirectory="761b4e9e-729f-49b1-a1bd-1e40fc9a5771" resultType="DataDrivenTest">
      <InnerResults>
        <UnitTestResult executionId="13924ac3-2b58-4b8d-be46-6ba51fa111fc" parentExecutionId="761b4e9e-729f-49b1-a1bd-1e40fc9a5771" testId="aa1736a0-c9fc-f2ce-4753-abcb10bb4b53" testName="ToInt_Passing_InvalidValueString_Returns_DefaultValue (1.3333)" computerName="PC-SFERRARI" duration="00:00:00.0001333" startTime="2020-09-01T17:42:54.3134701+01:00" endTime="2020-09-01T17:42:54.3137701+01:00" testType="13cdc9d9-ddb5-4fa4-a97d-d965ccfc6d4b" outcome="Passed" testListId="8c84fa94-04c1-424b-9868-57a2d4851a1d" relativeResultsDirectory="13924ac3-2b58-4b8d-be46-6ba51fa111fc" dataRowInfo="1" resultType="DataDrivenDataRow" />
        <UnitTestResult executionId="9e2bdecb-10a1-4ab3-b86d-366fa20f483e" parentExecutionId="761b4e9e-729f-49b1-a1bd-1e40fc9a5771" testId="aa1736a0-c9fc-f2ce-4753-abcb10bb4b53" testName="ToInt_Passing_InvalidValueString_Returns_DefaultValue (1,3333)" computerName="PC-SFERRARI" duration="00:00:00.0000043" startTime="2020-09-01T17:42:54.3134701+01:00" endTime="2020-09-01T17:42:54.3137701+01:00" testType="13cdc9d9-ddb5-4fa4-a97d-d965ccfc6d4b" outcome="Passed" testListId="8c84fa94-04c1-424b-9868-57a2d4851a1d" relativeResultsDirectory="9e2bdecb-10a1-4ab3-b86d-366fa20f483e" dataRowInfo="2" resultType="DataDrivenDataRow" />
        <UnitTestResult executionId="c3fa7863-3a1f-403a-8162-66c41880b225" parentExecutionId="761b4e9e-729f-49b1-a1bd-1e40fc9a5771" testId="aa1736a0-c9fc-f2ce-4753-abcb10bb4b53" testName="ToInt_Passing_InvalidValueString_Returns_DefaultValue (1.333,39)" computerName="PC-SFERRARI" duration="00:00:00.0000025" startTime="2020-09-01T17:42:54.3134701+01:00" endTime="2020-09-01T17:42:54.3137701+01:00" testType="13cdc9d9-ddb5-4fa4-a97d-d965ccfc6d4b" outcome="Passed" testListId="8c84fa94-04c1-424b-9868-57a2d4851a1d" relativeResultsDirectory="c3fa7863-3a1f-403a-8162-66c41880b225" dataRowInfo="3" resultType="DataDrivenDataRow" />
        <UnitTestResult executionId="6f67e9fd-849b-4a6c-a569-6071d9c5caa5" parentExecutionId="761b4e9e-729f-49b1-a1bd-1e40fc9a5771" testId="aa1736a0-c9fc-f2ce-4753-abcb10bb4b53" testName="ToInt_Passing_InvalidValueString_Returns_DefaultValue (999999439293294392492349329493294)" computerName="PC-SFERRARI" duration="00:00:00.0000027" startTime="2020-09-01T17:42:54.3134701+01:00" endTime="2020-09-01T17:42:54.3137701+01:00" testType="13cdc9d9-ddb5-4fa4-a97d-d965ccfc6d4b" outcome="Passed" testListId="8c84fa94-04c1-424b-9868-57a2d4851a1d" relativeResultsDirectory="6f67e9fd-849b-4a6c-a569-6071d9c5caa5" dataRowInfo="4" resultType="DataDrivenDataRow" />
        <UnitTestResult executionId="1f1eaf53-460d-41b3-a035-e166a9b3a080" parentExecutionId="761b4e9e-729f-49b1-a1bd-1e40fc9a5771" testId="aa1736a0-c9fc-f2ce-4753-abcb10bb4b53" testName="ToInt_Passing_InvalidValueString_Returns_DefaultValue (asdasdasdasd234324)" computerName="PC-SFERRARI" duration="00:00:00.0000024" startTime="2020-09-01T17:42:54.3134701+01:00" endTime="2020-09-01T17:42:54.3137701+01:00" testType="13cdc9d9-ddb5-4fa4-a97d-d965ccfc6d4b" outcome="Passed" testListId="8c84fa94-04c1-424b-9868-57a2d4851a1d" relativeResultsDirectory="1f1eaf53-460d-41b3-a035-e166a9b3a080" dataRowInfo="5" resultType="DataDrivenDataRow" />
      </InnerResults>
    </UnitTestResult>
    <UnitTestResult executionId="6497443e-ed81-47f6-9c76-a370849f4d9d" testId="a8b20943-7fa3-43d0-f786-2908f6ceedd0" testName="ToContentType_Passing_ValidValueString_Returns_ContentType" computerName="PC-SFERRARI" duration="00:00:00.0030104" startTime="2020-09-01T17:42:54.3432553+01:00" endTime="2020-09-01T17:42:54.3464394+01:00" testType="13cdc9d9-ddb5-4fa4-a97d-d965ccfc6d4b" outcome="Passed" testListId="8c84fa94-04c1-424b-9868-57a2d4851a1d" relativeResultsDirectory="6497443e-ed81-47f6-9c76-a370849f4d9d" resultType="DataDrivenTest">
      <InnerResults>
        <UnitTestResult executionId="ea75ef2a-111a-4bf6-a81a-90246fee5cbe" parentExecutionId="6497443e-ed81-47f6-9c76-a370849f4d9d" testId="a8b20943-7fa3-43d0-f786-2908f6ceedd0" testName="ToContentType_Passing_ValidValueString_Returns_ContentType (xxxx.pdf,application/pdf)" computerName="PC-SFERRARI" duration="00:00:00.0026875" startTime="2020-09-01T17:42:54.3432553+01:00" endTime="2020-09-01T17:42:54.3464394+01:00" testType="13cdc9d9-ddb5-4fa4-a97d-d965ccfc6d4b" outcome="Passed" testListId="8c84fa94-04c1-424b-9868-57a2d4851a1d" relativeResultsDirectory="ea75ef2a-111a-4bf6-a81a-90246fee5cbe" dataRowInfo="1" resultType="DataDrivenDataRow" />
        <UnitTestResult executionId="2c64fa56-2b74-485a-a3a0-5ed905830286" parentExecutionId="6497443e-ed81-47f6-9c76-a370849f4d9d" testId="a8b20943-7fa3-43d0-f786-2908f6ceedd0" testName="ToContentType_Passing_ValidValueString_Returns_ContentType (xxxx.json,application/json)" computerName="PC-SFERRARI" duration="00:00:00.0000515" startTime="2020-09-01T17:42:54.3432553+01:00" endTime="2020-09-01T17:42:54.3464394+01:00" testType="13cdc9d9-ddb5-4fa4-a97d-d965ccfc6d4b" outcome="Passed" testListId="8c84fa94-04c1-424b-9868-57a2d4851a1d" relativeResultsDirectory="2c64fa56-2b74-485a-a3a0-5ed905830286" dataRowInfo="2" resultType="DataDrivenDataRow" />
        <UnitTestResult executionId="9ea1fc8c-7483-4702-a98e-0fd85aecc768" parentExecutionId="6497443e-ed81-47f6-9c76-a370849f4d9d" testId="a8b20943-7fa3-43d0-f786-2908f6ceedd0" testName="ToContentType_Passing_ValidValueString_Returns_ContentType (xxxx.gif,image/gif)" computerName="PC-SFERRARI" duration="00:00:00.0000321" startTime="2020-09-01T17:42:54.3432553+01:00" endTime="2020-09-01T17:42:54.3464394+01:00" testType="13cdc9d9-ddb5-4fa4-a97d-d965ccfc6d4b" outcome="Passed" testListId="8c84fa94-04c1-424b-9868-57a2d4851a1d" relativeResultsDirectory="9ea1fc8c-7483-4702-a98e-0fd85aecc768" dataRowInfo="3" resultType="DataDrivenDataRow" />
        <UnitTestResult executionId="9702b69c-4d6c-44ae-95fd-06c4d3632cf8" parentExecutionId="6497443e-ed81-47f6-9c76-a370849f4d9d" testId="a8b20943-7fa3-43d0-f786-2908f6ceedd0" testName="ToContentType_Passing_ValidValueString_Returns_ContentType (xxxx.jpeg,image/jpeg)" computerName="PC-SFERRARI" duration="00:00:00.0000302" startTime="2020-09-01T17:42:54.3432553+01:00" endTime="2020-09-01T17:42:54.3464394+01:00" testType="13cdc9d9-ddb5-4fa4-a97d-d965ccfc6d4b" outcome="Passed" testListId="8c84fa94-04c1-424b-9868-57a2d4851a1d" relativeResultsDirectory="9702b69c-4d6c-44ae-95fd-06c4d3632cf8" dataRowInfo="4" resultType="DataDrivenDataRow" />
        <UnitTestResult executionId="776fe4c9-cff1-4c04-9494-6154d275fcfb" parentExecutionId="6497443e-ed81-47f6-9c76-a370849f4d9d" testId="a8b20943-7fa3-43d0-f786-2908f6ceedd0" testName="ToContentType_Passing_ValidValueString_Returns_ContentType (xxxx.html,text/html)" computerName="PC-SFERRARI" duration="00:00:00.0000345" startTime="2020-09-01T17:42:54.3432553+01:00" endTime="2020-09-01T17:42:54.3464394+01:00" testType="13cdc9d9-ddb5-4fa4-a97d-d965ccfc6d4b" outcome="Passed" testListId="8c84fa94-04c1-424b-9868-57a2d4851a1d" relativeResultsDirectory="776fe4c9-cff1-4c04-9494-6154d275fcfb" dataRowInfo="5" resultType="DataDrivenDataRow" />
        <UnitTestResult executionId="81d85166-e0ad-4866-b3b9-312a172a79aa" parentExecutionId="6497443e-ed81-47f6-9c76-a370849f4d9d" testId="a8b20943-7fa3-43d0-f786-2908f6ceedd0" testName="ToContentType_Passing_ValidValueString_Returns_ContentType (xxxx.txt,text/plain)" computerName="PC-SFERRARI" duration="00:00:00.0000279" startTime="2020-09-01T17:42:54.3432553+01:00" endTime="2020-09-01T17:42:54.3464394+01:00" testType="13cdc9d9-ddb5-4fa4-a97d-d965ccfc6d4b" outcome="Passed" testListId="8c84fa94-04c1-424b-9868-57a2d4851a1d" relativeResultsDirectory="81d85166-e0ad-4866-b3b9-312a172a79aa" dataRowInfo="6" resultType="DataDrivenDataRow" />
      </InnerResults>
    </UnitTestResult>
    <UnitTestResult executionId="3fbf74fb-2a20-476b-b294-68cd202e56d6" testId="3c2e7403-ec73-4e6b-a215-dbda78d61173" testName="ToPaged_Passing_Age_Descending_Order_Returns_Filter_List" computerName="PC-SFERRARI" duration="00:00:00.0004189" startTime="2020-09-01T17:42:53.7319212+01:00" endTime="2020-09-01T17:42:53.7324546+01:00" testType="13cdc9d9-ddb5-4fa4-a97d-d965ccfc6d4b" outcome="Passed" testListId="8c84fa94-04c1-424b-9868-57a2d4851a1d" relativeResultsDirectory="3fbf74fb-2a20-476b-b294-68cd202e56d6" />
    <UnitTestResult executionId="e5f87105-c092-473a-8198-4f4eb9feb272" testId="cc5867c1-3959-a3e7-d05d-9d901dd30f40" testName="ToWhere_Passing_Valid_Predicate_Returns_Filter_List" computerName="PC-SFERRARI" duration="00:00:00.0015832" startTime="2020-09-01T17:42:53.7260724+01:00" endTime="2020-09-01T17:42:53.7277818+01:00" testType="13cdc9d9-ddb5-4fa4-a97d-d965ccfc6d4b" outcome="Passed" testListId="8c84fa94-04c1-424b-9868-57a2d4851a1d" relativeResultsDirectory="e5f87105-c092-473a-8198-4f4eb9feb272" />
    <UnitTestResult executionId="28ad21ac-487c-4369-8893-35c281f034ea" testId="db5cfafc-3c17-6a32-7e66-c495d547a55d" testName="ToValues_Passing_ValidEnumType_Returns_ValuesListString" computerName="PC-SFERRARI" duration="00:00:00.0009036" startTime="2020-09-01T17:42:51.2493665+01:00" endTime="2020-09-01T17:42:51.2503626+01:00" testType="13cdc9d9-ddb5-4fa4-a97d-d965ccfc6d4b" outcome="Passed" testListId="8c84fa94-04c1-424b-9868-57a2d4851a1d" relativeResultsDirectory="28ad21ac-487c-4369-8893-35c281f034ea" />
    <UnitTestResult executionId="e1199e3f-e608-4081-9e42-a4d804fbbe1d" testId="af1744a8-849e-ce3d-974d-b0417a9e373e" testName="ToHasErrors_Passing_InvalidValue_Returns_ApplicationExceptionWithMessage" computerName="PC-SFERRARI" duration="00:00:00.0002124" startTime="2020-09-01T17:42:52.9984090+01:00" endTime="2020-09-01T17:42:52.9987101+01:00" testType="13cdc9d9-ddb5-4fa4-a97d-d965ccfc6d4b" outcome="Passed" testListId="8c84fa94-04c1-424b-9868-57a2d4851a1d" relativeResultsDirectory="e1199e3f-e608-4081-9e42-a4d804fbbe1d" />
    <UnitTestResult executionId="a11c7b43-c2d0-48c8-bde1-37c54ceb2cb7" testId="d5a24398-84ec-388f-59a6-8e6575d181fe" testName="IsLess_Passing_InvalidArguments_Returns_HasErrorsAndCount" computerName="PC-SFERRARI" duration="00:00:00.0022563" startTime="2020-09-01T17:42:51.0853646+01:00" endTime="2020-09-01T17:42:51.0877465+01:00" testType="13cdc9d9-ddb5-4fa4-a97d-d965ccfc6d4b" outcome="Passed" testListId="8c84fa94-04c1-424b-9868-57a2d4851a1d" relativeResultsDirectory="a11c7b43-c2d0-48c8-bde1-37c54ceb2cb7" />
    <UnitTestResult executionId="e5f67901-91b2-4a21-9d0b-64b9e05c21dc" testId="8a9a7530-f1ce-f4e5-fbc9-4f531ddefce2" testName="ToEnum_Passing_ValidValueInt_Returns_EnumValue" computerName="PC-SFERRARI" duration="00:00:00.0002365" startTime="2020-09-01T17:42:54.0998852+01:00" endTime="2020-09-01T17:42:54.1002046+01:00" testType="13cdc9d9-ddb5-4fa4-a97d-d965ccfc6d4b" outcome="Passed" testListId="8c84fa94-04c1-424b-9868-57a2d4851a1d" relativeResultsDirectory="e5f67901-91b2-4a21-9d0b-64b9e05c21dc" />
    <UnitTestResult executionId="f0b980fd-9629-4698-bb49-542542d32bca" testId="5b4e0ac0-70e5-7eaa-3490-17d565af10b8" testName="ToRemove_Passing_ValidValue_Returns_ValueWithoutRemovedChars" computerName="PC-SFERRARI" duration="00:00:00.0007854" startTime="2020-09-01T17:42:53.9994122+01:00" endTime="2020-09-01T17:42:54.0005506+01:00" testType="13cdc9d9-ddb5-4fa4-a97d-d965ccfc6d4b" outcome="Passed" testListId="8c84fa94-04c1-424b-9868-57a2d4851a1d" relativeResultsDirectory="f0b980fd-9629-4698-bb49-542542d32bca" resultType="DataDrivenTest">
      <InnerResults>
        <UnitTestResult executionId="36ab4255-8ff5-485c-ab1c-abbdb9397adc" parentExecutionId="f0b980fd-9629-4698-bb49-542542d32bca" testId="5b4e0ac0-70e5-7eaa-3490-17d565af10b8" testName="ToRemove_Passing_ValidValue_Returns_ValueWithoutRemovedChars ( *, ,*)" computerName="PC-SFERRARI" duration="00:00:00.0005601" startTime="2020-09-01T17:42:53.9994122+01:00" endTime="2020-09-01T17:42:54.0005506+01:00" testType="13cdc9d9-ddb5-4fa4-a97d-d965ccfc6d4b" outcome="Passed" testListId="8c84fa94-04c1-424b-9868-57a2d4851a1d" relativeResultsDirectory="36ab4255-8ff5-485c-ab1c-abbdb9397adc" dataRowInfo="1" resultType="DataDrivenDataRow" />
        <UnitTestResult executionId="92135ee9-fc54-4cc9-b913-b33e360a21f9" parentExecutionId="f0b980fd-9629-4698-bb49-542542d32bca" testId="5b4e0ac0-70e5-7eaa-3490-17d565af10b8" testName="ToRemove_Passing_ValidValue_Returns_ValueWithoutRemovedChars (* , ,*)" computerName="PC-SFERRARI" duration="00:00:00.0000064" startTime="2020-09-01T17:42:53.9994122+01:00" endTime="2020-09-01T17:42:54.0005506+01:00" testType="13cdc9d9-ddb5-4fa4-a97d-d965ccfc6d4b" outcome="Passed" testListId="8c84fa94-04c1-424b-9868-57a2d4851a1d" relativeResultsDirectory="92135ee9-fc54-4cc9-b913-b33e360a21f9" dataRowInfo="2" resultType="DataDrivenDataRow" />
        <UnitTestResult executionId="f89d1bec-1c78-49b9-8310-b981e7d3a41c" parentExecutionId="f0b980fd-9629-4698-bb49-542542d32bca" testId="5b4e0ac0-70e5-7eaa-3490-17d565af10b8" testName="ToRemove_Passing_ValidValue_Returns_ValueWithoutRemovedChars ( * , ,*)" computerName="PC-SFERRARI" duration="00:00:00.0000037" startTime="2020-09-01T17:42:53.9994122+01:00" endTime="2020-09-01T17:42:54.0005506+01:00" testType="13cdc9d9-ddb5-4fa4-a97d-d965ccfc6d4b" outcome="Passed" testListId="8c84fa94-04c1-424b-9868-57a2d4851a1d" relativeResultsDirectory="f89d1bec-1c78-49b9-8310-b981e7d3a41c" dataRowInfo="3" resultType="DataDrivenDataRow" />
        <UnitTestResult executionId="5cd6c459-66f9-4e23-9ab5-458bce3c771b" parentExecutionId="f0b980fd-9629-4698-bb49-542542d32bca" testId="5b4e0ac0-70e5-7eaa-3490-17d565af10b8" testName="ToRemove_Passing_ValidValue_Returns_ValueWithoutRemovedChars (hello hello, ,hellohello)" computerName="PC-SFERRARI" duration="00:00:00.0000040" startTime="2020-09-01T17:42:53.9994122+01:00" endTime="2020-09-01T17:42:54.0005506+01:00" testType="13cdc9d9-ddb5-4fa4-a97d-d965ccfc6d4b" outcome="Passed" testListId="8c84fa94-04c1-424b-9868-57a2d4851a1d" relativeResultsDirectory="5cd6c459-66f9-4e23-9ab5-458bce3c771b" dataRowInfo="4" resultType="DataDrivenDataRow" />
        <UnitTestResult executionId="e0ced6ea-66db-4929-950a-011a62d0aeb1" parentExecutionId="f0b980fd-9629-4698-bb49-542542d32bca" testId="5b4e0ac0-70e5-7eaa-3490-17d565af10b8" testName="ToRemove_Passing_ValidValue_Returns_ValueWithoutRemovedChars (hello hello , ,hellohello)" computerName="PC-SFERRARI" duration="00:00:00.0000037" startTime="2020-09-01T17:42:53.9994122+01:00" endTime="2020-09-01T17:42:54.0005506+01:00" testType="13cdc9d9-ddb5-4fa4-a97d-d965ccfc6d4b" outcome="Passed" testListId="8c84fa94-04c1-424b-9868-57a2d4851a1d" relativeResultsDirectory="e0ced6ea-66db-4929-950a-011a62d0aeb1" dataRowInfo="5" resultType="DataDrivenDataRow" />
        <UnitTestResult executionId="28b41098-8988-4ef7-b4dc-1d7838254187" parentExecutionId="f0b980fd-9629-4698-bb49-542542d32bca" testId="5b4e0ac0-70e5-7eaa-3490-17d565af10b8" testName="ToRemove_Passing_ValidValue_Returns_ValueWithoutRemovedChars ( hello hello , ,hellohello)" computerName="PC-SFERRARI" duration="00:00:00.0000038" startTime="2020-09-01T17:42:53.9994122+01:00" endTime="2020-09-01T17:42:54.0005506+01:00" testType="13cdc9d9-ddb5-4fa4-a97d-d965ccfc6d4b" outcome="Passed" testListId="8c84fa94-04c1-424b-9868-57a2d4851a1d" relativeResultsDirectory="28b41098-8988-4ef7-b4dc-1d7838254187" dataRowInfo="6" resultType="DataDrivenDataRow" />
        <UnitTestResult executionId="f39cdf03-3e6e-4105-9016-e572e3d1c2c0" parentExecutionId="f0b980fd-9629-4698-bb49-542542d32bca" testId="5b4e0ac0-70e5-7eaa-3490-17d565af10b8" testName="ToRemove_Passing_ValidValue_Returns_ValueWithoutRemovedChars (aeiou,a,eiou)" computerName="PC-SFERRARI" duration="00:00:00.0000036" startTime="2020-09-01T17:42:53.9994122+01:00" endTime="2020-09-01T17:42:54.0005506+01:00" testType="13cdc9d9-ddb5-4fa4-a97d-d965ccfc6d4b" outcome="Passed" testListId="8c84fa94-04c1-424b-9868-57a2d4851a1d" relativeResultsDirectory="f39cdf03-3e6e-4105-9016-e572e3d1c2c0" dataRowInfo="7" resultType="DataDrivenDataRow" />
        <UnitTestResult executionId="8b06ddbd-e8b5-4602-b036-55f932a748da" parentExecutionId="f0b980fd-9629-4698-bb49-542542d32bca" testId="5b4e0ac0-70e5-7eaa-3490-17d565af10b8" testName="ToRemove_Passing_ValidValue_Returns_ValueWithoutRemovedChars (aeiou,ae,iou)" computerName="PC-SFERRARI" duration="00:00:00.0000033" startTime="2020-09-01T17:42:53.9994122+01:00" endTime="2020-09-01T17:42:54.0005506+01:00" testType="13cdc9d9-ddb5-4fa4-a97d-d965ccfc6d4b" outcome="Passed" testListId="8c84fa94-04c1-424b-9868-57a2d4851a1d" relativeResultsDirectory="8b06ddbd-e8b5-4602-b036-55f932a748da" dataRowInfo="8" resultType="DataDrivenDataRow" />
        <UnitTestResult executionId="7ee8c4a1-5329-4069-b5f7-a839a8df22f5" parentExecutionId="f0b980fd-9629-4698-bb49-542542d32bca" testId="5b4e0ac0-70e5-7eaa-3490-17d565af10b8" testName="ToRemove_Passing_ValidValue_Returns_ValueWithoutRemovedChars (aeiou,aei,ou)" computerName="PC-SFERRARI" duration="00:00:00.0000034" startTime="2020-09-01T17:42:53.9994122+01:00" endTime="2020-09-01T17:42:54.0005506+01:00" testType="13cdc9d9-ddb5-4fa4-a97d-d965ccfc6d4b" outcome="Passed" testListId="8c84fa94-04c1-424b-9868-57a2d4851a1d" relativeResultsDirectory="7ee8c4a1-5329-4069-b5f7-a839a8df22f5" dataRowInfo="9" resultType="DataDrivenDataRow" />
        <UnitTestResult executionId="461b9a38-a898-4a08-bd99-49153b67ff2a" parentExecutionId="f0b980fd-9629-4698-bb49-542542d32bca" testId="5b4e0ac0-70e5-7eaa-3490-17d565af10b8" testName="ToRemove_Passing_ValidValue_Returns_ValueWithoutRemovedChars (aeiou,aeio,u)" computerName="PC-SFERRARI" duration="00:00:00.0000034" startTime="2020-09-01T17:42:53.9994122+01:00" endTime="2020-09-01T17:42:54.0005506+01:00" testType="13cdc9d9-ddb5-4fa4-a97d-d965ccfc6d4b" outcome="Passed" testListId="8c84fa94-04c1-424b-9868-57a2d4851a1d" relativeResultsDirectory="461b9a38-a898-4a08-bd99-49153b67ff2a" dataRowInfo="10" resultType="DataDrivenDataRow" />
        <UnitTestResult executionId="8b6381f1-b9bc-4282-a001-444b467f028b" parentExecutionId="f0b980fd-9629-4698-bb49-542542d32bca" testId="5b4e0ac0-70e5-7eaa-3490-17d565af10b8" testName="ToRemove_Passing_ValidValue_Returns_ValueWithoutRemovedChars (aeiou,aeiou,)" computerName="PC-SFERRARI" duration="00:00:00.0000030" startTime="2020-09-01T17:42:53.9994122+01:00" endTime="2020-09-01T17:42:54.0005506+01:00" testType="13cdc9d9-ddb5-4fa4-a97d-d965ccfc6d4b" outcome="Passed" testListId="8c84fa94-04c1-424b-9868-57a2d4851a1d" relativeResultsDirectory="8b6381f1-b9bc-4282-a001-444b467f028b" dataRowInfo="11" resultType="DataDrivenDataRow" />
        <UnitTestResult executionId="b9ddb997-0aef-4529-9891-e25e971a15b4" parentExecutionId="f0b980fd-9629-4698-bb49-542542d32bca" testId="5b4e0ac0-70e5-7eaa-3490-17d565af10b8" testName="ToRemove_Passing_ValidValue_Returns_ValueWithoutRemovedChars (aeiou,e,aiou)" computerName="PC-SFERRARI" duration="00:00:00.0000035" startTime="2020-09-01T17:42:53.9994122+01:00" endTime="2020-09-01T17:42:54.0005506+01:00" testType="13cdc9d9-ddb5-4fa4-a97d-d965ccfc6d4b" outcome="Passed" testListId="8c84fa94-04c1-424b-9868-57a2d4851a1d" relativeResultsDirectory="b9ddb997-0aef-4529-9891-e25e971a15b4" dataRowInfo="12" resultType="DataDrivenDataRow" />
        <UnitTestResult executionId="7901a72a-e1db-47dd-a3e9-444fe99f979e" parentExecutionId="f0b980fd-9629-4698-bb49-542542d32bca" testId="5b4e0ac0-70e5-7eaa-3490-17d565af10b8" testName="ToRemove_Passing_ValidValue_Returns_ValueWithoutRemovedChars (aeiou,ei,aou)" computerName="PC-SFERRARI" duration="00:00:00.0000042" startTime="2020-09-01T17:42:53.9994122+01:00" endTime="2020-09-01T17:42:54.0005506+01:00" testType="13cdc9d9-ddb5-4fa4-a97d-d965ccfc6d4b" outcome="Passed" testListId="8c84fa94-04c1-424b-9868-57a2d4851a1d" relativeResultsDirectory="7901a72a-e1db-47dd-a3e9-444fe99f979e" dataRowInfo="13" resultType="DataDrivenDataRow" />
      </InnerResults>
    </UnitTestResult>
    <UnitTestResult executionId="ff97f29a-89d8-4431-ba9f-7669a4d525b3" testId="443ca7db-0f3b-fcae-6a2e-98e583e48cd9" testName="IsFile_Passing_InvalidArguments_Returns_HasErrorsAndCount" computerName="PC-SFERRARI" duration="00:00:00.0005029" startTime="2020-09-01T17:42:51.1953866+01:00" endTime="2020-09-01T17:42:51.1959995+01:00" testType="13cdc9d9-ddb5-4fa4-a97d-d965ccfc6d4b" outcome="Passed" testListId="8c84fa94-04c1-424b-9868-57a2d4851a1d" relativeResultsDirectory="ff97f29a-89d8-4431-ba9f-7669a4d525b3" />
    <UnitTestResult executionId="01006020-49d4-4ebe-b84e-89531fb655ef" testId="3389c38d-b655-9e80-9e11-d73eb899bc2f" testName="ToHashAlgorithmName_Passing_InvalidValueString_Returns_Null" computerName="PC-SFERRARI" duration="00:00:00.0001606" startTime="2020-09-01T17:42:54.2978220+01:00" endTime="2020-09-01T17:42:54.2980544+01:00" testType="13cdc9d9-ddb5-4fa4-a97d-d965ccfc6d4b" outcome="Passed" testListId="8c84fa94-04c1-424b-9868-57a2d4851a1d" relativeResultsDirectory="01006020-49d4-4ebe-b84e-89531fb655ef" resultType="DataDrivenTest">
      <InnerResults>
        <UnitTestResult executionId="53a2204c-149e-4688-a9e4-89ef29694af3" parentExecutionId="01006020-49d4-4ebe-b84e-89531fb655ef" testId="3389c38d-b655-9e80-9e11-d73eb899bc2f" testName="ToHashAlgorithmName_Passing_InvalidValueString_Returns_Null (hhhhhh)" computerName="PC-SFERRARI" duration="00:00:00.0001283" startTime="2020-09-01T17:42:54.2978220+01:00" endTime="2020-09-01T17:42:54.2980544+01:00" testType="13cdc9d9-ddb5-4fa4-a97d-d965ccfc6d4b" outcome="Passed" testListId="8c84fa94-04c1-424b-9868-57a2d4851a1d" relativeResultsDirectory="53a2204c-149e-4688-a9e4-89ef29694af3" dataRowInfo="1" resultType="DataDrivenDataRow" />
      </InnerResults>
    </UnitTestResult>
    <UnitTestResult executionId="9955ce89-b6d8-471c-b66f-f5a414e106c3" testId="eba1a61d-f982-44b3-3eb9-7f9cfe190c81" testName="ToTryGetHeader_Passing_HttpRequest_Header_Many_Values_Returns_Values" computerName="PC-SFERRARI" duration="00:00:00.0006640" startTime="2020-09-01T17:42:53.3652451+01:00" endTime="2020-09-01T17:42:53.3660942+01:00" testType="13cdc9d9-ddb5-4fa4-a97d-d965ccfc6d4b" outcome="Passed" testListId="8c84fa94-04c1-424b-9868-57a2d4851a1d" relativeResultsDirectory="9955ce89-b6d8-471c-b66f-f5a414e106c3" />
    <UnitTestResult executionId="a9ad8662-1c11-4fce-a74a-d09038740bed" testId="a69c7595-f0db-0ba4-1afc-11aca5272a96" testName="ToExists_Passing_Valid_Service_Returns_True" computerName="PC-SFERRARI" duration="00:00:00.0003385" startTime="2020-09-01T17:42:53.7601102+01:00" endTime="2020-09-01T17:42:53.7605268+01:00" testType="13cdc9d9-ddb5-4fa4-a97d-d965ccfc6d4b" outcome="Passed" testListId="8c84fa94-04c1-424b-9868-57a2d4851a1d" relativeResultsDirectory="a9ad8662-1c11-4fce-a74a-d09038740bed" />
    <UnitTestResult executionId="3c9f60ac-c674-42aa-8873-b7f9bff51360" testId="08a6c381-273c-f305-1814-942595d17f78" testName="ToWhere_Passing_Null_Predicate_Returns_Same_List" computerName="PC-SFERRARI" duration="00:00:00.0028997" startTime="2020-09-01T17:42:53.7229180+01:00" endTime="2020-09-01T17:42:53.7260287+01:00" testType="13cdc9d9-ddb5-4fa4-a97d-d965ccfc6d4b" outcome="Passed" testListId="8c84fa94-04c1-424b-9868-57a2d4851a1d" relativeResultsDirectory="3c9f60ac-c674-42aa-8873-b7f9bff51360" />
    <UnitTestResult executionId="26e10e72-cfe6-4a8d-9f64-35bb3736cc1e" testId="3dd1d7af-d98a-cc8e-c202-2578f95922fc" testName="ToExists_Passing_Claims_Returns_True" computerName="PC-SFERRARI" duration="00:00:00.0011307" startTime="2020-09-01T17:42:53.1050743+01:00" endTime="2020-09-01T17:42:53.1064234+01:00" testType="13cdc9d9-ddb5-4fa4-a97d-d965ccfc6d4b" outcome="Passed" testListId="8c84fa94-04c1-424b-9868-57a2d4851a1d" relativeResultsDirectory="26e10e72-cfe6-4a8d-9f64-35bb3736cc1e" />
    <UnitTestResult executionId="b3192b36-d2f4-43ec-bd51-195af54d4de4" testId="a3844f97-b72a-2fb2-6c61-6f430a6058b8" testName="ToIsWeekend_Passing_Friday_DateTime_Returns_False" computerName="PC-SFERRARI" duration="00:00:00.0031328" startTime="2020-09-01T17:42:53.1659325+01:00" endTime="2020-09-01T17:42:53.1700507+01:00" testType="13cdc9d9-ddb5-4fa4-a97d-d965ccfc6d4b" outcome="Passed" testListId="8c84fa94-04c1-424b-9868-57a2d4851a1d" relativeResultsDirectory="b3192b36-d2f4-43ec-bd51-195af54d4de4" />
    <UnitTestResult executionId="fb5b5bd8-2af9-4e9b-82d9-3cc63cb110f7" testId="57de2494-db49-05dd-e58f-ea06218b9ada" testName="ToDirectoryTemporary_Passing_ValidValue_Returns_DirectoryExists" computerName="PC-SFERRARI" duration="00:00:00.0018398" startTime="2020-09-01T17:42:54.3866568+01:00" endTime="2020-09-01T17:42:54.3886479+01:00" testType="13cdc9d9-ddb5-4fa4-a97d-d965ccfc6d4b" outcome="Passed" testListId="8c84fa94-04c1-424b-9868-57a2d4851a1d" relativeResultsDirectory="fb5b5bd8-2af9-4e9b-82d9-3cc63cb110f7" />
    <UnitTestResult executionId="127d786d-a4a8-4722-9104-def467955672" testId="31c3a852-cb3d-1abf-a213-17759f717493" testName="CreateSHA256_Passing_Invalid_Arguments_Returns_ApplicationException" computerName="PC-SFERRARI" duration="00:00:00.0437259" startTime="2020-09-01T17:42:51.2765511+01:00" endTime="2020-09-01T17:42:51.3203960+01:00" testType="13cdc9d9-ddb5-4fa4-a97d-d965ccfc6d4b" outcome="Passed" testListId="8c84fa94-04c1-424b-9868-57a2d4851a1d" relativeResultsDirectory="127d786d-a4a8-4722-9104-def467955672" resultType="DataDrivenTest">
      <InnerResults>
        <UnitTestResult executionId="cdc42b31-298a-4ede-8342-667b08a5fde9" parentExecutionId="127d786d-a4a8-4722-9104-def467955672" testId="31c3a852-cb3d-1abf-a213-17759f717493" testName="CreateSHA256_Passing_Invalid_Arguments_Returns_ApplicationException ()" computerName="PC-SFERRARI" duration="00:00:00.0433114" startTime="2020-09-01T17:42:51.2765511+01:00" endTime="2020-09-01T17:42:51.3203960+01:00" testType="13cdc9d9-ddb5-4fa4-a97d-d965ccfc6d4b" outcome="Passed" testListId="8c84fa94-04c1-424b-9868-57a2d4851a1d" relativeResultsDirectory="cdc42b31-298a-4ede-8342-667b08a5fde9" dataRowInfo="1" resultType="DataDrivenDataRow" />
        <UnitTestResult executionId="002fbc6e-3de8-4f0a-9af5-82df9456a704" parentExecutionId="127d786d-a4a8-4722-9104-def467955672" testId="31c3a852-cb3d-1abf-a213-17759f717493" testName="CreateSHA256_Passing_Invalid_Arguments_Returns_ApplicationException ()" computerName="PC-SFERRARI" duration="00:00:00.0002447" startTime="2020-09-01T17:42:51.2765511+01:00" endTime="2020-09-01T17:42:51.3203960+01:00" testType="13cdc9d9-ddb5-4fa4-a97d-d965ccfc6d4b" outcome="Passed" testListId="8c84fa94-04c1-424b-9868-57a2d4851a1d" relativeResultsDirectory="002fbc6e-3de8-4f0a-9af5-82df9456a704" dataRowInfo="2" resultType="DataDrivenDataRow" />
        <UnitTestResult executionId="43d9285e-2bd5-40fe-a690-22c40b0de53a" parentExecutionId="127d786d-a4a8-4722-9104-def467955672" testId="31c3a852-cb3d-1abf-a213-17759f717493" testName="CreateSHA256_Passing_Invalid_Arguments_Returns_ApplicationException ( )" computerName="PC-SFERRARI" duration="00:00:00.0000484" startTime="2020-09-01T17:42:51.2765511+01:00" endTime="2020-09-01T17:42:51.3203960+01:00" testType="13cdc9d9-ddb5-4fa4-a97d-d965ccfc6d4b" outcome="Passed" testListId="8c84fa94-04c1-424b-9868-57a2d4851a1d" relativeResultsDirectory="43d9285e-2bd5-40fe-a690-22c40b0de53a" dataRowInfo="3" resultType="DataDrivenDataRow" />
      </InnerResults>
    </UnitTestResult>
    <UnitTestResult executionId="a9a55923-e2ff-4808-b029-ba07b03f6906" testId="b364b6e1-95a1-b398-9d67-82ff351b0e55" testName="ToDefaultValue_Passing_ulong_Returns_Cero" computerName="PC-SFERRARI" duration="00:00:00.0002427" startTime="2020-09-01T17:42:53.2585739+01:00" endTime="2020-09-01T17:42:53.2588802+01:00" testType="13cdc9d9-ddb5-4fa4-a97d-d965ccfc6d4b" outcome="Passed" testListId="8c84fa94-04c1-424b-9868-57a2d4851a1d" relativeResultsDirectory="a9a55923-e2ff-4808-b029-ba07b03f6906" resultType="DataDrivenTest">
      <InnerResults>
        <UnitTestResult executionId="5346277f-32f4-4d3a-bbff-d908dcf16e81" parentExecutionId="a9a55923-e2ff-4808-b029-ba07b03f6906" testId="b364b6e1-95a1-b398-9d67-82ff351b0e55" testName="ToDefaultValue_Passing_ulong_Returns_Cero (18446744073709551615)" computerName="PC-SFERRARI" duration="00:00:00.0002020" startTime="2020-09-01T17:42:53.2585739+01:00" endTime="2020-09-01T17:42:53.2588802+01:00" testType="13cdc9d9-ddb5-4fa4-a97d-d965ccfc6d4b" outcome="Passed" testListId="8c84fa94-04c1-424b-9868-57a2d4851a1d" relativeResultsDirectory="5346277f-32f4-4d3a-bbff-d908dcf16e81" dataRowInfo="1" resultType="DataDrivenDataRow" />
      </InnerResults>
    </UnitTestResult>
    <UnitTestResult executionId="22c7848a-efdb-4d05-841f-8f5bd9e27c88" testId="021d8bec-70f5-dd9f-32d5-eac1f19b0740" testName="ToIsLastDayOfTheMonth_Passing_NotLastDayOfMonth_Returns_False" computerName="PC-SFERRARI" duration="00:00:00.0002657" startTime="2020-09-01T17:42:53.1873076+01:00" endTime="2020-09-01T17:42:53.1876527+01:00" testType="13cdc9d9-ddb5-4fa4-a97d-d965ccfc6d4b" outcome="Passed" testListId="8c84fa94-04c1-424b-9868-57a2d4851a1d" relativeResultsDirectory="22c7848a-efdb-4d05-841f-8f5bd9e27c88" />
    <UnitTestResult executionId="cb458fdb-1791-4521-a40a-5a0618ccaece" testId="b9f84f47-79ca-0306-391d-c23274e874c8" testName="ToUri_Passing_ValidValueString_Returns_Uri" computerName="PC-SFERRARI" duration="00:00:00.0013161" startTime="2020-09-01T17:42:54.1399288+01:00" endTime="2020-09-01T17:42:54.1414348+01:00" testType="13cdc9d9-ddb5-4fa4-a97d-d965ccfc6d4b" outcome="Passed" testListId="8c84fa94-04c1-424b-9868-57a2d4851a1d" relativeResultsDirectory="cb458fdb-1791-4521-a40a-5a0618ccaece" resultType="DataDrivenTest">
      <InnerResults>
        <UnitTestResult executionId="1791b370-ae14-4e71-a08f-223a4e8d660f" parentExecutionId="cb458fdb-1791-4521-a40a-5a0618ccaece" testId="b9f84f47-79ca-0306-391d-c23274e874c8" testName="ToUri_Passing_ValidValueString_Returns_Uri (http://foo.com/blah_blah)" computerName="PC-SFERRARI" duration="00:00:00.0002482" startTime="2020-09-01T17:42:54.1399288+01:00" endTime="2020-09-01T17:42:54.1414348+01:00" testType="13cdc9d9-ddb5-4fa4-a97d-d965ccfc6d4b" outcome="Passed" testListId="8c84fa94-04c1-424b-9868-57a2d4851a1d" relativeResultsDirectory="1791b370-ae14-4e71-a08f-223a4e8d660f" dataRowInfo="1" resultType="DataDrivenDataRow" />
        <UnitTestResult executionId="d8db464c-8510-474d-9eb2-89adec4250f1" parentExecutionId="cb458fdb-1791-4521-a40a-5a0618ccaece" testId="b9f84f47-79ca-0306-391d-c23274e874c8" testName="ToUri_Passing_ValidValueString_Returns_Uri (http://foo.com/blah_blah/)" computerName="PC-SFERRARI" duration="00:00:00.0000056" startTime="2020-09-01T17:42:54.1399288+01:00" endTime="2020-09-01T17:42:54.1414348+01:00" testType="13cdc9d9-ddb5-4fa4-a97d-d965ccfc6d4b" outcome="Passed" testListId="8c84fa94-04c1-424b-9868-57a2d4851a1d" relativeResultsDirectory="d8db464c-8510-474d-9eb2-89adec4250f1" dataRowInfo="2" resultType="DataDrivenDataRow" />
        <UnitTestResult executionId="1738d3fa-8751-4a0c-b610-58518726039f" parentExecutionId="cb458fdb-1791-4521-a40a-5a0618ccaece" testId="b9f84f47-79ca-0306-391d-c23274e874c8" testName="ToUri_Passing_ValidValueString_Returns_Uri (http://foo.com/blah_blah/p=5)" computerName="PC-SFERRARI" duration="00:00:00.0000036" startTime="2020-09-01T17:42:54.1399288+01:00" endTime="2020-09-01T17:42:54.1414348+01:00" testType="13cdc9d9-ddb5-4fa4-a97d-d965ccfc6d4b" outcome="Passed" testListId="8c84fa94-04c1-424b-9868-57a2d4851a1d" relativeResultsDirectory="1738d3fa-8751-4a0c-b610-58518726039f" dataRowInfo="3" resultType="DataDrivenDataRow" />
        <UnitTestResult executionId="034b79c8-ffc2-4732-8c4e-82315703aea0" parentExecutionId="cb458fdb-1791-4521-a40a-5a0618ccaece" testId="b9f84f47-79ca-0306-391d-c23274e874c8" testName="ToUri_Passing_ValidValueString_Returns_Uri (http://foo.com/blah_blah?p=5)" computerName="PC-SFERRARI" duration="00:00:00.0000029" startTime="2020-09-01T17:42:54.1399288+01:00" endTime="2020-09-01T17:42:54.1414348+01:00" testType="13cdc9d9-ddb5-4fa4-a97d-d965ccfc6d4b" outcome="Passed" testListId="8c84fa94-04c1-424b-9868-57a2d4851a1d" relativeResultsDirectory="034b79c8-ffc2-4732-8c4e-82315703aea0" dataRowInfo="4" resultType="DataDrivenDataRow" />
        <UnitTestResult executionId="3e01660d-7486-4e8c-8a97-a0d01a0eb7f8" parentExecutionId="cb458fdb-1791-4521-a40a-5a0618ccaece" testId="b9f84f47-79ca-0306-391d-c23274e874c8" testName="ToUri_Passing_ValidValueString_Returns_Uri (http://foo.com/blah_blah?p=5&amp;j=fe)" computerName="PC-SFERRARI" duration="00:00:00.0000026" startTime="2020-09-01T17:42:54.1399288+01:00" endTime="2020-09-01T17:42:54.1414348+01:00" testType="13cdc9d9-ddb5-4fa4-a97d-d965ccfc6d4b" outcome="Passed" testListId="8c84fa94-04c1-424b-9868-57a2d4851a1d" relativeResultsDirectory="3e01660d-7486-4e8c-8a97-a0d01a0eb7f8" dataRowInfo="5" resultType="DataDrivenDataRow" />
        <UnitTestResult executionId="af12d65e-732e-4439-bbee-c895c4642059" parentExecutionId="cb458fdb-1791-4521-a40a-5a0618ccaece" testId="b9f84f47-79ca-0306-391d-c23274e874c8" testName="ToUri_Passing_ValidValueString_Returns_Uri (https://foo.com/blah_blah)" computerName="PC-SFERRARI" duration="00:00:00.0000027" startTime="2020-09-01T17:42:54.1399288+01:00" endTime="2020-09-01T17:42:54.1414348+01:00" testType="13cdc9d9-ddb5-4fa4-a97d-d965ccfc6d4b" outcome="Passed" testListId="8c84fa94-04c1-424b-9868-57a2d4851a1d" relativeResultsDirectory="af12d65e-732e-4439-bbee-c895c4642059" dataRowInfo="6" resultType="DataDrivenDataRow" />
        <UnitTestResult executionId="acdda8ca-fc61-4710-9d17-4276a3b53e91" parentExecutionId="cb458fdb-1791-4521-a40a-5a0618ccaece" testId="b9f84f47-79ca-0306-391d-c23274e874c8" testName="ToUri_Passing_ValidValueString_Returns_Uri (https://foo.com/blah_blah/)" computerName="PC-SFERRARI" duration="00:00:00.0000027" startTime="2020-09-01T17:42:54.1399288+01:00" endTime="2020-09-01T17:42:54.1414348+01:00" testType="13cdc9d9-ddb5-4fa4-a97d-d965ccfc6d4b" outcome="Passed" testListId="8c84fa94-04c1-424b-9868-57a2d4851a1d" relativeResultsDirectory="acdda8ca-fc61-4710-9d17-4276a3b53e91" dataRowInfo="7" resultType="DataDrivenDataRow" />
        <UnitTestResult executionId="1353375a-83e4-488d-b779-ef656cc9416d" parentExecutionId="cb458fdb-1791-4521-a40a-5a0618ccaece" testId="b9f84f47-79ca-0306-391d-c23274e874c8" testName="ToUri_Passing_ValidValueString_Returns_Uri (https://foo.com/blah_blah/p=5)" computerName="PC-SFERRARI" duration="00:00:00.0000027" startTime="2020-09-01T17:42:54.1399288+01:00" endTime="2020-09-01T17:42:54.1414348+01:00" testType="13cdc9d9-ddb5-4fa4-a97d-d965ccfc6d4b" outcome="Passed" testListId="8c84fa94-04c1-424b-9868-57a2d4851a1d" relativeResultsDirectory="1353375a-83e4-488d-b779-ef656cc9416d" dataRowInfo="8" resultType="DataDrivenDataRow" />
        <UnitTestResult executionId="6de07091-9062-41f4-aac1-15a3de7c20f0" parentExecutionId="cb458fdb-1791-4521-a40a-5a0618ccaece" testId="b9f84f47-79ca-0306-391d-c23274e874c8" testName="ToUri_Passing_ValidValueString_Returns_Uri (https://foo.com/blah_blah?p=5)" computerName="PC-SFERRARI" duration="00:00:00.0000027" startTime="2020-09-01T17:42:54.1399288+01:00" endTime="2020-09-01T17:42:54.1414348+01:00" testType="13cdc9d9-ddb5-4fa4-a97d-d965ccfc6d4b" outcome="Passed" testListId="8c84fa94-04c1-424b-9868-57a2d4851a1d" relativeResultsDirectory="6de07091-9062-41f4-aac1-15a3de7c20f0" dataRowInfo="9" resultType="DataDrivenDataRow" />
        <UnitTestResult executionId="67c3fbf7-c5e5-4a2b-b0dc-105a6ab8e83e" parentExecutionId="cb458fdb-1791-4521-a40a-5a0618ccaece" testId="b9f84f47-79ca-0306-391d-c23274e874c8" testName="ToUri_Passing_ValidValueString_Returns_Uri (https://foo.com/blah_blah?p=5&amp;j=fe)" computerName="PC-SFERRARI" duration="00:00:00.0000027" startTime="2020-09-01T17:42:54.1399288+01:00" endTime="2020-09-01T17:42:54.1414348+01:00" testType="13cdc9d9-ddb5-4fa4-a97d-d965ccfc6d4b" outcome="Passed" testListId="8c84fa94-04c1-424b-9868-57a2d4851a1d" relativeResultsDirectory="67c3fbf7-c5e5-4a2b-b0dc-105a6ab8e83e" dataRowInfo="10" resultType="DataDrivenDataRow" />
        <UnitTestResult executionId="6dc3f73c-dac3-410e-8880-131a386a148b" parentExecutionId="cb458fdb-1791-4521-a40a-5a0618ccaece" testId="b9f84f47-79ca-0306-391d-c23274e874c8" testName="ToUri_Passing_ValidValueString_Returns_Uri (//foo.com/blah_blah)" computerName="PC-SFERRARI" duration="00:00:00.0000026" startTime="2020-09-01T17:42:54.1399288+01:00" endTime="2020-09-01T17:42:54.1414348+01:00" testType="13cdc9d9-ddb5-4fa4-a97d-d965ccfc6d4b" outcome="Passed" testListId="8c84fa94-04c1-424b-9868-57a2d4851a1d" relativeResultsDirectory="6dc3f73c-dac3-410e-8880-131a386a148b" dataRowInfo="11" resultType="DataDrivenDataRow" />
        <UnitTestResult executionId="68c4fe06-afcd-43fb-bb2f-db248d73856a" parentExecutionId="cb458fdb-1791-4521-a40a-5a0618ccaece" testId="b9f84f47-79ca-0306-391d-c23274e874c8" testName="ToUri_Passing_ValidValueString_Returns_Uri (//foo.com/blah_blah/)" computerName="PC-SFERRARI" duration="00:00:00.0000024" startTime="2020-09-01T17:42:54.1399288+01:00" endTime="2020-09-01T17:42:54.1414348+01:00" testType="13cdc9d9-ddb5-4fa4-a97d-d965ccfc6d4b" outcome="Passed" testListId="8c84fa94-04c1-424b-9868-57a2d4851a1d" relativeResultsDirectory="68c4fe06-afcd-43fb-bb2f-db248d73856a" dataRowInfo="12" resultType="DataDrivenDataRow" />
        <UnitTestResult executionId="1ec924ed-d47f-443e-967d-683605d11459" parentExecutionId="cb458fdb-1791-4521-a40a-5a0618ccaece" testId="b9f84f47-79ca-0306-391d-c23274e874c8" testName="ToUri_Passing_ValidValueString_Returns_Uri (//foo.com/blah_blah/p=5)" computerName="PC-SFERRARI" duration="00:00:00.0000029" startTime="2020-09-01T17:42:54.1399288+01:00" endTime="2020-09-01T17:42:54.1414348+01:00" testType="13cdc9d9-ddb5-4fa4-a97d-d965ccfc6d4b" outcome="Passed" testListId="8c84fa94-04c1-424b-9868-57a2d4851a1d" relativeResultsDirectory="1ec924ed-d47f-443e-967d-683605d11459" dataRowInfo="13" resultType="DataDrivenDataRow" />
        <UnitTestResult executionId="4ad985e0-d04a-428a-b48d-3e22e269a7b1" parentExecutionId="cb458fdb-1791-4521-a40a-5a0618ccaece" testId="b9f84f47-79ca-0306-391d-c23274e874c8" testName="ToUri_Passing_ValidValueString_Returns_Uri (//foo.com/blah_blah?p=5)" computerName="PC-SFERRARI" duration="00:00:00.0000023" startTime="2020-09-01T17:42:54.1399288+01:00" endTime="2020-09-01T17:42:54.1414348+01:00" testType="13cdc9d9-ddb5-4fa4-a97d-d965ccfc6d4b" outcome="Passed" testListId="8c84fa94-04c1-424b-9868-57a2d4851a1d" relativeResultsDirectory="4ad985e0-d04a-428a-b48d-3e22e269a7b1" dataRowInfo="14" resultType="DataDrivenDataRow" />
        <UnitTestResult executionId="c1425b42-8ede-43d1-a729-62dbfb31b818" parentExecutionId="cb458fdb-1791-4521-a40a-5a0618ccaece" testId="b9f84f47-79ca-0306-391d-c23274e874c8" testName="ToUri_Passing_ValidValueString_Returns_Uri (//foo.com/blah_blah?p=5&amp;j=fe)" computerName="PC-SFERRARI" duration="00:00:00.0000022" startTime="2020-09-01T17:42:54.1399288+01:00" endTime="2020-09-01T17:42:54.1414348+01:00" testType="13cdc9d9-ddb5-4fa4-a97d-d965ccfc6d4b" outcome="Passed" testListId="8c84fa94-04c1-424b-9868-57a2d4851a1d" relativeResultsDirectory="c1425b42-8ede-43d1-a729-62dbfb31b818" dataRowInfo="15" resultType="DataDrivenDataRow" />
        <UnitTestResult executionId="29bbe210-35de-43e0-b277-4fadfd9aad11" parentExecutionId="cb458fdb-1791-4521-a40a-5a0618ccaece" testId="b9f84f47-79ca-0306-391d-c23274e874c8" testName="ToUri_Passing_ValidValueString_Returns_Uri (http://foo.com/blah_blah_(wikipedia))" computerName="PC-SFERRARI" duration="00:00:00.0000026" startTime="2020-09-01T17:42:54.1399288+01:00" endTime="2020-09-01T17:42:54.1414348+01:00" testType="13cdc9d9-ddb5-4fa4-a97d-d965ccfc6d4b" outcome="Passed" testListId="8c84fa94-04c1-424b-9868-57a2d4851a1d" relativeResultsDirectory="29bbe210-35de-43e0-b277-4fadfd9aad11" dataRowInfo="16" resultType="DataDrivenDataRow" />
        <UnitTestResult executionId="a8b6be03-fd82-41b4-9479-c1e19057d576" parentExecutionId="cb458fdb-1791-4521-a40a-5a0618ccaece" testId="b9f84f47-79ca-0306-391d-c23274e874c8" testName="ToUri_Passing_ValidValueString_Returns_Uri (http://foo.com/blah_blah_(wikipedia)_(again))" computerName="PC-SFERRARI" duration="00:00:00.0000028" startTime="2020-09-01T17:42:54.1399288+01:00" endTime="2020-09-01T17:42:54.1414348+01:00" testType="13cdc9d9-ddb5-4fa4-a97d-d965ccfc6d4b" outcome="Passed" testListId="8c84fa94-04c1-424b-9868-57a2d4851a1d" relativeResultsDirectory="a8b6be03-fd82-41b4-9479-c1e19057d576" dataRowInfo="17" resultType="DataDrivenDataRow" />
        <UnitTestResult executionId="85d3256d-5d06-464b-971e-a9dcc137466c" parentExecutionId="cb458fdb-1791-4521-a40a-5a0618ccaece" testId="b9f84f47-79ca-0306-391d-c23274e874c8" testName="ToUri_Passing_ValidValueString_Returns_Uri (http://www.example.com/wpstyle/?p=364)" computerName="PC-SFERRARI" duration="00:00:00.0000029" startTime="2020-09-01T17:42:54.1399288+01:00" endTime="2020-09-01T17:42:54.1414348+01:00" testType="13cdc9d9-ddb5-4fa4-a97d-d965ccfc6d4b" outcome="Passed" testListId="8c84fa94-04c1-424b-9868-57a2d4851a1d" relativeResultsDirectory="85d3256d-5d06-464b-971e-a9dcc137466c" dataRowInfo="18" resultType="DataDrivenDataRow" />
        <UnitTestResult executionId="43c1ec80-effd-4dcd-91c6-af084ca681f2" parentExecutionId="cb458fdb-1791-4521-a40a-5a0618ccaece" testId="b9f84f47-79ca-0306-391d-c23274e874c8" testName="ToUri_Passing_ValidValueString_Returns_Uri (https://www.example.com/foo/?bar=baz&amp;inga=42&amp;quux)" computerName="PC-SFERRARI" duration="00:00:00.0000029" startTime="2020-09-01T17:42:54.1399288+01:00" endTime="2020-09-01T17:42:54.1414348+01:00" testType="13cdc9d9-ddb5-4fa4-a97d-d965ccfc6d4b" outcome="Passed" testListId="8c84fa94-04c1-424b-9868-57a2d4851a1d" relativeResultsDirectory="43c1ec80-effd-4dcd-91c6-af084ca681f2" dataRowInfo="19" resultType="DataDrivenDataRow" />
        <UnitTestResult executionId="b001d7be-ae8f-47cf-a7cc-4f50215c0852" parentExecutionId="cb458fdb-1791-4521-a40a-5a0618ccaece" testId="b9f84f47-79ca-0306-391d-c23274e874c8" testName="ToUri_Passing_ValidValueString_Returns_Uri (http://✪df.ws/123)" computerName="PC-SFERRARI" duration="00:00:00.0003218" startTime="2020-09-01T17:42:54.1399288+01:00" endTime="2020-09-01T17:42:54.1414348+01:00" testType="13cdc9d9-ddb5-4fa4-a97d-d965ccfc6d4b" outcome="Passed" testListId="8c84fa94-04c1-424b-9868-57a2d4851a1d" relativeResultsDirectory="b001d7be-ae8f-47cf-a7cc-4f50215c0852" dataRowInfo="20" resultType="DataDrivenDataRow" />
        <UnitTestResult executionId="f19a2463-3ea6-4e51-8047-e7d7d05613e5" parentExecutionId="cb458fdb-1791-4521-a40a-5a0618ccaece" testId="b9f84f47-79ca-0306-391d-c23274e874c8" testName="ToUri_Passing_ValidValueString_Returns_Uri (http://userid:password@example.com:8080)" computerName="PC-SFERRARI" duration="00:00:00.0000173" startTime="2020-09-01T17:42:54.1399288+01:00" endTime="2020-09-01T17:42:54.1414348+01:00" testType="13cdc9d9-ddb5-4fa4-a97d-d965ccfc6d4b" outcome="Passed" testListId="8c84fa94-04c1-424b-9868-57a2d4851a1d" relativeResultsDirectory="f19a2463-3ea6-4e51-8047-e7d7d05613e5" dataRowInfo="21" resultType="DataDrivenDataRow" />
        <UnitTestResult executionId="2a7902e6-7063-4ad0-9c9f-ee4a38c96959" parentExecutionId="cb458fdb-1791-4521-a40a-5a0618ccaece" testId="b9f84f47-79ca-0306-391d-c23274e874c8" testName="ToUri_Passing_ValidValueString_Returns_Uri (http://userid:password@example.com:8080/)" computerName="PC-SFERRARI" duration="00:00:00.0000036" startTime="2020-09-01T17:42:54.1399288+01:00" endTime="2020-09-01T17:42:54.1414348+01:00" testType="13cdc9d9-ddb5-4fa4-a97d-d965ccfc6d4b" outcome="Passed" testListId="8c84fa94-04c1-424b-9868-57a2d4851a1d" relativeResultsDirectory="2a7902e6-7063-4ad0-9c9f-ee4a38c96959" dataRowInfo="22" resultType="DataDrivenDataRow" />
        <UnitTestResult executionId="234d829d-97b5-4e7e-8e4f-b952061d2625" parentExecutionId="cb458fdb-1791-4521-a40a-5a0618ccaece" testId="b9f84f47-79ca-0306-391d-c23274e874c8" testName="ToUri_Passing_ValidValueString_Returns_Uri (http://userid@example.com)" computerName="PC-SFERRARI" duration="00:00:00.0000037" startTime="2020-09-01T17:42:54.1399288+01:00" endTime="2020-09-01T17:42:54.1414348+01:00" testType="13cdc9d9-ddb5-4fa4-a97d-d965ccfc6d4b" outcome="Passed" testListId="8c84fa94-04c1-424b-9868-57a2d4851a1d" relativeResultsDirectory="234d829d-97b5-4e7e-8e4f-b952061d2625" dataRowInfo="23" resultType="DataDrivenDataRow" />
        <UnitTestResult executionId="a2400926-b63b-4e62-aa5b-5d8906ac6031" parentExecutionId="cb458fdb-1791-4521-a40a-5a0618ccaece" testId="b9f84f47-79ca-0306-391d-c23274e874c8" testName="ToUri_Passing_ValidValueString_Returns_Uri (http://userid@example.com/)" computerName="PC-SFERRARI" duration="00:00:00.0000029" startTime="2020-09-01T17:42:54.1399288+01:00" endTime="2020-09-01T17:42:54.1414348+01:00" testType="13cdc9d9-ddb5-4fa4-a97d-d965ccfc6d4b" outcome="Passed" testListId="8c84fa94-04c1-424b-9868-57a2d4851a1d" relativeResultsDirectory="a2400926-b63b-4e62-aa5b-5d8906ac6031" dataRowInfo="24" resultType="DataDrivenDataRow" />
        <UnitTestResult executionId="49c635f8-3392-4889-9b10-bafbd5bc50a9" parentExecutionId="cb458fdb-1791-4521-a40a-5a0618ccaece" testId="b9f84f47-79ca-0306-391d-c23274e874c8" testName="ToUri_Passing_ValidValueString_Returns_Uri (http://userid@example.com:8080)" computerName="PC-SFERRARI" duration="00:00:00.0000029" startTime="2020-09-01T17:42:54.1399288+01:00" endTime="2020-09-01T17:42:54.1414348+01:00" testType="13cdc9d9-ddb5-4fa4-a97d-d965ccfc6d4b" outcome="Passed" testListId="8c84fa94-04c1-424b-9868-57a2d4851a1d" relativeResultsDirectory="49c635f8-3392-4889-9b10-bafbd5bc50a9" dataRowInfo="25" resultType="DataDrivenDataRow" />
        <UnitTestResult executionId="5f6f9367-cb5f-4a7f-a699-671fc7caddf5" parentExecutionId="cb458fdb-1791-4521-a40a-5a0618ccaece" testId="b9f84f47-79ca-0306-391d-c23274e874c8" testName="ToUri_Passing_ValidValueString_Returns_Uri (http://userid@example.com:8080/)" computerName="PC-SFERRARI" duration="00:00:00.0000028" startTime="2020-09-01T17:42:54.1399288+01:00" endTime="2020-09-01T17:42:54.1414348+01:00" testType="13cdc9d9-ddb5-4fa4-a97d-d965ccfc6d4b" outcome="Passed" testListId="8c84fa94-04c1-424b-9868-57a2d4851a1d" relativeResultsDirectory="5f6f9367-cb5f-4a7f-a699-671fc7caddf5" dataRowInfo="26" resultType="DataDrivenDataRow" />
        <UnitTestResult executionId="b07516f1-0d2b-46f4-a930-7bb9dab46324" parentExecutionId="cb458fdb-1791-4521-a40a-5a0618ccaece" testId="b9f84f47-79ca-0306-391d-c23274e874c8" testName="ToUri_Passing_ValidValueString_Returns_Uri (http://userid:password@example.com)" computerName="PC-SFERRARI" duration="00:00:00.0000029" startTime="2020-09-01T17:42:54.1399288+01:00" endTime="2020-09-01T17:42:54.1414348+01:00" testType="13cdc9d9-ddb5-4fa4-a97d-d965ccfc6d4b" outcome="Passed" testListId="8c84fa94-04c1-424b-9868-57a2d4851a1d" relativeResultsDirectory="b07516f1-0d2b-46f4-a930-7bb9dab46324" dataRowInfo="27" resultType="DataDrivenDataRow" />
        <UnitTestResult executionId="d203c5ae-51b9-4863-aa87-ed458aede6a4" parentExecutionId="cb458fdb-1791-4521-a40a-5a0618ccaece" testId="b9f84f47-79ca-0306-391d-c23274e874c8" testName="ToUri_Passing_ValidValueString_Returns_Uri (http://userid:password@example.com/)" computerName="PC-SFERRARI" duration="00:00:00.0000029" startTime="2020-09-01T17:42:54.1399288+01:00" endTime="2020-09-01T17:42:54.1414348+01:00" testType="13cdc9d9-ddb5-4fa4-a97d-d965ccfc6d4b" outcome="Passed" testListId="8c84fa94-04c1-424b-9868-57a2d4851a1d" relativeResultsDirectory="d203c5ae-51b9-4863-aa87-ed458aede6a4" dataRowInfo="28" resultType="DataDrivenDataRow" />
        <UnitTestResult executionId="49df465f-2e08-4260-a029-a140a8927e6d" parentExecutionId="cb458fdb-1791-4521-a40a-5a0618ccaece" testId="b9f84f47-79ca-0306-391d-c23274e874c8" testName="ToUri_Passing_ValidValueString_Returns_Uri (http://142.42.1.1/)" computerName="PC-SFERRARI" duration="00:00:00.0000058" startTime="2020-09-01T17:42:54.1399288+01:00" endTime="2020-09-01T17:42:54.1414348+01:00" testType="13cdc9d9-ddb5-4fa4-a97d-d965ccfc6d4b" outcome="Passed" testListId="8c84fa94-04c1-424b-9868-57a2d4851a1d" relativeResultsDirectory="49df465f-2e08-4260-a029-a140a8927e6d" dataRowInfo="29" resultType="DataDrivenDataRow" />
        <UnitTestResult executionId="f69156b9-027a-41b2-ba80-6a7d3be51620" parentExecutionId="cb458fdb-1791-4521-a40a-5a0618ccaece" testId="b9f84f47-79ca-0306-391d-c23274e874c8" testName="ToUri_Passing_ValidValueString_Returns_Uri (http://142.42.1.1:8080/)" computerName="PC-SFERRARI" duration="00:00:00.0000041" startTime="2020-09-01T17:42:54.1399288+01:00" endTime="2020-09-01T17:42:54.1414348+01:00" testType="13cdc9d9-ddb5-4fa4-a97d-d965ccfc6d4b" outcome="Passed" testListId="8c84fa94-04c1-424b-9868-57a2d4851a1d" relativeResultsDirectory="f69156b9-027a-41b2-ba80-6a7d3be51620" dataRowInfo="30" resultType="DataDrivenDataRow" />
        <UnitTestResult executionId="68a47ff0-bc33-44de-ab3d-f97bf4ccb01d" parentExecutionId="cb458fdb-1791-4521-a40a-5a0618ccaece" testId="b9f84f47-79ca-0306-391d-c23274e874c8" testName="ToUri_Passing_ValidValueString_Returns_Uri (http://➡.ws/䨹)" computerName="PC-SFERRARI" duration="00:00:00.0000260" startTime="2020-09-01T17:42:54.1399288+01:00" endTime="2020-09-01T17:42:54.1414348+01:00" testType="13cdc9d9-ddb5-4fa4-a97d-d965ccfc6d4b" outcome="Passed" testListId="8c84fa94-04c1-424b-9868-57a2d4851a1d" relativeResultsDirectory="68a47ff0-bc33-44de-ab3d-f97bf4ccb01d" dataRowInfo="31" resultType="DataDrivenDataRow" />
        <UnitTestResult executionId="9c442b6f-065d-479f-8a06-b2021895cf37" parentExecutionId="cb458fdb-1791-4521-a40a-5a0618ccaece" testId="b9f84f47-79ca-0306-391d-c23274e874c8" testName="ToUri_Passing_ValidValueString_Returns_Uri (http://⌘.ws)" computerName="PC-SFERRARI" duration="00:00:00.0000111" startTime="2020-09-01T17:42:54.1399288+01:00" endTime="2020-09-01T17:42:54.1414348+01:00" testType="13cdc9d9-ddb5-4fa4-a97d-d965ccfc6d4b" outcome="Passed" testListId="8c84fa94-04c1-424b-9868-57a2d4851a1d" relativeResultsDirectory="9c442b6f-065d-479f-8a06-b2021895cf37" dataRowInfo="32" resultType="DataDrivenDataRow" />
        <UnitTestResult executionId="ab779c57-20be-436f-ad36-16f659e46e57" parentExecutionId="cb458fdb-1791-4521-a40a-5a0618ccaece" testId="b9f84f47-79ca-0306-391d-c23274e874c8" testName="ToUri_Passing_ValidValueString_Returns_Uri (http://⌘.ws/)" computerName="PC-SFERRARI" duration="00:00:00.0000060" startTime="2020-09-01T17:42:54.1399288+01:00" endTime="2020-09-01T17:42:54.1414348+01:00" testType="13cdc9d9-ddb5-4fa4-a97d-d965ccfc6d4b" outcome="Passed" testListId="8c84fa94-04c1-424b-9868-57a2d4851a1d" relativeResultsDirectory="ab779c57-20be-436f-ad36-16f659e46e57" dataRowInfo="33" resultType="DataDrivenDataRow" />
        <UnitTestResult executionId="502ce57c-f6ab-437a-a424-fa5f2c01d2c1" parentExecutionId="cb458fdb-1791-4521-a40a-5a0618ccaece" testId="b9f84f47-79ca-0306-391d-c23274e874c8" testName="ToUri_Passing_ValidValueString_Returns_Uri (http://foo.com/blah_(wikipedia)#cite-1)" computerName="PC-SFERRARI" duration="00:00:00.0000031" startTime="2020-09-01T17:42:54.1399288+01:00" endTime="2020-09-01T17:42:54.1414348+01:00" testType="13cdc9d9-ddb5-4fa4-a97d-d965ccfc6d4b" outcome="Passed" testListId="8c84fa94-04c1-424b-9868-57a2d4851a1d" relativeResultsDirectory="502ce57c-f6ab-437a-a424-fa5f2c01d2c1" dataRowInfo="34" resultType="DataDrivenDataRow" />
        <UnitTestResult executionId="ff348770-1973-4156-9de4-9dadc2c8e222" parentExecutionId="cb458fdb-1791-4521-a40a-5a0618ccaece" testId="b9f84f47-79ca-0306-391d-c23274e874c8" testName="ToUri_Passing_ValidValueString_Returns_Uri (http://foo.com/blah_(wikipedia)_blah#cite-1)" computerName="PC-SFERRARI" duration="00:00:00.0000027" startTime="2020-09-01T17:42:54.1399288+01:00" endTime="2020-09-01T17:42:54.1414348+01:00" testType="13cdc9d9-ddb5-4fa4-a97d-d965ccfc6d4b" outcome="Passed" testListId="8c84fa94-04c1-424b-9868-57a2d4851a1d" relativeResultsDirectory="ff348770-1973-4156-9de4-9dadc2c8e222" dataRowInfo="35" resultType="DataDrivenDataRow" />
        <UnitTestResult executionId="84e8dbd1-2505-4e92-bcb0-087c2f8a8330" parentExecutionId="cb458fdb-1791-4521-a40a-5a0618ccaece" testId="b9f84f47-79ca-0306-391d-c23274e874c8" testName="ToUri_Passing_ValidValueString_Returns_Uri (http://foo.com/unicode_(✪)_in_parens)" computerName="PC-SFERRARI" duration="00:00:00.0000063" startTime="2020-09-01T17:42:54.1399288+01:00" endTime="2020-09-01T17:42:54.1414348+01:00" testType="13cdc9d9-ddb5-4fa4-a97d-d965ccfc6d4b" outcome="Passed" testListId="8c84fa94-04c1-424b-9868-57a2d4851a1d" relativeResultsDirectory="84e8dbd1-2505-4e92-bcb0-087c2f8a8330" dataRowInfo="36" resultType="DataDrivenDataRow" />
        <UnitTestResult executionId="e846c860-ea54-4ee0-a470-a9cba6bbcbb9" parentExecutionId="cb458fdb-1791-4521-a40a-5a0618ccaece" testId="b9f84f47-79ca-0306-391d-c23274e874c8" testName="ToUri_Passing_ValidValueString_Returns_Uri (http://foo.com/(something)?after=parens)" computerName="PC-SFERRARI" duration="00:00:00.0000030" startTime="2020-09-01T17:42:54.1399288+01:00" endTime="2020-09-01T17:42:54.1414348+01:00" testType="13cdc9d9-ddb5-4fa4-a97d-d965ccfc6d4b" outcome="Passed" testListId="8c84fa94-04c1-424b-9868-57a2d4851a1d" relativeResultsDirectory="e846c860-ea54-4ee0-a470-a9cba6bbcbb9" dataRowInfo="37" resultType="DataDrivenDataRow" />
        <UnitTestResult executionId="4fc2afe7-b7a5-4f73-acd6-26e9799a5e12" parentExecutionId="cb458fdb-1791-4521-a40a-5a0618ccaece" testId="b9f84f47-79ca-0306-391d-c23274e874c8" testName="ToUri_Passing_ValidValueString_Returns_Uri (http://☺.damowmow.com/)" computerName="PC-SFERRARI" duration="00:00:00.0000061" startTime="2020-09-01T17:42:54.1399288+01:00" endTime="2020-09-01T17:42:54.1414348+01:00" testType="13cdc9d9-ddb5-4fa4-a97d-d965ccfc6d4b" outcome="Passed" testListId="8c84fa94-04c1-424b-9868-57a2d4851a1d" relativeResultsDirectory="4fc2afe7-b7a5-4f73-acd6-26e9799a5e12" dataRowInfo="38" resultType="DataDrivenDataRow" />
        <UnitTestResult executionId="ac34b6b5-442c-42d8-a3a8-badbef8fc207" parentExecutionId="cb458fdb-1791-4521-a40a-5a0618ccaece" testId="b9f84f47-79ca-0306-391d-c23274e874c8" testName="ToUri_Passing_ValidValueString_Returns_Uri (http://code.google.com/events/#&amp;product=browser)" computerName="PC-SFERRARI" duration="00:00:00.0000032" startTime="2020-09-01T17:42:54.1399288+01:00" endTime="2020-09-01T17:42:54.1414348+01:00" testType="13cdc9d9-ddb5-4fa4-a97d-d965ccfc6d4b" outcome="Passed" testListId="8c84fa94-04c1-424b-9868-57a2d4851a1d" relativeResultsDirectory="ac34b6b5-442c-42d8-a3a8-badbef8fc207" dataRowInfo="39" resultType="DataDrivenDataRow" />
        <UnitTestResult executionId="52c57a97-547d-4df0-b5a9-5c5abb7e1e1e" parentExecutionId="cb458fdb-1791-4521-a40a-5a0618ccaece" testId="b9f84f47-79ca-0306-391d-c23274e874c8" testName="ToUri_Passing_ValidValueString_Returns_Uri (http://j.mp)" computerName="PC-SFERRARI" duration="00:00:00.0000029" startTime="2020-09-01T17:42:54.1399288+01:00" endTime="2020-09-01T17:42:54.1414348+01:00" testType="13cdc9d9-ddb5-4fa4-a97d-d965ccfc6d4b" outcome="Passed" testListId="8c84fa94-04c1-424b-9868-57a2d4851a1d" relativeResultsDirectory="52c57a97-547d-4df0-b5a9-5c5abb7e1e1e" dataRowInfo="40" resultType="DataDrivenDataRow" />
        <UnitTestResult executionId="42934088-060c-42ba-9c92-cc434b240481" parentExecutionId="cb458fdb-1791-4521-a40a-5a0618ccaece" testId="b9f84f47-79ca-0306-391d-c23274e874c8" testName="ToUri_Passing_ValidValueString_Returns_Uri (http://foo.bar/?q=Test%20URL-encoded%20stuff)" computerName="PC-SFERRARI" duration="00:00:00.0000193" startTime="2020-09-01T17:42:54.1399288+01:00" endTime="2020-09-01T17:42:54.1414348+01:00" testType="13cdc9d9-ddb5-4fa4-a97d-d965ccfc6d4b" outcome="Passed" testListId="8c84fa94-04c1-424b-9868-57a2d4851a1d" relativeResultsDirectory="42934088-060c-42ba-9c92-cc434b240481" dataRowInfo="41" resultType="DataDrivenDataRow" />
        <UnitTestResult executionId="13ae2001-b850-4742-914f-303828f7f912" parentExecutionId="cb458fdb-1791-4521-a40a-5a0618ccaece" testId="b9f84f47-79ca-0306-391d-c23274e874c8" testName="ToUri_Passing_ValidValueString_Returns_Uri (http://مثال.إختبار)" computerName="PC-SFERRARI" duration="00:00:00.0000100" startTime="2020-09-01T17:42:54.1399288+01:00" endTime="2020-09-01T17:42:54.1414348+01:00" testType="13cdc9d9-ddb5-4fa4-a97d-d965ccfc6d4b" outcome="Passed" testListId="8c84fa94-04c1-424b-9868-57a2d4851a1d" relativeResultsDirectory="13ae2001-b850-4742-914f-303828f7f912" dataRowInfo="42" resultType="DataDrivenDataRow" />
        <UnitTestResult executionId="f60f0472-eb38-45c9-8654-945261379ae4" parentExecutionId="cb458fdb-1791-4521-a40a-5a0618ccaece" testId="b9f84f47-79ca-0306-391d-c23274e874c8" testName="ToUri_Passing_ValidValueString_Returns_Uri (http://例子.测试)" computerName="PC-SFERRARI" duration="00:00:00.0000054" startTime="2020-09-01T17:42:54.1399288+01:00" endTime="2020-09-01T17:42:54.1414348+01:00" testType="13cdc9d9-ddb5-4fa4-a97d-d965ccfc6d4b" outcome="Passed" testListId="8c84fa94-04c1-424b-9868-57a2d4851a1d" relativeResultsDirectory="f60f0472-eb38-45c9-8654-945261379ae4" dataRowInfo="43" resultType="DataDrivenDataRow" />
        <UnitTestResult executionId="ba7238c2-7b28-4932-83f4-ff63785cc8c3" parentExecutionId="cb458fdb-1791-4521-a40a-5a0618ccaece" testId="b9f84f47-79ca-0306-391d-c23274e874c8" testName="ToUri_Passing_ValidValueString_Returns_Uri (http://उदाहरण.परीक्ष)" computerName="PC-SFERRARI" duration="00:00:00.0000069" startTime="2020-09-01T17:42:54.1399288+01:00" endTime="2020-09-01T17:42:54.1414348+01:00" testType="13cdc9d9-ddb5-4fa4-a97d-d965ccfc6d4b" outcome="Passed" testListId="8c84fa94-04c1-424b-9868-57a2d4851a1d" relativeResultsDirectory="ba7238c2-7b28-4932-83f4-ff63785cc8c3" dataRowInfo="44" resultType="DataDrivenDataRow" />
        <UnitTestResult executionId="c82f9841-d987-4dd6-b2fe-0d2b713d212d" parentExecutionId="cb458fdb-1791-4521-a40a-5a0618ccaece" testId="b9f84f47-79ca-0306-391d-c23274e874c8" testName="ToUri_Passing_ValidValueString_Returns_Uri (http://-.~_!$&amp;'()*+,;=:%40:80%2f::::::@example.com)" computerName="PC-SFERRARI" duration="00:00:00.0000040" startTime="2020-09-01T17:42:54.1399288+01:00" endTime="2020-09-01T17:42:54.1414348+01:00" testType="13cdc9d9-ddb5-4fa4-a97d-d965ccfc6d4b" outcome="Passed" testListId="8c84fa94-04c1-424b-9868-57a2d4851a1d" relativeResultsDirectory="c82f9841-d987-4dd6-b2fe-0d2b713d212d" dataRowInfo="45" resultType="DataDrivenDataRow" />
        <UnitTestResult executionId="cddd82cb-444a-48cf-b434-7f85e3b413e9" parentExecutionId="cb458fdb-1791-4521-a40a-5a0618ccaece" testId="b9f84f47-79ca-0306-391d-c23274e874c8" testName="ToUri_Passing_ValidValueString_Returns_Uri (http://1337.net)" computerName="PC-SFERRARI" duration="00:00:00.0000034" startTime="2020-09-01T17:42:54.1399288+01:00" endTime="2020-09-01T17:42:54.1414348+01:00" testType="13cdc9d9-ddb5-4fa4-a97d-d965ccfc6d4b" outcome="Passed" testListId="8c84fa94-04c1-424b-9868-57a2d4851a1d" relativeResultsDirectory="cddd82cb-444a-48cf-b434-7f85e3b413e9" dataRowInfo="46" resultType="DataDrivenDataRow" />
        <UnitTestResult executionId="ce4e6565-dcc5-4689-a3be-6702ff99c0e2" parentExecutionId="cb458fdb-1791-4521-a40a-5a0618ccaece" testId="b9f84f47-79ca-0306-391d-c23274e874c8" testName="ToUri_Passing_ValidValueString_Returns_Uri (http://a.b-c.de)" computerName="PC-SFERRARI" duration="00:00:00.0000028" startTime="2020-09-01T17:42:54.1399288+01:00" endTime="2020-09-01T17:42:54.1414348+01:00" testType="13cdc9d9-ddb5-4fa4-a97d-d965ccfc6d4b" outcome="Passed" testListId="8c84fa94-04c1-424b-9868-57a2d4851a1d" relativeResultsDirectory="ce4e6565-dcc5-4689-a3be-6702ff99c0e2" dataRowInfo="47" resultType="DataDrivenDataRow" />
        <UnitTestResult executionId="1f4bd3f4-a5ff-4b30-ba1d-aae9366d5b1b" parentExecutionId="cb458fdb-1791-4521-a40a-5a0618ccaece" testId="b9f84f47-79ca-0306-391d-c23274e874c8" testName="ToUri_Passing_ValidValueString_Returns_Uri (http://223.255.255.254)" computerName="PC-SFERRARI" duration="00:00:00.0000028" startTime="2020-09-01T17:42:54.1399288+01:00" endTime="2020-09-01T17:42:54.1414348+01:00" testType="13cdc9d9-ddb5-4fa4-a97d-d965ccfc6d4b" outcome="Passed" testListId="8c84fa94-04c1-424b-9868-57a2d4851a1d" relativeResultsDirectory="1f4bd3f4-a5ff-4b30-ba1d-aae9366d5b1b" dataRowInfo="48" resultType="DataDrivenDataRow" />
      </InnerResults>
    </UnitTestResult>
    <UnitTestResult executionId="13f28262-3cc7-482f-a746-63de4bbd26ad" testId="71da8626-9685-042d-5f97-2191d17c7e4f" testName="ToAge_Passing_Birthday_DateTime_Returns_Age" computerName="PC-SFERRARI" duration="00:00:00.0002968" startTime="2020-09-01T17:42:53.1869087+01:00" endTime="2020-09-01T17:42:53.1872861+01:00" testType="13cdc9d9-ddb5-4fa4-a97d-d965ccfc6d4b" outcome="Passed" testListId="8c84fa94-04c1-424b-9868-57a2d4851a1d" relativeResultsDirectory="13f28262-3cc7-482f-a746-63de4bbd26ad" />
    <UnitTestResult executionId="f93d12a1-49d7-487d-825f-b649300e94c0" testId="d45f7960-8c15-bec8-0e6d-a081de52a211" testName="ToDefaultValue_Passing_long_Returns_Cero" computerName="PC-SFERRARI" duration="00:00:00.0002680" startTime="2020-09-01T17:42:53.2582178+01:00" endTime="2020-09-01T17:42:53.2585498+01:00" testType="13cdc9d9-ddb5-4fa4-a97d-d965ccfc6d4b" outcome="Passed" testListId="8c84fa94-04c1-424b-9868-57a2d4851a1d" relativeResultsDirectory="f93d12a1-49d7-487d-825f-b649300e94c0" resultType="DataDrivenTest">
      <InnerResults>
        <UnitTestResult executionId="15c2573d-b394-47a7-9cc5-e467d7507993" parentExecutionId="f93d12a1-49d7-487d-825f-b649300e94c0" testId="d45f7960-8c15-bec8-0e6d-a081de52a211" testName="ToDefaultValue_Passing_long_Returns_Cero (9223372036854775807)" computerName="PC-SFERRARI" duration="00:00:00.0002136" startTime="2020-09-01T17:42:53.2582178+01:00" endTime="2020-09-01T17:42:53.2585498+01:00" testType="13cdc9d9-ddb5-4fa4-a97d-d965ccfc6d4b" outcome="Passed" testListId="8c84fa94-04c1-424b-9868-57a2d4851a1d" relativeResultsDirectory="15c2573d-b394-47a7-9cc5-e467d7507993" dataRowInfo="1" resultType="DataDrivenDataRow" />
      </InnerResults>
    </UnitTestResult>
    <UnitTestResult executionId="c8e205c1-9339-4674-881a-b7468c6525c1" testId="a9475552-19d3-b426-f4bb-8921ee8f5b83" testName="ToHashAlgorithmName_Passing_InvalidValueLowerCaseStringWithDefaultValue_Returns_DefaultValue" computerName="PC-SFERRARI" duration="00:00:00.0001900" startTime="2020-09-01T17:42:54.2975298+01:00" endTime="2020-09-01T17:42:54.2977963+01:00" testType="13cdc9d9-ddb5-4fa4-a97d-d965ccfc6d4b" outcome="Passed" testListId="8c84fa94-04c1-424b-9868-57a2d4851a1d" relativeResultsDirectory="c8e205c1-9339-4674-881a-b7468c6525c1" resultType="DataDrivenTest">
      <InnerResults>
        <UnitTestResult executionId="560edcbd-6770-425e-ab7a-6ceb5b081d14" parentExecutionId="c8e205c1-9339-4674-881a-b7468c6525c1" testId="a9475552-19d3-b426-f4bb-8921ee8f5b83" testName="ToHashAlgorithmName_Passing_InvalidValueLowerCaseStringWithDefaultValue_Returns_DefaultValue (md5)" computerName="PC-SFERRARI" duration="00:00:00.0001554" startTime="2020-09-01T17:42:54.2975298+01:00" endTime="2020-09-01T17:42:54.2977963+01:00" testType="13cdc9d9-ddb5-4fa4-a97d-d965ccfc6d4b" outcome="Passed" testListId="8c84fa94-04c1-424b-9868-57a2d4851a1d" relativeResultsDirectory="560edcbd-6770-425e-ab7a-6ceb5b081d14" dataRowInfo="1" resultType="DataDrivenDataRow" />
      </InnerResults>
    </UnitTestResult>
    <UnitTestResult executionId="2ec8c0ce-e618-4442-a276-ced9eaebefd9" testId="f95774c2-c6e8-8303-22f0-76ce5690e20c" testName="ToIsFileExtensionThrow_Passing_InvalidValue_Returns_ApplicationExceptionWithMessage" computerName="PC-SFERRARI" duration="00:00:00.0008228" startTime="2020-09-01T17:42:52.9788332+01:00" endTime="2020-09-01T17:42:52.9797583+01:00" testType="13cdc9d9-ddb5-4fa4-a97d-d965ccfc6d4b" outcome="Passed" testListId="8c84fa94-04c1-424b-9868-57a2d4851a1d" relativeResultsDirectory="2ec8c0ce-e618-4442-a276-ced9eaebefd9" />
    <UnitTestResult executionId="813c06eb-fed3-4fd2-9403-e7165d487d60" testId="6248e67f-03fa-b522-e842-7dfbd2fa65df" testName="ToMapMerge_Passing_Destination_Object_Returns_Merged_Destination_Object" computerName="PC-SFERRARI" duration="00:00:00.0452293" startTime="2020-09-01T17:42:52.4677357+01:00" endTime="2020-09-01T17:42:52.5131205+01:00" testType="13cdc9d9-ddb5-4fa4-a97d-d965ccfc6d4b" outcome="Passed" testListId="8c84fa94-04c1-424b-9868-57a2d4851a1d" relativeResultsDirectory="813c06eb-fed3-4fd2-9403-e7165d487d60" />
    <UnitTestResult executionId="7168e838-3044-4130-9e66-dda1be1ed796" testId="0e35d8c6-f00e-a9ce-bf8e-f278617977a1" testName="ToEmptyIfNull_Passing_Null_Collection_Returns_Empty_Collection" computerName="PC-SFERRARI" duration="00:00:00.0002881" startTime="2020-09-01T17:42:53.2070756+01:00" endTime="2020-09-01T17:42:53.2074411+01:00" testType="13cdc9d9-ddb5-4fa4-a97d-d965ccfc6d4b" outcome="Passed" testListId="8c84fa94-04c1-424b-9868-57a2d4851a1d" relativeResultsDirectory="7168e838-3044-4130-9e66-dda1be1ed796" />
    <UnitTestResult executionId="889262af-25ff-431c-aef7-4ac328ce600e" testId="7b5f6188-c1ec-acc0-340c-cb378214370f" testName="IsRange_Passing_InvalidArguments_Returns_HasErrorsAndCount" computerName="PC-SFERRARI" duration="00:00:00.0007442" startTime="2020-09-01T17:42:51.0894625+01:00" endTime="2020-09-01T17:42:51.0903017+01:00" testType="13cdc9d9-ddb5-4fa4-a97d-d965ccfc6d4b" outcome="Passed" testListId="8c84fa94-04c1-424b-9868-57a2d4851a1d" relativeResultsDirectory="889262af-25ff-431c-aef7-4ac328ce600e" />
    <UnitTestResult executionId="ec1531b0-3000-4c02-b49a-ac541baeaec4" testId="fe74e1e9-9f9e-cd43-6d69-ee1b1e61f15f" testName="ToEmailMaskUserName_Passing_ValidEmail_Returns_EmailWithMask" computerName="PC-SFERRARI" duration="00:00:00.0006997" startTime="2020-09-01T17:42:54.1179811+01:00" endTime="2020-09-01T17:42:54.1187535+01:00" testType="13cdc9d9-ddb5-4fa4-a97d-d965ccfc6d4b" outcome="Passed" testListId="8c84fa94-04c1-424b-9868-57a2d4851a1d" relativeResultsDirectory="ec1531b0-3000-4c02-b49a-ac541baeaec4" resultType="DataDrivenTest">
      <InnerResults>
        <UnitTestResult executionId="8e74eb4e-f4b5-4879-aba3-22b75dfd97e8" parentExecutionId="ec1531b0-3000-4c02-b49a-ac541baeaec4" testId="fe74e1e9-9f9e-cd43-6d69-ee1b1e61f15f" testName="ToEmailMaskUserName_Passing_ValidEmail_Returns_EmailWithMask (miemail@gmail.com,m*****l@gmail.com)" computerName="PC-SFERRARI" duration="00:00:00.0006643" startTime="2020-09-01T17:42:54.1179811+01:00" endTime="2020-09-01T17:42:54.1187535+01:00" testType="13cdc9d9-ddb5-4fa4-a97d-d965ccfc6d4b" outcome="Passed" testListId="8c84fa94-04c1-424b-9868-57a2d4851a1d" relativeResultsDirectory="8e74eb4e-f4b5-4879-aba3-22b75dfd97e8" dataRowInfo="1" resultType="DataDrivenDataRow" />
      </InnerResults>
    </UnitTestResult>
    <UnitTestResult executionId="4f2a67a6-003e-4aea-9311-394568242919" testId="ca0bfdb7-6ab6-3d13-afbd-0c5c364304b4" testName="ToDefaultValue_Passing_bool_Returns_Cero" computerName="PC-SFERRARI" duration="00:00:00.0010591" startTime="2020-09-01T17:42:53.2766188+01:00" endTime="2020-09-01T17:42:53.2777455+01:00" testType="13cdc9d9-ddb5-4fa4-a97d-d965ccfc6d4b" outcome="Passed" testListId="8c84fa94-04c1-424b-9868-57a2d4851a1d" relativeResultsDirectory="4f2a67a6-003e-4aea-9311-394568242919" resultType="DataDrivenTest">
      <InnerResults>
        <UnitTestResult executionId="af13c607-6796-4b9d-9003-99751e250cba" parentExecutionId="4f2a67a6-003e-4aea-9311-394568242919" testId="ca0bfdb7-6ab6-3d13-afbd-0c5c364304b4" testName="ToDefaultValue_Passing_bool_Returns_Cero (True)" computerName="PC-SFERRARI" duration="00:00:00.0010080" startTime="2020-09-01T17:42:53.2766188+01:00" endTime="2020-09-01T17:42:53.2777455+01:00" testType="13cdc9d9-ddb5-4fa4-a97d-d965ccfc6d4b" outcome="Passed" testListId="8c84fa94-04c1-424b-9868-57a2d4851a1d" relativeResultsDirectory="af13c607-6796-4b9d-9003-99751e250cba" dataRowInfo="1" resultType="DataDrivenDataRow" />
      </InnerResults>
    </UnitTestResult>
    <UnitTestResult executionId="397af65c-424b-49fb-be19-fe6b6879a548" testId="7132a40e-3324-94b7-0d74-3203ad5bb5fa" testName="ToService_Passing_NotFound_Service_Returns_Null" computerName="PC-SFERRARI" duration="00:00:00.0001012" startTime="2020-09-01T17:42:53.7605558+01:00" endTime="2020-09-01T17:42:53.7607343+01:00" testType="13cdc9d9-ddb5-4fa4-a97d-d965ccfc6d4b" outcome="Passed" testListId="8c84fa94-04c1-424b-9868-57a2d4851a1d" relativeResultsDirectory="397af65c-424b-49fb-be19-fe6b6879a548" />
    <UnitTestResult executionId="dd902fc4-a5dd-4852-805b-707371db6f00" testId="d231d236-8b99-8ce7-c48d-92f39c5c2904" testName="ToMapUpdate_Passing_Destination_Object_Returns_Updated_Destination_Object" computerName="PC-SFERRARI" duration="00:00:00.0068608" startTime="2020-09-01T17:42:52.4606479+01:00" endTime="2020-09-01T17:42:52.4676920+01:00" testType="13cdc9d9-ddb5-4fa4-a97d-d965ccfc6d4b" outcome="Passed" testListId="8c84fa94-04c1-424b-9868-57a2d4851a1d" relativeResultsDirectory="dd902fc4-a5dd-4852-805b-707371db6f00" />
    <UnitTestResult executionId="0e817b1b-4e07-4e16-8e21-050b88772a85" testId="9e57f5ee-c284-a089-d441-add5094f384d" testName="IsNullOrEmpty_Passing_InvalidArguments_Returns_HasErrorsAndCount" computerName="PC-SFERRARI" duration="00:00:00.0015545" startTime="2020-09-01T17:42:51.0877815+01:00" endTime="2020-09-01T17:42:51.0894388+01:00" testType="13cdc9d9-ddb5-4fa4-a97d-d965ccfc6d4b" outcome="Passed" testListId="8c84fa94-04c1-424b-9868-57a2d4851a1d" relativeResultsDirectory="0e817b1b-4e07-4e16-8e21-050b88772a85" />
    <UnitTestResult executionId="89f6dd87-cc34-4dae-8e1e-0b8e6ba3e9a4" testId="befca560-4acc-5d69-c04c-46c8bc6349d8" testName="ToGet_Passing_Claims_Returns_Claim_Value_Object" computerName="PC-SFERRARI" duration="00:00:00.0116283" startTime="2020-09-01T17:42:53.1239415+01:00" endTime="2020-09-01T17:42:53.1357272+01:00" testType="13cdc9d9-ddb5-4fa4-a97d-d965ccfc6d4b" outcome="Passed" testListId="8c84fa94-04c1-424b-9868-57a2d4851a1d" relativeResultsDirectory="89f6dd87-cc34-4dae-8e1e-0b8e6ba3e9a4" />
    <UnitTestResult executionId="cb247129-c857-4e80-a992-258d0e5bf547" testId="2ad70f05-a281-0b8f-6682-75bcc3076f19" testName="ToCount_Passing_ValidEnumType_Returns_Count" computerName="PC-SFERRARI" duration="00:00:00.0009270" startTime="2020-09-01T17:42:51.2481631+01:00" endTime="2020-09-01T17:42:51.2493413+01:00" testType="13cdc9d9-ddb5-4fa4-a97d-d965ccfc6d4b" outcome="Passed" testListId="8c84fa94-04c1-424b-9868-57a2d4851a1d" relativeResultsDirectory="cb247129-c857-4e80-a992-258d0e5bf547" />
    <UnitTestResult executionId="8c12e1ad-9813-4d3a-b8b3-a9be348d3386" testId="d3abb81b-44db-2c54-599b-2e57ce24e39c" testName="ToEmailMask_Passing_ValidEmail_Returns_EmailWithMask" computerName="PC-SFERRARI" duration="00:00:00.0001679" startTime="2020-09-01T17:42:54.1396502+01:00" endTime="2020-09-01T17:42:54.1399033+01:00" testType="13cdc9d9-ddb5-4fa4-a97d-d965ccfc6d4b" outcome="Passed" testListId="8c84fa94-04c1-424b-9868-57a2d4851a1d" relativeResultsDirectory="8c12e1ad-9813-4d3a-b8b3-a9be348d3386" resultType="DataDrivenTest">
      <InnerResults>
        <UnitTestResult executionId="2d419df8-97f5-4cb3-bf3c-fa44e107d395" parentExecutionId="8c12e1ad-9813-4d3a-b8b3-a9be348d3386" testId="d3abb81b-44db-2c54-599b-2e57ce24e39c" testName="ToEmailMask_Passing_ValidEmail_Returns_EmailWithMask (miemail@gmail.com,m-----l@g---l.c-m,(?&lt;=(?:^|@)[^.]*)\B.\B|(?&lt;=[\w]{1})[\w-\+%]*(?=[\w]{1}),-)" computerName="PC-SFERRARI" duration="00:00:00.0001294" startTime="2020-09-01T17:42:54.1396502+01:00" endTime="2020-09-01T17:42:54.1399033+01:00" testType="13cdc9d9-ddb5-4fa4-a97d-d965ccfc6d4b" outcome="Passed" testListId="8c84fa94-04c1-424b-9868-57a2d4851a1d" relativeResultsDirectory="2d419df8-97f5-4cb3-bf3c-fa44e107d395" dataRowInfo="1" resultType="DataDrivenDataRow" />
      </InnerResults>
    </UnitTestResult>
    <UnitTestResult executionId="1f6f4ad3-dcc2-4b9a-b76a-e1b14bc5579c" testId="90a3b545-3125-61d3-6aa1-65dd478210f0" testName="IsName_Passing_InvalidArguments_Returns_HasErrorsAndCount" computerName="PC-SFERRARI" duration="00:00:00.0002494" startTime="2020-09-01T17:42:51.1992741+01:00" endTime="2020-09-01T17:42:51.2459638+01:00" testType="13cdc9d9-ddb5-4fa4-a97d-d965ccfc6d4b" outcome="Passed" testListId="8c84fa94-04c1-424b-9868-57a2d4851a1d" relativeResultsDirectory="1f6f4ad3-dcc2-4b9a-b76a-e1b14bc5579c" />
    <UnitTestResult executionId="176b0efd-f906-47b3-8e4e-dd4ba23176dc" testId="99f591e7-92cc-d964-68b8-f9ee7c1e1567" testName="ToEnum_Passing_ValidValue_String_Returns_EnumValue" computerName="PC-SFERRARI" duration="00:00:00.0014493" startTime="2020-09-01T17:42:54.0978641+01:00" endTime="2020-09-01T17:42:54.0994155+01:00" testType="13cdc9d9-ddb5-4fa4-a97d-d965ccfc6d4b" outcome="Passed" testListId="8c84fa94-04c1-424b-9868-57a2d4851a1d" relativeResultsDirectory="176b0efd-f906-47b3-8e4e-dd4ba23176dc" />
    <UnitTestResult executionId="9cd9499b-2325-4364-a438-f6a649771a97" testId="fc968ae4-d425-64ad-d830-219a8a189235" testName="ToDefaultValue_Passing_char_Returns_Cero" computerName="PC-SFERRARI" duration="00:00:00.0002819" startTime="2020-09-01T17:42:53.2777775+01:00" endTime="2020-09-01T17:42:53.2781497+01:00" testType="13cdc9d9-ddb5-4fa4-a97d-d965ccfc6d4b" outcome="Passed" testListId="8c84fa94-04c1-424b-9868-57a2d4851a1d" relativeResultsDirectory="9cd9499b-2325-4364-a438-f6a649771a97" resultType="DataDrivenTest">
      <InnerResults>
        <UnitTestResult executionId="2a44fcb5-6ea2-459b-baef-599bc6c8530f" parentExecutionId="9cd9499b-2325-4364-a438-f6a649771a97" testId="fc968ae4-d425-64ad-d830-219a8a189235" testName="ToDefaultValue_Passing_char_Returns_Cero (*)" computerName="PC-SFERRARI" duration="00:00:00.0002426" startTime="2020-09-01T17:42:53.2777775+01:00" endTime="2020-09-01T17:42:53.2781497+01:00" testType="13cdc9d9-ddb5-4fa4-a97d-d965ccfc6d4b" outcome="Passed" testListId="8c84fa94-04c1-424b-9868-57a2d4851a1d" relativeResultsDirectory="2a44fcb5-6ea2-459b-baef-599bc6c8530f" dataRowInfo="1" resultType="DataDrivenDataRow" />
      </InnerResults>
    </UnitTestResult>
    <UnitTestResult executionId="79411253-a0a6-4743-b948-5196a3b4b97f" testId="f11c94aa-a17f-70b0-337d-4e87988eaaa9" testName="ToFirstLetterLower_Passing_ValidValue_Returns_StringWithFirstLetterLower" computerName="PC-SFERRARI" duration="00:00:00.0002439" startTime="2020-09-01T17:42:54.1176422+01:00" endTime="2020-09-01T17:42:54.1179569+01:00" testType="13cdc9d9-ddb5-4fa4-a97d-d965ccfc6d4b" outcome="Passed" testListId="8c84fa94-04c1-424b-9868-57a2d4851a1d" relativeResultsDirectory="79411253-a0a6-4743-b948-5196a3b4b97f" resultType="DataDrivenTest">
      <InnerResults>
        <UnitTestResult executionId="f4e5ae95-1a48-4516-bcb4-7425d8346442" parentExecutionId="79411253-a0a6-4743-b948-5196a3b4b97f" testId="f11c94aa-a17f-70b0-337d-4e87988eaaa9" testName="ToFirstLetterLower_Passing_ValidValue_Returns_StringWithFirstLetterLower (AAAAAA,aAAAAA)" computerName="PC-SFERRARI" duration="00:00:00.0002104" startTime="2020-09-01T17:42:54.1176422+01:00" endTime="2020-09-01T17:42:54.1179569+01:00" testType="13cdc9d9-ddb5-4fa4-a97d-d965ccfc6d4b" outcome="Passed" testListId="8c84fa94-04c1-424b-9868-57a2d4851a1d" relativeResultsDirectory="f4e5ae95-1a48-4516-bcb4-7425d8346442" dataRowInfo="1" resultType="DataDrivenDataRow" />
      </InnerResults>
    </UnitTestResult>
    <UnitTestResult executionId="69113311-7897-4a82-9678-311d9a22d51e" testId="e4352bb5-404b-635a-e45b-b71369fd281e" testName="ToEnvironment_Passing_Development_Enviroment_Returns_Development_Name" computerName="PC-SFERRARI" duration="00:00:00.3367589" startTime="2020-09-01T17:42:52.5633426+01:00" endTime="2020-09-01T17:42:52.9003904+01:00" testType="13cdc9d9-ddb5-4fa4-a97d-d965ccfc6d4b" outcome="Passed" testListId="8c84fa94-04c1-424b-9868-57a2d4851a1d" relativeResultsDirectory="69113311-7897-4a82-9678-311d9a22d51e" />
    <UnitTestResult executionId="ddfa2bd9-d8f6-4588-8703-e13dac195b54" testId="70edf42e-61af-db20-c5ba-b6396a6eca62" testName="CreateRandom_WithDefaultAllowableCharacters_Passing_ValidArguments_Returns_String_Random_Value" computerName="PC-SFERRARI" duration="00:00:00.0038813" startTime="2020-09-01T17:42:51.2671442+01:00" endTime="2020-09-01T17:42:51.2720841+01:00" testType="13cdc9d9-ddb5-4fa4-a97d-d965ccfc6d4b" outcome="Passed" testListId="8c84fa94-04c1-424b-9868-57a2d4851a1d" relativeResultsDirectory="ddfa2bd9-d8f6-4588-8703-e13dac195b54" resultType="DataDrivenTest">
      <InnerResults>
        <UnitTestResult executionId="bd2ead80-672a-43c0-bbca-41447f99a49d" parentExecutionId="ddfa2bd9-d8f6-4588-8703-e13dac195b54" testId="70edf42e-61af-db20-c5ba-b6396a6eca62" testName="CreateRandom_WithDefaultAllowableCharacters_Passing_ValidArguments_Returns_String_Random_Value (5)" computerName="PC-SFERRARI" duration="00:00:00.0008322" startTime="2020-09-01T17:42:51.2671442+01:00" endTime="2020-09-01T17:42:51.2720841+01:00" testType="13cdc9d9-ddb5-4fa4-a97d-d965ccfc6d4b" outcome="Passed" testListId="8c84fa94-04c1-424b-9868-57a2d4851a1d" relativeResultsDirectory="bd2ead80-672a-43c0-bbca-41447f99a49d" dataRowInfo="1" resultType="DataDrivenDataRow" />
        <UnitTestResult executionId="718498c5-7031-4a6d-921a-27b77ba96ab5" parentExecutionId="ddfa2bd9-d8f6-4588-8703-e13dac195b54" testId="70edf42e-61af-db20-c5ba-b6396a6eca62" testName="CreateRandom_WithDefaultAllowableCharacters_Passing_ValidArguments_Returns_String_Random_Value (10)" computerName="PC-SFERRARI" duration="00:00:00.0000157" startTime="2020-09-01T17:42:51.2671442+01:00" endTime="2020-09-01T17:42:51.2720841+01:00" testType="13cdc9d9-ddb5-4fa4-a97d-d965ccfc6d4b" outcome="Passed" testListId="8c84fa94-04c1-424b-9868-57a2d4851a1d" relativeResultsDirectory="718498c5-7031-4a6d-921a-27b77ba96ab5" dataRowInfo="2" resultType="DataDrivenDataRow" />
        <UnitTestResult executionId="67510e1f-9337-481f-901d-79622621e8da" parentExecutionId="ddfa2bd9-d8f6-4588-8703-e13dac195b54" testId="70edf42e-61af-db20-c5ba-b6396a6eca62" testName="CreateRandom_WithDefaultAllowableCharacters_Passing_ValidArguments_Returns_String_Random_Value (20)" computerName="PC-SFERRARI" duration="00:00:00.0000060" startTime="2020-09-01T17:42:51.2671442+01:00" endTime="2020-09-01T17:42:51.2720841+01:00" testType="13cdc9d9-ddb5-4fa4-a97d-d965ccfc6d4b" outcome="Passed" testListId="8c84fa94-04c1-424b-9868-57a2d4851a1d" relativeResultsDirectory="67510e1f-9337-481f-901d-79622621e8da" dataRowInfo="3" resultType="DataDrivenDataRow" />
      </InnerResults>
    </UnitTestResult>
    <UnitTestResult executionId="5d05093c-5a11-4bb9-a2fe-33075ef2ddcc" testId="af3d8df7-f17a-d1c0-d18e-19b304f044e1" testName="ToDirectoryReadFileAsync_Passing_ValidValue_Returns_False" computerName="PC-SFERRARI" duration="00:00:00.0114295" startTime="2020-09-01T17:42:54.3749956+01:00" endTime="2020-09-01T17:42:54.3866086+01:00" testType="13cdc9d9-ddb5-4fa4-a97d-d965ccfc6d4b" outcome="Passed" testListId="8c84fa94-04c1-424b-9868-57a2d4851a1d" relativeResultsDirectory="5d05093c-5a11-4bb9-a2fe-33075ef2ddcc" />
    <UnitTestResult executionId="62f822b8-6395-4b26-85c6-e3c898508906" testId="e29c6ee3-d46d-461f-3a52-1555a4bbe037" testName="ToIsEmailThrow_Passing_InvalidValue_Returns_ApplicationExceptionWithMessage" computerName="PC-SFERRARI" duration="00:00:00.0010379" startTime="2020-09-01T17:42:52.9797821+01:00" endTime="2020-09-01T17:42:52.9809201+01:00" testType="13cdc9d9-ddb5-4fa4-a97d-d965ccfc6d4b" outcome="Passed" testListId="8c84fa94-04c1-424b-9868-57a2d4851a1d" relativeResultsDirectory="62f822b8-6395-4b26-85c6-e3c898508906" resultType="DataDrivenTest">
      <InnerResults>
        <UnitTestResult executionId="7fd3e70a-9520-40d6-a1c2-42587504be4c" parentExecutionId="62f822b8-6395-4b26-85c6-e3c898508906" testId="e29c6ee3-d46d-461f-3a52-1555a4bbe037" testName="ToIsEmailThrow_Passing_InvalidValue_Returns_ApplicationExceptionWithMessage (dasdasd@dsasd.._ff)" computerName="PC-SFERRARI" duration="00:00:00.0007526" startTime="2020-09-01T17:42:52.9797821+01:00" endTime="2020-09-01T17:42:52.9809201+01:00" testType="13cdc9d9-ddb5-4fa4-a97d-d965ccfc6d4b" outcome="Passed" testListId="8c84fa94-04c1-424b-9868-57a2d4851a1d" relativeResultsDirectory="7fd3e70a-9520-40d6-a1c2-42587504be4c" dataRowInfo="1" resultType="DataDrivenDataRow" />
        <UnitTestResult executionId="506168b3-f5d6-414c-a7dd-66224f1aca61" parentExecutionId="62f822b8-6395-4b26-85c6-e3c898508906" testId="e29c6ee3-d46d-461f-3a52-1555a4bbe037" testName="ToIsEmailThrow_Passing_InvalidValue_Returns_ApplicationExceptionWithMessage (34fsds@@sdd.f)" computerName="PC-SFERRARI" duration="00:00:00.0000496" startTime="2020-09-01T17:42:52.9797821+01:00" endTime="2020-09-01T17:42:52.9809201+01:00" testType="13cdc9d9-ddb5-4fa4-a97d-d965ccfc6d4b" outcome="Passed" testListId="8c84fa94-04c1-424b-9868-57a2d4851a1d" relativeResultsDirectory="506168b3-f5d6-414c-a7dd-66224f1aca61" dataRowInfo="2" resultType="DataDrivenDataRow" />
        <UnitTestResult executionId="2f2b53c2-0f64-47eb-b2bf-7513b19cfad8" parentExecutionId="62f822b8-6395-4b26-85c6-e3c898508906" testId="e29c6ee3-d46d-461f-3a52-1555a4bbe037" testName="ToIsEmailThrow_Passing_InvalidValue_Returns_ApplicationExceptionWithMessage ()" computerName="PC-SFERRARI" duration="00:00:00.0000328" startTime="2020-09-01T17:42:52.9797821+01:00" endTime="2020-09-01T17:42:52.9809201+01:00" testType="13cdc9d9-ddb5-4fa4-a97d-d965ccfc6d4b" outcome="Passed" testListId="8c84fa94-04c1-424b-9868-57a2d4851a1d" relativeResultsDirectory="2f2b53c2-0f64-47eb-b2bf-7513b19cfad8" dataRowInfo="3" resultType="DataDrivenDataRow" />
        <UnitTestResult executionId="34764193-2cbd-4a6d-ac19-8fa91c4c70d5" parentExecutionId="62f822b8-6395-4b26-85c6-e3c898508906" testId="e29c6ee3-d46d-461f-3a52-1555a4bbe037" testName="ToIsEmailThrow_Passing_InvalidValue_Returns_ApplicationExceptionWithMessage ()" computerName="PC-SFERRARI" duration="00:00:00.0000280" startTime="2020-09-01T17:42:52.9797821+01:00" endTime="2020-09-01T17:42:52.9809201+01:00" testType="13cdc9d9-ddb5-4fa4-a97d-d965ccfc6d4b" outcome="Passed" testListId="8c84fa94-04c1-424b-9868-57a2d4851a1d" relativeResultsDirectory="34764193-2cbd-4a6d-ac19-8fa91c4c70d5" dataRowInfo="4" resultType="DataDrivenDataRow" />
        <UnitTestResult executionId="99039f91-b0c9-49c8-90b8-b126e683b13a" parentExecutionId="62f822b8-6395-4b26-85c6-e3c898508906" testId="e29c6ee3-d46d-461f-3a52-1555a4bbe037" testName="ToIsEmailThrow_Passing_InvalidValue_Returns_ApplicationExceptionWithMessage (34?fsds@sdd.yy)" computerName="PC-SFERRARI" duration="00:00:00.0000495" startTime="2020-09-01T17:42:52.9797821+01:00" endTime="2020-09-01T17:42:52.9809201+01:00" testType="13cdc9d9-ddb5-4fa4-a97d-d965ccfc6d4b" outcome="Passed" testListId="8c84fa94-04c1-424b-9868-57a2d4851a1d" relativeResultsDirectory="99039f91-b0c9-49c8-90b8-b126e683b13a" dataRowInfo="5" resultType="DataDrivenDataRow" />
      </InnerResults>
    </UnitTestResult>
    <UnitTestResult executionId="b1d80ddc-53de-4f1f-871a-22d665e34e35" testId="e28390c1-a8c4-3164-efb3-40e889682e52" testName="ToMessage_Passing_ExceptionWithMessageWithInnerException_Returns_MessageAndInnerException" computerName="PC-SFERRARI" duration="00:00:00.0002926" startTime="2020-09-01T17:42:53.2310370+01:00" endTime="2020-09-01T17:42:53.2314242+01:00" testType="13cdc9d9-ddb5-4fa4-a97d-d965ccfc6d4b" outcome="Passed" testListId="8c84fa94-04c1-424b-9868-57a2d4851a1d" relativeResultsDirectory="b1d80ddc-53de-4f1f-871a-22d665e34e35" />
    <UnitTestResult executionId="76bd31e9-7785-42a2-bcf1-7262ace90dfe" testId="5f6c6d5e-b117-02f2-917e-cc0a0bc5fd84" testName="ToService_Passing_Service_Not_Found_Returns_ApplicationException" computerName="PC-SFERRARI" duration="00:00:00.0004295" startTime="2020-09-01T17:42:52.9314276+01:00" endTime="2020-09-01T17:42:52.9319359+01:00" testType="13cdc9d9-ddb5-4fa4-a97d-d965ccfc6d4b" outcome="Passed" testListId="8c84fa94-04c1-424b-9868-57a2d4851a1d" relativeResultsDirectory="76bd31e9-7785-42a2-bcf1-7262ace90dfe" />
    <UnitTestResult executionId="b7edd51d-380e-4d62-9414-31ca85b67369" testId="4a3460f0-8b98-b2f9-7c19-a411860512f6" testName="ToFullMessage_Passing_ExceptionWithMessageWithInnerException_Returns_Full_Message" computerName="PC-SFERRARI" duration="00:00:00.0026956" startTime="2020-09-01T17:42:53.2314481+01:00" endTime="2020-09-01T17:42:53.2342404+01:00" testType="13cdc9d9-ddb5-4fa4-a97d-d965ccfc6d4b" outcome="Passed" testListId="8c84fa94-04c1-424b-9868-57a2d4851a1d" relativeResultsDirectory="b7edd51d-380e-4d62-9414-31ca85b67369" />
    <UnitTestResult executionId="8ec5edee-2096-4f1d-8eda-b19513bfbc45" testId="5722059a-0037-40d7-d2be-e88e08495feb" testName="ToDefaultValue_Passing_short_Returns_Cero" computerName="PC-SFERRARI" duration="00:00:00.0002665" startTime="2020-09-01T17:42:53.2425777+01:00" endTime="2020-09-01T17:42:53.2429118+01:00" testType="13cdc9d9-ddb5-4fa4-a97d-d965ccfc6d4b" outcome="Passed" testListId="8c84fa94-04c1-424b-9868-57a2d4851a1d" relativeResultsDirectory="8ec5edee-2096-4f1d-8eda-b19513bfbc45" resultType="DataDrivenTest">
      <InnerResults>
        <UnitTestResult executionId="62152f0b-2ae5-43b1-b516-d678f29288fb" parentExecutionId="8ec5edee-2096-4f1d-8eda-b19513bfbc45" testId="5722059a-0037-40d7-d2be-e88e08495feb" testName="ToDefaultValue_Passing_short_Returns_Cero (32767)" computerName="PC-SFERRARI" duration="00:00:00.0002295" startTime="2020-09-01T17:42:53.2425777+01:00" endTime="2020-09-01T17:42:53.2429118+01:00" testType="13cdc9d9-ddb5-4fa4-a97d-d965ccfc6d4b" outcome="Passed" testListId="8c84fa94-04c1-424b-9868-57a2d4851a1d" relativeResultsDirectory="62152f0b-2ae5-43b1-b516-d678f29288fb" dataRowInfo="1" resultType="DataDrivenDataRow" />
      </InnerResults>
    </UnitTestResult>
    <UnitTestResult executionId="815d8b12-d477-4eb6-9408-d0dfd4861f75" testId="4eeb46d7-0fd7-2ce7-9820-7550d17b2498" testName="ToDefaultValue_Passing_float_Returns_Cero" computerName="PC-SFERRARI" duration="00:00:00.0005340" startTime="2020-09-01T17:42:53.2751911+01:00" endTime="2020-09-01T17:42:53.2758722+01:00" testType="13cdc9d9-ddb5-4fa4-a97d-d965ccfc6d4b" outcome="Passed" testListId="8c84fa94-04c1-424b-9868-57a2d4851a1d" relativeResultsDirectory="815d8b12-d477-4eb6-9408-d0dfd4861f75" resultType="DataDrivenTest">
      <InnerResults>
        <UnitTestResult executionId="52023f87-b174-4741-bca1-01c5817edbc9" parentExecutionId="815d8b12-d477-4eb6-9408-d0dfd4861f75" testId="4eeb46d7-0fd7-2ce7-9820-7550d17b2498" testName="ToDefaultValue_Passing_float_Returns_Cero (3,4028235E+38)" computerName="PC-SFERRARI" duration="00:00:00.0003294" startTime="2020-09-01T17:42:53.2751911+01:00" endTime="2020-09-01T17:42:53.2758722+01:00" testType="13cdc9d9-ddb5-4fa4-a97d-d965ccfc6d4b" outcome="Passed" testListId="8c84fa94-04c1-424b-9868-57a2d4851a1d" relativeResultsDirectory="52023f87-b174-4741-bca1-01c5817edbc9" dataRowInfo="1" resultType="DataDrivenDataRow" />
      </InnerResults>
    </UnitTestResult>
    <UnitTestResult executionId="07589a9d-3396-4527-8e87-e38ed231acda" testId="233fc265-70af-fd55-4eb2-8e50073ad7f8" testName="IsNullOrAny_Passing_InvalidArguments_Returns_HasErrorsAndCount" computerName="PC-SFERRARI" duration="00:00:00.0089676" startTime="2020-09-01T17:42:50.9710838+01:00" endTime="2020-09-01T17:42:51.0699400+01:00" testType="13cdc9d9-ddb5-4fa4-a97d-d965ccfc6d4b" outcome="Passed" testListId="8c84fa94-04c1-424b-9868-57a2d4851a1d" relativeResultsDirectory="07589a9d-3396-4527-8e87-e38ed231acda" />
    <UnitTestResult executionId="aa270d7c-2252-4445-8b52-1ff34ee51c3a" testId="8cc5b57c-083c-3f3a-832a-0ea05928fc17" testName="ToEndOfTheMonth_Passing_DateTime_Returns_End_Of_Month_DateTime" computerName="PC-SFERRARI" duration="00:00:00.0006703" startTime="2020-09-01T17:42:53.1878960+01:00" endTime="2020-09-01T17:42:53.1886421+01:00" testType="13cdc9d9-ddb5-4fa4-a97d-d965ccfc6d4b" outcome="Passed" testListId="8c84fa94-04c1-424b-9868-57a2d4851a1d" relativeResultsDirectory="aa270d7c-2252-4445-8b52-1ff34ee51c3a" />
    <UnitTestResult executionId="e5085fa5-bdea-4bcb-90af-beaac437899b" testId="f09ee564-ba6b-846c-7215-1776329b0ea4" testName="ToAttribute_Passing_Enumeration_Name_Returns_Atributte" computerName="PC-SFERRARI" duration="00:00:00.0009917" startTime="2020-09-01T17:42:53.2120560+01:00" endTime="2020-09-01T17:42:53.2131644+01:00" testType="13cdc9d9-ddb5-4fa4-a97d-d965ccfc6d4b" outcome="Passed" testListId="8c84fa94-04c1-424b-9868-57a2d4851a1d" relativeResultsDirectory="e5085fa5-bdea-4bcb-90af-beaac437899b" />
    <UnitTestResult executionId="732ac88b-b836-42bf-93cc-ffc5ad29fae2" testId="e308cd25-9ef3-a742-3e97-3796cdac9d85" testName="ToAssembly_Passing_ValidValueAssemblyString_Returns_Assembly" computerName="PC-SFERRARI" duration="00:00:00.0002328" startTime="2020-09-01T17:42:54.3892296+01:00" endTime="2020-09-01T17:42:54.3895681+01:00" testType="13cdc9d9-ddb5-4fa4-a97d-d965ccfc6d4b" outcome="Passed" testListId="8c84fa94-04c1-424b-9868-57a2d4851a1d" relativeResultsDirectory="732ac88b-b836-42bf-93cc-ffc5ad29fae2" />
    <UnitTestResult executionId="15031edc-7d97-431c-b6a1-67417abeeecd" testId="3972c6a7-1365-8e74-c83d-f2ced3761cc5" testName="ToResultAsync_Passing_StatusCodeAnd_MessageAndContentTypeAndHeader_Values_Returns_Values" computerName="PC-SFERRARI" duration="00:00:00.3238120" startTime="2020-09-01T17:42:53.3707521+01:00" endTime="2020-09-01T17:42:53.6947578+01:00" testType="13cdc9d9-ddb5-4fa4-a97d-d965ccfc6d4b" outcome="Passed" testListId="8c84fa94-04c1-424b-9868-57a2d4851a1d" relativeResultsDirectory="15031edc-7d97-431c-b6a1-67417abeeecd" resultType="DataDrivenTest">
      <InnerResults>
        <UnitTestResult executionId="114ee04f-ce13-41b0-b34d-beaacafee37b" parentExecutionId="15031edc-7d97-431c-b6a1-67417abeeecd" testId="3972c6a7-1365-8e74-c83d-f2ced3761cc5" testName="ToResultAsync_Passing_StatusCodeAnd_MessageAndContentTypeAndHeader_Values_Returns_Values (/test)" computerName="PC-SFERRARI" duration="00:00:00.3237375" startTime="2020-09-01T17:42:53.3707521+01:00" endTime="2020-09-01T17:42:53.6947578+01:00" testType="13cdc9d9-ddb5-4fa4-a97d-d965ccfc6d4b" outcome="Passed" testListId="8c84fa94-04c1-424b-9868-57a2d4851a1d" relativeResultsDirectory="114ee04f-ce13-41b0-b34d-beaacafee37b" dataRowInfo="1" resultType="DataDrivenDataRow" />
      </InnerResults>
    </UnitTestResult>
    <UnitTestResult executionId="f1e59ba9-919b-4325-9542-117d66b6a2a8" testId="0941f429-aa92-ce96-588f-e696162f5398" testName="IsEmail_Passing_InvalidArguments_Returns_HasErrorsAndCount" computerName="PC-SFERRARI" duration="00:00:00.0020382" startTime="2020-09-01T17:42:51.0988302+01:00" endTime="2020-09-01T17:42:51.1009724+01:00" testType="13cdc9d9-ddb5-4fa4-a97d-d965ccfc6d4b" outcome="Passed" testListId="8c84fa94-04c1-424b-9868-57a2d4851a1d" relativeResultsDirectory="f1e59ba9-919b-4325-9542-117d66b6a2a8" />
    <UnitTestResult executionId="c1d22d98-1c60-4fa2-8ece-0fdb400f28d3" testId="d26b6b6c-0539-f6d5-0b6e-1d021e9cd63c" testName="ToEnvironment_Passing_Production_Enviroment_Returns_Production_Name" computerName="PC-SFERRARI" duration="00:00:00.0011347" startTime="2020-09-01T17:42:52.9004355+01:00" endTime="2020-09-01T17:42:52.9017019+01:00" testType="13cdc9d9-ddb5-4fa4-a97d-d965ccfc6d4b" outcome="Passed" testListId="8c84fa94-04c1-424b-9868-57a2d4851a1d" relativeResultsDirectory="c1d22d98-1c60-4fa2-8ece-0fdb400f28d3" />
    <UnitTestResult executionId="06aa4113-9106-4fd6-b4e2-2ff42807bcb3" testId="9014a3d8-456c-66d3-12d5-6a69005e537e" testName="ToTomorrow_Passing_DateTime_Returns_Tomorrow_DateTime" computerName="PC-SFERRARI" duration="00:00:00.0002093" startTime="2020-09-01T17:42:53.1893133+01:00" endTime="2020-09-01T17:42:53.1896074+01:00" testType="13cdc9d9-ddb5-4fa4-a97d-d965ccfc6d4b" outcome="Passed" testListId="8c84fa94-04c1-424b-9868-57a2d4851a1d" relativeResultsDirectory="06aa4113-9106-4fd6-b4e2-2ff42807bcb3" />
    <UnitTestResult executionId="cc15f354-cf42-49ee-8e54-c73f7a4b4814" testId="597475cf-af86-f68b-64ca-996ee4fce335" testName="ToEnvironment_Passing_Custom_Enviroment_Returns_Custom_Name" computerName="PC-SFERRARI" duration="00:00:00.0003961" startTime="2020-09-01T17:42:52.9023440+01:00" endTime="2020-09-01T17:42:52.9028215+01:00" testType="13cdc9d9-ddb5-4fa4-a97d-d965ccfc6d4b" outcome="Passed" testListId="8c84fa94-04c1-424b-9868-57a2d4851a1d" relativeResultsDirectory="cc15f354-cf42-49ee-8e54-c73f7a4b4814" />
    <UnitTestResult executionId="ee021bb0-ce4b-4d78-bb30-735a86cb2bf8" testId="f1a8a2f2-6717-d1d3-ebe1-01337466e71f" testName="ToPaged_Passing_Age_Ascending_Order_Returns_Filter_List" computerName="PC-SFERRARI" duration="00:00:00.0039589" startTime="2020-09-01T17:42:53.7278137+01:00" endTime="2020-09-01T17:42:53.7318806+01:00" testType="13cdc9d9-ddb5-4fa4-a97d-d965ccfc6d4b" outcome="Passed" testListId="8c84fa94-04c1-424b-9868-57a2d4851a1d" relativeResultsDirectory="ee021bb0-ce4b-4d78-bb30-735a86cb2bf8" />
    <UnitTestResult executionId="944fd041-76bf-48d8-8cd6-04b2ac73b32c" testId="8302c17e-3ba6-2327-c5ad-8f91fdf4cf8c" testName="ToGet_Passing_Claims_Returns_Claim_Value_String" computerName="PC-SFERRARI" duration="00:00:00.0006035" startTime="2020-09-01T17:42:53.1064583+01:00" endTime="2020-09-01T17:42:53.1071713+01:00" testType="13cdc9d9-ddb5-4fa4-a97d-d965ccfc6d4b" outcome="Passed" testListId="8c84fa94-04c1-424b-9868-57a2d4851a1d" relativeResultsDirectory="944fd041-76bf-48d8-8cd6-04b2ac73b32c" />
    <UnitTestResult executionId="c3fc331b-9efa-47df-bf35-7a7446de5e4c" testId="ba13b0bd-c428-c41e-c91d-be83d7a60582" testName="IsName_Passing_ValidArguments_Returns_HasErrorsAndCount" computerName="PC-SFERRARI" duration="00:00:00.0031282" startTime="2020-09-01T17:42:51.1960223+01:00" endTime="2020-09-01T17:42:51.1992426+01:00" testType="13cdc9d9-ddb5-4fa4-a97d-d965ccfc6d4b" outcome="Passed" testListId="8c84fa94-04c1-424b-9868-57a2d4851a1d" relativeResultsDirectory="c3fc331b-9efa-47df-bf35-7a7446de5e4c" />
    <UnitTestResult executionId="555ca5b1-7a9e-493f-9d24-c7c773e8ab57" testId="de1c2b64-dcd4-eabe-6a9b-0e14bb2434e3" testName="IsFileExtension_Passing_InvalidArguments_Returns_HasErrorsAndCount" computerName="PC-SFERRARI" duration="00:00:00.0005477" startTime="2020-09-01T17:42:51.1946240+01:00" endTime="2020-09-01T17:42:51.1953491+01:00" testType="13cdc9d9-ddb5-4fa4-a97d-d965ccfc6d4b" outcome="Passed" testListId="8c84fa94-04c1-424b-9868-57a2d4851a1d" relativeResultsDirectory="555ca5b1-7a9e-493f-9d24-c7c773e8ab57" />
    <UnitTestResult executionId="4f0efa5b-a8a6-4855-9cf8-5d27748acc23" testId="8b6ffba5-03c6-3d4c-b745-d27bcc21e317" testName="ToExists_Passing_NotFound_Service_Returns_False" computerName="PC-SFERRARI" duration="00:00:00.0002346" startTime="2020-09-01T17:42:53.7597718+01:00" endTime="2020-09-01T17:42:53.7600880+01:00" testType="13cdc9d9-ddb5-4fa4-a97d-d965ccfc6d4b" outcome="Passed" testListId="8c84fa94-04c1-424b-9868-57a2d4851a1d" relativeResultsDirectory="4f0efa5b-a8a6-4855-9cf8-5d27748acc23" />
    <UnitTestResult executionId="acd9472b-71c6-44ed-8362-0694374cb2ba" testId="46b6f1f8-c604-191d-d990-242ae535cd55" testName="ToEmailMaskUserNameAndDomain_Passing_ValidEmail_Returns_EmailWithMask" computerName="PC-SFERRARI" duration="00:00:00.0002797" startTime="2020-09-01T17:42:54.1187806+01:00" endTime="2020-09-01T17:42:54.1191416+01:00" testType="13cdc9d9-ddb5-4fa4-a97d-d965ccfc6d4b" outcome="Passed" testListId="8c84fa94-04c1-424b-9868-57a2d4851a1d" relativeResultsDirectory="acd9472b-71c6-44ed-8362-0694374cb2ba" resultType="DataDrivenTest">
      <InnerResults>
        <UnitTestResult executionId="eea98d6f-1bf5-47f5-a5ea-2b227fd98107" parentExecutionId="acd9472b-71c6-44ed-8362-0694374cb2ba" testId="46b6f1f8-c604-191d-d990-242ae535cd55" testName="ToEmailMaskUserNameAndDomain_Passing_ValidEmail_Returns_EmailWithMask (miemail@gmail.com,m*****l@g***l.com)" computerName="PC-SFERRARI" duration="00:00:00.0002440" startTime="2020-09-01T17:42:54.1187806+01:00" endTime="2020-09-01T17:42:54.1191416+01:00" testType="13cdc9d9-ddb5-4fa4-a97d-d965ccfc6d4b" outcome="Passed" testListId="8c84fa94-04c1-424b-9868-57a2d4851a1d" relativeResultsDirectory="eea98d6f-1bf5-47f5-a5ea-2b227fd98107" dataRowInfo="1" resultType="DataDrivenDataRow" />
      </InnerResults>
    </UnitTestResult>
    <UnitTestResult executionId="2159ee24-3915-444a-b131-b4232c9a1e08" testId="05a9b880-6e83-9959-2d02-9b7d97277dfa" testName="ToString_Passing_Valid_Collection_Returns_String_With_Default_Separator" computerName="PC-SFERRARI" duration="00:00:00.0006937" startTime="2020-09-01T17:42:53.2058416+01:00" endTime="2020-09-01T17:42:53.2067681+01:00" testType="13cdc9d9-ddb5-4fa4-a97d-d965ccfc6d4b" outcome="Passed" testListId="8c84fa94-04c1-424b-9868-57a2d4851a1d" relativeResultsDirectory="2159ee24-3915-444a-b131-b4232c9a1e08" />
    <UnitTestResult executionId="79ff6c97-3830-4aab-b37b-64a04c7898fe" testId="28887edf-8245-57fe-da6b-7d74097f5629" testName="IsGreater_Passing_InvalidArguments_Returns_HasErrorsAndCount" computerName="PC-SFERRARI" duration="00:00:00.0048333" startTime="2020-09-01T17:42:51.0803897+01:00" endTime="2020-09-01T17:42:51.0853291+01:00" testType="13cdc9d9-ddb5-4fa4-a97d-d965ccfc6d4b" outcome="Passed" testListId="8c84fa94-04c1-424b-9868-57a2d4851a1d" relativeResultsDirectory="79ff6c97-3830-4aab-b37b-64a04c7898fe" />
    <UnitTestResult executionId="452c859a-efc3-425d-971b-534a9171a474" testId="fa1415b0-01fe-4c29-f648-98ef295dec1f" testName="ToSerialize_Passing_Objects_Returns_String_Values" computerName="PC-SFERRARI" duration="00:00:00.0015010" startTime="2020-09-01T17:42:53.7186155+01:00" endTime="2020-09-01T17:42:53.7203884+01:00" testType="13cdc9d9-ddb5-4fa4-a97d-d965ccfc6d4b" outcome="Passed" testListId="8c84fa94-04c1-424b-9868-57a2d4851a1d" relativeResultsDirectory="452c859a-efc3-425d-971b-534a9171a474" />
    <UnitTestResult executionId="443c6fb9-0b43-47e6-ad7f-db0f3746afca" testId="5a027d11-b396-742a-ead3-65fd697de61d" testName="ToReplaceSpecialChars_Passing_ValidValue_Returns_ReplacedValueWithoutIgnoreSpecialChars" computerName="PC-SFERRARI" duration="00:00:00.0033454" startTime="2020-09-01T17:42:54.0558198+01:00" endTime="2020-09-01T17:42:54.0593493+01:00" testType="13cdc9d9-ddb5-4fa4-a97d-d965ccfc6d4b" outcome="Passed" testListId="8c84fa94-04c1-424b-9868-57a2d4851a1d" relativeResultsDirectory="443c6fb9-0b43-47e6-ad7f-db0f3746afca" resultType="DataDrivenTest">
      <InnerResults>
        <UnitTestResult executionId="5ba84bef-4ae4-40a6-b22a-508858d8585d" parentExecutionId="443c6fb9-0b43-47e6-ad7f-db0f3746afca" testId="5a027d11-b396-742a-ead3-65fd697de61d" testName="ToReplaceSpecialChars_Passing_ValidValue_Returns_ReplacedValueWithoutIgnoreSpecialChars (àáäâãøçħ,aaaaaoch)" computerName="PC-SFERRARI" duration="00:00:00.0028405" startTime="2020-09-01T17:42:54.0558198+01:00" endTime="2020-09-01T17:42:54.0593493+01:00" testType="13cdc9d9-ddb5-4fa4-a97d-d965ccfc6d4b" outcome="Passed" testListId="8c84fa94-04c1-424b-9868-57a2d4851a1d" relativeResultsDirectory="5ba84bef-4ae4-40a6-b22a-508858d8585d" dataRowInfo="1" resultType="DataDrivenDataRow" />
        <UnitTestResult executionId="58ca8502-5750-4923-b240-970bb98aeed2" parentExecutionId="443c6fb9-0b43-47e6-ad7f-db0f3746afca" testId="5a027d11-b396-742a-ead3-65fd697de61d" testName="ToReplaceSpecialChars_Passing_ValidValue_Returns_ReplacedValueWithoutIgnoreSpecialChars ( àáäâ ãøçħ , aaaa aoch )" computerName="PC-SFERRARI" duration="00:00:00.0000646" startTime="2020-09-01T17:42:54.0558198+01:00" endTime="2020-09-01T17:42:54.0593493+01:00" testType="13cdc9d9-ddb5-4fa4-a97d-d965ccfc6d4b" outcome="Passed" testListId="8c84fa94-04c1-424b-9868-57a2d4851a1d" relativeResultsDirectory="58ca8502-5750-4923-b240-970bb98aeed2" dataRowInfo="2" resultType="DataDrivenDataRow" />
        <UnitTestResult executionId="18999765-7a77-413f-afd0-3dd923fdad69" parentExecutionId="443c6fb9-0b43-47e6-ad7f-db0f3746afca" testId="5a027d11-b396-742a-ead3-65fd697de61d" testName="ToReplaceSpecialChars_Passing_ValidValue_Returns_ReplacedValueWithoutIgnoreSpecialChars (*¨^_:-?¿;,)" computerName="PC-SFERRARI" duration="00:00:00.0000523" startTime="2020-09-01T17:42:54.0558198+01:00" endTime="2020-09-01T17:42:54.0593493+01:00" testType="13cdc9d9-ddb5-4fa4-a97d-d965ccfc6d4b" outcome="Passed" testListId="8c84fa94-04c1-424b-9868-57a2d4851a1d" relativeResultsDirectory="18999765-7a77-413f-afd0-3dd923fdad69" dataRowInfo="3" resultType="DataDrivenDataRow" />
        <UnitTestResult executionId="a673dd33-7e00-41d6-a81f-e5bce553c476" parentExecutionId="443c6fb9-0b43-47e6-ad7f-db0f3746afca" testId="5a027d11-b396-742a-ead3-65fd697de61d" testName="ToReplaceSpecialChars_Passing_ValidValue_Returns_ReplacedValueWithoutIgnoreSpecialChars ( * ¨ ^ _ : - ? ¿ ; ,          )" computerName="PC-SFERRARI" duration="00:00:00.0000432" startTime="2020-09-01T17:42:54.0558198+01:00" endTime="2020-09-01T17:42:54.0593493+01:00" testType="13cdc9d9-ddb5-4fa4-a97d-d965ccfc6d4b" outcome="Passed" testListId="8c84fa94-04c1-424b-9868-57a2d4851a1d" relativeResultsDirectory="a673dd33-7e00-41d6-a81f-e5bce553c476" dataRowInfo="4" resultType="DataDrivenDataRow" />
        <UnitTestResult executionId="e91c7a3b-60bc-478f-8add-ddd363691bf7" parentExecutionId="443c6fb9-0b43-47e6-ad7f-db0f3746afca" testId="5a027d11-b396-742a-ead3-65fd697de61d" testName="ToReplaceSpecialChars_Passing_ValidValue_Returns_ReplacedValueWithoutIgnoreSpecialChars (*¨^_:-?¿;,?¿,?¿)" computerName="PC-SFERRARI" duration="00:00:00.0000263" startTime="2020-09-01T17:42:54.0558198+01:00" endTime="2020-09-01T17:42:54.0593493+01:00" testType="13cdc9d9-ddb5-4fa4-a97d-d965ccfc6d4b" outcome="Passed" testListId="8c84fa94-04c1-424b-9868-57a2d4851a1d" relativeResultsDirectory="e91c7a3b-60bc-478f-8add-ddd363691bf7" dataRowInfo="5" resultType="DataDrivenDataRow" />
      </InnerResults>
    </UnitTestResult>
    <UnitTestResult executionId="c654e395-e368-41dd-814c-7475a99ffe05" testId="44434c12-1418-e87f-c461-58aef56a1acf" testName="ToPaged_Passing_Name_Descending_Order_Returns_Filter_List" computerName="PC-SFERRARI" duration="00:00:00.0006138" startTime="2020-09-01T17:42:53.7552325+01:00" endTime="2020-09-01T17:42:53.7560141+01:00" testType="13cdc9d9-ddb5-4fa4-a97d-d965ccfc6d4b" outcome="Passed" testListId="8c84fa94-04c1-424b-9868-57a2d4851a1d" relativeResultsDirectory="c654e395-e368-41dd-814c-7475a99ffe05" />
  </Results>
  <TestDefinitions>
    <UnitTest name="ToDirectoryFileInfo_Passing_ValidValue_Returns_FileInfo" storage="d:\sferrari\01 - trabajo\repos\netcore\template-netcore-shared\kitpymes.core.shared.tests\bin\release\netcoreapp3.0\kitpymes.core.shared.tests.dll" id="8f912328-63c8-86b1-c2a6-be41b857b56c">
      <Execution id="e49a8904-2c7b-4467-b3ea-5d53b9f8a552" />
      <TestMethod codeBase="D:\SFERRARI\01 - TRABAJO\REPOS\netcore\template-netcore-shared\Kitpymes.Core.Shared.Tests\bin\Release\netcoreapp3.0\Kitpymes.Core.Shared.Tests.dll" adapterTypeName="executor://mstestadapter/v2" className="Kitpymes.Core.Shared.Extensions.Tests.StringExtensionsTests" name="ToDirectoryFileInfo_Passing_ValidValue_Returns_FileInfo" />
    </UnitTest>
    <UnitTest name="ToHashAlgorithmName_Passing_ValidValueString_Returns_HashAlgorithmName" storage="d:\sferrari\01 - trabajo\repos\netcore\template-netcore-shared\kitpymes.core.shared.tests\bin\release\netcoreapp3.0\kitpymes.core.shared.tests.dll" id="ab09828e-76b4-f849-312f-3e5de8fe1910">
      <Execution id="3037b1ec-1d79-4ade-bd53-fcd6ba94a2c7" />
      <TestMethod codeBase="D:\SFERRARI\01 - TRABAJO\REPOS\netcore\template-netcore-shared\Kitpymes.Core.Shared.Tests\bin\Release\netcoreapp3.0\Kitpymes.Core.Shared.Tests.dll" adapterTypeName="executor://mstestadapter/v2" className="Kitpymes.Core.Shared.Extensions.Tests.StringExtensionsTests" name="ToHashAlgorithmName_Passing_ValidValueString_Returns_HashAlgorithmName" />
    </UnitTest>
    <UnitTest name="ToEnum_Passing_InvalidValueInt_Returns_EnumCustomValue" storage="d:\sferrari\01 - trabajo\repos\netcore\template-netcore-shared\kitpymes.core.shared.tests\bin\release\netcoreapp3.0\kitpymes.core.shared.tests.dll" id="4a38c3cf-0cae-05a0-9e46-68686a986425">
      <Execution id="da37c854-442c-467d-90c8-c23b010d663b" />
      <TestMethod codeBase="D:\SFERRARI\01 - TRABAJO\REPOS\netcore\template-netcore-shared\Kitpymes.Core.Shared.Tests\bin\Release\netcoreapp3.0\Kitpymes.Core.Shared.Tests.dll" adapterTypeName="executor://mstestadapter/v2" className="Kitpymes.Core.Shared.Extensions.Tests.StringExtensionsTests" name="ToEnum_Passing_InvalidValueInt_Returns_EnumCustomValue" />
    </UnitTest>
    <UnitTest name="IsGreater_Passing_InvalidArguments_Returns_HasErrorsAndCount" storage="d:\sferrari\01 - trabajo\repos\netcore\template-netcore-shared\kitpymes.core.shared.tests\bin\release\netcoreapp3.0\kitpymes.core.shared.tests.dll" id="28887edf-8245-57fe-da6b-7d74097f5629">
      <Execution id="79ff6c97-3830-4aab-b37b-64a04c7898fe" />
      <TestMethod codeBase="D:\SFERRARI\01 - TRABAJO\REPOS\netcore\template-netcore-shared\Kitpymes.Core.Shared.Tests\bin\Release\netcoreapp3.0\Kitpymes.Core.Shared.Tests.dll" adapterTypeName="executor://mstestadapter/v2" className="Kitpymes.Core.Shared.Utilities.Tests.CheckTests" name="IsGreater_Passing_InvalidArguments_Returns_HasErrorsAndCount" />
    </UnitTest>
    <UnitTest name="ToList_Passing_ValidEnumTypeWithSelectedValue_Returns_ValuesList" storage="d:\sferrari\01 - trabajo\repos\netcore\template-netcore-shared\kitpymes.core.shared.tests\bin\release\netcoreapp3.0\kitpymes.core.shared.tests.dll" id="c7c0b8c0-af82-c2af-9366-cca72ceef0f8">
      <Execution id="1407cdbf-5472-41f8-80b0-0263a40df18a" />
      <TestMethod codeBase="D:\SFERRARI\01 - TRABAJO\REPOS\netcore\template-netcore-shared\Kitpymes.Core.Shared.Tests\bin\Release\netcoreapp3.0\Kitpymes.Core.Shared.Tests.dll" adapterTypeName="executor://mstestadapter/v2" className="Kitpymes.Core.Shared.Utilities.Tests.EnumsTests" name="ToList_Passing_ValidEnumTypeWithSelectedValue_Returns_ValuesList" />
    </UnitTest>
    <UnitTest name="IsEmail_Passing_InvalidArguments_Returns_HasErrorsAndCount" storage="d:\sferrari\01 - trabajo\repos\netcore\template-netcore-shared\kitpymes.core.shared.tests\bin\release\netcoreapp3.0\kitpymes.core.shared.tests.dll" id="0941f429-aa92-ce96-588f-e696162f5398">
      <Execution id="f1e59ba9-919b-4325-9542-117d66b6a2a8" />
      <TestMethod codeBase="D:\SFERRARI\01 - TRABAJO\REPOS\netcore\template-netcore-shared\Kitpymes.Core.Shared.Tests\bin\Release\netcoreapp3.0\Kitpymes.Core.Shared.Tests.dll" adapterTypeName="executor://mstestadapter/v2" className="Kitpymes.Core.Shared.Utilities.Tests.CheckTests" name="IsEmail_Passing_InvalidArguments_Returns_HasErrorsAndCount" />
    </UnitTest>
    <UnitTest name="ToEnvironment_ServiceCollection_Passing_Staging_Enviroment_Returns_Staging_Name" storage="d:\sferrari\01 - trabajo\repos\netcore\template-netcore-shared\kitpymes.core.shared.tests\bin\release\netcoreapp3.0\kitpymes.core.shared.tests.dll" id="7e1ddf95-9ce7-0ebb-c0f6-6188bd74a6ad">
      <Execution id="b728b9ba-e5fd-46f8-b1ca-b6ae1bb310b8" />
      <TestMethod codeBase="D:\SFERRARI\01 - TRABAJO\REPOS\netcore\template-netcore-shared\Kitpymes.Core.Shared.Tests\bin\Release\netcoreapp3.0\Kitpymes.Core.Shared.Tests.dll" adapterTypeName="executor://mstestadapter/v2" className="Kitpymes.Core.Shared.Extensions.Tests.ConfigurationBuilderExtensionsTests" name="ToEnvironment_ServiceCollection_Passing_Staging_Enviroment_Returns_Staging_Name" />
    </UnitTest>
    <UnitTest name="ToMessage_Passing_ExceptionWithMessage_Returns_Message" storage="d:\sferrari\01 - trabajo\repos\netcore\template-netcore-shared\kitpymes.core.shared.tests\bin\release\netcoreapp3.0\kitpymes.core.shared.tests.dll" id="0b8bc730-bd5d-eb21-7083-0664af88b31c">
      <Execution id="6a854c7a-cdef-473d-8469-0f62b0dd71ab" />
      <TestMethod codeBase="D:\SFERRARI\01 - TRABAJO\REPOS\netcore\template-netcore-shared\Kitpymes.Core.Shared.Tests\bin\Release\netcoreapp3.0\Kitpymes.Core.Shared.Tests.dll" adapterTypeName="executor://mstestadapter/v2" className="Kitpymes.Core.Shared.Extensions.Tests.ExceptionExtensionsTests" name="ToMessage_Passing_ExceptionWithMessage_Returns_Message" />
    </UnitTest>
    <UnitTest name="ToEndOfTheMonth_Passing_DateTime_Returns_End_Of_Month_DateTime" storage="d:\sferrari\01 - trabajo\repos\netcore\template-netcore-shared\kitpymes.core.shared.tests\bin\release\netcoreapp3.0\kitpymes.core.shared.tests.dll" id="8cc5b57c-083c-3f3a-832a-0ea05928fc17">
      <Execution id="aa270d7c-2252-4445-8b52-1ff34ee51c3a" />
      <TestMethod codeBase="D:\SFERRARI\01 - TRABAJO\REPOS\netcore\template-netcore-shared\Kitpymes.Core.Shared.Tests\bin\Release\netcoreapp3.0\Kitpymes.Core.Shared.Tests.dll" adapterTypeName="executor://mstestadapter/v2" className="Kitpymes.Core.Shared.Extensions.Tests.DateTimeExtensionsTests" name="ToEndOfTheMonth_Passing_DateTime_Returns_End_Of_Month_DateTime" />
    </UnitTest>
    <UnitTest name="ToInt_Passing_Enumeration_Name_Returns_Description_Atributte" storage="d:\sferrari\01 - trabajo\repos\netcore\template-netcore-shared\kitpymes.core.shared.tests\bin\release\netcoreapp3.0\kitpymes.core.shared.tests.dll" id="096e7216-9196-b38d-e84a-d9b01f2eb4c5">
      <Execution id="b1dc3570-af47-41a7-81f1-779cd1b16b87" />
      <TestMethod codeBase="D:\SFERRARI\01 - TRABAJO\REPOS\netcore\template-netcore-shared\Kitpymes.Core.Shared.Tests\bin\Release\netcoreapp3.0\Kitpymes.Core.Shared.Tests.dll" adapterTypeName="executor://mstestadapter/v2" className="Kitpymes.Core.Shared.Extensions.Tests.EnumExtensionsTests" name="ToInt_Passing_Enumeration_Name_Returns_Description_Atributte" />
    </UnitTest>
    <UnitTest name="ToCompress_Passing_Value_Bytes_Returns_Value_Bytes" storage="d:\sferrari\01 - trabajo\repos\netcore\template-netcore-shared\kitpymes.core.shared.tests\bin\release\netcoreapp3.0\kitpymes.core.shared.tests.dll" id="8753b945-3021-c959-7cc0-4647f9a71041">
      <Execution id="ef863348-e86f-4d09-ba3b-e829e57c80d6" />
      <TestMethod codeBase="D:\SFERRARI\01 - TRABAJO\REPOS\netcore\template-netcore-shared\Kitpymes.Core.Shared.Tests\bin\Release\netcoreapp3.0\Kitpymes.Core.Shared.Tests.dll" adapterTypeName="executor://mstestadapter/v2" className="Kitpymes.Core.Shared.Extensions.Tests.BytesExtensionsTests" name="ToCompress_Passing_Value_Bytes_Returns_Value_Bytes" />
    </UnitTest>
    <UnitTest name="IsEqual_Passing_InvalidArguments_Returns_HasErrorsAndCount" storage="d:\sferrari\01 - trabajo\repos\netcore\template-netcore-shared\kitpymes.core.shared.tests\bin\release\netcoreapp3.0\kitpymes.core.shared.tests.dll" id="3622b24e-5f92-7764-ede1-51eedecd15e2">
      <Execution id="b3ee743e-6e52-474a-af42-ff097e379a90" />
      <TestMethod codeBase="D:\SFERRARI\01 - TRABAJO\REPOS\netcore\template-netcore-shared\Kitpymes.Core.Shared.Tests\bin\Release\netcoreapp3.0\Kitpymes.Core.Shared.Tests.dll" adapterTypeName="executor://mstestadapter/v2" className="Kitpymes.Core.Shared.Utilities.Tests.CheckTests" name="IsEqual_Passing_InvalidArguments_Returns_HasErrorsAndCount" />
    </UnitTest>
    <UnitTest name="ToIsFileThrow_Passing_InvalidValue_Returns_ApplicationExceptionWithMessage" storage="d:\sferrari\01 - trabajo\repos\netcore\template-netcore-shared\kitpymes.core.shared.tests\bin\release\netcoreapp3.0\kitpymes.core.shared.tests.dll" id="94f16998-db16-c9fb-bd7f-eaea1e16045e">
      <Execution id="9b974440-5ecf-4a79-85bc-a6575a07c590" />
      <TestMethod codeBase="D:\SFERRARI\01 - TRABAJO\REPOS\netcore\template-netcore-shared\Kitpymes.Core.Shared.Tests\bin\Release\netcoreapp3.0\Kitpymes.Core.Shared.Tests.dll" adapterTypeName="executor://mstestadapter/v2" className="Kitpymes.Core.Shared.Extensions.Tests.CheckExtensionsTests" name="ToIsFileThrow_Passing_InvalidValue_Returns_ApplicationExceptionWithMessage" />
    </UnitTest>
    <UnitTest name="ToIsLastDayOfTheMonth_Passing_NotLastDayOfMonth_Returns_False" storage="d:\sferrari\01 - trabajo\repos\netcore\template-netcore-shared\kitpymes.core.shared.tests\bin\release\netcoreapp3.0\kitpymes.core.shared.tests.dll" id="021d8bec-70f5-dd9f-32d5-eac1f19b0740">
      <Execution id="22c7848a-efdb-4d05-841f-8f5bd9e27c88" />
      <TestMethod codeBase="D:\SFERRARI\01 - TRABAJO\REPOS\netcore\template-netcore-shared\Kitpymes.Core.Shared.Tests\bin\Release\netcoreapp3.0\Kitpymes.Core.Shared.Tests.dll" adapterTypeName="executor://mstestadapter/v2" className="Kitpymes.Core.Shared.Extensions.Tests.DateTimeExtensionsTests" name="ToIsLastDayOfTheMonth_Passing_NotLastDayOfMonth_Returns_False" />
    </UnitTest>
    <UnitTest name="ToTryIPv6_Passing_HttpContext_IP_Value_Returns_IP" storage="d:\sferrari\01 - trabajo\repos\netcore\template-netcore-shared\kitpymes.core.shared.tests\bin\release\netcoreapp3.0\kitpymes.core.shared.tests.dll" id="f78feac2-4f99-e8a9-7ee3-7d94b24ea471">
      <Execution id="51134146-0ac5-472a-a0e5-2854055214a2" />
      <TestMethod codeBase="D:\SFERRARI\01 - TRABAJO\REPOS\netcore\template-netcore-shared\Kitpymes.Core.Shared.Tests\bin\Release\netcoreapp3.0\Kitpymes.Core.Shared.Tests.dll" adapterTypeName="executor://mstestadapter/v2" className="Kitpymes.Core.Shared.Extensions.Tests.HttpContextExtensionsTests" name="ToTryIPv6_Passing_HttpContext_IP_Value_Returns_IP" />
    </UnitTest>
    <UnitTest name="ToConfigureOrDefault_Passing_ActionCustomValues_Returns_CustomValues" storage="d:\sferrari\01 - trabajo\repos\netcore\template-netcore-shared\kitpymes.core.shared.tests\bin\release\netcoreapp3.0\kitpymes.core.shared.tests.dll" id="b59b01dd-125a-5c10-1264-3a87adcb7c38">
      <Execution id="0875e73e-6b73-4f7b-8e88-a2dd9ef66987" />
      <TestMethod codeBase="D:\SFERRARI\01 - TRABAJO\REPOS\netcore\template-netcore-shared\Kitpymes.Core.Shared.Tests\bin\Release\netcoreapp3.0\Kitpymes.Core.Shared.Tests.dll" adapterTypeName="executor://mstestadapter/v2" className="Kitpymes.Core.Shared.Extensions.Tests.ActionExtensionsTests" name="ToConfigureOrDefault_Passing_ActionCustomValues_Returns_CustomValues" />
    </UnitTest>
    <UnitTest name="ToList_Passing_ValidEnumTypeWithSelectedValueWithResourceType_Returns_ValuesList" storage="d:\sferrari\01 - trabajo\repos\netcore\template-netcore-shared\kitpymes.core.shared.tests\bin\release\netcoreapp3.0\kitpymes.core.shared.tests.dll" id="0e0fac8d-b2fe-0646-de77-c7bb31221ebd">
      <Execution id="74813c53-3c6a-4eaf-b367-4f396dceb227" />
      <TestMethod codeBase="D:\SFERRARI\01 - TRABAJO\REPOS\netcore\template-netcore-shared\Kitpymes.Core.Shared.Tests\bin\Release\netcoreapp3.0\Kitpymes.Core.Shared.Tests.dll" adapterTypeName="executor://mstestadapter/v2" className="Kitpymes.Core.Shared.Utilities.Tests.EnumsTests" name="ToList_Passing_ValidEnumTypeWithSelectedValueWithResourceType_Returns_ValuesList" />
    </UnitTest>
    <UnitTest name="ToService_Passing_Valid_Service_Returns_Service" storage="d:\sferrari\01 - trabajo\repos\netcore\template-netcore-shared\kitpymes.core.shared.tests\bin\release\netcoreapp3.0\kitpymes.core.shared.tests.dll" id="f12b1480-1a2c-e6b2-a7d5-e18e3051e76a">
      <Execution id="88ab41ad-efba-4b2d-b474-b67cb81ccc15" />
      <TestMethod codeBase="D:\SFERRARI\01 - TRABAJO\REPOS\netcore\template-netcore-shared\Kitpymes.Core.Shared.Tests\bin\Release\netcoreapp3.0\Kitpymes.Core.Shared.Tests.dll" adapterTypeName="executor://mstestadapter/v2" className="Kitpymes.Core.Shared.Extensions.Tests.ApplicationBuilderExtensionsTests" name="ToService_Passing_Valid_Service_Returns_Service" />
    </UnitTest>
    <UnitTest name="ToIsAuthenticated_Passing_Null_ClaimsPrincipal_Returns_ApplicationException" storage="d:\sferrari\01 - trabajo\repos\netcore\template-netcore-shared\kitpymes.core.shared.tests\bin\release\netcoreapp3.0\kitpymes.core.shared.tests.dll" id="5932a8ff-7d37-10cf-2a21-a95288a4601c">
      <Execution id="7ac09496-8010-44c0-95f5-9330e0b60597" />
      <TestMethod codeBase="D:\SFERRARI\01 - TRABAJO\REPOS\netcore\template-netcore-shared\Kitpymes.Core.Shared.Tests\bin\Release\netcoreapp3.0\Kitpymes.Core.Shared.Tests.dll" adapterTypeName="executor://mstestadapter/v2" className="Kitpymes.Core.Shared.Extensions.Tests.ClaimsPrincipalExtensionsTests" name="ToIsAuthenticated_Passing_Null_ClaimsPrincipal_Returns_ApplicationException" />
    </UnitTest>
    <UnitTest name="ToExists_Passing_Claims_Returns_True" storage="d:\sferrari\01 - trabajo\repos\netcore\template-netcore-shared\kitpymes.core.shared.tests\bin\release\netcoreapp3.0\kitpymes.core.shared.tests.dll" id="3dd1d7af-d98a-cc8e-c202-2578f95922fc">
      <Execution id="26e10e72-cfe6-4a8d-9f64-35bb3736cc1e" />
      <TestMethod codeBase="D:\SFERRARI\01 - TRABAJO\REPOS\netcore\template-netcore-shared\Kitpymes.Core.Shared.Tests\bin\Release\netcoreapp3.0\Kitpymes.Core.Shared.Tests.dll" adapterTypeName="executor://mstestadapter/v2" className="Kitpymes.Core.Shared.Extensions.Tests.ClaimsPrincipalExtensionsTests" name="ToExists_Passing_Claims_Returns_True" />
    </UnitTest>
    <UnitTest name="ToDirectoryTemporary_Passing_ValidValue_Returns_DirectoryExists" storage="d:\sferrari\01 - trabajo\repos\netcore\template-netcore-shared\kitpymes.core.shared.tests\bin\release\netcoreapp3.0\kitpymes.core.shared.tests.dll" id="57de2494-db49-05dd-e58f-ea06218b9ada">
      <Execution id="fb5b5bd8-2af9-4e9b-82d9-3cc63cb110f7" />
      <TestMethod codeBase="D:\SFERRARI\01 - TRABAJO\REPOS\netcore\template-netcore-shared\Kitpymes.Core.Shared.Tests\bin\Release\netcoreapp3.0\Kitpymes.Core.Shared.Tests.dll" adapterTypeName="executor://mstestadapter/v2" className="Kitpymes.Core.Shared.Extensions.Tests.StringExtensionsTests" name="ToDirectoryTemporary_Passing_ValidValue_Returns_DirectoryExists" />
    </UnitTest>
    <UnitTest name="ToFormat_Passing_ValidTimeSpanValue_Returns_ValueWithFormatString" storage="d:\sferrari\01 - trabajo\repos\netcore\template-netcore-shared\kitpymes.core.shared.tests\bin\release\netcoreapp3.0\kitpymes.core.shared.tests.dll" id="f2b4c5e1-9602-b565-3f4b-0274fe8a1908">
      <Execution id="6a5f2f6e-bb9b-4473-9eb4-b765584ee2f8" />
      <TestMethod codeBase="D:\SFERRARI\01 - TRABAJO\REPOS\netcore\template-netcore-shared\Kitpymes.Core.Shared.Tests\bin\Release\netcoreapp3.0\Kitpymes.Core.Shared.Tests.dll" adapterTypeName="executor://mstestadapter/v2" className="Kitpymes.Core.Shared.Extensions.Tests.TimeSpanExtensionsTests" name="ToFormat_Passing_ValidTimeSpanValue_Returns_ValueWithFormatString" />
    </UnitTest>
    <UnitTest name="ToDisplay_Passing_Enumeration_Name_Returns_Display_Atributte" storage="d:\sferrari\01 - trabajo\repos\netcore\template-netcore-shared\kitpymes.core.shared.tests\bin\release\netcoreapp3.0\kitpymes.core.shared.tests.dll" id="6537dd0f-ffc8-fd2a-861a-624b21268978">
      <Execution id="9c84620d-b2c9-4c4a-b349-a14c58e0e902" />
      <TestMethod codeBase="D:\SFERRARI\01 - TRABAJO\REPOS\netcore\template-netcore-shared\Kitpymes.Core.Shared.Tests\bin\Release\netcoreapp3.0\Kitpymes.Core.Shared.Tests.dll" adapterTypeName="executor://mstestadapter/v2" className="Kitpymes.Core.Shared.Extensions.Tests.EnumExtensionsTests" name="ToDisplay_Passing_Enumeration_Name_Returns_Display_Atributte" />
    </UnitTest>
    <UnitTest name="ToEnum_Passing_ValidValue_String_Returns_EnumValue" storage="d:\sferrari\01 - trabajo\repos\netcore\template-netcore-shared\kitpymes.core.shared.tests\bin\release\netcoreapp3.0\kitpymes.core.shared.tests.dll" id="99f591e7-92cc-d964-68b8-f9ee7c1e1567">
      <Execution id="176b0efd-f906-47b3-8e4e-dd4ba23176dc" />
      <TestMethod codeBase="D:\SFERRARI\01 - TRABAJO\REPOS\netcore\template-netcore-shared\Kitpymes.Core.Shared.Tests\bin\Release\netcoreapp3.0\Kitpymes.Core.Shared.Tests.dll" adapterTypeName="executor://mstestadapter/v2" className="Kitpymes.Core.Shared.Extensions.Tests.StringExtensionsTests" name="ToEnum_Passing_ValidValue_String_Returns_EnumValue" />
    </UnitTest>
    <UnitTest name="ToAuthenticationType_Passing_Claims_Returns_AuthenticationType_Name" storage="d:\sferrari\01 - trabajo\repos\netcore\template-netcore-shared\kitpymes.core.shared.tests\bin\release\netcoreapp3.0\kitpymes.core.shared.tests.dll" id="b7c48b0c-de00-9836-92e0-dac42d1bcc61">
      <Execution id="05f49faf-7e7a-4c04-b7e9-f7e57a121627" />
      <TestMethod codeBase="D:\SFERRARI\01 - TRABAJO\REPOS\netcore\template-netcore-shared\Kitpymes.Core.Shared.Tests\bin\Release\netcoreapp3.0\Kitpymes.Core.Shared.Tests.dll" adapterTypeName="executor://mstestadapter/v2" className="Kitpymes.Core.Shared.Extensions.Tests.ClaimsPrincipalExtensionsTests" name="ToAuthenticationType_Passing_Claims_Returns_AuthenticationType_Name" />
    </UnitTest>
    <UnitTest name="ToAttribute_Passing_Enumeration_Name_Returns_Atributte" storage="d:\sferrari\01 - trabajo\repos\netcore\template-netcore-shared\kitpymes.core.shared.tests\bin\release\netcoreapp3.0\kitpymes.core.shared.tests.dll" id="f09ee564-ba6b-846c-7215-1776329b0ea4">
      <Execution id="e5085fa5-bdea-4bcb-90af-beaac437899b" />
      <TestMethod codeBase="D:\SFERRARI\01 - TRABAJO\REPOS\netcore\template-netcore-shared\Kitpymes.Core.Shared.Tests\bin\Release\netcoreapp3.0\Kitpymes.Core.Shared.Tests.dll" adapterTypeName="executor://mstestadapter/v2" className="Kitpymes.Core.Shared.Extensions.Tests.EnumExtensionsTests" name="ToAttribute_Passing_Enumeration_Name_Returns_Atributte" />
    </UnitTest>
    <UnitTest name="ToIsAuthenticated_Passing_Claims_Returns_False" storage="d:\sferrari\01 - trabajo\repos\netcore\template-netcore-shared\kitpymes.core.shared.tests\bin\release\netcoreapp3.0\kitpymes.core.shared.tests.dll" id="bfc11cb1-55b2-1945-b4dd-7c88a853c5ed">
      <Execution id="92bbd463-28bb-4a5c-ad2f-648fda67c2a1" />
      <TestMethod codeBase="D:\SFERRARI\01 - TRABAJO\REPOS\netcore\template-netcore-shared\Kitpymes.Core.Shared.Tests\bin\Release\netcoreapp3.0\Kitpymes.Core.Shared.Tests.dll" adapterTypeName="executor://mstestadapter/v2" className="Kitpymes.Core.Shared.Extensions.Tests.ClaimsPrincipalExtensionsTests" name="ToIsAuthenticated_Passing_Claims_Returns_False" />
    </UnitTest>
    <UnitTest name="ToTryGetHeader_Passing_HttpRequest_Header_Value_Returns_Value" storage="d:\sferrari\01 - trabajo\repos\netcore\template-netcore-shared\kitpymes.core.shared.tests\bin\release\netcoreapp3.0\kitpymes.core.shared.tests.dll" id="84f3eea3-fb46-7ff1-04fe-1ba3ec10008f">
      <Execution id="9b66eaa3-a45e-4b8e-ab51-c726aa7183fa" />
      <TestMethod codeBase="D:\SFERRARI\01 - TRABAJO\REPOS\netcore\template-netcore-shared\Kitpymes.Core.Shared.Tests\bin\Release\netcoreapp3.0\Kitpymes.Core.Shared.Tests.dll" adapterTypeName="executor://mstestadapter/v2" className="Kitpymes.Core.Shared.Extensions.Tests.HttpRequestExtensionsTests" name="ToTryGetHeader_Passing_HttpRequest_Header_Value_Returns_Value" />
    </UnitTest>
    <UnitTest name="ToHashAlgorithmName_Passing_InvalidValueLowerCaseStringWithDefaultValue_Returns_DefaultValue" storage="d:\sferrari\01 - trabajo\repos\netcore\template-netcore-shared\kitpymes.core.shared.tests\bin\release\netcoreapp3.0\kitpymes.core.shared.tests.dll" id="a9475552-19d3-b426-f4bb-8921ee8f5b83">
      <Execution id="c8e205c1-9339-4674-881a-b7468c6525c1" />
      <TestMethod codeBase="D:\SFERRARI\01 - TRABAJO\REPOS\netcore\template-netcore-shared\Kitpymes.Core.Shared.Tests\bin\Release\netcoreapp3.0\Kitpymes.Core.Shared.Tests.dll" adapterTypeName="executor://mstestadapter/v2" className="Kitpymes.Core.Shared.Extensions.Tests.StringExtensionsTests" name="ToHashAlgorithmName_Passing_InvalidValueLowerCaseStringWithDefaultValue_Returns_DefaultValue" />
    </UnitTest>
    <UnitTest name="IsNullOrAny_Passing_InvalidArguments_Returns_HasErrorsAndCount" storage="d:\sferrari\01 - trabajo\repos\netcore\template-netcore-shared\kitpymes.core.shared.tests\bin\release\netcoreapp3.0\kitpymes.core.shared.tests.dll" id="233fc265-70af-fd55-4eb2-8e50073ad7f8">
      <Execution id="07589a9d-3396-4527-8e87-e38ed231acda" />
      <TestMethod codeBase="D:\SFERRARI\01 - TRABAJO\REPOS\netcore\template-netcore-shared\Kitpymes.Core.Shared.Tests\bin\Release\netcoreapp3.0\Kitpymes.Core.Shared.Tests.dll" adapterTypeName="executor://mstestadapter/v2" className="Kitpymes.Core.Shared.Utilities.Tests.CheckTests" name="IsNullOrAny_Passing_InvalidArguments_Returns_HasErrorsAndCount" />
    </UnitTest>
    <UnitTest name="ToDefaultValue_Passing_ValidGuid_Returns_DefaultValue" storage="d:\sferrari\01 - trabajo\repos\netcore\template-netcore-shared\kitpymes.core.shared.tests\bin\release\netcoreapp3.0\kitpymes.core.shared.tests.dll" id="e3ed184b-300f-cd12-85b3-8a7ebedc73d8">
      <Execution id="d6c44a2c-ded2-4028-82ce-e6faeda2ee37" />
      <TestMethod codeBase="D:\SFERRARI\01 - TRABAJO\REPOS\netcore\template-netcore-shared\Kitpymes.Core.Shared.Tests\bin\Release\netcoreapp3.0\Kitpymes.Core.Shared.Tests.dll" adapterTypeName="executor://mstestadapter/v2" className="Kitpymes.Core.Shared.Extensions.Tests.TypeExtensionsTests" name="ToDefaultValue_Passing_ValidGuid_Returns_DefaultValue" />
    </UnitTest>
    <UnitTest name="ToPaged_Passing_Name_Descending_Order_Returns_Filter_List" storage="d:\sferrari\01 - trabajo\repos\netcore\template-netcore-shared\kitpymes.core.shared.tests\bin\release\netcoreapp3.0\kitpymes.core.shared.tests.dll" id="44434c12-1418-e87f-c461-58aef56a1acf">
      <Execution id="c654e395-e368-41dd-814c-7475a99ffe05" />
      <TestMethod codeBase="D:\SFERRARI\01 - TRABAJO\REPOS\netcore\template-netcore-shared\Kitpymes.Core.Shared.Tests\bin\Release\netcoreapp3.0\Kitpymes.Core.Shared.Tests.dll" adapterTypeName="executor://mstestadapter/v2" className="Kitpymes.Core.Shared.Extensions.Tests.QueryableExtensionsTests" name="ToPaged_Passing_Name_Descending_Order_Returns_Filter_List" />
    </UnitTest>
    <UnitTest name="ToEnum_Passing_InvalidValueString_Returns_EnumCustomValue" storage="d:\sferrari\01 - trabajo\repos\netcore\template-netcore-shared\kitpymes.core.shared.tests\bin\release\netcoreapp3.0\kitpymes.core.shared.tests.dll" id="8bddabe7-b6bf-e8a0-1bef-884ff3132d8d">
      <Execution id="c4f4cc18-d8ba-4a97-addb-e1cb7eb6a6ea" />
      <TestMethod codeBase="D:\SFERRARI\01 - TRABAJO\REPOS\netcore\template-netcore-shared\Kitpymes.Core.Shared.Tests\bin\Release\netcoreapp3.0\Kitpymes.Core.Shared.Tests.dll" adapterTypeName="executor://mstestadapter/v2" className="Kitpymes.Core.Shared.Extensions.Tests.StringExtensionsTests" name="ToEnum_Passing_InvalidValueString_Returns_EnumCustomValue" />
    </UnitTest>
    <UnitTest name="CreateRandom_WithCustomAllowableCharacters_Passing_Valid_Arguments_Returns_String_Random_Value" storage="d:\sferrari\01 - trabajo\repos\netcore\template-netcore-shared\kitpymes.core.shared.tests\bin\release\netcoreapp3.0\kitpymes.core.shared.tests.dll" id="aea57a92-faf1-67a4-5a43-3a7b423d7927">
      <Execution id="ba978b56-53a0-49d0-8ac1-f6af7a39075e" />
      <TestMethod codeBase="D:\SFERRARI\01 - TRABAJO\REPOS\netcore\template-netcore-shared\Kitpymes.Core.Shared.Tests\bin\Release\netcoreapp3.0\Kitpymes.Core.Shared.Tests.dll" adapterTypeName="executor://mstestadapter/v2" className="Kitpymes.Core.Shared.Utilities.Tests.HashTests" name="CreateRandom_WithCustomAllowableCharacters_Passing_Valid_Arguments_Returns_String_Random_Value" />
    </UnitTest>
    <UnitTest name="ToResultAsync_Passing_StatusCodeAnd_MessageAndContentTypeAndHeader_Values_Returns_Values" storage="d:\sferrari\01 - trabajo\repos\netcore\template-netcore-shared\kitpymes.core.shared.tests\bin\release\netcoreapp3.0\kitpymes.core.shared.tests.dll" id="3972c6a7-1365-8e74-c83d-f2ced3761cc5">
      <Execution id="15031edc-7d97-431c-b6a1-67417abeeecd" />
      <TestMethod codeBase="D:\SFERRARI\01 - TRABAJO\REPOS\netcore\template-netcore-shared\Kitpymes.Core.Shared.Tests\bin\Release\netcoreapp3.0\Kitpymes.Core.Shared.Tests.dll" adapterTypeName="executor://mstestadapter/v2" className="Kitpymes.Core.Shared.Extensions.Tests.HttpResponseExtensionsTests" name="ToResultAsync_Passing_StatusCodeAnd_MessageAndContentTypeAndHeader_Values_Returns_Values" />
    </UnitTest>
    <UnitTest name="ToAssembly_Passing_ValidValueAssemblyString_Returns_Assembly" storage="d:\sferrari\01 - trabajo\repos\netcore\template-netcore-shared\kitpymes.core.shared.tests\bin\release\netcoreapp3.0\kitpymes.core.shared.tests.dll" id="e308cd25-9ef3-a742-3e97-3796cdac9d85">
      <Execution id="732ac88b-b836-42bf-93cc-ffc5ad29fae2" />
      <TestMethod codeBase="D:\SFERRARI\01 - TRABAJO\REPOS\netcore\template-netcore-shared\Kitpymes.Core.Shared.Tests\bin\Release\netcoreapp3.0\Kitpymes.Core.Shared.Tests.dll" adapterTypeName="executor://mstestadapter/v2" className="Kitpymes.Core.Shared.Extensions.Tests.StringExtensionsTests" name="ToAssembly_Passing_ValidValueAssemblyString_Returns_Assembly" />
    </UnitTest>
    <UnitTest name="ToValues_Passing_ValidEnumType_Returns_ValuesListString" storage="d:\sferrari\01 - trabajo\repos\netcore\template-netcore-shared\kitpymes.core.shared.tests\bin\release\netcoreapp3.0\kitpymes.core.shared.tests.dll" id="db5cfafc-3c17-6a32-7e66-c495d547a55d">
      <Execution id="28ad21ac-487c-4369-8893-35c281f034ea" />
      <TestMethod codeBase="D:\SFERRARI\01 - TRABAJO\REPOS\netcore\template-netcore-shared\Kitpymes.Core.Shared.Tests\bin\Release\netcoreapp3.0\Kitpymes.Core.Shared.Tests.dll" adapterTypeName="executor://mstestadapter/v2" className="Kitpymes.Core.Shared.Utilities.Tests.EnumsTests" name="ToValues_Passing_ValidEnumType_Returns_ValuesListString" />
    </UnitTest>
    <UnitTest name="ToReplaceSpecialChars_Passing_ValidValue_Returns_ReplacedValueWithoutIgnoreSpecialChars" storage="d:\sferrari\01 - trabajo\repos\netcore\template-netcore-shared\kitpymes.core.shared.tests\bin\release\netcoreapp3.0\kitpymes.core.shared.tests.dll" id="5a027d11-b396-742a-ead3-65fd697de61d">
      <Execution id="443c6fb9-0b43-47e6-ad7f-db0f3746afca" />
      <TestMethod codeBase="D:\SFERRARI\01 - TRABAJO\REPOS\netcore\template-netcore-shared\Kitpymes.Core.Shared.Tests\bin\Release\netcoreapp3.0\Kitpymes.Core.Shared.Tests.dll" adapterTypeName="executor://mstestadapter/v2" className="Kitpymes.Core.Shared.Extensions.Tests.StringExtensionsTests" name="ToReplaceSpecialChars_Passing_ValidValue_Returns_ReplacedValueWithoutIgnoreSpecialChars" />
    </UnitTest>
    <UnitTest name="ToIsLastDayOfTheMonth_Passing_LastDayOfMonth_Returns_True" storage="d:\sferrari\01 - trabajo\repos\netcore\template-netcore-shared\kitpymes.core.shared.tests\bin\release\netcoreapp3.0\kitpymes.core.shared.tests.dll" id="674ad018-4ad5-9dc4-9721-2eed1501b13b">
      <Execution id="f64d7903-7026-48cd-ad94-879ef767f100" />
      <TestMethod codeBase="D:\SFERRARI\01 - TRABAJO\REPOS\netcore\template-netcore-shared\Kitpymes.Core.Shared.Tests\bin\Release\netcoreapp3.0\Kitpymes.Core.Shared.Tests.dll" adapterTypeName="executor://mstestadapter/v2" className="Kitpymes.Core.Shared.Extensions.Tests.DateTimeExtensionsTests" name="ToIsLastDayOfTheMonth_Passing_LastDayOfMonth_Returns_True" />
    </UnitTest>
    <UnitTest name="ToEmptyIfNull_Passing_Null_Collection_Returns_Empty_Collection" storage="d:\sferrari\01 - trabajo\repos\netcore\template-netcore-shared\kitpymes.core.shared.tests\bin\release\netcoreapp3.0\kitpymes.core.shared.tests.dll" id="0e35d8c6-f00e-a9ce-bf8e-f278617977a1">
      <Execution id="7168e838-3044-4130-9e66-dda1be1ed796" />
      <TestMethod codeBase="D:\SFERRARI\01 - TRABAJO\REPOS\netcore\template-netcore-shared\Kitpymes.Core.Shared.Tests\bin\Release\netcoreapp3.0\Kitpymes.Core.Shared.Tests.dll" adapterTypeName="executor://mstestadapter/v2" className="Kitpymes.Core.Shared.Extensions.Tests.EnumerableExtensionsTests" name="ToEmptyIfNull_Passing_Null_Collection_Returns_Empty_Collection" />
    </UnitTest>
    <UnitTest name="ToPaged_Passing_Age_Ascending_Order_Returns_Filter_List" storage="d:\sferrari\01 - trabajo\repos\netcore\template-netcore-shared\kitpymes.core.shared.tests\bin\release\netcoreapp3.0\kitpymes.core.shared.tests.dll" id="f1a8a2f2-6717-d1d3-ebe1-01337466e71f">
      <Execution id="ee021bb0-ce4b-4d78-bb30-735a86cb2bf8" />
      <TestMethod codeBase="D:\SFERRARI\01 - TRABAJO\REPOS\netcore\template-netcore-shared\Kitpymes.Core.Shared.Tests\bin\Release\netcoreapp3.0\Kitpymes.Core.Shared.Tests.dll" adapterTypeName="executor://mstestadapter/v2" className="Kitpymes.Core.Shared.Extensions.Tests.QueryableExtensionsTests" name="ToPaged_Passing_Age_Ascending_Order_Returns_Filter_List" />
    </UnitTest>
    <UnitTest name="ToFullMessage_Passing_ExceptionWithMessageWithInnerException_Returns_Full_Message" storage="d:\sferrari\01 - trabajo\repos\netcore\template-netcore-shared\kitpymes.core.shared.tests\bin\release\netcoreapp3.0\kitpymes.core.shared.tests.dll" id="4a3460f0-8b98-b2f9-7c19-a411860512f6">
      <Execution id="b7edd51d-380e-4d62-9414-31ca85b67369" />
      <TestMethod codeBase="D:\SFERRARI\01 - TRABAJO\REPOS\netcore\template-netcore-shared\Kitpymes.Core.Shared.Tests\bin\Release\netcoreapp3.0\Kitpymes.Core.Shared.Tests.dll" adapterTypeName="executor://mstestadapter/v2" className="Kitpymes.Core.Shared.Extensions.Tests.ExceptionExtensionsTests" name="ToFullMessage_Passing_ExceptionWithMessageWithInnerException_Returns_Full_Message" />
    </UnitTest>
    <UnitTest name="ToEmailMaskUserName_Passing_ValidEmail_Returns_EmailWithMask" storage="d:\sferrari\01 - trabajo\repos\netcore\template-netcore-shared\kitpymes.core.shared.tests\bin\release\netcoreapp3.0\kitpymes.core.shared.tests.dll" id="fe74e1e9-9f9e-cd43-6d69-ee1b1e61f15f">
      <Execution id="ec1531b0-3000-4c02-b49a-ac541baeaec4" />
      <TestMethod codeBase="D:\SFERRARI\01 - TRABAJO\REPOS\netcore\template-netcore-shared\Kitpymes.Core.Shared.Tests\bin\Release\netcoreapp3.0\Kitpymes.Core.Shared.Tests.dll" adapterTypeName="executor://mstestadapter/v2" className="Kitpymes.Core.Shared.Extensions.Tests.StringExtensionsTests" name="ToEmailMaskUserName_Passing_ValidEmail_Returns_EmailWithMask" />
    </UnitTest>
    <UnitTest name="ToIsSubdomainThrow_Passing_InvalidValue_Returns_ApplicationExceptionWithMessage" storage="d:\sferrari\01 - trabajo\repos\netcore\template-netcore-shared\kitpymes.core.shared.tests\bin\release\netcoreapp3.0\kitpymes.core.shared.tests.dll" id="53029e90-dd26-a812-129d-02ec74005492">
      <Execution id="0a395c7a-b460-4631-acd9-349981299fea" />
      <TestMethod codeBase="D:\SFERRARI\01 - TRABAJO\REPOS\netcore\template-netcore-shared\Kitpymes.Core.Shared.Tests\bin\Release\netcoreapp3.0\Kitpymes.Core.Shared.Tests.dll" adapterTypeName="executor://mstestadapter/v2" className="Kitpymes.Core.Shared.Extensions.Tests.CheckExtensionsTests" name="ToIsSubdomainThrow_Passing_InvalidValue_Returns_ApplicationExceptionWithMessage" />
    </UnitTest>
    <UnitTest name="ToServiceMatchingInterface_Passing_Empties_Assemblies_Returns_ApplicationException" storage="d:\sferrari\01 - trabajo\repos\netcore\template-netcore-shared\kitpymes.core.shared.tests\bin\release\netcoreapp3.0\kitpymes.core.shared.tests.dll" id="14185e7c-324a-518a-7989-87f2ea285719">
      <Execution id="a2b89ac7-a1d1-46e5-9069-d3ca43c079a5" />
      <TestMethod codeBase="D:\SFERRARI\01 - TRABAJO\REPOS\netcore\template-netcore-shared\Kitpymes.Core.Shared.Tests\bin\Release\netcoreapp3.0\Kitpymes.Core.Shared.Tests.dll" adapterTypeName="executor://mstestadapter/v2" className="Kitpymes.Core.Shared.Extensions.Tests.ConfigurationBuilderExtensionsTests" name="ToServiceMatchingInterface_Passing_Empties_Assemblies_Returns_ApplicationException" />
    </UnitTest>
    <UnitTest name="ToGetAll_Passing_Claims_Returns_Claim_Value_String_List" storage="d:\sferrari\01 - trabajo\repos\netcore\template-netcore-shared\kitpymes.core.shared.tests\bin\release\netcoreapp3.0\kitpymes.core.shared.tests.dll" id="d2b536b6-91b7-3a37-81e1-52a8ffae44ff">
      <Execution id="d69c9914-1fb6-483f-bbf7-6e7780b91558" />
      <TestMethod codeBase="D:\SFERRARI\01 - TRABAJO\REPOS\netcore\template-netcore-shared\Kitpymes.Core.Shared.Tests\bin\Release\netcoreapp3.0\Kitpymes.Core.Shared.Tests.dll" adapterTypeName="executor://mstestadapter/v2" className="Kitpymes.Core.Shared.Extensions.Tests.ClaimsPrincipalExtensionsTests" name="ToGetAll_Passing_Claims_Returns_Claim_Value_String_List" />
    </UnitTest>
    <UnitTest name="IsFile_Passing_InvalidArguments_Returns_HasErrorsAndCount" storage="d:\sferrari\01 - trabajo\repos\netcore\template-netcore-shared\kitpymes.core.shared.tests\bin\release\netcoreapp3.0\kitpymes.core.shared.tests.dll" id="443ca7db-0f3b-fcae-6a2e-98e583e48cd9">
      <Execution id="ff97f29a-89d8-4431-ba9f-7669a4d525b3" />
      <TestMethod codeBase="D:\SFERRARI\01 - TRABAJO\REPOS\netcore\template-netcore-shared\Kitpymes.Core.Shared.Tests\bin\Release\netcoreapp3.0\Kitpymes.Core.Shared.Tests.dll" adapterTypeName="executor://mstestadapter/v2" className="Kitpymes.Core.Shared.Utilities.Tests.CheckTests" name="IsFile_Passing_InvalidArguments_Returns_HasErrorsAndCount" />
    </UnitTest>
    <UnitTest name="CreateSHA256_Passing_Invalid_Arguments_Returns_ApplicationException" storage="d:\sferrari\01 - trabajo\repos\netcore\template-netcore-shared\kitpymes.core.shared.tests\bin\release\netcoreapp3.0\kitpymes.core.shared.tests.dll" id="31c3a852-cb3d-1abf-a213-17759f717493">
      <Execution id="127d786d-a4a8-4722-9104-def467955672" />
      <TestMethod codeBase="D:\SFERRARI\01 - TRABAJO\REPOS\netcore\template-netcore-shared\Kitpymes.Core.Shared.Tests\bin\Release\netcoreapp3.0\Kitpymes.Core.Shared.Tests.dll" adapterTypeName="executor://mstestadapter/v2" className="Kitpymes.Core.Shared.Utilities.Tests.HashTests" name="CreateSHA256_Passing_Invalid_Arguments_Returns_ApplicationException" />
    </UnitTest>
    <UnitTest name="ToStartOfWeek_Passing_DateTime_Returns_Start_Of_Week_DateTime" storage="d:\sferrari\01 - trabajo\repos\netcore\template-netcore-shared\kitpymes.core.shared.tests\bin\release\netcoreapp3.0\kitpymes.core.shared.tests.dll" id="407da10e-ba2f-7713-1cbc-17d8952390e5">
      <Execution id="0a8c03a7-37de-49ca-812f-b99a1f9d4e95" />
      <TestMethod codeBase="D:\SFERRARI\01 - TRABAJO\REPOS\netcore\template-netcore-shared\Kitpymes.Core.Shared.Tests\bin\Release\netcoreapp3.0\Kitpymes.Core.Shared.Tests.dll" adapterTypeName="executor://mstestadapter/v2" className="Kitpymes.Core.Shared.Extensions.Tests.DateTimeExtensionsTests" name="ToStartOfWeek_Passing_DateTime_Returns_Start_Of_Week_DateTime" />
    </UnitTest>
    <UnitTest name="ToService_Passing_Service_Not_Found_Returns_Null" storage="d:\sferrari\01 - trabajo\repos\netcore\template-netcore-shared\kitpymes.core.shared.tests\bin\release\netcoreapp3.0\kitpymes.core.shared.tests.dll" id="bb0673b5-0302-138b-4a20-28e82cf38ea7">
      <Execution id="69c79ec8-5876-4696-89d1-74aeb1e23197" />
      <TestMethod codeBase="D:\SFERRARI\01 - TRABAJO\REPOS\netcore\template-netcore-shared\Kitpymes.Core.Shared.Tests\bin\Release\netcoreapp3.0\Kitpymes.Core.Shared.Tests.dll" adapterTypeName="executor://mstestadapter/v2" className="Kitpymes.Core.Shared.Extensions.Tests.ApplicationBuilderExtensionsTests" name="ToService_Passing_Service_Not_Found_Returns_Null" />
    </UnitTest>
    <UnitTest name="ToEnvironment_Passing_Service_Not_Found_Returns_ApplicationException" storage="d:\sferrari\01 - trabajo\repos\netcore\template-netcore-shared\kitpymes.core.shared.tests\bin\release\netcoreapp3.0\kitpymes.core.shared.tests.dll" id="d295464f-a17a-f539-e79a-d6f523fcf49e">
      <Execution id="0b725e17-3501-43b9-a5f6-6c1c0054890d" />
      <TestMethod codeBase="D:\SFERRARI\01 - TRABAJO\REPOS\netcore\template-netcore-shared\Kitpymes.Core.Shared.Tests\bin\Release\netcoreapp3.0\Kitpymes.Core.Shared.Tests.dll" adapterTypeName="executor://mstestadapter/v2" className="Kitpymes.Core.Shared.Extensions.Tests.ApplicationBuilderExtensionsTests" name="ToEnvironment_Passing_Service_Not_Found_Returns_ApplicationException" />
    </UnitTest>
    <UnitTest name="ToDeserialize_Passing_String_Returns_Object" storage="d:\sferrari\01 - trabajo\repos\netcore\template-netcore-shared\kitpymes.core.shared.tests\bin\release\netcoreapp3.0\kitpymes.core.shared.tests.dll" id="6bfeeec7-5dd8-85f8-3ebb-a1cfd8eb27b2">
      <Execution id="72a00995-9dc6-4d96-ab24-26e5664f304e" />
      <TestMethod codeBase="D:\SFERRARI\01 - TRABAJO\REPOS\netcore\template-netcore-shared\Kitpymes.Core.Shared.Tests\bin\Release\netcoreapp3.0\Kitpymes.Core.Shared.Tests.dll" adapterTypeName="executor://mstestadapter/v2" className="Kitpymes.Core.Shared.Extensions.Tests.JsonExtensionsTests" name="ToDeserialize_Passing_String_Returns_Object" />
    </UnitTest>
    <UnitTest name="ToList_Passing_ValidEnumType_Returns_ValuesList" storage="d:\sferrari\01 - trabajo\repos\netcore\template-netcore-shared\kitpymes.core.shared.tests\bin\release\netcoreapp3.0\kitpymes.core.shared.tests.dll" id="dce6325b-8e96-5375-f604-18b7832e7def">
      <Execution id="b9bd873d-6a1f-480a-979d-a8cc99f885df" />
      <TestMethod codeBase="D:\SFERRARI\01 - TRABAJO\REPOS\netcore\template-netcore-shared\Kitpymes.Core.Shared.Tests\bin\Release\netcoreapp3.0\Kitpymes.Core.Shared.Tests.dll" adapterTypeName="executor://mstestadapter/v2" className="Kitpymes.Core.Shared.Utilities.Tests.EnumsTests" name="ToList_Passing_ValidEnumType_Returns_ValuesList" />
    </UnitTest>
    <UnitTest name="ToDefaultValue_Passing_sbyte_Returns_Cero" storage="d:\sferrari\01 - trabajo\repos\netcore\template-netcore-shared\kitpymes.core.shared.tests\bin\release\netcoreapp3.0\kitpymes.core.shared.tests.dll" id="f6bac370-e1b2-a2d3-04a7-3cad393e0988">
      <Execution id="7a215ae0-0416-456a-8fc6-bade5a0d34dc" />
      <TestMethod codeBase="D:\SFERRARI\01 - TRABAJO\REPOS\netcore\template-netcore-shared\Kitpymes.Core.Shared.Tests\bin\Release\netcoreapp3.0\Kitpymes.Core.Shared.Tests.dll" adapterTypeName="executor://mstestadapter/v2" className="Kitpymes.Core.Shared.Extensions.Tests.GenericExtensionsTests" name="ToDefaultValue_Passing_sbyte_Returns_Cero" />
    </UnitTest>
    <UnitTest name="CreateAndVerifySHA256_Passing_Valid_Arguments_Returns_True" storage="d:\sferrari\01 - trabajo\repos\netcore\template-netcore-shared\kitpymes.core.shared.tests\bin\release\netcoreapp3.0\kitpymes.core.shared.tests.dll" id="97ac32f0-aa09-7e98-7ba4-4fe5f68e1600">
      <Execution id="06a75abe-9949-41b9-a5b7-206f6227c4ef" />
      <TestMethod codeBase="D:\SFERRARI\01 - TRABAJO\REPOS\netcore\template-netcore-shared\Kitpymes.Core.Shared.Tests\bin\Release\netcoreapp3.0\Kitpymes.Core.Shared.Tests.dll" adapterTypeName="executor://mstestadapter/v2" className="Kitpymes.Core.Shared.Utilities.Tests.HashTests" name="CreateAndVerifySHA256_Passing_Valid_Arguments_Returns_True" />
    </UnitTest>
    <UnitTest name="ToHashAlgorithmName_Passing_InvalidValueStringWithDefaultValue_Returns_DefaultValue" storage="d:\sferrari\01 - trabajo\repos\netcore\template-netcore-shared\kitpymes.core.shared.tests\bin\release\netcoreapp3.0\kitpymes.core.shared.tests.dll" id="c5b98f4d-a079-91b0-cf81-5ecc58989382">
      <Execution id="33bde476-8850-4904-8494-fd28c3166b8a" />
      <TestMethod codeBase="D:\SFERRARI\01 - TRABAJO\REPOS\netcore\template-netcore-shared\Kitpymes.Core.Shared.Tests\bin\Release\netcoreapp3.0\Kitpymes.Core.Shared.Tests.dll" adapterTypeName="executor://mstestadapter/v2" className="Kitpymes.Core.Shared.Extensions.Tests.StringExtensionsTests" name="ToHashAlgorithmName_Passing_InvalidValueStringWithDefaultValue_Returns_DefaultValue" />
    </UnitTest>
    <UnitTest name="ToDefaultValue_Passing_char_Returns_Cero" storage="d:\sferrari\01 - trabajo\repos\netcore\template-netcore-shared\kitpymes.core.shared.tests\bin\release\netcoreapp3.0\kitpymes.core.shared.tests.dll" id="fc968ae4-d425-64ad-d830-219a8a189235">
      <Execution id="9cd9499b-2325-4364-a438-f6a649771a97" />
      <TestMethod codeBase="D:\SFERRARI\01 - TRABAJO\REPOS\netcore\template-netcore-shared\Kitpymes.Core.Shared.Tests\bin\Release\netcoreapp3.0\Kitpymes.Core.Shared.Tests.dll" adapterTypeName="executor://mstestadapter/v2" className="Kitpymes.Core.Shared.Extensions.Tests.GenericExtensionsTests" name="ToDefaultValue_Passing_char_Returns_Cero" />
    </UnitTest>
    <UnitTest name="IsNullOrEmpty_Passing_InvalidArguments_Returns_HasErrorsAndCount" storage="d:\sferrari\01 - trabajo\repos\netcore\template-netcore-shared\kitpymes.core.shared.tests\bin\release\netcoreapp3.0\kitpymes.core.shared.tests.dll" id="9e57f5ee-c284-a089-d441-add5094f384d">
      <Execution id="0e817b1b-4e07-4e16-8e21-050b88772a85" />
      <TestMethod codeBase="D:\SFERRARI\01 - TRABAJO\REPOS\netcore\template-netcore-shared\Kitpymes.Core.Shared.Tests\bin\Release\netcoreapp3.0\Kitpymes.Core.Shared.Tests.dll" adapterTypeName="executor://mstestadapter/v2" className="Kitpymes.Core.Shared.Utilities.Tests.CheckTests" name="IsNullOrEmpty_Passing_InvalidArguments_Returns_HasErrorsAndCount" />
    </UnitTest>
    <UnitTest name="ToEnvironment_ServiceCollection_Passing_Development_Enviroment_Returns_Development_Name" storage="d:\sferrari\01 - trabajo\repos\netcore\template-netcore-shared\kitpymes.core.shared.tests\bin\release\netcoreapp3.0\kitpymes.core.shared.tests.dll" id="06745a62-4d4f-287d-d70e-4f06820646ba">
      <Execution id="6ac55a88-2c75-4a80-8b50-5660f3f5b31c" />
      <TestMethod codeBase="D:\SFERRARI\01 - TRABAJO\REPOS\netcore\template-netcore-shared\Kitpymes.Core.Shared.Tests\bin\Release\netcoreapp3.0\Kitpymes.Core.Shared.Tests.dll" adapterTypeName="executor://mstestadapter/v2" className="Kitpymes.Core.Shared.Extensions.Tests.ConfigurationBuilderExtensionsTests" name="ToEnvironment_ServiceCollection_Passing_Development_Enviroment_Returns_Development_Name" />
    </UnitTest>
    <UnitTest name="ToSettings_Passing_Values_From_AppSettingsFile_Returns_Settings" storage="d:\sferrari\01 - trabajo\repos\netcore\template-netcore-shared\kitpymes.core.shared.tests\bin\release\netcoreapp3.0\kitpymes.core.shared.tests.dll" id="187fc817-cc87-4584-0d6d-f1e6d34e2d4d">
      <Execution id="b4b580fe-e0b2-4770-8a29-38bd733b3af1" />
      <TestMethod codeBase="D:\SFERRARI\01 - TRABAJO\REPOS\netcore\template-netcore-shared\Kitpymes.Core.Shared.Tests\bin\Release\netcoreapp3.0\Kitpymes.Core.Shared.Tests.dll" adapterTypeName="executor://mstestadapter/v2" className="Kitpymes.Core.Shared.Extensions.Tests.ConfigurationBuilderExtensionsTests" name="ToSettings_Passing_Values_From_AppSettingsFile_Returns_Settings" />
    </UnitTest>
    <UnitTest name="ToIsNullOrEmpty_Passing_InvalidValue_Returns_True" storage="d:\sferrari\01 - trabajo\repos\netcore\template-netcore-shared\kitpymes.core.shared.tests\bin\release\netcoreapp3.0\kitpymes.core.shared.tests.dll" id="b64abef8-48df-9c3e-78ff-361585d1867e">
      <Execution id="0a29f868-1b63-4c21-969d-8a91923eb170" />
      <TestMethod codeBase="D:\SFERRARI\01 - TRABAJO\REPOS\netcore\template-netcore-shared\Kitpymes.Core.Shared.Tests\bin\Release\netcoreapp3.0\Kitpymes.Core.Shared.Tests.dll" adapterTypeName="executor://mstestadapter/v2" className="Kitpymes.Core.Shared.Extensions.Tests.CheckExtensionsTests" name="ToIsNullOrEmpty_Passing_InvalidValue_Returns_True" />
    </UnitTest>
    <UnitTest name="ToContentType_Passing_ValidValueString_Returns_ContentType" storage="d:\sferrari\01 - trabajo\repos\netcore\template-netcore-shared\kitpymes.core.shared.tests\bin\release\netcoreapp3.0\kitpymes.core.shared.tests.dll" id="a8b20943-7fa3-43d0-f786-2908f6ceedd0">
      <Execution id="6497443e-ed81-47f6-9c76-a370849f4d9d" />
      <TestMethod codeBase="D:\SFERRARI\01 - TRABAJO\REPOS\netcore\template-netcore-shared\Kitpymes.Core.Shared.Tests\bin\Release\netcoreapp3.0\Kitpymes.Core.Shared.Tests.dll" adapterTypeName="executor://mstestadapter/v2" className="Kitpymes.Core.Shared.Extensions.Tests.StringExtensionsTests" name="ToContentType_Passing_ValidValueString_Returns_ContentType" />
    </UnitTest>
    <UnitTest name="ToIsEmailThrow_Passing_InvalidValue_Returns_ApplicationExceptionWithMessage" storage="d:\sferrari\01 - trabajo\repos\netcore\template-netcore-shared\kitpymes.core.shared.tests\bin\release\netcoreapp3.0\kitpymes.core.shared.tests.dll" id="e29c6ee3-d46d-461f-3a52-1555a4bbe037">
      <Execution id="62f822b8-6395-4b26-85c6-e3c898508906" />
      <TestMethod codeBase="D:\SFERRARI\01 - TRABAJO\REPOS\netcore\template-netcore-shared\Kitpymes.Core.Shared.Tests\bin\Release\netcoreapp3.0\Kitpymes.Core.Shared.Tests.dll" adapterTypeName="executor://mstestadapter/v2" className="Kitpymes.Core.Shared.Extensions.Tests.CheckExtensionsTests" name="ToIsEmailThrow_Passing_InvalidValue_Returns_ApplicationExceptionWithMessage" />
    </UnitTest>
    <UnitTest name="ToDefaultValue_Passing_double_Returns_Cero" storage="d:\sferrari\01 - trabajo\repos\netcore\template-netcore-shared\kitpymes.core.shared.tests\bin\release\netcoreapp3.0\kitpymes.core.shared.tests.dll" id="7be74c7c-15d5-4d25-d1df-86e5d5a625b7">
      <Execution id="db79c601-7680-4f57-89e0-777b9f839e73" />
      <TestMethod codeBase="D:\SFERRARI\01 - TRABAJO\REPOS\netcore\template-netcore-shared\Kitpymes.Core.Shared.Tests\bin\Release\netcoreapp3.0\Kitpymes.Core.Shared.Tests.dll" adapterTypeName="executor://mstestadapter/v2" className="Kitpymes.Core.Shared.Extensions.Tests.GenericExtensionsTests" name="ToDefaultValue_Passing_double_Returns_Cero" />
    </UnitTest>
    <UnitTest name="ToEmailMask_Passing_ValidEmail_Returns_EmailWithMask" storage="d:\sferrari\01 - trabajo\repos\netcore\template-netcore-shared\kitpymes.core.shared.tests\bin\release\netcoreapp3.0\kitpymes.core.shared.tests.dll" id="d3abb81b-44db-2c54-599b-2e57ce24e39c">
      <Execution id="8c12e1ad-9813-4d3a-b8b3-a9be348d3386" />
      <TestMethod codeBase="D:\SFERRARI\01 - TRABAJO\REPOS\netcore\template-netcore-shared\Kitpymes.Core.Shared.Tests\bin\Release\netcoreapp3.0\Kitpymes.Core.Shared.Tests.dll" adapterTypeName="executor://mstestadapter/v2" className="Kitpymes.Core.Shared.Extensions.Tests.StringExtensionsTests" name="ToEmailMask_Passing_ValidEmail_Returns_EmailWithMask" />
    </UnitTest>
    <UnitTest name="ToSetTime_Passing_Time_String_Returns_DateTime" storage="d:\sferrari\01 - trabajo\repos\netcore\template-netcore-shared\kitpymes.core.shared.tests\bin\release\netcoreapp3.0\kitpymes.core.shared.tests.dll" id="5d5c5e71-8d48-77a4-7f58-2d04decb50b2">
      <Execution id="ec84bfe7-08f4-4af5-8bbe-9fb5a3d6401a" />
      <TestMethod codeBase="D:\SFERRARI\01 - TRABAJO\REPOS\netcore\template-netcore-shared\Kitpymes.Core.Shared.Tests\bin\Release\netcoreapp3.0\Kitpymes.Core.Shared.Tests.dll" adapterTypeName="executor://mstestadapter/v2" className="Kitpymes.Core.Shared.Extensions.Tests.DateTimeExtensionsTests" name="ToSetTime_Passing_Time_String_Returns_DateTime" />
    </UnitTest>
    <UnitTest name="ToMapMerge_Passing_Destination_Object_Returns_Merged_Destination_Object" storage="d:\sferrari\01 - trabajo\repos\netcore\template-netcore-shared\kitpymes.core.shared.tests\bin\release\netcoreapp3.0\kitpymes.core.shared.tests.dll" id="6248e67f-03fa-b522-e842-7dfbd2fa65df">
      <Execution id="813c06eb-fed3-4fd2-9403-e7165d487d60" />
      <TestMethod codeBase="D:\SFERRARI\01 - TRABAJO\REPOS\netcore\template-netcore-shared\Kitpymes.Core.Shared.Tests\bin\Release\netcoreapp3.0\Kitpymes.Core.Shared.Tests.dll" adapterTypeName="executor://mstestadapter/v2" className="Kitpymes.Core.Shared.Extensions.Tests.AgileMapperExtensionsTests" name="ToMapMerge_Passing_Destination_Object_Returns_Merged_Destination_Object" />
    </UnitTest>
    <UnitTest name="ToInt_Passing_InvalidValueString_Returns_DefaultValue" storage="d:\sferrari\01 - trabajo\repos\netcore\template-netcore-shared\kitpymes.core.shared.tests\bin\release\netcoreapp3.0\kitpymes.core.shared.tests.dll" id="aa1736a0-c9fc-f2ce-4753-abcb10bb4b53">
      <Execution id="761b4e9e-729f-49b1-a1bd-1e40fc9a5771" />
      <TestMethod codeBase="D:\SFERRARI\01 - TRABAJO\REPOS\netcore\template-netcore-shared\Kitpymes.Core.Shared.Tests\bin\Release\netcoreapp3.0\Kitpymes.Core.Shared.Tests.dll" adapterTypeName="executor://mstestadapter/v2" className="Kitpymes.Core.Shared.Extensions.Tests.StringExtensionsTests" name="ToInt_Passing_InvalidValueString_Returns_DefaultValue" />
    </UnitTest>
    <UnitTest name="ToEnvironment_Passing_Custom_Enviroment_Returns_Custom_Name" storage="d:\sferrari\01 - trabajo\repos\netcore\template-netcore-shared\kitpymes.core.shared.tests\bin\release\netcoreapp3.0\kitpymes.core.shared.tests.dll" id="597475cf-af86-f68b-64ca-996ee4fce335">
      <Execution id="cc15f354-cf42-49ee-8e54-c73f7a4b4814" />
      <TestMethod codeBase="D:\SFERRARI\01 - TRABAJO\REPOS\netcore\template-netcore-shared\Kitpymes.Core.Shared.Tests\bin\Release\netcoreapp3.0\Kitpymes.Core.Shared.Tests.dll" adapterTypeName="executor://mstestadapter/v2" className="Kitpymes.Core.Shared.Extensions.Tests.ApplicationBuilderExtensionsTests" name="ToEnvironment_Passing_Custom_Enviroment_Returns_Custom_Name" />
    </UnitTest>
    <UnitTest name="CreateSHA512_Passing_Invalid_Arguments_Returns_ApplicationException" storage="d:\sferrari\01 - trabajo\repos\netcore\template-netcore-shared\kitpymes.core.shared.tests\bin\release\netcoreapp3.0\kitpymes.core.shared.tests.dll" id="d91cf465-89c7-bfd7-e84c-cbbdc9106c3b">
      <Execution id="e9b4992f-1e92-446f-9f2a-45864a4e7957" />
      <TestMethod codeBase="D:\SFERRARI\01 - TRABAJO\REPOS\netcore\template-netcore-shared\Kitpymes.Core.Shared.Tests\bin\Release\netcoreapp3.0\Kitpymes.Core.Shared.Tests.dll" adapterTypeName="executor://mstestadapter/v2" className="Kitpymes.Core.Shared.Utilities.Tests.HashTests" name="CreateSHA512_Passing_Invalid_Arguments_Returns_ApplicationException" />
    </UnitTest>
    <UnitTest name="ToInt_Passing_Enumeration_Name_Returns_Value" storage="d:\sferrari\01 - trabajo\repos\netcore\template-netcore-shared\kitpymes.core.shared.tests\bin\release\netcoreapp3.0\kitpymes.core.shared.tests.dll" id="8cf4f88c-3bb5-22e4-8890-4c5abd50c175">
      <Execution id="f75c40b9-18a9-4f75-845a-940687fb6c33" />
      <TestMethod codeBase="D:\SFERRARI\01 - TRABAJO\REPOS\netcore\template-netcore-shared\Kitpymes.Core.Shared.Tests\bin\Release\netcoreapp3.0\Kitpymes.Core.Shared.Tests.dll" adapterTypeName="executor://mstestadapter/v2" className="Kitpymes.Core.Shared.Extensions.Tests.EnumExtensionsTests" name="ToInt_Passing_Enumeration_Name_Returns_Value" />
    </UnitTest>
    <UnitTest name="IsRange_Passing_InvalidArguments_Returns_HasErrorsAndCount" storage="d:\sferrari\01 - trabajo\repos\netcore\template-netcore-shared\kitpymes.core.shared.tests\bin\release\netcoreapp3.0\kitpymes.core.shared.tests.dll" id="7b5f6188-c1ec-acc0-340c-cb378214370f">
      <Execution id="889262af-25ff-431c-aef7-4ac328ce600e" />
      <TestMethod codeBase="D:\SFERRARI\01 - TRABAJO\REPOS\netcore\template-netcore-shared\Kitpymes.Core.Shared.Tests\bin\Release\netcoreapp3.0\Kitpymes.Core.Shared.Tests.dll" adapterTypeName="executor://mstestadapter/v2" className="Kitpymes.Core.Shared.Utilities.Tests.CheckTests" name="IsRange_Passing_InvalidArguments_Returns_HasErrorsAndCount" />
    </UnitTest>
    <UnitTest name="ToSerialize_Passing_Objects_Returns_String_Values" storage="d:\sferrari\01 - trabajo\repos\netcore\template-netcore-shared\kitpymes.core.shared.tests\bin\release\netcoreapp3.0\kitpymes.core.shared.tests.dll" id="fa1415b0-01fe-4c29-f648-98ef295dec1f">
      <Execution id="452c859a-efc3-425d-971b-534a9171a474" />
      <TestMethod codeBase="D:\SFERRARI\01 - TRABAJO\REPOS\netcore\template-netcore-shared\Kitpymes.Core.Shared.Tests\bin\Release\netcoreapp3.0\Kitpymes.Core.Shared.Tests.dll" adapterTypeName="executor://mstestadapter/v2" className="Kitpymes.Core.Shared.Extensions.Tests.JsonExtensionsTests" name="ToSerialize_Passing_Objects_Returns_String_Values" />
    </UnitTest>
    <UnitTest name="ToIsNameThrow_Passing_InvalidValue_Returns_ApplicationExceptionWithMessage" storage="d:\sferrari\01 - trabajo\repos\netcore\template-netcore-shared\kitpymes.core.shared.tests\bin\release\netcoreapp3.0\kitpymes.core.shared.tests.dll" id="ea5a518c-fa8e-c8f1-0a76-3fa15e99e78a">
      <Execution id="9bbe9f31-d3f0-4af1-8b0f-92de733f4a0d" />
      <TestMethod codeBase="D:\SFERRARI\01 - TRABAJO\REPOS\netcore\template-netcore-shared\Kitpymes.Core.Shared.Tests\bin\Release\netcoreapp3.0\Kitpymes.Core.Shared.Tests.dll" adapterTypeName="executor://mstestadapter/v2" className="Kitpymes.Core.Shared.Extensions.Tests.CheckExtensionsTests" name="ToIsNameThrow_Passing_InvalidValue_Returns_ApplicationExceptionWithMessage" />
    </UnitTest>
    <UnitTest name="ToHashAlgorithmName_Passing_InvalidValueLowerCaseString_Returns_Null" storage="d:\sferrari\01 - trabajo\repos\netcore\template-netcore-shared\kitpymes.core.shared.tests\bin\release\netcoreapp3.0\kitpymes.core.shared.tests.dll" id="5be67f2a-15dc-2afb-87d4-6fb56af3309e">
      <Execution id="8641eb1f-a9a9-4ca4-9e6c-cd163071e092" />
      <TestMethod codeBase="D:\SFERRARI\01 - TRABAJO\REPOS\netcore\template-netcore-shared\Kitpymes.Core.Shared.Tests\bin\Release\netcoreapp3.0\Kitpymes.Core.Shared.Tests.dll" adapterTypeName="executor://mstestadapter/v2" className="Kitpymes.Core.Shared.Extensions.Tests.StringExtensionsTests" name="ToHashAlgorithmName_Passing_InvalidValueLowerCaseString_Returns_Null" />
    </UnitTest>
    <UnitTest name="ToConfiguration_Passing_Valid_DirectoryPath_Invalid_JsonFileName_Not_Optional_Returns_ApplicationException" storage="d:\sferrari\01 - trabajo\repos\netcore\template-netcore-shared\kitpymes.core.shared.tests\bin\release\netcoreapp3.0\kitpymes.core.shared.tests.dll" id="5624b5fc-a59a-fbea-ef3f-9dbc8ef0c3b4">
      <Execution id="63a5ee09-01f1-48c8-abeb-26c34e2a7f71" />
      <TestMethod codeBase="D:\SFERRARI\01 - TRABAJO\REPOS\netcore\template-netcore-shared\Kitpymes.Core.Shared.Tests\bin\Release\netcoreapp3.0\Kitpymes.Core.Shared.Tests.dll" adapterTypeName="executor://mstestadapter/v2" className="Kitpymes.Core.Shared.Extensions.Tests.ConfigurationBuilderExtensionsTests" name="ToConfiguration_Passing_Valid_DirectoryPath_Invalid_JsonFileName_Not_Optional_Returns_ApplicationException" />
    </UnitTest>
    <UnitTest name="ToMapUpdate_Passing_Destination_Object_Returns_Updated_Destination_Object" storage="d:\sferrari\01 - trabajo\repos\netcore\template-netcore-shared\kitpymes.core.shared.tests\bin\release\netcoreapp3.0\kitpymes.core.shared.tests.dll" id="d231d236-8b99-8ce7-c48d-92f39c5c2904">
      <Execution id="dd902fc4-a5dd-4852-805b-707371db6f00" />
      <TestMethod codeBase="D:\SFERRARI\01 - TRABAJO\REPOS\netcore\template-netcore-shared\Kitpymes.Core.Shared.Tests\bin\Release\netcoreapp3.0\Kitpymes.Core.Shared.Tests.dll" adapterTypeName="executor://mstestadapter/v2" className="Kitpymes.Core.Shared.Extensions.Tests.AgileMapperExtensionsTests" name="ToMapUpdate_Passing_Destination_Object_Returns_Updated_Destination_Object" />
    </UnitTest>
    <UnitTest name="ToCompress_Passing_Object_Bytes_Returns_Object" storage="d:\sferrari\01 - trabajo\repos\netcore\template-netcore-shared\kitpymes.core.shared.tests\bin\release\netcoreapp3.0\kitpymes.core.shared.tests.dll" id="66ebc17d-8456-d538-0da4-279017d64788">
      <Execution id="32329fd0-1727-4274-b37e-947c18305feb" />
      <TestMethod codeBase="D:\SFERRARI\01 - TRABAJO\REPOS\netcore\template-netcore-shared\Kitpymes.Core.Shared.Tests\bin\Release\netcoreapp3.0\Kitpymes.Core.Shared.Tests.dll" adapterTypeName="executor://mstestadapter/v2" className="Kitpymes.Core.Shared.Extensions.Tests.BytesExtensionsTests" name="ToCompress_Passing_Object_Bytes_Returns_Object" />
    </UnitTest>
    <UnitTest name="ToIsWeekend_Passing_Saturday_DateTime_Returns_True" storage="d:\sferrari\01 - trabajo\repos\netcore\template-netcore-shared\kitpymes.core.shared.tests\bin\release\netcoreapp3.0\kitpymes.core.shared.tests.dll" id="75fe5d93-cc99-b98f-be96-6e7e811605d8">
      <Execution id="4a7985c9-1b31-45bf-b8a5-a1f81f130b8d" />
      <TestMethod codeBase="D:\SFERRARI\01 - TRABAJO\REPOS\netcore\template-netcore-shared\Kitpymes.Core.Shared.Tests\bin\Release\netcoreapp3.0\Kitpymes.Core.Shared.Tests.dll" adapterTypeName="executor://mstestadapter/v2" className="Kitpymes.Core.Shared.Extensions.Tests.DateTimeExtensionsTests" name="ToIsWeekend_Passing_Saturday_DateTime_Returns_True" />
    </UnitTest>
    <UnitTest name="ToDetails_Passing_HttpContext_Returns_Details_HttpContext" storage="d:\sferrari\01 - trabajo\repos\netcore\template-netcore-shared\kitpymes.core.shared.tests\bin\release\netcoreapp3.0\kitpymes.core.shared.tests.dll" id="e54a0ad2-a76b-1a44-1842-5ae494ff83de">
      <Execution id="0d308166-6ab6-42b9-a1e5-0186b711f804" />
      <TestMethod codeBase="D:\SFERRARI\01 - TRABAJO\REPOS\netcore\template-netcore-shared\Kitpymes.Core.Shared.Tests\bin\Release\netcoreapp3.0\Kitpymes.Core.Shared.Tests.dll" adapterTypeName="executor://mstestadapter/v2" className="Kitpymes.Core.Shared.Extensions.Tests.HttpContextExtensionsTests" name="ToDetails_Passing_HttpContext_Returns_Details_HttpContext" />
    </UnitTest>
    <UnitTest name="ToReadOnly_Passing_Valid_Collection_Returns_Readonly_Collection" storage="d:\sferrari\01 - trabajo\repos\netcore\template-netcore-shared\kitpymes.core.shared.tests\bin\release\netcoreapp3.0\kitpymes.core.shared.tests.dll" id="fe87c87e-477f-2fc4-df79-eea7b52d186b">
      <Execution id="cc501e1b-a362-4e17-b18e-0b117ee20c0e" />
      <TestMethod codeBase="D:\SFERRARI\01 - TRABAJO\REPOS\netcore\template-netcore-shared\Kitpymes.Core.Shared.Tests\bin\Release\netcoreapp3.0\Kitpymes.Core.Shared.Tests.dll" adapterTypeName="executor://mstestadapter/v2" className="Kitpymes.Core.Shared.Extensions.Tests.EnumerableExtensionsTests" name="ToReadOnly_Passing_Valid_Collection_Returns_Readonly_Collection" />
    </UnitTest>
    <UnitTest name="ToUserName_Passing_Valid_UserName_ClaimsPrincipal_Returns_String_UserName_Value" storage="d:\sferrari\01 - trabajo\repos\netcore\template-netcore-shared\kitpymes.core.shared.tests\bin\release\netcoreapp3.0\kitpymes.core.shared.tests.dll" id="269dcfc6-6017-0dd2-3e73-6a351617c33f">
      <Execution id="da2991c1-afee-40d5-9813-c807e111f48d" />
      <TestMethod codeBase="D:\SFERRARI\01 - TRABAJO\REPOS\netcore\template-netcore-shared\Kitpymes.Core.Shared.Tests\bin\Release\netcoreapp3.0\Kitpymes.Core.Shared.Tests.dll" adapterTypeName="executor://mstestadapter/v2" className="Kitpymes.Core.Shared.Extensions.Tests.ClaimsPrincipalExtensionsTests" name="ToUserName_Passing_Valid_UserName_ClaimsPrincipal_Returns_String_UserName_Value" />
    </UnitTest>
    <UnitTest name="ToRemove_Passing_ValidValue_Returns_ValueWithoutRemovedChars" storage="d:\sferrari\01 - trabajo\repos\netcore\template-netcore-shared\kitpymes.core.shared.tests\bin\release\netcoreapp3.0\kitpymes.core.shared.tests.dll" id="5b4e0ac0-70e5-7eaa-3490-17d565af10b8">
      <Execution id="f0b980fd-9629-4698-bb49-542542d32bca" />
      <TestMethod codeBase="D:\SFERRARI\01 - TRABAJO\REPOS\netcore\template-netcore-shared\Kitpymes.Core.Shared.Tests\bin\Release\netcoreapp3.0\Kitpymes.Core.Shared.Tests.dll" adapterTypeName="executor://mstestadapter/v2" className="Kitpymes.Core.Shared.Extensions.Tests.StringExtensionsTests" name="ToRemove_Passing_ValidValue_Returns_ValueWithoutRemovedChars" />
    </UnitTest>
    <UnitTest name="ToDefaultValue_Passing_uint_Returns_Cero" storage="d:\sferrari\01 - trabajo\repos\netcore\template-netcore-shared\kitpymes.core.shared.tests\bin\release\netcoreapp3.0\kitpymes.core.shared.tests.dll" id="92312cf3-17da-4b8f-f34f-d78b352ab434">
      <Execution id="612d7d39-9dfa-4f8d-8e16-24d1de875a80" />
      <TestMethod codeBase="D:\SFERRARI\01 - TRABAJO\REPOS\netcore\template-netcore-shared\Kitpymes.Core.Shared.Tests\bin\Release\netcoreapp3.0\Kitpymes.Core.Shared.Tests.dll" adapterTypeName="executor://mstestadapter/v2" className="Kitpymes.Core.Shared.Extensions.Tests.GenericExtensionsTests" name="ToDefaultValue_Passing_uint_Returns_Cero" />
    </UnitTest>
    <UnitTest name="ToServiceMatchingInterface_Passing_Valid_Assembly_Returns_Service" storage="d:\sferrari\01 - trabajo\repos\netcore\template-netcore-shared\kitpymes.core.shared.tests\bin\release\netcoreapp3.0\kitpymes.core.shared.tests.dll" id="24c5c4fe-5465-6bf1-7790-c32dc7dc4137">
      <Execution id="a19bf411-7f73-419b-ac09-48c35728dbf1" />
      <TestMethod codeBase="D:\SFERRARI\01 - TRABAJO\REPOS\netcore\template-netcore-shared\Kitpymes.Core.Shared.Tests\bin\Release\netcoreapp3.0\Kitpymes.Core.Shared.Tests.dll" adapterTypeName="executor://mstestadapter/v2" className="Kitpymes.Core.Shared.Extensions.Tests.ConfigurationBuilderExtensionsTests" name="ToServiceMatchingInterface_Passing_Valid_Assembly_Returns_Service" />
    </UnitTest>
    <UnitTest name="ToEnvironment_Passing_Production_Enviroment_Returns_Production_Name" storage="d:\sferrari\01 - trabajo\repos\netcore\template-netcore-shared\kitpymes.core.shared.tests\bin\release\netcoreapp3.0\kitpymes.core.shared.tests.dll" id="d26b6b6c-0539-f6d5-0b6e-1d021e9cd63c">
      <Execution id="c1d22d98-1c60-4fa2-8ece-0fdb400f28d3" />
      <TestMethod codeBase="D:\SFERRARI\01 - TRABAJO\REPOS\netcore\template-netcore-shared\Kitpymes.Core.Shared.Tests\bin\Release\netcoreapp3.0\Kitpymes.Core.Shared.Tests.dll" adapterTypeName="executor://mstestadapter/v2" className="Kitpymes.Core.Shared.Extensions.Tests.ApplicationBuilderExtensionsTests" name="ToEnvironment_Passing_Production_Enviroment_Returns_Production_Name" />
    </UnitTest>
    <UnitTest name="ToExists_Passing_Service_Not_Found_Returns_False" storage="d:\sferrari\01 - trabajo\repos\netcore\template-netcore-shared\kitpymes.core.shared.tests\bin\release\netcoreapp3.0\kitpymes.core.shared.tests.dll" id="6a3215c0-a3d0-3567-141f-99b4d6b44c7b">
      <Execution id="a323bc2b-e9e9-4a4e-88a8-7b4f8a1f15af" />
      <TestMethod codeBase="D:\SFERRARI\01 - TRABAJO\REPOS\netcore\template-netcore-shared\Kitpymes.Core.Shared.Tests\bin\Release\netcoreapp3.0\Kitpymes.Core.Shared.Tests.dll" adapterTypeName="executor://mstestadapter/v2" className="Kitpymes.Core.Shared.Extensions.Tests.ApplicationBuilderExtensionsTests" name="ToExists_Passing_Service_Not_Found_Returns_False" />
    </UnitTest>
    <UnitTest name="ToPath_Passing_HttpRequest_Scheme_Host_Path_Returns_Url" storage="d:\sferrari\01 - trabajo\repos\netcore\template-netcore-shared\kitpymes.core.shared.tests\bin\release\netcoreapp3.0\kitpymes.core.shared.tests.dll" id="ad9599a7-8a8a-1754-e39e-f6d8510e730b">
      <Execution id="deebd2fc-1573-4ffb-8cc8-0a9808b46c16" />
      <TestMethod codeBase="D:\SFERRARI\01 - TRABAJO\REPOS\netcore\template-netcore-shared\Kitpymes.Core.Shared.Tests\bin\Release\netcoreapp3.0\Kitpymes.Core.Shared.Tests.dll" adapterTypeName="executor://mstestadapter/v2" className="Kitpymes.Core.Shared.Extensions.Tests.HttpRequestExtensionsTests" name="ToPath_Passing_HttpRequest_Scheme_Host_Path_Returns_Url" />
    </UnitTest>
    <UnitTest name="ToDefaultValue_Passing_byte_Returns_Cero" storage="d:\sferrari\01 - trabajo\repos\netcore\template-netcore-shared\kitpymes.core.shared.tests\bin\release\netcoreapp3.0\kitpymes.core.shared.tests.dll" id="c436eaa1-ee14-28b4-e568-d1bcd81758ca">
      <Execution id="fdee6a28-96b5-48e8-97c4-13e8c1562305" />
      <TestMethod codeBase="D:\SFERRARI\01 - TRABAJO\REPOS\netcore\template-netcore-shared\Kitpymes.Core.Shared.Tests\bin\Release\netcoreapp3.0\Kitpymes.Core.Shared.Tests.dll" adapterTypeName="executor://mstestadapter/v2" className="Kitpymes.Core.Shared.Extensions.Tests.GenericExtensionsTests" name="ToDefaultValue_Passing_byte_Returns_Cero" />
    </UnitTest>
    <UnitTest name="ToSettings_Passing_Values_From_Memory_Returns_Settings" storage="d:\sferrari\01 - trabajo\repos\netcore\template-netcore-shared\kitpymes.core.shared.tests\bin\release\netcoreapp3.0\kitpymes.core.shared.tests.dll" id="a88db4a6-85db-1794-57ad-207378bd09fc">
      <Execution id="8e932875-fa80-4da9-b607-fa89aacb7af2" />
      <TestMethod codeBase="D:\SFERRARI\01 - TRABAJO\REPOS\netcore\template-netcore-shared\Kitpymes.Core.Shared.Tests\bin\Release\netcoreapp3.0\Kitpymes.Core.Shared.Tests.dll" adapterTypeName="executor://mstestadapter/v2" className="Kitpymes.Core.Shared.Extensions.Tests.ConfigurationBuilderExtensionsTests" name="ToSettings_Passing_Values_From_Memory_Returns_Settings" />
    </UnitTest>
    <UnitTest name="ToIsWeekend_Passing_Sunday_DateTime_Returns_True" storage="d:\sferrari\01 - trabajo\repos\netcore\template-netcore-shared\kitpymes.core.shared.tests\bin\release\netcoreapp3.0\kitpymes.core.shared.tests.dll" id="64acda9a-8a2e-d920-11bc-cbd6d2a0d1a1">
      <Execution id="7cb27bd8-a79e-4153-9d53-765fe26d8e9c" />
      <TestMethod codeBase="D:\SFERRARI\01 - TRABAJO\REPOS\netcore\template-netcore-shared\Kitpymes.Core.Shared.Tests\bin\Release\netcoreapp3.0\Kitpymes.Core.Shared.Tests.dll" adapterTypeName="executor://mstestadapter/v2" className="Kitpymes.Core.Shared.Extensions.Tests.DateTimeExtensionsTests" name="ToIsWeekend_Passing_Sunday_DateTime_Returns_True" />
    </UnitTest>
    <UnitTest name="ToConfigureOrDefault_Passing_DefaultValues_And_ActionCustomValues_Returns_DefaultValues_And_CustomValues" storage="d:\sferrari\01 - trabajo\repos\netcore\template-netcore-shared\kitpymes.core.shared.tests\bin\release\netcoreapp3.0\kitpymes.core.shared.tests.dll" id="43808ac4-1e31-8564-6757-f02eaaca4929">
      <Execution id="6a8d1a5f-e0f5-4f1e-8dc6-ddee1fe9cb20" />
      <TestMethod codeBase="D:\SFERRARI\01 - TRABAJO\REPOS\netcore\template-netcore-shared\Kitpymes.Core.Shared.Tests\bin\Release\netcoreapp3.0\Kitpymes.Core.Shared.Tests.dll" adapterTypeName="executor://mstestadapter/v2" className="Kitpymes.Core.Shared.Extensions.Tests.ActionExtensionsTests" name="ToConfigureOrDefault_Passing_DefaultValues_And_ActionCustomValues_Returns_DefaultValues_And_CustomValues" />
    </UnitTest>
    <UnitTest name="ToInt_Passing_ValidValueString_Returns_Int" storage="d:\sferrari\01 - trabajo\repos\netcore\template-netcore-shared\kitpymes.core.shared.tests\bin\release\netcoreapp3.0\kitpymes.core.shared.tests.dll" id="d93604ef-7ed3-0fce-8526-ca6ec4546d8a">
      <Execution id="bb0b5080-4aa6-4d9f-95ff-b8fc09186cb0" />
      <TestMethod codeBase="D:\SFERRARI\01 - TRABAJO\REPOS\netcore\template-netcore-shared\Kitpymes.Core.Shared.Tests\bin\Release\netcoreapp3.0\Kitpymes.Core.Shared.Tests.dll" adapterTypeName="executor://mstestadapter/v2" className="Kitpymes.Core.Shared.Extensions.Tests.StringExtensionsTests" name="ToInt_Passing_ValidValueString_Returns_Int" />
    </UnitTest>
    <UnitTest name="ToCount_Passing_ValidEnumType_Returns_Count" storage="d:\sferrari\01 - trabajo\repos\netcore\template-netcore-shared\kitpymes.core.shared.tests\bin\release\netcoreapp3.0\kitpymes.core.shared.tests.dll" id="2ad70f05-a281-0b8f-6682-75bcc3076f19">
      <Execution id="cb247129-c857-4e80-a992-258d0e5bf547" />
      <TestMethod codeBase="D:\SFERRARI\01 - TRABAJO\REPOS\netcore\template-netcore-shared\Kitpymes.Core.Shared.Tests\bin\Release\netcoreapp3.0\Kitpymes.Core.Shared.Tests.dll" adapterTypeName="executor://mstestadapter/v2" className="Kitpymes.Core.Shared.Utilities.Tests.EnumsTests" name="ToCount_Passing_ValidEnumType_Returns_Count" />
    </UnitTest>
    <UnitTest name="ToConfiguration_Passing_Key_Values_Returns_Ok" storage="d:\sferrari\01 - trabajo\repos\netcore\template-netcore-shared\kitpymes.core.shared.tests\bin\release\netcoreapp3.0\kitpymes.core.shared.tests.dll" id="7626eb80-c5b1-5215-755a-1b8895fae863">
      <Execution id="fd6db432-410b-4db0-bcd4-c770de98f1b4" />
      <TestMethod codeBase="D:\SFERRARI\01 - TRABAJO\REPOS\netcore\template-netcore-shared\Kitpymes.Core.Shared.Tests\bin\Release\netcoreapp3.0\Kitpymes.Core.Shared.Tests.dll" adapterTypeName="executor://mstestadapter/v2" className="Kitpymes.Core.Shared.Extensions.Tests.ConfigurationBuilderExtensionsTests" name="ToConfiguration_Passing_Key_Values_Returns_Ok" />
    </UnitTest>
    <UnitTest name="ToEnum_Passing_InvalidValueString_Returns_EnumDefaultValue" storage="d:\sferrari\01 - trabajo\repos\netcore\template-netcore-shared\kitpymes.core.shared.tests\bin\release\netcoreapp3.0\kitpymes.core.shared.tests.dll" id="33811680-09f9-e531-f020-f06f0bd4e10d">
      <Execution id="1542ec73-5116-4f28-b6fa-2c6a58688d6e" />
      <TestMethod codeBase="D:\SFERRARI\01 - TRABAJO\REPOS\netcore\template-netcore-shared\Kitpymes.Core.Shared.Tests\bin\Release\netcoreapp3.0\Kitpymes.Core.Shared.Tests.dll" adapterTypeName="executor://mstestadapter/v2" className="Kitpymes.Core.Shared.Extensions.Tests.StringExtensionsTests" name="ToEnum_Passing_InvalidValueString_Returns_EnumDefaultValue" />
    </UnitTest>
    <UnitTest name="ToFormat_Passing_ValidValueFormatWithArguments_Returns_ValueWithFormat" storage="d:\sferrari\01 - trabajo\repos\netcore\template-netcore-shared\kitpymes.core.shared.tests\bin\release\netcoreapp3.0\kitpymes.core.shared.tests.dll" id="2761ce79-4c5e-006c-8199-c0c2a39fb318">
      <Execution id="46b2f01f-ce24-4a93-a457-aea6851076fc" />
      <TestMethod codeBase="D:\SFERRARI\01 - TRABAJO\REPOS\netcore\template-netcore-shared\Kitpymes.Core.Shared.Tests\bin\Release\netcoreapp3.0\Kitpymes.Core.Shared.Tests.dll" adapterTypeName="executor://mstestadapter/v2" className="Kitpymes.Core.Shared.Extensions.Tests.StringExtensionsTests" name="ToFormat_Passing_ValidValueFormatWithArguments_Returns_ValueWithFormat" />
    </UnitTest>
    <UnitTest name="ToYesterday_Passing_DateTime_Returns_Yesterday_DateTime" storage="d:\sferrari\01 - trabajo\repos\netcore\template-netcore-shared\kitpymes.core.shared.tests\bin\release\netcoreapp3.0\kitpymes.core.shared.tests.dll" id="59bb5814-5d01-6d07-4fe2-b044a2101887">
      <Execution id="3f5a26c3-a7e6-4f74-ac79-cc295d3c5c4a" />
      <TestMethod codeBase="D:\SFERRARI\01 - TRABAJO\REPOS\netcore\template-netcore-shared\Kitpymes.Core.Shared.Tests\bin\Release\netcoreapp3.0\Kitpymes.Core.Shared.Tests.dll" adapterTypeName="executor://mstestadapter/v2" className="Kitpymes.Core.Shared.Extensions.Tests.DateTimeExtensionsTests" name="ToYesterday_Passing_DateTime_Returns_Yesterday_DateTime" />
    </UnitTest>
    <UnitTest name="ToIsAuthenticated_Passing_Claims_Returns_True" storage="d:\sferrari\01 - trabajo\repos\netcore\template-netcore-shared\kitpymes.core.shared.tests\bin\release\netcoreapp3.0\kitpymes.core.shared.tests.dll" id="8041f467-4985-86e2-e530-ff004545ed9e">
      <Execution id="93fd1747-da97-405e-8f31-3aebdb37938d" />
      <TestMethod codeBase="D:\SFERRARI\01 - TRABAJO\REPOS\netcore\template-netcore-shared\Kitpymes.Core.Shared.Tests\bin\Release\netcoreapp3.0\Kitpymes.Core.Shared.Tests.dll" adapterTypeName="executor://mstestadapter/v2" className="Kitpymes.Core.Shared.Extensions.Tests.ClaimsPrincipalExtensionsTests" name="ToIsAuthenticated_Passing_Claims_Returns_True" />
    </UnitTest>
    <UnitTest name="ToAuthenticationType_Passing_Null_ClaimsPrincipal_Returns_ApplicationException" storage="d:\sferrari\01 - trabajo\repos\netcore\template-netcore-shared\kitpymes.core.shared.tests\bin\release\netcoreapp3.0\kitpymes.core.shared.tests.dll" id="b63cac77-e37b-80e5-702f-d228747e42f7">
      <Execution id="a0645e12-8e59-4186-aa73-d3dbb56e5f15" />
      <TestMethod codeBase="D:\SFERRARI\01 - TRABAJO\REPOS\netcore\template-netcore-shared\Kitpymes.Core.Shared.Tests\bin\Release\netcoreapp3.0\Kitpymes.Core.Shared.Tests.dll" adapterTypeName="executor://mstestadapter/v2" className="Kitpymes.Core.Shared.Extensions.Tests.ClaimsPrincipalExtensionsTests" name="ToAuthenticationType_Passing_Null_ClaimsPrincipal_Returns_ApplicationException" />
    </UnitTest>
    <UnitTest name="ToEnum_Passing_ValidValueInt_Returns_EnumValue" storage="d:\sferrari\01 - trabajo\repos\netcore\template-netcore-shared\kitpymes.core.shared.tests\bin\release\netcoreapp3.0\kitpymes.core.shared.tests.dll" id="8a9a7530-f1ce-f4e5-fbc9-4f531ddefce2">
      <Execution id="e5f67901-91b2-4a21-9d0b-64b9e05c21dc" />
      <TestMethod codeBase="D:\SFERRARI\01 - TRABAJO\REPOS\netcore\template-netcore-shared\Kitpymes.Core.Shared.Tests\bin\Release\netcoreapp3.0\Kitpymes.Core.Shared.Tests.dll" adapterTypeName="executor://mstestadapter/v2" className="Kitpymes.Core.Shared.Extensions.Tests.StringExtensionsTests" name="ToEnum_Passing_ValidValueInt_Returns_EnumValue" />
    </UnitTest>
    <UnitTest name="CreateRandom_WithDefaultAllowableCharacters_Passing_ValidArguments_Returns_String_Random_Value" storage="d:\sferrari\01 - trabajo\repos\netcore\template-netcore-shared\kitpymes.core.shared.tests\bin\release\netcoreapp3.0\kitpymes.core.shared.tests.dll" id="70edf42e-61af-db20-c5ba-b6396a6eca62">
      <Execution id="ddfa2bd9-d8f6-4588-8703-e13dac195b54" />
      <TestMethod codeBase="D:\SFERRARI\01 - TRABAJO\REPOS\netcore\template-netcore-shared\Kitpymes.Core.Shared.Tests\bin\Release\netcoreapp3.0\Kitpymes.Core.Shared.Tests.dll" adapterTypeName="executor://mstestadapter/v2" className="Kitpymes.Core.Shared.Utilities.Tests.HashTests" name="CreateRandom_WithDefaultAllowableCharacters_Passing_ValidArguments_Returns_String_Random_Value" />
    </UnitTest>
    <UnitTest name="ToConfiguration_Passing_Invalid_DirectoryPath_Returns_ApplicationException" storage="d:\sferrari\01 - trabajo\repos\netcore\template-netcore-shared\kitpymes.core.shared.tests\bin\release\netcoreapp3.0\kitpymes.core.shared.tests.dll" id="c3009aa1-8370-91cf-8fdd-98e893aa7661">
      <Execution id="adc080f9-6386-4e93-b664-64eca2ee4d93" />
      <TestMethod codeBase="D:\SFERRARI\01 - TRABAJO\REPOS\netcore\template-netcore-shared\Kitpymes.Core.Shared.Tests\bin\Release\netcoreapp3.0\Kitpymes.Core.Shared.Tests.dll" adapterTypeName="executor://mstestadapter/v2" className="Kitpymes.Core.Shared.Extensions.Tests.ConfigurationBuilderExtensionsTests" name="ToConfiguration_Passing_Invalid_DirectoryPath_Returns_ApplicationException" />
    </UnitTest>
    <UnitTest name="IsDomain_Passing_InvalidArguments_Returns_HasErrorsAndCount" storage="d:\sferrari\01 - trabajo\repos\netcore\template-netcore-shared\kitpymes.core.shared.tests\bin\release\netcoreapp3.0\kitpymes.core.shared.tests.dll" id="a4294eba-06aa-d940-fe09-19719010df3a">
      <Execution id="c99cb982-e4cc-4d5c-b211-e3cc397fe7de" />
      <TestMethod codeBase="D:\SFERRARI\01 - TRABAJO\REPOS\netcore\template-netcore-shared\Kitpymes.Core.Shared.Tests\bin\Release\netcoreapp3.0\Kitpymes.Core.Shared.Tests.dll" adapterTypeName="executor://mstestadapter/v2" className="Kitpymes.Core.Shared.Utilities.Tests.CheckTests" name="IsDomain_Passing_InvalidArguments_Returns_HasErrorsAndCount" />
    </UnitTest>
    <UnitTest name="ToTryContentType_Passing_HttpRequestWithContentType_Value_Returns_ContentType_String_Value" storage="d:\sferrari\01 - trabajo\repos\netcore\template-netcore-shared\kitpymes.core.shared.tests\bin\release\netcoreapp3.0\kitpymes.core.shared.tests.dll" id="88161b45-db86-cd57-93fd-5645f5143966">
      <Execution id="45767776-8a0e-4863-a43d-cdb2530bd069" />
      <TestMethod codeBase="D:\SFERRARI\01 - TRABAJO\REPOS\netcore\template-netcore-shared\Kitpymes.Core.Shared.Tests\bin\Release\netcoreapp3.0\Kitpymes.Core.Shared.Tests.dll" adapterTypeName="executor://mstestadapter/v2" className="Kitpymes.Core.Shared.Extensions.Tests.HttpRequestExtensionsTests" name="ToTryContentType_Passing_HttpRequestWithContentType_Value_Returns_ContentType_String_Value" />
    </UnitTest>
    <UnitTest name="ToMapNew_Passing_TSource_And_TDestination_Returns_New_TDestination_Object" storage="d:\sferrari\01 - trabajo\repos\netcore\template-netcore-shared\kitpymes.core.shared.tests\bin\release\netcoreapp3.0\kitpymes.core.shared.tests.dll" id="e6daf527-d4db-583b-7465-40f27603311a">
      <Execution id="62e10577-c629-45d6-87aa-62856bbcbef9" />
      <TestMethod codeBase="D:\SFERRARI\01 - TRABAJO\REPOS\netcore\template-netcore-shared\Kitpymes.Core.Shared.Tests\bin\Release\netcoreapp3.0\Kitpymes.Core.Shared.Tests.dll" adapterTypeName="executor://mstestadapter/v2" className="Kitpymes.Core.Shared.Extensions.Tests.AgileMapperExtensionsTests" name="ToMapNew_Passing_TSource_And_TDestination_Returns_New_TDestination_Object" />
    </UnitTest>
    <UnitTest name="ToIsNullOrEmptyThrow_Passing_InvalidValue_Returns_ApplicationExceptionWithMessage" storage="d:\sferrari\01 - trabajo\repos\netcore\template-netcore-shared\kitpymes.core.shared.tests\bin\release\netcoreapp3.0\kitpymes.core.shared.tests.dll" id="74c01674-5cd8-fcd3-f2dd-13452334a752">
      <Execution id="c8246788-847f-419e-a3d6-cefc54bb85b7" />
      <TestMethod codeBase="D:\SFERRARI\01 - TRABAJO\REPOS\netcore\template-netcore-shared\Kitpymes.Core.Shared.Tests\bin\Release\netcoreapp3.0\Kitpymes.Core.Shared.Tests.dll" adapterTypeName="executor://mstestadapter/v2" className="Kitpymes.Core.Shared.Extensions.Tests.CheckExtensionsTests" name="ToIsNullOrEmptyThrow_Passing_InvalidValue_Returns_ApplicationExceptionWithMessage" />
    </UnitTest>
    <UnitTest name="IsName_Passing_ValidArguments_Returns_HasErrorsAndCount" storage="d:\sferrari\01 - trabajo\repos\netcore\template-netcore-shared\kitpymes.core.shared.tests\bin\release\netcoreapp3.0\kitpymes.core.shared.tests.dll" id="ba13b0bd-c428-c41e-c91d-be83d7a60582">
      <Execution id="c3fc331b-9efa-47df-bf35-7a7446de5e4c" />
      <TestMethod codeBase="D:\SFERRARI\01 - TRABAJO\REPOS\netcore\template-netcore-shared\Kitpymes.Core.Shared.Tests\bin\Release\netcoreapp3.0\Kitpymes.Core.Shared.Tests.dll" adapterTypeName="executor://mstestadapter/v2" className="Kitpymes.Core.Shared.Utilities.Tests.CheckTests" name="IsName_Passing_ValidArguments_Returns_HasErrorsAndCount" />
    </UnitTest>
    <UnitTest name="ToUri_Passing_InvalidValueString_Returns_DefaultValue" storage="d:\sferrari\01 - trabajo\repos\netcore\template-netcore-shared\kitpymes.core.shared.tests\bin\release\netcoreapp3.0\kitpymes.core.shared.tests.dll" id="072d4713-e5d8-44fc-5b77-95317f0d417b">
      <Execution id="4dbac99b-20fd-425d-b799-cc4c12b17b79" />
      <TestMethod codeBase="D:\SFERRARI\01 - TRABAJO\REPOS\netcore\template-netcore-shared\Kitpymes.Core.Shared.Tests\bin\Release\netcoreapp3.0\Kitpymes.Core.Shared.Tests.dll" adapterTypeName="executor://mstestadapter/v2" className="Kitpymes.Core.Shared.Extensions.Tests.StringExtensionsTests" name="ToUri_Passing_InvalidValueString_Returns_DefaultValue" />
    </UnitTest>
    <UnitTest name="ToGet_Passing_Claims_Returns_Claim_Value_Object" storage="d:\sferrari\01 - trabajo\repos\netcore\template-netcore-shared\kitpymes.core.shared.tests\bin\release\netcoreapp3.0\kitpymes.core.shared.tests.dll" id="befca560-4acc-5d69-c04c-46c8bc6349d8">
      <Execution id="89f6dd87-cc34-4dae-8e1e-0b8e6ba3e9a4" />
      <TestMethod codeBase="D:\SFERRARI\01 - TRABAJO\REPOS\netcore\template-netcore-shared\Kitpymes.Core.Shared.Tests\bin\Release\netcoreapp3.0\Kitpymes.Core.Shared.Tests.dll" adapterTypeName="executor://mstestadapter/v2" className="Kitpymes.Core.Shared.Extensions.Tests.ClaimsPrincipalExtensionsTests" name="ToGet_Passing_Claims_Returns_Claim_Value_Object" />
    </UnitTest>
    <UnitTest name="ToExists_Passing_Valid_Service_Returns_True" storage="d:\sferrari\01 - trabajo\repos\netcore\template-netcore-shared\kitpymes.core.shared.tests\bin\release\netcoreapp3.0\kitpymes.core.shared.tests.dll" id="a69c7595-f0db-0ba4-1afc-11aca5272a96">
      <Execution id="a9ad8662-1c11-4fce-a74a-d09038740bed" />
      <TestMethod codeBase="D:\SFERRARI\01 - TRABAJO\REPOS\netcore\template-netcore-shared\Kitpymes.Core.Shared.Tests\bin\Release\netcoreapp3.0\Kitpymes.Core.Shared.Tests.dll" adapterTypeName="executor://mstestadapter/v2" className="Kitpymes.Core.Shared.Extensions.Tests.ConfigurationBuilderExtensionsTests" name="ToExists_Passing_Valid_Service_Returns_True" />
    </UnitTest>
    <UnitTest name="ToDefaultValue_Passing_ValidStruct_Returns_DefaultValue" storage="d:\sferrari\01 - trabajo\repos\netcore\template-netcore-shared\kitpymes.core.shared.tests\bin\release\netcoreapp3.0\kitpymes.core.shared.tests.dll" id="5279ca9d-27ca-d833-5750-af1b70834e63">
      <Execution id="68710b67-9b76-461b-8e7d-e3ed88c2c6ff" />
      <TestMethod codeBase="D:\SFERRARI\01 - TRABAJO\REPOS\netcore\template-netcore-shared\Kitpymes.Core.Shared.Tests\bin\Release\netcoreapp3.0\Kitpymes.Core.Shared.Tests.dll" adapterTypeName="executor://mstestadapter/v2" className="Kitpymes.Core.Shared.Extensions.Tests.TypeExtensionsTests" name="ToDefaultValue_Passing_ValidStruct_Returns_DefaultValue" />
    </UnitTest>
    <UnitTest name="ToDirectoryDeleteFiles_Passing_ValidValue_Returns_DirectoryNoExists" storage="d:\sferrari\01 - trabajo\repos\netcore\template-netcore-shared\kitpymes.core.shared.tests\bin\release\netcoreapp3.0\kitpymes.core.shared.tests.dll" id="88aac24a-e0c3-7b67-85fc-be2df52dba34">
      <Execution id="c5b58256-7f43-4448-bfb3-ac28b3083418" />
      <TestMethod codeBase="D:\SFERRARI\01 - TRABAJO\REPOS\netcore\template-netcore-shared\Kitpymes.Core.Shared.Tests\bin\Release\netcoreapp3.0\Kitpymes.Core.Shared.Tests.dll" adapterTypeName="executor://mstestadapter/v2" className="Kitpymes.Core.Shared.Extensions.Tests.StringExtensionsTests" name="ToDirectoryDeleteFiles_Passing_ValidValue_Returns_DirectoryNoExists" />
    </UnitTest>
    <UnitTest name="IsHostname_Passing_InvalidArguments_Returns_HasErrorsAndCount" storage="d:\sferrari\01 - trabajo\repos\netcore\template-netcore-shared\kitpymes.core.shared.tests\bin\release\netcoreapp3.0\kitpymes.core.shared.tests.dll" id="5fd22787-51f8-3e76-47d6-968dc7621c8f">
      <Execution id="05c2845c-2c32-478c-ab64-4ad7622c59c4" />
      <TestMethod codeBase="D:\SFERRARI\01 - TRABAJO\REPOS\netcore\template-netcore-shared\Kitpymes.Core.Shared.Tests\bin\Release\netcoreapp3.0\Kitpymes.Core.Shared.Tests.dll" adapterTypeName="executor://mstestadapter/v2" className="Kitpymes.Core.Shared.Utilities.Tests.CheckTests" name="IsHostname_Passing_InvalidArguments_Returns_HasErrorsAndCount" />
    </UnitTest>
    <UnitTest name="ToDefaultValue_Passing_decimal_Returns_Cero" storage="d:\sferrari\01 - trabajo\repos\netcore\template-netcore-shared\kitpymes.core.shared.tests\bin\release\netcoreapp3.0\kitpymes.core.shared.tests.dll" id="ead0a11b-44ec-8973-fd99-c43158b18c14">
      <Execution id="05e22613-d8a2-43f0-aba0-5cc6d69e96a6" />
      <TestMethod codeBase="D:\SFERRARI\01 - TRABAJO\REPOS\netcore\template-netcore-shared\Kitpymes.Core.Shared.Tests\bin\Release\netcoreapp3.0\Kitpymes.Core.Shared.Tests.dll" adapterTypeName="executor://mstestadapter/v2" className="Kitpymes.Core.Shared.Extensions.Tests.GenericExtensionsTests" name="ToDefaultValue_Passing_decimal_Returns_Cero" />
    </UnitTest>
    <UnitTest name="ToUserName_Passing_Invalid_ClaimsPrincipal_Returns_Null" storage="d:\sferrari\01 - trabajo\repos\netcore\template-netcore-shared\kitpymes.core.shared.tests\bin\release\netcoreapp3.0\kitpymes.core.shared.tests.dll" id="09722d0d-50eb-c66c-46d9-dfe1db4400ef">
      <Execution id="59ab257e-d529-4973-bac3-6bfd9b4d0d5a" />
      <TestMethod codeBase="D:\SFERRARI\01 - TRABAJO\REPOS\netcore\template-netcore-shared\Kitpymes.Core.Shared.Tests\bin\Release\netcoreapp3.0\Kitpymes.Core.Shared.Tests.dll" adapterTypeName="executor://mstestadapter/v2" className="Kitpymes.Core.Shared.Extensions.Tests.ClaimsPrincipalExtensionsTests" name="ToUserName_Passing_Invalid_ClaimsPrincipal_Returns_Null" />
    </UnitTest>
    <UnitTest name="ToInt_Passing_InvalidValueString_Returns_Null" storage="d:\sferrari\01 - trabajo\repos\netcore\template-netcore-shared\kitpymes.core.shared.tests\bin\release\netcoreapp3.0\kitpymes.core.shared.tests.dll" id="94245856-9b78-14bb-2905-2035e994d0d9">
      <Execution id="f6e02b1f-ebc4-463a-979d-62bac42900fd" />
      <TestMethod codeBase="D:\SFERRARI\01 - TRABAJO\REPOS\netcore\template-netcore-shared\Kitpymes.Core.Shared.Tests\bin\Release\netcoreapp3.0\Kitpymes.Core.Shared.Tests.dll" adapterTypeName="executor://mstestadapter/v2" className="Kitpymes.Core.Shared.Extensions.Tests.StringExtensionsTests" name="ToInt_Passing_InvalidValueString_Returns_Null" />
    </UnitTest>
    <UnitTest name="ToString_Passing_Valid_Collection_Returns_String_With_Default_Separator" storage="d:\sferrari\01 - trabajo\repos\netcore\template-netcore-shared\kitpymes.core.shared.tests\bin\release\netcoreapp3.0\kitpymes.core.shared.tests.dll" id="05a9b880-6e83-9959-2d02-9b7d97277dfa">
      <Execution id="2159ee24-3915-444a-b131-b4232c9a1e08" />
      <TestMethod codeBase="D:\SFERRARI\01 - TRABAJO\REPOS\netcore\template-netcore-shared\Kitpymes.Core.Shared.Tests\bin\Release\netcoreapp3.0\Kitpymes.Core.Shared.Tests.dll" adapterTypeName="executor://mstestadapter/v2" className="Kitpymes.Core.Shared.Extensions.Tests.EnumerableExtensionsTests" name="ToString_Passing_Valid_Collection_Returns_String_With_Default_Separator" />
    </UnitTest>
    <UnitTest name="CreateAndVerifySHA512_Passing_Valid_Arguments_Returns_True" storage="d:\sferrari\01 - trabajo\repos\netcore\template-netcore-shared\kitpymes.core.shared.tests\bin\release\netcoreapp3.0\kitpymes.core.shared.tests.dll" id="141ac01c-053a-7013-209a-8893b345c18f">
      <Execution id="a8b1da26-7b4a-4fe3-99ec-36449210dcdf" />
      <TestMethod codeBase="D:\SFERRARI\01 - TRABAJO\REPOS\netcore\template-netcore-shared\Kitpymes.Core.Shared.Tests\bin\Release\netcoreapp3.0\Kitpymes.Core.Shared.Tests.dll" adapterTypeName="executor://mstestadapter/v2" className="Kitpymes.Core.Shared.Utilities.Tests.HashTests" name="CreateAndVerifySHA512_Passing_Valid_Arguments_Returns_True" />
    </UnitTest>
    <UnitTest name="ToService_Passing_NotFound_Service_Returns_Null" storage="d:\sferrari\01 - trabajo\repos\netcore\template-netcore-shared\kitpymes.core.shared.tests\bin\release\netcoreapp3.0\kitpymes.core.shared.tests.dll" id="7132a40e-3324-94b7-0d74-3203ad5bb5fa">
      <Execution id="397af65c-424b-49fb-be19-fe6b6879a548" />
      <TestMethod codeBase="D:\SFERRARI\01 - TRABAJO\REPOS\netcore\template-netcore-shared\Kitpymes.Core.Shared.Tests\bin\Release\netcoreapp3.0\Kitpymes.Core.Shared.Tests.dll" adapterTypeName="executor://mstestadapter/v2" className="Kitpymes.Core.Shared.Extensions.Tests.ConfigurationBuilderExtensionsTests" name="ToService_Passing_NotFound_Service_Returns_Null" />
    </UnitTest>
    <UnitTest name="ToService_Passing_Service_Not_Found_Returns_ApplicationException" storage="d:\sferrari\01 - trabajo\repos\netcore\template-netcore-shared\kitpymes.core.shared.tests\bin\release\netcoreapp3.0\kitpymes.core.shared.tests.dll" id="5f6c6d5e-b117-02f2-917e-cc0a0bc5fd84">
      <Execution id="76bd31e9-7785-42a2-bcf1-7262ace90dfe" />
      <TestMethod codeBase="D:\SFERRARI\01 - TRABAJO\REPOS\netcore\template-netcore-shared\Kitpymes.Core.Shared.Tests\bin\Release\netcoreapp3.0\Kitpymes.Core.Shared.Tests.dll" adapterTypeName="executor://mstestadapter/v2" className="Kitpymes.Core.Shared.Extensions.Tests.ApplicationBuilderExtensionsTests" name="ToService_Passing_Service_Not_Found_Returns_ApplicationException" />
    </UnitTest>
    <UnitTest name="IsDirectory_Passing_InvalidArguments_Returns_HasErrorsAndCount" storage="d:\sferrari\01 - trabajo\repos\netcore\template-netcore-shared\kitpymes.core.shared.tests\bin\release\netcoreapp3.0\kitpymes.core.shared.tests.dll" id="6a38239d-855c-a5eb-59db-53dcbc789347">
      <Execution id="5b2162a6-7e62-4367-a90a-f82b647093c0" />
      <TestMethod codeBase="D:\SFERRARI\01 - TRABAJO\REPOS\netcore\template-netcore-shared\Kitpymes.Core.Shared.Tests\bin\Release\netcoreapp3.0\Kitpymes.Core.Shared.Tests.dll" adapterTypeName="executor://mstestadapter/v2" className="Kitpymes.Core.Shared.Utilities.Tests.CheckTests" name="IsDirectory_Passing_InvalidArguments_Returns_HasErrorsAndCount" />
    </UnitTest>
    <UnitTest name="ToString_Passing_Valid_Collection_With_Custom_Separator_Returns_String_With_Custom_Separator" storage="d:\sferrari\01 - trabajo\repos\netcore\template-netcore-shared\kitpymes.core.shared.tests\bin\release\netcoreapp3.0\kitpymes.core.shared.tests.dll" id="69d54260-6ecb-a42b-4255-cc0383422b7d">
      <Execution id="2a72c7e3-acd8-48ff-8e65-3692e5000359" />
      <TestMethod codeBase="D:\SFERRARI\01 - TRABAJO\REPOS\netcore\template-netcore-shared\Kitpymes.Core.Shared.Tests\bin\Release\netcoreapp3.0\Kitpymes.Core.Shared.Tests.dll" adapterTypeName="executor://mstestadapter/v2" className="Kitpymes.Core.Shared.Extensions.Tests.EnumerableExtensionsTests" name="ToString_Passing_Valid_Collection_With_Custom_Separator_Returns_String_With_Custom_Separator" />
    </UnitTest>
    <UnitTest name="ToSubdomain_Passing_HttpRequest_Host_Returns_Subdomain" storage="d:\sferrari\01 - trabajo\repos\netcore\template-netcore-shared\kitpymes.core.shared.tests\bin\release\netcoreapp3.0\kitpymes.core.shared.tests.dll" id="246e1592-d2e4-058a-cf8f-cb38ff319272">
      <Execution id="5bbb2567-fafe-4d68-a62b-0d7e95b70ba7" />
      <TestMethod codeBase="D:\SFERRARI\01 - TRABAJO\REPOS\netcore\template-netcore-shared\Kitpymes.Core.Shared.Tests\bin\Release\netcoreapp3.0\Kitpymes.Core.Shared.Tests.dll" adapterTypeName="executor://mstestadapter/v2" className="Kitpymes.Core.Shared.Extensions.Tests.HttpRequestExtensionsTests" name="ToSubdomain_Passing_HttpRequest_Host_Returns_Subdomain" />
    </UnitTest>
    <UnitTest name="ToDefaultValue_Passing_ushort_Returns_Cero" storage="d:\sferrari\01 - trabajo\repos\netcore\template-netcore-shared\kitpymes.core.shared.tests\bin\release\netcoreapp3.0\kitpymes.core.shared.tests.dll" id="d7113cd0-9d09-92b7-da7c-4bb38fcd80fa">
      <Execution id="f52894fc-bb4c-4187-b5ca-d2fe98eae9a3" />
      <TestMethod codeBase="D:\SFERRARI\01 - TRABAJO\REPOS\netcore\template-netcore-shared\Kitpymes.Core.Shared.Tests\bin\Release\netcoreapp3.0\Kitpymes.Core.Shared.Tests.dll" adapterTypeName="executor://mstestadapter/v2" className="Kitpymes.Core.Shared.Extensions.Tests.GenericExtensionsTests" name="ToDefaultValue_Passing_ushort_Returns_Cero" />
    </UnitTest>
    <UnitTest name="ToDefaultValue_Passing_bool_Returns_Cero" storage="d:\sferrari\01 - trabajo\repos\netcore\template-netcore-shared\kitpymes.core.shared.tests\bin\release\netcoreapp3.0\kitpymes.core.shared.tests.dll" id="ca0bfdb7-6ab6-3d13-afbd-0c5c364304b4">
      <Execution id="4f2a67a6-003e-4aea-9311-394568242919" />
      <TestMethod codeBase="D:\SFERRARI\01 - TRABAJO\REPOS\netcore\template-netcore-shared\Kitpymes.Core.Shared.Tests\bin\Release\netcoreapp3.0\Kitpymes.Core.Shared.Tests.dll" adapterTypeName="executor://mstestadapter/v2" className="Kitpymes.Core.Shared.Extensions.Tests.GenericExtensionsTests" name="ToDefaultValue_Passing_bool_Returns_Cero" />
    </UnitTest>
    <UnitTest name="ToEnvironment_Passing_Development_Enviroment_Returns_Development_Name" storage="d:\sferrari\01 - trabajo\repos\netcore\template-netcore-shared\kitpymes.core.shared.tests\bin\release\netcoreapp3.0\kitpymes.core.shared.tests.dll" id="e4352bb5-404b-635a-e45b-b71369fd281e">
      <Execution id="69113311-7897-4a82-9678-311d9a22d51e" />
      <TestMethod codeBase="D:\SFERRARI\01 - TRABAJO\REPOS\netcore\template-netcore-shared\Kitpymes.Core.Shared.Tests\bin\Release\netcoreapp3.0\Kitpymes.Core.Shared.Tests.dll" adapterTypeName="executor://mstestadapter/v2" className="Kitpymes.Core.Shared.Extensions.Tests.ApplicationBuilderExtensionsTests" name="ToEnvironment_Passing_Development_Enviroment_Returns_Development_Name" />
    </UnitTest>
    <UnitTest name="ToConfiguration_Passing_Empty_DirectoryPath_Returns_ApplicationException" storage="d:\sferrari\01 - trabajo\repos\netcore\template-netcore-shared\kitpymes.core.shared.tests\bin\release\netcoreapp3.0\kitpymes.core.shared.tests.dll" id="50be68ce-9309-5804-7670-7e8e044ad78b">
      <Execution id="c7ccbb7e-89f1-4358-abbe-1252523a5945" />
      <TestMethod codeBase="D:\SFERRARI\01 - TRABAJO\REPOS\netcore\template-netcore-shared\Kitpymes.Core.Shared.Tests\bin\Release\netcoreapp3.0\Kitpymes.Core.Shared.Tests.dll" adapterTypeName="executor://mstestadapter/v2" className="Kitpymes.Core.Shared.Extensions.Tests.ConfigurationBuilderExtensionsTests" name="ToConfiguration_Passing_Empty_DirectoryPath_Returns_ApplicationException" />
    </UnitTest>
    <UnitTest name="ToDefaultValue_Passing_long_Returns_Cero" storage="d:\sferrari\01 - trabajo\repos\netcore\template-netcore-shared\kitpymes.core.shared.tests\bin\release\netcoreapp3.0\kitpymes.core.shared.tests.dll" id="d45f7960-8c15-bec8-0e6d-a081de52a211">
      <Execution id="f93d12a1-49d7-487d-825f-b649300e94c0" />
      <TestMethod codeBase="D:\SFERRARI\01 - TRABAJO\REPOS\netcore\template-netcore-shared\Kitpymes.Core.Shared.Tests\bin\Release\netcoreapp3.0\Kitpymes.Core.Shared.Tests.dll" adapterTypeName="executor://mstestadapter/v2" className="Kitpymes.Core.Shared.Extensions.Tests.GenericExtensionsTests" name="ToDefaultValue_Passing_long_Returns_Cero" />
    </UnitTest>
    <UnitTest name="ToIsNullOrAny_Passing_InvalidValue_Returns_True" storage="d:\sferrari\01 - trabajo\repos\netcore\template-netcore-shared\kitpymes.core.shared.tests\bin\release\netcoreapp3.0\kitpymes.core.shared.tests.dll" id="bb1027b7-1469-c705-4b36-f77fd9229b00">
      <Execution id="8b400d13-0354-4cbb-aeb6-1d65a2a9008c" />
      <TestMethod codeBase="D:\SFERRARI\01 - TRABAJO\REPOS\netcore\template-netcore-shared\Kitpymes.Core.Shared.Tests\bin\Release\netcoreapp3.0\Kitpymes.Core.Shared.Tests.dll" adapterTypeName="executor://mstestadapter/v2" className="Kitpymes.Core.Shared.Extensions.Tests.CheckExtensionsTests" name="ToIsNullOrAny_Passing_InvalidValue_Returns_True" />
    </UnitTest>
    <UnitTest name="ToEnvironment_ServiceCollection_Passing_Production_Enviroment_Returns_Production_Name" storage="d:\sferrari\01 - trabajo\repos\netcore\template-netcore-shared\kitpymes.core.shared.tests\bin\release\netcoreapp3.0\kitpymes.core.shared.tests.dll" id="79d819f4-0ce5-96bd-2613-403442eb4d74">
      <Execution id="5d510406-ddbc-4752-b208-85c8eb9133aa" />
      <TestMethod codeBase="D:\SFERRARI\01 - TRABAJO\REPOS\netcore\template-netcore-shared\Kitpymes.Core.Shared.Tests\bin\Release\netcoreapp3.0\Kitpymes.Core.Shared.Tests.dll" adapterTypeName="executor://mstestadapter/v2" className="Kitpymes.Core.Shared.Extensions.Tests.ConfigurationBuilderExtensionsTests" name="ToEnvironment_ServiceCollection_Passing_Production_Enviroment_Returns_Production_Name" />
    </UnitTest>
    <UnitTest name="ToGet_Passing_Claims_Returns_Claim_Value_Int" storage="d:\sferrari\01 - trabajo\repos\netcore\template-netcore-shared\kitpymes.core.shared.tests\bin\release\netcoreapp3.0\kitpymes.core.shared.tests.dll" id="176f4350-0b3b-4432-fa24-18f29e2c3458">
      <Execution id="8ce05eff-65c5-419a-851b-8bf4f1ef23cc" />
      <TestMethod codeBase="D:\SFERRARI\01 - TRABAJO\REPOS\netcore\template-netcore-shared\Kitpymes.Core.Shared.Tests\bin\Release\netcoreapp3.0\Kitpymes.Core.Shared.Tests.dll" adapterTypeName="executor://mstestadapter/v2" className="Kitpymes.Core.Shared.Extensions.Tests.ClaimsPrincipalExtensionsTests" name="ToGet_Passing_Claims_Returns_Claim_Value_Int" />
    </UnitTest>
    <UnitTest name="ToTomorrow_Passing_DateTime_Returns_Tomorrow_DateTime" storage="d:\sferrari\01 - trabajo\repos\netcore\template-netcore-shared\kitpymes.core.shared.tests\bin\release\netcoreapp3.0\kitpymes.core.shared.tests.dll" id="9014a3d8-456c-66d3-12d5-6a69005e537e">
      <Execution id="06aa4113-9106-4fd6-b4e2-2ff42807bcb3" />
      <TestMethod codeBase="D:\SFERRARI\01 - TRABAJO\REPOS\netcore\template-netcore-shared\Kitpymes.Core.Shared.Tests\bin\Release\netcoreapp3.0\Kitpymes.Core.Shared.Tests.dll" adapterTypeName="executor://mstestadapter/v2" className="Kitpymes.Core.Shared.Extensions.Tests.DateTimeExtensionsTests" name="ToTomorrow_Passing_DateTime_Returns_Tomorrow_DateTime" />
    </UnitTest>
    <UnitTest name="ToDefaultValue_Passing_ValidString_Returns_DefaultValue" storage="d:\sferrari\01 - trabajo\repos\netcore\template-netcore-shared\kitpymes.core.shared.tests\bin\release\netcoreapp3.0\kitpymes.core.shared.tests.dll" id="ef938d1e-37d5-ccaf-d580-7454d807ec1e">
      <Execution id="6403186c-1621-42f0-8818-fe02d62e350b" />
      <TestMethod codeBase="D:\SFERRARI\01 - TRABAJO\REPOS\netcore\template-netcore-shared\Kitpymes.Core.Shared.Tests\bin\Release\netcoreapp3.0\Kitpymes.Core.Shared.Tests.dll" adapterTypeName="executor://mstestadapter/v2" className="Kitpymes.Core.Shared.Extensions.Tests.TypeExtensionsTests" name="ToDefaultValue_Passing_ValidString_Returns_DefaultValue" />
    </UnitTest>
    <UnitTest name="ToEmailMaskUserNameAndDomainAndExtension_Passing_ValidEmail_Returns_EmailWithMask" storage="d:\sferrari\01 - trabajo\repos\netcore\template-netcore-shared\kitpymes.core.shared.tests\bin\release\netcoreapp3.0\kitpymes.core.shared.tests.dll" id="ebfd06e0-faa7-9cbe-fa00-6405596f250f">
      <Execution id="0bd32ad5-3173-4903-9eea-1b7b00507ccf" />
      <TestMethod codeBase="D:\SFERRARI\01 - TRABAJO\REPOS\netcore\template-netcore-shared\Kitpymes.Core.Shared.Tests\bin\Release\netcoreapp3.0\Kitpymes.Core.Shared.Tests.dll" adapterTypeName="executor://mstestadapter/v2" className="Kitpymes.Core.Shared.Extensions.Tests.StringExtensionsTests" name="ToEmailMaskUserNameAndDomainAndExtension_Passing_ValidEmail_Returns_EmailWithMask" />
    </UnitTest>
    <UnitTest name="ToFirstLetterLower_Passing_ValidValue_Returns_StringWithFirstLetterLower" storage="d:\sferrari\01 - trabajo\repos\netcore\template-netcore-shared\kitpymes.core.shared.tests\bin\release\netcoreapp3.0\kitpymes.core.shared.tests.dll" id="f11c94aa-a17f-70b0-337d-4e87988eaaa9">
      <Execution id="79411253-a0a6-4743-b948-5196a3b4b97f" />
      <TestMethod codeBase="D:\SFERRARI\01 - TRABAJO\REPOS\netcore\template-netcore-shared\Kitpymes.Core.Shared.Tests\bin\Release\netcoreapp3.0\Kitpymes.Core.Shared.Tests.dll" adapterTypeName="executor://mstestadapter/v2" className="Kitpymes.Core.Shared.Extensions.Tests.StringExtensionsTests" name="ToFirstLetterLower_Passing_ValidValue_Returns_StringWithFirstLetterLower" />
    </UnitTest>
    <UnitTest name="ToService_Passing_Valid_Service_Returns_Service" storage="d:\sferrari\01 - trabajo\repos\netcore\template-netcore-shared\kitpymes.core.shared.tests\bin\release\netcoreapp3.0\kitpymes.core.shared.tests.dll" id="207a9b71-34bd-0c51-2904-9b3fc5a13547">
      <Execution id="66794102-3dfa-4c59-a3ec-9923b8104610" />
      <TestMethod codeBase="D:\SFERRARI\01 - TRABAJO\REPOS\netcore\template-netcore-shared\Kitpymes.Core.Shared.Tests\bin\Release\netcoreapp3.0\Kitpymes.Core.Shared.Tests.dll" adapterTypeName="executor://mstestadapter/v2" className="Kitpymes.Core.Shared.Extensions.Tests.ConfigurationBuilderExtensionsTests" name="ToService_Passing_Valid_Service_Returns_Service" />
    </UnitTest>
    <UnitTest name="ToDictionaryPropertyInfo_Passing_Object_Not_IncludeNullOrEmptyProperty_Returns_Properties_NameAndValue_Dictionary" storage="d:\sferrari\01 - trabajo\repos\netcore\template-netcore-shared\kitpymes.core.shared.tests\bin\release\netcoreapp3.0\kitpymes.core.shared.tests.dll" id="5affd6a5-020f-febd-97ee-87fff4d513ff">
      <Execution id="d80c6e69-5311-47ed-9176-0ec78d5ba456" />
      <TestMethod codeBase="D:\SFERRARI\01 - TRABAJO\REPOS\netcore\template-netcore-shared\Kitpymes.Core.Shared.Tests\bin\Release\netcoreapp3.0\Kitpymes.Core.Shared.Tests.dll" adapterTypeName="executor://mstestadapter/v2" className="Kitpymes.Core.Shared.Extensions.Tests.GenericExtensionsTests" name="ToDictionaryPropertyInfo_Passing_Object_Not_IncludeNullOrEmptyProperty_Returns_Properties_NameAndValue_Dictionary" />
    </UnitTest>
    <UnitTest name="ToHeader_Passing_HttpRequest_Header_Value_Returns_Value" storage="d:\sferrari\01 - trabajo\repos\netcore\template-netcore-shared\kitpymes.core.shared.tests\bin\release\netcoreapp3.0\kitpymes.core.shared.tests.dll" id="a78cbf3b-f752-709b-b7ce-b6cdfcd7841f">
      <Execution id="e072004d-c47a-4ba7-9cf5-9ba3783c2fb4" />
      <TestMethod codeBase="D:\SFERRARI\01 - TRABAJO\REPOS\netcore\template-netcore-shared\Kitpymes.Core.Shared.Tests\bin\Release\netcoreapp3.0\Kitpymes.Core.Shared.Tests.dll" adapterTypeName="executor://mstestadapter/v2" className="Kitpymes.Core.Shared.Extensions.Tests.HttpRequestExtensionsTests" name="ToHeader_Passing_HttpRequest_Header_Value_Returns_Value" />
    </UnitTest>
    <UnitTest name="IsName_Passing_InvalidArguments_Returns_HasErrorsAndCount" storage="d:\sferrari\01 - trabajo\repos\netcore\template-netcore-shared\kitpymes.core.shared.tests\bin\release\netcoreapp3.0\kitpymes.core.shared.tests.dll" id="90a3b545-3125-61d3-6aa1-65dd478210f0">
      <Execution id="1f6f4ad3-dcc2-4b9a-b76a-e1b14bc5579c" />
      <TestMethod codeBase="D:\SFERRARI\01 - TRABAJO\REPOS\netcore\template-netcore-shared\Kitpymes.Core.Shared.Tests\bin\Release\netcoreapp3.0\Kitpymes.Core.Shared.Tests.dll" adapterTypeName="executor://mstestadapter/v2" className="Kitpymes.Core.Shared.Utilities.Tests.CheckTests" name="IsName_Passing_InvalidArguments_Returns_HasErrorsAndCount" />
    </UnitTest>
    <UnitTest name="ToThrow_Passing_InvalidValue_Returns_ApplicationExceptionWithMessage" storage="d:\sferrari\01 - trabajo\repos\netcore\template-netcore-shared\kitpymes.core.shared.tests\bin\release\netcoreapp3.0\kitpymes.core.shared.tests.dll" id="0669ad66-ebac-1b60-d9f8-85ac26831181">
      <Execution id="7e0ea653-dcca-470f-859a-41308e68476f" />
      <TestMethod codeBase="D:\SFERRARI\01 - TRABAJO\REPOS\netcore\template-netcore-shared\Kitpymes.Core.Shared.Tests\bin\Release\netcoreapp3.0\Kitpymes.Core.Shared.Tests.dll" adapterTypeName="executor://mstestadapter/v2" className="Kitpymes.Core.Shared.Extensions.Tests.CheckExtensionsTests" name="ToThrow_Passing_InvalidValue_Returns_ApplicationExceptionWithMessage" />
    </UnitTest>
    <UnitTest name="CreateAndVerifyPassword_Passing_Valid_Arguments_Returns_IsValid" storage="d:\sferrari\01 - trabajo\repos\netcore\template-netcore-shared\kitpymes.core.shared.tests\bin\release\netcoreapp3.0\kitpymes.core.shared.tests.dll" id="a479c80b-2fac-1e97-0804-34800f2ff63b">
      <Execution id="279cfafc-1a4f-40ce-9d33-0c115ac60e73" />
      <TestMethod codeBase="D:\SFERRARI\01 - TRABAJO\REPOS\netcore\template-netcore-shared\Kitpymes.Core.Shared.Tests\bin\Release\netcoreapp3.0\Kitpymes.Core.Shared.Tests.dll" adapterTypeName="executor://mstestadapter/v2" className="Kitpymes.Core.Shared.Utilities.Tests.HashTests" name="CreateAndVerifyPassword_Passing_Valid_Arguments_Returns_IsValid" />
    </UnitTest>
    <UnitTest name="ToHeader_Passing_HttpRequest_Header_Many_Values_Returns_Values" storage="d:\sferrari\01 - trabajo\repos\netcore\template-netcore-shared\kitpymes.core.shared.tests\bin\release\netcoreapp3.0\kitpymes.core.shared.tests.dll" id="f3004a45-bdd5-438e-fc7e-28c33c062c28">
      <Execution id="9b890024-f5eb-4e86-bfa4-2d266d133e08" />
      <TestMethod codeBase="D:\SFERRARI\01 - TRABAJO\REPOS\netcore\template-netcore-shared\Kitpymes.Core.Shared.Tests\bin\Release\netcoreapp3.0\Kitpymes.Core.Shared.Tests.dll" adapterTypeName="executor://mstestadapter/v2" className="Kitpymes.Core.Shared.Extensions.Tests.HttpRequestExtensionsTests" name="ToHeader_Passing_HttpRequest_Header_Many_Values_Returns_Values" />
    </UnitTest>
    <UnitTest name="ToAuthenticationType_Passing_Claims_Returns_Null" storage="d:\sferrari\01 - trabajo\repos\netcore\template-netcore-shared\kitpymes.core.shared.tests\bin\release\netcoreapp3.0\kitpymes.core.shared.tests.dll" id="9ccf9ae6-5796-4cd4-1252-88e5642d6b7c">
      <Execution id="29ddaa2f-5dc4-482a-9885-5f62757a7134" />
      <TestMethod codeBase="D:\SFERRARI\01 - TRABAJO\REPOS\netcore\template-netcore-shared\Kitpymes.Core.Shared.Tests\bin\Release\netcoreapp3.0\Kitpymes.Core.Shared.Tests.dll" adapterTypeName="executor://mstestadapter/v2" className="Kitpymes.Core.Shared.Extensions.Tests.ClaimsPrincipalExtensionsTests" name="ToAuthenticationType_Passing_Claims_Returns_Null" />
    </UnitTest>
    <UnitTest name="IsRegexMatch_Passing_InvalidArguments_Returns_HasErrorsAndCount" storage="d:\sferrari\01 - trabajo\repos\netcore\template-netcore-shared\kitpymes.core.shared.tests\bin\release\netcoreapp3.0\kitpymes.core.shared.tests.dll" id="cfded076-dfc3-9576-e5d3-4a9fd4d54a97">
      <Execution id="971d2239-ed3e-4f77-9822-8eaa9c491247" />
      <TestMethod codeBase="D:\SFERRARI\01 - TRABAJO\REPOS\netcore\template-netcore-shared\Kitpymes.Core.Shared.Tests\bin\Release\netcoreapp3.0\Kitpymes.Core.Shared.Tests.dll" adapterTypeName="executor://mstestadapter/v2" className="Kitpymes.Core.Shared.Utilities.Tests.CheckTests" name="IsRegexMatch_Passing_InvalidArguments_Returns_HasErrorsAndCount" />
    </UnitTest>
    <UnitTest name="ToIsDirectoryThrow_Passing_InvalidValue_Returns_ApplicationExceptionWithMessage" storage="d:\sferrari\01 - trabajo\repos\netcore\template-netcore-shared\kitpymes.core.shared.tests\bin\release\netcoreapp3.0\kitpymes.core.shared.tests.dll" id="c53caa15-12b2-2ac6-393e-0057bbd332f5">
      <Execution id="d36dddf9-39d6-4dff-a354-6ff9d2af24ad" />
      <TestMethod codeBase="D:\SFERRARI\01 - TRABAJO\REPOS\netcore\template-netcore-shared\Kitpymes.Core.Shared.Tests\bin\Release\netcoreapp3.0\Kitpymes.Core.Shared.Tests.dll" adapterTypeName="executor://mstestadapter/v2" className="Kitpymes.Core.Shared.Extensions.Tests.CheckExtensionsTests" name="ToIsDirectoryThrow_Passing_InvalidValue_Returns_ApplicationExceptionWithMessage" />
    </UnitTest>
    <UnitTest name="ToList_Passing_ValidEnumTypeWithResourceType_Returns_ValuesList" storage="d:\sferrari\01 - trabajo\repos\netcore\template-netcore-shared\kitpymes.core.shared.tests\bin\release\netcoreapp3.0\kitpymes.core.shared.tests.dll" id="a5fc11be-830a-b331-0258-88a3d7a01f69">
      <Execution id="3a12979f-e12e-43a6-ae51-9d5d92e8fca2" />
      <TestMethod codeBase="D:\SFERRARI\01 - TRABAJO\REPOS\netcore\template-netcore-shared\Kitpymes.Core.Shared.Tests\bin\Release\netcoreapp3.0\Kitpymes.Core.Shared.Tests.dll" adapterTypeName="executor://mstestadapter/v2" className="Kitpymes.Core.Shared.Utilities.Tests.EnumsTests" name="ToList_Passing_ValidEnumTypeWithResourceType_Returns_ValuesList" />
    </UnitTest>
    <UnitTest name="ToDefaultValue_Passing_ulong_Returns_Cero" storage="d:\sferrari\01 - trabajo\repos\netcore\template-netcore-shared\kitpymes.core.shared.tests\bin\release\netcoreapp3.0\kitpymes.core.shared.tests.dll" id="b364b6e1-95a1-b398-9d67-82ff351b0e55">
      <Execution id="a9a55923-e2ff-4808-b029-ba07b03f6906" />
      <TestMethod codeBase="D:\SFERRARI\01 - TRABAJO\REPOS\netcore\template-netcore-shared\Kitpymes.Core.Shared.Tests\bin\Release\netcoreapp3.0\Kitpymes.Core.Shared.Tests.dll" adapterTypeName="executor://mstestadapter/v2" className="Kitpymes.Core.Shared.Extensions.Tests.GenericExtensionsTests" name="ToDefaultValue_Passing_ulong_Returns_Cero" />
    </UnitTest>
    <UnitTest name="ToHashAlgorithmName_Passing_InvalidValueString_Returns_Null" storage="d:\sferrari\01 - trabajo\repos\netcore\template-netcore-shared\kitpymes.core.shared.tests\bin\release\netcoreapp3.0\kitpymes.core.shared.tests.dll" id="3389c38d-b655-9e80-9e11-d73eb899bc2f">
      <Execution id="01006020-49d4-4ebe-b84e-89531fb655ef" />
      <TestMethod codeBase="D:\SFERRARI\01 - TRABAJO\REPOS\netcore\template-netcore-shared\Kitpymes.Core.Shared.Tests\bin\Release\netcoreapp3.0\Kitpymes.Core.Shared.Tests.dll" adapterTypeName="executor://mstestadapter/v2" className="Kitpymes.Core.Shared.Extensions.Tests.StringExtensionsTests" name="ToHashAlgorithmName_Passing_InvalidValueString_Returns_Null" />
    </UnitTest>
    <UnitTest name="ToMapClone_Passing_Source_Returns_New_Source_Object" storage="d:\sferrari\01 - trabajo\repos\netcore\template-netcore-shared\kitpymes.core.shared.tests\bin\release\netcoreapp3.0\kitpymes.core.shared.tests.dll" id="75454745-d8ee-9a85-64f5-1a730d7c60c8">
      <Execution id="4d6f92fa-42d1-428b-b13f-3f2384454774" />
      <TestMethod codeBase="D:\SFERRARI\01 - TRABAJO\REPOS\netcore\template-netcore-shared\Kitpymes.Core.Shared.Tests\bin\Release\netcoreapp3.0\Kitpymes.Core.Shared.Tests.dll" adapterTypeName="executor://mstestadapter/v2" className="Kitpymes.Core.Shared.Extensions.Tests.AgileMapperExtensionsTests" name="ToMapClone_Passing_Source_Returns_New_Source_Object" />
    </UnitTest>
    <UnitTest name="ToDefaultValue_Passing_float_Returns_Cero" storage="d:\sferrari\01 - trabajo\repos\netcore\template-netcore-shared\kitpymes.core.shared.tests\bin\release\netcoreapp3.0\kitpymes.core.shared.tests.dll" id="4eeb46d7-0fd7-2ce7-9820-7550d17b2498">
      <Execution id="815d8b12-d477-4eb6-9408-d0dfd4861f75" />
      <TestMethod codeBase="D:\SFERRARI\01 - TRABAJO\REPOS\netcore\template-netcore-shared\Kitpymes.Core.Shared.Tests\bin\Release\netcoreapp3.0\Kitpymes.Core.Shared.Tests.dll" adapterTypeName="executor://mstestadapter/v2" className="Kitpymes.Core.Shared.Extensions.Tests.GenericExtensionsTests" name="ToDefaultValue_Passing_float_Returns_Cero" />
    </UnitTest>
    <UnitTest name="ToDefaultValue_Passing_short_Returns_Cero" storage="d:\sferrari\01 - trabajo\repos\netcore\template-netcore-shared\kitpymes.core.shared.tests\bin\release\netcoreapp3.0\kitpymes.core.shared.tests.dll" id="5722059a-0037-40d7-d2be-e88e08495feb">
      <Execution id="8ec5edee-2096-4f1d-8eda-b19513bfbc45" />
      <TestMethod codeBase="D:\SFERRARI\01 - TRABAJO\REPOS\netcore\template-netcore-shared\Kitpymes.Core.Shared.Tests\bin\Release\netcoreapp3.0\Kitpymes.Core.Shared.Tests.dll" adapterTypeName="executor://mstestadapter/v2" className="Kitpymes.Core.Shared.Extensions.Tests.GenericExtensionsTests" name="ToDefaultValue_Passing_short_Returns_Cero" />
    </UnitTest>
    <UnitTest name="ToMessage_Passing_ExceptionWithMessageWithInnerException_Returns_MessageAndInnerException" storage="d:\sferrari\01 - trabajo\repos\netcore\template-netcore-shared\kitpymes.core.shared.tests\bin\release\netcoreapp3.0\kitpymes.core.shared.tests.dll" id="e28390c1-a8c4-3164-efb3-40e889682e52">
      <Execution id="b1d80ddc-53de-4f1f-871a-22d665e34e35" />
      <TestMethod codeBase="D:\SFERRARI\01 - TRABAJO\REPOS\netcore\template-netcore-shared\Kitpymes.Core.Shared.Tests\bin\Release\netcoreapp3.0\Kitpymes.Core.Shared.Tests.dll" adapterTypeName="executor://mstestadapter/v2" className="Kitpymes.Core.Shared.Extensions.Tests.ExceptionExtensionsTests" name="ToMessage_Passing_ExceptionWithMessageWithInnerException_Returns_MessageAndInnerException" />
    </UnitTest>
    <UnitTest name="ToDefaultValue_Passing_ValidBoolean_Returns_DefaultValue" storage="d:\sferrari\01 - trabajo\repos\netcore\template-netcore-shared\kitpymes.core.shared.tests\bin\release\netcoreapp3.0\kitpymes.core.shared.tests.dll" id="a5dec80b-87ef-2067-7969-8d0cded994a9">
      <Execution id="bb13092f-7515-43ca-8af9-ed9b683267c5" />
      <TestMethod codeBase="D:\SFERRARI\01 - TRABAJO\REPOS\netcore\template-netcore-shared\Kitpymes.Core.Shared.Tests\bin\Release\netcoreapp3.0\Kitpymes.Core.Shared.Tests.dll" adapterTypeName="executor://mstestadapter/v2" className="Kitpymes.Core.Shared.Extensions.Tests.TypeExtensionsTests" name="ToDefaultValue_Passing_ValidBoolean_Returns_DefaultValue" />
    </UnitTest>
    <UnitTest name="ToHasErrors_Passing_InvalidValue_Returns_ApplicationExceptionWithMessage" storage="d:\sferrari\01 - trabajo\repos\netcore\template-netcore-shared\kitpymes.core.shared.tests\bin\release\netcoreapp3.0\kitpymes.core.shared.tests.dll" id="af1744a8-849e-ce3d-974d-b0417a9e373e">
      <Execution id="e1199e3f-e608-4081-9e42-a4d804fbbe1d" />
      <TestMethod codeBase="D:\SFERRARI\01 - TRABAJO\REPOS\netcore\template-netcore-shared\Kitpymes.Core.Shared.Tests\bin\Release\netcoreapp3.0\Kitpymes.Core.Shared.Tests.dll" adapterTypeName="executor://mstestadapter/v2" className="Kitpymes.Core.Shared.Extensions.Tests.CheckExtensionsTests" name="ToHasErrors_Passing_InvalidValue_Returns_ApplicationExceptionWithMessage" />
    </UnitTest>
    <UnitTest name="ToTryGetHeader_Passing_HttpRequest_Header_Many_Values_Returns_Values" storage="d:\sferrari\01 - trabajo\repos\netcore\template-netcore-shared\kitpymes.core.shared.tests\bin\release\netcoreapp3.0\kitpymes.core.shared.tests.dll" id="eba1a61d-f982-44b3-3eb9-7f9cfe190c81">
      <Execution id="9955ce89-b6d8-471c-b66f-f5a414e106c3" />
      <TestMethod codeBase="D:\SFERRARI\01 - TRABAJO\REPOS\netcore\template-netcore-shared\Kitpymes.Core.Shared.Tests\bin\Release\netcoreapp3.0\Kitpymes.Core.Shared.Tests.dll" adapterTypeName="executor://mstestadapter/v2" className="Kitpymes.Core.Shared.Extensions.Tests.HttpRequestExtensionsTests" name="ToTryGetHeader_Passing_HttpRequest_Header_Many_Values_Returns_Values" />
    </UnitTest>
    <UnitTest name="ToBytes_Passing_Object_Returns_Bytes" storage="d:\sferrari\01 - trabajo\repos\netcore\template-netcore-shared\kitpymes.core.shared.tests\bin\release\netcoreapp3.0\kitpymes.core.shared.tests.dll" id="0ae7fb38-1179-d103-cf50-23ea40b835de">
      <Execution id="7585f1da-65ed-43fe-89e6-3af6cb62ffd8" />
      <TestMethod codeBase="D:\SFERRARI\01 - TRABAJO\REPOS\netcore\template-netcore-shared\Kitpymes.Core.Shared.Tests\bin\Release\netcoreapp3.0\Kitpymes.Core.Shared.Tests.dll" adapterTypeName="executor://mstestadapter/v2" className="Kitpymes.Core.Shared.Extensions.Tests.GenericExtensionsTests" name="ToBytes_Passing_Object_Returns_Bytes" />
    </UnitTest>
    <UnitTest name="ToEnvironment_ServiceCollection_Passing_Custom_Enviroment_Returns_Custom_Name" storage="d:\sferrari\01 - trabajo\repos\netcore\template-netcore-shared\kitpymes.core.shared.tests\bin\release\netcoreapp3.0\kitpymes.core.shared.tests.dll" id="4e99a60b-6bf7-950f-4a1b-2b8f6b265f33">
      <Execution id="ba2a1b10-32cd-47bd-ba55-b5114bf25d51" />
      <TestMethod codeBase="D:\SFERRARI\01 - TRABAJO\REPOS\netcore\template-netcore-shared\Kitpymes.Core.Shared.Tests\bin\Release\netcoreapp3.0\Kitpymes.Core.Shared.Tests.dll" adapterTypeName="executor://mstestadapter/v2" className="Kitpymes.Core.Shared.Extensions.Tests.ConfigurationBuilderExtensionsTests" name="ToEnvironment_ServiceCollection_Passing_Custom_Enviroment_Returns_Custom_Name" />
    </UnitTest>
    <UnitTest name="ToUri_Passing_ValidValueString_Returns_Uri" storage="d:\sferrari\01 - trabajo\repos\netcore\template-netcore-shared\kitpymes.core.shared.tests\bin\release\netcoreapp3.0\kitpymes.core.shared.tests.dll" id="b9f84f47-79ca-0306-391d-c23274e874c8">
      <Execution id="cb458fdb-1791-4521-a40a-5a0618ccaece" />
      <TestMethod codeBase="D:\SFERRARI\01 - TRABAJO\REPOS\netcore\template-netcore-shared\Kitpymes.Core.Shared.Tests\bin\Release\netcoreapp3.0\Kitpymes.Core.Shared.Tests.dll" adapterTypeName="executor://mstestadapter/v2" className="Kitpymes.Core.Shared.Extensions.Tests.StringExtensionsTests" name="ToUri_Passing_ValidValueString_Returns_Uri" />
    </UnitTest>
    <UnitTest name="ToNormalize_Passing_ValidValue_Returns_NormalizedValue" storage="d:\sferrari\01 - trabajo\repos\netcore\template-netcore-shared\kitpymes.core.shared.tests\bin\release\netcoreapp3.0\kitpymes.core.shared.tests.dll" id="d3221bd3-12e9-52c3-4c80-e3c9d166ae47">
      <Execution id="80a0b00c-a21c-455c-951e-a859abab1d4c" />
      <TestMethod codeBase="D:\SFERRARI\01 - TRABAJO\REPOS\netcore\template-netcore-shared\Kitpymes.Core.Shared.Tests\bin\Release\netcoreapp3.0\Kitpymes.Core.Shared.Tests.dll" adapterTypeName="executor://mstestadapter/v2" className="Kitpymes.Core.Shared.Extensions.Tests.StringExtensionsTests" name="ToNormalize_Passing_ValidValue_Returns_NormalizedValue" />
    </UnitTest>
    <UnitTest name="ToEnvironment_ServiceProvider_Passing_Development_Enviroment_Returns_Development_Name" storage="d:\sferrari\01 - trabajo\repos\netcore\template-netcore-shared\kitpymes.core.shared.tests\bin\release\netcoreapp3.0\kitpymes.core.shared.tests.dll" id="b3479f6d-f8c7-df3b-c065-73d385a9d648">
      <Execution id="af431cb2-1c59-4ff5-a7a3-d078eaa55801" />
      <TestMethod codeBase="D:\SFERRARI\01 - TRABAJO\REPOS\netcore\template-netcore-shared\Kitpymes.Core.Shared.Tests\bin\Release\netcoreapp3.0\Kitpymes.Core.Shared.Tests.dll" adapterTypeName="executor://mstestadapter/v2" className="Kitpymes.Core.Shared.Extensions.Tests.ConfigurationBuilderExtensionsTests" name="ToEnvironment_ServiceProvider_Passing_Development_Enviroment_Returns_Development_Name" />
    </UnitTest>
    <UnitTest name="ToGet_Passing_Claims_Returns_Claim_Value_String" storage="d:\sferrari\01 - trabajo\repos\netcore\template-netcore-shared\kitpymes.core.shared.tests\bin\release\netcoreapp3.0\kitpymes.core.shared.tests.dll" id="8302c17e-3ba6-2327-c5ad-8f91fdf4cf8c">
      <Execution id="944fd041-76bf-48d8-8cd6-04b2ac73b32c" />
      <TestMethod codeBase="D:\SFERRARI\01 - TRABAJO\REPOS\netcore\template-netcore-shared\Kitpymes.Core.Shared.Tests\bin\Release\netcoreapp3.0\Kitpymes.Core.Shared.Tests.dll" adapterTypeName="executor://mstestadapter/v2" className="Kitpymes.Core.Shared.Extensions.Tests.ClaimsPrincipalExtensionsTests" name="ToGet_Passing_Claims_Returns_Claim_Value_String" />
    </UnitTest>
    <UnitTest name="ToUserName_Passing_Null_ClaimsPrincipal_Returns_ApplicationException" storage="d:\sferrari\01 - trabajo\repos\netcore\template-netcore-shared\kitpymes.core.shared.tests\bin\release\netcoreapp3.0\kitpymes.core.shared.tests.dll" id="01155794-50c3-cf3c-83bd-404dcbf5f477">
      <Execution id="800a7528-34a0-4409-8e83-90d5e747802c" />
      <TestMethod codeBase="D:\SFERRARI\01 - TRABAJO\REPOS\netcore\template-netcore-shared\Kitpymes.Core.Shared.Tests\bin\Release\netcoreapp3.0\Kitpymes.Core.Shared.Tests.dll" adapterTypeName="executor://mstestadapter/v2" className="Kitpymes.Core.Shared.Extensions.Tests.ClaimsPrincipalExtensionsTests" name="ToUserName_Passing_Null_ClaimsPrincipal_Returns_ApplicationException" />
    </UnitTest>
    <UnitTest name="ToMapList_Passing_Source_Type_And_Destination_Type_Returns_Destination_Object_List" storage="d:\sferrari\01 - trabajo\repos\netcore\template-netcore-shared\kitpymes.core.shared.tests\bin\release\netcoreapp3.0\kitpymes.core.shared.tests.dll" id="eae1f61b-b06a-0f91-1dd4-e916caad0d14">
      <Execution id="34200b0a-408a-4812-9fe1-9b6a160f5823" />
      <TestMethod codeBase="D:\SFERRARI\01 - TRABAJO\REPOS\netcore\template-netcore-shared\Kitpymes.Core.Shared.Tests\bin\Release\netcoreapp3.0\Kitpymes.Core.Shared.Tests.dll" adapterTypeName="executor://mstestadapter/v2" className="Kitpymes.Core.Shared.Extensions.Tests.AgileMapperExtensionsTests" name="ToMapList_Passing_Source_Type_And_Destination_Type_Returns_Destination_Object_List" />
    </UnitTest>
    <UnitTest name="ToDirectoryReadFileAsync_Passing_ValidValue_Returns_False" storage="d:\sferrari\01 - trabajo\repos\netcore\template-netcore-shared\kitpymes.core.shared.tests\bin\release\netcoreapp3.0\kitpymes.core.shared.tests.dll" id="af3d8df7-f17a-d1c0-d18e-19b304f044e1">
      <Execution id="5d05093c-5a11-4bb9-a2fe-33075ef2ddcc" />
      <TestMethod codeBase="D:\SFERRARI\01 - TRABAJO\REPOS\netcore\template-netcore-shared\Kitpymes.Core.Shared.Tests\bin\Release\netcoreapp3.0\Kitpymes.Core.Shared.Tests.dll" adapterTypeName="executor://mstestadapter/v2" className="Kitpymes.Core.Shared.Extensions.Tests.StringExtensionsTests" name="ToDirectoryReadFileAsync_Passing_ValidValue_Returns_False" />
    </UnitTest>
    <UnitTest name="ToIsFileExtensionThrow_Passing_InvalidValue_Returns_ApplicationExceptionWithMessage" storage="d:\sferrari\01 - trabajo\repos\netcore\template-netcore-shared\kitpymes.core.shared.tests\bin\release\netcoreapp3.0\kitpymes.core.shared.tests.dll" id="f95774c2-c6e8-8303-22f0-76ce5690e20c">
      <Execution id="2ec8c0ce-e618-4442-a276-ced9eaebefd9" />
      <TestMethod codeBase="D:\SFERRARI\01 - TRABAJO\REPOS\netcore\template-netcore-shared\Kitpymes.Core.Shared.Tests\bin\Release\netcoreapp3.0\Kitpymes.Core.Shared.Tests.dll" adapterTypeName="executor://mstestadapter/v2" className="Kitpymes.Core.Shared.Extensions.Tests.CheckExtensionsTests" name="ToIsFileExtensionThrow_Passing_InvalidValue_Returns_ApplicationExceptionWithMessage" />
    </UnitTest>
    <UnitTest name="ToEmailMaskUserNameAndDomain_Passing_ValidEmail_Returns_EmailWithMask" storage="d:\sferrari\01 - trabajo\repos\netcore\template-netcore-shared\kitpymes.core.shared.tests\bin\release\netcoreapp3.0\kitpymes.core.shared.tests.dll" id="46b6f1f8-c604-191d-d990-242ae535cd55">
      <Execution id="acd9472b-71c6-44ed-8362-0694374cb2ba" />
      <TestMethod codeBase="D:\SFERRARI\01 - TRABAJO\REPOS\netcore\template-netcore-shared\Kitpymes.Core.Shared.Tests\bin\Release\netcoreapp3.0\Kitpymes.Core.Shared.Tests.dll" adapterTypeName="executor://mstestadapter/v2" className="Kitpymes.Core.Shared.Extensions.Tests.StringExtensionsTests" name="ToEmailMaskUserNameAndDomain_Passing_ValidEmail_Returns_EmailWithMask" />
    </UnitTest>
    <UnitTest name="ToWhere_Passing_Null_Predicate_Returns_Same_List" storage="d:\sferrari\01 - trabajo\repos\netcore\template-netcore-shared\kitpymes.core.shared.tests\bin\release\netcoreapp3.0\kitpymes.core.shared.tests.dll" id="08a6c381-273c-f305-1814-942595d17f78">
      <Execution id="3c9f60ac-c674-42aa-8873-b7f9bff51360" />
      <TestMethod codeBase="D:\SFERRARI\01 - TRABAJO\REPOS\netcore\template-netcore-shared\Kitpymes.Core.Shared.Tests\bin\Release\netcoreapp3.0\Kitpymes.Core.Shared.Tests.dll" adapterTypeName="executor://mstestadapter/v2" className="Kitpymes.Core.Shared.Extensions.Tests.QueryableExtensionsTests" name="ToWhere_Passing_Null_Predicate_Returns_Same_List" />
    </UnitTest>
    <UnitTest name="ToPaged_Passing_Name_Ascending_Order_Returns_Filter_List" storage="d:\sferrari\01 - trabajo\repos\netcore\template-netcore-shared\kitpymes.core.shared.tests\bin\release\netcoreapp3.0\kitpymes.core.shared.tests.dll" id="560a86ee-dc59-f780-1c4a-62ca7b8dff22">
      <Execution id="647e626b-b7ae-4835-89ed-eb6a761c0441" />
      <TestMethod codeBase="D:\SFERRARI\01 - TRABAJO\REPOS\netcore\template-netcore-shared\Kitpymes.Core.Shared.Tests\bin\Release\netcoreapp3.0\Kitpymes.Core.Shared.Tests.dll" adapterTypeName="executor://mstestadapter/v2" className="Kitpymes.Core.Shared.Extensions.Tests.QueryableExtensionsTests" name="ToPaged_Passing_Name_Ascending_Order_Returns_Filter_List" />
    </UnitTest>
    <UnitTest name="ToSetTime_Passing_Time_Int_Returns_DateTime" storage="d:\sferrari\01 - trabajo\repos\netcore\template-netcore-shared\kitpymes.core.shared.tests\bin\release\netcoreapp3.0\kitpymes.core.shared.tests.dll" id="bb0e34b2-8f1e-f1b3-c8b8-34849b6a2f1a">
      <Execution id="24545826-727f-446e-b6a3-b63c3a23576d" />
      <TestMethod codeBase="D:\SFERRARI\01 - TRABAJO\REPOS\netcore\template-netcore-shared\Kitpymes.Core.Shared.Tests\bin\Release\netcoreapp3.0\Kitpymes.Core.Shared.Tests.dll" adapterTypeName="executor://mstestadapter/v2" className="Kitpymes.Core.Shared.Extensions.Tests.DateTimeExtensionsTests" name="ToSetTime_Passing_Time_Int_Returns_DateTime" />
    </UnitTest>
    <UnitTest name="IsFileExtension_Passing_InvalidArguments_Returns_HasErrorsAndCount" storage="d:\sferrari\01 - trabajo\repos\netcore\template-netcore-shared\kitpymes.core.shared.tests\bin\release\netcoreapp3.0\kitpymes.core.shared.tests.dll" id="de1c2b64-dcd4-eabe-6a9b-0e14bb2434e3">
      <Execution id="555ca5b1-7a9e-493f-9d24-c7c773e8ab57" />
      <TestMethod codeBase="D:\SFERRARI\01 - TRABAJO\REPOS\netcore\template-netcore-shared\Kitpymes.Core.Shared.Tests\bin\Release\netcoreapp3.0\Kitpymes.Core.Shared.Tests.dll" adapterTypeName="executor://mstestadapter/v2" className="Kitpymes.Core.Shared.Utilities.Tests.CheckTests" name="IsFileExtension_Passing_InvalidArguments_Returns_HasErrorsAndCount" />
    </UnitTest>
    <UnitTest name="ToEnum_Passing_InvalidValueInt_Returns_EnumDefaultValue" storage="d:\sferrari\01 - trabajo\repos\netcore\template-netcore-shared\kitpymes.core.shared.tests\bin\release\netcoreapp3.0\kitpymes.core.shared.tests.dll" id="b4229bc5-5fde-fcc2-17b7-755e30616eb2">
      <Execution id="c4918d17-ba61-4dda-be7e-bef37a7baf80" />
      <TestMethod codeBase="D:\SFERRARI\01 - TRABAJO\REPOS\netcore\template-netcore-shared\Kitpymes.Core.Shared.Tests\bin\Release\netcoreapp3.0\Kitpymes.Core.Shared.Tests.dll" adapterTypeName="executor://mstestadapter/v2" className="Kitpymes.Core.Shared.Extensions.Tests.StringExtensionsTests" name="ToEnum_Passing_InvalidValueInt_Returns_EnumDefaultValue" />
    </UnitTest>
    <UnitTest name="ToDictionaryPropertyInfo_Passing_Object_IncludeNullOrEmptyProperty_Returns_Properties_NameAndValue_Dictionary" storage="d:\sferrari\01 - trabajo\repos\netcore\template-netcore-shared\kitpymes.core.shared.tests\bin\release\netcoreapp3.0\kitpymes.core.shared.tests.dll" id="3066f1db-7c80-5b09-c292-a297daae00f6">
      <Execution id="804fc5ff-5b62-4405-9da8-91a8465d5481" />
      <TestMethod codeBase="D:\SFERRARI\01 - TRABAJO\REPOS\netcore\template-netcore-shared\Kitpymes.Core.Shared.Tests\bin\Release\netcoreapp3.0\Kitpymes.Core.Shared.Tests.dll" adapterTypeName="executor://mstestadapter/v2" className="Kitpymes.Core.Shared.Extensions.Tests.GenericExtensionsTests" name="ToDictionaryPropertyInfo_Passing_Object_IncludeNullOrEmptyProperty_Returns_Properties_NameAndValue_Dictionary" />
    </UnitTest>
    <UnitTest name="ToIPv6_Passing_HttpContext_IP_Value_Returns_IP" storage="d:\sferrari\01 - trabajo\repos\netcore\template-netcore-shared\kitpymes.core.shared.tests\bin\release\netcoreapp3.0\kitpymes.core.shared.tests.dll" id="2d241e2f-55e8-e31f-9820-142e3d5becdf">
      <Execution id="242cd562-440e-483c-b335-14489a73edac" />
      <TestMethod codeBase="D:\SFERRARI\01 - TRABAJO\REPOS\netcore\template-netcore-shared\Kitpymes.Core.Shared.Tests\bin\Release\netcoreapp3.0\Kitpymes.Core.Shared.Tests.dll" adapterTypeName="executor://mstestadapter/v2" className="Kitpymes.Core.Shared.Extensions.Tests.HttpContextExtensionsTests" name="ToIPv6_Passing_HttpContext_IP_Value_Returns_IP" />
    </UnitTest>
    <UnitTest name="ToWhere_Passing_Valid_Predicate_Returns_Filter_List" storage="d:\sferrari\01 - trabajo\repos\netcore\template-netcore-shared\kitpymes.core.shared.tests\bin\release\netcoreapp3.0\kitpymes.core.shared.tests.dll" id="cc5867c1-3959-a3e7-d05d-9d901dd30f40">
      <Execution id="e5f87105-c092-473a-8198-4f4eb9feb272" />
      <TestMethod codeBase="D:\SFERRARI\01 - TRABAJO\REPOS\netcore\template-netcore-shared\Kitpymes.Core.Shared.Tests\bin\Release\netcoreapp3.0\Kitpymes.Core.Shared.Tests.dll" adapterTypeName="executor://mstestadapter/v2" className="Kitpymes.Core.Shared.Extensions.Tests.QueryableExtensionsTests" name="ToWhere_Passing_Valid_Predicate_Returns_Filter_List" />
    </UnitTest>
    <UnitTest name="ToFirstLetterUpper_Passing_ValidValue_Returns_StringWithFirstLetterUpper" storage="d:\sferrari\01 - trabajo\repos\netcore\template-netcore-shared\kitpymes.core.shared.tests\bin\release\netcoreapp3.0\kitpymes.core.shared.tests.dll" id="b909c08c-eb87-b106-dd22-e1f2f16755b3">
      <Execution id="cc05c1da-2d98-49a3-9e15-0d0c5d314fe6" />
      <TestMethod codeBase="D:\SFERRARI\01 - TRABAJO\REPOS\netcore\template-netcore-shared\Kitpymes.Core.Shared.Tests\bin\Release\netcoreapp3.0\Kitpymes.Core.Shared.Tests.dll" adapterTypeName="executor://mstestadapter/v2" className="Kitpymes.Core.Shared.Extensions.Tests.StringExtensionsTests" name="ToFirstLetterUpper_Passing_ValidValue_Returns_StringWithFirstLetterUpper" />
    </UnitTest>
    <UnitTest name="ToDefaultValue_Passing_int_Returns_Cero" storage="d:\sferrari\01 - trabajo\repos\netcore\template-netcore-shared\kitpymes.core.shared.tests\bin\release\netcoreapp3.0\kitpymes.core.shared.tests.dll" id="3e7a011d-8b5d-0fe1-8499-60df22ec1622">
      <Execution id="f9c4e927-4206-4560-826d-8dd0e0601211" />
      <TestMethod codeBase="D:\SFERRARI\01 - TRABAJO\REPOS\netcore\template-netcore-shared\Kitpymes.Core.Shared.Tests\bin\Release\netcoreapp3.0\Kitpymes.Core.Shared.Tests.dll" adapterTypeName="executor://mstestadapter/v2" className="Kitpymes.Core.Shared.Extensions.Tests.GenericExtensionsTests" name="ToDefaultValue_Passing_int_Returns_Cero" />
    </UnitTest>
    <UnitTest name="ToMapNew_Passing_TDestination_Returns_New_Destination_Object" storage="d:\sferrari\01 - trabajo\repos\netcore\template-netcore-shared\kitpymes.core.shared.tests\bin\release\netcoreapp3.0\kitpymes.core.shared.tests.dll" id="20272610-5df8-0a8d-c8c1-0c00a7b4257b">
      <Execution id="d6d8d996-7574-439e-9b3b-1afab43fb412" />
      <TestMethod codeBase="D:\SFERRARI\01 - TRABAJO\REPOS\netcore\template-netcore-shared\Kitpymes.Core.Shared.Tests\bin\Release\netcoreapp3.0\Kitpymes.Core.Shared.Tests.dll" adapterTypeName="executor://mstestadapter/v2" className="Kitpymes.Core.Shared.Extensions.Tests.AgileMapperExtensionsTests" name="ToMapNew_Passing_TDestination_Returns_New_Destination_Object" />
    </UnitTest>
    <UnitTest name="ToExists_Passing_NotFound_Service_Returns_False" storage="d:\sferrari\01 - trabajo\repos\netcore\template-netcore-shared\kitpymes.core.shared.tests\bin\release\netcoreapp3.0\kitpymes.core.shared.tests.dll" id="8b6ffba5-03c6-3d4c-b745-d27bcc21e317">
      <Execution id="4f0efa5b-a8a6-4855-9cf8-5d27748acc23" />
      <TestMethod codeBase="D:\SFERRARI\01 - TRABAJO\REPOS\netcore\template-netcore-shared\Kitpymes.Core.Shared.Tests\bin\Release\netcoreapp3.0\Kitpymes.Core.Shared.Tests.dll" adapterTypeName="executor://mstestadapter/v2" className="Kitpymes.Core.Shared.Extensions.Tests.ConfigurationBuilderExtensionsTests" name="ToExists_Passing_NotFound_Service_Returns_False" />
    </UnitTest>
    <UnitTest name="ToUri_Passing_InvalidValueString_Returns_Null" storage="d:\sferrari\01 - trabajo\repos\netcore\template-netcore-shared\kitpymes.core.shared.tests\bin\release\netcoreapp3.0\kitpymes.core.shared.tests.dll" id="d3667b30-e61c-9dbb-f1a9-264e82d98be5">
      <Execution id="a5d864ee-593e-47f1-822c-d3978d122ec9" />
      <TestMethod codeBase="D:\SFERRARI\01 - TRABAJO\REPOS\netcore\template-netcore-shared\Kitpymes.Core.Shared.Tests\bin\Release\netcoreapp3.0\Kitpymes.Core.Shared.Tests.dll" adapterTypeName="executor://mstestadapter/v2" className="Kitpymes.Core.Shared.Extensions.Tests.StringExtensionsTests" name="ToUri_Passing_InvalidValueString_Returns_Null" />
    </UnitTest>
    <UnitTest name="ToGetAll_Passing_Claims_Returns_Claim_Value_Object_List" storage="d:\sferrari\01 - trabajo\repos\netcore\template-netcore-shared\kitpymes.core.shared.tests\bin\release\netcoreapp3.0\kitpymes.core.shared.tests.dll" id="f01f6290-de81-a8e8-03a0-3dc388640afd">
      <Execution id="e7320205-482a-41e1-a94a-cecb052c8ffe" />
      <TestMethod codeBase="D:\SFERRARI\01 - TRABAJO\REPOS\netcore\template-netcore-shared\Kitpymes.Core.Shared.Tests\bin\Release\netcoreapp3.0\Kitpymes.Core.Shared.Tests.dll" adapterTypeName="executor://mstestadapter/v2" className="Kitpymes.Core.Shared.Extensions.Tests.ClaimsPrincipalExtensionsTests" name="ToGetAll_Passing_Claims_Returns_Claim_Value_Object_List" />
    </UnitTest>
    <UnitTest name="ToExists_Passing_Valid_Service_Returns_True" storage="d:\sferrari\01 - trabajo\repos\netcore\template-netcore-shared\kitpymes.core.shared.tests\bin\release\netcoreapp3.0\kitpymes.core.shared.tests.dll" id="4bf0f413-f9ef-c999-4803-90670b733630">
      <Execution id="48c7cc4f-5436-416e-8c2e-09a5340bb405" />
      <TestMethod codeBase="D:\SFERRARI\01 - TRABAJO\REPOS\netcore\template-netcore-shared\Kitpymes.Core.Shared.Tests\bin\Release\netcoreapp3.0\Kitpymes.Core.Shared.Tests.dll" adapterTypeName="executor://mstestadapter/v2" className="Kitpymes.Core.Shared.Extensions.Tests.ApplicationBuilderExtensionsTests" name="ToExists_Passing_Valid_Service_Returns_True" />
    </UnitTest>
    <UnitTest name="ToConfiguration_Passing_Valid_DirectoryPath_Valid_JsonFileName_Returns_Ok" storage="d:\sferrari\01 - trabajo\repos\netcore\template-netcore-shared\kitpymes.core.shared.tests\bin\release\netcoreapp3.0\kitpymes.core.shared.tests.dll" id="9cc81af3-a804-7f80-c1ad-5fdf5e5384a7">
      <Execution id="0ccc45c4-92f1-4f1c-ad19-f7d755a06d73" />
      <TestMethod codeBase="D:\SFERRARI\01 - TRABAJO\REPOS\netcore\template-netcore-shared\Kitpymes.Core.Shared.Tests\bin\Release\netcoreapp3.0\Kitpymes.Core.Shared.Tests.dll" adapterTypeName="executor://mstestadapter/v2" className="Kitpymes.Core.Shared.Extensions.Tests.ConfigurationBuilderExtensionsTests" name="ToConfiguration_Passing_Valid_DirectoryPath_Valid_JsonFileName_Returns_Ok" />
    </UnitTest>
    <UnitTest name="ToIsWeekend_Passing_Friday_DateTime_Returns_False" storage="d:\sferrari\01 - trabajo\repos\netcore\template-netcore-shared\kitpymes.core.shared.tests\bin\release\netcoreapp3.0\kitpymes.core.shared.tests.dll" id="a3844f97-b72a-2fb2-6c61-6f430a6058b8">
      <Execution id="b3192b36-d2f4-43ec-bd51-195af54d4de4" />
      <TestMethod codeBase="D:\SFERRARI\01 - TRABAJO\REPOS\netcore\template-netcore-shared\Kitpymes.Core.Shared.Tests\bin\Release\netcoreapp3.0\Kitpymes.Core.Shared.Tests.dll" adapterTypeName="executor://mstestadapter/v2" className="Kitpymes.Core.Shared.Extensions.Tests.DateTimeExtensionsTests" name="ToIsWeekend_Passing_Friday_DateTime_Returns_False" />
    </UnitTest>
    <UnitTest name="ToPaged_Passing_Age_Descending_Order_Returns_Filter_List" storage="d:\sferrari\01 - trabajo\repos\netcore\template-netcore-shared\kitpymes.core.shared.tests\bin\release\netcoreapp3.0\kitpymes.core.shared.tests.dll" id="3c2e7403-ec73-4e6b-a215-dbda78d61173">
      <Execution id="3fbf74fb-2a20-476b-b294-68cd202e56d6" />
      <TestMethod codeBase="D:\SFERRARI\01 - TRABAJO\REPOS\netcore\template-netcore-shared\Kitpymes.Core.Shared.Tests\bin\Release\netcoreapp3.0\Kitpymes.Core.Shared.Tests.dll" adapterTypeName="executor://mstestadapter/v2" className="Kitpymes.Core.Shared.Extensions.Tests.QueryableExtensionsTests" name="ToPaged_Passing_Age_Descending_Order_Returns_Filter_List" />
    </UnitTest>
    <UnitTest name="ToAge_Passing_Birthday_DateTime_Returns_Age" storage="d:\sferrari\01 - trabajo\repos\netcore\template-netcore-shared\kitpymes.core.shared.tests\bin\release\netcoreapp3.0\kitpymes.core.shared.tests.dll" id="71da8626-9685-042d-5f97-2191d17c7e4f">
      <Execution id="13f28262-3cc7-482f-a746-63de4bbd26ad" />
      <TestMethod codeBase="D:\SFERRARI\01 - TRABAJO\REPOS\netcore\template-netcore-shared\Kitpymes.Core.Shared.Tests\bin\Release\netcoreapp3.0\Kitpymes.Core.Shared.Tests.dll" adapterTypeName="executor://mstestadapter/v2" className="Kitpymes.Core.Shared.Extensions.Tests.DateTimeExtensionsTests" name="ToAge_Passing_Birthday_DateTime_Returns_Age" />
    </UnitTest>
    <UnitTest name="ToIsNullOrAnyThrow_Passing_InvalidValue_Returns_ApplicationExceptionWithMessage" storage="d:\sferrari\01 - trabajo\repos\netcore\template-netcore-shared\kitpymes.core.shared.tests\bin\release\netcoreapp3.0\kitpymes.core.shared.tests.dll" id="86fd91be-db2c-5b9a-ddce-dbbd44a65707">
      <Execution id="209c2fce-8599-447e-a464-03fd7eea95ff" />
      <TestMethod codeBase="D:\SFERRARI\01 - TRABAJO\REPOS\netcore\template-netcore-shared\Kitpymes.Core.Shared.Tests\bin\Release\netcoreapp3.0\Kitpymes.Core.Shared.Tests.dll" adapterTypeName="executor://mstestadapter/v2" className="Kitpymes.Core.Shared.Extensions.Tests.CheckExtensionsTests" name="ToIsNullOrAnyThrow_Passing_InvalidValue_Returns_ApplicationExceptionWithMessage" />
    </UnitTest>
    <UnitTest name="ToReplace_Passing_ValidValue_Returns_ReplacedValue" storage="d:\sferrari\01 - trabajo\repos\netcore\template-netcore-shared\kitpymes.core.shared.tests\bin\release\netcoreapp3.0\kitpymes.core.shared.tests.dll" id="5048c570-de27-b3d3-28a2-690633623350">
      <Execution id="ceb4b9a9-9fa8-4488-bcef-38c6a2bba122" />
      <TestMethod codeBase="D:\SFERRARI\01 - TRABAJO\REPOS\netcore\template-netcore-shared\Kitpymes.Core.Shared.Tests\bin\Release\netcoreapp3.0\Kitpymes.Core.Shared.Tests.dll" adapterTypeName="executor://mstestadapter/v2" className="Kitpymes.Core.Shared.Extensions.Tests.StringExtensionsTests" name="ToReplace_Passing_ValidValue_Returns_ReplacedValue" />
    </UnitTest>
    <UnitTest name="ToGetAll_Passing_Claims_Returns_Claim_Value_Int_List" storage="d:\sferrari\01 - trabajo\repos\netcore\template-netcore-shared\kitpymes.core.shared.tests\bin\release\netcoreapp3.0\kitpymes.core.shared.tests.dll" id="27b96ec3-5681-5842-c623-6a591e60fa20">
      <Execution id="00eb6035-0e23-415b-a290-f19b5556a5cd" />
      <TestMethod codeBase="D:\SFERRARI\01 - TRABAJO\REPOS\netcore\template-netcore-shared\Kitpymes.Core.Shared.Tests\bin\Release\netcoreapp3.0\Kitpymes.Core.Shared.Tests.dll" adapterTypeName="executor://mstestadapter/v2" className="Kitpymes.Core.Shared.Extensions.Tests.ClaimsPrincipalExtensionsTests" name="ToGetAll_Passing_Claims_Returns_Claim_Value_Int_List" />
    </UnitTest>
    <UnitTest name="ToDefaultValue_Passing_ValidInt_Returns_DefaultValue" storage="d:\sferrari\01 - trabajo\repos\netcore\template-netcore-shared\kitpymes.core.shared.tests\bin\release\netcoreapp3.0\kitpymes.core.shared.tests.dll" id="66126afc-69ba-08e2-3b9f-64ff9f45fc60">
      <Execution id="d943b2ff-149d-4e66-8bd9-fb6e964ed961" />
      <TestMethod codeBase="D:\SFERRARI\01 - TRABAJO\REPOS\netcore\template-netcore-shared\Kitpymes.Core.Shared.Tests\bin\Release\netcoreapp3.0\Kitpymes.Core.Shared.Tests.dll" adapterTypeName="executor://mstestadapter/v2" className="Kitpymes.Core.Shared.Extensions.Tests.TypeExtensionsTests" name="ToDefaultValue_Passing_ValidInt_Returns_DefaultValue" />
    </UnitTest>
    <UnitTest name="IsLess_Passing_InvalidArguments_Returns_HasErrorsAndCount" storage="d:\sferrari\01 - trabajo\repos\netcore\template-netcore-shared\kitpymes.core.shared.tests\bin\release\netcoreapp3.0\kitpymes.core.shared.tests.dll" id="d5a24398-84ec-388f-59a6-8e6575d181fe">
      <Execution id="a11c7b43-c2d0-48c8-bde1-37c54ceb2cb7" />
      <TestMethod codeBase="D:\SFERRARI\01 - TRABAJO\REPOS\netcore\template-netcore-shared\Kitpymes.Core.Shared.Tests\bin\Release\netcoreapp3.0\Kitpymes.Core.Shared.Tests.dll" adapterTypeName="executor://mstestadapter/v2" className="Kitpymes.Core.Shared.Utilities.Tests.CheckTests" name="IsLess_Passing_InvalidArguments_Returns_HasErrorsAndCount" />
    </UnitTest>
    <UnitTest name="ToEnvironment_Passing_Staging_Enviroment_Returns_Staging_Name" storage="d:\sferrari\01 - trabajo\repos\netcore\template-netcore-shared\kitpymes.core.shared.tests\bin\release\netcoreapp3.0\kitpymes.core.shared.tests.dll" id="4ae6b7cd-9dd5-3ec7-39db-6ff6393cadf3">
      <Execution id="95e6ad2b-01ef-4587-bb18-1362805770d9" />
      <TestMethod codeBase="D:\SFERRARI\01 - TRABAJO\REPOS\netcore\template-netcore-shared\Kitpymes.Core.Shared.Tests\bin\Release\netcoreapp3.0\Kitpymes.Core.Shared.Tests.dll" adapterTypeName="executor://mstestadapter/v2" className="Kitpymes.Core.Shared.Extensions.Tests.ApplicationBuilderExtensionsTests" name="ToEnvironment_Passing_Staging_Enviroment_Returns_Staging_Name" />
    </UnitTest>
    <UnitTest name="IsSubdomain_Passing_InvalidArguments_Returns_HasErrorsAndCount" storage="d:\sferrari\01 - trabajo\repos\netcore\template-netcore-shared\kitpymes.core.shared.tests\bin\release\netcoreapp3.0\kitpymes.core.shared.tests.dll" id="0d50ac65-fe21-25e2-755d-cf669c4b11b7">
      <Execution id="387ba10c-ed00-4828-8661-233509eaad9a" />
      <TestMethod codeBase="D:\SFERRARI\01 - TRABAJO\REPOS\netcore\template-netcore-shared\Kitpymes.Core.Shared.Tests\bin\Release\netcoreapp3.0\Kitpymes.Core.Shared.Tests.dll" adapterTypeName="executor://mstestadapter/v2" className="Kitpymes.Core.Shared.Utilities.Tests.CheckTests" name="IsSubdomain_Passing_InvalidArguments_Returns_HasErrorsAndCount" />
    </UnitTest>
    <UnitTest name="ToStringFormat_Passing_ValidValue_Returns_ValueWithoutRemovedChars" storage="d:\sferrari\01 - trabajo\repos\netcore\template-netcore-shared\kitpymes.core.shared.tests\bin\release\netcoreapp3.0\kitpymes.core.shared.tests.dll" id="469546fd-9999-6f48-8f07-6eaa77c54e42">
      <Execution id="227823fd-3b4f-4583-af28-09635c880a46" />
      <TestMethod codeBase="D:\SFERRARI\01 - TRABAJO\REPOS\netcore\template-netcore-shared\Kitpymes.Core.Shared.Tests\bin\Release\netcoreapp3.0\Kitpymes.Core.Shared.Tests.dll" adapterTypeName="executor://mstestadapter/v2" className="Kitpymes.Core.Shared.Extensions.Tests.IntegerExtensionsTests" name="ToStringFormat_Passing_ValidValue_Returns_ValueWithoutRemovedChars" />
    </UnitTest>
  </TestDefinitions>
  <TestEntries>
    <TestEntry testId="c5b98f4d-a079-91b0-cf81-5ecc58989382" executionId="33bde476-8850-4904-8494-fd28c3166b8a" testListId="8c84fa94-04c1-424b-9868-57a2d4851a1d" />
    <TestEntry testId="b3479f6d-f8c7-df3b-c065-73d385a9d648" executionId="af431cb2-1c59-4ff5-a7a3-d078eaa55801" testListId="8c84fa94-04c1-424b-9868-57a2d4851a1d" />
    <TestEntry testId="a479c80b-2fac-1e97-0804-34800f2ff63b" executionId="279cfafc-1a4f-40ce-9d33-0c115ac60e73" testListId="8c84fa94-04c1-424b-9868-57a2d4851a1d" />
    <TestEntry testId="94f16998-db16-c9fb-bd7f-eaea1e16045e" executionId="9b974440-5ecf-4a79-85bc-a6575a07c590" testListId="8c84fa94-04c1-424b-9868-57a2d4851a1d" />
    <TestEntry testId="f6bac370-e1b2-a2d3-04a7-3cad393e0988" executionId="7a215ae0-0416-456a-8fc6-bade5a0d34dc" testListId="8c84fa94-04c1-424b-9868-57a2d4851a1d" />
    <TestEntry testId="d2b536b6-91b7-3a37-81e1-52a8ffae44ff" executionId="d69c9914-1fb6-483f-bbf7-6e7780b91558" testListId="8c84fa94-04c1-424b-9868-57a2d4851a1d" />
    <TestEntry testId="8041f467-4985-86e2-e530-ff004545ed9e" executionId="93fd1747-da97-405e-8f31-3aebdb37938d" testListId="8c84fa94-04c1-424b-9868-57a2d4851a1d" />
    <TestEntry testId="b59b01dd-125a-5c10-1264-3a87adcb7c38" executionId="0875e73e-6b73-4f7b-8e88-a2dd9ef66987" testListId="8c84fa94-04c1-424b-9868-57a2d4851a1d" />
    <TestEntry testId="9ccf9ae6-5796-4cd4-1252-88e5642d6b7c" executionId="29ddaa2f-5dc4-482a-9885-5f62757a7134" testListId="8c84fa94-04c1-424b-9868-57a2d4851a1d" />
    <TestEntry testId="d3221bd3-12e9-52c3-4c80-e3c9d166ae47" executionId="80a0b00c-a21c-455c-951e-a859abab1d4c" testListId="8c84fa94-04c1-424b-9868-57a2d4851a1d" />
    <TestEntry testId="0d50ac65-fe21-25e2-755d-cf669c4b11b7" executionId="387ba10c-ed00-4828-8661-233509eaad9a" testListId="8c84fa94-04c1-424b-9868-57a2d4851a1d" />
    <TestEntry testId="94245856-9b78-14bb-2905-2035e994d0d9" executionId="f6e02b1f-ebc4-463a-979d-62bac42900fd" testListId="8c84fa94-04c1-424b-9868-57a2d4851a1d" />
    <TestEntry testId="8753b945-3021-c959-7cc0-4647f9a71041" executionId="ef863348-e86f-4d09-ba3b-e829e57c80d6" testListId="8c84fa94-04c1-424b-9868-57a2d4851a1d" />
    <TestEntry testId="2761ce79-4c5e-006c-8199-c0c2a39fb318" executionId="46b2f01f-ce24-4a93-a457-aea6851076fc" testListId="8c84fa94-04c1-424b-9868-57a2d4851a1d" />
    <TestEntry testId="4a38c3cf-0cae-05a0-9e46-68686a986425" executionId="da37c854-442c-467d-90c8-c23b010d663b" testListId="8c84fa94-04c1-424b-9868-57a2d4851a1d" />
    <TestEntry testId="d295464f-a17a-f539-e79a-d6f523fcf49e" executionId="0b725e17-3501-43b9-a5f6-6c1c0054890d" testListId="8c84fa94-04c1-424b-9868-57a2d4851a1d" />
    <TestEntry testId="f12b1480-1a2c-e6b2-a7d5-e18e3051e76a" executionId="88ab41ad-efba-4b2d-b474-b67cb81ccc15" testListId="8c84fa94-04c1-424b-9868-57a2d4851a1d" />
    <TestEntry testId="d3667b30-e61c-9dbb-f1a9-264e82d98be5" executionId="a5d864ee-593e-47f1-822c-d3978d122ec9" testListId="8c84fa94-04c1-424b-9868-57a2d4851a1d" />
    <TestEntry testId="27b96ec3-5681-5842-c623-6a591e60fa20" executionId="00eb6035-0e23-415b-a290-f19b5556a5cd" testListId="8c84fa94-04c1-424b-9868-57a2d4851a1d" />
    <TestEntry testId="14185e7c-324a-518a-7989-87f2ea285719" executionId="a2b89ac7-a1d1-46e5-9069-d3ca43c079a5" testListId="8c84fa94-04c1-424b-9868-57a2d4851a1d" />
    <TestEntry testId="6a38239d-855c-a5eb-59db-53dcbc789347" executionId="5b2162a6-7e62-4367-a90a-f82b647093c0" testListId="8c84fa94-04c1-424b-9868-57a2d4851a1d" />
    <TestEntry testId="97ac32f0-aa09-7e98-7ba4-4fe5f68e1600" executionId="06a75abe-9949-41b9-a5b7-206f6227c4ef" testListId="8c84fa94-04c1-424b-9868-57a2d4851a1d" />
    <TestEntry testId="fe87c87e-477f-2fc4-df79-eea7b52d186b" executionId="cc501e1b-a362-4e17-b18e-0b117ee20c0e" testListId="8c84fa94-04c1-424b-9868-57a2d4851a1d" />
    <TestEntry testId="79d819f4-0ce5-96bd-2613-403442eb4d74" executionId="5d510406-ddbc-4752-b208-85c8eb9133aa" testListId="8c84fa94-04c1-424b-9868-57a2d4851a1d" />
    <TestEntry testId="4e99a60b-6bf7-950f-4a1b-2b8f6b265f33" executionId="ba2a1b10-32cd-47bd-ba55-b5114bf25d51" testListId="8c84fa94-04c1-424b-9868-57a2d4851a1d" />
    <TestEntry testId="59bb5814-5d01-6d07-4fe2-b044a2101887" executionId="3f5a26c3-a7e6-4f74-ac79-cc295d3c5c4a" testListId="8c84fa94-04c1-424b-9868-57a2d4851a1d" />
    <TestEntry testId="24c5c4fe-5465-6bf1-7790-c32dc7dc4137" executionId="a19bf411-7f73-419b-ac09-48c35728dbf1" testListId="8c84fa94-04c1-424b-9868-57a2d4851a1d" />
    <TestEntry testId="0669ad66-ebac-1b60-d9f8-85ac26831181" executionId="7e0ea653-dcca-470f-859a-41308e68476f" testListId="8c84fa94-04c1-424b-9868-57a2d4851a1d" />
    <TestEntry testId="66ebc17d-8456-d538-0da4-279017d64788" executionId="32329fd0-1727-4274-b37e-947c18305feb" testListId="8c84fa94-04c1-424b-9868-57a2d4851a1d" />
    <TestEntry testId="7626eb80-c5b1-5215-755a-1b8895fae863" executionId="fd6db432-410b-4db0-bcd4-c770de98f1b4" testListId="8c84fa94-04c1-424b-9868-57a2d4851a1d" />
    <TestEntry testId="8bddabe7-b6bf-e8a0-1bef-884ff3132d8d" executionId="c4f4cc18-d8ba-4a97-addb-e1cb7eb6a6ea" testListId="8c84fa94-04c1-424b-9868-57a2d4851a1d" />
    <TestEntry testId="b909c08c-eb87-b106-dd22-e1f2f16755b3" executionId="cc05c1da-2d98-49a3-9e15-0d0c5d314fe6" testListId="8c84fa94-04c1-424b-9868-57a2d4851a1d" />
    <TestEntry testId="84f3eea3-fb46-7ff1-04fe-1ba3ec10008f" executionId="9b66eaa3-a45e-4b8e-ab51-c726aa7183fa" testListId="8c84fa94-04c1-424b-9868-57a2d4851a1d" />
    <TestEntry testId="e6daf527-d4db-583b-7465-40f27603311a" executionId="62e10577-c629-45d6-87aa-62856bbcbef9" testListId="8c84fa94-04c1-424b-9868-57a2d4851a1d" />
    <TestEntry testId="20272610-5df8-0a8d-c8c1-0c00a7b4257b" executionId="d6d8d996-7574-439e-9b3b-1afab43fb412" testListId="8c84fa94-04c1-424b-9868-57a2d4851a1d" />
    <TestEntry testId="8f912328-63c8-86b1-c2a6-be41b857b56c" executionId="e49a8904-2c7b-4467-b3ea-5d53b9f8a552" testListId="8c84fa94-04c1-424b-9868-57a2d4851a1d" />
    <TestEntry testId="a78cbf3b-f752-709b-b7ce-b6cdfcd7841f" executionId="e072004d-c47a-4ba7-9cf5-9ba3783c2fb4" testListId="8c84fa94-04c1-424b-9868-57a2d4851a1d" />
    <TestEntry testId="d91cf465-89c7-bfd7-e84c-cbbdc9106c3b" executionId="e9b4992f-1e92-446f-9f2a-45864a4e7957" testListId="8c84fa94-04c1-424b-9868-57a2d4851a1d" />
    <TestEntry testId="bb0673b5-0302-138b-4a20-28e82cf38ea7" executionId="69c79ec8-5876-4696-89d1-74aeb1e23197" testListId="8c84fa94-04c1-424b-9868-57a2d4851a1d" />
    <TestEntry testId="ebfd06e0-faa7-9cbe-fa00-6405596f250f" executionId="0bd32ad5-3173-4903-9eea-1b7b00507ccf" testListId="8c84fa94-04c1-424b-9868-57a2d4851a1d" />
    <TestEntry testId="c7c0b8c0-af82-c2af-9366-cca72ceef0f8" executionId="1407cdbf-5472-41f8-80b0-0263a40df18a" testListId="8c84fa94-04c1-424b-9868-57a2d4851a1d" />
    <TestEntry testId="bb1027b7-1469-c705-4b36-f77fd9229b00" executionId="8b400d13-0354-4cbb-aeb6-1d65a2a9008c" testListId="8c84fa94-04c1-424b-9868-57a2d4851a1d" />
    <TestEntry testId="176f4350-0b3b-4432-fa24-18f29e2c3458" executionId="8ce05eff-65c5-419a-851b-8bf4f1ef23cc" testListId="8c84fa94-04c1-424b-9868-57a2d4851a1d" />
    <TestEntry testId="7be74c7c-15d5-4d25-d1df-86e5d5a625b7" executionId="db79c601-7680-4f57-89e0-777b9f839e73" testListId="8c84fa94-04c1-424b-9868-57a2d4851a1d" />
    <TestEntry testId="c436eaa1-ee14-28b4-e568-d1bcd81758ca" executionId="fdee6a28-96b5-48e8-97c4-13e8c1562305" testListId="8c84fa94-04c1-424b-9868-57a2d4851a1d" />
    <TestEntry testId="eae1f61b-b06a-0f91-1dd4-e916caad0d14" executionId="34200b0a-408a-4812-9fe1-9b6a160f5823" testListId="8c84fa94-04c1-424b-9868-57a2d4851a1d" />
    <TestEntry testId="d93604ef-7ed3-0fce-8526-ca6ec4546d8a" executionId="bb0b5080-4aa6-4d9f-95ff-b8fc09186cb0" testListId="8c84fa94-04c1-424b-9868-57a2d4851a1d" />
    <TestEntry testId="207a9b71-34bd-0c51-2904-9b3fc5a13547" executionId="66794102-3dfa-4c59-a3ec-9923b8104610" testListId="8c84fa94-04c1-424b-9868-57a2d4851a1d" />
    <TestEntry testId="5932a8ff-7d37-10cf-2a21-a95288a4601c" executionId="7ac09496-8010-44c0-95f5-9330e0b60597" testListId="8c84fa94-04c1-424b-9868-57a2d4851a1d" />
    <TestEntry testId="cfded076-dfc3-9576-e5d3-4a9fd4d54a97" executionId="971d2239-ed3e-4f77-9822-8eaa9c491247" testListId="8c84fa94-04c1-424b-9868-57a2d4851a1d" />
    <TestEntry testId="86fd91be-db2c-5b9a-ddce-dbbd44a65707" executionId="209c2fce-8599-447e-a464-03fd7eea95ff" testListId="8c84fa94-04c1-424b-9868-57a2d4851a1d" />
    <TestEntry testId="b4229bc5-5fde-fcc2-17b7-755e30616eb2" executionId="c4918d17-ba61-4dda-be7e-bef37a7baf80" testListId="8c84fa94-04c1-424b-9868-57a2d4851a1d" />
    <TestEntry testId="e3ed184b-300f-cd12-85b3-8a7ebedc73d8" executionId="d6c44a2c-ded2-4028-82ce-e6faeda2ee37" testListId="8c84fa94-04c1-424b-9868-57a2d4851a1d" />
    <TestEntry testId="674ad018-4ad5-9dc4-9721-2eed1501b13b" executionId="f64d7903-7026-48cd-ad94-879ef767f100" testListId="8c84fa94-04c1-424b-9868-57a2d4851a1d" />
    <TestEntry testId="64acda9a-8a2e-d920-11bc-cbd6d2a0d1a1" executionId="7cb27bd8-a79e-4153-9d53-765fe26d8e9c" testListId="8c84fa94-04c1-424b-9868-57a2d4851a1d" />
    <TestEntry testId="7e1ddf95-9ce7-0ebb-c0f6-6188bd74a6ad" executionId="b728b9ba-e5fd-46f8-b1ca-b6ae1bb310b8" testListId="8c84fa94-04c1-424b-9868-57a2d4851a1d" />
    <TestEntry testId="ad9599a7-8a8a-1754-e39e-f6d8510e730b" executionId="deebd2fc-1573-4ffb-8cc8-0a9808b46c16" testListId="8c84fa94-04c1-424b-9868-57a2d4851a1d" />
    <TestEntry testId="5279ca9d-27ca-d833-5750-af1b70834e63" executionId="68710b67-9b76-461b-8e7d-e3ed88c2c6ff" testListId="8c84fa94-04c1-424b-9868-57a2d4851a1d" />
    <TestEntry testId="8cf4f88c-3bb5-22e4-8890-4c5abd50c175" executionId="f75c40b9-18a9-4f75-845a-940687fb6c33" testListId="8c84fa94-04c1-424b-9868-57a2d4851a1d" />
    <TestEntry testId="0ae7fb38-1179-d103-cf50-23ea40b835de" executionId="7585f1da-65ed-43fe-89e6-3af6cb62ffd8" testListId="8c84fa94-04c1-424b-9868-57a2d4851a1d" />
    <TestEntry testId="072d4713-e5d8-44fc-5b77-95317f0d417b" executionId="4dbac99b-20fd-425d-b799-cc4c12b17b79" testListId="8c84fa94-04c1-424b-9868-57a2d4851a1d" />
    <TestEntry testId="bb0e34b2-8f1e-f1b3-c8b8-34849b6a2f1a" executionId="24545826-727f-446e-b6a3-b63c3a23576d" testListId="8c84fa94-04c1-424b-9868-57a2d4851a1d" />
    <TestEntry testId="3622b24e-5f92-7764-ede1-51eedecd15e2" executionId="b3ee743e-6e52-474a-af42-ff097e379a90" testListId="8c84fa94-04c1-424b-9868-57a2d4851a1d" />
    <TestEntry testId="e54a0ad2-a76b-1a44-1842-5ae494ff83de" executionId="0d308166-6ab6-42b9-a1e5-0186b711f804" testListId="8c84fa94-04c1-424b-9868-57a2d4851a1d" />
    <TestEntry testId="a5fc11be-830a-b331-0258-88a3d7a01f69" executionId="3a12979f-e12e-43a6-ae51-9d5d92e8fca2" testListId="8c84fa94-04c1-424b-9868-57a2d4851a1d" />
    <TestEntry testId="74c01674-5cd8-fcd3-f2dd-13452334a752" executionId="c8246788-847f-419e-a3d6-cefc54bb85b7" testListId="8c84fa94-04c1-424b-9868-57a2d4851a1d" />
    <TestEntry testId="6537dd0f-ffc8-fd2a-861a-624b21268978" executionId="9c84620d-b2c9-4c4a-b349-a14c58e0e902" testListId="8c84fa94-04c1-424b-9868-57a2d4851a1d" />
    <TestEntry testId="ea5a518c-fa8e-c8f1-0a76-3fa15e99e78a" executionId="9bbe9f31-d3f0-4af1-8b0f-92de733f4a0d" testListId="8c84fa94-04c1-424b-9868-57a2d4851a1d" />
    <TestEntry testId="f01f6290-de81-a8e8-03a0-3dc388640afd" executionId="e7320205-482a-41e1-a94a-cecb052c8ffe" testListId="8c84fa94-04c1-424b-9868-57a2d4851a1d" />
    <TestEntry testId="0e0fac8d-b2fe-0646-de77-c7bb31221ebd" executionId="74813c53-3c6a-4eaf-b367-4f396dceb227" testListId="8c84fa94-04c1-424b-9868-57a2d4851a1d" />
    <TestEntry testId="bfc11cb1-55b2-1945-b4dd-7c88a853c5ed" executionId="92bbd463-28bb-4a5c-ad2f-648fda67c2a1" testListId="8c84fa94-04c1-424b-9868-57a2d4851a1d" />
    <TestEntry testId="88aac24a-e0c3-7b67-85fc-be2df52dba34" executionId="c5b58256-7f43-4448-bfb3-ac28b3083418" testListId="8c84fa94-04c1-424b-9868-57a2d4851a1d" />
    <TestEntry testId="06745a62-4d4f-287d-d70e-4f06820646ba" executionId="6ac55a88-2c75-4a80-8b50-5660f3f5b31c" testListId="8c84fa94-04c1-424b-9868-57a2d4851a1d" />
    <TestEntry testId="a4294eba-06aa-d940-fe09-19719010df3a" executionId="c99cb982-e4cc-4d5c-b211-e3cc397fe7de" testListId="8c84fa94-04c1-424b-9868-57a2d4851a1d" />
    <TestEntry testId="92312cf3-17da-4b8f-f34f-d78b352ab434" executionId="612d7d39-9dfa-4f8d-8e16-24d1de875a80" testListId="8c84fa94-04c1-424b-9868-57a2d4851a1d" />
    <TestEntry testId="f2b4c5e1-9602-b565-3f4b-0274fe8a1908" executionId="6a5f2f6e-bb9b-4473-9eb4-b765584ee2f8" testListId="8c84fa94-04c1-424b-9868-57a2d4851a1d" />
    <TestEntry testId="f3004a45-bdd5-438e-fc7e-28c33c062c28" executionId="9b890024-f5eb-4e86-bfa4-2d266d133e08" testListId="8c84fa94-04c1-424b-9868-57a2d4851a1d" />
    <TestEntry testId="75fe5d93-cc99-b98f-be96-6e7e811605d8" executionId="4a7985c9-1b31-45bf-b8a5-a1f81f130b8d" testListId="8c84fa94-04c1-424b-9868-57a2d4851a1d" />
    <TestEntry testId="33811680-09f9-e531-f020-f06f0bd4e10d" executionId="1542ec73-5116-4f28-b6fa-2c6a58688d6e" testListId="8c84fa94-04c1-424b-9868-57a2d4851a1d" />
    <TestEntry testId="f78feac2-4f99-e8a9-7ee3-7d94b24ea471" executionId="51134146-0ac5-472a-a0e5-2854055214a2" testListId="8c84fa94-04c1-424b-9868-57a2d4851a1d" />
    <TestEntry testId="69d54260-6ecb-a42b-4255-cc0383422b7d" executionId="2a72c7e3-acd8-48ff-8e65-3692e5000359" testListId="8c84fa94-04c1-424b-9868-57a2d4851a1d" />
    <TestEntry testId="ab09828e-76b4-f849-312f-3e5de8fe1910" executionId="3037b1ec-1d79-4ade-bd53-fcd6ba94a2c7" testListId="8c84fa94-04c1-424b-9868-57a2d4851a1d" />
    <TestEntry testId="c53caa15-12b2-2ac6-393e-0057bbd332f5" executionId="d36dddf9-39d6-4dff-a354-6ff9d2af24ad" testListId="8c84fa94-04c1-424b-9868-57a2d4851a1d" />
    <TestEntry testId="b7c48b0c-de00-9836-92e0-dac42d1bcc61" executionId="05f49faf-7e7a-4c04-b7e9-f7e57a121627" testListId="8c84fa94-04c1-424b-9868-57a2d4851a1d" />
    <TestEntry testId="246e1592-d2e4-058a-cf8f-cb38ff319272" executionId="5bbb2567-fafe-4d68-a62b-0d7e95b70ba7" testListId="8c84fa94-04c1-424b-9868-57a2d4851a1d" />
    <TestEntry testId="50be68ce-9309-5804-7670-7e8e044ad78b" executionId="c7ccbb7e-89f1-4358-abbe-1252523a5945" testListId="8c84fa94-04c1-424b-9868-57a2d4851a1d" />
    <TestEntry testId="5d5c5e71-8d48-77a4-7f58-2d04decb50b2" executionId="ec84bfe7-08f4-4af5-8bbe-9fb5a3d6401a" testListId="8c84fa94-04c1-424b-9868-57a2d4851a1d" />
    <TestEntry testId="a88db4a6-85db-1794-57ad-207378bd09fc" executionId="8e932875-fa80-4da9-b607-fa89aacb7af2" testListId="8c84fa94-04c1-424b-9868-57a2d4851a1d" />
    <TestEntry testId="2d241e2f-55e8-e31f-9820-142e3d5becdf" executionId="242cd562-440e-483c-b335-14489a73edac" testListId="8c84fa94-04c1-424b-9868-57a2d4851a1d" />
    <TestEntry testId="6a3215c0-a3d0-3567-141f-99b4d6b44c7b" executionId="a323bc2b-e9e9-4a4e-88a8-7b4f8a1f15af" testListId="8c84fa94-04c1-424b-9868-57a2d4851a1d" />
    <TestEntry testId="3e7a011d-8b5d-0fe1-8499-60df22ec1622" executionId="f9c4e927-4206-4560-826d-8dd0e0601211" testListId="8c84fa94-04c1-424b-9868-57a2d4851a1d" />
    <TestEntry testId="43808ac4-1e31-8564-6757-f02eaaca4929" executionId="6a8d1a5f-e0f5-4f1e-8dc6-ddee1fe9cb20" testListId="8c84fa94-04c1-424b-9868-57a2d4851a1d" />
    <TestEntry testId="4bf0f413-f9ef-c999-4803-90670b733630" executionId="48c7cc4f-5436-416e-8c2e-09a5340bb405" testListId="8c84fa94-04c1-424b-9868-57a2d4851a1d" />
    <TestEntry testId="75454745-d8ee-9a85-64f5-1a730d7c60c8" executionId="4d6f92fa-42d1-428b-b13f-3f2384454774" testListId="8c84fa94-04c1-424b-9868-57a2d4851a1d" />
    <TestEntry testId="0b8bc730-bd5d-eb21-7083-0664af88b31c" executionId="6a854c7a-cdef-473d-8469-0f62b0dd71ab" testListId="8c84fa94-04c1-424b-9868-57a2d4851a1d" />
    <TestEntry testId="096e7216-9196-b38d-e84a-d9b01f2eb4c5" executionId="b1dc3570-af47-41a7-81f1-779cd1b16b87" testListId="8c84fa94-04c1-424b-9868-57a2d4851a1d" />
    <TestEntry testId="aea57a92-faf1-67a4-5a43-3a7b423d7927" executionId="ba978b56-53a0-49d0-8ac1-f6af7a39075e" testListId="8c84fa94-04c1-424b-9868-57a2d4851a1d" />
    <TestEntry testId="5affd6a5-020f-febd-97ee-87fff4d513ff" executionId="d80c6e69-5311-47ed-9176-0ec78d5ba456" testListId="8c84fa94-04c1-424b-9868-57a2d4851a1d" />
    <TestEntry testId="66126afc-69ba-08e2-3b9f-64ff9f45fc60" executionId="d943b2ff-149d-4e66-8bd9-fb6e964ed961" testListId="8c84fa94-04c1-424b-9868-57a2d4851a1d" />
    <TestEntry testId="b64abef8-48df-9c3e-78ff-361585d1867e" executionId="0a29f868-1b63-4c21-969d-8a91923eb170" testListId="8c84fa94-04c1-424b-9868-57a2d4851a1d" />
    <TestEntry testId="5be67f2a-15dc-2afb-87d4-6fb56af3309e" executionId="8641eb1f-a9a9-4ca4-9e6c-cd163071e092" testListId="8c84fa94-04c1-424b-9868-57a2d4851a1d" />
    <TestEntry testId="5048c570-de27-b3d3-28a2-690633623350" executionId="ceb4b9a9-9fa8-4488-bcef-38c6a2bba122" testListId="8c84fa94-04c1-424b-9868-57a2d4851a1d" />
    <TestEntry testId="269dcfc6-6017-0dd2-3e73-6a351617c33f" executionId="da2991c1-afee-40d5-9813-c807e111f48d" testListId="8c84fa94-04c1-424b-9868-57a2d4851a1d" />
    <TestEntry testId="6bfeeec7-5dd8-85f8-3ebb-a1cfd8eb27b2" executionId="72a00995-9dc6-4d96-ab24-26e5664f304e" testListId="8c84fa94-04c1-424b-9868-57a2d4851a1d" />
    <TestEntry testId="469546fd-9999-6f48-8f07-6eaa77c54e42" executionId="227823fd-3b4f-4583-af28-09635c880a46" testListId="8c84fa94-04c1-424b-9868-57a2d4851a1d" />
    <TestEntry testId="c3009aa1-8370-91cf-8fdd-98e893aa7661" executionId="adc080f9-6386-4e93-b664-64eca2ee4d93" testListId="8c84fa94-04c1-424b-9868-57a2d4851a1d" />
    <TestEntry testId="b63cac77-e37b-80e5-702f-d228747e42f7" executionId="a0645e12-8e59-4186-aa73-d3dbb56e5f15" testListId="8c84fa94-04c1-424b-9868-57a2d4851a1d" />
    <TestEntry testId="187fc817-cc87-4584-0d6d-f1e6d34e2d4d" executionId="b4b580fe-e0b2-4770-8a29-38bd733b3af1" testListId="8c84fa94-04c1-424b-9868-57a2d4851a1d" />
    <TestEntry testId="09722d0d-50eb-c66c-46d9-dfe1db4400ef" executionId="59ab257e-d529-4973-bac3-6bfd9b4d0d5a" testListId="8c84fa94-04c1-424b-9868-57a2d4851a1d" />
    <TestEntry testId="4ae6b7cd-9dd5-3ec7-39db-6ff6393cadf3" executionId="95e6ad2b-01ef-4587-bb18-1362805770d9" testListId="8c84fa94-04c1-424b-9868-57a2d4851a1d" />
    <TestEntry testId="141ac01c-053a-7013-209a-8893b345c18f" executionId="a8b1da26-7b4a-4fe3-99ec-36449210dcdf" testListId="8c84fa94-04c1-424b-9868-57a2d4851a1d" />
    <TestEntry testId="560a86ee-dc59-f780-1c4a-62ca7b8dff22" executionId="647e626b-b7ae-4835-89ed-eb6a761c0441" testListId="8c84fa94-04c1-424b-9868-57a2d4851a1d" />
    <TestEntry testId="407da10e-ba2f-7713-1cbc-17d8952390e5" executionId="0a8c03a7-37de-49ca-812f-b99a1f9d4e95" testListId="8c84fa94-04c1-424b-9868-57a2d4851a1d" />
    <TestEntry testId="01155794-50c3-cf3c-83bd-404dcbf5f477" executionId="800a7528-34a0-4409-8e83-90d5e747802c" testListId="8c84fa94-04c1-424b-9868-57a2d4851a1d" />
    <TestEntry testId="d7113cd0-9d09-92b7-da7c-4bb38fcd80fa" executionId="f52894fc-bb4c-4187-b5ca-d2fe98eae9a3" testListId="8c84fa94-04c1-424b-9868-57a2d4851a1d" />
    <TestEntry testId="dce6325b-8e96-5375-f604-18b7832e7def" executionId="b9bd873d-6a1f-480a-979d-a8cc99f885df" testListId="8c84fa94-04c1-424b-9868-57a2d4851a1d" />
    <TestEntry testId="5624b5fc-a59a-fbea-ef3f-9dbc8ef0c3b4" executionId="63a5ee09-01f1-48c8-abeb-26c34e2a7f71" testListId="8c84fa94-04c1-424b-9868-57a2d4851a1d" />
    <TestEntry testId="a5dec80b-87ef-2067-7969-8d0cded994a9" executionId="bb13092f-7515-43ca-8af9-ed9b683267c5" testListId="8c84fa94-04c1-424b-9868-57a2d4851a1d" />
    <TestEntry testId="3066f1db-7c80-5b09-c292-a297daae00f6" executionId="804fc5ff-5b62-4405-9da8-91a8465d5481" testListId="8c84fa94-04c1-424b-9868-57a2d4851a1d" />
    <TestEntry testId="9cc81af3-a804-7f80-c1ad-5fdf5e5384a7" executionId="0ccc45c4-92f1-4f1c-ad19-f7d755a06d73" testListId="8c84fa94-04c1-424b-9868-57a2d4851a1d" />
    <TestEntry testId="53029e90-dd26-a812-129d-02ec74005492" executionId="0a395c7a-b460-4631-acd9-349981299fea" testListId="8c84fa94-04c1-424b-9868-57a2d4851a1d" />
    <TestEntry testId="5fd22787-51f8-3e76-47d6-968dc7621c8f" executionId="05c2845c-2c32-478c-ab64-4ad7622c59c4" testListId="8c84fa94-04c1-424b-9868-57a2d4851a1d" />
    <TestEntry testId="ead0a11b-44ec-8973-fd99-c43158b18c14" executionId="05e22613-d8a2-43f0-aba0-5cc6d69e96a6" testListId="8c84fa94-04c1-424b-9868-57a2d4851a1d" />
    <TestEntry testId="88161b45-db86-cd57-93fd-5645f5143966" executionId="45767776-8a0e-4863-a43d-cdb2530bd069" testListId="8c84fa94-04c1-424b-9868-57a2d4851a1d" />
    <TestEntry testId="ef938d1e-37d5-ccaf-d580-7454d807ec1e" executionId="6403186c-1621-42f0-8818-fe02d62e350b" testListId="8c84fa94-04c1-424b-9868-57a2d4851a1d" />
    <TestEntry testId="aa1736a0-c9fc-f2ce-4753-abcb10bb4b53" executionId="761b4e9e-729f-49b1-a1bd-1e40fc9a5771" testListId="8c84fa94-04c1-424b-9868-57a2d4851a1d" />
    <TestEntry testId="a8b20943-7fa3-43d0-f786-2908f6ceedd0" executionId="6497443e-ed81-47f6-9c76-a370849f4d9d" testListId="8c84fa94-04c1-424b-9868-57a2d4851a1d" />
    <TestEntry testId="3c2e7403-ec73-4e6b-a215-dbda78d61173" executionId="3fbf74fb-2a20-476b-b294-68cd202e56d6" testListId="8c84fa94-04c1-424b-9868-57a2d4851a1d" />
    <TestEntry testId="cc5867c1-3959-a3e7-d05d-9d901dd30f40" executionId="e5f87105-c092-473a-8198-4f4eb9feb272" testListId="8c84fa94-04c1-424b-9868-57a2d4851a1d" />
    <TestEntry testId="db5cfafc-3c17-6a32-7e66-c495d547a55d" executionId="28ad21ac-487c-4369-8893-35c281f034ea" testListId="8c84fa94-04c1-424b-9868-57a2d4851a1d" />
    <TestEntry testId="af1744a8-849e-ce3d-974d-b0417a9e373e" executionId="e1199e3f-e608-4081-9e42-a4d804fbbe1d" testListId="8c84fa94-04c1-424b-9868-57a2d4851a1d" />
    <TestEntry testId="d5a24398-84ec-388f-59a6-8e6575d181fe" executionId="a11c7b43-c2d0-48c8-bde1-37c54ceb2cb7" testListId="8c84fa94-04c1-424b-9868-57a2d4851a1d" />
    <TestEntry testId="8a9a7530-f1ce-f4e5-fbc9-4f531ddefce2" executionId="e5f67901-91b2-4a21-9d0b-64b9e05c21dc" testListId="8c84fa94-04c1-424b-9868-57a2d4851a1d" />
    <TestEntry testId="5b4e0ac0-70e5-7eaa-3490-17d565af10b8" executionId="f0b980fd-9629-4698-bb49-542542d32bca" testListId="8c84fa94-04c1-424b-9868-57a2d4851a1d" />
    <TestEntry testId="443ca7db-0f3b-fcae-6a2e-98e583e48cd9" executionId="ff97f29a-89d8-4431-ba9f-7669a4d525b3" testListId="8c84fa94-04c1-424b-9868-57a2d4851a1d" />
    <TestEntry testId="3389c38d-b655-9e80-9e11-d73eb899bc2f" executionId="01006020-49d4-4ebe-b84e-89531fb655ef" testListId="8c84fa94-04c1-424b-9868-57a2d4851a1d" />
    <TestEntry testId="eba1a61d-f982-44b3-3eb9-7f9cfe190c81" executionId="9955ce89-b6d8-471c-b66f-f5a414e106c3" testListId="8c84fa94-04c1-424b-9868-57a2d4851a1d" />
    <TestEntry testId="a69c7595-f0db-0ba4-1afc-11aca5272a96" executionId="a9ad8662-1c11-4fce-a74a-d09038740bed" testListId="8c84fa94-04c1-424b-9868-57a2d4851a1d" />
    <TestEntry testId="08a6c381-273c-f305-1814-942595d17f78" executionId="3c9f60ac-c674-42aa-8873-b7f9bff51360" testListId="8c84fa94-04c1-424b-9868-57a2d4851a1d" />
    <TestEntry testId="3dd1d7af-d98a-cc8e-c202-2578f95922fc" executionId="26e10e72-cfe6-4a8d-9f64-35bb3736cc1e" testListId="8c84fa94-04c1-424b-9868-57a2d4851a1d" />
    <TestEntry testId="a3844f97-b72a-2fb2-6c61-6f430a6058b8" executionId="b3192b36-d2f4-43ec-bd51-195af54d4de4" testListId="8c84fa94-04c1-424b-9868-57a2d4851a1d" />
    <TestEntry testId="57de2494-db49-05dd-e58f-ea06218b9ada" executionId="fb5b5bd8-2af9-4e9b-82d9-3cc63cb110f7" testListId="8c84fa94-04c1-424b-9868-57a2d4851a1d" />
    <TestEntry testId="31c3a852-cb3d-1abf-a213-17759f717493" executionId="127d786d-a4a8-4722-9104-def467955672" testListId="8c84fa94-04c1-424b-9868-57a2d4851a1d" />
    <TestEntry testId="b364b6e1-95a1-b398-9d67-82ff351b0e55" executionId="a9a55923-e2ff-4808-b029-ba07b03f6906" testListId="8c84fa94-04c1-424b-9868-57a2d4851a1d" />
    <TestEntry testId="021d8bec-70f5-dd9f-32d5-eac1f19b0740" executionId="22c7848a-efdb-4d05-841f-8f5bd9e27c88" testListId="8c84fa94-04c1-424b-9868-57a2d4851a1d" />
    <TestEntry testId="b9f84f47-79ca-0306-391d-c23274e874c8" executionId="cb458fdb-1791-4521-a40a-5a0618ccaece" testListId="8c84fa94-04c1-424b-9868-57a2d4851a1d" />
    <TestEntry testId="71da8626-9685-042d-5f97-2191d17c7e4f" executionId="13f28262-3cc7-482f-a746-63de4bbd26ad" testListId="8c84fa94-04c1-424b-9868-57a2d4851a1d" />
    <TestEntry testId="d45f7960-8c15-bec8-0e6d-a081de52a211" executionId="f93d12a1-49d7-487d-825f-b649300e94c0" testListId="8c84fa94-04c1-424b-9868-57a2d4851a1d" />
    <TestEntry testId="a9475552-19d3-b426-f4bb-8921ee8f5b83" executionId="c8e205c1-9339-4674-881a-b7468c6525c1" testListId="8c84fa94-04c1-424b-9868-57a2d4851a1d" />
    <TestEntry testId="f95774c2-c6e8-8303-22f0-76ce5690e20c" executionId="2ec8c0ce-e618-4442-a276-ced9eaebefd9" testListId="8c84fa94-04c1-424b-9868-57a2d4851a1d" />
    <TestEntry testId="6248e67f-03fa-b522-e842-7dfbd2fa65df" executionId="813c06eb-fed3-4fd2-9403-e7165d487d60" testListId="8c84fa94-04c1-424b-9868-57a2d4851a1d" />
    <TestEntry testId="0e35d8c6-f00e-a9ce-bf8e-f278617977a1" executionId="7168e838-3044-4130-9e66-dda1be1ed796" testListId="8c84fa94-04c1-424b-9868-57a2d4851a1d" />
    <TestEntry testId="7b5f6188-c1ec-acc0-340c-cb378214370f" executionId="889262af-25ff-431c-aef7-4ac328ce600e" testListId="8c84fa94-04c1-424b-9868-57a2d4851a1d" />
    <TestEntry testId="fe74e1e9-9f9e-cd43-6d69-ee1b1e61f15f" executionId="ec1531b0-3000-4c02-b49a-ac541baeaec4" testListId="8c84fa94-04c1-424b-9868-57a2d4851a1d" />
    <TestEntry testId="ca0bfdb7-6ab6-3d13-afbd-0c5c364304b4" executionId="4f2a67a6-003e-4aea-9311-394568242919" testListId="8c84fa94-04c1-424b-9868-57a2d4851a1d" />
    <TestEntry testId="7132a40e-3324-94b7-0d74-3203ad5bb5fa" executionId="397af65c-424b-49fb-be19-fe6b6879a548" testListId="8c84fa94-04c1-424b-9868-57a2d4851a1d" />
    <TestEntry testId="d231d236-8b99-8ce7-c48d-92f39c5c2904" executionId="dd902fc4-a5dd-4852-805b-707371db6f00" testListId="8c84fa94-04c1-424b-9868-57a2d4851a1d" />
    <TestEntry testId="9e57f5ee-c284-a089-d441-add5094f384d" executionId="0e817b1b-4e07-4e16-8e21-050b88772a85" testListId="8c84fa94-04c1-424b-9868-57a2d4851a1d" />
    <TestEntry testId="befca560-4acc-5d69-c04c-46c8bc6349d8" executionId="89f6dd87-cc34-4dae-8e1e-0b8e6ba3e9a4" testListId="8c84fa94-04c1-424b-9868-57a2d4851a1d" />
    <TestEntry testId="2ad70f05-a281-0b8f-6682-75bcc3076f19" executionId="cb247129-c857-4e80-a992-258d0e5bf547" testListId="8c84fa94-04c1-424b-9868-57a2d4851a1d" />
    <TestEntry testId="d3abb81b-44db-2c54-599b-2e57ce24e39c" executionId="8c12e1ad-9813-4d3a-b8b3-a9be348d3386" testListId="8c84fa94-04c1-424b-9868-57a2d4851a1d" />
    <TestEntry testId="90a3b545-3125-61d3-6aa1-65dd478210f0" executionId="1f6f4ad3-dcc2-4b9a-b76a-e1b14bc5579c" testListId="8c84fa94-04c1-424b-9868-57a2d4851a1d" />
    <TestEntry testId="99f591e7-92cc-d964-68b8-f9ee7c1e1567" executionId="176b0efd-f906-47b3-8e4e-dd4ba23176dc" testListId="8c84fa94-04c1-424b-9868-57a2d4851a1d" />
    <TestEntry testId="fc968ae4-d425-64ad-d830-219a8a189235" executionId="9cd9499b-2325-4364-a438-f6a649771a97" testListId="8c84fa94-04c1-424b-9868-57a2d4851a1d" />
    <TestEntry testId="f11c94aa-a17f-70b0-337d-4e87988eaaa9" executionId="79411253-a0a6-4743-b948-5196a3b4b97f" testListId="8c84fa94-04c1-424b-9868-57a2d4851a1d" />
    <TestEntry testId="e4352bb5-404b-635a-e45b-b71369fd281e" executionId="69113311-7897-4a82-9678-311d9a22d51e" testListId="8c84fa94-04c1-424b-9868-57a2d4851a1d" />
    <TestEntry testId="70edf42e-61af-db20-c5ba-b6396a6eca62" executionId="ddfa2bd9-d8f6-4588-8703-e13dac195b54" testListId="8c84fa94-04c1-424b-9868-57a2d4851a1d" />
    <TestEntry testId="af3d8df7-f17a-d1c0-d18e-19b304f044e1" executionId="5d05093c-5a11-4bb9-a2fe-33075ef2ddcc" testListId="8c84fa94-04c1-424b-9868-57a2d4851a1d" />
    <TestEntry testId="e29c6ee3-d46d-461f-3a52-1555a4bbe037" executionId="62f822b8-6395-4b26-85c6-e3c898508906" testListId="8c84fa94-04c1-424b-9868-57a2d4851a1d" />
    <TestEntry testId="e28390c1-a8c4-3164-efb3-40e889682e52" executionId="b1d80ddc-53de-4f1f-871a-22d665e34e35" testListId="8c84fa94-04c1-424b-9868-57a2d4851a1d" />
    <TestEntry testId="5f6c6d5e-b117-02f2-917e-cc0a0bc5fd84" executionId="76bd31e9-7785-42a2-bcf1-7262ace90dfe" testListId="8c84fa94-04c1-424b-9868-57a2d4851a1d" />
    <TestEntry testId="4a3460f0-8b98-b2f9-7c19-a411860512f6" executionId="b7edd51d-380e-4d62-9414-31ca85b67369" testListId="8c84fa94-04c1-424b-9868-57a2d4851a1d" />
    <TestEntry testId="5722059a-0037-40d7-d2be-e88e08495feb" executionId="8ec5edee-2096-4f1d-8eda-b19513bfbc45" testListId="8c84fa94-04c1-424b-9868-57a2d4851a1d" />
    <TestEntry testId="4eeb46d7-0fd7-2ce7-9820-7550d17b2498" executionId="815d8b12-d477-4eb6-9408-d0dfd4861f75" testListId="8c84fa94-04c1-424b-9868-57a2d4851a1d" />
    <TestEntry testId="233fc265-70af-fd55-4eb2-8e50073ad7f8" executionId="07589a9d-3396-4527-8e87-e38ed231acda" testListId="8c84fa94-04c1-424b-9868-57a2d4851a1d" />
    <TestEntry testId="8cc5b57c-083c-3f3a-832a-0ea05928fc17" executionId="aa270d7c-2252-4445-8b52-1ff34ee51c3a" testListId="8c84fa94-04c1-424b-9868-57a2d4851a1d" />
    <TestEntry testId="f09ee564-ba6b-846c-7215-1776329b0ea4" executionId="e5085fa5-bdea-4bcb-90af-beaac437899b" testListId="8c84fa94-04c1-424b-9868-57a2d4851a1d" />
    <TestEntry testId="e308cd25-9ef3-a742-3e97-3796cdac9d85" executionId="732ac88b-b836-42bf-93cc-ffc5ad29fae2" testListId="8c84fa94-04c1-424b-9868-57a2d4851a1d" />
    <TestEntry testId="3972c6a7-1365-8e74-c83d-f2ced3761cc5" executionId="15031edc-7d97-431c-b6a1-67417abeeecd" testListId="8c84fa94-04c1-424b-9868-57a2d4851a1d" />
    <TestEntry testId="0941f429-aa92-ce96-588f-e696162f5398" executionId="f1e59ba9-919b-4325-9542-117d66b6a2a8" testListId="8c84fa94-04c1-424b-9868-57a2d4851a1d" />
    <TestEntry testId="d26b6b6c-0539-f6d5-0b6e-1d021e9cd63c" executionId="c1d22d98-1c60-4fa2-8ece-0fdb400f28d3" testListId="8c84fa94-04c1-424b-9868-57a2d4851a1d" />
    <TestEntry testId="9014a3d8-456c-66d3-12d5-6a69005e537e" executionId="06aa4113-9106-4fd6-b4e2-2ff42807bcb3" testListId="8c84fa94-04c1-424b-9868-57a2d4851a1d" />
    <TestEntry testId="597475cf-af86-f68b-64ca-996ee4fce335" executionId="cc15f354-cf42-49ee-8e54-c73f7a4b4814" testListId="8c84fa94-04c1-424b-9868-57a2d4851a1d" />
    <TestEntry testId="f1a8a2f2-6717-d1d3-ebe1-01337466e71f" executionId="ee021bb0-ce4b-4d78-bb30-735a86cb2bf8" testListId="8c84fa94-04c1-424b-9868-57a2d4851a1d" />
    <TestEntry testId="8302c17e-3ba6-2327-c5ad-8f91fdf4cf8c" executionId="944fd041-76bf-48d8-8cd6-04b2ac73b32c" testListId="8c84fa94-04c1-424b-9868-57a2d4851a1d" />
    <TestEntry testId="ba13b0bd-c428-c41e-c91d-be83d7a60582" executionId="c3fc331b-9efa-47df-bf35-7a7446de5e4c" testListId="8c84fa94-04c1-424b-9868-57a2d4851a1d" />
    <TestEntry testId="de1c2b64-dcd4-eabe-6a9b-0e14bb2434e3" executionId="555ca5b1-7a9e-493f-9d24-c7c773e8ab57" testListId="8c84fa94-04c1-424b-9868-57a2d4851a1d" />
    <TestEntry testId="8b6ffba5-03c6-3d4c-b745-d27bcc21e317" executionId="4f0efa5b-a8a6-4855-9cf8-5d27748acc23" testListId="8c84fa94-04c1-424b-9868-57a2d4851a1d" />
    <TestEntry testId="46b6f1f8-c604-191d-d990-242ae535cd55" executionId="acd9472b-71c6-44ed-8362-0694374cb2ba" testListId="8c84fa94-04c1-424b-9868-57a2d4851a1d" />
    <TestEntry testId="05a9b880-6e83-9959-2d02-9b7d97277dfa" executionId="2159ee24-3915-444a-b131-b4232c9a1e08" testListId="8c84fa94-04c1-424b-9868-57a2d4851a1d" />
    <TestEntry testId="28887edf-8245-57fe-da6b-7d74097f5629" executionId="79ff6c97-3830-4aab-b37b-64a04c7898fe" testListId="8c84fa94-04c1-424b-9868-57a2d4851a1d" />
    <TestEntry testId="fa1415b0-01fe-4c29-f648-98ef295dec1f" executionId="452c859a-efc3-425d-971b-534a9171a474" testListId="8c84fa94-04c1-424b-9868-57a2d4851a1d" />
    <TestEntry testId="5a027d11-b396-742a-ead3-65fd697de61d" executionId="443c6fb9-0b43-47e6-ad7f-db0f3746afca" testListId="8c84fa94-04c1-424b-9868-57a2d4851a1d" />
    <TestEntry testId="44434c12-1418-e87f-c461-58aef56a1acf" executionId="c654e395-e368-41dd-814c-7475a99ffe05" testListId="8c84fa94-04c1-424b-9868-57a2d4851a1d" />
  </TestEntries>
  <TestLists>
    <TestList name="Resultados sin formato de lista" id="8c84fa94-04c1-424b-9868-57a2d4851a1d" />
    <TestList name="Todos los resultados cargados" id="19431567-8539-422a-85d7-44ee4e166bda" />
  </TestLists>
  <ResultSummary outcome="Completed">
    <Counters total="371" executed="371" passed="371" failed="0" error="0" timeout="0" aborted="0" inconclusive="0" passedButRunAborted="0" notRunnable="0" notExecuted="0" disconnected="0" warning="0" completed="0" inProgress="0" pending="0" />
  </ResultSummary>
</TestRun>