<?xml version="1.0" encoding="utf-8"?>
<TestRun id="97c94bcd-3768-430c-9846-62fd53688b80" name="sferrari@PC-SFERRARI 2021-01-16 18:06:59" runUser="PC-SFERRARI\sferrari" xmlns="http://microsoft.com/schemas/VisualStudio/TeamTest/2010">
  <Times creation="2021-01-16T18:06:59.9160773+00:00" queuing="2021-01-16T18:06:59.9160773+00:00" start="2021-01-16T18:06:58.3490147+00:00" finish="2021-01-16T18:07:01.5318042+00:00" />
  <TestSettings name="default" id="eacad2fc-7342-4df2-a25b-34fd4ed8d97c">
    <Deployment runDeploymentRoot="sferrari_PC-SFERRARI_2021-01-16_18_06_59" />
  </TestSettings>
  <Results>
    <UnitTestResult executionId="7282e4b5-449c-4afa-9779-5f322a3c039a" testId="07d50dfb-3195-c832-23d2-97ae667f2010" testName="ToString_Passing_Valid_Collection_Returns_String_With_Default_Separator" computerName="PC-SFERRARI" duration="00:00:00.0003565" startTime="2021-01-16T18:07:00.3732113+00:00" endTime="2021-01-16T18:07:00.3737608+00:00" testType="13cdc9d9-ddb5-4fa4-a97d-d965ccfc6d4b" outcome="Passed" testListId="8c84fa94-04c1-424b-9868-57a2d4851a1d" relativeResultsDirectory="7282e4b5-449c-4afa-9779-5f322a3c039a" />
    <UnitTestResult executionId="401d3e62-97ef-4af6-bc63-3cfb6537de9c" testId="ac572b27-5286-68a4-5380-d7de82fbf69a" testName="ToFormat_Passing_ValidValueFormatWithArguments_Returns_ValueWithFormat" computerName="PC-SFERRARI" duration="00:00:00.0006160" startTime="2021-01-16T18:07:01.0137543+00:00" endTime="2021-01-16T18:07:01.0145642+00:00" testType="13cdc9d9-ddb5-4fa4-a97d-d965ccfc6d4b" outcome="Passed" testListId="8c84fa94-04c1-424b-9868-57a2d4851a1d" relativeResultsDirectory="401d3e62-97ef-4af6-bc63-3cfb6537de9c" />
    <UnitTestResult executionId="ead498bd-f52c-4129-bcab-69345dd0c5ec" testId="57d3cdd8-8268-9aa3-6f39-3cc0224b305c" testName="ToExists_Passing_Claims_Returns_True" computerName="PC-SFERRARI" duration="00:00:00.0022885" startTime="2021-01-16T18:07:00.1012160+00:00" endTime="2021-01-16T18:07:00.1036677+00:00" testType="13cdc9d9-ddb5-4fa4-a97d-d965ccfc6d4b" outcome="Passed" testListId="8c84fa94-04c1-424b-9868-57a2d4851a1d" relativeResultsDirectory="ead498bd-f52c-4129-bcab-69345dd0c5ec" />
    <UnitTestResult executionId="7f068899-f692-4350-8a60-60865f4af879" testId="98331ff8-6ed1-e7ba-c8dd-be5bd5b6cb2c" testName="ToEmailMask_Passing_ValidEmail_Returns_EmailWithMask" computerName="PC-SFERRARI" duration="00:00:00.0028962" startTime="2021-01-16T18:07:00.9792376+00:00" endTime="2021-01-16T18:07:00.9824404+00:00" testType="13cdc9d9-ddb5-4fa4-a97d-d965ccfc6d4b" outcome="Passed" testListId="8c84fa94-04c1-424b-9868-57a2d4851a1d" relativeResultsDirectory="7f068899-f692-4350-8a60-60865f4af879" resultType="DataDrivenTest">
      <InnerResults>
        <UnitTestResult executionId="e31fc0a9-0b28-40f2-a034-4c1677632f60" parentExecutionId="7f068899-f692-4350-8a60-60865f4af879" testId="98331ff8-6ed1-e7ba-c8dd-be5bd5b6cb2c" testName="ToEmailMask_Passing_ValidEmail_Returns_EmailWithMask (qaz@gmail.com,q-z@g----.com)" computerName="PC-SFERRARI" duration="00:00:00.0025349" startTime="2021-01-16T18:07:00.9792376+00:00" endTime="2021-01-16T18:07:00.9824404+00:00" testType="13cdc9d9-ddb5-4fa4-a97d-d965ccfc6d4b" outcome="Passed" testListId="8c84fa94-04c1-424b-9868-57a2d4851a1d" relativeResultsDirectory="e31fc0a9-0b28-40f2-a034-4c1677632f60" dataRowInfo="1" resultType="DataDrivenDataRow" />
        <UnitTestResult executionId="d55e9b1f-3fe4-4bd7-9bc5-581af7492cde" parentExecutionId="7f068899-f692-4350-8a60-60865f4af879" testId="98331ff8-6ed1-e7ba-c8dd-be5bd5b6cb2c" testName="ToEmailMask_Passing_ValidEmail_Returns_EmailWithMask (qazwsx@gmail.com,q----x@g----.com)" computerName="PC-SFERRARI" duration="00:00:00.0000318" startTime="2021-01-16T18:07:00.9792376+00:00" endTime="2021-01-16T18:07:00.9824404+00:00" testType="13cdc9d9-ddb5-4fa4-a97d-d965ccfc6d4b" outcome="Passed" testListId="8c84fa94-04c1-424b-9868-57a2d4851a1d" relativeResultsDirectory="d55e9b1f-3fe4-4bd7-9bc5-581af7492cde" dataRowInfo="2" resultType="DataDrivenDataRow" />
        <UnitTestResult executionId="65820cf9-0f11-4f92-9dd7-d4a9ecffca06" parentExecutionId="7f068899-f692-4350-8a60-60865f4af879" testId="98331ff8-6ed1-e7ba-c8dd-be5bd5b6cb2c" testName="ToEmailMask_Passing_ValidEmail_Returns_EmailWithMask (qazwsxedc@gmail.com,q-------c@g----.com)" computerName="PC-SFERRARI" duration="00:00:00.0000178" startTime="2021-01-16T18:07:00.9792376+00:00" endTime="2021-01-16T18:07:00.9824404+00:00" testType="13cdc9d9-ddb5-4fa4-a97d-d965ccfc6d4b" outcome="Passed" testListId="8c84fa94-04c1-424b-9868-57a2d4851a1d" relativeResultsDirectory="65820cf9-0f11-4f92-9dd7-d4a9ecffca06" dataRowInfo="3" resultType="DataDrivenDataRow" />
        <UnitTestResult executionId="c67f1e10-2445-44b5-828b-1d9bf8420ca4" parentExecutionId="7f068899-f692-4350-8a60-60865f4af879" testId="98331ff8-6ed1-e7ba-c8dd-be5bd5b6cb2c" testName="ToEmailMask_Passing_ValidEmail_Returns_EmailWithMask (qaz@gmailgmail.com,q-z@g---------.com)" computerName="PC-SFERRARI" duration="00:00:00.0000167" startTime="2021-01-16T18:07:00.9792376+00:00" endTime="2021-01-16T18:07:00.9824404+00:00" testType="13cdc9d9-ddb5-4fa4-a97d-d965ccfc6d4b" outcome="Passed" testListId="8c84fa94-04c1-424b-9868-57a2d4851a1d" relativeResultsDirectory="c67f1e10-2445-44b5-828b-1d9bf8420ca4" dataRowInfo="4" resultType="DataDrivenDataRow" />
        <UnitTestResult executionId="c1d3e112-376f-4836-b8d6-ba8677e83987" parentExecutionId="7f068899-f692-4350-8a60-60865f4af879" testId="98331ff8-6ed1-e7ba-c8dd-be5bd5b6cb2c" testName="ToEmailMask_Passing_ValidEmail_Returns_EmailWithMask (qazwsx@gmailgmail.com,q----x@g---------.com)" computerName="PC-SFERRARI" duration="00:00:00.0000195" startTime="2021-01-16T18:07:00.9792376+00:00" endTime="2021-01-16T18:07:00.9824404+00:00" testType="13cdc9d9-ddb5-4fa4-a97d-d965ccfc6d4b" outcome="Passed" testListId="8c84fa94-04c1-424b-9868-57a2d4851a1d" relativeResultsDirectory="c1d3e112-376f-4836-b8d6-ba8677e83987" dataRowInfo="5" resultType="DataDrivenDataRow" />
        <UnitTestResult executionId="d7dd1bc2-9ea4-4afd-b044-f38833fa1a5d" parentExecutionId="7f068899-f692-4350-8a60-60865f4af879" testId="98331ff8-6ed1-e7ba-c8dd-be5bd5b6cb2c" testName="ToEmailMask_Passing_ValidEmail_Returns_EmailWithMask (qazwsxedc@gmailgmail.com,q-------c@g---------.com)" computerName="PC-SFERRARI" duration="00:00:00.0000188" startTime="2021-01-16T18:07:00.9792376+00:00" endTime="2021-01-16T18:07:00.9824404+00:00" testType="13cdc9d9-ddb5-4fa4-a97d-d965ccfc6d4b" outcome="Passed" testListId="8c84fa94-04c1-424b-9868-57a2d4851a1d" relativeResultsDirectory="d7dd1bc2-9ea4-4afd-b044-f38833fa1a5d" dataRowInfo="6" resultType="DataDrivenDataRow" />
      </InnerResults>
    </UnitTestResult>
    <UnitTestResult executionId="0663dcc5-903a-426c-a16c-ef0efbb9b183" testId="447ced0a-6221-43ff-44ab-4ee12ee4d012" testName="IsDomain_Passing_ValidArguments_Returns_HasErrorsAndCount" computerName="PC-SFERRARI" duration="00:00:00.0004495" startTime="2021-01-16T18:06:59.9952958+00:00" endTime="2021-01-16T18:06:59.9959763+00:00" testType="13cdc9d9-ddb5-4fa4-a97d-d965ccfc6d4b" outcome="Passed" testListId="8c84fa94-04c1-424b-9868-57a2d4851a1d" relativeResultsDirectory="0663dcc5-903a-426c-a16c-ef0efbb9b183" />
    <UnitTestResult executionId="d0717552-6247-4c0b-8170-4a821dc61ddb" testId="b79ee054-2363-6600-c9a3-db00cdcc0f2c" testName="ResultUnauthorized" computerName="PC-SFERRARI" duration="00:00:00.0003758" startTime="2021-01-16T18:07:00.8418313+00:00" endTime="2021-01-16T18:07:00.8422933+00:00" testType="13cdc9d9-ddb5-4fa4-a97d-d965ccfc6d4b" outcome="Passed" testListId="8c84fa94-04c1-424b-9868-57a2d4851a1d" relativeResultsDirectory="d0717552-6247-4c0b-8170-4a821dc61ddb" />
    <UnitTestResult executionId="36e504b9-a328-4490-94f3-26d50a5dfa10" testId="d51ea295-e896-101a-6578-05ae772bcbfb" testName="ToIsSubdomainThrow_Passing_InvalidValue_Returns_ApplicationExceptionWithMessage" computerName="PC-SFERRARI" duration="00:00:00.0017483" startTime="2021-01-16T18:06:59.9643826+00:00" endTime="2021-01-16T18:06:59.9662358+00:00" testType="13cdc9d9-ddb5-4fa4-a97d-d965ccfc6d4b" outcome="Passed" testListId="8c84fa94-04c1-424b-9868-57a2d4851a1d" relativeResultsDirectory="36e504b9-a328-4490-94f3-26d50a5dfa10" resultType="DataDrivenTest">
      <InnerResults>
        <UnitTestResult executionId="ed789e26-a7b6-45fc-acf8-9dd9fad5b7af" parentExecutionId="36e504b9-a328-4490-94f3-26d50a5dfa10" testId="d51ea295-e896-101a-6578-05ae772bcbfb" testName="ToIsSubdomainThrow_Passing_InvalidValue_Returns_ApplicationExceptionWithMessage (dasdasd@dsasd.._ff)" computerName="PC-SFERRARI" duration="00:00:00.0014796" startTime="2021-01-16T18:06:59.9643826+00:00" endTime="2021-01-16T18:06:59.9662358+00:00" testType="13cdc9d9-ddb5-4fa4-a97d-d965ccfc6d4b" outcome="Passed" testListId="8c84fa94-04c1-424b-9868-57a2d4851a1d" relativeResultsDirectory="ed789e26-a7b6-45fc-acf8-9dd9fad5b7af" dataRowInfo="1" resultType="DataDrivenDataRow" />
        <UnitTestResult executionId="6a06d55a-48ec-4af0-b738-9ac6db358f57" parentExecutionId="36e504b9-a328-4490-94f3-26d50a5dfa10" testId="d51ea295-e896-101a-6578-05ae772bcbfb" testName="ToIsSubdomainThrow_Passing_InvalidValue_Returns_ApplicationExceptionWithMessage (34fsds@@sdd.f)" computerName="PC-SFERRARI" duration="00:00:00.0000568" startTime="2021-01-16T18:06:59.9643826+00:00" endTime="2021-01-16T18:06:59.9662358+00:00" testType="13cdc9d9-ddb5-4fa4-a97d-d965ccfc6d4b" outcome="Passed" testListId="8c84fa94-04c1-424b-9868-57a2d4851a1d" relativeResultsDirectory="6a06d55a-48ec-4af0-b738-9ac6db358f57" dataRowInfo="2" resultType="DataDrivenDataRow" />
        <UnitTestResult executionId="13263561-22a7-4ed3-906e-07e8c4be5464" parentExecutionId="36e504b9-a328-4490-94f3-26d50a5dfa10" testId="d51ea295-e896-101a-6578-05ae772bcbfb" testName="ToIsSubdomainThrow_Passing_InvalidValue_Returns_ApplicationExceptionWithMessage ()" computerName="PC-SFERRARI" duration="00:00:00.0000316" startTime="2021-01-16T18:06:59.9643826+00:00" endTime="2021-01-16T18:06:59.9662358+00:00" testType="13cdc9d9-ddb5-4fa4-a97d-d965ccfc6d4b" outcome="Passed" testListId="8c84fa94-04c1-424b-9868-57a2d4851a1d" relativeResultsDirectory="13263561-22a7-4ed3-906e-07e8c4be5464" dataRowInfo="3" resultType="DataDrivenDataRow" />
        <UnitTestResult executionId="c6244c12-068e-47d9-a51e-33ce64f33546" parentExecutionId="36e504b9-a328-4490-94f3-26d50a5dfa10" testId="d51ea295-e896-101a-6578-05ae772bcbfb" testName="ToIsSubdomainThrow_Passing_InvalidValue_Returns_ApplicationExceptionWithMessage ()" computerName="PC-SFERRARI" duration="00:00:00.0000264" startTime="2021-01-16T18:06:59.9643826+00:00" endTime="2021-01-16T18:06:59.9662358+00:00" testType="13cdc9d9-ddb5-4fa4-a97d-d965ccfc6d4b" outcome="Passed" testListId="8c84fa94-04c1-424b-9868-57a2d4851a1d" relativeResultsDirectory="c6244c12-068e-47d9-a51e-33ce64f33546" dataRowInfo="4" resultType="DataDrivenDataRow" />
        <UnitTestResult executionId="6a215751-e7ff-4c17-8d9e-fc6a8f233355" parentExecutionId="36e504b9-a328-4490-94f3-26d50a5dfa10" testId="d51ea295-e896-101a-6578-05ae772bcbfb" testName="ToIsSubdomainThrow_Passing_InvalidValue_Returns_ApplicationExceptionWithMessage (34?fsds@sdd.yy)" computerName="PC-SFERRARI" duration="00:00:00.0000319" startTime="2021-01-16T18:06:59.9643826+00:00" endTime="2021-01-16T18:06:59.9662358+00:00" testType="13cdc9d9-ddb5-4fa4-a97d-d965ccfc6d4b" outcome="Passed" testListId="8c84fa94-04c1-424b-9868-57a2d4851a1d" relativeResultsDirectory="6a215751-e7ff-4c17-8d9e-fc6a8f233355" dataRowInfo="5" resultType="DataDrivenDataRow" />
      </InnerResults>
    </UnitTestResult>
    <UnitTestResult executionId="73b7e186-790c-40d3-959e-2376c4fce819" testId="def94964-1ba4-f78f-2dac-38055bb04256" testName="ToIsEmailThrow_Passing_InvalidValue_Returns_ApplicationExceptionWithMessage" computerName="PC-SFERRARI" duration="00:00:00.0071825" startTime="2021-01-16T18:06:59.9421976+00:00" endTime="2021-01-16T18:06:59.9501712+00:00" testType="13cdc9d9-ddb5-4fa4-a97d-d965ccfc6d4b" outcome="Passed" testListId="8c84fa94-04c1-424b-9868-57a2d4851a1d" relativeResultsDirectory="73b7e186-790c-40d3-959e-2376c4fce819" resultType="DataDrivenTest">
      <InnerResults>
        <UnitTestResult executionId="79dabcb4-718a-4aa5-a9fc-87be7e19b06d" parentExecutionId="73b7e186-790c-40d3-959e-2376c4fce819" testId="def94964-1ba4-f78f-2dac-38055bb04256" testName="ToIsEmailThrow_Passing_InvalidValue_Returns_ApplicationExceptionWithMessage (dasdasd@dsasd.._ff)" computerName="PC-SFERRARI" duration="00:00:00.0049450" startTime="2021-01-16T18:06:59.9421976+00:00" endTime="2021-01-16T18:06:59.9501712+00:00" testType="13cdc9d9-ddb5-4fa4-a97d-d965ccfc6d4b" outcome="Passed" testListId="8c84fa94-04c1-424b-9868-57a2d4851a1d" relativeResultsDirectory="79dabcb4-718a-4aa5-a9fc-87be7e19b06d" dataRowInfo="1" resultType="DataDrivenDataRow" />
        <UnitTestResult executionId="94a42378-a909-4bcb-a043-f77f4430fc47" parentExecutionId="73b7e186-790c-40d3-959e-2376c4fce819" testId="def94964-1ba4-f78f-2dac-38055bb04256" testName="ToIsEmailThrow_Passing_InvalidValue_Returns_ApplicationExceptionWithMessage (34fsds@@sdd.f)" computerName="PC-SFERRARI" duration="00:00:00.0000769" startTime="2021-01-16T18:06:59.9421976+00:00" endTime="2021-01-16T18:06:59.9501712+00:00" testType="13cdc9d9-ddb5-4fa4-a97d-d965ccfc6d4b" outcome="Passed" testListId="8c84fa94-04c1-424b-9868-57a2d4851a1d" relativeResultsDirectory="94a42378-a909-4bcb-a043-f77f4430fc47" dataRowInfo="2" resultType="DataDrivenDataRow" />
        <UnitTestResult executionId="9be23d6a-4e46-49fc-a7e5-67f934702919" parentExecutionId="73b7e186-790c-40d3-959e-2376c4fce819" testId="def94964-1ba4-f78f-2dac-38055bb04256" testName="ToIsEmailThrow_Passing_InvalidValue_Returns_ApplicationExceptionWithMessage ()" computerName="PC-SFERRARI" duration="00:00:00.0000330" startTime="2021-01-16T18:06:59.9421976+00:00" endTime="2021-01-16T18:06:59.9501712+00:00" testType="13cdc9d9-ddb5-4fa4-a97d-d965ccfc6d4b" outcome="Passed" testListId="8c84fa94-04c1-424b-9868-57a2d4851a1d" relativeResultsDirectory="9be23d6a-4e46-49fc-a7e5-67f934702919" dataRowInfo="3" resultType="DataDrivenDataRow" />
        <UnitTestResult executionId="08ff988e-a71c-4ea6-9d6b-55eacbffbefe" parentExecutionId="73b7e186-790c-40d3-959e-2376c4fce819" testId="def94964-1ba4-f78f-2dac-38055bb04256" testName="ToIsEmailThrow_Passing_InvalidValue_Returns_ApplicationExceptionWithMessage ()" computerName="PC-SFERRARI" duration="00:00:00.0000255" startTime="2021-01-16T18:06:59.9421976+00:00" endTime="2021-01-16T18:06:59.9501712+00:00" testType="13cdc9d9-ddb5-4fa4-a97d-d965ccfc6d4b" outcome="Passed" testListId="8c84fa94-04c1-424b-9868-57a2d4851a1d" relativeResultsDirectory="08ff988e-a71c-4ea6-9d6b-55eacbffbefe" dataRowInfo="4" resultType="DataDrivenDataRow" />
        <UnitTestResult executionId="439f5caf-0266-433d-82e0-daab25b664fe" parentExecutionId="73b7e186-790c-40d3-959e-2376c4fce819" testId="def94964-1ba4-f78f-2dac-38055bb04256" testName="ToIsEmailThrow_Passing_InvalidValue_Returns_ApplicationExceptionWithMessage (34?fsds@sdd.yy)" computerName="PC-SFERRARI" duration="00:00:00.0000325" startTime="2021-01-16T18:06:59.9421976+00:00" endTime="2021-01-16T18:06:59.9501712+00:00" testType="13cdc9d9-ddb5-4fa4-a97d-d965ccfc6d4b" outcome="Passed" testListId="8c84fa94-04c1-424b-9868-57a2d4851a1d" relativeResultsDirectory="439f5caf-0266-433d-82e0-daab25b664fe" dataRowInfo="5" resultType="DataDrivenDataRow" />
      </InnerResults>
    </UnitTestResult>
    <UnitTestResult executionId="d4dad4f9-dc10-4685-ad5f-34bb9c3c40ca" testId="b048c16a-68b4-cdf3-3166-fb9613323b68" testName="ToDetails_Passing_HttpContext_WithOptionalData_Returns_Details_HttpContext" computerName="PC-SFERRARI" duration="00:00:00.0032495" startTime="2021-01-16T18:07:00.5059812+00:00" endTime="2021-01-16T18:07:00.5094187+00:00" testType="13cdc9d9-ddb5-4fa4-a97d-d965ccfc6d4b" outcome="Passed" testListId="8c84fa94-04c1-424b-9868-57a2d4851a1d" relativeResultsDirectory="d4dad4f9-dc10-4685-ad5f-34bb9c3c40ca" />
    <UnitTestResult executionId="587ec74c-7e96-4e6b-b0e8-66b4c931e026" testId="432377b9-b0ad-9a2a-6dc2-e1069e73c449" testName="ToDefaultValue_Passing_bool_Returns_Cero" computerName="PC-SFERRARI" duration="00:00:00.0009747" startTime="2021-01-16T18:07:00.4292473+00:00" endTime="2021-01-16T18:07:00.4303628+00:00" testType="13cdc9d9-ddb5-4fa4-a97d-d965ccfc6d4b" outcome="Passed" testListId="8c84fa94-04c1-424b-9868-57a2d4851a1d" relativeResultsDirectory="587ec74c-7e96-4e6b-b0e8-66b4c931e026" resultType="DataDrivenTest">
      <InnerResults>
        <UnitTestResult executionId="1e8e7986-afe0-4776-9e7f-51b20aeca6b0" parentExecutionId="587ec74c-7e96-4e6b-b0e8-66b4c931e026" testId="432377b9-b0ad-9a2a-6dc2-e1069e73c449" testName="ToDefaultValue_Passing_bool_Returns_Cero (True)" computerName="PC-SFERRARI" duration="00:00:00.0008857" startTime="2021-01-16T18:07:00.4292473+00:00" endTime="2021-01-16T18:07:00.4303628+00:00" testType="13cdc9d9-ddb5-4fa4-a97d-d965ccfc6d4b" outcome="Passed" testListId="8c84fa94-04c1-424b-9868-57a2d4851a1d" relativeResultsDirectory="1e8e7986-afe0-4776-9e7f-51b20aeca6b0" dataRowInfo="1" resultType="DataDrivenDataRow" />
      </InnerResults>
    </UnitTestResult>
    <UnitTestResult executionId="3863b90c-4ff6-41a0-bae3-1a28806ada0a" testId="98d4dd82-eb94-c060-7aeb-9b0a39f334fb" testName="ToIsLastDayOfTheMonth_Passing_LastDayOfMonth_Returns_True" computerName="PC-SFERRARI" duration="00:00:00.0006361" startTime="2021-01-16T18:07:00.3332234+00:00" endTime="2021-01-16T18:07:00.3340837+00:00" testType="13cdc9d9-ddb5-4fa4-a97d-d965ccfc6d4b" outcome="Passed" testListId="8c84fa94-04c1-424b-9868-57a2d4851a1d" relativeResultsDirectory="3863b90c-4ff6-41a0-bae3-1a28806ada0a" />
    <UnitTestResult executionId="5642c9e7-1b64-4c55-b059-cc05aad1a8dd" testId="04cb4b72-edc8-fe06-49e1-217ed503eff8" testName="ToDirectoryFindFilePath_Passing_ValidValue_Returns_FilePath" computerName="PC-SFERRARI" duration="00:00:00.0101034" startTime="2021-01-16T18:07:00.9246816+00:00" endTime="2021-01-16T18:07:00.9353309+00:00" testType="13cdc9d9-ddb5-4fa4-a97d-d965ccfc6d4b" outcome="Passed" testListId="8c84fa94-04c1-424b-9868-57a2d4851a1d" relativeResultsDirectory="5642c9e7-1b64-4c55-b059-cc05aad1a8dd" />
    <UnitTestResult executionId="bc0d2a9a-941f-44ad-8a10-467c3e5ff8f9" testId="0b1e4893-9444-2235-b7fa-3782f9932212" testName="ToService_Passing_Valid_Service_Returns_Service" computerName="PC-SFERRARI" duration="00:00:00.0004594" startTime="2021-01-16T18:07:00.2670534+00:00" endTime="2021-01-16T18:07:00.2675848+00:00" testType="13cdc9d9-ddb5-4fa4-a97d-d965ccfc6d4b" outcome="Passed" testListId="8c84fa94-04c1-424b-9868-57a2d4851a1d" relativeResultsDirectory="bc0d2a9a-941f-44ad-8a10-467c3e5ff8f9" />
    <UnitTestResult executionId="05a46f92-9b4a-4071-8e14-69c177f56346" testId="0ee8121e-b492-a57d-d072-de988a4e30f8" testName="ToMapNew_Passing_TDestination_Returns_New_Destination_Object" computerName="PC-SFERRARI" duration="00:00:00.0056564" startTime="2021-01-16T18:06:59.6553411+00:00" endTime="2021-01-16T18:06:59.6611194+00:00" testType="13cdc9d9-ddb5-4fa4-a97d-d965ccfc6d4b" outcome="Passed" testListId="8c84fa94-04c1-424b-9868-57a2d4851a1d" relativeResultsDirectory="05a46f92-9b4a-4071-8e14-69c177f56346" />
    <UnitTestResult executionId="8752bc93-859a-454a-bcc4-6f4b29067b50" testId="4d9bde6c-668c-a1d3-dc60-edcfc6a4082c" testName="IsLess_Passing_InvalidArguments_Returns_HasErrorsAndCount" computerName="PC-SFERRARI" duration="00:00:00.0018330" startTime="2021-01-16T18:07:00.0088016+00:00" endTime="2021-01-16T18:07:00.0107771+00:00" testType="13cdc9d9-ddb5-4fa4-a97d-d965ccfc6d4b" outcome="Passed" testListId="8c84fa94-04c1-424b-9868-57a2d4851a1d" relativeResultsDirectory="8752bc93-859a-454a-bcc4-6f4b29067b50" />
    <UnitTestResult executionId="7c58a0d2-ef81-4222-8b1d-a194da886807" testId="bf48e581-43e6-7660-c4f4-1b7deb1f0ed9" testName="ToConfiguration_Passing_Valid_DirectoryPath_Invalid_JsonFileName_Not_Optional_Returns_ApplicationException" computerName="PC-SFERRARI" duration="00:00:00.0029070" startTime="2021-01-16T18:07:00.1811976+00:00" endTime="2021-01-16T18:07:00.1842170+00:00" testType="13cdc9d9-ddb5-4fa4-a97d-d965ccfc6d4b" outcome="Passed" testListId="8c84fa94-04c1-424b-9868-57a2d4851a1d" relativeResultsDirectory="7c58a0d2-ef81-4222-8b1d-a194da886807" />
    <UnitTestResult executionId="9780e71a-8ff6-4a16-8306-1a9b0d55aef9" testId="d0b36a04-4127-30ad-3e5f-debee628dde9" testName="ResultDataInternalServerError" computerName="PC-SFERRARI" duration="00:00:00.0007183" startTime="2021-01-16T18:07:00.7845204+00:00" endTime="2021-01-16T18:07:00.7853692+00:00" testType="13cdc9d9-ddb5-4fa4-a97d-d965ccfc6d4b" outcome="Passed" testListId="8c84fa94-04c1-424b-9868-57a2d4851a1d" relativeResultsDirectory="9780e71a-8ff6-4a16-8306-1a9b0d55aef9" />
    <UnitTestResult executionId="cc60dd8d-43e7-4100-bcfe-401fa65212a7" testId="2799ef62-9686-0dc7-84d2-73639b0030f7" testName="ToInt_Passing_InvalidValueString_Returns_Null" computerName="PC-SFERRARI" duration="00:00:00.0004223" startTime="2021-01-16T18:07:01.0359727+00:00" endTime="2021-01-16T18:07:01.0366087+00:00" testType="13cdc9d9-ddb5-4fa4-a97d-d965ccfc6d4b" outcome="Passed" testListId="8c84fa94-04c1-424b-9868-57a2d4851a1d" relativeResultsDirectory="cc60dd8d-43e7-4100-bcfe-401fa65212a7" resultType="DataDrivenTest">
      <InnerResults>
        <UnitTestResult executionId="0f235924-4e50-49c1-82db-aa04b25a6980" parentExecutionId="cc60dd8d-43e7-4100-bcfe-401fa65212a7" testId="2799ef62-9686-0dc7-84d2-73639b0030f7" testName="ToInt_Passing_InvalidValueString_Returns_Null (1.3333)" computerName="PC-SFERRARI" duration="00:00:00.0002836" startTime="2021-01-16T18:07:01.0359727+00:00" endTime="2021-01-16T18:07:01.0366087+00:00" testType="13cdc9d9-ddb5-4fa4-a97d-d965ccfc6d4b" outcome="Passed" testListId="8c84fa94-04c1-424b-9868-57a2d4851a1d" relativeResultsDirectory="0f235924-4e50-49c1-82db-aa04b25a6980" dataRowInfo="1" resultType="DataDrivenDataRow" />
        <UnitTestResult executionId="17f5f769-57f4-4c91-b5f8-fdcb0a81e502" parentExecutionId="cc60dd8d-43e7-4100-bcfe-401fa65212a7" testId="2799ef62-9686-0dc7-84d2-73639b0030f7" testName="ToInt_Passing_InvalidValueString_Returns_Null (1,3333)" computerName="PC-SFERRARI" duration="00:00:00.0000057" startTime="2021-01-16T18:07:01.0359727+00:00" endTime="2021-01-16T18:07:01.0366087+00:00" testType="13cdc9d9-ddb5-4fa4-a97d-d965ccfc6d4b" outcome="Passed" testListId="8c84fa94-04c1-424b-9868-57a2d4851a1d" relativeResultsDirectory="17f5f769-57f4-4c91-b5f8-fdcb0a81e502" dataRowInfo="2" resultType="DataDrivenDataRow" />
        <UnitTestResult executionId="ed7bf0f2-0d10-4b9a-bbcc-ec37c9d4af94" parentExecutionId="cc60dd8d-43e7-4100-bcfe-401fa65212a7" testId="2799ef62-9686-0dc7-84d2-73639b0030f7" testName="ToInt_Passing_InvalidValueString_Returns_Null (1.333,39)" computerName="PC-SFERRARI" duration="00:00:00.0000037" startTime="2021-01-16T18:07:01.0359727+00:00" endTime="2021-01-16T18:07:01.0366087+00:00" testType="13cdc9d9-ddb5-4fa4-a97d-d965ccfc6d4b" outcome="Passed" testListId="8c84fa94-04c1-424b-9868-57a2d4851a1d" relativeResultsDirectory="ed7bf0f2-0d10-4b9a-bbcc-ec37c9d4af94" dataRowInfo="3" resultType="DataDrivenDataRow" />
        <UnitTestResult executionId="fe885419-7058-45f3-b642-4772166aa1c2" parentExecutionId="cc60dd8d-43e7-4100-bcfe-401fa65212a7" testId="2799ef62-9686-0dc7-84d2-73639b0030f7" testName="ToInt_Passing_InvalidValueString_Returns_Null (999999439293294392492349329493294)" computerName="PC-SFERRARI" duration="00:00:00.0000034" startTime="2021-01-16T18:07:01.0359727+00:00" endTime="2021-01-16T18:07:01.0366087+00:00" testType="13cdc9d9-ddb5-4fa4-a97d-d965ccfc6d4b" outcome="Passed" testListId="8c84fa94-04c1-424b-9868-57a2d4851a1d" relativeResultsDirectory="fe885419-7058-45f3-b642-4772166aa1c2" dataRowInfo="4" resultType="DataDrivenDataRow" />
        <UnitTestResult executionId="f03840a3-6321-4abf-ae87-8e797544e530" parentExecutionId="cc60dd8d-43e7-4100-bcfe-401fa65212a7" testId="2799ef62-9686-0dc7-84d2-73639b0030f7" testName="ToInt_Passing_InvalidValueString_Returns_Null (asdasdasdasd234324)" computerName="PC-SFERRARI" duration="00:00:00.0000030" startTime="2021-01-16T18:07:01.0359727+00:00" endTime="2021-01-16T18:07:01.0366087+00:00" testType="13cdc9d9-ddb5-4fa4-a97d-d965ccfc6d4b" outcome="Passed" testListId="8c84fa94-04c1-424b-9868-57a2d4851a1d" relativeResultsDirectory="f03840a3-6321-4abf-ae87-8e797544e530" dataRowInfo="5" resultType="DataDrivenDataRow" />
      </InnerResults>
    </UnitTestResult>
    <UnitTestResult executionId="dac83e7e-dfe7-4239-a218-961457db6cd1" testId="725d136c-3e7a-6e51-fc61-03203ffec0b5" testName="IsSubdomain_Passing_ValidArguments_Returns_HasErrorsAndCount" computerName="PC-SFERRARI" duration="00:00:00.0002715" startTime="2021-01-16T18:07:00.0277186+00:00" endTime="2021-01-16T18:07:00.0281103+00:00" testType="13cdc9d9-ddb5-4fa4-a97d-d965ccfc6d4b" outcome="Passed" testListId="8c84fa94-04c1-424b-9868-57a2d4851a1d" relativeResultsDirectory="dac83e7e-dfe7-4239-a218-961457db6cd1" />
    <UnitTestResult executionId="96e8f092-793e-4cd7-90a1-4f5e0d3d1758" testId="1c5fe271-1e90-52f5-1f31-436b17e57702" testName="IsGreater_Passing_InvalidArguments_Returns_HasErrorsAndCount" computerName="PC-SFERRARI" duration="00:00:00.0048763" startTime="2021-01-16T18:06:59.9995415+00:00" endTime="2021-01-16T18:07:00.0045365+00:00" testType="13cdc9d9-ddb5-4fa4-a97d-d965ccfc6d4b" outcome="Passed" testListId="8c84fa94-04c1-424b-9868-57a2d4851a1d" relativeResultsDirectory="96e8f092-793e-4cd7-90a1-4f5e0d3d1758" />
    <UnitTestResult executionId="69d8cf4c-9a1d-4e43-b272-6557c37b484b" testId="bb347f18-44ab-0d77-d5bd-a671e4c37650" testName="ToRemove_Passing_ValidValue_Returns_ValueWithoutRemovedChars" computerName="PC-SFERRARI" duration="00:00:00.0010001" startTime="2021-01-16T18:07:01.0654739+00:00" endTime="2021-01-16T18:07:01.0667255+00:00" testType="13cdc9d9-ddb5-4fa4-a97d-d965ccfc6d4b" outcome="Passed" testListId="8c84fa94-04c1-424b-9868-57a2d4851a1d" relativeResultsDirectory="69d8cf4c-9a1d-4e43-b272-6557c37b484b" resultType="DataDrivenTest">
      <InnerResults>
        <UnitTestResult executionId="c302942e-9bdc-4ad3-8586-f5013d0fca9c" parentExecutionId="69d8cf4c-9a1d-4e43-b272-6557c37b484b" testId="bb347f18-44ab-0d77-d5bd-a671e4c37650" testName="ToRemove_Passing_ValidValue_Returns_ValueWithoutRemovedChars ( *, ,*)" computerName="PC-SFERRARI" duration="00:00:00.0006104" startTime="2021-01-16T18:07:01.0654739+00:00" endTime="2021-01-16T18:07:01.0667255+00:00" testType="13cdc9d9-ddb5-4fa4-a97d-d965ccfc6d4b" outcome="Passed" testListId="8c84fa94-04c1-424b-9868-57a2d4851a1d" relativeResultsDirectory="c302942e-9bdc-4ad3-8586-f5013d0fca9c" dataRowInfo="1" resultType="DataDrivenDataRow" />
        <UnitTestResult executionId="9d50ceea-4015-4516-9ab6-3289f3d1b2db" parentExecutionId="69d8cf4c-9a1d-4e43-b272-6557c37b484b" testId="bb347f18-44ab-0d77-d5bd-a671e4c37650" testName="ToRemove_Passing_ValidValue_Returns_ValueWithoutRemovedChars (* , ,*)" computerName="PC-SFERRARI" duration="00:00:00.0000210" startTime="2021-01-16T18:07:01.0654739+00:00" endTime="2021-01-16T18:07:01.0667255+00:00" testType="13cdc9d9-ddb5-4fa4-a97d-d965ccfc6d4b" outcome="Passed" testListId="8c84fa94-04c1-424b-9868-57a2d4851a1d" relativeResultsDirectory="9d50ceea-4015-4516-9ab6-3289f3d1b2db" dataRowInfo="2" resultType="DataDrivenDataRow" />
        <UnitTestResult executionId="07b55152-7f4a-4fa1-be83-636be10f0d75" parentExecutionId="69d8cf4c-9a1d-4e43-b272-6557c37b484b" testId="bb347f18-44ab-0d77-d5bd-a671e4c37650" testName="ToRemove_Passing_ValidValue_Returns_ValueWithoutRemovedChars ( * , ,*)" computerName="PC-SFERRARI" duration="00:00:00.0000090" startTime="2021-01-16T18:07:01.0654739+00:00" endTime="2021-01-16T18:07:01.0667255+00:00" testType="13cdc9d9-ddb5-4fa4-a97d-d965ccfc6d4b" outcome="Passed" testListId="8c84fa94-04c1-424b-9868-57a2d4851a1d" relativeResultsDirectory="07b55152-7f4a-4fa1-be83-636be10f0d75" dataRowInfo="3" resultType="DataDrivenDataRow" />
        <UnitTestResult executionId="1bb37f2a-360c-4149-9954-5f1092636d9a" parentExecutionId="69d8cf4c-9a1d-4e43-b272-6557c37b484b" testId="bb347f18-44ab-0d77-d5bd-a671e4c37650" testName="ToRemove_Passing_ValidValue_Returns_ValueWithoutRemovedChars (hello hello, ,hellohello)" computerName="PC-SFERRARI" duration="00:00:00.0000093" startTime="2021-01-16T18:07:01.0654739+00:00" endTime="2021-01-16T18:07:01.0667255+00:00" testType="13cdc9d9-ddb5-4fa4-a97d-d965ccfc6d4b" outcome="Passed" testListId="8c84fa94-04c1-424b-9868-57a2d4851a1d" relativeResultsDirectory="1bb37f2a-360c-4149-9954-5f1092636d9a" dataRowInfo="4" resultType="DataDrivenDataRow" />
        <UnitTestResult executionId="efacdd0a-a959-4e5f-8fd1-924a4517d725" parentExecutionId="69d8cf4c-9a1d-4e43-b272-6557c37b484b" testId="bb347f18-44ab-0d77-d5bd-a671e4c37650" testName="ToRemove_Passing_ValidValue_Returns_ValueWithoutRemovedChars (hello hello , ,hellohello)" computerName="PC-SFERRARI" duration="00:00:00.0000081" startTime="2021-01-16T18:07:01.0654739+00:00" endTime="2021-01-16T18:07:01.0667255+00:00" testType="13cdc9d9-ddb5-4fa4-a97d-d965ccfc6d4b" outcome="Passed" testListId="8c84fa94-04c1-424b-9868-57a2d4851a1d" relativeResultsDirectory="efacdd0a-a959-4e5f-8fd1-924a4517d725" dataRowInfo="5" resultType="DataDrivenDataRow" />
        <UnitTestResult executionId="72d6df44-fc4b-4a9e-a389-24df1223f660" parentExecutionId="69d8cf4c-9a1d-4e43-b272-6557c37b484b" testId="bb347f18-44ab-0d77-d5bd-a671e4c37650" testName="ToRemove_Passing_ValidValue_Returns_ValueWithoutRemovedChars ( hello hello , ,hellohello)" computerName="PC-SFERRARI" duration="00:00:00.0000082" startTime="2021-01-16T18:07:01.0654739+00:00" endTime="2021-01-16T18:07:01.0667255+00:00" testType="13cdc9d9-ddb5-4fa4-a97d-d965ccfc6d4b" outcome="Passed" testListId="8c84fa94-04c1-424b-9868-57a2d4851a1d" relativeResultsDirectory="72d6df44-fc4b-4a9e-a389-24df1223f660" dataRowInfo="6" resultType="DataDrivenDataRow" />
        <UnitTestResult executionId="60886373-d784-423d-8c6e-751b03d46a96" parentExecutionId="69d8cf4c-9a1d-4e43-b272-6557c37b484b" testId="bb347f18-44ab-0d77-d5bd-a671e4c37650" testName="ToRemove_Passing_ValidValue_Returns_ValueWithoutRemovedChars (aeiou,a,eiou)" computerName="PC-SFERRARI" duration="00:00:00.0000073" startTime="2021-01-16T18:07:01.0654739+00:00" endTime="2021-01-16T18:07:01.0667255+00:00" testType="13cdc9d9-ddb5-4fa4-a97d-d965ccfc6d4b" outcome="Passed" testListId="8c84fa94-04c1-424b-9868-57a2d4851a1d" relativeResultsDirectory="60886373-d784-423d-8c6e-751b03d46a96" dataRowInfo="7" resultType="DataDrivenDataRow" />
        <UnitTestResult executionId="662f77de-71fd-4649-b718-3bdef5c772aa" parentExecutionId="69d8cf4c-9a1d-4e43-b272-6557c37b484b" testId="bb347f18-44ab-0d77-d5bd-a671e4c37650" testName="ToRemove_Passing_ValidValue_Returns_ValueWithoutRemovedChars (aeiou,ae,iou)" computerName="PC-SFERRARI" duration="00:00:00.0000073" startTime="2021-01-16T18:07:01.0654739+00:00" endTime="2021-01-16T18:07:01.0667255+00:00" testType="13cdc9d9-ddb5-4fa4-a97d-d965ccfc6d4b" outcome="Passed" testListId="8c84fa94-04c1-424b-9868-57a2d4851a1d" relativeResultsDirectory="662f77de-71fd-4649-b718-3bdef5c772aa" dataRowInfo="8" resultType="DataDrivenDataRow" />
        <UnitTestResult executionId="24433a32-5a26-4d23-a382-83349c0410be" parentExecutionId="69d8cf4c-9a1d-4e43-b272-6557c37b484b" testId="bb347f18-44ab-0d77-d5bd-a671e4c37650" testName="ToRemove_Passing_ValidValue_Returns_ValueWithoutRemovedChars (aeiou,aei,ou)" computerName="PC-SFERRARI" duration="00:00:00.0000233" startTime="2021-01-16T18:07:01.0654739+00:00" endTime="2021-01-16T18:07:01.0667255+00:00" testType="13cdc9d9-ddb5-4fa4-a97d-d965ccfc6d4b" outcome="Passed" testListId="8c84fa94-04c1-424b-9868-57a2d4851a1d" relativeResultsDirectory="24433a32-5a26-4d23-a382-83349c0410be" dataRowInfo="9" resultType="DataDrivenDataRow" />
        <UnitTestResult executionId="65013c9e-22e9-4fbd-a94c-f0454e6f752b" parentExecutionId="69d8cf4c-9a1d-4e43-b272-6557c37b484b" testId="bb347f18-44ab-0d77-d5bd-a671e4c37650" testName="ToRemove_Passing_ValidValue_Returns_ValueWithoutRemovedChars (aeiou,aeio,u)" computerName="PC-SFERRARI" duration="00:00:00.0000076" startTime="2021-01-16T18:07:01.0654739+00:00" endTime="2021-01-16T18:07:01.0667255+00:00" testType="13cdc9d9-ddb5-4fa4-a97d-d965ccfc6d4b" outcome="Passed" testListId="8c84fa94-04c1-424b-9868-57a2d4851a1d" relativeResultsDirectory="65013c9e-22e9-4fbd-a94c-f0454e6f752b" dataRowInfo="10" resultType="DataDrivenDataRow" />
        <UnitTestResult executionId="1b08b7d2-7775-4777-974a-4c8296f99da5" parentExecutionId="69d8cf4c-9a1d-4e43-b272-6557c37b484b" testId="bb347f18-44ab-0d77-d5bd-a671e4c37650" testName="ToRemove_Passing_ValidValue_Returns_ValueWithoutRemovedChars (aeiou,aeiou,)" computerName="PC-SFERRARI" duration="00:00:00.0000069" startTime="2021-01-16T18:07:01.0654739+00:00" endTime="2021-01-16T18:07:01.0667255+00:00" testType="13cdc9d9-ddb5-4fa4-a97d-d965ccfc6d4b" outcome="Passed" testListId="8c84fa94-04c1-424b-9868-57a2d4851a1d" relativeResultsDirectory="1b08b7d2-7775-4777-974a-4c8296f99da5" dataRowInfo="11" resultType="DataDrivenDataRow" />
        <UnitTestResult executionId="bab55918-d899-4d78-9528-10cb1fdf3087" parentExecutionId="69d8cf4c-9a1d-4e43-b272-6557c37b484b" testId="bb347f18-44ab-0d77-d5bd-a671e4c37650" testName="ToRemove_Passing_ValidValue_Returns_ValueWithoutRemovedChars (aeiou,e,aiou)" computerName="PC-SFERRARI" duration="00:00:00.0000077" startTime="2021-01-16T18:07:01.0654739+00:00" endTime="2021-01-16T18:07:01.0667255+00:00" testType="13cdc9d9-ddb5-4fa4-a97d-d965ccfc6d4b" outcome="Passed" testListId="8c84fa94-04c1-424b-9868-57a2d4851a1d" relativeResultsDirectory="bab55918-d899-4d78-9528-10cb1fdf3087" dataRowInfo="12" resultType="DataDrivenDataRow" />
        <UnitTestResult executionId="835c08e8-fc2b-4795-b47a-e1924859dbee" parentExecutionId="69d8cf4c-9a1d-4e43-b272-6557c37b484b" testId="bb347f18-44ab-0d77-d5bd-a671e4c37650" testName="ToRemove_Passing_ValidValue_Returns_ValueWithoutRemovedChars (aeiou,ei,aou)" computerName="PC-SFERRARI" duration="00:00:00.0000073" startTime="2021-01-16T18:07:01.0654739+00:00" endTime="2021-01-16T18:07:01.0667255+00:00" testType="13cdc9d9-ddb5-4fa4-a97d-d965ccfc6d4b" outcome="Passed" testListId="8c84fa94-04c1-424b-9868-57a2d4851a1d" relativeResultsDirectory="835c08e8-fc2b-4795-b47a-e1924859dbee" dataRowInfo="13" resultType="DataDrivenDataRow" />
      </InnerResults>
    </UnitTestResult>
    <UnitTestResult executionId="f5bff066-1e53-4f2d-9ea7-ecf0915aca62" testId="1761ee10-7c34-b565-b889-1885bffe91c3" testName="ToSetTime_Passing_Time_Int_Returns_DateTime" computerName="PC-SFERRARI" duration="00:00:00.0004600" startTime="2021-01-16T18:07:00.3553787+00:00" endTime="2021-01-16T18:07:00.3559450+00:00" testType="13cdc9d9-ddb5-4fa4-a97d-d965ccfc6d4b" outcome="Passed" testListId="8c84fa94-04c1-424b-9868-57a2d4851a1d" relativeResultsDirectory="f5bff066-1e53-4f2d-9ea7-ecf0915aca62" />
    <UnitTestResult executionId="ba76fa7a-3b50-4bd5-88fc-a8dda121fca6" testId="313cfb2c-8c3b-337b-12f8-296f8611376d" testName="ToConfigureOrDefault_Passing_ActionCustomValues_Returns_CustomValues" computerName="PC-SFERRARI" duration="00:00:00.0121262" startTime="2021-01-16T18:06:59.1823651+00:00" endTime="2021-01-16T18:06:59.2931800+00:00" testType="13cdc9d9-ddb5-4fa4-a97d-d965ccfc6d4b" outcome="Passed" testListId="8c84fa94-04c1-424b-9868-57a2d4851a1d" relativeResultsDirectory="ba76fa7a-3b50-4bd5-88fc-a8dda121fca6" />
    <UnitTestResult executionId="0cf57ed3-95cb-43e8-b540-0ce101c08831" testId="64bc1554-814c-3c40-a6b0-679b40b89c36" testName="ToExists_Passing_Valid_Service_Returns_True" computerName="PC-SFERRARI" duration="00:00:00.0003952" startTime="2021-01-16T18:06:59.9103888+00:00" endTime="2021-01-16T18:06:59.9108551+00:00" testType="13cdc9d9-ddb5-4fa4-a97d-d965ccfc6d4b" outcome="Passed" testListId="8c84fa94-04c1-424b-9868-57a2d4851a1d" relativeResultsDirectory="0cf57ed3-95cb-43e8-b540-0ce101c08831" />
    <UnitTestResult executionId="1a582c43-fa5d-47b3-b677-841fcf337acb" testId="859b5acf-9d8b-7620-f96f-ba83c1545a71" testName="ResultOkData_WithData_WithMessage_WithDetails" computerName="PC-SFERRARI" duration="00:00:00.0067676" startTime="2021-01-16T18:07:00.8342285+00:00" endTime="2021-01-16T18:07:00.8411516+00:00" testType="13cdc9d9-ddb5-4fa4-a97d-d965ccfc6d4b" outcome="Passed" testListId="8c84fa94-04c1-424b-9868-57a2d4851a1d" relativeResultsDirectory="1a582c43-fa5d-47b3-b677-841fcf337acb" />
    <UnitTestResult executionId="02acbd4a-865d-43ce-8a72-3ec2a2c85864" testId="eb3fbb45-8257-f4b8-0975-042f859a72bf" testName="ToDictionaryPropertyInfo_Passing_Object_Not_IncludeNullOrEmptyProperty_Returns_Properties_NameAndValue_Dictionary" computerName="PC-SFERRARI" duration="00:00:00.0007880" startTime="2021-01-16T18:07:00.4546359+00:00" endTime="2021-01-16T18:07:00.4555807+00:00" testType="13cdc9d9-ddb5-4fa4-a97d-d965ccfc6d4b" outcome="Passed" testListId="8c84fa94-04c1-424b-9868-57a2d4851a1d" relativeResultsDirectory="02acbd4a-865d-43ce-8a72-3ec2a2c85864" />
    <UnitTestResult executionId="466571d9-03c0-46e4-8e25-0befb6e595c5" testId="d5506b30-7041-6d90-bd03-bcd5b2479c40" testName="ToHashAlgorithmName_Passing_InvalidValueLowerCaseStringWithDefaultValue_Returns_DefaultValue" computerName="PC-SFERRARI" duration="00:00:00.0011070" startTime="2021-01-16T18:07:01.0145903+00:00" endTime="2021-01-16T18:07:01.0157837+00:00" testType="13cdc9d9-ddb5-4fa4-a97d-d965ccfc6d4b" outcome="Passed" testListId="8c84fa94-04c1-424b-9868-57a2d4851a1d" relativeResultsDirectory="466571d9-03c0-46e4-8e25-0befb6e595c5" resultType="DataDrivenTest">
      <InnerResults>
        <UnitTestResult executionId="90d1eedf-6546-4e48-8665-54006ca17c16" parentExecutionId="466571d9-03c0-46e4-8e25-0befb6e595c5" testId="d5506b30-7041-6d90-bd03-bcd5b2479c40" testName="ToHashAlgorithmName_Passing_InvalidValueLowerCaseStringWithDefaultValue_Returns_DefaultValue (md5)" computerName="PC-SFERRARI" duration="00:00:00.0010650" startTime="2021-01-16T18:07:01.0145903+00:00" endTime="2021-01-16T18:07:01.0157837+00:00" testType="13cdc9d9-ddb5-4fa4-a97d-d965ccfc6d4b" outcome="Passed" testListId="8c84fa94-04c1-424b-9868-57a2d4851a1d" relativeResultsDirectory="90d1eedf-6546-4e48-8665-54006ca17c16" dataRowInfo="1" resultType="DataDrivenDataRow" />
      </InnerResults>
    </UnitTestResult>
    <UnitTestResult executionId="478067a2-2434-4eb7-b613-a0d993253ffe" testId="6088101f-62c5-69c8-6751-05523b132d06" testName="CreateAndVerifySHA512_Passing_Valid_Arguments_Returns_True" computerName="PC-SFERRARI" duration="00:00:00.0012496" startTime="2021-01-16T18:07:00.4697652+00:00" endTime="2021-01-16T18:07:00.4712156+00:00" testType="13cdc9d9-ddb5-4fa4-a97d-d965ccfc6d4b" outcome="Passed" testListId="8c84fa94-04c1-424b-9868-57a2d4851a1d" relativeResultsDirectory="478067a2-2434-4eb7-b613-a0d993253ffe" resultType="DataDrivenTest">
      <InnerResults>
        <UnitTestResult executionId="c7d153b6-3434-45d9-aaf4-0ddceb64a4ef" parentExecutionId="478067a2-2434-4eb7-b613-a0d993253ffe" testId="6088101f-62c5-69c8-6751-05523b132d06" testName="CreateAndVerifySHA512_Passing_Valid_Arguments_Returns_True (Password)" computerName="PC-SFERRARI" duration="00:00:00.0010158" startTime="2021-01-16T18:07:00.4697652+00:00" endTime="2021-01-16T18:07:00.4712156+00:00" testType="13cdc9d9-ddb5-4fa4-a97d-d965ccfc6d4b" outcome="Passed" testListId="8c84fa94-04c1-424b-9868-57a2d4851a1d" relativeResultsDirectory="c7d153b6-3434-45d9-aaf4-0ddceb64a4ef" dataRowInfo="1" resultType="DataDrivenDataRow" />
        <UnitTestResult executionId="dabfb924-813a-4eb9-8447-5f9b5ba22a4b" parentExecutionId="478067a2-2434-4eb7-b613-a0d993253ffe" testId="6088101f-62c5-69c8-6751-05523b132d06" testName="CreateAndVerifySHA512_Passing_Valid_Arguments_Returns_True (HashTests)" computerName="PC-SFERRARI" duration="00:00:00.0000600" startTime="2021-01-16T18:07:00.4697652+00:00" endTime="2021-01-16T18:07:00.4712156+00:00" testType="13cdc9d9-ddb5-4fa4-a97d-d965ccfc6d4b" outcome="Passed" testListId="8c84fa94-04c1-424b-9868-57a2d4851a1d" relativeResultsDirectory="dabfb924-813a-4eb9-8447-5f9b5ba22a4b" dataRowInfo="2" resultType="DataDrivenDataRow" />
        <UnitTestResult executionId="2a0103a8-8ef9-4d49-b7ee-ed1255157f41" parentExecutionId="478067a2-2434-4eb7-b613-a0d993253ffe" testId="6088101f-62c5-69c8-6751-05523b132d06" testName="CreateAndVerifySHA512_Passing_Valid_Arguments_Returns_True (sdlfkjldsfksdfñl·%$·&amp;$/U&amp;/)(&amp;()?=)¿?^P*^PÑL,.,.lñ´ñ+98098'098098)" computerName="PC-SFERRARI" duration="00:00:00.0000371" startTime="2021-01-16T18:07:00.4697652+00:00" endTime="2021-01-16T18:07:00.4712156+00:00" testType="13cdc9d9-ddb5-4fa4-a97d-d965ccfc6d4b" outcome="Passed" testListId="8c84fa94-04c1-424b-9868-57a2d4851a1d" relativeResultsDirectory="2a0103a8-8ef9-4d49-b7ee-ed1255157f41" dataRowInfo="3" resultType="DataDrivenDataRow" />
      </InnerResults>
    </UnitTestResult>
    <UnitTestResult executionId="702308ae-d0eb-4f06-aaa6-86d575373ebc" testId="481343f9-3ff3-548f-0c6c-41599cf65802" testName="CreateRandom_WithDefaultAllowableCharacters_Passing_ValidArguments_Returns_String_Random_Value" computerName="PC-SFERRARI" duration="00:00:00.0003560" startTime="2021-01-16T18:07:00.4775460+00:00" endTime="2021-01-16T18:07:00.4780838+00:00" testType="13cdc9d9-ddb5-4fa4-a97d-d965ccfc6d4b" outcome="Passed" testListId="8c84fa94-04c1-424b-9868-57a2d4851a1d" relativeResultsDirectory="702308ae-d0eb-4f06-aaa6-86d575373ebc" resultType="DataDrivenTest">
      <InnerResults>
        <UnitTestResult executionId="2605b130-000b-4581-b021-17af5d1a7571" parentExecutionId="702308ae-d0eb-4f06-aaa6-86d575373ebc" testId="481343f9-3ff3-548f-0c6c-41599cf65802" testName="CreateRandom_WithDefaultAllowableCharacters_Passing_ValidArguments_Returns_String_Random_Value (5)" computerName="PC-SFERRARI" duration="00:00:00.0002454" startTime="2021-01-16T18:07:00.4775460+00:00" endTime="2021-01-16T18:07:00.4780838+00:00" testType="13cdc9d9-ddb5-4fa4-a97d-d965ccfc6d4b" outcome="Passed" testListId="8c84fa94-04c1-424b-9868-57a2d4851a1d" relativeResultsDirectory="2605b130-000b-4581-b021-17af5d1a7571" dataRowInfo="1" resultType="DataDrivenDataRow" />
        <UnitTestResult executionId="ae34005e-446f-45a9-ae21-bdb22890e4f2" parentExecutionId="702308ae-d0eb-4f06-aaa6-86d575373ebc" testId="481343f9-3ff3-548f-0c6c-41599cf65802" testName="CreateRandom_WithDefaultAllowableCharacters_Passing_ValidArguments_Returns_String_Random_Value (10)" computerName="PC-SFERRARI" duration="00:00:00.0000096" startTime="2021-01-16T18:07:00.4775460+00:00" endTime="2021-01-16T18:07:00.4780838+00:00" testType="13cdc9d9-ddb5-4fa4-a97d-d965ccfc6d4b" outcome="Passed" testListId="8c84fa94-04c1-424b-9868-57a2d4851a1d" relativeResultsDirectory="ae34005e-446f-45a9-ae21-bdb22890e4f2" dataRowInfo="2" resultType="DataDrivenDataRow" />
        <UnitTestResult executionId="282e9ce4-120b-432e-8093-e21a709c09a8" parentExecutionId="702308ae-d0eb-4f06-aaa6-86d575373ebc" testId="481343f9-3ff3-548f-0c6c-41599cf65802" testName="CreateRandom_WithDefaultAllowableCharacters_Passing_ValidArguments_Returns_String_Random_Value (20)" computerName="PC-SFERRARI" duration="00:00:00.0000065" startTime="2021-01-16T18:07:00.4775460+00:00" endTime="2021-01-16T18:07:00.4780838+00:00" testType="13cdc9d9-ddb5-4fa4-a97d-d965ccfc6d4b" outcome="Passed" testListId="8c84fa94-04c1-424b-9868-57a2d4851a1d" relativeResultsDirectory="282e9ce4-120b-432e-8093-e21a709c09a8" dataRowInfo="3" resultType="DataDrivenDataRow" />
      </InnerResults>
    </UnitTestResult>
    <UnitTestResult executionId="24b29550-21f5-4a36-998f-a65d69bb5b08" testId="17a38df3-33e0-71ac-f8cb-dcdd3ade7269" testName="ToDefaultValue_Passing_char_Returns_Cero" computerName="PC-SFERRARI" duration="00:00:00.0004239" startTime="2021-01-16T18:07:00.4311486+00:00" endTime="2021-01-16T18:07:00.4316858+00:00" testType="13cdc9d9-ddb5-4fa4-a97d-d965ccfc6d4b" outcome="Passed" testListId="8c84fa94-04c1-424b-9868-57a2d4851a1d" relativeResultsDirectory="24b29550-21f5-4a36-998f-a65d69bb5b08" resultType="DataDrivenTest">
      <InnerResults>
        <UnitTestResult executionId="599de17f-1007-46d1-931f-98f3cd93457b" parentExecutionId="24b29550-21f5-4a36-998f-a65d69bb5b08" testId="17a38df3-33e0-71ac-f8cb-dcdd3ade7269" testName="ToDefaultValue_Passing_char_Returns_Cero (*)" computerName="PC-SFERRARI" duration="00:00:00.0003637" startTime="2021-01-16T18:07:00.4311486+00:00" endTime="2021-01-16T18:07:00.4316858+00:00" testType="13cdc9d9-ddb5-4fa4-a97d-d965ccfc6d4b" outcome="Passed" testListId="8c84fa94-04c1-424b-9868-57a2d4851a1d" relativeResultsDirectory="599de17f-1007-46d1-931f-98f3cd93457b" dataRowInfo="1" resultType="DataDrivenDataRow" />
      </InnerResults>
    </UnitTestResult>
    <UnitTestResult executionId="4f454d39-778e-4da0-84a0-7c8ff244a264" testId="ae09f98c-257a-b9e5-5b0b-16344b7adf1c" testName="ToInt_Passing_ValidValueString_Returns_Int" computerName="PC-SFERRARI" duration="00:00:00.0002460" startTime="2021-01-16T18:07:01.0366668+00:00" endTime="2021-01-16T18:07:01.0370081+00:00" testType="13cdc9d9-ddb5-4fa4-a97d-d965ccfc6d4b" outcome="Passed" testListId="8c84fa94-04c1-424b-9868-57a2d4851a1d" relativeResultsDirectory="4f454d39-778e-4da0-84a0-7c8ff244a264" resultType="DataDrivenTest">
      <InnerResults>
        <UnitTestResult executionId="afaf5c9e-7e75-461f-9fb6-66dff30dae89" parentExecutionId="4f454d39-778e-4da0-84a0-7c8ff244a264" testId="ae09f98c-257a-b9e5-5b0b-16344b7adf1c" testName="ToInt_Passing_ValidValueString_Returns_Int (1234567890)" computerName="PC-SFERRARI" duration="00:00:00.0002042" startTime="2021-01-16T18:07:01.0366668+00:00" endTime="2021-01-16T18:07:01.0370081+00:00" testType="13cdc9d9-ddb5-4fa4-a97d-d965ccfc6d4b" outcome="Passed" testListId="8c84fa94-04c1-424b-9868-57a2d4851a1d" relativeResultsDirectory="afaf5c9e-7e75-461f-9fb6-66dff30dae89" dataRowInfo="1" resultType="DataDrivenDataRow" />
      </InnerResults>
    </UnitTestResult>
    <UnitTestResult executionId="b5a8c3ce-376c-4d19-9705-65454a9979b0" testId="e9b23f0c-0cde-4603-1739-ee642fd33c36" testName="ToSubdomain_Passing_HttpRequest_Host_Returns_Subdomain" computerName="PC-SFERRARI" duration="00:00:00.0128260" startTime="2021-01-16T18:07:00.5674747+00:00" endTime="2021-01-16T18:07:00.5805014+00:00" testType="13cdc9d9-ddb5-4fa4-a97d-d965ccfc6d4b" outcome="Passed" testListId="8c84fa94-04c1-424b-9868-57a2d4851a1d" relativeResultsDirectory="b5a8c3ce-376c-4d19-9705-65454a9979b0" />
    <UnitTestResult executionId="6d1a4a71-b8cb-4449-822a-c5ea2518865b" testId="71a1897b-b713-c047-1c23-5efdff095b20" testName="ToMapUpdate_Passing_Destination_Object_Returns_Updated_Destination_Object" computerName="PC-SFERRARI" duration="00:00:00.0028214" startTime="2021-01-16T18:06:59.6617334+00:00" endTime="2021-01-16T18:06:59.6646765+00:00" testType="13cdc9d9-ddb5-4fa4-a97d-d965ccfc6d4b" outcome="Passed" testListId="8c84fa94-04c1-424b-9868-57a2d4851a1d" relativeResultsDirectory="6d1a4a71-b8cb-4449-822a-c5ea2518865b" />
    <UnitTestResult executionId="ac4480a3-35c9-4915-9884-43c89fffd299" testId="19a313ce-6632-bd6f-bb7e-c2dc7bcf20eb" testName="ToDefaultValue_Passing_sbyte_Returns_Cero" computerName="PC-SFERRARI" duration="00:00:00.0004206" startTime="2021-01-16T18:07:00.4396850+00:00" endTime="2021-01-16T18:07:00.4402248+00:00" testType="13cdc9d9-ddb5-4fa4-a97d-d965ccfc6d4b" outcome="Passed" testListId="8c84fa94-04c1-424b-9868-57a2d4851a1d" relativeResultsDirectory="ac4480a3-35c9-4915-9884-43c89fffd299" resultType="DataDrivenTest">
      <InnerResults>
        <UnitTestResult executionId="07d513c3-3dde-47e5-ba87-3676030b6157" parentExecutionId="ac4480a3-35c9-4915-9884-43c89fffd299" testId="19a313ce-6632-bd6f-bb7e-c2dc7bcf20eb" testName="ToDefaultValue_Passing_sbyte_Returns_Cero (127)" computerName="PC-SFERRARI" duration="00:00:00.0003547" startTime="2021-01-16T18:07:00.4396850+00:00" endTime="2021-01-16T18:07:00.4402248+00:00" testType="13cdc9d9-ddb5-4fa4-a97d-d965ccfc6d4b" outcome="Passed" testListId="8c84fa94-04c1-424b-9868-57a2d4851a1d" relativeResultsDirectory="07d513c3-3dde-47e5-ba87-3676030b6157" dataRowInfo="1" resultType="DataDrivenDataRow" />
      </InnerResults>
    </UnitTestResult>
    <UnitTestResult executionId="edd6e26c-779e-42f8-86d3-8578be3c4ee8" testId="7daaba64-d3ad-9109-43bf-bdb516b673b8" testName="ToDirectoryFileInfo_Passing_ValidValue_Returns_FileInfo" computerName="PC-SFERRARI" duration="00:00:00.0231254" startTime="2021-01-16T18:07:00.8862302+00:00" endTime="2021-01-16T18:07:00.9097677+00:00" testType="13cdc9d9-ddb5-4fa4-a97d-d965ccfc6d4b" outcome="Passed" testListId="8c84fa94-04c1-424b-9868-57a2d4851a1d" relativeResultsDirectory="edd6e26c-779e-42f8-86d3-8578be3c4ee8" />
    <UnitTestResult executionId="c0c2242c-7a48-417e-a086-837776c502ff" testId="0cb5eb43-9273-0bdf-bd18-53b184535503" testName="ToMessage_Passing_ExceptionWithMessage_Returns_Message" computerName="PC-SFERRARI" duration="00:00:00.0002517" startTime="2021-01-16T18:07:00.4192704+00:00" endTime="2021-01-16T18:07:00.4196521+00:00" testType="13cdc9d9-ddb5-4fa4-a97d-d965ccfc6d4b" outcome="Passed" testListId="8c84fa94-04c1-424b-9868-57a2d4851a1d" relativeResultsDirectory="c0c2242c-7a48-417e-a086-837776c502ff" />
    <UnitTestResult executionId="21dd66b5-082e-4c99-85e6-55702062c826" testId="a03675ec-665e-f4d5-4630-89e50dac0bfb" testName="ToTryContentType_Passing_HttpRequestWithContentType_Value_Returns_ContentType_String_Value" computerName="PC-SFERRARI" duration="00:00:00.0012095" startTime="2021-01-16T18:07:00.5805619+00:00" endTime="2021-01-16T18:07:00.5819839+00:00" testType="13cdc9d9-ddb5-4fa4-a97d-d965ccfc6d4b" outcome="Passed" testListId="8c84fa94-04c1-424b-9868-57a2d4851a1d" relativeResultsDirectory="21dd66b5-082e-4c99-85e6-55702062c826" />
    <UnitTestResult executionId="56905d74-ddc3-4ac2-8a56-5cc371c083e1" testId="e1a72c94-958d-7abb-4a96-4b60b12f8157" testName="ToFullMessage_Passing_ExceptionWithMessageWithInnerException_Returns_Full_Message" computerName="PC-SFERRARI" duration="00:00:00.0085821" startTime="2021-01-16T18:07:00.4095998+00:00" endTime="2021-01-16T18:07:00.4185545+00:00" testType="13cdc9d9-ddb5-4fa4-a97d-d965ccfc6d4b" outcome="Passed" testListId="8c84fa94-04c1-424b-9868-57a2d4851a1d" relativeResultsDirectory="56905d74-ddc3-4ac2-8a56-5cc371c083e1" />
    <UnitTestResult executionId="d1c87301-be97-4b1b-a3be-b2975eacf20e" testId="cd004a9f-a0f6-2fdf-aeae-1890f4ab8e71" testName="ToHashAlgorithmName_Passing_ValidValueString_Returns_HashAlgorithmName" computerName="PC-SFERRARI" duration="00:00:00.0003272" startTime="2021-01-16T18:07:01.0270253+00:00" endTime="2021-01-16T18:07:01.0275007+00:00" testType="13cdc9d9-ddb5-4fa4-a97d-d965ccfc6d4b" outcome="Passed" testListId="8c84fa94-04c1-424b-9868-57a2d4851a1d" relativeResultsDirectory="d1c87301-be97-4b1b-a3be-b2975eacf20e" resultType="DataDrivenTest">
      <InnerResults>
        <UnitTestResult executionId="18bcea2a-39cf-4608-a3f2-863b214daa84" parentExecutionId="d1c87301-be97-4b1b-a3be-b2975eacf20e" testId="cd004a9f-a0f6-2fdf-aeae-1890f4ab8e71" testName="ToHashAlgorithmName_Passing_ValidValueString_Returns_HashAlgorithmName (MD5)" computerName="PC-SFERRARI" duration="00:00:00.0002703" startTime="2021-01-16T18:07:01.0270253+00:00" endTime="2021-01-16T18:07:01.0275007+00:00" testType="13cdc9d9-ddb5-4fa4-a97d-d965ccfc6d4b" outcome="Passed" testListId="8c84fa94-04c1-424b-9868-57a2d4851a1d" relativeResultsDirectory="18bcea2a-39cf-4608-a3f2-863b214daa84" dataRowInfo="1" resultType="DataDrivenDataRow" />
      </InnerResults>
    </UnitTestResult>
    <UnitTestResult executionId="70298045-622b-4918-894c-3cf14334cc83" testId="f2debf4a-2a42-7b0b-1005-8f74a6fc63cb" testName="IsSubdomain_Passing_InvalidArguments_Returns_HasErrorsAndCount" computerName="PC-SFERRARI" duration="00:00:00.0002739" startTime="2021-01-16T18:07:00.0272833+00:00" endTime="2021-01-16T18:07:00.0276860+00:00" testType="13cdc9d9-ddb5-4fa4-a97d-d965ccfc6d4b" outcome="Passed" testListId="8c84fa94-04c1-424b-9868-57a2d4851a1d" relativeResultsDirectory="70298045-622b-4918-894c-3cf14334cc83" />
    <UnitTestResult executionId="63d1ff7f-8ab6-4248-819f-542db90ef4be" testId="4ff63349-9eef-ad1f-85cf-a84cda1ff120" testName="ToDetails_Passing_HttpContext_Returns_Details_HttpContext" computerName="PC-SFERRARI" duration="00:00:00.0179046" startTime="2021-01-16T18:07:00.4876219+00:00" endTime="2021-01-16T18:07:00.5059244+00:00" testType="13cdc9d9-ddb5-4fa4-a97d-d965ccfc6d4b" outcome="Passed" testListId="8c84fa94-04c1-424b-9868-57a2d4851a1d" relativeResultsDirectory="63d1ff7f-8ab6-4248-819f-542db90ef4be" />
    <UnitTestResult executionId="7f1d3f07-67c8-43a6-9e96-56cb7d6305ff" testId="e329bdc2-7660-b4b2-0687-a194b6e35f1d" testName="ResultDataBadRequest_WithErrors_Dictionary" computerName="PC-SFERRARI" duration="00:00:00.0008699" startTime="2021-01-16T18:07:00.7800673+00:00" endTime="2021-01-16T18:07:00.7810290+00:00" testType="13cdc9d9-ddb5-4fa4-a97d-d965ccfc6d4b" outcome="Passed" testListId="8c84fa94-04c1-424b-9868-57a2d4851a1d" relativeResultsDirectory="7f1d3f07-67c8-43a6-9e96-56cb7d6305ff" />
    <UnitTestResult executionId="332c262d-a3b6-43d4-85e0-9c5da9a736a4" testId="65b9c427-b5ec-99b4-199a-0093cd460501" testName="ToUserName_Passing_Null_ClaimsPrincipal_Returns_ApplicationException" computerName="PC-SFERRARI" duration="00:00:00.0005512" startTime="2021-01-16T18:07:00.1551828+00:00" endTime="2021-01-16T18:07:00.1558224+00:00" testType="13cdc9d9-ddb5-4fa4-a97d-d965ccfc6d4b" outcome="Passed" testListId="8c84fa94-04c1-424b-9868-57a2d4851a1d" relativeResultsDirectory="332c262d-a3b6-43d4-85e0-9c5da9a736a4" />
    <UnitTestResult executionId="f550cdc8-c950-4700-adf7-4340bea5eacb" testId="1dab5b85-21d2-af6f-92e5-af8126f0e2fb" testName="ToIsNameThrow_Passing_InvalidValue_Returns_ApplicationExceptionWithMessage" computerName="PC-SFERRARI" duration="00:00:00.0040580" startTime="2021-01-16T18:06:59.9567327+00:00" endTime="2021-01-16T18:06:59.9609006+00:00" testType="13cdc9d9-ddb5-4fa4-a97d-d965ccfc6d4b" outcome="Passed" testListId="8c84fa94-04c1-424b-9868-57a2d4851a1d" relativeResultsDirectory="f550cdc8-c950-4700-adf7-4340bea5eacb" />
    <UnitTestResult executionId="60df7f8e-a83b-421d-ba0f-b85e1a610534" testId="0e702ef4-7e85-bcb3-3879-32ee56a27932" testName="IsName_Passing_ValidArguments_Returns_HasErrorsAndCount" computerName="PC-SFERRARI" duration="00:00:00.0002696" startTime="2021-01-16T18:07:00.0126483+00:00" endTime="2021-01-16T18:07:00.0130166+00:00" testType="13cdc9d9-ddb5-4fa4-a97d-d965ccfc6d4b" outcome="Passed" testListId="8c84fa94-04c1-424b-9868-57a2d4851a1d" relativeResultsDirectory="60df7f8e-a83b-421d-ba0f-b85e1a610534" />
    <UnitTestResult executionId="05907e41-8278-47b8-b84b-f5462afeb6a7" testId="1237bc5f-42ea-8c7f-8602-051620acda95" testName="ToEmailMaskUserName_Passing_ValidEmail_Returns_EmailWithMask" computerName="PC-SFERRARI" duration="00:00:00.0005314" startTime="2021-01-16T18:07:00.9785330+00:00" endTime="2021-01-16T18:07:00.9791969+00:00" testType="13cdc9d9-ddb5-4fa4-a97d-d965ccfc6d4b" outcome="Passed" testListId="8c84fa94-04c1-424b-9868-57a2d4851a1d" relativeResultsDirectory="05907e41-8278-47b8-b84b-f5462afeb6a7" resultType="DataDrivenTest">
      <InnerResults>
        <UnitTestResult executionId="7170db04-6b21-4adc-a387-fbf78175537b" parentExecutionId="05907e41-8278-47b8-b84b-f5462afeb6a7" testId="1237bc5f-42ea-8c7f-8602-051620acda95" testName="ToEmailMaskUserName_Passing_ValidEmail_Returns_EmailWithMask (qaz@gmail.com,q*z@gmail.com)" computerName="PC-SFERRARI" duration="00:00:00.0003276" startTime="2021-01-16T18:07:00.9785330+00:00" endTime="2021-01-16T18:07:00.9791969+00:00" testType="13cdc9d9-ddb5-4fa4-a97d-d965ccfc6d4b" outcome="Passed" testListId="8c84fa94-04c1-424b-9868-57a2d4851a1d" relativeResultsDirectory="7170db04-6b21-4adc-a387-fbf78175537b" dataRowInfo="1" resultType="DataDrivenDataRow" />
        <UnitTestResult executionId="9f43cea5-683f-42e0-a476-fb4d695b9bfe" parentExecutionId="05907e41-8278-47b8-b84b-f5462afeb6a7" testId="1237bc5f-42ea-8c7f-8602-051620acda95" testName="ToEmailMaskUserName_Passing_ValidEmail_Returns_EmailWithMask (qazwsx@gmail.com,q****x@gmail.com)" computerName="PC-SFERRARI" duration="00:00:00.0000353" startTime="2021-01-16T18:07:00.9785330+00:00" endTime="2021-01-16T18:07:00.9791969+00:00" testType="13cdc9d9-ddb5-4fa4-a97d-d965ccfc6d4b" outcome="Passed" testListId="8c84fa94-04c1-424b-9868-57a2d4851a1d" relativeResultsDirectory="9f43cea5-683f-42e0-a476-fb4d695b9bfe" dataRowInfo="2" resultType="DataDrivenDataRow" />
        <UnitTestResult executionId="e542c8f9-3a9a-494b-b753-b7e1023ad1af" parentExecutionId="05907e41-8278-47b8-b84b-f5462afeb6a7" testId="1237bc5f-42ea-8c7f-8602-051620acda95" testName="ToEmailMaskUserName_Passing_ValidEmail_Returns_EmailWithMask (qazwsxedc@gmail.com,q*******c@gmail.com)" computerName="PC-SFERRARI" duration="00:00:00.0000132" startTime="2021-01-16T18:07:00.9785330+00:00" endTime="2021-01-16T18:07:00.9791969+00:00" testType="13cdc9d9-ddb5-4fa4-a97d-d965ccfc6d4b" outcome="Passed" testListId="8c84fa94-04c1-424b-9868-57a2d4851a1d" relativeResultsDirectory="e542c8f9-3a9a-494b-b753-b7e1023ad1af" dataRowInfo="3" resultType="DataDrivenDataRow" />
        <UnitTestResult executionId="2b3e78af-51c4-49cd-92a6-8f5ca9de8ba2" parentExecutionId="05907e41-8278-47b8-b84b-f5462afeb6a7" testId="1237bc5f-42ea-8c7f-8602-051620acda95" testName="ToEmailMaskUserName_Passing_ValidEmail_Returns_EmailWithMask (qaz@gmailgmail.com,q*z@gmailgmail.com)" computerName="PC-SFERRARI" duration="00:00:00.0000189" startTime="2021-01-16T18:07:00.9785330+00:00" endTime="2021-01-16T18:07:00.9791969+00:00" testType="13cdc9d9-ddb5-4fa4-a97d-d965ccfc6d4b" outcome="Passed" testListId="8c84fa94-04c1-424b-9868-57a2d4851a1d" relativeResultsDirectory="2b3e78af-51c4-49cd-92a6-8f5ca9de8ba2" dataRowInfo="4" resultType="DataDrivenDataRow" />
        <UnitTestResult executionId="ddca47ac-a28d-4e92-aec5-9ef665cf5de3" parentExecutionId="05907e41-8278-47b8-b84b-f5462afeb6a7" testId="1237bc5f-42ea-8c7f-8602-051620acda95" testName="ToEmailMaskUserName_Passing_ValidEmail_Returns_EmailWithMask (qazwsx@gmailgmail.com,q****x@gmailgmail.com)" computerName="PC-SFERRARI" duration="00:00:00.0000187" startTime="2021-01-16T18:07:00.9785330+00:00" endTime="2021-01-16T18:07:00.9791969+00:00" testType="13cdc9d9-ddb5-4fa4-a97d-d965ccfc6d4b" outcome="Passed" testListId="8c84fa94-04c1-424b-9868-57a2d4851a1d" relativeResultsDirectory="ddca47ac-a28d-4e92-aec5-9ef665cf5de3" dataRowInfo="5" resultType="DataDrivenDataRow" />
        <UnitTestResult executionId="42e74bb2-9ae7-4454-bf3f-fc49fd3db09a" parentExecutionId="05907e41-8278-47b8-b84b-f5462afeb6a7" testId="1237bc5f-42ea-8c7f-8602-051620acda95" testName="ToEmailMaskUserName_Passing_ValidEmail_Returns_EmailWithMask (qazwsxedc@gmailgmail.com,q*******c@gmailgmail.com)" computerName="PC-SFERRARI" duration="00:00:00.0000188" startTime="2021-01-16T18:07:00.9785330+00:00" endTime="2021-01-16T18:07:00.9791969+00:00" testType="13cdc9d9-ddb5-4fa4-a97d-d965ccfc6d4b" outcome="Passed" testListId="8c84fa94-04c1-424b-9868-57a2d4851a1d" relativeResultsDirectory="42e74bb2-9ae7-4454-bf3f-fc49fd3db09a" dataRowInfo="6" resultType="DataDrivenDataRow" />
      </InnerResults>
    </UnitTestResult>
    <UnitTestResult executionId="47c0801f-ebdc-43ea-ae05-5e810f0e9ca9" testId="19f76070-822e-31f8-2a9f-a96f774333a7" testName="ToInt_Passing_InvalidValueString_Returns_DefaultValue" computerName="PC-SFERRARI" duration="00:00:00.0006968" startTime="2021-01-16T18:07:01.0275422+00:00" endTime="2021-01-16T18:07:01.0283714+00:00" testType="13cdc9d9-ddb5-4fa4-a97d-d965ccfc6d4b" outcome="Passed" testListId="8c84fa94-04c1-424b-9868-57a2d4851a1d" relativeResultsDirectory="47c0801f-ebdc-43ea-ae05-5e810f0e9ca9" resultType="DataDrivenTest">
      <InnerResults>
        <UnitTestResult executionId="0e3457a1-8c04-4bea-a7cf-521bff6d0886" parentExecutionId="47c0801f-ebdc-43ea-ae05-5e810f0e9ca9" testId="19f76070-822e-31f8-2a9f-a96f774333a7" testName="ToInt_Passing_InvalidValueString_Returns_DefaultValue (1.3333)" computerName="PC-SFERRARI" duration="00:00:00.0005220" startTime="2021-01-16T18:07:01.0275422+00:00" endTime="2021-01-16T18:07:01.0283714+00:00" testType="13cdc9d9-ddb5-4fa4-a97d-d965ccfc6d4b" outcome="Passed" testListId="8c84fa94-04c1-424b-9868-57a2d4851a1d" relativeResultsDirectory="0e3457a1-8c04-4bea-a7cf-521bff6d0886" dataRowInfo="1" resultType="DataDrivenDataRow" />
        <UnitTestResult executionId="6c441954-e1b4-41b0-b5d6-0a4ead68e844" parentExecutionId="47c0801f-ebdc-43ea-ae05-5e810f0e9ca9" testId="19f76070-822e-31f8-2a9f-a96f774333a7" testName="ToInt_Passing_InvalidValueString_Returns_DefaultValue (1,3333)" computerName="PC-SFERRARI" duration="00:00:00.0000135" startTime="2021-01-16T18:07:01.0275422+00:00" endTime="2021-01-16T18:07:01.0283714+00:00" testType="13cdc9d9-ddb5-4fa4-a97d-d965ccfc6d4b" outcome="Passed" testListId="8c84fa94-04c1-424b-9868-57a2d4851a1d" relativeResultsDirectory="6c441954-e1b4-41b0-b5d6-0a4ead68e844" dataRowInfo="2" resultType="DataDrivenDataRow" />
        <UnitTestResult executionId="526f0311-8f04-490f-8c82-cb8d302a6126" parentExecutionId="47c0801f-ebdc-43ea-ae05-5e810f0e9ca9" testId="19f76070-822e-31f8-2a9f-a96f774333a7" testName="ToInt_Passing_InvalidValueString_Returns_DefaultValue (1.333,39)" computerName="PC-SFERRARI" duration="00:00:00.0000071" startTime="2021-01-16T18:07:01.0275422+00:00" endTime="2021-01-16T18:07:01.0283714+00:00" testType="13cdc9d9-ddb5-4fa4-a97d-d965ccfc6d4b" outcome="Passed" testListId="8c84fa94-04c1-424b-9868-57a2d4851a1d" relativeResultsDirectory="526f0311-8f04-490f-8c82-cb8d302a6126" dataRowInfo="3" resultType="DataDrivenDataRow" />
        <UnitTestResult executionId="b85234b1-d041-4244-8bbf-0a041c7f6196" parentExecutionId="47c0801f-ebdc-43ea-ae05-5e810f0e9ca9" testId="19f76070-822e-31f8-2a9f-a96f774333a7" testName="ToInt_Passing_InvalidValueString_Returns_DefaultValue (999999439293294392492349329493294)" computerName="PC-SFERRARI" duration="00:00:00.0000045" startTime="2021-01-16T18:07:01.0275422+00:00" endTime="2021-01-16T18:07:01.0283714+00:00" testType="13cdc9d9-ddb5-4fa4-a97d-d965ccfc6d4b" outcome="Passed" testListId="8c84fa94-04c1-424b-9868-57a2d4851a1d" relativeResultsDirectory="b85234b1-d041-4244-8bbf-0a041c7f6196" dataRowInfo="4" resultType="DataDrivenDataRow" />
        <UnitTestResult executionId="7c8f6039-3d97-4773-b89f-d5da22439c7d" parentExecutionId="47c0801f-ebdc-43ea-ae05-5e810f0e9ca9" testId="19f76070-822e-31f8-2a9f-a96f774333a7" testName="ToInt_Passing_InvalidValueString_Returns_DefaultValue (asdasdasdasd234324)" computerName="PC-SFERRARI" duration="00:00:00.0000043" startTime="2021-01-16T18:07:01.0275422+00:00" endTime="2021-01-16T18:07:01.0283714+00:00" testType="13cdc9d9-ddb5-4fa4-a97d-d965ccfc6d4b" outcome="Passed" testListId="8c84fa94-04c1-424b-9868-57a2d4851a1d" relativeResultsDirectory="7c8f6039-3d97-4773-b89f-d5da22439c7d" dataRowInfo="5" resultType="DataDrivenDataRow" />
      </InnerResults>
    </UnitTestResult>
    <UnitTestResult executionId="50235a1b-3705-45fc-8f96-b3bad81ad796" testId="1f173fff-9060-8c18-f825-225901225244" testName="ToStartOfWeek_Passing_DateTime_Returns_Start_Of_Week_DateTime" computerName="PC-SFERRARI" duration="00:00:00.0003572" startTime="2021-01-16T18:07:00.3566908+00:00" endTime="2021-01-16T18:07:00.3571627+00:00" testType="13cdc9d9-ddb5-4fa4-a97d-d965ccfc6d4b" outcome="Passed" testListId="8c84fa94-04c1-424b-9868-57a2d4851a1d" relativeResultsDirectory="50235a1b-3705-45fc-8f96-b3bad81ad796" />
    <UnitTestResult executionId="d2c3e58a-9890-4610-9fa2-9fda7f56dfed" testId="1f6423c7-4317-6f5b-c112-f4c9c7e822af" testName="ToEmailMaskUserNameAndDomainAndExtension_Passing_ValidEmail_Returns_EmailWithMask" computerName="PC-SFERRARI" duration="00:00:00.0011332" startTime="2021-01-16T18:07:00.9657770+00:00" endTime="2021-01-16T18:07:00.9671279+00:00" testType="13cdc9d9-ddb5-4fa4-a97d-d965ccfc6d4b" outcome="Passed" testListId="8c84fa94-04c1-424b-9868-57a2d4851a1d" relativeResultsDirectory="d2c3e58a-9890-4610-9fa2-9fda7f56dfed" resultType="DataDrivenTest">
      <InnerResults>
        <UnitTestResult executionId="24532760-6b57-4337-af4b-3913014ff7b0" parentExecutionId="d2c3e58a-9890-4610-9fa2-9fda7f56dfed" testId="1f6423c7-4317-6f5b-c112-f4c9c7e822af" testName="ToEmailMaskUserNameAndDomainAndExtension_Passing_ValidEmail_Returns_EmailWithMask (qaz@gmail.com,q*z@g***l.c*m)" computerName="PC-SFERRARI" duration="00:00:00.0009006" startTime="2021-01-16T18:07:00.9657770+00:00" endTime="2021-01-16T18:07:00.9671279+00:00" testType="13cdc9d9-ddb5-4fa4-a97d-d965ccfc6d4b" outcome="Passed" testListId="8c84fa94-04c1-424b-9868-57a2d4851a1d" relativeResultsDirectory="24532760-6b57-4337-af4b-3913014ff7b0" dataRowInfo="1" resultType="DataDrivenDataRow" />
        <UnitTestResult executionId="6e1c9578-83c8-449e-b523-025c530851a9" parentExecutionId="d2c3e58a-9890-4610-9fa2-9fda7f56dfed" testId="1f6423c7-4317-6f5b-c112-f4c9c7e822af" testName="ToEmailMaskUserNameAndDomainAndExtension_Passing_ValidEmail_Returns_EmailWithMask (qazwsx@gmail.com,q****x@g***l.c*m)" computerName="PC-SFERRARI" duration="00:00:00.0000206" startTime="2021-01-16T18:07:00.9657770+00:00" endTime="2021-01-16T18:07:00.9671279+00:00" testType="13cdc9d9-ddb5-4fa4-a97d-d965ccfc6d4b" outcome="Passed" testListId="8c84fa94-04c1-424b-9868-57a2d4851a1d" relativeResultsDirectory="6e1c9578-83c8-449e-b523-025c530851a9" dataRowInfo="2" resultType="DataDrivenDataRow" />
        <UnitTestResult executionId="a0ebbe9e-f3bb-4c0a-a226-1170476f0887" parentExecutionId="d2c3e58a-9890-4610-9fa2-9fda7f56dfed" testId="1f6423c7-4317-6f5b-c112-f4c9c7e822af" testName="ToEmailMaskUserNameAndDomainAndExtension_Passing_ValidEmail_Returns_EmailWithMask (qazwsxedc@gmail.com,q*******c@g***l.c*m)" computerName="PC-SFERRARI" duration="00:00:00.0000140" startTime="2021-01-16T18:07:00.9657770+00:00" endTime="2021-01-16T18:07:00.9671279+00:00" testType="13cdc9d9-ddb5-4fa4-a97d-d965ccfc6d4b" outcome="Passed" testListId="8c84fa94-04c1-424b-9868-57a2d4851a1d" relativeResultsDirectory="a0ebbe9e-f3bb-4c0a-a226-1170476f0887" dataRowInfo="3" resultType="DataDrivenDataRow" />
        <UnitTestResult executionId="af64c15d-481f-404a-a25b-a996dea804b0" parentExecutionId="d2c3e58a-9890-4610-9fa2-9fda7f56dfed" testId="1f6423c7-4317-6f5b-c112-f4c9c7e822af" testName="ToEmailMaskUserNameAndDomainAndExtension_Passing_ValidEmail_Returns_EmailWithMask (qaz@gmailgmail.com,q*z@g********l.c*m)" computerName="PC-SFERRARI" duration="00:00:00.0000204" startTime="2021-01-16T18:07:00.9657770+00:00" endTime="2021-01-16T18:07:00.9671279+00:00" testType="13cdc9d9-ddb5-4fa4-a97d-d965ccfc6d4b" outcome="Passed" testListId="8c84fa94-04c1-424b-9868-57a2d4851a1d" relativeResultsDirectory="af64c15d-481f-404a-a25b-a996dea804b0" dataRowInfo="4" resultType="DataDrivenDataRow" />
        <UnitTestResult executionId="ab151fde-bd44-4f9d-b144-8b70638bbfe7" parentExecutionId="d2c3e58a-9890-4610-9fa2-9fda7f56dfed" testId="1f6423c7-4317-6f5b-c112-f4c9c7e822af" testName="ToEmailMaskUserNameAndDomainAndExtension_Passing_ValidEmail_Returns_EmailWithMask (qazwsx@gmailgmail.com,q****x@g********l.c*m)" computerName="PC-SFERRARI" duration="00:00:00.0000152" startTime="2021-01-16T18:07:00.9657770+00:00" endTime="2021-01-16T18:07:00.9671279+00:00" testType="13cdc9d9-ddb5-4fa4-a97d-d965ccfc6d4b" outcome="Passed" testListId="8c84fa94-04c1-424b-9868-57a2d4851a1d" relativeResultsDirectory="ab151fde-bd44-4f9d-b144-8b70638bbfe7" dataRowInfo="5" resultType="DataDrivenDataRow" />
        <UnitTestResult executionId="54d1b052-66fd-47dc-a673-552b91cb22c7" parentExecutionId="d2c3e58a-9890-4610-9fa2-9fda7f56dfed" testId="1f6423c7-4317-6f5b-c112-f4c9c7e822af" testName="ToEmailMaskUserNameAndDomainAndExtension_Passing_ValidEmail_Returns_EmailWithMask (qazwsxedc@gmailgmail.com,q*******c@g********l.c*m)" computerName="PC-SFERRARI" duration="00:00:00.0000171" startTime="2021-01-16T18:07:00.9657770+00:00" endTime="2021-01-16T18:07:00.9671279+00:00" testType="13cdc9d9-ddb5-4fa4-a97d-d965ccfc6d4b" outcome="Passed" testListId="8c84fa94-04c1-424b-9868-57a2d4851a1d" relativeResultsDirectory="54d1b052-66fd-47dc-a673-552b91cb22c7" dataRowInfo="6" resultType="DataDrivenDataRow" />
      </InnerResults>
    </UnitTestResult>
    <UnitTestResult executionId="edf9c842-9615-4fbb-bb5d-8ade8f207e29" testId="3721d3c1-7c03-ad84-143f-64bfeb5b314e" testName="ToAssembly_Passing_ValidValueAssemblyString_Returns_Assembly" computerName="PC-SFERRARI" duration="00:00:00.0007455" startTime="2021-01-16T18:07:00.8500795+00:00" endTime="2021-01-16T18:07:00.8518472+00:00" testType="13cdc9d9-ddb5-4fa4-a97d-d965ccfc6d4b" outcome="Passed" testListId="8c84fa94-04c1-424b-9868-57a2d4851a1d" relativeResultsDirectory="edf9c842-9615-4fbb-bb5d-8ade8f207e29" />
    <UnitTestResult executionId="16c56581-030d-4e6d-826f-312a9db9b32a" testId="e53d2439-2080-43bd-e38b-a60253b60af1" testName="ToPaged_Passing_Age_Descending_Order_Returns_Filter_List" computerName="PC-SFERRARI" duration="00:00:00.0014924" startTime="2021-01-16T18:07:00.7484078+00:00" endTime="2021-01-16T18:07:00.7500520+00:00" testType="13cdc9d9-ddb5-4fa4-a97d-d965ccfc6d4b" outcome="Passed" testListId="8c84fa94-04c1-424b-9868-57a2d4851a1d" relativeResultsDirectory="16c56581-030d-4e6d-826f-312a9db9b32a" />
    <UnitTestResult executionId="37214004-0c36-406b-b2a3-1bf0a67e0299" testId="3f0bf65d-a3af-41bf-ac79-126a0efc4fd4" testName="ToService_Passing_Service_Not_Found_Returns_Null" computerName="PC-SFERRARI" duration="00:00:00.0002543" startTime="2021-01-16T18:06:59.9114194+00:00" endTime="2021-01-16T18:06:59.9117493+00:00" testType="13cdc9d9-ddb5-4fa4-a97d-d965ccfc6d4b" outcome="Passed" testListId="8c84fa94-04c1-424b-9868-57a2d4851a1d" relativeResultsDirectory="37214004-0c36-406b-b2a3-1bf0a67e0299" />
    <UnitTestResult executionId="04175cee-89b2-4ac1-83c8-7ab0dbfb3a34" testId="a95f665c-aa8d-208d-902c-60a464250c99" testName="ToDefaultValue_Passing_ValidBoolean_Returns_DefaultValue" computerName="PC-SFERRARI" duration="00:00:00.0003092" startTime="2021-01-16T18:07:01.3201378+00:00" endTime="2021-01-16T18:07:01.3207911+00:00" testType="13cdc9d9-ddb5-4fa4-a97d-d965ccfc6d4b" outcome="Passed" testListId="8c84fa94-04c1-424b-9868-57a2d4851a1d" relativeResultsDirectory="04175cee-89b2-4ac1-83c8-7ab0dbfb3a34" />
    <UnitTestResult executionId="1c0411ee-4110-4da6-8434-2d0ff22c1807" testId="7a313c49-8adc-98e3-cdda-86b900f0ade6" testName="ToCompress_Passing_Value_Bytes_Returns_Value_Bytes" computerName="PC-SFERRARI" duration="00:00:00.0005679" startTime="2021-01-16T18:06:59.9389686+00:00" endTime="2021-01-16T18:06:59.9397425+00:00" testType="13cdc9d9-ddb5-4fa4-a97d-d965ccfc6d4b" outcome="Passed" testListId="8c84fa94-04c1-424b-9868-57a2d4851a1d" relativeResultsDirectory="1c0411ee-4110-4da6-8434-2d0ff22c1807" />
    <UnitTestResult executionId="5f1c9b79-52f5-4275-bc7a-8ad4ad0b3a8c" testId="1e15a82e-c1da-d4c9-090a-c7fc200f7f58" testName="AddOrUpdate_Passing_Valid_Collection_Returns_Collection" computerName="PC-SFERRARI" duration="00:00:00.0020678" startTime="2021-01-16T18:07:00.3580920+00:00" endTime="2021-01-16T18:07:00.3604475+00:00" testType="13cdc9d9-ddb5-4fa4-a97d-d965ccfc6d4b" outcome="Passed" testListId="8c84fa94-04c1-424b-9868-57a2d4851a1d" relativeResultsDirectory="5f1c9b79-52f5-4275-bc7a-8ad4ad0b3a8c" />
    <UnitTestResult executionId="829cac50-64b1-48af-bbc4-3b9335b683ff" testId="967da852-80aa-48c8-4fdf-7229c80964ce" testName="ToZipExtract_Passing_ValidArchive_Returns_Files" computerName="PC-SFERRARI" duration="00:00:00.1440357" startTime="2021-01-16T18:07:01.1728630+00:00" endTime="2021-01-16T18:07:01.3171040+00:00" testType="13cdc9d9-ddb5-4fa4-a97d-d965ccfc6d4b" outcome="Passed" testListId="8c84fa94-04c1-424b-9868-57a2d4851a1d" relativeResultsDirectory="829cac50-64b1-48af-bbc4-3b9335b683ff" />
    <UnitTestResult executionId="716c04dd-2024-47da-a241-6aa72e557b5e" testId="31126d50-f667-908c-85f3-09f9d9272df9" testName="ToEnvironment_Passing_Production_Enviroment_Returns_Production_Name" computerName="PC-SFERRARI" duration="00:00:00.0005506" startTime="2021-01-16T18:06:59.8992510+00:00" endTime="2021-01-16T18:06:59.8998966+00:00" testType="13cdc9d9-ddb5-4fa4-a97d-d965ccfc6d4b" outcome="Passed" testListId="8c84fa94-04c1-424b-9868-57a2d4851a1d" relativeResultsDirectory="716c04dd-2024-47da-a241-6aa72e557b5e" />
    <UnitTestResult executionId="a1ed56a8-24bd-4578-ba87-bae91be0675d" testId="635e001f-2a50-f191-84e2-e81cd2000fdf" testName="ToAuthenticationType_Passing_Claims_Returns_AuthenticationType_Name" computerName="PC-SFERRARI" duration="00:00:00.0555089" startTime="2021-01-16T18:07:00.0384797+00:00" endTime="2021-01-16T18:07:00.0943947+00:00" testType="13cdc9d9-ddb5-4fa4-a97d-d965ccfc6d4b" outcome="Passed" testListId="8c84fa94-04c1-424b-9868-57a2d4851a1d" relativeResultsDirectory="a1ed56a8-24bd-4578-ba87-bae91be0675d" />
    <UnitTestResult executionId="8ffda7ce-31f4-41d6-ada0-f18854782b89" testId="c330741e-ad40-618c-36cc-508c135d2b95" testName="ToService_Passing_NotFound_Service_Returns_Null" computerName="PC-SFERRARI" duration="00:00:00.0001324" startTime="2021-01-16T18:07:00.2667927+00:00" endTime="2021-01-16T18:07:00.2670341+00:00" testType="13cdc9d9-ddb5-4fa4-a97d-d965ccfc6d4b" outcome="Passed" testListId="8c84fa94-04c1-424b-9868-57a2d4851a1d" relativeResultsDirectory="8ffda7ce-31f4-41d6-ada0-f18854782b89" />
    <UnitTestResult executionId="a49899c1-fcc8-4a38-908b-e16ab0d251de" testId="b8bb90de-6285-0f1c-e0f2-f3ba1f987370" testName="IsUppercase_Passing_InvalidArguments_Returns_HasErrorsAndCount" computerName="PC-SFERRARI" duration="00:00:00.0008250" startTime="2021-01-16T18:07:00.0370461+00:00" endTime="2021-01-16T18:07:00.0380389+00:00" testType="13cdc9d9-ddb5-4fa4-a97d-d965ccfc6d4b" outcome="Passed" testListId="8c84fa94-04c1-424b-9868-57a2d4851a1d" relativeResultsDirectory="a49899c1-fcc8-4a38-908b-e16ab0d251de" />
    <UnitTestResult executionId="18b2a8d0-e9ed-4c59-9344-6146bdff3597" testId="845c887e-a785-555d-db89-1c2975a33bbb" testName="ToServiceMatchingInterface_Passing_Valid_Assembly_Returns_Service" computerName="PC-SFERRARI" duration="00:00:00.0210473" startTime="2021-01-16T18:07:00.2455397+00:00" endTime="2021-01-16T18:07:00.2667465+00:00" testType="13cdc9d9-ddb5-4fa4-a97d-d965ccfc6d4b" outcome="Passed" testListId="8c84fa94-04c1-424b-9868-57a2d4851a1d" relativeResultsDirectory="18b2a8d0-e9ed-4c59-9344-6146bdff3597" />
    <UnitTestResult executionId="0e43e196-5df3-42bd-9797-a25b1a4fb01b" testId="15fe55e5-cdce-6280-ea15-ef777735767c" testName="ToEnvironment_ServiceCollection_Passing_Production_Enviroment_Returns_Production_Name" computerName="PC-SFERRARI" duration="00:00:00.0003771" startTime="2021-01-16T18:07:00.2359095+00:00" endTime="2021-01-16T18:07:00.2363598+00:00" testType="13cdc9d9-ddb5-4fa4-a97d-d965ccfc6d4b" outcome="Passed" testListId="8c84fa94-04c1-424b-9868-57a2d4851a1d" relativeResultsDirectory="0e43e196-5df3-42bd-9797-a25b1a4fb01b" />
    <UnitTestResult executionId="169921d9-8ff0-41f0-b1ba-d28a42362986" testId="53cbdd8e-a1ef-5d22-8745-938609ed19c2" testName="ToConfigureOrDefault_Passing_DefaultValues_And_ActionCustomValues_Returns_DefaultValues_And_CustomValues" computerName="PC-SFERRARI" duration="00:00:00.0006711" startTime="2021-01-16T18:06:59.3058410+00:00" endTime="2021-01-16T18:06:59.3068072+00:00" testType="13cdc9d9-ddb5-4fa4-a97d-d965ccfc6d4b" outcome="Passed" testListId="8c84fa94-04c1-424b-9868-57a2d4851a1d" relativeResultsDirectory="169921d9-8ff0-41f0-b1ba-d28a42362986" />
    <UnitTestResult executionId="1fcda17c-9032-4129-9f9c-bb1586298531" testId="0df69eaf-b001-71ae-6cf8-f9c5860f7c4c" testName="ToIsFileThrow_Passing_InvalidValue_Returns_ApplicationExceptionWithMessage" computerName="PC-SFERRARI" duration="00:00:00.0012133" startTime="2021-01-16T18:06:59.9553816+00:00" endTime="2021-01-16T18:06:59.9567053+00:00" testType="13cdc9d9-ddb5-4fa4-a97d-d965ccfc6d4b" outcome="Passed" testListId="8c84fa94-04c1-424b-9868-57a2d4851a1d" relativeResultsDirectory="1fcda17c-9032-4129-9f9c-bb1586298531" />
    <UnitTestResult executionId="d6fea5e9-44be-49f6-ab72-b81ff165378c" testId="1064d8aa-5d0e-6bf5-83ee-952a4d1fd93b" testName="ToEnum_Passing_InvalidValueInt_Returns_EnumCustomValue" computerName="PC-SFERRARI" duration="00:00:00.0013158" startTime="2021-01-16T18:07:00.9925902+00:00" endTime="2021-01-16T18:07:00.9941064+00:00" testType="13cdc9d9-ddb5-4fa4-a97d-d965ccfc6d4b" outcome="Passed" testListId="8c84fa94-04c1-424b-9868-57a2d4851a1d" relativeResultsDirectory="d6fea5e9-44be-49f6-ab72-b81ff165378c" />
    <UnitTestResult executionId="47bbafac-2fa3-4559-af66-7b9d5d3cbdd2" testId="2e87c537-4979-f58b-6e83-f3d4ee161ff1" testName="ToGetAll_Passing_Claims_Returns_Claim_Value_Object_List" computerName="PC-SFERRARI" duration="00:00:00.0221239" startTime="2021-01-16T18:07:00.1160154+00:00" endTime="2021-01-16T18:07:00.1382612+00:00" testType="13cdc9d9-ddb5-4fa4-a97d-d965ccfc6d4b" outcome="Passed" testListId="8c84fa94-04c1-424b-9868-57a2d4851a1d" relativeResultsDirectory="47bbafac-2fa3-4559-af66-7b9d5d3cbdd2" />
    <UnitTestResult executionId="acd772c4-2d3b-477a-9b62-2c7039bbe2b3" testId="d7c20db6-f712-8539-ac01-01e8f4033fac" testName="IsFile_Passing_InvalidArguments_Returns_HasErrorsAndCount" computerName="PC-SFERRARI" duration="00:00:00.0003024" startTime="2021-01-16T18:06:59.9991054+00:00" endTime="2021-01-16T18:06:59.9995163+00:00" testType="13cdc9d9-ddb5-4fa4-a97d-d965ccfc6d4b" outcome="Passed" testListId="8c84fa94-04c1-424b-9868-57a2d4851a1d" relativeResultsDirectory="acd772c4-2d3b-477a-9b62-2c7039bbe2b3" />
    <UnitTestResult executionId="11843688-75c7-4b91-a534-a23967c061fe" testId="04084e8e-c859-4ef5-e2a7-4fb2803cb2a3" testName="ToReplace_Passing_ValidValue_Returns_ReplacedValue" computerName="PC-SFERRARI" duration="00:00:00.0041962" startTime="2021-01-16T18:07:01.0826573+00:00" endTime="2021-01-16T18:07:01.0870809+00:00" testType="13cdc9d9-ddb5-4fa4-a97d-d965ccfc6d4b" outcome="Passed" testListId="8c84fa94-04c1-424b-9868-57a2d4851a1d" relativeResultsDirectory="11843688-75c7-4b91-a534-a23967c061fe" resultType="DataDrivenTest">
      <InnerResults>
        <UnitTestResult executionId="2ea034a9-57d9-4006-b3d9-e67e6d75f060" parentExecutionId="11843688-75c7-4b91-a534-a23967c061fe" testId="04084e8e-c859-4ef5-e2a7-4fb2803cb2a3" testName="ToReplace_Passing_ValidValue_Returns_ReplacedValue (aeiou,*,0,1,*eiou)" computerName="PC-SFERRARI" duration="00:00:00.0039266" startTime="2021-01-16T18:07:01.0826573+00:00" endTime="2021-01-16T18:07:01.0870809+00:00" testType="13cdc9d9-ddb5-4fa4-a97d-d965ccfc6d4b" outcome="Passed" testListId="8c84fa94-04c1-424b-9868-57a2d4851a1d" relativeResultsDirectory="2ea034a9-57d9-4006-b3d9-e67e6d75f060" dataRowInfo="1" resultType="DataDrivenDataRow" />
        <UnitTestResult executionId="4077ac61-e6cf-4907-b850-1d24141a185d" parentExecutionId="11843688-75c7-4b91-a534-a23967c061fe" testId="04084e8e-c859-4ef5-e2a7-4fb2803cb2a3" testName="ToReplace_Passing_ValidValue_Returns_ReplacedValue (aeiou,*,0,2,**iou)" computerName="PC-SFERRARI" duration="00:00:00.0000186" startTime="2021-01-16T18:07:01.0826573+00:00" endTime="2021-01-16T18:07:01.0870809+00:00" testType="13cdc9d9-ddb5-4fa4-a97d-d965ccfc6d4b" outcome="Passed" testListId="8c84fa94-04c1-424b-9868-57a2d4851a1d" relativeResultsDirectory="4077ac61-e6cf-4907-b850-1d24141a185d" dataRowInfo="2" resultType="DataDrivenDataRow" />
        <UnitTestResult executionId="48b82c7b-6fd6-4095-a0f8-08f6fcf78673" parentExecutionId="11843688-75c7-4b91-a534-a23967c061fe" testId="04084e8e-c859-4ef5-e2a7-4fb2803cb2a3" testName="ToReplace_Passing_ValidValue_Returns_ReplacedValue (aeiou,*,0,3,***ou)" computerName="PC-SFERRARI" duration="00:00:00.0000058" startTime="2021-01-16T18:07:01.0826573+00:00" endTime="2021-01-16T18:07:01.0870809+00:00" testType="13cdc9d9-ddb5-4fa4-a97d-d965ccfc6d4b" outcome="Passed" testListId="8c84fa94-04c1-424b-9868-57a2d4851a1d" relativeResultsDirectory="48b82c7b-6fd6-4095-a0f8-08f6fcf78673" dataRowInfo="3" resultType="DataDrivenDataRow" />
        <UnitTestResult executionId="002d9f16-d251-4927-8f93-147d4ffb1e74" parentExecutionId="11843688-75c7-4b91-a534-a23967c061fe" testId="04084e8e-c859-4ef5-e2a7-4fb2803cb2a3" testName="ToReplace_Passing_ValidValue_Returns_ReplacedValue (aeiou,*,0,4,****u)" computerName="PC-SFERRARI" duration="00:00:00.0000060" startTime="2021-01-16T18:07:01.0826573+00:00" endTime="2021-01-16T18:07:01.0870809+00:00" testType="13cdc9d9-ddb5-4fa4-a97d-d965ccfc6d4b" outcome="Passed" testListId="8c84fa94-04c1-424b-9868-57a2d4851a1d" relativeResultsDirectory="002d9f16-d251-4927-8f93-147d4ffb1e74" dataRowInfo="4" resultType="DataDrivenDataRow" />
        <UnitTestResult executionId="e813075b-5a80-4e1a-8c94-a2213c15bcd4" parentExecutionId="11843688-75c7-4b91-a534-a23967c061fe" testId="04084e8e-c859-4ef5-e2a7-4fb2803cb2a3" testName="ToReplace_Passing_ValidValue_Returns_ReplacedValue (aeiou,*,0,5,*****)" computerName="PC-SFERRARI" duration="00:00:00.0000051" startTime="2021-01-16T18:07:01.0826573+00:00" endTime="2021-01-16T18:07:01.0870809+00:00" testType="13cdc9d9-ddb5-4fa4-a97d-d965ccfc6d4b" outcome="Passed" testListId="8c84fa94-04c1-424b-9868-57a2d4851a1d" relativeResultsDirectory="e813075b-5a80-4e1a-8c94-a2213c15bcd4" dataRowInfo="5" resultType="DataDrivenDataRow" />
        <UnitTestResult executionId="1c63a38d-bf11-44ba-ad96-3947393f02bf" parentExecutionId="11843688-75c7-4b91-a534-a23967c061fe" testId="04084e8e-c859-4ef5-e2a7-4fb2803cb2a3" testName="ToReplace_Passing_ValidValue_Returns_ReplacedValue (aeiou,*,2,1,ae*ou)" computerName="PC-SFERRARI" duration="00:00:00.0000045" startTime="2021-01-16T18:07:01.0826573+00:00" endTime="2021-01-16T18:07:01.0870809+00:00" testType="13cdc9d9-ddb5-4fa4-a97d-d965ccfc6d4b" outcome="Passed" testListId="8c84fa94-04c1-424b-9868-57a2d4851a1d" relativeResultsDirectory="1c63a38d-bf11-44ba-ad96-3947393f02bf" dataRowInfo="6" resultType="DataDrivenDataRow" />
        <UnitTestResult executionId="a00f699b-b008-4b69-9fed-e95c8f812122" parentExecutionId="11843688-75c7-4b91-a534-a23967c061fe" testId="04084e8e-c859-4ef5-e2a7-4fb2803cb2a3" testName="ToReplace_Passing_ValidValue_Returns_ReplacedValue (aeiou,*,2,2,ae**u)" computerName="PC-SFERRARI" duration="00:00:00.0000066" startTime="2021-01-16T18:07:01.0826573+00:00" endTime="2021-01-16T18:07:01.0870809+00:00" testType="13cdc9d9-ddb5-4fa4-a97d-d965ccfc6d4b" outcome="Passed" testListId="8c84fa94-04c1-424b-9868-57a2d4851a1d" relativeResultsDirectory="a00f699b-b008-4b69-9fed-e95c8f812122" dataRowInfo="7" resultType="DataDrivenDataRow" />
      </InnerResults>
    </UnitTestResult>
    <UnitTestResult executionId="4759db4b-63b2-4ef6-8041-4e8922b82c67" testId="a75e991f-5e03-3949-85d6-afa1f14455d4" testName="ToIsAuthenticated_Passing_Claims_Returns_True" computerName="PC-SFERRARI" duration="00:00:00.0011845" startTime="2021-01-16T18:07:00.1517358+00:00" endTime="2021-01-16T18:07:00.1531743+00:00" testType="13cdc9d9-ddb5-4fa4-a97d-d965ccfc6d4b" outcome="Passed" testListId="8c84fa94-04c1-424b-9868-57a2d4851a1d" relativeResultsDirectory="4759db4b-63b2-4ef6-8041-4e8922b82c67" />
    <UnitTestResult executionId="8557a805-76f9-450e-b8f8-b1494b4e3d59" testId="180814cc-22f9-91b2-cd9a-f54be7e1ba18" testName="IsEmail_Passing_InvalidArguments_Returns_HasErrorsAndCount" computerName="PC-SFERRARI" duration="00:00:00.0002678" startTime="2021-01-16T18:06:59.9960172+00:00" endTime="2021-01-16T18:06:59.9963892+00:00" testType="13cdc9d9-ddb5-4fa4-a97d-d965ccfc6d4b" outcome="Passed" testListId="8c84fa94-04c1-424b-9868-57a2d4851a1d" relativeResultsDirectory="8557a805-76f9-450e-b8f8-b1494b4e3d59" />
    <UnitTestResult executionId="725a1a66-4bca-4e63-badc-726eba2fa45d" testId="bc6955b8-aec0-957c-bad4-853e5cfa19a1" testName="ToCount_Passing_ValidEnumType_Returns_Count" computerName="PC-SFERRARI" duration="00:00:00.0005422" startTime="2021-01-16T18:07:00.3947432+00:00" endTime="2021-01-16T18:07:00.3956769+00:00" testType="13cdc9d9-ddb5-4fa4-a97d-d965ccfc6d4b" outcome="Passed" testListId="8c84fa94-04c1-424b-9868-57a2d4851a1d" relativeResultsDirectory="725a1a66-4bca-4e63-badc-726eba2fa45d" />
    <UnitTestResult executionId="5175deb9-bf31-4cab-a8a6-909a12ae7ba1" testId="504465b7-a3fe-9023-93b9-ffece1903418" testName="ToEnvironment_ServiceCollection_Passing_Staging_Enviroment_Returns_Staging_Name" computerName="PC-SFERRARI" duration="00:00:00.0004800" startTime="2021-01-16T18:07:00.2363788+00:00" endTime="2021-01-16T18:07:00.2369413+00:00" testType="13cdc9d9-ddb5-4fa4-a97d-d965ccfc6d4b" outcome="Passed" testListId="8c84fa94-04c1-424b-9868-57a2d4851a1d" relativeResultsDirectory="5175deb9-bf31-4cab-a8a6-909a12ae7ba1" />
    <UnitTestResult executionId="687cdbbe-bd04-460c-bfe1-b98c58f912e5" testId="801afd1a-5f3d-0d0c-471a-96452bf5bc35" testName="IsNullOrEmpty_Passing_InvalidArguments_Returns_HasErrorsAndCount" computerName="PC-SFERRARI" duration="00:00:00.0027809" startTime="2021-01-16T18:07:00.0167217+00:00" endTime="2021-01-16T18:07:00.0196898+00:00" testType="13cdc9d9-ddb5-4fa4-a97d-d965ccfc6d4b" outcome="Passed" testListId="8c84fa94-04c1-424b-9868-57a2d4851a1d" relativeResultsDirectory="687cdbbe-bd04-460c-bfe1-b98c58f912e5" />
    <UnitTestResult executionId="750ded8a-2619-4902-95a7-54625cc9d682" testId="5e237822-3b9d-da27-9221-3ae1f5eb15b0" testName="ToEnvironment_Passing_Staging_Enviroment_Returns_Staging_Name" computerName="PC-SFERRARI" duration="00:00:00.0005892" startTime="2021-01-16T18:06:59.9091486+00:00" endTime="2021-01-16T18:06:59.9098566+00:00" testType="13cdc9d9-ddb5-4fa4-a97d-d965ccfc6d4b" outcome="Passed" testListId="8c84fa94-04c1-424b-9868-57a2d4851a1d" relativeResultsDirectory="750ded8a-2619-4902-95a7-54625cc9d682" />
    <UnitTestResult executionId="a684f220-3753-436a-b85c-c790dd79efcb" testId="0f697beb-b7a4-6aa6-9017-b57feeb9ba7f" testName="ToEnvironment_ServiceCollection_Passing_Development_Enviroment_Returns_Development_Name" computerName="PC-SFERRARI" duration="00:00:00.0004138" startTime="2021-01-16T18:07:00.2353968+00:00" endTime="2021-01-16T18:07:00.2358899+00:00" testType="13cdc9d9-ddb5-4fa4-a97d-d965ccfc6d4b" outcome="Passed" testListId="8c84fa94-04c1-424b-9868-57a2d4851a1d" relativeResultsDirectory="a684f220-3753-436a-b85c-c790dd79efcb" />
    <UnitTestResult executionId="edc22f0a-16c9-4200-a0f1-b3bacd7d60cc" testId="40108f40-2761-0a89-d16d-ad113b5f3dd5" testName="ToDefaultValue_Passing_short_Returns_Cero" computerName="PC-SFERRARI" duration="00:00:00.0003584" startTime="2021-01-16T18:07:00.4402610+00:00" endTime="2021-01-16T18:07:00.4407106+00:00" testType="13cdc9d9-ddb5-4fa4-a97d-d965ccfc6d4b" outcome="Passed" testListId="8c84fa94-04c1-424b-9868-57a2d4851a1d" relativeResultsDirectory="edc22f0a-16c9-4200-a0f1-b3bacd7d60cc" resultType="DataDrivenTest">
      <InnerResults>
        <UnitTestResult executionId="26f5d15d-88c0-4ae7-bd6e-f01bd972b1fe" parentExecutionId="edc22f0a-16c9-4200-a0f1-b3bacd7d60cc" testId="40108f40-2761-0a89-d16d-ad113b5f3dd5" testName="ToDefaultValue_Passing_short_Returns_Cero (32767)" computerName="PC-SFERRARI" duration="00:00:00.0003113" startTime="2021-01-16T18:07:00.4402610+00:00" endTime="2021-01-16T18:07:00.4407106+00:00" testType="13cdc9d9-ddb5-4fa4-a97d-d965ccfc6d4b" outcome="Passed" testListId="8c84fa94-04c1-424b-9868-57a2d4851a1d" relativeResultsDirectory="26f5d15d-88c0-4ae7-bd6e-f01bd972b1fe" dataRowInfo="1" resultType="DataDrivenDataRow" />
      </InnerResults>
    </UnitTestResult>
    <UnitTestResult executionId="bf397121-447a-455d-ab87-69e6d643ed40" testId="c87d842d-198f-fc52-0a70-418a5e5378ab" testName="IsEqual_Passing_InvalidArguments_Returns_HasErrorsAndCount" computerName="PC-SFERRARI" duration="00:00:00.0007978" startTime="2021-01-16T18:06:59.9964151+00:00" endTime="2021-01-16T18:06:59.9973258+00:00" testType="13cdc9d9-ddb5-4fa4-a97d-d965ccfc6d4b" outcome="Passed" testListId="8c84fa94-04c1-424b-9868-57a2d4851a1d" relativeResultsDirectory="bf397121-447a-455d-ab87-69e6d643ed40" />
    <UnitTestResult executionId="475f40c4-6cb8-4c77-b395-6766ad661f2c" testId="5c861184-f295-e727-0fd4-d218f13da14d" testName="ToConfiguration_Passing_Empty_DirectoryPath_Returns_ApplicationException" computerName="PC-SFERRARI" duration="00:00:00.0063460" startTime="2021-01-16T18:07:00.1565536+00:00" endTime="2021-01-16T18:07:00.1631674+00:00" testType="13cdc9d9-ddb5-4fa4-a97d-d965ccfc6d4b" outcome="Passed" testListId="8c84fa94-04c1-424b-9868-57a2d4851a1d" relativeResultsDirectory="475f40c4-6cb8-4c77-b395-6766ad661f2c" />
    <UnitTestResult executionId="54b6a11f-5233-40a9-98bf-74dc3a5e2d04" testId="aeb559a5-c285-7ab9-baee-1cb152d1742f" testName="ToDefaultValue_Passing_ulong_Returns_Cero" computerName="PC-SFERRARI" duration="00:00:00.0003634" startTime="2021-01-16T18:07:00.4507724+00:00" endTime="2021-01-16T18:07:00.4512307+00:00" testType="13cdc9d9-ddb5-4fa4-a97d-d965ccfc6d4b" outcome="Passed" testListId="8c84fa94-04c1-424b-9868-57a2d4851a1d" relativeResultsDirectory="54b6a11f-5233-40a9-98bf-74dc3a5e2d04" resultType="DataDrivenTest">
      <InnerResults>
        <UnitTestResult executionId="b3ea4cf3-13f9-41e8-884e-db6fd384cf23" parentExecutionId="54b6a11f-5233-40a9-98bf-74dc3a5e2d04" testId="aeb559a5-c285-7ab9-baee-1cb152d1742f" testName="ToDefaultValue_Passing_ulong_Returns_Cero (18446744073709551615)" computerName="PC-SFERRARI" duration="00:00:00.0003101" startTime="2021-01-16T18:07:00.4507724+00:00" endTime="2021-01-16T18:07:00.4512307+00:00" testType="13cdc9d9-ddb5-4fa4-a97d-d965ccfc6d4b" outcome="Passed" testListId="8c84fa94-04c1-424b-9868-57a2d4851a1d" relativeResultsDirectory="b3ea4cf3-13f9-41e8-884e-db6fd384cf23" dataRowInfo="1" resultType="DataDrivenDataRow" />
      </InnerResults>
    </UnitTestResult>
    <UnitTestResult executionId="d595ea77-7ad7-46f5-86c5-f2ed7d528d80" testId="0a999e9b-220b-0f64-a533-84896c20ce13" testName="ResultOkData" computerName="PC-SFERRARI" duration="00:00:00.0003981" startTime="2021-01-16T18:07:00.8271308+00:00" endTime="2021-01-16T18:07:00.8276371+00:00" testType="13cdc9d9-ddb5-4fa4-a97d-d965ccfc6d4b" outcome="Passed" testListId="8c84fa94-04c1-424b-9868-57a2d4851a1d" relativeResultsDirectory="d595ea77-7ad7-46f5-86c5-f2ed7d528d80" />
    <UnitTestResult executionId="66dec99a-8f63-46df-bb40-4f910eb2b1a9" testId="1b969e76-d97c-c639-c377-a41796fbb2c3" testName="ToHashAlgorithmName_Passing_InvalidValueString_Returns_Null" computerName="PC-SFERRARI" duration="00:00:00.0004197" startTime="2021-01-16T18:07:01.0263794+00:00" endTime="2021-01-16T18:07:01.0269782+00:00" testType="13cdc9d9-ddb5-4fa4-a97d-d965ccfc6d4b" outcome="Passed" testListId="8c84fa94-04c1-424b-9868-57a2d4851a1d" relativeResultsDirectory="66dec99a-8f63-46df-bb40-4f910eb2b1a9" resultType="DataDrivenTest">
      <InnerResults>
        <UnitTestResult executionId="4dbd0eb2-9e1a-4f79-889d-21ced75ec2ac" parentExecutionId="66dec99a-8f63-46df-bb40-4f910eb2b1a9" testId="1b969e76-d97c-c639-c377-a41796fbb2c3" testName="ToHashAlgorithmName_Passing_InvalidValueString_Returns_Null (hhhhhh)" computerName="PC-SFERRARI" duration="00:00:00.0003550" startTime="2021-01-16T18:07:01.0263794+00:00" endTime="2021-01-16T18:07:01.0269782+00:00" testType="13cdc9d9-ddb5-4fa4-a97d-d965ccfc6d4b" outcome="Passed" testListId="8c84fa94-04c1-424b-9868-57a2d4851a1d" relativeResultsDirectory="4dbd0eb2-9e1a-4f79-889d-21ced75ec2ac" dataRowInfo="1" resultType="DataDrivenDataRow" />
      </InnerResults>
    </UnitTestResult>
    <UnitTestResult executionId="35cd39b1-d06f-4a0c-8ce0-626b151811ba" testId="605637df-9854-875b-b3aa-6675f3fbd045" testName="ToEnum_Passing_ValidValue_String_Returns_EnumValue" computerName="PC-SFERRARI" duration="00:00:00.0002238" startTime="2021-01-16T18:07:01.0075056+00:00" endTime="2021-01-16T18:07:01.0079125+00:00" testType="13cdc9d9-ddb5-4fa4-a97d-d965ccfc6d4b" outcome="Passed" testListId="8c84fa94-04c1-424b-9868-57a2d4851a1d" relativeResultsDirectory="35cd39b1-d06f-4a0c-8ce0-626b151811ba" />
    <UnitTestResult executionId="f0124587-6dab-4de2-adb5-220b28dc9ee6" testId="29295413-2308-fade-9c98-0e9ed6c67839" testName="ToDirectoryReadFileAsync_Passing_ValidValue_Returns_False" computerName="PC-SFERRARI" duration="00:00:00.0148005" startTime="2021-01-16T18:07:00.9354208+00:00" endTime="2021-01-16T18:07:00.9506160+00:00" testType="13cdc9d9-ddb5-4fa4-a97d-d965ccfc6d4b" outcome="Passed" testListId="8c84fa94-04c1-424b-9868-57a2d4851a1d" relativeResultsDirectory="f0124587-6dab-4de2-adb5-220b28dc9ee6" />
    <UnitTestResult executionId="8071bdff-1adf-44cb-9617-762bd57d9a8b" testId="5fda35dc-4db7-2169-9391-a6295d2ec5fd" testName="ToDirectoryFindFilePath_Passing_ValidValueIntoSubDirectory_Returns_FilePath" computerName="PC-SFERRARI" duration="00:00:00.0144157" startTime="2021-01-16T18:07:00.9098267+00:00" endTime="2021-01-16T18:07:00.9245793+00:00" testType="13cdc9d9-ddb5-4fa4-a97d-d965ccfc6d4b" outcome="Passed" testListId="8c84fa94-04c1-424b-9868-57a2d4851a1d" relativeResultsDirectory="8071bdff-1adf-44cb-9617-762bd57d9a8b" />
    <UnitTestResult executionId="d7e22107-838f-4cb0-a7c1-14774e0a2dcd" testId="34e0940c-fc9c-71db-fc18-7d52ee8761a0" testName="ToAuthenticationType_Passing_Claims_Returns_Null" computerName="PC-SFERRARI" duration="00:00:00.0007870" startTime="2021-01-16T18:07:00.0944498+00:00" endTime="2021-01-16T18:07:00.0955264+00:00" testType="13cdc9d9-ddb5-4fa4-a97d-d965ccfc6d4b" outcome="Passed" testListId="8c84fa94-04c1-424b-9868-57a2d4851a1d" relativeResultsDirectory="d7e22107-838f-4cb0-a7c1-14774e0a2dcd" />
    <UnitTestResult executionId="f571fc51-1481-4813-be77-5231fc915c5e" testId="c8fd6d3c-b723-929b-f175-dbdc2a7be855" testName="ToIsWeekend_Passing_Sunday_DateTime_Returns_True" computerName="PC-SFERRARI" duration="00:00:00.0001914" startTime="2021-01-16T18:07:00.3550443+00:00" endTime="2021-01-16T18:07:00.3553500+00:00" testType="13cdc9d9-ddb5-4fa4-a97d-d965ccfc6d4b" outcome="Passed" testListId="8c84fa94-04c1-424b-9868-57a2d4851a1d" relativeResultsDirectory="f571fc51-1481-4813-be77-5231fc915c5e" />
    <UnitTestResult executionId="15efc030-cfa5-4188-8f30-09b3c29d6b2c" testId="46df7735-43c3-1f8d-197a-cd21c82e5889" testName="IsHostname_Passing_ValidArguments_Returns_HasErrorsAndCount" computerName="PC-SFERRARI" duration="00:00:00.0004091" startTime="2021-01-16T18:07:00.0082028+00:00" endTime="2021-01-16T18:07:00.0087596+00:00" testType="13cdc9d9-ddb5-4fa4-a97d-d965ccfc6d4b" outcome="Passed" testListId="8c84fa94-04c1-424b-9868-57a2d4851a1d" relativeResultsDirectory="15efc030-cfa5-4188-8f30-09b3c29d6b2c" />
    <UnitTestResult executionId="63ebae0a-bd2c-4b1a-b7d2-a8f7494ef0a2" testId="7be8a004-8e29-0f01-8ada-f15377193150" testName="ToContentType_Passing_ValidValueString_Returns_ContentType" computerName="PC-SFERRARI" duration="00:00:00.0035775" startTime="2021-01-16T18:07:00.8519429+00:00" endTime="2021-01-16T18:07:00.8557470+00:00" testType="13cdc9d9-ddb5-4fa4-a97d-d965ccfc6d4b" outcome="Passed" testListId="8c84fa94-04c1-424b-9868-57a2d4851a1d" relativeResultsDirectory="63ebae0a-bd2c-4b1a-b7d2-a8f7494ef0a2" resultType="DataDrivenTest">
      <InnerResults>
        <UnitTestResult executionId="0500446e-e53d-4fe9-842b-71c872774d3b" parentExecutionId="63ebae0a-bd2c-4b1a-b7d2-a8f7494ef0a2" testId="7be8a004-8e29-0f01-8ada-f15377193150" testName="ToContentType_Passing_ValidValueString_Returns_ContentType (xxxx.pdf,application/pdf)" computerName="PC-SFERRARI" duration="00:00:00.0027054" startTime="2021-01-16T18:07:00.8519429+00:00" endTime="2021-01-16T18:07:00.8557470+00:00" testType="13cdc9d9-ddb5-4fa4-a97d-d965ccfc6d4b" outcome="Passed" testListId="8c84fa94-04c1-424b-9868-57a2d4851a1d" relativeResultsDirectory="0500446e-e53d-4fe9-842b-71c872774d3b" dataRowInfo="1" resultType="DataDrivenDataRow" />
        <UnitTestResult executionId="6f7795b1-8bf7-4e1a-b90f-cd4de592573a" parentExecutionId="63ebae0a-bd2c-4b1a-b7d2-a8f7494ef0a2" testId="7be8a004-8e29-0f01-8ada-f15377193150" testName="ToContentType_Passing_ValidValueString_Returns_ContentType (xxxx.json,application/json)" computerName="PC-SFERRARI" duration="00:00:00.0000582" startTime="2021-01-16T18:07:00.8519429+00:00" endTime="2021-01-16T18:07:00.8557470+00:00" testType="13cdc9d9-ddb5-4fa4-a97d-d965ccfc6d4b" outcome="Passed" testListId="8c84fa94-04c1-424b-9868-57a2d4851a1d" relativeResultsDirectory="6f7795b1-8bf7-4e1a-b90f-cd4de592573a" dataRowInfo="2" resultType="DataDrivenDataRow" />
        <UnitTestResult executionId="b4d9b867-7d21-4937-8d4f-7c827399779a" parentExecutionId="63ebae0a-bd2c-4b1a-b7d2-a8f7494ef0a2" testId="7be8a004-8e29-0f01-8ada-f15377193150" testName="ToContentType_Passing_ValidValueString_Returns_ContentType (xxxx.gif,image/gif)" computerName="PC-SFERRARI" duration="00:00:00.0000742" startTime="2021-01-16T18:07:00.8519429+00:00" endTime="2021-01-16T18:07:00.8557470+00:00" testType="13cdc9d9-ddb5-4fa4-a97d-d965ccfc6d4b" outcome="Passed" testListId="8c84fa94-04c1-424b-9868-57a2d4851a1d" relativeResultsDirectory="b4d9b867-7d21-4937-8d4f-7c827399779a" dataRowInfo="3" resultType="DataDrivenDataRow" />
        <UnitTestResult executionId="42cb9e6f-64c8-4146-8de3-1a53412bee5d" parentExecutionId="63ebae0a-bd2c-4b1a-b7d2-a8f7494ef0a2" testId="7be8a004-8e29-0f01-8ada-f15377193150" testName="ToContentType_Passing_ValidValueString_Returns_ContentType (xxxx.jpeg,image/jpeg)" computerName="PC-SFERRARI" duration="00:00:00.0001941" startTime="2021-01-16T18:07:00.8519429+00:00" endTime="2021-01-16T18:07:00.8557470+00:00" testType="13cdc9d9-ddb5-4fa4-a97d-d965ccfc6d4b" outcome="Passed" testListId="8c84fa94-04c1-424b-9868-57a2d4851a1d" relativeResultsDirectory="42cb9e6f-64c8-4146-8de3-1a53412bee5d" dataRowInfo="4" resultType="DataDrivenDataRow" />
        <UnitTestResult executionId="015986a2-1a74-4872-bf1e-52970c118104" parentExecutionId="63ebae0a-bd2c-4b1a-b7d2-a8f7494ef0a2" testId="7be8a004-8e29-0f01-8ada-f15377193150" testName="ToContentType_Passing_ValidValueString_Returns_ContentType (xxxx.html,text/html)" computerName="PC-SFERRARI" duration="00:00:00.0001853" startTime="2021-01-16T18:07:00.8519429+00:00" endTime="2021-01-16T18:07:00.8557470+00:00" testType="13cdc9d9-ddb5-4fa4-a97d-d965ccfc6d4b" outcome="Passed" testListId="8c84fa94-04c1-424b-9868-57a2d4851a1d" relativeResultsDirectory="015986a2-1a74-4872-bf1e-52970c118104" dataRowInfo="5" resultType="DataDrivenDataRow" />
        <UnitTestResult executionId="5b09c05e-8feb-4c6c-adf5-f3eb17808123" parentExecutionId="63ebae0a-bd2c-4b1a-b7d2-a8f7494ef0a2" testId="7be8a004-8e29-0f01-8ada-f15377193150" testName="ToContentType_Passing_ValidValueString_Returns_ContentType (xxxx.txt,text/plain)" computerName="PC-SFERRARI" duration="00:00:00.0000799" startTime="2021-01-16T18:07:00.8519429+00:00" endTime="2021-01-16T18:07:00.8557470+00:00" testType="13cdc9d9-ddb5-4fa4-a97d-d965ccfc6d4b" outcome="Passed" testListId="8c84fa94-04c1-424b-9868-57a2d4851a1d" relativeResultsDirectory="5b09c05e-8feb-4c6c-adf5-f3eb17808123" dataRowInfo="6" resultType="DataDrivenDataRow" />
      </InnerResults>
    </UnitTestResult>
    <UnitTestResult executionId="c419cead-0b71-4aa7-9c60-e733be291f5d" testId="161f5d07-7835-e575-5072-b9d787ef451c" testName="ToResultAsync_Passing_StatusCodeAnd_MessageAndContentTypeAndHeader_Values_Returns_Values" computerName="PC-SFERRARI" duration="00:00:00.1482485" startTime="2021-01-16T18:07:00.5834754+00:00" endTime="2021-01-16T18:07:00.7320915+00:00" testType="13cdc9d9-ddb5-4fa4-a97d-d965ccfc6d4b" outcome="Passed" testListId="8c84fa94-04c1-424b-9868-57a2d4851a1d" relativeResultsDirectory="c419cead-0b71-4aa7-9c60-e733be291f5d" resultType="DataDrivenTest">
      <InnerResults>
        <UnitTestResult executionId="383fae9f-40b8-4e4d-b378-3aa30cc89431" parentExecutionId="c419cead-0b71-4aa7-9c60-e733be291f5d" testId="161f5d07-7835-e575-5072-b9d787ef451c" testName="ToResultAsync_Passing_StatusCodeAnd_MessageAndContentTypeAndHeader_Values_Returns_Values (/test)" computerName="PC-SFERRARI" duration="00:00:00.1481535" startTime="2021-01-16T18:07:00.5834754+00:00" endTime="2021-01-16T18:07:00.7320915+00:00" testType="13cdc9d9-ddb5-4fa4-a97d-d965ccfc6d4b" outcome="Passed" testListId="8c84fa94-04c1-424b-9868-57a2d4851a1d" relativeResultsDirectory="383fae9f-40b8-4e4d-b378-3aa30cc89431" dataRowInfo="1" resultType="DataDrivenDataRow">
          <Output>
            <StdOut>info: Microsoft.AspNetCore.Hosting.Diagnostics[1]&#xD;
      Request starting HTTP/1.1 GET http://localhost/test  &#xD;
info: Microsoft.AspNetCore.Hosting.Diagnostics[2]&#xD;
      Request finished in 26.0573ms 401 a49a9d5c-e9d9-4c1c-b1c2-df6a7842b2c6</StdOut>
          </Output>
        </UnitTestResult>
      </InnerResults>
    </UnitTestResult>
    <UnitTestResult executionId="db20a18c-5798-431f-a659-3282fb668b77" testId="9d64a285-266d-52de-ef34-34102f8ad12c" testName="IsEspecialChars_Passing_InvalidArguments_Returns_HasErrorsAndCount" computerName="PC-SFERRARI" duration="00:00:00.0009156" startTime="2021-01-16T18:06:59.9973513+00:00" endTime="2021-01-16T18:06:59.9983663+00:00" testType="13cdc9d9-ddb5-4fa4-a97d-d965ccfc6d4b" outcome="Passed" testListId="8c84fa94-04c1-424b-9868-57a2d4851a1d" relativeResultsDirectory="db20a18c-5798-431f-a659-3282fb668b77" />
    <UnitTestResult executionId="558778dd-5b02-4035-b05f-1e25186f9298" testId="640513b3-feee-19a8-efba-5817e77ff3ee" testName="ToExists_Passing_NotFound_Service_Returns_False" computerName="PC-SFERRARI" duration="00:00:00.0002490" startTime="2021-01-16T18:07:00.2378094+00:00" endTime="2021-01-16T18:07:00.2381675+00:00" testType="13cdc9d9-ddb5-4fa4-a97d-d965ccfc6d4b" outcome="Passed" testListId="8c84fa94-04c1-424b-9868-57a2d4851a1d" relativeResultsDirectory="558778dd-5b02-4035-b05f-1e25186f9298" />
    <UnitTestResult executionId="72f917d8-058a-4ba7-adca-b76aeb6bf440" testId="46cc46f0-c0e1-f3e6-2242-cdef90a4249a" testName="ToMapNew_Passing_TSource_And_TDestination_Returns_New_TDestination_Object" computerName="PC-SFERRARI" duration="00:00:00.0004426" startTime="2021-01-16T18:06:59.6611697+00:00" endTime="2021-01-16T18:06:59.6617129+00:00" testType="13cdc9d9-ddb5-4fa4-a97d-d965ccfc6d4b" outcome="Passed" testListId="8c84fa94-04c1-424b-9868-57a2d4851a1d" relativeResultsDirectory="72f917d8-058a-4ba7-adca-b76aeb6bf440" />
    <UnitTestResult executionId="abacba2f-4a50-4d41-929a-39fa22ea758d" testId="bf8f6922-5666-8ec7-1500-aabd5997d6a4" testName="ToString_Passing_Valid_Collection_With_Custom_Separator_Returns_String_With_Custom_Separator" computerName="PC-SFERRARI" duration="00:00:00.0004480" startTime="2021-01-16T18:07:00.3737930+00:00" endTime="2021-01-16T18:07:00.3779403+00:00" testType="13cdc9d9-ddb5-4fa4-a97d-d965ccfc6d4b" outcome="Passed" testListId="8c84fa94-04c1-424b-9868-57a2d4851a1d" relativeResultsDirectory="abacba2f-4a50-4d41-929a-39fa22ea758d" />
    <UnitTestResult executionId="f051659d-acf3-488c-bc34-fa5c30f214bf" testId="cf950ab2-9fe4-ec30-43b4-2f3a99b5167d" testName="CreateAndVerifySHA256_Passing_Valid_Arguments_Returns_True" computerName="PC-SFERRARI" duration="00:00:00.0085234" startTime="2021-01-16T18:07:00.4556378+00:00" endTime="2021-01-16T18:07:00.4644965+00:00" testType="13cdc9d9-ddb5-4fa4-a97d-d965ccfc6d4b" outcome="Passed" testListId="8c84fa94-04c1-424b-9868-57a2d4851a1d" relativeResultsDirectory="f051659d-acf3-488c-bc34-fa5c30f214bf" resultType="DataDrivenTest">
      <InnerResults>
        <UnitTestResult executionId="657a5b74-b0f3-4fd8-9de0-642a72dab5ad" parentExecutionId="f051659d-acf3-488c-bc34-fa5c30f214bf" testId="cf950ab2-9fe4-ec30-43b4-2f3a99b5167d" testName="CreateAndVerifySHA256_Passing_Valid_Arguments_Returns_True (Password)" computerName="PC-SFERRARI" duration="00:00:00.0081993" startTime="2021-01-16T18:07:00.4556378+00:00" endTime="2021-01-16T18:07:00.4644965+00:00" testType="13cdc9d9-ddb5-4fa4-a97d-d965ccfc6d4b" outcome="Passed" testListId="8c84fa94-04c1-424b-9868-57a2d4851a1d" relativeResultsDirectory="657a5b74-b0f3-4fd8-9de0-642a72dab5ad" dataRowInfo="1" resultType="DataDrivenDataRow" />
        <UnitTestResult executionId="091ecb60-34be-4202-b3b3-cd56502802b5" parentExecutionId="f051659d-acf3-488c-bc34-fa5c30f214bf" testId="cf950ab2-9fe4-ec30-43b4-2f3a99b5167d" testName="CreateAndVerifySHA256_Passing_Valid_Arguments_Returns_True (HashTests)" computerName="PC-SFERRARI" duration="00:00:00.0000675" startTime="2021-01-16T18:07:00.4556378+00:00" endTime="2021-01-16T18:07:00.4644965+00:00" testType="13cdc9d9-ddb5-4fa4-a97d-d965ccfc6d4b" outcome="Passed" testListId="8c84fa94-04c1-424b-9868-57a2d4851a1d" relativeResultsDirectory="091ecb60-34be-4202-b3b3-cd56502802b5" dataRowInfo="2" resultType="DataDrivenDataRow" />
        <UnitTestResult executionId="49218616-7908-49be-aca1-fa67110b43c4" parentExecutionId="f051659d-acf3-488c-bc34-fa5c30f214bf" testId="cf950ab2-9fe4-ec30-43b4-2f3a99b5167d" testName="CreateAndVerifySHA256_Passing_Valid_Arguments_Returns_True (sdlfkjldsfksdfñl·%$·&amp;$/U&amp;/)(&amp;()?=)¿?^P*^PÑL,.,.lñ´ñ+98098'098098)" computerName="PC-SFERRARI" duration="00:00:00.0001324" startTime="2021-01-16T18:07:00.4556378+00:00" endTime="2021-01-16T18:07:00.4644965+00:00" testType="13cdc9d9-ddb5-4fa4-a97d-d965ccfc6d4b" outcome="Passed" testListId="8c84fa94-04c1-424b-9868-57a2d4851a1d" relativeResultsDirectory="49218616-7908-49be-aca1-fa67110b43c4" dataRowInfo="3" resultType="DataDrivenDataRow" />
      </InnerResults>
    </UnitTestResult>
    <UnitTestResult executionId="5b090c7a-a16b-4189-940a-3a07861b1e8e" testId="fa00d2a8-59b9-ad9e-caa1-a0c9e3156db1" testName="ToGetAll_Passing_Claims_Returns_Claim_Value_Int_List" computerName="PC-SFERRARI" duration="00:00:00.0121420" startTime="2021-01-16T18:07:00.1037076+00:00" endTime="2021-01-16T18:07:00.1159777+00:00" testType="13cdc9d9-ddb5-4fa4-a97d-d965ccfc6d4b" outcome="Passed" testListId="8c84fa94-04c1-424b-9868-57a2d4851a1d" relativeResultsDirectory="5b090c7a-a16b-4189-940a-3a07861b1e8e" />
    <UnitTestResult executionId="2ba9c87c-20b2-46d8-be88-e93e4c916bc1" testId="3443f7f5-ee1a-f375-e5b1-f7ffa940c0db" testName="ToIsLastDayOfTheMonth_Passing_NotLastDayOfMonth_Returns_False" computerName="PC-SFERRARI" duration="00:00:00.0005131" startTime="2021-01-16T18:07:00.3341405+00:00" endTime="2021-01-16T18:07:00.3348084+00:00" testType="13cdc9d9-ddb5-4fa4-a97d-d965ccfc6d4b" outcome="Passed" testListId="8c84fa94-04c1-424b-9868-57a2d4851a1d" relativeResultsDirectory="2ba9c87c-20b2-46d8-be88-e93e4c916bc1" />
    <UnitTestResult executionId="a7a946d4-f622-4fed-811b-e2f3cb750abe" testId="118e36ba-6572-1245-e05b-9bcc7b4e5e20" testName="ToBytes_Passing_Object_Returns_Bytes" computerName="PC-SFERRARI" duration="00:00:00.0019926" startTime="2021-01-16T18:07:00.4266589+00:00" endTime="2021-01-16T18:07:00.4291952+00:00" testType="13cdc9d9-ddb5-4fa4-a97d-d965ccfc6d4b" outcome="Passed" testListId="8c84fa94-04c1-424b-9868-57a2d4851a1d" relativeResultsDirectory="a7a946d4-f622-4fed-811b-e2f3cb750abe" />
    <UnitTestResult executionId="9f381cee-6f8d-4f88-b809-270bce666cf7" testId="b51b5293-5162-7db8-79c0-6e7b6f1c51a5" testName="ToZipCreate_Passing_ValidFilesWithCutomZipName_Returns_ZipFiles" computerName="PC-SFERRARI" duration="00:00:00.0151556" startTime="2021-01-16T18:07:01.1416031+00:00" endTime="2021-01-16T18:07:01.1570102+00:00" testType="13cdc9d9-ddb5-4fa4-a97d-d965ccfc6d4b" outcome="Passed" testListId="8c84fa94-04c1-424b-9868-57a2d4851a1d" relativeResultsDirectory="9f381cee-6f8d-4f88-b809-270bce666cf7" />
    <UnitTestResult executionId="8ce41a7e-8b6e-44b0-a5a9-a298fc67d16b" testId="a2b6017f-838f-c435-81c1-a75dd92108eb" testName="IsEspecialChars_Passing_ValidArguments_Returns_HasErrorsAndCount" computerName="PC-SFERRARI" duration="00:00:00.0002027" startTime="2021-01-16T18:06:59.9983933+00:00" endTime="2021-01-16T18:06:59.9986999+00:00" testType="13cdc9d9-ddb5-4fa4-a97d-d965ccfc6d4b" outcome="Passed" testListId="8c84fa94-04c1-424b-9868-57a2d4851a1d" relativeResultsDirectory="8ce41a7e-8b6e-44b0-a5a9-a298fc67d16b" />
    <UnitTestResult executionId="dbbc4657-febb-4248-98a1-c9749f285f03" testId="0cfd0c7c-1a61-7d19-c2fa-3c8a47ccf09c" testName="ToValues_Passing_ValidEnumType_Returns_ValuesListString" computerName="PC-SFERRARI" duration="00:00:00.0012073" startTime="2021-01-16T18:07:00.4081979+00:00" endTime="2021-01-16T18:07:00.4095470+00:00" testType="13cdc9d9-ddb5-4fa4-a97d-d965ccfc6d4b" outcome="Passed" testListId="8c84fa94-04c1-424b-9868-57a2d4851a1d" relativeResultsDirectory="dbbc4657-febb-4248-98a1-c9749f285f03" />
    <UnitTestResult executionId="ec690cc6-6ff7-4cfa-98e0-fffcf926e05b" testId="fcd9a6e3-ee1d-7212-668e-2b0865200d81" testName="IsUniqueChars_Passing_ValidArguments_Returns_HasErrorsAndCount" computerName="PC-SFERRARI" duration="00:00:00.0030898" startTime="2021-01-16T18:07:00.0336964+00:00" endTime="2021-01-16T18:07:00.0369927+00:00" testType="13cdc9d9-ddb5-4fa4-a97d-d965ccfc6d4b" outcome="Passed" testListId="8c84fa94-04c1-424b-9868-57a2d4851a1d" relativeResultsDirectory="ec690cc6-6ff7-4cfa-98e0-fffcf926e05b" />
    <UnitTestResult executionId="9fcb2af1-8c3a-4703-a360-061c36c55a33" testId="a0fef65e-bc06-762d-4622-91d020572059" testName="ResultInternalServerError" computerName="PC-SFERRARI" duration="00:00:00.0004063" startTime="2021-01-16T18:07:00.8258644+00:00" endTime="2021-01-16T18:07:00.8264099+00:00" testType="13cdc9d9-ddb5-4fa4-a97d-d965ccfc6d4b" outcome="Passed" testListId="8c84fa94-04c1-424b-9868-57a2d4851a1d" relativeResultsDirectory="9fcb2af1-8c3a-4703-a360-061c36c55a33" />
    <UnitTestResult executionId="08ca253d-ec88-4a13-bda5-9bddf99fc24d" testId="86b92527-4d52-052b-63ae-d9a8aa694919" testName="ToSettings_Passing_Values_From_Memory_Returns_Settings" computerName="PC-SFERRARI" duration="00:00:00.0013969" startTime="2021-01-16T18:07:00.3279816+00:00" endTime="2021-01-16T18:07:00.3295937+00:00" testType="13cdc9d9-ddb5-4fa4-a97d-d965ccfc6d4b" outcome="Passed" testListId="8c84fa94-04c1-424b-9868-57a2d4851a1d" relativeResultsDirectory="08ca253d-ec88-4a13-bda5-9bddf99fc24d" />
    <UnitTestResult executionId="509747eb-b0f5-410f-80c2-ed69212ef94b" testId="ebdf037a-44fa-7875-99d4-42fa9833aac8" testName="IsDigit_Passing_ValidArguments_Returns_HasErrorsAndCount" computerName="PC-SFERRARI" duration="00:00:00.0002512" startTime="2021-01-16T18:06:59.9821608+00:00" endTime="2021-01-16T18:06:59.9825530+00:00" testType="13cdc9d9-ddb5-4fa4-a97d-d965ccfc6d4b" outcome="Passed" testListId="8c84fa94-04c1-424b-9868-57a2d4851a1d" relativeResultsDirectory="509747eb-b0f5-410f-80c2-ed69212ef94b" />
    <UnitTestResult executionId="f8b2d564-fc4d-41f5-b72c-ef78dbb2e8c7" testId="34931354-7c25-7812-28fe-96ea501746b4" testName="ToSetTime_Passing_Time_String_Returns_DateTime" computerName="PC-SFERRARI" duration="00:00:00.0005563" startTime="2021-01-16T18:07:00.3559784+00:00" endTime="2021-01-16T18:07:00.3566548+00:00" testType="13cdc9d9-ddb5-4fa4-a97d-d965ccfc6d4b" outcome="Passed" testListId="8c84fa94-04c1-424b-9868-57a2d4851a1d" relativeResultsDirectory="f8b2d564-fc4d-41f5-b72c-ef78dbb2e8c7" />
    <UnitTestResult executionId="44199d8c-35f6-49fc-af5a-7d1b4b8bad9d" testId="7c09a438-5465-f760-64b2-23d25fc199f5" testName="ToEnum_Passing_InvalidValueString_Returns_EnumCustomValue" computerName="PC-SFERRARI" duration="00:00:00.0010925" startTime="2021-01-16T18:07:00.9945214+00:00" endTime="2021-01-16T18:07:00.9957251+00:00" testType="13cdc9d9-ddb5-4fa4-a97d-d965ccfc6d4b" outcome="Passed" testListId="8c84fa94-04c1-424b-9868-57a2d4851a1d" relativeResultsDirectory="44199d8c-35f6-49fc-af5a-7d1b4b8bad9d" />
    <UnitTestResult executionId="7019d990-7955-4e7e-a304-a5ba58aa467f" testId="73904cd7-b09d-89fc-efca-330cb9d1d1b7" testName="ToConfiguration_Passing_Invalid_DirectoryPath_Returns_ApplicationException" computerName="PC-SFERRARI" duration="00:00:00.0009075" startTime="2021-01-16T18:07:00.1632207+00:00" endTime="2021-01-16T18:07:00.1643120+00:00" testType="13cdc9d9-ddb5-4fa4-a97d-d965ccfc6d4b" outcome="Passed" testListId="8c84fa94-04c1-424b-9868-57a2d4851a1d" relativeResultsDirectory="7019d990-7955-4e7e-a304-a5ba58aa467f" />
    <UnitTestResult executionId="b52afa7e-95d9-4356-9ce0-799faa892655" testId="b9a89fa2-355c-e886-bec5-28d3cf549be6" testName="IsUniqueChars_Passing_InvalidArguments_Returns_HasErrorsAndCount" computerName="PC-SFERRARI" duration="00:00:00.0053504" startTime="2021-01-16T18:07:00.0281396+00:00" endTime="2021-01-16T18:07:00.0336184+00:00" testType="13cdc9d9-ddb5-4fa4-a97d-d965ccfc6d4b" outcome="Passed" testListId="8c84fa94-04c1-424b-9868-57a2d4851a1d" relativeResultsDirectory="b52afa7e-95d9-4356-9ce0-799faa892655" />
    <UnitTestResult executionId="c22f8e0b-bbfc-4c9a-b53d-afb946d41bfe" testId="320700ce-aa3b-5818-fb18-706cf7605472" testName="ToAttribute_Passing_Enumeration_Name_Returns_Atributte" computerName="PC-SFERRARI" duration="00:00:00.0035304" startTime="2021-01-16T18:07:00.3780068+00:00" endTime="2021-01-16T18:07:00.3819697+00:00" testType="13cdc9d9-ddb5-4fa4-a97d-d965ccfc6d4b" outcome="Passed" testListId="8c84fa94-04c1-424b-9868-57a2d4851a1d" relativeResultsDirectory="c22f8e0b-bbfc-4c9a-b53d-afb946d41bfe" />
    <UnitTestResult executionId="da2d6237-0fc7-4a21-bf0e-a9496a17fd77" testId="071a93ca-ce4d-3349-fe5a-5052bf3ce103" testName="ResultError_WithTitle_WithStatusCode_WithDetails_WithExceptionType_WithMessages_WithErrors" computerName="PC-SFERRARI" duration="00:00:00.0078381" startTime="2021-01-16T18:07:00.8178144+00:00" endTime="2021-01-16T18:07:00.8258215+00:00" testType="13cdc9d9-ddb5-4fa4-a97d-d965ccfc6d4b" outcome="Passed" testListId="8c84fa94-04c1-424b-9868-57a2d4851a1d" relativeResultsDirectory="da2d6237-0fc7-4a21-bf0e-a9496a17fd77" />
    <UnitTestResult executionId="a743df31-629e-486e-8c21-3437b338400a" testId="7dc20d31-477c-3765-83c0-7575a504da96" testName="ToNormalize_Passing_ValidValue_Returns_NormalizedValue" computerName="PC-SFERRARI" duration="00:00:00.0077914" startTime="2021-01-16T18:07:01.0370397+00:00" endTime="2021-01-16T18:07:01.0450531+00:00" testType="13cdc9d9-ddb5-4fa4-a97d-d965ccfc6d4b" outcome="Passed" testListId="8c84fa94-04c1-424b-9868-57a2d4851a1d" relativeResultsDirectory="a743df31-629e-486e-8c21-3437b338400a" resultType="DataDrivenTest">
      <InnerResults>
        <UnitTestResult executionId="11c14e17-530f-49b1-ac26-3ae98c22d465" parentExecutionId="a743df31-629e-486e-8c21-3437b338400a" testId="7dc20d31-477c-3765-83c0-7575a504da96" testName="ToNormalize_Passing_ValidValue_Returns_NormalizedValue ( ,)" computerName="PC-SFERRARI" duration="00:00:00.0026318" startTime="2021-01-16T18:07:01.0370397+00:00" endTime="2021-01-16T18:07:01.0450531+00:00" testType="13cdc9d9-ddb5-4fa4-a97d-d965ccfc6d4b" outcome="Passed" testListId="8c84fa94-04c1-424b-9868-57a2d4851a1d" relativeResultsDirectory="11c14e17-530f-49b1-ac26-3ae98c22d465" dataRowInfo="1" resultType="DataDrivenDataRow" />
        <UnitTestResult executionId="d17f9df8-b2c6-4c89-bcad-395335c1da5b" parentExecutionId="a743df31-629e-486e-8c21-3437b338400a" testId="7dc20d31-477c-3765-83c0-7575a504da96" testName="ToNormalize_Passing_ValidValue_Returns_NormalizedValue (àáäâãøçħ,aaaaaoch)" computerName="PC-SFERRARI" duration="00:00:00.0034100" startTime="2021-01-16T18:07:01.0370397+00:00" endTime="2021-01-16T18:07:01.0450531+00:00" testType="13cdc9d9-ddb5-4fa4-a97d-d965ccfc6d4b" outcome="Passed" testListId="8c84fa94-04c1-424b-9868-57a2d4851a1d" relativeResultsDirectory="d17f9df8-b2c6-4c89-bcad-395335c1da5b" dataRowInfo="2" resultType="DataDrivenDataRow" />
        <UnitTestResult executionId="3c912298-ca2f-481b-9646-412d3082f2d8" parentExecutionId="a743df31-629e-486e-8c21-3437b338400a" testId="7dc20d31-477c-3765-83c0-7575a504da96" testName="ToNormalize_Passing_ValidValue_Returns_NormalizedValue ( àáäâ ãøçħ ,aaaa aoch)" computerName="PC-SFERRARI" duration="00:00:00.0001502" startTime="2021-01-16T18:07:01.0370397+00:00" endTime="2021-01-16T18:07:01.0450531+00:00" testType="13cdc9d9-ddb5-4fa4-a97d-d965ccfc6d4b" outcome="Passed" testListId="8c84fa94-04c1-424b-9868-57a2d4851a1d" relativeResultsDirectory="3c912298-ca2f-481b-9646-412d3082f2d8" dataRowInfo="3" resultType="DataDrivenDataRow" />
        <UnitTestResult executionId="1eef56b7-432e-4ab9-9c95-707849afdd30" parentExecutionId="a743df31-629e-486e-8c21-3437b338400a" testId="7dc20d31-477c-3765-83c0-7575a504da96" testName="ToNormalize_Passing_ValidValue_Returns_NormalizedValue (*¨^_:-?¿;,)" computerName="PC-SFERRARI" duration="00:00:00.0000685" startTime="2021-01-16T18:07:01.0370397+00:00" endTime="2021-01-16T18:07:01.0450531+00:00" testType="13cdc9d9-ddb5-4fa4-a97d-d965ccfc6d4b" outcome="Passed" testListId="8c84fa94-04c1-424b-9868-57a2d4851a1d" relativeResultsDirectory="1eef56b7-432e-4ab9-9c95-707849afdd30" dataRowInfo="4" resultType="DataDrivenDataRow" />
        <UnitTestResult executionId="8981b3e8-18a6-4890-bb52-8dc1d2ce633c" parentExecutionId="a743df31-629e-486e-8c21-3437b338400a" testId="7dc20d31-477c-3765-83c0-7575a504da96" testName="ToNormalize_Passing_ValidValue_Returns_NormalizedValue ( * ¨ ^ _ : - ? ¿ ; ,)" computerName="PC-SFERRARI" duration="00:00:00.0000399" startTime="2021-01-16T18:07:01.0370397+00:00" endTime="2021-01-16T18:07:01.0450531+00:00" testType="13cdc9d9-ddb5-4fa4-a97d-d965ccfc6d4b" outcome="Passed" testListId="8c84fa94-04c1-424b-9868-57a2d4851a1d" relativeResultsDirectory="8981b3e8-18a6-4890-bb52-8dc1d2ce633c" dataRowInfo="5" resultType="DataDrivenDataRow" />
        <UnitTestResult executionId="a36d1a51-bed8-43f7-a5b0-0e830a8fec4f" parentExecutionId="a743df31-629e-486e-8c21-3437b338400a" testId="7dc20d31-477c-3765-83c0-7575a504da96" testName="ToNormalize_Passing_ValidValue_Returns_NormalizedValue (àáäâã,aaaaa)" computerName="PC-SFERRARI" duration="00:00:00.0000299" startTime="2021-01-16T18:07:01.0370397+00:00" endTime="2021-01-16T18:07:01.0450531+00:00" testType="13cdc9d9-ddb5-4fa4-a97d-d965ccfc6d4b" outcome="Passed" testListId="8c84fa94-04c1-424b-9868-57a2d4851a1d" relativeResultsDirectory="a36d1a51-bed8-43f7-a5b0-0e830a8fec4f" dataRowInfo="6" resultType="DataDrivenDataRow" />
        <UnitTestResult executionId="72648ade-ae57-4224-af12-8362a45b043c" parentExecutionId="a743df31-629e-486e-8c21-3437b338400a" testId="7dc20d31-477c-3765-83c0-7575a504da96" testName="ToNormalize_Passing_ValidValue_Returns_NormalizedValue (ÀÁÄÂÃ,AAAAA)" computerName="PC-SFERRARI" duration="00:00:00.0000288" startTime="2021-01-16T18:07:01.0370397+00:00" endTime="2021-01-16T18:07:01.0450531+00:00" testType="13cdc9d9-ddb5-4fa4-a97d-d965ccfc6d4b" outcome="Passed" testListId="8c84fa94-04c1-424b-9868-57a2d4851a1d" relativeResultsDirectory="72648ade-ae57-4224-af12-8362a45b043c" dataRowInfo="7" resultType="DataDrivenDataRow" />
        <UnitTestResult executionId="f649a749-1c5a-4239-a4b1-8b9fa1ba967d" parentExecutionId="a743df31-629e-486e-8c21-3437b338400a" testId="7dc20d31-477c-3765-83c0-7575a504da96" testName="ToNormalize_Passing_ValidValue_Returns_NormalizedValue (ç,c)" computerName="PC-SFERRARI" duration="00:00:00.0000355" startTime="2021-01-16T18:07:01.0370397+00:00" endTime="2021-01-16T18:07:01.0450531+00:00" testType="13cdc9d9-ddb5-4fa4-a97d-d965ccfc6d4b" outcome="Passed" testListId="8c84fa94-04c1-424b-9868-57a2d4851a1d" relativeResultsDirectory="f649a749-1c5a-4239-a4b1-8b9fa1ba967d" dataRowInfo="8" resultType="DataDrivenDataRow" />
        <UnitTestResult executionId="83324c57-0a1b-41f9-b859-3e1e740648b2" parentExecutionId="a743df31-629e-486e-8c21-3437b338400a" testId="7dc20d31-477c-3765-83c0-7575a504da96" testName="ToNormalize_Passing_ValidValue_Returns_NormalizedValue (Ç,C)" computerName="PC-SFERRARI" duration="00:00:00.0000491" startTime="2021-01-16T18:07:01.0370397+00:00" endTime="2021-01-16T18:07:01.0450531+00:00" testType="13cdc9d9-ddb5-4fa4-a97d-d965ccfc6d4b" outcome="Passed" testListId="8c84fa94-04c1-424b-9868-57a2d4851a1d" relativeResultsDirectory="83324c57-0a1b-41f9-b859-3e1e740648b2" dataRowInfo="9" resultType="DataDrivenDataRow" />
        <UnitTestResult executionId="cdffbe29-0713-4bb7-8817-4ec13a7f7c0e" parentExecutionId="a743df31-629e-486e-8c21-3437b338400a" testId="7dc20d31-477c-3765-83c0-7575a504da96" testName="ToNormalize_Passing_ValidValue_Returns_NormalizedValue (èéëê,eeee)" computerName="PC-SFERRARI" duration="00:00:00.0000311" startTime="2021-01-16T18:07:01.0370397+00:00" endTime="2021-01-16T18:07:01.0450531+00:00" testType="13cdc9d9-ddb5-4fa4-a97d-d965ccfc6d4b" outcome="Passed" testListId="8c84fa94-04c1-424b-9868-57a2d4851a1d" relativeResultsDirectory="cdffbe29-0713-4bb7-8817-4ec13a7f7c0e" dataRowInfo="10" resultType="DataDrivenDataRow" />
        <UnitTestResult executionId="855be9fb-dbb8-4a9c-889e-d57660d1ccdf" parentExecutionId="a743df31-629e-486e-8c21-3437b338400a" testId="7dc20d31-477c-3765-83c0-7575a504da96" testName="ToNormalize_Passing_ValidValue_Returns_NormalizedValue (ÈÉËÊ,EEEE)" computerName="PC-SFERRARI" duration="00:00:00.0000288" startTime="2021-01-16T18:07:01.0370397+00:00" endTime="2021-01-16T18:07:01.0450531+00:00" testType="13cdc9d9-ddb5-4fa4-a97d-d965ccfc6d4b" outcome="Passed" testListId="8c84fa94-04c1-424b-9868-57a2d4851a1d" relativeResultsDirectory="855be9fb-dbb8-4a9c-889e-d57660d1ccdf" dataRowInfo="11" resultType="DataDrivenDataRow" />
        <UnitTestResult executionId="681449e1-6979-49cf-b6c1-ebeaa400c2ef" parentExecutionId="a743df31-629e-486e-8c21-3437b338400a" testId="7dc20d31-477c-3765-83c0-7575a504da96" testName="ToNormalize_Passing_ValidValue_Returns_NormalizedValue (ìíïî,iiii)" computerName="PC-SFERRARI" duration="00:00:00.0000286" startTime="2021-01-16T18:07:01.0370397+00:00" endTime="2021-01-16T18:07:01.0450531+00:00" testType="13cdc9d9-ddb5-4fa4-a97d-d965ccfc6d4b" outcome="Passed" testListId="8c84fa94-04c1-424b-9868-57a2d4851a1d" relativeResultsDirectory="681449e1-6979-49cf-b6c1-ebeaa400c2ef" dataRowInfo="12" resultType="DataDrivenDataRow" />
        <UnitTestResult executionId="49553381-2aad-421b-b5e3-2a3075cb79d5" parentExecutionId="a743df31-629e-486e-8c21-3437b338400a" testId="7dc20d31-477c-3765-83c0-7575a504da96" testName="ToNormalize_Passing_ValidValue_Returns_NormalizedValue (Malmö,Malmo)" computerName="PC-SFERRARI" duration="00:00:00.0000470" startTime="2021-01-16T18:07:01.0370397+00:00" endTime="2021-01-16T18:07:01.0450531+00:00" testType="13cdc9d9-ddb5-4fa4-a97d-d965ccfc6d4b" outcome="Passed" testListId="8c84fa94-04c1-424b-9868-57a2d4851a1d" relativeResultsDirectory="49553381-2aad-421b-b5e3-2a3075cb79d5" dataRowInfo="13" resultType="DataDrivenDataRow" />
        <UnitTestResult executionId="c3acc8f3-718c-47ee-a395-199187aaccdb" parentExecutionId="a743df31-629e-486e-8c21-3437b338400a" testId="7dc20d31-477c-3765-83c0-7575a504da96" testName="ToNormalize_Passing_ValidValue_Returns_NormalizedValue (Münçhen,Munchen)" computerName="PC-SFERRARI" duration="00:00:00.0000307" startTime="2021-01-16T18:07:01.0370397+00:00" endTime="2021-01-16T18:07:01.0450531+00:00" testType="13cdc9d9-ddb5-4fa4-a97d-d965ccfc6d4b" outcome="Passed" testListId="8c84fa94-04c1-424b-9868-57a2d4851a1d" relativeResultsDirectory="c3acc8f3-718c-47ee-a395-199187aaccdb" dataRowInfo="14" resultType="DataDrivenDataRow" />
        <UnitTestResult executionId="07a81fb3-502f-4e26-bbff-bd2b3c65d30e" parentExecutionId="a743df31-629e-486e-8c21-3437b338400a" testId="7dc20d31-477c-3765-83c0-7575a504da96" testName="ToNormalize_Passing_ValidValue_Returns_NormalizedValue (Åge,Age)" computerName="PC-SFERRARI" duration="00:00:00.0000276" startTime="2021-01-16T18:07:01.0370397+00:00" endTime="2021-01-16T18:07:01.0450531+00:00" testType="13cdc9d9-ddb5-4fa4-a97d-d965ccfc6d4b" outcome="Passed" testListId="8c84fa94-04c1-424b-9868-57a2d4851a1d" relativeResultsDirectory="07a81fb3-502f-4e26-bbff-bd2b3c65d30e" dataRowInfo="15" resultType="DataDrivenDataRow" />
        <UnitTestResult executionId="9d746d6c-c3ed-4d64-8c27-e48bd41e73a1" parentExecutionId="a743df31-629e-486e-8c21-3437b338400a" testId="7dc20d31-477c-3765-83c0-7575a504da96" testName="ToNormalize_Passing_ValidValue_Returns_NormalizedValue (Strømsgodset,Stromsgodset)" computerName="PC-SFERRARI" duration="00:00:00.0000266" startTime="2021-01-16T18:07:01.0370397+00:00" endTime="2021-01-16T18:07:01.0450531+00:00" testType="13cdc9d9-ddb5-4fa4-a97d-d965ccfc6d4b" outcome="Passed" testListId="8c84fa94-04c1-424b-9868-57a2d4851a1d" relativeResultsDirectory="9d746d6c-c3ed-4d64-8c27-e48bd41e73a1" dataRowInfo="16" resultType="DataDrivenDataRow" />
        <UnitTestResult executionId="181f246a-1cec-47ad-9ea0-66e5dcdf355f" parentExecutionId="a743df31-629e-486e-8c21-3437b338400a" testId="7dc20d31-477c-3765-83c0-7575a504da96" testName="ToNormalize_Passing_ValidValue_Returns_NormalizedValue (Kulħadd,Kulhadd)" computerName="PC-SFERRARI" duration="00:00:00.0000526" startTime="2021-01-16T18:07:01.0370397+00:00" endTime="2021-01-16T18:07:01.0450531+00:00" testType="13cdc9d9-ddb5-4fa4-a97d-d965ccfc6d4b" outcome="Passed" testListId="8c84fa94-04c1-424b-9868-57a2d4851a1d" relativeResultsDirectory="181f246a-1cec-47ad-9ea0-66e5dcdf355f" dataRowInfo="17" resultType="DataDrivenDataRow" />
        <UnitTestResult executionId="007ff682-7abc-4323-b01a-5e4c8eb04480" parentExecutionId="a743df31-629e-486e-8c21-3437b338400a" testId="7dc20d31-477c-3765-83c0-7575a504da96" testName="ToNormalize_Passing_ValidValue_Returns_NormalizedValue (héllo,hello)" computerName="PC-SFERRARI" duration="00:00:00.0001228" startTime="2021-01-16T18:07:01.0370397+00:00" endTime="2021-01-16T18:07:01.0450531+00:00" testType="13cdc9d9-ddb5-4fa4-a97d-d965ccfc6d4b" outcome="Passed" testListId="8c84fa94-04c1-424b-9868-57a2d4851a1d" relativeResultsDirectory="007ff682-7abc-4323-b01a-5e4c8eb04480" dataRowInfo="18" resultType="DataDrivenDataRow" />
        <UnitTestResult executionId="2ccf8cea-2831-403f-90e8-b23b2b1243cf" parentExecutionId="a743df31-629e-486e-8c21-3437b338400a" testId="7dc20d31-477c-3765-83c0-7575a504da96" testName="ToNormalize_Passing_ValidValue_Returns_NormalizedValue (Autobús,Autobus)" computerName="PC-SFERRARI" duration="00:00:00.0000406" startTime="2021-01-16T18:07:01.0370397+00:00" endTime="2021-01-16T18:07:01.0450531+00:00" testType="13cdc9d9-ddb5-4fa4-a97d-d965ccfc6d4b" outcome="Passed" testListId="8c84fa94-04c1-424b-9868-57a2d4851a1d" relativeResultsDirectory="2ccf8cea-2831-403f-90e8-b23b2b1243cf" dataRowInfo="19" resultType="DataDrivenDataRow" />
        <UnitTestResult executionId="c5825e74-0b29-4482-8d62-8b967f08b15e" parentExecutionId="a743df31-629e-486e-8c21-3437b338400a" testId="7dc20d31-477c-3765-83c0-7575a504da96" testName="ToNormalize_Passing_ValidValue_Returns_NormalizedValue (i’ LL,i LL)" computerName="PC-SFERRARI" duration="00:00:00.0000445" startTime="2021-01-16T18:07:01.0370397+00:00" endTime="2021-01-16T18:07:01.0450531+00:00" testType="13cdc9d9-ddb5-4fa4-a97d-d965ccfc6d4b" outcome="Passed" testListId="8c84fa94-04c1-424b-9868-57a2d4851a1d" relativeResultsDirectory="c5825e74-0b29-4482-8d62-8b967f08b15e" dataRowInfo="20" resultType="DataDrivenDataRow" />
        <UnitTestResult executionId="ce7b1bbc-fe29-4467-b9d6-f0bf60f1778f" parentExecutionId="a743df31-629e-486e-8c21-3437b338400a" testId="7dc20d31-477c-3765-83c0-7575a504da96" testName="ToNormalize_Passing_ValidValue_Returns_NormalizedValue (Mañana,Manana)" computerName="PC-SFERRARI" duration="00:00:00.0000356" startTime="2021-01-16T18:07:01.0370397+00:00" endTime="2021-01-16T18:07:01.0450531+00:00" testType="13cdc9d9-ddb5-4fa4-a97d-d965ccfc6d4b" outcome="Passed" testListId="8c84fa94-04c1-424b-9868-57a2d4851a1d" relativeResultsDirectory="ce7b1bbc-fe29-4467-b9d6-f0bf60f1778f" dataRowInfo="21" resultType="DataDrivenDataRow" />
        <UnitTestResult executionId="2a44ba26-59f6-461f-a707-63ec14d47cb0" parentExecutionId="a743df31-629e-486e-8c21-3437b338400a" testId="7dc20d31-477c-3765-83c0-7575a504da96" testName="ToNormalize_Passing_ValidValue_Returns_NormalizedValue (The End,The End)" computerName="PC-SFERRARI" duration="00:00:00.0000335" startTime="2021-01-16T18:07:01.0370397+00:00" endTime="2021-01-16T18:07:01.0450531+00:00" testType="13cdc9d9-ddb5-4fa4-a97d-d965ccfc6d4b" outcome="Passed" testListId="8c84fa94-04c1-424b-9868-57a2d4851a1d" relativeResultsDirectory="2a44ba26-59f6-461f-a707-63ec14d47cb0" dataRowInfo="22" resultType="DataDrivenDataRow" />
        <UnitTestResult executionId="a2915509-3db6-44a4-93b2-e65ff0f77da5" parentExecutionId="a743df31-629e-486e-8c21-3437b338400a" testId="7dc20d31-477c-3765-83c0-7575a504da96" testName="ToNormalize_Passing_ValidValue_Returns_NormalizedValue (ñ Ñ,n N)" computerName="PC-SFERRARI" duration="00:00:00.0000290" startTime="2021-01-16T18:07:01.0370397+00:00" endTime="2021-01-16T18:07:01.0450531+00:00" testType="13cdc9d9-ddb5-4fa4-a97d-d965ccfc6d4b" outcome="Passed" testListId="8c84fa94-04c1-424b-9868-57a2d4851a1d" relativeResultsDirectory="a2915509-3db6-44a4-93b2-e65ff0f77da5" dataRowInfo="23" resultType="DataDrivenDataRow" />
      </InnerResults>
    </UnitTestResult>
    <UnitTestResult executionId="53796528-d0a2-44d0-b21f-25ce63f24b41" testId="0696fab6-6d9f-2b85-4a73-248fbd1cdda4" testName="ToDirectorySaveFileAsync_Passing_ValidValue_Returns_False" computerName="PC-SFERRARI" duration="00:00:00.0125130" startTime="2021-01-16T18:07:00.9506795+00:00" endTime="2021-01-16T18:07:00.9635558+00:00" testType="13cdc9d9-ddb5-4fa4-a97d-d965ccfc6d4b" outcome="Passed" testListId="8c84fa94-04c1-424b-9868-57a2d4851a1d" relativeResultsDirectory="53796528-d0a2-44d0-b21f-25ce63f24b41" />
    <UnitTestResult executionId="f03ecd10-0684-4aa0-9d2a-856da55795cb" testId="65b9b71b-a8d5-2a7d-a8a7-0e3a015e6b68" testName="ToDirectoryTemporary_Passing_ValidValue_Returns_DirectoryExists" computerName="PC-SFERRARI" duration="00:00:00.0018395" startTime="2021-01-16T18:07:00.9636259+00:00" endTime="2021-01-16T18:07:00.9657161+00:00" testType="13cdc9d9-ddb5-4fa4-a97d-d965ccfc6d4b" outcome="Passed" testListId="8c84fa94-04c1-424b-9868-57a2d4851a1d" relativeResultsDirectory="f03ecd10-0684-4aa0-9d2a-856da55795cb" />
    <UnitTestResult executionId="494fb9bb-5f07-4b23-ad89-36f6896fb8f3" testId="074815db-ddf2-9c1f-0fef-7f709183591e" testName="ToExists_Passing_Service_Not_Found_Returns_False" computerName="PC-SFERRARI" duration="00:00:00.0004060" startTime="2021-01-16T18:06:59.9098815+00:00" endTime="2021-01-16T18:06:59.9103667+00:00" testType="13cdc9d9-ddb5-4fa4-a97d-d965ccfc6d4b" outcome="Passed" testListId="8c84fa94-04c1-424b-9868-57a2d4851a1d" relativeResultsDirectory="494fb9bb-5f07-4b23-ad89-36f6896fb8f3" />
    <UnitTestResult executionId="a296c7dc-00aa-428e-9ae7-46dd998743f6" testId="08f63e9f-68bb-2ff4-88d9-c74b03747527" testName="ResultOkData_WithData" computerName="PC-SFERRARI" duration="00:00:00.0063910" startTime="2021-01-16T18:07:00.8276652+00:00" endTime="2021-01-16T18:07:00.8341826+00:00" testType="13cdc9d9-ddb5-4fa4-a97d-d965ccfc6d4b" outcome="Passed" testListId="8c84fa94-04c1-424b-9868-57a2d4851a1d" relativeResultsDirectory="a296c7dc-00aa-428e-9ae7-46dd998743f6" />
    <UnitTestResult executionId="3410d543-23c8-4d7e-af62-048c90c2f6c2" testId="e8138724-52f6-6999-ada4-cbc441f2cd15" testName="ToEmailMaskUserNameAndDomain_Passing_ValidEmail_Returns_EmailWithMask" computerName="PC-SFERRARI" duration="00:00:00.0007911" startTime="2021-01-16T18:07:00.9739440+00:00" endTime="2021-01-16T18:07:00.9749547+00:00" testType="13cdc9d9-ddb5-4fa4-a97d-d965ccfc6d4b" outcome="Passed" testListId="8c84fa94-04c1-424b-9868-57a2d4851a1d" relativeResultsDirectory="3410d543-23c8-4d7e-af62-048c90c2f6c2" resultType="DataDrivenTest">
      <InnerResults>
        <UnitTestResult executionId="4471d442-efd4-4e6d-b005-0d1af9048f69" parentExecutionId="3410d543-23c8-4d7e-af62-048c90c2f6c2" testId="e8138724-52f6-6999-ada4-cbc441f2cd15" testName="ToEmailMaskUserNameAndDomain_Passing_ValidEmail_Returns_EmailWithMask (qaz@gmail.com,q*z@g***l.com)" computerName="PC-SFERRARI" duration="00:00:00.0005750" startTime="2021-01-16T18:07:00.9739440+00:00" endTime="2021-01-16T18:07:00.9749547+00:00" testType="13cdc9d9-ddb5-4fa4-a97d-d965ccfc6d4b" outcome="Passed" testListId="8c84fa94-04c1-424b-9868-57a2d4851a1d" relativeResultsDirectory="4471d442-efd4-4e6d-b005-0d1af9048f69" dataRowInfo="1" resultType="DataDrivenDataRow" />
        <UnitTestResult executionId="10b976d6-afae-42d5-9423-54b0ebe21609" parentExecutionId="3410d543-23c8-4d7e-af62-048c90c2f6c2" testId="e8138724-52f6-6999-ada4-cbc441f2cd15" testName="ToEmailMaskUserNameAndDomain_Passing_ValidEmail_Returns_EmailWithMask (qazwsx@gmail.com,q****x@g***l.com)" computerName="PC-SFERRARI" duration="00:00:00.0000210" startTime="2021-01-16T18:07:00.9739440+00:00" endTime="2021-01-16T18:07:00.9749547+00:00" testType="13cdc9d9-ddb5-4fa4-a97d-d965ccfc6d4b" outcome="Passed" testListId="8c84fa94-04c1-424b-9868-57a2d4851a1d" relativeResultsDirectory="10b976d6-afae-42d5-9423-54b0ebe21609" dataRowInfo="2" resultType="DataDrivenDataRow" />
        <UnitTestResult executionId="132c1765-9489-4a95-8a6f-34eb86367393" parentExecutionId="3410d543-23c8-4d7e-af62-048c90c2f6c2" testId="e8138724-52f6-6999-ada4-cbc441f2cd15" testName="ToEmailMaskUserNameAndDomain_Passing_ValidEmail_Returns_EmailWithMask (qazwsxedc@gmail.com,q*******c@g***l.com)" computerName="PC-SFERRARI" duration="00:00:00.0000149" startTime="2021-01-16T18:07:00.9739440+00:00" endTime="2021-01-16T18:07:00.9749547+00:00" testType="13cdc9d9-ddb5-4fa4-a97d-d965ccfc6d4b" outcome="Passed" testListId="8c84fa94-04c1-424b-9868-57a2d4851a1d" relativeResultsDirectory="132c1765-9489-4a95-8a6f-34eb86367393" dataRowInfo="3" resultType="DataDrivenDataRow" />
        <UnitTestResult executionId="11b4eab1-cce5-4d07-b05b-7804bfb98076" parentExecutionId="3410d543-23c8-4d7e-af62-048c90c2f6c2" testId="e8138724-52f6-6999-ada4-cbc441f2cd15" testName="ToEmailMaskUserNameAndDomain_Passing_ValidEmail_Returns_EmailWithMask (qaz@gmailgmail.com,q*z@g********l.com)" computerName="PC-SFERRARI" duration="00:00:00.0000137" startTime="2021-01-16T18:07:00.9739440+00:00" endTime="2021-01-16T18:07:00.9749547+00:00" testType="13cdc9d9-ddb5-4fa4-a97d-d965ccfc6d4b" outcome="Passed" testListId="8c84fa94-04c1-424b-9868-57a2d4851a1d" relativeResultsDirectory="11b4eab1-cce5-4d07-b05b-7804bfb98076" dataRowInfo="4" resultType="DataDrivenDataRow" />
        <UnitTestResult executionId="e1cb650a-1961-4ec2-a09f-cc32297a17e6" parentExecutionId="3410d543-23c8-4d7e-af62-048c90c2f6c2" testId="e8138724-52f6-6999-ada4-cbc441f2cd15" testName="ToEmailMaskUserNameAndDomain_Passing_ValidEmail_Returns_EmailWithMask (qazwsx@gmailgmail.com,q****x@g********l.com)" computerName="PC-SFERRARI" duration="00:00:00.0000161" startTime="2021-01-16T18:07:00.9739440+00:00" endTime="2021-01-16T18:07:00.9749547+00:00" testType="13cdc9d9-ddb5-4fa4-a97d-d965ccfc6d4b" outcome="Passed" testListId="8c84fa94-04c1-424b-9868-57a2d4851a1d" relativeResultsDirectory="e1cb650a-1961-4ec2-a09f-cc32297a17e6" dataRowInfo="5" resultType="DataDrivenDataRow" />
        <UnitTestResult executionId="c86bc88f-0b04-49cb-9093-af50d258adc2" parentExecutionId="3410d543-23c8-4d7e-af62-048c90c2f6c2" testId="e8138724-52f6-6999-ada4-cbc441f2cd15" testName="ToEmailMaskUserNameAndDomain_Passing_ValidEmail_Returns_EmailWithMask (qazwsxedc@gmailgmail.com,q*******c@g********l.com)" computerName="PC-SFERRARI" duration="00:00:00.0000176" startTime="2021-01-16T18:07:00.9739440+00:00" endTime="2021-01-16T18:07:00.9749547+00:00" testType="13cdc9d9-ddb5-4fa4-a97d-d965ccfc6d4b" outcome="Passed" testListId="8c84fa94-04c1-424b-9868-57a2d4851a1d" relativeResultsDirectory="c86bc88f-0b04-49cb-9093-af50d258adc2" dataRowInfo="6" resultType="DataDrivenDataRow" />
      </InnerResults>
    </UnitTestResult>
    <UnitTestResult executionId="1bcea2e2-1459-4d03-849a-baa89b04d723" testId="209cbba1-d5fa-4810-2cb6-ee92ce2e109d" testName="ToGet_Passing_Claims_Returns_Claim_Value_Int" computerName="PC-SFERRARI" duration="00:00:00.0017331" startTime="2021-01-16T18:07:00.1395149+00:00" endTime="2021-01-16T18:07:00.1413404+00:00" testType="13cdc9d9-ddb5-4fa4-a97d-d965ccfc6d4b" outcome="Passed" testListId="8c84fa94-04c1-424b-9868-57a2d4851a1d" relativeResultsDirectory="1bcea2e2-1459-4d03-849a-baa89b04d723" />
    <UnitTestResult executionId="6290f873-64a9-440f-81f4-7b017f558439" testId="4234610b-215b-41f7-e61d-4a82851bdfa3" testName="ToDefaultValue_Passing_int_Returns_Cero" computerName="PC-SFERRARI" duration="00:00:00.0003510" startTime="2021-01-16T18:07:00.4387033+00:00" endTime="2021-01-16T18:07:00.4391746+00:00" testType="13cdc9d9-ddb5-4fa4-a97d-d965ccfc6d4b" outcome="Passed" testListId="8c84fa94-04c1-424b-9868-57a2d4851a1d" relativeResultsDirectory="6290f873-64a9-440f-81f4-7b017f558439" resultType="DataDrivenTest">
      <InnerResults>
        <UnitTestResult executionId="08e57fdc-e368-4624-9566-b020c7fb0b3b" parentExecutionId="6290f873-64a9-440f-81f4-7b017f558439" testId="4234610b-215b-41f7-e61d-4a82851bdfa3" testName="ToDefaultValue_Passing_int_Returns_Cero (2147483647)" computerName="PC-SFERRARI" duration="00:00:00.0003015" startTime="2021-01-16T18:07:00.4387033+00:00" endTime="2021-01-16T18:07:00.4391746+00:00" testType="13cdc9d9-ddb5-4fa4-a97d-d965ccfc6d4b" outcome="Passed" testListId="8c84fa94-04c1-424b-9868-57a2d4851a1d" relativeResultsDirectory="08e57fdc-e368-4624-9566-b020c7fb0b3b" dataRowInfo="1" resultType="DataDrivenDataRow" />
      </InnerResults>
    </UnitTestResult>
    <UnitTestResult executionId="2feef677-2914-4d05-94e4-b5d4b0b7f5a2" testId="c00cb1b0-a36c-2ae8-4230-b32afb3c83f9" testName="ResultOk_WithMessage_WithDetails" computerName="PC-SFERRARI" duration="00:00:00.0004824" startTime="2021-01-16T18:07:00.8411882+00:00" endTime="2021-01-16T18:07:00.8418043+00:00" testType="13cdc9d9-ddb5-4fa4-a97d-d965ccfc6d4b" outcome="Passed" testListId="8c84fa94-04c1-424b-9868-57a2d4851a1d" relativeResultsDirectory="2feef677-2914-4d05-94e4-b5d4b0b7f5a2" />
    <UnitTestResult executionId="4335716d-ba17-4bee-807d-48d6b080ab3a" testId="fbb73316-6f70-059a-1197-08f09a1221d6" testName="ResultDataUnauthorized" computerName="PC-SFERRARI" duration="00:00:00.0005468" startTime="2021-01-16T18:07:00.7854087+00:00" endTime="2021-01-16T18:07:00.7860935+00:00" testType="13cdc9d9-ddb5-4fa4-a97d-d965ccfc6d4b" outcome="Passed" testListId="8c84fa94-04c1-424b-9868-57a2d4851a1d" relativeResultsDirectory="4335716d-ba17-4bee-807d-48d6b080ab3a" />
    <UnitTestResult executionId="538a4065-fda1-4c3c-9db5-b33de23fd040" testId="a1095294-226e-a0f0-0154-11290289c9db" testName="ToStringFormat_Passing_ValidValue_Returns_ValueWithoutRemovedChars" computerName="PC-SFERRARI" duration="00:00:00.0004655" startTime="2021-01-16T18:07:00.7322770+00:00" endTime="2021-01-16T18:07:00.7329573+00:00" testType="13cdc9d9-ddb5-4fa4-a97d-d965ccfc6d4b" outcome="Passed" testListId="8c84fa94-04c1-424b-9868-57a2d4851a1d" relativeResultsDirectory="538a4065-fda1-4c3c-9db5-b33de23fd040" resultType="DataDrivenTest">
      <InnerResults>
        <UnitTestResult executionId="31f21657-1ad0-47ae-884f-fab68c93d0d6" parentExecutionId="538a4065-fda1-4c3c-9db5-b33de23fd040" testId="a1095294-226e-a0f0-0154-11290289c9db" testName="ToStringFormat_Passing_ValidValue_Returns_ValueWithoutRemovedChars (0)" computerName="PC-SFERRARI" duration="00:00:00.0003521" startTime="2021-01-16T18:07:00.7322770+00:00" endTime="2021-01-16T18:07:00.7329573+00:00" testType="13cdc9d9-ddb5-4fa4-a97d-d965ccfc6d4b" outcome="Passed" testListId="8c84fa94-04c1-424b-9868-57a2d4851a1d" relativeResultsDirectory="31f21657-1ad0-47ae-884f-fab68c93d0d6" dataRowInfo="1" resultType="DataDrivenDataRow" />
        <UnitTestResult executionId="a97ecde0-f045-4de8-b7b1-92d7f214d838" parentExecutionId="538a4065-fda1-4c3c-9db5-b33de23fd040" testId="a1095294-226e-a0f0-0154-11290289c9db" testName="ToStringFormat_Passing_ValidValue_Returns_ValueWithoutRemovedChars (1)" computerName="PC-SFERRARI" duration="00:00:00.0000069" startTime="2021-01-16T18:07:00.7322770+00:00" endTime="2021-01-16T18:07:00.7329573+00:00" testType="13cdc9d9-ddb5-4fa4-a97d-d965ccfc6d4b" outcome="Passed" testListId="8c84fa94-04c1-424b-9868-57a2d4851a1d" relativeResultsDirectory="a97ecde0-f045-4de8-b7b1-92d7f214d838" dataRowInfo="2" resultType="DataDrivenDataRow" />
        <UnitTestResult executionId="bb86bd14-e0c5-4012-a962-8de4bdcc72ab" parentExecutionId="538a4065-fda1-4c3c-9db5-b33de23fd040" testId="a1095294-226e-a0f0-0154-11290289c9db" testName="ToStringFormat_Passing_ValidValue_Returns_ValueWithoutRemovedChars (-1)" computerName="PC-SFERRARI" duration="00:00:00.0000086" startTime="2021-01-16T18:07:00.7322770+00:00" endTime="2021-01-16T18:07:00.7329573+00:00" testType="13cdc9d9-ddb5-4fa4-a97d-d965ccfc6d4b" outcome="Passed" testListId="8c84fa94-04c1-424b-9868-57a2d4851a1d" relativeResultsDirectory="bb86bd14-e0c5-4012-a962-8de4bdcc72ab" dataRowInfo="3" resultType="DataDrivenDataRow" />
        <UnitTestResult executionId="261a7833-ec15-4a93-92c8-59f1245ebec1" parentExecutionId="538a4065-fda1-4c3c-9db5-b33de23fd040" testId="a1095294-226e-a0f0-0154-11290289c9db" testName="ToStringFormat_Passing_ValidValue_Returns_ValueWithoutRemovedChars (2147483647)" computerName="PC-SFERRARI" duration="00:00:00.0000035" startTime="2021-01-16T18:07:00.7322770+00:00" endTime="2021-01-16T18:07:00.7329573+00:00" testType="13cdc9d9-ddb5-4fa4-a97d-d965ccfc6d4b" outcome="Passed" testListId="8c84fa94-04c1-424b-9868-57a2d4851a1d" relativeResultsDirectory="261a7833-ec15-4a93-92c8-59f1245ebec1" dataRowInfo="4" resultType="DataDrivenDataRow" />
        <UnitTestResult executionId="16a20f52-b2c7-4f73-99c8-754c0e8e774c" parentExecutionId="538a4065-fda1-4c3c-9db5-b33de23fd040" testId="a1095294-226e-a0f0-0154-11290289c9db" testName="ToStringFormat_Passing_ValidValue_Returns_ValueWithoutRemovedChars (-2147483648)" computerName="PC-SFERRARI" duration="00:00:00.0000026" startTime="2021-01-16T18:07:00.7322770+00:00" endTime="2021-01-16T18:07:00.7329573+00:00" testType="13cdc9d9-ddb5-4fa4-a97d-d965ccfc6d4b" outcome="Passed" testListId="8c84fa94-04c1-424b-9868-57a2d4851a1d" relativeResultsDirectory="16a20f52-b2c7-4f73-99c8-754c0e8e774c" dataRowInfo="5" resultType="DataDrivenDataRow" />
      </InnerResults>
    </UnitTestResult>
    <UnitTestResult executionId="7d19ee5a-7d19-4858-93c1-13582f6a51c7" testId="26cc48e2-5e82-bc12-cf41-e3a984599b8d" testName="ToUserName_Passing_Invalid_ClaimsPrincipal_Returns_Null" computerName="PC-SFERRARI" duration="00:00:00.0007228" startTime="2021-01-16T18:07:00.1542798+00:00" endTime="2021-01-16T18:07:00.1551549+00:00" testType="13cdc9d9-ddb5-4fa4-a97d-d965ccfc6d4b" outcome="Passed" testListId="8c84fa94-04c1-424b-9868-57a2d4851a1d" relativeResultsDirectory="7d19ee5a-7d19-4858-93c1-13582f6a51c7" />
    <UnitTestResult executionId="dac36355-a797-4995-8858-ead88755e869" testId="18040ed3-941e-dd1e-cb8c-4d34d103f370" testName="ToIsWeekend_Passing_Saturday_DateTime_Returns_True" computerName="PC-SFERRARI" duration="00:00:00.0002806" startTime="2021-01-16T18:07:00.3545491+00:00" endTime="2021-01-16T18:07:00.3550032+00:00" testType="13cdc9d9-ddb5-4fa4-a97d-d965ccfc6d4b" outcome="Passed" testListId="8c84fa94-04c1-424b-9868-57a2d4851a1d" relativeResultsDirectory="dac36355-a797-4995-8858-ead88755e869" />
    <UnitTestResult executionId="f5554f4a-275b-400b-9483-3d3ecb4182b3" testId="a0ed43cd-0648-ddf9-c80e-52c6889ee049" testName="ToDictionaryPropertyInfo_Passing_Object_IncludeNullOrEmptyProperty_Returns_Properties_NameAndValue_Dictionary" computerName="PC-SFERRARI" duration="00:00:00.0026970" startTime="2021-01-16T18:07:00.4517751+00:00" endTime="2021-01-16T18:07:00.4545897+00:00" testType="13cdc9d9-ddb5-4fa4-a97d-d965ccfc6d4b" outcome="Passed" testListId="8c84fa94-04c1-424b-9868-57a2d4851a1d" relativeResultsDirectory="f5554f4a-275b-400b-9483-3d3ecb4182b3" />
    <UnitTestResult executionId="cd8d3a5c-5075-49a4-80f5-8e850810ff27" testId="ede15cdf-3d1b-3e1a-18dc-485a2d50fe42" testName="ToFormat_Passing_ValidTimeSpanValue_Returns_ValueWithFormatString" computerName="PC-SFERRARI" duration="00:00:00.0011526" startTime="2021-01-16T18:07:01.3171617+00:00" endTime="2021-01-16T18:07:01.3200879+00:00" testType="13cdc9d9-ddb5-4fa4-a97d-d965ccfc6d4b" outcome="Passed" testListId="8c84fa94-04c1-424b-9868-57a2d4851a1d" relativeResultsDirectory="cd8d3a5c-5075-49a4-80f5-8e850810ff27" />
    <UnitTestResult executionId="c2bd5ce3-a8b2-496d-975c-6de80d504cf3" testId="10024a68-25d4-872c-3e48-a6d6b2671494" testName="ToTryIPv6_Passing_HttpContext_IP_Value_Returns_IP" computerName="PC-SFERRARI" duration="00:00:00.0008414" startTime="2021-01-16T18:07:00.5105752+00:00" endTime="2021-01-16T18:07:00.5115716+00:00" testType="13cdc9d9-ddb5-4fa4-a97d-d965ccfc6d4b" outcome="Passed" testListId="8c84fa94-04c1-424b-9868-57a2d4851a1d" relativeResultsDirectory="c2bd5ce3-a8b2-496d-975c-6de80d504cf3" />
    <UnitTestResult executionId="ab407c0b-d597-46aa-898c-f87dabd57ee5" testId="9b5f9705-0df5-3b21-5e23-e11b68721fd4" testName="ToThrow_Passing_InvalidValue_Returns_ApplicationExceptionWithMessage" computerName="PC-SFERRARI" duration="00:00:00.0005552" startTime="2021-01-16T18:06:59.9720159+00:00" endTime="2021-01-16T18:06:59.9727185+00:00" testType="13cdc9d9-ddb5-4fa4-a97d-d965ccfc6d4b" outcome="Passed" testListId="8c84fa94-04c1-424b-9868-57a2d4851a1d" relativeResultsDirectory="ab407c0b-d597-46aa-898c-f87dabd57ee5" />
    <UnitTestResult executionId="f04f82be-ee41-49b4-b7c7-437d633ff866" testId="ab527057-69f2-0a9a-89fd-18928a3920fd" testName="ToHashAlgorithmName_Passing_InvalidValueStringWithDefaultValue_Returns_DefaultValue" computerName="PC-SFERRARI" duration="00:00:00.0001943" startTime="2021-01-16T18:07:01.0161042+00:00" endTime="2021-01-16T18:07:01.0163612+00:00" testType="13cdc9d9-ddb5-4fa4-a97d-d965ccfc6d4b" outcome="Passed" testListId="8c84fa94-04c1-424b-9868-57a2d4851a1d" relativeResultsDirectory="f04f82be-ee41-49b4-b7c7-437d633ff866" resultType="DataDrivenTest">
      <InnerResults>
        <UnitTestResult executionId="c413b3cc-ed9e-456e-93b5-fdfe40ed57b1" parentExecutionId="f04f82be-ee41-49b4-b7c7-437d633ff866" testId="ab527057-69f2-0a9a-89fd-18928a3920fd" testName="ToHashAlgorithmName_Passing_InvalidValueStringWithDefaultValue_Returns_DefaultValue (hhhhhh)" computerName="PC-SFERRARI" duration="00:00:00.0001586" startTime="2021-01-16T18:07:01.0161042+00:00" endTime="2021-01-16T18:07:01.0163612+00:00" testType="13cdc9d9-ddb5-4fa4-a97d-d965ccfc6d4b" outcome="Passed" testListId="8c84fa94-04c1-424b-9868-57a2d4851a1d" relativeResultsDirectory="c413b3cc-ed9e-456e-93b5-fdfe40ed57b1" dataRowInfo="1" resultType="DataDrivenDataRow" />
      </InnerResults>
    </UnitTestResult>
    <UnitTestResult executionId="7a5b64b4-3ca8-48ae-93ee-251d31a842a6" testId="3c82816f-4e62-7440-d30d-abbd53b1dcea" testName="ResultOK" computerName="PC-SFERRARI" duration="00:00:00.0005472" startTime="2021-01-16T18:07:00.8264409+00:00" endTime="2021-01-16T18:07:00.8271032+00:00" testType="13cdc9d9-ddb5-4fa4-a97d-d965ccfc6d4b" outcome="Passed" testListId="8c84fa94-04c1-424b-9868-57a2d4851a1d" relativeResultsDirectory="7a5b64b4-3ca8-48ae-93ee-251d31a842a6" />
    <UnitTestResult executionId="15b27aca-4c46-483d-ae96-8139623cac34" testId="297c060d-406b-f933-91fe-dfd3459b8ace" testName="ToIsNullOrEmpty_Passing_InvalidValue_Returns_True" computerName="PC-SFERRARI" duration="00:00:00.0001666" startTime="2021-01-16T18:06:59.9640496+00:00" endTime="2021-01-16T18:06:59.9643533+00:00" testType="13cdc9d9-ddb5-4fa4-a97d-d965ccfc6d4b" outcome="Passed" testListId="8c84fa94-04c1-424b-9868-57a2d4851a1d" relativeResultsDirectory="15b27aca-4c46-483d-ae96-8139623cac34" />
    <UnitTestResult executionId="4bae817d-553c-41b8-9e0d-318618a2fe04" testId="c30c24fa-9dc6-1db9-fc63-cb77f851732c" testName="ResultErrorData_WithTitle_WithStatusCode_WithDetails_WithExceptionType_WithMessages_WithErrors" computerName="PC-SFERRARI" duration="00:00:00.0268477" startTime="2021-01-16T18:07:00.7907118+00:00" endTime="2021-01-16T18:07:00.8177694+00:00" testType="13cdc9d9-ddb5-4fa4-a97d-d965ccfc6d4b" outcome="Passed" testListId="8c84fa94-04c1-424b-9868-57a2d4851a1d" relativeResultsDirectory="4bae817d-553c-41b8-9e0d-318618a2fe04" />
    <UnitTestResult executionId="a14c0733-06e5-4730-ab50-04c0d97ee147" testId="43c10c64-8836-30db-afbe-d1657a7dd9d8" testName="ToHeader_Passing_HttpRequest_Header_Many_Values_Returns_Values" computerName="PC-SFERRARI" duration="00:00:00.0482615" startTime="2021-01-16T18:07:00.5116216+00:00" endTime="2021-01-16T18:07:00.5602755+00:00" testType="13cdc9d9-ddb5-4fa4-a97d-d965ccfc6d4b" outcome="Passed" testListId="8c84fa94-04c1-424b-9868-57a2d4851a1d" relativeResultsDirectory="a14c0733-06e5-4730-ab50-04c0d97ee147" />
    <UnitTestResult executionId="edf0d286-69e8-4131-bedd-ac9893317cf8" testId="3bd7277d-4ad0-51ee-d24c-53176ec3cc7f" testName="IsDomain_Passing_InvalidArguments_Returns_HasErrorsAndCount" computerName="PC-SFERRARI" duration="00:00:00.0041432" startTime="2021-01-16T18:06:59.9832869+00:00" endTime="2021-01-16T18:06:59.9876104+00:00" testType="13cdc9d9-ddb5-4fa4-a97d-d965ccfc6d4b" outcome="Passed" testListId="8c84fa94-04c1-424b-9868-57a2d4851a1d" relativeResultsDirectory="edf0d286-69e8-4131-bedd-ac9893317cf8" />
    <UnitTestResult executionId="729bc9c2-6948-4141-b831-ae148d557bf4" testId="a702dc43-b5af-c889-d32e-e69ee2d100af" testName="ToIsAuthenticated_Passing_Null_ClaimsPrincipal_Returns_ApplicationException" computerName="PC-SFERRARI" duration="00:00:00.0008129" startTime="2021-01-16T18:07:00.1532219+00:00" endTime="2021-01-16T18:07:00.1542240+00:00" testType="13cdc9d9-ddb5-4fa4-a97d-d965ccfc6d4b" outcome="Passed" testListId="8c84fa94-04c1-424b-9868-57a2d4851a1d" relativeResultsDirectory="729bc9c2-6948-4141-b831-ae148d557bf4" />
    <UnitTestResult executionId="c2091db6-c5cc-4b98-85c1-0ee0d407f967" testId="8c1d1a56-be42-3df5-a82e-36b97c2860b8" testName="ToEnum_Passing_InvalidValueInt_Returns_EnumDefaultValue" computerName="PC-SFERRARI" duration="00:00:00.0001878" startTime="2021-01-16T18:07:00.9941516+00:00" endTime="2021-01-16T18:07:00.9944909+00:00" testType="13cdc9d9-ddb5-4fa4-a97d-d965ccfc6d4b" outcome="Passed" testListId="8c84fa94-04c1-424b-9868-57a2d4851a1d" relativeResultsDirectory="c2091db6-c5cc-4b98-85c1-0ee0d407f967" />
    <UnitTestResult executionId="27cf519e-1a33-4db7-9406-d984c8679c6e" testId="31ff6168-d18d-0013-7c18-0ff775714202" testName="ToEnum_Passing_InvalidValueString_Returns_EnumDefaultValue" computerName="PC-SFERRARI" duration="00:00:00.0001522" startTime="2021-01-16T18:07:00.9957538+00:00" endTime="2021-01-16T18:07:00.9960208+00:00" testType="13cdc9d9-ddb5-4fa4-a97d-d965ccfc6d4b" outcome="Passed" testListId="8c84fa94-04c1-424b-9868-57a2d4851a1d" relativeResultsDirectory="27cf519e-1a33-4db7-9406-d984c8679c6e" />
    <UnitTestResult executionId="b39e5842-bf0b-4c52-bcdd-0b170a43f3ed" testId="96f263a8-e1d9-0070-21ba-583144d2d030" testName="ToEnum_Passing_ValidValueInt_Returns_EnumValue" computerName="PC-SFERRARI" duration="00:00:00.0001727" startTime="2021-01-16T18:07:00.9960458+00:00" endTime="2021-01-16T18:07:00.9963254+00:00" testType="13cdc9d9-ddb5-4fa4-a97d-d965ccfc6d4b" outcome="Passed" testListId="8c84fa94-04c1-424b-9868-57a2d4851a1d" relativeResultsDirectory="b39e5842-bf0b-4c52-bcdd-0b170a43f3ed" />
    <UnitTestResult executionId="aa584b5c-8e5a-4e7d-9ea6-6f8b712dc38a" testId="c19b83a3-45fc-e848-cbcc-7f68b66eb4e3" testName="IsLowercase_Passing_InvalidArguments_Returns_HasErrorsAndCount" computerName="PC-SFERRARI" duration="00:00:00.0008135" startTime="2021-01-16T18:07:00.0108312+00:00" endTime="2021-01-16T18:07:00.0118184+00:00" testType="13cdc9d9-ddb5-4fa4-a97d-d965ccfc6d4b" outcome="Passed" testListId="8c84fa94-04c1-424b-9868-57a2d4851a1d" relativeResultsDirectory="aa584b5c-8e5a-4e7d-9ea6-6f8b712dc38a" />
    <UnitTestResult executionId="a7cb4c4c-62b5-4f9e-8a9d-27aa5e9a39d2" testId="1c5de28c-f1b3-c94d-8e43-201eab8c2ff8" testName="ToEnvironment_Passing_Development_Enviroment_Returns_Development_Name" computerName="PC-SFERRARI" duration="00:00:00.0012077" startTime="2021-01-16T18:06:59.8978681+00:00" endTime="2021-01-16T18:06:59.8992143+00:00" testType="13cdc9d9-ddb5-4fa4-a97d-d965ccfc6d4b" outcome="Passed" testListId="8c84fa94-04c1-424b-9868-57a2d4851a1d" relativeResultsDirectory="a7cb4c4c-62b5-4f9e-8a9d-27aa5e9a39d2" />
    <UnitTestResult executionId="ed74335f-5184-4084-8fd0-faf4cd1eed75" testId="4184a91b-5297-4872-2a98-1ef97e124515" testName="ToGetAll_Passing_Claims_Returns_Claim_Value_String_List" computerName="PC-SFERRARI" duration="00:00:00.0010593" startTime="2021-01-16T18:07:00.1382970+00:00" endTime="2021-01-16T18:07:00.1394900+00:00" testType="13cdc9d9-ddb5-4fa4-a97d-d965ccfc6d4b" outcome="Passed" testListId="8c84fa94-04c1-424b-9868-57a2d4851a1d" relativeResultsDirectory="ed74335f-5184-4084-8fd0-faf4cd1eed75" />
    <UnitTestResult executionId="bb368b60-dc5d-4387-aefd-380e2b6f96e5" testId="e93b141b-fdfd-0f98-21e5-3eb211b6e88b" testName="ToDefaultValue_Passing_long_Returns_Cero" computerName="PC-SFERRARI" duration="00:00:00.0003623" startTime="2021-01-16T18:07:00.4392070+00:00" endTime="2021-01-16T18:07:00.4396521+00:00" testType="13cdc9d9-ddb5-4fa4-a97d-d965ccfc6d4b" outcome="Passed" testListId="8c84fa94-04c1-424b-9868-57a2d4851a1d" relativeResultsDirectory="bb368b60-dc5d-4387-aefd-380e2b6f96e5" resultType="DataDrivenTest">
      <InnerResults>
        <UnitTestResult executionId="a88d2f9e-0e9c-4573-869e-14ea4e0c4561" parentExecutionId="bb368b60-dc5d-4387-aefd-380e2b6f96e5" testId="e93b141b-fdfd-0f98-21e5-3eb211b6e88b" testName="ToDefaultValue_Passing_long_Returns_Cero (9223372036854775807)" computerName="PC-SFERRARI" duration="00:00:00.0003055" startTime="2021-01-16T18:07:00.4392070+00:00" endTime="2021-01-16T18:07:00.4396521+00:00" testType="13cdc9d9-ddb5-4fa4-a97d-d965ccfc6d4b" outcome="Passed" testListId="8c84fa94-04c1-424b-9868-57a2d4851a1d" relativeResultsDirectory="a88d2f9e-0e9c-4573-869e-14ea4e0c4561" dataRowInfo="1" resultType="DataDrivenDataRow" />
      </InnerResults>
    </UnitTestResult>
    <UnitTestResult executionId="1a98afe2-8f58-420e-93d1-fa634bea3180" testId="5ac755a3-81c6-56a5-464d-fd3393128598" testName="ResultBadRequest_WithErrors_KeyValue" computerName="PC-SFERRARI" duration="00:00:00.0061597" startTime="2021-01-16T18:07:00.7728925+00:00" endTime="2021-01-16T18:07:00.7792261+00:00" testType="13cdc9d9-ddb5-4fa4-a97d-d965ccfc6d4b" outcome="Passed" testListId="8c84fa94-04c1-424b-9868-57a2d4851a1d" relativeResultsDirectory="1a98afe2-8f58-420e-93d1-fa634bea3180" />
    <UnitTestResult executionId="1da8b77e-7317-4178-8b6f-1413006015a5" testId="d6d04f4a-9142-b816-d673-c4abf49a39ad" testName="ToDisplay_Passing_Enumeration_Name_Returns_Display_Atributte" computerName="PC-SFERRARI" duration="00:00:00.0041045" startTime="2021-01-16T18:07:00.3820225+00:00" endTime="2021-01-16T18:07:00.3863161+00:00" testType="13cdc9d9-ddb5-4fa4-a97d-d965ccfc6d4b" outcome="Passed" testListId="8c84fa94-04c1-424b-9868-57a2d4851a1d" relativeResultsDirectory="1da8b77e-7317-4178-8b6f-1413006015a5" />
    <UnitTestResult executionId="5dc43cda-3522-4b0d-ad4a-8d483e63ff85" testId="c0846755-8a53-0ac4-76e5-2d7d37bcd54a" testName="ResultBadRequest_WithErrors_Value" computerName="PC-SFERRARI" duration="00:00:00.0006069" startTime="2021-01-16T18:07:00.7792758+00:00" endTime="2021-01-16T18:07:00.7800394+00:00" testType="13cdc9d9-ddb5-4fa4-a97d-d965ccfc6d4b" outcome="Passed" testListId="8c84fa94-04c1-424b-9868-57a2d4851a1d" relativeResultsDirectory="5dc43cda-3522-4b0d-ad4a-8d483e63ff85" />
    <UnitTestResult executionId="db9f62d1-221c-499a-ace2-91f549ea10ea" testId="7c679bcb-7a59-8751-0063-1ef6e07cb160" testName="ToEnvironment_Passing_Service_Not_Found_Returns_ApplicationException" computerName="PC-SFERRARI" duration="00:00:00.0090834" startTime="2021-01-16T18:06:59.8999220+00:00" endTime="2021-01-16T18:06:59.9091035+00:00" testType="13cdc9d9-ddb5-4fa4-a97d-d965ccfc6d4b" outcome="Passed" testListId="8c84fa94-04c1-424b-9868-57a2d4851a1d" relativeResultsDirectory="db9f62d1-221c-499a-ace2-91f549ea10ea" />
    <UnitTestResult executionId="4404d5c9-39f2-40f6-a755-6e25f84e1e5a" testId="c180eeb5-df7f-187e-c74d-0f6d31acdec5" testName="ToUri_Passing_InvalidValueString_Returns_Null" computerName="PC-SFERRARI" duration="00:00:00.0005026" startTime="2021-01-16T18:07:01.0989662+00:00" endTime="2021-01-16T18:07:01.0996883+00:00" testType="13cdc9d9-ddb5-4fa4-a97d-d965ccfc6d4b" outcome="Passed" testListId="8c84fa94-04c1-424b-9868-57a2d4851a1d" relativeResultsDirectory="4404d5c9-39f2-40f6-a755-6e25f84e1e5a" resultType="DataDrivenTest">
      <InnerResults>
        <UnitTestResult executionId="b9920a2e-8243-4a6e-92cf-dec50a99dc48" parentExecutionId="4404d5c9-39f2-40f6-a755-6e25f84e1e5a" testId="c180eeb5-df7f-187e-c74d-0f6d31acdec5" testName="ToUri_Passing_InvalidValueString_Returns_Null (http://?)" computerName="PC-SFERRARI" duration="00:00:00.0002609" startTime="2021-01-16T18:07:01.0989662+00:00" endTime="2021-01-16T18:07:01.0996883+00:00" testType="13cdc9d9-ddb5-4fa4-a97d-d965ccfc6d4b" outcome="Passed" testListId="8c84fa94-04c1-424b-9868-57a2d4851a1d" relativeResultsDirectory="b9920a2e-8243-4a6e-92cf-dec50a99dc48" dataRowInfo="1" resultType="DataDrivenDataRow" />
        <UnitTestResult executionId="44b95816-ffed-471b-9876-cb97aaa19719" parentExecutionId="4404d5c9-39f2-40f6-a755-6e25f84e1e5a" testId="c180eeb5-df7f-187e-c74d-0f6d31acdec5" testName="ToUri_Passing_InvalidValueString_Returns_Null (http://)" computerName="PC-SFERRARI" duration="00:00:00.0000073" startTime="2021-01-16T18:07:01.0989662+00:00" endTime="2021-01-16T18:07:01.0996883+00:00" testType="13cdc9d9-ddb5-4fa4-a97d-d965ccfc6d4b" outcome="Passed" testListId="8c84fa94-04c1-424b-9868-57a2d4851a1d" relativeResultsDirectory="44b95816-ffed-471b-9876-cb97aaa19719" dataRowInfo="2" resultType="DataDrivenDataRow" />
        <UnitTestResult executionId="03dd5f58-c95e-4968-83e4-f478852e8ff2" parentExecutionId="4404d5c9-39f2-40f6-a755-6e25f84e1e5a" testId="c180eeb5-df7f-187e-c74d-0f6d31acdec5" testName="ToUri_Passing_InvalidValueString_Returns_Null (http://.)" computerName="PC-SFERRARI" duration="00:00:00.0000094" startTime="2021-01-16T18:07:01.0989662+00:00" endTime="2021-01-16T18:07:01.0996883+00:00" testType="13cdc9d9-ddb5-4fa4-a97d-d965ccfc6d4b" outcome="Passed" testListId="8c84fa94-04c1-424b-9868-57a2d4851a1d" relativeResultsDirectory="03dd5f58-c95e-4968-83e4-f478852e8ff2" dataRowInfo="3" resultType="DataDrivenDataRow" />
        <UnitTestResult executionId="e280c14c-bf89-4606-8ba0-eb6d27ced565" parentExecutionId="4404d5c9-39f2-40f6-a755-6e25f84e1e5a" testId="c180eeb5-df7f-187e-c74d-0f6d31acdec5" testName="ToUri_Passing_InvalidValueString_Returns_Null (http://..)" computerName="PC-SFERRARI" duration="00:00:00.0000047" startTime="2021-01-16T18:07:01.0989662+00:00" endTime="2021-01-16T18:07:01.0996883+00:00" testType="13cdc9d9-ddb5-4fa4-a97d-d965ccfc6d4b" outcome="Passed" testListId="8c84fa94-04c1-424b-9868-57a2d4851a1d" relativeResultsDirectory="e280c14c-bf89-4606-8ba0-eb6d27ced565" dataRowInfo="4" resultType="DataDrivenDataRow" />
        <UnitTestResult executionId="062da6ca-3755-467f-995f-a61d9aa2562f" parentExecutionId="4404d5c9-39f2-40f6-a755-6e25f84e1e5a" testId="c180eeb5-df7f-187e-c74d-0f6d31acdec5" testName="ToUri_Passing_InvalidValueString_Returns_Null (http://../)" computerName="PC-SFERRARI" duration="00:00:00.0000043" startTime="2021-01-16T18:07:01.0989662+00:00" endTime="2021-01-16T18:07:01.0996883+00:00" testType="13cdc9d9-ddb5-4fa4-a97d-d965ccfc6d4b" outcome="Passed" testListId="8c84fa94-04c1-424b-9868-57a2d4851a1d" relativeResultsDirectory="062da6ca-3755-467f-995f-a61d9aa2562f" dataRowInfo="5" resultType="DataDrivenDataRow" />
        <UnitTestResult executionId="3b29dd6a-5961-4026-a5ac-e63577eeb48d" parentExecutionId="4404d5c9-39f2-40f6-a755-6e25f84e1e5a" testId="c180eeb5-df7f-187e-c74d-0f6d31acdec5" testName="ToUri_Passing_InvalidValueString_Returns_Null (http://?)" computerName="PC-SFERRARI" duration="00:00:00.0000042" startTime="2021-01-16T18:07:01.0989662+00:00" endTime="2021-01-16T18:07:01.0996883+00:00" testType="13cdc9d9-ddb5-4fa4-a97d-d965ccfc6d4b" outcome="Passed" testListId="8c84fa94-04c1-424b-9868-57a2d4851a1d" relativeResultsDirectory="3b29dd6a-5961-4026-a5ac-e63577eeb48d" dataRowInfo="6" resultType="DataDrivenDataRow" />
        <UnitTestResult executionId="07f2e631-d45d-484f-98b3-93e311db106f" parentExecutionId="4404d5c9-39f2-40f6-a755-6e25f84e1e5a" testId="c180eeb5-df7f-187e-c74d-0f6d31acdec5" testName="ToUri_Passing_InvalidValueString_Returns_Null (http://??)" computerName="PC-SFERRARI" duration="00:00:00.0000040" startTime="2021-01-16T18:07:01.0989662+00:00" endTime="2021-01-16T18:07:01.0996883+00:00" testType="13cdc9d9-ddb5-4fa4-a97d-d965ccfc6d4b" outcome="Passed" testListId="8c84fa94-04c1-424b-9868-57a2d4851a1d" relativeResultsDirectory="07f2e631-d45d-484f-98b3-93e311db106f" dataRowInfo="7" resultType="DataDrivenDataRow" />
        <UnitTestResult executionId="46f8008a-9885-469e-bbb8-a780710a5175" parentExecutionId="4404d5c9-39f2-40f6-a755-6e25f84e1e5a" testId="c180eeb5-df7f-187e-c74d-0f6d31acdec5" testName="ToUri_Passing_InvalidValueString_Returns_Null (http://??/)" computerName="PC-SFERRARI" duration="00:00:00.0000039" startTime="2021-01-16T18:07:01.0989662+00:00" endTime="2021-01-16T18:07:01.0996883+00:00" testType="13cdc9d9-ddb5-4fa4-a97d-d965ccfc6d4b" outcome="Passed" testListId="8c84fa94-04c1-424b-9868-57a2d4851a1d" relativeResultsDirectory="46f8008a-9885-469e-bbb8-a780710a5175" dataRowInfo="8" resultType="DataDrivenDataRow" />
        <UnitTestResult executionId="7854a084-a55f-45f5-b6bb-207c02c93258" parentExecutionId="4404d5c9-39f2-40f6-a755-6e25f84e1e5a" testId="c180eeb5-df7f-187e-c74d-0f6d31acdec5" testName="ToUri_Passing_InvalidValueString_Returns_Null (http://#)" computerName="PC-SFERRARI" duration="00:00:00.0000038" startTime="2021-01-16T18:07:01.0989662+00:00" endTime="2021-01-16T18:07:01.0996883+00:00" testType="13cdc9d9-ddb5-4fa4-a97d-d965ccfc6d4b" outcome="Passed" testListId="8c84fa94-04c1-424b-9868-57a2d4851a1d" relativeResultsDirectory="7854a084-a55f-45f5-b6bb-207c02c93258" dataRowInfo="9" resultType="DataDrivenDataRow" />
        <UnitTestResult executionId="25ce9919-9afe-48f5-9648-4ffef5bd5f09" parentExecutionId="4404d5c9-39f2-40f6-a755-6e25f84e1e5a" testId="c180eeb5-df7f-187e-c74d-0f6d31acdec5" testName="ToUri_Passing_InvalidValueString_Returns_Null (http://##)" computerName="PC-SFERRARI" duration="00:00:00.0000049" startTime="2021-01-16T18:07:01.0989662+00:00" endTime="2021-01-16T18:07:01.0996883+00:00" testType="13cdc9d9-ddb5-4fa4-a97d-d965ccfc6d4b" outcome="Passed" testListId="8c84fa94-04c1-424b-9868-57a2d4851a1d" relativeResultsDirectory="25ce9919-9afe-48f5-9648-4ffef5bd5f09" dataRowInfo="10" resultType="DataDrivenDataRow" />
        <UnitTestResult executionId="5e5e2341-c44e-449f-975f-9ea5c127f7e6" parentExecutionId="4404d5c9-39f2-40f6-a755-6e25f84e1e5a" testId="c180eeb5-df7f-187e-c74d-0f6d31acdec5" testName="ToUri_Passing_InvalidValueString_Returns_Null (http://##/)" computerName="PC-SFERRARI" duration="00:00:00.0000054" startTime="2021-01-16T18:07:01.0989662+00:00" endTime="2021-01-16T18:07:01.0996883+00:00" testType="13cdc9d9-ddb5-4fa4-a97d-d965ccfc6d4b" outcome="Passed" testListId="8c84fa94-04c1-424b-9868-57a2d4851a1d" relativeResultsDirectory="5e5e2341-c44e-449f-975f-9ea5c127f7e6" dataRowInfo="11" resultType="DataDrivenDataRow" />
      </InnerResults>
    </UnitTestResult>
    <UnitTestResult executionId="185ff975-f69d-438a-b2f7-231228de4a5d" testId="a6625fb0-1b80-148b-87dc-9cf616e5e84d" testName="ToList_Passing_ValidEnumType_Returns_ValuesList" computerName="PC-SFERRARI" duration="00:00:00.0004673" startTime="2021-01-16T18:07:00.4075771+00:00" endTime="2021-01-16T18:07:00.4081621+00:00" testType="13cdc9d9-ddb5-4fa4-a97d-d965ccfc6d4b" outcome="Passed" testListId="8c84fa94-04c1-424b-9868-57a2d4851a1d" relativeResultsDirectory="185ff975-f69d-438a-b2f7-231228de4a5d" />
    <UnitTestResult executionId="2dcf7157-97b7-48af-a75e-79469f33c4cc" testId="b399a6be-77e5-c0ba-9b75-93d2ac763084" testName="ResultDataBadRequest_WithErrors_KeyValue" computerName="PC-SFERRARI" duration="00:00:00.0022841" startTime="2021-01-16T18:07:00.7810712+00:00" endTime="2021-01-16T18:07:00.7834891+00:00" testType="13cdc9d9-ddb5-4fa4-a97d-d965ccfc6d4b" outcome="Passed" testListId="8c84fa94-04c1-424b-9868-57a2d4851a1d" relativeResultsDirectory="2dcf7157-97b7-48af-a75e-79469f33c4cc" />
    <UnitTestResult executionId="f143a302-3858-475b-86c7-072b81a76d9e" testId="30809299-0e3e-4ac7-4a2a-6f8c296d2226" testName="ToUri_Passing_ValidValueString_Returns_Uri" computerName="PC-SFERRARI" duration="00:00:00.0017023" startTime="2021-01-16T18:07:01.1066668+00:00" endTime="2021-01-16T18:07:01.1087470+00:00" testType="13cdc9d9-ddb5-4fa4-a97d-d965ccfc6d4b" outcome="Passed" testListId="8c84fa94-04c1-424b-9868-57a2d4851a1d" relativeResultsDirectory="f143a302-3858-475b-86c7-072b81a76d9e" resultType="DataDrivenTest">
      <InnerResults>
        <UnitTestResult executionId="a9622109-afc1-44d9-bb21-04981fecc43f" parentExecutionId="f143a302-3858-475b-86c7-072b81a76d9e" testId="30809299-0e3e-4ac7-4a2a-6f8c296d2226" testName="ToUri_Passing_ValidValueString_Returns_Uri (http://foo.com/blah_blah)" computerName="PC-SFERRARI" duration="00:00:00.0002958" startTime="2021-01-16T18:07:01.1066668+00:00" endTime="2021-01-16T18:07:01.1087470+00:00" testType="13cdc9d9-ddb5-4fa4-a97d-d965ccfc6d4b" outcome="Passed" testListId="8c84fa94-04c1-424b-9868-57a2d4851a1d" relativeResultsDirectory="a9622109-afc1-44d9-bb21-04981fecc43f" dataRowInfo="1" resultType="DataDrivenDataRow" />
        <UnitTestResult executionId="417c60ac-3cf1-4b9d-a93d-2cfc14f923a2" parentExecutionId="f143a302-3858-475b-86c7-072b81a76d9e" testId="30809299-0e3e-4ac7-4a2a-6f8c296d2226" testName="ToUri_Passing_ValidValueString_Returns_Uri (http://foo.com/blah_blah/)" computerName="PC-SFERRARI" duration="00:00:00.0000085" startTime="2021-01-16T18:07:01.1066668+00:00" endTime="2021-01-16T18:07:01.1087470+00:00" testType="13cdc9d9-ddb5-4fa4-a97d-d965ccfc6d4b" outcome="Passed" testListId="8c84fa94-04c1-424b-9868-57a2d4851a1d" relativeResultsDirectory="417c60ac-3cf1-4b9d-a93d-2cfc14f923a2" dataRowInfo="2" resultType="DataDrivenDataRow" />
        <UnitTestResult executionId="61a6b08e-f57c-44fa-99d2-81155954d131" parentExecutionId="f143a302-3858-475b-86c7-072b81a76d9e" testId="30809299-0e3e-4ac7-4a2a-6f8c296d2226" testName="ToUri_Passing_ValidValueString_Returns_Uri (http://foo.com/blah_blah/p=5)" computerName="PC-SFERRARI" duration="00:00:00.0000048" startTime="2021-01-16T18:07:01.1066668+00:00" endTime="2021-01-16T18:07:01.1087470+00:00" testType="13cdc9d9-ddb5-4fa4-a97d-d965ccfc6d4b" outcome="Passed" testListId="8c84fa94-04c1-424b-9868-57a2d4851a1d" relativeResultsDirectory="61a6b08e-f57c-44fa-99d2-81155954d131" dataRowInfo="3" resultType="DataDrivenDataRow" />
        <UnitTestResult executionId="d27c8839-934e-4658-b44c-a375f3074640" parentExecutionId="f143a302-3858-475b-86c7-072b81a76d9e" testId="30809299-0e3e-4ac7-4a2a-6f8c296d2226" testName="ToUri_Passing_ValidValueString_Returns_Uri (http://foo.com/blah_blah?p=5)" computerName="PC-SFERRARI" duration="00:00:00.0000039" startTime="2021-01-16T18:07:01.1066668+00:00" endTime="2021-01-16T18:07:01.1087470+00:00" testType="13cdc9d9-ddb5-4fa4-a97d-d965ccfc6d4b" outcome="Passed" testListId="8c84fa94-04c1-424b-9868-57a2d4851a1d" relativeResultsDirectory="d27c8839-934e-4658-b44c-a375f3074640" dataRowInfo="4" resultType="DataDrivenDataRow" />
        <UnitTestResult executionId="2bda9695-e537-47c6-a664-3082651628a5" parentExecutionId="f143a302-3858-475b-86c7-072b81a76d9e" testId="30809299-0e3e-4ac7-4a2a-6f8c296d2226" testName="ToUri_Passing_ValidValueString_Returns_Uri (http://foo.com/blah_blah?p=5&amp;j=fe)" computerName="PC-SFERRARI" duration="00:00:00.0000042" startTime="2021-01-16T18:07:01.1066668+00:00" endTime="2021-01-16T18:07:01.1087470+00:00" testType="13cdc9d9-ddb5-4fa4-a97d-d965ccfc6d4b" outcome="Passed" testListId="8c84fa94-04c1-424b-9868-57a2d4851a1d" relativeResultsDirectory="2bda9695-e537-47c6-a664-3082651628a5" dataRowInfo="5" resultType="DataDrivenDataRow" />
        <UnitTestResult executionId="e884f32c-6539-4dd8-8f1b-e4724077a725" parentExecutionId="f143a302-3858-475b-86c7-072b81a76d9e" testId="30809299-0e3e-4ac7-4a2a-6f8c296d2226" testName="ToUri_Passing_ValidValueString_Returns_Uri (https://foo.com/blah_blah)" computerName="PC-SFERRARI" duration="00:00:00.0000034" startTime="2021-01-16T18:07:01.1066668+00:00" endTime="2021-01-16T18:07:01.1087470+00:00" testType="13cdc9d9-ddb5-4fa4-a97d-d965ccfc6d4b" outcome="Passed" testListId="8c84fa94-04c1-424b-9868-57a2d4851a1d" relativeResultsDirectory="e884f32c-6539-4dd8-8f1b-e4724077a725" dataRowInfo="6" resultType="DataDrivenDataRow" />
        <UnitTestResult executionId="c43999ff-d129-4f64-af68-b8c5a49d00ca" parentExecutionId="f143a302-3858-475b-86c7-072b81a76d9e" testId="30809299-0e3e-4ac7-4a2a-6f8c296d2226" testName="ToUri_Passing_ValidValueString_Returns_Uri (https://foo.com/blah_blah/)" computerName="PC-SFERRARI" duration="00:00:00.0000033" startTime="2021-01-16T18:07:01.1066668+00:00" endTime="2021-01-16T18:07:01.1087470+00:00" testType="13cdc9d9-ddb5-4fa4-a97d-d965ccfc6d4b" outcome="Passed" testListId="8c84fa94-04c1-424b-9868-57a2d4851a1d" relativeResultsDirectory="c43999ff-d129-4f64-af68-b8c5a49d00ca" dataRowInfo="7" resultType="DataDrivenDataRow" />
        <UnitTestResult executionId="b182662c-44b2-4ee3-a233-c254bbcd4f15" parentExecutionId="f143a302-3858-475b-86c7-072b81a76d9e" testId="30809299-0e3e-4ac7-4a2a-6f8c296d2226" testName="ToUri_Passing_ValidValueString_Returns_Uri (https://foo.com/blah_blah/p=5)" computerName="PC-SFERRARI" duration="00:00:00.0000037" startTime="2021-01-16T18:07:01.1066668+00:00" endTime="2021-01-16T18:07:01.1087470+00:00" testType="13cdc9d9-ddb5-4fa4-a97d-d965ccfc6d4b" outcome="Passed" testListId="8c84fa94-04c1-424b-9868-57a2d4851a1d" relativeResultsDirectory="b182662c-44b2-4ee3-a233-c254bbcd4f15" dataRowInfo="8" resultType="DataDrivenDataRow" />
        <UnitTestResult executionId="e1b174a7-f3d1-464d-a976-5f4dc541a213" parentExecutionId="f143a302-3858-475b-86c7-072b81a76d9e" testId="30809299-0e3e-4ac7-4a2a-6f8c296d2226" testName="ToUri_Passing_ValidValueString_Returns_Uri (https://foo.com/blah_blah?p=5)" computerName="PC-SFERRARI" duration="00:00:00.0000033" startTime="2021-01-16T18:07:01.1066668+00:00" endTime="2021-01-16T18:07:01.1087470+00:00" testType="13cdc9d9-ddb5-4fa4-a97d-d965ccfc6d4b" outcome="Passed" testListId="8c84fa94-04c1-424b-9868-57a2d4851a1d" relativeResultsDirectory="e1b174a7-f3d1-464d-a976-5f4dc541a213" dataRowInfo="9" resultType="DataDrivenDataRow" />
        <UnitTestResult executionId="c87c06ca-05fa-47de-820e-2a4ef2834981" parentExecutionId="f143a302-3858-475b-86c7-072b81a76d9e" testId="30809299-0e3e-4ac7-4a2a-6f8c296d2226" testName="ToUri_Passing_ValidValueString_Returns_Uri (https://foo.com/blah_blah?p=5&amp;j=fe)" computerName="PC-SFERRARI" duration="00:00:00.0000036" startTime="2021-01-16T18:07:01.1066668+00:00" endTime="2021-01-16T18:07:01.1087470+00:00" testType="13cdc9d9-ddb5-4fa4-a97d-d965ccfc6d4b" outcome="Passed" testListId="8c84fa94-04c1-424b-9868-57a2d4851a1d" relativeResultsDirectory="c87c06ca-05fa-47de-820e-2a4ef2834981" dataRowInfo="10" resultType="DataDrivenDataRow" />
        <UnitTestResult executionId="a5debc5b-a9c1-4842-abd1-2f1ae402c2eb" parentExecutionId="f143a302-3858-475b-86c7-072b81a76d9e" testId="30809299-0e3e-4ac7-4a2a-6f8c296d2226" testName="ToUri_Passing_ValidValueString_Returns_Uri (//foo.com/blah_blah)" computerName="PC-SFERRARI" duration="00:00:00.0000027" startTime="2021-01-16T18:07:01.1066668+00:00" endTime="2021-01-16T18:07:01.1087470+00:00" testType="13cdc9d9-ddb5-4fa4-a97d-d965ccfc6d4b" outcome="Passed" testListId="8c84fa94-04c1-424b-9868-57a2d4851a1d" relativeResultsDirectory="a5debc5b-a9c1-4842-abd1-2f1ae402c2eb" dataRowInfo="11" resultType="DataDrivenDataRow" />
        <UnitTestResult executionId="1789b29b-4abf-44c9-96f4-b8a67a027d4e" parentExecutionId="f143a302-3858-475b-86c7-072b81a76d9e" testId="30809299-0e3e-4ac7-4a2a-6f8c296d2226" testName="ToUri_Passing_ValidValueString_Returns_Uri (//foo.com/blah_blah/)" computerName="PC-SFERRARI" duration="00:00:00.0000027" startTime="2021-01-16T18:07:01.1066668+00:00" endTime="2021-01-16T18:07:01.1087470+00:00" testType="13cdc9d9-ddb5-4fa4-a97d-d965ccfc6d4b" outcome="Passed" testListId="8c84fa94-04c1-424b-9868-57a2d4851a1d" relativeResultsDirectory="1789b29b-4abf-44c9-96f4-b8a67a027d4e" dataRowInfo="12" resultType="DataDrivenDataRow" />
        <UnitTestResult executionId="ff8026f9-8b19-48a9-85c0-693bac32af07" parentExecutionId="f143a302-3858-475b-86c7-072b81a76d9e" testId="30809299-0e3e-4ac7-4a2a-6f8c296d2226" testName="ToUri_Passing_ValidValueString_Returns_Uri (//foo.com/blah_blah/p=5)" computerName="PC-SFERRARI" duration="00:00:00.0000028" startTime="2021-01-16T18:07:01.1066668+00:00" endTime="2021-01-16T18:07:01.1087470+00:00" testType="13cdc9d9-ddb5-4fa4-a97d-d965ccfc6d4b" outcome="Passed" testListId="8c84fa94-04c1-424b-9868-57a2d4851a1d" relativeResultsDirectory="ff8026f9-8b19-48a9-85c0-693bac32af07" dataRowInfo="13" resultType="DataDrivenDataRow" />
        <UnitTestResult executionId="25f78a33-37dd-407b-9048-01a5c8d4013e" parentExecutionId="f143a302-3858-475b-86c7-072b81a76d9e" testId="30809299-0e3e-4ac7-4a2a-6f8c296d2226" testName="ToUri_Passing_ValidValueString_Returns_Uri (//foo.com/blah_blah?p=5)" computerName="PC-SFERRARI" duration="00:00:00.0000034" startTime="2021-01-16T18:07:01.1066668+00:00" endTime="2021-01-16T18:07:01.1087470+00:00" testType="13cdc9d9-ddb5-4fa4-a97d-d965ccfc6d4b" outcome="Passed" testListId="8c84fa94-04c1-424b-9868-57a2d4851a1d" relativeResultsDirectory="25f78a33-37dd-407b-9048-01a5c8d4013e" dataRowInfo="14" resultType="DataDrivenDataRow" />
        <UnitTestResult executionId="8003c4e6-66e3-4018-a5cb-3f804994fbc2" parentExecutionId="f143a302-3858-475b-86c7-072b81a76d9e" testId="30809299-0e3e-4ac7-4a2a-6f8c296d2226" testName="ToUri_Passing_ValidValueString_Returns_Uri (//foo.com/blah_blah?p=5&amp;j=fe)" computerName="PC-SFERRARI" duration="00:00:00.0000029" startTime="2021-01-16T18:07:01.1066668+00:00" endTime="2021-01-16T18:07:01.1087470+00:00" testType="13cdc9d9-ddb5-4fa4-a97d-d965ccfc6d4b" outcome="Passed" testListId="8c84fa94-04c1-424b-9868-57a2d4851a1d" relativeResultsDirectory="8003c4e6-66e3-4018-a5cb-3f804994fbc2" dataRowInfo="15" resultType="DataDrivenDataRow" />
        <UnitTestResult executionId="df3623cd-4f03-4cd0-805f-6679bff5a272" parentExecutionId="f143a302-3858-475b-86c7-072b81a76d9e" testId="30809299-0e3e-4ac7-4a2a-6f8c296d2226" testName="ToUri_Passing_ValidValueString_Returns_Uri (http://foo.com/blah_blah_(wikipedia))" computerName="PC-SFERRARI" duration="00:00:00.0000040" startTime="2021-01-16T18:07:01.1066668+00:00" endTime="2021-01-16T18:07:01.1087470+00:00" testType="13cdc9d9-ddb5-4fa4-a97d-d965ccfc6d4b" outcome="Passed" testListId="8c84fa94-04c1-424b-9868-57a2d4851a1d" relativeResultsDirectory="df3623cd-4f03-4cd0-805f-6679bff5a272" dataRowInfo="16" resultType="DataDrivenDataRow" />
        <UnitTestResult executionId="5b5702c5-6ed3-4790-b500-ff1ef3ce91f6" parentExecutionId="f143a302-3858-475b-86c7-072b81a76d9e" testId="30809299-0e3e-4ac7-4a2a-6f8c296d2226" testName="ToUri_Passing_ValidValueString_Returns_Uri (http://foo.com/blah_blah_(wikipedia)_(again))" computerName="PC-SFERRARI" duration="00:00:00.0000040" startTime="2021-01-16T18:07:01.1066668+00:00" endTime="2021-01-16T18:07:01.1087470+00:00" testType="13cdc9d9-ddb5-4fa4-a97d-d965ccfc6d4b" outcome="Passed" testListId="8c84fa94-04c1-424b-9868-57a2d4851a1d" relativeResultsDirectory="5b5702c5-6ed3-4790-b500-ff1ef3ce91f6" dataRowInfo="17" resultType="DataDrivenDataRow" />
        <UnitTestResult executionId="4445451e-cdb0-4bbe-a933-211c5c5aa13f" parentExecutionId="f143a302-3858-475b-86c7-072b81a76d9e" testId="30809299-0e3e-4ac7-4a2a-6f8c296d2226" testName="ToUri_Passing_ValidValueString_Returns_Uri (http://www.example.com/wpstyle/?p=364)" computerName="PC-SFERRARI" duration="00:00:00.0000041" startTime="2021-01-16T18:07:01.1066668+00:00" endTime="2021-01-16T18:07:01.1087470+00:00" testType="13cdc9d9-ddb5-4fa4-a97d-d965ccfc6d4b" outcome="Passed" testListId="8c84fa94-04c1-424b-9868-57a2d4851a1d" relativeResultsDirectory="4445451e-cdb0-4bbe-a933-211c5c5aa13f" dataRowInfo="18" resultType="DataDrivenDataRow" />
        <UnitTestResult executionId="ee5fc67f-bd88-4542-b420-7fd8ef970c4c" parentExecutionId="f143a302-3858-475b-86c7-072b81a76d9e" testId="30809299-0e3e-4ac7-4a2a-6f8c296d2226" testName="ToUri_Passing_ValidValueString_Returns_Uri (https://www.example.com/foo/?bar=baz&amp;inga=42&amp;quux)" computerName="PC-SFERRARI" duration="00:00:00.0000039" startTime="2021-01-16T18:07:01.1066668+00:00" endTime="2021-01-16T18:07:01.1087470+00:00" testType="13cdc9d9-ddb5-4fa4-a97d-d965ccfc6d4b" outcome="Passed" testListId="8c84fa94-04c1-424b-9868-57a2d4851a1d" relativeResultsDirectory="ee5fc67f-bd88-4542-b420-7fd8ef970c4c" dataRowInfo="19" resultType="DataDrivenDataRow" />
        <UnitTestResult executionId="2427d310-18e1-4e98-84b4-c2dd5c0e620c" parentExecutionId="f143a302-3858-475b-86c7-072b81a76d9e" testId="30809299-0e3e-4ac7-4a2a-6f8c296d2226" testName="ToUri_Passing_ValidValueString_Returns_Uri (http://✪df.ws/123)" computerName="PC-SFERRARI" duration="00:00:00.0004069" startTime="2021-01-16T18:07:01.1066668+00:00" endTime="2021-01-16T18:07:01.1087470+00:00" testType="13cdc9d9-ddb5-4fa4-a97d-d965ccfc6d4b" outcome="Passed" testListId="8c84fa94-04c1-424b-9868-57a2d4851a1d" relativeResultsDirectory="2427d310-18e1-4e98-84b4-c2dd5c0e620c" dataRowInfo="20" resultType="DataDrivenDataRow" />
        <UnitTestResult executionId="3110e9f4-f9bc-4026-88bf-5a80ea7ba9da" parentExecutionId="f143a302-3858-475b-86c7-072b81a76d9e" testId="30809299-0e3e-4ac7-4a2a-6f8c296d2226" testName="ToUri_Passing_ValidValueString_Returns_Uri (http://userid:password@example.com:8080)" computerName="PC-SFERRARI" duration="00:00:00.0000230" startTime="2021-01-16T18:07:01.1066668+00:00" endTime="2021-01-16T18:07:01.1087470+00:00" testType="13cdc9d9-ddb5-4fa4-a97d-d965ccfc6d4b" outcome="Passed" testListId="8c84fa94-04c1-424b-9868-57a2d4851a1d" relativeResultsDirectory="3110e9f4-f9bc-4026-88bf-5a80ea7ba9da" dataRowInfo="21" resultType="DataDrivenDataRow" />
        <UnitTestResult executionId="eae49747-27f0-49c5-a106-e4e775f26431" parentExecutionId="f143a302-3858-475b-86c7-072b81a76d9e" testId="30809299-0e3e-4ac7-4a2a-6f8c296d2226" testName="ToUri_Passing_ValidValueString_Returns_Uri (http://userid:password@example.com:8080/)" computerName="PC-SFERRARI" duration="00:00:00.0000056" startTime="2021-01-16T18:07:01.1066668+00:00" endTime="2021-01-16T18:07:01.1087470+00:00" testType="13cdc9d9-ddb5-4fa4-a97d-d965ccfc6d4b" outcome="Passed" testListId="8c84fa94-04c1-424b-9868-57a2d4851a1d" relativeResultsDirectory="eae49747-27f0-49c5-a106-e4e775f26431" dataRowInfo="22" resultType="DataDrivenDataRow" />
        <UnitTestResult executionId="342d65a2-4384-42f5-88ff-b1b5871ad29e" parentExecutionId="f143a302-3858-475b-86c7-072b81a76d9e" testId="30809299-0e3e-4ac7-4a2a-6f8c296d2226" testName="ToUri_Passing_ValidValueString_Returns_Uri (http://userid@example.com)" computerName="PC-SFERRARI" duration="00:00:00.0000044" startTime="2021-01-16T18:07:01.1066668+00:00" endTime="2021-01-16T18:07:01.1087470+00:00" testType="13cdc9d9-ddb5-4fa4-a97d-d965ccfc6d4b" outcome="Passed" testListId="8c84fa94-04c1-424b-9868-57a2d4851a1d" relativeResultsDirectory="342d65a2-4384-42f5-88ff-b1b5871ad29e" dataRowInfo="23" resultType="DataDrivenDataRow" />
        <UnitTestResult executionId="9c6700db-7e41-4991-9582-f4d6e65577e1" parentExecutionId="f143a302-3858-475b-86c7-072b81a76d9e" testId="30809299-0e3e-4ac7-4a2a-6f8c296d2226" testName="ToUri_Passing_ValidValueString_Returns_Uri (http://userid@example.com/)" computerName="PC-SFERRARI" duration="00:00:00.0000040" startTime="2021-01-16T18:07:01.1066668+00:00" endTime="2021-01-16T18:07:01.1087470+00:00" testType="13cdc9d9-ddb5-4fa4-a97d-d965ccfc6d4b" outcome="Passed" testListId="8c84fa94-04c1-424b-9868-57a2d4851a1d" relativeResultsDirectory="9c6700db-7e41-4991-9582-f4d6e65577e1" dataRowInfo="24" resultType="DataDrivenDataRow" />
        <UnitTestResult executionId="297dbb95-67b6-428e-b0cc-2be1f03bb79f" parentExecutionId="f143a302-3858-475b-86c7-072b81a76d9e" testId="30809299-0e3e-4ac7-4a2a-6f8c296d2226" testName="ToUri_Passing_ValidValueString_Returns_Uri (http://userid@example.com:8080)" computerName="PC-SFERRARI" duration="00:00:00.0000044" startTime="2021-01-16T18:07:01.1066668+00:00" endTime="2021-01-16T18:07:01.1087470+00:00" testType="13cdc9d9-ddb5-4fa4-a97d-d965ccfc6d4b" outcome="Passed" testListId="8c84fa94-04c1-424b-9868-57a2d4851a1d" relativeResultsDirectory="297dbb95-67b6-428e-b0cc-2be1f03bb79f" dataRowInfo="25" resultType="DataDrivenDataRow" />
        <UnitTestResult executionId="01fdfbfd-c30e-4c3e-8d75-85c186fee21e" parentExecutionId="f143a302-3858-475b-86c7-072b81a76d9e" testId="30809299-0e3e-4ac7-4a2a-6f8c296d2226" testName="ToUri_Passing_ValidValueString_Returns_Uri (http://userid@example.com:8080/)" computerName="PC-SFERRARI" duration="00:00:00.0000039" startTime="2021-01-16T18:07:01.1066668+00:00" endTime="2021-01-16T18:07:01.1087470+00:00" testType="13cdc9d9-ddb5-4fa4-a97d-d965ccfc6d4b" outcome="Passed" testListId="8c84fa94-04c1-424b-9868-57a2d4851a1d" relativeResultsDirectory="01fdfbfd-c30e-4c3e-8d75-85c186fee21e" dataRowInfo="26" resultType="DataDrivenDataRow" />
        <UnitTestResult executionId="703c4734-b296-4eaa-a1a3-27145d63061c" parentExecutionId="f143a302-3858-475b-86c7-072b81a76d9e" testId="30809299-0e3e-4ac7-4a2a-6f8c296d2226" testName="ToUri_Passing_ValidValueString_Returns_Uri (http://userid:password@example.com)" computerName="PC-SFERRARI" duration="00:00:00.0000039" startTime="2021-01-16T18:07:01.1066668+00:00" endTime="2021-01-16T18:07:01.1087470+00:00" testType="13cdc9d9-ddb5-4fa4-a97d-d965ccfc6d4b" outcome="Passed" testListId="8c84fa94-04c1-424b-9868-57a2d4851a1d" relativeResultsDirectory="703c4734-b296-4eaa-a1a3-27145d63061c" dataRowInfo="27" resultType="DataDrivenDataRow" />
        <UnitTestResult executionId="d6417835-2ca8-4ef2-84ff-9246a8036298" parentExecutionId="f143a302-3858-475b-86c7-072b81a76d9e" testId="30809299-0e3e-4ac7-4a2a-6f8c296d2226" testName="ToUri_Passing_ValidValueString_Returns_Uri (http://userid:password@example.com/)" computerName="PC-SFERRARI" duration="00:00:00.0000043" startTime="2021-01-16T18:07:01.1066668+00:00" endTime="2021-01-16T18:07:01.1087470+00:00" testType="13cdc9d9-ddb5-4fa4-a97d-d965ccfc6d4b" outcome="Passed" testListId="8c84fa94-04c1-424b-9868-57a2d4851a1d" relativeResultsDirectory="d6417835-2ca8-4ef2-84ff-9246a8036298" dataRowInfo="28" resultType="DataDrivenDataRow" />
        <UnitTestResult executionId="9debc721-2125-4f7c-83f8-51c07b93e650" parentExecutionId="f143a302-3858-475b-86c7-072b81a76d9e" testId="30809299-0e3e-4ac7-4a2a-6f8c296d2226" testName="ToUri_Passing_ValidValueString_Returns_Uri (http://142.42.1.1/)" computerName="PC-SFERRARI" duration="00:00:00.0000050" startTime="2021-01-16T18:07:01.1066668+00:00" endTime="2021-01-16T18:07:01.1087470+00:00" testType="13cdc9d9-ddb5-4fa4-a97d-d965ccfc6d4b" outcome="Passed" testListId="8c84fa94-04c1-424b-9868-57a2d4851a1d" relativeResultsDirectory="9debc721-2125-4f7c-83f8-51c07b93e650" dataRowInfo="29" resultType="DataDrivenDataRow" />
        <UnitTestResult executionId="a6be549c-4fa5-44b7-9ace-05b1e2e05b22" parentExecutionId="f143a302-3858-475b-86c7-072b81a76d9e" testId="30809299-0e3e-4ac7-4a2a-6f8c296d2226" testName="ToUri_Passing_ValidValueString_Returns_Uri (http://142.42.1.1:8080/)" computerName="PC-SFERRARI" duration="00:00:00.0000053" startTime="2021-01-16T18:07:01.1066668+00:00" endTime="2021-01-16T18:07:01.1087470+00:00" testType="13cdc9d9-ddb5-4fa4-a97d-d965ccfc6d4b" outcome="Passed" testListId="8c84fa94-04c1-424b-9868-57a2d4851a1d" relativeResultsDirectory="a6be549c-4fa5-44b7-9ace-05b1e2e05b22" dataRowInfo="30" resultType="DataDrivenDataRow" />
        <UnitTestResult executionId="34daaff0-750d-4160-99e4-0c1054d7a039" parentExecutionId="f143a302-3858-475b-86c7-072b81a76d9e" testId="30809299-0e3e-4ac7-4a2a-6f8c296d2226" testName="ToUri_Passing_ValidValueString_Returns_Uri (http://➡.ws/䨹)" computerName="PC-SFERRARI" duration="00:00:00.0000372" startTime="2021-01-16T18:07:01.1066668+00:00" endTime="2021-01-16T18:07:01.1087470+00:00" testType="13cdc9d9-ddb5-4fa4-a97d-d965ccfc6d4b" outcome="Passed" testListId="8c84fa94-04c1-424b-9868-57a2d4851a1d" relativeResultsDirectory="34daaff0-750d-4160-99e4-0c1054d7a039" dataRowInfo="31" resultType="DataDrivenDataRow" />
        <UnitTestResult executionId="0da49183-bcff-48a3-bfea-27fc95e82f4c" parentExecutionId="f143a302-3858-475b-86c7-072b81a76d9e" testId="30809299-0e3e-4ac7-4a2a-6f8c296d2226" testName="ToUri_Passing_ValidValueString_Returns_Uri (http://⌘.ws)" computerName="PC-SFERRARI" duration="00:00:00.0000156" startTime="2021-01-16T18:07:01.1066668+00:00" endTime="2021-01-16T18:07:01.1087470+00:00" testType="13cdc9d9-ddb5-4fa4-a97d-d965ccfc6d4b" outcome="Passed" testListId="8c84fa94-04c1-424b-9868-57a2d4851a1d" relativeResultsDirectory="0da49183-bcff-48a3-bfea-27fc95e82f4c" dataRowInfo="32" resultType="DataDrivenDataRow" />
        <UnitTestResult executionId="c018e15b-d8a9-4a32-add0-6c2709ba64ee" parentExecutionId="f143a302-3858-475b-86c7-072b81a76d9e" testId="30809299-0e3e-4ac7-4a2a-6f8c296d2226" testName="ToUri_Passing_ValidValueString_Returns_Uri (http://⌘.ws/)" computerName="PC-SFERRARI" duration="00:00:00.0000086" startTime="2021-01-16T18:07:01.1066668+00:00" endTime="2021-01-16T18:07:01.1087470+00:00" testType="13cdc9d9-ddb5-4fa4-a97d-d965ccfc6d4b" outcome="Passed" testListId="8c84fa94-04c1-424b-9868-57a2d4851a1d" relativeResultsDirectory="c018e15b-d8a9-4a32-add0-6c2709ba64ee" dataRowInfo="33" resultType="DataDrivenDataRow" />
        <UnitTestResult executionId="8cd0ad52-fedf-4651-851d-a626951875c5" parentExecutionId="f143a302-3858-475b-86c7-072b81a76d9e" testId="30809299-0e3e-4ac7-4a2a-6f8c296d2226" testName="ToUri_Passing_ValidValueString_Returns_Uri (http://foo.com/blah_(wikipedia)#cite-1)" computerName="PC-SFERRARI" duration="00:00:00.0000044" startTime="2021-01-16T18:07:01.1066668+00:00" endTime="2021-01-16T18:07:01.1087470+00:00" testType="13cdc9d9-ddb5-4fa4-a97d-d965ccfc6d4b" outcome="Passed" testListId="8c84fa94-04c1-424b-9868-57a2d4851a1d" relativeResultsDirectory="8cd0ad52-fedf-4651-851d-a626951875c5" dataRowInfo="34" resultType="DataDrivenDataRow" />
        <UnitTestResult executionId="e8069925-fad1-4b90-a555-990e535c1a47" parentExecutionId="f143a302-3858-475b-86c7-072b81a76d9e" testId="30809299-0e3e-4ac7-4a2a-6f8c296d2226" testName="ToUri_Passing_ValidValueString_Returns_Uri (http://foo.com/blah_(wikipedia)_blah#cite-1)" computerName="PC-SFERRARI" duration="00:00:00.0000034" startTime="2021-01-16T18:07:01.1066668+00:00" endTime="2021-01-16T18:07:01.1087470+00:00" testType="13cdc9d9-ddb5-4fa4-a97d-d965ccfc6d4b" outcome="Passed" testListId="8c84fa94-04c1-424b-9868-57a2d4851a1d" relativeResultsDirectory="e8069925-fad1-4b90-a555-990e535c1a47" dataRowInfo="35" resultType="DataDrivenDataRow" />
        <UnitTestResult executionId="6d45f278-72b4-4b17-ae49-c0833fabac0e" parentExecutionId="f143a302-3858-475b-86c7-072b81a76d9e" testId="30809299-0e3e-4ac7-4a2a-6f8c296d2226" testName="ToUri_Passing_ValidValueString_Returns_Uri (http://foo.com/unicode_(✪)_in_parens)" computerName="PC-SFERRARI" duration="00:00:00.0000071" startTime="2021-01-16T18:07:01.1066668+00:00" endTime="2021-01-16T18:07:01.1087470+00:00" testType="13cdc9d9-ddb5-4fa4-a97d-d965ccfc6d4b" outcome="Passed" testListId="8c84fa94-04c1-424b-9868-57a2d4851a1d" relativeResultsDirectory="6d45f278-72b4-4b17-ae49-c0833fabac0e" dataRowInfo="36" resultType="DataDrivenDataRow" />
        <UnitTestResult executionId="55711d0c-b7b7-42c2-98c5-dfc9d1b6c268" parentExecutionId="f143a302-3858-475b-86c7-072b81a76d9e" testId="30809299-0e3e-4ac7-4a2a-6f8c296d2226" testName="ToUri_Passing_ValidValueString_Returns_Uri (http://foo.com/(something)?after=parens)" computerName="PC-SFERRARI" duration="00:00:00.0000038" startTime="2021-01-16T18:07:01.1066668+00:00" endTime="2021-01-16T18:07:01.1087470+00:00" testType="13cdc9d9-ddb5-4fa4-a97d-d965ccfc6d4b" outcome="Passed" testListId="8c84fa94-04c1-424b-9868-57a2d4851a1d" relativeResultsDirectory="55711d0c-b7b7-42c2-98c5-dfc9d1b6c268" dataRowInfo="37" resultType="DataDrivenDataRow" />
        <UnitTestResult executionId="5b7809d6-e02b-4f4b-acf4-f80e8f4cbf6d" parentExecutionId="f143a302-3858-475b-86c7-072b81a76d9e" testId="30809299-0e3e-4ac7-4a2a-6f8c296d2226" testName="ToUri_Passing_ValidValueString_Returns_Uri (http://☺.damowmow.com/)" computerName="PC-SFERRARI" duration="00:00:00.0000081" startTime="2021-01-16T18:07:01.1066668+00:00" endTime="2021-01-16T18:07:01.1087470+00:00" testType="13cdc9d9-ddb5-4fa4-a97d-d965ccfc6d4b" outcome="Passed" testListId="8c84fa94-04c1-424b-9868-57a2d4851a1d" relativeResultsDirectory="5b7809d6-e02b-4f4b-acf4-f80e8f4cbf6d" dataRowInfo="38" resultType="DataDrivenDataRow" />
        <UnitTestResult executionId="cda7b06a-be3b-4501-ab93-3b78ad68dbe5" parentExecutionId="f143a302-3858-475b-86c7-072b81a76d9e" testId="30809299-0e3e-4ac7-4a2a-6f8c296d2226" testName="ToUri_Passing_ValidValueString_Returns_Uri (http://code.google.com/events/#&amp;product=browser)" computerName="PC-SFERRARI" duration="00:00:00.0000041" startTime="2021-01-16T18:07:01.1066668+00:00" endTime="2021-01-16T18:07:01.1087470+00:00" testType="13cdc9d9-ddb5-4fa4-a97d-d965ccfc6d4b" outcome="Passed" testListId="8c84fa94-04c1-424b-9868-57a2d4851a1d" relativeResultsDirectory="cda7b06a-be3b-4501-ab93-3b78ad68dbe5" dataRowInfo="39" resultType="DataDrivenDataRow" />
        <UnitTestResult executionId="5f8008e0-1dd1-40fd-9b39-9fbf750d1674" parentExecutionId="f143a302-3858-475b-86c7-072b81a76d9e" testId="30809299-0e3e-4ac7-4a2a-6f8c296d2226" testName="ToUri_Passing_ValidValueString_Returns_Uri (http://j.mp)" computerName="PC-SFERRARI" duration="00:00:00.0000039" startTime="2021-01-16T18:07:01.1066668+00:00" endTime="2021-01-16T18:07:01.1087470+00:00" testType="13cdc9d9-ddb5-4fa4-a97d-d965ccfc6d4b" outcome="Passed" testListId="8c84fa94-04c1-424b-9868-57a2d4851a1d" relativeResultsDirectory="5f8008e0-1dd1-40fd-9b39-9fbf750d1674" dataRowInfo="40" resultType="DataDrivenDataRow" />
        <UnitTestResult executionId="79ea5c95-ec03-44f3-b553-45babda31bb1" parentExecutionId="f143a302-3858-475b-86c7-072b81a76d9e" testId="30809299-0e3e-4ac7-4a2a-6f8c296d2226" testName="ToUri_Passing_ValidValueString_Returns_Uri (http://foo.bar/?q=Test%20URL-encoded%20stuff)" computerName="PC-SFERRARI" duration="00:00:00.0000419" startTime="2021-01-16T18:07:01.1066668+00:00" endTime="2021-01-16T18:07:01.1087470+00:00" testType="13cdc9d9-ddb5-4fa4-a97d-d965ccfc6d4b" outcome="Passed" testListId="8c84fa94-04c1-424b-9868-57a2d4851a1d" relativeResultsDirectory="79ea5c95-ec03-44f3-b553-45babda31bb1" dataRowInfo="41" resultType="DataDrivenDataRow" />
        <UnitTestResult executionId="3b013f3b-2a5a-4d08-a9ac-189bf377421e" parentExecutionId="f143a302-3858-475b-86c7-072b81a76d9e" testId="30809299-0e3e-4ac7-4a2a-6f8c296d2226" testName="ToUri_Passing_ValidValueString_Returns_Uri (http://مثال.إختبار)" computerName="PC-SFERRARI" duration="00:00:00.0000157" startTime="2021-01-16T18:07:01.1066668+00:00" endTime="2021-01-16T18:07:01.1087470+00:00" testType="13cdc9d9-ddb5-4fa4-a97d-d965ccfc6d4b" outcome="Passed" testListId="8c84fa94-04c1-424b-9868-57a2d4851a1d" relativeResultsDirectory="3b013f3b-2a5a-4d08-a9ac-189bf377421e" dataRowInfo="42" resultType="DataDrivenDataRow" />
        <UnitTestResult executionId="c349058f-db5d-44ef-9f51-f1e671858add" parentExecutionId="f143a302-3858-475b-86c7-072b81a76d9e" testId="30809299-0e3e-4ac7-4a2a-6f8c296d2226" testName="ToUri_Passing_ValidValueString_Returns_Uri (http://例子.测试)" computerName="PC-SFERRARI" duration="00:00:00.0000077" startTime="2021-01-16T18:07:01.1066668+00:00" endTime="2021-01-16T18:07:01.1087470+00:00" testType="13cdc9d9-ddb5-4fa4-a97d-d965ccfc6d4b" outcome="Passed" testListId="8c84fa94-04c1-424b-9868-57a2d4851a1d" relativeResultsDirectory="c349058f-db5d-44ef-9f51-f1e671858add" dataRowInfo="43" resultType="DataDrivenDataRow" />
        <UnitTestResult executionId="f983f1a1-5b3c-4091-a151-6b9df362cbdd" parentExecutionId="f143a302-3858-475b-86c7-072b81a76d9e" testId="30809299-0e3e-4ac7-4a2a-6f8c296d2226" testName="ToUri_Passing_ValidValueString_Returns_Uri (http://उदाहरण.परीक्ष)" computerName="PC-SFERRARI" duration="00:00:00.0000075" startTime="2021-01-16T18:07:01.1066668+00:00" endTime="2021-01-16T18:07:01.1087470+00:00" testType="13cdc9d9-ddb5-4fa4-a97d-d965ccfc6d4b" outcome="Passed" testListId="8c84fa94-04c1-424b-9868-57a2d4851a1d" relativeResultsDirectory="f983f1a1-5b3c-4091-a151-6b9df362cbdd" dataRowInfo="44" resultType="DataDrivenDataRow" />
        <UnitTestResult executionId="1d86ddab-60c1-4323-8837-fa5dfcb373ab" parentExecutionId="f143a302-3858-475b-86c7-072b81a76d9e" testId="30809299-0e3e-4ac7-4a2a-6f8c296d2226" testName="ToUri_Passing_ValidValueString_Returns_Uri (http://-.~_!$&amp;'()*+,;=:%40:80%2f::::::@example.com)" computerName="PC-SFERRARI" duration="00:00:00.0000056" startTime="2021-01-16T18:07:01.1066668+00:00" endTime="2021-01-16T18:07:01.1087470+00:00" testType="13cdc9d9-ddb5-4fa4-a97d-d965ccfc6d4b" outcome="Passed" testListId="8c84fa94-04c1-424b-9868-57a2d4851a1d" relativeResultsDirectory="1d86ddab-60c1-4323-8837-fa5dfcb373ab" dataRowInfo="45" resultType="DataDrivenDataRow" />
        <UnitTestResult executionId="44ff70d6-1de8-43ff-badb-bd311d32be97" parentExecutionId="f143a302-3858-475b-86c7-072b81a76d9e" testId="30809299-0e3e-4ac7-4a2a-6f8c296d2226" testName="ToUri_Passing_ValidValueString_Returns_Uri (http://1337.net)" computerName="PC-SFERRARI" duration="00:00:00.0000047" startTime="2021-01-16T18:07:01.1066668+00:00" endTime="2021-01-16T18:07:01.1087470+00:00" testType="13cdc9d9-ddb5-4fa4-a97d-d965ccfc6d4b" outcome="Passed" testListId="8c84fa94-04c1-424b-9868-57a2d4851a1d" relativeResultsDirectory="44ff70d6-1de8-43ff-badb-bd311d32be97" dataRowInfo="46" resultType="DataDrivenDataRow" />
        <UnitTestResult executionId="f876c42d-886a-4e7e-909d-ae55408dada9" parentExecutionId="f143a302-3858-475b-86c7-072b81a76d9e" testId="30809299-0e3e-4ac7-4a2a-6f8c296d2226" testName="ToUri_Passing_ValidValueString_Returns_Uri (http://a.b-c.de)" computerName="PC-SFERRARI" duration="00:00:00.0000044" startTime="2021-01-16T18:07:01.1066668+00:00" endTime="2021-01-16T18:07:01.1087470+00:00" testType="13cdc9d9-ddb5-4fa4-a97d-d965ccfc6d4b" outcome="Passed" testListId="8c84fa94-04c1-424b-9868-57a2d4851a1d" relativeResultsDirectory="f876c42d-886a-4e7e-909d-ae55408dada9" dataRowInfo="47" resultType="DataDrivenDataRow" />
        <UnitTestResult executionId="6095644a-bfc3-4b63-a0af-25d074090d4d" parentExecutionId="f143a302-3858-475b-86c7-072b81a76d9e" testId="30809299-0e3e-4ac7-4a2a-6f8c296d2226" testName="ToUri_Passing_ValidValueString_Returns_Uri (http://223.255.255.254)" computerName="PC-SFERRARI" duration="00:00:00.0000043" startTime="2021-01-16T18:07:01.1066668+00:00" endTime="2021-01-16T18:07:01.1087470+00:00" testType="13cdc9d9-ddb5-4fa4-a97d-d965ccfc6d4b" outcome="Passed" testListId="8c84fa94-04c1-424b-9868-57a2d4851a1d" relativeResultsDirectory="6095644a-bfc3-4b63-a0af-25d074090d4d" dataRowInfo="48" resultType="DataDrivenDataRow" />
      </InnerResults>
    </UnitTestResult>
    <UnitTestResult executionId="9c5ac71d-93d5-4436-8c5f-7a9f4b4ce641" testId="459f13f4-e266-2f20-5c30-d2c64797095d" testName="ToIsWeekend_Passing_Friday_DateTime_Returns_False" computerName="PC-SFERRARI" duration="00:00:00.0006541" startTime="2021-01-16T18:07:00.3527165+00:00" endTime="2021-01-16T18:07:00.3535826+00:00" testType="13cdc9d9-ddb5-4fa4-a97d-d965ccfc6d4b" outcome="Passed" testListId="8c84fa94-04c1-424b-9868-57a2d4851a1d" relativeResultsDirectory="9c5ac71d-93d5-4436-8c5f-7a9f4b4ce641" />
    <UnitTestResult executionId="12d8075e-8d63-436d-adcd-ad4301bce0e5" testId="056700a7-2506-75ed-a80a-ddf2ddb5d2a8" testName="IsUppercase_Passing_ValidArguments_Returns_HasErrorsAndCount" computerName="PC-SFERRARI" duration="00:00:00.0002185" startTime="2021-01-16T18:07:00.0380835+00:00" endTime="2021-01-16T18:07:00.0384509+00:00" testType="13cdc9d9-ddb5-4fa4-a97d-d965ccfc6d4b" outcome="Passed" testListId="8c84fa94-04c1-424b-9868-57a2d4851a1d" relativeResultsDirectory="12d8075e-8d63-436d-adcd-ad4301bce0e5" />
    <UnitTestResult executionId="98ad5335-6231-496e-853d-aed067cea806" testId="42ded375-26ee-044e-44a7-9eab5e4cd342" testName="ToReadOnly_Passing_Valid_Collection_Returns_Readonly_Collection" computerName="PC-SFERRARI" duration="00:00:00.0015406" startTime="2021-01-16T18:07:00.3714466+00:00" endTime="2021-01-16T18:07:00.3731556+00:00" testType="13cdc9d9-ddb5-4fa4-a97d-d965ccfc6d4b" outcome="Passed" testListId="8c84fa94-04c1-424b-9868-57a2d4851a1d" relativeResultsDirectory="98ad5335-6231-496e-853d-aed067cea806" />
    <UnitTestResult executionId="021e2b94-cf9b-432c-afe0-a4ccf2c49611" testId="f8b74494-d277-7173-e694-2a4d463a4607" testName="ToMapList_Passing_Source_Type_And_Destination_Type_Returns_Destination_Object_List" computerName="PC-SFERRARI" duration="00:00:00.0362013" startTime="2021-01-16T18:06:59.6067171+00:00" endTime="2021-01-16T18:06:59.6430895+00:00" testType="13cdc9d9-ddb5-4fa4-a97d-d965ccfc6d4b" outcome="Passed" testListId="8c84fa94-04c1-424b-9868-57a2d4851a1d" relativeResultsDirectory="021e2b94-cf9b-432c-afe0-a4ccf2c49611" />
    <UnitTestResult executionId="4499488e-8362-4689-b85b-95adbcf946fe" testId="6c59b811-73c0-2540-9661-8c8f2a459ff2" testName="ToDefaultValue_Passing_byte_Returns_Cero" computerName="PC-SFERRARI" duration="00:00:00.0005285" startTime="2021-01-16T18:07:00.4304396+00:00" endTime="2021-01-16T18:07:00.4310991+00:00" testType="13cdc9d9-ddb5-4fa4-a97d-d965ccfc6d4b" outcome="Passed" testListId="8c84fa94-04c1-424b-9868-57a2d4851a1d" relativeResultsDirectory="4499488e-8362-4689-b85b-95adbcf946fe" resultType="DataDrivenTest">
      <InnerResults>
        <UnitTestResult executionId="5ef3a4aa-e5f7-4396-b26b-587daca2f0fa" parentExecutionId="4499488e-8362-4689-b85b-95adbcf946fe" testId="6c59b811-73c0-2540-9661-8c8f2a459ff2" testName="ToDefaultValue_Passing_byte_Returns_Cero (255)" computerName="PC-SFERRARI" duration="00:00:00.0004621" startTime="2021-01-16T18:07:00.4304396+00:00" endTime="2021-01-16T18:07:00.4310991+00:00" testType="13cdc9d9-ddb5-4fa4-a97d-d965ccfc6d4b" outcome="Passed" testListId="8c84fa94-04c1-424b-9868-57a2d4851a1d" relativeResultsDirectory="5ef3a4aa-e5f7-4396-b26b-587daca2f0fa" dataRowInfo="1" resultType="DataDrivenDataRow" />
      </InnerResults>
    </UnitTestResult>
    <UnitTestResult executionId="e9140998-91dd-4e22-bc78-603361b05f7b" testId="1340b308-d9eb-a26e-e042-04d6c1d9a958" testName="ToHasErrors_Passing_InvalidValue_Returns_ApplicationExceptionWithMessage" computerName="PC-SFERRARI" duration="00:00:00.0007582" startTime="2021-01-16T18:06:59.9397641+00:00" endTime="2021-01-16T18:06:59.9407546+00:00" testType="13cdc9d9-ddb5-4fa4-a97d-d965ccfc6d4b" outcome="Passed" testListId="8c84fa94-04c1-424b-9868-57a2d4851a1d" relativeResultsDirectory="e9140998-91dd-4e22-bc78-603361b05f7b" />
    <UnitTestResult executionId="6c2c7def-eb06-44aa-94d0-351ac1a96047" testId="c09577a6-adca-ef94-40b5-45575ad65e4f" testName="ToEnvironment_ServiceProvider_Passing_Development_Enviroment_Returns_Development_Name" computerName="PC-SFERRARI" duration="00:00:00.0006689" startTime="2021-01-16T18:07:00.2369842+00:00" endTime="2021-01-16T18:07:00.2377789+00:00" testType="13cdc9d9-ddb5-4fa4-a97d-d965ccfc6d4b" outcome="Passed" testListId="8c84fa94-04c1-424b-9868-57a2d4851a1d" relativeResultsDirectory="6c2c7def-eb06-44aa-94d0-351ac1a96047" />
    <UnitTestResult executionId="043bcc61-552f-49c1-85cc-cd493259ba4b" testId="69b6ed05-fdf2-6989-0583-109b4777a6ac" testName="ToEnvironment_Passing_Custom_Enviroment_Returns_Custom_Name" computerName="PC-SFERRARI" duration="00:00:00.1769352" startTime="2021-01-16T18:06:59.6647238+00:00" endTime="2021-01-16T18:06:59.8420506+00:00" testType="13cdc9d9-ddb5-4fa4-a97d-d965ccfc6d4b" outcome="Passed" testListId="8c84fa94-04c1-424b-9868-57a2d4851a1d" relativeResultsDirectory="043bcc61-552f-49c1-85cc-cd493259ba4b" />
    <UnitTestResult executionId="86eb3a5f-571a-4fd9-8657-5b326fa36e28" testId="27cc1a96-8264-8762-05bc-aa63ccb155d7" testName="ToMapClone_Passing_Source_Returns_New_Source_Object" computerName="PC-SFERRARI" duration="00:00:00.2928208" startTime="2021-01-16T18:06:59.3068593+00:00" endTime="2021-01-16T18:06:59.6066617+00:00" testType="13cdc9d9-ddb5-4fa4-a97d-d965ccfc6d4b" outcome="Passed" testListId="8c84fa94-04c1-424b-9868-57a2d4851a1d" relativeResultsDirectory="86eb3a5f-571a-4fd9-8657-5b326fa36e28" />
    <UnitTestResult executionId="5bc8be3c-61e5-482c-8a43-da43c6990252" testId="a272f84c-2bd5-daa4-4afe-22346b802f86" testName="ToGet_Passing_Claims_Returns_Claim_Value_Object" computerName="PC-SFERRARI" duration="00:00:00.0056362" startTime="2021-01-16T18:07:00.1413739+00:00" endTime="2021-01-16T18:07:00.1471262+00:00" testType="13cdc9d9-ddb5-4fa4-a97d-d965ccfc6d4b" outcome="Passed" testListId="8c84fa94-04c1-424b-9868-57a2d4851a1d" relativeResultsDirectory="5bc8be3c-61e5-482c-8a43-da43c6990252" />
    <UnitTestResult executionId="13722d75-c298-40c3-9831-9c4423d6d16f" testId="5517211d-203c-115f-7dc1-6f48da8ab75b" testName="ToFirstLetterUpper_Passing_ValidValue_Returns_StringWithFirstLetterUpper" computerName="PC-SFERRARI" duration="00:00:00.0003568" startTime="2021-01-16T18:07:01.0084631+00:00" endTime="2021-01-16T18:07:01.0089934+00:00" testType="13cdc9d9-ddb5-4fa4-a97d-d965ccfc6d4b" outcome="Passed" testListId="8c84fa94-04c1-424b-9868-57a2d4851a1d" relativeResultsDirectory="13722d75-c298-40c3-9831-9c4423d6d16f" resultType="DataDrivenTest">
      <InnerResults>
        <UnitTestResult executionId="049a9a4b-aea0-4a7b-9ac0-6859bf1b1551" parentExecutionId="13722d75-c298-40c3-9831-9c4423d6d16f" testId="5517211d-203c-115f-7dc1-6f48da8ab75b" testName="ToFirstLetterUpper_Passing_ValidValue_Returns_StringWithFirstLetterUpper (aeiou,Aeiou)" computerName="PC-SFERRARI" duration="00:00:00.0002111" startTime="2021-01-16T18:07:01.0084631+00:00" endTime="2021-01-16T18:07:01.0089934+00:00" testType="13cdc9d9-ddb5-4fa4-a97d-d965ccfc6d4b" outcome="Passed" testListId="8c84fa94-04c1-424b-9868-57a2d4851a1d" relativeResultsDirectory="049a9a4b-aea0-4a7b-9ac0-6859bf1b1551" dataRowInfo="1" resultType="DataDrivenDataRow" />
        <UnitTestResult executionId="d043ac67-e65a-400b-9712-1aef839ca63e" parentExecutionId="13722d75-c298-40c3-9831-9c4423d6d16f" testId="5517211d-203c-115f-7dc1-6f48da8ab75b" testName="ToFirstLetterUpper_Passing_ValidValue_Returns_StringWithFirstLetterUpper (aEIOU,AEIOU)" computerName="PC-SFERRARI" duration="00:00:00.0000063" startTime="2021-01-16T18:07:01.0084631+00:00" endTime="2021-01-16T18:07:01.0089934+00:00" testType="13cdc9d9-ddb5-4fa4-a97d-d965ccfc6d4b" outcome="Passed" testListId="8c84fa94-04c1-424b-9868-57a2d4851a1d" relativeResultsDirectory="d043ac67-e65a-400b-9712-1aef839ca63e" dataRowInfo="2" resultType="DataDrivenDataRow" />
        <UnitTestResult executionId="b059bc5a-5ed2-40f1-9fcf-6cc77acc106d" parentExecutionId="13722d75-c298-40c3-9831-9c4423d6d16f" testId="5517211d-203c-115f-7dc1-6f48da8ab75b" testName="ToFirstLetterUpper_Passing_ValidValue_Returns_StringWithFirstLetterUpper (aeioU,AeioU)" computerName="PC-SFERRARI" duration="00:00:00.0000038" startTime="2021-01-16T18:07:01.0084631+00:00" endTime="2021-01-16T18:07:01.0089934+00:00" testType="13cdc9d9-ddb5-4fa4-a97d-d965ccfc6d4b" outcome="Passed" testListId="8c84fa94-04c1-424b-9868-57a2d4851a1d" relativeResultsDirectory="b059bc5a-5ed2-40f1-9fcf-6cc77acc106d" dataRowInfo="3" resultType="DataDrivenDataRow" />
        <UnitTestResult executionId="98f30bbe-3c36-4589-92d5-5a800e5fc915" parentExecutionId="13722d75-c298-40c3-9831-9c4423d6d16f" testId="5517211d-203c-115f-7dc1-6f48da8ab75b" testName="ToFirstLetterUpper_Passing_ValidValue_Returns_StringWithFirstLetterUpper (AEIOU,AEIOU)" computerName="PC-SFERRARI" duration="00:00:00.0000034" startTime="2021-01-16T18:07:01.0084631+00:00" endTime="2021-01-16T18:07:01.0089934+00:00" testType="13cdc9d9-ddb5-4fa4-a97d-d965ccfc6d4b" outcome="Passed" testListId="8c84fa94-04c1-424b-9868-57a2d4851a1d" relativeResultsDirectory="98f30bbe-3c36-4589-92d5-5a800e5fc915" dataRowInfo="4" resultType="DataDrivenDataRow" />
        <UnitTestResult executionId="49578f26-7855-440c-8983-123192675a53" parentExecutionId="13722d75-c298-40c3-9831-9c4423d6d16f" testId="5517211d-203c-115f-7dc1-6f48da8ab75b" testName="ToFirstLetterUpper_Passing_ValidValue_Returns_StringWithFirstLetterUpper (Aeiou,Aeiou)" computerName="PC-SFERRARI" duration="00:00:00.0000035" startTime="2021-01-16T18:07:01.0084631+00:00" endTime="2021-01-16T18:07:01.0089934+00:00" testType="13cdc9d9-ddb5-4fa4-a97d-d965ccfc6d4b" outcome="Passed" testListId="8c84fa94-04c1-424b-9868-57a2d4851a1d" relativeResultsDirectory="49578f26-7855-440c-8983-123192675a53" dataRowInfo="5" resultType="DataDrivenDataRow" />
      </InnerResults>
    </UnitTestResult>
    <UnitTestResult executionId="9c3b4f06-090f-42bd-91e7-31bcba4a2986" testId="5bee9d0e-89de-7b6d-4317-0a11342b1d29" testName="ToIPv6_Passing_HttpContext_IP_Value_Returns_IP" computerName="PC-SFERRARI" duration="00:00:00.0007912" startTime="2021-01-16T18:07:00.5094714+00:00" endTime="2021-01-16T18:07:00.5105267+00:00" testType="13cdc9d9-ddb5-4fa4-a97d-d965ccfc6d4b" outcome="Passed" testListId="8c84fa94-04c1-424b-9868-57a2d4851a1d" relativeResultsDirectory="9c3b4f06-090f-42bd-91e7-31bcba4a2986" />
    <UnitTestResult executionId="ecdb8a71-0ae2-4118-9f1d-e4c706352e9e" testId="ab274dac-b194-4e0f-6fab-a20667b535a8" testName="ToMapMerge_Passing_Destination_Object_Returns_Merged_Destination_Object" computerName="PC-SFERRARI" duration="00:00:00.0120297" startTime="2021-01-16T18:06:59.6431293+00:00" endTime="2021-01-16T18:06:59.6552848+00:00" testType="13cdc9d9-ddb5-4fa4-a97d-d965ccfc6d4b" outcome="Passed" testListId="8c84fa94-04c1-424b-9868-57a2d4851a1d" relativeResultsDirectory="ecdb8a71-0ae2-4118-9f1d-e4c706352e9e" />
    <UnitTestResult executionId="c0eccbdd-0d33-4ae1-bc53-691bc30a1777" testId="8a5cc6e0-e73e-2131-64bd-e73fc6c2a32e" testName="IsRange_Passing_InvalidArguments_Returns_HasErrorsAndCount" computerName="PC-SFERRARI" duration="00:00:00.0014043" startTime="2021-01-16T18:07:00.0197480+00:00" endTime="2021-01-16T18:07:00.0213304+00:00" testType="13cdc9d9-ddb5-4fa4-a97d-d965ccfc6d4b" outcome="Passed" testListId="8c84fa94-04c1-424b-9868-57a2d4851a1d" relativeResultsDirectory="c0eccbdd-0d33-4ae1-bc53-691bc30a1777" />
    <UnitTestResult executionId="a28d94ca-cacf-43bd-89f2-a5f79d43b3a5" testId="66f7bc12-fe2b-fd81-3cbf-5bc4840aa6f8" testName="ToConfiguration_Passing_Key_Values_Returns_Ok" computerName="PC-SFERRARI" duration="00:00:00.0166392" startTime="2021-01-16T18:07:00.1643580+00:00" endTime="2021-01-16T18:07:00.1811601+00:00" testType="13cdc9d9-ddb5-4fa4-a97d-d965ccfc6d4b" outcome="Passed" testListId="8c84fa94-04c1-424b-9868-57a2d4851a1d" relativeResultsDirectory="a28d94ca-cacf-43bd-89f2-a5f79d43b3a5" />
    <UnitTestResult executionId="ce02400b-c623-4fac-bf79-183bd231d8db" testId="77fe17c3-3cf8-a189-4d95-b2e0d3ca9579" testName="CreateSHA256_Passing_Invalid_Arguments_Returns_ApplicationException" computerName="PC-SFERRARI" duration="00:00:00.0007781" startTime="2021-01-16T18:07:00.4781350+00:00" endTime="2021-01-16T18:07:00.4790586+00:00" testType="13cdc9d9-ddb5-4fa4-a97d-d965ccfc6d4b" outcome="Passed" testListId="8c84fa94-04c1-424b-9868-57a2d4851a1d" relativeResultsDirectory="ce02400b-c623-4fac-bf79-183bd231d8db" resultType="DataDrivenTest">
      <InnerResults>
        <UnitTestResult executionId="9224e184-9ea4-4952-a872-81b45391a5b1" parentExecutionId="ce02400b-c623-4fac-bf79-183bd231d8db" testId="77fe17c3-3cf8-a189-4d95-b2e0d3ca9579" testName="CreateSHA256_Passing_Invalid_Arguments_Returns_ApplicationException ()" computerName="PC-SFERRARI" duration="00:00:00.0005320" startTime="2021-01-16T18:07:00.4781350+00:00" endTime="2021-01-16T18:07:00.4790586+00:00" testType="13cdc9d9-ddb5-4fa4-a97d-d965ccfc6d4b" outcome="Passed" testListId="8c84fa94-04c1-424b-9868-57a2d4851a1d" relativeResultsDirectory="9224e184-9ea4-4952-a872-81b45391a5b1" dataRowInfo="1" resultType="DataDrivenDataRow" />
        <UnitTestResult executionId="59713a5a-f7dd-4ccd-9f26-581e860cdcf9" parentExecutionId="ce02400b-c623-4fac-bf79-183bd231d8db" testId="77fe17c3-3cf8-a189-4d95-b2e0d3ca9579" testName="CreateSHA256_Passing_Invalid_Arguments_Returns_ApplicationException ()" computerName="PC-SFERRARI" duration="00:00:00.0000774" startTime="2021-01-16T18:07:00.4781350+00:00" endTime="2021-01-16T18:07:00.4790586+00:00" testType="13cdc9d9-ddb5-4fa4-a97d-d965ccfc6d4b" outcome="Passed" testListId="8c84fa94-04c1-424b-9868-57a2d4851a1d" relativeResultsDirectory="59713a5a-f7dd-4ccd-9f26-581e860cdcf9" dataRowInfo="2" resultType="DataDrivenDataRow" />
        <UnitTestResult executionId="8a72a5a3-008a-4b8c-b04d-023895e55a8b" parentExecutionId="ce02400b-c623-4fac-bf79-183bd231d8db" testId="77fe17c3-3cf8-a189-4d95-b2e0d3ca9579" testName="CreateSHA256_Passing_Invalid_Arguments_Returns_ApplicationException ( )" computerName="PC-SFERRARI" duration="00:00:00.0000594" startTime="2021-01-16T18:07:00.4781350+00:00" endTime="2021-01-16T18:07:00.4790586+00:00" testType="13cdc9d9-ddb5-4fa4-a97d-d965ccfc6d4b" outcome="Passed" testListId="8c84fa94-04c1-424b-9868-57a2d4851a1d" relativeResultsDirectory="8a72a5a3-008a-4b8c-b04d-023895e55a8b" dataRowInfo="3" resultType="DataDrivenDataRow" />
      </InnerResults>
    </UnitTestResult>
    <UnitTestResult executionId="6466a37b-c84c-4d41-a6c8-6c4bc4b38ce4" testId="47f3e733-f069-b79f-9f6d-7c11fc368663" testName="ToDefaultValue_Passing_ushort_Returns_Cero" computerName="PC-SFERRARI" duration="00:00:00.0003967" startTime="2021-01-16T18:07:00.4512614+00:00" endTime="2021-01-16T18:07:00.4517424+00:00" testType="13cdc9d9-ddb5-4fa4-a97d-d965ccfc6d4b" outcome="Passed" testListId="8c84fa94-04c1-424b-9868-57a2d4851a1d" relativeResultsDirectory="6466a37b-c84c-4d41-a6c8-6c4bc4b38ce4" resultType="DataDrivenTest">
      <InnerResults>
        <UnitTestResult executionId="04255316-aca0-4c50-af16-ab0292fda17e" parentExecutionId="6466a37b-c84c-4d41-a6c8-6c4bc4b38ce4" testId="47f3e733-f069-b79f-9f6d-7c11fc368663" testName="ToDefaultValue_Passing_ushort_Returns_Cero (65535)" computerName="PC-SFERRARI" duration="00:00:00.0003429" startTime="2021-01-16T18:07:00.4512614+00:00" endTime="2021-01-16T18:07:00.4517424+00:00" testType="13cdc9d9-ddb5-4fa4-a97d-d965ccfc6d4b" outcome="Passed" testListId="8c84fa94-04c1-424b-9868-57a2d4851a1d" relativeResultsDirectory="04255316-aca0-4c50-af16-ab0292fda17e" dataRowInfo="1" resultType="DataDrivenDataRow" />
      </InnerResults>
    </UnitTestResult>
    <UnitTestResult executionId="a4b76299-2d96-4377-b7b2-644be503f9b1" testId="760ae14b-6c0d-0288-811d-408b67937415" testName="ToServiceMatchingInterface_Passing_Empties_Assemblies_Returns_ApplicationException" computerName="PC-SFERRARI" duration="00:00:00.0013877" startTime="2021-01-16T18:07:00.2386495+00:00" endTime="2021-01-16T18:07:00.2401154+00:00" testType="13cdc9d9-ddb5-4fa4-a97d-d965ccfc6d4b" outcome="Passed" testListId="8c84fa94-04c1-424b-9868-57a2d4851a1d" relativeResultsDirectory="a4b76299-2d96-4377-b7b2-644be503f9b1" />
    <UnitTestResult executionId="27511717-b0ec-49ba-9c80-ae09e036da51" testId="5385d994-9594-6052-11cb-73f8d2344981" testName="ToPath_Passing_HttpRequest_Scheme_Host_Path_Returns_Url" computerName="PC-SFERRARI" duration="00:00:00.0041349" startTime="2021-01-16T18:07:00.5630515+00:00" endTime="2021-01-16T18:07:00.5674246+00:00" testType="13cdc9d9-ddb5-4fa4-a97d-d965ccfc6d4b" outcome="Passed" testListId="8c84fa94-04c1-424b-9868-57a2d4851a1d" relativeResultsDirectory="27511717-b0ec-49ba-9c80-ae09e036da51" />
    <UnitTestResult executionId="40cfdf6f-3447-4e39-8653-fbc86a4225f4" testId="f2d267b8-d5a7-6c91-de6d-813182908c7f" testName="IsDigit_Passing_InvalidArguments_Returns_HasErrorsAndCount" computerName="PC-SFERRARI" duration="00:00:00.0016756" startTime="2021-01-16T18:06:59.9802605+00:00" endTime="2021-01-16T18:06:59.9821119+00:00" testType="13cdc9d9-ddb5-4fa4-a97d-d965ccfc6d4b" outcome="Passed" testListId="8c84fa94-04c1-424b-9868-57a2d4851a1d" relativeResultsDirectory="40cfdf6f-3447-4e39-8653-fbc86a4225f4" />
    <UnitTestResult executionId="b43ecb57-3e7f-40b6-bc93-8dce8fffce63" testId="0d35441f-72fe-a777-509f-6a19632f972a" testName="ToMessage_Passing_ExceptionWithMessageWithInnerException_Returns_MessageAndInnerException" computerName="PC-SFERRARI" duration="00:00:00.0004443" startTime="2021-01-16T18:07:00.4186067+00:00" endTime="2021-01-16T18:07:00.4192305+00:00" testType="13cdc9d9-ddb5-4fa4-a97d-d965ccfc6d4b" outcome="Passed" testListId="8c84fa94-04c1-424b-9868-57a2d4851a1d" relativeResultsDirectory="b43ecb57-3e7f-40b6-bc93-8dce8fffce63" />
    <UnitTestResult executionId="fb2fdc8c-e7de-4f80-bca8-72192fc31b20" testId="b871cd27-681f-8d07-6c2a-809341ba2909" testName="ToList_Passing_ValidEnumTypeWithSelectedValue_Returns_ValuesList" computerName="PC-SFERRARI" duration="00:00:00.0005261" startTime="2021-01-16T18:07:00.4068471+00:00" endTime="2021-01-16T18:07:00.4075392+00:00" testType="13cdc9d9-ddb5-4fa4-a97d-d965ccfc6d4b" outcome="Passed" testListId="8c84fa94-04c1-424b-9868-57a2d4851a1d" relativeResultsDirectory="fb2fdc8c-e7de-4f80-bca8-72192fc31b20" />
    <UnitTestResult executionId="77ca0726-dd8e-46ad-a9fc-7712ddf97508" testId="e9d3a3d6-32e0-613e-b55e-48afdf1ab686" testName="ToWhere_Passing_Valid_Predicate_Returns_Filter_List" computerName="PC-SFERRARI" duration="00:00:00.0022779" startTime="2021-01-16T18:07:00.7648341+00:00" endTime="2021-01-16T18:07:00.7673427+00:00" testType="13cdc9d9-ddb5-4fa4-a97d-d965ccfc6d4b" outcome="Passed" testListId="8c84fa94-04c1-424b-9868-57a2d4851a1d" relativeResultsDirectory="77ca0726-dd8e-46ad-a9fc-7712ddf97508" />
    <UnitTestResult executionId="0c3ee7ec-3ae5-48e0-ac9f-9423fe358107" testId="8a110a46-40a4-c9bb-083e-1c3fcb5b45b7" testName="ToCompress_Passing_Object_Bytes_Returns_Object" computerName="PC-SFERRARI" duration="00:00:00.0213943" startTime="2021-01-16T18:06:59.9170273+00:00" endTime="2021-01-16T18:06:59.9389062+00:00" testType="13cdc9d9-ddb5-4fa4-a97d-d965ccfc6d4b" outcome="Passed" testListId="8c84fa94-04c1-424b-9868-57a2d4851a1d" relativeResultsDirectory="0c3ee7ec-3ae5-48e0-ac9f-9423fe358107" />
    <UnitTestResult executionId="c81a9685-ff9b-440b-b45a-edc372c6207b" testId="e0f7dcd9-f363-be9c-de11-457f6a575bee" testName="ToDefaultValue_Passing_float_Returns_Cero" computerName="PC-SFERRARI" duration="00:00:00.0005476" startTime="2021-01-16T18:07:00.4379580+00:00" endTime="2021-01-16T18:07:00.4386604+00:00" testType="13cdc9d9-ddb5-4fa4-a97d-d965ccfc6d4b" outcome="Passed" testListId="8c84fa94-04c1-424b-9868-57a2d4851a1d" relativeResultsDirectory="c81a9685-ff9b-440b-b45a-edc372c6207b" resultType="DataDrivenTest">
      <InnerResults>
        <UnitTestResult executionId="04dda6fe-648e-4e72-a4d9-a5afe1f05df4" parentExecutionId="c81a9685-ff9b-440b-b45a-edc372c6207b" testId="e0f7dcd9-f363-be9c-de11-457f6a575bee" testName="ToDefaultValue_Passing_float_Returns_Cero (3,4028235E+38)" computerName="PC-SFERRARI" duration="00:00:00.0004576" startTime="2021-01-16T18:07:00.4379580+00:00" endTime="2021-01-16T18:07:00.4386604+00:00" testType="13cdc9d9-ddb5-4fa4-a97d-d965ccfc6d4b" outcome="Passed" testListId="8c84fa94-04c1-424b-9868-57a2d4851a1d" relativeResultsDirectory="04dda6fe-648e-4e72-a4d9-a5afe1f05df4" dataRowInfo="1" resultType="DataDrivenDataRow" />
      </InnerResults>
    </UnitTestResult>
    <UnitTestResult executionId="97787309-66d9-45c2-bfea-fcabc0cc62d8" testId="9064672f-1220-7bc0-f2b0-c66c74cccc5e" testName="ToConfiguration_Passing_Valid_DirectoryPath_Valid_JsonFileName_Returns_Ok" computerName="PC-SFERRARI" duration="00:00:00.0471177" startTime="2021-01-16T18:07:00.1872501+00:00" endTime="2021-01-16T18:07:00.2345191+00:00" testType="13cdc9d9-ddb5-4fa4-a97d-d965ccfc6d4b" outcome="Passed" testListId="8c84fa94-04c1-424b-9868-57a2d4851a1d" relativeResultsDirectory="97787309-66d9-45c2-bfea-fcabc0cc62d8" />
    <UnitTestResult executionId="218b88d6-97f5-4f29-8421-24699bbadbce" testId="8dccdb77-e6a8-58c6-9bd0-108f87c5ff65" testName="ToAuthenticationType_Passing_Null_ClaimsPrincipal_Returns_ApplicationException" computerName="PC-SFERRARI" duration="00:00:00.0029334" startTime="2021-01-16T18:07:00.0980728+00:00" endTime="2021-01-16T18:07:00.1011393+00:00" testType="13cdc9d9-ddb5-4fa4-a97d-d965ccfc6d4b" outcome="Passed" testListId="8c84fa94-04c1-424b-9868-57a2d4851a1d" relativeResultsDirectory="218b88d6-97f5-4f29-8421-24699bbadbce" />
    <UnitTestResult executionId="4fdafa48-4f30-41fd-85a8-279d3c68312d" testId="7f0aeefe-ba4a-5404-c6f8-82be67718cc4" testName="ToDirectoryDeleteFiles_Passing_ValidValue_Returns_DirectoryNoExists" computerName="PC-SFERRARI" duration="00:00:00.0223664" startTime="2021-01-16T18:07:00.8558301+00:00" endTime="2021-01-16T18:07:00.8784723+00:00" testType="13cdc9d9-ddb5-4fa4-a97d-d965ccfc6d4b" outcome="Passed" testListId="8c84fa94-04c1-424b-9868-57a2d4851a1d" relativeResultsDirectory="4fdafa48-4f30-41fd-85a8-279d3c68312d" />
    <UnitTestResult executionId="262ef608-9632-46b9-a11c-a5cf324130c4" testId="856fd0c8-b6f8-9265-ccfd-2a9e615488e2" testName="ToUserName_Passing_Valid_UserName_ClaimsPrincipal_Returns_String_UserName_Value" computerName="PC-SFERRARI" duration="00:00:00.0005952" startTime="2021-01-16T18:07:00.1558446+00:00" endTime="2021-01-16T18:07:00.1565308+00:00" testType="13cdc9d9-ddb5-4fa4-a97d-d965ccfc6d4b" outcome="Passed" testListId="8c84fa94-04c1-424b-9868-57a2d4851a1d" relativeResultsDirectory="262ef608-9632-46b9-a11c-a5cf324130c4" />
    <UnitTestResult executionId="034a5cc3-8665-45aa-8d4a-2d8ab3c4b0f2" testId="bc15aa99-72de-0e5a-b6e8-2d654659d591" testName="ToUri_Passing_InvalidValueString_Returns_DefaultValue" computerName="PC-SFERRARI" duration="00:00:00.0019634" startTime="2021-01-16T18:07:01.0916585+00:00" endTime="2021-01-16T18:07:01.0938343+00:00" testType="13cdc9d9-ddb5-4fa4-a97d-d965ccfc6d4b" outcome="Passed" testListId="8c84fa94-04c1-424b-9868-57a2d4851a1d" relativeResultsDirectory="034a5cc3-8665-45aa-8d4a-2d8ab3c4b0f2" resultType="DataDrivenTest">
      <InnerResults>
        <UnitTestResult executionId="269b9fd1-03fa-405f-898f-ddb3c7cb4321" parentExecutionId="034a5cc3-8665-45aa-8d4a-2d8ab3c4b0f2" testId="bc15aa99-72de-0e5a-b6e8-2d654659d591" testName="ToUri_Passing_InvalidValueString_Returns_DefaultValue (http://?)" computerName="PC-SFERRARI" duration="00:00:00.0016092" startTime="2021-01-16T18:07:01.0916585+00:00" endTime="2021-01-16T18:07:01.0938343+00:00" testType="13cdc9d9-ddb5-4fa4-a97d-d965ccfc6d4b" outcome="Passed" testListId="8c84fa94-04c1-424b-9868-57a2d4851a1d" relativeResultsDirectory="269b9fd1-03fa-405f-898f-ddb3c7cb4321" dataRowInfo="1" resultType="DataDrivenDataRow" />
        <UnitTestResult executionId="de6ed06f-2a67-442a-9594-4d63d0289243" parentExecutionId="034a5cc3-8665-45aa-8d4a-2d8ab3c4b0f2" testId="bc15aa99-72de-0e5a-b6e8-2d654659d591" testName="ToUri_Passing_InvalidValueString_Returns_DefaultValue (http://)" computerName="PC-SFERRARI" duration="00:00:00.0000274" startTime="2021-01-16T18:07:01.0916585+00:00" endTime="2021-01-16T18:07:01.0938343+00:00" testType="13cdc9d9-ddb5-4fa4-a97d-d965ccfc6d4b" outcome="Passed" testListId="8c84fa94-04c1-424b-9868-57a2d4851a1d" relativeResultsDirectory="de6ed06f-2a67-442a-9594-4d63d0289243" dataRowInfo="2" resultType="DataDrivenDataRow" />
        <UnitTestResult executionId="3d0efe65-2fdc-4393-acb5-bec741f7f422" parentExecutionId="034a5cc3-8665-45aa-8d4a-2d8ab3c4b0f2" testId="bc15aa99-72de-0e5a-b6e8-2d654659d591" testName="ToUri_Passing_InvalidValueString_Returns_DefaultValue (http://.)" computerName="PC-SFERRARI" duration="00:00:00.0000449" startTime="2021-01-16T18:07:01.0916585+00:00" endTime="2021-01-16T18:07:01.0938343+00:00" testType="13cdc9d9-ddb5-4fa4-a97d-d965ccfc6d4b" outcome="Passed" testListId="8c84fa94-04c1-424b-9868-57a2d4851a1d" relativeResultsDirectory="3d0efe65-2fdc-4393-acb5-bec741f7f422" dataRowInfo="3" resultType="DataDrivenDataRow" />
        <UnitTestResult executionId="6b3c8a08-fa0a-4b5e-b894-883fca7efa61" parentExecutionId="034a5cc3-8665-45aa-8d4a-2d8ab3c4b0f2" testId="bc15aa99-72de-0e5a-b6e8-2d654659d591" testName="ToUri_Passing_InvalidValueString_Returns_DefaultValue (http://..)" computerName="PC-SFERRARI" duration="00:00:00.0000081" startTime="2021-01-16T18:07:01.0916585+00:00" endTime="2021-01-16T18:07:01.0938343+00:00" testType="13cdc9d9-ddb5-4fa4-a97d-d965ccfc6d4b" outcome="Passed" testListId="8c84fa94-04c1-424b-9868-57a2d4851a1d" relativeResultsDirectory="6b3c8a08-fa0a-4b5e-b894-883fca7efa61" dataRowInfo="4" resultType="DataDrivenDataRow" />
        <UnitTestResult executionId="cbc140b7-40ac-4c7b-bd96-e1a7c033631b" parentExecutionId="034a5cc3-8665-45aa-8d4a-2d8ab3c4b0f2" testId="bc15aa99-72de-0e5a-b6e8-2d654659d591" testName="ToUri_Passing_InvalidValueString_Returns_DefaultValue (http://../)" computerName="PC-SFERRARI" duration="00:00:00.0000055" startTime="2021-01-16T18:07:01.0916585+00:00" endTime="2021-01-16T18:07:01.0938343+00:00" testType="13cdc9d9-ddb5-4fa4-a97d-d965ccfc6d4b" outcome="Passed" testListId="8c84fa94-04c1-424b-9868-57a2d4851a1d" relativeResultsDirectory="cbc140b7-40ac-4c7b-bd96-e1a7c033631b" dataRowInfo="5" resultType="DataDrivenDataRow" />
        <UnitTestResult executionId="ac49d13f-821a-4260-9952-3d83dceebf96" parentExecutionId="034a5cc3-8665-45aa-8d4a-2d8ab3c4b0f2" testId="bc15aa99-72de-0e5a-b6e8-2d654659d591" testName="ToUri_Passing_InvalidValueString_Returns_DefaultValue (http://?)" computerName="PC-SFERRARI" duration="00:00:00.0000050" startTime="2021-01-16T18:07:01.0916585+00:00" endTime="2021-01-16T18:07:01.0938343+00:00" testType="13cdc9d9-ddb5-4fa4-a97d-d965ccfc6d4b" outcome="Passed" testListId="8c84fa94-04c1-424b-9868-57a2d4851a1d" relativeResultsDirectory="ac49d13f-821a-4260-9952-3d83dceebf96" dataRowInfo="6" resultType="DataDrivenDataRow" />
        <UnitTestResult executionId="803e344f-085c-430c-b29c-0ff6ef8a5f6f" parentExecutionId="034a5cc3-8665-45aa-8d4a-2d8ab3c4b0f2" testId="bc15aa99-72de-0e5a-b6e8-2d654659d591" testName="ToUri_Passing_InvalidValueString_Returns_DefaultValue (http://??)" computerName="PC-SFERRARI" duration="00:00:00.0000051" startTime="2021-01-16T18:07:01.0916585+00:00" endTime="2021-01-16T18:07:01.0938343+00:00" testType="13cdc9d9-ddb5-4fa4-a97d-d965ccfc6d4b" outcome="Passed" testListId="8c84fa94-04c1-424b-9868-57a2d4851a1d" relativeResultsDirectory="803e344f-085c-430c-b29c-0ff6ef8a5f6f" dataRowInfo="7" resultType="DataDrivenDataRow" />
        <UnitTestResult executionId="dbc64ba8-49b2-4679-9935-d30e7eb75b30" parentExecutionId="034a5cc3-8665-45aa-8d4a-2d8ab3c4b0f2" testId="bc15aa99-72de-0e5a-b6e8-2d654659d591" testName="ToUri_Passing_InvalidValueString_Returns_DefaultValue (http://??/)" computerName="PC-SFERRARI" duration="00:00:00.0000050" startTime="2021-01-16T18:07:01.0916585+00:00" endTime="2021-01-16T18:07:01.0938343+00:00" testType="13cdc9d9-ddb5-4fa4-a97d-d965ccfc6d4b" outcome="Passed" testListId="8c84fa94-04c1-424b-9868-57a2d4851a1d" relativeResultsDirectory="dbc64ba8-49b2-4679-9935-d30e7eb75b30" dataRowInfo="8" resultType="DataDrivenDataRow" />
        <UnitTestResult executionId="a0f5a7d3-d7a1-455a-8ad1-c404226457f1" parentExecutionId="034a5cc3-8665-45aa-8d4a-2d8ab3c4b0f2" testId="bc15aa99-72de-0e5a-b6e8-2d654659d591" testName="ToUri_Passing_InvalidValueString_Returns_DefaultValue (http://#)" computerName="PC-SFERRARI" duration="00:00:00.0000050" startTime="2021-01-16T18:07:01.0916585+00:00" endTime="2021-01-16T18:07:01.0938343+00:00" testType="13cdc9d9-ddb5-4fa4-a97d-d965ccfc6d4b" outcome="Passed" testListId="8c84fa94-04c1-424b-9868-57a2d4851a1d" relativeResultsDirectory="a0f5a7d3-d7a1-455a-8ad1-c404226457f1" dataRowInfo="9" resultType="DataDrivenDataRow" />
        <UnitTestResult executionId="f428f3d6-70b1-4c7e-9ca4-d0d8330b31a0" parentExecutionId="034a5cc3-8665-45aa-8d4a-2d8ab3c4b0f2" testId="bc15aa99-72de-0e5a-b6e8-2d654659d591" testName="ToUri_Passing_InvalidValueString_Returns_DefaultValue (http://##)" computerName="PC-SFERRARI" duration="00:00:00.0000050" startTime="2021-01-16T18:07:01.0916585+00:00" endTime="2021-01-16T18:07:01.0938343+00:00" testType="13cdc9d9-ddb5-4fa4-a97d-d965ccfc6d4b" outcome="Passed" testListId="8c84fa94-04c1-424b-9868-57a2d4851a1d" relativeResultsDirectory="f428f3d6-70b1-4c7e-9ca4-d0d8330b31a0" dataRowInfo="10" resultType="DataDrivenDataRow" />
        <UnitTestResult executionId="1a298c51-11a5-495d-b5ad-27df8990504c" parentExecutionId="034a5cc3-8665-45aa-8d4a-2d8ab3c4b0f2" testId="bc15aa99-72de-0e5a-b6e8-2d654659d591" testName="ToUri_Passing_InvalidValueString_Returns_DefaultValue (http://##/)" computerName="PC-SFERRARI" duration="00:00:00.0000051" startTime="2021-01-16T18:07:01.0916585+00:00" endTime="2021-01-16T18:07:01.0938343+00:00" testType="13cdc9d9-ddb5-4fa4-a97d-d965ccfc6d4b" outcome="Passed" testListId="8c84fa94-04c1-424b-9868-57a2d4851a1d" relativeResultsDirectory="1a298c51-11a5-495d-b5ad-27df8990504c" dataRowInfo="11" resultType="DataDrivenDataRow" />
      </InnerResults>
    </UnitTestResult>
    <UnitTestResult executionId="599525a5-18b9-4617-9a5f-daac4356e1b9" testId="ee30e1f9-ce80-c70a-1b56-b7e02750ae26" testName="IsDirectory_Passing_InvalidArguments_Returns_HasErrorsAndCount" computerName="PC-SFERRARI" duration="00:00:00.0005179" startTime="2021-01-16T18:06:59.9825833+00:00" endTime="2021-01-16T18:06:59.9832440+00:00" testType="13cdc9d9-ddb5-4fa4-a97d-d965ccfc6d4b" outcome="Passed" testListId="8c84fa94-04c1-424b-9868-57a2d4851a1d" relativeResultsDirectory="599525a5-18b9-4617-9a5f-daac4356e1b9" />
    <UnitTestResult executionId="990923e0-299e-4edd-8d0a-081313b022ff" testId="06b145c3-38af-bef9-3a11-59191b7a7e3e" testName="ResultBadRequest_WithErrors_Dictionary" computerName="PC-SFERRARI" duration="00:00:00.0049875" startTime="2021-01-16T18:07:00.7673955+00:00" endTime="2021-01-16T18:07:00.7728402+00:00" testType="13cdc9d9-ddb5-4fa4-a97d-d965ccfc6d4b" outcome="Passed" testListId="8c84fa94-04c1-424b-9868-57a2d4851a1d" relativeResultsDirectory="990923e0-299e-4edd-8d0a-081313b022ff" />
    <UnitTestResult executionId="5cd5b9cb-a6c2-4f45-b4e7-0ef0f3d0cbf4" testId="678a7b5d-e2f9-09be-f35f-0e3e4d5ad033" testName="ToDeserialize_Passing_String_Returns_Object" computerName="PC-SFERRARI" duration="00:00:00.0028058" startTime="2021-01-16T18:07:00.7369906+00:00" endTime="2021-01-16T18:07:00.7402161+00:00" testType="13cdc9d9-ddb5-4fa4-a97d-d965ccfc6d4b" outcome="Passed" testListId="8c84fa94-04c1-424b-9868-57a2d4851a1d" relativeResultsDirectory="5cd5b9cb-a6c2-4f45-b4e7-0ef0f3d0cbf4" />
    <UnitTestResult executionId="9d7204e2-d7c9-424f-8735-ca416b65116a" testId="f752d50b-77fa-327a-4493-168161bd27b2" testName="ToDefaultValue_Passing_double_Returns_Cero" computerName="PC-SFERRARI" duration="00:00:00.0007034" startTime="2021-01-16T18:07:00.4322742+00:00" endTime="2021-01-16T18:07:00.4330852+00:00" testType="13cdc9d9-ddb5-4fa4-a97d-d965ccfc6d4b" outcome="Passed" testListId="8c84fa94-04c1-424b-9868-57a2d4851a1d" relativeResultsDirectory="9d7204e2-d7c9-424f-8735-ca416b65116a" resultType="DataDrivenTest">
      <InnerResults>
        <UnitTestResult executionId="81b59671-ee6e-4493-837a-5288fd8592f1" parentExecutionId="9d7204e2-d7c9-424f-8735-ca416b65116a" testId="f752d50b-77fa-327a-4493-168161bd27b2" testName="ToDefaultValue_Passing_double_Returns_Cero (1,7976931348623157E+308)" computerName="PC-SFERRARI" duration="00:00:00.0004477" startTime="2021-01-16T18:07:00.4322742+00:00" endTime="2021-01-16T18:07:00.4330852+00:00" testType="13cdc9d9-ddb5-4fa4-a97d-d965ccfc6d4b" outcome="Passed" testListId="8c84fa94-04c1-424b-9868-57a2d4851a1d" relativeResultsDirectory="81b59671-ee6e-4493-837a-5288fd8592f1" dataRowInfo="1" resultType="DataDrivenDataRow" />
      </InnerResults>
    </UnitTestResult>
    <UnitTestResult executionId="1c1ce144-d2c1-4daa-8a75-3def5f7efc17" testId="db5f34ff-df7c-44e5-6721-c319db8d6da0" testName="ToTryGetHeader_Passing_HttpRequest_Header_Many_Values_Returns_Values" computerName="PC-SFERRARI" duration="00:00:00.0011900" startTime="2021-01-16T18:07:00.5820453+00:00" endTime="2021-01-16T18:07:00.5834250+00:00" testType="13cdc9d9-ddb5-4fa4-a97d-d965ccfc6d4b" outcome="Passed" testListId="8c84fa94-04c1-424b-9868-57a2d4851a1d" relativeResultsDirectory="1c1ce144-d2c1-4daa-8a75-3def5f7efc17" />
    <UnitTestResult executionId="681b4023-38ce-4acd-940b-7f6aafb22cc0" testId="ffa669f9-8e25-a33b-f8f7-c3ba4a576a2b" testName="ToDefaultValue_Passing_ValidStruct_Returns_DefaultValue" computerName="PC-SFERRARI" duration="00:00:00.0004220" startTime="2021-01-16T18:07:01.3297491+00:00" endTime="2021-01-16T18:07:01.3303265+00:00" testType="13cdc9d9-ddb5-4fa4-a97d-d965ccfc6d4b" outcome="Passed" testListId="8c84fa94-04c1-424b-9868-57a2d4851a1d" relativeResultsDirectory="681b4023-38ce-4acd-940b-7f6aafb22cc0" />
    <UnitTestResult executionId="d1776141-fc3e-4741-91ff-88ce08b44c74" testId="e2880a6e-7a01-b4ba-86fb-4d33be072972" testName="ToExists_Passing_Valid_Service_Returns_True" computerName="PC-SFERRARI" duration="00:00:00.0003648" startTime="2021-01-16T18:07:00.2381873+00:00" endTime="2021-01-16T18:07:00.2386305+00:00" testType="13cdc9d9-ddb5-4fa4-a97d-d965ccfc6d4b" outcome="Passed" testListId="8c84fa94-04c1-424b-9868-57a2d4851a1d" relativeResultsDirectory="d1776141-fc3e-4741-91ff-88ce08b44c74" />
    <UnitTestResult executionId="3dd80b4a-52ec-42d3-9974-8e7e0f07bc66" testId="c14c626b-0f15-ac55-344d-8aa2c3f91cdf" testName="ToZipCreate_Passing_ValidFiles_Returns_ZipFiles" computerName="PC-SFERRARI" duration="00:00:00.0155127" startTime="2021-01-16T18:07:01.1570823+00:00" endTime="2021-01-16T18:07:01.1727928+00:00" testType="13cdc9d9-ddb5-4fa4-a97d-d965ccfc6d4b" outcome="Passed" testListId="8c84fa94-04c1-424b-9868-57a2d4851a1d" relativeResultsDirectory="3dd80b4a-52ec-42d3-9974-8e7e0f07bc66" />
    <UnitTestResult executionId="2bdbee55-b4b5-4666-ad99-64a919744223" testId="430dec51-b9df-7e06-fff9-78e6d362c2d8" testName="CreateRandom_WithCustomAllowableCharacters_Passing_Valid_Arguments_Returns_String_Random_Value" computerName="PC-SFERRARI" duration="00:00:00.0007127" startTime="2021-01-16T18:07:00.4712765+00:00" endTime="2021-01-16T18:07:00.4723305+00:00" testType="13cdc9d9-ddb5-4fa4-a97d-d965ccfc6d4b" outcome="Passed" testListId="8c84fa94-04c1-424b-9868-57a2d4851a1d" relativeResultsDirectory="2bdbee55-b4b5-4666-ad99-64a919744223" resultType="DataDrivenTest">
      <InnerResults>
        <UnitTestResult executionId="0145e0d9-72d9-41f9-a3b5-8dbe923dabfe" parentExecutionId="2bdbee55-b4b5-4666-ad99-64a919744223" testId="430dec51-b9df-7e06-fff9-78e6d362c2d8" testName="CreateRandom_WithCustomAllowableCharacters_Passing_Valid_Arguments_Returns_String_Random_Value (8,ae)" computerName="PC-SFERRARI" duration="00:00:00.0005473" startTime="2021-01-16T18:07:00.4712765+00:00" endTime="2021-01-16T18:07:00.4723305+00:00" testType="13cdc9d9-ddb5-4fa4-a97d-d965ccfc6d4b" outcome="Passed" testListId="8c84fa94-04c1-424b-9868-57a2d4851a1d" relativeResultsDirectory="0145e0d9-72d9-41f9-a3b5-8dbe923dabfe" dataRowInfo="1" resultType="DataDrivenDataRow" />
        <UnitTestResult executionId="491ae1c7-1bf8-43b2-b38f-53c3cc42cf31" parentExecutionId="2bdbee55-b4b5-4666-ad99-64a919744223" testId="430dec51-b9df-7e06-fff9-78e6d362c2d8" testName="CreateRandom_WithCustomAllowableCharacters_Passing_Valid_Arguments_Returns_String_Random_Value (5,aeiou123456)" computerName="PC-SFERRARI" duration="00:00:00.0000154" startTime="2021-01-16T18:07:00.4712765+00:00" endTime="2021-01-16T18:07:00.4723305+00:00" testType="13cdc9d9-ddb5-4fa4-a97d-d965ccfc6d4b" outcome="Passed" testListId="8c84fa94-04c1-424b-9868-57a2d4851a1d" relativeResultsDirectory="491ae1c7-1bf8-43b2-b38f-53c3cc42cf31" dataRowInfo="2" resultType="DataDrivenDataRow" />
        <UnitTestResult executionId="dcce878c-78e8-4399-bede-11c1eae70e58" parentExecutionId="2bdbee55-b4b5-4666-ad99-64a919744223" testId="430dec51-b9df-7e06-fff9-78e6d362c2d8" testName="CreateRandom_WithCustomAllowableCharacters_Passing_Valid_Arguments_Returns_String_Random_Value (10,7890ABFLFLFFL)" computerName="PC-SFERRARI" duration="00:00:00.0000075" startTime="2021-01-16T18:07:00.4712765+00:00" endTime="2021-01-16T18:07:00.4723305+00:00" testType="13cdc9d9-ddb5-4fa4-a97d-d965ccfc6d4b" outcome="Passed" testListId="8c84fa94-04c1-424b-9868-57a2d4851a1d" relativeResultsDirectory="dcce878c-78e8-4399-bede-11c1eae70e58" dataRowInfo="3" resultType="DataDrivenDataRow" />
        <UnitTestResult executionId="c91fba51-2cd8-4702-b64f-f0f4597a59dd" parentExecutionId="2bdbee55-b4b5-4666-ad99-64a919744223" testId="430dec51-b9df-7e06-fff9-78e6d362c2d8" testName="CreateRandom_WithCustomAllowableCharacters_Passing_Valid_Arguments_Returns_String_Random_Value (20,qazwscefbthmiklp09876543)" computerName="PC-SFERRARI" duration="00:00:00.0000070" startTime="2021-01-16T18:07:00.4712765+00:00" endTime="2021-01-16T18:07:00.4723305+00:00" testType="13cdc9d9-ddb5-4fa4-a97d-d965ccfc6d4b" outcome="Passed" testListId="8c84fa94-04c1-424b-9868-57a2d4851a1d" relativeResultsDirectory="c91fba51-2cd8-4702-b64f-f0f4597a59dd" dataRowInfo="4" resultType="DataDrivenDataRow" />
      </InnerResults>
    </UnitTestResult>
    <UnitTestResult executionId="3da27500-445f-426f-8165-2387aebcc562" testId="579b7361-19a9-f329-acb3-de102dcfc793" testName="ToDefaultValue_Passing_ValidString_Returns_DefaultValue" computerName="PC-SFERRARI" duration="00:00:00.0002997" startTime="2021-01-16T18:07:01.3283876+00:00" endTime="2021-01-16T18:07:01.3297006+00:00" testType="13cdc9d9-ddb5-4fa4-a97d-d965ccfc6d4b" outcome="Passed" testListId="8c84fa94-04c1-424b-9868-57a2d4851a1d" relativeResultsDirectory="3da27500-445f-426f-8165-2387aebcc562" />
    <UnitTestResult executionId="c03958fe-99b4-4f0a-9045-d9bb28cafc68" testId="a4956cd8-34a7-6fca-5b71-6eb98cedd9b0" testName="ToEndOfTheMonth_Passing_DateTime_Returns_End_Of_Month_DateTime" computerName="PC-SFERRARI" duration="00:00:00.0016524" startTime="2021-01-16T18:07:00.3313347+00:00" endTime="2021-01-16T18:07:00.3331646+00:00" testType="13cdc9d9-ddb5-4fa4-a97d-d965ccfc6d4b" outcome="Passed" testListId="8c84fa94-04c1-424b-9868-57a2d4851a1d" relativeResultsDirectory="c03958fe-99b4-4f0a-9045-d9bb28cafc68" />
    <UnitTestResult executionId="1155c1a4-7db9-41ab-8a29-dc06357dcc01" testId="0c633595-70e8-b011-5a46-c9c7e1687cb9" testName="ToGet_Passing_Claims_Returns_Claim_Value_String" computerName="PC-SFERRARI" duration="00:00:00.0006568" startTime="2021-01-16T18:07:00.1471607+00:00" endTime="2021-01-16T18:07:00.1479354+00:00" testType="13cdc9d9-ddb5-4fa4-a97d-d965ccfc6d4b" outcome="Passed" testListId="8c84fa94-04c1-424b-9868-57a2d4851a1d" relativeResultsDirectory="1155c1a4-7db9-41ab-8a29-dc06357dcc01" />
    <UnitTestResult executionId="2ca30e24-e6c0-4b89-80e0-4297b38bea41" testId="9eeef095-29ed-4872-a36c-ca4832350421" testName="IsName_Passing_InvalidArguments_Returns_HasErrorsAndCount" computerName="PC-SFERRARI" duration="00:00:00.0002431" startTime="2021-01-16T18:07:00.0122684+00:00" endTime="2021-01-16T18:07:00.0126206+00:00" testType="13cdc9d9-ddb5-4fa4-a97d-d965ccfc6d4b" outcome="Passed" testListId="8c84fa94-04c1-424b-9868-57a2d4851a1d" relativeResultsDirectory="2ca30e24-e6c0-4b89-80e0-4297b38bea41" />
    <UnitTestResult executionId="02193c82-59d7-41ce-936c-41e7bf1aaa59" testId="aaa46586-7b83-9a88-e835-ae92592f98a3" testName="ToList_Passing_ValidEnumTypeWithResourceType_Returns_ValuesList" computerName="PC-SFERRARI" duration="00:00:00.0091068" startTime="2021-01-16T18:07:00.3957211+00:00" endTime="2021-01-16T18:07:00.4053253+00:00" testType="13cdc9d9-ddb5-4fa4-a97d-d965ccfc6d4b" outcome="Passed" testListId="8c84fa94-04c1-424b-9868-57a2d4851a1d" relativeResultsDirectory="02193c82-59d7-41ce-936c-41e7bf1aaa59" />
    <UnitTestResult executionId="e842bf8b-4930-42fc-bfdb-09d2d3e723a2" testId="43949294-e4b7-cf4d-0d69-84ccc9e58406" testName="ToIsFileExtensionThrow_Passing_InvalidValue_Returns_ApplicationExceptionWithMessage" computerName="PC-SFERRARI" duration="00:00:00.0014292" startTime="2021-01-16T18:06:59.9536466+00:00" endTime="2021-01-16T18:06:59.9553428+00:00" testType="13cdc9d9-ddb5-4fa4-a97d-d965ccfc6d4b" outcome="Passed" testListId="8c84fa94-04c1-424b-9868-57a2d4851a1d" relativeResultsDirectory="e842bf8b-4930-42fc-bfdb-09d2d3e723a2" />
    <UnitTestResult executionId="8461bcd3-771e-48e5-9743-3dc62385fb9b" testId="29112d2a-2e73-305d-ec50-12fc95c28627" testName="ToReplaceSpecialChars_Passing_ValidValue_Returns_ReplacedValueWithoutIgnoreSpecialChars" computerName="PC-SFERRARI" duration="00:00:00.0010425" startTime="2021-01-16T18:07:01.0716467+00:00" endTime="2021-01-16T18:07:01.0729319+00:00" testType="13cdc9d9-ddb5-4fa4-a97d-d965ccfc6d4b" outcome="Passed" testListId="8c84fa94-04c1-424b-9868-57a2d4851a1d" relativeResultsDirectory="8461bcd3-771e-48e5-9743-3dc62385fb9b" resultType="DataDrivenTest">
      <InnerResults>
        <UnitTestResult executionId="8371860a-2f28-46c7-bddb-865273d61f5a" parentExecutionId="8461bcd3-771e-48e5-9743-3dc62385fb9b" testId="29112d2a-2e73-305d-ec50-12fc95c28627" testName="ToReplaceSpecialChars_Passing_ValidValue_Returns_ReplacedValueWithoutIgnoreSpecialChars (àáäâãøçħ,aaaaaoch)" computerName="PC-SFERRARI" duration="00:00:00.0003713" startTime="2021-01-16T18:07:01.0716467+00:00" endTime="2021-01-16T18:07:01.0729319+00:00" testType="13cdc9d9-ddb5-4fa4-a97d-d965ccfc6d4b" outcome="Passed" testListId="8c84fa94-04c1-424b-9868-57a2d4851a1d" relativeResultsDirectory="8371860a-2f28-46c7-bddb-865273d61f5a" dataRowInfo="1" resultType="DataDrivenDataRow" />
        <UnitTestResult executionId="4321c25b-418d-403b-91cd-2a7f11518e99" parentExecutionId="8461bcd3-771e-48e5-9743-3dc62385fb9b" testId="29112d2a-2e73-305d-ec50-12fc95c28627" testName="ToReplaceSpecialChars_Passing_ValidValue_Returns_ReplacedValueWithoutIgnoreSpecialChars ( àáäâ ãøçħ , aaaa aoch )" computerName="PC-SFERRARI" duration="00:00:00.0000466" startTime="2021-01-16T18:07:01.0716467+00:00" endTime="2021-01-16T18:07:01.0729319+00:00" testType="13cdc9d9-ddb5-4fa4-a97d-d965ccfc6d4b" outcome="Passed" testListId="8c84fa94-04c1-424b-9868-57a2d4851a1d" relativeResultsDirectory="4321c25b-418d-403b-91cd-2a7f11518e99" dataRowInfo="2" resultType="DataDrivenDataRow" />
        <UnitTestResult executionId="444df635-d771-4ff3-a8ac-09281fe0a1c1" parentExecutionId="8461bcd3-771e-48e5-9743-3dc62385fb9b" testId="29112d2a-2e73-305d-ec50-12fc95c28627" testName="ToReplaceSpecialChars_Passing_ValidValue_Returns_ReplacedValueWithoutIgnoreSpecialChars (*¨^_:-?¿;,)" computerName="PC-SFERRARI" duration="00:00:00.0000502" startTime="2021-01-16T18:07:01.0716467+00:00" endTime="2021-01-16T18:07:01.0729319+00:00" testType="13cdc9d9-ddb5-4fa4-a97d-d965ccfc6d4b" outcome="Passed" testListId="8c84fa94-04c1-424b-9868-57a2d4851a1d" relativeResultsDirectory="444df635-d771-4ff3-a8ac-09281fe0a1c1" dataRowInfo="3" resultType="DataDrivenDataRow" />
        <UnitTestResult executionId="681c7d66-262b-4fc1-954c-b54ba4f6beff" parentExecutionId="8461bcd3-771e-48e5-9743-3dc62385fb9b" testId="29112d2a-2e73-305d-ec50-12fc95c28627" testName="ToReplaceSpecialChars_Passing_ValidValue_Returns_ReplacedValueWithoutIgnoreSpecialChars ( * ¨ ^ _ : - ? ¿ ; ,          )" computerName="PC-SFERRARI" duration="00:00:00.0000486" startTime="2021-01-16T18:07:01.0716467+00:00" endTime="2021-01-16T18:07:01.0729319+00:00" testType="13cdc9d9-ddb5-4fa4-a97d-d965ccfc6d4b" outcome="Passed" testListId="8c84fa94-04c1-424b-9868-57a2d4851a1d" relativeResultsDirectory="681c7d66-262b-4fc1-954c-b54ba4f6beff" dataRowInfo="4" resultType="DataDrivenDataRow" />
        <UnitTestResult executionId="a0e07cd1-a823-4fa4-9cd6-b7772d203dcc" parentExecutionId="8461bcd3-771e-48e5-9743-3dc62385fb9b" testId="29112d2a-2e73-305d-ec50-12fc95c28627" testName="ToReplaceSpecialChars_Passing_ValidValue_Returns_ReplacedValueWithoutIgnoreSpecialChars (*¨^_:-?¿;,?¿,?¿)" computerName="PC-SFERRARI" duration="00:00:00.0000459" startTime="2021-01-16T18:07:01.0716467+00:00" endTime="2021-01-16T18:07:01.0729319+00:00" testType="13cdc9d9-ddb5-4fa4-a97d-d965ccfc6d4b" outcome="Passed" testListId="8c84fa94-04c1-424b-9868-57a2d4851a1d" relativeResultsDirectory="a0e07cd1-a823-4fa4-9cd6-b7772d203dcc" dataRowInfo="5" resultType="DataDrivenDataRow" />
      </InnerResults>
    </UnitTestResult>
    <UnitTestResult executionId="c9b883ba-bc3b-44bf-9496-f159162704b5" testId="e37f41d3-77a8-1acd-c258-fbb5b724b134" testName="ToDefaultValue_Passing_ValidInt_Returns_DefaultValue" computerName="PC-SFERRARI" duration="00:00:00.0002744" startTime="2021-01-16T18:07:01.3278573+00:00" endTime="2021-01-16T18:07:01.3283443+00:00" testType="13cdc9d9-ddb5-4fa4-a97d-d965ccfc6d4b" outcome="Passed" testListId="8c84fa94-04c1-424b-9868-57a2d4851a1d" relativeResultsDirectory="c9b883ba-bc3b-44bf-9496-f159162704b5" />
    <UnitTestResult executionId="5edb523a-bfe6-4adb-af1b-3fd1b9f300a1" testId="6fc389b2-a5f3-ded0-63b6-7e1b4cca8442" testName="ToPaged_Passing_Name_Ascending_Order_Returns_Filter_List" computerName="PC-SFERRARI" duration="00:00:00.0018904" startTime="2021-01-16T18:07:00.7501015+00:00" endTime="2021-01-16T18:07:00.7521486+00:00" testType="13cdc9d9-ddb5-4fa4-a97d-d965ccfc6d4b" outcome="Passed" testListId="8c84fa94-04c1-424b-9868-57a2d4851a1d" relativeResultsDirectory="5edb523a-bfe6-4adb-af1b-3fd1b9f300a1" />
    <UnitTestResult executionId="625a1d10-4c39-480a-b435-8488acf8874e" testId="8f970201-c66a-ecfa-fa45-503451c8c439" testName="ResultDataBadRequest_WithErrors_Value" computerName="PC-SFERRARI" duration="00:00:00.0007770" startTime="2021-01-16T18:07:00.7835427+00:00" endTime="2021-01-16T18:07:00.7844803+00:00" testType="13cdc9d9-ddb5-4fa4-a97d-d965ccfc6d4b" outcome="Passed" testListId="8c84fa94-04c1-424b-9868-57a2d4851a1d" relativeResultsDirectory="625a1d10-4c39-480a-b435-8488acf8874e" />
    <UnitTestResult executionId="af01fafe-471e-49ef-8d62-f734c0a66979" testId="21ae5425-e2d1-002f-334f-105a6a674a01" testName="ToEnvironment_ServiceCollection_Passing_Custom_Enviroment_Returns_Custom_Name" computerName="PC-SFERRARI" duration="00:00:00.0006644" startTime="2021-01-16T18:07:00.2345861+00:00" endTime="2021-01-16T18:07:00.2353684+00:00" testType="13cdc9d9-ddb5-4fa4-a97d-d965ccfc6d4b" outcome="Passed" testListId="8c84fa94-04c1-424b-9868-57a2d4851a1d" relativeResultsDirectory="af01fafe-471e-49ef-8d62-f734c0a66979" />
    <UnitTestResult executionId="6b6a6c19-7b2e-4451-bd91-0ba6163c3796" testId="772d3145-280a-fb9f-03c2-247d0f593a66" testName="IsCustom_Passing_InvalidArguments_Returns_HasErrorsAndCount" computerName="PC-SFERRARI" duration="00:00:00.0070713" startTime="2021-01-16T18:06:59.9727444+00:00" endTime="2021-01-16T18:06:59.9802070+00:00" testType="13cdc9d9-ddb5-4fa4-a97d-d965ccfc6d4b" outcome="Passed" testListId="8c84fa94-04c1-424b-9868-57a2d4851a1d" relativeResultsDirectory="6b6a6c19-7b2e-4451-bd91-0ba6163c3796" />
    <UnitTestResult executionId="89332640-2484-46b1-ae37-9315f791d069" testId="9af963da-8209-d683-34a5-be793bc59993" testName="ToList_Passing_ValidEnumTypeWithSelectedValueWithResourceType_Returns_ValuesList" computerName="PC-SFERRARI" duration="00:00:00.0012619" startTime="2021-01-16T18:07:00.4053745+00:00" endTime="2021-01-16T18:07:00.4068035+00:00" testType="13cdc9d9-ddb5-4fa4-a97d-d965ccfc6d4b" outcome="Passed" testListId="8c84fa94-04c1-424b-9868-57a2d4851a1d" relativeResultsDirectory="89332640-2484-46b1-ae37-9315f791d069" />
    <UnitTestResult executionId="d6d497c2-f8aa-42fa-b98f-a49049988a65" testId="0b00f09d-f7e4-fb1e-68ad-8102cf6143e0" testName="ToPaged_Passing_Name_Descending_Order_Returns_Filter_List" computerName="PC-SFERRARI" duration="00:00:00.0007460" startTime="2021-01-16T18:07:00.7521948+00:00" endTime="2021-01-16T18:07:00.7531134+00:00" testType="13cdc9d9-ddb5-4fa4-a97d-d965ccfc6d4b" outcome="Passed" testListId="8c84fa94-04c1-424b-9868-57a2d4851a1d" relativeResultsDirectory="d6d497c2-f8aa-42fa-b98f-a49049988a65" />
    <UnitTestResult executionId="0edabf24-a5b6-4c77-a2c9-875c8f88d3f3" testId="87c5dbd3-fd2a-1e49-42e5-8dc78affc8d6" testName="ToSerialize_Passing_Objects_Returns_String_Values" computerName="PC-SFERRARI" duration="00:00:00.0013061" startTime="2021-01-16T18:07:00.7402555+00:00" endTime="2021-01-16T18:07:00.7416783+00:00" testType="13cdc9d9-ddb5-4fa4-a97d-d965ccfc6d4b" outcome="Passed" testListId="8c84fa94-04c1-424b-9868-57a2d4851a1d" relativeResultsDirectory="0edabf24-a5b6-4c77-a2c9-875c8f88d3f3" />
    <UnitTestResult executionId="d3d43f01-b148-4f06-b235-a19478cffdc4" testId="4a3afd90-c6ab-e82e-40d8-b40450680318" testName="IsHostname_Passing_InvalidArguments_Returns_HasErrorsAndCount" computerName="PC-SFERRARI" duration="00:00:00.0009293" startTime="2021-01-16T18:07:00.0045898+00:00" endTime="2021-01-16T18:07:00.0056902+00:00" testType="13cdc9d9-ddb5-4fa4-a97d-d965ccfc6d4b" outcome="Passed" testListId="8c84fa94-04c1-424b-9868-57a2d4851a1d" relativeResultsDirectory="d3d43f01-b148-4f06-b235-a19478cffdc4" />
    <UnitTestResult executionId="d7b790e0-4408-4fbe-bdfb-62f0857e30d8" testId="334e3485-05b4-4549-cacd-aef8fff10757" testName="ToDefaultValue_Passing_decimal_Returns_Cero" computerName="PC-SFERRARI" duration="00:00:00.0003811" startTime="2021-01-16T18:07:00.4317256+00:00" endTime="2021-01-16T18:07:00.4322346+00:00" testType="13cdc9d9-ddb5-4fa4-a97d-d965ccfc6d4b" outcome="Passed" testListId="8c84fa94-04c1-424b-9868-57a2d4851a1d" relativeResultsDirectory="d7b790e0-4408-4fbe-bdfb-62f0857e30d8" />
    <UnitTestResult executionId="e64830e1-d05a-4be8-adfa-a33e2a27c8aa" testId="fe683836-27ec-729e-5fe1-a9c2674a6d87" testName="IsRegexMatch_Passing_InvalidArguments_Returns_HasErrorsAndCount" computerName="PC-SFERRARI" duration="00:00:00.0003489" startTime="2021-01-16T18:07:00.0266703+00:00" endTime="2021-01-16T18:07:00.0272413+00:00" testType="13cdc9d9-ddb5-4fa4-a97d-d965ccfc6d4b" outcome="Passed" testListId="8c84fa94-04c1-424b-9868-57a2d4851a1d" relativeResultsDirectory="e64830e1-d05a-4be8-adfa-a33e2a27c8aa" />
    <UnitTestResult executionId="d039d67c-c84e-4b4d-b833-fa97d83f6a7f" testId="c63cd623-e636-5730-a1fa-b18ae782acc7" testName="ToInt_Passing_Enumeration_Name_Returns_Description_Atributte" computerName="PC-SFERRARI" duration="00:00:00.0006773" startTime="2021-01-16T18:07:00.3863744+00:00" endTime="2021-01-16T18:07:00.3872377+00:00" testType="13cdc9d9-ddb5-4fa4-a97d-d965ccfc6d4b" outcome="Passed" testListId="8c84fa94-04c1-424b-9868-57a2d4851a1d" relativeResultsDirectory="d039d67c-c84e-4b4d-b833-fa97d83f6a7f" />
    <UnitTestResult executionId="04da8327-afc8-4e91-991e-580542e20fec" testId="580ff04a-e5c0-9f2f-90c3-4f2aeafd15c5" testName="ToIsNullOrEmptyThrow_Passing_InvalidValue_Returns_ApplicationExceptionWithMessage" computerName="PC-SFERRARI" duration="00:00:00.0004325" startTime="2021-01-16T18:06:59.9634973+00:00" endTime="2021-01-16T18:06:59.9640145+00:00" testType="13cdc9d9-ddb5-4fa4-a97d-d965ccfc6d4b" outcome="Passed" testListId="8c84fa94-04c1-424b-9868-57a2d4851a1d" relativeResultsDirectory="04da8327-afc8-4e91-991e-580542e20fec" />
    <UnitTestResult executionId="78c98ba6-200a-4baa-ad2c-be3abf4979ae" testId="225c09bd-86d5-d9ce-d2b8-18431ca384e3" testName="ToDefaultValue_Passing_ValidGuid_Returns_DefaultValue" computerName="PC-SFERRARI" duration="00:00:00.0004500" startTime="2021-01-16T18:07:01.3208274+00:00" endTime="2021-01-16T18:07:01.3214591+00:00" testType="13cdc9d9-ddb5-4fa4-a97d-d965ccfc6d4b" outcome="Passed" testListId="8c84fa94-04c1-424b-9868-57a2d4851a1d" relativeResultsDirectory="78c98ba6-200a-4baa-ad2c-be3abf4979ae" />
    <UnitTestResult executionId="978446d5-1dd9-49e4-90b6-5fd4c757d488" testId="9e36eef1-cde7-a509-c95d-2249b6b02dbb" testName="ToIsDirectoryThrow_Passing_InvalidValue_Returns_ApplicationExceptionWithMessage" computerName="PC-SFERRARI" duration="00:00:00.0013177" startTime="2021-01-16T18:06:59.9407777+00:00" endTime="2021-01-16T18:06:59.9421753+00:00" testType="13cdc9d9-ddb5-4fa4-a97d-d965ccfc6d4b" outcome="Passed" testListId="8c84fa94-04c1-424b-9868-57a2d4851a1d" relativeResultsDirectory="978446d5-1dd9-49e4-90b6-5fd4c757d488" />
    <UnitTestResult executionId="f1745e57-6a5b-4712-a15a-1d9b9bb80095" testId="922c5a5d-5d46-b5de-bcbd-4fac0addd422" testName="IsNullOrAny_Passing_InvalidArguments_Returns_HasErrorsAndCount" computerName="PC-SFERRARI" duration="00:00:00.0035087" startTime="2021-01-16T18:07:00.0130420+00:00" endTime="2021-01-16T18:07:00.0166688+00:00" testType="13cdc9d9-ddb5-4fa4-a97d-d965ccfc6d4b" outcome="Passed" testListId="8c84fa94-04c1-424b-9868-57a2d4851a1d" relativeResultsDirectory="f1745e57-6a5b-4712-a15a-1d9b9bb80095" />
    <UnitTestResult executionId="7762c119-379a-4f22-a115-50c331cfdbcb" testId="55f105d6-fc07-21db-e70a-db30ccdb0844" testName="ToIsNullOrAny_Passing_InvalidValue_Returns_True" computerName="PC-SFERRARI" duration="00:00:00.0001604" startTime="2021-01-16T18:06:59.9631927+00:00" endTime="2021-01-16T18:06:59.9634646+00:00" testType="13cdc9d9-ddb5-4fa4-a97d-d965ccfc6d4b" outcome="Passed" testListId="8c84fa94-04c1-424b-9868-57a2d4851a1d" relativeResultsDirectory="7762c119-379a-4f22-a115-50c331cfdbcb" />
    <UnitTestResult executionId="9edbcbec-e30e-46b1-956e-51cc53600777" testId="4315ebd1-3e2a-edf0-9de6-c78f08760fe3" testName="ToFirstLetterLower_Passing_ValidValue_Returns_StringWithFirstLetterLower" computerName="PC-SFERRARI" duration="00:00:00.0003756" startTime="2021-01-16T18:07:01.0079639+00:00" endTime="2021-01-16T18:07:01.0084252+00:00" testType="13cdc9d9-ddb5-4fa4-a97d-d965ccfc6d4b" outcome="Passed" testListId="8c84fa94-04c1-424b-9868-57a2d4851a1d" relativeResultsDirectory="9edbcbec-e30e-46b1-956e-51cc53600777" resultType="DataDrivenTest">
      <InnerResults>
        <UnitTestResult executionId="bc073492-d8be-45f5-b4b4-6ff16fd38724" parentExecutionId="9edbcbec-e30e-46b1-956e-51cc53600777" testId="4315ebd1-3e2a-edf0-9de6-c78f08760fe3" testName="ToFirstLetterLower_Passing_ValidValue_Returns_StringWithFirstLetterLower (aeiou,aeiou)" computerName="PC-SFERRARI" duration="00:00:00.0002805" startTime="2021-01-16T18:07:01.0079639+00:00" endTime="2021-01-16T18:07:01.0084252+00:00" testType="13cdc9d9-ddb5-4fa4-a97d-d965ccfc6d4b" outcome="Passed" testListId="8c84fa94-04c1-424b-9868-57a2d4851a1d" relativeResultsDirectory="bc073492-d8be-45f5-b4b4-6ff16fd38724" dataRowInfo="1" resultType="DataDrivenDataRow" />
        <UnitTestResult executionId="6e59dcc2-e1f4-4e28-b8d6-e393a703aeaa" parentExecutionId="9edbcbec-e30e-46b1-956e-51cc53600777" testId="4315ebd1-3e2a-edf0-9de6-c78f08760fe3" testName="ToFirstLetterLower_Passing_ValidValue_Returns_StringWithFirstLetterLower (aEIOU,aEIOU)" computerName="PC-SFERRARI" duration="00:00:00.0000075" startTime="2021-01-16T18:07:01.0079639+00:00" endTime="2021-01-16T18:07:01.0084252+00:00" testType="13cdc9d9-ddb5-4fa4-a97d-d965ccfc6d4b" outcome="Passed" testListId="8c84fa94-04c1-424b-9868-57a2d4851a1d" relativeResultsDirectory="6e59dcc2-e1f4-4e28-b8d6-e393a703aeaa" dataRowInfo="2" resultType="DataDrivenDataRow" />
        <UnitTestResult executionId="09437673-2269-45c4-918d-8b2dea287e59" parentExecutionId="9edbcbec-e30e-46b1-956e-51cc53600777" testId="4315ebd1-3e2a-edf0-9de6-c78f08760fe3" testName="ToFirstLetterLower_Passing_ValidValue_Returns_StringWithFirstLetterLower (aeioU,aeioU)" computerName="PC-SFERRARI" duration="00:00:00.0000021" startTime="2021-01-16T18:07:01.0079639+00:00" endTime="2021-01-16T18:07:01.0084252+00:00" testType="13cdc9d9-ddb5-4fa4-a97d-d965ccfc6d4b" outcome="Passed" testListId="8c84fa94-04c1-424b-9868-57a2d4851a1d" relativeResultsDirectory="09437673-2269-45c4-918d-8b2dea287e59" dataRowInfo="3" resultType="DataDrivenDataRow" />
        <UnitTestResult executionId="a76283ef-b981-4452-821b-842b5a00f02a" parentExecutionId="9edbcbec-e30e-46b1-956e-51cc53600777" testId="4315ebd1-3e2a-edf0-9de6-c78f08760fe3" testName="ToFirstLetterLower_Passing_ValidValue_Returns_StringWithFirstLetterLower (AEIOU,aEIOU)" computerName="PC-SFERRARI" duration="00:00:00.0000025" startTime="2021-01-16T18:07:01.0079639+00:00" endTime="2021-01-16T18:07:01.0084252+00:00" testType="13cdc9d9-ddb5-4fa4-a97d-d965ccfc6d4b" outcome="Passed" testListId="8c84fa94-04c1-424b-9868-57a2d4851a1d" relativeResultsDirectory="a76283ef-b981-4452-821b-842b5a00f02a" dataRowInfo="4" resultType="DataDrivenDataRow" />
        <UnitTestResult executionId="8976bf23-fad1-4ffd-9343-cb60af3cb040" parentExecutionId="9edbcbec-e30e-46b1-956e-51cc53600777" testId="4315ebd1-3e2a-edf0-9de6-c78f08760fe3" testName="ToFirstLetterLower_Passing_ValidValue_Returns_StringWithFirstLetterLower (Aeiou,aeiou)" computerName="PC-SFERRARI" duration="00:00:00.0000018" startTime="2021-01-16T18:07:01.0079639+00:00" endTime="2021-01-16T18:07:01.0084252+00:00" testType="13cdc9d9-ddb5-4fa4-a97d-d965ccfc6d4b" outcome="Passed" testListId="8c84fa94-04c1-424b-9868-57a2d4851a1d" relativeResultsDirectory="8976bf23-fad1-4ffd-9343-cb60af3cb040" dataRowInfo="5" resultType="DataDrivenDataRow" />
      </InnerResults>
    </UnitTestResult>
    <UnitTestResult executionId="26899f4a-2156-4b13-be8c-417aba509ef0" testId="6bd61990-78b5-76ea-0df5-0c13c388bdc0" testName="ToWhere_Passing_Null_Predicate_Returns_Same_List" computerName="PC-SFERRARI" duration="00:00:00.0030571" startTime="2021-01-16T18:07:00.7531542+00:00" endTime="2021-01-16T18:07:00.7563729+00:00" testType="13cdc9d9-ddb5-4fa4-a97d-d965ccfc6d4b" outcome="Passed" testListId="8c84fa94-04c1-424b-9868-57a2d4851a1d" relativeResultsDirectory="26899f4a-2156-4b13-be8c-417aba509ef0" />
    <UnitTestResult executionId="99d0232f-b315-4104-a31e-d974135cc3d7" testId="fb770b4f-f87b-13ad-88ac-a338dbbb0d57" testName="GetValues_Passing_Valid_Key_Returns_Values" computerName="PC-SFERRARI" duration="00:00:00.0008512" startTime="2021-01-16T18:07:00.3684636+00:00" endTime="2021-01-16T18:07:00.3695231+00:00" testType="13cdc9d9-ddb5-4fa4-a97d-d965ccfc6d4b" outcome="Passed" testListId="8c84fa94-04c1-424b-9868-57a2d4851a1d" relativeResultsDirectory="99d0232f-b315-4104-a31e-d974135cc3d7" />
    <UnitTestResult executionId="5894c7a9-1e39-4429-8723-3b8bae0d3c49" testId="33545399-79af-5e7f-5179-57fe5645f4be" testName="ToYesterday_Passing_DateTime_Returns_Yesterday_DateTime" computerName="PC-SFERRARI" duration="00:00:00.0002926" startTime="2021-01-16T18:07:00.3576530+00:00" endTime="2021-01-16T18:07:00.3580616+00:00" testType="13cdc9d9-ddb5-4fa4-a97d-d965ccfc6d4b" outcome="Passed" testListId="8c84fa94-04c1-424b-9868-57a2d4851a1d" relativeResultsDirectory="5894c7a9-1e39-4429-8723-3b8bae0d3c49" />
    <UnitTestResult executionId="cecac6d2-9fb0-47f0-9089-791c1f3087b7" testId="74c0befe-cdb2-1fdf-be71-2a39199bb5c9" testName="ToService_Passing_Service_Not_Found_Returns_ApplicationException" computerName="PC-SFERRARI" duration="00:00:00.0004503" startTime="2021-01-16T18:06:59.9108757+00:00" endTime="2021-01-16T18:06:59.9113972+00:00" testType="13cdc9d9-ddb5-4fa4-a97d-d965ccfc6d4b" outcome="Passed" testListId="8c84fa94-04c1-424b-9868-57a2d4851a1d" relativeResultsDirectory="cecac6d2-9fb0-47f0-9089-791c1f3087b7" />
    <UnitTestResult executionId="a8d9d4d8-1b31-4673-ad10-7b6f75667872" testId="4e1a5879-f3c8-4fdb-51d0-c4cf0a35e0bf" testName="ToInt_Passing_Enumeration_Name_Returns_Value" computerName="PC-SFERRARI" duration="00:00:00.0003529" startTime="2021-01-16T18:07:00.3872899+00:00" endTime="2021-01-16T18:07:00.3878156+00:00" testType="13cdc9d9-ddb5-4fa4-a97d-d965ccfc6d4b" outcome="Passed" testListId="8c84fa94-04c1-424b-9868-57a2d4851a1d" relativeResultsDirectory="a8d9d4d8-1b31-4673-ad10-7b6f75667872" />
    <UnitTestResult executionId="2ca19b91-57a4-437d-97ef-95167ef980a7" testId="f17b6f1f-06a9-5318-815f-4c3950fdd0cb" testName="CreateSHA512_Passing_Invalid_Arguments_Returns_ApplicationException" computerName="PC-SFERRARI" duration="00:00:00.0009509" startTime="2021-01-16T18:07:00.4862646+00:00" endTime="2021-01-16T18:07:00.4875278+00:00" testType="13cdc9d9-ddb5-4fa4-a97d-d965ccfc6d4b" outcome="Passed" testListId="8c84fa94-04c1-424b-9868-57a2d4851a1d" relativeResultsDirectory="2ca19b91-57a4-437d-97ef-95167ef980a7" resultType="DataDrivenTest">
      <InnerResults>
        <UnitTestResult executionId="c146b3a7-5aac-47fb-9ac0-00c11c5c7622" parentExecutionId="2ca19b91-57a4-437d-97ef-95167ef980a7" testId="f17b6f1f-06a9-5318-815f-4c3950fdd0cb" testName="CreateSHA512_Passing_Invalid_Arguments_Returns_ApplicationException ()" computerName="PC-SFERRARI" duration="00:00:00.0006030" startTime="2021-01-16T18:07:00.4862646+00:00" endTime="2021-01-16T18:07:00.4875278+00:00" testType="13cdc9d9-ddb5-4fa4-a97d-d965ccfc6d4b" outcome="Passed" testListId="8c84fa94-04c1-424b-9868-57a2d4851a1d" relativeResultsDirectory="c146b3a7-5aac-47fb-9ac0-00c11c5c7622" dataRowInfo="1" resultType="DataDrivenDataRow" />
        <UnitTestResult executionId="98042248-57d6-4adf-bfd9-519c3b1a63d7" parentExecutionId="2ca19b91-57a4-437d-97ef-95167ef980a7" testId="f17b6f1f-06a9-5318-815f-4c3950fdd0cb" testName="CreateSHA512_Passing_Invalid_Arguments_Returns_ApplicationException ()" computerName="PC-SFERRARI" duration="00:00:00.0001145" startTime="2021-01-16T18:07:00.4862646+00:00" endTime="2021-01-16T18:07:00.4875278+00:00" testType="13cdc9d9-ddb5-4fa4-a97d-d965ccfc6d4b" outcome="Passed" testListId="8c84fa94-04c1-424b-9868-57a2d4851a1d" relativeResultsDirectory="98042248-57d6-4adf-bfd9-519c3b1a63d7" dataRowInfo="2" resultType="DataDrivenDataRow" />
        <UnitTestResult executionId="cf20fb80-0fa6-4410-b438-5722aeb95a08" parentExecutionId="2ca19b91-57a4-437d-97ef-95167ef980a7" testId="f17b6f1f-06a9-5318-815f-4c3950fdd0cb" testName="CreateSHA512_Passing_Invalid_Arguments_Returns_ApplicationException ( )" computerName="PC-SFERRARI" duration="00:00:00.0000779" startTime="2021-01-16T18:07:00.4862646+00:00" endTime="2021-01-16T18:07:00.4875278+00:00" testType="13cdc9d9-ddb5-4fa4-a97d-d965ccfc6d4b" outcome="Passed" testListId="8c84fa94-04c1-424b-9868-57a2d4851a1d" relativeResultsDirectory="cf20fb80-0fa6-4410-b438-5722aeb95a08" dataRowInfo="3" resultType="DataDrivenDataRow" />
      </InnerResults>
    </UnitTestResult>
    <UnitTestResult executionId="be26b114-7d13-41c8-824b-73bcc13bbb64" testId="e608205e-4953-e9a3-1956-895ed42ab083" testName="IsFileExtension_Passing_InvalidArguments_Returns_HasErrorsAndCount" computerName="PC-SFERRARI" duration="00:00:00.0002615" startTime="2021-01-16T18:06:59.9987250+00:00" endTime="2021-01-16T18:06:59.9990805+00:00" testType="13cdc9d9-ddb5-4fa4-a97d-d965ccfc6d4b" outcome="Passed" testListId="8c84fa94-04c1-424b-9868-57a2d4851a1d" relativeResultsDirectory="be26b114-7d13-41c8-824b-73bcc13bbb64" />
    <UnitTestResult executionId="069d82c4-7b0c-493b-9a72-46833716b359" testId="2aceb911-de9d-b2eb-c8db-f6b3f880216f" testName="ToService_Passing_Valid_Service_Returns_Service" computerName="PC-SFERRARI" duration="00:00:00.0004681" startTime="2021-01-16T18:06:59.9117696+00:00" endTime="2021-01-16T18:06:59.9123149+00:00" testType="13cdc9d9-ddb5-4fa4-a97d-d965ccfc6d4b" outcome="Passed" testListId="8c84fa94-04c1-424b-9868-57a2d4851a1d" relativeResultsDirectory="069d82c4-7b0c-493b-9a72-46833716b359" />
    <UnitTestResult executionId="f5ebd1c7-f149-49d5-90e1-7a8bf528f8be" testId="3e6d6aa9-9b6d-dd96-b54c-49f88780a2b4" testName="ToEmptyIfNull_Passing_Null_Collection_Returns_Empty_Collection" computerName="PC-SFERRARI" duration="00:00:00.0014957" startTime="2021-01-16T18:07:00.3695730+00:00" endTime="2021-01-16T18:07:00.3713932+00:00" testType="13cdc9d9-ddb5-4fa4-a97d-d965ccfc6d4b" outcome="Passed" testListId="8c84fa94-04c1-424b-9868-57a2d4851a1d" relativeResultsDirectory="f5ebd1c7-f149-49d5-90e1-7a8bf528f8be" />
    <UnitTestResult executionId="bb2aab70-f0e1-4fa0-b60c-07bf1e334d93" testId="1577c538-d1be-5b59-2b09-8e59b0be5fcd" testName="ToSettings_Passing_Values_From_AppSettingsFile_Returns_Settings" computerName="PC-SFERRARI" duration="00:00:00.0602217" startTime="2021-01-16T18:07:00.2676049+00:00" endTime="2021-01-16T18:07:00.3279211+00:00" testType="13cdc9d9-ddb5-4fa4-a97d-d965ccfc6d4b" outcome="Passed" testListId="8c84fa94-04c1-424b-9868-57a2d4851a1d" relativeResultsDirectory="bb2aab70-f0e1-4fa0-b60c-07bf1e334d93" />
    <UnitTestResult executionId="d99ae429-6f7e-40bc-89b7-8ccc91b12aef" testId="7384e2f6-7a7f-d462-78fa-5bf7f49c326a" testName="ToIsAuthenticated_Passing_Claims_Returns_False" computerName="PC-SFERRARI" duration="00:00:00.0005399" startTime="2021-01-16T18:07:00.1479583+00:00" endTime="2021-01-16T18:07:00.1485779+00:00" testType="13cdc9d9-ddb5-4fa4-a97d-d965ccfc6d4b" outcome="Passed" testListId="8c84fa94-04c1-424b-9868-57a2d4851a1d" relativeResultsDirectory="d99ae429-6f7e-40bc-89b7-8ccc91b12aef" />
    <UnitTestResult executionId="fcf9d995-c1d7-49b2-87d0-4a9c65f61972" testId="bd43e66e-fbae-26eb-a9a1-c58a6bf5d7af" testName="ToHashAlgorithmName_Passing_InvalidValueLowerCaseString_Returns_Null" computerName="PC-SFERRARI" duration="00:00:00.0001786" startTime="2021-01-16T18:07:01.0158176+00:00" endTime="2021-01-16T18:07:01.0160825+00:00" testType="13cdc9d9-ddb5-4fa4-a97d-d965ccfc6d4b" outcome="Passed" testListId="8c84fa94-04c1-424b-9868-57a2d4851a1d" relativeResultsDirectory="fcf9d995-c1d7-49b2-87d0-4a9c65f61972" resultType="DataDrivenTest">
      <InnerResults>
        <UnitTestResult executionId="aaef28ec-935c-44c6-aabd-4d31421a7134" parentExecutionId="fcf9d995-c1d7-49b2-87d0-4a9c65f61972" testId="bd43e66e-fbae-26eb-a9a1-c58a6bf5d7af" testName="ToHashAlgorithmName_Passing_InvalidValueLowerCaseString_Returns_Null (md5)" computerName="PC-SFERRARI" duration="00:00:00.0001460" startTime="2021-01-16T18:07:01.0158176+00:00" endTime="2021-01-16T18:07:01.0160825+00:00" testType="13cdc9d9-ddb5-4fa4-a97d-d965ccfc6d4b" outcome="Passed" testListId="8c84fa94-04c1-424b-9868-57a2d4851a1d" relativeResultsDirectory="aaef28ec-935c-44c6-aabd-4d31421a7134" dataRowInfo="1" resultType="DataDrivenDataRow" />
      </InnerResults>
    </UnitTestResult>
    <UnitTestResult executionId="0d094544-41ba-4f6f-8f5e-7cdfddd5c73e" testId="f0f37a42-1a3a-10a5-5f17-e01b9915abd3" testName="ToPaged_Passing_Age_Ascending_Order_Returns_Filter_List" computerName="PC-SFERRARI" duration="00:00:00.0064025" startTime="2021-01-16T18:07:00.7417120+00:00" endTime="2021-01-16T18:07:00.7483568+00:00" testType="13cdc9d9-ddb5-4fa4-a97d-d965ccfc6d4b" outcome="Passed" testListId="8c84fa94-04c1-424b-9868-57a2d4851a1d" relativeResultsDirectory="0d094544-41ba-4f6f-8f5e-7cdfddd5c73e" />
    <UnitTestResult executionId="f5ba8fc2-1c7f-433a-b086-1cb1120af600" testId="f828057e-351a-48b7-0028-e57f15c7217e" testName="ToDefaultValue_Passing_uint_Returns_Cero" computerName="PC-SFERRARI" duration="00:00:00.0005234" startTime="2021-01-16T18:07:00.4500440+00:00" endTime="2021-01-16T18:07:00.4507340+00:00" testType="13cdc9d9-ddb5-4fa4-a97d-d965ccfc6d4b" outcome="Passed" testListId="8c84fa94-04c1-424b-9868-57a2d4851a1d" relativeResultsDirectory="f5ba8fc2-1c7f-433a-b086-1cb1120af600" resultType="DataDrivenTest">
      <InnerResults>
        <UnitTestResult executionId="31810271-d0d1-4564-8eb7-2a291da9b9f1" parentExecutionId="f5ba8fc2-1c7f-433a-b086-1cb1120af600" testId="f828057e-351a-48b7-0028-e57f15c7217e" testName="ToDefaultValue_Passing_uint_Returns_Cero (4294967295)" computerName="PC-SFERRARI" duration="00:00:00.0004548" startTime="2021-01-16T18:07:00.4500440+00:00" endTime="2021-01-16T18:07:00.4507340+00:00" testType="13cdc9d9-ddb5-4fa4-a97d-d965ccfc6d4b" outcome="Passed" testListId="8c84fa94-04c1-424b-9868-57a2d4851a1d" relativeResultsDirectory="31810271-d0d1-4564-8eb7-2a291da9b9f1" dataRowInfo="1" resultType="DataDrivenDataRow" />
      </InnerResults>
    </UnitTestResult>
    <UnitTestResult executionId="429ac804-c7fb-4a47-8d2f-53967d7db7db" testId="c2d3c8df-32e7-92dc-91f8-057e8c4da6b9" testName="ToTomorrow_Passing_DateTime_Returns_Tomorrow_DateTime" computerName="PC-SFERRARI" duration="00:00:00.0003244" startTime="2021-01-16T18:07:00.3571937+00:00" endTime="2021-01-16T18:07:00.3576220+00:00" testType="13cdc9d9-ddb5-4fa4-a97d-d965ccfc6d4b" outcome="Passed" testListId="8c84fa94-04c1-424b-9868-57a2d4851a1d" relativeResultsDirectory="429ac804-c7fb-4a47-8d2f-53967d7db7db" />
    <UnitTestResult executionId="2bf42496-c25e-4786-8280-36c98c8c85d1" testId="006d3c07-11d3-9f4b-c045-6799df52bbfb" testName="IsLowercase_Passing_ValidArguments_Returns_HasErrorsAndCount" computerName="PC-SFERRARI" duration="00:00:00.0002351" startTime="2021-01-16T18:07:00.0118694+00:00" endTime="2021-01-16T18:07:00.0122369+00:00" testType="13cdc9d9-ddb5-4fa4-a97d-d965ccfc6d4b" outcome="Passed" testListId="8c84fa94-04c1-424b-9868-57a2d4851a1d" relativeResultsDirectory="2bf42496-c25e-4786-8280-36c98c8c85d1" />
    <UnitTestResult executionId="bd13ce79-d49a-4556-8c46-3d3a24a55962" testId="4ead3f79-a54e-1b96-838c-d0c2f491cb0d" testName="ToAge_Passing_Birthday_DateTime_Returns_Age" computerName="PC-SFERRARI" duration="00:00:00.0010625" startTime="2021-01-16T18:07:00.3296459+00:00" endTime="2021-01-16T18:07:00.3312879+00:00" testType="13cdc9d9-ddb5-4fa4-a97d-d965ccfc6d4b" outcome="Passed" testListId="8c84fa94-04c1-424b-9868-57a2d4851a1d" relativeResultsDirectory="bd13ce79-d49a-4556-8c46-3d3a24a55962" />
    <UnitTestResult executionId="b0c652da-5952-44ac-ae73-a0ff5a2b9345" testId="8fbac209-421a-f9fa-c5fe-97403aedb24e" testName="ToIsNullOrAnyThrow_Passing_InvalidValue_Returns_ApplicationExceptionWithMessage" computerName="PC-SFERRARI" duration="00:00:00.0020065" startTime="2021-01-16T18:06:59.9609528+00:00" endTime="2021-01-16T18:06:59.9631538+00:00" testType="13cdc9d9-ddb5-4fa4-a97d-d965ccfc6d4b" outcome="Passed" testListId="8c84fa94-04c1-424b-9868-57a2d4851a1d" relativeResultsDirectory="b0c652da-5952-44ac-ae73-a0ff5a2b9345" />
  </Results>
  <TestDefinitions>
    <UnitTest name="ResultOkData_WithData_WithMessage_WithDetails" storage="d:\sferrari\01 - trabajo\repos\netcore\template-netcore-shared\kitpymes.core.shared.tests\bin\debug\netcoreapp3.0\kitpymes.core.shared.tests.dll" id="859b5acf-9d8b-7620-f96f-ba83c1545a71">
      <Execution id="1a582c43-fa5d-47b3-b677-841fcf337acb" />
      <TestMethod codeBase="D:\SFERRARI\01 - TRABAJO\repos\netcore\template-netcore-shared\Kitpymes.Core.Shared.Tests\bin\Debug\netcoreapp3.0\Kitpymes.Core.Shared.Tests.dll" adapterTypeName="executor://mstestadapter/v2" className="Kitpymes.Core.Shared.Tests.ResultTest" name="ResultOkData_WithData_WithMessage_WithDetails" />
    </UnitTest>
    <UnitTest name="ResultDataUnauthorized" storage="d:\sferrari\01 - trabajo\repos\netcore\template-netcore-shared\kitpymes.core.shared.tests\bin\debug\netcoreapp3.0\kitpymes.core.shared.tests.dll" id="fbb73316-6f70-059a-1197-08f09a1221d6">
      <Execution id="4335716d-ba17-4bee-807d-48d6b080ab3a" />
      <TestMethod codeBase="D:\SFERRARI\01 - TRABAJO\repos\netcore\template-netcore-shared\Kitpymes.Core.Shared.Tests\bin\Debug\netcoreapp3.0\Kitpymes.Core.Shared.Tests.dll" adapterTypeName="executor://mstestadapter/v2" className="Kitpymes.Core.Shared.Tests.ResultTest" name="ResultDataUnauthorized" />
    </UnitTest>
    <UnitTest name="ToIsAuthenticated_Passing_Claims_Returns_False" storage="d:\sferrari\01 - trabajo\repos\netcore\template-netcore-shared\kitpymes.core.shared.tests\bin\debug\netcoreapp3.0\kitpymes.core.shared.tests.dll" id="7384e2f6-7a7f-d462-78fa-5bf7f49c326a">
      <Execution id="d99ae429-6f7e-40bc-89b7-8ccc91b12aef" />
      <TestMethod codeBase="D:\SFERRARI\01 - TRABAJO\repos\netcore\template-netcore-shared\Kitpymes.Core.Shared.Tests\bin\Debug\netcoreapp3.0\Kitpymes.Core.Shared.Tests.dll" adapterTypeName="executor://mstestadapter/v2" className="Kitpymes.Core.Shared.Tests.ClaimsPrincipalExtensionsTests" name="ToIsAuthenticated_Passing_Claims_Returns_False" />
    </UnitTest>
    <UnitTest name="ResultOkData_WithData" storage="d:\sferrari\01 - trabajo\repos\netcore\template-netcore-shared\kitpymes.core.shared.tests\bin\debug\netcoreapp3.0\kitpymes.core.shared.tests.dll" id="08f63e9f-68bb-2ff4-88d9-c74b03747527">
      <Execution id="a296c7dc-00aa-428e-9ae7-46dd998743f6" />
      <TestMethod codeBase="D:\SFERRARI\01 - TRABAJO\repos\netcore\template-netcore-shared\Kitpymes.Core.Shared.Tests\bin\Debug\netcoreapp3.0\Kitpymes.Core.Shared.Tests.dll" adapterTypeName="executor://mstestadapter/v2" className="Kitpymes.Core.Shared.Tests.ResultTest" name="ResultOkData_WithData" />
    </UnitTest>
    <UnitTest name="ToReadOnly_Passing_Valid_Collection_Returns_Readonly_Collection" storage="d:\sferrari\01 - trabajo\repos\netcore\template-netcore-shared\kitpymes.core.shared.tests\bin\debug\netcoreapp3.0\kitpymes.core.shared.tests.dll" id="42ded375-26ee-044e-44a7-9eab5e4cd342">
      <Execution id="98ad5335-6231-496e-853d-aed067cea806" />
      <TestMethod codeBase="D:\SFERRARI\01 - TRABAJO\repos\netcore\template-netcore-shared\Kitpymes.Core.Shared.Tests\bin\Debug\netcoreapp3.0\Kitpymes.Core.Shared.Tests.dll" adapterTypeName="executor://mstestadapter/v2" className="Kitpymes.Core.Shared.Tests.EnumerableExtensionsTests" name="ToReadOnly_Passing_Valid_Collection_Returns_Readonly_Collection" />
    </UnitTest>
    <UnitTest name="ToUserName_Passing_Null_ClaimsPrincipal_Returns_ApplicationException" storage="d:\sferrari\01 - trabajo\repos\netcore\template-netcore-shared\kitpymes.core.shared.tests\bin\debug\netcoreapp3.0\kitpymes.core.shared.tests.dll" id="65b9c427-b5ec-99b4-199a-0093cd460501">
      <Execution id="332c262d-a3b6-43d4-85e0-9c5da9a736a4" />
      <TestMethod codeBase="D:\SFERRARI\01 - TRABAJO\repos\netcore\template-netcore-shared\Kitpymes.Core.Shared.Tests\bin\Debug\netcoreapp3.0\Kitpymes.Core.Shared.Tests.dll" adapterTypeName="executor://mstestadapter/v2" className="Kitpymes.Core.Shared.Tests.ClaimsPrincipalExtensionsTests" name="ToUserName_Passing_Null_ClaimsPrincipal_Returns_ApplicationException" />
    </UnitTest>
    <UnitTest name="ToDirectoryFindFilePath_Passing_ValidValue_Returns_FilePath" storage="d:\sferrari\01 - trabajo\repos\netcore\template-netcore-shared\kitpymes.core.shared.tests\bin\debug\netcoreapp3.0\kitpymes.core.shared.tests.dll" id="04cb4b72-edc8-fe06-49e1-217ed503eff8">
      <Execution id="5642c9e7-1b64-4c55-b059-cc05aad1a8dd" />
      <TestMethod codeBase="D:\SFERRARI\01 - TRABAJO\repos\netcore\template-netcore-shared\Kitpymes.Core.Shared.Tests\bin\Debug\netcoreapp3.0\Kitpymes.Core.Shared.Tests.dll" adapterTypeName="executor://mstestadapter/v2" className="Kitpymes.Core.Shared.Tests.StringExtensionsTests" name="ToDirectoryFindFilePath_Passing_ValidValue_Returns_FilePath" />
    </UnitTest>
    <UnitTest name="ToIsLastDayOfTheMonth_Passing_NotLastDayOfMonth_Returns_False" storage="d:\sferrari\01 - trabajo\repos\netcore\template-netcore-shared\kitpymes.core.shared.tests\bin\debug\netcoreapp3.0\kitpymes.core.shared.tests.dll" id="3443f7f5-ee1a-f375-e5b1-f7ffa940c0db">
      <Execution id="2ba9c87c-20b2-46d8-be88-e93e4c916bc1" />
      <TestMethod codeBase="D:\SFERRARI\01 - TRABAJO\repos\netcore\template-netcore-shared\Kitpymes.Core.Shared.Tests\bin\Debug\netcoreapp3.0\Kitpymes.Core.Shared.Tests.dll" adapterTypeName="executor://mstestadapter/v2" className="Kitpymes.Core.Shared.Tests.DateTimeExtensionsTests" name="ToIsLastDayOfTheMonth_Passing_NotLastDayOfMonth_Returns_False" />
    </UnitTest>
    <UnitTest name="ToDefaultValue_Passing_bool_Returns_Cero" storage="d:\sferrari\01 - trabajo\repos\netcore\template-netcore-shared\kitpymes.core.shared.tests\bin\debug\netcoreapp3.0\kitpymes.core.shared.tests.dll" id="432377b9-b0ad-9a2a-6dc2-e1069e73c449">
      <Execution id="587ec74c-7e96-4e6b-b0e8-66b4c931e026" />
      <TestMethod codeBase="D:\SFERRARI\01 - TRABAJO\repos\netcore\template-netcore-shared\Kitpymes.Core.Shared.Tests\bin\Debug\netcoreapp3.0\Kitpymes.Core.Shared.Tests.dll" adapterTypeName="executor://mstestadapter/v2" className="Kitpymes.Core.Shared.Tests.GenericExtensionsTests" name="ToDefaultValue_Passing_bool_Returns_Cero" />
    </UnitTest>
    <UnitTest name="ToString_Passing_Valid_Collection_With_Custom_Separator_Returns_String_With_Custom_Separator" storage="d:\sferrari\01 - trabajo\repos\netcore\template-netcore-shared\kitpymes.core.shared.tests\bin\debug\netcoreapp3.0\kitpymes.core.shared.tests.dll" id="bf8f6922-5666-8ec7-1500-aabd5997d6a4">
      <Execution id="abacba2f-4a50-4d41-929a-39fa22ea758d" />
      <TestMethod codeBase="D:\SFERRARI\01 - TRABAJO\repos\netcore\template-netcore-shared\Kitpymes.Core.Shared.Tests\bin\Debug\netcoreapp3.0\Kitpymes.Core.Shared.Tests.dll" adapterTypeName="executor://mstestadapter/v2" className="Kitpymes.Core.Shared.Tests.EnumerableExtensionsTests" name="ToString_Passing_Valid_Collection_With_Custom_Separator_Returns_String_With_Custom_Separator" />
    </UnitTest>
    <UnitTest name="ToMapClone_Passing_Source_Returns_New_Source_Object" storage="d:\sferrari\01 - trabajo\repos\netcore\template-netcore-shared\kitpymes.core.shared.tests\bin\debug\netcoreapp3.0\kitpymes.core.shared.tests.dll" id="27cc1a96-8264-8762-05bc-aa63ccb155d7">
      <Execution id="86eb3a5f-571a-4fd9-8657-5b326fa36e28" />
      <TestMethod codeBase="D:\SFERRARI\01 - TRABAJO\repos\netcore\template-netcore-shared\Kitpymes.Core.Shared.Tests\bin\Debug\netcoreapp3.0\Kitpymes.Core.Shared.Tests.dll" adapterTypeName="executor://mstestadapter/v2" className="Kitpymes.Core.Shared.Tests.AgileMapperExtensionsTests" name="ToMapClone_Passing_Source_Returns_New_Source_Object" />
    </UnitTest>
    <UnitTest name="IsLess_Passing_InvalidArguments_Returns_HasErrorsAndCount" storage="d:\sferrari\01 - trabajo\repos\netcore\template-netcore-shared\kitpymes.core.shared.tests\bin\debug\netcoreapp3.0\kitpymes.core.shared.tests.dll" id="4d9bde6c-668c-a1d3-dc60-edcfc6a4082c">
      <Execution id="8752bc93-859a-454a-bcc4-6f4b29067b50" />
      <TestMethod codeBase="D:\SFERRARI\01 - TRABAJO\repos\netcore\template-netcore-shared\Kitpymes.Core.Shared.Tests\bin\Debug\netcoreapp3.0\Kitpymes.Core.Shared.Tests.dll" adapterTypeName="executor://mstestadapter/v2" className="Kitpymes.Core.Shared.Tests.CheckTests" name="IsLess_Passing_InvalidArguments_Returns_HasErrorsAndCount" />
    </UnitTest>
    <UnitTest name="ToInt_Passing_InvalidValueString_Returns_DefaultValue" storage="d:\sferrari\01 - trabajo\repos\netcore\template-netcore-shared\kitpymes.core.shared.tests\bin\debug\netcoreapp3.0\kitpymes.core.shared.tests.dll" id="19f76070-822e-31f8-2a9f-a96f774333a7">
      <Execution id="47c0801f-ebdc-43ea-ae05-5e810f0e9ca9" />
      <TestMethod codeBase="D:\SFERRARI\01 - TRABAJO\repos\netcore\template-netcore-shared\Kitpymes.Core.Shared.Tests\bin\Debug\netcoreapp3.0\Kitpymes.Core.Shared.Tests.dll" adapterTypeName="executor://mstestadapter/v2" className="Kitpymes.Core.Shared.Tests.StringExtensionsTests" name="ToInt_Passing_InvalidValueString_Returns_DefaultValue" />
    </UnitTest>
    <UnitTest name="ToEnum_Passing_InvalidValueString_Returns_EnumCustomValue" storage="d:\sferrari\01 - trabajo\repos\netcore\template-netcore-shared\kitpymes.core.shared.tests\bin\debug\netcoreapp3.0\kitpymes.core.shared.tests.dll" id="7c09a438-5465-f760-64b2-23d25fc199f5">
      <Execution id="44199d8c-35f6-49fc-af5a-7d1b4b8bad9d" />
      <TestMethod codeBase="D:\SFERRARI\01 - TRABAJO\repos\netcore\template-netcore-shared\Kitpymes.Core.Shared.Tests\bin\Debug\netcoreapp3.0\Kitpymes.Core.Shared.Tests.dll" adapterTypeName="executor://mstestadapter/v2" className="Kitpymes.Core.Shared.Tests.StringExtensionsTests" name="ToEnum_Passing_InvalidValueString_Returns_EnumCustomValue" />
    </UnitTest>
    <UnitTest name="ToHeader_Passing_HttpRequest_Header_Many_Values_Returns_Values" storage="d:\sferrari\01 - trabajo\repos\netcore\template-netcore-shared\kitpymes.core.shared.tests\bin\debug\netcoreapp3.0\kitpymes.core.shared.tests.dll" id="43c10c64-8836-30db-afbe-d1657a7dd9d8">
      <Execution id="a14c0733-06e5-4730-ab50-04c0d97ee147" />
      <TestMethod codeBase="D:\SFERRARI\01 - TRABAJO\repos\netcore\template-netcore-shared\Kitpymes.Core.Shared.Tests\bin\Debug\netcoreapp3.0\Kitpymes.Core.Shared.Tests.dll" adapterTypeName="executor://mstestadapter/v2" className="Kitpymes.Core.Shared.Tests.HttpRequestExtensionsTests" name="ToHeader_Passing_HttpRequest_Header_Many_Values_Returns_Values" />
    </UnitTest>
    <UnitTest name="ToGetAll_Passing_Claims_Returns_Claim_Value_Object_List" storage="d:\sferrari\01 - trabajo\repos\netcore\template-netcore-shared\kitpymes.core.shared.tests\bin\debug\netcoreapp3.0\kitpymes.core.shared.tests.dll" id="2e87c537-4979-f58b-6e83-f3d4ee161ff1">
      <Execution id="47bbafac-2fa3-4559-af66-7b9d5d3cbdd2" />
      <TestMethod codeBase="D:\SFERRARI\01 - TRABAJO\repos\netcore\template-netcore-shared\Kitpymes.Core.Shared.Tests\bin\Debug\netcoreapp3.0\Kitpymes.Core.Shared.Tests.dll" adapterTypeName="executor://mstestadapter/v2" className="Kitpymes.Core.Shared.Tests.ClaimsPrincipalExtensionsTests" name="ToGetAll_Passing_Claims_Returns_Claim_Value_Object_List" />
    </UnitTest>
    <UnitTest name="ToAssembly_Passing_ValidValueAssemblyString_Returns_Assembly" storage="d:\sferrari\01 - trabajo\repos\netcore\template-netcore-shared\kitpymes.core.shared.tests\bin\debug\netcoreapp3.0\kitpymes.core.shared.tests.dll" id="3721d3c1-7c03-ad84-143f-64bfeb5b314e">
      <Execution id="edf9c842-9615-4fbb-bb5d-8ade8f207e29" />
      <TestMethod codeBase="D:\SFERRARI\01 - TRABAJO\repos\netcore\template-netcore-shared\Kitpymes.Core.Shared.Tests\bin\Debug\netcoreapp3.0\Kitpymes.Core.Shared.Tests.dll" adapterTypeName="executor://mstestadapter/v2" className="Kitpymes.Core.Shared.Tests.StringExtensionsTests" name="ToAssembly_Passing_ValidValueAssemblyString_Returns_Assembly" />
    </UnitTest>
    <UnitTest name="ToDefaultValue_Passing_double_Returns_Cero" storage="d:\sferrari\01 - trabajo\repos\netcore\template-netcore-shared\kitpymes.core.shared.tests\bin\debug\netcoreapp3.0\kitpymes.core.shared.tests.dll" id="f752d50b-77fa-327a-4493-168161bd27b2">
      <Execution id="9d7204e2-d7c9-424f-8735-ca416b65116a" />
      <TestMethod codeBase="D:\SFERRARI\01 - TRABAJO\repos\netcore\template-netcore-shared\Kitpymes.Core.Shared.Tests\bin\Debug\netcoreapp3.0\Kitpymes.Core.Shared.Tests.dll" adapterTypeName="executor://mstestadapter/v2" className="Kitpymes.Core.Shared.Tests.GenericExtensionsTests" name="ToDefaultValue_Passing_double_Returns_Cero" />
    </UnitTest>
    <UnitTest name="ToDefaultValue_Passing_char_Returns_Cero" storage="d:\sferrari\01 - trabajo\repos\netcore\template-netcore-shared\kitpymes.core.shared.tests\bin\debug\netcoreapp3.0\kitpymes.core.shared.tests.dll" id="17a38df3-33e0-71ac-f8cb-dcdd3ade7269">
      <Execution id="24b29550-21f5-4a36-998f-a65d69bb5b08" />
      <TestMethod codeBase="D:\SFERRARI\01 - TRABAJO\repos\netcore\template-netcore-shared\Kitpymes.Core.Shared.Tests\bin\Debug\netcoreapp3.0\Kitpymes.Core.Shared.Tests.dll" adapterTypeName="executor://mstestadapter/v2" className="Kitpymes.Core.Shared.Tests.GenericExtensionsTests" name="ToDefaultValue_Passing_char_Returns_Cero" />
    </UnitTest>
    <UnitTest name="ToCompress_Passing_Object_Bytes_Returns_Object" storage="d:\sferrari\01 - trabajo\repos\netcore\template-netcore-shared\kitpymes.core.shared.tests\bin\debug\netcoreapp3.0\kitpymes.core.shared.tests.dll" id="8a110a46-40a4-c9bb-083e-1c3fcb5b45b7">
      <Execution id="0c3ee7ec-3ae5-48e0-ac9f-9423fe358107" />
      <TestMethod codeBase="D:\SFERRARI\01 - TRABAJO\repos\netcore\template-netcore-shared\Kitpymes.Core.Shared.Tests\bin\Debug\netcoreapp3.0\Kitpymes.Core.Shared.Tests.dll" adapterTypeName="executor://mstestadapter/v2" className="Kitpymes.Core.Shared.Tests.BytesExtensionsTests" name="ToCompress_Passing_Object_Bytes_Returns_Object" />
    </UnitTest>
    <UnitTest name="CreateRandom_WithCustomAllowableCharacters_Passing_Valid_Arguments_Returns_String_Random_Value" storage="d:\sferrari\01 - trabajo\repos\netcore\template-netcore-shared\kitpymes.core.shared.tests\bin\debug\netcoreapp3.0\kitpymes.core.shared.tests.dll" id="430dec51-b9df-7e06-fff9-78e6d362c2d8">
      <Execution id="2bdbee55-b4b5-4666-ad99-64a919744223" />
      <TestMethod codeBase="D:\SFERRARI\01 - TRABAJO\repos\netcore\template-netcore-shared\Kitpymes.Core.Shared.Tests\bin\Debug\netcoreapp3.0\Kitpymes.Core.Shared.Tests.dll" adapterTypeName="executor://mstestadapter/v2" className="Kitpymes.Core.Shared.Tests.HashTests" name="CreateRandom_WithCustomAllowableCharacters_Passing_Valid_Arguments_Returns_String_Random_Value" />
    </UnitTest>
    <UnitTest name="ToEnvironment_ServiceCollection_Passing_Production_Enviroment_Returns_Production_Name" storage="d:\sferrari\01 - trabajo\repos\netcore\template-netcore-shared\kitpymes.core.shared.tests\bin\debug\netcoreapp3.0\kitpymes.core.shared.tests.dll" id="15fe55e5-cdce-6280-ea15-ef777735767c">
      <Execution id="0e43e196-5df3-42bd-9797-a25b1a4fb01b" />
      <TestMethod codeBase="D:\SFERRARI\01 - TRABAJO\repos\netcore\template-netcore-shared\Kitpymes.Core.Shared.Tests\bin\Debug\netcoreapp3.0\Kitpymes.Core.Shared.Tests.dll" adapterTypeName="executor://mstestadapter/v2" className="Kitpymes.Core.Shared.Tests.ConfigurationBuilderExtensionsTests" name="ToEnvironment_ServiceCollection_Passing_Production_Enviroment_Returns_Production_Name" />
    </UnitTest>
    <UnitTest name="ToServiceMatchingInterface_Passing_Empties_Assemblies_Returns_ApplicationException" storage="d:\sferrari\01 - trabajo\repos\netcore\template-netcore-shared\kitpymes.core.shared.tests\bin\debug\netcoreapp3.0\kitpymes.core.shared.tests.dll" id="760ae14b-6c0d-0288-811d-408b67937415">
      <Execution id="a4b76299-2d96-4377-b7b2-644be503f9b1" />
      <TestMethod codeBase="D:\SFERRARI\01 - TRABAJO\repos\netcore\template-netcore-shared\Kitpymes.Core.Shared.Tests\bin\Debug\netcoreapp3.0\Kitpymes.Core.Shared.Tests.dll" adapterTypeName="executor://mstestadapter/v2" className="Kitpymes.Core.Shared.Tests.ConfigurationBuilderExtensionsTests" name="ToServiceMatchingInterface_Passing_Empties_Assemblies_Returns_ApplicationException" />
    </UnitTest>
    <UnitTest name="ResultInternalServerError" storage="d:\sferrari\01 - trabajo\repos\netcore\template-netcore-shared\kitpymes.core.shared.tests\bin\debug\netcoreapp3.0\kitpymes.core.shared.tests.dll" id="a0fef65e-bc06-762d-4622-91d020572059">
      <Execution id="9fcb2af1-8c3a-4703-a360-061c36c55a33" />
      <TestMethod codeBase="D:\SFERRARI\01 - TRABAJO\repos\netcore\template-netcore-shared\Kitpymes.Core.Shared.Tests\bin\Debug\netcoreapp3.0\Kitpymes.Core.Shared.Tests.dll" adapterTypeName="executor://mstestadapter/v2" className="Kitpymes.Core.Shared.Tests.ResultTest" name="ResultInternalServerError" />
    </UnitTest>
    <UnitTest name="ToMapUpdate_Passing_Destination_Object_Returns_Updated_Destination_Object" storage="d:\sferrari\01 - trabajo\repos\netcore\template-netcore-shared\kitpymes.core.shared.tests\bin\debug\netcoreapp3.0\kitpymes.core.shared.tests.dll" id="71a1897b-b713-c047-1c23-5efdff095b20">
      <Execution id="6d1a4a71-b8cb-4449-822a-c5ea2518865b" />
      <TestMethod codeBase="D:\SFERRARI\01 - TRABAJO\repos\netcore\template-netcore-shared\Kitpymes.Core.Shared.Tests\bin\Debug\netcoreapp3.0\Kitpymes.Core.Shared.Tests.dll" adapterTypeName="executor://mstestadapter/v2" className="Kitpymes.Core.Shared.Tests.AgileMapperExtensionsTests" name="ToMapUpdate_Passing_Destination_Object_Returns_Updated_Destination_Object" />
    </UnitTest>
    <UnitTest name="ToDefaultValue_Passing_byte_Returns_Cero" storage="d:\sferrari\01 - trabajo\repos\netcore\template-netcore-shared\kitpymes.core.shared.tests\bin\debug\netcoreapp3.0\kitpymes.core.shared.tests.dll" id="6c59b811-73c0-2540-9661-8c8f2a459ff2">
      <Execution id="4499488e-8362-4689-b85b-95adbcf946fe" />
      <TestMethod codeBase="D:\SFERRARI\01 - TRABAJO\repos\netcore\template-netcore-shared\Kitpymes.Core.Shared.Tests\bin\Debug\netcoreapp3.0\Kitpymes.Core.Shared.Tests.dll" adapterTypeName="executor://mstestadapter/v2" className="Kitpymes.Core.Shared.Tests.GenericExtensionsTests" name="ToDefaultValue_Passing_byte_Returns_Cero" />
    </UnitTest>
    <UnitTest name="IsLowercase_Passing_ValidArguments_Returns_HasErrorsAndCount" storage="d:\sferrari\01 - trabajo\repos\netcore\template-netcore-shared\kitpymes.core.shared.tests\bin\debug\netcoreapp3.0\kitpymes.core.shared.tests.dll" id="006d3c07-11d3-9f4b-c045-6799df52bbfb">
      <Execution id="2bf42496-c25e-4786-8280-36c98c8c85d1" />
      <TestMethod codeBase="D:\SFERRARI\01 - TRABAJO\repos\netcore\template-netcore-shared\Kitpymes.Core.Shared.Tests\bin\Debug\netcoreapp3.0\Kitpymes.Core.Shared.Tests.dll" adapterTypeName="executor://mstestadapter/v2" className="Kitpymes.Core.Shared.Tests.CheckTests" name="IsLowercase_Passing_ValidArguments_Returns_HasErrorsAndCount" />
    </UnitTest>
    <UnitTest name="IsLowercase_Passing_InvalidArguments_Returns_HasErrorsAndCount" storage="d:\sferrari\01 - trabajo\repos\netcore\template-netcore-shared\kitpymes.core.shared.tests\bin\debug\netcoreapp3.0\kitpymes.core.shared.tests.dll" id="c19b83a3-45fc-e848-cbcc-7f68b66eb4e3">
      <Execution id="aa584b5c-8e5a-4e7d-9ea6-6f8b712dc38a" />
      <TestMethod codeBase="D:\SFERRARI\01 - TRABAJO\repos\netcore\template-netcore-shared\Kitpymes.Core.Shared.Tests\bin\Debug\netcoreapp3.0\Kitpymes.Core.Shared.Tests.dll" adapterTypeName="executor://mstestadapter/v2" className="Kitpymes.Core.Shared.Tests.CheckTests" name="IsLowercase_Passing_InvalidArguments_Returns_HasErrorsAndCount" />
    </UnitTest>
    <UnitTest name="ToEnvironment_Passing_Production_Enviroment_Returns_Production_Name" storage="d:\sferrari\01 - trabajo\repos\netcore\template-netcore-shared\kitpymes.core.shared.tests\bin\debug\netcoreapp3.0\kitpymes.core.shared.tests.dll" id="31126d50-f667-908c-85f3-09f9d9272df9">
      <Execution id="716c04dd-2024-47da-a241-6aa72e557b5e" />
      <TestMethod codeBase="D:\SFERRARI\01 - TRABAJO\repos\netcore\template-netcore-shared\Kitpymes.Core.Shared.Tests\bin\Debug\netcoreapp3.0\Kitpymes.Core.Shared.Tests.dll" adapterTypeName="executor://mstestadapter/v2" className="Kitpymes.Core.Shared.Tests.ApplicationBuilderExtensionsTests" name="ToEnvironment_Passing_Production_Enviroment_Returns_Production_Name" />
    </UnitTest>
    <UnitTest name="ToYesterday_Passing_DateTime_Returns_Yesterday_DateTime" storage="d:\sferrari\01 - trabajo\repos\netcore\template-netcore-shared\kitpymes.core.shared.tests\bin\debug\netcoreapp3.0\kitpymes.core.shared.tests.dll" id="33545399-79af-5e7f-5179-57fe5645f4be">
      <Execution id="5894c7a9-1e39-4429-8723-3b8bae0d3c49" />
      <TestMethod codeBase="D:\SFERRARI\01 - TRABAJO\repos\netcore\template-netcore-shared\Kitpymes.Core.Shared.Tests\bin\Debug\netcoreapp3.0\Kitpymes.Core.Shared.Tests.dll" adapterTypeName="executor://mstestadapter/v2" className="Kitpymes.Core.Shared.Tests.DateTimeExtensionsTests" name="ToYesterday_Passing_DateTime_Returns_Yesterday_DateTime" />
    </UnitTest>
    <UnitTest name="ToEnvironment_Passing_Staging_Enviroment_Returns_Staging_Name" storage="d:\sferrari\01 - trabajo\repos\netcore\template-netcore-shared\kitpymes.core.shared.tests\bin\debug\netcoreapp3.0\kitpymes.core.shared.tests.dll" id="5e237822-3b9d-da27-9221-3ae1f5eb15b0">
      <Execution id="750ded8a-2619-4902-95a7-54625cc9d682" />
      <TestMethod codeBase="D:\SFERRARI\01 - TRABAJO\repos\netcore\template-netcore-shared\Kitpymes.Core.Shared.Tests\bin\Debug\netcoreapp3.0\Kitpymes.Core.Shared.Tests.dll" adapterTypeName="executor://mstestadapter/v2" className="Kitpymes.Core.Shared.Tests.ApplicationBuilderExtensionsTests" name="ToEnvironment_Passing_Staging_Enviroment_Returns_Staging_Name" />
    </UnitTest>
    <UnitTest name="ToIsAuthenticated_Passing_Claims_Returns_True" storage="d:\sferrari\01 - trabajo\repos\netcore\template-netcore-shared\kitpymes.core.shared.tests\bin\debug\netcoreapp3.0\kitpymes.core.shared.tests.dll" id="a75e991f-5e03-3949-85d6-afa1f14455d4">
      <Execution id="4759db4b-63b2-4ef6-8041-4e8922b82c67" />
      <TestMethod codeBase="D:\SFERRARI\01 - TRABAJO\repos\netcore\template-netcore-shared\Kitpymes.Core.Shared.Tests\bin\Debug\netcoreapp3.0\Kitpymes.Core.Shared.Tests.dll" adapterTypeName="executor://mstestadapter/v2" className="Kitpymes.Core.Shared.Tests.ClaimsPrincipalExtensionsTests" name="ToIsAuthenticated_Passing_Claims_Returns_True" />
    </UnitTest>
    <UnitTest name="ToUri_Passing_InvalidValueString_Returns_DefaultValue" storage="d:\sferrari\01 - trabajo\repos\netcore\template-netcore-shared\kitpymes.core.shared.tests\bin\debug\netcoreapp3.0\kitpymes.core.shared.tests.dll" id="bc15aa99-72de-0e5a-b6e8-2d654659d591">
      <Execution id="034a5cc3-8665-45aa-8d4a-2d8ab3c4b0f2" />
      <TestMethod codeBase="D:\SFERRARI\01 - TRABAJO\repos\netcore\template-netcore-shared\Kitpymes.Core.Shared.Tests\bin\Debug\netcoreapp3.0\Kitpymes.Core.Shared.Tests.dll" adapterTypeName="executor://mstestadapter/v2" className="Kitpymes.Core.Shared.Tests.StringExtensionsTests" name="ToUri_Passing_InvalidValueString_Returns_DefaultValue" />
    </UnitTest>
    <UnitTest name="IsUniqueChars_Passing_InvalidArguments_Returns_HasErrorsAndCount" storage="d:\sferrari\01 - trabajo\repos\netcore\template-netcore-shared\kitpymes.core.shared.tests\bin\debug\netcoreapp3.0\kitpymes.core.shared.tests.dll" id="b9a89fa2-355c-e886-bec5-28d3cf549be6">
      <Execution id="b52afa7e-95d9-4356-9ce0-799faa892655" />
      <TestMethod codeBase="D:\SFERRARI\01 - TRABAJO\repos\netcore\template-netcore-shared\Kitpymes.Core.Shared.Tests\bin\Debug\netcoreapp3.0\Kitpymes.Core.Shared.Tests.dll" adapterTypeName="executor://mstestadapter/v2" className="Kitpymes.Core.Shared.Tests.CheckTests" name="IsUniqueChars_Passing_InvalidArguments_Returns_HasErrorsAndCount" />
    </UnitTest>
    <UnitTest name="ToPath_Passing_HttpRequest_Scheme_Host_Path_Returns_Url" storage="d:\sferrari\01 - trabajo\repos\netcore\template-netcore-shared\kitpymes.core.shared.tests\bin\debug\netcoreapp3.0\kitpymes.core.shared.tests.dll" id="5385d994-9594-6052-11cb-73f8d2344981">
      <Execution id="27511717-b0ec-49ba-9c80-ae09e036da51" />
      <TestMethod codeBase="D:\SFERRARI\01 - TRABAJO\repos\netcore\template-netcore-shared\Kitpymes.Core.Shared.Tests\bin\Debug\netcoreapp3.0\Kitpymes.Core.Shared.Tests.dll" adapterTypeName="executor://mstestadapter/v2" className="Kitpymes.Core.Shared.Tests.HttpRequestExtensionsTests" name="ToPath_Passing_HttpRequest_Scheme_Host_Path_Returns_Url" />
    </UnitTest>
    <UnitTest name="CreateSHA512_Passing_Invalid_Arguments_Returns_ApplicationException" storage="d:\sferrari\01 - trabajo\repos\netcore\template-netcore-shared\kitpymes.core.shared.tests\bin\debug\netcoreapp3.0\kitpymes.core.shared.tests.dll" id="f17b6f1f-06a9-5318-815f-4c3950fdd0cb">
      <Execution id="2ca19b91-57a4-437d-97ef-95167ef980a7" />
      <TestMethod codeBase="D:\SFERRARI\01 - TRABAJO\repos\netcore\template-netcore-shared\Kitpymes.Core.Shared.Tests\bin\Debug\netcoreapp3.0\Kitpymes.Core.Shared.Tests.dll" adapterTypeName="executor://mstestadapter/v2" className="Kitpymes.Core.Shared.Tests.HashTests" name="CreateSHA512_Passing_Invalid_Arguments_Returns_ApplicationException" />
    </UnitTest>
    <UnitTest name="ToDefaultValue_Passing_decimal_Returns_Cero" storage="d:\sferrari\01 - trabajo\repos\netcore\template-netcore-shared\kitpymes.core.shared.tests\bin\debug\netcoreapp3.0\kitpymes.core.shared.tests.dll" id="334e3485-05b4-4549-cacd-aef8fff10757">
      <Execution id="d7b790e0-4408-4fbe-bdfb-62f0857e30d8" />
      <TestMethod codeBase="D:\SFERRARI\01 - TRABAJO\repos\netcore\template-netcore-shared\Kitpymes.Core.Shared.Tests\bin\Debug\netcoreapp3.0\Kitpymes.Core.Shared.Tests.dll" adapterTypeName="executor://mstestadapter/v2" className="Kitpymes.Core.Shared.Tests.GenericExtensionsTests" name="ToDefaultValue_Passing_decimal_Returns_Cero" />
    </UnitTest>
    <UnitTest name="ToConfigureOrDefault_Passing_ActionCustomValues_Returns_CustomValues" storage="d:\sferrari\01 - trabajo\repos\netcore\template-netcore-shared\kitpymes.core.shared.tests\bin\debug\netcoreapp3.0\kitpymes.core.shared.tests.dll" id="313cfb2c-8c3b-337b-12f8-296f8611376d">
      <Execution id="ba76fa7a-3b50-4bd5-88fc-a8dda121fca6" />
      <TestMethod codeBase="D:\SFERRARI\01 - TRABAJO\repos\netcore\template-netcore-shared\Kitpymes.Core.Shared.Tests\bin\Debug\netcoreapp3.0\Kitpymes.Core.Shared.Tests.dll" adapterTypeName="executor://mstestadapter/v2" className="Kitpymes.Core.Shared.Tests.ActionExtensionsTests" name="ToConfigureOrDefault_Passing_ActionCustomValues_Returns_CustomValues" />
    </UnitTest>
    <UnitTest name="ToMapMerge_Passing_Destination_Object_Returns_Merged_Destination_Object" storage="d:\sferrari\01 - trabajo\repos\netcore\template-netcore-shared\kitpymes.core.shared.tests\bin\debug\netcoreapp3.0\kitpymes.core.shared.tests.dll" id="ab274dac-b194-4e0f-6fab-a20667b535a8">
      <Execution id="ecdb8a71-0ae2-4118-9f1d-e4c706352e9e" />
      <TestMethod codeBase="D:\SFERRARI\01 - TRABAJO\repos\netcore\template-netcore-shared\Kitpymes.Core.Shared.Tests\bin\Debug\netcoreapp3.0\Kitpymes.Core.Shared.Tests.dll" adapterTypeName="executor://mstestadapter/v2" className="Kitpymes.Core.Shared.Tests.AgileMapperExtensionsTests" name="ToMapMerge_Passing_Destination_Object_Returns_Merged_Destination_Object" />
    </UnitTest>
    <UnitTest name="ToExists_Passing_Claims_Returns_True" storage="d:\sferrari\01 - trabajo\repos\netcore\template-netcore-shared\kitpymes.core.shared.tests\bin\debug\netcoreapp3.0\kitpymes.core.shared.tests.dll" id="57d3cdd8-8268-9aa3-6f39-3cc0224b305c">
      <Execution id="ead498bd-f52c-4129-bcab-69345dd0c5ec" />
      <TestMethod codeBase="D:\SFERRARI\01 - TRABAJO\repos\netcore\template-netcore-shared\Kitpymes.Core.Shared.Tests\bin\Debug\netcoreapp3.0\Kitpymes.Core.Shared.Tests.dll" adapterTypeName="executor://mstestadapter/v2" className="Kitpymes.Core.Shared.Tests.ClaimsPrincipalExtensionsTests" name="ToExists_Passing_Claims_Returns_True" />
    </UnitTest>
    <UnitTest name="ToResultAsync_Passing_StatusCodeAnd_MessageAndContentTypeAndHeader_Values_Returns_Values" storage="d:\sferrari\01 - trabajo\repos\netcore\template-netcore-shared\kitpymes.core.shared.tests\bin\debug\netcoreapp3.0\kitpymes.core.shared.tests.dll" id="161f5d07-7835-e575-5072-b9d787ef451c">
      <Execution id="c419cead-0b71-4aa7-9c60-e733be291f5d" />
      <TestMethod codeBase="D:\SFERRARI\01 - TRABAJO\repos\netcore\template-netcore-shared\Kitpymes.Core.Shared.Tests\bin\Debug\netcoreapp3.0\Kitpymes.Core.Shared.Tests.dll" adapterTypeName="executor://mstestadapter/v2" className="Kitpymes.Core.Shared.Tests.HttpResponseExtensionsTests" name="ToResultAsync_Passing_StatusCodeAnd_MessageAndContentTypeAndHeader_Values_Returns_Values" />
    </UnitTest>
    <UnitTest name="ToDisplay_Passing_Enumeration_Name_Returns_Display_Atributte" storage="d:\sferrari\01 - trabajo\repos\netcore\template-netcore-shared\kitpymes.core.shared.tests\bin\debug\netcoreapp3.0\kitpymes.core.shared.tests.dll" id="d6d04f4a-9142-b816-d673-c4abf49a39ad">
      <Execution id="1da8b77e-7317-4178-8b6f-1413006015a5" />
      <TestMethod codeBase="D:\SFERRARI\01 - TRABAJO\repos\netcore\template-netcore-shared\Kitpymes.Core.Shared.Tests\bin\Debug\netcoreapp3.0\Kitpymes.Core.Shared.Tests.dll" adapterTypeName="executor://mstestadapter/v2" className="Kitpymes.Core.Shared.Tests.EnumExtensionsTests" name="ToDisplay_Passing_Enumeration_Name_Returns_Display_Atributte" />
    </UnitTest>
    <UnitTest name="ToGet_Passing_Claims_Returns_Claim_Value_Int" storage="d:\sferrari\01 - trabajo\repos\netcore\template-netcore-shared\kitpymes.core.shared.tests\bin\debug\netcoreapp3.0\kitpymes.core.shared.tests.dll" id="209cbba1-d5fa-4810-2cb6-ee92ce2e109d">
      <Execution id="1bcea2e2-1459-4d03-849a-baa89b04d723" />
      <TestMethod codeBase="D:\SFERRARI\01 - TRABAJO\repos\netcore\template-netcore-shared\Kitpymes.Core.Shared.Tests\bin\Debug\netcoreapp3.0\Kitpymes.Core.Shared.Tests.dll" adapterTypeName="executor://mstestadapter/v2" className="Kitpymes.Core.Shared.Tests.ClaimsPrincipalExtensionsTests" name="ToGet_Passing_Claims_Returns_Claim_Value_Int" />
    </UnitTest>
    <UnitTest name="ToFormat_Passing_ValidTimeSpanValue_Returns_ValueWithFormatString" storage="d:\sferrari\01 - trabajo\repos\netcore\template-netcore-shared\kitpymes.core.shared.tests\bin\debug\netcoreapp3.0\kitpymes.core.shared.tests.dll" id="ede15cdf-3d1b-3e1a-18dc-485a2d50fe42">
      <Execution id="cd8d3a5c-5075-49a4-80f5-8e850810ff27" />
      <TestMethod codeBase="D:\SFERRARI\01 - TRABAJO\repos\netcore\template-netcore-shared\Kitpymes.Core.Shared.Tests\bin\Debug\netcoreapp3.0\Kitpymes.Core.Shared.Tests.dll" adapterTypeName="executor://mstestadapter/v2" className="Kitpymes.Core.Shared.Tests.TimeSpanExtensionsTests" name="ToFormat_Passing_ValidTimeSpanValue_Returns_ValueWithFormatString" />
    </UnitTest>
    <UnitTest name="ToIsWeekend_Passing_Sunday_DateTime_Returns_True" storage="d:\sferrari\01 - trabajo\repos\netcore\template-netcore-shared\kitpymes.core.shared.tests\bin\debug\netcoreapp3.0\kitpymes.core.shared.tests.dll" id="c8fd6d3c-b723-929b-f175-dbdc2a7be855">
      <Execution id="f571fc51-1481-4813-be77-5231fc915c5e" />
      <TestMethod codeBase="D:\SFERRARI\01 - TRABAJO\repos\netcore\template-netcore-shared\Kitpymes.Core.Shared.Tests\bin\Debug\netcoreapp3.0\Kitpymes.Core.Shared.Tests.dll" adapterTypeName="executor://mstestadapter/v2" className="Kitpymes.Core.Shared.Tests.DateTimeExtensionsTests" name="ToIsWeekend_Passing_Sunday_DateTime_Returns_True" />
    </UnitTest>
    <UnitTest name="IsFileExtension_Passing_InvalidArguments_Returns_HasErrorsAndCount" storage="d:\sferrari\01 - trabajo\repos\netcore\template-netcore-shared\kitpymes.core.shared.tests\bin\debug\netcoreapp3.0\kitpymes.core.shared.tests.dll" id="e608205e-4953-e9a3-1956-895ed42ab083">
      <Execution id="be26b114-7d13-41c8-824b-73bcc13bbb64" />
      <TestMethod codeBase="D:\SFERRARI\01 - TRABAJO\repos\netcore\template-netcore-shared\Kitpymes.Core.Shared.Tests\bin\Debug\netcoreapp3.0\Kitpymes.Core.Shared.Tests.dll" adapterTypeName="executor://mstestadapter/v2" className="Kitpymes.Core.Shared.Tests.CheckTests" name="IsFileExtension_Passing_InvalidArguments_Returns_HasErrorsAndCount" />
    </UnitTest>
    <UnitTest name="ToReplaceSpecialChars_Passing_ValidValue_Returns_ReplacedValueWithoutIgnoreSpecialChars" storage="d:\sferrari\01 - trabajo\repos\netcore\template-netcore-shared\kitpymes.core.shared.tests\bin\debug\netcoreapp3.0\kitpymes.core.shared.tests.dll" id="29112d2a-2e73-305d-ec50-12fc95c28627">
      <Execution id="8461bcd3-771e-48e5-9743-3dc62385fb9b" />
      <TestMethod codeBase="D:\SFERRARI\01 - TRABAJO\repos\netcore\template-netcore-shared\Kitpymes.Core.Shared.Tests\bin\Debug\netcoreapp3.0\Kitpymes.Core.Shared.Tests.dll" adapterTypeName="executor://mstestadapter/v2" className="Kitpymes.Core.Shared.Tests.StringExtensionsTests" name="ToReplaceSpecialChars_Passing_ValidValue_Returns_ReplacedValueWithoutIgnoreSpecialChars" />
    </UnitTest>
    <UnitTest name="IsDomain_Passing_InvalidArguments_Returns_HasErrorsAndCount" storage="d:\sferrari\01 - trabajo\repos\netcore\template-netcore-shared\kitpymes.core.shared.tests\bin\debug\netcoreapp3.0\kitpymes.core.shared.tests.dll" id="3bd7277d-4ad0-51ee-d24c-53176ec3cc7f">
      <Execution id="edf0d286-69e8-4131-bedd-ac9893317cf8" />
      <TestMethod codeBase="D:\SFERRARI\01 - TRABAJO\repos\netcore\template-netcore-shared\Kitpymes.Core.Shared.Tests\bin\Debug\netcoreapp3.0\Kitpymes.Core.Shared.Tests.dll" adapterTypeName="executor://mstestadapter/v2" className="Kitpymes.Core.Shared.Tests.CheckTests" name="IsDomain_Passing_InvalidArguments_Returns_HasErrorsAndCount" />
    </UnitTest>
    <UnitTest name="ToFormat_Passing_ValidValueFormatWithArguments_Returns_ValueWithFormat" storage="d:\sferrari\01 - trabajo\repos\netcore\template-netcore-shared\kitpymes.core.shared.tests\bin\debug\netcoreapp3.0\kitpymes.core.shared.tests.dll" id="ac572b27-5286-68a4-5380-d7de82fbf69a">
      <Execution id="401d3e62-97ef-4af6-bc63-3cfb6537de9c" />
      <TestMethod codeBase="D:\SFERRARI\01 - TRABAJO\repos\netcore\template-netcore-shared\Kitpymes.Core.Shared.Tests\bin\Debug\netcoreapp3.0\Kitpymes.Core.Shared.Tests.dll" adapterTypeName="executor://mstestadapter/v2" className="Kitpymes.Core.Shared.Tests.StringExtensionsTests" name="ToFormat_Passing_ValidValueFormatWithArguments_Returns_ValueWithFormat" />
    </UnitTest>
    <UnitTest name="ToConfigureOrDefault_Passing_DefaultValues_And_ActionCustomValues_Returns_DefaultValues_And_CustomValues" storage="d:\sferrari\01 - trabajo\repos\netcore\template-netcore-shared\kitpymes.core.shared.tests\bin\debug\netcoreapp3.0\kitpymes.core.shared.tests.dll" id="53cbdd8e-a1ef-5d22-8745-938609ed19c2">
      <Execution id="169921d9-8ff0-41f0-b1ba-d28a42362986" />
      <TestMethod codeBase="D:\SFERRARI\01 - TRABAJO\repos\netcore\template-netcore-shared\Kitpymes.Core.Shared.Tests\bin\Debug\netcoreapp3.0\Kitpymes.Core.Shared.Tests.dll" adapterTypeName="executor://mstestadapter/v2" className="Kitpymes.Core.Shared.Tests.ActionExtensionsTests" name="ToConfigureOrDefault_Passing_DefaultValues_And_ActionCustomValues_Returns_DefaultValues_And_CustomValues" />
    </UnitTest>
    <UnitTest name="ToEnvironment_Passing_Custom_Enviroment_Returns_Custom_Name" storage="d:\sferrari\01 - trabajo\repos\netcore\template-netcore-shared\kitpymes.core.shared.tests\bin\debug\netcoreapp3.0\kitpymes.core.shared.tests.dll" id="69b6ed05-fdf2-6989-0583-109b4777a6ac">
      <Execution id="043bcc61-552f-49c1-85cc-cd493259ba4b" />
      <TestMethod codeBase="D:\SFERRARI\01 - TRABAJO\repos\netcore\template-netcore-shared\Kitpymes.Core.Shared.Tests\bin\Debug\netcoreapp3.0\Kitpymes.Core.Shared.Tests.dll" adapterTypeName="executor://mstestadapter/v2" className="Kitpymes.Core.Shared.Tests.ApplicationBuilderExtensionsTests" name="ToEnvironment_Passing_Custom_Enviroment_Returns_Custom_Name" />
    </UnitTest>
    <UnitTest name="ToDefaultValue_Passing_long_Returns_Cero" storage="d:\sferrari\01 - trabajo\repos\netcore\template-netcore-shared\kitpymes.core.shared.tests\bin\debug\netcoreapp3.0\kitpymes.core.shared.tests.dll" id="e93b141b-fdfd-0f98-21e5-3eb211b6e88b">
      <Execution id="bb368b60-dc5d-4387-aefd-380e2b6f96e5" />
      <TestMethod codeBase="D:\SFERRARI\01 - TRABAJO\repos\netcore\template-netcore-shared\Kitpymes.Core.Shared.Tests\bin\Debug\netcoreapp3.0\Kitpymes.Core.Shared.Tests.dll" adapterTypeName="executor://mstestadapter/v2" className="Kitpymes.Core.Shared.Tests.GenericExtensionsTests" name="ToDefaultValue_Passing_long_Returns_Cero" />
    </UnitTest>
    <UnitTest name="ToHashAlgorithmName_Passing_InvalidValueLowerCaseStringWithDefaultValue_Returns_DefaultValue" storage="d:\sferrari\01 - trabajo\repos\netcore\template-netcore-shared\kitpymes.core.shared.tests\bin\debug\netcoreapp3.0\kitpymes.core.shared.tests.dll" id="d5506b30-7041-6d90-bd03-bcd5b2479c40">
      <Execution id="466571d9-03c0-46e4-8e25-0befb6e595c5" />
      <TestMethod codeBase="D:\SFERRARI\01 - TRABAJO\repos\netcore\template-netcore-shared\Kitpymes.Core.Shared.Tests\bin\Debug\netcoreapp3.0\Kitpymes.Core.Shared.Tests.dll" adapterTypeName="executor://mstestadapter/v2" className="Kitpymes.Core.Shared.Tests.StringExtensionsTests" name="ToHashAlgorithmName_Passing_InvalidValueLowerCaseStringWithDefaultValue_Returns_DefaultValue" />
    </UnitTest>
    <UnitTest name="ToDefaultValue_Passing_ushort_Returns_Cero" storage="d:\sferrari\01 - trabajo\repos\netcore\template-netcore-shared\kitpymes.core.shared.tests\bin\debug\netcoreapp3.0\kitpymes.core.shared.tests.dll" id="47f3e733-f069-b79f-9f6d-7c11fc368663">
      <Execution id="6466a37b-c84c-4d41-a6c8-6c4bc4b38ce4" />
      <TestMethod codeBase="D:\SFERRARI\01 - TRABAJO\repos\netcore\template-netcore-shared\Kitpymes.Core.Shared.Tests\bin\Debug\netcoreapp3.0\Kitpymes.Core.Shared.Tests.dll" adapterTypeName="executor://mstestadapter/v2" className="Kitpymes.Core.Shared.Tests.GenericExtensionsTests" name="ToDefaultValue_Passing_ushort_Returns_Cero" />
    </UnitTest>
    <UnitTest name="ToIsNullOrEmpty_Passing_InvalidValue_Returns_True" storage="d:\sferrari\01 - trabajo\repos\netcore\template-netcore-shared\kitpymes.core.shared.tests\bin\debug\netcoreapp3.0\kitpymes.core.shared.tests.dll" id="297c060d-406b-f933-91fe-dfd3459b8ace">
      <Execution id="15b27aca-4c46-483d-ae96-8139623cac34" />
      <TestMethod codeBase="D:\SFERRARI\01 - TRABAJO\repos\netcore\template-netcore-shared\Kitpymes.Core.Shared.Tests\bin\Debug\netcoreapp3.0\Kitpymes.Core.Shared.Tests.dll" adapterTypeName="executor://mstestadapter/v2" className="Kitpymes.Core.Shared.Tests.CheckExtensionsTests" name="ToIsNullOrEmpty_Passing_InvalidValue_Returns_True" />
    </UnitTest>
    <UnitTest name="ToDirectoryFindFilePath_Passing_ValidValueIntoSubDirectory_Returns_FilePath" storage="d:\sferrari\01 - trabajo\repos\netcore\template-netcore-shared\kitpymes.core.shared.tests\bin\debug\netcoreapp3.0\kitpymes.core.shared.tests.dll" id="5fda35dc-4db7-2169-9391-a6295d2ec5fd">
      <Execution id="8071bdff-1adf-44cb-9617-762bd57d9a8b" />
      <TestMethod codeBase="D:\SFERRARI\01 - TRABAJO\repos\netcore\template-netcore-shared\Kitpymes.Core.Shared.Tests\bin\Debug\netcoreapp3.0\Kitpymes.Core.Shared.Tests.dll" adapterTypeName="executor://mstestadapter/v2" className="Kitpymes.Core.Shared.Tests.StringExtensionsTests" name="ToDirectoryFindFilePath_Passing_ValidValueIntoSubDirectory_Returns_FilePath" />
    </UnitTest>
    <UnitTest name="ToHasErrors_Passing_InvalidValue_Returns_ApplicationExceptionWithMessage" storage="d:\sferrari\01 - trabajo\repos\netcore\template-netcore-shared\kitpymes.core.shared.tests\bin\debug\netcoreapp3.0\kitpymes.core.shared.tests.dll" id="1340b308-d9eb-a26e-e042-04d6c1d9a958">
      <Execution id="e9140998-91dd-4e22-bc78-603361b05f7b" />
      <TestMethod codeBase="D:\SFERRARI\01 - TRABAJO\repos\netcore\template-netcore-shared\Kitpymes.Core.Shared.Tests\bin\Debug\netcoreapp3.0\Kitpymes.Core.Shared.Tests.dll" adapterTypeName="executor://mstestadapter/v2" className="Kitpymes.Core.Shared.Tests.CheckExtensionsTests" name="ToHasErrors_Passing_InvalidValue_Returns_ApplicationExceptionWithMessage" />
    </UnitTest>
    <UnitTest name="ToConfiguration_Passing_Key_Values_Returns_Ok" storage="d:\sferrari\01 - trabajo\repos\netcore\template-netcore-shared\kitpymes.core.shared.tests\bin\debug\netcoreapp3.0\kitpymes.core.shared.tests.dll" id="66f7bc12-fe2b-fd81-3cbf-5bc4840aa6f8">
      <Execution id="a28d94ca-cacf-43bd-89f2-a5f79d43b3a5" />
      <TestMethod codeBase="D:\SFERRARI\01 - TRABAJO\repos\netcore\template-netcore-shared\Kitpymes.Core.Shared.Tests\bin\Debug\netcoreapp3.0\Kitpymes.Core.Shared.Tests.dll" adapterTypeName="executor://mstestadapter/v2" className="Kitpymes.Core.Shared.Tests.ConfigurationBuilderExtensionsTests" name="ToConfiguration_Passing_Key_Values_Returns_Ok" />
    </UnitTest>
    <UnitTest name="IsUniqueChars_Passing_ValidArguments_Returns_HasErrorsAndCount" storage="d:\sferrari\01 - trabajo\repos\netcore\template-netcore-shared\kitpymes.core.shared.tests\bin\debug\netcoreapp3.0\kitpymes.core.shared.tests.dll" id="fcd9a6e3-ee1d-7212-668e-2b0865200d81">
      <Execution id="ec690cc6-6ff7-4cfa-98e0-fffcf926e05b" />
      <TestMethod codeBase="D:\SFERRARI\01 - TRABAJO\repos\netcore\template-netcore-shared\Kitpymes.Core.Shared.Tests\bin\Debug\netcoreapp3.0\Kitpymes.Core.Shared.Tests.dll" adapterTypeName="executor://mstestadapter/v2" className="Kitpymes.Core.Shared.Tests.CheckTests" name="IsUniqueChars_Passing_ValidArguments_Returns_HasErrorsAndCount" />
    </UnitTest>
    <UnitTest name="ToEmptyIfNull_Passing_Null_Collection_Returns_Empty_Collection" storage="d:\sferrari\01 - trabajo\repos\netcore\template-netcore-shared\kitpymes.core.shared.tests\bin\debug\netcoreapp3.0\kitpymes.core.shared.tests.dll" id="3e6d6aa9-9b6d-dd96-b54c-49f88780a2b4">
      <Execution id="f5ebd1c7-f149-49d5-90e1-7a8bf528f8be" />
      <TestMethod codeBase="D:\SFERRARI\01 - TRABAJO\repos\netcore\template-netcore-shared\Kitpymes.Core.Shared.Tests\bin\Debug\netcoreapp3.0\Kitpymes.Core.Shared.Tests.dll" adapterTypeName="executor://mstestadapter/v2" className="Kitpymes.Core.Shared.Tests.EnumerableExtensionsTests" name="ToEmptyIfNull_Passing_Null_Collection_Returns_Empty_Collection" />
    </UnitTest>
    <UnitTest name="ToZipExtract_Passing_ValidArchive_Returns_Files" storage="d:\sferrari\01 - trabajo\repos\netcore\template-netcore-shared\kitpymes.core.shared.tests\bin\debug\netcoreapp3.0\kitpymes.core.shared.tests.dll" id="967da852-80aa-48c8-4fdf-7229c80964ce">
      <Execution id="829cac50-64b1-48af-bbc4-3b9335b683ff" />
      <TestMethod codeBase="D:\SFERRARI\01 - TRABAJO\repos\netcore\template-netcore-shared\Kitpymes.Core.Shared.Tests\bin\Debug\netcoreapp3.0\Kitpymes.Core.Shared.Tests.dll" adapterTypeName="executor://mstestadapter/v2" className="Kitpymes.Core.Shared.Tests.StringExtensionsTests" name="ToZipExtract_Passing_ValidArchive_Returns_Files" />
    </UnitTest>
    <UnitTest name="ToEnum_Passing_InvalidValueInt_Returns_EnumDefaultValue" storage="d:\sferrari\01 - trabajo\repos\netcore\template-netcore-shared\kitpymes.core.shared.tests\bin\debug\netcoreapp3.0\kitpymes.core.shared.tests.dll" id="8c1d1a56-be42-3df5-a82e-36b97c2860b8">
      <Execution id="c2091db6-c5cc-4b98-85c1-0ee0d407f967" />
      <TestMethod codeBase="D:\SFERRARI\01 - TRABAJO\repos\netcore\template-netcore-shared\Kitpymes.Core.Shared.Tests\bin\Debug\netcoreapp3.0\Kitpymes.Core.Shared.Tests.dll" adapterTypeName="executor://mstestadapter/v2" className="Kitpymes.Core.Shared.Tests.StringExtensionsTests" name="ToEnum_Passing_InvalidValueInt_Returns_EnumDefaultValue" />
    </UnitTest>
    <UnitTest name="ToMapList_Passing_Source_Type_And_Destination_Type_Returns_Destination_Object_List" storage="d:\sferrari\01 - trabajo\repos\netcore\template-netcore-shared\kitpymes.core.shared.tests\bin\debug\netcoreapp3.0\kitpymes.core.shared.tests.dll" id="f8b74494-d277-7173-e694-2a4d463a4607">
      <Execution id="021e2b94-cf9b-432c-afe0-a4ccf2c49611" />
      <TestMethod codeBase="D:\SFERRARI\01 - TRABAJO\repos\netcore\template-netcore-shared\Kitpymes.Core.Shared.Tests\bin\Debug\netcoreapp3.0\Kitpymes.Core.Shared.Tests.dll" adapterTypeName="executor://mstestadapter/v2" className="Kitpymes.Core.Shared.Tests.AgileMapperExtensionsTests" name="ToMapList_Passing_Source_Type_And_Destination_Type_Returns_Destination_Object_List" />
    </UnitTest>
    <UnitTest name="ToExists_Passing_Valid_Service_Returns_True" storage="d:\sferrari\01 - trabajo\repos\netcore\template-netcore-shared\kitpymes.core.shared.tests\bin\debug\netcoreapp3.0\kitpymes.core.shared.tests.dll" id="e2880a6e-7a01-b4ba-86fb-4d33be072972">
      <Execution id="d1776141-fc3e-4741-91ff-88ce08b44c74" />
      <TestMethod codeBase="D:\SFERRARI\01 - TRABAJO\repos\netcore\template-netcore-shared\Kitpymes.Core.Shared.Tests\bin\Debug\netcoreapp3.0\Kitpymes.Core.Shared.Tests.dll" adapterTypeName="executor://mstestadapter/v2" className="Kitpymes.Core.Shared.Tests.ConfigurationBuilderExtensionsTests" name="ToExists_Passing_Valid_Service_Returns_True" />
    </UnitTest>
    <UnitTest name="ToMapNew_Passing_TDestination_Returns_New_Destination_Object" storage="d:\sferrari\01 - trabajo\repos\netcore\template-netcore-shared\kitpymes.core.shared.tests\bin\debug\netcoreapp3.0\kitpymes.core.shared.tests.dll" id="0ee8121e-b492-a57d-d072-de988a4e30f8">
      <Execution id="05a46f92-9b4a-4071-8e14-69c177f56346" />
      <TestMethod codeBase="D:\SFERRARI\01 - TRABAJO\repos\netcore\template-netcore-shared\Kitpymes.Core.Shared.Tests\bin\Debug\netcoreapp3.0\Kitpymes.Core.Shared.Tests.dll" adapterTypeName="executor://mstestadapter/v2" className="Kitpymes.Core.Shared.Tests.AgileMapperExtensionsTests" name="ToMapNew_Passing_TDestination_Returns_New_Destination_Object" />
    </UnitTest>
    <UnitTest name="IsName_Passing_InvalidArguments_Returns_HasErrorsAndCount" storage="d:\sferrari\01 - trabajo\repos\netcore\template-netcore-shared\kitpymes.core.shared.tests\bin\debug\netcoreapp3.0\kitpymes.core.shared.tests.dll" id="9eeef095-29ed-4872-a36c-ca4832350421">
      <Execution id="2ca30e24-e6c0-4b89-80e0-4297b38bea41" />
      <TestMethod codeBase="D:\SFERRARI\01 - TRABAJO\repos\netcore\template-netcore-shared\Kitpymes.Core.Shared.Tests\bin\Debug\netcoreapp3.0\Kitpymes.Core.Shared.Tests.dll" adapterTypeName="executor://mstestadapter/v2" className="Kitpymes.Core.Shared.Tests.CheckTests" name="IsName_Passing_InvalidArguments_Returns_HasErrorsAndCount" />
    </UnitTest>
    <UnitTest name="IsHostname_Passing_InvalidArguments_Returns_HasErrorsAndCount" storage="d:\sferrari\01 - trabajo\repos\netcore\template-netcore-shared\kitpymes.core.shared.tests\bin\debug\netcoreapp3.0\kitpymes.core.shared.tests.dll" id="4a3afd90-c6ab-e82e-40d8-b40450680318">
      <Execution id="d3d43f01-b148-4f06-b235-a19478cffdc4" />
      <TestMethod codeBase="D:\SFERRARI\01 - TRABAJO\repos\netcore\template-netcore-shared\Kitpymes.Core.Shared.Tests\bin\Debug\netcoreapp3.0\Kitpymes.Core.Shared.Tests.dll" adapterTypeName="executor://mstestadapter/v2" className="Kitpymes.Core.Shared.Tests.CheckTests" name="IsHostname_Passing_InvalidArguments_Returns_HasErrorsAndCount" />
    </UnitTest>
    <UnitTest name="IsName_Passing_ValidArguments_Returns_HasErrorsAndCount" storage="d:\sferrari\01 - trabajo\repos\netcore\template-netcore-shared\kitpymes.core.shared.tests\bin\debug\netcoreapp3.0\kitpymes.core.shared.tests.dll" id="0e702ef4-7e85-bcb3-3879-32ee56a27932">
      <Execution id="60df7f8e-a83b-421d-ba0f-b85e1a610534" />
      <TestMethod codeBase="D:\SFERRARI\01 - TRABAJO\repos\netcore\template-netcore-shared\Kitpymes.Core.Shared.Tests\bin\Debug\netcoreapp3.0\Kitpymes.Core.Shared.Tests.dll" adapterTypeName="executor://mstestadapter/v2" className="Kitpymes.Core.Shared.Tests.CheckTests" name="IsName_Passing_ValidArguments_Returns_HasErrorsAndCount" />
    </UnitTest>
    <UnitTest name="ToSubdomain_Passing_HttpRequest_Host_Returns_Subdomain" storage="d:\sferrari\01 - trabajo\repos\netcore\template-netcore-shared\kitpymes.core.shared.tests\bin\debug\netcoreapp3.0\kitpymes.core.shared.tests.dll" id="e9b23f0c-0cde-4603-1739-ee642fd33c36">
      <Execution id="b5a8c3ce-376c-4d19-9705-65454a9979b0" />
      <TestMethod codeBase="D:\SFERRARI\01 - TRABAJO\repos\netcore\template-netcore-shared\Kitpymes.Core.Shared.Tests\bin\Debug\netcoreapp3.0\Kitpymes.Core.Shared.Tests.dll" adapterTypeName="executor://mstestadapter/v2" className="Kitpymes.Core.Shared.Tests.HttpRequestExtensionsTests" name="ToSubdomain_Passing_HttpRequest_Host_Returns_Subdomain" />
    </UnitTest>
    <UnitTest name="ToCount_Passing_ValidEnumType_Returns_Count" storage="d:\sferrari\01 - trabajo\repos\netcore\template-netcore-shared\kitpymes.core.shared.tests\bin\debug\netcoreapp3.0\kitpymes.core.shared.tests.dll" id="bc6955b8-aec0-957c-bad4-853e5cfa19a1">
      <Execution id="725a1a66-4bca-4e63-badc-726eba2fa45d" />
      <TestMethod codeBase="D:\SFERRARI\01 - TRABAJO\repos\netcore\template-netcore-shared\Kitpymes.Core.Shared.Tests\bin\Debug\netcoreapp3.0\Kitpymes.Core.Shared.Tests.dll" adapterTypeName="executor://mstestadapter/v2" className="Kitpymes.Core.Shared.Tests.EnumsTests" name="ToCount_Passing_ValidEnumType_Returns_Count" />
    </UnitTest>
    <UnitTest name="ResultDataBadRequest_WithErrors_Value" storage="d:\sferrari\01 - trabajo\repos\netcore\template-netcore-shared\kitpymes.core.shared.tests\bin\debug\netcoreapp3.0\kitpymes.core.shared.tests.dll" id="8f970201-c66a-ecfa-fa45-503451c8c439">
      <Execution id="625a1d10-4c39-480a-b435-8488acf8874e" />
      <TestMethod codeBase="D:\SFERRARI\01 - TRABAJO\repos\netcore\template-netcore-shared\Kitpymes.Core.Shared.Tests\bin\Debug\netcoreapp3.0\Kitpymes.Core.Shared.Tests.dll" adapterTypeName="executor://mstestadapter/v2" className="Kitpymes.Core.Shared.Tests.ResultTest" name="ResultDataBadRequest_WithErrors_Value" />
    </UnitTest>
    <UnitTest name="ToService_Passing_NotFound_Service_Returns_Null" storage="d:\sferrari\01 - trabajo\repos\netcore\template-netcore-shared\kitpymes.core.shared.tests\bin\debug\netcoreapp3.0\kitpymes.core.shared.tests.dll" id="c330741e-ad40-618c-36cc-508c135d2b95">
      <Execution id="8ffda7ce-31f4-41d6-ada0-f18854782b89" />
      <TestMethod codeBase="D:\SFERRARI\01 - TRABAJO\repos\netcore\template-netcore-shared\Kitpymes.Core.Shared.Tests\bin\Debug\netcoreapp3.0\Kitpymes.Core.Shared.Tests.dll" adapterTypeName="executor://mstestadapter/v2" className="Kitpymes.Core.Shared.Tests.ConfigurationBuilderExtensionsTests" name="ToService_Passing_NotFound_Service_Returns_Null" />
    </UnitTest>
    <UnitTest name="ToSettings_Passing_Values_From_AppSettingsFile_Returns_Settings" storage="d:\sferrari\01 - trabajo\repos\netcore\template-netcore-shared\kitpymes.core.shared.tests\bin\debug\netcoreapp3.0\kitpymes.core.shared.tests.dll" id="1577c538-d1be-5b59-2b09-8e59b0be5fcd">
      <Execution id="bb2aab70-f0e1-4fa0-b60c-07bf1e334d93" />
      <TestMethod codeBase="D:\SFERRARI\01 - TRABAJO\repos\netcore\template-netcore-shared\Kitpymes.Core.Shared.Tests\bin\Debug\netcoreapp3.0\Kitpymes.Core.Shared.Tests.dll" adapterTypeName="executor://mstestadapter/v2" className="Kitpymes.Core.Shared.Tests.ConfigurationBuilderExtensionsTests" name="ToSettings_Passing_Values_From_AppSettingsFile_Returns_Settings" />
    </UnitTest>
    <UnitTest name="ToIsEmailThrow_Passing_InvalidValue_Returns_ApplicationExceptionWithMessage" storage="d:\sferrari\01 - trabajo\repos\netcore\template-netcore-shared\kitpymes.core.shared.tests\bin\debug\netcoreapp3.0\kitpymes.core.shared.tests.dll" id="def94964-1ba4-f78f-2dac-38055bb04256">
      <Execution id="73b7e186-790c-40d3-959e-2376c4fce819" />
      <TestMethod codeBase="D:\SFERRARI\01 - TRABAJO\repos\netcore\template-netcore-shared\Kitpymes.Core.Shared.Tests\bin\Debug\netcoreapp3.0\Kitpymes.Core.Shared.Tests.dll" adapterTypeName="executor://mstestadapter/v2" className="Kitpymes.Core.Shared.Tests.CheckExtensionsTests" name="ToIsEmailThrow_Passing_InvalidValue_Returns_ApplicationExceptionWithMessage" />
    </UnitTest>
    <UnitTest name="ResultDataInternalServerError" storage="d:\sferrari\01 - trabajo\repos\netcore\template-netcore-shared\kitpymes.core.shared.tests\bin\debug\netcoreapp3.0\kitpymes.core.shared.tests.dll" id="d0b36a04-4127-30ad-3e5f-debee628dde9">
      <Execution id="9780e71a-8ff6-4a16-8306-1a9b0d55aef9" />
      <TestMethod codeBase="D:\SFERRARI\01 - TRABAJO\repos\netcore\template-netcore-shared\Kitpymes.Core.Shared.Tests\bin\Debug\netcoreapp3.0\Kitpymes.Core.Shared.Tests.dll" adapterTypeName="executor://mstestadapter/v2" className="Kitpymes.Core.Shared.Tests.ResultTest" name="ResultDataInternalServerError" />
    </UnitTest>
    <UnitTest name="ToCompress_Passing_Value_Bytes_Returns_Value_Bytes" storage="d:\sferrari\01 - trabajo\repos\netcore\template-netcore-shared\kitpymes.core.shared.tests\bin\debug\netcoreapp3.0\kitpymes.core.shared.tests.dll" id="7a313c49-8adc-98e3-cdda-86b900f0ade6">
      <Execution id="1c0411ee-4110-4da6-8434-2d0ff22c1807" />
      <TestMethod codeBase="D:\SFERRARI\01 - TRABAJO\repos\netcore\template-netcore-shared\Kitpymes.Core.Shared.Tests\bin\Debug\netcoreapp3.0\Kitpymes.Core.Shared.Tests.dll" adapterTypeName="executor://mstestadapter/v2" className="Kitpymes.Core.Shared.Tests.BytesExtensionsTests" name="ToCompress_Passing_Value_Bytes_Returns_Value_Bytes" />
    </UnitTest>
    <UnitTest name="ToDefaultValue_Passing_ValidStruct_Returns_DefaultValue" storage="d:\sferrari\01 - trabajo\repos\netcore\template-netcore-shared\kitpymes.core.shared.tests\bin\debug\netcoreapp3.0\kitpymes.core.shared.tests.dll" id="ffa669f9-8e25-a33b-f8f7-c3ba4a576a2b">
      <Execution id="681b4023-38ce-4acd-940b-7f6aafb22cc0" />
      <TestMethod codeBase="D:\SFERRARI\01 - TRABAJO\repos\netcore\template-netcore-shared\Kitpymes.Core.Shared.Tests\bin\Debug\netcoreapp3.0\Kitpymes.Core.Shared.Tests.dll" adapterTypeName="executor://mstestadapter/v2" className="Kitpymes.Core.Shared.Tests.TypeExtensionsTests" name="ToDefaultValue_Passing_ValidStruct_Returns_DefaultValue" />
    </UnitTest>
    <UnitTest name="ToIsWeekend_Passing_Saturday_DateTime_Returns_True" storage="d:\sferrari\01 - trabajo\repos\netcore\template-netcore-shared\kitpymes.core.shared.tests\bin\debug\netcoreapp3.0\kitpymes.core.shared.tests.dll" id="18040ed3-941e-dd1e-cb8c-4d34d103f370">
      <Execution id="dac36355-a797-4995-8858-ead88755e869" />
      <TestMethod codeBase="D:\SFERRARI\01 - TRABAJO\repos\netcore\template-netcore-shared\Kitpymes.Core.Shared.Tests\bin\Debug\netcoreapp3.0\Kitpymes.Core.Shared.Tests.dll" adapterTypeName="executor://mstestadapter/v2" className="Kitpymes.Core.Shared.Tests.DateTimeExtensionsTests" name="ToIsWeekend_Passing_Saturday_DateTime_Returns_True" />
    </UnitTest>
    <UnitTest name="ToZipCreate_Passing_ValidFilesWithCutomZipName_Returns_ZipFiles" storage="d:\sferrari\01 - trabajo\repos\netcore\template-netcore-shared\kitpymes.core.shared.tests\bin\debug\netcoreapp3.0\kitpymes.core.shared.tests.dll" id="b51b5293-5162-7db8-79c0-6e7b6f1c51a5">
      <Execution id="9f381cee-6f8d-4f88-b809-270bce666cf7" />
      <TestMethod codeBase="D:\SFERRARI\01 - TRABAJO\repos\netcore\template-netcore-shared\Kitpymes.Core.Shared.Tests\bin\Debug\netcoreapp3.0\Kitpymes.Core.Shared.Tests.dll" adapterTypeName="executor://mstestadapter/v2" className="Kitpymes.Core.Shared.Tests.StringExtensionsTests" name="ToZipCreate_Passing_ValidFilesWithCutomZipName_Returns_ZipFiles" />
    </UnitTest>
    <UnitTest name="ToHashAlgorithmName_Passing_InvalidValueStringWithDefaultValue_Returns_DefaultValue" storage="d:\sferrari\01 - trabajo\repos\netcore\template-netcore-shared\kitpymes.core.shared.tests\bin\debug\netcoreapp3.0\kitpymes.core.shared.tests.dll" id="ab527057-69f2-0a9a-89fd-18928a3920fd">
      <Execution id="f04f82be-ee41-49b4-b7c7-437d633ff866" />
      <TestMethod codeBase="D:\SFERRARI\01 - TRABAJO\repos\netcore\template-netcore-shared\Kitpymes.Core.Shared.Tests\bin\Debug\netcoreapp3.0\Kitpymes.Core.Shared.Tests.dll" adapterTypeName="executor://mstestadapter/v2" className="Kitpymes.Core.Shared.Tests.StringExtensionsTests" name="ToHashAlgorithmName_Passing_InvalidValueStringWithDefaultValue_Returns_DefaultValue" />
    </UnitTest>
    <UnitTest name="ToEnvironment_ServiceCollection_Passing_Custom_Enviroment_Returns_Custom_Name" storage="d:\sferrari\01 - trabajo\repos\netcore\template-netcore-shared\kitpymes.core.shared.tests\bin\debug\netcoreapp3.0\kitpymes.core.shared.tests.dll" id="21ae5425-e2d1-002f-334f-105a6a674a01">
      <Execution id="af01fafe-471e-49ef-8d62-f734c0a66979" />
      <TestMethod codeBase="D:\SFERRARI\01 - TRABAJO\repos\netcore\template-netcore-shared\Kitpymes.Core.Shared.Tests\bin\Debug\netcoreapp3.0\Kitpymes.Core.Shared.Tests.dll" adapterTypeName="executor://mstestadapter/v2" className="Kitpymes.Core.Shared.Tests.ConfigurationBuilderExtensionsTests" name="ToEnvironment_ServiceCollection_Passing_Custom_Enviroment_Returns_Custom_Name" />
    </UnitTest>
    <UnitTest name="ToList_Passing_ValidEnumTypeWithSelectedValueWithResourceType_Returns_ValuesList" storage="d:\sferrari\01 - trabajo\repos\netcore\template-netcore-shared\kitpymes.core.shared.tests\bin\debug\netcoreapp3.0\kitpymes.core.shared.tests.dll" id="9af963da-8209-d683-34a5-be793bc59993">
      <Execution id="89332640-2484-46b1-ae37-9315f791d069" />
      <TestMethod codeBase="D:\SFERRARI\01 - TRABAJO\repos\netcore\template-netcore-shared\Kitpymes.Core.Shared.Tests\bin\Debug\netcoreapp3.0\Kitpymes.Core.Shared.Tests.dll" adapterTypeName="executor://mstestadapter/v2" className="Kitpymes.Core.Shared.Tests.EnumsTests" name="ToList_Passing_ValidEnumTypeWithSelectedValueWithResourceType_Returns_ValuesList" />
    </UnitTest>
    <UnitTest name="IsDirectory_Passing_InvalidArguments_Returns_HasErrorsAndCount" storage="d:\sferrari\01 - trabajo\repos\netcore\template-netcore-shared\kitpymes.core.shared.tests\bin\debug\netcoreapp3.0\kitpymes.core.shared.tests.dll" id="ee30e1f9-ce80-c70a-1b56-b7e02750ae26">
      <Execution id="599525a5-18b9-4617-9a5f-daac4356e1b9" />
      <TestMethod codeBase="D:\SFERRARI\01 - TRABAJO\repos\netcore\template-netcore-shared\Kitpymes.Core.Shared.Tests\bin\Debug\netcoreapp3.0\Kitpymes.Core.Shared.Tests.dll" adapterTypeName="executor://mstestadapter/v2" className="Kitpymes.Core.Shared.Tests.CheckTests" name="IsDirectory_Passing_InvalidArguments_Returns_HasErrorsAndCount" />
    </UnitTest>
    <UnitTest name="ToService_Passing_Valid_Service_Returns_Service" storage="d:\sferrari\01 - trabajo\repos\netcore\template-netcore-shared\kitpymes.core.shared.tests\bin\debug\netcoreapp3.0\kitpymes.core.shared.tests.dll" id="0b1e4893-9444-2235-b7fa-3782f9932212">
      <Execution id="bc0d2a9a-941f-44ad-8a10-467c3e5ff8f9" />
      <TestMethod codeBase="D:\SFERRARI\01 - TRABAJO\repos\netcore\template-netcore-shared\Kitpymes.Core.Shared.Tests\bin\Debug\netcoreapp3.0\Kitpymes.Core.Shared.Tests.dll" adapterTypeName="executor://mstestadapter/v2" className="Kitpymes.Core.Shared.Tests.ConfigurationBuilderExtensionsTests" name="ToService_Passing_Valid_Service_Returns_Service" />
    </UnitTest>
    <UnitTest name="IsNullOrEmpty_Passing_InvalidArguments_Returns_HasErrorsAndCount" storage="d:\sferrari\01 - trabajo\repos\netcore\template-netcore-shared\kitpymes.core.shared.tests\bin\debug\netcoreapp3.0\kitpymes.core.shared.tests.dll" id="801afd1a-5f3d-0d0c-471a-96452bf5bc35">
      <Execution id="687cdbbe-bd04-460c-bfe1-b98c58f912e5" />
      <TestMethod codeBase="D:\SFERRARI\01 - TRABAJO\repos\netcore\template-netcore-shared\Kitpymes.Core.Shared.Tests\bin\Debug\netcoreapp3.0\Kitpymes.Core.Shared.Tests.dll" adapterTypeName="executor://mstestadapter/v2" className="Kitpymes.Core.Shared.Tests.CheckTests" name="IsNullOrEmpty_Passing_InvalidArguments_Returns_HasErrorsAndCount" />
    </UnitTest>
    <UnitTest name="ToStartOfWeek_Passing_DateTime_Returns_Start_Of_Week_DateTime" storage="d:\sferrari\01 - trabajo\repos\netcore\template-netcore-shared\kitpymes.core.shared.tests\bin\debug\netcoreapp3.0\kitpymes.core.shared.tests.dll" id="1f173fff-9060-8c18-f825-225901225244">
      <Execution id="50235a1b-3705-45fc-8f96-b3bad81ad796" />
      <TestMethod codeBase="D:\SFERRARI\01 - TRABAJO\repos\netcore\template-netcore-shared\Kitpymes.Core.Shared.Tests\bin\Debug\netcoreapp3.0\Kitpymes.Core.Shared.Tests.dll" adapterTypeName="executor://mstestadapter/v2" className="Kitpymes.Core.Shared.Tests.DateTimeExtensionsTests" name="ToStartOfWeek_Passing_DateTime_Returns_Start_Of_Week_DateTime" />
    </UnitTest>
    <UnitTest name="ToAge_Passing_Birthday_DateTime_Returns_Age" storage="d:\sferrari\01 - trabajo\repos\netcore\template-netcore-shared\kitpymes.core.shared.tests\bin\debug\netcoreapp3.0\kitpymes.core.shared.tests.dll" id="4ead3f79-a54e-1b96-838c-d0c2f491cb0d">
      <Execution id="bd13ce79-d49a-4556-8c46-3d3a24a55962" />
      <TestMethod codeBase="D:\SFERRARI\01 - TRABAJO\repos\netcore\template-netcore-shared\Kitpymes.Core.Shared.Tests\bin\Debug\netcoreapp3.0\Kitpymes.Core.Shared.Tests.dll" adapterTypeName="executor://mstestadapter/v2" className="Kitpymes.Core.Shared.Tests.DateTimeExtensionsTests" name="ToAge_Passing_Birthday_DateTime_Returns_Age" />
    </UnitTest>
    <UnitTest name="ToRemove_Passing_ValidValue_Returns_ValueWithoutRemovedChars" storage="d:\sferrari\01 - trabajo\repos\netcore\template-netcore-shared\kitpymes.core.shared.tests\bin\debug\netcoreapp3.0\kitpymes.core.shared.tests.dll" id="bb347f18-44ab-0d77-d5bd-a671e4c37650">
      <Execution id="69d8cf4c-9a1d-4e43-b272-6557c37b484b" />
      <TestMethod codeBase="D:\SFERRARI\01 - TRABAJO\repos\netcore\template-netcore-shared\Kitpymes.Core.Shared.Tests\bin\Debug\netcoreapp3.0\Kitpymes.Core.Shared.Tests.dll" adapterTypeName="executor://mstestadapter/v2" className="Kitpymes.Core.Shared.Tests.StringExtensionsTests" name="ToRemove_Passing_ValidValue_Returns_ValueWithoutRemovedChars" />
    </UnitTest>
    <UnitTest name="CreateAndVerifySHA256_Passing_Valid_Arguments_Returns_True" storage="d:\sferrari\01 - trabajo\repos\netcore\template-netcore-shared\kitpymes.core.shared.tests\bin\debug\netcoreapp3.0\kitpymes.core.shared.tests.dll" id="cf950ab2-9fe4-ec30-43b4-2f3a99b5167d">
      <Execution id="f051659d-acf3-488c-bc34-fa5c30f214bf" />
      <TestMethod codeBase="D:\SFERRARI\01 - TRABAJO\repos\netcore\template-netcore-shared\Kitpymes.Core.Shared.Tests\bin\Debug\netcoreapp3.0\Kitpymes.Core.Shared.Tests.dll" adapterTypeName="executor://mstestadapter/v2" className="Kitpymes.Core.Shared.Tests.HashTests" name="CreateAndVerifySHA256_Passing_Valid_Arguments_Returns_True" />
    </UnitTest>
    <UnitTest name="ToServiceMatchingInterface_Passing_Valid_Assembly_Returns_Service" storage="d:\sferrari\01 - trabajo\repos\netcore\template-netcore-shared\kitpymes.core.shared.tests\bin\debug\netcoreapp3.0\kitpymes.core.shared.tests.dll" id="845c887e-a785-555d-db89-1c2975a33bbb">
      <Execution id="18b2a8d0-e9ed-4c59-9344-6146bdff3597" />
      <TestMethod codeBase="D:\SFERRARI\01 - TRABAJO\repos\netcore\template-netcore-shared\Kitpymes.Core.Shared.Tests\bin\Debug\netcoreapp3.0\Kitpymes.Core.Shared.Tests.dll" adapterTypeName="executor://mstestadapter/v2" className="Kitpymes.Core.Shared.Tests.ConfigurationBuilderExtensionsTests" name="ToServiceMatchingInterface_Passing_Valid_Assembly_Returns_Service" />
    </UnitTest>
    <UnitTest name="ToService_Passing_Service_Not_Found_Returns_ApplicationException" storage="d:\sferrari\01 - trabajo\repos\netcore\template-netcore-shared\kitpymes.core.shared.tests\bin\debug\netcoreapp3.0\kitpymes.core.shared.tests.dll" id="74c0befe-cdb2-1fdf-be71-2a39199bb5c9">
      <Execution id="cecac6d2-9fb0-47f0-9089-791c1f3087b7" />
      <TestMethod codeBase="D:\SFERRARI\01 - TRABAJO\repos\netcore\template-netcore-shared\Kitpymes.Core.Shared.Tests\bin\Debug\netcoreapp3.0\Kitpymes.Core.Shared.Tests.dll" adapterTypeName="executor://mstestadapter/v2" className="Kitpymes.Core.Shared.Tests.ApplicationBuilderExtensionsTests" name="ToService_Passing_Service_Not_Found_Returns_ApplicationException" />
    </UnitTest>
    <UnitTest name="ToUri_Passing_ValidValueString_Returns_Uri" storage="d:\sferrari\01 - trabajo\repos\netcore\template-netcore-shared\kitpymes.core.shared.tests\bin\debug\netcoreapp3.0\kitpymes.core.shared.tests.dll" id="30809299-0e3e-4ac7-4a2a-6f8c296d2226">
      <Execution id="f143a302-3858-475b-86c7-072b81a76d9e" />
      <TestMethod codeBase="D:\SFERRARI\01 - TRABAJO\repos\netcore\template-netcore-shared\Kitpymes.Core.Shared.Tests\bin\Debug\netcoreapp3.0\Kitpymes.Core.Shared.Tests.dll" adapterTypeName="executor://mstestadapter/v2" className="Kitpymes.Core.Shared.Tests.StringExtensionsTests" name="ToUri_Passing_ValidValueString_Returns_Uri" />
    </UnitTest>
    <UnitTest name="ToService_Passing_Valid_Service_Returns_Service" storage="d:\sferrari\01 - trabajo\repos\netcore\template-netcore-shared\kitpymes.core.shared.tests\bin\debug\netcoreapp3.0\kitpymes.core.shared.tests.dll" id="2aceb911-de9d-b2eb-c8db-f6b3f880216f">
      <Execution id="069d82c4-7b0c-493b-9a72-46833716b359" />
      <TestMethod codeBase="D:\SFERRARI\01 - TRABAJO\repos\netcore\template-netcore-shared\Kitpymes.Core.Shared.Tests\bin\Debug\netcoreapp3.0\Kitpymes.Core.Shared.Tests.dll" adapterTypeName="executor://mstestadapter/v2" className="Kitpymes.Core.Shared.Tests.ApplicationBuilderExtensionsTests" name="ToService_Passing_Valid_Service_Returns_Service" />
    </UnitTest>
    <UnitTest name="ToEnvironment_Passing_Service_Not_Found_Returns_ApplicationException" storage="d:\sferrari\01 - trabajo\repos\netcore\template-netcore-shared\kitpymes.core.shared.tests\bin\debug\netcoreapp3.0\kitpymes.core.shared.tests.dll" id="7c679bcb-7a59-8751-0063-1ef6e07cb160">
      <Execution id="db9f62d1-221c-499a-ace2-91f549ea10ea" />
      <TestMethod codeBase="D:\SFERRARI\01 - TRABAJO\repos\netcore\template-netcore-shared\Kitpymes.Core.Shared.Tests\bin\Debug\netcoreapp3.0\Kitpymes.Core.Shared.Tests.dll" adapterTypeName="executor://mstestadapter/v2" className="Kitpymes.Core.Shared.Tests.ApplicationBuilderExtensionsTests" name="ToEnvironment_Passing_Service_Not_Found_Returns_ApplicationException" />
    </UnitTest>
    <UnitTest name="CreateSHA256_Passing_Invalid_Arguments_Returns_ApplicationException" storage="d:\sferrari\01 - trabajo\repos\netcore\template-netcore-shared\kitpymes.core.shared.tests\bin\debug\netcoreapp3.0\kitpymes.core.shared.tests.dll" id="77fe17c3-3cf8-a189-4d95-b2e0d3ca9579">
      <Execution id="ce02400b-c623-4fac-bf79-183bd231d8db" />
      <TestMethod codeBase="D:\SFERRARI\01 - TRABAJO\repos\netcore\template-netcore-shared\Kitpymes.Core.Shared.Tests\bin\Debug\netcoreapp3.0\Kitpymes.Core.Shared.Tests.dll" adapterTypeName="executor://mstestadapter/v2" className="Kitpymes.Core.Shared.Tests.HashTests" name="CreateSHA256_Passing_Invalid_Arguments_Returns_ApplicationException" />
    </UnitTest>
    <UnitTest name="ToString_Passing_Valid_Collection_Returns_String_With_Default_Separator" storage="d:\sferrari\01 - trabajo\repos\netcore\template-netcore-shared\kitpymes.core.shared.tests\bin\debug\netcoreapp3.0\kitpymes.core.shared.tests.dll" id="07d50dfb-3195-c832-23d2-97ae667f2010">
      <Execution id="7282e4b5-449c-4afa-9779-5f322a3c039a" />
      <TestMethod codeBase="D:\SFERRARI\01 - TRABAJO\repos\netcore\template-netcore-shared\Kitpymes.Core.Shared.Tests\bin\Debug\netcoreapp3.0\Kitpymes.Core.Shared.Tests.dll" adapterTypeName="executor://mstestadapter/v2" className="Kitpymes.Core.Shared.Tests.EnumerableExtensionsTests" name="ToString_Passing_Valid_Collection_Returns_String_With_Default_Separator" />
    </UnitTest>
    <UnitTest name="ToEmailMaskUserName_Passing_ValidEmail_Returns_EmailWithMask" storage="d:\sferrari\01 - trabajo\repos\netcore\template-netcore-shared\kitpymes.core.shared.tests\bin\debug\netcoreapp3.0\kitpymes.core.shared.tests.dll" id="1237bc5f-42ea-8c7f-8602-051620acda95">
      <Execution id="05907e41-8278-47b8-b84b-f5462afeb6a7" />
      <TestMethod codeBase="D:\SFERRARI\01 - TRABAJO\repos\netcore\template-netcore-shared\Kitpymes.Core.Shared.Tests\bin\Debug\netcoreapp3.0\Kitpymes.Core.Shared.Tests.dll" adapterTypeName="executor://mstestadapter/v2" className="Kitpymes.Core.Shared.Tests.StringExtensionsTests" name="ToEmailMaskUserName_Passing_ValidEmail_Returns_EmailWithMask" />
    </UnitTest>
    <UnitTest name="ToMessage_Passing_ExceptionWithMessageWithInnerException_Returns_MessageAndInnerException" storage="d:\sferrari\01 - trabajo\repos\netcore\template-netcore-shared\kitpymes.core.shared.tests\bin\debug\netcoreapp3.0\kitpymes.core.shared.tests.dll" id="0d35441f-72fe-a777-509f-6a19632f972a">
      <Execution id="b43ecb57-3e7f-40b6-bc93-8dce8fffce63" />
      <TestMethod codeBase="D:\SFERRARI\01 - TRABAJO\repos\netcore\template-netcore-shared\Kitpymes.Core.Shared.Tests\bin\Debug\netcoreapp3.0\Kitpymes.Core.Shared.Tests.dll" adapterTypeName="executor://mstestadapter/v2" className="Kitpymes.Core.Shared.Tests.ExceptionExtensionsTests" name="ToMessage_Passing_ExceptionWithMessageWithInnerException_Returns_MessageAndInnerException" />
    </UnitTest>
    <UnitTest name="ToExists_Passing_Valid_Service_Returns_True" storage="d:\sferrari\01 - trabajo\repos\netcore\template-netcore-shared\kitpymes.core.shared.tests\bin\debug\netcoreapp3.0\kitpymes.core.shared.tests.dll" id="64bc1554-814c-3c40-a6b0-679b40b89c36">
      <Execution id="0cf57ed3-95cb-43e8-b540-0ce101c08831" />
      <TestMethod codeBase="D:\SFERRARI\01 - TRABAJO\repos\netcore\template-netcore-shared\Kitpymes.Core.Shared.Tests\bin\Debug\netcoreapp3.0\Kitpymes.Core.Shared.Tests.dll" adapterTypeName="executor://mstestadapter/v2" className="Kitpymes.Core.Shared.Tests.ApplicationBuilderExtensionsTests" name="ToExists_Passing_Valid_Service_Returns_True" />
    </UnitTest>
    <UnitTest name="IsGreater_Passing_InvalidArguments_Returns_HasErrorsAndCount" storage="d:\sferrari\01 - trabajo\repos\netcore\template-netcore-shared\kitpymes.core.shared.tests\bin\debug\netcoreapp3.0\kitpymes.core.shared.tests.dll" id="1c5fe271-1e90-52f5-1f31-436b17e57702">
      <Execution id="96e8f092-793e-4cd7-90a1-4f5e0d3d1758" />
      <TestMethod codeBase="D:\SFERRARI\01 - TRABAJO\repos\netcore\template-netcore-shared\Kitpymes.Core.Shared.Tests\bin\Debug\netcoreapp3.0\Kitpymes.Core.Shared.Tests.dll" adapterTypeName="executor://mstestadapter/v2" className="Kitpymes.Core.Shared.Tests.CheckTests" name="IsGreater_Passing_InvalidArguments_Returns_HasErrorsAndCount" />
    </UnitTest>
    <UnitTest name="ToDefaultValue_Passing_ulong_Returns_Cero" storage="d:\sferrari\01 - trabajo\repos\netcore\template-netcore-shared\kitpymes.core.shared.tests\bin\debug\netcoreapp3.0\kitpymes.core.shared.tests.dll" id="aeb559a5-c285-7ab9-baee-1cb152d1742f">
      <Execution id="54b6a11f-5233-40a9-98bf-74dc3a5e2d04" />
      <TestMethod codeBase="D:\SFERRARI\01 - TRABAJO\repos\netcore\template-netcore-shared\Kitpymes.Core.Shared.Tests\bin\Debug\netcoreapp3.0\Kitpymes.Core.Shared.Tests.dll" adapterTypeName="executor://mstestadapter/v2" className="Kitpymes.Core.Shared.Tests.GenericExtensionsTests" name="ToDefaultValue_Passing_ulong_Returns_Cero" />
    </UnitTest>
    <UnitTest name="ToAuthenticationType_Passing_Claims_Returns_AuthenticationType_Name" storage="d:\sferrari\01 - trabajo\repos\netcore\template-netcore-shared\kitpymes.core.shared.tests\bin\debug\netcoreapp3.0\kitpymes.core.shared.tests.dll" id="635e001f-2a50-f191-84e2-e81cd2000fdf">
      <Execution id="a1ed56a8-24bd-4578-ba87-bae91be0675d" />
      <TestMethod codeBase="D:\SFERRARI\01 - TRABAJO\repos\netcore\template-netcore-shared\Kitpymes.Core.Shared.Tests\bin\Debug\netcoreapp3.0\Kitpymes.Core.Shared.Tests.dll" adapterTypeName="executor://mstestadapter/v2" className="Kitpymes.Core.Shared.Tests.ClaimsPrincipalExtensionsTests" name="ToAuthenticationType_Passing_Claims_Returns_AuthenticationType_Name" />
    </UnitTest>
    <UnitTest name="ToTryIPv6_Passing_HttpContext_IP_Value_Returns_IP" storage="d:\sferrari\01 - trabajo\repos\netcore\template-netcore-shared\kitpymes.core.shared.tests\bin\debug\netcoreapp3.0\kitpymes.core.shared.tests.dll" id="10024a68-25d4-872c-3e48-a6d6b2671494">
      <Execution id="c2bd5ce3-a8b2-496d-975c-6de80d504cf3" />
      <TestMethod codeBase="D:\SFERRARI\01 - TRABAJO\repos\netcore\template-netcore-shared\Kitpymes.Core.Shared.Tests\bin\Debug\netcoreapp3.0\Kitpymes.Core.Shared.Tests.dll" adapterTypeName="executor://mstestadapter/v2" className="Kitpymes.Core.Shared.Tests.HttpContextExtensionsTests" name="ToTryIPv6_Passing_HttpContext_IP_Value_Returns_IP" />
    </UnitTest>
    <UnitTest name="ToExists_Passing_NotFound_Service_Returns_False" storage="d:\sferrari\01 - trabajo\repos\netcore\template-netcore-shared\kitpymes.core.shared.tests\bin\debug\netcoreapp3.0\kitpymes.core.shared.tests.dll" id="640513b3-feee-19a8-efba-5817e77ff3ee">
      <Execution id="558778dd-5b02-4035-b05f-1e25186f9298" />
      <TestMethod codeBase="D:\SFERRARI\01 - TRABAJO\repos\netcore\template-netcore-shared\Kitpymes.Core.Shared.Tests\bin\Debug\netcoreapp3.0\Kitpymes.Core.Shared.Tests.dll" adapterTypeName="executor://mstestadapter/v2" className="Kitpymes.Core.Shared.Tests.ConfigurationBuilderExtensionsTests" name="ToExists_Passing_NotFound_Service_Returns_False" />
    </UnitTest>
    <UnitTest name="ToIsSubdomainThrow_Passing_InvalidValue_Returns_ApplicationExceptionWithMessage" storage="d:\sferrari\01 - trabajo\repos\netcore\template-netcore-shared\kitpymes.core.shared.tests\bin\debug\netcoreapp3.0\kitpymes.core.shared.tests.dll" id="d51ea295-e896-101a-6578-05ae772bcbfb">
      <Execution id="36e504b9-a328-4490-94f3-26d50a5dfa10" />
      <TestMethod codeBase="D:\SFERRARI\01 - TRABAJO\repos\netcore\template-netcore-shared\Kitpymes.Core.Shared.Tests\bin\Debug\netcoreapp3.0\Kitpymes.Core.Shared.Tests.dll" adapterTypeName="executor://mstestadapter/v2" className="Kitpymes.Core.Shared.Tests.CheckExtensionsTests" name="ToIsSubdomainThrow_Passing_InvalidValue_Returns_ApplicationExceptionWithMessage" />
    </UnitTest>
    <UnitTest name="IsEmail_Passing_InvalidArguments_Returns_HasErrorsAndCount" storage="d:\sferrari\01 - trabajo\repos\netcore\template-netcore-shared\kitpymes.core.shared.tests\bin\debug\netcoreapp3.0\kitpymes.core.shared.tests.dll" id="180814cc-22f9-91b2-cd9a-f54be7e1ba18">
      <Execution id="8557a805-76f9-450e-b8f8-b1494b4e3d59" />
      <TestMethod codeBase="D:\SFERRARI\01 - TRABAJO\repos\netcore\template-netcore-shared\Kitpymes.Core.Shared.Tests\bin\Debug\netcoreapp3.0\Kitpymes.Core.Shared.Tests.dll" adapterTypeName="executor://mstestadapter/v2" className="Kitpymes.Core.Shared.Tests.CheckTests" name="IsEmail_Passing_InvalidArguments_Returns_HasErrorsAndCount" />
    </UnitTest>
    <UnitTest name="IsEspecialChars_Passing_ValidArguments_Returns_HasErrorsAndCount" storage="d:\sferrari\01 - trabajo\repos\netcore\template-netcore-shared\kitpymes.core.shared.tests\bin\debug\netcoreapp3.0\kitpymes.core.shared.tests.dll" id="a2b6017f-838f-c435-81c1-a75dd92108eb">
      <Execution id="8ce41a7e-8b6e-44b0-a5a9-a298fc67d16b" />
      <TestMethod codeBase="D:\SFERRARI\01 - TRABAJO\repos\netcore\template-netcore-shared\Kitpymes.Core.Shared.Tests\bin\Debug\netcoreapp3.0\Kitpymes.Core.Shared.Tests.dll" adapterTypeName="executor://mstestadapter/v2" className="Kitpymes.Core.Shared.Tests.CheckTests" name="IsEspecialChars_Passing_ValidArguments_Returns_HasErrorsAndCount" />
    </UnitTest>
    <UnitTest name="CreateAndVerifySHA512_Passing_Valid_Arguments_Returns_True" storage="d:\sferrari\01 - trabajo\repos\netcore\template-netcore-shared\kitpymes.core.shared.tests\bin\debug\netcoreapp3.0\kitpymes.core.shared.tests.dll" id="6088101f-62c5-69c8-6751-05523b132d06">
      <Execution id="478067a2-2434-4eb7-b613-a0d993253ffe" />
      <TestMethod codeBase="D:\SFERRARI\01 - TRABAJO\repos\netcore\template-netcore-shared\Kitpymes.Core.Shared.Tests\bin\Debug\netcoreapp3.0\Kitpymes.Core.Shared.Tests.dll" adapterTypeName="executor://mstestadapter/v2" className="Kitpymes.Core.Shared.Tests.HashTests" name="CreateAndVerifySHA512_Passing_Valid_Arguments_Returns_True" />
    </UnitTest>
    <UnitTest name="ToContentType_Passing_ValidValueString_Returns_ContentType" storage="d:\sferrari\01 - trabajo\repos\netcore\template-netcore-shared\kitpymes.core.shared.tests\bin\debug\netcoreapp3.0\kitpymes.core.shared.tests.dll" id="7be8a004-8e29-0f01-8ada-f15377193150">
      <Execution id="63ebae0a-bd2c-4b1a-b7d2-a8f7494ef0a2" />
      <TestMethod codeBase="D:\SFERRARI\01 - TRABAJO\repos\netcore\template-netcore-shared\Kitpymes.Core.Shared.Tests\bin\Debug\netcoreapp3.0\Kitpymes.Core.Shared.Tests.dll" adapterTypeName="executor://mstestadapter/v2" className="Kitpymes.Core.Shared.Tests.StringExtensionsTests" name="ToContentType_Passing_ValidValueString_Returns_ContentType" />
    </UnitTest>
    <UnitTest name="IsUppercase_Passing_ValidArguments_Returns_HasErrorsAndCount" storage="d:\sferrari\01 - trabajo\repos\netcore\template-netcore-shared\kitpymes.core.shared.tests\bin\debug\netcoreapp3.0\kitpymes.core.shared.tests.dll" id="056700a7-2506-75ed-a80a-ddf2ddb5d2a8">
      <Execution id="12d8075e-8d63-436d-adcd-ad4301bce0e5" />
      <TestMethod codeBase="D:\SFERRARI\01 - TRABAJO\repos\netcore\template-netcore-shared\Kitpymes.Core.Shared.Tests\bin\Debug\netcoreapp3.0\Kitpymes.Core.Shared.Tests.dll" adapterTypeName="executor://mstestadapter/v2" className="Kitpymes.Core.Shared.Tests.CheckTests" name="IsUppercase_Passing_ValidArguments_Returns_HasErrorsAndCount" />
    </UnitTest>
    <UnitTest name="ToAttribute_Passing_Enumeration_Name_Returns_Atributte" storage="d:\sferrari\01 - trabajo\repos\netcore\template-netcore-shared\kitpymes.core.shared.tests\bin\debug\netcoreapp3.0\kitpymes.core.shared.tests.dll" id="320700ce-aa3b-5818-fb18-706cf7605472">
      <Execution id="c22f8e0b-bbfc-4c9a-b53d-afb946d41bfe" />
      <TestMethod codeBase="D:\SFERRARI\01 - TRABAJO\repos\netcore\template-netcore-shared\Kitpymes.Core.Shared.Tests\bin\Debug\netcoreapp3.0\Kitpymes.Core.Shared.Tests.dll" adapterTypeName="executor://mstestadapter/v2" className="Kitpymes.Core.Shared.Tests.EnumExtensionsTests" name="ToAttribute_Passing_Enumeration_Name_Returns_Atributte" />
    </UnitTest>
    <UnitTest name="ToSerialize_Passing_Objects_Returns_String_Values" storage="d:\sferrari\01 - trabajo\repos\netcore\template-netcore-shared\kitpymes.core.shared.tests\bin\debug\netcoreapp3.0\kitpymes.core.shared.tests.dll" id="87c5dbd3-fd2a-1e49-42e5-8dc78affc8d6">
      <Execution id="0edabf24-a5b6-4c77-a2c9-875c8f88d3f3" />
      <TestMethod codeBase="D:\SFERRARI\01 - TRABAJO\repos\netcore\template-netcore-shared\Kitpymes.Core.Shared.Tests\bin\Debug\netcoreapp3.0\Kitpymes.Core.Shared.Tests.dll" adapterTypeName="executor://mstestadapter/v2" className="Kitpymes.Core.Shared.Tests.JsonExtensionsTests" name="ToSerialize_Passing_Objects_Returns_String_Values" />
    </UnitTest>
    <UnitTest name="ToDefaultValue_Passing_ValidInt_Returns_DefaultValue" storage="d:\sferrari\01 - trabajo\repos\netcore\template-netcore-shared\kitpymes.core.shared.tests\bin\debug\netcoreapp3.0\kitpymes.core.shared.tests.dll" id="e37f41d3-77a8-1acd-c258-fbb5b724b134">
      <Execution id="c9b883ba-bc3b-44bf-9496-f159162704b5" />
      <TestMethod codeBase="D:\SFERRARI\01 - TRABAJO\repos\netcore\template-netcore-shared\Kitpymes.Core.Shared.Tests\bin\Debug\netcoreapp3.0\Kitpymes.Core.Shared.Tests.dll" adapterTypeName="executor://mstestadapter/v2" className="Kitpymes.Core.Shared.Tests.TypeExtensionsTests" name="ToDefaultValue_Passing_ValidInt_Returns_DefaultValue" />
    </UnitTest>
    <UnitTest name="ToTryContentType_Passing_HttpRequestWithContentType_Value_Returns_ContentType_String_Value" storage="d:\sferrari\01 - trabajo\repos\netcore\template-netcore-shared\kitpymes.core.shared.tests\bin\debug\netcoreapp3.0\kitpymes.core.shared.tests.dll" id="a03675ec-665e-f4d5-4630-89e50dac0bfb">
      <Execution id="21dd66b5-082e-4c99-85e6-55702062c826" />
      <TestMethod codeBase="D:\SFERRARI\01 - TRABAJO\repos\netcore\template-netcore-shared\Kitpymes.Core.Shared.Tests\bin\Debug\netcoreapp3.0\Kitpymes.Core.Shared.Tests.dll" adapterTypeName="executor://mstestadapter/v2" className="Kitpymes.Core.Shared.Tests.HttpRequestExtensionsTests" name="ToTryContentType_Passing_HttpRequestWithContentType_Value_Returns_ContentType_String_Value" />
    </UnitTest>
    <UnitTest name="ToDefaultValue_Passing_ValidBoolean_Returns_DefaultValue" storage="d:\sferrari\01 - trabajo\repos\netcore\template-netcore-shared\kitpymes.core.shared.tests\bin\debug\netcoreapp3.0\kitpymes.core.shared.tests.dll" id="a95f665c-aa8d-208d-902c-60a464250c99">
      <Execution id="04175cee-89b2-4ac1-83c8-7ab0dbfb3a34" />
      <TestMethod codeBase="D:\SFERRARI\01 - TRABAJO\repos\netcore\template-netcore-shared\Kitpymes.Core.Shared.Tests\bin\Debug\netcoreapp3.0\Kitpymes.Core.Shared.Tests.dll" adapterTypeName="executor://mstestadapter/v2" className="Kitpymes.Core.Shared.Tests.TypeExtensionsTests" name="ToDefaultValue_Passing_ValidBoolean_Returns_DefaultValue" />
    </UnitTest>
    <UnitTest name="ToHashAlgorithmName_Passing_InvalidValueLowerCaseString_Returns_Null" storage="d:\sferrari\01 - trabajo\repos\netcore\template-netcore-shared\kitpymes.core.shared.tests\bin\debug\netcoreapp3.0\kitpymes.core.shared.tests.dll" id="bd43e66e-fbae-26eb-a9a1-c58a6bf5d7af">
      <Execution id="fcf9d995-c1d7-49b2-87d0-4a9c65f61972" />
      <TestMethod codeBase="D:\SFERRARI\01 - TRABAJO\repos\netcore\template-netcore-shared\Kitpymes.Core.Shared.Tests\bin\Debug\netcoreapp3.0\Kitpymes.Core.Shared.Tests.dll" adapterTypeName="executor://mstestadapter/v2" className="Kitpymes.Core.Shared.Tests.StringExtensionsTests" name="ToHashAlgorithmName_Passing_InvalidValueLowerCaseString_Returns_Null" />
    </UnitTest>
    <UnitTest name="ToWhere_Passing_Null_Predicate_Returns_Same_List" storage="d:\sferrari\01 - trabajo\repos\netcore\template-netcore-shared\kitpymes.core.shared.tests\bin\debug\netcoreapp3.0\kitpymes.core.shared.tests.dll" id="6bd61990-78b5-76ea-0df5-0c13c388bdc0">
      <Execution id="26899f4a-2156-4b13-be8c-417aba509ef0" />
      <TestMethod codeBase="D:\SFERRARI\01 - TRABAJO\repos\netcore\template-netcore-shared\Kitpymes.Core.Shared.Tests\bin\Debug\netcoreapp3.0\Kitpymes.Core.Shared.Tests.dll" adapterTypeName="executor://mstestadapter/v2" className="Kitpymes.Core.Shared.Tests.QueryableExtensionsTests" name="ToWhere_Passing_Null_Predicate_Returns_Same_List" />
    </UnitTest>
    <UnitTest name="ToEnvironment_ServiceCollection_Passing_Staging_Enviroment_Returns_Staging_Name" storage="d:\sferrari\01 - trabajo\repos\netcore\template-netcore-shared\kitpymes.core.shared.tests\bin\debug\netcoreapp3.0\kitpymes.core.shared.tests.dll" id="504465b7-a3fe-9023-93b9-ffece1903418">
      <Execution id="5175deb9-bf31-4cab-a8a6-909a12ae7ba1" />
      <TestMethod codeBase="D:\SFERRARI\01 - TRABAJO\repos\netcore\template-netcore-shared\Kitpymes.Core.Shared.Tests\bin\Debug\netcoreapp3.0\Kitpymes.Core.Shared.Tests.dll" adapterTypeName="executor://mstestadapter/v2" className="Kitpymes.Core.Shared.Tests.ConfigurationBuilderExtensionsTests" name="ToEnvironment_ServiceCollection_Passing_Staging_Enviroment_Returns_Staging_Name" />
    </UnitTest>
    <UnitTest name="ToAuthenticationType_Passing_Null_ClaimsPrincipal_Returns_ApplicationException" storage="d:\sferrari\01 - trabajo\repos\netcore\template-netcore-shared\kitpymes.core.shared.tests\bin\debug\netcoreapp3.0\kitpymes.core.shared.tests.dll" id="8dccdb77-e6a8-58c6-9bd0-108f87c5ff65">
      <Execution id="218b88d6-97f5-4f29-8421-24699bbadbce" />
      <TestMethod codeBase="D:\SFERRARI\01 - TRABAJO\repos\netcore\template-netcore-shared\Kitpymes.Core.Shared.Tests\bin\Debug\netcoreapp3.0\Kitpymes.Core.Shared.Tests.dll" adapterTypeName="executor://mstestadapter/v2" className="Kitpymes.Core.Shared.Tests.ClaimsPrincipalExtensionsTests" name="ToAuthenticationType_Passing_Null_ClaimsPrincipal_Returns_ApplicationException" />
    </UnitTest>
    <UnitTest name="ToValues_Passing_ValidEnumType_Returns_ValuesListString" storage="d:\sferrari\01 - trabajo\repos\netcore\template-netcore-shared\kitpymes.core.shared.tests\bin\debug\netcoreapp3.0\kitpymes.core.shared.tests.dll" id="0cfd0c7c-1a61-7d19-c2fa-3c8a47ccf09c">
      <Execution id="dbbc4657-febb-4248-98a1-c9749f285f03" />
      <TestMethod codeBase="D:\SFERRARI\01 - TRABAJO\repos\netcore\template-netcore-shared\Kitpymes.Core.Shared.Tests\bin\Debug\netcoreapp3.0\Kitpymes.Core.Shared.Tests.dll" adapterTypeName="executor://mstestadapter/v2" className="Kitpymes.Core.Shared.Tests.EnumsTests" name="ToValues_Passing_ValidEnumType_Returns_ValuesListString" />
    </UnitTest>
    <UnitTest name="ToNormalize_Passing_ValidValue_Returns_NormalizedValue" storage="d:\sferrari\01 - trabajo\repos\netcore\template-netcore-shared\kitpymes.core.shared.tests\bin\debug\netcoreapp3.0\kitpymes.core.shared.tests.dll" id="7dc20d31-477c-3765-83c0-7575a504da96">
      <Execution id="a743df31-629e-486e-8c21-3437b338400a" />
      <TestMethod codeBase="D:\SFERRARI\01 - TRABAJO\repos\netcore\template-netcore-shared\Kitpymes.Core.Shared.Tests\bin\Debug\netcoreapp3.0\Kitpymes.Core.Shared.Tests.dll" adapterTypeName="executor://mstestadapter/v2" className="Kitpymes.Core.Shared.Tests.StringExtensionsTests" name="ToNormalize_Passing_ValidValue_Returns_NormalizedValue" />
    </UnitTest>
    <UnitTest name="ToDictionaryPropertyInfo_Passing_Object_Not_IncludeNullOrEmptyProperty_Returns_Properties_NameAndValue_Dictionary" storage="d:\sferrari\01 - trabajo\repos\netcore\template-netcore-shared\kitpymes.core.shared.tests\bin\debug\netcoreapp3.0\kitpymes.core.shared.tests.dll" id="eb3fbb45-8257-f4b8-0975-042f859a72bf">
      <Execution id="02acbd4a-865d-43ce-8a72-3ec2a2c85864" />
      <TestMethod codeBase="D:\SFERRARI\01 - TRABAJO\repos\netcore\template-netcore-shared\Kitpymes.Core.Shared.Tests\bin\Debug\netcoreapp3.0\Kitpymes.Core.Shared.Tests.dll" adapterTypeName="executor://mstestadapter/v2" className="Kitpymes.Core.Shared.Tests.GenericExtensionsTests" name="ToDictionaryPropertyInfo_Passing_Object_Not_IncludeNullOrEmptyProperty_Returns_Properties_NameAndValue_Dictionary" />
    </UnitTest>
    <UnitTest name="ToGetAll_Passing_Claims_Returns_Claim_Value_Int_List" storage="d:\sferrari\01 - trabajo\repos\netcore\template-netcore-shared\kitpymes.core.shared.tests\bin\debug\netcoreapp3.0\kitpymes.core.shared.tests.dll" id="fa00d2a8-59b9-ad9e-caa1-a0c9e3156db1">
      <Execution id="5b090c7a-a16b-4189-940a-3a07861b1e8e" />
      <TestMethod codeBase="D:\SFERRARI\01 - TRABAJO\repos\netcore\template-netcore-shared\Kitpymes.Core.Shared.Tests\bin\Debug\netcoreapp3.0\Kitpymes.Core.Shared.Tests.dll" adapterTypeName="executor://mstestadapter/v2" className="Kitpymes.Core.Shared.Tests.ClaimsPrincipalExtensionsTests" name="ToGetAll_Passing_Claims_Returns_Claim_Value_Int_List" />
    </UnitTest>
    <UnitTest name="ResultDataBadRequest_WithErrors_Dictionary" storage="d:\sferrari\01 - trabajo\repos\netcore\template-netcore-shared\kitpymes.core.shared.tests\bin\debug\netcoreapp3.0\kitpymes.core.shared.tests.dll" id="e329bdc2-7660-b4b2-0687-a194b6e35f1d">
      <Execution id="7f1d3f07-67c8-43a6-9e96-56cb7d6305ff" />
      <TestMethod codeBase="D:\SFERRARI\01 - TRABAJO\repos\netcore\template-netcore-shared\Kitpymes.Core.Shared.Tests\bin\Debug\netcoreapp3.0\Kitpymes.Core.Shared.Tests.dll" adapterTypeName="executor://mstestadapter/v2" className="Kitpymes.Core.Shared.Tests.ResultTest" name="ResultDataBadRequest_WithErrors_Dictionary" />
    </UnitTest>
    <UnitTest name="ResultDataBadRequest_WithErrors_KeyValue" storage="d:\sferrari\01 - trabajo\repos\netcore\template-netcore-shared\kitpymes.core.shared.tests\bin\debug\netcoreapp3.0\kitpymes.core.shared.tests.dll" id="b399a6be-77e5-c0ba-9b75-93d2ac763084">
      <Execution id="2dcf7157-97b7-48af-a75e-79469f33c4cc" />
      <TestMethod codeBase="D:\SFERRARI\01 - TRABAJO\repos\netcore\template-netcore-shared\Kitpymes.Core.Shared.Tests\bin\Debug\netcoreapp3.0\Kitpymes.Core.Shared.Tests.dll" adapterTypeName="executor://mstestadapter/v2" className="Kitpymes.Core.Shared.Tests.ResultTest" name="ResultDataBadRequest_WithErrors_KeyValue" />
    </UnitTest>
    <UnitTest name="ToDirectoryTemporary_Passing_ValidValue_Returns_DirectoryExists" storage="d:\sferrari\01 - trabajo\repos\netcore\template-netcore-shared\kitpymes.core.shared.tests\bin\debug\netcoreapp3.0\kitpymes.core.shared.tests.dll" id="65b9b71b-a8d5-2a7d-a8a7-0e3a015e6b68">
      <Execution id="f03ecd10-0684-4aa0-9d2a-856da55795cb" />
      <TestMethod codeBase="D:\SFERRARI\01 - TRABAJO\repos\netcore\template-netcore-shared\Kitpymes.Core.Shared.Tests\bin\Debug\netcoreapp3.0\Kitpymes.Core.Shared.Tests.dll" adapterTypeName="executor://mstestadapter/v2" className="Kitpymes.Core.Shared.Tests.StringExtensionsTests" name="ToDirectoryTemporary_Passing_ValidValue_Returns_DirectoryExists" />
    </UnitTest>
    <UnitTest name="ToHashAlgorithmName_Passing_ValidValueString_Returns_HashAlgorithmName" storage="d:\sferrari\01 - trabajo\repos\netcore\template-netcore-shared\kitpymes.core.shared.tests\bin\debug\netcoreapp3.0\kitpymes.core.shared.tests.dll" id="cd004a9f-a0f6-2fdf-aeae-1890f4ab8e71">
      <Execution id="d1c87301-be97-4b1b-a3be-b2975eacf20e" />
      <TestMethod codeBase="D:\SFERRARI\01 - TRABAJO\repos\netcore\template-netcore-shared\Kitpymes.Core.Shared.Tests\bin\Debug\netcoreapp3.0\Kitpymes.Core.Shared.Tests.dll" adapterTypeName="executor://mstestadapter/v2" className="Kitpymes.Core.Shared.Tests.StringExtensionsTests" name="ToHashAlgorithmName_Passing_ValidValueString_Returns_HashAlgorithmName" />
    </UnitTest>
    <UnitTest name="IsEspecialChars_Passing_InvalidArguments_Returns_HasErrorsAndCount" storage="d:\sferrari\01 - trabajo\repos\netcore\template-netcore-shared\kitpymes.core.shared.tests\bin\debug\netcoreapp3.0\kitpymes.core.shared.tests.dll" id="9d64a285-266d-52de-ef34-34102f8ad12c">
      <Execution id="db20a18c-5798-431f-a659-3282fb668b77" />
      <TestMethod codeBase="D:\SFERRARI\01 - TRABAJO\repos\netcore\template-netcore-shared\Kitpymes.Core.Shared.Tests\bin\Debug\netcoreapp3.0\Kitpymes.Core.Shared.Tests.dll" adapterTypeName="executor://mstestadapter/v2" className="Kitpymes.Core.Shared.Tests.CheckTests" name="IsEspecialChars_Passing_InvalidArguments_Returns_HasErrorsAndCount" />
    </UnitTest>
    <UnitTest name="ToIsDirectoryThrow_Passing_InvalidValue_Returns_ApplicationExceptionWithMessage" storage="d:\sferrari\01 - trabajo\repos\netcore\template-netcore-shared\kitpymes.core.shared.tests\bin\debug\netcoreapp3.0\kitpymes.core.shared.tests.dll" id="9e36eef1-cde7-a509-c95d-2249b6b02dbb">
      <Execution id="978446d5-1dd9-49e4-90b6-5fd4c757d488" />
      <TestMethod codeBase="D:\SFERRARI\01 - TRABAJO\repos\netcore\template-netcore-shared\Kitpymes.Core.Shared.Tests\bin\Debug\netcoreapp3.0\Kitpymes.Core.Shared.Tests.dll" adapterTypeName="executor://mstestadapter/v2" className="Kitpymes.Core.Shared.Tests.CheckExtensionsTests" name="ToIsDirectoryThrow_Passing_InvalidValue_Returns_ApplicationExceptionWithMessage" />
    </UnitTest>
    <UnitTest name="ToUri_Passing_InvalidValueString_Returns_Null" storage="d:\sferrari\01 - trabajo\repos\netcore\template-netcore-shared\kitpymes.core.shared.tests\bin\debug\netcoreapp3.0\kitpymes.core.shared.tests.dll" id="c180eeb5-df7f-187e-c74d-0f6d31acdec5">
      <Execution id="4404d5c9-39f2-40f6-a755-6e25f84e1e5a" />
      <TestMethod codeBase="D:\SFERRARI\01 - TRABAJO\repos\netcore\template-netcore-shared\Kitpymes.Core.Shared.Tests\bin\Debug\netcoreapp3.0\Kitpymes.Core.Shared.Tests.dll" adapterTypeName="executor://mstestadapter/v2" className="Kitpymes.Core.Shared.Tests.StringExtensionsTests" name="ToUri_Passing_InvalidValueString_Returns_Null" />
    </UnitTest>
    <UnitTest name="ToDirectoryFileInfo_Passing_ValidValue_Returns_FileInfo" storage="d:\sferrari\01 - trabajo\repos\netcore\template-netcore-shared\kitpymes.core.shared.tests\bin\debug\netcoreapp3.0\kitpymes.core.shared.tests.dll" id="7daaba64-d3ad-9109-43bf-bdb516b673b8">
      <Execution id="edd6e26c-779e-42f8-86d3-8578be3c4ee8" />
      <TestMethod codeBase="D:\SFERRARI\01 - TRABAJO\repos\netcore\template-netcore-shared\Kitpymes.Core.Shared.Tests\bin\Debug\netcoreapp3.0\Kitpymes.Core.Shared.Tests.dll" adapterTypeName="executor://mstestadapter/v2" className="Kitpymes.Core.Shared.Tests.StringExtensionsTests" name="ToDirectoryFileInfo_Passing_ValidValue_Returns_FileInfo" />
    </UnitTest>
    <UnitTest name="ToStringFormat_Passing_ValidValue_Returns_ValueWithoutRemovedChars" storage="d:\sferrari\01 - trabajo\repos\netcore\template-netcore-shared\kitpymes.core.shared.tests\bin\debug\netcoreapp3.0\kitpymes.core.shared.tests.dll" id="a1095294-226e-a0f0-0154-11290289c9db">
      <Execution id="538a4065-fda1-4c3c-9db5-b33de23fd040" />
      <TestMethod codeBase="D:\SFERRARI\01 - TRABAJO\repos\netcore\template-netcore-shared\Kitpymes.Core.Shared.Tests\bin\Debug\netcoreapp3.0\Kitpymes.Core.Shared.Tests.dll" adapterTypeName="executor://mstestadapter/v2" className="Kitpymes.Core.Shared.Tests.IntegerExtensionsTests" name="ToStringFormat_Passing_ValidValue_Returns_ValueWithoutRemovedChars" />
    </UnitTest>
    <UnitTest name="ToDefaultValue_Passing_short_Returns_Cero" storage="d:\sferrari\01 - trabajo\repos\netcore\template-netcore-shared\kitpymes.core.shared.tests\bin\debug\netcoreapp3.0\kitpymes.core.shared.tests.dll" id="40108f40-2761-0a89-d16d-ad113b5f3dd5">
      <Execution id="edc22f0a-16c9-4200-a0f1-b3bacd7d60cc" />
      <TestMethod codeBase="D:\SFERRARI\01 - TRABAJO\repos\netcore\template-netcore-shared\Kitpymes.Core.Shared.Tests\bin\Debug\netcoreapp3.0\Kitpymes.Core.Shared.Tests.dll" adapterTypeName="executor://mstestadapter/v2" className="Kitpymes.Core.Shared.Tests.GenericExtensionsTests" name="ToDefaultValue_Passing_short_Returns_Cero" />
    </UnitTest>
    <UnitTest name="ToDirectorySaveFileAsync_Passing_ValidValue_Returns_False" storage="d:\sferrari\01 - trabajo\repos\netcore\template-netcore-shared\kitpymes.core.shared.tests\bin\debug\netcoreapp3.0\kitpymes.core.shared.tests.dll" id="0696fab6-6d9f-2b85-4a73-248fbd1cdda4">
      <Execution id="53796528-d0a2-44d0-b21f-25ce63f24b41" />
      <TestMethod codeBase="D:\SFERRARI\01 - TRABAJO\repos\netcore\template-netcore-shared\Kitpymes.Core.Shared.Tests\bin\Debug\netcoreapp3.0\Kitpymes.Core.Shared.Tests.dll" adapterTypeName="executor://mstestadapter/v2" className="Kitpymes.Core.Shared.Tests.StringExtensionsTests" name="ToDirectorySaveFileAsync_Passing_ValidValue_Returns_False" />
    </UnitTest>
    <UnitTest name="ToGet_Passing_Claims_Returns_Claim_Value_String" storage="d:\sferrari\01 - trabajo\repos\netcore\template-netcore-shared\kitpymes.core.shared.tests\bin\debug\netcoreapp3.0\kitpymes.core.shared.tests.dll" id="0c633595-70e8-b011-5a46-c9c7e1687cb9">
      <Execution id="1155c1a4-7db9-41ab-8a29-dc06357dcc01" />
      <TestMethod codeBase="D:\SFERRARI\01 - TRABAJO\repos\netcore\template-netcore-shared\Kitpymes.Core.Shared.Tests\bin\Debug\netcoreapp3.0\Kitpymes.Core.Shared.Tests.dll" adapterTypeName="executor://mstestadapter/v2" className="Kitpymes.Core.Shared.Tests.ClaimsPrincipalExtensionsTests" name="ToGet_Passing_Claims_Returns_Claim_Value_String" />
    </UnitTest>
    <UnitTest name="ToDetails_Passing_HttpContext_WithOptionalData_Returns_Details_HttpContext" storage="d:\sferrari\01 - trabajo\repos\netcore\template-netcore-shared\kitpymes.core.shared.tests\bin\debug\netcoreapp3.0\kitpymes.core.shared.tests.dll" id="b048c16a-68b4-cdf3-3166-fb9613323b68">
      <Execution id="d4dad4f9-dc10-4685-ad5f-34bb9c3c40ca" />
      <TestMethod codeBase="D:\SFERRARI\01 - TRABAJO\repos\netcore\template-netcore-shared\Kitpymes.Core.Shared.Tests\bin\Debug\netcoreapp3.0\Kitpymes.Core.Shared.Tests.dll" adapterTypeName="executor://mstestadapter/v2" className="Kitpymes.Core.Shared.Tests.HttpContextExtensionsTests" name="ToDetails_Passing_HttpContext_WithOptionalData_Returns_Details_HttpContext" />
    </UnitTest>
    <UnitTest name="ToDefaultValue_Passing_ValidGuid_Returns_DefaultValue" storage="d:\sferrari\01 - trabajo\repos\netcore\template-netcore-shared\kitpymes.core.shared.tests\bin\debug\netcoreapp3.0\kitpymes.core.shared.tests.dll" id="225c09bd-86d5-d9ce-d2b8-18431ca384e3">
      <Execution id="78c98ba6-200a-4baa-ad2c-be3abf4979ae" />
      <TestMethod codeBase="D:\SFERRARI\01 - TRABAJO\repos\netcore\template-netcore-shared\Kitpymes.Core.Shared.Tests\bin\Debug\netcoreapp3.0\Kitpymes.Core.Shared.Tests.dll" adapterTypeName="executor://mstestadapter/v2" className="Kitpymes.Core.Shared.Tests.TypeExtensionsTests" name="ToDefaultValue_Passing_ValidGuid_Returns_DefaultValue" />
    </UnitTest>
    <UnitTest name="ToZipCreate_Passing_ValidFiles_Returns_ZipFiles" storage="d:\sferrari\01 - trabajo\repos\netcore\template-netcore-shared\kitpymes.core.shared.tests\bin\debug\netcoreapp3.0\kitpymes.core.shared.tests.dll" id="c14c626b-0f15-ac55-344d-8aa2c3f91cdf">
      <Execution id="3dd80b4a-52ec-42d3-9974-8e7e0f07bc66" />
      <TestMethod codeBase="D:\SFERRARI\01 - TRABAJO\repos\netcore\template-netcore-shared\Kitpymes.Core.Shared.Tests\bin\Debug\netcoreapp3.0\Kitpymes.Core.Shared.Tests.dll" adapterTypeName="executor://mstestadapter/v2" className="Kitpymes.Core.Shared.Tests.StringExtensionsTests" name="ToZipCreate_Passing_ValidFiles_Returns_ZipFiles" />
    </UnitTest>
    <UnitTest name="ResultOK" storage="d:\sferrari\01 - trabajo\repos\netcore\template-netcore-shared\kitpymes.core.shared.tests\bin\debug\netcoreapp3.0\kitpymes.core.shared.tests.dll" id="3c82816f-4e62-7440-d30d-abbd53b1dcea">
      <Execution id="7a5b64b4-3ca8-48ae-93ee-251d31a842a6" />
      <TestMethod codeBase="D:\SFERRARI\01 - TRABAJO\repos\netcore\template-netcore-shared\Kitpymes.Core.Shared.Tests\bin\Debug\netcoreapp3.0\Kitpymes.Core.Shared.Tests.dll" adapterTypeName="executor://mstestadapter/v2" className="Kitpymes.Core.Shared.Tests.ResultTest" name="ResultOK" />
    </UnitTest>
    <UnitTest name="ToIsNullOrAnyThrow_Passing_InvalidValue_Returns_ApplicationExceptionWithMessage" storage="d:\sferrari\01 - trabajo\repos\netcore\template-netcore-shared\kitpymes.core.shared.tests\bin\debug\netcoreapp3.0\kitpymes.core.shared.tests.dll" id="8fbac209-421a-f9fa-c5fe-97403aedb24e">
      <Execution id="b0c652da-5952-44ac-ae73-a0ff5a2b9345" />
      <TestMethod codeBase="D:\SFERRARI\01 - TRABAJO\repos\netcore\template-netcore-shared\Kitpymes.Core.Shared.Tests\bin\Debug\netcoreapp3.0\Kitpymes.Core.Shared.Tests.dll" adapterTypeName="executor://mstestadapter/v2" className="Kitpymes.Core.Shared.Tests.CheckExtensionsTests" name="ToIsNullOrAnyThrow_Passing_InvalidValue_Returns_ApplicationExceptionWithMessage" />
    </UnitTest>
    <UnitTest name="ToIsFileThrow_Passing_InvalidValue_Returns_ApplicationExceptionWithMessage" storage="d:\sferrari\01 - trabajo\repos\netcore\template-netcore-shared\kitpymes.core.shared.tests\bin\debug\netcoreapp3.0\kitpymes.core.shared.tests.dll" id="0df69eaf-b001-71ae-6cf8-f9c5860f7c4c">
      <Execution id="1fcda17c-9032-4129-9f9c-bb1586298531" />
      <TestMethod codeBase="D:\SFERRARI\01 - TRABAJO\repos\netcore\template-netcore-shared\Kitpymes.Core.Shared.Tests\bin\Debug\netcoreapp3.0\Kitpymes.Core.Shared.Tests.dll" adapterTypeName="executor://mstestadapter/v2" className="Kitpymes.Core.Shared.Tests.CheckExtensionsTests" name="ToIsFileThrow_Passing_InvalidValue_Returns_ApplicationExceptionWithMessage" />
    </UnitTest>
    <UnitTest name="ToIsNullOrEmptyThrow_Passing_InvalidValue_Returns_ApplicationExceptionWithMessage" storage="d:\sferrari\01 - trabajo\repos\netcore\template-netcore-shared\kitpymes.core.shared.tests\bin\debug\netcoreapp3.0\kitpymes.core.shared.tests.dll" id="580ff04a-e5c0-9f2f-90c3-4f2aeafd15c5">
      <Execution id="04da8327-afc8-4e91-991e-580542e20fec" />
      <TestMethod codeBase="D:\SFERRARI\01 - TRABAJO\repos\netcore\template-netcore-shared\Kitpymes.Core.Shared.Tests\bin\Debug\netcoreapp3.0\Kitpymes.Core.Shared.Tests.dll" adapterTypeName="executor://mstestadapter/v2" className="Kitpymes.Core.Shared.Tests.CheckExtensionsTests" name="ToIsNullOrEmptyThrow_Passing_InvalidValue_Returns_ApplicationExceptionWithMessage" />
    </UnitTest>
    <UnitTest name="ToEnvironment_Passing_Development_Enviroment_Returns_Development_Name" storage="d:\sferrari\01 - trabajo\repos\netcore\template-netcore-shared\kitpymes.core.shared.tests\bin\debug\netcoreapp3.0\kitpymes.core.shared.tests.dll" id="1c5de28c-f1b3-c94d-8e43-201eab8c2ff8">
      <Execution id="a7cb4c4c-62b5-4f9e-8a9d-27aa5e9a39d2" />
      <TestMethod codeBase="D:\SFERRARI\01 - TRABAJO\repos\netcore\template-netcore-shared\Kitpymes.Core.Shared.Tests\bin\Debug\netcoreapp3.0\Kitpymes.Core.Shared.Tests.dll" adapterTypeName="executor://mstestadapter/v2" className="Kitpymes.Core.Shared.Tests.ApplicationBuilderExtensionsTests" name="ToEnvironment_Passing_Development_Enviroment_Returns_Development_Name" />
    </UnitTest>
    <UnitTest name="ResultBadRequest_WithErrors_Dictionary" storage="d:\sferrari\01 - trabajo\repos\netcore\template-netcore-shared\kitpymes.core.shared.tests\bin\debug\netcoreapp3.0\kitpymes.core.shared.tests.dll" id="06b145c3-38af-bef9-3a11-59191b7a7e3e">
      <Execution id="990923e0-299e-4edd-8d0a-081313b022ff" />
      <TestMethod codeBase="D:\SFERRARI\01 - TRABAJO\repos\netcore\template-netcore-shared\Kitpymes.Core.Shared.Tests\bin\Debug\netcoreapp3.0\Kitpymes.Core.Shared.Tests.dll" adapterTypeName="executor://mstestadapter/v2" className="Kitpymes.Core.Shared.Tests.ResultTest" name="ResultBadRequest_WithErrors_Dictionary" />
    </UnitTest>
    <UnitTest name="ToDefaultValue_Passing_uint_Returns_Cero" storage="d:\sferrari\01 - trabajo\repos\netcore\template-netcore-shared\kitpymes.core.shared.tests\bin\debug\netcoreapp3.0\kitpymes.core.shared.tests.dll" id="f828057e-351a-48b7-0028-e57f15c7217e">
      <Execution id="f5ba8fc2-1c7f-433a-b086-1cb1120af600" />
      <TestMethod codeBase="D:\SFERRARI\01 - TRABAJO\repos\netcore\template-netcore-shared\Kitpymes.Core.Shared.Tests\bin\Debug\netcoreapp3.0\Kitpymes.Core.Shared.Tests.dll" adapterTypeName="executor://mstestadapter/v2" className="Kitpymes.Core.Shared.Tests.GenericExtensionsTests" name="ToDefaultValue_Passing_uint_Returns_Cero" />
    </UnitTest>
    <UnitTest name="ToIsAuthenticated_Passing_Null_ClaimsPrincipal_Returns_ApplicationException" storage="d:\sferrari\01 - trabajo\repos\netcore\template-netcore-shared\kitpymes.core.shared.tests\bin\debug\netcoreapp3.0\kitpymes.core.shared.tests.dll" id="a702dc43-b5af-c889-d32e-e69ee2d100af">
      <Execution id="729bc9c2-6948-4141-b831-ae148d557bf4" />
      <TestMethod codeBase="D:\SFERRARI\01 - TRABAJO\repos\netcore\template-netcore-shared\Kitpymes.Core.Shared.Tests\bin\Debug\netcoreapp3.0\Kitpymes.Core.Shared.Tests.dll" adapterTypeName="executor://mstestadapter/v2" className="Kitpymes.Core.Shared.Tests.ClaimsPrincipalExtensionsTests" name="ToIsAuthenticated_Passing_Null_ClaimsPrincipal_Returns_ApplicationException" />
    </UnitTest>
    <UnitTest name="ResultErrorData_WithTitle_WithStatusCode_WithDetails_WithExceptionType_WithMessages_WithErrors" storage="d:\sferrari\01 - trabajo\repos\netcore\template-netcore-shared\kitpymes.core.shared.tests\bin\debug\netcoreapp3.0\kitpymes.core.shared.tests.dll" id="c30c24fa-9dc6-1db9-fc63-cb77f851732c">
      <Execution id="4bae817d-553c-41b8-9e0d-318618a2fe04" />
      <TestMethod codeBase="D:\SFERRARI\01 - TRABAJO\repos\netcore\template-netcore-shared\Kitpymes.Core.Shared.Tests\bin\Debug\netcoreapp3.0\Kitpymes.Core.Shared.Tests.dll" adapterTypeName="executor://mstestadapter/v2" className="Kitpymes.Core.Shared.Tests.ResultTest" name="ResultErrorData_WithTitle_WithStatusCode_WithDetails_WithExceptionType_WithMessages_WithErrors" />
    </UnitTest>
    <UnitTest name="ToInt_Passing_Enumeration_Name_Returns_Value" storage="d:\sferrari\01 - trabajo\repos\netcore\template-netcore-shared\kitpymes.core.shared.tests\bin\debug\netcoreapp3.0\kitpymes.core.shared.tests.dll" id="4e1a5879-f3c8-4fdb-51d0-c4cf0a35e0bf">
      <Execution id="a8d9d4d8-1b31-4673-ad10-7b6f75667872" />
      <TestMethod codeBase="D:\SFERRARI\01 - TRABAJO\repos\netcore\template-netcore-shared\Kitpymes.Core.Shared.Tests\bin\Debug\netcoreapp3.0\Kitpymes.Core.Shared.Tests.dll" adapterTypeName="executor://mstestadapter/v2" className="Kitpymes.Core.Shared.Tests.EnumExtensionsTests" name="ToInt_Passing_Enumeration_Name_Returns_Value" />
    </UnitTest>
    <UnitTest name="ToEndOfTheMonth_Passing_DateTime_Returns_End_Of_Month_DateTime" storage="d:\sferrari\01 - trabajo\repos\netcore\template-netcore-shared\kitpymes.core.shared.tests\bin\debug\netcoreapp3.0\kitpymes.core.shared.tests.dll" id="a4956cd8-34a7-6fca-5b71-6eb98cedd9b0">
      <Execution id="c03958fe-99b4-4f0a-9045-d9bb28cafc68" />
      <TestMethod codeBase="D:\SFERRARI\01 - TRABAJO\repos\netcore\template-netcore-shared\Kitpymes.Core.Shared.Tests\bin\Debug\netcoreapp3.0\Kitpymes.Core.Shared.Tests.dll" adapterTypeName="executor://mstestadapter/v2" className="Kitpymes.Core.Shared.Tests.DateTimeExtensionsTests" name="ToEndOfTheMonth_Passing_DateTime_Returns_End_Of_Month_DateTime" />
    </UnitTest>
    <UnitTest name="IsRegexMatch_Passing_InvalidArguments_Returns_HasErrorsAndCount" storage="d:\sferrari\01 - trabajo\repos\netcore\template-netcore-shared\kitpymes.core.shared.tests\bin\debug\netcoreapp3.0\kitpymes.core.shared.tests.dll" id="fe683836-27ec-729e-5fe1-a9c2674a6d87">
      <Execution id="e64830e1-d05a-4be8-adfa-a33e2a27c8aa" />
      <TestMethod codeBase="D:\SFERRARI\01 - TRABAJO\repos\netcore\template-netcore-shared\Kitpymes.Core.Shared.Tests\bin\Debug\netcoreapp3.0\Kitpymes.Core.Shared.Tests.dll" adapterTypeName="executor://mstestadapter/v2" className="Kitpymes.Core.Shared.Tests.CheckTests" name="IsRegexMatch_Passing_InvalidArguments_Returns_HasErrorsAndCount" />
    </UnitTest>
    <UnitTest name="ToMessage_Passing_ExceptionWithMessage_Returns_Message" storage="d:\sferrari\01 - trabajo\repos\netcore\template-netcore-shared\kitpymes.core.shared.tests\bin\debug\netcoreapp3.0\kitpymes.core.shared.tests.dll" id="0cb5eb43-9273-0bdf-bd18-53b184535503">
      <Execution id="c0c2242c-7a48-417e-a086-837776c502ff" />
      <TestMethod codeBase="D:\SFERRARI\01 - TRABAJO\repos\netcore\template-netcore-shared\Kitpymes.Core.Shared.Tests\bin\Debug\netcoreapp3.0\Kitpymes.Core.Shared.Tests.dll" adapterTypeName="executor://mstestadapter/v2" className="Kitpymes.Core.Shared.Tests.ExceptionExtensionsTests" name="ToMessage_Passing_ExceptionWithMessage_Returns_Message" />
    </UnitTest>
    <UnitTest name="ResultBadRequest_WithErrors_Value" storage="d:\sferrari\01 - trabajo\repos\netcore\template-netcore-shared\kitpymes.core.shared.tests\bin\debug\netcoreapp3.0\kitpymes.core.shared.tests.dll" id="c0846755-8a53-0ac4-76e5-2d7d37bcd54a">
      <Execution id="5dc43cda-3522-4b0d-ad4a-8d483e63ff85" />
      <TestMethod codeBase="D:\SFERRARI\01 - TRABAJO\repos\netcore\template-netcore-shared\Kitpymes.Core.Shared.Tests\bin\Debug\netcoreapp3.0\Kitpymes.Core.Shared.Tests.dll" adapterTypeName="executor://mstestadapter/v2" className="Kitpymes.Core.Shared.Tests.ResultTest" name="ResultBadRequest_WithErrors_Value" />
    </UnitTest>
    <UnitTest name="ToEnvironment_ServiceProvider_Passing_Development_Enviroment_Returns_Development_Name" storage="d:\sferrari\01 - trabajo\repos\netcore\template-netcore-shared\kitpymes.core.shared.tests\bin\debug\netcoreapp3.0\kitpymes.core.shared.tests.dll" id="c09577a6-adca-ef94-40b5-45575ad65e4f">
      <Execution id="6c2c7def-eb06-44aa-94d0-351ac1a96047" />
      <TestMethod codeBase="D:\SFERRARI\01 - TRABAJO\repos\netcore\template-netcore-shared\Kitpymes.Core.Shared.Tests\bin\Debug\netcoreapp3.0\Kitpymes.Core.Shared.Tests.dll" adapterTypeName="executor://mstestadapter/v2" className="Kitpymes.Core.Shared.Tests.ConfigurationBuilderExtensionsTests" name="ToEnvironment_ServiceProvider_Passing_Development_Enviroment_Returns_Development_Name" />
    </UnitTest>
    <UnitTest name="ToEmailMask_Passing_ValidEmail_Returns_EmailWithMask" storage="d:\sferrari\01 - trabajo\repos\netcore\template-netcore-shared\kitpymes.core.shared.tests\bin\debug\netcoreapp3.0\kitpymes.core.shared.tests.dll" id="98331ff8-6ed1-e7ba-c8dd-be5bd5b6cb2c">
      <Execution id="7f068899-f692-4350-8a60-60865f4af879" />
      <TestMethod codeBase="D:\SFERRARI\01 - TRABAJO\repos\netcore\template-netcore-shared\Kitpymes.Core.Shared.Tests\bin\Debug\netcoreapp3.0\Kitpymes.Core.Shared.Tests.dll" adapterTypeName="executor://mstestadapter/v2" className="Kitpymes.Core.Shared.Tests.StringExtensionsTests" name="ToEmailMask_Passing_ValidEmail_Returns_EmailWithMask" />
    </UnitTest>
    <UnitTest name="ToDefaultValue_Passing_int_Returns_Cero" storage="d:\sferrari\01 - trabajo\repos\netcore\template-netcore-shared\kitpymes.core.shared.tests\bin\debug\netcoreapp3.0\kitpymes.core.shared.tests.dll" id="4234610b-215b-41f7-e61d-4a82851bdfa3">
      <Execution id="6290f873-64a9-440f-81f4-7b017f558439" />
      <TestMethod codeBase="D:\SFERRARI\01 - TRABAJO\repos\netcore\template-netcore-shared\Kitpymes.Core.Shared.Tests\bin\Debug\netcoreapp3.0\Kitpymes.Core.Shared.Tests.dll" adapterTypeName="executor://mstestadapter/v2" className="Kitpymes.Core.Shared.Tests.GenericExtensionsTests" name="ToDefaultValue_Passing_int_Returns_Cero" />
    </UnitTest>
    <UnitTest name="ToEnum_Passing_InvalidValueInt_Returns_EnumCustomValue" storage="d:\sferrari\01 - trabajo\repos\netcore\template-netcore-shared\kitpymes.core.shared.tests\bin\debug\netcoreapp3.0\kitpymes.core.shared.tests.dll" id="1064d8aa-5d0e-6bf5-83ee-952a4d1fd93b">
      <Execution id="d6fea5e9-44be-49f6-ab72-b81ff165378c" />
      <TestMethod codeBase="D:\SFERRARI\01 - TRABAJO\repos\netcore\template-netcore-shared\Kitpymes.Core.Shared.Tests\bin\Debug\netcoreapp3.0\Kitpymes.Core.Shared.Tests.dll" adapterTypeName="executor://mstestadapter/v2" className="Kitpymes.Core.Shared.Tests.StringExtensionsTests" name="ToEnum_Passing_InvalidValueInt_Returns_EnumCustomValue" />
    </UnitTest>
    <UnitTest name="ToDirectoryDeleteFiles_Passing_ValidValue_Returns_DirectoryNoExists" storage="d:\sferrari\01 - trabajo\repos\netcore\template-netcore-shared\kitpymes.core.shared.tests\bin\debug\netcoreapp3.0\kitpymes.core.shared.tests.dll" id="7f0aeefe-ba4a-5404-c6f8-82be67718cc4">
      <Execution id="4fdafa48-4f30-41fd-85a8-279d3c68312d" />
      <TestMethod codeBase="D:\SFERRARI\01 - TRABAJO\repos\netcore\template-netcore-shared\Kitpymes.Core.Shared.Tests\bin\Debug\netcoreapp3.0\Kitpymes.Core.Shared.Tests.dll" adapterTypeName="executor://mstestadapter/v2" className="Kitpymes.Core.Shared.Tests.StringExtensionsTests" name="ToDirectoryDeleteFiles_Passing_ValidValue_Returns_DirectoryNoExists" />
    </UnitTest>
    <UnitTest name="ToService_Passing_Service_Not_Found_Returns_Null" storage="d:\sferrari\01 - trabajo\repos\netcore\template-netcore-shared\kitpymes.core.shared.tests\bin\debug\netcoreapp3.0\kitpymes.core.shared.tests.dll" id="3f0bf65d-a3af-41bf-ac79-126a0efc4fd4">
      <Execution id="37214004-0c36-406b-b2a3-1bf0a67e0299" />
      <TestMethod codeBase="D:\SFERRARI\01 - TRABAJO\repos\netcore\template-netcore-shared\Kitpymes.Core.Shared.Tests\bin\Debug\netcoreapp3.0\Kitpymes.Core.Shared.Tests.dll" adapterTypeName="executor://mstestadapter/v2" className="Kitpymes.Core.Shared.Tests.ApplicationBuilderExtensionsTests" name="ToService_Passing_Service_Not_Found_Returns_Null" />
    </UnitTest>
    <UnitTest name="ToConfiguration_Passing_Empty_DirectoryPath_Returns_ApplicationException" storage="d:\sferrari\01 - trabajo\repos\netcore\template-netcore-shared\kitpymes.core.shared.tests\bin\debug\netcoreapp3.0\kitpymes.core.shared.tests.dll" id="5c861184-f295-e727-0fd4-d218f13da14d">
      <Execution id="475f40c4-6cb8-4c77-b395-6766ad661f2c" />
      <TestMethod codeBase="D:\SFERRARI\01 - TRABAJO\repos\netcore\template-netcore-shared\Kitpymes.Core.Shared.Tests\bin\Debug\netcoreapp3.0\Kitpymes.Core.Shared.Tests.dll" adapterTypeName="executor://mstestadapter/v2" className="Kitpymes.Core.Shared.Tests.ConfigurationBuilderExtensionsTests" name="ToConfiguration_Passing_Empty_DirectoryPath_Returns_ApplicationException" />
    </UnitTest>
    <UnitTest name="ToMapNew_Passing_TSource_And_TDestination_Returns_New_TDestination_Object" storage="d:\sferrari\01 - trabajo\repos\netcore\template-netcore-shared\kitpymes.core.shared.tests\bin\debug\netcoreapp3.0\kitpymes.core.shared.tests.dll" id="46cc46f0-c0e1-f3e6-2242-cdef90a4249a">
      <Execution id="72f917d8-058a-4ba7-adca-b76aeb6bf440" />
      <TestMethod codeBase="D:\SFERRARI\01 - TRABAJO\repos\netcore\template-netcore-shared\Kitpymes.Core.Shared.Tests\bin\Debug\netcoreapp3.0\Kitpymes.Core.Shared.Tests.dll" adapterTypeName="executor://mstestadapter/v2" className="Kitpymes.Core.Shared.Tests.AgileMapperExtensionsTests" name="ToMapNew_Passing_TSource_And_TDestination_Returns_New_TDestination_Object" />
    </UnitTest>
    <UnitTest name="ToIsNullOrAny_Passing_InvalidValue_Returns_True" storage="d:\sferrari\01 - trabajo\repos\netcore\template-netcore-shared\kitpymes.core.shared.tests\bin\debug\netcoreapp3.0\kitpymes.core.shared.tests.dll" id="55f105d6-fc07-21db-e70a-db30ccdb0844">
      <Execution id="7762c119-379a-4f22-a115-50c331cfdbcb" />
      <TestMethod codeBase="D:\SFERRARI\01 - TRABAJO\repos\netcore\template-netcore-shared\Kitpymes.Core.Shared.Tests\bin\Debug\netcoreapp3.0\Kitpymes.Core.Shared.Tests.dll" adapterTypeName="executor://mstestadapter/v2" className="Kitpymes.Core.Shared.Tests.CheckExtensionsTests" name="ToIsNullOrAny_Passing_InvalidValue_Returns_True" />
    </UnitTest>
    <UnitTest name="IsSubdomain_Passing_ValidArguments_Returns_HasErrorsAndCount" storage="d:\sferrari\01 - trabajo\repos\netcore\template-netcore-shared\kitpymes.core.shared.tests\bin\debug\netcoreapp3.0\kitpymes.core.shared.tests.dll" id="725d136c-3e7a-6e51-fc61-03203ffec0b5">
      <Execution id="dac83e7e-dfe7-4239-a218-961457db6cd1" />
      <TestMethod codeBase="D:\SFERRARI\01 - TRABAJO\repos\netcore\template-netcore-shared\Kitpymes.Core.Shared.Tests\bin\Debug\netcoreapp3.0\Kitpymes.Core.Shared.Tests.dll" adapterTypeName="executor://mstestadapter/v2" className="Kitpymes.Core.Shared.Tests.CheckTests" name="IsSubdomain_Passing_ValidArguments_Returns_HasErrorsAndCount" />
    </UnitTest>
    <UnitTest name="ToIsNameThrow_Passing_InvalidValue_Returns_ApplicationExceptionWithMessage" storage="d:\sferrari\01 - trabajo\repos\netcore\template-netcore-shared\kitpymes.core.shared.tests\bin\debug\netcoreapp3.0\kitpymes.core.shared.tests.dll" id="1dab5b85-21d2-af6f-92e5-af8126f0e2fb">
      <Execution id="f550cdc8-c950-4700-adf7-4340bea5eacb" />
      <TestMethod codeBase="D:\SFERRARI\01 - TRABAJO\repos\netcore\template-netcore-shared\Kitpymes.Core.Shared.Tests\bin\Debug\netcoreapp3.0\Kitpymes.Core.Shared.Tests.dll" adapterTypeName="executor://mstestadapter/v2" className="Kitpymes.Core.Shared.Tests.CheckExtensionsTests" name="ToIsNameThrow_Passing_InvalidValue_Returns_ApplicationExceptionWithMessage" />
    </UnitTest>
    <UnitTest name="ToHashAlgorithmName_Passing_InvalidValueString_Returns_Null" storage="d:\sferrari\01 - trabajo\repos\netcore\template-netcore-shared\kitpymes.core.shared.tests\bin\debug\netcoreapp3.0\kitpymes.core.shared.tests.dll" id="1b969e76-d97c-c639-c377-a41796fbb2c3">
      <Execution id="66dec99a-8f63-46df-bb40-4f910eb2b1a9" />
      <TestMethod codeBase="D:\SFERRARI\01 - TRABAJO\repos\netcore\template-netcore-shared\Kitpymes.Core.Shared.Tests\bin\Debug\netcoreapp3.0\Kitpymes.Core.Shared.Tests.dll" adapterTypeName="executor://mstestadapter/v2" className="Kitpymes.Core.Shared.Tests.StringExtensionsTests" name="ToHashAlgorithmName_Passing_InvalidValueString_Returns_Null" />
    </UnitTest>
    <UnitTest name="ToInt_Passing_Enumeration_Name_Returns_Description_Atributte" storage="d:\sferrari\01 - trabajo\repos\netcore\template-netcore-shared\kitpymes.core.shared.tests\bin\debug\netcoreapp3.0\kitpymes.core.shared.tests.dll" id="c63cd623-e636-5730-a1fa-b18ae782acc7">
      <Execution id="d039d67c-c84e-4b4d-b833-fa97d83f6a7f" />
      <TestMethod codeBase="D:\SFERRARI\01 - TRABAJO\repos\netcore\template-netcore-shared\Kitpymes.Core.Shared.Tests\bin\Debug\netcoreapp3.0\Kitpymes.Core.Shared.Tests.dll" adapterTypeName="executor://mstestadapter/v2" className="Kitpymes.Core.Shared.Tests.EnumExtensionsTests" name="ToInt_Passing_Enumeration_Name_Returns_Description_Atributte" />
    </UnitTest>
    <UnitTest name="ToSettings_Passing_Values_From_Memory_Returns_Settings" storage="d:\sferrari\01 - trabajo\repos\netcore\template-netcore-shared\kitpymes.core.shared.tests\bin\debug\netcoreapp3.0\kitpymes.core.shared.tests.dll" id="86b92527-4d52-052b-63ae-d9a8aa694919">
      <Execution id="08ca253d-ec88-4a13-bda5-9bddf99fc24d" />
      <TestMethod codeBase="D:\SFERRARI\01 - TRABAJO\repos\netcore\template-netcore-shared\Kitpymes.Core.Shared.Tests\bin\Debug\netcoreapp3.0\Kitpymes.Core.Shared.Tests.dll" adapterTypeName="executor://mstestadapter/v2" className="Kitpymes.Core.Shared.Tests.ConfigurationBuilderExtensionsTests" name="ToSettings_Passing_Values_From_Memory_Returns_Settings" />
    </UnitTest>
    <UnitTest name="ToIsLastDayOfTheMonth_Passing_LastDayOfMonth_Returns_True" storage="d:\sferrari\01 - trabajo\repos\netcore\template-netcore-shared\kitpymes.core.shared.tests\bin\debug\netcoreapp3.0\kitpymes.core.shared.tests.dll" id="98d4dd82-eb94-c060-7aeb-9b0a39f334fb">
      <Execution id="3863b90c-4ff6-41a0-bae3-1a28806ada0a" />
      <TestMethod codeBase="D:\SFERRARI\01 - TRABAJO\repos\netcore\template-netcore-shared\Kitpymes.Core.Shared.Tests\bin\Debug\netcoreapp3.0\Kitpymes.Core.Shared.Tests.dll" adapterTypeName="executor://mstestadapter/v2" className="Kitpymes.Core.Shared.Tests.DateTimeExtensionsTests" name="ToIsLastDayOfTheMonth_Passing_LastDayOfMonth_Returns_True" />
    </UnitTest>
    <UnitTest name="ToEnvironment_ServiceCollection_Passing_Development_Enviroment_Returns_Development_Name" storage="d:\sferrari\01 - trabajo\repos\netcore\template-netcore-shared\kitpymes.core.shared.tests\bin\debug\netcoreapp3.0\kitpymes.core.shared.tests.dll" id="0f697beb-b7a4-6aa6-9017-b57feeb9ba7f">
      <Execution id="a684f220-3753-436a-b85c-c790dd79efcb" />
      <TestMethod codeBase="D:\SFERRARI\01 - TRABAJO\repos\netcore\template-netcore-shared\Kitpymes.Core.Shared.Tests\bin\Debug\netcoreapp3.0\Kitpymes.Core.Shared.Tests.dll" adapterTypeName="executor://mstestadapter/v2" className="Kitpymes.Core.Shared.Tests.ConfigurationBuilderExtensionsTests" name="ToEnvironment_ServiceCollection_Passing_Development_Enviroment_Returns_Development_Name" />
    </UnitTest>
    <UnitTest name="ToFirstLetterLower_Passing_ValidValue_Returns_StringWithFirstLetterLower" storage="d:\sferrari\01 - trabajo\repos\netcore\template-netcore-shared\kitpymes.core.shared.tests\bin\debug\netcoreapp3.0\kitpymes.core.shared.tests.dll" id="4315ebd1-3e2a-edf0-9de6-c78f08760fe3">
      <Execution id="9edbcbec-e30e-46b1-956e-51cc53600777" />
      <TestMethod codeBase="D:\SFERRARI\01 - TRABAJO\repos\netcore\template-netcore-shared\Kitpymes.Core.Shared.Tests\bin\Debug\netcoreapp3.0\Kitpymes.Core.Shared.Tests.dll" adapterTypeName="executor://mstestadapter/v2" className="Kitpymes.Core.Shared.Tests.StringExtensionsTests" name="ToFirstLetterLower_Passing_ValidValue_Returns_StringWithFirstLetterLower" />
    </UnitTest>
    <UnitTest name="ToPaged_Passing_Name_Ascending_Order_Returns_Filter_List" storage="d:\sferrari\01 - trabajo\repos\netcore\template-netcore-shared\kitpymes.core.shared.tests\bin\debug\netcoreapp3.0\kitpymes.core.shared.tests.dll" id="6fc389b2-a5f3-ded0-63b6-7e1b4cca8442">
      <Execution id="5edb523a-bfe6-4adb-af1b-3fd1b9f300a1" />
      <TestMethod codeBase="D:\SFERRARI\01 - TRABAJO\repos\netcore\template-netcore-shared\Kitpymes.Core.Shared.Tests\bin\Debug\netcoreapp3.0\Kitpymes.Core.Shared.Tests.dll" adapterTypeName="executor://mstestadapter/v2" className="Kitpymes.Core.Shared.Tests.QueryableExtensionsTests" name="ToPaged_Passing_Name_Ascending_Order_Returns_Filter_List" />
    </UnitTest>
    <UnitTest name="ToReplace_Passing_ValidValue_Returns_ReplacedValue" storage="d:\sferrari\01 - trabajo\repos\netcore\template-netcore-shared\kitpymes.core.shared.tests\bin\debug\netcoreapp3.0\kitpymes.core.shared.tests.dll" id="04084e8e-c859-4ef5-e2a7-4fb2803cb2a3">
      <Execution id="11843688-75c7-4b91-a534-a23967c061fe" />
      <TestMethod codeBase="D:\SFERRARI\01 - TRABAJO\repos\netcore\template-netcore-shared\Kitpymes.Core.Shared.Tests\bin\Debug\netcoreapp3.0\Kitpymes.Core.Shared.Tests.dll" adapterTypeName="executor://mstestadapter/v2" className="Kitpymes.Core.Shared.Tests.StringExtensionsTests" name="ToReplace_Passing_ValidValue_Returns_ReplacedValue" />
    </UnitTest>
    <UnitTest name="ResultOk_WithMessage_WithDetails" storage="d:\sferrari\01 - trabajo\repos\netcore\template-netcore-shared\kitpymes.core.shared.tests\bin\debug\netcoreapp3.0\kitpymes.core.shared.tests.dll" id="c00cb1b0-a36c-2ae8-4230-b32afb3c83f9">
      <Execution id="2feef677-2914-4d05-94e4-b5d4b0b7f5a2" />
      <TestMethod codeBase="D:\SFERRARI\01 - TRABAJO\repos\netcore\template-netcore-shared\Kitpymes.Core.Shared.Tests\bin\Debug\netcoreapp3.0\Kitpymes.Core.Shared.Tests.dll" adapterTypeName="executor://mstestadapter/v2" className="Kitpymes.Core.Shared.Tests.ResultTest" name="ResultOk_WithMessage_WithDetails" />
    </UnitTest>
    <UnitTest name="IsEqual_Passing_InvalidArguments_Returns_HasErrorsAndCount" storage="d:\sferrari\01 - trabajo\repos\netcore\template-netcore-shared\kitpymes.core.shared.tests\bin\debug\netcoreapp3.0\kitpymes.core.shared.tests.dll" id="c87d842d-198f-fc52-0a70-418a5e5378ab">
      <Execution id="bf397121-447a-455d-ab87-69e6d643ed40" />
      <TestMethod codeBase="D:\SFERRARI\01 - TRABAJO\repos\netcore\template-netcore-shared\Kitpymes.Core.Shared.Tests\bin\Debug\netcoreapp3.0\Kitpymes.Core.Shared.Tests.dll" adapterTypeName="executor://mstestadapter/v2" className="Kitpymes.Core.Shared.Tests.CheckTests" name="IsEqual_Passing_InvalidArguments_Returns_HasErrorsAndCount" />
    </UnitTest>
    <UnitTest name="ToSetTime_Passing_Time_Int_Returns_DateTime" storage="d:\sferrari\01 - trabajo\repos\netcore\template-netcore-shared\kitpymes.core.shared.tests\bin\debug\netcoreapp3.0\kitpymes.core.shared.tests.dll" id="1761ee10-7c34-b565-b889-1885bffe91c3">
      <Execution id="f5bff066-1e53-4f2d-9ea7-ecf0915aca62" />
      <TestMethod codeBase="D:\SFERRARI\01 - TRABAJO\repos\netcore\template-netcore-shared\Kitpymes.Core.Shared.Tests\bin\Debug\netcoreapp3.0\Kitpymes.Core.Shared.Tests.dll" adapterTypeName="executor://mstestadapter/v2" className="Kitpymes.Core.Shared.Tests.DateTimeExtensionsTests" name="ToSetTime_Passing_Time_Int_Returns_DateTime" />
    </UnitTest>
    <UnitTest name="ToWhere_Passing_Valid_Predicate_Returns_Filter_List" storage="d:\sferrari\01 - trabajo\repos\netcore\template-netcore-shared\kitpymes.core.shared.tests\bin\debug\netcoreapp3.0\kitpymes.core.shared.tests.dll" id="e9d3a3d6-32e0-613e-b55e-48afdf1ab686">
      <Execution id="77ca0726-dd8e-46ad-a9fc-7712ddf97508" />
      <TestMethod codeBase="D:\SFERRARI\01 - TRABAJO\repos\netcore\template-netcore-shared\Kitpymes.Core.Shared.Tests\bin\Debug\netcoreapp3.0\Kitpymes.Core.Shared.Tests.dll" adapterTypeName="executor://mstestadapter/v2" className="Kitpymes.Core.Shared.Tests.QueryableExtensionsTests" name="ToWhere_Passing_Valid_Predicate_Returns_Filter_List" />
    </UnitTest>
    <UnitTest name="ToEmailMaskUserNameAndDomainAndExtension_Passing_ValidEmail_Returns_EmailWithMask" storage="d:\sferrari\01 - trabajo\repos\netcore\template-netcore-shared\kitpymes.core.shared.tests\bin\debug\netcoreapp3.0\kitpymes.core.shared.tests.dll" id="1f6423c7-4317-6f5b-c112-f4c9c7e822af">
      <Execution id="d2c3e58a-9890-4610-9fa2-9fda7f56dfed" />
      <TestMethod codeBase="D:\SFERRARI\01 - TRABAJO\repos\netcore\template-netcore-shared\Kitpymes.Core.Shared.Tests\bin\Debug\netcoreapp3.0\Kitpymes.Core.Shared.Tests.dll" adapterTypeName="executor://mstestadapter/v2" className="Kitpymes.Core.Shared.Tests.StringExtensionsTests" name="ToEmailMaskUserNameAndDomainAndExtension_Passing_ValidEmail_Returns_EmailWithMask" />
    </UnitTest>
    <UnitTest name="ToTryGetHeader_Passing_HttpRequest_Header_Many_Values_Returns_Values" storage="d:\sferrari\01 - trabajo\repos\netcore\template-netcore-shared\kitpymes.core.shared.tests\bin\debug\netcoreapp3.0\kitpymes.core.shared.tests.dll" id="db5f34ff-df7c-44e5-6721-c319db8d6da0">
      <Execution id="1c1ce144-d2c1-4daa-8a75-3def5f7efc17" />
      <TestMethod codeBase="D:\SFERRARI\01 - TRABAJO\repos\netcore\template-netcore-shared\Kitpymes.Core.Shared.Tests\bin\Debug\netcoreapp3.0\Kitpymes.Core.Shared.Tests.dll" adapterTypeName="executor://mstestadapter/v2" className="Kitpymes.Core.Shared.Tests.HttpRequestExtensionsTests" name="ToTryGetHeader_Passing_HttpRequest_Header_Many_Values_Returns_Values" />
    </UnitTest>
    <UnitTest name="ToEnum_Passing_ValidValue_String_Returns_EnumValue" storage="d:\sferrari\01 - trabajo\repos\netcore\template-netcore-shared\kitpymes.core.shared.tests\bin\debug\netcoreapp3.0\kitpymes.core.shared.tests.dll" id="605637df-9854-875b-b3aa-6675f3fbd045">
      <Execution id="35cd39b1-d06f-4a0c-8ce0-626b151811ba" />
      <TestMethod codeBase="D:\SFERRARI\01 - TRABAJO\repos\netcore\template-netcore-shared\Kitpymes.Core.Shared.Tests\bin\Debug\netcoreapp3.0\Kitpymes.Core.Shared.Tests.dll" adapterTypeName="executor://mstestadapter/v2" className="Kitpymes.Core.Shared.Tests.StringExtensionsTests" name="ToEnum_Passing_ValidValue_String_Returns_EnumValue" />
    </UnitTest>
    <UnitTest name="ToDefaultValue_Passing_sbyte_Returns_Cero" storage="d:\sferrari\01 - trabajo\repos\netcore\template-netcore-shared\kitpymes.core.shared.tests\bin\debug\netcoreapp3.0\kitpymes.core.shared.tests.dll" id="19a313ce-6632-bd6f-bb7e-c2dc7bcf20eb">
      <Execution id="ac4480a3-35c9-4915-9884-43c89fffd299" />
      <TestMethod codeBase="D:\SFERRARI\01 - TRABAJO\repos\netcore\template-netcore-shared\Kitpymes.Core.Shared.Tests\bin\Debug\netcoreapp3.0\Kitpymes.Core.Shared.Tests.dll" adapterTypeName="executor://mstestadapter/v2" className="Kitpymes.Core.Shared.Tests.GenericExtensionsTests" name="ToDefaultValue_Passing_sbyte_Returns_Cero" />
    </UnitTest>
    <UnitTest name="CreateRandom_WithDefaultAllowableCharacters_Passing_ValidArguments_Returns_String_Random_Value" storage="d:\sferrari\01 - trabajo\repos\netcore\template-netcore-shared\kitpymes.core.shared.tests\bin\debug\netcoreapp3.0\kitpymes.core.shared.tests.dll" id="481343f9-3ff3-548f-0c6c-41599cf65802">
      <Execution id="702308ae-d0eb-4f06-aaa6-86d575373ebc" />
      <TestMethod codeBase="D:\SFERRARI\01 - TRABAJO\repos\netcore\template-netcore-shared\Kitpymes.Core.Shared.Tests\bin\Debug\netcoreapp3.0\Kitpymes.Core.Shared.Tests.dll" adapterTypeName="executor://mstestadapter/v2" className="Kitpymes.Core.Shared.Tests.HashTests" name="CreateRandom_WithDefaultAllowableCharacters_Passing_ValidArguments_Returns_String_Random_Value" />
    </UnitTest>
    <UnitTest name="ToThrow_Passing_InvalidValue_Returns_ApplicationExceptionWithMessage" storage="d:\sferrari\01 - trabajo\repos\netcore\template-netcore-shared\kitpymes.core.shared.tests\bin\debug\netcoreapp3.0\kitpymes.core.shared.tests.dll" id="9b5f9705-0df5-3b21-5e23-e11b68721fd4">
      <Execution id="ab407c0b-d597-46aa-898c-f87dabd57ee5" />
      <TestMethod codeBase="D:\SFERRARI\01 - TRABAJO\repos\netcore\template-netcore-shared\Kitpymes.Core.Shared.Tests\bin\Debug\netcoreapp3.0\Kitpymes.Core.Shared.Tests.dll" adapterTypeName="executor://mstestadapter/v2" className="Kitpymes.Core.Shared.Tests.CheckExtensionsTests" name="ToThrow_Passing_InvalidValue_Returns_ApplicationExceptionWithMessage" />
    </UnitTest>
    <UnitTest name="ResultUnauthorized" storage="d:\sferrari\01 - trabajo\repos\netcore\template-netcore-shared\kitpymes.core.shared.tests\bin\debug\netcoreapp3.0\kitpymes.core.shared.tests.dll" id="b79ee054-2363-6600-c9a3-db00cdcc0f2c">
      <Execution id="d0717552-6247-4c0b-8170-4a821dc61ddb" />
      <TestMethod codeBase="D:\SFERRARI\01 - TRABAJO\repos\netcore\template-netcore-shared\Kitpymes.Core.Shared.Tests\bin\Debug\netcoreapp3.0\Kitpymes.Core.Shared.Tests.dll" adapterTypeName="executor://mstestadapter/v2" className="Kitpymes.Core.Shared.Tests.ResultTest" name="ResultUnauthorized" />
    </UnitTest>
    <UnitTest name="ToIsFileExtensionThrow_Passing_InvalidValue_Returns_ApplicationExceptionWithMessage" storage="d:\sferrari\01 - trabajo\repos\netcore\template-netcore-shared\kitpymes.core.shared.tests\bin\debug\netcoreapp3.0\kitpymes.core.shared.tests.dll" id="43949294-e4b7-cf4d-0d69-84ccc9e58406">
      <Execution id="e842bf8b-4930-42fc-bfdb-09d2d3e723a2" />
      <TestMethod codeBase="D:\SFERRARI\01 - TRABAJO\repos\netcore\template-netcore-shared\Kitpymes.Core.Shared.Tests\bin\Debug\netcoreapp3.0\Kitpymes.Core.Shared.Tests.dll" adapterTypeName="executor://mstestadapter/v2" className="Kitpymes.Core.Shared.Tests.CheckExtensionsTests" name="ToIsFileExtensionThrow_Passing_InvalidValue_Returns_ApplicationExceptionWithMessage" />
    </UnitTest>
    <UnitTest name="ToConfiguration_Passing_Valid_DirectoryPath_Invalid_JsonFileName_Not_Optional_Returns_ApplicationException" storage="d:\sferrari\01 - trabajo\repos\netcore\template-netcore-shared\kitpymes.core.shared.tests\bin\debug\netcoreapp3.0\kitpymes.core.shared.tests.dll" id="bf48e581-43e6-7660-c4f4-1b7deb1f0ed9">
      <Execution id="7c58a0d2-ef81-4222-8b1d-a194da886807" />
      <TestMethod codeBase="D:\SFERRARI\01 - TRABAJO\repos\netcore\template-netcore-shared\Kitpymes.Core.Shared.Tests\bin\Debug\netcoreapp3.0\Kitpymes.Core.Shared.Tests.dll" adapterTypeName="executor://mstestadapter/v2" className="Kitpymes.Core.Shared.Tests.ConfigurationBuilderExtensionsTests" name="ToConfiguration_Passing_Valid_DirectoryPath_Invalid_JsonFileName_Not_Optional_Returns_ApplicationException" />
    </UnitTest>
    <UnitTest name="ToPaged_Passing_Name_Descending_Order_Returns_Filter_List" storage="d:\sferrari\01 - trabajo\repos\netcore\template-netcore-shared\kitpymes.core.shared.tests\bin\debug\netcoreapp3.0\kitpymes.core.shared.tests.dll" id="0b00f09d-f7e4-fb1e-68ad-8102cf6143e0">
      <Execution id="d6d497c2-f8aa-42fa-b98f-a49049988a65" />
      <TestMethod codeBase="D:\SFERRARI\01 - TRABAJO\repos\netcore\template-netcore-shared\Kitpymes.Core.Shared.Tests\bin\Debug\netcoreapp3.0\Kitpymes.Core.Shared.Tests.dll" adapterTypeName="executor://mstestadapter/v2" className="Kitpymes.Core.Shared.Tests.QueryableExtensionsTests" name="ToPaged_Passing_Name_Descending_Order_Returns_Filter_List" />
    </UnitTest>
    <UnitTest name="ToEnum_Passing_InvalidValueString_Returns_EnumDefaultValue" storage="d:\sferrari\01 - trabajo\repos\netcore\template-netcore-shared\kitpymes.core.shared.tests\bin\debug\netcoreapp3.0\kitpymes.core.shared.tests.dll" id="31ff6168-d18d-0013-7c18-0ff775714202">
      <Execution id="27cf519e-1a33-4db7-9406-d984c8679c6e" />
      <TestMethod codeBase="D:\SFERRARI\01 - TRABAJO\repos\netcore\template-netcore-shared\Kitpymes.Core.Shared.Tests\bin\Debug\netcoreapp3.0\Kitpymes.Core.Shared.Tests.dll" adapterTypeName="executor://mstestadapter/v2" className="Kitpymes.Core.Shared.Tests.StringExtensionsTests" name="ToEnum_Passing_InvalidValueString_Returns_EnumDefaultValue" />
    </UnitTest>
    <UnitTest name="ToUserName_Passing_Valid_UserName_ClaimsPrincipal_Returns_String_UserName_Value" storage="d:\sferrari\01 - trabajo\repos\netcore\template-netcore-shared\kitpymes.core.shared.tests\bin\debug\netcoreapp3.0\kitpymes.core.shared.tests.dll" id="856fd0c8-b6f8-9265-ccfd-2a9e615488e2">
      <Execution id="262ef608-9632-46b9-a11c-a5cf324130c4" />
      <TestMethod codeBase="D:\SFERRARI\01 - TRABAJO\repos\netcore\template-netcore-shared\Kitpymes.Core.Shared.Tests\bin\Debug\netcoreapp3.0\Kitpymes.Core.Shared.Tests.dll" adapterTypeName="executor://mstestadapter/v2" className="Kitpymes.Core.Shared.Tests.ClaimsPrincipalExtensionsTests" name="ToUserName_Passing_Valid_UserName_ClaimsPrincipal_Returns_String_UserName_Value" />
    </UnitTest>
    <UnitTest name="IsSubdomain_Passing_InvalidArguments_Returns_HasErrorsAndCount" storage="d:\sferrari\01 - trabajo\repos\netcore\template-netcore-shared\kitpymes.core.shared.tests\bin\debug\netcoreapp3.0\kitpymes.core.shared.tests.dll" id="f2debf4a-2a42-7b0b-1005-8f74a6fc63cb">
      <Execution id="70298045-622b-4918-894c-3cf14334cc83" />
      <TestMethod codeBase="D:\SFERRARI\01 - TRABAJO\repos\netcore\template-netcore-shared\Kitpymes.Core.Shared.Tests\bin\Debug\netcoreapp3.0\Kitpymes.Core.Shared.Tests.dll" adapterTypeName="executor://mstestadapter/v2" className="Kitpymes.Core.Shared.Tests.CheckTests" name="IsSubdomain_Passing_InvalidArguments_Returns_HasErrorsAndCount" />
    </UnitTest>
    <UnitTest name="IsDigit_Passing_ValidArguments_Returns_HasErrorsAndCount" storage="d:\sferrari\01 - trabajo\repos\netcore\template-netcore-shared\kitpymes.core.shared.tests\bin\debug\netcoreapp3.0\kitpymes.core.shared.tests.dll" id="ebdf037a-44fa-7875-99d4-42fa9833aac8">
      <Execution id="509747eb-b0f5-410f-80c2-ed69212ef94b" />
      <TestMethod codeBase="D:\SFERRARI\01 - TRABAJO\repos\netcore\template-netcore-shared\Kitpymes.Core.Shared.Tests\bin\Debug\netcoreapp3.0\Kitpymes.Core.Shared.Tests.dll" adapterTypeName="executor://mstestadapter/v2" className="Kitpymes.Core.Shared.Tests.CheckTests" name="IsDigit_Passing_ValidArguments_Returns_HasErrorsAndCount" />
    </UnitTest>
    <UnitTest name="ToEmailMaskUserNameAndDomain_Passing_ValidEmail_Returns_EmailWithMask" storage="d:\sferrari\01 - trabajo\repos\netcore\template-netcore-shared\kitpymes.core.shared.tests\bin\debug\netcoreapp3.0\kitpymes.core.shared.tests.dll" id="e8138724-52f6-6999-ada4-cbc441f2cd15">
      <Execution id="3410d543-23c8-4d7e-af62-048c90c2f6c2" />
      <TestMethod codeBase="D:\SFERRARI\01 - TRABAJO\repos\netcore\template-netcore-shared\Kitpymes.Core.Shared.Tests\bin\Debug\netcoreapp3.0\Kitpymes.Core.Shared.Tests.dll" adapterTypeName="executor://mstestadapter/v2" className="Kitpymes.Core.Shared.Tests.StringExtensionsTests" name="ToEmailMaskUserNameAndDomain_Passing_ValidEmail_Returns_EmailWithMask" />
    </UnitTest>
    <UnitTest name="ToDirectoryReadFileAsync_Passing_ValidValue_Returns_False" storage="d:\sferrari\01 - trabajo\repos\netcore\template-netcore-shared\kitpymes.core.shared.tests\bin\debug\netcoreapp3.0\kitpymes.core.shared.tests.dll" id="29295413-2308-fade-9c98-0e9ed6c67839">
      <Execution id="f0124587-6dab-4de2-adb5-220b28dc9ee6" />
      <TestMethod codeBase="D:\SFERRARI\01 - TRABAJO\repos\netcore\template-netcore-shared\Kitpymes.Core.Shared.Tests\bin\Debug\netcoreapp3.0\Kitpymes.Core.Shared.Tests.dll" adapterTypeName="executor://mstestadapter/v2" className="Kitpymes.Core.Shared.Tests.StringExtensionsTests" name="ToDirectoryReadFileAsync_Passing_ValidValue_Returns_False" />
    </UnitTest>
    <UnitTest name="ToDictionaryPropertyInfo_Passing_Object_IncludeNullOrEmptyProperty_Returns_Properties_NameAndValue_Dictionary" storage="d:\sferrari\01 - trabajo\repos\netcore\template-netcore-shared\kitpymes.core.shared.tests\bin\debug\netcoreapp3.0\kitpymes.core.shared.tests.dll" id="a0ed43cd-0648-ddf9-c80e-52c6889ee049">
      <Execution id="f5554f4a-275b-400b-9483-3d3ecb4182b3" />
      <TestMethod codeBase="D:\SFERRARI\01 - TRABAJO\repos\netcore\template-netcore-shared\Kitpymes.Core.Shared.Tests\bin\Debug\netcoreapp3.0\Kitpymes.Core.Shared.Tests.dll" adapterTypeName="executor://mstestadapter/v2" className="Kitpymes.Core.Shared.Tests.GenericExtensionsTests" name="ToDictionaryPropertyInfo_Passing_Object_IncludeNullOrEmptyProperty_Returns_Properties_NameAndValue_Dictionary" />
    </UnitTest>
    <UnitTest name="GetValues_Passing_Valid_Key_Returns_Values" storage="d:\sferrari\01 - trabajo\repos\netcore\template-netcore-shared\kitpymes.core.shared.tests\bin\debug\netcoreapp3.0\kitpymes.core.shared.tests.dll" id="fb770b4f-f87b-13ad-88ac-a338dbbb0d57">
      <Execution id="99d0232f-b315-4104-a31e-d974135cc3d7" />
      <TestMethod codeBase="D:\SFERRARI\01 - TRABAJO\repos\netcore\template-netcore-shared\Kitpymes.Core.Shared.Tests\bin\Debug\netcoreapp3.0\Kitpymes.Core.Shared.Tests.dll" adapterTypeName="executor://mstestadapter/v2" className="Kitpymes.Core.Shared.Tests.DictionaryExtensionsTests" name="GetValues_Passing_Valid_Key_Returns_Values" />
    </UnitTest>
    <UnitTest name="ToIsWeekend_Passing_Friday_DateTime_Returns_False" storage="d:\sferrari\01 - trabajo\repos\netcore\template-netcore-shared\kitpymes.core.shared.tests\bin\debug\netcoreapp3.0\kitpymes.core.shared.tests.dll" id="459f13f4-e266-2f20-5c30-d2c64797095d">
      <Execution id="9c5ac71d-93d5-4436-8c5f-7a9f4b4ce641" />
      <TestMethod codeBase="D:\SFERRARI\01 - TRABAJO\repos\netcore\template-netcore-shared\Kitpymes.Core.Shared.Tests\bin\Debug\netcoreapp3.0\Kitpymes.Core.Shared.Tests.dll" adapterTypeName="executor://mstestadapter/v2" className="Kitpymes.Core.Shared.Tests.DateTimeExtensionsTests" name="ToIsWeekend_Passing_Friday_DateTime_Returns_False" />
    </UnitTest>
    <UnitTest name="ToList_Passing_ValidEnumType_Returns_ValuesList" storage="d:\sferrari\01 - trabajo\repos\netcore\template-netcore-shared\kitpymes.core.shared.tests\bin\debug\netcoreapp3.0\kitpymes.core.shared.tests.dll" id="a6625fb0-1b80-148b-87dc-9cf616e5e84d">
      <Execution id="185ff975-f69d-438a-b2f7-231228de4a5d" />
      <TestMethod codeBase="D:\SFERRARI\01 - TRABAJO\repos\netcore\template-netcore-shared\Kitpymes.Core.Shared.Tests\bin\Debug\netcoreapp3.0\Kitpymes.Core.Shared.Tests.dll" adapterTypeName="executor://mstestadapter/v2" className="Kitpymes.Core.Shared.Tests.EnumsTests" name="ToList_Passing_ValidEnumType_Returns_ValuesList" />
    </UnitTest>
    <UnitTest name="IsDomain_Passing_ValidArguments_Returns_HasErrorsAndCount" storage="d:\sferrari\01 - trabajo\repos\netcore\template-netcore-shared\kitpymes.core.shared.tests\bin\debug\netcoreapp3.0\kitpymes.core.shared.tests.dll" id="447ced0a-6221-43ff-44ab-4ee12ee4d012">
      <Execution id="0663dcc5-903a-426c-a16c-ef0efbb9b183" />
      <TestMethod codeBase="D:\SFERRARI\01 - TRABAJO\repos\netcore\template-netcore-shared\Kitpymes.Core.Shared.Tests\bin\Debug\netcoreapp3.0\Kitpymes.Core.Shared.Tests.dll" adapterTypeName="executor://mstestadapter/v2" className="Kitpymes.Core.Shared.Tests.CheckTests" name="IsDomain_Passing_ValidArguments_Returns_HasErrorsAndCount" />
    </UnitTest>
    <UnitTest name="ToIPv6_Passing_HttpContext_IP_Value_Returns_IP" storage="d:\sferrari\01 - trabajo\repos\netcore\template-netcore-shared\kitpymes.core.shared.tests\bin\debug\netcoreapp3.0\kitpymes.core.shared.tests.dll" id="5bee9d0e-89de-7b6d-4317-0a11342b1d29">
      <Execution id="9c3b4f06-090f-42bd-91e7-31bcba4a2986" />
      <TestMethod codeBase="D:\SFERRARI\01 - TRABAJO\repos\netcore\template-netcore-shared\Kitpymes.Core.Shared.Tests\bin\Debug\netcoreapp3.0\Kitpymes.Core.Shared.Tests.dll" adapterTypeName="executor://mstestadapter/v2" className="Kitpymes.Core.Shared.Tests.HttpContextExtensionsTests" name="ToIPv6_Passing_HttpContext_IP_Value_Returns_IP" />
    </UnitTest>
    <UnitTest name="ToGet_Passing_Claims_Returns_Claim_Value_Object" storage="d:\sferrari\01 - trabajo\repos\netcore\template-netcore-shared\kitpymes.core.shared.tests\bin\debug\netcoreapp3.0\kitpymes.core.shared.tests.dll" id="a272f84c-2bd5-daa4-4afe-22346b802f86">
      <Execution id="5bc8be3c-61e5-482c-8a43-da43c6990252" />
      <TestMethod codeBase="D:\SFERRARI\01 - TRABAJO\repos\netcore\template-netcore-shared\Kitpymes.Core.Shared.Tests\bin\Debug\netcoreapp3.0\Kitpymes.Core.Shared.Tests.dll" adapterTypeName="executor://mstestadapter/v2" className="Kitpymes.Core.Shared.Tests.ClaimsPrincipalExtensionsTests" name="ToGet_Passing_Claims_Returns_Claim_Value_Object" />
    </UnitTest>
    <UnitTest name="ToExists_Passing_Service_Not_Found_Returns_False" storage="d:\sferrari\01 - trabajo\repos\netcore\template-netcore-shared\kitpymes.core.shared.tests\bin\debug\netcoreapp3.0\kitpymes.core.shared.tests.dll" id="074815db-ddf2-9c1f-0fef-7f709183591e">
      <Execution id="494fb9bb-5f07-4b23-ad89-36f6896fb8f3" />
      <TestMethod codeBase="D:\SFERRARI\01 - TRABAJO\repos\netcore\template-netcore-shared\Kitpymes.Core.Shared.Tests\bin\Debug\netcoreapp3.0\Kitpymes.Core.Shared.Tests.dll" adapterTypeName="executor://mstestadapter/v2" className="Kitpymes.Core.Shared.Tests.ApplicationBuilderExtensionsTests" name="ToExists_Passing_Service_Not_Found_Returns_False" />
    </UnitTest>
    <UnitTest name="IsFile_Passing_InvalidArguments_Returns_HasErrorsAndCount" storage="d:\sferrari\01 - trabajo\repos\netcore\template-netcore-shared\kitpymes.core.shared.tests\bin\debug\netcoreapp3.0\kitpymes.core.shared.tests.dll" id="d7c20db6-f712-8539-ac01-01e8f4033fac">
      <Execution id="acd772c4-2d3b-477a-9b62-2c7039bbe2b3" />
      <TestMethod codeBase="D:\SFERRARI\01 - TRABAJO\repos\netcore\template-netcore-shared\Kitpymes.Core.Shared.Tests\bin\Debug\netcoreapp3.0\Kitpymes.Core.Shared.Tests.dll" adapterTypeName="executor://mstestadapter/v2" className="Kitpymes.Core.Shared.Tests.CheckTests" name="IsFile_Passing_InvalidArguments_Returns_HasErrorsAndCount" />
    </UnitTest>
    <UnitTest name="ToConfiguration_Passing_Valid_DirectoryPath_Valid_JsonFileName_Returns_Ok" storage="d:\sferrari\01 - trabajo\repos\netcore\template-netcore-shared\kitpymes.core.shared.tests\bin\debug\netcoreapp3.0\kitpymes.core.shared.tests.dll" id="9064672f-1220-7bc0-f2b0-c66c74cccc5e">
      <Execution id="97787309-66d9-45c2-bfea-fcabc0cc62d8" />
      <TestMethod codeBase="D:\SFERRARI\01 - TRABAJO\repos\netcore\template-netcore-shared\Kitpymes.Core.Shared.Tests\bin\Debug\netcoreapp3.0\Kitpymes.Core.Shared.Tests.dll" adapterTypeName="executor://mstestadapter/v2" className="Kitpymes.Core.Shared.Tests.ConfigurationBuilderExtensionsTests" name="ToConfiguration_Passing_Valid_DirectoryPath_Valid_JsonFileName_Returns_Ok" />
    </UnitTest>
    <UnitTest name="IsCustom_Passing_InvalidArguments_Returns_HasErrorsAndCount" storage="d:\sferrari\01 - trabajo\repos\netcore\template-netcore-shared\kitpymes.core.shared.tests\bin\debug\netcoreapp3.0\kitpymes.core.shared.tests.dll" id="772d3145-280a-fb9f-03c2-247d0f593a66">
      <Execution id="6b6a6c19-7b2e-4451-bd91-0ba6163c3796" />
      <TestMethod codeBase="D:\SFERRARI\01 - TRABAJO\repos\netcore\template-netcore-shared\Kitpymes.Core.Shared.Tests\bin\Debug\netcoreapp3.0\Kitpymes.Core.Shared.Tests.dll" adapterTypeName="executor://mstestadapter/v2" className="Kitpymes.Core.Shared.Tests.CheckTests" name="IsCustom_Passing_InvalidArguments_Returns_HasErrorsAndCount" />
    </UnitTest>
    <UnitTest name="ToPaged_Passing_Age_Descending_Order_Returns_Filter_List" storage="d:\sferrari\01 - trabajo\repos\netcore\template-netcore-shared\kitpymes.core.shared.tests\bin\debug\netcoreapp3.0\kitpymes.core.shared.tests.dll" id="e53d2439-2080-43bd-e38b-a60253b60af1">
      <Execution id="16c56581-030d-4e6d-826f-312a9db9b32a" />
      <TestMethod codeBase="D:\SFERRARI\01 - TRABAJO\repos\netcore\template-netcore-shared\Kitpymes.Core.Shared.Tests\bin\Debug\netcoreapp3.0\Kitpymes.Core.Shared.Tests.dll" adapterTypeName="executor://mstestadapter/v2" className="Kitpymes.Core.Shared.Tests.QueryableExtensionsTests" name="ToPaged_Passing_Age_Descending_Order_Returns_Filter_List" />
    </UnitTest>
    <UnitTest name="ToBytes_Passing_Object_Returns_Bytes" storage="d:\sferrari\01 - trabajo\repos\netcore\template-netcore-shared\kitpymes.core.shared.tests\bin\debug\netcoreapp3.0\kitpymes.core.shared.tests.dll" id="118e36ba-6572-1245-e05b-9bcc7b4e5e20">
      <Execution id="a7a946d4-f622-4fed-811b-e2f3cb750abe" />
      <TestMethod codeBase="D:\SFERRARI\01 - TRABAJO\repos\netcore\template-netcore-shared\Kitpymes.Core.Shared.Tests\bin\Debug\netcoreapp3.0\Kitpymes.Core.Shared.Tests.dll" adapterTypeName="executor://mstestadapter/v2" className="Kitpymes.Core.Shared.Tests.GenericExtensionsTests" name="ToBytes_Passing_Object_Returns_Bytes" />
    </UnitTest>
    <UnitTest name="ToDefaultValue_Passing_float_Returns_Cero" storage="d:\sferrari\01 - trabajo\repos\netcore\template-netcore-shared\kitpymes.core.shared.tests\bin\debug\netcoreapp3.0\kitpymes.core.shared.tests.dll" id="e0f7dcd9-f363-be9c-de11-457f6a575bee">
      <Execution id="c81a9685-ff9b-440b-b45a-edc372c6207b" />
      <TestMethod codeBase="D:\SFERRARI\01 - TRABAJO\repos\netcore\template-netcore-shared\Kitpymes.Core.Shared.Tests\bin\Debug\netcoreapp3.0\Kitpymes.Core.Shared.Tests.dll" adapterTypeName="executor://mstestadapter/v2" className="Kitpymes.Core.Shared.Tests.GenericExtensionsTests" name="ToDefaultValue_Passing_float_Returns_Cero" />
    </UnitTest>
    <UnitTest name="IsUppercase_Passing_InvalidArguments_Returns_HasErrorsAndCount" storage="d:\sferrari\01 - trabajo\repos\netcore\template-netcore-shared\kitpymes.core.shared.tests\bin\debug\netcoreapp3.0\kitpymes.core.shared.tests.dll" id="b8bb90de-6285-0f1c-e0f2-f3ba1f987370">
      <Execution id="a49899c1-fcc8-4a38-908b-e16ab0d251de" />
      <TestMethod codeBase="D:\SFERRARI\01 - TRABAJO\repos\netcore\template-netcore-shared\Kitpymes.Core.Shared.Tests\bin\Debug\netcoreapp3.0\Kitpymes.Core.Shared.Tests.dll" adapterTypeName="executor://mstestadapter/v2" className="Kitpymes.Core.Shared.Tests.CheckTests" name="IsUppercase_Passing_InvalidArguments_Returns_HasErrorsAndCount" />
    </UnitTest>
    <UnitTest name="AddOrUpdate_Passing_Valid_Collection_Returns_Collection" storage="d:\sferrari\01 - trabajo\repos\netcore\template-netcore-shared\kitpymes.core.shared.tests\bin\debug\netcoreapp3.0\kitpymes.core.shared.tests.dll" id="1e15a82e-c1da-d4c9-090a-c7fc200f7f58">
      <Execution id="5f1c9b79-52f5-4275-bc7a-8ad4ad0b3a8c" />
      <TestMethod codeBase="D:\SFERRARI\01 - TRABAJO\repos\netcore\template-netcore-shared\Kitpymes.Core.Shared.Tests\bin\Debug\netcoreapp3.0\Kitpymes.Core.Shared.Tests.dll" adapterTypeName="executor://mstestadapter/v2" className="Kitpymes.Core.Shared.Tests.DictionaryExtensionsTests" name="AddOrUpdate_Passing_Valid_Collection_Returns_Collection" />
    </UnitTest>
    <UnitTest name="ToGetAll_Passing_Claims_Returns_Claim_Value_String_List" storage="d:\sferrari\01 - trabajo\repos\netcore\template-netcore-shared\kitpymes.core.shared.tests\bin\debug\netcoreapp3.0\kitpymes.core.shared.tests.dll" id="4184a91b-5297-4872-2a98-1ef97e124515">
      <Execution id="ed74335f-5184-4084-8fd0-faf4cd1eed75" />
      <TestMethod codeBase="D:\SFERRARI\01 - TRABAJO\repos\netcore\template-netcore-shared\Kitpymes.Core.Shared.Tests\bin\Debug\netcoreapp3.0\Kitpymes.Core.Shared.Tests.dll" adapterTypeName="executor://mstestadapter/v2" className="Kitpymes.Core.Shared.Tests.ClaimsPrincipalExtensionsTests" name="ToGetAll_Passing_Claims_Returns_Claim_Value_String_List" />
    </UnitTest>
    <UnitTest name="ToList_Passing_ValidEnumTypeWithResourceType_Returns_ValuesList" storage="d:\sferrari\01 - trabajo\repos\netcore\template-netcore-shared\kitpymes.core.shared.tests\bin\debug\netcoreapp3.0\kitpymes.core.shared.tests.dll" id="aaa46586-7b83-9a88-e835-ae92592f98a3">
      <Execution id="02193c82-59d7-41ce-936c-41e7bf1aaa59" />
      <TestMethod codeBase="D:\SFERRARI\01 - TRABAJO\repos\netcore\template-netcore-shared\Kitpymes.Core.Shared.Tests\bin\Debug\netcoreapp3.0\Kitpymes.Core.Shared.Tests.dll" adapterTypeName="executor://mstestadapter/v2" className="Kitpymes.Core.Shared.Tests.EnumsTests" name="ToList_Passing_ValidEnumTypeWithResourceType_Returns_ValuesList" />
    </UnitTest>
    <UnitTest name="IsHostname_Passing_ValidArguments_Returns_HasErrorsAndCount" storage="d:\sferrari\01 - trabajo\repos\netcore\template-netcore-shared\kitpymes.core.shared.tests\bin\debug\netcoreapp3.0\kitpymes.core.shared.tests.dll" id="46df7735-43c3-1f8d-197a-cd21c82e5889">
      <Execution id="15efc030-cfa5-4188-8f30-09b3c29d6b2c" />
      <TestMethod codeBase="D:\SFERRARI\01 - TRABAJO\repos\netcore\template-netcore-shared\Kitpymes.Core.Shared.Tests\bin\Debug\netcoreapp3.0\Kitpymes.Core.Shared.Tests.dll" adapterTypeName="executor://mstestadapter/v2" className="Kitpymes.Core.Shared.Tests.CheckTests" name="IsHostname_Passing_ValidArguments_Returns_HasErrorsAndCount" />
    </UnitTest>
    <UnitTest name="ToTomorrow_Passing_DateTime_Returns_Tomorrow_DateTime" storage="d:\sferrari\01 - trabajo\repos\netcore\template-netcore-shared\kitpymes.core.shared.tests\bin\debug\netcoreapp3.0\kitpymes.core.shared.tests.dll" id="c2d3c8df-32e7-92dc-91f8-057e8c4da6b9">
      <Execution id="429ac804-c7fb-4a47-8d2f-53967d7db7db" />
      <TestMethod codeBase="D:\SFERRARI\01 - TRABAJO\repos\netcore\template-netcore-shared\Kitpymes.Core.Shared.Tests\bin\Debug\netcoreapp3.0\Kitpymes.Core.Shared.Tests.dll" adapterTypeName="executor://mstestadapter/v2" className="Kitpymes.Core.Shared.Tests.DateTimeExtensionsTests" name="ToTomorrow_Passing_DateTime_Returns_Tomorrow_DateTime" />
    </UnitTest>
    <UnitTest name="ToFullMessage_Passing_ExceptionWithMessageWithInnerException_Returns_Full_Message" storage="d:\sferrari\01 - trabajo\repos\netcore\template-netcore-shared\kitpymes.core.shared.tests\bin\debug\netcoreapp3.0\kitpymes.core.shared.tests.dll" id="e1a72c94-958d-7abb-4a96-4b60b12f8157">
      <Execution id="56905d74-ddc3-4ac2-8a56-5cc371c083e1" />
      <TestMethod codeBase="D:\SFERRARI\01 - TRABAJO\repos\netcore\template-netcore-shared\Kitpymes.Core.Shared.Tests\bin\Debug\netcoreapp3.0\Kitpymes.Core.Shared.Tests.dll" adapterTypeName="executor://mstestadapter/v2" className="Kitpymes.Core.Shared.Tests.ExceptionExtensionsTests" name="ToFullMessage_Passing_ExceptionWithMessageWithInnerException_Returns_Full_Message" />
    </UnitTest>
    <UnitTest name="ToAuthenticationType_Passing_Claims_Returns_Null" storage="d:\sferrari\01 - trabajo\repos\netcore\template-netcore-shared\kitpymes.core.shared.tests\bin\debug\netcoreapp3.0\kitpymes.core.shared.tests.dll" id="34e0940c-fc9c-71db-fc18-7d52ee8761a0">
      <Execution id="d7e22107-838f-4cb0-a7c1-14774e0a2dcd" />
      <TestMethod codeBase="D:\SFERRARI\01 - TRABAJO\repos\netcore\template-netcore-shared\Kitpymes.Core.Shared.Tests\bin\Debug\netcoreapp3.0\Kitpymes.Core.Shared.Tests.dll" adapterTypeName="executor://mstestadapter/v2" className="Kitpymes.Core.Shared.Tests.ClaimsPrincipalExtensionsTests" name="ToAuthenticationType_Passing_Claims_Returns_Null" />
    </UnitTest>
    <UnitTest name="IsRange_Passing_InvalidArguments_Returns_HasErrorsAndCount" storage="d:\sferrari\01 - trabajo\repos\netcore\template-netcore-shared\kitpymes.core.shared.tests\bin\debug\netcoreapp3.0\kitpymes.core.shared.tests.dll" id="8a5cc6e0-e73e-2131-64bd-e73fc6c2a32e">
      <Execution id="c0eccbdd-0d33-4ae1-bc53-691bc30a1777" />
      <TestMethod codeBase="D:\SFERRARI\01 - TRABAJO\repos\netcore\template-netcore-shared\Kitpymes.Core.Shared.Tests\bin\Debug\netcoreapp3.0\Kitpymes.Core.Shared.Tests.dll" adapterTypeName="executor://mstestadapter/v2" className="Kitpymes.Core.Shared.Tests.CheckTests" name="IsRange_Passing_InvalidArguments_Returns_HasErrorsAndCount" />
    </UnitTest>
    <UnitTest name="IsDigit_Passing_InvalidArguments_Returns_HasErrorsAndCount" storage="d:\sferrari\01 - trabajo\repos\netcore\template-netcore-shared\kitpymes.core.shared.tests\bin\debug\netcoreapp3.0\kitpymes.core.shared.tests.dll" id="f2d267b8-d5a7-6c91-de6d-813182908c7f">
      <Execution id="40cfdf6f-3447-4e39-8653-fbc86a4225f4" />
      <TestMethod codeBase="D:\SFERRARI\01 - TRABAJO\repos\netcore\template-netcore-shared\Kitpymes.Core.Shared.Tests\bin\Debug\netcoreapp3.0\Kitpymes.Core.Shared.Tests.dll" adapterTypeName="executor://mstestadapter/v2" className="Kitpymes.Core.Shared.Tests.CheckTests" name="IsDigit_Passing_InvalidArguments_Returns_HasErrorsAndCount" />
    </UnitTest>
    <UnitTest name="ResultOkData" storage="d:\sferrari\01 - trabajo\repos\netcore\template-netcore-shared\kitpymes.core.shared.tests\bin\debug\netcoreapp3.0\kitpymes.core.shared.tests.dll" id="0a999e9b-220b-0f64-a533-84896c20ce13">
      <Execution id="d595ea77-7ad7-46f5-86c5-f2ed7d528d80" />
      <TestMethod codeBase="D:\SFERRARI\01 - TRABAJO\repos\netcore\template-netcore-shared\Kitpymes.Core.Shared.Tests\bin\Debug\netcoreapp3.0\Kitpymes.Core.Shared.Tests.dll" adapterTypeName="executor://mstestadapter/v2" className="Kitpymes.Core.Shared.Tests.ResultTest" name="ResultOkData" />
    </UnitTest>
    <UnitTest name="ResultError_WithTitle_WithStatusCode_WithDetails_WithExceptionType_WithMessages_WithErrors" storage="d:\sferrari\01 - trabajo\repos\netcore\template-netcore-shared\kitpymes.core.shared.tests\bin\debug\netcoreapp3.0\kitpymes.core.shared.tests.dll" id="071a93ca-ce4d-3349-fe5a-5052bf3ce103">
      <Execution id="da2d6237-0fc7-4a21-bf0e-a9496a17fd77" />
      <TestMethod codeBase="D:\SFERRARI\01 - TRABAJO\repos\netcore\template-netcore-shared\Kitpymes.Core.Shared.Tests\bin\Debug\netcoreapp3.0\Kitpymes.Core.Shared.Tests.dll" adapterTypeName="executor://mstestadapter/v2" className="Kitpymes.Core.Shared.Tests.ResultTest" name="ResultError_WithTitle_WithStatusCode_WithDetails_WithExceptionType_WithMessages_WithErrors" />
    </UnitTest>
    <UnitTest name="ToDeserialize_Passing_String_Returns_Object" storage="d:\sferrari\01 - trabajo\repos\netcore\template-netcore-shared\kitpymes.core.shared.tests\bin\debug\netcoreapp3.0\kitpymes.core.shared.tests.dll" id="678a7b5d-e2f9-09be-f35f-0e3e4d5ad033">
      <Execution id="5cd5b9cb-a6c2-4f45-b4e7-0ef0f3d0cbf4" />
      <TestMethod codeBase="D:\SFERRARI\01 - TRABAJO\repos\netcore\template-netcore-shared\Kitpymes.Core.Shared.Tests\bin\Debug\netcoreapp3.0\Kitpymes.Core.Shared.Tests.dll" adapterTypeName="executor://mstestadapter/v2" className="Kitpymes.Core.Shared.Tests.JsonExtensionsTests" name="ToDeserialize_Passing_String_Returns_Object" />
    </UnitTest>
    <UnitTest name="ToDefaultValue_Passing_ValidString_Returns_DefaultValue" storage="d:\sferrari\01 - trabajo\repos\netcore\template-netcore-shared\kitpymes.core.shared.tests\bin\debug\netcoreapp3.0\kitpymes.core.shared.tests.dll" id="579b7361-19a9-f329-acb3-de102dcfc793">
      <Execution id="3da27500-445f-426f-8165-2387aebcc562" />
      <TestMethod codeBase="D:\SFERRARI\01 - TRABAJO\repos\netcore\template-netcore-shared\Kitpymes.Core.Shared.Tests\bin\Debug\netcoreapp3.0\Kitpymes.Core.Shared.Tests.dll" adapterTypeName="executor://mstestadapter/v2" className="Kitpymes.Core.Shared.Tests.TypeExtensionsTests" name="ToDefaultValue_Passing_ValidString_Returns_DefaultValue" />
    </UnitTest>
    <UnitTest name="ToList_Passing_ValidEnumTypeWithSelectedValue_Returns_ValuesList" storage="d:\sferrari\01 - trabajo\repos\netcore\template-netcore-shared\kitpymes.core.shared.tests\bin\debug\netcoreapp3.0\kitpymes.core.shared.tests.dll" id="b871cd27-681f-8d07-6c2a-809341ba2909">
      <Execution id="fb2fdc8c-e7de-4f80-bca8-72192fc31b20" />
      <TestMethod codeBase="D:\SFERRARI\01 - TRABAJO\repos\netcore\template-netcore-shared\Kitpymes.Core.Shared.Tests\bin\Debug\netcoreapp3.0\Kitpymes.Core.Shared.Tests.dll" adapterTypeName="executor://mstestadapter/v2" className="Kitpymes.Core.Shared.Tests.EnumsTests" name="ToList_Passing_ValidEnumTypeWithSelectedValue_Returns_ValuesList" />
    </UnitTest>
    <UnitTest name="ToInt_Passing_ValidValueString_Returns_Int" storage="d:\sferrari\01 - trabajo\repos\netcore\template-netcore-shared\kitpymes.core.shared.tests\bin\debug\netcoreapp3.0\kitpymes.core.shared.tests.dll" id="ae09f98c-257a-b9e5-5b0b-16344b7adf1c">
      <Execution id="4f454d39-778e-4da0-84a0-7c8ff244a264" />
      <TestMethod codeBase="D:\SFERRARI\01 - TRABAJO\repos\netcore\template-netcore-shared\Kitpymes.Core.Shared.Tests\bin\Debug\netcoreapp3.0\Kitpymes.Core.Shared.Tests.dll" adapterTypeName="executor://mstestadapter/v2" className="Kitpymes.Core.Shared.Tests.StringExtensionsTests" name="ToInt_Passing_ValidValueString_Returns_Int" />
    </UnitTest>
    <UnitTest name="ResultBadRequest_WithErrors_KeyValue" storage="d:\sferrari\01 - trabajo\repos\netcore\template-netcore-shared\kitpymes.core.shared.tests\bin\debug\netcoreapp3.0\kitpymes.core.shared.tests.dll" id="5ac755a3-81c6-56a5-464d-fd3393128598">
      <Execution id="1a98afe2-8f58-420e-93d1-fa634bea3180" />
      <TestMethod codeBase="D:\SFERRARI\01 - TRABAJO\repos\netcore\template-netcore-shared\Kitpymes.Core.Shared.Tests\bin\Debug\netcoreapp3.0\Kitpymes.Core.Shared.Tests.dll" adapterTypeName="executor://mstestadapter/v2" className="Kitpymes.Core.Shared.Tests.ResultTest" name="ResultBadRequest_WithErrors_KeyValue" />
    </UnitTest>
    <UnitTest name="ToEnum_Passing_ValidValueInt_Returns_EnumValue" storage="d:\sferrari\01 - trabajo\repos\netcore\template-netcore-shared\kitpymes.core.shared.tests\bin\debug\netcoreapp3.0\kitpymes.core.shared.tests.dll" id="96f263a8-e1d9-0070-21ba-583144d2d030">
      <Execution id="b39e5842-bf0b-4c52-bcdd-0b170a43f3ed" />
      <TestMethod codeBase="D:\SFERRARI\01 - TRABAJO\repos\netcore\template-netcore-shared\Kitpymes.Core.Shared.Tests\bin\Debug\netcoreapp3.0\Kitpymes.Core.Shared.Tests.dll" adapterTypeName="executor://mstestadapter/v2" className="Kitpymes.Core.Shared.Tests.StringExtensionsTests" name="ToEnum_Passing_ValidValueInt_Returns_EnumValue" />
    </UnitTest>
    <UnitTest name="IsNullOrAny_Passing_InvalidArguments_Returns_HasErrorsAndCount" storage="d:\sferrari\01 - trabajo\repos\netcore\template-netcore-shared\kitpymes.core.shared.tests\bin\debug\netcoreapp3.0\kitpymes.core.shared.tests.dll" id="922c5a5d-5d46-b5de-bcbd-4fac0addd422">
      <Execution id="f1745e57-6a5b-4712-a15a-1d9b9bb80095" />
      <TestMethod codeBase="D:\SFERRARI\01 - TRABAJO\repos\netcore\template-netcore-shared\Kitpymes.Core.Shared.Tests\bin\Debug\netcoreapp3.0\Kitpymes.Core.Shared.Tests.dll" adapterTypeName="executor://mstestadapter/v2" className="Kitpymes.Core.Shared.Tests.CheckTests" name="IsNullOrAny_Passing_InvalidArguments_Returns_HasErrorsAndCount" />
    </UnitTest>
    <UnitTest name="ToDetails_Passing_HttpContext_Returns_Details_HttpContext" storage="d:\sferrari\01 - trabajo\repos\netcore\template-netcore-shared\kitpymes.core.shared.tests\bin\debug\netcoreapp3.0\kitpymes.core.shared.tests.dll" id="4ff63349-9eef-ad1f-85cf-a84cda1ff120">
      <Execution id="63d1ff7f-8ab6-4248-819f-542db90ef4be" />
      <TestMethod codeBase="D:\SFERRARI\01 - TRABAJO\repos\netcore\template-netcore-shared\Kitpymes.Core.Shared.Tests\bin\Debug\netcoreapp3.0\Kitpymes.Core.Shared.Tests.dll" adapterTypeName="executor://mstestadapter/v2" className="Kitpymes.Core.Shared.Tests.HttpContextExtensionsTests" name="ToDetails_Passing_HttpContext_Returns_Details_HttpContext" />
    </UnitTest>
    <UnitTest name="ToSetTime_Passing_Time_String_Returns_DateTime" storage="d:\sferrari\01 - trabajo\repos\netcore\template-netcore-shared\kitpymes.core.shared.tests\bin\debug\netcoreapp3.0\kitpymes.core.shared.tests.dll" id="34931354-7c25-7812-28fe-96ea501746b4">
      <Execution id="f8b2d564-fc4d-41f5-b72c-ef78dbb2e8c7" />
      <TestMethod codeBase="D:\SFERRARI\01 - TRABAJO\repos\netcore\template-netcore-shared\Kitpymes.Core.Shared.Tests\bin\Debug\netcoreapp3.0\Kitpymes.Core.Shared.Tests.dll" adapterTypeName="executor://mstestadapter/v2" className="Kitpymes.Core.Shared.Tests.DateTimeExtensionsTests" name="ToSetTime_Passing_Time_String_Returns_DateTime" />
    </UnitTest>
    <UnitTest name="ToUserName_Passing_Invalid_ClaimsPrincipal_Returns_Null" storage="d:\sferrari\01 - trabajo\repos\netcore\template-netcore-shared\kitpymes.core.shared.tests\bin\debug\netcoreapp3.0\kitpymes.core.shared.tests.dll" id="26cc48e2-5e82-bc12-cf41-e3a984599b8d">
      <Execution id="7d19ee5a-7d19-4858-93c1-13582f6a51c7" />
      <TestMethod codeBase="D:\SFERRARI\01 - TRABAJO\repos\netcore\template-netcore-shared\Kitpymes.Core.Shared.Tests\bin\Debug\netcoreapp3.0\Kitpymes.Core.Shared.Tests.dll" adapterTypeName="executor://mstestadapter/v2" className="Kitpymes.Core.Shared.Tests.ClaimsPrincipalExtensionsTests" name="ToUserName_Passing_Invalid_ClaimsPrincipal_Returns_Null" />
    </UnitTest>
    <UnitTest name="ToFirstLetterUpper_Passing_ValidValue_Returns_StringWithFirstLetterUpper" storage="d:\sferrari\01 - trabajo\repos\netcore\template-netcore-shared\kitpymes.core.shared.tests\bin\debug\netcoreapp3.0\kitpymes.core.shared.tests.dll" id="5517211d-203c-115f-7dc1-6f48da8ab75b">
      <Execution id="13722d75-c298-40c3-9831-9c4423d6d16f" />
      <TestMethod codeBase="D:\SFERRARI\01 - TRABAJO\repos\netcore\template-netcore-shared\Kitpymes.Core.Shared.Tests\bin\Debug\netcoreapp3.0\Kitpymes.Core.Shared.Tests.dll" adapterTypeName="executor://mstestadapter/v2" className="Kitpymes.Core.Shared.Tests.StringExtensionsTests" name="ToFirstLetterUpper_Passing_ValidValue_Returns_StringWithFirstLetterUpper" />
    </UnitTest>
    <UnitTest name="ToConfiguration_Passing_Invalid_DirectoryPath_Returns_ApplicationException" storage="d:\sferrari\01 - trabajo\repos\netcore\template-netcore-shared\kitpymes.core.shared.tests\bin\debug\netcoreapp3.0\kitpymes.core.shared.tests.dll" id="73904cd7-b09d-89fc-efca-330cb9d1d1b7">
      <Execution id="7019d990-7955-4e7e-a304-a5ba58aa467f" />
      <TestMethod codeBase="D:\SFERRARI\01 - TRABAJO\repos\netcore\template-netcore-shared\Kitpymes.Core.Shared.Tests\bin\Debug\netcoreapp3.0\Kitpymes.Core.Shared.Tests.dll" adapterTypeName="executor://mstestadapter/v2" className="Kitpymes.Core.Shared.Tests.ConfigurationBuilderExtensionsTests" name="ToConfiguration_Passing_Invalid_DirectoryPath_Returns_ApplicationException" />
    </UnitTest>
    <UnitTest name="ToInt_Passing_InvalidValueString_Returns_Null" storage="d:\sferrari\01 - trabajo\repos\netcore\template-netcore-shared\kitpymes.core.shared.tests\bin\debug\netcoreapp3.0\kitpymes.core.shared.tests.dll" id="2799ef62-9686-0dc7-84d2-73639b0030f7">
      <Execution id="cc60dd8d-43e7-4100-bcfe-401fa65212a7" />
      <TestMethod codeBase="D:\SFERRARI\01 - TRABAJO\repos\netcore\template-netcore-shared\Kitpymes.Core.Shared.Tests\bin\Debug\netcoreapp3.0\Kitpymes.Core.Shared.Tests.dll" adapterTypeName="executor://mstestadapter/v2" className="Kitpymes.Core.Shared.Tests.StringExtensionsTests" name="ToInt_Passing_InvalidValueString_Returns_Null" />
    </UnitTest>
    <UnitTest name="ToPaged_Passing_Age_Ascending_Order_Returns_Filter_List" storage="d:\sferrari\01 - trabajo\repos\netcore\template-netcore-shared\kitpymes.core.shared.tests\bin\debug\netcoreapp3.0\kitpymes.core.shared.tests.dll" id="f0f37a42-1a3a-10a5-5f17-e01b9915abd3">
      <Execution id="0d094544-41ba-4f6f-8f5e-7cdfddd5c73e" />
      <TestMethod codeBase="D:\SFERRARI\01 - TRABAJO\repos\netcore\template-netcore-shared\Kitpymes.Core.Shared.Tests\bin\Debug\netcoreapp3.0\Kitpymes.Core.Shared.Tests.dll" adapterTypeName="executor://mstestadapter/v2" className="Kitpymes.Core.Shared.Tests.QueryableExtensionsTests" name="ToPaged_Passing_Age_Ascending_Order_Returns_Filter_List" />
    </UnitTest>
  </TestDefinitions>
  <TestEntries>
    <TestEntry testId="07d50dfb-3195-c832-23d2-97ae667f2010" executionId="7282e4b5-449c-4afa-9779-5f322a3c039a" testListId="8c84fa94-04c1-424b-9868-57a2d4851a1d" />
    <TestEntry testId="ac572b27-5286-68a4-5380-d7de82fbf69a" executionId="401d3e62-97ef-4af6-bc63-3cfb6537de9c" testListId="8c84fa94-04c1-424b-9868-57a2d4851a1d" />
    <TestEntry testId="57d3cdd8-8268-9aa3-6f39-3cc0224b305c" executionId="ead498bd-f52c-4129-bcab-69345dd0c5ec" testListId="8c84fa94-04c1-424b-9868-57a2d4851a1d" />
    <TestEntry testId="98331ff8-6ed1-e7ba-c8dd-be5bd5b6cb2c" executionId="7f068899-f692-4350-8a60-60865f4af879" testListId="8c84fa94-04c1-424b-9868-57a2d4851a1d" />
    <TestEntry testId="447ced0a-6221-43ff-44ab-4ee12ee4d012" executionId="0663dcc5-903a-426c-a16c-ef0efbb9b183" testListId="8c84fa94-04c1-424b-9868-57a2d4851a1d" />
    <TestEntry testId="b79ee054-2363-6600-c9a3-db00cdcc0f2c" executionId="d0717552-6247-4c0b-8170-4a821dc61ddb" testListId="8c84fa94-04c1-424b-9868-57a2d4851a1d" />
    <TestEntry testId="d51ea295-e896-101a-6578-05ae772bcbfb" executionId="36e504b9-a328-4490-94f3-26d50a5dfa10" testListId="8c84fa94-04c1-424b-9868-57a2d4851a1d" />
    <TestEntry testId="def94964-1ba4-f78f-2dac-38055bb04256" executionId="73b7e186-790c-40d3-959e-2376c4fce819" testListId="8c84fa94-04c1-424b-9868-57a2d4851a1d" />
    <TestEntry testId="b048c16a-68b4-cdf3-3166-fb9613323b68" executionId="d4dad4f9-dc10-4685-ad5f-34bb9c3c40ca" testListId="8c84fa94-04c1-424b-9868-57a2d4851a1d" />
    <TestEntry testId="432377b9-b0ad-9a2a-6dc2-e1069e73c449" executionId="587ec74c-7e96-4e6b-b0e8-66b4c931e026" testListId="8c84fa94-04c1-424b-9868-57a2d4851a1d" />
    <TestEntry testId="98d4dd82-eb94-c060-7aeb-9b0a39f334fb" executionId="3863b90c-4ff6-41a0-bae3-1a28806ada0a" testListId="8c84fa94-04c1-424b-9868-57a2d4851a1d" />
    <TestEntry testId="04cb4b72-edc8-fe06-49e1-217ed503eff8" executionId="5642c9e7-1b64-4c55-b059-cc05aad1a8dd" testListId="8c84fa94-04c1-424b-9868-57a2d4851a1d" />
    <TestEntry testId="0b1e4893-9444-2235-b7fa-3782f9932212" executionId="bc0d2a9a-941f-44ad-8a10-467c3e5ff8f9" testListId="8c84fa94-04c1-424b-9868-57a2d4851a1d" />
    <TestEntry testId="0ee8121e-b492-a57d-d072-de988a4e30f8" executionId="05a46f92-9b4a-4071-8e14-69c177f56346" testListId="8c84fa94-04c1-424b-9868-57a2d4851a1d" />
    <TestEntry testId="4d9bde6c-668c-a1d3-dc60-edcfc6a4082c" executionId="8752bc93-859a-454a-bcc4-6f4b29067b50" testListId="8c84fa94-04c1-424b-9868-57a2d4851a1d" />
    <TestEntry testId="bf48e581-43e6-7660-c4f4-1b7deb1f0ed9" executionId="7c58a0d2-ef81-4222-8b1d-a194da886807" testListId="8c84fa94-04c1-424b-9868-57a2d4851a1d" />
    <TestEntry testId="d0b36a04-4127-30ad-3e5f-debee628dde9" executionId="9780e71a-8ff6-4a16-8306-1a9b0d55aef9" testListId="8c84fa94-04c1-424b-9868-57a2d4851a1d" />
    <TestEntry testId="2799ef62-9686-0dc7-84d2-73639b0030f7" executionId="cc60dd8d-43e7-4100-bcfe-401fa65212a7" testListId="8c84fa94-04c1-424b-9868-57a2d4851a1d" />
    <TestEntry testId="725d136c-3e7a-6e51-fc61-03203ffec0b5" executionId="dac83e7e-dfe7-4239-a218-961457db6cd1" testListId="8c84fa94-04c1-424b-9868-57a2d4851a1d" />
    <TestEntry testId="1c5fe271-1e90-52f5-1f31-436b17e57702" executionId="96e8f092-793e-4cd7-90a1-4f5e0d3d1758" testListId="8c84fa94-04c1-424b-9868-57a2d4851a1d" />
    <TestEntry testId="bb347f18-44ab-0d77-d5bd-a671e4c37650" executionId="69d8cf4c-9a1d-4e43-b272-6557c37b484b" testListId="8c84fa94-04c1-424b-9868-57a2d4851a1d" />
    <TestEntry testId="1761ee10-7c34-b565-b889-1885bffe91c3" executionId="f5bff066-1e53-4f2d-9ea7-ecf0915aca62" testListId="8c84fa94-04c1-424b-9868-57a2d4851a1d" />
    <TestEntry testId="313cfb2c-8c3b-337b-12f8-296f8611376d" executionId="ba76fa7a-3b50-4bd5-88fc-a8dda121fca6" testListId="8c84fa94-04c1-424b-9868-57a2d4851a1d" />
    <TestEntry testId="64bc1554-814c-3c40-a6b0-679b40b89c36" executionId="0cf57ed3-95cb-43e8-b540-0ce101c08831" testListId="8c84fa94-04c1-424b-9868-57a2d4851a1d" />
    <TestEntry testId="859b5acf-9d8b-7620-f96f-ba83c1545a71" executionId="1a582c43-fa5d-47b3-b677-841fcf337acb" testListId="8c84fa94-04c1-424b-9868-57a2d4851a1d" />
    <TestEntry testId="eb3fbb45-8257-f4b8-0975-042f859a72bf" executionId="02acbd4a-865d-43ce-8a72-3ec2a2c85864" testListId="8c84fa94-04c1-424b-9868-57a2d4851a1d" />
    <TestEntry testId="d5506b30-7041-6d90-bd03-bcd5b2479c40" executionId="466571d9-03c0-46e4-8e25-0befb6e595c5" testListId="8c84fa94-04c1-424b-9868-57a2d4851a1d" />
    <TestEntry testId="6088101f-62c5-69c8-6751-05523b132d06" executionId="478067a2-2434-4eb7-b613-a0d993253ffe" testListId="8c84fa94-04c1-424b-9868-57a2d4851a1d" />
    <TestEntry testId="481343f9-3ff3-548f-0c6c-41599cf65802" executionId="702308ae-d0eb-4f06-aaa6-86d575373ebc" testListId="8c84fa94-04c1-424b-9868-57a2d4851a1d" />
    <TestEntry testId="17a38df3-33e0-71ac-f8cb-dcdd3ade7269" executionId="24b29550-21f5-4a36-998f-a65d69bb5b08" testListId="8c84fa94-04c1-424b-9868-57a2d4851a1d" />
    <TestEntry testId="ae09f98c-257a-b9e5-5b0b-16344b7adf1c" executionId="4f454d39-778e-4da0-84a0-7c8ff244a264" testListId="8c84fa94-04c1-424b-9868-57a2d4851a1d" />
    <TestEntry testId="e9b23f0c-0cde-4603-1739-ee642fd33c36" executionId="b5a8c3ce-376c-4d19-9705-65454a9979b0" testListId="8c84fa94-04c1-424b-9868-57a2d4851a1d" />
    <TestEntry testId="71a1897b-b713-c047-1c23-5efdff095b20" executionId="6d1a4a71-b8cb-4449-822a-c5ea2518865b" testListId="8c84fa94-04c1-424b-9868-57a2d4851a1d" />
    <TestEntry testId="19a313ce-6632-bd6f-bb7e-c2dc7bcf20eb" executionId="ac4480a3-35c9-4915-9884-43c89fffd299" testListId="8c84fa94-04c1-424b-9868-57a2d4851a1d" />
    <TestEntry testId="7daaba64-d3ad-9109-43bf-bdb516b673b8" executionId="edd6e26c-779e-42f8-86d3-8578be3c4ee8" testListId="8c84fa94-04c1-424b-9868-57a2d4851a1d" />
    <TestEntry testId="0cb5eb43-9273-0bdf-bd18-53b184535503" executionId="c0c2242c-7a48-417e-a086-837776c502ff" testListId="8c84fa94-04c1-424b-9868-57a2d4851a1d" />
    <TestEntry testId="a03675ec-665e-f4d5-4630-89e50dac0bfb" executionId="21dd66b5-082e-4c99-85e6-55702062c826" testListId="8c84fa94-04c1-424b-9868-57a2d4851a1d" />
    <TestEntry testId="e1a72c94-958d-7abb-4a96-4b60b12f8157" executionId="56905d74-ddc3-4ac2-8a56-5cc371c083e1" testListId="8c84fa94-04c1-424b-9868-57a2d4851a1d" />
    <TestEntry testId="cd004a9f-a0f6-2fdf-aeae-1890f4ab8e71" executionId="d1c87301-be97-4b1b-a3be-b2975eacf20e" testListId="8c84fa94-04c1-424b-9868-57a2d4851a1d" />
    <TestEntry testId="f2debf4a-2a42-7b0b-1005-8f74a6fc63cb" executionId="70298045-622b-4918-894c-3cf14334cc83" testListId="8c84fa94-04c1-424b-9868-57a2d4851a1d" />
    <TestEntry testId="4ff63349-9eef-ad1f-85cf-a84cda1ff120" executionId="63d1ff7f-8ab6-4248-819f-542db90ef4be" testListId="8c84fa94-04c1-424b-9868-57a2d4851a1d" />
    <TestEntry testId="e329bdc2-7660-b4b2-0687-a194b6e35f1d" executionId="7f1d3f07-67c8-43a6-9e96-56cb7d6305ff" testListId="8c84fa94-04c1-424b-9868-57a2d4851a1d" />
    <TestEntry testId="65b9c427-b5ec-99b4-199a-0093cd460501" executionId="332c262d-a3b6-43d4-85e0-9c5da9a736a4" testListId="8c84fa94-04c1-424b-9868-57a2d4851a1d" />
    <TestEntry testId="1dab5b85-21d2-af6f-92e5-af8126f0e2fb" executionId="f550cdc8-c950-4700-adf7-4340bea5eacb" testListId="8c84fa94-04c1-424b-9868-57a2d4851a1d" />
    <TestEntry testId="0e702ef4-7e85-bcb3-3879-32ee56a27932" executionId="60df7f8e-a83b-421d-ba0f-b85e1a610534" testListId="8c84fa94-04c1-424b-9868-57a2d4851a1d" />
    <TestEntry testId="1237bc5f-42ea-8c7f-8602-051620acda95" executionId="05907e41-8278-47b8-b84b-f5462afeb6a7" testListId="8c84fa94-04c1-424b-9868-57a2d4851a1d" />
    <TestEntry testId="19f76070-822e-31f8-2a9f-a96f774333a7" executionId="47c0801f-ebdc-43ea-ae05-5e810f0e9ca9" testListId="8c84fa94-04c1-424b-9868-57a2d4851a1d" />
    <TestEntry testId="1f173fff-9060-8c18-f825-225901225244" executionId="50235a1b-3705-45fc-8f96-b3bad81ad796" testListId="8c84fa94-04c1-424b-9868-57a2d4851a1d" />
    <TestEntry testId="1f6423c7-4317-6f5b-c112-f4c9c7e822af" executionId="d2c3e58a-9890-4610-9fa2-9fda7f56dfed" testListId="8c84fa94-04c1-424b-9868-57a2d4851a1d" />
    <TestEntry testId="3721d3c1-7c03-ad84-143f-64bfeb5b314e" executionId="edf9c842-9615-4fbb-bb5d-8ade8f207e29" testListId="8c84fa94-04c1-424b-9868-57a2d4851a1d" />
    <TestEntry testId="e53d2439-2080-43bd-e38b-a60253b60af1" executionId="16c56581-030d-4e6d-826f-312a9db9b32a" testListId="8c84fa94-04c1-424b-9868-57a2d4851a1d" />
    <TestEntry testId="3f0bf65d-a3af-41bf-ac79-126a0efc4fd4" executionId="37214004-0c36-406b-b2a3-1bf0a67e0299" testListId="8c84fa94-04c1-424b-9868-57a2d4851a1d" />
    <TestEntry testId="a95f665c-aa8d-208d-902c-60a464250c99" executionId="04175cee-89b2-4ac1-83c8-7ab0dbfb3a34" testListId="8c84fa94-04c1-424b-9868-57a2d4851a1d" />
    <TestEntry testId="7a313c49-8adc-98e3-cdda-86b900f0ade6" executionId="1c0411ee-4110-4da6-8434-2d0ff22c1807" testListId="8c84fa94-04c1-424b-9868-57a2d4851a1d" />
    <TestEntry testId="1e15a82e-c1da-d4c9-090a-c7fc200f7f58" executionId="5f1c9b79-52f5-4275-bc7a-8ad4ad0b3a8c" testListId="8c84fa94-04c1-424b-9868-57a2d4851a1d" />
    <TestEntry testId="967da852-80aa-48c8-4fdf-7229c80964ce" executionId="829cac50-64b1-48af-bbc4-3b9335b683ff" testListId="8c84fa94-04c1-424b-9868-57a2d4851a1d" />
    <TestEntry testId="31126d50-f667-908c-85f3-09f9d9272df9" executionId="716c04dd-2024-47da-a241-6aa72e557b5e" testListId="8c84fa94-04c1-424b-9868-57a2d4851a1d" />
    <TestEntry testId="635e001f-2a50-f191-84e2-e81cd2000fdf" executionId="a1ed56a8-24bd-4578-ba87-bae91be0675d" testListId="8c84fa94-04c1-424b-9868-57a2d4851a1d" />
    <TestEntry testId="c330741e-ad40-618c-36cc-508c135d2b95" executionId="8ffda7ce-31f4-41d6-ada0-f18854782b89" testListId="8c84fa94-04c1-424b-9868-57a2d4851a1d" />
    <TestEntry testId="b8bb90de-6285-0f1c-e0f2-f3ba1f987370" executionId="a49899c1-fcc8-4a38-908b-e16ab0d251de" testListId="8c84fa94-04c1-424b-9868-57a2d4851a1d" />
    <TestEntry testId="845c887e-a785-555d-db89-1c2975a33bbb" executionId="18b2a8d0-e9ed-4c59-9344-6146bdff3597" testListId="8c84fa94-04c1-424b-9868-57a2d4851a1d" />
    <TestEntry testId="15fe55e5-cdce-6280-ea15-ef777735767c" executionId="0e43e196-5df3-42bd-9797-a25b1a4fb01b" testListId="8c84fa94-04c1-424b-9868-57a2d4851a1d" />
    <TestEntry testId="53cbdd8e-a1ef-5d22-8745-938609ed19c2" executionId="169921d9-8ff0-41f0-b1ba-d28a42362986" testListId="8c84fa94-04c1-424b-9868-57a2d4851a1d" />
    <TestEntry testId="0df69eaf-b001-71ae-6cf8-f9c5860f7c4c" executionId="1fcda17c-9032-4129-9f9c-bb1586298531" testListId="8c84fa94-04c1-424b-9868-57a2d4851a1d" />
    <TestEntry testId="1064d8aa-5d0e-6bf5-83ee-952a4d1fd93b" executionId="d6fea5e9-44be-49f6-ab72-b81ff165378c" testListId="8c84fa94-04c1-424b-9868-57a2d4851a1d" />
    <TestEntry testId="2e87c537-4979-f58b-6e83-f3d4ee161ff1" executionId="47bbafac-2fa3-4559-af66-7b9d5d3cbdd2" testListId="8c84fa94-04c1-424b-9868-57a2d4851a1d" />
    <TestEntry testId="d7c20db6-f712-8539-ac01-01e8f4033fac" executionId="acd772c4-2d3b-477a-9b62-2c7039bbe2b3" testListId="8c84fa94-04c1-424b-9868-57a2d4851a1d" />
    <TestEntry testId="04084e8e-c859-4ef5-e2a7-4fb2803cb2a3" executionId="11843688-75c7-4b91-a534-a23967c061fe" testListId="8c84fa94-04c1-424b-9868-57a2d4851a1d" />
    <TestEntry testId="a75e991f-5e03-3949-85d6-afa1f14455d4" executionId="4759db4b-63b2-4ef6-8041-4e8922b82c67" testListId="8c84fa94-04c1-424b-9868-57a2d4851a1d" />
    <TestEntry testId="180814cc-22f9-91b2-cd9a-f54be7e1ba18" executionId="8557a805-76f9-450e-b8f8-b1494b4e3d59" testListId="8c84fa94-04c1-424b-9868-57a2d4851a1d" />
    <TestEntry testId="bc6955b8-aec0-957c-bad4-853e5cfa19a1" executionId="725a1a66-4bca-4e63-badc-726eba2fa45d" testListId="8c84fa94-04c1-424b-9868-57a2d4851a1d" />
    <TestEntry testId="504465b7-a3fe-9023-93b9-ffece1903418" executionId="5175deb9-bf31-4cab-a8a6-909a12ae7ba1" testListId="8c84fa94-04c1-424b-9868-57a2d4851a1d" />
    <TestEntry testId="801afd1a-5f3d-0d0c-471a-96452bf5bc35" executionId="687cdbbe-bd04-460c-bfe1-b98c58f912e5" testListId="8c84fa94-04c1-424b-9868-57a2d4851a1d" />
    <TestEntry testId="5e237822-3b9d-da27-9221-3ae1f5eb15b0" executionId="750ded8a-2619-4902-95a7-54625cc9d682" testListId="8c84fa94-04c1-424b-9868-57a2d4851a1d" />
    <TestEntry testId="0f697beb-b7a4-6aa6-9017-b57feeb9ba7f" executionId="a684f220-3753-436a-b85c-c790dd79efcb" testListId="8c84fa94-04c1-424b-9868-57a2d4851a1d" />
    <TestEntry testId="40108f40-2761-0a89-d16d-ad113b5f3dd5" executionId="edc22f0a-16c9-4200-a0f1-b3bacd7d60cc" testListId="8c84fa94-04c1-424b-9868-57a2d4851a1d" />
    <TestEntry testId="c87d842d-198f-fc52-0a70-418a5e5378ab" executionId="bf397121-447a-455d-ab87-69e6d643ed40" testListId="8c84fa94-04c1-424b-9868-57a2d4851a1d" />
    <TestEntry testId="5c861184-f295-e727-0fd4-d218f13da14d" executionId="475f40c4-6cb8-4c77-b395-6766ad661f2c" testListId="8c84fa94-04c1-424b-9868-57a2d4851a1d" />
    <TestEntry testId="aeb559a5-c285-7ab9-baee-1cb152d1742f" executionId="54b6a11f-5233-40a9-98bf-74dc3a5e2d04" testListId="8c84fa94-04c1-424b-9868-57a2d4851a1d" />
    <TestEntry testId="0a999e9b-220b-0f64-a533-84896c20ce13" executionId="d595ea77-7ad7-46f5-86c5-f2ed7d528d80" testListId="8c84fa94-04c1-424b-9868-57a2d4851a1d" />
    <TestEntry testId="1b969e76-d97c-c639-c377-a41796fbb2c3" executionId="66dec99a-8f63-46df-bb40-4f910eb2b1a9" testListId="8c84fa94-04c1-424b-9868-57a2d4851a1d" />
    <TestEntry testId="605637df-9854-875b-b3aa-6675f3fbd045" executionId="35cd39b1-d06f-4a0c-8ce0-626b151811ba" testListId="8c84fa94-04c1-424b-9868-57a2d4851a1d" />
    <TestEntry testId="29295413-2308-fade-9c98-0e9ed6c67839" executionId="f0124587-6dab-4de2-adb5-220b28dc9ee6" testListId="8c84fa94-04c1-424b-9868-57a2d4851a1d" />
    <TestEntry testId="5fda35dc-4db7-2169-9391-a6295d2ec5fd" executionId="8071bdff-1adf-44cb-9617-762bd57d9a8b" testListId="8c84fa94-04c1-424b-9868-57a2d4851a1d" />
    <TestEntry testId="34e0940c-fc9c-71db-fc18-7d52ee8761a0" executionId="d7e22107-838f-4cb0-a7c1-14774e0a2dcd" testListId="8c84fa94-04c1-424b-9868-57a2d4851a1d" />
    <TestEntry testId="c8fd6d3c-b723-929b-f175-dbdc2a7be855" executionId="f571fc51-1481-4813-be77-5231fc915c5e" testListId="8c84fa94-04c1-424b-9868-57a2d4851a1d" />
    <TestEntry testId="46df7735-43c3-1f8d-197a-cd21c82e5889" executionId="15efc030-cfa5-4188-8f30-09b3c29d6b2c" testListId="8c84fa94-04c1-424b-9868-57a2d4851a1d" />
    <TestEntry testId="7be8a004-8e29-0f01-8ada-f15377193150" executionId="63ebae0a-bd2c-4b1a-b7d2-a8f7494ef0a2" testListId="8c84fa94-04c1-424b-9868-57a2d4851a1d" />
    <TestEntry testId="161f5d07-7835-e575-5072-b9d787ef451c" executionId="c419cead-0b71-4aa7-9c60-e733be291f5d" testListId="8c84fa94-04c1-424b-9868-57a2d4851a1d" />
    <TestEntry testId="9d64a285-266d-52de-ef34-34102f8ad12c" executionId="db20a18c-5798-431f-a659-3282fb668b77" testListId="8c84fa94-04c1-424b-9868-57a2d4851a1d" />
    <TestEntry testId="640513b3-feee-19a8-efba-5817e77ff3ee" executionId="558778dd-5b02-4035-b05f-1e25186f9298" testListId="8c84fa94-04c1-424b-9868-57a2d4851a1d" />
    <TestEntry testId="46cc46f0-c0e1-f3e6-2242-cdef90a4249a" executionId="72f917d8-058a-4ba7-adca-b76aeb6bf440" testListId="8c84fa94-04c1-424b-9868-57a2d4851a1d" />
    <TestEntry testId="bf8f6922-5666-8ec7-1500-aabd5997d6a4" executionId="abacba2f-4a50-4d41-929a-39fa22ea758d" testListId="8c84fa94-04c1-424b-9868-57a2d4851a1d" />
    <TestEntry testId="cf950ab2-9fe4-ec30-43b4-2f3a99b5167d" executionId="f051659d-acf3-488c-bc34-fa5c30f214bf" testListId="8c84fa94-04c1-424b-9868-57a2d4851a1d" />
    <TestEntry testId="fa00d2a8-59b9-ad9e-caa1-a0c9e3156db1" executionId="5b090c7a-a16b-4189-940a-3a07861b1e8e" testListId="8c84fa94-04c1-424b-9868-57a2d4851a1d" />
    <TestEntry testId="3443f7f5-ee1a-f375-e5b1-f7ffa940c0db" executionId="2ba9c87c-20b2-46d8-be88-e93e4c916bc1" testListId="8c84fa94-04c1-424b-9868-57a2d4851a1d" />
    <TestEntry testId="118e36ba-6572-1245-e05b-9bcc7b4e5e20" executionId="a7a946d4-f622-4fed-811b-e2f3cb750abe" testListId="8c84fa94-04c1-424b-9868-57a2d4851a1d" />
    <TestEntry testId="b51b5293-5162-7db8-79c0-6e7b6f1c51a5" executionId="9f381cee-6f8d-4f88-b809-270bce666cf7" testListId="8c84fa94-04c1-424b-9868-57a2d4851a1d" />
    <TestEntry testId="a2b6017f-838f-c435-81c1-a75dd92108eb" executionId="8ce41a7e-8b6e-44b0-a5a9-a298fc67d16b" testListId="8c84fa94-04c1-424b-9868-57a2d4851a1d" />
    <TestEntry testId="0cfd0c7c-1a61-7d19-c2fa-3c8a47ccf09c" executionId="dbbc4657-febb-4248-98a1-c9749f285f03" testListId="8c84fa94-04c1-424b-9868-57a2d4851a1d" />
    <TestEntry testId="fcd9a6e3-ee1d-7212-668e-2b0865200d81" executionId="ec690cc6-6ff7-4cfa-98e0-fffcf926e05b" testListId="8c84fa94-04c1-424b-9868-57a2d4851a1d" />
    <TestEntry testId="a0fef65e-bc06-762d-4622-91d020572059" executionId="9fcb2af1-8c3a-4703-a360-061c36c55a33" testListId="8c84fa94-04c1-424b-9868-57a2d4851a1d" />
    <TestEntry testId="86b92527-4d52-052b-63ae-d9a8aa694919" executionId="08ca253d-ec88-4a13-bda5-9bddf99fc24d" testListId="8c84fa94-04c1-424b-9868-57a2d4851a1d" />
    <TestEntry testId="ebdf037a-44fa-7875-99d4-42fa9833aac8" executionId="509747eb-b0f5-410f-80c2-ed69212ef94b" testListId="8c84fa94-04c1-424b-9868-57a2d4851a1d" />
    <TestEntry testId="34931354-7c25-7812-28fe-96ea501746b4" executionId="f8b2d564-fc4d-41f5-b72c-ef78dbb2e8c7" testListId="8c84fa94-04c1-424b-9868-57a2d4851a1d" />
    <TestEntry testId="7c09a438-5465-f760-64b2-23d25fc199f5" executionId="44199d8c-35f6-49fc-af5a-7d1b4b8bad9d" testListId="8c84fa94-04c1-424b-9868-57a2d4851a1d" />
    <TestEntry testId="73904cd7-b09d-89fc-efca-330cb9d1d1b7" executionId="7019d990-7955-4e7e-a304-a5ba58aa467f" testListId="8c84fa94-04c1-424b-9868-57a2d4851a1d" />
    <TestEntry testId="b9a89fa2-355c-e886-bec5-28d3cf549be6" executionId="b52afa7e-95d9-4356-9ce0-799faa892655" testListId="8c84fa94-04c1-424b-9868-57a2d4851a1d" />
    <TestEntry testId="320700ce-aa3b-5818-fb18-706cf7605472" executionId="c22f8e0b-bbfc-4c9a-b53d-afb946d41bfe" testListId="8c84fa94-04c1-424b-9868-57a2d4851a1d" />
    <TestEntry testId="071a93ca-ce4d-3349-fe5a-5052bf3ce103" executionId="da2d6237-0fc7-4a21-bf0e-a9496a17fd77" testListId="8c84fa94-04c1-424b-9868-57a2d4851a1d" />
    <TestEntry testId="7dc20d31-477c-3765-83c0-7575a504da96" executionId="a743df31-629e-486e-8c21-3437b338400a" testListId="8c84fa94-04c1-424b-9868-57a2d4851a1d" />
    <TestEntry testId="0696fab6-6d9f-2b85-4a73-248fbd1cdda4" executionId="53796528-d0a2-44d0-b21f-25ce63f24b41" testListId="8c84fa94-04c1-424b-9868-57a2d4851a1d" />
    <TestEntry testId="65b9b71b-a8d5-2a7d-a8a7-0e3a015e6b68" executionId="f03ecd10-0684-4aa0-9d2a-856da55795cb" testListId="8c84fa94-04c1-424b-9868-57a2d4851a1d" />
    <TestEntry testId="074815db-ddf2-9c1f-0fef-7f709183591e" executionId="494fb9bb-5f07-4b23-ad89-36f6896fb8f3" testListId="8c84fa94-04c1-424b-9868-57a2d4851a1d" />
    <TestEntry testId="08f63e9f-68bb-2ff4-88d9-c74b03747527" executionId="a296c7dc-00aa-428e-9ae7-46dd998743f6" testListId="8c84fa94-04c1-424b-9868-57a2d4851a1d" />
    <TestEntry testId="e8138724-52f6-6999-ada4-cbc441f2cd15" executionId="3410d543-23c8-4d7e-af62-048c90c2f6c2" testListId="8c84fa94-04c1-424b-9868-57a2d4851a1d" />
    <TestEntry testId="209cbba1-d5fa-4810-2cb6-ee92ce2e109d" executionId="1bcea2e2-1459-4d03-849a-baa89b04d723" testListId="8c84fa94-04c1-424b-9868-57a2d4851a1d" />
    <TestEntry testId="4234610b-215b-41f7-e61d-4a82851bdfa3" executionId="6290f873-64a9-440f-81f4-7b017f558439" testListId="8c84fa94-04c1-424b-9868-57a2d4851a1d" />
    <TestEntry testId="c00cb1b0-a36c-2ae8-4230-b32afb3c83f9" executionId="2feef677-2914-4d05-94e4-b5d4b0b7f5a2" testListId="8c84fa94-04c1-424b-9868-57a2d4851a1d" />
    <TestEntry testId="fbb73316-6f70-059a-1197-08f09a1221d6" executionId="4335716d-ba17-4bee-807d-48d6b080ab3a" testListId="8c84fa94-04c1-424b-9868-57a2d4851a1d" />
    <TestEntry testId="a1095294-226e-a0f0-0154-11290289c9db" executionId="538a4065-fda1-4c3c-9db5-b33de23fd040" testListId="8c84fa94-04c1-424b-9868-57a2d4851a1d" />
    <TestEntry testId="26cc48e2-5e82-bc12-cf41-e3a984599b8d" executionId="7d19ee5a-7d19-4858-93c1-13582f6a51c7" testListId="8c84fa94-04c1-424b-9868-57a2d4851a1d" />
    <TestEntry testId="18040ed3-941e-dd1e-cb8c-4d34d103f370" executionId="dac36355-a797-4995-8858-ead88755e869" testListId="8c84fa94-04c1-424b-9868-57a2d4851a1d" />
    <TestEntry testId="a0ed43cd-0648-ddf9-c80e-52c6889ee049" executionId="f5554f4a-275b-400b-9483-3d3ecb4182b3" testListId="8c84fa94-04c1-424b-9868-57a2d4851a1d" />
    <TestEntry testId="ede15cdf-3d1b-3e1a-18dc-485a2d50fe42" executionId="cd8d3a5c-5075-49a4-80f5-8e850810ff27" testListId="8c84fa94-04c1-424b-9868-57a2d4851a1d" />
    <TestEntry testId="10024a68-25d4-872c-3e48-a6d6b2671494" executionId="c2bd5ce3-a8b2-496d-975c-6de80d504cf3" testListId="8c84fa94-04c1-424b-9868-57a2d4851a1d" />
    <TestEntry testId="9b5f9705-0df5-3b21-5e23-e11b68721fd4" executionId="ab407c0b-d597-46aa-898c-f87dabd57ee5" testListId="8c84fa94-04c1-424b-9868-57a2d4851a1d" />
    <TestEntry testId="ab527057-69f2-0a9a-89fd-18928a3920fd" executionId="f04f82be-ee41-49b4-b7c7-437d633ff866" testListId="8c84fa94-04c1-424b-9868-57a2d4851a1d" />
    <TestEntry testId="3c82816f-4e62-7440-d30d-abbd53b1dcea" executionId="7a5b64b4-3ca8-48ae-93ee-251d31a842a6" testListId="8c84fa94-04c1-424b-9868-57a2d4851a1d" />
    <TestEntry testId="297c060d-406b-f933-91fe-dfd3459b8ace" executionId="15b27aca-4c46-483d-ae96-8139623cac34" testListId="8c84fa94-04c1-424b-9868-57a2d4851a1d" />
    <TestEntry testId="c30c24fa-9dc6-1db9-fc63-cb77f851732c" executionId="4bae817d-553c-41b8-9e0d-318618a2fe04" testListId="8c84fa94-04c1-424b-9868-57a2d4851a1d" />
    <TestEntry testId="43c10c64-8836-30db-afbe-d1657a7dd9d8" executionId="a14c0733-06e5-4730-ab50-04c0d97ee147" testListId="8c84fa94-04c1-424b-9868-57a2d4851a1d" />
    <TestEntry testId="3bd7277d-4ad0-51ee-d24c-53176ec3cc7f" executionId="edf0d286-69e8-4131-bedd-ac9893317cf8" testListId="8c84fa94-04c1-424b-9868-57a2d4851a1d" />
    <TestEntry testId="a702dc43-b5af-c889-d32e-e69ee2d100af" executionId="729bc9c2-6948-4141-b831-ae148d557bf4" testListId="8c84fa94-04c1-424b-9868-57a2d4851a1d" />
    <TestEntry testId="8c1d1a56-be42-3df5-a82e-36b97c2860b8" executionId="c2091db6-c5cc-4b98-85c1-0ee0d407f967" testListId="8c84fa94-04c1-424b-9868-57a2d4851a1d" />
    <TestEntry testId="31ff6168-d18d-0013-7c18-0ff775714202" executionId="27cf519e-1a33-4db7-9406-d984c8679c6e" testListId="8c84fa94-04c1-424b-9868-57a2d4851a1d" />
    <TestEntry testId="96f263a8-e1d9-0070-21ba-583144d2d030" executionId="b39e5842-bf0b-4c52-bcdd-0b170a43f3ed" testListId="8c84fa94-04c1-424b-9868-57a2d4851a1d" />
    <TestEntry testId="c19b83a3-45fc-e848-cbcc-7f68b66eb4e3" executionId="aa584b5c-8e5a-4e7d-9ea6-6f8b712dc38a" testListId="8c84fa94-04c1-424b-9868-57a2d4851a1d" />
    <TestEntry testId="1c5de28c-f1b3-c94d-8e43-201eab8c2ff8" executionId="a7cb4c4c-62b5-4f9e-8a9d-27aa5e9a39d2" testListId="8c84fa94-04c1-424b-9868-57a2d4851a1d" />
    <TestEntry testId="4184a91b-5297-4872-2a98-1ef97e124515" executionId="ed74335f-5184-4084-8fd0-faf4cd1eed75" testListId="8c84fa94-04c1-424b-9868-57a2d4851a1d" />
    <TestEntry testId="e93b141b-fdfd-0f98-21e5-3eb211b6e88b" executionId="bb368b60-dc5d-4387-aefd-380e2b6f96e5" testListId="8c84fa94-04c1-424b-9868-57a2d4851a1d" />
    <TestEntry testId="5ac755a3-81c6-56a5-464d-fd3393128598" executionId="1a98afe2-8f58-420e-93d1-fa634bea3180" testListId="8c84fa94-04c1-424b-9868-57a2d4851a1d" />
    <TestEntry testId="d6d04f4a-9142-b816-d673-c4abf49a39ad" executionId="1da8b77e-7317-4178-8b6f-1413006015a5" testListId="8c84fa94-04c1-424b-9868-57a2d4851a1d" />
    <TestEntry testId="c0846755-8a53-0ac4-76e5-2d7d37bcd54a" executionId="5dc43cda-3522-4b0d-ad4a-8d483e63ff85" testListId="8c84fa94-04c1-424b-9868-57a2d4851a1d" />
    <TestEntry testId="7c679bcb-7a59-8751-0063-1ef6e07cb160" executionId="db9f62d1-221c-499a-ace2-91f549ea10ea" testListId="8c84fa94-04c1-424b-9868-57a2d4851a1d" />
    <TestEntry testId="c180eeb5-df7f-187e-c74d-0f6d31acdec5" executionId="4404d5c9-39f2-40f6-a755-6e25f84e1e5a" testListId="8c84fa94-04c1-424b-9868-57a2d4851a1d" />
    <TestEntry testId="a6625fb0-1b80-148b-87dc-9cf616e5e84d" executionId="185ff975-f69d-438a-b2f7-231228de4a5d" testListId="8c84fa94-04c1-424b-9868-57a2d4851a1d" />
    <TestEntry testId="b399a6be-77e5-c0ba-9b75-93d2ac763084" executionId="2dcf7157-97b7-48af-a75e-79469f33c4cc" testListId="8c84fa94-04c1-424b-9868-57a2d4851a1d" />
    <TestEntry testId="30809299-0e3e-4ac7-4a2a-6f8c296d2226" executionId="f143a302-3858-475b-86c7-072b81a76d9e" testListId="8c84fa94-04c1-424b-9868-57a2d4851a1d" />
    <TestEntry testId="459f13f4-e266-2f20-5c30-d2c64797095d" executionId="9c5ac71d-93d5-4436-8c5f-7a9f4b4ce641" testListId="8c84fa94-04c1-424b-9868-57a2d4851a1d" />
    <TestEntry testId="056700a7-2506-75ed-a80a-ddf2ddb5d2a8" executionId="12d8075e-8d63-436d-adcd-ad4301bce0e5" testListId="8c84fa94-04c1-424b-9868-57a2d4851a1d" />
    <TestEntry testId="42ded375-26ee-044e-44a7-9eab5e4cd342" executionId="98ad5335-6231-496e-853d-aed067cea806" testListId="8c84fa94-04c1-424b-9868-57a2d4851a1d" />
    <TestEntry testId="f8b74494-d277-7173-e694-2a4d463a4607" executionId="021e2b94-cf9b-432c-afe0-a4ccf2c49611" testListId="8c84fa94-04c1-424b-9868-57a2d4851a1d" />
    <TestEntry testId="6c59b811-73c0-2540-9661-8c8f2a459ff2" executionId="4499488e-8362-4689-b85b-95adbcf946fe" testListId="8c84fa94-04c1-424b-9868-57a2d4851a1d" />
    <TestEntry testId="1340b308-d9eb-a26e-e042-04d6c1d9a958" executionId="e9140998-91dd-4e22-bc78-603361b05f7b" testListId="8c84fa94-04c1-424b-9868-57a2d4851a1d" />
    <TestEntry testId="c09577a6-adca-ef94-40b5-45575ad65e4f" executionId="6c2c7def-eb06-44aa-94d0-351ac1a96047" testListId="8c84fa94-04c1-424b-9868-57a2d4851a1d" />
    <TestEntry testId="69b6ed05-fdf2-6989-0583-109b4777a6ac" executionId="043bcc61-552f-49c1-85cc-cd493259ba4b" testListId="8c84fa94-04c1-424b-9868-57a2d4851a1d" />
    <TestEntry testId="27cc1a96-8264-8762-05bc-aa63ccb155d7" executionId="86eb3a5f-571a-4fd9-8657-5b326fa36e28" testListId="8c84fa94-04c1-424b-9868-57a2d4851a1d" />
    <TestEntry testId="a272f84c-2bd5-daa4-4afe-22346b802f86" executionId="5bc8be3c-61e5-482c-8a43-da43c6990252" testListId="8c84fa94-04c1-424b-9868-57a2d4851a1d" />
    <TestEntry testId="5517211d-203c-115f-7dc1-6f48da8ab75b" executionId="13722d75-c298-40c3-9831-9c4423d6d16f" testListId="8c84fa94-04c1-424b-9868-57a2d4851a1d" />
    <TestEntry testId="5bee9d0e-89de-7b6d-4317-0a11342b1d29" executionId="9c3b4f06-090f-42bd-91e7-31bcba4a2986" testListId="8c84fa94-04c1-424b-9868-57a2d4851a1d" />
    <TestEntry testId="ab274dac-b194-4e0f-6fab-a20667b535a8" executionId="ecdb8a71-0ae2-4118-9f1d-e4c706352e9e" testListId="8c84fa94-04c1-424b-9868-57a2d4851a1d" />
    <TestEntry testId="8a5cc6e0-e73e-2131-64bd-e73fc6c2a32e" executionId="c0eccbdd-0d33-4ae1-bc53-691bc30a1777" testListId="8c84fa94-04c1-424b-9868-57a2d4851a1d" />
    <TestEntry testId="66f7bc12-fe2b-fd81-3cbf-5bc4840aa6f8" executionId="a28d94ca-cacf-43bd-89f2-a5f79d43b3a5" testListId="8c84fa94-04c1-424b-9868-57a2d4851a1d" />
    <TestEntry testId="77fe17c3-3cf8-a189-4d95-b2e0d3ca9579" executionId="ce02400b-c623-4fac-bf79-183bd231d8db" testListId="8c84fa94-04c1-424b-9868-57a2d4851a1d" />
    <TestEntry testId="47f3e733-f069-b79f-9f6d-7c11fc368663" executionId="6466a37b-c84c-4d41-a6c8-6c4bc4b38ce4" testListId="8c84fa94-04c1-424b-9868-57a2d4851a1d" />
    <TestEntry testId="760ae14b-6c0d-0288-811d-408b67937415" executionId="a4b76299-2d96-4377-b7b2-644be503f9b1" testListId="8c84fa94-04c1-424b-9868-57a2d4851a1d" />
    <TestEntry testId="5385d994-9594-6052-11cb-73f8d2344981" executionId="27511717-b0ec-49ba-9c80-ae09e036da51" testListId="8c84fa94-04c1-424b-9868-57a2d4851a1d" />
    <TestEntry testId="f2d267b8-d5a7-6c91-de6d-813182908c7f" executionId="40cfdf6f-3447-4e39-8653-fbc86a4225f4" testListId="8c84fa94-04c1-424b-9868-57a2d4851a1d" />
    <TestEntry testId="0d35441f-72fe-a777-509f-6a19632f972a" executionId="b43ecb57-3e7f-40b6-bc93-8dce8fffce63" testListId="8c84fa94-04c1-424b-9868-57a2d4851a1d" />
    <TestEntry testId="b871cd27-681f-8d07-6c2a-809341ba2909" executionId="fb2fdc8c-e7de-4f80-bca8-72192fc31b20" testListId="8c84fa94-04c1-424b-9868-57a2d4851a1d" />
    <TestEntry testId="e9d3a3d6-32e0-613e-b55e-48afdf1ab686" executionId="77ca0726-dd8e-46ad-a9fc-7712ddf97508" testListId="8c84fa94-04c1-424b-9868-57a2d4851a1d" />
    <TestEntry testId="8a110a46-40a4-c9bb-083e-1c3fcb5b45b7" executionId="0c3ee7ec-3ae5-48e0-ac9f-9423fe358107" testListId="8c84fa94-04c1-424b-9868-57a2d4851a1d" />
    <TestEntry testId="e0f7dcd9-f363-be9c-de11-457f6a575bee" executionId="c81a9685-ff9b-440b-b45a-edc372c6207b" testListId="8c84fa94-04c1-424b-9868-57a2d4851a1d" />
    <TestEntry testId="9064672f-1220-7bc0-f2b0-c66c74cccc5e" executionId="97787309-66d9-45c2-bfea-fcabc0cc62d8" testListId="8c84fa94-04c1-424b-9868-57a2d4851a1d" />
    <TestEntry testId="8dccdb77-e6a8-58c6-9bd0-108f87c5ff65" executionId="218b88d6-97f5-4f29-8421-24699bbadbce" testListId="8c84fa94-04c1-424b-9868-57a2d4851a1d" />
    <TestEntry testId="7f0aeefe-ba4a-5404-c6f8-82be67718cc4" executionId="4fdafa48-4f30-41fd-85a8-279d3c68312d" testListId="8c84fa94-04c1-424b-9868-57a2d4851a1d" />
    <TestEntry testId="856fd0c8-b6f8-9265-ccfd-2a9e615488e2" executionId="262ef608-9632-46b9-a11c-a5cf324130c4" testListId="8c84fa94-04c1-424b-9868-57a2d4851a1d" />
    <TestEntry testId="bc15aa99-72de-0e5a-b6e8-2d654659d591" executionId="034a5cc3-8665-45aa-8d4a-2d8ab3c4b0f2" testListId="8c84fa94-04c1-424b-9868-57a2d4851a1d" />
    <TestEntry testId="ee30e1f9-ce80-c70a-1b56-b7e02750ae26" executionId="599525a5-18b9-4617-9a5f-daac4356e1b9" testListId="8c84fa94-04c1-424b-9868-57a2d4851a1d" />
    <TestEntry testId="06b145c3-38af-bef9-3a11-59191b7a7e3e" executionId="990923e0-299e-4edd-8d0a-081313b022ff" testListId="8c84fa94-04c1-424b-9868-57a2d4851a1d" />
    <TestEntry testId="678a7b5d-e2f9-09be-f35f-0e3e4d5ad033" executionId="5cd5b9cb-a6c2-4f45-b4e7-0ef0f3d0cbf4" testListId="8c84fa94-04c1-424b-9868-57a2d4851a1d" />
    <TestEntry testId="f752d50b-77fa-327a-4493-168161bd27b2" executionId="9d7204e2-d7c9-424f-8735-ca416b65116a" testListId="8c84fa94-04c1-424b-9868-57a2d4851a1d" />
    <TestEntry testId="db5f34ff-df7c-44e5-6721-c319db8d6da0" executionId="1c1ce144-d2c1-4daa-8a75-3def5f7efc17" testListId="8c84fa94-04c1-424b-9868-57a2d4851a1d" />
    <TestEntry testId="ffa669f9-8e25-a33b-f8f7-c3ba4a576a2b" executionId="681b4023-38ce-4acd-940b-7f6aafb22cc0" testListId="8c84fa94-04c1-424b-9868-57a2d4851a1d" />
    <TestEntry testId="e2880a6e-7a01-b4ba-86fb-4d33be072972" executionId="d1776141-fc3e-4741-91ff-88ce08b44c74" testListId="8c84fa94-04c1-424b-9868-57a2d4851a1d" />
    <TestEntry testId="c14c626b-0f15-ac55-344d-8aa2c3f91cdf" executionId="3dd80b4a-52ec-42d3-9974-8e7e0f07bc66" testListId="8c84fa94-04c1-424b-9868-57a2d4851a1d" />
    <TestEntry testId="430dec51-b9df-7e06-fff9-78e6d362c2d8" executionId="2bdbee55-b4b5-4666-ad99-64a919744223" testListId="8c84fa94-04c1-424b-9868-57a2d4851a1d" />
    <TestEntry testId="579b7361-19a9-f329-acb3-de102dcfc793" executionId="3da27500-445f-426f-8165-2387aebcc562" testListId="8c84fa94-04c1-424b-9868-57a2d4851a1d" />
    <TestEntry testId="a4956cd8-34a7-6fca-5b71-6eb98cedd9b0" executionId="c03958fe-99b4-4f0a-9045-d9bb28cafc68" testListId="8c84fa94-04c1-424b-9868-57a2d4851a1d" />
    <TestEntry testId="0c633595-70e8-b011-5a46-c9c7e1687cb9" executionId="1155c1a4-7db9-41ab-8a29-dc06357dcc01" testListId="8c84fa94-04c1-424b-9868-57a2d4851a1d" />
    <TestEntry testId="9eeef095-29ed-4872-a36c-ca4832350421" executionId="2ca30e24-e6c0-4b89-80e0-4297b38bea41" testListId="8c84fa94-04c1-424b-9868-57a2d4851a1d" />
    <TestEntry testId="aaa46586-7b83-9a88-e835-ae92592f98a3" executionId="02193c82-59d7-41ce-936c-41e7bf1aaa59" testListId="8c84fa94-04c1-424b-9868-57a2d4851a1d" />
    <TestEntry testId="43949294-e4b7-cf4d-0d69-84ccc9e58406" executionId="e842bf8b-4930-42fc-bfdb-09d2d3e723a2" testListId="8c84fa94-04c1-424b-9868-57a2d4851a1d" />
    <TestEntry testId="29112d2a-2e73-305d-ec50-12fc95c28627" executionId="8461bcd3-771e-48e5-9743-3dc62385fb9b" testListId="8c84fa94-04c1-424b-9868-57a2d4851a1d" />
    <TestEntry testId="e37f41d3-77a8-1acd-c258-fbb5b724b134" executionId="c9b883ba-bc3b-44bf-9496-f159162704b5" testListId="8c84fa94-04c1-424b-9868-57a2d4851a1d" />
    <TestEntry testId="6fc389b2-a5f3-ded0-63b6-7e1b4cca8442" executionId="5edb523a-bfe6-4adb-af1b-3fd1b9f300a1" testListId="8c84fa94-04c1-424b-9868-57a2d4851a1d" />
    <TestEntry testId="8f970201-c66a-ecfa-fa45-503451c8c439" executionId="625a1d10-4c39-480a-b435-8488acf8874e" testListId="8c84fa94-04c1-424b-9868-57a2d4851a1d" />
    <TestEntry testId="21ae5425-e2d1-002f-334f-105a6a674a01" executionId="af01fafe-471e-49ef-8d62-f734c0a66979" testListId="8c84fa94-04c1-424b-9868-57a2d4851a1d" />
    <TestEntry testId="772d3145-280a-fb9f-03c2-247d0f593a66" executionId="6b6a6c19-7b2e-4451-bd91-0ba6163c3796" testListId="8c84fa94-04c1-424b-9868-57a2d4851a1d" />
    <TestEntry testId="9af963da-8209-d683-34a5-be793bc59993" executionId="89332640-2484-46b1-ae37-9315f791d069" testListId="8c84fa94-04c1-424b-9868-57a2d4851a1d" />
    <TestEntry testId="0b00f09d-f7e4-fb1e-68ad-8102cf6143e0" executionId="d6d497c2-f8aa-42fa-b98f-a49049988a65" testListId="8c84fa94-04c1-424b-9868-57a2d4851a1d" />
    <TestEntry testId="87c5dbd3-fd2a-1e49-42e5-8dc78affc8d6" executionId="0edabf24-a5b6-4c77-a2c9-875c8f88d3f3" testListId="8c84fa94-04c1-424b-9868-57a2d4851a1d" />
    <TestEntry testId="4a3afd90-c6ab-e82e-40d8-b40450680318" executionId="d3d43f01-b148-4f06-b235-a19478cffdc4" testListId="8c84fa94-04c1-424b-9868-57a2d4851a1d" />
    <TestEntry testId="334e3485-05b4-4549-cacd-aef8fff10757" executionId="d7b790e0-4408-4fbe-bdfb-62f0857e30d8" testListId="8c84fa94-04c1-424b-9868-57a2d4851a1d" />
    <TestEntry testId="fe683836-27ec-729e-5fe1-a9c2674a6d87" executionId="e64830e1-d05a-4be8-adfa-a33e2a27c8aa" testListId="8c84fa94-04c1-424b-9868-57a2d4851a1d" />
    <TestEntry testId="c63cd623-e636-5730-a1fa-b18ae782acc7" executionId="d039d67c-c84e-4b4d-b833-fa97d83f6a7f" testListId="8c84fa94-04c1-424b-9868-57a2d4851a1d" />
    <TestEntry testId="580ff04a-e5c0-9f2f-90c3-4f2aeafd15c5" executionId="04da8327-afc8-4e91-991e-580542e20fec" testListId="8c84fa94-04c1-424b-9868-57a2d4851a1d" />
    <TestEntry testId="225c09bd-86d5-d9ce-d2b8-18431ca384e3" executionId="78c98ba6-200a-4baa-ad2c-be3abf4979ae" testListId="8c84fa94-04c1-424b-9868-57a2d4851a1d" />
    <TestEntry testId="9e36eef1-cde7-a509-c95d-2249b6b02dbb" executionId="978446d5-1dd9-49e4-90b6-5fd4c757d488" testListId="8c84fa94-04c1-424b-9868-57a2d4851a1d" />
    <TestEntry testId="922c5a5d-5d46-b5de-bcbd-4fac0addd422" executionId="f1745e57-6a5b-4712-a15a-1d9b9bb80095" testListId="8c84fa94-04c1-424b-9868-57a2d4851a1d" />
    <TestEntry testId="55f105d6-fc07-21db-e70a-db30ccdb0844" executionId="7762c119-379a-4f22-a115-50c331cfdbcb" testListId="8c84fa94-04c1-424b-9868-57a2d4851a1d" />
    <TestEntry testId="4315ebd1-3e2a-edf0-9de6-c78f08760fe3" executionId="9edbcbec-e30e-46b1-956e-51cc53600777" testListId="8c84fa94-04c1-424b-9868-57a2d4851a1d" />
    <TestEntry testId="6bd61990-78b5-76ea-0df5-0c13c388bdc0" executionId="26899f4a-2156-4b13-be8c-417aba509ef0" testListId="8c84fa94-04c1-424b-9868-57a2d4851a1d" />
    <TestEntry testId="fb770b4f-f87b-13ad-88ac-a338dbbb0d57" executionId="99d0232f-b315-4104-a31e-d974135cc3d7" testListId="8c84fa94-04c1-424b-9868-57a2d4851a1d" />
    <TestEntry testId="33545399-79af-5e7f-5179-57fe5645f4be" executionId="5894c7a9-1e39-4429-8723-3b8bae0d3c49" testListId="8c84fa94-04c1-424b-9868-57a2d4851a1d" />
    <TestEntry testId="74c0befe-cdb2-1fdf-be71-2a39199bb5c9" executionId="cecac6d2-9fb0-47f0-9089-791c1f3087b7" testListId="8c84fa94-04c1-424b-9868-57a2d4851a1d" />
    <TestEntry testId="4e1a5879-f3c8-4fdb-51d0-c4cf0a35e0bf" executionId="a8d9d4d8-1b31-4673-ad10-7b6f75667872" testListId="8c84fa94-04c1-424b-9868-57a2d4851a1d" />
    <TestEntry testId="f17b6f1f-06a9-5318-815f-4c3950fdd0cb" executionId="2ca19b91-57a4-437d-97ef-95167ef980a7" testListId="8c84fa94-04c1-424b-9868-57a2d4851a1d" />
    <TestEntry testId="e608205e-4953-e9a3-1956-895ed42ab083" executionId="be26b114-7d13-41c8-824b-73bcc13bbb64" testListId="8c84fa94-04c1-424b-9868-57a2d4851a1d" />
    <TestEntry testId="2aceb911-de9d-b2eb-c8db-f6b3f880216f" executionId="069d82c4-7b0c-493b-9a72-46833716b359" testListId="8c84fa94-04c1-424b-9868-57a2d4851a1d" />
    <TestEntry testId="3e6d6aa9-9b6d-dd96-b54c-49f88780a2b4" executionId="f5ebd1c7-f149-49d5-90e1-7a8bf528f8be" testListId="8c84fa94-04c1-424b-9868-57a2d4851a1d" />
    <TestEntry testId="1577c538-d1be-5b59-2b09-8e59b0be5fcd" executionId="bb2aab70-f0e1-4fa0-b60c-07bf1e334d93" testListId="8c84fa94-04c1-424b-9868-57a2d4851a1d" />
    <TestEntry testId="7384e2f6-7a7f-d462-78fa-5bf7f49c326a" executionId="d99ae429-6f7e-40bc-89b7-8ccc91b12aef" testListId="8c84fa94-04c1-424b-9868-57a2d4851a1d" />
    <TestEntry testId="bd43e66e-fbae-26eb-a9a1-c58a6bf5d7af" executionId="fcf9d995-c1d7-49b2-87d0-4a9c65f61972" testListId="8c84fa94-04c1-424b-9868-57a2d4851a1d" />
    <TestEntry testId="f0f37a42-1a3a-10a5-5f17-e01b9915abd3" executionId="0d094544-41ba-4f6f-8f5e-7cdfddd5c73e" testListId="8c84fa94-04c1-424b-9868-57a2d4851a1d" />
    <TestEntry testId="f828057e-351a-48b7-0028-e57f15c7217e" executionId="f5ba8fc2-1c7f-433a-b086-1cb1120af600" testListId="8c84fa94-04c1-424b-9868-57a2d4851a1d" />
    <TestEntry testId="c2d3c8df-32e7-92dc-91f8-057e8c4da6b9" executionId="429ac804-c7fb-4a47-8d2f-53967d7db7db" testListId="8c84fa94-04c1-424b-9868-57a2d4851a1d" />
    <TestEntry testId="006d3c07-11d3-9f4b-c045-6799df52bbfb" executionId="2bf42496-c25e-4786-8280-36c98c8c85d1" testListId="8c84fa94-04c1-424b-9868-57a2d4851a1d" />
    <TestEntry testId="4ead3f79-a54e-1b96-838c-d0c2f491cb0d" executionId="bd13ce79-d49a-4556-8c46-3d3a24a55962" testListId="8c84fa94-04c1-424b-9868-57a2d4851a1d" />
    <TestEntry testId="8fbac209-421a-f9fa-c5fe-97403aedb24e" executionId="b0c652da-5952-44ac-ae73-a0ff5a2b9345" testListId="8c84fa94-04c1-424b-9868-57a2d4851a1d" />
  </TestEntries>
  <TestLists>
    <TestList name="Resultados sin formato de lista" id="8c84fa94-04c1-424b-9868-57a2d4851a1d" />
    <TestList name="Todos los resultados cargados" id="19431567-8539-422a-85d7-44ee4e166bda" />
  </TestLists>
  <ResultSummary outcome="Completed">
    <Counters total="452" executed="452" passed="452" failed="0" error="0" timeout="0" aborted="0" inconclusive="0" passedButRunAborted="0" notRunnable="0" notExecuted="0" disconnected="0" warning="0" completed="0" inProgress="0" pending="0" />
  </ResultSummary>
</TestRun>