<?xml version="1.0" encoding="utf-8"?>
<TestRun id="48033301-1c15-4846-9514-15a1cedc5228" name="sferrari@PC-SFERRARI 2023-01-06 08:50:52" runUser="PC-SFERRARI\sferrari" xmlns="http://microsoft.com/schemas/VisualStudio/TeamTest/2010">
  <Times creation="2023-01-06T08:50:52.8618121+01:00" queuing="2023-01-06T08:50:52.8618121+01:00" start="2023-01-06T08:50:51.4398119+01:00" finish="2023-01-06T08:50:53.9028113+01:00" />
  <TestSettings name="default" id="a7ed20f9-3287-4763-af8c-7a36ef58b869">
    <Deployment runDeploymentRoot="sferrari_PC-SFERRARI_2023-01-06_08_50_52" />
  </TestSettings>
  <Results>
    <UnitTestResult executionId="44c430a6-2479-4ae1-8a4d-b1557b7131d7" testId="2dad29b1-9932-48a9-9f4c-0e9a7acd5962" testName="ToEmailMask_Passing_ValidEmail_Returns_EmailWithMask (qazwsxedc@gmailgmail.com,q-------c@g---------.com)" computerName="PC-SFERRARI" duration="00:00:00.0000243" startTime="2023-01-06T08:50:53.5978403+01:00" endTime="2023-01-06T08:50:53.5980139+01:00" testType="13cdc9d9-ddb5-4fa4-a97d-d965ccfc6d4b" outcome="Passed" testListId="8c84fa94-04c1-424b-9868-57a2d4851a1d" relativeResultsDirectory="44c430a6-2479-4ae1-8a4d-b1557b7131d7" />
    <UnitTestResult executionId="a591cf4b-3423-4d42-b3d0-2b74a319b599" testId="c8dd93fb-12d9-407b-8aff-50974fd9b124" testName="ToUri_Passing_ValidValueString_Returns_Uri (https://www.example.com/foo/?bar=baz&amp;inga=42&amp;quux)" computerName="PC-SFERRARI" duration="00:00:00.0000097" startTime="2023-01-06T08:50:53.7091355+01:00" endTime="2023-01-06T08:50:53.7093032+01:00" testType="13cdc9d9-ddb5-4fa4-a97d-d965ccfc6d4b" outcome="Passed" testListId="8c84fa94-04c1-424b-9868-57a2d4851a1d" relativeResultsDirectory="a591cf4b-3423-4d42-b3d0-2b74a319b599" />
    <UnitTestResult executionId="277a6688-9426-49ef-ac99-cf1a2489059c" testId="de1cfed2-95fe-4462-9799-fed2615439fe" testName="ToUri_Passing_InvalidValueString_Returns_DefaultValue (http://??)" computerName="PC-SFERRARI" duration="00:00:00.0000150" startTime="2023-01-06T08:50:53.6934245+01:00" endTime="2023-01-06T08:50:53.6936092+01:00" testType="13cdc9d9-ddb5-4fa4-a97d-d965ccfc6d4b" outcome="Passed" testListId="8c84fa94-04c1-424b-9868-57a2d4851a1d" relativeResultsDirectory="277a6688-9426-49ef-ac99-cf1a2489059c" />
    <UnitTestResult executionId="9d8c4b8e-776f-4a18-8ac1-d920e4051981" testId="06128fc3-5a39-4431-9d9f-9753a2eacd7a" testName="ToUri_Passing_ValidValueString_Returns_Uri (http://-.~_!$&amp;'()*+,;=:%40:80%2f::::::@example.com)" computerName="PC-SFERRARI" duration="00:00:00.0000092" startTime="2023-01-06T08:50:53.7272644+01:00" endTime="2023-01-06T08:50:53.7274111+01:00" testType="13cdc9d9-ddb5-4fa4-a97d-d965ccfc6d4b" outcome="Passed" testListId="8c84fa94-04c1-424b-9868-57a2d4851a1d" relativeResultsDirectory="9d8c4b8e-776f-4a18-8ac1-d920e4051981" />
    <UnitTestResult executionId="96af8940-d46a-4e89-906f-132dcb4ff14a" testId="e2a1929f-4b30-4d43-8ac3-8687ef53bc50" testName="ToGetAll_Passing_Claims_Returns_Claim_Value_String_List" computerName="PC-SFERRARI" duration="00:00:00.0012011" startTime="2023-01-06T08:50:53.0096396+01:00" endTime="2023-01-06T08:50:53.0110780+01:00" testType="13cdc9d9-ddb5-4fa4-a97d-d965ccfc6d4b" outcome="Passed" testListId="8c84fa94-04c1-424b-9868-57a2d4851a1d" relativeResultsDirectory="96af8940-d46a-4e89-906f-132dcb4ff14a" />
    <UnitTestResult executionId="4eb71b32-43b2-4775-a569-5ac353bdefbc" testId="9bf95b0c-9a57-4ba8-917a-1fa9997f091a" testName="ToInt_Passing_InvalidValueString_Returns_DefaultValue (asdasdasdasd234324)" computerName="PC-SFERRARI" duration="00:00:00.0000078" startTime="2023-01-06T08:50:53.6348229+01:00" endTime="2023-01-06T08:50:53.6349702+01:00" testType="13cdc9d9-ddb5-4fa4-a97d-d965ccfc6d4b" outcome="Passed" testListId="8c84fa94-04c1-424b-9868-57a2d4851a1d" relativeResultsDirectory="4eb71b32-43b2-4775-a569-5ac353bdefbc" />
    <UnitTestResult executionId="7466e56d-7025-4c25-afd6-6e648da0850c" testId="dcb14a92-79e4-4d18-96c2-9fbee2554d62" testName="ToUri_Passing_ValidValueString_Returns_Uri (http://foo.com/blah_blah?p=5&amp;j=fe)" computerName="PC-SFERRARI" duration="00:00:00.0000088" startTime="2023-01-06T08:50:53.7038137+01:00" endTime="2023-01-06T08:50:53.7039972+01:00" testType="13cdc9d9-ddb5-4fa4-a97d-d965ccfc6d4b" outcome="Passed" testListId="8c84fa94-04c1-424b-9868-57a2d4851a1d" relativeResultsDirectory="7466e56d-7025-4c25-afd6-6e648da0850c" />
    <UnitTestResult executionId="91a739d9-8908-4f7e-914c-384176ae97b2" testId="d60b75ed-be24-4b0f-858f-cfb6113da881" testName="ToGetAll_Passing_Claims_Returns_Claim_Value_Object_List" computerName="PC-SFERRARI" duration="00:00:00.0280736" startTime="2023-01-06T08:50:52.9813272+01:00" endTime="2023-01-06T08:50:53.0095454+01:00" testType="13cdc9d9-ddb5-4fa4-a97d-d965ccfc6d4b" outcome="Passed" testListId="8c84fa94-04c1-424b-9868-57a2d4851a1d" relativeResultsDirectory="91a739d9-8908-4f7e-914c-384176ae97b2" />
    <UnitTestResult executionId="5d30ef6f-564f-452d-a1da-09ae28231241" testId="652929cf-9462-4dc3-89ed-e387e81d2f7f" testName="ToDefaultValue_Passing_long_Returns_Cero (9223372036854775807)" computerName="PC-SFERRARI" duration="00:00:00.0003073" startTime="2023-01-06T08:50:53.1641645+01:00" endTime="2023-01-06T08:50:53.1648088+01:00" testType="13cdc9d9-ddb5-4fa4-a97d-d965ccfc6d4b" outcome="Passed" testListId="8c84fa94-04c1-424b-9868-57a2d4851a1d" relativeResultsDirectory="5d30ef6f-564f-452d-a1da-09ae28231241" />
    <UnitTestResult executionId="cc5ea97c-760b-413d-babe-a5a0337a77b5" testId="fe6acb1f-396f-4826-b46b-e765e1560d5c" testName="ToExists_Passing_Claims_Returns_True" computerName="PC-SFERRARI" duration="00:00:00.0009430" startTime="2023-01-06T08:50:52.9689676+01:00" endTime="2023-01-06T08:50:52.9699976+01:00" testType="13cdc9d9-ddb5-4fa4-a97d-d965ccfc6d4b" outcome="Passed" testListId="8c84fa94-04c1-424b-9868-57a2d4851a1d" relativeResultsDirectory="cc5ea97c-760b-413d-babe-a5a0337a77b5" />
    <UnitTestResult executionId="ed1556be-3be9-4704-8fda-d704ccbc9d9f" testId="6c206f33-0625-4d8e-84ec-2ba99d1f1859" testName="ToRemove_Passing_ValidValue_Returns_ValueWithoutRemovedChars (hello hello, ,hellohello)" computerName="PC-SFERRARI" duration="00:00:00.0000385" startTime="2023-01-06T08:50:53.6736228+01:00" endTime="2023-01-06T08:50:53.6738631+01:00" testType="13cdc9d9-ddb5-4fa4-a97d-d965ccfc6d4b" outcome="Passed" testListId="8c84fa94-04c1-424b-9868-57a2d4851a1d" relativeResultsDirectory="ed1556be-3be9-4704-8fda-d704ccbc9d9f" />
    <UnitTestResult executionId="3781dc04-2a6b-48ad-95dd-54d78dd624cd" testId="6be52936-6455-4d0a-ae61-83185b7de9e9" testName="ToDefaultValue_Passing_decimal_Returns_Cero" computerName="PC-SFERRARI" duration="00:00:00.0005267" startTime="2023-01-06T08:50:53.1610999+01:00" endTime="2023-01-06T08:50:53.1617734+01:00" testType="13cdc9d9-ddb5-4fa4-a97d-d965ccfc6d4b" outcome="Passed" testListId="8c84fa94-04c1-424b-9868-57a2d4851a1d" relativeResultsDirectory="3781dc04-2a6b-48ad-95dd-54d78dd624cd" />
    <UnitTestResult executionId="90e0f2b2-7e60-4edf-84a0-d60295fb7686" testId="f8d2e193-ce91-4d8d-97e6-8ef5820968c0" testName="ToInt_Passing_Enumeration_Name_Returns_Value" computerName="PC-SFERRARI" duration="00:00:00.0001411" startTime="2023-01-06T08:50:53.1286854+01:00" endTime="2023-01-06T08:50:53.1289041+01:00" testType="13cdc9d9-ddb5-4fa4-a97d-d965ccfc6d4b" outcome="Passed" testListId="8c84fa94-04c1-424b-9868-57a2d4851a1d" relativeResultsDirectory="90e0f2b2-7e60-4edf-84a0-d60295fb7686" />
    <UnitTestResult executionId="75f99670-3f8d-4e3b-a269-ea1754fbbca9" testId="39e0fed0-8254-4c30-bee3-5d1dcbb65946" testName="ToPaged_Passing_Name_Ascending_Order_Returns_Filter_List" computerName="PC-SFERRARI" duration="00:00:00.0021389" startTime="2023-01-06T08:50:53.3963632+01:00" endTime="2023-01-06T08:50:53.3986991+01:00" testType="13cdc9d9-ddb5-4fa4-a97d-d965ccfc6d4b" outcome="Passed" testListId="8c84fa94-04c1-424b-9868-57a2d4851a1d" relativeResultsDirectory="75f99670-3f8d-4e3b-a269-ea1754fbbca9" />
    <UnitTestResult executionId="d8e3ae98-8d2d-446e-a2fb-9dc3f22d6290" testId="2e80bbba-1641-4bdd-90bd-b66a56816f2c" testName="ToInt_Passing_InvalidValueString_Returns_Null (1.333,39)" computerName="PC-SFERRARI" duration="00:00:00.0000115" startTime="2023-01-06T08:50:53.6362659+01:00" endTime="2023-01-06T08:50:53.6364817+01:00" testType="13cdc9d9-ddb5-4fa4-a97d-d965ccfc6d4b" outcome="Passed" testListId="8c84fa94-04c1-424b-9868-57a2d4851a1d" relativeResultsDirectory="d8e3ae98-8d2d-446e-a2fb-9dc3f22d6290" />
    <UnitTestResult executionId="80e882fb-f21f-4a2b-8faf-59c8906e624b" testId="6b572db2-413e-45cf-81b4-b31ebf299d5d" testName="ToSetTime_Passing_Time_String_Returns_DateTime" computerName="PC-SFERRARI" duration="00:00:00.0006663" startTime="2023-01-06T08:50:53.1000532+01:00" endTime="2023-01-06T08:50:53.1033869+01:00" testType="13cdc9d9-ddb5-4fa4-a97d-d965ccfc6d4b" outcome="Passed" testListId="8c84fa94-04c1-424b-9868-57a2d4851a1d" relativeResultsDirectory="80e882fb-f21f-4a2b-8faf-59c8906e624b" />
    <UnitTestResult executionId="e300bbba-56fb-4a3f-8225-417082875731" testId="b435fcdf-e767-4432-84f8-1693026d5c58" testName="ToEnum_Passing_InvalidValueInt_Returns_EnumCustomValue" computerName="PC-SFERRARI" duration="00:00:00.0017194" startTime="2023-01-06T08:50:53.5980781+01:00" endTime="2023-01-06T08:50:53.5999501+01:00" testType="13cdc9d9-ddb5-4fa4-a97d-d965ccfc6d4b" outcome="Passed" testListId="8c84fa94-04c1-424b-9868-57a2d4851a1d" relativeResultsDirectory="e300bbba-56fb-4a3f-8225-417082875731" />
    <UnitTestResult executionId="8385df9f-1673-4c5e-91b7-b6d08904a28e" testId="bc4f4aa2-bbd2-4708-a094-1c2a9d96781a" testName="ToUri_Passing_ValidValueString_Returns_Uri (http://مثال.إختبار)" computerName="PC-SFERRARI" duration="00:00:00.0000205" startTime="2023-01-06T08:50:53.7266281+01:00" endTime="2023-01-06T08:50:53.7267935+01:00" testType="13cdc9d9-ddb5-4fa4-a97d-d965ccfc6d4b" outcome="Passed" testListId="8c84fa94-04c1-424b-9868-57a2d4851a1d" relativeResultsDirectory="8385df9f-1673-4c5e-91b7-b6d08904a28e" />
    <UnitTestResult executionId="2561cf76-a95d-496b-bf2c-560ca16ac92f" testId="a5b71751-dd6f-42a2-b7bb-9bead3d0475a" testName="ToInt_Passing_ValidValueString_Returns_Int (1234567890)" computerName="PC-SFERRARI" duration="00:00:00.0002766" startTime="2023-01-06T08:50:53.6368714+01:00" endTime="2023-01-06T08:50:53.6372434+01:00" testType="13cdc9d9-ddb5-4fa4-a97d-d965ccfc6d4b" outcome="Passed" testListId="8c84fa94-04c1-424b-9868-57a2d4851a1d" relativeResultsDirectory="2561cf76-a95d-496b-bf2c-560ca16ac92f" />
    <UnitTestResult executionId="93a77da5-df5a-4ddb-8df8-e16c50c07dbf" testId="c867c6e0-fa34-48e3-b512-0896f74477e2" testName="ToEmptyIfNull_Passing_Null_Collection_Returns_Empty_Collection" computerName="PC-SFERRARI" duration="00:00:00.0006281" startTime="2023-01-06T08:50:53.1089213+01:00" endTime="2023-01-06T08:50:53.1098583+01:00" testType="13cdc9d9-ddb5-4fa4-a97d-d965ccfc6d4b" outcome="Passed" testListId="8c84fa94-04c1-424b-9868-57a2d4851a1d" relativeResultsDirectory="93a77da5-df5a-4ddb-8df8-e16c50c07dbf" />
    <UnitTestResult executionId="18a80c01-5637-4bfe-800c-5255c1e47b6c" testId="1feded57-1944-4dd6-9d1f-709930b8d8b8" testName="ToServiceMatchingInterface_Passing_Valid_Assembly_And_Valid_Interface_Returns_Service" computerName="PC-SFERRARI" duration="00:00:00.0019931" startTime="2023-01-06T08:50:53.0774315+01:00" endTime="2023-01-06T08:50:53.0795175+01:00" testType="13cdc9d9-ddb5-4fa4-a97d-d965ccfc6d4b" outcome="Passed" testListId="8c84fa94-04c1-424b-9868-57a2d4851a1d" relativeResultsDirectory="18a80c01-5637-4bfe-800c-5255c1e47b6c" />
    <UnitTestResult executionId="4b48c761-2cff-457b-a7b0-e1565e0a9825" testId="70a1958f-c0f8-4162-ace6-cd89097d3248" testName="ToRemove_Passing_ValidValue_Returns_ValueWithoutRemovedChars ( * , ,*)" computerName="PC-SFERRARI" duration="00:00:00.0000523" startTime="2023-01-06T08:50:53.6729071+01:00" endTime="2023-01-06T08:50:53.6735386+01:00" testType="13cdc9d9-ddb5-4fa4-a97d-d965ccfc6d4b" outcome="Passed" testListId="8c84fa94-04c1-424b-9868-57a2d4851a1d" relativeResultsDirectory="4b48c761-2cff-457b-a7b0-e1565e0a9825" />
    <UnitTestResult executionId="73b8c181-0bb8-47f2-b40a-d2ab2e666c78" testId="7ca66143-f92e-4823-aa66-91136b1c9160" testName="ToStringFormat_Passing_ValidValue_Returns_ValueWithoutRemovedChars (1)" computerName="PC-SFERRARI" duration="00:00:00.0002493" startTime="2023-01-06T08:50:53.3827916+01:00" endTime="2023-01-06T08:50:53.3831590+01:00" testType="13cdc9d9-ddb5-4fa4-a97d-d965ccfc6d4b" outcome="Passed" testListId="8c84fa94-04c1-424b-9868-57a2d4851a1d" relativeResultsDirectory="73b8c181-0bb8-47f2-b40a-d2ab2e666c78" />
    <UnitTestResult executionId="9e6b5f9c-04e7-4044-8eca-415d27beb5e5" testId="3f63b63a-d458-4e43-bcdf-f9ad0bb560c8" testName="ToConfiguration_Passing_Valid_DirectoryPath_Invalid_JsonFileName_Not_Optional_Returns_ApplicationException" computerName="PC-SFERRARI" duration="00:00:00.0043830" startTime="2023-01-06T08:50:53.0347298+01:00" endTime="2023-01-06T08:50:53.0393608+01:00" testType="13cdc9d9-ddb5-4fa4-a97d-d965ccfc6d4b" outcome="Passed" testListId="8c84fa94-04c1-424b-9868-57a2d4851a1d" relativeResultsDirectory="9e6b5f9c-04e7-4044-8eca-415d27beb5e5" />
    <UnitTestResult executionId="14d4d6f1-4983-4f1e-8eb0-42166eb396f4" testId="e1383f4a-6f78-4641-ab50-fa6352600714" testName="ToServiceMatchingClass_Passing_Empties_Assemblies_Returns_ApplicationException" computerName="PC-SFERRARI" duration="00:00:00.0019720" startTime="2023-01-06T08:50:53.0573167+01:00" endTime="2023-01-06T08:50:53.0594431+01:00" testType="13cdc9d9-ddb5-4fa4-a97d-d965ccfc6d4b" outcome="Passed" testListId="8c84fa94-04c1-424b-9868-57a2d4851a1d" relativeResultsDirectory="14d4d6f1-4983-4f1e-8eb0-42166eb396f4" />
    <UnitTestResult executionId="40960c44-b8ce-48ac-b065-bda3f84191d3" testId="5f44f58a-3c5e-4467-ab2a-c5291c6b6177" testName="ResultOkData" computerName="PC-SFERRARI" duration="00:00:00.0002708" startTime="2023-01-06T08:50:53.4884669+01:00" endTime="2023-01-06T08:50:53.4888264+01:00" testType="13cdc9d9-ddb5-4fa4-a97d-d965ccfc6d4b" outcome="Passed" testListId="8c84fa94-04c1-424b-9868-57a2d4851a1d" relativeResultsDirectory="40960c44-b8ce-48ac-b065-bda3f84191d3" />
    <UnitTestResult executionId="81671993-c675-4f0b-932f-a5991560c935" testId="2a666b39-5d8d-4b66-9c5b-27b8d0bfe2bd" testName="ToUri_Passing_InvalidValueString_Returns_Null (http://##/)" computerName="PC-SFERRARI" duration="00:00:00.0000135" startTime="2023-01-06T08:50:53.7004305+01:00" endTime="2023-01-06T08:50:53.7006040+01:00" testType="13cdc9d9-ddb5-4fa4-a97d-d965ccfc6d4b" outcome="Passed" testListId="8c84fa94-04c1-424b-9868-57a2d4851a1d" relativeResultsDirectory="81671993-c675-4f0b-932f-a5991560c935" />
    <UnitTestResult executionId="85da9df1-ff29-41d3-a84b-a5a046ee6c09" testId="07ac514d-9b35-4293-99b5-2b41b8bc5a17" testName="ToNormalize_Passing_ValidValue_Returns_NormalizedValue (Kulħadd,Kulhadd)" computerName="PC-SFERRARI" duration="00:00:00.0000525" startTime="2023-01-06T08:50:53.6591016+01:00" endTime="2023-01-06T08:50:53.6593591+01:00" testType="13cdc9d9-ddb5-4fa4-a97d-d965ccfc6d4b" outcome="Passed" testListId="8c84fa94-04c1-424b-9868-57a2d4851a1d" relativeResultsDirectory="85da9df1-ff29-41d3-a84b-a5a046ee6c09" />
    <UnitTestResult executionId="f9f00ce9-4bcf-4ad9-b20b-3e251b007a76" testId="ce4378f1-f2da-45f0-89be-ddf0679df818" testName="CreateSHA256_Passing_Invalid_Arguments_Returns_ApplicationException ( )" computerName="PC-SFERRARI" duration="00:00:00.0000829" startTime="2023-01-06T08:50:53.1999795+01:00" endTime="2023-01-06T08:50:53.2002775+01:00" testType="13cdc9d9-ddb5-4fa4-a97d-d965ccfc6d4b" outcome="Passed" testListId="8c84fa94-04c1-424b-9868-57a2d4851a1d" relativeResultsDirectory="f9f00ce9-4bcf-4ad9-b20b-3e251b007a76" />
    <UnitTestResult executionId="4ef3daa9-dfa4-4005-9d84-a53265db8a36" testId="393aee51-4f09-4886-9d97-5d3b2cde4540" testName="ToUri_Passing_ValidValueString_Returns_Uri (http://➡.ws/䨹)" computerName="PC-SFERRARI" duration="00:00:00.0000696" startTime="2023-01-06T08:50:53.7190652+01:00" endTime="2023-01-06T08:50:53.7193397+01:00" testType="13cdc9d9-ddb5-4fa4-a97d-d965ccfc6d4b" outcome="Passed" testListId="8c84fa94-04c1-424b-9868-57a2d4851a1d" relativeResultsDirectory="4ef3daa9-dfa4-4005-9d84-a53265db8a36" />
    <UnitTestResult executionId="e378bf27-9630-4553-b560-0711d72c7512" testId="c91f335c-aeda-479f-a275-8b7112e3e23a" testName="ToEmailMaskUserNameAndDomainAndExtension_Passing_ValidEmail_Returns_EmailWithMask (qazwsxedc@gmail.com,q*******c@g***l.c*m)" computerName="PC-SFERRARI" duration="00:00:00.0000276" startTime="2023-01-06T08:50:53.5833819+01:00" endTime="2023-01-06T08:50:53.5835289+01:00" testType="13cdc9d9-ddb5-4fa4-a97d-d965ccfc6d4b" outcome="Passed" testListId="8c84fa94-04c1-424b-9868-57a2d4851a1d" relativeResultsDirectory="e378bf27-9630-4553-b560-0711d72c7512" />
    <UnitTestResult executionId="5a42a957-b523-4446-959e-7049a9535544" testId="8a64ced9-a69b-44de-9c2e-f59e372057d1" testName="ToContentType_Passing_ValidValueString_Returns_ContentType (xxxx.gif,image/gif)" computerName="PC-SFERRARI" duration="00:00:00.0000461" startTime="2023-01-06T08:50:53.5069113+01:00" endTime="2023-01-06T08:50:53.5071751+01:00" testType="13cdc9d9-ddb5-4fa4-a97d-d965ccfc6d4b" outcome="Passed" testListId="8c84fa94-04c1-424b-9868-57a2d4851a1d" relativeResultsDirectory="5a42a957-b523-4446-959e-7049a9535544" />
    <UnitTestResult executionId="7fdc8387-43dc-4409-98fa-c6fc52066b9d" testId="68384d8f-2f11-405a-8caf-de5aa42dacf7" testName="ToResultAsync_Passing_StatusCodeAnd_MessageAndContentTypeAndHeader_Values_Returns_Values (/test)" computerName="PC-SFERRARI" duration="00:00:00.1233549" startTime="2023-01-06T08:50:53.2579521+01:00" endTime="2023-01-06T08:50:53.3815718+01:00" testType="13cdc9d9-ddb5-4fa4-a97d-d965ccfc6d4b" outcome="Passed" testListId="8c84fa94-04c1-424b-9868-57a2d4851a1d" relativeResultsDirectory="7fdc8387-43dc-4409-98fa-c6fc52066b9d">
      <Output>
        <StdOut>info: Microsoft.AspNetCore.Hosting.Diagnostics[1]&#xD;
      Request starting HTTP/1.1 GET http://localhost/test - -&#xD;
info: Microsoft.AspNetCore.Hosting.Diagnostics[2]&#xD;
      Request finished HTTP/1.1 GET http://localhost/test - - - 401 - 06359208-9b49-499c-b1c0-07f9f4b50e71 23.5293ms</StdOut>
      </Output>
    </UnitTestResult>
    <UnitTestResult executionId="1065af4b-6822-4248-99f7-72ae2645f9e0" testId="90108dfa-b217-4a44-a3c0-7e6b4e64f29b" testName="ToDetails_Passing_HttpContext_Returns_Details_HttpContext" computerName="PC-SFERRARI" duration="00:00:00.0134281" startTime="2023-01-06T08:50:53.2021194+01:00" endTime="2023-01-06T08:50:53.2158623+01:00" testType="13cdc9d9-ddb5-4fa4-a97d-d965ccfc6d4b" outcome="Passed" testListId="8c84fa94-04c1-424b-9868-57a2d4851a1d" relativeResultsDirectory="1065af4b-6822-4248-99f7-72ae2645f9e0" />
    <UnitTestResult executionId="f3374ece-e3bf-4e29-bac1-4d4aab23b180" testId="39058273-a77c-452a-a90f-afd5232ad4c4" testName="ToReplaceSpecialChars_Passing_ValidValue_Returns_ReplacedValueWithoutIgnoreSpecialChars ( àáäâ ãøçħ , aaaa aoch )" computerName="PC-SFERRARI" duration="00:00:00.0002261" startTime="2023-01-06T08:50:53.6784656+01:00" endTime="2023-01-06T08:50:53.6794492+01:00" testType="13cdc9d9-ddb5-4fa4-a97d-d965ccfc6d4b" outcome="Passed" testListId="8c84fa94-04c1-424b-9868-57a2d4851a1d" relativeResultsDirectory="f3374ece-e3bf-4e29-bac1-4d4aab23b180" />
    <UnitTestResult executionId="a9c5ac37-f1bd-460c-8b95-a0ea82aa99dc" testId="c044d568-4b55-43d3-8c8e-efb97ffb4d50" testName="ToUri_Passing_InvalidValueString_Returns_DefaultValue (http://#)" computerName="PC-SFERRARI" duration="00:00:00.0000107" startTime="2023-01-06T08:50:53.6938938+01:00" endTime="2023-01-06T08:50:53.6940246+01:00" testType="13cdc9d9-ddb5-4fa4-a97d-d965ccfc6d4b" outcome="Passed" testListId="8c84fa94-04c1-424b-9868-57a2d4851a1d" relativeResultsDirectory="a9c5ac37-f1bd-460c-8b95-a0ea82aa99dc" />
    <UnitTestResult executionId="f908b49b-da17-44a7-ac2f-9e7c5427570d" testId="3a31170b-61b5-4437-84e8-a0c3ac39f843" testName="ToIsWeekend_Passing_Sunday_DateTime_Returns_True" computerName="PC-SFERRARI" duration="00:00:00.0000916" startTime="2023-01-06T08:50:53.0987037+01:00" endTime="2023-01-06T08:50:53.0988597+01:00" testType="13cdc9d9-ddb5-4fa4-a97d-d965ccfc6d4b" outcome="Passed" testListId="8c84fa94-04c1-424b-9868-57a2d4851a1d" relativeResultsDirectory="f908b49b-da17-44a7-ac2f-9e7c5427570d" />
    <UnitTestResult executionId="6224b86c-fba2-4b17-8ee2-ce80a6bba319" testId="02d11f43-2b40-4c38-aade-58fa37096b63" testName="ToDefaultValue_Passing_int_Returns_Cero (2147483647)" computerName="PC-SFERRARI" duration="00:00:00.0003461" startTime="2023-01-06T08:50:53.1634519+01:00" endTime="2023-01-06T08:50:53.1641006+01:00" testType="13cdc9d9-ddb5-4fa4-a97d-d965ccfc6d4b" outcome="Passed" testListId="8c84fa94-04c1-424b-9868-57a2d4851a1d" relativeResultsDirectory="6224b86c-fba2-4b17-8ee2-ce80a6bba319" />
    <UnitTestResult executionId="0ce92c66-7b6f-4b71-91d1-c5fc87dcec5c" testId="3e081184-2879-4f28-93e6-72ad7dcedc3a" testName="IsNullOrEmpty_Passing_InvalidValue_Returns_True" computerName="PC-SFERRARI" duration="00:00:00.0000910" startTime="2023-01-06T08:50:53.8054541+01:00" endTime="2023-01-06T08:50:53.8056275+01:00" testType="13cdc9d9-ddb5-4fa4-a97d-d965ccfc6d4b" outcome="Passed" testListId="8c84fa94-04c1-424b-9868-57a2d4851a1d" relativeResultsDirectory="0ce92c66-7b6f-4b71-91d1-c5fc87dcec5c" />
    <UnitTestResult executionId="b7fc7dfe-7a36-47d1-8d6e-f2734a3aed96" testId="96a86c15-572d-4247-822a-7f67b95a9a78" testName="ToUri_Passing_ValidValueString_Returns_Uri (https://foo.com/blah_blah/p=5)" computerName="PC-SFERRARI" duration="00:00:00.0000076" startTime="2023-01-06T08:50:53.7044804+01:00" endTime="2023-01-06T08:50:53.7046385+01:00" testType="13cdc9d9-ddb5-4fa4-a97d-d965ccfc6d4b" outcome="Passed" testListId="8c84fa94-04c1-424b-9868-57a2d4851a1d" relativeResultsDirectory="b7fc7dfe-7a36-47d1-8d6e-f2734a3aed96" />
    <UnitTestResult executionId="43581d86-e44a-47b0-b17e-d400c0aac691" testId="69208b70-4e3c-4fec-9c2f-2f7faee2b51f" testName="ToContentType_Passing_ValidValueString_Returns_ContentType (xxxx.pdf,application/pdf)" computerName="PC-SFERRARI" duration="00:00:00.0020722" startTime="2023-01-06T08:50:53.5036170+01:00" endTime="2023-01-06T08:50:53.5059806+01:00" testType="13cdc9d9-ddb5-4fa4-a97d-d965ccfc6d4b" outcome="Passed" testListId="8c84fa94-04c1-424b-9868-57a2d4851a1d" relativeResultsDirectory="43581d86-e44a-47b0-b17e-d400c0aac691" />
    <UnitTestResult executionId="c4288f4d-b657-450a-9017-401d83ce881f" testId="0d4d1926-5ebe-46c7-8d51-73b39b1cc9c5" testName="ThrowIfInsideRange_Passing_InvalidValue_Returns_ApplicationException (3)" computerName="PC-SFERRARI" duration="00:00:00.0003610" startTime="2023-01-06T08:50:53.8152731+01:00" endTime="2023-01-06T08:50:53.8158620+01:00" testType="13cdc9d9-ddb5-4fa4-a97d-d965ccfc6d4b" outcome="Passed" testListId="8c84fa94-04c1-424b-9868-57a2d4851a1d" relativeResultsDirectory="c4288f4d-b657-450a-9017-401d83ce881f" />
    <UnitTestResult executionId="f753a9d1-6614-429d-ad5d-1c0b657f3a40" testId="58d66789-9dbc-445c-a5c0-169a2e024296" testName="ToEmailMaskUserNameAndDomain_Passing_ValidEmail_Returns_EmailWithMask (qaz@gmailgmail.com,q*z@g********l.com)" computerName="PC-SFERRARI" duration="00:00:00.0000248" startTime="2023-01-06T08:50:53.5869715+01:00" endTime="2023-01-06T08:50:53.5871321+01:00" testType="13cdc9d9-ddb5-4fa4-a97d-d965ccfc6d4b" outcome="Passed" testListId="8c84fa94-04c1-424b-9868-57a2d4851a1d" relativeResultsDirectory="f753a9d1-6614-429d-ad5d-1c0b657f3a40" />
    <UnitTestResult executionId="651cea75-52d2-4651-be08-15f6d95063bd" testId="f32b267d-77fc-4c74-a3aa-0ed3add87cdd" testName="ThrowIfNotSubdomain_Passing_InvalidValue_Returns_ApplicationExceptionWithMessage ()" computerName="PC-SFERRARI" duration="00:00:00.0000426" startTime="2023-01-06T08:50:53.8278345+01:00" endTime="2023-01-06T08:50:53.8279545+01:00" testType="13cdc9d9-ddb5-4fa4-a97d-d965ccfc6d4b" outcome="Passed" testListId="8c84fa94-04c1-424b-9868-57a2d4851a1d" relativeResultsDirectory="651cea75-52d2-4651-be08-15f6d95063bd" />
    <UnitTestResult executionId="85ded8ab-3f9f-46b5-b05a-7d6c093ce98c" testId="c8af412f-9156-4705-9bed-f1b9184773b6" testName="CreateRandom_WithCustomAllowableCharacters_Passing_Valid_Arguments_Returns_String_Random_Value (5,aeiou123456)" computerName="PC-SFERRARI" duration="00:00:00.0002944" startTime="2023-01-06T08:50:53.1945943+01:00" endTime="2023-01-06T08:50:53.1950867+01:00" testType="13cdc9d9-ddb5-4fa4-a97d-d965ccfc6d4b" outcome="Passed" testListId="8c84fa94-04c1-424b-9868-57a2d4851a1d" relativeResultsDirectory="85ded8ab-3f9f-46b5-b05a-7d6c093ce98c" />
    <UnitTestResult executionId="4fd52353-49e5-40ab-9fe7-fb0b24ef38bd" testId="0c5e5dae-19f3-4109-b406-aefec450fbce" testName="ToNormalize_Passing_ValidValue_Returns_NormalizedValue ( ,)" computerName="PC-SFERRARI" duration="00:00:00.0017509" startTime="2023-01-06T08:50:53.6372923+01:00" endTime="2023-01-06T08:50:53.6391999+01:00" testType="13cdc9d9-ddb5-4fa4-a97d-d965ccfc6d4b" outcome="Passed" testListId="8c84fa94-04c1-424b-9868-57a2d4851a1d" relativeResultsDirectory="4fd52353-49e5-40ab-9fe7-fb0b24ef38bd" />
    <UnitTestResult executionId="566b3e3d-035a-49cd-9fcc-1c19835a96d7" testId="eafe7da7-e8ed-4f29-8edf-5b65588e919b" testName="ToEnvironment_ServiceProvider_Passing_Development_Enviroment_Returns_Development_Name" computerName="PC-SFERRARI" duration="00:00:00.0004183" startTime="2023-01-06T08:50:53.0553586+01:00" endTime="2023-01-06T08:50:53.0558493+01:00" testType="13cdc9d9-ddb5-4fa4-a97d-d965ccfc6d4b" outcome="Passed" testListId="8c84fa94-04c1-424b-9868-57a2d4851a1d" relativeResultsDirectory="566b3e3d-035a-49cd-9fcc-1c19835a96d7" />
    <UnitTestResult executionId="d1f8b622-b7bf-4a11-a595-d75c090c67b6" testId="32e28cf4-476c-438f-9f69-f2ab47c74943" testName="ToUri_Passing_InvalidValueString_Returns_DefaultValue (http://.)" computerName="PC-SFERRARI" duration="00:00:00.0000543" startTime="2023-01-06T08:50:53.6912102+01:00" endTime="2023-01-06T08:50:53.6914491+01:00" testType="13cdc9d9-ddb5-4fa4-a97d-d965ccfc6d4b" outcome="Passed" testListId="8c84fa94-04c1-424b-9868-57a2d4851a1d" relativeResultsDirectory="d1f8b622-b7bf-4a11-a595-d75c090c67b6" />
    <UnitTestResult executionId="97e924bb-bf44-4fc9-bea9-1ce87f05feac" testId="3bf91f53-0d58-41fc-8bcb-5a840987da39" testName="ToUri_Passing_ValidValueString_Returns_Uri (http://✪df.ws/123)" computerName="PC-SFERRARI" duration="00:00:00.0003053" startTime="2023-01-06T08:50:53.7093565+01:00" endTime="2023-01-06T08:50:53.7098315+01:00" testType="13cdc9d9-ddb5-4fa4-a97d-d965ccfc6d4b" outcome="Passed" testListId="8c84fa94-04c1-424b-9868-57a2d4851a1d" relativeResultsDirectory="97e924bb-bf44-4fc9-bea9-1ce87f05feac" />
    <UnitTestResult executionId="2649886e-6023-4368-a380-09b2c05943cd" testId="d2bb4a5d-72e1-459f-a1ce-8130be8260c4" testName="ToUri_Passing_ValidValueString_Returns_Uri (http://142.42.1.1/)" computerName="PC-SFERRARI" duration="00:00:00.0000138" startTime="2023-01-06T08:50:53.7155010+01:00" endTime="2023-01-06T08:50:53.7156303+01:00" testType="13cdc9d9-ddb5-4fa4-a97d-d965ccfc6d4b" outcome="Passed" testListId="8c84fa94-04c1-424b-9868-57a2d4851a1d" relativeResultsDirectory="2649886e-6023-4368-a380-09b2c05943cd" />
    <UnitTestResult executionId="c6e9afab-693c-4753-9802-5855bfcf386e" testId="168e6bb0-872d-472c-a22b-9504af71663a" testName="ToUri_Passing_ValidValueString_Returns_Uri (http://1337.net)" computerName="PC-SFERRARI" duration="00:00:00.0000085" startTime="2023-01-06T08:50:53.7274589+01:00" endTime="2023-01-06T08:50:53.7276107+01:00" testType="13cdc9d9-ddb5-4fa4-a97d-d965ccfc6d4b" outcome="Passed" testListId="8c84fa94-04c1-424b-9868-57a2d4851a1d" relativeResultsDirectory="c6e9afab-693c-4753-9802-5855bfcf386e" />
    <UnitTestResult executionId="72113391-ce3a-4ec0-ba04-5b0ce7f1d44e" testId="189a5098-9475-48d4-8d33-d0025daf2b11" testName="ToEmailMaskUserName_Passing_ValidEmail_Returns_EmailWithMask (qazwsxedc@gmail.com,q*******c@gmail.com)" computerName="PC-SFERRARI" duration="00:00:00.0000347" startTime="2023-01-06T08:50:53.5903208+01:00" endTime="2023-01-06T08:50:53.5916685+01:00" testType="13cdc9d9-ddb5-4fa4-a97d-d965ccfc6d4b" outcome="Passed" testListId="8c84fa94-04c1-424b-9868-57a2d4851a1d" relativeResultsDirectory="72113391-ce3a-4ec0-ba04-5b0ce7f1d44e" />
    <UnitTestResult executionId="4cd1fe8a-1c83-4ebc-9a5c-a85a05830918" testId="5ee0505b-ef2e-4ace-a14b-2292ede9dbb9" testName="ToString_Passing_Valid_Collection_Returns_String_With_Default_Separator" computerName="PC-SFERRARI" duration="00:00:00.0014687" startTime="2023-01-06T08:50:53.1118127+01:00" endTime="2023-01-06T08:50:53.1135011+01:00" testType="13cdc9d9-ddb5-4fa4-a97d-d965ccfc6d4b" outcome="Passed" testListId="8c84fa94-04c1-424b-9868-57a2d4851a1d" relativeResultsDirectory="4cd1fe8a-1c83-4ebc-9a5c-a85a05830918" />
    <UnitTestResult executionId="43546ec2-f96e-4f1f-a99e-3e1cb42256e6" testId="157cc784-8aa5-43fc-851a-4c28f67bf4e2" testName="ToUri_Passing_ValidValueString_Returns_Uri (http://foo.com/blah_(wikipedia)#cite-1)" computerName="PC-SFERRARI" duration="00:00:00.0000079" startTime="2023-01-06T08:50:53.7198732+01:00" endTime="2023-01-06T08:50:53.7200288+01:00" testType="13cdc9d9-ddb5-4fa4-a97d-d965ccfc6d4b" outcome="Passed" testListId="8c84fa94-04c1-424b-9868-57a2d4851a1d" relativeResultsDirectory="43546ec2-f96e-4f1f-a99e-3e1cb42256e6" />
    <UnitTestResult executionId="ca2a2fd2-d851-4f6e-a1ed-454773dbf86f" testId="229ce216-f068-49d6-ac88-51dcbeb64e0a" testName="ToUri_Passing_ValidValueString_Returns_Uri (http://☺.damowmow.com/)" computerName="PC-SFERRARI" duration="00:00:00.0000191" startTime="2023-01-06T08:50:53.7236443+01:00" endTime="2023-01-06T08:50:53.7238036+01:00" testType="13cdc9d9-ddb5-4fa4-a97d-d965ccfc6d4b" outcome="Passed" testListId="8c84fa94-04c1-424b-9868-57a2d4851a1d" relativeResultsDirectory="ca2a2fd2-d851-4f6e-a1ed-454773dbf86f" />
    <UnitTestResult executionId="4481fee1-0db2-4a3b-bc60-563606e08d93" testId="a260b6ea-7a67-41df-8c56-9f9b1594e3a4" testName="ToUserName_Passing_Valid_UserName_ClaimsPrincipal_Returns_String_UserName_Value" computerName="PC-SFERRARI" duration="00:00:00.0004408" startTime="2023-01-06T08:50:53.0203502+01:00" endTime="2023-01-06T08:50:53.0208671+01:00" testType="13cdc9d9-ddb5-4fa4-a97d-d965ccfc6d4b" outcome="Passed" testListId="8c84fa94-04c1-424b-9868-57a2d4851a1d" relativeResultsDirectory="4481fee1-0db2-4a3b-bc60-563606e08d93" />
    <UnitTestResult executionId="aacc41a5-81eb-4255-b890-1564406bf762" testId="6a02ede2-0a38-4ace-b289-b69d945752a3" testName="ToService_Passing_Service_Not_Found_Returns_Null" computerName="PC-SFERRARI" duration="00:00:00.0002710" startTime="2023-01-06T08:50:52.8686208+01:00" endTime="2023-01-06T08:50:52.8690005+01:00" testType="13cdc9d9-ddb5-4fa4-a97d-d965ccfc6d4b" outcome="Passed" testListId="8c84fa94-04c1-424b-9868-57a2d4851a1d" relativeResultsDirectory="aacc41a5-81eb-4255-b890-1564406bf762" />
    <UnitTestResult executionId="e0c5ea43-515d-4b9f-a94f-f99946b09269" testId="546b3e4f-3e1d-411f-b4dc-f208f907263a" testName="ToNormalize_Passing_ValidValue_Returns_NormalizedValue (Åge,Age)" computerName="PC-SFERRARI" duration="00:00:00.0000472" startTime="2023-01-06T08:50:53.6558364+01:00" endTime="2023-01-06T08:50:53.6560276+01:00" testType="13cdc9d9-ddb5-4fa4-a97d-d965ccfc6d4b" outcome="Passed" testListId="8c84fa94-04c1-424b-9868-57a2d4851a1d" relativeResultsDirectory="e0c5ea43-515d-4b9f-a94f-f99946b09269" />
    <UnitTestResult executionId="3064d077-a7fd-478d-beb8-09a6813ca17c" testId="af958a2e-f031-4ddb-ba20-49f26164b09d" testName="ToEmailMask_Passing_ValidEmail_Returns_EmailWithMask (qaz@gmailgmail.com,q-z@g---------.com)" computerName="PC-SFERRARI" duration="00:00:00.0000300" startTime="2023-01-06T08:50:53.5946974+01:00" endTime="2023-01-06T08:50:53.5949587+01:00" testType="13cdc9d9-ddb5-4fa4-a97d-d965ccfc6d4b" outcome="Passed" testListId="8c84fa94-04c1-424b-9868-57a2d4851a1d" relativeResultsDirectory="3064d077-a7fd-478d-beb8-09a6813ca17c" />
    <UnitTestResult executionId="e738bbf5-975d-4e2d-8037-20dc855cf9e3" testId="bacbcaf3-b143-47e7-88b9-d91a925dfd3f" testName="ToEndOfTheMonth_Passing_DateTime_Returns_End_Of_Month_DateTime" computerName="PC-SFERRARI" duration="00:00:00.0010701" startTime="2023-01-06T08:50:53.0963384+01:00" endTime="2023-01-06T08:50:53.0975610+01:00" testType="13cdc9d9-ddb5-4fa4-a97d-d965ccfc6d4b" outcome="Passed" testListId="8c84fa94-04c1-424b-9868-57a2d4851a1d" relativeResultsDirectory="e738bbf5-975d-4e2d-8037-20dc855cf9e3" />
    <UnitTestResult executionId="f01b7b3c-85ba-4af2-94d1-79dd28c75852" testId="1557b483-1e94-4b06-bc21-dcd6ffd97e35" testName="ToAuthenticationType_Passing_Claims_Returns_AuthenticationType_Name" computerName="PC-SFERRARI" duration="00:00:00.0497416" startTime="2023-01-06T08:50:52.9180060+01:00" endTime="2023-01-06T08:50:52.9680479+01:00" testType="13cdc9d9-ddb5-4fa4-a97d-d965ccfc6d4b" outcome="Passed" testListId="8c84fa94-04c1-424b-9868-57a2d4851a1d" relativeResultsDirectory="f01b7b3c-85ba-4af2-94d1-79dd28c75852" />
    <UnitTestResult executionId="0602a630-a3ac-49b3-9f62-2a18c9c54163" testId="52a18f92-f750-4b42-aa90-2e061660aaeb" testName="ResultError_WithTitle_WithStatusCode_WithDetails_WithExceptionType_WithMessages_WithErrors" computerName="PC-SFERRARI" duration="00:00:00.0050027" startTime="2023-01-06T08:50:53.4821762+01:00" endTime="2023-01-06T08:50:53.4873622+01:00" testType="13cdc9d9-ddb5-4fa4-a97d-d965ccfc6d4b" outcome="Passed" testListId="8c84fa94-04c1-424b-9868-57a2d4851a1d" relativeResultsDirectory="0602a630-a3ac-49b3-9f62-2a18c9c54163" />
    <UnitTestResult executionId="0dab759e-9013-4b11-9a56-6173de331038" testId="909db6de-b586-4d44-b98c-b739440062c4" testName="ToBytes_Passing_Object_Returns_Bytes" computerName="PC-SFERRARI" duration="00:00:00.0010588" startTime="2023-01-06T08:50:53.1534277+01:00" endTime="2023-01-06T08:50:53.1547626+01:00" testType="13cdc9d9-ddb5-4fa4-a97d-d965ccfc6d4b" outcome="Passed" testListId="8c84fa94-04c1-424b-9868-57a2d4851a1d" relativeResultsDirectory="0dab759e-9013-4b11-9a56-6173de331038" />
    <UnitTestResult executionId="bc85a5bc-1c4f-4809-a049-cb12c2aec2d1" testId="086cdb37-51e4-40b2-af67-833fa48da427" testName="IsContainsUniqueChars_Passing_InvalidValue_Returns_False" computerName="PC-SFERRARI" duration="00:00:00.0005128" startTime="2023-01-06T08:50:53.8036588+01:00" endTime="2023-01-06T08:50:53.8045282+01:00" testType="13cdc9d9-ddb5-4fa4-a97d-d965ccfc6d4b" outcome="Passed" testListId="8c84fa94-04c1-424b-9868-57a2d4851a1d" relativeResultsDirectory="bc85a5bc-1c4f-4809-a049-cb12c2aec2d1" />
    <UnitTestResult executionId="3952656f-a105-42fd-9c7e-217b81387809" testId="ce892fb6-0bd4-46fe-9b15-c8e415fe511f" testName="ToUri_Passing_ValidValueString_Returns_Uri (https://foo.com/blah_blah?p=5)" computerName="PC-SFERRARI" duration="00:00:00.0003335" startTime="2023-01-06T08:50:53.7046963+01:00" endTime="2023-01-06T08:50:53.7052162+01:00" testType="13cdc9d9-ddb5-4fa4-a97d-d965ccfc6d4b" outcome="Passed" testListId="8c84fa94-04c1-424b-9868-57a2d4851a1d" relativeResultsDirectory="3952656f-a105-42fd-9c7e-217b81387809" />
    <UnitTestResult executionId="88d66290-8fb7-4f19-8721-038e00ba1f36" testId="91572a2f-79d7-461f-8201-46a22c0d0e7b" testName="ToDisplay_Passing_Enumeration_Name_Returns_Display_Atributte" computerName="PC-SFERRARI" duration="00:00:00.0028394" startTime="2023-01-06T08:50:53.1250204+01:00" endTime="2023-01-06T08:50:53.1280866+01:00" testType="13cdc9d9-ddb5-4fa4-a97d-d965ccfc6d4b" outcome="Passed" testListId="8c84fa94-04c1-424b-9868-57a2d4851a1d" relativeResultsDirectory="88d66290-8fb7-4f19-8721-038e00ba1f36" />
    <UnitTestResult executionId="75002460-602b-4d1e-a31e-694886d9c77a" testId="951fc800-13e3-4091-bc8b-3edd2a1d7679" testName="ToHeader_Passing_HttpRequest_Header_Many_Values_Returns_Values" computerName="PC-SFERRARI" duration="00:00:00.0323869" startTime="2023-01-06T08:50:53.2209301+01:00" endTime="2023-01-06T08:50:53.2536192+01:00" testType="13cdc9d9-ddb5-4fa4-a97d-d965ccfc6d4b" outcome="Passed" testListId="8c84fa94-04c1-424b-9868-57a2d4851a1d" relativeResultsDirectory="75002460-602b-4d1e-a31e-694886d9c77a" />
    <UnitTestResult executionId="1cce4abf-a5f6-4b86-bf3d-6ed7710c143d" testId="4ef32eb2-84cb-4cfc-94e0-2f3618d4ace1" testName="ToDirectoryFindFilePath_Passing_ValidValue_Returns_FilePath" computerName="PC-SFERRARI" duration="00:00:00.0020203" startTime="2023-01-06T08:50:53.5472893+01:00" endTime="2023-01-06T08:50:53.5494916+01:00" testType="13cdc9d9-ddb5-4fa4-a97d-d965ccfc6d4b" outcome="Passed" testListId="8c84fa94-04c1-424b-9868-57a2d4851a1d" relativeResultsDirectory="1cce4abf-a5f6-4b86-bf3d-6ed7710c143d" />
    <UnitTestResult executionId="e16177a5-f649-445e-9d19-677afecb8cb2" testId="4fceb38c-3773-4da4-8721-efc405123855" testName="GetValues_Passing_Valid_Key_Returns_Values" computerName="PC-SFERRARI" duration="00:00:00.0013049" startTime="2023-01-06T08:50:53.1073111+01:00" endTime="2023-01-06T08:50:53.1087986+01:00" testType="13cdc9d9-ddb5-4fa4-a97d-d965ccfc6d4b" outcome="Passed" testListId="8c84fa94-04c1-424b-9868-57a2d4851a1d" relativeResultsDirectory="e16177a5-f649-445e-9d19-677afecb8cb2" />
    <UnitTestResult executionId="68719594-b30f-4e55-85b2-f1879968d5f6" testId="41c9af8b-7c81-4c48-a22b-c6646f8c6630" testName="ToMapMerge_Passing_Destination_Object_Returns_Merged_Destination_Object" computerName="PC-SFERRARI" duration="00:00:00.0145249" startTime="2023-01-06T08:50:52.6798737+01:00" endTime="2023-01-06T08:50:52.6945759+01:00" testType="13cdc9d9-ddb5-4fa4-a97d-d965ccfc6d4b" outcome="Passed" testListId="8c84fa94-04c1-424b-9868-57a2d4851a1d" relativeResultsDirectory="68719594-b30f-4e55-85b2-f1879968d5f6" />
    <UnitTestResult executionId="1132de54-83a5-46a2-9e4d-10ac0ac1aa3e" testId="0f201b55-2fb0-4ca1-a307-b197d5a0db31" testName="ToEmailMaskUserName_Passing_ValidEmail_Returns_EmailWithMask (qazwsx@gmail.com,q****x@gmail.com)" computerName="PC-SFERRARI" duration="00:00:00.0003544" startTime="2023-01-06T08:50:53.5895858+01:00" endTime="2023-01-06T08:50:53.5902281+01:00" testType="13cdc9d9-ddb5-4fa4-a97d-d965ccfc6d4b" outcome="Passed" testListId="8c84fa94-04c1-424b-9868-57a2d4851a1d" relativeResultsDirectory="1132de54-83a5-46a2-9e4d-10ac0ac1aa3e" />
    <UnitTestResult executionId="11e6db89-ae08-4e06-99d5-2fb81e1c3988" testId="f353e60f-2d68-4115-827b-9b5748402947" testName="CreateRandom_WithCustomAllowableCharacters_Passing_Valid_Arguments_Returns_String_Random_Value (8,ae)" computerName="PC-SFERRARI" duration="00:00:00.0023160" startTime="2023-01-06T08:50:53.1919575+01:00" endTime="2023-01-06T08:50:53.1945012+01:00" testType="13cdc9d9-ddb5-4fa4-a97d-d965ccfc6d4b" outcome="Passed" testListId="8c84fa94-04c1-424b-9868-57a2d4851a1d" relativeResultsDirectory="11e6db89-ae08-4e06-99d5-2fb81e1c3988" />
    <UnitTestResult executionId="40c430fc-22fe-44a1-9580-266b857cdbbe" testId="56c7ed60-0ec1-487f-bfda-1dd2130274f5" testName="ToUri_Passing_ValidValueString_Returns_Uri (http://foo.com/blah_(wikipedia)_blah#cite-1)" computerName="PC-SFERRARI" duration="00:00:00.0000216" startTime="2023-01-06T08:50:53.7206794+01:00" endTime="2023-01-06T08:50:53.7231246+01:00" testType="13cdc9d9-ddb5-4fa4-a97d-d965ccfc6d4b" outcome="Passed" testListId="8c84fa94-04c1-424b-9868-57a2d4851a1d" relativeResultsDirectory="40c430fc-22fe-44a1-9580-266b857cdbbe" />
    <UnitTestResult executionId="8830b8e4-509d-407a-80f4-49ade07818cc" testId="d30145bf-bff2-4b01-b5c0-bb1aa25bf5c6" testName="ToUri_Passing_ValidValueString_Returns_Uri (http://foo.com/blah_blah_(wikipedia)_(again))" computerName="PC-SFERRARI" duration="00:00:00.0000112" startTime="2023-01-06T08:50:53.7086948+01:00" endTime="2023-01-06T08:50:53.7088697+01:00" testType="13cdc9d9-ddb5-4fa4-a97d-d965ccfc6d4b" outcome="Passed" testListId="8c84fa94-04c1-424b-9868-57a2d4851a1d" relativeResultsDirectory="8830b8e4-509d-407a-80f4-49ade07818cc" />
    <UnitTestResult executionId="86994b72-c28f-4155-a395-9ed8e9c40a5b" testId="cfbb468b-45b6-4a2e-bab2-43a5eaddebde" testName="ToFullMessage_Passing_ExceptionWithMessage_Returns_Message" computerName="PC-SFERRARI" duration="00:00:00.0002041" startTime="2023-01-06T08:50:53.1529722+01:00" endTime="2023-01-06T08:50:53.1533687+01:00" testType="13cdc9d9-ddb5-4fa4-a97d-d965ccfc6d4b" outcome="Passed" testListId="8c84fa94-04c1-424b-9868-57a2d4851a1d" relativeResultsDirectory="86994b72-c28f-4155-a395-9ed8e9c40a5b" />
    <UnitTestResult executionId="8ea74394-eb1b-466c-a723-831efcd9fb6a" testId="63f33a14-6b11-4087-b2a0-56f7f9498cb3" testName="CreateSHA256_Passing_Invalid_Arguments_Returns_ApplicationException ()" computerName="PC-SFERRARI" duration="00:00:00.0004969" startTime="2023-01-06T08:50:53.1965422+01:00" endTime="2023-01-06T08:50:53.1971512+01:00" testType="13cdc9d9-ddb5-4fa4-a97d-d965ccfc6d4b" outcome="Passed" testListId="8c84fa94-04c1-424b-9868-57a2d4851a1d" relativeResultsDirectory="8ea74394-eb1b-466c-a723-831efcd9fb6a" />
    <UnitTestResult executionId="5afabdd7-8765-4ef9-a4f6-4249b026bce8" testId="210652bc-0e42-47af-8428-e68d01cfbf56" testName="ToServiceMatchingClass_Passing_Valid_Assembly_And_Valid_Class_Returns_Service" computerName="PC-SFERRARI" duration="00:00:00.0154265" startTime="2023-01-06T08:50:53.0595486+01:00" endTime="2023-01-06T08:50:53.0751595+01:00" testType="13cdc9d9-ddb5-4fa4-a97d-d965ccfc6d4b" outcome="Passed" testListId="8c84fa94-04c1-424b-9868-57a2d4851a1d" relativeResultsDirectory="5afabdd7-8765-4ef9-a4f6-4249b026bce8" />
    <UnitTestResult executionId="385642c1-e4ce-4b92-bf96-a96d01690c6c" testId="4077e10f-ba98-4c33-a91b-2de332c333db" testName="ToUri_Passing_ValidValueString_Returns_Uri (//foo.com/blah_blah/p=5)" computerName="PC-SFERRARI" duration="00:00:00.0000076" startTime="2023-01-06T08:50:53.7078404+01:00" endTime="2023-01-06T08:50:53.7080081+01:00" testType="13cdc9d9-ddb5-4fa4-a97d-d965ccfc6d4b" outcome="Passed" testListId="8c84fa94-04c1-424b-9868-57a2d4851a1d" relativeResultsDirectory="385642c1-e4ce-4b92-bf96-a96d01690c6c" />
    <UnitTestResult executionId="247e2138-b26f-428e-87c5-4de377ec5765" testId="16724a6d-2e4c-4231-aeed-a594018b9e7a" testName="ToExists_Passing_Valid_Service_Returns_True" computerName="PC-SFERRARI" duration="00:00:00.0002746" startTime="2023-01-06T08:50:53.0562045+01:00" endTime="2023-01-06T08:50:53.0565485+01:00" testType="13cdc9d9-ddb5-4fa4-a97d-d965ccfc6d4b" outcome="Passed" testListId="8c84fa94-04c1-424b-9868-57a2d4851a1d" relativeResultsDirectory="247e2138-b26f-428e-87c5-4de377ec5765" />
    <UnitTestResult executionId="c2d9b904-a3e2-489a-a2e5-6760d4ad2992" testId="37b582cd-c255-4bcf-8041-b6d250f18033" testName="ToUri_Passing_ValidValueString_Returns_Uri (http://⌘.ws)" computerName="PC-SFERRARI" duration="00:00:00.0000176" startTime="2023-01-06T08:50:53.7194152+01:00" endTime="2023-01-06T08:50:53.7195942+01:00" testType="13cdc9d9-ddb5-4fa4-a97d-d965ccfc6d4b" outcome="Passed" testListId="8c84fa94-04c1-424b-9868-57a2d4851a1d" relativeResultsDirectory="c2d9b904-a3e2-489a-a2e5-6760d4ad2992" />
    <UnitTestResult executionId="e368a126-f242-442a-8e1e-388bdefa6f49" testId="efce7f49-7cc2-4847-9d28-dcc478ee7856" testName="ToDirectoryFileInfo_Passing_ValidValue_Returns_FileInfo" computerName="PC-SFERRARI" duration="00:00:00.0088762" startTime="2023-01-06T08:50:53.5125137+01:00" endTime="2023-01-06T08:50:53.5216462+01:00" testType="13cdc9d9-ddb5-4fa4-a97d-d965ccfc6d4b" outcome="Passed" testListId="8c84fa94-04c1-424b-9868-57a2d4851a1d" relativeResultsDirectory="e368a126-f242-442a-8e1e-388bdefa6f49" />
    <UnitTestResult executionId="4897207a-aa6c-41a5-a7b4-e4e1fe407cb2" testId="43aca9d1-3a95-40ab-8fc6-100a5a30f69b" testName="ToDefaultValue_Passing_ulong_Returns_Cero" computerName="PC-SFERRARI" duration="00:00:00.0003750" startTime="2023-01-06T08:50:53.1669012+01:00" endTime="2023-01-06T08:50:53.1674239+01:00" testType="13cdc9d9-ddb5-4fa4-a97d-d965ccfc6d4b" outcome="Passed" testListId="8c84fa94-04c1-424b-9868-57a2d4851a1d" relativeResultsDirectory="4897207a-aa6c-41a5-a7b4-e4e1fe407cb2" />
    <UnitTestResult executionId="09523fdf-a366-406f-8a80-0ed600c76a0e" testId="71522d5d-6434-4010-aa00-35fcd8d7d80f" testName="ToReplace_Passing_ValidValue_Returns_ReplacedValue (aeiou,*,0,5,*****)" computerName="PC-SFERRARI" duration="00:00:00.0000136" startTime="2023-01-06T08:50:53.6853878+01:00" endTime="2023-01-06T08:50:53.6857602+01:00" testType="13cdc9d9-ddb5-4fa4-a97d-d965ccfc6d4b" outcome="Passed" testListId="8c84fa94-04c1-424b-9868-57a2d4851a1d" relativeResultsDirectory="09523fdf-a366-406f-8a80-0ed600c76a0e" />
    <UnitTestResult executionId="a2c07dcc-7ace-4cf3-899a-2a7a69ec22c8" testId="47d27f6b-fb6c-4e00-a7d9-b9d80ecc2b43" testName="CreateSHA512_Passing_Invalid_Arguments_Returns_ApplicationException ( )" computerName="PC-SFERRARI" duration="00:00:00.0000778" startTime="2023-01-06T08:50:53.2017968+01:00" endTime="2023-01-06T08:50:53.2020593+01:00" testType="13cdc9d9-ddb5-4fa4-a97d-d965ccfc6d4b" outcome="Passed" testListId="8c84fa94-04c1-424b-9868-57a2d4851a1d" relativeResultsDirectory="a2c07dcc-7ace-4cf3-899a-2a7a69ec22c8" />
    <UnitTestResult executionId="ab25ed3c-2637-4b2d-be90-1ebe709535d5" testId="4440c9ac-6dc3-4da9-9828-433a6bccaf46" testName="ResultOkData_WithData_WithMessage_WithDetails" computerName="PC-SFERRARI" duration="00:00:00.0013360" startTime="2023-01-06T08:50:53.4916605+01:00" endTime="2023-01-06T08:50:53.4935131+01:00" testType="13cdc9d9-ddb5-4fa4-a97d-d965ccfc6d4b" outcome="Passed" testListId="8c84fa94-04c1-424b-9868-57a2d4851a1d" relativeResultsDirectory="ab25ed3c-2637-4b2d-be90-1ebe709535d5" />
    <UnitTestResult executionId="b24749c3-35a8-43cb-ba54-fb609f7934d3" testId="45258798-676f-4f72-bbc6-c665afaecf9f" testName="CreateRandom_WithDefaultAllowableCharacters_Passing_ValidArguments_Returns_String_Random_Value (20)" computerName="PC-SFERRARI" duration="00:00:00.0000124" startTime="2023-01-06T08:50:53.1963409+01:00" endTime="2023-01-06T08:50:53.1964917+01:00" testType="13cdc9d9-ddb5-4fa4-a97d-d965ccfc6d4b" outcome="Passed" testListId="8c84fa94-04c1-424b-9868-57a2d4851a1d" relativeResultsDirectory="b24749c3-35a8-43cb-ba54-fb609f7934d3" />
    <UnitTestResult executionId="e52c3e50-b810-49c1-9f60-27102b0ef05c" testId="71f27c65-5918-4e9b-8bba-c70de73ae7fa" testName="ToRemove_Passing_ValidValue_Returns_ValueWithoutRemovedChars ( hello hello , ,hellohello)" computerName="PC-SFERRARI" duration="00:00:00.0000197" startTime="2023-01-06T08:50:53.6741262+01:00" endTime="2023-01-06T08:50:53.6742538+01:00" testType="13cdc9d9-ddb5-4fa4-a97d-d965ccfc6d4b" outcome="Passed" testListId="8c84fa94-04c1-424b-9868-57a2d4851a1d" relativeResultsDirectory="e52c3e50-b810-49c1-9f60-27102b0ef05c" />
    <UnitTestResult executionId="8e67b3ff-697d-459e-8994-a244e3400678" testId="0ac7701f-297c-4eab-a68f-72188a0ee952" testName="ToDefaultValue_Passing_ushort_Returns_Cero" computerName="PC-SFERRARI" duration="00:00:00.0025765" startTime="2023-01-06T08:50:53.1691244+01:00" endTime="2023-01-06T08:50:53.1720689+01:00" testType="13cdc9d9-ddb5-4fa4-a97d-d965ccfc6d4b" outcome="Passed" testListId="8c84fa94-04c1-424b-9868-57a2d4851a1d" relativeResultsDirectory="8e67b3ff-697d-459e-8994-a244e3400678" />
    <UnitTestResult executionId="69cde8eb-98a3-46fa-b997-caed5ef81f1e" testId="fb2d9f1d-01cc-4bff-9d50-3e8de694b093" testName="ToGet_Passing_Claims_Returns_Claim_Value_Object" computerName="PC-SFERRARI" duration="00:00:00.0017540" startTime="2023-01-06T08:50:53.0148692+01:00" endTime="2023-01-06T08:50:53.0168005+01:00" testType="13cdc9d9-ddb5-4fa4-a97d-d965ccfc6d4b" outcome="Passed" testListId="8c84fa94-04c1-424b-9868-57a2d4851a1d" relativeResultsDirectory="69cde8eb-98a3-46fa-b997-caed5ef81f1e" />
    <UnitTestResult executionId="4b8b255a-b0d6-44da-ac4a-473e4fcb0c51" testId="6a6d0549-48f4-4202-be2a-4377a45cb00d" testName="ToUri_Passing_ValidValueString_Returns_Uri (http://foo.com/(something)?after=parens)" computerName="PC-SFERRARI" duration="00:00:00.0000057" startTime="2023-01-06T08:50:53.7234754+01:00" endTime="2023-01-06T08:50:53.7236003+01:00" testType="13cdc9d9-ddb5-4fa4-a97d-d965ccfc6d4b" outcome="Passed" testListId="8c84fa94-04c1-424b-9868-57a2d4851a1d" relativeResultsDirectory="4b8b255a-b0d6-44da-ac4a-473e4fcb0c51" />
    <UnitTestResult executionId="eeb25c1c-b4ed-4433-82df-3f0d83c564a0" testId="cd0088a8-c2c2-4fcc-a7d1-5f435b78b5dd" testName="ToRandom_Passing_Invalid_Empty_Value_Returns_Null" computerName="PC-SFERRARI" duration="00:00:00.0006739" startTime="2023-01-06T08:50:53.6639842+01:00" endTime="2023-01-06T08:50:53.6647972+01:00" testType="13cdc9d9-ddb5-4fa4-a97d-d965ccfc6d4b" outcome="Passed" testListId="8c84fa94-04c1-424b-9868-57a2d4851a1d" relativeResultsDirectory="eeb25c1c-b4ed-4433-82df-3f0d83c564a0" />
    <UnitTestResult executionId="e7f9ebb2-015c-413e-aa73-cca367a32108" testId="535658ad-14a5-4f63-b1ce-032718118b61" testName="ToGet_Passing_Claims_Returns_Claim_Value_String" computerName="PC-SFERRARI" duration="00:00:00.0007679" startTime="2023-01-06T08:50:53.0169080+01:00" endTime="2023-01-06T08:50:53.0178334+01:00" testType="13cdc9d9-ddb5-4fa4-a97d-d965ccfc6d4b" outcome="Passed" testListId="8c84fa94-04c1-424b-9868-57a2d4851a1d" relativeResultsDirectory="e7f9ebb2-015c-413e-aa73-cca367a32108" />
    <UnitTestResult executionId="f7c4d046-51fd-4afe-8326-62657123516b" testId="2edcb7f9-8c28-4904-b087-41126505d48a" testName="ToNormalize_Passing_ValidValue_Returns_NormalizedValue (The End,The End)" computerName="PC-SFERRARI" duration="00:00:00.0000687" startTime="2023-01-06T08:50:53.6633634+01:00" endTime="2023-01-06T08:50:53.6636339+01:00" testType="13cdc9d9-ddb5-4fa4-a97d-d965ccfc6d4b" outcome="Passed" testListId="8c84fa94-04c1-424b-9868-57a2d4851a1d" relativeResultsDirectory="f7c4d046-51fd-4afe-8326-62657123516b" />
    <UnitTestResult executionId="1cdece8e-f33d-4e3c-9947-e11644cd3caa" testId="8ce2267a-3205-4ef0-9c54-538966e3fdfb" testName="ToCompress_Passing_Object_Bytes_Returns_Object" computerName="PC-SFERRARI" duration="00:00:00.0429259" startTime="2023-01-06T08:50:52.8727891+01:00" endTime="2023-01-06T08:50:52.9161658+01:00" testType="13cdc9d9-ddb5-4fa4-a97d-d965ccfc6d4b" outcome="Passed" testListId="8c84fa94-04c1-424b-9868-57a2d4851a1d" relativeResultsDirectory="1cdece8e-f33d-4e3c-9947-e11644cd3caa" />
    <UnitTestResult executionId="c05dc2a7-c124-44cc-abf4-a21b5f7494c3" testId="87cf5206-72ae-4538-8dd1-b2263d69fd85" testName="ToExists_Passing_NotFound_Service_Returns_False" computerName="PC-SFERRARI" duration="00:00:00.0002014" startTime="2023-01-06T08:50:53.0558914+01:00" endTime="2023-01-06T08:50:53.0561643+01:00" testType="13cdc9d9-ddb5-4fa4-a97d-d965ccfc6d4b" outcome="Passed" testListId="8c84fa94-04c1-424b-9868-57a2d4851a1d" relativeResultsDirectory="c05dc2a7-c124-44cc-abf4-a21b5f7494c3" />
    <UnitTestResult executionId="3611a97f-28b6-4253-b116-23685bfba728" testId="7d99a5a4-6969-4983-97f9-0b59d64eccc1" testName="ToUri_Passing_ValidValueString_Returns_Uri (https://foo.com/blah_blah)" computerName="PC-SFERRARI" duration="00:00:00.0000093" startTime="2023-01-06T08:50:53.7040498+01:00" endTime="2023-01-06T08:50:53.7042098+01:00" testType="13cdc9d9-ddb5-4fa4-a97d-d965ccfc6d4b" outcome="Passed" testListId="8c84fa94-04c1-424b-9868-57a2d4851a1d" relativeResultsDirectory="3611a97f-28b6-4253-b116-23685bfba728" />
    <UnitTestResult executionId="db687fc6-5320-47eb-b205-0883bb364e1d" testId="110c063e-a109-49a5-9ed2-9ef4fda711d6" testName="ToUri_Passing_InvalidValueString_Returns_Null (http://??/)" computerName="PC-SFERRARI" duration="00:00:00.0000642" startTime="2023-01-06T08:50:53.6993174+01:00" endTime="2023-01-06T08:50:53.6996600+01:00" testType="13cdc9d9-ddb5-4fa4-a97d-d965ccfc6d4b" outcome="Passed" testListId="8c84fa94-04c1-424b-9868-57a2d4851a1d" relativeResultsDirectory="db687fc6-5320-47eb-b205-0883bb364e1d" />
    <UnitTestResult executionId="19eafdd4-8b9d-489a-a416-864802a42408" testId="7baf40ad-68a3-4194-b1c0-b89d0e58b70b" testName="IsContainsUniqueChars_Passing_ValidValue_Returns_True" computerName="PC-SFERRARI" duration="00:00:00.0003668" startTime="2023-01-06T08:50:53.8045993+01:00" endTime="2023-01-06T08:50:53.8050947+01:00" testType="13cdc9d9-ddb5-4fa4-a97d-d965ccfc6d4b" outcome="Passed" testListId="8c84fa94-04c1-424b-9868-57a2d4851a1d" relativeResultsDirectory="19eafdd4-8b9d-489a-a416-864802a42408" />
    <UnitTestResult executionId="9b5b284c-0568-43c5-9731-1164f470062b" testId="00cdb9f9-c661-43b9-8caf-628b1ee4321c" testName="ToUri_Passing_InvalidValueString_Returns_DefaultValue (http://?)" computerName="PC-SFERRARI" duration="00:00:00.0016895" startTime="2023-01-06T08:50:53.6885183+01:00" endTime="2023-01-06T08:50:53.6904342+01:00" testType="13cdc9d9-ddb5-4fa4-a97d-d965ccfc6d4b" outcome="Passed" testListId="8c84fa94-04c1-424b-9868-57a2d4851a1d" relativeResultsDirectory="9b5b284c-0568-43c5-9731-1164f470062b" />
    <UnitTestResult executionId="4a779bbf-42ed-41af-8159-ae45e7c24461" testId="24b9ac09-dcbb-4c75-b3d5-8a5027953bdc" testName="ToNormalize_Passing_ValidValue_Returns_NormalizedValue ( * ¨ ^ _ : - ? ¿ ; ,)" computerName="PC-SFERRARI" duration="00:00:00.0002140" startTime="2023-01-06T08:50:53.6492661+01:00" endTime="2023-01-06T08:50:53.6499952+01:00" testType="13cdc9d9-ddb5-4fa4-a97d-d965ccfc6d4b" outcome="Passed" testListId="8c84fa94-04c1-424b-9868-57a2d4851a1d" relativeResultsDirectory="4a779bbf-42ed-41af-8159-ae45e7c24461" />
    <UnitTestResult executionId="babc95d7-0684-4dd1-937a-5e7985e0bf1c" testId="cc722792-2e5e-41ed-865d-d8c3e6d35e7b" testName="ToValues_Passing_ValidEnumType_Returns_ValuesListString" computerName="PC-SFERRARI" duration="00:00:00.0010175" startTime="2023-01-06T08:50:53.1374863+01:00" endTime="2023-01-06T08:50:53.1386128+01:00" testType="13cdc9d9-ddb5-4fa4-a97d-d965ccfc6d4b" outcome="Passed" testListId="8c84fa94-04c1-424b-9868-57a2d4851a1d" relativeResultsDirectory="babc95d7-0684-4dd1-937a-5e7985e0bf1c" />
    <UnitTestResult executionId="67863af3-0987-4aa8-b8f5-cb500350454f" testId="3726a28d-216c-4108-ab9f-b3ddeaf91548" testName="ToInt_Passing_InvalidValueString_Returns_DefaultValue (1.3333)" computerName="PC-SFERRARI" duration="00:00:00.0002882" startTime="2023-01-06T08:50:53.6315038+01:00" endTime="2023-01-06T08:50:53.6319167+01:00" testType="13cdc9d9-ddb5-4fa4-a97d-d965ccfc6d4b" outcome="Passed" testListId="8c84fa94-04c1-424b-9868-57a2d4851a1d" relativeResultsDirectory="67863af3-0987-4aa8-b8f5-cb500350454f" />
    <UnitTestResult executionId="2caf6a4b-db28-44f5-8b01-2ce9c5f5df04" testId="2fe5538a-53ea-4377-999d-12f97578b7e4" testName="ToDefaultValue_Passing_bool_Returns_Cero (True)" computerName="PC-SFERRARI" duration="00:00:00.0005235" startTime="2023-01-06T08:50:53.1548732+01:00" endTime="2023-01-06T08:50:53.1596022+01:00" testType="13cdc9d9-ddb5-4fa4-a97d-d965ccfc6d4b" outcome="Passed" testListId="8c84fa94-04c1-424b-9868-57a2d4851a1d" relativeResultsDirectory="2caf6a4b-db28-44f5-8b01-2ce9c5f5df04" />
    <UnitTestResult executionId="d617e764-f44b-436c-bf8b-b1877018f70f" testId="8763e69d-c417-4f20-ba54-ca480afa0c27" testName="ToHashAlgorithmName_Passing_ValidValueString_Returns_HashAlgorithmName (MD5)" computerName="PC-SFERRARI" duration="00:00:00.0001730" startTime="2023-01-06T08:50:53.6311531+01:00" endTime="2023-01-06T08:50:53.6314417+01:00" testType="13cdc9d9-ddb5-4fa4-a97d-d965ccfc6d4b" outcome="Passed" testListId="8c84fa94-04c1-424b-9868-57a2d4851a1d" relativeResultsDirectory="d617e764-f44b-436c-bf8b-b1877018f70f" />
    <UnitTestResult executionId="73203992-4fa3-47e9-b008-d6d92ca13ca8" testId="8bbdb661-a1e1-4464-aa7b-ead36a2624fd" testName="ToReplaceSpecialChars_Passing_ValidValue_Returns_ReplacedValueWithoutIgnoreSpecialChars (*¨^_:-?¿;,)" computerName="PC-SFERRARI" duration="00:00:00.0000784" startTime="2023-01-06T08:50:53.6795596+01:00" endTime="2023-01-06T08:50:53.6799596+01:00" testType="13cdc9d9-ddb5-4fa4-a97d-d965ccfc6d4b" outcome="Passed" testListId="8c84fa94-04c1-424b-9868-57a2d4851a1d" relativeResultsDirectory="73203992-4fa3-47e9-b008-d6d92ca13ca8" />
    <UnitTestResult executionId="a9e31eab-f654-44ca-bb49-1dfc7654f63f" testId="b17396d5-3d39-4420-aff2-080edd515701" testName="ToDirectoryTemporary_Passing_ValidValue_Returns_DirectoryExists" computerName="PC-SFERRARI" duration="00:00:00.0011825" startTime="2023-01-06T08:50:53.5742757+01:00" endTime="2023-01-06T08:50:53.5756439+01:00" testType="13cdc9d9-ddb5-4fa4-a97d-d965ccfc6d4b" outcome="Passed" testListId="8c84fa94-04c1-424b-9868-57a2d4851a1d" relativeResultsDirectory="a9e31eab-f654-44ca-bb49-1dfc7654f63f" />
    <UnitTestResult executionId="bddea5d3-3aaa-438f-805a-afdef0c2822d" testId="ab5ceaa3-156f-4b5d-9b0d-042b97831ffc" testName="ToList_Passing_ValidEnumTypeWithResourceType_Returns_ValuesList" computerName="PC-SFERRARI" duration="00:00:00.0054731" startTime="2023-01-06T08:50:53.1293957+01:00" endTime="2023-01-06T08:50:53.1349668+01:00" testType="13cdc9d9-ddb5-4fa4-a97d-d965ccfc6d4b" outcome="Passed" testListId="8c84fa94-04c1-424b-9868-57a2d4851a1d" relativeResultsDirectory="bddea5d3-3aaa-438f-805a-afdef0c2822d" />
    <UnitTestResult executionId="3cbc7ae9-39ae-4192-9c41-372d197b3e9f" testId="9d387270-c9f8-42e6-b260-c5fc75c9c427" testName="ToContentType_Passing_ValidValueString_Returns_ContentType (xxxx.json,application/json)" computerName="PC-SFERRARI" duration="00:00:00.0004210" startTime="2023-01-06T08:50:53.5061066+01:00" endTime="2023-01-06T08:50:53.5068251+01:00" testType="13cdc9d9-ddb5-4fa4-a97d-d965ccfc6d4b" outcome="Passed" testListId="8c84fa94-04c1-424b-9868-57a2d4851a1d" relativeResultsDirectory="3cbc7ae9-39ae-4192-9c41-372d197b3e9f" />
    <UnitTestResult executionId="d99e97bb-fd09-426a-b916-ecb5e3ba8de8" testId="911219d0-f129-4b64-92fe-5b4b26fec1a1" testName="ToIsWeekend_Passing_Friday_DateTime_Returns_False" computerName="PC-SFERRARI" duration="00:00:00.0001714" startTime="2023-01-06T08:50:53.0982355+01:00" endTime="2023-01-06T08:50:53.0984748+01:00" testType="13cdc9d9-ddb5-4fa4-a97d-d965ccfc6d4b" outcome="Passed" testListId="8c84fa94-04c1-424b-9868-57a2d4851a1d" relativeResultsDirectory="d99e97bb-fd09-426a-b916-ecb5e3ba8de8" />
    <UnitTestResult executionId="66f374cb-e892-46e9-8763-7efb666fbf5a" testId="cdf2d7f7-2ed3-42e7-be7d-dbb00a9ac092" testName="ToUri_Passing_ValidValueString_Returns_Uri (http://foo.com/blah_blah/p=5)" computerName="PC-SFERRARI" duration="00:00:00.0000208" startTime="2023-01-06T08:50:53.7031004+01:00" endTime="2023-01-06T08:50:53.7034559+01:00" testType="13cdc9d9-ddb5-4fa4-a97d-d965ccfc6d4b" outcome="Passed" testListId="8c84fa94-04c1-424b-9868-57a2d4851a1d" relativeResultsDirectory="66f374cb-e892-46e9-8763-7efb666fbf5a" />
    <UnitTestResult executionId="27ba0ccc-ea1b-42e2-ba72-390304f89896" testId="98851d06-3acf-4892-9641-b9979bb20b38" testName="ToUri_Passing_InvalidValueString_Returns_DefaultValue (http://##)" computerName="PC-SFERRARI" duration="00:00:00.0000101" startTime="2023-01-06T08:50:53.6940741+01:00" endTime="2023-01-06T08:50:53.6942053+01:00" testType="13cdc9d9-ddb5-4fa4-a97d-d965ccfc6d4b" outcome="Passed" testListId="8c84fa94-04c1-424b-9868-57a2d4851a1d" relativeResultsDirectory="27ba0ccc-ea1b-42e2-ba72-390304f89896" />
    <UnitTestResult executionId="df1e20a2-5f59-4895-b030-d50f706236d7" testId="7998b751-571e-4e8a-8071-4edd4a0848bc" testName="ToDirectoryDeleteFiles_Passing_ValidValue_Returns_DirectoryNoExists" computerName="PC-SFERRARI" duration="00:00:00.0037524" startTime="2023-01-06T08:50:53.5084205+01:00" endTime="2023-01-06T08:50:53.5123669+01:00" testType="13cdc9d9-ddb5-4fa4-a97d-d965ccfc6d4b" outcome="Passed" testListId="8c84fa94-04c1-424b-9868-57a2d4851a1d" relativeResultsDirectory="df1e20a2-5f59-4895-b030-d50f706236d7" />
    <UnitTestResult executionId="ab7693d4-d7ff-42ff-acd5-dd6130138112" testId="4619c23f-521b-48fb-bab8-eaf82a69b13d" testName="ToReplaceSpecialChars_Passing_ValidValue_Returns_ReplacedValueWithoutIgnoreSpecialChars ( * ¨ ^ _ : - ? ¿ ; ,          )" computerName="PC-SFERRARI" duration="00:00:00.0000736" startTime="2023-01-06T08:50:53.6800330+01:00" endTime="2023-01-06T08:50:53.6803294+01:00" testType="13cdc9d9-ddb5-4fa4-a97d-d965ccfc6d4b" outcome="Passed" testListId="8c84fa94-04c1-424b-9868-57a2d4851a1d" relativeResultsDirectory="ab7693d4-d7ff-42ff-acd5-dd6130138112" />
    <UnitTestResult executionId="c2529f8e-3b8f-4b98-9e04-d227c6bdc744" testId="80484b02-e84c-49a5-ae1a-a9bda1bc0ddb" testName="ToHashAlgorithmName_Passing_InvalidValueLowerCaseStringWithDefaultValue_Returns_DefaultValue (md5)" computerName="PC-SFERRARI" duration="00:00:00.0030635" startTime="2023-01-06T08:50:53.6264622+01:00" endTime="2023-01-06T08:50:53.6297578+01:00" testType="13cdc9d9-ddb5-4fa4-a97d-d965ccfc6d4b" outcome="Passed" testListId="8c84fa94-04c1-424b-9868-57a2d4851a1d" relativeResultsDirectory="c2529f8e-3b8f-4b98-9e04-d227c6bdc744" />
    <UnitTestResult executionId="2c1e51c7-6252-44dc-8896-e5727a9cd6f0" testId="0806096a-924f-4629-9595-0303fca860e1" testName="CreateAndVerifySHA512_Passing_Valid_Arguments_Returns_True (HashTests)" computerName="PC-SFERRARI" duration="00:00:00.0002219" startTime="2023-01-06T08:50:53.1899244+01:00" endTime="2023-01-06T08:50:53.1902646+01:00" testType="13cdc9d9-ddb5-4fa4-a97d-d965ccfc6d4b" outcome="Passed" testListId="8c84fa94-04c1-424b-9868-57a2d4851a1d" relativeResultsDirectory="2c1e51c7-6252-44dc-8896-e5727a9cd6f0" />
    <UnitTestResult executionId="c500b2fa-44bd-48d1-8d83-7edb48a2d1ff" testId="5cb103df-6859-4d49-b81c-679b137d44bb" testName="ToUri_Passing_ValidValueString_Returns_Uri (http://userid@example.com:8080/)" computerName="PC-SFERRARI" duration="00:00:00.0000068" startTime="2023-01-06T08:50:53.7129851+01:00" endTime="2023-01-06T08:50:53.7131219+01:00" testType="13cdc9d9-ddb5-4fa4-a97d-d965ccfc6d4b" outcome="Passed" testListId="8c84fa94-04c1-424b-9868-57a2d4851a1d" relativeResultsDirectory="c500b2fa-44bd-48d1-8d83-7edb48a2d1ff" />
    <UnitTestResult executionId="810af5ca-46b3-4b03-a5b5-18d5d7a40a9a" testId="82b45141-5cbc-4cba-8d5f-f1327bfa8069" testName="ToNormalize_Passing_ValidValue_Returns_NormalizedValue (i’ LL,i LL)" computerName="PC-SFERRARI" duration="00:00:00.0001322" startTime="2023-01-06T08:50:53.6624462+01:00" endTime="2023-01-06T08:50:53.6629227+01:00" testType="13cdc9d9-ddb5-4fa4-a97d-d965ccfc6d4b" outcome="Passed" testListId="8c84fa94-04c1-424b-9868-57a2d4851a1d" relativeResultsDirectory="810af5ca-46b3-4b03-a5b5-18d5d7a40a9a" />
    <UnitTestResult executionId="318f42c1-2f6c-4605-bed4-38c1438c9407" testId="5d7b6905-fa2c-42e4-9a4c-6bbd6a763552" testName="ToNormalize_Passing_ValidValue_Returns_NormalizedValue (ìíïî,iiii)" computerName="PC-SFERRARI" duration="00:00:00.0000876" startTime="2023-01-06T08:50:53.6548587+01:00" endTime="2023-01-06T08:50:53.6551884+01:00" testType="13cdc9d9-ddb5-4fa4-a97d-d965ccfc6d4b" outcome="Passed" testListId="8c84fa94-04c1-424b-9868-57a2d4851a1d" relativeResultsDirectory="318f42c1-2f6c-4605-bed4-38c1438c9407" />
    <UnitTestResult executionId="2251c0e6-c1e2-4935-8e8e-375a192195f2" testId="0eb4211a-49e1-4afb-a896-ba3f31c302b8" testName="ToContentType_Passing_ValidValueString_Returns_ContentType (xxxx.jpeg,image/jpeg)" computerName="PC-SFERRARI" duration="00:00:00.0000773" startTime="2023-01-06T08:50:53.5072670+01:00" endTime="2023-01-06T08:50:53.5076389+01:00" testType="13cdc9d9-ddb5-4fa4-a97d-d965ccfc6d4b" outcome="Passed" testListId="8c84fa94-04c1-424b-9868-57a2d4851a1d" relativeResultsDirectory="2251c0e6-c1e2-4935-8e8e-375a192195f2" />
    <UnitTestResult executionId="019aea77-00f0-4d86-918b-b8467d8dd135" testId="ee88df54-0dd5-4ca9-adcf-65d315add95d" testName="ToDetails_Passing_HttpContext_WithOptionalData_Returns_Details_HttpContext" computerName="PC-SFERRARI" duration="00:00:00.0021582" startTime="2023-01-06T08:50:53.2159601+01:00" endTime="2023-01-06T08:50:53.2183054+01:00" testType="13cdc9d9-ddb5-4fa4-a97d-d965ccfc6d4b" outcome="Passed" testListId="8c84fa94-04c1-424b-9868-57a2d4851a1d" relativeResultsDirectory="019aea77-00f0-4d86-918b-b8467d8dd135" />
    <UnitTestResult executionId="a5de7750-b440-48d8-8db9-1288737c79fc" testId="ec9f6384-49f4-428f-bf9c-38a4b7d6f394" testName="ToUri_Passing_InvalidValueString_Returns_Null (http://#)" computerName="PC-SFERRARI" duration="00:00:00.0000162" startTime="2023-01-06T08:50:53.6997323+01:00" endTime="2023-01-06T08:50:53.7000099+01:00" testType="13cdc9d9-ddb5-4fa4-a97d-d965ccfc6d4b" outcome="Passed" testListId="8c84fa94-04c1-424b-9868-57a2d4851a1d" relativeResultsDirectory="a5de7750-b440-48d8-8db9-1288737c79fc" />
    <UnitTestResult executionId="0c9f6ce8-c584-4b8f-95ca-ebc67dd42262" testId="a7eeb2ec-0fe5-48e1-aa76-e676df42cf52" testName="ToServiceMatchingInterface_Passing_Valid_Assembly_Returns_Service" computerName="PC-SFERRARI" duration="00:00:00.0011372" startTime="2023-01-06T08:50:53.0795738+01:00" endTime="2023-01-06T08:50:53.0808043+01:00" testType="13cdc9d9-ddb5-4fa4-a97d-d965ccfc6d4b" outcome="Passed" testListId="8c84fa94-04c1-424b-9868-57a2d4851a1d" relativeResultsDirectory="0c9f6ce8-c584-4b8f-95ca-ebc67dd42262" />
    <UnitTestResult executionId="5c89e3a3-80c1-46a8-99dc-6ae5e43d969c" testId="08d12359-1ecf-48aa-9bfd-88340734f3c4" testName="ToUri_Passing_ValidValueString_Returns_Uri (//foo.com/blah_blah/)" computerName="PC-SFERRARI" duration="00:00:00.0000243" startTime="2023-01-06T08:50:53.7074540+01:00" endTime="2023-01-06T08:50:53.7077493+01:00" testType="13cdc9d9-ddb5-4fa4-a97d-d965ccfc6d4b" outcome="Passed" testListId="8c84fa94-04c1-424b-9868-57a2d4851a1d" relativeResultsDirectory="5c89e3a3-80c1-46a8-99dc-6ae5e43d969c" />
    <UnitTestResult executionId="aa5dd904-e985-4ac6-84bc-2b707b95c249" testId="62c67301-5444-44cf-a5dd-5aebfec7b7ee" testName="ThrowIfOutRange_Passing_InvalidValue_Returns_ApplicationException (-2)" computerName="PC-SFERRARI" duration="00:00:00.0014015" startTime="2023-01-06T08:50:53.8320177+01:00" endTime="2023-01-06T08:50:53.8336396+01:00" testType="13cdc9d9-ddb5-4fa4-a97d-d965ccfc6d4b" outcome="Passed" testListId="8c84fa94-04c1-424b-9868-57a2d4851a1d" relativeResultsDirectory="aa5dd904-e985-4ac6-84bc-2b707b95c249" />
    <UnitTestResult executionId="f0130424-b261-4dc9-ba64-5eed8e34af75" testId="da52dfe7-e2af-4d2f-a5c6-4df4e2909738" testName="ToService_Passing_Valid_Service_Returns_Service" computerName="PC-SFERRARI" duration="00:00:00.0005017" startTime="2023-01-06T08:50:53.0811132+01:00" endTime="2023-01-06T08:50:53.0816941+01:00" testType="13cdc9d9-ddb5-4fa4-a97d-d965ccfc6d4b" outcome="Passed" testListId="8c84fa94-04c1-424b-9868-57a2d4851a1d" relativeResultsDirectory="f0130424-b261-4dc9-ba64-5eed8e34af75" />
    <UnitTestResult executionId="c3ebf455-69af-4a6d-9e8d-8fbff04afad2" testId="69ec952d-ec8d-4c70-aff2-cb32e8ed36d6" testName="ThrowIfNotSubdomain_Passing_InvalidValue_Returns_ApplicationExceptionWithMessage (dasdasd@dsasd.._ff)" computerName="PC-SFERRARI" duration="00:00:00.0010294" startTime="2023-01-06T08:50:53.8253369+01:00" endTime="2023-01-06T08:50:53.8266081+01:00" testType="13cdc9d9-ddb5-4fa4-a97d-d965ccfc6d4b" outcome="Passed" testListId="8c84fa94-04c1-424b-9868-57a2d4851a1d" relativeResultsDirectory="c3ebf455-69af-4a6d-9e8d-8fbff04afad2" />
    <UnitTestResult executionId="29615821-c314-4611-adf3-7fcc25a83ed4" testId="4bce127c-e1e9-4679-8c70-5c26bb84ebc5" testName="ToPaged_Passing_Age_Descending_Order_Returns_Filter_List" computerName="PC-SFERRARI" duration="00:00:00.0009415" startTime="2023-01-06T08:50:53.3950947+01:00" endTime="2023-01-06T08:50:53.3962399+01:00" testType="13cdc9d9-ddb5-4fa4-a97d-d965ccfc6d4b" outcome="Passed" testListId="8c84fa94-04c1-424b-9868-57a2d4851a1d" relativeResultsDirectory="29615821-c314-4611-adf3-7fcc25a83ed4" />
    <UnitTestResult executionId="3c19bdc1-eafc-40a9-8a45-6d96f8d03317" testId="767e9d53-441e-4db1-b660-2b391ef60f3e" testName="ToEmailMask_Passing_ValidEmail_Returns_EmailWithMask (qazwsxedc@gmail.com,q-------c@g----.com)" computerName="PC-SFERRARI" duration="00:00:00.0000354" startTime="2023-01-06T08:50:53.5943879+01:00" endTime="2023-01-06T08:50:53.5946338+01:00" testType="13cdc9d9-ddb5-4fa4-a97d-d965ccfc6d4b" outcome="Passed" testListId="8c84fa94-04c1-424b-9868-57a2d4851a1d" relativeResultsDirectory="3c19bdc1-eafc-40a9-8a45-6d96f8d03317" />
    <UnitTestResult executionId="acb0354d-d412-45ae-9c22-b31161c95434" testId="b7b5cc00-4770-416f-8ae1-9c09dc832e03" testName="ThrowIfNotSubdomain_Passing_InvalidValue_Returns_ApplicationExceptionWithMessage (34fsds@@sdd.f)" computerName="PC-SFERRARI" duration="00:00:00.0004595" startTime="2023-01-06T08:50:53.8267510+01:00" endTime="2023-01-06T08:50:53.8274350+01:00" testType="13cdc9d9-ddb5-4fa4-a97d-d965ccfc6d4b" outcome="Passed" testListId="8c84fa94-04c1-424b-9868-57a2d4851a1d" relativeResultsDirectory="acb0354d-d412-45ae-9c22-b31161c95434" />
    <UnitTestResult executionId="e8bfa381-3322-46e0-8c6f-285a9cf1dca4" testId="99e6c041-e467-4f26-92c7-780eeb96479a" testName="ToHashAlgorithmName_Passing_InvalidValueLowerCaseString_Returns_Null (md5)" computerName="PC-SFERRARI" duration="00:00:00.0003033" startTime="2023-01-06T08:50:53.6298616+01:00" endTime="2023-01-06T08:50:53.6303554+01:00" testType="13cdc9d9-ddb5-4fa4-a97d-d965ccfc6d4b" outcome="Passed" testListId="8c84fa94-04c1-424b-9868-57a2d4851a1d" relativeResultsDirectory="e8bfa381-3322-46e0-8c6f-285a9cf1dca4" />
    <UnitTestResult executionId="da2efc83-815e-4f94-af2d-6c49cecbbac9" testId="5d2637f2-9692-4c51-a2e9-dec47c054602" testName="CreateAndVerifySHA512_Passing_Valid_Arguments_Returns_True (Password)" computerName="PC-SFERRARI" duration="00:00:00.0009473" startTime="2023-01-06T08:50:53.1887877+01:00" endTime="2023-01-06T08:50:53.1898663+01:00" testType="13cdc9d9-ddb5-4fa4-a97d-d965ccfc6d4b" outcome="Passed" testListId="8c84fa94-04c1-424b-9868-57a2d4851a1d" relativeResultsDirectory="da2efc83-815e-4f94-af2d-6c49cecbbac9" />
    <UnitTestResult executionId="206d619a-59f9-4dc6-b90c-c16dc6033404" testId="0d8b518a-f788-4d38-8881-24041ad08985" testName="ToZipCreate_Passing_ValidFilesWithCutomZipName_Returns_ZipFiles" computerName="PC-SFERRARI" duration="00:00:00.0195407" startTime="2023-01-06T08:50:53.7307024+01:00" endTime="2023-01-06T08:50:53.7504700+01:00" testType="13cdc9d9-ddb5-4fa4-a97d-d965ccfc6d4b" outcome="Passed" testListId="8c84fa94-04c1-424b-9868-57a2d4851a1d" relativeResultsDirectory="206d619a-59f9-4dc6-b90c-c16dc6033404" />
    <UnitTestResult executionId="b2b18ecb-39e7-41eb-a7e3-d2b888468631" testId="742c0b2f-de5b-455c-b371-706eb2ffab8f" testName="ToNormalize_Passing_ValidValue_Returns_NormalizedValue (*¨^_:-?¿;,)" computerName="PC-SFERRARI" duration="00:00:00.0001257" startTime="2023-01-06T08:50:53.6486260+01:00" endTime="2023-01-06T08:50:53.6491798+01:00" testType="13cdc9d9-ddb5-4fa4-a97d-d965ccfc6d4b" outcome="Passed" testListId="8c84fa94-04c1-424b-9868-57a2d4851a1d" relativeResultsDirectory="b2b18ecb-39e7-41eb-a7e3-d2b888468631" />
    <UnitTestResult executionId="a96e3976-d525-44df-b40c-0f77a524e4f2" testId="c242041b-a5b0-43e2-98ab-cd5248139f34" testName="ToDefaultValue_Passing_uint_Returns_Cero" computerName="PC-SFERRARI" duration="00:00:00.0003837" startTime="2023-01-06T08:50:53.1662756+01:00" endTime="2023-01-06T08:50:53.1668231+01:00" testType="13cdc9d9-ddb5-4fa4-a97d-d965ccfc6d4b" outcome="Passed" testListId="8c84fa94-04c1-424b-9868-57a2d4851a1d" relativeResultsDirectory="a96e3976-d525-44df-b40c-0f77a524e4f2" />
    <UnitTestResult executionId="81879757-8a7c-4adb-86fc-6910349d7897" testId="2f831167-7c5e-4f84-b971-6fd1ea13e0e6" testName="ToUri_Passing_ValidValueString_Returns_Uri (http://userid@example.com:8080)" computerName="PC-SFERRARI" duration="00:00:00.0000078" startTime="2023-01-06T08:50:53.7127595+01:00" endTime="2023-01-06T08:50:53.7129243+01:00" testType="13cdc9d9-ddb5-4fa4-a97d-d965ccfc6d4b" outcome="Passed" testListId="8c84fa94-04c1-424b-9868-57a2d4851a1d" relativeResultsDirectory="81879757-8a7c-4adb-86fc-6910349d7897" />
    <UnitTestResult executionId="7c485f7b-745a-4eac-bc53-e9891bbb6257" testId="cda869bc-c230-457c-a164-73a574779e0b" testName="ToSettings_Passing_Values_From_Memory_Returns_Settings" computerName="PC-SFERRARI" duration="00:00:00.0052808" startTime="2023-01-06T08:50:53.0897087+01:00" endTime="2023-01-06T08:50:53.0951467+01:00" testType="13cdc9d9-ddb5-4fa4-a97d-d965ccfc6d4b" outcome="Passed" testListId="8c84fa94-04c1-424b-9868-57a2d4851a1d" relativeResultsDirectory="7c485f7b-745a-4eac-bc53-e9891bbb6257" />
    <UnitTestResult executionId="1acf5909-2296-47ae-b689-7bc8ef3e783c" testId="f060466c-901c-437e-8ac4-c1f83ac8163a" testName="ToConfiguration_Passing_Key_Values_Returns_Ok" computerName="PC-SFERRARI" duration="00:00:00.0062387" startTime="2023-01-06T08:50:53.0275378+01:00" endTime="2023-01-06T08:50:53.0339264+01:00" testType="13cdc9d9-ddb5-4fa4-a97d-d965ccfc6d4b" outcome="Passed" testListId="8c84fa94-04c1-424b-9868-57a2d4851a1d" relativeResultsDirectory="1acf5909-2296-47ae-b689-7bc8ef3e783c" />
    <UnitTestResult executionId="42b23b9a-c461-4e2f-b322-18310be60572" testId="ea99de01-4b40-4083-a502-3f36acfd9bed" testName="ToNormalize_Passing_ValidValue_Returns_NormalizedValue (Malmö,Malmo)" computerName="PC-SFERRARI" duration="00:00:00.0000585" startTime="2023-01-06T08:50:53.6552717+01:00" endTime="2023-01-06T08:50:53.6555083+01:00" testType="13cdc9d9-ddb5-4fa4-a97d-d965ccfc6d4b" outcome="Passed" testListId="8c84fa94-04c1-424b-9868-57a2d4851a1d" relativeResultsDirectory="42b23b9a-c461-4e2f-b322-18310be60572" />
    <UnitTestResult executionId="ae9d0894-a98f-4f22-aba3-0d5c8e8d92d5" testId="57985bf5-76f6-4d16-8c09-842e7166fd85" testName="ToFirstLetterLower_Passing_ValidValue_Returns_StringWithFirstLetterLower (Aeiou,aeiou)" computerName="PC-SFERRARI" duration="00:00:00.0000047" startTime="2023-01-06T08:50:53.6226298+01:00" endTime="2023-01-06T08:50:53.6227252+01:00" testType="13cdc9d9-ddb5-4fa4-a97d-d965ccfc6d4b" outcome="Passed" testListId="8c84fa94-04c1-424b-9868-57a2d4851a1d" relativeResultsDirectory="ae9d0894-a98f-4f22-aba3-0d5c8e8d92d5" />
    <UnitTestResult executionId="5ec309d0-e39b-4165-a9be-e8735eed7866" testId="016d65ba-6e7d-4549-83f4-084bb7278516" testName="ToFirstLetterLower_Passing_ValidValue_Returns_StringWithFirstLetterLower (aeioU,aeioU)" computerName="PC-SFERRARI" duration="00:00:00.0000087" startTime="2023-01-06T08:50:53.6222788+01:00" endTime="2023-01-06T08:50:53.6224296+01:00" testType="13cdc9d9-ddb5-4fa4-a97d-d965ccfc6d4b" outcome="Passed" testListId="8c84fa94-04c1-424b-9868-57a2d4851a1d" relativeResultsDirectory="5ec309d0-e39b-4165-a9be-e8735eed7866" />
    <UnitTestResult executionId="2780fb77-7db9-4668-9361-63a558fb0140" testId="5579ea89-27d7-4da1-be2d-0e4520a2a1e9" testName="ResultDataBadRequest_WithErrors_KeyValue" computerName="PC-SFERRARI" duration="00:00:00.0008199" startTime="2023-01-06T08:50:53.4180336+01:00" endTime="2023-01-06T08:50:53.4189310+01:00" testType="13cdc9d9-ddb5-4fa4-a97d-d965ccfc6d4b" outcome="Passed" testListId="8c84fa94-04c1-424b-9868-57a2d4851a1d" relativeResultsDirectory="2780fb77-7db9-4668-9361-63a558fb0140" />
    <UnitTestResult executionId="d48d93cd-cf0a-4a88-b4c0-5a031848a98b" testId="e4b39331-fb1d-4542-bd3d-ff3a939d1eff" testName="ThrowIfNotFileExtension_Passing_InvalidValue_Returns_ApplicationExceptionWithMessage" computerName="PC-SFERRARI" duration="00:00:00.0015360" startTime="2023-01-06T08:50:53.8235573+01:00" endTime="2023-01-06T08:50:53.8252388+01:00" testType="13cdc9d9-ddb5-4fa4-a97d-d965ccfc6d4b" outcome="Passed" testListId="8c84fa94-04c1-424b-9868-57a2d4851a1d" relativeResultsDirectory="d48d93cd-cf0a-4a88-b4c0-5a031848a98b" />
    <UnitTestResult executionId="af92bfca-b001-47df-92f4-9daef5fafc31" testId="d0efd1a4-0256-4643-a87f-ec87c4280e9a" testName="ToServiceMatchingClass_Passing_Valid_Assembly_And_Valid_Class_Type_Returns_Service" computerName="PC-SFERRARI" duration="00:00:00.0012128" startTime="2023-01-06T08:50:53.0752633+01:00" endTime="2023-01-06T08:50:53.0766098+01:00" testType="13cdc9d9-ddb5-4fa4-a97d-d965ccfc6d4b" outcome="Passed" testListId="8c84fa94-04c1-424b-9868-57a2d4851a1d" relativeResultsDirectory="af92bfca-b001-47df-92f4-9daef5fafc31" />
    <UnitTestResult executionId="ee28e583-3362-432d-9e4d-910662994bed" testId="345c0b70-7112-440d-bb43-b7ac76c560a2" testName="ToRemove_Passing_ValidValue_Returns_ValueWithoutRemovedChars (aeiou,ei,aou)" computerName="PC-SFERRARI" duration="00:00:00.0000244" startTime="2023-01-06T08:50:53.6771583+01:00" endTime="2023-01-06T08:50:53.6773297+01:00" testType="13cdc9d9-ddb5-4fa4-a97d-d965ccfc6d4b" outcome="Passed" testListId="8c84fa94-04c1-424b-9868-57a2d4851a1d" relativeResultsDirectory="ee28e583-3362-432d-9e4d-910662994bed" />
    <UnitTestResult executionId="619af410-1851-4cc7-b83d-33799bf0c5bb" testId="27477ccf-8cd5-4455-9519-5250034a258d" testName="ToEmailMaskUserNameAndDomainAndExtension_Passing_ValidEmail_Returns_EmailWithMask (qazwsxedc@gmailgmail.com,q*******c@g********l.c*m)" computerName="PC-SFERRARI" duration="00:00:00.0000272" startTime="2023-01-06T08:50:53.5850046+01:00" endTime="2023-01-06T08:50:53.5851359+01:00" testType="13cdc9d9-ddb5-4fa4-a97d-d965ccfc6d4b" outcome="Passed" testListId="8c84fa94-04c1-424b-9868-57a2d4851a1d" relativeResultsDirectory="619af410-1851-4cc7-b83d-33799bf0c5bb" />
    <UnitTestResult executionId="a5060b7b-17b8-45f6-84d4-c5e4b21a110f" testId="9d1d1a8d-a213-4c81-bb91-0877573e9042" testName="ToEnum_Passing_ValidValue_String_Returns_EnumValue" computerName="PC-SFERRARI" duration="00:00:00.0001335" startTime="2023-01-06T08:50:53.6199285+01:00" endTime="2023-01-06T08:50:53.6201701+01:00" testType="13cdc9d9-ddb5-4fa4-a97d-d965ccfc6d4b" outcome="Passed" testListId="8c84fa94-04c1-424b-9868-57a2d4851a1d" relativeResultsDirectory="a5060b7b-17b8-45f6-84d4-c5e4b21a110f" />
    <UnitTestResult executionId="3febada7-0ca4-4316-88f9-6667864eba53" testId="815ed3b7-ca13-4795-9f74-2c593d24aa69" testName="ToService_Passing_Service_Not_Found_Returns_ApplicationException" computerName="PC-SFERRARI" duration="00:00:00.0003893" startTime="2023-01-06T08:50:52.8680300+01:00" endTime="2023-01-06T08:50:52.8685611+01:00" testType="13cdc9d9-ddb5-4fa4-a97d-d965ccfc6d4b" outcome="Passed" testListId="8c84fa94-04c1-424b-9868-57a2d4851a1d" relativeResultsDirectory="3febada7-0ca4-4316-88f9-6667864eba53" />
    <UnitTestResult executionId="0d153bd1-9115-4d27-be14-9b9753bd379a" testId="142d62b0-0207-496c-912e-a120b3e2847a" testName="ToFormat_Passing_ValidValueFormatWithArguments_Returns_ValueWithFormat" computerName="PC-SFERRARI" duration="00:00:00.0005782" startTime="2023-01-06T08:50:53.6256318+01:00" endTime="2023-01-06T08:50:53.6263743+01:00" testType="13cdc9d9-ddb5-4fa4-a97d-d965ccfc6d4b" outcome="Passed" testListId="8c84fa94-04c1-424b-9868-57a2d4851a1d" relativeResultsDirectory="0d153bd1-9115-4d27-be14-9b9753bd379a" />
    <UnitTestResult executionId="e8ccc11e-6614-4192-aa3c-39a40bae2dfa" testId="d1b95db5-3f2b-4b9c-b343-1d16115aa988" testName="ToMapList_Passing_Source_Type_And_Destination_Type_Returns_Destination_Object_List" computerName="PC-SFERRARI" duration="00:00:00.0413317" startTime="2023-01-06T08:50:52.6382735+01:00" endTime="2023-01-06T08:50:52.6797503+01:00" testType="13cdc9d9-ddb5-4fa4-a97d-d965ccfc6d4b" outcome="Passed" testListId="8c84fa94-04c1-424b-9868-57a2d4851a1d" relativeResultsDirectory="e8ccc11e-6614-4192-aa3c-39a40bae2dfa" />
    <UnitTestResult executionId="ee83ea89-1317-42b2-b06b-f236dcf6d194" testId="679367a9-cbea-4552-b3a7-2f20462972ae" testName="ToAuthenticationType_Passing_Claims_Returns_Null" computerName="PC-SFERRARI" duration="00:00:00.0006611" startTime="2023-01-06T08:50:52.9681435+01:00" endTime="2023-01-06T08:50:52.9689180+01:00" testType="13cdc9d9-ddb5-4fa4-a97d-d965ccfc6d4b" outcome="Passed" testListId="8c84fa94-04c1-424b-9868-57a2d4851a1d" relativeResultsDirectory="ee83ea89-1317-42b2-b06b-f236dcf6d194" />
    <UnitTestResult executionId="e7942c8e-5bae-40b3-94b6-f00df4037241" testId="e0913b26-8039-4574-9ff0-f8a1af7210d9" testName="ToUri_Passing_InvalidValueString_Returns_Null (http://??)" computerName="PC-SFERRARI" duration="00:00:00.0000113" startTime="2023-01-06T08:50:53.6991158+01:00" endTime="2023-01-06T08:50:53.6992644+01:00" testType="13cdc9d9-ddb5-4fa4-a97d-d965ccfc6d4b" outcome="Passed" testListId="8c84fa94-04c1-424b-9868-57a2d4851a1d" relativeResultsDirectory="e7942c8e-5bae-40b3-94b6-f00df4037241" />
    <UnitTestResult executionId="d99e0675-6273-4c2e-a0c7-ab756a596665" testId="7bcab105-fa39-4ed7-bf99-8e14df0d4f3b" testName="ThrowIfNullOrEmpty_Passing_InvalidValue_Returns_ApplicationExceptionWithMessage" computerName="PC-SFERRARI" duration="00:00:00.0017782" startTime="2023-01-06T08:50:53.8299519+01:00" endTime="2023-01-06T08:50:53.8319215+01:00" testType="13cdc9d9-ddb5-4fa4-a97d-d965ccfc6d4b" outcome="Passed" testListId="8c84fa94-04c1-424b-9868-57a2d4851a1d" relativeResultsDirectory="d99e0675-6273-4c2e-a0c7-ab756a596665" />
    <UnitTestResult executionId="c5bfcf63-fa3d-42e1-9901-74f54dc1bae9" testId="5610ca9f-2fbd-4b73-8c81-4e84dd7dcb6c" testName="ToRemove_Passing_ValidValue_Returns_ValueWithoutRemovedChars (aeiou,aeio,u)" computerName="PC-SFERRARI" duration="00:00:00.0000218" startTime="2023-01-06T08:50:53.6749132+01:00" endTime="2023-01-06T08:50:53.6750731+01:00" testType="13cdc9d9-ddb5-4fa4-a97d-d965ccfc6d4b" outcome="Passed" testListId="8c84fa94-04c1-424b-9868-57a2d4851a1d" relativeResultsDirectory="c5bfcf63-fa3d-42e1-9901-74f54dc1bae9" />
    <UnitTestResult executionId="f762e7e2-2015-4e40-b987-487387880d68" testId="0dbfba36-4395-4146-9aca-adfe07c78295" testName="ToTryContentType_Passing_HttpRequestWithContentType_Value_Returns_ContentType_String_Value" computerName="PC-SFERRARI" duration="00:00:00.0004486" startTime="2023-01-06T08:50:53.2567601+01:00" endTime="2023-01-06T08:50:53.2573059+01:00" testType="13cdc9d9-ddb5-4fa4-a97d-d965ccfc6d4b" outcome="Passed" testListId="8c84fa94-04c1-424b-9868-57a2d4851a1d" relativeResultsDirectory="f762e7e2-2015-4e40-b987-487387880d68" />
    <UnitTestResult executionId="3880f71c-a120-419e-b540-a479e3403f85" testId="b89c6b4c-6f01-4553-9ef3-a4122fa07db0" testName="ToDeserialize_Passing_String_Returns_Object" computerName="PC-SFERRARI" duration="00:00:00.0015790" startTime="2023-01-06T08:50:53.3853561+01:00" endTime="2023-01-06T08:50:53.3871637+01:00" testType="13cdc9d9-ddb5-4fa4-a97d-d965ccfc6d4b" outcome="Passed" testListId="8c84fa94-04c1-424b-9868-57a2d4851a1d" relativeResultsDirectory="3880f71c-a120-419e-b540-a479e3403f85" />
    <UnitTestResult executionId="05cd6160-ce07-4972-ab7e-5ceb75834c88" testId="64e1a80a-7550-4f63-93ce-3cc2e7f8b2cb" testName="ToFullMessageDetail_Passing_ExceptionWithMessageWithInnerException_Returns_Full_Message_Detail" computerName="PC-SFERRARI" duration="00:00:00.0124971" startTime="2023-01-06T08:50:53.1387029+01:00" endTime="2023-01-06T08:50:53.1515566+01:00" testType="13cdc9d9-ddb5-4fa4-a97d-d965ccfc6d4b" outcome="Passed" testListId="8c84fa94-04c1-424b-9868-57a2d4851a1d" relativeResultsDirectory="05cd6160-ce07-4972-ab7e-5ceb75834c88" />
    <UnitTestResult executionId="c783cfcd-7b6f-4976-bfea-a6c05f634fce" testId="94b7d0a3-20a6-466a-8ba7-6990cf7fd764" testName="ToUri_Passing_ValidValueString_Returns_Uri (//foo.com/blah_blah)" computerName="PC-SFERRARI" duration="00:00:00.0000131" startTime="2023-01-06T08:50:53.7056374+01:00" endTime="2023-01-06T08:50:53.7058630+01:00" testType="13cdc9d9-ddb5-4fa4-a97d-d965ccfc6d4b" outcome="Passed" testListId="8c84fa94-04c1-424b-9868-57a2d4851a1d" relativeResultsDirectory="c783cfcd-7b6f-4976-bfea-a6c05f634fce" />
    <UnitTestResult executionId="ac498965-6ae3-4836-a3e6-f9b4860b925e" testId="74f7e961-1c95-42a7-8c4d-1dcead59b871" testName="CreateRandom_WithDefaultAllowableCharacters_Passing_ValidArguments_Returns_String_Random_Value (5)" computerName="PC-SFERRARI" duration="00:00:00.0002410" startTime="2023-01-06T08:50:53.1954909+01:00" endTime="2023-01-06T08:50:53.1958457+01:00" testType="13cdc9d9-ddb5-4fa4-a97d-d965ccfc6d4b" outcome="Passed" testListId="8c84fa94-04c1-424b-9868-57a2d4851a1d" relativeResultsDirectory="ac498965-6ae3-4836-a3e6-f9b4860b925e" />
    <UnitTestResult executionId="0c7541d5-7e31-4fa2-894c-b620a08a992c" testId="128eea5c-70b8-414f-b4d3-7ba3fb47a545" testName="ToEnum_Passing_InvalidValueInt_Returns_EnumDefaultValue" computerName="PC-SFERRARI" duration="00:00:00.0002836" startTime="2023-01-06T08:50:53.6000462+01:00" endTime="2023-01-06T08:50:53.6004955+01:00" testType="13cdc9d9-ddb5-4fa4-a97d-d965ccfc6d4b" outcome="Passed" testListId="8c84fa94-04c1-424b-9868-57a2d4851a1d" relativeResultsDirectory="0c7541d5-7e31-4fa2-894c-b620a08a992c" />
    <UnitTestResult executionId="304139be-38c3-43ff-8000-801a9cbaa66f" testId="c1d8b290-e2f4-4fd7-84f5-7abb5f338d3c" testName="ResultDataUnauthorized" computerName="PC-SFERRARI" duration="00:00:00.0003314" startTime="2023-01-06T08:50:53.4200431+01:00" endTime="2023-01-06T08:50:53.4204455+01:00" testType="13cdc9d9-ddb5-4fa4-a97d-d965ccfc6d4b" outcome="Passed" testListId="8c84fa94-04c1-424b-9868-57a2d4851a1d" relativeResultsDirectory="304139be-38c3-43ff-8000-801a9cbaa66f" />
    <UnitTestResult executionId="2854d838-01a5-4618-9818-02b1c6d7f685" testId="3b540c6d-278e-4c67-ba2d-4d407d3a92c6" testName="ToReplace_Passing_ValidValue_Returns_ReplacedValue (aeiou,*,2,1,ae*ou)" computerName="PC-SFERRARI" duration="00:00:00.0000076" startTime="2023-01-06T08:50:53.6858545+01:00" endTime="2023-01-06T08:50:53.6860311+01:00" testType="13cdc9d9-ddb5-4fa4-a97d-d965ccfc6d4b" outcome="Passed" testListId="8c84fa94-04c1-424b-9868-57a2d4851a1d" relativeResultsDirectory="2854d838-01a5-4618-9818-02b1c6d7f685" />
    <UnitTestResult executionId="978e8102-acf6-43ec-baad-232b6ac249c9" testId="f8d82bec-11b2-4627-b76b-e56f989149d7" testName="ToFirstLetterLower_Passing_ValidValue_Returns_StringWithFirstLetterLower (aEIOU,aEIOU)" computerName="PC-SFERRARI" duration="00:00:00.0002568" startTime="2023-01-06T08:50:53.6217832+01:00" endTime="2023-01-06T08:50:53.6222143+01:00" testType="13cdc9d9-ddb5-4fa4-a97d-d965ccfc6d4b" outcome="Passed" testListId="8c84fa94-04c1-424b-9868-57a2d4851a1d" relativeResultsDirectory="978e8102-acf6-43ec-baad-232b6ac249c9" />
    <UnitTestResult executionId="dd4e9515-6597-4935-8c97-4c375783fc98" testId="b85e0b9a-09ef-4674-9db8-bd40f339b3be" testName="ToDictionaryPropertyInfo_Passing_Object_IncludeNullOrEmptyProperty_Returns_Properties_NameAndValue_Dictionary" computerName="PC-SFERRARI" duration="00:00:00.0035603" startTime="2023-01-06T08:50:53.1727644+01:00" endTime="2023-01-06T08:50:53.1765556+01:00" testType="13cdc9d9-ddb5-4fa4-a97d-d965ccfc6d4b" outcome="Passed" testListId="8c84fa94-04c1-424b-9868-57a2d4851a1d" relativeResultsDirectory="dd4e9515-6597-4935-8c97-4c375783fc98" />
    <UnitTestResult executionId="a525d588-2b87-473e-815d-3837341a0874" testId="78d565e5-bf00-49f0-a2e9-d051b7a54125" testName="ThrowIfInsideRangeOrEqual_Passing_InvalidValue_Returns_ApplicationException (3)" computerName="PC-SFERRARI" duration="00:00:00.0001046" startTime="2023-01-06T08:50:53.8123221+01:00" endTime="2023-01-06T08:50:53.8126446+01:00" testType="13cdc9d9-ddb5-4fa4-a97d-d965ccfc6d4b" outcome="Passed" testListId="8c84fa94-04c1-424b-9868-57a2d4851a1d" relativeResultsDirectory="a525d588-2b87-473e-815d-3837341a0874" />
    <UnitTestResult executionId="c7d53c90-df34-4305-ac87-41920e44d917" testId="5b2d0ae9-c173-4815-83af-76dd6d3cacfc" testName="ToStringFormat_Passing_ValidValue_Returns_ValueWithoutRemovedChars (0)" computerName="PC-SFERRARI" duration="00:00:00.0003190" startTime="2023-01-06T08:50:53.3821243+01:00" endTime="2023-01-06T08:50:53.3827303+01:00" testType="13cdc9d9-ddb5-4fa4-a97d-d965ccfc6d4b" outcome="Passed" testListId="8c84fa94-04c1-424b-9868-57a2d4851a1d" relativeResultsDirectory="c7d53c90-df34-4305-ac87-41920e44d917" />
    <UnitTestResult executionId="87893cc2-5a63-410d-b5cd-35acfc17792f" testId="5a3da0d4-820d-4346-b496-7b4c370b6ae0" testName="ToIsLastDayOfTheMonth_Passing_NotLastDayOfMonth_Returns_False" computerName="PC-SFERRARI" duration="00:00:00.0000953" startTime="2023-01-06T08:50:53.0980300+01:00" endTime="2023-01-06T08:50:53.0981969+01:00" testType="13cdc9d9-ddb5-4fa4-a97d-d965ccfc6d4b" outcome="Passed" testListId="8c84fa94-04c1-424b-9868-57a2d4851a1d" relativeResultsDirectory="87893cc2-5a63-410d-b5cd-35acfc17792f" />
    <UnitTestResult executionId="3b5e6f2c-eb4e-4ac0-94e7-419e80d726b3" testId="15a3b361-b92a-4e40-a09b-9ff61dcdba6c" testName="ToInt_Passing_InvalidValueString_Returns_DefaultValue (1.333,39)" computerName="PC-SFERRARI" duration="00:00:00.0000069" startTime="2023-01-06T08:50:53.6323947+01:00" endTime="2023-01-06T08:50:53.6325263+01:00" testType="13cdc9d9-ddb5-4fa4-a97d-d965ccfc6d4b" outcome="Passed" testListId="8c84fa94-04c1-424b-9868-57a2d4851a1d" relativeResultsDirectory="3b5e6f2c-eb4e-4ac0-94e7-419e80d726b3" />
    <UnitTestResult executionId="507eb932-4924-4d98-ad86-af87197b99e6" testId="bc487fa3-ffac-4c72-b2d5-22474b89f718" testName="ToUri_Passing_InvalidValueString_Returns_DefaultValue (http://##/)" computerName="PC-SFERRARI" duration="00:00:00.0000103" startTime="2023-01-06T08:50:53.6942556+01:00" endTime="2023-01-06T08:50:53.6943851+01:00" testType="13cdc9d9-ddb5-4fa4-a97d-d965ccfc6d4b" outcome="Passed" testListId="8c84fa94-04c1-424b-9868-57a2d4851a1d" relativeResultsDirectory="507eb932-4924-4d98-ad86-af87197b99e6" />
    <UnitTestResult executionId="dc835b07-a5ed-4679-9505-aac064bd0ae8" testId="4d197e95-e515-4dec-8fd9-7dc100aee792" testName="ToUri_Passing_ValidValueString_Returns_Uri (http://userid:password@example.com)" computerName="PC-SFERRARI" duration="00:00:00.0000073" startTime="2023-01-06T08:50:53.7131676+01:00" endTime="2023-01-06T08:50:53.7151101+01:00" testType="13cdc9d9-ddb5-4fa4-a97d-d965ccfc6d4b" outcome="Passed" testListId="8c84fa94-04c1-424b-9868-57a2d4851a1d" relativeResultsDirectory="dc835b07-a5ed-4679-9505-aac064bd0ae8" />
    <UnitTestResult executionId="8745f644-50d9-48c3-8328-bc9960b39988" testId="979eb2b1-f382-4fcc-b8f4-593f43f74743" testName="CreateRandom_WithCustomAllowableCharacters_Passing_Valid_Arguments_Returns_String_Random_Value (20,qazwscefbthmiklp09876543)" computerName="PC-SFERRARI" duration="00:00:00.0000078" startTime="2023-01-06T08:50:53.1953465+01:00" endTime="2023-01-06T08:50:53.1954499+01:00" testType="13cdc9d9-ddb5-4fa4-a97d-d965ccfc6d4b" outcome="Passed" testListId="8c84fa94-04c1-424b-9868-57a2d4851a1d" relativeResultsDirectory="8745f644-50d9-48c3-8328-bc9960b39988" />
    <UnitTestResult executionId="4355c327-42d7-408b-9eae-9afa012b032c" testId="d98df8c6-1bbb-435f-a4d5-965835f1a6b6" testName="ToStringFormat_Passing_ValidValue_Returns_ValueWithoutRemovedChars (2147483647)" computerName="PC-SFERRARI" duration="00:00:00.0000062" startTime="2023-01-06T08:50:53.3850286+01:00" endTime="2023-01-06T08:50:53.3851650+01:00" testType="13cdc9d9-ddb5-4fa4-a97d-d965ccfc6d4b" outcome="Passed" testListId="8c84fa94-04c1-424b-9868-57a2d4851a1d" relativeResultsDirectory="4355c327-42d7-408b-9eae-9afa012b032c" />
    <UnitTestResult executionId="a5f283e4-62f9-4ed3-8efc-5426f8923589" testId="f3d9116a-63c2-4c7d-bf99-9f17b38929d2" testName="ToRemove_Passing_ValidValue_Returns_ValueWithoutRemovedChars (hello hello , ,hellohello)" computerName="PC-SFERRARI" duration="00:00:00.0000195" startTime="2023-01-06T08:50:53.6739296+01:00" endTime="2023-01-06T08:50:53.6740793+01:00" testType="13cdc9d9-ddb5-4fa4-a97d-d965ccfc6d4b" outcome="Passed" testListId="8c84fa94-04c1-424b-9868-57a2d4851a1d" relativeResultsDirectory="a5f283e4-62f9-4ed3-8efc-5426f8923589" />
    <UnitTestResult executionId="0464ee6b-b3ef-4f87-8847-ed840b4be83a" testId="00d0a7b3-30f4-41f5-a55e-aa728f10c68b" testName="ToIsLastDayOfTheMonth_Passing_LastDayOfMonth_Returns_True" computerName="PC-SFERRARI" duration="00:00:00.0002348" startTime="2023-01-06T08:50:53.0976409+01:00" endTime="2023-01-06T08:50:53.0979880+01:00" testType="13cdc9d9-ddb5-4fa4-a97d-d965ccfc6d4b" outcome="Passed" testListId="8c84fa94-04c1-424b-9868-57a2d4851a1d" relativeResultsDirectory="0464ee6b-b3ef-4f87-8847-ed840b4be83a" />
    <UnitTestResult executionId="7d9ffc4c-4191-4ca3-bbf2-db0df493b27c" testId="1fdead15-eb78-4220-b453-1b56bd143381" testName="ToDefaultValue_Passing_short_Returns_Cero" computerName="PC-SFERRARI" duration="00:00:00.0004318" startTime="2023-01-06T08:50:53.1655966+01:00" endTime="2023-01-06T08:50:53.1661729+01:00" testType="13cdc9d9-ddb5-4fa4-a97d-d965ccfc6d4b" outcome="Passed" testListId="8c84fa94-04c1-424b-9868-57a2d4851a1d" relativeResultsDirectory="7d9ffc4c-4191-4ca3-bbf2-db0df493b27c" />
    <UnitTestResult executionId="c9da4526-bb6a-4156-8ce3-ceb05f4bf277" testId="736ccfd4-9f48-4fc8-8f6f-a0e3d48cfea7" testName="ToDictionaryPropertyInfo_Passing_Object_Not_IncludeNullOrEmptyProperty_Returns_Properties_NameAndValue_Dictionary" computerName="PC-SFERRARI" duration="00:00:00.0004828" startTime="2023-01-06T08:50:53.1766368+01:00" endTime="2023-01-06T08:50:53.1772368+01:00" testType="13cdc9d9-ddb5-4fa4-a97d-d965ccfc6d4b" outcome="Passed" testListId="8c84fa94-04c1-424b-9868-57a2d4851a1d" relativeResultsDirectory="c9da4526-bb6a-4156-8ce3-ceb05f4bf277" />
    <UnitTestResult executionId="709247d8-850f-4202-aedd-26916a183cb3" testId="ab2907ae-4d35-4be8-b358-0a3ebcdfb44e" testName="ToUri_Passing_ValidValueString_Returns_Uri (http://foo.bar/?q=Test%20URL-encoded%20stuff)" computerName="PC-SFERRARI" duration="00:00:00.0000526" startTime="2023-01-06T08:50:53.7263725+01:00" endTime="2023-01-06T08:50:53.7265723+01:00" testType="13cdc9d9-ddb5-4fa4-a97d-d965ccfc6d4b" outcome="Passed" testListId="8c84fa94-04c1-424b-9868-57a2d4851a1d" relativeResultsDirectory="709247d8-850f-4202-aedd-26916a183cb3" />
    <UnitTestResult executionId="eb7c19da-16a7-41ea-b55b-a5558f423232" testId="37080935-81d3-4edd-90aa-0808f2abb46a" testName="ToHashAlgorithmName_Passing_InvalidValueStringWithDefaultValue_Returns_DefaultValue (hhhhhh)" computerName="PC-SFERRARI" duration="00:00:00.0002128" startTime="2023-01-06T08:50:53.6304187+01:00" endTime="2023-01-06T08:50:53.6307704+01:00" testType="13cdc9d9-ddb5-4fa4-a97d-d965ccfc6d4b" outcome="Passed" testListId="8c84fa94-04c1-424b-9868-57a2d4851a1d" relativeResultsDirectory="eb7c19da-16a7-41ea-b55b-a5558f423232" />
    <UnitTestResult executionId="94692f38-3644-499e-b439-3fe6665e4ef1" testId="198f14b4-81a5-48d3-a997-d334290bcfa7" testName="ToFirstLetterLower_Passing_ValidValue_Returns_StringWithFirstLetterLower (AEIOU,aEIOU)" computerName="PC-SFERRARI" duration="00:00:00.0000046" startTime="2023-01-06T08:50:53.6224819+01:00" endTime="2023-01-06T08:50:53.6225864+01:00" testType="13cdc9d9-ddb5-4fa4-a97d-d965ccfc6d4b" outcome="Passed" testListId="8c84fa94-04c1-424b-9868-57a2d4851a1d" relativeResultsDirectory="94692f38-3644-499e-b439-3fe6665e4ef1" />
    <UnitTestResult executionId="773a113e-9e9d-4721-b111-aac715127727" testId="bb076a31-0991-4bc7-91c6-c91730f41d5e" testName="ToNormalize_Passing_ValidValue_Returns_NormalizedValue ( àáäâ ãøçħ ,aaaa aoch)" computerName="PC-SFERRARI" duration="00:00:00.0001872" startTime="2023-01-06T08:50:53.6481672+01:00" endTime="2023-01-06T08:50:53.6485652+01:00" testType="13cdc9d9-ddb5-4fa4-a97d-d965ccfc6d4b" outcome="Passed" testListId="8c84fa94-04c1-424b-9868-57a2d4851a1d" relativeResultsDirectory="773a113e-9e9d-4721-b111-aac715127727" />
    <UnitTestResult executionId="d3a1010d-447c-4598-b1fd-11c323910d30" testId="a1e8a31f-4bd2-483a-9833-e57e9f61126a" testName="ToEnum_Passing_ValidValueInt_Returns_EnumValue" computerName="PC-SFERRARI" duration="00:00:00.0002051" startTime="2023-01-06T08:50:53.6195053+01:00" endTime="2023-01-06T08:50:53.6198627+01:00" testType="13cdc9d9-ddb5-4fa4-a97d-d965ccfc6d4b" outcome="Passed" testListId="8c84fa94-04c1-424b-9868-57a2d4851a1d" relativeResultsDirectory="d3a1010d-447c-4598-b1fd-11c323910d30" />
    <UnitTestResult executionId="709cda16-77c1-4f4e-9f28-beb9d44a098d" testId="65a05ae0-6380-4ec9-a06b-e91c8e3c23f7" testName="ToUri_Passing_ValidValueString_Returns_Uri (//foo.com/blah_blah?p=5&amp;j=fe)" computerName="PC-SFERRARI" duration="00:00:00.0000071" startTime="2023-01-06T08:50:53.7082677+01:00" endTime="2023-01-06T08:50:53.7084278+01:00" testType="13cdc9d9-ddb5-4fa4-a97d-d965ccfc6d4b" outcome="Passed" testListId="8c84fa94-04c1-424b-9868-57a2d4851a1d" relativeResultsDirectory="709cda16-77c1-4f4e-9f28-beb9d44a098d" />
    <UnitTestResult executionId="a1b57d1f-2801-4ca7-9e20-e33e2671f92f" testId="fa1e6ad8-ad22-47d9-b94a-a36aebbd1ee3" testName="ToUri_Passing_ValidValueString_Returns_Uri (https://foo.com/blah_blah?p=5&amp;j=fe)" computerName="PC-SFERRARI" duration="00:00:00.0000127" startTime="2023-01-06T08:50:53.7052970+01:00" endTime="2023-01-06T08:50:53.7055748+01:00" testType="13cdc9d9-ddb5-4fa4-a97d-d965ccfc6d4b" outcome="Passed" testListId="8c84fa94-04c1-424b-9868-57a2d4851a1d" relativeResultsDirectory="a1b57d1f-2801-4ca7-9e20-e33e2671f92f" />
    <UnitTestResult executionId="85929c4f-cd73-4b4a-8010-a46874528068" testId="0f6bc7f0-7e8d-4614-92a4-7d863d229ff6" testName="ToService_Passing_Valid_Service_Returns_Service" computerName="PC-SFERRARI" duration="00:00:00.0005072" startTime="2023-01-06T08:50:52.8690611+01:00" endTime="2023-01-06T08:50:52.8696641+01:00" testType="13cdc9d9-ddb5-4fa4-a97d-d965ccfc6d4b" outcome="Passed" testListId="8c84fa94-04c1-424b-9868-57a2d4851a1d" relativeResultsDirectory="85929c4f-cd73-4b4a-8010-a46874528068" />
    <UnitTestResult executionId="386e44ca-81db-4ad2-84bb-26edeac5a3ab" testId="8ea8220c-7fa7-44e3-82b5-37476b98f330" testName="ThrowIfOutRange_Passing_InvalidValue_Returns_ApplicationException (6)" computerName="PC-SFERRARI" duration="00:00:00.0000650" startTime="2023-01-06T08:50:53.8349457+01:00" endTime="2023-01-06T08:50:53.8352383+01:00" testType="13cdc9d9-ddb5-4fa4-a97d-d965ccfc6d4b" outcome="Passed" testListId="8c84fa94-04c1-424b-9868-57a2d4851a1d" relativeResultsDirectory="386e44ca-81db-4ad2-84bb-26edeac5a3ab" />
    <UnitTestResult executionId="51163fd7-9f9d-402f-a09a-3b5f9873cdf3" testId="37dde3e6-de18-4914-9db2-b95f05053122" testName="ToUri_Passing_InvalidValueString_Returns_DefaultValue (http://)" computerName="PC-SFERRARI" duration="00:00:00.0003029" startTime="2023-01-06T08:50:53.6905400+01:00" endTime="2023-01-06T08:50:53.6911232+01:00" testType="13cdc9d9-ddb5-4fa4-a97d-d965ccfc6d4b" outcome="Passed" testListId="8c84fa94-04c1-424b-9868-57a2d4851a1d" relativeResultsDirectory="51163fd7-9f9d-402f-a09a-3b5f9873cdf3" />
    <UnitTestResult executionId="610542b7-f63f-4133-b461-307d777e3134" testId="21074891-ee1b-49ad-a5d5-24841e171c6e" testName="ToEmailMaskUserNameAndDomain_Passing_ValidEmail_Returns_EmailWithMask (qazwsx@gmailgmail.com,q****x@g********l.com)" computerName="PC-SFERRARI" duration="00:00:00.0000262" startTime="2023-01-06T08:50:53.5871836+01:00" endTime="2023-01-06T08:50:53.5873376+01:00" testType="13cdc9d9-ddb5-4fa4-a97d-d965ccfc6d4b" outcome="Passed" testListId="8c84fa94-04c1-424b-9868-57a2d4851a1d" relativeResultsDirectory="610542b7-f63f-4133-b461-307d777e3134" />
    <UnitTestResult executionId="4c16e166-145a-46df-bf11-d89940801016" testId="d1645085-587b-4e17-91cb-95df2fd76754" testName="ToUri_Passing_ValidValueString_Returns_Uri (http://userid:password@example.com:8080/)" computerName="PC-SFERRARI" duration="00:00:00.0000115" startTime="2023-01-06T08:50:53.7120974+01:00" endTime="2023-01-06T08:50:53.7122899+01:00" testType="13cdc9d9-ddb5-4fa4-a97d-d965ccfc6d4b" outcome="Passed" testListId="8c84fa94-04c1-424b-9868-57a2d4851a1d" relativeResultsDirectory="4c16e166-145a-46df-bf11-d89940801016" />
    <UnitTestResult executionId="b43adbbe-cc55-46eb-9f3c-b8cc1a52e86e" testId="4fc38ccc-e271-42c5-bd37-18c199a9530e" testName="ToReplace_Passing_ValidValue_Returns_ReplacedValue (aeiou,*,0,4,****u)" computerName="PC-SFERRARI" duration="00:00:00.0000130" startTime="2023-01-06T08:50:53.6847932+01:00" endTime="2023-01-06T08:50:53.6853078+01:00" testType="13cdc9d9-ddb5-4fa4-a97d-d965ccfc6d4b" outcome="Passed" testListId="8c84fa94-04c1-424b-9868-57a2d4851a1d" relativeResultsDirectory="b43adbbe-cc55-46eb-9f3c-b8cc1a52e86e" />
    <UnitTestResult executionId="2027b09c-f9fa-4645-9a55-7ece5aae50c2" testId="401d53c7-9fb3-4d7a-abfb-12d37529fd62" testName="ToUri_Passing_InvalidValueString_Returns_Null (http://../)" computerName="PC-SFERRARI" duration="00:00:00.0000253" startTime="2023-01-06T08:50:53.6988640+01:00" endTime="2023-01-06T08:50:53.6990554+01:00" testType="13cdc9d9-ddb5-4fa4-a97d-d965ccfc6d4b" outcome="Passed" testListId="8c84fa94-04c1-424b-9868-57a2d4851a1d" relativeResultsDirectory="2027b09c-f9fa-4645-9a55-7ece5aae50c2" />
    <UnitTestResult executionId="a40df749-76b3-4704-84fc-e9990b49023e" testId="773e4e8a-0c81-4447-a3c6-398a1f74f5fe" testName="ToEnvironment_ServiceCollection_Passing_Development_Enviroment_Returns_Development_Name" computerName="PC-SFERRARI" duration="00:00:00.0003612" startTime="2023-01-06T08:50:53.0539539+01:00" endTime="2023-01-06T08:50:53.0544007+01:00" testType="13cdc9d9-ddb5-4fa4-a97d-d965ccfc6d4b" outcome="Passed" testListId="8c84fa94-04c1-424b-9868-57a2d4851a1d" relativeResultsDirectory="a40df749-76b3-4704-84fc-e9990b49023e" />
    <UnitTestResult executionId="89172d56-86f9-440e-a7fc-d00d32e365f8" testId="3493e2d1-89f6-411d-8f35-d4a72a91d23a" testName="ToEnvironment_ServiceCollection_Passing_Custom_Enviroment_Returns_Custom_Name" computerName="PC-SFERRARI" duration="00:00:00.0007392" startTime="2023-01-06T08:50:53.0530123+01:00" endTime="2023-01-06T08:50:53.0538947+01:00" testType="13cdc9d9-ddb5-4fa4-a97d-d965ccfc6d4b" outcome="Passed" testListId="8c84fa94-04c1-424b-9868-57a2d4851a1d" relativeResultsDirectory="89172d56-86f9-440e-a7fc-d00d32e365f8" />
    <UnitTestResult executionId="307bd811-f83b-48c7-ae19-7406be7c697c" testId="c47bd9c9-6b89-405e-9a53-a1aacc9c3b5f" testName="ToUserName_Passing_Invalid_ClaimsPrincipal_Returns_Null" computerName="PC-SFERRARI" duration="00:00:00.0004053" startTime="2023-01-06T08:50:53.0197930+01:00" endTime="2023-01-06T08:50:53.0203054+01:00" testType="13cdc9d9-ddb5-4fa4-a97d-d965ccfc6d4b" outcome="Passed" testListId="8c84fa94-04c1-424b-9868-57a2d4851a1d" relativeResultsDirectory="307bd811-f83b-48c7-ae19-7406be7c697c" />
    <UnitTestResult executionId="30557175-a436-4b5e-9d23-2eda1c3cb8b6" testId="9ba4ce16-ae00-4a61-82db-53aeea9b42f6" testName="ToEmailMaskUserNameAndDomain_Passing_ValidEmail_Returns_EmailWithMask (qaz@gmail.com,q*z@g***l.com)" computerName="PC-SFERRARI" duration="00:00:00.0007409" startTime="2023-01-06T08:50:53.5851772+01:00" endTime="2023-01-06T08:50:53.5860403+01:00" testType="13cdc9d9-ddb5-4fa4-a97d-d965ccfc6d4b" outcome="Passed" testListId="8c84fa94-04c1-424b-9868-57a2d4851a1d" relativeResultsDirectory="30557175-a436-4b5e-9d23-2eda1c3cb8b6" />
    <UnitTestResult executionId="d22fa5c5-e9a6-48da-b445-570ce7a848ad" testId="70f9b8f4-a5ba-4a88-8af1-a36bbbc0734a" testName="ToDirectoryFindFilePath_Passing_ValidValueIntoSubDirectory_Returns_FilePath" computerName="PC-SFERRARI" duration="00:00:00.0244112" startTime="2023-01-06T08:50:53.5225560+01:00" endTime="2023-01-06T08:50:53.5472051+01:00" testType="13cdc9d9-ddb5-4fa4-a97d-d965ccfc6d4b" outcome="Passed" testListId="8c84fa94-04c1-424b-9868-57a2d4851a1d" relativeResultsDirectory="d22fa5c5-e9a6-48da-b445-570ce7a848ad" />
    <UnitTestResult executionId="8a23ed71-e1c7-46ef-94e3-88e8286b6b51" testId="c86892c2-ef50-4a4d-beca-02784a777c0e" testName="CreateRandom_WithDefaultAllowableCharacters_Passing_ValidArguments_Returns_String_Random_Value (10)" computerName="PC-SFERRARI" duration="00:00:00.0002122" startTime="2023-01-06T08:50:53.1959119+01:00" endTime="2023-01-06T08:50:53.1962802+01:00" testType="13cdc9d9-ddb5-4fa4-a97d-d965ccfc6d4b" outcome="Passed" testListId="8c84fa94-04c1-424b-9868-57a2d4851a1d" relativeResultsDirectory="8a23ed71-e1c7-46ef-94e3-88e8286b6b51" />
    <UnitTestResult executionId="5113ee6a-acaf-4edf-9f08-04607eeda6bc" testId="606d9f4f-cdcb-47dd-8c9f-6dbc80c84544" testName="ThrowIfInsideRangeOrEqual_Passing_InvalidValue_Returns_ApplicationException (4)" computerName="PC-SFERRARI" duration="00:00:00.0000581" startTime="2023-01-06T08:50:53.8127239+01:00" endTime="2023-01-06T08:50:53.8128801+01:00" testType="13cdc9d9-ddb5-4fa4-a97d-d965ccfc6d4b" outcome="Passed" testListId="8c84fa94-04c1-424b-9868-57a2d4851a1d" relativeResultsDirectory="5113ee6a-acaf-4edf-9f08-04607eeda6bc" />
    <UnitTestResult executionId="d6ca9c30-d4c9-49c0-9961-94e124eb469a" testId="2170b94d-0917-49ed-b32d-eddd042eb15c" testName="ThrowIfFileNotExists_Passing_InvalidValue_Returns_ApplicationExceptionWithMessage" computerName="PC-SFERRARI" duration="00:00:00.0006956" startTime="2023-01-06T08:50:53.8064272+01:00" endTime="2023-01-06T08:50:53.8072457+01:00" testType="13cdc9d9-ddb5-4fa4-a97d-d965ccfc6d4b" outcome="Passed" testListId="8c84fa94-04c1-424b-9868-57a2d4851a1d" relativeResultsDirectory="d6ca9c30-d4c9-49c0-9961-94e124eb469a" />
    <UnitTestResult executionId="df39b227-448f-47ed-a1e9-70d9f19d56c5" testId="ef5f4780-8758-475a-969e-2d55da3b6d3b" testName="ToUri_Passing_InvalidValueString_Returns_Null (http://..)" computerName="PC-SFERRARI" duration="00:00:00.0000278" startTime="2023-01-06T08:50:53.6979232+01:00" endTime="2023-01-06T08:50:53.6987465+01:00" testType="13cdc9d9-ddb5-4fa4-a97d-d965ccfc6d4b" outcome="Passed" testListId="8c84fa94-04c1-424b-9868-57a2d4851a1d" relativeResultsDirectory="df39b227-448f-47ed-a1e9-70d9f19d56c5" />
    <UnitTestResult executionId="28a655f1-f7fe-46c1-ad84-05978c26801c" testId="5a44cc03-9576-4494-afa9-9272aaeb3eba" testName="ToNormalize_Passing_ValidValue_Returns_NormalizedValue (èéëê,eeee)" computerName="PC-SFERRARI" duration="00:00:00.0000276" startTime="2023-01-06T08:50:53.6515313+01:00" endTime="2023-01-06T08:50:53.6516454+01:00" testType="13cdc9d9-ddb5-4fa4-a97d-d965ccfc6d4b" outcome="Passed" testListId="8c84fa94-04c1-424b-9868-57a2d4851a1d" relativeResultsDirectory="28a655f1-f7fe-46c1-ad84-05978c26801c" />
    <UnitTestResult executionId="06aac0d1-3555-4571-b0a7-5cbcaf7c62df" testId="3b3dc756-0b96-4934-8a4d-779f45f13554" testName="ToFormat_Passing_ValidTimeSpanValue_Returns_ValueWithFormatString" computerName="PC-SFERRARI" duration="00:00:00.0007111" startTime="2023-01-06T08:50:53.7993019+01:00" endTime="2023-01-06T08:50:53.8002670+01:00" testType="13cdc9d9-ddb5-4fa4-a97d-d965ccfc6d4b" outcome="Passed" testListId="8c84fa94-04c1-424b-9868-57a2d4851a1d" relativeResultsDirectory="06aac0d1-3555-4571-b0a7-5cbcaf7c62df" />
    <UnitTestResult executionId="441a8146-0d30-4da3-988a-d12da663a400" testId="6535ce7a-79c5-4128-823a-855a8c1639f9" testName="ToUri_Passing_ValidValueString_Returns_Uri (http://⌘.ws/)" computerName="PC-SFERRARI" duration="00:00:00.0000144" startTime="2023-01-06T08:50:53.7196485+01:00" endTime="2023-01-06T08:50:53.7198122+01:00" testType="13cdc9d9-ddb5-4fa4-a97d-d965ccfc6d4b" outcome="Passed" testListId="8c84fa94-04c1-424b-9868-57a2d4851a1d" relativeResultsDirectory="441a8146-0d30-4da3-988a-d12da663a400" />
    <UnitTestResult executionId="87702888-4566-41c8-8bb7-2508db92922d" testId="0e1305e1-f6aa-4e8a-8761-47d4c0a92ee0" testName="ToInt_Passing_Enumeration_Name_Returns_Description_Atributte" computerName="PC-SFERRARI" duration="00:00:00.0003395" startTime="2023-01-06T08:50:53.1281833+01:00" endTime="2023-01-06T08:50:53.1286432+01:00" testType="13cdc9d9-ddb5-4fa4-a97d-d965ccfc6d4b" outcome="Passed" testListId="8c84fa94-04c1-424b-9868-57a2d4851a1d" relativeResultsDirectory="87702888-4566-41c8-8bb7-2508db92922d" />
    <UnitTestResult executionId="a0a3f3ca-5018-442f-bea1-315a0d897f17" testId="d2bd2847-4b58-42af-ab0e-81accbd8dac2" testName="ResultBadRequest_WithErrors_Value" computerName="PC-SFERRARI" duration="00:00:00.0005021" startTime="2023-01-06T08:50:53.4164467+01:00" endTime="2023-01-06T08:50:53.4170620+01:00" testType="13cdc9d9-ddb5-4fa4-a97d-d965ccfc6d4b" outcome="Passed" testListId="8c84fa94-04c1-424b-9868-57a2d4851a1d" relativeResultsDirectory="a0a3f3ca-5018-442f-bea1-315a0d897f17" />
    <UnitTestResult executionId="21269106-c90e-475b-be2a-abd0a838ff77" testId="558694a0-94a8-4231-9c17-8c5849415413" testName="ToContentType_Passing_ValidValueString_Returns_ContentType (xxxx.txt,text/plain)" computerName="PC-SFERRARI" duration="00:00:00.0000599" startTime="2023-01-06T08:50:53.5080982+01:00" endTime="2023-01-06T08:50:53.5083453+01:00" testType="13cdc9d9-ddb5-4fa4-a97d-d965ccfc6d4b" outcome="Passed" testListId="8c84fa94-04c1-424b-9868-57a2d4851a1d" relativeResultsDirectory="21269106-c90e-475b-be2a-abd0a838ff77" />
    <UnitTestResult executionId="44a4a361-639f-4fad-b52e-3998c7225c5a" testId="4c809de1-4d24-41d5-9f72-d047f0cc668c" testName="ToMapNew_Passing_TDestination_Returns_New_Destination_Object" computerName="PC-SFERRARI" duration="00:00:00.0065044" startTime="2023-01-06T08:50:52.6946563+01:00" endTime="2023-01-06T08:50:52.7013072+01:00" testType="13cdc9d9-ddb5-4fa4-a97d-d965ccfc6d4b" outcome="Passed" testListId="8c84fa94-04c1-424b-9868-57a2d4851a1d" relativeResultsDirectory="44a4a361-639f-4fad-b52e-3998c7225c5a" />
    <UnitTestResult executionId="9f0848d8-23ef-41fc-8cc7-403f431f255f" testId="451928f6-1439-4ae4-bde2-291991e08133" testName="ToWhere_Passing_Valid_Predicate_Returns_Filter_List" computerName="PC-SFERRARI" duration="00:00:00.0019125" startTime="2023-01-06T08:50:53.4022447+01:00" endTime="2023-01-06T08:50:53.4043183+01:00" testType="13cdc9d9-ddb5-4fa4-a97d-d965ccfc6d4b" outcome="Passed" testListId="8c84fa94-04c1-424b-9868-57a2d4851a1d" relativeResultsDirectory="9f0848d8-23ef-41fc-8cc7-403f431f255f" />
    <UnitTestResult executionId="479584ac-a125-4629-b966-f8880573ff62" testId="a464a4ea-0f0a-4c00-98f3-911844283624" testName="ToEnvironment_Passing_Staging_Enviroment_Returns_Staging_Name" computerName="PC-SFERRARI" duration="00:00:00.0005936" startTime="2023-01-06T08:50:52.8656962+01:00" endTime="2023-01-06T08:50:52.8664210+01:00" testType="13cdc9d9-ddb5-4fa4-a97d-d965ccfc6d4b" outcome="Passed" testListId="8c84fa94-04c1-424b-9868-57a2d4851a1d" relativeResultsDirectory="479584ac-a125-4629-b966-f8880573ff62" />
    <UnitTestResult executionId="c3359572-c5c7-405c-af00-0e9dc5a7ac43" testId="eb3d9488-4dd9-42d4-b15a-dfde8bdc0948" testName="ThrowIfInsideRangeOrEqual_Passing_InvalidValue_Returns_ApplicationException (1)" computerName="PC-SFERRARI" duration="00:00:00.0022131" startTime="2023-01-06T08:50:53.8073315+01:00" endTime="2023-01-06T08:50:53.8097533+01:00" testType="13cdc9d9-ddb5-4fa4-a97d-d965ccfc6d4b" outcome="Passed" testListId="8c84fa94-04c1-424b-9868-57a2d4851a1d" relativeResultsDirectory="c3359572-c5c7-405c-af00-0e9dc5a7ac43" />
    <UnitTestResult executionId="aa152887-1ace-4350-9266-c70d56783e65" testId="f836999b-2df8-4326-b29e-5678dfa78c00" testName="ThrowIfNotEmail_Passing_InvalidValue_Returns_ApplicationExceptionWithMessage ()" computerName="PC-SFERRARI" duration="00:00:00.0001134" startTime="2023-01-06T08:50:53.8228244+01:00" endTime="2023-01-06T08:50:53.8231505+01:00" testType="13cdc9d9-ddb5-4fa4-a97d-d965ccfc6d4b" outcome="Passed" testListId="8c84fa94-04c1-424b-9868-57a2d4851a1d" relativeResultsDirectory="aa152887-1ace-4350-9266-c70d56783e65" />
    <UnitTestResult executionId="248daf1b-e060-4232-ba7b-e04973bec562" testId="1e535c0d-8193-4ac0-b8cf-0759608f7d53" testName="ToEmailMaskUserNameAndDomain_Passing_ValidEmail_Returns_EmailWithMask (qazwsx@gmail.com,q****x@g***l.com)" computerName="PC-SFERRARI" duration="00:00:00.0003009" startTime="2023-01-06T08:50:53.5861098+01:00" endTime="2023-01-06T08:50:53.5866263+01:00" testType="13cdc9d9-ddb5-4fa4-a97d-d965ccfc6d4b" outcome="Passed" testListId="8c84fa94-04c1-424b-9868-57a2d4851a1d" relativeResultsDirectory="248daf1b-e060-4232-ba7b-e04973bec562" />
    <UnitTestResult executionId="6477f0c9-71b8-49ab-9b53-048a284ed778" testId="305b1f52-326d-4c1a-b422-e0eaa59d69cd" testName="ToNormalize_Passing_ValidValue_Returns_NormalizedValue (Strømsgodset,Stromsgodset)" computerName="PC-SFERRARI" duration="00:00:00.0000986" startTime="2023-01-06T08:50:53.6560805+01:00" endTime="2023-01-06T08:50:53.6589792+01:00" testType="13cdc9d9-ddb5-4fa4-a97d-d965ccfc6d4b" outcome="Passed" testListId="8c84fa94-04c1-424b-9868-57a2d4851a1d" relativeResultsDirectory="6477f0c9-71b8-49ab-9b53-048a284ed778" />
    <UnitTestResult executionId="e171d893-06c9-414e-b85a-49fcbbca91c6" testId="6fa4ff42-f9dc-4f05-b3e7-7cc40cdc0d20" testName="ToServiceMatchingInterface_Passing_Empties_Assemblies_Returns_ApplicationException" computerName="PC-SFERRARI" duration="00:00:00.0006205" startTime="2023-01-06T08:50:53.0766690+01:00" endTime="2023-01-06T08:50:53.0773825+01:00" testType="13cdc9d9-ddb5-4fa4-a97d-d965ccfc6d4b" outcome="Passed" testListId="8c84fa94-04c1-424b-9868-57a2d4851a1d" relativeResultsDirectory="e171d893-06c9-414e-b85a-49fcbbca91c6" />
    <UnitTestResult executionId="7536096c-5f4c-4f21-8443-eed24d8e7cc5" testId="055b4d15-2e27-4dc4-a625-69f1170fa74a" testName="ToNormalize_Passing_ValidValue_Returns_NormalizedValue (àáäâãøçħ,aaaaaoch)" computerName="PC-SFERRARI" duration="00:00:00.0065845" startTime="2023-01-06T08:50:53.6411781+01:00" endTime="2023-01-06T08:50:53.6480548+01:00" testType="13cdc9d9-ddb5-4fa4-a97d-d965ccfc6d4b" outcome="Passed" testListId="8c84fa94-04c1-424b-9868-57a2d4851a1d" relativeResultsDirectory="7536096c-5f4c-4f21-8443-eed24d8e7cc5" />
    <UnitTestResult executionId="92f4f072-e442-4e58-a01a-7d7bb8801a2c" testId="a7ae90be-6d47-4bbc-8ad7-56a4ad53abff" testName="ToExists_Passing_Service_Not_Found_Returns_False" computerName="PC-SFERRARI" duration="00:00:00.0005499" startTime="2023-01-06T08:50:52.8664916+01:00" endTime="2023-01-06T08:50:52.8671859+01:00" testType="13cdc9d9-ddb5-4fa4-a97d-d965ccfc6d4b" outcome="Passed" testListId="8c84fa94-04c1-424b-9868-57a2d4851a1d" relativeResultsDirectory="92f4f072-e442-4e58-a01a-7d7bb8801a2c" />
    <UnitTestResult executionId="73ace1bf-ed01-4d1c-adde-3bfbc4accce7" testId="949f6d62-784a-4ae4-a2bc-6971513c59f2" testName="ToEmailMaskUserNameAndDomain_Passing_ValidEmail_Returns_EmailWithMask (qazwsxedc@gmailgmail.com,q*******c@g********l.com)" computerName="PC-SFERRARI" duration="00:00:00.0000264" startTime="2023-01-06T08:50:53.5873894+01:00" endTime="2023-01-06T08:50:53.5875412+01:00" testType="13cdc9d9-ddb5-4fa4-a97d-d965ccfc6d4b" outcome="Passed" testListId="8c84fa94-04c1-424b-9868-57a2d4851a1d" relativeResultsDirectory="73ace1bf-ed01-4d1c-adde-3bfbc4accce7" />
    <UnitTestResult executionId="27df4bc5-4fd3-49a4-990a-c54db217db6e" testId="2c817224-44bb-4f5f-adad-03d6ece2d607" testName="ThrowIf_Passing_InvalidValue_Returns_ApplicationExceptionWithMessage" computerName="PC-SFERRARI" duration="00:00:00.0006547" startTime="2023-01-06T08:50:53.8356720+01:00" endTime="2023-01-06T08:50:53.8364326+01:00" testType="13cdc9d9-ddb5-4fa4-a97d-d965ccfc6d4b" outcome="Passed" testListId="8c84fa94-04c1-424b-9868-57a2d4851a1d" relativeResultsDirectory="27df4bc5-4fd3-49a4-990a-c54db217db6e" />
    <UnitTestResult executionId="af218a4f-850b-47b2-922b-7dda0941e7f7" testId="af669f1f-b7f7-4f4e-88d8-6ff20eeb0fe5" testName="ToDefaultValue_Passing_ValidBoolean_Returns_DefaultValue" computerName="PC-SFERRARI" duration="00:00:00.0001650" startTime="2023-01-06T08:50:53.8003213+01:00" endTime="2023-01-06T08:50:53.8006481+01:00" testType="13cdc9d9-ddb5-4fa4-a97d-d965ccfc6d4b" outcome="Passed" testListId="8c84fa94-04c1-424b-9868-57a2d4851a1d" relativeResultsDirectory="af218a4f-850b-47b2-922b-7dda0941e7f7" />
    <UnitTestResult executionId="0b9df9bc-0a97-4704-8bcc-5845e1ce6a15" testId="e0715c83-28f1-46c9-b26d-ae135f939375" testName="ToRemove_Passing_ValidValue_Returns_ValueWithoutRemovedChars (aeiou,ae,iou)" computerName="PC-SFERRARI" duration="00:00:00.0000199" startTime="2023-01-06T08:50:53.6744867+01:00" endTime="2023-01-06T08:50:53.6746395+01:00" testType="13cdc9d9-ddb5-4fa4-a97d-d965ccfc6d4b" outcome="Passed" testListId="8c84fa94-04c1-424b-9868-57a2d4851a1d" relativeResultsDirectory="0b9df9bc-0a97-4704-8bcc-5845e1ce6a15" />
    <UnitTestResult executionId="418286db-5c8a-4c6d-9d67-241248523969" testId="02bea251-bac3-4d16-9763-58f03c3a4e42" testName="ToFullMessage_Passing_ExceptionWithMessageWithInnerException_Returns_MessageAndInnerException" computerName="PC-SFERRARI" duration="00:00:00.0008409" startTime="2023-01-06T08:50:53.1517626+01:00" endTime="2023-01-06T08:50:53.1528651+01:00" testType="13cdc9d9-ddb5-4fa4-a97d-d965ccfc6d4b" outcome="Passed" testListId="8c84fa94-04c1-424b-9868-57a2d4851a1d" relativeResultsDirectory="418286db-5c8a-4c6d-9d67-241248523969" />
    <UnitTestResult executionId="2f559293-6cd7-4ecb-be8c-dec9b16aa866" testId="b31672a2-629f-46c9-a1cf-d18903175480" testName="ToService_Passing_NotFound_Service_Returns_Null" computerName="PC-SFERRARI" duration="00:00:00.0001147" startTime="2023-01-06T08:50:53.0808636+01:00" endTime="2023-01-06T08:50:53.0810676+01:00" testType="13cdc9d9-ddb5-4fa4-a97d-d965ccfc6d4b" outcome="Passed" testListId="8c84fa94-04c1-424b-9868-57a2d4851a1d" relativeResultsDirectory="2f559293-6cd7-4ecb-be8c-dec9b16aa866" />
    <UnitTestResult executionId="2dab2c2a-2945-4eec-adb8-eff4bab15374" testId="4ea22eed-ae17-4390-89cf-da256ccbf8c9" testName="ToCount_Passing_ValidEnumType_Returns_Count" computerName="PC-SFERRARI" duration="00:00:00.0002429" startTime="2023-01-06T08:50:53.1289428+01:00" endTime="2023-01-06T08:50:53.1293573+01:00" testType="13cdc9d9-ddb5-4fa4-a97d-d965ccfc6d4b" outcome="Passed" testListId="8c84fa94-04c1-424b-9868-57a2d4851a1d" relativeResultsDirectory="2dab2c2a-2945-4eec-adb8-eff4bab15374" />
    <UnitTestResult executionId="df883581-d49a-4749-b3ff-4ddb7e6f22b2" testId="0d7cf661-12a0-4e35-894f-699daac5d2c1" testName="ToDefaultValue_Passing_ValidInt_Returns_DefaultValue" computerName="PC-SFERRARI" duration="00:00:00.0001275" startTime="2023-01-06T08:50:53.8016764+01:00" endTime="2023-01-06T08:50:53.8019560+01:00" testType="13cdc9d9-ddb5-4fa4-a97d-d965ccfc6d4b" outcome="Passed" testListId="8c84fa94-04c1-424b-9868-57a2d4851a1d" relativeResultsDirectory="df883581-d49a-4749-b3ff-4ddb7e6f22b2" />
    <UnitTestResult executionId="023a8183-8529-49f6-850d-bf00afd020be" testId="3bdf1c06-279b-48ea-99d0-f1edf29a875b" testName="ToRemove_Passing_ValidValue_Returns_ValueWithoutRemovedChars (aeiou,a,eiou)" computerName="PC-SFERRARI" duration="00:00:00.0000184" startTime="2023-01-06T08:50:53.6742961+01:00" endTime="2023-01-06T08:50:53.6744323+01:00" testType="13cdc9d9-ddb5-4fa4-a97d-d965ccfc6d4b" outcome="Passed" testListId="8c84fa94-04c1-424b-9868-57a2d4851a1d" relativeResultsDirectory="023a8183-8529-49f6-850d-bf00afd020be" />
    <UnitTestResult executionId="77129a29-3783-48b7-9b0c-3ee4362cf9dc" testId="b20d02fc-153b-42eb-8e8e-8d364f215dea" testName="ResultOkData_WithData" computerName="PC-SFERRARI" duration="00:00:00.0023680" startTime="2023-01-06T08:50:53.4888808+01:00" endTime="2023-01-06T08:50:53.4913830+01:00" testType="13cdc9d9-ddb5-4fa4-a97d-d965ccfc6d4b" outcome="Passed" testListId="8c84fa94-04c1-424b-9868-57a2d4851a1d" relativeResultsDirectory="77129a29-3783-48b7-9b0c-3ee4362cf9dc" />
    <UnitTestResult executionId="6983b76e-833e-43a9-b7a9-261e0a94be0e" testId="5b34123e-500f-41a2-8fee-b64bccaf6524" testName="ToEmailMaskUserName_Passing_ValidEmail_Returns_EmailWithMask (qaz@gmail.com,q*z@gmail.com)" computerName="PC-SFERRARI" duration="00:00:00.0004469" startTime="2023-01-06T08:50:53.5875919+01:00" endTime="2023-01-06T08:50:53.5881782+01:00" testType="13cdc9d9-ddb5-4fa4-a97d-d965ccfc6d4b" outcome="Passed" testListId="8c84fa94-04c1-424b-9868-57a2d4851a1d" relativeResultsDirectory="6983b76e-833e-43a9-b7a9-261e0a94be0e" />
    <UnitTestResult executionId="c5447d80-63c5-484e-9aa5-7bffeaaf265b" testId="957c7e3b-bf44-4b2c-838b-58b78db0c808" testName="ToMapClone_Passing_Source_Returns_New_Source_Object" computerName="PC-SFERRARI" duration="00:00:00.2533801" startTime="2023-01-06T08:50:52.3841421+01:00" endTime="2023-01-06T08:50:52.6381887+01:00" testType="13cdc9d9-ddb5-4fa4-a97d-d965ccfc6d4b" outcome="Passed" testListId="8c84fa94-04c1-424b-9868-57a2d4851a1d" relativeResultsDirectory="c5447d80-63c5-484e-9aa5-7bffeaaf265b" />
    <UnitTestResult executionId="c0d7c493-742a-4020-ae78-5dfeb36865c1" testId="e6c5e43c-e7a8-4d08-9daa-af9f17ad57bc" testName="CreateSHA256_Passing_Invalid_Arguments_Returns_ApplicationException ()" computerName="PC-SFERRARI" duration="00:00:00.0004745" startTime="2023-01-06T08:50:53.1990422+01:00" endTime="2023-01-06T08:50:53.1998092+01:00" testType="13cdc9d9-ddb5-4fa4-a97d-d965ccfc6d4b" outcome="Passed" testListId="8c84fa94-04c1-424b-9868-57a2d4851a1d" relativeResultsDirectory="c0d7c493-742a-4020-ae78-5dfeb36865c1" />
    <UnitTestResult executionId="450bf116-501a-4949-9857-bbba66f8612f" testId="92104509-4c9a-4d0f-9583-6db30fbc772e" testName="ThrowIfNotSubdomain_Passing_InvalidValue_Returns_ApplicationExceptionWithMessage ()" computerName="PC-SFERRARI" duration="00:00:00.0000731" startTime="2023-01-06T08:50:53.8275357+01:00" endTime="2023-01-06T08:50:53.8277677+01:00" testType="13cdc9d9-ddb5-4fa4-a97d-d965ccfc6d4b" outcome="Passed" testListId="8c84fa94-04c1-424b-9868-57a2d4851a1d" relativeResultsDirectory="450bf116-501a-4949-9857-bbba66f8612f" />
    <UnitTestResult executionId="4d844398-7edd-43c5-aa2f-27789487a668" testId="b6cb22fb-4eef-42fe-9964-c456a1c74113" testName="ToDirectorySaveFileAsync_Passing_ValidValue_Returns_False" computerName="PC-SFERRARI" duration="00:00:00.0071438" startTime="2023-01-06T08:50:53.5667325+01:00" endTime="2023-01-06T08:50:53.5741832+01:00" testType="13cdc9d9-ddb5-4fa4-a97d-d965ccfc6d4b" outcome="Passed" testListId="8c84fa94-04c1-424b-9868-57a2d4851a1d" relativeResultsDirectory="4d844398-7edd-43c5-aa2f-27789487a668" />
    <UnitTestResult executionId="bd959021-73c3-4811-8610-8849cbd1484d" testId="91a1b296-92db-49b5-84b3-a846bf771d0c" testName="ToInt_Passing_InvalidValueString_Returns_Null (999999439293294392492349329493294)" computerName="PC-SFERRARI" duration="00:00:00.0000061" startTime="2023-01-06T08:50:53.6365434+01:00" endTime="2023-01-06T08:50:53.6366727+01:00" testType="13cdc9d9-ddb5-4fa4-a97d-d965ccfc6d4b" outcome="Passed" testListId="8c84fa94-04c1-424b-9868-57a2d4851a1d" relativeResultsDirectory="bd959021-73c3-4811-8610-8849cbd1484d" />
    <UnitTestResult executionId="e57b3abd-4184-4c69-ad6a-1070c722ffa6" testId="a6703c6b-2b38-4ad0-9460-9b89b786325b" testName="ToInt_Passing_InvalidValueString_Returns_Null (asdasdasdasd234324)" computerName="PC-SFERRARI" duration="00:00:00.0000044" startTime="2023-01-06T08:50:53.6367187+01:00" endTime="2023-01-06T08:50:53.6368271+01:00" testType="13cdc9d9-ddb5-4fa4-a97d-d965ccfc6d4b" outcome="Passed" testListId="8c84fa94-04c1-424b-9868-57a2d4851a1d" relativeResultsDirectory="e57b3abd-4184-4c69-ad6a-1070c722ffa6" />
    <UnitTestResult executionId="c3bd4b94-8414-49ef-a47a-759370dc9191" testId="aa5fd337-60a8-48a7-a02f-eac9daf9b2bf" testName="ToSecuencial_Passing_Guids_Returns_GuidsSecuencials" computerName="PC-SFERRARI" duration="00:00:00.0004814" startTime="2023-01-06T08:50:53.1772893+01:00" endTime="2023-01-06T08:50:53.1779669+01:00" testType="13cdc9d9-ddb5-4fa4-a97d-d965ccfc6d4b" outcome="Passed" testListId="8c84fa94-04c1-424b-9868-57a2d4851a1d" relativeResultsDirectory="c3bd4b94-8414-49ef-a47a-759370dc9191" />
    <UnitTestResult executionId="6e83038a-63bf-4cbb-9bda-7369fb9bdce0" testId="71cc07af-3d62-42fd-a43e-68e7822b97aa" testName="ToIPv6_Passing_HttpContext_IP_Value_Returns_IP" computerName="PC-SFERRARI" duration="00:00:00.0006194" startTime="2023-01-06T08:50:53.2183957+01:00" endTime="2023-01-06T08:50:53.2191494+01:00" testType="13cdc9d9-ddb5-4fa4-a97d-d965ccfc6d4b" outcome="Passed" testListId="8c84fa94-04c1-424b-9868-57a2d4851a1d" relativeResultsDirectory="6e83038a-63bf-4cbb-9bda-7369fb9bdce0" />
    <UnitTestResult executionId="65c42f2f-c092-49f5-b52a-454b22a5c44a" testId="9509333e-c62d-4ddf-8d59-674a91d4b43e" testName="ThrowIfNotEmail_Passing_InvalidValue_Returns_ApplicationExceptionWithMessage ()" computerName="PC-SFERRARI" duration="00:00:00.0000644" startTime="2023-01-06T08:50:53.8211063+01:00" endTime="2023-01-06T08:50:53.8213129+01:00" testType="13cdc9d9-ddb5-4fa4-a97d-d965ccfc6d4b" outcome="Passed" testListId="8c84fa94-04c1-424b-9868-57a2d4851a1d" relativeResultsDirectory="65c42f2f-c092-49f5-b52a-454b22a5c44a" />
    <UnitTestResult executionId="e04eb676-dd4d-4494-a06a-260913c2049d" testId="5a7e1ad3-1e98-4898-b573-7c23774550cb" testName="ToFirstLetterLower_Passing_ValidValue_Returns_StringWithFirstLetterLower (aeiou,aeiou)" computerName="PC-SFERRARI" duration="00:00:00.0002980" startTime="2023-01-06T08:50:53.6202259+01:00" endTime="2023-01-06T08:50:53.6206886+01:00" testType="13cdc9d9-ddb5-4fa4-a97d-d965ccfc6d4b" outcome="Passed" testListId="8c84fa94-04c1-424b-9868-57a2d4851a1d" relativeResultsDirectory="e04eb676-dd4d-4494-a06a-260913c2049d" />
    <UnitTestResult executionId="1f0601a2-5071-4358-96f1-be14b81cc886" testId="1b8c0423-4c04-4945-ba49-745f73cf7e2f" testName="ToReplaceSpecialChars_Passing_ValidValue_Returns_ReplacedValueWithoutIgnoreSpecialChars (*¨^_:-?¿;,?¿,?¿)" computerName="PC-SFERRARI" duration="00:00:00.0000579" startTime="2023-01-06T08:50:53.6804017+01:00" endTime="2023-01-06T08:50:53.6806663+01:00" testType="13cdc9d9-ddb5-4fa4-a97d-d965ccfc6d4b" outcome="Passed" testListId="8c84fa94-04c1-424b-9868-57a2d4851a1d" relativeResultsDirectory="1f0601a2-5071-4358-96f1-be14b81cc886" />
    <UnitTestResult executionId="897ba8d5-0015-4a2d-9385-e44d9eae0dd6" testId="74537f8d-20f4-4bd6-9ec6-41a407c87456" testName="ToNormalize_Passing_ValidValue_Returns_NormalizedValue (àáäâã,aaaaa)" computerName="PC-SFERRARI" duration="00:00:00.0000672" startTime="2023-01-06T08:50:53.6505664+01:00" endTime="2023-01-06T08:50:53.6509595+01:00" testType="13cdc9d9-ddb5-4fa4-a97d-d965ccfc6d4b" outcome="Passed" testListId="8c84fa94-04c1-424b-9868-57a2d4851a1d" relativeResultsDirectory="897ba8d5-0015-4a2d-9385-e44d9eae0dd6" />
    <UnitTestResult executionId="4c2fe27e-cf1c-45aa-83e1-356f2879ef86" testId="71b69a9c-a191-4060-89f1-0f57636bdff5" testName="ToUri_Passing_ValidValueString_Returns_Uri (http://code.google.com/events/#&amp;product=browser)" computerName="PC-SFERRARI" duration="00:00:00.0000197" startTime="2023-01-06T08:50:53.7257114+01:00" endTime="2023-01-06T08:50:53.7260526+01:00" testType="13cdc9d9-ddb5-4fa4-a97d-d965ccfc6d4b" outcome="Passed" testListId="8c84fa94-04c1-424b-9868-57a2d4851a1d" relativeResultsDirectory="4c2fe27e-cf1c-45aa-83e1-356f2879ef86" />
    <UnitTestResult executionId="ff79b6fe-d623-4aa7-bab5-400d6b8d5d15" testId="35f5b547-b455-4cf6-ad03-7c6b6f48b351" testName="ToRemove_Passing_ValidValue_Returns_ValueWithoutRemovedChars ( *, ,*)" computerName="PC-SFERRARI" duration="00:00:00.0007257" startTime="2023-01-06T08:50:53.6695490+01:00" endTime="2023-01-06T08:50:53.6706115+01:00" testType="13cdc9d9-ddb5-4fa4-a97d-d965ccfc6d4b" outcome="Passed" testListId="8c84fa94-04c1-424b-9868-57a2d4851a1d" relativeResultsDirectory="ff79b6fe-d623-4aa7-bab5-400d6b8d5d15" />
    <UnitTestResult executionId="3fb4f1b4-ba2c-40d1-803c-d7e915233d31" testId="5d32b2ec-173c-4ebf-b4cb-65a43a8bbec1" testName="ToTomorrow_Passing_DateTime_Returns_Tomorrow_DateTime" computerName="PC-SFERRARI" duration="00:00:00.0002267" startTime="2023-01-06T08:50:53.1040477+01:00" endTime="2023-01-06T08:50:53.1044042+01:00" testType="13cdc9d9-ddb5-4fa4-a97d-d965ccfc6d4b" outcome="Passed" testListId="8c84fa94-04c1-424b-9868-57a2d4851a1d" relativeResultsDirectory="3fb4f1b4-ba2c-40d1-803c-d7e915233d31" />
    <UnitTestResult executionId="715857ff-725c-4fea-8093-e9a905a89fdc" testId="6b17fc47-27d0-4fb1-b776-c23a43746a7f" testName="ToEmailMaskUserNameAndDomainAndExtension_Passing_ValidEmail_Returns_EmailWithMask (qaz@gmail.com,q*z@g***l.c*m)" computerName="PC-SFERRARI" duration="00:00:00.0067046" startTime="2023-01-06T08:50:53.5757361+01:00" endTime="2023-01-06T08:50:53.5827191+01:00" testType="13cdc9d9-ddb5-4fa4-a97d-d965ccfc6d4b" outcome="Passed" testListId="8c84fa94-04c1-424b-9868-57a2d4851a1d" relativeResultsDirectory="715857ff-725c-4fea-8093-e9a905a89fdc" />
    <UnitTestResult executionId="a887ab21-dee2-4a2f-bb36-be75d0c95de5" testId="5aec1ab5-da43-41b0-98ef-9dc6a227c6bc" testName="ToUri_Passing_ValidValueString_Returns_Uri (http://foo.com/blah_blah?p=5)" computerName="PC-SFERRARI" duration="00:00:00.0000098" startTime="2023-01-06T08:50:53.7035756+01:00" endTime="2023-01-06T08:50:53.7037562+01:00" testType="13cdc9d9-ddb5-4fa4-a97d-d965ccfc6d4b" outcome="Passed" testListId="8c84fa94-04c1-424b-9868-57a2d4851a1d" relativeResultsDirectory="a887ab21-dee2-4a2f-bb36-be75d0c95de5" />
    <UnitTestResult executionId="44752fea-659b-44be-9888-385d86db5c6c" testId="192dbed6-9b1f-433f-aaf4-3092f17250b5" testName="ToUri_Passing_ValidValueString_Returns_Uri (http://j.mp)" computerName="PC-SFERRARI" duration="00:00:00.0000098" startTime="2023-01-06T08:50:53.7261404+01:00" endTime="2023-01-06T08:50:53.7263113+01:00" testType="13cdc9d9-ddb5-4fa4-a97d-d965ccfc6d4b" outcome="Passed" testListId="8c84fa94-04c1-424b-9868-57a2d4851a1d" relativeResultsDirectory="44752fea-659b-44be-9888-385d86db5c6c" />
    <UnitTestResult executionId="fa7de07f-35ee-4ff1-ac84-76bf778b7409" testId="4ae584b4-16e9-4bee-9476-2b5d6f549c55" testName="AddOrUpdate_Passing_Valid_Collection_Returns_Collection" computerName="PC-SFERRARI" duration="00:00:00.0021493" startTime="2023-01-06T08:50:53.1047911+01:00" endTime="2023-01-06T08:50:53.1072094+01:00" testType="13cdc9d9-ddb5-4fa4-a97d-d965ccfc6d4b" outcome="Passed" testListId="8c84fa94-04c1-424b-9868-57a2d4851a1d" relativeResultsDirectory="fa7de07f-35ee-4ff1-ac84-76bf778b7409" />
    <UnitTestResult executionId="d4358259-e20b-4ab5-9723-1a2d7bfe80f7" testId="32b7b4f9-d1eb-47a1-b781-2fa7133ac35e" testName="ToZipExtract_Passing_ValidArchive_Returns_Files" computerName="PC-SFERRARI" duration="00:00:00.0383199" startTime="2023-01-06T08:50:53.7607047+01:00" endTime="2023-01-06T08:50:53.7992179+01:00" testType="13cdc9d9-ddb5-4fa4-a97d-d965ccfc6d4b" outcome="Passed" testListId="8c84fa94-04c1-424b-9868-57a2d4851a1d" relativeResultsDirectory="d4358259-e20b-4ab5-9723-1a2d7bfe80f7" />
    <UnitTestResult executionId="f65e80d4-a528-42ba-aae0-1a7bc91b9b78" testId="5b768eb8-7533-439b-bab9-543270b553f5" testName="ToPaged_Passing_Name_Descending_Order_Returns_Filter_List" computerName="PC-SFERRARI" duration="00:00:00.0005508" startTime="2023-01-06T08:50:53.3987833+01:00" endTime="2023-01-06T08:50:53.3994618+01:00" testType="13cdc9d9-ddb5-4fa4-a97d-d965ccfc6d4b" outcome="Passed" testListId="8c84fa94-04c1-424b-9868-57a2d4851a1d" relativeResultsDirectory="f65e80d4-a528-42ba-aae0-1a7bc91b9b78" />
    <UnitTestResult executionId="9c09726e-d5a1-4601-8a84-cbfb6334ee13" testId="c5ba45bd-45a6-421c-8bb4-be01f922e434" testName="ToEmailMaskUserName_Passing_ValidEmail_Returns_EmailWithMask (qaz@gmailgmail.com,q*z@gmailgmail.com)" computerName="PC-SFERRARI" duration="00:00:00.0000600" startTime="2023-01-06T08:50:53.5918741+01:00" endTime="2023-01-06T08:50:53.5923086+01:00" testType="13cdc9d9-ddb5-4fa4-a97d-d965ccfc6d4b" outcome="Passed" testListId="8c84fa94-04c1-424b-9868-57a2d4851a1d" relativeResultsDirectory="9c09726e-d5a1-4601-8a84-cbfb6334ee13" />
    <UnitTestResult executionId="741a012a-4581-4917-a132-8e2c2aed6d1c" testId="eefe0a92-2b30-493b-89d7-ae54442d0000" testName="ToReplace_Passing_ValidValue_Returns_ReplacedValue (aeiou,*,0,1,*eiou)" computerName="PC-SFERRARI" duration="00:00:00.0006957" startTime="2023-01-06T08:50:53.6807317+01:00" endTime="2023-01-06T08:50:53.6819352+01:00" testType="13cdc9d9-ddb5-4fa4-a97d-d965ccfc6d4b" outcome="Passed" testListId="8c84fa94-04c1-424b-9868-57a2d4851a1d" relativeResultsDirectory="741a012a-4581-4917-a132-8e2c2aed6d1c" />
    <UnitTestResult executionId="470a85aa-e56a-424a-9e38-caaa4959e38b" testId="9a90ecc0-c2c3-4dcf-9f2d-8eb955859659" testName="ToUri_Passing_InvalidValueString_Returns_Null (http://?)" computerName="PC-SFERRARI" duration="00:00:00.0002659" startTime="2023-01-06T08:50:53.6944347+01:00" endTime="2023-01-06T08:50:53.6948402+01:00" testType="13cdc9d9-ddb5-4fa4-a97d-d965ccfc6d4b" outcome="Passed" testListId="8c84fa94-04c1-424b-9868-57a2d4851a1d" relativeResultsDirectory="470a85aa-e56a-424a-9e38-caaa4959e38b" />
    <UnitTestResult executionId="737c0bac-e822-417a-be5b-208d831d19bb" testId="8dbfe6fa-a0b0-4506-afd1-b423a25662d0" testName="ResultDataInternalServerError" computerName="PC-SFERRARI" duration="00:00:00.0003805" startTime="2023-01-06T08:50:53.4195520+01:00" endTime="2023-01-06T08:50:53.4200049+01:00" testType="13cdc9d9-ddb5-4fa4-a97d-d965ccfc6d4b" outcome="Passed" testListId="8c84fa94-04c1-424b-9868-57a2d4851a1d" relativeResultsDirectory="737c0bac-e822-417a-be5b-208d831d19bb" />
    <UnitTestResult executionId="c942c61a-3378-4ea3-950c-dbc7ef97e87c" testId="3f4f0a97-a2c9-4d09-920f-bcb4137330f2" testName="ToEnum_Passing_InvalidValueString_Returns_EnumCustomValue" computerName="PC-SFERRARI" duration="00:00:00.0010363" startTime="2023-01-06T08:50:53.6005694+01:00" endTime="2023-01-06T08:50:53.6018096+01:00" testType="13cdc9d9-ddb5-4fa4-a97d-d965ccfc6d4b" outcome="Passed" testListId="8c84fa94-04c1-424b-9868-57a2d4851a1d" relativeResultsDirectory="c942c61a-3378-4ea3-950c-dbc7ef97e87c" />
    <UnitTestResult executionId="05613ff0-76a6-4a71-8468-8d00129d5c4e" testId="725bac92-9eb3-45b0-9e7e-85aed72f692f" testName="ToUri_Passing_InvalidValueString_Returns_Null (http://.)" computerName="PC-SFERRARI" duration="00:00:00.0000137" startTime="2023-01-06T08:50:53.6953763+01:00" endTime="2023-01-06T08:50:53.6955451+01:00" testType="13cdc9d9-ddb5-4fa4-a97d-d965ccfc6d4b" outcome="Passed" testListId="8c84fa94-04c1-424b-9868-57a2d4851a1d" relativeResultsDirectory="05613ff0-76a6-4a71-8468-8d00129d5c4e" />
    <UnitTestResult executionId="dc67914e-8334-40b5-880c-5fca270fcffb" testId="c3f067d1-1b35-4b48-87e2-7afbf6b158e2" testName="ToEnvironment_Passing_Development_Enviroment_Returns_Development_Name" computerName="PC-SFERRARI" duration="00:00:00.0017648" startTime="2023-01-06T08:50:52.8575977+01:00" endTime="2023-01-06T08:50:52.8595813+01:00" testType="13cdc9d9-ddb5-4fa4-a97d-d965ccfc6d4b" outcome="Passed" testListId="8c84fa94-04c1-424b-9868-57a2d4851a1d" relativeResultsDirectory="dc67914e-8334-40b5-880c-5fca270fcffb" />
    <UnitTestResult executionId="c21e25d9-aeb2-491d-9abc-34b31a4abd71" testId="a6f5db46-240e-44ec-b38e-cb6fec855a96" testName="ToEnvironment_Passing_Custom_Enviroment_Returns_Custom_Name" computerName="PC-SFERRARI" duration="00:00:00.0985912" startTime="2023-01-06T08:50:52.7057660+01:00" endTime="2023-01-06T08:50:52.8047745+01:00" testType="13cdc9d9-ddb5-4fa4-a97d-d965ccfc6d4b" outcome="Passed" testListId="8c84fa94-04c1-424b-9868-57a2d4851a1d" relativeResultsDirectory="c21e25d9-aeb2-491d-9abc-34b31a4abd71" />
    <UnitTestResult executionId="5fa54262-5b7b-44d6-ab98-84b5df047f6b" testId="1afe0f1a-00d9-4f1c-9e7e-a7b92e6f9a6e" testName="ToDefaultValue_Passing_char_Returns_Cero" computerName="PC-SFERRARI" duration="00:00:00.0002294" startTime="2023-01-06T08:50:53.1600389+01:00" endTime="2023-01-06T08:50:53.1603425+01:00" testType="13cdc9d9-ddb5-4fa4-a97d-d965ccfc6d4b" outcome="Passed" testListId="8c84fa94-04c1-424b-9868-57a2d4851a1d" relativeResultsDirectory="5fa54262-5b7b-44d6-ab98-84b5df047f6b" />
    <UnitTestResult executionId="e224c8a8-e331-431b-9f33-67dcaecc34b6" testId="ca491280-5178-4372-ba98-9970e946c4c9" testName="ToRemove_Passing_ValidValue_Returns_ValueWithoutRemovedChars (aeiou,aei,ou)" computerName="PC-SFERRARI" duration="00:00:00.0000306" startTime="2023-01-06T08:50:53.6746896+01:00" endTime="2023-01-06T08:50:53.6748608+01:00" testType="13cdc9d9-ddb5-4fa4-a97d-d965ccfc6d4b" outcome="Passed" testListId="8c84fa94-04c1-424b-9868-57a2d4851a1d" relativeResultsDirectory="e224c8a8-e331-431b-9f33-67dcaecc34b6" />
    <UnitTestResult executionId="bd91901d-2b6c-4edd-8de2-2f2995082f2f" testId="6a35a9d7-1e20-46b7-b7ea-eca5131cc944" testName="ToString_Passing_Valid_Collection_With_Custom_Separator_Returns_String_With_Custom_Separator" computerName="PC-SFERRARI" duration="00:00:00.0003523" startTime="2023-01-06T08:50:53.1145971+01:00" endTime="2023-01-06T08:50:53.1151089+01:00" testType="13cdc9d9-ddb5-4fa4-a97d-d965ccfc6d4b" outcome="Passed" testListId="8c84fa94-04c1-424b-9868-57a2d4851a1d" relativeResultsDirectory="bd91901d-2b6c-4edd-8de2-2f2995082f2f" />
    <UnitTestResult executionId="d6091fa9-d320-440a-8d1a-64f8d8c29781" testId="cf07e1af-a589-438a-8825-569e08896f47" testName="CreateAndVerifySHA512_Passing_Valid_Arguments_Returns_True (sdlfkjldsfksdfñl·%$·&amp;$/U&amp;/)(&amp;()?=)¿?^P*^PÑL,.,.lñ´ñ+98098'098098)" computerName="PC-SFERRARI" duration="00:00:00.0001111" startTime="2023-01-06T08:50:53.1914907+01:00" endTime="2023-01-06T08:50:53.1918681+01:00" testType="13cdc9d9-ddb5-4fa4-a97d-d965ccfc6d4b" outcome="Passed" testListId="8c84fa94-04c1-424b-9868-57a2d4851a1d" relativeResultsDirectory="d6091fa9-d320-440a-8d1a-64f8d8c29781" />
    <UnitTestResult executionId="3351c08d-d0e7-4cf6-935e-9033d04c0deb" testId="7b76c92b-a2e1-4514-b4a8-6472ec1ab0a4" testName="ToGet_Passing_Claims_Returns_Claim_Value_Int" computerName="PC-SFERRARI" duration="00:00:00.0023628" startTime="2023-01-06T08:50:53.0111982+01:00" endTime="2023-01-06T08:50:53.0137907+01:00" testType="13cdc9d9-ddb5-4fa4-a97d-d965ccfc6d4b" outcome="Passed" testListId="8c84fa94-04c1-424b-9868-57a2d4851a1d" relativeResultsDirectory="3351c08d-d0e7-4cf6-935e-9033d04c0deb" />
    <UnitTestResult executionId="400ea009-6d0a-438d-a2cb-48489f476629" testId="28201441-8884-4374-ba84-bc25cb47cfe2" testName="ToUri_Passing_InvalidValueString_Returns_DefaultValue (http://..)" computerName="PC-SFERRARI" duration="00:00:00.0000141" startTime="2023-01-06T08:50:53.6915188+01:00" endTime="2023-01-06T08:50:53.6916823+01:00" testType="13cdc9d9-ddb5-4fa4-a97d-d965ccfc6d4b" outcome="Passed" testListId="8c84fa94-04c1-424b-9868-57a2d4851a1d" relativeResultsDirectory="400ea009-6d0a-438d-a2cb-48489f476629" />
    <UnitTestResult executionId="645edd94-c515-4dc7-8bf8-5c0efd9ee8ee" testId="463f9e7a-a79e-4b46-b4b9-4835c31fdd08" testName="ToEmailMaskUserName_Passing_ValidEmail_Returns_EmailWithMask (qazwsx@gmailgmail.com,q****x@gmailgmail.com)" computerName="PC-SFERRARI" duration="00:00:00.0000334" startTime="2023-01-06T08:50:53.5923905+01:00" endTime="2023-01-06T08:50:53.5925799+01:00" testType="13cdc9d9-ddb5-4fa4-a97d-d965ccfc6d4b" outcome="Passed" testListId="8c84fa94-04c1-424b-9868-57a2d4851a1d" relativeResultsDirectory="645edd94-c515-4dc7-8bf8-5c0efd9ee8ee" />
    <UnitTestResult executionId="523a00ef-753d-404f-be8d-beb603a617ed" testId="37795f2a-26b9-4334-bc23-b6e5ad475562" testName="ToUri_Passing_ValidValueString_Returns_Uri (http://foo.com/blah_blah)" computerName="PC-SFERRARI" duration="00:00:00.0003316" startTime="2023-01-06T08:50:53.7006615+01:00" endTime="2023-01-06T08:50:53.7011636+01:00" testType="13cdc9d9-ddb5-4fa4-a97d-d965ccfc6d4b" outcome="Passed" testListId="8c84fa94-04c1-424b-9868-57a2d4851a1d" relativeResultsDirectory="523a00ef-753d-404f-be8d-beb603a617ed" />
    <UnitTestResult executionId="880c41be-c34a-4b21-8293-69b59d0e4737" testId="b65dd3e5-4d66-4d04-9277-c03a06b130e1" testName="ToUri_Passing_ValidValueString_Returns_Uri (http://142.42.1.1:8080/)" computerName="PC-SFERRARI" duration="00:00:00.0000190" startTime="2023-01-06T08:50:53.7184011+01:00" endTime="2023-01-06T08:50:53.7189079+01:00" testType="13cdc9d9-ddb5-4fa4-a97d-d965ccfc6d4b" outcome="Passed" testListId="8c84fa94-04c1-424b-9868-57a2d4851a1d" relativeResultsDirectory="880c41be-c34a-4b21-8293-69b59d0e4737" />
    <UnitTestResult executionId="7cee8e20-4ca1-42b9-84a0-ae451f548f7c" testId="bd177f7e-8567-49f8-a09a-3e1bd2430880" testName="ToWhere_Passing_Null_Predicate_Returns_Same_List" computerName="PC-SFERRARI" duration="00:00:00.0015585" startTime="2023-01-06T08:50:53.3995130+01:00" endTime="2023-01-06T08:50:53.4011596+01:00" testType="13cdc9d9-ddb5-4fa4-a97d-d965ccfc6d4b" outcome="Passed" testListId="8c84fa94-04c1-424b-9868-57a2d4851a1d" relativeResultsDirectory="7cee8e20-4ca1-42b9-84a0-ae451f548f7c" />
    <UnitTestResult executionId="ccf9cdbf-cc5b-42b6-996d-7ee430f57989" testId="185cf50e-7e39-4c0d-ad79-4a885a963e40" testName="CreateAndVerifySHA256_Passing_Valid_Arguments_Returns_True (Password)" computerName="PC-SFERRARI" duration="00:00:00.0088927" startTime="2023-01-06T08:50:53.1780274+01:00" endTime="2023-01-06T08:50:53.1872878+01:00" testType="13cdc9d9-ddb5-4fa4-a97d-d965ccfc6d4b" outcome="Passed" testListId="8c84fa94-04c1-424b-9868-57a2d4851a1d" relativeResultsDirectory="ccf9cdbf-cc5b-42b6-996d-7ee430f57989" />
    <UnitTestResult executionId="8d75fd78-2bca-47ee-80a7-40c93f5bd919" testId="3b73e3af-8443-4b1e-b571-d5e6e5a119b9" testName="ToList_Passing_ValidEnumType_Returns_ValuesList" computerName="PC-SFERRARI" duration="00:00:00.0002784" startTime="2023-01-06T08:50:53.1370612+01:00" endTime="2023-01-06T08:50:53.1374396+01:00" testType="13cdc9d9-ddb5-4fa4-a97d-d965ccfc6d4b" outcome="Passed" testListId="8c84fa94-04c1-424b-9868-57a2d4851a1d" relativeResultsDirectory="8d75fd78-2bca-47ee-80a7-40c93f5bd919" />
    <UnitTestResult executionId="0ceeb970-0e01-4e04-bcbd-c1e679906351" testId="ab71f519-7209-44bf-a768-e1d3b6613812" testName="ToNormalize_Passing_ValidValue_Returns_NormalizedValue (ÀÁÄÂÃ,AAAAA)" computerName="PC-SFERRARI" duration="00:00:00.0000307" startTime="2023-01-06T08:50:53.6510244+01:00" endTime="2023-01-06T08:50:53.6511682+01:00" testType="13cdc9d9-ddb5-4fa4-a97d-d965ccfc6d4b" outcome="Passed" testListId="8c84fa94-04c1-424b-9868-57a2d4851a1d" relativeResultsDirectory="0ceeb970-0e01-4e04-bcbd-c1e679906351" />
    <UnitTestResult executionId="a261e7b4-4168-4068-9815-ecf84b4cb1c3" testId="a8e3c861-97a8-490d-ab38-efae7002757d" testName="ToConfigureOrDefault_Passing_DefaultValues_And_ActionCustomValues_Returns_DefaultValues_And_CustomValues" computerName="PC-SFERRARI" duration="00:00:00.0012826" startTime="2023-01-06T08:50:52.3810187+01:00" endTime="2023-01-06T08:50:52.3831812+01:00" testType="13cdc9d9-ddb5-4fa4-a97d-d965ccfc6d4b" outcome="Passed" testListId="8c84fa94-04c1-424b-9868-57a2d4851a1d" relativeResultsDirectory="a261e7b4-4168-4068-9815-ecf84b4cb1c3" />
    <UnitTestResult executionId="d94c7d4f-f977-4100-9732-d3f0e5b43416" testId="344f5916-873a-4888-a59f-466a935b18d9" testName="ToEmailMaskUserNameAndDomainAndExtension_Passing_ValidEmail_Returns_EmailWithMask (qaz@gmailgmail.com,q*z@g********l.c*m)" computerName="PC-SFERRARI" duration="00:00:00.0000226" startTime="2023-01-06T08:50:53.5835797+01:00" endTime="2023-01-06T08:50:53.5836998+01:00" testType="13cdc9d9-ddb5-4fa4-a97d-d965ccfc6d4b" outcome="Passed" testListId="8c84fa94-04c1-424b-9868-57a2d4851a1d" relativeResultsDirectory="d94c7d4f-f977-4100-9732-d3f0e5b43416" />
    <UnitTestResult executionId="ae3eaa86-7904-42f9-98b8-92a5d2478581" testId="71f66a5c-3b21-4d5f-b334-081dc7d1feaf" testName="ToRandom_Passing_ValidValueString_Returns_String" computerName="PC-SFERRARI" duration="00:00:00.0039397" startTime="2023-01-06T08:50:53.6653008+01:00" endTime="2023-01-06T08:50:53.6694158+01:00" testType="13cdc9d9-ddb5-4fa4-a97d-d965ccfc6d4b" outcome="Passed" testListId="8c84fa94-04c1-424b-9868-57a2d4851a1d" relativeResultsDirectory="ae3eaa86-7904-42f9-98b8-92a5d2478581" />
    <UnitTestResult executionId="909e46cc-4ab5-4ab9-867b-0152193b12b1" testId="15126a7c-c703-440d-a4e2-2c25d86f96a4" testName="ToNormalize_Passing_ValidValue_Returns_NormalizedValue (héllo,hello)" computerName="PC-SFERRARI" duration="00:00:00.0000426" startTime="2023-01-06T08:50:53.6594324+01:00" endTime="2023-01-06T08:50:53.6596153+01:00" testType="13cdc9d9-ddb5-4fa4-a97d-d965ccfc6d4b" outcome="Passed" testListId="8c84fa94-04c1-424b-9868-57a2d4851a1d" relativeResultsDirectory="909e46cc-4ab5-4ab9-867b-0152193b12b1" />
    <UnitTestResult executionId="38d58bdf-c72b-46e7-b68e-2612c1899f01" testId="a4e5283f-a98d-4f38-9e9d-529395286453" testName="ToEnvironment_ServiceCollection_Passing_Production_Enviroment_Returns_Production_Name" computerName="PC-SFERRARI" duration="00:00:00.0003504" startTime="2023-01-06T08:50:53.0544418+01:00" endTime="2023-01-06T08:50:53.0548730+01:00" testType="13cdc9d9-ddb5-4fa4-a97d-d965ccfc6d4b" outcome="Passed" testListId="8c84fa94-04c1-424b-9868-57a2d4851a1d" relativeResultsDirectory="38d58bdf-c72b-46e7-b68e-2612c1899f01" />
    <UnitTestResult executionId="9d714394-00b5-4326-8d07-8f3a9ff840c2" testId="7be39546-2fad-4115-b15c-f62c4205ab4f" testName="ToEnvironment_ServiceCollection_Passing_Staging_Enviroment_Returns_Staging_Name" computerName="PC-SFERRARI" duration="00:00:00.0003341" startTime="2023-01-06T08:50:53.0549135+01:00" endTime="2023-01-06T08:50:53.0553187+01:00" testType="13cdc9d9-ddb5-4fa4-a97d-d965ccfc6d4b" outcome="Passed" testListId="8c84fa94-04c1-424b-9868-57a2d4851a1d" relativeResultsDirectory="9d714394-00b5-4326-8d07-8f3a9ff840c2" />
    <UnitTestResult executionId="d6035787-d552-42d2-bef4-f916884acb6f" testId="19cdd920-92ca-47ed-935b-5d7f2240b33b" testName="ToSettings_Passing_Values_From_AppSettingsFile_Returns_Settings" computerName="PC-SFERRARI" duration="00:00:00.0070811" startTime="2023-01-06T08:50:53.0817417+01:00" endTime="2023-01-06T08:50:53.0889279+01:00" testType="13cdc9d9-ddb5-4fa4-a97d-d965ccfc6d4b" outcome="Passed" testListId="8c84fa94-04c1-424b-9868-57a2d4851a1d" relativeResultsDirectory="d6035787-d552-42d2-bef4-f916884acb6f" />
    <UnitTestResult executionId="59830dd5-3f6a-4099-ac6e-1feff49c4776" testId="81aa3c33-6364-4aba-b457-226a2f2d3a1f" testName="ToUri_Passing_ValidValueString_Returns_Uri (https://foo.com/blah_blah/)" computerName="PC-SFERRARI" duration="00:00:00.0000094" startTime="2023-01-06T08:50:53.7042628+01:00" endTime="2023-01-06T08:50:53.7044285+01:00" testType="13cdc9d9-ddb5-4fa4-a97d-d965ccfc6d4b" outcome="Passed" testListId="8c84fa94-04c1-424b-9868-57a2d4851a1d" relativeResultsDirectory="59830dd5-3f6a-4099-ac6e-1feff49c4776" />
    <UnitTestResult executionId="a56e6d26-02e9-44fb-baef-f2cd1dada6a6" testId="624df758-fb53-40ed-800c-05726efdee8f" testName="ThrowIfOutRange_Passing_InvalidValue_Returns_ApplicationException (8)" computerName="PC-SFERRARI" duration="00:00:00.0000428" startTime="2023-01-06T08:50:53.8354955+01:00" endTime="2023-01-06T08:50:53.8356300+01:00" testType="13cdc9d9-ddb5-4fa4-a97d-d965ccfc6d4b" outcome="Passed" testListId="8c84fa94-04c1-424b-9868-57a2d4851a1d" relativeResultsDirectory="a56e6d26-02e9-44fb-baef-f2cd1dada6a6" />
    <UnitTestResult executionId="613c3949-d0a0-4cf1-8f22-d2151511231d" testId="90a99d68-83df-4bb5-a705-86a7713cd9b0" testName="ThrowIfNotSubdomain_Passing_InvalidValue_Returns_ApplicationExceptionWithMessage (34?fsds@sdd.yy)" computerName="PC-SFERRARI" duration="00:00:00.0000613" startTime="2023-01-06T08:50:53.8279977+01:00" endTime="2023-01-06T08:50:53.8281497+01:00" testType="13cdc9d9-ddb5-4fa4-a97d-d965ccfc6d4b" outcome="Passed" testListId="8c84fa94-04c1-424b-9868-57a2d4851a1d" relativeResultsDirectory="613c3949-d0a0-4cf1-8f22-d2151511231d" />
    <UnitTestResult executionId="016be267-1155-443a-b9f2-8b28026da270" testId="0709caf4-55fe-4439-96da-072a47e1afd6" testName="ToTryIPv6_Passing_HttpContext_IP_Value_Returns_IP" computerName="PC-SFERRARI" duration="00:00:00.0004132" startTime="2023-01-06T08:50:53.2192203+01:00" endTime="2023-01-06T08:50:53.2197403+01:00" testType="13cdc9d9-ddb5-4fa4-a97d-d965ccfc6d4b" outcome="Passed" testListId="8c84fa94-04c1-424b-9868-57a2d4851a1d" relativeResultsDirectory="016be267-1155-443a-b9f2-8b28026da270" />
    <UnitTestResult executionId="8e2b7330-17e7-4313-aa24-60e2b0eec9e6" testId="b361748b-a9b2-4f85-a4bc-d9db4273faad" testName="ToNormalize_Passing_ValidValue_Returns_NormalizedValue (Münçhen,Munchen)" computerName="PC-SFERRARI" duration="00:00:00.0000415" startTime="2023-01-06T08:50:53.6555713+01:00" endTime="2023-01-06T08:50:53.6557678+01:00" testType="13cdc9d9-ddb5-4fa4-a97d-d965ccfc6d4b" outcome="Passed" testListId="8c84fa94-04c1-424b-9868-57a2d4851a1d" relativeResultsDirectory="8e2b7330-17e7-4313-aa24-60e2b0eec9e6" />
    <UnitTestResult executionId="48eff9c9-3a12-4f33-a977-86ed54ea74f6" testId="5f1e689c-400f-410c-bdd1-1d663a5b421e" testName="ToDefaultValue_Passing_float_Returns_Cero" computerName="PC-SFERRARI" duration="00:00:00.0003187" startTime="2023-01-06T08:50:53.1629578+01:00" endTime="2023-01-06T08:50:53.1633961+01:00" testType="13cdc9d9-ddb5-4fa4-a97d-d965ccfc6d4b" outcome="Passed" testListId="8c84fa94-04c1-424b-9868-57a2d4851a1d" relativeResultsDirectory="48eff9c9-3a12-4f33-a977-86ed54ea74f6" />
    <UnitTestResult executionId="9efa3b23-a191-4c19-ac50-735d9534c90f" testId="73e2c66c-e7a3-46cb-b865-ce7363cb2634" testName="ResultBadRequest_WithErrors_KeyValue" computerName="PC-SFERRARI" duration="00:00:00.0030011" startTime="2023-01-06T08:50:53.4131702+01:00" endTime="2023-01-06T08:50:53.4163706+01:00" testType="13cdc9d9-ddb5-4fa4-a97d-d965ccfc6d4b" outcome="Passed" testListId="8c84fa94-04c1-424b-9868-57a2d4851a1d" relativeResultsDirectory="9efa3b23-a191-4c19-ac50-735d9534c90f" />
    <UnitTestResult executionId="464911ec-d6a9-41a0-a017-b5824d688d22" testId="ef81f9ac-6299-44f7-bc4e-ebb48995af51" testName="ToTryGetHeader_Passing_HttpRequest_Header_Many_Values_Returns_Values" computerName="PC-SFERRARI" duration="00:00:00.0004877" startTime="2023-01-06T08:50:53.2573482+01:00" endTime="2023-01-06T08:50:53.2579084+01:00" testType="13cdc9d9-ddb5-4fa4-a97d-d965ccfc6d4b" outcome="Passed" testListId="8c84fa94-04c1-424b-9868-57a2d4851a1d" relativeResultsDirectory="464911ec-d6a9-41a0-a017-b5824d688d22" />
    <UnitTestResult executionId="9cb1638b-aeac-416b-a7d4-251a7f7505f5" testId="65ff3608-ccb7-4291-bf40-4cbd46cdd04a" testName="ThrowIfInsideRangeOrEqual_Passing_InvalidValue_Returns_ApplicationException (5)" computerName="PC-SFERRARI" duration="00:00:00.0000422" startTime="2023-01-06T08:50:53.8129261+01:00" endTime="2023-01-06T08:50:53.8130616+01:00" testType="13cdc9d9-ddb5-4fa4-a97d-d965ccfc6d4b" outcome="Passed" testListId="8c84fa94-04c1-424b-9868-57a2d4851a1d" relativeResultsDirectory="9cb1638b-aeac-416b-a7d4-251a7f7505f5" />
    <UnitTestResult executionId="03ee7a4d-eb69-4902-96bd-e7419d692609" testId="b4ad09cc-9cb3-4fb7-b554-fdf73621cb1f" testName="ToHashAlgorithmName_Passing_InvalidValueString_Returns_Null (hhhhhh)" computerName="PC-SFERRARI" duration="00:00:00.0001402" startTime="2023-01-06T08:50:53.6308347+01:00" endTime="2023-01-06T08:50:53.6310987+01:00" testType="13cdc9d9-ddb5-4fa4-a97d-d965ccfc6d4b" outcome="Passed" testListId="8c84fa94-04c1-424b-9868-57a2d4851a1d" relativeResultsDirectory="03ee7a4d-eb69-4902-96bd-e7419d692609" />
    <UnitTestResult executionId="fd0ed12c-30cf-4b57-aca7-5019a46c0237" testId="2003cd83-f0d9-46b2-9760-63418088a7e3" testName="ToUri_Passing_ValidValueString_Returns_Uri (http://userid@example.com/)" computerName="PC-SFERRARI" duration="00:00:00.0000076" startTime="2023-01-06T08:50:53.7125565+01:00" endTime="2023-01-06T08:50:53.7127045+01:00" testType="13cdc9d9-ddb5-4fa4-a97d-d965ccfc6d4b" outcome="Passed" testListId="8c84fa94-04c1-424b-9868-57a2d4851a1d" relativeResultsDirectory="fd0ed12c-30cf-4b57-aca7-5019a46c0237" />
    <UnitTestResult executionId="c09a1dc2-7a53-4180-b89e-6f17eae868cf" testId="b68f261e-4364-4002-935e-3dea3bdb6377" testName="ThrowIfNotEmail_Passing_InvalidValue_Returns_ApplicationExceptionWithMessage (34?fsds@sdd.yy)" computerName="PC-SFERRARI" duration="00:00:00.0000639" startTime="2023-01-06T08:50:53.8232666+01:00" endTime="2023-01-06T08:50:53.8234970+01:00" testType="13cdc9d9-ddb5-4fa4-a97d-d965ccfc6d4b" outcome="Passed" testListId="8c84fa94-04c1-424b-9868-57a2d4851a1d" relativeResultsDirectory="c09a1dc2-7a53-4180-b89e-6f17eae868cf" />
    <UnitTestResult executionId="912dc464-1512-4ead-a879-8699d86700ef" testId="dcdb21a0-0c21-4812-8ef9-3c1530dcdd09" testName="ToUri_Passing_InvalidValueString_Returns_DefaultValue (http://??/)" computerName="PC-SFERRARI" duration="00:00:00.0000125" startTime="2023-01-06T08:50:53.6936750+01:00" endTime="2023-01-06T08:50:53.6938313+01:00" testType="13cdc9d9-ddb5-4fa4-a97d-d965ccfc6d4b" outcome="Passed" testListId="8c84fa94-04c1-424b-9868-57a2d4851a1d" relativeResultsDirectory="912dc464-1512-4ead-a879-8699d86700ef" />
    <UnitTestResult executionId="bf0f8b96-8970-446c-b3ea-ffdacdb6716b" testId="15641b63-a7a9-4acb-ba04-9bdab72de491" testName="ToReplace_Passing_ValidValue_Returns_ReplacedValue (aeiou,*,2,2,ae**u)" computerName="PC-SFERRARI" duration="00:00:00.0000174" startTime="2023-01-06T08:50:53.6860863+01:00" endTime="2023-01-06T08:50:53.6884056+01:00" testType="13cdc9d9-ddb5-4fa4-a97d-d965ccfc6d4b" outcome="Passed" testListId="8c84fa94-04c1-424b-9868-57a2d4851a1d" relativeResultsDirectory="bf0f8b96-8970-446c-b3ea-ffdacdb6716b" />
    <UnitTestResult executionId="b52cf3d4-8bb1-4dd0-a50b-e0708d3cebeb" testId="8da114ee-1d46-43f0-8fda-c767725ba08f" testName="ToEmailMaskUserNameAndDomain_Passing_ValidEmail_Returns_EmailWithMask (qazwsxedc@gmail.com,q*******c@g***l.com)" computerName="PC-SFERRARI" duration="00:00:00.0000336" startTime="2023-01-06T08:50:53.5866990+01:00" endTime="2023-01-06T08:50:53.5869054+01:00" testType="13cdc9d9-ddb5-4fa4-a97d-d965ccfc6d4b" outcome="Passed" testListId="8c84fa94-04c1-424b-9868-57a2d4851a1d" relativeResultsDirectory="b52cf3d4-8bb1-4dd0-a50b-e0708d3cebeb" />
    <UnitTestResult executionId="ed1a0bc7-589c-434f-81ad-48e019d57d2b" testId="defb405b-d9b9-4a74-be55-f3991c89e70c" testName="ToAttribute_Passing_Enumeration_Name_Returns_Atributte" computerName="PC-SFERRARI" duration="00:00:00.0094031" startTime="2023-01-06T08:50:53.1151854+01:00" endTime="2023-01-06T08:50:53.1249154+01:00" testType="13cdc9d9-ddb5-4fa4-a97d-d965ccfc6d4b" outcome="Passed" testListId="8c84fa94-04c1-424b-9868-57a2d4851a1d" relativeResultsDirectory="ed1a0bc7-589c-434f-81ad-48e019d57d2b" />
    <UnitTestResult executionId="9f2b22ed-2b43-4176-91f8-eeebfaa1bf62" testId="74a1ad00-13f7-464d-9067-f25a1061f9fc" testName="ToEmailMask_Passing_ValidEmail_Returns_EmailWithMask (qaz@gmail.com,q-z@g----.com)" computerName="PC-SFERRARI" duration="00:00:00.0005255" startTime="2023-01-06T08:50:53.5928805+01:00" endTime="2023-01-06T08:50:53.5935578+01:00" testType="13cdc9d9-ddb5-4fa4-a97d-d965ccfc6d4b" outcome="Passed" testListId="8c84fa94-04c1-424b-9868-57a2d4851a1d" relativeResultsDirectory="9f2b22ed-2b43-4176-91f8-eeebfaa1bf62" />
    <UnitTestResult executionId="5a2c4721-9746-4ec7-92ed-ff72a8b6f7ad" testId="8aaa83c6-b960-4e1c-894c-53ac86b4639a" testName="ToConfiguration_Passing_Invalid_DirectoryPath_Returns_ApplicationException" computerName="PC-SFERRARI" duration="00:00:00.0010276" startTime="2023-01-06T08:50:53.0262753+01:00" endTime="2023-01-06T08:50:53.0274544+01:00" testType="13cdc9d9-ddb5-4fa4-a97d-d965ccfc6d4b" outcome="Passed" testListId="8c84fa94-04c1-424b-9868-57a2d4851a1d" relativeResultsDirectory="5a2c4721-9746-4ec7-92ed-ff72a8b6f7ad" />
    <UnitTestResult executionId="ed4cadd6-41db-408d-9749-be15066c706e" testId="038bc8a7-6b38-4d0f-96b7-7e8dd0b58e80" testName="ToNormalize_Passing_ValidValue_Returns_NormalizedValue (Mañana,Manana)" computerName="PC-SFERRARI" duration="00:00:00.0000709" startTime="2023-01-06T08:50:53.6630311+01:00" endTime="2023-01-06T08:50:53.6632783+01:00" testType="13cdc9d9-ddb5-4fa4-a97d-d965ccfc6d4b" outcome="Passed" testListId="8c84fa94-04c1-424b-9868-57a2d4851a1d" relativeResultsDirectory="ed4cadd6-41db-408d-9749-be15066c706e" />
    <UnitTestResult executionId="035e5830-b2d8-42e9-b338-f0f677fea4f7" testId="8f139132-fad0-4648-ad51-b43defae930d" testName="ToSetTime_Passing_Time_Int_Returns_DateTime" computerName="PC-SFERRARI" duration="00:00:00.0003013" startTime="2023-01-06T08:50:53.0988968+01:00" endTime="2023-01-06T08:50:53.0992672+01:00" testType="13cdc9d9-ddb5-4fa4-a97d-d965ccfc6d4b" outcome="Passed" testListId="8c84fa94-04c1-424b-9868-57a2d4851a1d" relativeResultsDirectory="035e5830-b2d8-42e9-b338-f0f677fea4f7" />
    <UnitTestResult executionId="0b4db414-2136-4f53-a4df-ee79d0c00399" testId="382bcabd-f422-4098-b750-3c8bb070650d" testName="IsNullOrAny_Passing_InvalidValue_Returns_True" computerName="PC-SFERRARI" duration="00:00:00.0001378" startTime="2023-01-06T08:50:53.8051560+01:00" endTime="2023-01-06T08:50:53.8053938+01:00" testType="13cdc9d9-ddb5-4fa4-a97d-d965ccfc6d4b" outcome="Passed" testListId="8c84fa94-04c1-424b-9868-57a2d4851a1d" relativeResultsDirectory="0b4db414-2136-4f53-a4df-ee79d0c00399" />
    <UnitTestResult executionId="467cdd3b-27a9-42a1-92c7-70ac48a4ef42" testId="8a07608c-1ca0-4e11-ac55-dbbcdc8a523e" testName="ToConfiguration_Passing_Valid_DirectoryPath_Valid_JsonFileName_Returns_Ok" computerName="PC-SFERRARI" duration="00:00:00.0131962" startTime="2023-01-06T08:50:53.0394960+01:00" endTime="2023-01-06T08:50:53.0528977+01:00" testType="13cdc9d9-ddb5-4fa4-a97d-d965ccfc6d4b" outcome="Passed" testListId="8c84fa94-04c1-424b-9868-57a2d4851a1d" relativeResultsDirectory="467cdd3b-27a9-42a1-92c7-70ac48a4ef42" />
    <UnitTestResult executionId="98dddfcc-42c2-427a-9c72-c9eee67814ec" testId="d31c82dc-7fad-4838-a5f0-d752a14c70fc" testName="ResultDataBadRequest_WithErrors_Value" computerName="PC-SFERRARI" duration="00:00:00.0004595" startTime="2023-01-06T08:50:53.4189721+01:00" endTime="2023-01-06T08:50:53.4195120+01:00" testType="13cdc9d9-ddb5-4fa4-a97d-d965ccfc6d4b" outcome="Passed" testListId="8c84fa94-04c1-424b-9868-57a2d4851a1d" relativeResultsDirectory="98dddfcc-42c2-427a-9c72-c9eee67814ec" />
    <UnitTestResult executionId="c3324df6-1499-4354-ad74-ee5c57ae90f0" testId="8399708d-2d26-4e90-b787-45bd7c00f892" testName="CreateAndVerifySHA256_Passing_Valid_Arguments_Returns_True (sdlfkjldsfksdfñl·%$·&amp;$/U&amp;/)(&amp;()?=)¿?^P*^PÑL,.,.lñ´ñ+98098'098098)" computerName="PC-SFERRARI" duration="00:00:00.0000499" startTime="2023-01-06T08:50:53.1883495+01:00" endTime="2023-01-06T08:50:53.1887297+01:00" testType="13cdc9d9-ddb5-4fa4-a97d-d965ccfc6d4b" outcome="Passed" testListId="8c84fa94-04c1-424b-9868-57a2d4851a1d" relativeResultsDirectory="c3324df6-1499-4354-ad74-ee5c57ae90f0" />
    <UnitTestResult executionId="713cd967-9f03-453f-a12c-bab3efbcc36a" testId="083b8f9a-a791-4342-bfec-434649ddb038" testName="ThrowIfOutRange_Passing_InvalidValue_Returns_ApplicationException (7)" computerName="PC-SFERRARI" duration="00:00:00.0000460" startTime="2023-01-06T08:50:53.8352973+01:00" endTime="2023-01-06T08:50:53.8354508+01:00" testType="13cdc9d9-ddb5-4fa4-a97d-d965ccfc6d4b" outcome="Passed" testListId="8c84fa94-04c1-424b-9868-57a2d4851a1d" relativeResultsDirectory="713cd967-9f03-453f-a12c-bab3efbcc36a" />
    <UnitTestResult executionId="e240973c-798b-48be-b944-e90234cc7796" testId="e0dc396f-0eb1-4d78-b454-2b3fb407d53e" testName="ToUri_Passing_ValidValueString_Returns_Uri (http://userid@example.com)" computerName="PC-SFERRARI" duration="00:00:00.0000079" startTime="2023-01-06T08:50:53.7123547+01:00" endTime="2023-01-06T08:50:53.7125070+01:00" testType="13cdc9d9-ddb5-4fa4-a97d-d965ccfc6d4b" outcome="Passed" testListId="8c84fa94-04c1-424b-9868-57a2d4851a1d" relativeResultsDirectory="e240973c-798b-48be-b944-e90234cc7796" />
    <UnitTestResult executionId="170e8b2f-5959-4e09-91a0-9e94dcbc0a42" testId="5fd1c689-d7cf-4b6c-9cb9-5c18ca99a0f6" testName="ResultOk_WithMessage_WithDetails" computerName="PC-SFERRARI" duration="00:00:00.0005903" startTime="2023-01-06T08:50:53.4935972+01:00" endTime="2023-01-06T08:50:53.4945292+01:00" testType="13cdc9d9-ddb5-4fa4-a97d-d965ccfc6d4b" outcome="Passed" testListId="8c84fa94-04c1-424b-9868-57a2d4851a1d" relativeResultsDirectory="170e8b2f-5959-4e09-91a0-9e94dcbc0a42" />
    <UnitTestResult executionId="3a4ad070-fdd4-45d7-8941-5f0107880344" testId="3350ea9b-1a25-469c-a6e7-bc5b932ff78d" testName="ResultUnauthorized" computerName="PC-SFERRARI" duration="00:00:00.0006066" startTime="2023-01-06T08:50:53.4946241+01:00" endTime="2023-01-06T08:50:53.4953855+01:00" testType="13cdc9d9-ddb5-4fa4-a97d-d965ccfc6d4b" outcome="Passed" testListId="8c84fa94-04c1-424b-9868-57a2d4851a1d" relativeResultsDirectory="3a4ad070-fdd4-45d7-8941-5f0107880344" />
    <UnitTestResult executionId="7230c65f-90fb-4d00-beb1-3d549b63cee9" testId="8a9babf8-2b95-44e8-acc8-fc102cf7bae4" testName="ToAge_Passing_Birthday_DateTime_Returns_Age" computerName="PC-SFERRARI" duration="00:00:00.0007044" startTime="2023-01-06T08:50:53.0952513+01:00" endTime="2023-01-06T08:50:53.0962671+01:00" testType="13cdc9d9-ddb5-4fa4-a97d-d965ccfc6d4b" outcome="Passed" testListId="8c84fa94-04c1-424b-9868-57a2d4851a1d" relativeResultsDirectory="7230c65f-90fb-4d00-beb1-3d549b63cee9" />
    <UnitTestResult executionId="a11858d1-20aa-47d2-b0c4-514abb4d2f2e" testId="7a6b20d9-6de5-48fb-bbba-b97c76646e54" testName="ToRemove_Passing_ValidValue_Returns_ValueWithoutRemovedChars (aeiou,e,aiou)" computerName="PC-SFERRARI" duration="00:00:00.0000406" startTime="2023-01-06T08:50:53.6768081+01:00" endTime="2023-01-06T08:50:53.6770721+01:00" testType="13cdc9d9-ddb5-4fa4-a97d-d965ccfc6d4b" outcome="Passed" testListId="8c84fa94-04c1-424b-9868-57a2d4851a1d" relativeResultsDirectory="a11858d1-20aa-47d2-b0c4-514abb4d2f2e" />
    <UnitTestResult executionId="c415c09e-e1ab-4cf1-934e-53087c2f7697" testId="9629f98f-a52b-4838-9a33-e3da2d1004a8" testName="ToUri_Passing_ValidValueString_Returns_Uri (http://例子.测试)" computerName="PC-SFERRARI" duration="00:00:00.0000141" startTime="2023-01-06T08:50:53.7268519+01:00" endTime="2023-01-06T08:50:53.7270099+01:00" testType="13cdc9d9-ddb5-4fa4-a97d-d965ccfc6d4b" outcome="Passed" testListId="8c84fa94-04c1-424b-9868-57a2d4851a1d" relativeResultsDirectory="c415c09e-e1ab-4cf1-934e-53087c2f7697" />
    <UnitTestResult executionId="e370142d-a62d-47b5-a938-e622615b6e7c" testId="a06121a4-ab58-47f7-b555-e59663779704" testName="ToUri_Passing_ValidValueString_Returns_Uri (http://foo.com/blah_blah/)" computerName="PC-SFERRARI" duration="00:00:00.0002717" startTime="2023-01-06T08:50:53.7012355+01:00" endTime="2023-01-06T08:50:53.7017574+01:00" testType="13cdc9d9-ddb5-4fa4-a97d-d965ccfc6d4b" outcome="Passed" testListId="8c84fa94-04c1-424b-9868-57a2d4851a1d" relativeResultsDirectory="e370142d-a62d-47b5-a938-e622615b6e7c" />
    <UnitTestResult executionId="e50ee527-ae4d-4cf8-8c7f-e55e2683ab1d" testId="7002e0a2-55d5-42d1-b4cf-9a3b102ce3d2" testName="ToEnvironment_Passing_Service_Not_Found_Returns_ApplicationException" computerName="PC-SFERRARI" duration="00:00:00.0047064" startTime="2023-01-06T08:50:52.8607394+01:00" endTime="2023-01-06T08:50:52.8656044+01:00" testType="13cdc9d9-ddb5-4fa4-a97d-d965ccfc6d4b" outcome="Passed" testListId="8c84fa94-04c1-424b-9868-57a2d4851a1d" relativeResultsDirectory="e50ee527-ae4d-4cf8-8c7f-e55e2683ab1d" />
    <UnitTestResult executionId="556341b8-d574-45ca-b94c-18b1347a9c14" testId="bc785a8b-1afc-40ae-89bd-530a402a8fff" testName="ToStartOfWeek_Passing_DateTime_Returns_Start_Of_Week_DateTime" computerName="PC-SFERRARI" duration="00:00:00.0003072" startTime="2023-01-06T08:50:53.1034915+01:00" endTime="2023-01-06T08:50:53.1039760+01:00" testType="13cdc9d9-ddb5-4fa4-a97d-d965ccfc6d4b" outcome="Passed" testListId="8c84fa94-04c1-424b-9868-57a2d4851a1d" relativeResultsDirectory="556341b8-d574-45ca-b94c-18b1347a9c14" />
    <UnitTestResult executionId="a3424ac9-2cf3-4865-931b-09afcd793206" testId="526dfa44-3812-4ccb-be55-5a85cf0247c0" testName="CreateSHA512_Passing_Invalid_Arguments_Returns_ApplicationException ()" computerName="PC-SFERRARI" duration="00:00:00.0005658" startTime="2023-01-06T08:50:53.2003382+01:00" endTime="2023-01-06T08:50:53.2010418+01:00" testType="13cdc9d9-ddb5-4fa4-a97d-d965ccfc6d4b" outcome="Passed" testListId="8c84fa94-04c1-424b-9868-57a2d4851a1d" relativeResultsDirectory="a3424ac9-2cf3-4865-931b-09afcd793206" />
    <UnitTestResult executionId="5b1ec4f7-12a6-4efa-8f8b-f36715ec764d" testId="0bcf7198-ad11-4a38-91ae-d720201bcbb3" testName="ToEmailMask_Passing_ValidEmail_Returns_EmailWithMask (qazwsx@gmail.com,q----x@g----.com)" computerName="PC-SFERRARI" duration="00:00:00.0003505" startTime="2023-01-06T08:50:53.5936349+01:00" endTime="2023-01-06T08:50:53.5942941+01:00" testType="13cdc9d9-ddb5-4fa4-a97d-d965ccfc6d4b" outcome="Passed" testListId="8c84fa94-04c1-424b-9868-57a2d4851a1d" relativeResultsDirectory="5b1ec4f7-12a6-4efa-8f8b-f36715ec764d" />
    <UnitTestResult executionId="ffb4d0ec-483c-40c9-a09d-b1c79c8655b8" testId="7dadf1df-0ead-491e-ad47-f98ebbbf3194" testName="ResultInternalServerError" computerName="PC-SFERRARI" duration="00:00:00.0003660" startTime="2023-01-06T08:50:53.4874326+01:00" endTime="2023-01-06T08:50:53.4879158+01:00" testType="13cdc9d9-ddb5-4fa4-a97d-d965ccfc6d4b" outcome="Passed" testListId="8c84fa94-04c1-424b-9868-57a2d4851a1d" relativeResultsDirectory="ffb4d0ec-483c-40c9-a09d-b1c79c8655b8" />
    <UnitTestResult executionId="0b7a3628-dd1d-4aac-bbf0-9102c18bd3eb" testId="f71574ae-3fdd-47d8-ace2-9850743dcdad" testName="ToConfiguration_Passing_Empty_DirectoryPath_Returns_ApplicationException" computerName="PC-SFERRARI" duration="00:00:00.0049554" startTime="2023-01-06T08:50:53.0209234+01:00" endTime="2023-01-06T08:50:53.0261699+01:00" testType="13cdc9d9-ddb5-4fa4-a97d-d965ccfc6d4b" outcome="Passed" testListId="8c84fa94-04c1-424b-9868-57a2d4851a1d" relativeResultsDirectory="0b7a3628-dd1d-4aac-bbf0-9102c18bd3eb" />
    <UnitTestResult executionId="50648ec6-8d65-49f9-88eb-93492f97c1f9" testId="c1dab99a-baea-4071-9f81-759558a1eda1" testName="ToFirstLetterUpper_Passing_ValidValue_Returns_StringWithFirstLetterUpper (aeiou,Aeiou)" computerName="PC-SFERRARI" duration="00:00:00.0001896" startTime="2023-01-06T08:50:53.6227659+01:00" endTime="2023-01-06T08:50:53.6230744+01:00" testType="13cdc9d9-ddb5-4fa4-a97d-d965ccfc6d4b" outcome="Passed" testListId="8c84fa94-04c1-424b-9868-57a2d4851a1d" relativeResultsDirectory="50648ec6-8d65-49f9-88eb-93492f97c1f9" />
    <UnitTestResult executionId="ee336868-1716-409a-ba25-896c266dfd05" testId="0d144cf3-0906-4757-ad8e-c390fc76cad3" testName="ThrowIfNotEmail_Passing_InvalidValue_Returns_ApplicationExceptionWithMessage (dasdasd@dsasd.._ff)" computerName="PC-SFERRARI" duration="00:00:00.0012048" startTime="2023-01-06T08:50:53.8163465+01:00" endTime="2023-01-06T08:50:53.8203817+01:00" testType="13cdc9d9-ddb5-4fa4-a97d-d965ccfc6d4b" outcome="Passed" testListId="8c84fa94-04c1-424b-9868-57a2d4851a1d" relativeResultsDirectory="ee336868-1716-409a-ba25-896c266dfd05" />
    <UnitTestResult executionId="80ac8a0a-5a84-4cbe-a187-73c295df4d36" testId="dfce3027-d19b-402c-a6b7-84b8705c8c88" testName="ToDefaultValue_Passing_ValidGuid_Returns_DefaultValue" computerName="PC-SFERRARI" duration="00:00:00.0007341" startTime="2023-01-06T08:50:53.8006870+01:00" endTime="2023-01-06T08:50:53.8015630+01:00" testType="13cdc9d9-ddb5-4fa4-a97d-d965ccfc6d4b" outcome="Passed" testListId="8c84fa94-04c1-424b-9868-57a2d4851a1d" relativeResultsDirectory="80ac8a0a-5a84-4cbe-a187-73c295df4d36" />
    <UnitTestResult executionId="16f25d8a-1126-4e1f-b84c-066f0b168068" testId="e5c4853b-2d78-47fe-8164-4ce8e5f9f4b2" testName="ToUri_Passing_ValidValueString_Returns_Uri (http://223.255.255.254)" computerName="PC-SFERRARI" duration="00:00:00.0000204" startTime="2023-01-06T08:50:53.7296680+01:00" endTime="2023-01-06T08:50:53.7300731+01:00" testType="13cdc9d9-ddb5-4fa4-a97d-d965ccfc6d4b" outcome="Passed" testListId="8c84fa94-04c1-424b-9868-57a2d4851a1d" relativeResultsDirectory="16f25d8a-1126-4e1f-b84c-066f0b168068" />
    <UnitTestResult executionId="0623ce35-20be-4fb4-b490-fbcf8ed2d330" testId="0afa185c-01c1-42f6-89f9-889bcb46e719" testName="ToInt_Passing_InvalidValueString_Returns_Null (1.3333)" computerName="PC-SFERRARI" duration="00:00:00.0002960" startTime="2023-01-06T08:50:53.6350291+01:00" endTime="2023-01-06T08:50:53.6354580+01:00" testType="13cdc9d9-ddb5-4fa4-a97d-d965ccfc6d4b" outcome="Passed" testListId="8c84fa94-04c1-424b-9868-57a2d4851a1d" relativeResultsDirectory="0623ce35-20be-4fb4-b490-fbcf8ed2d330" />
    <UnitTestResult executionId="8f6a77fd-5bcf-4b83-b533-691df0d0a846" testId="1001aec7-cf33-468c-b965-e5988f607fd8" testName="ToDefaultValue_Passing_ValidStruct_Returns_DefaultValue" computerName="PC-SFERRARI" duration="00:00:00.0004182" startTime="2023-01-06T08:50:53.8030149+01:00" endTime="2023-01-06T08:50:53.8035848+01:00" testType="13cdc9d9-ddb5-4fa4-a97d-d965ccfc6d4b" outcome="Passed" testListId="8c84fa94-04c1-424b-9868-57a2d4851a1d" relativeResultsDirectory="8f6a77fd-5bcf-4b83-b533-691df0d0a846" />
    <UnitTestResult executionId="c8f8d844-bdf0-45e3-8385-a3bd0e3f80aa" testId="015ce36d-6415-4687-be90-c70181f2e0d4" testName="CreateSHA512_Passing_Invalid_Arguments_Returns_ApplicationException ()" computerName="PC-SFERRARI" duration="00:00:00.0003765" startTime="2023-01-06T08:50:53.2011259+01:00" endTime="2023-01-06T08:50:53.2017149+01:00" testType="13cdc9d9-ddb5-4fa4-a97d-d965ccfc6d4b" outcome="Passed" testListId="8c84fa94-04c1-424b-9868-57a2d4851a1d" relativeResultsDirectory="c8f8d844-bdf0-45e3-8385-a3bd0e3f80aa" />
    <UnitTestResult executionId="65ee70d6-ae31-4aea-b097-8a169a825730" testId="7f74c7fd-dc59-4685-9c9d-5ee8e03d63d6" testName="ToList_Passing_ValidEnumTypeWithSelectedValueWithResourceType_Returns_ValuesList" computerName="PC-SFERRARI" duration="00:00:00.0007093" startTime="2023-01-06T08:50:53.1350407+01:00" endTime="2023-01-06T08:50:53.1358607+01:00" testType="13cdc9d9-ddb5-4fa4-a97d-d965ccfc6d4b" outcome="Passed" testListId="8c84fa94-04c1-424b-9868-57a2d4851a1d" relativeResultsDirectory="65ee70d6-ae31-4aea-b097-8a169a825730" />
    <UnitTestResult executionId="df2013e4-db53-46ff-bb6d-956b98ea2310" testId="f264cbb9-1458-4410-ae8d-d938368cb946" testName="ToInt_Passing_InvalidValueString_Returns_DefaultValue (1,3333)" computerName="PC-SFERRARI" duration="00:00:00.0002265" startTime="2023-01-06T08:50:53.6319749+01:00" endTime="2023-01-06T08:50:53.6323342+01:00" testType="13cdc9d9-ddb5-4fa4-a97d-d965ccfc6d4b" outcome="Passed" testListId="8c84fa94-04c1-424b-9868-57a2d4851a1d" relativeResultsDirectory="df2013e4-db53-46ff-bb6d-956b98ea2310" />
    <UnitTestResult executionId="bb400def-20fe-4589-bbff-d88921a42ea9" testId="2ae06bdb-17b3-4506-951a-ed069de492b7" testName="ThrowIfOutRange_Passing_InvalidValue_Returns_ApplicationException (-1)" computerName="PC-SFERRARI" duration="00:00:00.0003606" startTime="2023-01-06T08:50:53.8337571+01:00" endTime="2023-01-06T08:50:53.8343887+01:00" testType="13cdc9d9-ddb5-4fa4-a97d-d965ccfc6d4b" outcome="Passed" testListId="8c84fa94-04c1-424b-9868-57a2d4851a1d" relativeResultsDirectory="bb400def-20fe-4589-bbff-d88921a42ea9" />
    <UnitTestResult executionId="3375219e-1c9b-4527-84c9-e78010cb1ad6" testId="3c46dbc9-c919-431e-a614-21cee6d56f74" testName="ToIsWeekend_Passing_Saturday_DateTime_Returns_True" computerName="PC-SFERRARI" duration="00:00:00.0000897" startTime="2023-01-06T08:50:53.0985114+01:00" endTime="2023-01-06T08:50:53.0986682+01:00" testType="13cdc9d9-ddb5-4fa4-a97d-d965ccfc6d4b" outcome="Passed" testListId="8c84fa94-04c1-424b-9868-57a2d4851a1d" relativeResultsDirectory="3375219e-1c9b-4527-84c9-e78010cb1ad6" />
    <UnitTestResult executionId="8de342f6-28c4-42b7-928e-bac13f022127" testId="cbe48fa1-2202-42cc-bfdb-cb580dd586d9" testName="ToEmailMask_Passing_ValidEmail_Returns_EmailWithMask (qazwsx@gmailgmail.com,q----x@g---------.com)" computerName="PC-SFERRARI" duration="00:00:00.0000532" startTime="2023-01-06T08:50:53.5973571+01:00" endTime="2023-01-06T08:50:53.5977243+01:00" testType="13cdc9d9-ddb5-4fa4-a97d-d965ccfc6d4b" outcome="Passed" testListId="8c84fa94-04c1-424b-9868-57a2d4851a1d" relativeResultsDirectory="8de342f6-28c4-42b7-928e-bac13f022127" />
    <UnitTestResult executionId="ba4863f9-22cf-446c-9953-2cece4bc55b6" testId="09d33410-8181-4993-98fa-68e965384322" testName="ThrowIf_Passing_ValidValue_Returns_Value" computerName="PC-SFERRARI" duration="00:00:00.0003586" startTime="2023-01-06T08:50:53.8365037+01:00" endTime="2023-01-06T08:50:53.8369765+01:00" testType="13cdc9d9-ddb5-4fa4-a97d-d965ccfc6d4b" outcome="Passed" testListId="8c84fa94-04c1-424b-9868-57a2d4851a1d" relativeResultsDirectory="ba4863f9-22cf-446c-9953-2cece4bc55b6" />
    <UnitTestResult executionId="0e4e08cb-da10-47ab-9042-3ccf4f7e5bd9" testId="a4c02a7f-e0de-42df-8d1c-ace6ccde0420" testName="ToDefaultValue_Passing_ValidString_Returns_DefaultValue" computerName="PC-SFERRARI" duration="00:00:00.0001247" startTime="2023-01-06T08:50:53.8020076+01:00" endTime="2023-01-06T08:50:53.8022253+01:00" testType="13cdc9d9-ddb5-4fa4-a97d-d965ccfc6d4b" outcome="Passed" testListId="8c84fa94-04c1-424b-9868-57a2d4851a1d" relativeResultsDirectory="0e4e08cb-da10-47ab-9042-3ccf4f7e5bd9" />
    <UnitTestResult executionId="f85fdc1a-1bdd-4bab-b709-1c99c5d7cf84" testId="3eaa99a2-2a4b-4e2e-b46f-901b41289aab" testName="ToUri_Passing_InvalidValueString_Returns_Null (http://##)" computerName="PC-SFERRARI" duration="00:00:00.0000161" startTime="2023-01-06T08:50:53.7000750+01:00" endTime="2023-01-06T08:50:53.7003653+01:00" testType="13cdc9d9-ddb5-4fa4-a97d-d965ccfc6d4b" outcome="Passed" testListId="8c84fa94-04c1-424b-9868-57a2d4851a1d" relativeResultsDirectory="f85fdc1a-1bdd-4bab-b709-1c99c5d7cf84" />
    <UnitTestResult executionId="16016658-0c0d-4f66-a3dc-3160a3f49c87" testId="df3e175c-484c-41ee-9c78-455ab0ac4003" testName="ToReplace_Passing_ValidValue_Returns_ReplacedValue (aeiou,*,0,3,***ou)" computerName="PC-SFERRARI" duration="00:00:00.0000181" startTime="2023-01-06T08:50:53.6840332+01:00" endTime="2023-01-06T08:50:53.6846965+01:00" testType="13cdc9d9-ddb5-4fa4-a97d-d965ccfc6d4b" outcome="Passed" testListId="8c84fa94-04c1-424b-9868-57a2d4851a1d" relativeResultsDirectory="16016658-0c0d-4f66-a3dc-3160a3f49c87" />
    <UnitTestResult executionId="8a3a3e24-08ee-4d11-9694-f7c1fb4d21a1" testId="afe1cbfb-0466-4bc1-a0d2-4efbd69108ac" testName="ToEmailMaskUserNameAndDomainAndExtension_Passing_ValidEmail_Returns_EmailWithMask (qazwsx@gmail.com,q****x@g***l.c*m)" computerName="PC-SFERRARI" duration="00:00:00.0003037" startTime="2023-01-06T08:50:53.5828300+01:00" endTime="2023-01-06T08:50:53.5833237+01:00" testType="13cdc9d9-ddb5-4fa4-a97d-d965ccfc6d4b" outcome="Passed" testListId="8c84fa94-04c1-424b-9868-57a2d4851a1d" relativeResultsDirectory="8a3a3e24-08ee-4d11-9694-f7c1fb4d21a1" />
    <UnitTestResult executionId="85686efa-f45d-4aae-a7fd-20212b99a755" testId="70996442-bc2d-486a-b1d5-147133e1be02" testName="ToIsAuthenticated_Passing_Claims_Returns_True" computerName="PC-SFERRARI" duration="00:00:00.0006466" startTime="2023-01-06T08:50:53.0189411+01:00" endTime="2023-01-06T08:50:53.0197172+01:00" testType="13cdc9d9-ddb5-4fa4-a97d-d965ccfc6d4b" outcome="Passed" testListId="8c84fa94-04c1-424b-9868-57a2d4851a1d" relativeResultsDirectory="85686efa-f45d-4aae-a7fd-20212b99a755" />
    <UnitTestResult executionId="261438e5-ee32-4b4a-9065-d59874dfaa71" testId="bde83435-3497-4211-b28b-d74a62a31f3f" testName="ToConfigureOrDefault_Passing_ActionCustomValues_Returns_CustomValues" computerName="PC-SFERRARI" duration="00:00:00.0075141" startTime="2023-01-06T08:50:52.2995990+01:00" endTime="2023-01-06T08:50:52.3702270+01:00" testType="13cdc9d9-ddb5-4fa4-a97d-d965ccfc6d4b" outcome="Passed" testListId="8c84fa94-04c1-424b-9868-57a2d4851a1d" relativeResultsDirectory="261438e5-ee32-4b4a-9065-d59874dfaa71" />
    <UnitTestResult executionId="4a2b8d33-987f-4a85-9db8-0677aa19b40a" testId="b2bfc27c-03a6-4b66-ae03-439b66a6f005" testName="ToUri_Passing_ValidValueString_Returns_Uri (http://foo.com/unicode_(✪)_in_parens)" computerName="PC-SFERRARI" duration="00:00:00.0000173" startTime="2023-01-06T08:50:53.7232335+01:00" endTime="2023-01-06T08:50:53.7234291+01:00" testType="13cdc9d9-ddb5-4fa4-a97d-d965ccfc6d4b" outcome="Passed" testListId="8c84fa94-04c1-424b-9868-57a2d4851a1d" relativeResultsDirectory="4a2b8d33-987f-4a85-9db8-0677aa19b40a" />
    <UnitTestResult executionId="8880140a-1382-4f41-b851-21a71bd1162c" testId="5dee3561-0c62-4154-bde8-8740786e2984" testName="ToNormalize_Passing_ValidValue_Returns_NormalizedValue (ñ Ñ,n N)" computerName="PC-SFERRARI" duration="00:00:00.0000409" startTime="2023-01-06T08:50:53.6637050+01:00" endTime="2023-01-06T08:50:53.6639337+01:00" testType="13cdc9d9-ddb5-4fa4-a97d-d965ccfc6d4b" outcome="Passed" testListId="8c84fa94-04c1-424b-9868-57a2d4851a1d" relativeResultsDirectory="8880140a-1382-4f41-b851-21a71bd1162c" />
    <UnitTestResult executionId="17a35ee3-cb9d-4850-b604-21f7500371f2" testId="536a1f30-b55b-4439-90b3-80a7e4081b97" testName="ToRemove_Passing_ValidValue_Returns_ValueWithoutRemovedChars (* , ,*)" computerName="PC-SFERRARI" duration="00:00:00.0002660" startTime="2023-01-06T08:50:53.6706895+01:00" endTime="2023-01-06T08:50:53.6712106+01:00" testType="13cdc9d9-ddb5-4fa4-a97d-d965ccfc6d4b" outcome="Passed" testListId="8c84fa94-04c1-424b-9868-57a2d4851a1d" relativeResultsDirectory="17a35ee3-cb9d-4850-b604-21f7500371f2" />
    <UnitTestResult executionId="c021f6aa-ba8b-42a2-ae84-a5534c54ca0b" testId="d0d590b8-ace8-4f84-a53a-78753f76aea1" testName="ToEmailMaskUserName_Passing_ValidEmail_Returns_EmailWithMask (qazwsxedc@gmailgmail.com,q*******c@gmailgmail.com)" computerName="PC-SFERRARI" duration="00:00:00.0000299" startTime="2023-01-06T08:50:53.5926486+01:00" endTime="2023-01-06T08:50:53.5928141+01:00" testType="13cdc9d9-ddb5-4fa4-a97d-d965ccfc6d4b" outcome="Passed" testListId="8c84fa94-04c1-424b-9868-57a2d4851a1d" relativeResultsDirectory="c021f6aa-ba8b-42a2-ae84-a5534c54ca0b" />
    <UnitTestResult executionId="5ad47b32-a6ed-4afc-a69e-2475961f3946" testId="4d50be63-70da-435c-b1fa-fcf1d0fb3cf2" testName="ToDirectoryReadFileAsync_Passing_ValidValue_Returns_False" computerName="PC-SFERRARI" duration="00:00:00.0167903" startTime="2023-01-06T08:50:53.5495977+01:00" endTime="2023-01-06T08:50:53.5666103+01:00" testType="13cdc9d9-ddb5-4fa4-a97d-d965ccfc6d4b" outcome="Passed" testListId="8c84fa94-04c1-424b-9868-57a2d4851a1d" relativeResultsDirectory="5ad47b32-a6ed-4afc-a69e-2475961f3946" />
    <UnitTestResult executionId="f1227936-df58-41a3-8058-83b13c947fe5" testId="1eccbb59-6303-4f11-ad81-8741b335d157" testName="ToStringFormat_Passing_ValidValue_Returns_ValueWithoutRemovedChars (-1)" computerName="PC-SFERRARI" duration="00:00:00.0000064" startTime="2023-01-06T08:50:53.3832102+01:00" endTime="2023-01-06T08:50:53.3833096+01:00" testType="13cdc9d9-ddb5-4fa4-a97d-d965ccfc6d4b" outcome="Passed" testListId="8c84fa94-04c1-424b-9868-57a2d4851a1d" relativeResultsDirectory="f1227936-df58-41a3-8058-83b13c947fe5" />
    <UnitTestResult executionId="28ecc686-e7ac-4505-a944-b7374e45314f" testId="bd43619c-a666-4b12-a16e-335d024ee4a5" testName="ThrowIfNotEmail_Passing_InvalidValue_Returns_ApplicationExceptionWithMessage (34fsds@@sdd.f)" computerName="PC-SFERRARI" duration="00:00:00.0003071" startTime="2023-01-06T08:50:53.8205081+01:00" endTime="2023-01-06T08:50:53.8210430+01:00" testType="13cdc9d9-ddb5-4fa4-a97d-d965ccfc6d4b" outcome="Passed" testListId="8c84fa94-04c1-424b-9868-57a2d4851a1d" relativeResultsDirectory="28ecc686-e7ac-4505-a944-b7374e45314f" />
    <UnitTestResult executionId="a85ee2b3-767f-464c-88c9-c5e475b65f83" testId="b2a2ab64-18c5-4d7d-a3e9-3f42ad019832" testName="ResultOK" computerName="PC-SFERRARI" duration="00:00:00.0003625" startTime="2023-01-06T08:50:53.4879647+01:00" endTime="2023-01-06T08:50:53.4884126+01:00" testType="13cdc9d9-ddb5-4fa4-a97d-d965ccfc6d4b" outcome="Passed" testListId="8c84fa94-04c1-424b-9868-57a2d4851a1d" relativeResultsDirectory="a85ee2b3-767f-464c-88c9-c5e475b65f83" />
    <UnitTestResult executionId="efb63535-ff78-4481-ba4b-5d74bb5ec863" testId="d4848772-db7c-42db-b947-cd0706ad61bf" testName="ToGetAll_Passing_Claims_Returns_Claim_Value_Int_List" computerName="PC-SFERRARI" duration="00:00:00.0110548" startTime="2023-01-06T08:50:52.9700484+01:00" endTime="2023-01-06T08:50:52.9812222+01:00" testType="13cdc9d9-ddb5-4fa4-a97d-d965ccfc6d4b" outcome="Passed" testListId="8c84fa94-04c1-424b-9868-57a2d4851a1d" relativeResultsDirectory="efb63535-ff78-4481-ba4b-5d74bb5ec863" />
    <UnitTestResult executionId="c01c814b-ba81-4cdd-a8f0-5bae70ad1a1d" testId="7115f0da-72b4-4a37-9bb6-05128f93f2a6" testName="ToCompress_Passing_Value_Bytes_Returns_Value_Bytes" computerName="PC-SFERRARI" duration="00:00:00.0015338" startTime="2023-01-06T08:50:52.9162583+01:00" endTime="2023-01-06T08:50:52.9179426+01:00" testType="13cdc9d9-ddb5-4fa4-a97d-d965ccfc6d4b" outcome="Passed" testListId="8c84fa94-04c1-424b-9868-57a2d4851a1d" relativeResultsDirectory="c01c814b-ba81-4cdd-a8f0-5bae70ad1a1d" />
    <UnitTestResult executionId="e2e98607-6b2c-4b63-95ec-8dfc609e5a5d" testId="48a5b8cd-18ba-4c0f-899c-731ea98c1b2e" testName="ToMapNew_Passing_TSource_And_TDestination_Returns_New_TDestination_Object" computerName="PC-SFERRARI" duration="00:00:00.0006265" startTime="2023-01-06T08:50:52.7013834+01:00" endTime="2023-01-06T08:50:52.7021116+01:00" testType="13cdc9d9-ddb5-4fa4-a97d-d965ccfc6d4b" outcome="Passed" testListId="8c84fa94-04c1-424b-9868-57a2d4851a1d" relativeResultsDirectory="e2e98607-6b2c-4b63-95ec-8dfc609e5a5d" />
    <UnitTestResult executionId="25201b33-531c-4e50-b982-3f52a6710281" testId="90300150-a559-4aef-a389-6f8edfe2b0be" testName="ThrowIfInsideRange_Passing_InvalidValue_Returns_ApplicationException (2)" computerName="PC-SFERRARI" duration="00:00:00.0018941" startTime="2023-01-06T08:50:53.8131045+01:00" endTime="2023-01-06T08:50:53.8151583+01:00" testType="13cdc9d9-ddb5-4fa4-a97d-d965ccfc6d4b" outcome="Passed" testListId="8c84fa94-04c1-424b-9868-57a2d4851a1d" relativeResultsDirectory="25201b33-531c-4e50-b982-3f52a6710281" />
    <UnitTestResult executionId="c76c87ac-144f-4627-a579-779490672c19" testId="09f3d1ae-26c4-4255-ac17-4ec2e2686f29" testName="ToFirstLetterUpper_Passing_ValidValue_Returns_StringWithFirstLetterUpper (aEIOU,AEIOU)" computerName="PC-SFERRARI" duration="00:00:00.0002355" startTime="2023-01-06T08:50:53.6231324+01:00" endTime="2023-01-06T08:50:53.6235246+01:00" testType="13cdc9d9-ddb5-4fa4-a97d-d965ccfc6d4b" outcome="Passed" testListId="8c84fa94-04c1-424b-9868-57a2d4851a1d" relativeResultsDirectory="c76c87ac-144f-4627-a579-779490672c19" />
    <UnitTestResult executionId="576658db-8480-4a7e-bf1c-cae48be175c4" testId="5bbf4e57-22d7-4530-976c-1f7fac713f52" testName="ToZipCreate_Passing_ValidFiles_Returns_ZipFiles" computerName="PC-SFERRARI" duration="00:00:00.0098272" startTime="2023-01-06T08:50:53.7505719+01:00" endTime="2023-01-06T08:50:53.7606044+01:00" testType="13cdc9d9-ddb5-4fa4-a97d-d965ccfc6d4b" outcome="Passed" testListId="8c84fa94-04c1-424b-9868-57a2d4851a1d" relativeResultsDirectory="576658db-8480-4a7e-bf1c-cae48be175c4" />
    <UnitTestResult executionId="00368e0f-fca7-4826-b7b7-c35bf16c48a2" testId="5fe27159-cd04-4c6e-8453-550020b283fb" testName="ToUri_Passing_ValidValueString_Returns_Uri (http://www.example.com/wpstyle/?p=364)" computerName="PC-SFERRARI" duration="00:00:00.0000079" startTime="2023-01-06T08:50:53.7089235+01:00" endTime="2023-01-06T08:50:53.7090847+01:00" testType="13cdc9d9-ddb5-4fa4-a97d-d965ccfc6d4b" outcome="Passed" testListId="8c84fa94-04c1-424b-9868-57a2d4851a1d" relativeResultsDirectory="00368e0f-fca7-4826-b7b7-c35bf16c48a2" />
    <UnitTestResult executionId="629c9604-2a65-42c1-af1b-d3ec6dbff7a1" testId="443c089e-d48e-499b-982a-ffbdcf52649a" testName="ToDefaultValue_Passing_byte_Returns_Cero" computerName="PC-SFERRARI" duration="00:00:00.0002356" startTime="2023-01-06T08:50:53.1596682+01:00" endTime="2023-01-06T08:50:53.1599989+01:00" testType="13cdc9d9-ddb5-4fa4-a97d-d965ccfc6d4b" outcome="Passed" testListId="8c84fa94-04c1-424b-9868-57a2d4851a1d" relativeResultsDirectory="629c9604-2a65-42c1-af1b-d3ec6dbff7a1" />
    <UnitTestResult executionId="0b19b2a0-fe6e-47bf-8ea1-4c86569af3ba" testId="64a62001-bd7a-4d23-a748-cc2892e71c2f" testName="ToReadOnly_Passing_Valid_Collection_Returns_Readonly_Collection" computerName="PC-SFERRARI" duration="00:00:00.0015819" startTime="2023-01-06T08:50:53.1099286+01:00" endTime="2023-01-06T08:50:53.1116775+01:00" testType="13cdc9d9-ddb5-4fa4-a97d-d965ccfc6d4b" outcome="Passed" testListId="8c84fa94-04c1-424b-9868-57a2d4851a1d" relativeResultsDirectory="0b19b2a0-fe6e-47bf-8ea1-4c86569af3ba" />
    <UnitTestResult executionId="9e2771f8-9ced-4776-8393-1f867ba11fef" testId="73b9b9b0-f50e-493b-89f3-dd3310152152" testName="ToUri_Passing_ValidValueString_Returns_Uri (http://उदाहरण.परीक्ष)" computerName="PC-SFERRARI" duration="00:00:00.0000134" startTime="2023-01-06T08:50:53.7270600+01:00" endTime="2023-01-06T08:50:53.7272126+01:00" testType="13cdc9d9-ddb5-4fa4-a97d-d965ccfc6d4b" outcome="Passed" testListId="8c84fa94-04c1-424b-9868-57a2d4851a1d" relativeResultsDirectory="9e2771f8-9ced-4776-8393-1f867ba11fef" />
    <UnitTestResult executionId="ad1897a5-299d-41eb-b881-e40fa89ca181" testId="ba22de41-7325-424f-aa25-37986737867c" testName="ToUri_Passing_ValidValueString_Returns_Uri (http://userid:password@example.com/)" computerName="PC-SFERRARI" duration="00:00:00.0000155" startTime="2023-01-06T08:50:53.7152138+01:00" endTime="2023-01-06T08:50:53.7154571+01:00" testType="13cdc9d9-ddb5-4fa4-a97d-d965ccfc6d4b" outcome="Passed" testListId="8c84fa94-04c1-424b-9868-57a2d4851a1d" relativeResultsDirectory="ad1897a5-299d-41eb-b881-e40fa89ca181" />
    <UnitTestResult executionId="4ba7b867-89ff-4976-8246-8f041aa34668" testId="aba25a20-320e-454e-8271-0c923a0aee8b" testName="CreateRandom_WithCustomAllowableCharacters_Passing_Valid_Arguments_Returns_String_Random_Value (10,7890ABFLFLFFL)" computerName="PC-SFERRARI" duration="00:00:00.0000111" startTime="2023-01-06T08:50:53.1951518+01:00" endTime="2023-01-06T08:50:53.1953053+01:00" testType="13cdc9d9-ddb5-4fa4-a97d-d965ccfc6d4b" outcome="Passed" testListId="8c84fa94-04c1-424b-9868-57a2d4851a1d" relativeResultsDirectory="4ba7b867-89ff-4976-8246-8f041aa34668" />
    <UnitTestResult executionId="b957b7dd-f8f5-4508-a713-0c42b004150d" testId="c9fd9f69-e8bf-4cc0-847f-a8ee1c41702a" testName="ResultDataBadRequest_WithErrors_Dictionary" computerName="PC-SFERRARI" duration="00:00:00.0008051" startTime="2023-01-06T08:50:53.4171035+01:00" endTime="2023-01-06T08:50:53.4179923+01:00" testType="13cdc9d9-ddb5-4fa4-a97d-d965ccfc6d4b" outcome="Passed" testListId="8c84fa94-04c1-424b-9868-57a2d4851a1d" relativeResultsDirectory="b957b7dd-f8f5-4508-a713-0c42b004150d" />
    <UnitTestResult executionId="072e579b-cf13-4f3d-8f9f-7b450003f5c7" testId="735c7650-f621-4efa-8408-633e59f5f50e" testName="ToExists_Passing_Valid_Service_Returns_True" computerName="PC-SFERRARI" duration="00:00:00.0005308" startTime="2023-01-06T08:50:52.8672624+01:00" endTime="2023-01-06T08:50:52.8679466+01:00" testType="13cdc9d9-ddb5-4fa4-a97d-d965ccfc6d4b" outcome="Passed" testListId="8c84fa94-04c1-424b-9868-57a2d4851a1d" relativeResultsDirectory="072e579b-cf13-4f3d-8f9f-7b450003f5c7" />
    <UnitTestResult executionId="0d2bb3f6-8e3b-401f-9b92-e96c07788e1a" testId="9357e6c1-38f3-422d-9997-2f1c6012234c" testName="ToInt_Passing_InvalidValueString_Returns_DefaultValue (999999439293294392492349329493294)" computerName="PC-SFERRARI" duration="00:00:00.0000147" startTime="2023-01-06T08:50:53.6344571+01:00" endTime="2023-01-06T08:50:53.6347196+01:00" testType="13cdc9d9-ddb5-4fa4-a97d-d965ccfc6d4b" outcome="Passed" testListId="8c84fa94-04c1-424b-9868-57a2d4851a1d" relativeResultsDirectory="0d2bb3f6-8e3b-401f-9b92-e96c07788e1a" />
    <UnitTestResult executionId="309156d1-133e-4ea6-a519-7e1dd561559f" testId="0cd04f82-2af8-4152-bc12-6bf5e654ee53" testName="ToStringFormat_Passing_ValidValue_Returns_ValueWithoutRemovedChars (-2147483648)" computerName="PC-SFERRARI" duration="00:00:00.0000047" startTime="2023-01-06T08:50:53.3852203+01:00" endTime="2023-01-06T08:50:53.3853144+01:00" testType="13cdc9d9-ddb5-4fa4-a97d-d965ccfc6d4b" outcome="Passed" testListId="8c84fa94-04c1-424b-9868-57a2d4851a1d" relativeResultsDirectory="309156d1-133e-4ea6-a519-7e1dd561559f" />
    <UnitTestResult executionId="354bd32b-fc07-4547-8ad1-04c21fd71773" testId="ed8160b7-4e69-49a2-99c7-9896273acdc6" testName="ToMapUpdate_Passing_Destination_Object_Returns_Updated_Destination_Object" computerName="PC-SFERRARI" duration="00:00:00.0033860" startTime="2023-01-06T08:50:52.7021579+01:00" endTime="2023-01-06T08:50:52.7056686+01:00" testType="13cdc9d9-ddb5-4fa4-a97d-d965ccfc6d4b" outcome="Passed" testListId="8c84fa94-04c1-424b-9868-57a2d4851a1d" relativeResultsDirectory="354bd32b-fc07-4547-8ad1-04c21fd71773" />
    <UnitTestResult executionId="80ffa5c2-2be8-490b-8131-f306c3478959" testId="daa04f83-596a-45a2-839c-6e751c49f41a" testName="ToInt_Passing_InvalidValueString_Returns_Null (1,3333)" computerName="PC-SFERRARI" duration="00:00:00.0003911" startTime="2023-01-06T08:50:53.6355310+01:00" endTime="2023-01-06T08:50:53.6361581+01:00" testType="13cdc9d9-ddb5-4fa4-a97d-d965ccfc6d4b" outcome="Passed" testListId="8c84fa94-04c1-424b-9868-57a2d4851a1d" relativeResultsDirectory="80ffa5c2-2be8-490b-8131-f306c3478959" />
    <UnitTestResult executionId="61a24f69-24eb-4d28-a010-8adb42648a93" testId="88a52630-b35e-41e8-ade1-6a8ba992f4f5" testName="ToNormalize_Passing_ValidValue_Returns_NormalizedValue (Autobús,Autobus)" computerName="PC-SFERRARI" duration="00:00:00.0000462" startTime="2023-01-06T08:50:53.6596673+01:00" endTime="2023-01-06T08:50:53.6598685+01:00" testType="13cdc9d9-ddb5-4fa4-a97d-d965ccfc6d4b" outcome="Passed" testListId="8c84fa94-04c1-424b-9868-57a2d4851a1d" relativeResultsDirectory="61a24f69-24eb-4d28-a010-8adb42648a93" />
    <UnitTestResult executionId="d8045cd8-43ac-4899-b78b-c44bd977017e" testId="ef312f7c-a593-448d-9678-18dbaf3eef17" testName="ToReplace_Passing_ValidValue_Returns_ReplacedValue (aeiou,*,0,2,**iou)" computerName="PC-SFERRARI" duration="00:00:00.0002623" startTime="2023-01-06T08:50:53.6820086+01:00" endTime="2023-01-06T08:50:53.6824643+01:00" testType="13cdc9d9-ddb5-4fa4-a97d-d965ccfc6d4b" outcome="Passed" testListId="8c84fa94-04c1-424b-9868-57a2d4851a1d" relativeResultsDirectory="d8045cd8-43ac-4899-b78b-c44bd977017e" />
    <UnitTestResult executionId="129ebcea-fcd1-490a-ad75-ad50a29f0c7c" testId="3546fba4-3a02-409a-98e8-347a38568798" testName="ToDefaultValue_Passing_double_Returns_Cero (1,7976931348623157E+308)" computerName="PC-SFERRARI" duration="00:00:00.0004044" startTime="2023-01-06T08:50:53.1618454+01:00" endTime="2023-01-06T08:50:53.1628804+01:00" testType="13cdc9d9-ddb5-4fa4-a97d-d965ccfc6d4b" outcome="Passed" testListId="8c84fa94-04c1-424b-9868-57a2d4851a1d" relativeResultsDirectory="129ebcea-fcd1-490a-ad75-ad50a29f0c7c" />
    <UnitTestResult executionId="d138b3f3-717f-4df7-9a92-a18f450f3e90" testId="cba083a7-a3c7-495e-92e8-4c9bb29c6c7a" testName="ToIsNameThrow_Passing_InvalidValue_Returns_ApplicationExceptionWithMessage" computerName="PC-SFERRARI" duration="00:00:00.0018305" startTime="2023-01-06T08:50:53.8381502+01:00" endTime="2023-01-06T08:50:53.8440820+01:00" testType="13cdc9d9-ddb5-4fa4-a97d-d965ccfc6d4b" outcome="Passed" testListId="8c84fa94-04c1-424b-9868-57a2d4851a1d" relativeResultsDirectory="d138b3f3-717f-4df7-9a92-a18f450f3e90" />
    <UnitTestResult executionId="7a98a946-cdf2-49f3-8b37-31ad28a848f3" testId="998b34b0-faf6-4207-b1e0-967fc6925d4f" testName="ToEnvironment_Passing_Production_Enviroment_Returns_Production_Name" computerName="PC-SFERRARI" duration="00:00:00.0008471" startTime="2023-01-06T08:50:52.8596755+01:00" endTime="2023-01-06T08:50:52.8606663+01:00" testType="13cdc9d9-ddb5-4fa4-a97d-d965ccfc6d4b" outcome="Passed" testListId="8c84fa94-04c1-424b-9868-57a2d4851a1d" relativeResultsDirectory="7a98a946-cdf2-49f3-8b37-31ad28a848f3" />
    <UnitTestResult executionId="0098e797-2d9a-43d3-96fd-7e62b20c1f9f" testId="41addbaf-9a0f-43e1-9659-1318e51acd01" testName="ToFirstLetterUpper_Passing_ValidValue_Returns_StringWithFirstLetterUpper (AEIOU,AEIOU)" computerName="PC-SFERRARI" duration="00:00:00.0000072" startTime="2023-01-06T08:50:53.6238291+01:00" endTime="2023-01-06T08:50:53.6239707+01:00" testType="13cdc9d9-ddb5-4fa4-a97d-d965ccfc6d4b" outcome="Passed" testListId="8c84fa94-04c1-424b-9868-57a2d4851a1d" relativeResultsDirectory="0098e797-2d9a-43d3-96fd-7e62b20c1f9f" />
    <UnitTestResult executionId="ae1b05d9-6a3d-49ee-bdfc-e2e2410e9dd2" testId="8d08d506-441b-485f-a36a-26c18506a991" testName="ToUri_Passing_ValidValueString_Returns_Uri (//foo.com/blah_blah?p=5)" computerName="PC-SFERRARI" duration="00:00:00.0000068" startTime="2023-01-06T08:50:53.7080628+01:00" endTime="2023-01-06T08:50:53.7082189+01:00" testType="13cdc9d9-ddb5-4fa4-a97d-d965ccfc6d4b" outcome="Passed" testListId="8c84fa94-04c1-424b-9868-57a2d4851a1d" relativeResultsDirectory="ae1b05d9-6a3d-49ee-bdfc-e2e2410e9dd2" />
    <UnitTestResult executionId="1e66bc20-0ac7-4d5f-b899-f3be5f776e6b" testId="84d80835-b827-4761-b0b0-569ce40ceed1" testName="ToReplaceSpecialChars_Passing_ValidValue_Returns_ReplacedValueWithoutIgnoreSpecialChars (àáäâãøçħ,aaaaaoch)" computerName="PC-SFERRARI" duration="00:00:00.0002375" startTime="2023-01-06T08:50:53.6773838+01:00" endTime="2023-01-06T08:50:53.6783812+01:00" testType="13cdc9d9-ddb5-4fa4-a97d-d965ccfc6d4b" outcome="Passed" testListId="8c84fa94-04c1-424b-9868-57a2d4851a1d" relativeResultsDirectory="1e66bc20-0ac7-4d5f-b899-f3be5f776e6b" />
    <UnitTestResult executionId="037a2566-7cb7-4ca1-83bb-2676cedef9a1" testId="e4cce885-102d-467c-95ae-0fbabb609fe4" testName="ToContentType_Passing_ValidValueString_Returns_ContentType (xxxx.html,text/html)" computerName="PC-SFERRARI" duration="00:00:00.0000642" startTime="2023-01-06T08:50:53.5077336+01:00" endTime="2023-01-06T08:50:53.5080096+01:00" testType="13cdc9d9-ddb5-4fa4-a97d-d965ccfc6d4b" outcome="Passed" testListId="8c84fa94-04c1-424b-9868-57a2d4851a1d" relativeResultsDirectory="037a2566-7cb7-4ca1-83bb-2676cedef9a1" />
    <UnitTestResult executionId="f2772fa6-f176-4325-a2cb-940aed01f4b9" testId="b91a7c4a-7703-4d09-a3b9-259568c68590" testName="ThrowIfInsideRange_Passing_InvalidValue_Returns_ApplicationException (4)" computerName="PC-SFERRARI" duration="00:00:00.0000706" startTime="2023-01-06T08:50:53.8159419+01:00" endTime="2023-01-06T08:50:53.8162818+01:00" testType="13cdc9d9-ddb5-4fa4-a97d-d965ccfc6d4b" outcome="Passed" testListId="8c84fa94-04c1-424b-9868-57a2d4851a1d" relativeResultsDirectory="f2772fa6-f176-4325-a2cb-940aed01f4b9" />
    <UnitTestResult executionId="e0348a5b-6de5-417b-ae08-11bda7e30fe8" testId="b8270bec-f6da-4268-bfb0-5f13e140db54" testName="ToUri_Passing_ValidValueString_Returns_Uri (http://foo.com/blah_blah_(wikipedia))" computerName="PC-SFERRARI" duration="00:00:00.0000091" startTime="2023-01-06T08:50:53.7084822+01:00" endTime="2023-01-06T08:50:53.7086427+01:00" testType="13cdc9d9-ddb5-4fa4-a97d-d965ccfc6d4b" outcome="Passed" testListId="8c84fa94-04c1-424b-9868-57a2d4851a1d" relativeResultsDirectory="e0348a5b-6de5-417b-ae08-11bda7e30fe8" />
    <UnitTestResult executionId="2512b878-4876-4f35-a796-d8250cb5b30f" testId="9fb3176d-1723-46a3-afaa-cf03b8031020" testName="ResultBadRequest_WithErrors_Dictionary" computerName="PC-SFERRARI" duration="00:00:00.0082454" startTime="2023-01-06T08:50:53.4044132+01:00" endTime="2023-01-06T08:50:53.4130823+01:00" testType="13cdc9d9-ddb5-4fa4-a97d-d965ccfc6d4b" outcome="Passed" testListId="8c84fa94-04c1-424b-9868-57a2d4851a1d" relativeResultsDirectory="2512b878-4876-4f35-a796-d8250cb5b30f" />
    <UnitTestResult executionId="30dfac02-86ea-48b5-9c0a-c9426761d060" testId="ddbc5bd2-1c6d-470d-974b-d0079a0f41e7" testName="ThrowIfDirectoryNotExists_Passing_InvalidValue_Returns_ApplicationExceptionWithMessage" computerName="PC-SFERRARI" duration="00:00:00.0006044" startTime="2023-01-06T08:50:53.8056741+01:00" endTime="2023-01-06T08:50:53.8063677+01:00" testType="13cdc9d9-ddb5-4fa4-a97d-d965ccfc6d4b" outcome="Passed" testListId="8c84fa94-04c1-424b-9868-57a2d4851a1d" relativeResultsDirectory="30dfac02-86ea-48b5-9c0a-c9426761d060" />
    <UnitTestResult executionId="cba85d43-0d04-41cb-97a2-54629fd60caa" testId="85ab54c0-c008-4c94-bc25-c5c7a32b4764" testName="ToIsAuthenticated_Passing_Claims_Returns_False" computerName="PC-SFERRARI" duration="00:00:00.0007771" startTime="2023-01-06T08:50:53.0179313+01:00" endTime="2023-01-06T08:50:53.0188593+01:00" testType="13cdc9d9-ddb5-4fa4-a97d-d965ccfc6d4b" outcome="Passed" testListId="8c84fa94-04c1-424b-9868-57a2d4851a1d" relativeResultsDirectory="cba85d43-0d04-41cb-97a2-54629fd60caa" />
    <UnitTestResult executionId="e34731d1-463a-48f0-b158-d1c445bc5f90" testId="fe3fd8b9-3330-4344-8e45-5ca63a04bbf1" testName="ToFirstLetterUpper_Passing_ValidValue_Returns_StringWithFirstLetterUpper (aeioU,AeioU)" computerName="PC-SFERRARI" duration="00:00:00.0000090" startTime="2023-01-06T08:50:53.6235999+01:00" endTime="2023-01-06T08:50:53.6237612+01:00" testType="13cdc9d9-ddb5-4fa4-a97d-d965ccfc6d4b" outcome="Passed" testListId="8c84fa94-04c1-424b-9868-57a2d4851a1d" relativeResultsDirectory="e34731d1-463a-48f0-b158-d1c445bc5f90" />
    <UnitTestResult executionId="180e7ef5-fb8f-417f-b5a6-611aa80c47f6" testId="b01118ef-e06f-4c2e-972c-eaa70b130aad" testName="ToAssembly_Passing_ValidValueAssemblyString_Returns_Assembly" computerName="PC-SFERRARI" duration="00:00:00.0007549" startTime="2023-01-06T08:50:53.4964806+01:00" endTime="2023-01-06T08:50:53.5034786+01:00" testType="13cdc9d9-ddb5-4fa4-a97d-d965ccfc6d4b" outcome="Passed" testListId="8c84fa94-04c1-424b-9868-57a2d4851a1d" relativeResultsDirectory="180e7ef5-fb8f-417f-b5a6-611aa80c47f6" />
    <UnitTestResult executionId="ba615353-5d93-4507-bc62-54dc21a81a00" testId="6a66b0bb-8b46-4687-a312-fad66ef9d045" testName="ToList_Passing_ValidEnumTypeWithSelectedValue_Returns_ValuesList" computerName="PC-SFERRARI" duration="00:00:00.0002992" startTime="2023-01-06T08:50:53.1359097+01:00" endTime="2023-01-06T08:50:53.1362932+01:00" testType="13cdc9d9-ddb5-4fa4-a97d-d965ccfc6d4b" outcome="Passed" testListId="8c84fa94-04c1-424b-9868-57a2d4851a1d" relativeResultsDirectory="ba615353-5d93-4507-bc62-54dc21a81a00" />
    <UnitTestResult executionId="8f274b55-cbbb-4a31-9f76-61b94201cf3c" testId="28702d2f-836f-4f31-8950-9629af4a63cb" testName="CreateAndVerifySHA256_Passing_Valid_Arguments_Returns_True (HashTests)" computerName="PC-SFERRARI" duration="00:00:00.0004223" startTime="2023-01-06T08:50:53.1874058+01:00" endTime="2023-01-06T08:50:53.1880326+01:00" testType="13cdc9d9-ddb5-4fa4-a97d-d965ccfc6d4b" outcome="Passed" testListId="8c84fa94-04c1-424b-9868-57a2d4851a1d" relativeResultsDirectory="8f274b55-cbbb-4a31-9f76-61b94201cf3c" />
    <UnitTestResult executionId="7c490fca-cd31-4df8-ac05-7eac90904a26" testId="a5d6fc67-9fd6-4669-a476-0542082fd86b" testName="ThrowIfInsideRangeOrEqual_Passing_InvalidValue_Returns_ApplicationException (2)" computerName="PC-SFERRARI" duration="00:00:00.0003586" startTime="2023-01-06T08:50:53.8098550+01:00" endTime="2023-01-06T08:50:53.8104194+01:00" testType="13cdc9d9-ddb5-4fa4-a97d-d965ccfc6d4b" outcome="Passed" testListId="8c84fa94-04c1-424b-9868-57a2d4851a1d" relativeResultsDirectory="7c490fca-cd31-4df8-ac05-7eac90904a26" />
    <UnitTestResult executionId="b946d7c3-a9d0-4a96-9cde-98763851e7cc" testId="3a652e28-d501-4dd0-909a-5a83b108156e" testName="ToNormalize_Passing_ValidValue_Returns_NormalizedValue (Ç,C)" computerName="PC-SFERRARI" duration="00:00:00.0000264" startTime="2023-01-06T08:50:53.6513805+01:00" endTime="2023-01-06T08:50:53.6514983+01:00" testType="13cdc9d9-ddb5-4fa4-a97d-d965ccfc6d4b" outcome="Passed" testListId="8c84fa94-04c1-424b-9868-57a2d4851a1d" relativeResultsDirectory="b946d7c3-a9d0-4a96-9cde-98763851e7cc" />
    <UnitTestResult executionId="7e00acf6-4c5f-40a5-8232-e04a20f83795" testId="67eafb69-0b59-48d9-a672-2c8e317207a9" testName="ThrowIfNullOrAny_Passing_InvalidValue_Returns_ApplicationExceptionWithMessage" computerName="PC-SFERRARI" duration="00:00:00.0005056" startTime="2023-01-06T08:50:53.8281918+01:00" endTime="2023-01-06T08:50:53.8287839+01:00" testType="13cdc9d9-ddb5-4fa4-a97d-d965ccfc6d4b" outcome="Passed" testListId="8c84fa94-04c1-424b-9868-57a2d4851a1d" relativeResultsDirectory="7e00acf6-4c5f-40a5-8232-e04a20f83795" />
    <UnitTestResult executionId="9b9d88d5-d13b-4b29-adb9-99c62d811de2" testId="e9ad0ff0-e65c-4922-8f68-a3b69c47f4f7" testName="ToUri_Passing_ValidValueString_Returns_Uri (http://a.b-c.de)" computerName="PC-SFERRARI" duration="00:00:00.0000080" startTime="2023-01-06T08:50:53.7276608+01:00" endTime="2023-01-06T08:50:53.7278122+01:00" testType="13cdc9d9-ddb5-4fa4-a97d-d965ccfc6d4b" outcome="Passed" testListId="8c84fa94-04c1-424b-9868-57a2d4851a1d" relativeResultsDirectory="9b9d88d5-d13b-4b29-adb9-99c62d811de2" />
    <UnitTestResult executionId="e3827fc2-79d3-4830-a8ec-498fb066c522" testId="100bbcf4-4b1f-4788-b6dd-887abcf67e4f" testName="ToUri_Passing_InvalidValueString_Returns_Null (http://)" computerName="PC-SFERRARI" duration="00:00:00.0002491" startTime="2023-01-06T08:50:53.6949072+01:00" endTime="2023-01-06T08:50:53.6953092+01:00" testType="13cdc9d9-ddb5-4fa4-a97d-d965ccfc6d4b" outcome="Passed" testListId="8c84fa94-04c1-424b-9868-57a2d4851a1d" relativeResultsDirectory="e3827fc2-79d3-4830-a8ec-498fb066c522" />
    <UnitTestResult executionId="886a0d60-7399-45ec-82b3-bd2a596c49d5" testId="d4dc1992-8d06-49db-a284-46bf3610a7df" testName="ToEnum_Passing_InvalidValueString_Returns_EnumDefaultValue" computerName="PC-SFERRARI" duration="00:00:00.0003189" startTime="2023-01-06T08:50:53.6019059+01:00" endTime="2023-01-06T08:50:53.6193673+01:00" testType="13cdc9d9-ddb5-4fa4-a97d-d965ccfc6d4b" outcome="Passed" testListId="8c84fa94-04c1-424b-9868-57a2d4851a1d" relativeResultsDirectory="886a0d60-7399-45ec-82b3-bd2a596c49d5" />
    <UnitTestResult executionId="18d6e5b5-38ee-49e8-9e1d-720561ea4162" testId="e839c9ff-8a54-490a-9827-21f62f31dbe7" testName="ToDefaultValue_Passing_sbyte_Returns_Cero" computerName="PC-SFERRARI" duration="00:00:00.0004175" startTime="2023-01-06T08:50:53.1648951+01:00" endTime="2023-01-06T08:50:53.1655226+01:00" testType="13cdc9d9-ddb5-4fa4-a97d-d965ccfc6d4b" outcome="Passed" testListId="8c84fa94-04c1-424b-9868-57a2d4851a1d" relativeResultsDirectory="18d6e5b5-38ee-49e8-9e1d-720561ea4162" />
    <UnitTestResult executionId="5c52569c-f4ed-444d-a9ce-26dbf7e51260" testId="e2cb77d1-8bb8-4b96-97de-a0c5a8ff70e0" testName="ToSerialize_Passing_Objects_Returns_String_Values" computerName="PC-SFERRARI" duration="00:00:00.0005600" startTime="2023-01-06T08:50:53.3872582+01:00" endTime="2023-01-06T08:50:53.3879738+01:00" testType="13cdc9d9-ddb5-4fa4-a97d-d965ccfc6d4b" outcome="Passed" testListId="8c84fa94-04c1-424b-9868-57a2d4851a1d" relativeResultsDirectory="5c52569c-f4ed-444d-a9ce-26dbf7e51260" />
    <UnitTestResult executionId="f16eefe5-e34e-4fcc-bbe4-d86a95b3a803" testId="032dc6ee-af87-4afe-96aa-e660a38e3d1c" testName="ToEmailMaskUserNameAndDomainAndExtension_Passing_ValidEmail_Returns_EmailWithMask (qazwsx@gmailgmail.com,q****x@g********l.c*m)" computerName="PC-SFERRARI" duration="00:00:00.0000301" startTime="2023-01-06T08:50:53.5847926+01:00" endTime="2023-01-06T08:50:53.5849541+01:00" testType="13cdc9d9-ddb5-4fa4-a97d-d965ccfc6d4b" outcome="Passed" testListId="8c84fa94-04c1-424b-9868-57a2d4851a1d" relativeResultsDirectory="f16eefe5-e34e-4fcc-bbe4-d86a95b3a803" />
    <UnitTestResult executionId="4a0f5dd0-e87b-4c51-8958-0ef73829a7db" testId="d5a74c64-89f5-44b2-95ba-6fd35a773d46" testName="ToRandom_Passing_Invalid_Null_Value_Returns_Null" computerName="PC-SFERRARI" duration="00:00:00.0001820" startTime="2023-01-06T08:50:53.6649039+01:00" endTime="2023-01-06T08:50:53.6652353+01:00" testType="13cdc9d9-ddb5-4fa4-a97d-d965ccfc6d4b" outcome="Passed" testListId="8c84fa94-04c1-424b-9868-57a2d4851a1d" relativeResultsDirectory="4a0f5dd0-e87b-4c51-8958-0ef73829a7db" />
    <UnitTestResult executionId="4dd39252-414e-4325-ac85-7d78ddd5429e" testId="7349b74e-d4df-47ad-85b0-ae84c500fbcd" testName="ToNormalize_Passing_ValidValue_Returns_NormalizedValue (ÈÉËÊ,EEEE)" computerName="PC-SFERRARI" duration="00:00:00.0001591" startTime="2023-01-06T08:50:53.6535531+01:00" endTime="2023-01-06T08:50:53.6541634+01:00" testType="13cdc9d9-ddb5-4fa4-a97d-d965ccfc6d4b" outcome="Passed" testListId="8c84fa94-04c1-424b-9868-57a2d4851a1d" relativeResultsDirectory="4dd39252-414e-4325-ac85-7d78ddd5429e" />
    <UnitTestResult executionId="7fc8fcc8-8f6b-4750-afe1-2d665fcc5490" testId="fca91e59-2359-497b-bd2f-74d2f5f4e5bb" testName="ToRemove_Passing_ValidValue_Returns_ValueWithoutRemovedChars (aeiou,aeiou,)" computerName="PC-SFERRARI" duration="00:00:00.0000194" startTime="2023-01-06T08:50:53.6751247+01:00" endTime="2023-01-06T08:50:53.6752876+01:00" testType="13cdc9d9-ddb5-4fa4-a97d-d965ccfc6d4b" outcome="Passed" testListId="8c84fa94-04c1-424b-9868-57a2d4851a1d" relativeResultsDirectory="7fc8fcc8-8f6b-4750-afe1-2d665fcc5490" />
    <UnitTestResult executionId="ea2966c5-e3a7-4ab1-91eb-6070d84ff09a" testId="eae6bc19-43cf-47d1-a89f-a599d4ec91fa" testName="ToSubdomain_Passing_HttpRequest_Host_Returns_Subdomain" computerName="PC-SFERRARI" duration="00:00:00.0006330" startTime="2023-01-06T08:50:53.2559547+01:00" endTime="2023-01-06T08:50:53.2567062+01:00" testType="13cdc9d9-ddb5-4fa4-a97d-d965ccfc6d4b" outcome="Passed" testListId="8c84fa94-04c1-424b-9868-57a2d4851a1d" relativeResultsDirectory="ea2966c5-e3a7-4ab1-91eb-6070d84ff09a" />
    <UnitTestResult executionId="0ff0a6e6-a3cd-4bfd-b1e4-5c4d0e90c0b8" testId="365cac22-5ff0-4b5a-93e0-712401e7f38f" testName="ToPaged_Passing_Age_Ascending_Order_Returns_Filter_List" computerName="PC-SFERRARI" duration="00:00:00.0065978" startTime="2023-01-06T08:50:53.3880485+01:00" endTime="2023-01-06T08:50:53.3949898+01:00" testType="13cdc9d9-ddb5-4fa4-a97d-d965ccfc6d4b" outcome="Passed" testListId="8c84fa94-04c1-424b-9868-57a2d4851a1d" relativeResultsDirectory="0ff0a6e6-a3cd-4bfd-b1e4-5c4d0e90c0b8" />
    <UnitTestResult executionId="3a641d1c-1cc8-4a83-95c0-658b643ba19e" testId="2ee28a4c-c577-4bdf-bc26-7090ab5ff15f" testName="ToUri_Passing_ValidValueString_Returns_Uri (http://userid:password@example.com:8080)" computerName="PC-SFERRARI" duration="00:00:00.0000435" startTime="2023-01-06T08:50:53.7116622+01:00" endTime="2023-01-06T08:50:53.7120103+01:00" testType="13cdc9d9-ddb5-4fa4-a97d-d965ccfc6d4b" outcome="Passed" testListId="8c84fa94-04c1-424b-9868-57a2d4851a1d" relativeResultsDirectory="3a641d1c-1cc8-4a83-95c0-658b643ba19e" />
    <UnitTestResult executionId="dab97f4b-ca50-467b-ba03-4f6d8270952f" testId="963224cc-11cb-4e51-8a43-efbb750f1bdf" testName="ToPath_Passing_HttpRequest_Scheme_Host_Path_Returns_Url" computerName="PC-SFERRARI" duration="00:00:00.0020188" startTime="2023-01-06T08:50:53.2537024+01:00" endTime="2023-01-06T08:50:53.2558760+01:00" testType="13cdc9d9-ddb5-4fa4-a97d-d965ccfc6d4b" outcome="Passed" testListId="8c84fa94-04c1-424b-9868-57a2d4851a1d" relativeResultsDirectory="dab97f4b-ca50-467b-ba03-4f6d8270952f" />
    <UnitTestResult executionId="26da66b6-ad47-44ed-b290-9d302d5504a0" testId="b39ae586-08c2-4fbd-9b9c-631fc59d828b" testName="ToFirstLetterUpper_Passing_ValidValue_Returns_StringWithFirstLetterUpper (Aeiou,Aeiou)" computerName="PC-SFERRARI" duration="00:00:00.0000064" startTime="2023-01-06T08:50:53.6240237+01:00" endTime="2023-01-06T08:50:53.6241588+01:00" testType="13cdc9d9-ddb5-4fa4-a97d-d965ccfc6d4b" outcome="Passed" testListId="8c84fa94-04c1-424b-9868-57a2d4851a1d" relativeResultsDirectory="26da66b6-ad47-44ed-b290-9d302d5504a0" />
    <UnitTestResult executionId="6b540812-ebff-4153-96cd-061d7b2a573f" testId="22800d8b-19e4-4a0f-9f7c-e7dff9e26531" testName="ToUri_Passing_InvalidValueString_Returns_DefaultValue (http://../)" computerName="PC-SFERRARI" duration="00:00:00.0000209" startTime="2023-01-06T08:50:53.6930747+01:00" endTime="2023-01-06T08:50:53.6933184+01:00" testType="13cdc9d9-ddb5-4fa4-a97d-d965ccfc6d4b" outcome="Passed" testListId="8c84fa94-04c1-424b-9868-57a2d4851a1d" relativeResultsDirectory="6b540812-ebff-4153-96cd-061d7b2a573f" />
    <UnitTestResult executionId="90cd4ea5-cd78-40a1-aad8-e808a7786a9f" testId="58bd4af8-926c-46f7-90dd-05a4818a0822" testName="ThrowIfOutRange_Passing_InvalidValue_Returns_ApplicationException (0)" computerName="PC-SFERRARI" duration="00:00:00.0000920" startTime="2023-01-06T08:50:53.8344979+01:00" endTime="2023-01-06T08:50:53.8348722+01:00" testType="13cdc9d9-ddb5-4fa4-a97d-d965ccfc6d4b" outcome="Passed" testListId="8c84fa94-04c1-424b-9868-57a2d4851a1d" relativeResultsDirectory="90cd4ea5-cd78-40a1-aad8-e808a7786a9f" />
    <UnitTestResult executionId="09909c0a-f731-498c-aad2-41c00909b6d4" testId="807d5638-0b19-49a4-9cc3-968452ccce7f" testName="ResultErrorData_WithTitle_WithStatusCode_WithDetails_WithExceptionType_WithMessages_WithErrors" computerName="PC-SFERRARI" duration="00:00:00.0606916" startTime="2023-01-06T08:50:53.4212047+01:00" endTime="2023-01-06T08:50:53.4820921+01:00" testType="13cdc9d9-ddb5-4fa4-a97d-d965ccfc6d4b" outcome="Passed" testListId="8c84fa94-04c1-424b-9868-57a2d4851a1d" relativeResultsDirectory="09909c0a-f731-498c-aad2-41c00909b6d4" />
    <UnitTestResult executionId="7396fc65-03e4-476d-95aa-efb42879da23" testId="8f7e0004-67ed-4387-9393-b0ac9c2a3e28" testName="ToNormalize_Passing_ValidValue_Returns_NormalizedValue (ç,c)" computerName="PC-SFERRARI" duration="00:00:00.0000493" startTime="2023-01-06T08:50:53.6512058+01:00" endTime="2023-01-06T08:50:53.6513463+01:00" testType="13cdc9d9-ddb5-4fa4-a97d-d965ccfc6d4b" outcome="Passed" testListId="8c84fa94-04c1-424b-9868-57a2d4851a1d" relativeResultsDirectory="7396fc65-03e4-476d-95aa-efb42879da23" />
    <UnitTestResult executionId="9affde24-4317-45cf-a16c-9ba55711ecf4" testId="7a8d9b03-750f-481f-9fa3-f6dba4fbe2cf" testName="ToYesterday_Passing_DateTime_Returns_Yesterday_DateTime" computerName="PC-SFERRARI" duration="00:00:00.0001867" startTime="2023-01-06T08:50:53.1044616+01:00" endTime="2023-01-06T08:50:53.1047418+01:00" testType="13cdc9d9-ddb5-4fa4-a97d-d965ccfc6d4b" outcome="Passed" testListId="8c84fa94-04c1-424b-9868-57a2d4851a1d" relativeResultsDirectory="9affde24-4317-45cf-a16c-9ba55711ecf4" />
  </Results>
  <TestDefinitions>
    <UnitTest name="ToDirectoryFindFilePath_Passing_ValidValue_Returns_FilePath" storage="d:\sferrari\01_trabajo\repos\netcore\libs\template-netcore-shared\kitpymes.core.shared.tests\bin\debug\net7.0\kitpymes.core.shared.tests.dll" id="4ef32eb2-84cb-4cfc-94e0-2f3618d4ace1">
      <Execution id="1cce4abf-a5f6-4b86-bf3d-6ed7710c143d" />
      <TestMethod codeBase="D:\SFERRARI\01_TRABAJO\repos\netcore\libs\template-netcore-shared\Kitpymes.Core.Shared.Tests\bin\Debug\net7.0\Kitpymes.Core.Shared.Tests.dll" adapterTypeName="executor://mstestadapter/v2" className="Kitpymes.Core.Shared.Tests.StringExtensionsTests" name="ToDirectoryFindFilePath_Passing_ValidValue_Returns_FilePath" />
    </UnitTest>
    <UnitTest name="ToUri_Passing_ValidValueString_Returns_Uri (http://a.b-c.de)" storage="d:\sferrari\01_trabajo\repos\netcore\libs\template-netcore-shared\kitpymes.core.shared.tests\bin\debug\net7.0\kitpymes.core.shared.tests.dll" id="e9ad0ff0-e65c-4922-8f68-a3b69c47f4f7">
      <Execution id="9b9d88d5-d13b-4b29-adb9-99c62d811de2" />
      <TestMethod codeBase="D:\SFERRARI\01_TRABAJO\repos\netcore\libs\template-netcore-shared\Kitpymes.Core.Shared.Tests\bin\Debug\net7.0\Kitpymes.Core.Shared.Tests.dll" adapterTypeName="executor://mstestadapter/v2" className="Kitpymes.Core.Shared.Tests.StringExtensionsTests" name="ToUri_Passing_ValidValueString_Returns_Uri" />
    </UnitTest>
    <UnitTest name="ToNormalize_Passing_ValidValue_Returns_NormalizedValue (*¨^_:-?¿;,)" storage="d:\sferrari\01_trabajo\repos\netcore\libs\template-netcore-shared\kitpymes.core.shared.tests\bin\debug\net7.0\kitpymes.core.shared.tests.dll" id="742c0b2f-de5b-455c-b371-706eb2ffab8f">
      <Execution id="b2b18ecb-39e7-41eb-a7e3-d2b888468631" />
      <TestMethod codeBase="D:\SFERRARI\01_TRABAJO\repos\netcore\libs\template-netcore-shared\Kitpymes.Core.Shared.Tests\bin\Debug\net7.0\Kitpymes.Core.Shared.Tests.dll" adapterTypeName="executor://mstestadapter/v2" className="Kitpymes.Core.Shared.Tests.StringExtensionsTests" name="ToNormalize_Passing_ValidValue_Returns_NormalizedValue" />
    </UnitTest>
    <UnitTest name="ToSerialize_Passing_Objects_Returns_String_Values" storage="d:\sferrari\01_trabajo\repos\netcore\libs\template-netcore-shared\kitpymes.core.shared.tests\bin\debug\net7.0\kitpymes.core.shared.tests.dll" id="e2cb77d1-8bb8-4b96-97de-a0c5a8ff70e0">
      <Execution id="5c52569c-f4ed-444d-a9ce-26dbf7e51260" />
      <TestMethod codeBase="D:\SFERRARI\01_TRABAJO\repos\netcore\libs\template-netcore-shared\Kitpymes.Core.Shared.Tests\bin\Debug\net7.0\Kitpymes.Core.Shared.Tests.dll" adapterTypeName="executor://mstestadapter/v2" className="Kitpymes.Core.Shared.Tests.JsonExtensionsTests" name="ToSerialize_Passing_Objects_Returns_String_Values" />
    </UnitTest>
    <UnitTest name="ToConfiguration_Passing_Invalid_DirectoryPath_Returns_ApplicationException" storage="d:\sferrari\01_trabajo\repos\netcore\libs\template-netcore-shared\kitpymes.core.shared.tests\bin\debug\net7.0\kitpymes.core.shared.tests.dll" id="8aaa83c6-b960-4e1c-894c-53ac86b4639a">
      <Execution id="5a2c4721-9746-4ec7-92ed-ff72a8b6f7ad" />
      <TestMethod codeBase="D:\SFERRARI\01_TRABAJO\repos\netcore\libs\template-netcore-shared\Kitpymes.Core.Shared.Tests\bin\Debug\net7.0\Kitpymes.Core.Shared.Tests.dll" adapterTypeName="executor://mstestadapter/v2" className="Kitpymes.Core.Shared.Tests.ConfigurationBuilderExtensionsTests" name="ToConfiguration_Passing_Invalid_DirectoryPath_Returns_ApplicationException" />
    </UnitTest>
    <UnitTest name="ToRemove_Passing_ValidValue_Returns_ValueWithoutRemovedChars (aeiou,ei,aou)" storage="d:\sferrari\01_trabajo\repos\netcore\libs\template-netcore-shared\kitpymes.core.shared.tests\bin\debug\net7.0\kitpymes.core.shared.tests.dll" id="345c0b70-7112-440d-bb43-b7ac76c560a2">
      <Execution id="ee28e583-3362-432d-9e4d-910662994bed" />
      <TestMethod codeBase="D:\SFERRARI\01_TRABAJO\repos\netcore\libs\template-netcore-shared\Kitpymes.Core.Shared.Tests\bin\Debug\net7.0\Kitpymes.Core.Shared.Tests.dll" adapterTypeName="executor://mstestadapter/v2" className="Kitpymes.Core.Shared.Tests.StringExtensionsTests" name="ToRemove_Passing_ValidValue_Returns_ValueWithoutRemovedChars" />
    </UnitTest>
    <UnitTest name="ToEmailMaskUserNameAndDomainAndExtension_Passing_ValidEmail_Returns_EmailWithMask (qazwsx@gmailgmail.com,q****x@g********l.c*m)" storage="d:\sferrari\01_trabajo\repos\netcore\libs\template-netcore-shared\kitpymes.core.shared.tests\bin\debug\net7.0\kitpymes.core.shared.tests.dll" id="032dc6ee-af87-4afe-96aa-e660a38e3d1c">
      <Execution id="f16eefe5-e34e-4fcc-bbe4-d86a95b3a803" />
      <TestMethod codeBase="D:\SFERRARI\01_TRABAJO\repos\netcore\libs\template-netcore-shared\Kitpymes.Core.Shared.Tests\bin\Debug\net7.0\Kitpymes.Core.Shared.Tests.dll" adapterTypeName="executor://mstestadapter/v2" className="Kitpymes.Core.Shared.Tests.StringExtensionsTests" name="ToEmailMaskUserNameAndDomainAndExtension_Passing_ValidEmail_Returns_EmailWithMask" />
    </UnitTest>
    <UnitTest name="ThrowIfOutRange_Passing_InvalidValue_Returns_ApplicationException (8)" storage="d:\sferrari\01_trabajo\repos\netcore\libs\template-netcore-shared\kitpymes.core.shared.tests\bin\debug\net7.0\kitpymes.core.shared.tests.dll" id="624df758-fb53-40ed-800c-05726efdee8f">
      <Execution id="a56e6d26-02e9-44fb-baef-f2cd1dada6a6" />
      <TestMethod codeBase="D:\SFERRARI\01_TRABAJO\repos\netcore\libs\template-netcore-shared\Kitpymes.Core.Shared.Tests\bin\Debug\net7.0\Kitpymes.Core.Shared.Tests.dll" adapterTypeName="executor://mstestadapter/v2" className="Kitpymes.Core.Shared.Tests.VerifyExtensionsTests" name="ThrowIfOutRange_Passing_InvalidValue_Returns_ApplicationException" />
    </UnitTest>
    <UnitTest name="ToEmailMaskUserName_Passing_ValidEmail_Returns_EmailWithMask (qaz@gmail.com,q*z@gmail.com)" storage="d:\sferrari\01_trabajo\repos\netcore\libs\template-netcore-shared\kitpymes.core.shared.tests\bin\debug\net7.0\kitpymes.core.shared.tests.dll" id="5b34123e-500f-41a2-8fee-b64bccaf6524">
      <Execution id="6983b76e-833e-43a9-b7a9-261e0a94be0e" />
      <TestMethod codeBase="D:\SFERRARI\01_TRABAJO\repos\netcore\libs\template-netcore-shared\Kitpymes.Core.Shared.Tests\bin\Debug\net7.0\Kitpymes.Core.Shared.Tests.dll" adapterTypeName="executor://mstestadapter/v2" className="Kitpymes.Core.Shared.Tests.StringExtensionsTests" name="ToEmailMaskUserName_Passing_ValidEmail_Returns_EmailWithMask" />
    </UnitTest>
    <UnitTest name="ToZipExtract_Passing_ValidArchive_Returns_Files" storage="d:\sferrari\01_trabajo\repos\netcore\libs\template-netcore-shared\kitpymes.core.shared.tests\bin\debug\net7.0\kitpymes.core.shared.tests.dll" id="32b7b4f9-d1eb-47a1-b781-2fa7133ac35e">
      <Execution id="d4358259-e20b-4ab5-9723-1a2d7bfe80f7" />
      <TestMethod codeBase="D:\SFERRARI\01_TRABAJO\repos\netcore\libs\template-netcore-shared\Kitpymes.Core.Shared.Tests\bin\Debug\net7.0\Kitpymes.Core.Shared.Tests.dll" adapterTypeName="executor://mstestadapter/v2" className="Kitpymes.Core.Shared.Tests.StringExtensionsTests" name="ToZipExtract_Passing_ValidArchive_Returns_Files" />
    </UnitTest>
    <UnitTest name="ToEmptyIfNull_Passing_Null_Collection_Returns_Empty_Collection" storage="d:\sferrari\01_trabajo\repos\netcore\libs\template-netcore-shared\kitpymes.core.shared.tests\bin\debug\net7.0\kitpymes.core.shared.tests.dll" id="c867c6e0-fa34-48e3-b512-0896f74477e2">
      <Execution id="93a77da5-df5a-4ddb-8df8-e16c50c07dbf" />
      <TestMethod codeBase="D:\SFERRARI\01_TRABAJO\repos\netcore\libs\template-netcore-shared\Kitpymes.Core.Shared.Tests\bin\Debug\net7.0\Kitpymes.Core.Shared.Tests.dll" adapterTypeName="executor://mstestadapter/v2" className="Kitpymes.Core.Shared.Tests.EnumerableExtensionsTests" name="ToEmptyIfNull_Passing_Null_Collection_Returns_Empty_Collection" />
    </UnitTest>
    <UnitTest name="ToHashAlgorithmName_Passing_InvalidValueLowerCaseStringWithDefaultValue_Returns_DefaultValue (md5)" storage="d:\sferrari\01_trabajo\repos\netcore\libs\template-netcore-shared\kitpymes.core.shared.tests\bin\debug\net7.0\kitpymes.core.shared.tests.dll" id="80484b02-e84c-49a5-ae1a-a9bda1bc0ddb">
      <Execution id="c2529f8e-3b8f-4b98-9e04-d227c6bdc744" />
      <TestMethod codeBase="D:\SFERRARI\01_TRABAJO\repos\netcore\libs\template-netcore-shared\Kitpymes.Core.Shared.Tests\bin\Debug\net7.0\Kitpymes.Core.Shared.Tests.dll" adapterTypeName="executor://mstestadapter/v2" className="Kitpymes.Core.Shared.Tests.StringExtensionsTests" name="ToHashAlgorithmName_Passing_InvalidValueLowerCaseStringWithDefaultValue_Returns_DefaultValue" />
    </UnitTest>
    <UnitTest name="ToFirstLetterUpper_Passing_ValidValue_Returns_StringWithFirstLetterUpper (aEIOU,AEIOU)" storage="d:\sferrari\01_trabajo\repos\netcore\libs\template-netcore-shared\kitpymes.core.shared.tests\bin\debug\net7.0\kitpymes.core.shared.tests.dll" id="09f3d1ae-26c4-4255-ac17-4ec2e2686f29">
      <Execution id="c76c87ac-144f-4627-a579-779490672c19" />
      <TestMethod codeBase="D:\SFERRARI\01_TRABAJO\repos\netcore\libs\template-netcore-shared\Kitpymes.Core.Shared.Tests\bin\Debug\net7.0\Kitpymes.Core.Shared.Tests.dll" adapterTypeName="executor://mstestadapter/v2" className="Kitpymes.Core.Shared.Tests.StringExtensionsTests" name="ToFirstLetterUpper_Passing_ValidValue_Returns_StringWithFirstLetterUpper" />
    </UnitTest>
    <UnitTest name="ToGet_Passing_Claims_Returns_Claim_Value_String" storage="d:\sferrari\01_trabajo\repos\netcore\libs\template-netcore-shared\kitpymes.core.shared.tests\bin\debug\net7.0\kitpymes.core.shared.tests.dll" id="535658ad-14a5-4f63-b1ce-032718118b61">
      <Execution id="e7f9ebb2-015c-413e-aa73-cca367a32108" />
      <TestMethod codeBase="D:\SFERRARI\01_TRABAJO\repos\netcore\libs\template-netcore-shared\Kitpymes.Core.Shared.Tests\bin\Debug\net7.0\Kitpymes.Core.Shared.Tests.dll" adapterTypeName="executor://mstestadapter/v2" className="Kitpymes.Core.Shared.Tests.ClaimsPrincipalExtensionsTests" name="ToGet_Passing_Claims_Returns_Claim_Value_String" />
    </UnitTest>
    <UnitTest name="ToEmailMaskUserNameAndDomain_Passing_ValidEmail_Returns_EmailWithMask (qaz@gmailgmail.com,q*z@g********l.com)" storage="d:\sferrari\01_trabajo\repos\netcore\libs\template-netcore-shared\kitpymes.core.shared.tests\bin\debug\net7.0\kitpymes.core.shared.tests.dll" id="58d66789-9dbc-445c-a5c0-169a2e024296">
      <Execution id="f753a9d1-6614-429d-ad5d-1c0b657f3a40" />
      <TestMethod codeBase="D:\SFERRARI\01_TRABAJO\repos\netcore\libs\template-netcore-shared\Kitpymes.Core.Shared.Tests\bin\Debug\net7.0\Kitpymes.Core.Shared.Tests.dll" adapterTypeName="executor://mstestadapter/v2" className="Kitpymes.Core.Shared.Tests.StringExtensionsTests" name="ToEmailMaskUserNameAndDomain_Passing_ValidEmail_Returns_EmailWithMask" />
    </UnitTest>
    <UnitTest name="ThrowIfNotSubdomain_Passing_InvalidValue_Returns_ApplicationExceptionWithMessage (34?fsds@sdd.yy)" storage="d:\sferrari\01_trabajo\repos\netcore\libs\template-netcore-shared\kitpymes.core.shared.tests\bin\debug\net7.0\kitpymes.core.shared.tests.dll" id="90a99d68-83df-4bb5-a705-86a7713cd9b0">
      <Execution id="613c3949-d0a0-4cf1-8f22-d2151511231d" />
      <TestMethod codeBase="D:\SFERRARI\01_TRABAJO\repos\netcore\libs\template-netcore-shared\Kitpymes.Core.Shared.Tests\bin\Debug\net7.0\Kitpymes.Core.Shared.Tests.dll" adapterTypeName="executor://mstestadapter/v2" className="Kitpymes.Core.Shared.Tests.VerifyExtensionsTests" name="ThrowIfNotSubdomain_Passing_InvalidValue_Returns_ApplicationExceptionWithMessage" />
    </UnitTest>
    <UnitTest name="ToZipCreate_Passing_ValidFilesWithCutomZipName_Returns_ZipFiles" storage="d:\sferrari\01_trabajo\repos\netcore\libs\template-netcore-shared\kitpymes.core.shared.tests\bin\debug\net7.0\kitpymes.core.shared.tests.dll" id="0d8b518a-f788-4d38-8881-24041ad08985">
      <Execution id="206d619a-59f9-4dc6-b90c-c16dc6033404" />
      <TestMethod codeBase="D:\SFERRARI\01_TRABAJO\repos\netcore\libs\template-netcore-shared\Kitpymes.Core.Shared.Tests\bin\Debug\net7.0\Kitpymes.Core.Shared.Tests.dll" adapterTypeName="executor://mstestadapter/v2" className="Kitpymes.Core.Shared.Tests.StringExtensionsTests" name="ToZipCreate_Passing_ValidFilesWithCutomZipName_Returns_ZipFiles" />
    </UnitTest>
    <UnitTest name="ThrowIfInsideRangeOrEqual_Passing_InvalidValue_Returns_ApplicationException (4)" storage="d:\sferrari\01_trabajo\repos\netcore\libs\template-netcore-shared\kitpymes.core.shared.tests\bin\debug\net7.0\kitpymes.core.shared.tests.dll" id="606d9f4f-cdcb-47dd-8c9f-6dbc80c84544">
      <Execution id="5113ee6a-acaf-4edf-9f08-04607eeda6bc" />
      <TestMethod codeBase="D:\SFERRARI\01_TRABAJO\repos\netcore\libs\template-netcore-shared\Kitpymes.Core.Shared.Tests\bin\Debug\net7.0\Kitpymes.Core.Shared.Tests.dll" adapterTypeName="executor://mstestadapter/v2" className="Kitpymes.Core.Shared.Tests.VerifyExtensionsTests" name="ThrowIfInsideRangeOrEqual_Passing_InvalidValue_Returns_ApplicationException" />
    </UnitTest>
    <UnitTest name="ToServiceMatchingClass_Passing_Valid_Assembly_And_Valid_Class_Type_Returns_Service" storage="d:\sferrari\01_trabajo\repos\netcore\libs\template-netcore-shared\kitpymes.core.shared.tests\bin\debug\net7.0\kitpymes.core.shared.tests.dll" id="d0efd1a4-0256-4643-a87f-ec87c4280e9a">
      <Execution id="af92bfca-b001-47df-92f4-9daef5fafc31" />
      <TestMethod codeBase="D:\SFERRARI\01_TRABAJO\repos\netcore\libs\template-netcore-shared\Kitpymes.Core.Shared.Tests\bin\Debug\net7.0\Kitpymes.Core.Shared.Tests.dll" adapterTypeName="executor://mstestadapter/v2" className="Kitpymes.Core.Shared.Tests.ConfigurationBuilderExtensionsTests" name="ToServiceMatchingClass_Passing_Valid_Assembly_And_Valid_Class_Type_Returns_Service" />
    </UnitTest>
    <UnitTest name="ToFullMessage_Passing_ExceptionWithMessageWithInnerException_Returns_MessageAndInnerException" storage="d:\sferrari\01_trabajo\repos\netcore\libs\template-netcore-shared\kitpymes.core.shared.tests\bin\debug\net7.0\kitpymes.core.shared.tests.dll" id="02bea251-bac3-4d16-9763-58f03c3a4e42">
      <Execution id="418286db-5c8a-4c6d-9d67-241248523969" />
      <TestMethod codeBase="D:\SFERRARI\01_TRABAJO\repos\netcore\libs\template-netcore-shared\Kitpymes.Core.Shared.Tests\bin\Debug\net7.0\Kitpymes.Core.Shared.Tests.dll" adapterTypeName="executor://mstestadapter/v2" className="Kitpymes.Core.Shared.Tests.ExceptionExtensionsTests" name="ToFullMessage_Passing_ExceptionWithMessageWithInnerException_Returns_MessageAndInnerException" />
    </UnitTest>
    <UnitTest name="ToEmailMask_Passing_ValidEmail_Returns_EmailWithMask (qazwsx@gmail.com,q----x@g----.com)" storage="d:\sferrari\01_trabajo\repos\netcore\libs\template-netcore-shared\kitpymes.core.shared.tests\bin\debug\net7.0\kitpymes.core.shared.tests.dll" id="0bcf7198-ad11-4a38-91ae-d720201bcbb3">
      <Execution id="5b1ec4f7-12a6-4efa-8f8b-f36715ec764d" />
      <TestMethod codeBase="D:\SFERRARI\01_TRABAJO\repos\netcore\libs\template-netcore-shared\Kitpymes.Core.Shared.Tests\bin\Debug\net7.0\Kitpymes.Core.Shared.Tests.dll" adapterTypeName="executor://mstestadapter/v2" className="Kitpymes.Core.Shared.Tests.StringExtensionsTests" name="ToEmailMask_Passing_ValidEmail_Returns_EmailWithMask" />
    </UnitTest>
    <UnitTest name="ToUri_Passing_ValidValueString_Returns_Uri (http://例子.测试)" storage="d:\sferrari\01_trabajo\repos\netcore\libs\template-netcore-shared\kitpymes.core.shared.tests\bin\debug\net7.0\kitpymes.core.shared.tests.dll" id="9629f98f-a52b-4838-9a33-e3da2d1004a8">
      <Execution id="c415c09e-e1ab-4cf1-934e-53087c2f7697" />
      <TestMethod codeBase="D:\SFERRARI\01_TRABAJO\repos\netcore\libs\template-netcore-shared\Kitpymes.Core.Shared.Tests\bin\Debug\net7.0\Kitpymes.Core.Shared.Tests.dll" adapterTypeName="executor://mstestadapter/v2" className="Kitpymes.Core.Shared.Tests.StringExtensionsTests" name="ToUri_Passing_ValidValueString_Returns_Uri" />
    </UnitTest>
    <UnitTest name="ToConfigureOrDefault_Passing_DefaultValues_And_ActionCustomValues_Returns_DefaultValues_And_CustomValues" storage="d:\sferrari\01_trabajo\repos\netcore\libs\template-netcore-shared\kitpymes.core.shared.tests\bin\debug\net7.0\kitpymes.core.shared.tests.dll" id="a8e3c861-97a8-490d-ab38-efae7002757d">
      <Execution id="a261e7b4-4168-4068-9815-ecf84b4cb1c3" />
      <TestMethod codeBase="D:\SFERRARI\01_TRABAJO\repos\netcore\libs\template-netcore-shared\Kitpymes.Core.Shared.Tests\bin\Debug\net7.0\Kitpymes.Core.Shared.Tests.dll" adapterTypeName="executor://mstestadapter/v2" className="Kitpymes.Core.Shared.Tests.ActionExtensionsTests" name="ToConfigureOrDefault_Passing_DefaultValues_And_ActionCustomValues_Returns_DefaultValues_And_CustomValues" />
    </UnitTest>
    <UnitTest name="ToUri_Passing_InvalidValueString_Returns_DefaultValue (http://.)" storage="d:\sferrari\01_trabajo\repos\netcore\libs\template-netcore-shared\kitpymes.core.shared.tests\bin\debug\net7.0\kitpymes.core.shared.tests.dll" id="32e28cf4-476c-438f-9f69-f2ab47c74943">
      <Execution id="d1f8b622-b7bf-4a11-a595-d75c090c67b6" />
      <TestMethod codeBase="D:\SFERRARI\01_TRABAJO\repos\netcore\libs\template-netcore-shared\Kitpymes.Core.Shared.Tests\bin\Debug\net7.0\Kitpymes.Core.Shared.Tests.dll" adapterTypeName="executor://mstestadapter/v2" className="Kitpymes.Core.Shared.Tests.StringExtensionsTests" name="ToUri_Passing_InvalidValueString_Returns_DefaultValue" />
    </UnitTest>
    <UnitTest name="ToList_Passing_ValidEnumTypeWithSelectedValueWithResourceType_Returns_ValuesList" storage="d:\sferrari\01_trabajo\repos\netcore\libs\template-netcore-shared\kitpymes.core.shared.tests\bin\debug\net7.0\kitpymes.core.shared.tests.dll" id="7f74c7fd-dc59-4685-9c9d-5ee8e03d63d6">
      <Execution id="65ee70d6-ae31-4aea-b097-8a169a825730" />
      <TestMethod codeBase="D:\SFERRARI\01_TRABAJO\repos\netcore\libs\template-netcore-shared\Kitpymes.Core.Shared.Tests\bin\Debug\net7.0\Kitpymes.Core.Shared.Tests.dll" adapterTypeName="executor://mstestadapter/v2" className="Kitpymes.Core.Shared.Tests.EnumsTests" name="ToList_Passing_ValidEnumTypeWithSelectedValueWithResourceType_Returns_ValuesList" />
    </UnitTest>
    <UnitTest name="ToHashAlgorithmName_Passing_InvalidValueLowerCaseString_Returns_Null (md5)" storage="d:\sferrari\01_trabajo\repos\netcore\libs\template-netcore-shared\kitpymes.core.shared.tests\bin\debug\net7.0\kitpymes.core.shared.tests.dll" id="99e6c041-e467-4f26-92c7-780eeb96479a">
      <Execution id="e8bfa381-3322-46e0-8c6f-285a9cf1dca4" />
      <TestMethod codeBase="D:\SFERRARI\01_TRABAJO\repos\netcore\libs\template-netcore-shared\Kitpymes.Core.Shared.Tests\bin\Debug\net7.0\Kitpymes.Core.Shared.Tests.dll" adapterTypeName="executor://mstestadapter/v2" className="Kitpymes.Core.Shared.Tests.StringExtensionsTests" name="ToHashAlgorithmName_Passing_InvalidValueLowerCaseString_Returns_Null" />
    </UnitTest>
    <UnitTest name="ToMapNew_Passing_TSource_And_TDestination_Returns_New_TDestination_Object" storage="d:\sferrari\01_trabajo\repos\netcore\libs\template-netcore-shared\kitpymes.core.shared.tests\bin\debug\net7.0\kitpymes.core.shared.tests.dll" id="48a5b8cd-18ba-4c0f-899c-731ea98c1b2e">
      <Execution id="e2e98607-6b2c-4b63-95ec-8dfc609e5a5d" />
      <TestMethod codeBase="D:\SFERRARI\01_TRABAJO\repos\netcore\libs\template-netcore-shared\Kitpymes.Core.Shared.Tests\bin\Debug\net7.0\Kitpymes.Core.Shared.Tests.dll" adapterTypeName="executor://mstestadapter/v2" className="Kitpymes.Core.Shared.Tests.AgileMapperExtensionsTests" name="ToMapNew_Passing_TSource_And_TDestination_Returns_New_TDestination_Object" />
    </UnitTest>
    <UnitTest name="ThrowIfNotEmail_Passing_InvalidValue_Returns_ApplicationExceptionWithMessage (34fsds@@sdd.f)" storage="d:\sferrari\01_trabajo\repos\netcore\libs\template-netcore-shared\kitpymes.core.shared.tests\bin\debug\net7.0\kitpymes.core.shared.tests.dll" id="bd43619c-a666-4b12-a16e-335d024ee4a5">
      <Execution id="28ecc686-e7ac-4505-a944-b7374e45314f" />
      <TestMethod codeBase="D:\SFERRARI\01_TRABAJO\repos\netcore\libs\template-netcore-shared\Kitpymes.Core.Shared.Tests\bin\Debug\net7.0\Kitpymes.Core.Shared.Tests.dll" adapterTypeName="executor://mstestadapter/v2" className="Kitpymes.Core.Shared.Tests.VerifyExtensionsTests" name="ThrowIfNotEmail_Passing_InvalidValue_Returns_ApplicationExceptionWithMessage" />
    </UnitTest>
    <UnitTest name="ToTomorrow_Passing_DateTime_Returns_Tomorrow_DateTime" storage="d:\sferrari\01_trabajo\repos\netcore\libs\template-netcore-shared\kitpymes.core.shared.tests\bin\debug\net7.0\kitpymes.core.shared.tests.dll" id="5d32b2ec-173c-4ebf-b4cb-65a43a8bbec1">
      <Execution id="3fb4f1b4-ba2c-40d1-803c-d7e915233d31" />
      <TestMethod codeBase="D:\SFERRARI\01_TRABAJO\repos\netcore\libs\template-netcore-shared\Kitpymes.Core.Shared.Tests\bin\Debug\net7.0\Kitpymes.Core.Shared.Tests.dll" adapterTypeName="executor://mstestadapter/v2" className="Kitpymes.Core.Shared.Tests.DateTimeExtensionsTests" name="ToTomorrow_Passing_DateTime_Returns_Tomorrow_DateTime" />
    </UnitTest>
    <UnitTest name="CreateRandom_WithCustomAllowableCharacters_Passing_Valid_Arguments_Returns_String_Random_Value (20,qazwscefbthmiklp09876543)" storage="d:\sferrari\01_trabajo\repos\netcore\libs\template-netcore-shared\kitpymes.core.shared.tests\bin\debug\net7.0\kitpymes.core.shared.tests.dll" id="979eb2b1-f382-4fcc-b8f4-593f43f74743">
      <Execution id="8745f644-50d9-48c3-8328-bc9960b39988" />
      <TestMethod codeBase="D:\SFERRARI\01_TRABAJO\repos\netcore\libs\template-netcore-shared\Kitpymes.Core.Shared.Tests\bin\Debug\net7.0\Kitpymes.Core.Shared.Tests.dll" adapterTypeName="executor://mstestadapter/v2" className="Kitpymes.Core.Shared.Tests.HashTests" name="CreateRandom_WithCustomAllowableCharacters_Passing_Valid_Arguments_Returns_String_Random_Value" />
    </UnitTest>
    <UnitTest name="ToInt_Passing_InvalidValueString_Returns_Null (1.3333)" storage="d:\sferrari\01_trabajo\repos\netcore\libs\template-netcore-shared\kitpymes.core.shared.tests\bin\debug\net7.0\kitpymes.core.shared.tests.dll" id="0afa185c-01c1-42f6-89f9-889bcb46e719">
      <Execution id="0623ce35-20be-4fb4-b490-fbcf8ed2d330" />
      <TestMethod codeBase="D:\SFERRARI\01_TRABAJO\repos\netcore\libs\template-netcore-shared\Kitpymes.Core.Shared.Tests\bin\Debug\net7.0\Kitpymes.Core.Shared.Tests.dll" adapterTypeName="executor://mstestadapter/v2" className="Kitpymes.Core.Shared.Tests.StringExtensionsTests" name="ToInt_Passing_InvalidValueString_Returns_Null" />
    </UnitTest>
    <UnitTest name="ToAge_Passing_Birthday_DateTime_Returns_Age" storage="d:\sferrari\01_trabajo\repos\netcore\libs\template-netcore-shared\kitpymes.core.shared.tests\bin\debug\net7.0\kitpymes.core.shared.tests.dll" id="8a9babf8-2b95-44e8-acc8-fc102cf7bae4">
      <Execution id="7230c65f-90fb-4d00-beb1-3d549b63cee9" />
      <TestMethod codeBase="D:\SFERRARI\01_TRABAJO\repos\netcore\libs\template-netcore-shared\Kitpymes.Core.Shared.Tests\bin\Debug\net7.0\Kitpymes.Core.Shared.Tests.dll" adapterTypeName="executor://mstestadapter/v2" className="Kitpymes.Core.Shared.Tests.DateTimeExtensionsTests" name="ToAge_Passing_Birthday_DateTime_Returns_Age" />
    </UnitTest>
    <UnitTest name="ToNormalize_Passing_ValidValue_Returns_NormalizedValue (àáäâãøçħ,aaaaaoch)" storage="d:\sferrari\01_trabajo\repos\netcore\libs\template-netcore-shared\kitpymes.core.shared.tests\bin\debug\net7.0\kitpymes.core.shared.tests.dll" id="055b4d15-2e27-4dc4-a625-69f1170fa74a">
      <Execution id="7536096c-5f4c-4f21-8443-eed24d8e7cc5" />
      <TestMethod codeBase="D:\SFERRARI\01_TRABAJO\repos\netcore\libs\template-netcore-shared\Kitpymes.Core.Shared.Tests\bin\Debug\net7.0\Kitpymes.Core.Shared.Tests.dll" adapterTypeName="executor://mstestadapter/v2" className="Kitpymes.Core.Shared.Tests.StringExtensionsTests" name="ToNormalize_Passing_ValidValue_Returns_NormalizedValue" />
    </UnitTest>
    <UnitTest name="ToDefaultValue_Passing_short_Returns_Cero" storage="d:\sferrari\01_trabajo\repos\netcore\libs\template-netcore-shared\kitpymes.core.shared.tests\bin\debug\net7.0\kitpymes.core.shared.tests.dll" id="1fdead15-eb78-4220-b453-1b56bd143381">
      <Execution id="7d9ffc4c-4191-4ca3-bbf2-db0df493b27c" />
      <TestMethod codeBase="D:\SFERRARI\01_TRABAJO\repos\netcore\libs\template-netcore-shared\Kitpymes.Core.Shared.Tests\bin\Debug\net7.0\Kitpymes.Core.Shared.Tests.dll" adapterTypeName="executor://mstestadapter/v2" className="Kitpymes.Core.Shared.Tests.GenericExtensionsTests" name="ToDefaultValue_Passing_short_Returns_Cero" />
    </UnitTest>
    <UnitTest name="ToEnum_Passing_ValidValue_String_Returns_EnumValue" storage="d:\sferrari\01_trabajo\repos\netcore\libs\template-netcore-shared\kitpymes.core.shared.tests\bin\debug\net7.0\kitpymes.core.shared.tests.dll" id="9d1d1a8d-a213-4c81-bb91-0877573e9042">
      <Execution id="a5060b7b-17b8-45f6-84d4-c5e4b21a110f" />
      <TestMethod codeBase="D:\SFERRARI\01_TRABAJO\repos\netcore\libs\template-netcore-shared\Kitpymes.Core.Shared.Tests\bin\Debug\net7.0\Kitpymes.Core.Shared.Tests.dll" adapterTypeName="executor://mstestadapter/v2" className="Kitpymes.Core.Shared.Tests.StringExtensionsTests" name="ToEnum_Passing_ValidValue_String_Returns_EnumValue" />
    </UnitTest>
    <UnitTest name="ToZipCreate_Passing_ValidFiles_Returns_ZipFiles" storage="d:\sferrari\01_trabajo\repos\netcore\libs\template-netcore-shared\kitpymes.core.shared.tests\bin\debug\net7.0\kitpymes.core.shared.tests.dll" id="5bbf4e57-22d7-4530-976c-1f7fac713f52">
      <Execution id="576658db-8480-4a7e-bf1c-cae48be175c4" />
      <TestMethod codeBase="D:\SFERRARI\01_TRABAJO\repos\netcore\libs\template-netcore-shared\Kitpymes.Core.Shared.Tests\bin\Debug\net7.0\Kitpymes.Core.Shared.Tests.dll" adapterTypeName="executor://mstestadapter/v2" className="Kitpymes.Core.Shared.Tests.StringExtensionsTests" name="ToZipCreate_Passing_ValidFiles_Returns_ZipFiles" />
    </UnitTest>
    <UnitTest name="ToUri_Passing_ValidValueString_Returns_Uri (http://⌘.ws)" storage="d:\sferrari\01_trabajo\repos\netcore\libs\template-netcore-shared\kitpymes.core.shared.tests\bin\debug\net7.0\kitpymes.core.shared.tests.dll" id="37b582cd-c255-4bcf-8041-b6d250f18033">
      <Execution id="c2d9b904-a3e2-489a-a2e5-6760d4ad2992" />
      <TestMethod codeBase="D:\SFERRARI\01_TRABAJO\repos\netcore\libs\template-netcore-shared\Kitpymes.Core.Shared.Tests\bin\Debug\net7.0\Kitpymes.Core.Shared.Tests.dll" adapterTypeName="executor://mstestadapter/v2" className="Kitpymes.Core.Shared.Tests.StringExtensionsTests" name="ToUri_Passing_ValidValueString_Returns_Uri" />
    </UnitTest>
    <UnitTest name="ToUri_Passing_ValidValueString_Returns_Uri (https://www.example.com/foo/?bar=baz&amp;inga=42&amp;quux)" storage="d:\sferrari\01_trabajo\repos\netcore\libs\template-netcore-shared\kitpymes.core.shared.tests\bin\debug\net7.0\kitpymes.core.shared.tests.dll" id="c8dd93fb-12d9-407b-8aff-50974fd9b124">
      <Execution id="a591cf4b-3423-4d42-b3d0-2b74a319b599" />
      <TestMethod codeBase="D:\SFERRARI\01_TRABAJO\repos\netcore\libs\template-netcore-shared\Kitpymes.Core.Shared.Tests\bin\Debug\net7.0\Kitpymes.Core.Shared.Tests.dll" adapterTypeName="executor://mstestadapter/v2" className="Kitpymes.Core.Shared.Tests.StringExtensionsTests" name="ToUri_Passing_ValidValueString_Returns_Uri" />
    </UnitTest>
    <UnitTest name="ToNormalize_Passing_ValidValue_Returns_NormalizedValue (ÀÁÄÂÃ,AAAAA)" storage="d:\sferrari\01_trabajo\repos\netcore\libs\template-netcore-shared\kitpymes.core.shared.tests\bin\debug\net7.0\kitpymes.core.shared.tests.dll" id="ab71f519-7209-44bf-a768-e1d3b6613812">
      <Execution id="0ceeb970-0e01-4e04-bcbd-c1e679906351" />
      <TestMethod codeBase="D:\SFERRARI\01_TRABAJO\repos\netcore\libs\template-netcore-shared\Kitpymes.Core.Shared.Tests\bin\Debug\net7.0\Kitpymes.Core.Shared.Tests.dll" adapterTypeName="executor://mstestadapter/v2" className="Kitpymes.Core.Shared.Tests.StringExtensionsTests" name="ToNormalize_Passing_ValidValue_Returns_NormalizedValue" />
    </UnitTest>
    <UnitTest name="ToNormalize_Passing_ValidValue_Returns_NormalizedValue (Ç,C)" storage="d:\sferrari\01_trabajo\repos\netcore\libs\template-netcore-shared\kitpymes.core.shared.tests\bin\debug\net7.0\kitpymes.core.shared.tests.dll" id="3a652e28-d501-4dd0-909a-5a83b108156e">
      <Execution id="b946d7c3-a9d0-4a96-9cde-98763851e7cc" />
      <TestMethod codeBase="D:\SFERRARI\01_TRABAJO\repos\netcore\libs\template-netcore-shared\Kitpymes.Core.Shared.Tests\bin\Debug\net7.0\Kitpymes.Core.Shared.Tests.dll" adapterTypeName="executor://mstestadapter/v2" className="Kitpymes.Core.Shared.Tests.StringExtensionsTests" name="ToNormalize_Passing_ValidValue_Returns_NormalizedValue" />
    </UnitTest>
    <UnitTest name="ToUri_Passing_ValidValueString_Returns_Uri (http://j.mp)" storage="d:\sferrari\01_trabajo\repos\netcore\libs\template-netcore-shared\kitpymes.core.shared.tests\bin\debug\net7.0\kitpymes.core.shared.tests.dll" id="192dbed6-9b1f-433f-aaf4-3092f17250b5">
      <Execution id="44752fea-659b-44be-9888-385d86db5c6c" />
      <TestMethod codeBase="D:\SFERRARI\01_TRABAJO\repos\netcore\libs\template-netcore-shared\Kitpymes.Core.Shared.Tests\bin\Debug\net7.0\Kitpymes.Core.Shared.Tests.dll" adapterTypeName="executor://mstestadapter/v2" className="Kitpymes.Core.Shared.Tests.StringExtensionsTests" name="ToUri_Passing_ValidValueString_Returns_Uri" />
    </UnitTest>
    <UnitTest name="ToEmailMaskUserNameAndDomainAndExtension_Passing_ValidEmail_Returns_EmailWithMask (qazwsxedc@gmail.com,q*******c@g***l.c*m)" storage="d:\sferrari\01_trabajo\repos\netcore\libs\template-netcore-shared\kitpymes.core.shared.tests\bin\debug\net7.0\kitpymes.core.shared.tests.dll" id="c91f335c-aeda-479f-a275-8b7112e3e23a">
      <Execution id="e378bf27-9630-4553-b560-0711d72c7512" />
      <TestMethod codeBase="D:\SFERRARI\01_TRABAJO\repos\netcore\libs\template-netcore-shared\Kitpymes.Core.Shared.Tests\bin\Debug\net7.0\Kitpymes.Core.Shared.Tests.dll" adapterTypeName="executor://mstestadapter/v2" className="Kitpymes.Core.Shared.Tests.StringExtensionsTests" name="ToEmailMaskUserNameAndDomainAndExtension_Passing_ValidEmail_Returns_EmailWithMask" />
    </UnitTest>
    <UnitTest name="ToServiceMatchingInterface_Passing_Valid_Assembly_And_Valid_Interface_Returns_Service" storage="d:\sferrari\01_trabajo\repos\netcore\libs\template-netcore-shared\kitpymes.core.shared.tests\bin\debug\net7.0\kitpymes.core.shared.tests.dll" id="1feded57-1944-4dd6-9d1f-709930b8d8b8">
      <Execution id="18a80c01-5637-4bfe-800c-5255c1e47b6c" />
      <TestMethod codeBase="D:\SFERRARI\01_TRABAJO\repos\netcore\libs\template-netcore-shared\Kitpymes.Core.Shared.Tests\bin\Debug\net7.0\Kitpymes.Core.Shared.Tests.dll" adapterTypeName="executor://mstestadapter/v2" className="Kitpymes.Core.Shared.Tests.ConfigurationBuilderExtensionsTests" name="ToServiceMatchingInterface_Passing_Valid_Assembly_And_Valid_Interface_Returns_Service" />
    </UnitTest>
    <UnitTest name="ToSetTime_Passing_Time_Int_Returns_DateTime" storage="d:\sferrari\01_trabajo\repos\netcore\libs\template-netcore-shared\kitpymes.core.shared.tests\bin\debug\net7.0\kitpymes.core.shared.tests.dll" id="8f139132-fad0-4648-ad51-b43defae930d">
      <Execution id="035e5830-b2d8-42e9-b338-f0f677fea4f7" />
      <TestMethod codeBase="D:\SFERRARI\01_TRABAJO\repos\netcore\libs\template-netcore-shared\Kitpymes.Core.Shared.Tests\bin\Debug\net7.0\Kitpymes.Core.Shared.Tests.dll" adapterTypeName="executor://mstestadapter/v2" className="Kitpymes.Core.Shared.Tests.DateTimeExtensionsTests" name="ToSetTime_Passing_Time_Int_Returns_DateTime" />
    </UnitTest>
    <UnitTest name="ToFormat_Passing_ValidValueFormatWithArguments_Returns_ValueWithFormat" storage="d:\sferrari\01_trabajo\repos\netcore\libs\template-netcore-shared\kitpymes.core.shared.tests\bin\debug\net7.0\kitpymes.core.shared.tests.dll" id="142d62b0-0207-496c-912e-a120b3e2847a">
      <Execution id="0d153bd1-9115-4d27-be14-9b9753bd379a" />
      <TestMethod codeBase="D:\SFERRARI\01_TRABAJO\repos\netcore\libs\template-netcore-shared\Kitpymes.Core.Shared.Tests\bin\Debug\net7.0\Kitpymes.Core.Shared.Tests.dll" adapterTypeName="executor://mstestadapter/v2" className="Kitpymes.Core.Shared.Tests.StringExtensionsTests" name="ToFormat_Passing_ValidValueFormatWithArguments_Returns_ValueWithFormat" />
    </UnitTest>
    <UnitTest name="ToDefaultValue_Passing_sbyte_Returns_Cero" storage="d:\sferrari\01_trabajo\repos\netcore\libs\template-netcore-shared\kitpymes.core.shared.tests\bin\debug\net7.0\kitpymes.core.shared.tests.dll" id="e839c9ff-8a54-490a-9827-21f62f31dbe7">
      <Execution id="18d6e5b5-38ee-49e8-9e1d-720561ea4162" />
      <TestMethod codeBase="D:\SFERRARI\01_TRABAJO\repos\netcore\libs\template-netcore-shared\Kitpymes.Core.Shared.Tests\bin\Debug\net7.0\Kitpymes.Core.Shared.Tests.dll" adapterTypeName="executor://mstestadapter/v2" className="Kitpymes.Core.Shared.Tests.GenericExtensionsTests" name="ToDefaultValue_Passing_sbyte_Returns_Cero" />
    </UnitTest>
    <UnitTest name="ToUri_Passing_InvalidValueString_Returns_DefaultValue (http://??/)" storage="d:\sferrari\01_trabajo\repos\netcore\libs\template-netcore-shared\kitpymes.core.shared.tests\bin\debug\net7.0\kitpymes.core.shared.tests.dll" id="dcdb21a0-0c21-4812-8ef9-3c1530dcdd09">
      <Execution id="912dc464-1512-4ead-a879-8699d86700ef" />
      <TestMethod codeBase="D:\SFERRARI\01_TRABAJO\repos\netcore\libs\template-netcore-shared\Kitpymes.Core.Shared.Tests\bin\Debug\net7.0\Kitpymes.Core.Shared.Tests.dll" adapterTypeName="executor://mstestadapter/v2" className="Kitpymes.Core.Shared.Tests.StringExtensionsTests" name="ToUri_Passing_InvalidValueString_Returns_DefaultValue" />
    </UnitTest>
    <UnitTest name="ToInt_Passing_InvalidValueString_Returns_Null (1.333,39)" storage="d:\sferrari\01_trabajo\repos\netcore\libs\template-netcore-shared\kitpymes.core.shared.tests\bin\debug\net7.0\kitpymes.core.shared.tests.dll" id="2e80bbba-1641-4bdd-90bd-b66a56816f2c">
      <Execution id="d8e3ae98-8d2d-446e-a2fb-9dc3f22d6290" />
      <TestMethod codeBase="D:\SFERRARI\01_TRABAJO\repos\netcore\libs\template-netcore-shared\Kitpymes.Core.Shared.Tests\bin\Debug\net7.0\Kitpymes.Core.Shared.Tests.dll" adapterTypeName="executor://mstestadapter/v2" className="Kitpymes.Core.Shared.Tests.StringExtensionsTests" name="ToInt_Passing_InvalidValueString_Returns_Null" />
    </UnitTest>
    <UnitTest name="ToServiceMatchingInterface_Passing_Valid_Assembly_Returns_Service" storage="d:\sferrari\01_trabajo\repos\netcore\libs\template-netcore-shared\kitpymes.core.shared.tests\bin\debug\net7.0\kitpymes.core.shared.tests.dll" id="a7eeb2ec-0fe5-48e1-aa76-e676df42cf52">
      <Execution id="0c9f6ce8-c584-4b8f-95ca-ebc67dd42262" />
      <TestMethod codeBase="D:\SFERRARI\01_TRABAJO\repos\netcore\libs\template-netcore-shared\Kitpymes.Core.Shared.Tests\bin\Debug\net7.0\Kitpymes.Core.Shared.Tests.dll" adapterTypeName="executor://mstestadapter/v2" className="Kitpymes.Core.Shared.Tests.ConfigurationBuilderExtensionsTests" name="ToServiceMatchingInterface_Passing_Valid_Assembly_Returns_Service" />
    </UnitTest>
    <UnitTest name="ThrowIfOutRange_Passing_InvalidValue_Returns_ApplicationException (7)" storage="d:\sferrari\01_trabajo\repos\netcore\libs\template-netcore-shared\kitpymes.core.shared.tests\bin\debug\net7.0\kitpymes.core.shared.tests.dll" id="083b8f9a-a791-4342-bfec-434649ddb038">
      <Execution id="713cd967-9f03-453f-a12c-bab3efbcc36a" />
      <TestMethod codeBase="D:\SFERRARI\01_TRABAJO\repos\netcore\libs\template-netcore-shared\Kitpymes.Core.Shared.Tests\bin\Debug\net7.0\Kitpymes.Core.Shared.Tests.dll" adapterTypeName="executor://mstestadapter/v2" className="Kitpymes.Core.Shared.Tests.VerifyExtensionsTests" name="ThrowIfOutRange_Passing_InvalidValue_Returns_ApplicationException" />
    </UnitTest>
    <UnitTest name="CreateSHA512_Passing_Invalid_Arguments_Returns_ApplicationException ()" storage="d:\sferrari\01_trabajo\repos\netcore\libs\template-netcore-shared\kitpymes.core.shared.tests\bin\debug\net7.0\kitpymes.core.shared.tests.dll" id="015ce36d-6415-4687-be90-c70181f2e0d4">
      <Execution id="c8f8d844-bdf0-45e3-8385-a3bd0e3f80aa" />
      <TestMethod codeBase="D:\SFERRARI\01_TRABAJO\repos\netcore\libs\template-netcore-shared\Kitpymes.Core.Shared.Tests\bin\Debug\net7.0\Kitpymes.Core.Shared.Tests.dll" adapterTypeName="executor://mstestadapter/v2" className="Kitpymes.Core.Shared.Tests.HashTests" name="CreateSHA512_Passing_Invalid_Arguments_Returns_ApplicationException" />
    </UnitTest>
    <UnitTest name="ToIsWeekend_Passing_Sunday_DateTime_Returns_True" storage="d:\sferrari\01_trabajo\repos\netcore\libs\template-netcore-shared\kitpymes.core.shared.tests\bin\debug\net7.0\kitpymes.core.shared.tests.dll" id="3a31170b-61b5-4437-84e8-a0c3ac39f843">
      <Execution id="f908b49b-da17-44a7-ac2f-9e7c5427570d" />
      <TestMethod codeBase="D:\SFERRARI\01_TRABAJO\repos\netcore\libs\template-netcore-shared\Kitpymes.Core.Shared.Tests\bin\Debug\net7.0\Kitpymes.Core.Shared.Tests.dll" adapterTypeName="executor://mstestadapter/v2" className="Kitpymes.Core.Shared.Tests.DateTimeExtensionsTests" name="ToIsWeekend_Passing_Sunday_DateTime_Returns_True" />
    </UnitTest>
    <UnitTest name="CreateRandom_WithDefaultAllowableCharacters_Passing_ValidArguments_Returns_String_Random_Value (10)" storage="d:\sferrari\01_trabajo\repos\netcore\libs\template-netcore-shared\kitpymes.core.shared.tests\bin\debug\net7.0\kitpymes.core.shared.tests.dll" id="c86892c2-ef50-4a4d-beca-02784a777c0e">
      <Execution id="8a23ed71-e1c7-46ef-94e3-88e8286b6b51" />
      <TestMethod codeBase="D:\SFERRARI\01_TRABAJO\repos\netcore\libs\template-netcore-shared\Kitpymes.Core.Shared.Tests\bin\Debug\net7.0\Kitpymes.Core.Shared.Tests.dll" adapterTypeName="executor://mstestadapter/v2" className="Kitpymes.Core.Shared.Tests.HashTests" name="CreateRandom_WithDefaultAllowableCharacters_Passing_ValidArguments_Returns_String_Random_Value" />
    </UnitTest>
    <UnitTest name="ToDefaultValue_Passing_double_Returns_Cero (1,7976931348623157E+308)" storage="d:\sferrari\01_trabajo\repos\netcore\libs\template-netcore-shared\kitpymes.core.shared.tests\bin\debug\net7.0\kitpymes.core.shared.tests.dll" id="3546fba4-3a02-409a-98e8-347a38568798">
      <Execution id="129ebcea-fcd1-490a-ad75-ad50a29f0c7c" />
      <TestMethod codeBase="D:\SFERRARI\01_TRABAJO\repos\netcore\libs\template-netcore-shared\Kitpymes.Core.Shared.Tests\bin\Debug\net7.0\Kitpymes.Core.Shared.Tests.dll" adapterTypeName="executor://mstestadapter/v2" className="Kitpymes.Core.Shared.Tests.GenericExtensionsTests" name="ToDefaultValue_Passing_double_Returns_Cero" />
    </UnitTest>
    <UnitTest name="ThrowIfNotEmail_Passing_InvalidValue_Returns_ApplicationExceptionWithMessage ()" storage="d:\sferrari\01_trabajo\repos\netcore\libs\template-netcore-shared\kitpymes.core.shared.tests\bin\debug\net7.0\kitpymes.core.shared.tests.dll" id="f836999b-2df8-4326-b29e-5678dfa78c00">
      <Execution id="aa152887-1ace-4350-9266-c70d56783e65" />
      <TestMethod codeBase="D:\SFERRARI\01_TRABAJO\repos\netcore\libs\template-netcore-shared\Kitpymes.Core.Shared.Tests\bin\Debug\net7.0\Kitpymes.Core.Shared.Tests.dll" adapterTypeName="executor://mstestadapter/v2" className="Kitpymes.Core.Shared.Tests.VerifyExtensionsTests" name="ThrowIfNotEmail_Passing_InvalidValue_Returns_ApplicationExceptionWithMessage" />
    </UnitTest>
    <UnitTest name="ToUri_Passing_ValidValueString_Returns_Uri (http://foo.com/blah_blah)" storage="d:\sferrari\01_trabajo\repos\netcore\libs\template-netcore-shared\kitpymes.core.shared.tests\bin\debug\net7.0\kitpymes.core.shared.tests.dll" id="37795f2a-26b9-4334-bc23-b6e5ad475562">
      <Execution id="523a00ef-753d-404f-be8d-beb603a617ed" />
      <TestMethod codeBase="D:\SFERRARI\01_TRABAJO\repos\netcore\libs\template-netcore-shared\Kitpymes.Core.Shared.Tests\bin\Debug\net7.0\Kitpymes.Core.Shared.Tests.dll" adapterTypeName="executor://mstestadapter/v2" className="Kitpymes.Core.Shared.Tests.StringExtensionsTests" name="ToUri_Passing_ValidValueString_Returns_Uri" />
    </UnitTest>
    <UnitTest name="ToService_Passing_NotFound_Service_Returns_Null" storage="d:\sferrari\01_trabajo\repos\netcore\libs\template-netcore-shared\kitpymes.core.shared.tests\bin\debug\net7.0\kitpymes.core.shared.tests.dll" id="b31672a2-629f-46c9-a1cf-d18903175480">
      <Execution id="2f559293-6cd7-4ecb-be8c-dec9b16aa866" />
      <TestMethod codeBase="D:\SFERRARI\01_TRABAJO\repos\netcore\libs\template-netcore-shared\Kitpymes.Core.Shared.Tests\bin\Debug\net7.0\Kitpymes.Core.Shared.Tests.dll" adapterTypeName="executor://mstestadapter/v2" className="Kitpymes.Core.Shared.Tests.ConfigurationBuilderExtensionsTests" name="ToService_Passing_NotFound_Service_Returns_Null" />
    </UnitTest>
    <UnitTest name="ToTryGetHeader_Passing_HttpRequest_Header_Many_Values_Returns_Values" storage="d:\sferrari\01_trabajo\repos\netcore\libs\template-netcore-shared\kitpymes.core.shared.tests\bin\debug\net7.0\kitpymes.core.shared.tests.dll" id="ef81f9ac-6299-44f7-bc4e-ebb48995af51">
      <Execution id="464911ec-d6a9-41a0-a017-b5824d688d22" />
      <TestMethod codeBase="D:\SFERRARI\01_TRABAJO\repos\netcore\libs\template-netcore-shared\Kitpymes.Core.Shared.Tests\bin\Debug\net7.0\Kitpymes.Core.Shared.Tests.dll" adapterTypeName="executor://mstestadapter/v2" className="Kitpymes.Core.Shared.Tests.HttpRequestExtensionsTests" name="ToTryGetHeader_Passing_HttpRequest_Header_Many_Values_Returns_Values" />
    </UnitTest>
    <UnitTest name="ResultBadRequest_WithErrors_KeyValue" storage="d:\sferrari\01_trabajo\repos\netcore\libs\template-netcore-shared\kitpymes.core.shared.tests\bin\debug\net7.0\kitpymes.core.shared.tests.dll" id="73e2c66c-e7a3-46cb-b865-ce7363cb2634">
      <Execution id="9efa3b23-a191-4c19-ac50-735d9534c90f" />
      <TestMethod codeBase="D:\SFERRARI\01_TRABAJO\repos\netcore\libs\template-netcore-shared\Kitpymes.Core.Shared.Tests\bin\Debug\net7.0\Kitpymes.Core.Shared.Tests.dll" adapterTypeName="executor://mstestadapter/v2" className="Kitpymes.Core.Shared.Tests.ResultTest" name="ResultBadRequest_WithErrors_KeyValue" />
    </UnitTest>
    <UnitTest name="ToMapClone_Passing_Source_Returns_New_Source_Object" storage="d:\sferrari\01_trabajo\repos\netcore\libs\template-netcore-shared\kitpymes.core.shared.tests\bin\debug\net7.0\kitpymes.core.shared.tests.dll" id="957c7e3b-bf44-4b2c-838b-58b78db0c808">
      <Execution id="c5447d80-63c5-484e-9aa5-7bffeaaf265b" />
      <TestMethod codeBase="D:\SFERRARI\01_TRABAJO\repos\netcore\libs\template-netcore-shared\Kitpymes.Core.Shared.Tests\bin\Debug\net7.0\Kitpymes.Core.Shared.Tests.dll" adapterTypeName="executor://mstestadapter/v2" className="Kitpymes.Core.Shared.Tests.AgileMapperExtensionsTests" name="ToMapClone_Passing_Source_Returns_New_Source_Object" />
    </UnitTest>
    <UnitTest name="ToNormalize_Passing_ValidValue_Returns_NormalizedValue ( ,)" storage="d:\sferrari\01_trabajo\repos\netcore\libs\template-netcore-shared\kitpymes.core.shared.tests\bin\debug\net7.0\kitpymes.core.shared.tests.dll" id="0c5e5dae-19f3-4109-b406-aefec450fbce">
      <Execution id="4fd52353-49e5-40ab-9fe7-fb0b24ef38bd" />
      <TestMethod codeBase="D:\SFERRARI\01_TRABAJO\repos\netcore\libs\template-netcore-shared\Kitpymes.Core.Shared.Tests\bin\Debug\net7.0\Kitpymes.Core.Shared.Tests.dll" adapterTypeName="executor://mstestadapter/v2" className="Kitpymes.Core.Shared.Tests.StringExtensionsTests" name="ToNormalize_Passing_ValidValue_Returns_NormalizedValue" />
    </UnitTest>
    <UnitTest name="ToFirstLetterLower_Passing_ValidValue_Returns_StringWithFirstLetterLower (aeiou,aeiou)" storage="d:\sferrari\01_trabajo\repos\netcore\libs\template-netcore-shared\kitpymes.core.shared.tests\bin\debug\net7.0\kitpymes.core.shared.tests.dll" id="5a7e1ad3-1e98-4898-b573-7c23774550cb">
      <Execution id="e04eb676-dd4d-4494-a06a-260913c2049d" />
      <TestMethod codeBase="D:\SFERRARI\01_TRABAJO\repos\netcore\libs\template-netcore-shared\Kitpymes.Core.Shared.Tests\bin\Debug\net7.0\Kitpymes.Core.Shared.Tests.dll" adapterTypeName="executor://mstestadapter/v2" className="Kitpymes.Core.Shared.Tests.StringExtensionsTests" name="ToFirstLetterLower_Passing_ValidValue_Returns_StringWithFirstLetterLower" />
    </UnitTest>
    <UnitTest name="ToRandom_Passing_ValidValueString_Returns_String" storage="d:\sferrari\01_trabajo\repos\netcore\libs\template-netcore-shared\kitpymes.core.shared.tests\bin\debug\net7.0\kitpymes.core.shared.tests.dll" id="71f66a5c-3b21-4d5f-b334-081dc7d1feaf">
      <Execution id="ae3eaa86-7904-42f9-98b8-92a5d2478581" />
      <TestMethod codeBase="D:\SFERRARI\01_TRABAJO\repos\netcore\libs\template-netcore-shared\Kitpymes.Core.Shared.Tests\bin\Debug\net7.0\Kitpymes.Core.Shared.Tests.dll" adapterTypeName="executor://mstestadapter/v2" className="Kitpymes.Core.Shared.Tests.StringExtensionsTests" name="ToRandom_Passing_ValidValueString_Returns_String" />
    </UnitTest>
    <UnitTest name="ToDetails_Passing_HttpContext_Returns_Details_HttpContext" storage="d:\sferrari\01_trabajo\repos\netcore\libs\template-netcore-shared\kitpymes.core.shared.tests\bin\debug\net7.0\kitpymes.core.shared.tests.dll" id="90108dfa-b217-4a44-a3c0-7e6b4e64f29b">
      <Execution id="1065af4b-6822-4248-99f7-72ae2645f9e0" />
      <TestMethod codeBase="D:\SFERRARI\01_TRABAJO\repos\netcore\libs\template-netcore-shared\Kitpymes.Core.Shared.Tests\bin\Debug\net7.0\Kitpymes.Core.Shared.Tests.dll" adapterTypeName="executor://mstestadapter/v2" className="Kitpymes.Core.Shared.Tests.HttpContextExtensionsTests" name="ToDetails_Passing_HttpContext_Returns_Details_HttpContext" />
    </UnitTest>
    <UnitTest name="ThrowIfNullOrAny_Passing_InvalidValue_Returns_ApplicationExceptionWithMessage" storage="d:\sferrari\01_trabajo\repos\netcore\libs\template-netcore-shared\kitpymes.core.shared.tests\bin\debug\net7.0\kitpymes.core.shared.tests.dll" id="67eafb69-0b59-48d9-a672-2c8e317207a9">
      <Execution id="7e00acf6-4c5f-40a5-8232-e04a20f83795" />
      <TestMethod codeBase="D:\SFERRARI\01_TRABAJO\repos\netcore\libs\template-netcore-shared\Kitpymes.Core.Shared.Tests\bin\Debug\net7.0\Kitpymes.Core.Shared.Tests.dll" adapterTypeName="executor://mstestadapter/v2" className="Kitpymes.Core.Shared.Tests.VerifyExtensionsTests" name="ThrowIfNullOrAny_Passing_InvalidValue_Returns_ApplicationExceptionWithMessage" />
    </UnitTest>
    <UnitTest name="ToFirstLetterLower_Passing_ValidValue_Returns_StringWithFirstLetterLower (AEIOU,aEIOU)" storage="d:\sferrari\01_trabajo\repos\netcore\libs\template-netcore-shared\kitpymes.core.shared.tests\bin\debug\net7.0\kitpymes.core.shared.tests.dll" id="198f14b4-81a5-48d3-a997-d334290bcfa7">
      <Execution id="94692f38-3644-499e-b439-3fe6665e4ef1" />
      <TestMethod codeBase="D:\SFERRARI\01_TRABAJO\repos\netcore\libs\template-netcore-shared\Kitpymes.Core.Shared.Tests\bin\Debug\net7.0\Kitpymes.Core.Shared.Tests.dll" adapterTypeName="executor://mstestadapter/v2" className="Kitpymes.Core.Shared.Tests.StringExtensionsTests" name="ToFirstLetterLower_Passing_ValidValue_Returns_StringWithFirstLetterLower" />
    </UnitTest>
    <UnitTest name="ToCompress_Passing_Value_Bytes_Returns_Value_Bytes" storage="d:\sferrari\01_trabajo\repos\netcore\libs\template-netcore-shared\kitpymes.core.shared.tests\bin\debug\net7.0\kitpymes.core.shared.tests.dll" id="7115f0da-72b4-4a37-9bb6-05128f93f2a6">
      <Execution id="c01c814b-ba81-4cdd-a8f0-5bae70ad1a1d" />
      <TestMethod codeBase="D:\SFERRARI\01_TRABAJO\repos\netcore\libs\template-netcore-shared\Kitpymes.Core.Shared.Tests\bin\Debug\net7.0\Kitpymes.Core.Shared.Tests.dll" adapterTypeName="executor://mstestadapter/v2" className="Kitpymes.Core.Shared.Tests.BytesExtensionsTests" name="ToCompress_Passing_Value_Bytes_Returns_Value_Bytes" />
    </UnitTest>
    <UnitTest name="ResultInternalServerError" storage="d:\sferrari\01_trabajo\repos\netcore\libs\template-netcore-shared\kitpymes.core.shared.tests\bin\debug\net7.0\kitpymes.core.shared.tests.dll" id="7dadf1df-0ead-491e-ad47-f98ebbbf3194">
      <Execution id="ffb4d0ec-483c-40c9-a09d-b1c79c8655b8" />
      <TestMethod codeBase="D:\SFERRARI\01_TRABAJO\repos\netcore\libs\template-netcore-shared\Kitpymes.Core.Shared.Tests\bin\Debug\net7.0\Kitpymes.Core.Shared.Tests.dll" adapterTypeName="executor://mstestadapter/v2" className="Kitpymes.Core.Shared.Tests.ResultTest" name="ResultInternalServerError" />
    </UnitTest>
    <UnitTest name="ToRemove_Passing_ValidValue_Returns_ValueWithoutRemovedChars (hello hello, ,hellohello)" storage="d:\sferrari\01_trabajo\repos\netcore\libs\template-netcore-shared\kitpymes.core.shared.tests\bin\debug\net7.0\kitpymes.core.shared.tests.dll" id="6c206f33-0625-4d8e-84ec-2ba99d1f1859">
      <Execution id="ed1556be-3be9-4704-8fda-d704ccbc9d9f" />
      <TestMethod codeBase="D:\SFERRARI\01_TRABAJO\repos\netcore\libs\template-netcore-shared\Kitpymes.Core.Shared.Tests\bin\Debug\net7.0\Kitpymes.Core.Shared.Tests.dll" adapterTypeName="executor://mstestadapter/v2" className="Kitpymes.Core.Shared.Tests.StringExtensionsTests" name="ToRemove_Passing_ValidValue_Returns_ValueWithoutRemovedChars" />
    </UnitTest>
    <UnitTest name="ToUri_Passing_InvalidValueString_Returns_Null (http://??)" storage="d:\sferrari\01_trabajo\repos\netcore\libs\template-netcore-shared\kitpymes.core.shared.tests\bin\debug\net7.0\kitpymes.core.shared.tests.dll" id="e0913b26-8039-4574-9ff0-f8a1af7210d9">
      <Execution id="e7942c8e-5bae-40b3-94b6-f00df4037241" />
      <TestMethod codeBase="D:\SFERRARI\01_TRABAJO\repos\netcore\libs\template-netcore-shared\Kitpymes.Core.Shared.Tests\bin\Debug\net7.0\Kitpymes.Core.Shared.Tests.dll" adapterTypeName="executor://mstestadapter/v2" className="Kitpymes.Core.Shared.Tests.StringExtensionsTests" name="ToUri_Passing_InvalidValueString_Returns_Null" />
    </UnitTest>
    <UnitTest name="ToUri_Passing_InvalidValueString_Returns_DefaultValue (http://..)" storage="d:\sferrari\01_trabajo\repos\netcore\libs\template-netcore-shared\kitpymes.core.shared.tests\bin\debug\net7.0\kitpymes.core.shared.tests.dll" id="28201441-8884-4374-ba84-bc25cb47cfe2">
      <Execution id="400ea009-6d0a-438d-a2cb-48489f476629" />
      <TestMethod codeBase="D:\SFERRARI\01_TRABAJO\repos\netcore\libs\template-netcore-shared\Kitpymes.Core.Shared.Tests\bin\Debug\net7.0\Kitpymes.Core.Shared.Tests.dll" adapterTypeName="executor://mstestadapter/v2" className="Kitpymes.Core.Shared.Tests.StringExtensionsTests" name="ToUri_Passing_InvalidValueString_Returns_DefaultValue" />
    </UnitTest>
    <UnitTest name="ToUri_Passing_ValidValueString_Returns_Uri (https://foo.com/blah_blah?p=5)" storage="d:\sferrari\01_trabajo\repos\netcore\libs\template-netcore-shared\kitpymes.core.shared.tests\bin\debug\net7.0\kitpymes.core.shared.tests.dll" id="ce892fb6-0bd4-46fe-9b15-c8e415fe511f">
      <Execution id="3952656f-a105-42fd-9c7e-217b81387809" />
      <TestMethod codeBase="D:\SFERRARI\01_TRABAJO\repos\netcore\libs\template-netcore-shared\Kitpymes.Core.Shared.Tests\bin\Debug\net7.0\Kitpymes.Core.Shared.Tests.dll" adapterTypeName="executor://mstestadapter/v2" className="Kitpymes.Core.Shared.Tests.StringExtensionsTests" name="ToUri_Passing_ValidValueString_Returns_Uri" />
    </UnitTest>
    <UnitTest name="ToReplaceSpecialChars_Passing_ValidValue_Returns_ReplacedValueWithoutIgnoreSpecialChars (*¨^_:-?¿;,?¿,?¿)" storage="d:\sferrari\01_trabajo\repos\netcore\libs\template-netcore-shared\kitpymes.core.shared.tests\bin\debug\net7.0\kitpymes.core.shared.tests.dll" id="1b8c0423-4c04-4945-ba49-745f73cf7e2f">
      <Execution id="1f0601a2-5071-4358-96f1-be14b81cc886" />
      <TestMethod codeBase="D:\SFERRARI\01_TRABAJO\repos\netcore\libs\template-netcore-shared\Kitpymes.Core.Shared.Tests\bin\Debug\net7.0\Kitpymes.Core.Shared.Tests.dll" adapterTypeName="executor://mstestadapter/v2" className="Kitpymes.Core.Shared.Tests.StringExtensionsTests" name="ToReplaceSpecialChars_Passing_ValidValue_Returns_ReplacedValueWithoutIgnoreSpecialChars" />
    </UnitTest>
    <UnitTest name="ThrowIfNullOrEmpty_Passing_InvalidValue_Returns_ApplicationExceptionWithMessage" storage="d:\sferrari\01_trabajo\repos\netcore\libs\template-netcore-shared\kitpymes.core.shared.tests\bin\debug\net7.0\kitpymes.core.shared.tests.dll" id="7bcab105-fa39-4ed7-bf99-8e14df0d4f3b">
      <Execution id="d99e0675-6273-4c2e-a0c7-ab756a596665" />
      <TestMethod codeBase="D:\SFERRARI\01_TRABAJO\repos\netcore\libs\template-netcore-shared\Kitpymes.Core.Shared.Tests\bin\Debug\net7.0\Kitpymes.Core.Shared.Tests.dll" adapterTypeName="executor://mstestadapter/v2" className="Kitpymes.Core.Shared.Tests.VerifyExtensionsTests" name="ThrowIfNullOrEmpty_Passing_InvalidValue_Returns_ApplicationExceptionWithMessage" />
    </UnitTest>
    <UnitTest name="ToInt_Passing_InvalidValueString_Returns_Null (asdasdasdasd234324)" storage="d:\sferrari\01_trabajo\repos\netcore\libs\template-netcore-shared\kitpymes.core.shared.tests\bin\debug\net7.0\kitpymes.core.shared.tests.dll" id="a6703c6b-2b38-4ad0-9460-9b89b786325b">
      <Execution id="e57b3abd-4184-4c69-ad6a-1070c722ffa6" />
      <TestMethod codeBase="D:\SFERRARI\01_TRABAJO\repos\netcore\libs\template-netcore-shared\Kitpymes.Core.Shared.Tests\bin\Debug\net7.0\Kitpymes.Core.Shared.Tests.dll" adapterTypeName="executor://mstestadapter/v2" className="Kitpymes.Core.Shared.Tests.StringExtensionsTests" name="ToInt_Passing_InvalidValueString_Returns_Null" />
    </UnitTest>
    <UnitTest name="ToUri_Passing_ValidValueString_Returns_Uri (http://userid@example.com)" storage="d:\sferrari\01_trabajo\repos\netcore\libs\template-netcore-shared\kitpymes.core.shared.tests\bin\debug\net7.0\kitpymes.core.shared.tests.dll" id="e0dc396f-0eb1-4d78-b454-2b3fb407d53e">
      <Execution id="e240973c-798b-48be-b944-e90234cc7796" />
      <TestMethod codeBase="D:\SFERRARI\01_TRABAJO\repos\netcore\libs\template-netcore-shared\Kitpymes.Core.Shared.Tests\bin\Debug\net7.0\Kitpymes.Core.Shared.Tests.dll" adapterTypeName="executor://mstestadapter/v2" className="Kitpymes.Core.Shared.Tests.StringExtensionsTests" name="ToUri_Passing_ValidValueString_Returns_Uri" />
    </UnitTest>
    <UnitTest name="ResultOk_WithMessage_WithDetails" storage="d:\sferrari\01_trabajo\repos\netcore\libs\template-netcore-shared\kitpymes.core.shared.tests\bin\debug\net7.0\kitpymes.core.shared.tests.dll" id="5fd1c689-d7cf-4b6c-9cb9-5c18ca99a0f6">
      <Execution id="170e8b2f-5959-4e09-91a0-9e94dcbc0a42" />
      <TestMethod codeBase="D:\SFERRARI\01_TRABAJO\repos\netcore\libs\template-netcore-shared\Kitpymes.Core.Shared.Tests\bin\Debug\net7.0\Kitpymes.Core.Shared.Tests.dll" adapterTypeName="executor://mstestadapter/v2" className="Kitpymes.Core.Shared.Tests.ResultTest" name="ResultOk_WithMessage_WithDetails" />
    </UnitTest>
    <UnitTest name="ToRandom_Passing_Invalid_Empty_Value_Returns_Null" storage="d:\sferrari\01_trabajo\repos\netcore\libs\template-netcore-shared\kitpymes.core.shared.tests\bin\debug\net7.0\kitpymes.core.shared.tests.dll" id="cd0088a8-c2c2-4fcc-a7d1-5f435b78b5dd">
      <Execution id="eeb25c1c-b4ed-4433-82df-3f0d83c564a0" />
      <TestMethod codeBase="D:\SFERRARI\01_TRABAJO\repos\netcore\libs\template-netcore-shared\Kitpymes.Core.Shared.Tests\bin\Debug\net7.0\Kitpymes.Core.Shared.Tests.dll" adapterTypeName="executor://mstestadapter/v2" className="Kitpymes.Core.Shared.Tests.StringExtensionsTests" name="ToRandom_Passing_Invalid_Empty_Value_Returns_Null" />
    </UnitTest>
    <UnitTest name="ThrowIf_Passing_InvalidValue_Returns_ApplicationExceptionWithMessage" storage="d:\sferrari\01_trabajo\repos\netcore\libs\template-netcore-shared\kitpymes.core.shared.tests\bin\debug\net7.0\kitpymes.core.shared.tests.dll" id="2c817224-44bb-4f5f-adad-03d6ece2d607">
      <Execution id="27df4bc5-4fd3-49a4-990a-c54db217db6e" />
      <TestMethod codeBase="D:\SFERRARI\01_TRABAJO\repos\netcore\libs\template-netcore-shared\Kitpymes.Core.Shared.Tests\bin\Debug\net7.0\Kitpymes.Core.Shared.Tests.dll" adapterTypeName="executor://mstestadapter/v2" className="Kitpymes.Core.Shared.Tests.VerifyExtensionsTests" name="ThrowIf_Passing_InvalidValue_Returns_ApplicationExceptionWithMessage" />
    </UnitTest>
    <UnitTest name="ToContentType_Passing_ValidValueString_Returns_ContentType (xxxx.gif,image/gif)" storage="d:\sferrari\01_trabajo\repos\netcore\libs\template-netcore-shared\kitpymes.core.shared.tests\bin\debug\net7.0\kitpymes.core.shared.tests.dll" id="8a64ced9-a69b-44de-9c2e-f59e372057d1">
      <Execution id="5a42a957-b523-4446-959e-7049a9535544" />
      <TestMethod codeBase="D:\SFERRARI\01_TRABAJO\repos\netcore\libs\template-netcore-shared\Kitpymes.Core.Shared.Tests\bin\Debug\net7.0\Kitpymes.Core.Shared.Tests.dll" adapterTypeName="executor://mstestadapter/v2" className="Kitpymes.Core.Shared.Tests.StringExtensionsTests" name="ToContentType_Passing_ValidValueString_Returns_ContentType" />
    </UnitTest>
    <UnitTest name="ToUri_Passing_InvalidValueString_Returns_Null (http://?)" storage="d:\sferrari\01_trabajo\repos\netcore\libs\template-netcore-shared\kitpymes.core.shared.tests\bin\debug\net7.0\kitpymes.core.shared.tests.dll" id="9a90ecc0-c2c3-4dcf-9f2d-8eb955859659">
      <Execution id="470a85aa-e56a-424a-9e38-caaa4959e38b" />
      <TestMethod codeBase="D:\SFERRARI\01_TRABAJO\repos\netcore\libs\template-netcore-shared\Kitpymes.Core.Shared.Tests\bin\Debug\net7.0\Kitpymes.Core.Shared.Tests.dll" adapterTypeName="executor://mstestadapter/v2" className="Kitpymes.Core.Shared.Tests.StringExtensionsTests" name="ToUri_Passing_InvalidValueString_Returns_Null" />
    </UnitTest>
    <UnitTest name="ToNormalize_Passing_ValidValue_Returns_NormalizedValue (Kulħadd,Kulhadd)" storage="d:\sferrari\01_trabajo\repos\netcore\libs\template-netcore-shared\kitpymes.core.shared.tests\bin\debug\net7.0\kitpymes.core.shared.tests.dll" id="07ac514d-9b35-4293-99b5-2b41b8bc5a17">
      <Execution id="85da9df1-ff29-41d3-a84b-a5a046ee6c09" />
      <TestMethod codeBase="D:\SFERRARI\01_TRABAJO\repos\netcore\libs\template-netcore-shared\Kitpymes.Core.Shared.Tests\bin\Debug\net7.0\Kitpymes.Core.Shared.Tests.dll" adapterTypeName="executor://mstestadapter/v2" className="Kitpymes.Core.Shared.Tests.StringExtensionsTests" name="ToNormalize_Passing_ValidValue_Returns_NormalizedValue" />
    </UnitTest>
    <UnitTest name="ToNormalize_Passing_ValidValue_Returns_NormalizedValue (héllo,hello)" storage="d:\sferrari\01_trabajo\repos\netcore\libs\template-netcore-shared\kitpymes.core.shared.tests\bin\debug\net7.0\kitpymes.core.shared.tests.dll" id="15126a7c-c703-440d-a4e2-2c25d86f96a4">
      <Execution id="909e46cc-4ab5-4ab9-867b-0152193b12b1" />
      <TestMethod codeBase="D:\SFERRARI\01_TRABAJO\repos\netcore\libs\template-netcore-shared\Kitpymes.Core.Shared.Tests\bin\Debug\net7.0\Kitpymes.Core.Shared.Tests.dll" adapterTypeName="executor://mstestadapter/v2" className="Kitpymes.Core.Shared.Tests.StringExtensionsTests" name="ToNormalize_Passing_ValidValue_Returns_NormalizedValue" />
    </UnitTest>
    <UnitTest name="ToNormalize_Passing_ValidValue_Returns_NormalizedValue (The End,The End)" storage="d:\sferrari\01_trabajo\repos\netcore\libs\template-netcore-shared\kitpymes.core.shared.tests\bin\debug\net7.0\kitpymes.core.shared.tests.dll" id="2edcb7f9-8c28-4904-b087-41126505d48a">
      <Execution id="f7c4d046-51fd-4afe-8326-62657123516b" />
      <TestMethod codeBase="D:\SFERRARI\01_TRABAJO\repos\netcore\libs\template-netcore-shared\Kitpymes.Core.Shared.Tests\bin\Debug\net7.0\Kitpymes.Core.Shared.Tests.dll" adapterTypeName="executor://mstestadapter/v2" className="Kitpymes.Core.Shared.Tests.StringExtensionsTests" name="ToNormalize_Passing_ValidValue_Returns_NormalizedValue" />
    </UnitTest>
    <UnitTest name="ToEmailMaskUserNameAndDomain_Passing_ValidEmail_Returns_EmailWithMask (qaz@gmail.com,q*z@g***l.com)" storage="d:\sferrari\01_trabajo\repos\netcore\libs\template-netcore-shared\kitpymes.core.shared.tests\bin\debug\net7.0\kitpymes.core.shared.tests.dll" id="9ba4ce16-ae00-4a61-82db-53aeea9b42f6">
      <Execution id="30557175-a436-4b5e-9d23-2eda1c3cb8b6" />
      <TestMethod codeBase="D:\SFERRARI\01_TRABAJO\repos\netcore\libs\template-netcore-shared\Kitpymes.Core.Shared.Tests\bin\Debug\net7.0\Kitpymes.Core.Shared.Tests.dll" adapterTypeName="executor://mstestadapter/v2" className="Kitpymes.Core.Shared.Tests.StringExtensionsTests" name="ToEmailMaskUserNameAndDomain_Passing_ValidEmail_Returns_EmailWithMask" />
    </UnitTest>
    <UnitTest name="CreateRandom_WithDefaultAllowableCharacters_Passing_ValidArguments_Returns_String_Random_Value (5)" storage="d:\sferrari\01_trabajo\repos\netcore\libs\template-netcore-shared\kitpymes.core.shared.tests\bin\debug\net7.0\kitpymes.core.shared.tests.dll" id="74f7e961-1c95-42a7-8c4d-1dcead59b871">
      <Execution id="ac498965-6ae3-4836-a3e6-f9b4860b925e" />
      <TestMethod codeBase="D:\SFERRARI\01_TRABAJO\repos\netcore\libs\template-netcore-shared\Kitpymes.Core.Shared.Tests\bin\Debug\net7.0\Kitpymes.Core.Shared.Tests.dll" adapterTypeName="executor://mstestadapter/v2" className="Kitpymes.Core.Shared.Tests.HashTests" name="CreateRandom_WithDefaultAllowableCharacters_Passing_ValidArguments_Returns_String_Random_Value" />
    </UnitTest>
    <UnitTest name="ToNormalize_Passing_ValidValue_Returns_NormalizedValue ( * ¨ ^ _ : - ? ¿ ; ,)" storage="d:\sferrari\01_trabajo\repos\netcore\libs\template-netcore-shared\kitpymes.core.shared.tests\bin\debug\net7.0\kitpymes.core.shared.tests.dll" id="24b9ac09-dcbb-4c75-b3d5-8a5027953bdc">
      <Execution id="4a779bbf-42ed-41af-8159-ae45e7c24461" />
      <TestMethod codeBase="D:\SFERRARI\01_TRABAJO\repos\netcore\libs\template-netcore-shared\Kitpymes.Core.Shared.Tests\bin\Debug\net7.0\Kitpymes.Core.Shared.Tests.dll" adapterTypeName="executor://mstestadapter/v2" className="Kitpymes.Core.Shared.Tests.StringExtensionsTests" name="ToNormalize_Passing_ValidValue_Returns_NormalizedValue" />
    </UnitTest>
    <UnitTest name="ToDefaultValue_Passing_char_Returns_Cero" storage="d:\sferrari\01_trabajo\repos\netcore\libs\template-netcore-shared\kitpymes.core.shared.tests\bin\debug\net7.0\kitpymes.core.shared.tests.dll" id="1afe0f1a-00d9-4f1c-9e7e-a7b92e6f9a6e">
      <Execution id="5fa54262-5b7b-44d6-ab98-84b5df047f6b" />
      <TestMethod codeBase="D:\SFERRARI\01_TRABAJO\repos\netcore\libs\template-netcore-shared\Kitpymes.Core.Shared.Tests\bin\Debug\net7.0\Kitpymes.Core.Shared.Tests.dll" adapterTypeName="executor://mstestadapter/v2" className="Kitpymes.Core.Shared.Tests.GenericExtensionsTests" name="ToDefaultValue_Passing_char_Returns_Cero" />
    </UnitTest>
    <UnitTest name="ToRemove_Passing_ValidValue_Returns_ValueWithoutRemovedChars (aeiou,e,aiou)" storage="d:\sferrari\01_trabajo\repos\netcore\libs\template-netcore-shared\kitpymes.core.shared.tests\bin\debug\net7.0\kitpymes.core.shared.tests.dll" id="7a6b20d9-6de5-48fb-bbba-b97c76646e54">
      <Execution id="a11858d1-20aa-47d2-b0c4-514abb4d2f2e" />
      <TestMethod codeBase="D:\SFERRARI\01_TRABAJO\repos\netcore\libs\template-netcore-shared\Kitpymes.Core.Shared.Tests\bin\Debug\net7.0\Kitpymes.Core.Shared.Tests.dll" adapterTypeName="executor://mstestadapter/v2" className="Kitpymes.Core.Shared.Tests.StringExtensionsTests" name="ToRemove_Passing_ValidValue_Returns_ValueWithoutRemovedChars" />
    </UnitTest>
    <UnitTest name="ToUserName_Passing_Invalid_ClaimsPrincipal_Returns_Null" storage="d:\sferrari\01_trabajo\repos\netcore\libs\template-netcore-shared\kitpymes.core.shared.tests\bin\debug\net7.0\kitpymes.core.shared.tests.dll" id="c47bd9c9-6b89-405e-9a53-a1aacc9c3b5f">
      <Execution id="307bd811-f83b-48c7-ae19-7406be7c697c" />
      <TestMethod codeBase="D:\SFERRARI\01_TRABAJO\repos\netcore\libs\template-netcore-shared\Kitpymes.Core.Shared.Tests\bin\Debug\net7.0\Kitpymes.Core.Shared.Tests.dll" adapterTypeName="executor://mstestadapter/v2" className="Kitpymes.Core.Shared.Tests.ClaimsPrincipalExtensionsTests" name="ToUserName_Passing_Invalid_ClaimsPrincipal_Returns_Null" />
    </UnitTest>
    <UnitTest name="ToIsLastDayOfTheMonth_Passing_LastDayOfMonth_Returns_True" storage="d:\sferrari\01_trabajo\repos\netcore\libs\template-netcore-shared\kitpymes.core.shared.tests\bin\debug\net7.0\kitpymes.core.shared.tests.dll" id="00d0a7b3-30f4-41f5-a55e-aa728f10c68b">
      <Execution id="0464ee6b-b3ef-4f87-8847-ed840b4be83a" />
      <TestMethod codeBase="D:\SFERRARI\01_TRABAJO\repos\netcore\libs\template-netcore-shared\Kitpymes.Core.Shared.Tests\bin\Debug\net7.0\Kitpymes.Core.Shared.Tests.dll" adapterTypeName="executor://mstestadapter/v2" className="Kitpymes.Core.Shared.Tests.DateTimeExtensionsTests" name="ToIsLastDayOfTheMonth_Passing_LastDayOfMonth_Returns_True" />
    </UnitTest>
    <UnitTest name="ToNormalize_Passing_ValidValue_Returns_NormalizedValue (Autobús,Autobus)" storage="d:\sferrari\01_trabajo\repos\netcore\libs\template-netcore-shared\kitpymes.core.shared.tests\bin\debug\net7.0\kitpymes.core.shared.tests.dll" id="88a52630-b35e-41e8-ade1-6a8ba992f4f5">
      <Execution id="61a24f69-24eb-4d28-a010-8adb42648a93" />
      <TestMethod codeBase="D:\SFERRARI\01_TRABAJO\repos\netcore\libs\template-netcore-shared\Kitpymes.Core.Shared.Tests\bin\Debug\net7.0\Kitpymes.Core.Shared.Tests.dll" adapterTypeName="executor://mstestadapter/v2" className="Kitpymes.Core.Shared.Tests.StringExtensionsTests" name="ToNormalize_Passing_ValidValue_Returns_NormalizedValue" />
    </UnitTest>
    <UnitTest name="ToUri_Passing_InvalidValueString_Returns_DefaultValue (http://##/)" storage="d:\sferrari\01_trabajo\repos\netcore\libs\template-netcore-shared\kitpymes.core.shared.tests\bin\debug\net7.0\kitpymes.core.shared.tests.dll" id="bc487fa3-ffac-4c72-b2d5-22474b89f718">
      <Execution id="507eb932-4924-4d98-ad86-af87197b99e6" />
      <TestMethod codeBase="D:\SFERRARI\01_TRABAJO\repos\netcore\libs\template-netcore-shared\Kitpymes.Core.Shared.Tests\bin\Debug\net7.0\Kitpymes.Core.Shared.Tests.dll" adapterTypeName="executor://mstestadapter/v2" className="Kitpymes.Core.Shared.Tests.StringExtensionsTests" name="ToUri_Passing_InvalidValueString_Returns_DefaultValue" />
    </UnitTest>
    <UnitTest name="ToContentType_Passing_ValidValueString_Returns_ContentType (xxxx.json,application/json)" storage="d:\sferrari\01_trabajo\repos\netcore\libs\template-netcore-shared\kitpymes.core.shared.tests\bin\debug\net7.0\kitpymes.core.shared.tests.dll" id="9d387270-c9f8-42e6-b260-c5fc75c9c427">
      <Execution id="3cbc7ae9-39ae-4192-9c41-372d197b3e9f" />
      <TestMethod codeBase="D:\SFERRARI\01_TRABAJO\repos\netcore\libs\template-netcore-shared\Kitpymes.Core.Shared.Tests\bin\Debug\net7.0\Kitpymes.Core.Shared.Tests.dll" adapterTypeName="executor://mstestadapter/v2" className="Kitpymes.Core.Shared.Tests.StringExtensionsTests" name="ToContentType_Passing_ValidValueString_Returns_ContentType" />
    </UnitTest>
    <UnitTest name="ToUri_Passing_ValidValueString_Returns_Uri (http://-.~_!$&amp;'()*+,;=:%40:80%2f::::::@example.com)" storage="d:\sferrari\01_trabajo\repos\netcore\libs\template-netcore-shared\kitpymes.core.shared.tests\bin\debug\net7.0\kitpymes.core.shared.tests.dll" id="06128fc3-5a39-4431-9d9f-9753a2eacd7a">
      <Execution id="9d8c4b8e-776f-4a18-8ac1-d920e4051981" />
      <TestMethod codeBase="D:\SFERRARI\01_TRABAJO\repos\netcore\libs\template-netcore-shared\Kitpymes.Core.Shared.Tests\bin\Debug\net7.0\Kitpymes.Core.Shared.Tests.dll" adapterTypeName="executor://mstestadapter/v2" className="Kitpymes.Core.Shared.Tests.StringExtensionsTests" name="ToUri_Passing_ValidValueString_Returns_Uri" />
    </UnitTest>
    <UnitTest name="ThrowIf_Passing_ValidValue_Returns_Value" storage="d:\sferrari\01_trabajo\repos\netcore\libs\template-netcore-shared\kitpymes.core.shared.tests\bin\debug\net7.0\kitpymes.core.shared.tests.dll" id="09d33410-8181-4993-98fa-68e965384322">
      <Execution id="ba4863f9-22cf-446c-9953-2cece4bc55b6" />
      <TestMethod codeBase="D:\SFERRARI\01_TRABAJO\repos\netcore\libs\template-netcore-shared\Kitpymes.Core.Shared.Tests\bin\Debug\net7.0\Kitpymes.Core.Shared.Tests.dll" adapterTypeName="executor://mstestadapter/v2" className="Kitpymes.Core.Shared.Tests.VerifyExtensionsTests" name="ThrowIf_Passing_ValidValue_Returns_Value" />
    </UnitTest>
    <UnitTest name="ToNormalize_Passing_ValidValue_Returns_NormalizedValue (ñ Ñ,n N)" storage="d:\sferrari\01_trabajo\repos\netcore\libs\template-netcore-shared\kitpymes.core.shared.tests\bin\debug\net7.0\kitpymes.core.shared.tests.dll" id="5dee3561-0c62-4154-bde8-8740786e2984">
      <Execution id="8880140a-1382-4f41-b851-21a71bd1162c" />
      <TestMethod codeBase="D:\SFERRARI\01_TRABAJO\repos\netcore\libs\template-netcore-shared\Kitpymes.Core.Shared.Tests\bin\Debug\net7.0\Kitpymes.Core.Shared.Tests.dll" adapterTypeName="executor://mstestadapter/v2" className="Kitpymes.Core.Shared.Tests.StringExtensionsTests" name="ToNormalize_Passing_ValidValue_Returns_NormalizedValue" />
    </UnitTest>
    <UnitTest name="ToUri_Passing_ValidValueString_Returns_Uri (http://foo.com/blah_blah/p=5)" storage="d:\sferrari\01_trabajo\repos\netcore\libs\template-netcore-shared\kitpymes.core.shared.tests\bin\debug\net7.0\kitpymes.core.shared.tests.dll" id="cdf2d7f7-2ed3-42e7-be7d-dbb00a9ac092">
      <Execution id="66f374cb-e892-46e9-8763-7efb666fbf5a" />
      <TestMethod codeBase="D:\SFERRARI\01_TRABAJO\repos\netcore\libs\template-netcore-shared\Kitpymes.Core.Shared.Tests\bin\Debug\net7.0\Kitpymes.Core.Shared.Tests.dll" adapterTypeName="executor://mstestadapter/v2" className="Kitpymes.Core.Shared.Tests.StringExtensionsTests" name="ToUri_Passing_ValidValueString_Returns_Uri" />
    </UnitTest>
    <UnitTest name="ToReplaceSpecialChars_Passing_ValidValue_Returns_ReplacedValueWithoutIgnoreSpecialChars ( * ¨ ^ _ : - ? ¿ ; ,          )" storage="d:\sferrari\01_trabajo\repos\netcore\libs\template-netcore-shared\kitpymes.core.shared.tests\bin\debug\net7.0\kitpymes.core.shared.tests.dll" id="4619c23f-521b-48fb-bab8-eaf82a69b13d">
      <Execution id="ab7693d4-d7ff-42ff-acd5-dd6130138112" />
      <TestMethod codeBase="D:\SFERRARI\01_TRABAJO\repos\netcore\libs\template-netcore-shared\Kitpymes.Core.Shared.Tests\bin\Debug\net7.0\Kitpymes.Core.Shared.Tests.dll" adapterTypeName="executor://mstestadapter/v2" className="Kitpymes.Core.Shared.Tests.StringExtensionsTests" name="ToReplaceSpecialChars_Passing_ValidValue_Returns_ReplacedValueWithoutIgnoreSpecialChars" />
    </UnitTest>
    <UnitTest name="ToString_Passing_Valid_Collection_Returns_String_With_Default_Separator" storage="d:\sferrari\01_trabajo\repos\netcore\libs\template-netcore-shared\kitpymes.core.shared.tests\bin\debug\net7.0\kitpymes.core.shared.tests.dll" id="5ee0505b-ef2e-4ace-a14b-2292ede9dbb9">
      <Execution id="4cd1fe8a-1c83-4ebc-9a5c-a85a05830918" />
      <TestMethod codeBase="D:\SFERRARI\01_TRABAJO\repos\netcore\libs\template-netcore-shared\Kitpymes.Core.Shared.Tests\bin\Debug\net7.0\Kitpymes.Core.Shared.Tests.dll" adapterTypeName="executor://mstestadapter/v2" className="Kitpymes.Core.Shared.Tests.EnumerableExtensionsTests" name="ToString_Passing_Valid_Collection_Returns_String_With_Default_Separator" />
    </UnitTest>
    <UnitTest name="ToEnum_Passing_ValidValueInt_Returns_EnumValue" storage="d:\sferrari\01_trabajo\repos\netcore\libs\template-netcore-shared\kitpymes.core.shared.tests\bin\debug\net7.0\kitpymes.core.shared.tests.dll" id="a1e8a31f-4bd2-483a-9833-e57e9f61126a">
      <Execution id="d3a1010d-447c-4598-b1fd-11c323910d30" />
      <TestMethod codeBase="D:\SFERRARI\01_TRABAJO\repos\netcore\libs\template-netcore-shared\Kitpymes.Core.Shared.Tests\bin\Debug\net7.0\Kitpymes.Core.Shared.Tests.dll" adapterTypeName="executor://mstestadapter/v2" className="Kitpymes.Core.Shared.Tests.StringExtensionsTests" name="ToEnum_Passing_ValidValueInt_Returns_EnumValue" />
    </UnitTest>
    <UnitTest name="ToEnvironment_Passing_Production_Enviroment_Returns_Production_Name" storage="d:\sferrari\01_trabajo\repos\netcore\libs\template-netcore-shared\kitpymes.core.shared.tests\bin\debug\net7.0\kitpymes.core.shared.tests.dll" id="998b34b0-faf6-4207-b1e0-967fc6925d4f">
      <Execution id="7a98a946-cdf2-49f3-8b37-31ad28a848f3" />
      <TestMethod codeBase="D:\SFERRARI\01_TRABAJO\repos\netcore\libs\template-netcore-shared\Kitpymes.Core.Shared.Tests\bin\Debug\net7.0\Kitpymes.Core.Shared.Tests.dll" adapterTypeName="executor://mstestadapter/v2" className="Kitpymes.Core.Shared.Tests.ApplicationBuilderExtensionsTests" name="ToEnvironment_Passing_Production_Enviroment_Returns_Production_Name" />
    </UnitTest>
    <UnitTest name="ToUri_Passing_ValidValueString_Returns_Uri (http://142.42.1.1/)" storage="d:\sferrari\01_trabajo\repos\netcore\libs\template-netcore-shared\kitpymes.core.shared.tests\bin\debug\net7.0\kitpymes.core.shared.tests.dll" id="d2bb4a5d-72e1-459f-a1ce-8130be8260c4">
      <Execution id="2649886e-6023-4368-a380-09b2c05943cd" />
      <TestMethod codeBase="D:\SFERRARI\01_TRABAJO\repos\netcore\libs\template-netcore-shared\Kitpymes.Core.Shared.Tests\bin\Debug\net7.0\Kitpymes.Core.Shared.Tests.dll" adapterTypeName="executor://mstestadapter/v2" className="Kitpymes.Core.Shared.Tests.StringExtensionsTests" name="ToUri_Passing_ValidValueString_Returns_Uri" />
    </UnitTest>
    <UnitTest name="ToEmailMaskUserNameAndDomainAndExtension_Passing_ValidEmail_Returns_EmailWithMask (qaz@gmail.com,q*z@g***l.c*m)" storage="d:\sferrari\01_trabajo\repos\netcore\libs\template-netcore-shared\kitpymes.core.shared.tests\bin\debug\net7.0\kitpymes.core.shared.tests.dll" id="6b17fc47-27d0-4fb1-b776-c23a43746a7f">
      <Execution id="715857ff-725c-4fea-8093-e9a905a89fdc" />
      <TestMethod codeBase="D:\SFERRARI\01_TRABAJO\repos\netcore\libs\template-netcore-shared\Kitpymes.Core.Shared.Tests\bin\Debug\net7.0\Kitpymes.Core.Shared.Tests.dll" adapterTypeName="executor://mstestadapter/v2" className="Kitpymes.Core.Shared.Tests.StringExtensionsTests" name="ToEmailMaskUserNameAndDomainAndExtension_Passing_ValidEmail_Returns_EmailWithMask" />
    </UnitTest>
    <UnitTest name="ToEnvironment_ServiceCollection_Passing_Staging_Enviroment_Returns_Staging_Name" storage="d:\sferrari\01_trabajo\repos\netcore\libs\template-netcore-shared\kitpymes.core.shared.tests\bin\debug\net7.0\kitpymes.core.shared.tests.dll" id="7be39546-2fad-4115-b15c-f62c4205ab4f">
      <Execution id="9d714394-00b5-4326-8d07-8f3a9ff840c2" />
      <TestMethod codeBase="D:\SFERRARI\01_TRABAJO\repos\netcore\libs\template-netcore-shared\Kitpymes.Core.Shared.Tests\bin\Debug\net7.0\Kitpymes.Core.Shared.Tests.dll" adapterTypeName="executor://mstestadapter/v2" className="Kitpymes.Core.Shared.Tests.ConfigurationBuilderExtensionsTests" name="ToEnvironment_ServiceCollection_Passing_Staging_Enviroment_Returns_Staging_Name" />
    </UnitTest>
    <UnitTest name="ToIsAuthenticated_Passing_Claims_Returns_True" storage="d:\sferrari\01_trabajo\repos\netcore\libs\template-netcore-shared\kitpymes.core.shared.tests\bin\debug\net7.0\kitpymes.core.shared.tests.dll" id="70996442-bc2d-486a-b1d5-147133e1be02">
      <Execution id="85686efa-f45d-4aae-a7fd-20212b99a755" />
      <TestMethod codeBase="D:\SFERRARI\01_TRABAJO\repos\netcore\libs\template-netcore-shared\Kitpymes.Core.Shared.Tests\bin\Debug\net7.0\Kitpymes.Core.Shared.Tests.dll" adapterTypeName="executor://mstestadapter/v2" className="Kitpymes.Core.Shared.Tests.ClaimsPrincipalExtensionsTests" name="ToIsAuthenticated_Passing_Claims_Returns_True" />
    </UnitTest>
    <UnitTest name="ToGet_Passing_Claims_Returns_Claim_Value_Object" storage="d:\sferrari\01_trabajo\repos\netcore\libs\template-netcore-shared\kitpymes.core.shared.tests\bin\debug\net7.0\kitpymes.core.shared.tests.dll" id="fb2d9f1d-01cc-4bff-9d50-3e8de694b093">
      <Execution id="69cde8eb-98a3-46fa-b997-caed5ef81f1e" />
      <TestMethod codeBase="D:\SFERRARI\01_TRABAJO\repos\netcore\libs\template-netcore-shared\Kitpymes.Core.Shared.Tests\bin\Debug\net7.0\Kitpymes.Core.Shared.Tests.dll" adapterTypeName="executor://mstestadapter/v2" className="Kitpymes.Core.Shared.Tests.ClaimsPrincipalExtensionsTests" name="ToGet_Passing_Claims_Returns_Claim_Value_Object" />
    </UnitTest>
    <UnitTest name="ToDefaultValue_Passing_ulong_Returns_Cero" storage="d:\sferrari\01_trabajo\repos\netcore\libs\template-netcore-shared\kitpymes.core.shared.tests\bin\debug\net7.0\kitpymes.core.shared.tests.dll" id="43aca9d1-3a95-40ab-8fc6-100a5a30f69b">
      <Execution id="4897207a-aa6c-41a5-a7b4-e4e1fe407cb2" />
      <TestMethod codeBase="D:\SFERRARI\01_TRABAJO\repos\netcore\libs\template-netcore-shared\Kitpymes.Core.Shared.Tests\bin\Debug\net7.0\Kitpymes.Core.Shared.Tests.dll" adapterTypeName="executor://mstestadapter/v2" className="Kitpymes.Core.Shared.Tests.GenericExtensionsTests" name="ToDefaultValue_Passing_ulong_Returns_Cero" />
    </UnitTest>
    <UnitTest name="ToEmailMaskUserNameAndDomain_Passing_ValidEmail_Returns_EmailWithMask (qazwsx@gmailgmail.com,q****x@g********l.com)" storage="d:\sferrari\01_trabajo\repos\netcore\libs\template-netcore-shared\kitpymes.core.shared.tests\bin\debug\net7.0\kitpymes.core.shared.tests.dll" id="21074891-ee1b-49ad-a5d5-24841e171c6e">
      <Execution id="610542b7-f63f-4133-b461-307d777e3134" />
      <TestMethod codeBase="D:\SFERRARI\01_TRABAJO\repos\netcore\libs\template-netcore-shared\Kitpymes.Core.Shared.Tests\bin\Debug\net7.0\Kitpymes.Core.Shared.Tests.dll" adapterTypeName="executor://mstestadapter/v2" className="Kitpymes.Core.Shared.Tests.StringExtensionsTests" name="ToEmailMaskUserNameAndDomain_Passing_ValidEmail_Returns_EmailWithMask" />
    </UnitTest>
    <UnitTest name="ToDictionaryPropertyInfo_Passing_Object_IncludeNullOrEmptyProperty_Returns_Properties_NameAndValue_Dictionary" storage="d:\sferrari\01_trabajo\repos\netcore\libs\template-netcore-shared\kitpymes.core.shared.tests\bin\debug\net7.0\kitpymes.core.shared.tests.dll" id="b85e0b9a-09ef-4674-9db8-bd40f339b3be">
      <Execution id="dd4e9515-6597-4935-8c97-4c375783fc98" />
      <TestMethod codeBase="D:\SFERRARI\01_TRABAJO\repos\netcore\libs\template-netcore-shared\Kitpymes.Core.Shared.Tests\bin\Debug\net7.0\Kitpymes.Core.Shared.Tests.dll" adapterTypeName="executor://mstestadapter/v2" className="Kitpymes.Core.Shared.Tests.GenericExtensionsTests" name="ToDictionaryPropertyInfo_Passing_Object_IncludeNullOrEmptyProperty_Returns_Properties_NameAndValue_Dictionary" />
    </UnitTest>
    <UnitTest name="ToReplace_Passing_ValidValue_Returns_ReplacedValue (aeiou,*,2,1,ae*ou)" storage="d:\sferrari\01_trabajo\repos\netcore\libs\template-netcore-shared\kitpymes.core.shared.tests\bin\debug\net7.0\kitpymes.core.shared.tests.dll" id="3b540c6d-278e-4c67-ba2d-4d407d3a92c6">
      <Execution id="2854d838-01a5-4618-9818-02b1c6d7f685" />
      <TestMethod codeBase="D:\SFERRARI\01_TRABAJO\repos\netcore\libs\template-netcore-shared\Kitpymes.Core.Shared.Tests\bin\Debug\net7.0\Kitpymes.Core.Shared.Tests.dll" adapterTypeName="executor://mstestadapter/v2" className="Kitpymes.Core.Shared.Tests.StringExtensionsTests" name="ToReplace_Passing_ValidValue_Returns_ReplacedValue" />
    </UnitTest>
    <UnitTest name="ResultErrorData_WithTitle_WithStatusCode_WithDetails_WithExceptionType_WithMessages_WithErrors" storage="d:\sferrari\01_trabajo\repos\netcore\libs\template-netcore-shared\kitpymes.core.shared.tests\bin\debug\net7.0\kitpymes.core.shared.tests.dll" id="807d5638-0b19-49a4-9cc3-968452ccce7f">
      <Execution id="09909c0a-f731-498c-aad2-41c00909b6d4" />
      <TestMethod codeBase="D:\SFERRARI\01_TRABAJO\repos\netcore\libs\template-netcore-shared\Kitpymes.Core.Shared.Tests\bin\Debug\net7.0\Kitpymes.Core.Shared.Tests.dll" adapterTypeName="executor://mstestadapter/v2" className="Kitpymes.Core.Shared.Tests.ResultTest" name="ResultErrorData_WithTitle_WithStatusCode_WithDetails_WithExceptionType_WithMessages_WithErrors" />
    </UnitTest>
    <UnitTest name="ToUri_Passing_ValidValueString_Returns_Uri (http://1337.net)" storage="d:\sferrari\01_trabajo\repos\netcore\libs\template-netcore-shared\kitpymes.core.shared.tests\bin\debug\net7.0\kitpymes.core.shared.tests.dll" id="168e6bb0-872d-472c-a22b-9504af71663a">
      <Execution id="c6e9afab-693c-4753-9802-5855bfcf386e" />
      <TestMethod codeBase="D:\SFERRARI\01_TRABAJO\repos\netcore\libs\template-netcore-shared\Kitpymes.Core.Shared.Tests\bin\Debug\net7.0\Kitpymes.Core.Shared.Tests.dll" adapterTypeName="executor://mstestadapter/v2" className="Kitpymes.Core.Shared.Tests.StringExtensionsTests" name="ToUri_Passing_ValidValueString_Returns_Uri" />
    </UnitTest>
    <UnitTest name="ToDefaultValue_Passing_byte_Returns_Cero" storage="d:\sferrari\01_trabajo\repos\netcore\libs\template-netcore-shared\kitpymes.core.shared.tests\bin\debug\net7.0\kitpymes.core.shared.tests.dll" id="443c089e-d48e-499b-982a-ffbdcf52649a">
      <Execution id="629c9604-2a65-42c1-af1b-d3ec6dbff7a1" />
      <TestMethod codeBase="D:\SFERRARI\01_TRABAJO\repos\netcore\libs\template-netcore-shared\Kitpymes.Core.Shared.Tests\bin\Debug\net7.0\Kitpymes.Core.Shared.Tests.dll" adapterTypeName="executor://mstestadapter/v2" className="Kitpymes.Core.Shared.Tests.GenericExtensionsTests" name="ToDefaultValue_Passing_byte_Returns_Cero" />
    </UnitTest>
    <UnitTest name="ToCount_Passing_ValidEnumType_Returns_Count" storage="d:\sferrari\01_trabajo\repos\netcore\libs\template-netcore-shared\kitpymes.core.shared.tests\bin\debug\net7.0\kitpymes.core.shared.tests.dll" id="4ea22eed-ae17-4390-89cf-da256ccbf8c9">
      <Execution id="2dab2c2a-2945-4eec-adb8-eff4bab15374" />
      <TestMethod codeBase="D:\SFERRARI\01_TRABAJO\repos\netcore\libs\template-netcore-shared\Kitpymes.Core.Shared.Tests\bin\Debug\net7.0\Kitpymes.Core.Shared.Tests.dll" adapterTypeName="executor://mstestadapter/v2" className="Kitpymes.Core.Shared.Tests.EnumsTests" name="ToCount_Passing_ValidEnumType_Returns_Count" />
    </UnitTest>
    <UnitTest name="ToServiceMatchingInterface_Passing_Empties_Assemblies_Returns_ApplicationException" storage="d:\sferrari\01_trabajo\repos\netcore\libs\template-netcore-shared\kitpymes.core.shared.tests\bin\debug\net7.0\kitpymes.core.shared.tests.dll" id="6fa4ff42-f9dc-4f05-b3e7-7cc40cdc0d20">
      <Execution id="e171d893-06c9-414e-b85a-49fcbbca91c6" />
      <TestMethod codeBase="D:\SFERRARI\01_TRABAJO\repos\netcore\libs\template-netcore-shared\Kitpymes.Core.Shared.Tests\bin\Debug\net7.0\Kitpymes.Core.Shared.Tests.dll" adapterTypeName="executor://mstestadapter/v2" className="Kitpymes.Core.Shared.Tests.ConfigurationBuilderExtensionsTests" name="ToServiceMatchingInterface_Passing_Empties_Assemblies_Returns_ApplicationException" />
    </UnitTest>
    <UnitTest name="ToUri_Passing_ValidValueString_Returns_Uri (http://foo.bar/?q=Test%20URL-encoded%20stuff)" storage="d:\sferrari\01_trabajo\repos\netcore\libs\template-netcore-shared\kitpymes.core.shared.tests\bin\debug\net7.0\kitpymes.core.shared.tests.dll" id="ab2907ae-4d35-4be8-b358-0a3ebcdfb44e">
      <Execution id="709247d8-850f-4202-aedd-26916a183cb3" />
      <TestMethod codeBase="D:\SFERRARI\01_TRABAJO\repos\netcore\libs\template-netcore-shared\Kitpymes.Core.Shared.Tests\bin\Debug\net7.0\Kitpymes.Core.Shared.Tests.dll" adapterTypeName="executor://mstestadapter/v2" className="Kitpymes.Core.Shared.Tests.StringExtensionsTests" name="ToUri_Passing_ValidValueString_Returns_Uri" />
    </UnitTest>
    <UnitTest name="ToDictionaryPropertyInfo_Passing_Object_Not_IncludeNullOrEmptyProperty_Returns_Properties_NameAndValue_Dictionary" storage="d:\sferrari\01_trabajo\repos\netcore\libs\template-netcore-shared\kitpymes.core.shared.tests\bin\debug\net7.0\kitpymes.core.shared.tests.dll" id="736ccfd4-9f48-4fc8-8f6f-a0e3d48cfea7">
      <Execution id="c9da4526-bb6a-4156-8ce3-ceb05f4bf277" />
      <TestMethod codeBase="D:\SFERRARI\01_TRABAJO\repos\netcore\libs\template-netcore-shared\Kitpymes.Core.Shared.Tests\bin\Debug\net7.0\Kitpymes.Core.Shared.Tests.dll" adapterTypeName="executor://mstestadapter/v2" className="Kitpymes.Core.Shared.Tests.GenericExtensionsTests" name="ToDictionaryPropertyInfo_Passing_Object_Not_IncludeNullOrEmptyProperty_Returns_Properties_NameAndValue_Dictionary" />
    </UnitTest>
    <UnitTest name="ToUri_Passing_InvalidValueString_Returns_Null (http://..)" storage="d:\sferrari\01_trabajo\repos\netcore\libs\template-netcore-shared\kitpymes.core.shared.tests\bin\debug\net7.0\kitpymes.core.shared.tests.dll" id="ef5f4780-8758-475a-969e-2d55da3b6d3b">
      <Execution id="df39b227-448f-47ed-a1e9-70d9f19d56c5" />
      <TestMethod codeBase="D:\SFERRARI\01_TRABAJO\repos\netcore\libs\template-netcore-shared\Kitpymes.Core.Shared.Tests\bin\Debug\net7.0\Kitpymes.Core.Shared.Tests.dll" adapterTypeName="executor://mstestadapter/v2" className="Kitpymes.Core.Shared.Tests.StringExtensionsTests" name="ToUri_Passing_InvalidValueString_Returns_Null" />
    </UnitTest>
    <UnitTest name="ToString_Passing_Valid_Collection_With_Custom_Separator_Returns_String_With_Custom_Separator" storage="d:\sferrari\01_trabajo\repos\netcore\libs\template-netcore-shared\kitpymes.core.shared.tests\bin\debug\net7.0\kitpymes.core.shared.tests.dll" id="6a35a9d7-1e20-46b7-b7ea-eca5131cc944">
      <Execution id="bd91901d-2b6c-4edd-8de2-2f2995082f2f" />
      <TestMethod codeBase="D:\SFERRARI\01_TRABAJO\repos\netcore\libs\template-netcore-shared\Kitpymes.Core.Shared.Tests\bin\Debug\net7.0\Kitpymes.Core.Shared.Tests.dll" adapterTypeName="executor://mstestadapter/v2" className="Kitpymes.Core.Shared.Tests.EnumerableExtensionsTests" name="ToString_Passing_Valid_Collection_With_Custom_Separator_Returns_String_With_Custom_Separator" />
    </UnitTest>
    <UnitTest name="ToStringFormat_Passing_ValidValue_Returns_ValueWithoutRemovedChars (0)" storage="d:\sferrari\01_trabajo\repos\netcore\libs\template-netcore-shared\kitpymes.core.shared.tests\bin\debug\net7.0\kitpymes.core.shared.tests.dll" id="5b2d0ae9-c173-4815-83af-76dd6d3cacfc">
      <Execution id="c7d53c90-df34-4305-ac87-41920e44d917" />
      <TestMethod codeBase="D:\SFERRARI\01_TRABAJO\repos\netcore\libs\template-netcore-shared\Kitpymes.Core.Shared.Tests\bin\Debug\net7.0\Kitpymes.Core.Shared.Tests.dll" adapterTypeName="executor://mstestadapter/v2" className="Kitpymes.Core.Shared.Tests.IntegerExtensionsTests" name="ToStringFormat_Passing_ValidValue_Returns_ValueWithoutRemovedChars" />
    </UnitTest>
    <UnitTest name="ToService_Passing_Service_Not_Found_Returns_ApplicationException" storage="d:\sferrari\01_trabajo\repos\netcore\libs\template-netcore-shared\kitpymes.core.shared.tests\bin\debug\net7.0\kitpymes.core.shared.tests.dll" id="815ed3b7-ca13-4795-9f74-2c593d24aa69">
      <Execution id="3febada7-0ca4-4316-88f9-6667864eba53" />
      <TestMethod codeBase="D:\SFERRARI\01_TRABAJO\repos\netcore\libs\template-netcore-shared\Kitpymes.Core.Shared.Tests\bin\Debug\net7.0\Kitpymes.Core.Shared.Tests.dll" adapterTypeName="executor://mstestadapter/v2" className="Kitpymes.Core.Shared.Tests.ApplicationBuilderExtensionsTests" name="ToService_Passing_Service_Not_Found_Returns_ApplicationException" />
    </UnitTest>
    <UnitTest name="ToEnvironment_ServiceCollection_Passing_Development_Enviroment_Returns_Development_Name" storage="d:\sferrari\01_trabajo\repos\netcore\libs\template-netcore-shared\kitpymes.core.shared.tests\bin\debug\net7.0\kitpymes.core.shared.tests.dll" id="773e4e8a-0c81-4447-a3c6-398a1f74f5fe">
      <Execution id="a40df749-76b3-4704-84fc-e9990b49023e" />
      <TestMethod codeBase="D:\SFERRARI\01_TRABAJO\repos\netcore\libs\template-netcore-shared\Kitpymes.Core.Shared.Tests\bin\Debug\net7.0\Kitpymes.Core.Shared.Tests.dll" adapterTypeName="executor://mstestadapter/v2" className="Kitpymes.Core.Shared.Tests.ConfigurationBuilderExtensionsTests" name="ToEnvironment_ServiceCollection_Passing_Development_Enviroment_Returns_Development_Name" />
    </UnitTest>
    <UnitTest name="ToRemove_Passing_ValidValue_Returns_ValueWithoutRemovedChars ( hello hello , ,hellohello)" storage="d:\sferrari\01_trabajo\repos\netcore\libs\template-netcore-shared\kitpymes.core.shared.tests\bin\debug\net7.0\kitpymes.core.shared.tests.dll" id="71f27c65-5918-4e9b-8bba-c70de73ae7fa">
      <Execution id="e52c3e50-b810-49c1-9f60-27102b0ef05c" />
      <TestMethod codeBase="D:\SFERRARI\01_TRABAJO\repos\netcore\libs\template-netcore-shared\Kitpymes.Core.Shared.Tests\bin\Debug\net7.0\Kitpymes.Core.Shared.Tests.dll" adapterTypeName="executor://mstestadapter/v2" className="Kitpymes.Core.Shared.Tests.StringExtensionsTests" name="ToRemove_Passing_ValidValue_Returns_ValueWithoutRemovedChars" />
    </UnitTest>
    <UnitTest name="ToNormalize_Passing_ValidValue_Returns_NormalizedValue (Mañana,Manana)" storage="d:\sferrari\01_trabajo\repos\netcore\libs\template-netcore-shared\kitpymes.core.shared.tests\bin\debug\net7.0\kitpymes.core.shared.tests.dll" id="038bc8a7-6b38-4d0f-96b7-7e8dd0b58e80">
      <Execution id="ed4cadd6-41db-408d-9749-be15066c706e" />
      <TestMethod codeBase="D:\SFERRARI\01_TRABAJO\repos\netcore\libs\template-netcore-shared\Kitpymes.Core.Shared.Tests\bin\Debug\net7.0\Kitpymes.Core.Shared.Tests.dll" adapterTypeName="executor://mstestadapter/v2" className="Kitpymes.Core.Shared.Tests.StringExtensionsTests" name="ToNormalize_Passing_ValidValue_Returns_NormalizedValue" />
    </UnitTest>
    <UnitTest name="CreateRandom_WithCustomAllowableCharacters_Passing_Valid_Arguments_Returns_String_Random_Value (5,aeiou123456)" storage="d:\sferrari\01_trabajo\repos\netcore\libs\template-netcore-shared\kitpymes.core.shared.tests\bin\debug\net7.0\kitpymes.core.shared.tests.dll" id="c8af412f-9156-4705-9bed-f1b9184773b6">
      <Execution id="85ded8ab-3f9f-46b5-b05a-7d6c093ce98c" />
      <TestMethod codeBase="D:\SFERRARI\01_TRABAJO\repos\netcore\libs\template-netcore-shared\Kitpymes.Core.Shared.Tests\bin\Debug\net7.0\Kitpymes.Core.Shared.Tests.dll" adapterTypeName="executor://mstestadapter/v2" className="Kitpymes.Core.Shared.Tests.HashTests" name="CreateRandom_WithCustomAllowableCharacters_Passing_Valid_Arguments_Returns_String_Random_Value" />
    </UnitTest>
    <UnitTest name="ThrowIfNotEmail_Passing_InvalidValue_Returns_ApplicationExceptionWithMessage (34?fsds@sdd.yy)" storage="d:\sferrari\01_trabajo\repos\netcore\libs\template-netcore-shared\kitpymes.core.shared.tests\bin\debug\net7.0\kitpymes.core.shared.tests.dll" id="b68f261e-4364-4002-935e-3dea3bdb6377">
      <Execution id="c09a1dc2-7a53-4180-b89e-6f17eae868cf" />
      <TestMethod codeBase="D:\SFERRARI\01_TRABAJO\repos\netcore\libs\template-netcore-shared\Kitpymes.Core.Shared.Tests\bin\Debug\net7.0\Kitpymes.Core.Shared.Tests.dll" adapterTypeName="executor://mstestadapter/v2" className="Kitpymes.Core.Shared.Tests.VerifyExtensionsTests" name="ThrowIfNotEmail_Passing_InvalidValue_Returns_ApplicationExceptionWithMessage" />
    </UnitTest>
    <UnitTest name="ToConfiguration_Passing_Valid_DirectoryPath_Valid_JsonFileName_Returns_Ok" storage="d:\sferrari\01_trabajo\repos\netcore\libs\template-netcore-shared\kitpymes.core.shared.tests\bin\debug\net7.0\kitpymes.core.shared.tests.dll" id="8a07608c-1ca0-4e11-ac55-dbbcdc8a523e">
      <Execution id="467cdd3b-27a9-42a1-92c7-70ac48a4ef42" />
      <TestMethod codeBase="D:\SFERRARI\01_TRABAJO\repos\netcore\libs\template-netcore-shared\Kitpymes.Core.Shared.Tests\bin\Debug\net7.0\Kitpymes.Core.Shared.Tests.dll" adapterTypeName="executor://mstestadapter/v2" className="Kitpymes.Core.Shared.Tests.ConfigurationBuilderExtensionsTests" name="ToConfiguration_Passing_Valid_DirectoryPath_Valid_JsonFileName_Returns_Ok" />
    </UnitTest>
    <UnitTest name="IsNullOrAny_Passing_InvalidValue_Returns_True" storage="d:\sferrari\01_trabajo\repos\netcore\libs\template-netcore-shared\kitpymes.core.shared.tests\bin\debug\net7.0\kitpymes.core.shared.tests.dll" id="382bcabd-f422-4098-b750-3c8bb070650d">
      <Execution id="0b4db414-2136-4f53-a4df-ee79d0c00399" />
      <TestMethod codeBase="D:\SFERRARI\01_TRABAJO\repos\netcore\libs\template-netcore-shared\Kitpymes.Core.Shared.Tests\bin\Debug\net7.0\Kitpymes.Core.Shared.Tests.dll" adapterTypeName="executor://mstestadapter/v2" className="Kitpymes.Core.Shared.Tests.VerifyExtensionsTests" name="IsNullOrAny_Passing_InvalidValue_Returns_True" />
    </UnitTest>
    <UnitTest name="ToUri_Passing_ValidValueString_Returns_Uri (http://userid@example.com:8080)" storage="d:\sferrari\01_trabajo\repos\netcore\libs\template-netcore-shared\kitpymes.core.shared.tests\bin\debug\net7.0\kitpymes.core.shared.tests.dll" id="2f831167-7c5e-4f84-b971-6fd1ea13e0e6">
      <Execution id="81879757-8a7c-4adb-86fc-6910349d7897" />
      <TestMethod codeBase="D:\SFERRARI\01_TRABAJO\repos\netcore\libs\template-netcore-shared\Kitpymes.Core.Shared.Tests\bin\Debug\net7.0\Kitpymes.Core.Shared.Tests.dll" adapterTypeName="executor://mstestadapter/v2" className="Kitpymes.Core.Shared.Tests.StringExtensionsTests" name="ToUri_Passing_ValidValueString_Returns_Uri" />
    </UnitTest>
    <UnitTest name="ToUri_Passing_ValidValueString_Returns_Uri (http://142.42.1.1:8080/)" storage="d:\sferrari\01_trabajo\repos\netcore\libs\template-netcore-shared\kitpymes.core.shared.tests\bin\debug\net7.0\kitpymes.core.shared.tests.dll" id="b65dd3e5-4d66-4d04-9277-c03a06b130e1">
      <Execution id="880c41be-c34a-4b21-8293-69b59d0e4737" />
      <TestMethod codeBase="D:\SFERRARI\01_TRABAJO\repos\netcore\libs\template-netcore-shared\Kitpymes.Core.Shared.Tests\bin\Debug\net7.0\Kitpymes.Core.Shared.Tests.dll" adapterTypeName="executor://mstestadapter/v2" className="Kitpymes.Core.Shared.Tests.StringExtensionsTests" name="ToUri_Passing_ValidValueString_Returns_Uri" />
    </UnitTest>
    <UnitTest name="ToExists_Passing_Valid_Service_Returns_True" storage="d:\sferrari\01_trabajo\repos\netcore\libs\template-netcore-shared\kitpymes.core.shared.tests\bin\debug\net7.0\kitpymes.core.shared.tests.dll" id="16724a6d-2e4c-4231-aeed-a594018b9e7a">
      <Execution id="247e2138-b26f-428e-87c5-4de377ec5765" />
      <TestMethod codeBase="D:\SFERRARI\01_TRABAJO\repos\netcore\libs\template-netcore-shared\Kitpymes.Core.Shared.Tests\bin\Debug\net7.0\Kitpymes.Core.Shared.Tests.dll" adapterTypeName="executor://mstestadapter/v2" className="Kitpymes.Core.Shared.Tests.ConfigurationBuilderExtensionsTests" name="ToExists_Passing_Valid_Service_Returns_True" />
    </UnitTest>
    <UnitTest name="ToInt_Passing_InvalidValueString_Returns_DefaultValue (1,3333)" storage="d:\sferrari\01_trabajo\repos\netcore\libs\template-netcore-shared\kitpymes.core.shared.tests\bin\debug\net7.0\kitpymes.core.shared.tests.dll" id="f264cbb9-1458-4410-ae8d-d938368cb946">
      <Execution id="df2013e4-db53-46ff-bb6d-956b98ea2310" />
      <TestMethod codeBase="D:\SFERRARI\01_TRABAJO\repos\netcore\libs\template-netcore-shared\Kitpymes.Core.Shared.Tests\bin\Debug\net7.0\Kitpymes.Core.Shared.Tests.dll" adapterTypeName="executor://mstestadapter/v2" className="Kitpymes.Core.Shared.Tests.StringExtensionsTests" name="ToInt_Passing_InvalidValueString_Returns_DefaultValue" />
    </UnitTest>
    <UnitTest name="ToDefaultValue_Passing_uint_Returns_Cero" storage="d:\sferrari\01_trabajo\repos\netcore\libs\template-netcore-shared\kitpymes.core.shared.tests\bin\debug\net7.0\kitpymes.core.shared.tests.dll" id="c242041b-a5b0-43e2-98ab-cd5248139f34">
      <Execution id="a96e3976-d525-44df-b40c-0f77a524e4f2" />
      <TestMethod codeBase="D:\SFERRARI\01_TRABAJO\repos\netcore\libs\template-netcore-shared\Kitpymes.Core.Shared.Tests\bin\Debug\net7.0\Kitpymes.Core.Shared.Tests.dll" adapterTypeName="executor://mstestadapter/v2" className="Kitpymes.Core.Shared.Tests.GenericExtensionsTests" name="ToDefaultValue_Passing_uint_Returns_Cero" />
    </UnitTest>
    <UnitTest name="CreateSHA512_Passing_Invalid_Arguments_Returns_ApplicationException ( )" storage="d:\sferrari\01_trabajo\repos\netcore\libs\template-netcore-shared\kitpymes.core.shared.tests\bin\debug\net7.0\kitpymes.core.shared.tests.dll" id="47d27f6b-fb6c-4e00-a7d9-b9d80ecc2b43">
      <Execution id="a2c07dcc-7ace-4cf3-899a-2a7a69ec22c8" />
      <TestMethod codeBase="D:\SFERRARI\01_TRABAJO\repos\netcore\libs\template-netcore-shared\Kitpymes.Core.Shared.Tests\bin\Debug\net7.0\Kitpymes.Core.Shared.Tests.dll" adapterTypeName="executor://mstestadapter/v2" className="Kitpymes.Core.Shared.Tests.HashTests" name="CreateSHA512_Passing_Invalid_Arguments_Returns_ApplicationException" />
    </UnitTest>
    <UnitTest name="ToConfiguration_Passing_Empty_DirectoryPath_Returns_ApplicationException" storage="d:\sferrari\01_trabajo\repos\netcore\libs\template-netcore-shared\kitpymes.core.shared.tests\bin\debug\net7.0\kitpymes.core.shared.tests.dll" id="f71574ae-3fdd-47d8-ace2-9850743dcdad">
      <Execution id="0b7a3628-dd1d-4aac-bbf0-9102c18bd3eb" />
      <TestMethod codeBase="D:\SFERRARI\01_TRABAJO\repos\netcore\libs\template-netcore-shared\Kitpymes.Core.Shared.Tests\bin\Debug\net7.0\Kitpymes.Core.Shared.Tests.dll" adapterTypeName="executor://mstestadapter/v2" className="Kitpymes.Core.Shared.Tests.ConfigurationBuilderExtensionsTests" name="ToConfiguration_Passing_Empty_DirectoryPath_Returns_ApplicationException" />
    </UnitTest>
    <UnitTest name="ToRemove_Passing_ValidValue_Returns_ValueWithoutRemovedChars (aeiou,aei,ou)" storage="d:\sferrari\01_trabajo\repos\netcore\libs\template-netcore-shared\kitpymes.core.shared.tests\bin\debug\net7.0\kitpymes.core.shared.tests.dll" id="ca491280-5178-4372-ba98-9970e946c4c9">
      <Execution id="e224c8a8-e331-431b-9f33-67dcaecc34b6" />
      <TestMethod codeBase="D:\SFERRARI\01_TRABAJO\repos\netcore\libs\template-netcore-shared\Kitpymes.Core.Shared.Tests\bin\Debug\net7.0\Kitpymes.Core.Shared.Tests.dll" adapterTypeName="executor://mstestadapter/v2" className="Kitpymes.Core.Shared.Tests.StringExtensionsTests" name="ToRemove_Passing_ValidValue_Returns_ValueWithoutRemovedChars" />
    </UnitTest>
    <UnitTest name="ToUri_Passing_ValidValueString_Returns_Uri (http://foo.com/(something)?after=parens)" storage="d:\sferrari\01_trabajo\repos\netcore\libs\template-netcore-shared\kitpymes.core.shared.tests\bin\debug\net7.0\kitpymes.core.shared.tests.dll" id="6a6d0549-48f4-4202-be2a-4377a45cb00d">
      <Execution id="4b8b255a-b0d6-44da-ac4a-473e4fcb0c51" />
      <TestMethod codeBase="D:\SFERRARI\01_TRABAJO\repos\netcore\libs\template-netcore-shared\Kitpymes.Core.Shared.Tests\bin\Debug\net7.0\Kitpymes.Core.Shared.Tests.dll" adapterTypeName="executor://mstestadapter/v2" className="Kitpymes.Core.Shared.Tests.StringExtensionsTests" name="ToUri_Passing_ValidValueString_Returns_Uri" />
    </UnitTest>
    <UnitTest name="ToUri_Passing_ValidValueString_Returns_Uri (http://⌘.ws/)" storage="d:\sferrari\01_trabajo\repos\netcore\libs\template-netcore-shared\kitpymes.core.shared.tests\bin\debug\net7.0\kitpymes.core.shared.tests.dll" id="6535ce7a-79c5-4128-823a-855a8c1639f9">
      <Execution id="441a8146-0d30-4da3-988a-d12da663a400" />
      <TestMethod codeBase="D:\SFERRARI\01_TRABAJO\repos\netcore\libs\template-netcore-shared\Kitpymes.Core.Shared.Tests\bin\Debug\net7.0\Kitpymes.Core.Shared.Tests.dll" adapterTypeName="executor://mstestadapter/v2" className="Kitpymes.Core.Shared.Tests.StringExtensionsTests" name="ToUri_Passing_ValidValueString_Returns_Uri" />
    </UnitTest>
    <UnitTest name="CreateSHA256_Passing_Invalid_Arguments_Returns_ApplicationException ()" storage="d:\sferrari\01_trabajo\repos\netcore\libs\template-netcore-shared\kitpymes.core.shared.tests\bin\debug\net7.0\kitpymes.core.shared.tests.dll" id="63f33a14-6b11-4087-b2a0-56f7f9498cb3">
      <Execution id="8ea74394-eb1b-466c-a723-831efcd9fb6a" />
      <TestMethod codeBase="D:\SFERRARI\01_TRABAJO\repos\netcore\libs\template-netcore-shared\Kitpymes.Core.Shared.Tests\bin\Debug\net7.0\Kitpymes.Core.Shared.Tests.dll" adapterTypeName="executor://mstestadapter/v2" className="Kitpymes.Core.Shared.Tests.HashTests" name="CreateSHA256_Passing_Invalid_Arguments_Returns_ApplicationException" />
    </UnitTest>
    <UnitTest name="AddOrUpdate_Passing_Valid_Collection_Returns_Collection" storage="d:\sferrari\01_trabajo\repos\netcore\libs\template-netcore-shared\kitpymes.core.shared.tests\bin\debug\net7.0\kitpymes.core.shared.tests.dll" id="4ae584b4-16e9-4bee-9476-2b5d6f549c55">
      <Execution id="fa7de07f-35ee-4ff1-ac84-76bf778b7409" />
      <TestMethod codeBase="D:\SFERRARI\01_TRABAJO\repos\netcore\libs\template-netcore-shared\Kitpymes.Core.Shared.Tests\bin\Debug\net7.0\Kitpymes.Core.Shared.Tests.dll" adapterTypeName="executor://mstestadapter/v2" className="Kitpymes.Core.Shared.Tests.DictionaryExtensionsTests" name="AddOrUpdate_Passing_Valid_Collection_Returns_Collection" />
    </UnitTest>
    <UnitTest name="ToUri_Passing_ValidValueString_Returns_Uri (http://foo.com/blah_blah?p=5)" storage="d:\sferrari\01_trabajo\repos\netcore\libs\template-netcore-shared\kitpymes.core.shared.tests\bin\debug\net7.0\kitpymes.core.shared.tests.dll" id="5aec1ab5-da43-41b0-98ef-9dc6a227c6bc">
      <Execution id="a887ab21-dee2-4a2f-bb36-be75d0c95de5" />
      <TestMethod codeBase="D:\SFERRARI\01_TRABAJO\repos\netcore\libs\template-netcore-shared\Kitpymes.Core.Shared.Tests\bin\Debug\net7.0\Kitpymes.Core.Shared.Tests.dll" adapterTypeName="executor://mstestadapter/v2" className="Kitpymes.Core.Shared.Tests.StringExtensionsTests" name="ToUri_Passing_ValidValueString_Returns_Uri" />
    </UnitTest>
    <UnitTest name="ToReplace_Passing_ValidValue_Returns_ReplacedValue (aeiou,*,0,3,***ou)" storage="d:\sferrari\01_trabajo\repos\netcore\libs\template-netcore-shared\kitpymes.core.shared.tests\bin\debug\net7.0\kitpymes.core.shared.tests.dll" id="df3e175c-484c-41ee-9c78-455ab0ac4003">
      <Execution id="16016658-0c0d-4f66-a3dc-3160a3f49c87" />
      <TestMethod codeBase="D:\SFERRARI\01_TRABAJO\repos\netcore\libs\template-netcore-shared\Kitpymes.Core.Shared.Tests\bin\Debug\net7.0\Kitpymes.Core.Shared.Tests.dll" adapterTypeName="executor://mstestadapter/v2" className="Kitpymes.Core.Shared.Tests.StringExtensionsTests" name="ToReplace_Passing_ValidValue_Returns_ReplacedValue" />
    </UnitTest>
    <UnitTest name="CreateRandom_WithCustomAllowableCharacters_Passing_Valid_Arguments_Returns_String_Random_Value (8,ae)" storage="d:\sferrari\01_trabajo\repos\netcore\libs\template-netcore-shared\kitpymes.core.shared.tests\bin\debug\net7.0\kitpymes.core.shared.tests.dll" id="f353e60f-2d68-4115-827b-9b5748402947">
      <Execution id="11e6db89-ae08-4e06-99d5-2fb81e1c3988" />
      <TestMethod codeBase="D:\SFERRARI\01_TRABAJO\repos\netcore\libs\template-netcore-shared\Kitpymes.Core.Shared.Tests\bin\Debug\net7.0\Kitpymes.Core.Shared.Tests.dll" adapterTypeName="executor://mstestadapter/v2" className="Kitpymes.Core.Shared.Tests.HashTests" name="CreateRandom_WithCustomAllowableCharacters_Passing_Valid_Arguments_Returns_String_Random_Value" />
    </UnitTest>
    <UnitTest name="ToUri_Passing_InvalidValueString_Returns_DefaultValue (http://##)" storage="d:\sferrari\01_trabajo\repos\netcore\libs\template-netcore-shared\kitpymes.core.shared.tests\bin\debug\net7.0\kitpymes.core.shared.tests.dll" id="98851d06-3acf-4892-9641-b9979bb20b38">
      <Execution id="27ba0ccc-ea1b-42e2-ba72-390304f89896" />
      <TestMethod codeBase="D:\SFERRARI\01_TRABAJO\repos\netcore\libs\template-netcore-shared\Kitpymes.Core.Shared.Tests\bin\Debug\net7.0\Kitpymes.Core.Shared.Tests.dll" adapterTypeName="executor://mstestadapter/v2" className="Kitpymes.Core.Shared.Tests.StringExtensionsTests" name="ToUri_Passing_InvalidValueString_Returns_DefaultValue" />
    </UnitTest>
    <UnitTest name="ToContentType_Passing_ValidValueString_Returns_ContentType (xxxx.html,text/html)" storage="d:\sferrari\01_trabajo\repos\netcore\libs\template-netcore-shared\kitpymes.core.shared.tests\bin\debug\net7.0\kitpymes.core.shared.tests.dll" id="e4cce885-102d-467c-95ae-0fbabb609fe4">
      <Execution id="037a2566-7cb7-4ca1-83bb-2676cedef9a1" />
      <TestMethod codeBase="D:\SFERRARI\01_TRABAJO\repos\netcore\libs\template-netcore-shared\Kitpymes.Core.Shared.Tests\bin\Debug\net7.0\Kitpymes.Core.Shared.Tests.dll" adapterTypeName="executor://mstestadapter/v2" className="Kitpymes.Core.Shared.Tests.StringExtensionsTests" name="ToContentType_Passing_ValidValueString_Returns_ContentType" />
    </UnitTest>
    <UnitTest name="ThrowIfInsideRange_Passing_InvalidValue_Returns_ApplicationException (4)" storage="d:\sferrari\01_trabajo\repos\netcore\libs\template-netcore-shared\kitpymes.core.shared.tests\bin\debug\net7.0\kitpymes.core.shared.tests.dll" id="b91a7c4a-7703-4d09-a3b9-259568c68590">
      <Execution id="f2772fa6-f176-4325-a2cb-940aed01f4b9" />
      <TestMethod codeBase="D:\SFERRARI\01_TRABAJO\repos\netcore\libs\template-netcore-shared\Kitpymes.Core.Shared.Tests\bin\Debug\net7.0\Kitpymes.Core.Shared.Tests.dll" adapterTypeName="executor://mstestadapter/v2" className="Kitpymes.Core.Shared.Tests.VerifyExtensionsTests" name="ThrowIfInsideRange_Passing_InvalidValue_Returns_ApplicationException" />
    </UnitTest>
    <UnitTest name="ThrowIfNotSubdomain_Passing_InvalidValue_Returns_ApplicationExceptionWithMessage (dasdasd@dsasd.._ff)" storage="d:\sferrari\01_trabajo\repos\netcore\libs\template-netcore-shared\kitpymes.core.shared.tests\bin\debug\net7.0\kitpymes.core.shared.tests.dll" id="69ec952d-ec8d-4c70-aff2-cb32e8ed36d6">
      <Execution id="c3ebf455-69af-4a6d-9e8d-8fbff04afad2" />
      <TestMethod codeBase="D:\SFERRARI\01_TRABAJO\repos\netcore\libs\template-netcore-shared\Kitpymes.Core.Shared.Tests\bin\Debug\net7.0\Kitpymes.Core.Shared.Tests.dll" adapterTypeName="executor://mstestadapter/v2" className="Kitpymes.Core.Shared.Tests.VerifyExtensionsTests" name="ThrowIfNotSubdomain_Passing_InvalidValue_Returns_ApplicationExceptionWithMessage" />
    </UnitTest>
    <UnitTest name="ToUri_Passing_InvalidValueString_Returns_Null (http://#)" storage="d:\sferrari\01_trabajo\repos\netcore\libs\template-netcore-shared\kitpymes.core.shared.tests\bin\debug\net7.0\kitpymes.core.shared.tests.dll" id="ec9f6384-49f4-428f-bf9c-38a4b7d6f394">
      <Execution id="a5de7750-b440-48d8-8db9-1288737c79fc" />
      <TestMethod codeBase="D:\SFERRARI\01_TRABAJO\repos\netcore\libs\template-netcore-shared\Kitpymes.Core.Shared.Tests\bin\Debug\net7.0\Kitpymes.Core.Shared.Tests.dll" adapterTypeName="executor://mstestadapter/v2" className="Kitpymes.Core.Shared.Tests.StringExtensionsTests" name="ToUri_Passing_InvalidValueString_Returns_Null" />
    </UnitTest>
    <UnitTest name="ToInt_Passing_InvalidValueString_Returns_DefaultValue (asdasdasdasd234324)" storage="d:\sferrari\01_trabajo\repos\netcore\libs\template-netcore-shared\kitpymes.core.shared.tests\bin\debug\net7.0\kitpymes.core.shared.tests.dll" id="9bf95b0c-9a57-4ba8-917a-1fa9997f091a">
      <Execution id="4eb71b32-43b2-4775-a569-5ac353bdefbc" />
      <TestMethod codeBase="D:\SFERRARI\01_TRABAJO\repos\netcore\libs\template-netcore-shared\Kitpymes.Core.Shared.Tests\bin\Debug\net7.0\Kitpymes.Core.Shared.Tests.dll" adapterTypeName="executor://mstestadapter/v2" className="Kitpymes.Core.Shared.Tests.StringExtensionsTests" name="ToInt_Passing_InvalidValueString_Returns_DefaultValue" />
    </UnitTest>
    <UnitTest name="ThrowIfNotFileExtension_Passing_InvalidValue_Returns_ApplicationExceptionWithMessage" storage="d:\sferrari\01_trabajo\repos\netcore\libs\template-netcore-shared\kitpymes.core.shared.tests\bin\debug\net7.0\kitpymes.core.shared.tests.dll" id="e4b39331-fb1d-4542-bd3d-ff3a939d1eff">
      <Execution id="d48d93cd-cf0a-4a88-b4c0-5a031848a98b" />
      <TestMethod codeBase="D:\SFERRARI\01_TRABAJO\repos\netcore\libs\template-netcore-shared\Kitpymes.Core.Shared.Tests\bin\Debug\net7.0\Kitpymes.Core.Shared.Tests.dll" adapterTypeName="executor://mstestadapter/v2" className="Kitpymes.Core.Shared.Tests.VerifyExtensionsTests" name="ThrowIfNotFileExtension_Passing_InvalidValue_Returns_ApplicationExceptionWithMessage" />
    </UnitTest>
    <UnitTest name="ToDeserialize_Passing_String_Returns_Object" storage="d:\sferrari\01_trabajo\repos\netcore\libs\template-netcore-shared\kitpymes.core.shared.tests\bin\debug\net7.0\kitpymes.core.shared.tests.dll" id="b89c6b4c-6f01-4553-9ef3-a4122fa07db0">
      <Execution id="3880f71c-a120-419e-b540-a479e3403f85" />
      <TestMethod codeBase="D:\SFERRARI\01_TRABAJO\repos\netcore\libs\template-netcore-shared\Kitpymes.Core.Shared.Tests\bin\Debug\net7.0\Kitpymes.Core.Shared.Tests.dll" adapterTypeName="executor://mstestadapter/v2" className="Kitpymes.Core.Shared.Tests.JsonExtensionsTests" name="ToDeserialize_Passing_String_Returns_Object" />
    </UnitTest>
    <UnitTest name="ThrowIfOutRange_Passing_InvalidValue_Returns_ApplicationException (0)" storage="d:\sferrari\01_trabajo\repos\netcore\libs\template-netcore-shared\kitpymes.core.shared.tests\bin\debug\net7.0\kitpymes.core.shared.tests.dll" id="58bd4af8-926c-46f7-90dd-05a4818a0822">
      <Execution id="90cd4ea5-cd78-40a1-aad8-e808a7786a9f" />
      <TestMethod codeBase="D:\SFERRARI\01_TRABAJO\repos\netcore\libs\template-netcore-shared\Kitpymes.Core.Shared.Tests\bin\Debug\net7.0\Kitpymes.Core.Shared.Tests.dll" adapterTypeName="executor://mstestadapter/v2" className="Kitpymes.Core.Shared.Tests.VerifyExtensionsTests" name="ThrowIfOutRange_Passing_InvalidValue_Returns_ApplicationException" />
    </UnitTest>
    <UnitTest name="ToReplaceSpecialChars_Passing_ValidValue_Returns_ReplacedValueWithoutIgnoreSpecialChars (*¨^_:-?¿;,)" storage="d:\sferrari\01_trabajo\repos\netcore\libs\template-netcore-shared\kitpymes.core.shared.tests\bin\debug\net7.0\kitpymes.core.shared.tests.dll" id="8bbdb661-a1e1-4464-aa7b-ead36a2624fd">
      <Execution id="73203992-4fa3-47e9-b008-d6d92ca13ca8" />
      <TestMethod codeBase="D:\SFERRARI\01_TRABAJO\repos\netcore\libs\template-netcore-shared\Kitpymes.Core.Shared.Tests\bin\Debug\net7.0\Kitpymes.Core.Shared.Tests.dll" adapterTypeName="executor://mstestadapter/v2" className="Kitpymes.Core.Shared.Tests.StringExtensionsTests" name="ToReplaceSpecialChars_Passing_ValidValue_Returns_ReplacedValueWithoutIgnoreSpecialChars" />
    </UnitTest>
    <UnitTest name="ToUri_Passing_ValidValueString_Returns_Uri (http://223.255.255.254)" storage="d:\sferrari\01_trabajo\repos\netcore\libs\template-netcore-shared\kitpymes.core.shared.tests\bin\debug\net7.0\kitpymes.core.shared.tests.dll" id="e5c4853b-2d78-47fe-8164-4ce8e5f9f4b2">
      <Execution id="16f25d8a-1126-4e1f-b84c-066f0b168068" />
      <TestMethod codeBase="D:\SFERRARI\01_TRABAJO\repos\netcore\libs\template-netcore-shared\Kitpymes.Core.Shared.Tests\bin\Debug\net7.0\Kitpymes.Core.Shared.Tests.dll" adapterTypeName="executor://mstestadapter/v2" className="Kitpymes.Core.Shared.Tests.StringExtensionsTests" name="ToUri_Passing_ValidValueString_Returns_Uri" />
    </UnitTest>
    <UnitTest name="ToEnvironment_ServiceProvider_Passing_Development_Enviroment_Returns_Development_Name" storage="d:\sferrari\01_trabajo\repos\netcore\libs\template-netcore-shared\kitpymes.core.shared.tests\bin\debug\net7.0\kitpymes.core.shared.tests.dll" id="eafe7da7-e8ed-4f29-8edf-5b65588e919b">
      <Execution id="566b3e3d-035a-49cd-9fcc-1c19835a96d7" />
      <TestMethod codeBase="D:\SFERRARI\01_TRABAJO\repos\netcore\libs\template-netcore-shared\Kitpymes.Core.Shared.Tests\bin\Debug\net7.0\Kitpymes.Core.Shared.Tests.dll" adapterTypeName="executor://mstestadapter/v2" className="Kitpymes.Core.Shared.Tests.ConfigurationBuilderExtensionsTests" name="ToEnvironment_ServiceProvider_Passing_Development_Enviroment_Returns_Development_Name" />
    </UnitTest>
    <UnitTest name="ToUri_Passing_InvalidValueString_Returns_Null (http://../)" storage="d:\sferrari\01_trabajo\repos\netcore\libs\template-netcore-shared\kitpymes.core.shared.tests\bin\debug\net7.0\kitpymes.core.shared.tests.dll" id="401d53c7-9fb3-4d7a-abfb-12d37529fd62">
      <Execution id="2027b09c-f9fa-4645-9a55-7ece5aae50c2" />
      <TestMethod codeBase="D:\SFERRARI\01_TRABAJO\repos\netcore\libs\template-netcore-shared\Kitpymes.Core.Shared.Tests\bin\Debug\net7.0\Kitpymes.Core.Shared.Tests.dll" adapterTypeName="executor://mstestadapter/v2" className="Kitpymes.Core.Shared.Tests.StringExtensionsTests" name="ToUri_Passing_InvalidValueString_Returns_Null" />
    </UnitTest>
    <UnitTest name="ToRandom_Passing_Invalid_Null_Value_Returns_Null" storage="d:\sferrari\01_trabajo\repos\netcore\libs\template-netcore-shared\kitpymes.core.shared.tests\bin\debug\net7.0\kitpymes.core.shared.tests.dll" id="d5a74c64-89f5-44b2-95ba-6fd35a773d46">
      <Execution id="4a0f5dd0-e87b-4c51-8958-0ef73829a7db" />
      <TestMethod codeBase="D:\SFERRARI\01_TRABAJO\repos\netcore\libs\template-netcore-shared\Kitpymes.Core.Shared.Tests\bin\Debug\net7.0\Kitpymes.Core.Shared.Tests.dll" adapterTypeName="executor://mstestadapter/v2" className="Kitpymes.Core.Shared.Tests.StringExtensionsTests" name="ToRandom_Passing_Invalid_Null_Value_Returns_Null" />
    </UnitTest>
    <UnitTest name="ToGetAll_Passing_Claims_Returns_Claim_Value_Int_List" storage="d:\sferrari\01_trabajo\repos\netcore\libs\template-netcore-shared\kitpymes.core.shared.tests\bin\debug\net7.0\kitpymes.core.shared.tests.dll" id="d4848772-db7c-42db-b947-cd0706ad61bf">
      <Execution id="efb63535-ff78-4481-ba4b-5d74bb5ec863" />
      <TestMethod codeBase="D:\SFERRARI\01_TRABAJO\repos\netcore\libs\template-netcore-shared\Kitpymes.Core.Shared.Tests\bin\Debug\net7.0\Kitpymes.Core.Shared.Tests.dll" adapterTypeName="executor://mstestadapter/v2" className="Kitpymes.Core.Shared.Tests.ClaimsPrincipalExtensionsTests" name="ToGetAll_Passing_Claims_Returns_Claim_Value_Int_List" />
    </UnitTest>
    <UnitTest name="ToHeader_Passing_HttpRequest_Header_Many_Values_Returns_Values" storage="d:\sferrari\01_trabajo\repos\netcore\libs\template-netcore-shared\kitpymes.core.shared.tests\bin\debug\net7.0\kitpymes.core.shared.tests.dll" id="951fc800-13e3-4091-bc8b-3edd2a1d7679">
      <Execution id="75002460-602b-4d1e-a31e-694886d9c77a" />
      <TestMethod codeBase="D:\SFERRARI\01_TRABAJO\repos\netcore\libs\template-netcore-shared\Kitpymes.Core.Shared.Tests\bin\Debug\net7.0\Kitpymes.Core.Shared.Tests.dll" adapterTypeName="executor://mstestadapter/v2" className="Kitpymes.Core.Shared.Tests.HttpRequestExtensionsTests" name="ToHeader_Passing_HttpRequest_Header_Many_Values_Returns_Values" />
    </UnitTest>
    <UnitTest name="ToUri_Passing_InvalidValueString_Returns_DefaultValue (http://../)" storage="d:\sferrari\01_trabajo\repos\netcore\libs\template-netcore-shared\kitpymes.core.shared.tests\bin\debug\net7.0\kitpymes.core.shared.tests.dll" id="22800d8b-19e4-4a0f-9f7c-e7dff9e26531">
      <Execution id="6b540812-ebff-4153-96cd-061d7b2a573f" />
      <TestMethod codeBase="D:\SFERRARI\01_TRABAJO\repos\netcore\libs\template-netcore-shared\Kitpymes.Core.Shared.Tests\bin\Debug\net7.0\Kitpymes.Core.Shared.Tests.dll" adapterTypeName="executor://mstestadapter/v2" className="Kitpymes.Core.Shared.Tests.StringExtensionsTests" name="ToUri_Passing_InvalidValueString_Returns_DefaultValue" />
    </UnitTest>
    <UnitTest name="ToEmailMask_Passing_ValidEmail_Returns_EmailWithMask (qaz@gmailgmail.com,q-z@g---------.com)" storage="d:\sferrari\01_trabajo\repos\netcore\libs\template-netcore-shared\kitpymes.core.shared.tests\bin\debug\net7.0\kitpymes.core.shared.tests.dll" id="af958a2e-f031-4ddb-ba20-49f26164b09d">
      <Execution id="3064d077-a7fd-478d-beb8-09a6813ca17c" />
      <TestMethod codeBase="D:\SFERRARI\01_TRABAJO\repos\netcore\libs\template-netcore-shared\Kitpymes.Core.Shared.Tests\bin\Debug\net7.0\Kitpymes.Core.Shared.Tests.dll" adapterTypeName="executor://mstestadapter/v2" className="Kitpymes.Core.Shared.Tests.StringExtensionsTests" name="ToEmailMask_Passing_ValidEmail_Returns_EmailWithMask" />
    </UnitTest>
    <UnitTest name="ToGetAll_Passing_Claims_Returns_Claim_Value_String_List" storage="d:\sferrari\01_trabajo\repos\netcore\libs\template-netcore-shared\kitpymes.core.shared.tests\bin\debug\net7.0\kitpymes.core.shared.tests.dll" id="e2a1929f-4b30-4d43-8ac3-8687ef53bc50">
      <Execution id="96af8940-d46a-4e89-906f-132dcb4ff14a" />
      <TestMethod codeBase="D:\SFERRARI\01_TRABAJO\repos\netcore\libs\template-netcore-shared\Kitpymes.Core.Shared.Tests\bin\Debug\net7.0\Kitpymes.Core.Shared.Tests.dll" adapterTypeName="executor://mstestadapter/v2" className="Kitpymes.Core.Shared.Tests.ClaimsPrincipalExtensionsTests" name="ToGetAll_Passing_Claims_Returns_Claim_Value_String_List" />
    </UnitTest>
    <UnitTest name="ToInt_Passing_InvalidValueString_Returns_DefaultValue (1.333,39)" storage="d:\sferrari\01_trabajo\repos\netcore\libs\template-netcore-shared\kitpymes.core.shared.tests\bin\debug\net7.0\kitpymes.core.shared.tests.dll" id="15a3b361-b92a-4e40-a09b-9ff61dcdba6c">
      <Execution id="3b5e6f2c-eb4e-4ac0-94e7-419e80d726b3" />
      <TestMethod codeBase="D:\SFERRARI\01_TRABAJO\repos\netcore\libs\template-netcore-shared\Kitpymes.Core.Shared.Tests\bin\Debug\net7.0\Kitpymes.Core.Shared.Tests.dll" adapterTypeName="executor://mstestadapter/v2" className="Kitpymes.Core.Shared.Tests.StringExtensionsTests" name="ToInt_Passing_InvalidValueString_Returns_DefaultValue" />
    </UnitTest>
    <UnitTest name="ToReadOnly_Passing_Valid_Collection_Returns_Readonly_Collection" storage="d:\sferrari\01_trabajo\repos\netcore\libs\template-netcore-shared\kitpymes.core.shared.tests\bin\debug\net7.0\kitpymes.core.shared.tests.dll" id="64a62001-bd7a-4d23-a748-cc2892e71c2f">
      <Execution id="0b19b2a0-fe6e-47bf-8ea1-4c86569af3ba" />
      <TestMethod codeBase="D:\SFERRARI\01_TRABAJO\repos\netcore\libs\template-netcore-shared\Kitpymes.Core.Shared.Tests\bin\Debug\net7.0\Kitpymes.Core.Shared.Tests.dll" adapterTypeName="executor://mstestadapter/v2" className="Kitpymes.Core.Shared.Tests.EnumerableExtensionsTests" name="ToReadOnly_Passing_Valid_Collection_Returns_Readonly_Collection" />
    </UnitTest>
    <UnitTest name="ToDefaultValue_Passing_long_Returns_Cero (9223372036854775807)" storage="d:\sferrari\01_trabajo\repos\netcore\libs\template-netcore-shared\kitpymes.core.shared.tests\bin\debug\net7.0\kitpymes.core.shared.tests.dll" id="652929cf-9462-4dc3-89ed-e387e81d2f7f">
      <Execution id="5d30ef6f-564f-452d-a1da-09ae28231241" />
      <TestMethod codeBase="D:\SFERRARI\01_TRABAJO\repos\netcore\libs\template-netcore-shared\Kitpymes.Core.Shared.Tests\bin\Debug\net7.0\Kitpymes.Core.Shared.Tests.dll" adapterTypeName="executor://mstestadapter/v2" className="Kitpymes.Core.Shared.Tests.GenericExtensionsTests" name="ToDefaultValue_Passing_long_Returns_Cero" />
    </UnitTest>
    <UnitTest name="ToUri_Passing_ValidValueString_Returns_Uri (//foo.com/blah_blah/)" storage="d:\sferrari\01_trabajo\repos\netcore\libs\template-netcore-shared\kitpymes.core.shared.tests\bin\debug\net7.0\kitpymes.core.shared.tests.dll" id="08d12359-1ecf-48aa-9bfd-88340734f3c4">
      <Execution id="5c89e3a3-80c1-46a8-99dc-6ae5e43d969c" />
      <TestMethod codeBase="D:\SFERRARI\01_TRABAJO\repos\netcore\libs\template-netcore-shared\Kitpymes.Core.Shared.Tests\bin\Debug\net7.0\Kitpymes.Core.Shared.Tests.dll" adapterTypeName="executor://mstestadapter/v2" className="Kitpymes.Core.Shared.Tests.StringExtensionsTests" name="ToUri_Passing_ValidValueString_Returns_Uri" />
    </UnitTest>
    <UnitTest name="ToInt_Passing_Enumeration_Name_Returns_Value" storage="d:\sferrari\01_trabajo\repos\netcore\libs\template-netcore-shared\kitpymes.core.shared.tests\bin\debug\net7.0\kitpymes.core.shared.tests.dll" id="f8d2e193-ce91-4d8d-97e6-8ef5820968c0">
      <Execution id="90e0f2b2-7e60-4edf-84a0-d60295fb7686" />
      <TestMethod codeBase="D:\SFERRARI\01_TRABAJO\repos\netcore\libs\template-netcore-shared\Kitpymes.Core.Shared.Tests\bin\Debug\net7.0\Kitpymes.Core.Shared.Tests.dll" adapterTypeName="executor://mstestadapter/v2" className="Kitpymes.Core.Shared.Tests.EnumExtensionsTests" name="ToInt_Passing_Enumeration_Name_Returns_Value" />
    </UnitTest>
    <UnitTest name="ToUri_Passing_ValidValueString_Returns_Uri (https://foo.com/blah_blah/)" storage="d:\sferrari\01_trabajo\repos\netcore\libs\template-netcore-shared\kitpymes.core.shared.tests\bin\debug\net7.0\kitpymes.core.shared.tests.dll" id="81aa3c33-6364-4aba-b457-226a2f2d3a1f">
      <Execution id="59830dd5-3f6a-4099-ac6e-1feff49c4776" />
      <TestMethod codeBase="D:\SFERRARI\01_TRABAJO\repos\netcore\libs\template-netcore-shared\Kitpymes.Core.Shared.Tests\bin\Debug\net7.0\Kitpymes.Core.Shared.Tests.dll" adapterTypeName="executor://mstestadapter/v2" className="Kitpymes.Core.Shared.Tests.StringExtensionsTests" name="ToUri_Passing_ValidValueString_Returns_Uri" />
    </UnitTest>
    <UnitTest name="CreateAndVerifySHA256_Passing_Valid_Arguments_Returns_True (Password)" storage="d:\sferrari\01_trabajo\repos\netcore\libs\template-netcore-shared\kitpymes.core.shared.tests\bin\debug\net7.0\kitpymes.core.shared.tests.dll" id="185cf50e-7e39-4c0d-ad79-4a885a963e40">
      <Execution id="ccf9cdbf-cc5b-42b6-996d-7ee430f57989" />
      <TestMethod codeBase="D:\SFERRARI\01_TRABAJO\repos\netcore\libs\template-netcore-shared\Kitpymes.Core.Shared.Tests\bin\Debug\net7.0\Kitpymes.Core.Shared.Tests.dll" adapterTypeName="executor://mstestadapter/v2" className="Kitpymes.Core.Shared.Tests.HashTests" name="CreateAndVerifySHA256_Passing_Valid_Arguments_Returns_True" />
    </UnitTest>
    <UnitTest name="ToUri_Passing_ValidValueString_Returns_Uri (http://foo.com/blah_(wikipedia)_blah#cite-1)" storage="d:\sferrari\01_trabajo\repos\netcore\libs\template-netcore-shared\kitpymes.core.shared.tests\bin\debug\net7.0\kitpymes.core.shared.tests.dll" id="56c7ed60-0ec1-487f-bfda-1dd2130274f5">
      <Execution id="40c430fc-22fe-44a1-9580-266b857cdbbe" />
      <TestMethod codeBase="D:\SFERRARI\01_TRABAJO\repos\netcore\libs\template-netcore-shared\Kitpymes.Core.Shared.Tests\bin\Debug\net7.0\Kitpymes.Core.Shared.Tests.dll" adapterTypeName="executor://mstestadapter/v2" className="Kitpymes.Core.Shared.Tests.StringExtensionsTests" name="ToUri_Passing_ValidValueString_Returns_Uri" />
    </UnitTest>
    <UnitTest name="ToStringFormat_Passing_ValidValue_Returns_ValueWithoutRemovedChars (-1)" storage="d:\sferrari\01_trabajo\repos\netcore\libs\template-netcore-shared\kitpymes.core.shared.tests\bin\debug\net7.0\kitpymes.core.shared.tests.dll" id="1eccbb59-6303-4f11-ad81-8741b335d157">
      <Execution id="f1227936-df58-41a3-8058-83b13c947fe5" />
      <TestMethod codeBase="D:\SFERRARI\01_TRABAJO\repos\netcore\libs\template-netcore-shared\Kitpymes.Core.Shared.Tests\bin\Debug\net7.0\Kitpymes.Core.Shared.Tests.dll" adapterTypeName="executor://mstestadapter/v2" className="Kitpymes.Core.Shared.Tests.IntegerExtensionsTests" name="ToStringFormat_Passing_ValidValue_Returns_ValueWithoutRemovedChars" />
    </UnitTest>
    <UnitTest name="ToDirectoryFindFilePath_Passing_ValidValueIntoSubDirectory_Returns_FilePath" storage="d:\sferrari\01_trabajo\repos\netcore\libs\template-netcore-shared\kitpymes.core.shared.tests\bin\debug\net7.0\kitpymes.core.shared.tests.dll" id="70f9b8f4-a5ba-4a88-8af1-a36bbbc0734a">
      <Execution id="d22fa5c5-e9a6-48da-b445-570ce7a848ad" />
      <TestMethod codeBase="D:\SFERRARI\01_TRABAJO\repos\netcore\libs\template-netcore-shared\Kitpymes.Core.Shared.Tests\bin\Debug\net7.0\Kitpymes.Core.Shared.Tests.dll" adapterTypeName="executor://mstestadapter/v2" className="Kitpymes.Core.Shared.Tests.StringExtensionsTests" name="ToDirectoryFindFilePath_Passing_ValidValueIntoSubDirectory_Returns_FilePath" />
    </UnitTest>
    <UnitTest name="ToReplace_Passing_ValidValue_Returns_ReplacedValue (aeiou,*,0,2,**iou)" storage="d:\sferrari\01_trabajo\repos\netcore\libs\template-netcore-shared\kitpymes.core.shared.tests\bin\debug\net7.0\kitpymes.core.shared.tests.dll" id="ef312f7c-a593-448d-9678-18dbaf3eef17">
      <Execution id="d8045cd8-43ac-4899-b78b-c44bd977017e" />
      <TestMethod codeBase="D:\SFERRARI\01_TRABAJO\repos\netcore\libs\template-netcore-shared\Kitpymes.Core.Shared.Tests\bin\Debug\net7.0\Kitpymes.Core.Shared.Tests.dll" adapterTypeName="executor://mstestadapter/v2" className="Kitpymes.Core.Shared.Tests.StringExtensionsTests" name="ToReplace_Passing_ValidValue_Returns_ReplacedValue" />
    </UnitTest>
    <UnitTest name="ToInt_Passing_InvalidValueString_Returns_DefaultValue (999999439293294392492349329493294)" storage="d:\sferrari\01_trabajo\repos\netcore\libs\template-netcore-shared\kitpymes.core.shared.tests\bin\debug\net7.0\kitpymes.core.shared.tests.dll" id="9357e6c1-38f3-422d-9997-2f1c6012234c">
      <Execution id="0d2bb3f6-8e3b-401f-9b92-e96c07788e1a" />
      <TestMethod codeBase="D:\SFERRARI\01_TRABAJO\repos\netcore\libs\template-netcore-shared\Kitpymes.Core.Shared.Tests\bin\Debug\net7.0\Kitpymes.Core.Shared.Tests.dll" adapterTypeName="executor://mstestadapter/v2" className="Kitpymes.Core.Shared.Tests.StringExtensionsTests" name="ToInt_Passing_InvalidValueString_Returns_DefaultValue" />
    </UnitTest>
    <UnitTest name="ToEnum_Passing_InvalidValueString_Returns_EnumDefaultValue" storage="d:\sferrari\01_trabajo\repos\netcore\libs\template-netcore-shared\kitpymes.core.shared.tests\bin\debug\net7.0\kitpymes.core.shared.tests.dll" id="d4dc1992-8d06-49db-a284-46bf3610a7df">
      <Execution id="886a0d60-7399-45ec-82b3-bd2a596c49d5" />
      <TestMethod codeBase="D:\SFERRARI\01_TRABAJO\repos\netcore\libs\template-netcore-shared\Kitpymes.Core.Shared.Tests\bin\Debug\net7.0\Kitpymes.Core.Shared.Tests.dll" adapterTypeName="executor://mstestadapter/v2" className="Kitpymes.Core.Shared.Tests.StringExtensionsTests" name="ToEnum_Passing_InvalidValueString_Returns_EnumDefaultValue" />
    </UnitTest>
    <UnitTest name="ToYesterday_Passing_DateTime_Returns_Yesterday_DateTime" storage="d:\sferrari\01_trabajo\repos\netcore\libs\template-netcore-shared\kitpymes.core.shared.tests\bin\debug\net7.0\kitpymes.core.shared.tests.dll" id="7a8d9b03-750f-481f-9fa3-f6dba4fbe2cf">
      <Execution id="9affde24-4317-45cf-a16c-9ba55711ecf4" />
      <TestMethod codeBase="D:\SFERRARI\01_TRABAJO\repos\netcore\libs\template-netcore-shared\Kitpymes.Core.Shared.Tests\bin\Debug\net7.0\Kitpymes.Core.Shared.Tests.dll" adapterTypeName="executor://mstestadapter/v2" className="Kitpymes.Core.Shared.Tests.DateTimeExtensionsTests" name="ToYesterday_Passing_DateTime_Returns_Yesterday_DateTime" />
    </UnitTest>
    <UnitTest name="ThrowIfInsideRange_Passing_InvalidValue_Returns_ApplicationException (3)" storage="d:\sferrari\01_trabajo\repos\netcore\libs\template-netcore-shared\kitpymes.core.shared.tests\bin\debug\net7.0\kitpymes.core.shared.tests.dll" id="0d4d1926-5ebe-46c7-8d51-73b39b1cc9c5">
      <Execution id="c4288f4d-b657-450a-9017-401d83ce881f" />
      <TestMethod codeBase="D:\SFERRARI\01_TRABAJO\repos\netcore\libs\template-netcore-shared\Kitpymes.Core.Shared.Tests\bin\Debug\net7.0\Kitpymes.Core.Shared.Tests.dll" adapterTypeName="executor://mstestadapter/v2" className="Kitpymes.Core.Shared.Tests.VerifyExtensionsTests" name="ThrowIfInsideRange_Passing_InvalidValue_Returns_ApplicationException" />
    </UnitTest>
    <UnitTest name="ToEmailMaskUserName_Passing_ValidEmail_Returns_EmailWithMask (qazwsx@gmailgmail.com,q****x@gmailgmail.com)" storage="d:\sferrari\01_trabajo\repos\netcore\libs\template-netcore-shared\kitpymes.core.shared.tests\bin\debug\net7.0\kitpymes.core.shared.tests.dll" id="463f9e7a-a79e-4b46-b4b9-4835c31fdd08">
      <Execution id="645edd94-c515-4dc7-8bf8-5c0efd9ee8ee" />
      <TestMethod codeBase="D:\SFERRARI\01_TRABAJO\repos\netcore\libs\template-netcore-shared\Kitpymes.Core.Shared.Tests\bin\Debug\net7.0\Kitpymes.Core.Shared.Tests.dll" adapterTypeName="executor://mstestadapter/v2" className="Kitpymes.Core.Shared.Tests.StringExtensionsTests" name="ToEmailMaskUserName_Passing_ValidEmail_Returns_EmailWithMask" />
    </UnitTest>
    <UnitTest name="ToUri_Passing_InvalidValueString_Returns_Null (http://??/)" storage="d:\sferrari\01_trabajo\repos\netcore\libs\template-netcore-shared\kitpymes.core.shared.tests\bin\debug\net7.0\kitpymes.core.shared.tests.dll" id="110c063e-a109-49a5-9ed2-9ef4fda711d6">
      <Execution id="db687fc6-5320-47eb-b205-0883bb364e1d" />
      <TestMethod codeBase="D:\SFERRARI\01_TRABAJO\repos\netcore\libs\template-netcore-shared\Kitpymes.Core.Shared.Tests\bin\Debug\net7.0\Kitpymes.Core.Shared.Tests.dll" adapterTypeName="executor://mstestadapter/v2" className="Kitpymes.Core.Shared.Tests.StringExtensionsTests" name="ToUri_Passing_InvalidValueString_Returns_Null" />
    </UnitTest>
    <UnitTest name="ResultBadRequest_WithErrors_Value" storage="d:\sferrari\01_trabajo\repos\netcore\libs\template-netcore-shared\kitpymes.core.shared.tests\bin\debug\net7.0\kitpymes.core.shared.tests.dll" id="d2bd2847-4b58-42af-ab0e-81accbd8dac2">
      <Execution id="a0a3f3ca-5018-442f-bea1-315a0d897f17" />
      <TestMethod codeBase="D:\SFERRARI\01_TRABAJO\repos\netcore\libs\template-netcore-shared\Kitpymes.Core.Shared.Tests\bin\Debug\net7.0\Kitpymes.Core.Shared.Tests.dll" adapterTypeName="executor://mstestadapter/v2" className="Kitpymes.Core.Shared.Tests.ResultTest" name="ResultBadRequest_WithErrors_Value" />
    </UnitTest>
    <UnitTest name="ToServiceMatchingClass_Passing_Valid_Assembly_And_Valid_Class_Returns_Service" storage="d:\sferrari\01_trabajo\repos\netcore\libs\template-netcore-shared\kitpymes.core.shared.tests\bin\debug\net7.0\kitpymes.core.shared.tests.dll" id="210652bc-0e42-47af-8428-e68d01cfbf56">
      <Execution id="5afabdd7-8765-4ef9-a4f6-4249b026bce8" />
      <TestMethod codeBase="D:\SFERRARI\01_TRABAJO\repos\netcore\libs\template-netcore-shared\Kitpymes.Core.Shared.Tests\bin\Debug\net7.0\Kitpymes.Core.Shared.Tests.dll" adapterTypeName="executor://mstestadapter/v2" className="Kitpymes.Core.Shared.Tests.ConfigurationBuilderExtensionsTests" name="ToServiceMatchingClass_Passing_Valid_Assembly_And_Valid_Class_Returns_Service" />
    </UnitTest>
    <UnitTest name="ToEmailMask_Passing_ValidEmail_Returns_EmailWithMask (qaz@gmail.com,q-z@g----.com)" storage="d:\sferrari\01_trabajo\repos\netcore\libs\template-netcore-shared\kitpymes.core.shared.tests\bin\debug\net7.0\kitpymes.core.shared.tests.dll" id="74a1ad00-13f7-464d-9067-f25a1061f9fc">
      <Execution id="9f2b22ed-2b43-4176-91f8-eeebfaa1bf62" />
      <TestMethod codeBase="D:\SFERRARI\01_TRABAJO\repos\netcore\libs\template-netcore-shared\Kitpymes.Core.Shared.Tests\bin\Debug\net7.0\Kitpymes.Core.Shared.Tests.dll" adapterTypeName="executor://mstestadapter/v2" className="Kitpymes.Core.Shared.Tests.StringExtensionsTests" name="ToEmailMask_Passing_ValidEmail_Returns_EmailWithMask" />
    </UnitTest>
    <UnitTest name="ToDefaultValue_Passing_ValidStruct_Returns_DefaultValue" storage="d:\sferrari\01_trabajo\repos\netcore\libs\template-netcore-shared\kitpymes.core.shared.tests\bin\debug\net7.0\kitpymes.core.shared.tests.dll" id="1001aec7-cf33-468c-b965-e5988f607fd8">
      <Execution id="8f6a77fd-5bcf-4b83-b533-691df0d0a846" />
      <TestMethod codeBase="D:\SFERRARI\01_TRABAJO\repos\netcore\libs\template-netcore-shared\Kitpymes.Core.Shared.Tests\bin\Debug\net7.0\Kitpymes.Core.Shared.Tests.dll" adapterTypeName="executor://mstestadapter/v2" className="Kitpymes.Core.Shared.Tests.TypeExtensionsTests" name="ToDefaultValue_Passing_ValidStruct_Returns_DefaultValue" />
    </UnitTest>
    <UnitTest name="ToEmailMaskUserNameAndDomain_Passing_ValidEmail_Returns_EmailWithMask (qazwsx@gmail.com,q****x@g***l.com)" storage="d:\sferrari\01_trabajo\repos\netcore\libs\template-netcore-shared\kitpymes.core.shared.tests\bin\debug\net7.0\kitpymes.core.shared.tests.dll" id="1e535c0d-8193-4ac0-b8cf-0759608f7d53">
      <Execution id="248daf1b-e060-4232-ba7b-e04973bec562" />
      <TestMethod codeBase="D:\SFERRARI\01_TRABAJO\repos\netcore\libs\template-netcore-shared\Kitpymes.Core.Shared.Tests\bin\Debug\net7.0\Kitpymes.Core.Shared.Tests.dll" adapterTypeName="executor://mstestadapter/v2" className="Kitpymes.Core.Shared.Tests.StringExtensionsTests" name="ToEmailMaskUserNameAndDomain_Passing_ValidEmail_Returns_EmailWithMask" />
    </UnitTest>
    <UnitTest name="ToFirstLetterUpper_Passing_ValidValue_Returns_StringWithFirstLetterUpper (Aeiou,Aeiou)" storage="d:\sferrari\01_trabajo\repos\netcore\libs\template-netcore-shared\kitpymes.core.shared.tests\bin\debug\net7.0\kitpymes.core.shared.tests.dll" id="b39ae586-08c2-4fbd-9b9c-631fc59d828b">
      <Execution id="26da66b6-ad47-44ed-b290-9d302d5504a0" />
      <TestMethod codeBase="D:\SFERRARI\01_TRABAJO\repos\netcore\libs\template-netcore-shared\Kitpymes.Core.Shared.Tests\bin\Debug\net7.0\Kitpymes.Core.Shared.Tests.dll" adapterTypeName="executor://mstestadapter/v2" className="Kitpymes.Core.Shared.Tests.StringExtensionsTests" name="ToFirstLetterUpper_Passing_ValidValue_Returns_StringWithFirstLetterUpper" />
    </UnitTest>
    <UnitTest name="ToNormalize_Passing_ValidValue_Returns_NormalizedValue (ç,c)" storage="d:\sferrari\01_trabajo\repos\netcore\libs\template-netcore-shared\kitpymes.core.shared.tests\bin\debug\net7.0\kitpymes.core.shared.tests.dll" id="8f7e0004-67ed-4387-9393-b0ac9c2a3e28">
      <Execution id="7396fc65-03e4-476d-95aa-efb42879da23" />
      <TestMethod codeBase="D:\SFERRARI\01_TRABAJO\repos\netcore\libs\template-netcore-shared\Kitpymes.Core.Shared.Tests\bin\Debug\net7.0\Kitpymes.Core.Shared.Tests.dll" adapterTypeName="executor://mstestadapter/v2" className="Kitpymes.Core.Shared.Tests.StringExtensionsTests" name="ToNormalize_Passing_ValidValue_Returns_NormalizedValue" />
    </UnitTest>
    <UnitTest name="ToUri_Passing_InvalidValueString_Returns_Null (http://##/)" storage="d:\sferrari\01_trabajo\repos\netcore\libs\template-netcore-shared\kitpymes.core.shared.tests\bin\debug\net7.0\kitpymes.core.shared.tests.dll" id="2a666b39-5d8d-4b66-9c5b-27b8d0bfe2bd">
      <Execution id="81671993-c675-4f0b-932f-a5991560c935" />
      <TestMethod codeBase="D:\SFERRARI\01_TRABAJO\repos\netcore\libs\template-netcore-shared\Kitpymes.Core.Shared.Tests\bin\Debug\net7.0\Kitpymes.Core.Shared.Tests.dll" adapterTypeName="executor://mstestadapter/v2" className="Kitpymes.Core.Shared.Tests.StringExtensionsTests" name="ToUri_Passing_InvalidValueString_Returns_Null" />
    </UnitTest>
    <UnitTest name="ToIsWeekend_Passing_Saturday_DateTime_Returns_True" storage="d:\sferrari\01_trabajo\repos\netcore\libs\template-netcore-shared\kitpymes.core.shared.tests\bin\debug\net7.0\kitpymes.core.shared.tests.dll" id="3c46dbc9-c919-431e-a614-21cee6d56f74">
      <Execution id="3375219e-1c9b-4527-84c9-e78010cb1ad6" />
      <TestMethod codeBase="D:\SFERRARI\01_TRABAJO\repos\netcore\libs\template-netcore-shared\Kitpymes.Core.Shared.Tests\bin\Debug\net7.0\Kitpymes.Core.Shared.Tests.dll" adapterTypeName="executor://mstestadapter/v2" className="Kitpymes.Core.Shared.Tests.DateTimeExtensionsTests" name="ToIsWeekend_Passing_Saturday_DateTime_Returns_True" />
    </UnitTest>
    <UnitTest name="ToUri_Passing_ValidValueString_Returns_Uri (http://foo.com/blah_blah?p=5&amp;j=fe)" storage="d:\sferrari\01_trabajo\repos\netcore\libs\template-netcore-shared\kitpymes.core.shared.tests\bin\debug\net7.0\kitpymes.core.shared.tests.dll" id="dcb14a92-79e4-4d18-96c2-9fbee2554d62">
      <Execution id="7466e56d-7025-4c25-afd6-6e648da0850c" />
      <TestMethod codeBase="D:\SFERRARI\01_TRABAJO\repos\netcore\libs\template-netcore-shared\Kitpymes.Core.Shared.Tests\bin\Debug\net7.0\Kitpymes.Core.Shared.Tests.dll" adapterTypeName="executor://mstestadapter/v2" className="Kitpymes.Core.Shared.Tests.StringExtensionsTests" name="ToUri_Passing_ValidValueString_Returns_Uri" />
    </UnitTest>
    <UnitTest name="ToRemove_Passing_ValidValue_Returns_ValueWithoutRemovedChars (aeiou,aeiou,)" storage="d:\sferrari\01_trabajo\repos\netcore\libs\template-netcore-shared\kitpymes.core.shared.tests\bin\debug\net7.0\kitpymes.core.shared.tests.dll" id="fca91e59-2359-497b-bd2f-74d2f5f4e5bb">
      <Execution id="7fc8fcc8-8f6b-4750-afe1-2d665fcc5490" />
      <TestMethod codeBase="D:\SFERRARI\01_TRABAJO\repos\netcore\libs\template-netcore-shared\Kitpymes.Core.Shared.Tests\bin\Debug\net7.0\Kitpymes.Core.Shared.Tests.dll" adapterTypeName="executor://mstestadapter/v2" className="Kitpymes.Core.Shared.Tests.StringExtensionsTests" name="ToRemove_Passing_ValidValue_Returns_ValueWithoutRemovedChars" />
    </UnitTest>
    <UnitTest name="IsNullOrEmpty_Passing_InvalidValue_Returns_True" storage="d:\sferrari\01_trabajo\repos\netcore\libs\template-netcore-shared\kitpymes.core.shared.tests\bin\debug\net7.0\kitpymes.core.shared.tests.dll" id="3e081184-2879-4f28-93e6-72ad7dcedc3a">
      <Execution id="0ce92c66-7b6f-4b71-91d1-c5fc87dcec5c" />
      <TestMethod codeBase="D:\SFERRARI\01_TRABAJO\repos\netcore\libs\template-netcore-shared\Kitpymes.Core.Shared.Tests\bin\Debug\net7.0\Kitpymes.Core.Shared.Tests.dll" adapterTypeName="executor://mstestadapter/v2" className="Kitpymes.Core.Shared.Tests.VerifyExtensionsTests" name="IsNullOrEmpty_Passing_InvalidValue_Returns_True" />
    </UnitTest>
    <UnitTest name="ToMapList_Passing_Source_Type_And_Destination_Type_Returns_Destination_Object_List" storage="d:\sferrari\01_trabajo\repos\netcore\libs\template-netcore-shared\kitpymes.core.shared.tests\bin\debug\net7.0\kitpymes.core.shared.tests.dll" id="d1b95db5-3f2b-4b9c-b343-1d16115aa988">
      <Execution id="e8ccc11e-6614-4192-aa3c-39a40bae2dfa" />
      <TestMethod codeBase="D:\SFERRARI\01_TRABAJO\repos\netcore\libs\template-netcore-shared\Kitpymes.Core.Shared.Tests\bin\Debug\net7.0\Kitpymes.Core.Shared.Tests.dll" adapterTypeName="executor://mstestadapter/v2" className="Kitpymes.Core.Shared.Tests.AgileMapperExtensionsTests" name="ToMapList_Passing_Source_Type_And_Destination_Type_Returns_Destination_Object_List" />
    </UnitTest>
    <UnitTest name="ToEmailMaskUserNameAndDomainAndExtension_Passing_ValidEmail_Returns_EmailWithMask (qazwsxedc@gmailgmail.com,q*******c@g********l.c*m)" storage="d:\sferrari\01_trabajo\repos\netcore\libs\template-netcore-shared\kitpymes.core.shared.tests\bin\debug\net7.0\kitpymes.core.shared.tests.dll" id="27477ccf-8cd5-4455-9519-5250034a258d">
      <Execution id="619af410-1851-4cc7-b83d-33799bf0c5bb" />
      <TestMethod codeBase="D:\SFERRARI\01_TRABAJO\repos\netcore\libs\template-netcore-shared\Kitpymes.Core.Shared.Tests\bin\Debug\net7.0\Kitpymes.Core.Shared.Tests.dll" adapterTypeName="executor://mstestadapter/v2" className="Kitpymes.Core.Shared.Tests.StringExtensionsTests" name="ToEmailMaskUserNameAndDomainAndExtension_Passing_ValidEmail_Returns_EmailWithMask" />
    </UnitTest>
    <UnitTest name="ToNormalize_Passing_ValidValue_Returns_NormalizedValue (èéëê,eeee)" storage="d:\sferrari\01_trabajo\repos\netcore\libs\template-netcore-shared\kitpymes.core.shared.tests\bin\debug\net7.0\kitpymes.core.shared.tests.dll" id="5a44cc03-9576-4494-afa9-9272aaeb3eba">
      <Execution id="28a655f1-f7fe-46c1-ad84-05978c26801c" />
      <TestMethod codeBase="D:\SFERRARI\01_TRABAJO\repos\netcore\libs\template-netcore-shared\Kitpymes.Core.Shared.Tests\bin\Debug\net7.0\Kitpymes.Core.Shared.Tests.dll" adapterTypeName="executor://mstestadapter/v2" className="Kitpymes.Core.Shared.Tests.StringExtensionsTests" name="ToNormalize_Passing_ValidValue_Returns_NormalizedValue" />
    </UnitTest>
    <UnitTest name="ToUri_Passing_ValidValueString_Returns_Uri (http://userid:password@example.com:8080)" storage="d:\sferrari\01_trabajo\repos\netcore\libs\template-netcore-shared\kitpymes.core.shared.tests\bin\debug\net7.0\kitpymes.core.shared.tests.dll" id="2ee28a4c-c577-4bdf-bc26-7090ab5ff15f">
      <Execution id="3a641d1c-1cc8-4a83-95c0-658b643ba19e" />
      <TestMethod codeBase="D:\SFERRARI\01_TRABAJO\repos\netcore\libs\template-netcore-shared\Kitpymes.Core.Shared.Tests\bin\Debug\net7.0\Kitpymes.Core.Shared.Tests.dll" adapterTypeName="executor://mstestadapter/v2" className="Kitpymes.Core.Shared.Tests.StringExtensionsTests" name="ToUri_Passing_ValidValueString_Returns_Uri" />
    </UnitTest>
    <UnitTest name="CreateRandom_WithCustomAllowableCharacters_Passing_Valid_Arguments_Returns_String_Random_Value (10,7890ABFLFLFFL)" storage="d:\sferrari\01_trabajo\repos\netcore\libs\template-netcore-shared\kitpymes.core.shared.tests\bin\debug\net7.0\kitpymes.core.shared.tests.dll" id="aba25a20-320e-454e-8271-0c923a0aee8b">
      <Execution id="4ba7b867-89ff-4976-8246-8f041aa34668" />
      <TestMethod codeBase="D:\SFERRARI\01_TRABAJO\repos\netcore\libs\template-netcore-shared\Kitpymes.Core.Shared.Tests\bin\Debug\net7.0\Kitpymes.Core.Shared.Tests.dll" adapterTypeName="executor://mstestadapter/v2" className="Kitpymes.Core.Shared.Tests.HashTests" name="CreateRandom_WithCustomAllowableCharacters_Passing_Valid_Arguments_Returns_String_Random_Value" />
    </UnitTest>
    <UnitTest name="ToIsLastDayOfTheMonth_Passing_NotLastDayOfMonth_Returns_False" storage="d:\sferrari\01_trabajo\repos\netcore\libs\template-netcore-shared\kitpymes.core.shared.tests\bin\debug\net7.0\kitpymes.core.shared.tests.dll" id="5a3da0d4-820d-4346-b496-7b4c370b6ae0">
      <Execution id="87893cc2-5a63-410d-b5cd-35acfc17792f" />
      <TestMethod codeBase="D:\SFERRARI\01_TRABAJO\repos\netcore\libs\template-netcore-shared\Kitpymes.Core.Shared.Tests\bin\Debug\net7.0\Kitpymes.Core.Shared.Tests.dll" adapterTypeName="executor://mstestadapter/v2" className="Kitpymes.Core.Shared.Tests.DateTimeExtensionsTests" name="ToIsLastDayOfTheMonth_Passing_NotLastDayOfMonth_Returns_False" />
    </UnitTest>
    <UnitTest name="ToDirectoryDeleteFiles_Passing_ValidValue_Returns_DirectoryNoExists" storage="d:\sferrari\01_trabajo\repos\netcore\libs\template-netcore-shared\kitpymes.core.shared.tests\bin\debug\net7.0\kitpymes.core.shared.tests.dll" id="7998b751-571e-4e8a-8071-4edd4a0848bc">
      <Execution id="df1e20a2-5f59-4895-b030-d50f706236d7" />
      <TestMethod codeBase="D:\SFERRARI\01_TRABAJO\repos\netcore\libs\template-netcore-shared\Kitpymes.Core.Shared.Tests\bin\Debug\net7.0\Kitpymes.Core.Shared.Tests.dll" adapterTypeName="executor://mstestadapter/v2" className="Kitpymes.Core.Shared.Tests.StringExtensionsTests" name="ToDirectoryDeleteFiles_Passing_ValidValue_Returns_DirectoryNoExists" />
    </UnitTest>
    <UnitTest name="ThrowIfNotEmail_Passing_InvalidValue_Returns_ApplicationExceptionWithMessage ()" storage="d:\sferrari\01_trabajo\repos\netcore\libs\template-netcore-shared\kitpymes.core.shared.tests\bin\debug\net7.0\kitpymes.core.shared.tests.dll" id="9509333e-c62d-4ddf-8d59-674a91d4b43e">
      <Execution id="65c42f2f-c092-49f5-b52a-454b22a5c44a" />
      <TestMethod codeBase="D:\SFERRARI\01_TRABAJO\repos\netcore\libs\template-netcore-shared\Kitpymes.Core.Shared.Tests\bin\Debug\net7.0\Kitpymes.Core.Shared.Tests.dll" adapterTypeName="executor://mstestadapter/v2" className="Kitpymes.Core.Shared.Tests.VerifyExtensionsTests" name="ThrowIfNotEmail_Passing_InvalidValue_Returns_ApplicationExceptionWithMessage" />
    </UnitTest>
    <UnitTest name="ToUri_Passing_ValidValueString_Returns_Uri (http://userid@example.com:8080/)" storage="d:\sferrari\01_trabajo\repos\netcore\libs\template-netcore-shared\kitpymes.core.shared.tests\bin\debug\net7.0\kitpymes.core.shared.tests.dll" id="5cb103df-6859-4d49-b81c-679b137d44bb">
      <Execution id="c500b2fa-44bd-48d1-8d83-7edb48a2d1ff" />
      <TestMethod codeBase="D:\SFERRARI\01_TRABAJO\repos\netcore\libs\template-netcore-shared\Kitpymes.Core.Shared.Tests\bin\Debug\net7.0\Kitpymes.Core.Shared.Tests.dll" adapterTypeName="executor://mstestadapter/v2" className="Kitpymes.Core.Shared.Tests.StringExtensionsTests" name="ToUri_Passing_ValidValueString_Returns_Uri" />
    </UnitTest>
    <UnitTest name="ToPaged_Passing_Name_Ascending_Order_Returns_Filter_List" storage="d:\sferrari\01_trabajo\repos\netcore\libs\template-netcore-shared\kitpymes.core.shared.tests\bin\debug\net7.0\kitpymes.core.shared.tests.dll" id="39e0fed0-8254-4c30-bee3-5d1dcbb65946">
      <Execution id="75f99670-3f8d-4e3b-a269-ea1754fbbca9" />
      <TestMethod codeBase="D:\SFERRARI\01_TRABAJO\repos\netcore\libs\template-netcore-shared\Kitpymes.Core.Shared.Tests\bin\Debug\net7.0\Kitpymes.Core.Shared.Tests.dll" adapterTypeName="executor://mstestadapter/v2" className="Kitpymes.Core.Shared.Tests.QueryableExtensionsTests" name="ToPaged_Passing_Name_Ascending_Order_Returns_Filter_List" />
    </UnitTest>
    <UnitTest name="ToFullMessage_Passing_ExceptionWithMessage_Returns_Message" storage="d:\sferrari\01_trabajo\repos\netcore\libs\template-netcore-shared\kitpymes.core.shared.tests\bin\debug\net7.0\kitpymes.core.shared.tests.dll" id="cfbb468b-45b6-4a2e-bab2-43a5eaddebde">
      <Execution id="86994b72-c28f-4155-a395-9ed8e9c40a5b" />
      <TestMethod codeBase="D:\SFERRARI\01_TRABAJO\repos\netcore\libs\template-netcore-shared\Kitpymes.Core.Shared.Tests\bin\Debug\net7.0\Kitpymes.Core.Shared.Tests.dll" adapterTypeName="executor://mstestadapter/v2" className="Kitpymes.Core.Shared.Tests.ExceptionExtensionsTests" name="ToFullMessage_Passing_ExceptionWithMessage_Returns_Message" />
    </UnitTest>
    <UnitTest name="ToValues_Passing_ValidEnumType_Returns_ValuesListString" storage="d:\sferrari\01_trabajo\repos\netcore\libs\template-netcore-shared\kitpymes.core.shared.tests\bin\debug\net7.0\kitpymes.core.shared.tests.dll" id="cc722792-2e5e-41ed-865d-d8c3e6d35e7b">
      <Execution id="babc95d7-0684-4dd1-937a-5e7985e0bf1c" />
      <TestMethod codeBase="D:\SFERRARI\01_TRABAJO\repos\netcore\libs\template-netcore-shared\Kitpymes.Core.Shared.Tests\bin\Debug\net7.0\Kitpymes.Core.Shared.Tests.dll" adapterTypeName="executor://mstestadapter/v2" className="Kitpymes.Core.Shared.Tests.EnumsTests" name="ToValues_Passing_ValidEnumType_Returns_ValuesListString" />
    </UnitTest>
    <UnitTest name="ThrowIfOutRange_Passing_InvalidValue_Returns_ApplicationException (-1)" storage="d:\sferrari\01_trabajo\repos\netcore\libs\template-netcore-shared\kitpymes.core.shared.tests\bin\debug\net7.0\kitpymes.core.shared.tests.dll" id="2ae06bdb-17b3-4506-951a-ed069de492b7">
      <Execution id="bb400def-20fe-4589-bbff-d88921a42ea9" />
      <TestMethod codeBase="D:\SFERRARI\01_TRABAJO\repos\netcore\libs\template-netcore-shared\Kitpymes.Core.Shared.Tests\bin\Debug\net7.0\Kitpymes.Core.Shared.Tests.dll" adapterTypeName="executor://mstestadapter/v2" className="Kitpymes.Core.Shared.Tests.VerifyExtensionsTests" name="ThrowIfOutRange_Passing_InvalidValue_Returns_ApplicationException" />
    </UnitTest>
    <UnitTest name="ResultOkData_WithData" storage="d:\sferrari\01_trabajo\repos\netcore\libs\template-netcore-shared\kitpymes.core.shared.tests\bin\debug\net7.0\kitpymes.core.shared.tests.dll" id="b20d02fc-153b-42eb-8e8e-8d364f215dea">
      <Execution id="77129a29-3783-48b7-9b0c-3ee4362cf9dc" />
      <TestMethod codeBase="D:\SFERRARI\01_TRABAJO\repos\netcore\libs\template-netcore-shared\Kitpymes.Core.Shared.Tests\bin\Debug\net7.0\Kitpymes.Core.Shared.Tests.dll" adapterTypeName="executor://mstestadapter/v2" className="Kitpymes.Core.Shared.Tests.ResultTest" name="ResultOkData_WithData" />
    </UnitTest>
    <UnitTest name="CreateAndVerifySHA512_Passing_Valid_Arguments_Returns_True (HashTests)" storage="d:\sferrari\01_trabajo\repos\netcore\libs\template-netcore-shared\kitpymes.core.shared.tests\bin\debug\net7.0\kitpymes.core.shared.tests.dll" id="0806096a-924f-4629-9595-0303fca860e1">
      <Execution id="2c1e51c7-6252-44dc-8896-e5727a9cd6f0" />
      <TestMethod codeBase="D:\SFERRARI\01_TRABAJO\repos\netcore\libs\template-netcore-shared\Kitpymes.Core.Shared.Tests\bin\Debug\net7.0\Kitpymes.Core.Shared.Tests.dll" adapterTypeName="executor://mstestadapter/v2" className="Kitpymes.Core.Shared.Tests.HashTests" name="CreateAndVerifySHA512_Passing_Valid_Arguments_Returns_True" />
    </UnitTest>
    <UnitTest name="ToStringFormat_Passing_ValidValue_Returns_ValueWithoutRemovedChars (1)" storage="d:\sferrari\01_trabajo\repos\netcore\libs\template-netcore-shared\kitpymes.core.shared.tests\bin\debug\net7.0\kitpymes.core.shared.tests.dll" id="7ca66143-f92e-4823-aa66-91136b1c9160">
      <Execution id="73b8c181-0bb8-47f2-b40a-d2ab2e666c78" />
      <TestMethod codeBase="D:\SFERRARI\01_TRABAJO\repos\netcore\libs\template-netcore-shared\Kitpymes.Core.Shared.Tests\bin\Debug\net7.0\Kitpymes.Core.Shared.Tests.dll" adapterTypeName="executor://mstestadapter/v2" className="Kitpymes.Core.Shared.Tests.IntegerExtensionsTests" name="ToStringFormat_Passing_ValidValue_Returns_ValueWithoutRemovedChars" />
    </UnitTest>
    <UnitTest name="ToContentType_Passing_ValidValueString_Returns_ContentType (xxxx.txt,text/plain)" storage="d:\sferrari\01_trabajo\repos\netcore\libs\template-netcore-shared\kitpymes.core.shared.tests\bin\debug\net7.0\kitpymes.core.shared.tests.dll" id="558694a0-94a8-4231-9c17-8c5849415413">
      <Execution id="21269106-c90e-475b-be2a-abd0a838ff77" />
      <TestMethod codeBase="D:\SFERRARI\01_TRABAJO\repos\netcore\libs\template-netcore-shared\Kitpymes.Core.Shared.Tests\bin\Debug\net7.0\Kitpymes.Core.Shared.Tests.dll" adapterTypeName="executor://mstestadapter/v2" className="Kitpymes.Core.Shared.Tests.StringExtensionsTests" name="ToContentType_Passing_ValidValueString_Returns_ContentType" />
    </UnitTest>
    <UnitTest name="ToEmailMaskUserNameAndDomain_Passing_ValidEmail_Returns_EmailWithMask (qazwsxedc@gmailgmail.com,q*******c@g********l.com)" storage="d:\sferrari\01_trabajo\repos\netcore\libs\template-netcore-shared\kitpymes.core.shared.tests\bin\debug\net7.0\kitpymes.core.shared.tests.dll" id="949f6d62-784a-4ae4-a2bc-6971513c59f2">
      <Execution id="73ace1bf-ed01-4d1c-adde-3bfbc4accce7" />
      <TestMethod codeBase="D:\SFERRARI\01_TRABAJO\repos\netcore\libs\template-netcore-shared\Kitpymes.Core.Shared.Tests\bin\Debug\net7.0\Kitpymes.Core.Shared.Tests.dll" adapterTypeName="executor://mstestadapter/v2" className="Kitpymes.Core.Shared.Tests.StringExtensionsTests" name="ToEmailMaskUserNameAndDomain_Passing_ValidEmail_Returns_EmailWithMask" />
    </UnitTest>
    <UnitTest name="ResultOkData_WithData_WithMessage_WithDetails" storage="d:\sferrari\01_trabajo\repos\netcore\libs\template-netcore-shared\kitpymes.core.shared.tests\bin\debug\net7.0\kitpymes.core.shared.tests.dll" id="4440c9ac-6dc3-4da9-9828-433a6bccaf46">
      <Execution id="ab25ed3c-2637-4b2d-be90-1ebe709535d5" />
      <TestMethod codeBase="D:\SFERRARI\01_TRABAJO\repos\netcore\libs\template-netcore-shared\Kitpymes.Core.Shared.Tests\bin\Debug\net7.0\Kitpymes.Core.Shared.Tests.dll" adapterTypeName="executor://mstestadapter/v2" className="Kitpymes.Core.Shared.Tests.ResultTest" name="ResultOkData_WithData_WithMessage_WithDetails" />
    </UnitTest>
    <UnitTest name="ResultDataBadRequest_WithErrors_Value" storage="d:\sferrari\01_trabajo\repos\netcore\libs\template-netcore-shared\kitpymes.core.shared.tests\bin\debug\net7.0\kitpymes.core.shared.tests.dll" id="d31c82dc-7fad-4838-a5f0-d752a14c70fc">
      <Execution id="98dddfcc-42c2-427a-9c72-c9eee67814ec" />
      <TestMethod codeBase="D:\SFERRARI\01_TRABAJO\repos\netcore\libs\template-netcore-shared\Kitpymes.Core.Shared.Tests\bin\Debug\net7.0\Kitpymes.Core.Shared.Tests.dll" adapterTypeName="executor://mstestadapter/v2" className="Kitpymes.Core.Shared.Tests.ResultTest" name="ResultDataBadRequest_WithErrors_Value" />
    </UnitTest>
    <UnitTest name="ToPaged_Passing_Age_Descending_Order_Returns_Filter_List" storage="d:\sferrari\01_trabajo\repos\netcore\libs\template-netcore-shared\kitpymes.core.shared.tests\bin\debug\net7.0\kitpymes.core.shared.tests.dll" id="4bce127c-e1e9-4679-8c70-5c26bb84ebc5">
      <Execution id="29615821-c314-4611-adf3-7fcc25a83ed4" />
      <TestMethod codeBase="D:\SFERRARI\01_TRABAJO\repos\netcore\libs\template-netcore-shared\Kitpymes.Core.Shared.Tests\bin\Debug\net7.0\Kitpymes.Core.Shared.Tests.dll" adapterTypeName="executor://mstestadapter/v2" className="Kitpymes.Core.Shared.Tests.QueryableExtensionsTests" name="ToPaged_Passing_Age_Descending_Order_Returns_Filter_List" />
    </UnitTest>
    <UnitTest name="ToAssembly_Passing_ValidValueAssemblyString_Returns_Assembly" storage="d:\sferrari\01_trabajo\repos\netcore\libs\template-netcore-shared\kitpymes.core.shared.tests\bin\debug\net7.0\kitpymes.core.shared.tests.dll" id="b01118ef-e06f-4c2e-972c-eaa70b130aad">
      <Execution id="180e7ef5-fb8f-417f-b5a6-611aa80c47f6" />
      <TestMethod codeBase="D:\SFERRARI\01_TRABAJO\repos\netcore\libs\template-netcore-shared\Kitpymes.Core.Shared.Tests\bin\Debug\net7.0\Kitpymes.Core.Shared.Tests.dll" adapterTypeName="executor://mstestadapter/v2" className="Kitpymes.Core.Shared.Tests.StringExtensionsTests" name="ToAssembly_Passing_ValidValueAssemblyString_Returns_Assembly" />
    </UnitTest>
    <UnitTest name="ResultDataBadRequest_WithErrors_KeyValue" storage="d:\sferrari\01_trabajo\repos\netcore\libs\template-netcore-shared\kitpymes.core.shared.tests\bin\debug\net7.0\kitpymes.core.shared.tests.dll" id="5579ea89-27d7-4da1-be2d-0e4520a2a1e9">
      <Execution id="2780fb77-7db9-4668-9361-63a558fb0140" />
      <TestMethod codeBase="D:\SFERRARI\01_TRABAJO\repos\netcore\libs\template-netcore-shared\Kitpymes.Core.Shared.Tests\bin\Debug\net7.0\Kitpymes.Core.Shared.Tests.dll" adapterTypeName="executor://mstestadapter/v2" className="Kitpymes.Core.Shared.Tests.ResultTest" name="ResultDataBadRequest_WithErrors_KeyValue" />
    </UnitTest>
    <UnitTest name="ToEmailMaskUserNameAndDomain_Passing_ValidEmail_Returns_EmailWithMask (qazwsxedc@gmail.com,q*******c@g***l.com)" storage="d:\sferrari\01_trabajo\repos\netcore\libs\template-netcore-shared\kitpymes.core.shared.tests\bin\debug\net7.0\kitpymes.core.shared.tests.dll" id="8da114ee-1d46-43f0-8fda-c767725ba08f">
      <Execution id="b52cf3d4-8bb1-4dd0-a50b-e0708d3cebeb" />
      <TestMethod codeBase="D:\SFERRARI\01_TRABAJO\repos\netcore\libs\template-netcore-shared\Kitpymes.Core.Shared.Tests\bin\Debug\net7.0\Kitpymes.Core.Shared.Tests.dll" adapterTypeName="executor://mstestadapter/v2" className="Kitpymes.Core.Shared.Tests.StringExtensionsTests" name="ToEmailMaskUserNameAndDomain_Passing_ValidEmail_Returns_EmailWithMask" />
    </UnitTest>
    <UnitTest name="ToUri_Passing_ValidValueString_Returns_Uri (http://foo.com/blah_blah/)" storage="d:\sferrari\01_trabajo\repos\netcore\libs\template-netcore-shared\kitpymes.core.shared.tests\bin\debug\net7.0\kitpymes.core.shared.tests.dll" id="a06121a4-ab58-47f7-b555-e59663779704">
      <Execution id="e370142d-a62d-47b5-a938-e622615b6e7c" />
      <TestMethod codeBase="D:\SFERRARI\01_TRABAJO\repos\netcore\libs\template-netcore-shared\Kitpymes.Core.Shared.Tests\bin\Debug\net7.0\Kitpymes.Core.Shared.Tests.dll" adapterTypeName="executor://mstestadapter/v2" className="Kitpymes.Core.Shared.Tests.StringExtensionsTests" name="ToUri_Passing_ValidValueString_Returns_Uri" />
    </UnitTest>
    <UnitTest name="ToUri_Passing_ValidValueString_Returns_Uri (http://userid:password@example.com)" storage="d:\sferrari\01_trabajo\repos\netcore\libs\template-netcore-shared\kitpymes.core.shared.tests\bin\debug\net7.0\kitpymes.core.shared.tests.dll" id="4d197e95-e515-4dec-8fd9-7dc100aee792">
      <Execution id="dc835b07-a5ed-4679-9505-aac064bd0ae8" />
      <TestMethod codeBase="D:\SFERRARI\01_TRABAJO\repos\netcore\libs\template-netcore-shared\Kitpymes.Core.Shared.Tests\bin\Debug\net7.0\Kitpymes.Core.Shared.Tests.dll" adapterTypeName="executor://mstestadapter/v2" className="Kitpymes.Core.Shared.Tests.StringExtensionsTests" name="ToUri_Passing_ValidValueString_Returns_Uri" />
    </UnitTest>
    <UnitTest name="ToNormalize_Passing_ValidValue_Returns_NormalizedValue (Strømsgodset,Stromsgodset)" storage="d:\sferrari\01_trabajo\repos\netcore\libs\template-netcore-shared\kitpymes.core.shared.tests\bin\debug\net7.0\kitpymes.core.shared.tests.dll" id="305b1f52-326d-4c1a-b422-e0eaa59d69cd">
      <Execution id="6477f0c9-71b8-49ab-9b53-048a284ed778" />
      <TestMethod codeBase="D:\SFERRARI\01_TRABAJO\repos\netcore\libs\template-netcore-shared\Kitpymes.Core.Shared.Tests\bin\Debug\net7.0\Kitpymes.Core.Shared.Tests.dll" adapterTypeName="executor://mstestadapter/v2" className="Kitpymes.Core.Shared.Tests.StringExtensionsTests" name="ToNormalize_Passing_ValidValue_Returns_NormalizedValue" />
    </UnitTest>
    <UnitTest name="ToGetAll_Passing_Claims_Returns_Claim_Value_Object_List" storage="d:\sferrari\01_trabajo\repos\netcore\libs\template-netcore-shared\kitpymes.core.shared.tests\bin\debug\net7.0\kitpymes.core.shared.tests.dll" id="d60b75ed-be24-4b0f-858f-cfb6113da881">
      <Execution id="91a739d9-8908-4f7e-914c-384176ae97b2" />
      <TestMethod codeBase="D:\SFERRARI\01_TRABAJO\repos\netcore\libs\template-netcore-shared\Kitpymes.Core.Shared.Tests\bin\Debug\net7.0\Kitpymes.Core.Shared.Tests.dll" adapterTypeName="executor://mstestadapter/v2" className="Kitpymes.Core.Shared.Tests.ClaimsPrincipalExtensionsTests" name="ToGetAll_Passing_Claims_Returns_Claim_Value_Object_List" />
    </UnitTest>
    <UnitTest name="ToFormat_Passing_ValidTimeSpanValue_Returns_ValueWithFormatString" storage="d:\sferrari\01_trabajo\repos\netcore\libs\template-netcore-shared\kitpymes.core.shared.tests\bin\debug\net7.0\kitpymes.core.shared.tests.dll" id="3b3dc756-0b96-4934-8a4d-779f45f13554">
      <Execution id="06aac0d1-3555-4571-b0a7-5cbcaf7c62df" />
      <TestMethod codeBase="D:\SFERRARI\01_TRABAJO\repos\netcore\libs\template-netcore-shared\Kitpymes.Core.Shared.Tests\bin\Debug\net7.0\Kitpymes.Core.Shared.Tests.dll" adapterTypeName="executor://mstestadapter/v2" className="Kitpymes.Core.Shared.Tests.TimeSpanExtensionsTests" name="ToFormat_Passing_ValidTimeSpanValue_Returns_ValueWithFormatString" />
    </UnitTest>
    <UnitTest name="CreateRandom_WithDefaultAllowableCharacters_Passing_ValidArguments_Returns_String_Random_Value (20)" storage="d:\sferrari\01_trabajo\repos\netcore\libs\template-netcore-shared\kitpymes.core.shared.tests\bin\debug\net7.0\kitpymes.core.shared.tests.dll" id="45258798-676f-4f72-bbc6-c665afaecf9f">
      <Execution id="b24749c3-35a8-43cb-ba54-fb609f7934d3" />
      <TestMethod codeBase="D:\SFERRARI\01_TRABAJO\repos\netcore\libs\template-netcore-shared\Kitpymes.Core.Shared.Tests\bin\Debug\net7.0\Kitpymes.Core.Shared.Tests.dll" adapterTypeName="executor://mstestadapter/v2" className="Kitpymes.Core.Shared.Tests.HashTests" name="CreateRandom_WithDefaultAllowableCharacters_Passing_ValidArguments_Returns_String_Random_Value" />
    </UnitTest>
    <UnitTest name="ToUri_Passing_InvalidValueString_Returns_Null (http://.)" storage="d:\sferrari\01_trabajo\repos\netcore\libs\template-netcore-shared\kitpymes.core.shared.tests\bin\debug\net7.0\kitpymes.core.shared.tests.dll" id="725bac92-9eb3-45b0-9e7e-85aed72f692f">
      <Execution id="05613ff0-76a6-4a71-8468-8d00129d5c4e" />
      <TestMethod codeBase="D:\SFERRARI\01_TRABAJO\repos\netcore\libs\template-netcore-shared\Kitpymes.Core.Shared.Tests\bin\Debug\net7.0\Kitpymes.Core.Shared.Tests.dll" adapterTypeName="executor://mstestadapter/v2" className="Kitpymes.Core.Shared.Tests.StringExtensionsTests" name="ToUri_Passing_InvalidValueString_Returns_Null" />
    </UnitTest>
    <UnitTest name="ToEmailMaskUserNameAndDomainAndExtension_Passing_ValidEmail_Returns_EmailWithMask (qaz@gmailgmail.com,q*z@g********l.c*m)" storage="d:\sferrari\01_trabajo\repos\netcore\libs\template-netcore-shared\kitpymes.core.shared.tests\bin\debug\net7.0\kitpymes.core.shared.tests.dll" id="344f5916-873a-4888-a59f-466a935b18d9">
      <Execution id="d94c7d4f-f977-4100-9732-d3f0e5b43416" />
      <TestMethod codeBase="D:\SFERRARI\01_TRABAJO\repos\netcore\libs\template-netcore-shared\Kitpymes.Core.Shared.Tests\bin\Debug\net7.0\Kitpymes.Core.Shared.Tests.dll" adapterTypeName="executor://mstestadapter/v2" className="Kitpymes.Core.Shared.Tests.StringExtensionsTests" name="ToEmailMaskUserNameAndDomainAndExtension_Passing_ValidEmail_Returns_EmailWithMask" />
    </UnitTest>
    <UnitTest name="ToDirectorySaveFileAsync_Passing_ValidValue_Returns_False" storage="d:\sferrari\01_trabajo\repos\netcore\libs\template-netcore-shared\kitpymes.core.shared.tests\bin\debug\net7.0\kitpymes.core.shared.tests.dll" id="b6cb22fb-4eef-42fe-9964-c456a1c74113">
      <Execution id="4d844398-7edd-43c5-aa2f-27789487a668" />
      <TestMethod codeBase="D:\SFERRARI\01_TRABAJO\repos\netcore\libs\template-netcore-shared\Kitpymes.Core.Shared.Tests\bin\Debug\net7.0\Kitpymes.Core.Shared.Tests.dll" adapterTypeName="executor://mstestadapter/v2" className="Kitpymes.Core.Shared.Tests.StringExtensionsTests" name="ToDirectorySaveFileAsync_Passing_ValidValue_Returns_False" />
    </UnitTest>
    <UnitTest name="ToInt_Passing_Enumeration_Name_Returns_Description_Atributte" storage="d:\sferrari\01_trabajo\repos\netcore\libs\template-netcore-shared\kitpymes.core.shared.tests\bin\debug\net7.0\kitpymes.core.shared.tests.dll" id="0e1305e1-f6aa-4e8a-8761-47d4c0a92ee0">
      <Execution id="87702888-4566-41c8-8bb7-2508db92922d" />
      <TestMethod codeBase="D:\SFERRARI\01_TRABAJO\repos\netcore\libs\template-netcore-shared\Kitpymes.Core.Shared.Tests\bin\Debug\net7.0\Kitpymes.Core.Shared.Tests.dll" adapterTypeName="executor://mstestadapter/v2" className="Kitpymes.Core.Shared.Tests.EnumExtensionsTests" name="ToInt_Passing_Enumeration_Name_Returns_Description_Atributte" />
    </UnitTest>
    <UnitTest name="ToUri_Passing_InvalidValueString_Returns_DefaultValue (http://)" storage="d:\sferrari\01_trabajo\repos\netcore\libs\template-netcore-shared\kitpymes.core.shared.tests\bin\debug\net7.0\kitpymes.core.shared.tests.dll" id="37dde3e6-de18-4914-9db2-b95f05053122">
      <Execution id="51163fd7-9f9d-402f-a09a-3b5f9873cdf3" />
      <TestMethod codeBase="D:\SFERRARI\01_TRABAJO\repos\netcore\libs\template-netcore-shared\Kitpymes.Core.Shared.Tests\bin\Debug\net7.0\Kitpymes.Core.Shared.Tests.dll" adapterTypeName="executor://mstestadapter/v2" className="Kitpymes.Core.Shared.Tests.StringExtensionsTests" name="ToUri_Passing_InvalidValueString_Returns_DefaultValue" />
    </UnitTest>
    <UnitTest name="ToDefaultValue_Passing_ValidString_Returns_DefaultValue" storage="d:\sferrari\01_trabajo\repos\netcore\libs\template-netcore-shared\kitpymes.core.shared.tests\bin\debug\net7.0\kitpymes.core.shared.tests.dll" id="a4c02a7f-e0de-42df-8d1c-ace6ccde0420">
      <Execution id="0e4e08cb-da10-47ab-9042-3ccf4f7e5bd9" />
      <TestMethod codeBase="D:\SFERRARI\01_TRABAJO\repos\netcore\libs\template-netcore-shared\Kitpymes.Core.Shared.Tests\bin\Debug\net7.0\Kitpymes.Core.Shared.Tests.dll" adapterTypeName="executor://mstestadapter/v2" className="Kitpymes.Core.Shared.Tests.TypeExtensionsTests" name="ToDefaultValue_Passing_ValidString_Returns_DefaultValue" />
    </UnitTest>
    <UnitTest name="ToDefaultValue_Passing_bool_Returns_Cero (True)" storage="d:\sferrari\01_trabajo\repos\netcore\libs\template-netcore-shared\kitpymes.core.shared.tests\bin\debug\net7.0\kitpymes.core.shared.tests.dll" id="2fe5538a-53ea-4377-999d-12f97578b7e4">
      <Execution id="2caf6a4b-db28-44f5-8b01-2ce9c5f5df04" />
      <TestMethod codeBase="D:\SFERRARI\01_TRABAJO\repos\netcore\libs\template-netcore-shared\Kitpymes.Core.Shared.Tests\bin\Debug\net7.0\Kitpymes.Core.Shared.Tests.dll" adapterTypeName="executor://mstestadapter/v2" className="Kitpymes.Core.Shared.Tests.GenericExtensionsTests" name="ToDefaultValue_Passing_bool_Returns_Cero" />
    </UnitTest>
    <UnitTest name="ToEmailMask_Passing_ValidEmail_Returns_EmailWithMask (qazwsxedc@gmail.com,q-------c@g----.com)" storage="d:\sferrari\01_trabajo\repos\netcore\libs\template-netcore-shared\kitpymes.core.shared.tests\bin\debug\net7.0\kitpymes.core.shared.tests.dll" id="767e9d53-441e-4db1-b660-2b391ef60f3e">
      <Execution id="3c19bdc1-eafc-40a9-8a45-6d96f8d03317" />
      <TestMethod codeBase="D:\SFERRARI\01_TRABAJO\repos\netcore\libs\template-netcore-shared\Kitpymes.Core.Shared.Tests\bin\Debug\net7.0\Kitpymes.Core.Shared.Tests.dll" adapterTypeName="executor://mstestadapter/v2" className="Kitpymes.Core.Shared.Tests.StringExtensionsTests" name="ToEmailMask_Passing_ValidEmail_Returns_EmailWithMask" />
    </UnitTest>
    <UnitTest name="ToHashAlgorithmName_Passing_InvalidValueStringWithDefaultValue_Returns_DefaultValue (hhhhhh)" storage="d:\sferrari\01_trabajo\repos\netcore\libs\template-netcore-shared\kitpymes.core.shared.tests\bin\debug\net7.0\kitpymes.core.shared.tests.dll" id="37080935-81d3-4edd-90aa-0808f2abb46a">
      <Execution id="eb7c19da-16a7-41ea-b55b-a5558f423232" />
      <TestMethod codeBase="D:\SFERRARI\01_TRABAJO\repos\netcore\libs\template-netcore-shared\Kitpymes.Core.Shared.Tests\bin\Debug\net7.0\Kitpymes.Core.Shared.Tests.dll" adapterTypeName="executor://mstestadapter/v2" className="Kitpymes.Core.Shared.Tests.StringExtensionsTests" name="ToHashAlgorithmName_Passing_InvalidValueStringWithDefaultValue_Returns_DefaultValue" />
    </UnitTest>
    <UnitTest name="ToReplaceSpecialChars_Passing_ValidValue_Returns_ReplacedValueWithoutIgnoreSpecialChars ( àáäâ ãøçħ , aaaa aoch )" storage="d:\sferrari\01_trabajo\repos\netcore\libs\template-netcore-shared\kitpymes.core.shared.tests\bin\debug\net7.0\kitpymes.core.shared.tests.dll" id="39058273-a77c-452a-a90f-afd5232ad4c4">
      <Execution id="f3374ece-e3bf-4e29-bac1-4d4aab23b180" />
      <TestMethod codeBase="D:\SFERRARI\01_TRABAJO\repos\netcore\libs\template-netcore-shared\Kitpymes.Core.Shared.Tests\bin\Debug\net7.0\Kitpymes.Core.Shared.Tests.dll" adapterTypeName="executor://mstestadapter/v2" className="Kitpymes.Core.Shared.Tests.StringExtensionsTests" name="ToReplaceSpecialChars_Passing_ValidValue_Returns_ReplacedValueWithoutIgnoreSpecialChars" />
    </UnitTest>
    <UnitTest name="ToUri_Passing_ValidValueString_Returns_Uri (http://مثال.إختبار)" storage="d:\sferrari\01_trabajo\repos\netcore\libs\template-netcore-shared\kitpymes.core.shared.tests\bin\debug\net7.0\kitpymes.core.shared.tests.dll" id="bc4f4aa2-bbd2-4708-a094-1c2a9d96781a">
      <Execution id="8385df9f-1673-4c5e-91b7-b6d08904a28e" />
      <TestMethod codeBase="D:\SFERRARI\01_TRABAJO\repos\netcore\libs\template-netcore-shared\Kitpymes.Core.Shared.Tests\bin\Debug\net7.0\Kitpymes.Core.Shared.Tests.dll" adapterTypeName="executor://mstestadapter/v2" className="Kitpymes.Core.Shared.Tests.StringExtensionsTests" name="ToUri_Passing_ValidValueString_Returns_Uri" />
    </UnitTest>
    <UnitTest name="ToUri_Passing_ValidValueString_Returns_Uri (http://foo.com/unicode_(✪)_in_parens)" storage="d:\sferrari\01_trabajo\repos\netcore\libs\template-netcore-shared\kitpymes.core.shared.tests\bin\debug\net7.0\kitpymes.core.shared.tests.dll" id="b2bfc27c-03a6-4b66-ae03-439b66a6f005">
      <Execution id="4a2b8d33-987f-4a85-9db8-0677aa19b40a" />
      <TestMethod codeBase="D:\SFERRARI\01_TRABAJO\repos\netcore\libs\template-netcore-shared\Kitpymes.Core.Shared.Tests\bin\Debug\net7.0\Kitpymes.Core.Shared.Tests.dll" adapterTypeName="executor://mstestadapter/v2" className="Kitpymes.Core.Shared.Tests.StringExtensionsTests" name="ToUri_Passing_ValidValueString_Returns_Uri" />
    </UnitTest>
    <UnitTest name="ToUserName_Passing_Valid_UserName_ClaimsPrincipal_Returns_String_UserName_Value" storage="d:\sferrari\01_trabajo\repos\netcore\libs\template-netcore-shared\kitpymes.core.shared.tests\bin\debug\net7.0\kitpymes.core.shared.tests.dll" id="a260b6ea-7a67-41df-8c56-9f9b1594e3a4">
      <Execution id="4481fee1-0db2-4a3b-bc60-563606e08d93" />
      <TestMethod codeBase="D:\SFERRARI\01_TRABAJO\repos\netcore\libs\template-netcore-shared\Kitpymes.Core.Shared.Tests\bin\Debug\net7.0\Kitpymes.Core.Shared.Tests.dll" adapterTypeName="executor://mstestadapter/v2" className="Kitpymes.Core.Shared.Tests.ClaimsPrincipalExtensionsTests" name="ToUserName_Passing_Valid_UserName_ClaimsPrincipal_Returns_String_UserName_Value" />
    </UnitTest>
    <UnitTest name="IsContainsUniqueChars_Passing_ValidValue_Returns_True" storage="d:\sferrari\01_trabajo\repos\netcore\libs\template-netcore-shared\kitpymes.core.shared.tests\bin\debug\net7.0\kitpymes.core.shared.tests.dll" id="7baf40ad-68a3-4194-b1c0-b89d0e58b70b">
      <Execution id="19eafdd4-8b9d-489a-a416-864802a42408" />
      <TestMethod codeBase="D:\SFERRARI\01_TRABAJO\repos\netcore\libs\template-netcore-shared\Kitpymes.Core.Shared.Tests\bin\Debug\net7.0\Kitpymes.Core.Shared.Tests.dll" adapterTypeName="executor://mstestadapter/v2" className="Kitpymes.Core.Shared.Tests.VerifyExtensionsTests" name="IsContainsUniqueChars_Passing_ValidValue_Returns_True" />
    </UnitTest>
    <UnitTest name="ToSettings_Passing_Values_From_Memory_Returns_Settings" storage="d:\sferrari\01_trabajo\repos\netcore\libs\template-netcore-shared\kitpymes.core.shared.tests\bin\debug\net7.0\kitpymes.core.shared.tests.dll" id="cda869bc-c230-457c-a164-73a574779e0b">
      <Execution id="7c485f7b-745a-4eac-bc53-e9891bbb6257" />
      <TestMethod codeBase="D:\SFERRARI\01_TRABAJO\repos\netcore\libs\template-netcore-shared\Kitpymes.Core.Shared.Tests\bin\Debug\net7.0\Kitpymes.Core.Shared.Tests.dll" adapterTypeName="executor://mstestadapter/v2" className="Kitpymes.Core.Shared.Tests.ConfigurationBuilderExtensionsTests" name="ToSettings_Passing_Values_From_Memory_Returns_Settings" />
    </UnitTest>
    <UnitTest name="ToUri_Passing_InvalidValueString_Returns_DefaultValue (http://??)" storage="d:\sferrari\01_trabajo\repos\netcore\libs\template-netcore-shared\kitpymes.core.shared.tests\bin\debug\net7.0\kitpymes.core.shared.tests.dll" id="de1cfed2-95fe-4462-9799-fed2615439fe">
      <Execution id="277a6688-9426-49ef-ac99-cf1a2489059c" />
      <TestMethod codeBase="D:\SFERRARI\01_TRABAJO\repos\netcore\libs\template-netcore-shared\Kitpymes.Core.Shared.Tests\bin\Debug\net7.0\Kitpymes.Core.Shared.Tests.dll" adapterTypeName="executor://mstestadapter/v2" className="Kitpymes.Core.Shared.Tests.StringExtensionsTests" name="ToUri_Passing_InvalidValueString_Returns_DefaultValue" />
    </UnitTest>
    <UnitTest name="ToService_Passing_Valid_Service_Returns_Service" storage="d:\sferrari\01_trabajo\repos\netcore\libs\template-netcore-shared\kitpymes.core.shared.tests\bin\debug\net7.0\kitpymes.core.shared.tests.dll" id="da52dfe7-e2af-4d2f-a5c6-4df4e2909738">
      <Execution id="f0130424-b261-4dc9-ba64-5eed8e34af75" />
      <TestMethod codeBase="D:\SFERRARI\01_TRABAJO\repos\netcore\libs\template-netcore-shared\Kitpymes.Core.Shared.Tests\bin\Debug\net7.0\Kitpymes.Core.Shared.Tests.dll" adapterTypeName="executor://mstestadapter/v2" className="Kitpymes.Core.Shared.Tests.ConfigurationBuilderExtensionsTests" name="ToService_Passing_Valid_Service_Returns_Service" />
    </UnitTest>
    <UnitTest name="ToEndOfTheMonth_Passing_DateTime_Returns_End_Of_Month_DateTime" storage="d:\sferrari\01_trabajo\repos\netcore\libs\template-netcore-shared\kitpymes.core.shared.tests\bin\debug\net7.0\kitpymes.core.shared.tests.dll" id="bacbcaf3-b143-47e7-88b9-d91a925dfd3f">
      <Execution id="e738bbf5-975d-4e2d-8037-20dc855cf9e3" />
      <TestMethod codeBase="D:\SFERRARI\01_TRABAJO\repos\netcore\libs\template-netcore-shared\Kitpymes.Core.Shared.Tests\bin\Debug\net7.0\Kitpymes.Core.Shared.Tests.dll" adapterTypeName="executor://mstestadapter/v2" className="Kitpymes.Core.Shared.Tests.DateTimeExtensionsTests" name="ToEndOfTheMonth_Passing_DateTime_Returns_End_Of_Month_DateTime" />
    </UnitTest>
    <UnitTest name="ToUri_Passing_ValidValueString_Returns_Uri (http://userid:password@example.com/)" storage="d:\sferrari\01_trabajo\repos\netcore\libs\template-netcore-shared\kitpymes.core.shared.tests\bin\debug\net7.0\kitpymes.core.shared.tests.dll" id="ba22de41-7325-424f-aa25-37986737867c">
      <Execution id="ad1897a5-299d-41eb-b881-e40fa89ca181" />
      <TestMethod codeBase="D:\SFERRARI\01_TRABAJO\repos\netcore\libs\template-netcore-shared\Kitpymes.Core.Shared.Tests\bin\Debug\net7.0\Kitpymes.Core.Shared.Tests.dll" adapterTypeName="executor://mstestadapter/v2" className="Kitpymes.Core.Shared.Tests.StringExtensionsTests" name="ToUri_Passing_ValidValueString_Returns_Uri" />
    </UnitTest>
    <UnitTest name="ResultError_WithTitle_WithStatusCode_WithDetails_WithExceptionType_WithMessages_WithErrors" storage="d:\sferrari\01_trabajo\repos\netcore\libs\template-netcore-shared\kitpymes.core.shared.tests\bin\debug\net7.0\kitpymes.core.shared.tests.dll" id="52a18f92-f750-4b42-aa90-2e061660aaeb">
      <Execution id="0602a630-a3ac-49b3-9f62-2a18c9c54163" />
      <TestMethod codeBase="D:\SFERRARI\01_TRABAJO\repos\netcore\libs\template-netcore-shared\Kitpymes.Core.Shared.Tests\bin\Debug\net7.0\Kitpymes.Core.Shared.Tests.dll" adapterTypeName="executor://mstestadapter/v2" className="Kitpymes.Core.Shared.Tests.ResultTest" name="ResultError_WithTitle_WithStatusCode_WithDetails_WithExceptionType_WithMessages_WithErrors" />
    </UnitTest>
    <UnitTest name="ToIsNameThrow_Passing_InvalidValue_Returns_ApplicationExceptionWithMessage" storage="d:\sferrari\01_trabajo\repos\netcore\libs\template-netcore-shared\kitpymes.core.shared.tests\bin\debug\net7.0\kitpymes.core.shared.tests.dll" id="cba083a7-a3c7-495e-92e8-4c9bb29c6c7a">
      <Execution id="d138b3f3-717f-4df7-9a92-a18f450f3e90" />
      <TestMethod codeBase="D:\SFERRARI\01_TRABAJO\repos\netcore\libs\template-netcore-shared\Kitpymes.Core.Shared.Tests\bin\Debug\net7.0\Kitpymes.Core.Shared.Tests.dll" adapterTypeName="executor://mstestadapter/v2" className="Kitpymes.Core.Shared.Tests.VerifyExtensionsTests" name="ToIsNameThrow_Passing_InvalidValue_Returns_ApplicationExceptionWithMessage" />
    </UnitTest>
    <UnitTest name="ToRemove_Passing_ValidValue_Returns_ValueWithoutRemovedChars (* , ,*)" storage="d:\sferrari\01_trabajo\repos\netcore\libs\template-netcore-shared\kitpymes.core.shared.tests\bin\debug\net7.0\kitpymes.core.shared.tests.dll" id="536a1f30-b55b-4439-90b3-80a7e4081b97">
      <Execution id="17a35ee3-cb9d-4850-b604-21f7500371f2" />
      <TestMethod codeBase="D:\SFERRARI\01_TRABAJO\repos\netcore\libs\template-netcore-shared\Kitpymes.Core.Shared.Tests\bin\Debug\net7.0\Kitpymes.Core.Shared.Tests.dll" adapterTypeName="executor://mstestadapter/v2" className="Kitpymes.Core.Shared.Tests.StringExtensionsTests" name="ToRemove_Passing_ValidValue_Returns_ValueWithoutRemovedChars" />
    </UnitTest>
    <UnitTest name="ResultOK" storage="d:\sferrari\01_trabajo\repos\netcore\libs\template-netcore-shared\kitpymes.core.shared.tests\bin\debug\net7.0\kitpymes.core.shared.tests.dll" id="b2a2ab64-18c5-4d7d-a3e9-3f42ad019832">
      <Execution id="a85ee2b3-767f-464c-88c9-c5e475b65f83" />
      <TestMethod codeBase="D:\SFERRARI\01_TRABAJO\repos\netcore\libs\template-netcore-shared\Kitpymes.Core.Shared.Tests\bin\Debug\net7.0\Kitpymes.Core.Shared.Tests.dll" adapterTypeName="executor://mstestadapter/v2" className="Kitpymes.Core.Shared.Tests.ResultTest" name="ResultOK" />
    </UnitTest>
    <UnitTest name="ResultBadRequest_WithErrors_Dictionary" storage="d:\sferrari\01_trabajo\repos\netcore\libs\template-netcore-shared\kitpymes.core.shared.tests\bin\debug\net7.0\kitpymes.core.shared.tests.dll" id="9fb3176d-1723-46a3-afaa-cf03b8031020">
      <Execution id="2512b878-4876-4f35-a796-d8250cb5b30f" />
      <TestMethod codeBase="D:\SFERRARI\01_TRABAJO\repos\netcore\libs\template-netcore-shared\Kitpymes.Core.Shared.Tests\bin\Debug\net7.0\Kitpymes.Core.Shared.Tests.dll" adapterTypeName="executor://mstestadapter/v2" className="Kitpymes.Core.Shared.Tests.ResultTest" name="ResultBadRequest_WithErrors_Dictionary" />
    </UnitTest>
    <UnitTest name="ToSettings_Passing_Values_From_AppSettingsFile_Returns_Settings" storage="d:\sferrari\01_trabajo\repos\netcore\libs\template-netcore-shared\kitpymes.core.shared.tests\bin\debug\net7.0\kitpymes.core.shared.tests.dll" id="19cdd920-92ca-47ed-935b-5d7f2240b33b">
      <Execution id="d6035787-d552-42d2-bef4-f916884acb6f" />
      <TestMethod codeBase="D:\SFERRARI\01_TRABAJO\repos\netcore\libs\template-netcore-shared\Kitpymes.Core.Shared.Tests\bin\Debug\net7.0\Kitpymes.Core.Shared.Tests.dll" adapterTypeName="executor://mstestadapter/v2" className="Kitpymes.Core.Shared.Tests.ConfigurationBuilderExtensionsTests" name="ToSettings_Passing_Values_From_AppSettingsFile_Returns_Settings" />
    </UnitTest>
    <UnitTest name="ToExists_Passing_Valid_Service_Returns_True" storage="d:\sferrari\01_trabajo\repos\netcore\libs\template-netcore-shared\kitpymes.core.shared.tests\bin\debug\net7.0\kitpymes.core.shared.tests.dll" id="735c7650-f621-4efa-8408-633e59f5f50e">
      <Execution id="072e579b-cf13-4f3d-8f9f-7b450003f5c7" />
      <TestMethod codeBase="D:\SFERRARI\01_TRABAJO\repos\netcore\libs\template-netcore-shared\Kitpymes.Core.Shared.Tests\bin\Debug\net7.0\Kitpymes.Core.Shared.Tests.dll" adapterTypeName="executor://mstestadapter/v2" className="Kitpymes.Core.Shared.Tests.ApplicationBuilderExtensionsTests" name="ToExists_Passing_Valid_Service_Returns_True" />
    </UnitTest>
    <UnitTest name="ToDirectoryTemporary_Passing_ValidValue_Returns_DirectoryExists" storage="d:\sferrari\01_trabajo\repos\netcore\libs\template-netcore-shared\kitpymes.core.shared.tests\bin\debug\net7.0\kitpymes.core.shared.tests.dll" id="b17396d5-3d39-4420-aff2-080edd515701">
      <Execution id="a9e31eab-f654-44ca-bb49-1dfc7654f63f" />
      <TestMethod codeBase="D:\SFERRARI\01_TRABAJO\repos\netcore\libs\template-netcore-shared\Kitpymes.Core.Shared.Tests\bin\Debug\net7.0\Kitpymes.Core.Shared.Tests.dll" adapterTypeName="executor://mstestadapter/v2" className="Kitpymes.Core.Shared.Tests.StringExtensionsTests" name="ToDirectoryTemporary_Passing_ValidValue_Returns_DirectoryExists" />
    </UnitTest>
    <UnitTest name="ToSetTime_Passing_Time_String_Returns_DateTime" storage="d:\sferrari\01_trabajo\repos\netcore\libs\template-netcore-shared\kitpymes.core.shared.tests\bin\debug\net7.0\kitpymes.core.shared.tests.dll" id="6b572db2-413e-45cf-81b4-b31ebf299d5d">
      <Execution id="80e882fb-f21f-4a2b-8faf-59c8906e624b" />
      <TestMethod codeBase="D:\SFERRARI\01_TRABAJO\repos\netcore\libs\template-netcore-shared\Kitpymes.Core.Shared.Tests\bin\Debug\net7.0\Kitpymes.Core.Shared.Tests.dll" adapterTypeName="executor://mstestadapter/v2" className="Kitpymes.Core.Shared.Tests.DateTimeExtensionsTests" name="ToSetTime_Passing_Time_String_Returns_DateTime" />
    </UnitTest>
    <UnitTest name="ThrowIfInsideRangeOrEqual_Passing_InvalidValue_Returns_ApplicationException (3)" storage="d:\sferrari\01_trabajo\repos\netcore\libs\template-netcore-shared\kitpymes.core.shared.tests\bin\debug\net7.0\kitpymes.core.shared.tests.dll" id="78d565e5-bf00-49f0-a2e9-d051b7a54125">
      <Execution id="a525d588-2b87-473e-815d-3837341a0874" />
      <TestMethod codeBase="D:\SFERRARI\01_TRABAJO\repos\netcore\libs\template-netcore-shared\Kitpymes.Core.Shared.Tests\bin\Debug\net7.0\Kitpymes.Core.Shared.Tests.dll" adapterTypeName="executor://mstestadapter/v2" className="Kitpymes.Core.Shared.Tests.VerifyExtensionsTests" name="ThrowIfInsideRangeOrEqual_Passing_InvalidValue_Returns_ApplicationException" />
    </UnitTest>
    <UnitTest name="ToUri_Passing_ValidValueString_Returns_Uri (//foo.com/blah_blah?p=5)" storage="d:\sferrari\01_trabajo\repos\netcore\libs\template-netcore-shared\kitpymes.core.shared.tests\bin\debug\net7.0\kitpymes.core.shared.tests.dll" id="8d08d506-441b-485f-a36a-26c18506a991">
      <Execution id="ae1b05d9-6a3d-49ee-bdfc-e2e2410e9dd2" />
      <TestMethod codeBase="D:\SFERRARI\01_TRABAJO\repos\netcore\libs\template-netcore-shared\Kitpymes.Core.Shared.Tests\bin\Debug\net7.0\Kitpymes.Core.Shared.Tests.dll" adapterTypeName="executor://mstestadapter/v2" className="Kitpymes.Core.Shared.Tests.StringExtensionsTests" name="ToUri_Passing_ValidValueString_Returns_Uri" />
    </UnitTest>
    <UnitTest name="ToUri_Passing_ValidValueString_Returns_Uri (http://code.google.com/events/#&amp;product=browser)" storage="d:\sferrari\01_trabajo\repos\netcore\libs\template-netcore-shared\kitpymes.core.shared.tests\bin\debug\net7.0\kitpymes.core.shared.tests.dll" id="71b69a9c-a191-4060-89f1-0f57636bdff5">
      <Execution id="4c2fe27e-cf1c-45aa-83e1-356f2879ef86" />
      <TestMethod codeBase="D:\SFERRARI\01_TRABAJO\repos\netcore\libs\template-netcore-shared\Kitpymes.Core.Shared.Tests\bin\Debug\net7.0\Kitpymes.Core.Shared.Tests.dll" adapterTypeName="executor://mstestadapter/v2" className="Kitpymes.Core.Shared.Tests.StringExtensionsTests" name="ToUri_Passing_ValidValueString_Returns_Uri" />
    </UnitTest>
    <UnitTest name="ToDirectoryReadFileAsync_Passing_ValidValue_Returns_False" storage="d:\sferrari\01_trabajo\repos\netcore\libs\template-netcore-shared\kitpymes.core.shared.tests\bin\debug\net7.0\kitpymes.core.shared.tests.dll" id="4d50be63-70da-435c-b1fa-fcf1d0fb3cf2">
      <Execution id="5ad47b32-a6ed-4afc-a69e-2475961f3946" />
      <TestMethod codeBase="D:\SFERRARI\01_TRABAJO\repos\netcore\libs\template-netcore-shared\Kitpymes.Core.Shared.Tests\bin\Debug\net7.0\Kitpymes.Core.Shared.Tests.dll" adapterTypeName="executor://mstestadapter/v2" className="Kitpymes.Core.Shared.Tests.StringExtensionsTests" name="ToDirectoryReadFileAsync_Passing_ValidValue_Returns_False" />
    </UnitTest>
    <UnitTest name="ToDetails_Passing_HttpContext_WithOptionalData_Returns_Details_HttpContext" storage="d:\sferrari\01_trabajo\repos\netcore\libs\template-netcore-shared\kitpymes.core.shared.tests\bin\debug\net7.0\kitpymes.core.shared.tests.dll" id="ee88df54-0dd5-4ca9-adcf-65d315add95d">
      <Execution id="019aea77-00f0-4d86-918b-b8467d8dd135" />
      <TestMethod codeBase="D:\SFERRARI\01_TRABAJO\repos\netcore\libs\template-netcore-shared\Kitpymes.Core.Shared.Tests\bin\Debug\net7.0\Kitpymes.Core.Shared.Tests.dll" adapterTypeName="executor://mstestadapter/v2" className="Kitpymes.Core.Shared.Tests.HttpContextExtensionsTests" name="ToDetails_Passing_HttpContext_WithOptionalData_Returns_Details_HttpContext" />
    </UnitTest>
    <UnitTest name="ToConfiguration_Passing_Valid_DirectoryPath_Invalid_JsonFileName_Not_Optional_Returns_ApplicationException" storage="d:\sferrari\01_trabajo\repos\netcore\libs\template-netcore-shared\kitpymes.core.shared.tests\bin\debug\net7.0\kitpymes.core.shared.tests.dll" id="3f63b63a-d458-4e43-bcdf-f9ad0bb560c8">
      <Execution id="9e6b5f9c-04e7-4044-8eca-415d27beb5e5" />
      <TestMethod codeBase="D:\SFERRARI\01_TRABAJO\repos\netcore\libs\template-netcore-shared\Kitpymes.Core.Shared.Tests\bin\Debug\net7.0\Kitpymes.Core.Shared.Tests.dll" adapterTypeName="executor://mstestadapter/v2" className="Kitpymes.Core.Shared.Tests.ConfigurationBuilderExtensionsTests" name="ToConfiguration_Passing_Valid_DirectoryPath_Invalid_JsonFileName_Not_Optional_Returns_ApplicationException" />
    </UnitTest>
    <UnitTest name="ToRemove_Passing_ValidValue_Returns_ValueWithoutRemovedChars ( * , ,*)" storage="d:\sferrari\01_trabajo\repos\netcore\libs\template-netcore-shared\kitpymes.core.shared.tests\bin\debug\net7.0\kitpymes.core.shared.tests.dll" id="70a1958f-c0f8-4162-ace6-cd89097d3248">
      <Execution id="4b48c761-2cff-457b-a7b0-e1565e0a9825" />
      <TestMethod codeBase="D:\SFERRARI\01_TRABAJO\repos\netcore\libs\template-netcore-shared\Kitpymes.Core.Shared.Tests\bin\Debug\net7.0\Kitpymes.Core.Shared.Tests.dll" adapterTypeName="executor://mstestadapter/v2" className="Kitpymes.Core.Shared.Tests.StringExtensionsTests" name="ToRemove_Passing_ValidValue_Returns_ValueWithoutRemovedChars" />
    </UnitTest>
    <UnitTest name="ToUri_Passing_ValidValueString_Returns_Uri (//foo.com/blah_blah)" storage="d:\sferrari\01_trabajo\repos\netcore\libs\template-netcore-shared\kitpymes.core.shared.tests\bin\debug\net7.0\kitpymes.core.shared.tests.dll" id="94b7d0a3-20a6-466a-8ba7-6990cf7fd764">
      <Execution id="c783cfcd-7b6f-4976-bfea-a6c05f634fce" />
      <TestMethod codeBase="D:\SFERRARI\01_TRABAJO\repos\netcore\libs\template-netcore-shared\Kitpymes.Core.Shared.Tests\bin\Debug\net7.0\Kitpymes.Core.Shared.Tests.dll" adapterTypeName="executor://mstestadapter/v2" className="Kitpymes.Core.Shared.Tests.StringExtensionsTests" name="ToUri_Passing_ValidValueString_Returns_Uri" />
    </UnitTest>
    <UnitTest name="ToStringFormat_Passing_ValidValue_Returns_ValueWithoutRemovedChars (-2147483648)" storage="d:\sferrari\01_trabajo\repos\netcore\libs\template-netcore-shared\kitpymes.core.shared.tests\bin\debug\net7.0\kitpymes.core.shared.tests.dll" id="0cd04f82-2af8-4152-bc12-6bf5e654ee53">
      <Execution id="309156d1-133e-4ea6-a519-7e1dd561559f" />
      <TestMethod codeBase="D:\SFERRARI\01_TRABAJO\repos\netcore\libs\template-netcore-shared\Kitpymes.Core.Shared.Tests\bin\Debug\net7.0\Kitpymes.Core.Shared.Tests.dll" adapterTypeName="executor://mstestadapter/v2" className="Kitpymes.Core.Shared.Tests.IntegerExtensionsTests" name="ToStringFormat_Passing_ValidValue_Returns_ValueWithoutRemovedChars" />
    </UnitTest>
    <UnitTest name="ToRemove_Passing_ValidValue_Returns_ValueWithoutRemovedChars (aeiou,ae,iou)" storage="d:\sferrari\01_trabajo\repos\netcore\libs\template-netcore-shared\kitpymes.core.shared.tests\bin\debug\net7.0\kitpymes.core.shared.tests.dll" id="e0715c83-28f1-46c9-b26d-ae135f939375">
      <Execution id="0b9df9bc-0a97-4704-8bcc-5845e1ce6a15" />
      <TestMethod codeBase="D:\SFERRARI\01_TRABAJO\repos\netcore\libs\template-netcore-shared\Kitpymes.Core.Shared.Tests\bin\Debug\net7.0\Kitpymes.Core.Shared.Tests.dll" adapterTypeName="executor://mstestadapter/v2" className="Kitpymes.Core.Shared.Tests.StringExtensionsTests" name="ToRemove_Passing_ValidValue_Returns_ValueWithoutRemovedChars" />
    </UnitTest>
    <UnitTest name="ToEnvironment_Passing_Service_Not_Found_Returns_ApplicationException" storage="d:\sferrari\01_trabajo\repos\netcore\libs\template-netcore-shared\kitpymes.core.shared.tests\bin\debug\net7.0\kitpymes.core.shared.tests.dll" id="7002e0a2-55d5-42d1-b4cf-9a3b102ce3d2">
      <Execution id="e50ee527-ae4d-4cf8-8c7f-e55e2683ab1d" />
      <TestMethod codeBase="D:\SFERRARI\01_TRABAJO\repos\netcore\libs\template-netcore-shared\Kitpymes.Core.Shared.Tests\bin\Debug\net7.0\Kitpymes.Core.Shared.Tests.dll" adapterTypeName="executor://mstestadapter/v2" className="Kitpymes.Core.Shared.Tests.ApplicationBuilderExtensionsTests" name="ToEnvironment_Passing_Service_Not_Found_Returns_ApplicationException" />
    </UnitTest>
    <UnitTest name="ToUri_Passing_ValidValueString_Returns_Uri (http://➡.ws/䨹)" storage="d:\sferrari\01_trabajo\repos\netcore\libs\template-netcore-shared\kitpymes.core.shared.tests\bin\debug\net7.0\kitpymes.core.shared.tests.dll" id="393aee51-4f09-4886-9d97-5d3b2cde4540">
      <Execution id="4ef3daa9-dfa4-4005-9d84-a53265db8a36" />
      <TestMethod codeBase="D:\SFERRARI\01_TRABAJO\repos\netcore\libs\template-netcore-shared\Kitpymes.Core.Shared.Tests\bin\Debug\net7.0\Kitpymes.Core.Shared.Tests.dll" adapterTypeName="executor://mstestadapter/v2" className="Kitpymes.Core.Shared.Tests.StringExtensionsTests" name="ToUri_Passing_ValidValueString_Returns_Uri" />
    </UnitTest>
    <UnitTest name="ToWhere_Passing_Valid_Predicate_Returns_Filter_List" storage="d:\sferrari\01_trabajo\repos\netcore\libs\template-netcore-shared\kitpymes.core.shared.tests\bin\debug\net7.0\kitpymes.core.shared.tests.dll" id="451928f6-1439-4ae4-bde2-291991e08133">
      <Execution id="9f0848d8-23ef-41fc-8cc7-403f431f255f" />
      <TestMethod codeBase="D:\SFERRARI\01_TRABAJO\repos\netcore\libs\template-netcore-shared\Kitpymes.Core.Shared.Tests\bin\Debug\net7.0\Kitpymes.Core.Shared.Tests.dll" adapterTypeName="executor://mstestadapter/v2" className="Kitpymes.Core.Shared.Tests.QueryableExtensionsTests" name="ToWhere_Passing_Valid_Predicate_Returns_Filter_List" />
    </UnitTest>
    <UnitTest name="ToEmailMaskUserName_Passing_ValidEmail_Returns_EmailWithMask (qaz@gmailgmail.com,q*z@gmailgmail.com)" storage="d:\sferrari\01_trabajo\repos\netcore\libs\template-netcore-shared\kitpymes.core.shared.tests\bin\debug\net7.0\kitpymes.core.shared.tests.dll" id="c5ba45bd-45a6-421c-8bb4-be01f922e434">
      <Execution id="9c09726e-d5a1-4601-8a84-cbfb6334ee13" />
      <TestMethod codeBase="D:\SFERRARI\01_TRABAJO\repos\netcore\libs\template-netcore-shared\Kitpymes.Core.Shared.Tests\bin\Debug\net7.0\Kitpymes.Core.Shared.Tests.dll" adapterTypeName="executor://mstestadapter/v2" className="Kitpymes.Core.Shared.Tests.StringExtensionsTests" name="ToEmailMaskUserName_Passing_ValidEmail_Returns_EmailWithMask" />
    </UnitTest>
    <UnitTest name="ToDisplay_Passing_Enumeration_Name_Returns_Display_Atributte" storage="d:\sferrari\01_trabajo\repos\netcore\libs\template-netcore-shared\kitpymes.core.shared.tests\bin\debug\net7.0\kitpymes.core.shared.tests.dll" id="91572a2f-79d7-461f-8201-46a22c0d0e7b">
      <Execution id="88d66290-8fb7-4f19-8721-038e00ba1f36" />
      <TestMethod codeBase="D:\SFERRARI\01_TRABAJO\repos\netcore\libs\template-netcore-shared\Kitpymes.Core.Shared.Tests\bin\Debug\net7.0\Kitpymes.Core.Shared.Tests.dll" adapterTypeName="executor://mstestadapter/v2" className="Kitpymes.Core.Shared.Tests.EnumExtensionsTests" name="ToDisplay_Passing_Enumeration_Name_Returns_Display_Atributte" />
    </UnitTest>
    <UnitTest name="ToEmailMask_Passing_ValidEmail_Returns_EmailWithMask (qazwsxedc@gmailgmail.com,q-------c@g---------.com)" storage="d:\sferrari\01_trabajo\repos\netcore\libs\template-netcore-shared\kitpymes.core.shared.tests\bin\debug\net7.0\kitpymes.core.shared.tests.dll" id="2dad29b1-9932-48a9-9f4c-0e9a7acd5962">
      <Execution id="44c430a6-2479-4ae1-8a4d-b1557b7131d7" />
      <TestMethod codeBase="D:\SFERRARI\01_TRABAJO\repos\netcore\libs\template-netcore-shared\Kitpymes.Core.Shared.Tests\bin\Debug\net7.0\Kitpymes.Core.Shared.Tests.dll" adapterTypeName="executor://mstestadapter/v2" className="Kitpymes.Core.Shared.Tests.StringExtensionsTests" name="ToEmailMask_Passing_ValidEmail_Returns_EmailWithMask" />
    </UnitTest>
    <UnitTest name="ToUri_Passing_ValidValueString_Returns_Uri (//foo.com/blah_blah/p=5)" storage="d:\sferrari\01_trabajo\repos\netcore\libs\template-netcore-shared\kitpymes.core.shared.tests\bin\debug\net7.0\kitpymes.core.shared.tests.dll" id="4077e10f-ba98-4c33-a91b-2de332c333db">
      <Execution id="385642c1-e4ce-4b92-bf96-a96d01690c6c" />
      <TestMethod codeBase="D:\SFERRARI\01_TRABAJO\repos\netcore\libs\template-netcore-shared\Kitpymes.Core.Shared.Tests\bin\Debug\net7.0\Kitpymes.Core.Shared.Tests.dll" adapterTypeName="executor://mstestadapter/v2" className="Kitpymes.Core.Shared.Tests.StringExtensionsTests" name="ToUri_Passing_ValidValueString_Returns_Uri" />
    </UnitTest>
    <UnitTest name="ToInt_Passing_ValidValueString_Returns_Int (1234567890)" storage="d:\sferrari\01_trabajo\repos\netcore\libs\template-netcore-shared\kitpymes.core.shared.tests\bin\debug\net7.0\kitpymes.core.shared.tests.dll" id="a5b71751-dd6f-42a2-b7bb-9bead3d0475a">
      <Execution id="2561cf76-a95d-496b-bf2c-560ca16ac92f" />
      <TestMethod codeBase="D:\SFERRARI\01_TRABAJO\repos\netcore\libs\template-netcore-shared\Kitpymes.Core.Shared.Tests\bin\Debug\net7.0\Kitpymes.Core.Shared.Tests.dll" adapterTypeName="executor://mstestadapter/v2" className="Kitpymes.Core.Shared.Tests.StringExtensionsTests" name="ToInt_Passing_ValidValueString_Returns_Int" />
    </UnitTest>
    <UnitTest name="GetValues_Passing_Valid_Key_Returns_Values" storage="d:\sferrari\01_trabajo\repos\netcore\libs\template-netcore-shared\kitpymes.core.shared.tests\bin\debug\net7.0\kitpymes.core.shared.tests.dll" id="4fceb38c-3773-4da4-8721-efc405123855">
      <Execution id="e16177a5-f649-445e-9d19-677afecb8cb2" />
      <TestMethod codeBase="D:\SFERRARI\01_TRABAJO\repos\netcore\libs\template-netcore-shared\Kitpymes.Core.Shared.Tests\bin\Debug\net7.0\Kitpymes.Core.Shared.Tests.dll" adapterTypeName="executor://mstestadapter/v2" className="Kitpymes.Core.Shared.Tests.DictionaryExtensionsTests" name="GetValues_Passing_Valid_Key_Returns_Values" />
    </UnitTest>
    <UnitTest name="ToReplaceSpecialChars_Passing_ValidValue_Returns_ReplacedValueWithoutIgnoreSpecialChars (àáäâãøçħ,aaaaaoch)" storage="d:\sferrari\01_trabajo\repos\netcore\libs\template-netcore-shared\kitpymes.core.shared.tests\bin\debug\net7.0\kitpymes.core.shared.tests.dll" id="84d80835-b827-4761-b0b0-569ce40ceed1">
      <Execution id="1e66bc20-0ac7-4d5f-b899-f3be5f776e6b" />
      <TestMethod codeBase="D:\SFERRARI\01_TRABAJO\repos\netcore\libs\template-netcore-shared\Kitpymes.Core.Shared.Tests\bin\Debug\net7.0\Kitpymes.Core.Shared.Tests.dll" adapterTypeName="executor://mstestadapter/v2" className="Kitpymes.Core.Shared.Tests.StringExtensionsTests" name="ToReplaceSpecialChars_Passing_ValidValue_Returns_ReplacedValueWithoutIgnoreSpecialChars" />
    </UnitTest>
    <UnitTest name="ToEnum_Passing_InvalidValueString_Returns_EnumCustomValue" storage="d:\sferrari\01_trabajo\repos\netcore\libs\template-netcore-shared\kitpymes.core.shared.tests\bin\debug\net7.0\kitpymes.core.shared.tests.dll" id="3f4f0a97-a2c9-4d09-920f-bcb4137330f2">
      <Execution id="c942c61a-3378-4ea3-950c-dbc7ef97e87c" />
      <TestMethod codeBase="D:\SFERRARI\01_TRABAJO\repos\netcore\libs\template-netcore-shared\Kitpymes.Core.Shared.Tests\bin\Debug\net7.0\Kitpymes.Core.Shared.Tests.dll" adapterTypeName="executor://mstestadapter/v2" className="Kitpymes.Core.Shared.Tests.StringExtensionsTests" name="ToEnum_Passing_InvalidValueString_Returns_EnumCustomValue" />
    </UnitTest>
    <UnitTest name="ToService_Passing_Valid_Service_Returns_Service" storage="d:\sferrari\01_trabajo\repos\netcore\libs\template-netcore-shared\kitpymes.core.shared.tests\bin\debug\net7.0\kitpymes.core.shared.tests.dll" id="0f6bc7f0-7e8d-4614-92a4-7d863d229ff6">
      <Execution id="85929c4f-cd73-4b4a-8010-a46874528068" />
      <TestMethod codeBase="D:\SFERRARI\01_TRABAJO\repos\netcore\libs\template-netcore-shared\Kitpymes.Core.Shared.Tests\bin\Debug\net7.0\Kitpymes.Core.Shared.Tests.dll" adapterTypeName="executor://mstestadapter/v2" className="Kitpymes.Core.Shared.Tests.ApplicationBuilderExtensionsTests" name="ToService_Passing_Valid_Service_Returns_Service" />
    </UnitTest>
    <UnitTest name="ToNormalize_Passing_ValidValue_Returns_NormalizedValue (Malmö,Malmo)" storage="d:\sferrari\01_trabajo\repos\netcore\libs\template-netcore-shared\kitpymes.core.shared.tests\bin\debug\net7.0\kitpymes.core.shared.tests.dll" id="ea99de01-4b40-4083-a502-3f36acfd9bed">
      <Execution id="42b23b9a-c461-4e2f-b322-18310be60572" />
      <TestMethod codeBase="D:\SFERRARI\01_TRABAJO\repos\netcore\libs\template-netcore-shared\Kitpymes.Core.Shared.Tests\bin\Debug\net7.0\Kitpymes.Core.Shared.Tests.dll" adapterTypeName="executor://mstestadapter/v2" className="Kitpymes.Core.Shared.Tests.StringExtensionsTests" name="ToNormalize_Passing_ValidValue_Returns_NormalizedValue" />
    </UnitTest>
    <UnitTest name="ToExists_Passing_NotFound_Service_Returns_False" storage="d:\sferrari\01_trabajo\repos\netcore\libs\template-netcore-shared\kitpymes.core.shared.tests\bin\debug\net7.0\kitpymes.core.shared.tests.dll" id="87cf5206-72ae-4538-8dd1-b2263d69fd85">
      <Execution id="c05dc2a7-c124-44cc-abf4-a21b5f7494c3" />
      <TestMethod codeBase="D:\SFERRARI\01_TRABAJO\repos\netcore\libs\template-netcore-shared\Kitpymes.Core.Shared.Tests\bin\Debug\net7.0\Kitpymes.Core.Shared.Tests.dll" adapterTypeName="executor://mstestadapter/v2" className="Kitpymes.Core.Shared.Tests.ConfigurationBuilderExtensionsTests" name="ToExists_Passing_NotFound_Service_Returns_False" />
    </UnitTest>
    <UnitTest name="ToFirstLetterUpper_Passing_ValidValue_Returns_StringWithFirstLetterUpper (AEIOU,AEIOU)" storage="d:\sferrari\01_trabajo\repos\netcore\libs\template-netcore-shared\kitpymes.core.shared.tests\bin\debug\net7.0\kitpymes.core.shared.tests.dll" id="41addbaf-9a0f-43e1-9659-1318e51acd01">
      <Execution id="0098e797-2d9a-43d3-96fd-7e62b20c1f9f" />
      <TestMethod codeBase="D:\SFERRARI\01_TRABAJO\repos\netcore\libs\template-netcore-shared\Kitpymes.Core.Shared.Tests\bin\Debug\net7.0\Kitpymes.Core.Shared.Tests.dll" adapterTypeName="executor://mstestadapter/v2" className="Kitpymes.Core.Shared.Tests.StringExtensionsTests" name="ToFirstLetterUpper_Passing_ValidValue_Returns_StringWithFirstLetterUpper" />
    </UnitTest>
    <UnitTest name="ResultDataInternalServerError" storage="d:\sferrari\01_trabajo\repos\netcore\libs\template-netcore-shared\kitpymes.core.shared.tests\bin\debug\net7.0\kitpymes.core.shared.tests.dll" id="8dbfe6fa-a0b0-4506-afd1-b423a25662d0">
      <Execution id="737c0bac-e822-417a-be5b-208d831d19bb" />
      <TestMethod codeBase="D:\SFERRARI\01_TRABAJO\repos\netcore\libs\template-netcore-shared\Kitpymes.Core.Shared.Tests\bin\Debug\net7.0\Kitpymes.Core.Shared.Tests.dll" adapterTypeName="executor://mstestadapter/v2" className="Kitpymes.Core.Shared.Tests.ResultTest" name="ResultDataInternalServerError" />
    </UnitTest>
    <UnitTest name="ToEnvironment_Passing_Development_Enviroment_Returns_Development_Name" storage="d:\sferrari\01_trabajo\repos\netcore\libs\template-netcore-shared\kitpymes.core.shared.tests\bin\debug\net7.0\kitpymes.core.shared.tests.dll" id="c3f067d1-1b35-4b48-87e2-7afbf6b158e2">
      <Execution id="dc67914e-8334-40b5-880c-5fca270fcffb" />
      <TestMethod codeBase="D:\SFERRARI\01_TRABAJO\repos\netcore\libs\template-netcore-shared\Kitpymes.Core.Shared.Tests\bin\Debug\net7.0\Kitpymes.Core.Shared.Tests.dll" adapterTypeName="executor://mstestadapter/v2" className="Kitpymes.Core.Shared.Tests.ApplicationBuilderExtensionsTests" name="ToEnvironment_Passing_Development_Enviroment_Returns_Development_Name" />
    </UnitTest>
    <UnitTest name="CreateAndVerifySHA256_Passing_Valid_Arguments_Returns_True (HashTests)" storage="d:\sferrari\01_trabajo\repos\netcore\libs\template-netcore-shared\kitpymes.core.shared.tests\bin\debug\net7.0\kitpymes.core.shared.tests.dll" id="28702d2f-836f-4f31-8950-9629af4a63cb">
      <Execution id="8f274b55-cbbb-4a31-9f76-61b94201cf3c" />
      <TestMethod codeBase="D:\SFERRARI\01_TRABAJO\repos\netcore\libs\template-netcore-shared\Kitpymes.Core.Shared.Tests\bin\Debug\net7.0\Kitpymes.Core.Shared.Tests.dll" adapterTypeName="executor://mstestadapter/v2" className="Kitpymes.Core.Shared.Tests.HashTests" name="CreateAndVerifySHA256_Passing_Valid_Arguments_Returns_True" />
    </UnitTest>
    <UnitTest name="ThrowIfNotSubdomain_Passing_InvalidValue_Returns_ApplicationExceptionWithMessage (34fsds@@sdd.f)" storage="d:\sferrari\01_trabajo\repos\netcore\libs\template-netcore-shared\kitpymes.core.shared.tests\bin\debug\net7.0\kitpymes.core.shared.tests.dll" id="b7b5cc00-4770-416f-8ae1-9c09dc832e03">
      <Execution id="acb0354d-d412-45ae-9c22-b31161c95434" />
      <TestMethod codeBase="D:\SFERRARI\01_TRABAJO\repos\netcore\libs\template-netcore-shared\Kitpymes.Core.Shared.Tests\bin\Debug\net7.0\Kitpymes.Core.Shared.Tests.dll" adapterTypeName="executor://mstestadapter/v2" className="Kitpymes.Core.Shared.Tests.VerifyExtensionsTests" name="ThrowIfNotSubdomain_Passing_InvalidValue_Returns_ApplicationExceptionWithMessage" />
    </UnitTest>
    <UnitTest name="ThrowIfInsideRange_Passing_InvalidValue_Returns_ApplicationException (2)" storage="d:\sferrari\01_trabajo\repos\netcore\libs\template-netcore-shared\kitpymes.core.shared.tests\bin\debug\net7.0\kitpymes.core.shared.tests.dll" id="90300150-a559-4aef-a389-6f8edfe2b0be">
      <Execution id="25201b33-531c-4e50-b982-3f52a6710281" />
      <TestMethod codeBase="D:\SFERRARI\01_TRABAJO\repos\netcore\libs\template-netcore-shared\Kitpymes.Core.Shared.Tests\bin\Debug\net7.0\Kitpymes.Core.Shared.Tests.dll" adapterTypeName="executor://mstestadapter/v2" className="Kitpymes.Core.Shared.Tests.VerifyExtensionsTests" name="ThrowIfInsideRange_Passing_InvalidValue_Returns_ApplicationException" />
    </UnitTest>
    <UnitTest name="CreateAndVerifySHA256_Passing_Valid_Arguments_Returns_True (sdlfkjldsfksdfñl·%$·&amp;$/U&amp;/)(&amp;()?=)¿?^P*^PÑL,.,.lñ´ñ+98098'098098)" storage="d:\sferrari\01_trabajo\repos\netcore\libs\template-netcore-shared\kitpymes.core.shared.tests\bin\debug\net7.0\kitpymes.core.shared.tests.dll" id="8399708d-2d26-4e90-b787-45bd7c00f892">
      <Execution id="c3324df6-1499-4354-ad74-ee5c57ae90f0" />
      <TestMethod codeBase="D:\SFERRARI\01_TRABAJO\repos\netcore\libs\template-netcore-shared\Kitpymes.Core.Shared.Tests\bin\Debug\net7.0\Kitpymes.Core.Shared.Tests.dll" adapterTypeName="executor://mstestadapter/v2" className="Kitpymes.Core.Shared.Tests.HashTests" name="CreateAndVerifySHA256_Passing_Valid_Arguments_Returns_True" />
    </UnitTest>
    <UnitTest name="ToList_Passing_ValidEnumTypeWithResourceType_Returns_ValuesList" storage="d:\sferrari\01_trabajo\repos\netcore\libs\template-netcore-shared\kitpymes.core.shared.tests\bin\debug\net7.0\kitpymes.core.shared.tests.dll" id="ab5ceaa3-156f-4b5d-9b0d-042b97831ffc">
      <Execution id="bddea5d3-3aaa-438f-805a-afdef0c2822d" />
      <TestMethod codeBase="D:\SFERRARI\01_TRABAJO\repos\netcore\libs\template-netcore-shared\Kitpymes.Core.Shared.Tests\bin\Debug\net7.0\Kitpymes.Core.Shared.Tests.dll" adapterTypeName="executor://mstestadapter/v2" className="Kitpymes.Core.Shared.Tests.EnumsTests" name="ToList_Passing_ValidEnumTypeWithResourceType_Returns_ValuesList" />
    </UnitTest>
    <UnitTest name="ToReplace_Passing_ValidValue_Returns_ReplacedValue (aeiou,*,2,2,ae**u)" storage="d:\sferrari\01_trabajo\repos\netcore\libs\template-netcore-shared\kitpymes.core.shared.tests\bin\debug\net7.0\kitpymes.core.shared.tests.dll" id="15641b63-a7a9-4acb-ba04-9bdab72de491">
      <Execution id="bf0f8b96-8970-446c-b3ea-ffdacdb6716b" />
      <TestMethod codeBase="D:\SFERRARI\01_TRABAJO\repos\netcore\libs\template-netcore-shared\Kitpymes.Core.Shared.Tests\bin\Debug\net7.0\Kitpymes.Core.Shared.Tests.dll" adapterTypeName="executor://mstestadapter/v2" className="Kitpymes.Core.Shared.Tests.StringExtensionsTests" name="ToReplace_Passing_ValidValue_Returns_ReplacedValue" />
    </UnitTest>
    <UnitTest name="ToInt_Passing_InvalidValueString_Returns_Null (999999439293294392492349329493294)" storage="d:\sferrari\01_trabajo\repos\netcore\libs\template-netcore-shared\kitpymes.core.shared.tests\bin\debug\net7.0\kitpymes.core.shared.tests.dll" id="91a1b296-92db-49b5-84b3-a846bf771d0c">
      <Execution id="bd959021-73c3-4811-8610-8849cbd1484d" />
      <TestMethod codeBase="D:\SFERRARI\01_TRABAJO\repos\netcore\libs\template-netcore-shared\Kitpymes.Core.Shared.Tests\bin\Debug\net7.0\Kitpymes.Core.Shared.Tests.dll" adapterTypeName="executor://mstestadapter/v2" className="Kitpymes.Core.Shared.Tests.StringExtensionsTests" name="ToInt_Passing_InvalidValueString_Returns_Null" />
    </UnitTest>
    <UnitTest name="ToMapNew_Passing_TDestination_Returns_New_Destination_Object" storage="d:\sferrari\01_trabajo\repos\netcore\libs\template-netcore-shared\kitpymes.core.shared.tests\bin\debug\net7.0\kitpymes.core.shared.tests.dll" id="4c809de1-4d24-41d5-9f72-d047f0cc668c">
      <Execution id="44a4a361-639f-4fad-b52e-3998c7225c5a" />
      <TestMethod codeBase="D:\SFERRARI\01_TRABAJO\repos\netcore\libs\template-netcore-shared\Kitpymes.Core.Shared.Tests\bin\Debug\net7.0\Kitpymes.Core.Shared.Tests.dll" adapterTypeName="executor://mstestadapter/v2" className="Kitpymes.Core.Shared.Tests.AgileMapperExtensionsTests" name="ToMapNew_Passing_TDestination_Returns_New_Destination_Object" />
    </UnitTest>
    <UnitTest name="ToUri_Passing_ValidValueString_Returns_Uri (http://www.example.com/wpstyle/?p=364)" storage="d:\sferrari\01_trabajo\repos\netcore\libs\template-netcore-shared\kitpymes.core.shared.tests\bin\debug\net7.0\kitpymes.core.shared.tests.dll" id="5fe27159-cd04-4c6e-8453-550020b283fb">
      <Execution id="00368e0f-fca7-4826-b7b7-c35bf16c48a2" />
      <TestMethod codeBase="D:\SFERRARI\01_TRABAJO\repos\netcore\libs\template-netcore-shared\Kitpymes.Core.Shared.Tests\bin\Debug\net7.0\Kitpymes.Core.Shared.Tests.dll" adapterTypeName="executor://mstestadapter/v2" className="Kitpymes.Core.Shared.Tests.StringExtensionsTests" name="ToUri_Passing_ValidValueString_Returns_Uri" />
    </UnitTest>
    <UnitTest name="ToDefaultValue_Passing_float_Returns_Cero" storage="d:\sferrari\01_trabajo\repos\netcore\libs\template-netcore-shared\kitpymes.core.shared.tests\bin\debug\net7.0\kitpymes.core.shared.tests.dll" id="5f1e689c-400f-410c-bdd1-1d663a5b421e">
      <Execution id="48eff9c9-3a12-4f33-a977-86ed54ea74f6" />
      <TestMethod codeBase="D:\SFERRARI\01_TRABAJO\repos\netcore\libs\template-netcore-shared\Kitpymes.Core.Shared.Tests\bin\Debug\net7.0\Kitpymes.Core.Shared.Tests.dll" adapterTypeName="executor://mstestadapter/v2" className="Kitpymes.Core.Shared.Tests.GenericExtensionsTests" name="ToDefaultValue_Passing_float_Returns_Cero" />
    </UnitTest>
    <UnitTest name="ToFirstLetterUpper_Passing_ValidValue_Returns_StringWithFirstLetterUpper (aeioU,AeioU)" storage="d:\sferrari\01_trabajo\repos\netcore\libs\template-netcore-shared\kitpymes.core.shared.tests\bin\debug\net7.0\kitpymes.core.shared.tests.dll" id="fe3fd8b9-3330-4344-8e45-5ca63a04bbf1">
      <Execution id="e34731d1-463a-48f0-b158-d1c445bc5f90" />
      <TestMethod codeBase="D:\SFERRARI\01_TRABAJO\repos\netcore\libs\template-netcore-shared\Kitpymes.Core.Shared.Tests\bin\Debug\net7.0\Kitpymes.Core.Shared.Tests.dll" adapterTypeName="executor://mstestadapter/v2" className="Kitpymes.Core.Shared.Tests.StringExtensionsTests" name="ToFirstLetterUpper_Passing_ValidValue_Returns_StringWithFirstLetterUpper" />
    </UnitTest>
    <UnitTest name="ThrowIfInsideRangeOrEqual_Passing_InvalidValue_Returns_ApplicationException (1)" storage="d:\sferrari\01_trabajo\repos\netcore\libs\template-netcore-shared\kitpymes.core.shared.tests\bin\debug\net7.0\kitpymes.core.shared.tests.dll" id="eb3d9488-4dd9-42d4-b15a-dfde8bdc0948">
      <Execution id="c3359572-c5c7-405c-af00-0e9dc5a7ac43" />
      <TestMethod codeBase="D:\SFERRARI\01_TRABAJO\repos\netcore\libs\template-netcore-shared\Kitpymes.Core.Shared.Tests\bin\Debug\net7.0\Kitpymes.Core.Shared.Tests.dll" adapterTypeName="executor://mstestadapter/v2" className="Kitpymes.Core.Shared.Tests.VerifyExtensionsTests" name="ThrowIfInsideRangeOrEqual_Passing_InvalidValue_Returns_ApplicationException" />
    </UnitTest>
    <UnitTest name="ThrowIfInsideRangeOrEqual_Passing_InvalidValue_Returns_ApplicationException (2)" storage="d:\sferrari\01_trabajo\repos\netcore\libs\template-netcore-shared\kitpymes.core.shared.tests\bin\debug\net7.0\kitpymes.core.shared.tests.dll" id="a5d6fc67-9fd6-4669-a476-0542082fd86b">
      <Execution id="7c490fca-cd31-4df8-ac05-7eac90904a26" />
      <TestMethod codeBase="D:\SFERRARI\01_TRABAJO\repos\netcore\libs\template-netcore-shared\Kitpymes.Core.Shared.Tests\bin\Debug\net7.0\Kitpymes.Core.Shared.Tests.dll" adapterTypeName="executor://mstestadapter/v2" className="Kitpymes.Core.Shared.Tests.VerifyExtensionsTests" name="ThrowIfInsideRangeOrEqual_Passing_InvalidValue_Returns_ApplicationException" />
    </UnitTest>
    <UnitTest name="CreateSHA512_Passing_Invalid_Arguments_Returns_ApplicationException ()" storage="d:\sferrari\01_trabajo\repos\netcore\libs\template-netcore-shared\kitpymes.core.shared.tests\bin\debug\net7.0\kitpymes.core.shared.tests.dll" id="526dfa44-3812-4ccb-be55-5a85cf0247c0">
      <Execution id="a3424ac9-2cf3-4865-931b-09afcd793206" />
      <TestMethod codeBase="D:\SFERRARI\01_TRABAJO\repos\netcore\libs\template-netcore-shared\Kitpymes.Core.Shared.Tests\bin\Debug\net7.0\Kitpymes.Core.Shared.Tests.dll" adapterTypeName="executor://mstestadapter/v2" className="Kitpymes.Core.Shared.Tests.HashTests" name="CreateSHA512_Passing_Invalid_Arguments_Returns_ApplicationException" />
    </UnitTest>
    <UnitTest name="ThrowIfFileNotExists_Passing_InvalidValue_Returns_ApplicationExceptionWithMessage" storage="d:\sferrari\01_trabajo\repos\netcore\libs\template-netcore-shared\kitpymes.core.shared.tests\bin\debug\net7.0\kitpymes.core.shared.tests.dll" id="2170b94d-0917-49ed-b32d-eddd042eb15c">
      <Execution id="d6ca9c30-d4c9-49c0-9961-94e124eb469a" />
      <TestMethod codeBase="D:\SFERRARI\01_TRABAJO\repos\netcore\libs\template-netcore-shared\Kitpymes.Core.Shared.Tests\bin\Debug\net7.0\Kitpymes.Core.Shared.Tests.dll" adapterTypeName="executor://mstestadapter/v2" className="Kitpymes.Core.Shared.Tests.VerifyExtensionsTests" name="ThrowIfFileNotExists_Passing_InvalidValue_Returns_ApplicationExceptionWithMessage" />
    </UnitTest>
    <UnitTest name="ToNormalize_Passing_ValidValue_Returns_NormalizedValue (àáäâã,aaaaa)" storage="d:\sferrari\01_trabajo\repos\netcore\libs\template-netcore-shared\kitpymes.core.shared.tests\bin\debug\net7.0\kitpymes.core.shared.tests.dll" id="74537f8d-20f4-4bd6-9ec6-41a407c87456">
      <Execution id="897ba8d5-0015-4a2d-9385-e44d9eae0dd6" />
      <TestMethod codeBase="D:\SFERRARI\01_TRABAJO\repos\netcore\libs\template-netcore-shared\Kitpymes.Core.Shared.Tests\bin\Debug\net7.0\Kitpymes.Core.Shared.Tests.dll" adapterTypeName="executor://mstestadapter/v2" className="Kitpymes.Core.Shared.Tests.StringExtensionsTests" name="ToNormalize_Passing_ValidValue_Returns_NormalizedValue" />
    </UnitTest>
    <UnitTest name="ToEnum_Passing_InvalidValueInt_Returns_EnumCustomValue" storage="d:\sferrari\01_trabajo\repos\netcore\libs\template-netcore-shared\kitpymes.core.shared.tests\bin\debug\net7.0\kitpymes.core.shared.tests.dll" id="b435fcdf-e767-4432-84f8-1693026d5c58">
      <Execution id="e300bbba-56fb-4a3f-8225-417082875731" />
      <TestMethod codeBase="D:\SFERRARI\01_TRABAJO\repos\netcore\libs\template-netcore-shared\Kitpymes.Core.Shared.Tests\bin\Debug\net7.0\Kitpymes.Core.Shared.Tests.dll" adapterTypeName="executor://mstestadapter/v2" className="Kitpymes.Core.Shared.Tests.StringExtensionsTests" name="ToEnum_Passing_InvalidValueInt_Returns_EnumCustomValue" />
    </UnitTest>
    <UnitTest name="ThrowIfNotSubdomain_Passing_InvalidValue_Returns_ApplicationExceptionWithMessage ()" storage="d:\sferrari\01_trabajo\repos\netcore\libs\template-netcore-shared\kitpymes.core.shared.tests\bin\debug\net7.0\kitpymes.core.shared.tests.dll" id="f32b267d-77fc-4c74-a3aa-0ed3add87cdd">
      <Execution id="651cea75-52d2-4651-be08-15f6d95063bd" />
      <TestMethod codeBase="D:\SFERRARI\01_TRABAJO\repos\netcore\libs\template-netcore-shared\Kitpymes.Core.Shared.Tests\bin\Debug\net7.0\Kitpymes.Core.Shared.Tests.dll" adapterTypeName="executor://mstestadapter/v2" className="Kitpymes.Core.Shared.Tests.VerifyExtensionsTests" name="ThrowIfNotSubdomain_Passing_InvalidValue_Returns_ApplicationExceptionWithMessage" />
    </UnitTest>
    <UnitTest name="ToRemove_Passing_ValidValue_Returns_ValueWithoutRemovedChars (aeiou,aeio,u)" storage="d:\sferrari\01_trabajo\repos\netcore\libs\template-netcore-shared\kitpymes.core.shared.tests\bin\debug\net7.0\kitpymes.core.shared.tests.dll" id="5610ca9f-2fbd-4b73-8c81-4e84dd7dcb6c">
      <Execution id="c5bfcf63-fa3d-42e1-9901-74f54dc1bae9" />
      <TestMethod codeBase="D:\SFERRARI\01_TRABAJO\repos\netcore\libs\template-netcore-shared\Kitpymes.Core.Shared.Tests\bin\Debug\net7.0\Kitpymes.Core.Shared.Tests.dll" adapterTypeName="executor://mstestadapter/v2" className="Kitpymes.Core.Shared.Tests.StringExtensionsTests" name="ToRemove_Passing_ValidValue_Returns_ValueWithoutRemovedChars" />
    </UnitTest>
    <UnitTest name="ToEnvironment_ServiceCollection_Passing_Custom_Enviroment_Returns_Custom_Name" storage="d:\sferrari\01_trabajo\repos\netcore\libs\template-netcore-shared\kitpymes.core.shared.tests\bin\debug\net7.0\kitpymes.core.shared.tests.dll" id="3493e2d1-89f6-411d-8f35-d4a72a91d23a">
      <Execution id="89172d56-86f9-440e-a7fc-d00d32e365f8" />
      <TestMethod codeBase="D:\SFERRARI\01_TRABAJO\repos\netcore\libs\template-netcore-shared\Kitpymes.Core.Shared.Tests\bin\Debug\net7.0\Kitpymes.Core.Shared.Tests.dll" adapterTypeName="executor://mstestadapter/v2" className="Kitpymes.Core.Shared.Tests.ConfigurationBuilderExtensionsTests" name="ToEnvironment_ServiceCollection_Passing_Custom_Enviroment_Returns_Custom_Name" />
    </UnitTest>
    <UnitTest name="ToBytes_Passing_Object_Returns_Bytes" storage="d:\sferrari\01_trabajo\repos\netcore\libs\template-netcore-shared\kitpymes.core.shared.tests\bin\debug\net7.0\kitpymes.core.shared.tests.dll" id="909db6de-b586-4d44-b98c-b739440062c4">
      <Execution id="0dab759e-9013-4b11-9a56-6173de331038" />
      <TestMethod codeBase="D:\SFERRARI\01_TRABAJO\repos\netcore\libs\template-netcore-shared\Kitpymes.Core.Shared.Tests\bin\Debug\net7.0\Kitpymes.Core.Shared.Tests.dll" adapterTypeName="executor://mstestadapter/v2" className="Kitpymes.Core.Shared.Tests.GenericExtensionsTests" name="ToBytes_Passing_Object_Returns_Bytes" />
    </UnitTest>
    <UnitTest name="ToDefaultValue_Passing_ValidGuid_Returns_DefaultValue" storage="d:\sferrari\01_trabajo\repos\netcore\libs\template-netcore-shared\kitpymes.core.shared.tests\bin\debug\net7.0\kitpymes.core.shared.tests.dll" id="dfce3027-d19b-402c-a6b7-84b8705c8c88">
      <Execution id="80ac8a0a-5a84-4cbe-a187-73c295df4d36" />
      <TestMethod codeBase="D:\SFERRARI\01_TRABAJO\repos\netcore\libs\template-netcore-shared\Kitpymes.Core.Shared.Tests\bin\Debug\net7.0\Kitpymes.Core.Shared.Tests.dll" adapterTypeName="executor://mstestadapter/v2" className="Kitpymes.Core.Shared.Tests.TypeExtensionsTests" name="ToDefaultValue_Passing_ValidGuid_Returns_DefaultValue" />
    </UnitTest>
    <UnitTest name="ToEnum_Passing_InvalidValueInt_Returns_EnumDefaultValue" storage="d:\sferrari\01_trabajo\repos\netcore\libs\template-netcore-shared\kitpymes.core.shared.tests\bin\debug\net7.0\kitpymes.core.shared.tests.dll" id="128eea5c-70b8-414f-b4d3-7ba3fb47a545">
      <Execution id="0c7541d5-7e31-4fa2-894c-b620a08a992c" />
      <TestMethod codeBase="D:\SFERRARI\01_TRABAJO\repos\netcore\libs\template-netcore-shared\Kitpymes.Core.Shared.Tests\bin\Debug\net7.0\Kitpymes.Core.Shared.Tests.dll" adapterTypeName="executor://mstestadapter/v2" className="Kitpymes.Core.Shared.Tests.StringExtensionsTests" name="ToEnum_Passing_InvalidValueInt_Returns_EnumDefaultValue" />
    </UnitTest>
    <UnitTest name="ToExists_Passing_Service_Not_Found_Returns_False" storage="d:\sferrari\01_trabajo\repos\netcore\libs\template-netcore-shared\kitpymes.core.shared.tests\bin\debug\net7.0\kitpymes.core.shared.tests.dll" id="a7ae90be-6d47-4bbc-8ad7-56a4ad53abff">
      <Execution id="92f4f072-e442-4e58-a01a-7d7bb8801a2c" />
      <TestMethod codeBase="D:\SFERRARI\01_TRABAJO\repos\netcore\libs\template-netcore-shared\Kitpymes.Core.Shared.Tests\bin\Debug\net7.0\Kitpymes.Core.Shared.Tests.dll" adapterTypeName="executor://mstestadapter/v2" className="Kitpymes.Core.Shared.Tests.ApplicationBuilderExtensionsTests" name="ToExists_Passing_Service_Not_Found_Returns_False" />
    </UnitTest>
    <UnitTest name="ToUri_Passing_ValidValueString_Returns_Uri (http://userid@example.com/)" storage="d:\sferrari\01_trabajo\repos\netcore\libs\template-netcore-shared\kitpymes.core.shared.tests\bin\debug\net7.0\kitpymes.core.shared.tests.dll" id="2003cd83-f0d9-46b2-9760-63418088a7e3">
      <Execution id="fd0ed12c-30cf-4b57-aca7-5019a46c0237" />
      <TestMethod codeBase="D:\SFERRARI\01_TRABAJO\repos\netcore\libs\template-netcore-shared\Kitpymes.Core.Shared.Tests\bin\Debug\net7.0\Kitpymes.Core.Shared.Tests.dll" adapterTypeName="executor://mstestadapter/v2" className="Kitpymes.Core.Shared.Tests.StringExtensionsTests" name="ToUri_Passing_ValidValueString_Returns_Uri" />
    </UnitTest>
    <UnitTest name="ResultDataUnauthorized" storage="d:\sferrari\01_trabajo\repos\netcore\libs\template-netcore-shared\kitpymes.core.shared.tests\bin\debug\net7.0\kitpymes.core.shared.tests.dll" id="c1d8b290-e2f4-4fd7-84f5-7abb5f338d3c">
      <Execution id="304139be-38c3-43ff-8000-801a9cbaa66f" />
      <TestMethod codeBase="D:\SFERRARI\01_TRABAJO\repos\netcore\libs\template-netcore-shared\Kitpymes.Core.Shared.Tests\bin\Debug\net7.0\Kitpymes.Core.Shared.Tests.dll" adapterTypeName="executor://mstestadapter/v2" className="Kitpymes.Core.Shared.Tests.ResultTest" name="ResultDataUnauthorized" />
    </UnitTest>
    <UnitTest name="ToHashAlgorithmName_Passing_ValidValueString_Returns_HashAlgorithmName (MD5)" storage="d:\sferrari\01_trabajo\repos\netcore\libs\template-netcore-shared\kitpymes.core.shared.tests\bin\debug\net7.0\kitpymes.core.shared.tests.dll" id="8763e69d-c417-4f20-ba54-ca480afa0c27">
      <Execution id="d617e764-f44b-436c-bf8b-b1877018f70f" />
      <TestMethod codeBase="D:\SFERRARI\01_TRABAJO\repos\netcore\libs\template-netcore-shared\Kitpymes.Core.Shared.Tests\bin\Debug\net7.0\Kitpymes.Core.Shared.Tests.dll" adapterTypeName="executor://mstestadapter/v2" className="Kitpymes.Core.Shared.Tests.StringExtensionsTests" name="ToHashAlgorithmName_Passing_ValidValueString_Returns_HashAlgorithmName" />
    </UnitTest>
    <UnitTest name="ToUri_Passing_ValidValueString_Returns_Uri (http://userid:password@example.com:8080/)" storage="d:\sferrari\01_trabajo\repos\netcore\libs\template-netcore-shared\kitpymes.core.shared.tests\bin\debug\net7.0\kitpymes.core.shared.tests.dll" id="d1645085-587b-4e17-91cb-95df2fd76754">
      <Execution id="4c16e166-145a-46df-bf11-d89940801016" />
      <TestMethod codeBase="D:\SFERRARI\01_TRABAJO\repos\netcore\libs\template-netcore-shared\Kitpymes.Core.Shared.Tests\bin\Debug\net7.0\Kitpymes.Core.Shared.Tests.dll" adapterTypeName="executor://mstestadapter/v2" className="Kitpymes.Core.Shared.Tests.StringExtensionsTests" name="ToUri_Passing_ValidValueString_Returns_Uri" />
    </UnitTest>
    <UnitTest name="ToAttribute_Passing_Enumeration_Name_Returns_Atributte" storage="d:\sferrari\01_trabajo\repos\netcore\libs\template-netcore-shared\kitpymes.core.shared.tests\bin\debug\net7.0\kitpymes.core.shared.tests.dll" id="defb405b-d9b9-4a74-be55-f3991c89e70c">
      <Execution id="ed1a0bc7-589c-434f-81ad-48e019d57d2b" />
      <TestMethod codeBase="D:\SFERRARI\01_TRABAJO\repos\netcore\libs\template-netcore-shared\Kitpymes.Core.Shared.Tests\bin\Debug\net7.0\Kitpymes.Core.Shared.Tests.dll" adapterTypeName="executor://mstestadapter/v2" className="Kitpymes.Core.Shared.Tests.EnumExtensionsTests" name="ToAttribute_Passing_Enumeration_Name_Returns_Atributte" />
    </UnitTest>
    <UnitTest name="ToNormalize_Passing_ValidValue_Returns_NormalizedValue (ÈÉËÊ,EEEE)" storage="d:\sferrari\01_trabajo\repos\netcore\libs\template-netcore-shared\kitpymes.core.shared.tests\bin\debug\net7.0\kitpymes.core.shared.tests.dll" id="7349b74e-d4df-47ad-85b0-ae84c500fbcd">
      <Execution id="4dd39252-414e-4325-ac85-7d78ddd5429e" />
      <TestMethod codeBase="D:\SFERRARI\01_TRABAJO\repos\netcore\libs\template-netcore-shared\Kitpymes.Core.Shared.Tests\bin\Debug\net7.0\Kitpymes.Core.Shared.Tests.dll" adapterTypeName="executor://mstestadapter/v2" className="Kitpymes.Core.Shared.Tests.StringExtensionsTests" name="ToNormalize_Passing_ValidValue_Returns_NormalizedValue" />
    </UnitTest>
    <UnitTest name="ToEmailMaskUserName_Passing_ValidEmail_Returns_EmailWithMask (qazwsxedc@gmailgmail.com,q*******c@gmailgmail.com)" storage="d:\sferrari\01_trabajo\repos\netcore\libs\template-netcore-shared\kitpymes.core.shared.tests\bin\debug\net7.0\kitpymes.core.shared.tests.dll" id="d0d590b8-ace8-4f84-a53a-78753f76aea1">
      <Execution id="c021f6aa-ba8b-42a2-ae84-a5534c54ca0b" />
      <TestMethod codeBase="D:\SFERRARI\01_TRABAJO\repos\netcore\libs\template-netcore-shared\Kitpymes.Core.Shared.Tests\bin\Debug\net7.0\Kitpymes.Core.Shared.Tests.dll" adapterTypeName="executor://mstestadapter/v2" className="Kitpymes.Core.Shared.Tests.StringExtensionsTests" name="ToEmailMaskUserName_Passing_ValidEmail_Returns_EmailWithMask" />
    </UnitTest>
    <UnitTest name="ToResultAsync_Passing_StatusCodeAnd_MessageAndContentTypeAndHeader_Values_Returns_Values (/test)" storage="d:\sferrari\01_trabajo\repos\netcore\libs\template-netcore-shared\kitpymes.core.shared.tests\bin\debug\net7.0\kitpymes.core.shared.tests.dll" id="68384d8f-2f11-405a-8caf-de5aa42dacf7">
      <Execution id="7fdc8387-43dc-4409-98fa-c6fc52066b9d" />
      <TestMethod codeBase="D:\SFERRARI\01_TRABAJO\repos\netcore\libs\template-netcore-shared\Kitpymes.Core.Shared.Tests\bin\Debug\net7.0\Kitpymes.Core.Shared.Tests.dll" adapterTypeName="executor://mstestadapter/v2" className="Kitpymes.Core.Shared.Tests.HttpResponseExtensionsTests" name="ToResultAsync_Passing_StatusCodeAnd_MessageAndContentTypeAndHeader_Values_Returns_Values" />
    </UnitTest>
    <UnitTest name="ToNormalize_Passing_ValidValue_Returns_NormalizedValue (Åge,Age)" storage="d:\sferrari\01_trabajo\repos\netcore\libs\template-netcore-shared\kitpymes.core.shared.tests\bin\debug\net7.0\kitpymes.core.shared.tests.dll" id="546b3e4f-3e1d-411f-b4dc-f208f907263a">
      <Execution id="e0c5ea43-515d-4b9f-a94f-f99946b09269" />
      <TestMethod codeBase="D:\SFERRARI\01_TRABAJO\repos\netcore\libs\template-netcore-shared\Kitpymes.Core.Shared.Tests\bin\Debug\net7.0\Kitpymes.Core.Shared.Tests.dll" adapterTypeName="executor://mstestadapter/v2" className="Kitpymes.Core.Shared.Tests.StringExtensionsTests" name="ToNormalize_Passing_ValidValue_Returns_NormalizedValue" />
    </UnitTest>
    <UnitTest name="ToSubdomain_Passing_HttpRequest_Host_Returns_Subdomain" storage="d:\sferrari\01_trabajo\repos\netcore\libs\template-netcore-shared\kitpymes.core.shared.tests\bin\debug\net7.0\kitpymes.core.shared.tests.dll" id="eae6bc19-43cf-47d1-a89f-a599d4ec91fa">
      <Execution id="ea2966c5-e3a7-4ab1-91eb-6070d84ff09a" />
      <TestMethod codeBase="D:\SFERRARI\01_TRABAJO\repos\netcore\libs\template-netcore-shared\Kitpymes.Core.Shared.Tests\bin\Debug\net7.0\Kitpymes.Core.Shared.Tests.dll" adapterTypeName="executor://mstestadapter/v2" className="Kitpymes.Core.Shared.Tests.HttpRequestExtensionsTests" name="ToSubdomain_Passing_HttpRequest_Host_Returns_Subdomain" />
    </UnitTest>
    <UnitTest name="ResultUnauthorized" storage="d:\sferrari\01_trabajo\repos\netcore\libs\template-netcore-shared\kitpymes.core.shared.tests\bin\debug\net7.0\kitpymes.core.shared.tests.dll" id="3350ea9b-1a25-469c-a6e7-bc5b932ff78d">
      <Execution id="3a4ad070-fdd4-45d7-8941-5f0107880344" />
      <TestMethod codeBase="D:\SFERRARI\01_TRABAJO\repos\netcore\libs\template-netcore-shared\Kitpymes.Core.Shared.Tests\bin\Debug\net7.0\Kitpymes.Core.Shared.Tests.dll" adapterTypeName="executor://mstestadapter/v2" className="Kitpymes.Core.Shared.Tests.ResultTest" name="ResultUnauthorized" />
    </UnitTest>
    <UnitTest name="ToNormalize_Passing_ValidValue_Returns_NormalizedValue ( àáäâ ãøçħ ,aaaa aoch)" storage="d:\sferrari\01_trabajo\repos\netcore\libs\template-netcore-shared\kitpymes.core.shared.tests\bin\debug\net7.0\kitpymes.core.shared.tests.dll" id="bb076a31-0991-4bc7-91c6-c91730f41d5e">
      <Execution id="773a113e-9e9d-4721-b111-aac715127727" />
      <TestMethod codeBase="D:\SFERRARI\01_TRABAJO\repos\netcore\libs\template-netcore-shared\Kitpymes.Core.Shared.Tests\bin\Debug\net7.0\Kitpymes.Core.Shared.Tests.dll" adapterTypeName="executor://mstestadapter/v2" className="Kitpymes.Core.Shared.Tests.StringExtensionsTests" name="ToNormalize_Passing_ValidValue_Returns_NormalizedValue" />
    </UnitTest>
    <UnitTest name="ToEnvironment_Passing_Staging_Enviroment_Returns_Staging_Name" storage="d:\sferrari\01_trabajo\repos\netcore\libs\template-netcore-shared\kitpymes.core.shared.tests\bin\debug\net7.0\kitpymes.core.shared.tests.dll" id="a464a4ea-0f0a-4c00-98f3-911844283624">
      <Execution id="479584ac-a125-4629-b966-f8880573ff62" />
      <TestMethod codeBase="D:\SFERRARI\01_TRABAJO\repos\netcore\libs\template-netcore-shared\Kitpymes.Core.Shared.Tests\bin\Debug\net7.0\Kitpymes.Core.Shared.Tests.dll" adapterTypeName="executor://mstestadapter/v2" className="Kitpymes.Core.Shared.Tests.ApplicationBuilderExtensionsTests" name="ToEnvironment_Passing_Staging_Enviroment_Returns_Staging_Name" />
    </UnitTest>
    <UnitTest name="ToConfiguration_Passing_Key_Values_Returns_Ok" storage="d:\sferrari\01_trabajo\repos\netcore\libs\template-netcore-shared\kitpymes.core.shared.tests\bin\debug\net7.0\kitpymes.core.shared.tests.dll" id="f060466c-901c-437e-8ac4-c1f83ac8163a">
      <Execution id="1acf5909-2296-47ae-b689-7bc8ef3e783c" />
      <TestMethod codeBase="D:\SFERRARI\01_TRABAJO\repos\netcore\libs\template-netcore-shared\Kitpymes.Core.Shared.Tests\bin\Debug\net7.0\Kitpymes.Core.Shared.Tests.dll" adapterTypeName="executor://mstestadapter/v2" className="Kitpymes.Core.Shared.Tests.ConfigurationBuilderExtensionsTests" name="ToConfiguration_Passing_Key_Values_Returns_Ok" />
    </UnitTest>
    <UnitTest name="ToAuthenticationType_Passing_Claims_Returns_Null" storage="d:\sferrari\01_trabajo\repos\netcore\libs\template-netcore-shared\kitpymes.core.shared.tests\bin\debug\net7.0\kitpymes.core.shared.tests.dll" id="679367a9-cbea-4552-b3a7-2f20462972ae">
      <Execution id="ee83ea89-1317-42b2-b06b-f236dcf6d194" />
      <TestMethod codeBase="D:\SFERRARI\01_TRABAJO\repos\netcore\libs\template-netcore-shared\Kitpymes.Core.Shared.Tests\bin\Debug\net7.0\Kitpymes.Core.Shared.Tests.dll" adapterTypeName="executor://mstestadapter/v2" className="Kitpymes.Core.Shared.Tests.ClaimsPrincipalExtensionsTests" name="ToAuthenticationType_Passing_Claims_Returns_Null" />
    </UnitTest>
    <UnitTest name="ToUri_Passing_InvalidValueString_Returns_Null (http://)" storage="d:\sferrari\01_trabajo\repos\netcore\libs\template-netcore-shared\kitpymes.core.shared.tests\bin\debug\net7.0\kitpymes.core.shared.tests.dll" id="100bbcf4-4b1f-4788-b6dd-887abcf67e4f">
      <Execution id="e3827fc2-79d3-4830-a8ec-498fb066c522" />
      <TestMethod codeBase="D:\SFERRARI\01_TRABAJO\repos\netcore\libs\template-netcore-shared\Kitpymes.Core.Shared.Tests\bin\Debug\net7.0\Kitpymes.Core.Shared.Tests.dll" adapterTypeName="executor://mstestadapter/v2" className="Kitpymes.Core.Shared.Tests.StringExtensionsTests" name="ToUri_Passing_InvalidValueString_Returns_Null" />
    </UnitTest>
    <UnitTest name="ToInt_Passing_InvalidValueString_Returns_DefaultValue (1.3333)" storage="d:\sferrari\01_trabajo\repos\netcore\libs\template-netcore-shared\kitpymes.core.shared.tests\bin\debug\net7.0\kitpymes.core.shared.tests.dll" id="3726a28d-216c-4108-ab9f-b3ddeaf91548">
      <Execution id="67863af3-0987-4aa8-b8f5-cb500350454f" />
      <TestMethod codeBase="D:\SFERRARI\01_TRABAJO\repos\netcore\libs\template-netcore-shared\Kitpymes.Core.Shared.Tests\bin\Debug\net7.0\Kitpymes.Core.Shared.Tests.dll" adapterTypeName="executor://mstestadapter/v2" className="Kitpymes.Core.Shared.Tests.StringExtensionsTests" name="ToInt_Passing_InvalidValueString_Returns_DefaultValue" />
    </UnitTest>
    <UnitTest name="ToUri_Passing_ValidValueString_Returns_Uri (http://✪df.ws/123)" storage="d:\sferrari\01_trabajo\repos\netcore\libs\template-netcore-shared\kitpymes.core.shared.tests\bin\debug\net7.0\kitpymes.core.shared.tests.dll" id="3bf91f53-0d58-41fc-8bcb-5a840987da39">
      <Execution id="97e924bb-bf44-4fc9-bea9-1ce87f05feac" />
      <TestMethod codeBase="D:\SFERRARI\01_TRABAJO\repos\netcore\libs\template-netcore-shared\Kitpymes.Core.Shared.Tests\bin\Debug\net7.0\Kitpymes.Core.Shared.Tests.dll" adapterTypeName="executor://mstestadapter/v2" className="Kitpymes.Core.Shared.Tests.StringExtensionsTests" name="ToUri_Passing_ValidValueString_Returns_Uri" />
    </UnitTest>
    <UnitTest name="ResultDataBadRequest_WithErrors_Dictionary" storage="d:\sferrari\01_trabajo\repos\netcore\libs\template-netcore-shared\kitpymes.core.shared.tests\bin\debug\net7.0\kitpymes.core.shared.tests.dll" id="c9fd9f69-e8bf-4cc0-847f-a8ee1c41702a">
      <Execution id="b957b7dd-f8f5-4508-a713-0c42b004150d" />
      <TestMethod codeBase="D:\SFERRARI\01_TRABAJO\repos\netcore\libs\template-netcore-shared\Kitpymes.Core.Shared.Tests\bin\Debug\net7.0\Kitpymes.Core.Shared.Tests.dll" adapterTypeName="executor://mstestadapter/v2" className="Kitpymes.Core.Shared.Tests.ResultTest" name="ResultDataBadRequest_WithErrors_Dictionary" />
    </UnitTest>
    <UnitTest name="ToStartOfWeek_Passing_DateTime_Returns_Start_Of_Week_DateTime" storage="d:\sferrari\01_trabajo\repos\netcore\libs\template-netcore-shared\kitpymes.core.shared.tests\bin\debug\net7.0\kitpymes.core.shared.tests.dll" id="bc785a8b-1afc-40ae-89bd-530a402a8fff">
      <Execution id="556341b8-d574-45ca-b94c-18b1347a9c14" />
      <TestMethod codeBase="D:\SFERRARI\01_TRABAJO\repos\netcore\libs\template-netcore-shared\Kitpymes.Core.Shared.Tests\bin\Debug\net7.0\Kitpymes.Core.Shared.Tests.dll" adapterTypeName="executor://mstestadapter/v2" className="Kitpymes.Core.Shared.Tests.DateTimeExtensionsTests" name="ToStartOfWeek_Passing_DateTime_Returns_Start_Of_Week_DateTime" />
    </UnitTest>
    <UnitTest name="ToContentType_Passing_ValidValueString_Returns_ContentType (xxxx.jpeg,image/jpeg)" storage="d:\sferrari\01_trabajo\repos\netcore\libs\template-netcore-shared\kitpymes.core.shared.tests\bin\debug\net7.0\kitpymes.core.shared.tests.dll" id="0eb4211a-49e1-4afb-a896-ba3f31c302b8">
      <Execution id="2251c0e6-c1e2-4935-8e8e-375a192195f2" />
      <TestMethod codeBase="D:\SFERRARI\01_TRABAJO\repos\netcore\libs\template-netcore-shared\Kitpymes.Core.Shared.Tests\bin\Debug\net7.0\Kitpymes.Core.Shared.Tests.dll" adapterTypeName="executor://mstestadapter/v2" className="Kitpymes.Core.Shared.Tests.StringExtensionsTests" name="ToContentType_Passing_ValidValueString_Returns_ContentType" />
    </UnitTest>
    <UnitTest name="ToService_Passing_Service_Not_Found_Returns_Null" storage="d:\sferrari\01_trabajo\repos\netcore\libs\template-netcore-shared\kitpymes.core.shared.tests\bin\debug\net7.0\kitpymes.core.shared.tests.dll" id="6a02ede2-0a38-4ace-b289-b69d945752a3">
      <Execution id="aacc41a5-81eb-4255-b890-1564406bf762" />
      <TestMethod codeBase="D:\SFERRARI\01_TRABAJO\repos\netcore\libs\template-netcore-shared\Kitpymes.Core.Shared.Tests\bin\Debug\net7.0\Kitpymes.Core.Shared.Tests.dll" adapterTypeName="executor://mstestadapter/v2" className="Kitpymes.Core.Shared.Tests.ApplicationBuilderExtensionsTests" name="ToService_Passing_Service_Not_Found_Returns_Null" />
    </UnitTest>
    <UnitTest name="ToEmailMask_Passing_ValidEmail_Returns_EmailWithMask (qazwsx@gmailgmail.com,q----x@g---------.com)" storage="d:\sferrari\01_trabajo\repos\netcore\libs\template-netcore-shared\kitpymes.core.shared.tests\bin\debug\net7.0\kitpymes.core.shared.tests.dll" id="cbe48fa1-2202-42cc-bfdb-cb580dd586d9">
      <Execution id="8de342f6-28c4-42b7-928e-bac13f022127" />
      <TestMethod codeBase="D:\SFERRARI\01_TRABAJO\repos\netcore\libs\template-netcore-shared\Kitpymes.Core.Shared.Tests\bin\Debug\net7.0\Kitpymes.Core.Shared.Tests.dll" adapterTypeName="executor://mstestadapter/v2" className="Kitpymes.Core.Shared.Tests.StringExtensionsTests" name="ToEmailMask_Passing_ValidEmail_Returns_EmailWithMask" />
    </UnitTest>
    <UnitTest name="ToFirstLetterUpper_Passing_ValidValue_Returns_StringWithFirstLetterUpper (aeiou,Aeiou)" storage="d:\sferrari\01_trabajo\repos\netcore\libs\template-netcore-shared\kitpymes.core.shared.tests\bin\debug\net7.0\kitpymes.core.shared.tests.dll" id="c1dab99a-baea-4071-9f81-759558a1eda1">
      <Execution id="50648ec6-8d65-49f9-88eb-93492f97c1f9" />
      <TestMethod codeBase="D:\SFERRARI\01_TRABAJO\repos\netcore\libs\template-netcore-shared\Kitpymes.Core.Shared.Tests\bin\Debug\net7.0\Kitpymes.Core.Shared.Tests.dll" adapterTypeName="executor://mstestadapter/v2" className="Kitpymes.Core.Shared.Tests.StringExtensionsTests" name="ToFirstLetterUpper_Passing_ValidValue_Returns_StringWithFirstLetterUpper" />
    </UnitTest>
    <UnitTest name="ToMapUpdate_Passing_Destination_Object_Returns_Updated_Destination_Object" storage="d:\sferrari\01_trabajo\repos\netcore\libs\template-netcore-shared\kitpymes.core.shared.tests\bin\debug\net7.0\kitpymes.core.shared.tests.dll" id="ed8160b7-4e69-49a2-99c7-9896273acdc6">
      <Execution id="354bd32b-fc07-4547-8ad1-04c21fd71773" />
      <TestMethod codeBase="D:\SFERRARI\01_TRABAJO\repos\netcore\libs\template-netcore-shared\Kitpymes.Core.Shared.Tests\bin\Debug\net7.0\Kitpymes.Core.Shared.Tests.dll" adapterTypeName="executor://mstestadapter/v2" className="Kitpymes.Core.Shared.Tests.AgileMapperExtensionsTests" name="ToMapUpdate_Passing_Destination_Object_Returns_Updated_Destination_Object" />
    </UnitTest>
    <UnitTest name="ToUri_Passing_ValidValueString_Returns_Uri (http://foo.com/blah_blah_(wikipedia)_(again))" storage="d:\sferrari\01_trabajo\repos\netcore\libs\template-netcore-shared\kitpymes.core.shared.tests\bin\debug\net7.0\kitpymes.core.shared.tests.dll" id="d30145bf-bff2-4b01-b5c0-bb1aa25bf5c6">
      <Execution id="8830b8e4-509d-407a-80f4-49ade07818cc" />
      <TestMethod codeBase="D:\SFERRARI\01_TRABAJO\repos\netcore\libs\template-netcore-shared\Kitpymes.Core.Shared.Tests\bin\Debug\net7.0\Kitpymes.Core.Shared.Tests.dll" adapterTypeName="executor://mstestadapter/v2" className="Kitpymes.Core.Shared.Tests.StringExtensionsTests" name="ToUri_Passing_ValidValueString_Returns_Uri" />
    </UnitTest>
    <UnitTest name="ToRemove_Passing_ValidValue_Returns_ValueWithoutRemovedChars ( *, ,*)" storage="d:\sferrari\01_trabajo\repos\netcore\libs\template-netcore-shared\kitpymes.core.shared.tests\bin\debug\net7.0\kitpymes.core.shared.tests.dll" id="35f5b547-b455-4cf6-ad03-7c6b6f48b351">
      <Execution id="ff79b6fe-d623-4aa7-bab5-400d6b8d5d15" />
      <TestMethod codeBase="D:\SFERRARI\01_TRABAJO\repos\netcore\libs\template-netcore-shared\Kitpymes.Core.Shared.Tests\bin\Debug\net7.0\Kitpymes.Core.Shared.Tests.dll" adapterTypeName="executor://mstestadapter/v2" className="Kitpymes.Core.Shared.Tests.StringExtensionsTests" name="ToRemove_Passing_ValidValue_Returns_ValueWithoutRemovedChars" />
    </UnitTest>
    <UnitTest name="ThrowIfNotEmail_Passing_InvalidValue_Returns_ApplicationExceptionWithMessage (dasdasd@dsasd.._ff)" storage="d:\sferrari\01_trabajo\repos\netcore\libs\template-netcore-shared\kitpymes.core.shared.tests\bin\debug\net7.0\kitpymes.core.shared.tests.dll" id="0d144cf3-0906-4757-ad8e-c390fc76cad3">
      <Execution id="ee336868-1716-409a-ba25-896c266dfd05" />
      <TestMethod codeBase="D:\SFERRARI\01_TRABAJO\repos\netcore\libs\template-netcore-shared\Kitpymes.Core.Shared.Tests\bin\Debug\net7.0\Kitpymes.Core.Shared.Tests.dll" adapterTypeName="executor://mstestadapter/v2" className="Kitpymes.Core.Shared.Tests.VerifyExtensionsTests" name="ThrowIfNotEmail_Passing_InvalidValue_Returns_ApplicationExceptionWithMessage" />
    </UnitTest>
    <UnitTest name="ToStringFormat_Passing_ValidValue_Returns_ValueWithoutRemovedChars (2147483647)" storage="d:\sferrari\01_trabajo\repos\netcore\libs\template-netcore-shared\kitpymes.core.shared.tests\bin\debug\net7.0\kitpymes.core.shared.tests.dll" id="d98df8c6-1bbb-435f-a4d5-965835f1a6b6">
      <Execution id="4355c327-42d7-408b-9eae-9afa012b032c" />
      <TestMethod codeBase="D:\SFERRARI\01_TRABAJO\repos\netcore\libs\template-netcore-shared\Kitpymes.Core.Shared.Tests\bin\Debug\net7.0\Kitpymes.Core.Shared.Tests.dll" adapterTypeName="executor://mstestadapter/v2" className="Kitpymes.Core.Shared.Tests.IntegerExtensionsTests" name="ToStringFormat_Passing_ValidValue_Returns_ValueWithoutRemovedChars" />
    </UnitTest>
    <UnitTest name="ToHashAlgorithmName_Passing_InvalidValueString_Returns_Null (hhhhhh)" storage="d:\sferrari\01_trabajo\repos\netcore\libs\template-netcore-shared\kitpymes.core.shared.tests\bin\debug\net7.0\kitpymes.core.shared.tests.dll" id="b4ad09cc-9cb3-4fb7-b554-fdf73621cb1f">
      <Execution id="03ee7a4d-eb69-4902-96bd-e7419d692609" />
      <TestMethod codeBase="D:\SFERRARI\01_TRABAJO\repos\netcore\libs\template-netcore-shared\Kitpymes.Core.Shared.Tests\bin\Debug\net7.0\Kitpymes.Core.Shared.Tests.dll" adapterTypeName="executor://mstestadapter/v2" className="Kitpymes.Core.Shared.Tests.StringExtensionsTests" name="ToHashAlgorithmName_Passing_InvalidValueString_Returns_Null" />
    </UnitTest>
    <UnitTest name="ToGet_Passing_Claims_Returns_Claim_Value_Int" storage="d:\sferrari\01_trabajo\repos\netcore\libs\template-netcore-shared\kitpymes.core.shared.tests\bin\debug\net7.0\kitpymes.core.shared.tests.dll" id="7b76c92b-a2e1-4514-b4a8-6472ec1ab0a4">
      <Execution id="3351c08d-d0e7-4cf6-935e-9033d04c0deb" />
      <TestMethod codeBase="D:\SFERRARI\01_TRABAJO\repos\netcore\libs\template-netcore-shared\Kitpymes.Core.Shared.Tests\bin\Debug\net7.0\Kitpymes.Core.Shared.Tests.dll" adapterTypeName="executor://mstestadapter/v2" className="Kitpymes.Core.Shared.Tests.ClaimsPrincipalExtensionsTests" name="ToGet_Passing_Claims_Returns_Claim_Value_Int" />
    </UnitTest>
    <UnitTest name="ToEmailMaskUserName_Passing_ValidEmail_Returns_EmailWithMask (qazwsxedc@gmail.com,q*******c@gmail.com)" storage="d:\sferrari\01_trabajo\repos\netcore\libs\template-netcore-shared\kitpymes.core.shared.tests\bin\debug\net7.0\kitpymes.core.shared.tests.dll" id="189a5098-9475-48d4-8d33-d0025daf2b11">
      <Execution id="72113391-ce3a-4ec0-ba04-5b0ce7f1d44e" />
      <TestMethod codeBase="D:\SFERRARI\01_TRABAJO\repos\netcore\libs\template-netcore-shared\Kitpymes.Core.Shared.Tests\bin\Debug\net7.0\Kitpymes.Core.Shared.Tests.dll" adapterTypeName="executor://mstestadapter/v2" className="Kitpymes.Core.Shared.Tests.StringExtensionsTests" name="ToEmailMaskUserName_Passing_ValidEmail_Returns_EmailWithMask" />
    </UnitTest>
    <UnitTest name="ToFirstLetterLower_Passing_ValidValue_Returns_StringWithFirstLetterLower (aEIOU,aEIOU)" storage="d:\sferrari\01_trabajo\repos\netcore\libs\template-netcore-shared\kitpymes.core.shared.tests\bin\debug\net7.0\kitpymes.core.shared.tests.dll" id="f8d82bec-11b2-4627-b76b-e56f989149d7">
      <Execution id="978e8102-acf6-43ec-baad-232b6ac249c9" />
      <TestMethod codeBase="D:\SFERRARI\01_TRABAJO\repos\netcore\libs\template-netcore-shared\Kitpymes.Core.Shared.Tests\bin\Debug\net7.0\Kitpymes.Core.Shared.Tests.dll" adapterTypeName="executor://mstestadapter/v2" className="Kitpymes.Core.Shared.Tests.StringExtensionsTests" name="ToFirstLetterLower_Passing_ValidValue_Returns_StringWithFirstLetterLower" />
    </UnitTest>
    <UnitTest name="ToFirstLetterLower_Passing_ValidValue_Returns_StringWithFirstLetterLower (aeioU,aeioU)" storage="d:\sferrari\01_trabajo\repos\netcore\libs\template-netcore-shared\kitpymes.core.shared.tests\bin\debug\net7.0\kitpymes.core.shared.tests.dll" id="016d65ba-6e7d-4549-83f4-084bb7278516">
      <Execution id="5ec309d0-e39b-4165-a9be-e8735eed7866" />
      <TestMethod codeBase="D:\SFERRARI\01_TRABAJO\repos\netcore\libs\template-netcore-shared\Kitpymes.Core.Shared.Tests\bin\Debug\net7.0\Kitpymes.Core.Shared.Tests.dll" adapterTypeName="executor://mstestadapter/v2" className="Kitpymes.Core.Shared.Tests.StringExtensionsTests" name="ToFirstLetterLower_Passing_ValidValue_Returns_StringWithFirstLetterLower" />
    </UnitTest>
    <UnitTest name="ToReplace_Passing_ValidValue_Returns_ReplacedValue (aeiou,*,0,4,****u)" storage="d:\sferrari\01_trabajo\repos\netcore\libs\template-netcore-shared\kitpymes.core.shared.tests\bin\debug\net7.0\kitpymes.core.shared.tests.dll" id="4fc38ccc-e271-42c5-bd37-18c199a9530e">
      <Execution id="b43adbbe-cc55-46eb-9f3c-b8cc1a52e86e" />
      <TestMethod codeBase="D:\SFERRARI\01_TRABAJO\repos\netcore\libs\template-netcore-shared\Kitpymes.Core.Shared.Tests\bin\Debug\net7.0\Kitpymes.Core.Shared.Tests.dll" adapterTypeName="executor://mstestadapter/v2" className="Kitpymes.Core.Shared.Tests.StringExtensionsTests" name="ToReplace_Passing_ValidValue_Returns_ReplacedValue" />
    </UnitTest>
    <UnitTest name="ToServiceMatchingClass_Passing_Empties_Assemblies_Returns_ApplicationException" storage="d:\sferrari\01_trabajo\repos\netcore\libs\template-netcore-shared\kitpymes.core.shared.tests\bin\debug\net7.0\kitpymes.core.shared.tests.dll" id="e1383f4a-6f78-4641-ab50-fa6352600714">
      <Execution id="14d4d6f1-4983-4f1e-8eb0-42166eb396f4" />
      <TestMethod codeBase="D:\SFERRARI\01_TRABAJO\repos\netcore\libs\template-netcore-shared\Kitpymes.Core.Shared.Tests\bin\Debug\net7.0\Kitpymes.Core.Shared.Tests.dll" adapterTypeName="executor://mstestadapter/v2" className="Kitpymes.Core.Shared.Tests.ConfigurationBuilderExtensionsTests" name="ToServiceMatchingClass_Passing_Empties_Assemblies_Returns_ApplicationException" />
    </UnitTest>
    <UnitTest name="ToDefaultValue_Passing_int_Returns_Cero (2147483647)" storage="d:\sferrari\01_trabajo\repos\netcore\libs\template-netcore-shared\kitpymes.core.shared.tests\bin\debug\net7.0\kitpymes.core.shared.tests.dll" id="02d11f43-2b40-4c38-aade-58fa37096b63">
      <Execution id="6224b86c-fba2-4b17-8ee2-ce80a6bba319" />
      <TestMethod codeBase="D:\SFERRARI\01_TRABAJO\repos\netcore\libs\template-netcore-shared\Kitpymes.Core.Shared.Tests\bin\Debug\net7.0\Kitpymes.Core.Shared.Tests.dll" adapterTypeName="executor://mstestadapter/v2" className="Kitpymes.Core.Shared.Tests.GenericExtensionsTests" name="ToDefaultValue_Passing_int_Returns_Cero" />
    </UnitTest>
    <UnitTest name="ToSecuencial_Passing_Guids_Returns_GuidsSecuencials" storage="d:\sferrari\01_trabajo\repos\netcore\libs\template-netcore-shared\kitpymes.core.shared.tests\bin\debug\net7.0\kitpymes.core.shared.tests.dll" id="aa5fd337-60a8-48a7-a02f-eac9daf9b2bf">
      <Execution id="c3bd4b94-8414-49ef-a47a-759370dc9191" />
      <TestMethod codeBase="D:\SFERRARI\01_TRABAJO\repos\netcore\libs\template-netcore-shared\Kitpymes.Core.Shared.Tests\bin\Debug\net7.0\Kitpymes.Core.Shared.Tests.dll" adapterTypeName="executor://mstestadapter/v2" className="Kitpymes.Core.Shared.Tests.GuidExtensionsTests" name="ToSecuencial_Passing_Guids_Returns_GuidsSecuencials" />
    </UnitTest>
    <UnitTest name="CreateAndVerifySHA512_Passing_Valid_Arguments_Returns_True (Password)" storage="d:\sferrari\01_trabajo\repos\netcore\libs\template-netcore-shared\kitpymes.core.shared.tests\bin\debug\net7.0\kitpymes.core.shared.tests.dll" id="5d2637f2-9692-4c51-a2e9-dec47c054602">
      <Execution id="da2efc83-815e-4f94-af2d-6c49cecbbac9" />
      <TestMethod codeBase="D:\SFERRARI\01_TRABAJO\repos\netcore\libs\template-netcore-shared\Kitpymes.Core.Shared.Tests\bin\Debug\net7.0\Kitpymes.Core.Shared.Tests.dll" adapterTypeName="executor://mstestadapter/v2" className="Kitpymes.Core.Shared.Tests.HashTests" name="CreateAndVerifySHA512_Passing_Valid_Arguments_Returns_True" />
    </UnitTest>
    <UnitTest name="ThrowIfNotSubdomain_Passing_InvalidValue_Returns_ApplicationExceptionWithMessage ()" storage="d:\sferrari\01_trabajo\repos\netcore\libs\template-netcore-shared\kitpymes.core.shared.tests\bin\debug\net7.0\kitpymes.core.shared.tests.dll" id="92104509-4c9a-4d0f-9583-6db30fbc772e">
      <Execution id="450bf116-501a-4949-9857-bbba66f8612f" />
      <TestMethod codeBase="D:\SFERRARI\01_TRABAJO\repos\netcore\libs\template-netcore-shared\Kitpymes.Core.Shared.Tests\bin\Debug\net7.0\Kitpymes.Core.Shared.Tests.dll" adapterTypeName="executor://mstestadapter/v2" className="Kitpymes.Core.Shared.Tests.VerifyExtensionsTests" name="ThrowIfNotSubdomain_Passing_InvalidValue_Returns_ApplicationExceptionWithMessage" />
    </UnitTest>
    <UnitTest name="ToUri_Passing_ValidValueString_Returns_Uri (http://☺.damowmow.com/)" storage="d:\sferrari\01_trabajo\repos\netcore\libs\template-netcore-shared\kitpymes.core.shared.tests\bin\debug\net7.0\kitpymes.core.shared.tests.dll" id="229ce216-f068-49d6-ac88-51dcbeb64e0a">
      <Execution id="ca2a2fd2-d851-4f6e-a1ed-454773dbf86f" />
      <TestMethod codeBase="D:\SFERRARI\01_TRABAJO\repos\netcore\libs\template-netcore-shared\Kitpymes.Core.Shared.Tests\bin\Debug\net7.0\Kitpymes.Core.Shared.Tests.dll" adapterTypeName="executor://mstestadapter/v2" className="Kitpymes.Core.Shared.Tests.StringExtensionsTests" name="ToUri_Passing_ValidValueString_Returns_Uri" />
    </UnitTest>
    <UnitTest name="ToUri_Passing_InvalidValueString_Returns_DefaultValue (http://?)" storage="d:\sferrari\01_trabajo\repos\netcore\libs\template-netcore-shared\kitpymes.core.shared.tests\bin\debug\net7.0\kitpymes.core.shared.tests.dll" id="00cdb9f9-c661-43b9-8caf-628b1ee4321c">
      <Execution id="9b5b284c-0568-43c5-9731-1164f470062b" />
      <TestMethod codeBase="D:\SFERRARI\01_TRABAJO\repos\netcore\libs\template-netcore-shared\Kitpymes.Core.Shared.Tests\bin\Debug\net7.0\Kitpymes.Core.Shared.Tests.dll" adapterTypeName="executor://mstestadapter/v2" className="Kitpymes.Core.Shared.Tests.StringExtensionsTests" name="ToUri_Passing_InvalidValueString_Returns_DefaultValue" />
    </UnitTest>
    <UnitTest name="ToIPv6_Passing_HttpContext_IP_Value_Returns_IP" storage="d:\sferrari\01_trabajo\repos\netcore\libs\template-netcore-shared\kitpymes.core.shared.tests\bin\debug\net7.0\kitpymes.core.shared.tests.dll" id="71cc07af-3d62-42fd-a43e-68e7822b97aa">
      <Execution id="6e83038a-63bf-4cbb-9bda-7369fb9bdce0" />
      <TestMethod codeBase="D:\SFERRARI\01_TRABAJO\repos\netcore\libs\template-netcore-shared\Kitpymes.Core.Shared.Tests\bin\Debug\net7.0\Kitpymes.Core.Shared.Tests.dll" adapterTypeName="executor://mstestadapter/v2" className="Kitpymes.Core.Shared.Tests.HttpContextExtensionsTests" name="ToIPv6_Passing_HttpContext_IP_Value_Returns_IP" />
    </UnitTest>
    <UnitTest name="ToAuthenticationType_Passing_Claims_Returns_AuthenticationType_Name" storage="d:\sferrari\01_trabajo\repos\netcore\libs\template-netcore-shared\kitpymes.core.shared.tests\bin\debug\net7.0\kitpymes.core.shared.tests.dll" id="1557b483-1e94-4b06-bc21-dcd6ffd97e35">
      <Execution id="f01b7b3c-85ba-4af2-94d1-79dd28c75852" />
      <TestMethod codeBase="D:\SFERRARI\01_TRABAJO\repos\netcore\libs\template-netcore-shared\Kitpymes.Core.Shared.Tests\bin\Debug\net7.0\Kitpymes.Core.Shared.Tests.dll" adapterTypeName="executor://mstestadapter/v2" className="Kitpymes.Core.Shared.Tests.ClaimsPrincipalExtensionsTests" name="ToAuthenticationType_Passing_Claims_Returns_AuthenticationType_Name" />
    </UnitTest>
    <UnitTest name="ToInt_Passing_InvalidValueString_Returns_Null (1,3333)" storage="d:\sferrari\01_trabajo\repos\netcore\libs\template-netcore-shared\kitpymes.core.shared.tests\bin\debug\net7.0\kitpymes.core.shared.tests.dll" id="daa04f83-596a-45a2-839c-6e751c49f41a">
      <Execution id="80ffa5c2-2be8-490b-8131-f306c3478959" />
      <TestMethod codeBase="D:\SFERRARI\01_TRABAJO\repos\netcore\libs\template-netcore-shared\Kitpymes.Core.Shared.Tests\bin\Debug\net7.0\Kitpymes.Core.Shared.Tests.dll" adapterTypeName="executor://mstestadapter/v2" className="Kitpymes.Core.Shared.Tests.StringExtensionsTests" name="ToInt_Passing_InvalidValueString_Returns_Null" />
    </UnitTest>
    <UnitTest name="ThrowIfOutRange_Passing_InvalidValue_Returns_ApplicationException (6)" storage="d:\sferrari\01_trabajo\repos\netcore\libs\template-netcore-shared\kitpymes.core.shared.tests\bin\debug\net7.0\kitpymes.core.shared.tests.dll" id="8ea8220c-7fa7-44e3-82b5-37476b98f330">
      <Execution id="386e44ca-81db-4ad2-84bb-26edeac5a3ab" />
      <TestMethod codeBase="D:\SFERRARI\01_TRABAJO\repos\netcore\libs\template-netcore-shared\Kitpymes.Core.Shared.Tests\bin\Debug\net7.0\Kitpymes.Core.Shared.Tests.dll" adapterTypeName="executor://mstestadapter/v2" className="Kitpymes.Core.Shared.Tests.VerifyExtensionsTests" name="ThrowIfOutRange_Passing_InvalidValue_Returns_ApplicationException" />
    </UnitTest>
    <UnitTest name="ToIsWeekend_Passing_Friday_DateTime_Returns_False" storage="d:\sferrari\01_trabajo\repos\netcore\libs\template-netcore-shared\kitpymes.core.shared.tests\bin\debug\net7.0\kitpymes.core.shared.tests.dll" id="911219d0-f129-4b64-92fe-5b4b26fec1a1">
      <Execution id="d99e97bb-fd09-426a-b916-ecb5e3ba8de8" />
      <TestMethod codeBase="D:\SFERRARI\01_TRABAJO\repos\netcore\libs\template-netcore-shared\Kitpymes.Core.Shared.Tests\bin\Debug\net7.0\Kitpymes.Core.Shared.Tests.dll" adapterTypeName="executor://mstestadapter/v2" className="Kitpymes.Core.Shared.Tests.DateTimeExtensionsTests" name="ToIsWeekend_Passing_Friday_DateTime_Returns_False" />
    </UnitTest>
    <UnitTest name="ToUri_Passing_ValidValueString_Returns_Uri (http://foo.com/blah_(wikipedia)#cite-1)" storage="d:\sferrari\01_trabajo\repos\netcore\libs\template-netcore-shared\kitpymes.core.shared.tests\bin\debug\net7.0\kitpymes.core.shared.tests.dll" id="157cc784-8aa5-43fc-851a-4c28f67bf4e2">
      <Execution id="43546ec2-f96e-4f1f-a99e-3e1cb42256e6" />
      <TestMethod codeBase="D:\SFERRARI\01_TRABAJO\repos\netcore\libs\template-netcore-shared\Kitpymes.Core.Shared.Tests\bin\Debug\net7.0\Kitpymes.Core.Shared.Tests.dll" adapterTypeName="executor://mstestadapter/v2" className="Kitpymes.Core.Shared.Tests.StringExtensionsTests" name="ToUri_Passing_ValidValueString_Returns_Uri" />
    </UnitTest>
    <UnitTest name="ToFirstLetterLower_Passing_ValidValue_Returns_StringWithFirstLetterLower (Aeiou,aeiou)" storage="d:\sferrari\01_trabajo\repos\netcore\libs\template-netcore-shared\kitpymes.core.shared.tests\bin\debug\net7.0\kitpymes.core.shared.tests.dll" id="57985bf5-76f6-4d16-8c09-842e7166fd85">
      <Execution id="ae9d0894-a98f-4f22-aba3-0d5c8e8d92d5" />
      <TestMethod codeBase="D:\SFERRARI\01_TRABAJO\repos\netcore\libs\template-netcore-shared\Kitpymes.Core.Shared.Tests\bin\Debug\net7.0\Kitpymes.Core.Shared.Tests.dll" adapterTypeName="executor://mstestadapter/v2" className="Kitpymes.Core.Shared.Tests.StringExtensionsTests" name="ToFirstLetterLower_Passing_ValidValue_Returns_StringWithFirstLetterLower" />
    </UnitTest>
    <UnitTest name="CreateAndVerifySHA512_Passing_Valid_Arguments_Returns_True (sdlfkjldsfksdfñl·%$·&amp;$/U&amp;/)(&amp;()?=)¿?^P*^PÑL,.,.lñ´ñ+98098'098098)" storage="d:\sferrari\01_trabajo\repos\netcore\libs\template-netcore-shared\kitpymes.core.shared.tests\bin\debug\net7.0\kitpymes.core.shared.tests.dll" id="cf07e1af-a589-438a-8825-569e08896f47">
      <Execution id="d6091fa9-d320-440a-8d1a-64f8d8c29781" />
      <TestMethod codeBase="D:\SFERRARI\01_TRABAJO\repos\netcore\libs\template-netcore-shared\Kitpymes.Core.Shared.Tests\bin\Debug\net7.0\Kitpymes.Core.Shared.Tests.dll" adapterTypeName="executor://mstestadapter/v2" className="Kitpymes.Core.Shared.Tests.HashTests" name="CreateAndVerifySHA512_Passing_Valid_Arguments_Returns_True" />
    </UnitTest>
    <UnitTest name="ToUri_Passing_InvalidValueString_Returns_DefaultValue (http://#)" storage="d:\sferrari\01_trabajo\repos\netcore\libs\template-netcore-shared\kitpymes.core.shared.tests\bin\debug\net7.0\kitpymes.core.shared.tests.dll" id="c044d568-4b55-43d3-8c8e-efb97ffb4d50">
      <Execution id="a9c5ac37-f1bd-460c-8b95-a0ea82aa99dc" />
      <TestMethod codeBase="D:\SFERRARI\01_TRABAJO\repos\netcore\libs\template-netcore-shared\Kitpymes.Core.Shared.Tests\bin\Debug\net7.0\Kitpymes.Core.Shared.Tests.dll" adapterTypeName="executor://mstestadapter/v2" className="Kitpymes.Core.Shared.Tests.StringExtensionsTests" name="ToUri_Passing_InvalidValueString_Returns_DefaultValue" />
    </UnitTest>
    <UnitTest name="ToEmailMaskUserNameAndDomainAndExtension_Passing_ValidEmail_Returns_EmailWithMask (qazwsx@gmail.com,q****x@g***l.c*m)" storage="d:\sferrari\01_trabajo\repos\netcore\libs\template-netcore-shared\kitpymes.core.shared.tests\bin\debug\net7.0\kitpymes.core.shared.tests.dll" id="afe1cbfb-0466-4bc1-a0d2-4efbd69108ac">
      <Execution id="8a3a3e24-08ee-4d11-9694-f7c1fb4d21a1" />
      <TestMethod codeBase="D:\SFERRARI\01_TRABAJO\repos\netcore\libs\template-netcore-shared\Kitpymes.Core.Shared.Tests\bin\Debug\net7.0\Kitpymes.Core.Shared.Tests.dll" adapterTypeName="executor://mstestadapter/v2" className="Kitpymes.Core.Shared.Tests.StringExtensionsTests" name="ToEmailMaskUserNameAndDomainAndExtension_Passing_ValidEmail_Returns_EmailWithMask" />
    </UnitTest>
    <UnitTest name="ToUri_Passing_ValidValueString_Returns_Uri (http://foo.com/blah_blah_(wikipedia))" storage="d:\sferrari\01_trabajo\repos\netcore\libs\template-netcore-shared\kitpymes.core.shared.tests\bin\debug\net7.0\kitpymes.core.shared.tests.dll" id="b8270bec-f6da-4268-bfb0-5f13e140db54">
      <Execution id="e0348a5b-6de5-417b-ae08-11bda7e30fe8" />
      <TestMethod codeBase="D:\SFERRARI\01_TRABAJO\repos\netcore\libs\template-netcore-shared\Kitpymes.Core.Shared.Tests\bin\Debug\net7.0\Kitpymes.Core.Shared.Tests.dll" adapterTypeName="executor://mstestadapter/v2" className="Kitpymes.Core.Shared.Tests.StringExtensionsTests" name="ToUri_Passing_ValidValueString_Returns_Uri" />
    </UnitTest>
    <UnitTest name="ToNormalize_Passing_ValidValue_Returns_NormalizedValue (Münçhen,Munchen)" storage="d:\sferrari\01_trabajo\repos\netcore\libs\template-netcore-shared\kitpymes.core.shared.tests\bin\debug\net7.0\kitpymes.core.shared.tests.dll" id="b361748b-a9b2-4f85-a4bc-d9db4273faad">
      <Execution id="8e2b7330-17e7-4313-aa24-60e2b0eec9e6" />
      <TestMethod codeBase="D:\SFERRARI\01_TRABAJO\repos\netcore\libs\template-netcore-shared\Kitpymes.Core.Shared.Tests\bin\Debug\net7.0\Kitpymes.Core.Shared.Tests.dll" adapterTypeName="executor://mstestadapter/v2" className="Kitpymes.Core.Shared.Tests.StringExtensionsTests" name="ToNormalize_Passing_ValidValue_Returns_NormalizedValue" />
    </UnitTest>
    <UnitTest name="ThrowIfInsideRangeOrEqual_Passing_InvalidValue_Returns_ApplicationException (5)" storage="d:\sferrari\01_trabajo\repos\netcore\libs\template-netcore-shared\kitpymes.core.shared.tests\bin\debug\net7.0\kitpymes.core.shared.tests.dll" id="65ff3608-ccb7-4291-bf40-4cbd46cdd04a">
      <Execution id="9cb1638b-aeac-416b-a7d4-251a7f7505f5" />
      <TestMethod codeBase="D:\SFERRARI\01_TRABAJO\repos\netcore\libs\template-netcore-shared\Kitpymes.Core.Shared.Tests\bin\Debug\net7.0\Kitpymes.Core.Shared.Tests.dll" adapterTypeName="executor://mstestadapter/v2" className="Kitpymes.Core.Shared.Tests.VerifyExtensionsTests" name="ThrowIfInsideRangeOrEqual_Passing_InvalidValue_Returns_ApplicationException" />
    </UnitTest>
    <UnitTest name="ToConfigureOrDefault_Passing_ActionCustomValues_Returns_CustomValues" storage="d:\sferrari\01_trabajo\repos\netcore\libs\template-netcore-shared\kitpymes.core.shared.tests\bin\debug\net7.0\kitpymes.core.shared.tests.dll" id="bde83435-3497-4211-b28b-d74a62a31f3f">
      <Execution id="261438e5-ee32-4b4a-9065-d59874dfaa71" />
      <TestMethod codeBase="D:\SFERRARI\01_TRABAJO\repos\netcore\libs\template-netcore-shared\Kitpymes.Core.Shared.Tests\bin\Debug\net7.0\Kitpymes.Core.Shared.Tests.dll" adapterTypeName="executor://mstestadapter/v2" className="Kitpymes.Core.Shared.Tests.ActionExtensionsTests" name="ToConfigureOrDefault_Passing_ActionCustomValues_Returns_CustomValues" />
    </UnitTest>
    <UnitTest name="ThrowIfDirectoryNotExists_Passing_InvalidValue_Returns_ApplicationExceptionWithMessage" storage="d:\sferrari\01_trabajo\repos\netcore\libs\template-netcore-shared\kitpymes.core.shared.tests\bin\debug\net7.0\kitpymes.core.shared.tests.dll" id="ddbc5bd2-1c6d-470d-974b-d0079a0f41e7">
      <Execution id="30dfac02-86ea-48b5-9c0a-c9426761d060" />
      <TestMethod codeBase="D:\SFERRARI\01_TRABAJO\repos\netcore\libs\template-netcore-shared\Kitpymes.Core.Shared.Tests\bin\Debug\net7.0\Kitpymes.Core.Shared.Tests.dll" adapterTypeName="executor://mstestadapter/v2" className="Kitpymes.Core.Shared.Tests.VerifyExtensionsTests" name="ThrowIfDirectoryNotExists_Passing_InvalidValue_Returns_ApplicationExceptionWithMessage" />
    </UnitTest>
    <UnitTest name="ToEmailMaskUserName_Passing_ValidEmail_Returns_EmailWithMask (qazwsx@gmail.com,q****x@gmail.com)" storage="d:\sferrari\01_trabajo\repos\netcore\libs\template-netcore-shared\kitpymes.core.shared.tests\bin\debug\net7.0\kitpymes.core.shared.tests.dll" id="0f201b55-2fb0-4ca1-a307-b197d5a0db31">
      <Execution id="1132de54-83a5-46a2-9e4d-10ac0ac1aa3e" />
      <TestMethod codeBase="D:\SFERRARI\01_TRABAJO\repos\netcore\libs\template-netcore-shared\Kitpymes.Core.Shared.Tests\bin\Debug\net7.0\Kitpymes.Core.Shared.Tests.dll" adapterTypeName="executor://mstestadapter/v2" className="Kitpymes.Core.Shared.Tests.StringExtensionsTests" name="ToEmailMaskUserName_Passing_ValidEmail_Returns_EmailWithMask" />
    </UnitTest>
    <UnitTest name="ToWhere_Passing_Null_Predicate_Returns_Same_List" storage="d:\sferrari\01_trabajo\repos\netcore\libs\template-netcore-shared\kitpymes.core.shared.tests\bin\debug\net7.0\kitpymes.core.shared.tests.dll" id="bd177f7e-8567-49f8-a09a-3e1bd2430880">
      <Execution id="7cee8e20-4ca1-42b9-84a0-ae451f548f7c" />
      <TestMethod codeBase="D:\SFERRARI\01_TRABAJO\repos\netcore\libs\template-netcore-shared\Kitpymes.Core.Shared.Tests\bin\Debug\net7.0\Kitpymes.Core.Shared.Tests.dll" adapterTypeName="executor://mstestadapter/v2" className="Kitpymes.Core.Shared.Tests.QueryableExtensionsTests" name="ToWhere_Passing_Null_Predicate_Returns_Same_List" />
    </UnitTest>
    <UnitTest name="ToExists_Passing_Claims_Returns_True" storage="d:\sferrari\01_trabajo\repos\netcore\libs\template-netcore-shared\kitpymes.core.shared.tests\bin\debug\net7.0\kitpymes.core.shared.tests.dll" id="fe6acb1f-396f-4826-b46b-e765e1560d5c">
      <Execution id="cc5ea97c-760b-413d-babe-a5a0337a77b5" />
      <TestMethod codeBase="D:\SFERRARI\01_TRABAJO\repos\netcore\libs\template-netcore-shared\Kitpymes.Core.Shared.Tests\bin\Debug\net7.0\Kitpymes.Core.Shared.Tests.dll" adapterTypeName="executor://mstestadapter/v2" className="Kitpymes.Core.Shared.Tests.ClaimsPrincipalExtensionsTests" name="ToExists_Passing_Claims_Returns_True" />
    </UnitTest>
    <UnitTest name="ToDefaultValue_Passing_ValidInt_Returns_DefaultValue" storage="d:\sferrari\01_trabajo\repos\netcore\libs\template-netcore-shared\kitpymes.core.shared.tests\bin\debug\net7.0\kitpymes.core.shared.tests.dll" id="0d7cf661-12a0-4e35-894f-699daac5d2c1">
      <Execution id="df883581-d49a-4749-b3ff-4ddb7e6f22b2" />
      <TestMethod codeBase="D:\SFERRARI\01_TRABAJO\repos\netcore\libs\template-netcore-shared\Kitpymes.Core.Shared.Tests\bin\Debug\net7.0\Kitpymes.Core.Shared.Tests.dll" adapterTypeName="executor://mstestadapter/v2" className="Kitpymes.Core.Shared.Tests.TypeExtensionsTests" name="ToDefaultValue_Passing_ValidInt_Returns_DefaultValue" />
    </UnitTest>
    <UnitTest name="ToEnvironment_Passing_Custom_Enviroment_Returns_Custom_Name" storage="d:\sferrari\01_trabajo\repos\netcore\libs\template-netcore-shared\kitpymes.core.shared.tests\bin\debug\net7.0\kitpymes.core.shared.tests.dll" id="a6f5db46-240e-44ec-b38e-cb6fec855a96">
      <Execution id="c21e25d9-aeb2-491d-9abc-34b31a4abd71" />
      <TestMethod codeBase="D:\SFERRARI\01_TRABAJO\repos\netcore\libs\template-netcore-shared\Kitpymes.Core.Shared.Tests\bin\Debug\net7.0\Kitpymes.Core.Shared.Tests.dll" adapterTypeName="executor://mstestadapter/v2" className="Kitpymes.Core.Shared.Tests.ApplicationBuilderExtensionsTests" name="ToEnvironment_Passing_Custom_Enviroment_Returns_Custom_Name" />
    </UnitTest>
    <UnitTest name="ToUri_Passing_ValidValueString_Returns_Uri (https://foo.com/blah_blah?p=5&amp;j=fe)" storage="d:\sferrari\01_trabajo\repos\netcore\libs\template-netcore-shared\kitpymes.core.shared.tests\bin\debug\net7.0\kitpymes.core.shared.tests.dll" id="fa1e6ad8-ad22-47d9-b94a-a36aebbd1ee3">
      <Execution id="a1b57d1f-2801-4ca7-9e20-e33e2671f92f" />
      <TestMethod codeBase="D:\SFERRARI\01_TRABAJO\repos\netcore\libs\template-netcore-shared\Kitpymes.Core.Shared.Tests\bin\Debug\net7.0\Kitpymes.Core.Shared.Tests.dll" adapterTypeName="executor://mstestadapter/v2" className="Kitpymes.Core.Shared.Tests.StringExtensionsTests" name="ToUri_Passing_ValidValueString_Returns_Uri" />
    </UnitTest>
    <UnitTest name="ToNormalize_Passing_ValidValue_Returns_NormalizedValue (i’ LL,i LL)" storage="d:\sferrari\01_trabajo\repos\netcore\libs\template-netcore-shared\kitpymes.core.shared.tests\bin\debug\net7.0\kitpymes.core.shared.tests.dll" id="82b45141-5cbc-4cba-8d5f-f1327bfa8069">
      <Execution id="810af5ca-46b3-4b03-a5b5-18d5d7a40a9a" />
      <TestMethod codeBase="D:\SFERRARI\01_TRABAJO\repos\netcore\libs\template-netcore-shared\Kitpymes.Core.Shared.Tests\bin\Debug\net7.0\Kitpymes.Core.Shared.Tests.dll" adapterTypeName="executor://mstestadapter/v2" className="Kitpymes.Core.Shared.Tests.StringExtensionsTests" name="ToNormalize_Passing_ValidValue_Returns_NormalizedValue" />
    </UnitTest>
    <UnitTest name="ThrowIfOutRange_Passing_InvalidValue_Returns_ApplicationException (-2)" storage="d:\sferrari\01_trabajo\repos\netcore\libs\template-netcore-shared\kitpymes.core.shared.tests\bin\debug\net7.0\kitpymes.core.shared.tests.dll" id="62c67301-5444-44cf-a5dd-5aebfec7b7ee">
      <Execution id="aa5dd904-e985-4ac6-84bc-2b707b95c249" />
      <TestMethod codeBase="D:\SFERRARI\01_TRABAJO\repos\netcore\libs\template-netcore-shared\Kitpymes.Core.Shared.Tests\bin\Debug\net7.0\Kitpymes.Core.Shared.Tests.dll" adapterTypeName="executor://mstestadapter/v2" className="Kitpymes.Core.Shared.Tests.VerifyExtensionsTests" name="ThrowIfOutRange_Passing_InvalidValue_Returns_ApplicationException" />
    </UnitTest>
    <UnitTest name="ToMapMerge_Passing_Destination_Object_Returns_Merged_Destination_Object" storage="d:\sferrari\01_trabajo\repos\netcore\libs\template-netcore-shared\kitpymes.core.shared.tests\bin\debug\net7.0\kitpymes.core.shared.tests.dll" id="41c9af8b-7c81-4c48-a22b-c6646f8c6630">
      <Execution id="68719594-b30f-4e55-85b2-f1879968d5f6" />
      <TestMethod codeBase="D:\SFERRARI\01_TRABAJO\repos\netcore\libs\template-netcore-shared\Kitpymes.Core.Shared.Tests\bin\Debug\net7.0\Kitpymes.Core.Shared.Tests.dll" adapterTypeName="executor://mstestadapter/v2" className="Kitpymes.Core.Shared.Tests.AgileMapperExtensionsTests" name="ToMapMerge_Passing_Destination_Object_Returns_Merged_Destination_Object" />
    </UnitTest>
    <UnitTest name="CreateSHA256_Passing_Invalid_Arguments_Returns_ApplicationException ()" storage="d:\sferrari\01_trabajo\repos\netcore\libs\template-netcore-shared\kitpymes.core.shared.tests\bin\debug\net7.0\kitpymes.core.shared.tests.dll" id="e6c5e43c-e7a8-4d08-9daa-af9f17ad57bc">
      <Execution id="c0d7c493-742a-4020-ae78-5dfeb36865c1" />
      <TestMethod codeBase="D:\SFERRARI\01_TRABAJO\repos\netcore\libs\template-netcore-shared\Kitpymes.Core.Shared.Tests\bin\Debug\net7.0\Kitpymes.Core.Shared.Tests.dll" adapterTypeName="executor://mstestadapter/v2" className="Kitpymes.Core.Shared.Tests.HashTests" name="CreateSHA256_Passing_Invalid_Arguments_Returns_ApplicationException" />
    </UnitTest>
    <UnitTest name="ToFullMessageDetail_Passing_ExceptionWithMessageWithInnerException_Returns_Full_Message_Detail" storage="d:\sferrari\01_trabajo\repos\netcore\libs\template-netcore-shared\kitpymes.core.shared.tests\bin\debug\net7.0\kitpymes.core.shared.tests.dll" id="64e1a80a-7550-4f63-93ce-3cc2e7f8b2cb">
      <Execution id="05cd6160-ce07-4972-ab7e-5ceb75834c88" />
      <TestMethod codeBase="D:\SFERRARI\01_TRABAJO\repos\netcore\libs\template-netcore-shared\Kitpymes.Core.Shared.Tests\bin\Debug\net7.0\Kitpymes.Core.Shared.Tests.dll" adapterTypeName="executor://mstestadapter/v2" className="Kitpymes.Core.Shared.Tests.ExceptionExtensionsTests" name="ToFullMessageDetail_Passing_ExceptionWithMessageWithInnerException_Returns_Full_Message_Detail" />
    </UnitTest>
    <UnitTest name="ToCompress_Passing_Object_Bytes_Returns_Object" storage="d:\sferrari\01_trabajo\repos\netcore\libs\template-netcore-shared\kitpymes.core.shared.tests\bin\debug\net7.0\kitpymes.core.shared.tests.dll" id="8ce2267a-3205-4ef0-9c54-538966e3fdfb">
      <Execution id="1cdece8e-f33d-4e3c-9947-e11644cd3caa" />
      <TestMethod codeBase="D:\SFERRARI\01_TRABAJO\repos\netcore\libs\template-netcore-shared\Kitpymes.Core.Shared.Tests\bin\Debug\net7.0\Kitpymes.Core.Shared.Tests.dll" adapterTypeName="executor://mstestadapter/v2" className="Kitpymes.Core.Shared.Tests.BytesExtensionsTests" name="ToCompress_Passing_Object_Bytes_Returns_Object" />
    </UnitTest>
    <UnitTest name="ToUri_Passing_InvalidValueString_Returns_Null (http://##)" storage="d:\sferrari\01_trabajo\repos\netcore\libs\template-netcore-shared\kitpymes.core.shared.tests\bin\debug\net7.0\kitpymes.core.shared.tests.dll" id="3eaa99a2-2a4b-4e2e-b46f-901b41289aab">
      <Execution id="f85fdc1a-1bdd-4bab-b709-1c99c5d7cf84" />
      <TestMethod codeBase="D:\SFERRARI\01_TRABAJO\repos\netcore\libs\template-netcore-shared\Kitpymes.Core.Shared.Tests\bin\Debug\net7.0\Kitpymes.Core.Shared.Tests.dll" adapterTypeName="executor://mstestadapter/v2" className="Kitpymes.Core.Shared.Tests.StringExtensionsTests" name="ToUri_Passing_InvalidValueString_Returns_Null" />
    </UnitTest>
    <UnitTest name="ToTryContentType_Passing_HttpRequestWithContentType_Value_Returns_ContentType_String_Value" storage="d:\sferrari\01_trabajo\repos\netcore\libs\template-netcore-shared\kitpymes.core.shared.tests\bin\debug\net7.0\kitpymes.core.shared.tests.dll" id="0dbfba36-4395-4146-9aca-adfe07c78295">
      <Execution id="f762e7e2-2015-4e40-b987-487387880d68" />
      <TestMethod codeBase="D:\SFERRARI\01_TRABAJO\repos\netcore\libs\template-netcore-shared\Kitpymes.Core.Shared.Tests\bin\Debug\net7.0\Kitpymes.Core.Shared.Tests.dll" adapterTypeName="executor://mstestadapter/v2" className="Kitpymes.Core.Shared.Tests.HttpRequestExtensionsTests" name="ToTryContentType_Passing_HttpRequestWithContentType_Value_Returns_ContentType_String_Value" />
    </UnitTest>
    <UnitTest name="ResultOkData" storage="d:\sferrari\01_trabajo\repos\netcore\libs\template-netcore-shared\kitpymes.core.shared.tests\bin\debug\net7.0\kitpymes.core.shared.tests.dll" id="5f44f58a-3c5e-4467-ab2a-c5291c6b6177">
      <Execution id="40960c44-b8ce-48ac-b065-bda3f84191d3" />
      <TestMethod codeBase="D:\SFERRARI\01_TRABAJO\repos\netcore\libs\template-netcore-shared\Kitpymes.Core.Shared.Tests\bin\Debug\net7.0\Kitpymes.Core.Shared.Tests.dll" adapterTypeName="executor://mstestadapter/v2" className="Kitpymes.Core.Shared.Tests.ResultTest" name="ResultOkData" />
    </UnitTest>
    <UnitTest name="ToReplace_Passing_ValidValue_Returns_ReplacedValue (aeiou,*,0,1,*eiou)" storage="d:\sferrari\01_trabajo\repos\netcore\libs\template-netcore-shared\kitpymes.core.shared.tests\bin\debug\net7.0\kitpymes.core.shared.tests.dll" id="eefe0a92-2b30-493b-89d7-ae54442d0000">
      <Execution id="741a012a-4581-4917-a132-8e2c2aed6d1c" />
      <TestMethod codeBase="D:\SFERRARI\01_TRABAJO\repos\netcore\libs\template-netcore-shared\Kitpymes.Core.Shared.Tests\bin\Debug\net7.0\Kitpymes.Core.Shared.Tests.dll" adapterTypeName="executor://mstestadapter/v2" className="Kitpymes.Core.Shared.Tests.StringExtensionsTests" name="ToReplace_Passing_ValidValue_Returns_ReplacedValue" />
    </UnitTest>
    <UnitTest name="ToUri_Passing_ValidValueString_Returns_Uri (//foo.com/blah_blah?p=5&amp;j=fe)" storage="d:\sferrari\01_trabajo\repos\netcore\libs\template-netcore-shared\kitpymes.core.shared.tests\bin\debug\net7.0\kitpymes.core.shared.tests.dll" id="65a05ae0-6380-4ec9-a06b-e91c8e3c23f7">
      <Execution id="709cda16-77c1-4f4e-9f28-beb9d44a098d" />
      <TestMethod codeBase="D:\SFERRARI\01_TRABAJO\repos\netcore\libs\template-netcore-shared\Kitpymes.Core.Shared.Tests\bin\Debug\net7.0\Kitpymes.Core.Shared.Tests.dll" adapterTypeName="executor://mstestadapter/v2" className="Kitpymes.Core.Shared.Tests.StringExtensionsTests" name="ToUri_Passing_ValidValueString_Returns_Uri" />
    </UnitTest>
    <UnitTest name="ToContentType_Passing_ValidValueString_Returns_ContentType (xxxx.pdf,application/pdf)" storage="d:\sferrari\01_trabajo\repos\netcore\libs\template-netcore-shared\kitpymes.core.shared.tests\bin\debug\net7.0\kitpymes.core.shared.tests.dll" id="69208b70-4e3c-4fec-9c2f-2f7faee2b51f">
      <Execution id="43581d86-e44a-47b0-b17e-d400c0aac691" />
      <TestMethod codeBase="D:\SFERRARI\01_TRABAJO\repos\netcore\libs\template-netcore-shared\Kitpymes.Core.Shared.Tests\bin\Debug\net7.0\Kitpymes.Core.Shared.Tests.dll" adapterTypeName="executor://mstestadapter/v2" className="Kitpymes.Core.Shared.Tests.StringExtensionsTests" name="ToContentType_Passing_ValidValueString_Returns_ContentType" />
    </UnitTest>
    <UnitTest name="ToDefaultValue_Passing_decimal_Returns_Cero" storage="d:\sferrari\01_trabajo\repos\netcore\libs\template-netcore-shared\kitpymes.core.shared.tests\bin\debug\net7.0\kitpymes.core.shared.tests.dll" id="6be52936-6455-4d0a-ae61-83185b7de9e9">
      <Execution id="3781dc04-2a6b-48ad-95dd-54d78dd624cd" />
      <TestMethod codeBase="D:\SFERRARI\01_TRABAJO\repos\netcore\libs\template-netcore-shared\Kitpymes.Core.Shared.Tests\bin\Debug\net7.0\Kitpymes.Core.Shared.Tests.dll" adapterTypeName="executor://mstestadapter/v2" className="Kitpymes.Core.Shared.Tests.GenericExtensionsTests" name="ToDefaultValue_Passing_decimal_Returns_Cero" />
    </UnitTest>
    <UnitTest name="ToRemove_Passing_ValidValue_Returns_ValueWithoutRemovedChars (hello hello , ,hellohello)" storage="d:\sferrari\01_trabajo\repos\netcore\libs\template-netcore-shared\kitpymes.core.shared.tests\bin\debug\net7.0\kitpymes.core.shared.tests.dll" id="f3d9116a-63c2-4c7d-bf99-9f17b38929d2">
      <Execution id="a5f283e4-62f9-4ed3-8efc-5426f8923589" />
      <TestMethod codeBase="D:\SFERRARI\01_TRABAJO\repos\netcore\libs\template-netcore-shared\Kitpymes.Core.Shared.Tests\bin\Debug\net7.0\Kitpymes.Core.Shared.Tests.dll" adapterTypeName="executor://mstestadapter/v2" className="Kitpymes.Core.Shared.Tests.StringExtensionsTests" name="ToRemove_Passing_ValidValue_Returns_ValueWithoutRemovedChars" />
    </UnitTest>
    <UnitTest name="ToPaged_Passing_Name_Descending_Order_Returns_Filter_List" storage="d:\sferrari\01_trabajo\repos\netcore\libs\template-netcore-shared\kitpymes.core.shared.tests\bin\debug\net7.0\kitpymes.core.shared.tests.dll" id="5b768eb8-7533-439b-bab9-543270b553f5">
      <Execution id="f65e80d4-a528-42ba-aae0-1a7bc91b9b78" />
      <TestMethod codeBase="D:\SFERRARI\01_TRABAJO\repos\netcore\libs\template-netcore-shared\Kitpymes.Core.Shared.Tests\bin\Debug\net7.0\Kitpymes.Core.Shared.Tests.dll" adapterTypeName="executor://mstestadapter/v2" className="Kitpymes.Core.Shared.Tests.QueryableExtensionsTests" name="ToPaged_Passing_Name_Descending_Order_Returns_Filter_List" />
    </UnitTest>
    <UnitTest name="CreateSHA256_Passing_Invalid_Arguments_Returns_ApplicationException ( )" storage="d:\sferrari\01_trabajo\repos\netcore\libs\template-netcore-shared\kitpymes.core.shared.tests\bin\debug\net7.0\kitpymes.core.shared.tests.dll" id="ce4378f1-f2da-45f0-89be-ddf0679df818">
      <Execution id="f9f00ce9-4bcf-4ad9-b20b-3e251b007a76" />
      <TestMethod codeBase="D:\SFERRARI\01_TRABAJO\repos\netcore\libs\template-netcore-shared\Kitpymes.Core.Shared.Tests\bin\Debug\net7.0\Kitpymes.Core.Shared.Tests.dll" adapterTypeName="executor://mstestadapter/v2" className="Kitpymes.Core.Shared.Tests.HashTests" name="CreateSHA256_Passing_Invalid_Arguments_Returns_ApplicationException" />
    </UnitTest>
    <UnitTest name="ToEnvironment_ServiceCollection_Passing_Production_Enviroment_Returns_Production_Name" storage="d:\sferrari\01_trabajo\repos\netcore\libs\template-netcore-shared\kitpymes.core.shared.tests\bin\debug\net7.0\kitpymes.core.shared.tests.dll" id="a4e5283f-a98d-4f38-9e9d-529395286453">
      <Execution id="38d58bdf-c72b-46e7-b68e-2612c1899f01" />
      <TestMethod codeBase="D:\SFERRARI\01_TRABAJO\repos\netcore\libs\template-netcore-shared\Kitpymes.Core.Shared.Tests\bin\Debug\net7.0\Kitpymes.Core.Shared.Tests.dll" adapterTypeName="executor://mstestadapter/v2" className="Kitpymes.Core.Shared.Tests.ConfigurationBuilderExtensionsTests" name="ToEnvironment_ServiceCollection_Passing_Production_Enviroment_Returns_Production_Name" />
    </UnitTest>
    <UnitTest name="ToUri_Passing_ValidValueString_Returns_Uri (http://उदाहरण.परीक्ष)" storage="d:\sferrari\01_trabajo\repos\netcore\libs\template-netcore-shared\kitpymes.core.shared.tests\bin\debug\net7.0\kitpymes.core.shared.tests.dll" id="73b9b9b0-f50e-493b-89f3-dd3310152152">
      <Execution id="9e2771f8-9ced-4776-8393-1f867ba11fef" />
      <TestMethod codeBase="D:\SFERRARI\01_TRABAJO\repos\netcore\libs\template-netcore-shared\Kitpymes.Core.Shared.Tests\bin\Debug\net7.0\Kitpymes.Core.Shared.Tests.dll" adapterTypeName="executor://mstestadapter/v2" className="Kitpymes.Core.Shared.Tests.StringExtensionsTests" name="ToUri_Passing_ValidValueString_Returns_Uri" />
    </UnitTest>
    <UnitTest name="ToDirectoryFileInfo_Passing_ValidValue_Returns_FileInfo" storage="d:\sferrari\01_trabajo\repos\netcore\libs\template-netcore-shared\kitpymes.core.shared.tests\bin\debug\net7.0\kitpymes.core.shared.tests.dll" id="efce7f49-7cc2-4847-9d28-dcc478ee7856">
      <Execution id="e368a126-f242-442a-8e1e-388bdefa6f49" />
      <TestMethod codeBase="D:\SFERRARI\01_TRABAJO\repos\netcore\libs\template-netcore-shared\Kitpymes.Core.Shared.Tests\bin\Debug\net7.0\Kitpymes.Core.Shared.Tests.dll" adapterTypeName="executor://mstestadapter/v2" className="Kitpymes.Core.Shared.Tests.StringExtensionsTests" name="ToDirectoryFileInfo_Passing_ValidValue_Returns_FileInfo" />
    </UnitTest>
    <UnitTest name="ToList_Passing_ValidEnumType_Returns_ValuesList" storage="d:\sferrari\01_trabajo\repos\netcore\libs\template-netcore-shared\kitpymes.core.shared.tests\bin\debug\net7.0\kitpymes.core.shared.tests.dll" id="3b73e3af-8443-4b1e-b571-d5e6e5a119b9">
      <Execution id="8d75fd78-2bca-47ee-80a7-40c93f5bd919" />
      <TestMethod codeBase="D:\SFERRARI\01_TRABAJO\repos\netcore\libs\template-netcore-shared\Kitpymes.Core.Shared.Tests\bin\Debug\net7.0\Kitpymes.Core.Shared.Tests.dll" adapterTypeName="executor://mstestadapter/v2" className="Kitpymes.Core.Shared.Tests.EnumsTests" name="ToList_Passing_ValidEnumType_Returns_ValuesList" />
    </UnitTest>
    <UnitTest name="ToRemove_Passing_ValidValue_Returns_ValueWithoutRemovedChars (aeiou,a,eiou)" storage="d:\sferrari\01_trabajo\repos\netcore\libs\template-netcore-shared\kitpymes.core.shared.tests\bin\debug\net7.0\kitpymes.core.shared.tests.dll" id="3bdf1c06-279b-48ea-99d0-f1edf29a875b">
      <Execution id="023a8183-8529-49f6-850d-bf00afd020be" />
      <TestMethod codeBase="D:\SFERRARI\01_TRABAJO\repos\netcore\libs\template-netcore-shared\Kitpymes.Core.Shared.Tests\bin\Debug\net7.0\Kitpymes.Core.Shared.Tests.dll" adapterTypeName="executor://mstestadapter/v2" className="Kitpymes.Core.Shared.Tests.StringExtensionsTests" name="ToRemove_Passing_ValidValue_Returns_ValueWithoutRemovedChars" />
    </UnitTest>
    <UnitTest name="ToReplace_Passing_ValidValue_Returns_ReplacedValue (aeiou,*,0,5,*****)" storage="d:\sferrari\01_trabajo\repos\netcore\libs\template-netcore-shared\kitpymes.core.shared.tests\bin\debug\net7.0\kitpymes.core.shared.tests.dll" id="71522d5d-6434-4010-aa00-35fcd8d7d80f">
      <Execution id="09523fdf-a366-406f-8a80-0ed600c76a0e" />
      <TestMethod codeBase="D:\SFERRARI\01_TRABAJO\repos\netcore\libs\template-netcore-shared\Kitpymes.Core.Shared.Tests\bin\Debug\net7.0\Kitpymes.Core.Shared.Tests.dll" adapterTypeName="executor://mstestadapter/v2" className="Kitpymes.Core.Shared.Tests.StringExtensionsTests" name="ToReplace_Passing_ValidValue_Returns_ReplacedValue" />
    </UnitTest>
    <UnitTest name="ToList_Passing_ValidEnumTypeWithSelectedValue_Returns_ValuesList" storage="d:\sferrari\01_trabajo\repos\netcore\libs\template-netcore-shared\kitpymes.core.shared.tests\bin\debug\net7.0\kitpymes.core.shared.tests.dll" id="6a66b0bb-8b46-4687-a312-fad66ef9d045">
      <Execution id="ba615353-5d93-4507-bc62-54dc21a81a00" />
      <TestMethod codeBase="D:\SFERRARI\01_TRABAJO\repos\netcore\libs\template-netcore-shared\Kitpymes.Core.Shared.Tests\bin\Debug\net7.0\Kitpymes.Core.Shared.Tests.dll" adapterTypeName="executor://mstestadapter/v2" className="Kitpymes.Core.Shared.Tests.EnumsTests" name="ToList_Passing_ValidEnumTypeWithSelectedValue_Returns_ValuesList" />
    </UnitTest>
    <UnitTest name="ToTryIPv6_Passing_HttpContext_IP_Value_Returns_IP" storage="d:\sferrari\01_trabajo\repos\netcore\libs\template-netcore-shared\kitpymes.core.shared.tests\bin\debug\net7.0\kitpymes.core.shared.tests.dll" id="0709caf4-55fe-4439-96da-072a47e1afd6">
      <Execution id="016be267-1155-443a-b9f2-8b28026da270" />
      <TestMethod codeBase="D:\SFERRARI\01_TRABAJO\repos\netcore\libs\template-netcore-shared\Kitpymes.Core.Shared.Tests\bin\Debug\net7.0\Kitpymes.Core.Shared.Tests.dll" adapterTypeName="executor://mstestadapter/v2" className="Kitpymes.Core.Shared.Tests.HttpContextExtensionsTests" name="ToTryIPv6_Passing_HttpContext_IP_Value_Returns_IP" />
    </UnitTest>
    <UnitTest name="ToDefaultValue_Passing_ValidBoolean_Returns_DefaultValue" storage="d:\sferrari\01_trabajo\repos\netcore\libs\template-netcore-shared\kitpymes.core.shared.tests\bin\debug\net7.0\kitpymes.core.shared.tests.dll" id="af669f1f-b7f7-4f4e-88d8-6ff20eeb0fe5">
      <Execution id="af218a4f-850b-47b2-922b-7dda0941e7f7" />
      <TestMethod codeBase="D:\SFERRARI\01_TRABAJO\repos\netcore\libs\template-netcore-shared\Kitpymes.Core.Shared.Tests\bin\Debug\net7.0\Kitpymes.Core.Shared.Tests.dll" adapterTypeName="executor://mstestadapter/v2" className="Kitpymes.Core.Shared.Tests.TypeExtensionsTests" name="ToDefaultValue_Passing_ValidBoolean_Returns_DefaultValue" />
    </UnitTest>
    <UnitTest name="ToDefaultValue_Passing_ushort_Returns_Cero" storage="d:\sferrari\01_trabajo\repos\netcore\libs\template-netcore-shared\kitpymes.core.shared.tests\bin\debug\net7.0\kitpymes.core.shared.tests.dll" id="0ac7701f-297c-4eab-a68f-72188a0ee952">
      <Execution id="8e67b3ff-697d-459e-8994-a244e3400678" />
      <TestMethod codeBase="D:\SFERRARI\01_TRABAJO\repos\netcore\libs\template-netcore-shared\Kitpymes.Core.Shared.Tests\bin\Debug\net7.0\Kitpymes.Core.Shared.Tests.dll" adapterTypeName="executor://mstestadapter/v2" className="Kitpymes.Core.Shared.Tests.GenericExtensionsTests" name="ToDefaultValue_Passing_ushort_Returns_Cero" />
    </UnitTest>
    <UnitTest name="ToPaged_Passing_Age_Ascending_Order_Returns_Filter_List" storage="d:\sferrari\01_trabajo\repos\netcore\libs\template-netcore-shared\kitpymes.core.shared.tests\bin\debug\net7.0\kitpymes.core.shared.tests.dll" id="365cac22-5ff0-4b5a-93e0-712401e7f38f">
      <Execution id="0ff0a6e6-a3cd-4bfd-b1e4-5c4d0e90c0b8" />
      <TestMethod codeBase="D:\SFERRARI\01_TRABAJO\repos\netcore\libs\template-netcore-shared\Kitpymes.Core.Shared.Tests\bin\Debug\net7.0\Kitpymes.Core.Shared.Tests.dll" adapterTypeName="executor://mstestadapter/v2" className="Kitpymes.Core.Shared.Tests.QueryableExtensionsTests" name="ToPaged_Passing_Age_Ascending_Order_Returns_Filter_List" />
    </UnitTest>
    <UnitTest name="ToIsAuthenticated_Passing_Claims_Returns_False" storage="d:\sferrari\01_trabajo\repos\netcore\libs\template-netcore-shared\kitpymes.core.shared.tests\bin\debug\net7.0\kitpymes.core.shared.tests.dll" id="85ab54c0-c008-4c94-bc25-c5c7a32b4764">
      <Execution id="cba85d43-0d04-41cb-97a2-54629fd60caa" />
      <TestMethod codeBase="D:\SFERRARI\01_TRABAJO\repos\netcore\libs\template-netcore-shared\Kitpymes.Core.Shared.Tests\bin\Debug\net7.0\Kitpymes.Core.Shared.Tests.dll" adapterTypeName="executor://mstestadapter/v2" className="Kitpymes.Core.Shared.Tests.ClaimsPrincipalExtensionsTests" name="ToIsAuthenticated_Passing_Claims_Returns_False" />
    </UnitTest>
    <UnitTest name="IsContainsUniqueChars_Passing_InvalidValue_Returns_False" storage="d:\sferrari\01_trabajo\repos\netcore\libs\template-netcore-shared\kitpymes.core.shared.tests\bin\debug\net7.0\kitpymes.core.shared.tests.dll" id="086cdb37-51e4-40b2-af67-833fa48da427">
      <Execution id="bc85a5bc-1c4f-4809-a049-cb12c2aec2d1" />
      <TestMethod codeBase="D:\SFERRARI\01_TRABAJO\repos\netcore\libs\template-netcore-shared\Kitpymes.Core.Shared.Tests\bin\Debug\net7.0\Kitpymes.Core.Shared.Tests.dll" adapterTypeName="executor://mstestadapter/v2" className="Kitpymes.Core.Shared.Tests.VerifyExtensionsTests" name="IsContainsUniqueChars_Passing_InvalidValue_Returns_False" />
    </UnitTest>
    <UnitTest name="ToNormalize_Passing_ValidValue_Returns_NormalizedValue (ìíïî,iiii)" storage="d:\sferrari\01_trabajo\repos\netcore\libs\template-netcore-shared\kitpymes.core.shared.tests\bin\debug\net7.0\kitpymes.core.shared.tests.dll" id="5d7b6905-fa2c-42e4-9a4c-6bbd6a763552">
      <Execution id="318f42c1-2f6c-4605-bed4-38c1438c9407" />
      <TestMethod codeBase="D:\SFERRARI\01_TRABAJO\repos\netcore\libs\template-netcore-shared\Kitpymes.Core.Shared.Tests\bin\Debug\net7.0\Kitpymes.Core.Shared.Tests.dll" adapterTypeName="executor://mstestadapter/v2" className="Kitpymes.Core.Shared.Tests.StringExtensionsTests" name="ToNormalize_Passing_ValidValue_Returns_NormalizedValue" />
    </UnitTest>
    <UnitTest name="ToPath_Passing_HttpRequest_Scheme_Host_Path_Returns_Url" storage="d:\sferrari\01_trabajo\repos\netcore\libs\template-netcore-shared\kitpymes.core.shared.tests\bin\debug\net7.0\kitpymes.core.shared.tests.dll" id="963224cc-11cb-4e51-8a43-efbb750f1bdf">
      <Execution id="dab97f4b-ca50-467b-ba03-4f6d8270952f" />
      <TestMethod codeBase="D:\SFERRARI\01_TRABAJO\repos\netcore\libs\template-netcore-shared\Kitpymes.Core.Shared.Tests\bin\Debug\net7.0\Kitpymes.Core.Shared.Tests.dll" adapterTypeName="executor://mstestadapter/v2" className="Kitpymes.Core.Shared.Tests.HttpRequestExtensionsTests" name="ToPath_Passing_HttpRequest_Scheme_Host_Path_Returns_Url" />
    </UnitTest>
    <UnitTest name="ToUri_Passing_ValidValueString_Returns_Uri (https://foo.com/blah_blah)" storage="d:\sferrari\01_trabajo\repos\netcore\libs\template-netcore-shared\kitpymes.core.shared.tests\bin\debug\net7.0\kitpymes.core.shared.tests.dll" id="7d99a5a4-6969-4983-97f9-0b59d64eccc1">
      <Execution id="3611a97f-28b6-4253-b116-23685bfba728" />
      <TestMethod codeBase="D:\SFERRARI\01_TRABAJO\repos\netcore\libs\template-netcore-shared\Kitpymes.Core.Shared.Tests\bin\Debug\net7.0\Kitpymes.Core.Shared.Tests.dll" adapterTypeName="executor://mstestadapter/v2" className="Kitpymes.Core.Shared.Tests.StringExtensionsTests" name="ToUri_Passing_ValidValueString_Returns_Uri" />
    </UnitTest>
    <UnitTest name="ToUri_Passing_ValidValueString_Returns_Uri (https://foo.com/blah_blah/p=5)" storage="d:\sferrari\01_trabajo\repos\netcore\libs\template-netcore-shared\kitpymes.core.shared.tests\bin\debug\net7.0\kitpymes.core.shared.tests.dll" id="96a86c15-572d-4247-822a-7f67b95a9a78">
      <Execution id="b7fc7dfe-7a36-47d1-8d6e-f2734a3aed96" />
      <TestMethod codeBase="D:\SFERRARI\01_TRABAJO\repos\netcore\libs\template-netcore-shared\Kitpymes.Core.Shared.Tests\bin\Debug\net7.0\Kitpymes.Core.Shared.Tests.dll" adapterTypeName="executor://mstestadapter/v2" className="Kitpymes.Core.Shared.Tests.StringExtensionsTests" name="ToUri_Passing_ValidValueString_Returns_Uri" />
    </UnitTest>
  </TestDefinitions>
  <TestEntries>
    <TestEntry testId="2dad29b1-9932-48a9-9f4c-0e9a7acd5962" executionId="44c430a6-2479-4ae1-8a4d-b1557b7131d7" testListId="8c84fa94-04c1-424b-9868-57a2d4851a1d" />
    <TestEntry testId="c8dd93fb-12d9-407b-8aff-50974fd9b124" executionId="a591cf4b-3423-4d42-b3d0-2b74a319b599" testListId="8c84fa94-04c1-424b-9868-57a2d4851a1d" />
    <TestEntry testId="de1cfed2-95fe-4462-9799-fed2615439fe" executionId="277a6688-9426-49ef-ac99-cf1a2489059c" testListId="8c84fa94-04c1-424b-9868-57a2d4851a1d" />
    <TestEntry testId="06128fc3-5a39-4431-9d9f-9753a2eacd7a" executionId="9d8c4b8e-776f-4a18-8ac1-d920e4051981" testListId="8c84fa94-04c1-424b-9868-57a2d4851a1d" />
    <TestEntry testId="e2a1929f-4b30-4d43-8ac3-8687ef53bc50" executionId="96af8940-d46a-4e89-906f-132dcb4ff14a" testListId="8c84fa94-04c1-424b-9868-57a2d4851a1d" />
    <TestEntry testId="9bf95b0c-9a57-4ba8-917a-1fa9997f091a" executionId="4eb71b32-43b2-4775-a569-5ac353bdefbc" testListId="8c84fa94-04c1-424b-9868-57a2d4851a1d" />
    <TestEntry testId="dcb14a92-79e4-4d18-96c2-9fbee2554d62" executionId="7466e56d-7025-4c25-afd6-6e648da0850c" testListId="8c84fa94-04c1-424b-9868-57a2d4851a1d" />
    <TestEntry testId="d60b75ed-be24-4b0f-858f-cfb6113da881" executionId="91a739d9-8908-4f7e-914c-384176ae97b2" testListId="8c84fa94-04c1-424b-9868-57a2d4851a1d" />
    <TestEntry testId="652929cf-9462-4dc3-89ed-e387e81d2f7f" executionId="5d30ef6f-564f-452d-a1da-09ae28231241" testListId="8c84fa94-04c1-424b-9868-57a2d4851a1d" />
    <TestEntry testId="fe6acb1f-396f-4826-b46b-e765e1560d5c" executionId="cc5ea97c-760b-413d-babe-a5a0337a77b5" testListId="8c84fa94-04c1-424b-9868-57a2d4851a1d" />
    <TestEntry testId="6c206f33-0625-4d8e-84ec-2ba99d1f1859" executionId="ed1556be-3be9-4704-8fda-d704ccbc9d9f" testListId="8c84fa94-04c1-424b-9868-57a2d4851a1d" />
    <TestEntry testId="6be52936-6455-4d0a-ae61-83185b7de9e9" executionId="3781dc04-2a6b-48ad-95dd-54d78dd624cd" testListId="8c84fa94-04c1-424b-9868-57a2d4851a1d" />
    <TestEntry testId="f8d2e193-ce91-4d8d-97e6-8ef5820968c0" executionId="90e0f2b2-7e60-4edf-84a0-d60295fb7686" testListId="8c84fa94-04c1-424b-9868-57a2d4851a1d" />
    <TestEntry testId="39e0fed0-8254-4c30-bee3-5d1dcbb65946" executionId="75f99670-3f8d-4e3b-a269-ea1754fbbca9" testListId="8c84fa94-04c1-424b-9868-57a2d4851a1d" />
    <TestEntry testId="2e80bbba-1641-4bdd-90bd-b66a56816f2c" executionId="d8e3ae98-8d2d-446e-a2fb-9dc3f22d6290" testListId="8c84fa94-04c1-424b-9868-57a2d4851a1d" />
    <TestEntry testId="6b572db2-413e-45cf-81b4-b31ebf299d5d" executionId="80e882fb-f21f-4a2b-8faf-59c8906e624b" testListId="8c84fa94-04c1-424b-9868-57a2d4851a1d" />
    <TestEntry testId="b435fcdf-e767-4432-84f8-1693026d5c58" executionId="e300bbba-56fb-4a3f-8225-417082875731" testListId="8c84fa94-04c1-424b-9868-57a2d4851a1d" />
    <TestEntry testId="bc4f4aa2-bbd2-4708-a094-1c2a9d96781a" executionId="8385df9f-1673-4c5e-91b7-b6d08904a28e" testListId="8c84fa94-04c1-424b-9868-57a2d4851a1d" />
    <TestEntry testId="a5b71751-dd6f-42a2-b7bb-9bead3d0475a" executionId="2561cf76-a95d-496b-bf2c-560ca16ac92f" testListId="8c84fa94-04c1-424b-9868-57a2d4851a1d" />
    <TestEntry testId="c867c6e0-fa34-48e3-b512-0896f74477e2" executionId="93a77da5-df5a-4ddb-8df8-e16c50c07dbf" testListId="8c84fa94-04c1-424b-9868-57a2d4851a1d" />
    <TestEntry testId="1feded57-1944-4dd6-9d1f-709930b8d8b8" executionId="18a80c01-5637-4bfe-800c-5255c1e47b6c" testListId="8c84fa94-04c1-424b-9868-57a2d4851a1d" />
    <TestEntry testId="70a1958f-c0f8-4162-ace6-cd89097d3248" executionId="4b48c761-2cff-457b-a7b0-e1565e0a9825" testListId="8c84fa94-04c1-424b-9868-57a2d4851a1d" />
    <TestEntry testId="7ca66143-f92e-4823-aa66-91136b1c9160" executionId="73b8c181-0bb8-47f2-b40a-d2ab2e666c78" testListId="8c84fa94-04c1-424b-9868-57a2d4851a1d" />
    <TestEntry testId="3f63b63a-d458-4e43-bcdf-f9ad0bb560c8" executionId="9e6b5f9c-04e7-4044-8eca-415d27beb5e5" testListId="8c84fa94-04c1-424b-9868-57a2d4851a1d" />
    <TestEntry testId="e1383f4a-6f78-4641-ab50-fa6352600714" executionId="14d4d6f1-4983-4f1e-8eb0-42166eb396f4" testListId="8c84fa94-04c1-424b-9868-57a2d4851a1d" />
    <TestEntry testId="5f44f58a-3c5e-4467-ab2a-c5291c6b6177" executionId="40960c44-b8ce-48ac-b065-bda3f84191d3" testListId="8c84fa94-04c1-424b-9868-57a2d4851a1d" />
    <TestEntry testId="2a666b39-5d8d-4b66-9c5b-27b8d0bfe2bd" executionId="81671993-c675-4f0b-932f-a5991560c935" testListId="8c84fa94-04c1-424b-9868-57a2d4851a1d" />
    <TestEntry testId="07ac514d-9b35-4293-99b5-2b41b8bc5a17" executionId="85da9df1-ff29-41d3-a84b-a5a046ee6c09" testListId="8c84fa94-04c1-424b-9868-57a2d4851a1d" />
    <TestEntry testId="ce4378f1-f2da-45f0-89be-ddf0679df818" executionId="f9f00ce9-4bcf-4ad9-b20b-3e251b007a76" testListId="8c84fa94-04c1-424b-9868-57a2d4851a1d" />
    <TestEntry testId="393aee51-4f09-4886-9d97-5d3b2cde4540" executionId="4ef3daa9-dfa4-4005-9d84-a53265db8a36" testListId="8c84fa94-04c1-424b-9868-57a2d4851a1d" />
    <TestEntry testId="c91f335c-aeda-479f-a275-8b7112e3e23a" executionId="e378bf27-9630-4553-b560-0711d72c7512" testListId="8c84fa94-04c1-424b-9868-57a2d4851a1d" />
    <TestEntry testId="8a64ced9-a69b-44de-9c2e-f59e372057d1" executionId="5a42a957-b523-4446-959e-7049a9535544" testListId="8c84fa94-04c1-424b-9868-57a2d4851a1d" />
    <TestEntry testId="68384d8f-2f11-405a-8caf-de5aa42dacf7" executionId="7fdc8387-43dc-4409-98fa-c6fc52066b9d" testListId="8c84fa94-04c1-424b-9868-57a2d4851a1d" />
    <TestEntry testId="90108dfa-b217-4a44-a3c0-7e6b4e64f29b" executionId="1065af4b-6822-4248-99f7-72ae2645f9e0" testListId="8c84fa94-04c1-424b-9868-57a2d4851a1d" />
    <TestEntry testId="39058273-a77c-452a-a90f-afd5232ad4c4" executionId="f3374ece-e3bf-4e29-bac1-4d4aab23b180" testListId="8c84fa94-04c1-424b-9868-57a2d4851a1d" />
    <TestEntry testId="c044d568-4b55-43d3-8c8e-efb97ffb4d50" executionId="a9c5ac37-f1bd-460c-8b95-a0ea82aa99dc" testListId="8c84fa94-04c1-424b-9868-57a2d4851a1d" />
    <TestEntry testId="3a31170b-61b5-4437-84e8-a0c3ac39f843" executionId="f908b49b-da17-44a7-ac2f-9e7c5427570d" testListId="8c84fa94-04c1-424b-9868-57a2d4851a1d" />
    <TestEntry testId="02d11f43-2b40-4c38-aade-58fa37096b63" executionId="6224b86c-fba2-4b17-8ee2-ce80a6bba319" testListId="8c84fa94-04c1-424b-9868-57a2d4851a1d" />
    <TestEntry testId="3e081184-2879-4f28-93e6-72ad7dcedc3a" executionId="0ce92c66-7b6f-4b71-91d1-c5fc87dcec5c" testListId="8c84fa94-04c1-424b-9868-57a2d4851a1d" />
    <TestEntry testId="96a86c15-572d-4247-822a-7f67b95a9a78" executionId="b7fc7dfe-7a36-47d1-8d6e-f2734a3aed96" testListId="8c84fa94-04c1-424b-9868-57a2d4851a1d" />
    <TestEntry testId="69208b70-4e3c-4fec-9c2f-2f7faee2b51f" executionId="43581d86-e44a-47b0-b17e-d400c0aac691" testListId="8c84fa94-04c1-424b-9868-57a2d4851a1d" />
    <TestEntry testId="0d4d1926-5ebe-46c7-8d51-73b39b1cc9c5" executionId="c4288f4d-b657-450a-9017-401d83ce881f" testListId="8c84fa94-04c1-424b-9868-57a2d4851a1d" />
    <TestEntry testId="58d66789-9dbc-445c-a5c0-169a2e024296" executionId="f753a9d1-6614-429d-ad5d-1c0b657f3a40" testListId="8c84fa94-04c1-424b-9868-57a2d4851a1d" />
    <TestEntry testId="f32b267d-77fc-4c74-a3aa-0ed3add87cdd" executionId="651cea75-52d2-4651-be08-15f6d95063bd" testListId="8c84fa94-04c1-424b-9868-57a2d4851a1d" />
    <TestEntry testId="c8af412f-9156-4705-9bed-f1b9184773b6" executionId="85ded8ab-3f9f-46b5-b05a-7d6c093ce98c" testListId="8c84fa94-04c1-424b-9868-57a2d4851a1d" />
    <TestEntry testId="0c5e5dae-19f3-4109-b406-aefec450fbce" executionId="4fd52353-49e5-40ab-9fe7-fb0b24ef38bd" testListId="8c84fa94-04c1-424b-9868-57a2d4851a1d" />
    <TestEntry testId="eafe7da7-e8ed-4f29-8edf-5b65588e919b" executionId="566b3e3d-035a-49cd-9fcc-1c19835a96d7" testListId="8c84fa94-04c1-424b-9868-57a2d4851a1d" />
    <TestEntry testId="32e28cf4-476c-438f-9f69-f2ab47c74943" executionId="d1f8b622-b7bf-4a11-a595-d75c090c67b6" testListId="8c84fa94-04c1-424b-9868-57a2d4851a1d" />
    <TestEntry testId="3bf91f53-0d58-41fc-8bcb-5a840987da39" executionId="97e924bb-bf44-4fc9-bea9-1ce87f05feac" testListId="8c84fa94-04c1-424b-9868-57a2d4851a1d" />
    <TestEntry testId="d2bb4a5d-72e1-459f-a1ce-8130be8260c4" executionId="2649886e-6023-4368-a380-09b2c05943cd" testListId="8c84fa94-04c1-424b-9868-57a2d4851a1d" />
    <TestEntry testId="168e6bb0-872d-472c-a22b-9504af71663a" executionId="c6e9afab-693c-4753-9802-5855bfcf386e" testListId="8c84fa94-04c1-424b-9868-57a2d4851a1d" />
    <TestEntry testId="189a5098-9475-48d4-8d33-d0025daf2b11" executionId="72113391-ce3a-4ec0-ba04-5b0ce7f1d44e" testListId="8c84fa94-04c1-424b-9868-57a2d4851a1d" />
    <TestEntry testId="5ee0505b-ef2e-4ace-a14b-2292ede9dbb9" executionId="4cd1fe8a-1c83-4ebc-9a5c-a85a05830918" testListId="8c84fa94-04c1-424b-9868-57a2d4851a1d" />
    <TestEntry testId="157cc784-8aa5-43fc-851a-4c28f67bf4e2" executionId="43546ec2-f96e-4f1f-a99e-3e1cb42256e6" testListId="8c84fa94-04c1-424b-9868-57a2d4851a1d" />
    <TestEntry testId="229ce216-f068-49d6-ac88-51dcbeb64e0a" executionId="ca2a2fd2-d851-4f6e-a1ed-454773dbf86f" testListId="8c84fa94-04c1-424b-9868-57a2d4851a1d" />
    <TestEntry testId="a260b6ea-7a67-41df-8c56-9f9b1594e3a4" executionId="4481fee1-0db2-4a3b-bc60-563606e08d93" testListId="8c84fa94-04c1-424b-9868-57a2d4851a1d" />
    <TestEntry testId="6a02ede2-0a38-4ace-b289-b69d945752a3" executionId="aacc41a5-81eb-4255-b890-1564406bf762" testListId="8c84fa94-04c1-424b-9868-57a2d4851a1d" />
    <TestEntry testId="546b3e4f-3e1d-411f-b4dc-f208f907263a" executionId="e0c5ea43-515d-4b9f-a94f-f99946b09269" testListId="8c84fa94-04c1-424b-9868-57a2d4851a1d" />
    <TestEntry testId="af958a2e-f031-4ddb-ba20-49f26164b09d" executionId="3064d077-a7fd-478d-beb8-09a6813ca17c" testListId="8c84fa94-04c1-424b-9868-57a2d4851a1d" />
    <TestEntry testId="bacbcaf3-b143-47e7-88b9-d91a925dfd3f" executionId="e738bbf5-975d-4e2d-8037-20dc855cf9e3" testListId="8c84fa94-04c1-424b-9868-57a2d4851a1d" />
    <TestEntry testId="1557b483-1e94-4b06-bc21-dcd6ffd97e35" executionId="f01b7b3c-85ba-4af2-94d1-79dd28c75852" testListId="8c84fa94-04c1-424b-9868-57a2d4851a1d" />
    <TestEntry testId="52a18f92-f750-4b42-aa90-2e061660aaeb" executionId="0602a630-a3ac-49b3-9f62-2a18c9c54163" testListId="8c84fa94-04c1-424b-9868-57a2d4851a1d" />
    <TestEntry testId="909db6de-b586-4d44-b98c-b739440062c4" executionId="0dab759e-9013-4b11-9a56-6173de331038" testListId="8c84fa94-04c1-424b-9868-57a2d4851a1d" />
    <TestEntry testId="086cdb37-51e4-40b2-af67-833fa48da427" executionId="bc85a5bc-1c4f-4809-a049-cb12c2aec2d1" testListId="8c84fa94-04c1-424b-9868-57a2d4851a1d" />
    <TestEntry testId="ce892fb6-0bd4-46fe-9b15-c8e415fe511f" executionId="3952656f-a105-42fd-9c7e-217b81387809" testListId="8c84fa94-04c1-424b-9868-57a2d4851a1d" />
    <TestEntry testId="91572a2f-79d7-461f-8201-46a22c0d0e7b" executionId="88d66290-8fb7-4f19-8721-038e00ba1f36" testListId="8c84fa94-04c1-424b-9868-57a2d4851a1d" />
    <TestEntry testId="951fc800-13e3-4091-bc8b-3edd2a1d7679" executionId="75002460-602b-4d1e-a31e-694886d9c77a" testListId="8c84fa94-04c1-424b-9868-57a2d4851a1d" />
    <TestEntry testId="4ef32eb2-84cb-4cfc-94e0-2f3618d4ace1" executionId="1cce4abf-a5f6-4b86-bf3d-6ed7710c143d" testListId="8c84fa94-04c1-424b-9868-57a2d4851a1d" />
    <TestEntry testId="4fceb38c-3773-4da4-8721-efc405123855" executionId="e16177a5-f649-445e-9d19-677afecb8cb2" testListId="8c84fa94-04c1-424b-9868-57a2d4851a1d" />
    <TestEntry testId="41c9af8b-7c81-4c48-a22b-c6646f8c6630" executionId="68719594-b30f-4e55-85b2-f1879968d5f6" testListId="8c84fa94-04c1-424b-9868-57a2d4851a1d" />
    <TestEntry testId="0f201b55-2fb0-4ca1-a307-b197d5a0db31" executionId="1132de54-83a5-46a2-9e4d-10ac0ac1aa3e" testListId="8c84fa94-04c1-424b-9868-57a2d4851a1d" />
    <TestEntry testId="f353e60f-2d68-4115-827b-9b5748402947" executionId="11e6db89-ae08-4e06-99d5-2fb81e1c3988" testListId="8c84fa94-04c1-424b-9868-57a2d4851a1d" />
    <TestEntry testId="56c7ed60-0ec1-487f-bfda-1dd2130274f5" executionId="40c430fc-22fe-44a1-9580-266b857cdbbe" testListId="8c84fa94-04c1-424b-9868-57a2d4851a1d" />
    <TestEntry testId="d30145bf-bff2-4b01-b5c0-bb1aa25bf5c6" executionId="8830b8e4-509d-407a-80f4-49ade07818cc" testListId="8c84fa94-04c1-424b-9868-57a2d4851a1d" />
    <TestEntry testId="cfbb468b-45b6-4a2e-bab2-43a5eaddebde" executionId="86994b72-c28f-4155-a395-9ed8e9c40a5b" testListId="8c84fa94-04c1-424b-9868-57a2d4851a1d" />
    <TestEntry testId="63f33a14-6b11-4087-b2a0-56f7f9498cb3" executionId="8ea74394-eb1b-466c-a723-831efcd9fb6a" testListId="8c84fa94-04c1-424b-9868-57a2d4851a1d" />
    <TestEntry testId="210652bc-0e42-47af-8428-e68d01cfbf56" executionId="5afabdd7-8765-4ef9-a4f6-4249b026bce8" testListId="8c84fa94-04c1-424b-9868-57a2d4851a1d" />
    <TestEntry testId="4077e10f-ba98-4c33-a91b-2de332c333db" executionId="385642c1-e4ce-4b92-bf96-a96d01690c6c" testListId="8c84fa94-04c1-424b-9868-57a2d4851a1d" />
    <TestEntry testId="16724a6d-2e4c-4231-aeed-a594018b9e7a" executionId="247e2138-b26f-428e-87c5-4de377ec5765" testListId="8c84fa94-04c1-424b-9868-57a2d4851a1d" />
    <TestEntry testId="37b582cd-c255-4bcf-8041-b6d250f18033" executionId="c2d9b904-a3e2-489a-a2e5-6760d4ad2992" testListId="8c84fa94-04c1-424b-9868-57a2d4851a1d" />
    <TestEntry testId="efce7f49-7cc2-4847-9d28-dcc478ee7856" executionId="e368a126-f242-442a-8e1e-388bdefa6f49" testListId="8c84fa94-04c1-424b-9868-57a2d4851a1d" />
    <TestEntry testId="43aca9d1-3a95-40ab-8fc6-100a5a30f69b" executionId="4897207a-aa6c-41a5-a7b4-e4e1fe407cb2" testListId="8c84fa94-04c1-424b-9868-57a2d4851a1d" />
    <TestEntry testId="71522d5d-6434-4010-aa00-35fcd8d7d80f" executionId="09523fdf-a366-406f-8a80-0ed600c76a0e" testListId="8c84fa94-04c1-424b-9868-57a2d4851a1d" />
    <TestEntry testId="47d27f6b-fb6c-4e00-a7d9-b9d80ecc2b43" executionId="a2c07dcc-7ace-4cf3-899a-2a7a69ec22c8" testListId="8c84fa94-04c1-424b-9868-57a2d4851a1d" />
    <TestEntry testId="4440c9ac-6dc3-4da9-9828-433a6bccaf46" executionId="ab25ed3c-2637-4b2d-be90-1ebe709535d5" testListId="8c84fa94-04c1-424b-9868-57a2d4851a1d" />
    <TestEntry testId="45258798-676f-4f72-bbc6-c665afaecf9f" executionId="b24749c3-35a8-43cb-ba54-fb609f7934d3" testListId="8c84fa94-04c1-424b-9868-57a2d4851a1d" />
    <TestEntry testId="71f27c65-5918-4e9b-8bba-c70de73ae7fa" executionId="e52c3e50-b810-49c1-9f60-27102b0ef05c" testListId="8c84fa94-04c1-424b-9868-57a2d4851a1d" />
    <TestEntry testId="0ac7701f-297c-4eab-a68f-72188a0ee952" executionId="8e67b3ff-697d-459e-8994-a244e3400678" testListId="8c84fa94-04c1-424b-9868-57a2d4851a1d" />
    <TestEntry testId="fb2d9f1d-01cc-4bff-9d50-3e8de694b093" executionId="69cde8eb-98a3-46fa-b997-caed5ef81f1e" testListId="8c84fa94-04c1-424b-9868-57a2d4851a1d" />
    <TestEntry testId="6a6d0549-48f4-4202-be2a-4377a45cb00d" executionId="4b8b255a-b0d6-44da-ac4a-473e4fcb0c51" testListId="8c84fa94-04c1-424b-9868-57a2d4851a1d" />
    <TestEntry testId="cd0088a8-c2c2-4fcc-a7d1-5f435b78b5dd" executionId="eeb25c1c-b4ed-4433-82df-3f0d83c564a0" testListId="8c84fa94-04c1-424b-9868-57a2d4851a1d" />
    <TestEntry testId="535658ad-14a5-4f63-b1ce-032718118b61" executionId="e7f9ebb2-015c-413e-aa73-cca367a32108" testListId="8c84fa94-04c1-424b-9868-57a2d4851a1d" />
    <TestEntry testId="2edcb7f9-8c28-4904-b087-41126505d48a" executionId="f7c4d046-51fd-4afe-8326-62657123516b" testListId="8c84fa94-04c1-424b-9868-57a2d4851a1d" />
    <TestEntry testId="8ce2267a-3205-4ef0-9c54-538966e3fdfb" executionId="1cdece8e-f33d-4e3c-9947-e11644cd3caa" testListId="8c84fa94-04c1-424b-9868-57a2d4851a1d" />
    <TestEntry testId="87cf5206-72ae-4538-8dd1-b2263d69fd85" executionId="c05dc2a7-c124-44cc-abf4-a21b5f7494c3" testListId="8c84fa94-04c1-424b-9868-57a2d4851a1d" />
    <TestEntry testId="7d99a5a4-6969-4983-97f9-0b59d64eccc1" executionId="3611a97f-28b6-4253-b116-23685bfba728" testListId="8c84fa94-04c1-424b-9868-57a2d4851a1d" />
    <TestEntry testId="110c063e-a109-49a5-9ed2-9ef4fda711d6" executionId="db687fc6-5320-47eb-b205-0883bb364e1d" testListId="8c84fa94-04c1-424b-9868-57a2d4851a1d" />
    <TestEntry testId="7baf40ad-68a3-4194-b1c0-b89d0e58b70b" executionId="19eafdd4-8b9d-489a-a416-864802a42408" testListId="8c84fa94-04c1-424b-9868-57a2d4851a1d" />
    <TestEntry testId="00cdb9f9-c661-43b9-8caf-628b1ee4321c" executionId="9b5b284c-0568-43c5-9731-1164f470062b" testListId="8c84fa94-04c1-424b-9868-57a2d4851a1d" />
    <TestEntry testId="24b9ac09-dcbb-4c75-b3d5-8a5027953bdc" executionId="4a779bbf-42ed-41af-8159-ae45e7c24461" testListId="8c84fa94-04c1-424b-9868-57a2d4851a1d" />
    <TestEntry testId="cc722792-2e5e-41ed-865d-d8c3e6d35e7b" executionId="babc95d7-0684-4dd1-937a-5e7985e0bf1c" testListId="8c84fa94-04c1-424b-9868-57a2d4851a1d" />
    <TestEntry testId="3726a28d-216c-4108-ab9f-b3ddeaf91548" executionId="67863af3-0987-4aa8-b8f5-cb500350454f" testListId="8c84fa94-04c1-424b-9868-57a2d4851a1d" />
    <TestEntry testId="2fe5538a-53ea-4377-999d-12f97578b7e4" executionId="2caf6a4b-db28-44f5-8b01-2ce9c5f5df04" testListId="8c84fa94-04c1-424b-9868-57a2d4851a1d" />
    <TestEntry testId="8763e69d-c417-4f20-ba54-ca480afa0c27" executionId="d617e764-f44b-436c-bf8b-b1877018f70f" testListId="8c84fa94-04c1-424b-9868-57a2d4851a1d" />
    <TestEntry testId="8bbdb661-a1e1-4464-aa7b-ead36a2624fd" executionId="73203992-4fa3-47e9-b008-d6d92ca13ca8" testListId="8c84fa94-04c1-424b-9868-57a2d4851a1d" />
    <TestEntry testId="b17396d5-3d39-4420-aff2-080edd515701" executionId="a9e31eab-f654-44ca-bb49-1dfc7654f63f" testListId="8c84fa94-04c1-424b-9868-57a2d4851a1d" />
    <TestEntry testId="ab5ceaa3-156f-4b5d-9b0d-042b97831ffc" executionId="bddea5d3-3aaa-438f-805a-afdef0c2822d" testListId="8c84fa94-04c1-424b-9868-57a2d4851a1d" />
    <TestEntry testId="9d387270-c9f8-42e6-b260-c5fc75c9c427" executionId="3cbc7ae9-39ae-4192-9c41-372d197b3e9f" testListId="8c84fa94-04c1-424b-9868-57a2d4851a1d" />
    <TestEntry testId="911219d0-f129-4b64-92fe-5b4b26fec1a1" executionId="d99e97bb-fd09-426a-b916-ecb5e3ba8de8" testListId="8c84fa94-04c1-424b-9868-57a2d4851a1d" />
    <TestEntry testId="cdf2d7f7-2ed3-42e7-be7d-dbb00a9ac092" executionId="66f374cb-e892-46e9-8763-7efb666fbf5a" testListId="8c84fa94-04c1-424b-9868-57a2d4851a1d" />
    <TestEntry testId="98851d06-3acf-4892-9641-b9979bb20b38" executionId="27ba0ccc-ea1b-42e2-ba72-390304f89896" testListId="8c84fa94-04c1-424b-9868-57a2d4851a1d" />
    <TestEntry testId="7998b751-571e-4e8a-8071-4edd4a0848bc" executionId="df1e20a2-5f59-4895-b030-d50f706236d7" testListId="8c84fa94-04c1-424b-9868-57a2d4851a1d" />
    <TestEntry testId="4619c23f-521b-48fb-bab8-eaf82a69b13d" executionId="ab7693d4-d7ff-42ff-acd5-dd6130138112" testListId="8c84fa94-04c1-424b-9868-57a2d4851a1d" />
    <TestEntry testId="80484b02-e84c-49a5-ae1a-a9bda1bc0ddb" executionId="c2529f8e-3b8f-4b98-9e04-d227c6bdc744" testListId="8c84fa94-04c1-424b-9868-57a2d4851a1d" />
    <TestEntry testId="0806096a-924f-4629-9595-0303fca860e1" executionId="2c1e51c7-6252-44dc-8896-e5727a9cd6f0" testListId="8c84fa94-04c1-424b-9868-57a2d4851a1d" />
    <TestEntry testId="5cb103df-6859-4d49-b81c-679b137d44bb" executionId="c500b2fa-44bd-48d1-8d83-7edb48a2d1ff" testListId="8c84fa94-04c1-424b-9868-57a2d4851a1d" />
    <TestEntry testId="82b45141-5cbc-4cba-8d5f-f1327bfa8069" executionId="810af5ca-46b3-4b03-a5b5-18d5d7a40a9a" testListId="8c84fa94-04c1-424b-9868-57a2d4851a1d" />
    <TestEntry testId="5d7b6905-fa2c-42e4-9a4c-6bbd6a763552" executionId="318f42c1-2f6c-4605-bed4-38c1438c9407" testListId="8c84fa94-04c1-424b-9868-57a2d4851a1d" />
    <TestEntry testId="0eb4211a-49e1-4afb-a896-ba3f31c302b8" executionId="2251c0e6-c1e2-4935-8e8e-375a192195f2" testListId="8c84fa94-04c1-424b-9868-57a2d4851a1d" />
    <TestEntry testId="ee88df54-0dd5-4ca9-adcf-65d315add95d" executionId="019aea77-00f0-4d86-918b-b8467d8dd135" testListId="8c84fa94-04c1-424b-9868-57a2d4851a1d" />
    <TestEntry testId="ec9f6384-49f4-428f-bf9c-38a4b7d6f394" executionId="a5de7750-b440-48d8-8db9-1288737c79fc" testListId="8c84fa94-04c1-424b-9868-57a2d4851a1d" />
    <TestEntry testId="a7eeb2ec-0fe5-48e1-aa76-e676df42cf52" executionId="0c9f6ce8-c584-4b8f-95ca-ebc67dd42262" testListId="8c84fa94-04c1-424b-9868-57a2d4851a1d" />
    <TestEntry testId="08d12359-1ecf-48aa-9bfd-88340734f3c4" executionId="5c89e3a3-80c1-46a8-99dc-6ae5e43d969c" testListId="8c84fa94-04c1-424b-9868-57a2d4851a1d" />
    <TestEntry testId="62c67301-5444-44cf-a5dd-5aebfec7b7ee" executionId="aa5dd904-e985-4ac6-84bc-2b707b95c249" testListId="8c84fa94-04c1-424b-9868-57a2d4851a1d" />
    <TestEntry testId="da52dfe7-e2af-4d2f-a5c6-4df4e2909738" executionId="f0130424-b261-4dc9-ba64-5eed8e34af75" testListId="8c84fa94-04c1-424b-9868-57a2d4851a1d" />
    <TestEntry testId="69ec952d-ec8d-4c70-aff2-cb32e8ed36d6" executionId="c3ebf455-69af-4a6d-9e8d-8fbff04afad2" testListId="8c84fa94-04c1-424b-9868-57a2d4851a1d" />
    <TestEntry testId="4bce127c-e1e9-4679-8c70-5c26bb84ebc5" executionId="29615821-c314-4611-adf3-7fcc25a83ed4" testListId="8c84fa94-04c1-424b-9868-57a2d4851a1d" />
    <TestEntry testId="767e9d53-441e-4db1-b660-2b391ef60f3e" executionId="3c19bdc1-eafc-40a9-8a45-6d96f8d03317" testListId="8c84fa94-04c1-424b-9868-57a2d4851a1d" />
    <TestEntry testId="b7b5cc00-4770-416f-8ae1-9c09dc832e03" executionId="acb0354d-d412-45ae-9c22-b31161c95434" testListId="8c84fa94-04c1-424b-9868-57a2d4851a1d" />
    <TestEntry testId="99e6c041-e467-4f26-92c7-780eeb96479a" executionId="e8bfa381-3322-46e0-8c6f-285a9cf1dca4" testListId="8c84fa94-04c1-424b-9868-57a2d4851a1d" />
    <TestEntry testId="5d2637f2-9692-4c51-a2e9-dec47c054602" executionId="da2efc83-815e-4f94-af2d-6c49cecbbac9" testListId="8c84fa94-04c1-424b-9868-57a2d4851a1d" />
    <TestEntry testId="0d8b518a-f788-4d38-8881-24041ad08985" executionId="206d619a-59f9-4dc6-b90c-c16dc6033404" testListId="8c84fa94-04c1-424b-9868-57a2d4851a1d" />
    <TestEntry testId="742c0b2f-de5b-455c-b371-706eb2ffab8f" executionId="b2b18ecb-39e7-41eb-a7e3-d2b888468631" testListId="8c84fa94-04c1-424b-9868-57a2d4851a1d" />
    <TestEntry testId="c242041b-a5b0-43e2-98ab-cd5248139f34" executionId="a96e3976-d525-44df-b40c-0f77a524e4f2" testListId="8c84fa94-04c1-424b-9868-57a2d4851a1d" />
    <TestEntry testId="2f831167-7c5e-4f84-b971-6fd1ea13e0e6" executionId="81879757-8a7c-4adb-86fc-6910349d7897" testListId="8c84fa94-04c1-424b-9868-57a2d4851a1d" />
    <TestEntry testId="cda869bc-c230-457c-a164-73a574779e0b" executionId="7c485f7b-745a-4eac-bc53-e9891bbb6257" testListId="8c84fa94-04c1-424b-9868-57a2d4851a1d" />
    <TestEntry testId="f060466c-901c-437e-8ac4-c1f83ac8163a" executionId="1acf5909-2296-47ae-b689-7bc8ef3e783c" testListId="8c84fa94-04c1-424b-9868-57a2d4851a1d" />
    <TestEntry testId="ea99de01-4b40-4083-a502-3f36acfd9bed" executionId="42b23b9a-c461-4e2f-b322-18310be60572" testListId="8c84fa94-04c1-424b-9868-57a2d4851a1d" />
    <TestEntry testId="57985bf5-76f6-4d16-8c09-842e7166fd85" executionId="ae9d0894-a98f-4f22-aba3-0d5c8e8d92d5" testListId="8c84fa94-04c1-424b-9868-57a2d4851a1d" />
    <TestEntry testId="016d65ba-6e7d-4549-83f4-084bb7278516" executionId="5ec309d0-e39b-4165-a9be-e8735eed7866" testListId="8c84fa94-04c1-424b-9868-57a2d4851a1d" />
    <TestEntry testId="5579ea89-27d7-4da1-be2d-0e4520a2a1e9" executionId="2780fb77-7db9-4668-9361-63a558fb0140" testListId="8c84fa94-04c1-424b-9868-57a2d4851a1d" />
    <TestEntry testId="e4b39331-fb1d-4542-bd3d-ff3a939d1eff" executionId="d48d93cd-cf0a-4a88-b4c0-5a031848a98b" testListId="8c84fa94-04c1-424b-9868-57a2d4851a1d" />
    <TestEntry testId="d0efd1a4-0256-4643-a87f-ec87c4280e9a" executionId="af92bfca-b001-47df-92f4-9daef5fafc31" testListId="8c84fa94-04c1-424b-9868-57a2d4851a1d" />
    <TestEntry testId="345c0b70-7112-440d-bb43-b7ac76c560a2" executionId="ee28e583-3362-432d-9e4d-910662994bed" testListId="8c84fa94-04c1-424b-9868-57a2d4851a1d" />
    <TestEntry testId="27477ccf-8cd5-4455-9519-5250034a258d" executionId="619af410-1851-4cc7-b83d-33799bf0c5bb" testListId="8c84fa94-04c1-424b-9868-57a2d4851a1d" />
    <TestEntry testId="9d1d1a8d-a213-4c81-bb91-0877573e9042" executionId="a5060b7b-17b8-45f6-84d4-c5e4b21a110f" testListId="8c84fa94-04c1-424b-9868-57a2d4851a1d" />
    <TestEntry testId="815ed3b7-ca13-4795-9f74-2c593d24aa69" executionId="3febada7-0ca4-4316-88f9-6667864eba53" testListId="8c84fa94-04c1-424b-9868-57a2d4851a1d" />
    <TestEntry testId="142d62b0-0207-496c-912e-a120b3e2847a" executionId="0d153bd1-9115-4d27-be14-9b9753bd379a" testListId="8c84fa94-04c1-424b-9868-57a2d4851a1d" />
    <TestEntry testId="d1b95db5-3f2b-4b9c-b343-1d16115aa988" executionId="e8ccc11e-6614-4192-aa3c-39a40bae2dfa" testListId="8c84fa94-04c1-424b-9868-57a2d4851a1d" />
    <TestEntry testId="679367a9-cbea-4552-b3a7-2f20462972ae" executionId="ee83ea89-1317-42b2-b06b-f236dcf6d194" testListId="8c84fa94-04c1-424b-9868-57a2d4851a1d" />
    <TestEntry testId="e0913b26-8039-4574-9ff0-f8a1af7210d9" executionId="e7942c8e-5bae-40b3-94b6-f00df4037241" testListId="8c84fa94-04c1-424b-9868-57a2d4851a1d" />
    <TestEntry testId="7bcab105-fa39-4ed7-bf99-8e14df0d4f3b" executionId="d99e0675-6273-4c2e-a0c7-ab756a596665" testListId="8c84fa94-04c1-424b-9868-57a2d4851a1d" />
    <TestEntry testId="5610ca9f-2fbd-4b73-8c81-4e84dd7dcb6c" executionId="c5bfcf63-fa3d-42e1-9901-74f54dc1bae9" testListId="8c84fa94-04c1-424b-9868-57a2d4851a1d" />
    <TestEntry testId="0dbfba36-4395-4146-9aca-adfe07c78295" executionId="f762e7e2-2015-4e40-b987-487387880d68" testListId="8c84fa94-04c1-424b-9868-57a2d4851a1d" />
    <TestEntry testId="b89c6b4c-6f01-4553-9ef3-a4122fa07db0" executionId="3880f71c-a120-419e-b540-a479e3403f85" testListId="8c84fa94-04c1-424b-9868-57a2d4851a1d" />
    <TestEntry testId="64e1a80a-7550-4f63-93ce-3cc2e7f8b2cb" executionId="05cd6160-ce07-4972-ab7e-5ceb75834c88" testListId="8c84fa94-04c1-424b-9868-57a2d4851a1d" />
    <TestEntry testId="94b7d0a3-20a6-466a-8ba7-6990cf7fd764" executionId="c783cfcd-7b6f-4976-bfea-a6c05f634fce" testListId="8c84fa94-04c1-424b-9868-57a2d4851a1d" />
    <TestEntry testId="74f7e961-1c95-42a7-8c4d-1dcead59b871" executionId="ac498965-6ae3-4836-a3e6-f9b4860b925e" testListId="8c84fa94-04c1-424b-9868-57a2d4851a1d" />
    <TestEntry testId="128eea5c-70b8-414f-b4d3-7ba3fb47a545" executionId="0c7541d5-7e31-4fa2-894c-b620a08a992c" testListId="8c84fa94-04c1-424b-9868-57a2d4851a1d" />
    <TestEntry testId="c1d8b290-e2f4-4fd7-84f5-7abb5f338d3c" executionId="304139be-38c3-43ff-8000-801a9cbaa66f" testListId="8c84fa94-04c1-424b-9868-57a2d4851a1d" />
    <TestEntry testId="3b540c6d-278e-4c67-ba2d-4d407d3a92c6" executionId="2854d838-01a5-4618-9818-02b1c6d7f685" testListId="8c84fa94-04c1-424b-9868-57a2d4851a1d" />
    <TestEntry testId="f8d82bec-11b2-4627-b76b-e56f989149d7" executionId="978e8102-acf6-43ec-baad-232b6ac249c9" testListId="8c84fa94-04c1-424b-9868-57a2d4851a1d" />
    <TestEntry testId="b85e0b9a-09ef-4674-9db8-bd40f339b3be" executionId="dd4e9515-6597-4935-8c97-4c375783fc98" testListId="8c84fa94-04c1-424b-9868-57a2d4851a1d" />
    <TestEntry testId="78d565e5-bf00-49f0-a2e9-d051b7a54125" executionId="a525d588-2b87-473e-815d-3837341a0874" testListId="8c84fa94-04c1-424b-9868-57a2d4851a1d" />
    <TestEntry testId="5b2d0ae9-c173-4815-83af-76dd6d3cacfc" executionId="c7d53c90-df34-4305-ac87-41920e44d917" testListId="8c84fa94-04c1-424b-9868-57a2d4851a1d" />
    <TestEntry testId="5a3da0d4-820d-4346-b496-7b4c370b6ae0" executionId="87893cc2-5a63-410d-b5cd-35acfc17792f" testListId="8c84fa94-04c1-424b-9868-57a2d4851a1d" />
    <TestEntry testId="15a3b361-b92a-4e40-a09b-9ff61dcdba6c" executionId="3b5e6f2c-eb4e-4ac0-94e7-419e80d726b3" testListId="8c84fa94-04c1-424b-9868-57a2d4851a1d" />
    <TestEntry testId="bc487fa3-ffac-4c72-b2d5-22474b89f718" executionId="507eb932-4924-4d98-ad86-af87197b99e6" testListId="8c84fa94-04c1-424b-9868-57a2d4851a1d" />
    <TestEntry testId="4d197e95-e515-4dec-8fd9-7dc100aee792" executionId="dc835b07-a5ed-4679-9505-aac064bd0ae8" testListId="8c84fa94-04c1-424b-9868-57a2d4851a1d" />
    <TestEntry testId="979eb2b1-f382-4fcc-b8f4-593f43f74743" executionId="8745f644-50d9-48c3-8328-bc9960b39988" testListId="8c84fa94-04c1-424b-9868-57a2d4851a1d" />
    <TestEntry testId="d98df8c6-1bbb-435f-a4d5-965835f1a6b6" executionId="4355c327-42d7-408b-9eae-9afa012b032c" testListId="8c84fa94-04c1-424b-9868-57a2d4851a1d" />
    <TestEntry testId="f3d9116a-63c2-4c7d-bf99-9f17b38929d2" executionId="a5f283e4-62f9-4ed3-8efc-5426f8923589" testListId="8c84fa94-04c1-424b-9868-57a2d4851a1d" />
    <TestEntry testId="00d0a7b3-30f4-41f5-a55e-aa728f10c68b" executionId="0464ee6b-b3ef-4f87-8847-ed840b4be83a" testListId="8c84fa94-04c1-424b-9868-57a2d4851a1d" />
    <TestEntry testId="1fdead15-eb78-4220-b453-1b56bd143381" executionId="7d9ffc4c-4191-4ca3-bbf2-db0df493b27c" testListId="8c84fa94-04c1-424b-9868-57a2d4851a1d" />
    <TestEntry testId="736ccfd4-9f48-4fc8-8f6f-a0e3d48cfea7" executionId="c9da4526-bb6a-4156-8ce3-ceb05f4bf277" testListId="8c84fa94-04c1-424b-9868-57a2d4851a1d" />
    <TestEntry testId="ab2907ae-4d35-4be8-b358-0a3ebcdfb44e" executionId="709247d8-850f-4202-aedd-26916a183cb3" testListId="8c84fa94-04c1-424b-9868-57a2d4851a1d" />
    <TestEntry testId="37080935-81d3-4edd-90aa-0808f2abb46a" executionId="eb7c19da-16a7-41ea-b55b-a5558f423232" testListId="8c84fa94-04c1-424b-9868-57a2d4851a1d" />
    <TestEntry testId="198f14b4-81a5-48d3-a997-d334290bcfa7" executionId="94692f38-3644-499e-b439-3fe6665e4ef1" testListId="8c84fa94-04c1-424b-9868-57a2d4851a1d" />
    <TestEntry testId="bb076a31-0991-4bc7-91c6-c91730f41d5e" executionId="773a113e-9e9d-4721-b111-aac715127727" testListId="8c84fa94-04c1-424b-9868-57a2d4851a1d" />
    <TestEntry testId="a1e8a31f-4bd2-483a-9833-e57e9f61126a" executionId="d3a1010d-447c-4598-b1fd-11c323910d30" testListId="8c84fa94-04c1-424b-9868-57a2d4851a1d" />
    <TestEntry testId="65a05ae0-6380-4ec9-a06b-e91c8e3c23f7" executionId="709cda16-77c1-4f4e-9f28-beb9d44a098d" testListId="8c84fa94-04c1-424b-9868-57a2d4851a1d" />
    <TestEntry testId="fa1e6ad8-ad22-47d9-b94a-a36aebbd1ee3" executionId="a1b57d1f-2801-4ca7-9e20-e33e2671f92f" testListId="8c84fa94-04c1-424b-9868-57a2d4851a1d" />
    <TestEntry testId="0f6bc7f0-7e8d-4614-92a4-7d863d229ff6" executionId="85929c4f-cd73-4b4a-8010-a46874528068" testListId="8c84fa94-04c1-424b-9868-57a2d4851a1d" />
    <TestEntry testId="8ea8220c-7fa7-44e3-82b5-37476b98f330" executionId="386e44ca-81db-4ad2-84bb-26edeac5a3ab" testListId="8c84fa94-04c1-424b-9868-57a2d4851a1d" />
    <TestEntry testId="37dde3e6-de18-4914-9db2-b95f05053122" executionId="51163fd7-9f9d-402f-a09a-3b5f9873cdf3" testListId="8c84fa94-04c1-424b-9868-57a2d4851a1d" />
    <TestEntry testId="21074891-ee1b-49ad-a5d5-24841e171c6e" executionId="610542b7-f63f-4133-b461-307d777e3134" testListId="8c84fa94-04c1-424b-9868-57a2d4851a1d" />
    <TestEntry testId="d1645085-587b-4e17-91cb-95df2fd76754" executionId="4c16e166-145a-46df-bf11-d89940801016" testListId="8c84fa94-04c1-424b-9868-57a2d4851a1d" />
    <TestEntry testId="4fc38ccc-e271-42c5-bd37-18c199a9530e" executionId="b43adbbe-cc55-46eb-9f3c-b8cc1a52e86e" testListId="8c84fa94-04c1-424b-9868-57a2d4851a1d" />
    <TestEntry testId="401d53c7-9fb3-4d7a-abfb-12d37529fd62" executionId="2027b09c-f9fa-4645-9a55-7ece5aae50c2" testListId="8c84fa94-04c1-424b-9868-57a2d4851a1d" />
    <TestEntry testId="773e4e8a-0c81-4447-a3c6-398a1f74f5fe" executionId="a40df749-76b3-4704-84fc-e9990b49023e" testListId="8c84fa94-04c1-424b-9868-57a2d4851a1d" />
    <TestEntry testId="3493e2d1-89f6-411d-8f35-d4a72a91d23a" executionId="89172d56-86f9-440e-a7fc-d00d32e365f8" testListId="8c84fa94-04c1-424b-9868-57a2d4851a1d" />
    <TestEntry testId="c47bd9c9-6b89-405e-9a53-a1aacc9c3b5f" executionId="307bd811-f83b-48c7-ae19-7406be7c697c" testListId="8c84fa94-04c1-424b-9868-57a2d4851a1d" />
    <TestEntry testId="9ba4ce16-ae00-4a61-82db-53aeea9b42f6" executionId="30557175-a436-4b5e-9d23-2eda1c3cb8b6" testListId="8c84fa94-04c1-424b-9868-57a2d4851a1d" />
    <TestEntry testId="70f9b8f4-a5ba-4a88-8af1-a36bbbc0734a" executionId="d22fa5c5-e9a6-48da-b445-570ce7a848ad" testListId="8c84fa94-04c1-424b-9868-57a2d4851a1d" />
    <TestEntry testId="c86892c2-ef50-4a4d-beca-02784a777c0e" executionId="8a23ed71-e1c7-46ef-94e3-88e8286b6b51" testListId="8c84fa94-04c1-424b-9868-57a2d4851a1d" />
    <TestEntry testId="606d9f4f-cdcb-47dd-8c9f-6dbc80c84544" executionId="5113ee6a-acaf-4edf-9f08-04607eeda6bc" testListId="8c84fa94-04c1-424b-9868-57a2d4851a1d" />
    <TestEntry testId="2170b94d-0917-49ed-b32d-eddd042eb15c" executionId="d6ca9c30-d4c9-49c0-9961-94e124eb469a" testListId="8c84fa94-04c1-424b-9868-57a2d4851a1d" />
    <TestEntry testId="ef5f4780-8758-475a-969e-2d55da3b6d3b" executionId="df39b227-448f-47ed-a1e9-70d9f19d56c5" testListId="8c84fa94-04c1-424b-9868-57a2d4851a1d" />
    <TestEntry testId="5a44cc03-9576-4494-afa9-9272aaeb3eba" executionId="28a655f1-f7fe-46c1-ad84-05978c26801c" testListId="8c84fa94-04c1-424b-9868-57a2d4851a1d" />
    <TestEntry testId="3b3dc756-0b96-4934-8a4d-779f45f13554" executionId="06aac0d1-3555-4571-b0a7-5cbcaf7c62df" testListId="8c84fa94-04c1-424b-9868-57a2d4851a1d" />
    <TestEntry testId="6535ce7a-79c5-4128-823a-855a8c1639f9" executionId="441a8146-0d30-4da3-988a-d12da663a400" testListId="8c84fa94-04c1-424b-9868-57a2d4851a1d" />
    <TestEntry testId="0e1305e1-f6aa-4e8a-8761-47d4c0a92ee0" executionId="87702888-4566-41c8-8bb7-2508db92922d" testListId="8c84fa94-04c1-424b-9868-57a2d4851a1d" />
    <TestEntry testId="d2bd2847-4b58-42af-ab0e-81accbd8dac2" executionId="a0a3f3ca-5018-442f-bea1-315a0d897f17" testListId="8c84fa94-04c1-424b-9868-57a2d4851a1d" />
    <TestEntry testId="558694a0-94a8-4231-9c17-8c5849415413" executionId="21269106-c90e-475b-be2a-abd0a838ff77" testListId="8c84fa94-04c1-424b-9868-57a2d4851a1d" />
    <TestEntry testId="4c809de1-4d24-41d5-9f72-d047f0cc668c" executionId="44a4a361-639f-4fad-b52e-3998c7225c5a" testListId="8c84fa94-04c1-424b-9868-57a2d4851a1d" />
    <TestEntry testId="451928f6-1439-4ae4-bde2-291991e08133" executionId="9f0848d8-23ef-41fc-8cc7-403f431f255f" testListId="8c84fa94-04c1-424b-9868-57a2d4851a1d" />
    <TestEntry testId="a464a4ea-0f0a-4c00-98f3-911844283624" executionId="479584ac-a125-4629-b966-f8880573ff62" testListId="8c84fa94-04c1-424b-9868-57a2d4851a1d" />
    <TestEntry testId="eb3d9488-4dd9-42d4-b15a-dfde8bdc0948" executionId="c3359572-c5c7-405c-af00-0e9dc5a7ac43" testListId="8c84fa94-04c1-424b-9868-57a2d4851a1d" />
    <TestEntry testId="f836999b-2df8-4326-b29e-5678dfa78c00" executionId="aa152887-1ace-4350-9266-c70d56783e65" testListId="8c84fa94-04c1-424b-9868-57a2d4851a1d" />
    <TestEntry testId="1e535c0d-8193-4ac0-b8cf-0759608f7d53" executionId="248daf1b-e060-4232-ba7b-e04973bec562" testListId="8c84fa94-04c1-424b-9868-57a2d4851a1d" />
    <TestEntry testId="305b1f52-326d-4c1a-b422-e0eaa59d69cd" executionId="6477f0c9-71b8-49ab-9b53-048a284ed778" testListId="8c84fa94-04c1-424b-9868-57a2d4851a1d" />
    <TestEntry testId="6fa4ff42-f9dc-4f05-b3e7-7cc40cdc0d20" executionId="e171d893-06c9-414e-b85a-49fcbbca91c6" testListId="8c84fa94-04c1-424b-9868-57a2d4851a1d" />
    <TestEntry testId="055b4d15-2e27-4dc4-a625-69f1170fa74a" executionId="7536096c-5f4c-4f21-8443-eed24d8e7cc5" testListId="8c84fa94-04c1-424b-9868-57a2d4851a1d" />
    <TestEntry testId="a7ae90be-6d47-4bbc-8ad7-56a4ad53abff" executionId="92f4f072-e442-4e58-a01a-7d7bb8801a2c" testListId="8c84fa94-04c1-424b-9868-57a2d4851a1d" />
    <TestEntry testId="949f6d62-784a-4ae4-a2bc-6971513c59f2" executionId="73ace1bf-ed01-4d1c-adde-3bfbc4accce7" testListId="8c84fa94-04c1-424b-9868-57a2d4851a1d" />
    <TestEntry testId="2c817224-44bb-4f5f-adad-03d6ece2d607" executionId="27df4bc5-4fd3-49a4-990a-c54db217db6e" testListId="8c84fa94-04c1-424b-9868-57a2d4851a1d" />
    <TestEntry testId="af669f1f-b7f7-4f4e-88d8-6ff20eeb0fe5" executionId="af218a4f-850b-47b2-922b-7dda0941e7f7" testListId="8c84fa94-04c1-424b-9868-57a2d4851a1d" />
    <TestEntry testId="e0715c83-28f1-46c9-b26d-ae135f939375" executionId="0b9df9bc-0a97-4704-8bcc-5845e1ce6a15" testListId="8c84fa94-04c1-424b-9868-57a2d4851a1d" />
    <TestEntry testId="02bea251-bac3-4d16-9763-58f03c3a4e42" executionId="418286db-5c8a-4c6d-9d67-241248523969" testListId="8c84fa94-04c1-424b-9868-57a2d4851a1d" />
    <TestEntry testId="b31672a2-629f-46c9-a1cf-d18903175480" executionId="2f559293-6cd7-4ecb-be8c-dec9b16aa866" testListId="8c84fa94-04c1-424b-9868-57a2d4851a1d" />
    <TestEntry testId="4ea22eed-ae17-4390-89cf-da256ccbf8c9" executionId="2dab2c2a-2945-4eec-adb8-eff4bab15374" testListId="8c84fa94-04c1-424b-9868-57a2d4851a1d" />
    <TestEntry testId="0d7cf661-12a0-4e35-894f-699daac5d2c1" executionId="df883581-d49a-4749-b3ff-4ddb7e6f22b2" testListId="8c84fa94-04c1-424b-9868-57a2d4851a1d" />
    <TestEntry testId="3bdf1c06-279b-48ea-99d0-f1edf29a875b" executionId="023a8183-8529-49f6-850d-bf00afd020be" testListId="8c84fa94-04c1-424b-9868-57a2d4851a1d" />
    <TestEntry testId="b20d02fc-153b-42eb-8e8e-8d364f215dea" executionId="77129a29-3783-48b7-9b0c-3ee4362cf9dc" testListId="8c84fa94-04c1-424b-9868-57a2d4851a1d" />
    <TestEntry testId="5b34123e-500f-41a2-8fee-b64bccaf6524" executionId="6983b76e-833e-43a9-b7a9-261e0a94be0e" testListId="8c84fa94-04c1-424b-9868-57a2d4851a1d" />
    <TestEntry testId="957c7e3b-bf44-4b2c-838b-58b78db0c808" executionId="c5447d80-63c5-484e-9aa5-7bffeaaf265b" testListId="8c84fa94-04c1-424b-9868-57a2d4851a1d" />
    <TestEntry testId="e6c5e43c-e7a8-4d08-9daa-af9f17ad57bc" executionId="c0d7c493-742a-4020-ae78-5dfeb36865c1" testListId="8c84fa94-04c1-424b-9868-57a2d4851a1d" />
    <TestEntry testId="92104509-4c9a-4d0f-9583-6db30fbc772e" executionId="450bf116-501a-4949-9857-bbba66f8612f" testListId="8c84fa94-04c1-424b-9868-57a2d4851a1d" />
    <TestEntry testId="b6cb22fb-4eef-42fe-9964-c456a1c74113" executionId="4d844398-7edd-43c5-aa2f-27789487a668" testListId="8c84fa94-04c1-424b-9868-57a2d4851a1d" />
    <TestEntry testId="91a1b296-92db-49b5-84b3-a846bf771d0c" executionId="bd959021-73c3-4811-8610-8849cbd1484d" testListId="8c84fa94-04c1-424b-9868-57a2d4851a1d" />
    <TestEntry testId="a6703c6b-2b38-4ad0-9460-9b89b786325b" executionId="e57b3abd-4184-4c69-ad6a-1070c722ffa6" testListId="8c84fa94-04c1-424b-9868-57a2d4851a1d" />
    <TestEntry testId="aa5fd337-60a8-48a7-a02f-eac9daf9b2bf" executionId="c3bd4b94-8414-49ef-a47a-759370dc9191" testListId="8c84fa94-04c1-424b-9868-57a2d4851a1d" />
    <TestEntry testId="71cc07af-3d62-42fd-a43e-68e7822b97aa" executionId="6e83038a-63bf-4cbb-9bda-7369fb9bdce0" testListId="8c84fa94-04c1-424b-9868-57a2d4851a1d" />
    <TestEntry testId="9509333e-c62d-4ddf-8d59-674a91d4b43e" executionId="65c42f2f-c092-49f5-b52a-454b22a5c44a" testListId="8c84fa94-04c1-424b-9868-57a2d4851a1d" />
    <TestEntry testId="5a7e1ad3-1e98-4898-b573-7c23774550cb" executionId="e04eb676-dd4d-4494-a06a-260913c2049d" testListId="8c84fa94-04c1-424b-9868-57a2d4851a1d" />
    <TestEntry testId="1b8c0423-4c04-4945-ba49-745f73cf7e2f" executionId="1f0601a2-5071-4358-96f1-be14b81cc886" testListId="8c84fa94-04c1-424b-9868-57a2d4851a1d" />
    <TestEntry testId="74537f8d-20f4-4bd6-9ec6-41a407c87456" executionId="897ba8d5-0015-4a2d-9385-e44d9eae0dd6" testListId="8c84fa94-04c1-424b-9868-57a2d4851a1d" />
    <TestEntry testId="71b69a9c-a191-4060-89f1-0f57636bdff5" executionId="4c2fe27e-cf1c-45aa-83e1-356f2879ef86" testListId="8c84fa94-04c1-424b-9868-57a2d4851a1d" />
    <TestEntry testId="35f5b547-b455-4cf6-ad03-7c6b6f48b351" executionId="ff79b6fe-d623-4aa7-bab5-400d6b8d5d15" testListId="8c84fa94-04c1-424b-9868-57a2d4851a1d" />
    <TestEntry testId="5d32b2ec-173c-4ebf-b4cb-65a43a8bbec1" executionId="3fb4f1b4-ba2c-40d1-803c-d7e915233d31" testListId="8c84fa94-04c1-424b-9868-57a2d4851a1d" />
    <TestEntry testId="6b17fc47-27d0-4fb1-b776-c23a43746a7f" executionId="715857ff-725c-4fea-8093-e9a905a89fdc" testListId="8c84fa94-04c1-424b-9868-57a2d4851a1d" />
    <TestEntry testId="5aec1ab5-da43-41b0-98ef-9dc6a227c6bc" executionId="a887ab21-dee2-4a2f-bb36-be75d0c95de5" testListId="8c84fa94-04c1-424b-9868-57a2d4851a1d" />
    <TestEntry testId="192dbed6-9b1f-433f-aaf4-3092f17250b5" executionId="44752fea-659b-44be-9888-385d86db5c6c" testListId="8c84fa94-04c1-424b-9868-57a2d4851a1d" />
    <TestEntry testId="4ae584b4-16e9-4bee-9476-2b5d6f549c55" executionId="fa7de07f-35ee-4ff1-ac84-76bf778b7409" testListId="8c84fa94-04c1-424b-9868-57a2d4851a1d" />
    <TestEntry testId="32b7b4f9-d1eb-47a1-b781-2fa7133ac35e" executionId="d4358259-e20b-4ab5-9723-1a2d7bfe80f7" testListId="8c84fa94-04c1-424b-9868-57a2d4851a1d" />
    <TestEntry testId="5b768eb8-7533-439b-bab9-543270b553f5" executionId="f65e80d4-a528-42ba-aae0-1a7bc91b9b78" testListId="8c84fa94-04c1-424b-9868-57a2d4851a1d" />
    <TestEntry testId="c5ba45bd-45a6-421c-8bb4-be01f922e434" executionId="9c09726e-d5a1-4601-8a84-cbfb6334ee13" testListId="8c84fa94-04c1-424b-9868-57a2d4851a1d" />
    <TestEntry testId="eefe0a92-2b30-493b-89d7-ae54442d0000" executionId="741a012a-4581-4917-a132-8e2c2aed6d1c" testListId="8c84fa94-04c1-424b-9868-57a2d4851a1d" />
    <TestEntry testId="9a90ecc0-c2c3-4dcf-9f2d-8eb955859659" executionId="470a85aa-e56a-424a-9e38-caaa4959e38b" testListId="8c84fa94-04c1-424b-9868-57a2d4851a1d" />
    <TestEntry testId="8dbfe6fa-a0b0-4506-afd1-b423a25662d0" executionId="737c0bac-e822-417a-be5b-208d831d19bb" testListId="8c84fa94-04c1-424b-9868-57a2d4851a1d" />
    <TestEntry testId="3f4f0a97-a2c9-4d09-920f-bcb4137330f2" executionId="c942c61a-3378-4ea3-950c-dbc7ef97e87c" testListId="8c84fa94-04c1-424b-9868-57a2d4851a1d" />
    <TestEntry testId="725bac92-9eb3-45b0-9e7e-85aed72f692f" executionId="05613ff0-76a6-4a71-8468-8d00129d5c4e" testListId="8c84fa94-04c1-424b-9868-57a2d4851a1d" />
    <TestEntry testId="c3f067d1-1b35-4b48-87e2-7afbf6b158e2" executionId="dc67914e-8334-40b5-880c-5fca270fcffb" testListId="8c84fa94-04c1-424b-9868-57a2d4851a1d" />
    <TestEntry testId="a6f5db46-240e-44ec-b38e-cb6fec855a96" executionId="c21e25d9-aeb2-491d-9abc-34b31a4abd71" testListId="8c84fa94-04c1-424b-9868-57a2d4851a1d" />
    <TestEntry testId="1afe0f1a-00d9-4f1c-9e7e-a7b92e6f9a6e" executionId="5fa54262-5b7b-44d6-ab98-84b5df047f6b" testListId="8c84fa94-04c1-424b-9868-57a2d4851a1d" />
    <TestEntry testId="ca491280-5178-4372-ba98-9970e946c4c9" executionId="e224c8a8-e331-431b-9f33-67dcaecc34b6" testListId="8c84fa94-04c1-424b-9868-57a2d4851a1d" />
    <TestEntry testId="6a35a9d7-1e20-46b7-b7ea-eca5131cc944" executionId="bd91901d-2b6c-4edd-8de2-2f2995082f2f" testListId="8c84fa94-04c1-424b-9868-57a2d4851a1d" />
    <TestEntry testId="cf07e1af-a589-438a-8825-569e08896f47" executionId="d6091fa9-d320-440a-8d1a-64f8d8c29781" testListId="8c84fa94-04c1-424b-9868-57a2d4851a1d" />
    <TestEntry testId="7b76c92b-a2e1-4514-b4a8-6472ec1ab0a4" executionId="3351c08d-d0e7-4cf6-935e-9033d04c0deb" testListId="8c84fa94-04c1-424b-9868-57a2d4851a1d" />
    <TestEntry testId="28201441-8884-4374-ba84-bc25cb47cfe2" executionId="400ea009-6d0a-438d-a2cb-48489f476629" testListId="8c84fa94-04c1-424b-9868-57a2d4851a1d" />
    <TestEntry testId="463f9e7a-a79e-4b46-b4b9-4835c31fdd08" executionId="645edd94-c515-4dc7-8bf8-5c0efd9ee8ee" testListId="8c84fa94-04c1-424b-9868-57a2d4851a1d" />
    <TestEntry testId="37795f2a-26b9-4334-bc23-b6e5ad475562" executionId="523a00ef-753d-404f-be8d-beb603a617ed" testListId="8c84fa94-04c1-424b-9868-57a2d4851a1d" />
    <TestEntry testId="b65dd3e5-4d66-4d04-9277-c03a06b130e1" executionId="880c41be-c34a-4b21-8293-69b59d0e4737" testListId="8c84fa94-04c1-424b-9868-57a2d4851a1d" />
    <TestEntry testId="bd177f7e-8567-49f8-a09a-3e1bd2430880" executionId="7cee8e20-4ca1-42b9-84a0-ae451f548f7c" testListId="8c84fa94-04c1-424b-9868-57a2d4851a1d" />
    <TestEntry testId="185cf50e-7e39-4c0d-ad79-4a885a963e40" executionId="ccf9cdbf-cc5b-42b6-996d-7ee430f57989" testListId="8c84fa94-04c1-424b-9868-57a2d4851a1d" />
    <TestEntry testId="3b73e3af-8443-4b1e-b571-d5e6e5a119b9" executionId="8d75fd78-2bca-47ee-80a7-40c93f5bd919" testListId="8c84fa94-04c1-424b-9868-57a2d4851a1d" />
    <TestEntry testId="ab71f519-7209-44bf-a768-e1d3b6613812" executionId="0ceeb970-0e01-4e04-bcbd-c1e679906351" testListId="8c84fa94-04c1-424b-9868-57a2d4851a1d" />
    <TestEntry testId="a8e3c861-97a8-490d-ab38-efae7002757d" executionId="a261e7b4-4168-4068-9815-ecf84b4cb1c3" testListId="8c84fa94-04c1-424b-9868-57a2d4851a1d" />
    <TestEntry testId="344f5916-873a-4888-a59f-466a935b18d9" executionId="d94c7d4f-f977-4100-9732-d3f0e5b43416" testListId="8c84fa94-04c1-424b-9868-57a2d4851a1d" />
    <TestEntry testId="71f66a5c-3b21-4d5f-b334-081dc7d1feaf" executionId="ae3eaa86-7904-42f9-98b8-92a5d2478581" testListId="8c84fa94-04c1-424b-9868-57a2d4851a1d" />
    <TestEntry testId="15126a7c-c703-440d-a4e2-2c25d86f96a4" executionId="909e46cc-4ab5-4ab9-867b-0152193b12b1" testListId="8c84fa94-04c1-424b-9868-57a2d4851a1d" />
    <TestEntry testId="a4e5283f-a98d-4f38-9e9d-529395286453" executionId="38d58bdf-c72b-46e7-b68e-2612c1899f01" testListId="8c84fa94-04c1-424b-9868-57a2d4851a1d" />
    <TestEntry testId="7be39546-2fad-4115-b15c-f62c4205ab4f" executionId="9d714394-00b5-4326-8d07-8f3a9ff840c2" testListId="8c84fa94-04c1-424b-9868-57a2d4851a1d" />
    <TestEntry testId="19cdd920-92ca-47ed-935b-5d7f2240b33b" executionId="d6035787-d552-42d2-bef4-f916884acb6f" testListId="8c84fa94-04c1-424b-9868-57a2d4851a1d" />
    <TestEntry testId="81aa3c33-6364-4aba-b457-226a2f2d3a1f" executionId="59830dd5-3f6a-4099-ac6e-1feff49c4776" testListId="8c84fa94-04c1-424b-9868-57a2d4851a1d" />
    <TestEntry testId="624df758-fb53-40ed-800c-05726efdee8f" executionId="a56e6d26-02e9-44fb-baef-f2cd1dada6a6" testListId="8c84fa94-04c1-424b-9868-57a2d4851a1d" />
    <TestEntry testId="90a99d68-83df-4bb5-a705-86a7713cd9b0" executionId="613c3949-d0a0-4cf1-8f22-d2151511231d" testListId="8c84fa94-04c1-424b-9868-57a2d4851a1d" />
    <TestEntry testId="0709caf4-55fe-4439-96da-072a47e1afd6" executionId="016be267-1155-443a-b9f2-8b28026da270" testListId="8c84fa94-04c1-424b-9868-57a2d4851a1d" />
    <TestEntry testId="b361748b-a9b2-4f85-a4bc-d9db4273faad" executionId="8e2b7330-17e7-4313-aa24-60e2b0eec9e6" testListId="8c84fa94-04c1-424b-9868-57a2d4851a1d" />
    <TestEntry testId="5f1e689c-400f-410c-bdd1-1d663a5b421e" executionId="48eff9c9-3a12-4f33-a977-86ed54ea74f6" testListId="8c84fa94-04c1-424b-9868-57a2d4851a1d" />
    <TestEntry testId="73e2c66c-e7a3-46cb-b865-ce7363cb2634" executionId="9efa3b23-a191-4c19-ac50-735d9534c90f" testListId="8c84fa94-04c1-424b-9868-57a2d4851a1d" />
    <TestEntry testId="ef81f9ac-6299-44f7-bc4e-ebb48995af51" executionId="464911ec-d6a9-41a0-a017-b5824d688d22" testListId="8c84fa94-04c1-424b-9868-57a2d4851a1d" />
    <TestEntry testId="65ff3608-ccb7-4291-bf40-4cbd46cdd04a" executionId="9cb1638b-aeac-416b-a7d4-251a7f7505f5" testListId="8c84fa94-04c1-424b-9868-57a2d4851a1d" />
    <TestEntry testId="b4ad09cc-9cb3-4fb7-b554-fdf73621cb1f" executionId="03ee7a4d-eb69-4902-96bd-e7419d692609" testListId="8c84fa94-04c1-424b-9868-57a2d4851a1d" />
    <TestEntry testId="2003cd83-f0d9-46b2-9760-63418088a7e3" executionId="fd0ed12c-30cf-4b57-aca7-5019a46c0237" testListId="8c84fa94-04c1-424b-9868-57a2d4851a1d" />
    <TestEntry testId="b68f261e-4364-4002-935e-3dea3bdb6377" executionId="c09a1dc2-7a53-4180-b89e-6f17eae868cf" testListId="8c84fa94-04c1-424b-9868-57a2d4851a1d" />
    <TestEntry testId="dcdb21a0-0c21-4812-8ef9-3c1530dcdd09" executionId="912dc464-1512-4ead-a879-8699d86700ef" testListId="8c84fa94-04c1-424b-9868-57a2d4851a1d" />
    <TestEntry testId="15641b63-a7a9-4acb-ba04-9bdab72de491" executionId="bf0f8b96-8970-446c-b3ea-ffdacdb6716b" testListId="8c84fa94-04c1-424b-9868-57a2d4851a1d" />
    <TestEntry testId="8da114ee-1d46-43f0-8fda-c767725ba08f" executionId="b52cf3d4-8bb1-4dd0-a50b-e0708d3cebeb" testListId="8c84fa94-04c1-424b-9868-57a2d4851a1d" />
    <TestEntry testId="defb405b-d9b9-4a74-be55-f3991c89e70c" executionId="ed1a0bc7-589c-434f-81ad-48e019d57d2b" testListId="8c84fa94-04c1-424b-9868-57a2d4851a1d" />
    <TestEntry testId="74a1ad00-13f7-464d-9067-f25a1061f9fc" executionId="9f2b22ed-2b43-4176-91f8-eeebfaa1bf62" testListId="8c84fa94-04c1-424b-9868-57a2d4851a1d" />
    <TestEntry testId="8aaa83c6-b960-4e1c-894c-53ac86b4639a" executionId="5a2c4721-9746-4ec7-92ed-ff72a8b6f7ad" testListId="8c84fa94-04c1-424b-9868-57a2d4851a1d" />
    <TestEntry testId="038bc8a7-6b38-4d0f-96b7-7e8dd0b58e80" executionId="ed4cadd6-41db-408d-9749-be15066c706e" testListId="8c84fa94-04c1-424b-9868-57a2d4851a1d" />
    <TestEntry testId="8f139132-fad0-4648-ad51-b43defae930d" executionId="035e5830-b2d8-42e9-b338-f0f677fea4f7" testListId="8c84fa94-04c1-424b-9868-57a2d4851a1d" />
    <TestEntry testId="382bcabd-f422-4098-b750-3c8bb070650d" executionId="0b4db414-2136-4f53-a4df-ee79d0c00399" testListId="8c84fa94-04c1-424b-9868-57a2d4851a1d" />
    <TestEntry testId="8a07608c-1ca0-4e11-ac55-dbbcdc8a523e" executionId="467cdd3b-27a9-42a1-92c7-70ac48a4ef42" testListId="8c84fa94-04c1-424b-9868-57a2d4851a1d" />
    <TestEntry testId="d31c82dc-7fad-4838-a5f0-d752a14c70fc" executionId="98dddfcc-42c2-427a-9c72-c9eee67814ec" testListId="8c84fa94-04c1-424b-9868-57a2d4851a1d" />
    <TestEntry testId="8399708d-2d26-4e90-b787-45bd7c00f892" executionId="c3324df6-1499-4354-ad74-ee5c57ae90f0" testListId="8c84fa94-04c1-424b-9868-57a2d4851a1d" />
    <TestEntry testId="083b8f9a-a791-4342-bfec-434649ddb038" executionId="713cd967-9f03-453f-a12c-bab3efbcc36a" testListId="8c84fa94-04c1-424b-9868-57a2d4851a1d" />
    <TestEntry testId="e0dc396f-0eb1-4d78-b454-2b3fb407d53e" executionId="e240973c-798b-48be-b944-e90234cc7796" testListId="8c84fa94-04c1-424b-9868-57a2d4851a1d" />
    <TestEntry testId="5fd1c689-d7cf-4b6c-9cb9-5c18ca99a0f6" executionId="170e8b2f-5959-4e09-91a0-9e94dcbc0a42" testListId="8c84fa94-04c1-424b-9868-57a2d4851a1d" />
    <TestEntry testId="3350ea9b-1a25-469c-a6e7-bc5b932ff78d" executionId="3a4ad070-fdd4-45d7-8941-5f0107880344" testListId="8c84fa94-04c1-424b-9868-57a2d4851a1d" />
    <TestEntry testId="8a9babf8-2b95-44e8-acc8-fc102cf7bae4" executionId="7230c65f-90fb-4d00-beb1-3d549b63cee9" testListId="8c84fa94-04c1-424b-9868-57a2d4851a1d" />
    <TestEntry testId="7a6b20d9-6de5-48fb-bbba-b97c76646e54" executionId="a11858d1-20aa-47d2-b0c4-514abb4d2f2e" testListId="8c84fa94-04c1-424b-9868-57a2d4851a1d" />
    <TestEntry testId="9629f98f-a52b-4838-9a33-e3da2d1004a8" executionId="c415c09e-e1ab-4cf1-934e-53087c2f7697" testListId="8c84fa94-04c1-424b-9868-57a2d4851a1d" />
    <TestEntry testId="a06121a4-ab58-47f7-b555-e59663779704" executionId="e370142d-a62d-47b5-a938-e622615b6e7c" testListId="8c84fa94-04c1-424b-9868-57a2d4851a1d" />
    <TestEntry testId="7002e0a2-55d5-42d1-b4cf-9a3b102ce3d2" executionId="e50ee527-ae4d-4cf8-8c7f-e55e2683ab1d" testListId="8c84fa94-04c1-424b-9868-57a2d4851a1d" />
    <TestEntry testId="bc785a8b-1afc-40ae-89bd-530a402a8fff" executionId="556341b8-d574-45ca-b94c-18b1347a9c14" testListId="8c84fa94-04c1-424b-9868-57a2d4851a1d" />
    <TestEntry testId="526dfa44-3812-4ccb-be55-5a85cf0247c0" executionId="a3424ac9-2cf3-4865-931b-09afcd793206" testListId="8c84fa94-04c1-424b-9868-57a2d4851a1d" />
    <TestEntry testId="0bcf7198-ad11-4a38-91ae-d720201bcbb3" executionId="5b1ec4f7-12a6-4efa-8f8b-f36715ec764d" testListId="8c84fa94-04c1-424b-9868-57a2d4851a1d" />
    <TestEntry testId="7dadf1df-0ead-491e-ad47-f98ebbbf3194" executionId="ffb4d0ec-483c-40c9-a09d-b1c79c8655b8" testListId="8c84fa94-04c1-424b-9868-57a2d4851a1d" />
    <TestEntry testId="f71574ae-3fdd-47d8-ace2-9850743dcdad" executionId="0b7a3628-dd1d-4aac-bbf0-9102c18bd3eb" testListId="8c84fa94-04c1-424b-9868-57a2d4851a1d" />
    <TestEntry testId="c1dab99a-baea-4071-9f81-759558a1eda1" executionId="50648ec6-8d65-49f9-88eb-93492f97c1f9" testListId="8c84fa94-04c1-424b-9868-57a2d4851a1d" />
    <TestEntry testId="0d144cf3-0906-4757-ad8e-c390fc76cad3" executionId="ee336868-1716-409a-ba25-896c266dfd05" testListId="8c84fa94-04c1-424b-9868-57a2d4851a1d" />
    <TestEntry testId="dfce3027-d19b-402c-a6b7-84b8705c8c88" executionId="80ac8a0a-5a84-4cbe-a187-73c295df4d36" testListId="8c84fa94-04c1-424b-9868-57a2d4851a1d" />
    <TestEntry testId="e5c4853b-2d78-47fe-8164-4ce8e5f9f4b2" executionId="16f25d8a-1126-4e1f-b84c-066f0b168068" testListId="8c84fa94-04c1-424b-9868-57a2d4851a1d" />
    <TestEntry testId="0afa185c-01c1-42f6-89f9-889bcb46e719" executionId="0623ce35-20be-4fb4-b490-fbcf8ed2d330" testListId="8c84fa94-04c1-424b-9868-57a2d4851a1d" />
    <TestEntry testId="1001aec7-cf33-468c-b965-e5988f607fd8" executionId="8f6a77fd-5bcf-4b83-b533-691df0d0a846" testListId="8c84fa94-04c1-424b-9868-57a2d4851a1d" />
    <TestEntry testId="015ce36d-6415-4687-be90-c70181f2e0d4" executionId="c8f8d844-bdf0-45e3-8385-a3bd0e3f80aa" testListId="8c84fa94-04c1-424b-9868-57a2d4851a1d" />
    <TestEntry testId="7f74c7fd-dc59-4685-9c9d-5ee8e03d63d6" executionId="65ee70d6-ae31-4aea-b097-8a169a825730" testListId="8c84fa94-04c1-424b-9868-57a2d4851a1d" />
    <TestEntry testId="f264cbb9-1458-4410-ae8d-d938368cb946" executionId="df2013e4-db53-46ff-bb6d-956b98ea2310" testListId="8c84fa94-04c1-424b-9868-57a2d4851a1d" />
    <TestEntry testId="2ae06bdb-17b3-4506-951a-ed069de492b7" executionId="bb400def-20fe-4589-bbff-d88921a42ea9" testListId="8c84fa94-04c1-424b-9868-57a2d4851a1d" />
    <TestEntry testId="3c46dbc9-c919-431e-a614-21cee6d56f74" executionId="3375219e-1c9b-4527-84c9-e78010cb1ad6" testListId="8c84fa94-04c1-424b-9868-57a2d4851a1d" />
    <TestEntry testId="cbe48fa1-2202-42cc-bfdb-cb580dd586d9" executionId="8de342f6-28c4-42b7-928e-bac13f022127" testListId="8c84fa94-04c1-424b-9868-57a2d4851a1d" />
    <TestEntry testId="09d33410-8181-4993-98fa-68e965384322" executionId="ba4863f9-22cf-446c-9953-2cece4bc55b6" testListId="8c84fa94-04c1-424b-9868-57a2d4851a1d" />
    <TestEntry testId="a4c02a7f-e0de-42df-8d1c-ace6ccde0420" executionId="0e4e08cb-da10-47ab-9042-3ccf4f7e5bd9" testListId="8c84fa94-04c1-424b-9868-57a2d4851a1d" />
    <TestEntry testId="3eaa99a2-2a4b-4e2e-b46f-901b41289aab" executionId="f85fdc1a-1bdd-4bab-b709-1c99c5d7cf84" testListId="8c84fa94-04c1-424b-9868-57a2d4851a1d" />
    <TestEntry testId="df3e175c-484c-41ee-9c78-455ab0ac4003" executionId="16016658-0c0d-4f66-a3dc-3160a3f49c87" testListId="8c84fa94-04c1-424b-9868-57a2d4851a1d" />
    <TestEntry testId="afe1cbfb-0466-4bc1-a0d2-4efbd69108ac" executionId="8a3a3e24-08ee-4d11-9694-f7c1fb4d21a1" testListId="8c84fa94-04c1-424b-9868-57a2d4851a1d" />
    <TestEntry testId="70996442-bc2d-486a-b1d5-147133e1be02" executionId="85686efa-f45d-4aae-a7fd-20212b99a755" testListId="8c84fa94-04c1-424b-9868-57a2d4851a1d" />
    <TestEntry testId="bde83435-3497-4211-b28b-d74a62a31f3f" executionId="261438e5-ee32-4b4a-9065-d59874dfaa71" testListId="8c84fa94-04c1-424b-9868-57a2d4851a1d" />
    <TestEntry testId="b2bfc27c-03a6-4b66-ae03-439b66a6f005" executionId="4a2b8d33-987f-4a85-9db8-0677aa19b40a" testListId="8c84fa94-04c1-424b-9868-57a2d4851a1d" />
    <TestEntry testId="5dee3561-0c62-4154-bde8-8740786e2984" executionId="8880140a-1382-4f41-b851-21a71bd1162c" testListId="8c84fa94-04c1-424b-9868-57a2d4851a1d" />
    <TestEntry testId="536a1f30-b55b-4439-90b3-80a7e4081b97" executionId="17a35ee3-cb9d-4850-b604-21f7500371f2" testListId="8c84fa94-04c1-424b-9868-57a2d4851a1d" />
    <TestEntry testId="d0d590b8-ace8-4f84-a53a-78753f76aea1" executionId="c021f6aa-ba8b-42a2-ae84-a5534c54ca0b" testListId="8c84fa94-04c1-424b-9868-57a2d4851a1d" />
    <TestEntry testId="4d50be63-70da-435c-b1fa-fcf1d0fb3cf2" executionId="5ad47b32-a6ed-4afc-a69e-2475961f3946" testListId="8c84fa94-04c1-424b-9868-57a2d4851a1d" />
    <TestEntry testId="1eccbb59-6303-4f11-ad81-8741b335d157" executionId="f1227936-df58-41a3-8058-83b13c947fe5" testListId="8c84fa94-04c1-424b-9868-57a2d4851a1d" />
    <TestEntry testId="bd43619c-a666-4b12-a16e-335d024ee4a5" executionId="28ecc686-e7ac-4505-a944-b7374e45314f" testListId="8c84fa94-04c1-424b-9868-57a2d4851a1d" />
    <TestEntry testId="b2a2ab64-18c5-4d7d-a3e9-3f42ad019832" executionId="a85ee2b3-767f-464c-88c9-c5e475b65f83" testListId="8c84fa94-04c1-424b-9868-57a2d4851a1d" />
    <TestEntry testId="d4848772-db7c-42db-b947-cd0706ad61bf" executionId="efb63535-ff78-4481-ba4b-5d74bb5ec863" testListId="8c84fa94-04c1-424b-9868-57a2d4851a1d" />
    <TestEntry testId="7115f0da-72b4-4a37-9bb6-05128f93f2a6" executionId="c01c814b-ba81-4cdd-a8f0-5bae70ad1a1d" testListId="8c84fa94-04c1-424b-9868-57a2d4851a1d" />
    <TestEntry testId="48a5b8cd-18ba-4c0f-899c-731ea98c1b2e" executionId="e2e98607-6b2c-4b63-95ec-8dfc609e5a5d" testListId="8c84fa94-04c1-424b-9868-57a2d4851a1d" />
    <TestEntry testId="90300150-a559-4aef-a389-6f8edfe2b0be" executionId="25201b33-531c-4e50-b982-3f52a6710281" testListId="8c84fa94-04c1-424b-9868-57a2d4851a1d" />
    <TestEntry testId="09f3d1ae-26c4-4255-ac17-4ec2e2686f29" executionId="c76c87ac-144f-4627-a579-779490672c19" testListId="8c84fa94-04c1-424b-9868-57a2d4851a1d" />
    <TestEntry testId="5bbf4e57-22d7-4530-976c-1f7fac713f52" executionId="576658db-8480-4a7e-bf1c-cae48be175c4" testListId="8c84fa94-04c1-424b-9868-57a2d4851a1d" />
    <TestEntry testId="5fe27159-cd04-4c6e-8453-550020b283fb" executionId="00368e0f-fca7-4826-b7b7-c35bf16c48a2" testListId="8c84fa94-04c1-424b-9868-57a2d4851a1d" />
    <TestEntry testId="443c089e-d48e-499b-982a-ffbdcf52649a" executionId="629c9604-2a65-42c1-af1b-d3ec6dbff7a1" testListId="8c84fa94-04c1-424b-9868-57a2d4851a1d" />
    <TestEntry testId="64a62001-bd7a-4d23-a748-cc2892e71c2f" executionId="0b19b2a0-fe6e-47bf-8ea1-4c86569af3ba" testListId="8c84fa94-04c1-424b-9868-57a2d4851a1d" />
    <TestEntry testId="73b9b9b0-f50e-493b-89f3-dd3310152152" executionId="9e2771f8-9ced-4776-8393-1f867ba11fef" testListId="8c84fa94-04c1-424b-9868-57a2d4851a1d" />
    <TestEntry testId="ba22de41-7325-424f-aa25-37986737867c" executionId="ad1897a5-299d-41eb-b881-e40fa89ca181" testListId="8c84fa94-04c1-424b-9868-57a2d4851a1d" />
    <TestEntry testId="aba25a20-320e-454e-8271-0c923a0aee8b" executionId="4ba7b867-89ff-4976-8246-8f041aa34668" testListId="8c84fa94-04c1-424b-9868-57a2d4851a1d" />
    <TestEntry testId="c9fd9f69-e8bf-4cc0-847f-a8ee1c41702a" executionId="b957b7dd-f8f5-4508-a713-0c42b004150d" testListId="8c84fa94-04c1-424b-9868-57a2d4851a1d" />
    <TestEntry testId="735c7650-f621-4efa-8408-633e59f5f50e" executionId="072e579b-cf13-4f3d-8f9f-7b450003f5c7" testListId="8c84fa94-04c1-424b-9868-57a2d4851a1d" />
    <TestEntry testId="9357e6c1-38f3-422d-9997-2f1c6012234c" executionId="0d2bb3f6-8e3b-401f-9b92-e96c07788e1a" testListId="8c84fa94-04c1-424b-9868-57a2d4851a1d" />
    <TestEntry testId="0cd04f82-2af8-4152-bc12-6bf5e654ee53" executionId="309156d1-133e-4ea6-a519-7e1dd561559f" testListId="8c84fa94-04c1-424b-9868-57a2d4851a1d" />
    <TestEntry testId="ed8160b7-4e69-49a2-99c7-9896273acdc6" executionId="354bd32b-fc07-4547-8ad1-04c21fd71773" testListId="8c84fa94-04c1-424b-9868-57a2d4851a1d" />
    <TestEntry testId="daa04f83-596a-45a2-839c-6e751c49f41a" executionId="80ffa5c2-2be8-490b-8131-f306c3478959" testListId="8c84fa94-04c1-424b-9868-57a2d4851a1d" />
    <TestEntry testId="88a52630-b35e-41e8-ade1-6a8ba992f4f5" executionId="61a24f69-24eb-4d28-a010-8adb42648a93" testListId="8c84fa94-04c1-424b-9868-57a2d4851a1d" />
    <TestEntry testId="ef312f7c-a593-448d-9678-18dbaf3eef17" executionId="d8045cd8-43ac-4899-b78b-c44bd977017e" testListId="8c84fa94-04c1-424b-9868-57a2d4851a1d" />
    <TestEntry testId="3546fba4-3a02-409a-98e8-347a38568798" executionId="129ebcea-fcd1-490a-ad75-ad50a29f0c7c" testListId="8c84fa94-04c1-424b-9868-57a2d4851a1d" />
    <TestEntry testId="cba083a7-a3c7-495e-92e8-4c9bb29c6c7a" executionId="d138b3f3-717f-4df7-9a92-a18f450f3e90" testListId="8c84fa94-04c1-424b-9868-57a2d4851a1d" />
    <TestEntry testId="998b34b0-faf6-4207-b1e0-967fc6925d4f" executionId="7a98a946-cdf2-49f3-8b37-31ad28a848f3" testListId="8c84fa94-04c1-424b-9868-57a2d4851a1d" />
    <TestEntry testId="41addbaf-9a0f-43e1-9659-1318e51acd01" executionId="0098e797-2d9a-43d3-96fd-7e62b20c1f9f" testListId="8c84fa94-04c1-424b-9868-57a2d4851a1d" />
    <TestEntry testId="8d08d506-441b-485f-a36a-26c18506a991" executionId="ae1b05d9-6a3d-49ee-bdfc-e2e2410e9dd2" testListId="8c84fa94-04c1-424b-9868-57a2d4851a1d" />
    <TestEntry testId="84d80835-b827-4761-b0b0-569ce40ceed1" executionId="1e66bc20-0ac7-4d5f-b899-f3be5f776e6b" testListId="8c84fa94-04c1-424b-9868-57a2d4851a1d" />
    <TestEntry testId="e4cce885-102d-467c-95ae-0fbabb609fe4" executionId="037a2566-7cb7-4ca1-83bb-2676cedef9a1" testListId="8c84fa94-04c1-424b-9868-57a2d4851a1d" />
    <TestEntry testId="b91a7c4a-7703-4d09-a3b9-259568c68590" executionId="f2772fa6-f176-4325-a2cb-940aed01f4b9" testListId="8c84fa94-04c1-424b-9868-57a2d4851a1d" />
    <TestEntry testId="b8270bec-f6da-4268-bfb0-5f13e140db54" executionId="e0348a5b-6de5-417b-ae08-11bda7e30fe8" testListId="8c84fa94-04c1-424b-9868-57a2d4851a1d" />
    <TestEntry testId="9fb3176d-1723-46a3-afaa-cf03b8031020" executionId="2512b878-4876-4f35-a796-d8250cb5b30f" testListId="8c84fa94-04c1-424b-9868-57a2d4851a1d" />
    <TestEntry testId="ddbc5bd2-1c6d-470d-974b-d0079a0f41e7" executionId="30dfac02-86ea-48b5-9c0a-c9426761d060" testListId="8c84fa94-04c1-424b-9868-57a2d4851a1d" />
    <TestEntry testId="85ab54c0-c008-4c94-bc25-c5c7a32b4764" executionId="cba85d43-0d04-41cb-97a2-54629fd60caa" testListId="8c84fa94-04c1-424b-9868-57a2d4851a1d" />
    <TestEntry testId="fe3fd8b9-3330-4344-8e45-5ca63a04bbf1" executionId="e34731d1-463a-48f0-b158-d1c445bc5f90" testListId="8c84fa94-04c1-424b-9868-57a2d4851a1d" />
    <TestEntry testId="b01118ef-e06f-4c2e-972c-eaa70b130aad" executionId="180e7ef5-fb8f-417f-b5a6-611aa80c47f6" testListId="8c84fa94-04c1-424b-9868-57a2d4851a1d" />
    <TestEntry testId="6a66b0bb-8b46-4687-a312-fad66ef9d045" executionId="ba615353-5d93-4507-bc62-54dc21a81a00" testListId="8c84fa94-04c1-424b-9868-57a2d4851a1d" />
    <TestEntry testId="28702d2f-836f-4f31-8950-9629af4a63cb" executionId="8f274b55-cbbb-4a31-9f76-61b94201cf3c" testListId="8c84fa94-04c1-424b-9868-57a2d4851a1d" />
    <TestEntry testId="a5d6fc67-9fd6-4669-a476-0542082fd86b" executionId="7c490fca-cd31-4df8-ac05-7eac90904a26" testListId="8c84fa94-04c1-424b-9868-57a2d4851a1d" />
    <TestEntry testId="3a652e28-d501-4dd0-909a-5a83b108156e" executionId="b946d7c3-a9d0-4a96-9cde-98763851e7cc" testListId="8c84fa94-04c1-424b-9868-57a2d4851a1d" />
    <TestEntry testId="67eafb69-0b59-48d9-a672-2c8e317207a9" executionId="7e00acf6-4c5f-40a5-8232-e04a20f83795" testListId="8c84fa94-04c1-424b-9868-57a2d4851a1d" />
    <TestEntry testId="e9ad0ff0-e65c-4922-8f68-a3b69c47f4f7" executionId="9b9d88d5-d13b-4b29-adb9-99c62d811de2" testListId="8c84fa94-04c1-424b-9868-57a2d4851a1d" />
    <TestEntry testId="100bbcf4-4b1f-4788-b6dd-887abcf67e4f" executionId="e3827fc2-79d3-4830-a8ec-498fb066c522" testListId="8c84fa94-04c1-424b-9868-57a2d4851a1d" />
    <TestEntry testId="d4dc1992-8d06-49db-a284-46bf3610a7df" executionId="886a0d60-7399-45ec-82b3-bd2a596c49d5" testListId="8c84fa94-04c1-424b-9868-57a2d4851a1d" />
    <TestEntry testId="e839c9ff-8a54-490a-9827-21f62f31dbe7" executionId="18d6e5b5-38ee-49e8-9e1d-720561ea4162" testListId="8c84fa94-04c1-424b-9868-57a2d4851a1d" />
    <TestEntry testId="e2cb77d1-8bb8-4b96-97de-a0c5a8ff70e0" executionId="5c52569c-f4ed-444d-a9ce-26dbf7e51260" testListId="8c84fa94-04c1-424b-9868-57a2d4851a1d" />
    <TestEntry testId="032dc6ee-af87-4afe-96aa-e660a38e3d1c" executionId="f16eefe5-e34e-4fcc-bbe4-d86a95b3a803" testListId="8c84fa94-04c1-424b-9868-57a2d4851a1d" />
    <TestEntry testId="d5a74c64-89f5-44b2-95ba-6fd35a773d46" executionId="4a0f5dd0-e87b-4c51-8958-0ef73829a7db" testListId="8c84fa94-04c1-424b-9868-57a2d4851a1d" />
    <TestEntry testId="7349b74e-d4df-47ad-85b0-ae84c500fbcd" executionId="4dd39252-414e-4325-ac85-7d78ddd5429e" testListId="8c84fa94-04c1-424b-9868-57a2d4851a1d" />
    <TestEntry testId="fca91e59-2359-497b-bd2f-74d2f5f4e5bb" executionId="7fc8fcc8-8f6b-4750-afe1-2d665fcc5490" testListId="8c84fa94-04c1-424b-9868-57a2d4851a1d" />
    <TestEntry testId="eae6bc19-43cf-47d1-a89f-a599d4ec91fa" executionId="ea2966c5-e3a7-4ab1-91eb-6070d84ff09a" testListId="8c84fa94-04c1-424b-9868-57a2d4851a1d" />
    <TestEntry testId="365cac22-5ff0-4b5a-93e0-712401e7f38f" executionId="0ff0a6e6-a3cd-4bfd-b1e4-5c4d0e90c0b8" testListId="8c84fa94-04c1-424b-9868-57a2d4851a1d" />
    <TestEntry testId="2ee28a4c-c577-4bdf-bc26-7090ab5ff15f" executionId="3a641d1c-1cc8-4a83-95c0-658b643ba19e" testListId="8c84fa94-04c1-424b-9868-57a2d4851a1d" />
    <TestEntry testId="963224cc-11cb-4e51-8a43-efbb750f1bdf" executionId="dab97f4b-ca50-467b-ba03-4f6d8270952f" testListId="8c84fa94-04c1-424b-9868-57a2d4851a1d" />
    <TestEntry testId="b39ae586-08c2-4fbd-9b9c-631fc59d828b" executionId="26da66b6-ad47-44ed-b290-9d302d5504a0" testListId="8c84fa94-04c1-424b-9868-57a2d4851a1d" />
    <TestEntry testId="22800d8b-19e4-4a0f-9f7c-e7dff9e26531" executionId="6b540812-ebff-4153-96cd-061d7b2a573f" testListId="8c84fa94-04c1-424b-9868-57a2d4851a1d" />
    <TestEntry testId="58bd4af8-926c-46f7-90dd-05a4818a0822" executionId="90cd4ea5-cd78-40a1-aad8-e808a7786a9f" testListId="8c84fa94-04c1-424b-9868-57a2d4851a1d" />
    <TestEntry testId="807d5638-0b19-49a4-9cc3-968452ccce7f" executionId="09909c0a-f731-498c-aad2-41c00909b6d4" testListId="8c84fa94-04c1-424b-9868-57a2d4851a1d" />
    <TestEntry testId="8f7e0004-67ed-4387-9393-b0ac9c2a3e28" executionId="7396fc65-03e4-476d-95aa-efb42879da23" testListId="8c84fa94-04c1-424b-9868-57a2d4851a1d" />
    <TestEntry testId="7a8d9b03-750f-481f-9fa3-f6dba4fbe2cf" executionId="9affde24-4317-45cf-a16c-9ba55711ecf4" testListId="8c84fa94-04c1-424b-9868-57a2d4851a1d" />
  </TestEntries>
  <TestLists>
    <TestList name="Resultados sin formato de lista" id="8c84fa94-04c1-424b-9868-57a2d4851a1d" />
    <TestList name="Todos los resultados cargados" id="19431567-8539-422a-85d7-44ee4e166bda" />
  </TestLists>
  <ResultSummary outcome="Completed">
    <Counters total="397" executed="397" passed="397" failed="0" error="0" timeout="0" aborted="0" inconclusive="0" passedButRunAborted="0" notRunnable="0" notExecuted="0" disconnected="0" warning="0" completed="0" inProgress="0" pending="0" />
  </ResultSummary>
</TestRun>