<?xml version="1.0" encoding="utf-8"?>
<TestRun id="2319b9b0-369a-40b7-93aa-fa9afbf10eea" name="sferrari@PC-SFERRARI 2021-01-07 17:21:26" runUser="PC-SFERRARI\sferrari" xmlns="http://microsoft.com/schemas/VisualStudio/TeamTest/2010">
  <Times creation="2021-01-07T17:21:26.3994751+00:00" queuing="2021-01-07T17:21:26.3994751+00:00" start="2021-01-07T17:21:24.8692336+00:00" finish="2021-01-07T17:21:28.2567842+00:00" />
  <TestSettings name="default" id="ee267e28-34c5-4af4-a7d2-b2da1bed7526">
    <Deployment runDeploymentRoot="sferrari_PC-SFERRARI_2021-01-07_17_21_26" />
  </TestSettings>
  <Results>
    <UnitTestResult executionId="4fd01eaf-99a2-4c93-aa29-2fbd5b040751" testId="aeb559a5-c285-7ab9-baee-1cb152d1742f" testName="ToDefaultValue_Passing_ulong_Returns_Cero" computerName="PC-SFERRARI" duration="00:00:00.0005325" startTime="2021-01-07T17:21:26.9069952+00:00" endTime="2021-01-07T17:21:26.9077352+00:00" testType="13cdc9d9-ddb5-4fa4-a97d-d965ccfc6d4b" outcome="Passed" testListId="8c84fa94-04c1-424b-9868-57a2d4851a1d" relativeResultsDirectory="4fd01eaf-99a2-4c93-aa29-2fbd5b040751" resultType="DataDrivenTest">
      <InnerResults>
        <UnitTestResult executionId="d1996793-9e0d-4911-a3ab-8f0dac95324d" parentExecutionId="4fd01eaf-99a2-4c93-aa29-2fbd5b040751" testId="aeb559a5-c285-7ab9-baee-1cb152d1742f" testName="ToDefaultValue_Passing_ulong_Returns_Cero (18446744073709551615)" computerName="PC-SFERRARI" duration="00:00:00.0004491" startTime="2021-01-07T17:21:26.9069952+00:00" endTime="2021-01-07T17:21:26.9077352+00:00" testType="13cdc9d9-ddb5-4fa4-a97d-d965ccfc6d4b" outcome="Passed" testListId="8c84fa94-04c1-424b-9868-57a2d4851a1d" relativeResultsDirectory="d1996793-9e0d-4911-a3ab-8f0dac95324d" dataRowInfo="1" resultType="DataDrivenDataRow" />
      </InnerResults>
    </UnitTestResult>
    <UnitTestResult executionId="43798eff-816a-4354-a79e-84376f167b9f" testId="8fbac209-421a-f9fa-c5fe-97403aedb24e" testName="ToIsNullOrAnyThrow_Passing_InvalidValue_Returns_ApplicationExceptionWithMessage" computerName="PC-SFERRARI" duration="00:00:00.0027176" startTime="2021-01-07T17:21:26.4445943+00:00" endTime="2021-01-07T17:21:26.4474584+00:00" testType="13cdc9d9-ddb5-4fa4-a97d-d965ccfc6d4b" outcome="Passed" testListId="8c84fa94-04c1-424b-9868-57a2d4851a1d" relativeResultsDirectory="43798eff-816a-4354-a79e-84376f167b9f" />
    <UnitTestResult executionId="db545a2d-618b-4f88-b1ad-3cc008fb1b3a" testId="27cc1a96-8264-8762-05bc-aa63ccb155d7" testName="ToMapClone_Passing_Source_Returns_New_Source_Object" computerName="PC-SFERRARI" duration="00:00:00.2641969" startTime="2021-01-07T17:21:25.8313417+00:00" endTime="2021-01-07T17:21:26.0959216+00:00" testType="13cdc9d9-ddb5-4fa4-a97d-d965ccfc6d4b" outcome="Passed" testListId="8c84fa94-04c1-424b-9868-57a2d4851a1d" relativeResultsDirectory="db545a2d-618b-4f88-b1ad-3cc008fb1b3a" />
    <UnitTestResult executionId="4da73048-53c8-4b81-b9c8-965a1171161d" testId="7a313c49-8adc-98e3-cdda-86b900f0ade6" testName="ToCompress_Passing_Value_Bytes_Returns_Value_Bytes" computerName="PC-SFERRARI" duration="00:00:00.0005753" startTime="2021-01-07T17:21:26.4055055+00:00" endTime="2021-01-07T17:21:26.4062330+00:00" testType="13cdc9d9-ddb5-4fa4-a97d-d965ccfc6d4b" outcome="Passed" testListId="8c84fa94-04c1-424b-9868-57a2d4851a1d" relativeResultsDirectory="4da73048-53c8-4b81-b9c8-965a1171161d" />
    <UnitTestResult executionId="2b5cfa19-52aa-407d-a725-da03c2cf1113" testId="15fe55e5-cdce-6280-ea15-ef777735767c" testName="ToEnvironment_ServiceCollection_Passing_Production_Enviroment_Returns_Production_Name" computerName="PC-SFERRARI" duration="00:00:00.0003626" startTime="2021-01-07T17:21:26.7027545+00:00" endTime="2021-01-07T17:21:26.7031863+00:00" testType="13cdc9d9-ddb5-4fa4-a97d-d965ccfc6d4b" outcome="Passed" testListId="8c84fa94-04c1-424b-9868-57a2d4851a1d" relativeResultsDirectory="2b5cfa19-52aa-407d-a725-da03c2cf1113" />
    <UnitTestResult executionId="7c60e005-3716-4229-8fba-1d59bf1824de" testId="98331ff8-6ed1-e7ba-c8dd-be5bd5b6cb2c" testName="ToEmailMask_Passing_ValidEmail_Returns_EmailWithMask" computerName="PC-SFERRARI" duration="00:00:00.0135336" startTime="2021-01-07T17:21:27.4960089+00:00" endTime="2021-01-07T17:21:27.5096843+00:00" testType="13cdc9d9-ddb5-4fa4-a97d-d965ccfc6d4b" outcome="Passed" testListId="8c84fa94-04c1-424b-9868-57a2d4851a1d" relativeResultsDirectory="7c60e005-3716-4229-8fba-1d59bf1824de" resultType="DataDrivenTest">
      <InnerResults>
        <UnitTestResult executionId="d27e01d9-3b3e-41f5-910e-3be3d5d30dcc" parentExecutionId="7c60e005-3716-4229-8fba-1d59bf1824de" testId="98331ff8-6ed1-e7ba-c8dd-be5bd5b6cb2c" testName="ToEmailMask_Passing_ValidEmail_Returns_EmailWithMask (qaz@gmail.com,q-z@g----.com)" computerName="PC-SFERRARI" duration="00:00:00.0132482" startTime="2021-01-07T17:21:27.4960089+00:00" endTime="2021-01-07T17:21:27.5096843+00:00" testType="13cdc9d9-ddb5-4fa4-a97d-d965ccfc6d4b" outcome="Passed" testListId="8c84fa94-04c1-424b-9868-57a2d4851a1d" relativeResultsDirectory="d27e01d9-3b3e-41f5-910e-3be3d5d30dcc" dataRowInfo="1" resultType="DataDrivenDataRow" />
        <UnitTestResult executionId="a8acb1b8-d33b-4faa-842c-027c48974e0d" parentExecutionId="7c60e005-3716-4229-8fba-1d59bf1824de" testId="98331ff8-6ed1-e7ba-c8dd-be5bd5b6cb2c" testName="ToEmailMask_Passing_ValidEmail_Returns_EmailWithMask (qazwsx@gmail.com,q----x@g----.com)" computerName="PC-SFERRARI" duration="00:00:00.0000280" startTime="2021-01-07T17:21:27.4960089+00:00" endTime="2021-01-07T17:21:27.5096843+00:00" testType="13cdc9d9-ddb5-4fa4-a97d-d965ccfc6d4b" outcome="Passed" testListId="8c84fa94-04c1-424b-9868-57a2d4851a1d" relativeResultsDirectory="a8acb1b8-d33b-4faa-842c-027c48974e0d" dataRowInfo="2" resultType="DataDrivenDataRow" />
        <UnitTestResult executionId="5895e9e5-7912-4e85-b7a5-777d7af785b5" parentExecutionId="7c60e005-3716-4229-8fba-1d59bf1824de" testId="98331ff8-6ed1-e7ba-c8dd-be5bd5b6cb2c" testName="ToEmailMask_Passing_ValidEmail_Returns_EmailWithMask (qazwsxedc@gmail.com,q-------c@g----.com)" computerName="PC-SFERRARI" duration="00:00:00.0000204" startTime="2021-01-07T17:21:27.4960089+00:00" endTime="2021-01-07T17:21:27.5096843+00:00" testType="13cdc9d9-ddb5-4fa4-a97d-d965ccfc6d4b" outcome="Passed" testListId="8c84fa94-04c1-424b-9868-57a2d4851a1d" relativeResultsDirectory="5895e9e5-7912-4e85-b7a5-777d7af785b5" dataRowInfo="3" resultType="DataDrivenDataRow" />
        <UnitTestResult executionId="24c3364f-2e6f-4de7-b97d-a2e7ac5083c9" parentExecutionId="7c60e005-3716-4229-8fba-1d59bf1824de" testId="98331ff8-6ed1-e7ba-c8dd-be5bd5b6cb2c" testName="ToEmailMask_Passing_ValidEmail_Returns_EmailWithMask (qaz@gmailgmail.com,q-z@g---------.com)" computerName="PC-SFERRARI" duration="00:00:00.0000195" startTime="2021-01-07T17:21:27.4960089+00:00" endTime="2021-01-07T17:21:27.5096843+00:00" testType="13cdc9d9-ddb5-4fa4-a97d-d965ccfc6d4b" outcome="Passed" testListId="8c84fa94-04c1-424b-9868-57a2d4851a1d" relativeResultsDirectory="24c3364f-2e6f-4de7-b97d-a2e7ac5083c9" dataRowInfo="4" resultType="DataDrivenDataRow" />
        <UnitTestResult executionId="c6a684b9-80d8-4372-b9dd-3c9206684d27" parentExecutionId="7c60e005-3716-4229-8fba-1d59bf1824de" testId="98331ff8-6ed1-e7ba-c8dd-be5bd5b6cb2c" testName="ToEmailMask_Passing_ValidEmail_Returns_EmailWithMask (qazwsx@gmailgmail.com,q----x@g---------.com)" computerName="PC-SFERRARI" duration="00:00:00.0000194" startTime="2021-01-07T17:21:27.4960089+00:00" endTime="2021-01-07T17:21:27.5096843+00:00" testType="13cdc9d9-ddb5-4fa4-a97d-d965ccfc6d4b" outcome="Passed" testListId="8c84fa94-04c1-424b-9868-57a2d4851a1d" relativeResultsDirectory="c6a684b9-80d8-4372-b9dd-3c9206684d27" dataRowInfo="5" resultType="DataDrivenDataRow" />
        <UnitTestResult executionId="70cea980-fc6d-474b-a3e6-140e6dc24bb5" parentExecutionId="7c60e005-3716-4229-8fba-1d59bf1824de" testId="98331ff8-6ed1-e7ba-c8dd-be5bd5b6cb2c" testName="ToEmailMask_Passing_ValidEmail_Returns_EmailWithMask (qazwsxedc@gmailgmail.com,q-------c@g---------.com)" computerName="PC-SFERRARI" duration="00:00:00.0000201" startTime="2021-01-07T17:21:27.4960089+00:00" endTime="2021-01-07T17:21:27.5096843+00:00" testType="13cdc9d9-ddb5-4fa4-a97d-d965ccfc6d4b" outcome="Passed" testListId="8c84fa94-04c1-424b-9868-57a2d4851a1d" relativeResultsDirectory="70cea980-fc6d-474b-a3e6-140e6dc24bb5" dataRowInfo="6" resultType="DataDrivenDataRow" />
      </InnerResults>
    </UnitTestResult>
    <UnitTestResult executionId="fa6e3b5f-351f-43f8-b794-501914d9a8ce" testId="0b00f09d-f7e4-fb1e-68ad-8102cf6143e0" testName="ToPaged_Passing_Name_Descending_Order_Returns_Filter_List" computerName="PC-SFERRARI" duration="00:00:00.0010270" startTime="2021-01-07T17:21:27.2828374+00:00" endTime="2021-01-07T17:21:27.2840698+00:00" testType="13cdc9d9-ddb5-4fa4-a97d-d965ccfc6d4b" outcome="Passed" testListId="8c84fa94-04c1-424b-9868-57a2d4851a1d" relativeResultsDirectory="fa6e3b5f-351f-43f8-b794-501914d9a8ce" />
    <UnitTestResult executionId="adf1dfef-0f21-417c-996a-8e78a3b3a5bc" testId="73904cd7-b09d-89fc-efca-330cb9d1d1b7" testName="ToConfiguration_Passing_Invalid_DirectoryPath_Returns_ApplicationException" computerName="PC-SFERRARI" duration="00:00:00.0007634" startTime="2021-01-07T17:21:26.6362714+00:00" endTime="2021-01-07T17:21:26.6372498+00:00" testType="13cdc9d9-ddb5-4fa4-a97d-d965ccfc6d4b" outcome="Passed" testListId="8c84fa94-04c1-424b-9868-57a2d4851a1d" relativeResultsDirectory="adf1dfef-0f21-417c-996a-8e78a3b3a5bc" />
    <UnitTestResult executionId="feef6d5d-ef44-438c-b033-c7f37cbf5727" testId="40108f40-2761-0a89-d16d-ad113b5f3dd5" testName="ToDefaultValue_Passing_short_Returns_Cero" computerName="PC-SFERRARI" duration="00:00:00.0003586" startTime="2021-01-07T17:21:26.9006714+00:00" endTime="2021-01-07T17:21:26.9011299+00:00" testType="13cdc9d9-ddb5-4fa4-a97d-d965ccfc6d4b" outcome="Passed" testListId="8c84fa94-04c1-424b-9868-57a2d4851a1d" relativeResultsDirectory="feef6d5d-ef44-438c-b033-c7f37cbf5727" resultType="DataDrivenTest">
      <InnerResults>
        <UnitTestResult executionId="a0afc53a-fbe8-42e5-8ff5-c8cb146c3e3b" parentExecutionId="feef6d5d-ef44-438c-b033-c7f37cbf5727" testId="40108f40-2761-0a89-d16d-ad113b5f3dd5" testName="ToDefaultValue_Passing_short_Returns_Cero (32767)" computerName="PC-SFERRARI" duration="00:00:00.0003115" startTime="2021-01-07T17:21:26.9006714+00:00" endTime="2021-01-07T17:21:26.9011299+00:00" testType="13cdc9d9-ddb5-4fa4-a97d-d965ccfc6d4b" outcome="Passed" testListId="8c84fa94-04c1-424b-9868-57a2d4851a1d" relativeResultsDirectory="a0afc53a-fbe8-42e5-8ff5-c8cb146c3e3b" dataRowInfo="1" resultType="DataDrivenDataRow" />
      </InnerResults>
    </UnitTestResult>
    <UnitTestResult executionId="c8ab43f2-4963-418f-b02c-2a590b56703b" testId="b8bb90de-6285-0f1c-e0f2-f3ba1f987370" testName="IsUppercase_Passing_InvalidArguments_Returns_HasErrorsAndCount" computerName="PC-SFERRARI" duration="00:00:00.0005363" startTime="2021-01-07T17:21:26.5109285+00:00" endTime="2021-01-07T17:21:26.5115511+00:00" testType="13cdc9d9-ddb5-4fa4-a97d-d965ccfc6d4b" outcome="Passed" testListId="8c84fa94-04c1-424b-9868-57a2d4851a1d" relativeResultsDirectory="c8ab43f2-4963-418f-b02c-2a590b56703b" />
    <UnitTestResult executionId="78350d52-7487-4c39-9118-37c91c42e1aa" testId="1761ee10-7c34-b565-b889-1885bffe91c3" testName="ToSetTime_Passing_Time_Int_Returns_DateTime" computerName="PC-SFERRARI" duration="00:00:00.0003028" startTime="2021-01-07T17:21:26.7905413+00:00" endTime="2021-01-07T17:21:26.7909100+00:00" testType="13cdc9d9-ddb5-4fa4-a97d-d965ccfc6d4b" outcome="Passed" testListId="8c84fa94-04c1-424b-9868-57a2d4851a1d" relativeResultsDirectory="78350d52-7487-4c39-9118-37c91c42e1aa" />
    <UnitTestResult executionId="dbfe37bf-39b0-4565-b89b-0a592b6640b0" testId="65b9c427-b5ec-99b4-199a-0093cd460501" testName="ToUserName_Passing_Null_ClaimsPrincipal_Returns_ApplicationException" computerName="PC-SFERRARI" duration="00:00:00.0005672" startTime="2021-01-07T17:21:26.6291431+00:00" endTime="2021-01-07T17:21:26.6298366+00:00" testType="13cdc9d9-ddb5-4fa4-a97d-d965ccfc6d4b" outcome="Passed" testListId="8c84fa94-04c1-424b-9868-57a2d4851a1d" relativeResultsDirectory="dbfe37bf-39b0-4565-b89b-0a592b6640b0" />
    <UnitTestResult executionId="44685dde-4278-4fbf-9978-dc2a3e39a3a2" testId="ac572b27-5286-68a4-5380-d7de82fbf69a" testName="ToFormat_Passing_ValidValueFormatWithArguments_Returns_ValueWithFormat" computerName="PC-SFERRARI" duration="00:00:00.0054507" startTime="2021-01-07T17:21:27.5390466+00:00" endTime="2021-01-07T17:21:27.5447187+00:00" testType="13cdc9d9-ddb5-4fa4-a97d-d965ccfc6d4b" outcome="Passed" testListId="8c84fa94-04c1-424b-9868-57a2d4851a1d" relativeResultsDirectory="44685dde-4278-4fbf-9978-dc2a3e39a3a2" />
    <UnitTestResult executionId="c654aad4-d235-4ada-baec-d0c1dc157792" testId="26cc48e2-5e82-bc12-cf41-e3a984599b8d" testName="ToUserName_Passing_Invalid_ClaimsPrincipal_Returns_Null" computerName="PC-SFERRARI" duration="00:00:00.0020305" startTime="2021-01-07T17:21:26.6269563+00:00" endTime="2021-01-07T17:21:26.6291043+00:00" testType="13cdc9d9-ddb5-4fa4-a97d-d965ccfc6d4b" outcome="Passed" testListId="8c84fa94-04c1-424b-9868-57a2d4851a1d" relativeResultsDirectory="c654aad4-d235-4ada-baec-d0c1dc157792" />
    <UnitTestResult executionId="2205c4b2-e6e1-4fb1-b5ac-60ce3fd3617e" testId="29295413-2308-fade-9c98-0e9ed6c67839" testName="ToDirectoryReadFileAsync_Passing_ValidValue_Returns_False" computerName="PC-SFERRARI" duration="00:00:00.0164463" startTime="2021-01-07T17:21:27.4394860+00:00" endTime="2021-01-07T17:21:27.4562376+00:00" testType="13cdc9d9-ddb5-4fa4-a97d-d965ccfc6d4b" outcome="Passed" testListId="8c84fa94-04c1-424b-9868-57a2d4851a1d" relativeResultsDirectory="2205c4b2-e6e1-4fb1-b5ac-60ce3fd3617e" />
    <UnitTestResult executionId="ed1d95e9-d197-426e-b77a-8363d1b7c517" testId="f2d267b8-d5a7-6c91-de6d-813182908c7f" testName="IsDigit_Passing_InvalidArguments_Returns_HasErrorsAndCount" computerName="PC-SFERRARI" duration="00:00:00.0015358" startTime="2021-01-07T17:21:26.4655138+00:00" endTime="2021-01-07T17:21:26.4672101+00:00" testType="13cdc9d9-ddb5-4fa4-a97d-d965ccfc6d4b" outcome="Passed" testListId="8c84fa94-04c1-424b-9868-57a2d4851a1d" relativeResultsDirectory="ed1d95e9-d197-426e-b77a-8363d1b7c517" />
    <UnitTestResult executionId="06303708-35f2-45d9-8524-0ab3473ef3dd" testId="180814cc-22f9-91b2-cd9a-f54be7e1ba18" testName="IsEmail_Passing_InvalidArguments_Returns_HasErrorsAndCount" computerName="PC-SFERRARI" duration="00:00:00.0002252" startTime="2021-01-07T17:21:26.4774885+00:00" endTime="2021-01-07T17:21:26.4778262+00:00" testType="13cdc9d9-ddb5-4fa4-a97d-d965ccfc6d4b" outcome="Passed" testListId="8c84fa94-04c1-424b-9868-57a2d4851a1d" relativeResultsDirectory="06303708-35f2-45d9-8524-0ab3473ef3dd" />
    <UnitTestResult executionId="3a0b0238-f40e-4c69-b07f-12c4e523ab6d" testId="2799ef62-9686-0dc7-84d2-73639b0030f7" testName="ToInt_Passing_InvalidValueString_Returns_Null" computerName="PC-SFERRARI" duration="00:00:00.0005378" startTime="2021-01-07T17:21:27.5640907+00:00" endTime="2021-01-07T17:21:27.5652701+00:00" testType="13cdc9d9-ddb5-4fa4-a97d-d965ccfc6d4b" outcome="Passed" testListId="8c84fa94-04c1-424b-9868-57a2d4851a1d" relativeResultsDirectory="3a0b0238-f40e-4c69-b07f-12c4e523ab6d" resultType="DataDrivenTest">
      <InnerResults>
        <UnitTestResult executionId="15282d49-a07b-45d2-898f-d4f8e54adf91" parentExecutionId="3a0b0238-f40e-4c69-b07f-12c4e523ab6d" testId="2799ef62-9686-0dc7-84d2-73639b0030f7" testName="ToInt_Passing_InvalidValueString_Returns_Null (1.3333)" computerName="PC-SFERRARI" duration="00:00:00.0003220" startTime="2021-01-07T17:21:27.5640907+00:00" endTime="2021-01-07T17:21:27.5652701+00:00" testType="13cdc9d9-ddb5-4fa4-a97d-d965ccfc6d4b" outcome="Passed" testListId="8c84fa94-04c1-424b-9868-57a2d4851a1d" relativeResultsDirectory="15282d49-a07b-45d2-898f-d4f8e54adf91" dataRowInfo="1" resultType="DataDrivenDataRow" />
        <UnitTestResult executionId="fb5277f2-0f9c-4379-a834-e1d75d5c52f5" parentExecutionId="3a0b0238-f40e-4c69-b07f-12c4e523ab6d" testId="2799ef62-9686-0dc7-84d2-73639b0030f7" testName="ToInt_Passing_InvalidValueString_Returns_Null (1,3333)" computerName="PC-SFERRARI" duration="00:00:00.0000072" startTime="2021-01-07T17:21:27.5640907+00:00" endTime="2021-01-07T17:21:27.5652701+00:00" testType="13cdc9d9-ddb5-4fa4-a97d-d965ccfc6d4b" outcome="Passed" testListId="8c84fa94-04c1-424b-9868-57a2d4851a1d" relativeResultsDirectory="fb5277f2-0f9c-4379-a834-e1d75d5c52f5" dataRowInfo="2" resultType="DataDrivenDataRow" />
        <UnitTestResult executionId="df0e7142-f2ee-4f5f-bbff-2ac11eb269f5" parentExecutionId="3a0b0238-f40e-4c69-b07f-12c4e523ab6d" testId="2799ef62-9686-0dc7-84d2-73639b0030f7" testName="ToInt_Passing_InvalidValueString_Returns_Null (1.333,39)" computerName="PC-SFERRARI" duration="00:00:00.0000042" startTime="2021-01-07T17:21:27.5640907+00:00" endTime="2021-01-07T17:21:27.5652701+00:00" testType="13cdc9d9-ddb5-4fa4-a97d-d965ccfc6d4b" outcome="Passed" testListId="8c84fa94-04c1-424b-9868-57a2d4851a1d" relativeResultsDirectory="df0e7142-f2ee-4f5f-bbff-2ac11eb269f5" dataRowInfo="3" resultType="DataDrivenDataRow" />
        <UnitTestResult executionId="d91b5d91-5fe3-4aaa-9814-fdcc78def036" parentExecutionId="3a0b0238-f40e-4c69-b07f-12c4e523ab6d" testId="2799ef62-9686-0dc7-84d2-73639b0030f7" testName="ToInt_Passing_InvalidValueString_Returns_Null (999999439293294392492349329493294)" computerName="PC-SFERRARI" duration="00:00:00.0000043" startTime="2021-01-07T17:21:27.5640907+00:00" endTime="2021-01-07T17:21:27.5652701+00:00" testType="13cdc9d9-ddb5-4fa4-a97d-d965ccfc6d4b" outcome="Passed" testListId="8c84fa94-04c1-424b-9868-57a2d4851a1d" relativeResultsDirectory="d91b5d91-5fe3-4aaa-9814-fdcc78def036" dataRowInfo="4" resultType="DataDrivenDataRow" />
        <UnitTestResult executionId="5a9232a0-d9bb-493c-b1fb-8f0ec120f80e" parentExecutionId="3a0b0238-f40e-4c69-b07f-12c4e523ab6d" testId="2799ef62-9686-0dc7-84d2-73639b0030f7" testName="ToInt_Passing_InvalidValueString_Returns_Null (asdasdasdasd234324)" computerName="PC-SFERRARI" duration="00:00:00.0000050" startTime="2021-01-07T17:21:27.5640907+00:00" endTime="2021-01-07T17:21:27.5652701+00:00" testType="13cdc9d9-ddb5-4fa4-a97d-d965ccfc6d4b" outcome="Passed" testListId="8c84fa94-04c1-424b-9868-57a2d4851a1d" relativeResultsDirectory="5a9232a0-d9bb-493c-b1fb-8f0ec120f80e" dataRowInfo="5" resultType="DataDrivenDataRow" />
      </InnerResults>
    </UnitTestResult>
    <UnitTestResult executionId="a2283ea5-b8c4-44be-afa7-fdb8f3ab307e" testId="3e6d6aa9-9b6d-dd96-b54c-49f88780a2b4" testName="ToEmptyIfNull_Passing_Null_Collection_Returns_Empty_Collection" computerName="PC-SFERRARI" duration="00:00:00.0003908" startTime="2021-01-07T17:21:26.7922627+00:00" endTime="2021-01-07T17:21:26.7928308+00:00" testType="13cdc9d9-ddb5-4fa4-a97d-d965ccfc6d4b" outcome="Passed" testListId="8c84fa94-04c1-424b-9868-57a2d4851a1d" relativeResultsDirectory="a2283ea5-b8c4-44be-afa7-fdb8f3ab307e" />
    <UnitTestResult executionId="45a5dbe2-fb7f-4fb9-aae6-6a17a9e2cbdc" testId="0c633595-70e8-b011-5a46-c9c7e1687cb9" testName="ToGet_Passing_Claims_Returns_Claim_Value_String" computerName="PC-SFERRARI" duration="00:00:00.0006855" startTime="2021-01-07T17:21:26.6171840+00:00" endTime="2021-01-07T17:21:26.6180075+00:00" testType="13cdc9d9-ddb5-4fa4-a97d-d965ccfc6d4b" outcome="Passed" testListId="8c84fa94-04c1-424b-9868-57a2d4851a1d" relativeResultsDirectory="45a5dbe2-fb7f-4fb9-aae6-6a17a9e2cbdc" />
    <UnitTestResult executionId="d85d2e63-8bdb-419c-92d3-a9c2329a8d09" testId="4234610b-215b-41f7-e61d-4a82851bdfa3" testName="ToDefaultValue_Passing_int_Returns_Cero" computerName="PC-SFERRARI" duration="00:00:00.0005775" startTime="2021-01-07T17:21:26.8983387+00:00" endTime="2021-01-07T17:21:26.8991110+00:00" testType="13cdc9d9-ddb5-4fa4-a97d-d965ccfc6d4b" outcome="Passed" testListId="8c84fa94-04c1-424b-9868-57a2d4851a1d" relativeResultsDirectory="d85d2e63-8bdb-419c-92d3-a9c2329a8d09" resultType="DataDrivenTest">
      <InnerResults>
        <UnitTestResult executionId="d17248ee-4cbc-46aa-975e-c979327071b5" parentExecutionId="d85d2e63-8bdb-419c-92d3-a9c2329a8d09" testId="4234610b-215b-41f7-e61d-4a82851bdfa3" testName="ToDefaultValue_Passing_int_Returns_Cero (2147483647)" computerName="PC-SFERRARI" duration="00:00:00.0004890" startTime="2021-01-07T17:21:26.8983387+00:00" endTime="2021-01-07T17:21:26.8991110+00:00" testType="13cdc9d9-ddb5-4fa4-a97d-d965ccfc6d4b" outcome="Passed" testListId="8c84fa94-04c1-424b-9868-57a2d4851a1d" relativeResultsDirectory="d17248ee-4cbc-46aa-975e-c979327071b5" dataRowInfo="1" resultType="DataDrivenDataRow" />
      </InnerResults>
    </UnitTestResult>
    <UnitTestResult executionId="1dcecbbc-074d-40b6-8d5c-711403a201b3" testId="42ded375-26ee-044e-44a7-9eab5e4cd342" testName="ToReadOnly_Passing_Valid_Collection_Returns_Readonly_Collection" computerName="PC-SFERRARI" duration="00:00:00.0010695" startTime="2021-01-07T17:21:26.7957529+00:00" endTime="2021-01-07T17:21:26.7969936+00:00" testType="13cdc9d9-ddb5-4fa4-a97d-d965ccfc6d4b" outcome="Passed" testListId="8c84fa94-04c1-424b-9868-57a2d4851a1d" relativeResultsDirectory="1dcecbbc-074d-40b6-8d5c-711403a201b3" />
    <UnitTestResult executionId="2f542480-c179-4304-9ae0-53b449e2aeb9" testId="64bc1554-814c-3c40-a6b0-679b40b89c36" testName="ToExists_Passing_Valid_Service_Returns_True" computerName="PC-SFERRARI" duration="00:00:00.0005685" startTime="2021-01-07T17:21:26.3800021+00:00" endTime="2021-01-07T17:21:26.3806914+00:00" testType="13cdc9d9-ddb5-4fa4-a97d-d965ccfc6d4b" outcome="Passed" testListId="8c84fa94-04c1-424b-9868-57a2d4851a1d" relativeResultsDirectory="2f542480-c179-4304-9ae0-53b449e2aeb9" />
    <UnitTestResult executionId="ac6cb8ce-4853-4d82-9558-562cb146a3ab" testId="10024a68-25d4-872c-3e48-a6d6b2671494" testName="ToTryIPv6_Passing_HttpContext_IP_Value_Returns_IP" computerName="PC-SFERRARI" duration="00:00:00.0006930" startTime="2021-01-07T17:21:26.9967801+00:00" endTime="2021-01-07T17:21:26.9976172+00:00" testType="13cdc9d9-ddb5-4fa4-a97d-d965ccfc6d4b" outcome="Passed" testListId="8c84fa94-04c1-424b-9868-57a2d4851a1d" relativeResultsDirectory="ac6cb8ce-4853-4d82-9558-562cb146a3ab" />
    <UnitTestResult executionId="1edcee65-87b8-406a-9f25-42775b826fd8" testId="bf8f6922-5666-8ec7-1500-aabd5997d6a4" testName="ToString_Passing_Valid_Collection_With_Custom_Separator_Returns_String_With_Custom_Separator" computerName="PC-SFERRARI" duration="00:00:00.0002607" startTime="2021-01-07T17:21:26.7974785+00:00" endTime="2021-01-07T17:21:26.7978438+00:00" testType="13cdc9d9-ddb5-4fa4-a97d-d965ccfc6d4b" outcome="Passed" testListId="8c84fa94-04c1-424b-9868-57a2d4851a1d" relativeResultsDirectory="1edcee65-87b8-406a-9f25-42775b826fd8" />
    <UnitTestResult executionId="f4a98da5-c192-417c-8118-84db58bb6616" testId="5c861184-f295-e727-0fd4-d218f13da14d" testName="ToConfiguration_Passing_Empty_DirectoryPath_Returns_ApplicationException" computerName="PC-SFERRARI" duration="00:00:00.0053072" startTime="2021-01-07T17:21:26.6306153+00:00" endTime="2021-01-07T17:21:26.6362183+00:00" testType="13cdc9d9-ddb5-4fa4-a97d-d965ccfc6d4b" outcome="Passed" testListId="8c84fa94-04c1-424b-9868-57a2d4851a1d" relativeResultsDirectory="f4a98da5-c192-417c-8118-84db58bb6616" />
    <UnitTestResult executionId="91f81484-4653-4700-b255-6980e8d60036" testId="1f6423c7-4317-6f5b-c112-f4c9c7e822af" testName="ToEmailMaskUserNameAndDomainAndExtension_Passing_ValidEmail_Returns_EmailWithMask" computerName="PC-SFERRARI" duration="00:00:00.0016881" startTime="2021-01-07T17:21:27.4744252+00:00" endTime="2021-01-07T17:21:27.4805688+00:00" testType="13cdc9d9-ddb5-4fa4-a97d-d965ccfc6d4b" outcome="Passed" testListId="8c84fa94-04c1-424b-9868-57a2d4851a1d" relativeResultsDirectory="91f81484-4653-4700-b255-6980e8d60036" resultType="DataDrivenTest">
      <InnerResults>
        <UnitTestResult executionId="391ef7e3-35f9-4104-8cc5-776427d1179c" parentExecutionId="91f81484-4653-4700-b255-6980e8d60036" testId="1f6423c7-4317-6f5b-c112-f4c9c7e822af" testName="ToEmailMaskUserNameAndDomainAndExtension_Passing_ValidEmail_Returns_EmailWithMask (qaz@gmail.com,q*z@g***l.c*m)" computerName="PC-SFERRARI" duration="00:00:00.0012442" startTime="2021-01-07T17:21:27.4744252+00:00" endTime="2021-01-07T17:21:27.4805688+00:00" testType="13cdc9d9-ddb5-4fa4-a97d-d965ccfc6d4b" outcome="Passed" testListId="8c84fa94-04c1-424b-9868-57a2d4851a1d" relativeResultsDirectory="391ef7e3-35f9-4104-8cc5-776427d1179c" dataRowInfo="1" resultType="DataDrivenDataRow" />
        <UnitTestResult executionId="26ae0134-14f6-4f3e-8302-cd0681221a8c" parentExecutionId="91f81484-4653-4700-b255-6980e8d60036" testId="1f6423c7-4317-6f5b-c112-f4c9c7e822af" testName="ToEmailMaskUserNameAndDomainAndExtension_Passing_ValidEmail_Returns_EmailWithMask (qazwsx@gmail.com,q****x@g***l.c*m)" computerName="PC-SFERRARI" duration="00:00:00.0000399" startTime="2021-01-07T17:21:27.4744252+00:00" endTime="2021-01-07T17:21:27.4805688+00:00" testType="13cdc9d9-ddb5-4fa4-a97d-d965ccfc6d4b" outcome="Passed" testListId="8c84fa94-04c1-424b-9868-57a2d4851a1d" relativeResultsDirectory="26ae0134-14f6-4f3e-8302-cd0681221a8c" dataRowInfo="2" resultType="DataDrivenDataRow" />
        <UnitTestResult executionId="b5c71723-1df2-4b1e-a9fb-ae5de5dd58a3" parentExecutionId="91f81484-4653-4700-b255-6980e8d60036" testId="1f6423c7-4317-6f5b-c112-f4c9c7e822af" testName="ToEmailMaskUserNameAndDomainAndExtension_Passing_ValidEmail_Returns_EmailWithMask (qazwsxedc@gmail.com,q*******c@g***l.c*m)" computerName="PC-SFERRARI" duration="00:00:00.0000273" startTime="2021-01-07T17:21:27.4744252+00:00" endTime="2021-01-07T17:21:27.4805688+00:00" testType="13cdc9d9-ddb5-4fa4-a97d-d965ccfc6d4b" outcome="Passed" testListId="8c84fa94-04c1-424b-9868-57a2d4851a1d" relativeResultsDirectory="b5c71723-1df2-4b1e-a9fb-ae5de5dd58a3" dataRowInfo="3" resultType="DataDrivenDataRow" />
        <UnitTestResult executionId="3d9dfedd-acba-4e5b-b249-f86bd9d76371" parentExecutionId="91f81484-4653-4700-b255-6980e8d60036" testId="1f6423c7-4317-6f5b-c112-f4c9c7e822af" testName="ToEmailMaskUserNameAndDomainAndExtension_Passing_ValidEmail_Returns_EmailWithMask (qaz@gmailgmail.com,q*z@g********l.c*m)" computerName="PC-SFERRARI" duration="00:00:00.0000262" startTime="2021-01-07T17:21:27.4744252+00:00" endTime="2021-01-07T17:21:27.4805688+00:00" testType="13cdc9d9-ddb5-4fa4-a97d-d965ccfc6d4b" outcome="Passed" testListId="8c84fa94-04c1-424b-9868-57a2d4851a1d" relativeResultsDirectory="3d9dfedd-acba-4e5b-b249-f86bd9d76371" dataRowInfo="4" resultType="DataDrivenDataRow" />
        <UnitTestResult executionId="8f236c49-2dc1-47f2-adc3-88868934b005" parentExecutionId="91f81484-4653-4700-b255-6980e8d60036" testId="1f6423c7-4317-6f5b-c112-f4c9c7e822af" testName="ToEmailMaskUserNameAndDomainAndExtension_Passing_ValidEmail_Returns_EmailWithMask (qazwsx@gmailgmail.com,q****x@g********l.c*m)" computerName="PC-SFERRARI" duration="00:00:00.0000284" startTime="2021-01-07T17:21:27.4744252+00:00" endTime="2021-01-07T17:21:27.4805688+00:00" testType="13cdc9d9-ddb5-4fa4-a97d-d965ccfc6d4b" outcome="Passed" testListId="8c84fa94-04c1-424b-9868-57a2d4851a1d" relativeResultsDirectory="8f236c49-2dc1-47f2-adc3-88868934b005" dataRowInfo="5" resultType="DataDrivenDataRow" />
        <UnitTestResult executionId="27443caa-61ef-4bb4-a4b3-591c1fd8f330" parentExecutionId="91f81484-4653-4700-b255-6980e8d60036" testId="1f6423c7-4317-6f5b-c112-f4c9c7e822af" testName="ToEmailMaskUserNameAndDomainAndExtension_Passing_ValidEmail_Returns_EmailWithMask (qazwsxedc@gmailgmail.com,q*******c@g********l.c*m)" computerName="PC-SFERRARI" duration="00:00:00.0000314" startTime="2021-01-07T17:21:27.4744252+00:00" endTime="2021-01-07T17:21:27.4805688+00:00" testType="13cdc9d9-ddb5-4fa4-a97d-d965ccfc6d4b" outcome="Passed" testListId="8c84fa94-04c1-424b-9868-57a2d4851a1d" relativeResultsDirectory="27443caa-61ef-4bb4-a4b3-591c1fd8f330" dataRowInfo="6" resultType="DataDrivenDataRow" />
      </InnerResults>
    </UnitTestResult>
    <UnitTestResult executionId="0261348a-19e7-4186-bcd9-c2b3aaaf97e7" testId="6c59b811-73c0-2540-9661-8c8f2a459ff2" testName="ToDefaultValue_Passing_byte_Returns_Cero" computerName="PC-SFERRARI" duration="00:00:00.0005675" startTime="2021-01-07T17:21:26.8772328+00:00" endTime="2021-01-07T17:21:26.8781247+00:00" testType="13cdc9d9-ddb5-4fa4-a97d-d965ccfc6d4b" outcome="Passed" testListId="8c84fa94-04c1-424b-9868-57a2d4851a1d" relativeResultsDirectory="0261348a-19e7-4186-bcd9-c2b3aaaf97e7" resultType="DataDrivenTest">
      <InnerResults>
        <UnitTestResult executionId="45d872cd-03f8-4433-8d84-462845618fa1" parentExecutionId="0261348a-19e7-4186-bcd9-c2b3aaaf97e7" testId="6c59b811-73c0-2540-9661-8c8f2a459ff2" testName="ToDefaultValue_Passing_byte_Returns_Cero (255)" computerName="PC-SFERRARI" duration="00:00:00.0004738" startTime="2021-01-07T17:21:26.8772328+00:00" endTime="2021-01-07T17:21:26.8781247+00:00" testType="13cdc9d9-ddb5-4fa4-a97d-d965ccfc6d4b" outcome="Passed" testListId="8c84fa94-04c1-424b-9868-57a2d4851a1d" relativeResultsDirectory="45d872cd-03f8-4433-8d84-462845618fa1" dataRowInfo="1" resultType="DataDrivenDataRow" />
      </InnerResults>
    </UnitTestResult>
    <UnitTestResult executionId="08b2e47c-e680-47dd-9615-b4f37cc2cc75" testId="459f13f4-e266-2f20-5c30-d2c64797095d" testName="ToIsWeekend_Passing_Friday_DateTime_Returns_False" computerName="PC-SFERRARI" duration="00:00:00.0002519" startTime="2021-01-07T17:21:26.7897572+00:00" endTime="2021-01-07T17:21:26.7900973+00:00" testType="13cdc9d9-ddb5-4fa4-a97d-d965ccfc6d4b" outcome="Passed" testListId="8c84fa94-04c1-424b-9868-57a2d4851a1d" relativeResultsDirectory="08b2e47c-e680-47dd-9615-b4f37cc2cc75" />
    <UnitTestResult executionId="80e5b604-2f58-41ca-81c8-6ce9081dd1f0" testId="056700a7-2506-75ed-a80a-ddf2ddb5d2a8" testName="IsUppercase_Passing_ValidArguments_Returns_HasErrorsAndCount" computerName="PC-SFERRARI" duration="00:00:00.0001542" startTime="2021-01-07T17:21:26.5115721+00:00" endTime="2021-01-07T17:21:26.5118109+00:00" testType="13cdc9d9-ddb5-4fa4-a97d-d965ccfc6d4b" outcome="Passed" testListId="8c84fa94-04c1-424b-9868-57a2d4851a1d" relativeResultsDirectory="80e5b604-2f58-41ca-81c8-6ce9081dd1f0" />
    <UnitTestResult executionId="ec384546-c1c1-46a3-8c49-bd6f5a9ea2c4" testId="074815db-ddf2-9c1f-0fef-7f709183591e" testName="ToExists_Passing_Service_Not_Found_Returns_False" computerName="PC-SFERRARI" duration="00:00:00.0005148" startTime="2021-01-07T17:21:26.3793503+00:00" endTime="2021-01-07T17:21:26.3799742+00:00" testType="13cdc9d9-ddb5-4fa4-a97d-d965ccfc6d4b" outcome="Passed" testListId="8c84fa94-04c1-424b-9868-57a2d4851a1d" relativeResultsDirectory="ec384546-c1c1-46a3-8c49-bd6f5a9ea2c4" />
    <UnitTestResult executionId="cbc922b1-f3e0-4175-b6d5-ba8aa8c78353" testId="05e5e57c-db71-e28f-a271-06b575e1a9ca" testName="ResultErrorData_WithTitle_WithStatusCode_WithMessage_WithDetails_WithExceptionType_WithErrors" computerName="PC-SFERRARI" duration="00:00:00.0333393" startTime="2021-01-07T17:21:27.3021876+00:00" endTime="2021-01-07T17:21:27.3357040+00:00" testType="13cdc9d9-ddb5-4fa4-a97d-d965ccfc6d4b" outcome="Passed" testListId="8c84fa94-04c1-424b-9868-57a2d4851a1d" relativeResultsDirectory="cbc922b1-f3e0-4175-b6d5-ba8aa8c78353" />
    <UnitTestResult executionId="4c9f2227-628e-4f7a-ab52-9f4cd9f62589" testId="9064672f-1220-7bc0-f2b0-c66c74cccc5e" testName="ToConfiguration_Passing_Valid_DirectoryPath_Valid_JsonFileName_Returns_Ok" computerName="PC-SFERRARI" duration="00:00:00.0432256" startTime="2021-01-07T17:21:26.6580535+00:00" endTime="2021-01-07T17:21:26.7014579+00:00" testType="13cdc9d9-ddb5-4fa4-a97d-d965ccfc6d4b" outcome="Passed" testListId="8c84fa94-04c1-424b-9868-57a2d4851a1d" relativeResultsDirectory="4c9f2227-628e-4f7a-ab52-9f4cd9f62589" />
    <UnitTestResult executionId="bd78f402-ce26-4e90-a48e-9370f1048bd0" testId="1f173fff-9060-8c18-f825-225901225244" testName="ToStartOfWeek_Passing_DateTime_Returns_Start_Of_Week_DateTime" computerName="PC-SFERRARI" duration="00:00:00.0002378" startTime="2021-01-07T17:21:26.7913736+00:00" endTime="2021-01-07T17:21:26.7916838+00:00" testType="13cdc9d9-ddb5-4fa4-a97d-d965ccfc6d4b" outcome="Passed" testListId="8c84fa94-04c1-424b-9868-57a2d4851a1d" relativeResultsDirectory="bd78f402-ce26-4e90-a48e-9370f1048bd0" />
    <UnitTestResult executionId="6136f3e2-9248-4e6f-ad50-2a41452b6005" testId="1340b308-d9eb-a26e-e042-04d6c1d9a958" testName="ToHasErrors_Passing_InvalidValue_Returns_ApplicationExceptionWithMessage" computerName="PC-SFERRARI" duration="00:00:00.0007343" startTime="2021-01-07T17:21:26.4062620+00:00" endTime="2021-01-07T17:21:26.4073453+00:00" testType="13cdc9d9-ddb5-4fa4-a97d-d965ccfc6d4b" outcome="Passed" testListId="8c84fa94-04c1-424b-9868-57a2d4851a1d" relativeResultsDirectory="6136f3e2-9248-4e6f-ad50-2a41452b6005" />
    <UnitTestResult executionId="97f8061f-b439-417d-8e44-b9e42f4ab0b0" testId="69b6ed05-fdf2-6989-0583-109b4777a6ac" testName="ToEnvironment_Passing_Custom_Enviroment_Returns_Custom_Name" computerName="PC-SFERRARI" duration="00:00:00.1600784" startTime="2021-01-07T17:21:26.1576061+00:00" endTime="2021-01-07T17:21:26.3181296+00:00" testType="13cdc9d9-ddb5-4fa4-a97d-d965ccfc6d4b" outcome="Passed" testListId="8c84fa94-04c1-424b-9868-57a2d4851a1d" relativeResultsDirectory="97f8061f-b439-417d-8e44-b9e42f4ab0b0" />
    <UnitTestResult executionId="ea20385b-05fd-4c84-b814-273e65870d04" testId="46cc46f0-c0e1-f3e6-2242-cdef90a4249a" testName="ToMapNew_Passing_TSource_And_TDestination_Returns_New_TDestination_Object" computerName="PC-SFERRARI" duration="00:00:00.0005208" startTime="2021-01-07T17:21:26.1537544+00:00" endTime="2021-01-07T17:21:26.1544191+00:00" testType="13cdc9d9-ddb5-4fa4-a97d-d965ccfc6d4b" outcome="Passed" testListId="8c84fa94-04c1-424b-9868-57a2d4851a1d" relativeResultsDirectory="ea20385b-05fd-4c84-b814-273e65870d04" />
    <UnitTestResult executionId="06873f53-1f0c-4644-94cd-8b6eb703fc93" testId="0a999e9b-220b-0f64-a533-84896c20ce13" testName="ResultOkData" computerName="PC-SFERRARI" duration="00:00:00.0087926" startTime="2021-01-07T17:21:27.3557657+00:00" endTime="2021-01-07T17:21:27.3646664+00:00" testType="13cdc9d9-ddb5-4fa4-a97d-d965ccfc6d4b" outcome="Passed" testListId="8c84fa94-04c1-424b-9868-57a2d4851a1d" relativeResultsDirectory="06873f53-1f0c-4644-94cd-8b6eb703fc93" />
    <UnitTestResult executionId="e95e6dfb-532e-41be-9efd-0d9bc66f5355" testId="08c27b3b-1061-f465-c841-31a005ad7bc3" testName="ResultError_WithTitle_WithStatusCode_WithMessage_WithDetails_WithExceptionType_WithErrors" computerName="PC-SFERRARI" duration="00:00:00.0048917" startTime="2021-01-07T17:21:27.3462549+00:00" endTime="2021-01-07T17:21:27.3512444+00:00" testType="13cdc9d9-ddb5-4fa4-a97d-d965ccfc6d4b" outcome="Passed" testListId="8c84fa94-04c1-424b-9868-57a2d4851a1d" relativeResultsDirectory="e95e6dfb-532e-41be-9efd-0d9bc66f5355" />
    <UnitTestResult executionId="ebe0e62c-88fc-4850-b326-c386f9ca5d33" testId="0cb5eb43-9273-0bdf-bd18-53b184535503" testName="ToMessage_Passing_ExceptionWithMessage_Returns_Message" computerName="PC-SFERRARI" duration="00:00:00.0003650" startTime="2021-01-07T17:21:26.8527310+00:00" endTime="2021-01-07T17:21:26.8532786+00:00" testType="13cdc9d9-ddb5-4fa4-a97d-d965ccfc6d4b" outcome="Passed" testListId="8c84fa94-04c1-424b-9868-57a2d4851a1d" relativeResultsDirectory="ebe0e62c-88fc-4850-b326-c386f9ca5d33" />
    <UnitTestResult executionId="a8cb3de0-87bb-4dc7-8aa3-1b822cb7d157" testId="34931354-7c25-7812-28fe-96ea501746b4" testName="ToSetTime_Passing_Time_String_Returns_DateTime" computerName="PC-SFERRARI" duration="00:00:00.0003542" startTime="2021-01-07T17:21:26.7909286+00:00" endTime="2021-01-07T17:21:26.7913540+00:00" testType="13cdc9d9-ddb5-4fa4-a97d-d965ccfc6d4b" outcome="Passed" testListId="8c84fa94-04c1-424b-9868-57a2d4851a1d" relativeResultsDirectory="a8cb3de0-87bb-4dc7-8aa3-1b822cb7d157" />
    <UnitTestResult executionId="d3042521-3952-4394-bafe-f6dafe35a86b" testId="fa00d2a8-59b9-ad9e-caa1-a0c9e3156db1" testName="ToGetAll_Passing_Claims_Returns_Claim_Value_Int_List" computerName="PC-SFERRARI" duration="00:00:00.0127018" startTime="2021-01-07T17:21:26.5715158+00:00" endTime="2021-01-07T17:21:26.5843571+00:00" testType="13cdc9d9-ddb5-4fa4-a97d-d965ccfc6d4b" outcome="Passed" testListId="8c84fa94-04c1-424b-9868-57a2d4851a1d" relativeResultsDirectory="d3042521-3952-4394-bafe-f6dafe35a86b" />
    <UnitTestResult executionId="73c783b2-b196-4c63-b95c-4566d832a768" testId="3443f7f5-ee1a-f375-e5b1-f7ffa940c0db" testName="ToIsLastDayOfTheMonth_Passing_NotLastDayOfMonth_Returns_False" computerName="PC-SFERRARI" duration="00:00:00.0001211" startTime="2021-01-07T17:21:26.7870599+00:00" endTime="2021-01-07T17:21:26.7872514+00:00" testType="13cdc9d9-ddb5-4fa4-a97d-d965ccfc6d4b" outcome="Passed" testListId="8c84fa94-04c1-424b-9868-57a2d4851a1d" relativeResultsDirectory="73c783b2-b196-4c63-b95c-4566d832a768" />
    <UnitTestResult executionId="906f65f2-75c7-4c40-8985-5a68f18536bd" testId="e1a72c94-958d-7abb-4a96-4b60b12f8157" testName="ToFullMessage_Passing_ExceptionWithMessageWithInnerException_Returns_Full_Message" computerName="PC-SFERRARI" duration="00:00:00.0137344" startTime="2021-01-07T17:21:26.8378107+00:00" endTime="2021-01-07T17:21:26.8519307+00:00" testType="13cdc9d9-ddb5-4fa4-a97d-d965ccfc6d4b" outcome="Passed" testListId="8c84fa94-04c1-424b-9868-57a2d4851a1d" relativeResultsDirectory="906f65f2-75c7-4c40-8985-5a68f18536bd" />
    <UnitTestResult executionId="6ab9d537-a8a8-45fc-a98b-649b6587e2d5" testId="9e36eef1-cde7-a509-c95d-2249b6b02dbb" testName="ToIsDirectoryThrow_Passing_InvalidValue_Returns_ApplicationExceptionWithMessage" computerName="PC-SFERRARI" duration="00:00:00.0044256" startTime="2021-01-07T17:21:26.4073763+00:00" endTime="2021-01-07T17:21:26.4119456+00:00" testType="13cdc9d9-ddb5-4fa4-a97d-d965ccfc6d4b" outcome="Passed" testListId="8c84fa94-04c1-424b-9868-57a2d4851a1d" relativeResultsDirectory="6ab9d537-a8a8-45fc-a98b-649b6587e2d5" />
    <UnitTestResult executionId="a82945ab-0a47-468b-ab63-05ff03d0ea2f" testId="43c10c64-8836-30db-afbe-d1657a7dd9d8" testName="ToHeader_Passing_HttpRequest_Header_Many_Values_Returns_Values" computerName="PC-SFERRARI" duration="00:00:00.0665669" startTime="2021-01-07T17:21:26.9976531+00:00" endTime="2021-01-07T17:21:27.0645423+00:00" testType="13cdc9d9-ddb5-4fa4-a97d-d965ccfc6d4b" outcome="Passed" testListId="8c84fa94-04c1-424b-9868-57a2d4851a1d" relativeResultsDirectory="a82945ab-0a47-468b-ab63-05ff03d0ea2f" />
    <UnitTestResult executionId="e9e51bbc-aeb7-41ec-9340-b5412a8f30b3" testId="1064d8aa-5d0e-6bf5-83ee-952a4d1fd93b" testName="ToEnum_Passing_InvalidValueInt_Returns_EnumCustomValue" computerName="PC-SFERRARI" duration="00:00:00.0013116" startTime="2021-01-07T17:21:27.5199955+00:00" endTime="2021-01-07T17:21:27.5215424+00:00" testType="13cdc9d9-ddb5-4fa4-a97d-d965ccfc6d4b" outcome="Passed" testListId="8c84fa94-04c1-424b-9868-57a2d4851a1d" relativeResultsDirectory="e9e51bbc-aeb7-41ec-9340-b5412a8f30b3" />
    <UnitTestResult executionId="bfc5f905-ec53-47b0-b78a-d8c0c27d216c" testId="432377b9-b0ad-9a2a-6dc2-e1069e73c449" testName="ToDefaultValue_Passing_bool_Returns_Cero" computerName="PC-SFERRARI" duration="00:00:00.0009858" startTime="2021-01-07T17:21:26.8552630+00:00" endTime="2021-01-07T17:21:26.8564568+00:00" testType="13cdc9d9-ddb5-4fa4-a97d-d965ccfc6d4b" outcome="Passed" testListId="8c84fa94-04c1-424b-9868-57a2d4851a1d" relativeResultsDirectory="bfc5f905-ec53-47b0-b78a-d8c0c27d216c" resultType="DataDrivenTest">
      <InnerResults>
        <UnitTestResult executionId="bc215173-a22b-47d2-ab66-56ea8051a571" parentExecutionId="bfc5f905-ec53-47b0-b78a-d8c0c27d216c" testId="432377b9-b0ad-9a2a-6dc2-e1069e73c449" testName="ToDefaultValue_Passing_bool_Returns_Cero (True)" computerName="PC-SFERRARI" duration="00:00:00.0008591" startTime="2021-01-07T17:21:26.8552630+00:00" endTime="2021-01-07T17:21:26.8564568+00:00" testType="13cdc9d9-ddb5-4fa4-a97d-d965ccfc6d4b" outcome="Passed" testListId="8c84fa94-04c1-424b-9868-57a2d4851a1d" relativeResultsDirectory="bc215173-a22b-47d2-ab66-56ea8051a571" dataRowInfo="1" resultType="DataDrivenDataRow" />
      </InnerResults>
    </UnitTestResult>
    <UnitTestResult executionId="3c97d445-b2c8-4351-b944-f6f5c55e14ac" testId="7dc20d31-477c-3765-83c0-7575a504da96" testName="ToNormalize_Passing_ValidValue_Returns_NormalizedValue" computerName="PC-SFERRARI" duration="00:00:00.0113904" startTime="2021-01-07T17:21:27.5712210+00:00" endTime="2021-01-07T17:21:27.5834166+00:00" testType="13cdc9d9-ddb5-4fa4-a97d-d965ccfc6d4b" outcome="Passed" testListId="8c84fa94-04c1-424b-9868-57a2d4851a1d" relativeResultsDirectory="3c97d445-b2c8-4351-b944-f6f5c55e14ac" resultType="DataDrivenTest">
      <InnerResults>
        <UnitTestResult executionId="f07037c5-1903-4733-8b56-107804a57b2c" parentExecutionId="3c97d445-b2c8-4351-b944-f6f5c55e14ac" testId="7dc20d31-477c-3765-83c0-7575a504da96" testName="ToNormalize_Passing_ValidValue_Returns_NormalizedValue ( ,)" computerName="PC-SFERRARI" duration="00:00:00.0050524" startTime="2021-01-07T17:21:27.5712210+00:00" endTime="2021-01-07T17:21:27.5834166+00:00" testType="13cdc9d9-ddb5-4fa4-a97d-d965ccfc6d4b" outcome="Passed" testListId="8c84fa94-04c1-424b-9868-57a2d4851a1d" relativeResultsDirectory="f07037c5-1903-4733-8b56-107804a57b2c" dataRowInfo="1" resultType="DataDrivenDataRow" />
        <UnitTestResult executionId="3848550d-6e8a-48ab-b019-9cb2a72e89e5" parentExecutionId="3c97d445-b2c8-4351-b944-f6f5c55e14ac" testId="7dc20d31-477c-3765-83c0-7575a504da96" testName="ToNormalize_Passing_ValidValue_Returns_NormalizedValue (àáäâãøçħ,aaaaaoch)" computerName="PC-SFERRARI" duration="00:00:00.0030328" startTime="2021-01-07T17:21:27.5712210+00:00" endTime="2021-01-07T17:21:27.5834166+00:00" testType="13cdc9d9-ddb5-4fa4-a97d-d965ccfc6d4b" outcome="Passed" testListId="8c84fa94-04c1-424b-9868-57a2d4851a1d" relativeResultsDirectory="3848550d-6e8a-48ab-b019-9cb2a72e89e5" dataRowInfo="2" resultType="DataDrivenDataRow" />
        <UnitTestResult executionId="b55f6813-28d7-4571-8758-4e8db058cd0a" parentExecutionId="3c97d445-b2c8-4351-b944-f6f5c55e14ac" testId="7dc20d31-477c-3765-83c0-7575a504da96" testName="ToNormalize_Passing_ValidValue_Returns_NormalizedValue ( àáäâ ãøçħ ,aaaa aoch)" computerName="PC-SFERRARI" duration="00:00:00.0001246" startTime="2021-01-07T17:21:27.5712210+00:00" endTime="2021-01-07T17:21:27.5834166+00:00" testType="13cdc9d9-ddb5-4fa4-a97d-d965ccfc6d4b" outcome="Passed" testListId="8c84fa94-04c1-424b-9868-57a2d4851a1d" relativeResultsDirectory="b55f6813-28d7-4571-8758-4e8db058cd0a" dataRowInfo="3" resultType="DataDrivenDataRow" />
        <UnitTestResult executionId="63ab839c-ed06-484e-8372-f4d0dd7f5a59" parentExecutionId="3c97d445-b2c8-4351-b944-f6f5c55e14ac" testId="7dc20d31-477c-3765-83c0-7575a504da96" testName="ToNormalize_Passing_ValidValue_Returns_NormalizedValue (*¨^_:-?¿;,)" computerName="PC-SFERRARI" duration="00:00:00.0000630" startTime="2021-01-07T17:21:27.5712210+00:00" endTime="2021-01-07T17:21:27.5834166+00:00" testType="13cdc9d9-ddb5-4fa4-a97d-d965ccfc6d4b" outcome="Passed" testListId="8c84fa94-04c1-424b-9868-57a2d4851a1d" relativeResultsDirectory="63ab839c-ed06-484e-8372-f4d0dd7f5a59" dataRowInfo="4" resultType="DataDrivenDataRow" />
        <UnitTestResult executionId="721d4a84-a5e9-4c1f-86d4-cf769c9c975a" parentExecutionId="3c97d445-b2c8-4351-b944-f6f5c55e14ac" testId="7dc20d31-477c-3765-83c0-7575a504da96" testName="ToNormalize_Passing_ValidValue_Returns_NormalizedValue ( * ¨ ^ _ : - ? ¿ ; ,)" computerName="PC-SFERRARI" duration="00:00:00.0000394" startTime="2021-01-07T17:21:27.5712210+00:00" endTime="2021-01-07T17:21:27.5834166+00:00" testType="13cdc9d9-ddb5-4fa4-a97d-d965ccfc6d4b" outcome="Passed" testListId="8c84fa94-04c1-424b-9868-57a2d4851a1d" relativeResultsDirectory="721d4a84-a5e9-4c1f-86d4-cf769c9c975a" dataRowInfo="5" resultType="DataDrivenDataRow" />
        <UnitTestResult executionId="e55817a5-e37a-4bfb-8b01-df9ea0d9b2ce" parentExecutionId="3c97d445-b2c8-4351-b944-f6f5c55e14ac" testId="7dc20d31-477c-3765-83c0-7575a504da96" testName="ToNormalize_Passing_ValidValue_Returns_NormalizedValue (àáäâã,aaaaa)" computerName="PC-SFERRARI" duration="00:00:00.0000318" startTime="2021-01-07T17:21:27.5712210+00:00" endTime="2021-01-07T17:21:27.5834166+00:00" testType="13cdc9d9-ddb5-4fa4-a97d-d965ccfc6d4b" outcome="Passed" testListId="8c84fa94-04c1-424b-9868-57a2d4851a1d" relativeResultsDirectory="e55817a5-e37a-4bfb-8b01-df9ea0d9b2ce" dataRowInfo="6" resultType="DataDrivenDataRow" />
        <UnitTestResult executionId="154de63d-7348-46ea-ba0f-04fed870d057" parentExecutionId="3c97d445-b2c8-4351-b944-f6f5c55e14ac" testId="7dc20d31-477c-3765-83c0-7575a504da96" testName="ToNormalize_Passing_ValidValue_Returns_NormalizedValue (ÀÁÄÂÃ,AAAAA)" computerName="PC-SFERRARI" duration="00:00:00.0000318" startTime="2021-01-07T17:21:27.5712210+00:00" endTime="2021-01-07T17:21:27.5834166+00:00" testType="13cdc9d9-ddb5-4fa4-a97d-d965ccfc6d4b" outcome="Passed" testListId="8c84fa94-04c1-424b-9868-57a2d4851a1d" relativeResultsDirectory="154de63d-7348-46ea-ba0f-04fed870d057" dataRowInfo="7" resultType="DataDrivenDataRow" />
        <UnitTestResult executionId="61d04f89-2341-405c-a4d8-01d6c9747fe3" parentExecutionId="3c97d445-b2c8-4351-b944-f6f5c55e14ac" testId="7dc20d31-477c-3765-83c0-7575a504da96" testName="ToNormalize_Passing_ValidValue_Returns_NormalizedValue (ç,c)" computerName="PC-SFERRARI" duration="00:00:00.0000645" startTime="2021-01-07T17:21:27.5712210+00:00" endTime="2021-01-07T17:21:27.5834166+00:00" testType="13cdc9d9-ddb5-4fa4-a97d-d965ccfc6d4b" outcome="Passed" testListId="8c84fa94-04c1-424b-9868-57a2d4851a1d" relativeResultsDirectory="61d04f89-2341-405c-a4d8-01d6c9747fe3" dataRowInfo="8" resultType="DataDrivenDataRow" />
        <UnitTestResult executionId="bed844f8-17a0-49fc-a48a-40f1487211a8" parentExecutionId="3c97d445-b2c8-4351-b944-f6f5c55e14ac" testId="7dc20d31-477c-3765-83c0-7575a504da96" testName="ToNormalize_Passing_ValidValue_Returns_NormalizedValue (Ç,C)" computerName="PC-SFERRARI" duration="00:00:00.0000314" startTime="2021-01-07T17:21:27.5712210+00:00" endTime="2021-01-07T17:21:27.5834166+00:00" testType="13cdc9d9-ddb5-4fa4-a97d-d965ccfc6d4b" outcome="Passed" testListId="8c84fa94-04c1-424b-9868-57a2d4851a1d" relativeResultsDirectory="bed844f8-17a0-49fc-a48a-40f1487211a8" dataRowInfo="9" resultType="DataDrivenDataRow" />
        <UnitTestResult executionId="7f2c4902-0202-4589-ac88-c55962ee6e5e" parentExecutionId="3c97d445-b2c8-4351-b944-f6f5c55e14ac" testId="7dc20d31-477c-3765-83c0-7575a504da96" testName="ToNormalize_Passing_ValidValue_Returns_NormalizedValue (èéëê,eeee)" computerName="PC-SFERRARI" duration="00:00:00.0000318" startTime="2021-01-07T17:21:27.5712210+00:00" endTime="2021-01-07T17:21:27.5834166+00:00" testType="13cdc9d9-ddb5-4fa4-a97d-d965ccfc6d4b" outcome="Passed" testListId="8c84fa94-04c1-424b-9868-57a2d4851a1d" relativeResultsDirectory="7f2c4902-0202-4589-ac88-c55962ee6e5e" dataRowInfo="10" resultType="DataDrivenDataRow" />
        <UnitTestResult executionId="5e506949-4e31-4449-a9e4-07987f485772" parentExecutionId="3c97d445-b2c8-4351-b944-f6f5c55e14ac" testId="7dc20d31-477c-3765-83c0-7575a504da96" testName="ToNormalize_Passing_ValidValue_Returns_NormalizedValue (ÈÉËÊ,EEEE)" computerName="PC-SFERRARI" duration="00:00:00.0000282" startTime="2021-01-07T17:21:27.5712210+00:00" endTime="2021-01-07T17:21:27.5834166+00:00" testType="13cdc9d9-ddb5-4fa4-a97d-d965ccfc6d4b" outcome="Passed" testListId="8c84fa94-04c1-424b-9868-57a2d4851a1d" relativeResultsDirectory="5e506949-4e31-4449-a9e4-07987f485772" dataRowInfo="11" resultType="DataDrivenDataRow" />
        <UnitTestResult executionId="0912ef71-c8c4-4896-857d-83ab25cca80a" parentExecutionId="3c97d445-b2c8-4351-b944-f6f5c55e14ac" testId="7dc20d31-477c-3765-83c0-7575a504da96" testName="ToNormalize_Passing_ValidValue_Returns_NormalizedValue (ìíïî,iiii)" computerName="PC-SFERRARI" duration="00:00:00.0000277" startTime="2021-01-07T17:21:27.5712210+00:00" endTime="2021-01-07T17:21:27.5834166+00:00" testType="13cdc9d9-ddb5-4fa4-a97d-d965ccfc6d4b" outcome="Passed" testListId="8c84fa94-04c1-424b-9868-57a2d4851a1d" relativeResultsDirectory="0912ef71-c8c4-4896-857d-83ab25cca80a" dataRowInfo="12" resultType="DataDrivenDataRow" />
        <UnitTestResult executionId="a8fec851-e6a9-42cc-aca0-cc64d961da7d" parentExecutionId="3c97d445-b2c8-4351-b944-f6f5c55e14ac" testId="7dc20d31-477c-3765-83c0-7575a504da96" testName="ToNormalize_Passing_ValidValue_Returns_NormalizedValue (Malmö,Malmo)" computerName="PC-SFERRARI" duration="00:00:00.0000280" startTime="2021-01-07T17:21:27.5712210+00:00" endTime="2021-01-07T17:21:27.5834166+00:00" testType="13cdc9d9-ddb5-4fa4-a97d-d965ccfc6d4b" outcome="Passed" testListId="8c84fa94-04c1-424b-9868-57a2d4851a1d" relativeResultsDirectory="a8fec851-e6a9-42cc-aca0-cc64d961da7d" dataRowInfo="13" resultType="DataDrivenDataRow" />
        <UnitTestResult executionId="65165b9a-a8e0-4d7a-880e-dd21e87b4c64" parentExecutionId="3c97d445-b2c8-4351-b944-f6f5c55e14ac" testId="7dc20d31-477c-3765-83c0-7575a504da96" testName="ToNormalize_Passing_ValidValue_Returns_NormalizedValue (Münçhen,Munchen)" computerName="PC-SFERRARI" duration="00:00:00.0000284" startTime="2021-01-07T17:21:27.5712210+00:00" endTime="2021-01-07T17:21:27.5834166+00:00" testType="13cdc9d9-ddb5-4fa4-a97d-d965ccfc6d4b" outcome="Passed" testListId="8c84fa94-04c1-424b-9868-57a2d4851a1d" relativeResultsDirectory="65165b9a-a8e0-4d7a-880e-dd21e87b4c64" dataRowInfo="14" resultType="DataDrivenDataRow" />
        <UnitTestResult executionId="c2daaeff-d056-4180-b2a8-42652c86c770" parentExecutionId="3c97d445-b2c8-4351-b944-f6f5c55e14ac" testId="7dc20d31-477c-3765-83c0-7575a504da96" testName="ToNormalize_Passing_ValidValue_Returns_NormalizedValue (Åge,Age)" computerName="PC-SFERRARI" duration="00:00:00.0000295" startTime="2021-01-07T17:21:27.5712210+00:00" endTime="2021-01-07T17:21:27.5834166+00:00" testType="13cdc9d9-ddb5-4fa4-a97d-d965ccfc6d4b" outcome="Passed" testListId="8c84fa94-04c1-424b-9868-57a2d4851a1d" relativeResultsDirectory="c2daaeff-d056-4180-b2a8-42652c86c770" dataRowInfo="15" resultType="DataDrivenDataRow" />
        <UnitTestResult executionId="e8ed0ae8-4e1a-425c-aad2-1456be476930" parentExecutionId="3c97d445-b2c8-4351-b944-f6f5c55e14ac" testId="7dc20d31-477c-3765-83c0-7575a504da96" testName="ToNormalize_Passing_ValidValue_Returns_NormalizedValue (Strømsgodset,Stromsgodset)" computerName="PC-SFERRARI" duration="00:00:00.0000307" startTime="2021-01-07T17:21:27.5712210+00:00" endTime="2021-01-07T17:21:27.5834166+00:00" testType="13cdc9d9-ddb5-4fa4-a97d-d965ccfc6d4b" outcome="Passed" testListId="8c84fa94-04c1-424b-9868-57a2d4851a1d" relativeResultsDirectory="e8ed0ae8-4e1a-425c-aad2-1456be476930" dataRowInfo="16" resultType="DataDrivenDataRow" />
        <UnitTestResult executionId="53c682bc-1d71-4224-9157-0461200d02e4" parentExecutionId="3c97d445-b2c8-4351-b944-f6f5c55e14ac" testId="7dc20d31-477c-3765-83c0-7575a504da96" testName="ToNormalize_Passing_ValidValue_Returns_NormalizedValue (Kulħadd,Kulhadd)" computerName="PC-SFERRARI" duration="00:00:00.0000305" startTime="2021-01-07T17:21:27.5712210+00:00" endTime="2021-01-07T17:21:27.5834166+00:00" testType="13cdc9d9-ddb5-4fa4-a97d-d965ccfc6d4b" outcome="Passed" testListId="8c84fa94-04c1-424b-9868-57a2d4851a1d" relativeResultsDirectory="53c682bc-1d71-4224-9157-0461200d02e4" dataRowInfo="17" resultType="DataDrivenDataRow" />
        <UnitTestResult executionId="d6d66bb6-34d0-491b-b853-61ad4c58af2f" parentExecutionId="3c97d445-b2c8-4351-b944-f6f5c55e14ac" testId="7dc20d31-477c-3765-83c0-7575a504da96" testName="ToNormalize_Passing_ValidValue_Returns_NormalizedValue (héllo,hello)" computerName="PC-SFERRARI" duration="00:00:00.0000327" startTime="2021-01-07T17:21:27.5712210+00:00" endTime="2021-01-07T17:21:27.5834166+00:00" testType="13cdc9d9-ddb5-4fa4-a97d-d965ccfc6d4b" outcome="Passed" testListId="8c84fa94-04c1-424b-9868-57a2d4851a1d" relativeResultsDirectory="d6d66bb6-34d0-491b-b853-61ad4c58af2f" dataRowInfo="18" resultType="DataDrivenDataRow" />
        <UnitTestResult executionId="3b7e5b9c-a518-4ca6-91cf-c8421e17d31a" parentExecutionId="3c97d445-b2c8-4351-b944-f6f5c55e14ac" testId="7dc20d31-477c-3765-83c0-7575a504da96" testName="ToNormalize_Passing_ValidValue_Returns_NormalizedValue (Autobús,Autobus)" computerName="PC-SFERRARI" duration="00:00:00.0000433" startTime="2021-01-07T17:21:27.5712210+00:00" endTime="2021-01-07T17:21:27.5834166+00:00" testType="13cdc9d9-ddb5-4fa4-a97d-d965ccfc6d4b" outcome="Passed" testListId="8c84fa94-04c1-424b-9868-57a2d4851a1d" relativeResultsDirectory="3b7e5b9c-a518-4ca6-91cf-c8421e17d31a" dataRowInfo="19" resultType="DataDrivenDataRow" />
        <UnitTestResult executionId="c81dc997-2e05-4f6c-b40b-8fc7a048e511" parentExecutionId="3c97d445-b2c8-4351-b944-f6f5c55e14ac" testId="7dc20d31-477c-3765-83c0-7575a504da96" testName="ToNormalize_Passing_ValidValue_Returns_NormalizedValue (i’ LL,i LL)" computerName="PC-SFERRARI" duration="00:00:00.0000322" startTime="2021-01-07T17:21:27.5712210+00:00" endTime="2021-01-07T17:21:27.5834166+00:00" testType="13cdc9d9-ddb5-4fa4-a97d-d965ccfc6d4b" outcome="Passed" testListId="8c84fa94-04c1-424b-9868-57a2d4851a1d" relativeResultsDirectory="c81dc997-2e05-4f6c-b40b-8fc7a048e511" dataRowInfo="20" resultType="DataDrivenDataRow" />
        <UnitTestResult executionId="6b557b7e-183d-4bf7-b581-d01b8a1d97dc" parentExecutionId="3c97d445-b2c8-4351-b944-f6f5c55e14ac" testId="7dc20d31-477c-3765-83c0-7575a504da96" testName="ToNormalize_Passing_ValidValue_Returns_NormalizedValue (Mañana,Manana)" computerName="PC-SFERRARI" duration="00:00:00.0000285" startTime="2021-01-07T17:21:27.5712210+00:00" endTime="2021-01-07T17:21:27.5834166+00:00" testType="13cdc9d9-ddb5-4fa4-a97d-d965ccfc6d4b" outcome="Passed" testListId="8c84fa94-04c1-424b-9868-57a2d4851a1d" relativeResultsDirectory="6b557b7e-183d-4bf7-b581-d01b8a1d97dc" dataRowInfo="21" resultType="DataDrivenDataRow" />
        <UnitTestResult executionId="56dcf542-e686-4242-8959-1d5bf34bcf20" parentExecutionId="3c97d445-b2c8-4351-b944-f6f5c55e14ac" testId="7dc20d31-477c-3765-83c0-7575a504da96" testName="ToNormalize_Passing_ValidValue_Returns_NormalizedValue (The End,The End)" computerName="PC-SFERRARI" duration="00:00:00.0000281" startTime="2021-01-07T17:21:27.5712210+00:00" endTime="2021-01-07T17:21:27.5834166+00:00" testType="13cdc9d9-ddb5-4fa4-a97d-d965ccfc6d4b" outcome="Passed" testListId="8c84fa94-04c1-424b-9868-57a2d4851a1d" relativeResultsDirectory="56dcf542-e686-4242-8959-1d5bf34bcf20" dataRowInfo="22" resultType="DataDrivenDataRow" />
        <UnitTestResult executionId="f1c129b3-025b-4b3b-9121-14b53f8e97e5" parentExecutionId="3c97d445-b2c8-4351-b944-f6f5c55e14ac" testId="7dc20d31-477c-3765-83c0-7575a504da96" testName="ToNormalize_Passing_ValidValue_Returns_NormalizedValue (ñ Ñ,n N)" computerName="PC-SFERRARI" duration="00:00:00.0000277" startTime="2021-01-07T17:21:27.5712210+00:00" endTime="2021-01-07T17:21:27.5834166+00:00" testType="13cdc9d9-ddb5-4fa4-a97d-d965ccfc6d4b" outcome="Passed" testListId="8c84fa94-04c1-424b-9868-57a2d4851a1d" relativeResultsDirectory="f1c129b3-025b-4b3b-9121-14b53f8e97e5" dataRowInfo="23" resultType="DataDrivenDataRow" />
      </InnerResults>
    </UnitTestResult>
    <UnitTestResult executionId="783e0f5c-fa23-4c3b-b5e9-f17c96330abc" testId="635e001f-2a50-f191-84e2-e81cd2000fdf" testName="ToAuthenticationType_Passing_Claims_Returns_AuthenticationType_Name" computerName="PC-SFERRARI" duration="00:00:00.0506824" startTime="2021-01-07T17:21:26.5118295+00:00" endTime="2021-01-07T17:21:26.5627628+00:00" testType="13cdc9d9-ddb5-4fa4-a97d-d965ccfc6d4b" outcome="Passed" testListId="8c84fa94-04c1-424b-9868-57a2d4851a1d" relativeResultsDirectory="783e0f5c-fa23-4c3b-b5e9-f17c96330abc" />
    <UnitTestResult executionId="d598774c-7e98-4d8e-a94b-cea9874e4a04" testId="19a313ce-6632-bd6f-bb7e-c2dc7bcf20eb" testName="ToDefaultValue_Passing_sbyte_Returns_Cero" computerName="PC-SFERRARI" duration="00:00:00.0004913" startTime="2021-01-07T17:21:26.8999010+00:00" endTime="2021-01-07T17:21:26.9006210+00:00" testType="13cdc9d9-ddb5-4fa4-a97d-d965ccfc6d4b" outcome="Passed" testListId="8c84fa94-04c1-424b-9868-57a2d4851a1d" relativeResultsDirectory="d598774c-7e98-4d8e-a94b-cea9874e4a04" resultType="DataDrivenTest">
      <InnerResults>
        <UnitTestResult executionId="3c429b0a-4399-42f1-a759-e6271cc7dfb7" parentExecutionId="d598774c-7e98-4d8e-a94b-cea9874e4a04" testId="19a313ce-6632-bd6f-bb7e-c2dc7bcf20eb" testName="ToDefaultValue_Passing_sbyte_Returns_Cero (127)" computerName="PC-SFERRARI" duration="00:00:00.0003910" startTime="2021-01-07T17:21:26.8999010+00:00" endTime="2021-01-07T17:21:26.9006210+00:00" testType="13cdc9d9-ddb5-4fa4-a97d-d965ccfc6d4b" outcome="Passed" testListId="8c84fa94-04c1-424b-9868-57a2d4851a1d" relativeResultsDirectory="3c429b0a-4399-42f1-a759-e6271cc7dfb7" dataRowInfo="1" resultType="DataDrivenDataRow" />
      </InnerResults>
    </UnitTestResult>
    <UnitTestResult executionId="3a82b3f8-e313-4782-8908-8b834e4b2d19" testId="f828057e-351a-48b7-0028-e57f15c7217e" testName="ToDefaultValue_Passing_uint_Returns_Cero" computerName="PC-SFERRARI" duration="00:00:00.0003395" startTime="2021-01-07T17:21:26.9011590+00:00" endTime="2021-01-07T17:21:26.9015747+00:00" testType="13cdc9d9-ddb5-4fa4-a97d-d965ccfc6d4b" outcome="Passed" testListId="8c84fa94-04c1-424b-9868-57a2d4851a1d" relativeResultsDirectory="3a82b3f8-e313-4782-8908-8b834e4b2d19" resultType="DataDrivenTest">
      <InnerResults>
        <UnitTestResult executionId="6d496b21-d0ea-4184-9b97-3d7aac34a75f" parentExecutionId="3a82b3f8-e313-4782-8908-8b834e4b2d19" testId="f828057e-351a-48b7-0028-e57f15c7217e" testName="ToDefaultValue_Passing_uint_Returns_Cero (4294967295)" computerName="PC-SFERRARI" duration="00:00:00.0002928" startTime="2021-01-07T17:21:26.9011590+00:00" endTime="2021-01-07T17:21:26.9015747+00:00" testType="13cdc9d9-ddb5-4fa4-a97d-d965ccfc6d4b" outcome="Passed" testListId="8c84fa94-04c1-424b-9868-57a2d4851a1d" relativeResultsDirectory="6d496b21-d0ea-4184-9b97-3d7aac34a75f" dataRowInfo="1" resultType="DataDrivenDataRow" />
      </InnerResults>
    </UnitTestResult>
    <UnitTestResult executionId="8376d7a3-23a2-4bf0-8c92-67539388f06f" testId="297c060d-406b-f933-91fe-dfd3459b8ace" testName="ToIsNullOrEmpty_Passing_InvalidValue_Returns_True" computerName="PC-SFERRARI" duration="00:00:00.0001673" startTime="2021-01-07T17:21:26.4487648+00:00" endTime="2021-01-07T17:21:26.4490660+00:00" testType="13cdc9d9-ddb5-4fa4-a97d-d965ccfc6d4b" outcome="Passed" testListId="8c84fa94-04c1-424b-9868-57a2d4851a1d" relativeResultsDirectory="8376d7a3-23a2-4bf0-8c92-67539388f06f" />
    <UnitTestResult executionId="db04b4d0-4dd4-4725-bf2c-ca11c99c6562" testId="ab527057-69f2-0a9a-89fd-18928a3920fd" testName="ToHashAlgorithmName_Passing_InvalidValueStringWithDefaultValue_Returns_DefaultValue" computerName="PC-SFERRARI" duration="00:00:00.0007108" startTime="2021-01-07T17:21:27.5569364+00:00" endTime="2021-01-07T17:21:27.5579137+00:00" testType="13cdc9d9-ddb5-4fa4-a97d-d965ccfc6d4b" outcome="Passed" testListId="8c84fa94-04c1-424b-9868-57a2d4851a1d" relativeResultsDirectory="db04b4d0-4dd4-4725-bf2c-ca11c99c6562" resultType="DataDrivenTest">
      <InnerResults>
        <UnitTestResult executionId="8fa68814-5782-40c0-927b-bdee4a0ea7e2" parentExecutionId="db04b4d0-4dd4-4725-bf2c-ca11c99c6562" testId="ab527057-69f2-0a9a-89fd-18928a3920fd" testName="ToHashAlgorithmName_Passing_InvalidValueStringWithDefaultValue_Returns_DefaultValue (hhhhhh)" computerName="PC-SFERRARI" duration="00:00:00.0006290" startTime="2021-01-07T17:21:27.5569364+00:00" endTime="2021-01-07T17:21:27.5579137+00:00" testType="13cdc9d9-ddb5-4fa4-a97d-d965ccfc6d4b" outcome="Passed" testListId="8c84fa94-04c1-424b-9868-57a2d4851a1d" relativeResultsDirectory="8fa68814-5782-40c0-927b-bdee4a0ea7e2" dataRowInfo="1" resultType="DataDrivenDataRow" />
      </InnerResults>
    </UnitTestResult>
    <UnitTestResult executionId="2f3e3cd4-e1ee-488a-824a-dde6d545afc5" testId="8381ae52-050c-b801-64b1-7c621deb91d8" testName="ResultOk_WithMessage" computerName="PC-SFERRARI" duration="00:00:00.0002287" startTime="2021-01-07T17:21:27.3722458+00:00" endTime="2021-01-07T17:21:27.3726322+00:00" testType="13cdc9d9-ddb5-4fa4-a97d-d965ccfc6d4b" outcome="Passed" testListId="8c84fa94-04c1-424b-9868-57a2d4851a1d" relativeResultsDirectory="2f3e3cd4-e1ee-488a-824a-dde6d545afc5" />
    <UnitTestResult executionId="dbb2d4ae-2f87-4610-949f-00a3b27de6c6" testId="1237bc5f-42ea-8c7f-8602-051620acda95" testName="ToEmailMaskUserName_Passing_ValidEmail_Returns_EmailWithMask" computerName="PC-SFERRARI" duration="00:00:00.0008074" startTime="2021-01-07T17:21:27.4949340+00:00" endTime="2021-01-07T17:21:27.4959386+00:00" testType="13cdc9d9-ddb5-4fa4-a97d-d965ccfc6d4b" outcome="Passed" testListId="8c84fa94-04c1-424b-9868-57a2d4851a1d" relativeResultsDirectory="dbb2d4ae-2f87-4610-949f-00a3b27de6c6" resultType="DataDrivenTest">
      <InnerResults>
        <UnitTestResult executionId="f7f53baa-8ebf-44fb-986c-ea9c7992384a" parentExecutionId="dbb2d4ae-2f87-4610-949f-00a3b27de6c6" testId="1237bc5f-42ea-8c7f-8602-051620acda95" testName="ToEmailMaskUserName_Passing_ValidEmail_Returns_EmailWithMask (qaz@gmail.com,q*z@gmail.com)" computerName="PC-SFERRARI" duration="00:00:00.0004295" startTime="2021-01-07T17:21:27.4949340+00:00" endTime="2021-01-07T17:21:27.4959386+00:00" testType="13cdc9d9-ddb5-4fa4-a97d-d965ccfc6d4b" outcome="Passed" testListId="8c84fa94-04c1-424b-9868-57a2d4851a1d" relativeResultsDirectory="f7f53baa-8ebf-44fb-986c-ea9c7992384a" dataRowInfo="1" resultType="DataDrivenDataRow" />
        <UnitTestResult executionId="f54f67b4-8bf7-4426-b5ee-0baf2659c723" parentExecutionId="dbb2d4ae-2f87-4610-949f-00a3b27de6c6" testId="1237bc5f-42ea-8c7f-8602-051620acda95" testName="ToEmailMaskUserName_Passing_ValidEmail_Returns_EmailWithMask (qazwsx@gmail.com,q****x@gmail.com)" computerName="PC-SFERRARI" duration="00:00:00.0000560" startTime="2021-01-07T17:21:27.4949340+00:00" endTime="2021-01-07T17:21:27.4959386+00:00" testType="13cdc9d9-ddb5-4fa4-a97d-d965ccfc6d4b" outcome="Passed" testListId="8c84fa94-04c1-424b-9868-57a2d4851a1d" relativeResultsDirectory="f54f67b4-8bf7-4426-b5ee-0baf2659c723" dataRowInfo="2" resultType="DataDrivenDataRow" />
        <UnitTestResult executionId="f03b1156-2b4f-412f-b212-2b008d3cc6a4" parentExecutionId="dbb2d4ae-2f87-4610-949f-00a3b27de6c6" testId="1237bc5f-42ea-8c7f-8602-051620acda95" testName="ToEmailMaskUserName_Passing_ValidEmail_Returns_EmailWithMask (qazwsxedc@gmail.com,q*******c@gmail.com)" computerName="PC-SFERRARI" duration="00:00:00.0000259" startTime="2021-01-07T17:21:27.4949340+00:00" endTime="2021-01-07T17:21:27.4959386+00:00" testType="13cdc9d9-ddb5-4fa4-a97d-d965ccfc6d4b" outcome="Passed" testListId="8c84fa94-04c1-424b-9868-57a2d4851a1d" relativeResultsDirectory="f03b1156-2b4f-412f-b212-2b008d3cc6a4" dataRowInfo="3" resultType="DataDrivenDataRow" />
        <UnitTestResult executionId="fe7e10f6-ab23-4e59-96d3-f89b304879dc" parentExecutionId="dbb2d4ae-2f87-4610-949f-00a3b27de6c6" testId="1237bc5f-42ea-8c7f-8602-051620acda95" testName="ToEmailMaskUserName_Passing_ValidEmail_Returns_EmailWithMask (qaz@gmailgmail.com,q*z@gmailgmail.com)" computerName="PC-SFERRARI" duration="00:00:00.0000402" startTime="2021-01-07T17:21:27.4949340+00:00" endTime="2021-01-07T17:21:27.4959386+00:00" testType="13cdc9d9-ddb5-4fa4-a97d-d965ccfc6d4b" outcome="Passed" testListId="8c84fa94-04c1-424b-9868-57a2d4851a1d" relativeResultsDirectory="fe7e10f6-ab23-4e59-96d3-f89b304879dc" dataRowInfo="4" resultType="DataDrivenDataRow" />
        <UnitTestResult executionId="b4455ad3-f927-4c27-a738-eaf72d937d8a" parentExecutionId="dbb2d4ae-2f87-4610-949f-00a3b27de6c6" testId="1237bc5f-42ea-8c7f-8602-051620acda95" testName="ToEmailMaskUserName_Passing_ValidEmail_Returns_EmailWithMask (qazwsx@gmailgmail.com,q****x@gmailgmail.com)" computerName="PC-SFERRARI" duration="00:00:00.0000401" startTime="2021-01-07T17:21:27.4949340+00:00" endTime="2021-01-07T17:21:27.4959386+00:00" testType="13cdc9d9-ddb5-4fa4-a97d-d965ccfc6d4b" outcome="Passed" testListId="8c84fa94-04c1-424b-9868-57a2d4851a1d" relativeResultsDirectory="b4455ad3-f927-4c27-a738-eaf72d937d8a" dataRowInfo="5" resultType="DataDrivenDataRow" />
        <UnitTestResult executionId="bc58cda2-e32f-4fff-8c44-4f10b5d4ee2e" parentExecutionId="dbb2d4ae-2f87-4610-949f-00a3b27de6c6" testId="1237bc5f-42ea-8c7f-8602-051620acda95" testName="ToEmailMaskUserName_Passing_ValidEmail_Returns_EmailWithMask (qazwsxedc@gmailgmail.com,q*******c@gmailgmail.com)" computerName="PC-SFERRARI" duration="00:00:00.0000405" startTime="2021-01-07T17:21:27.4949340+00:00" endTime="2021-01-07T17:21:27.4959386+00:00" testType="13cdc9d9-ddb5-4fa4-a97d-d965ccfc6d4b" outcome="Passed" testListId="8c84fa94-04c1-424b-9868-57a2d4851a1d" relativeResultsDirectory="bc58cda2-e32f-4fff-8c44-4f10b5d4ee2e" dataRowInfo="6" resultType="DataDrivenDataRow" />
      </InnerResults>
    </UnitTestResult>
    <UnitTestResult executionId="eb8abe18-3c48-4c55-ad5c-191793dfddbc" testId="b9a89fa2-355c-e886-bec5-28d3cf549be6" testName="IsUniqueChars_Passing_InvalidArguments_Returns_HasErrorsAndCount" computerName="PC-SFERRARI" duration="00:00:00.0032549" startTime="2021-01-07T17:21:26.5064750+00:00" endTime="2021-01-07T17:21:26.5099606+00:00" testType="13cdc9d9-ddb5-4fa4-a97d-d965ccfc6d4b" outcome="Passed" testListId="8c84fa94-04c1-424b-9868-57a2d4851a1d" relativeResultsDirectory="eb8abe18-3c48-4c55-ad5c-191793dfddbc" />
    <UnitTestResult executionId="f4fdf3b6-cd77-4e29-a224-d31c82132dce" testId="e039115b-c8b8-3957-476b-74380195718a" testName="ResultErrorData_WithTitle_WithStatusCode_WithMessage_WithDetails_WithExceptionType_WithModelErrors" computerName="PC-SFERRARI" duration="00:00:00.0099539" startTime="2021-01-07T17:21:27.3357399+00:00" endTime="2021-01-07T17:21:27.3458189+00:00" testType="13cdc9d9-ddb5-4fa4-a97d-d965ccfc6d4b" outcome="Passed" testListId="8c84fa94-04c1-424b-9868-57a2d4851a1d" relativeResultsDirectory="f4fdf3b6-cd77-4e29-a224-d31c82132dce" />
    <UnitTestResult executionId="c8878518-788a-4180-9e41-b45526e3a4c1" testId="f0f37a42-1a3a-10a5-5f17-e01b9915abd3" testName="ToPaged_Passing_Age_Ascending_Order_Returns_Filter_List" computerName="PC-SFERRARI" duration="00:00:00.0075503" startTime="2021-01-07T17:21:27.2700200+00:00" endTime="2021-01-07T17:21:27.2779236+00:00" testType="13cdc9d9-ddb5-4fa4-a97d-d965ccfc6d4b" outcome="Passed" testListId="8c84fa94-04c1-424b-9868-57a2d4851a1d" relativeResultsDirectory="c8878518-788a-4180-9e41-b45526e3a4c1" />
    <UnitTestResult executionId="db0cc0d5-4ba2-4f4d-803d-13f4e42c028e" testId="d51ea295-e896-101a-6578-05ae772bcbfb" testName="ToIsSubdomainThrow_Passing_InvalidValue_Returns_ApplicationExceptionWithMessage" computerName="PC-SFERRARI" duration="00:00:00.0022619" startTime="2021-01-07T17:21:26.4490952+00:00" endTime="2021-01-07T17:21:26.4514766+00:00" testType="13cdc9d9-ddb5-4fa4-a97d-d965ccfc6d4b" outcome="Passed" testListId="8c84fa94-04c1-424b-9868-57a2d4851a1d" relativeResultsDirectory="db0cc0d5-4ba2-4f4d-803d-13f4e42c028e" resultType="DataDrivenTest">
      <InnerResults>
        <UnitTestResult executionId="6b668d0c-f83d-406e-83b8-6aef5c773ca5" parentExecutionId="db0cc0d5-4ba2-4f4d-803d-13f4e42c028e" testId="d51ea295-e896-101a-6578-05ae772bcbfb" testName="ToIsSubdomainThrow_Passing_InvalidValue_Returns_ApplicationExceptionWithMessage (dasdasd@dsasd.._ff)" computerName="PC-SFERRARI" duration="00:00:00.0018188" startTime="2021-01-07T17:21:26.4490952+00:00" endTime="2021-01-07T17:21:26.4514766+00:00" testType="13cdc9d9-ddb5-4fa4-a97d-d965ccfc6d4b" outcome="Passed" testListId="8c84fa94-04c1-424b-9868-57a2d4851a1d" relativeResultsDirectory="6b668d0c-f83d-406e-83b8-6aef5c773ca5" dataRowInfo="1" resultType="DataDrivenDataRow" />
        <UnitTestResult executionId="982fa8ee-7c9d-4ceb-bc1c-c370f6e9720e" parentExecutionId="db0cc0d5-4ba2-4f4d-803d-13f4e42c028e" testId="d51ea295-e896-101a-6578-05ae772bcbfb" testName="ToIsSubdomainThrow_Passing_InvalidValue_Returns_ApplicationExceptionWithMessage (34fsds@@sdd.f)" computerName="PC-SFERRARI" duration="00:00:00.0000938" startTime="2021-01-07T17:21:26.4490952+00:00" endTime="2021-01-07T17:21:26.4514766+00:00" testType="13cdc9d9-ddb5-4fa4-a97d-d965ccfc6d4b" outcome="Passed" testListId="8c84fa94-04c1-424b-9868-57a2d4851a1d" relativeResultsDirectory="982fa8ee-7c9d-4ceb-bc1c-c370f6e9720e" dataRowInfo="2" resultType="DataDrivenDataRow" />
        <UnitTestResult executionId="0041f437-931c-4272-bf2a-f78c1a6d1151" parentExecutionId="db0cc0d5-4ba2-4f4d-803d-13f4e42c028e" testId="d51ea295-e896-101a-6578-05ae772bcbfb" testName="ToIsSubdomainThrow_Passing_InvalidValue_Returns_ApplicationExceptionWithMessage ()" computerName="PC-SFERRARI" duration="00:00:00.0000565" startTime="2021-01-07T17:21:26.4490952+00:00" endTime="2021-01-07T17:21:26.4514766+00:00" testType="13cdc9d9-ddb5-4fa4-a97d-d965ccfc6d4b" outcome="Passed" testListId="8c84fa94-04c1-424b-9868-57a2d4851a1d" relativeResultsDirectory="0041f437-931c-4272-bf2a-f78c1a6d1151" dataRowInfo="3" resultType="DataDrivenDataRow" />
        <UnitTestResult executionId="6566ea1c-1302-4b38-8e7a-5bdc9860727a" parentExecutionId="db0cc0d5-4ba2-4f4d-803d-13f4e42c028e" testId="d51ea295-e896-101a-6578-05ae772bcbfb" testName="ToIsSubdomainThrow_Passing_InvalidValue_Returns_ApplicationExceptionWithMessage ()" computerName="PC-SFERRARI" duration="00:00:00.0000558" startTime="2021-01-07T17:21:26.4490952+00:00" endTime="2021-01-07T17:21:26.4514766+00:00" testType="13cdc9d9-ddb5-4fa4-a97d-d965ccfc6d4b" outcome="Passed" testListId="8c84fa94-04c1-424b-9868-57a2d4851a1d" relativeResultsDirectory="6566ea1c-1302-4b38-8e7a-5bdc9860727a" dataRowInfo="4" resultType="DataDrivenDataRow" />
        <UnitTestResult executionId="f1fc9c76-8c66-4496-96d4-8fa7e3333124" parentExecutionId="db0cc0d5-4ba2-4f4d-803d-13f4e42c028e" testId="d51ea295-e896-101a-6578-05ae772bcbfb" testName="ToIsSubdomainThrow_Passing_InvalidValue_Returns_ApplicationExceptionWithMessage (34?fsds@sdd.yy)" computerName="PC-SFERRARI" duration="00:00:00.0000637" startTime="2021-01-07T17:21:26.4490952+00:00" endTime="2021-01-07T17:21:26.4514766+00:00" testType="13cdc9d9-ddb5-4fa4-a97d-d965ccfc6d4b" outcome="Passed" testListId="8c84fa94-04c1-424b-9868-57a2d4851a1d" relativeResultsDirectory="f1fc9c76-8c66-4496-96d4-8fa7e3333124" dataRowInfo="5" resultType="DataDrivenDataRow" />
      </InnerResults>
    </UnitTestResult>
    <UnitTestResult executionId="68b0b9a0-e3d0-49db-93aa-733f48ea7fd5" testId="4d9bde6c-668c-a1d3-dc60-edcfc6a4082c" testName="IsLess_Passing_InvalidArguments_Returns_HasErrorsAndCount" computerName="PC-SFERRARI" duration="00:00:00.0028711" startTime="2021-01-07T17:21:26.4884376+00:00" endTime="2021-01-07T17:21:26.4931035+00:00" testType="13cdc9d9-ddb5-4fa4-a97d-d965ccfc6d4b" outcome="Passed" testListId="8c84fa94-04c1-424b-9868-57a2d4851a1d" relativeResultsDirectory="68b0b9a0-e3d0-49db-93aa-733f48ea7fd5" />
    <UnitTestResult executionId="aaaadfbf-0347-4591-b76f-3c3126b41bc6" testId="856fd0c8-b6f8-9265-ccfd-2a9e615488e2" testName="ToUserName_Passing_Valid_UserName_ClaimsPrincipal_Returns_String_UserName_Value" computerName="PC-SFERRARI" duration="00:00:00.0006462" startTime="2021-01-07T17:21:26.6298590+00:00" endTime="2021-01-07T17:21:26.6305895+00:00" testType="13cdc9d9-ddb5-4fa4-a97d-d965ccfc6d4b" outcome="Passed" testListId="8c84fa94-04c1-424b-9868-57a2d4851a1d" relativeResultsDirectory="aaaadfbf-0347-4591-b76f-3c3126b41bc6" />
    <UnitTestResult executionId="87da96f1-b510-4503-90c2-87c196f46b2f" testId="d6d04f4a-9142-b816-d673-c4abf49a39ad" testName="ToDisplay_Passing_Enumeration_Name_Returns_Display_Atributte" computerName="PC-SFERRARI" duration="00:00:00.0038956" startTime="2021-01-07T17:21:26.8023992+00:00" endTime="2021-01-07T17:21:26.8064297+00:00" testType="13cdc9d9-ddb5-4fa4-a97d-d965ccfc6d4b" outcome="Passed" testListId="8c84fa94-04c1-424b-9868-57a2d4851a1d" relativeResultsDirectory="87da96f1-b510-4503-90c2-87c196f46b2f" />
    <UnitTestResult executionId="484d2538-f4e7-4960-b2f9-087c36ecad91" testId="96f263a8-e1d9-0070-21ba-583144d2d030" testName="ToEnum_Passing_ValidValueInt_Returns_EnumValue" computerName="PC-SFERRARI" duration="00:00:00.0002572" startTime="2021-01-07T17:21:27.5301785+00:00" endTime="2021-01-07T17:21:27.5306720+00:00" testType="13cdc9d9-ddb5-4fa4-a97d-d965ccfc6d4b" outcome="Passed" testListId="8c84fa94-04c1-424b-9868-57a2d4851a1d" relativeResultsDirectory="484d2538-f4e7-4960-b2f9-087c36ecad91" />
    <UnitTestResult executionId="6885484b-775c-42e3-8d03-ecbbdf5b99f6" testId="c8fd6d3c-b723-929b-f175-dbdc2a7be855" testName="ToIsWeekend_Passing_Sunday_DateTime_Returns_True" computerName="PC-SFERRARI" duration="00:00:00.0001155" startTime="2021-01-07T17:21:26.7903309+00:00" endTime="2021-01-07T17:21:26.7905233+00:00" testType="13cdc9d9-ddb5-4fa4-a97d-d965ccfc6d4b" outcome="Passed" testListId="8c84fa94-04c1-424b-9868-57a2d4851a1d" relativeResultsDirectory="6885484b-775c-42e3-8d03-ecbbdf5b99f6" />
    <UnitTestResult executionId="34bfe36e-7c57-4529-8e9b-39ce10d18775" testId="4315ebd1-3e2a-edf0-9de6-c78f08760fe3" testName="ToFirstLetterLower_Passing_ValidValue_Returns_StringWithFirstLetterLower" computerName="PC-SFERRARI" duration="00:00:00.0004755" startTime="2021-01-07T17:21:27.5310256+00:00" endTime="2021-01-07T17:21:27.5316383+00:00" testType="13cdc9d9-ddb5-4fa4-a97d-d965ccfc6d4b" outcome="Passed" testListId="8c84fa94-04c1-424b-9868-57a2d4851a1d" relativeResultsDirectory="34bfe36e-7c57-4529-8e9b-39ce10d18775" resultType="DataDrivenTest">
      <InnerResults>
        <UnitTestResult executionId="973ce31a-fbf2-45bb-9151-3637851cf2a6" parentExecutionId="34bfe36e-7c57-4529-8e9b-39ce10d18775" testId="4315ebd1-3e2a-edf0-9de6-c78f08760fe3" testName="ToFirstLetterLower_Passing_ValidValue_Returns_StringWithFirstLetterLower (aeiou,aeiou)" computerName="PC-SFERRARI" duration="00:00:00.0003319" startTime="2021-01-07T17:21:27.5310256+00:00" endTime="2021-01-07T17:21:27.5316383+00:00" testType="13cdc9d9-ddb5-4fa4-a97d-d965ccfc6d4b" outcome="Passed" testListId="8c84fa94-04c1-424b-9868-57a2d4851a1d" relativeResultsDirectory="973ce31a-fbf2-45bb-9151-3637851cf2a6" dataRowInfo="1" resultType="DataDrivenDataRow" />
        <UnitTestResult executionId="ac589d2e-a105-486d-96cb-7678f12366fa" parentExecutionId="34bfe36e-7c57-4529-8e9b-39ce10d18775" testId="4315ebd1-3e2a-edf0-9de6-c78f08760fe3" testName="ToFirstLetterLower_Passing_ValidValue_Returns_StringWithFirstLetterLower (aEIOU,aEIOU)" computerName="PC-SFERRARI" duration="00:00:00.0000095" startTime="2021-01-07T17:21:27.5310256+00:00" endTime="2021-01-07T17:21:27.5316383+00:00" testType="13cdc9d9-ddb5-4fa4-a97d-d965ccfc6d4b" outcome="Passed" testListId="8c84fa94-04c1-424b-9868-57a2d4851a1d" relativeResultsDirectory="ac589d2e-a105-486d-96cb-7678f12366fa" dataRowInfo="2" resultType="DataDrivenDataRow" />
        <UnitTestResult executionId="9cbdc384-b479-42d2-8736-fe5e03f486fc" parentExecutionId="34bfe36e-7c57-4529-8e9b-39ce10d18775" testId="4315ebd1-3e2a-edf0-9de6-c78f08760fe3" testName="ToFirstLetterLower_Passing_ValidValue_Returns_StringWithFirstLetterLower (aeioU,aeioU)" computerName="PC-SFERRARI" duration="00:00:00.0000033" startTime="2021-01-07T17:21:27.5310256+00:00" endTime="2021-01-07T17:21:27.5316383+00:00" testType="13cdc9d9-ddb5-4fa4-a97d-d965ccfc6d4b" outcome="Passed" testListId="8c84fa94-04c1-424b-9868-57a2d4851a1d" relativeResultsDirectory="9cbdc384-b479-42d2-8736-fe5e03f486fc" dataRowInfo="3" resultType="DataDrivenDataRow" />
        <UnitTestResult executionId="944c5797-ab6f-407e-83fc-61acb78479a5" parentExecutionId="34bfe36e-7c57-4529-8e9b-39ce10d18775" testId="4315ebd1-3e2a-edf0-9de6-c78f08760fe3" testName="ToFirstLetterLower_Passing_ValidValue_Returns_StringWithFirstLetterLower (AEIOU,aEIOU)" computerName="PC-SFERRARI" duration="00:00:00.0000031" startTime="2021-01-07T17:21:27.5310256+00:00" endTime="2021-01-07T17:21:27.5316383+00:00" testType="13cdc9d9-ddb5-4fa4-a97d-d965ccfc6d4b" outcome="Passed" testListId="8c84fa94-04c1-424b-9868-57a2d4851a1d" relativeResultsDirectory="944c5797-ab6f-407e-83fc-61acb78479a5" dataRowInfo="4" resultType="DataDrivenDataRow" />
        <UnitTestResult executionId="9541ae38-fc98-4a52-aca3-bf5c7870f066" parentExecutionId="34bfe36e-7c57-4529-8e9b-39ce10d18775" testId="4315ebd1-3e2a-edf0-9de6-c78f08760fe3" testName="ToFirstLetterLower_Passing_ValidValue_Returns_StringWithFirstLetterLower (Aeiou,aeiou)" computerName="PC-SFERRARI" duration="00:00:00.0000030" startTime="2021-01-07T17:21:27.5310256+00:00" endTime="2021-01-07T17:21:27.5316383+00:00" testType="13cdc9d9-ddb5-4fa4-a97d-d965ccfc6d4b" outcome="Passed" testListId="8c84fa94-04c1-424b-9868-57a2d4851a1d" relativeResultsDirectory="9541ae38-fc98-4a52-aca3-bf5c7870f066" dataRowInfo="5" resultType="DataDrivenDataRow" />
      </InnerResults>
    </UnitTestResult>
    <UnitTestResult executionId="1e37e436-6a06-47f6-b7e4-8bce348fe873" testId="1c5fe271-1e90-52f5-1f31-436b17e57702" testName="IsGreater_Passing_InvalidArguments_Returns_HasErrorsAndCount" computerName="PC-SFERRARI" duration="00:00:00.0028967" startTime="2021-01-07T17:21:26.4800131+00:00" endTime="2021-01-07T17:21:26.4829915+00:00" testType="13cdc9d9-ddb5-4fa4-a97d-d965ccfc6d4b" outcome="Passed" testListId="8c84fa94-04c1-424b-9868-57a2d4851a1d" relativeResultsDirectory="1e37e436-6a06-47f6-b7e4-8bce348fe873" />
    <UnitTestResult executionId="19ce0962-da9c-4270-9b9f-2091977f4858" testId="8dccdb77-e6a8-58c6-9bd0-108f87c5ff65" testName="ToAuthenticationType_Passing_Null_ClaimsPrincipal_Returns_ApplicationException" computerName="PC-SFERRARI" duration="00:00:00.0030761" startTime="2021-01-07T17:21:26.5668403+00:00" endTime="2021-01-07T17:21:26.5700830+00:00" testType="13cdc9d9-ddb5-4fa4-a97d-d965ccfc6d4b" outcome="Passed" testListId="8c84fa94-04c1-424b-9868-57a2d4851a1d" relativeResultsDirectory="19ce0962-da9c-4270-9b9f-2091977f4858" />
    <UnitTestResult executionId="67164135-d5a6-42c7-8791-1340b72af07f" testId="845c887e-a785-555d-db89-1c2975a33bbb" testName="ToServiceMatchingInterface_Passing_Valid_Assembly_Returns_Service" computerName="PC-SFERRARI" duration="00:00:00.0228250" startTime="2021-01-07T17:21:26.7118142+00:00" endTime="2021-01-07T17:21:26.7347994+00:00" testType="13cdc9d9-ddb5-4fa4-a97d-d965ccfc6d4b" outcome="Passed" testListId="8c84fa94-04c1-424b-9868-57a2d4851a1d" relativeResultsDirectory="67164135-d5a6-42c7-8791-1340b72af07f" />
    <UnitTestResult executionId="696e95af-db2f-40ee-af9c-6ff0dfc1b29e" testId="53cbdd8e-a1ef-5d22-8745-938609ed19c2" testName="ToConfigureOrDefault_Passing_DefaultValues_And_ActionCustomValues_Returns_DefaultValues_And_CustomValues" computerName="PC-SFERRARI" duration="00:00:00.0004811" startTime="2021-01-07T17:21:25.8305698+00:00" endTime="2021-01-07T17:21:25.8312622+00:00" testType="13cdc9d9-ddb5-4fa4-a97d-d965ccfc6d4b" outcome="Passed" testListId="8c84fa94-04c1-424b-9868-57a2d4851a1d" relativeResultsDirectory="696e95af-db2f-40ee-af9c-6ff0dfc1b29e" />
    <UnitTestResult executionId="42812b0b-3548-4cfd-a6b4-987fab8fac82" testId="e93b141b-fdfd-0f98-21e5-3eb211b6e88b" testName="ToDefaultValue_Passing_long_Returns_Cero" computerName="PC-SFERRARI" duration="00:00:00.0005440" startTime="2021-01-07T17:21:26.8991649+00:00" endTime="2021-01-07T17:21:26.8998507+00:00" testType="13cdc9d9-ddb5-4fa4-a97d-d965ccfc6d4b" outcome="Passed" testListId="8c84fa94-04c1-424b-9868-57a2d4851a1d" relativeResultsDirectory="42812b0b-3548-4cfd-a6b4-987fab8fac82" resultType="DataDrivenTest">
      <InnerResults>
        <UnitTestResult executionId="47e3fa89-6c79-4a03-b2df-f887dda454a5" parentExecutionId="42812b0b-3548-4cfd-a6b4-987fab8fac82" testId="e93b141b-fdfd-0f98-21e5-3eb211b6e88b" testName="ToDefaultValue_Passing_long_Returns_Cero (9223372036854775807)" computerName="PC-SFERRARI" duration="00:00:00.0004559" startTime="2021-01-07T17:21:26.8991649+00:00" endTime="2021-01-07T17:21:26.8998507+00:00" testType="13cdc9d9-ddb5-4fa4-a97d-d965ccfc6d4b" outcome="Passed" testListId="8c84fa94-04c1-424b-9868-57a2d4851a1d" relativeResultsDirectory="47e3fa89-6c79-4a03-b2df-f887dda454a5" dataRowInfo="1" resultType="DataDrivenDataRow" />
      </InnerResults>
    </UnitTestResult>
    <UnitTestResult executionId="9e28c20d-feaa-4b11-8ef9-9adaf0e5a5f9" testId="4a2e80a7-472b-b7f7-ba61-ac77aed5735d" testName="ToHeader_Passing_HttpRequest_Header_Value_Returns_Value" computerName="PC-SFERRARI" duration="00:00:00.0006339" startTime="2021-01-07T17:21:27.0645979+00:00" endTime="2021-01-07T17:21:27.0653448+00:00" testType="13cdc9d9-ddb5-4fa4-a97d-d965ccfc6d4b" outcome="Passed" testListId="8c84fa94-04c1-424b-9868-57a2d4851a1d" relativeResultsDirectory="9e28c20d-feaa-4b11-8ef9-9adaf0e5a5f9" />
    <UnitTestResult executionId="dd20a733-d462-48fe-b0c2-6b531ad9156d" testId="209cbba1-d5fa-4810-2cb6-ee92ce2e109d" testName="ToGet_Passing_Claims_Returns_Claim_Value_Int" computerName="PC-SFERRARI" duration="00:00:00.0020984" startTime="2021-01-07T17:21:26.6099396+00:00" endTime="2021-01-07T17:21:26.6122073+00:00" testType="13cdc9d9-ddb5-4fa4-a97d-d965ccfc6d4b" outcome="Passed" testListId="8c84fa94-04c1-424b-9868-57a2d4851a1d" relativeResultsDirectory="dd20a733-d462-48fe-b0c2-6b531ad9156d" />
    <UnitTestResult executionId="326ba4a8-3155-4766-82c1-9d96a5543ee6" testId="772d3145-280a-fb9f-03c2-247d0f593a66" testName="IsCustom_Passing_InvalidArguments_Returns_HasErrorsAndCount" computerName="PC-SFERRARI" duration="00:00:00.0094424" startTime="2021-01-07T17:21:26.4556556+00:00" endTime="2021-01-07T17:21:26.4654610+00:00" testType="13cdc9d9-ddb5-4fa4-a97d-d965ccfc6d4b" outcome="Passed" testListId="8c84fa94-04c1-424b-9868-57a2d4851a1d" relativeResultsDirectory="326ba4a8-3155-4766-82c1-9d96a5543ee6" />
    <UnitTestResult executionId="a39b9245-71cf-4aab-bff5-57ae0c6f8ee5" testId="6fc389b2-a5f3-ded0-63b6-7e1b4cca8442" testName="ToPaged_Passing_Name_Ascending_Order_Returns_Filter_List" computerName="PC-SFERRARI" duration="00:00:00.0032720" startTime="2021-01-07T17:21:27.2793227+00:00" endTime="2021-01-07T17:21:27.2827718+00:00" testType="13cdc9d9-ddb5-4fa4-a97d-d965ccfc6d4b" outcome="Passed" testListId="8c84fa94-04c1-424b-9868-57a2d4851a1d" relativeResultsDirectory="a39b9245-71cf-4aab-bff5-57ae0c6f8ee5" />
    <UnitTestResult executionId="6d2f1252-1589-4bd8-b316-187baea6cf3e" testId="760ae14b-6c0d-0288-811d-408b67937415" testName="ToServiceMatchingInterface_Passing_Empties_Assemblies_Returns_ApplicationException" computerName="PC-SFERRARI" duration="00:00:00.0014134" startTime="2021-01-07T17:21:26.7050185+00:00" endTime="2021-01-07T17:21:26.7065124+00:00" testType="13cdc9d9-ddb5-4fa4-a97d-d965ccfc6d4b" outcome="Passed" testListId="8c84fa94-04c1-424b-9868-57a2d4851a1d" relativeResultsDirectory="6d2f1252-1589-4bd8-b316-187baea6cf3e" />
    <UnitTestResult executionId="cc3409a0-de5e-4fb5-8321-fe1d69834688" testId="8a110a46-40a4-c9bb-083e-1c3fcb5b45b7" testName="ToCompress_Passing_Object_Bytes_Returns_Object" computerName="PC-SFERRARI" duration="00:00:00.0172765" startTime="2021-01-07T17:21:26.3878977+00:00" endTime="2021-01-07T17:21:26.4054505+00:00" testType="13cdc9d9-ddb5-4fa4-a97d-d965ccfc6d4b" outcome="Passed" testListId="8c84fa94-04c1-424b-9868-57a2d4851a1d" relativeResultsDirectory="cc3409a0-de5e-4fb5-8321-fe1d69834688" />
    <UnitTestResult executionId="9603dfff-87fe-4569-8ec5-59267c2ed74e" testId="d7c20db6-f712-8539-ac01-01e8f4033fac" testName="IsFile_Passing_InvalidArguments_Returns_HasErrorsAndCount" computerName="PC-SFERRARI" duration="00:00:00.0002213" startTime="2021-01-07T17:21:26.4796989+00:00" endTime="2021-01-07T17:21:26.4799950+00:00" testType="13cdc9d9-ddb5-4fa4-a97d-d965ccfc6d4b" outcome="Passed" testListId="8c84fa94-04c1-424b-9868-57a2d4851a1d" relativeResultsDirectory="9603dfff-87fe-4569-8ec5-59267c2ed74e" />
    <UnitTestResult executionId="8474ecd1-4edf-4762-9dce-d21abf2f6292" testId="9eeef095-29ed-4872-a36c-ca4832350421" testName="IsName_Passing_InvalidArguments_Returns_HasErrorsAndCount" computerName="PC-SFERRARI" duration="00:00:00.0001635" startTime="2021-01-07T17:21:26.4940844+00:00" endTime="2021-01-07T17:21:26.4943154+00:00" testType="13cdc9d9-ddb5-4fa4-a97d-d965ccfc6d4b" outcome="Passed" testListId="8c84fa94-04c1-424b-9868-57a2d4851a1d" relativeResultsDirectory="8474ecd1-4edf-4762-9dce-d21abf2f6292" />
    <UnitTestResult executionId="b4681b25-27bd-413f-9e52-34c544db514d" testId="77fe17c3-3cf8-a189-4d95-b2e0d3ca9579" testName="CreateSHA256_Passing_Invalid_Arguments_Returns_ApplicationException" computerName="PC-SFERRARI" duration="00:00:00.0008169" startTime="2021-01-07T17:21:26.9407578+00:00" endTime="2021-01-07T17:21:26.9417005+00:00" testType="13cdc9d9-ddb5-4fa4-a97d-d965ccfc6d4b" outcome="Passed" testListId="8c84fa94-04c1-424b-9868-57a2d4851a1d" relativeResultsDirectory="b4681b25-27bd-413f-9e52-34c544db514d" resultType="DataDrivenTest">
      <InnerResults>
        <UnitTestResult executionId="6b8a1ae6-3560-4a62-8b4e-8dfb71221676" parentExecutionId="b4681b25-27bd-413f-9e52-34c544db514d" testId="77fe17c3-3cf8-a189-4d95-b2e0d3ca9579" testName="CreateSHA256_Passing_Invalid_Arguments_Returns_ApplicationException ()" computerName="PC-SFERRARI" duration="00:00:00.0005692" startTime="2021-01-07T17:21:26.9407578+00:00" endTime="2021-01-07T17:21:26.9417005+00:00" testType="13cdc9d9-ddb5-4fa4-a97d-d965ccfc6d4b" outcome="Passed" testListId="8c84fa94-04c1-424b-9868-57a2d4851a1d" relativeResultsDirectory="6b8a1ae6-3560-4a62-8b4e-8dfb71221676" dataRowInfo="1" resultType="DataDrivenDataRow" />
        <UnitTestResult executionId="eb83b2c8-c8e6-4d87-a4e3-b78cea2300e6" parentExecutionId="b4681b25-27bd-413f-9e52-34c544db514d" testId="77fe17c3-3cf8-a189-4d95-b2e0d3ca9579" testName="CreateSHA256_Passing_Invalid_Arguments_Returns_ApplicationException ()" computerName="PC-SFERRARI" duration="00:00:00.0000776" startTime="2021-01-07T17:21:26.9407578+00:00" endTime="2021-01-07T17:21:26.9417005+00:00" testType="13cdc9d9-ddb5-4fa4-a97d-d965ccfc6d4b" outcome="Passed" testListId="8c84fa94-04c1-424b-9868-57a2d4851a1d" relativeResultsDirectory="eb83b2c8-c8e6-4d87-a4e3-b78cea2300e6" dataRowInfo="2" resultType="DataDrivenDataRow" />
        <UnitTestResult executionId="53ec02fc-6ccb-433a-bf28-e7de23ed5274" parentExecutionId="b4681b25-27bd-413f-9e52-34c544db514d" testId="77fe17c3-3cf8-a189-4d95-b2e0d3ca9579" testName="CreateSHA256_Passing_Invalid_Arguments_Returns_ApplicationException ( )" computerName="PC-SFERRARI" duration="00:00:00.0000596" startTime="2021-01-07T17:21:26.9407578+00:00" endTime="2021-01-07T17:21:26.9417005+00:00" testType="13cdc9d9-ddb5-4fa4-a97d-d965ccfc6d4b" outcome="Passed" testListId="8c84fa94-04c1-424b-9868-57a2d4851a1d" relativeResultsDirectory="53ec02fc-6ccb-433a-bf28-e7de23ed5274" dataRowInfo="3" resultType="DataDrivenDataRow" />
      </InnerResults>
    </UnitTestResult>
    <UnitTestResult executionId="6a6fd187-bfd3-4a5e-bf96-f5d742449b01" testId="801afd1a-5f3d-0d0c-471a-96452bf5bc35" testName="IsNullOrEmpty_Passing_InvalidArguments_Returns_HasErrorsAndCount" computerName="PC-SFERRARI" duration="00:00:00.0015104" startTime="2021-01-07T17:21:26.4965119+00:00" endTime="2021-01-07T17:21:26.4981324+00:00" testType="13cdc9d9-ddb5-4fa4-a97d-d965ccfc6d4b" outcome="Passed" testListId="8c84fa94-04c1-424b-9868-57a2d4851a1d" relativeResultsDirectory="6a6fd187-bfd3-4a5e-bf96-f5d742449b01" />
    <UnitTestResult executionId="13eab0c2-f4f0-4aeb-acb5-a4fe55e6a573" testId="a0ed43cd-0648-ddf9-c80e-52c6889ee049" testName="ToDictionaryPropertyInfo_Passing_Object_IncludeNullOrEmptyProperty_Returns_Properties_NameAndValue_Dictionary" computerName="PC-SFERRARI" duration="00:00:00.0047755" startTime="2021-01-07T17:21:26.9083098+00:00" endTime="2021-01-07T17:21:26.9132771+00:00" testType="13cdc9d9-ddb5-4fa4-a97d-d965ccfc6d4b" outcome="Passed" testListId="8c84fa94-04c1-424b-9868-57a2d4851a1d" relativeResultsDirectory="13eab0c2-f4f0-4aeb-acb5-a4fe55e6a573" />
    <UnitTestResult executionId="a29b0c5b-30ec-4386-b307-9dd0a5fde0e3" testId="0696fab6-6d9f-2b85-4a73-248fbd1cdda4" testName="ToDirectorySaveFileAsync_Passing_ValidValue_Returns_False" computerName="PC-SFERRARI" duration="00:00:00.0153190" startTime="2021-01-07T17:21:27.4563023+00:00" endTime="2021-01-07T17:21:27.4719146+00:00" testType="13cdc9d9-ddb5-4fa4-a97d-d965ccfc6d4b" outcome="Passed" testListId="8c84fa94-04c1-424b-9868-57a2d4851a1d" relativeResultsDirectory="a29b0c5b-30ec-4386-b307-9dd0a5fde0e3" />
    <UnitTestResult executionId="7d975fd7-e624-4f33-970f-035f03c69e0c" testId="225c09bd-86d5-d9ce-d2b8-18431ca384e3" testName="ToDefaultValue_Passing_ValidGuid_Returns_DefaultValue" computerName="PC-SFERRARI" duration="00:00:00.0003949" startTime="2021-01-07T17:21:28.1042891+00:00" endTime="2021-01-07T17:21:28.1048413+00:00" testType="13cdc9d9-ddb5-4fa4-a97d-d965ccfc6d4b" outcome="Passed" testListId="8c84fa94-04c1-424b-9868-57a2d4851a1d" relativeResultsDirectory="7d975fd7-e624-4f33-970f-035f03c69e0c" />
    <UnitTestResult executionId="feb471cb-46bb-4223-b666-f4bd5569b1b4" testId="b871cd27-681f-8d07-6c2a-809341ba2909" testName="ToList_Passing_ValidEnumTypeWithSelectedValue_Returns_ValuesList" computerName="PC-SFERRARI" duration="00:00:00.0030805" startTime="2021-01-07T17:21:26.8310402+00:00" endTime="2021-01-07T17:21:26.8343133+00:00" testType="13cdc9d9-ddb5-4fa4-a97d-d965ccfc6d4b" outcome="Passed" testListId="8c84fa94-04c1-424b-9868-57a2d4851a1d" relativeResultsDirectory="feb471cb-46bb-4223-b666-f4bd5569b1b4" />
    <UnitTestResult executionId="3461c272-059a-4db8-aa33-9c7cc02657a1" testId="6088101f-62c5-69c8-6751-05523b132d06" testName="CreateAndVerifySHA512_Passing_Valid_Arguments_Returns_True" computerName="PC-SFERRARI" duration="00:00:00.0012258" startTime="2021-01-07T17:21:26.9321620+00:00" endTime="2021-01-07T17:21:26.9336038+00:00" testType="13cdc9d9-ddb5-4fa4-a97d-d965ccfc6d4b" outcome="Passed" testListId="8c84fa94-04c1-424b-9868-57a2d4851a1d" relativeResultsDirectory="3461c272-059a-4db8-aa33-9c7cc02657a1" resultType="DataDrivenTest">
      <InnerResults>
        <UnitTestResult executionId="a6ed2b95-0b13-4935-8887-5e52e35e237b" parentExecutionId="3461c272-059a-4db8-aa33-9c7cc02657a1" testId="6088101f-62c5-69c8-6751-05523b132d06" testName="CreateAndVerifySHA512_Passing_Valid_Arguments_Returns_True (Password)" computerName="PC-SFERRARI" duration="00:00:00.0010158" startTime="2021-01-07T17:21:26.9321620+00:00" endTime="2021-01-07T17:21:26.9336038+00:00" testType="13cdc9d9-ddb5-4fa4-a97d-d965ccfc6d4b" outcome="Passed" testListId="8c84fa94-04c1-424b-9868-57a2d4851a1d" relativeResultsDirectory="a6ed2b95-0b13-4935-8887-5e52e35e237b" dataRowInfo="1" resultType="DataDrivenDataRow" />
        <UnitTestResult executionId="67f970c7-a449-491f-89c0-77b7a4ef0d47" parentExecutionId="3461c272-059a-4db8-aa33-9c7cc02657a1" testId="6088101f-62c5-69c8-6751-05523b132d06" testName="CreateAndVerifySHA512_Passing_Valid_Arguments_Returns_True (HashTests)" computerName="PC-SFERRARI" duration="00:00:00.0000504" startTime="2021-01-07T17:21:26.9321620+00:00" endTime="2021-01-07T17:21:26.9336038+00:00" testType="13cdc9d9-ddb5-4fa4-a97d-d965ccfc6d4b" outcome="Passed" testListId="8c84fa94-04c1-424b-9868-57a2d4851a1d" relativeResultsDirectory="67f970c7-a449-491f-89c0-77b7a4ef0d47" dataRowInfo="2" resultType="DataDrivenDataRow" />
        <UnitTestResult executionId="e9cffb78-b7e3-420a-9264-80374fc485f3" parentExecutionId="3461c272-059a-4db8-aa33-9c7cc02657a1" testId="6088101f-62c5-69c8-6751-05523b132d06" testName="CreateAndVerifySHA512_Passing_Valid_Arguments_Returns_True (sdlfkjldsfksdfñl·%$·&amp;$/U&amp;/)(&amp;()?=)¿?^P*^PÑL,.,.lñ´ñ+98098'098098)" computerName="PC-SFERRARI" duration="00:00:00.0000393" startTime="2021-01-07T17:21:26.9321620+00:00" endTime="2021-01-07T17:21:26.9336038+00:00" testType="13cdc9d9-ddb5-4fa4-a97d-d965ccfc6d4b" outcome="Passed" testListId="8c84fa94-04c1-424b-9868-57a2d4851a1d" relativeResultsDirectory="e9cffb78-b7e3-420a-9264-80374fc485f3" dataRowInfo="3" resultType="DataDrivenDataRow" />
      </InnerResults>
    </UnitTestResult>
    <UnitTestResult executionId="3aa87480-f260-45c3-a260-6f820165c4ba" testId="430dec51-b9df-7e06-fff9-78e6d362c2d8" testName="CreateRandom_WithCustomAllowableCharacters_Passing_Valid_Arguments_Returns_String_Random_Value" computerName="PC-SFERRARI" duration="00:00:00.0006098" startTime="2021-01-07T17:21:26.9336633+00:00" endTime="2021-01-07T17:21:26.9344109+00:00" testType="13cdc9d9-ddb5-4fa4-a97d-d965ccfc6d4b" outcome="Passed" testListId="8c84fa94-04c1-424b-9868-57a2d4851a1d" relativeResultsDirectory="3aa87480-f260-45c3-a260-6f820165c4ba" resultType="DataDrivenTest">
      <InnerResults>
        <UnitTestResult executionId="cd96a142-eada-46c4-abcc-7cbbef57bdd1" parentExecutionId="3aa87480-f260-45c3-a260-6f820165c4ba" testId="430dec51-b9df-7e06-fff9-78e6d362c2d8" testName="CreateRandom_WithCustomAllowableCharacters_Passing_Valid_Arguments_Returns_String_Random_Value (8,ae)" computerName="PC-SFERRARI" duration="00:00:00.0004735" startTime="2021-01-07T17:21:26.9336633+00:00" endTime="2021-01-07T17:21:26.9344109+00:00" testType="13cdc9d9-ddb5-4fa4-a97d-d965ccfc6d4b" outcome="Passed" testListId="8c84fa94-04c1-424b-9868-57a2d4851a1d" relativeResultsDirectory="cd96a142-eada-46c4-abcc-7cbbef57bdd1" dataRowInfo="1" resultType="DataDrivenDataRow" />
        <UnitTestResult executionId="774f9222-6ccb-46de-a918-e7d4ed01548e" parentExecutionId="3aa87480-f260-45c3-a260-6f820165c4ba" testId="430dec51-b9df-7e06-fff9-78e6d362c2d8" testName="CreateRandom_WithCustomAllowableCharacters_Passing_Valid_Arguments_Returns_String_Random_Value (5,aeiou123456)" computerName="PC-SFERRARI" duration="00:00:00.0000118" startTime="2021-01-07T17:21:26.9336633+00:00" endTime="2021-01-07T17:21:26.9344109+00:00" testType="13cdc9d9-ddb5-4fa4-a97d-d965ccfc6d4b" outcome="Passed" testListId="8c84fa94-04c1-424b-9868-57a2d4851a1d" relativeResultsDirectory="774f9222-6ccb-46de-a918-e7d4ed01548e" dataRowInfo="2" resultType="DataDrivenDataRow" />
        <UnitTestResult executionId="c3d7d7fa-9326-4b86-be16-daf7e1a7ed21" parentExecutionId="3aa87480-f260-45c3-a260-6f820165c4ba" testId="430dec51-b9df-7e06-fff9-78e6d362c2d8" testName="CreateRandom_WithCustomAllowableCharacters_Passing_Valid_Arguments_Returns_String_Random_Value (10,7890ABFLFLFFL)" computerName="PC-SFERRARI" duration="00:00:00.0000070" startTime="2021-01-07T17:21:26.9336633+00:00" endTime="2021-01-07T17:21:26.9344109+00:00" testType="13cdc9d9-ddb5-4fa4-a97d-d965ccfc6d4b" outcome="Passed" testListId="8c84fa94-04c1-424b-9868-57a2d4851a1d" relativeResultsDirectory="c3d7d7fa-9326-4b86-be16-daf7e1a7ed21" dataRowInfo="3" resultType="DataDrivenDataRow" />
        <UnitTestResult executionId="c00c5a5f-94c7-46eb-9a99-2d80b043ec0a" parentExecutionId="3aa87480-f260-45c3-a260-6f820165c4ba" testId="430dec51-b9df-7e06-fff9-78e6d362c2d8" testName="CreateRandom_WithCustomAllowableCharacters_Passing_Valid_Arguments_Returns_String_Random_Value (20,qazwscefbthmiklp09876543)" computerName="PC-SFERRARI" duration="00:00:00.0000067" startTime="2021-01-07T17:21:26.9336633+00:00" endTime="2021-01-07T17:21:26.9344109+00:00" testType="13cdc9d9-ddb5-4fa4-a97d-d965ccfc6d4b" outcome="Passed" testListId="8c84fa94-04c1-424b-9868-57a2d4851a1d" relativeResultsDirectory="c00c5a5f-94c7-46eb-9a99-2d80b043ec0a" dataRowInfo="4" resultType="DataDrivenDataRow" />
      </InnerResults>
    </UnitTestResult>
    <UnitTestResult executionId="9eb19b77-c36f-4d72-82ae-2ea0b1646c50" testId="4a3afd90-c6ab-e82e-40d8-b40450680318" testName="IsHostname_Passing_InvalidArguments_Returns_HasErrorsAndCount" computerName="PC-SFERRARI" duration="00:00:00.0005845" startTime="2021-01-07T17:21:26.4830299+00:00" endTime="2021-01-07T17:21:26.4837238+00:00" testType="13cdc9d9-ddb5-4fa4-a97d-d965ccfc6d4b" outcome="Passed" testListId="8c84fa94-04c1-424b-9868-57a2d4851a1d" relativeResultsDirectory="9eb19b77-c36f-4d72-82ae-2ea0b1646c50" />
    <UnitTestResult executionId="3779d679-e03b-44e9-bd97-f789e8254c4b" testId="334e3485-05b4-4549-cacd-aef8fff10757" testName="ToDefaultValue_Passing_decimal_Returns_Cero" computerName="PC-SFERRARI" duration="00:00:00.0004311" startTime="2021-01-07T17:21:26.8792098+00:00" endTime="2021-01-07T17:21:26.8798314+00:00" testType="13cdc9d9-ddb5-4fa4-a97d-d965ccfc6d4b" outcome="Passed" testListId="8c84fa94-04c1-424b-9868-57a2d4851a1d" relativeResultsDirectory="3779d679-e03b-44e9-bd97-f789e8254c4b" />
    <UnitTestResult executionId="a202d637-e85b-41c2-8f8f-676cb2dd4ab7" testId="87c5dbd3-fd2a-1e49-42e5-8dc78affc8d6" testName="ToSerialize_Passing_Objects_Returns_String_Values" computerName="PC-SFERRARI" duration="00:00:00.0019852" startTime="2021-01-07T17:21:27.2677825+00:00" endTime="2021-01-07T17:21:27.2699711+00:00" testType="13cdc9d9-ddb5-4fa4-a97d-d965ccfc6d4b" outcome="Passed" testListId="8c84fa94-04c1-424b-9868-57a2d4851a1d" relativeResultsDirectory="a202d637-e85b-41c2-8f8f-676cb2dd4ab7" />
    <UnitTestResult executionId="488aa1c5-2846-4e1e-b32d-d162ff1eb352" testId="5385d994-9594-6052-11cb-73f8d2344981" testName="ToPath_Passing_HttpRequest_Scheme_Host_Path_Returns_Url" computerName="PC-SFERRARI" duration="00:00:00.0017621" startTime="2021-01-07T17:21:27.0653709+00:00" endTime="2021-01-07T17:21:27.0672322+00:00" testType="13cdc9d9-ddb5-4fa4-a97d-d965ccfc6d4b" outcome="Passed" testListId="8c84fa94-04c1-424b-9868-57a2d4851a1d" relativeResultsDirectory="488aa1c5-2846-4e1e-b32d-d162ff1eb352" />
    <UnitTestResult executionId="614f8178-6450-4010-81a7-1d4ef5a83328" testId="c1b4b96f-5089-058a-db94-14574ac1ddcf" testName="ResultError_WithMessage_WithDetails" computerName="PC-SFERRARI" duration="00:00:00.0002528" startTime="2021-01-07T17:21:27.3458574+00:00" endTime="2021-01-07T17:21:27.3462214+00:00" testType="13cdc9d9-ddb5-4fa4-a97d-d965ccfc6d4b" outcome="Passed" testListId="8c84fa94-04c1-424b-9868-57a2d4851a1d" relativeResultsDirectory="614f8178-6450-4010-81a7-1d4ef5a83328" />
    <UnitTestResult executionId="040ba702-2db2-450b-84a3-52e98ddf3d6e" testId="9b5f9705-0df5-3b21-5e23-e11b68721fd4" testName="ToThrow_Passing_InvalidValue_Returns_ApplicationExceptionWithMessage" computerName="PC-SFERRARI" duration="00:00:00.0005669" startTime="2021-01-07T17:21:26.4549195+00:00" endTime="2021-01-07T17:21:26.4556298+00:00" testType="13cdc9d9-ddb5-4fa4-a97d-d965ccfc6d4b" outcome="Passed" testListId="8c84fa94-04c1-424b-9868-57a2d4851a1d" relativeResultsDirectory="040ba702-2db2-450b-84a3-52e98ddf3d6e" />
    <UnitTestResult executionId="34bbaace-397c-4ba0-a572-cbb251bdb142" testId="6bd61990-78b5-76ea-0df5-0c13c388bdc0" testName="ToWhere_Passing_Null_Predicate_Returns_Same_List" computerName="PC-SFERRARI" duration="00:00:00.0033633" startTime="2021-01-07T17:21:27.2841593+00:00" endTime="2021-01-07T17:21:27.2878371+00:00" testType="13cdc9d9-ddb5-4fa4-a97d-d965ccfc6d4b" outcome="Passed" testListId="8c84fa94-04c1-424b-9868-57a2d4851a1d" relativeResultsDirectory="34bbaace-397c-4ba0-a572-cbb251bdb142" />
    <UnitTestResult executionId="1073cec8-24d0-4e08-b34b-f924f74fde38" testId="cd004a9f-a0f6-2fdf-aeae-1890f4ab8e71" testName="ToHashAlgorithmName_Passing_ValidValueString_Returns_HashAlgorithmName" computerName="PC-SFERRARI" duration="00:00:00.0003090" startTime="2021-01-07T17:21:27.5584911+00:00" endTime="2021-01-07T17:21:27.5589031+00:00" testType="13cdc9d9-ddb5-4fa4-a97d-d965ccfc6d4b" outcome="Passed" testListId="8c84fa94-04c1-424b-9868-57a2d4851a1d" relativeResultsDirectory="1073cec8-24d0-4e08-b34b-f924f74fde38" resultType="DataDrivenTest">
      <InnerResults>
        <UnitTestResult executionId="a47f63dc-c094-4ef8-8b03-5953fa6e747e" parentExecutionId="1073cec8-24d0-4e08-b34b-f924f74fde38" testId="cd004a9f-a0f6-2fdf-aeae-1890f4ab8e71" testName="ToHashAlgorithmName_Passing_ValidValueString_Returns_HashAlgorithmName (MD5)" computerName="PC-SFERRARI" duration="00:00:00.0002653" startTime="2021-01-07T17:21:27.5584911+00:00" endTime="2021-01-07T17:21:27.5589031+00:00" testType="13cdc9d9-ddb5-4fa4-a97d-d965ccfc6d4b" outcome="Passed" testListId="8c84fa94-04c1-424b-9868-57a2d4851a1d" relativeResultsDirectory="a47f63dc-c094-4ef8-8b03-5953fa6e747e" dataRowInfo="1" resultType="DataDrivenDataRow" />
      </InnerResults>
    </UnitTestResult>
    <UnitTestResult executionId="8c81a872-805b-4897-b8bf-12cbd8bc36b3" testId="c63cd623-e636-5730-a1fa-b18ae782acc7" testName="ToInt_Passing_Enumeration_Name_Returns_Description_Atributte" computerName="PC-SFERRARI" duration="00:00:00.0009044" startTime="2021-01-07T17:21:26.8065405+00:00" endTime="2021-01-07T17:21:26.8083558+00:00" testType="13cdc9d9-ddb5-4fa4-a97d-d965ccfc6d4b" outcome="Passed" testListId="8c84fa94-04c1-424b-9868-57a2d4851a1d" relativeResultsDirectory="8c81a872-805b-4897-b8bf-12cbd8bc36b3" />
    <UnitTestResult executionId="1137211e-8107-4bc3-9533-8d9a816d8f70" testId="4184a91b-5297-4872-2a98-1ef97e124515" testName="ToGetAll_Passing_Claims_Returns_Claim_Value_String_List" computerName="PC-SFERRARI" duration="00:00:00.0022864" startTime="2021-01-07T17:21:26.6074477+00:00" endTime="2021-01-07T17:21:26.6099036+00:00" testType="13cdc9d9-ddb5-4fa4-a97d-d965ccfc6d4b" outcome="Passed" testListId="8c84fa94-04c1-424b-9868-57a2d4851a1d" relativeResultsDirectory="1137211e-8107-4bc3-9533-8d9a816d8f70" />
    <UnitTestResult executionId="00367ade-038d-4421-ae5b-15bf3047d76b" testId="c2d3c8df-32e7-92dc-91f8-057e8c4da6b9" testName="ToTomorrow_Passing_DateTime_Returns_Tomorrow_DateTime" computerName="PC-SFERRARI" duration="00:00:00.0001957" startTime="2021-01-07T17:21:26.7917028+00:00" endTime="2021-01-07T17:21:26.7919674+00:00" testType="13cdc9d9-ddb5-4fa4-a97d-d965ccfc6d4b" outcome="Passed" testListId="8c84fa94-04c1-424b-9868-57a2d4851a1d" relativeResultsDirectory="00367ade-038d-4421-ae5b-15bf3047d76b" />
    <UnitTestResult executionId="e01bd953-9351-4aa8-90fe-a9b00dfc00a9" testId="e9d3a3d6-32e0-613e-b55e-48afdf1ab686" testName="ToWhere_Passing_Valid_Predicate_Returns_Filter_List" computerName="PC-SFERRARI" duration="00:00:00.0026266" startTime="2021-01-07T17:21:27.2878931+00:00" endTime="2021-01-07T17:21:27.2907210+00:00" testType="13cdc9d9-ddb5-4fa4-a97d-d965ccfc6d4b" outcome="Passed" testListId="8c84fa94-04c1-424b-9868-57a2d4851a1d" relativeResultsDirectory="e01bd953-9351-4aa8-90fe-a9b00dfc00a9" />
    <UnitTestResult executionId="fa0d8bcc-43ed-4c26-a2ef-774e379fbc91" testId="fcd9a6e3-ee1d-7212-668e-2b0865200d81" testName="IsUniqueChars_Passing_ValidArguments_Returns_HasErrorsAndCount" computerName="PC-SFERRARI" duration="00:00:00.0007754" startTime="2021-01-07T17:21:26.5100046+00:00" endTime="2021-01-07T17:21:26.5109018+00:00" testType="13cdc9d9-ddb5-4fa4-a97d-d965ccfc6d4b" outcome="Passed" testListId="8c84fa94-04c1-424b-9868-57a2d4851a1d" relativeResultsDirectory="fa0d8bcc-43ed-4c26-a2ef-774e379fbc91" />
    <UnitTestResult executionId="2810b1d5-5211-44b1-85d6-12e82abf2abd" testId="e0f7dcd9-f363-be9c-de11-457f6a575bee" testName="ToDefaultValue_Passing_float_Returns_Cero" computerName="PC-SFERRARI" duration="00:00:00.0005684" startTime="2021-01-07T17:21:26.8813362+00:00" endTime="2021-01-07T17:21:26.8820852+00:00" testType="13cdc9d9-ddb5-4fa4-a97d-d965ccfc6d4b" outcome="Passed" testListId="8c84fa94-04c1-424b-9868-57a2d4851a1d" relativeResultsDirectory="2810b1d5-5211-44b1-85d6-12e82abf2abd" resultType="DataDrivenTest">
      <InnerResults>
        <UnitTestResult executionId="37a90e24-20d1-4521-ae5a-5ff0b79857fc" parentExecutionId="2810b1d5-5211-44b1-85d6-12e82abf2abd" testId="e0f7dcd9-f363-be9c-de11-457f6a575bee" testName="ToDefaultValue_Passing_float_Returns_Cero (3,4028235E+38)" computerName="PC-SFERRARI" duration="00:00:00.0004643" startTime="2021-01-07T17:21:26.8813362+00:00" endTime="2021-01-07T17:21:26.8820852+00:00" testType="13cdc9d9-ddb5-4fa4-a97d-d965ccfc6d4b" outcome="Passed" testListId="8c84fa94-04c1-424b-9868-57a2d4851a1d" relativeResultsDirectory="37a90e24-20d1-4521-ae5a-5ff0b79857fc" dataRowInfo="1" resultType="DataDrivenDataRow" />
      </InnerResults>
    </UnitTestResult>
    <UnitTestResult executionId="68a39462-3a79-4997-bac5-05800ba4e483" testId="f8b74494-d277-7173-e694-2a4d463a4607" testName="ToMapList_Passing_Source_Type_And_Destination_Type_Returns_Destination_Object_List" computerName="PC-SFERRARI" duration="00:00:00.0380425" startTime="2021-01-07T17:21:26.0959599+00:00" endTime="2021-01-07T17:21:26.1344704+00:00" testType="13cdc9d9-ddb5-4fa4-a97d-d965ccfc6d4b" outcome="Passed" testListId="8c84fa94-04c1-424b-9868-57a2d4851a1d" relativeResultsDirectory="68a39462-3a79-4997-bac5-05800ba4e483" />
    <UnitTestResult executionId="5973fe54-848f-443f-9e3b-e6a7435be2b7" testId="832c041a-0c55-5788-b9d7-40a6ab6eae94" testName="ResultOkData_WithMessage" computerName="PC-SFERRARI" duration="00:00:00.0037061" startTime="2021-01-07T17:21:27.3647006+00:00" endTime="2021-01-07T17:21:27.3685880+00:00" testType="13cdc9d9-ddb5-4fa4-a97d-d965ccfc6d4b" outcome="Passed" testListId="8c84fa94-04c1-424b-9868-57a2d4851a1d" relativeResultsDirectory="5973fe54-848f-443f-9e3b-e6a7435be2b7" />
    <UnitTestResult executionId="c654d710-c52c-4029-9e4a-f0b0e1264b74" testId="bc15aa99-72de-0e5a-b6e8-2d654659d591" testName="ToUri_Passing_InvalidValueString_Returns_DefaultValue" computerName="PC-SFERRARI" duration="00:00:00.0018047" startTime="2021-01-07T17:21:27.6134416+00:00" endTime="2021-01-07T17:21:27.6154785+00:00" testType="13cdc9d9-ddb5-4fa4-a97d-d965ccfc6d4b" outcome="Passed" testListId="8c84fa94-04c1-424b-9868-57a2d4851a1d" relativeResultsDirectory="c654d710-c52c-4029-9e4a-f0b0e1264b74" resultType="DataDrivenTest">
      <InnerResults>
        <UnitTestResult executionId="ce552035-a6f9-4270-ba54-f33f8fa8cbad" parentExecutionId="c654d710-c52c-4029-9e4a-f0b0e1264b74" testId="bc15aa99-72de-0e5a-b6e8-2d654659d591" testName="ToUri_Passing_InvalidValueString_Returns_DefaultValue (http://?)" computerName="PC-SFERRARI" duration="00:00:00.0013188" startTime="2021-01-07T17:21:27.6134416+00:00" endTime="2021-01-07T17:21:27.6154785+00:00" testType="13cdc9d9-ddb5-4fa4-a97d-d965ccfc6d4b" outcome="Passed" testListId="8c84fa94-04c1-424b-9868-57a2d4851a1d" relativeResultsDirectory="ce552035-a6f9-4270-ba54-f33f8fa8cbad" dataRowInfo="1" resultType="DataDrivenDataRow" />
        <UnitTestResult executionId="00d17667-dbf0-4900-b0fd-d586b70726b5" parentExecutionId="c654d710-c52c-4029-9e4a-f0b0e1264b74" testId="bc15aa99-72de-0e5a-b6e8-2d654659d591" testName="ToUri_Passing_InvalidValueString_Returns_DefaultValue (http://)" computerName="PC-SFERRARI" duration="00:00:00.0001406" startTime="2021-01-07T17:21:27.6134416+00:00" endTime="2021-01-07T17:21:27.6154785+00:00" testType="13cdc9d9-ddb5-4fa4-a97d-d965ccfc6d4b" outcome="Passed" testListId="8c84fa94-04c1-424b-9868-57a2d4851a1d" relativeResultsDirectory="00d17667-dbf0-4900-b0fd-d586b70726b5" dataRowInfo="2" resultType="DataDrivenDataRow" />
        <UnitTestResult executionId="fe494f65-618b-4302-866e-bbce4448497d" parentExecutionId="c654d710-c52c-4029-9e4a-f0b0e1264b74" testId="bc15aa99-72de-0e5a-b6e8-2d654659d591" testName="ToUri_Passing_InvalidValueString_Returns_DefaultValue (http://.)" computerName="PC-SFERRARI" duration="00:00:00.0000440" startTime="2021-01-07T17:21:27.6134416+00:00" endTime="2021-01-07T17:21:27.6154785+00:00" testType="13cdc9d9-ddb5-4fa4-a97d-d965ccfc6d4b" outcome="Passed" testListId="8c84fa94-04c1-424b-9868-57a2d4851a1d" relativeResultsDirectory="fe494f65-618b-4302-866e-bbce4448497d" dataRowInfo="3" resultType="DataDrivenDataRow" />
        <UnitTestResult executionId="ed9a63a0-1c5f-4616-86f2-b473e083d65e" parentExecutionId="c654d710-c52c-4029-9e4a-f0b0e1264b74" testId="bc15aa99-72de-0e5a-b6e8-2d654659d591" testName="ToUri_Passing_InvalidValueString_Returns_DefaultValue (http://..)" computerName="PC-SFERRARI" duration="00:00:00.0000090" startTime="2021-01-07T17:21:27.6134416+00:00" endTime="2021-01-07T17:21:27.6154785+00:00" testType="13cdc9d9-ddb5-4fa4-a97d-d965ccfc6d4b" outcome="Passed" testListId="8c84fa94-04c1-424b-9868-57a2d4851a1d" relativeResultsDirectory="ed9a63a0-1c5f-4616-86f2-b473e083d65e" dataRowInfo="4" resultType="DataDrivenDataRow" />
        <UnitTestResult executionId="74300115-f6ab-413d-a08e-9724a574e3b5" parentExecutionId="c654d710-c52c-4029-9e4a-f0b0e1264b74" testId="bc15aa99-72de-0e5a-b6e8-2d654659d591" testName="ToUri_Passing_InvalidValueString_Returns_DefaultValue (http://../)" computerName="PC-SFERRARI" duration="00:00:00.0000061" startTime="2021-01-07T17:21:27.6134416+00:00" endTime="2021-01-07T17:21:27.6154785+00:00" testType="13cdc9d9-ddb5-4fa4-a97d-d965ccfc6d4b" outcome="Passed" testListId="8c84fa94-04c1-424b-9868-57a2d4851a1d" relativeResultsDirectory="74300115-f6ab-413d-a08e-9724a574e3b5" dataRowInfo="5" resultType="DataDrivenDataRow" />
        <UnitTestResult executionId="f6957c03-3230-4f17-b829-fee6de126e39" parentExecutionId="c654d710-c52c-4029-9e4a-f0b0e1264b74" testId="bc15aa99-72de-0e5a-b6e8-2d654659d591" testName="ToUri_Passing_InvalidValueString_Returns_DefaultValue (http://?)" computerName="PC-SFERRARI" duration="00:00:00.0000056" startTime="2021-01-07T17:21:27.6134416+00:00" endTime="2021-01-07T17:21:27.6154785+00:00" testType="13cdc9d9-ddb5-4fa4-a97d-d965ccfc6d4b" outcome="Passed" testListId="8c84fa94-04c1-424b-9868-57a2d4851a1d" relativeResultsDirectory="f6957c03-3230-4f17-b829-fee6de126e39" dataRowInfo="6" resultType="DataDrivenDataRow" />
        <UnitTestResult executionId="bb968a2f-ab51-4e0d-8460-06402db6ac60" parentExecutionId="c654d710-c52c-4029-9e4a-f0b0e1264b74" testId="bc15aa99-72de-0e5a-b6e8-2d654659d591" testName="ToUri_Passing_InvalidValueString_Returns_DefaultValue (http://??)" computerName="PC-SFERRARI" duration="00:00:00.0000059" startTime="2021-01-07T17:21:27.6134416+00:00" endTime="2021-01-07T17:21:27.6154785+00:00" testType="13cdc9d9-ddb5-4fa4-a97d-d965ccfc6d4b" outcome="Passed" testListId="8c84fa94-04c1-424b-9868-57a2d4851a1d" relativeResultsDirectory="bb968a2f-ab51-4e0d-8460-06402db6ac60" dataRowInfo="7" resultType="DataDrivenDataRow" />
        <UnitTestResult executionId="5bf83b08-6a58-4e57-9579-72163bd1904f" parentExecutionId="c654d710-c52c-4029-9e4a-f0b0e1264b74" testId="bc15aa99-72de-0e5a-b6e8-2d654659d591" testName="ToUri_Passing_InvalidValueString_Returns_DefaultValue (http://??/)" computerName="PC-SFERRARI" duration="00:00:00.0000053" startTime="2021-01-07T17:21:27.6134416+00:00" endTime="2021-01-07T17:21:27.6154785+00:00" testType="13cdc9d9-ddb5-4fa4-a97d-d965ccfc6d4b" outcome="Passed" testListId="8c84fa94-04c1-424b-9868-57a2d4851a1d" relativeResultsDirectory="5bf83b08-6a58-4e57-9579-72163bd1904f" dataRowInfo="8" resultType="DataDrivenDataRow" />
        <UnitTestResult executionId="13523bf6-33e2-443f-9b43-640e791cd66f" parentExecutionId="c654d710-c52c-4029-9e4a-f0b0e1264b74" testId="bc15aa99-72de-0e5a-b6e8-2d654659d591" testName="ToUri_Passing_InvalidValueString_Returns_DefaultValue (http://#)" computerName="PC-SFERRARI" duration="00:00:00.0000052" startTime="2021-01-07T17:21:27.6134416+00:00" endTime="2021-01-07T17:21:27.6154785+00:00" testType="13cdc9d9-ddb5-4fa4-a97d-d965ccfc6d4b" outcome="Passed" testListId="8c84fa94-04c1-424b-9868-57a2d4851a1d" relativeResultsDirectory="13523bf6-33e2-443f-9b43-640e791cd66f" dataRowInfo="9" resultType="DataDrivenDataRow" />
        <UnitTestResult executionId="2c8557df-e157-4a4b-82d5-28f03d35cdc6" parentExecutionId="c654d710-c52c-4029-9e4a-f0b0e1264b74" testId="bc15aa99-72de-0e5a-b6e8-2d654659d591" testName="ToUri_Passing_InvalidValueString_Returns_DefaultValue (http://##)" computerName="PC-SFERRARI" duration="00:00:00.0000124" startTime="2021-01-07T17:21:27.6134416+00:00" endTime="2021-01-07T17:21:27.6154785+00:00" testType="13cdc9d9-ddb5-4fa4-a97d-d965ccfc6d4b" outcome="Passed" testListId="8c84fa94-04c1-424b-9868-57a2d4851a1d" relativeResultsDirectory="2c8557df-e157-4a4b-82d5-28f03d35cdc6" dataRowInfo="10" resultType="DataDrivenDataRow" />
        <UnitTestResult executionId="c07f3d50-94ef-414e-aa5e-cdbfec8a5801" parentExecutionId="c654d710-c52c-4029-9e4a-f0b0e1264b74" testId="bc15aa99-72de-0e5a-b6e8-2d654659d591" testName="ToUri_Passing_InvalidValueString_Returns_DefaultValue (http://##/)" computerName="PC-SFERRARI" duration="00:00:00.0000052" startTime="2021-01-07T17:21:27.6134416+00:00" endTime="2021-01-07T17:21:27.6154785+00:00" testType="13cdc9d9-ddb5-4fa4-a97d-d965ccfc6d4b" outcome="Passed" testListId="8c84fa94-04c1-424b-9868-57a2d4851a1d" relativeResultsDirectory="c07f3d50-94ef-414e-aa5e-cdbfec8a5801" dataRowInfo="11" resultType="DataDrivenDataRow" />
      </InnerResults>
    </UnitTestResult>
    <UnitTestResult executionId="4582fef3-1637-4bdb-b6fe-b3716fa337a7" testId="7daaba64-d3ad-9109-43bf-bdb516b673b8" testName="ToDirectoryFileInfo_Passing_ValidValue_Returns_FileInfo" computerName="PC-SFERRARI" duration="00:00:00.0135498" startTime="2021-01-07T17:21:27.3983927+00:00" endTime="2021-01-07T17:21:27.4121563+00:00" testType="13cdc9d9-ddb5-4fa4-a97d-d965ccfc6d4b" outcome="Passed" testListId="8c84fa94-04c1-424b-9868-57a2d4851a1d" relativeResultsDirectory="4582fef3-1637-4bdb-b6fe-b3716fa337a7" />
    <UnitTestResult executionId="d0483078-3618-443b-9af3-9294510dcc04" testId="aaa46586-7b83-9a88-e835-ae92592f98a3" testName="ToList_Passing_ValidEnumTypeWithResourceType_Returns_ValuesList" computerName="PC-SFERRARI" duration="00:00:00.0107886" startTime="2021-01-07T17:21:26.8114235+00:00" endTime="2021-01-07T17:21:26.8223964+00:00" testType="13cdc9d9-ddb5-4fa4-a97d-d965ccfc6d4b" outcome="Passed" testListId="8c84fa94-04c1-424b-9868-57a2d4851a1d" relativeResultsDirectory="d0483078-3618-443b-9af3-9294510dcc04" />
    <UnitTestResult executionId="e5a1047a-417d-4346-b1f3-d6e8e63e2091" testId="f752d50b-77fa-327a-4493-168161bd27b2" testName="ToDefaultValue_Passing_double_Returns_Cero" computerName="PC-SFERRARI" duration="00:00:00.0012433" startTime="2021-01-07T17:21:26.8798800+00:00" endTime="2021-01-07T17:21:26.8812527+00:00" testType="13cdc9d9-ddb5-4fa4-a97d-d965ccfc6d4b" outcome="Passed" testListId="8c84fa94-04c1-424b-9868-57a2d4851a1d" relativeResultsDirectory="e5a1047a-417d-4346-b1f3-d6e8e63e2091" resultType="DataDrivenTest">
      <InnerResults>
        <UnitTestResult executionId="eeb26be1-1590-43c7-9d44-4a6fd15efec5" parentExecutionId="e5a1047a-417d-4346-b1f3-d6e8e63e2091" testId="f752d50b-77fa-327a-4493-168161bd27b2" testName="ToDefaultValue_Passing_double_Returns_Cero (1,7976931348623157E+308)" computerName="PC-SFERRARI" duration="00:00:00.0003845" startTime="2021-01-07T17:21:26.8798800+00:00" endTime="2021-01-07T17:21:26.8812527+00:00" testType="13cdc9d9-ddb5-4fa4-a97d-d965ccfc6d4b" outcome="Passed" testListId="8c84fa94-04c1-424b-9868-57a2d4851a1d" relativeResultsDirectory="eeb26be1-1590-43c7-9d44-4a6fd15efec5" dataRowInfo="1" resultType="DataDrivenDataRow" />
      </InnerResults>
    </UnitTestResult>
    <UnitTestResult executionId="2e0c1d2e-4a7d-4736-8703-655c785e7e69" testId="447ced0a-6221-43ff-44ab-4ee12ee4d012" testName="IsDomain_Passing_ValidArguments_Returns_HasErrorsAndCount" computerName="PC-SFERRARI" duration="00:00:00.0003415" startTime="2021-01-07T17:21:26.4769671+00:00" endTime="2021-01-07T17:21:26.4774564+00:00" testType="13cdc9d9-ddb5-4fa4-a97d-d965ccfc6d4b" outcome="Passed" testListId="8c84fa94-04c1-424b-9868-57a2d4851a1d" relativeResultsDirectory="2e0c1d2e-4a7d-4736-8703-655c785e7e69" />
    <UnitTestResult executionId="b0d54e7d-68fa-4ab9-b65e-670d6657e0d7" testId="a95f665c-aa8d-208d-902c-60a464250c99" testName="ToDefaultValue_Passing_ValidBoolean_Returns_DefaultValue" computerName="PC-SFERRARI" duration="00:00:00.0010667" startTime="2021-01-07T17:21:28.1027815+00:00" endTime="2021-01-07T17:21:28.1042387+00:00" testType="13cdc9d9-ddb5-4fa4-a97d-d965ccfc6d4b" outcome="Passed" testListId="8c84fa94-04c1-424b-9868-57a2d4851a1d" relativeResultsDirectory="b0d54e7d-68fa-4ab9-b65e-670d6657e0d7" />
    <UnitTestResult executionId="bd71322e-ab0a-4eda-bcf6-2ab1beda7f5f" testId="0df69eaf-b001-71ae-6cf8-f9c5860f7c4c" testName="ToIsFileThrow_Passing_InvalidValue_Returns_ApplicationExceptionWithMessage" computerName="PC-SFERRARI" duration="00:00:00.0012549" startTime="2021-01-07T17:21:26.4373024+00:00" endTime="2021-01-07T17:21:26.4386787+00:00" testType="13cdc9d9-ddb5-4fa4-a97d-d965ccfc6d4b" outcome="Passed" testListId="8c84fa94-04c1-424b-9868-57a2d4851a1d" relativeResultsDirectory="bd71322e-ab0a-4eda-bcf6-2ab1beda7f5f" />
    <UnitTestResult executionId="3a0e7164-6296-4500-8b67-aa517959a5aa" testId="1577c538-d1be-5b59-2b09-8e59b0be5fcd" testName="ToSettings_Passing_Values_From_AppSettingsFile_Returns_Settings" computerName="PC-SFERRARI" duration="00:00:00.0473910" startTime="2021-01-07T17:21:26.7357249+00:00" endTime="2021-01-07T17:21:26.7832133+00:00" testType="13cdc9d9-ddb5-4fa4-a97d-d965ccfc6d4b" outcome="Passed" testListId="8c84fa94-04c1-424b-9868-57a2d4851a1d" relativeResultsDirectory="3a0e7164-6296-4500-8b67-aa517959a5aa" />
    <UnitTestResult executionId="d445dc20-a5ac-4112-8c4d-ea67a438b46a" testId="c14c626b-0f15-ac55-344d-8aa2c3f91cdf" testName="ToZipCreate_Passing_ValidFiles_Returns_ZipFiles" computerName="PC-SFERRARI" duration="00:00:00.0411161" startTime="2021-01-07T17:21:27.7220697+00:00" endTime="2021-01-07T17:21:27.7643409+00:00" testType="13cdc9d9-ddb5-4fa4-a97d-d965ccfc6d4b" outcome="Passed" testListId="8c84fa94-04c1-424b-9868-57a2d4851a1d" relativeResultsDirectory="d445dc20-a5ac-4112-8c4d-ea67a438b46a" />
    <UnitTestResult executionId="54d59387-a995-4ccc-b73c-064e1fdf9a2d" testId="cf950ab2-9fe4-ec30-43b4-2f3a99b5167d" testName="CreateAndVerifySHA256_Passing_Valid_Arguments_Returns_True" computerName="PC-SFERRARI" duration="00:00:00.0099244" startTime="2021-01-07T17:21:26.9142800+00:00" endTime="2021-01-07T17:21:26.9245973+00:00" testType="13cdc9d9-ddb5-4fa4-a97d-d965ccfc6d4b" outcome="Passed" testListId="8c84fa94-04c1-424b-9868-57a2d4851a1d" relativeResultsDirectory="54d59387-a995-4ccc-b73c-064e1fdf9a2d" resultType="DataDrivenTest">
      <InnerResults>
        <UnitTestResult executionId="5a83f9e6-5eed-40e8-9ac8-2dcb6e03233c" parentExecutionId="54d59387-a995-4ccc-b73c-064e1fdf9a2d" testId="cf950ab2-9fe4-ec30-43b4-2f3a99b5167d" testName="CreateAndVerifySHA256_Passing_Valid_Arguments_Returns_True (Password)" computerName="PC-SFERRARI" duration="00:00:00.0085750" startTime="2021-01-07T17:21:26.9142800+00:00" endTime="2021-01-07T17:21:26.9245973+00:00" testType="13cdc9d9-ddb5-4fa4-a97d-d965ccfc6d4b" outcome="Passed" testListId="8c84fa94-04c1-424b-9868-57a2d4851a1d" relativeResultsDirectory="5a83f9e6-5eed-40e8-9ac8-2dcb6e03233c" dataRowInfo="1" resultType="DataDrivenDataRow" />
        <UnitTestResult executionId="7009c8f1-3154-4407-8429-f8bf79d65126" parentExecutionId="54d59387-a995-4ccc-b73c-064e1fdf9a2d" testId="cf950ab2-9fe4-ec30-43b4-2f3a99b5167d" testName="CreateAndVerifySHA256_Passing_Valid_Arguments_Returns_True (HashTests)" computerName="PC-SFERRARI" duration="00:00:00.0000954" startTime="2021-01-07T17:21:26.9142800+00:00" endTime="2021-01-07T17:21:26.9245973+00:00" testType="13cdc9d9-ddb5-4fa4-a97d-d965ccfc6d4b" outcome="Passed" testListId="8c84fa94-04c1-424b-9868-57a2d4851a1d" relativeResultsDirectory="7009c8f1-3154-4407-8429-f8bf79d65126" dataRowInfo="2" resultType="DataDrivenDataRow" />
        <UnitTestResult executionId="45f04156-7d7d-4a98-8283-0130731851ec" parentExecutionId="54d59387-a995-4ccc-b73c-064e1fdf9a2d" testId="cf950ab2-9fe4-ec30-43b4-2f3a99b5167d" testName="CreateAndVerifySHA256_Passing_Valid_Arguments_Returns_True (sdlfkjldsfksdfñl·%$·&amp;$/U&amp;/)(&amp;()?=)¿?^P*^PÑL,.,.lñ´ñ+98098'098098)" computerName="PC-SFERRARI" duration="00:00:00.0002050" startTime="2021-01-07T17:21:26.9142800+00:00" endTime="2021-01-07T17:21:26.9245973+00:00" testType="13cdc9d9-ddb5-4fa4-a97d-d965ccfc6d4b" outcome="Passed" testListId="8c84fa94-04c1-424b-9868-57a2d4851a1d" relativeResultsDirectory="45f04156-7d7d-4a98-8283-0130731851ec" dataRowInfo="3" resultType="DataDrivenDataRow" />
      </InnerResults>
    </UnitTestResult>
    <UnitTestResult executionId="3d51045d-fe0b-4c83-b285-33989f680dc9" testId="04084e8e-c859-4ef5-e2a7-4fb2803cb2a3" testName="ToReplace_Passing_ValidValue_Returns_ReplacedValue" computerName="PC-SFERRARI" duration="00:00:00.0008829" startTime="2021-01-07T17:21:27.6038800+00:00" endTime="2021-01-07T17:21:27.6049743+00:00" testType="13cdc9d9-ddb5-4fa4-a97d-d965ccfc6d4b" outcome="Passed" testListId="8c84fa94-04c1-424b-9868-57a2d4851a1d" relativeResultsDirectory="3d51045d-fe0b-4c83-b285-33989f680dc9" resultType="DataDrivenTest">
      <InnerResults>
        <UnitTestResult executionId="15e07419-84c8-4b0d-8eee-24a762898de1" parentExecutionId="3d51045d-fe0b-4c83-b285-33989f680dc9" testId="04084e8e-c859-4ef5-e2a7-4fb2803cb2a3" testName="ToReplace_Passing_ValidValue_Returns_ReplacedValue (aeiou,*,0,1,*eiou)" computerName="PC-SFERRARI" duration="00:00:00.0006113" startTime="2021-01-07T17:21:27.6038800+00:00" endTime="2021-01-07T17:21:27.6049743+00:00" testType="13cdc9d9-ddb5-4fa4-a97d-d965ccfc6d4b" outcome="Passed" testListId="8c84fa94-04c1-424b-9868-57a2d4851a1d" relativeResultsDirectory="15e07419-84c8-4b0d-8eee-24a762898de1" dataRowInfo="1" resultType="DataDrivenDataRow" />
        <UnitTestResult executionId="1da3d480-2f05-4025-9a06-d14fb9a6acc2" parentExecutionId="3d51045d-fe0b-4c83-b285-33989f680dc9" testId="04084e8e-c859-4ef5-e2a7-4fb2803cb2a3" testName="ToReplace_Passing_ValidValue_Returns_ReplacedValue (aeiou,*,0,2,**iou)" computerName="PC-SFERRARI" duration="00:00:00.0000126" startTime="2021-01-07T17:21:27.6038800+00:00" endTime="2021-01-07T17:21:27.6049743+00:00" testType="13cdc9d9-ddb5-4fa4-a97d-d965ccfc6d4b" outcome="Passed" testListId="8c84fa94-04c1-424b-9868-57a2d4851a1d" relativeResultsDirectory="1da3d480-2f05-4025-9a06-d14fb9a6acc2" dataRowInfo="2" resultType="DataDrivenDataRow" />
        <UnitTestResult executionId="da8d4cb7-4e0a-4c85-a9bb-3e8cdadeb4d9" parentExecutionId="3d51045d-fe0b-4c83-b285-33989f680dc9" testId="04084e8e-c859-4ef5-e2a7-4fb2803cb2a3" testName="ToReplace_Passing_ValidValue_Returns_ReplacedValue (aeiou,*,0,3,***ou)" computerName="PC-SFERRARI" duration="00:00:00.0000049" startTime="2021-01-07T17:21:27.6038800+00:00" endTime="2021-01-07T17:21:27.6049743+00:00" testType="13cdc9d9-ddb5-4fa4-a97d-d965ccfc6d4b" outcome="Passed" testListId="8c84fa94-04c1-424b-9868-57a2d4851a1d" relativeResultsDirectory="da8d4cb7-4e0a-4c85-a9bb-3e8cdadeb4d9" dataRowInfo="3" resultType="DataDrivenDataRow" />
        <UnitTestResult executionId="0d644dc5-09c9-49ad-8505-25e765bdc6cb" parentExecutionId="3d51045d-fe0b-4c83-b285-33989f680dc9" testId="04084e8e-c859-4ef5-e2a7-4fb2803cb2a3" testName="ToReplace_Passing_ValidValue_Returns_ReplacedValue (aeiou,*,0,4,****u)" computerName="PC-SFERRARI" duration="00:00:00.0000043" startTime="2021-01-07T17:21:27.6038800+00:00" endTime="2021-01-07T17:21:27.6049743+00:00" testType="13cdc9d9-ddb5-4fa4-a97d-d965ccfc6d4b" outcome="Passed" testListId="8c84fa94-04c1-424b-9868-57a2d4851a1d" relativeResultsDirectory="0d644dc5-09c9-49ad-8505-25e765bdc6cb" dataRowInfo="4" resultType="DataDrivenDataRow" />
        <UnitTestResult executionId="08ee6eea-d033-4304-9abb-881665978bb3" parentExecutionId="3d51045d-fe0b-4c83-b285-33989f680dc9" testId="04084e8e-c859-4ef5-e2a7-4fb2803cb2a3" testName="ToReplace_Passing_ValidValue_Returns_ReplacedValue (aeiou,*,0,5,*****)" computerName="PC-SFERRARI" duration="00:00:00.0000052" startTime="2021-01-07T17:21:27.6038800+00:00" endTime="2021-01-07T17:21:27.6049743+00:00" testType="13cdc9d9-ddb5-4fa4-a97d-d965ccfc6d4b" outcome="Passed" testListId="8c84fa94-04c1-424b-9868-57a2d4851a1d" relativeResultsDirectory="08ee6eea-d033-4304-9abb-881665978bb3" dataRowInfo="5" resultType="DataDrivenDataRow" />
        <UnitTestResult executionId="0e9c5e45-f5e9-45b3-9749-f4dd99b22732" parentExecutionId="3d51045d-fe0b-4c83-b285-33989f680dc9" testId="04084e8e-c859-4ef5-e2a7-4fb2803cb2a3" testName="ToReplace_Passing_ValidValue_Returns_ReplacedValue (aeiou,*,2,1,ae*ou)" computerName="PC-SFERRARI" duration="00:00:00.0000042" startTime="2021-01-07T17:21:27.6038800+00:00" endTime="2021-01-07T17:21:27.6049743+00:00" testType="13cdc9d9-ddb5-4fa4-a97d-d965ccfc6d4b" outcome="Passed" testListId="8c84fa94-04c1-424b-9868-57a2d4851a1d" relativeResultsDirectory="0e9c5e45-f5e9-45b3-9749-f4dd99b22732" dataRowInfo="6" resultType="DataDrivenDataRow" />
        <UnitTestResult executionId="dc107f4c-10d8-4de0-bff9-8597f5ef2267" parentExecutionId="3d51045d-fe0b-4c83-b285-33989f680dc9" testId="04084e8e-c859-4ef5-e2a7-4fb2803cb2a3" testName="ToReplace_Passing_ValidValue_Returns_ReplacedValue (aeiou,*,2,2,ae**u)" computerName="PC-SFERRARI" duration="00:00:00.0000037" startTime="2021-01-07T17:21:27.6038800+00:00" endTime="2021-01-07T17:21:27.6049743+00:00" testType="13cdc9d9-ddb5-4fa4-a97d-d965ccfc6d4b" outcome="Passed" testListId="8c84fa94-04c1-424b-9868-57a2d4851a1d" relativeResultsDirectory="dc107f4c-10d8-4de0-bff9-8597f5ef2267" dataRowInfo="7" resultType="DataDrivenDataRow" />
      </InnerResults>
    </UnitTestResult>
    <UnitTestResult executionId="57180eb8-281f-4b75-b641-2d0de7a595b1" testId="605637df-9854-875b-b3aa-6675f3fbd045" testName="ToEnum_Passing_ValidValue_String_Returns_EnumValue" computerName="PC-SFERRARI" duration="00:00:00.0001638" startTime="2021-01-07T17:21:27.5307114+00:00" endTime="2021-01-07T17:21:27.5309917+00:00" testType="13cdc9d9-ddb5-4fa4-a97d-d965ccfc6d4b" outcome="Passed" testListId="8c84fa94-04c1-424b-9868-57a2d4851a1d" relativeResultsDirectory="57180eb8-281f-4b75-b641-2d0de7a595b1" />
    <UnitTestResult executionId="51aea480-650b-4057-bb76-bac5eb0d7cee" testId="006d3c07-11d3-9f4b-c045-6799df52bbfb" testName="IsLowercase_Passing_ValidArguments_Returns_HasErrorsAndCount" computerName="PC-SFERRARI" duration="00:00:00.0001536" startTime="2021-01-07T17:21:26.4938398+00:00" endTime="2021-01-07T17:21:26.4940668+00:00" testType="13cdc9d9-ddb5-4fa4-a97d-d965ccfc6d4b" outcome="Passed" testListId="8c84fa94-04c1-424b-9868-57a2d4851a1d" relativeResultsDirectory="51aea480-650b-4057-bb76-bac5eb0d7cee" />
    <UnitTestResult executionId="91b7c3b6-1b0c-4005-ae8f-5895bbb664f8" testId="f2debf4a-2a42-7b0b-1005-8f74a6fc63cb" testName="IsSubdomain_Passing_InvalidArguments_Returns_HasErrorsAndCount" computerName="PC-SFERRARI" duration="00:00:00.0002544" startTime="2021-01-07T17:21:26.5027954+00:00" endTime="2021-01-07T17:21:26.5031647+00:00" testType="13cdc9d9-ddb5-4fa4-a97d-d965ccfc6d4b" outcome="Passed" testListId="8c84fa94-04c1-424b-9868-57a2d4851a1d" relativeResultsDirectory="91b7c3b6-1b0c-4005-ae8f-5895bbb664f8" />
    <UnitTestResult executionId="1914eebe-1485-4981-aa2a-fab1a7c92eae" testId="34e0940c-fc9c-71db-fc18-7d52ee8761a0" testName="ToAuthenticationType_Passing_Claims_Returns_Null" computerName="PC-SFERRARI" duration="00:00:00.0005523" startTime="2021-01-07T17:21:26.5628017+00:00" endTime="2021-01-07T17:21:26.5634726+00:00" testType="13cdc9d9-ddb5-4fa4-a97d-d965ccfc6d4b" outcome="Passed" testListId="8c84fa94-04c1-424b-9868-57a2d4851a1d" relativeResultsDirectory="1914eebe-1485-4981-aa2a-fab1a7c92eae" />
    <UnitTestResult executionId="753a30cf-f751-468c-927a-3800d041c435" testId="e37f41d3-77a8-1acd-c258-fbb5b724b134" testName="ToDefaultValue_Passing_ValidInt_Returns_DefaultValue" computerName="PC-SFERRARI" duration="00:00:00.0001831" startTime="2021-01-07T17:21:28.1048868+00:00" endTime="2021-01-07T17:21:28.1051776+00:00" testType="13cdc9d9-ddb5-4fa4-a97d-d965ccfc6d4b" outcome="Passed" testListId="8c84fa94-04c1-424b-9868-57a2d4851a1d" relativeResultsDirectory="753a30cf-f751-468c-927a-3800d041c435" />
    <UnitTestResult executionId="2d3abb4c-e226-4e14-ab3f-9a70551bfb68" testId="ee30e1f9-ce80-c70a-1b56-b7e02750ae26" testName="IsDirectory_Passing_InvalidArguments_Returns_HasErrorsAndCount" computerName="PC-SFERRARI" duration="00:00:00.0002352" startTime="2021-01-07T17:21:26.4675545+00:00" endTime="2021-01-07T17:21:26.4678604+00:00" testType="13cdc9d9-ddb5-4fa4-a97d-d965ccfc6d4b" outcome="Passed" testListId="8c84fa94-04c1-424b-9868-57a2d4851a1d" relativeResultsDirectory="2d3abb4c-e226-4e14-ab3f-9a70551bfb68" />
    <UnitTestResult executionId="7c40ccd8-a57e-4542-852b-621d28c4eec7" testId="9d64a285-266d-52de-ef34-34102f8ad12c" testName="IsEspecialChars_Passing_InvalidArguments_Returns_HasErrorsAndCount" computerName="PC-SFERRARI" duration="00:00:00.0006006" startTime="2021-01-07T17:21:26.4785265+00:00" endTime="2021-01-07T17:21:26.4792041+00:00" testType="13cdc9d9-ddb5-4fa4-a97d-d965ccfc6d4b" outcome="Passed" testListId="8c84fa94-04c1-424b-9868-57a2d4851a1d" relativeResultsDirectory="7c40ccd8-a57e-4542-852b-621d28c4eec7" />
    <UnitTestResult executionId="f26a2b7d-5bf1-4d9e-a0ea-61b8b9664e98" testId="e49703c6-0bb9-fe86-2e5f-45cef1e3759b" testName="ResultError_WithTitle_WithStatusCode_WithMessage_WithDetails_WithExceptionType_WithModelErrors" computerName="PC-SFERRARI" duration="00:00:00.0038906" startTime="2021-01-07T17:21:27.3512769+00:00" endTime="2021-01-07T17:21:27.3552775+00:00" testType="13cdc9d9-ddb5-4fa4-a97d-d965ccfc6d4b" outcome="Passed" testListId="8c84fa94-04c1-424b-9868-57a2d4851a1d" relativeResultsDirectory="f26a2b7d-5bf1-4d9e-a0ea-61b8b9664e98" />
    <UnitTestResult executionId="76dd6f71-87ca-47f8-9e7e-dfd699ed0cda" testId="71a1897b-b713-c047-1c23-5efdff095b20" testName="ToMapUpdate_Passing_Destination_Object_Returns_Updated_Destination_Object" computerName="PC-SFERRARI" duration="00:00:00.0030413" startTime="2021-01-07T17:21:26.1544423+00:00" endTime="2021-01-07T17:21:26.1575723+00:00" testType="13cdc9d9-ddb5-4fa4-a97d-d965ccfc6d4b" outcome="Passed" testListId="8c84fa94-04c1-424b-9868-57a2d4851a1d" relativeResultsDirectory="76dd6f71-87ca-47f8-9e7e-dfd699ed0cda" />
    <UnitTestResult executionId="b58a40ab-b4c2-41fd-9245-da79c425eb2e" testId="8a5cc6e0-e73e-2131-64bd-e73fc6c2a32e" testName="IsRange_Passing_InvalidArguments_Returns_HasErrorsAndCount" computerName="PC-SFERRARI" duration="00:00:00.0008462" startTime="2021-01-07T17:21:26.4981627+00:00" endTime="2021-01-07T17:21:26.4991171+00:00" testType="13cdc9d9-ddb5-4fa4-a97d-d965ccfc6d4b" outcome="Passed" testListId="8c84fa94-04c1-424b-9868-57a2d4851a1d" relativeResultsDirectory="b58a40ab-b4c2-41fd-9245-da79c425eb2e" />
    <UnitTestResult executionId="bbc19741-9b39-4ec1-b0ed-390554e1f1f7" testId="313cfb2c-8c3b-337b-12f8-296f8611376d" testName="ToConfigureOrDefault_Passing_ActionCustomValues_Returns_CustomValues" computerName="PC-SFERRARI" duration="00:00:00.0095152" startTime="2021-01-07T17:21:25.7363566+00:00" endTime="2021-01-07T17:21:25.8203208+00:00" testType="13cdc9d9-ddb5-4fa4-a97d-d965ccfc6d4b" outcome="Passed" testListId="8c84fa94-04c1-424b-9868-57a2d4851a1d" relativeResultsDirectory="bbc19741-9b39-4ec1-b0ed-390554e1f1f7" />
    <UnitTestResult executionId="519c9a66-3a4b-4672-89af-29653129fa8b" testId="118e36ba-6572-1245-e05b-9bcc7b4e5e20" testName="ToBytes_Passing_Object_Returns_Bytes" computerName="PC-SFERRARI" duration="00:00:00.0014533" startTime="2021-01-07T17:21:26.8533195+00:00" endTime="2021-01-07T17:21:26.8551861+00:00" testType="13cdc9d9-ddb5-4fa4-a97d-d965ccfc6d4b" outcome="Passed" testListId="8c84fa94-04c1-424b-9868-57a2d4851a1d" relativeResultsDirectory="519c9a66-3a4b-4672-89af-29653129fa8b" />
    <UnitTestResult executionId="f8d95194-5694-41bc-95b2-50310d5268d9" testId="47f3e733-f069-b79f-9f6d-7c11fc368663" testName="ToDefaultValue_Passing_ushort_Returns_Cero" computerName="PC-SFERRARI" duration="00:00:00.0003906" startTime="2021-01-07T17:21:26.9077792+00:00" endTime="2021-01-07T17:21:26.9082722+00:00" testType="13cdc9d9-ddb5-4fa4-a97d-d965ccfc6d4b" outcome="Passed" testListId="8c84fa94-04c1-424b-9868-57a2d4851a1d" relativeResultsDirectory="f8d95194-5694-41bc-95b2-50310d5268d9" resultType="DataDrivenTest">
      <InnerResults>
        <UnitTestResult executionId="fdabc4e6-62ee-4562-8b52-86a4fa3fe22d" parentExecutionId="f8d95194-5694-41bc-95b2-50310d5268d9" testId="47f3e733-f069-b79f-9f6d-7c11fc368663" testName="ToDefaultValue_Passing_ushort_Returns_Cero (65535)" computerName="PC-SFERRARI" duration="00:00:00.0003366" startTime="2021-01-07T17:21:26.9077792+00:00" endTime="2021-01-07T17:21:26.9082722+00:00" testType="13cdc9d9-ddb5-4fa4-a97d-d965ccfc6d4b" outcome="Passed" testListId="8c84fa94-04c1-424b-9868-57a2d4851a1d" relativeResultsDirectory="fdabc4e6-62ee-4562-8b52-86a4fa3fe22d" dataRowInfo="1" resultType="DataDrivenDataRow" />
      </InnerResults>
    </UnitTestResult>
    <UnitTestResult executionId="0d495fb0-37c8-4506-94e3-d90b65d9b8b8" testId="31ff6168-d18d-0013-7c18-0ff775714202" testName="ToEnum_Passing_InvalidValueString_Returns_EnumDefaultValue" computerName="PC-SFERRARI" duration="00:00:00.0001825" startTime="2021-01-07T17:21:27.5243187+00:00" endTime="2021-01-07T17:21:27.5246910+00:00" testType="13cdc9d9-ddb5-4fa4-a97d-d965ccfc6d4b" outcome="Passed" testListId="8c84fa94-04c1-424b-9868-57a2d4851a1d" relativeResultsDirectory="0d495fb0-37c8-4506-94e3-d90b65d9b8b8" />
    <UnitTestResult executionId="769bd8d9-c015-4e65-99d7-ebabd3e71663" testId="db5f34ff-df7c-44e5-6721-c319db8d6da0" testName="ToTryGetHeader_Passing_HttpRequest_Header_Many_Values_Returns_Values" computerName="PC-SFERRARI" duration="00:00:00.0005349" startTime="2021-01-07T17:21:27.0718525+00:00" endTime="2021-01-07T17:21:27.0724739+00:00" testType="13cdc9d9-ddb5-4fa4-a97d-d965ccfc6d4b" outcome="Passed" testListId="8c84fa94-04c1-424b-9868-57a2d4851a1d" relativeResultsDirectory="769bd8d9-c015-4e65-99d7-ebabd3e71663" />
    <UnitTestResult executionId="c9d008c4-9851-44e0-b152-2b4dbbec1b5c" testId="2e87c537-4979-f58b-6e83-f3d4ee161ff1" testName="ToGetAll_Passing_Claims_Returns_Claim_Value_Object_List" computerName="PC-SFERRARI" duration="00:00:00.0228343" startTime="2021-01-07T17:21:26.5844115+00:00" endTime="2021-01-07T17:21:26.6074128+00:00" testType="13cdc9d9-ddb5-4fa4-a97d-d965ccfc6d4b" outcome="Passed" testListId="8c84fa94-04c1-424b-9868-57a2d4851a1d" relativeResultsDirectory="c9d008c4-9851-44e0-b152-2b4dbbec1b5c" />
    <UnitTestResult executionId="ecead0c8-ac7b-4f28-8cd5-5da423c0befe" testId="a4956cd8-34a7-6fca-5b71-6eb98cedd9b0" testName="ToEndOfTheMonth_Passing_DateTime_Returns_End_Of_Month_DateTime" computerName="PC-SFERRARI" duration="00:00:00.0006945" startTime="2021-01-07T17:21:26.7858735+00:00" endTime="2021-01-07T17:21:26.7866587+00:00" testType="13cdc9d9-ddb5-4fa4-a97d-d965ccfc6d4b" outcome="Passed" testListId="8c84fa94-04c1-424b-9868-57a2d4851a1d" relativeResultsDirectory="ecead0c8-ac7b-4f28-8cd5-5da423c0befe" />
    <UnitTestResult executionId="f4884f9e-79d8-4a68-bbc2-7d3c847ad038" testId="0d35441f-72fe-a777-509f-6a19632f972a" testName="ToMessage_Passing_ExceptionWithMessageWithInnerException_Returns_MessageAndInnerException" computerName="PC-SFERRARI" duration="00:00:00.0004853" startTime="2021-01-07T17:21:26.8519938+00:00" endTime="2021-01-07T17:21:26.8526836+00:00" testType="13cdc9d9-ddb5-4fa4-a97d-d965ccfc6d4b" outcome="Passed" testListId="8c84fa94-04c1-424b-9868-57a2d4851a1d" relativeResultsDirectory="f4884f9e-79d8-4a68-bbc2-7d3c847ad038" />
    <UnitTestResult executionId="96900050-c769-4c44-b569-8d6d0d7c6de1" testId="29112d2a-2e73-305d-ec50-12fc95c28627" testName="ToReplaceSpecialChars_Passing_ValidValue_Returns_ReplacedValueWithoutIgnoreSpecialChars" computerName="PC-SFERRARI" duration="00:00:00.0006027" startTime="2021-01-07T17:21:27.5990270+00:00" endTime="2021-01-07T17:21:27.5997879+00:00" testType="13cdc9d9-ddb5-4fa4-a97d-d965ccfc6d4b" outcome="Passed" testListId="8c84fa94-04c1-424b-9868-57a2d4851a1d" relativeResultsDirectory="96900050-c769-4c44-b569-8d6d0d7c6de1" resultType="DataDrivenTest">
      <InnerResults>
        <UnitTestResult executionId="da0499ac-a5c8-4976-8c13-e397cc7043e4" parentExecutionId="96900050-c769-4c44-b569-8d6d0d7c6de1" testId="29112d2a-2e73-305d-ec50-12fc95c28627" testName="ToReplaceSpecialChars_Passing_ValidValue_Returns_ReplacedValueWithoutIgnoreSpecialChars (àáäâãøçħ,aaaaaoch)" computerName="PC-SFERRARI" duration="00:00:00.0002285" startTime="2021-01-07T17:21:27.5990270+00:00" endTime="2021-01-07T17:21:27.5997879+00:00" testType="13cdc9d9-ddb5-4fa4-a97d-d965ccfc6d4b" outcome="Passed" testListId="8c84fa94-04c1-424b-9868-57a2d4851a1d" relativeResultsDirectory="da0499ac-a5c8-4976-8c13-e397cc7043e4" dataRowInfo="1" resultType="DataDrivenDataRow" />
        <UnitTestResult executionId="b142d49b-9f98-48fa-923c-037a3fdf2a18" parentExecutionId="96900050-c769-4c44-b569-8d6d0d7c6de1" testId="29112d2a-2e73-305d-ec50-12fc95c28627" testName="ToReplaceSpecialChars_Passing_ValidValue_Returns_ReplacedValueWithoutIgnoreSpecialChars ( àáäâ ãøçħ , aaaa aoch )" computerName="PC-SFERRARI" duration="00:00:00.0000247" startTime="2021-01-07T17:21:27.5990270+00:00" endTime="2021-01-07T17:21:27.5997879+00:00" testType="13cdc9d9-ddb5-4fa4-a97d-d965ccfc6d4b" outcome="Passed" testListId="8c84fa94-04c1-424b-9868-57a2d4851a1d" relativeResultsDirectory="b142d49b-9f98-48fa-923c-037a3fdf2a18" dataRowInfo="2" resultType="DataDrivenDataRow" />
        <UnitTestResult executionId="b0022081-1567-4839-9e40-7f1225d9f7d1" parentExecutionId="96900050-c769-4c44-b569-8d6d0d7c6de1" testId="29112d2a-2e73-305d-ec50-12fc95c28627" testName="ToReplaceSpecialChars_Passing_ValidValue_Returns_ReplacedValueWithoutIgnoreSpecialChars (*¨^_:-?¿;,)" computerName="PC-SFERRARI" duration="00:00:00.0000259" startTime="2021-01-07T17:21:27.5990270+00:00" endTime="2021-01-07T17:21:27.5997879+00:00" testType="13cdc9d9-ddb5-4fa4-a97d-d965ccfc6d4b" outcome="Passed" testListId="8c84fa94-04c1-424b-9868-57a2d4851a1d" relativeResultsDirectory="b0022081-1567-4839-9e40-7f1225d9f7d1" dataRowInfo="3" resultType="DataDrivenDataRow" />
        <UnitTestResult executionId="a6636fb0-4d62-4973-b047-56ac91f5aacd" parentExecutionId="96900050-c769-4c44-b569-8d6d0d7c6de1" testId="29112d2a-2e73-305d-ec50-12fc95c28627" testName="ToReplaceSpecialChars_Passing_ValidValue_Returns_ReplacedValueWithoutIgnoreSpecialChars ( * ¨ ^ _ : - ? ¿ ; ,          )" computerName="PC-SFERRARI" duration="00:00:00.0000249" startTime="2021-01-07T17:21:27.5990270+00:00" endTime="2021-01-07T17:21:27.5997879+00:00" testType="13cdc9d9-ddb5-4fa4-a97d-d965ccfc6d4b" outcome="Passed" testListId="8c84fa94-04c1-424b-9868-57a2d4851a1d" relativeResultsDirectory="a6636fb0-4d62-4973-b047-56ac91f5aacd" dataRowInfo="4" resultType="DataDrivenDataRow" />
        <UnitTestResult executionId="e9fed18c-c446-4191-949d-d1412504d5b2" parentExecutionId="96900050-c769-4c44-b569-8d6d0d7c6de1" testId="29112d2a-2e73-305d-ec50-12fc95c28627" testName="ToReplaceSpecialChars_Passing_ValidValue_Returns_ReplacedValueWithoutIgnoreSpecialChars (*¨^_:-?¿;,?¿,?¿)" computerName="PC-SFERRARI" duration="00:00:00.0000254" startTime="2021-01-07T17:21:27.5990270+00:00" endTime="2021-01-07T17:21:27.5997879+00:00" testType="13cdc9d9-ddb5-4fa4-a97d-d965ccfc6d4b" outcome="Passed" testListId="8c84fa94-04c1-424b-9868-57a2d4851a1d" relativeResultsDirectory="e9fed18c-c446-4191-949d-d1412504d5b2" dataRowInfo="5" resultType="DataDrivenDataRow" />
      </InnerResults>
    </UnitTestResult>
    <UnitTestResult executionId="7e0df31d-2948-4909-9a4b-7715718d0ffa" testId="a75e991f-5e03-3949-85d6-afa1f14455d4" testName="ToIsAuthenticated_Passing_Claims_Returns_True" computerName="PC-SFERRARI" duration="00:00:00.0010659" startTime="2021-01-07T17:21:26.6245343+00:00" endTime="2021-01-07T17:21:26.6259726+00:00" testType="13cdc9d9-ddb5-4fa4-a97d-d965ccfc6d4b" outcome="Passed" testListId="8c84fa94-04c1-424b-9868-57a2d4851a1d" relativeResultsDirectory="7e0df31d-2948-4909-9a4b-7715718d0ffa" />
    <UnitTestResult executionId="3a225243-6bd5-488a-a673-cf543d2da06b" testId="7c09a438-5465-f760-64b2-23d25fc199f5" testName="ToEnum_Passing_InvalidValueString_Returns_EnumCustomValue" computerName="PC-SFERRARI" duration="00:00:00.0016181" startTime="2021-01-07T17:21:27.5224972+00:00" endTime="2021-01-07T17:21:27.5242668+00:00" testType="13cdc9d9-ddb5-4fa4-a97d-d965ccfc6d4b" outcome="Passed" testListId="8c84fa94-04c1-424b-9868-57a2d4851a1d" relativeResultsDirectory="3a225243-6bd5-488a-a673-cf543d2da06b" />
    <UnitTestResult executionId="6a780b9e-ad03-454f-a507-64a58711b5e1" testId="a702dc43-b5af-c889-d32e-e69ee2d100af" testName="ToIsAuthenticated_Passing_Null_ClaimsPrincipal_Returns_ApplicationException" computerName="PC-SFERRARI" duration="00:00:00.0007323" startTime="2021-01-07T17:21:26.6260230+00:00" endTime="2021-01-07T17:21:26.6269218+00:00" testType="13cdc9d9-ddb5-4fa4-a97d-d965ccfc6d4b" outcome="Passed" testListId="8c84fa94-04c1-424b-9868-57a2d4851a1d" relativeResultsDirectory="6a780b9e-ad03-454f-a507-64a58711b5e1" />
    <UnitTestResult executionId="cfe4223a-fd9a-47e0-99ef-149f517582b2" testId="a2b6017f-838f-c435-81c1-a75dd92108eb" testName="IsEspecialChars_Passing_ValidArguments_Returns_HasErrorsAndCount" computerName="PC-SFERRARI" duration="00:00:00.0001410" startTime="2021-01-07T17:21:26.4792237+00:00" endTime="2021-01-07T17:21:26.4794387+00:00" testType="13cdc9d9-ddb5-4fa4-a97d-d965ccfc6d4b" outcome="Passed" testListId="8c84fa94-04c1-424b-9868-57a2d4851a1d" relativeResultsDirectory="cfe4223a-fd9a-47e0-99ef-149f517582b2" />
    <UnitTestResult executionId="4538e755-bffb-4f96-aa90-61dd3e056010" testId="4ff63349-9eef-ad1f-85cf-a84cda1ff120" testName="ToDetails_Passing_HttpContext_Returns_Details_HttpContext" computerName="PC-SFERRARI" duration="00:00:00.0386034" startTime="2021-01-07T17:21:26.9471699+00:00" endTime="2021-01-07T17:21:26.9861412+00:00" testType="13cdc9d9-ddb5-4fa4-a97d-d965ccfc6d4b" outcome="Passed" testListId="8c84fa94-04c1-424b-9868-57a2d4851a1d" relativeResultsDirectory="4538e755-bffb-4f96-aa90-61dd3e056010" />
    <UnitTestResult executionId="ce312417-2906-49ad-99ac-4fc22ec2d70b" testId="ae09f98c-257a-b9e5-5b0b-16344b7adf1c" testName="ToInt_Passing_ValidValueString_Returns_Int" computerName="PC-SFERRARI" duration="00:00:00.0002359" startTime="2021-01-07T17:21:27.5653577+00:00" endTime="2021-01-07T17:21:27.5657212+00:00" testType="13cdc9d9-ddb5-4fa4-a97d-d965ccfc6d4b" outcome="Passed" testListId="8c84fa94-04c1-424b-9868-57a2d4851a1d" relativeResultsDirectory="ce312417-2906-49ad-99ac-4fc22ec2d70b" resultType="DataDrivenTest">
      <InnerResults>
        <UnitTestResult executionId="b8e482bf-e8ec-47f1-95dc-a9c05f89cb97" parentExecutionId="ce312417-2906-49ad-99ac-4fc22ec2d70b" testId="ae09f98c-257a-b9e5-5b0b-16344b7adf1c" testName="ToInt_Passing_ValidValueString_Returns_Int (1234567890)" computerName="PC-SFERRARI" duration="00:00:00.0001931" startTime="2021-01-07T17:21:27.5653577+00:00" endTime="2021-01-07T17:21:27.5657212+00:00" testType="13cdc9d9-ddb5-4fa4-a97d-d965ccfc6d4b" outcome="Passed" testListId="8c84fa94-04c1-424b-9868-57a2d4851a1d" relativeResultsDirectory="b8e482bf-e8ec-47f1-95dc-a9c05f89cb97" dataRowInfo="1" resultType="DataDrivenDataRow" />
      </InnerResults>
    </UnitTestResult>
    <UnitTestResult executionId="a0dac943-8ee4-435e-9251-76dfa5a4ab83" testId="0f697beb-b7a4-6aa6-9017-b57feeb9ba7f" testName="ToEnvironment_ServiceCollection_Passing_Development_Enviroment_Returns_Development_Name" computerName="PC-SFERRARI" duration="00:00:00.0003815" startTime="2021-01-07T17:21:26.7022765+00:00" endTime="2021-01-07T17:21:26.7027346+00:00" testType="13cdc9d9-ddb5-4fa4-a97d-d965ccfc6d4b" outcome="Passed" testListId="8c84fa94-04c1-424b-9868-57a2d4851a1d" relativeResultsDirectory="a0dac943-8ee4-435e-9251-76dfa5a4ab83" />
    <UnitTestResult executionId="85b26cc8-fbf3-4603-b218-828f35db0e47" testId="0cfd0c7c-1a61-7d19-c2fa-3c8a47ccf09c" testName="ToValues_Passing_ValidEnumType_Returns_ValuesListString" computerName="PC-SFERRARI" duration="00:00:00.0024200" startTime="2021-01-07T17:21:26.8351788+00:00" endTime="2021-01-07T17:21:26.8377585+00:00" testType="13cdc9d9-ddb5-4fa4-a97d-d965ccfc6d4b" outcome="Passed" testListId="8c84fa94-04c1-424b-9868-57a2d4851a1d" relativeResultsDirectory="85b26cc8-fbf3-4603-b218-828f35db0e47" />
    <UnitTestResult executionId="5402f4e8-f99c-4d10-83ee-c6e99b0672e0" testId="bf48e581-43e6-7660-c4f4-1b7deb1f0ed9" testName="ToConfiguration_Passing_Valid_DirectoryPath_Invalid_JsonFileName_Not_Optional_Returns_ApplicationException" computerName="PC-SFERRARI" duration="00:00:00.0027329" startTime="2021-01-07T17:21:26.6526664+00:00" endTime="2021-01-07T17:21:26.6555093+00:00" testType="13cdc9d9-ddb5-4fa4-a97d-d965ccfc6d4b" outcome="Passed" testListId="8c84fa94-04c1-424b-9868-57a2d4851a1d" relativeResultsDirectory="5402f4e8-f99c-4d10-83ee-c6e99b0672e0" />
    <UnitTestResult executionId="bc264dc0-64c6-4eef-bec2-5d5ae050c244" testId="0e702ef4-7e85-bcb3-3879-32ee56a27932" testName="IsName_Passing_ValidArguments_Returns_HasErrorsAndCount" computerName="PC-SFERRARI" duration="00:00:00.0002397" startTime="2021-01-07T17:21:26.4943333+00:00" endTime="2021-01-07T17:21:26.4946402+00:00" testType="13cdc9d9-ddb5-4fa4-a97d-d965ccfc6d4b" outcome="Passed" testListId="8c84fa94-04c1-424b-9868-57a2d4851a1d" relativeResultsDirectory="bc264dc0-64c6-4eef-bec2-5d5ae050c244" />
    <UnitTestResult executionId="e3f930e0-6698-4b34-add5-aeb8648a4ab5" testId="c09577a6-adca-ef94-40b5-45575ad65e4f" testName="ToEnvironment_ServiceProvider_Passing_Development_Enviroment_Returns_Development_Name" computerName="PC-SFERRARI" duration="00:00:00.0004924" startTime="2021-01-07T17:21:26.7036652+00:00" endTime="2021-01-07T17:21:26.7042255+00:00" testType="13cdc9d9-ddb5-4fa4-a97d-d965ccfc6d4b" outcome="Passed" testListId="8c84fa94-04c1-424b-9868-57a2d4851a1d" relativeResultsDirectory="e3f930e0-6698-4b34-add5-aeb8648a4ab5" />
    <UnitTestResult executionId="0264e66f-c09c-4247-9474-15c879d419fb" testId="579b7361-19a9-f329-acb3-de102dcfc793" testName="ToDefaultValue_Passing_ValidString_Returns_DefaultValue" computerName="PC-SFERRARI" duration="00:00:00.0001925" startTime="2021-01-07T17:21:28.1052094+00:00" endTime="2021-01-07T17:21:28.1055050+00:00" testType="13cdc9d9-ddb5-4fa4-a97d-d965ccfc6d4b" outcome="Passed" testListId="8c84fa94-04c1-424b-9868-57a2d4851a1d" relativeResultsDirectory="0264e66f-c09c-4247-9474-15c879d419fb" />
    <UnitTestResult executionId="9adab66b-5564-4268-a99f-bb1d81d42115" testId="e8138724-52f6-6999-ada4-cbc441f2cd15" testName="ToEmailMaskUserNameAndDomain_Passing_ValidEmail_Returns_EmailWithMask" computerName="PC-SFERRARI" duration="00:00:00.0007741" startTime="2021-01-07T17:21:27.4871001+00:00" endTime="2021-01-07T17:21:27.4881421+00:00" testType="13cdc9d9-ddb5-4fa4-a97d-d965ccfc6d4b" outcome="Passed" testListId="8c84fa94-04c1-424b-9868-57a2d4851a1d" relativeResultsDirectory="9adab66b-5564-4268-a99f-bb1d81d42115" resultType="DataDrivenTest">
      <InnerResults>
        <UnitTestResult executionId="a5c132d7-0e06-4339-a9df-6beb9a52ec77" parentExecutionId="9adab66b-5564-4268-a99f-bb1d81d42115" testId="e8138724-52f6-6999-ada4-cbc441f2cd15" testName="ToEmailMaskUserNameAndDomain_Passing_ValidEmail_Returns_EmailWithMask (qaz@gmail.com,q*z@g***l.com)" computerName="PC-SFERRARI" duration="00:00:00.0004703" startTime="2021-01-07T17:21:27.4871001+00:00" endTime="2021-01-07T17:21:27.4881421+00:00" testType="13cdc9d9-ddb5-4fa4-a97d-d965ccfc6d4b" outcome="Passed" testListId="8c84fa94-04c1-424b-9868-57a2d4851a1d" relativeResultsDirectory="a5c132d7-0e06-4339-a9df-6beb9a52ec77" dataRowInfo="1" resultType="DataDrivenDataRow" />
        <UnitTestResult executionId="14035f23-b2cc-45ce-bc61-6710169e1036" parentExecutionId="9adab66b-5564-4268-a99f-bb1d81d42115" testId="e8138724-52f6-6999-ada4-cbc441f2cd15" testName="ToEmailMaskUserNameAndDomain_Passing_ValidEmail_Returns_EmailWithMask (qazwsx@gmail.com,q****x@g***l.com)" computerName="PC-SFERRARI" duration="00:00:00.0000273" startTime="2021-01-07T17:21:27.4871001+00:00" endTime="2021-01-07T17:21:27.4881421+00:00" testType="13cdc9d9-ddb5-4fa4-a97d-d965ccfc6d4b" outcome="Passed" testListId="8c84fa94-04c1-424b-9868-57a2d4851a1d" relativeResultsDirectory="14035f23-b2cc-45ce-bc61-6710169e1036" dataRowInfo="2" resultType="DataDrivenDataRow" />
        <UnitTestResult executionId="5f94d10e-3bc3-42a7-a558-31c7ffe0d3af" parentExecutionId="9adab66b-5564-4268-a99f-bb1d81d42115" testId="e8138724-52f6-6999-ada4-cbc441f2cd15" testName="ToEmailMaskUserNameAndDomain_Passing_ValidEmail_Returns_EmailWithMask (qazwsxedc@gmail.com,q*******c@g***l.com)" computerName="PC-SFERRARI" duration="00:00:00.0000237" startTime="2021-01-07T17:21:27.4871001+00:00" endTime="2021-01-07T17:21:27.4881421+00:00" testType="13cdc9d9-ddb5-4fa4-a97d-d965ccfc6d4b" outcome="Passed" testListId="8c84fa94-04c1-424b-9868-57a2d4851a1d" relativeResultsDirectory="5f94d10e-3bc3-42a7-a558-31c7ffe0d3af" dataRowInfo="3" resultType="DataDrivenDataRow" />
        <UnitTestResult executionId="b16e0320-ef2c-44bf-821a-ff667f40d882" parentExecutionId="9adab66b-5564-4268-a99f-bb1d81d42115" testId="e8138724-52f6-6999-ada4-cbc441f2cd15" testName="ToEmailMaskUserNameAndDomain_Passing_ValidEmail_Returns_EmailWithMask (qaz@gmailgmail.com,q*z@g********l.com)" computerName="PC-SFERRARI" duration="00:00:00.0000204" startTime="2021-01-07T17:21:27.4871001+00:00" endTime="2021-01-07T17:21:27.4881421+00:00" testType="13cdc9d9-ddb5-4fa4-a97d-d965ccfc6d4b" outcome="Passed" testListId="8c84fa94-04c1-424b-9868-57a2d4851a1d" relativeResultsDirectory="b16e0320-ef2c-44bf-821a-ff667f40d882" dataRowInfo="4" resultType="DataDrivenDataRow" />
        <UnitTestResult executionId="92940833-5e46-4907-93f5-e540b3a4a9ad" parentExecutionId="9adab66b-5564-4268-a99f-bb1d81d42115" testId="e8138724-52f6-6999-ada4-cbc441f2cd15" testName="ToEmailMaskUserNameAndDomain_Passing_ValidEmail_Returns_EmailWithMask (qazwsx@gmailgmail.com,q****x@g********l.com)" computerName="PC-SFERRARI" duration="00:00:00.0000241" startTime="2021-01-07T17:21:27.4871001+00:00" endTime="2021-01-07T17:21:27.4881421+00:00" testType="13cdc9d9-ddb5-4fa4-a97d-d965ccfc6d4b" outcome="Passed" testListId="8c84fa94-04c1-424b-9868-57a2d4851a1d" relativeResultsDirectory="92940833-5e46-4907-93f5-e540b3a4a9ad" dataRowInfo="5" resultType="DataDrivenDataRow" />
        <UnitTestResult executionId="4029d9c2-6419-4bed-bdea-c9d6918fe1c2" parentExecutionId="9adab66b-5564-4268-a99f-bb1d81d42115" testId="e8138724-52f6-6999-ada4-cbc441f2cd15" testName="ToEmailMaskUserNameAndDomain_Passing_ValidEmail_Returns_EmailWithMask (qazwsxedc@gmailgmail.com,q*******c@g********l.com)" computerName="PC-SFERRARI" duration="00:00:00.0000267" startTime="2021-01-07T17:21:27.4871001+00:00" endTime="2021-01-07T17:21:27.4881421+00:00" testType="13cdc9d9-ddb5-4fa4-a97d-d965ccfc6d4b" outcome="Passed" testListId="8c84fa94-04c1-424b-9868-57a2d4851a1d" relativeResultsDirectory="4029d9c2-6419-4bed-bdea-c9d6918fe1c2" dataRowInfo="6" resultType="DataDrivenDataRow" />
      </InnerResults>
    </UnitTestResult>
    <UnitTestResult executionId="da5ac5bb-ccab-4cc6-8a29-195ebb8f5718" testId="04cb4b72-edc8-fe06-49e1-217ed503eff8" testName="ToDirectoryFindFilePath_Passing_ValidValue_Returns_FilePath" computerName="PC-SFERRARI" duration="00:00:00.0109873" startTime="2021-01-07T17:21:27.4282107+00:00" endTime="2021-01-07T17:21:27.4394189+00:00" testType="13cdc9d9-ddb5-4fa4-a97d-d965ccfc6d4b" outcome="Passed" testListId="8c84fa94-04c1-424b-9868-57a2d4851a1d" relativeResultsDirectory="da5ac5bb-ccab-4cc6-8a29-195ebb8f5718" />
    <UnitTestResult executionId="fb02fd02-f4ea-41b5-8da9-dbc73b653637" testId="678a7b5d-e2f9-09be-f35f-0e3e4d5ad033" testName="ToDeserialize_Passing_String_Returns_Object" computerName="PC-SFERRARI" duration="00:00:00.0055495" startTime="2021-01-07T17:21:27.2617144+00:00" endTime="2021-01-07T17:21:27.2677249+00:00" testType="13cdc9d9-ddb5-4fa4-a97d-d965ccfc6d4b" outcome="Passed" testListId="8c84fa94-04c1-424b-9868-57a2d4851a1d" relativeResultsDirectory="fb02fd02-f4ea-41b5-8da9-dbc73b653637" />
    <UnitTestResult executionId="6ca20efa-be02-471c-9316-a99af31db542" testId="74c0befe-cdb2-1fdf-be71-2a39199bb5c9" testName="ToService_Passing_Service_Not_Found_Returns_ApplicationException" computerName="PC-SFERRARI" duration="00:00:00.0006540" startTime="2021-01-07T17:21:26.3807265+00:00" endTime="2021-01-07T17:21:26.3815067+00:00" testType="13cdc9d9-ddb5-4fa4-a97d-d965ccfc6d4b" outcome="Passed" testListId="8c84fa94-04c1-424b-9868-57a2d4851a1d" relativeResultsDirectory="6ca20efa-be02-471c-9316-a99af31db542" />
    <UnitTestResult executionId="dae1790e-2740-49ae-890b-22f6595fd9d1" testId="19f76070-822e-31f8-2a9f-a96f774333a7" testName="ToInt_Passing_InvalidValueString_Returns_DefaultValue" computerName="PC-SFERRARI" duration="00:00:00.0004819" startTime="2021-01-07T17:21:27.5589354+00:00" endTime="2021-01-07T17:21:27.5595263+00:00" testType="13cdc9d9-ddb5-4fa4-a97d-d965ccfc6d4b" outcome="Passed" testListId="8c84fa94-04c1-424b-9868-57a2d4851a1d" relativeResultsDirectory="dae1790e-2740-49ae-890b-22f6595fd9d1" resultType="DataDrivenTest">
      <InnerResults>
        <UnitTestResult executionId="d5ca994a-db62-4e00-b1d6-106e74058d18" parentExecutionId="dae1790e-2740-49ae-890b-22f6595fd9d1" testId="19f76070-822e-31f8-2a9f-a96f774333a7" testName="ToInt_Passing_InvalidValueString_Returns_DefaultValue (1.3333)" computerName="PC-SFERRARI" duration="00:00:00.0003682" startTime="2021-01-07T17:21:27.5589354+00:00" endTime="2021-01-07T17:21:27.5595263+00:00" testType="13cdc9d9-ddb5-4fa4-a97d-d965ccfc6d4b" outcome="Passed" testListId="8c84fa94-04c1-424b-9868-57a2d4851a1d" relativeResultsDirectory="d5ca994a-db62-4e00-b1d6-106e74058d18" dataRowInfo="1" resultType="DataDrivenDataRow" />
        <UnitTestResult executionId="3e39e4b7-e77e-4475-89ab-171239f70dd8" parentExecutionId="dae1790e-2740-49ae-890b-22f6595fd9d1" testId="19f76070-822e-31f8-2a9f-a96f774333a7" testName="ToInt_Passing_InvalidValueString_Returns_DefaultValue (1,3333)" computerName="PC-SFERRARI" duration="00:00:00.0000095" startTime="2021-01-07T17:21:27.5589354+00:00" endTime="2021-01-07T17:21:27.5595263+00:00" testType="13cdc9d9-ddb5-4fa4-a97d-d965ccfc6d4b" outcome="Passed" testListId="8c84fa94-04c1-424b-9868-57a2d4851a1d" relativeResultsDirectory="3e39e4b7-e77e-4475-89ab-171239f70dd8" dataRowInfo="2" resultType="DataDrivenDataRow" />
        <UnitTestResult executionId="0a485db9-f443-4f5e-b91c-9bedb593d6e9" parentExecutionId="dae1790e-2740-49ae-890b-22f6595fd9d1" testId="19f76070-822e-31f8-2a9f-a96f774333a7" testName="ToInt_Passing_InvalidValueString_Returns_DefaultValue (1.333,39)" computerName="PC-SFERRARI" duration="00:00:00.0000034" startTime="2021-01-07T17:21:27.5589354+00:00" endTime="2021-01-07T17:21:27.5595263+00:00" testType="13cdc9d9-ddb5-4fa4-a97d-d965ccfc6d4b" outcome="Passed" testListId="8c84fa94-04c1-424b-9868-57a2d4851a1d" relativeResultsDirectory="0a485db9-f443-4f5e-b91c-9bedb593d6e9" dataRowInfo="3" resultType="DataDrivenDataRow" />
        <UnitTestResult executionId="93789c51-97b7-4730-9173-d52d19bd5493" parentExecutionId="dae1790e-2740-49ae-890b-22f6595fd9d1" testId="19f76070-822e-31f8-2a9f-a96f774333a7" testName="ToInt_Passing_InvalidValueString_Returns_DefaultValue (999999439293294392492349329493294)" computerName="PC-SFERRARI" duration="00:00:00.0000031" startTime="2021-01-07T17:21:27.5589354+00:00" endTime="2021-01-07T17:21:27.5595263+00:00" testType="13cdc9d9-ddb5-4fa4-a97d-d965ccfc6d4b" outcome="Passed" testListId="8c84fa94-04c1-424b-9868-57a2d4851a1d" relativeResultsDirectory="93789c51-97b7-4730-9173-d52d19bd5493" dataRowInfo="4" resultType="DataDrivenDataRow" />
        <UnitTestResult executionId="be9c4f33-33ce-407b-87a2-1253c49e9694" parentExecutionId="dae1790e-2740-49ae-890b-22f6595fd9d1" testId="19f76070-822e-31f8-2a9f-a96f774333a7" testName="ToInt_Passing_InvalidValueString_Returns_DefaultValue (asdasdasdasd234324)" computerName="PC-SFERRARI" duration="00:00:00.0000029" startTime="2021-01-07T17:21:27.5589354+00:00" endTime="2021-01-07T17:21:27.5595263+00:00" testType="13cdc9d9-ddb5-4fa4-a97d-d965ccfc6d4b" outcome="Passed" testListId="8c84fa94-04c1-424b-9868-57a2d4851a1d" relativeResultsDirectory="be9c4f33-33ce-407b-87a2-1253c49e9694" dataRowInfo="5" resultType="DataDrivenDataRow" />
      </InnerResults>
    </UnitTestResult>
    <UnitTestResult executionId="0367a29b-7696-4cd1-bf2d-48efd8714300" testId="33545399-79af-5e7f-5179-57fe5645f4be" testName="ToYesterday_Passing_DateTime_Returns_Yesterday_DateTime" computerName="PC-SFERRARI" duration="00:00:00.0001927" startTime="2021-01-07T17:21:26.7919852+00:00" endTime="2021-01-07T17:21:26.7922450+00:00" testType="13cdc9d9-ddb5-4fa4-a97d-d965ccfc6d4b" outcome="Passed" testListId="8c84fa94-04c1-424b-9868-57a2d4851a1d" relativeResultsDirectory="0367a29b-7696-4cd1-bf2d-48efd8714300" />
    <UnitTestResult executionId="dad3d5b0-6b40-402d-95c0-70b1c270d286" testId="31126d50-f667-908c-85f3-09f9d9272df9" testName="ToEnvironment_Passing_Production_Enviroment_Returns_Production_Name" computerName="PC-SFERRARI" duration="00:00:00.0006159" startTime="2021-01-07T17:21:26.3663355+00:00" endTime="2021-01-07T17:21:26.3670840+00:00" testType="13cdc9d9-ddb5-4fa4-a97d-d965ccfc6d4b" outcome="Passed" testListId="8c84fa94-04c1-424b-9868-57a2d4851a1d" relativeResultsDirectory="dad3d5b0-6b40-402d-95c0-70b1c270d286" />
    <UnitTestResult executionId="1ce0c611-7d22-43c7-9619-9e747115fec3" testId="1c5de28c-f1b3-c94d-8e43-201eab8c2ff8" testName="ToEnvironment_Passing_Development_Enviroment_Returns_Development_Name" computerName="PC-SFERRARI" duration="00:00:00.0012057" startTime="2021-01-07T17:21:26.3649159+00:00" endTime="2021-01-07T17:21:26.3662864+00:00" testType="13cdc9d9-ddb5-4fa4-a97d-d965ccfc6d4b" outcome="Passed" testListId="8c84fa94-04c1-424b-9868-57a2d4851a1d" relativeResultsDirectory="1ce0c611-7d22-43c7-9619-9e747115fec3" />
    <UnitTestResult executionId="6f0caf75-0d76-4d8c-bbdf-947e89e556c4" testId="07d50dfb-3195-c832-23d2-97ae667f2010" testName="ToString_Passing_Valid_Collection_Returns_String_With_Default_Separator" computerName="PC-SFERRARI" duration="00:00:00.0003018" startTime="2021-01-07T17:21:26.7970326+00:00" endTime="2021-01-07T17:21:26.7974458+00:00" testType="13cdc9d9-ddb5-4fa4-a97d-d965ccfc6d4b" outcome="Passed" testListId="8c84fa94-04c1-424b-9868-57a2d4851a1d" relativeResultsDirectory="6f0caf75-0d76-4d8c-bbdf-947e89e556c4" />
    <UnitTestResult executionId="20f071a7-8022-49b9-94f1-a32ce7dc44a5" testId="46df7735-43c3-1f8d-197a-cd21c82e5889" testName="IsHostname_Passing_ValidArguments_Returns_HasErrorsAndCount" computerName="PC-SFERRARI" duration="00:00:00.0004071" startTime="2021-01-07T17:21:26.4877974+00:00" endTime="2021-01-07T17:21:26.4883965+00:00" testType="13cdc9d9-ddb5-4fa4-a97d-d965ccfc6d4b" outcome="Passed" testListId="8c84fa94-04c1-424b-9868-57a2d4851a1d" relativeResultsDirectory="20f071a7-8022-49b9-94f1-a32ce7dc44a5" />
    <UnitTestResult executionId="08c6aea0-13bf-4b6e-8988-40b00d0784f6" testId="30809299-0e3e-4ac7-4a2a-6f8c296d2226" testName="ToUri_Passing_ValidValueString_Returns_Uri" computerName="PC-SFERRARI" duration="00:00:00.0015994" startTime="2021-01-07T17:21:27.6296786+00:00" endTime="2021-01-07T17:21:27.6316581+00:00" testType="13cdc9d9-ddb5-4fa4-a97d-d965ccfc6d4b" outcome="Passed" testListId="8c84fa94-04c1-424b-9868-57a2d4851a1d" relativeResultsDirectory="08c6aea0-13bf-4b6e-8988-40b00d0784f6" resultType="DataDrivenTest">
      <InnerResults>
        <UnitTestResult executionId="d5e3300f-979a-434b-af93-eeaa566a398e" parentExecutionId="08c6aea0-13bf-4b6e-8988-40b00d0784f6" testId="30809299-0e3e-4ac7-4a2a-6f8c296d2226" testName="ToUri_Passing_ValidValueString_Returns_Uri (http://foo.com/blah_blah)" computerName="PC-SFERRARI" duration="00:00:00.0002811" startTime="2021-01-07T17:21:27.6296786+00:00" endTime="2021-01-07T17:21:27.6316581+00:00" testType="13cdc9d9-ddb5-4fa4-a97d-d965ccfc6d4b" outcome="Passed" testListId="8c84fa94-04c1-424b-9868-57a2d4851a1d" relativeResultsDirectory="d5e3300f-979a-434b-af93-eeaa566a398e" dataRowInfo="1" resultType="DataDrivenDataRow" />
        <UnitTestResult executionId="f489d1e4-570c-4a0f-9d2d-75818888dd1c" parentExecutionId="08c6aea0-13bf-4b6e-8988-40b00d0784f6" testId="30809299-0e3e-4ac7-4a2a-6f8c296d2226" testName="ToUri_Passing_ValidValueString_Returns_Uri (http://foo.com/blah_blah/)" computerName="PC-SFERRARI" duration="00:00:00.0000069" startTime="2021-01-07T17:21:27.6296786+00:00" endTime="2021-01-07T17:21:27.6316581+00:00" testType="13cdc9d9-ddb5-4fa4-a97d-d965ccfc6d4b" outcome="Passed" testListId="8c84fa94-04c1-424b-9868-57a2d4851a1d" relativeResultsDirectory="f489d1e4-570c-4a0f-9d2d-75818888dd1c" dataRowInfo="2" resultType="DataDrivenDataRow" />
        <UnitTestResult executionId="c2e68a7c-7177-4c7b-aee5-c584d291f26f" parentExecutionId="08c6aea0-13bf-4b6e-8988-40b00d0784f6" testId="30809299-0e3e-4ac7-4a2a-6f8c296d2226" testName="ToUri_Passing_ValidValueString_Returns_Uri (http://foo.com/blah_blah/p=5)" computerName="PC-SFERRARI" duration="00:00:00.0000047" startTime="2021-01-07T17:21:27.6296786+00:00" endTime="2021-01-07T17:21:27.6316581+00:00" testType="13cdc9d9-ddb5-4fa4-a97d-d965ccfc6d4b" outcome="Passed" testListId="8c84fa94-04c1-424b-9868-57a2d4851a1d" relativeResultsDirectory="c2e68a7c-7177-4c7b-aee5-c584d291f26f" dataRowInfo="3" resultType="DataDrivenDataRow" />
        <UnitTestResult executionId="5b95e34e-855c-44a8-bc49-2568a730f3bc" parentExecutionId="08c6aea0-13bf-4b6e-8988-40b00d0784f6" testId="30809299-0e3e-4ac7-4a2a-6f8c296d2226" testName="ToUri_Passing_ValidValueString_Returns_Uri (http://foo.com/blah_blah?p=5)" computerName="PC-SFERRARI" duration="00:00:00.0000047" startTime="2021-01-07T17:21:27.6296786+00:00" endTime="2021-01-07T17:21:27.6316581+00:00" testType="13cdc9d9-ddb5-4fa4-a97d-d965ccfc6d4b" outcome="Passed" testListId="8c84fa94-04c1-424b-9868-57a2d4851a1d" relativeResultsDirectory="5b95e34e-855c-44a8-bc49-2568a730f3bc" dataRowInfo="4" resultType="DataDrivenDataRow" />
        <UnitTestResult executionId="1acae7e8-da39-46e0-b649-6eef1581a2ec" parentExecutionId="08c6aea0-13bf-4b6e-8988-40b00d0784f6" testId="30809299-0e3e-4ac7-4a2a-6f8c296d2226" testName="ToUri_Passing_ValidValueString_Returns_Uri (http://foo.com/blah_blah?p=5&amp;j=fe)" computerName="PC-SFERRARI" duration="00:00:00.0000044" startTime="2021-01-07T17:21:27.6296786+00:00" endTime="2021-01-07T17:21:27.6316581+00:00" testType="13cdc9d9-ddb5-4fa4-a97d-d965ccfc6d4b" outcome="Passed" testListId="8c84fa94-04c1-424b-9868-57a2d4851a1d" relativeResultsDirectory="1acae7e8-da39-46e0-b649-6eef1581a2ec" dataRowInfo="5" resultType="DataDrivenDataRow" />
        <UnitTestResult executionId="5ea45e39-f803-44a5-8f83-a4588242c460" parentExecutionId="08c6aea0-13bf-4b6e-8988-40b00d0784f6" testId="30809299-0e3e-4ac7-4a2a-6f8c296d2226" testName="ToUri_Passing_ValidValueString_Returns_Uri (https://foo.com/blah_blah)" computerName="PC-SFERRARI" duration="00:00:00.0000044" startTime="2021-01-07T17:21:27.6296786+00:00" endTime="2021-01-07T17:21:27.6316581+00:00" testType="13cdc9d9-ddb5-4fa4-a97d-d965ccfc6d4b" outcome="Passed" testListId="8c84fa94-04c1-424b-9868-57a2d4851a1d" relativeResultsDirectory="5ea45e39-f803-44a5-8f83-a4588242c460" dataRowInfo="6" resultType="DataDrivenDataRow" />
        <UnitTestResult executionId="af8c5530-dcb6-4c1e-a967-20a31fe1ce2e" parentExecutionId="08c6aea0-13bf-4b6e-8988-40b00d0784f6" testId="30809299-0e3e-4ac7-4a2a-6f8c296d2226" testName="ToUri_Passing_ValidValueString_Returns_Uri (https://foo.com/blah_blah/)" computerName="PC-SFERRARI" duration="00:00:00.0000043" startTime="2021-01-07T17:21:27.6296786+00:00" endTime="2021-01-07T17:21:27.6316581+00:00" testType="13cdc9d9-ddb5-4fa4-a97d-d965ccfc6d4b" outcome="Passed" testListId="8c84fa94-04c1-424b-9868-57a2d4851a1d" relativeResultsDirectory="af8c5530-dcb6-4c1e-a967-20a31fe1ce2e" dataRowInfo="7" resultType="DataDrivenDataRow" />
        <UnitTestResult executionId="ba8b9793-4a88-46bb-bf3a-87a9ff8ac583" parentExecutionId="08c6aea0-13bf-4b6e-8988-40b00d0784f6" testId="30809299-0e3e-4ac7-4a2a-6f8c296d2226" testName="ToUri_Passing_ValidValueString_Returns_Uri (https://foo.com/blah_blah/p=5)" computerName="PC-SFERRARI" duration="00:00:00.0000046" startTime="2021-01-07T17:21:27.6296786+00:00" endTime="2021-01-07T17:21:27.6316581+00:00" testType="13cdc9d9-ddb5-4fa4-a97d-d965ccfc6d4b" outcome="Passed" testListId="8c84fa94-04c1-424b-9868-57a2d4851a1d" relativeResultsDirectory="ba8b9793-4a88-46bb-bf3a-87a9ff8ac583" dataRowInfo="8" resultType="DataDrivenDataRow" />
        <UnitTestResult executionId="523e263f-c2e2-4291-981d-d91e129121d0" parentExecutionId="08c6aea0-13bf-4b6e-8988-40b00d0784f6" testId="30809299-0e3e-4ac7-4a2a-6f8c296d2226" testName="ToUri_Passing_ValidValueString_Returns_Uri (https://foo.com/blah_blah?p=5)" computerName="PC-SFERRARI" duration="00:00:00.0000042" startTime="2021-01-07T17:21:27.6296786+00:00" endTime="2021-01-07T17:21:27.6316581+00:00" testType="13cdc9d9-ddb5-4fa4-a97d-d965ccfc6d4b" outcome="Passed" testListId="8c84fa94-04c1-424b-9868-57a2d4851a1d" relativeResultsDirectory="523e263f-c2e2-4291-981d-d91e129121d0" dataRowInfo="9" resultType="DataDrivenDataRow" />
        <UnitTestResult executionId="4bec7ced-314d-49ba-8539-11814f433403" parentExecutionId="08c6aea0-13bf-4b6e-8988-40b00d0784f6" testId="30809299-0e3e-4ac7-4a2a-6f8c296d2226" testName="ToUri_Passing_ValidValueString_Returns_Uri (https://foo.com/blah_blah?p=5&amp;j=fe)" computerName="PC-SFERRARI" duration="00:00:00.0000045" startTime="2021-01-07T17:21:27.6296786+00:00" endTime="2021-01-07T17:21:27.6316581+00:00" testType="13cdc9d9-ddb5-4fa4-a97d-d965ccfc6d4b" outcome="Passed" testListId="8c84fa94-04c1-424b-9868-57a2d4851a1d" relativeResultsDirectory="4bec7ced-314d-49ba-8539-11814f433403" dataRowInfo="10" resultType="DataDrivenDataRow" />
        <UnitTestResult executionId="de40e35c-a050-4d74-b8d8-c2f1ff41786f" parentExecutionId="08c6aea0-13bf-4b6e-8988-40b00d0784f6" testId="30809299-0e3e-4ac7-4a2a-6f8c296d2226" testName="ToUri_Passing_ValidValueString_Returns_Uri (//foo.com/blah_blah)" computerName="PC-SFERRARI" duration="00:00:00.0000040" startTime="2021-01-07T17:21:27.6296786+00:00" endTime="2021-01-07T17:21:27.6316581+00:00" testType="13cdc9d9-ddb5-4fa4-a97d-d965ccfc6d4b" outcome="Passed" testListId="8c84fa94-04c1-424b-9868-57a2d4851a1d" relativeResultsDirectory="de40e35c-a050-4d74-b8d8-c2f1ff41786f" dataRowInfo="11" resultType="DataDrivenDataRow" />
        <UnitTestResult executionId="2acfb6bc-3fde-4d4f-8168-6759335c573a" parentExecutionId="08c6aea0-13bf-4b6e-8988-40b00d0784f6" testId="30809299-0e3e-4ac7-4a2a-6f8c296d2226" testName="ToUri_Passing_ValidValueString_Returns_Uri (//foo.com/blah_blah/)" computerName="PC-SFERRARI" duration="00:00:00.0000035" startTime="2021-01-07T17:21:27.6296786+00:00" endTime="2021-01-07T17:21:27.6316581+00:00" testType="13cdc9d9-ddb5-4fa4-a97d-d965ccfc6d4b" outcome="Passed" testListId="8c84fa94-04c1-424b-9868-57a2d4851a1d" relativeResultsDirectory="2acfb6bc-3fde-4d4f-8168-6759335c573a" dataRowInfo="12" resultType="DataDrivenDataRow" />
        <UnitTestResult executionId="645dc958-2c6c-491e-b7a4-818db5e44e64" parentExecutionId="08c6aea0-13bf-4b6e-8988-40b00d0784f6" testId="30809299-0e3e-4ac7-4a2a-6f8c296d2226" testName="ToUri_Passing_ValidValueString_Returns_Uri (//foo.com/blah_blah/p=5)" computerName="PC-SFERRARI" duration="00:00:00.0000033" startTime="2021-01-07T17:21:27.6296786+00:00" endTime="2021-01-07T17:21:27.6316581+00:00" testType="13cdc9d9-ddb5-4fa4-a97d-d965ccfc6d4b" outcome="Passed" testListId="8c84fa94-04c1-424b-9868-57a2d4851a1d" relativeResultsDirectory="645dc958-2c6c-491e-b7a4-818db5e44e64" dataRowInfo="13" resultType="DataDrivenDataRow" />
        <UnitTestResult executionId="1ad043c3-1871-4d63-a992-812f2775a3d7" parentExecutionId="08c6aea0-13bf-4b6e-8988-40b00d0784f6" testId="30809299-0e3e-4ac7-4a2a-6f8c296d2226" testName="ToUri_Passing_ValidValueString_Returns_Uri (//foo.com/blah_blah?p=5)" computerName="PC-SFERRARI" duration="00:00:00.0000036" startTime="2021-01-07T17:21:27.6296786+00:00" endTime="2021-01-07T17:21:27.6316581+00:00" testType="13cdc9d9-ddb5-4fa4-a97d-d965ccfc6d4b" outcome="Passed" testListId="8c84fa94-04c1-424b-9868-57a2d4851a1d" relativeResultsDirectory="1ad043c3-1871-4d63-a992-812f2775a3d7" dataRowInfo="14" resultType="DataDrivenDataRow" />
        <UnitTestResult executionId="332ee904-30f4-426a-ad55-f013c8a3aaa7" parentExecutionId="08c6aea0-13bf-4b6e-8988-40b00d0784f6" testId="30809299-0e3e-4ac7-4a2a-6f8c296d2226" testName="ToUri_Passing_ValidValueString_Returns_Uri (//foo.com/blah_blah?p=5&amp;j=fe)" computerName="PC-SFERRARI" duration="00:00:00.0000040" startTime="2021-01-07T17:21:27.6296786+00:00" endTime="2021-01-07T17:21:27.6316581+00:00" testType="13cdc9d9-ddb5-4fa4-a97d-d965ccfc6d4b" outcome="Passed" testListId="8c84fa94-04c1-424b-9868-57a2d4851a1d" relativeResultsDirectory="332ee904-30f4-426a-ad55-f013c8a3aaa7" dataRowInfo="15" resultType="DataDrivenDataRow" />
        <UnitTestResult executionId="9d222b88-99a2-4011-a937-29c086dfe020" parentExecutionId="08c6aea0-13bf-4b6e-8988-40b00d0784f6" testId="30809299-0e3e-4ac7-4a2a-6f8c296d2226" testName="ToUri_Passing_ValidValueString_Returns_Uri (http://foo.com/blah_blah_(wikipedia))" computerName="PC-SFERRARI" duration="00:00:00.0000047" startTime="2021-01-07T17:21:27.6296786+00:00" endTime="2021-01-07T17:21:27.6316581+00:00" testType="13cdc9d9-ddb5-4fa4-a97d-d965ccfc6d4b" outcome="Passed" testListId="8c84fa94-04c1-424b-9868-57a2d4851a1d" relativeResultsDirectory="9d222b88-99a2-4011-a937-29c086dfe020" dataRowInfo="16" resultType="DataDrivenDataRow" />
        <UnitTestResult executionId="1f54505a-2626-4408-a160-917176e1411a" parentExecutionId="08c6aea0-13bf-4b6e-8988-40b00d0784f6" testId="30809299-0e3e-4ac7-4a2a-6f8c296d2226" testName="ToUri_Passing_ValidValueString_Returns_Uri (http://foo.com/blah_blah_(wikipedia)_(again))" computerName="PC-SFERRARI" duration="00:00:00.0000041" startTime="2021-01-07T17:21:27.6296786+00:00" endTime="2021-01-07T17:21:27.6316581+00:00" testType="13cdc9d9-ddb5-4fa4-a97d-d965ccfc6d4b" outcome="Passed" testListId="8c84fa94-04c1-424b-9868-57a2d4851a1d" relativeResultsDirectory="1f54505a-2626-4408-a160-917176e1411a" dataRowInfo="17" resultType="DataDrivenDataRow" />
        <UnitTestResult executionId="e1dbcbbe-4335-4c05-9a7a-8f0dfe602916" parentExecutionId="08c6aea0-13bf-4b6e-8988-40b00d0784f6" testId="30809299-0e3e-4ac7-4a2a-6f8c296d2226" testName="ToUri_Passing_ValidValueString_Returns_Uri (http://www.example.com/wpstyle/?p=364)" computerName="PC-SFERRARI" duration="00:00:00.0000047" startTime="2021-01-07T17:21:27.6296786+00:00" endTime="2021-01-07T17:21:27.6316581+00:00" testType="13cdc9d9-ddb5-4fa4-a97d-d965ccfc6d4b" outcome="Passed" testListId="8c84fa94-04c1-424b-9868-57a2d4851a1d" relativeResultsDirectory="e1dbcbbe-4335-4c05-9a7a-8f0dfe602916" dataRowInfo="18" resultType="DataDrivenDataRow" />
        <UnitTestResult executionId="33a044e4-e48e-42f9-b650-05415c530be5" parentExecutionId="08c6aea0-13bf-4b6e-8988-40b00d0784f6" testId="30809299-0e3e-4ac7-4a2a-6f8c296d2226" testName="ToUri_Passing_ValidValueString_Returns_Uri (https://www.example.com/foo/?bar=baz&amp;inga=42&amp;quux)" computerName="PC-SFERRARI" duration="00:00:00.0000044" startTime="2021-01-07T17:21:27.6296786+00:00" endTime="2021-01-07T17:21:27.6316581+00:00" testType="13cdc9d9-ddb5-4fa4-a97d-d965ccfc6d4b" outcome="Passed" testListId="8c84fa94-04c1-424b-9868-57a2d4851a1d" relativeResultsDirectory="33a044e4-e48e-42f9-b650-05415c530be5" dataRowInfo="19" resultType="DataDrivenDataRow" />
        <UnitTestResult executionId="dd20000a-bb9e-4aa2-bcdb-d8b9d0a39524" parentExecutionId="08c6aea0-13bf-4b6e-8988-40b00d0784f6" testId="30809299-0e3e-4ac7-4a2a-6f8c296d2226" testName="ToUri_Passing_ValidValueString_Returns_Uri (http://✪df.ws/123)" computerName="PC-SFERRARI" duration="00:00:00.0003966" startTime="2021-01-07T17:21:27.6296786+00:00" endTime="2021-01-07T17:21:27.6316581+00:00" testType="13cdc9d9-ddb5-4fa4-a97d-d965ccfc6d4b" outcome="Passed" testListId="8c84fa94-04c1-424b-9868-57a2d4851a1d" relativeResultsDirectory="dd20000a-bb9e-4aa2-bcdb-d8b9d0a39524" dataRowInfo="20" resultType="DataDrivenDataRow" />
        <UnitTestResult executionId="908f44d0-589c-41ab-aa26-b82b66dcc79b" parentExecutionId="08c6aea0-13bf-4b6e-8988-40b00d0784f6" testId="30809299-0e3e-4ac7-4a2a-6f8c296d2226" testName="ToUri_Passing_ValidValueString_Returns_Uri (http://userid:password@example.com:8080)" computerName="PC-SFERRARI" duration="00:00:00.0000215" startTime="2021-01-07T17:21:27.6296786+00:00" endTime="2021-01-07T17:21:27.6316581+00:00" testType="13cdc9d9-ddb5-4fa4-a97d-d965ccfc6d4b" outcome="Passed" testListId="8c84fa94-04c1-424b-9868-57a2d4851a1d" relativeResultsDirectory="908f44d0-589c-41ab-aa26-b82b66dcc79b" dataRowInfo="21" resultType="DataDrivenDataRow" />
        <UnitTestResult executionId="9064fc49-3410-4995-9a65-d29431e14f27" parentExecutionId="08c6aea0-13bf-4b6e-8988-40b00d0784f6" testId="30809299-0e3e-4ac7-4a2a-6f8c296d2226" testName="ToUri_Passing_ValidValueString_Returns_Uri (http://userid:password@example.com:8080/)" computerName="PC-SFERRARI" duration="00:00:00.0000033" startTime="2021-01-07T17:21:27.6296786+00:00" endTime="2021-01-07T17:21:27.6316581+00:00" testType="13cdc9d9-ddb5-4fa4-a97d-d965ccfc6d4b" outcome="Passed" testListId="8c84fa94-04c1-424b-9868-57a2d4851a1d" relativeResultsDirectory="9064fc49-3410-4995-9a65-d29431e14f27" dataRowInfo="22" resultType="DataDrivenDataRow" />
        <UnitTestResult executionId="a964b2be-3190-4909-acad-17f9adb038de" parentExecutionId="08c6aea0-13bf-4b6e-8988-40b00d0784f6" testId="30809299-0e3e-4ac7-4a2a-6f8c296d2226" testName="ToUri_Passing_ValidValueString_Returns_Uri (http://userid@example.com)" computerName="PC-SFERRARI" duration="00:00:00.0000026" startTime="2021-01-07T17:21:27.6296786+00:00" endTime="2021-01-07T17:21:27.6316581+00:00" testType="13cdc9d9-ddb5-4fa4-a97d-d965ccfc6d4b" outcome="Passed" testListId="8c84fa94-04c1-424b-9868-57a2d4851a1d" relativeResultsDirectory="a964b2be-3190-4909-acad-17f9adb038de" dataRowInfo="23" resultType="DataDrivenDataRow" />
        <UnitTestResult executionId="e0008cf2-4381-43a7-9b45-754a154e52ec" parentExecutionId="08c6aea0-13bf-4b6e-8988-40b00d0784f6" testId="30809299-0e3e-4ac7-4a2a-6f8c296d2226" testName="ToUri_Passing_ValidValueString_Returns_Uri (http://userid@example.com/)" computerName="PC-SFERRARI" duration="00:00:00.0000025" startTime="2021-01-07T17:21:27.6296786+00:00" endTime="2021-01-07T17:21:27.6316581+00:00" testType="13cdc9d9-ddb5-4fa4-a97d-d965ccfc6d4b" outcome="Passed" testListId="8c84fa94-04c1-424b-9868-57a2d4851a1d" relativeResultsDirectory="e0008cf2-4381-43a7-9b45-754a154e52ec" dataRowInfo="24" resultType="DataDrivenDataRow" />
        <UnitTestResult executionId="a484cdca-fe9e-4dd0-85c6-6d36e215774e" parentExecutionId="08c6aea0-13bf-4b6e-8988-40b00d0784f6" testId="30809299-0e3e-4ac7-4a2a-6f8c296d2226" testName="ToUri_Passing_ValidValueString_Returns_Uri (http://userid@example.com:8080)" computerName="PC-SFERRARI" duration="00:00:00.0000028" startTime="2021-01-07T17:21:27.6296786+00:00" endTime="2021-01-07T17:21:27.6316581+00:00" testType="13cdc9d9-ddb5-4fa4-a97d-d965ccfc6d4b" outcome="Passed" testListId="8c84fa94-04c1-424b-9868-57a2d4851a1d" relativeResultsDirectory="a484cdca-fe9e-4dd0-85c6-6d36e215774e" dataRowInfo="25" resultType="DataDrivenDataRow" />
        <UnitTestResult executionId="e2f587f7-b2d3-43c2-b757-ff329b766b4b" parentExecutionId="08c6aea0-13bf-4b6e-8988-40b00d0784f6" testId="30809299-0e3e-4ac7-4a2a-6f8c296d2226" testName="ToUri_Passing_ValidValueString_Returns_Uri (http://userid@example.com:8080/)" computerName="PC-SFERRARI" duration="00:00:00.0000025" startTime="2021-01-07T17:21:27.6296786+00:00" endTime="2021-01-07T17:21:27.6316581+00:00" testType="13cdc9d9-ddb5-4fa4-a97d-d965ccfc6d4b" outcome="Passed" testListId="8c84fa94-04c1-424b-9868-57a2d4851a1d" relativeResultsDirectory="e2f587f7-b2d3-43c2-b757-ff329b766b4b" dataRowInfo="26" resultType="DataDrivenDataRow" />
        <UnitTestResult executionId="d8de0a3a-bef5-4ec5-8000-90e4c56ad3bb" parentExecutionId="08c6aea0-13bf-4b6e-8988-40b00d0784f6" testId="30809299-0e3e-4ac7-4a2a-6f8c296d2226" testName="ToUri_Passing_ValidValueString_Returns_Uri (http://userid:password@example.com)" computerName="PC-SFERRARI" duration="00:00:00.0000025" startTime="2021-01-07T17:21:27.6296786+00:00" endTime="2021-01-07T17:21:27.6316581+00:00" testType="13cdc9d9-ddb5-4fa4-a97d-d965ccfc6d4b" outcome="Passed" testListId="8c84fa94-04c1-424b-9868-57a2d4851a1d" relativeResultsDirectory="d8de0a3a-bef5-4ec5-8000-90e4c56ad3bb" dataRowInfo="27" resultType="DataDrivenDataRow" />
        <UnitTestResult executionId="463c1493-e092-4905-878b-970e1166312b" parentExecutionId="08c6aea0-13bf-4b6e-8988-40b00d0784f6" testId="30809299-0e3e-4ac7-4a2a-6f8c296d2226" testName="ToUri_Passing_ValidValueString_Returns_Uri (http://userid:password@example.com/)" computerName="PC-SFERRARI" duration="00:00:00.0000028" startTime="2021-01-07T17:21:27.6296786+00:00" endTime="2021-01-07T17:21:27.6316581+00:00" testType="13cdc9d9-ddb5-4fa4-a97d-d965ccfc6d4b" outcome="Passed" testListId="8c84fa94-04c1-424b-9868-57a2d4851a1d" relativeResultsDirectory="463c1493-e092-4905-878b-970e1166312b" dataRowInfo="28" resultType="DataDrivenDataRow" />
        <UnitTestResult executionId="fdb8e1aa-9625-4b14-97f8-ba12bc9f9f36" parentExecutionId="08c6aea0-13bf-4b6e-8988-40b00d0784f6" testId="30809299-0e3e-4ac7-4a2a-6f8c296d2226" testName="ToUri_Passing_ValidValueString_Returns_Uri (http://142.42.1.1/)" computerName="PC-SFERRARI" duration="00:00:00.0000033" startTime="2021-01-07T17:21:27.6296786+00:00" endTime="2021-01-07T17:21:27.6316581+00:00" testType="13cdc9d9-ddb5-4fa4-a97d-d965ccfc6d4b" outcome="Passed" testListId="8c84fa94-04c1-424b-9868-57a2d4851a1d" relativeResultsDirectory="fdb8e1aa-9625-4b14-97f8-ba12bc9f9f36" dataRowInfo="29" resultType="DataDrivenDataRow" />
        <UnitTestResult executionId="54556925-0389-4a4e-8c3e-ea951ff1bb0f" parentExecutionId="08c6aea0-13bf-4b6e-8988-40b00d0784f6" testId="30809299-0e3e-4ac7-4a2a-6f8c296d2226" testName="ToUri_Passing_ValidValueString_Returns_Uri (http://142.42.1.1:8080/)" computerName="PC-SFERRARI" duration="00:00:00.0000025" startTime="2021-01-07T17:21:27.6296786+00:00" endTime="2021-01-07T17:21:27.6316581+00:00" testType="13cdc9d9-ddb5-4fa4-a97d-d965ccfc6d4b" outcome="Passed" testListId="8c84fa94-04c1-424b-9868-57a2d4851a1d" relativeResultsDirectory="54556925-0389-4a4e-8c3e-ea951ff1bb0f" dataRowInfo="30" resultType="DataDrivenDataRow" />
        <UnitTestResult executionId="794e796b-18d9-4f5c-a86d-ab327848a802" parentExecutionId="08c6aea0-13bf-4b6e-8988-40b00d0784f6" testId="30809299-0e3e-4ac7-4a2a-6f8c296d2226" testName="ToUri_Passing_ValidValueString_Returns_Uri (http://➡.ws/䨹)" computerName="PC-SFERRARI" duration="00:00:00.0000301" startTime="2021-01-07T17:21:27.6296786+00:00" endTime="2021-01-07T17:21:27.6316581+00:00" testType="13cdc9d9-ddb5-4fa4-a97d-d965ccfc6d4b" outcome="Passed" testListId="8c84fa94-04c1-424b-9868-57a2d4851a1d" relativeResultsDirectory="794e796b-18d9-4f5c-a86d-ab327848a802" dataRowInfo="31" resultType="DataDrivenDataRow" />
        <UnitTestResult executionId="3edb66db-121f-4be7-8c7c-46f8dd1adac1" parentExecutionId="08c6aea0-13bf-4b6e-8988-40b00d0784f6" testId="30809299-0e3e-4ac7-4a2a-6f8c296d2226" testName="ToUri_Passing_ValidValueString_Returns_Uri (http://⌘.ws)" computerName="PC-SFERRARI" duration="00:00:00.0000103" startTime="2021-01-07T17:21:27.6296786+00:00" endTime="2021-01-07T17:21:27.6316581+00:00" testType="13cdc9d9-ddb5-4fa4-a97d-d965ccfc6d4b" outcome="Passed" testListId="8c84fa94-04c1-424b-9868-57a2d4851a1d" relativeResultsDirectory="3edb66db-121f-4be7-8c7c-46f8dd1adac1" dataRowInfo="32" resultType="DataDrivenDataRow" />
        <UnitTestResult executionId="fb82abde-8c48-4787-80a3-19dca2f857b9" parentExecutionId="08c6aea0-13bf-4b6e-8988-40b00d0784f6" testId="30809299-0e3e-4ac7-4a2a-6f8c296d2226" testName="ToUri_Passing_ValidValueString_Returns_Uri (http://⌘.ws/)" computerName="PC-SFERRARI" duration="00:00:00.0000050" startTime="2021-01-07T17:21:27.6296786+00:00" endTime="2021-01-07T17:21:27.6316581+00:00" testType="13cdc9d9-ddb5-4fa4-a97d-d965ccfc6d4b" outcome="Passed" testListId="8c84fa94-04c1-424b-9868-57a2d4851a1d" relativeResultsDirectory="fb82abde-8c48-4787-80a3-19dca2f857b9" dataRowInfo="33" resultType="DataDrivenDataRow" />
        <UnitTestResult executionId="fb977f64-1e6f-4e9b-af65-9cde5d5e6e25" parentExecutionId="08c6aea0-13bf-4b6e-8988-40b00d0784f6" testId="30809299-0e3e-4ac7-4a2a-6f8c296d2226" testName="ToUri_Passing_ValidValueString_Returns_Uri (http://foo.com/blah_(wikipedia)#cite-1)" computerName="PC-SFERRARI" duration="00:00:00.0000080" startTime="2021-01-07T17:21:27.6296786+00:00" endTime="2021-01-07T17:21:27.6316581+00:00" testType="13cdc9d9-ddb5-4fa4-a97d-d965ccfc6d4b" outcome="Passed" testListId="8c84fa94-04c1-424b-9868-57a2d4851a1d" relativeResultsDirectory="fb977f64-1e6f-4e9b-af65-9cde5d5e6e25" dataRowInfo="34" resultType="DataDrivenDataRow" />
        <UnitTestResult executionId="9f0181fc-7dc9-4fe4-bef5-54184960ce83" parentExecutionId="08c6aea0-13bf-4b6e-8988-40b00d0784f6" testId="30809299-0e3e-4ac7-4a2a-6f8c296d2226" testName="ToUri_Passing_ValidValueString_Returns_Uri (http://foo.com/blah_(wikipedia)_blah#cite-1)" computerName="PC-SFERRARI" duration="00:00:00.0000024" startTime="2021-01-07T17:21:27.6296786+00:00" endTime="2021-01-07T17:21:27.6316581+00:00" testType="13cdc9d9-ddb5-4fa4-a97d-d965ccfc6d4b" outcome="Passed" testListId="8c84fa94-04c1-424b-9868-57a2d4851a1d" relativeResultsDirectory="9f0181fc-7dc9-4fe4-bef5-54184960ce83" dataRowInfo="35" resultType="DataDrivenDataRow" />
        <UnitTestResult executionId="3ab3c200-c2f1-45e5-932e-c9d1f55b6ee6" parentExecutionId="08c6aea0-13bf-4b6e-8988-40b00d0784f6" testId="30809299-0e3e-4ac7-4a2a-6f8c296d2226" testName="ToUri_Passing_ValidValueString_Returns_Uri (http://foo.com/unicode_(✪)_in_parens)" computerName="PC-SFERRARI" duration="00:00:00.0000048" startTime="2021-01-07T17:21:27.6296786+00:00" endTime="2021-01-07T17:21:27.6316581+00:00" testType="13cdc9d9-ddb5-4fa4-a97d-d965ccfc6d4b" outcome="Passed" testListId="8c84fa94-04c1-424b-9868-57a2d4851a1d" relativeResultsDirectory="3ab3c200-c2f1-45e5-932e-c9d1f55b6ee6" dataRowInfo="36" resultType="DataDrivenDataRow" />
        <UnitTestResult executionId="7ac7285d-3166-4ffe-9d16-04af6388cea6" parentExecutionId="08c6aea0-13bf-4b6e-8988-40b00d0784f6" testId="30809299-0e3e-4ac7-4a2a-6f8c296d2226" testName="ToUri_Passing_ValidValueString_Returns_Uri (http://foo.com/(something)?after=parens)" computerName="PC-SFERRARI" duration="00:00:00.0000025" startTime="2021-01-07T17:21:27.6296786+00:00" endTime="2021-01-07T17:21:27.6316581+00:00" testType="13cdc9d9-ddb5-4fa4-a97d-d965ccfc6d4b" outcome="Passed" testListId="8c84fa94-04c1-424b-9868-57a2d4851a1d" relativeResultsDirectory="7ac7285d-3166-4ffe-9d16-04af6388cea6" dataRowInfo="37" resultType="DataDrivenDataRow" />
        <UnitTestResult executionId="4d5f06d2-b187-400e-af7d-2f7cd7c79005" parentExecutionId="08c6aea0-13bf-4b6e-8988-40b00d0784f6" testId="30809299-0e3e-4ac7-4a2a-6f8c296d2226" testName="ToUri_Passing_ValidValueString_Returns_Uri (http://☺.damowmow.com/)" computerName="PC-SFERRARI" duration="00:00:00.0000057" startTime="2021-01-07T17:21:27.6296786+00:00" endTime="2021-01-07T17:21:27.6316581+00:00" testType="13cdc9d9-ddb5-4fa4-a97d-d965ccfc6d4b" outcome="Passed" testListId="8c84fa94-04c1-424b-9868-57a2d4851a1d" relativeResultsDirectory="4d5f06d2-b187-400e-af7d-2f7cd7c79005" dataRowInfo="38" resultType="DataDrivenDataRow" />
        <UnitTestResult executionId="afae1a85-fb14-438b-b537-9c4e991df6af" parentExecutionId="08c6aea0-13bf-4b6e-8988-40b00d0784f6" testId="30809299-0e3e-4ac7-4a2a-6f8c296d2226" testName="ToUri_Passing_ValidValueString_Returns_Uri (http://code.google.com/events/#&amp;product=browser)" computerName="PC-SFERRARI" duration="00:00:00.0000028" startTime="2021-01-07T17:21:27.6296786+00:00" endTime="2021-01-07T17:21:27.6316581+00:00" testType="13cdc9d9-ddb5-4fa4-a97d-d965ccfc6d4b" outcome="Passed" testListId="8c84fa94-04c1-424b-9868-57a2d4851a1d" relativeResultsDirectory="afae1a85-fb14-438b-b537-9c4e991df6af" dataRowInfo="39" resultType="DataDrivenDataRow" />
        <UnitTestResult executionId="9d867fa0-a620-4c2f-9f7b-f0c52a6d72ab" parentExecutionId="08c6aea0-13bf-4b6e-8988-40b00d0784f6" testId="30809299-0e3e-4ac7-4a2a-6f8c296d2226" testName="ToUri_Passing_ValidValueString_Returns_Uri (http://j.mp)" computerName="PC-SFERRARI" duration="00:00:00.0000025" startTime="2021-01-07T17:21:27.6296786+00:00" endTime="2021-01-07T17:21:27.6316581+00:00" testType="13cdc9d9-ddb5-4fa4-a97d-d965ccfc6d4b" outcome="Passed" testListId="8c84fa94-04c1-424b-9868-57a2d4851a1d" relativeResultsDirectory="9d867fa0-a620-4c2f-9f7b-f0c52a6d72ab" dataRowInfo="40" resultType="DataDrivenDataRow" />
        <UnitTestResult executionId="044ca12c-e5fd-4ea6-9ce4-b6163e94e9ac" parentExecutionId="08c6aea0-13bf-4b6e-8988-40b00d0784f6" testId="30809299-0e3e-4ac7-4a2a-6f8c296d2226" testName="ToUri_Passing_ValidValueString_Returns_Uri (http://foo.bar/?q=Test%20URL-encoded%20stuff)" computerName="PC-SFERRARI" duration="00:00:00.0000193" startTime="2021-01-07T17:21:27.6296786+00:00" endTime="2021-01-07T17:21:27.6316581+00:00" testType="13cdc9d9-ddb5-4fa4-a97d-d965ccfc6d4b" outcome="Passed" testListId="8c84fa94-04c1-424b-9868-57a2d4851a1d" relativeResultsDirectory="044ca12c-e5fd-4ea6-9ce4-b6163e94e9ac" dataRowInfo="41" resultType="DataDrivenDataRow" />
        <UnitTestResult executionId="695a33a3-bd9d-4dbf-b678-476282ca99bd" parentExecutionId="08c6aea0-13bf-4b6e-8988-40b00d0784f6" testId="30809299-0e3e-4ac7-4a2a-6f8c296d2226" testName="ToUri_Passing_ValidValueString_Returns_Uri (http://مثال.إختبار)" computerName="PC-SFERRARI" duration="00:00:00.0000099" startTime="2021-01-07T17:21:27.6296786+00:00" endTime="2021-01-07T17:21:27.6316581+00:00" testType="13cdc9d9-ddb5-4fa4-a97d-d965ccfc6d4b" outcome="Passed" testListId="8c84fa94-04c1-424b-9868-57a2d4851a1d" relativeResultsDirectory="695a33a3-bd9d-4dbf-b678-476282ca99bd" dataRowInfo="42" resultType="DataDrivenDataRow" />
        <UnitTestResult executionId="24ff23f3-730c-43a1-a5f6-881dba10b900" parentExecutionId="08c6aea0-13bf-4b6e-8988-40b00d0784f6" testId="30809299-0e3e-4ac7-4a2a-6f8c296d2226" testName="ToUri_Passing_ValidValueString_Returns_Uri (http://例子.测试)" computerName="PC-SFERRARI" duration="00:00:00.0000045" startTime="2021-01-07T17:21:27.6296786+00:00" endTime="2021-01-07T17:21:27.6316581+00:00" testType="13cdc9d9-ddb5-4fa4-a97d-d965ccfc6d4b" outcome="Passed" testListId="8c84fa94-04c1-424b-9868-57a2d4851a1d" relativeResultsDirectory="24ff23f3-730c-43a1-a5f6-881dba10b900" dataRowInfo="43" resultType="DataDrivenDataRow" />
        <UnitTestResult executionId="92947132-9a3b-406a-a859-6be6741d6f12" parentExecutionId="08c6aea0-13bf-4b6e-8988-40b00d0784f6" testId="30809299-0e3e-4ac7-4a2a-6f8c296d2226" testName="ToUri_Passing_ValidValueString_Returns_Uri (http://उदाहरण.परीक्ष)" computerName="PC-SFERRARI" duration="00:00:00.0000051" startTime="2021-01-07T17:21:27.6296786+00:00" endTime="2021-01-07T17:21:27.6316581+00:00" testType="13cdc9d9-ddb5-4fa4-a97d-d965ccfc6d4b" outcome="Passed" testListId="8c84fa94-04c1-424b-9868-57a2d4851a1d" relativeResultsDirectory="92947132-9a3b-406a-a859-6be6741d6f12" dataRowInfo="44" resultType="DataDrivenDataRow" />
        <UnitTestResult executionId="ee9c5b4e-6abc-422b-9967-2548f58c0cdf" parentExecutionId="08c6aea0-13bf-4b6e-8988-40b00d0784f6" testId="30809299-0e3e-4ac7-4a2a-6f8c296d2226" testName="ToUri_Passing_ValidValueString_Returns_Uri (http://-.~_!$&amp;'()*+,;=:%40:80%2f::::::@example.com)" computerName="PC-SFERRARI" duration="00:00:00.0000035" startTime="2021-01-07T17:21:27.6296786+00:00" endTime="2021-01-07T17:21:27.6316581+00:00" testType="13cdc9d9-ddb5-4fa4-a97d-d965ccfc6d4b" outcome="Passed" testListId="8c84fa94-04c1-424b-9868-57a2d4851a1d" relativeResultsDirectory="ee9c5b4e-6abc-422b-9967-2548f58c0cdf" dataRowInfo="45" resultType="DataDrivenDataRow" />
        <UnitTestResult executionId="4e2441f7-b25f-410f-b2ac-ce76a27a8470" parentExecutionId="08c6aea0-13bf-4b6e-8988-40b00d0784f6" testId="30809299-0e3e-4ac7-4a2a-6f8c296d2226" testName="ToUri_Passing_ValidValueString_Returns_Uri (http://1337.net)" computerName="PC-SFERRARI" duration="00:00:00.0000028" startTime="2021-01-07T17:21:27.6296786+00:00" endTime="2021-01-07T17:21:27.6316581+00:00" testType="13cdc9d9-ddb5-4fa4-a97d-d965ccfc6d4b" outcome="Passed" testListId="8c84fa94-04c1-424b-9868-57a2d4851a1d" relativeResultsDirectory="4e2441f7-b25f-410f-b2ac-ce76a27a8470" dataRowInfo="46" resultType="DataDrivenDataRow" />
        <UnitTestResult executionId="47210e67-07c7-4299-9aa0-1ca6c1262310" parentExecutionId="08c6aea0-13bf-4b6e-8988-40b00d0784f6" testId="30809299-0e3e-4ac7-4a2a-6f8c296d2226" testName="ToUri_Passing_ValidValueString_Returns_Uri (http://a.b-c.de)" computerName="PC-SFERRARI" duration="00:00:00.0000075" startTime="2021-01-07T17:21:27.6296786+00:00" endTime="2021-01-07T17:21:27.6316581+00:00" testType="13cdc9d9-ddb5-4fa4-a97d-d965ccfc6d4b" outcome="Passed" testListId="8c84fa94-04c1-424b-9868-57a2d4851a1d" relativeResultsDirectory="47210e67-07c7-4299-9aa0-1ca6c1262310" dataRowInfo="47" resultType="DataDrivenDataRow" />
        <UnitTestResult executionId="a7c04181-4051-4fb7-8504-cf268b1f226b" parentExecutionId="08c6aea0-13bf-4b6e-8988-40b00d0784f6" testId="30809299-0e3e-4ac7-4a2a-6f8c296d2226" testName="ToUri_Passing_ValidValueString_Returns_Uri (http://223.255.255.254)" computerName="PC-SFERRARI" duration="00:00:00.0000025" startTime="2021-01-07T17:21:27.6296786+00:00" endTime="2021-01-07T17:21:27.6316581+00:00" testType="13cdc9d9-ddb5-4fa4-a97d-d965ccfc6d4b" outcome="Passed" testListId="8c84fa94-04c1-424b-9868-57a2d4851a1d" relativeResultsDirectory="a7c04181-4051-4fb7-8504-cf268b1f226b" dataRowInfo="48" resultType="DataDrivenDataRow" />
      </InnerResults>
    </UnitTestResult>
    <UnitTestResult executionId="9e904429-b3d8-4f84-8906-fea2362aa5b0" testId="c180eeb5-df7f-187e-c74d-0f6d31acdec5" testName="ToUri_Passing_InvalidValueString_Returns_Null" computerName="PC-SFERRARI" duration="00:00:00.0010077" startTime="2021-01-07T17:21:27.6227235+00:00" endTime="2021-01-07T17:21:27.6239874+00:00" testType="13cdc9d9-ddb5-4fa4-a97d-d965ccfc6d4b" outcome="Passed" testListId="8c84fa94-04c1-424b-9868-57a2d4851a1d" relativeResultsDirectory="9e904429-b3d8-4f84-8906-fea2362aa5b0" resultType="DataDrivenTest">
      <InnerResults>
        <UnitTestResult executionId="5cda0b72-4625-48a2-85fe-7667a5f5bce4" parentExecutionId="9e904429-b3d8-4f84-8906-fea2362aa5b0" testId="c180eeb5-df7f-187e-c74d-0f6d31acdec5" testName="ToUri_Passing_InvalidValueString_Returns_Null (http://?)" computerName="PC-SFERRARI" duration="00:00:00.0005933" startTime="2021-01-07T17:21:27.6227235+00:00" endTime="2021-01-07T17:21:27.6239874+00:00" testType="13cdc9d9-ddb5-4fa4-a97d-d965ccfc6d4b" outcome="Passed" testListId="8c84fa94-04c1-424b-9868-57a2d4851a1d" relativeResultsDirectory="5cda0b72-4625-48a2-85fe-7667a5f5bce4" dataRowInfo="1" resultType="DataDrivenDataRow" />
        <UnitTestResult executionId="105fdb6b-9a04-4f22-9fb6-6e396002b22e" parentExecutionId="9e904429-b3d8-4f84-8906-fea2362aa5b0" testId="c180eeb5-df7f-187e-c74d-0f6d31acdec5" testName="ToUri_Passing_InvalidValueString_Returns_Null (http://)" computerName="PC-SFERRARI" duration="00:00:00.0000133" startTime="2021-01-07T17:21:27.6227235+00:00" endTime="2021-01-07T17:21:27.6239874+00:00" testType="13cdc9d9-ddb5-4fa4-a97d-d965ccfc6d4b" outcome="Passed" testListId="8c84fa94-04c1-424b-9868-57a2d4851a1d" relativeResultsDirectory="105fdb6b-9a04-4f22-9fb6-6e396002b22e" dataRowInfo="2" resultType="DataDrivenDataRow" />
        <UnitTestResult executionId="0acd82be-5fdc-450d-a87d-3344bd9499be" parentExecutionId="9e904429-b3d8-4f84-8906-fea2362aa5b0" testId="c180eeb5-df7f-187e-c74d-0f6d31acdec5" testName="ToUri_Passing_InvalidValueString_Returns_Null (http://.)" computerName="PC-SFERRARI" duration="00:00:00.0000068" startTime="2021-01-07T17:21:27.6227235+00:00" endTime="2021-01-07T17:21:27.6239874+00:00" testType="13cdc9d9-ddb5-4fa4-a97d-d965ccfc6d4b" outcome="Passed" testListId="8c84fa94-04c1-424b-9868-57a2d4851a1d" relativeResultsDirectory="0acd82be-5fdc-450d-a87d-3344bd9499be" dataRowInfo="3" resultType="DataDrivenDataRow" />
        <UnitTestResult executionId="9b9951e6-3b1b-46ed-aaea-1f779b64a919" parentExecutionId="9e904429-b3d8-4f84-8906-fea2362aa5b0" testId="c180eeb5-df7f-187e-c74d-0f6d31acdec5" testName="ToUri_Passing_InvalidValueString_Returns_Null (http://..)" computerName="PC-SFERRARI" duration="00:00:00.0000139" startTime="2021-01-07T17:21:27.6227235+00:00" endTime="2021-01-07T17:21:27.6239874+00:00" testType="13cdc9d9-ddb5-4fa4-a97d-d965ccfc6d4b" outcome="Passed" testListId="8c84fa94-04c1-424b-9868-57a2d4851a1d" relativeResultsDirectory="9b9951e6-3b1b-46ed-aaea-1f779b64a919" dataRowInfo="4" resultType="DataDrivenDataRow" />
        <UnitTestResult executionId="895bd166-b0ea-420f-824a-1c31d5741c17" parentExecutionId="9e904429-b3d8-4f84-8906-fea2362aa5b0" testId="c180eeb5-df7f-187e-c74d-0f6d31acdec5" testName="ToUri_Passing_InvalidValueString_Returns_Null (http://../)" computerName="PC-SFERRARI" duration="00:00:00.0000052" startTime="2021-01-07T17:21:27.6227235+00:00" endTime="2021-01-07T17:21:27.6239874+00:00" testType="13cdc9d9-ddb5-4fa4-a97d-d965ccfc6d4b" outcome="Passed" testListId="8c84fa94-04c1-424b-9868-57a2d4851a1d" relativeResultsDirectory="895bd166-b0ea-420f-824a-1c31d5741c17" dataRowInfo="5" resultType="DataDrivenDataRow" />
        <UnitTestResult executionId="1702701a-bdbd-442d-b2a7-c3f123937a13" parentExecutionId="9e904429-b3d8-4f84-8906-fea2362aa5b0" testId="c180eeb5-df7f-187e-c74d-0f6d31acdec5" testName="ToUri_Passing_InvalidValueString_Returns_Null (http://?)" computerName="PC-SFERRARI" duration="00:00:00.0000040" startTime="2021-01-07T17:21:27.6227235+00:00" endTime="2021-01-07T17:21:27.6239874+00:00" testType="13cdc9d9-ddb5-4fa4-a97d-d965ccfc6d4b" outcome="Passed" testListId="8c84fa94-04c1-424b-9868-57a2d4851a1d" relativeResultsDirectory="1702701a-bdbd-442d-b2a7-c3f123937a13" dataRowInfo="6" resultType="DataDrivenDataRow" />
        <UnitTestResult executionId="928f8ae8-94ce-446a-b07b-6af511aeaa6e" parentExecutionId="9e904429-b3d8-4f84-8906-fea2362aa5b0" testId="c180eeb5-df7f-187e-c74d-0f6d31acdec5" testName="ToUri_Passing_InvalidValueString_Returns_Null (http://??)" computerName="PC-SFERRARI" duration="00:00:00.0000040" startTime="2021-01-07T17:21:27.6227235+00:00" endTime="2021-01-07T17:21:27.6239874+00:00" testType="13cdc9d9-ddb5-4fa4-a97d-d965ccfc6d4b" outcome="Passed" testListId="8c84fa94-04c1-424b-9868-57a2d4851a1d" relativeResultsDirectory="928f8ae8-94ce-446a-b07b-6af511aeaa6e" dataRowInfo="7" resultType="DataDrivenDataRow" />
        <UnitTestResult executionId="f4d8763f-f628-4d7e-8e30-0e3f19420931" parentExecutionId="9e904429-b3d8-4f84-8906-fea2362aa5b0" testId="c180eeb5-df7f-187e-c74d-0f6d31acdec5" testName="ToUri_Passing_InvalidValueString_Returns_Null (http://??/)" computerName="PC-SFERRARI" duration="00:00:00.0000051" startTime="2021-01-07T17:21:27.6227235+00:00" endTime="2021-01-07T17:21:27.6239874+00:00" testType="13cdc9d9-ddb5-4fa4-a97d-d965ccfc6d4b" outcome="Passed" testListId="8c84fa94-04c1-424b-9868-57a2d4851a1d" relativeResultsDirectory="f4d8763f-f628-4d7e-8e30-0e3f19420931" dataRowInfo="8" resultType="DataDrivenDataRow" />
        <UnitTestResult executionId="cf9837d6-7949-411c-8dad-cc53c4fcfd53" parentExecutionId="9e904429-b3d8-4f84-8906-fea2362aa5b0" testId="c180eeb5-df7f-187e-c74d-0f6d31acdec5" testName="ToUri_Passing_InvalidValueString_Returns_Null (http://#)" computerName="PC-SFERRARI" duration="00:00:00.0000047" startTime="2021-01-07T17:21:27.6227235+00:00" endTime="2021-01-07T17:21:27.6239874+00:00" testType="13cdc9d9-ddb5-4fa4-a97d-d965ccfc6d4b" outcome="Passed" testListId="8c84fa94-04c1-424b-9868-57a2d4851a1d" relativeResultsDirectory="cf9837d6-7949-411c-8dad-cc53c4fcfd53" dataRowInfo="9" resultType="DataDrivenDataRow" />
        <UnitTestResult executionId="5ec743fe-5dac-4a61-b1e4-3716a99f68f5" parentExecutionId="9e904429-b3d8-4f84-8906-fea2362aa5b0" testId="c180eeb5-df7f-187e-c74d-0f6d31acdec5" testName="ToUri_Passing_InvalidValueString_Returns_Null (http://##)" computerName="PC-SFERRARI" duration="00:00:00.0000046" startTime="2021-01-07T17:21:27.6227235+00:00" endTime="2021-01-07T17:21:27.6239874+00:00" testType="13cdc9d9-ddb5-4fa4-a97d-d965ccfc6d4b" outcome="Passed" testListId="8c84fa94-04c1-424b-9868-57a2d4851a1d" relativeResultsDirectory="5ec743fe-5dac-4a61-b1e4-3716a99f68f5" dataRowInfo="10" resultType="DataDrivenDataRow" />
        <UnitTestResult executionId="ec892de3-3ead-4141-9e7d-cad9f781df93" parentExecutionId="9e904429-b3d8-4f84-8906-fea2362aa5b0" testId="c180eeb5-df7f-187e-c74d-0f6d31acdec5" testName="ToUri_Passing_InvalidValueString_Returns_Null (http://##/)" computerName="PC-SFERRARI" duration="00:00:00.0000050" startTime="2021-01-07T17:21:27.6227235+00:00" endTime="2021-01-07T17:21:27.6239874+00:00" testType="13cdc9d9-ddb5-4fa4-a97d-d965ccfc6d4b" outcome="Passed" testListId="8c84fa94-04c1-424b-9868-57a2d4851a1d" relativeResultsDirectory="ec892de3-3ead-4141-9e7d-cad9f781df93" dataRowInfo="11" resultType="DataDrivenDataRow" />
      </InnerResults>
    </UnitTestResult>
    <UnitTestResult executionId="b5ae7cf3-93d1-4b1b-9312-dec2dccd0460" testId="725d136c-3e7a-6e51-fc61-03203ffec0b5" testName="IsSubdomain_Passing_ValidArguments_Returns_HasErrorsAndCount" computerName="PC-SFERRARI" duration="00:00:00.0030841" startTime="2021-01-07T17:21:26.5032025+00:00" endTime="2021-01-07T17:21:26.5064144+00:00" testType="13cdc9d9-ddb5-4fa4-a97d-d965ccfc6d4b" outcome="Passed" testListId="8c84fa94-04c1-424b-9868-57a2d4851a1d" relativeResultsDirectory="b5ae7cf3-93d1-4b1b-9312-dec2dccd0460" />
    <UnitTestResult executionId="759f82aa-def7-4f50-9afe-29503f59898a" testId="bc6955b8-aec0-957c-bad4-853e5cfa19a1" testName="ToCount_Passing_ValidEnumType_Returns_Count" computerName="PC-SFERRARI" duration="00:00:00.0005663" startTime="2021-01-07T17:21:26.8103712+00:00" endTime="2021-01-07T17:21:26.8113538+00:00" testType="13cdc9d9-ddb5-4fa4-a97d-d965ccfc6d4b" outcome="Passed" testListId="8c84fa94-04c1-424b-9868-57a2d4851a1d" relativeResultsDirectory="759f82aa-def7-4f50-9afe-29503f59898a" />
    <UnitTestResult executionId="42ea5343-4b14-4d9c-b102-f5a01a162bf6" testId="1b969e76-d97c-c639-c377-a41796fbb2c3" testName="ToHashAlgorithmName_Passing_InvalidValueString_Returns_Null" computerName="PC-SFERRARI" duration="00:00:00.0003256" startTime="2021-01-07T17:21:27.5579760+00:00" endTime="2021-01-07T17:21:27.5584427+00:00" testType="13cdc9d9-ddb5-4fa4-a97d-d965ccfc6d4b" outcome="Passed" testListId="8c84fa94-04c1-424b-9868-57a2d4851a1d" relativeResultsDirectory="42ea5343-4b14-4d9c-b102-f5a01a162bf6" resultType="DataDrivenTest">
      <InnerResults>
        <UnitTestResult executionId="03582085-7c3b-4cc4-8e96-aa3be517a905" parentExecutionId="42ea5343-4b14-4d9c-b102-f5a01a162bf6" testId="1b969e76-d97c-c639-c377-a41796fbb2c3" testName="ToHashAlgorithmName_Passing_InvalidValueString_Returns_Null (hhhhhh)" computerName="PC-SFERRARI" duration="00:00:00.0002716" startTime="2021-01-07T17:21:27.5579760+00:00" endTime="2021-01-07T17:21:27.5584427+00:00" testType="13cdc9d9-ddb5-4fa4-a97d-d965ccfc6d4b" outcome="Passed" testListId="8c84fa94-04c1-424b-9868-57a2d4851a1d" relativeResultsDirectory="03582085-7c3b-4cc4-8e96-aa3be517a905" dataRowInfo="1" resultType="DataDrivenDataRow" />
      </InnerResults>
    </UnitTestResult>
    <UnitTestResult executionId="746e3bd2-789e-44e7-aa1d-77e3da3c4859" testId="bb347f18-44ab-0d77-d5bd-a671e4c37650" testName="ToRemove_Passing_ValidValue_Returns_ValueWithoutRemovedChars" computerName="PC-SFERRARI" duration="00:00:00.0009719" startTime="2021-01-07T17:21:27.5948931+00:00" endTime="2021-01-07T17:21:27.5961302+00:00" testType="13cdc9d9-ddb5-4fa4-a97d-d965ccfc6d4b" outcome="Passed" testListId="8c84fa94-04c1-424b-9868-57a2d4851a1d" relativeResultsDirectory="746e3bd2-789e-44e7-aa1d-77e3da3c4859" resultType="DataDrivenTest">
      <InnerResults>
        <UnitTestResult executionId="ba02785c-0b9c-45c2-ae3f-1f0cedb0955e" parentExecutionId="746e3bd2-789e-44e7-aa1d-77e3da3c4859" testId="bb347f18-44ab-0d77-d5bd-a671e4c37650" testName="ToRemove_Passing_ValidValue_Returns_ValueWithoutRemovedChars ( *, ,*)" computerName="PC-SFERRARI" duration="00:00:00.0006678" startTime="2021-01-07T17:21:27.5948931+00:00" endTime="2021-01-07T17:21:27.5961302+00:00" testType="13cdc9d9-ddb5-4fa4-a97d-d965ccfc6d4b" outcome="Passed" testListId="8c84fa94-04c1-424b-9868-57a2d4851a1d" relativeResultsDirectory="ba02785c-0b9c-45c2-ae3f-1f0cedb0955e" dataRowInfo="1" resultType="DataDrivenDataRow" />
        <UnitTestResult executionId="119f0cf3-d792-4038-97af-e65a7e4ce3ed" parentExecutionId="746e3bd2-789e-44e7-aa1d-77e3da3c4859" testId="bb347f18-44ab-0d77-d5bd-a671e4c37650" testName="ToRemove_Passing_ValidValue_Returns_ValueWithoutRemovedChars (* , ,*)" computerName="PC-SFERRARI" duration="00:00:00.0000214" startTime="2021-01-07T17:21:27.5948931+00:00" endTime="2021-01-07T17:21:27.5961302+00:00" testType="13cdc9d9-ddb5-4fa4-a97d-d965ccfc6d4b" outcome="Passed" testListId="8c84fa94-04c1-424b-9868-57a2d4851a1d" relativeResultsDirectory="119f0cf3-d792-4038-97af-e65a7e4ce3ed" dataRowInfo="2" resultType="DataDrivenDataRow" />
        <UnitTestResult executionId="f9256d07-8dad-426b-8e4e-cdea80b18554" parentExecutionId="746e3bd2-789e-44e7-aa1d-77e3da3c4859" testId="bb347f18-44ab-0d77-d5bd-a671e4c37650" testName="ToRemove_Passing_ValidValue_Returns_ValueWithoutRemovedChars ( * , ,*)" computerName="PC-SFERRARI" duration="00:00:00.0000059" startTime="2021-01-07T17:21:27.5948931+00:00" endTime="2021-01-07T17:21:27.5961302+00:00" testType="13cdc9d9-ddb5-4fa4-a97d-d965ccfc6d4b" outcome="Passed" testListId="8c84fa94-04c1-424b-9868-57a2d4851a1d" relativeResultsDirectory="f9256d07-8dad-426b-8e4e-cdea80b18554" dataRowInfo="3" resultType="DataDrivenDataRow" />
        <UnitTestResult executionId="105233f1-e6fa-495b-b8ea-1bfb3a983f68" parentExecutionId="746e3bd2-789e-44e7-aa1d-77e3da3c4859" testId="bb347f18-44ab-0d77-d5bd-a671e4c37650" testName="ToRemove_Passing_ValidValue_Returns_ValueWithoutRemovedChars (hello hello, ,hellohello)" computerName="PC-SFERRARI" duration="00:00:00.0000061" startTime="2021-01-07T17:21:27.5948931+00:00" endTime="2021-01-07T17:21:27.5961302+00:00" testType="13cdc9d9-ddb5-4fa4-a97d-d965ccfc6d4b" outcome="Passed" testListId="8c84fa94-04c1-424b-9868-57a2d4851a1d" relativeResultsDirectory="105233f1-e6fa-495b-b8ea-1bfb3a983f68" dataRowInfo="4" resultType="DataDrivenDataRow" />
        <UnitTestResult executionId="0871bf58-3965-4fd4-abf8-543a944d0e36" parentExecutionId="746e3bd2-789e-44e7-aa1d-77e3da3c4859" testId="bb347f18-44ab-0d77-d5bd-a671e4c37650" testName="ToRemove_Passing_ValidValue_Returns_ValueWithoutRemovedChars (hello hello , ,hellohello)" computerName="PC-SFERRARI" duration="00:00:00.0000048" startTime="2021-01-07T17:21:27.5948931+00:00" endTime="2021-01-07T17:21:27.5961302+00:00" testType="13cdc9d9-ddb5-4fa4-a97d-d965ccfc6d4b" outcome="Passed" testListId="8c84fa94-04c1-424b-9868-57a2d4851a1d" relativeResultsDirectory="0871bf58-3965-4fd4-abf8-543a944d0e36" dataRowInfo="5" resultType="DataDrivenDataRow" />
        <UnitTestResult executionId="b0cf414b-3b3c-420c-909d-85bfdcf296c0" parentExecutionId="746e3bd2-789e-44e7-aa1d-77e3da3c4859" testId="bb347f18-44ab-0d77-d5bd-a671e4c37650" testName="ToRemove_Passing_ValidValue_Returns_ValueWithoutRemovedChars ( hello hello , ,hellohello)" computerName="PC-SFERRARI" duration="00:00:00.0000050" startTime="2021-01-07T17:21:27.5948931+00:00" endTime="2021-01-07T17:21:27.5961302+00:00" testType="13cdc9d9-ddb5-4fa4-a97d-d965ccfc6d4b" outcome="Passed" testListId="8c84fa94-04c1-424b-9868-57a2d4851a1d" relativeResultsDirectory="b0cf414b-3b3c-420c-909d-85bfdcf296c0" dataRowInfo="6" resultType="DataDrivenDataRow" />
        <UnitTestResult executionId="d989c430-545b-4f6d-9404-7758e1e7f00c" parentExecutionId="746e3bd2-789e-44e7-aa1d-77e3da3c4859" testId="bb347f18-44ab-0d77-d5bd-a671e4c37650" testName="ToRemove_Passing_ValidValue_Returns_ValueWithoutRemovedChars (aeiou,a,eiou)" computerName="PC-SFERRARI" duration="00:00:00.0000047" startTime="2021-01-07T17:21:27.5948931+00:00" endTime="2021-01-07T17:21:27.5961302+00:00" testType="13cdc9d9-ddb5-4fa4-a97d-d965ccfc6d4b" outcome="Passed" testListId="8c84fa94-04c1-424b-9868-57a2d4851a1d" relativeResultsDirectory="d989c430-545b-4f6d-9404-7758e1e7f00c" dataRowInfo="7" resultType="DataDrivenDataRow" />
        <UnitTestResult executionId="cab25b7a-f47e-4098-9052-ca41fceca580" parentExecutionId="746e3bd2-789e-44e7-aa1d-77e3da3c4859" testId="bb347f18-44ab-0d77-d5bd-a671e4c37650" testName="ToRemove_Passing_ValidValue_Returns_ValueWithoutRemovedChars (aeiou,ae,iou)" computerName="PC-SFERRARI" duration="00:00:00.0000046" startTime="2021-01-07T17:21:27.5948931+00:00" endTime="2021-01-07T17:21:27.5961302+00:00" testType="13cdc9d9-ddb5-4fa4-a97d-d965ccfc6d4b" outcome="Passed" testListId="8c84fa94-04c1-424b-9868-57a2d4851a1d" relativeResultsDirectory="cab25b7a-f47e-4098-9052-ca41fceca580" dataRowInfo="8" resultType="DataDrivenDataRow" />
        <UnitTestResult executionId="86953905-c70e-49e9-849a-31e8ed87222f" parentExecutionId="746e3bd2-789e-44e7-aa1d-77e3da3c4859" testId="bb347f18-44ab-0d77-d5bd-a671e4c37650" testName="ToRemove_Passing_ValidValue_Returns_ValueWithoutRemovedChars (aeiou,aei,ou)" computerName="PC-SFERRARI" duration="00:00:00.0000045" startTime="2021-01-07T17:21:27.5948931+00:00" endTime="2021-01-07T17:21:27.5961302+00:00" testType="13cdc9d9-ddb5-4fa4-a97d-d965ccfc6d4b" outcome="Passed" testListId="8c84fa94-04c1-424b-9868-57a2d4851a1d" relativeResultsDirectory="86953905-c70e-49e9-849a-31e8ed87222f" dataRowInfo="9" resultType="DataDrivenDataRow" />
        <UnitTestResult executionId="922b1284-ff4e-4a29-a10a-a1c7074ee63d" parentExecutionId="746e3bd2-789e-44e7-aa1d-77e3da3c4859" testId="bb347f18-44ab-0d77-d5bd-a671e4c37650" testName="ToRemove_Passing_ValidValue_Returns_ValueWithoutRemovedChars (aeiou,aeio,u)" computerName="PC-SFERRARI" duration="00:00:00.0000046" startTime="2021-01-07T17:21:27.5948931+00:00" endTime="2021-01-07T17:21:27.5961302+00:00" testType="13cdc9d9-ddb5-4fa4-a97d-d965ccfc6d4b" outcome="Passed" testListId="8c84fa94-04c1-424b-9868-57a2d4851a1d" relativeResultsDirectory="922b1284-ff4e-4a29-a10a-a1c7074ee63d" dataRowInfo="10" resultType="DataDrivenDataRow" />
        <UnitTestResult executionId="3092c467-5794-48da-b633-3c69fd75c688" parentExecutionId="746e3bd2-789e-44e7-aa1d-77e3da3c4859" testId="bb347f18-44ab-0d77-d5bd-a671e4c37650" testName="ToRemove_Passing_ValidValue_Returns_ValueWithoutRemovedChars (aeiou,aeiou,)" computerName="PC-SFERRARI" duration="00:00:00.0000047" startTime="2021-01-07T17:21:27.5948931+00:00" endTime="2021-01-07T17:21:27.5961302+00:00" testType="13cdc9d9-ddb5-4fa4-a97d-d965ccfc6d4b" outcome="Passed" testListId="8c84fa94-04c1-424b-9868-57a2d4851a1d" relativeResultsDirectory="3092c467-5794-48da-b633-3c69fd75c688" dataRowInfo="11" resultType="DataDrivenDataRow" />
        <UnitTestResult executionId="6ee7e9ae-76d3-40fd-a493-f905ed8a14ee" parentExecutionId="746e3bd2-789e-44e7-aa1d-77e3da3c4859" testId="bb347f18-44ab-0d77-d5bd-a671e4c37650" testName="ToRemove_Passing_ValidValue_Returns_ValueWithoutRemovedChars (aeiou,e,aiou)" computerName="PC-SFERRARI" duration="00:00:00.0000052" startTime="2021-01-07T17:21:27.5948931+00:00" endTime="2021-01-07T17:21:27.5961302+00:00" testType="13cdc9d9-ddb5-4fa4-a97d-d965ccfc6d4b" outcome="Passed" testListId="8c84fa94-04c1-424b-9868-57a2d4851a1d" relativeResultsDirectory="6ee7e9ae-76d3-40fd-a493-f905ed8a14ee" dataRowInfo="12" resultType="DataDrivenDataRow" />
        <UnitTestResult executionId="fa1852db-f505-45cd-a783-e70cc861f300" parentExecutionId="746e3bd2-789e-44e7-aa1d-77e3da3c4859" testId="bb347f18-44ab-0d77-d5bd-a671e4c37650" testName="ToRemove_Passing_ValidValue_Returns_ValueWithoutRemovedChars (aeiou,ei,aou)" computerName="PC-SFERRARI" duration="00:00:00.0000045" startTime="2021-01-07T17:21:27.5948931+00:00" endTime="2021-01-07T17:21:27.5961302+00:00" testType="13cdc9d9-ddb5-4fa4-a97d-d965ccfc6d4b" outcome="Passed" testListId="8c84fa94-04c1-424b-9868-57a2d4851a1d" relativeResultsDirectory="fa1852db-f505-45cd-a783-e70cc861f300" dataRowInfo="13" resultType="DataDrivenDataRow" />
      </InnerResults>
    </UnitTestResult>
    <UnitTestResult executionId="fc62b616-5eae-4439-abce-383507b82a8b" testId="86b92527-4d52-052b-63ae-d9a8aa694919" testName="ToSettings_Passing_Values_From_Memory_Returns_Settings" computerName="PC-SFERRARI" duration="00:00:00.0014926" startTime="2021-01-07T17:21:26.7832516+00:00" endTime="2021-01-07T17:21:26.7848573+00:00" testType="13cdc9d9-ddb5-4fa4-a97d-d965ccfc6d4b" outcome="Passed" testListId="8c84fa94-04c1-424b-9868-57a2d4851a1d" relativeResultsDirectory="fc62b616-5eae-4439-abce-383507b82a8b" />
    <UnitTestResult executionId="c4e42ca4-ff02-4f70-ab49-360fb7e7a6c9" testId="580ff04a-e5c0-9f2f-90c3-4f2aeafd15c5" testName="ToIsNullOrEmptyThrow_Passing_InvalidValue_Returns_ApplicationExceptionWithMessage" computerName="PC-SFERRARI" duration="00:00:00.0006102" startTime="2021-01-07T17:21:26.4479857+00:00" endTime="2021-01-07T17:21:26.4487318+00:00" testType="13cdc9d9-ddb5-4fa4-a97d-d965ccfc6d4b" outcome="Passed" testListId="8c84fa94-04c1-424b-9868-57a2d4851a1d" relativeResultsDirectory="c4e42ca4-ff02-4f70-ab49-360fb7e7a6c9" />
    <UnitTestResult executionId="bc30fb06-7adb-4410-b498-8ee0a7f4fb8c" testId="c19b83a3-45fc-e848-cbcc-7f68b66eb4e3" testName="IsLowercase_Passing_InvalidArguments_Returns_HasErrorsAndCount" computerName="PC-SFERRARI" duration="00:00:00.0005418" startTime="2021-01-07T17:21:26.4931457+00:00" endTime="2021-01-07T17:21:26.4938174+00:00" testType="13cdc9d9-ddb5-4fa4-a97d-d965ccfc6d4b" outcome="Passed" testListId="8c84fa94-04c1-424b-9868-57a2d4851a1d" relativeResultsDirectory="bc30fb06-7adb-4410-b498-8ee0a7f4fb8c" />
    <UnitTestResult executionId="0f6d9535-6391-4f79-99cc-6a218a7a06a7" testId="a6625fb0-1b80-148b-87dc-9cf616e5e84d" testName="ToList_Passing_ValidEnumType_Returns_ValuesList" computerName="PC-SFERRARI" duration="00:00:00.0005793" startTime="2021-01-07T17:21:26.8343840+00:00" endTime="2021-01-07T17:21:26.8351403+00:00" testType="13cdc9d9-ddb5-4fa4-a97d-d965ccfc6d4b" outcome="Passed" testListId="8c84fa94-04c1-424b-9868-57a2d4851a1d" relativeResultsDirectory="0f6d9535-6391-4f79-99cc-6a218a7a06a7" />
    <UnitTestResult executionId="011900b7-2072-40bb-87a6-547ec7d6cbde" testId="13bab721-bf36-ea1b-3f50-9937b274e83a" testName="ToTryGetHeader_Passing_HttpRequest_Header_Value_Returns_Value" computerName="PC-SFERRARI" duration="00:00:00.0004547" startTime="2021-01-07T17:21:27.0724950+00:00" endTime="2021-01-07T17:21:27.0730249+00:00" testType="13cdc9d9-ddb5-4fa4-a97d-d965ccfc6d4b" outcome="Passed" testListId="8c84fa94-04c1-424b-9868-57a2d4851a1d" relativeResultsDirectory="011900b7-2072-40bb-87a6-547ec7d6cbde" />
    <UnitTestResult executionId="361f8d0a-f242-4050-9f2f-f0c77b557618" testId="def94964-1ba4-f78f-2dac-38055bb04256" testName="ToIsEmailThrow_Passing_InvalidValue_Returns_ApplicationExceptionWithMessage" computerName="PC-SFERRARI" duration="00:00:00.0115095" startTime="2021-01-07T17:21:26.4120265+00:00" endTime="2021-01-07T17:21:26.4248954+00:00" testType="13cdc9d9-ddb5-4fa4-a97d-d965ccfc6d4b" outcome="Passed" testListId="8c84fa94-04c1-424b-9868-57a2d4851a1d" relativeResultsDirectory="361f8d0a-f242-4050-9f2f-f0c77b557618" resultType="DataDrivenTest">
      <InnerResults>
        <UnitTestResult executionId="485a322e-6b68-46d8-836f-f3ab7e0d5344" parentExecutionId="361f8d0a-f242-4050-9f2f-f0c77b557618" testId="def94964-1ba4-f78f-2dac-38055bb04256" testName="ToIsEmailThrow_Passing_InvalidValue_Returns_ApplicationExceptionWithMessage (dasdasd@dsasd.._ff)" computerName="PC-SFERRARI" duration="00:00:00.0077913" startTime="2021-01-07T17:21:26.4120265+00:00" endTime="2021-01-07T17:21:26.4248954+00:00" testType="13cdc9d9-ddb5-4fa4-a97d-d965ccfc6d4b" outcome="Passed" testListId="8c84fa94-04c1-424b-9868-57a2d4851a1d" relativeResultsDirectory="485a322e-6b68-46d8-836f-f3ab7e0d5344" dataRowInfo="1" resultType="DataDrivenDataRow" />
        <UnitTestResult executionId="42d069b1-54a9-4e8a-a9d3-fde141215c13" parentExecutionId="361f8d0a-f242-4050-9f2f-f0c77b557618" testId="def94964-1ba4-f78f-2dac-38055bb04256" testName="ToIsEmailThrow_Passing_InvalidValue_Returns_ApplicationExceptionWithMessage (34fsds@@sdd.f)" computerName="PC-SFERRARI" duration="00:00:00.0001066" startTime="2021-01-07T17:21:26.4120265+00:00" endTime="2021-01-07T17:21:26.4248954+00:00" testType="13cdc9d9-ddb5-4fa4-a97d-d965ccfc6d4b" outcome="Passed" testListId="8c84fa94-04c1-424b-9868-57a2d4851a1d" relativeResultsDirectory="42d069b1-54a9-4e8a-a9d3-fde141215c13" dataRowInfo="2" resultType="DataDrivenDataRow" />
        <UnitTestResult executionId="8a790a22-b7f6-4b42-8497-efcaa27620a8" parentExecutionId="361f8d0a-f242-4050-9f2f-f0c77b557618" testId="def94964-1ba4-f78f-2dac-38055bb04256" testName="ToIsEmailThrow_Passing_InvalidValue_Returns_ApplicationExceptionWithMessage ()" computerName="PC-SFERRARI" duration="00:00:00.0000469" startTime="2021-01-07T17:21:26.4120265+00:00" endTime="2021-01-07T17:21:26.4248954+00:00" testType="13cdc9d9-ddb5-4fa4-a97d-d965ccfc6d4b" outcome="Passed" testListId="8c84fa94-04c1-424b-9868-57a2d4851a1d" relativeResultsDirectory="8a790a22-b7f6-4b42-8497-efcaa27620a8" dataRowInfo="3" resultType="DataDrivenDataRow" />
        <UnitTestResult executionId="ad8917bf-d31c-4216-9734-ba5a4e739de2" parentExecutionId="361f8d0a-f242-4050-9f2f-f0c77b557618" testId="def94964-1ba4-f78f-2dac-38055bb04256" testName="ToIsEmailThrow_Passing_InvalidValue_Returns_ApplicationExceptionWithMessage ()" computerName="PC-SFERRARI" duration="00:00:00.0000390" startTime="2021-01-07T17:21:26.4120265+00:00" endTime="2021-01-07T17:21:26.4248954+00:00" testType="13cdc9d9-ddb5-4fa4-a97d-d965ccfc6d4b" outcome="Passed" testListId="8c84fa94-04c1-424b-9868-57a2d4851a1d" relativeResultsDirectory="ad8917bf-d31c-4216-9734-ba5a4e739de2" dataRowInfo="4" resultType="DataDrivenDataRow" />
        <UnitTestResult executionId="76f1981d-4885-4517-831e-7339b94850e2" parentExecutionId="361f8d0a-f242-4050-9f2f-f0c77b557618" testId="def94964-1ba4-f78f-2dac-38055bb04256" testName="ToIsEmailThrow_Passing_InvalidValue_Returns_ApplicationExceptionWithMessage (34?fsds@sdd.yy)" computerName="PC-SFERRARI" duration="00:00:00.0000528" startTime="2021-01-07T17:21:26.4120265+00:00" endTime="2021-01-07T17:21:26.4248954+00:00" testType="13cdc9d9-ddb5-4fa4-a97d-d965ccfc6d4b" outcome="Passed" testListId="8c84fa94-04c1-424b-9868-57a2d4851a1d" relativeResultsDirectory="76f1981d-4885-4517-831e-7339b94850e2" dataRowInfo="5" resultType="DataDrivenDataRow" />
      </InnerResults>
    </UnitTestResult>
    <UnitTestResult executionId="822d4320-c18d-4f14-bae0-06d5716760eb" testId="98d4dd82-eb94-c060-7aeb-9b0a39f334fb" testName="ToIsLastDayOfTheMonth_Passing_LastDayOfMonth_Returns_True" computerName="PC-SFERRARI" duration="00:00:00.0002688" startTime="2021-01-07T17:21:26.7866844+00:00" endTime="2021-01-07T17:21:26.7870414+00:00" testType="13cdc9d9-ddb5-4fa4-a97d-d965ccfc6d4b" outcome="Passed" testListId="8c84fa94-04c1-424b-9868-57a2d4851a1d" relativeResultsDirectory="822d4320-c18d-4f14-bae0-06d5716760eb" />
    <UnitTestResult executionId="e8a51001-282b-4bb4-b20e-285ce6872dfc" testId="57d3cdd8-8268-9aa3-6f39-3cc0224b305c" testName="ToExists_Passing_Claims_Returns_True" computerName="PC-SFERRARI" duration="00:00:00.0011948" startTime="2021-01-07T17:21:26.5701337+00:00" endTime="2021-01-07T17:21:26.5714625+00:00" testType="13cdc9d9-ddb5-4fa4-a97d-d965ccfc6d4b" outcome="Passed" testListId="8c84fa94-04c1-424b-9868-57a2d4851a1d" relativeResultsDirectory="e8a51001-282b-4bb4-b20e-285ce6872dfc" />
    <UnitTestResult executionId="b239fd85-5ebd-419f-b2b7-6d81ca1ccc9b" testId="d5506b30-7041-6d90-bd03-bcd5b2479c40" testName="ToHashAlgorithmName_Passing_InvalidValueLowerCaseStringWithDefaultValue_Returns_DefaultValue" computerName="PC-SFERRARI" duration="00:00:00.0035501" startTime="2021-01-07T17:21:27.5447713+00:00" endTime="2021-01-07T17:21:27.5484950+00:00" testType="13cdc9d9-ddb5-4fa4-a97d-d965ccfc6d4b" outcome="Passed" testListId="8c84fa94-04c1-424b-9868-57a2d4851a1d" relativeResultsDirectory="b239fd85-5ebd-419f-b2b7-6d81ca1ccc9b" resultType="DataDrivenTest">
      <InnerResults>
        <UnitTestResult executionId="35bb7d88-fd09-4cf8-9efd-679ea7042446" parentExecutionId="b239fd85-5ebd-419f-b2b7-6d81ca1ccc9b" testId="d5506b30-7041-6d90-bd03-bcd5b2479c40" testName="ToHashAlgorithmName_Passing_InvalidValueLowerCaseStringWithDefaultValue_Returns_DefaultValue (md5)" computerName="PC-SFERRARI" duration="00:00:00.0034749" startTime="2021-01-07T17:21:27.5447713+00:00" endTime="2021-01-07T17:21:27.5484950+00:00" testType="13cdc9d9-ddb5-4fa4-a97d-d965ccfc6d4b" outcome="Passed" testListId="8c84fa94-04c1-424b-9868-57a2d4851a1d" relativeResultsDirectory="35bb7d88-fd09-4cf8-9efd-679ea7042446" dataRowInfo="1" resultType="DataDrivenDataRow" />
      </InnerResults>
    </UnitTestResult>
    <UnitTestResult executionId="a6009014-c3d5-4b82-ad79-72032c2bb7dd" testId="43949294-e4b7-cf4d-0d69-84ccc9e58406" testName="ToIsFileExtensionThrow_Passing_InvalidValue_Returns_ApplicationExceptionWithMessage" computerName="PC-SFERRARI" duration="00:00:00.0012550" startTime="2021-01-07T17:21:26.4358471+00:00" endTime="2021-01-07T17:21:26.4372658+00:00" testType="13cdc9d9-ddb5-4fa4-a97d-d965ccfc6d4b" outcome="Passed" testListId="8c84fa94-04c1-424b-9868-57a2d4851a1d" relativeResultsDirectory="a6009014-c3d5-4b82-ad79-72032c2bb7dd" />
    <UnitTestResult executionId="6b2d1aee-8a1c-43a3-a9aa-4a79090563af" testId="eb3fbb45-8257-f4b8-0975-042f859a72bf" testName="ToDictionaryPropertyInfo_Passing_Object_Not_IncludeNullOrEmptyProperty_Returns_Properties_NameAndValue_Dictionary" computerName="PC-SFERRARI" duration="00:00:00.0007247" startTime="2021-01-07T17:21:26.9133295+00:00" endTime="2021-01-07T17:21:26.9142326+00:00" testType="13cdc9d9-ddb5-4fa4-a97d-d965ccfc6d4b" outcome="Passed" testListId="8c84fa94-04c1-424b-9868-57a2d4851a1d" relativeResultsDirectory="6b2d1aee-8a1c-43a3-a9aa-4a79090563af" />
    <UnitTestResult executionId="c6ab6dad-b4d9-452a-8a30-3b6085acfa02" testId="504465b7-a3fe-9023-93b9-ffece1903418" testName="ToEnvironment_ServiceCollection_Passing_Staging_Enviroment_Returns_Staging_Name" computerName="PC-SFERRARI" duration="00:00:00.0003713" startTime="2021-01-07T17:21:26.7032051+00:00" endTime="2021-01-07T17:21:26.7036459+00:00" testType="13cdc9d9-ddb5-4fa4-a97d-d965ccfc6d4b" outcome="Passed" testListId="8c84fa94-04c1-424b-9868-57a2d4851a1d" relativeResultsDirectory="c6ab6dad-b4d9-452a-8a30-3b6085acfa02" />
    <UnitTestResult executionId="95a364a0-ef78-4ad8-aa81-161cd03a9eea" testId="1dab5b85-21d2-af6f-92e5-af8126f0e2fb" testName="ToIsNameThrow_Passing_InvalidValue_Returns_ApplicationExceptionWithMessage" computerName="PC-SFERRARI" duration="00:00:00.0057370" startTime="2021-01-07T17:21:26.4387073+00:00" endTime="2021-01-07T17:21:26.4445517+00:00" testType="13cdc9d9-ddb5-4fa4-a97d-d965ccfc6d4b" outcome="Passed" testListId="8c84fa94-04c1-424b-9868-57a2d4851a1d" relativeResultsDirectory="95a364a0-ef78-4ad8-aa81-161cd03a9eea" />
    <UnitTestResult executionId="f79b8d01-5a39-4c79-b7ed-053d468887c1" testId="3f0bf65d-a3af-41bf-ac79-126a0efc4fd4" testName="ToService_Passing_Service_Not_Found_Returns_Null" computerName="PC-SFERRARI" duration="00:00:00.0003452" startTime="2021-01-07T17:21:26.3815433+00:00" endTime="2021-01-07T17:21:26.3820083+00:00" testType="13cdc9d9-ddb5-4fa4-a97d-d965ccfc6d4b" outcome="Passed" testListId="8c84fa94-04c1-424b-9868-57a2d4851a1d" relativeResultsDirectory="f79b8d01-5a39-4c79-b7ed-053d468887c1" />
    <UnitTestResult executionId="338aef4f-cea1-4fc9-8e4f-cb8b88628051" testId="967da852-80aa-48c8-4fdf-7229c80964ce" testName="ToZipExtract_Passing_ValidArchive_Returns_Files" computerName="PC-SFERRARI" duration="00:00:00.3288658" startTime="2021-01-07T17:21:27.7644081+00:00" endTime="2021-01-07T17:21:28.0937453+00:00" testType="13cdc9d9-ddb5-4fa4-a97d-d965ccfc6d4b" outcome="Passed" testListId="8c84fa94-04c1-424b-9868-57a2d4851a1d" relativeResultsDirectory="338aef4f-cea1-4fc9-8e4f-cb8b88628051" />
    <UnitTestResult executionId="914cfdb9-687c-4ace-98d2-77daddaa74e1" testId="65b9b71b-a8d5-2a7d-a8a7-0e3a015e6b68" testName="ToDirectoryTemporary_Passing_ValidValue_Returns_DirectoryExists" computerName="PC-SFERRARI" duration="00:00:00.0021212" startTime="2021-01-07T17:21:27.4719833+00:00" endTime="2021-01-07T17:21:27.4743481+00:00" testType="13cdc9d9-ddb5-4fa4-a97d-d965ccfc6d4b" outcome="Passed" testListId="8c84fa94-04c1-424b-9868-57a2d4851a1d" relativeResultsDirectory="914cfdb9-687c-4ace-98d2-77daddaa74e1" />
    <UnitTestResult executionId="f5f7a7f9-e9e8-478a-b241-ed484803b2d0" testId="a03675ec-665e-f4d5-4630-89e50dac0bfb" testName="ToTryContentType_Passing_HttpRequestWithContentType_Value_Returns_ContentType_String_Value" computerName="PC-SFERRARI" duration="00:00:00.0007460" startTime="2021-01-07T17:21:27.0709735+00:00" endTime="2021-01-07T17:21:27.0718234+00:00" testType="13cdc9d9-ddb5-4fa4-a97d-d965ccfc6d4b" outcome="Passed" testListId="8c84fa94-04c1-424b-9868-57a2d4851a1d" relativeResultsDirectory="f5f7a7f9-e9e8-478a-b241-ed484803b2d0" />
    <UnitTestResult executionId="8881f2dc-ded6-4f88-b2ab-44fe2dd1a171" testId="a272f84c-2bd5-daa4-4afe-22346b802f86" testName="ToGet_Passing_Claims_Returns_Claim_Value_Object" computerName="PC-SFERRARI" duration="00:00:00.0047471" startTime="2021-01-07T17:21:26.6122486+00:00" endTime="2021-01-07T17:21:26.6171504+00:00" testType="13cdc9d9-ddb5-4fa4-a97d-d965ccfc6d4b" outcome="Passed" testListId="8c84fa94-04c1-424b-9868-57a2d4851a1d" relativeResultsDirectory="8881f2dc-ded6-4f88-b2ab-44fe2dd1a171" />
    <UnitTestResult executionId="18afba24-38a2-4fe5-88a5-0513ef5395c9" testId="3721d3c1-7c03-ad84-143f-64bfeb5b314e" testName="ToAssembly_Passing_ValidValueAssemblyString_Returns_Assembly" computerName="PC-SFERRARI" duration="00:00:00.0003256" startTime="2021-01-07T17:21:27.3726642+00:00" endTime="2021-01-07T17:21:27.3733463+00:00" testType="13cdc9d9-ddb5-4fa4-a97d-d965ccfc6d4b" outcome="Passed" testListId="8c84fa94-04c1-424b-9868-57a2d4851a1d" relativeResultsDirectory="18afba24-38a2-4fe5-88a5-0513ef5395c9" />
    <UnitTestResult executionId="98eb731a-07c5-4a7d-a25e-542ddd2537c9" testId="b51b5293-5162-7db8-79c0-6e7b6f1c51a5" testName="ToZipCreate_Passing_ValidFilesWithCutomZipName_Returns_ZipFiles" computerName="PC-SFERRARI" duration="00:00:00.0592289" startTime="2021-01-07T17:21:27.6624945+00:00" endTime="2021-01-07T17:21:27.7220102+00:00" testType="13cdc9d9-ddb5-4fa4-a97d-d965ccfc6d4b" outcome="Passed" testListId="8c84fa94-04c1-424b-9868-57a2d4851a1d" relativeResultsDirectory="98eb731a-07c5-4a7d-a25e-542ddd2537c9" />
    <UnitTestResult executionId="21ffa3c0-0e96-444f-91b6-e18efcfc8c8c" testId="9af963da-8209-d683-34a5-be793bc59993" testName="ToList_Passing_ValidEnumTypeWithSelectedValueWithResourceType_Returns_ValuesList" computerName="PC-SFERRARI" duration="00:00:00.0013153" startTime="2021-01-07T17:21:26.8294600+00:00" endTime="2021-01-07T17:21:26.8309941+00:00" testType="13cdc9d9-ddb5-4fa4-a97d-d965ccfc6d4b" outcome="Passed" testListId="8c84fa94-04c1-424b-9868-57a2d4851a1d" relativeResultsDirectory="21ffa3c0-0e96-444f-91b6-e18efcfc8c8c" />
    <UnitTestResult executionId="2b689c85-08fc-4ad4-9866-7bef905726ca" testId="ede15cdf-3d1b-3e1a-18dc-485a2d50fe42" testName="ToFormat_Passing_ValidTimeSpanValue_Returns_ValueWithFormatString" computerName="PC-SFERRARI" duration="00:00:00.0012776" startTime="2021-01-07T17:21:28.0940659+00:00" endTime="2021-01-07T17:21:28.0975517+00:00" testType="13cdc9d9-ddb5-4fa4-a97d-d965ccfc6d4b" outcome="Passed" testListId="8c84fa94-04c1-424b-9868-57a2d4851a1d" relativeResultsDirectory="2b689c85-08fc-4ad4-9866-7bef905726ca" />
    <UnitTestResult executionId="07e946ca-465a-4354-8f11-9e506f08ed9b" testId="17a38df3-33e0-71ac-f8cb-dcdd3ade7269" testName="ToDefaultValue_Passing_char_Returns_Cero" computerName="PC-SFERRARI" duration="00:00:00.0008333" startTime="2021-01-07T17:21:26.8781837+00:00" endTime="2021-01-07T17:21:26.8791497+00:00" testType="13cdc9d9-ddb5-4fa4-a97d-d965ccfc6d4b" outcome="Passed" testListId="8c84fa94-04c1-424b-9868-57a2d4851a1d" relativeResultsDirectory="07e946ca-465a-4354-8f11-9e506f08ed9b" resultType="DataDrivenTest">
      <InnerResults>
        <UnitTestResult executionId="cb71ed0c-846d-4457-956f-f656b8e79db2" parentExecutionId="07e946ca-465a-4354-8f11-9e506f08ed9b" testId="17a38df3-33e0-71ac-f8cb-dcdd3ade7269" testName="ToDefaultValue_Passing_char_Returns_Cero (*)" computerName="PC-SFERRARI" duration="00:00:00.0007487" startTime="2021-01-07T17:21:26.8781837+00:00" endTime="2021-01-07T17:21:26.8791497+00:00" testType="13cdc9d9-ddb5-4fa4-a97d-d965ccfc6d4b" outcome="Passed" testListId="8c84fa94-04c1-424b-9868-57a2d4851a1d" relativeResultsDirectory="cb71ed0c-846d-4457-956f-f656b8e79db2" dataRowInfo="1" resultType="DataDrivenDataRow" />
      </InnerResults>
    </UnitTestResult>
    <UnitTestResult executionId="ad5460e9-6f4d-4137-b1de-ff4f8bf88e2c" testId="4e1a5879-f3c8-4fdb-51d0-c4cf0a35e0bf" testName="ToInt_Passing_Enumeration_Name_Returns_Value" computerName="PC-SFERRARI" duration="00:00:00.0017369" startTime="2021-01-07T17:21:26.8084088+00:00" endTime="2021-01-07T17:21:26.8103169+00:00" testType="13cdc9d9-ddb5-4fa4-a97d-d965ccfc6d4b" outcome="Passed" testListId="8c84fa94-04c1-424b-9868-57a2d4851a1d" relativeResultsDirectory="ad5460e9-6f4d-4137-b1de-ff4f8bf88e2c" />
    <UnitTestResult executionId="2772b3ea-1790-41de-a333-27fad2668caa" testId="922c5a5d-5d46-b5de-bcbd-4fac0addd422" testName="IsNullOrAny_Passing_InvalidArguments_Returns_HasErrorsAndCount" computerName="PC-SFERRARI" duration="00:00:00.0017474" startTime="2021-01-07T17:21:26.4946587+00:00" endTime="2021-01-07T17:21:26.4964828+00:00" testType="13cdc9d9-ddb5-4fa4-a97d-d965ccfc6d4b" outcome="Passed" testListId="8c84fa94-04c1-424b-9868-57a2d4851a1d" relativeResultsDirectory="2772b3ea-1790-41de-a333-27fad2668caa" />
    <UnitTestResult executionId="c3bc13f7-4fa8-444a-a8f4-ae85bcb87d55" testId="e9b23f0c-0cde-4603-1739-ee642fd33c36" testName="ToSubdomain_Passing_HttpRequest_Host_Returns_Subdomain" computerName="PC-SFERRARI" duration="00:00:00.0010733" startTime="2021-01-07T17:21:27.0672584+00:00" endTime="2021-01-07T17:21:27.0684182+00:00" testType="13cdc9d9-ddb5-4fa4-a97d-d965ccfc6d4b" outcome="Passed" testListId="8c84fa94-04c1-424b-9868-57a2d4851a1d" relativeResultsDirectory="c3bc13f7-4fa8-444a-a8f4-ae85bcb87d55" />
    <UnitTestResult executionId="0cabbda5-6127-4efc-b9ef-a516affe9128" testId="c330741e-ad40-618c-36cc-508c135d2b95" testName="ToService_Passing_NotFound_Service_Returns_Null" computerName="PC-SFERRARI" duration="00:00:00.0001721" startTime="2021-01-07T17:21:26.7348648+00:00" endTime="2021-01-07T17:21:26.7351620+00:00" testType="13cdc9d9-ddb5-4fa4-a97d-d965ccfc6d4b" outcome="Passed" testListId="8c84fa94-04c1-424b-9868-57a2d4851a1d" relativeResultsDirectory="0cabbda5-6127-4efc-b9ef-a516affe9128" />
    <UnitTestResult executionId="5ba697de-9b68-47f6-8f2f-6f8435215e14" testId="2aceb911-de9d-b2eb-c8db-f6b3f880216f" testName="ToService_Passing_Valid_Service_Returns_Service" computerName="PC-SFERRARI" duration="00:00:00.0007716" startTime="2021-01-07T17:21:26.3820335+00:00" endTime="2021-01-07T17:21:26.3829010+00:00" testType="13cdc9d9-ddb5-4fa4-a97d-d965ccfc6d4b" outcome="Passed" testListId="8c84fa94-04c1-424b-9868-57a2d4851a1d" relativeResultsDirectory="5ba697de-9b68-47f6-8f2f-6f8435215e14" />
    <UnitTestResult executionId="d06f6ae6-c072-461b-93f7-805a986ff0c5" testId="bd43e66e-fbae-26eb-a9a1-c58a6bf5d7af" testName="ToHashAlgorithmName_Passing_InvalidValueLowerCaseString_Returns_Null" computerName="PC-SFERRARI" duration="00:00:00.0002814" startTime="2021-01-07T17:21:27.5485528+00:00" endTime="2021-01-07T17:21:27.5489884+00:00" testType="13cdc9d9-ddb5-4fa4-a97d-d965ccfc6d4b" outcome="Passed" testListId="8c84fa94-04c1-424b-9868-57a2d4851a1d" relativeResultsDirectory="d06f6ae6-c072-461b-93f7-805a986ff0c5" resultType="DataDrivenTest">
      <InnerResults>
        <UnitTestResult executionId="d55c291a-dc88-4368-9f1b-956e3a1be85c" parentExecutionId="d06f6ae6-c072-461b-93f7-805a986ff0c5" testId="bd43e66e-fbae-26eb-a9a1-c58a6bf5d7af" testName="ToHashAlgorithmName_Passing_InvalidValueLowerCaseString_Returns_Null (md5)" computerName="PC-SFERRARI" duration="00:00:00.0002252" startTime="2021-01-07T17:21:27.5485528+00:00" endTime="2021-01-07T17:21:27.5489884+00:00" testType="13cdc9d9-ddb5-4fa4-a97d-d965ccfc6d4b" outcome="Passed" testListId="8c84fa94-04c1-424b-9868-57a2d4851a1d" relativeResultsDirectory="d55c291a-dc88-4368-9f1b-956e3a1be85c" dataRowInfo="1" resultType="DataDrivenDataRow" />
      </InnerResults>
    </UnitTestResult>
    <UnitTestResult executionId="3cc57770-f8a0-4ec6-bd00-327180c6d58a" testId="3c82816f-4e62-7440-d30d-abbd53b1dcea" testName="ResultOK" computerName="PC-SFERRARI" duration="00:00:00.0003296" startTime="2021-01-07T17:21:27.3553065+00:00" endTime="2021-01-07T17:21:27.3557429+00:00" testType="13cdc9d9-ddb5-4fa4-a97d-d965ccfc6d4b" outcome="Passed" testListId="8c84fa94-04c1-424b-9868-57a2d4851a1d" relativeResultsDirectory="3cc57770-f8a0-4ec6-bd00-327180c6d58a" />
    <UnitTestResult executionId="ec8ff9ae-7982-443b-a43d-fad3f91bca1f" testId="7f0aeefe-ba4a-5404-c6f8-82be67718cc4" testName="ToDirectoryDeleteFiles_Passing_ValidValue_Returns_DirectoryNoExists" computerName="PC-SFERRARI" duration="00:00:00.0203193" startTime="2021-01-07T17:21:27.3778164+00:00" endTime="2021-01-07T17:21:27.3983337+00:00" testType="13cdc9d9-ddb5-4fa4-a97d-d965ccfc6d4b" outcome="Passed" testListId="8c84fa94-04c1-424b-9868-57a2d4851a1d" relativeResultsDirectory="ec8ff9ae-7982-443b-a43d-fad3f91bca1f" />
    <UnitTestResult executionId="4f571c0a-c106-4b12-83ad-bca661392357" testId="6b41eea5-b11d-4975-a42c-5030c52fd29c" testName="ResultError" computerName="PC-SFERRARI" duration="00:00:00.0075011" startTime="2021-01-07T17:21:27.2940009+00:00" endTime="2021-01-07T17:21:27.3021327+00:00" testType="13cdc9d9-ddb5-4fa4-a97d-d965ccfc6d4b" outcome="Passed" testListId="8c84fa94-04c1-424b-9868-57a2d4851a1d" relativeResultsDirectory="4f571c0a-c106-4b12-83ad-bca661392357" />
    <UnitTestResult executionId="c36e84f8-2702-4238-aa18-89c3a6d4b9fb" testId="7be8a004-8e29-0f01-8ada-f15377193150" testName="ToContentType_Passing_ValidValueString_Returns_ContentType" computerName="PC-SFERRARI" duration="00:00:00.0017514" startTime="2021-01-07T17:21:27.3733680+00:00" endTime="2021-01-07T17:21:27.3752185+00:00" testType="13cdc9d9-ddb5-4fa4-a97d-d965ccfc6d4b" outcome="Passed" testListId="8c84fa94-04c1-424b-9868-57a2d4851a1d" relativeResultsDirectory="c36e84f8-2702-4238-aa18-89c3a6d4b9fb" resultType="DataDrivenTest">
      <InnerResults>
        <UnitTestResult executionId="fb96188b-77c8-40c7-ab13-e012bd3b4b72" parentExecutionId="c36e84f8-2702-4238-aa18-89c3a6d4b9fb" testId="7be8a004-8e29-0f01-8ada-f15377193150" testName="ToContentType_Passing_ValidValueString_Returns_ContentType (xxxx.pdf,application/pdf)" computerName="PC-SFERRARI" duration="00:00:00.0014757" startTime="2021-01-07T17:21:27.3733680+00:00" endTime="2021-01-07T17:21:27.3752185+00:00" testType="13cdc9d9-ddb5-4fa4-a97d-d965ccfc6d4b" outcome="Passed" testListId="8c84fa94-04c1-424b-9868-57a2d4851a1d" relativeResultsDirectory="fb96188b-77c8-40c7-ab13-e012bd3b4b72" dataRowInfo="1" resultType="DataDrivenDataRow" />
        <UnitTestResult executionId="845aff4e-2b1d-43a9-ad5b-993ffe3eeac9" parentExecutionId="c36e84f8-2702-4238-aa18-89c3a6d4b9fb" testId="7be8a004-8e29-0f01-8ada-f15377193150" testName="ToContentType_Passing_ValidValueString_Returns_ContentType (xxxx.json,application/json)" computerName="PC-SFERRARI" duration="00:00:00.0000360" startTime="2021-01-07T17:21:27.3733680+00:00" endTime="2021-01-07T17:21:27.3752185+00:00" testType="13cdc9d9-ddb5-4fa4-a97d-d965ccfc6d4b" outcome="Passed" testListId="8c84fa94-04c1-424b-9868-57a2d4851a1d" relativeResultsDirectory="845aff4e-2b1d-43a9-ad5b-993ffe3eeac9" dataRowInfo="2" resultType="DataDrivenDataRow" />
        <UnitTestResult executionId="0a2b5fe9-fd7b-4b4e-923b-0e94e606a580" parentExecutionId="c36e84f8-2702-4238-aa18-89c3a6d4b9fb" testId="7be8a004-8e29-0f01-8ada-f15377193150" testName="ToContentType_Passing_ValidValueString_Returns_ContentType (xxxx.gif,image/gif)" computerName="PC-SFERRARI" duration="00:00:00.0000352" startTime="2021-01-07T17:21:27.3733680+00:00" endTime="2021-01-07T17:21:27.3752185+00:00" testType="13cdc9d9-ddb5-4fa4-a97d-d965ccfc6d4b" outcome="Passed" testListId="8c84fa94-04c1-424b-9868-57a2d4851a1d" relativeResultsDirectory="0a2b5fe9-fd7b-4b4e-923b-0e94e606a580" dataRowInfo="3" resultType="DataDrivenDataRow" />
        <UnitTestResult executionId="1c7c4145-a2fa-40a3-9593-d2bb8bb0e285" parentExecutionId="c36e84f8-2702-4238-aa18-89c3a6d4b9fb" testId="7be8a004-8e29-0f01-8ada-f15377193150" testName="ToContentType_Passing_ValidValueString_Returns_ContentType (xxxx.jpeg,image/jpeg)" computerName="PC-SFERRARI" duration="00:00:00.0000243" startTime="2021-01-07T17:21:27.3733680+00:00" endTime="2021-01-07T17:21:27.3752185+00:00" testType="13cdc9d9-ddb5-4fa4-a97d-d965ccfc6d4b" outcome="Passed" testListId="8c84fa94-04c1-424b-9868-57a2d4851a1d" relativeResultsDirectory="1c7c4145-a2fa-40a3-9593-d2bb8bb0e285" dataRowInfo="4" resultType="DataDrivenDataRow" />
        <UnitTestResult executionId="3a795972-cfeb-4929-bff0-0aebdff94dab" parentExecutionId="c36e84f8-2702-4238-aa18-89c3a6d4b9fb" testId="7be8a004-8e29-0f01-8ada-f15377193150" testName="ToContentType_Passing_ValidValueString_Returns_ContentType (xxxx.html,text/html)" computerName="PC-SFERRARI" duration="00:00:00.0000224" startTime="2021-01-07T17:21:27.3733680+00:00" endTime="2021-01-07T17:21:27.3752185+00:00" testType="13cdc9d9-ddb5-4fa4-a97d-d965ccfc6d4b" outcome="Passed" testListId="8c84fa94-04c1-424b-9868-57a2d4851a1d" relativeResultsDirectory="3a795972-cfeb-4929-bff0-0aebdff94dab" dataRowInfo="5" resultType="DataDrivenDataRow" />
        <UnitTestResult executionId="a2896365-938b-418e-9d29-784c41bbab66" parentExecutionId="c36e84f8-2702-4238-aa18-89c3a6d4b9fb" testId="7be8a004-8e29-0f01-8ada-f15377193150" testName="ToContentType_Passing_ValidValueString_Returns_ContentType (xxxx.txt,text/plain)" computerName="PC-SFERRARI" duration="00:00:00.0000276" startTime="2021-01-07T17:21:27.3733680+00:00" endTime="2021-01-07T17:21:27.3752185+00:00" testType="13cdc9d9-ddb5-4fa4-a97d-d965ccfc6d4b" outcome="Passed" testListId="8c84fa94-04c1-424b-9868-57a2d4851a1d" relativeResultsDirectory="a2896365-938b-418e-9d29-784c41bbab66" dataRowInfo="6" resultType="DataDrivenDataRow" />
      </InnerResults>
    </UnitTestResult>
    <UnitTestResult executionId="33096431-8ad6-4604-b4a6-c58e2d590a51" testId="e2880a6e-7a01-b4ba-86fb-4d33be072972" testName="ToExists_Passing_Valid_Service_Returns_True" computerName="PC-SFERRARI" duration="00:00:00.0003627" startTime="2021-01-07T17:21:26.7045684+00:00" endTime="2021-01-07T17:21:26.7049988+00:00" testType="13cdc9d9-ddb5-4fa4-a97d-d965ccfc6d4b" outcome="Passed" testListId="8c84fa94-04c1-424b-9868-57a2d4851a1d" relativeResultsDirectory="33096431-8ad6-4604-b4a6-c58e2d590a51" />
    <UnitTestResult executionId="e491f16d-2f7a-4198-a506-c7e59e7246b4" testId="7384e2f6-7a7f-d462-78fa-5bf7f49c326a" testName="ToIsAuthenticated_Passing_Claims_Returns_False" computerName="PC-SFERRARI" duration="00:00:00.0005660" startTime="2021-01-07T17:21:26.6180472+00:00" endTime="2021-01-07T17:21:26.6187291+00:00" testType="13cdc9d9-ddb5-4fa4-a97d-d965ccfc6d4b" outcome="Passed" testListId="8c84fa94-04c1-424b-9868-57a2d4851a1d" relativeResultsDirectory="e491f16d-2f7a-4198-a506-c7e59e7246b4" />
    <UnitTestResult executionId="026381cb-36d2-4f28-ad80-0c7fd14e5dec" testId="0b1e4893-9444-2235-b7fa-3782f9932212" testName="ToService_Passing_Valid_Service_Returns_Service" computerName="PC-SFERRARI" duration="00:00:00.0004382" startTime="2021-01-07T17:21:26.7351875+00:00" endTime="2021-01-07T17:21:26.7357047+00:00" testType="13cdc9d9-ddb5-4fa4-a97d-d965ccfc6d4b" outcome="Passed" testListId="8c84fa94-04c1-424b-9868-57a2d4851a1d" relativeResultsDirectory="026381cb-36d2-4f28-ad80-0c7fd14e5dec" />
    <UnitTestResult executionId="f4583cc5-d93d-4f43-8ce1-3269482ddb0b" testId="e53d2439-2080-43bd-e38b-a60253b60af1" testName="ToPaged_Passing_Age_Descending_Order_Returns_Filter_List" computerName="PC-SFERRARI" duration="00:00:00.0010199" startTime="2021-01-07T17:21:27.2780260+00:00" endTime="2021-01-07T17:21:27.2792706+00:00" testType="13cdc9d9-ddb5-4fa4-a97d-d965ccfc6d4b" outcome="Passed" testListId="8c84fa94-04c1-424b-9868-57a2d4851a1d" relativeResultsDirectory="f4583cc5-d93d-4f43-8ce1-3269482ddb0b" />
    <UnitTestResult executionId="1a5e3eca-846e-4f6a-94e2-9afe50f1bf63" testId="c87d842d-198f-fc52-0a70-418a5e5378ab" testName="IsEqual_Passing_InvalidArguments_Returns_HasErrorsAndCount" computerName="PC-SFERRARI" duration="00:00:00.0005788" startTime="2021-01-07T17:21:26.4778496+00:00" endTime="2021-01-07T17:21:26.4785024+00:00" testType="13cdc9d9-ddb5-4fa4-a97d-d965ccfc6d4b" outcome="Passed" testListId="8c84fa94-04c1-424b-9868-57a2d4851a1d" relativeResultsDirectory="1a5e3eca-846e-4f6a-94e2-9afe50f1bf63" />
    <UnitTestResult executionId="43fb327a-6074-4031-9b7a-f67ce63586fe" testId="320700ce-aa3b-5818-fb18-706cf7605472" testName="ToAttribute_Passing_Enumeration_Name_Returns_Atributte" computerName="PC-SFERRARI" duration="00:00:00.0042014" startTime="2021-01-07T17:21:26.7978721+00:00" endTime="2021-01-07T17:21:26.8023604+00:00" testType="13cdc9d9-ddb5-4fa4-a97d-d965ccfc6d4b" outcome="Passed" testListId="8c84fa94-04c1-424b-9868-57a2d4851a1d" relativeResultsDirectory="43fb327a-6074-4031-9b7a-f67ce63586fe" />
    <UnitTestResult executionId="9e6ad04b-6d82-4acd-ad66-1ca5b091220d" testId="66f7bc12-fe2b-fd81-3cbf-5bc4840aa6f8" testName="ToConfiguration_Passing_Key_Values_Returns_Ok" computerName="PC-SFERRARI" duration="00:00:00.0152175" startTime="2021-01-07T17:21:26.6373000+00:00" endTime="2021-01-07T17:21:26.6526285+00:00" testType="13cdc9d9-ddb5-4fa4-a97d-d965ccfc6d4b" outcome="Passed" testListId="8c84fa94-04c1-424b-9868-57a2d4851a1d" relativeResultsDirectory="9e6ad04b-6d82-4acd-ad66-1ca5b091220d" />
    <UnitTestResult executionId="f94d18a4-9553-4f19-b041-956eb3342742" testId="8c1d1a56-be42-3df5-a82e-36b97c2860b8" testName="ToEnum_Passing_InvalidValueInt_Returns_EnumDefaultValue" computerName="PC-SFERRARI" duration="00:00:00.0007122" startTime="2021-01-07T17:21:27.5215884+00:00" endTime="2021-01-07T17:21:27.5224598+00:00" testType="13cdc9d9-ddb5-4fa4-a97d-d965ccfc6d4b" outcome="Passed" testListId="8c84fa94-04c1-424b-9868-57a2d4851a1d" relativeResultsDirectory="f94d18a4-9553-4f19-b041-956eb3342742" />
    <UnitTestResult executionId="d44fc33b-f12e-49b4-a543-da8b94dd387a" testId="5e237822-3b9d-da27-9221-3ae1f5eb15b0" testName="ToEnvironment_Passing_Staging_Enviroment_Returns_Staging_Name" computerName="PC-SFERRARI" duration="00:00:00.0008629" startTime="2021-01-07T17:21:26.3783029+00:00" endTime="2021-01-07T17:21:26.3793147+00:00" testType="13cdc9d9-ddb5-4fa4-a97d-d965ccfc6d4b" outcome="Passed" testListId="8c84fa94-04c1-424b-9868-57a2d4851a1d" relativeResultsDirectory="d44fc33b-f12e-49b4-a543-da8b94dd387a" />
    <UnitTestResult executionId="a7d28cd5-3fbe-4c22-923f-d7caf5dde066" testId="481343f9-3ff3-548f-0c6c-41599cf65802" testName="CreateRandom_WithDefaultAllowableCharacters_Passing_ValidArguments_Returns_String_Random_Value" computerName="PC-SFERRARI" duration="00:00:00.0003821" startTime="2021-01-07T17:21:26.9401091+00:00" endTime="2021-01-07T17:21:26.9406895+00:00" testType="13cdc9d9-ddb5-4fa4-a97d-d965ccfc6d4b" outcome="Passed" testListId="8c84fa94-04c1-424b-9868-57a2d4851a1d" relativeResultsDirectory="a7d28cd5-3fbe-4c22-923f-d7caf5dde066" resultType="DataDrivenTest">
      <InnerResults>
        <UnitTestResult executionId="adb11d9b-c4a0-4662-a6d1-784906793753" parentExecutionId="a7d28cd5-3fbe-4c22-923f-d7caf5dde066" testId="481343f9-3ff3-548f-0c6c-41599cf65802" testName="CreateRandom_WithDefaultAllowableCharacters_Passing_ValidArguments_Returns_String_Random_Value (5)" computerName="PC-SFERRARI" duration="00:00:00.0002567" startTime="2021-01-07T17:21:26.9401091+00:00" endTime="2021-01-07T17:21:26.9406895+00:00" testType="13cdc9d9-ddb5-4fa4-a97d-d965ccfc6d4b" outcome="Passed" testListId="8c84fa94-04c1-424b-9868-57a2d4851a1d" relativeResultsDirectory="adb11d9b-c4a0-4662-a6d1-784906793753" dataRowInfo="1" resultType="DataDrivenDataRow" />
        <UnitTestResult executionId="8ac4821d-ec79-41e5-9c13-f5659a6f3040" parentExecutionId="a7d28cd5-3fbe-4c22-923f-d7caf5dde066" testId="481343f9-3ff3-548f-0c6c-41599cf65802" testName="CreateRandom_WithDefaultAllowableCharacters_Passing_ValidArguments_Returns_String_Random_Value (10)" computerName="PC-SFERRARI" duration="00:00:00.0000102" startTime="2021-01-07T17:21:26.9401091+00:00" endTime="2021-01-07T17:21:26.9406895+00:00" testType="13cdc9d9-ddb5-4fa4-a97d-d965ccfc6d4b" outcome="Passed" testListId="8c84fa94-04c1-424b-9868-57a2d4851a1d" relativeResultsDirectory="8ac4821d-ec79-41e5-9c13-f5659a6f3040" dataRowInfo="2" resultType="DataDrivenDataRow" />
        <UnitTestResult executionId="7ce2cb7e-ccf7-494b-855a-c711693b19df" parentExecutionId="a7d28cd5-3fbe-4c22-923f-d7caf5dde066" testId="481343f9-3ff3-548f-0c6c-41599cf65802" testName="CreateRandom_WithDefaultAllowableCharacters_Passing_ValidArguments_Returns_String_Random_Value (20)" computerName="PC-SFERRARI" duration="00:00:00.0000073" startTime="2021-01-07T17:21:26.9401091+00:00" endTime="2021-01-07T17:21:26.9406895+00:00" testType="13cdc9d9-ddb5-4fa4-a97d-d965ccfc6d4b" outcome="Passed" testListId="8c84fa94-04c1-424b-9868-57a2d4851a1d" relativeResultsDirectory="7ce2cb7e-ccf7-494b-855a-c711693b19df" dataRowInfo="3" resultType="DataDrivenDataRow" />
      </InnerResults>
    </UnitTestResult>
    <UnitTestResult executionId="9201e463-068c-443d-b25f-4b8289ef4238" testId="fe683836-27ec-729e-5fe1-a9c2674a6d87" testName="IsRegexMatch_Passing_InvalidArguments_Returns_HasErrorsAndCount" computerName="PC-SFERRARI" duration="00:00:00.0003348" startTime="2021-01-07T17:21:26.5022182+00:00" endTime="2021-01-07T17:21:26.5027553+00:00" testType="13cdc9d9-ddb5-4fa4-a97d-d965ccfc6d4b" outcome="Passed" testListId="8c84fa94-04c1-424b-9868-57a2d4851a1d" relativeResultsDirectory="9201e463-068c-443d-b25f-4b8289ef4238" />
    <UnitTestResult executionId="06b6f0ad-2d68-448e-915b-68ef5a552f2c" testId="3bd7277d-4ad0-51ee-d24c-53176ec3cc7f" testName="IsDomain_Passing_InvalidArguments_Returns_HasErrorsAndCount" computerName="PC-SFERRARI" duration="00:00:00.0031810" startTime="2021-01-07T17:21:26.4678797+00:00" endTime="2021-01-07T17:21:26.4711540+00:00" testType="13cdc9d9-ddb5-4fa4-a97d-d965ccfc6d4b" outcome="Passed" testListId="8c84fa94-04c1-424b-9868-57a2d4851a1d" relativeResultsDirectory="06b6f0ad-2d68-448e-915b-68ef5a552f2c" />
    <UnitTestResult executionId="fdd6059e-5668-4d0b-8df2-bf7e08e080a2" testId="a1095294-226e-a0f0-0154-11290289c9db" testName="ToStringFormat_Passing_ValidValue_Returns_ValueWithoutRemovedChars" computerName="PC-SFERRARI" duration="00:00:00.0005548" startTime="2021-01-07T17:21:27.2547227+00:00" endTime="2021-01-07T17:21:27.2554842+00:00" testType="13cdc9d9-ddb5-4fa4-a97d-d965ccfc6d4b" outcome="Passed" testListId="8c84fa94-04c1-424b-9868-57a2d4851a1d" relativeResultsDirectory="fdd6059e-5668-4d0b-8df2-bf7e08e080a2" resultType="DataDrivenTest">
      <InnerResults>
        <UnitTestResult executionId="36737e58-c3bc-4e19-9ead-5a803371b99f" parentExecutionId="fdd6059e-5668-4d0b-8df2-bf7e08e080a2" testId="a1095294-226e-a0f0-0154-11290289c9db" testName="ToStringFormat_Passing_ValidValue_Returns_ValueWithoutRemovedChars (0)" computerName="PC-SFERRARI" duration="00:00:00.0004278" startTime="2021-01-07T17:21:27.2547227+00:00" endTime="2021-01-07T17:21:27.2554842+00:00" testType="13cdc9d9-ddb5-4fa4-a97d-d965ccfc6d4b" outcome="Passed" testListId="8c84fa94-04c1-424b-9868-57a2d4851a1d" relativeResultsDirectory="36737e58-c3bc-4e19-9ead-5a803371b99f" dataRowInfo="1" resultType="DataDrivenDataRow" />
        <UnitTestResult executionId="2a28ce46-84d9-4a49-ba20-b84251502c48" parentExecutionId="fdd6059e-5668-4d0b-8df2-bf7e08e080a2" testId="a1095294-226e-a0f0-0154-11290289c9db" testName="ToStringFormat_Passing_ValidValue_Returns_ValueWithoutRemovedChars (1)" computerName="PC-SFERRARI" duration="00:00:00.0000090" startTime="2021-01-07T17:21:27.2547227+00:00" endTime="2021-01-07T17:21:27.2554842+00:00" testType="13cdc9d9-ddb5-4fa4-a97d-d965ccfc6d4b" outcome="Passed" testListId="8c84fa94-04c1-424b-9868-57a2d4851a1d" relativeResultsDirectory="2a28ce46-84d9-4a49-ba20-b84251502c48" dataRowInfo="2" resultType="DataDrivenDataRow" />
        <UnitTestResult executionId="dc799994-f8cc-49ed-adcf-e1301edfd4fd" parentExecutionId="fdd6059e-5668-4d0b-8df2-bf7e08e080a2" testId="a1095294-226e-a0f0-0154-11290289c9db" testName="ToStringFormat_Passing_ValidValue_Returns_ValueWithoutRemovedChars (-1)" computerName="PC-SFERRARI" duration="00:00:00.0000112" startTime="2021-01-07T17:21:27.2547227+00:00" endTime="2021-01-07T17:21:27.2554842+00:00" testType="13cdc9d9-ddb5-4fa4-a97d-d965ccfc6d4b" outcome="Passed" testListId="8c84fa94-04c1-424b-9868-57a2d4851a1d" relativeResultsDirectory="dc799994-f8cc-49ed-adcf-e1301edfd4fd" dataRowInfo="3" resultType="DataDrivenDataRow" />
        <UnitTestResult executionId="fc2e49fa-12f0-48f8-9b9d-3c2eca4c0387" parentExecutionId="fdd6059e-5668-4d0b-8df2-bf7e08e080a2" testId="a1095294-226e-a0f0-0154-11290289c9db" testName="ToStringFormat_Passing_ValidValue_Returns_ValueWithoutRemovedChars (2147483647)" computerName="PC-SFERRARI" duration="00:00:00.0000034" startTime="2021-01-07T17:21:27.2547227+00:00" endTime="2021-01-07T17:21:27.2554842+00:00" testType="13cdc9d9-ddb5-4fa4-a97d-d965ccfc6d4b" outcome="Passed" testListId="8c84fa94-04c1-424b-9868-57a2d4851a1d" relativeResultsDirectory="fc2e49fa-12f0-48f8-9b9d-3c2eca4c0387" dataRowInfo="4" resultType="DataDrivenDataRow" />
        <UnitTestResult executionId="144eb9c7-ddfb-49d5-9161-cde06bc5e4f4" parentExecutionId="fdd6059e-5668-4d0b-8df2-bf7e08e080a2" testId="a1095294-226e-a0f0-0154-11290289c9db" testName="ToStringFormat_Passing_ValidValue_Returns_ValueWithoutRemovedChars (-2147483648)" computerName="PC-SFERRARI" duration="00:00:00.0000033" startTime="2021-01-07T17:21:27.2547227+00:00" endTime="2021-01-07T17:21:27.2554842+00:00" testType="13cdc9d9-ddb5-4fa4-a97d-d965ccfc6d4b" outcome="Passed" testListId="8c84fa94-04c1-424b-9868-57a2d4851a1d" relativeResultsDirectory="144eb9c7-ddfb-49d5-9161-cde06bc5e4f4" dataRowInfo="5" resultType="DataDrivenDataRow" />
      </InnerResults>
    </UnitTestResult>
    <UnitTestResult executionId="951df4da-61dc-4950-9b3a-5b99fca2007e" testId="5517211d-203c-115f-7dc1-6f48da8ab75b" testName="ToFirstLetterUpper_Passing_ValidValue_Returns_StringWithFirstLetterUpper" computerName="PC-SFERRARI" duration="00:00:00.0003837" startTime="2021-01-07T17:21:27.5316945+00:00" endTime="2021-01-07T17:21:27.5322653+00:00" testType="13cdc9d9-ddb5-4fa4-a97d-d965ccfc6d4b" outcome="Passed" testListId="8c84fa94-04c1-424b-9868-57a2d4851a1d" relativeResultsDirectory="951df4da-61dc-4950-9b3a-5b99fca2007e" resultType="DataDrivenTest">
      <InnerResults>
        <UnitTestResult executionId="3394f1d3-c931-45d6-9433-fc67fb8a77e5" parentExecutionId="951df4da-61dc-4950-9b3a-5b99fca2007e" testId="5517211d-203c-115f-7dc1-6f48da8ab75b" testName="ToFirstLetterUpper_Passing_ValidValue_Returns_StringWithFirstLetterUpper (aeiou,Aeiou)" computerName="PC-SFERRARI" duration="00:00:00.0002004" startTime="2021-01-07T17:21:27.5316945+00:00" endTime="2021-01-07T17:21:27.5322653+00:00" testType="13cdc9d9-ddb5-4fa4-a97d-d965ccfc6d4b" outcome="Passed" testListId="8c84fa94-04c1-424b-9868-57a2d4851a1d" relativeResultsDirectory="3394f1d3-c931-45d6-9433-fc67fb8a77e5" dataRowInfo="1" resultType="DataDrivenDataRow" />
        <UnitTestResult executionId="26560909-88e8-47da-8c87-55020449de1f" parentExecutionId="951df4da-61dc-4950-9b3a-5b99fca2007e" testId="5517211d-203c-115f-7dc1-6f48da8ab75b" testName="ToFirstLetterUpper_Passing_ValidValue_Returns_StringWithFirstLetterUpper (aEIOU,AEIOU)" computerName="PC-SFERRARI" duration="00:00:00.0000068" startTime="2021-01-07T17:21:27.5316945+00:00" endTime="2021-01-07T17:21:27.5322653+00:00" testType="13cdc9d9-ddb5-4fa4-a97d-d965ccfc6d4b" outcome="Passed" testListId="8c84fa94-04c1-424b-9868-57a2d4851a1d" relativeResultsDirectory="26560909-88e8-47da-8c87-55020449de1f" dataRowInfo="2" resultType="DataDrivenDataRow" />
        <UnitTestResult executionId="b9a41b8a-18ff-47ac-81cd-464f436dfd4b" parentExecutionId="951df4da-61dc-4950-9b3a-5b99fca2007e" testId="5517211d-203c-115f-7dc1-6f48da8ab75b" testName="ToFirstLetterUpper_Passing_ValidValue_Returns_StringWithFirstLetterUpper (aeioU,AeioU)" computerName="PC-SFERRARI" duration="00:00:00.0000057" startTime="2021-01-07T17:21:27.5316945+00:00" endTime="2021-01-07T17:21:27.5322653+00:00" testType="13cdc9d9-ddb5-4fa4-a97d-d965ccfc6d4b" outcome="Passed" testListId="8c84fa94-04c1-424b-9868-57a2d4851a1d" relativeResultsDirectory="b9a41b8a-18ff-47ac-81cd-464f436dfd4b" dataRowInfo="3" resultType="DataDrivenDataRow" />
        <UnitTestResult executionId="0a2873a7-79ca-455b-b3da-432b5717543d" parentExecutionId="951df4da-61dc-4950-9b3a-5b99fca2007e" testId="5517211d-203c-115f-7dc1-6f48da8ab75b" testName="ToFirstLetterUpper_Passing_ValidValue_Returns_StringWithFirstLetterUpper (AEIOU,AEIOU)" computerName="PC-SFERRARI" duration="00:00:00.0000042" startTime="2021-01-07T17:21:27.5316945+00:00" endTime="2021-01-07T17:21:27.5322653+00:00" testType="13cdc9d9-ddb5-4fa4-a97d-d965ccfc6d4b" outcome="Passed" testListId="8c84fa94-04c1-424b-9868-57a2d4851a1d" relativeResultsDirectory="0a2873a7-79ca-455b-b3da-432b5717543d" dataRowInfo="4" resultType="DataDrivenDataRow" />
        <UnitTestResult executionId="5bf9a54e-de37-4558-a5f1-a8ad6790deda" parentExecutionId="951df4da-61dc-4950-9b3a-5b99fca2007e" testId="5517211d-203c-115f-7dc1-6f48da8ab75b" testName="ToFirstLetterUpper_Passing_ValidValue_Returns_StringWithFirstLetterUpper (Aeiou,Aeiou)" computerName="PC-SFERRARI" duration="00:00:00.0000043" startTime="2021-01-07T17:21:27.5316945+00:00" endTime="2021-01-07T17:21:27.5322653+00:00" testType="13cdc9d9-ddb5-4fa4-a97d-d965ccfc6d4b" outcome="Passed" testListId="8c84fa94-04c1-424b-9868-57a2d4851a1d" relativeResultsDirectory="5bf9a54e-de37-4558-a5f1-a8ad6790deda" dataRowInfo="5" resultType="DataDrivenDataRow" />
      </InnerResults>
    </UnitTestResult>
    <UnitTestResult executionId="cccb3f36-d271-4f7f-9f52-99a7a45dcbc7" testId="7c679bcb-7a59-8751-0063-1ef6e07cb160" testName="ToEnvironment_Passing_Service_Not_Found_Returns_ApplicationException" computerName="PC-SFERRARI" duration="00:00:00.0110219" startTime="2021-01-07T17:21:26.3671107+00:00" endTime="2021-01-07T17:21:26.3782299+00:00" testType="13cdc9d9-ddb5-4fa4-a97d-d965ccfc6d4b" outcome="Passed" testListId="8c84fa94-04c1-424b-9868-57a2d4851a1d" relativeResultsDirectory="cccb3f36-d271-4f7f-9f52-99a7a45dcbc7" />
    <UnitTestResult executionId="bc07d705-b82f-4fa9-990a-6ffd71706adf" testId="ffa669f9-8e25-a33b-f8f7-c3ba4a576a2b" testName="ToDefaultValue_Passing_ValidStruct_Returns_DefaultValue" computerName="PC-SFERRARI" duration="00:00:00.0003219" startTime="2021-01-07T17:21:28.1055347+00:00" endTime="2021-01-07T17:21:28.1059622+00:00" testType="13cdc9d9-ddb5-4fa4-a97d-d965ccfc6d4b" outcome="Passed" testListId="8c84fa94-04c1-424b-9868-57a2d4851a1d" relativeResultsDirectory="bc07d705-b82f-4fa9-990a-6ffd71706adf" />
    <UnitTestResult executionId="e7302a2f-1094-4441-9147-456e67dab6ce" testId="e608205e-4953-e9a3-1956-895ed42ab083" testName="IsFileExtension_Passing_InvalidArguments_Returns_HasErrorsAndCount" computerName="PC-SFERRARI" duration="00:00:00.0001535" startTime="2021-01-07T17:21:26.4794571+00:00" endTime="2021-01-07T17:21:26.4796819+00:00" testType="13cdc9d9-ddb5-4fa4-a97d-d965ccfc6d4b" outcome="Passed" testListId="8c84fa94-04c1-424b-9868-57a2d4851a1d" relativeResultsDirectory="e7302a2f-1094-4441-9147-456e67dab6ce" />
    <UnitTestResult executionId="dc8e356f-e771-4dec-8031-d7af51604c5f" testId="4ead3f79-a54e-1b96-838c-d0c2f491cb0d" testName="ToAge_Passing_Birthday_DateTime_Returns_Age" computerName="PC-SFERRARI" duration="00:00:00.0006766" startTime="2021-01-07T17:21:26.7848954+00:00" endTime="2021-01-07T17:21:26.7858464+00:00" testType="13cdc9d9-ddb5-4fa4-a97d-d965ccfc6d4b" outcome="Passed" testListId="8c84fa94-04c1-424b-9868-57a2d4851a1d" relativeResultsDirectory="dc8e356f-e771-4dec-8031-d7af51604c5f" />
    <UnitTestResult executionId="8e3f833d-6cc8-48ee-ab23-26dca313baaf" testId="161f5d07-7835-e575-5072-b9d787ef451c" testName="ToResultAsync_Passing_StatusCodeAnd_MessageAndContentTypeAndHeader_Values_Returns_Values" computerName="PC-SFERRARI" duration="00:00:00.1813252" startTime="2021-01-07T17:21:27.0730472+00:00" endTime="2021-01-07T17:21:27.2545619+00:00" testType="13cdc9d9-ddb5-4fa4-a97d-d965ccfc6d4b" outcome="Passed" testListId="8c84fa94-04c1-424b-9868-57a2d4851a1d" relativeResultsDirectory="8e3f833d-6cc8-48ee-ab23-26dca313baaf" resultType="DataDrivenTest">
      <InnerResults>
        <UnitTestResult executionId="bb667e98-7692-44aa-bbbb-770840228679" parentExecutionId="8e3f833d-6cc8-48ee-ab23-26dca313baaf" testId="161f5d07-7835-e575-5072-b9d787ef451c" testName="ToResultAsync_Passing_StatusCodeAnd_MessageAndContentTypeAndHeader_Values_Returns_Values (/test)" computerName="PC-SFERRARI" duration="00:00:00.1812481" startTime="2021-01-07T17:21:27.0730472+00:00" endTime="2021-01-07T17:21:27.2545619+00:00" testType="13cdc9d9-ddb5-4fa4-a97d-d965ccfc6d4b" outcome="Passed" testListId="8c84fa94-04c1-424b-9868-57a2d4851a1d" relativeResultsDirectory="bb667e98-7692-44aa-bbbb-770840228679" dataRowInfo="1" resultType="DataDrivenDataRow">
          <Output>
            <StdOut>info: Microsoft.AspNetCore.Hosting.Diagnostics[1]&#xD;
      Request starting HTTP/1.1 GET http://localhost/test  &#xD;
info: Microsoft.AspNetCore.Hosting.Diagnostics[2]&#xD;
      Request finished in 31.7846ms 401 e50580d3-7db5-474e-a482-af6febffaad0</StdOut>
          </Output>
        </UnitTestResult>
      </InnerResults>
    </UnitTestResult>
    <UnitTestResult executionId="d317cedf-b958-4ca9-b43c-7910b6be2a86" testId="640513b3-feee-19a8-efba-5817e77ff3ee" testName="ToExists_Passing_NotFound_Service_Returns_False" computerName="PC-SFERRARI" duration="00:00:00.0002252" startTime="2021-01-07T17:21:26.7042517+00:00" endTime="2021-01-07T17:21:26.7045490+00:00" testType="13cdc9d9-ddb5-4fa4-a97d-d965ccfc6d4b" outcome="Passed" testListId="8c84fa94-04c1-424b-9868-57a2d4851a1d" relativeResultsDirectory="d317cedf-b958-4ca9-b43c-7910b6be2a86" />
    <UnitTestResult executionId="479af3e5-051f-4f7e-aeb1-877ad2f1f661" testId="ab274dac-b194-4e0f-6fab-a20667b535a8" testName="ToMapMerge_Passing_Destination_Object_Returns_Merged_Destination_Object" computerName="PC-SFERRARI" duration="00:00:00.0130567" startTime="2021-01-07T17:21:26.1345257+00:00" endTime="2021-01-07T17:21:26.1477388+00:00" testType="13cdc9d9-ddb5-4fa4-a97d-d965ccfc6d4b" outcome="Passed" testListId="8c84fa94-04c1-424b-9868-57a2d4851a1d" relativeResultsDirectory="479af3e5-051f-4f7e-aeb1-877ad2f1f661" />
    <UnitTestResult executionId="903e576d-98ee-443f-b5f1-1c9e7c9914e1" testId="0ee8121e-b492-a57d-d072-de988a4e30f8" testName="ToMapNew_Passing_TDestination_Returns_New_Destination_Object" computerName="PC-SFERRARI" duration="00:00:00.0057735" startTime="2021-01-07T17:21:26.1477790+00:00" endTime="2021-01-07T17:21:26.1537184+00:00" testType="13cdc9d9-ddb5-4fa4-a97d-d965ccfc6d4b" outcome="Passed" testListId="8c84fa94-04c1-424b-9868-57a2d4851a1d" relativeResultsDirectory="903e576d-98ee-443f-b5f1-1c9e7c9914e1" />
    <UnitTestResult executionId="3c734441-cb10-4df0-a36f-161427719664" testId="21ae5425-e2d1-002f-334f-105a6a674a01" testName="ToEnvironment_ServiceCollection_Passing_Custom_Enviroment_Returns_Custom_Name" computerName="PC-SFERRARI" duration="00:00:00.0006186" startTime="2021-01-07T17:21:26.7014970+00:00" endTime="2021-01-07T17:21:26.7022400+00:00" testType="13cdc9d9-ddb5-4fa4-a97d-d965ccfc6d4b" outcome="Passed" testListId="8c84fa94-04c1-424b-9868-57a2d4851a1d" relativeResultsDirectory="3c734441-cb10-4df0-a36f-161427719664" />
    <UnitTestResult executionId="6081b822-7b33-4e25-a88e-77e1e4852d46" testId="ebdf037a-44fa-7875-99d4-42fa9833aac8" testName="IsDigit_Passing_ValidArguments_Returns_HasErrorsAndCount" computerName="PC-SFERRARI" duration="00:00:00.0001715" startTime="2021-01-07T17:21:26.4672501+00:00" endTime="2021-01-07T17:21:26.4675304+00:00" testType="13cdc9d9-ddb5-4fa4-a97d-d965ccfc6d4b" outcome="Passed" testListId="8c84fa94-04c1-424b-9868-57a2d4851a1d" relativeResultsDirectory="6081b822-7b33-4e25-a88e-77e1e4852d46" />
    <UnitTestResult executionId="d32c53f3-c735-4af2-8d23-3f2541c910fd" testId="18040ed3-941e-dd1e-cb8c-4d34d103f370" testName="ToIsWeekend_Passing_Saturday_DateTime_Returns_True" computerName="PC-SFERRARI" duration="00:00:00.0001199" startTime="2021-01-07T17:21:26.7901200+00:00" endTime="2021-01-07T17:21:26.7903117+00:00" testType="13cdc9d9-ddb5-4fa4-a97d-d965ccfc6d4b" outcome="Passed" testListId="8c84fa94-04c1-424b-9868-57a2d4851a1d" relativeResultsDirectory="d32c53f3-c735-4af2-8d23-3f2541c910fd" />
    <UnitTestResult executionId="a6e7e6ca-7cb4-4fab-939f-0c313e68b52f" testId="f17b6f1f-06a9-5318-815f-4c3950fdd0cb" testName="CreateSHA512_Passing_Invalid_Arguments_Returns_ApplicationException" computerName="PC-SFERRARI" duration="00:00:00.0007282" startTime="2021-01-07T17:21:26.9417600+00:00" endTime="2021-01-07T17:21:26.9426200+00:00" testType="13cdc9d9-ddb5-4fa4-a97d-d965ccfc6d4b" outcome="Passed" testListId="8c84fa94-04c1-424b-9868-57a2d4851a1d" relativeResultsDirectory="a6e7e6ca-7cb4-4fab-939f-0c313e68b52f" resultType="DataDrivenTest">
      <InnerResults>
        <UnitTestResult executionId="c7978f33-1ad9-40c2-bc60-5395b808d3e7" parentExecutionId="a6e7e6ca-7cb4-4fab-939f-0c313e68b52f" testId="f17b6f1f-06a9-5318-815f-4c3950fdd0cb" testName="CreateSHA512_Passing_Invalid_Arguments_Returns_ApplicationException ()" computerName="PC-SFERRARI" duration="00:00:00.0004935" startTime="2021-01-07T17:21:26.9417600+00:00" endTime="2021-01-07T17:21:26.9426200+00:00" testType="13cdc9d9-ddb5-4fa4-a97d-d965ccfc6d4b" outcome="Passed" testListId="8c84fa94-04c1-424b-9868-57a2d4851a1d" relativeResultsDirectory="c7978f33-1ad9-40c2-bc60-5395b808d3e7" dataRowInfo="1" resultType="DataDrivenDataRow" />
        <UnitTestResult executionId="8f4659c6-d5a7-44b5-bb34-d63e6a10aa90" parentExecutionId="a6e7e6ca-7cb4-4fab-939f-0c313e68b52f" testId="f17b6f1f-06a9-5318-815f-4c3950fdd0cb" testName="CreateSHA512_Passing_Invalid_Arguments_Returns_ApplicationException ()" computerName="PC-SFERRARI" duration="00:00:00.0000732" startTime="2021-01-07T17:21:26.9417600+00:00" endTime="2021-01-07T17:21:26.9426200+00:00" testType="13cdc9d9-ddb5-4fa4-a97d-d965ccfc6d4b" outcome="Passed" testListId="8c84fa94-04c1-424b-9868-57a2d4851a1d" relativeResultsDirectory="8f4659c6-d5a7-44b5-bb34-d63e6a10aa90" dataRowInfo="2" resultType="DataDrivenDataRow" />
        <UnitTestResult executionId="bd936e3c-8834-48b5-9d7a-11527a742d59" parentExecutionId="a6e7e6ca-7cb4-4fab-939f-0c313e68b52f" testId="f17b6f1f-06a9-5318-815f-4c3950fdd0cb" testName="CreateSHA512_Passing_Invalid_Arguments_Returns_ApplicationException ( )" computerName="PC-SFERRARI" duration="00:00:00.0000606" startTime="2021-01-07T17:21:26.9417600+00:00" endTime="2021-01-07T17:21:26.9426200+00:00" testType="13cdc9d9-ddb5-4fa4-a97d-d965ccfc6d4b" outcome="Passed" testListId="8c84fa94-04c1-424b-9868-57a2d4851a1d" relativeResultsDirectory="bd936e3c-8834-48b5-9d7a-11527a742d59" dataRowInfo="3" resultType="DataDrivenDataRow" />
      </InnerResults>
    </UnitTestResult>
    <UnitTestResult executionId="9911d7e2-85db-4712-b07d-600a21f01d72" testId="55f105d6-fc07-21db-e70a-db30ccdb0844" testName="ToIsNullOrAny_Passing_InvalidValue_Returns_True" computerName="PC-SFERRARI" duration="00:00:00.0002480" startTime="2021-01-07T17:21:26.4475146+00:00" endTime="2021-01-07T17:21:26.4479472+00:00" testType="13cdc9d9-ddb5-4fa4-a97d-d965ccfc6d4b" outcome="Passed" testListId="8c84fa94-04c1-424b-9868-57a2d4851a1d" relativeResultsDirectory="9911d7e2-85db-4712-b07d-600a21f01d72" />
    <UnitTestResult executionId="9e6d0afe-feeb-46ef-8062-36c9cb08e0b1" testId="5fda35dc-4db7-2169-9391-a6295d2ec5fd" testName="ToDirectoryFindFilePath_Passing_ValidValueIntoSubDirectory_Returns_FilePath" computerName="PC-SFERRARI" duration="00:00:00.0157019" startTime="2021-01-07T17:21:27.4122183+00:00" endTime="2021-01-07T17:21:27.4281535+00:00" testType="13cdc9d9-ddb5-4fa4-a97d-d965ccfc6d4b" outcome="Passed" testListId="8c84fa94-04c1-424b-9868-57a2d4851a1d" relativeResultsDirectory="9e6d0afe-feeb-46ef-8062-36c9cb08e0b1" />
    <UnitTestResult executionId="0aa48497-ad7a-4f4f-ad1a-9aa527db991b" testId="5bee9d0e-89de-7b6d-4317-0a11342b1d29" testName="ToIPv6_Passing_HttpContext_IP_Value_Returns_IP" computerName="PC-SFERRARI" duration="00:00:00.0014912" startTime="2021-01-07T17:21:26.9862423+00:00" endTime="2021-01-07T17:21:26.9967274+00:00" testType="13cdc9d9-ddb5-4fa4-a97d-d965ccfc6d4b" outcome="Passed" testListId="8c84fa94-04c1-424b-9868-57a2d4851a1d" relativeResultsDirectory="0aa48497-ad7a-4f4f-ad1a-9aa527db991b" />
  </Results>
  <TestDefinitions>
    <UnitTest name="ToIsAuthenticated_Passing_Claims_Returns_False" storage="d:\sferrari\01 - trabajo\repos\netcore\template-netcore-shared\kitpymes.core.shared.tests\bin\debug\netcoreapp3.0\kitpymes.core.shared.tests.dll" id="7384e2f6-7a7f-d462-78fa-5bf7f49c326a">
      <Execution id="e491f16d-2f7a-4198-a506-c7e59e7246b4" />
      <TestMethod codeBase="D:\SFERRARI\01 - TRABAJO\repos\netcore\template-netcore-shared\Kitpymes.Core.Shared.Tests\bin\Debug\netcoreapp3.0\Kitpymes.Core.Shared.Tests.dll" adapterTypeName="executor://mstestadapter/v2" className="Kitpymes.Core.Shared.Tests.ClaimsPrincipalExtensionsTests" name="ToIsAuthenticated_Passing_Claims_Returns_False" />
    </UnitTest>
    <UnitTest name="ToReadOnly_Passing_Valid_Collection_Returns_Readonly_Collection" storage="d:\sferrari\01 - trabajo\repos\netcore\template-netcore-shared\kitpymes.core.shared.tests\bin\debug\netcoreapp3.0\kitpymes.core.shared.tests.dll" id="42ded375-26ee-044e-44a7-9eab5e4cd342">
      <Execution id="1dcecbbc-074d-40b6-8d5c-711403a201b3" />
      <TestMethod codeBase="D:\SFERRARI\01 - TRABAJO\repos\netcore\template-netcore-shared\Kitpymes.Core.Shared.Tests\bin\Debug\netcoreapp3.0\Kitpymes.Core.Shared.Tests.dll" adapterTypeName="executor://mstestadapter/v2" className="Kitpymes.Core.Shared.Tests.EnumerableExtensionsTests" name="ToReadOnly_Passing_Valid_Collection_Returns_Readonly_Collection" />
    </UnitTest>
    <UnitTest name="ToUserName_Passing_Null_ClaimsPrincipal_Returns_ApplicationException" storage="d:\sferrari\01 - trabajo\repos\netcore\template-netcore-shared\kitpymes.core.shared.tests\bin\debug\netcoreapp3.0\kitpymes.core.shared.tests.dll" id="65b9c427-b5ec-99b4-199a-0093cd460501">
      <Execution id="dbfe37bf-39b0-4565-b89b-0a592b6640b0" />
      <TestMethod codeBase="D:\SFERRARI\01 - TRABAJO\repos\netcore\template-netcore-shared\Kitpymes.Core.Shared.Tests\bin\Debug\netcoreapp3.0\Kitpymes.Core.Shared.Tests.dll" adapterTypeName="executor://mstestadapter/v2" className="Kitpymes.Core.Shared.Tests.ClaimsPrincipalExtensionsTests" name="ToUserName_Passing_Null_ClaimsPrincipal_Returns_ApplicationException" />
    </UnitTest>
    <UnitTest name="ToDirectoryFindFilePath_Passing_ValidValue_Returns_FilePath" storage="d:\sferrari\01 - trabajo\repos\netcore\template-netcore-shared\kitpymes.core.shared.tests\bin\debug\netcoreapp3.0\kitpymes.core.shared.tests.dll" id="04cb4b72-edc8-fe06-49e1-217ed503eff8">
      <Execution id="da5ac5bb-ccab-4cc6-8a29-195ebb8f5718" />
      <TestMethod codeBase="D:\SFERRARI\01 - TRABAJO\repos\netcore\template-netcore-shared\Kitpymes.Core.Shared.Tests\bin\Debug\netcoreapp3.0\Kitpymes.Core.Shared.Tests.dll" adapterTypeName="executor://mstestadapter/v2" className="Kitpymes.Core.Shared.Tests.StringExtensionsTests" name="ToDirectoryFindFilePath_Passing_ValidValue_Returns_FilePath" />
    </UnitTest>
    <UnitTest name="ToIsLastDayOfTheMonth_Passing_NotLastDayOfMonth_Returns_False" storage="d:\sferrari\01 - trabajo\repos\netcore\template-netcore-shared\kitpymes.core.shared.tests\bin\debug\netcoreapp3.0\kitpymes.core.shared.tests.dll" id="3443f7f5-ee1a-f375-e5b1-f7ffa940c0db">
      <Execution id="73c783b2-b196-4c63-b95c-4566d832a768" />
      <TestMethod codeBase="D:\SFERRARI\01 - TRABAJO\repos\netcore\template-netcore-shared\Kitpymes.Core.Shared.Tests\bin\Debug\netcoreapp3.0\Kitpymes.Core.Shared.Tests.dll" adapterTypeName="executor://mstestadapter/v2" className="Kitpymes.Core.Shared.Tests.DateTimeExtensionsTests" name="ToIsLastDayOfTheMonth_Passing_NotLastDayOfMonth_Returns_False" />
    </UnitTest>
    <UnitTest name="ToDefaultValue_Passing_bool_Returns_Cero" storage="d:\sferrari\01 - trabajo\repos\netcore\template-netcore-shared\kitpymes.core.shared.tests\bin\debug\netcoreapp3.0\kitpymes.core.shared.tests.dll" id="432377b9-b0ad-9a2a-6dc2-e1069e73c449">
      <Execution id="bfc5f905-ec53-47b0-b78a-d8c0c27d216c" />
      <TestMethod codeBase="D:\SFERRARI\01 - TRABAJO\repos\netcore\template-netcore-shared\Kitpymes.Core.Shared.Tests\bin\Debug\netcoreapp3.0\Kitpymes.Core.Shared.Tests.dll" adapterTypeName="executor://mstestadapter/v2" className="Kitpymes.Core.Shared.Tests.GenericExtensionsTests" name="ToDefaultValue_Passing_bool_Returns_Cero" />
    </UnitTest>
    <UnitTest name="ToString_Passing_Valid_Collection_With_Custom_Separator_Returns_String_With_Custom_Separator" storage="d:\sferrari\01 - trabajo\repos\netcore\template-netcore-shared\kitpymes.core.shared.tests\bin\debug\netcoreapp3.0\kitpymes.core.shared.tests.dll" id="bf8f6922-5666-8ec7-1500-aabd5997d6a4">
      <Execution id="1edcee65-87b8-406a-9f25-42775b826fd8" />
      <TestMethod codeBase="D:\SFERRARI\01 - TRABAJO\repos\netcore\template-netcore-shared\Kitpymes.Core.Shared.Tests\bin\Debug\netcoreapp3.0\Kitpymes.Core.Shared.Tests.dll" adapterTypeName="executor://mstestadapter/v2" className="Kitpymes.Core.Shared.Tests.EnumerableExtensionsTests" name="ToString_Passing_Valid_Collection_With_Custom_Separator_Returns_String_With_Custom_Separator" />
    </UnitTest>
    <UnitTest name="ToMapClone_Passing_Source_Returns_New_Source_Object" storage="d:\sferrari\01 - trabajo\repos\netcore\template-netcore-shared\kitpymes.core.shared.tests\bin\debug\netcoreapp3.0\kitpymes.core.shared.tests.dll" id="27cc1a96-8264-8762-05bc-aa63ccb155d7">
      <Execution id="db545a2d-618b-4f88-b1ad-3cc008fb1b3a" />
      <TestMethod codeBase="D:\SFERRARI\01 - TRABAJO\repos\netcore\template-netcore-shared\Kitpymes.Core.Shared.Tests\bin\Debug\netcoreapp3.0\Kitpymes.Core.Shared.Tests.dll" adapterTypeName="executor://mstestadapter/v2" className="Kitpymes.Core.Shared.Tests.AgileMapperExtensionsTests" name="ToMapClone_Passing_Source_Returns_New_Source_Object" />
    </UnitTest>
    <UnitTest name="IsLess_Passing_InvalidArguments_Returns_HasErrorsAndCount" storage="d:\sferrari\01 - trabajo\repos\netcore\template-netcore-shared\kitpymes.core.shared.tests\bin\debug\netcoreapp3.0\kitpymes.core.shared.tests.dll" id="4d9bde6c-668c-a1d3-dc60-edcfc6a4082c">
      <Execution id="68b0b9a0-e3d0-49db-93aa-733f48ea7fd5" />
      <TestMethod codeBase="D:\SFERRARI\01 - TRABAJO\repos\netcore\template-netcore-shared\Kitpymes.Core.Shared.Tests\bin\Debug\netcoreapp3.0\Kitpymes.Core.Shared.Tests.dll" adapterTypeName="executor://mstestadapter/v2" className="Kitpymes.Core.Shared.Tests.CheckTests" name="IsLess_Passing_InvalidArguments_Returns_HasErrorsAndCount" />
    </UnitTest>
    <UnitTest name="ToInt_Passing_InvalidValueString_Returns_DefaultValue" storage="d:\sferrari\01 - trabajo\repos\netcore\template-netcore-shared\kitpymes.core.shared.tests\bin\debug\netcoreapp3.0\kitpymes.core.shared.tests.dll" id="19f76070-822e-31f8-2a9f-a96f774333a7">
      <Execution id="dae1790e-2740-49ae-890b-22f6595fd9d1" />
      <TestMethod codeBase="D:\SFERRARI\01 - TRABAJO\repos\netcore\template-netcore-shared\Kitpymes.Core.Shared.Tests\bin\Debug\netcoreapp3.0\Kitpymes.Core.Shared.Tests.dll" adapterTypeName="executor://mstestadapter/v2" className="Kitpymes.Core.Shared.Tests.StringExtensionsTests" name="ToInt_Passing_InvalidValueString_Returns_DefaultValue" />
    </UnitTest>
    <UnitTest name="ToEnum_Passing_InvalidValueString_Returns_EnumCustomValue" storage="d:\sferrari\01 - trabajo\repos\netcore\template-netcore-shared\kitpymes.core.shared.tests\bin\debug\netcoreapp3.0\kitpymes.core.shared.tests.dll" id="7c09a438-5465-f760-64b2-23d25fc199f5">
      <Execution id="3a225243-6bd5-488a-a673-cf543d2da06b" />
      <TestMethod codeBase="D:\SFERRARI\01 - TRABAJO\repos\netcore\template-netcore-shared\Kitpymes.Core.Shared.Tests\bin\Debug\netcoreapp3.0\Kitpymes.Core.Shared.Tests.dll" adapterTypeName="executor://mstestadapter/v2" className="Kitpymes.Core.Shared.Tests.StringExtensionsTests" name="ToEnum_Passing_InvalidValueString_Returns_EnumCustomValue" />
    </UnitTest>
    <UnitTest name="ResultError_WithMessage_WithDetails" storage="d:\sferrari\01 - trabajo\repos\netcore\template-netcore-shared\kitpymes.core.shared.tests\bin\debug\netcoreapp3.0\kitpymes.core.shared.tests.dll" id="c1b4b96f-5089-058a-db94-14574ac1ddcf">
      <Execution id="614f8178-6450-4010-81a7-1d4ef5a83328" />
      <TestMethod codeBase="D:\SFERRARI\01 - TRABAJO\repos\netcore\template-netcore-shared\Kitpymes.Core.Shared.Tests\bin\Debug\netcoreapp3.0\Kitpymes.Core.Shared.Tests.dll" adapterTypeName="executor://mstestadapter/v2" className="Kitpymes.Core.Shared.Tests.ResultTest" name="ResultError_WithMessage_WithDetails" />
    </UnitTest>
    <UnitTest name="ToHeader_Passing_HttpRequest_Header_Many_Values_Returns_Values" storage="d:\sferrari\01 - trabajo\repos\netcore\template-netcore-shared\kitpymes.core.shared.tests\bin\debug\netcoreapp3.0\kitpymes.core.shared.tests.dll" id="43c10c64-8836-30db-afbe-d1657a7dd9d8">
      <Execution id="a82945ab-0a47-468b-ab63-05ff03d0ea2f" />
      <TestMethod codeBase="D:\SFERRARI\01 - TRABAJO\repos\netcore\template-netcore-shared\Kitpymes.Core.Shared.Tests\bin\Debug\netcoreapp3.0\Kitpymes.Core.Shared.Tests.dll" adapterTypeName="executor://mstestadapter/v2" className="Kitpymes.Core.Shared.Tests.HttpRequestExtensionsTests" name="ToHeader_Passing_HttpRequest_Header_Many_Values_Returns_Values" />
    </UnitTest>
    <UnitTest name="ToGetAll_Passing_Claims_Returns_Claim_Value_Object_List" storage="d:\sferrari\01 - trabajo\repos\netcore\template-netcore-shared\kitpymes.core.shared.tests\bin\debug\netcoreapp3.0\kitpymes.core.shared.tests.dll" id="2e87c537-4979-f58b-6e83-f3d4ee161ff1">
      <Execution id="c9d008c4-9851-44e0-b152-2b4dbbec1b5c" />
      <TestMethod codeBase="D:\SFERRARI\01 - TRABAJO\repos\netcore\template-netcore-shared\Kitpymes.Core.Shared.Tests\bin\Debug\netcoreapp3.0\Kitpymes.Core.Shared.Tests.dll" adapterTypeName="executor://mstestadapter/v2" className="Kitpymes.Core.Shared.Tests.ClaimsPrincipalExtensionsTests" name="ToGetAll_Passing_Claims_Returns_Claim_Value_Object_List" />
    </UnitTest>
    <UnitTest name="ToAssembly_Passing_ValidValueAssemblyString_Returns_Assembly" storage="d:\sferrari\01 - trabajo\repos\netcore\template-netcore-shared\kitpymes.core.shared.tests\bin\debug\netcoreapp3.0\kitpymes.core.shared.tests.dll" id="3721d3c1-7c03-ad84-143f-64bfeb5b314e">
      <Execution id="18afba24-38a2-4fe5-88a5-0513ef5395c9" />
      <TestMethod codeBase="D:\SFERRARI\01 - TRABAJO\repos\netcore\template-netcore-shared\Kitpymes.Core.Shared.Tests\bin\Debug\netcoreapp3.0\Kitpymes.Core.Shared.Tests.dll" adapterTypeName="executor://mstestadapter/v2" className="Kitpymes.Core.Shared.Tests.StringExtensionsTests" name="ToAssembly_Passing_ValidValueAssemblyString_Returns_Assembly" />
    </UnitTest>
    <UnitTest name="ToDefaultValue_Passing_double_Returns_Cero" storage="d:\sferrari\01 - trabajo\repos\netcore\template-netcore-shared\kitpymes.core.shared.tests\bin\debug\netcoreapp3.0\kitpymes.core.shared.tests.dll" id="f752d50b-77fa-327a-4493-168161bd27b2">
      <Execution id="e5a1047a-417d-4346-b1f3-d6e8e63e2091" />
      <TestMethod codeBase="D:\SFERRARI\01 - TRABAJO\repos\netcore\template-netcore-shared\Kitpymes.Core.Shared.Tests\bin\Debug\netcoreapp3.0\Kitpymes.Core.Shared.Tests.dll" adapterTypeName="executor://mstestadapter/v2" className="Kitpymes.Core.Shared.Tests.GenericExtensionsTests" name="ToDefaultValue_Passing_double_Returns_Cero" />
    </UnitTest>
    <UnitTest name="ToDefaultValue_Passing_char_Returns_Cero" storage="d:\sferrari\01 - trabajo\repos\netcore\template-netcore-shared\kitpymes.core.shared.tests\bin\debug\netcoreapp3.0\kitpymes.core.shared.tests.dll" id="17a38df3-33e0-71ac-f8cb-dcdd3ade7269">
      <Execution id="07e946ca-465a-4354-8f11-9e506f08ed9b" />
      <TestMethod codeBase="D:\SFERRARI\01 - TRABAJO\repos\netcore\template-netcore-shared\Kitpymes.Core.Shared.Tests\bin\Debug\netcoreapp3.0\Kitpymes.Core.Shared.Tests.dll" adapterTypeName="executor://mstestadapter/v2" className="Kitpymes.Core.Shared.Tests.GenericExtensionsTests" name="ToDefaultValue_Passing_char_Returns_Cero" />
    </UnitTest>
    <UnitTest name="ToCompress_Passing_Object_Bytes_Returns_Object" storage="d:\sferrari\01 - trabajo\repos\netcore\template-netcore-shared\kitpymes.core.shared.tests\bin\debug\netcoreapp3.0\kitpymes.core.shared.tests.dll" id="8a110a46-40a4-c9bb-083e-1c3fcb5b45b7">
      <Execution id="cc3409a0-de5e-4fb5-8321-fe1d69834688" />
      <TestMethod codeBase="D:\SFERRARI\01 - TRABAJO\repos\netcore\template-netcore-shared\Kitpymes.Core.Shared.Tests\bin\Debug\netcoreapp3.0\Kitpymes.Core.Shared.Tests.dll" adapterTypeName="executor://mstestadapter/v2" className="Kitpymes.Core.Shared.Tests.BytesExtensionsTests" name="ToCompress_Passing_Object_Bytes_Returns_Object" />
    </UnitTest>
    <UnitTest name="CreateRandom_WithCustomAllowableCharacters_Passing_Valid_Arguments_Returns_String_Random_Value" storage="d:\sferrari\01 - trabajo\repos\netcore\template-netcore-shared\kitpymes.core.shared.tests\bin\debug\netcoreapp3.0\kitpymes.core.shared.tests.dll" id="430dec51-b9df-7e06-fff9-78e6d362c2d8">
      <Execution id="3aa87480-f260-45c3-a260-6f820165c4ba" />
      <TestMethod codeBase="D:\SFERRARI\01 - TRABAJO\repos\netcore\template-netcore-shared\Kitpymes.Core.Shared.Tests\bin\Debug\netcoreapp3.0\Kitpymes.Core.Shared.Tests.dll" adapterTypeName="executor://mstestadapter/v2" className="Kitpymes.Core.Shared.Tests.HashTests" name="CreateRandom_WithCustomAllowableCharacters_Passing_Valid_Arguments_Returns_String_Random_Value" />
    </UnitTest>
    <UnitTest name="ToEnvironment_ServiceCollection_Passing_Production_Enviroment_Returns_Production_Name" storage="d:\sferrari\01 - trabajo\repos\netcore\template-netcore-shared\kitpymes.core.shared.tests\bin\debug\netcoreapp3.0\kitpymes.core.shared.tests.dll" id="15fe55e5-cdce-6280-ea15-ef777735767c">
      <Execution id="2b5cfa19-52aa-407d-a725-da03c2cf1113" />
      <TestMethod codeBase="D:\SFERRARI\01 - TRABAJO\repos\netcore\template-netcore-shared\Kitpymes.Core.Shared.Tests\bin\Debug\netcoreapp3.0\Kitpymes.Core.Shared.Tests.dll" adapterTypeName="executor://mstestadapter/v2" className="Kitpymes.Core.Shared.Tests.ConfigurationBuilderExtensionsTests" name="ToEnvironment_ServiceCollection_Passing_Production_Enviroment_Returns_Production_Name" />
    </UnitTest>
    <UnitTest name="ResultError_WithTitle_WithStatusCode_WithMessage_WithDetails_WithExceptionType_WithErrors" storage="d:\sferrari\01 - trabajo\repos\netcore\template-netcore-shared\kitpymes.core.shared.tests\bin\debug\netcoreapp3.0\kitpymes.core.shared.tests.dll" id="08c27b3b-1061-f465-c841-31a005ad7bc3">
      <Execution id="e95e6dfb-532e-41be-9efd-0d9bc66f5355" />
      <TestMethod codeBase="D:\SFERRARI\01 - TRABAJO\repos\netcore\template-netcore-shared\Kitpymes.Core.Shared.Tests\bin\Debug\netcoreapp3.0\Kitpymes.Core.Shared.Tests.dll" adapterTypeName="executor://mstestadapter/v2" className="Kitpymes.Core.Shared.Tests.ResultTest" name="ResultError_WithTitle_WithStatusCode_WithMessage_WithDetails_WithExceptionType_WithErrors" />
    </UnitTest>
    <UnitTest name="ToServiceMatchingInterface_Passing_Empties_Assemblies_Returns_ApplicationException" storage="d:\sferrari\01 - trabajo\repos\netcore\template-netcore-shared\kitpymes.core.shared.tests\bin\debug\netcoreapp3.0\kitpymes.core.shared.tests.dll" id="760ae14b-6c0d-0288-811d-408b67937415">
      <Execution id="6d2f1252-1589-4bd8-b316-187baea6cf3e" />
      <TestMethod codeBase="D:\SFERRARI\01 - TRABAJO\repos\netcore\template-netcore-shared\Kitpymes.Core.Shared.Tests\bin\Debug\netcoreapp3.0\Kitpymes.Core.Shared.Tests.dll" adapterTypeName="executor://mstestadapter/v2" className="Kitpymes.Core.Shared.Tests.ConfigurationBuilderExtensionsTests" name="ToServiceMatchingInterface_Passing_Empties_Assemblies_Returns_ApplicationException" />
    </UnitTest>
    <UnitTest name="ToMapUpdate_Passing_Destination_Object_Returns_Updated_Destination_Object" storage="d:\sferrari\01 - trabajo\repos\netcore\template-netcore-shared\kitpymes.core.shared.tests\bin\debug\netcoreapp3.0\kitpymes.core.shared.tests.dll" id="71a1897b-b713-c047-1c23-5efdff095b20">
      <Execution id="76dd6f71-87ca-47f8-9e7e-dfd699ed0cda" />
      <TestMethod codeBase="D:\SFERRARI\01 - TRABAJO\repos\netcore\template-netcore-shared\Kitpymes.Core.Shared.Tests\bin\Debug\netcoreapp3.0\Kitpymes.Core.Shared.Tests.dll" adapterTypeName="executor://mstestadapter/v2" className="Kitpymes.Core.Shared.Tests.AgileMapperExtensionsTests" name="ToMapUpdate_Passing_Destination_Object_Returns_Updated_Destination_Object" />
    </UnitTest>
    <UnitTest name="ToDefaultValue_Passing_byte_Returns_Cero" storage="d:\sferrari\01 - trabajo\repos\netcore\template-netcore-shared\kitpymes.core.shared.tests\bin\debug\netcoreapp3.0\kitpymes.core.shared.tests.dll" id="6c59b811-73c0-2540-9661-8c8f2a459ff2">
      <Execution id="0261348a-19e7-4186-bcd9-c2b3aaaf97e7" />
      <TestMethod codeBase="D:\SFERRARI\01 - TRABAJO\repos\netcore\template-netcore-shared\Kitpymes.Core.Shared.Tests\bin\Debug\netcoreapp3.0\Kitpymes.Core.Shared.Tests.dll" adapterTypeName="executor://mstestadapter/v2" className="Kitpymes.Core.Shared.Tests.GenericExtensionsTests" name="ToDefaultValue_Passing_byte_Returns_Cero" />
    </UnitTest>
    <UnitTest name="IsLowercase_Passing_ValidArguments_Returns_HasErrorsAndCount" storage="d:\sferrari\01 - trabajo\repos\netcore\template-netcore-shared\kitpymes.core.shared.tests\bin\debug\netcoreapp3.0\kitpymes.core.shared.tests.dll" id="006d3c07-11d3-9f4b-c045-6799df52bbfb">
      <Execution id="51aea480-650b-4057-bb76-bac5eb0d7cee" />
      <TestMethod codeBase="D:\SFERRARI\01 - TRABAJO\repos\netcore\template-netcore-shared\Kitpymes.Core.Shared.Tests\bin\Debug\netcoreapp3.0\Kitpymes.Core.Shared.Tests.dll" adapterTypeName="executor://mstestadapter/v2" className="Kitpymes.Core.Shared.Tests.CheckTests" name="IsLowercase_Passing_ValidArguments_Returns_HasErrorsAndCount" />
    </UnitTest>
    <UnitTest name="IsLowercase_Passing_InvalidArguments_Returns_HasErrorsAndCount" storage="d:\sferrari\01 - trabajo\repos\netcore\template-netcore-shared\kitpymes.core.shared.tests\bin\debug\netcoreapp3.0\kitpymes.core.shared.tests.dll" id="c19b83a3-45fc-e848-cbcc-7f68b66eb4e3">
      <Execution id="bc30fb06-7adb-4410-b498-8ee0a7f4fb8c" />
      <TestMethod codeBase="D:\SFERRARI\01 - TRABAJO\repos\netcore\template-netcore-shared\Kitpymes.Core.Shared.Tests\bin\Debug\netcoreapp3.0\Kitpymes.Core.Shared.Tests.dll" adapterTypeName="executor://mstestadapter/v2" className="Kitpymes.Core.Shared.Tests.CheckTests" name="IsLowercase_Passing_InvalidArguments_Returns_HasErrorsAndCount" />
    </UnitTest>
    <UnitTest name="ToEnvironment_Passing_Production_Enviroment_Returns_Production_Name" storage="d:\sferrari\01 - trabajo\repos\netcore\template-netcore-shared\kitpymes.core.shared.tests\bin\debug\netcoreapp3.0\kitpymes.core.shared.tests.dll" id="31126d50-f667-908c-85f3-09f9d9272df9">
      <Execution id="dad3d5b0-6b40-402d-95c0-70b1c270d286" />
      <TestMethod codeBase="D:\SFERRARI\01 - TRABAJO\repos\netcore\template-netcore-shared\Kitpymes.Core.Shared.Tests\bin\Debug\netcoreapp3.0\Kitpymes.Core.Shared.Tests.dll" adapterTypeName="executor://mstestadapter/v2" className="Kitpymes.Core.Shared.Tests.ApplicationBuilderExtensionsTests" name="ToEnvironment_Passing_Production_Enviroment_Returns_Production_Name" />
    </UnitTest>
    <UnitTest name="ToYesterday_Passing_DateTime_Returns_Yesterday_DateTime" storage="d:\sferrari\01 - trabajo\repos\netcore\template-netcore-shared\kitpymes.core.shared.tests\bin\debug\netcoreapp3.0\kitpymes.core.shared.tests.dll" id="33545399-79af-5e7f-5179-57fe5645f4be">
      <Execution id="0367a29b-7696-4cd1-bf2d-48efd8714300" />
      <TestMethod codeBase="D:\SFERRARI\01 - TRABAJO\repos\netcore\template-netcore-shared\Kitpymes.Core.Shared.Tests\bin\Debug\netcoreapp3.0\Kitpymes.Core.Shared.Tests.dll" adapterTypeName="executor://mstestadapter/v2" className="Kitpymes.Core.Shared.Tests.DateTimeExtensionsTests" name="ToYesterday_Passing_DateTime_Returns_Yesterday_DateTime" />
    </UnitTest>
    <UnitTest name="ToEnvironment_Passing_Staging_Enviroment_Returns_Staging_Name" storage="d:\sferrari\01 - trabajo\repos\netcore\template-netcore-shared\kitpymes.core.shared.tests\bin\debug\netcoreapp3.0\kitpymes.core.shared.tests.dll" id="5e237822-3b9d-da27-9221-3ae1f5eb15b0">
      <Execution id="d44fc33b-f12e-49b4-a543-da8b94dd387a" />
      <TestMethod codeBase="D:\SFERRARI\01 - TRABAJO\repos\netcore\template-netcore-shared\Kitpymes.Core.Shared.Tests\bin\Debug\netcoreapp3.0\Kitpymes.Core.Shared.Tests.dll" adapterTypeName="executor://mstestadapter/v2" className="Kitpymes.Core.Shared.Tests.ApplicationBuilderExtensionsTests" name="ToEnvironment_Passing_Staging_Enviroment_Returns_Staging_Name" />
    </UnitTest>
    <UnitTest name="ToIsAuthenticated_Passing_Claims_Returns_True" storage="d:\sferrari\01 - trabajo\repos\netcore\template-netcore-shared\kitpymes.core.shared.tests\bin\debug\netcoreapp3.0\kitpymes.core.shared.tests.dll" id="a75e991f-5e03-3949-85d6-afa1f14455d4">
      <Execution id="7e0df31d-2948-4909-9a4b-7715718d0ffa" />
      <TestMethod codeBase="D:\SFERRARI\01 - TRABAJO\repos\netcore\template-netcore-shared\Kitpymes.Core.Shared.Tests\bin\Debug\netcoreapp3.0\Kitpymes.Core.Shared.Tests.dll" adapterTypeName="executor://mstestadapter/v2" className="Kitpymes.Core.Shared.Tests.ClaimsPrincipalExtensionsTests" name="ToIsAuthenticated_Passing_Claims_Returns_True" />
    </UnitTest>
    <UnitTest name="ToUri_Passing_InvalidValueString_Returns_DefaultValue" storage="d:\sferrari\01 - trabajo\repos\netcore\template-netcore-shared\kitpymes.core.shared.tests\bin\debug\netcoreapp3.0\kitpymes.core.shared.tests.dll" id="bc15aa99-72de-0e5a-b6e8-2d654659d591">
      <Execution id="c654d710-c52c-4029-9e4a-f0b0e1264b74" />
      <TestMethod codeBase="D:\SFERRARI\01 - TRABAJO\repos\netcore\template-netcore-shared\Kitpymes.Core.Shared.Tests\bin\Debug\netcoreapp3.0\Kitpymes.Core.Shared.Tests.dll" adapterTypeName="executor://mstestadapter/v2" className="Kitpymes.Core.Shared.Tests.StringExtensionsTests" name="ToUri_Passing_InvalidValueString_Returns_DefaultValue" />
    </UnitTest>
    <UnitTest name="IsUniqueChars_Passing_InvalidArguments_Returns_HasErrorsAndCount" storage="d:\sferrari\01 - trabajo\repos\netcore\template-netcore-shared\kitpymes.core.shared.tests\bin\debug\netcoreapp3.0\kitpymes.core.shared.tests.dll" id="b9a89fa2-355c-e886-bec5-28d3cf549be6">
      <Execution id="eb8abe18-3c48-4c55-ad5c-191793dfddbc" />
      <TestMethod codeBase="D:\SFERRARI\01 - TRABAJO\repos\netcore\template-netcore-shared\Kitpymes.Core.Shared.Tests\bin\Debug\netcoreapp3.0\Kitpymes.Core.Shared.Tests.dll" adapterTypeName="executor://mstestadapter/v2" className="Kitpymes.Core.Shared.Tests.CheckTests" name="IsUniqueChars_Passing_InvalidArguments_Returns_HasErrorsAndCount" />
    </UnitTest>
    <UnitTest name="ToPath_Passing_HttpRequest_Scheme_Host_Path_Returns_Url" storage="d:\sferrari\01 - trabajo\repos\netcore\template-netcore-shared\kitpymes.core.shared.tests\bin\debug\netcoreapp3.0\kitpymes.core.shared.tests.dll" id="5385d994-9594-6052-11cb-73f8d2344981">
      <Execution id="488aa1c5-2846-4e1e-b32d-d162ff1eb352" />
      <TestMethod codeBase="D:\SFERRARI\01 - TRABAJO\repos\netcore\template-netcore-shared\Kitpymes.Core.Shared.Tests\bin\Debug\netcoreapp3.0\Kitpymes.Core.Shared.Tests.dll" adapterTypeName="executor://mstestadapter/v2" className="Kitpymes.Core.Shared.Tests.HttpRequestExtensionsTests" name="ToPath_Passing_HttpRequest_Scheme_Host_Path_Returns_Url" />
    </UnitTest>
    <UnitTest name="CreateSHA512_Passing_Invalid_Arguments_Returns_ApplicationException" storage="d:\sferrari\01 - trabajo\repos\netcore\template-netcore-shared\kitpymes.core.shared.tests\bin\debug\netcoreapp3.0\kitpymes.core.shared.tests.dll" id="f17b6f1f-06a9-5318-815f-4c3950fdd0cb">
      <Execution id="a6e7e6ca-7cb4-4fab-939f-0c313e68b52f" />
      <TestMethod codeBase="D:\SFERRARI\01 - TRABAJO\repos\netcore\template-netcore-shared\Kitpymes.Core.Shared.Tests\bin\Debug\netcoreapp3.0\Kitpymes.Core.Shared.Tests.dll" adapterTypeName="executor://mstestadapter/v2" className="Kitpymes.Core.Shared.Tests.HashTests" name="CreateSHA512_Passing_Invalid_Arguments_Returns_ApplicationException" />
    </UnitTest>
    <UnitTest name="ToDefaultValue_Passing_decimal_Returns_Cero" storage="d:\sferrari\01 - trabajo\repos\netcore\template-netcore-shared\kitpymes.core.shared.tests\bin\debug\netcoreapp3.0\kitpymes.core.shared.tests.dll" id="334e3485-05b4-4549-cacd-aef8fff10757">
      <Execution id="3779d679-e03b-44e9-bd97-f789e8254c4b" />
      <TestMethod codeBase="D:\SFERRARI\01 - TRABAJO\repos\netcore\template-netcore-shared\Kitpymes.Core.Shared.Tests\bin\Debug\netcoreapp3.0\Kitpymes.Core.Shared.Tests.dll" adapterTypeName="executor://mstestadapter/v2" className="Kitpymes.Core.Shared.Tests.GenericExtensionsTests" name="ToDefaultValue_Passing_decimal_Returns_Cero" />
    </UnitTest>
    <UnitTest name="ToConfigureOrDefault_Passing_ActionCustomValues_Returns_CustomValues" storage="d:\sferrari\01 - trabajo\repos\netcore\template-netcore-shared\kitpymes.core.shared.tests\bin\debug\netcoreapp3.0\kitpymes.core.shared.tests.dll" id="313cfb2c-8c3b-337b-12f8-296f8611376d">
      <Execution id="bbc19741-9b39-4ec1-b0ed-390554e1f1f7" />
      <TestMethod codeBase="D:\SFERRARI\01 - TRABAJO\repos\netcore\template-netcore-shared\Kitpymes.Core.Shared.Tests\bin\Debug\netcoreapp3.0\Kitpymes.Core.Shared.Tests.dll" adapterTypeName="executor://mstestadapter/v2" className="Kitpymes.Core.Shared.Tests.ActionExtensionsTests" name="ToConfigureOrDefault_Passing_ActionCustomValues_Returns_CustomValues" />
    </UnitTest>
    <UnitTest name="ToMapMerge_Passing_Destination_Object_Returns_Merged_Destination_Object" storage="d:\sferrari\01 - trabajo\repos\netcore\template-netcore-shared\kitpymes.core.shared.tests\bin\debug\netcoreapp3.0\kitpymes.core.shared.tests.dll" id="ab274dac-b194-4e0f-6fab-a20667b535a8">
      <Execution id="479af3e5-051f-4f7e-aeb1-877ad2f1f661" />
      <TestMethod codeBase="D:\SFERRARI\01 - TRABAJO\repos\netcore\template-netcore-shared\Kitpymes.Core.Shared.Tests\bin\Debug\netcoreapp3.0\Kitpymes.Core.Shared.Tests.dll" adapterTypeName="executor://mstestadapter/v2" className="Kitpymes.Core.Shared.Tests.AgileMapperExtensionsTests" name="ToMapMerge_Passing_Destination_Object_Returns_Merged_Destination_Object" />
    </UnitTest>
    <UnitTest name="ToExists_Passing_Claims_Returns_True" storage="d:\sferrari\01 - trabajo\repos\netcore\template-netcore-shared\kitpymes.core.shared.tests\bin\debug\netcoreapp3.0\kitpymes.core.shared.tests.dll" id="57d3cdd8-8268-9aa3-6f39-3cc0224b305c">
      <Execution id="e8a51001-282b-4bb4-b20e-285ce6872dfc" />
      <TestMethod codeBase="D:\SFERRARI\01 - TRABAJO\repos\netcore\template-netcore-shared\Kitpymes.Core.Shared.Tests\bin\Debug\netcoreapp3.0\Kitpymes.Core.Shared.Tests.dll" adapterTypeName="executor://mstestadapter/v2" className="Kitpymes.Core.Shared.Tests.ClaimsPrincipalExtensionsTests" name="ToExists_Passing_Claims_Returns_True" />
    </UnitTest>
    <UnitTest name="ToResultAsync_Passing_StatusCodeAnd_MessageAndContentTypeAndHeader_Values_Returns_Values" storage="d:\sferrari\01 - trabajo\repos\netcore\template-netcore-shared\kitpymes.core.shared.tests\bin\debug\netcoreapp3.0\kitpymes.core.shared.tests.dll" id="161f5d07-7835-e575-5072-b9d787ef451c">
      <Execution id="8e3f833d-6cc8-48ee-ab23-26dca313baaf" />
      <TestMethod codeBase="D:\SFERRARI\01 - TRABAJO\repos\netcore\template-netcore-shared\Kitpymes.Core.Shared.Tests\bin\Debug\netcoreapp3.0\Kitpymes.Core.Shared.Tests.dll" adapterTypeName="executor://mstestadapter/v2" className="Kitpymes.Core.Shared.Tests.HttpResponseExtensionsTests" name="ToResultAsync_Passing_StatusCodeAnd_MessageAndContentTypeAndHeader_Values_Returns_Values" />
    </UnitTest>
    <UnitTest name="ToDisplay_Passing_Enumeration_Name_Returns_Display_Atributte" storage="d:\sferrari\01 - trabajo\repos\netcore\template-netcore-shared\kitpymes.core.shared.tests\bin\debug\netcoreapp3.0\kitpymes.core.shared.tests.dll" id="d6d04f4a-9142-b816-d673-c4abf49a39ad">
      <Execution id="87da96f1-b510-4503-90c2-87c196f46b2f" />
      <TestMethod codeBase="D:\SFERRARI\01 - TRABAJO\repos\netcore\template-netcore-shared\Kitpymes.Core.Shared.Tests\bin\Debug\netcoreapp3.0\Kitpymes.Core.Shared.Tests.dll" adapterTypeName="executor://mstestadapter/v2" className="Kitpymes.Core.Shared.Tests.EnumExtensionsTests" name="ToDisplay_Passing_Enumeration_Name_Returns_Display_Atributte" />
    </UnitTest>
    <UnitTest name="ToGet_Passing_Claims_Returns_Claim_Value_Int" storage="d:\sferrari\01 - trabajo\repos\netcore\template-netcore-shared\kitpymes.core.shared.tests\bin\debug\netcoreapp3.0\kitpymes.core.shared.tests.dll" id="209cbba1-d5fa-4810-2cb6-ee92ce2e109d">
      <Execution id="dd20a733-d462-48fe-b0c2-6b531ad9156d" />
      <TestMethod codeBase="D:\SFERRARI\01 - TRABAJO\repos\netcore\template-netcore-shared\Kitpymes.Core.Shared.Tests\bin\Debug\netcoreapp3.0\Kitpymes.Core.Shared.Tests.dll" adapterTypeName="executor://mstestadapter/v2" className="Kitpymes.Core.Shared.Tests.ClaimsPrincipalExtensionsTests" name="ToGet_Passing_Claims_Returns_Claim_Value_Int" />
    </UnitTest>
    <UnitTest name="ToFormat_Passing_ValidTimeSpanValue_Returns_ValueWithFormatString" storage="d:\sferrari\01 - trabajo\repos\netcore\template-netcore-shared\kitpymes.core.shared.tests\bin\debug\netcoreapp3.0\kitpymes.core.shared.tests.dll" id="ede15cdf-3d1b-3e1a-18dc-485a2d50fe42">
      <Execution id="2b689c85-08fc-4ad4-9866-7bef905726ca" />
      <TestMethod codeBase="D:\SFERRARI\01 - TRABAJO\repos\netcore\template-netcore-shared\Kitpymes.Core.Shared.Tests\bin\Debug\netcoreapp3.0\Kitpymes.Core.Shared.Tests.dll" adapterTypeName="executor://mstestadapter/v2" className="Kitpymes.Core.Shared.Tests.TimeSpanExtensionsTests" name="ToFormat_Passing_ValidTimeSpanValue_Returns_ValueWithFormatString" />
    </UnitTest>
    <UnitTest name="ToIsWeekend_Passing_Sunday_DateTime_Returns_True" storage="d:\sferrari\01 - trabajo\repos\netcore\template-netcore-shared\kitpymes.core.shared.tests\bin\debug\netcoreapp3.0\kitpymes.core.shared.tests.dll" id="c8fd6d3c-b723-929b-f175-dbdc2a7be855">
      <Execution id="6885484b-775c-42e3-8d03-ecbbdf5b99f6" />
      <TestMethod codeBase="D:\SFERRARI\01 - TRABAJO\repos\netcore\template-netcore-shared\Kitpymes.Core.Shared.Tests\bin\Debug\netcoreapp3.0\Kitpymes.Core.Shared.Tests.dll" adapterTypeName="executor://mstestadapter/v2" className="Kitpymes.Core.Shared.Tests.DateTimeExtensionsTests" name="ToIsWeekend_Passing_Sunday_DateTime_Returns_True" />
    </UnitTest>
    <UnitTest name="ResultOkData_WithMessage" storage="d:\sferrari\01 - trabajo\repos\netcore\template-netcore-shared\kitpymes.core.shared.tests\bin\debug\netcoreapp3.0\kitpymes.core.shared.tests.dll" id="832c041a-0c55-5788-b9d7-40a6ab6eae94">
      <Execution id="5973fe54-848f-443f-9e3b-e6a7435be2b7" />
      <TestMethod codeBase="D:\SFERRARI\01 - TRABAJO\repos\netcore\template-netcore-shared\Kitpymes.Core.Shared.Tests\bin\Debug\netcoreapp3.0\Kitpymes.Core.Shared.Tests.dll" adapterTypeName="executor://mstestadapter/v2" className="Kitpymes.Core.Shared.Tests.ResultTest" name="ResultOkData_WithMessage" />
    </UnitTest>
    <UnitTest name="IsFileExtension_Passing_InvalidArguments_Returns_HasErrorsAndCount" storage="d:\sferrari\01 - trabajo\repos\netcore\template-netcore-shared\kitpymes.core.shared.tests\bin\debug\netcoreapp3.0\kitpymes.core.shared.tests.dll" id="e608205e-4953-e9a3-1956-895ed42ab083">
      <Execution id="e7302a2f-1094-4441-9147-456e67dab6ce" />
      <TestMethod codeBase="D:\SFERRARI\01 - TRABAJO\repos\netcore\template-netcore-shared\Kitpymes.Core.Shared.Tests\bin\Debug\netcoreapp3.0\Kitpymes.Core.Shared.Tests.dll" adapterTypeName="executor://mstestadapter/v2" className="Kitpymes.Core.Shared.Tests.CheckTests" name="IsFileExtension_Passing_InvalidArguments_Returns_HasErrorsAndCount" />
    </UnitTest>
    <UnitTest name="ToReplaceSpecialChars_Passing_ValidValue_Returns_ReplacedValueWithoutIgnoreSpecialChars" storage="d:\sferrari\01 - trabajo\repos\netcore\template-netcore-shared\kitpymes.core.shared.tests\bin\debug\netcoreapp3.0\kitpymes.core.shared.tests.dll" id="29112d2a-2e73-305d-ec50-12fc95c28627">
      <Execution id="96900050-c769-4c44-b569-8d6d0d7c6de1" />
      <TestMethod codeBase="D:\SFERRARI\01 - TRABAJO\repos\netcore\template-netcore-shared\Kitpymes.Core.Shared.Tests\bin\Debug\netcoreapp3.0\Kitpymes.Core.Shared.Tests.dll" adapterTypeName="executor://mstestadapter/v2" className="Kitpymes.Core.Shared.Tests.StringExtensionsTests" name="ToReplaceSpecialChars_Passing_ValidValue_Returns_ReplacedValueWithoutIgnoreSpecialChars" />
    </UnitTest>
    <UnitTest name="IsDomain_Passing_InvalidArguments_Returns_HasErrorsAndCount" storage="d:\sferrari\01 - trabajo\repos\netcore\template-netcore-shared\kitpymes.core.shared.tests\bin\debug\netcoreapp3.0\kitpymes.core.shared.tests.dll" id="3bd7277d-4ad0-51ee-d24c-53176ec3cc7f">
      <Execution id="06b6f0ad-2d68-448e-915b-68ef5a552f2c" />
      <TestMethod codeBase="D:\SFERRARI\01 - TRABAJO\repos\netcore\template-netcore-shared\Kitpymes.Core.Shared.Tests\bin\Debug\netcoreapp3.0\Kitpymes.Core.Shared.Tests.dll" adapterTypeName="executor://mstestadapter/v2" className="Kitpymes.Core.Shared.Tests.CheckTests" name="IsDomain_Passing_InvalidArguments_Returns_HasErrorsAndCount" />
    </UnitTest>
    <UnitTest name="ToFormat_Passing_ValidValueFormatWithArguments_Returns_ValueWithFormat" storage="d:\sferrari\01 - trabajo\repos\netcore\template-netcore-shared\kitpymes.core.shared.tests\bin\debug\netcoreapp3.0\kitpymes.core.shared.tests.dll" id="ac572b27-5286-68a4-5380-d7de82fbf69a">
      <Execution id="44685dde-4278-4fbf-9978-dc2a3e39a3a2" />
      <TestMethod codeBase="D:\SFERRARI\01 - TRABAJO\repos\netcore\template-netcore-shared\Kitpymes.Core.Shared.Tests\bin\Debug\netcoreapp3.0\Kitpymes.Core.Shared.Tests.dll" adapterTypeName="executor://mstestadapter/v2" className="Kitpymes.Core.Shared.Tests.StringExtensionsTests" name="ToFormat_Passing_ValidValueFormatWithArguments_Returns_ValueWithFormat" />
    </UnitTest>
    <UnitTest name="ToConfigureOrDefault_Passing_DefaultValues_And_ActionCustomValues_Returns_DefaultValues_And_CustomValues" storage="d:\sferrari\01 - trabajo\repos\netcore\template-netcore-shared\kitpymes.core.shared.tests\bin\debug\netcoreapp3.0\kitpymes.core.shared.tests.dll" id="53cbdd8e-a1ef-5d22-8745-938609ed19c2">
      <Execution id="696e95af-db2f-40ee-af9c-6ff0dfc1b29e" />
      <TestMethod codeBase="D:\SFERRARI\01 - TRABAJO\repos\netcore\template-netcore-shared\Kitpymes.Core.Shared.Tests\bin\Debug\netcoreapp3.0\Kitpymes.Core.Shared.Tests.dll" adapterTypeName="executor://mstestadapter/v2" className="Kitpymes.Core.Shared.Tests.ActionExtensionsTests" name="ToConfigureOrDefault_Passing_DefaultValues_And_ActionCustomValues_Returns_DefaultValues_And_CustomValues" />
    </UnitTest>
    <UnitTest name="ToEnvironment_Passing_Custom_Enviroment_Returns_Custom_Name" storage="d:\sferrari\01 - trabajo\repos\netcore\template-netcore-shared\kitpymes.core.shared.tests\bin\debug\netcoreapp3.0\kitpymes.core.shared.tests.dll" id="69b6ed05-fdf2-6989-0583-109b4777a6ac">
      <Execution id="97f8061f-b439-417d-8e44-b9e42f4ab0b0" />
      <TestMethod codeBase="D:\SFERRARI\01 - TRABAJO\repos\netcore\template-netcore-shared\Kitpymes.Core.Shared.Tests\bin\Debug\netcoreapp3.0\Kitpymes.Core.Shared.Tests.dll" adapterTypeName="executor://mstestadapter/v2" className="Kitpymes.Core.Shared.Tests.ApplicationBuilderExtensionsTests" name="ToEnvironment_Passing_Custom_Enviroment_Returns_Custom_Name" />
    </UnitTest>
    <UnitTest name="ToDefaultValue_Passing_long_Returns_Cero" storage="d:\sferrari\01 - trabajo\repos\netcore\template-netcore-shared\kitpymes.core.shared.tests\bin\debug\netcoreapp3.0\kitpymes.core.shared.tests.dll" id="e93b141b-fdfd-0f98-21e5-3eb211b6e88b">
      <Execution id="42812b0b-3548-4cfd-a6b4-987fab8fac82" />
      <TestMethod codeBase="D:\SFERRARI\01 - TRABAJO\repos\netcore\template-netcore-shared\Kitpymes.Core.Shared.Tests\bin\Debug\netcoreapp3.0\Kitpymes.Core.Shared.Tests.dll" adapterTypeName="executor://mstestadapter/v2" className="Kitpymes.Core.Shared.Tests.GenericExtensionsTests" name="ToDefaultValue_Passing_long_Returns_Cero" />
    </UnitTest>
    <UnitTest name="ToHashAlgorithmName_Passing_InvalidValueLowerCaseStringWithDefaultValue_Returns_DefaultValue" storage="d:\sferrari\01 - trabajo\repos\netcore\template-netcore-shared\kitpymes.core.shared.tests\bin\debug\netcoreapp3.0\kitpymes.core.shared.tests.dll" id="d5506b30-7041-6d90-bd03-bcd5b2479c40">
      <Execution id="b239fd85-5ebd-419f-b2b7-6d81ca1ccc9b" />
      <TestMethod codeBase="D:\SFERRARI\01 - TRABAJO\repos\netcore\template-netcore-shared\Kitpymes.Core.Shared.Tests\bin\Debug\netcoreapp3.0\Kitpymes.Core.Shared.Tests.dll" adapterTypeName="executor://mstestadapter/v2" className="Kitpymes.Core.Shared.Tests.StringExtensionsTests" name="ToHashAlgorithmName_Passing_InvalidValueLowerCaseStringWithDefaultValue_Returns_DefaultValue" />
    </UnitTest>
    <UnitTest name="ToDefaultValue_Passing_ushort_Returns_Cero" storage="d:\sferrari\01 - trabajo\repos\netcore\template-netcore-shared\kitpymes.core.shared.tests\bin\debug\netcoreapp3.0\kitpymes.core.shared.tests.dll" id="47f3e733-f069-b79f-9f6d-7c11fc368663">
      <Execution id="f8d95194-5694-41bc-95b2-50310d5268d9" />
      <TestMethod codeBase="D:\SFERRARI\01 - TRABAJO\repos\netcore\template-netcore-shared\Kitpymes.Core.Shared.Tests\bin\Debug\netcoreapp3.0\Kitpymes.Core.Shared.Tests.dll" adapterTypeName="executor://mstestadapter/v2" className="Kitpymes.Core.Shared.Tests.GenericExtensionsTests" name="ToDefaultValue_Passing_ushort_Returns_Cero" />
    </UnitTest>
    <UnitTest name="ToIsNullOrEmpty_Passing_InvalidValue_Returns_True" storage="d:\sferrari\01 - trabajo\repos\netcore\template-netcore-shared\kitpymes.core.shared.tests\bin\debug\netcoreapp3.0\kitpymes.core.shared.tests.dll" id="297c060d-406b-f933-91fe-dfd3459b8ace">
      <Execution id="8376d7a3-23a2-4bf0-8c92-67539388f06f" />
      <TestMethod codeBase="D:\SFERRARI\01 - TRABAJO\repos\netcore\template-netcore-shared\Kitpymes.Core.Shared.Tests\bin\Debug\netcoreapp3.0\Kitpymes.Core.Shared.Tests.dll" adapterTypeName="executor://mstestadapter/v2" className="Kitpymes.Core.Shared.Tests.CheckExtensionsTests" name="ToIsNullOrEmpty_Passing_InvalidValue_Returns_True" />
    </UnitTest>
    <UnitTest name="ResultErrorData_WithTitle_WithStatusCode_WithMessage_WithDetails_WithExceptionType_WithErrors" storage="d:\sferrari\01 - trabajo\repos\netcore\template-netcore-shared\kitpymes.core.shared.tests\bin\debug\netcoreapp3.0\kitpymes.core.shared.tests.dll" id="05e5e57c-db71-e28f-a271-06b575e1a9ca">
      <Execution id="cbc922b1-f3e0-4175-b6d5-ba8aa8c78353" />
      <TestMethod codeBase="D:\SFERRARI\01 - TRABAJO\repos\netcore\template-netcore-shared\Kitpymes.Core.Shared.Tests\bin\Debug\netcoreapp3.0\Kitpymes.Core.Shared.Tests.dll" adapterTypeName="executor://mstestadapter/v2" className="Kitpymes.Core.Shared.Tests.ResultTest" name="ResultErrorData_WithTitle_WithStatusCode_WithMessage_WithDetails_WithExceptionType_WithErrors" />
    </UnitTest>
    <UnitTest name="ToDirectoryFindFilePath_Passing_ValidValueIntoSubDirectory_Returns_FilePath" storage="d:\sferrari\01 - trabajo\repos\netcore\template-netcore-shared\kitpymes.core.shared.tests\bin\debug\netcoreapp3.0\kitpymes.core.shared.tests.dll" id="5fda35dc-4db7-2169-9391-a6295d2ec5fd">
      <Execution id="9e6d0afe-feeb-46ef-8062-36c9cb08e0b1" />
      <TestMethod codeBase="D:\SFERRARI\01 - TRABAJO\repos\netcore\template-netcore-shared\Kitpymes.Core.Shared.Tests\bin\Debug\netcoreapp3.0\Kitpymes.Core.Shared.Tests.dll" adapterTypeName="executor://mstestadapter/v2" className="Kitpymes.Core.Shared.Tests.StringExtensionsTests" name="ToDirectoryFindFilePath_Passing_ValidValueIntoSubDirectory_Returns_FilePath" />
    </UnitTest>
    <UnitTest name="ToHasErrors_Passing_InvalidValue_Returns_ApplicationExceptionWithMessage" storage="d:\sferrari\01 - trabajo\repos\netcore\template-netcore-shared\kitpymes.core.shared.tests\bin\debug\netcoreapp3.0\kitpymes.core.shared.tests.dll" id="1340b308-d9eb-a26e-e042-04d6c1d9a958">
      <Execution id="6136f3e2-9248-4e6f-ad50-2a41452b6005" />
      <TestMethod codeBase="D:\SFERRARI\01 - TRABAJO\repos\netcore\template-netcore-shared\Kitpymes.Core.Shared.Tests\bin\Debug\netcoreapp3.0\Kitpymes.Core.Shared.Tests.dll" adapterTypeName="executor://mstestadapter/v2" className="Kitpymes.Core.Shared.Tests.CheckExtensionsTests" name="ToHasErrors_Passing_InvalidValue_Returns_ApplicationExceptionWithMessage" />
    </UnitTest>
    <UnitTest name="ToConfiguration_Passing_Key_Values_Returns_Ok" storage="d:\sferrari\01 - trabajo\repos\netcore\template-netcore-shared\kitpymes.core.shared.tests\bin\debug\netcoreapp3.0\kitpymes.core.shared.tests.dll" id="66f7bc12-fe2b-fd81-3cbf-5bc4840aa6f8">
      <Execution id="9e6ad04b-6d82-4acd-ad66-1ca5b091220d" />
      <TestMethod codeBase="D:\SFERRARI\01 - TRABAJO\repos\netcore\template-netcore-shared\Kitpymes.Core.Shared.Tests\bin\Debug\netcoreapp3.0\Kitpymes.Core.Shared.Tests.dll" adapterTypeName="executor://mstestadapter/v2" className="Kitpymes.Core.Shared.Tests.ConfigurationBuilderExtensionsTests" name="ToConfiguration_Passing_Key_Values_Returns_Ok" />
    </UnitTest>
    <UnitTest name="IsUniqueChars_Passing_ValidArguments_Returns_HasErrorsAndCount" storage="d:\sferrari\01 - trabajo\repos\netcore\template-netcore-shared\kitpymes.core.shared.tests\bin\debug\netcoreapp3.0\kitpymes.core.shared.tests.dll" id="fcd9a6e3-ee1d-7212-668e-2b0865200d81">
      <Execution id="fa0d8bcc-43ed-4c26-a2ef-774e379fbc91" />
      <TestMethod codeBase="D:\SFERRARI\01 - TRABAJO\repos\netcore\template-netcore-shared\Kitpymes.Core.Shared.Tests\bin\Debug\netcoreapp3.0\Kitpymes.Core.Shared.Tests.dll" adapterTypeName="executor://mstestadapter/v2" className="Kitpymes.Core.Shared.Tests.CheckTests" name="IsUniqueChars_Passing_ValidArguments_Returns_HasErrorsAndCount" />
    </UnitTest>
    <UnitTest name="ResultError" storage="d:\sferrari\01 - trabajo\repos\netcore\template-netcore-shared\kitpymes.core.shared.tests\bin\debug\netcoreapp3.0\kitpymes.core.shared.tests.dll" id="6b41eea5-b11d-4975-a42c-5030c52fd29c">
      <Execution id="4f571c0a-c106-4b12-83ad-bca661392357" />
      <TestMethod codeBase="D:\SFERRARI\01 - TRABAJO\repos\netcore\template-netcore-shared\Kitpymes.Core.Shared.Tests\bin\Debug\netcoreapp3.0\Kitpymes.Core.Shared.Tests.dll" adapterTypeName="executor://mstestadapter/v2" className="Kitpymes.Core.Shared.Tests.ResultTest" name="ResultError" />
    </UnitTest>
    <UnitTest name="ToEmptyIfNull_Passing_Null_Collection_Returns_Empty_Collection" storage="d:\sferrari\01 - trabajo\repos\netcore\template-netcore-shared\kitpymes.core.shared.tests\bin\debug\netcoreapp3.0\kitpymes.core.shared.tests.dll" id="3e6d6aa9-9b6d-dd96-b54c-49f88780a2b4">
      <Execution id="a2283ea5-b8c4-44be-afa7-fdb8f3ab307e" />
      <TestMethod codeBase="D:\SFERRARI\01 - TRABAJO\repos\netcore\template-netcore-shared\Kitpymes.Core.Shared.Tests\bin\Debug\netcoreapp3.0\Kitpymes.Core.Shared.Tests.dll" adapterTypeName="executor://mstestadapter/v2" className="Kitpymes.Core.Shared.Tests.EnumerableExtensionsTests" name="ToEmptyIfNull_Passing_Null_Collection_Returns_Empty_Collection" />
    </UnitTest>
    <UnitTest name="ToZipExtract_Passing_ValidArchive_Returns_Files" storage="d:\sferrari\01 - trabajo\repos\netcore\template-netcore-shared\kitpymes.core.shared.tests\bin\debug\netcoreapp3.0\kitpymes.core.shared.tests.dll" id="967da852-80aa-48c8-4fdf-7229c80964ce">
      <Execution id="338aef4f-cea1-4fc9-8e4f-cb8b88628051" />
      <TestMethod codeBase="D:\SFERRARI\01 - TRABAJO\repos\netcore\template-netcore-shared\Kitpymes.Core.Shared.Tests\bin\Debug\netcoreapp3.0\Kitpymes.Core.Shared.Tests.dll" adapterTypeName="executor://mstestadapter/v2" className="Kitpymes.Core.Shared.Tests.StringExtensionsTests" name="ToZipExtract_Passing_ValidArchive_Returns_Files" />
    </UnitTest>
    <UnitTest name="ToEnum_Passing_InvalidValueInt_Returns_EnumDefaultValue" storage="d:\sferrari\01 - trabajo\repos\netcore\template-netcore-shared\kitpymes.core.shared.tests\bin\debug\netcoreapp3.0\kitpymes.core.shared.tests.dll" id="8c1d1a56-be42-3df5-a82e-36b97c2860b8">
      <Execution id="f94d18a4-9553-4f19-b041-956eb3342742" />
      <TestMethod codeBase="D:\SFERRARI\01 - TRABAJO\repos\netcore\template-netcore-shared\Kitpymes.Core.Shared.Tests\bin\Debug\netcoreapp3.0\Kitpymes.Core.Shared.Tests.dll" adapterTypeName="executor://mstestadapter/v2" className="Kitpymes.Core.Shared.Tests.StringExtensionsTests" name="ToEnum_Passing_InvalidValueInt_Returns_EnumDefaultValue" />
    </UnitTest>
    <UnitTest name="ToMapList_Passing_Source_Type_And_Destination_Type_Returns_Destination_Object_List" storage="d:\sferrari\01 - trabajo\repos\netcore\template-netcore-shared\kitpymes.core.shared.tests\bin\debug\netcoreapp3.0\kitpymes.core.shared.tests.dll" id="f8b74494-d277-7173-e694-2a4d463a4607">
      <Execution id="68a39462-3a79-4997-bac5-05800ba4e483" />
      <TestMethod codeBase="D:\SFERRARI\01 - TRABAJO\repos\netcore\template-netcore-shared\Kitpymes.Core.Shared.Tests\bin\Debug\netcoreapp3.0\Kitpymes.Core.Shared.Tests.dll" adapterTypeName="executor://mstestadapter/v2" className="Kitpymes.Core.Shared.Tests.AgileMapperExtensionsTests" name="ToMapList_Passing_Source_Type_And_Destination_Type_Returns_Destination_Object_List" />
    </UnitTest>
    <UnitTest name="ToExists_Passing_Valid_Service_Returns_True" storage="d:\sferrari\01 - trabajo\repos\netcore\template-netcore-shared\kitpymes.core.shared.tests\bin\debug\netcoreapp3.0\kitpymes.core.shared.tests.dll" id="e2880a6e-7a01-b4ba-86fb-4d33be072972">
      <Execution id="33096431-8ad6-4604-b4a6-c58e2d590a51" />
      <TestMethod codeBase="D:\SFERRARI\01 - TRABAJO\repos\netcore\template-netcore-shared\Kitpymes.Core.Shared.Tests\bin\Debug\netcoreapp3.0\Kitpymes.Core.Shared.Tests.dll" adapterTypeName="executor://mstestadapter/v2" className="Kitpymes.Core.Shared.Tests.ConfigurationBuilderExtensionsTests" name="ToExists_Passing_Valid_Service_Returns_True" />
    </UnitTest>
    <UnitTest name="ToMapNew_Passing_TDestination_Returns_New_Destination_Object" storage="d:\sferrari\01 - trabajo\repos\netcore\template-netcore-shared\kitpymes.core.shared.tests\bin\debug\netcoreapp3.0\kitpymes.core.shared.tests.dll" id="0ee8121e-b492-a57d-d072-de988a4e30f8">
      <Execution id="903e576d-98ee-443f-b5f1-1c9e7c9914e1" />
      <TestMethod codeBase="D:\SFERRARI\01 - TRABAJO\repos\netcore\template-netcore-shared\Kitpymes.Core.Shared.Tests\bin\Debug\netcoreapp3.0\Kitpymes.Core.Shared.Tests.dll" adapterTypeName="executor://mstestadapter/v2" className="Kitpymes.Core.Shared.Tests.AgileMapperExtensionsTests" name="ToMapNew_Passing_TDestination_Returns_New_Destination_Object" />
    </UnitTest>
    <UnitTest name="IsName_Passing_InvalidArguments_Returns_HasErrorsAndCount" storage="d:\sferrari\01 - trabajo\repos\netcore\template-netcore-shared\kitpymes.core.shared.tests\bin\debug\netcoreapp3.0\kitpymes.core.shared.tests.dll" id="9eeef095-29ed-4872-a36c-ca4832350421">
      <Execution id="8474ecd1-4edf-4762-9dce-d21abf2f6292" />
      <TestMethod codeBase="D:\SFERRARI\01 - TRABAJO\repos\netcore\template-netcore-shared\Kitpymes.Core.Shared.Tests\bin\Debug\netcoreapp3.0\Kitpymes.Core.Shared.Tests.dll" adapterTypeName="executor://mstestadapter/v2" className="Kitpymes.Core.Shared.Tests.CheckTests" name="IsName_Passing_InvalidArguments_Returns_HasErrorsAndCount" />
    </UnitTest>
    <UnitTest name="IsHostname_Passing_InvalidArguments_Returns_HasErrorsAndCount" storage="d:\sferrari\01 - trabajo\repos\netcore\template-netcore-shared\kitpymes.core.shared.tests\bin\debug\netcoreapp3.0\kitpymes.core.shared.tests.dll" id="4a3afd90-c6ab-e82e-40d8-b40450680318">
      <Execution id="9eb19b77-c36f-4d72-82ae-2ea0b1646c50" />
      <TestMethod codeBase="D:\SFERRARI\01 - TRABAJO\repos\netcore\template-netcore-shared\Kitpymes.Core.Shared.Tests\bin\Debug\netcoreapp3.0\Kitpymes.Core.Shared.Tests.dll" adapterTypeName="executor://mstestadapter/v2" className="Kitpymes.Core.Shared.Tests.CheckTests" name="IsHostname_Passing_InvalidArguments_Returns_HasErrorsAndCount" />
    </UnitTest>
    <UnitTest name="IsName_Passing_ValidArguments_Returns_HasErrorsAndCount" storage="d:\sferrari\01 - trabajo\repos\netcore\template-netcore-shared\kitpymes.core.shared.tests\bin\debug\netcoreapp3.0\kitpymes.core.shared.tests.dll" id="0e702ef4-7e85-bcb3-3879-32ee56a27932">
      <Execution id="bc264dc0-64c6-4eef-bec2-5d5ae050c244" />
      <TestMethod codeBase="D:\SFERRARI\01 - TRABAJO\repos\netcore\template-netcore-shared\Kitpymes.Core.Shared.Tests\bin\Debug\netcoreapp3.0\Kitpymes.Core.Shared.Tests.dll" adapterTypeName="executor://mstestadapter/v2" className="Kitpymes.Core.Shared.Tests.CheckTests" name="IsName_Passing_ValidArguments_Returns_HasErrorsAndCount" />
    </UnitTest>
    <UnitTest name="ToSubdomain_Passing_HttpRequest_Host_Returns_Subdomain" storage="d:\sferrari\01 - trabajo\repos\netcore\template-netcore-shared\kitpymes.core.shared.tests\bin\debug\netcoreapp3.0\kitpymes.core.shared.tests.dll" id="e9b23f0c-0cde-4603-1739-ee642fd33c36">
      <Execution id="c3bc13f7-4fa8-444a-a8f4-ae85bcb87d55" />
      <TestMethod codeBase="D:\SFERRARI\01 - TRABAJO\repos\netcore\template-netcore-shared\Kitpymes.Core.Shared.Tests\bin\Debug\netcoreapp3.0\Kitpymes.Core.Shared.Tests.dll" adapterTypeName="executor://mstestadapter/v2" className="Kitpymes.Core.Shared.Tests.HttpRequestExtensionsTests" name="ToSubdomain_Passing_HttpRequest_Host_Returns_Subdomain" />
    </UnitTest>
    <UnitTest name="ToCount_Passing_ValidEnumType_Returns_Count" storage="d:\sferrari\01 - trabajo\repos\netcore\template-netcore-shared\kitpymes.core.shared.tests\bin\debug\netcoreapp3.0\kitpymes.core.shared.tests.dll" id="bc6955b8-aec0-957c-bad4-853e5cfa19a1">
      <Execution id="759f82aa-def7-4f50-9afe-29503f59898a" />
      <TestMethod codeBase="D:\SFERRARI\01 - TRABAJO\repos\netcore\template-netcore-shared\Kitpymes.Core.Shared.Tests\bin\Debug\netcoreapp3.0\Kitpymes.Core.Shared.Tests.dll" adapterTypeName="executor://mstestadapter/v2" className="Kitpymes.Core.Shared.Tests.EnumsTests" name="ToCount_Passing_ValidEnumType_Returns_Count" />
    </UnitTest>
    <UnitTest name="ToService_Passing_NotFound_Service_Returns_Null" storage="d:\sferrari\01 - trabajo\repos\netcore\template-netcore-shared\kitpymes.core.shared.tests\bin\debug\netcoreapp3.0\kitpymes.core.shared.tests.dll" id="c330741e-ad40-618c-36cc-508c135d2b95">
      <Execution id="0cabbda5-6127-4efc-b9ef-a516affe9128" />
      <TestMethod codeBase="D:\SFERRARI\01 - TRABAJO\repos\netcore\template-netcore-shared\Kitpymes.Core.Shared.Tests\bin\Debug\netcoreapp3.0\Kitpymes.Core.Shared.Tests.dll" adapterTypeName="executor://mstestadapter/v2" className="Kitpymes.Core.Shared.Tests.ConfigurationBuilderExtensionsTests" name="ToService_Passing_NotFound_Service_Returns_Null" />
    </UnitTest>
    <UnitTest name="ToSettings_Passing_Values_From_AppSettingsFile_Returns_Settings" storage="d:\sferrari\01 - trabajo\repos\netcore\template-netcore-shared\kitpymes.core.shared.tests\bin\debug\netcoreapp3.0\kitpymes.core.shared.tests.dll" id="1577c538-d1be-5b59-2b09-8e59b0be5fcd">
      <Execution id="3a0e7164-6296-4500-8b67-aa517959a5aa" />
      <TestMethod codeBase="D:\SFERRARI\01 - TRABAJO\repos\netcore\template-netcore-shared\Kitpymes.Core.Shared.Tests\bin\Debug\netcoreapp3.0\Kitpymes.Core.Shared.Tests.dll" adapterTypeName="executor://mstestadapter/v2" className="Kitpymes.Core.Shared.Tests.ConfigurationBuilderExtensionsTests" name="ToSettings_Passing_Values_From_AppSettingsFile_Returns_Settings" />
    </UnitTest>
    <UnitTest name="ToIsEmailThrow_Passing_InvalidValue_Returns_ApplicationExceptionWithMessage" storage="d:\sferrari\01 - trabajo\repos\netcore\template-netcore-shared\kitpymes.core.shared.tests\bin\debug\netcoreapp3.0\kitpymes.core.shared.tests.dll" id="def94964-1ba4-f78f-2dac-38055bb04256">
      <Execution id="361f8d0a-f242-4050-9f2f-f0c77b557618" />
      <TestMethod codeBase="D:\SFERRARI\01 - TRABAJO\repos\netcore\template-netcore-shared\Kitpymes.Core.Shared.Tests\bin\Debug\netcoreapp3.0\Kitpymes.Core.Shared.Tests.dll" adapterTypeName="executor://mstestadapter/v2" className="Kitpymes.Core.Shared.Tests.CheckExtensionsTests" name="ToIsEmailThrow_Passing_InvalidValue_Returns_ApplicationExceptionWithMessage" />
    </UnitTest>
    <UnitTest name="ToCompress_Passing_Value_Bytes_Returns_Value_Bytes" storage="d:\sferrari\01 - trabajo\repos\netcore\template-netcore-shared\kitpymes.core.shared.tests\bin\debug\netcoreapp3.0\kitpymes.core.shared.tests.dll" id="7a313c49-8adc-98e3-cdda-86b900f0ade6">
      <Execution id="4da73048-53c8-4b81-b9c8-965a1171161d" />
      <TestMethod codeBase="D:\SFERRARI\01 - TRABAJO\repos\netcore\template-netcore-shared\Kitpymes.Core.Shared.Tests\bin\Debug\netcoreapp3.0\Kitpymes.Core.Shared.Tests.dll" adapterTypeName="executor://mstestadapter/v2" className="Kitpymes.Core.Shared.Tests.BytesExtensionsTests" name="ToCompress_Passing_Value_Bytes_Returns_Value_Bytes" />
    </UnitTest>
    <UnitTest name="ToDefaultValue_Passing_ValidStruct_Returns_DefaultValue" storage="d:\sferrari\01 - trabajo\repos\netcore\template-netcore-shared\kitpymes.core.shared.tests\bin\debug\netcoreapp3.0\kitpymes.core.shared.tests.dll" id="ffa669f9-8e25-a33b-f8f7-c3ba4a576a2b">
      <Execution id="bc07d705-b82f-4fa9-990a-6ffd71706adf" />
      <TestMethod codeBase="D:\SFERRARI\01 - TRABAJO\repos\netcore\template-netcore-shared\Kitpymes.Core.Shared.Tests\bin\Debug\netcoreapp3.0\Kitpymes.Core.Shared.Tests.dll" adapterTypeName="executor://mstestadapter/v2" className="Kitpymes.Core.Shared.Tests.TypeExtensionsTests" name="ToDefaultValue_Passing_ValidStruct_Returns_DefaultValue" />
    </UnitTest>
    <UnitTest name="ToIsWeekend_Passing_Saturday_DateTime_Returns_True" storage="d:\sferrari\01 - trabajo\repos\netcore\template-netcore-shared\kitpymes.core.shared.tests\bin\debug\netcoreapp3.0\kitpymes.core.shared.tests.dll" id="18040ed3-941e-dd1e-cb8c-4d34d103f370">
      <Execution id="d32c53f3-c735-4af2-8d23-3f2541c910fd" />
      <TestMethod codeBase="D:\SFERRARI\01 - TRABAJO\repos\netcore\template-netcore-shared\Kitpymes.Core.Shared.Tests\bin\Debug\netcoreapp3.0\Kitpymes.Core.Shared.Tests.dll" adapterTypeName="executor://mstestadapter/v2" className="Kitpymes.Core.Shared.Tests.DateTimeExtensionsTests" name="ToIsWeekend_Passing_Saturday_DateTime_Returns_True" />
    </UnitTest>
    <UnitTest name="ToZipCreate_Passing_ValidFilesWithCutomZipName_Returns_ZipFiles" storage="d:\sferrari\01 - trabajo\repos\netcore\template-netcore-shared\kitpymes.core.shared.tests\bin\debug\netcoreapp3.0\kitpymes.core.shared.tests.dll" id="b51b5293-5162-7db8-79c0-6e7b6f1c51a5">
      <Execution id="98eb731a-07c5-4a7d-a25e-542ddd2537c9" />
      <TestMethod codeBase="D:\SFERRARI\01 - TRABAJO\repos\netcore\template-netcore-shared\Kitpymes.Core.Shared.Tests\bin\Debug\netcoreapp3.0\Kitpymes.Core.Shared.Tests.dll" adapterTypeName="executor://mstestadapter/v2" className="Kitpymes.Core.Shared.Tests.StringExtensionsTests" name="ToZipCreate_Passing_ValidFilesWithCutomZipName_Returns_ZipFiles" />
    </UnitTest>
    <UnitTest name="ToHashAlgorithmName_Passing_InvalidValueStringWithDefaultValue_Returns_DefaultValue" storage="d:\sferrari\01 - trabajo\repos\netcore\template-netcore-shared\kitpymes.core.shared.tests\bin\debug\netcoreapp3.0\kitpymes.core.shared.tests.dll" id="ab527057-69f2-0a9a-89fd-18928a3920fd">
      <Execution id="db04b4d0-4dd4-4725-bf2c-ca11c99c6562" />
      <TestMethod codeBase="D:\SFERRARI\01 - TRABAJO\repos\netcore\template-netcore-shared\Kitpymes.Core.Shared.Tests\bin\Debug\netcoreapp3.0\Kitpymes.Core.Shared.Tests.dll" adapterTypeName="executor://mstestadapter/v2" className="Kitpymes.Core.Shared.Tests.StringExtensionsTests" name="ToHashAlgorithmName_Passing_InvalidValueStringWithDefaultValue_Returns_DefaultValue" />
    </UnitTest>
    <UnitTest name="ResultError_WithTitle_WithStatusCode_WithMessage_WithDetails_WithExceptionType_WithModelErrors" storage="d:\sferrari\01 - trabajo\repos\netcore\template-netcore-shared\kitpymes.core.shared.tests\bin\debug\netcoreapp3.0\kitpymes.core.shared.tests.dll" id="e49703c6-0bb9-fe86-2e5f-45cef1e3759b">
      <Execution id="f26a2b7d-5bf1-4d9e-a0ea-61b8b9664e98" />
      <TestMethod codeBase="D:\SFERRARI\01 - TRABAJO\repos\netcore\template-netcore-shared\Kitpymes.Core.Shared.Tests\bin\Debug\netcoreapp3.0\Kitpymes.Core.Shared.Tests.dll" adapterTypeName="executor://mstestadapter/v2" className="Kitpymes.Core.Shared.Tests.ResultTest" name="ResultError_WithTitle_WithStatusCode_WithMessage_WithDetails_WithExceptionType_WithModelErrors" />
    </UnitTest>
    <UnitTest name="ToEnvironment_ServiceCollection_Passing_Custom_Enviroment_Returns_Custom_Name" storage="d:\sferrari\01 - trabajo\repos\netcore\template-netcore-shared\kitpymes.core.shared.tests\bin\debug\netcoreapp3.0\kitpymes.core.shared.tests.dll" id="21ae5425-e2d1-002f-334f-105a6a674a01">
      <Execution id="3c734441-cb10-4df0-a36f-161427719664" />
      <TestMethod codeBase="D:\SFERRARI\01 - TRABAJO\repos\netcore\template-netcore-shared\Kitpymes.Core.Shared.Tests\bin\Debug\netcoreapp3.0\Kitpymes.Core.Shared.Tests.dll" adapterTypeName="executor://mstestadapter/v2" className="Kitpymes.Core.Shared.Tests.ConfigurationBuilderExtensionsTests" name="ToEnvironment_ServiceCollection_Passing_Custom_Enviroment_Returns_Custom_Name" />
    </UnitTest>
    <UnitTest name="ToList_Passing_ValidEnumTypeWithSelectedValueWithResourceType_Returns_ValuesList" storage="d:\sferrari\01 - trabajo\repos\netcore\template-netcore-shared\kitpymes.core.shared.tests\bin\debug\netcoreapp3.0\kitpymes.core.shared.tests.dll" id="9af963da-8209-d683-34a5-be793bc59993">
      <Execution id="21ffa3c0-0e96-444f-91b6-e18efcfc8c8c" />
      <TestMethod codeBase="D:\SFERRARI\01 - TRABAJO\repos\netcore\template-netcore-shared\Kitpymes.Core.Shared.Tests\bin\Debug\netcoreapp3.0\Kitpymes.Core.Shared.Tests.dll" adapterTypeName="executor://mstestadapter/v2" className="Kitpymes.Core.Shared.Tests.EnumsTests" name="ToList_Passing_ValidEnumTypeWithSelectedValueWithResourceType_Returns_ValuesList" />
    </UnitTest>
    <UnitTest name="IsDirectory_Passing_InvalidArguments_Returns_HasErrorsAndCount" storage="d:\sferrari\01 - trabajo\repos\netcore\template-netcore-shared\kitpymes.core.shared.tests\bin\debug\netcoreapp3.0\kitpymes.core.shared.tests.dll" id="ee30e1f9-ce80-c70a-1b56-b7e02750ae26">
      <Execution id="2d3abb4c-e226-4e14-ab3f-9a70551bfb68" />
      <TestMethod codeBase="D:\SFERRARI\01 - TRABAJO\repos\netcore\template-netcore-shared\Kitpymes.Core.Shared.Tests\bin\Debug\netcoreapp3.0\Kitpymes.Core.Shared.Tests.dll" adapterTypeName="executor://mstestadapter/v2" className="Kitpymes.Core.Shared.Tests.CheckTests" name="IsDirectory_Passing_InvalidArguments_Returns_HasErrorsAndCount" />
    </UnitTest>
    <UnitTest name="ToService_Passing_Valid_Service_Returns_Service" storage="d:\sferrari\01 - trabajo\repos\netcore\template-netcore-shared\kitpymes.core.shared.tests\bin\debug\netcoreapp3.0\kitpymes.core.shared.tests.dll" id="0b1e4893-9444-2235-b7fa-3782f9932212">
      <Execution id="026381cb-36d2-4f28-ad80-0c7fd14e5dec" />
      <TestMethod codeBase="D:\SFERRARI\01 - TRABAJO\repos\netcore\template-netcore-shared\Kitpymes.Core.Shared.Tests\bin\Debug\netcoreapp3.0\Kitpymes.Core.Shared.Tests.dll" adapterTypeName="executor://mstestadapter/v2" className="Kitpymes.Core.Shared.Tests.ConfigurationBuilderExtensionsTests" name="ToService_Passing_Valid_Service_Returns_Service" />
    </UnitTest>
    <UnitTest name="IsNullOrEmpty_Passing_InvalidArguments_Returns_HasErrorsAndCount" storage="d:\sferrari\01 - trabajo\repos\netcore\template-netcore-shared\kitpymes.core.shared.tests\bin\debug\netcoreapp3.0\kitpymes.core.shared.tests.dll" id="801afd1a-5f3d-0d0c-471a-96452bf5bc35">
      <Execution id="6a6fd187-bfd3-4a5e-bf96-f5d742449b01" />
      <TestMethod codeBase="D:\SFERRARI\01 - TRABAJO\repos\netcore\template-netcore-shared\Kitpymes.Core.Shared.Tests\bin\Debug\netcoreapp3.0\Kitpymes.Core.Shared.Tests.dll" adapterTypeName="executor://mstestadapter/v2" className="Kitpymes.Core.Shared.Tests.CheckTests" name="IsNullOrEmpty_Passing_InvalidArguments_Returns_HasErrorsAndCount" />
    </UnitTest>
    <UnitTest name="ToStartOfWeek_Passing_DateTime_Returns_Start_Of_Week_DateTime" storage="d:\sferrari\01 - trabajo\repos\netcore\template-netcore-shared\kitpymes.core.shared.tests\bin\debug\netcoreapp3.0\kitpymes.core.shared.tests.dll" id="1f173fff-9060-8c18-f825-225901225244">
      <Execution id="bd78f402-ce26-4e90-a48e-9370f1048bd0" />
      <TestMethod codeBase="D:\SFERRARI\01 - TRABAJO\repos\netcore\template-netcore-shared\Kitpymes.Core.Shared.Tests\bin\Debug\netcoreapp3.0\Kitpymes.Core.Shared.Tests.dll" adapterTypeName="executor://mstestadapter/v2" className="Kitpymes.Core.Shared.Tests.DateTimeExtensionsTests" name="ToStartOfWeek_Passing_DateTime_Returns_Start_Of_Week_DateTime" />
    </UnitTest>
    <UnitTest name="ToAge_Passing_Birthday_DateTime_Returns_Age" storage="d:\sferrari\01 - trabajo\repos\netcore\template-netcore-shared\kitpymes.core.shared.tests\bin\debug\netcoreapp3.0\kitpymes.core.shared.tests.dll" id="4ead3f79-a54e-1b96-838c-d0c2f491cb0d">
      <Execution id="dc8e356f-e771-4dec-8031-d7af51604c5f" />
      <TestMethod codeBase="D:\SFERRARI\01 - TRABAJO\repos\netcore\template-netcore-shared\Kitpymes.Core.Shared.Tests\bin\Debug\netcoreapp3.0\Kitpymes.Core.Shared.Tests.dll" adapterTypeName="executor://mstestadapter/v2" className="Kitpymes.Core.Shared.Tests.DateTimeExtensionsTests" name="ToAge_Passing_Birthday_DateTime_Returns_Age" />
    </UnitTest>
    <UnitTest name="ToRemove_Passing_ValidValue_Returns_ValueWithoutRemovedChars" storage="d:\sferrari\01 - trabajo\repos\netcore\template-netcore-shared\kitpymes.core.shared.tests\bin\debug\netcoreapp3.0\kitpymes.core.shared.tests.dll" id="bb347f18-44ab-0d77-d5bd-a671e4c37650">
      <Execution id="746e3bd2-789e-44e7-aa1d-77e3da3c4859" />
      <TestMethod codeBase="D:\SFERRARI\01 - TRABAJO\repos\netcore\template-netcore-shared\Kitpymes.Core.Shared.Tests\bin\Debug\netcoreapp3.0\Kitpymes.Core.Shared.Tests.dll" adapterTypeName="executor://mstestadapter/v2" className="Kitpymes.Core.Shared.Tests.StringExtensionsTests" name="ToRemove_Passing_ValidValue_Returns_ValueWithoutRemovedChars" />
    </UnitTest>
    <UnitTest name="CreateAndVerifySHA256_Passing_Valid_Arguments_Returns_True" storage="d:\sferrari\01 - trabajo\repos\netcore\template-netcore-shared\kitpymes.core.shared.tests\bin\debug\netcoreapp3.0\kitpymes.core.shared.tests.dll" id="cf950ab2-9fe4-ec30-43b4-2f3a99b5167d">
      <Execution id="54d59387-a995-4ccc-b73c-064e1fdf9a2d" />
      <TestMethod codeBase="D:\SFERRARI\01 - TRABAJO\repos\netcore\template-netcore-shared\Kitpymes.Core.Shared.Tests\bin\Debug\netcoreapp3.0\Kitpymes.Core.Shared.Tests.dll" adapterTypeName="executor://mstestadapter/v2" className="Kitpymes.Core.Shared.Tests.HashTests" name="CreateAndVerifySHA256_Passing_Valid_Arguments_Returns_True" />
    </UnitTest>
    <UnitTest name="ToServiceMatchingInterface_Passing_Valid_Assembly_Returns_Service" storage="d:\sferrari\01 - trabajo\repos\netcore\template-netcore-shared\kitpymes.core.shared.tests\bin\debug\netcoreapp3.0\kitpymes.core.shared.tests.dll" id="845c887e-a785-555d-db89-1c2975a33bbb">
      <Execution id="67164135-d5a6-42c7-8791-1340b72af07f" />
      <TestMethod codeBase="D:\SFERRARI\01 - TRABAJO\repos\netcore\template-netcore-shared\Kitpymes.Core.Shared.Tests\bin\Debug\netcoreapp3.0\Kitpymes.Core.Shared.Tests.dll" adapterTypeName="executor://mstestadapter/v2" className="Kitpymes.Core.Shared.Tests.ConfigurationBuilderExtensionsTests" name="ToServiceMatchingInterface_Passing_Valid_Assembly_Returns_Service" />
    </UnitTest>
    <UnitTest name="ToService_Passing_Service_Not_Found_Returns_ApplicationException" storage="d:\sferrari\01 - trabajo\repos\netcore\template-netcore-shared\kitpymes.core.shared.tests\bin\debug\netcoreapp3.0\kitpymes.core.shared.tests.dll" id="74c0befe-cdb2-1fdf-be71-2a39199bb5c9">
      <Execution id="6ca20efa-be02-471c-9316-a99af31db542" />
      <TestMethod codeBase="D:\SFERRARI\01 - TRABAJO\repos\netcore\template-netcore-shared\Kitpymes.Core.Shared.Tests\bin\Debug\netcoreapp3.0\Kitpymes.Core.Shared.Tests.dll" adapterTypeName="executor://mstestadapter/v2" className="Kitpymes.Core.Shared.Tests.ApplicationBuilderExtensionsTests" name="ToService_Passing_Service_Not_Found_Returns_ApplicationException" />
    </UnitTest>
    <UnitTest name="ToUri_Passing_ValidValueString_Returns_Uri" storage="d:\sferrari\01 - trabajo\repos\netcore\template-netcore-shared\kitpymes.core.shared.tests\bin\debug\netcoreapp3.0\kitpymes.core.shared.tests.dll" id="30809299-0e3e-4ac7-4a2a-6f8c296d2226">
      <Execution id="08c6aea0-13bf-4b6e-8988-40b00d0784f6" />
      <TestMethod codeBase="D:\SFERRARI\01 - TRABAJO\repos\netcore\template-netcore-shared\Kitpymes.Core.Shared.Tests\bin\Debug\netcoreapp3.0\Kitpymes.Core.Shared.Tests.dll" adapterTypeName="executor://mstestadapter/v2" className="Kitpymes.Core.Shared.Tests.StringExtensionsTests" name="ToUri_Passing_ValidValueString_Returns_Uri" />
    </UnitTest>
    <UnitTest name="ToService_Passing_Valid_Service_Returns_Service" storage="d:\sferrari\01 - trabajo\repos\netcore\template-netcore-shared\kitpymes.core.shared.tests\bin\debug\netcoreapp3.0\kitpymes.core.shared.tests.dll" id="2aceb911-de9d-b2eb-c8db-f6b3f880216f">
      <Execution id="5ba697de-9b68-47f6-8f2f-6f8435215e14" />
      <TestMethod codeBase="D:\SFERRARI\01 - TRABAJO\repos\netcore\template-netcore-shared\Kitpymes.Core.Shared.Tests\bin\Debug\netcoreapp3.0\Kitpymes.Core.Shared.Tests.dll" adapterTypeName="executor://mstestadapter/v2" className="Kitpymes.Core.Shared.Tests.ApplicationBuilderExtensionsTests" name="ToService_Passing_Valid_Service_Returns_Service" />
    </UnitTest>
    <UnitTest name="ToEnvironment_Passing_Service_Not_Found_Returns_ApplicationException" storage="d:\sferrari\01 - trabajo\repos\netcore\template-netcore-shared\kitpymes.core.shared.tests\bin\debug\netcoreapp3.0\kitpymes.core.shared.tests.dll" id="7c679bcb-7a59-8751-0063-1ef6e07cb160">
      <Execution id="cccb3f36-d271-4f7f-9f52-99a7a45dcbc7" />
      <TestMethod codeBase="D:\SFERRARI\01 - TRABAJO\repos\netcore\template-netcore-shared\Kitpymes.Core.Shared.Tests\bin\Debug\netcoreapp3.0\Kitpymes.Core.Shared.Tests.dll" adapterTypeName="executor://mstestadapter/v2" className="Kitpymes.Core.Shared.Tests.ApplicationBuilderExtensionsTests" name="ToEnvironment_Passing_Service_Not_Found_Returns_ApplicationException" />
    </UnitTest>
    <UnitTest name="CreateSHA256_Passing_Invalid_Arguments_Returns_ApplicationException" storage="d:\sferrari\01 - trabajo\repos\netcore\template-netcore-shared\kitpymes.core.shared.tests\bin\debug\netcoreapp3.0\kitpymes.core.shared.tests.dll" id="77fe17c3-3cf8-a189-4d95-b2e0d3ca9579">
      <Execution id="b4681b25-27bd-413f-9e52-34c544db514d" />
      <TestMethod codeBase="D:\SFERRARI\01 - TRABAJO\repos\netcore\template-netcore-shared\Kitpymes.Core.Shared.Tests\bin\Debug\netcoreapp3.0\Kitpymes.Core.Shared.Tests.dll" adapterTypeName="executor://mstestadapter/v2" className="Kitpymes.Core.Shared.Tests.HashTests" name="CreateSHA256_Passing_Invalid_Arguments_Returns_ApplicationException" />
    </UnitTest>
    <UnitTest name="ToString_Passing_Valid_Collection_Returns_String_With_Default_Separator" storage="d:\sferrari\01 - trabajo\repos\netcore\template-netcore-shared\kitpymes.core.shared.tests\bin\debug\netcoreapp3.0\kitpymes.core.shared.tests.dll" id="07d50dfb-3195-c832-23d2-97ae667f2010">
      <Execution id="6f0caf75-0d76-4d8c-bbdf-947e89e556c4" />
      <TestMethod codeBase="D:\SFERRARI\01 - TRABAJO\repos\netcore\template-netcore-shared\Kitpymes.Core.Shared.Tests\bin\Debug\netcoreapp3.0\Kitpymes.Core.Shared.Tests.dll" adapterTypeName="executor://mstestadapter/v2" className="Kitpymes.Core.Shared.Tests.EnumerableExtensionsTests" name="ToString_Passing_Valid_Collection_Returns_String_With_Default_Separator" />
    </UnitTest>
    <UnitTest name="ToEmailMaskUserName_Passing_ValidEmail_Returns_EmailWithMask" storage="d:\sferrari\01 - trabajo\repos\netcore\template-netcore-shared\kitpymes.core.shared.tests\bin\debug\netcoreapp3.0\kitpymes.core.shared.tests.dll" id="1237bc5f-42ea-8c7f-8602-051620acda95">
      <Execution id="dbb2d4ae-2f87-4610-949f-00a3b27de6c6" />
      <TestMethod codeBase="D:\SFERRARI\01 - TRABAJO\repos\netcore\template-netcore-shared\Kitpymes.Core.Shared.Tests\bin\Debug\netcoreapp3.0\Kitpymes.Core.Shared.Tests.dll" adapterTypeName="executor://mstestadapter/v2" className="Kitpymes.Core.Shared.Tests.StringExtensionsTests" name="ToEmailMaskUserName_Passing_ValidEmail_Returns_EmailWithMask" />
    </UnitTest>
    <UnitTest name="ToMessage_Passing_ExceptionWithMessageWithInnerException_Returns_MessageAndInnerException" storage="d:\sferrari\01 - trabajo\repos\netcore\template-netcore-shared\kitpymes.core.shared.tests\bin\debug\netcoreapp3.0\kitpymes.core.shared.tests.dll" id="0d35441f-72fe-a777-509f-6a19632f972a">
      <Execution id="f4884f9e-79d8-4a68-bbc2-7d3c847ad038" />
      <TestMethod codeBase="D:\SFERRARI\01 - TRABAJO\repos\netcore\template-netcore-shared\Kitpymes.Core.Shared.Tests\bin\Debug\netcoreapp3.0\Kitpymes.Core.Shared.Tests.dll" adapterTypeName="executor://mstestadapter/v2" className="Kitpymes.Core.Shared.Tests.ExceptionExtensionsTests" name="ToMessage_Passing_ExceptionWithMessageWithInnerException_Returns_MessageAndInnerException" />
    </UnitTest>
    <UnitTest name="ToExists_Passing_Valid_Service_Returns_True" storage="d:\sferrari\01 - trabajo\repos\netcore\template-netcore-shared\kitpymes.core.shared.tests\bin\debug\netcoreapp3.0\kitpymes.core.shared.tests.dll" id="64bc1554-814c-3c40-a6b0-679b40b89c36">
      <Execution id="2f542480-c179-4304-9ae0-53b449e2aeb9" />
      <TestMethod codeBase="D:\SFERRARI\01 - TRABAJO\repos\netcore\template-netcore-shared\Kitpymes.Core.Shared.Tests\bin\Debug\netcoreapp3.0\Kitpymes.Core.Shared.Tests.dll" adapterTypeName="executor://mstestadapter/v2" className="Kitpymes.Core.Shared.Tests.ApplicationBuilderExtensionsTests" name="ToExists_Passing_Valid_Service_Returns_True" />
    </UnitTest>
    <UnitTest name="IsGreater_Passing_InvalidArguments_Returns_HasErrorsAndCount" storage="d:\sferrari\01 - trabajo\repos\netcore\template-netcore-shared\kitpymes.core.shared.tests\bin\debug\netcoreapp3.0\kitpymes.core.shared.tests.dll" id="1c5fe271-1e90-52f5-1f31-436b17e57702">
      <Execution id="1e37e436-6a06-47f6-b7e4-8bce348fe873" />
      <TestMethod codeBase="D:\SFERRARI\01 - TRABAJO\repos\netcore\template-netcore-shared\Kitpymes.Core.Shared.Tests\bin\Debug\netcoreapp3.0\Kitpymes.Core.Shared.Tests.dll" adapterTypeName="executor://mstestadapter/v2" className="Kitpymes.Core.Shared.Tests.CheckTests" name="IsGreater_Passing_InvalidArguments_Returns_HasErrorsAndCount" />
    </UnitTest>
    <UnitTest name="ToDefaultValue_Passing_ulong_Returns_Cero" storage="d:\sferrari\01 - trabajo\repos\netcore\template-netcore-shared\kitpymes.core.shared.tests\bin\debug\netcoreapp3.0\kitpymes.core.shared.tests.dll" id="aeb559a5-c285-7ab9-baee-1cb152d1742f">
      <Execution id="4fd01eaf-99a2-4c93-aa29-2fbd5b040751" />
      <TestMethod codeBase="D:\SFERRARI\01 - TRABAJO\repos\netcore\template-netcore-shared\Kitpymes.Core.Shared.Tests\bin\Debug\netcoreapp3.0\Kitpymes.Core.Shared.Tests.dll" adapterTypeName="executor://mstestadapter/v2" className="Kitpymes.Core.Shared.Tests.GenericExtensionsTests" name="ToDefaultValue_Passing_ulong_Returns_Cero" />
    </UnitTest>
    <UnitTest name="ToAuthenticationType_Passing_Claims_Returns_AuthenticationType_Name" storage="d:\sferrari\01 - trabajo\repos\netcore\template-netcore-shared\kitpymes.core.shared.tests\bin\debug\netcoreapp3.0\kitpymes.core.shared.tests.dll" id="635e001f-2a50-f191-84e2-e81cd2000fdf">
      <Execution id="783e0f5c-fa23-4c3b-b5e9-f17c96330abc" />
      <TestMethod codeBase="D:\SFERRARI\01 - TRABAJO\repos\netcore\template-netcore-shared\Kitpymes.Core.Shared.Tests\bin\Debug\netcoreapp3.0\Kitpymes.Core.Shared.Tests.dll" adapterTypeName="executor://mstestadapter/v2" className="Kitpymes.Core.Shared.Tests.ClaimsPrincipalExtensionsTests" name="ToAuthenticationType_Passing_Claims_Returns_AuthenticationType_Name" />
    </UnitTest>
    <UnitTest name="ToTryIPv6_Passing_HttpContext_IP_Value_Returns_IP" storage="d:\sferrari\01 - trabajo\repos\netcore\template-netcore-shared\kitpymes.core.shared.tests\bin\debug\netcoreapp3.0\kitpymes.core.shared.tests.dll" id="10024a68-25d4-872c-3e48-a6d6b2671494">
      <Execution id="ac6cb8ce-4853-4d82-9558-562cb146a3ab" />
      <TestMethod codeBase="D:\SFERRARI\01 - TRABAJO\repos\netcore\template-netcore-shared\Kitpymes.Core.Shared.Tests\bin\Debug\netcoreapp3.0\Kitpymes.Core.Shared.Tests.dll" adapterTypeName="executor://mstestadapter/v2" className="Kitpymes.Core.Shared.Tests.HttpContextExtensionsTests" name="ToTryIPv6_Passing_HttpContext_IP_Value_Returns_IP" />
    </UnitTest>
    <UnitTest name="ToExists_Passing_NotFound_Service_Returns_False" storage="d:\sferrari\01 - trabajo\repos\netcore\template-netcore-shared\kitpymes.core.shared.tests\bin\debug\netcoreapp3.0\kitpymes.core.shared.tests.dll" id="640513b3-feee-19a8-efba-5817e77ff3ee">
      <Execution id="d317cedf-b958-4ca9-b43c-7910b6be2a86" />
      <TestMethod codeBase="D:\SFERRARI\01 - TRABAJO\repos\netcore\template-netcore-shared\Kitpymes.Core.Shared.Tests\bin\Debug\netcoreapp3.0\Kitpymes.Core.Shared.Tests.dll" adapterTypeName="executor://mstestadapter/v2" className="Kitpymes.Core.Shared.Tests.ConfigurationBuilderExtensionsTests" name="ToExists_Passing_NotFound_Service_Returns_False" />
    </UnitTest>
    <UnitTest name="ToIsSubdomainThrow_Passing_InvalidValue_Returns_ApplicationExceptionWithMessage" storage="d:\sferrari\01 - trabajo\repos\netcore\template-netcore-shared\kitpymes.core.shared.tests\bin\debug\netcoreapp3.0\kitpymes.core.shared.tests.dll" id="d51ea295-e896-101a-6578-05ae772bcbfb">
      <Execution id="db0cc0d5-4ba2-4f4d-803d-13f4e42c028e" />
      <TestMethod codeBase="D:\SFERRARI\01 - TRABAJO\repos\netcore\template-netcore-shared\Kitpymes.Core.Shared.Tests\bin\Debug\netcoreapp3.0\Kitpymes.Core.Shared.Tests.dll" adapterTypeName="executor://mstestadapter/v2" className="Kitpymes.Core.Shared.Tests.CheckExtensionsTests" name="ToIsSubdomainThrow_Passing_InvalidValue_Returns_ApplicationExceptionWithMessage" />
    </UnitTest>
    <UnitTest name="IsEmail_Passing_InvalidArguments_Returns_HasErrorsAndCount" storage="d:\sferrari\01 - trabajo\repos\netcore\template-netcore-shared\kitpymes.core.shared.tests\bin\debug\netcoreapp3.0\kitpymes.core.shared.tests.dll" id="180814cc-22f9-91b2-cd9a-f54be7e1ba18">
      <Execution id="06303708-35f2-45d9-8524-0ab3473ef3dd" />
      <TestMethod codeBase="D:\SFERRARI\01 - TRABAJO\repos\netcore\template-netcore-shared\Kitpymes.Core.Shared.Tests\bin\Debug\netcoreapp3.0\Kitpymes.Core.Shared.Tests.dll" adapterTypeName="executor://mstestadapter/v2" className="Kitpymes.Core.Shared.Tests.CheckTests" name="IsEmail_Passing_InvalidArguments_Returns_HasErrorsAndCount" />
    </UnitTest>
    <UnitTest name="IsEspecialChars_Passing_ValidArguments_Returns_HasErrorsAndCount" storage="d:\sferrari\01 - trabajo\repos\netcore\template-netcore-shared\kitpymes.core.shared.tests\bin\debug\netcoreapp3.0\kitpymes.core.shared.tests.dll" id="a2b6017f-838f-c435-81c1-a75dd92108eb">
      <Execution id="cfe4223a-fd9a-47e0-99ef-149f517582b2" />
      <TestMethod codeBase="D:\SFERRARI\01 - TRABAJO\repos\netcore\template-netcore-shared\Kitpymes.Core.Shared.Tests\bin\Debug\netcoreapp3.0\Kitpymes.Core.Shared.Tests.dll" adapterTypeName="executor://mstestadapter/v2" className="Kitpymes.Core.Shared.Tests.CheckTests" name="IsEspecialChars_Passing_ValidArguments_Returns_HasErrorsAndCount" />
    </UnitTest>
    <UnitTest name="CreateAndVerifySHA512_Passing_Valid_Arguments_Returns_True" storage="d:\sferrari\01 - trabajo\repos\netcore\template-netcore-shared\kitpymes.core.shared.tests\bin\debug\netcoreapp3.0\kitpymes.core.shared.tests.dll" id="6088101f-62c5-69c8-6751-05523b132d06">
      <Execution id="3461c272-059a-4db8-aa33-9c7cc02657a1" />
      <TestMethod codeBase="D:\SFERRARI\01 - TRABAJO\repos\netcore\template-netcore-shared\Kitpymes.Core.Shared.Tests\bin\Debug\netcoreapp3.0\Kitpymes.Core.Shared.Tests.dll" adapterTypeName="executor://mstestadapter/v2" className="Kitpymes.Core.Shared.Tests.HashTests" name="CreateAndVerifySHA512_Passing_Valid_Arguments_Returns_True" />
    </UnitTest>
    <UnitTest name="ToContentType_Passing_ValidValueString_Returns_ContentType" storage="d:\sferrari\01 - trabajo\repos\netcore\template-netcore-shared\kitpymes.core.shared.tests\bin\debug\netcoreapp3.0\kitpymes.core.shared.tests.dll" id="7be8a004-8e29-0f01-8ada-f15377193150">
      <Execution id="c36e84f8-2702-4238-aa18-89c3a6d4b9fb" />
      <TestMethod codeBase="D:\SFERRARI\01 - TRABAJO\repos\netcore\template-netcore-shared\Kitpymes.Core.Shared.Tests\bin\Debug\netcoreapp3.0\Kitpymes.Core.Shared.Tests.dll" adapterTypeName="executor://mstestadapter/v2" className="Kitpymes.Core.Shared.Tests.StringExtensionsTests" name="ToContentType_Passing_ValidValueString_Returns_ContentType" />
    </UnitTest>
    <UnitTest name="IsUppercase_Passing_ValidArguments_Returns_HasErrorsAndCount" storage="d:\sferrari\01 - trabajo\repos\netcore\template-netcore-shared\kitpymes.core.shared.tests\bin\debug\netcoreapp3.0\kitpymes.core.shared.tests.dll" id="056700a7-2506-75ed-a80a-ddf2ddb5d2a8">
      <Execution id="80e5b604-2f58-41ca-81c8-6ce9081dd1f0" />
      <TestMethod codeBase="D:\SFERRARI\01 - TRABAJO\repos\netcore\template-netcore-shared\Kitpymes.Core.Shared.Tests\bin\Debug\netcoreapp3.0\Kitpymes.Core.Shared.Tests.dll" adapterTypeName="executor://mstestadapter/v2" className="Kitpymes.Core.Shared.Tests.CheckTests" name="IsUppercase_Passing_ValidArguments_Returns_HasErrorsAndCount" />
    </UnitTest>
    <UnitTest name="ToAttribute_Passing_Enumeration_Name_Returns_Atributte" storage="d:\sferrari\01 - trabajo\repos\netcore\template-netcore-shared\kitpymes.core.shared.tests\bin\debug\netcoreapp3.0\kitpymes.core.shared.tests.dll" id="320700ce-aa3b-5818-fb18-706cf7605472">
      <Execution id="43fb327a-6074-4031-9b7a-f67ce63586fe" />
      <TestMethod codeBase="D:\SFERRARI\01 - TRABAJO\repos\netcore\template-netcore-shared\Kitpymes.Core.Shared.Tests\bin\Debug\netcoreapp3.0\Kitpymes.Core.Shared.Tests.dll" adapterTypeName="executor://mstestadapter/v2" className="Kitpymes.Core.Shared.Tests.EnumExtensionsTests" name="ToAttribute_Passing_Enumeration_Name_Returns_Atributte" />
    </UnitTest>
    <UnitTest name="ToSerialize_Passing_Objects_Returns_String_Values" storage="d:\sferrari\01 - trabajo\repos\netcore\template-netcore-shared\kitpymes.core.shared.tests\bin\debug\netcoreapp3.0\kitpymes.core.shared.tests.dll" id="87c5dbd3-fd2a-1e49-42e5-8dc78affc8d6">
      <Execution id="a202d637-e85b-41c2-8f8f-676cb2dd4ab7" />
      <TestMethod codeBase="D:\SFERRARI\01 - TRABAJO\repos\netcore\template-netcore-shared\Kitpymes.Core.Shared.Tests\bin\Debug\netcoreapp3.0\Kitpymes.Core.Shared.Tests.dll" adapterTypeName="executor://mstestadapter/v2" className="Kitpymes.Core.Shared.Tests.JsonExtensionsTests" name="ToSerialize_Passing_Objects_Returns_String_Values" />
    </UnitTest>
    <UnitTest name="ToDefaultValue_Passing_ValidInt_Returns_DefaultValue" storage="d:\sferrari\01 - trabajo\repos\netcore\template-netcore-shared\kitpymes.core.shared.tests\bin\debug\netcoreapp3.0\kitpymes.core.shared.tests.dll" id="e37f41d3-77a8-1acd-c258-fbb5b724b134">
      <Execution id="753a30cf-f751-468c-927a-3800d041c435" />
      <TestMethod codeBase="D:\SFERRARI\01 - TRABAJO\repos\netcore\template-netcore-shared\Kitpymes.Core.Shared.Tests\bin\Debug\netcoreapp3.0\Kitpymes.Core.Shared.Tests.dll" adapterTypeName="executor://mstestadapter/v2" className="Kitpymes.Core.Shared.Tests.TypeExtensionsTests" name="ToDefaultValue_Passing_ValidInt_Returns_DefaultValue" />
    </UnitTest>
    <UnitTest name="ToTryContentType_Passing_HttpRequestWithContentType_Value_Returns_ContentType_String_Value" storage="d:\sferrari\01 - trabajo\repos\netcore\template-netcore-shared\kitpymes.core.shared.tests\bin\debug\netcoreapp3.0\kitpymes.core.shared.tests.dll" id="a03675ec-665e-f4d5-4630-89e50dac0bfb">
      <Execution id="f5f7a7f9-e9e8-478a-b241-ed484803b2d0" />
      <TestMethod codeBase="D:\SFERRARI\01 - TRABAJO\repos\netcore\template-netcore-shared\Kitpymes.Core.Shared.Tests\bin\Debug\netcoreapp3.0\Kitpymes.Core.Shared.Tests.dll" adapterTypeName="executor://mstestadapter/v2" className="Kitpymes.Core.Shared.Tests.HttpRequestExtensionsTests" name="ToTryContentType_Passing_HttpRequestWithContentType_Value_Returns_ContentType_String_Value" />
    </UnitTest>
    <UnitTest name="ToDefaultValue_Passing_ValidBoolean_Returns_DefaultValue" storage="d:\sferrari\01 - trabajo\repos\netcore\template-netcore-shared\kitpymes.core.shared.tests\bin\debug\netcoreapp3.0\kitpymes.core.shared.tests.dll" id="a95f665c-aa8d-208d-902c-60a464250c99">
      <Execution id="b0d54e7d-68fa-4ab9-b65e-670d6657e0d7" />
      <TestMethod codeBase="D:\SFERRARI\01 - TRABAJO\repos\netcore\template-netcore-shared\Kitpymes.Core.Shared.Tests\bin\Debug\netcoreapp3.0\Kitpymes.Core.Shared.Tests.dll" adapterTypeName="executor://mstestadapter/v2" className="Kitpymes.Core.Shared.Tests.TypeExtensionsTests" name="ToDefaultValue_Passing_ValidBoolean_Returns_DefaultValue" />
    </UnitTest>
    <UnitTest name="ToHashAlgorithmName_Passing_InvalidValueLowerCaseString_Returns_Null" storage="d:\sferrari\01 - trabajo\repos\netcore\template-netcore-shared\kitpymes.core.shared.tests\bin\debug\netcoreapp3.0\kitpymes.core.shared.tests.dll" id="bd43e66e-fbae-26eb-a9a1-c58a6bf5d7af">
      <Execution id="d06f6ae6-c072-461b-93f7-805a986ff0c5" />
      <TestMethod codeBase="D:\SFERRARI\01 - TRABAJO\repos\netcore\template-netcore-shared\Kitpymes.Core.Shared.Tests\bin\Debug\netcoreapp3.0\Kitpymes.Core.Shared.Tests.dll" adapterTypeName="executor://mstestadapter/v2" className="Kitpymes.Core.Shared.Tests.StringExtensionsTests" name="ToHashAlgorithmName_Passing_InvalidValueLowerCaseString_Returns_Null" />
    </UnitTest>
    <UnitTest name="ToWhere_Passing_Null_Predicate_Returns_Same_List" storage="d:\sferrari\01 - trabajo\repos\netcore\template-netcore-shared\kitpymes.core.shared.tests\bin\debug\netcoreapp3.0\kitpymes.core.shared.tests.dll" id="6bd61990-78b5-76ea-0df5-0c13c388bdc0">
      <Execution id="34bbaace-397c-4ba0-a572-cbb251bdb142" />
      <TestMethod codeBase="D:\SFERRARI\01 - TRABAJO\repos\netcore\template-netcore-shared\Kitpymes.Core.Shared.Tests\bin\Debug\netcoreapp3.0\Kitpymes.Core.Shared.Tests.dll" adapterTypeName="executor://mstestadapter/v2" className="Kitpymes.Core.Shared.Tests.QueryableExtensionsTests" name="ToWhere_Passing_Null_Predicate_Returns_Same_List" />
    </UnitTest>
    <UnitTest name="ToEnvironment_ServiceCollection_Passing_Staging_Enviroment_Returns_Staging_Name" storage="d:\sferrari\01 - trabajo\repos\netcore\template-netcore-shared\kitpymes.core.shared.tests\bin\debug\netcoreapp3.0\kitpymes.core.shared.tests.dll" id="504465b7-a3fe-9023-93b9-ffece1903418">
      <Execution id="c6ab6dad-b4d9-452a-8a30-3b6085acfa02" />
      <TestMethod codeBase="D:\SFERRARI\01 - TRABAJO\repos\netcore\template-netcore-shared\Kitpymes.Core.Shared.Tests\bin\Debug\netcoreapp3.0\Kitpymes.Core.Shared.Tests.dll" adapterTypeName="executor://mstestadapter/v2" className="Kitpymes.Core.Shared.Tests.ConfigurationBuilderExtensionsTests" name="ToEnvironment_ServiceCollection_Passing_Staging_Enviroment_Returns_Staging_Name" />
    </UnitTest>
    <UnitTest name="ToAuthenticationType_Passing_Null_ClaimsPrincipal_Returns_ApplicationException" storage="d:\sferrari\01 - trabajo\repos\netcore\template-netcore-shared\kitpymes.core.shared.tests\bin\debug\netcoreapp3.0\kitpymes.core.shared.tests.dll" id="8dccdb77-e6a8-58c6-9bd0-108f87c5ff65">
      <Execution id="19ce0962-da9c-4270-9b9f-2091977f4858" />
      <TestMethod codeBase="D:\SFERRARI\01 - TRABAJO\repos\netcore\template-netcore-shared\Kitpymes.Core.Shared.Tests\bin\Debug\netcoreapp3.0\Kitpymes.Core.Shared.Tests.dll" adapterTypeName="executor://mstestadapter/v2" className="Kitpymes.Core.Shared.Tests.ClaimsPrincipalExtensionsTests" name="ToAuthenticationType_Passing_Null_ClaimsPrincipal_Returns_ApplicationException" />
    </UnitTest>
    <UnitTest name="ToValues_Passing_ValidEnumType_Returns_ValuesListString" storage="d:\sferrari\01 - trabajo\repos\netcore\template-netcore-shared\kitpymes.core.shared.tests\bin\debug\netcoreapp3.0\kitpymes.core.shared.tests.dll" id="0cfd0c7c-1a61-7d19-c2fa-3c8a47ccf09c">
      <Execution id="85b26cc8-fbf3-4603-b218-828f35db0e47" />
      <TestMethod codeBase="D:\SFERRARI\01 - TRABAJO\repos\netcore\template-netcore-shared\Kitpymes.Core.Shared.Tests\bin\Debug\netcoreapp3.0\Kitpymes.Core.Shared.Tests.dll" adapterTypeName="executor://mstestadapter/v2" className="Kitpymes.Core.Shared.Tests.EnumsTests" name="ToValues_Passing_ValidEnumType_Returns_ValuesListString" />
    </UnitTest>
    <UnitTest name="ToNormalize_Passing_ValidValue_Returns_NormalizedValue" storage="d:\sferrari\01 - trabajo\repos\netcore\template-netcore-shared\kitpymes.core.shared.tests\bin\debug\netcoreapp3.0\kitpymes.core.shared.tests.dll" id="7dc20d31-477c-3765-83c0-7575a504da96">
      <Execution id="3c97d445-b2c8-4351-b944-f6f5c55e14ac" />
      <TestMethod codeBase="D:\SFERRARI\01 - TRABAJO\repos\netcore\template-netcore-shared\Kitpymes.Core.Shared.Tests\bin\Debug\netcoreapp3.0\Kitpymes.Core.Shared.Tests.dll" adapterTypeName="executor://mstestadapter/v2" className="Kitpymes.Core.Shared.Tests.StringExtensionsTests" name="ToNormalize_Passing_ValidValue_Returns_NormalizedValue" />
    </UnitTest>
    <UnitTest name="ToDictionaryPropertyInfo_Passing_Object_Not_IncludeNullOrEmptyProperty_Returns_Properties_NameAndValue_Dictionary" storage="d:\sferrari\01 - trabajo\repos\netcore\template-netcore-shared\kitpymes.core.shared.tests\bin\debug\netcoreapp3.0\kitpymes.core.shared.tests.dll" id="eb3fbb45-8257-f4b8-0975-042f859a72bf">
      <Execution id="6b2d1aee-8a1c-43a3-a9aa-4a79090563af" />
      <TestMethod codeBase="D:\SFERRARI\01 - TRABAJO\repos\netcore\template-netcore-shared\Kitpymes.Core.Shared.Tests\bin\Debug\netcoreapp3.0\Kitpymes.Core.Shared.Tests.dll" adapterTypeName="executor://mstestadapter/v2" className="Kitpymes.Core.Shared.Tests.GenericExtensionsTests" name="ToDictionaryPropertyInfo_Passing_Object_Not_IncludeNullOrEmptyProperty_Returns_Properties_NameAndValue_Dictionary" />
    </UnitTest>
    <UnitTest name="ToGetAll_Passing_Claims_Returns_Claim_Value_Int_List" storage="d:\sferrari\01 - trabajo\repos\netcore\template-netcore-shared\kitpymes.core.shared.tests\bin\debug\netcoreapp3.0\kitpymes.core.shared.tests.dll" id="fa00d2a8-59b9-ad9e-caa1-a0c9e3156db1">
      <Execution id="d3042521-3952-4394-bafe-f6dafe35a86b" />
      <TestMethod codeBase="D:\SFERRARI\01 - TRABAJO\repos\netcore\template-netcore-shared\Kitpymes.Core.Shared.Tests\bin\Debug\netcoreapp3.0\Kitpymes.Core.Shared.Tests.dll" adapterTypeName="executor://mstestadapter/v2" className="Kitpymes.Core.Shared.Tests.ClaimsPrincipalExtensionsTests" name="ToGetAll_Passing_Claims_Returns_Claim_Value_Int_List" />
    </UnitTest>
    <UnitTest name="ToDirectoryTemporary_Passing_ValidValue_Returns_DirectoryExists" storage="d:\sferrari\01 - trabajo\repos\netcore\template-netcore-shared\kitpymes.core.shared.tests\bin\debug\netcoreapp3.0\kitpymes.core.shared.tests.dll" id="65b9b71b-a8d5-2a7d-a8a7-0e3a015e6b68">
      <Execution id="914cfdb9-687c-4ace-98d2-77daddaa74e1" />
      <TestMethod codeBase="D:\SFERRARI\01 - TRABAJO\repos\netcore\template-netcore-shared\Kitpymes.Core.Shared.Tests\bin\Debug\netcoreapp3.0\Kitpymes.Core.Shared.Tests.dll" adapterTypeName="executor://mstestadapter/v2" className="Kitpymes.Core.Shared.Tests.StringExtensionsTests" name="ToDirectoryTemporary_Passing_ValidValue_Returns_DirectoryExists" />
    </UnitTest>
    <UnitTest name="ToHashAlgorithmName_Passing_ValidValueString_Returns_HashAlgorithmName" storage="d:\sferrari\01 - trabajo\repos\netcore\template-netcore-shared\kitpymes.core.shared.tests\bin\debug\netcoreapp3.0\kitpymes.core.shared.tests.dll" id="cd004a9f-a0f6-2fdf-aeae-1890f4ab8e71">
      <Execution id="1073cec8-24d0-4e08-b34b-f924f74fde38" />
      <TestMethod codeBase="D:\SFERRARI\01 - TRABAJO\repos\netcore\template-netcore-shared\Kitpymes.Core.Shared.Tests\bin\Debug\netcoreapp3.0\Kitpymes.Core.Shared.Tests.dll" adapterTypeName="executor://mstestadapter/v2" className="Kitpymes.Core.Shared.Tests.StringExtensionsTests" name="ToHashAlgorithmName_Passing_ValidValueString_Returns_HashAlgorithmName" />
    </UnitTest>
    <UnitTest name="IsEspecialChars_Passing_InvalidArguments_Returns_HasErrorsAndCount" storage="d:\sferrari\01 - trabajo\repos\netcore\template-netcore-shared\kitpymes.core.shared.tests\bin\debug\netcoreapp3.0\kitpymes.core.shared.tests.dll" id="9d64a285-266d-52de-ef34-34102f8ad12c">
      <Execution id="7c40ccd8-a57e-4542-852b-621d28c4eec7" />
      <TestMethod codeBase="D:\SFERRARI\01 - TRABAJO\repos\netcore\template-netcore-shared\Kitpymes.Core.Shared.Tests\bin\Debug\netcoreapp3.0\Kitpymes.Core.Shared.Tests.dll" adapterTypeName="executor://mstestadapter/v2" className="Kitpymes.Core.Shared.Tests.CheckTests" name="IsEspecialChars_Passing_InvalidArguments_Returns_HasErrorsAndCount" />
    </UnitTest>
    <UnitTest name="ToIsDirectoryThrow_Passing_InvalidValue_Returns_ApplicationExceptionWithMessage" storage="d:\sferrari\01 - trabajo\repos\netcore\template-netcore-shared\kitpymes.core.shared.tests\bin\debug\netcoreapp3.0\kitpymes.core.shared.tests.dll" id="9e36eef1-cde7-a509-c95d-2249b6b02dbb">
      <Execution id="6ab9d537-a8a8-45fc-a98b-649b6587e2d5" />
      <TestMethod codeBase="D:\SFERRARI\01 - TRABAJO\repos\netcore\template-netcore-shared\Kitpymes.Core.Shared.Tests\bin\Debug\netcoreapp3.0\Kitpymes.Core.Shared.Tests.dll" adapterTypeName="executor://mstestadapter/v2" className="Kitpymes.Core.Shared.Tests.CheckExtensionsTests" name="ToIsDirectoryThrow_Passing_InvalidValue_Returns_ApplicationExceptionWithMessage" />
    </UnitTest>
    <UnitTest name="ToUri_Passing_InvalidValueString_Returns_Null" storage="d:\sferrari\01 - trabajo\repos\netcore\template-netcore-shared\kitpymes.core.shared.tests\bin\debug\netcoreapp3.0\kitpymes.core.shared.tests.dll" id="c180eeb5-df7f-187e-c74d-0f6d31acdec5">
      <Execution id="9e904429-b3d8-4f84-8906-fea2362aa5b0" />
      <TestMethod codeBase="D:\SFERRARI\01 - TRABAJO\repos\netcore\template-netcore-shared\Kitpymes.Core.Shared.Tests\bin\Debug\netcoreapp3.0\Kitpymes.Core.Shared.Tests.dll" adapterTypeName="executor://mstestadapter/v2" className="Kitpymes.Core.Shared.Tests.StringExtensionsTests" name="ToUri_Passing_InvalidValueString_Returns_Null" />
    </UnitTest>
    <UnitTest name="ToDirectoryFileInfo_Passing_ValidValue_Returns_FileInfo" storage="d:\sferrari\01 - trabajo\repos\netcore\template-netcore-shared\kitpymes.core.shared.tests\bin\debug\netcoreapp3.0\kitpymes.core.shared.tests.dll" id="7daaba64-d3ad-9109-43bf-bdb516b673b8">
      <Execution id="4582fef3-1637-4bdb-b6fe-b3716fa337a7" />
      <TestMethod codeBase="D:\SFERRARI\01 - TRABAJO\repos\netcore\template-netcore-shared\Kitpymes.Core.Shared.Tests\bin\Debug\netcoreapp3.0\Kitpymes.Core.Shared.Tests.dll" adapterTypeName="executor://mstestadapter/v2" className="Kitpymes.Core.Shared.Tests.StringExtensionsTests" name="ToDirectoryFileInfo_Passing_ValidValue_Returns_FileInfo" />
    </UnitTest>
    <UnitTest name="ToStringFormat_Passing_ValidValue_Returns_ValueWithoutRemovedChars" storage="d:\sferrari\01 - trabajo\repos\netcore\template-netcore-shared\kitpymes.core.shared.tests\bin\debug\netcoreapp3.0\kitpymes.core.shared.tests.dll" id="a1095294-226e-a0f0-0154-11290289c9db">
      <Execution id="fdd6059e-5668-4d0b-8df2-bf7e08e080a2" />
      <TestMethod codeBase="D:\SFERRARI\01 - TRABAJO\repos\netcore\template-netcore-shared\Kitpymes.Core.Shared.Tests\bin\Debug\netcoreapp3.0\Kitpymes.Core.Shared.Tests.dll" adapterTypeName="executor://mstestadapter/v2" className="Kitpymes.Core.Shared.Tests.IntegerExtensionsTests" name="ToStringFormat_Passing_ValidValue_Returns_ValueWithoutRemovedChars" />
    </UnitTest>
    <UnitTest name="ToDefaultValue_Passing_short_Returns_Cero" storage="d:\sferrari\01 - trabajo\repos\netcore\template-netcore-shared\kitpymes.core.shared.tests\bin\debug\netcoreapp3.0\kitpymes.core.shared.tests.dll" id="40108f40-2761-0a89-d16d-ad113b5f3dd5">
      <Execution id="feef6d5d-ef44-438c-b033-c7f37cbf5727" />
      <TestMethod codeBase="D:\SFERRARI\01 - TRABAJO\repos\netcore\template-netcore-shared\Kitpymes.Core.Shared.Tests\bin\Debug\netcoreapp3.0\Kitpymes.Core.Shared.Tests.dll" adapterTypeName="executor://mstestadapter/v2" className="Kitpymes.Core.Shared.Tests.GenericExtensionsTests" name="ToDefaultValue_Passing_short_Returns_Cero" />
    </UnitTest>
    <UnitTest name="ToDirectorySaveFileAsync_Passing_ValidValue_Returns_False" storage="d:\sferrari\01 - trabajo\repos\netcore\template-netcore-shared\kitpymes.core.shared.tests\bin\debug\netcoreapp3.0\kitpymes.core.shared.tests.dll" id="0696fab6-6d9f-2b85-4a73-248fbd1cdda4">
      <Execution id="a29b0c5b-30ec-4386-b307-9dd0a5fde0e3" />
      <TestMethod codeBase="D:\SFERRARI\01 - TRABAJO\repos\netcore\template-netcore-shared\Kitpymes.Core.Shared.Tests\bin\Debug\netcoreapp3.0\Kitpymes.Core.Shared.Tests.dll" adapterTypeName="executor://mstestadapter/v2" className="Kitpymes.Core.Shared.Tests.StringExtensionsTests" name="ToDirectorySaveFileAsync_Passing_ValidValue_Returns_False" />
    </UnitTest>
    <UnitTest name="ToGet_Passing_Claims_Returns_Claim_Value_String" storage="d:\sferrari\01 - trabajo\repos\netcore\template-netcore-shared\kitpymes.core.shared.tests\bin\debug\netcoreapp3.0\kitpymes.core.shared.tests.dll" id="0c633595-70e8-b011-5a46-c9c7e1687cb9">
      <Execution id="45a5dbe2-fb7f-4fb9-aae6-6a17a9e2cbdc" />
      <TestMethod codeBase="D:\SFERRARI\01 - TRABAJO\repos\netcore\template-netcore-shared\Kitpymes.Core.Shared.Tests\bin\Debug\netcoreapp3.0\Kitpymes.Core.Shared.Tests.dll" adapterTypeName="executor://mstestadapter/v2" className="Kitpymes.Core.Shared.Tests.ClaimsPrincipalExtensionsTests" name="ToGet_Passing_Claims_Returns_Claim_Value_String" />
    </UnitTest>
    <UnitTest name="ResultOk_WithMessage" storage="d:\sferrari\01 - trabajo\repos\netcore\template-netcore-shared\kitpymes.core.shared.tests\bin\debug\netcoreapp3.0\kitpymes.core.shared.tests.dll" id="8381ae52-050c-b801-64b1-7c621deb91d8">
      <Execution id="2f3e3cd4-e1ee-488a-824a-dde6d545afc5" />
      <TestMethod codeBase="D:\SFERRARI\01 - TRABAJO\repos\netcore\template-netcore-shared\Kitpymes.Core.Shared.Tests\bin\Debug\netcoreapp3.0\Kitpymes.Core.Shared.Tests.dll" adapterTypeName="executor://mstestadapter/v2" className="Kitpymes.Core.Shared.Tests.ResultTest" name="ResultOk_WithMessage" />
    </UnitTest>
    <UnitTest name="ToDefaultValue_Passing_ValidGuid_Returns_DefaultValue" storage="d:\sferrari\01 - trabajo\repos\netcore\template-netcore-shared\kitpymes.core.shared.tests\bin\debug\netcoreapp3.0\kitpymes.core.shared.tests.dll" id="225c09bd-86d5-d9ce-d2b8-18431ca384e3">
      <Execution id="7d975fd7-e624-4f33-970f-035f03c69e0c" />
      <TestMethod codeBase="D:\SFERRARI\01 - TRABAJO\repos\netcore\template-netcore-shared\Kitpymes.Core.Shared.Tests\bin\Debug\netcoreapp3.0\Kitpymes.Core.Shared.Tests.dll" adapterTypeName="executor://mstestadapter/v2" className="Kitpymes.Core.Shared.Tests.TypeExtensionsTests" name="ToDefaultValue_Passing_ValidGuid_Returns_DefaultValue" />
    </UnitTest>
    <UnitTest name="ToZipCreate_Passing_ValidFiles_Returns_ZipFiles" storage="d:\sferrari\01 - trabajo\repos\netcore\template-netcore-shared\kitpymes.core.shared.tests\bin\debug\netcoreapp3.0\kitpymes.core.shared.tests.dll" id="c14c626b-0f15-ac55-344d-8aa2c3f91cdf">
      <Execution id="d445dc20-a5ac-4112-8c4d-ea67a438b46a" />
      <TestMethod codeBase="D:\SFERRARI\01 - TRABAJO\repos\netcore\template-netcore-shared\Kitpymes.Core.Shared.Tests\bin\Debug\netcoreapp3.0\Kitpymes.Core.Shared.Tests.dll" adapterTypeName="executor://mstestadapter/v2" className="Kitpymes.Core.Shared.Tests.StringExtensionsTests" name="ToZipCreate_Passing_ValidFiles_Returns_ZipFiles" />
    </UnitTest>
    <UnitTest name="ResultOK" storage="d:\sferrari\01 - trabajo\repos\netcore\template-netcore-shared\kitpymes.core.shared.tests\bin\debug\netcoreapp3.0\kitpymes.core.shared.tests.dll" id="3c82816f-4e62-7440-d30d-abbd53b1dcea">
      <Execution id="3cc57770-f8a0-4ec6-bd00-327180c6d58a" />
      <TestMethod codeBase="D:\SFERRARI\01 - TRABAJO\repos\netcore\template-netcore-shared\Kitpymes.Core.Shared.Tests\bin\Debug\netcoreapp3.0\Kitpymes.Core.Shared.Tests.dll" adapterTypeName="executor://mstestadapter/v2" className="Kitpymes.Core.Shared.Tests.ResultTest" name="ResultOK" />
    </UnitTest>
    <UnitTest name="ToIsNullOrAnyThrow_Passing_InvalidValue_Returns_ApplicationExceptionWithMessage" storage="d:\sferrari\01 - trabajo\repos\netcore\template-netcore-shared\kitpymes.core.shared.tests\bin\debug\netcoreapp3.0\kitpymes.core.shared.tests.dll" id="8fbac209-421a-f9fa-c5fe-97403aedb24e">
      <Execution id="43798eff-816a-4354-a79e-84376f167b9f" />
      <TestMethod codeBase="D:\SFERRARI\01 - TRABAJO\repos\netcore\template-netcore-shared\Kitpymes.Core.Shared.Tests\bin\Debug\netcoreapp3.0\Kitpymes.Core.Shared.Tests.dll" adapterTypeName="executor://mstestadapter/v2" className="Kitpymes.Core.Shared.Tests.CheckExtensionsTests" name="ToIsNullOrAnyThrow_Passing_InvalidValue_Returns_ApplicationExceptionWithMessage" />
    </UnitTest>
    <UnitTest name="ToIsFileThrow_Passing_InvalidValue_Returns_ApplicationExceptionWithMessage" storage="d:\sferrari\01 - trabajo\repos\netcore\template-netcore-shared\kitpymes.core.shared.tests\bin\debug\netcoreapp3.0\kitpymes.core.shared.tests.dll" id="0df69eaf-b001-71ae-6cf8-f9c5860f7c4c">
      <Execution id="bd71322e-ab0a-4eda-bcf6-2ab1beda7f5f" />
      <TestMethod codeBase="D:\SFERRARI\01 - TRABAJO\repos\netcore\template-netcore-shared\Kitpymes.Core.Shared.Tests\bin\Debug\netcoreapp3.0\Kitpymes.Core.Shared.Tests.dll" adapterTypeName="executor://mstestadapter/v2" className="Kitpymes.Core.Shared.Tests.CheckExtensionsTests" name="ToIsFileThrow_Passing_InvalidValue_Returns_ApplicationExceptionWithMessage" />
    </UnitTest>
    <UnitTest name="ToIsNullOrEmptyThrow_Passing_InvalidValue_Returns_ApplicationExceptionWithMessage" storage="d:\sferrari\01 - trabajo\repos\netcore\template-netcore-shared\kitpymes.core.shared.tests\bin\debug\netcoreapp3.0\kitpymes.core.shared.tests.dll" id="580ff04a-e5c0-9f2f-90c3-4f2aeafd15c5">
      <Execution id="c4e42ca4-ff02-4f70-ab49-360fb7e7a6c9" />
      <TestMethod codeBase="D:\SFERRARI\01 - TRABAJO\repos\netcore\template-netcore-shared\Kitpymes.Core.Shared.Tests\bin\Debug\netcoreapp3.0\Kitpymes.Core.Shared.Tests.dll" adapterTypeName="executor://mstestadapter/v2" className="Kitpymes.Core.Shared.Tests.CheckExtensionsTests" name="ToIsNullOrEmptyThrow_Passing_InvalidValue_Returns_ApplicationExceptionWithMessage" />
    </UnitTest>
    <UnitTest name="ToEnvironment_Passing_Development_Enviroment_Returns_Development_Name" storage="d:\sferrari\01 - trabajo\repos\netcore\template-netcore-shared\kitpymes.core.shared.tests\bin\debug\netcoreapp3.0\kitpymes.core.shared.tests.dll" id="1c5de28c-f1b3-c94d-8e43-201eab8c2ff8">
      <Execution id="1ce0c611-7d22-43c7-9619-9e747115fec3" />
      <TestMethod codeBase="D:\SFERRARI\01 - TRABAJO\repos\netcore\template-netcore-shared\Kitpymes.Core.Shared.Tests\bin\Debug\netcoreapp3.0\Kitpymes.Core.Shared.Tests.dll" adapterTypeName="executor://mstestadapter/v2" className="Kitpymes.Core.Shared.Tests.ApplicationBuilderExtensionsTests" name="ToEnvironment_Passing_Development_Enviroment_Returns_Development_Name" />
    </UnitTest>
    <UnitTest name="ToDefaultValue_Passing_uint_Returns_Cero" storage="d:\sferrari\01 - trabajo\repos\netcore\template-netcore-shared\kitpymes.core.shared.tests\bin\debug\netcoreapp3.0\kitpymes.core.shared.tests.dll" id="f828057e-351a-48b7-0028-e57f15c7217e">
      <Execution id="3a82b3f8-e313-4782-8908-8b834e4b2d19" />
      <TestMethod codeBase="D:\SFERRARI\01 - TRABAJO\repos\netcore\template-netcore-shared\Kitpymes.Core.Shared.Tests\bin\Debug\netcoreapp3.0\Kitpymes.Core.Shared.Tests.dll" adapterTypeName="executor://mstestadapter/v2" className="Kitpymes.Core.Shared.Tests.GenericExtensionsTests" name="ToDefaultValue_Passing_uint_Returns_Cero" />
    </UnitTest>
    <UnitTest name="ToIsAuthenticated_Passing_Null_ClaimsPrincipal_Returns_ApplicationException" storage="d:\sferrari\01 - trabajo\repos\netcore\template-netcore-shared\kitpymes.core.shared.tests\bin\debug\netcoreapp3.0\kitpymes.core.shared.tests.dll" id="a702dc43-b5af-c889-d32e-e69ee2d100af">
      <Execution id="6a780b9e-ad03-454f-a507-64a58711b5e1" />
      <TestMethod codeBase="D:\SFERRARI\01 - TRABAJO\repos\netcore\template-netcore-shared\Kitpymes.Core.Shared.Tests\bin\Debug\netcoreapp3.0\Kitpymes.Core.Shared.Tests.dll" adapterTypeName="executor://mstestadapter/v2" className="Kitpymes.Core.Shared.Tests.ClaimsPrincipalExtensionsTests" name="ToIsAuthenticated_Passing_Null_ClaimsPrincipal_Returns_ApplicationException" />
    </UnitTest>
    <UnitTest name="ToInt_Passing_Enumeration_Name_Returns_Value" storage="d:\sferrari\01 - trabajo\repos\netcore\template-netcore-shared\kitpymes.core.shared.tests\bin\debug\netcoreapp3.0\kitpymes.core.shared.tests.dll" id="4e1a5879-f3c8-4fdb-51d0-c4cf0a35e0bf">
      <Execution id="ad5460e9-6f4d-4137-b1de-ff4f8bf88e2c" />
      <TestMethod codeBase="D:\SFERRARI\01 - TRABAJO\repos\netcore\template-netcore-shared\Kitpymes.Core.Shared.Tests\bin\Debug\netcoreapp3.0\Kitpymes.Core.Shared.Tests.dll" adapterTypeName="executor://mstestadapter/v2" className="Kitpymes.Core.Shared.Tests.EnumExtensionsTests" name="ToInt_Passing_Enumeration_Name_Returns_Value" />
    </UnitTest>
    <UnitTest name="ToEndOfTheMonth_Passing_DateTime_Returns_End_Of_Month_DateTime" storage="d:\sferrari\01 - trabajo\repos\netcore\template-netcore-shared\kitpymes.core.shared.tests\bin\debug\netcoreapp3.0\kitpymes.core.shared.tests.dll" id="a4956cd8-34a7-6fca-5b71-6eb98cedd9b0">
      <Execution id="ecead0c8-ac7b-4f28-8cd5-5da423c0befe" />
      <TestMethod codeBase="D:\SFERRARI\01 - TRABAJO\repos\netcore\template-netcore-shared\Kitpymes.Core.Shared.Tests\bin\Debug\netcoreapp3.0\Kitpymes.Core.Shared.Tests.dll" adapterTypeName="executor://mstestadapter/v2" className="Kitpymes.Core.Shared.Tests.DateTimeExtensionsTests" name="ToEndOfTheMonth_Passing_DateTime_Returns_End_Of_Month_DateTime" />
    </UnitTest>
    <UnitTest name="IsRegexMatch_Passing_InvalidArguments_Returns_HasErrorsAndCount" storage="d:\sferrari\01 - trabajo\repos\netcore\template-netcore-shared\kitpymes.core.shared.tests\bin\debug\netcoreapp3.0\kitpymes.core.shared.tests.dll" id="fe683836-27ec-729e-5fe1-a9c2674a6d87">
      <Execution id="9201e463-068c-443d-b25f-4b8289ef4238" />
      <TestMethod codeBase="D:\SFERRARI\01 - TRABAJO\repos\netcore\template-netcore-shared\Kitpymes.Core.Shared.Tests\bin\Debug\netcoreapp3.0\Kitpymes.Core.Shared.Tests.dll" adapterTypeName="executor://mstestadapter/v2" className="Kitpymes.Core.Shared.Tests.CheckTests" name="IsRegexMatch_Passing_InvalidArguments_Returns_HasErrorsAndCount" />
    </UnitTest>
    <UnitTest name="ToMessage_Passing_ExceptionWithMessage_Returns_Message" storage="d:\sferrari\01 - trabajo\repos\netcore\template-netcore-shared\kitpymes.core.shared.tests\bin\debug\netcoreapp3.0\kitpymes.core.shared.tests.dll" id="0cb5eb43-9273-0bdf-bd18-53b184535503">
      <Execution id="ebe0e62c-88fc-4850-b326-c386f9ca5d33" />
      <TestMethod codeBase="D:\SFERRARI\01 - TRABAJO\repos\netcore\template-netcore-shared\Kitpymes.Core.Shared.Tests\bin\Debug\netcoreapp3.0\Kitpymes.Core.Shared.Tests.dll" adapterTypeName="executor://mstestadapter/v2" className="Kitpymes.Core.Shared.Tests.ExceptionExtensionsTests" name="ToMessage_Passing_ExceptionWithMessage_Returns_Message" />
    </UnitTest>
    <UnitTest name="ToEnvironment_ServiceProvider_Passing_Development_Enviroment_Returns_Development_Name" storage="d:\sferrari\01 - trabajo\repos\netcore\template-netcore-shared\kitpymes.core.shared.tests\bin\debug\netcoreapp3.0\kitpymes.core.shared.tests.dll" id="c09577a6-adca-ef94-40b5-45575ad65e4f">
      <Execution id="e3f930e0-6698-4b34-add5-aeb8648a4ab5" />
      <TestMethod codeBase="D:\SFERRARI\01 - TRABAJO\repos\netcore\template-netcore-shared\Kitpymes.Core.Shared.Tests\bin\Debug\netcoreapp3.0\Kitpymes.Core.Shared.Tests.dll" adapterTypeName="executor://mstestadapter/v2" className="Kitpymes.Core.Shared.Tests.ConfigurationBuilderExtensionsTests" name="ToEnvironment_ServiceProvider_Passing_Development_Enviroment_Returns_Development_Name" />
    </UnitTest>
    <UnitTest name="ToEmailMask_Passing_ValidEmail_Returns_EmailWithMask" storage="d:\sferrari\01 - trabajo\repos\netcore\template-netcore-shared\kitpymes.core.shared.tests\bin\debug\netcoreapp3.0\kitpymes.core.shared.tests.dll" id="98331ff8-6ed1-e7ba-c8dd-be5bd5b6cb2c">
      <Execution id="7c60e005-3716-4229-8fba-1d59bf1824de" />
      <TestMethod codeBase="D:\SFERRARI\01 - TRABAJO\repos\netcore\template-netcore-shared\Kitpymes.Core.Shared.Tests\bin\Debug\netcoreapp3.0\Kitpymes.Core.Shared.Tests.dll" adapterTypeName="executor://mstestadapter/v2" className="Kitpymes.Core.Shared.Tests.StringExtensionsTests" name="ToEmailMask_Passing_ValidEmail_Returns_EmailWithMask" />
    </UnitTest>
    <UnitTest name="ToDefaultValue_Passing_int_Returns_Cero" storage="d:\sferrari\01 - trabajo\repos\netcore\template-netcore-shared\kitpymes.core.shared.tests\bin\debug\netcoreapp3.0\kitpymes.core.shared.tests.dll" id="4234610b-215b-41f7-e61d-4a82851bdfa3">
      <Execution id="d85d2e63-8bdb-419c-92d3-a9c2329a8d09" />
      <TestMethod codeBase="D:\SFERRARI\01 - TRABAJO\repos\netcore\template-netcore-shared\Kitpymes.Core.Shared.Tests\bin\Debug\netcoreapp3.0\Kitpymes.Core.Shared.Tests.dll" adapterTypeName="executor://mstestadapter/v2" className="Kitpymes.Core.Shared.Tests.GenericExtensionsTests" name="ToDefaultValue_Passing_int_Returns_Cero" />
    </UnitTest>
    <UnitTest name="ToEnum_Passing_InvalidValueInt_Returns_EnumCustomValue" storage="d:\sferrari\01 - trabajo\repos\netcore\template-netcore-shared\kitpymes.core.shared.tests\bin\debug\netcoreapp3.0\kitpymes.core.shared.tests.dll" id="1064d8aa-5d0e-6bf5-83ee-952a4d1fd93b">
      <Execution id="e9e51bbc-aeb7-41ec-9340-b5412a8f30b3" />
      <TestMethod codeBase="D:\SFERRARI\01 - TRABAJO\repos\netcore\template-netcore-shared\Kitpymes.Core.Shared.Tests\bin\Debug\netcoreapp3.0\Kitpymes.Core.Shared.Tests.dll" adapterTypeName="executor://mstestadapter/v2" className="Kitpymes.Core.Shared.Tests.StringExtensionsTests" name="ToEnum_Passing_InvalidValueInt_Returns_EnumCustomValue" />
    </UnitTest>
    <UnitTest name="ToDirectoryDeleteFiles_Passing_ValidValue_Returns_DirectoryNoExists" storage="d:\sferrari\01 - trabajo\repos\netcore\template-netcore-shared\kitpymes.core.shared.tests\bin\debug\netcoreapp3.0\kitpymes.core.shared.tests.dll" id="7f0aeefe-ba4a-5404-c6f8-82be67718cc4">
      <Execution id="ec8ff9ae-7982-443b-a43d-fad3f91bca1f" />
      <TestMethod codeBase="D:\SFERRARI\01 - TRABAJO\repos\netcore\template-netcore-shared\Kitpymes.Core.Shared.Tests\bin\Debug\netcoreapp3.0\Kitpymes.Core.Shared.Tests.dll" adapterTypeName="executor://mstestadapter/v2" className="Kitpymes.Core.Shared.Tests.StringExtensionsTests" name="ToDirectoryDeleteFiles_Passing_ValidValue_Returns_DirectoryNoExists" />
    </UnitTest>
    <UnitTest name="ToService_Passing_Service_Not_Found_Returns_Null" storage="d:\sferrari\01 - trabajo\repos\netcore\template-netcore-shared\kitpymes.core.shared.tests\bin\debug\netcoreapp3.0\kitpymes.core.shared.tests.dll" id="3f0bf65d-a3af-41bf-ac79-126a0efc4fd4">
      <Execution id="f79b8d01-5a39-4c79-b7ed-053d468887c1" />
      <TestMethod codeBase="D:\SFERRARI\01 - TRABAJO\repos\netcore\template-netcore-shared\Kitpymes.Core.Shared.Tests\bin\Debug\netcoreapp3.0\Kitpymes.Core.Shared.Tests.dll" adapterTypeName="executor://mstestadapter/v2" className="Kitpymes.Core.Shared.Tests.ApplicationBuilderExtensionsTests" name="ToService_Passing_Service_Not_Found_Returns_Null" />
    </UnitTest>
    <UnitTest name="ToConfiguration_Passing_Empty_DirectoryPath_Returns_ApplicationException" storage="d:\sferrari\01 - trabajo\repos\netcore\template-netcore-shared\kitpymes.core.shared.tests\bin\debug\netcoreapp3.0\kitpymes.core.shared.tests.dll" id="5c861184-f295-e727-0fd4-d218f13da14d">
      <Execution id="f4a98da5-c192-417c-8118-84db58bb6616" />
      <TestMethod codeBase="D:\SFERRARI\01 - TRABAJO\repos\netcore\template-netcore-shared\Kitpymes.Core.Shared.Tests\bin\Debug\netcoreapp3.0\Kitpymes.Core.Shared.Tests.dll" adapterTypeName="executor://mstestadapter/v2" className="Kitpymes.Core.Shared.Tests.ConfigurationBuilderExtensionsTests" name="ToConfiguration_Passing_Empty_DirectoryPath_Returns_ApplicationException" />
    </UnitTest>
    <UnitTest name="ToMapNew_Passing_TSource_And_TDestination_Returns_New_TDestination_Object" storage="d:\sferrari\01 - trabajo\repos\netcore\template-netcore-shared\kitpymes.core.shared.tests\bin\debug\netcoreapp3.0\kitpymes.core.shared.tests.dll" id="46cc46f0-c0e1-f3e6-2242-cdef90a4249a">
      <Execution id="ea20385b-05fd-4c84-b814-273e65870d04" />
      <TestMethod codeBase="D:\SFERRARI\01 - TRABAJO\repos\netcore\template-netcore-shared\Kitpymes.Core.Shared.Tests\bin\Debug\netcoreapp3.0\Kitpymes.Core.Shared.Tests.dll" adapterTypeName="executor://mstestadapter/v2" className="Kitpymes.Core.Shared.Tests.AgileMapperExtensionsTests" name="ToMapNew_Passing_TSource_And_TDestination_Returns_New_TDestination_Object" />
    </UnitTest>
    <UnitTest name="ToIsNullOrAny_Passing_InvalidValue_Returns_True" storage="d:\sferrari\01 - trabajo\repos\netcore\template-netcore-shared\kitpymes.core.shared.tests\bin\debug\netcoreapp3.0\kitpymes.core.shared.tests.dll" id="55f105d6-fc07-21db-e70a-db30ccdb0844">
      <Execution id="9911d7e2-85db-4712-b07d-600a21f01d72" />
      <TestMethod codeBase="D:\SFERRARI\01 - TRABAJO\repos\netcore\template-netcore-shared\Kitpymes.Core.Shared.Tests\bin\Debug\netcoreapp3.0\Kitpymes.Core.Shared.Tests.dll" adapterTypeName="executor://mstestadapter/v2" className="Kitpymes.Core.Shared.Tests.CheckExtensionsTests" name="ToIsNullOrAny_Passing_InvalidValue_Returns_True" />
    </UnitTest>
    <UnitTest name="IsSubdomain_Passing_ValidArguments_Returns_HasErrorsAndCount" storage="d:\sferrari\01 - trabajo\repos\netcore\template-netcore-shared\kitpymes.core.shared.tests\bin\debug\netcoreapp3.0\kitpymes.core.shared.tests.dll" id="725d136c-3e7a-6e51-fc61-03203ffec0b5">
      <Execution id="b5ae7cf3-93d1-4b1b-9312-dec2dccd0460" />
      <TestMethod codeBase="D:\SFERRARI\01 - TRABAJO\repos\netcore\template-netcore-shared\Kitpymes.Core.Shared.Tests\bin\Debug\netcoreapp3.0\Kitpymes.Core.Shared.Tests.dll" adapterTypeName="executor://mstestadapter/v2" className="Kitpymes.Core.Shared.Tests.CheckTests" name="IsSubdomain_Passing_ValidArguments_Returns_HasErrorsAndCount" />
    </UnitTest>
    <UnitTest name="ResultErrorData_WithTitle_WithStatusCode_WithMessage_WithDetails_WithExceptionType_WithModelErrors" storage="d:\sferrari\01 - trabajo\repos\netcore\template-netcore-shared\kitpymes.core.shared.tests\bin\debug\netcoreapp3.0\kitpymes.core.shared.tests.dll" id="e039115b-c8b8-3957-476b-74380195718a">
      <Execution id="f4fdf3b6-cd77-4e29-a224-d31c82132dce" />
      <TestMethod codeBase="D:\SFERRARI\01 - TRABAJO\repos\netcore\template-netcore-shared\Kitpymes.Core.Shared.Tests\bin\Debug\netcoreapp3.0\Kitpymes.Core.Shared.Tests.dll" adapterTypeName="executor://mstestadapter/v2" className="Kitpymes.Core.Shared.Tests.ResultTest" name="ResultErrorData_WithTitle_WithStatusCode_WithMessage_WithDetails_WithExceptionType_WithModelErrors" />
    </UnitTest>
    <UnitTest name="ToIsNameThrow_Passing_InvalidValue_Returns_ApplicationExceptionWithMessage" storage="d:\sferrari\01 - trabajo\repos\netcore\template-netcore-shared\kitpymes.core.shared.tests\bin\debug\netcoreapp3.0\kitpymes.core.shared.tests.dll" id="1dab5b85-21d2-af6f-92e5-af8126f0e2fb">
      <Execution id="95a364a0-ef78-4ad8-aa81-161cd03a9eea" />
      <TestMethod codeBase="D:\SFERRARI\01 - TRABAJO\repos\netcore\template-netcore-shared\Kitpymes.Core.Shared.Tests\bin\Debug\netcoreapp3.0\Kitpymes.Core.Shared.Tests.dll" adapterTypeName="executor://mstestadapter/v2" className="Kitpymes.Core.Shared.Tests.CheckExtensionsTests" name="ToIsNameThrow_Passing_InvalidValue_Returns_ApplicationExceptionWithMessage" />
    </UnitTest>
    <UnitTest name="ToHashAlgorithmName_Passing_InvalidValueString_Returns_Null" storage="d:\sferrari\01 - trabajo\repos\netcore\template-netcore-shared\kitpymes.core.shared.tests\bin\debug\netcoreapp3.0\kitpymes.core.shared.tests.dll" id="1b969e76-d97c-c639-c377-a41796fbb2c3">
      <Execution id="42ea5343-4b14-4d9c-b102-f5a01a162bf6" />
      <TestMethod codeBase="D:\SFERRARI\01 - TRABAJO\repos\netcore\template-netcore-shared\Kitpymes.Core.Shared.Tests\bin\Debug\netcoreapp3.0\Kitpymes.Core.Shared.Tests.dll" adapterTypeName="executor://mstestadapter/v2" className="Kitpymes.Core.Shared.Tests.StringExtensionsTests" name="ToHashAlgorithmName_Passing_InvalidValueString_Returns_Null" />
    </UnitTest>
    <UnitTest name="ToInt_Passing_Enumeration_Name_Returns_Description_Atributte" storage="d:\sferrari\01 - trabajo\repos\netcore\template-netcore-shared\kitpymes.core.shared.tests\bin\debug\netcoreapp3.0\kitpymes.core.shared.tests.dll" id="c63cd623-e636-5730-a1fa-b18ae782acc7">
      <Execution id="8c81a872-805b-4897-b8bf-12cbd8bc36b3" />
      <TestMethod codeBase="D:\SFERRARI\01 - TRABAJO\repos\netcore\template-netcore-shared\Kitpymes.Core.Shared.Tests\bin\Debug\netcoreapp3.0\Kitpymes.Core.Shared.Tests.dll" adapterTypeName="executor://mstestadapter/v2" className="Kitpymes.Core.Shared.Tests.EnumExtensionsTests" name="ToInt_Passing_Enumeration_Name_Returns_Description_Atributte" />
    </UnitTest>
    <UnitTest name="ToSettings_Passing_Values_From_Memory_Returns_Settings" storage="d:\sferrari\01 - trabajo\repos\netcore\template-netcore-shared\kitpymes.core.shared.tests\bin\debug\netcoreapp3.0\kitpymes.core.shared.tests.dll" id="86b92527-4d52-052b-63ae-d9a8aa694919">
      <Execution id="fc62b616-5eae-4439-abce-383507b82a8b" />
      <TestMethod codeBase="D:\SFERRARI\01 - TRABAJO\repos\netcore\template-netcore-shared\Kitpymes.Core.Shared.Tests\bin\Debug\netcoreapp3.0\Kitpymes.Core.Shared.Tests.dll" adapterTypeName="executor://mstestadapter/v2" className="Kitpymes.Core.Shared.Tests.ConfigurationBuilderExtensionsTests" name="ToSettings_Passing_Values_From_Memory_Returns_Settings" />
    </UnitTest>
    <UnitTest name="ToIsLastDayOfTheMonth_Passing_LastDayOfMonth_Returns_True" storage="d:\sferrari\01 - trabajo\repos\netcore\template-netcore-shared\kitpymes.core.shared.tests\bin\debug\netcoreapp3.0\kitpymes.core.shared.tests.dll" id="98d4dd82-eb94-c060-7aeb-9b0a39f334fb">
      <Execution id="822d4320-c18d-4f14-bae0-06d5716760eb" />
      <TestMethod codeBase="D:\SFERRARI\01 - TRABAJO\repos\netcore\template-netcore-shared\Kitpymes.Core.Shared.Tests\bin\Debug\netcoreapp3.0\Kitpymes.Core.Shared.Tests.dll" adapterTypeName="executor://mstestadapter/v2" className="Kitpymes.Core.Shared.Tests.DateTimeExtensionsTests" name="ToIsLastDayOfTheMonth_Passing_LastDayOfMonth_Returns_True" />
    </UnitTest>
    <UnitTest name="ToEnvironment_ServiceCollection_Passing_Development_Enviroment_Returns_Development_Name" storage="d:\sferrari\01 - trabajo\repos\netcore\template-netcore-shared\kitpymes.core.shared.tests\bin\debug\netcoreapp3.0\kitpymes.core.shared.tests.dll" id="0f697beb-b7a4-6aa6-9017-b57feeb9ba7f">
      <Execution id="a0dac943-8ee4-435e-9251-76dfa5a4ab83" />
      <TestMethod codeBase="D:\SFERRARI\01 - TRABAJO\repos\netcore\template-netcore-shared\Kitpymes.Core.Shared.Tests\bin\Debug\netcoreapp3.0\Kitpymes.Core.Shared.Tests.dll" adapterTypeName="executor://mstestadapter/v2" className="Kitpymes.Core.Shared.Tests.ConfigurationBuilderExtensionsTests" name="ToEnvironment_ServiceCollection_Passing_Development_Enviroment_Returns_Development_Name" />
    </UnitTest>
    <UnitTest name="ToTryGetHeader_Passing_HttpRequest_Header_Value_Returns_Value" storage="d:\sferrari\01 - trabajo\repos\netcore\template-netcore-shared\kitpymes.core.shared.tests\bin\debug\netcoreapp3.0\kitpymes.core.shared.tests.dll" id="13bab721-bf36-ea1b-3f50-9937b274e83a">
      <Execution id="011900b7-2072-40bb-87a6-547ec7d6cbde" />
      <TestMethod codeBase="D:\SFERRARI\01 - TRABAJO\repos\netcore\template-netcore-shared\Kitpymes.Core.Shared.Tests\bin\Debug\netcoreapp3.0\Kitpymes.Core.Shared.Tests.dll" adapterTypeName="executor://mstestadapter/v2" className="Kitpymes.Core.Shared.Tests.HttpRequestExtensionsTests" name="ToTryGetHeader_Passing_HttpRequest_Header_Value_Returns_Value" />
    </UnitTest>
    <UnitTest name="ToFirstLetterLower_Passing_ValidValue_Returns_StringWithFirstLetterLower" storage="d:\sferrari\01 - trabajo\repos\netcore\template-netcore-shared\kitpymes.core.shared.tests\bin\debug\netcoreapp3.0\kitpymes.core.shared.tests.dll" id="4315ebd1-3e2a-edf0-9de6-c78f08760fe3">
      <Execution id="34bfe36e-7c57-4529-8e9b-39ce10d18775" />
      <TestMethod codeBase="D:\SFERRARI\01 - TRABAJO\repos\netcore\template-netcore-shared\Kitpymes.Core.Shared.Tests\bin\Debug\netcoreapp3.0\Kitpymes.Core.Shared.Tests.dll" adapterTypeName="executor://mstestadapter/v2" className="Kitpymes.Core.Shared.Tests.StringExtensionsTests" name="ToFirstLetterLower_Passing_ValidValue_Returns_StringWithFirstLetterLower" />
    </UnitTest>
    <UnitTest name="ToPaged_Passing_Name_Ascending_Order_Returns_Filter_List" storage="d:\sferrari\01 - trabajo\repos\netcore\template-netcore-shared\kitpymes.core.shared.tests\bin\debug\netcoreapp3.0\kitpymes.core.shared.tests.dll" id="6fc389b2-a5f3-ded0-63b6-7e1b4cca8442">
      <Execution id="a39b9245-71cf-4aab-bff5-57ae0c6f8ee5" />
      <TestMethod codeBase="D:\SFERRARI\01 - TRABAJO\repos\netcore\template-netcore-shared\Kitpymes.Core.Shared.Tests\bin\Debug\netcoreapp3.0\Kitpymes.Core.Shared.Tests.dll" adapterTypeName="executor://mstestadapter/v2" className="Kitpymes.Core.Shared.Tests.QueryableExtensionsTests" name="ToPaged_Passing_Name_Ascending_Order_Returns_Filter_List" />
    </UnitTest>
    <UnitTest name="ToReplace_Passing_ValidValue_Returns_ReplacedValue" storage="d:\sferrari\01 - trabajo\repos\netcore\template-netcore-shared\kitpymes.core.shared.tests\bin\debug\netcoreapp3.0\kitpymes.core.shared.tests.dll" id="04084e8e-c859-4ef5-e2a7-4fb2803cb2a3">
      <Execution id="3d51045d-fe0b-4c83-b285-33989f680dc9" />
      <TestMethod codeBase="D:\SFERRARI\01 - TRABAJO\repos\netcore\template-netcore-shared\Kitpymes.Core.Shared.Tests\bin\Debug\netcoreapp3.0\Kitpymes.Core.Shared.Tests.dll" adapterTypeName="executor://mstestadapter/v2" className="Kitpymes.Core.Shared.Tests.StringExtensionsTests" name="ToReplace_Passing_ValidValue_Returns_ReplacedValue" />
    </UnitTest>
    <UnitTest name="IsEqual_Passing_InvalidArguments_Returns_HasErrorsAndCount" storage="d:\sferrari\01 - trabajo\repos\netcore\template-netcore-shared\kitpymes.core.shared.tests\bin\debug\netcoreapp3.0\kitpymes.core.shared.tests.dll" id="c87d842d-198f-fc52-0a70-418a5e5378ab">
      <Execution id="1a5e3eca-846e-4f6a-94e2-9afe50f1bf63" />
      <TestMethod codeBase="D:\SFERRARI\01 - TRABAJO\repos\netcore\template-netcore-shared\Kitpymes.Core.Shared.Tests\bin\Debug\netcoreapp3.0\Kitpymes.Core.Shared.Tests.dll" adapterTypeName="executor://mstestadapter/v2" className="Kitpymes.Core.Shared.Tests.CheckTests" name="IsEqual_Passing_InvalidArguments_Returns_HasErrorsAndCount" />
    </UnitTest>
    <UnitTest name="ToSetTime_Passing_Time_Int_Returns_DateTime" storage="d:\sferrari\01 - trabajo\repos\netcore\template-netcore-shared\kitpymes.core.shared.tests\bin\debug\netcoreapp3.0\kitpymes.core.shared.tests.dll" id="1761ee10-7c34-b565-b889-1885bffe91c3">
      <Execution id="78350d52-7487-4c39-9118-37c91c42e1aa" />
      <TestMethod codeBase="D:\SFERRARI\01 - TRABAJO\repos\netcore\template-netcore-shared\Kitpymes.Core.Shared.Tests\bin\Debug\netcoreapp3.0\Kitpymes.Core.Shared.Tests.dll" adapterTypeName="executor://mstestadapter/v2" className="Kitpymes.Core.Shared.Tests.DateTimeExtensionsTests" name="ToSetTime_Passing_Time_Int_Returns_DateTime" />
    </UnitTest>
    <UnitTest name="ToWhere_Passing_Valid_Predicate_Returns_Filter_List" storage="d:\sferrari\01 - trabajo\repos\netcore\template-netcore-shared\kitpymes.core.shared.tests\bin\debug\netcoreapp3.0\kitpymes.core.shared.tests.dll" id="e9d3a3d6-32e0-613e-b55e-48afdf1ab686">
      <Execution id="e01bd953-9351-4aa8-90fe-a9b00dfc00a9" />
      <TestMethod codeBase="D:\SFERRARI\01 - TRABAJO\repos\netcore\template-netcore-shared\Kitpymes.Core.Shared.Tests\bin\Debug\netcoreapp3.0\Kitpymes.Core.Shared.Tests.dll" adapterTypeName="executor://mstestadapter/v2" className="Kitpymes.Core.Shared.Tests.QueryableExtensionsTests" name="ToWhere_Passing_Valid_Predicate_Returns_Filter_List" />
    </UnitTest>
    <UnitTest name="ToEmailMaskUserNameAndDomainAndExtension_Passing_ValidEmail_Returns_EmailWithMask" storage="d:\sferrari\01 - trabajo\repos\netcore\template-netcore-shared\kitpymes.core.shared.tests\bin\debug\netcoreapp3.0\kitpymes.core.shared.tests.dll" id="1f6423c7-4317-6f5b-c112-f4c9c7e822af">
      <Execution id="91f81484-4653-4700-b255-6980e8d60036" />
      <TestMethod codeBase="D:\SFERRARI\01 - TRABAJO\repos\netcore\template-netcore-shared\Kitpymes.Core.Shared.Tests\bin\Debug\netcoreapp3.0\Kitpymes.Core.Shared.Tests.dll" adapterTypeName="executor://mstestadapter/v2" className="Kitpymes.Core.Shared.Tests.StringExtensionsTests" name="ToEmailMaskUserNameAndDomainAndExtension_Passing_ValidEmail_Returns_EmailWithMask" />
    </UnitTest>
    <UnitTest name="ToTryGetHeader_Passing_HttpRequest_Header_Many_Values_Returns_Values" storage="d:\sferrari\01 - trabajo\repos\netcore\template-netcore-shared\kitpymes.core.shared.tests\bin\debug\netcoreapp3.0\kitpymes.core.shared.tests.dll" id="db5f34ff-df7c-44e5-6721-c319db8d6da0">
      <Execution id="769bd8d9-c015-4e65-99d7-ebabd3e71663" />
      <TestMethod codeBase="D:\SFERRARI\01 - TRABAJO\repos\netcore\template-netcore-shared\Kitpymes.Core.Shared.Tests\bin\Debug\netcoreapp3.0\Kitpymes.Core.Shared.Tests.dll" adapterTypeName="executor://mstestadapter/v2" className="Kitpymes.Core.Shared.Tests.HttpRequestExtensionsTests" name="ToTryGetHeader_Passing_HttpRequest_Header_Many_Values_Returns_Values" />
    </UnitTest>
    <UnitTest name="ToEnum_Passing_ValidValue_String_Returns_EnumValue" storage="d:\sferrari\01 - trabajo\repos\netcore\template-netcore-shared\kitpymes.core.shared.tests\bin\debug\netcoreapp3.0\kitpymes.core.shared.tests.dll" id="605637df-9854-875b-b3aa-6675f3fbd045">
      <Execution id="57180eb8-281f-4b75-b641-2d0de7a595b1" />
      <TestMethod codeBase="D:\SFERRARI\01 - TRABAJO\repos\netcore\template-netcore-shared\Kitpymes.Core.Shared.Tests\bin\Debug\netcoreapp3.0\Kitpymes.Core.Shared.Tests.dll" adapterTypeName="executor://mstestadapter/v2" className="Kitpymes.Core.Shared.Tests.StringExtensionsTests" name="ToEnum_Passing_ValidValue_String_Returns_EnumValue" />
    </UnitTest>
    <UnitTest name="ToDefaultValue_Passing_sbyte_Returns_Cero" storage="d:\sferrari\01 - trabajo\repos\netcore\template-netcore-shared\kitpymes.core.shared.tests\bin\debug\netcoreapp3.0\kitpymes.core.shared.tests.dll" id="19a313ce-6632-bd6f-bb7e-c2dc7bcf20eb">
      <Execution id="d598774c-7e98-4d8e-a94b-cea9874e4a04" />
      <TestMethod codeBase="D:\SFERRARI\01 - TRABAJO\repos\netcore\template-netcore-shared\Kitpymes.Core.Shared.Tests\bin\Debug\netcoreapp3.0\Kitpymes.Core.Shared.Tests.dll" adapterTypeName="executor://mstestadapter/v2" className="Kitpymes.Core.Shared.Tests.GenericExtensionsTests" name="ToDefaultValue_Passing_sbyte_Returns_Cero" />
    </UnitTest>
    <UnitTest name="CreateRandom_WithDefaultAllowableCharacters_Passing_ValidArguments_Returns_String_Random_Value" storage="d:\sferrari\01 - trabajo\repos\netcore\template-netcore-shared\kitpymes.core.shared.tests\bin\debug\netcoreapp3.0\kitpymes.core.shared.tests.dll" id="481343f9-3ff3-548f-0c6c-41599cf65802">
      <Execution id="a7d28cd5-3fbe-4c22-923f-d7caf5dde066" />
      <TestMethod codeBase="D:\SFERRARI\01 - TRABAJO\repos\netcore\template-netcore-shared\Kitpymes.Core.Shared.Tests\bin\Debug\netcoreapp3.0\Kitpymes.Core.Shared.Tests.dll" adapterTypeName="executor://mstestadapter/v2" className="Kitpymes.Core.Shared.Tests.HashTests" name="CreateRandom_WithDefaultAllowableCharacters_Passing_ValidArguments_Returns_String_Random_Value" />
    </UnitTest>
    <UnitTest name="ToThrow_Passing_InvalidValue_Returns_ApplicationExceptionWithMessage" storage="d:\sferrari\01 - trabajo\repos\netcore\template-netcore-shared\kitpymes.core.shared.tests\bin\debug\netcoreapp3.0\kitpymes.core.shared.tests.dll" id="9b5f9705-0df5-3b21-5e23-e11b68721fd4">
      <Execution id="040ba702-2db2-450b-84a3-52e98ddf3d6e" />
      <TestMethod codeBase="D:\SFERRARI\01 - TRABAJO\repos\netcore\template-netcore-shared\Kitpymes.Core.Shared.Tests\bin\Debug\netcoreapp3.0\Kitpymes.Core.Shared.Tests.dll" adapterTypeName="executor://mstestadapter/v2" className="Kitpymes.Core.Shared.Tests.CheckExtensionsTests" name="ToThrow_Passing_InvalidValue_Returns_ApplicationExceptionWithMessage" />
    </UnitTest>
    <UnitTest name="ToIsFileExtensionThrow_Passing_InvalidValue_Returns_ApplicationExceptionWithMessage" storage="d:\sferrari\01 - trabajo\repos\netcore\template-netcore-shared\kitpymes.core.shared.tests\bin\debug\netcoreapp3.0\kitpymes.core.shared.tests.dll" id="43949294-e4b7-cf4d-0d69-84ccc9e58406">
      <Execution id="a6009014-c3d5-4b82-ad79-72032c2bb7dd" />
      <TestMethod codeBase="D:\SFERRARI\01 - TRABAJO\repos\netcore\template-netcore-shared\Kitpymes.Core.Shared.Tests\bin\Debug\netcoreapp3.0\Kitpymes.Core.Shared.Tests.dll" adapterTypeName="executor://mstestadapter/v2" className="Kitpymes.Core.Shared.Tests.CheckExtensionsTests" name="ToIsFileExtensionThrow_Passing_InvalidValue_Returns_ApplicationExceptionWithMessage" />
    </UnitTest>
    <UnitTest name="ToConfiguration_Passing_Valid_DirectoryPath_Invalid_JsonFileName_Not_Optional_Returns_ApplicationException" storage="d:\sferrari\01 - trabajo\repos\netcore\template-netcore-shared\kitpymes.core.shared.tests\bin\debug\netcoreapp3.0\kitpymes.core.shared.tests.dll" id="bf48e581-43e6-7660-c4f4-1b7deb1f0ed9">
      <Execution id="5402f4e8-f99c-4d10-83ee-c6e99b0672e0" />
      <TestMethod codeBase="D:\SFERRARI\01 - TRABAJO\repos\netcore\template-netcore-shared\Kitpymes.Core.Shared.Tests\bin\Debug\netcoreapp3.0\Kitpymes.Core.Shared.Tests.dll" adapterTypeName="executor://mstestadapter/v2" className="Kitpymes.Core.Shared.Tests.ConfigurationBuilderExtensionsTests" name="ToConfiguration_Passing_Valid_DirectoryPath_Invalid_JsonFileName_Not_Optional_Returns_ApplicationException" />
    </UnitTest>
    <UnitTest name="ToPaged_Passing_Name_Descending_Order_Returns_Filter_List" storage="d:\sferrari\01 - trabajo\repos\netcore\template-netcore-shared\kitpymes.core.shared.tests\bin\debug\netcoreapp3.0\kitpymes.core.shared.tests.dll" id="0b00f09d-f7e4-fb1e-68ad-8102cf6143e0">
      <Execution id="fa6e3b5f-351f-43f8-b794-501914d9a8ce" />
      <TestMethod codeBase="D:\SFERRARI\01 - TRABAJO\repos\netcore\template-netcore-shared\Kitpymes.Core.Shared.Tests\bin\Debug\netcoreapp3.0\Kitpymes.Core.Shared.Tests.dll" adapterTypeName="executor://mstestadapter/v2" className="Kitpymes.Core.Shared.Tests.QueryableExtensionsTests" name="ToPaged_Passing_Name_Descending_Order_Returns_Filter_List" />
    </UnitTest>
    <UnitTest name="ToEnum_Passing_InvalidValueString_Returns_EnumDefaultValue" storage="d:\sferrari\01 - trabajo\repos\netcore\template-netcore-shared\kitpymes.core.shared.tests\bin\debug\netcoreapp3.0\kitpymes.core.shared.tests.dll" id="31ff6168-d18d-0013-7c18-0ff775714202">
      <Execution id="0d495fb0-37c8-4506-94e3-d90b65d9b8b8" />
      <TestMethod codeBase="D:\SFERRARI\01 - TRABAJO\repos\netcore\template-netcore-shared\Kitpymes.Core.Shared.Tests\bin\Debug\netcoreapp3.0\Kitpymes.Core.Shared.Tests.dll" adapterTypeName="executor://mstestadapter/v2" className="Kitpymes.Core.Shared.Tests.StringExtensionsTests" name="ToEnum_Passing_InvalidValueString_Returns_EnumDefaultValue" />
    </UnitTest>
    <UnitTest name="ToUserName_Passing_Valid_UserName_ClaimsPrincipal_Returns_String_UserName_Value" storage="d:\sferrari\01 - trabajo\repos\netcore\template-netcore-shared\kitpymes.core.shared.tests\bin\debug\netcoreapp3.0\kitpymes.core.shared.tests.dll" id="856fd0c8-b6f8-9265-ccfd-2a9e615488e2">
      <Execution id="aaaadfbf-0347-4591-b76f-3c3126b41bc6" />
      <TestMethod codeBase="D:\SFERRARI\01 - TRABAJO\repos\netcore\template-netcore-shared\Kitpymes.Core.Shared.Tests\bin\Debug\netcoreapp3.0\Kitpymes.Core.Shared.Tests.dll" adapterTypeName="executor://mstestadapter/v2" className="Kitpymes.Core.Shared.Tests.ClaimsPrincipalExtensionsTests" name="ToUserName_Passing_Valid_UserName_ClaimsPrincipal_Returns_String_UserName_Value" />
    </UnitTest>
    <UnitTest name="IsSubdomain_Passing_InvalidArguments_Returns_HasErrorsAndCount" storage="d:\sferrari\01 - trabajo\repos\netcore\template-netcore-shared\kitpymes.core.shared.tests\bin\debug\netcoreapp3.0\kitpymes.core.shared.tests.dll" id="f2debf4a-2a42-7b0b-1005-8f74a6fc63cb">
      <Execution id="91b7c3b6-1b0c-4005-ae8f-5895bbb664f8" />
      <TestMethod codeBase="D:\SFERRARI\01 - TRABAJO\repos\netcore\template-netcore-shared\Kitpymes.Core.Shared.Tests\bin\Debug\netcoreapp3.0\Kitpymes.Core.Shared.Tests.dll" adapterTypeName="executor://mstestadapter/v2" className="Kitpymes.Core.Shared.Tests.CheckTests" name="IsSubdomain_Passing_InvalidArguments_Returns_HasErrorsAndCount" />
    </UnitTest>
    <UnitTest name="IsDigit_Passing_ValidArguments_Returns_HasErrorsAndCount" storage="d:\sferrari\01 - trabajo\repos\netcore\template-netcore-shared\kitpymes.core.shared.tests\bin\debug\netcoreapp3.0\kitpymes.core.shared.tests.dll" id="ebdf037a-44fa-7875-99d4-42fa9833aac8">
      <Execution id="6081b822-7b33-4e25-a88e-77e1e4852d46" />
      <TestMethod codeBase="D:\SFERRARI\01 - TRABAJO\repos\netcore\template-netcore-shared\Kitpymes.Core.Shared.Tests\bin\Debug\netcoreapp3.0\Kitpymes.Core.Shared.Tests.dll" adapterTypeName="executor://mstestadapter/v2" className="Kitpymes.Core.Shared.Tests.CheckTests" name="IsDigit_Passing_ValidArguments_Returns_HasErrorsAndCount" />
    </UnitTest>
    <UnitTest name="ToEmailMaskUserNameAndDomain_Passing_ValidEmail_Returns_EmailWithMask" storage="d:\sferrari\01 - trabajo\repos\netcore\template-netcore-shared\kitpymes.core.shared.tests\bin\debug\netcoreapp3.0\kitpymes.core.shared.tests.dll" id="e8138724-52f6-6999-ada4-cbc441f2cd15">
      <Execution id="9adab66b-5564-4268-a99f-bb1d81d42115" />
      <TestMethod codeBase="D:\SFERRARI\01 - TRABAJO\repos\netcore\template-netcore-shared\Kitpymes.Core.Shared.Tests\bin\Debug\netcoreapp3.0\Kitpymes.Core.Shared.Tests.dll" adapterTypeName="executor://mstestadapter/v2" className="Kitpymes.Core.Shared.Tests.StringExtensionsTests" name="ToEmailMaskUserNameAndDomain_Passing_ValidEmail_Returns_EmailWithMask" />
    </UnitTest>
    <UnitTest name="ToDirectoryReadFileAsync_Passing_ValidValue_Returns_False" storage="d:\sferrari\01 - trabajo\repos\netcore\template-netcore-shared\kitpymes.core.shared.tests\bin\debug\netcoreapp3.0\kitpymes.core.shared.tests.dll" id="29295413-2308-fade-9c98-0e9ed6c67839">
      <Execution id="2205c4b2-e6e1-4fb1-b5ac-60ce3fd3617e" />
      <TestMethod codeBase="D:\SFERRARI\01 - TRABAJO\repos\netcore\template-netcore-shared\Kitpymes.Core.Shared.Tests\bin\Debug\netcoreapp3.0\Kitpymes.Core.Shared.Tests.dll" adapterTypeName="executor://mstestadapter/v2" className="Kitpymes.Core.Shared.Tests.StringExtensionsTests" name="ToDirectoryReadFileAsync_Passing_ValidValue_Returns_False" />
    </UnitTest>
    <UnitTest name="ToDictionaryPropertyInfo_Passing_Object_IncludeNullOrEmptyProperty_Returns_Properties_NameAndValue_Dictionary" storage="d:\sferrari\01 - trabajo\repos\netcore\template-netcore-shared\kitpymes.core.shared.tests\bin\debug\netcoreapp3.0\kitpymes.core.shared.tests.dll" id="a0ed43cd-0648-ddf9-c80e-52c6889ee049">
      <Execution id="13eab0c2-f4f0-4aeb-acb5-a4fe55e6a573" />
      <TestMethod codeBase="D:\SFERRARI\01 - TRABAJO\repos\netcore\template-netcore-shared\Kitpymes.Core.Shared.Tests\bin\Debug\netcoreapp3.0\Kitpymes.Core.Shared.Tests.dll" adapterTypeName="executor://mstestadapter/v2" className="Kitpymes.Core.Shared.Tests.GenericExtensionsTests" name="ToDictionaryPropertyInfo_Passing_Object_IncludeNullOrEmptyProperty_Returns_Properties_NameAndValue_Dictionary" />
    </UnitTest>
    <UnitTest name="ToIsWeekend_Passing_Friday_DateTime_Returns_False" storage="d:\sferrari\01 - trabajo\repos\netcore\template-netcore-shared\kitpymes.core.shared.tests\bin\debug\netcoreapp3.0\kitpymes.core.shared.tests.dll" id="459f13f4-e266-2f20-5c30-d2c64797095d">
      <Execution id="08b2e47c-e680-47dd-9615-b4f37cc2cc75" />
      <TestMethod codeBase="D:\SFERRARI\01 - TRABAJO\repos\netcore\template-netcore-shared\Kitpymes.Core.Shared.Tests\bin\Debug\netcoreapp3.0\Kitpymes.Core.Shared.Tests.dll" adapterTypeName="executor://mstestadapter/v2" className="Kitpymes.Core.Shared.Tests.DateTimeExtensionsTests" name="ToIsWeekend_Passing_Friday_DateTime_Returns_False" />
    </UnitTest>
    <UnitTest name="ToList_Passing_ValidEnumType_Returns_ValuesList" storage="d:\sferrari\01 - trabajo\repos\netcore\template-netcore-shared\kitpymes.core.shared.tests\bin\debug\netcoreapp3.0\kitpymes.core.shared.tests.dll" id="a6625fb0-1b80-148b-87dc-9cf616e5e84d">
      <Execution id="0f6d9535-6391-4f79-99cc-6a218a7a06a7" />
      <TestMethod codeBase="D:\SFERRARI\01 - TRABAJO\repos\netcore\template-netcore-shared\Kitpymes.Core.Shared.Tests\bin\Debug\netcoreapp3.0\Kitpymes.Core.Shared.Tests.dll" adapterTypeName="executor://mstestadapter/v2" className="Kitpymes.Core.Shared.Tests.EnumsTests" name="ToList_Passing_ValidEnumType_Returns_ValuesList" />
    </UnitTest>
    <UnitTest name="IsDomain_Passing_ValidArguments_Returns_HasErrorsAndCount" storage="d:\sferrari\01 - trabajo\repos\netcore\template-netcore-shared\kitpymes.core.shared.tests\bin\debug\netcoreapp3.0\kitpymes.core.shared.tests.dll" id="447ced0a-6221-43ff-44ab-4ee12ee4d012">
      <Execution id="2e0c1d2e-4a7d-4736-8703-655c785e7e69" />
      <TestMethod codeBase="D:\SFERRARI\01 - TRABAJO\repos\netcore\template-netcore-shared\Kitpymes.Core.Shared.Tests\bin\Debug\netcoreapp3.0\Kitpymes.Core.Shared.Tests.dll" adapterTypeName="executor://mstestadapter/v2" className="Kitpymes.Core.Shared.Tests.CheckTests" name="IsDomain_Passing_ValidArguments_Returns_HasErrorsAndCount" />
    </UnitTest>
    <UnitTest name="ToHeader_Passing_HttpRequest_Header_Value_Returns_Value" storage="d:\sferrari\01 - trabajo\repos\netcore\template-netcore-shared\kitpymes.core.shared.tests\bin\debug\netcoreapp3.0\kitpymes.core.shared.tests.dll" id="4a2e80a7-472b-b7f7-ba61-ac77aed5735d">
      <Execution id="9e28c20d-feaa-4b11-8ef9-9adaf0e5a5f9" />
      <TestMethod codeBase="D:\SFERRARI\01 - TRABAJO\repos\netcore\template-netcore-shared\Kitpymes.Core.Shared.Tests\bin\Debug\netcoreapp3.0\Kitpymes.Core.Shared.Tests.dll" adapterTypeName="executor://mstestadapter/v2" className="Kitpymes.Core.Shared.Tests.HttpRequestExtensionsTests" name="ToHeader_Passing_HttpRequest_Header_Value_Returns_Value" />
    </UnitTest>
    <UnitTest name="ToIPv6_Passing_HttpContext_IP_Value_Returns_IP" storage="d:\sferrari\01 - trabajo\repos\netcore\template-netcore-shared\kitpymes.core.shared.tests\bin\debug\netcoreapp3.0\kitpymes.core.shared.tests.dll" id="5bee9d0e-89de-7b6d-4317-0a11342b1d29">
      <Execution id="0aa48497-ad7a-4f4f-ad1a-9aa527db991b" />
      <TestMethod codeBase="D:\SFERRARI\01 - TRABAJO\repos\netcore\template-netcore-shared\Kitpymes.Core.Shared.Tests\bin\Debug\netcoreapp3.0\Kitpymes.Core.Shared.Tests.dll" adapterTypeName="executor://mstestadapter/v2" className="Kitpymes.Core.Shared.Tests.HttpContextExtensionsTests" name="ToIPv6_Passing_HttpContext_IP_Value_Returns_IP" />
    </UnitTest>
    <UnitTest name="ToGet_Passing_Claims_Returns_Claim_Value_Object" storage="d:\sferrari\01 - trabajo\repos\netcore\template-netcore-shared\kitpymes.core.shared.tests\bin\debug\netcoreapp3.0\kitpymes.core.shared.tests.dll" id="a272f84c-2bd5-daa4-4afe-22346b802f86">
      <Execution id="8881f2dc-ded6-4f88-b2ab-44fe2dd1a171" />
      <TestMethod codeBase="D:\SFERRARI\01 - TRABAJO\repos\netcore\template-netcore-shared\Kitpymes.Core.Shared.Tests\bin\Debug\netcoreapp3.0\Kitpymes.Core.Shared.Tests.dll" adapterTypeName="executor://mstestadapter/v2" className="Kitpymes.Core.Shared.Tests.ClaimsPrincipalExtensionsTests" name="ToGet_Passing_Claims_Returns_Claim_Value_Object" />
    </UnitTest>
    <UnitTest name="ToExists_Passing_Service_Not_Found_Returns_False" storage="d:\sferrari\01 - trabajo\repos\netcore\template-netcore-shared\kitpymes.core.shared.tests\bin\debug\netcoreapp3.0\kitpymes.core.shared.tests.dll" id="074815db-ddf2-9c1f-0fef-7f709183591e">
      <Execution id="ec384546-c1c1-46a3-8c49-bd6f5a9ea2c4" />
      <TestMethod codeBase="D:\SFERRARI\01 - TRABAJO\repos\netcore\template-netcore-shared\Kitpymes.Core.Shared.Tests\bin\Debug\netcoreapp3.0\Kitpymes.Core.Shared.Tests.dll" adapterTypeName="executor://mstestadapter/v2" className="Kitpymes.Core.Shared.Tests.ApplicationBuilderExtensionsTests" name="ToExists_Passing_Service_Not_Found_Returns_False" />
    </UnitTest>
    <UnitTest name="IsFile_Passing_InvalidArguments_Returns_HasErrorsAndCount" storage="d:\sferrari\01 - trabajo\repos\netcore\template-netcore-shared\kitpymes.core.shared.tests\bin\debug\netcoreapp3.0\kitpymes.core.shared.tests.dll" id="d7c20db6-f712-8539-ac01-01e8f4033fac">
      <Execution id="9603dfff-87fe-4569-8ec5-59267c2ed74e" />
      <TestMethod codeBase="D:\SFERRARI\01 - TRABAJO\repos\netcore\template-netcore-shared\Kitpymes.Core.Shared.Tests\bin\Debug\netcoreapp3.0\Kitpymes.Core.Shared.Tests.dll" adapterTypeName="executor://mstestadapter/v2" className="Kitpymes.Core.Shared.Tests.CheckTests" name="IsFile_Passing_InvalidArguments_Returns_HasErrorsAndCount" />
    </UnitTest>
    <UnitTest name="ToConfiguration_Passing_Valid_DirectoryPath_Valid_JsonFileName_Returns_Ok" storage="d:\sferrari\01 - trabajo\repos\netcore\template-netcore-shared\kitpymes.core.shared.tests\bin\debug\netcoreapp3.0\kitpymes.core.shared.tests.dll" id="9064672f-1220-7bc0-f2b0-c66c74cccc5e">
      <Execution id="4c9f2227-628e-4f7a-ab52-9f4cd9f62589" />
      <TestMethod codeBase="D:\SFERRARI\01 - TRABAJO\repos\netcore\template-netcore-shared\Kitpymes.Core.Shared.Tests\bin\Debug\netcoreapp3.0\Kitpymes.Core.Shared.Tests.dll" adapterTypeName="executor://mstestadapter/v2" className="Kitpymes.Core.Shared.Tests.ConfigurationBuilderExtensionsTests" name="ToConfiguration_Passing_Valid_DirectoryPath_Valid_JsonFileName_Returns_Ok" />
    </UnitTest>
    <UnitTest name="IsCustom_Passing_InvalidArguments_Returns_HasErrorsAndCount" storage="d:\sferrari\01 - trabajo\repos\netcore\template-netcore-shared\kitpymes.core.shared.tests\bin\debug\netcoreapp3.0\kitpymes.core.shared.tests.dll" id="772d3145-280a-fb9f-03c2-247d0f593a66">
      <Execution id="326ba4a8-3155-4766-82c1-9d96a5543ee6" />
      <TestMethod codeBase="D:\SFERRARI\01 - TRABAJO\repos\netcore\template-netcore-shared\Kitpymes.Core.Shared.Tests\bin\Debug\netcoreapp3.0\Kitpymes.Core.Shared.Tests.dll" adapterTypeName="executor://mstestadapter/v2" className="Kitpymes.Core.Shared.Tests.CheckTests" name="IsCustom_Passing_InvalidArguments_Returns_HasErrorsAndCount" />
    </UnitTest>
    <UnitTest name="ToPaged_Passing_Age_Descending_Order_Returns_Filter_List" storage="d:\sferrari\01 - trabajo\repos\netcore\template-netcore-shared\kitpymes.core.shared.tests\bin\debug\netcoreapp3.0\kitpymes.core.shared.tests.dll" id="e53d2439-2080-43bd-e38b-a60253b60af1">
      <Execution id="f4583cc5-d93d-4f43-8ce1-3269482ddb0b" />
      <TestMethod codeBase="D:\SFERRARI\01 - TRABAJO\repos\netcore\template-netcore-shared\Kitpymes.Core.Shared.Tests\bin\Debug\netcoreapp3.0\Kitpymes.Core.Shared.Tests.dll" adapterTypeName="executor://mstestadapter/v2" className="Kitpymes.Core.Shared.Tests.QueryableExtensionsTests" name="ToPaged_Passing_Age_Descending_Order_Returns_Filter_List" />
    </UnitTest>
    <UnitTest name="ToBytes_Passing_Object_Returns_Bytes" storage="d:\sferrari\01 - trabajo\repos\netcore\template-netcore-shared\kitpymes.core.shared.tests\bin\debug\netcoreapp3.0\kitpymes.core.shared.tests.dll" id="118e36ba-6572-1245-e05b-9bcc7b4e5e20">
      <Execution id="519c9a66-3a4b-4672-89af-29653129fa8b" />
      <TestMethod codeBase="D:\SFERRARI\01 - TRABAJO\repos\netcore\template-netcore-shared\Kitpymes.Core.Shared.Tests\bin\Debug\netcoreapp3.0\Kitpymes.Core.Shared.Tests.dll" adapterTypeName="executor://mstestadapter/v2" className="Kitpymes.Core.Shared.Tests.GenericExtensionsTests" name="ToBytes_Passing_Object_Returns_Bytes" />
    </UnitTest>
    <UnitTest name="ToDefaultValue_Passing_float_Returns_Cero" storage="d:\sferrari\01 - trabajo\repos\netcore\template-netcore-shared\kitpymes.core.shared.tests\bin\debug\netcoreapp3.0\kitpymes.core.shared.tests.dll" id="e0f7dcd9-f363-be9c-de11-457f6a575bee">
      <Execution id="2810b1d5-5211-44b1-85d6-12e82abf2abd" />
      <TestMethod codeBase="D:\SFERRARI\01 - TRABAJO\repos\netcore\template-netcore-shared\Kitpymes.Core.Shared.Tests\bin\Debug\netcoreapp3.0\Kitpymes.Core.Shared.Tests.dll" adapterTypeName="executor://mstestadapter/v2" className="Kitpymes.Core.Shared.Tests.GenericExtensionsTests" name="ToDefaultValue_Passing_float_Returns_Cero" />
    </UnitTest>
    <UnitTest name="IsUppercase_Passing_InvalidArguments_Returns_HasErrorsAndCount" storage="d:\sferrari\01 - trabajo\repos\netcore\template-netcore-shared\kitpymes.core.shared.tests\bin\debug\netcoreapp3.0\kitpymes.core.shared.tests.dll" id="b8bb90de-6285-0f1c-e0f2-f3ba1f987370">
      <Execution id="c8ab43f2-4963-418f-b02c-2a590b56703b" />
      <TestMethod codeBase="D:\SFERRARI\01 - TRABAJO\repos\netcore\template-netcore-shared\Kitpymes.Core.Shared.Tests\bin\Debug\netcoreapp3.0\Kitpymes.Core.Shared.Tests.dll" adapterTypeName="executor://mstestadapter/v2" className="Kitpymes.Core.Shared.Tests.CheckTests" name="IsUppercase_Passing_InvalidArguments_Returns_HasErrorsAndCount" />
    </UnitTest>
    <UnitTest name="ToGetAll_Passing_Claims_Returns_Claim_Value_String_List" storage="d:\sferrari\01 - trabajo\repos\netcore\template-netcore-shared\kitpymes.core.shared.tests\bin\debug\netcoreapp3.0\kitpymes.core.shared.tests.dll" id="4184a91b-5297-4872-2a98-1ef97e124515">
      <Execution id="1137211e-8107-4bc3-9533-8d9a816d8f70" />
      <TestMethod codeBase="D:\SFERRARI\01 - TRABAJO\repos\netcore\template-netcore-shared\Kitpymes.Core.Shared.Tests\bin\Debug\netcoreapp3.0\Kitpymes.Core.Shared.Tests.dll" adapterTypeName="executor://mstestadapter/v2" className="Kitpymes.Core.Shared.Tests.ClaimsPrincipalExtensionsTests" name="ToGetAll_Passing_Claims_Returns_Claim_Value_String_List" />
    </UnitTest>
    <UnitTest name="ToList_Passing_ValidEnumTypeWithResourceType_Returns_ValuesList" storage="d:\sferrari\01 - trabajo\repos\netcore\template-netcore-shared\kitpymes.core.shared.tests\bin\debug\netcoreapp3.0\kitpymes.core.shared.tests.dll" id="aaa46586-7b83-9a88-e835-ae92592f98a3">
      <Execution id="d0483078-3618-443b-9af3-9294510dcc04" />
      <TestMethod codeBase="D:\SFERRARI\01 - TRABAJO\repos\netcore\template-netcore-shared\Kitpymes.Core.Shared.Tests\bin\Debug\netcoreapp3.0\Kitpymes.Core.Shared.Tests.dll" adapterTypeName="executor://mstestadapter/v2" className="Kitpymes.Core.Shared.Tests.EnumsTests" name="ToList_Passing_ValidEnumTypeWithResourceType_Returns_ValuesList" />
    </UnitTest>
    <UnitTest name="IsHostname_Passing_ValidArguments_Returns_HasErrorsAndCount" storage="d:\sferrari\01 - trabajo\repos\netcore\template-netcore-shared\kitpymes.core.shared.tests\bin\debug\netcoreapp3.0\kitpymes.core.shared.tests.dll" id="46df7735-43c3-1f8d-197a-cd21c82e5889">
      <Execution id="20f071a7-8022-49b9-94f1-a32ce7dc44a5" />
      <TestMethod codeBase="D:\SFERRARI\01 - TRABAJO\repos\netcore\template-netcore-shared\Kitpymes.Core.Shared.Tests\bin\Debug\netcoreapp3.0\Kitpymes.Core.Shared.Tests.dll" adapterTypeName="executor://mstestadapter/v2" className="Kitpymes.Core.Shared.Tests.CheckTests" name="IsHostname_Passing_ValidArguments_Returns_HasErrorsAndCount" />
    </UnitTest>
    <UnitTest name="ToTomorrow_Passing_DateTime_Returns_Tomorrow_DateTime" storage="d:\sferrari\01 - trabajo\repos\netcore\template-netcore-shared\kitpymes.core.shared.tests\bin\debug\netcoreapp3.0\kitpymes.core.shared.tests.dll" id="c2d3c8df-32e7-92dc-91f8-057e8c4da6b9">
      <Execution id="00367ade-038d-4421-ae5b-15bf3047d76b" />
      <TestMethod codeBase="D:\SFERRARI\01 - TRABAJO\repos\netcore\template-netcore-shared\Kitpymes.Core.Shared.Tests\bin\Debug\netcoreapp3.0\Kitpymes.Core.Shared.Tests.dll" adapterTypeName="executor://mstestadapter/v2" className="Kitpymes.Core.Shared.Tests.DateTimeExtensionsTests" name="ToTomorrow_Passing_DateTime_Returns_Tomorrow_DateTime" />
    </UnitTest>
    <UnitTest name="ToFullMessage_Passing_ExceptionWithMessageWithInnerException_Returns_Full_Message" storage="d:\sferrari\01 - trabajo\repos\netcore\template-netcore-shared\kitpymes.core.shared.tests\bin\debug\netcoreapp3.0\kitpymes.core.shared.tests.dll" id="e1a72c94-958d-7abb-4a96-4b60b12f8157">
      <Execution id="906f65f2-75c7-4c40-8985-5a68f18536bd" />
      <TestMethod codeBase="D:\SFERRARI\01 - TRABAJO\repos\netcore\template-netcore-shared\Kitpymes.Core.Shared.Tests\bin\Debug\netcoreapp3.0\Kitpymes.Core.Shared.Tests.dll" adapterTypeName="executor://mstestadapter/v2" className="Kitpymes.Core.Shared.Tests.ExceptionExtensionsTests" name="ToFullMessage_Passing_ExceptionWithMessageWithInnerException_Returns_Full_Message" />
    </UnitTest>
    <UnitTest name="ToAuthenticationType_Passing_Claims_Returns_Null" storage="d:\sferrari\01 - trabajo\repos\netcore\template-netcore-shared\kitpymes.core.shared.tests\bin\debug\netcoreapp3.0\kitpymes.core.shared.tests.dll" id="34e0940c-fc9c-71db-fc18-7d52ee8761a0">
      <Execution id="1914eebe-1485-4981-aa2a-fab1a7c92eae" />
      <TestMethod codeBase="D:\SFERRARI\01 - TRABAJO\repos\netcore\template-netcore-shared\Kitpymes.Core.Shared.Tests\bin\Debug\netcoreapp3.0\Kitpymes.Core.Shared.Tests.dll" adapterTypeName="executor://mstestadapter/v2" className="Kitpymes.Core.Shared.Tests.ClaimsPrincipalExtensionsTests" name="ToAuthenticationType_Passing_Claims_Returns_Null" />
    </UnitTest>
    <UnitTest name="IsRange_Passing_InvalidArguments_Returns_HasErrorsAndCount" storage="d:\sferrari\01 - trabajo\repos\netcore\template-netcore-shared\kitpymes.core.shared.tests\bin\debug\netcoreapp3.0\kitpymes.core.shared.tests.dll" id="8a5cc6e0-e73e-2131-64bd-e73fc6c2a32e">
      <Execution id="b58a40ab-b4c2-41fd-9245-da79c425eb2e" />
      <TestMethod codeBase="D:\SFERRARI\01 - TRABAJO\repos\netcore\template-netcore-shared\Kitpymes.Core.Shared.Tests\bin\Debug\netcoreapp3.0\Kitpymes.Core.Shared.Tests.dll" adapterTypeName="executor://mstestadapter/v2" className="Kitpymes.Core.Shared.Tests.CheckTests" name="IsRange_Passing_InvalidArguments_Returns_HasErrorsAndCount" />
    </UnitTest>
    <UnitTest name="IsDigit_Passing_InvalidArguments_Returns_HasErrorsAndCount" storage="d:\sferrari\01 - trabajo\repos\netcore\template-netcore-shared\kitpymes.core.shared.tests\bin\debug\netcoreapp3.0\kitpymes.core.shared.tests.dll" id="f2d267b8-d5a7-6c91-de6d-813182908c7f">
      <Execution id="ed1d95e9-d197-426e-b77a-8363d1b7c517" />
      <TestMethod codeBase="D:\SFERRARI\01 - TRABAJO\repos\netcore\template-netcore-shared\Kitpymes.Core.Shared.Tests\bin\Debug\netcoreapp3.0\Kitpymes.Core.Shared.Tests.dll" adapterTypeName="executor://mstestadapter/v2" className="Kitpymes.Core.Shared.Tests.CheckTests" name="IsDigit_Passing_InvalidArguments_Returns_HasErrorsAndCount" />
    </UnitTest>
    <UnitTest name="ResultOkData" storage="d:\sferrari\01 - trabajo\repos\netcore\template-netcore-shared\kitpymes.core.shared.tests\bin\debug\netcoreapp3.0\kitpymes.core.shared.tests.dll" id="0a999e9b-220b-0f64-a533-84896c20ce13">
      <Execution id="06873f53-1f0c-4644-94cd-8b6eb703fc93" />
      <TestMethod codeBase="D:\SFERRARI\01 - TRABAJO\repos\netcore\template-netcore-shared\Kitpymes.Core.Shared.Tests\bin\Debug\netcoreapp3.0\Kitpymes.Core.Shared.Tests.dll" adapterTypeName="executor://mstestadapter/v2" className="Kitpymes.Core.Shared.Tests.ResultTest" name="ResultOkData" />
    </UnitTest>
    <UnitTest name="ToDeserialize_Passing_String_Returns_Object" storage="d:\sferrari\01 - trabajo\repos\netcore\template-netcore-shared\kitpymes.core.shared.tests\bin\debug\netcoreapp3.0\kitpymes.core.shared.tests.dll" id="678a7b5d-e2f9-09be-f35f-0e3e4d5ad033">
      <Execution id="fb02fd02-f4ea-41b5-8da9-dbc73b653637" />
      <TestMethod codeBase="D:\SFERRARI\01 - TRABAJO\repos\netcore\template-netcore-shared\Kitpymes.Core.Shared.Tests\bin\Debug\netcoreapp3.0\Kitpymes.Core.Shared.Tests.dll" adapterTypeName="executor://mstestadapter/v2" className="Kitpymes.Core.Shared.Tests.JsonExtensionsTests" name="ToDeserialize_Passing_String_Returns_Object" />
    </UnitTest>
    <UnitTest name="ToDefaultValue_Passing_ValidString_Returns_DefaultValue" storage="d:\sferrari\01 - trabajo\repos\netcore\template-netcore-shared\kitpymes.core.shared.tests\bin\debug\netcoreapp3.0\kitpymes.core.shared.tests.dll" id="579b7361-19a9-f329-acb3-de102dcfc793">
      <Execution id="0264e66f-c09c-4247-9474-15c879d419fb" />
      <TestMethod codeBase="D:\SFERRARI\01 - TRABAJO\repos\netcore\template-netcore-shared\Kitpymes.Core.Shared.Tests\bin\Debug\netcoreapp3.0\Kitpymes.Core.Shared.Tests.dll" adapterTypeName="executor://mstestadapter/v2" className="Kitpymes.Core.Shared.Tests.TypeExtensionsTests" name="ToDefaultValue_Passing_ValidString_Returns_DefaultValue" />
    </UnitTest>
    <UnitTest name="ToList_Passing_ValidEnumTypeWithSelectedValue_Returns_ValuesList" storage="d:\sferrari\01 - trabajo\repos\netcore\template-netcore-shared\kitpymes.core.shared.tests\bin\debug\netcoreapp3.0\kitpymes.core.shared.tests.dll" id="b871cd27-681f-8d07-6c2a-809341ba2909">
      <Execution id="feb471cb-46bb-4223-b666-f4bd5569b1b4" />
      <TestMethod codeBase="D:\SFERRARI\01 - TRABAJO\repos\netcore\template-netcore-shared\Kitpymes.Core.Shared.Tests\bin\Debug\netcoreapp3.0\Kitpymes.Core.Shared.Tests.dll" adapterTypeName="executor://mstestadapter/v2" className="Kitpymes.Core.Shared.Tests.EnumsTests" name="ToList_Passing_ValidEnumTypeWithSelectedValue_Returns_ValuesList" />
    </UnitTest>
    <UnitTest name="ToInt_Passing_ValidValueString_Returns_Int" storage="d:\sferrari\01 - trabajo\repos\netcore\template-netcore-shared\kitpymes.core.shared.tests\bin\debug\netcoreapp3.0\kitpymes.core.shared.tests.dll" id="ae09f98c-257a-b9e5-5b0b-16344b7adf1c">
      <Execution id="ce312417-2906-49ad-99ac-4fc22ec2d70b" />
      <TestMethod codeBase="D:\SFERRARI\01 - TRABAJO\repos\netcore\template-netcore-shared\Kitpymes.Core.Shared.Tests\bin\Debug\netcoreapp3.0\Kitpymes.Core.Shared.Tests.dll" adapterTypeName="executor://mstestadapter/v2" className="Kitpymes.Core.Shared.Tests.StringExtensionsTests" name="ToInt_Passing_ValidValueString_Returns_Int" />
    </UnitTest>
    <UnitTest name="ToEnum_Passing_ValidValueInt_Returns_EnumValue" storage="d:\sferrari\01 - trabajo\repos\netcore\template-netcore-shared\kitpymes.core.shared.tests\bin\debug\netcoreapp3.0\kitpymes.core.shared.tests.dll" id="96f263a8-e1d9-0070-21ba-583144d2d030">
      <Execution id="484d2538-f4e7-4960-b2f9-087c36ecad91" />
      <TestMethod codeBase="D:\SFERRARI\01 - TRABAJO\repos\netcore\template-netcore-shared\Kitpymes.Core.Shared.Tests\bin\Debug\netcoreapp3.0\Kitpymes.Core.Shared.Tests.dll" adapterTypeName="executor://mstestadapter/v2" className="Kitpymes.Core.Shared.Tests.StringExtensionsTests" name="ToEnum_Passing_ValidValueInt_Returns_EnumValue" />
    </UnitTest>
    <UnitTest name="IsNullOrAny_Passing_InvalidArguments_Returns_HasErrorsAndCount" storage="d:\sferrari\01 - trabajo\repos\netcore\template-netcore-shared\kitpymes.core.shared.tests\bin\debug\netcoreapp3.0\kitpymes.core.shared.tests.dll" id="922c5a5d-5d46-b5de-bcbd-4fac0addd422">
      <Execution id="2772b3ea-1790-41de-a333-27fad2668caa" />
      <TestMethod codeBase="D:\SFERRARI\01 - TRABAJO\repos\netcore\template-netcore-shared\Kitpymes.Core.Shared.Tests\bin\Debug\netcoreapp3.0\Kitpymes.Core.Shared.Tests.dll" adapterTypeName="executor://mstestadapter/v2" className="Kitpymes.Core.Shared.Tests.CheckTests" name="IsNullOrAny_Passing_InvalidArguments_Returns_HasErrorsAndCount" />
    </UnitTest>
    <UnitTest name="ToDetails_Passing_HttpContext_Returns_Details_HttpContext" storage="d:\sferrari\01 - trabajo\repos\netcore\template-netcore-shared\kitpymes.core.shared.tests\bin\debug\netcoreapp3.0\kitpymes.core.shared.tests.dll" id="4ff63349-9eef-ad1f-85cf-a84cda1ff120">
      <Execution id="4538e755-bffb-4f96-aa90-61dd3e056010" />
      <TestMethod codeBase="D:\SFERRARI\01 - TRABAJO\repos\netcore\template-netcore-shared\Kitpymes.Core.Shared.Tests\bin\Debug\netcoreapp3.0\Kitpymes.Core.Shared.Tests.dll" adapterTypeName="executor://mstestadapter/v2" className="Kitpymes.Core.Shared.Tests.HttpContextExtensionsTests" name="ToDetails_Passing_HttpContext_Returns_Details_HttpContext" />
    </UnitTest>
    <UnitTest name="ToSetTime_Passing_Time_String_Returns_DateTime" storage="d:\sferrari\01 - trabajo\repos\netcore\template-netcore-shared\kitpymes.core.shared.tests\bin\debug\netcoreapp3.0\kitpymes.core.shared.tests.dll" id="34931354-7c25-7812-28fe-96ea501746b4">
      <Execution id="a8cb3de0-87bb-4dc7-8aa3-1b822cb7d157" />
      <TestMethod codeBase="D:\SFERRARI\01 - TRABAJO\repos\netcore\template-netcore-shared\Kitpymes.Core.Shared.Tests\bin\Debug\netcoreapp3.0\Kitpymes.Core.Shared.Tests.dll" adapterTypeName="executor://mstestadapter/v2" className="Kitpymes.Core.Shared.Tests.DateTimeExtensionsTests" name="ToSetTime_Passing_Time_String_Returns_DateTime" />
    </UnitTest>
    <UnitTest name="ToUserName_Passing_Invalid_ClaimsPrincipal_Returns_Null" storage="d:\sferrari\01 - trabajo\repos\netcore\template-netcore-shared\kitpymes.core.shared.tests\bin\debug\netcoreapp3.0\kitpymes.core.shared.tests.dll" id="26cc48e2-5e82-bc12-cf41-e3a984599b8d">
      <Execution id="c654aad4-d235-4ada-baec-d0c1dc157792" />
      <TestMethod codeBase="D:\SFERRARI\01 - TRABAJO\repos\netcore\template-netcore-shared\Kitpymes.Core.Shared.Tests\bin\Debug\netcoreapp3.0\Kitpymes.Core.Shared.Tests.dll" adapterTypeName="executor://mstestadapter/v2" className="Kitpymes.Core.Shared.Tests.ClaimsPrincipalExtensionsTests" name="ToUserName_Passing_Invalid_ClaimsPrincipal_Returns_Null" />
    </UnitTest>
    <UnitTest name="ToFirstLetterUpper_Passing_ValidValue_Returns_StringWithFirstLetterUpper" storage="d:\sferrari\01 - trabajo\repos\netcore\template-netcore-shared\kitpymes.core.shared.tests\bin\debug\netcoreapp3.0\kitpymes.core.shared.tests.dll" id="5517211d-203c-115f-7dc1-6f48da8ab75b">
      <Execution id="951df4da-61dc-4950-9b3a-5b99fca2007e" />
      <TestMethod codeBase="D:\SFERRARI\01 - TRABAJO\repos\netcore\template-netcore-shared\Kitpymes.Core.Shared.Tests\bin\Debug\netcoreapp3.0\Kitpymes.Core.Shared.Tests.dll" adapterTypeName="executor://mstestadapter/v2" className="Kitpymes.Core.Shared.Tests.StringExtensionsTests" name="ToFirstLetterUpper_Passing_ValidValue_Returns_StringWithFirstLetterUpper" />
    </UnitTest>
    <UnitTest name="ToConfiguration_Passing_Invalid_DirectoryPath_Returns_ApplicationException" storage="d:\sferrari\01 - trabajo\repos\netcore\template-netcore-shared\kitpymes.core.shared.tests\bin\debug\netcoreapp3.0\kitpymes.core.shared.tests.dll" id="73904cd7-b09d-89fc-efca-330cb9d1d1b7">
      <Execution id="adf1dfef-0f21-417c-996a-8e78a3b3a5bc" />
      <TestMethod codeBase="D:\SFERRARI\01 - TRABAJO\repos\netcore\template-netcore-shared\Kitpymes.Core.Shared.Tests\bin\Debug\netcoreapp3.0\Kitpymes.Core.Shared.Tests.dll" adapterTypeName="executor://mstestadapter/v2" className="Kitpymes.Core.Shared.Tests.ConfigurationBuilderExtensionsTests" name="ToConfiguration_Passing_Invalid_DirectoryPath_Returns_ApplicationException" />
    </UnitTest>
    <UnitTest name="ToInt_Passing_InvalidValueString_Returns_Null" storage="d:\sferrari\01 - trabajo\repos\netcore\template-netcore-shared\kitpymes.core.shared.tests\bin\debug\netcoreapp3.0\kitpymes.core.shared.tests.dll" id="2799ef62-9686-0dc7-84d2-73639b0030f7">
      <Execution id="3a0b0238-f40e-4c69-b07f-12c4e523ab6d" />
      <TestMethod codeBase="D:\SFERRARI\01 - TRABAJO\repos\netcore\template-netcore-shared\Kitpymes.Core.Shared.Tests\bin\Debug\netcoreapp3.0\Kitpymes.Core.Shared.Tests.dll" adapterTypeName="executor://mstestadapter/v2" className="Kitpymes.Core.Shared.Tests.StringExtensionsTests" name="ToInt_Passing_InvalidValueString_Returns_Null" />
    </UnitTest>
    <UnitTest name="ToPaged_Passing_Age_Ascending_Order_Returns_Filter_List" storage="d:\sferrari\01 - trabajo\repos\netcore\template-netcore-shared\kitpymes.core.shared.tests\bin\debug\netcoreapp3.0\kitpymes.core.shared.tests.dll" id="f0f37a42-1a3a-10a5-5f17-e01b9915abd3">
      <Execution id="c8878518-788a-4180-9e41-b45526e3a4c1" />
      <TestMethod codeBase="D:\SFERRARI\01 - TRABAJO\repos\netcore\template-netcore-shared\Kitpymes.Core.Shared.Tests\bin\Debug\netcoreapp3.0\Kitpymes.Core.Shared.Tests.dll" adapterTypeName="executor://mstestadapter/v2" className="Kitpymes.Core.Shared.Tests.QueryableExtensionsTests" name="ToPaged_Passing_Age_Ascending_Order_Returns_Filter_List" />
    </UnitTest>
  </TestDefinitions>
  <TestEntries>
    <TestEntry testId="aeb559a5-c285-7ab9-baee-1cb152d1742f" executionId="4fd01eaf-99a2-4c93-aa29-2fbd5b040751" testListId="8c84fa94-04c1-424b-9868-57a2d4851a1d" />
    <TestEntry testId="8fbac209-421a-f9fa-c5fe-97403aedb24e" executionId="43798eff-816a-4354-a79e-84376f167b9f" testListId="8c84fa94-04c1-424b-9868-57a2d4851a1d" />
    <TestEntry testId="27cc1a96-8264-8762-05bc-aa63ccb155d7" executionId="db545a2d-618b-4f88-b1ad-3cc008fb1b3a" testListId="8c84fa94-04c1-424b-9868-57a2d4851a1d" />
    <TestEntry testId="7a313c49-8adc-98e3-cdda-86b900f0ade6" executionId="4da73048-53c8-4b81-b9c8-965a1171161d" testListId="8c84fa94-04c1-424b-9868-57a2d4851a1d" />
    <TestEntry testId="15fe55e5-cdce-6280-ea15-ef777735767c" executionId="2b5cfa19-52aa-407d-a725-da03c2cf1113" testListId="8c84fa94-04c1-424b-9868-57a2d4851a1d" />
    <TestEntry testId="98331ff8-6ed1-e7ba-c8dd-be5bd5b6cb2c" executionId="7c60e005-3716-4229-8fba-1d59bf1824de" testListId="8c84fa94-04c1-424b-9868-57a2d4851a1d" />
    <TestEntry testId="0b00f09d-f7e4-fb1e-68ad-8102cf6143e0" executionId="fa6e3b5f-351f-43f8-b794-501914d9a8ce" testListId="8c84fa94-04c1-424b-9868-57a2d4851a1d" />
    <TestEntry testId="73904cd7-b09d-89fc-efca-330cb9d1d1b7" executionId="adf1dfef-0f21-417c-996a-8e78a3b3a5bc" testListId="8c84fa94-04c1-424b-9868-57a2d4851a1d" />
    <TestEntry testId="40108f40-2761-0a89-d16d-ad113b5f3dd5" executionId="feef6d5d-ef44-438c-b033-c7f37cbf5727" testListId="8c84fa94-04c1-424b-9868-57a2d4851a1d" />
    <TestEntry testId="b8bb90de-6285-0f1c-e0f2-f3ba1f987370" executionId="c8ab43f2-4963-418f-b02c-2a590b56703b" testListId="8c84fa94-04c1-424b-9868-57a2d4851a1d" />
    <TestEntry testId="1761ee10-7c34-b565-b889-1885bffe91c3" executionId="78350d52-7487-4c39-9118-37c91c42e1aa" testListId="8c84fa94-04c1-424b-9868-57a2d4851a1d" />
    <TestEntry testId="65b9c427-b5ec-99b4-199a-0093cd460501" executionId="dbfe37bf-39b0-4565-b89b-0a592b6640b0" testListId="8c84fa94-04c1-424b-9868-57a2d4851a1d" />
    <TestEntry testId="ac572b27-5286-68a4-5380-d7de82fbf69a" executionId="44685dde-4278-4fbf-9978-dc2a3e39a3a2" testListId="8c84fa94-04c1-424b-9868-57a2d4851a1d" />
    <TestEntry testId="26cc48e2-5e82-bc12-cf41-e3a984599b8d" executionId="c654aad4-d235-4ada-baec-d0c1dc157792" testListId="8c84fa94-04c1-424b-9868-57a2d4851a1d" />
    <TestEntry testId="29295413-2308-fade-9c98-0e9ed6c67839" executionId="2205c4b2-e6e1-4fb1-b5ac-60ce3fd3617e" testListId="8c84fa94-04c1-424b-9868-57a2d4851a1d" />
    <TestEntry testId="f2d267b8-d5a7-6c91-de6d-813182908c7f" executionId="ed1d95e9-d197-426e-b77a-8363d1b7c517" testListId="8c84fa94-04c1-424b-9868-57a2d4851a1d" />
    <TestEntry testId="180814cc-22f9-91b2-cd9a-f54be7e1ba18" executionId="06303708-35f2-45d9-8524-0ab3473ef3dd" testListId="8c84fa94-04c1-424b-9868-57a2d4851a1d" />
    <TestEntry testId="2799ef62-9686-0dc7-84d2-73639b0030f7" executionId="3a0b0238-f40e-4c69-b07f-12c4e523ab6d" testListId="8c84fa94-04c1-424b-9868-57a2d4851a1d" />
    <TestEntry testId="3e6d6aa9-9b6d-dd96-b54c-49f88780a2b4" executionId="a2283ea5-b8c4-44be-afa7-fdb8f3ab307e" testListId="8c84fa94-04c1-424b-9868-57a2d4851a1d" />
    <TestEntry testId="0c633595-70e8-b011-5a46-c9c7e1687cb9" executionId="45a5dbe2-fb7f-4fb9-aae6-6a17a9e2cbdc" testListId="8c84fa94-04c1-424b-9868-57a2d4851a1d" />
    <TestEntry testId="4234610b-215b-41f7-e61d-4a82851bdfa3" executionId="d85d2e63-8bdb-419c-92d3-a9c2329a8d09" testListId="8c84fa94-04c1-424b-9868-57a2d4851a1d" />
    <TestEntry testId="42ded375-26ee-044e-44a7-9eab5e4cd342" executionId="1dcecbbc-074d-40b6-8d5c-711403a201b3" testListId="8c84fa94-04c1-424b-9868-57a2d4851a1d" />
    <TestEntry testId="64bc1554-814c-3c40-a6b0-679b40b89c36" executionId="2f542480-c179-4304-9ae0-53b449e2aeb9" testListId="8c84fa94-04c1-424b-9868-57a2d4851a1d" />
    <TestEntry testId="10024a68-25d4-872c-3e48-a6d6b2671494" executionId="ac6cb8ce-4853-4d82-9558-562cb146a3ab" testListId="8c84fa94-04c1-424b-9868-57a2d4851a1d" />
    <TestEntry testId="bf8f6922-5666-8ec7-1500-aabd5997d6a4" executionId="1edcee65-87b8-406a-9f25-42775b826fd8" testListId="8c84fa94-04c1-424b-9868-57a2d4851a1d" />
    <TestEntry testId="5c861184-f295-e727-0fd4-d218f13da14d" executionId="f4a98da5-c192-417c-8118-84db58bb6616" testListId="8c84fa94-04c1-424b-9868-57a2d4851a1d" />
    <TestEntry testId="1f6423c7-4317-6f5b-c112-f4c9c7e822af" executionId="91f81484-4653-4700-b255-6980e8d60036" testListId="8c84fa94-04c1-424b-9868-57a2d4851a1d" />
    <TestEntry testId="6c59b811-73c0-2540-9661-8c8f2a459ff2" executionId="0261348a-19e7-4186-bcd9-c2b3aaaf97e7" testListId="8c84fa94-04c1-424b-9868-57a2d4851a1d" />
    <TestEntry testId="459f13f4-e266-2f20-5c30-d2c64797095d" executionId="08b2e47c-e680-47dd-9615-b4f37cc2cc75" testListId="8c84fa94-04c1-424b-9868-57a2d4851a1d" />
    <TestEntry testId="056700a7-2506-75ed-a80a-ddf2ddb5d2a8" executionId="80e5b604-2f58-41ca-81c8-6ce9081dd1f0" testListId="8c84fa94-04c1-424b-9868-57a2d4851a1d" />
    <TestEntry testId="074815db-ddf2-9c1f-0fef-7f709183591e" executionId="ec384546-c1c1-46a3-8c49-bd6f5a9ea2c4" testListId="8c84fa94-04c1-424b-9868-57a2d4851a1d" />
    <TestEntry testId="05e5e57c-db71-e28f-a271-06b575e1a9ca" executionId="cbc922b1-f3e0-4175-b6d5-ba8aa8c78353" testListId="8c84fa94-04c1-424b-9868-57a2d4851a1d" />
    <TestEntry testId="9064672f-1220-7bc0-f2b0-c66c74cccc5e" executionId="4c9f2227-628e-4f7a-ab52-9f4cd9f62589" testListId="8c84fa94-04c1-424b-9868-57a2d4851a1d" />
    <TestEntry testId="1f173fff-9060-8c18-f825-225901225244" executionId="bd78f402-ce26-4e90-a48e-9370f1048bd0" testListId="8c84fa94-04c1-424b-9868-57a2d4851a1d" />
    <TestEntry testId="1340b308-d9eb-a26e-e042-04d6c1d9a958" executionId="6136f3e2-9248-4e6f-ad50-2a41452b6005" testListId="8c84fa94-04c1-424b-9868-57a2d4851a1d" />
    <TestEntry testId="69b6ed05-fdf2-6989-0583-109b4777a6ac" executionId="97f8061f-b439-417d-8e44-b9e42f4ab0b0" testListId="8c84fa94-04c1-424b-9868-57a2d4851a1d" />
    <TestEntry testId="46cc46f0-c0e1-f3e6-2242-cdef90a4249a" executionId="ea20385b-05fd-4c84-b814-273e65870d04" testListId="8c84fa94-04c1-424b-9868-57a2d4851a1d" />
    <TestEntry testId="0a999e9b-220b-0f64-a533-84896c20ce13" executionId="06873f53-1f0c-4644-94cd-8b6eb703fc93" testListId="8c84fa94-04c1-424b-9868-57a2d4851a1d" />
    <TestEntry testId="08c27b3b-1061-f465-c841-31a005ad7bc3" executionId="e95e6dfb-532e-41be-9efd-0d9bc66f5355" testListId="8c84fa94-04c1-424b-9868-57a2d4851a1d" />
    <TestEntry testId="0cb5eb43-9273-0bdf-bd18-53b184535503" executionId="ebe0e62c-88fc-4850-b326-c386f9ca5d33" testListId="8c84fa94-04c1-424b-9868-57a2d4851a1d" />
    <TestEntry testId="34931354-7c25-7812-28fe-96ea501746b4" executionId="a8cb3de0-87bb-4dc7-8aa3-1b822cb7d157" testListId="8c84fa94-04c1-424b-9868-57a2d4851a1d" />
    <TestEntry testId="fa00d2a8-59b9-ad9e-caa1-a0c9e3156db1" executionId="d3042521-3952-4394-bafe-f6dafe35a86b" testListId="8c84fa94-04c1-424b-9868-57a2d4851a1d" />
    <TestEntry testId="3443f7f5-ee1a-f375-e5b1-f7ffa940c0db" executionId="73c783b2-b196-4c63-b95c-4566d832a768" testListId="8c84fa94-04c1-424b-9868-57a2d4851a1d" />
    <TestEntry testId="e1a72c94-958d-7abb-4a96-4b60b12f8157" executionId="906f65f2-75c7-4c40-8985-5a68f18536bd" testListId="8c84fa94-04c1-424b-9868-57a2d4851a1d" />
    <TestEntry testId="9e36eef1-cde7-a509-c95d-2249b6b02dbb" executionId="6ab9d537-a8a8-45fc-a98b-649b6587e2d5" testListId="8c84fa94-04c1-424b-9868-57a2d4851a1d" />
    <TestEntry testId="43c10c64-8836-30db-afbe-d1657a7dd9d8" executionId="a82945ab-0a47-468b-ab63-05ff03d0ea2f" testListId="8c84fa94-04c1-424b-9868-57a2d4851a1d" />
    <TestEntry testId="1064d8aa-5d0e-6bf5-83ee-952a4d1fd93b" executionId="e9e51bbc-aeb7-41ec-9340-b5412a8f30b3" testListId="8c84fa94-04c1-424b-9868-57a2d4851a1d" />
    <TestEntry testId="432377b9-b0ad-9a2a-6dc2-e1069e73c449" executionId="bfc5f905-ec53-47b0-b78a-d8c0c27d216c" testListId="8c84fa94-04c1-424b-9868-57a2d4851a1d" />
    <TestEntry testId="7dc20d31-477c-3765-83c0-7575a504da96" executionId="3c97d445-b2c8-4351-b944-f6f5c55e14ac" testListId="8c84fa94-04c1-424b-9868-57a2d4851a1d" />
    <TestEntry testId="635e001f-2a50-f191-84e2-e81cd2000fdf" executionId="783e0f5c-fa23-4c3b-b5e9-f17c96330abc" testListId="8c84fa94-04c1-424b-9868-57a2d4851a1d" />
    <TestEntry testId="19a313ce-6632-bd6f-bb7e-c2dc7bcf20eb" executionId="d598774c-7e98-4d8e-a94b-cea9874e4a04" testListId="8c84fa94-04c1-424b-9868-57a2d4851a1d" />
    <TestEntry testId="f828057e-351a-48b7-0028-e57f15c7217e" executionId="3a82b3f8-e313-4782-8908-8b834e4b2d19" testListId="8c84fa94-04c1-424b-9868-57a2d4851a1d" />
    <TestEntry testId="297c060d-406b-f933-91fe-dfd3459b8ace" executionId="8376d7a3-23a2-4bf0-8c92-67539388f06f" testListId="8c84fa94-04c1-424b-9868-57a2d4851a1d" />
    <TestEntry testId="ab527057-69f2-0a9a-89fd-18928a3920fd" executionId="db04b4d0-4dd4-4725-bf2c-ca11c99c6562" testListId="8c84fa94-04c1-424b-9868-57a2d4851a1d" />
    <TestEntry testId="8381ae52-050c-b801-64b1-7c621deb91d8" executionId="2f3e3cd4-e1ee-488a-824a-dde6d545afc5" testListId="8c84fa94-04c1-424b-9868-57a2d4851a1d" />
    <TestEntry testId="1237bc5f-42ea-8c7f-8602-051620acda95" executionId="dbb2d4ae-2f87-4610-949f-00a3b27de6c6" testListId="8c84fa94-04c1-424b-9868-57a2d4851a1d" />
    <TestEntry testId="b9a89fa2-355c-e886-bec5-28d3cf549be6" executionId="eb8abe18-3c48-4c55-ad5c-191793dfddbc" testListId="8c84fa94-04c1-424b-9868-57a2d4851a1d" />
    <TestEntry testId="e039115b-c8b8-3957-476b-74380195718a" executionId="f4fdf3b6-cd77-4e29-a224-d31c82132dce" testListId="8c84fa94-04c1-424b-9868-57a2d4851a1d" />
    <TestEntry testId="f0f37a42-1a3a-10a5-5f17-e01b9915abd3" executionId="c8878518-788a-4180-9e41-b45526e3a4c1" testListId="8c84fa94-04c1-424b-9868-57a2d4851a1d" />
    <TestEntry testId="d51ea295-e896-101a-6578-05ae772bcbfb" executionId="db0cc0d5-4ba2-4f4d-803d-13f4e42c028e" testListId="8c84fa94-04c1-424b-9868-57a2d4851a1d" />
    <TestEntry testId="4d9bde6c-668c-a1d3-dc60-edcfc6a4082c" executionId="68b0b9a0-e3d0-49db-93aa-733f48ea7fd5" testListId="8c84fa94-04c1-424b-9868-57a2d4851a1d" />
    <TestEntry testId="856fd0c8-b6f8-9265-ccfd-2a9e615488e2" executionId="aaaadfbf-0347-4591-b76f-3c3126b41bc6" testListId="8c84fa94-04c1-424b-9868-57a2d4851a1d" />
    <TestEntry testId="d6d04f4a-9142-b816-d673-c4abf49a39ad" executionId="87da96f1-b510-4503-90c2-87c196f46b2f" testListId="8c84fa94-04c1-424b-9868-57a2d4851a1d" />
    <TestEntry testId="96f263a8-e1d9-0070-21ba-583144d2d030" executionId="484d2538-f4e7-4960-b2f9-087c36ecad91" testListId="8c84fa94-04c1-424b-9868-57a2d4851a1d" />
    <TestEntry testId="c8fd6d3c-b723-929b-f175-dbdc2a7be855" executionId="6885484b-775c-42e3-8d03-ecbbdf5b99f6" testListId="8c84fa94-04c1-424b-9868-57a2d4851a1d" />
    <TestEntry testId="4315ebd1-3e2a-edf0-9de6-c78f08760fe3" executionId="34bfe36e-7c57-4529-8e9b-39ce10d18775" testListId="8c84fa94-04c1-424b-9868-57a2d4851a1d" />
    <TestEntry testId="1c5fe271-1e90-52f5-1f31-436b17e57702" executionId="1e37e436-6a06-47f6-b7e4-8bce348fe873" testListId="8c84fa94-04c1-424b-9868-57a2d4851a1d" />
    <TestEntry testId="8dccdb77-e6a8-58c6-9bd0-108f87c5ff65" executionId="19ce0962-da9c-4270-9b9f-2091977f4858" testListId="8c84fa94-04c1-424b-9868-57a2d4851a1d" />
    <TestEntry testId="845c887e-a785-555d-db89-1c2975a33bbb" executionId="67164135-d5a6-42c7-8791-1340b72af07f" testListId="8c84fa94-04c1-424b-9868-57a2d4851a1d" />
    <TestEntry testId="53cbdd8e-a1ef-5d22-8745-938609ed19c2" executionId="696e95af-db2f-40ee-af9c-6ff0dfc1b29e" testListId="8c84fa94-04c1-424b-9868-57a2d4851a1d" />
    <TestEntry testId="e93b141b-fdfd-0f98-21e5-3eb211b6e88b" executionId="42812b0b-3548-4cfd-a6b4-987fab8fac82" testListId="8c84fa94-04c1-424b-9868-57a2d4851a1d" />
    <TestEntry testId="4a2e80a7-472b-b7f7-ba61-ac77aed5735d" executionId="9e28c20d-feaa-4b11-8ef9-9adaf0e5a5f9" testListId="8c84fa94-04c1-424b-9868-57a2d4851a1d" />
    <TestEntry testId="209cbba1-d5fa-4810-2cb6-ee92ce2e109d" executionId="dd20a733-d462-48fe-b0c2-6b531ad9156d" testListId="8c84fa94-04c1-424b-9868-57a2d4851a1d" />
    <TestEntry testId="772d3145-280a-fb9f-03c2-247d0f593a66" executionId="326ba4a8-3155-4766-82c1-9d96a5543ee6" testListId="8c84fa94-04c1-424b-9868-57a2d4851a1d" />
    <TestEntry testId="6fc389b2-a5f3-ded0-63b6-7e1b4cca8442" executionId="a39b9245-71cf-4aab-bff5-57ae0c6f8ee5" testListId="8c84fa94-04c1-424b-9868-57a2d4851a1d" />
    <TestEntry testId="760ae14b-6c0d-0288-811d-408b67937415" executionId="6d2f1252-1589-4bd8-b316-187baea6cf3e" testListId="8c84fa94-04c1-424b-9868-57a2d4851a1d" />
    <TestEntry testId="8a110a46-40a4-c9bb-083e-1c3fcb5b45b7" executionId="cc3409a0-de5e-4fb5-8321-fe1d69834688" testListId="8c84fa94-04c1-424b-9868-57a2d4851a1d" />
    <TestEntry testId="d7c20db6-f712-8539-ac01-01e8f4033fac" executionId="9603dfff-87fe-4569-8ec5-59267c2ed74e" testListId="8c84fa94-04c1-424b-9868-57a2d4851a1d" />
    <TestEntry testId="9eeef095-29ed-4872-a36c-ca4832350421" executionId="8474ecd1-4edf-4762-9dce-d21abf2f6292" testListId="8c84fa94-04c1-424b-9868-57a2d4851a1d" />
    <TestEntry testId="77fe17c3-3cf8-a189-4d95-b2e0d3ca9579" executionId="b4681b25-27bd-413f-9e52-34c544db514d" testListId="8c84fa94-04c1-424b-9868-57a2d4851a1d" />
    <TestEntry testId="801afd1a-5f3d-0d0c-471a-96452bf5bc35" executionId="6a6fd187-bfd3-4a5e-bf96-f5d742449b01" testListId="8c84fa94-04c1-424b-9868-57a2d4851a1d" />
    <TestEntry testId="a0ed43cd-0648-ddf9-c80e-52c6889ee049" executionId="13eab0c2-f4f0-4aeb-acb5-a4fe55e6a573" testListId="8c84fa94-04c1-424b-9868-57a2d4851a1d" />
    <TestEntry testId="0696fab6-6d9f-2b85-4a73-248fbd1cdda4" executionId="a29b0c5b-30ec-4386-b307-9dd0a5fde0e3" testListId="8c84fa94-04c1-424b-9868-57a2d4851a1d" />
    <TestEntry testId="225c09bd-86d5-d9ce-d2b8-18431ca384e3" executionId="7d975fd7-e624-4f33-970f-035f03c69e0c" testListId="8c84fa94-04c1-424b-9868-57a2d4851a1d" />
    <TestEntry testId="b871cd27-681f-8d07-6c2a-809341ba2909" executionId="feb471cb-46bb-4223-b666-f4bd5569b1b4" testListId="8c84fa94-04c1-424b-9868-57a2d4851a1d" />
    <TestEntry testId="6088101f-62c5-69c8-6751-05523b132d06" executionId="3461c272-059a-4db8-aa33-9c7cc02657a1" testListId="8c84fa94-04c1-424b-9868-57a2d4851a1d" />
    <TestEntry testId="430dec51-b9df-7e06-fff9-78e6d362c2d8" executionId="3aa87480-f260-45c3-a260-6f820165c4ba" testListId="8c84fa94-04c1-424b-9868-57a2d4851a1d" />
    <TestEntry testId="4a3afd90-c6ab-e82e-40d8-b40450680318" executionId="9eb19b77-c36f-4d72-82ae-2ea0b1646c50" testListId="8c84fa94-04c1-424b-9868-57a2d4851a1d" />
    <TestEntry testId="334e3485-05b4-4549-cacd-aef8fff10757" executionId="3779d679-e03b-44e9-bd97-f789e8254c4b" testListId="8c84fa94-04c1-424b-9868-57a2d4851a1d" />
    <TestEntry testId="87c5dbd3-fd2a-1e49-42e5-8dc78affc8d6" executionId="a202d637-e85b-41c2-8f8f-676cb2dd4ab7" testListId="8c84fa94-04c1-424b-9868-57a2d4851a1d" />
    <TestEntry testId="5385d994-9594-6052-11cb-73f8d2344981" executionId="488aa1c5-2846-4e1e-b32d-d162ff1eb352" testListId="8c84fa94-04c1-424b-9868-57a2d4851a1d" />
    <TestEntry testId="c1b4b96f-5089-058a-db94-14574ac1ddcf" executionId="614f8178-6450-4010-81a7-1d4ef5a83328" testListId="8c84fa94-04c1-424b-9868-57a2d4851a1d" />
    <TestEntry testId="9b5f9705-0df5-3b21-5e23-e11b68721fd4" executionId="040ba702-2db2-450b-84a3-52e98ddf3d6e" testListId="8c84fa94-04c1-424b-9868-57a2d4851a1d" />
    <TestEntry testId="6bd61990-78b5-76ea-0df5-0c13c388bdc0" executionId="34bbaace-397c-4ba0-a572-cbb251bdb142" testListId="8c84fa94-04c1-424b-9868-57a2d4851a1d" />
    <TestEntry testId="cd004a9f-a0f6-2fdf-aeae-1890f4ab8e71" executionId="1073cec8-24d0-4e08-b34b-f924f74fde38" testListId="8c84fa94-04c1-424b-9868-57a2d4851a1d" />
    <TestEntry testId="c63cd623-e636-5730-a1fa-b18ae782acc7" executionId="8c81a872-805b-4897-b8bf-12cbd8bc36b3" testListId="8c84fa94-04c1-424b-9868-57a2d4851a1d" />
    <TestEntry testId="4184a91b-5297-4872-2a98-1ef97e124515" executionId="1137211e-8107-4bc3-9533-8d9a816d8f70" testListId="8c84fa94-04c1-424b-9868-57a2d4851a1d" />
    <TestEntry testId="c2d3c8df-32e7-92dc-91f8-057e8c4da6b9" executionId="00367ade-038d-4421-ae5b-15bf3047d76b" testListId="8c84fa94-04c1-424b-9868-57a2d4851a1d" />
    <TestEntry testId="e9d3a3d6-32e0-613e-b55e-48afdf1ab686" executionId="e01bd953-9351-4aa8-90fe-a9b00dfc00a9" testListId="8c84fa94-04c1-424b-9868-57a2d4851a1d" />
    <TestEntry testId="fcd9a6e3-ee1d-7212-668e-2b0865200d81" executionId="fa0d8bcc-43ed-4c26-a2ef-774e379fbc91" testListId="8c84fa94-04c1-424b-9868-57a2d4851a1d" />
    <TestEntry testId="e0f7dcd9-f363-be9c-de11-457f6a575bee" executionId="2810b1d5-5211-44b1-85d6-12e82abf2abd" testListId="8c84fa94-04c1-424b-9868-57a2d4851a1d" />
    <TestEntry testId="f8b74494-d277-7173-e694-2a4d463a4607" executionId="68a39462-3a79-4997-bac5-05800ba4e483" testListId="8c84fa94-04c1-424b-9868-57a2d4851a1d" />
    <TestEntry testId="832c041a-0c55-5788-b9d7-40a6ab6eae94" executionId="5973fe54-848f-443f-9e3b-e6a7435be2b7" testListId="8c84fa94-04c1-424b-9868-57a2d4851a1d" />
    <TestEntry testId="bc15aa99-72de-0e5a-b6e8-2d654659d591" executionId="c654d710-c52c-4029-9e4a-f0b0e1264b74" testListId="8c84fa94-04c1-424b-9868-57a2d4851a1d" />
    <TestEntry testId="7daaba64-d3ad-9109-43bf-bdb516b673b8" executionId="4582fef3-1637-4bdb-b6fe-b3716fa337a7" testListId="8c84fa94-04c1-424b-9868-57a2d4851a1d" />
    <TestEntry testId="aaa46586-7b83-9a88-e835-ae92592f98a3" executionId="d0483078-3618-443b-9af3-9294510dcc04" testListId="8c84fa94-04c1-424b-9868-57a2d4851a1d" />
    <TestEntry testId="f752d50b-77fa-327a-4493-168161bd27b2" executionId="e5a1047a-417d-4346-b1f3-d6e8e63e2091" testListId="8c84fa94-04c1-424b-9868-57a2d4851a1d" />
    <TestEntry testId="447ced0a-6221-43ff-44ab-4ee12ee4d012" executionId="2e0c1d2e-4a7d-4736-8703-655c785e7e69" testListId="8c84fa94-04c1-424b-9868-57a2d4851a1d" />
    <TestEntry testId="a95f665c-aa8d-208d-902c-60a464250c99" executionId="b0d54e7d-68fa-4ab9-b65e-670d6657e0d7" testListId="8c84fa94-04c1-424b-9868-57a2d4851a1d" />
    <TestEntry testId="0df69eaf-b001-71ae-6cf8-f9c5860f7c4c" executionId="bd71322e-ab0a-4eda-bcf6-2ab1beda7f5f" testListId="8c84fa94-04c1-424b-9868-57a2d4851a1d" />
    <TestEntry testId="1577c538-d1be-5b59-2b09-8e59b0be5fcd" executionId="3a0e7164-6296-4500-8b67-aa517959a5aa" testListId="8c84fa94-04c1-424b-9868-57a2d4851a1d" />
    <TestEntry testId="c14c626b-0f15-ac55-344d-8aa2c3f91cdf" executionId="d445dc20-a5ac-4112-8c4d-ea67a438b46a" testListId="8c84fa94-04c1-424b-9868-57a2d4851a1d" />
    <TestEntry testId="cf950ab2-9fe4-ec30-43b4-2f3a99b5167d" executionId="54d59387-a995-4ccc-b73c-064e1fdf9a2d" testListId="8c84fa94-04c1-424b-9868-57a2d4851a1d" />
    <TestEntry testId="04084e8e-c859-4ef5-e2a7-4fb2803cb2a3" executionId="3d51045d-fe0b-4c83-b285-33989f680dc9" testListId="8c84fa94-04c1-424b-9868-57a2d4851a1d" />
    <TestEntry testId="605637df-9854-875b-b3aa-6675f3fbd045" executionId="57180eb8-281f-4b75-b641-2d0de7a595b1" testListId="8c84fa94-04c1-424b-9868-57a2d4851a1d" />
    <TestEntry testId="006d3c07-11d3-9f4b-c045-6799df52bbfb" executionId="51aea480-650b-4057-bb76-bac5eb0d7cee" testListId="8c84fa94-04c1-424b-9868-57a2d4851a1d" />
    <TestEntry testId="f2debf4a-2a42-7b0b-1005-8f74a6fc63cb" executionId="91b7c3b6-1b0c-4005-ae8f-5895bbb664f8" testListId="8c84fa94-04c1-424b-9868-57a2d4851a1d" />
    <TestEntry testId="34e0940c-fc9c-71db-fc18-7d52ee8761a0" executionId="1914eebe-1485-4981-aa2a-fab1a7c92eae" testListId="8c84fa94-04c1-424b-9868-57a2d4851a1d" />
    <TestEntry testId="e37f41d3-77a8-1acd-c258-fbb5b724b134" executionId="753a30cf-f751-468c-927a-3800d041c435" testListId="8c84fa94-04c1-424b-9868-57a2d4851a1d" />
    <TestEntry testId="ee30e1f9-ce80-c70a-1b56-b7e02750ae26" executionId="2d3abb4c-e226-4e14-ab3f-9a70551bfb68" testListId="8c84fa94-04c1-424b-9868-57a2d4851a1d" />
    <TestEntry testId="9d64a285-266d-52de-ef34-34102f8ad12c" executionId="7c40ccd8-a57e-4542-852b-621d28c4eec7" testListId="8c84fa94-04c1-424b-9868-57a2d4851a1d" />
    <TestEntry testId="e49703c6-0bb9-fe86-2e5f-45cef1e3759b" executionId="f26a2b7d-5bf1-4d9e-a0ea-61b8b9664e98" testListId="8c84fa94-04c1-424b-9868-57a2d4851a1d" />
    <TestEntry testId="71a1897b-b713-c047-1c23-5efdff095b20" executionId="76dd6f71-87ca-47f8-9e7e-dfd699ed0cda" testListId="8c84fa94-04c1-424b-9868-57a2d4851a1d" />
    <TestEntry testId="8a5cc6e0-e73e-2131-64bd-e73fc6c2a32e" executionId="b58a40ab-b4c2-41fd-9245-da79c425eb2e" testListId="8c84fa94-04c1-424b-9868-57a2d4851a1d" />
    <TestEntry testId="313cfb2c-8c3b-337b-12f8-296f8611376d" executionId="bbc19741-9b39-4ec1-b0ed-390554e1f1f7" testListId="8c84fa94-04c1-424b-9868-57a2d4851a1d" />
    <TestEntry testId="118e36ba-6572-1245-e05b-9bcc7b4e5e20" executionId="519c9a66-3a4b-4672-89af-29653129fa8b" testListId="8c84fa94-04c1-424b-9868-57a2d4851a1d" />
    <TestEntry testId="47f3e733-f069-b79f-9f6d-7c11fc368663" executionId="f8d95194-5694-41bc-95b2-50310d5268d9" testListId="8c84fa94-04c1-424b-9868-57a2d4851a1d" />
    <TestEntry testId="31ff6168-d18d-0013-7c18-0ff775714202" executionId="0d495fb0-37c8-4506-94e3-d90b65d9b8b8" testListId="8c84fa94-04c1-424b-9868-57a2d4851a1d" />
    <TestEntry testId="db5f34ff-df7c-44e5-6721-c319db8d6da0" executionId="769bd8d9-c015-4e65-99d7-ebabd3e71663" testListId="8c84fa94-04c1-424b-9868-57a2d4851a1d" />
    <TestEntry testId="2e87c537-4979-f58b-6e83-f3d4ee161ff1" executionId="c9d008c4-9851-44e0-b152-2b4dbbec1b5c" testListId="8c84fa94-04c1-424b-9868-57a2d4851a1d" />
    <TestEntry testId="a4956cd8-34a7-6fca-5b71-6eb98cedd9b0" executionId="ecead0c8-ac7b-4f28-8cd5-5da423c0befe" testListId="8c84fa94-04c1-424b-9868-57a2d4851a1d" />
    <TestEntry testId="0d35441f-72fe-a777-509f-6a19632f972a" executionId="f4884f9e-79d8-4a68-bbc2-7d3c847ad038" testListId="8c84fa94-04c1-424b-9868-57a2d4851a1d" />
    <TestEntry testId="29112d2a-2e73-305d-ec50-12fc95c28627" executionId="96900050-c769-4c44-b569-8d6d0d7c6de1" testListId="8c84fa94-04c1-424b-9868-57a2d4851a1d" />
    <TestEntry testId="a75e991f-5e03-3949-85d6-afa1f14455d4" executionId="7e0df31d-2948-4909-9a4b-7715718d0ffa" testListId="8c84fa94-04c1-424b-9868-57a2d4851a1d" />
    <TestEntry testId="7c09a438-5465-f760-64b2-23d25fc199f5" executionId="3a225243-6bd5-488a-a673-cf543d2da06b" testListId="8c84fa94-04c1-424b-9868-57a2d4851a1d" />
    <TestEntry testId="a702dc43-b5af-c889-d32e-e69ee2d100af" executionId="6a780b9e-ad03-454f-a507-64a58711b5e1" testListId="8c84fa94-04c1-424b-9868-57a2d4851a1d" />
    <TestEntry testId="a2b6017f-838f-c435-81c1-a75dd92108eb" executionId="cfe4223a-fd9a-47e0-99ef-149f517582b2" testListId="8c84fa94-04c1-424b-9868-57a2d4851a1d" />
    <TestEntry testId="4ff63349-9eef-ad1f-85cf-a84cda1ff120" executionId="4538e755-bffb-4f96-aa90-61dd3e056010" testListId="8c84fa94-04c1-424b-9868-57a2d4851a1d" />
    <TestEntry testId="ae09f98c-257a-b9e5-5b0b-16344b7adf1c" executionId="ce312417-2906-49ad-99ac-4fc22ec2d70b" testListId="8c84fa94-04c1-424b-9868-57a2d4851a1d" />
    <TestEntry testId="0f697beb-b7a4-6aa6-9017-b57feeb9ba7f" executionId="a0dac943-8ee4-435e-9251-76dfa5a4ab83" testListId="8c84fa94-04c1-424b-9868-57a2d4851a1d" />
    <TestEntry testId="0cfd0c7c-1a61-7d19-c2fa-3c8a47ccf09c" executionId="85b26cc8-fbf3-4603-b218-828f35db0e47" testListId="8c84fa94-04c1-424b-9868-57a2d4851a1d" />
    <TestEntry testId="bf48e581-43e6-7660-c4f4-1b7deb1f0ed9" executionId="5402f4e8-f99c-4d10-83ee-c6e99b0672e0" testListId="8c84fa94-04c1-424b-9868-57a2d4851a1d" />
    <TestEntry testId="0e702ef4-7e85-bcb3-3879-32ee56a27932" executionId="bc264dc0-64c6-4eef-bec2-5d5ae050c244" testListId="8c84fa94-04c1-424b-9868-57a2d4851a1d" />
    <TestEntry testId="c09577a6-adca-ef94-40b5-45575ad65e4f" executionId="e3f930e0-6698-4b34-add5-aeb8648a4ab5" testListId="8c84fa94-04c1-424b-9868-57a2d4851a1d" />
    <TestEntry testId="579b7361-19a9-f329-acb3-de102dcfc793" executionId="0264e66f-c09c-4247-9474-15c879d419fb" testListId="8c84fa94-04c1-424b-9868-57a2d4851a1d" />
    <TestEntry testId="e8138724-52f6-6999-ada4-cbc441f2cd15" executionId="9adab66b-5564-4268-a99f-bb1d81d42115" testListId="8c84fa94-04c1-424b-9868-57a2d4851a1d" />
    <TestEntry testId="04cb4b72-edc8-fe06-49e1-217ed503eff8" executionId="da5ac5bb-ccab-4cc6-8a29-195ebb8f5718" testListId="8c84fa94-04c1-424b-9868-57a2d4851a1d" />
    <TestEntry testId="678a7b5d-e2f9-09be-f35f-0e3e4d5ad033" executionId="fb02fd02-f4ea-41b5-8da9-dbc73b653637" testListId="8c84fa94-04c1-424b-9868-57a2d4851a1d" />
    <TestEntry testId="74c0befe-cdb2-1fdf-be71-2a39199bb5c9" executionId="6ca20efa-be02-471c-9316-a99af31db542" testListId="8c84fa94-04c1-424b-9868-57a2d4851a1d" />
    <TestEntry testId="19f76070-822e-31f8-2a9f-a96f774333a7" executionId="dae1790e-2740-49ae-890b-22f6595fd9d1" testListId="8c84fa94-04c1-424b-9868-57a2d4851a1d" />
    <TestEntry testId="33545399-79af-5e7f-5179-57fe5645f4be" executionId="0367a29b-7696-4cd1-bf2d-48efd8714300" testListId="8c84fa94-04c1-424b-9868-57a2d4851a1d" />
    <TestEntry testId="31126d50-f667-908c-85f3-09f9d9272df9" executionId="dad3d5b0-6b40-402d-95c0-70b1c270d286" testListId="8c84fa94-04c1-424b-9868-57a2d4851a1d" />
    <TestEntry testId="1c5de28c-f1b3-c94d-8e43-201eab8c2ff8" executionId="1ce0c611-7d22-43c7-9619-9e747115fec3" testListId="8c84fa94-04c1-424b-9868-57a2d4851a1d" />
    <TestEntry testId="07d50dfb-3195-c832-23d2-97ae667f2010" executionId="6f0caf75-0d76-4d8c-bbdf-947e89e556c4" testListId="8c84fa94-04c1-424b-9868-57a2d4851a1d" />
    <TestEntry testId="46df7735-43c3-1f8d-197a-cd21c82e5889" executionId="20f071a7-8022-49b9-94f1-a32ce7dc44a5" testListId="8c84fa94-04c1-424b-9868-57a2d4851a1d" />
    <TestEntry testId="30809299-0e3e-4ac7-4a2a-6f8c296d2226" executionId="08c6aea0-13bf-4b6e-8988-40b00d0784f6" testListId="8c84fa94-04c1-424b-9868-57a2d4851a1d" />
    <TestEntry testId="c180eeb5-df7f-187e-c74d-0f6d31acdec5" executionId="9e904429-b3d8-4f84-8906-fea2362aa5b0" testListId="8c84fa94-04c1-424b-9868-57a2d4851a1d" />
    <TestEntry testId="725d136c-3e7a-6e51-fc61-03203ffec0b5" executionId="b5ae7cf3-93d1-4b1b-9312-dec2dccd0460" testListId="8c84fa94-04c1-424b-9868-57a2d4851a1d" />
    <TestEntry testId="bc6955b8-aec0-957c-bad4-853e5cfa19a1" executionId="759f82aa-def7-4f50-9afe-29503f59898a" testListId="8c84fa94-04c1-424b-9868-57a2d4851a1d" />
    <TestEntry testId="1b969e76-d97c-c639-c377-a41796fbb2c3" executionId="42ea5343-4b14-4d9c-b102-f5a01a162bf6" testListId="8c84fa94-04c1-424b-9868-57a2d4851a1d" />
    <TestEntry testId="bb347f18-44ab-0d77-d5bd-a671e4c37650" executionId="746e3bd2-789e-44e7-aa1d-77e3da3c4859" testListId="8c84fa94-04c1-424b-9868-57a2d4851a1d" />
    <TestEntry testId="86b92527-4d52-052b-63ae-d9a8aa694919" executionId="fc62b616-5eae-4439-abce-383507b82a8b" testListId="8c84fa94-04c1-424b-9868-57a2d4851a1d" />
    <TestEntry testId="580ff04a-e5c0-9f2f-90c3-4f2aeafd15c5" executionId="c4e42ca4-ff02-4f70-ab49-360fb7e7a6c9" testListId="8c84fa94-04c1-424b-9868-57a2d4851a1d" />
    <TestEntry testId="c19b83a3-45fc-e848-cbcc-7f68b66eb4e3" executionId="bc30fb06-7adb-4410-b498-8ee0a7f4fb8c" testListId="8c84fa94-04c1-424b-9868-57a2d4851a1d" />
    <TestEntry testId="a6625fb0-1b80-148b-87dc-9cf616e5e84d" executionId="0f6d9535-6391-4f79-99cc-6a218a7a06a7" testListId="8c84fa94-04c1-424b-9868-57a2d4851a1d" />
    <TestEntry testId="13bab721-bf36-ea1b-3f50-9937b274e83a" executionId="011900b7-2072-40bb-87a6-547ec7d6cbde" testListId="8c84fa94-04c1-424b-9868-57a2d4851a1d" />
    <TestEntry testId="def94964-1ba4-f78f-2dac-38055bb04256" executionId="361f8d0a-f242-4050-9f2f-f0c77b557618" testListId="8c84fa94-04c1-424b-9868-57a2d4851a1d" />
    <TestEntry testId="98d4dd82-eb94-c060-7aeb-9b0a39f334fb" executionId="822d4320-c18d-4f14-bae0-06d5716760eb" testListId="8c84fa94-04c1-424b-9868-57a2d4851a1d" />
    <TestEntry testId="57d3cdd8-8268-9aa3-6f39-3cc0224b305c" executionId="e8a51001-282b-4bb4-b20e-285ce6872dfc" testListId="8c84fa94-04c1-424b-9868-57a2d4851a1d" />
    <TestEntry testId="d5506b30-7041-6d90-bd03-bcd5b2479c40" executionId="b239fd85-5ebd-419f-b2b7-6d81ca1ccc9b" testListId="8c84fa94-04c1-424b-9868-57a2d4851a1d" />
    <TestEntry testId="43949294-e4b7-cf4d-0d69-84ccc9e58406" executionId="a6009014-c3d5-4b82-ad79-72032c2bb7dd" testListId="8c84fa94-04c1-424b-9868-57a2d4851a1d" />
    <TestEntry testId="eb3fbb45-8257-f4b8-0975-042f859a72bf" executionId="6b2d1aee-8a1c-43a3-a9aa-4a79090563af" testListId="8c84fa94-04c1-424b-9868-57a2d4851a1d" />
    <TestEntry testId="504465b7-a3fe-9023-93b9-ffece1903418" executionId="c6ab6dad-b4d9-452a-8a30-3b6085acfa02" testListId="8c84fa94-04c1-424b-9868-57a2d4851a1d" />
    <TestEntry testId="1dab5b85-21d2-af6f-92e5-af8126f0e2fb" executionId="95a364a0-ef78-4ad8-aa81-161cd03a9eea" testListId="8c84fa94-04c1-424b-9868-57a2d4851a1d" />
    <TestEntry testId="3f0bf65d-a3af-41bf-ac79-126a0efc4fd4" executionId="f79b8d01-5a39-4c79-b7ed-053d468887c1" testListId="8c84fa94-04c1-424b-9868-57a2d4851a1d" />
    <TestEntry testId="967da852-80aa-48c8-4fdf-7229c80964ce" executionId="338aef4f-cea1-4fc9-8e4f-cb8b88628051" testListId="8c84fa94-04c1-424b-9868-57a2d4851a1d" />
    <TestEntry testId="65b9b71b-a8d5-2a7d-a8a7-0e3a015e6b68" executionId="914cfdb9-687c-4ace-98d2-77daddaa74e1" testListId="8c84fa94-04c1-424b-9868-57a2d4851a1d" />
    <TestEntry testId="a03675ec-665e-f4d5-4630-89e50dac0bfb" executionId="f5f7a7f9-e9e8-478a-b241-ed484803b2d0" testListId="8c84fa94-04c1-424b-9868-57a2d4851a1d" />
    <TestEntry testId="a272f84c-2bd5-daa4-4afe-22346b802f86" executionId="8881f2dc-ded6-4f88-b2ab-44fe2dd1a171" testListId="8c84fa94-04c1-424b-9868-57a2d4851a1d" />
    <TestEntry testId="3721d3c1-7c03-ad84-143f-64bfeb5b314e" executionId="18afba24-38a2-4fe5-88a5-0513ef5395c9" testListId="8c84fa94-04c1-424b-9868-57a2d4851a1d" />
    <TestEntry testId="b51b5293-5162-7db8-79c0-6e7b6f1c51a5" executionId="98eb731a-07c5-4a7d-a25e-542ddd2537c9" testListId="8c84fa94-04c1-424b-9868-57a2d4851a1d" />
    <TestEntry testId="9af963da-8209-d683-34a5-be793bc59993" executionId="21ffa3c0-0e96-444f-91b6-e18efcfc8c8c" testListId="8c84fa94-04c1-424b-9868-57a2d4851a1d" />
    <TestEntry testId="ede15cdf-3d1b-3e1a-18dc-485a2d50fe42" executionId="2b689c85-08fc-4ad4-9866-7bef905726ca" testListId="8c84fa94-04c1-424b-9868-57a2d4851a1d" />
    <TestEntry testId="17a38df3-33e0-71ac-f8cb-dcdd3ade7269" executionId="07e946ca-465a-4354-8f11-9e506f08ed9b" testListId="8c84fa94-04c1-424b-9868-57a2d4851a1d" />
    <TestEntry testId="4e1a5879-f3c8-4fdb-51d0-c4cf0a35e0bf" executionId="ad5460e9-6f4d-4137-b1de-ff4f8bf88e2c" testListId="8c84fa94-04c1-424b-9868-57a2d4851a1d" />
    <TestEntry testId="922c5a5d-5d46-b5de-bcbd-4fac0addd422" executionId="2772b3ea-1790-41de-a333-27fad2668caa" testListId="8c84fa94-04c1-424b-9868-57a2d4851a1d" />
    <TestEntry testId="e9b23f0c-0cde-4603-1739-ee642fd33c36" executionId="c3bc13f7-4fa8-444a-a8f4-ae85bcb87d55" testListId="8c84fa94-04c1-424b-9868-57a2d4851a1d" />
    <TestEntry testId="c330741e-ad40-618c-36cc-508c135d2b95" executionId="0cabbda5-6127-4efc-b9ef-a516affe9128" testListId="8c84fa94-04c1-424b-9868-57a2d4851a1d" />
    <TestEntry testId="2aceb911-de9d-b2eb-c8db-f6b3f880216f" executionId="5ba697de-9b68-47f6-8f2f-6f8435215e14" testListId="8c84fa94-04c1-424b-9868-57a2d4851a1d" />
    <TestEntry testId="bd43e66e-fbae-26eb-a9a1-c58a6bf5d7af" executionId="d06f6ae6-c072-461b-93f7-805a986ff0c5" testListId="8c84fa94-04c1-424b-9868-57a2d4851a1d" />
    <TestEntry testId="3c82816f-4e62-7440-d30d-abbd53b1dcea" executionId="3cc57770-f8a0-4ec6-bd00-327180c6d58a" testListId="8c84fa94-04c1-424b-9868-57a2d4851a1d" />
    <TestEntry testId="7f0aeefe-ba4a-5404-c6f8-82be67718cc4" executionId="ec8ff9ae-7982-443b-a43d-fad3f91bca1f" testListId="8c84fa94-04c1-424b-9868-57a2d4851a1d" />
    <TestEntry testId="6b41eea5-b11d-4975-a42c-5030c52fd29c" executionId="4f571c0a-c106-4b12-83ad-bca661392357" testListId="8c84fa94-04c1-424b-9868-57a2d4851a1d" />
    <TestEntry testId="7be8a004-8e29-0f01-8ada-f15377193150" executionId="c36e84f8-2702-4238-aa18-89c3a6d4b9fb" testListId="8c84fa94-04c1-424b-9868-57a2d4851a1d" />
    <TestEntry testId="e2880a6e-7a01-b4ba-86fb-4d33be072972" executionId="33096431-8ad6-4604-b4a6-c58e2d590a51" testListId="8c84fa94-04c1-424b-9868-57a2d4851a1d" />
    <TestEntry testId="7384e2f6-7a7f-d462-78fa-5bf7f49c326a" executionId="e491f16d-2f7a-4198-a506-c7e59e7246b4" testListId="8c84fa94-04c1-424b-9868-57a2d4851a1d" />
    <TestEntry testId="0b1e4893-9444-2235-b7fa-3782f9932212" executionId="026381cb-36d2-4f28-ad80-0c7fd14e5dec" testListId="8c84fa94-04c1-424b-9868-57a2d4851a1d" />
    <TestEntry testId="e53d2439-2080-43bd-e38b-a60253b60af1" executionId="f4583cc5-d93d-4f43-8ce1-3269482ddb0b" testListId="8c84fa94-04c1-424b-9868-57a2d4851a1d" />
    <TestEntry testId="c87d842d-198f-fc52-0a70-418a5e5378ab" executionId="1a5e3eca-846e-4f6a-94e2-9afe50f1bf63" testListId="8c84fa94-04c1-424b-9868-57a2d4851a1d" />
    <TestEntry testId="320700ce-aa3b-5818-fb18-706cf7605472" executionId="43fb327a-6074-4031-9b7a-f67ce63586fe" testListId="8c84fa94-04c1-424b-9868-57a2d4851a1d" />
    <TestEntry testId="66f7bc12-fe2b-fd81-3cbf-5bc4840aa6f8" executionId="9e6ad04b-6d82-4acd-ad66-1ca5b091220d" testListId="8c84fa94-04c1-424b-9868-57a2d4851a1d" />
    <TestEntry testId="8c1d1a56-be42-3df5-a82e-36b97c2860b8" executionId="f94d18a4-9553-4f19-b041-956eb3342742" testListId="8c84fa94-04c1-424b-9868-57a2d4851a1d" />
    <TestEntry testId="5e237822-3b9d-da27-9221-3ae1f5eb15b0" executionId="d44fc33b-f12e-49b4-a543-da8b94dd387a" testListId="8c84fa94-04c1-424b-9868-57a2d4851a1d" />
    <TestEntry testId="481343f9-3ff3-548f-0c6c-41599cf65802" executionId="a7d28cd5-3fbe-4c22-923f-d7caf5dde066" testListId="8c84fa94-04c1-424b-9868-57a2d4851a1d" />
    <TestEntry testId="fe683836-27ec-729e-5fe1-a9c2674a6d87" executionId="9201e463-068c-443d-b25f-4b8289ef4238" testListId="8c84fa94-04c1-424b-9868-57a2d4851a1d" />
    <TestEntry testId="3bd7277d-4ad0-51ee-d24c-53176ec3cc7f" executionId="06b6f0ad-2d68-448e-915b-68ef5a552f2c" testListId="8c84fa94-04c1-424b-9868-57a2d4851a1d" />
    <TestEntry testId="a1095294-226e-a0f0-0154-11290289c9db" executionId="fdd6059e-5668-4d0b-8df2-bf7e08e080a2" testListId="8c84fa94-04c1-424b-9868-57a2d4851a1d" />
    <TestEntry testId="5517211d-203c-115f-7dc1-6f48da8ab75b" executionId="951df4da-61dc-4950-9b3a-5b99fca2007e" testListId="8c84fa94-04c1-424b-9868-57a2d4851a1d" />
    <TestEntry testId="7c679bcb-7a59-8751-0063-1ef6e07cb160" executionId="cccb3f36-d271-4f7f-9f52-99a7a45dcbc7" testListId="8c84fa94-04c1-424b-9868-57a2d4851a1d" />
    <TestEntry testId="ffa669f9-8e25-a33b-f8f7-c3ba4a576a2b" executionId="bc07d705-b82f-4fa9-990a-6ffd71706adf" testListId="8c84fa94-04c1-424b-9868-57a2d4851a1d" />
    <TestEntry testId="e608205e-4953-e9a3-1956-895ed42ab083" executionId="e7302a2f-1094-4441-9147-456e67dab6ce" testListId="8c84fa94-04c1-424b-9868-57a2d4851a1d" />
    <TestEntry testId="4ead3f79-a54e-1b96-838c-d0c2f491cb0d" executionId="dc8e356f-e771-4dec-8031-d7af51604c5f" testListId="8c84fa94-04c1-424b-9868-57a2d4851a1d" />
    <TestEntry testId="161f5d07-7835-e575-5072-b9d787ef451c" executionId="8e3f833d-6cc8-48ee-ab23-26dca313baaf" testListId="8c84fa94-04c1-424b-9868-57a2d4851a1d" />
    <TestEntry testId="640513b3-feee-19a8-efba-5817e77ff3ee" executionId="d317cedf-b958-4ca9-b43c-7910b6be2a86" testListId="8c84fa94-04c1-424b-9868-57a2d4851a1d" />
    <TestEntry testId="ab274dac-b194-4e0f-6fab-a20667b535a8" executionId="479af3e5-051f-4f7e-aeb1-877ad2f1f661" testListId="8c84fa94-04c1-424b-9868-57a2d4851a1d" />
    <TestEntry testId="0ee8121e-b492-a57d-d072-de988a4e30f8" executionId="903e576d-98ee-443f-b5f1-1c9e7c9914e1" testListId="8c84fa94-04c1-424b-9868-57a2d4851a1d" />
    <TestEntry testId="21ae5425-e2d1-002f-334f-105a6a674a01" executionId="3c734441-cb10-4df0-a36f-161427719664" testListId="8c84fa94-04c1-424b-9868-57a2d4851a1d" />
    <TestEntry testId="ebdf037a-44fa-7875-99d4-42fa9833aac8" executionId="6081b822-7b33-4e25-a88e-77e1e4852d46" testListId="8c84fa94-04c1-424b-9868-57a2d4851a1d" />
    <TestEntry testId="18040ed3-941e-dd1e-cb8c-4d34d103f370" executionId="d32c53f3-c735-4af2-8d23-3f2541c910fd" testListId="8c84fa94-04c1-424b-9868-57a2d4851a1d" />
    <TestEntry testId="f17b6f1f-06a9-5318-815f-4c3950fdd0cb" executionId="a6e7e6ca-7cb4-4fab-939f-0c313e68b52f" testListId="8c84fa94-04c1-424b-9868-57a2d4851a1d" />
    <TestEntry testId="55f105d6-fc07-21db-e70a-db30ccdb0844" executionId="9911d7e2-85db-4712-b07d-600a21f01d72" testListId="8c84fa94-04c1-424b-9868-57a2d4851a1d" />
    <TestEntry testId="5fda35dc-4db7-2169-9391-a6295d2ec5fd" executionId="9e6d0afe-feeb-46ef-8062-36c9cb08e0b1" testListId="8c84fa94-04c1-424b-9868-57a2d4851a1d" />
    <TestEntry testId="5bee9d0e-89de-7b6d-4317-0a11342b1d29" executionId="0aa48497-ad7a-4f4f-ad1a-9aa527db991b" testListId="8c84fa94-04c1-424b-9868-57a2d4851a1d" />
  </TestEntries>
  <TestLists>
    <TestList name="Resultados sin formato de lista" id="8c84fa94-04c1-424b-9868-57a2d4851a1d" />
    <TestList name="Todos los resultados cargados" id="19431567-8539-422a-85d7-44ee4e166bda" />
  </TestLists>
  <ResultSummary outcome="Completed">
    <Counters total="444" executed="444" passed="444" failed="0" error="0" timeout="0" aborted="0" inconclusive="0" passedButRunAborted="0" notRunnable="0" notExecuted="0" disconnected="0" warning="0" completed="0" inProgress="0" pending="0" />
  </ResultSummary>
</TestRun>