<?xml version="1.0" encoding="utf-8"?>
<TestRun id="f96c8694-32c0-4cd5-a2d8-b0184a7032a6" name="sferrari@PC-SFERRARI 2020-09-01 17:12:37" runUser="PC-SFERRARI\sferrari" xmlns="http://microsoft.com/schemas/VisualStudio/TeamTest/2010">
  <Times creation="2020-09-01T17:12:37.3480991+01:00" queuing="2020-09-01T17:12:37.3480991+01:00" start="2020-09-01T17:12:34.9724499+01:00" finish="2020-09-01T17:12:41.1040575+01:00" />
  <TestSettings name="default" id="6421dcd1-089f-4358-a416-821541a54314">
    <Deployment runDeploymentRoot="sferrari_PC-SFERRARI_2020-09-01_17_12_37" />
  </TestSettings>
  <Results>
    <UnitTestResult executionId="e36225b8-4691-4fe5-92c9-0faf411ee138" testId="08a6c381-273c-f305-1814-942595d17f78" testName="ToWhere_Passing_Null_Predicate_Returns_Same_List" computerName="PC-SFERRARI" duration="00:00:00.0042622" startTime="2020-09-01T17:12:38.9046749+01:00" endTime="2020-09-01T17:12:38.9301471+01:00" testType="13cdc9d9-ddb5-4fa4-a97d-d965ccfc6d4b" outcome="Passed" testListId="8c84fa94-04c1-424b-9868-57a2d4851a1d" relativeResultsDirectory="e36225b8-4691-4fe5-92c9-0faf411ee138" />
    <UnitTestResult executionId="b0167bb9-ff11-4bef-a69c-183f59c83462" testId="66ebc17d-8456-d538-0da4-279017d64788" testName="ToCompress_Passing_Object_Bytes_Returns_Object" computerName="PC-SFERRARI" duration="00:00:00.0160495" startTime="2020-09-01T17:12:37.4016833+01:00" endTime="2020-09-01T17:12:37.4180923+01:00" testType="13cdc9d9-ddb5-4fa4-a97d-d965ccfc6d4b" outcome="Passed" testListId="8c84fa94-04c1-424b-9868-57a2d4851a1d" relativeResultsDirectory="b0167bb9-ff11-4bef-a69c-183f59c83462" />
    <UnitTestResult executionId="5b4995cb-4dec-4667-a0cf-56cb1ab069a7" testId="8f912328-63c8-86b1-c2a6-be41b857b56c" testName="ToDirectoryFileInfo_Passing_ValidValue_Returns_FileInfo" computerName="PC-SFERRARI" duration="00:00:00.0000982" startTime="2020-09-01T17:12:39.0127191+01:00" endTime="2020-09-01T17:12:39.0129595+01:00" testType="13cdc9d9-ddb5-4fa4-a97d-d965ccfc6d4b" outcome="Passed" testListId="8c84fa94-04c1-424b-9868-57a2d4851a1d" relativeResultsDirectory="5b4995cb-4dec-4667-a0cf-56cb1ab069a7" />
    <UnitTestResult executionId="d3376700-ace9-488e-9a82-a2ec3fac7cfb" testId="84f3eea3-fb46-7ff1-04fe-1ba3ec10008f" testName="ToTryGetHeader_Passing_HttpRequest_Header_Value_Returns_Value" computerName="PC-SFERRARI" duration="00:00:00.0004584" startTime="2020-09-01T17:12:38.4858436+01:00" endTime="2020-09-01T17:12:38.4863916+01:00" testType="13cdc9d9-ddb5-4fa4-a97d-d965ccfc6d4b" outcome="Passed" testListId="8c84fa94-04c1-424b-9868-57a2d4851a1d" relativeResultsDirectory="d3376700-ace9-488e-9a82-a2ec3fac7cfb" />
    <UnitTestResult executionId="07ff8b8c-542b-4d93-b334-2e7eab9958a5" testId="28887edf-8245-57fe-da6b-7d74097f5629" testName="IsGreater_Passing_InvalidArguments_Returns_HasErrorsAndCount" computerName="PC-SFERRARI" duration="00:00:00.0045895" startTime="2020-09-01T17:12:39.5455393+01:00" endTime="2020-09-01T17:12:39.5502179+01:00" testType="13cdc9d9-ddb5-4fa4-a97d-d965ccfc6d4b" outcome="Passed" testListId="8c84fa94-04c1-424b-9868-57a2d4851a1d" relativeResultsDirectory="07ff8b8c-542b-4d93-b334-2e7eab9958a5" />
    <UnitTestResult executionId="928a9156-5ffb-4d84-be9e-5c86980f94fd" testId="57de2494-db49-05dd-e58f-ea06218b9ada" testName="ToDirectoryTemporary_Passing_ValidValue_Returns_DirectoryExists" computerName="PC-SFERRARI" duration="00:00:00.0018722" startTime="2020-09-01T17:12:39.0296639+01:00" endTime="2020-09-01T17:12:39.0317053+01:00" testType="13cdc9d9-ddb5-4fa4-a97d-d965ccfc6d4b" outcome="Passed" testListId="8c84fa94-04c1-424b-9868-57a2d4851a1d" relativeResultsDirectory="928a9156-5ffb-4d84-be9e-5c86980f94fd" />
    <UnitTestResult executionId="c675a2ba-8cd0-439e-a0e7-87e6dd3312f5" testId="674ad018-4ad5-9dc4-9721-2eed1501b13b" testName="ToIsLastDayOfTheMonth_Passing_LastDayOfMonth_Returns_True" computerName="PC-SFERRARI" duration="00:00:00.0002517" startTime="2020-09-01T17:12:38.1791354+01:00" endTime="2020-09-01T17:12:38.1794693+01:00" testType="13cdc9d9-ddb5-4fa4-a97d-d965ccfc6d4b" outcome="Passed" testListId="8c84fa94-04c1-424b-9868-57a2d4851a1d" relativeResultsDirectory="c675a2ba-8cd0-439e-a0e7-87e6dd3312f5" />
    <UnitTestResult executionId="6096b10d-9d84-4455-9d03-66ee36ecb2ed" testId="8a9a7530-f1ce-f4e5-fbc9-4f531ddefce2" testName="ToEnum_Passing_ValidValueInt_Returns_EnumValue" computerName="PC-SFERRARI" duration="00:00:00.0001093" startTime="2020-09-01T17:12:39.0998820+01:00" endTime="2020-09-01T17:12:39.1000799+01:00" testType="13cdc9d9-ddb5-4fa4-a97d-d965ccfc6d4b" outcome="Passed" testListId="8c84fa94-04c1-424b-9868-57a2d4851a1d" relativeResultsDirectory="6096b10d-9d84-4455-9d03-66ee36ecb2ed" />
    <UnitTestResult executionId="f985a8eb-a7b1-4283-8de9-17dfab977ac4" testId="4e99a60b-6bf7-950f-4a1b-2b8f6b265f33" testName="ToEnvironment_ServiceCollection_Passing_Custom_Enviroment_Returns_Custom_Name" computerName="PC-SFERRARI" duration="00:00:00.0005861" startTime="2020-09-01T17:12:37.9460967+01:00" endTime="2020-09-01T17:12:37.9468030+01:00" testType="13cdc9d9-ddb5-4fa4-a97d-d965ccfc6d4b" outcome="Passed" testListId="8c84fa94-04c1-424b-9868-57a2d4851a1d" relativeResultsDirectory="f985a8eb-a7b1-4283-8de9-17dfab977ac4" />
    <UnitTestResult executionId="5e15a7f1-fb4f-4b48-accd-1b115ae8a537" testId="24c5c4fe-5465-6bf1-7790-c32dc7dc4137" testName="ToServiceMatchingInterface_Passing_Valid_Assembly_Returns_Service" computerName="PC-SFERRARI" duration="00:00:00.0359517" startTime="2020-09-01T17:12:38.0114644+01:00" endTime="2020-09-01T17:12:38.0475561+01:00" testType="13cdc9d9-ddb5-4fa4-a97d-d965ccfc6d4b" outcome="Passed" testListId="8c84fa94-04c1-424b-9868-57a2d4851a1d" relativeResultsDirectory="5e15a7f1-fb4f-4b48-accd-1b115ae8a537" />
    <UnitTestResult executionId="648983f1-91d0-47cc-878e-2d8d0ac76f63" testId="6bfeeec7-5dd8-85f8-3ebb-a1cfd8eb27b2" testName="ToDeserialize_Passing_String_Returns_Object" computerName="PC-SFERRARI" duration="00:00:00.0029996" startTime="2020-09-01T17:12:38.8694949+01:00" endTime="2020-09-01T17:12:38.8726684+01:00" testType="13cdc9d9-ddb5-4fa4-a97d-d965ccfc6d4b" outcome="Passed" testListId="8c84fa94-04c1-424b-9868-57a2d4851a1d" relativeResultsDirectory="648983f1-91d0-47cc-878e-2d8d0ac76f63" />
    <UnitTestResult executionId="a90f1fce-ae1a-4660-90b4-0f1d1a80b345" testId="31c3a852-cb3d-1abf-a213-17759f717493" testName="CreateSHA256_Passing_Invalid_Arguments_Returns_ApplicationException" computerName="PC-SFERRARI" duration="00:00:00.0005434" startTime="2020-09-01T17:12:40.7664697+01:00" endTime="2020-09-01T17:12:40.7670946+01:00" testType="13cdc9d9-ddb5-4fa4-a97d-d965ccfc6d4b" outcome="Passed" testListId="8c84fa94-04c1-424b-9868-57a2d4851a1d" relativeResultsDirectory="a90f1fce-ae1a-4660-90b4-0f1d1a80b345" resultType="DataDrivenTest">
      <InnerResults>
        <UnitTestResult executionId="91423cd2-04d4-434d-af43-91c6a05ffa26" parentExecutionId="a90f1fce-ae1a-4660-90b4-0f1d1a80b345" testId="31c3a852-cb3d-1abf-a213-17759f717493" testName="CreateSHA256_Passing_Invalid_Arguments_Returns_ApplicationException ()" computerName="PC-SFERRARI" duration="00:00:00.0003677" startTime="2020-09-01T17:12:40.7664697+01:00" endTime="2020-09-01T17:12:40.7670946+01:00" testType="13cdc9d9-ddb5-4fa4-a97d-d965ccfc6d4b" outcome="Passed" testListId="8c84fa94-04c1-424b-9868-57a2d4851a1d" relativeResultsDirectory="91423cd2-04d4-434d-af43-91c6a05ffa26" dataRowInfo="1" resultType="DataDrivenDataRow" />
        <UnitTestResult executionId="fc8a11d0-a4e6-426f-8e7e-65bfde2d88e3" parentExecutionId="a90f1fce-ae1a-4660-90b4-0f1d1a80b345" testId="31c3a852-cb3d-1abf-a213-17759f717493" testName="CreateSHA256_Passing_Invalid_Arguments_Returns_ApplicationException ()" computerName="PC-SFERRARI" duration="00:00:00.0000536" startTime="2020-09-01T17:12:40.7664697+01:00" endTime="2020-09-01T17:12:40.7670946+01:00" testType="13cdc9d9-ddb5-4fa4-a97d-d965ccfc6d4b" outcome="Passed" testListId="8c84fa94-04c1-424b-9868-57a2d4851a1d" relativeResultsDirectory="fc8a11d0-a4e6-426f-8e7e-65bfde2d88e3" dataRowInfo="2" resultType="DataDrivenDataRow" />
        <UnitTestResult executionId="26228dc2-57c5-49f4-8b7f-79e31753edca" parentExecutionId="a90f1fce-ae1a-4660-90b4-0f1d1a80b345" testId="31c3a852-cb3d-1abf-a213-17759f717493" testName="CreateSHA256_Passing_Invalid_Arguments_Returns_ApplicationException ( )" computerName="PC-SFERRARI" duration="00:00:00.0000420" startTime="2020-09-01T17:12:40.7664697+01:00" endTime="2020-09-01T17:12:40.7670946+01:00" testType="13cdc9d9-ddb5-4fa4-a97d-d965ccfc6d4b" outcome="Passed" testListId="8c84fa94-04c1-424b-9868-57a2d4851a1d" relativeResultsDirectory="26228dc2-57c5-49f4-8b7f-79e31753edca" dataRowInfo="3" resultType="DataDrivenDataRow" />
      </InnerResults>
    </UnitTestResult>
    <UnitTestResult executionId="39627008-1c6c-4f33-9778-4b154b5fac01" testId="db5cfafc-3c17-6a32-7e66-c495d547a55d" testName="ToValues_Passing_ValidEnumType_Returns_ValuesListString" computerName="PC-SFERRARI" duration="00:00:00.0009508" startTime="2020-09-01T17:12:39.6349409+01:00" endTime="2020-09-01T17:12:39.6360706+01:00" testType="13cdc9d9-ddb5-4fa4-a97d-d965ccfc6d4b" outcome="Passed" testListId="8c84fa94-04c1-424b-9868-57a2d4851a1d" relativeResultsDirectory="39627008-1c6c-4f33-9778-4b154b5fac01" />
    <UnitTestResult executionId="d8e573c2-2314-4a24-8e6c-550897334156" testId="f3004a45-bdd5-438e-fc7e-28c33c062c28" testName="ToHeader_Passing_HttpRequest_Header_Many_Values_Returns_Values" computerName="PC-SFERRARI" duration="00:00:00.0508386" startTime="2020-09-01T17:12:38.4134452+01:00" endTime="2020-09-01T17:12:38.4646287+01:00" testType="13cdc9d9-ddb5-4fa4-a97d-d965ccfc6d4b" outcome="Passed" testListId="8c84fa94-04c1-424b-9868-57a2d4851a1d" relativeResultsDirectory="d8e573c2-2314-4a24-8e6c-550897334156" />
    <UnitTestResult executionId="2296d7ab-6019-400d-9ebd-557b0666ae42" testId="187fc817-cc87-4584-0d6d-f1e6d34e2d4d" testName="ToSettings_Passing_Values_From_AppSettingsFile_Returns_Settings" computerName="PC-SFERRARI" duration="00:00:00.1065618" startTime="2020-09-01T17:12:38.0666182+01:00" endTime="2020-09-01T17:12:38.1733613+01:00" testType="13cdc9d9-ddb5-4fa4-a97d-d965ccfc6d4b" outcome="Passed" testListId="8c84fa94-04c1-424b-9868-57a2d4851a1d" relativeResultsDirectory="2296d7ab-6019-400d-9ebd-557b0666ae42" />
    <UnitTestResult executionId="54032aeb-8c09-4d5e-b9bb-c484b07120af" testId="e54a0ad2-a76b-1a44-1842-5ae494ff83de" testName="ToDetails_Passing_HttpContext_Returns_Details_HttpContext" computerName="PC-SFERRARI" duration="00:00:00.0158134" startTime="2020-09-01T17:12:38.3737425+01:00" endTime="2020-09-01T17:12:38.3897685+01:00" testType="13cdc9d9-ddb5-4fa4-a97d-d965ccfc6d4b" outcome="Passed" testListId="8c84fa94-04c1-424b-9868-57a2d4851a1d" relativeResultsDirectory="54032aeb-8c09-4d5e-b9bb-c484b07120af" />
    <UnitTestResult executionId="be3e510c-8d62-4421-8dfd-2d2f14237b1b" testId="8cf4f88c-3bb5-22e4-8890-4c5abd50c175" testName="ToInt_Passing_Enumeration_Name_Returns_Value" computerName="PC-SFERRARI" duration="00:00:00.0001773" startTime="2020-09-01T17:12:38.2628375+01:00" endTime="2020-09-01T17:12:38.2630932+01:00" testType="13cdc9d9-ddb5-4fa4-a97d-d965ccfc6d4b" outcome="Passed" testListId="8c84fa94-04c1-424b-9868-57a2d4851a1d" relativeResultsDirectory="be3e510c-8d62-4421-8dfd-2d2f14237b1b" />
    <UnitTestResult executionId="964991cf-e9a2-43e0-9cc3-947759d46911" testId="d5a24398-84ec-388f-59a6-8e6575d181fe" testName="IsLess_Passing_InvalidArguments_Returns_HasErrorsAndCount" computerName="PC-SFERRARI" duration="00:00:00.0022290" startTime="2020-09-01T17:12:39.5509261+01:00" endTime="2020-09-01T17:12:39.5532519+01:00" testType="13cdc9d9-ddb5-4fa4-a97d-d965ccfc6d4b" outcome="Passed" testListId="8c84fa94-04c1-424b-9868-57a2d4851a1d" relativeResultsDirectory="964991cf-e9a2-43e0-9cc3-947759d46911" />
    <UnitTestResult executionId="fc3a2f73-586a-48ea-b5d6-565d9a091067" testId="b3479f6d-f8c7-df3b-c065-73d385a9d648" testName="ToEnvironment_ServiceProvider_Passing_Development_Enviroment_Returns_Development_Name" computerName="PC-SFERRARI" duration="00:00:00.0004925" startTime="2020-09-01T17:12:37.9837035+01:00" endTime="2020-09-01T17:12:37.9842746+01:00" testType="13cdc9d9-ddb5-4fa4-a97d-d965ccfc6d4b" outcome="Passed" testListId="8c84fa94-04c1-424b-9868-57a2d4851a1d" relativeResultsDirectory="fc3a2f73-586a-48ea-b5d6-565d9a091067" />
    <UnitTestResult executionId="925b9e31-1853-4501-899d-2169c3f25292" testId="9e57f5ee-c284-a089-d441-add5094f384d" testName="IsNullOrEmpty_Passing_InvalidArguments_Returns_HasErrorsAndCount" computerName="PC-SFERRARI" duration="00:00:00.0019002" startTime="2020-09-01T17:12:39.5800217+01:00" endTime="2020-09-01T17:12:39.5821195+01:00" testType="13cdc9d9-ddb5-4fa4-a97d-d965ccfc6d4b" outcome="Passed" testListId="8c84fa94-04c1-424b-9868-57a2d4851a1d" relativeResultsDirectory="925b9e31-1853-4501-899d-2169c3f25292" />
    <UnitTestResult executionId="c1125586-a120-4b4d-b738-2a48a5a7c328" testId="560a86ee-dc59-f780-1c4a-62ca7b8dff22" testName="ToPaged_Passing_Name_Ascending_Order_Returns_Filter_List" computerName="PC-SFERRARI" duration="00:00:00.0012173" startTime="2020-09-01T17:12:38.9027789+01:00" endTime="2020-09-01T17:12:38.9040918+01:00" testType="13cdc9d9-ddb5-4fa4-a97d-d965ccfc6d4b" outcome="Passed" testListId="8c84fa94-04c1-424b-9868-57a2d4851a1d" relativeResultsDirectory="c1125586-a120-4b4d-b738-2a48a5a7c328" />
    <UnitTestResult executionId="d29d6f76-d8c0-4a75-9d06-0e1074d8789e" testId="0669ad66-ebac-1b60-d9f8-85ac26831181" testName="ToThrow_Passing_InvalidValue_Returns_ApplicationExceptionWithMessage" computerName="PC-SFERRARI" duration="00:00:00.0005366" startTime="2020-09-01T17:12:37.4962160+01:00" endTime="2020-09-01T17:12:37.4969204+01:00" testType="13cdc9d9-ddb5-4fa4-a97d-d965ccfc6d4b" outcome="Passed" testListId="8c84fa94-04c1-424b-9868-57a2d4851a1d" relativeResultsDirectory="d29d6f76-d8c0-4a75-9d06-0e1074d8789e" />
    <UnitTestResult executionId="85787637-4b1c-4c22-b60d-b7dbc75a4cd6" testId="a4294eba-06aa-d940-fe09-19719010df3a" testName="IsDomain_Passing_InvalidArguments_Returns_HasErrorsAndCount" computerName="PC-SFERRARI" duration="00:00:00.0005107" startTime="2020-09-01T17:12:39.5216962+01:00" endTime="2020-09-01T17:12:39.5223186+01:00" testType="13cdc9d9-ddb5-4fa4-a97d-d965ccfc6d4b" outcome="Passed" testListId="8c84fa94-04c1-424b-9868-57a2d4851a1d" relativeResultsDirectory="85787637-4b1c-4c22-b60d-b7dbc75a4cd6" />
    <UnitTestResult executionId="2477bec9-f85e-4a40-9e1e-07d4ed91e059" testId="7132a40e-3324-94b7-0d74-3203ad5bb5fa" testName="ToService_Passing_NotFound_Service_Returns_Null" computerName="PC-SFERRARI" duration="00:00:00.0001293" startTime="2020-09-01T17:12:38.0476053+01:00" endTime="2020-09-01T17:12:38.0478614+01:00" testType="13cdc9d9-ddb5-4fa4-a97d-d965ccfc6d4b" outcome="Passed" testListId="8c84fa94-04c1-424b-9868-57a2d4851a1d" relativeResultsDirectory="2477bec9-f85e-4a40-9e1e-07d4ed91e059" />
    <UnitTestResult executionId="2675801f-c901-4fa8-a6c9-aca42be3659e" testId="3e7a011d-8b5d-0fe1-8499-60df22ec1622" testName="ToDefaultValue_Passing_int_Returns_Cero" computerName="PC-SFERRARI" duration="00:00:00.0003558" startTime="2020-09-01T17:12:38.3153412+01:00" endTime="2020-09-01T17:12:38.3158780+01:00" testType="13cdc9d9-ddb5-4fa4-a97d-d965ccfc6d4b" outcome="Passed" testListId="8c84fa94-04c1-424b-9868-57a2d4851a1d" relativeResultsDirectory="2675801f-c901-4fa8-a6c9-aca42be3659e" resultType="DataDrivenTest">
      <InnerResults>
        <UnitTestResult executionId="cb4776b4-9947-4adf-9df5-140aa7f95cd8" parentExecutionId="2675801f-c901-4fa8-a6c9-aca42be3659e" testId="3e7a011d-8b5d-0fe1-8499-60df22ec1622" testName="ToDefaultValue_Passing_int_Returns_Cero (2147483647)" computerName="PC-SFERRARI" duration="00:00:00.0002988" startTime="2020-09-01T17:12:38.3153412+01:00" endTime="2020-09-01T17:12:38.3158780+01:00" testType="13cdc9d9-ddb5-4fa4-a97d-d965ccfc6d4b" outcome="Passed" testListId="8c84fa94-04c1-424b-9868-57a2d4851a1d" relativeResultsDirectory="cb4776b4-9947-4adf-9df5-140aa7f95cd8" dataRowInfo="1" resultType="DataDrivenDataRow" />
      </InnerResults>
    </UnitTestResult>
    <UnitTestResult executionId="f7ede6ce-7b29-469b-bd63-ac25d0c24e46" testId="c53caa15-12b2-2ac6-393e-0057bbd332f5" testName="ToIsDirectoryThrow_Passing_InvalidValue_Returns_ApplicationExceptionWithMessage" computerName="PC-SFERRARI" duration="00:00:00.0011983" startTime="2020-09-01T17:12:37.4198002+01:00" endTime="2020-09-01T17:12:37.4210894+01:00" testType="13cdc9d9-ddb5-4fa4-a97d-d965ccfc6d4b" outcome="Passed" testListId="8c84fa94-04c1-424b-9868-57a2d4851a1d" relativeResultsDirectory="f7ede6ce-7b29-469b-bd63-ac25d0c24e46" />
    <UnitTestResult executionId="8a8bd6fb-e8d7-4aa3-be09-58370d775dff" testId="69d54260-6ecb-a42b-4255-cc0383422b7d" testName="ToString_Passing_Valid_Collection_With_Custom_Separator_Returns_String_With_Custom_Separator" computerName="PC-SFERRARI" duration="00:00:00.0001658" startTime="2020-09-01T17:12:38.2143971+01:00" endTime="2020-09-01T17:12:38.2146532+01:00" testType="13cdc9d9-ddb5-4fa4-a97d-d965ccfc6d4b" outcome="Passed" testListId="8c84fa94-04c1-424b-9868-57a2d4851a1d" relativeResultsDirectory="8a8bd6fb-e8d7-4aa3-be09-58370d775dff" />
    <UnitTestResult executionId="895df473-3a2b-4b9d-9322-23ac8e16f154" testId="e6daf527-d4db-583b-7465-40f27603311a" testName="ToMapNew_Passing_TSource_And_TDestination_Returns_New_TDestination_Object" computerName="PC-SFERRARI" duration="00:00:00.0004718" startTime="2020-09-01T17:12:36.9363682+01:00" endTime="2020-09-01T17:12:36.9369544+01:00" testType="13cdc9d9-ddb5-4fa4-a97d-d965ccfc6d4b" outcome="Passed" testListId="8c84fa94-04c1-424b-9868-57a2d4851a1d" relativeResultsDirectory="895df473-3a2b-4b9d-9322-23ac8e16f154" />
    <UnitTestResult executionId="20aa0656-db75-4370-b61b-985606f6691a" testId="5d5c5e71-8d48-77a4-7f58-2d04decb50b2" testName="ToSetTime_Passing_Time_String_Returns_DateTime" computerName="PC-SFERRARI" duration="00:00:00.0039475" startTime="2020-09-01T17:12:38.2070939+01:00" endTime="2020-09-01T17:12:38.2111535+01:00" testType="13cdc9d9-ddb5-4fa4-a97d-d965ccfc6d4b" outcome="Passed" testListId="8c84fa94-04c1-424b-9868-57a2d4851a1d" relativeResultsDirectory="20aa0656-db75-4370-b61b-985606f6691a" />
    <UnitTestResult executionId="e02a2588-9d05-4951-bece-90c3f5807a1d" testId="20272610-5df8-0a8d-c8c1-0c00a7b4257b" testName="ToMapNew_Passing_TDestination_Returns_New_Destination_Object" computerName="PC-SFERRARI" duration="00:00:00.0064102" startTime="2020-09-01T17:12:36.9297826+01:00" endTime="2020-09-01T17:12:36.9363302+01:00" testType="13cdc9d9-ddb5-4fa4-a97d-d965ccfc6d4b" outcome="Passed" testListId="8c84fa94-04c1-424b-9868-57a2d4851a1d" relativeResultsDirectory="e02a2588-9d05-4951-bece-90c3f5807a1d" />
    <UnitTestResult executionId="1a200983-d8ed-493a-b5e6-08f493daea02" testId="0b8bc730-bd5d-eb21-7083-0664af88b31c" testName="ToMessage_Passing_ExceptionWithMessage_Returns_Message" computerName="PC-SFERRARI" duration="00:00:00.0001440" startTime="2020-09-01T17:12:38.2671934+01:00" endTime="2020-09-01T17:12:38.2674224+01:00" testType="13cdc9d9-ddb5-4fa4-a97d-d965ccfc6d4b" outcome="Passed" testListId="8c84fa94-04c1-424b-9868-57a2d4851a1d" relativeResultsDirectory="1a200983-d8ed-493a-b5e6-08f493daea02" />
    <UnitTestResult executionId="96b1d735-433c-44c5-8bc9-9ac8ebd686f8" testId="d91cf465-89c7-bfd7-e84c-cbbdc9106c3b" testName="CreateSHA512_Passing_Invalid_Arguments_Returns_ApplicationException" computerName="PC-SFERRARI" duration="00:00:00.0004621" startTime="2020-09-01T17:12:40.7671281+01:00" endTime="2020-09-01T17:12:40.7676672+01:00" testType="13cdc9d9-ddb5-4fa4-a97d-d965ccfc6d4b" outcome="Passed" testListId="8c84fa94-04c1-424b-9868-57a2d4851a1d" relativeResultsDirectory="96b1d735-433c-44c5-8bc9-9ac8ebd686f8" resultType="DataDrivenTest">
      <InnerResults>
        <UnitTestResult executionId="85b85ed1-10ed-43c0-82c0-ed89de371e9a" parentExecutionId="96b1d735-433c-44c5-8bc9-9ac8ebd686f8" testId="d91cf465-89c7-bfd7-e84c-cbbdc9106c3b" testName="CreateSHA512_Passing_Invalid_Arguments_Returns_ApplicationException ()" computerName="PC-SFERRARI" duration="00:00:00.0003140" startTime="2020-09-01T17:12:40.7671281+01:00" endTime="2020-09-01T17:12:40.7676672+01:00" testType="13cdc9d9-ddb5-4fa4-a97d-d965ccfc6d4b" outcome="Passed" testListId="8c84fa94-04c1-424b-9868-57a2d4851a1d" relativeResultsDirectory="85b85ed1-10ed-43c0-82c0-ed89de371e9a" dataRowInfo="1" resultType="DataDrivenDataRow" />
        <UnitTestResult executionId="696a23f0-4f73-4d78-9766-8254e6f2d764" parentExecutionId="96b1d735-433c-44c5-8bc9-9ac8ebd686f8" testId="d91cf465-89c7-bfd7-e84c-cbbdc9106c3b" testName="CreateSHA512_Passing_Invalid_Arguments_Returns_ApplicationException ()" computerName="PC-SFERRARI" duration="00:00:00.0000460" startTime="2020-09-01T17:12:40.7671281+01:00" endTime="2020-09-01T17:12:40.7676672+01:00" testType="13cdc9d9-ddb5-4fa4-a97d-d965ccfc6d4b" outcome="Passed" testListId="8c84fa94-04c1-424b-9868-57a2d4851a1d" relativeResultsDirectory="696a23f0-4f73-4d78-9766-8254e6f2d764" dataRowInfo="2" resultType="DataDrivenDataRow" />
        <UnitTestResult executionId="36291ca5-dd5c-4bf0-93a7-81da515d17be" parentExecutionId="96b1d735-433c-44c5-8bc9-9ac8ebd686f8" testId="d91cf465-89c7-bfd7-e84c-cbbdc9106c3b" testName="CreateSHA512_Passing_Invalid_Arguments_Returns_ApplicationException ( )" computerName="PC-SFERRARI" duration="00:00:00.0000414" startTime="2020-09-01T17:12:40.7671281+01:00" endTime="2020-09-01T17:12:40.7676672+01:00" testType="13cdc9d9-ddb5-4fa4-a97d-d965ccfc6d4b" outcome="Passed" testListId="8c84fa94-04c1-424b-9868-57a2d4851a1d" relativeResultsDirectory="36291ca5-dd5c-4bf0-93a7-81da515d17be" dataRowInfo="3" resultType="DataDrivenDataRow" />
      </InnerResults>
    </UnitTestResult>
    <UnitTestResult executionId="dda7a3dc-8f5b-4bf1-b7b5-a05a829dcdd3" testId="ca0bfdb7-6ab6-3d13-afbd-0c5c364304b4" testName="ToDefaultValue_Passing_bool_Returns_Cero" computerName="PC-SFERRARI" duration="00:00:00.0005342" startTime="2020-09-01T17:12:38.2684251+01:00" endTime="2020-09-01T17:12:38.2690350+01:00" testType="13cdc9d9-ddb5-4fa4-a97d-d965ccfc6d4b" outcome="Passed" testListId="8c84fa94-04c1-424b-9868-57a2d4851a1d" relativeResultsDirectory="dda7a3dc-8f5b-4bf1-b7b5-a05a829dcdd3" resultType="DataDrivenTest">
      <InnerResults>
        <UnitTestResult executionId="de60069b-33dd-4075-8c1a-e45bf3287ad3" parentExecutionId="dda7a3dc-8f5b-4bf1-b7b5-a05a829dcdd3" testId="ca0bfdb7-6ab6-3d13-afbd-0c5c364304b4" testName="ToDefaultValue_Passing_bool_Returns_Cero (True)" computerName="PC-SFERRARI" duration="00:00:00.0004783" startTime="2020-09-01T17:12:38.2684251+01:00" endTime="2020-09-01T17:12:38.2690350+01:00" testType="13cdc9d9-ddb5-4fa4-a97d-d965ccfc6d4b" outcome="Passed" testListId="8c84fa94-04c1-424b-9868-57a2d4851a1d" relativeResultsDirectory="de60069b-33dd-4075-8c1a-e45bf3287ad3" dataRowInfo="1" resultType="DataDrivenDataRow" />
      </InnerResults>
    </UnitTestResult>
    <UnitTestResult executionId="be15085d-522b-4b77-87e7-827e3505cf18" testId="021d8bec-70f5-dd9f-32d5-eac1f19b0740" testName="ToIsLastDayOfTheMonth_Passing_NotLastDayOfMonth_Returns_False" computerName="PC-SFERRARI" duration="00:00:00.0001223" startTime="2020-09-01T17:12:38.1794923+01:00" endTime="2020-09-01T17:12:38.1796928+01:00" testType="13cdc9d9-ddb5-4fa4-a97d-d965ccfc6d4b" outcome="Passed" testListId="8c84fa94-04c1-424b-9868-57a2d4851a1d" relativeResultsDirectory="be15085d-522b-4b77-87e7-827e3505cf18" />
    <UnitTestResult executionId="4e113794-e406-4195-8368-9a660230e04e" testId="fe74e1e9-9f9e-cd43-6d69-ee1b1e61f15f" testName="ToEmailMaskUserName_Passing_ValidEmail_Returns_EmailWithMask" computerName="PC-SFERRARI" duration="00:00:00.0002713" startTime="2020-09-01T17:12:39.0705990+01:00" endTime="2020-09-01T17:12:39.0709530+01:00" testType="13cdc9d9-ddb5-4fa4-a97d-d965ccfc6d4b" outcome="Passed" testListId="8c84fa94-04c1-424b-9868-57a2d4851a1d" relativeResultsDirectory="4e113794-e406-4195-8368-9a660230e04e" resultType="DataDrivenTest">
      <InnerResults>
        <UnitTestResult executionId="4dfc4ef4-9be8-40cb-ba01-90ce0694bc23" parentExecutionId="4e113794-e406-4195-8368-9a660230e04e" testId="fe74e1e9-9f9e-cd43-6d69-ee1b1e61f15f" testName="ToEmailMaskUserName_Passing_ValidEmail_Returns_EmailWithMask (miemail@gmail.com,m*****l@gmail.com)" computerName="PC-SFERRARI" duration="00:00:00.0002362" startTime="2020-09-01T17:12:39.0705990+01:00" endTime="2020-09-01T17:12:39.0709530+01:00" testType="13cdc9d9-ddb5-4fa4-a97d-d965ccfc6d4b" outcome="Passed" testListId="8c84fa94-04c1-424b-9868-57a2d4851a1d" relativeResultsDirectory="4dfc4ef4-9be8-40cb-ba01-90ce0694bc23" dataRowInfo="1" resultType="DataDrivenDataRow" />
      </InnerResults>
    </UnitTestResult>
    <UnitTestResult executionId="79ebbe8e-1b37-41c8-ba52-7a6b419eadf5" testId="c5b98f4d-a079-91b0-cf81-5ecc58989382" testName="ToHashAlgorithmName_Passing_InvalidValueStringWithDefaultValue_Returns_DefaultValue" computerName="PC-SFERRARI" duration="00:00:00.0001886" startTime="2020-09-01T17:12:39.1824189+01:00" endTime="2020-09-01T17:12:39.1826896+01:00" testType="13cdc9d9-ddb5-4fa4-a97d-d965ccfc6d4b" outcome="Passed" testListId="8c84fa94-04c1-424b-9868-57a2d4851a1d" relativeResultsDirectory="79ebbe8e-1b37-41c8-ba52-7a6b419eadf5" resultType="DataDrivenTest">
      <InnerResults>
        <UnitTestResult executionId="4b101018-08d0-4be9-b5bc-0d2620d61ffc" parentExecutionId="79ebbe8e-1b37-41c8-ba52-7a6b419eadf5" testId="c5b98f4d-a079-91b0-cf81-5ecc58989382" testName="ToHashAlgorithmName_Passing_InvalidValueStringWithDefaultValue_Returns_DefaultValue (hhhhhh)" computerName="PC-SFERRARI" duration="00:00:00.0001554" startTime="2020-09-01T17:12:39.1824189+01:00" endTime="2020-09-01T17:12:39.1826896+01:00" testType="13cdc9d9-ddb5-4fa4-a97d-d965ccfc6d4b" outcome="Passed" testListId="8c84fa94-04c1-424b-9868-57a2d4851a1d" relativeResultsDirectory="4b101018-08d0-4be9-b5bc-0d2620d61ffc" dataRowInfo="1" resultType="DataDrivenDataRow" />
      </InnerResults>
    </UnitTestResult>
    <UnitTestResult executionId="67bd0be5-f3f1-46bc-b32e-6c8ae716045d" testId="dce6325b-8e96-5375-f604-18b7832e7def" testName="ToList_Passing_ValidEnumType_Returns_ValuesList" computerName="PC-SFERRARI" duration="00:00:00.0003033" startTime="2020-09-01T17:12:39.6142346+01:00" endTime="2020-09-01T17:12:39.6146193+01:00" testType="13cdc9d9-ddb5-4fa4-a97d-d965ccfc6d4b" outcome="Passed" testListId="8c84fa94-04c1-424b-9868-57a2d4851a1d" relativeResultsDirectory="67bd0be5-f3f1-46bc-b32e-6c8ae716045d" />
    <UnitTestResult executionId="2b02b34b-47c1-4b72-b48f-105d79660f7e" testId="88aac24a-e0c3-7b67-85fc-be2df52dba34" testName="ToDirectoryDeleteFiles_Passing_ValidValue_Returns_DirectoryNoExists" computerName="PC-SFERRARI" duration="00:00:00.0255837" startTime="2020-09-01T17:12:38.9868880+01:00" endTime="2020-09-01T17:12:39.0126701+01:00" testType="13cdc9d9-ddb5-4fa4-a97d-d965ccfc6d4b" outcome="Passed" testListId="8c84fa94-04c1-424b-9868-57a2d4851a1d" relativeResultsDirectory="2b02b34b-47c1-4b72-b48f-105d79660f7e" />
    <UnitTestResult executionId="60f461c9-bde6-461f-b062-de2fefe1a20a" testId="7b5f6188-c1ec-acc0-340c-cb378214370f" testName="IsRange_Passing_InvalidArguments_Returns_HasErrorsAndCount" computerName="PC-SFERRARI" duration="00:00:00.0007949" startTime="2020-09-01T17:12:39.5821740+01:00" endTime="2020-09-01T17:12:39.5830762+01:00" testType="13cdc9d9-ddb5-4fa4-a97d-d965ccfc6d4b" outcome="Passed" testListId="8c84fa94-04c1-424b-9868-57a2d4851a1d" relativeResultsDirectory="60f461c9-bde6-461f-b062-de2fefe1a20a" />
    <UnitTestResult executionId="687d67ec-e8fe-4248-b6bd-8ede904b1228" testId="bfc11cb1-55b2-1945-b4dd-7c88a853c5ed" testName="ToIsAuthenticated_Passing_Claims_Returns_False" computerName="PC-SFERRARI" duration="00:00:00.0005232" startTime="2020-09-01T17:12:37.6687720+01:00" endTime="2020-09-01T17:12:37.6693865+01:00" testType="13cdc9d9-ddb5-4fa4-a97d-d965ccfc6d4b" outcome="Passed" testListId="8c84fa94-04c1-424b-9868-57a2d4851a1d" relativeResultsDirectory="687d67ec-e8fe-4248-b6bd-8ede904b1228" />
    <UnitTestResult executionId="ffb90b00-089b-4967-86f3-671deb75c765" testId="407da10e-ba2f-7713-1cbc-17d8952390e5" testName="ToStartOfWeek_Passing_DateTime_Returns_Start_Of_Week_DateTime" computerName="PC-SFERRARI" duration="00:00:00.0002772" startTime="2020-09-01T17:12:38.2112017+01:00" endTime="2020-09-01T17:12:38.2116169+01:00" testType="13cdc9d9-ddb5-4fa4-a97d-d965ccfc6d4b" outcome="Passed" testListId="8c84fa94-04c1-424b-9868-57a2d4851a1d" relativeResultsDirectory="ffb90b00-089b-4967-86f3-671deb75c765" />
    <UnitTestResult executionId="9ce74cdf-df5f-4bf2-89d0-70c91ea9e1da" testId="88161b45-db86-cd57-93fd-5645f5143966" testName="ToTryContentType_Passing_HttpRequestWithContentType_Value_Returns_ContentType_String_Value" computerName="PC-SFERRARI" duration="00:00:00.0156274" startTime="2020-09-01T17:12:38.4685613+01:00" endTime="2020-09-01T17:12:38.4842854+01:00" testType="13cdc9d9-ddb5-4fa4-a97d-d965ccfc6d4b" outcome="Passed" testListId="8c84fa94-04c1-424b-9868-57a2d4851a1d" relativeResultsDirectory="9ce74cdf-df5f-4bf2-89d0-70c91ea9e1da" />
    <UnitTestResult executionId="155c99ec-64c5-4963-bb64-16c7d6d9598b" testId="3066f1db-7c80-5b09-c292-a297daae00f6" testName="ToDictionaryPropertyInfo_Passing_Object_IncludeNullOrEmptyProperty_Returns_Properties_NameAndValue_Dictionary" computerName="PC-SFERRARI" duration="00:00:00.0017601" startTime="2020-09-01T17:12:38.3713973+01:00" endTime="2020-09-01T17:12:38.3732507+01:00" testType="13cdc9d9-ddb5-4fa4-a97d-d965ccfc6d4b" outcome="Passed" testListId="8c84fa94-04c1-424b-9868-57a2d4851a1d" relativeResultsDirectory="155c99ec-64c5-4963-bb64-16c7d6d9598b" />
    <UnitTestResult executionId="1a12e58f-cd59-490e-8b9c-68ef0f19dba6" testId="9ccf9ae6-5796-4cd4-1252-88e5642d6b7c" testName="ToAuthenticationType_Passing_Claims_Returns_Null" computerName="PC-SFERRARI" duration="00:00:00.0005262" startTime="2020-09-01T17:12:37.5865052+01:00" endTime="2020-09-01T17:12:37.5871597+01:00" testType="13cdc9d9-ddb5-4fa4-a97d-d965ccfc6d4b" outcome="Passed" testListId="8c84fa94-04c1-424b-9868-57a2d4851a1d" relativeResultsDirectory="1a12e58f-cd59-490e-8b9c-68ef0f19dba6" />
    <UnitTestResult executionId="87ec2f48-67bb-44a7-9b7b-00bc7c874d9e" testId="207a9b71-34bd-0c51-2904-9b3fc5a13547" testName="ToService_Passing_Valid_Service_Returns_Service" computerName="PC-SFERRARI" duration="00:00:00.0004425" startTime="2020-09-01T17:12:38.0478852+01:00" endTime="2020-09-01T17:12:38.0484008+01:00" testType="13cdc9d9-ddb5-4fa4-a97d-d965ccfc6d4b" outcome="Passed" testListId="8c84fa94-04c1-424b-9868-57a2d4851a1d" relativeResultsDirectory="87ec2f48-67bb-44a7-9b7b-00bc7c874d9e" />
    <UnitTestResult executionId="3522ca4e-646a-4d44-950a-2bb41ed083b1" testId="8753b945-3021-c959-7cc0-4647f9a71041" testName="ToCompress_Passing_Value_Bytes_Returns_Value_Bytes" computerName="PC-SFERRARI" duration="00:00:00.0004379" startTime="2020-09-01T17:12:37.4181359+01:00" endTime="2020-09-01T17:12:37.4186992+01:00" testType="13cdc9d9-ddb5-4fa4-a97d-d965ccfc6d4b" outcome="Passed" testListId="8c84fa94-04c1-424b-9868-57a2d4851a1d" relativeResultsDirectory="3522ca4e-646a-4d44-950a-2bb41ed083b1" />
    <UnitTestResult executionId="23bedf80-4db5-40c2-9665-3c41364bab12" testId="eba1a61d-f982-44b3-3eb9-7f9cfe190c81" testName="ToTryGetHeader_Passing_HttpRequest_Header_Many_Values_Returns_Values" computerName="PC-SFERRARI" duration="00:00:00.0013601" startTime="2020-09-01T17:12:38.4843310+01:00" endTime="2020-09-01T17:12:38.4858170+01:00" testType="13cdc9d9-ddb5-4fa4-a97d-d965ccfc6d4b" outcome="Passed" testListId="8c84fa94-04c1-424b-9868-57a2d4851a1d" relativeResultsDirectory="23bedf80-4db5-40c2-9665-3c41364bab12" />
    <UnitTestResult executionId="65cad3d7-686e-427f-894a-f479ddc4323e" testId="141ac01c-053a-7013-209a-8893b345c18f" testName="CreateAndVerifySHA512_Passing_Valid_Arguments_Returns_True" computerName="PC-SFERRARI" duration="00:00:00.0009081" startTime="2020-09-01T17:12:40.7446410+01:00" endTime="2020-09-01T17:12:40.7459650+01:00" testType="13cdc9d9-ddb5-4fa4-a97d-d965ccfc6d4b" outcome="Passed" testListId="8c84fa94-04c1-424b-9868-57a2d4851a1d" relativeResultsDirectory="65cad3d7-686e-427f-894a-f479ddc4323e" resultType="DataDrivenTest">
      <InnerResults>
        <UnitTestResult executionId="e90aca50-8713-47be-bb7b-8cfa8f463d51" parentExecutionId="65cad3d7-686e-427f-894a-f479ddc4323e" testId="141ac01c-053a-7013-209a-8893b345c18f" testName="CreateAndVerifySHA512_Passing_Valid_Arguments_Returns_True (Password)" computerName="PC-SFERRARI" duration="00:00:00.0007420" startTime="2020-09-01T17:12:40.7446410+01:00" endTime="2020-09-01T17:12:40.7459650+01:00" testType="13cdc9d9-ddb5-4fa4-a97d-d965ccfc6d4b" outcome="Passed" testListId="8c84fa94-04c1-424b-9868-57a2d4851a1d" relativeResultsDirectory="e90aca50-8713-47be-bb7b-8cfa8f463d51" dataRowInfo="1" resultType="DataDrivenDataRow" />
        <UnitTestResult executionId="4e4d5bbf-e2f3-4bcb-b139-09b63a7114cf" parentExecutionId="65cad3d7-686e-427f-894a-f479ddc4323e" testId="141ac01c-053a-7013-209a-8893b345c18f" testName="CreateAndVerifySHA512_Passing_Valid_Arguments_Returns_True (HashTests)" computerName="PC-SFERRARI" duration="00:00:00.0000304" startTime="2020-09-01T17:12:40.7446410+01:00" endTime="2020-09-01T17:12:40.7459650+01:00" testType="13cdc9d9-ddb5-4fa4-a97d-d965ccfc6d4b" outcome="Passed" testListId="8c84fa94-04c1-424b-9868-57a2d4851a1d" relativeResultsDirectory="4e4d5bbf-e2f3-4bcb-b139-09b63a7114cf" dataRowInfo="2" resultType="DataDrivenDataRow" />
        <UnitTestResult executionId="0a7409bf-c7b0-4459-be19-8e37858f9bcf" parentExecutionId="65cad3d7-686e-427f-894a-f479ddc4323e" testId="141ac01c-053a-7013-209a-8893b345c18f" testName="CreateAndVerifySHA512_Passing_Valid_Arguments_Returns_True (sdlfkjldsfksdfñl·%$·&amp;$/U&amp;/)(&amp;()?=)¿?^P*^PÑL,.,.lñ´ñ+98098'098098)" computerName="PC-SFERRARI" duration="00:00:00.0000263" startTime="2020-09-01T17:12:40.7446410+01:00" endTime="2020-09-01T17:12:40.7459650+01:00" testType="13cdc9d9-ddb5-4fa4-a97d-d965ccfc6d4b" outcome="Passed" testListId="8c84fa94-04c1-424b-9868-57a2d4851a1d" relativeResultsDirectory="0a7409bf-c7b0-4459-be19-8e37858f9bcf" dataRowInfo="3" resultType="DataDrivenDataRow" />
      </InnerResults>
    </UnitTestResult>
    <UnitTestResult executionId="7c89cdea-e9f2-47aa-805d-4345ec1de562" testId="97ac32f0-aa09-7e98-7ba4-4fe5f68e1600" testName="CreateAndVerifySHA256_Passing_Valid_Arguments_Returns_True" computerName="PC-SFERRARI" duration="00:00:00.0060259" startTime="2020-09-01T17:12:40.7148797+01:00" endTime="2020-09-01T17:12:40.7219537+01:00" testType="13cdc9d9-ddb5-4fa4-a97d-d965ccfc6d4b" outcome="Passed" testListId="8c84fa94-04c1-424b-9868-57a2d4851a1d" relativeResultsDirectory="7c89cdea-e9f2-47aa-805d-4345ec1de562" resultType="DataDrivenTest">
      <InnerResults>
        <UnitTestResult executionId="bfc3ea71-c8da-48d5-a349-708764c0c384" parentExecutionId="7c89cdea-e9f2-47aa-805d-4345ec1de562" testId="97ac32f0-aa09-7e98-7ba4-4fe5f68e1600" testName="CreateAndVerifySHA256_Passing_Valid_Arguments_Returns_True (Password)" computerName="PC-SFERRARI" duration="00:00:00.0054259" startTime="2020-09-01T17:12:40.7148797+01:00" endTime="2020-09-01T17:12:40.7219537+01:00" testType="13cdc9d9-ddb5-4fa4-a97d-d965ccfc6d4b" outcome="Passed" testListId="8c84fa94-04c1-424b-9868-57a2d4851a1d" relativeResultsDirectory="bfc3ea71-c8da-48d5-a349-708764c0c384" dataRowInfo="1" resultType="DataDrivenDataRow" />
        <UnitTestResult executionId="a9b518ad-2e44-4639-95ad-81be235daea2" parentExecutionId="7c89cdea-e9f2-47aa-805d-4345ec1de562" testId="97ac32f0-aa09-7e98-7ba4-4fe5f68e1600" testName="CreateAndVerifySHA256_Passing_Valid_Arguments_Returns_True (HashTests)" computerName="PC-SFERRARI" duration="00:00:00.0000608" startTime="2020-09-01T17:12:40.7148797+01:00" endTime="2020-09-01T17:12:40.7219537+01:00" testType="13cdc9d9-ddb5-4fa4-a97d-d965ccfc6d4b" outcome="Passed" testListId="8c84fa94-04c1-424b-9868-57a2d4851a1d" relativeResultsDirectory="a9b518ad-2e44-4639-95ad-81be235daea2" dataRowInfo="2" resultType="DataDrivenDataRow" />
        <UnitTestResult executionId="04d8c4ba-4484-4dce-9a0c-1089cea4209b" parentExecutionId="7c89cdea-e9f2-47aa-805d-4345ec1de562" testId="97ac32f0-aa09-7e98-7ba4-4fe5f68e1600" testName="CreateAndVerifySHA256_Passing_Valid_Arguments_Returns_True (sdlfkjldsfksdfñl·%$·&amp;$/U&amp;/)(&amp;()?=)¿?^P*^PÑL,.,.lñ´ñ+98098'098098)" computerName="PC-SFERRARI" duration="00:00:00.0000380" startTime="2020-09-01T17:12:40.7148797+01:00" endTime="2020-09-01T17:12:40.7219537+01:00" testType="13cdc9d9-ddb5-4fa4-a97d-d965ccfc6d4b" outcome="Passed" testListId="8c84fa94-04c1-424b-9868-57a2d4851a1d" relativeResultsDirectory="04d8c4ba-4484-4dce-9a0c-1089cea4209b" dataRowInfo="3" resultType="DataDrivenDataRow" />
      </InnerResults>
    </UnitTestResult>
    <UnitTestResult executionId="17f90cc5-e192-401f-82a3-835367eda480" testId="f09ee564-ba6b-846c-7215-1776329b0ea4" testName="ToAttribute_Passing_Enumeration_Name_Returns_Atributte" computerName="PC-SFERRARI" duration="00:00:00.0019115" startTime="2020-09-01T17:12:38.2547625+01:00" endTime="2020-09-01T17:12:38.2569820+01:00" testType="13cdc9d9-ddb5-4fa4-a97d-d965ccfc6d4b" outcome="Passed" testListId="8c84fa94-04c1-424b-9868-57a2d4851a1d" relativeResultsDirectory="17f90cc5-e192-401f-82a3-835367eda480" />
    <UnitTestResult executionId="6dc78e32-dd6b-4d97-922c-60eea949004d" testId="af1744a8-849e-ce3d-974d-b0417a9e373e" testName="ToHasErrors_Passing_InvalidValue_Returns_ApplicationExceptionWithMessage" computerName="PC-SFERRARI" duration="00:00:00.0007837" startTime="2020-09-01T17:12:37.4187252+01:00" endTime="2020-09-01T17:12:37.4197747+01:00" testType="13cdc9d9-ddb5-4fa4-a97d-d965ccfc6d4b" outcome="Passed" testListId="8c84fa94-04c1-424b-9868-57a2d4851a1d" relativeResultsDirectory="6dc78e32-dd6b-4d97-922c-60eea949004d" />
    <UnitTestResult executionId="37cd0f59-7c00-4844-89d0-97ddf98ab13d" testId="a8b20943-7fa3-43d0-f786-2908f6ceedd0" testName="ToContentType_Passing_ValidValueString_Returns_ContentType" computerName="PC-SFERRARI" duration="00:00:00.0236633" startTime="2020-09-01T17:12:38.9328236+01:00" endTime="2020-09-01T17:12:38.9565944+01:00" testType="13cdc9d9-ddb5-4fa4-a97d-d965ccfc6d4b" outcome="Passed" testListId="8c84fa94-04c1-424b-9868-57a2d4851a1d" relativeResultsDirectory="37cd0f59-7c00-4844-89d0-97ddf98ab13d" resultType="DataDrivenTest">
      <InnerResults>
        <UnitTestResult executionId="777434c4-d480-4967-9589-7e8d627fb579" parentExecutionId="37cd0f59-7c00-4844-89d0-97ddf98ab13d" testId="a8b20943-7fa3-43d0-f786-2908f6ceedd0" testName="ToContentType_Passing_ValidValueString_Returns_ContentType (xxxx.pdf,application/pdf)" computerName="PC-SFERRARI" duration="00:00:00.0233451" startTime="2020-09-01T17:12:38.9328236+01:00" endTime="2020-09-01T17:12:38.9565944+01:00" testType="13cdc9d9-ddb5-4fa4-a97d-d965ccfc6d4b" outcome="Passed" testListId="8c84fa94-04c1-424b-9868-57a2d4851a1d" relativeResultsDirectory="777434c4-d480-4967-9589-7e8d627fb579" dataRowInfo="1" resultType="DataDrivenDataRow" />
        <UnitTestResult executionId="52689f2a-802a-45da-b514-dcbbe9bde4dc" parentExecutionId="37cd0f59-7c00-4844-89d0-97ddf98ab13d" testId="a8b20943-7fa3-43d0-f786-2908f6ceedd0" testName="ToContentType_Passing_ValidValueString_Returns_ContentType (xxxx.json,application/json)" computerName="PC-SFERRARI" duration="00:00:00.0000488" startTime="2020-09-01T17:12:38.9328236+01:00" endTime="2020-09-01T17:12:38.9565944+01:00" testType="13cdc9d9-ddb5-4fa4-a97d-d965ccfc6d4b" outcome="Passed" testListId="8c84fa94-04c1-424b-9868-57a2d4851a1d" relativeResultsDirectory="52689f2a-802a-45da-b514-dcbbe9bde4dc" dataRowInfo="2" resultType="DataDrivenDataRow" />
        <UnitTestResult executionId="aa89a2c7-e7c7-4c3e-894a-71d4b7718b09" parentExecutionId="37cd0f59-7c00-4844-89d0-97ddf98ab13d" testId="a8b20943-7fa3-43d0-f786-2908f6ceedd0" testName="ToContentType_Passing_ValidValueString_Returns_ContentType (xxxx.gif,image/gif)" computerName="PC-SFERRARI" duration="00:00:00.0000309" startTime="2020-09-01T17:12:38.9328236+01:00" endTime="2020-09-01T17:12:38.9565944+01:00" testType="13cdc9d9-ddb5-4fa4-a97d-d965ccfc6d4b" outcome="Passed" testListId="8c84fa94-04c1-424b-9868-57a2d4851a1d" relativeResultsDirectory="aa89a2c7-e7c7-4c3e-894a-71d4b7718b09" dataRowInfo="3" resultType="DataDrivenDataRow" />
        <UnitTestResult executionId="42afcc2e-baca-4a0c-8afb-0bd455474dc6" parentExecutionId="37cd0f59-7c00-4844-89d0-97ddf98ab13d" testId="a8b20943-7fa3-43d0-f786-2908f6ceedd0" testName="ToContentType_Passing_ValidValueString_Returns_ContentType (xxxx.jpeg,image/jpeg)" computerName="PC-SFERRARI" duration="00:00:00.0000287" startTime="2020-09-01T17:12:38.9328236+01:00" endTime="2020-09-01T17:12:38.9565944+01:00" testType="13cdc9d9-ddb5-4fa4-a97d-d965ccfc6d4b" outcome="Passed" testListId="8c84fa94-04c1-424b-9868-57a2d4851a1d" relativeResultsDirectory="42afcc2e-baca-4a0c-8afb-0bd455474dc6" dataRowInfo="4" resultType="DataDrivenDataRow" />
        <UnitTestResult executionId="4b56c220-6b52-49b0-9eee-212ced31fde2" parentExecutionId="37cd0f59-7c00-4844-89d0-97ddf98ab13d" testId="a8b20943-7fa3-43d0-f786-2908f6ceedd0" testName="ToContentType_Passing_ValidValueString_Returns_ContentType (xxxx.html,text/html)" computerName="PC-SFERRARI" duration="00:00:00.0000272" startTime="2020-09-01T17:12:38.9328236+01:00" endTime="2020-09-01T17:12:38.9565944+01:00" testType="13cdc9d9-ddb5-4fa4-a97d-d965ccfc6d4b" outcome="Passed" testListId="8c84fa94-04c1-424b-9868-57a2d4851a1d" relativeResultsDirectory="4b56c220-6b52-49b0-9eee-212ced31fde2" dataRowInfo="5" resultType="DataDrivenDataRow" />
        <UnitTestResult executionId="14fdcc69-7264-40e9-8e88-82277b8028f5" parentExecutionId="37cd0f59-7c00-4844-89d0-97ddf98ab13d" testId="a8b20943-7fa3-43d0-f786-2908f6ceedd0" testName="ToContentType_Passing_ValidValueString_Returns_ContentType (xxxx.txt,text/plain)" computerName="PC-SFERRARI" duration="00:00:00.0000333" startTime="2020-09-01T17:12:38.9328236+01:00" endTime="2020-09-01T17:12:38.9565944+01:00" testType="13cdc9d9-ddb5-4fa4-a97d-d965ccfc6d4b" outcome="Passed" testListId="8c84fa94-04c1-424b-9868-57a2d4851a1d" relativeResultsDirectory="14fdcc69-7264-40e9-8e88-82277b8028f5" dataRowInfo="6" resultType="DataDrivenDataRow" />
      </InnerResults>
    </UnitTestResult>
    <UnitTestResult executionId="3dff9053-f0aa-4413-b126-892b2281d63e" testId="bb1027b7-1469-c705-4b36-f77fd9229b00" testName="ToIsNullOrAny_Passing_InvalidValue_Returns_True" computerName="PC-SFERRARI" duration="00:00:00.0001274" startTime="2020-09-01T17:12:37.4694023+01:00" endTime="2020-09-01T17:12:37.4696290+01:00" testType="13cdc9d9-ddb5-4fa4-a97d-d965ccfc6d4b" outcome="Passed" testListId="8c84fa94-04c1-424b-9868-57a2d4851a1d" relativeResultsDirectory="3dff9053-f0aa-4413-b126-892b2281d63e" />
    <UnitTestResult executionId="fe0f12ab-1077-4827-935f-b0772614dd5d" testId="d295464f-a17a-f539-e79a-d6f523fcf49e" testName="ToEnvironment_Passing_Service_Not_Found_Returns_ApplicationException" computerName="PC-SFERRARI" duration="00:00:00.0121718" startTime="2020-09-01T17:12:37.3517520+01:00" endTime="2020-09-01T17:12:37.3640296+01:00" testType="13cdc9d9-ddb5-4fa4-a97d-d965ccfc6d4b" outcome="Passed" testListId="8c84fa94-04c1-424b-9868-57a2d4851a1d" relativeResultsDirectory="fe0f12ab-1077-4827-935f-b0772614dd5d" />
    <UnitTestResult executionId="fe8b376d-0bad-4b02-9caa-83c8fef47421" testId="e3ed184b-300f-cd12-85b3-8a7ebedc73d8" testName="ToDefaultValue_Passing_ValidGuid_Returns_DefaultValue" computerName="PC-SFERRARI" duration="00:00:00.0002302" startTime="2020-09-01T17:12:39.5197708+01:00" endTime="2020-09-01T17:12:39.5200787+01:00" testType="13cdc9d9-ddb5-4fa4-a97d-d965ccfc6d4b" outcome="Passed" testListId="8c84fa94-04c1-424b-9868-57a2d4851a1d" relativeResultsDirectory="fe8b376d-0bad-4b02-9caa-83c8fef47421" />
    <UnitTestResult executionId="abf94ce6-0c7e-4708-97a8-b61f0f88707a" testId="06745a62-4d4f-287d-d70e-4f06820646ba" testName="ToEnvironment_ServiceCollection_Passing_Development_Enviroment_Returns_Development_Name" computerName="PC-SFERRARI" duration="00:00:00.0003842" startTime="2020-09-01T17:12:37.9468280+01:00" endTime="2020-09-01T17:12:37.9473073+01:00" testType="13cdc9d9-ddb5-4fa4-a97d-d965ccfc6d4b" outcome="Passed" testListId="8c84fa94-04c1-424b-9868-57a2d4851a1d" relativeResultsDirectory="abf94ce6-0c7e-4708-97a8-b61f0f88707a" />
    <UnitTestResult executionId="a6968d73-ad2e-4e36-aa31-0005cff6f8b6" testId="e308cd25-9ef3-a742-3e97-3796cdac9d85" testName="ToAssembly_Passing_ValidValueAssemblyString_Returns_Assembly" computerName="PC-SFERRARI" duration="00:00:00.0003182" startTime="2020-09-01T17:12:38.9321206+01:00" endTime="2020-09-01T17:12:38.9327965+01:00" testType="13cdc9d9-ddb5-4fa4-a97d-d965ccfc6d4b" outcome="Passed" testListId="8c84fa94-04c1-424b-9868-57a2d4851a1d" relativeResultsDirectory="a6968d73-ad2e-4e36-aa31-0005cff6f8b6" />
    <UnitTestResult executionId="22ce8768-f5fd-4004-b8ac-1f776bb43c0e" testId="befca560-4acc-5d69-c04c-46c8bc6349d8" testName="ToGet_Passing_Claims_Returns_Claim_Value_Object" computerName="PC-SFERRARI" duration="00:00:00.0048342" startTime="2020-09-01T17:12:37.6629732+01:00" endTime="2020-09-01T17:12:37.6679267+01:00" testType="13cdc9d9-ddb5-4fa4-a97d-d965ccfc6d4b" outcome="Passed" testListId="8c84fa94-04c1-424b-9868-57a2d4851a1d" relativeResultsDirectory="22ce8768-f5fd-4004-b8ac-1f776bb43c0e" />
    <UnitTestResult executionId="1b431b57-5d08-4280-99c6-edb2bac56f93" testId="5722059a-0037-40d7-d2be-e88e08495feb" testName="ToDefaultValue_Passing_short_Returns_Cero" computerName="PC-SFERRARI" duration="00:00:00.0002541" startTime="2020-09-01T17:12:38.3166935+01:00" endTime="2020-09-01T17:12:38.3170181+01:00" testType="13cdc9d9-ddb5-4fa4-a97d-d965ccfc6d4b" outcome="Passed" testListId="8c84fa94-04c1-424b-9868-57a2d4851a1d" relativeResultsDirectory="1b431b57-5d08-4280-99c6-edb2bac56f93" resultType="DataDrivenTest">
      <InnerResults>
        <UnitTestResult executionId="997dd7bc-fa89-4317-98ae-df08b3ac9a0d" parentExecutionId="1b431b57-5d08-4280-99c6-edb2bac56f93" testId="5722059a-0037-40d7-d2be-e88e08495feb" testName="ToDefaultValue_Passing_short_Returns_Cero (32767)" computerName="PC-SFERRARI" duration="00:00:00.0002190" startTime="2020-09-01T17:12:38.3166935+01:00" endTime="2020-09-01T17:12:38.3170181+01:00" testType="13cdc9d9-ddb5-4fa4-a97d-d965ccfc6d4b" outcome="Passed" testListId="8c84fa94-04c1-424b-9868-57a2d4851a1d" relativeResultsDirectory="997dd7bc-fa89-4317-98ae-df08b3ac9a0d" dataRowInfo="1" resultType="DataDrivenDataRow" />
      </InnerResults>
    </UnitTestResult>
    <UnitTestResult executionId="0d541d0f-5a78-4b38-9452-4e48356f3fa8" testId="5624b5fc-a59a-fbea-ef3f-9dbc8ef0c3b4" testName="ToConfiguration_Passing_Valid_DirectoryPath_Invalid_JsonFileName_Not_Optional_Returns_ApplicationException" computerName="PC-SFERRARI" duration="00:00:00.0517719" startTime="2020-09-01T17:12:37.8186790+01:00" endTime="2020-09-01T17:12:37.8705739+01:00" testType="13cdc9d9-ddb5-4fa4-a97d-d965ccfc6d4b" outcome="Passed" testListId="8c84fa94-04c1-424b-9868-57a2d4851a1d" relativeResultsDirectory="0d541d0f-5a78-4b38-9452-4e48356f3fa8" />
    <UnitTestResult executionId="0301779d-8a80-4f24-afdf-c5f07d02d3aa" testId="f12b1480-1a2c-e6b2-a7d5-e18e3051e76a" testName="ToService_Passing_Valid_Service_Returns_Service" computerName="PC-SFERRARI" duration="00:00:00.0003842" startTime="2020-09-01T17:12:37.3666287+01:00" endTime="2020-09-01T17:12:37.3670880+01:00" testType="13cdc9d9-ddb5-4fa4-a97d-d965ccfc6d4b" outcome="Passed" testListId="8c84fa94-04c1-424b-9868-57a2d4851a1d" relativeResultsDirectory="0301779d-8a80-4f24-afdf-c5f07d02d3aa" />
    <UnitTestResult executionId="efc67ef3-cad4-47c5-84d0-4ca73497c840" testId="8b6ffba5-03c6-3d4c-b745-d27bcc21e317" testName="ToExists_Passing_NotFound_Service_Returns_False" computerName="PC-SFERRARI" duration="00:00:00.0002656" startTime="2020-09-01T17:12:37.9842989+01:00" endTime="2020-09-01T17:12:37.9846428+01:00" testType="13cdc9d9-ddb5-4fa4-a97d-d965ccfc6d4b" outcome="Passed" testListId="8c84fa94-04c1-424b-9868-57a2d4851a1d" relativeResultsDirectory="efc67ef3-cad4-47c5-84d0-4ca73497c840" />
    <UnitTestResult executionId="e0d216af-4e63-4e08-8a91-2277d83718c3" testId="9014a3d8-456c-66d3-12d5-6a69005e537e" testName="ToTomorrow_Passing_DateTime_Returns_Tomorrow_DateTime" computerName="PC-SFERRARI" duration="00:00:00.0002034" startTime="2020-09-01T17:12:38.2116411+01:00" endTime="2020-09-01T17:12:38.2119232+01:00" testType="13cdc9d9-ddb5-4fa4-a97d-d965ccfc6d4b" outcome="Passed" testListId="8c84fa94-04c1-424b-9868-57a2d4851a1d" relativeResultsDirectory="e0d216af-4e63-4e08-8a91-2277d83718c3" />
    <UnitTestResult executionId="cedaa546-21e7-41ff-ad5e-232cc198a9d0" testId="ea5a518c-fa8e-c8f1-0a76-3fa15e99e78a" testName="ToIsNameThrow_Passing_InvalidValue_Returns_ApplicationExceptionWithMessage" computerName="PC-SFERRARI" duration="00:00:00.0033092" startTime="2020-09-01T17:12:37.4639363+01:00" endTime="2020-09-01T17:12:37.4673395+01:00" testType="13cdc9d9-ddb5-4fa4-a97d-d965ccfc6d4b" outcome="Passed" testListId="8c84fa94-04c1-424b-9868-57a2d4851a1d" relativeResultsDirectory="cedaa546-21e7-41ff-ad5e-232cc198a9d0" />
    <UnitTestResult executionId="a617f3ba-dc77-4674-b00e-23638491e007" testId="01155794-50c3-cf3c-83bd-404dcbf5f477" testName="ToUserName_Passing_Null_ClaimsPrincipal_Returns_ApplicationException" computerName="PC-SFERRARI" duration="00:00:00.0006683" startTime="2020-09-01T17:12:37.6966982+01:00" endTime="2020-09-01T17:12:37.6975701+01:00" testType="13cdc9d9-ddb5-4fa4-a97d-d965ccfc6d4b" outcome="Passed" testListId="8c84fa94-04c1-424b-9868-57a2d4851a1d" relativeResultsDirectory="a617f3ba-dc77-4674-b00e-23638491e007" />
    <UnitTestResult executionId="40061430-cd22-4735-a106-30ee92a799c4" testId="d3abb81b-44db-2c54-599b-2e57ce24e39c" testName="ToEmailMask_Passing_ValidEmail_Returns_EmailWithMask" computerName="PC-SFERRARI" duration="00:00:00.0001653" startTime="2020-09-01T17:12:39.0709801+01:00" endTime="2020-09-01T17:12:39.0712186+01:00" testType="13cdc9d9-ddb5-4fa4-a97d-d965ccfc6d4b" outcome="Passed" testListId="8c84fa94-04c1-424b-9868-57a2d4851a1d" relativeResultsDirectory="40061430-cd22-4735-a106-30ee92a799c4" resultType="DataDrivenTest">
      <InnerResults>
        <UnitTestResult executionId="1764f870-d048-4cb7-b9e9-b3184402949c" parentExecutionId="40061430-cd22-4735-a106-30ee92a799c4" testId="d3abb81b-44db-2c54-599b-2e57ce24e39c" testName="ToEmailMask_Passing_ValidEmail_Returns_EmailWithMask (miemail@gmail.com,m-----l@g---l.c-m,(?&lt;=(?:^|@)[^.]*)\B.\B|(?&lt;=[\w]{1})[\w-\+%]*(?=[\w]{1}),-)" computerName="PC-SFERRARI" duration="00:00:00.0001276" startTime="2020-09-01T17:12:39.0709801+01:00" endTime="2020-09-01T17:12:39.0712186+01:00" testType="13cdc9d9-ddb5-4fa4-a97d-d965ccfc6d4b" outcome="Passed" testListId="8c84fa94-04c1-424b-9868-57a2d4851a1d" relativeResultsDirectory="1764f870-d048-4cb7-b9e9-b3184402949c" dataRowInfo="1" resultType="DataDrivenDataRow" />
      </InnerResults>
    </UnitTestResult>
    <UnitTestResult executionId="64f60140-37fb-434c-b25c-8cf839450dd9" testId="4a3460f0-8b98-b2f9-7c19-a411860512f6" testName="ToFullMessage_Passing_ExceptionWithMessageWithInnerException_Returns_Full_Message" computerName="PC-SFERRARI" duration="00:00:00.0034264" startTime="2020-09-01T17:12:38.2631168+01:00" endTime="2020-09-01T17:12:38.2667590+01:00" testType="13cdc9d9-ddb5-4fa4-a97d-d965ccfc6d4b" outcome="Passed" testListId="8c84fa94-04c1-424b-9868-57a2d4851a1d" relativeResultsDirectory="64f60140-37fb-434c-b25c-8cf839450dd9" />
    <UnitTestResult executionId="05d99dc8-d3c2-4f17-a95c-5568671a5c46" testId="5f6c6d5e-b117-02f2-917e-cc0a0bc5fd84" testName="ToService_Passing_Service_Not_Found_Returns_ApplicationException" computerName="PC-SFERRARI" duration="00:00:00.0004064" startTime="2020-09-01T17:12:37.3657647+01:00" endTime="2020-09-01T17:12:37.3662507+01:00" testType="13cdc9d9-ddb5-4fa4-a97d-d965ccfc6d4b" outcome="Passed" testListId="8c84fa94-04c1-424b-9868-57a2d4851a1d" relativeResultsDirectory="05d99dc8-d3c2-4f17-a95c-5568671a5c46" />
    <UnitTestResult executionId="03f24028-a362-44d8-ad6d-09199e7f7ad6" testId="f01f6290-de81-a8e8-03a0-3dc388640afd" testName="ToGetAll_Passing_Claims_Returns_Claim_Value_Object_List" computerName="PC-SFERRARI" duration="00:00:00.0301107" startTime="2020-09-01T17:12:37.6271949+01:00" endTime="2020-09-01T17:12:37.6575010+01:00" testType="13cdc9d9-ddb5-4fa4-a97d-d965ccfc6d4b" outcome="Passed" testListId="8c84fa94-04c1-424b-9868-57a2d4851a1d" relativeResultsDirectory="03f24028-a362-44d8-ad6d-09199e7f7ad6" />
    <UnitTestResult executionId="4b97f321-d086-4ee3-9931-76163ac8b426" testId="3389c38d-b655-9e80-9e11-d73eb899bc2f" testName="ToHashAlgorithmName_Passing_InvalidValueString_Returns_Null" computerName="PC-SFERRARI" duration="00:00:00.0001861" startTime="2020-09-01T17:12:39.1827144+01:00" endTime="2020-09-01T17:12:39.1829705+01:00" testType="13cdc9d9-ddb5-4fa4-a97d-d965ccfc6d4b" outcome="Passed" testListId="8c84fa94-04c1-424b-9868-57a2d4851a1d" relativeResultsDirectory="4b97f321-d086-4ee3-9931-76163ac8b426" resultType="DataDrivenTest">
      <InnerResults>
        <UnitTestResult executionId="addff50d-3e5a-4d5b-a772-91f795b2ccd4" parentExecutionId="4b97f321-d086-4ee3-9931-76163ac8b426" testId="3389c38d-b655-9e80-9e11-d73eb899bc2f" testName="ToHashAlgorithmName_Passing_InvalidValueString_Returns_Null (hhhhhh)" computerName="PC-SFERRARI" duration="00:00:00.0001538" startTime="2020-09-01T17:12:39.1827144+01:00" endTime="2020-09-01T17:12:39.1829705+01:00" testType="13cdc9d9-ddb5-4fa4-a97d-d965ccfc6d4b" outcome="Passed" testListId="8c84fa94-04c1-424b-9868-57a2d4851a1d" relativeResultsDirectory="addff50d-3e5a-4d5b-a772-91f795b2ccd4" dataRowInfo="1" resultType="DataDrivenDataRow" />
      </InnerResults>
    </UnitTestResult>
    <UnitTestResult executionId="97cca145-d78e-4baf-98fd-c23c93bb011b" testId="64acda9a-8a2e-d920-11bc-cbd6d2a0d1a1" testName="ToIsWeekend_Passing_Sunday_DateTime_Returns_True" computerName="PC-SFERRARI" duration="00:00:00.0001082" startTime="2020-09-01T17:12:38.1802245+01:00" endTime="2020-09-01T17:12:38.1804047+01:00" testType="13cdc9d9-ddb5-4fa4-a97d-d965ccfc6d4b" outcome="Passed" testListId="8c84fa94-04c1-424b-9868-57a2d4851a1d" relativeResultsDirectory="97cca145-d78e-4baf-98fd-c23c93bb011b" />
    <UnitTestResult executionId="af35d4d7-d54e-4028-8d2f-fa8df7eb002c" testId="3622b24e-5f92-7764-ede1-51eedecd15e2" testName="IsEqual_Passing_InvalidArguments_Returns_HasErrorsAndCount" computerName="PC-SFERRARI" duration="00:00:00.0006623" startTime="2020-09-01T17:12:39.5440811+01:00" endTime="2020-09-01T17:12:39.5449211+01:00" testType="13cdc9d9-ddb5-4fa4-a97d-d965ccfc6d4b" outcome="Passed" testListId="8c84fa94-04c1-424b-9868-57a2d4851a1d" relativeResultsDirectory="af35d4d7-d54e-4028-8d2f-fa8df7eb002c" />
    <UnitTestResult executionId="27afa693-1647-4817-bc56-5720b1f6c4c6" testId="6a38239d-855c-a5eb-59db-53dcbc789347" testName="IsDirectory_Passing_InvalidArguments_Returns_HasErrorsAndCount" computerName="PC-SFERRARI" duration="00:00:00.0006349" startTime="2020-09-01T17:12:39.5208111+01:00" endTime="2020-09-01T17:12:39.5216732+01:00" testType="13cdc9d9-ddb5-4fa4-a97d-d965ccfc6d4b" outcome="Passed" testListId="8c84fa94-04c1-424b-9868-57a2d4851a1d" relativeResultsDirectory="27afa693-1647-4817-bc56-5720b1f6c4c6" />
    <UnitTestResult executionId="32087e52-706e-471a-beef-ea30a95b3fe7" testId="0941f429-aa92-ce96-588f-e696162f5398" testName="IsEmail_Passing_InvalidArguments_Returns_HasErrorsAndCount" computerName="PC-SFERRARI" duration="00:00:00.0001540" startTime="2020-09-01T17:12:39.5223415+01:00" endTime="2020-09-01T17:12:39.5225785+01:00" testType="13cdc9d9-ddb5-4fa4-a97d-d965ccfc6d4b" outcome="Passed" testListId="8c84fa94-04c1-424b-9868-57a2d4851a1d" relativeResultsDirectory="32087e52-706e-471a-beef-ea30a95b3fe7" />
    <UnitTestResult executionId="74b6798d-70ea-4d0f-88d0-4431c37d9620" testId="6537dd0f-ffc8-fd2a-861a-624b21268978" testName="ToDisplay_Passing_Enumeration_Name_Returns_Display_Atributte" computerName="PC-SFERRARI" duration="00:00:00.0051413" startTime="2020-09-01T17:12:38.2570207+01:00" endTime="2020-09-01T17:12:38.2622758+01:00" testType="13cdc9d9-ddb5-4fa4-a97d-d965ccfc6d4b" outcome="Passed" testListId="8c84fa94-04c1-424b-9868-57a2d4851a1d" relativeResultsDirectory="74b6798d-70ea-4d0f-88d0-4431c37d9620" />
    <UnitTestResult executionId="64d29e3f-a37f-4b19-90b5-b7da9f9bf896" testId="ead0a11b-44ec-8973-fd99-c43158b18c14" testName="ToDefaultValue_Passing_decimal_Returns_Cero" computerName="PC-SFERRARI" duration="00:00:00.0002609" startTime="2020-09-01T17:12:38.2947329+01:00" endTime="2020-09-01T17:12:38.2950729+01:00" testType="13cdc9d9-ddb5-4fa4-a97d-d965ccfc6d4b" outcome="Passed" testListId="8c84fa94-04c1-424b-9868-57a2d4851a1d" relativeResultsDirectory="64d29e3f-a37f-4b19-90b5-b7da9f9bf896" />
    <UnitTestResult executionId="44650c6b-d33b-426b-8bf9-3aaaf1f51b2c" testId="8bddabe7-b6bf-e8a0-1bef-884ff3132d8d" testName="ToEnum_Passing_InvalidValueString_Returns_EnumCustomValue" computerName="PC-SFERRARI" duration="00:00:00.0008524" startTime="2020-09-01T17:12:39.0724093+01:00" endTime="2020-09-01T17:12:39.0733463+01:00" testType="13cdc9d9-ddb5-4fa4-a97d-d965ccfc6d4b" outcome="Passed" testListId="8c84fa94-04c1-424b-9868-57a2d4851a1d" relativeResultsDirectory="44650c6b-d33b-426b-8bf9-3aaaf1f51b2c" />
    <UnitTestResult executionId="627b160e-ef68-468f-bf51-dbd5d7a18d05" testId="46b6f1f8-c604-191d-d990-242ae535cd55" testName="ToEmailMaskUserNameAndDomain_Passing_ValidEmail_Returns_EmailWithMask" computerName="PC-SFERRARI" duration="00:00:00.0003783" startTime="2020-09-01T17:12:39.0699815+01:00" endTime="2020-09-01T17:12:39.0705514+01:00" testType="13cdc9d9-ddb5-4fa4-a97d-d965ccfc6d4b" outcome="Passed" testListId="8c84fa94-04c1-424b-9868-57a2d4851a1d" relativeResultsDirectory="627b160e-ef68-468f-bf51-dbd5d7a18d05" resultType="DataDrivenTest">
      <InnerResults>
        <UnitTestResult executionId="69d45e4b-7dc3-47bd-a6e7-5f152fde41f1" parentExecutionId="627b160e-ef68-468f-bf51-dbd5d7a18d05" testId="46b6f1f8-c604-191d-d990-242ae535cd55" testName="ToEmailMaskUserNameAndDomain_Passing_ValidEmail_Returns_EmailWithMask (miemail@gmail.com,m*****l@g***l.com)" computerName="PC-SFERRARI" duration="00:00:00.0003257" startTime="2020-09-01T17:12:39.0699815+01:00" endTime="2020-09-01T17:12:39.0705514+01:00" testType="13cdc9d9-ddb5-4fa4-a97d-d965ccfc6d4b" outcome="Passed" testListId="8c84fa94-04c1-424b-9868-57a2d4851a1d" relativeResultsDirectory="69d45e4b-7dc3-47bd-a6e7-5f152fde41f1" dataRowInfo="1" resultType="DataDrivenDataRow" />
      </InnerResults>
    </UnitTestResult>
    <UnitTestResult executionId="af15d7c5-b0f2-4b64-a95f-dd8508208ab1" testId="5932a8ff-7d37-10cf-2a21-a95288a4601c" testName="ToIsAuthenticated_Passing_Null_ClaimsPrincipal_Returns_ApplicationException" computerName="PC-SFERRARI" duration="00:00:00.0005253" startTime="2020-09-01T17:12:37.6700753+01:00" endTime="2020-09-01T17:12:37.6706867+01:00" testType="13cdc9d9-ddb5-4fa4-a97d-d965ccfc6d4b" outcome="Passed" testListId="8c84fa94-04c1-424b-9868-57a2d4851a1d" relativeResultsDirectory="af15d7c5-b0f2-4b64-a95f-dd8508208ab1" />
    <UnitTestResult executionId="fb04a792-57c4-4b57-890b-864988796826" testId="90a3b545-3125-61d3-6aa1-65dd478210f0" testName="IsName_Passing_InvalidArguments_Returns_HasErrorsAndCount" computerName="PC-SFERRARI" duration="00:00:00.0001740" startTime="2020-09-01T17:12:39.5532786+01:00" endTime="2020-09-01T17:12:39.5535433+01:00" testType="13cdc9d9-ddb5-4fa4-a97d-d965ccfc6d4b" outcome="Passed" testListId="8c84fa94-04c1-424b-9868-57a2d4851a1d" relativeResultsDirectory="fb04a792-57c4-4b57-890b-864988796826" />
    <UnitTestResult executionId="9d08ca54-6f61-49a8-a422-32db09376705" testId="2761ce79-4c5e-006c-8199-c0c2a39fb318" testName="ToFormat_Passing_ValidValueFormatWithArguments_Returns_ValueWithFormat" computerName="PC-SFERRARI" duration="00:00:00.0003082" startTime="2020-09-01T17:12:39.1009155+01:00" endTime="2020-09-01T17:12:39.1013047+01:00" testType="13cdc9d9-ddb5-4fa4-a97d-d965ccfc6d4b" outcome="Passed" testListId="8c84fa94-04c1-424b-9868-57a2d4851a1d" relativeResultsDirectory="9d08ca54-6f61-49a8-a422-32db09376705" />
    <UnitTestResult executionId="1972a384-41b4-468d-aaa2-964f4b710655" testId="f1a8a2f2-6717-d1d3-ebe1-01337466e71f" testName="ToPaged_Passing_Age_Ascending_Order_Returns_Filter_List" computerName="PC-SFERRARI" duration="00:00:00.0033894" startTime="2020-09-01T17:12:38.8773956+01:00" endTime="2020-09-01T17:12:38.8810566+01:00" testType="13cdc9d9-ddb5-4fa4-a97d-d965ccfc6d4b" outcome="Passed" testListId="8c84fa94-04c1-424b-9868-57a2d4851a1d" relativeResultsDirectory="1972a384-41b4-468d-aaa2-964f4b710655" />
    <UnitTestResult executionId="9291a0d5-1596-4590-930f-31c8e6e3b043" testId="e29c6ee3-d46d-461f-3a52-1555a4bbe037" testName="ToIsEmailThrow_Passing_InvalidValue_Returns_ApplicationExceptionWithMessage" computerName="PC-SFERRARI" duration="00:00:00.0083552" startTime="2020-09-01T17:12:37.4211162+01:00" endTime="2020-09-01T17:12:37.4303819+01:00" testType="13cdc9d9-ddb5-4fa4-a97d-d965ccfc6d4b" outcome="Passed" testListId="8c84fa94-04c1-424b-9868-57a2d4851a1d" relativeResultsDirectory="9291a0d5-1596-4590-930f-31c8e6e3b043" resultType="DataDrivenTest">
      <InnerResults>
        <UnitTestResult executionId="cc984da1-1e1f-40e0-86b9-9ade9b94a11f" parentExecutionId="9291a0d5-1596-4590-930f-31c8e6e3b043" testId="e29c6ee3-d46d-461f-3a52-1555a4bbe037" testName="ToIsEmailThrow_Passing_InvalidValue_Returns_ApplicationExceptionWithMessage (dasdasd@dsasd.._ff)" computerName="PC-SFERRARI" duration="00:00:00.0058388" startTime="2020-09-01T17:12:37.4211162+01:00" endTime="2020-09-01T17:12:37.4303819+01:00" testType="13cdc9d9-ddb5-4fa4-a97d-d965ccfc6d4b" outcome="Passed" testListId="8c84fa94-04c1-424b-9868-57a2d4851a1d" relativeResultsDirectory="cc984da1-1e1f-40e0-86b9-9ade9b94a11f" dataRowInfo="1" resultType="DataDrivenDataRow" />
        <UnitTestResult executionId="101d5372-69cf-429b-9d18-ea668dc54493" parentExecutionId="9291a0d5-1596-4590-930f-31c8e6e3b043" testId="e29c6ee3-d46d-461f-3a52-1555a4bbe037" testName="ToIsEmailThrow_Passing_InvalidValue_Returns_ApplicationExceptionWithMessage (34fsds@@sdd.f)" computerName="PC-SFERRARI" duration="00:00:00.0000688" startTime="2020-09-01T17:12:37.4211162+01:00" endTime="2020-09-01T17:12:37.4303819+01:00" testType="13cdc9d9-ddb5-4fa4-a97d-d965ccfc6d4b" outcome="Passed" testListId="8c84fa94-04c1-424b-9868-57a2d4851a1d" relativeResultsDirectory="101d5372-69cf-429b-9d18-ea668dc54493" dataRowInfo="2" resultType="DataDrivenDataRow" />
        <UnitTestResult executionId="43ba1b9d-062b-4c06-99af-cc99cae75f75" parentExecutionId="9291a0d5-1596-4590-930f-31c8e6e3b043" testId="e29c6ee3-d46d-461f-3a52-1555a4bbe037" testName="ToIsEmailThrow_Passing_InvalidValue_Returns_ApplicationExceptionWithMessage ()" computerName="PC-SFERRARI" duration="00:00:00.0000379" startTime="2020-09-01T17:12:37.4211162+01:00" endTime="2020-09-01T17:12:37.4303819+01:00" testType="13cdc9d9-ddb5-4fa4-a97d-d965ccfc6d4b" outcome="Passed" testListId="8c84fa94-04c1-424b-9868-57a2d4851a1d" relativeResultsDirectory="43ba1b9d-062b-4c06-99af-cc99cae75f75" dataRowInfo="3" resultType="DataDrivenDataRow" />
        <UnitTestResult executionId="ab4bb4bc-1253-4285-92e8-8681bb226f96" parentExecutionId="9291a0d5-1596-4590-930f-31c8e6e3b043" testId="e29c6ee3-d46d-461f-3a52-1555a4bbe037" testName="ToIsEmailThrow_Passing_InvalidValue_Returns_ApplicationExceptionWithMessage ()" computerName="PC-SFERRARI" duration="00:00:00.0000303" startTime="2020-09-01T17:12:37.4211162+01:00" endTime="2020-09-01T17:12:37.4303819+01:00" testType="13cdc9d9-ddb5-4fa4-a97d-d965ccfc6d4b" outcome="Passed" testListId="8c84fa94-04c1-424b-9868-57a2d4851a1d" relativeResultsDirectory="ab4bb4bc-1253-4285-92e8-8681bb226f96" dataRowInfo="4" resultType="DataDrivenDataRow" />
        <UnitTestResult executionId="b29ef4ce-1a44-4e40-9a05-31ce50b66a69" parentExecutionId="9291a0d5-1596-4590-930f-31c8e6e3b043" testId="e29c6ee3-d46d-461f-3a52-1555a4bbe037" testName="ToIsEmailThrow_Passing_InvalidValue_Returns_ApplicationExceptionWithMessage (34?fsds@sdd.yy)" computerName="PC-SFERRARI" duration="00:00:00.0000383" startTime="2020-09-01T17:12:37.4211162+01:00" endTime="2020-09-01T17:12:37.4303819+01:00" testType="13cdc9d9-ddb5-4fa4-a97d-d965ccfc6d4b" outcome="Passed" testListId="8c84fa94-04c1-424b-9868-57a2d4851a1d" relativeResultsDirectory="b29ef4ce-1a44-4e40-9a05-31ce50b66a69" dataRowInfo="5" resultType="DataDrivenDataRow" />
      </InnerResults>
    </UnitTestResult>
    <UnitTestResult executionId="3c5dfbc2-f76c-42e8-933b-49d1365d3079" testId="ab09828e-76b4-f849-312f-3e5de8fe1910" testName="ToHashAlgorithmName_Passing_ValidValueString_Returns_HashAlgorithmName" computerName="PC-SFERRARI" duration="00:00:00.0001786" startTime="2020-09-01T17:12:39.1829948+01:00" endTime="2020-09-01T17:12:39.1832408+01:00" testType="13cdc9d9-ddb5-4fa4-a97d-d965ccfc6d4b" outcome="Passed" testListId="8c84fa94-04c1-424b-9868-57a2d4851a1d" relativeResultsDirectory="3c5dfbc2-f76c-42e8-933b-49d1365d3079" resultType="DataDrivenTest">
      <InnerResults>
        <UnitTestResult executionId="d156e430-ed0d-4750-9b6e-9e8feaa14e67" parentExecutionId="3c5dfbc2-f76c-42e8-933b-49d1365d3079" testId="ab09828e-76b4-f849-312f-3e5de8fe1910" testName="ToHashAlgorithmName_Passing_ValidValueString_Returns_HashAlgorithmName (MD5)" computerName="PC-SFERRARI" duration="00:00:00.0001465" startTime="2020-09-01T17:12:39.1829948+01:00" endTime="2020-09-01T17:12:39.1832408+01:00" testType="13cdc9d9-ddb5-4fa4-a97d-d965ccfc6d4b" outcome="Passed" testListId="8c84fa94-04c1-424b-9868-57a2d4851a1d" relativeResultsDirectory="d156e430-ed0d-4750-9b6e-9e8feaa14e67" dataRowInfo="1" resultType="DataDrivenDataRow" />
      </InnerResults>
    </UnitTestResult>
    <UnitTestResult executionId="91b590ad-e1b0-4aea-a47c-d904b9d7e894" testId="b4229bc5-5fde-fcc2-17b7-755e30616eb2" testName="ToEnum_Passing_InvalidValueInt_Returns_EnumDefaultValue" computerName="PC-SFERRARI" duration="00:00:00.0001122" startTime="2020-09-01T17:12:39.0721851+01:00" endTime="2020-09-01T17:12:39.0723878+01:00" testType="13cdc9d9-ddb5-4fa4-a97d-d965ccfc6d4b" outcome="Passed" testListId="8c84fa94-04c1-424b-9868-57a2d4851a1d" relativeResultsDirectory="91b590ad-e1b0-4aea-a47c-d904b9d7e894" />
    <UnitTestResult executionId="d3195f2f-f170-44c0-9223-59d4321d9849" testId="c3009aa1-8370-91cf-8fdd-98e893aa7661" testName="ToConfiguration_Passing_Invalid_DirectoryPath_Returns_ApplicationException" computerName="PC-SFERRARI" duration="00:00:00.0005792" startTime="2020-09-01T17:12:37.7933880+01:00" endTime="2020-09-01T17:12:37.7940908+01:00" testType="13cdc9d9-ddb5-4fa4-a97d-d965ccfc6d4b" outcome="Passed" testListId="8c84fa94-04c1-424b-9868-57a2d4851a1d" relativeResultsDirectory="d3195f2f-f170-44c0-9223-59d4321d9849" />
    <UnitTestResult executionId="bc934fc6-1dd9-4481-ade6-476334c745f2" testId="a9475552-19d3-b426-f4bb-8921ee8f5b83" testName="ToHashAlgorithmName_Passing_InvalidValueLowerCaseStringWithDefaultValue_Returns_DefaultValue" computerName="PC-SFERRARI" duration="00:00:00.0018139" startTime="2020-09-01T17:12:39.1013273+01:00" endTime="2020-09-01T17:12:39.1032228+01:00" testType="13cdc9d9-ddb5-4fa4-a97d-d965ccfc6d4b" outcome="Passed" testListId="8c84fa94-04c1-424b-9868-57a2d4851a1d" relativeResultsDirectory="bc934fc6-1dd9-4481-ade6-476334c745f2" resultType="DataDrivenTest">
      <InnerResults>
        <UnitTestResult executionId="46532e5d-cec5-4a4c-a9d5-7d29040a4f62" parentExecutionId="bc934fc6-1dd9-4481-ade6-476334c745f2" testId="a9475552-19d3-b426-f4bb-8921ee8f5b83" testName="ToHashAlgorithmName_Passing_InvalidValueLowerCaseStringWithDefaultValue_Returns_DefaultValue (md5)" computerName="PC-SFERRARI" duration="00:00:00.0017664" startTime="2020-09-01T17:12:39.1013273+01:00" endTime="2020-09-01T17:12:39.1032228+01:00" testType="13cdc9d9-ddb5-4fa4-a97d-d965ccfc6d4b" outcome="Passed" testListId="8c84fa94-04c1-424b-9868-57a2d4851a1d" relativeResultsDirectory="46532e5d-cec5-4a4c-a9d5-7d29040a4f62" dataRowInfo="1" resultType="DataDrivenDataRow" />
      </InnerResults>
    </UnitTestResult>
    <UnitTestResult executionId="c83a99c4-7bdb-4827-b934-a4fe550b1cef" testId="d2b536b6-91b7-3a37-81e1-52a8ffae44ff" testName="ToGetAll_Passing_Claims_Returns_Claim_Value_String_List" computerName="PC-SFERRARI" duration="00:00:00.0030846" startTime="2020-09-01T17:12:37.6575388+01:00" endTime="2020-09-01T17:12:37.6607545+01:00" testType="13cdc9d9-ddb5-4fa4-a97d-d965ccfc6d4b" outcome="Passed" testListId="8c84fa94-04c1-424b-9868-57a2d4851a1d" relativeResultsDirectory="c83a99c4-7bdb-4827-b934-a4fe550b1cef" />
    <UnitTestResult executionId="3ca38850-e1f5-4b48-bb6e-6c2f43d3e48f" testId="14185e7c-324a-518a-7989-87f2ea285719" testName="ToServiceMatchingInterface_Passing_Empties_Assemblies_Returns_ApplicationException" computerName="PC-SFERRARI" duration="00:00:00.0262062" startTime="2020-09-01T17:12:37.9851024+01:00" endTime="2020-09-01T17:12:38.0114000+01:00" testType="13cdc9d9-ddb5-4fa4-a97d-d965ccfc6d4b" outcome="Passed" testListId="8c84fa94-04c1-424b-9868-57a2d4851a1d" relativeResultsDirectory="3ca38850-e1f5-4b48-bb6e-6c2f43d3e48f" />
    <UnitTestResult executionId="353dac17-fba8-447c-8f8b-ad50b67ab5ac" testId="9cc81af3-a804-7f80-c1ad-5fdf5e5384a7" testName="ToConfiguration_Passing_Valid_DirectoryPath_Valid_JsonFileName_Returns_Ok" computerName="PC-SFERRARI" duration="00:00:00.0752702" startTime="2020-09-01T17:12:37.8706220+01:00" endTime="2020-09-01T17:12:37.9460524+01:00" testType="13cdc9d9-ddb5-4fa4-a97d-d965ccfc6d4b" outcome="Passed" testListId="8c84fa94-04c1-424b-9868-57a2d4851a1d" relativeResultsDirectory="353dac17-fba8-447c-8f8b-ad50b67ab5ac" />
    <UnitTestResult executionId="0078bccc-44d9-4a09-b82c-ce643779c4e7" testId="072d4713-e5d8-44fc-5b77-95317f0d417b" testName="ToUri_Passing_InvalidValueString_Returns_DefaultValue" computerName="PC-SFERRARI" duration="00:00:00.0013056" startTime="2020-09-01T17:12:39.3046931+01:00" endTime="2020-09-01T17:12:39.3061786+01:00" testType="13cdc9d9-ddb5-4fa4-a97d-d965ccfc6d4b" outcome="Passed" testListId="8c84fa94-04c1-424b-9868-57a2d4851a1d" relativeResultsDirectory="0078bccc-44d9-4a09-b82c-ce643779c4e7" resultType="DataDrivenTest">
      <InnerResults>
        <UnitTestResult executionId="4dd78303-6c00-4561-9826-75ba20648c09" parentExecutionId="0078bccc-44d9-4a09-b82c-ce643779c4e7" testId="072d4713-e5d8-44fc-5b77-95317f0d417b" testName="ToUri_Passing_InvalidValueString_Returns_DefaultValue (http://?)" computerName="PC-SFERRARI" duration="00:00:00.0010616" startTime="2020-09-01T17:12:39.3046931+01:00" endTime="2020-09-01T17:12:39.3061786+01:00" testType="13cdc9d9-ddb5-4fa4-a97d-d965ccfc6d4b" outcome="Passed" testListId="8c84fa94-04c1-424b-9868-57a2d4851a1d" relativeResultsDirectory="4dd78303-6c00-4561-9826-75ba20648c09" dataRowInfo="1" resultType="DataDrivenDataRow" />
        <UnitTestResult executionId="e9aab5c1-e955-4b10-9a16-f1626646f9a8" parentExecutionId="0078bccc-44d9-4a09-b82c-ce643779c4e7" testId="072d4713-e5d8-44fc-5b77-95317f0d417b" testName="ToUri_Passing_InvalidValueString_Returns_DefaultValue (http://)" computerName="PC-SFERRARI" duration="00:00:00.0000104" startTime="2020-09-01T17:12:39.3046931+01:00" endTime="2020-09-01T17:12:39.3061786+01:00" testType="13cdc9d9-ddb5-4fa4-a97d-d965ccfc6d4b" outcome="Passed" testListId="8c84fa94-04c1-424b-9868-57a2d4851a1d" relativeResultsDirectory="e9aab5c1-e955-4b10-9a16-f1626646f9a8" dataRowInfo="2" resultType="DataDrivenDataRow" />
        <UnitTestResult executionId="38845429-39e1-4fff-a021-b8c4df28319c" parentExecutionId="0078bccc-44d9-4a09-b82c-ce643779c4e7" testId="072d4713-e5d8-44fc-5b77-95317f0d417b" testName="ToUri_Passing_InvalidValueString_Returns_DefaultValue (http://.)" computerName="PC-SFERRARI" duration="00:00:00.0000343" startTime="2020-09-01T17:12:39.3046931+01:00" endTime="2020-09-01T17:12:39.3061786+01:00" testType="13cdc9d9-ddb5-4fa4-a97d-d965ccfc6d4b" outcome="Passed" testListId="8c84fa94-04c1-424b-9868-57a2d4851a1d" relativeResultsDirectory="38845429-39e1-4fff-a021-b8c4df28319c" dataRowInfo="3" resultType="DataDrivenDataRow" />
        <UnitTestResult executionId="9a60e90c-35e9-4ec0-9497-3369bf38c880" parentExecutionId="0078bccc-44d9-4a09-b82c-ce643779c4e7" testId="072d4713-e5d8-44fc-5b77-95317f0d417b" testName="ToUri_Passing_InvalidValueString_Returns_DefaultValue (http://..)" computerName="PC-SFERRARI" duration="00:00:00.0000053" startTime="2020-09-01T17:12:39.3046931+01:00" endTime="2020-09-01T17:12:39.3061786+01:00" testType="13cdc9d9-ddb5-4fa4-a97d-d965ccfc6d4b" outcome="Passed" testListId="8c84fa94-04c1-424b-9868-57a2d4851a1d" relativeResultsDirectory="9a60e90c-35e9-4ec0-9497-3369bf38c880" dataRowInfo="4" resultType="DataDrivenDataRow" />
        <UnitTestResult executionId="6017d634-39ca-4630-acfb-dde33689f0c1" parentExecutionId="0078bccc-44d9-4a09-b82c-ce643779c4e7" testId="072d4713-e5d8-44fc-5b77-95317f0d417b" testName="ToUri_Passing_InvalidValueString_Returns_DefaultValue (http://../)" computerName="PC-SFERRARI" duration="00:00:00.0000035" startTime="2020-09-01T17:12:39.3046931+01:00" endTime="2020-09-01T17:12:39.3061786+01:00" testType="13cdc9d9-ddb5-4fa4-a97d-d965ccfc6d4b" outcome="Passed" testListId="8c84fa94-04c1-424b-9868-57a2d4851a1d" relativeResultsDirectory="6017d634-39ca-4630-acfb-dde33689f0c1" dataRowInfo="5" resultType="DataDrivenDataRow" />
        <UnitTestResult executionId="6c321695-9c49-400a-9a05-2d4fc9c126ff" parentExecutionId="0078bccc-44d9-4a09-b82c-ce643779c4e7" testId="072d4713-e5d8-44fc-5b77-95317f0d417b" testName="ToUri_Passing_InvalidValueString_Returns_DefaultValue (http://?)" computerName="PC-SFERRARI" duration="00:00:00.0000033" startTime="2020-09-01T17:12:39.3046931+01:00" endTime="2020-09-01T17:12:39.3061786+01:00" testType="13cdc9d9-ddb5-4fa4-a97d-d965ccfc6d4b" outcome="Passed" testListId="8c84fa94-04c1-424b-9868-57a2d4851a1d" relativeResultsDirectory="6c321695-9c49-400a-9a05-2d4fc9c126ff" dataRowInfo="6" resultType="DataDrivenDataRow" />
        <UnitTestResult executionId="56e345d4-9763-4238-9712-59da5c979cab" parentExecutionId="0078bccc-44d9-4a09-b82c-ce643779c4e7" testId="072d4713-e5d8-44fc-5b77-95317f0d417b" testName="ToUri_Passing_InvalidValueString_Returns_DefaultValue (http://??)" computerName="PC-SFERRARI" duration="00:00:00.0000032" startTime="2020-09-01T17:12:39.3046931+01:00" endTime="2020-09-01T17:12:39.3061786+01:00" testType="13cdc9d9-ddb5-4fa4-a97d-d965ccfc6d4b" outcome="Passed" testListId="8c84fa94-04c1-424b-9868-57a2d4851a1d" relativeResultsDirectory="56e345d4-9763-4238-9712-59da5c979cab" dataRowInfo="7" resultType="DataDrivenDataRow" />
        <UnitTestResult executionId="92c72be6-0549-40d7-ae29-f2439dfce198" parentExecutionId="0078bccc-44d9-4a09-b82c-ce643779c4e7" testId="072d4713-e5d8-44fc-5b77-95317f0d417b" testName="ToUri_Passing_InvalidValueString_Returns_DefaultValue (http://??/)" computerName="PC-SFERRARI" duration="00:00:00.0000031" startTime="2020-09-01T17:12:39.3046931+01:00" endTime="2020-09-01T17:12:39.3061786+01:00" testType="13cdc9d9-ddb5-4fa4-a97d-d965ccfc6d4b" outcome="Passed" testListId="8c84fa94-04c1-424b-9868-57a2d4851a1d" relativeResultsDirectory="92c72be6-0549-40d7-ae29-f2439dfce198" dataRowInfo="8" resultType="DataDrivenDataRow" />
        <UnitTestResult executionId="22b8d7e5-efa8-4311-b6b5-7e0a7ce9480c" parentExecutionId="0078bccc-44d9-4a09-b82c-ce643779c4e7" testId="072d4713-e5d8-44fc-5b77-95317f0d417b" testName="ToUri_Passing_InvalidValueString_Returns_DefaultValue (http://#)" computerName="PC-SFERRARI" duration="00:00:00.0000033" startTime="2020-09-01T17:12:39.3046931+01:00" endTime="2020-09-01T17:12:39.3061786+01:00" testType="13cdc9d9-ddb5-4fa4-a97d-d965ccfc6d4b" outcome="Passed" testListId="8c84fa94-04c1-424b-9868-57a2d4851a1d" relativeResultsDirectory="22b8d7e5-efa8-4311-b6b5-7e0a7ce9480c" dataRowInfo="9" resultType="DataDrivenDataRow" />
        <UnitTestResult executionId="f8a382b4-4f9f-4405-960d-41f8b842d064" parentExecutionId="0078bccc-44d9-4a09-b82c-ce643779c4e7" testId="072d4713-e5d8-44fc-5b77-95317f0d417b" testName="ToUri_Passing_InvalidValueString_Returns_DefaultValue (http://##)" computerName="PC-SFERRARI" duration="00:00:00.0000032" startTime="2020-09-01T17:12:39.3046931+01:00" endTime="2020-09-01T17:12:39.3061786+01:00" testType="13cdc9d9-ddb5-4fa4-a97d-d965ccfc6d4b" outcome="Passed" testListId="8c84fa94-04c1-424b-9868-57a2d4851a1d" relativeResultsDirectory="f8a382b4-4f9f-4405-960d-41f8b842d064" dataRowInfo="10" resultType="DataDrivenDataRow" />
        <UnitTestResult executionId="7ab42460-8039-4f8f-aee5-b1ecfa4ed27e" parentExecutionId="0078bccc-44d9-4a09-b82c-ce643779c4e7" testId="072d4713-e5d8-44fc-5b77-95317f0d417b" testName="ToUri_Passing_InvalidValueString_Returns_DefaultValue (http://##/)" computerName="PC-SFERRARI" duration="00:00:00.0000033" startTime="2020-09-01T17:12:39.3046931+01:00" endTime="2020-09-01T17:12:39.3061786+01:00" testType="13cdc9d9-ddb5-4fa4-a97d-d965ccfc6d4b" outcome="Passed" testListId="8c84fa94-04c1-424b-9868-57a2d4851a1d" relativeResultsDirectory="7ab42460-8039-4f8f-aee5-b1ecfa4ed27e" dataRowInfo="11" resultType="DataDrivenDataRow" />
      </InnerResults>
    </UnitTestResult>
    <UnitTestResult executionId="095301ef-3a94-4618-a7f1-d7f3081a2c96" testId="246e1592-d2e4-058a-cf8f-cb38ff319272" testName="ToSubdomain_Passing_HttpRequest_Host_Returns_Subdomain" computerName="PC-SFERRARI" duration="00:00:00.0011218" startTime="2020-09-01T17:12:38.4673204+01:00" endTime="2020-09-01T17:12:38.4685365+01:00" testType="13cdc9d9-ddb5-4fa4-a97d-d965ccfc6d4b" outcome="Passed" testListId="8c84fa94-04c1-424b-9868-57a2d4851a1d" relativeResultsDirectory="095301ef-3a94-4618-a7f1-d7f3081a2c96" />
    <UnitTestResult executionId="42bbab07-1410-44cb-8697-ffc532300ad2" testId="5b4e0ac0-70e5-7eaa-3490-17d565af10b8" testName="ToRemove_Passing_ValidValue_Returns_ValueWithoutRemovedChars" computerName="PC-SFERRARI" duration="00:00:00.0007075" startTime="2020-09-01T17:12:39.2289275+01:00" endTime="2020-09-01T17:12:39.2297658+01:00" testType="13cdc9d9-ddb5-4fa4-a97d-d965ccfc6d4b" outcome="Passed" testListId="8c84fa94-04c1-424b-9868-57a2d4851a1d" relativeResultsDirectory="42bbab07-1410-44cb-8697-ffc532300ad2" resultType="DataDrivenTest">
      <InnerResults>
        <UnitTestResult executionId="6d7660b2-0280-4f40-9028-87a321b95c5c" parentExecutionId="42bbab07-1410-44cb-8697-ffc532300ad2" testId="5b4e0ac0-70e5-7eaa-3490-17d565af10b8" testName="ToRemove_Passing_ValidValue_Returns_ValueWithoutRemovedChars ( *, ,*)" computerName="PC-SFERRARI" duration="00:00:00.0004702" startTime="2020-09-01T17:12:39.2289275+01:00" endTime="2020-09-01T17:12:39.2297658+01:00" testType="13cdc9d9-ddb5-4fa4-a97d-d965ccfc6d4b" outcome="Passed" testListId="8c84fa94-04c1-424b-9868-57a2d4851a1d" relativeResultsDirectory="6d7660b2-0280-4f40-9028-87a321b95c5c" dataRowInfo="1" resultType="DataDrivenDataRow" />
        <UnitTestResult executionId="d308729b-d36e-4821-8d21-dbd788f7d850" parentExecutionId="42bbab07-1410-44cb-8697-ffc532300ad2" testId="5b4e0ac0-70e5-7eaa-3490-17d565af10b8" testName="ToRemove_Passing_ValidValue_Returns_ValueWithoutRemovedChars (* , ,*)" computerName="PC-SFERRARI" duration="00:00:00.0000064" startTime="2020-09-01T17:12:39.2289275+01:00" endTime="2020-09-01T17:12:39.2297658+01:00" testType="13cdc9d9-ddb5-4fa4-a97d-d965ccfc6d4b" outcome="Passed" testListId="8c84fa94-04c1-424b-9868-57a2d4851a1d" relativeResultsDirectory="d308729b-d36e-4821-8d21-dbd788f7d850" dataRowInfo="2" resultType="DataDrivenDataRow" />
        <UnitTestResult executionId="48c3d8fb-508e-43b5-9743-9ccff24a3b4c" parentExecutionId="42bbab07-1410-44cb-8697-ffc532300ad2" testId="5b4e0ac0-70e5-7eaa-3490-17d565af10b8" testName="ToRemove_Passing_ValidValue_Returns_ValueWithoutRemovedChars ( * , ,*)" computerName="PC-SFERRARI" duration="00:00:00.0000039" startTime="2020-09-01T17:12:39.2289275+01:00" endTime="2020-09-01T17:12:39.2297658+01:00" testType="13cdc9d9-ddb5-4fa4-a97d-d965ccfc6d4b" outcome="Passed" testListId="8c84fa94-04c1-424b-9868-57a2d4851a1d" relativeResultsDirectory="48c3d8fb-508e-43b5-9743-9ccff24a3b4c" dataRowInfo="3" resultType="DataDrivenDataRow" />
        <UnitTestResult executionId="76e6cc2f-769d-430a-8eb1-2bc9d4d9e8ab" parentExecutionId="42bbab07-1410-44cb-8697-ffc532300ad2" testId="5b4e0ac0-70e5-7eaa-3490-17d565af10b8" testName="ToRemove_Passing_ValidValue_Returns_ValueWithoutRemovedChars (hello hello, ,hellohello)" computerName="PC-SFERRARI" duration="00:00:00.0000039" startTime="2020-09-01T17:12:39.2289275+01:00" endTime="2020-09-01T17:12:39.2297658+01:00" testType="13cdc9d9-ddb5-4fa4-a97d-d965ccfc6d4b" outcome="Passed" testListId="8c84fa94-04c1-424b-9868-57a2d4851a1d" relativeResultsDirectory="76e6cc2f-769d-430a-8eb1-2bc9d4d9e8ab" dataRowInfo="4" resultType="DataDrivenDataRow" />
        <UnitTestResult executionId="3718562f-cd9f-4f0f-851e-de0a4368e97f" parentExecutionId="42bbab07-1410-44cb-8697-ffc532300ad2" testId="5b4e0ac0-70e5-7eaa-3490-17d565af10b8" testName="ToRemove_Passing_ValidValue_Returns_ValueWithoutRemovedChars (hello hello , ,hellohello)" computerName="PC-SFERRARI" duration="00:00:00.0000036" startTime="2020-09-01T17:12:39.2289275+01:00" endTime="2020-09-01T17:12:39.2297658+01:00" testType="13cdc9d9-ddb5-4fa4-a97d-d965ccfc6d4b" outcome="Passed" testListId="8c84fa94-04c1-424b-9868-57a2d4851a1d" relativeResultsDirectory="3718562f-cd9f-4f0f-851e-de0a4368e97f" dataRowInfo="5" resultType="DataDrivenDataRow" />
        <UnitTestResult executionId="67fdf5d1-3b6e-485f-abf5-18878064285f" parentExecutionId="42bbab07-1410-44cb-8697-ffc532300ad2" testId="5b4e0ac0-70e5-7eaa-3490-17d565af10b8" testName="ToRemove_Passing_ValidValue_Returns_ValueWithoutRemovedChars ( hello hello , ,hellohello)" computerName="PC-SFERRARI" duration="00:00:00.0000036" startTime="2020-09-01T17:12:39.2289275+01:00" endTime="2020-09-01T17:12:39.2297658+01:00" testType="13cdc9d9-ddb5-4fa4-a97d-d965ccfc6d4b" outcome="Passed" testListId="8c84fa94-04c1-424b-9868-57a2d4851a1d" relativeResultsDirectory="67fdf5d1-3b6e-485f-abf5-18878064285f" dataRowInfo="6" resultType="DataDrivenDataRow" />
        <UnitTestResult executionId="2cbf36d6-ebcd-4aec-a08d-785307abae3d" parentExecutionId="42bbab07-1410-44cb-8697-ffc532300ad2" testId="5b4e0ac0-70e5-7eaa-3490-17d565af10b8" testName="ToRemove_Passing_ValidValue_Returns_ValueWithoutRemovedChars (aeiou,a,eiou)" computerName="PC-SFERRARI" duration="00:00:00.0000035" startTime="2020-09-01T17:12:39.2289275+01:00" endTime="2020-09-01T17:12:39.2297658+01:00" testType="13cdc9d9-ddb5-4fa4-a97d-d965ccfc6d4b" outcome="Passed" testListId="8c84fa94-04c1-424b-9868-57a2d4851a1d" relativeResultsDirectory="2cbf36d6-ebcd-4aec-a08d-785307abae3d" dataRowInfo="7" resultType="DataDrivenDataRow" />
        <UnitTestResult executionId="aa6b781d-362e-4d8b-83da-ebd5d68f8b62" parentExecutionId="42bbab07-1410-44cb-8697-ffc532300ad2" testId="5b4e0ac0-70e5-7eaa-3490-17d565af10b8" testName="ToRemove_Passing_ValidValue_Returns_ValueWithoutRemovedChars (aeiou,ae,iou)" computerName="PC-SFERRARI" duration="00:00:00.0000034" startTime="2020-09-01T17:12:39.2289275+01:00" endTime="2020-09-01T17:12:39.2297658+01:00" testType="13cdc9d9-ddb5-4fa4-a97d-d965ccfc6d4b" outcome="Passed" testListId="8c84fa94-04c1-424b-9868-57a2d4851a1d" relativeResultsDirectory="aa6b781d-362e-4d8b-83da-ebd5d68f8b62" dataRowInfo="8" resultType="DataDrivenDataRow" />
        <UnitTestResult executionId="bf517320-0da3-45d5-b89d-230ae4850417" parentExecutionId="42bbab07-1410-44cb-8697-ffc532300ad2" testId="5b4e0ac0-70e5-7eaa-3490-17d565af10b8" testName="ToRemove_Passing_ValidValue_Returns_ValueWithoutRemovedChars (aeiou,aei,ou)" computerName="PC-SFERRARI" duration="00:00:00.0000034" startTime="2020-09-01T17:12:39.2289275+01:00" endTime="2020-09-01T17:12:39.2297658+01:00" testType="13cdc9d9-ddb5-4fa4-a97d-d965ccfc6d4b" outcome="Passed" testListId="8c84fa94-04c1-424b-9868-57a2d4851a1d" relativeResultsDirectory="bf517320-0da3-45d5-b89d-230ae4850417" dataRowInfo="9" resultType="DataDrivenDataRow" />
        <UnitTestResult executionId="80d0a709-9eeb-4da2-b5a0-d445a04b4f72" parentExecutionId="42bbab07-1410-44cb-8697-ffc532300ad2" testId="5b4e0ac0-70e5-7eaa-3490-17d565af10b8" testName="ToRemove_Passing_ValidValue_Returns_ValueWithoutRemovedChars (aeiou,aeio,u)" computerName="PC-SFERRARI" duration="00:00:00.0000032" startTime="2020-09-01T17:12:39.2289275+01:00" endTime="2020-09-01T17:12:39.2297658+01:00" testType="13cdc9d9-ddb5-4fa4-a97d-d965ccfc6d4b" outcome="Passed" testListId="8c84fa94-04c1-424b-9868-57a2d4851a1d" relativeResultsDirectory="80d0a709-9eeb-4da2-b5a0-d445a04b4f72" dataRowInfo="10" resultType="DataDrivenDataRow" />
        <UnitTestResult executionId="e6947eca-8bca-42df-86d9-1f6a597db9fd" parentExecutionId="42bbab07-1410-44cb-8697-ffc532300ad2" testId="5b4e0ac0-70e5-7eaa-3490-17d565af10b8" testName="ToRemove_Passing_ValidValue_Returns_ValueWithoutRemovedChars (aeiou,aeiou,)" computerName="PC-SFERRARI" duration="00:00:00.0000033" startTime="2020-09-01T17:12:39.2289275+01:00" endTime="2020-09-01T17:12:39.2297658+01:00" testType="13cdc9d9-ddb5-4fa4-a97d-d965ccfc6d4b" outcome="Passed" testListId="8c84fa94-04c1-424b-9868-57a2d4851a1d" relativeResultsDirectory="e6947eca-8bca-42df-86d9-1f6a597db9fd" dataRowInfo="11" resultType="DataDrivenDataRow" />
        <UnitTestResult executionId="bcc68007-15b6-4f72-974b-bb9cb7182a42" parentExecutionId="42bbab07-1410-44cb-8697-ffc532300ad2" testId="5b4e0ac0-70e5-7eaa-3490-17d565af10b8" testName="ToRemove_Passing_ValidValue_Returns_ValueWithoutRemovedChars (aeiou,e,aiou)" computerName="PC-SFERRARI" duration="00:00:00.0000041" startTime="2020-09-01T17:12:39.2289275+01:00" endTime="2020-09-01T17:12:39.2297658+01:00" testType="13cdc9d9-ddb5-4fa4-a97d-d965ccfc6d4b" outcome="Passed" testListId="8c84fa94-04c1-424b-9868-57a2d4851a1d" relativeResultsDirectory="bcc68007-15b6-4f72-974b-bb9cb7182a42" dataRowInfo="12" resultType="DataDrivenDataRow" />
        <UnitTestResult executionId="b0b1ad5d-4011-46fd-bd4a-915b71fab256" parentExecutionId="42bbab07-1410-44cb-8697-ffc532300ad2" testId="5b4e0ac0-70e5-7eaa-3490-17d565af10b8" testName="ToRemove_Passing_ValidValue_Returns_ValueWithoutRemovedChars (aeiou,ei,aou)" computerName="PC-SFERRARI" duration="00:00:00.0000035" startTime="2020-09-01T17:12:39.2289275+01:00" endTime="2020-09-01T17:12:39.2297658+01:00" testType="13cdc9d9-ddb5-4fa4-a97d-d965ccfc6d4b" outcome="Passed" testListId="8c84fa94-04c1-424b-9868-57a2d4851a1d" relativeResultsDirectory="b0b1ad5d-4011-46fd-bd4a-915b71fab256" dataRowInfo="13" resultType="DataDrivenDataRow" />
      </InnerResults>
    </UnitTestResult>
    <UnitTestResult executionId="044b6700-6123-4d0d-ae23-ee5d044dc1e3" testId="ef938d1e-37d5-ccaf-d580-7454d807ec1e" testName="ToDefaultValue_Passing_ValidString_Returns_DefaultValue" computerName="PC-SFERRARI" duration="00:00:00.0001136" startTime="2020-09-01T17:12:39.5203077+01:00" endTime="2020-09-01T17:12:39.5204931+01:00" testType="13cdc9d9-ddb5-4fa4-a97d-d965ccfc6d4b" outcome="Passed" testListId="8c84fa94-04c1-424b-9868-57a2d4851a1d" relativeResultsDirectory="044b6700-6123-4d0d-ae23-ee5d044dc1e3" />
    <UnitTestResult executionId="c84c6c08-2c3f-4dfa-8586-9a30e58b1975" testId="d7113cd0-9d09-92b7-da7c-4bb38fcd80fa" testName="ToDefaultValue_Passing_ushort_Returns_Cero" computerName="PC-SFERRARI" duration="00:00:00.0002710" startTime="2020-09-01T17:12:38.3709952+01:00" endTime="2020-09-01T17:12:38.3713387+01:00" testType="13cdc9d9-ddb5-4fa4-a97d-d965ccfc6d4b" outcome="Passed" testListId="8c84fa94-04c1-424b-9868-57a2d4851a1d" relativeResultsDirectory="c84c6c08-2c3f-4dfa-8586-9a30e58b1975" resultType="DataDrivenTest">
      <InnerResults>
        <UnitTestResult executionId="6e920eac-4ad7-4aeb-a07d-d890e60893b0" parentExecutionId="c84c6c08-2c3f-4dfa-8586-9a30e58b1975" testId="d7113cd0-9d09-92b7-da7c-4bb38fcd80fa" testName="ToDefaultValue_Passing_ushort_Returns_Cero (65535)" computerName="PC-SFERRARI" duration="00:00:00.0002311" startTime="2020-09-01T17:12:38.3709952+01:00" endTime="2020-09-01T17:12:38.3713387+01:00" testType="13cdc9d9-ddb5-4fa4-a97d-d965ccfc6d4b" outcome="Passed" testListId="8c84fa94-04c1-424b-9868-57a2d4851a1d" relativeResultsDirectory="6e920eac-4ad7-4aeb-a07d-d890e60893b0" dataRowInfo="1" resultType="DataDrivenDataRow" />
      </InnerResults>
    </UnitTestResult>
    <UnitTestResult executionId="00f80014-4db4-4b36-bec1-f6c656b87bee" testId="4bf0f413-f9ef-c999-4803-90670b733630" testName="ToExists_Passing_Valid_Service_Returns_True" computerName="PC-SFERRARI" duration="00:00:00.0003403" startTime="2020-09-01T17:12:37.3653248+01:00" endTime="2020-09-01T17:12:37.3657428+01:00" testType="13cdc9d9-ddb5-4fa4-a97d-d965ccfc6d4b" outcome="Passed" testListId="8c84fa94-04c1-424b-9868-57a2d4851a1d" relativeResultsDirectory="00f80014-4db4-4b36-bec1-f6c656b87bee" />
    <UnitTestResult executionId="16d6ae1b-cdc4-4cf3-84e9-9bf939e66b28" testId="d3667b30-e61c-9dbb-f1a9-264e82d98be5" testName="ToUri_Passing_InvalidValueString_Returns_Null" computerName="PC-SFERRARI" duration="00:00:00.0003698" startTime="2020-09-01T17:12:39.3253613+01:00" endTime="2020-09-01T17:12:39.3259067+01:00" testType="13cdc9d9-ddb5-4fa4-a97d-d965ccfc6d4b" outcome="Passed" testListId="8c84fa94-04c1-424b-9868-57a2d4851a1d" relativeResultsDirectory="16d6ae1b-cdc4-4cf3-84e9-9bf939e66b28" resultType="DataDrivenTest">
      <InnerResults>
        <UnitTestResult executionId="9a325cfa-bb80-460f-8949-c3da19a30ebf" parentExecutionId="16d6ae1b-cdc4-4cf3-84e9-9bf939e66b28" testId="d3667b30-e61c-9dbb-f1a9-264e82d98be5" testName="ToUri_Passing_InvalidValueString_Returns_Null (http://?)" computerName="PC-SFERRARI" duration="00:00:00.0001925" startTime="2020-09-01T17:12:39.3253613+01:00" endTime="2020-09-01T17:12:39.3259067+01:00" testType="13cdc9d9-ddb5-4fa4-a97d-d965ccfc6d4b" outcome="Passed" testListId="8c84fa94-04c1-424b-9868-57a2d4851a1d" relativeResultsDirectory="9a325cfa-bb80-460f-8949-c3da19a30ebf" dataRowInfo="1" resultType="DataDrivenDataRow" />
        <UnitTestResult executionId="f2f60807-5a88-48f6-8fab-03fc4a3e36f2" parentExecutionId="16d6ae1b-cdc4-4cf3-84e9-9bf939e66b28" testId="d3667b30-e61c-9dbb-f1a9-264e82d98be5" testName="ToUri_Passing_InvalidValueString_Returns_Null (http://)" computerName="PC-SFERRARI" duration="00:00:00.0000054" startTime="2020-09-01T17:12:39.3253613+01:00" endTime="2020-09-01T17:12:39.3259067+01:00" testType="13cdc9d9-ddb5-4fa4-a97d-d965ccfc6d4b" outcome="Passed" testListId="8c84fa94-04c1-424b-9868-57a2d4851a1d" relativeResultsDirectory="f2f60807-5a88-48f6-8fab-03fc4a3e36f2" dataRowInfo="2" resultType="DataDrivenDataRow" />
        <UnitTestResult executionId="d5faa2bb-3e69-4b34-b67e-263b36ced5ef" parentExecutionId="16d6ae1b-cdc4-4cf3-84e9-9bf939e66b28" testId="d3667b30-e61c-9dbb-f1a9-264e82d98be5" testName="ToUri_Passing_InvalidValueString_Returns_Null (http://.)" computerName="PC-SFERRARI" duration="00:00:00.0000080" startTime="2020-09-01T17:12:39.3253613+01:00" endTime="2020-09-01T17:12:39.3259067+01:00" testType="13cdc9d9-ddb5-4fa4-a97d-d965ccfc6d4b" outcome="Passed" testListId="8c84fa94-04c1-424b-9868-57a2d4851a1d" relativeResultsDirectory="d5faa2bb-3e69-4b34-b67e-263b36ced5ef" dataRowInfo="3" resultType="DataDrivenDataRow" />
        <UnitTestResult executionId="69f03b09-8beb-40e6-8a68-673f1b4e3bf7" parentExecutionId="16d6ae1b-cdc4-4cf3-84e9-9bf939e66b28" testId="d3667b30-e61c-9dbb-f1a9-264e82d98be5" testName="ToUri_Passing_InvalidValueString_Returns_Null (http://..)" computerName="PC-SFERRARI" duration="00:00:00.0000035" startTime="2020-09-01T17:12:39.3253613+01:00" endTime="2020-09-01T17:12:39.3259067+01:00" testType="13cdc9d9-ddb5-4fa4-a97d-d965ccfc6d4b" outcome="Passed" testListId="8c84fa94-04c1-424b-9868-57a2d4851a1d" relativeResultsDirectory="69f03b09-8beb-40e6-8a68-673f1b4e3bf7" dataRowInfo="4" resultType="DataDrivenDataRow" />
        <UnitTestResult executionId="a99d0a8a-d05e-4136-bd38-feef96ffd487" parentExecutionId="16d6ae1b-cdc4-4cf3-84e9-9bf939e66b28" testId="d3667b30-e61c-9dbb-f1a9-264e82d98be5" testName="ToUri_Passing_InvalidValueString_Returns_Null (http://../)" computerName="PC-SFERRARI" duration="00:00:00.0000029" startTime="2020-09-01T17:12:39.3253613+01:00" endTime="2020-09-01T17:12:39.3259067+01:00" testType="13cdc9d9-ddb5-4fa4-a97d-d965ccfc6d4b" outcome="Passed" testListId="8c84fa94-04c1-424b-9868-57a2d4851a1d" relativeResultsDirectory="a99d0a8a-d05e-4136-bd38-feef96ffd487" dataRowInfo="5" resultType="DataDrivenDataRow" />
        <UnitTestResult executionId="c5a6b6f2-b0e7-47fb-bbaa-47b355ee3096" parentExecutionId="16d6ae1b-cdc4-4cf3-84e9-9bf939e66b28" testId="d3667b30-e61c-9dbb-f1a9-264e82d98be5" testName="ToUri_Passing_InvalidValueString_Returns_Null (http://?)" computerName="PC-SFERRARI" duration="00:00:00.0000029" startTime="2020-09-01T17:12:39.3253613+01:00" endTime="2020-09-01T17:12:39.3259067+01:00" testType="13cdc9d9-ddb5-4fa4-a97d-d965ccfc6d4b" outcome="Passed" testListId="8c84fa94-04c1-424b-9868-57a2d4851a1d" relativeResultsDirectory="c5a6b6f2-b0e7-47fb-bbaa-47b355ee3096" dataRowInfo="6" resultType="DataDrivenDataRow" />
        <UnitTestResult executionId="3f579d97-6e9e-4c10-a7f6-10bb55131253" parentExecutionId="16d6ae1b-cdc4-4cf3-84e9-9bf939e66b28" testId="d3667b30-e61c-9dbb-f1a9-264e82d98be5" testName="ToUri_Passing_InvalidValueString_Returns_Null (http://??)" computerName="PC-SFERRARI" duration="00:00:00.0000029" startTime="2020-09-01T17:12:39.3253613+01:00" endTime="2020-09-01T17:12:39.3259067+01:00" testType="13cdc9d9-ddb5-4fa4-a97d-d965ccfc6d4b" outcome="Passed" testListId="8c84fa94-04c1-424b-9868-57a2d4851a1d" relativeResultsDirectory="3f579d97-6e9e-4c10-a7f6-10bb55131253" dataRowInfo="7" resultType="DataDrivenDataRow" />
        <UnitTestResult executionId="3845cb80-4ffc-417c-b48a-58244436d385" parentExecutionId="16d6ae1b-cdc4-4cf3-84e9-9bf939e66b28" testId="d3667b30-e61c-9dbb-f1a9-264e82d98be5" testName="ToUri_Passing_InvalidValueString_Returns_Null (http://??/)" computerName="PC-SFERRARI" duration="00:00:00.0000029" startTime="2020-09-01T17:12:39.3253613+01:00" endTime="2020-09-01T17:12:39.3259067+01:00" testType="13cdc9d9-ddb5-4fa4-a97d-d965ccfc6d4b" outcome="Passed" testListId="8c84fa94-04c1-424b-9868-57a2d4851a1d" relativeResultsDirectory="3845cb80-4ffc-417c-b48a-58244436d385" dataRowInfo="8" resultType="DataDrivenDataRow" />
        <UnitTestResult executionId="60b92910-600f-487b-a5c0-eb654c5f0ccc" parentExecutionId="16d6ae1b-cdc4-4cf3-84e9-9bf939e66b28" testId="d3667b30-e61c-9dbb-f1a9-264e82d98be5" testName="ToUri_Passing_InvalidValueString_Returns_Null (http://#)" computerName="PC-SFERRARI" duration="00:00:00.0000029" startTime="2020-09-01T17:12:39.3253613+01:00" endTime="2020-09-01T17:12:39.3259067+01:00" testType="13cdc9d9-ddb5-4fa4-a97d-d965ccfc6d4b" outcome="Passed" testListId="8c84fa94-04c1-424b-9868-57a2d4851a1d" relativeResultsDirectory="60b92910-600f-487b-a5c0-eb654c5f0ccc" dataRowInfo="9" resultType="DataDrivenDataRow" />
        <UnitTestResult executionId="d918af56-4187-4e86-b550-0de383d3ad80" parentExecutionId="16d6ae1b-cdc4-4cf3-84e9-9bf939e66b28" testId="d3667b30-e61c-9dbb-f1a9-264e82d98be5" testName="ToUri_Passing_InvalidValueString_Returns_Null (http://##)" computerName="PC-SFERRARI" duration="00:00:00.0000035" startTime="2020-09-01T17:12:39.3253613+01:00" endTime="2020-09-01T17:12:39.3259067+01:00" testType="13cdc9d9-ddb5-4fa4-a97d-d965ccfc6d4b" outcome="Passed" testListId="8c84fa94-04c1-424b-9868-57a2d4851a1d" relativeResultsDirectory="d918af56-4187-4e86-b550-0de383d3ad80" dataRowInfo="10" resultType="DataDrivenDataRow" />
        <UnitTestResult executionId="c2a837b7-b920-4c67-b187-ef13b2ad9603" parentExecutionId="16d6ae1b-cdc4-4cf3-84e9-9bf939e66b28" testId="d3667b30-e61c-9dbb-f1a9-264e82d98be5" testName="ToUri_Passing_InvalidValueString_Returns_Null (http://##/)" computerName="PC-SFERRARI" duration="00:00:00.0000028" startTime="2020-09-01T17:12:39.3253613+01:00" endTime="2020-09-01T17:12:39.3259067+01:00" testType="13cdc9d9-ddb5-4fa4-a97d-d965ccfc6d4b" outcome="Passed" testListId="8c84fa94-04c1-424b-9868-57a2d4851a1d" relativeResultsDirectory="c2a837b7-b920-4c67-b187-ef13b2ad9603" dataRowInfo="11" resultType="DataDrivenDataRow" />
      </InnerResults>
    </UnitTestResult>
    <UnitTestResult executionId="717ebec2-fef0-4100-872f-c874e419234f" testId="5be67f2a-15dc-2afb-87d4-6fb56af3309e" testName="ToHashAlgorithmName_Passing_InvalidValueLowerCaseString_Returns_Null" computerName="PC-SFERRARI" duration="00:00:00.0002795" startTime="2020-09-01T17:12:39.1819521+01:00" endTime="2020-09-01T17:12:39.1823865+01:00" testType="13cdc9d9-ddb5-4fa4-a97d-d965ccfc6d4b" outcome="Passed" testListId="8c84fa94-04c1-424b-9868-57a2d4851a1d" relativeResultsDirectory="717ebec2-fef0-4100-872f-c874e419234f" resultType="DataDrivenTest">
      <InnerResults>
        <UnitTestResult executionId="8299be54-4413-4dd5-9831-3c2cb39a132c" parentExecutionId="717ebec2-fef0-4100-872f-c874e419234f" testId="5be67f2a-15dc-2afb-87d4-6fb56af3309e" testName="ToHashAlgorithmName_Passing_InvalidValueLowerCaseString_Returns_Null (md5)" computerName="PC-SFERRARI" duration="00:00:00.0002283" startTime="2020-09-01T17:12:39.1819521+01:00" endTime="2020-09-01T17:12:39.1823865+01:00" testType="13cdc9d9-ddb5-4fa4-a97d-d965ccfc6d4b" outcome="Passed" testListId="8c84fa94-04c1-424b-9868-57a2d4851a1d" relativeResultsDirectory="8299be54-4413-4dd5-9831-3c2cb39a132c" dataRowInfo="1" resultType="DataDrivenDataRow" />
      </InnerResults>
    </UnitTestResult>
    <UnitTestResult executionId="6e949fc8-9f46-4c06-bc02-ff389c5751f0" testId="b59b01dd-125a-5c10-1264-3a87adcb7c38" testName="ToConfigureOrDefault_Passing_ActionCustomValues_Returns_CustomValues" computerName="PC-SFERRARI" duration="00:00:00.0422824" startTime="2020-09-01T17:12:36.3066137+01:00" endTime="2020-09-01T17:12:36.4428088+01:00" testType="13cdc9d9-ddb5-4fa4-a97d-d965ccfc6d4b" outcome="Passed" testListId="8c84fa94-04c1-424b-9868-57a2d4851a1d" relativeResultsDirectory="6e949fc8-9f46-4c06-bc02-ff389c5751f0" />
    <UnitTestResult executionId="4f282dbc-4ace-45ab-b8bf-afc363be4066" testId="f78feac2-4f99-e8a9-7ee3-7d94b24ea471" testName="ToTryIPv6_Passing_HttpContext_IP_Value_Returns_IP" computerName="PC-SFERRARI" duration="00:00:00.0035424" startTime="2020-09-01T17:12:38.3904401+01:00" endTime="2020-09-01T17:12:38.3940744+01:00" testType="13cdc9d9-ddb5-4fa4-a97d-d965ccfc6d4b" outcome="Passed" testListId="8c84fa94-04c1-424b-9868-57a2d4851a1d" relativeResultsDirectory="4f282dbc-4ace-45ab-b8bf-afc363be4066" />
    <UnitTestResult executionId="5c19140d-abf2-4c85-9ab1-5f82b0fd3ee1" testId="a479c80b-2fac-1e97-0804-34800f2ff63b" testName="CreateAndVerifyPassword_Passing_Valid_Arguments_Returns_IsValid" computerName="PC-SFERRARI" duration="00:00:01.0777496" startTime="2020-09-01T17:12:39.6361100+01:00" endTime="2020-09-01T17:12:40.7141349+01:00" testType="13cdc9d9-ddb5-4fa4-a97d-d965ccfc6d4b" outcome="Passed" testListId="8c84fa94-04c1-424b-9868-57a2d4851a1d" relativeResultsDirectory="5c19140d-abf2-4c85-9ab1-5f82b0fd3ee1" resultType="DataDrivenTest">
      <InnerResults>
        <UnitTestResult executionId="1189c219-f2a8-47b2-b6df-febc78fd9716" parentExecutionId="5c19140d-abf2-4c85-9ab1-5f82b0fd3ee1" testId="a479c80b-2fac-1e97-0804-34800f2ff63b" testName="CreateAndVerifyPassword_Passing_Valid_Arguments_Returns_IsValid (Password)" computerName="PC-SFERRARI" duration="00:00:00.3960264" startTime="2020-09-01T17:12:39.6361100+01:00" endTime="2020-09-01T17:12:40.7141349+01:00" testType="13cdc9d9-ddb5-4fa4-a97d-d965ccfc6d4b" outcome="Passed" testListId="8c84fa94-04c1-424b-9868-57a2d4851a1d" relativeResultsDirectory="1189c219-f2a8-47b2-b6df-febc78fd9716" dataRowInfo="1" resultType="DataDrivenDataRow" />
        <UnitTestResult executionId="28a7a7aa-443f-4493-88c4-bac95c552a2f" parentExecutionId="5c19140d-abf2-4c85-9ab1-5f82b0fd3ee1" testId="a479c80b-2fac-1e97-0804-34800f2ff63b" testName="CreateAndVerifyPassword_Passing_Valid_Arguments_Returns_IsValid (HashTests)" computerName="PC-SFERRARI" duration="00:00:00.3944497" startTime="2020-09-01T17:12:39.6361100+01:00" endTime="2020-09-01T17:12:40.7141349+01:00" testType="13cdc9d9-ddb5-4fa4-a97d-d965ccfc6d4b" outcome="Passed" testListId="8c84fa94-04c1-424b-9868-57a2d4851a1d" relativeResultsDirectory="28a7a7aa-443f-4493-88c4-bac95c552a2f" dataRowInfo="2" resultType="DataDrivenDataRow" />
        <UnitTestResult executionId="8f214db6-f144-4d81-98f8-147420228985" parentExecutionId="5c19140d-abf2-4c85-9ab1-5f82b0fd3ee1" testId="a479c80b-2fac-1e97-0804-34800f2ff63b" testName="CreateAndVerifyPassword_Passing_Valid_Arguments_Returns_IsValid (sdlfkjldsfksdfñl·%$·&amp;$/U&amp;/)(&amp;()?=)¿?^P*^PÑL,.,.lñ´ñ+98098'098098)" computerName="PC-SFERRARI" duration="00:00:00.2867831" startTime="2020-09-01T17:12:39.6361100+01:00" endTime="2020-09-01T17:12:40.7141349+01:00" testType="13cdc9d9-ddb5-4fa4-a97d-d965ccfc6d4b" outcome="Passed" testListId="8c84fa94-04c1-424b-9868-57a2d4851a1d" relativeResultsDirectory="8f214db6-f144-4d81-98f8-147420228985" dataRowInfo="3" resultType="DataDrivenDataRow" />
      </InnerResults>
    </UnitTestResult>
    <UnitTestResult executionId="ec626997-732f-4aa1-9bed-1af6b6a097e6" testId="cc5867c1-3959-a3e7-d05d-9d901dd30f40" testName="ToWhere_Passing_Valid_Predicate_Returns_Filter_List" computerName="PC-SFERRARI" duration="00:00:00.0017582" startTime="2020-09-01T17:12:38.9301994+01:00" endTime="2020-09-01T17:12:38.9320875+01:00" testType="13cdc9d9-ddb5-4fa4-a97d-d965ccfc6d4b" outcome="Passed" testListId="8c84fa94-04c1-424b-9868-57a2d4851a1d" relativeResultsDirectory="ec626997-732f-4aa1-9bed-1af6b6a097e6" />
    <UnitTestResult executionId="5a82bfcd-157a-4304-bcab-8137563e236d" testId="e28390c1-a8c4-3164-efb3-40e889682e52" testName="ToMessage_Passing_ExceptionWithMessageWithInnerException_Returns_MessageAndInnerException" computerName="PC-SFERRARI" duration="00:00:00.0002360" startTime="2020-09-01T17:12:38.2668015+01:00" endTime="2020-09-01T17:12:38.2671687+01:00" testType="13cdc9d9-ddb5-4fa4-a97d-d965ccfc6d4b" outcome="Passed" testListId="8c84fa94-04c1-424b-9868-57a2d4851a1d" relativeResultsDirectory="5a82bfcd-157a-4304-bcab-8137563e236d" />
    <UnitTestResult executionId="18a3d8f3-8652-4fbc-9e64-e9ce7fede8a4" testId="ad9599a7-8a8a-1754-e39e-f6d8510e730b" testName="ToPath_Passing_HttpRequest_Scheme_Host_Path_Returns_Url" computerName="PC-SFERRARI" duration="00:00:00.0018631" startTime="2020-09-01T17:12:38.4653430+01:00" endTime="2020-09-01T17:12:38.4672944+01:00" testType="13cdc9d9-ddb5-4fa4-a97d-d965ccfc6d4b" outcome="Passed" testListId="8c84fa94-04c1-424b-9868-57a2d4851a1d" relativeResultsDirectory="18a3d8f3-8652-4fbc-9e64-e9ce7fede8a4" />
    <UnitTestResult executionId="18a2c4d1-febc-4a05-9742-b7efb8415c7b" testId="33811680-09f9-e531-f020-f06f0bd4e10d" testName="ToEnum_Passing_InvalidValueString_Returns_EnumDefaultValue" computerName="PC-SFERRARI" duration="00:00:00.0001950" startTime="2020-09-01T17:12:39.0994445+01:00" endTime="2020-09-01T17:12:39.0998441+01:00" testType="13cdc9d9-ddb5-4fa4-a97d-d965ccfc6d4b" outcome="Passed" testListId="8c84fa94-04c1-424b-9868-57a2d4851a1d" relativeResultsDirectory="18a2c4d1-febc-4a05-9742-b7efb8415c7b" />
    <UnitTestResult executionId="ac2842d0-f108-4df4-9950-5f8e7d501083" testId="8cc5b57c-083c-3f3a-832a-0ea05928fc17" testName="ToEndOfTheMonth_Passing_DateTime_Returns_End_Of_Month_DateTime" computerName="PC-SFERRARI" duration="00:00:00.0007020" startTime="2020-09-01T17:12:38.1783244+01:00" endTime="2020-09-01T17:12:38.1791111+01:00" testType="13cdc9d9-ddb5-4fa4-a97d-d965ccfc6d4b" outcome="Passed" testListId="8c84fa94-04c1-424b-9868-57a2d4851a1d" relativeResultsDirectory="ac2842d0-f108-4df4-9950-5f8e7d501083" />
    <UnitTestResult executionId="21991d9f-674a-4711-91b3-883759b59acc" testId="7be74c7c-15d5-4d25-d1df-86e5d5a625b7" testName="ToDefaultValue_Passing_double_Returns_Cero" computerName="PC-SFERRARI" duration="00:00:00.0004070" startTime="2020-09-01T17:12:38.2950949+01:00" endTime="2020-09-01T17:12:38.2955723+01:00" testType="13cdc9d9-ddb5-4fa4-a97d-d965ccfc6d4b" outcome="Passed" testListId="8c84fa94-04c1-424b-9868-57a2d4851a1d" relativeResultsDirectory="21991d9f-674a-4711-91b3-883759b59acc" resultType="DataDrivenTest">
      <InnerResults>
        <UnitTestResult executionId="3b1468bf-546b-43e9-b4e9-93ffeba6694a" parentExecutionId="21991d9f-674a-4711-91b3-883759b59acc" testId="7be74c7c-15d5-4d25-d1df-86e5d5a625b7" testName="ToDefaultValue_Passing_double_Returns_Cero (1,7976931348623157E+308)" computerName="PC-SFERRARI" duration="00:00:00.0002255" startTime="2020-09-01T17:12:38.2950949+01:00" endTime="2020-09-01T17:12:38.2955723+01:00" testType="13cdc9d9-ddb5-4fa4-a97d-d965ccfc6d4b" outcome="Passed" testListId="8c84fa94-04c1-424b-9868-57a2d4851a1d" relativeResultsDirectory="3b1468bf-546b-43e9-b4e9-93ffeba6694a" dataRowInfo="1" resultType="DataDrivenDataRow" />
      </InnerResults>
    </UnitTestResult>
    <UnitTestResult executionId="5c23da48-a554-42f2-86c4-a3d91a222313" testId="a3844f97-b72a-2fb2-6c61-6f430a6058b8" testName="ToIsWeekend_Passing_Friday_DateTime_Returns_False" computerName="PC-SFERRARI" duration="00:00:00.0001952" startTime="2020-09-01T17:12:38.1797141+01:00" endTime="2020-09-01T17:12:38.1799816+01:00" testType="13cdc9d9-ddb5-4fa4-a97d-d965ccfc6d4b" outcome="Passed" testListId="8c84fa94-04c1-424b-9868-57a2d4851a1d" relativeResultsDirectory="5c23da48-a554-42f2-86c4-a3d91a222313" />
    <UnitTestResult executionId="b62d2c98-8f46-43f3-a438-2a8b91ffc685" testId="d3221bd3-12e9-52c3-4c80-e3c9d166ae47" testName="ToNormalize_Passing_ValidValue_Returns_NormalizedValue" computerName="PC-SFERRARI" duration="00:00:00.0032401" startTime="2020-09-01T17:12:39.2255485+01:00" endTime="2020-09-01T17:12:39.2288814+01:00" testType="13cdc9d9-ddb5-4fa4-a97d-d965ccfc6d4b" outcome="Passed" testListId="8c84fa94-04c1-424b-9868-57a2d4851a1d" relativeResultsDirectory="b62d2c98-8f46-43f3-a438-2a8b91ffc685" resultType="DataDrivenTest">
      <InnerResults>
        <UnitTestResult executionId="c69afb80-a550-4df3-8bfc-3eedf6ed28d6" parentExecutionId="b62d2c98-8f46-43f3-a438-2a8b91ffc685" testId="d3221bd3-12e9-52c3-4c80-e3c9d166ae47" testName="ToNormalize_Passing_ValidValue_Returns_NormalizedValue (àáäâãøçħ,aaaaaoch)" computerName="PC-SFERRARI" duration="00:00:00.0030066" startTime="2020-09-01T17:12:39.2255485+01:00" endTime="2020-09-01T17:12:39.2288814+01:00" testType="13cdc9d9-ddb5-4fa4-a97d-d965ccfc6d4b" outcome="Passed" testListId="8c84fa94-04c1-424b-9868-57a2d4851a1d" relativeResultsDirectory="c69afb80-a550-4df3-8bfc-3eedf6ed28d6" dataRowInfo="1" resultType="DataDrivenDataRow" />
        <UnitTestResult executionId="4ed1d89c-516c-45ae-ae0a-2e0dc76c866b" parentExecutionId="b62d2c98-8f46-43f3-a438-2a8b91ffc685" testId="d3221bd3-12e9-52c3-4c80-e3c9d166ae47" testName="ToNormalize_Passing_ValidValue_Returns_NormalizedValue ( àáäâ ãøçħ ,aaaa aoch)" computerName="PC-SFERRARI" duration="00:00:00.0000637" startTime="2020-09-01T17:12:39.2255485+01:00" endTime="2020-09-01T17:12:39.2288814+01:00" testType="13cdc9d9-ddb5-4fa4-a97d-d965ccfc6d4b" outcome="Passed" testListId="8c84fa94-04c1-424b-9868-57a2d4851a1d" relativeResultsDirectory="4ed1d89c-516c-45ae-ae0a-2e0dc76c866b" dataRowInfo="2" resultType="DataDrivenDataRow" />
        <UnitTestResult executionId="97d928a4-0634-4b01-a26f-51a7b36be931" parentExecutionId="b62d2c98-8f46-43f3-a438-2a8b91ffc685" testId="d3221bd3-12e9-52c3-4c80-e3c9d166ae47" testName="ToNormalize_Passing_ValidValue_Returns_NormalizedValue (*¨^_:-?¿;,)" computerName="PC-SFERRARI" duration="00:00:00.0000417" startTime="2020-09-01T17:12:39.2255485+01:00" endTime="2020-09-01T17:12:39.2288814+01:00" testType="13cdc9d9-ddb5-4fa4-a97d-d965ccfc6d4b" outcome="Passed" testListId="8c84fa94-04c1-424b-9868-57a2d4851a1d" relativeResultsDirectory="97d928a4-0634-4b01-a26f-51a7b36be931" dataRowInfo="3" resultType="DataDrivenDataRow" />
        <UnitTestResult executionId="7b5d1d0d-66a8-45d3-a0bf-587486c021a0" parentExecutionId="b62d2c98-8f46-43f3-a438-2a8b91ffc685" testId="d3221bd3-12e9-52c3-4c80-e3c9d166ae47" testName="ToNormalize_Passing_ValidValue_Returns_NormalizedValue ( * ¨ ^ _ : - ? ¿ ; ,)" computerName="PC-SFERRARI" duration="00:00:00.0000248" startTime="2020-09-01T17:12:39.2255485+01:00" endTime="2020-09-01T17:12:39.2288814+01:00" testType="13cdc9d9-ddb5-4fa4-a97d-d965ccfc6d4b" outcome="Passed" testListId="8c84fa94-04c1-424b-9868-57a2d4851a1d" relativeResultsDirectory="7b5d1d0d-66a8-45d3-a0bf-587486c021a0" dataRowInfo="4" resultType="DataDrivenDataRow" />
      </InnerResults>
    </UnitTestResult>
    <UnitTestResult executionId="147086fc-f8c4-4d6f-b10f-66fdfcfb7854" testId="05a9b880-6e83-9959-2d02-9b7d97277dfa" testName="ToString_Passing_Valid_Collection_Returns_String_With_Default_Separator" computerName="PC-SFERRARI" duration="00:00:00.0004268" startTime="2020-09-01T17:12:38.2138654+01:00" endTime="2020-09-01T17:12:38.2143742+01:00" testType="13cdc9d9-ddb5-4fa4-a97d-d965ccfc6d4b" outcome="Passed" testListId="8c84fa94-04c1-424b-9868-57a2d4851a1d" relativeResultsDirectory="147086fc-f8c4-4d6f-b10f-66fdfcfb7854" />
    <UnitTestResult executionId="d1849564-628e-4b2a-9266-de836541458d" testId="5a027d11-b396-742a-ead3-65fd697de61d" testName="ToReplaceSpecialChars_Passing_ValidValue_Returns_ReplacedValueWithoutIgnoreSpecialChars" computerName="PC-SFERRARI" duration="00:00:00.0006178" startTime="2020-09-01T17:12:39.2689566+01:00" endTime="2020-09-01T17:12:39.2697734+01:00" testType="13cdc9d9-ddb5-4fa4-a97d-d965ccfc6d4b" outcome="Passed" testListId="8c84fa94-04c1-424b-9868-57a2d4851a1d" relativeResultsDirectory="d1849564-628e-4b2a-9266-de836541458d" resultType="DataDrivenTest">
      <InnerResults>
        <UnitTestResult executionId="d3eaf0e6-1a78-434b-a9a4-1a32ef2f9dc9" parentExecutionId="d1849564-628e-4b2a-9266-de836541458d" testId="5a027d11-b396-742a-ead3-65fd697de61d" testName="ToReplaceSpecialChars_Passing_ValidValue_Returns_ReplacedValueWithoutIgnoreSpecialChars (àáäâãøçħ,aaaaaoch)" computerName="PC-SFERRARI" duration="00:00:00.0002202" startTime="2020-09-01T17:12:39.2689566+01:00" endTime="2020-09-01T17:12:39.2697734+01:00" testType="13cdc9d9-ddb5-4fa4-a97d-d965ccfc6d4b" outcome="Passed" testListId="8c84fa94-04c1-424b-9868-57a2d4851a1d" relativeResultsDirectory="d3eaf0e6-1a78-434b-a9a4-1a32ef2f9dc9" dataRowInfo="1" resultType="DataDrivenDataRow" />
        <UnitTestResult executionId="e00f4815-32aa-4718-b1de-6da2e3e08fa4" parentExecutionId="d1849564-628e-4b2a-9266-de836541458d" testId="5a027d11-b396-742a-ead3-65fd697de61d" testName="ToReplaceSpecialChars_Passing_ValidValue_Returns_ReplacedValueWithoutIgnoreSpecialChars ( àáäâ ãøçħ , aaaa aoch )" computerName="PC-SFERRARI" duration="00:00:00.0000253" startTime="2020-09-01T17:12:39.2689566+01:00" endTime="2020-09-01T17:12:39.2697734+01:00" testType="13cdc9d9-ddb5-4fa4-a97d-d965ccfc6d4b" outcome="Passed" testListId="8c84fa94-04c1-424b-9868-57a2d4851a1d" relativeResultsDirectory="e00f4815-32aa-4718-b1de-6da2e3e08fa4" dataRowInfo="2" resultType="DataDrivenDataRow" />
        <UnitTestResult executionId="0470ced0-0324-45c8-81ee-0a138afc94ca" parentExecutionId="d1849564-628e-4b2a-9266-de836541458d" testId="5a027d11-b396-742a-ead3-65fd697de61d" testName="ToReplaceSpecialChars_Passing_ValidValue_Returns_ReplacedValueWithoutIgnoreSpecialChars (*¨^_:-?¿;,)" computerName="PC-SFERRARI" duration="00:00:00.0000286" startTime="2020-09-01T17:12:39.2689566+01:00" endTime="2020-09-01T17:12:39.2697734+01:00" testType="13cdc9d9-ddb5-4fa4-a97d-d965ccfc6d4b" outcome="Passed" testListId="8c84fa94-04c1-424b-9868-57a2d4851a1d" relativeResultsDirectory="0470ced0-0324-45c8-81ee-0a138afc94ca" dataRowInfo="3" resultType="DataDrivenDataRow" />
        <UnitTestResult executionId="cd15c4aa-6f90-4f6a-a32c-20702bf477a6" parentExecutionId="d1849564-628e-4b2a-9266-de836541458d" testId="5a027d11-b396-742a-ead3-65fd697de61d" testName="ToReplaceSpecialChars_Passing_ValidValue_Returns_ReplacedValueWithoutIgnoreSpecialChars ( * ¨ ^ _ : - ? ¿ ; ,          )" computerName="PC-SFERRARI" duration="00:00:00.0000251" startTime="2020-09-01T17:12:39.2689566+01:00" endTime="2020-09-01T17:12:39.2697734+01:00" testType="13cdc9d9-ddb5-4fa4-a97d-d965ccfc6d4b" outcome="Passed" testListId="8c84fa94-04c1-424b-9868-57a2d4851a1d" relativeResultsDirectory="cd15c4aa-6f90-4f6a-a32c-20702bf477a6" dataRowInfo="4" resultType="DataDrivenDataRow" />
        <UnitTestResult executionId="b1fc00a9-2149-41dd-a634-2a0e14bd7d73" parentExecutionId="d1849564-628e-4b2a-9266-de836541458d" testId="5a027d11-b396-742a-ead3-65fd697de61d" testName="ToReplaceSpecialChars_Passing_ValidValue_Returns_ReplacedValueWithoutIgnoreSpecialChars (*¨^_:-?¿;,?¿,?¿)" computerName="PC-SFERRARI" duration="00:00:00.0000258" startTime="2020-09-01T17:12:39.2689566+01:00" endTime="2020-09-01T17:12:39.2697734+01:00" testType="13cdc9d9-ddb5-4fa4-a97d-d965ccfc6d4b" outcome="Passed" testListId="8c84fa94-04c1-424b-9868-57a2d4851a1d" relativeResultsDirectory="b1fc00a9-2149-41dd-a634-2a0e14bd7d73" dataRowInfo="5" resultType="DataDrivenDataRow" />
      </InnerResults>
    </UnitTestResult>
    <UnitTestResult executionId="823e78c6-6743-4081-bf16-8deb68fcbdb6" testId="c7c0b8c0-af82-c2af-9366-cca72ceef0f8" testName="ToList_Passing_ValidEnumTypeWithSelectedValue_Returns_ValuesList" computerName="PC-SFERRARI" duration="00:00:00.0003406" startTime="2020-09-01T17:12:39.6137817+01:00" endTime="2020-09-01T17:12:39.6142112+01:00" testType="13cdc9d9-ddb5-4fa4-a97d-d965ccfc6d4b" outcome="Passed" testListId="8c84fa94-04c1-424b-9868-57a2d4851a1d" relativeResultsDirectory="823e78c6-6743-4081-bf16-8deb68fcbdb6" />
    <UnitTestResult executionId="cc81b8f2-416b-4a0e-87e9-999b1e8e4cf1" testId="6248e67f-03fa-b522-e842-7dfbd2fa65df" testName="ToMapMerge_Passing_Destination_Object_Returns_Merged_Destination_Object" computerName="PC-SFERRARI" duration="00:00:00.0170452" startTime="2020-09-01T17:12:36.9125424+01:00" endTime="2020-09-01T17:12:36.9297344+01:00" testType="13cdc9d9-ddb5-4fa4-a97d-d965ccfc6d4b" outcome="Passed" testListId="8c84fa94-04c1-424b-9868-57a2d4851a1d" relativeResultsDirectory="cc81b8f2-416b-4a0e-87e9-999b1e8e4cf1" />
    <UnitTestResult executionId="35848e05-1d8a-4b84-bcd6-39f3b4c1ae25" testId="a69c7595-f0db-0ba4-1afc-11aca5272a96" testName="ToExists_Passing_Valid_Service_Returns_True" computerName="PC-SFERRARI" duration="00:00:00.0003390" startTime="2020-09-01T17:12:37.9846661+01:00" endTime="2020-09-01T17:12:37.9850801+01:00" testType="13cdc9d9-ddb5-4fa4-a97d-d965ccfc6d4b" outcome="Passed" testListId="8c84fa94-04c1-424b-9868-57a2d4851a1d" relativeResultsDirectory="35848e05-1d8a-4b84-bcd6-39f3b4c1ae25" />
    <UnitTestResult executionId="55990d02-202b-4d85-ac59-84a7a52fe585" testId="66126afc-69ba-08e2-3b9f-64ff9f45fc60" testName="ToDefaultValue_Passing_ValidInt_Returns_DefaultValue" computerName="PC-SFERRARI" duration="00:00:00.0001078" startTime="2020-09-01T17:12:39.5201002+01:00" endTime="2020-09-01T17:12:39.5202830+01:00" testType="13cdc9d9-ddb5-4fa4-a97d-d965ccfc6d4b" outcome="Passed" testListId="8c84fa94-04c1-424b-9868-57a2d4851a1d" relativeResultsDirectory="55990d02-202b-4d85-ac59-84a7a52fe585" />
    <UnitTestResult executionId="283d2942-a8b9-46e5-8da2-5af6db49d34a" testId="0e35d8c6-f00e-a9ce-bf8e-f278617977a1" testName="ToEmptyIfNull_Passing_Null_Collection_Returns_Empty_Collection" computerName="PC-SFERRARI" duration="00:00:00.0004471" startTime="2020-09-01T17:12:38.2122345+01:00" endTime="2020-09-01T17:12:38.2128869+01:00" testType="13cdc9d9-ddb5-4fa4-a97d-d965ccfc6d4b" outcome="Passed" testListId="8c84fa94-04c1-424b-9868-57a2d4851a1d" relativeResultsDirectory="283d2942-a8b9-46e5-8da2-5af6db49d34a" />
    <UnitTestResult executionId="0f85d707-b8c9-448e-9af5-4dafe54ad825" testId="3972c6a7-1365-8e74-c83d-f2ced3761cc5" testName="ToResultAsync_Passing_StatusCodeAnd_MessageAndContentTypeAndHeader_Values_Returns_Values" computerName="PC-SFERRARI" duration="00:00:00.3513965" startTime="2020-09-01T17:12:38.4864143+01:00" endTime="2020-09-01T17:12:38.8380083+01:00" testType="13cdc9d9-ddb5-4fa4-a97d-d965ccfc6d4b" outcome="Passed" testListId="8c84fa94-04c1-424b-9868-57a2d4851a1d" relativeResultsDirectory="0f85d707-b8c9-448e-9af5-4dafe54ad825" resultType="DataDrivenTest">
      <InnerResults>
        <UnitTestResult executionId="6441f7fe-1ae8-446e-a856-0ad2dd4a1b5a" parentExecutionId="0f85d707-b8c9-448e-9af5-4dafe54ad825" testId="3972c6a7-1365-8e74-c83d-f2ced3761cc5" testName="ToResultAsync_Passing_StatusCodeAnd_MessageAndContentTypeAndHeader_Values_Returns_Values (/test)" computerName="PC-SFERRARI" duration="00:00:00.3513282" startTime="2020-09-01T17:12:38.4864143+01:00" endTime="2020-09-01T17:12:38.8380083+01:00" testType="13cdc9d9-ddb5-4fa4-a97d-d965ccfc6d4b" outcome="Passed" testListId="8c84fa94-04c1-424b-9868-57a2d4851a1d" relativeResultsDirectory="6441f7fe-1ae8-446e-a856-0ad2dd4a1b5a" dataRowInfo="1" resultType="DataDrivenDataRow" />
      </InnerResults>
    </UnitTestResult>
    <UnitTestResult executionId="e345c748-f8e1-498b-8313-8953aa9700da" testId="176f4350-0b3b-4432-fa24-18f29e2c3458" testName="ToGet_Passing_Claims_Returns_Claim_Value_Int" computerName="PC-SFERRARI" duration="00:00:00.0019988" startTime="2020-09-01T17:12:37.6608093+01:00" endTime="2020-09-01T17:12:37.6629358+01:00" testType="13cdc9d9-ddb5-4fa4-a97d-d965ccfc6d4b" outcome="Passed" testListId="8c84fa94-04c1-424b-9868-57a2d4851a1d" relativeResultsDirectory="e345c748-f8e1-498b-8313-8953aa9700da" />
    <UnitTestResult executionId="422363fa-bba7-4f28-b0f4-809757e84b93" testId="4eeb46d7-0fd7-2ce7-9820-7550d17b2498" testName="ToDefaultValue_Passing_float_Returns_Cero" computerName="PC-SFERRARI" duration="00:00:00.0002819" startTime="2020-09-01T17:12:38.2955988+01:00" endTime="2020-09-01T17:12:38.2959490+01:00" testType="13cdc9d9-ddb5-4fa4-a97d-d965ccfc6d4b" outcome="Passed" testListId="8c84fa94-04c1-424b-9868-57a2d4851a1d" relativeResultsDirectory="422363fa-bba7-4f28-b0f4-809757e84b93" resultType="DataDrivenTest">
      <InnerResults>
        <UnitTestResult executionId="b0fb5ea0-7771-4054-8714-185afc435319" parentExecutionId="422363fa-bba7-4f28-b0f4-809757e84b93" testId="4eeb46d7-0fd7-2ce7-9820-7550d17b2498" testName="ToDefaultValue_Passing_float_Returns_Cero (3,4028235E+38)" computerName="PC-SFERRARI" duration="00:00:00.0002320" startTime="2020-09-01T17:12:38.2955988+01:00" endTime="2020-09-01T17:12:38.2959490+01:00" testType="13cdc9d9-ddb5-4fa4-a97d-d965ccfc6d4b" outcome="Passed" testListId="8c84fa94-04c1-424b-9868-57a2d4851a1d" relativeResultsDirectory="b0fb5ea0-7771-4054-8714-185afc435319" dataRowInfo="1" resultType="DataDrivenDataRow" />
      </InnerResults>
    </UnitTestResult>
    <UnitTestResult executionId="75038d73-306b-41ba-b221-b5fe6899abc4" testId="f6bac370-e1b2-a2d3-04a7-3cad393e0988" testName="ToDefaultValue_Passing_sbyte_Returns_Cero" computerName="PC-SFERRARI" duration="00:00:00.0002774" startTime="2020-09-01T17:12:38.3163124+01:00" endTime="2020-09-01T17:12:38.3166681+01:00" testType="13cdc9d9-ddb5-4fa4-a97d-d965ccfc6d4b" outcome="Passed" testListId="8c84fa94-04c1-424b-9868-57a2d4851a1d" relativeResultsDirectory="75038d73-306b-41ba-b221-b5fe6899abc4" resultType="DataDrivenTest">
      <InnerResults>
        <UnitTestResult executionId="e49b321a-873d-4c24-b6fc-0b1550a46ab2" parentExecutionId="75038d73-306b-41ba-b221-b5fe6899abc4" testId="f6bac370-e1b2-a2d3-04a7-3cad393e0988" testName="ToDefaultValue_Passing_sbyte_Returns_Cero (127)" computerName="PC-SFERRARI" duration="00:00:00.0002349" startTime="2020-09-01T17:12:38.3163124+01:00" endTime="2020-09-01T17:12:38.3166681+01:00" testType="13cdc9d9-ddb5-4fa4-a97d-d965ccfc6d4b" outcome="Passed" testListId="8c84fa94-04c1-424b-9868-57a2d4851a1d" relativeResultsDirectory="e49b321a-873d-4c24-b6fc-0b1550a46ab2" dataRowInfo="1" resultType="DataDrivenDataRow" />
      </InnerResults>
    </UnitTestResult>
    <UnitTestResult executionId="c79e5230-4319-4724-8b2a-595cd8a85fb0" testId="b9f84f47-79ca-0306-391d-c23274e874c8" testName="ToUri_Passing_ValidValueString_Returns_Uri" computerName="PC-SFERRARI" duration="00:00:00.0013322" startTime="2020-09-01T17:12:39.3609649+01:00" endTime="2020-09-01T17:12:39.3626083+01:00" testType="13cdc9d9-ddb5-4fa4-a97d-d965ccfc6d4b" outcome="Passed" testListId="8c84fa94-04c1-424b-9868-57a2d4851a1d" relativeResultsDirectory="c79e5230-4319-4724-8b2a-595cd8a85fb0" resultType="DataDrivenTest">
      <InnerResults>
        <UnitTestResult executionId="789cc3b6-ed72-480a-a8c7-2333d9c65a93" parentExecutionId="c79e5230-4319-4724-8b2a-595cd8a85fb0" testId="b9f84f47-79ca-0306-391d-c23274e874c8" testName="ToUri_Passing_ValidValueString_Returns_Uri (http://foo.com/blah_blah)" computerName="PC-SFERRARI" duration="00:00:00.0002226" startTime="2020-09-01T17:12:39.3609649+01:00" endTime="2020-09-01T17:12:39.3626083+01:00" testType="13cdc9d9-ddb5-4fa4-a97d-d965ccfc6d4b" outcome="Passed" testListId="8c84fa94-04c1-424b-9868-57a2d4851a1d" relativeResultsDirectory="789cc3b6-ed72-480a-a8c7-2333d9c65a93" dataRowInfo="1" resultType="DataDrivenDataRow" />
        <UnitTestResult executionId="dfac1e20-7b96-4a37-b24d-4743ac584f5b" parentExecutionId="c79e5230-4319-4724-8b2a-595cd8a85fb0" testId="b9f84f47-79ca-0306-391d-c23274e874c8" testName="ToUri_Passing_ValidValueString_Returns_Uri (http://foo.com/blah_blah/)" computerName="PC-SFERRARI" duration="00:00:00.0000051" startTime="2020-09-01T17:12:39.3609649+01:00" endTime="2020-09-01T17:12:39.3626083+01:00" testType="13cdc9d9-ddb5-4fa4-a97d-d965ccfc6d4b" outcome="Passed" testListId="8c84fa94-04c1-424b-9868-57a2d4851a1d" relativeResultsDirectory="dfac1e20-7b96-4a37-b24d-4743ac584f5b" dataRowInfo="2" resultType="DataDrivenDataRow" />
        <UnitTestResult executionId="20910b65-769f-4ae5-ad6e-f42dd38617b1" parentExecutionId="c79e5230-4319-4724-8b2a-595cd8a85fb0" testId="b9f84f47-79ca-0306-391d-c23274e874c8" testName="ToUri_Passing_ValidValueString_Returns_Uri (http://foo.com/blah_blah/p=5)" computerName="PC-SFERRARI" duration="00:00:00.0000038" startTime="2020-09-01T17:12:39.3609649+01:00" endTime="2020-09-01T17:12:39.3626083+01:00" testType="13cdc9d9-ddb5-4fa4-a97d-d965ccfc6d4b" outcome="Passed" testListId="8c84fa94-04c1-424b-9868-57a2d4851a1d" relativeResultsDirectory="20910b65-769f-4ae5-ad6e-f42dd38617b1" dataRowInfo="3" resultType="DataDrivenDataRow" />
        <UnitTestResult executionId="f41c3a31-d113-4936-ba5d-66187e462a52" parentExecutionId="c79e5230-4319-4724-8b2a-595cd8a85fb0" testId="b9f84f47-79ca-0306-391d-c23274e874c8" testName="ToUri_Passing_ValidValueString_Returns_Uri (http://foo.com/blah_blah?p=5)" computerName="PC-SFERRARI" duration="00:00:00.0000027" startTime="2020-09-01T17:12:39.3609649+01:00" endTime="2020-09-01T17:12:39.3626083+01:00" testType="13cdc9d9-ddb5-4fa4-a97d-d965ccfc6d4b" outcome="Passed" testListId="8c84fa94-04c1-424b-9868-57a2d4851a1d" relativeResultsDirectory="f41c3a31-d113-4936-ba5d-66187e462a52" dataRowInfo="4" resultType="DataDrivenDataRow" />
        <UnitTestResult executionId="ff3acf00-9707-47f4-9f8c-4fe00f510af0" parentExecutionId="c79e5230-4319-4724-8b2a-595cd8a85fb0" testId="b9f84f47-79ca-0306-391d-c23274e874c8" testName="ToUri_Passing_ValidValueString_Returns_Uri (http://foo.com/blah_blah?p=5&amp;j=fe)" computerName="PC-SFERRARI" duration="00:00:00.0000030" startTime="2020-09-01T17:12:39.3609649+01:00" endTime="2020-09-01T17:12:39.3626083+01:00" testType="13cdc9d9-ddb5-4fa4-a97d-d965ccfc6d4b" outcome="Passed" testListId="8c84fa94-04c1-424b-9868-57a2d4851a1d" relativeResultsDirectory="ff3acf00-9707-47f4-9f8c-4fe00f510af0" dataRowInfo="5" resultType="DataDrivenDataRow" />
        <UnitTestResult executionId="818c0c1d-d94b-4633-bdb9-84e6a39d6130" parentExecutionId="c79e5230-4319-4724-8b2a-595cd8a85fb0" testId="b9f84f47-79ca-0306-391d-c23274e874c8" testName="ToUri_Passing_ValidValueString_Returns_Uri (https://foo.com/blah_blah)" computerName="PC-SFERRARI" duration="00:00:00.0000028" startTime="2020-09-01T17:12:39.3609649+01:00" endTime="2020-09-01T17:12:39.3626083+01:00" testType="13cdc9d9-ddb5-4fa4-a97d-d965ccfc6d4b" outcome="Passed" testListId="8c84fa94-04c1-424b-9868-57a2d4851a1d" relativeResultsDirectory="818c0c1d-d94b-4633-bdb9-84e6a39d6130" dataRowInfo="6" resultType="DataDrivenDataRow" />
        <UnitTestResult executionId="1d2d2e4c-88b9-4ef2-9e10-114d09d7f1c3" parentExecutionId="c79e5230-4319-4724-8b2a-595cd8a85fb0" testId="b9f84f47-79ca-0306-391d-c23274e874c8" testName="ToUri_Passing_ValidValueString_Returns_Uri (https://foo.com/blah_blah/)" computerName="PC-SFERRARI" duration="00:00:00.0000027" startTime="2020-09-01T17:12:39.3609649+01:00" endTime="2020-09-01T17:12:39.3626083+01:00" testType="13cdc9d9-ddb5-4fa4-a97d-d965ccfc6d4b" outcome="Passed" testListId="8c84fa94-04c1-424b-9868-57a2d4851a1d" relativeResultsDirectory="1d2d2e4c-88b9-4ef2-9e10-114d09d7f1c3" dataRowInfo="7" resultType="DataDrivenDataRow" />
        <UnitTestResult executionId="e01b6d37-f31b-415b-9398-8f3dca97dec2" parentExecutionId="c79e5230-4319-4724-8b2a-595cd8a85fb0" testId="b9f84f47-79ca-0306-391d-c23274e874c8" testName="ToUri_Passing_ValidValueString_Returns_Uri (https://foo.com/blah_blah/p=5)" computerName="PC-SFERRARI" duration="00:00:00.0000026" startTime="2020-09-01T17:12:39.3609649+01:00" endTime="2020-09-01T17:12:39.3626083+01:00" testType="13cdc9d9-ddb5-4fa4-a97d-d965ccfc6d4b" outcome="Passed" testListId="8c84fa94-04c1-424b-9868-57a2d4851a1d" relativeResultsDirectory="e01b6d37-f31b-415b-9398-8f3dca97dec2" dataRowInfo="8" resultType="DataDrivenDataRow" />
        <UnitTestResult executionId="2a0ce314-88ed-419a-868e-e8973f448ead" parentExecutionId="c79e5230-4319-4724-8b2a-595cd8a85fb0" testId="b9f84f47-79ca-0306-391d-c23274e874c8" testName="ToUri_Passing_ValidValueString_Returns_Uri (https://foo.com/blah_blah?p=5)" computerName="PC-SFERRARI" duration="00:00:00.0000026" startTime="2020-09-01T17:12:39.3609649+01:00" endTime="2020-09-01T17:12:39.3626083+01:00" testType="13cdc9d9-ddb5-4fa4-a97d-d965ccfc6d4b" outcome="Passed" testListId="8c84fa94-04c1-424b-9868-57a2d4851a1d" relativeResultsDirectory="2a0ce314-88ed-419a-868e-e8973f448ead" dataRowInfo="9" resultType="DataDrivenDataRow" />
        <UnitTestResult executionId="7caaea8f-c661-4717-893b-03e7233a11ee" parentExecutionId="c79e5230-4319-4724-8b2a-595cd8a85fb0" testId="b9f84f47-79ca-0306-391d-c23274e874c8" testName="ToUri_Passing_ValidValueString_Returns_Uri (https://foo.com/blah_blah?p=5&amp;j=fe)" computerName="PC-SFERRARI" duration="00:00:00.0000026" startTime="2020-09-01T17:12:39.3609649+01:00" endTime="2020-09-01T17:12:39.3626083+01:00" testType="13cdc9d9-ddb5-4fa4-a97d-d965ccfc6d4b" outcome="Passed" testListId="8c84fa94-04c1-424b-9868-57a2d4851a1d" relativeResultsDirectory="7caaea8f-c661-4717-893b-03e7233a11ee" dataRowInfo="10" resultType="DataDrivenDataRow" />
        <UnitTestResult executionId="eb381ece-06a0-4b7c-8428-1b3ad86eac29" parentExecutionId="c79e5230-4319-4724-8b2a-595cd8a85fb0" testId="b9f84f47-79ca-0306-391d-c23274e874c8" testName="ToUri_Passing_ValidValueString_Returns_Uri (//foo.com/blah_blah)" computerName="PC-SFERRARI" duration="00:00:00.0000026" startTime="2020-09-01T17:12:39.3609649+01:00" endTime="2020-09-01T17:12:39.3626083+01:00" testType="13cdc9d9-ddb5-4fa4-a97d-d965ccfc6d4b" outcome="Passed" testListId="8c84fa94-04c1-424b-9868-57a2d4851a1d" relativeResultsDirectory="eb381ece-06a0-4b7c-8428-1b3ad86eac29" dataRowInfo="11" resultType="DataDrivenDataRow" />
        <UnitTestResult executionId="4e157e49-8dc8-4fcb-89db-4817812841ba" parentExecutionId="c79e5230-4319-4724-8b2a-595cd8a85fb0" testId="b9f84f47-79ca-0306-391d-c23274e874c8" testName="ToUri_Passing_ValidValueString_Returns_Uri (//foo.com/blah_blah/)" computerName="PC-SFERRARI" duration="00:00:00.0000023" startTime="2020-09-01T17:12:39.3609649+01:00" endTime="2020-09-01T17:12:39.3626083+01:00" testType="13cdc9d9-ddb5-4fa4-a97d-d965ccfc6d4b" outcome="Passed" testListId="8c84fa94-04c1-424b-9868-57a2d4851a1d" relativeResultsDirectory="4e157e49-8dc8-4fcb-89db-4817812841ba" dataRowInfo="12" resultType="DataDrivenDataRow" />
        <UnitTestResult executionId="f87b6c91-7a7c-44b1-9701-e52470316b1c" parentExecutionId="c79e5230-4319-4724-8b2a-595cd8a85fb0" testId="b9f84f47-79ca-0306-391d-c23274e874c8" testName="ToUri_Passing_ValidValueString_Returns_Uri (//foo.com/blah_blah/p=5)" computerName="PC-SFERRARI" duration="00:00:00.0000022" startTime="2020-09-01T17:12:39.3609649+01:00" endTime="2020-09-01T17:12:39.3626083+01:00" testType="13cdc9d9-ddb5-4fa4-a97d-d965ccfc6d4b" outcome="Passed" testListId="8c84fa94-04c1-424b-9868-57a2d4851a1d" relativeResultsDirectory="f87b6c91-7a7c-44b1-9701-e52470316b1c" dataRowInfo="13" resultType="DataDrivenDataRow" />
        <UnitTestResult executionId="4bf2c3db-23e8-4964-9ac3-71c09b75fc96" parentExecutionId="c79e5230-4319-4724-8b2a-595cd8a85fb0" testId="b9f84f47-79ca-0306-391d-c23274e874c8" testName="ToUri_Passing_ValidValueString_Returns_Uri (//foo.com/blah_blah?p=5)" computerName="PC-SFERRARI" duration="00:00:00.0000026" startTime="2020-09-01T17:12:39.3609649+01:00" endTime="2020-09-01T17:12:39.3626083+01:00" testType="13cdc9d9-ddb5-4fa4-a97d-d965ccfc6d4b" outcome="Passed" testListId="8c84fa94-04c1-424b-9868-57a2d4851a1d" relativeResultsDirectory="4bf2c3db-23e8-4964-9ac3-71c09b75fc96" dataRowInfo="14" resultType="DataDrivenDataRow" />
        <UnitTestResult executionId="a4032af6-2637-4ecf-9091-95d714fcdb4d" parentExecutionId="c79e5230-4319-4724-8b2a-595cd8a85fb0" testId="b9f84f47-79ca-0306-391d-c23274e874c8" testName="ToUri_Passing_ValidValueString_Returns_Uri (//foo.com/blah_blah?p=5&amp;j=fe)" computerName="PC-SFERRARI" duration="00:00:00.0000023" startTime="2020-09-01T17:12:39.3609649+01:00" endTime="2020-09-01T17:12:39.3626083+01:00" testType="13cdc9d9-ddb5-4fa4-a97d-d965ccfc6d4b" outcome="Passed" testListId="8c84fa94-04c1-424b-9868-57a2d4851a1d" relativeResultsDirectory="a4032af6-2637-4ecf-9091-95d714fcdb4d" dataRowInfo="15" resultType="DataDrivenDataRow" />
        <UnitTestResult executionId="fd6f5eab-b20f-4f45-88ab-9036edd76545" parentExecutionId="c79e5230-4319-4724-8b2a-595cd8a85fb0" testId="b9f84f47-79ca-0306-391d-c23274e874c8" testName="ToUri_Passing_ValidValueString_Returns_Uri (http://foo.com/blah_blah_(wikipedia))" computerName="PC-SFERRARI" duration="00:00:00.0000028" startTime="2020-09-01T17:12:39.3609649+01:00" endTime="2020-09-01T17:12:39.3626083+01:00" testType="13cdc9d9-ddb5-4fa4-a97d-d965ccfc6d4b" outcome="Passed" testListId="8c84fa94-04c1-424b-9868-57a2d4851a1d" relativeResultsDirectory="fd6f5eab-b20f-4f45-88ab-9036edd76545" dataRowInfo="16" resultType="DataDrivenDataRow" />
        <UnitTestResult executionId="1db51918-cae7-4d66-b120-ad32a4e8f1c5" parentExecutionId="c79e5230-4319-4724-8b2a-595cd8a85fb0" testId="b9f84f47-79ca-0306-391d-c23274e874c8" testName="ToUri_Passing_ValidValueString_Returns_Uri (http://foo.com/blah_blah_(wikipedia)_(again))" computerName="PC-SFERRARI" duration="00:00:00.0000027" startTime="2020-09-01T17:12:39.3609649+01:00" endTime="2020-09-01T17:12:39.3626083+01:00" testType="13cdc9d9-ddb5-4fa4-a97d-d965ccfc6d4b" outcome="Passed" testListId="8c84fa94-04c1-424b-9868-57a2d4851a1d" relativeResultsDirectory="1db51918-cae7-4d66-b120-ad32a4e8f1c5" dataRowInfo="17" resultType="DataDrivenDataRow" />
        <UnitTestResult executionId="b2239f17-0f65-49cf-93df-dc73064961ad" parentExecutionId="c79e5230-4319-4724-8b2a-595cd8a85fb0" testId="b9f84f47-79ca-0306-391d-c23274e874c8" testName="ToUri_Passing_ValidValueString_Returns_Uri (http://www.example.com/wpstyle/?p=364)" computerName="PC-SFERRARI" duration="00:00:00.0000029" startTime="2020-09-01T17:12:39.3609649+01:00" endTime="2020-09-01T17:12:39.3626083+01:00" testType="13cdc9d9-ddb5-4fa4-a97d-d965ccfc6d4b" outcome="Passed" testListId="8c84fa94-04c1-424b-9868-57a2d4851a1d" relativeResultsDirectory="b2239f17-0f65-49cf-93df-dc73064961ad" dataRowInfo="18" resultType="DataDrivenDataRow" />
        <UnitTestResult executionId="88bb00fb-1801-43b0-be63-f0e297087165" parentExecutionId="c79e5230-4319-4724-8b2a-595cd8a85fb0" testId="b9f84f47-79ca-0306-391d-c23274e874c8" testName="ToUri_Passing_ValidValueString_Returns_Uri (https://www.example.com/foo/?bar=baz&amp;inga=42&amp;quux)" computerName="PC-SFERRARI" duration="00:00:00.0000029" startTime="2020-09-01T17:12:39.3609649+01:00" endTime="2020-09-01T17:12:39.3626083+01:00" testType="13cdc9d9-ddb5-4fa4-a97d-d965ccfc6d4b" outcome="Passed" testListId="8c84fa94-04c1-424b-9868-57a2d4851a1d" relativeResultsDirectory="88bb00fb-1801-43b0-be63-f0e297087165" dataRowInfo="19" resultType="DataDrivenDataRow" />
        <UnitTestResult executionId="f5002b42-0909-45f9-a71f-0228a1919d9e" parentExecutionId="c79e5230-4319-4724-8b2a-595cd8a85fb0" testId="b9f84f47-79ca-0306-391d-c23274e874c8" testName="ToUri_Passing_ValidValueString_Returns_Uri (http://✪df.ws/123)" computerName="PC-SFERRARI" duration="00:00:00.0003285" startTime="2020-09-01T17:12:39.3609649+01:00" endTime="2020-09-01T17:12:39.3626083+01:00" testType="13cdc9d9-ddb5-4fa4-a97d-d965ccfc6d4b" outcome="Passed" testListId="8c84fa94-04c1-424b-9868-57a2d4851a1d" relativeResultsDirectory="f5002b42-0909-45f9-a71f-0228a1919d9e" dataRowInfo="20" resultType="DataDrivenDataRow" />
        <UnitTestResult executionId="274313fe-1a97-4f03-9ece-c2c35dca38d4" parentExecutionId="c79e5230-4319-4724-8b2a-595cd8a85fb0" testId="b9f84f47-79ca-0306-391d-c23274e874c8" testName="ToUri_Passing_ValidValueString_Returns_Uri (http://userid:password@example.com:8080)" computerName="PC-SFERRARI" duration="00:00:00.0000154" startTime="2020-09-01T17:12:39.3609649+01:00" endTime="2020-09-01T17:12:39.3626083+01:00" testType="13cdc9d9-ddb5-4fa4-a97d-d965ccfc6d4b" outcome="Passed" testListId="8c84fa94-04c1-424b-9868-57a2d4851a1d" relativeResultsDirectory="274313fe-1a97-4f03-9ece-c2c35dca38d4" dataRowInfo="21" resultType="DataDrivenDataRow" />
        <UnitTestResult executionId="b99c6454-495f-4177-b46d-2f61d4cf328c" parentExecutionId="c79e5230-4319-4724-8b2a-595cd8a85fb0" testId="b9f84f47-79ca-0306-391d-c23274e874c8" testName="ToUri_Passing_ValidValueString_Returns_Uri (http://userid:password@example.com:8080/)" computerName="PC-SFERRARI" duration="00:00:00.0000034" startTime="2020-09-01T17:12:39.3609649+01:00" endTime="2020-09-01T17:12:39.3626083+01:00" testType="13cdc9d9-ddb5-4fa4-a97d-d965ccfc6d4b" outcome="Passed" testListId="8c84fa94-04c1-424b-9868-57a2d4851a1d" relativeResultsDirectory="b99c6454-495f-4177-b46d-2f61d4cf328c" dataRowInfo="22" resultType="DataDrivenDataRow" />
        <UnitTestResult executionId="6d2fde02-20f9-48f8-9f70-75f49b9bb00f" parentExecutionId="c79e5230-4319-4724-8b2a-595cd8a85fb0" testId="b9f84f47-79ca-0306-391d-c23274e874c8" testName="ToUri_Passing_ValidValueString_Returns_Uri (http://userid@example.com)" computerName="PC-SFERRARI" duration="00:00:00.0000032" startTime="2020-09-01T17:12:39.3609649+01:00" endTime="2020-09-01T17:12:39.3626083+01:00" testType="13cdc9d9-ddb5-4fa4-a97d-d965ccfc6d4b" outcome="Passed" testListId="8c84fa94-04c1-424b-9868-57a2d4851a1d" relativeResultsDirectory="6d2fde02-20f9-48f8-9f70-75f49b9bb00f" dataRowInfo="23" resultType="DataDrivenDataRow" />
        <UnitTestResult executionId="cda2de01-c628-4558-b455-7956768bc98a" parentExecutionId="c79e5230-4319-4724-8b2a-595cd8a85fb0" testId="b9f84f47-79ca-0306-391d-c23274e874c8" testName="ToUri_Passing_ValidValueString_Returns_Uri (http://userid@example.com/)" computerName="PC-SFERRARI" duration="00:00:00.0000029" startTime="2020-09-01T17:12:39.3609649+01:00" endTime="2020-09-01T17:12:39.3626083+01:00" testType="13cdc9d9-ddb5-4fa4-a97d-d965ccfc6d4b" outcome="Passed" testListId="8c84fa94-04c1-424b-9868-57a2d4851a1d" relativeResultsDirectory="cda2de01-c628-4558-b455-7956768bc98a" dataRowInfo="24" resultType="DataDrivenDataRow" />
        <UnitTestResult executionId="d33d2668-e0ea-43b4-a086-42879e848097" parentExecutionId="c79e5230-4319-4724-8b2a-595cd8a85fb0" testId="b9f84f47-79ca-0306-391d-c23274e874c8" testName="ToUri_Passing_ValidValueString_Returns_Uri (http://userid@example.com:8080)" computerName="PC-SFERRARI" duration="00:00:00.0000029" startTime="2020-09-01T17:12:39.3609649+01:00" endTime="2020-09-01T17:12:39.3626083+01:00" testType="13cdc9d9-ddb5-4fa4-a97d-d965ccfc6d4b" outcome="Passed" testListId="8c84fa94-04c1-424b-9868-57a2d4851a1d" relativeResultsDirectory="d33d2668-e0ea-43b4-a086-42879e848097" dataRowInfo="25" resultType="DataDrivenDataRow" />
        <UnitTestResult executionId="6ed2e289-fa4f-454b-9861-ce68fedf5ac6" parentExecutionId="c79e5230-4319-4724-8b2a-595cd8a85fb0" testId="b9f84f47-79ca-0306-391d-c23274e874c8" testName="ToUri_Passing_ValidValueString_Returns_Uri (http://userid@example.com:8080/)" computerName="PC-SFERRARI" duration="00:00:00.0000029" startTime="2020-09-01T17:12:39.3609649+01:00" endTime="2020-09-01T17:12:39.3626083+01:00" testType="13cdc9d9-ddb5-4fa4-a97d-d965ccfc6d4b" outcome="Passed" testListId="8c84fa94-04c1-424b-9868-57a2d4851a1d" relativeResultsDirectory="6ed2e289-fa4f-454b-9861-ce68fedf5ac6" dataRowInfo="26" resultType="DataDrivenDataRow" />
        <UnitTestResult executionId="c937d6ba-bb0e-45da-a7c5-b9439b13b78b" parentExecutionId="c79e5230-4319-4724-8b2a-595cd8a85fb0" testId="b9f84f47-79ca-0306-391d-c23274e874c8" testName="ToUri_Passing_ValidValueString_Returns_Uri (http://userid:password@example.com)" computerName="PC-SFERRARI" duration="00:00:00.0000028" startTime="2020-09-01T17:12:39.3609649+01:00" endTime="2020-09-01T17:12:39.3626083+01:00" testType="13cdc9d9-ddb5-4fa4-a97d-d965ccfc6d4b" outcome="Passed" testListId="8c84fa94-04c1-424b-9868-57a2d4851a1d" relativeResultsDirectory="c937d6ba-bb0e-45da-a7c5-b9439b13b78b" dataRowInfo="27" resultType="DataDrivenDataRow" />
        <UnitTestResult executionId="58989929-433c-41ba-90b2-f4da1ef92baf" parentExecutionId="c79e5230-4319-4724-8b2a-595cd8a85fb0" testId="b9f84f47-79ca-0306-391d-c23274e874c8" testName="ToUri_Passing_ValidValueString_Returns_Uri (http://userid:password@example.com/)" computerName="PC-SFERRARI" duration="00:00:00.0000029" startTime="2020-09-01T17:12:39.3609649+01:00" endTime="2020-09-01T17:12:39.3626083+01:00" testType="13cdc9d9-ddb5-4fa4-a97d-d965ccfc6d4b" outcome="Passed" testListId="8c84fa94-04c1-424b-9868-57a2d4851a1d" relativeResultsDirectory="58989929-433c-41ba-90b2-f4da1ef92baf" dataRowInfo="28" resultType="DataDrivenDataRow" />
        <UnitTestResult executionId="42c6d58f-9210-4b9d-9648-f4227973467e" parentExecutionId="c79e5230-4319-4724-8b2a-595cd8a85fb0" testId="b9f84f47-79ca-0306-391d-c23274e874c8" testName="ToUri_Passing_ValidValueString_Returns_Uri (http://142.42.1.1/)" computerName="PC-SFERRARI" duration="00:00:00.0000036" startTime="2020-09-01T17:12:39.3609649+01:00" endTime="2020-09-01T17:12:39.3626083+01:00" testType="13cdc9d9-ddb5-4fa4-a97d-d965ccfc6d4b" outcome="Passed" testListId="8c84fa94-04c1-424b-9868-57a2d4851a1d" relativeResultsDirectory="42c6d58f-9210-4b9d-9648-f4227973467e" dataRowInfo="29" resultType="DataDrivenDataRow" />
        <UnitTestResult executionId="917698f9-7a77-4938-b164-458cf6c6b0ad" parentExecutionId="c79e5230-4319-4724-8b2a-595cd8a85fb0" testId="b9f84f47-79ca-0306-391d-c23274e874c8" testName="ToUri_Passing_ValidValueString_Returns_Uri (http://142.42.1.1:8080/)" computerName="PC-SFERRARI" duration="00:00:00.0000030" startTime="2020-09-01T17:12:39.3609649+01:00" endTime="2020-09-01T17:12:39.3626083+01:00" testType="13cdc9d9-ddb5-4fa4-a97d-d965ccfc6d4b" outcome="Passed" testListId="8c84fa94-04c1-424b-9868-57a2d4851a1d" relativeResultsDirectory="917698f9-7a77-4938-b164-458cf6c6b0ad" dataRowInfo="30" resultType="DataDrivenDataRow" />
        <UnitTestResult executionId="3ed964a8-a38b-48ad-970c-39dac635af9e" parentExecutionId="c79e5230-4319-4724-8b2a-595cd8a85fb0" testId="b9f84f47-79ca-0306-391d-c23274e874c8" testName="ToUri_Passing_ValidValueString_Returns_Uri (http://➡.ws/䨹)" computerName="PC-SFERRARI" duration="00:00:00.0000252" startTime="2020-09-01T17:12:39.3609649+01:00" endTime="2020-09-01T17:12:39.3626083+01:00" testType="13cdc9d9-ddb5-4fa4-a97d-d965ccfc6d4b" outcome="Passed" testListId="8c84fa94-04c1-424b-9868-57a2d4851a1d" relativeResultsDirectory="3ed964a8-a38b-48ad-970c-39dac635af9e" dataRowInfo="31" resultType="DataDrivenDataRow" />
        <UnitTestResult executionId="27208dd8-c5b8-4a8d-9022-3b19d8597b5f" parentExecutionId="c79e5230-4319-4724-8b2a-595cd8a85fb0" testId="b9f84f47-79ca-0306-391d-c23274e874c8" testName="ToUri_Passing_ValidValueString_Returns_Uri (http://⌘.ws)" computerName="PC-SFERRARI" duration="00:00:00.0000151" startTime="2020-09-01T17:12:39.3609649+01:00" endTime="2020-09-01T17:12:39.3626083+01:00" testType="13cdc9d9-ddb5-4fa4-a97d-d965ccfc6d4b" outcome="Passed" testListId="8c84fa94-04c1-424b-9868-57a2d4851a1d" relativeResultsDirectory="27208dd8-c5b8-4a8d-9022-3b19d8597b5f" dataRowInfo="32" resultType="DataDrivenDataRow" />
        <UnitTestResult executionId="23f26166-0332-4c2a-b231-1fd5c9118b2d" parentExecutionId="c79e5230-4319-4724-8b2a-595cd8a85fb0" testId="b9f84f47-79ca-0306-391d-c23274e874c8" testName="ToUri_Passing_ValidValueString_Returns_Uri (http://⌘.ws/)" computerName="PC-SFERRARI" duration="00:00:00.0000051" startTime="2020-09-01T17:12:39.3609649+01:00" endTime="2020-09-01T17:12:39.3626083+01:00" testType="13cdc9d9-ddb5-4fa4-a97d-d965ccfc6d4b" outcome="Passed" testListId="8c84fa94-04c1-424b-9868-57a2d4851a1d" relativeResultsDirectory="23f26166-0332-4c2a-b231-1fd5c9118b2d" dataRowInfo="33" resultType="DataDrivenDataRow" />
        <UnitTestResult executionId="b185e84f-30ac-4190-aa9a-ff06f92bfe31" parentExecutionId="c79e5230-4319-4724-8b2a-595cd8a85fb0" testId="b9f84f47-79ca-0306-391d-c23274e874c8" testName="ToUri_Passing_ValidValueString_Returns_Uri (http://foo.com/blah_(wikipedia)#cite-1)" computerName="PC-SFERRARI" duration="00:00:00.0000030" startTime="2020-09-01T17:12:39.3609649+01:00" endTime="2020-09-01T17:12:39.3626083+01:00" testType="13cdc9d9-ddb5-4fa4-a97d-d965ccfc6d4b" outcome="Passed" testListId="8c84fa94-04c1-424b-9868-57a2d4851a1d" relativeResultsDirectory="b185e84f-30ac-4190-aa9a-ff06f92bfe31" dataRowInfo="34" resultType="DataDrivenDataRow" />
        <UnitTestResult executionId="38835d69-fb46-4d79-8a55-c6dcce633948" parentExecutionId="c79e5230-4319-4724-8b2a-595cd8a85fb0" testId="b9f84f47-79ca-0306-391d-c23274e874c8" testName="ToUri_Passing_ValidValueString_Returns_Uri (http://foo.com/blah_(wikipedia)_blah#cite-1)" computerName="PC-SFERRARI" duration="00:00:00.0000027" startTime="2020-09-01T17:12:39.3609649+01:00" endTime="2020-09-01T17:12:39.3626083+01:00" testType="13cdc9d9-ddb5-4fa4-a97d-d965ccfc6d4b" outcome="Passed" testListId="8c84fa94-04c1-424b-9868-57a2d4851a1d" relativeResultsDirectory="38835d69-fb46-4d79-8a55-c6dcce633948" dataRowInfo="35" resultType="DataDrivenDataRow" />
        <UnitTestResult executionId="519707a0-b7f1-48ad-b18b-a7ddf347fd39" parentExecutionId="c79e5230-4319-4724-8b2a-595cd8a85fb0" testId="b9f84f47-79ca-0306-391d-c23274e874c8" testName="ToUri_Passing_ValidValueString_Returns_Uri (http://foo.com/unicode_(✪)_in_parens)" computerName="PC-SFERRARI" duration="00:00:00.0000052" startTime="2020-09-01T17:12:39.3609649+01:00" endTime="2020-09-01T17:12:39.3626083+01:00" testType="13cdc9d9-ddb5-4fa4-a97d-d965ccfc6d4b" outcome="Passed" testListId="8c84fa94-04c1-424b-9868-57a2d4851a1d" relativeResultsDirectory="519707a0-b7f1-48ad-b18b-a7ddf347fd39" dataRowInfo="36" resultType="DataDrivenDataRow" />
        <UnitTestResult executionId="443f2eab-049d-4a59-ac0b-d865df0eb582" parentExecutionId="c79e5230-4319-4724-8b2a-595cd8a85fb0" testId="b9f84f47-79ca-0306-391d-c23274e874c8" testName="ToUri_Passing_ValidValueString_Returns_Uri (http://foo.com/(something)?after=parens)" computerName="PC-SFERRARI" duration="00:00:00.0000028" startTime="2020-09-01T17:12:39.3609649+01:00" endTime="2020-09-01T17:12:39.3626083+01:00" testType="13cdc9d9-ddb5-4fa4-a97d-d965ccfc6d4b" outcome="Passed" testListId="8c84fa94-04c1-424b-9868-57a2d4851a1d" relativeResultsDirectory="443f2eab-049d-4a59-ac0b-d865df0eb582" dataRowInfo="37" resultType="DataDrivenDataRow" />
        <UnitTestResult executionId="9eae5451-2f4e-42a5-85e3-9e8e006c2835" parentExecutionId="c79e5230-4319-4724-8b2a-595cd8a85fb0" testId="b9f84f47-79ca-0306-391d-c23274e874c8" testName="ToUri_Passing_ValidValueString_Returns_Uri (http://☺.damowmow.com/)" computerName="PC-SFERRARI" duration="00:00:00.0000063" startTime="2020-09-01T17:12:39.3609649+01:00" endTime="2020-09-01T17:12:39.3626083+01:00" testType="13cdc9d9-ddb5-4fa4-a97d-d965ccfc6d4b" outcome="Passed" testListId="8c84fa94-04c1-424b-9868-57a2d4851a1d" relativeResultsDirectory="9eae5451-2f4e-42a5-85e3-9e8e006c2835" dataRowInfo="38" resultType="DataDrivenDataRow" />
        <UnitTestResult executionId="e2295c71-ed28-46e8-873c-0d284594eb38" parentExecutionId="c79e5230-4319-4724-8b2a-595cd8a85fb0" testId="b9f84f47-79ca-0306-391d-c23274e874c8" testName="ToUri_Passing_ValidValueString_Returns_Uri (http://code.google.com/events/#&amp;product=browser)" computerName="PC-SFERRARI" duration="00:00:00.0000030" startTime="2020-09-01T17:12:39.3609649+01:00" endTime="2020-09-01T17:12:39.3626083+01:00" testType="13cdc9d9-ddb5-4fa4-a97d-d965ccfc6d4b" outcome="Passed" testListId="8c84fa94-04c1-424b-9868-57a2d4851a1d" relativeResultsDirectory="e2295c71-ed28-46e8-873c-0d284594eb38" dataRowInfo="39" resultType="DataDrivenDataRow" />
        <UnitTestResult executionId="329daefc-3e22-4eda-b420-9519a5e12265" parentExecutionId="c79e5230-4319-4724-8b2a-595cd8a85fb0" testId="b9f84f47-79ca-0306-391d-c23274e874c8" testName="ToUri_Passing_ValidValueString_Returns_Uri (http://j.mp)" computerName="PC-SFERRARI" duration="00:00:00.0000028" startTime="2020-09-01T17:12:39.3609649+01:00" endTime="2020-09-01T17:12:39.3626083+01:00" testType="13cdc9d9-ddb5-4fa4-a97d-d965ccfc6d4b" outcome="Passed" testListId="8c84fa94-04c1-424b-9868-57a2d4851a1d" relativeResultsDirectory="329daefc-3e22-4eda-b420-9519a5e12265" dataRowInfo="40" resultType="DataDrivenDataRow" />
        <UnitTestResult executionId="af7a61e2-6f34-47a7-818a-9668add6632a" parentExecutionId="c79e5230-4319-4724-8b2a-595cd8a85fb0" testId="b9f84f47-79ca-0306-391d-c23274e874c8" testName="ToUri_Passing_ValidValueString_Returns_Uri (http://foo.bar/?q=Test%20URL-encoded%20stuff)" computerName="PC-SFERRARI" duration="00:00:00.0000194" startTime="2020-09-01T17:12:39.3609649+01:00" endTime="2020-09-01T17:12:39.3626083+01:00" testType="13cdc9d9-ddb5-4fa4-a97d-d965ccfc6d4b" outcome="Passed" testListId="8c84fa94-04c1-424b-9868-57a2d4851a1d" relativeResultsDirectory="af7a61e2-6f34-47a7-818a-9668add6632a" dataRowInfo="41" resultType="DataDrivenDataRow" />
        <UnitTestResult executionId="0f49cb25-5e5a-470d-a5e6-9f977338144b" parentExecutionId="c79e5230-4319-4724-8b2a-595cd8a85fb0" testId="b9f84f47-79ca-0306-391d-c23274e874c8" testName="ToUri_Passing_ValidValueString_Returns_Uri (http://مثال.إختبار)" computerName="PC-SFERRARI" duration="00:00:00.0000099" startTime="2020-09-01T17:12:39.3609649+01:00" endTime="2020-09-01T17:12:39.3626083+01:00" testType="13cdc9d9-ddb5-4fa4-a97d-d965ccfc6d4b" outcome="Passed" testListId="8c84fa94-04c1-424b-9868-57a2d4851a1d" relativeResultsDirectory="0f49cb25-5e5a-470d-a5e6-9f977338144b" dataRowInfo="42" resultType="DataDrivenDataRow" />
        <UnitTestResult executionId="362c68c4-2929-47f2-a2f8-326ac8236fdf" parentExecutionId="c79e5230-4319-4724-8b2a-595cd8a85fb0" testId="b9f84f47-79ca-0306-391d-c23274e874c8" testName="ToUri_Passing_ValidValueString_Returns_Uri (http://例子.测试)" computerName="PC-SFERRARI" duration="00:00:00.0000050" startTime="2020-09-01T17:12:39.3609649+01:00" endTime="2020-09-01T17:12:39.3626083+01:00" testType="13cdc9d9-ddb5-4fa4-a97d-d965ccfc6d4b" outcome="Passed" testListId="8c84fa94-04c1-424b-9868-57a2d4851a1d" relativeResultsDirectory="362c68c4-2929-47f2-a2f8-326ac8236fdf" dataRowInfo="43" resultType="DataDrivenDataRow" />
        <UnitTestResult executionId="bbce4926-a7bd-4197-aa52-131d726c25ac" parentExecutionId="c79e5230-4319-4724-8b2a-595cd8a85fb0" testId="b9f84f47-79ca-0306-391d-c23274e874c8" testName="ToUri_Passing_ValidValueString_Returns_Uri (http://उदाहरण.परीक्ष)" computerName="PC-SFERRARI" duration="00:00:00.0000059" startTime="2020-09-01T17:12:39.3609649+01:00" endTime="2020-09-01T17:12:39.3626083+01:00" testType="13cdc9d9-ddb5-4fa4-a97d-d965ccfc6d4b" outcome="Passed" testListId="8c84fa94-04c1-424b-9868-57a2d4851a1d" relativeResultsDirectory="bbce4926-a7bd-4197-aa52-131d726c25ac" dataRowInfo="44" resultType="DataDrivenDataRow" />
        <UnitTestResult executionId="a666d5c7-cf04-42cc-a37b-a02b16e73622" parentExecutionId="c79e5230-4319-4724-8b2a-595cd8a85fb0" testId="b9f84f47-79ca-0306-391d-c23274e874c8" testName="ToUri_Passing_ValidValueString_Returns_Uri (http://-.~_!$&amp;'()*+,;=:%40:80%2f::::::@example.com)" computerName="PC-SFERRARI" duration="00:00:00.0000037" startTime="2020-09-01T17:12:39.3609649+01:00" endTime="2020-09-01T17:12:39.3626083+01:00" testType="13cdc9d9-ddb5-4fa4-a97d-d965ccfc6d4b" outcome="Passed" testListId="8c84fa94-04c1-424b-9868-57a2d4851a1d" relativeResultsDirectory="a666d5c7-cf04-42cc-a37b-a02b16e73622" dataRowInfo="45" resultType="DataDrivenDataRow" />
        <UnitTestResult executionId="bc2cbe93-9cc4-47df-bc5b-96e43b8878b2" parentExecutionId="c79e5230-4319-4724-8b2a-595cd8a85fb0" testId="b9f84f47-79ca-0306-391d-c23274e874c8" testName="ToUri_Passing_ValidValueString_Returns_Uri (http://1337.net)" computerName="PC-SFERRARI" duration="00:00:00.0000036" startTime="2020-09-01T17:12:39.3609649+01:00" endTime="2020-09-01T17:12:39.3626083+01:00" testType="13cdc9d9-ddb5-4fa4-a97d-d965ccfc6d4b" outcome="Passed" testListId="8c84fa94-04c1-424b-9868-57a2d4851a1d" relativeResultsDirectory="bc2cbe93-9cc4-47df-bc5b-96e43b8878b2" dataRowInfo="46" resultType="DataDrivenDataRow" />
        <UnitTestResult executionId="f9837108-745f-4878-8ff1-3c9461c338bc" parentExecutionId="c79e5230-4319-4724-8b2a-595cd8a85fb0" testId="b9f84f47-79ca-0306-391d-c23274e874c8" testName="ToUri_Passing_ValidValueString_Returns_Uri (http://a.b-c.de)" computerName="PC-SFERRARI" duration="00:00:00.0000029" startTime="2020-09-01T17:12:39.3609649+01:00" endTime="2020-09-01T17:12:39.3626083+01:00" testType="13cdc9d9-ddb5-4fa4-a97d-d965ccfc6d4b" outcome="Passed" testListId="8c84fa94-04c1-424b-9868-57a2d4851a1d" relativeResultsDirectory="f9837108-745f-4878-8ff1-3c9461c338bc" dataRowInfo="47" resultType="DataDrivenDataRow" />
        <UnitTestResult executionId="62f83ee9-0845-4519-ad85-c5cd6ac8f5cf" parentExecutionId="c79e5230-4319-4724-8b2a-595cd8a85fb0" testId="b9f84f47-79ca-0306-391d-c23274e874c8" testName="ToUri_Passing_ValidValueString_Returns_Uri (http://223.255.255.254)" computerName="PC-SFERRARI" duration="00:00:00.0000028" startTime="2020-09-01T17:12:39.3609649+01:00" endTime="2020-09-01T17:12:39.3626083+01:00" testType="13cdc9d9-ddb5-4fa4-a97d-d965ccfc6d4b" outcome="Passed" testListId="8c84fa94-04c1-424b-9868-57a2d4851a1d" relativeResultsDirectory="62f83ee9-0845-4519-ad85-c5cd6ac8f5cf" dataRowInfo="48" resultType="DataDrivenDataRow" />
      </InnerResults>
    </UnitTestResult>
    <UnitTestResult executionId="8b6a5d5d-2c83-4a16-a9f7-d65c4b1e5f27" testId="2ad70f05-a281-0b8f-6682-75bcc3076f19" testName="ToCount_Passing_ValidEnumType_Returns_Count" computerName="PC-SFERRARI" duration="00:00:00.0003398" startTime="2020-09-01T17:12:39.6034182+01:00" endTime="2020-09-01T17:12:39.6039854+01:00" testType="13cdc9d9-ddb5-4fa4-a97d-d965ccfc6d4b" outcome="Passed" testListId="8c84fa94-04c1-424b-9868-57a2d4851a1d" relativeResultsDirectory="8b6a5d5d-2c83-4a16-a9f7-d65c4b1e5f27" />
    <UnitTestResult executionId="d06f759a-c8a0-4ae3-8b81-39c9f7ad9455" testId="5048c570-de27-b3d3-28a2-690633623350" testName="ToReplace_Passing_ValidValue_Returns_ReplacedValue" computerName="PC-SFERRARI" duration="00:00:00.0008315" startTime="2020-09-01T17:12:39.2698140+01:00" endTime="2020-09-01T17:12:39.2707532+01:00" testType="13cdc9d9-ddb5-4fa4-a97d-d965ccfc6d4b" outcome="Passed" testListId="8c84fa94-04c1-424b-9868-57a2d4851a1d" relativeResultsDirectory="d06f759a-c8a0-4ae3-8b81-39c9f7ad9455" resultType="DataDrivenTest">
      <InnerResults>
        <UnitTestResult executionId="82b89133-4d42-4f31-ba07-3f9d44abb9d0" parentExecutionId="d06f759a-c8a0-4ae3-8b81-39c9f7ad9455" testId="5048c570-de27-b3d3-28a2-690633623350" testName="ToReplace_Passing_ValidValue_Returns_ReplacedValue (aeiou,*,0,1,*eiou)" computerName="PC-SFERRARI" duration="00:00:00.0006880" startTime="2020-09-01T17:12:39.2698140+01:00" endTime="2020-09-01T17:12:39.2707532+01:00" testType="13cdc9d9-ddb5-4fa4-a97d-d965ccfc6d4b" outcome="Passed" testListId="8c84fa94-04c1-424b-9868-57a2d4851a1d" relativeResultsDirectory="82b89133-4d42-4f31-ba07-3f9d44abb9d0" dataRowInfo="1" resultType="DataDrivenDataRow" />
        <UnitTestResult executionId="b18fdc36-1c7f-4faa-b81b-5a0a0bf0d671" parentExecutionId="d06f759a-c8a0-4ae3-8b81-39c9f7ad9455" testId="5048c570-de27-b3d3-28a2-690633623350" testName="ToReplace_Passing_ValidValue_Returns_ReplacedValue (aeiou,*,0,2,**iou)" computerName="PC-SFERRARI" duration="00:00:00.0000056" startTime="2020-09-01T17:12:39.2698140+01:00" endTime="2020-09-01T17:12:39.2707532+01:00" testType="13cdc9d9-ddb5-4fa4-a97d-d965ccfc6d4b" outcome="Passed" testListId="8c84fa94-04c1-424b-9868-57a2d4851a1d" relativeResultsDirectory="b18fdc36-1c7f-4faa-b81b-5a0a0bf0d671" dataRowInfo="2" resultType="DataDrivenDataRow" />
        <UnitTestResult executionId="6bc589c4-f215-48df-b99c-a50611ccdaf9" parentExecutionId="d06f759a-c8a0-4ae3-8b81-39c9f7ad9455" testId="5048c570-de27-b3d3-28a2-690633623350" testName="ToReplace_Passing_ValidValue_Returns_ReplacedValue (aeiou,*,0,3,***ou)" computerName="PC-SFERRARI" duration="00:00:00.0000031" startTime="2020-09-01T17:12:39.2698140+01:00" endTime="2020-09-01T17:12:39.2707532+01:00" testType="13cdc9d9-ddb5-4fa4-a97d-d965ccfc6d4b" outcome="Passed" testListId="8c84fa94-04c1-424b-9868-57a2d4851a1d" relativeResultsDirectory="6bc589c4-f215-48df-b99c-a50611ccdaf9" dataRowInfo="3" resultType="DataDrivenDataRow" />
        <UnitTestResult executionId="0c5af620-f570-49ce-94e0-e78f72518376" parentExecutionId="d06f759a-c8a0-4ae3-8b81-39c9f7ad9455" testId="5048c570-de27-b3d3-28a2-690633623350" testName="ToReplace_Passing_ValidValue_Returns_ReplacedValue (aeiou,*,0,4,****u)" computerName="PC-SFERRARI" duration="00:00:00.0000036" startTime="2020-09-01T17:12:39.2698140+01:00" endTime="2020-09-01T17:12:39.2707532+01:00" testType="13cdc9d9-ddb5-4fa4-a97d-d965ccfc6d4b" outcome="Passed" testListId="8c84fa94-04c1-424b-9868-57a2d4851a1d" relativeResultsDirectory="0c5af620-f570-49ce-94e0-e78f72518376" dataRowInfo="4" resultType="DataDrivenDataRow" />
        <UnitTestResult executionId="c4480bd4-e7cc-44f5-9bfe-0d5c44ac3cc4" parentExecutionId="d06f759a-c8a0-4ae3-8b81-39c9f7ad9455" testId="5048c570-de27-b3d3-28a2-690633623350" testName="ToReplace_Passing_ValidValue_Returns_ReplacedValue (aeiou,*,0,5,*****)" computerName="PC-SFERRARI" duration="00:00:00.0000028" startTime="2020-09-01T17:12:39.2698140+01:00" endTime="2020-09-01T17:12:39.2707532+01:00" testType="13cdc9d9-ddb5-4fa4-a97d-d965ccfc6d4b" outcome="Passed" testListId="8c84fa94-04c1-424b-9868-57a2d4851a1d" relativeResultsDirectory="c4480bd4-e7cc-44f5-9bfe-0d5c44ac3cc4" dataRowInfo="5" resultType="DataDrivenDataRow" />
        <UnitTestResult executionId="7f4a3027-9567-4d18-ab1c-80936b220f02" parentExecutionId="d06f759a-c8a0-4ae3-8b81-39c9f7ad9455" testId="5048c570-de27-b3d3-28a2-690633623350" testName="ToReplace_Passing_ValidValue_Returns_ReplacedValue (aeiou,*,2,1,ae*ou)" computerName="PC-SFERRARI" duration="00:00:00.0000024" startTime="2020-09-01T17:12:39.2698140+01:00" endTime="2020-09-01T17:12:39.2707532+01:00" testType="13cdc9d9-ddb5-4fa4-a97d-d965ccfc6d4b" outcome="Passed" testListId="8c84fa94-04c1-424b-9868-57a2d4851a1d" relativeResultsDirectory="7f4a3027-9567-4d18-ab1c-80936b220f02" dataRowInfo="6" resultType="DataDrivenDataRow" />
        <UnitTestResult executionId="38be0290-0756-4cab-977d-efb0a0e31e7b" parentExecutionId="d06f759a-c8a0-4ae3-8b81-39c9f7ad9455" testId="5048c570-de27-b3d3-28a2-690633623350" testName="ToReplace_Passing_ValidValue_Returns_ReplacedValue (aeiou,*,2,2,ae**u)" computerName="PC-SFERRARI" duration="00:00:00.0000025" startTime="2020-09-01T17:12:39.2698140+01:00" endTime="2020-09-01T17:12:39.2707532+01:00" testType="13cdc9d9-ddb5-4fa4-a97d-d965ccfc6d4b" outcome="Passed" testListId="8c84fa94-04c1-424b-9868-57a2d4851a1d" relativeResultsDirectory="38be0290-0756-4cab-977d-efb0a0e31e7b" dataRowInfo="7" resultType="DataDrivenDataRow" />
      </InnerResults>
    </UnitTestResult>
    <UnitTestResult executionId="ea63f008-7f15-4b16-abc5-f97da9bcc8d1" testId="096e7216-9196-b38d-e84a-d9b01f2eb4c5" testName="ToInt_Passing_Enumeration_Name_Returns_Description_Atributte" computerName="PC-SFERRARI" duration="00:00:00.0003806" startTime="2020-09-01T17:12:38.2623180+01:00" endTime="2020-09-01T17:12:38.2628141+01:00" testType="13cdc9d9-ddb5-4fa4-a97d-d965ccfc6d4b" outcome="Passed" testListId="8c84fa94-04c1-424b-9868-57a2d4851a1d" relativeResultsDirectory="ea63f008-7f15-4b16-abc5-f97da9bcc8d1" />
    <UnitTestResult executionId="e20315c2-de1b-4cf2-ba64-661479dcb900" testId="4ae6b7cd-9dd5-3ec7-39db-6ff6393cadf3" testName="ToEnvironment_Passing_Staging_Enviroment_Returns_Staging_Name" computerName="PC-SFERRARI" duration="00:00:00.0005792" startTime="2020-09-01T17:12:37.3640814+01:00" endTime="2020-09-01T17:12:37.3647864+01:00" testType="13cdc9d9-ddb5-4fa4-a97d-d965ccfc6d4b" outcome="Passed" testListId="8c84fa94-04c1-424b-9868-57a2d4851a1d" relativeResultsDirectory="e20315c2-de1b-4cf2-ba64-661479dcb900" />
    <UnitTestResult executionId="43ccea7a-d091-4999-9049-aae3893b7c50" testId="fc968ae4-d425-64ad-d830-219a8a189235" testName="ToDefaultValue_Passing_char_Returns_Cero" computerName="PC-SFERRARI" duration="00:00:00.0002965" startTime="2020-09-01T17:12:38.2943399+01:00" endTime="2020-09-01T17:12:38.2947068+01:00" testType="13cdc9d9-ddb5-4fa4-a97d-d965ccfc6d4b" outcome="Passed" testListId="8c84fa94-04c1-424b-9868-57a2d4851a1d" relativeResultsDirectory="43ccea7a-d091-4999-9049-aae3893b7c50" resultType="DataDrivenTest">
      <InnerResults>
        <UnitTestResult executionId="6d445f19-cee0-465c-905d-7f0450a58477" parentExecutionId="43ccea7a-d091-4999-9049-aae3893b7c50" testId="fc968ae4-d425-64ad-d830-219a8a189235" testName="ToDefaultValue_Passing_char_Returns_Cero (*)" computerName="PC-SFERRARI" duration="00:00:00.0002602" startTime="2020-09-01T17:12:38.2943399+01:00" endTime="2020-09-01T17:12:38.2947068+01:00" testType="13cdc9d9-ddb5-4fa4-a97d-d965ccfc6d4b" outcome="Passed" testListId="8c84fa94-04c1-424b-9868-57a2d4851a1d" relativeResultsDirectory="6d445f19-cee0-465c-905d-7f0450a58477" dataRowInfo="1" resultType="DataDrivenDataRow" />
      </InnerResults>
    </UnitTestResult>
    <UnitTestResult executionId="d7ed4f2b-4a7f-4f2c-9744-12194798b2c0" testId="5279ca9d-27ca-d833-5750-af1b70834e63" testName="ToDefaultValue_Passing_ValidStruct_Returns_DefaultValue" computerName="PC-SFERRARI" duration="00:00:00.0001959" startTime="2020-09-01T17:12:39.5205149+01:00" endTime="2020-09-01T17:12:39.5207907+01:00" testType="13cdc9d9-ddb5-4fa4-a97d-d965ccfc6d4b" outcome="Passed" testListId="8c84fa94-04c1-424b-9868-57a2d4851a1d" relativeResultsDirectory="d7ed4f2b-4a7f-4f2c-9744-12194798b2c0" />
    <UnitTestResult executionId="8c16a21b-2ca8-434b-a1c7-3271e02bac57" testId="aa1736a0-c9fc-f2ce-4753-abcb10bb4b53" testName="ToInt_Passing_InvalidValueString_Returns_DefaultValue" computerName="PC-SFERRARI" duration="00:00:00.0003292" startTime="2020-09-01T17:12:39.1832645+01:00" endTime="2020-09-01T17:12:39.1836749+01:00" testType="13cdc9d9-ddb5-4fa4-a97d-d965ccfc6d4b" outcome="Passed" testListId="8c84fa94-04c1-424b-9868-57a2d4851a1d" relativeResultsDirectory="8c16a21b-2ca8-434b-a1c7-3271e02bac57" resultType="DataDrivenTest">
      <InnerResults>
        <UnitTestResult executionId="2ed160f5-9559-459f-b290-2f669dfa98a0" parentExecutionId="8c16a21b-2ca8-434b-a1c7-3271e02bac57" testId="aa1736a0-c9fc-f2ce-4753-abcb10bb4b53" testName="ToInt_Passing_InvalidValueString_Returns_DefaultValue (1.3333)" computerName="PC-SFERRARI" duration="00:00:00.0002419" startTime="2020-09-01T17:12:39.1832645+01:00" endTime="2020-09-01T17:12:39.1836749+01:00" testType="13cdc9d9-ddb5-4fa4-a97d-d965ccfc6d4b" outcome="Passed" testListId="8c84fa94-04c1-424b-9868-57a2d4851a1d" relativeResultsDirectory="2ed160f5-9559-459f-b290-2f669dfa98a0" dataRowInfo="1" resultType="DataDrivenDataRow" />
        <UnitTestResult executionId="b7795e94-1acf-490a-85a6-29d6e9a8fc7e" parentExecutionId="8c16a21b-2ca8-434b-a1c7-3271e02bac57" testId="aa1736a0-c9fc-f2ce-4753-abcb10bb4b53" testName="ToInt_Passing_InvalidValueString_Returns_DefaultValue (1,3333)" computerName="PC-SFERRARI" duration="00:00:00.0000051" startTime="2020-09-01T17:12:39.1832645+01:00" endTime="2020-09-01T17:12:39.1836749+01:00" testType="13cdc9d9-ddb5-4fa4-a97d-d965ccfc6d4b" outcome="Passed" testListId="8c84fa94-04c1-424b-9868-57a2d4851a1d" relativeResultsDirectory="b7795e94-1acf-490a-85a6-29d6e9a8fc7e" dataRowInfo="2" resultType="DataDrivenDataRow" />
        <UnitTestResult executionId="606373f2-2849-45a4-9f5a-bdddb5f4529f" parentExecutionId="8c16a21b-2ca8-434b-a1c7-3271e02bac57" testId="aa1736a0-c9fc-f2ce-4753-abcb10bb4b53" testName="ToInt_Passing_InvalidValueString_Returns_DefaultValue (1.333,39)" computerName="PC-SFERRARI" duration="00:00:00.0000026" startTime="2020-09-01T17:12:39.1832645+01:00" endTime="2020-09-01T17:12:39.1836749+01:00" testType="13cdc9d9-ddb5-4fa4-a97d-d965ccfc6d4b" outcome="Passed" testListId="8c84fa94-04c1-424b-9868-57a2d4851a1d" relativeResultsDirectory="606373f2-2849-45a4-9f5a-bdddb5f4529f" dataRowInfo="3" resultType="DataDrivenDataRow" />
        <UnitTestResult executionId="9a52ba5d-cfa4-4b0f-9347-4ce8f1dbd69c" parentExecutionId="8c16a21b-2ca8-434b-a1c7-3271e02bac57" testId="aa1736a0-c9fc-f2ce-4753-abcb10bb4b53" testName="ToInt_Passing_InvalidValueString_Returns_DefaultValue (999999439293294392492349329493294)" computerName="PC-SFERRARI" duration="00:00:00.0000026" startTime="2020-09-01T17:12:39.1832645+01:00" endTime="2020-09-01T17:12:39.1836749+01:00" testType="13cdc9d9-ddb5-4fa4-a97d-d965ccfc6d4b" outcome="Passed" testListId="8c84fa94-04c1-424b-9868-57a2d4851a1d" relativeResultsDirectory="9a52ba5d-cfa4-4b0f-9347-4ce8f1dbd69c" dataRowInfo="4" resultType="DataDrivenDataRow" />
        <UnitTestResult executionId="222a19ed-b03e-4e25-9823-4744a8449a3b" parentExecutionId="8c16a21b-2ca8-434b-a1c7-3271e02bac57" testId="aa1736a0-c9fc-f2ce-4753-abcb10bb4b53" testName="ToInt_Passing_InvalidValueString_Returns_DefaultValue (asdasdasdasd234324)" computerName="PC-SFERRARI" duration="00:00:00.0000031" startTime="2020-09-01T17:12:39.1832645+01:00" endTime="2020-09-01T17:12:39.1836749+01:00" testType="13cdc9d9-ddb5-4fa4-a97d-d965ccfc6d4b" outcome="Passed" testListId="8c84fa94-04c1-424b-9868-57a2d4851a1d" relativeResultsDirectory="222a19ed-b03e-4e25-9823-4744a8449a3b" dataRowInfo="5" resultType="DataDrivenDataRow" />
      </InnerResults>
    </UnitTestResult>
    <UnitTestResult executionId="6ce88b6d-3f61-4529-81fc-34e287302698" testId="b909c08c-eb87-b106-dd22-e1f2f16755b3" testName="ToFirstLetterUpper_Passing_ValidValue_Returns_StringWithFirstLetterUpper" computerName="PC-SFERRARI" duration="00:00:00.0001417" startTime="2020-09-01T17:12:39.1006796+01:00" endTime="2020-09-01T17:12:39.1008921+01:00" testType="13cdc9d9-ddb5-4fa4-a97d-d965ccfc6d4b" outcome="Passed" testListId="8c84fa94-04c1-424b-9868-57a2d4851a1d" relativeResultsDirectory="6ce88b6d-3f61-4529-81fc-34e287302698" resultType="DataDrivenTest">
      <InnerResults>
        <UnitTestResult executionId="8216d135-496d-4854-a7c0-68f085c786fa" parentExecutionId="6ce88b6d-3f61-4529-81fc-34e287302698" testId="b909c08c-eb87-b106-dd22-e1f2f16755b3" testName="ToFirstLetterUpper_Passing_ValidValue_Returns_StringWithFirstLetterUpper (aaaaaa,Aaaaaa)" computerName="PC-SFERRARI" duration="00:00:00.0001076" startTime="2020-09-01T17:12:39.1006796+01:00" endTime="2020-09-01T17:12:39.1008921+01:00" testType="13cdc9d9-ddb5-4fa4-a97d-d965ccfc6d4b" outcome="Passed" testListId="8c84fa94-04c1-424b-9868-57a2d4851a1d" relativeResultsDirectory="8216d135-496d-4854-a7c0-68f085c786fa" dataRowInfo="1" resultType="DataDrivenDataRow" />
      </InnerResults>
    </UnitTestResult>
    <UnitTestResult executionId="09b8da3f-1bad-402f-914d-0e7eb53f761b" testId="8302c17e-3ba6-2327-c5ad-8f91fdf4cf8c" testName="ToGet_Passing_Claims_Returns_Claim_Value_String" computerName="PC-SFERRARI" duration="00:00:00.0006831" startTime="2020-09-01T17:12:37.6679573+01:00" endTime="2020-09-01T17:12:37.6687459+01:00" testType="13cdc9d9-ddb5-4fa4-a97d-d965ccfc6d4b" outcome="Passed" testListId="8c84fa94-04c1-424b-9868-57a2d4851a1d" relativeResultsDirectory="09b8da3f-1bad-402f-914d-0e7eb53f761b" />
    <UnitTestResult executionId="4695e4e5-22a0-4a66-b168-5ccebb6aa652" testId="a78cbf3b-f752-709b-b7ce-b6cdfcd7841f" testName="ToHeader_Passing_HttpRequest_Header_Value_Returns_Value" computerName="PC-SFERRARI" duration="00:00:00.0005276" startTime="2020-09-01T17:12:38.4646721+01:00" endTime="2020-09-01T17:12:38.4653166+01:00" testType="13cdc9d9-ddb5-4fa4-a97d-d965ccfc6d4b" outcome="Passed" testListId="8c84fa94-04c1-424b-9868-57a2d4851a1d" relativeResultsDirectory="4695e4e5-22a0-4a66-b168-5ccebb6aa652" />
    <UnitTestResult executionId="bdd1e7b5-a2f7-49c2-b45e-51d9abff4658" testId="5fd22787-51f8-3e76-47d6-968dc7621c8f" testName="IsHostname_Passing_InvalidArguments_Returns_HasErrorsAndCount" computerName="PC-SFERRARI" duration="00:00:00.0005464" startTime="2020-09-01T17:12:39.5502506+01:00" endTime="2020-09-01T17:12:39.5509022+01:00" testType="13cdc9d9-ddb5-4fa4-a97d-d965ccfc6d4b" outcome="Passed" testListId="8c84fa94-04c1-424b-9868-57a2d4851a1d" relativeResultsDirectory="bdd1e7b5-a2f7-49c2-b45e-51d9abff4658" />
    <UnitTestResult executionId="5fbbcf69-9c3f-47fe-b210-982032c84ddb" testId="a5fc11be-830a-b331-0258-88a3d7a01f69" testName="ToList_Passing_ValidEnumTypeWithResourceType_Returns_ValuesList" computerName="PC-SFERRARI" duration="00:00:00.0086935" startTime="2020-09-01T17:12:39.6040080+01:00" endTime="2020-09-01T17:12:39.6127964+01:00" testType="13cdc9d9-ddb5-4fa4-a97d-d965ccfc6d4b" outcome="Passed" testListId="8c84fa94-04c1-424b-9868-57a2d4851a1d" relativeResultsDirectory="5fbbcf69-9c3f-47fe-b210-982032c84ddb" />
    <UnitTestResult executionId="5bb6b537-4251-4b81-838e-95f8a42049db" testId="b64abef8-48df-9c3e-78ff-361585d1867e" testName="ToIsNullOrEmpty_Passing_InvalidValue_Returns_True" computerName="PC-SFERRARI" duration="00:00:00.0000985" startTime="2020-09-01T17:12:37.4701357+01:00" endTime="2020-09-01T17:12:37.4703179+01:00" testType="13cdc9d9-ddb5-4fa4-a97d-d965ccfc6d4b" outcome="Passed" testListId="8c84fa94-04c1-424b-9868-57a2d4851a1d" relativeResultsDirectory="5bb6b537-4251-4b81-838e-95f8a42049db" />
    <UnitTestResult executionId="bd190f60-7adb-49f2-a8be-4b57b4e64af6" testId="f2b4c5e1-9602-b565-3f4b-0274fe8a1908" testName="ToFormat_Passing_ValidTimeSpanValue_Returns_ValueWithFormatString" computerName="PC-SFERRARI" duration="00:00:00.0007064" startTime="2020-09-01T17:12:39.5183142+01:00" endTime="2020-09-01T17:12:39.5193325+01:00" testType="13cdc9d9-ddb5-4fa4-a97d-d965ccfc6d4b" outcome="Passed" testListId="8c84fa94-04c1-424b-9868-57a2d4851a1d" relativeResultsDirectory="bd190f60-7adb-49f2-a8be-4b57b4e64af6" />
    <UnitTestResult executionId="5bc54056-447e-402c-8f87-c7c25150a558" testId="79d819f4-0ce5-96bd-2613-403442eb4d74" testName="ToEnvironment_ServiceCollection_Passing_Production_Enviroment_Returns_Production_Name" computerName="PC-SFERRARI" duration="00:00:00.0005526" startTime="2020-09-01T17:12:37.9824491+01:00" endTime="2020-09-01T17:12:37.9831716+01:00" testType="13cdc9d9-ddb5-4fa4-a97d-d965ccfc6d4b" outcome="Passed" testListId="8c84fa94-04c1-424b-9868-57a2d4851a1d" relativeResultsDirectory="5bc54056-447e-402c-8f87-c7c25150a558" />
    <UnitTestResult executionId="28e28414-fa3f-4842-b1e0-eba27015c35f" testId="aea57a92-faf1-67a4-5a43-3a7b423d7927" testName="CreateRandom_WithCustomAllowableCharacters_Passing_Valid_Arguments_Returns_String_Random_Value" computerName="PC-SFERRARI" duration="00:00:00.0007885" startTime="2020-09-01T17:12:40.7460222+01:00" endTime="2020-09-01T17:12:40.7469098+01:00" testType="13cdc9d9-ddb5-4fa4-a97d-d965ccfc6d4b" outcome="Passed" testListId="8c84fa94-04c1-424b-9868-57a2d4851a1d" relativeResultsDirectory="28e28414-fa3f-4842-b1e0-eba27015c35f" resultType="DataDrivenTest">
      <InnerResults>
        <UnitTestResult executionId="bdd24b65-683f-41ef-9027-6b9720804093" parentExecutionId="28e28414-fa3f-4842-b1e0-eba27015c35f" testId="aea57a92-faf1-67a4-5a43-3a7b423d7927" testName="CreateRandom_WithCustomAllowableCharacters_Passing_Valid_Arguments_Returns_String_Random_Value (8,ae)" computerName="PC-SFERRARI" duration="00:00:00.0006866" startTime="2020-09-01T17:12:40.7460222+01:00" endTime="2020-09-01T17:12:40.7469098+01:00" testType="13cdc9d9-ddb5-4fa4-a97d-d965ccfc6d4b" outcome="Passed" testListId="8c84fa94-04c1-424b-9868-57a2d4851a1d" relativeResultsDirectory="bdd24b65-683f-41ef-9027-6b9720804093" dataRowInfo="1" resultType="DataDrivenDataRow" />
        <UnitTestResult executionId="0667bd35-ef6c-456e-babb-2d2d300af62b" parentExecutionId="28e28414-fa3f-4842-b1e0-eba27015c35f" testId="aea57a92-faf1-67a4-5a43-3a7b423d7927" testName="CreateRandom_WithCustomAllowableCharacters_Passing_Valid_Arguments_Returns_String_Random_Value (5,aeiou123456)" computerName="PC-SFERRARI" duration="00:00:00.0000081" startTime="2020-09-01T17:12:40.7460222+01:00" endTime="2020-09-01T17:12:40.7469098+01:00" testType="13cdc9d9-ddb5-4fa4-a97d-d965ccfc6d4b" outcome="Passed" testListId="8c84fa94-04c1-424b-9868-57a2d4851a1d" relativeResultsDirectory="0667bd35-ef6c-456e-babb-2d2d300af62b" dataRowInfo="2" resultType="DataDrivenDataRow" />
        <UnitTestResult executionId="179f15bf-0cd2-4067-bdbb-a464be74780b" parentExecutionId="28e28414-fa3f-4842-b1e0-eba27015c35f" testId="aea57a92-faf1-67a4-5a43-3a7b423d7927" testName="CreateRandom_WithCustomAllowableCharacters_Passing_Valid_Arguments_Returns_String_Random_Value (10,7890ABFLFLFFL)" computerName="PC-SFERRARI" duration="00:00:00.0000062" startTime="2020-09-01T17:12:40.7460222+01:00" endTime="2020-09-01T17:12:40.7469098+01:00" testType="13cdc9d9-ddb5-4fa4-a97d-d965ccfc6d4b" outcome="Passed" testListId="8c84fa94-04c1-424b-9868-57a2d4851a1d" relativeResultsDirectory="179f15bf-0cd2-4067-bdbb-a464be74780b" dataRowInfo="3" resultType="DataDrivenDataRow" />
        <UnitTestResult executionId="4b15bbc2-fcc3-443e-82a4-8405ba7a676f" parentExecutionId="28e28414-fa3f-4842-b1e0-eba27015c35f" testId="aea57a92-faf1-67a4-5a43-3a7b423d7927" testName="CreateRandom_WithCustomAllowableCharacters_Passing_Valid_Arguments_Returns_String_Random_Value (20,qazwscefbthmiklp09876543)" computerName="PC-SFERRARI" duration="00:00:00.0000053" startTime="2020-09-01T17:12:40.7460222+01:00" endTime="2020-09-01T17:12:40.7469098+01:00" testType="13cdc9d9-ddb5-4fa4-a97d-d965ccfc6d4b" outcome="Passed" testListId="8c84fa94-04c1-424b-9868-57a2d4851a1d" relativeResultsDirectory="4b15bbc2-fcc3-443e-82a4-8405ba7a676f" dataRowInfo="4" resultType="DataDrivenDataRow" />
      </InnerResults>
    </UnitTestResult>
    <UnitTestResult executionId="00b69e9d-1107-4113-b8fd-e8d412449dcb" testId="ebfd06e0-faa7-9cbe-fa00-6405596f250f" testName="ToEmailMaskUserNameAndDomainAndExtension_Passing_ValidEmail_Returns_EmailWithMask" computerName="PC-SFERRARI" duration="00:00:00.0008554" startTime="2020-09-01T17:12:39.0317621+01:00" endTime="2020-09-01T17:12:39.0327305+01:00" testType="13cdc9d9-ddb5-4fa4-a97d-d965ccfc6d4b" outcome="Passed" testListId="8c84fa94-04c1-424b-9868-57a2d4851a1d" relativeResultsDirectory="00b69e9d-1107-4113-b8fd-e8d412449dcb" resultType="DataDrivenTest">
      <InnerResults>
        <UnitTestResult executionId="f83ae0f5-e10d-4b8f-af51-c80a756d6ebd" parentExecutionId="00b69e9d-1107-4113-b8fd-e8d412449dcb" testId="ebfd06e0-faa7-9cbe-fa00-6405596f250f" testName="ToEmailMaskUserNameAndDomainAndExtension_Passing_ValidEmail_Returns_EmailWithMask (miemail@gmail.com,m*****l@g***l.c*m)" computerName="PC-SFERRARI" duration="00:00:00.0008057" startTime="2020-09-01T17:12:39.0317621+01:00" endTime="2020-09-01T17:12:39.0327305+01:00" testType="13cdc9d9-ddb5-4fa4-a97d-d965ccfc6d4b" outcome="Passed" testListId="8c84fa94-04c1-424b-9868-57a2d4851a1d" relativeResultsDirectory="f83ae0f5-e10d-4b8f-af51-c80a756d6ebd" dataRowInfo="1" resultType="DataDrivenDataRow" />
      </InnerResults>
    </UnitTestResult>
    <UnitTestResult executionId="55a132c8-909b-40e8-8d94-3b8ea1820989" testId="f11c94aa-a17f-70b0-337d-4e87988eaaa9" testName="ToFirstLetterLower_Passing_ValidValue_Returns_StringWithFirstLetterLower" computerName="PC-SFERRARI" duration="00:00:00.0002708" startTime="2020-09-01T17:12:39.1003062+01:00" endTime="2020-09-01T17:12:39.1006529+01:00" testType="13cdc9d9-ddb5-4fa4-a97d-d965ccfc6d4b" outcome="Passed" testListId="8c84fa94-04c1-424b-9868-57a2d4851a1d" relativeResultsDirectory="55a132c8-909b-40e8-8d94-3b8ea1820989" resultType="DataDrivenTest">
      <InnerResults>
        <UnitTestResult executionId="5f097012-97f7-4337-8321-22af0fbd3770" parentExecutionId="55a132c8-909b-40e8-8d94-3b8ea1820989" testId="f11c94aa-a17f-70b0-337d-4e87988eaaa9" testName="ToFirstLetterLower_Passing_ValidValue_Returns_StringWithFirstLetterLower (AAAAAA,aAAAAA)" computerName="PC-SFERRARI" duration="00:00:00.0002261" startTime="2020-09-01T17:12:39.1003062+01:00" endTime="2020-09-01T17:12:39.1006529+01:00" testType="13cdc9d9-ddb5-4fa4-a97d-d965ccfc6d4b" outcome="Passed" testListId="8c84fa94-04c1-424b-9868-57a2d4851a1d" relativeResultsDirectory="5f097012-97f7-4337-8321-22af0fbd3770" dataRowInfo="1" resultType="DataDrivenDataRow" />
      </InnerResults>
    </UnitTestResult>
    <UnitTestResult executionId="55ae9b53-be08-4bec-bb1e-f56b4bf1b586" testId="eae1f61b-b06a-0f91-1dd4-e916caad0d14" testName="ToMapList_Passing_Source_Type_And_Destination_Type_Returns_Destination_Object_List" computerName="PC-SFERRARI" duration="00:00:00.0483542" startTime="2020-09-01T17:12:36.8639965+01:00" endTime="2020-09-01T17:12:36.9124942+01:00" testType="13cdc9d9-ddb5-4fa4-a97d-d965ccfc6d4b" outcome="Passed" testListId="8c84fa94-04c1-424b-9868-57a2d4851a1d" relativeResultsDirectory="55ae9b53-be08-4bec-bb1e-f56b4bf1b586" />
    <UnitTestResult executionId="164dbaf7-bd94-40fd-977d-cf8184b6489a" testId="94f16998-db16-c9fb-bd7f-eaea1e16045e" testName="ToIsFileThrow_Passing_InvalidValue_Returns_ApplicationExceptionWithMessage" computerName="PC-SFERRARI" duration="00:00:00.0011862" startTime="2020-09-01T17:12:37.4626266+01:00" endTime="2020-09-01T17:12:37.4639111+01:00" testType="13cdc9d9-ddb5-4fa4-a97d-d965ccfc6d4b" outcome="Passed" testListId="8c84fa94-04c1-424b-9868-57a2d4851a1d" relativeResultsDirectory="164dbaf7-bd94-40fd-977d-cf8184b6489a" />
    <UnitTestResult executionId="d16dee8e-30d2-484c-b6f3-e9ecbba9a200" testId="af3d8df7-f17a-d1c0-d18e-19b304f044e1" testName="ToDirectoryReadFileAsync_Passing_ValidValue_Returns_False" computerName="PC-SFERRARI" duration="00:00:00.0164966" startTime="2020-09-01T17:12:39.0129830+01:00" endTime="2020-09-01T17:12:39.0296129+01:00" testType="13cdc9d9-ddb5-4fa4-a97d-d965ccfc6d4b" outcome="Passed" testListId="8c84fa94-04c1-424b-9868-57a2d4851a1d" relativeResultsDirectory="d16dee8e-30d2-484c-b6f3-e9ecbba9a200" />
    <UnitTestResult executionId="fd34bf6c-c8f2-47e5-ac33-6318c8823417" testId="27b96ec3-5681-5842-c623-6a591e60fa20" testName="ToGetAll_Passing_Claims_Returns_Claim_Value_Int_List" computerName="PC-SFERRARI" duration="00:00:00.0088874" startTime="2020-09-01T17:12:37.5919219+01:00" endTime="2020-09-01T17:12:37.6009374+01:00" testType="13cdc9d9-ddb5-4fa4-a97d-d965ccfc6d4b" outcome="Passed" testListId="8c84fa94-04c1-424b-9868-57a2d4851a1d" relativeResultsDirectory="fd34bf6c-c8f2-47e5-ac33-6318c8823417" />
    <UnitTestResult executionId="5f74ff56-d747-4b99-bb7f-39b748c7c1b9" testId="fe87c87e-477f-2fc4-df79-eea7b52d186b" testName="ToReadOnly_Passing_Valid_Collection_Returns_Readonly_Collection" computerName="PC-SFERRARI" duration="00:00:00.0008524" startTime="2020-09-01T17:12:38.2129104+01:00" endTime="2020-09-01T17:12:38.2138411+01:00" testType="13cdc9d9-ddb5-4fa4-a97d-d965ccfc6d4b" outcome="Passed" testListId="8c84fa94-04c1-424b-9868-57a2d4851a1d" relativeResultsDirectory="5f74ff56-d747-4b99-bb7f-39b748c7c1b9" />
    <UnitTestResult executionId="035f4189-b1c3-40b7-a4a4-a57f8366ad46" testId="b63cac77-e37b-80e5-702f-d228747e42f7" testName="ToAuthenticationType_Passing_Null_ClaimsPrincipal_Returns_ApplicationException" computerName="PC-SFERRARI" duration="00:00:00.0026904" startTime="2020-09-01T17:12:37.5871846+01:00" endTime="2020-09-01T17:12:37.5899816+01:00" testType="13cdc9d9-ddb5-4fa4-a97d-d965ccfc6d4b" outcome="Passed" testListId="8c84fa94-04c1-424b-9868-57a2d4851a1d" relativeResultsDirectory="035f4189-b1c3-40b7-a4a4-a57f8366ad46" />
    <UnitTestResult executionId="94df6ef6-741c-44e4-839e-78dea2105ee4" testId="75454745-d8ee-9a85-64f5-1a730d7c60c8" testName="ToMapClone_Passing_Source_Returns_New_Source_Object" computerName="PC-SFERRARI" duration="00:00:00.4088993" startTime="2020-09-01T17:12:36.4546189+01:00" endTime="2020-09-01T17:12:36.8639542+01:00" testType="13cdc9d9-ddb5-4fa4-a97d-d965ccfc6d4b" outcome="Passed" testListId="8c84fa94-04c1-424b-9868-57a2d4851a1d" relativeResultsDirectory="94df6ef6-741c-44e4-839e-78dea2105ee4" />
    <UnitTestResult executionId="f8903940-0421-4517-a2d3-96809b7f7907" testId="43808ac4-1e31-8564-6757-f02eaaca4929" testName="ToConfigureOrDefault_Passing_DefaultValues_And_ActionCustomValues_Returns_DefaultValues_And_CustomValues" computerName="PC-SFERRARI" duration="00:00:00.0004258" startTime="2020-09-01T17:12:36.4539219+01:00" endTime="2020-09-01T17:12:36.4545791+01:00" testType="13cdc9d9-ddb5-4fa4-a97d-d965ccfc6d4b" outcome="Passed" testListId="8c84fa94-04c1-424b-9868-57a2d4851a1d" relativeResultsDirectory="f8903940-0421-4517-a2d3-96809b7f7907" />
    <UnitTestResult executionId="3dc3f245-3588-44ad-a094-d6c5c497a21c" testId="4a38c3cf-0cae-05a0-9e46-68686a986425" testName="ToEnum_Passing_InvalidValueInt_Returns_EnumCustomValue" computerName="PC-SFERRARI" duration="00:00:00.0008343" startTime="2020-09-01T17:12:39.0712431+01:00" endTime="2020-09-01T17:12:39.0721616+01:00" testType="13cdc9d9-ddb5-4fa4-a97d-d965ccfc6d4b" outcome="Passed" testListId="8c84fa94-04c1-424b-9868-57a2d4851a1d" relativeResultsDirectory="3dc3f245-3588-44ad-a094-d6c5c497a21c" />
    <UnitTestResult executionId="c83f9439-4c00-4e7e-9fe1-85e08a5d9831" testId="8041f467-4985-86e2-e530-ff004545ed9e" testName="ToIsAuthenticated_Passing_Claims_Returns_True" computerName="PC-SFERRARI" duration="00:00:00.0005530" startTime="2020-09-01T17:12:37.6694105+01:00" endTime="2020-09-01T17:12:37.6700523+01:00" testType="13cdc9d9-ddb5-4fa4-a97d-d965ccfc6d4b" outcome="Passed" testListId="8c84fa94-04c1-424b-9868-57a2d4851a1d" relativeResultsDirectory="c83f9439-4c00-4e7e-9fe1-85e08a5d9831" />
    <UnitTestResult executionId="0cf18dde-f41c-4f38-8585-b5119d3b0169" testId="d26b6b6c-0539-f6d5-0b6e-1d021e9cd63c" testName="ToEnvironment_Passing_Production_Enviroment_Returns_Production_Name" computerName="PC-SFERRARI" duration="00:00:00.0005521" startTime="2020-09-01T17:12:37.3510759+01:00" endTime="2020-09-01T17:12:37.3517257+01:00" testType="13cdc9d9-ddb5-4fa4-a97d-d965ccfc6d4b" outcome="Passed" testListId="8c84fa94-04c1-424b-9868-57a2d4851a1d" relativeResultsDirectory="0cf18dde-f41c-4f38-8585-b5119d3b0169" />
    <UnitTestResult executionId="dffc8463-0c3a-41e2-807a-14a54a9226c3" testId="233fc265-70af-fd55-4eb2-8e50073ad7f8" testName="IsNullOrAny_Passing_InvalidArguments_Returns_HasErrorsAndCount" computerName="PC-SFERRARI" duration="00:00:00.0018317" startTime="2020-09-01T17:12:39.5538446+01:00" endTime="2020-09-01T17:12:39.5557521+01:00" testType="13cdc9d9-ddb5-4fa4-a97d-d965ccfc6d4b" outcome="Passed" testListId="8c84fa94-04c1-424b-9868-57a2d4851a1d" relativeResultsDirectory="dffc8463-0c3a-41e2-807a-14a54a9226c3" />
    <UnitTestResult executionId="1a0444e2-3ac8-4d64-b947-4cb3b2f65b06" testId="5affd6a5-020f-febd-97ee-87fff4d513ff" testName="ToDictionaryPropertyInfo_Passing_Object_Not_IncludeNullOrEmptyProperty_Returns_Properties_NameAndValue_Dictionary" computerName="PC-SFERRARI" duration="00:00:00.0003559" startTime="2020-09-01T17:12:38.3732765+01:00" endTime="2020-09-01T17:12:38.3737182+01:00" testType="13cdc9d9-ddb5-4fa4-a97d-d965ccfc6d4b" outcome="Passed" testListId="8c84fa94-04c1-424b-9868-57a2d4851a1d" relativeResultsDirectory="1a0444e2-3ac8-4d64-b947-4cb3b2f65b06" />
    <UnitTestResult executionId="318a1390-a0fe-47df-8f49-6fc7f0950f40" testId="74c01674-5cd8-fcd3-f2dd-13452334a752" testName="ToIsNullOrEmptyThrow_Passing_InvalidValue_Returns_ApplicationExceptionWithMessage" computerName="PC-SFERRARI" duration="00:00:00.0003717" startTime="2020-09-01T17:12:37.4696519+01:00" endTime="2020-09-01T17:12:37.4701064+01:00" testType="13cdc9d9-ddb5-4fa4-a97d-d965ccfc6d4b" outcome="Passed" testListId="8c84fa94-04c1-424b-9868-57a2d4851a1d" relativeResultsDirectory="318a1390-a0fe-47df-8f49-6fc7f0950f40" />
    <UnitTestResult executionId="f3ed4ec6-f458-4a0a-9d2a-88ee19400cb9" testId="c436eaa1-ee14-28b4-e568-d1bcd81758ca" testName="ToDefaultValue_Passing_byte_Returns_Cero" computerName="PC-SFERRARI" duration="00:00:00.0003859" startTime="2020-09-01T17:12:38.2937459+01:00" endTime="2020-09-01T17:12:38.2943070+01:00" testType="13cdc9d9-ddb5-4fa4-a97d-d965ccfc6d4b" outcome="Passed" testListId="8c84fa94-04c1-424b-9868-57a2d4851a1d" relativeResultsDirectory="f3ed4ec6-f458-4a0a-9d2a-88ee19400cb9" resultType="DataDrivenTest">
      <InnerResults>
        <UnitTestResult executionId="ccaae00c-9413-4d4c-8710-aaa2c207947c" parentExecutionId="f3ed4ec6-f458-4a0a-9d2a-88ee19400cb9" testId="c436eaa1-ee14-28b4-e568-d1bcd81758ca" testName="ToDefaultValue_Passing_byte_Returns_Cero (255)" computerName="PC-SFERRARI" duration="00:00:00.0003316" startTime="2020-09-01T17:12:38.2937459+01:00" endTime="2020-09-01T17:12:38.2943070+01:00" testType="13cdc9d9-ddb5-4fa4-a97d-d965ccfc6d4b" outcome="Passed" testListId="8c84fa94-04c1-424b-9868-57a2d4851a1d" relativeResultsDirectory="ccaae00c-9413-4d4c-8710-aaa2c207947c" dataRowInfo="1" resultType="DataDrivenDataRow" />
      </InnerResults>
    </UnitTestResult>
    <UnitTestResult executionId="0cd5d127-eff3-467b-9817-d32b8e1ea6c8" testId="0e0fac8d-b2fe-0646-de77-c7bb31221ebd" testName="ToList_Passing_ValidEnumTypeWithSelectedValueWithResourceType_Returns_ValuesList" computerName="PC-SFERRARI" duration="00:00:00.0008016" startTime="2020-09-01T17:12:39.6128375+01:00" endTime="2020-09-01T17:12:39.6137557+01:00" testType="13cdc9d9-ddb5-4fa4-a97d-d965ccfc6d4b" outcome="Passed" testListId="8c84fa94-04c1-424b-9868-57a2d4851a1d" relativeResultsDirectory="0cd5d127-eff3-467b-9817-d32b8e1ea6c8" />
    <UnitTestResult executionId="3950cdda-1206-4691-a608-ab5f1e50ee3f" testId="75fe5d93-cc99-b98f-be96-6e7e811605d8" testName="ToIsWeekend_Passing_Saturday_DateTime_Returns_True" computerName="PC-SFERRARI" duration="00:00:00.0001188" startTime="2020-09-01T17:12:38.1800037+01:00" endTime="2020-09-01T17:12:38.1802037+01:00" testType="13cdc9d9-ddb5-4fa4-a97d-d965ccfc6d4b" outcome="Passed" testListId="8c84fa94-04c1-424b-9868-57a2d4851a1d" relativeResultsDirectory="3950cdda-1206-4691-a608-ab5f1e50ee3f" />
    <UnitTestResult executionId="ded5e927-c1af-485f-b20e-bda088976ff4" testId="70edf42e-61af-db20-c5ba-b6396a6eca62" testName="CreateRandom_WithDefaultAllowableCharacters_Passing_ValidArguments_Returns_String_Random_Value" computerName="PC-SFERRARI" duration="00:00:00.0002627" startTime="2020-09-01T17:12:40.7659923+01:00" endTime="2020-09-01T17:12:40.7664256+01:00" testType="13cdc9d9-ddb5-4fa4-a97d-d965ccfc6d4b" outcome="Passed" testListId="8c84fa94-04c1-424b-9868-57a2d4851a1d" relativeResultsDirectory="ded5e927-c1af-485f-b20e-bda088976ff4" resultType="DataDrivenTest">
      <InnerResults>
        <UnitTestResult executionId="f243cb01-e447-4077-b18a-95f3a6b2a687" parentExecutionId="ded5e927-c1af-485f-b20e-bda088976ff4" testId="70edf42e-61af-db20-c5ba-b6396a6eca62" testName="CreateRandom_WithDefaultAllowableCharacters_Passing_ValidArguments_Returns_String_Random_Value (5)" computerName="PC-SFERRARI" duration="00:00:00.0001740" startTime="2020-09-01T17:12:40.7659923+01:00" endTime="2020-09-01T17:12:40.7664256+01:00" testType="13cdc9d9-ddb5-4fa4-a97d-d965ccfc6d4b" outcome="Passed" testListId="8c84fa94-04c1-424b-9868-57a2d4851a1d" relativeResultsDirectory="f243cb01-e447-4077-b18a-95f3a6b2a687" dataRowInfo="1" resultType="DataDrivenDataRow" />
        <UnitTestResult executionId="0bef388a-45ad-4e37-8571-a4f6ff54e322" parentExecutionId="ded5e927-c1af-485f-b20e-bda088976ff4" testId="70edf42e-61af-db20-c5ba-b6396a6eca62" testName="CreateRandom_WithDefaultAllowableCharacters_Passing_ValidArguments_Returns_String_Random_Value (10)" computerName="PC-SFERRARI" duration="00:00:00.0000073" startTime="2020-09-01T17:12:40.7659923+01:00" endTime="2020-09-01T17:12:40.7664256+01:00" testType="13cdc9d9-ddb5-4fa4-a97d-d965ccfc6d4b" outcome="Passed" testListId="8c84fa94-04c1-424b-9868-57a2d4851a1d" relativeResultsDirectory="0bef388a-45ad-4e37-8571-a4f6ff54e322" dataRowInfo="2" resultType="DataDrivenDataRow" />
        <UnitTestResult executionId="eeb8bbb9-73b8-4ff1-ac50-3ad65fc62ed3" parentExecutionId="ded5e927-c1af-485f-b20e-bda088976ff4" testId="70edf42e-61af-db20-c5ba-b6396a6eca62" testName="CreateRandom_WithDefaultAllowableCharacters_Passing_ValidArguments_Returns_String_Random_Value (20)" computerName="PC-SFERRARI" duration="00:00:00.0000064" startTime="2020-09-01T17:12:40.7659923+01:00" endTime="2020-09-01T17:12:40.7664256+01:00" testType="13cdc9d9-ddb5-4fa4-a97d-d965ccfc6d4b" outcome="Passed" testListId="8c84fa94-04c1-424b-9868-57a2d4851a1d" relativeResultsDirectory="eeb8bbb9-73b8-4ff1-ac50-3ad65fc62ed3" dataRowInfo="3" resultType="DataDrivenDataRow" />
      </InnerResults>
    </UnitTestResult>
    <UnitTestResult executionId="c4ecf815-eea2-4fcb-bc59-b8b440ae758f" testId="d231d236-8b99-8ce7-c48d-92f39c5c2904" testName="ToMapUpdate_Passing_Destination_Object_Returns_Updated_Destination_Object" computerName="PC-SFERRARI" duration="00:00:00.0031742" startTime="2020-09-01T17:12:36.9369850+01:00" endTime="2020-09-01T17:12:36.9402576+01:00" testType="13cdc9d9-ddb5-4fa4-a97d-d965ccfc6d4b" outcome="Passed" testListId="8c84fa94-04c1-424b-9868-57a2d4851a1d" relativeResultsDirectory="c4ecf815-eea2-4fcb-bc59-b8b440ae758f" />
    <UnitTestResult executionId="91334477-9e3f-48e5-b15d-63305ceb5ffd" testId="59bb5814-5d01-6d07-4fe2-b044a2101887" testName="ToYesterday_Passing_DateTime_Returns_Yesterday_DateTime" computerName="PC-SFERRARI" duration="00:00:00.0001926" startTime="2020-09-01T17:12:38.2119451+01:00" endTime="2020-09-01T17:12:38.2122122+01:00" testType="13cdc9d9-ddb5-4fa4-a97d-d965ccfc6d4b" outcome="Passed" testListId="8c84fa94-04c1-424b-9868-57a2d4851a1d" relativeResultsDirectory="91334477-9e3f-48e5-b15d-63305ceb5ffd" />
    <UnitTestResult executionId="31b35575-fd28-41da-976d-c2e96d3dfc01" testId="ba13b0bd-c428-c41e-c91d-be83d7a60582" testName="IsName_Passing_ValidArguments_Returns_HasErrorsAndCount" computerName="PC-SFERRARI" duration="00:00:00.0001784" startTime="2020-09-01T17:12:39.5535667+01:00" endTime="2020-09-01T17:12:39.5538233+01:00" testType="13cdc9d9-ddb5-4fa4-a97d-d965ccfc6d4b" outcome="Passed" testListId="8c84fa94-04c1-424b-9868-57a2d4851a1d" relativeResultsDirectory="31b35575-fd28-41da-976d-c2e96d3dfc01" />
    <UnitTestResult executionId="a2135dad-f27c-47b3-8738-0a31146f4c0e" testId="443ca7db-0f3b-fcae-6a2e-98e583e48cd9" testName="IsFile_Passing_InvalidArguments_Returns_HasErrorsAndCount" computerName="PC-SFERRARI" duration="00:00:00.0002147" startTime="2020-09-01T17:12:39.5452220+01:00" endTime="2020-09-01T17:12:39.5455169+01:00" testType="13cdc9d9-ddb5-4fa4-a97d-d965ccfc6d4b" outcome="Passed" testListId="8c84fa94-04c1-424b-9868-57a2d4851a1d" relativeResultsDirectory="a2135dad-f27c-47b3-8738-0a31146f4c0e" />
    <UnitTestResult executionId="71123eaa-a081-45e6-b558-c9b07b0ad1c0" testId="e4352bb5-404b-635a-e45b-b71369fd281e" testName="ToEnvironment_Passing_Development_Enviroment_Returns_Development_Name" computerName="PC-SFERRARI" duration="00:00:00.0013891" startTime="2020-09-01T17:12:37.3494649+01:00" endTime="2020-09-01T17:12:37.3510360+01:00" testType="13cdc9d9-ddb5-4fa4-a97d-d965ccfc6d4b" outcome="Passed" testListId="8c84fa94-04c1-424b-9868-57a2d4851a1d" relativeResultsDirectory="71123eaa-a081-45e6-b558-c9b07b0ad1c0" />
    <UnitTestResult executionId="d9c9feed-6635-419d-b721-a1273612d96e" testId="0d50ac65-fe21-25e2-755d-cf669c4b11b7" testName="IsSubdomain_Passing_InvalidArguments_Returns_HasErrorsAndCount" computerName="PC-SFERRARI" duration="00:00:00.0001635" startTime="2020-09-01T17:12:39.6031441+01:00" endTime="2020-09-01T17:12:39.6033961+01:00" testType="13cdc9d9-ddb5-4fa4-a97d-d965ccfc6d4b" outcome="Passed" testListId="8c84fa94-04c1-424b-9868-57a2d4851a1d" relativeResultsDirectory="d9c9feed-6635-419d-b721-a1273612d96e" />
    <UnitTestResult executionId="b04e268a-21f6-4bd6-a8af-9d032f91093e" testId="3dd1d7af-d98a-cc8e-c202-2578f95922fc" testName="ToExists_Passing_Claims_Returns_True" computerName="PC-SFERRARI" duration="00:00:00.0017607" startTime="2020-09-01T17:12:37.5900117+01:00" endTime="2020-09-01T17:12:37.5918840+01:00" testType="13cdc9d9-ddb5-4fa4-a97d-d965ccfc6d4b" outcome="Passed" testListId="8c84fa94-04c1-424b-9868-57a2d4851a1d" relativeResultsDirectory="b04e268a-21f6-4bd6-a8af-9d032f91093e" />
    <UnitTestResult executionId="a2f1601d-c7d3-45a2-b302-7869573038ac" testId="597475cf-af86-f68b-64ca-996ee4fce335" testName="ToEnvironment_Passing_Custom_Enviroment_Returns_Custom_Name" computerName="PC-SFERRARI" duration="00:00:00.3053214" startTime="2020-09-01T17:12:36.9402905+01:00" endTime="2020-09-01T17:12:37.2458906+01:00" testType="13cdc9d9-ddb5-4fa4-a97d-d965ccfc6d4b" outcome="Passed" testListId="8c84fa94-04c1-424b-9868-57a2d4851a1d" relativeResultsDirectory="a2f1601d-c7d3-45a2-b302-7869573038ac" />
    <UnitTestResult executionId="801b8bb7-fab9-4fde-ba2d-560fea233b80" testId="fa1415b0-01fe-4c29-f648-98ef295dec1f" testName="ToSerialize_Passing_Objects_Returns_String_Values" computerName="PC-SFERRARI" duration="00:00:00.0045503" startTime="2020-09-01T17:12:38.8726965+01:00" endTime="2020-09-01T17:12:38.8773515+01:00" testType="13cdc9d9-ddb5-4fa4-a97d-d965ccfc6d4b" outcome="Passed" testListId="8c84fa94-04c1-424b-9868-57a2d4851a1d" relativeResultsDirectory="801b8bb7-fab9-4fde-ba2d-560fea233b80" />
    <UnitTestResult executionId="d461d51a-c5e7-4218-83e0-531fc40c6e94" testId="de1c2b64-dcd4-eabe-6a9b-0e14bb2434e3" testName="IsFileExtension_Passing_InvalidArguments_Returns_HasErrorsAndCount" computerName="PC-SFERRARI" duration="00:00:00.0001525" startTime="2020-09-01T17:12:39.5449582+01:00" endTime="2020-09-01T17:12:39.5451991+01:00" testType="13cdc9d9-ddb5-4fa4-a97d-d965ccfc6d4b" outcome="Passed" testListId="8c84fa94-04c1-424b-9868-57a2d4851a1d" relativeResultsDirectory="d461d51a-c5e7-4218-83e0-531fc40c6e94" />
    <UnitTestResult executionId="df94dd0a-8c78-4c61-b58b-52348c0e4dfe" testId="2d241e2f-55e8-e31f-9820-142e3d5becdf" testName="ToIPv6_Passing_HttpContext_IP_Value_Returns_IP" computerName="PC-SFERRARI" duration="00:00:00.0004805" startTime="2020-09-01T17:12:38.3898139+01:00" endTime="2020-09-01T17:12:38.3904155+01:00" testType="13cdc9d9-ddb5-4fa4-a97d-d965ccfc6d4b" outcome="Passed" testListId="8c84fa94-04c1-424b-9868-57a2d4851a1d" relativeResultsDirectory="df94dd0a-8c78-4c61-b58b-52348c0e4dfe" />
    <UnitTestResult executionId="23de1328-d08d-43d0-bc92-aaa583e170a2" testId="44434c12-1418-e87f-c461-58aef56a1acf" testName="ToPaged_Passing_Name_Descending_Order_Returns_Filter_List" computerName="PC-SFERRARI" duration="00:00:00.0004433" startTime="2020-09-01T17:12:38.9041188+01:00" endTime="2020-09-01T17:12:38.9046522+01:00" testType="13cdc9d9-ddb5-4fa4-a97d-d965ccfc6d4b" outcome="Passed" testListId="8c84fa94-04c1-424b-9868-57a2d4851a1d" relativeResultsDirectory="23de1328-d08d-43d0-bc92-aaa583e170a2" />
    <UnitTestResult executionId="ac914187-5df2-41e5-bc66-f8fc3902d34b" testId="d93604ef-7ed3-0fce-8526-ca6ec4546d8a" testName="ToInt_Passing_ValidValueString_Returns_Int" computerName="PC-SFERRARI" duration="00:00:00.0002593" startTime="2020-09-01T17:12:39.2251052+01:00" endTime="2020-09-01T17:12:39.2255157+01:00" testType="13cdc9d9-ddb5-4fa4-a97d-d965ccfc6d4b" outcome="Passed" testListId="8c84fa94-04c1-424b-9868-57a2d4851a1d" relativeResultsDirectory="ac914187-5df2-41e5-bc66-f8fc3902d34b" resultType="DataDrivenTest">
      <InnerResults>
        <UnitTestResult executionId="db43fca7-e1bd-4b87-9471-2cf8650dde0c" parentExecutionId="ac914187-5df2-41e5-bc66-f8fc3902d34b" testId="d93604ef-7ed3-0fce-8526-ca6ec4546d8a" testName="ToInt_Passing_ValidValueString_Returns_Int (1234567890)" computerName="PC-SFERRARI" duration="00:00:00.0002097" startTime="2020-09-01T17:12:39.2251052+01:00" endTime="2020-09-01T17:12:39.2255157+01:00" testType="13cdc9d9-ddb5-4fa4-a97d-d965ccfc6d4b" outcome="Passed" testListId="8c84fa94-04c1-424b-9868-57a2d4851a1d" relativeResultsDirectory="db43fca7-e1bd-4b87-9471-2cf8650dde0c" dataRowInfo="1" resultType="DataDrivenDataRow" />
      </InnerResults>
    </UnitTestResult>
    <UnitTestResult executionId="098435df-189e-45bb-81f9-3f4df3b6609d" testId="cfded076-dfc3-9576-e5d3-4a9fd4d54a97" testName="IsRegexMatch_Passing_InvalidArguments_Returns_HasErrorsAndCount" computerName="PC-SFERRARI" duration="00:00:00.0002578" startTime="2020-09-01T17:12:39.5831062+01:00" endTime="2020-09-01T17:12:39.6031028+01:00" testType="13cdc9d9-ddb5-4fa4-a97d-d965ccfc6d4b" outcome="Passed" testListId="8c84fa94-04c1-424b-9868-57a2d4851a1d" relativeResultsDirectory="098435df-189e-45bb-81f9-3f4df3b6609d" />
    <UnitTestResult executionId="1e18874f-8d8e-488f-9f53-d900ffe94a22" testId="a5dec80b-87ef-2067-7969-8d0cded994a9" testName="ToDefaultValue_Passing_ValidBoolean_Returns_DefaultValue" computerName="PC-SFERRARI" duration="00:00:00.0001823" startTime="2020-09-01T17:12:39.5193703+01:00" endTime="2020-09-01T17:12:39.5197477+01:00" testType="13cdc9d9-ddb5-4fa4-a97d-d965ccfc6d4b" outcome="Passed" testListId="8c84fa94-04c1-424b-9868-57a2d4851a1d" relativeResultsDirectory="1e18874f-8d8e-488f-9f53-d900ffe94a22" />
    <UnitTestResult executionId="a7ceafd6-ba4c-40d4-a816-8025ed682ca1" testId="6a3215c0-a3d0-3567-141f-99b4d6b44c7b" testName="ToExists_Passing_Service_Not_Found_Returns_False" computerName="PC-SFERRARI" duration="00:00:00.0004011" startTime="2020-09-01T17:12:37.3648151+01:00" endTime="2020-09-01T17:12:37.3653011+01:00" testType="13cdc9d9-ddb5-4fa4-a97d-d965ccfc6d4b" outcome="Passed" testListId="8c84fa94-04c1-424b-9868-57a2d4851a1d" relativeResultsDirectory="a7ceafd6-ba4c-40d4-a816-8025ed682ca1" />
    <UnitTestResult executionId="5a6d7a3b-7f84-4d4a-9f03-01aa917d53ce" testId="0ae7fb38-1179-d103-cf50-23ea40b835de" testName="ToBytes_Passing_Object_Returns_Bytes" computerName="PC-SFERRARI" duration="00:00:00.0006998" startTime="2020-09-01T17:12:38.2674443+01:00" endTime="2020-09-01T17:12:38.2684006+01:00" testType="13cdc9d9-ddb5-4fa4-a97d-d965ccfc6d4b" outcome="Passed" testListId="8c84fa94-04c1-424b-9868-57a2d4851a1d" relativeResultsDirectory="5a6d7a3b-7f84-4d4a-9f03-01aa917d53ce" />
    <UnitTestResult executionId="ff550fa3-c2dc-4cdc-afbd-38760fdc9a7d" testId="71da8626-9685-042d-5f97-2191d17c7e4f" testName="ToAge_Passing_Birthday_DateTime_Returns_Age" computerName="PC-SFERRARI" duration="00:00:00.0006374" startTime="2020-09-01T17:12:38.1773489+01:00" endTime="2020-09-01T17:12:38.1782991+01:00" testType="13cdc9d9-ddb5-4fa4-a97d-d965ccfc6d4b" outcome="Passed" testListId="8c84fa94-04c1-424b-9868-57a2d4851a1d" relativeResultsDirectory="ff550fa3-c2dc-4cdc-afbd-38760fdc9a7d" />
    <UnitTestResult executionId="af7bb32a-b4d4-4e19-b9d8-1bc8c44f354f" testId="3c2e7403-ec73-4e6b-a215-dbda78d61173" testName="ToPaged_Passing_Age_Descending_Order_Returns_Filter_List" computerName="PC-SFERRARI" duration="00:00:00.0006998" startTime="2020-09-01T17:12:38.9018646+01:00" endTime="2020-09-01T17:12:38.9027430+01:00" testType="13cdc9d9-ddb5-4fa4-a97d-d965ccfc6d4b" outcome="Passed" testListId="8c84fa94-04c1-424b-9868-57a2d4851a1d" relativeResultsDirectory="af7bb32a-b4d4-4e19-b9d8-1bc8c44f354f" />
    <UnitTestResult executionId="c459ff11-cbd2-4f13-acc7-a21ebc919576" testId="d45f7960-8c15-bec8-0e6d-a081de52a211" testName="ToDefaultValue_Passing_long_Returns_Cero" computerName="PC-SFERRARI" duration="00:00:00.0002830" startTime="2020-09-01T17:12:38.3159164+01:00" endTime="2020-09-01T17:12:38.3162863+01:00" testType="13cdc9d9-ddb5-4fa4-a97d-d965ccfc6d4b" outcome="Passed" testListId="8c84fa94-04c1-424b-9868-57a2d4851a1d" relativeResultsDirectory="c459ff11-cbd2-4f13-acc7-a21ebc919576" resultType="DataDrivenTest">
      <InnerResults>
        <UnitTestResult executionId="c1ce2eb7-1982-4450-aff1-fa033784b8d1" parentExecutionId="c459ff11-cbd2-4f13-acc7-a21ebc919576" testId="d45f7960-8c15-bec8-0e6d-a081de52a211" testName="ToDefaultValue_Passing_long_Returns_Cero (9223372036854775807)" computerName="PC-SFERRARI" duration="00:00:00.0002226" startTime="2020-09-01T17:12:38.3159164+01:00" endTime="2020-09-01T17:12:38.3162863+01:00" testType="13cdc9d9-ddb5-4fa4-a97d-d965ccfc6d4b" outcome="Passed" testListId="8c84fa94-04c1-424b-9868-57a2d4851a1d" relativeResultsDirectory="c1ce2eb7-1982-4450-aff1-fa033784b8d1" dataRowInfo="1" resultType="DataDrivenDataRow" />
      </InnerResults>
    </UnitTestResult>
    <UnitTestResult executionId="2d9acacc-8b6f-4c0b-a483-520f6a928483" testId="7626eb80-c5b1-5215-755a-1b8895fae863" testName="ToConfiguration_Passing_Key_Values_Returns_Ok" computerName="PC-SFERRARI" duration="00:00:00.0244149" startTime="2020-09-01T17:12:37.7941200+01:00" endTime="2020-09-01T17:12:37.8186350+01:00" testType="13cdc9d9-ddb5-4fa4-a97d-d965ccfc6d4b" outcome="Passed" testListId="8c84fa94-04c1-424b-9868-57a2d4851a1d" relativeResultsDirectory="2d9acacc-8b6f-4c0b-a483-520f6a928483" />
    <UnitTestResult executionId="2587c299-9cc7-42b8-a9e3-2c349a6aa7c5" testId="09722d0d-50eb-c66c-46d9-dfe1db4400ef" testName="ToUserName_Passing_Invalid_ClaimsPrincipal_Returns_Null" computerName="PC-SFERRARI" duration="00:00:00.0004397" startTime="2020-09-01T17:12:37.6707101+01:00" endTime="2020-09-01T17:12:37.6712478+01:00" testType="13cdc9d9-ddb5-4fa4-a97d-d965ccfc6d4b" outcome="Passed" testListId="8c84fa94-04c1-424b-9868-57a2d4851a1d" relativeResultsDirectory="2587c299-9cc7-42b8-a9e3-2c349a6aa7c5" />
    <UnitTestResult executionId="32d86cef-19e2-476b-b9ad-7234b9217ef4" testId="bb0e34b2-8f1e-f1b3-c8b8-34849b6a2f1a" testName="ToSetTime_Passing_Time_Int_Returns_DateTime" computerName="PC-SFERRARI" duration="00:00:00.0003871" startTime="2020-09-01T17:12:38.2064973+01:00" endTime="2020-09-01T17:12:38.2070561+01:00" testType="13cdc9d9-ddb5-4fa4-a97d-d965ccfc6d4b" outcome="Passed" testListId="8c84fa94-04c1-424b-9868-57a2d4851a1d" relativeResultsDirectory="32d86cef-19e2-476b-b9ad-7234b9217ef4" />
    <UnitTestResult executionId="c7036e2f-826a-4ff2-bae0-c62decd85b41" testId="53029e90-dd26-a812-129d-02ec74005492" testName="ToIsSubdomainThrow_Passing_InvalidValue_Returns_ApplicationExceptionWithMessage" computerName="PC-SFERRARI" duration="00:00:00.0013896" startTime="2020-09-01T17:12:37.4703391+01:00" endTime="2020-09-01T17:12:37.4718094+01:00" testType="13cdc9d9-ddb5-4fa4-a97d-d965ccfc6d4b" outcome="Passed" testListId="8c84fa94-04c1-424b-9868-57a2d4851a1d" relativeResultsDirectory="c7036e2f-826a-4ff2-bae0-c62decd85b41" resultType="DataDrivenTest">
      <InnerResults>
        <UnitTestResult executionId="e6712e3b-5c44-4f49-9bde-0eddbed2dcc9" parentExecutionId="c7036e2f-826a-4ff2-bae0-c62decd85b41" testId="53029e90-dd26-a812-129d-02ec74005492" testName="ToIsSubdomainThrow_Passing_InvalidValue_Returns_ApplicationExceptionWithMessage (dasdasd@dsasd.._ff)" computerName="PC-SFERRARI" duration="00:00:00.0011342" startTime="2020-09-01T17:12:37.4703391+01:00" endTime="2020-09-01T17:12:37.4718094+01:00" testType="13cdc9d9-ddb5-4fa4-a97d-d965ccfc6d4b" outcome="Passed" testListId="8c84fa94-04c1-424b-9868-57a2d4851a1d" relativeResultsDirectory="e6712e3b-5c44-4f49-9bde-0eddbed2dcc9" dataRowInfo="1" resultType="DataDrivenDataRow" />
        <UnitTestResult executionId="1ea4acc7-f2dc-4183-af2b-5aa25aea7c99" parentExecutionId="c7036e2f-826a-4ff2-bae0-c62decd85b41" testId="53029e90-dd26-a812-129d-02ec74005492" testName="ToIsSubdomainThrow_Passing_InvalidValue_Returns_ApplicationExceptionWithMessage (34fsds@@sdd.f)" computerName="PC-SFERRARI" duration="00:00:00.0000475" startTime="2020-09-01T17:12:37.4703391+01:00" endTime="2020-09-01T17:12:37.4718094+01:00" testType="13cdc9d9-ddb5-4fa4-a97d-d965ccfc6d4b" outcome="Passed" testListId="8c84fa94-04c1-424b-9868-57a2d4851a1d" relativeResultsDirectory="1ea4acc7-f2dc-4183-af2b-5aa25aea7c99" dataRowInfo="2" resultType="DataDrivenDataRow" />
        <UnitTestResult executionId="99fbd357-663f-4b26-8fc7-6e3e76310aef" parentExecutionId="c7036e2f-826a-4ff2-bae0-c62decd85b41" testId="53029e90-dd26-a812-129d-02ec74005492" testName="ToIsSubdomainThrow_Passing_InvalidValue_Returns_ApplicationExceptionWithMessage ()" computerName="PC-SFERRARI" duration="00:00:00.0000339" startTime="2020-09-01T17:12:37.4703391+01:00" endTime="2020-09-01T17:12:37.4718094+01:00" testType="13cdc9d9-ddb5-4fa4-a97d-d965ccfc6d4b" outcome="Passed" testListId="8c84fa94-04c1-424b-9868-57a2d4851a1d" relativeResultsDirectory="99fbd357-663f-4b26-8fc7-6e3e76310aef" dataRowInfo="3" resultType="DataDrivenDataRow" />
        <UnitTestResult executionId="b8e99927-6c70-44cb-b23c-f15851f29f15" parentExecutionId="c7036e2f-826a-4ff2-bae0-c62decd85b41" testId="53029e90-dd26-a812-129d-02ec74005492" testName="ToIsSubdomainThrow_Passing_InvalidValue_Returns_ApplicationExceptionWithMessage ()" computerName="PC-SFERRARI" duration="00:00:00.0000299" startTime="2020-09-01T17:12:37.4703391+01:00" endTime="2020-09-01T17:12:37.4718094+01:00" testType="13cdc9d9-ddb5-4fa4-a97d-d965ccfc6d4b" outcome="Passed" testListId="8c84fa94-04c1-424b-9868-57a2d4851a1d" relativeResultsDirectory="b8e99927-6c70-44cb-b23c-f15851f29f15" dataRowInfo="4" resultType="DataDrivenDataRow" />
        <UnitTestResult executionId="0bd4d5ae-87b1-413e-b687-6b6fec13603b" parentExecutionId="c7036e2f-826a-4ff2-bae0-c62decd85b41" testId="53029e90-dd26-a812-129d-02ec74005492" testName="ToIsSubdomainThrow_Passing_InvalidValue_Returns_ApplicationExceptionWithMessage (34?fsds@sdd.yy)" computerName="PC-SFERRARI" duration="00:00:00.0000421" startTime="2020-09-01T17:12:37.4703391+01:00" endTime="2020-09-01T17:12:37.4718094+01:00" testType="13cdc9d9-ddb5-4fa4-a97d-d965ccfc6d4b" outcome="Passed" testListId="8c84fa94-04c1-424b-9868-57a2d4851a1d" relativeResultsDirectory="0bd4d5ae-87b1-413e-b687-6b6fec13603b" dataRowInfo="5" resultType="DataDrivenDataRow" />
      </InnerResults>
    </UnitTestResult>
    <UnitTestResult executionId="4e7d1af6-4848-4260-a23c-29d048470134" testId="b7c48b0c-de00-9836-92e0-dac42d1bcc61" testName="ToAuthenticationType_Passing_Claims_Returns_AuthenticationType_Name" computerName="PC-SFERRARI" duration="00:00:00.0892126" startTime="2020-09-01T17:12:37.4969477+01:00" endTime="2020-09-01T17:12:37.5864543+01:00" testType="13cdc9d9-ddb5-4fa4-a97d-d965ccfc6d4b" outcome="Passed" testListId="8c84fa94-04c1-424b-9868-57a2d4851a1d" relativeResultsDirectory="4e7d1af6-4848-4260-a23c-29d048470134" />
    <UnitTestResult executionId="2b8043c8-4834-4251-997c-17ec96a87d58" testId="94245856-9b78-14bb-2905-2035e994d0d9" testName="ToInt_Passing_InvalidValueString_Returns_Null" computerName="PC-SFERRARI" duration="00:00:00.0003285" startTime="2020-09-01T17:12:39.2086800+01:00" endTime="2020-09-01T17:12:39.2091883+01:00" testType="13cdc9d9-ddb5-4fa4-a97d-d965ccfc6d4b" outcome="Passed" testListId="8c84fa94-04c1-424b-9868-57a2d4851a1d" relativeResultsDirectory="2b8043c8-4834-4251-997c-17ec96a87d58" resultType="DataDrivenTest">
      <InnerResults>
        <UnitTestResult executionId="b86ad067-805a-4514-9003-f8e4e640e175" parentExecutionId="2b8043c8-4834-4251-997c-17ec96a87d58" testId="94245856-9b78-14bb-2905-2035e994d0d9" testName="ToInt_Passing_InvalidValueString_Returns_Null (1.3333)" computerName="PC-SFERRARI" duration="00:00:00.0002033" startTime="2020-09-01T17:12:39.2086800+01:00" endTime="2020-09-01T17:12:39.2091883+01:00" testType="13cdc9d9-ddb5-4fa4-a97d-d965ccfc6d4b" outcome="Passed" testListId="8c84fa94-04c1-424b-9868-57a2d4851a1d" relativeResultsDirectory="b86ad067-805a-4514-9003-f8e4e640e175" dataRowInfo="1" resultType="DataDrivenDataRow" />
        <UnitTestResult executionId="2f9e398c-958c-48af-9d99-c79e12e2db63" parentExecutionId="2b8043c8-4834-4251-997c-17ec96a87d58" testId="94245856-9b78-14bb-2905-2035e994d0d9" testName="ToInt_Passing_InvalidValueString_Returns_Null (1,3333)" computerName="PC-SFERRARI" duration="00:00:00.0000045" startTime="2020-09-01T17:12:39.2086800+01:00" endTime="2020-09-01T17:12:39.2091883+01:00" testType="13cdc9d9-ddb5-4fa4-a97d-d965ccfc6d4b" outcome="Passed" testListId="8c84fa94-04c1-424b-9868-57a2d4851a1d" relativeResultsDirectory="2f9e398c-958c-48af-9d99-c79e12e2db63" dataRowInfo="2" resultType="DataDrivenDataRow" />
        <UnitTestResult executionId="fab7fed7-c483-499a-839f-83635e2953f0" parentExecutionId="2b8043c8-4834-4251-997c-17ec96a87d58" testId="94245856-9b78-14bb-2905-2035e994d0d9" testName="ToInt_Passing_InvalidValueString_Returns_Null (1.333,39)" computerName="PC-SFERRARI" duration="00:00:00.0000025" startTime="2020-09-01T17:12:39.2086800+01:00" endTime="2020-09-01T17:12:39.2091883+01:00" testType="13cdc9d9-ddb5-4fa4-a97d-d965ccfc6d4b" outcome="Passed" testListId="8c84fa94-04c1-424b-9868-57a2d4851a1d" relativeResultsDirectory="fab7fed7-c483-499a-839f-83635e2953f0" dataRowInfo="3" resultType="DataDrivenDataRow" />
        <UnitTestResult executionId="839336ef-f8a5-4614-998f-d736528250dc" parentExecutionId="2b8043c8-4834-4251-997c-17ec96a87d58" testId="94245856-9b78-14bb-2905-2035e994d0d9" testName="ToInt_Passing_InvalidValueString_Returns_Null (999999439293294392492349329493294)" computerName="PC-SFERRARI" duration="00:00:00.0000023" startTime="2020-09-01T17:12:39.2086800+01:00" endTime="2020-09-01T17:12:39.2091883+01:00" testType="13cdc9d9-ddb5-4fa4-a97d-d965ccfc6d4b" outcome="Passed" testListId="8c84fa94-04c1-424b-9868-57a2d4851a1d" relativeResultsDirectory="839336ef-f8a5-4614-998f-d736528250dc" dataRowInfo="4" resultType="DataDrivenDataRow" />
        <UnitTestResult executionId="46311ba6-cd07-4656-a463-450ce24c7145" parentExecutionId="2b8043c8-4834-4251-997c-17ec96a87d58" testId="94245856-9b78-14bb-2905-2035e994d0d9" testName="ToInt_Passing_InvalidValueString_Returns_Null (asdasdasdasd234324)" computerName="PC-SFERRARI" duration="00:00:00.0000022" startTime="2020-09-01T17:12:39.2086800+01:00" endTime="2020-09-01T17:12:39.2091883+01:00" testType="13cdc9d9-ddb5-4fa4-a97d-d965ccfc6d4b" outcome="Passed" testListId="8c84fa94-04c1-424b-9868-57a2d4851a1d" relativeResultsDirectory="46311ba6-cd07-4656-a463-450ce24c7145" dataRowInfo="5" resultType="DataDrivenDataRow" />
      </InnerResults>
    </UnitTestResult>
    <UnitTestResult executionId="92a7985a-f425-48f5-bd95-71681fbb9b6b" testId="f95774c2-c6e8-8303-22f0-76ce5690e20c" testName="ToIsFileExtensionThrow_Passing_InvalidValue_Returns_ApplicationExceptionWithMessage" computerName="PC-SFERRARI" duration="00:00:00.0012411" startTime="2020-09-01T17:12:37.4611771+01:00" endTime="2020-09-01T17:12:37.4625932+01:00" testType="13cdc9d9-ddb5-4fa4-a97d-d965ccfc6d4b" outcome="Passed" testListId="8c84fa94-04c1-424b-9868-57a2d4851a1d" relativeResultsDirectory="92a7985a-f425-48f5-bd95-71681fbb9b6b" />
    <UnitTestResult executionId="73b063ff-8d84-494e-b3a2-b43b982f49de" testId="a88db4a6-85db-1794-57ad-207378bd09fc" testName="ToSettings_Passing_Values_From_Memory_Returns_Settings" computerName="PC-SFERRARI" duration="00:00:00.0037744" startTime="2020-09-01T17:12:38.1734040+01:00" endTime="2020-09-01T17:12:38.1773065+01:00" testType="13cdc9d9-ddb5-4fa4-a97d-d965ccfc6d4b" outcome="Passed" testListId="8c84fa94-04c1-424b-9868-57a2d4851a1d" relativeResultsDirectory="73b063ff-8d84-494e-b3a2-b43b982f49de" />
    <UnitTestResult executionId="1b887637-9255-42b7-801b-057d6e6219c6" testId="99f591e7-92cc-d964-68b8-f9ee7c1e1567" testName="ToEnum_Passing_ValidValue_String_Returns_EnumValue" computerName="PC-SFERRARI" duration="00:00:00.0001013" startTime="2020-09-01T17:12:39.1001033+01:00" endTime="2020-09-01T17:12:39.1002852+01:00" testType="13cdc9d9-ddb5-4fa4-a97d-d965ccfc6d4b" outcome="Passed" testListId="8c84fa94-04c1-424b-9868-57a2d4851a1d" relativeResultsDirectory="1b887637-9255-42b7-801b-057d6e6219c6" />
    <UnitTestResult executionId="3e890b3a-30ab-445e-afcf-e7ef1bed4a31" testId="7e1ddf95-9ce7-0ebb-c0f6-6188bd74a6ad" testName="ToEnvironment_ServiceCollection_Passing_Staging_Enviroment_Returns_Staging_Name" computerName="PC-SFERRARI" duration="00:00:00.0003748" startTime="2020-09-01T17:12:37.9832073+01:00" endTime="2020-09-01T17:12:37.9836790+01:00" testType="13cdc9d9-ddb5-4fa4-a97d-d965ccfc6d4b" outcome="Passed" testListId="8c84fa94-04c1-424b-9868-57a2d4851a1d" relativeResultsDirectory="3e890b3a-30ab-445e-afcf-e7ef1bed4a31" />
    <UnitTestResult executionId="bbdead4c-6f94-4a49-9432-d4fc1e2752bd" testId="86fd91be-db2c-5b9a-ddce-dbbd44a65707" testName="ToIsNullOrAnyThrow_Passing_InvalidValue_Returns_ApplicationExceptionWithMessage" computerName="PC-SFERRARI" duration="00:00:00.0019066" startTime="2020-09-01T17:12:37.4673672+01:00" endTime="2020-09-01T17:12:37.4693738+01:00" testType="13cdc9d9-ddb5-4fa4-a97d-d965ccfc6d4b" outcome="Passed" testListId="8c84fa94-04c1-424b-9868-57a2d4851a1d" relativeResultsDirectory="bbdead4c-6f94-4a49-9432-d4fc1e2752bd" />
    <UnitTestResult executionId="af962e25-b4ac-48f3-a72c-18169770766f" testId="269dcfc6-6017-0dd2-3e73-6a351617c33f" testName="ToUserName_Passing_Valid_UserName_ClaimsPrincipal_Returns_String_UserName_Value" computerName="PC-SFERRARI" duration="00:00:00.0006277" startTime="2020-09-01T17:12:37.6976072+01:00" endTime="2020-09-01T17:12:37.6983351+01:00" testType="13cdc9d9-ddb5-4fa4-a97d-d965ccfc6d4b" outcome="Passed" testListId="8c84fa94-04c1-424b-9868-57a2d4851a1d" relativeResultsDirectory="af962e25-b4ac-48f3-a72c-18169770766f" />
    <UnitTestResult executionId="dcea3ab0-b120-4ac0-937d-e43194f471a6" testId="92312cf3-17da-4b8f-f34f-d78b352ab434" testName="ToDefaultValue_Passing_uint_Returns_Cero" computerName="PC-SFERRARI" duration="00:00:00.0002483" startTime="2020-09-01T17:12:38.3170426+01:00" endTime="2020-09-01T17:12:38.3173623+01:00" testType="13cdc9d9-ddb5-4fa4-a97d-d965ccfc6d4b" outcome="Passed" testListId="8c84fa94-04c1-424b-9868-57a2d4851a1d" relativeResultsDirectory="dcea3ab0-b120-4ac0-937d-e43194f471a6" resultType="DataDrivenTest">
      <InnerResults>
        <UnitTestResult executionId="57d2e49a-1873-4f1b-b7af-1303f7ed52b1" parentExecutionId="dcea3ab0-b120-4ac0-937d-e43194f471a6" testId="92312cf3-17da-4b8f-f34f-d78b352ab434" testName="ToDefaultValue_Passing_uint_Returns_Cero (4294967295)" computerName="PC-SFERRARI" duration="00:00:00.0002045" startTime="2020-09-01T17:12:38.3170426+01:00" endTime="2020-09-01T17:12:38.3173623+01:00" testType="13cdc9d9-ddb5-4fa4-a97d-d965ccfc6d4b" outcome="Passed" testListId="8c84fa94-04c1-424b-9868-57a2d4851a1d" relativeResultsDirectory="57d2e49a-1873-4f1b-b7af-1303f7ed52b1" dataRowInfo="1" resultType="DataDrivenDataRow" />
      </InnerResults>
    </UnitTestResult>
    <UnitTestResult executionId="da2dcc7a-f107-4948-b61f-f1a2f15f8006" testId="469546fd-9999-6f48-8f07-6eaa77c54e42" testName="ToStringFormat_Passing_ValidValue_Returns_ValueWithoutRemovedChars" computerName="PC-SFERRARI" duration="00:00:00.0005399" startTime="2020-09-01T17:12:38.8686192+01:00" endTime="2020-09-01T17:12:38.8694439+01:00" testType="13cdc9d9-ddb5-4fa4-a97d-d965ccfc6d4b" outcome="Passed" testListId="8c84fa94-04c1-424b-9868-57a2d4851a1d" relativeResultsDirectory="da2dcc7a-f107-4948-b61f-f1a2f15f8006" resultType="DataDrivenTest">
      <InnerResults>
        <UnitTestResult executionId="18a425f4-4456-401f-8d52-9703381fc339" parentExecutionId="da2dcc7a-f107-4948-b61f-f1a2f15f8006" testId="469546fd-9999-6f48-8f07-6eaa77c54e42" testName="ToStringFormat_Passing_ValidValue_Returns_ValueWithoutRemovedChars (0)" computerName="PC-SFERRARI" duration="00:00:00.0004230" startTime="2020-09-01T17:12:38.8686192+01:00" endTime="2020-09-01T17:12:38.8694439+01:00" testType="13cdc9d9-ddb5-4fa4-a97d-d965ccfc6d4b" outcome="Passed" testListId="8c84fa94-04c1-424b-9868-57a2d4851a1d" relativeResultsDirectory="18a425f4-4456-401f-8d52-9703381fc339" dataRowInfo="1" resultType="DataDrivenDataRow" />
        <UnitTestResult executionId="fe68a66e-2672-4ddd-9813-054f1f5ef42b" parentExecutionId="da2dcc7a-f107-4948-b61f-f1a2f15f8006" testId="469546fd-9999-6f48-8f07-6eaa77c54e42" testName="ToStringFormat_Passing_ValidValue_Returns_ValueWithoutRemovedChars (1)" computerName="PC-SFERRARI" duration="00:00:00.0000046" startTime="2020-09-01T17:12:38.8686192+01:00" endTime="2020-09-01T17:12:38.8694439+01:00" testType="13cdc9d9-ddb5-4fa4-a97d-d965ccfc6d4b" outcome="Passed" testListId="8c84fa94-04c1-424b-9868-57a2d4851a1d" relativeResultsDirectory="fe68a66e-2672-4ddd-9813-054f1f5ef42b" dataRowInfo="2" resultType="DataDrivenDataRow" />
        <UnitTestResult executionId="bca1b52e-18d2-4af1-a4fe-a4ac7169f992" parentExecutionId="da2dcc7a-f107-4948-b61f-f1a2f15f8006" testId="469546fd-9999-6f48-8f07-6eaa77c54e42" testName="ToStringFormat_Passing_ValidValue_Returns_ValueWithoutRemovedChars (-1)" computerName="PC-SFERRARI" duration="00:00:00.0000106" startTime="2020-09-01T17:12:38.8686192+01:00" endTime="2020-09-01T17:12:38.8694439+01:00" testType="13cdc9d9-ddb5-4fa4-a97d-d965ccfc6d4b" outcome="Passed" testListId="8c84fa94-04c1-424b-9868-57a2d4851a1d" relativeResultsDirectory="bca1b52e-18d2-4af1-a4fe-a4ac7169f992" dataRowInfo="3" resultType="DataDrivenDataRow" />
        <UnitTestResult executionId="7af37935-b7df-4e7a-a6d2-12a8bcbb40ab" parentExecutionId="da2dcc7a-f107-4948-b61f-f1a2f15f8006" testId="469546fd-9999-6f48-8f07-6eaa77c54e42" testName="ToStringFormat_Passing_ValidValue_Returns_ValueWithoutRemovedChars (2147483647)" computerName="PC-SFERRARI" duration="00:00:00.0000028" startTime="2020-09-01T17:12:38.8686192+01:00" endTime="2020-09-01T17:12:38.8694439+01:00" testType="13cdc9d9-ddb5-4fa4-a97d-d965ccfc6d4b" outcome="Passed" testListId="8c84fa94-04c1-424b-9868-57a2d4851a1d" relativeResultsDirectory="7af37935-b7df-4e7a-a6d2-12a8bcbb40ab" dataRowInfo="4" resultType="DataDrivenDataRow" />
        <UnitTestResult executionId="cb9a9e0f-8982-4db2-8674-b13bd5b8f96a" parentExecutionId="da2dcc7a-f107-4948-b61f-f1a2f15f8006" testId="469546fd-9999-6f48-8f07-6eaa77c54e42" testName="ToStringFormat_Passing_ValidValue_Returns_ValueWithoutRemovedChars (-2147483648)" computerName="PC-SFERRARI" duration="00:00:00.0000024" startTime="2020-09-01T17:12:38.8686192+01:00" endTime="2020-09-01T17:12:38.8694439+01:00" testType="13cdc9d9-ddb5-4fa4-a97d-d965ccfc6d4b" outcome="Passed" testListId="8c84fa94-04c1-424b-9868-57a2d4851a1d" relativeResultsDirectory="cb9a9e0f-8982-4db2-8674-b13bd5b8f96a" dataRowInfo="5" resultType="DataDrivenDataRow" />
      </InnerResults>
    </UnitTestResult>
    <UnitTestResult executionId="cc9f3dd7-45dd-4814-ba7c-e84b9627071e" testId="b364b6e1-95a1-b398-9d67-82ff351b0e55" testName="ToDefaultValue_Passing_ulong_Returns_Cero" computerName="PC-SFERRARI" duration="00:00:00.0003974" startTime="2020-09-01T17:12:38.3703978+01:00" endTime="2020-09-01T17:12:38.3709616+01:00" testType="13cdc9d9-ddb5-4fa4-a97d-d965ccfc6d4b" outcome="Passed" testListId="8c84fa94-04c1-424b-9868-57a2d4851a1d" relativeResultsDirectory="cc9f3dd7-45dd-4814-ba7c-e84b9627071e" resultType="DataDrivenTest">
      <InnerResults>
        <UnitTestResult executionId="43008421-8f63-46c2-ba37-44346a9c6fd3" parentExecutionId="cc9f3dd7-45dd-4814-ba7c-e84b9627071e" testId="b364b6e1-95a1-b398-9d67-82ff351b0e55" testName="ToDefaultValue_Passing_ulong_Returns_Cero (18446744073709551615)" computerName="PC-SFERRARI" duration="00:00:00.0003287" startTime="2020-09-01T17:12:38.3703978+01:00" endTime="2020-09-01T17:12:38.3709616+01:00" testType="13cdc9d9-ddb5-4fa4-a97d-d965ccfc6d4b" outcome="Passed" testListId="8c84fa94-04c1-424b-9868-57a2d4851a1d" relativeResultsDirectory="43008421-8f63-46c2-ba37-44346a9c6fd3" dataRowInfo="1" resultType="DataDrivenDataRow" />
      </InnerResults>
    </UnitTestResult>
    <UnitTestResult executionId="96c109e9-3210-4f47-aa12-7647cf665bbb" testId="bb0673b5-0302-138b-4a20-28e82cf38ea7" testName="ToService_Passing_Service_Not_Found_Returns_Null" computerName="PC-SFERRARI" duration="00:00:00.0002516" startTime="2020-09-01T17:12:37.3662748+01:00" endTime="2020-09-01T17:12:37.3666054+01:00" testType="13cdc9d9-ddb5-4fa4-a97d-d965ccfc6d4b" outcome="Passed" testListId="8c84fa94-04c1-424b-9868-57a2d4851a1d" relativeResultsDirectory="96c109e9-3210-4f47-aa12-7647cf665bbb" />
    <UnitTestResult executionId="089551c2-ebea-4316-b428-5c975bfe38a9" testId="50be68ce-9309-5804-7670-7e8e044ad78b" testName="ToConfiguration_Passing_Empty_DirectoryPath_Returns_ApplicationException" computerName="PC-SFERRARI" duration="00:00:00.0916243" startTime="2020-09-01T17:12:37.6983601+01:00" endTime="2020-09-01T17:12:37.7933362+01:00" testType="13cdc9d9-ddb5-4fa4-a97d-d965ccfc6d4b" outcome="Passed" testListId="8c84fa94-04c1-424b-9868-57a2d4851a1d" relativeResultsDirectory="089551c2-ebea-4316-b428-5c975bfe38a9" />
  </Results>
  <TestDefinitions>
    <UnitTest name="ToList_Passing_ValidEnumTypeWithResourceType_Returns_ValuesList" storage="d:\sferrari\01 - trabajo\repos\netcore\template-netcore-shared\kitpymes.core.shared.tests\bin\release\netcoreapp3.0\kitpymes.core.shared.tests.dll" id="a5fc11be-830a-b331-0258-88a3d7a01f69">
      <Execution id="5fbbcf69-9c3f-47fe-b210-982032c84ddb" />
      <TestMethod codeBase="D:\SFERRARI\01 - TRABAJO\REPOS\netcore\template-netcore-shared\Kitpymes.Core.Shared.Tests\bin\Release\netcoreapp3.0\Kitpymes.Core.Shared.Tests.dll" adapterTypeName="executor://mstestadapter/v2" className="Kitpymes.Core.Shared.Utilities.Tests.EnumsTests" name="ToList_Passing_ValidEnumTypeWithResourceType_Returns_ValuesList" />
    </UnitTest>
    <UnitTest name="IsSubdomain_Passing_InvalidArguments_Returns_HasErrorsAndCount" storage="d:\sferrari\01 - trabajo\repos\netcore\template-netcore-shared\kitpymes.core.shared.tests\bin\release\netcoreapp3.0\kitpymes.core.shared.tests.dll" id="0d50ac65-fe21-25e2-755d-cf669c4b11b7">
      <Execution id="d9c9feed-6635-419d-b721-a1273612d96e" />
      <TestMethod codeBase="D:\SFERRARI\01 - TRABAJO\REPOS\netcore\template-netcore-shared\Kitpymes.Core.Shared.Tests\bin\Release\netcoreapp3.0\Kitpymes.Core.Shared.Tests.dll" adapterTypeName="executor://mstestadapter/v2" className="Kitpymes.Core.Shared.Utilities.Tests.CheckTests" name="IsSubdomain_Passing_InvalidArguments_Returns_HasErrorsAndCount" />
    </UnitTest>
    <UnitTest name="ToGetAll_Passing_Claims_Returns_Claim_Value_Object_List" storage="d:\sferrari\01 - trabajo\repos\netcore\template-netcore-shared\kitpymes.core.shared.tests\bin\release\netcoreapp3.0\kitpymes.core.shared.tests.dll" id="f01f6290-de81-a8e8-03a0-3dc388640afd">
      <Execution id="03f24028-a362-44d8-ad6d-09199e7f7ad6" />
      <TestMethod codeBase="D:\SFERRARI\01 - TRABAJO\REPOS\netcore\template-netcore-shared\Kitpymes.Core.Shared.Tests\bin\Release\netcoreapp3.0\Kitpymes.Core.Shared.Tests.dll" adapterTypeName="executor://mstestadapter/v2" className="Kitpymes.Core.Shared.Extensions.Tests.ClaimsPrincipalExtensionsTests" name="ToGetAll_Passing_Claims_Returns_Claim_Value_Object_List" />
    </UnitTest>
    <UnitTest name="ToEnum_Passing_ValidValue_String_Returns_EnumValue" storage="d:\sferrari\01 - trabajo\repos\netcore\template-netcore-shared\kitpymes.core.shared.tests\bin\release\netcoreapp3.0\kitpymes.core.shared.tests.dll" id="99f591e7-92cc-d964-68b8-f9ee7c1e1567">
      <Execution id="1b887637-9255-42b7-801b-057d6e6219c6" />
      <TestMethod codeBase="D:\SFERRARI\01 - TRABAJO\REPOS\netcore\template-netcore-shared\Kitpymes.Core.Shared.Tests\bin\Release\netcoreapp3.0\Kitpymes.Core.Shared.Tests.dll" adapterTypeName="executor://mstestadapter/v2" className="Kitpymes.Core.Shared.Extensions.Tests.StringExtensionsTests" name="ToEnum_Passing_ValidValue_String_Returns_EnumValue" />
    </UnitTest>
    <UnitTest name="ToDefaultValue_Passing_ValidString_Returns_DefaultValue" storage="d:\sferrari\01 - trabajo\repos\netcore\template-netcore-shared\kitpymes.core.shared.tests\bin\release\netcoreapp3.0\kitpymes.core.shared.tests.dll" id="ef938d1e-37d5-ccaf-d580-7454d807ec1e">
      <Execution id="044b6700-6123-4d0d-ae23-ee5d044dc1e3" />
      <TestMethod codeBase="D:\SFERRARI\01 - TRABAJO\REPOS\netcore\template-netcore-shared\Kitpymes.Core.Shared.Tests\bin\Release\netcoreapp3.0\Kitpymes.Core.Shared.Tests.dll" adapterTypeName="executor://mstestadapter/v2" className="Kitpymes.Core.Shared.Extensions.Tests.TypeExtensionsTests" name="ToDefaultValue_Passing_ValidString_Returns_DefaultValue" />
    </UnitTest>
    <UnitTest name="ToExists_Passing_Service_Not_Found_Returns_False" storage="d:\sferrari\01 - trabajo\repos\netcore\template-netcore-shared\kitpymes.core.shared.tests\bin\release\netcoreapp3.0\kitpymes.core.shared.tests.dll" id="6a3215c0-a3d0-3567-141f-99b4d6b44c7b">
      <Execution id="a7ceafd6-ba4c-40d4-a816-8025ed682ca1" />
      <TestMethod codeBase="D:\SFERRARI\01 - TRABAJO\REPOS\netcore\template-netcore-shared\Kitpymes.Core.Shared.Tests\bin\Release\netcoreapp3.0\Kitpymes.Core.Shared.Tests.dll" adapterTypeName="executor://mstestadapter/v2" className="Kitpymes.Core.Shared.Extensions.Tests.ApplicationBuilderExtensionsTests" name="ToExists_Passing_Service_Not_Found_Returns_False" />
    </UnitTest>
    <UnitTest name="ToIsFileExtensionThrow_Passing_InvalidValue_Returns_ApplicationExceptionWithMessage" storage="d:\sferrari\01 - trabajo\repos\netcore\template-netcore-shared\kitpymes.core.shared.tests\bin\release\netcoreapp3.0\kitpymes.core.shared.tests.dll" id="f95774c2-c6e8-8303-22f0-76ce5690e20c">
      <Execution id="92a7985a-f425-48f5-bd95-71681fbb9b6b" />
      <TestMethod codeBase="D:\SFERRARI\01 - TRABAJO\REPOS\netcore\template-netcore-shared\Kitpymes.Core.Shared.Tests\bin\Release\netcoreapp3.0\Kitpymes.Core.Shared.Tests.dll" adapterTypeName="executor://mstestadapter/v2" className="Kitpymes.Core.Shared.Extensions.Tests.CheckExtensionsTests" name="ToIsFileExtensionThrow_Passing_InvalidValue_Returns_ApplicationExceptionWithMessage" />
    </UnitTest>
    <UnitTest name="ToEnum_Passing_InvalidValueInt_Returns_EnumCustomValue" storage="d:\sferrari\01 - trabajo\repos\netcore\template-netcore-shared\kitpymes.core.shared.tests\bin\release\netcoreapp3.0\kitpymes.core.shared.tests.dll" id="4a38c3cf-0cae-05a0-9e46-68686a986425">
      <Execution id="3dc3f245-3588-44ad-a094-d6c5c497a21c" />
      <TestMethod codeBase="D:\SFERRARI\01 - TRABAJO\REPOS\netcore\template-netcore-shared\Kitpymes.Core.Shared.Tests\bin\Release\netcoreapp3.0\Kitpymes.Core.Shared.Tests.dll" adapterTypeName="executor://mstestadapter/v2" className="Kitpymes.Core.Shared.Extensions.Tests.StringExtensionsTests" name="ToEnum_Passing_InvalidValueInt_Returns_EnumCustomValue" />
    </UnitTest>
    <UnitTest name="ToPaged_Passing_Name_Descending_Order_Returns_Filter_List" storage="d:\sferrari\01 - trabajo\repos\netcore\template-netcore-shared\kitpymes.core.shared.tests\bin\release\netcoreapp3.0\kitpymes.core.shared.tests.dll" id="44434c12-1418-e87f-c461-58aef56a1acf">
      <Execution id="23de1328-d08d-43d0-bc92-aaa583e170a2" />
      <TestMethod codeBase="D:\SFERRARI\01 - TRABAJO\REPOS\netcore\template-netcore-shared\Kitpymes.Core.Shared.Tests\bin\Release\netcoreapp3.0\Kitpymes.Core.Shared.Tests.dll" adapterTypeName="executor://mstestadapter/v2" className="Kitpymes.Core.Shared.Extensions.Tests.QueryableExtensionsTests" name="ToPaged_Passing_Name_Descending_Order_Returns_Filter_List" />
    </UnitTest>
    <UnitTest name="ToIPv6_Passing_HttpContext_IP_Value_Returns_IP" storage="d:\sferrari\01 - trabajo\repos\netcore\template-netcore-shared\kitpymes.core.shared.tests\bin\release\netcoreapp3.0\kitpymes.core.shared.tests.dll" id="2d241e2f-55e8-e31f-9820-142e3d5becdf">
      <Execution id="df94dd0a-8c78-4c61-b58b-52348c0e4dfe" />
      <TestMethod codeBase="D:\SFERRARI\01 - TRABAJO\REPOS\netcore\template-netcore-shared\Kitpymes.Core.Shared.Tests\bin\Release\netcoreapp3.0\Kitpymes.Core.Shared.Tests.dll" adapterTypeName="executor://mstestadapter/v2" className="Kitpymes.Core.Shared.Extensions.Tests.HttpContextExtensionsTests" name="ToIPv6_Passing_HttpContext_IP_Value_Returns_IP" />
    </UnitTest>
    <UnitTest name="ToFirstLetterUpper_Passing_ValidValue_Returns_StringWithFirstLetterUpper" storage="d:\sferrari\01 - trabajo\repos\netcore\template-netcore-shared\kitpymes.core.shared.tests\bin\release\netcoreapp3.0\kitpymes.core.shared.tests.dll" id="b909c08c-eb87-b106-dd22-e1f2f16755b3">
      <Execution id="6ce88b6d-3f61-4529-81fc-34e287302698" />
      <TestMethod codeBase="D:\SFERRARI\01 - TRABAJO\REPOS\netcore\template-netcore-shared\Kitpymes.Core.Shared.Tests\bin\Release\netcoreapp3.0\Kitpymes.Core.Shared.Tests.dll" adapterTypeName="executor://mstestadapter/v2" className="Kitpymes.Core.Shared.Extensions.Tests.StringExtensionsTests" name="ToFirstLetterUpper_Passing_ValidValue_Returns_StringWithFirstLetterUpper" />
    </UnitTest>
    <UnitTest name="ToCompress_Passing_Value_Bytes_Returns_Value_Bytes" storage="d:\sferrari\01 - trabajo\repos\netcore\template-netcore-shared\kitpymes.core.shared.tests\bin\release\netcoreapp3.0\kitpymes.core.shared.tests.dll" id="8753b945-3021-c959-7cc0-4647f9a71041">
      <Execution id="3522ca4e-646a-4d44-950a-2bb41ed083b1" />
      <TestMethod codeBase="D:\SFERRARI\01 - TRABAJO\REPOS\netcore\template-netcore-shared\Kitpymes.Core.Shared.Tests\bin\Release\netcoreapp3.0\Kitpymes.Core.Shared.Tests.dll" adapterTypeName="executor://mstestadapter/v2" className="Kitpymes.Core.Shared.Extensions.Tests.BytesExtensionsTests" name="ToCompress_Passing_Value_Bytes_Returns_Value_Bytes" />
    </UnitTest>
    <UnitTest name="ToDefaultValue_Passing_double_Returns_Cero" storage="d:\sferrari\01 - trabajo\repos\netcore\template-netcore-shared\kitpymes.core.shared.tests\bin\release\netcoreapp3.0\kitpymes.core.shared.tests.dll" id="7be74c7c-15d5-4d25-d1df-86e5d5a625b7">
      <Execution id="21991d9f-674a-4711-91b3-883759b59acc" />
      <TestMethod codeBase="D:\SFERRARI\01 - TRABAJO\REPOS\netcore\template-netcore-shared\Kitpymes.Core.Shared.Tests\bin\Release\netcoreapp3.0\Kitpymes.Core.Shared.Tests.dll" adapterTypeName="executor://mstestadapter/v2" className="Kitpymes.Core.Shared.Extensions.Tests.GenericExtensionsTests" name="ToDefaultValue_Passing_double_Returns_Cero" />
    </UnitTest>
    <UnitTest name="ToIsAuthenticated_Passing_Claims_Returns_True" storage="d:\sferrari\01 - trabajo\repos\netcore\template-netcore-shared\kitpymes.core.shared.tests\bin\release\netcoreapp3.0\kitpymes.core.shared.tests.dll" id="8041f467-4985-86e2-e530-ff004545ed9e">
      <Execution id="c83f9439-4c00-4e7e-9fe1-85e08a5d9831" />
      <TestMethod codeBase="D:\SFERRARI\01 - TRABAJO\REPOS\netcore\template-netcore-shared\Kitpymes.Core.Shared.Tests\bin\Release\netcoreapp3.0\Kitpymes.Core.Shared.Tests.dll" adapterTypeName="executor://mstestadapter/v2" className="Kitpymes.Core.Shared.Extensions.Tests.ClaimsPrincipalExtensionsTests" name="ToIsAuthenticated_Passing_Claims_Returns_True" />
    </UnitTest>
    <UnitTest name="ToEnvironment_ServiceCollection_Passing_Staging_Enviroment_Returns_Staging_Name" storage="d:\sferrari\01 - trabajo\repos\netcore\template-netcore-shared\kitpymes.core.shared.tests\bin\release\netcoreapp3.0\kitpymes.core.shared.tests.dll" id="7e1ddf95-9ce7-0ebb-c0f6-6188bd74a6ad">
      <Execution id="3e890b3a-30ab-445e-afcf-e7ef1bed4a31" />
      <TestMethod codeBase="D:\SFERRARI\01 - TRABAJO\REPOS\netcore\template-netcore-shared\Kitpymes.Core.Shared.Tests\bin\Release\netcoreapp3.0\Kitpymes.Core.Shared.Tests.dll" adapterTypeName="executor://mstestadapter/v2" className="Kitpymes.Core.Shared.Extensions.Tests.ConfigurationBuilderExtensionsTests" name="ToEnvironment_ServiceCollection_Passing_Staging_Enviroment_Returns_Staging_Name" />
    </UnitTest>
    <UnitTest name="ToTryIPv6_Passing_HttpContext_IP_Value_Returns_IP" storage="d:\sferrari\01 - trabajo\repos\netcore\template-netcore-shared\kitpymes.core.shared.tests\bin\release\netcoreapp3.0\kitpymes.core.shared.tests.dll" id="f78feac2-4f99-e8a9-7ee3-7d94b24ea471">
      <Execution id="4f282dbc-4ace-45ab-b8bf-afc363be4066" />
      <TestMethod codeBase="D:\SFERRARI\01 - TRABAJO\REPOS\netcore\template-netcore-shared\Kitpymes.Core.Shared.Tests\bin\Release\netcoreapp3.0\Kitpymes.Core.Shared.Tests.dll" adapterTypeName="executor://mstestadapter/v2" className="Kitpymes.Core.Shared.Extensions.Tests.HttpContextExtensionsTests" name="ToTryIPv6_Passing_HttpContext_IP_Value_Returns_IP" />
    </UnitTest>
    <UnitTest name="ToEnum_Passing_InvalidValueString_Returns_EnumDefaultValue" storage="d:\sferrari\01 - trabajo\repos\netcore\template-netcore-shared\kitpymes.core.shared.tests\bin\release\netcoreapp3.0\kitpymes.core.shared.tests.dll" id="33811680-09f9-e531-f020-f06f0bd4e10d">
      <Execution id="18a2c4d1-febc-4a05-9742-b7efb8415c7b" />
      <TestMethod codeBase="D:\SFERRARI\01 - TRABAJO\REPOS\netcore\template-netcore-shared\Kitpymes.Core.Shared.Tests\bin\Release\netcoreapp3.0\Kitpymes.Core.Shared.Tests.dll" adapterTypeName="executor://mstestadapter/v2" className="Kitpymes.Core.Shared.Extensions.Tests.StringExtensionsTests" name="ToEnum_Passing_InvalidValueString_Returns_EnumDefaultValue" />
    </UnitTest>
    <UnitTest name="ToIsWeekend_Passing_Sunday_DateTime_Returns_True" storage="d:\sferrari\01 - trabajo\repos\netcore\template-netcore-shared\kitpymes.core.shared.tests\bin\release\netcoreapp3.0\kitpymes.core.shared.tests.dll" id="64acda9a-8a2e-d920-11bc-cbd6d2a0d1a1">
      <Execution id="97cca145-d78e-4baf-98fd-c23c93bb011b" />
      <TestMethod codeBase="D:\SFERRARI\01 - TRABAJO\REPOS\netcore\template-netcore-shared\Kitpymes.Core.Shared.Tests\bin\Release\netcoreapp3.0\Kitpymes.Core.Shared.Tests.dll" adapterTypeName="executor://mstestadapter/v2" className="Kitpymes.Core.Shared.Extensions.Tests.DateTimeExtensionsTests" name="ToIsWeekend_Passing_Sunday_DateTime_Returns_True" />
    </UnitTest>
    <UnitTest name="ToDictionaryPropertyInfo_Passing_Object_Not_IncludeNullOrEmptyProperty_Returns_Properties_NameAndValue_Dictionary" storage="d:\sferrari\01 - trabajo\repos\netcore\template-netcore-shared\kitpymes.core.shared.tests\bin\release\netcoreapp3.0\kitpymes.core.shared.tests.dll" id="5affd6a5-020f-febd-97ee-87fff4d513ff">
      <Execution id="1a0444e2-3ac8-4d64-b947-4cb3b2f65b06" />
      <TestMethod codeBase="D:\SFERRARI\01 - TRABAJO\REPOS\netcore\template-netcore-shared\Kitpymes.Core.Shared.Tests\bin\Release\netcoreapp3.0\Kitpymes.Core.Shared.Tests.dll" adapterTypeName="executor://mstestadapter/v2" className="Kitpymes.Core.Shared.Extensions.Tests.GenericExtensionsTests" name="ToDictionaryPropertyInfo_Passing_Object_Not_IncludeNullOrEmptyProperty_Returns_Properties_NameAndValue_Dictionary" />
    </UnitTest>
    <UnitTest name="IsDirectory_Passing_InvalidArguments_Returns_HasErrorsAndCount" storage="d:\sferrari\01 - trabajo\repos\netcore\template-netcore-shared\kitpymes.core.shared.tests\bin\release\netcoreapp3.0\kitpymes.core.shared.tests.dll" id="6a38239d-855c-a5eb-59db-53dcbc789347">
      <Execution id="27afa693-1647-4817-bc56-5720b1f6c4c6" />
      <TestMethod codeBase="D:\SFERRARI\01 - TRABAJO\REPOS\netcore\template-netcore-shared\Kitpymes.Core.Shared.Tests\bin\Release\netcoreapp3.0\Kitpymes.Core.Shared.Tests.dll" adapterTypeName="executor://mstestadapter/v2" className="Kitpymes.Core.Shared.Utilities.Tests.CheckTests" name="IsDirectory_Passing_InvalidArguments_Returns_HasErrorsAndCount" />
    </UnitTest>
    <UnitTest name="CreateAndVerifySHA512_Passing_Valid_Arguments_Returns_True" storage="d:\sferrari\01 - trabajo\repos\netcore\template-netcore-shared\kitpymes.core.shared.tests\bin\release\netcoreapp3.0\kitpymes.core.shared.tests.dll" id="141ac01c-053a-7013-209a-8893b345c18f">
      <Execution id="65cad3d7-686e-427f-894a-f479ddc4323e" />
      <TestMethod codeBase="D:\SFERRARI\01 - TRABAJO\REPOS\netcore\template-netcore-shared\Kitpymes.Core.Shared.Tests\bin\Release\netcoreapp3.0\Kitpymes.Core.Shared.Tests.dll" adapterTypeName="executor://mstestadapter/v2" className="Kitpymes.Core.Shared.Utilities.Tests.HashTests" name="CreateAndVerifySHA512_Passing_Valid_Arguments_Returns_True" />
    </UnitTest>
    <UnitTest name="ToIsWeekend_Passing_Friday_DateTime_Returns_False" storage="d:\sferrari\01 - trabajo\repos\netcore\template-netcore-shared\kitpymes.core.shared.tests\bin\release\netcoreapp3.0\kitpymes.core.shared.tests.dll" id="a3844f97-b72a-2fb2-6c61-6f430a6058b8">
      <Execution id="5c23da48-a554-42f2-86c4-a3d91a222313" />
      <TestMethod codeBase="D:\SFERRARI\01 - TRABAJO\REPOS\netcore\template-netcore-shared\Kitpymes.Core.Shared.Tests\bin\Release\netcoreapp3.0\Kitpymes.Core.Shared.Tests.dll" adapterTypeName="executor://mstestadapter/v2" className="Kitpymes.Core.Shared.Extensions.Tests.DateTimeExtensionsTests" name="ToIsWeekend_Passing_Friday_DateTime_Returns_False" />
    </UnitTest>
    <UnitTest name="ToService_Passing_Service_Not_Found_Returns_ApplicationException" storage="d:\sferrari\01 - trabajo\repos\netcore\template-netcore-shared\kitpymes.core.shared.tests\bin\release\netcoreapp3.0\kitpymes.core.shared.tests.dll" id="5f6c6d5e-b117-02f2-917e-cc0a0bc5fd84">
      <Execution id="05d99dc8-d3c2-4f17-a95c-5568671a5c46" />
      <TestMethod codeBase="D:\SFERRARI\01 - TRABAJO\REPOS\netcore\template-netcore-shared\Kitpymes.Core.Shared.Tests\bin\Release\netcoreapp3.0\Kitpymes.Core.Shared.Tests.dll" adapterTypeName="executor://mstestadapter/v2" className="Kitpymes.Core.Shared.Extensions.Tests.ApplicationBuilderExtensionsTests" name="ToService_Passing_Service_Not_Found_Returns_ApplicationException" />
    </UnitTest>
    <UnitTest name="ToAttribute_Passing_Enumeration_Name_Returns_Atributte" storage="d:\sferrari\01 - trabajo\repos\netcore\template-netcore-shared\kitpymes.core.shared.tests\bin\release\netcoreapp3.0\kitpymes.core.shared.tests.dll" id="f09ee564-ba6b-846c-7215-1776329b0ea4">
      <Execution id="17f90cc5-e192-401f-82a3-835367eda480" />
      <TestMethod codeBase="D:\SFERRARI\01 - TRABAJO\REPOS\netcore\template-netcore-shared\Kitpymes.Core.Shared.Tests\bin\Release\netcoreapp3.0\Kitpymes.Core.Shared.Tests.dll" adapterTypeName="executor://mstestadapter/v2" className="Kitpymes.Core.Shared.Extensions.Tests.EnumExtensionsTests" name="ToAttribute_Passing_Enumeration_Name_Returns_Atributte" />
    </UnitTest>
    <UnitTest name="ToInt_Passing_Enumeration_Name_Returns_Value" storage="d:\sferrari\01 - trabajo\repos\netcore\template-netcore-shared\kitpymes.core.shared.tests\bin\release\netcoreapp3.0\kitpymes.core.shared.tests.dll" id="8cf4f88c-3bb5-22e4-8890-4c5abd50c175">
      <Execution id="be3e510c-8d62-4421-8dfd-2d2f14237b1b" />
      <TestMethod codeBase="D:\SFERRARI\01 - TRABAJO\REPOS\netcore\template-netcore-shared\Kitpymes.Core.Shared.Tests\bin\Release\netcoreapp3.0\Kitpymes.Core.Shared.Tests.dll" adapterTypeName="executor://mstestadapter/v2" className="Kitpymes.Core.Shared.Extensions.Tests.EnumExtensionsTests" name="ToInt_Passing_Enumeration_Name_Returns_Value" />
    </UnitTest>
    <UnitTest name="ToHashAlgorithmName_Passing_InvalidValueString_Returns_Null" storage="d:\sferrari\01 - trabajo\repos\netcore\template-netcore-shared\kitpymes.core.shared.tests\bin\release\netcoreapp3.0\kitpymes.core.shared.tests.dll" id="3389c38d-b655-9e80-9e11-d73eb899bc2f">
      <Execution id="4b97f321-d086-4ee3-9931-76163ac8b426" />
      <TestMethod codeBase="D:\SFERRARI\01 - TRABAJO\REPOS\netcore\template-netcore-shared\Kitpymes.Core.Shared.Tests\bin\Release\netcoreapp3.0\Kitpymes.Core.Shared.Tests.dll" adapterTypeName="executor://mstestadapter/v2" className="Kitpymes.Core.Shared.Extensions.Tests.StringExtensionsTests" name="ToHashAlgorithmName_Passing_InvalidValueString_Returns_Null" />
    </UnitTest>
    <UnitTest name="ToDefaultValue_Passing_ValidGuid_Returns_DefaultValue" storage="d:\sferrari\01 - trabajo\repos\netcore\template-netcore-shared\kitpymes.core.shared.tests\bin\release\netcoreapp3.0\kitpymes.core.shared.tests.dll" id="e3ed184b-300f-cd12-85b3-8a7ebedc73d8">
      <Execution id="fe8b376d-0bad-4b02-9caa-83c8fef47421" />
      <TestMethod codeBase="D:\SFERRARI\01 - TRABAJO\REPOS\netcore\template-netcore-shared\Kitpymes.Core.Shared.Tests\bin\Release\netcoreapp3.0\Kitpymes.Core.Shared.Tests.dll" adapterTypeName="executor://mstestadapter/v2" className="Kitpymes.Core.Shared.Extensions.Tests.TypeExtensionsTests" name="ToDefaultValue_Passing_ValidGuid_Returns_DefaultValue" />
    </UnitTest>
    <UnitTest name="ToUri_Passing_InvalidValueString_Returns_Null" storage="d:\sferrari\01 - trabajo\repos\netcore\template-netcore-shared\kitpymes.core.shared.tests\bin\release\netcoreapp3.0\kitpymes.core.shared.tests.dll" id="d3667b30-e61c-9dbb-f1a9-264e82d98be5">
      <Execution id="16d6ae1b-cdc4-4cf3-84e9-9bf939e66b28" />
      <TestMethod codeBase="D:\SFERRARI\01 - TRABAJO\REPOS\netcore\template-netcore-shared\Kitpymes.Core.Shared.Tests\bin\Release\netcoreapp3.0\Kitpymes.Core.Shared.Tests.dll" adapterTypeName="executor://mstestadapter/v2" className="Kitpymes.Core.Shared.Extensions.Tests.StringExtensionsTests" name="ToUri_Passing_InvalidValueString_Returns_Null" />
    </UnitTest>
    <UnitTest name="ToUserName_Passing_Invalid_ClaimsPrincipal_Returns_Null" storage="d:\sferrari\01 - trabajo\repos\netcore\template-netcore-shared\kitpymes.core.shared.tests\bin\release\netcoreapp3.0\kitpymes.core.shared.tests.dll" id="09722d0d-50eb-c66c-46d9-dfe1db4400ef">
      <Execution id="2587c299-9cc7-42b8-a9e3-2c349a6aa7c5" />
      <TestMethod codeBase="D:\SFERRARI\01 - TRABAJO\REPOS\netcore\template-netcore-shared\Kitpymes.Core.Shared.Tests\bin\Release\netcoreapp3.0\Kitpymes.Core.Shared.Tests.dll" adapterTypeName="executor://mstestadapter/v2" className="Kitpymes.Core.Shared.Extensions.Tests.ClaimsPrincipalExtensionsTests" name="ToUserName_Passing_Invalid_ClaimsPrincipal_Returns_Null" />
    </UnitTest>
    <UnitTest name="ToWhere_Passing_Valid_Predicate_Returns_Filter_List" storage="d:\sferrari\01 - trabajo\repos\netcore\template-netcore-shared\kitpymes.core.shared.tests\bin\release\netcoreapp3.0\kitpymes.core.shared.tests.dll" id="cc5867c1-3959-a3e7-d05d-9d901dd30f40">
      <Execution id="ec626997-732f-4aa1-9bed-1af6b6a097e6" />
      <TestMethod codeBase="D:\SFERRARI\01 - TRABAJO\REPOS\netcore\template-netcore-shared\Kitpymes.Core.Shared.Tests\bin\Release\netcoreapp3.0\Kitpymes.Core.Shared.Tests.dll" adapterTypeName="executor://mstestadapter/v2" className="Kitpymes.Core.Shared.Extensions.Tests.QueryableExtensionsTests" name="ToWhere_Passing_Valid_Predicate_Returns_Filter_List" />
    </UnitTest>
    <UnitTest name="ToList_Passing_ValidEnumTypeWithSelectedValue_Returns_ValuesList" storage="d:\sferrari\01 - trabajo\repos\netcore\template-netcore-shared\kitpymes.core.shared.tests\bin\release\netcoreapp3.0\kitpymes.core.shared.tests.dll" id="c7c0b8c0-af82-c2af-9366-cca72ceef0f8">
      <Execution id="823e78c6-6743-4081-bf16-8deb68fcbdb6" />
      <TestMethod codeBase="D:\SFERRARI\01 - TRABAJO\REPOS\netcore\template-netcore-shared\Kitpymes.Core.Shared.Tests\bin\Release\netcoreapp3.0\Kitpymes.Core.Shared.Tests.dll" adapterTypeName="executor://mstestadapter/v2" className="Kitpymes.Core.Shared.Utilities.Tests.EnumsTests" name="ToList_Passing_ValidEnumTypeWithSelectedValue_Returns_ValuesList" />
    </UnitTest>
    <UnitTest name="ToSetTime_Passing_Time_Int_Returns_DateTime" storage="d:\sferrari\01 - trabajo\repos\netcore\template-netcore-shared\kitpymes.core.shared.tests\bin\release\netcoreapp3.0\kitpymes.core.shared.tests.dll" id="bb0e34b2-8f1e-f1b3-c8b8-34849b6a2f1a">
      <Execution id="32d86cef-19e2-476b-b9ad-7234b9217ef4" />
      <TestMethod codeBase="D:\SFERRARI\01 - TRABAJO\REPOS\netcore\template-netcore-shared\Kitpymes.Core.Shared.Tests\bin\Release\netcoreapp3.0\Kitpymes.Core.Shared.Tests.dll" adapterTypeName="executor://mstestadapter/v2" className="Kitpymes.Core.Shared.Extensions.Tests.DateTimeExtensionsTests" name="ToSetTime_Passing_Time_Int_Returns_DateTime" />
    </UnitTest>
    <UnitTest name="ToEnvironment_Passing_Service_Not_Found_Returns_ApplicationException" storage="d:\sferrari\01 - trabajo\repos\netcore\template-netcore-shared\kitpymes.core.shared.tests\bin\release\netcoreapp3.0\kitpymes.core.shared.tests.dll" id="d295464f-a17a-f539-e79a-d6f523fcf49e">
      <Execution id="fe0f12ab-1077-4827-935f-b0772614dd5d" />
      <TestMethod codeBase="D:\SFERRARI\01 - TRABAJO\REPOS\netcore\template-netcore-shared\Kitpymes.Core.Shared.Tests\bin\Release\netcoreapp3.0\Kitpymes.Core.Shared.Tests.dll" adapterTypeName="executor://mstestadapter/v2" className="Kitpymes.Core.Shared.Extensions.Tests.ApplicationBuilderExtensionsTests" name="ToEnvironment_Passing_Service_Not_Found_Returns_ApplicationException" />
    </UnitTest>
    <UnitTest name="ToMapNew_Passing_TSource_And_TDestination_Returns_New_TDestination_Object" storage="d:\sferrari\01 - trabajo\repos\netcore\template-netcore-shared\kitpymes.core.shared.tests\bin\release\netcoreapp3.0\kitpymes.core.shared.tests.dll" id="e6daf527-d4db-583b-7465-40f27603311a">
      <Execution id="895df473-3a2b-4b9d-9322-23ac8e16f154" />
      <TestMethod codeBase="D:\SFERRARI\01 - TRABAJO\REPOS\netcore\template-netcore-shared\Kitpymes.Core.Shared.Tests\bin\Release\netcoreapp3.0\Kitpymes.Core.Shared.Tests.dll" adapterTypeName="executor://mstestadapter/v2" className="Kitpymes.Core.Shared.Extensions.Tests.AgileMapperExtensionsTests" name="ToMapNew_Passing_TSource_And_TDestination_Returns_New_TDestination_Object" />
    </UnitTest>
    <UnitTest name="ToConfigureOrDefault_Passing_DefaultValues_And_ActionCustomValues_Returns_DefaultValues_And_CustomValues" storage="d:\sferrari\01 - trabajo\repos\netcore\template-netcore-shared\kitpymes.core.shared.tests\bin\release\netcoreapp3.0\kitpymes.core.shared.tests.dll" id="43808ac4-1e31-8564-6757-f02eaaca4929">
      <Execution id="f8903940-0421-4517-a2d3-96809b7f7907" />
      <TestMethod codeBase="D:\SFERRARI\01 - TRABAJO\REPOS\netcore\template-netcore-shared\Kitpymes.Core.Shared.Tests\bin\Release\netcoreapp3.0\Kitpymes.Core.Shared.Tests.dll" adapterTypeName="executor://mstestadapter/v2" className="Kitpymes.Core.Shared.Extensions.Tests.ActionExtensionsTests" name="ToConfigureOrDefault_Passing_DefaultValues_And_ActionCustomValues_Returns_DefaultValues_And_CustomValues" />
    </UnitTest>
    <UnitTest name="ToCount_Passing_ValidEnumType_Returns_Count" storage="d:\sferrari\01 - trabajo\repos\netcore\template-netcore-shared\kitpymes.core.shared.tests\bin\release\netcoreapp3.0\kitpymes.core.shared.tests.dll" id="2ad70f05-a281-0b8f-6682-75bcc3076f19">
      <Execution id="8b6a5d5d-2c83-4a16-a9f7-d65c4b1e5f27" />
      <TestMethod codeBase="D:\SFERRARI\01 - TRABAJO\REPOS\netcore\template-netcore-shared\Kitpymes.Core.Shared.Tests\bin\Release\netcoreapp3.0\Kitpymes.Core.Shared.Tests.dll" adapterTypeName="executor://mstestadapter/v2" className="Kitpymes.Core.Shared.Utilities.Tests.EnumsTests" name="ToCount_Passing_ValidEnumType_Returns_Count" />
    </UnitTest>
    <UnitTest name="ToSerialize_Passing_Objects_Returns_String_Values" storage="d:\sferrari\01 - trabajo\repos\netcore\template-netcore-shared\kitpymes.core.shared.tests\bin\release\netcoreapp3.0\kitpymes.core.shared.tests.dll" id="fa1415b0-01fe-4c29-f648-98ef295dec1f">
      <Execution id="801b8bb7-fab9-4fde-ba2d-560fea233b80" />
      <TestMethod codeBase="D:\SFERRARI\01 - TRABAJO\REPOS\netcore\template-netcore-shared\Kitpymes.Core.Shared.Tests\bin\Release\netcoreapp3.0\Kitpymes.Core.Shared.Tests.dll" adapterTypeName="executor://mstestadapter/v2" className="Kitpymes.Core.Shared.Extensions.Tests.JsonExtensionsTests" name="ToSerialize_Passing_Objects_Returns_String_Values" />
    </UnitTest>
    <UnitTest name="ToInt_Passing_Enumeration_Name_Returns_Description_Atributte" storage="d:\sferrari\01 - trabajo\repos\netcore\template-netcore-shared\kitpymes.core.shared.tests\bin\release\netcoreapp3.0\kitpymes.core.shared.tests.dll" id="096e7216-9196-b38d-e84a-d9b01f2eb4c5">
      <Execution id="ea63f008-7f15-4b16-abc5-f97da9bcc8d1" />
      <TestMethod codeBase="D:\SFERRARI\01 - TRABAJO\REPOS\netcore\template-netcore-shared\Kitpymes.Core.Shared.Tests\bin\Release\netcoreapp3.0\Kitpymes.Core.Shared.Tests.dll" adapterTypeName="executor://mstestadapter/v2" className="Kitpymes.Core.Shared.Extensions.Tests.EnumExtensionsTests" name="ToInt_Passing_Enumeration_Name_Returns_Description_Atributte" />
    </UnitTest>
    <UnitTest name="ToList_Passing_ValidEnumTypeWithSelectedValueWithResourceType_Returns_ValuesList" storage="d:\sferrari\01 - trabajo\repos\netcore\template-netcore-shared\kitpymes.core.shared.tests\bin\release\netcoreapp3.0\kitpymes.core.shared.tests.dll" id="0e0fac8d-b2fe-0646-de77-c7bb31221ebd">
      <Execution id="0cd5d127-eff3-467b-9817-d32b8e1ea6c8" />
      <TestMethod codeBase="D:\SFERRARI\01 - TRABAJO\REPOS\netcore\template-netcore-shared\Kitpymes.Core.Shared.Tests\bin\Release\netcoreapp3.0\Kitpymes.Core.Shared.Tests.dll" adapterTypeName="executor://mstestadapter/v2" className="Kitpymes.Core.Shared.Utilities.Tests.EnumsTests" name="ToList_Passing_ValidEnumTypeWithSelectedValueWithResourceType_Returns_ValuesList" />
    </UnitTest>
    <UnitTest name="ToIsEmailThrow_Passing_InvalidValue_Returns_ApplicationExceptionWithMessage" storage="d:\sferrari\01 - trabajo\repos\netcore\template-netcore-shared\kitpymes.core.shared.tests\bin\release\netcoreapp3.0\kitpymes.core.shared.tests.dll" id="e29c6ee3-d46d-461f-3a52-1555a4bbe037">
      <Execution id="9291a0d5-1596-4590-930f-31c8e6e3b043" />
      <TestMethod codeBase="D:\SFERRARI\01 - TRABAJO\REPOS\netcore\template-netcore-shared\Kitpymes.Core.Shared.Tests\bin\Release\netcoreapp3.0\Kitpymes.Core.Shared.Tests.dll" adapterTypeName="executor://mstestadapter/v2" className="Kitpymes.Core.Shared.Extensions.Tests.CheckExtensionsTests" name="ToIsEmailThrow_Passing_InvalidValue_Returns_ApplicationExceptionWithMessage" />
    </UnitTest>
    <UnitTest name="ToIsNameThrow_Passing_InvalidValue_Returns_ApplicationExceptionWithMessage" storage="d:\sferrari\01 - trabajo\repos\netcore\template-netcore-shared\kitpymes.core.shared.tests\bin\release\netcoreapp3.0\kitpymes.core.shared.tests.dll" id="ea5a518c-fa8e-c8f1-0a76-3fa15e99e78a">
      <Execution id="cedaa546-21e7-41ff-ad5e-232cc198a9d0" />
      <TestMethod codeBase="D:\SFERRARI\01 - TRABAJO\REPOS\netcore\template-netcore-shared\Kitpymes.Core.Shared.Tests\bin\Release\netcoreapp3.0\Kitpymes.Core.Shared.Tests.dll" adapterTypeName="executor://mstestadapter/v2" className="Kitpymes.Core.Shared.Extensions.Tests.CheckExtensionsTests" name="ToIsNameThrow_Passing_InvalidValue_Returns_ApplicationExceptionWithMessage" />
    </UnitTest>
    <UnitTest name="ToIsDirectoryThrow_Passing_InvalidValue_Returns_ApplicationExceptionWithMessage" storage="d:\sferrari\01 - trabajo\repos\netcore\template-netcore-shared\kitpymes.core.shared.tests\bin\release\netcoreapp3.0\kitpymes.core.shared.tests.dll" id="c53caa15-12b2-2ac6-393e-0057bbd332f5">
      <Execution id="f7ede6ce-7b29-469b-bd63-ac25d0c24e46" />
      <TestMethod codeBase="D:\SFERRARI\01 - TRABAJO\REPOS\netcore\template-netcore-shared\Kitpymes.Core.Shared.Tests\bin\Release\netcoreapp3.0\Kitpymes.Core.Shared.Tests.dll" adapterTypeName="executor://mstestadapter/v2" className="Kitpymes.Core.Shared.Extensions.Tests.CheckExtensionsTests" name="ToIsDirectoryThrow_Passing_InvalidValue_Returns_ApplicationExceptionWithMessage" />
    </UnitTest>
    <UnitTest name="ToDefaultValue_Passing_ValidInt_Returns_DefaultValue" storage="d:\sferrari\01 - trabajo\repos\netcore\template-netcore-shared\kitpymes.core.shared.tests\bin\release\netcoreapp3.0\kitpymes.core.shared.tests.dll" id="66126afc-69ba-08e2-3b9f-64ff9f45fc60">
      <Execution id="55990d02-202b-4d85-ac59-84a7a52fe585" />
      <TestMethod codeBase="D:\SFERRARI\01 - TRABAJO\REPOS\netcore\template-netcore-shared\Kitpymes.Core.Shared.Tests\bin\Release\netcoreapp3.0\Kitpymes.Core.Shared.Tests.dll" adapterTypeName="executor://mstestadapter/v2" className="Kitpymes.Core.Shared.Extensions.Tests.TypeExtensionsTests" name="ToDefaultValue_Passing_ValidInt_Returns_DefaultValue" />
    </UnitTest>
    <UnitTest name="ToString_Passing_Valid_Collection_With_Custom_Separator_Returns_String_With_Custom_Separator" storage="d:\sferrari\01 - trabajo\repos\netcore\template-netcore-shared\kitpymes.core.shared.tests\bin\release\netcoreapp3.0\kitpymes.core.shared.tests.dll" id="69d54260-6ecb-a42b-4255-cc0383422b7d">
      <Execution id="8a8bd6fb-e8d7-4aa3-be09-58370d775dff" />
      <TestMethod codeBase="D:\SFERRARI\01 - TRABAJO\REPOS\netcore\template-netcore-shared\Kitpymes.Core.Shared.Tests\bin\Release\netcoreapp3.0\Kitpymes.Core.Shared.Tests.dll" adapterTypeName="executor://mstestadapter/v2" className="Kitpymes.Core.Shared.Extensions.Tests.EnumerableExtensionsTests" name="ToString_Passing_Valid_Collection_With_Custom_Separator_Returns_String_With_Custom_Separator" />
    </UnitTest>
    <UnitTest name="ToEmailMaskUserNameAndDomainAndExtension_Passing_ValidEmail_Returns_EmailWithMask" storage="d:\sferrari\01 - trabajo\repos\netcore\template-netcore-shared\kitpymes.core.shared.tests\bin\release\netcoreapp3.0\kitpymes.core.shared.tests.dll" id="ebfd06e0-faa7-9cbe-fa00-6405596f250f">
      <Execution id="00b69e9d-1107-4113-b8fd-e8d412449dcb" />
      <TestMethod codeBase="D:\SFERRARI\01 - TRABAJO\REPOS\netcore\template-netcore-shared\Kitpymes.Core.Shared.Tests\bin\Release\netcoreapp3.0\Kitpymes.Core.Shared.Tests.dll" adapterTypeName="executor://mstestadapter/v2" className="Kitpymes.Core.Shared.Extensions.Tests.StringExtensionsTests" name="ToEmailMaskUserNameAndDomainAndExtension_Passing_ValidEmail_Returns_EmailWithMask" />
    </UnitTest>
    <UnitTest name="ToEmptyIfNull_Passing_Null_Collection_Returns_Empty_Collection" storage="d:\sferrari\01 - trabajo\repos\netcore\template-netcore-shared\kitpymes.core.shared.tests\bin\release\netcoreapp3.0\kitpymes.core.shared.tests.dll" id="0e35d8c6-f00e-a9ce-bf8e-f278617977a1">
      <Execution id="283d2942-a8b9-46e5-8da2-5af6db49d34a" />
      <TestMethod codeBase="D:\SFERRARI\01 - TRABAJO\REPOS\netcore\template-netcore-shared\Kitpymes.Core.Shared.Tests\bin\Release\netcoreapp3.0\Kitpymes.Core.Shared.Tests.dll" adapterTypeName="executor://mstestadapter/v2" className="Kitpymes.Core.Shared.Extensions.Tests.EnumerableExtensionsTests" name="ToEmptyIfNull_Passing_Null_Collection_Returns_Empty_Collection" />
    </UnitTest>
    <UnitTest name="ToHasErrors_Passing_InvalidValue_Returns_ApplicationExceptionWithMessage" storage="d:\sferrari\01 - trabajo\repos\netcore\template-netcore-shared\kitpymes.core.shared.tests\bin\release\netcoreapp3.0\kitpymes.core.shared.tests.dll" id="af1744a8-849e-ce3d-974d-b0417a9e373e">
      <Execution id="6dc78e32-dd6b-4d97-922c-60eea949004d" />
      <TestMethod codeBase="D:\SFERRARI\01 - TRABAJO\REPOS\netcore\template-netcore-shared\Kitpymes.Core.Shared.Tests\bin\Release\netcoreapp3.0\Kitpymes.Core.Shared.Tests.dll" adapterTypeName="executor://mstestadapter/v2" className="Kitpymes.Core.Shared.Extensions.Tests.CheckExtensionsTests" name="ToHasErrors_Passing_InvalidValue_Returns_ApplicationExceptionWithMessage" />
    </UnitTest>
    <UnitTest name="ToGetAll_Passing_Claims_Returns_Claim_Value_Int_List" storage="d:\sferrari\01 - trabajo\repos\netcore\template-netcore-shared\kitpymes.core.shared.tests\bin\release\netcoreapp3.0\kitpymes.core.shared.tests.dll" id="27b96ec3-5681-5842-c623-6a591e60fa20">
      <Execution id="fd34bf6c-c8f2-47e5-ac33-6318c8823417" />
      <TestMethod codeBase="D:\SFERRARI\01 - TRABAJO\REPOS\netcore\template-netcore-shared\Kitpymes.Core.Shared.Tests\bin\Release\netcoreapp3.0\Kitpymes.Core.Shared.Tests.dll" adapterTypeName="executor://mstestadapter/v2" className="Kitpymes.Core.Shared.Extensions.Tests.ClaimsPrincipalExtensionsTests" name="ToGetAll_Passing_Claims_Returns_Claim_Value_Int_List" />
    </UnitTest>
    <UnitTest name="CreateSHA512_Passing_Invalid_Arguments_Returns_ApplicationException" storage="d:\sferrari\01 - trabajo\repos\netcore\template-netcore-shared\kitpymes.core.shared.tests\bin\release\netcoreapp3.0\kitpymes.core.shared.tests.dll" id="d91cf465-89c7-bfd7-e84c-cbbdc9106c3b">
      <Execution id="96b1d735-433c-44c5-8bc9-9ac8ebd686f8" />
      <TestMethod codeBase="D:\SFERRARI\01 - TRABAJO\REPOS\netcore\template-netcore-shared\Kitpymes.Core.Shared.Tests\bin\Release\netcoreapp3.0\Kitpymes.Core.Shared.Tests.dll" adapterTypeName="executor://mstestadapter/v2" className="Kitpymes.Core.Shared.Utilities.Tests.HashTests" name="CreateSHA512_Passing_Invalid_Arguments_Returns_ApplicationException" />
    </UnitTest>
    <UnitTest name="ToFormat_Passing_ValidValueFormatWithArguments_Returns_ValueWithFormat" storage="d:\sferrari\01 - trabajo\repos\netcore\template-netcore-shared\kitpymes.core.shared.tests\bin\release\netcoreapp3.0\kitpymes.core.shared.tests.dll" id="2761ce79-4c5e-006c-8199-c0c2a39fb318">
      <Execution id="9d08ca54-6f61-49a8-a422-32db09376705" />
      <TestMethod codeBase="D:\SFERRARI\01 - TRABAJO\REPOS\netcore\template-netcore-shared\Kitpymes.Core.Shared.Tests\bin\Release\netcoreapp3.0\Kitpymes.Core.Shared.Tests.dll" adapterTypeName="executor://mstestadapter/v2" className="Kitpymes.Core.Shared.Extensions.Tests.StringExtensionsTests" name="ToFormat_Passing_ValidValueFormatWithArguments_Returns_ValueWithFormat" />
    </UnitTest>
    <UnitTest name="ToEnvironment_ServiceCollection_Passing_Development_Enviroment_Returns_Development_Name" storage="d:\sferrari\01 - trabajo\repos\netcore\template-netcore-shared\kitpymes.core.shared.tests\bin\release\netcoreapp3.0\kitpymes.core.shared.tests.dll" id="06745a62-4d4f-287d-d70e-4f06820646ba">
      <Execution id="abf94ce6-0c7e-4708-97a8-b61f0f88707a" />
      <TestMethod codeBase="D:\SFERRARI\01 - TRABAJO\REPOS\netcore\template-netcore-shared\Kitpymes.Core.Shared.Tests\bin\Release\netcoreapp3.0\Kitpymes.Core.Shared.Tests.dll" adapterTypeName="executor://mstestadapter/v2" className="Kitpymes.Core.Shared.Extensions.Tests.ConfigurationBuilderExtensionsTests" name="ToEnvironment_ServiceCollection_Passing_Development_Enviroment_Returns_Development_Name" />
    </UnitTest>
    <UnitTest name="ToDirectoryFileInfo_Passing_ValidValue_Returns_FileInfo" storage="d:\sferrari\01 - trabajo\repos\netcore\template-netcore-shared\kitpymes.core.shared.tests\bin\release\netcoreapp3.0\kitpymes.core.shared.tests.dll" id="8f912328-63c8-86b1-c2a6-be41b857b56c">
      <Execution id="5b4995cb-4dec-4667-a0cf-56cb1ab069a7" />
      <TestMethod codeBase="D:\SFERRARI\01 - TRABAJO\REPOS\netcore\template-netcore-shared\Kitpymes.Core.Shared.Tests\bin\Release\netcoreapp3.0\Kitpymes.Core.Shared.Tests.dll" adapterTypeName="executor://mstestadapter/v2" className="Kitpymes.Core.Shared.Extensions.Tests.StringExtensionsTests" name="ToDirectoryFileInfo_Passing_ValidValue_Returns_FileInfo" />
    </UnitTest>
    <UnitTest name="ToStringFormat_Passing_ValidValue_Returns_ValueWithoutRemovedChars" storage="d:\sferrari\01 - trabajo\repos\netcore\template-netcore-shared\kitpymes.core.shared.tests\bin\release\netcoreapp3.0\kitpymes.core.shared.tests.dll" id="469546fd-9999-6f48-8f07-6eaa77c54e42">
      <Execution id="da2dcc7a-f107-4948-b61f-f1a2f15f8006" />
      <TestMethod codeBase="D:\SFERRARI\01 - TRABAJO\REPOS\netcore\template-netcore-shared\Kitpymes.Core.Shared.Tests\bin\Release\netcoreapp3.0\Kitpymes.Core.Shared.Tests.dll" adapterTypeName="executor://mstestadapter/v2" className="Kitpymes.Core.Shared.Extensions.Tests.IntegerExtensionsTests" name="ToStringFormat_Passing_ValidValue_Returns_ValueWithoutRemovedChars" />
    </UnitTest>
    <UnitTest name="ToYesterday_Passing_DateTime_Returns_Yesterday_DateTime" storage="d:\sferrari\01 - trabajo\repos\netcore\template-netcore-shared\kitpymes.core.shared.tests\bin\release\netcoreapp3.0\kitpymes.core.shared.tests.dll" id="59bb5814-5d01-6d07-4fe2-b044a2101887">
      <Execution id="91334477-9e3f-48e5-b15d-63305ceb5ffd" />
      <TestMethod codeBase="D:\SFERRARI\01 - TRABAJO\REPOS\netcore\template-netcore-shared\Kitpymes.Core.Shared.Tests\bin\Release\netcoreapp3.0\Kitpymes.Core.Shared.Tests.dll" adapterTypeName="executor://mstestadapter/v2" className="Kitpymes.Core.Shared.Extensions.Tests.DateTimeExtensionsTests" name="ToYesterday_Passing_DateTime_Returns_Yesterday_DateTime" />
    </UnitTest>
    <UnitTest name="ToConfiguration_Passing_Invalid_DirectoryPath_Returns_ApplicationException" storage="d:\sferrari\01 - trabajo\repos\netcore\template-netcore-shared\kitpymes.core.shared.tests\bin\release\netcoreapp3.0\kitpymes.core.shared.tests.dll" id="c3009aa1-8370-91cf-8fdd-98e893aa7661">
      <Execution id="d3195f2f-f170-44c0-9223-59d4321d9849" />
      <TestMethod codeBase="D:\SFERRARI\01 - TRABAJO\REPOS\netcore\template-netcore-shared\Kitpymes.Core.Shared.Tests\bin\Release\netcoreapp3.0\Kitpymes.Core.Shared.Tests.dll" adapterTypeName="executor://mstestadapter/v2" className="Kitpymes.Core.Shared.Extensions.Tests.ConfigurationBuilderExtensionsTests" name="ToConfiguration_Passing_Invalid_DirectoryPath_Returns_ApplicationException" />
    </UnitTest>
    <UnitTest name="ToService_Passing_NotFound_Service_Returns_Null" storage="d:\sferrari\01 - trabajo\repos\netcore\template-netcore-shared\kitpymes.core.shared.tests\bin\release\netcoreapp3.0\kitpymes.core.shared.tests.dll" id="7132a40e-3324-94b7-0d74-3203ad5bb5fa">
      <Execution id="2477bec9-f85e-4a40-9e1e-07d4ed91e059" />
      <TestMethod codeBase="D:\SFERRARI\01 - TRABAJO\REPOS\netcore\template-netcore-shared\Kitpymes.Core.Shared.Tests\bin\Release\netcoreapp3.0\Kitpymes.Core.Shared.Tests.dll" adapterTypeName="executor://mstestadapter/v2" className="Kitpymes.Core.Shared.Extensions.Tests.ConfigurationBuilderExtensionsTests" name="ToService_Passing_NotFound_Service_Returns_Null" />
    </UnitTest>
    <UnitTest name="ToDirectoryDeleteFiles_Passing_ValidValue_Returns_DirectoryNoExists" storage="d:\sferrari\01 - trabajo\repos\netcore\template-netcore-shared\kitpymes.core.shared.tests\bin\release\netcoreapp3.0\kitpymes.core.shared.tests.dll" id="88aac24a-e0c3-7b67-85fc-be2df52dba34">
      <Execution id="2b02b34b-47c1-4b72-b48f-105d79660f7e" />
      <TestMethod codeBase="D:\SFERRARI\01 - TRABAJO\REPOS\netcore\template-netcore-shared\Kitpymes.Core.Shared.Tests\bin\Release\netcoreapp3.0\Kitpymes.Core.Shared.Tests.dll" adapterTypeName="executor://mstestadapter/v2" className="Kitpymes.Core.Shared.Extensions.Tests.StringExtensionsTests" name="ToDirectoryDeleteFiles_Passing_ValidValue_Returns_DirectoryNoExists" />
    </UnitTest>
    <UnitTest name="IsEmail_Passing_InvalidArguments_Returns_HasErrorsAndCount" storage="d:\sferrari\01 - trabajo\repos\netcore\template-netcore-shared\kitpymes.core.shared.tests\bin\release\netcoreapp3.0\kitpymes.core.shared.tests.dll" id="0941f429-aa92-ce96-588f-e696162f5398">
      <Execution id="32087e52-706e-471a-beef-ea30a95b3fe7" />
      <TestMethod codeBase="D:\SFERRARI\01 - TRABAJO\REPOS\netcore\template-netcore-shared\Kitpymes.Core.Shared.Tests\bin\Release\netcoreapp3.0\Kitpymes.Core.Shared.Tests.dll" adapterTypeName="executor://mstestadapter/v2" className="Kitpymes.Core.Shared.Utilities.Tests.CheckTests" name="IsEmail_Passing_InvalidArguments_Returns_HasErrorsAndCount" />
    </UnitTest>
    <UnitTest name="ToDefaultValue_Passing_ValidStruct_Returns_DefaultValue" storage="d:\sferrari\01 - trabajo\repos\netcore\template-netcore-shared\kitpymes.core.shared.tests\bin\release\netcoreapp3.0\kitpymes.core.shared.tests.dll" id="5279ca9d-27ca-d833-5750-af1b70834e63">
      <Execution id="d7ed4f2b-4a7f-4f2c-9744-12194798b2c0" />
      <TestMethod codeBase="D:\SFERRARI\01 - TRABAJO\REPOS\netcore\template-netcore-shared\Kitpymes.Core.Shared.Tests\bin\Release\netcoreapp3.0\Kitpymes.Core.Shared.Tests.dll" adapterTypeName="executor://mstestadapter/v2" className="Kitpymes.Core.Shared.Extensions.Tests.TypeExtensionsTests" name="ToDefaultValue_Passing_ValidStruct_Returns_DefaultValue" />
    </UnitTest>
    <UnitTest name="ToReplace_Passing_ValidValue_Returns_ReplacedValue" storage="d:\sferrari\01 - trabajo\repos\netcore\template-netcore-shared\kitpymes.core.shared.tests\bin\release\netcoreapp3.0\kitpymes.core.shared.tests.dll" id="5048c570-de27-b3d3-28a2-690633623350">
      <Execution id="d06f759a-c8a0-4ae3-8b81-39c9f7ad9455" />
      <TestMethod codeBase="D:\SFERRARI\01 - TRABAJO\REPOS\netcore\template-netcore-shared\Kitpymes.Core.Shared.Tests\bin\Release\netcoreapp3.0\Kitpymes.Core.Shared.Tests.dll" adapterTypeName="executor://mstestadapter/v2" className="Kitpymes.Core.Shared.Extensions.Tests.StringExtensionsTests" name="ToReplace_Passing_ValidValue_Returns_ReplacedValue" />
    </UnitTest>
    <UnitTest name="ToPaged_Passing_Age_Ascending_Order_Returns_Filter_List" storage="d:\sferrari\01 - trabajo\repos\netcore\template-netcore-shared\kitpymes.core.shared.tests\bin\release\netcoreapp3.0\kitpymes.core.shared.tests.dll" id="f1a8a2f2-6717-d1d3-ebe1-01337466e71f">
      <Execution id="1972a384-41b4-468d-aaa2-964f4b710655" />
      <TestMethod codeBase="D:\SFERRARI\01 - TRABAJO\REPOS\netcore\template-netcore-shared\Kitpymes.Core.Shared.Tests\bin\Release\netcoreapp3.0\Kitpymes.Core.Shared.Tests.dll" adapterTypeName="executor://mstestadapter/v2" className="Kitpymes.Core.Shared.Extensions.Tests.QueryableExtensionsTests" name="ToPaged_Passing_Age_Ascending_Order_Returns_Filter_List" />
    </UnitTest>
    <UnitTest name="ToTomorrow_Passing_DateTime_Returns_Tomorrow_DateTime" storage="d:\sferrari\01 - trabajo\repos\netcore\template-netcore-shared\kitpymes.core.shared.tests\bin\release\netcoreapp3.0\kitpymes.core.shared.tests.dll" id="9014a3d8-456c-66d3-12d5-6a69005e537e">
      <Execution id="e0d216af-4e63-4e08-8a91-2277d83718c3" />
      <TestMethod codeBase="D:\SFERRARI\01 - TRABAJO\REPOS\netcore\template-netcore-shared\Kitpymes.Core.Shared.Tests\bin\Release\netcoreapp3.0\Kitpymes.Core.Shared.Tests.dll" adapterTypeName="executor://mstestadapter/v2" className="Kitpymes.Core.Shared.Extensions.Tests.DateTimeExtensionsTests" name="ToTomorrow_Passing_DateTime_Returns_Tomorrow_DateTime" />
    </UnitTest>
    <UnitTest name="ToHashAlgorithmName_Passing_InvalidValueStringWithDefaultValue_Returns_DefaultValue" storage="d:\sferrari\01 - trabajo\repos\netcore\template-netcore-shared\kitpymes.core.shared.tests\bin\release\netcoreapp3.0\kitpymes.core.shared.tests.dll" id="c5b98f4d-a079-91b0-cf81-5ecc58989382">
      <Execution id="79ebbe8e-1b37-41c8-ba52-7a6b419eadf5" />
      <TestMethod codeBase="D:\SFERRARI\01 - TRABAJO\REPOS\netcore\template-netcore-shared\Kitpymes.Core.Shared.Tests\bin\Release\netcoreapp3.0\Kitpymes.Core.Shared.Tests.dll" adapterTypeName="executor://mstestadapter/v2" className="Kitpymes.Core.Shared.Extensions.Tests.StringExtensionsTests" name="ToHashAlgorithmName_Passing_InvalidValueStringWithDefaultValue_Returns_DefaultValue" />
    </UnitTest>
    <UnitTest name="ToAuthenticationType_Passing_Claims_Returns_Null" storage="d:\sferrari\01 - trabajo\repos\netcore\template-netcore-shared\kitpymes.core.shared.tests\bin\release\netcoreapp3.0\kitpymes.core.shared.tests.dll" id="9ccf9ae6-5796-4cd4-1252-88e5642d6b7c">
      <Execution id="1a12e58f-cd59-490e-8b9c-68ef0f19dba6" />
      <TestMethod codeBase="D:\SFERRARI\01 - TRABAJO\REPOS\netcore\template-netcore-shared\Kitpymes.Core.Shared.Tests\bin\Release\netcoreapp3.0\Kitpymes.Core.Shared.Tests.dll" adapterTypeName="executor://mstestadapter/v2" className="Kitpymes.Core.Shared.Extensions.Tests.ClaimsPrincipalExtensionsTests" name="ToAuthenticationType_Passing_Claims_Returns_Null" />
    </UnitTest>
    <UnitTest name="ToGet_Passing_Claims_Returns_Claim_Value_Int" storage="d:\sferrari\01 - trabajo\repos\netcore\template-netcore-shared\kitpymes.core.shared.tests\bin\release\netcoreapp3.0\kitpymes.core.shared.tests.dll" id="176f4350-0b3b-4432-fa24-18f29e2c3458">
      <Execution id="e345c748-f8e1-498b-8313-8953aa9700da" />
      <TestMethod codeBase="D:\SFERRARI\01 - TRABAJO\REPOS\netcore\template-netcore-shared\Kitpymes.Core.Shared.Tests\bin\Release\netcoreapp3.0\Kitpymes.Core.Shared.Tests.dll" adapterTypeName="executor://mstestadapter/v2" className="Kitpymes.Core.Shared.Extensions.Tests.ClaimsPrincipalExtensionsTests" name="ToGet_Passing_Claims_Returns_Claim_Value_Int" />
    </UnitTest>
    <UnitTest name="ToInt_Passing_InvalidValueString_Returns_Null" storage="d:\sferrari\01 - trabajo\repos\netcore\template-netcore-shared\kitpymes.core.shared.tests\bin\release\netcoreapp3.0\kitpymes.core.shared.tests.dll" id="94245856-9b78-14bb-2905-2035e994d0d9">
      <Execution id="2b8043c8-4834-4251-997c-17ec96a87d58" />
      <TestMethod codeBase="D:\SFERRARI\01 - TRABAJO\REPOS\netcore\template-netcore-shared\Kitpymes.Core.Shared.Tests\bin\Release\netcoreapp3.0\Kitpymes.Core.Shared.Tests.dll" adapterTypeName="executor://mstestadapter/v2" className="Kitpymes.Core.Shared.Extensions.Tests.StringExtensionsTests" name="ToInt_Passing_InvalidValueString_Returns_Null" />
    </UnitTest>
    <UnitTest name="ToEnvironment_Passing_Development_Enviroment_Returns_Development_Name" storage="d:\sferrari\01 - trabajo\repos\netcore\template-netcore-shared\kitpymes.core.shared.tests\bin\release\netcoreapp3.0\kitpymes.core.shared.tests.dll" id="e4352bb5-404b-635a-e45b-b71369fd281e">
      <Execution id="71123eaa-a081-45e6-b558-c9b07b0ad1c0" />
      <TestMethod codeBase="D:\SFERRARI\01 - TRABAJO\REPOS\netcore\template-netcore-shared\Kitpymes.Core.Shared.Tests\bin\Release\netcoreapp3.0\Kitpymes.Core.Shared.Tests.dll" adapterTypeName="executor://mstestadapter/v2" className="Kitpymes.Core.Shared.Extensions.Tests.ApplicationBuilderExtensionsTests" name="ToEnvironment_Passing_Development_Enviroment_Returns_Development_Name" />
    </UnitTest>
    <UnitTest name="ToDefaultValue_Passing_short_Returns_Cero" storage="d:\sferrari\01 - trabajo\repos\netcore\template-netcore-shared\kitpymes.core.shared.tests\bin\release\netcoreapp3.0\kitpymes.core.shared.tests.dll" id="5722059a-0037-40d7-d2be-e88e08495feb">
      <Execution id="1b431b57-5d08-4280-99c6-edb2bac56f93" />
      <TestMethod codeBase="D:\SFERRARI\01 - TRABAJO\REPOS\netcore\template-netcore-shared\Kitpymes.Core.Shared.Tests\bin\Release\netcoreapp3.0\Kitpymes.Core.Shared.Tests.dll" adapterTypeName="executor://mstestadapter/v2" className="Kitpymes.Core.Shared.Extensions.Tests.GenericExtensionsTests" name="ToDefaultValue_Passing_short_Returns_Cero" />
    </UnitTest>
    <UnitTest name="ToDirectoryReadFileAsync_Passing_ValidValue_Returns_False" storage="d:\sferrari\01 - trabajo\repos\netcore\template-netcore-shared\kitpymes.core.shared.tests\bin\release\netcoreapp3.0\kitpymes.core.shared.tests.dll" id="af3d8df7-f17a-d1c0-d18e-19b304f044e1">
      <Execution id="d16dee8e-30d2-484c-b6f3-e9ecbba9a200" />
      <TestMethod codeBase="D:\SFERRARI\01 - TRABAJO\REPOS\netcore\template-netcore-shared\Kitpymes.Core.Shared.Tests\bin\Release\netcoreapp3.0\Kitpymes.Core.Shared.Tests.dll" adapterTypeName="executor://mstestadapter/v2" className="Kitpymes.Core.Shared.Extensions.Tests.StringExtensionsTests" name="ToDirectoryReadFileAsync_Passing_ValidValue_Returns_False" />
    </UnitTest>
    <UnitTest name="ToEnvironment_Passing_Production_Enviroment_Returns_Production_Name" storage="d:\sferrari\01 - trabajo\repos\netcore\template-netcore-shared\kitpymes.core.shared.tests\bin\release\netcoreapp3.0\kitpymes.core.shared.tests.dll" id="d26b6b6c-0539-f6d5-0b6e-1d021e9cd63c">
      <Execution id="0cf18dde-f41c-4f38-8585-b5119d3b0169" />
      <TestMethod codeBase="D:\SFERRARI\01 - TRABAJO\REPOS\netcore\template-netcore-shared\Kitpymes.Core.Shared.Tests\bin\Release\netcoreapp3.0\Kitpymes.Core.Shared.Tests.dll" adapterTypeName="executor://mstestadapter/v2" className="Kitpymes.Core.Shared.Extensions.Tests.ApplicationBuilderExtensionsTests" name="ToEnvironment_Passing_Production_Enviroment_Returns_Production_Name" />
    </UnitTest>
    <UnitTest name="ToServiceMatchingInterface_Passing_Valid_Assembly_Returns_Service" storage="d:\sferrari\01 - trabajo\repos\netcore\template-netcore-shared\kitpymes.core.shared.tests\bin\release\netcoreapp3.0\kitpymes.core.shared.tests.dll" id="24c5c4fe-5465-6bf1-7790-c32dc7dc4137">
      <Execution id="5e15a7f1-fb4f-4b48-accd-1b115ae8a537" />
      <TestMethod codeBase="D:\SFERRARI\01 - TRABAJO\REPOS\netcore\template-netcore-shared\Kitpymes.Core.Shared.Tests\bin\Release\netcoreapp3.0\Kitpymes.Core.Shared.Tests.dll" adapterTypeName="executor://mstestadapter/v2" className="Kitpymes.Core.Shared.Extensions.Tests.ConfigurationBuilderExtensionsTests" name="ToServiceMatchingInterface_Passing_Valid_Assembly_Returns_Service" />
    </UnitTest>
    <UnitTest name="ToEndOfTheMonth_Passing_DateTime_Returns_End_Of_Month_DateTime" storage="d:\sferrari\01 - trabajo\repos\netcore\template-netcore-shared\kitpymes.core.shared.tests\bin\release\netcoreapp3.0\kitpymes.core.shared.tests.dll" id="8cc5b57c-083c-3f3a-832a-0ea05928fc17">
      <Execution id="ac2842d0-f108-4df4-9950-5f8e7d501083" />
      <TestMethod codeBase="D:\SFERRARI\01 - TRABAJO\REPOS\netcore\template-netcore-shared\Kitpymes.Core.Shared.Tests\bin\Release\netcoreapp3.0\Kitpymes.Core.Shared.Tests.dll" adapterTypeName="executor://mstestadapter/v2" className="Kitpymes.Core.Shared.Extensions.Tests.DateTimeExtensionsTests" name="ToEndOfTheMonth_Passing_DateTime_Returns_End_Of_Month_DateTime" />
    </UnitTest>
    <UnitTest name="ToMapClone_Passing_Source_Returns_New_Source_Object" storage="d:\sferrari\01 - trabajo\repos\netcore\template-netcore-shared\kitpymes.core.shared.tests\bin\release\netcoreapp3.0\kitpymes.core.shared.tests.dll" id="75454745-d8ee-9a85-64f5-1a730d7c60c8">
      <Execution id="94df6ef6-741c-44e4-839e-78dea2105ee4" />
      <TestMethod codeBase="D:\SFERRARI\01 - TRABAJO\REPOS\netcore\template-netcore-shared\Kitpymes.Core.Shared.Tests\bin\Release\netcoreapp3.0\Kitpymes.Core.Shared.Tests.dll" adapterTypeName="executor://mstestadapter/v2" className="Kitpymes.Core.Shared.Extensions.Tests.AgileMapperExtensionsTests" name="ToMapClone_Passing_Source_Returns_New_Source_Object" />
    </UnitTest>
    <UnitTest name="ToContentType_Passing_ValidValueString_Returns_ContentType" storage="d:\sferrari\01 - trabajo\repos\netcore\template-netcore-shared\kitpymes.core.shared.tests\bin\release\netcoreapp3.0\kitpymes.core.shared.tests.dll" id="a8b20943-7fa3-43d0-f786-2908f6ceedd0">
      <Execution id="37cd0f59-7c00-4844-89d0-97ddf98ab13d" />
      <TestMethod codeBase="D:\SFERRARI\01 - TRABAJO\REPOS\netcore\template-netcore-shared\Kitpymes.Core.Shared.Tests\bin\Release\netcoreapp3.0\Kitpymes.Core.Shared.Tests.dll" adapterTypeName="executor://mstestadapter/v2" className="Kitpymes.Core.Shared.Extensions.Tests.StringExtensionsTests" name="ToContentType_Passing_ValidValueString_Returns_ContentType" />
    </UnitTest>
    <UnitTest name="ToIsNullOrAny_Passing_InvalidValue_Returns_True" storage="d:\sferrari\01 - trabajo\repos\netcore\template-netcore-shared\kitpymes.core.shared.tests\bin\release\netcoreapp3.0\kitpymes.core.shared.tests.dll" id="bb1027b7-1469-c705-4b36-f77fd9229b00">
      <Execution id="3dff9053-f0aa-4413-b126-892b2281d63e" />
      <TestMethod codeBase="D:\SFERRARI\01 - TRABAJO\REPOS\netcore\template-netcore-shared\Kitpymes.Core.Shared.Tests\bin\Release\netcoreapp3.0\Kitpymes.Core.Shared.Tests.dll" adapterTypeName="executor://mstestadapter/v2" className="Kitpymes.Core.Shared.Extensions.Tests.CheckExtensionsTests" name="ToIsNullOrAny_Passing_InvalidValue_Returns_True" />
    </UnitTest>
    <UnitTest name="ToUri_Passing_InvalidValueString_Returns_DefaultValue" storage="d:\sferrari\01 - trabajo\repos\netcore\template-netcore-shared\kitpymes.core.shared.tests\bin\release\netcoreapp3.0\kitpymes.core.shared.tests.dll" id="072d4713-e5d8-44fc-5b77-95317f0d417b">
      <Execution id="0078bccc-44d9-4a09-b82c-ce643779c4e7" />
      <TestMethod codeBase="D:\SFERRARI\01 - TRABAJO\REPOS\netcore\template-netcore-shared\Kitpymes.Core.Shared.Tests\bin\Release\netcoreapp3.0\Kitpymes.Core.Shared.Tests.dll" adapterTypeName="executor://mstestadapter/v2" className="Kitpymes.Core.Shared.Extensions.Tests.StringExtensionsTests" name="ToUri_Passing_InvalidValueString_Returns_DefaultValue" />
    </UnitTest>
    <UnitTest name="ToPaged_Passing_Age_Descending_Order_Returns_Filter_List" storage="d:\sferrari\01 - trabajo\repos\netcore\template-netcore-shared\kitpymes.core.shared.tests\bin\release\netcoreapp3.0\kitpymes.core.shared.tests.dll" id="3c2e7403-ec73-4e6b-a215-dbda78d61173">
      <Execution id="af7bb32a-b4d4-4e19-b9d8-1bc8c44f354f" />
      <TestMethod codeBase="D:\SFERRARI\01 - TRABAJO\REPOS\netcore\template-netcore-shared\Kitpymes.Core.Shared.Tests\bin\Release\netcoreapp3.0\Kitpymes.Core.Shared.Tests.dll" adapterTypeName="executor://mstestadapter/v2" className="Kitpymes.Core.Shared.Extensions.Tests.QueryableExtensionsTests" name="ToPaged_Passing_Age_Descending_Order_Returns_Filter_List" />
    </UnitTest>
    <UnitTest name="ToStartOfWeek_Passing_DateTime_Returns_Start_Of_Week_DateTime" storage="d:\sferrari\01 - trabajo\repos\netcore\template-netcore-shared\kitpymes.core.shared.tests\bin\release\netcoreapp3.0\kitpymes.core.shared.tests.dll" id="407da10e-ba2f-7713-1cbc-17d8952390e5">
      <Execution id="ffb90b00-089b-4967-86f3-671deb75c765" />
      <TestMethod codeBase="D:\SFERRARI\01 - TRABAJO\REPOS\netcore\template-netcore-shared\Kitpymes.Core.Shared.Tests\bin\Release\netcoreapp3.0\Kitpymes.Core.Shared.Tests.dll" adapterTypeName="executor://mstestadapter/v2" className="Kitpymes.Core.Shared.Extensions.Tests.DateTimeExtensionsTests" name="ToStartOfWeek_Passing_DateTime_Returns_Start_Of_Week_DateTime" />
    </UnitTest>
    <UnitTest name="ToNormalize_Passing_ValidValue_Returns_NormalizedValue" storage="d:\sferrari\01 - trabajo\repos\netcore\template-netcore-shared\kitpymes.core.shared.tests\bin\release\netcoreapp3.0\kitpymes.core.shared.tests.dll" id="d3221bd3-12e9-52c3-4c80-e3c9d166ae47">
      <Execution id="b62d2c98-8f46-43f3-a438-2a8b91ffc685" />
      <TestMethod codeBase="D:\SFERRARI\01 - TRABAJO\REPOS\netcore\template-netcore-shared\Kitpymes.Core.Shared.Tests\bin\Release\netcoreapp3.0\Kitpymes.Core.Shared.Tests.dll" adapterTypeName="executor://mstestadapter/v2" className="Kitpymes.Core.Shared.Extensions.Tests.StringExtensionsTests" name="ToNormalize_Passing_ValidValue_Returns_NormalizedValue" />
    </UnitTest>
    <UnitTest name="ToDetails_Passing_HttpContext_Returns_Details_HttpContext" storage="d:\sferrari\01 - trabajo\repos\netcore\template-netcore-shared\kitpymes.core.shared.tests\bin\release\netcoreapp3.0\kitpymes.core.shared.tests.dll" id="e54a0ad2-a76b-1a44-1842-5ae494ff83de">
      <Execution id="54032aeb-8c09-4d5e-b9bb-c484b07120af" />
      <TestMethod codeBase="D:\SFERRARI\01 - TRABAJO\REPOS\netcore\template-netcore-shared\Kitpymes.Core.Shared.Tests\bin\Release\netcoreapp3.0\Kitpymes.Core.Shared.Tests.dll" adapterTypeName="executor://mstestadapter/v2" className="Kitpymes.Core.Shared.Extensions.Tests.HttpContextExtensionsTests" name="ToDetails_Passing_HttpContext_Returns_Details_HttpContext" />
    </UnitTest>
    <UnitTest name="ToGet_Passing_Claims_Returns_Claim_Value_String" storage="d:\sferrari\01 - trabajo\repos\netcore\template-netcore-shared\kitpymes.core.shared.tests\bin\release\netcoreapp3.0\kitpymes.core.shared.tests.dll" id="8302c17e-3ba6-2327-c5ad-8f91fdf4cf8c">
      <Execution id="09b8da3f-1bad-402f-914d-0e7eb53f761b" />
      <TestMethod codeBase="D:\SFERRARI\01 - TRABAJO\REPOS\netcore\template-netcore-shared\Kitpymes.Core.Shared.Tests\bin\Release\netcoreapp3.0\Kitpymes.Core.Shared.Tests.dll" adapterTypeName="executor://mstestadapter/v2" className="Kitpymes.Core.Shared.Extensions.Tests.ClaimsPrincipalExtensionsTests" name="ToGet_Passing_Claims_Returns_Claim_Value_String" />
    </UnitTest>
    <UnitTest name="ToConfiguration_Passing_Valid_DirectoryPath_Valid_JsonFileName_Returns_Ok" storage="d:\sferrari\01 - trabajo\repos\netcore\template-netcore-shared\kitpymes.core.shared.tests\bin\release\netcoreapp3.0\kitpymes.core.shared.tests.dll" id="9cc81af3-a804-7f80-c1ad-5fdf5e5384a7">
      <Execution id="353dac17-fba8-447c-8f8b-ad50b67ab5ac" />
      <TestMethod codeBase="D:\SFERRARI\01 - TRABAJO\REPOS\netcore\template-netcore-shared\Kitpymes.Core.Shared.Tests\bin\Release\netcoreapp3.0\Kitpymes.Core.Shared.Tests.dll" adapterTypeName="executor://mstestadapter/v2" className="Kitpymes.Core.Shared.Extensions.Tests.ConfigurationBuilderExtensionsTests" name="ToConfiguration_Passing_Valid_DirectoryPath_Valid_JsonFileName_Returns_Ok" />
    </UnitTest>
    <UnitTest name="IsNullOrEmpty_Passing_InvalidArguments_Returns_HasErrorsAndCount" storage="d:\sferrari\01 - trabajo\repos\netcore\template-netcore-shared\kitpymes.core.shared.tests\bin\release\netcoreapp3.0\kitpymes.core.shared.tests.dll" id="9e57f5ee-c284-a089-d441-add5094f384d">
      <Execution id="925b9e31-1853-4501-899d-2169c3f25292" />
      <TestMethod codeBase="D:\SFERRARI\01 - TRABAJO\REPOS\netcore\template-netcore-shared\Kitpymes.Core.Shared.Tests\bin\Release\netcoreapp3.0\Kitpymes.Core.Shared.Tests.dll" adapterTypeName="executor://mstestadapter/v2" className="Kitpymes.Core.Shared.Utilities.Tests.CheckTests" name="IsNullOrEmpty_Passing_InvalidArguments_Returns_HasErrorsAndCount" />
    </UnitTest>
    <UnitTest name="IsName_Passing_ValidArguments_Returns_HasErrorsAndCount" storage="d:\sferrari\01 - trabajo\repos\netcore\template-netcore-shared\kitpymes.core.shared.tests\bin\release\netcoreapp3.0\kitpymes.core.shared.tests.dll" id="ba13b0bd-c428-c41e-c91d-be83d7a60582">
      <Execution id="31b35575-fd28-41da-976d-c2e96d3dfc01" />
      <TestMethod codeBase="D:\SFERRARI\01 - TRABAJO\REPOS\netcore\template-netcore-shared\Kitpymes.Core.Shared.Tests\bin\Release\netcoreapp3.0\Kitpymes.Core.Shared.Tests.dll" adapterTypeName="executor://mstestadapter/v2" className="Kitpymes.Core.Shared.Utilities.Tests.CheckTests" name="IsName_Passing_ValidArguments_Returns_HasErrorsAndCount" />
    </UnitTest>
    <UnitTest name="ToAssembly_Passing_ValidValueAssemblyString_Returns_Assembly" storage="d:\sferrari\01 - trabajo\repos\netcore\template-netcore-shared\kitpymes.core.shared.tests\bin\release\netcoreapp3.0\kitpymes.core.shared.tests.dll" id="e308cd25-9ef3-a742-3e97-3796cdac9d85">
      <Execution id="a6968d73-ad2e-4e36-aa31-0005cff6f8b6" />
      <TestMethod codeBase="D:\SFERRARI\01 - TRABAJO\REPOS\netcore\template-netcore-shared\Kitpymes.Core.Shared.Tests\bin\Release\netcoreapp3.0\Kitpymes.Core.Shared.Tests.dll" adapterTypeName="executor://mstestadapter/v2" className="Kitpymes.Core.Shared.Extensions.Tests.StringExtensionsTests" name="ToAssembly_Passing_ValidValueAssemblyString_Returns_Assembly" />
    </UnitTest>
    <UnitTest name="ToAuthenticationType_Passing_Claims_Returns_AuthenticationType_Name" storage="d:\sferrari\01 - trabajo\repos\netcore\template-netcore-shared\kitpymes.core.shared.tests\bin\release\netcoreapp3.0\kitpymes.core.shared.tests.dll" id="b7c48b0c-de00-9836-92e0-dac42d1bcc61">
      <Execution id="4e7d1af6-4848-4260-a23c-29d048470134" />
      <TestMethod codeBase="D:\SFERRARI\01 - TRABAJO\REPOS\netcore\template-netcore-shared\Kitpymes.Core.Shared.Tests\bin\Release\netcoreapp3.0\Kitpymes.Core.Shared.Tests.dll" adapterTypeName="executor://mstestadapter/v2" className="Kitpymes.Core.Shared.Extensions.Tests.ClaimsPrincipalExtensionsTests" name="ToAuthenticationType_Passing_Claims_Returns_AuthenticationType_Name" />
    </UnitTest>
    <UnitTest name="ToEnvironment_ServiceCollection_Passing_Custom_Enviroment_Returns_Custom_Name" storage="d:\sferrari\01 - trabajo\repos\netcore\template-netcore-shared\kitpymes.core.shared.tests\bin\release\netcoreapp3.0\kitpymes.core.shared.tests.dll" id="4e99a60b-6bf7-950f-4a1b-2b8f6b265f33">
      <Execution id="f985a8eb-a7b1-4283-8de9-17dfab977ac4" />
      <TestMethod codeBase="D:\SFERRARI\01 - TRABAJO\REPOS\netcore\template-netcore-shared\Kitpymes.Core.Shared.Tests\bin\Release\netcoreapp3.0\Kitpymes.Core.Shared.Tests.dll" adapterTypeName="executor://mstestadapter/v2" className="Kitpymes.Core.Shared.Extensions.Tests.ConfigurationBuilderExtensionsTests" name="ToEnvironment_ServiceCollection_Passing_Custom_Enviroment_Returns_Custom_Name" />
    </UnitTest>
    <UnitTest name="ToUri_Passing_ValidValueString_Returns_Uri" storage="d:\sferrari\01 - trabajo\repos\netcore\template-netcore-shared\kitpymes.core.shared.tests\bin\release\netcoreapp3.0\kitpymes.core.shared.tests.dll" id="b9f84f47-79ca-0306-391d-c23274e874c8">
      <Execution id="c79e5230-4319-4724-8b2a-595cd8a85fb0" />
      <TestMethod codeBase="D:\SFERRARI\01 - TRABAJO\REPOS\netcore\template-netcore-shared\Kitpymes.Core.Shared.Tests\bin\Release\netcoreapp3.0\Kitpymes.Core.Shared.Tests.dll" adapterTypeName="executor://mstestadapter/v2" className="Kitpymes.Core.Shared.Extensions.Tests.StringExtensionsTests" name="ToUri_Passing_ValidValueString_Returns_Uri" />
    </UnitTest>
    <UnitTest name="IsLess_Passing_InvalidArguments_Returns_HasErrorsAndCount" storage="d:\sferrari\01 - trabajo\repos\netcore\template-netcore-shared\kitpymes.core.shared.tests\bin\release\netcoreapp3.0\kitpymes.core.shared.tests.dll" id="d5a24398-84ec-388f-59a6-8e6575d181fe">
      <Execution id="964991cf-e9a2-43e0-9cc3-947759d46911" />
      <TestMethod codeBase="D:\SFERRARI\01 - TRABAJO\REPOS\netcore\template-netcore-shared\Kitpymes.Core.Shared.Tests\bin\Release\netcoreapp3.0\Kitpymes.Core.Shared.Tests.dll" adapterTypeName="executor://mstestadapter/v2" className="Kitpymes.Core.Shared.Utilities.Tests.CheckTests" name="IsLess_Passing_InvalidArguments_Returns_HasErrorsAndCount" />
    </UnitTest>
    <UnitTest name="ToDefaultValue_Passing_ulong_Returns_Cero" storage="d:\sferrari\01 - trabajo\repos\netcore\template-netcore-shared\kitpymes.core.shared.tests\bin\release\netcoreapp3.0\kitpymes.core.shared.tests.dll" id="b364b6e1-95a1-b398-9d67-82ff351b0e55">
      <Execution id="cc9f3dd7-45dd-4814-ba7c-e84b9627071e" />
      <TestMethod codeBase="D:\SFERRARI\01 - TRABAJO\REPOS\netcore\template-netcore-shared\Kitpymes.Core.Shared.Tests\bin\Release\netcoreapp3.0\Kitpymes.Core.Shared.Tests.dll" adapterTypeName="executor://mstestadapter/v2" className="Kitpymes.Core.Shared.Extensions.Tests.GenericExtensionsTests" name="ToDefaultValue_Passing_ulong_Returns_Cero" />
    </UnitTest>
    <UnitTest name="ToFullMessage_Passing_ExceptionWithMessageWithInnerException_Returns_Full_Message" storage="d:\sferrari\01 - trabajo\repos\netcore\template-netcore-shared\kitpymes.core.shared.tests\bin\release\netcoreapp3.0\kitpymes.core.shared.tests.dll" id="4a3460f0-8b98-b2f9-7c19-a411860512f6">
      <Execution id="64f60140-37fb-434c-b25c-8cf839450dd9" />
      <TestMethod codeBase="D:\SFERRARI\01 - TRABAJO\REPOS\netcore\template-netcore-shared\Kitpymes.Core.Shared.Tests\bin\Release\netcoreapp3.0\Kitpymes.Core.Shared.Tests.dll" adapterTypeName="executor://mstestadapter/v2" className="Kitpymes.Core.Shared.Extensions.Tests.ExceptionExtensionsTests" name="ToFullMessage_Passing_ExceptionWithMessageWithInnerException_Returns_Full_Message" />
    </UnitTest>
    <UnitTest name="ToValues_Passing_ValidEnumType_Returns_ValuesListString" storage="d:\sferrari\01 - trabajo\repos\netcore\template-netcore-shared\kitpymes.core.shared.tests\bin\release\netcoreapp3.0\kitpymes.core.shared.tests.dll" id="db5cfafc-3c17-6a32-7e66-c495d547a55d">
      <Execution id="39627008-1c6c-4f33-9778-4b154b5fac01" />
      <TestMethod codeBase="D:\SFERRARI\01 - TRABAJO\REPOS\netcore\template-netcore-shared\Kitpymes.Core.Shared.Tests\bin\Release\netcoreapp3.0\Kitpymes.Core.Shared.Tests.dll" adapterTypeName="executor://mstestadapter/v2" className="Kitpymes.Core.Shared.Utilities.Tests.EnumsTests" name="ToValues_Passing_ValidEnumType_Returns_ValuesListString" />
    </UnitTest>
    <UnitTest name="ToFormat_Passing_ValidTimeSpanValue_Returns_ValueWithFormatString" storage="d:\sferrari\01 - trabajo\repos\netcore\template-netcore-shared\kitpymes.core.shared.tests\bin\release\netcoreapp3.0\kitpymes.core.shared.tests.dll" id="f2b4c5e1-9602-b565-3f4b-0274fe8a1908">
      <Execution id="bd190f60-7adb-49f2-a8be-4b57b4e64af6" />
      <TestMethod codeBase="D:\SFERRARI\01 - TRABAJO\REPOS\netcore\template-netcore-shared\Kitpymes.Core.Shared.Tests\bin\Release\netcoreapp3.0\Kitpymes.Core.Shared.Tests.dll" adapterTypeName="executor://mstestadapter/v2" className="Kitpymes.Core.Shared.Extensions.Tests.TimeSpanExtensionsTests" name="ToFormat_Passing_ValidTimeSpanValue_Returns_ValueWithFormatString" />
    </UnitTest>
    <UnitTest name="ToEnum_Passing_InvalidValueString_Returns_EnumCustomValue" storage="d:\sferrari\01 - trabajo\repos\netcore\template-netcore-shared\kitpymes.core.shared.tests\bin\release\netcoreapp3.0\kitpymes.core.shared.tests.dll" id="8bddabe7-b6bf-e8a0-1bef-884ff3132d8d">
      <Execution id="44650c6b-d33b-426b-8bf9-3aaaf1f51b2c" />
      <TestMethod codeBase="D:\SFERRARI\01 - TRABAJO\REPOS\netcore\template-netcore-shared\Kitpymes.Core.Shared.Tests\bin\Release\netcoreapp3.0\Kitpymes.Core.Shared.Tests.dll" adapterTypeName="executor://mstestadapter/v2" className="Kitpymes.Core.Shared.Extensions.Tests.StringExtensionsTests" name="ToEnum_Passing_InvalidValueString_Returns_EnumCustomValue" />
    </UnitTest>
    <UnitTest name="ToDefaultValue_Passing_bool_Returns_Cero" storage="d:\sferrari\01 - trabajo\repos\netcore\template-netcore-shared\kitpymes.core.shared.tests\bin\release\netcoreapp3.0\kitpymes.core.shared.tests.dll" id="ca0bfdb7-6ab6-3d13-afbd-0c5c364304b4">
      <Execution id="dda7a3dc-8f5b-4bf1-b7b5-a05a829dcdd3" />
      <TestMethod codeBase="D:\SFERRARI\01 - TRABAJO\REPOS\netcore\template-netcore-shared\Kitpymes.Core.Shared.Tests\bin\Release\netcoreapp3.0\Kitpymes.Core.Shared.Tests.dll" adapterTypeName="executor://mstestadapter/v2" className="Kitpymes.Core.Shared.Extensions.Tests.GenericExtensionsTests" name="ToDefaultValue_Passing_bool_Returns_Cero" />
    </UnitTest>
    <UnitTest name="ToString_Passing_Valid_Collection_Returns_String_With_Default_Separator" storage="d:\sferrari\01 - trabajo\repos\netcore\template-netcore-shared\kitpymes.core.shared.tests\bin\release\netcoreapp3.0\kitpymes.core.shared.tests.dll" id="05a9b880-6e83-9959-2d02-9b7d97277dfa">
      <Execution id="147086fc-f8c4-4d6f-b10f-66fdfcfb7854" />
      <TestMethod codeBase="D:\SFERRARI\01 - TRABAJO\REPOS\netcore\template-netcore-shared\Kitpymes.Core.Shared.Tests\bin\Release\netcoreapp3.0\Kitpymes.Core.Shared.Tests.dll" adapterTypeName="executor://mstestadapter/v2" className="Kitpymes.Core.Shared.Extensions.Tests.EnumerableExtensionsTests" name="ToString_Passing_Valid_Collection_Returns_String_With_Default_Separator" />
    </UnitTest>
    <UnitTest name="CreateAndVerifyPassword_Passing_Valid_Arguments_Returns_IsValid" storage="d:\sferrari\01 - trabajo\repos\netcore\template-netcore-shared\kitpymes.core.shared.tests\bin\release\netcoreapp3.0\kitpymes.core.shared.tests.dll" id="a479c80b-2fac-1e97-0804-34800f2ff63b">
      <Execution id="5c19140d-abf2-4c85-9ab1-5f82b0fd3ee1" />
      <TestMethod codeBase="D:\SFERRARI\01 - TRABAJO\REPOS\netcore\template-netcore-shared\Kitpymes.Core.Shared.Tests\bin\Release\netcoreapp3.0\Kitpymes.Core.Shared.Tests.dll" adapterTypeName="executor://mstestadapter/v2" className="Kitpymes.Core.Shared.Utilities.Tests.HashTests" name="CreateAndVerifyPassword_Passing_Valid_Arguments_Returns_IsValid" />
    </UnitTest>
    <UnitTest name="ToEmailMaskUserNameAndDomain_Passing_ValidEmail_Returns_EmailWithMask" storage="d:\sferrari\01 - trabajo\repos\netcore\template-netcore-shared\kitpymes.core.shared.tests\bin\release\netcoreapp3.0\kitpymes.core.shared.tests.dll" id="46b6f1f8-c604-191d-d990-242ae535cd55">
      <Execution id="627b160e-ef68-468f-bf51-dbd5d7a18d05" />
      <TestMethod codeBase="D:\SFERRARI\01 - TRABAJO\REPOS\netcore\template-netcore-shared\Kitpymes.Core.Shared.Tests\bin\Release\netcoreapp3.0\Kitpymes.Core.Shared.Tests.dll" adapterTypeName="executor://mstestadapter/v2" className="Kitpymes.Core.Shared.Extensions.Tests.StringExtensionsTests" name="ToEmailMaskUserNameAndDomain_Passing_ValidEmail_Returns_EmailWithMask" />
    </UnitTest>
    <UnitTest name="ToGetAll_Passing_Claims_Returns_Claim_Value_String_List" storage="d:\sferrari\01 - trabajo\repos\netcore\template-netcore-shared\kitpymes.core.shared.tests\bin\release\netcoreapp3.0\kitpymes.core.shared.tests.dll" id="d2b536b6-91b7-3a37-81e1-52a8ffae44ff">
      <Execution id="c83a99c4-7bdb-4827-b934-a4fe550b1cef" />
      <TestMethod codeBase="D:\SFERRARI\01 - TRABAJO\REPOS\netcore\template-netcore-shared\Kitpymes.Core.Shared.Tests\bin\Release\netcoreapp3.0\Kitpymes.Core.Shared.Tests.dll" adapterTypeName="executor://mstestadapter/v2" className="Kitpymes.Core.Shared.Extensions.Tests.ClaimsPrincipalExtensionsTests" name="ToGetAll_Passing_Claims_Returns_Claim_Value_String_List" />
    </UnitTest>
    <UnitTest name="ToDefaultValue_Passing_long_Returns_Cero" storage="d:\sferrari\01 - trabajo\repos\netcore\template-netcore-shared\kitpymes.core.shared.tests\bin\release\netcoreapp3.0\kitpymes.core.shared.tests.dll" id="d45f7960-8c15-bec8-0e6d-a081de52a211">
      <Execution id="c459ff11-cbd2-4f13-acc7-a21ebc919576" />
      <TestMethod codeBase="D:\SFERRARI\01 - TRABAJO\REPOS\netcore\template-netcore-shared\Kitpymes.Core.Shared.Tests\bin\Release\netcoreapp3.0\Kitpymes.Core.Shared.Tests.dll" adapterTypeName="executor://mstestadapter/v2" className="Kitpymes.Core.Shared.Extensions.Tests.GenericExtensionsTests" name="ToDefaultValue_Passing_long_Returns_Cero" />
    </UnitTest>
    <UnitTest name="ToExists_Passing_NotFound_Service_Returns_False" storage="d:\sferrari\01 - trabajo\repos\netcore\template-netcore-shared\kitpymes.core.shared.tests\bin\release\netcoreapp3.0\kitpymes.core.shared.tests.dll" id="8b6ffba5-03c6-3d4c-b745-d27bcc21e317">
      <Execution id="efc67ef3-cad4-47c5-84d0-4ca73497c840" />
      <TestMethod codeBase="D:\SFERRARI\01 - TRABAJO\REPOS\netcore\template-netcore-shared\Kitpymes.Core.Shared.Tests\bin\Release\netcoreapp3.0\Kitpymes.Core.Shared.Tests.dll" adapterTypeName="executor://mstestadapter/v2" className="Kitpymes.Core.Shared.Extensions.Tests.ConfigurationBuilderExtensionsTests" name="ToExists_Passing_NotFound_Service_Returns_False" />
    </UnitTest>
    <UnitTest name="ToMapMerge_Passing_Destination_Object_Returns_Merged_Destination_Object" storage="d:\sferrari\01 - trabajo\repos\netcore\template-netcore-shared\kitpymes.core.shared.tests\bin\release\netcoreapp3.0\kitpymes.core.shared.tests.dll" id="6248e67f-03fa-b522-e842-7dfbd2fa65df">
      <Execution id="cc81b8f2-416b-4a0e-87e9-999b1e8e4cf1" />
      <TestMethod codeBase="D:\SFERRARI\01 - TRABAJO\REPOS\netcore\template-netcore-shared\Kitpymes.Core.Shared.Tests\bin\Release\netcoreapp3.0\Kitpymes.Core.Shared.Tests.dll" adapterTypeName="executor://mstestadapter/v2" className="Kitpymes.Core.Shared.Extensions.Tests.AgileMapperExtensionsTests" name="ToMapMerge_Passing_Destination_Object_Returns_Merged_Destination_Object" />
    </UnitTest>
    <UnitTest name="IsRange_Passing_InvalidArguments_Returns_HasErrorsAndCount" storage="d:\sferrari\01 - trabajo\repos\netcore\template-netcore-shared\kitpymes.core.shared.tests\bin\release\netcoreapp3.0\kitpymes.core.shared.tests.dll" id="7b5f6188-c1ec-acc0-340c-cb378214370f">
      <Execution id="60f461c9-bde6-461f-b062-de2fefe1a20a" />
      <TestMethod codeBase="D:\SFERRARI\01 - TRABAJO\REPOS\netcore\template-netcore-shared\Kitpymes.Core.Shared.Tests\bin\Release\netcoreapp3.0\Kitpymes.Core.Shared.Tests.dll" adapterTypeName="executor://mstestadapter/v2" className="Kitpymes.Core.Shared.Utilities.Tests.CheckTests" name="IsRange_Passing_InvalidArguments_Returns_HasErrorsAndCount" />
    </UnitTest>
    <UnitTest name="ToSettings_Passing_Values_From_AppSettingsFile_Returns_Settings" storage="d:\sferrari\01 - trabajo\repos\netcore\template-netcore-shared\kitpymes.core.shared.tests\bin\release\netcoreapp3.0\kitpymes.core.shared.tests.dll" id="187fc817-cc87-4584-0d6d-f1e6d34e2d4d">
      <Execution id="2296d7ab-6019-400d-9ebd-557b0666ae42" />
      <TestMethod codeBase="D:\SFERRARI\01 - TRABAJO\REPOS\netcore\template-netcore-shared\Kitpymes.Core.Shared.Tests\bin\Release\netcoreapp3.0\Kitpymes.Core.Shared.Tests.dll" adapterTypeName="executor://mstestadapter/v2" className="Kitpymes.Core.Shared.Extensions.Tests.ConfigurationBuilderExtensionsTests" name="ToSettings_Passing_Values_From_AppSettingsFile_Returns_Settings" />
    </UnitTest>
    <UnitTest name="ToConfiguration_Passing_Valid_DirectoryPath_Invalid_JsonFileName_Not_Optional_Returns_ApplicationException" storage="d:\sferrari\01 - trabajo\repos\netcore\template-netcore-shared\kitpymes.core.shared.tests\bin\release\netcoreapp3.0\kitpymes.core.shared.tests.dll" id="5624b5fc-a59a-fbea-ef3f-9dbc8ef0c3b4">
      <Execution id="0d541d0f-5a78-4b38-9452-4e48356f3fa8" />
      <TestMethod codeBase="D:\SFERRARI\01 - TRABAJO\REPOS\netcore\template-netcore-shared\Kitpymes.Core.Shared.Tests\bin\Release\netcoreapp3.0\Kitpymes.Core.Shared.Tests.dll" adapterTypeName="executor://mstestadapter/v2" className="Kitpymes.Core.Shared.Extensions.Tests.ConfigurationBuilderExtensionsTests" name="ToConfiguration_Passing_Valid_DirectoryPath_Invalid_JsonFileName_Not_Optional_Returns_ApplicationException" />
    </UnitTest>
    <UnitTest name="ToSetTime_Passing_Time_String_Returns_DateTime" storage="d:\sferrari\01 - trabajo\repos\netcore\template-netcore-shared\kitpymes.core.shared.tests\bin\release\netcoreapp3.0\kitpymes.core.shared.tests.dll" id="5d5c5e71-8d48-77a4-7f58-2d04decb50b2">
      <Execution id="20aa0656-db75-4370-b61b-985606f6691a" />
      <TestMethod codeBase="D:\SFERRARI\01 - TRABAJO\REPOS\netcore\template-netcore-shared\Kitpymes.Core.Shared.Tests\bin\Release\netcoreapp3.0\Kitpymes.Core.Shared.Tests.dll" adapterTypeName="executor://mstestadapter/v2" className="Kitpymes.Core.Shared.Extensions.Tests.DateTimeExtensionsTests" name="ToSetTime_Passing_Time_String_Returns_DateTime" />
    </UnitTest>
    <UnitTest name="IsHostname_Passing_InvalidArguments_Returns_HasErrorsAndCount" storage="d:\sferrari\01 - trabajo\repos\netcore\template-netcore-shared\kitpymes.core.shared.tests\bin\release\netcoreapp3.0\kitpymes.core.shared.tests.dll" id="5fd22787-51f8-3e76-47d6-968dc7621c8f">
      <Execution id="bdd1e7b5-a2f7-49c2-b45e-51d9abff4658" />
      <TestMethod codeBase="D:\SFERRARI\01 - TRABAJO\REPOS\netcore\template-netcore-shared\Kitpymes.Core.Shared.Tests\bin\Release\netcoreapp3.0\Kitpymes.Core.Shared.Tests.dll" adapterTypeName="executor://mstestadapter/v2" className="Kitpymes.Core.Shared.Utilities.Tests.CheckTests" name="IsHostname_Passing_InvalidArguments_Returns_HasErrorsAndCount" />
    </UnitTest>
    <UnitTest name="ToFirstLetterLower_Passing_ValidValue_Returns_StringWithFirstLetterLower" storage="d:\sferrari\01 - trabajo\repos\netcore\template-netcore-shared\kitpymes.core.shared.tests\bin\release\netcoreapp3.0\kitpymes.core.shared.tests.dll" id="f11c94aa-a17f-70b0-337d-4e87988eaaa9">
      <Execution id="55a132c8-909b-40e8-8d94-3b8ea1820989" />
      <TestMethod codeBase="D:\SFERRARI\01 - TRABAJO\REPOS\netcore\template-netcore-shared\Kitpymes.Core.Shared.Tests\bin\Release\netcoreapp3.0\Kitpymes.Core.Shared.Tests.dll" adapterTypeName="executor://mstestadapter/v2" className="Kitpymes.Core.Shared.Extensions.Tests.StringExtensionsTests" name="ToFirstLetterLower_Passing_ValidValue_Returns_StringWithFirstLetterLower" />
    </UnitTest>
    <UnitTest name="ToIsLastDayOfTheMonth_Passing_LastDayOfMonth_Returns_True" storage="d:\sferrari\01 - trabajo\repos\netcore\template-netcore-shared\kitpymes.core.shared.tests\bin\release\netcoreapp3.0\kitpymes.core.shared.tests.dll" id="674ad018-4ad5-9dc4-9721-2eed1501b13b">
      <Execution id="c675a2ba-8cd0-439e-a0e7-87e6dd3312f5" />
      <TestMethod codeBase="D:\SFERRARI\01 - TRABAJO\REPOS\netcore\template-netcore-shared\Kitpymes.Core.Shared.Tests\bin\Release\netcoreapp3.0\Kitpymes.Core.Shared.Tests.dll" adapterTypeName="executor://mstestadapter/v2" className="Kitpymes.Core.Shared.Extensions.Tests.DateTimeExtensionsTests" name="ToIsLastDayOfTheMonth_Passing_LastDayOfMonth_Returns_True" />
    </UnitTest>
    <UnitTest name="ToTryGetHeader_Passing_HttpRequest_Header_Many_Values_Returns_Values" storage="d:\sferrari\01 - trabajo\repos\netcore\template-netcore-shared\kitpymes.core.shared.tests\bin\release\netcoreapp3.0\kitpymes.core.shared.tests.dll" id="eba1a61d-f982-44b3-3eb9-7f9cfe190c81">
      <Execution id="23bedf80-4db5-40c2-9665-3c41364bab12" />
      <TestMethod codeBase="D:\SFERRARI\01 - TRABAJO\REPOS\netcore\template-netcore-shared\Kitpymes.Core.Shared.Tests\bin\Release\netcoreapp3.0\Kitpymes.Core.Shared.Tests.dll" adapterTypeName="executor://mstestadapter/v2" className="Kitpymes.Core.Shared.Extensions.Tests.HttpRequestExtensionsTests" name="ToTryGetHeader_Passing_HttpRequest_Header_Many_Values_Returns_Values" />
    </UnitTest>
    <UnitTest name="CreateRandom_WithDefaultAllowableCharacters_Passing_ValidArguments_Returns_String_Random_Value" storage="d:\sferrari\01 - trabajo\repos\netcore\template-netcore-shared\kitpymes.core.shared.tests\bin\release\netcoreapp3.0\kitpymes.core.shared.tests.dll" id="70edf42e-61af-db20-c5ba-b6396a6eca62">
      <Execution id="ded5e927-c1af-485f-b20e-bda088976ff4" />
      <TestMethod codeBase="D:\SFERRARI\01 - TRABAJO\REPOS\netcore\template-netcore-shared\Kitpymes.Core.Shared.Tests\bin\Release\netcoreapp3.0\Kitpymes.Core.Shared.Tests.dll" adapterTypeName="executor://mstestadapter/v2" className="Kitpymes.Core.Shared.Utilities.Tests.HashTests" name="CreateRandom_WithDefaultAllowableCharacters_Passing_ValidArguments_Returns_String_Random_Value" />
    </UnitTest>
    <UnitTest name="ToEnvironment_ServiceProvider_Passing_Development_Enviroment_Returns_Development_Name" storage="d:\sferrari\01 - trabajo\repos\netcore\template-netcore-shared\kitpymes.core.shared.tests\bin\release\netcoreapp3.0\kitpymes.core.shared.tests.dll" id="b3479f6d-f8c7-df3b-c065-73d385a9d648">
      <Execution id="fc3a2f73-586a-48ea-b5d6-565d9a091067" />
      <TestMethod codeBase="D:\SFERRARI\01 - TRABAJO\REPOS\netcore\template-netcore-shared\Kitpymes.Core.Shared.Tests\bin\Release\netcoreapp3.0\Kitpymes.Core.Shared.Tests.dll" adapterTypeName="executor://mstestadapter/v2" className="Kitpymes.Core.Shared.Extensions.Tests.ConfigurationBuilderExtensionsTests" name="ToEnvironment_ServiceProvider_Passing_Development_Enviroment_Returns_Development_Name" />
    </UnitTest>
    <UnitTest name="ToHeader_Passing_HttpRequest_Header_Value_Returns_Value" storage="d:\sferrari\01 - trabajo\repos\netcore\template-netcore-shared\kitpymes.core.shared.tests\bin\release\netcoreapp3.0\kitpymes.core.shared.tests.dll" id="a78cbf3b-f752-709b-b7ce-b6cdfcd7841f">
      <Execution id="4695e4e5-22a0-4a66-b168-5ccebb6aa652" />
      <TestMethod codeBase="D:\SFERRARI\01 - TRABAJO\REPOS\netcore\template-netcore-shared\Kitpymes.Core.Shared.Tests\bin\Release\netcoreapp3.0\Kitpymes.Core.Shared.Tests.dll" adapterTypeName="executor://mstestadapter/v2" className="Kitpymes.Core.Shared.Extensions.Tests.HttpRequestExtensionsTests" name="ToHeader_Passing_HttpRequest_Header_Value_Returns_Value" />
    </UnitTest>
    <UnitTest name="ToBytes_Passing_Object_Returns_Bytes" storage="d:\sferrari\01 - trabajo\repos\netcore\template-netcore-shared\kitpymes.core.shared.tests\bin\release\netcoreapp3.0\kitpymes.core.shared.tests.dll" id="0ae7fb38-1179-d103-cf50-23ea40b835de">
      <Execution id="5a6d7a3b-7f84-4d4a-9f03-01aa917d53ce" />
      <TestMethod codeBase="D:\SFERRARI\01 - TRABAJO\REPOS\netcore\template-netcore-shared\Kitpymes.Core.Shared.Tests\bin\Release\netcoreapp3.0\Kitpymes.Core.Shared.Tests.dll" adapterTypeName="executor://mstestadapter/v2" className="Kitpymes.Core.Shared.Extensions.Tests.GenericExtensionsTests" name="ToBytes_Passing_Object_Returns_Bytes" />
    </UnitTest>
    <UnitTest name="ToDefaultValue_Passing_char_Returns_Cero" storage="d:\sferrari\01 - trabajo\repos\netcore\template-netcore-shared\kitpymes.core.shared.tests\bin\release\netcoreapp3.0\kitpymes.core.shared.tests.dll" id="fc968ae4-d425-64ad-d830-219a8a189235">
      <Execution id="43ccea7a-d091-4999-9049-aae3893b7c50" />
      <TestMethod codeBase="D:\SFERRARI\01 - TRABAJO\REPOS\netcore\template-netcore-shared\Kitpymes.Core.Shared.Tests\bin\Release\netcoreapp3.0\Kitpymes.Core.Shared.Tests.dll" adapterTypeName="executor://mstestadapter/v2" className="Kitpymes.Core.Shared.Extensions.Tests.GenericExtensionsTests" name="ToDefaultValue_Passing_char_Returns_Cero" />
    </UnitTest>
    <UnitTest name="ToServiceMatchingInterface_Passing_Empties_Assemblies_Returns_ApplicationException" storage="d:\sferrari\01 - trabajo\repos\netcore\template-netcore-shared\kitpymes.core.shared.tests\bin\release\netcoreapp3.0\kitpymes.core.shared.tests.dll" id="14185e7c-324a-518a-7989-87f2ea285719">
      <Execution id="3ca38850-e1f5-4b48-bb6e-6c2f43d3e48f" />
      <TestMethod codeBase="D:\SFERRARI\01 - TRABAJO\REPOS\netcore\template-netcore-shared\Kitpymes.Core.Shared.Tests\bin\Release\netcoreapp3.0\Kitpymes.Core.Shared.Tests.dll" adapterTypeName="executor://mstestadapter/v2" className="Kitpymes.Core.Shared.Extensions.Tests.ConfigurationBuilderExtensionsTests" name="ToServiceMatchingInterface_Passing_Empties_Assemblies_Returns_ApplicationException" />
    </UnitTest>
    <UnitTest name="ToIsNullOrEmptyThrow_Passing_InvalidValue_Returns_ApplicationExceptionWithMessage" storage="d:\sferrari\01 - trabajo\repos\netcore\template-netcore-shared\kitpymes.core.shared.tests\bin\release\netcoreapp3.0\kitpymes.core.shared.tests.dll" id="74c01674-5cd8-fcd3-f2dd-13452334a752">
      <Execution id="318a1390-a0fe-47df-8f49-6fc7f0950f40" />
      <TestMethod codeBase="D:\SFERRARI\01 - TRABAJO\REPOS\netcore\template-netcore-shared\Kitpymes.Core.Shared.Tests\bin\Release\netcoreapp3.0\Kitpymes.Core.Shared.Tests.dll" adapterTypeName="executor://mstestadapter/v2" className="Kitpymes.Core.Shared.Extensions.Tests.CheckExtensionsTests" name="ToIsNullOrEmptyThrow_Passing_InvalidValue_Returns_ApplicationExceptionWithMessage" />
    </UnitTest>
    <UnitTest name="ToInt_Passing_InvalidValueString_Returns_DefaultValue" storage="d:\sferrari\01 - trabajo\repos\netcore\template-netcore-shared\kitpymes.core.shared.tests\bin\release\netcoreapp3.0\kitpymes.core.shared.tests.dll" id="aa1736a0-c9fc-f2ce-4753-abcb10bb4b53">
      <Execution id="8c16a21b-2ca8-434b-a1c7-3271e02bac57" />
      <TestMethod codeBase="D:\SFERRARI\01 - TRABAJO\REPOS\netcore\template-netcore-shared\Kitpymes.Core.Shared.Tests\bin\Release\netcoreapp3.0\Kitpymes.Core.Shared.Tests.dll" adapterTypeName="executor://mstestadapter/v2" className="Kitpymes.Core.Shared.Extensions.Tests.StringExtensionsTests" name="ToInt_Passing_InvalidValueString_Returns_DefaultValue" />
    </UnitTest>
    <UnitTest name="ToExists_Passing_Claims_Returns_True" storage="d:\sferrari\01 - trabajo\repos\netcore\template-netcore-shared\kitpymes.core.shared.tests\bin\release\netcoreapp3.0\kitpymes.core.shared.tests.dll" id="3dd1d7af-d98a-cc8e-c202-2578f95922fc">
      <Execution id="b04e268a-21f6-4bd6-a8af-9d032f91093e" />
      <TestMethod codeBase="D:\SFERRARI\01 - TRABAJO\REPOS\netcore\template-netcore-shared\Kitpymes.Core.Shared.Tests\bin\Release\netcoreapp3.0\Kitpymes.Core.Shared.Tests.dll" adapterTypeName="executor://mstestadapter/v2" className="Kitpymes.Core.Shared.Extensions.Tests.ClaimsPrincipalExtensionsTests" name="ToExists_Passing_Claims_Returns_True" />
    </UnitTest>
    <UnitTest name="ToSubdomain_Passing_HttpRequest_Host_Returns_Subdomain" storage="d:\sferrari\01 - trabajo\repos\netcore\template-netcore-shared\kitpymes.core.shared.tests\bin\release\netcoreapp3.0\kitpymes.core.shared.tests.dll" id="246e1592-d2e4-058a-cf8f-cb38ff319272">
      <Execution id="095301ef-3a94-4618-a7f1-d7f3081a2c96" />
      <TestMethod codeBase="D:\SFERRARI\01 - TRABAJO\REPOS\netcore\template-netcore-shared\Kitpymes.Core.Shared.Tests\bin\Release\netcoreapp3.0\Kitpymes.Core.Shared.Tests.dll" adapterTypeName="executor://mstestadapter/v2" className="Kitpymes.Core.Shared.Extensions.Tests.HttpRequestExtensionsTests" name="ToSubdomain_Passing_HttpRequest_Host_Returns_Subdomain" />
    </UnitTest>
    <UnitTest name="ToMessage_Passing_ExceptionWithMessage_Returns_Message" storage="d:\sferrari\01 - trabajo\repos\netcore\template-netcore-shared\kitpymes.core.shared.tests\bin\release\netcoreapp3.0\kitpymes.core.shared.tests.dll" id="0b8bc730-bd5d-eb21-7083-0664af88b31c">
      <Execution id="1a200983-d8ed-493a-b5e6-08f493daea02" />
      <TestMethod codeBase="D:\SFERRARI\01 - TRABAJO\REPOS\netcore\template-netcore-shared\Kitpymes.Core.Shared.Tests\bin\Release\netcoreapp3.0\Kitpymes.Core.Shared.Tests.dll" adapterTypeName="executor://mstestadapter/v2" className="Kitpymes.Core.Shared.Extensions.Tests.ExceptionExtensionsTests" name="ToMessage_Passing_ExceptionWithMessage_Returns_Message" />
    </UnitTest>
    <UnitTest name="ToDefaultValue_Passing_float_Returns_Cero" storage="d:\sferrari\01 - trabajo\repos\netcore\template-netcore-shared\kitpymes.core.shared.tests\bin\release\netcoreapp3.0\kitpymes.core.shared.tests.dll" id="4eeb46d7-0fd7-2ce7-9820-7550d17b2498">
      <Execution id="422363fa-bba7-4f28-b0f4-809757e84b93" />
      <TestMethod codeBase="D:\SFERRARI\01 - TRABAJO\REPOS\netcore\template-netcore-shared\Kitpymes.Core.Shared.Tests\bin\Release\netcoreapp3.0\Kitpymes.Core.Shared.Tests.dll" adapterTypeName="executor://mstestadapter/v2" className="Kitpymes.Core.Shared.Extensions.Tests.GenericExtensionsTests" name="ToDefaultValue_Passing_float_Returns_Cero" />
    </UnitTest>
    <UnitTest name="IsGreater_Passing_InvalidArguments_Returns_HasErrorsAndCount" storage="d:\sferrari\01 - trabajo\repos\netcore\template-netcore-shared\kitpymes.core.shared.tests\bin\release\netcoreapp3.0\kitpymes.core.shared.tests.dll" id="28887edf-8245-57fe-da6b-7d74097f5629">
      <Execution id="07ff8b8c-542b-4d93-b334-2e7eab9958a5" />
      <TestMethod codeBase="D:\SFERRARI\01 - TRABAJO\REPOS\netcore\template-netcore-shared\Kitpymes.Core.Shared.Tests\bin\Release\netcoreapp3.0\Kitpymes.Core.Shared.Tests.dll" adapterTypeName="executor://mstestadapter/v2" className="Kitpymes.Core.Shared.Utilities.Tests.CheckTests" name="IsGreater_Passing_InvalidArguments_Returns_HasErrorsAndCount" />
    </UnitTest>
    <UnitTest name="ToIsNullOrAnyThrow_Passing_InvalidValue_Returns_ApplicationExceptionWithMessage" storage="d:\sferrari\01 - trabajo\repos\netcore\template-netcore-shared\kitpymes.core.shared.tests\bin\release\netcoreapp3.0\kitpymes.core.shared.tests.dll" id="86fd91be-db2c-5b9a-ddce-dbbd44a65707">
      <Execution id="bbdead4c-6f94-4a49-9432-d4fc1e2752bd" />
      <TestMethod codeBase="D:\SFERRARI\01 - TRABAJO\REPOS\netcore\template-netcore-shared\Kitpymes.Core.Shared.Tests\bin\Release\netcoreapp3.0\Kitpymes.Core.Shared.Tests.dll" adapterTypeName="executor://mstestadapter/v2" className="Kitpymes.Core.Shared.Extensions.Tests.CheckExtensionsTests" name="ToIsNullOrAnyThrow_Passing_InvalidValue_Returns_ApplicationExceptionWithMessage" />
    </UnitTest>
    <UnitTest name="ToDefaultValue_Passing_uint_Returns_Cero" storage="d:\sferrari\01 - trabajo\repos\netcore\template-netcore-shared\kitpymes.core.shared.tests\bin\release\netcoreapp3.0\kitpymes.core.shared.tests.dll" id="92312cf3-17da-4b8f-f34f-d78b352ab434">
      <Execution id="dcea3ab0-b120-4ac0-937d-e43194f471a6" />
      <TestMethod codeBase="D:\SFERRARI\01 - TRABAJO\REPOS\netcore\template-netcore-shared\Kitpymes.Core.Shared.Tests\bin\Release\netcoreapp3.0\Kitpymes.Core.Shared.Tests.dll" adapterTypeName="executor://mstestadapter/v2" className="Kitpymes.Core.Shared.Extensions.Tests.GenericExtensionsTests" name="ToDefaultValue_Passing_uint_Returns_Cero" />
    </UnitTest>
    <UnitTest name="IsEqual_Passing_InvalidArguments_Returns_HasErrorsAndCount" storage="d:\sferrari\01 - trabajo\repos\netcore\template-netcore-shared\kitpymes.core.shared.tests\bin\release\netcoreapp3.0\kitpymes.core.shared.tests.dll" id="3622b24e-5f92-7764-ede1-51eedecd15e2">
      <Execution id="af35d4d7-d54e-4028-8d2f-fa8df7eb002c" />
      <TestMethod codeBase="D:\SFERRARI\01 - TRABAJO\REPOS\netcore\template-netcore-shared\Kitpymes.Core.Shared.Tests\bin\Release\netcoreapp3.0\Kitpymes.Core.Shared.Tests.dll" adapterTypeName="executor://mstestadapter/v2" className="Kitpymes.Core.Shared.Utilities.Tests.CheckTests" name="IsEqual_Passing_InvalidArguments_Returns_HasErrorsAndCount" />
    </UnitTest>
    <UnitTest name="ToCompress_Passing_Object_Bytes_Returns_Object" storage="d:\sferrari\01 - trabajo\repos\netcore\template-netcore-shared\kitpymes.core.shared.tests\bin\release\netcoreapp3.0\kitpymes.core.shared.tests.dll" id="66ebc17d-8456-d538-0da4-279017d64788">
      <Execution id="b0167bb9-ff11-4bef-a69c-183f59c83462" />
      <TestMethod codeBase="D:\SFERRARI\01 - TRABAJO\REPOS\netcore\template-netcore-shared\Kitpymes.Core.Shared.Tests\bin\Release\netcoreapp3.0\Kitpymes.Core.Shared.Tests.dll" adapterTypeName="executor://mstestadapter/v2" className="Kitpymes.Core.Shared.Extensions.Tests.BytesExtensionsTests" name="ToCompress_Passing_Object_Bytes_Returns_Object" />
    </UnitTest>
    <UnitTest name="ToIsSubdomainThrow_Passing_InvalidValue_Returns_ApplicationExceptionWithMessage" storage="d:\sferrari\01 - trabajo\repos\netcore\template-netcore-shared\kitpymes.core.shared.tests\bin\release\netcoreapp3.0\kitpymes.core.shared.tests.dll" id="53029e90-dd26-a812-129d-02ec74005492">
      <Execution id="c7036e2f-826a-4ff2-bae0-c62decd85b41" />
      <TestMethod codeBase="D:\SFERRARI\01 - TRABAJO\REPOS\netcore\template-netcore-shared\Kitpymes.Core.Shared.Tests\bin\Release\netcoreapp3.0\Kitpymes.Core.Shared.Tests.dll" adapterTypeName="executor://mstestadapter/v2" className="Kitpymes.Core.Shared.Extensions.Tests.CheckExtensionsTests" name="ToIsSubdomainThrow_Passing_InvalidValue_Returns_ApplicationExceptionWithMessage" />
    </UnitTest>
    <UnitTest name="ToEmailMask_Passing_ValidEmail_Returns_EmailWithMask" storage="d:\sferrari\01 - trabajo\repos\netcore\template-netcore-shared\kitpymes.core.shared.tests\bin\release\netcoreapp3.0\kitpymes.core.shared.tests.dll" id="d3abb81b-44db-2c54-599b-2e57ce24e39c">
      <Execution id="40061430-cd22-4735-a106-30ee92a799c4" />
      <TestMethod codeBase="D:\SFERRARI\01 - TRABAJO\REPOS\netcore\template-netcore-shared\Kitpymes.Core.Shared.Tests\bin\Release\netcoreapp3.0\Kitpymes.Core.Shared.Tests.dll" adapterTypeName="executor://mstestadapter/v2" className="Kitpymes.Core.Shared.Extensions.Tests.StringExtensionsTests" name="ToEmailMask_Passing_ValidEmail_Returns_EmailWithMask" />
    </UnitTest>
    <UnitTest name="ToList_Passing_ValidEnumType_Returns_ValuesList" storage="d:\sferrari\01 - trabajo\repos\netcore\template-netcore-shared\kitpymes.core.shared.tests\bin\release\netcoreapp3.0\kitpymes.core.shared.tests.dll" id="dce6325b-8e96-5375-f604-18b7832e7def">
      <Execution id="67bd0be5-f3f1-46bc-b32e-6c8ae716045d" />
      <TestMethod codeBase="D:\SFERRARI\01 - TRABAJO\REPOS\netcore\template-netcore-shared\Kitpymes.Core.Shared.Tests\bin\Release\netcoreapp3.0\Kitpymes.Core.Shared.Tests.dll" adapterTypeName="executor://mstestadapter/v2" className="Kitpymes.Core.Shared.Utilities.Tests.EnumsTests" name="ToList_Passing_ValidEnumType_Returns_ValuesList" />
    </UnitTest>
    <UnitTest name="ToReadOnly_Passing_Valid_Collection_Returns_Readonly_Collection" storage="d:\sferrari\01 - trabajo\repos\netcore\template-netcore-shared\kitpymes.core.shared.tests\bin\release\netcoreapp3.0\kitpymes.core.shared.tests.dll" id="fe87c87e-477f-2fc4-df79-eea7b52d186b">
      <Execution id="5f74ff56-d747-4b99-bb7f-39b748c7c1b9" />
      <TestMethod codeBase="D:\SFERRARI\01 - TRABAJO\REPOS\netcore\template-netcore-shared\Kitpymes.Core.Shared.Tests\bin\Release\netcoreapp3.0\Kitpymes.Core.Shared.Tests.dll" adapterTypeName="executor://mstestadapter/v2" className="Kitpymes.Core.Shared.Extensions.Tests.EnumerableExtensionsTests" name="ToReadOnly_Passing_Valid_Collection_Returns_Readonly_Collection" />
    </UnitTest>
    <UnitTest name="ToIsLastDayOfTheMonth_Passing_NotLastDayOfMonth_Returns_False" storage="d:\sferrari\01 - trabajo\repos\netcore\template-netcore-shared\kitpymes.core.shared.tests\bin\release\netcoreapp3.0\kitpymes.core.shared.tests.dll" id="021d8bec-70f5-dd9f-32d5-eac1f19b0740">
      <Execution id="be15085d-522b-4b77-87e7-827e3505cf18" />
      <TestMethod codeBase="D:\SFERRARI\01 - TRABAJO\REPOS\netcore\template-netcore-shared\Kitpymes.Core.Shared.Tests\bin\Release\netcoreapp3.0\Kitpymes.Core.Shared.Tests.dll" adapterTypeName="executor://mstestadapter/v2" className="Kitpymes.Core.Shared.Extensions.Tests.DateTimeExtensionsTests" name="ToIsLastDayOfTheMonth_Passing_NotLastDayOfMonth_Returns_False" />
    </UnitTest>
    <UnitTest name="IsFileExtension_Passing_InvalidArguments_Returns_HasErrorsAndCount" storage="d:\sferrari\01 - trabajo\repos\netcore\template-netcore-shared\kitpymes.core.shared.tests\bin\release\netcoreapp3.0\kitpymes.core.shared.tests.dll" id="de1c2b64-dcd4-eabe-6a9b-0e14bb2434e3">
      <Execution id="d461d51a-c5e7-4218-83e0-531fc40c6e94" />
      <TestMethod codeBase="D:\SFERRARI\01 - TRABAJO\REPOS\netcore\template-netcore-shared\Kitpymes.Core.Shared.Tests\bin\Release\netcoreapp3.0\Kitpymes.Core.Shared.Tests.dll" adapterTypeName="executor://mstestadapter/v2" className="Kitpymes.Core.Shared.Utilities.Tests.CheckTests" name="IsFileExtension_Passing_InvalidArguments_Returns_HasErrorsAndCount" />
    </UnitTest>
    <UnitTest name="ToResultAsync_Passing_StatusCodeAnd_MessageAndContentTypeAndHeader_Values_Returns_Values" storage="d:\sferrari\01 - trabajo\repos\netcore\template-netcore-shared\kitpymes.core.shared.tests\bin\release\netcoreapp3.0\kitpymes.core.shared.tests.dll" id="3972c6a7-1365-8e74-c83d-f2ced3761cc5">
      <Execution id="0f85d707-b8c9-448e-9af5-4dafe54ad825" />
      <TestMethod codeBase="D:\SFERRARI\01 - TRABAJO\REPOS\netcore\template-netcore-shared\Kitpymes.Core.Shared.Tests\bin\Release\netcoreapp3.0\Kitpymes.Core.Shared.Tests.dll" adapterTypeName="executor://mstestadapter/v2" className="Kitpymes.Core.Shared.Extensions.Tests.HttpResponseExtensionsTests" name="ToResultAsync_Passing_StatusCodeAnd_MessageAndContentTypeAndHeader_Values_Returns_Values" />
    </UnitTest>
    <UnitTest name="ToDefaultValue_Passing_decimal_Returns_Cero" storage="d:\sferrari\01 - trabajo\repos\netcore\template-netcore-shared\kitpymes.core.shared.tests\bin\release\netcoreapp3.0\kitpymes.core.shared.tests.dll" id="ead0a11b-44ec-8973-fd99-c43158b18c14">
      <Execution id="64d29e3f-a37f-4b19-90b5-b7da9f9bf896" />
      <TestMethod codeBase="D:\SFERRARI\01 - TRABAJO\REPOS\netcore\template-netcore-shared\Kitpymes.Core.Shared.Tests\bin\Release\netcoreapp3.0\Kitpymes.Core.Shared.Tests.dll" adapterTypeName="executor://mstestadapter/v2" className="Kitpymes.Core.Shared.Extensions.Tests.GenericExtensionsTests" name="ToDefaultValue_Passing_decimal_Returns_Cero" />
    </UnitTest>
    <UnitTest name="ToHashAlgorithmName_Passing_InvalidValueLowerCaseString_Returns_Null" storage="d:\sferrari\01 - trabajo\repos\netcore\template-netcore-shared\kitpymes.core.shared.tests\bin\release\netcoreapp3.0\kitpymes.core.shared.tests.dll" id="5be67f2a-15dc-2afb-87d4-6fb56af3309e">
      <Execution id="717ebec2-fef0-4100-872f-c874e419234f" />
      <TestMethod codeBase="D:\SFERRARI\01 - TRABAJO\REPOS\netcore\template-netcore-shared\Kitpymes.Core.Shared.Tests\bin\Release\netcoreapp3.0\Kitpymes.Core.Shared.Tests.dll" adapterTypeName="executor://mstestadapter/v2" className="Kitpymes.Core.Shared.Extensions.Tests.StringExtensionsTests" name="ToHashAlgorithmName_Passing_InvalidValueLowerCaseString_Returns_Null" />
    </UnitTest>
    <UnitTest name="ToIsAuthenticated_Passing_Null_ClaimsPrincipal_Returns_ApplicationException" storage="d:\sferrari\01 - trabajo\repos\netcore\template-netcore-shared\kitpymes.core.shared.tests\bin\release\netcoreapp3.0\kitpymes.core.shared.tests.dll" id="5932a8ff-7d37-10cf-2a21-a95288a4601c">
      <Execution id="af15d7c5-b0f2-4b64-a95f-dd8508208ab1" />
      <TestMethod codeBase="D:\SFERRARI\01 - TRABAJO\REPOS\netcore\template-netcore-shared\Kitpymes.Core.Shared.Tests\bin\Release\netcoreapp3.0\Kitpymes.Core.Shared.Tests.dll" adapterTypeName="executor://mstestadapter/v2" className="Kitpymes.Core.Shared.Extensions.Tests.ClaimsPrincipalExtensionsTests" name="ToIsAuthenticated_Passing_Null_ClaimsPrincipal_Returns_ApplicationException" />
    </UnitTest>
    <UnitTest name="ToAge_Passing_Birthday_DateTime_Returns_Age" storage="d:\sferrari\01 - trabajo\repos\netcore\template-netcore-shared\kitpymes.core.shared.tests\bin\release\netcoreapp3.0\kitpymes.core.shared.tests.dll" id="71da8626-9685-042d-5f97-2191d17c7e4f">
      <Execution id="ff550fa3-c2dc-4cdc-afbd-38760fdc9a7d" />
      <TestMethod codeBase="D:\SFERRARI\01 - TRABAJO\REPOS\netcore\template-netcore-shared\Kitpymes.Core.Shared.Tests\bin\Release\netcoreapp3.0\Kitpymes.Core.Shared.Tests.dll" adapterTypeName="executor://mstestadapter/v2" className="Kitpymes.Core.Shared.Extensions.Tests.DateTimeExtensionsTests" name="ToAge_Passing_Birthday_DateTime_Returns_Age" />
    </UnitTest>
    <UnitTest name="ToSettings_Passing_Values_From_Memory_Returns_Settings" storage="d:\sferrari\01 - trabajo\repos\netcore\template-netcore-shared\kitpymes.core.shared.tests\bin\release\netcoreapp3.0\kitpymes.core.shared.tests.dll" id="a88db4a6-85db-1794-57ad-207378bd09fc">
      <Execution id="73b063ff-8d84-494e-b3a2-b43b982f49de" />
      <TestMethod codeBase="D:\SFERRARI\01 - TRABAJO\REPOS\netcore\template-netcore-shared\Kitpymes.Core.Shared.Tests\bin\Release\netcoreapp3.0\Kitpymes.Core.Shared.Tests.dll" adapterTypeName="executor://mstestadapter/v2" className="Kitpymes.Core.Shared.Extensions.Tests.ConfigurationBuilderExtensionsTests" name="ToSettings_Passing_Values_From_Memory_Returns_Settings" />
    </UnitTest>
    <UnitTest name="ToIsNullOrEmpty_Passing_InvalidValue_Returns_True" storage="d:\sferrari\01 - trabajo\repos\netcore\template-netcore-shared\kitpymes.core.shared.tests\bin\release\netcoreapp3.0\kitpymes.core.shared.tests.dll" id="b64abef8-48df-9c3e-78ff-361585d1867e">
      <Execution id="5bb6b537-4251-4b81-838e-95f8a42049db" />
      <TestMethod codeBase="D:\SFERRARI\01 - TRABAJO\REPOS\netcore\template-netcore-shared\Kitpymes.Core.Shared.Tests\bin\Release\netcoreapp3.0\Kitpymes.Core.Shared.Tests.dll" adapterTypeName="executor://mstestadapter/v2" className="Kitpymes.Core.Shared.Extensions.Tests.CheckExtensionsTests" name="ToIsNullOrEmpty_Passing_InvalidValue_Returns_True" />
    </UnitTest>
    <UnitTest name="ToIsWeekend_Passing_Saturday_DateTime_Returns_True" storage="d:\sferrari\01 - trabajo\repos\netcore\template-netcore-shared\kitpymes.core.shared.tests\bin\release\netcoreapp3.0\kitpymes.core.shared.tests.dll" id="75fe5d93-cc99-b98f-be96-6e7e811605d8">
      <Execution id="3950cdda-1206-4691-a608-ab5f1e50ee3f" />
      <TestMethod codeBase="D:\SFERRARI\01 - TRABAJO\REPOS\netcore\template-netcore-shared\Kitpymes.Core.Shared.Tests\bin\Release\netcoreapp3.0\Kitpymes.Core.Shared.Tests.dll" adapterTypeName="executor://mstestadapter/v2" className="Kitpymes.Core.Shared.Extensions.Tests.DateTimeExtensionsTests" name="ToIsWeekend_Passing_Saturday_DateTime_Returns_True" />
    </UnitTest>
    <UnitTest name="ToGet_Passing_Claims_Returns_Claim_Value_Object" storage="d:\sferrari\01 - trabajo\repos\netcore\template-netcore-shared\kitpymes.core.shared.tests\bin\release\netcoreapp3.0\kitpymes.core.shared.tests.dll" id="befca560-4acc-5d69-c04c-46c8bc6349d8">
      <Execution id="22ce8768-f5fd-4004-b8ac-1f776bb43c0e" />
      <TestMethod codeBase="D:\SFERRARI\01 - TRABAJO\REPOS\netcore\template-netcore-shared\Kitpymes.Core.Shared.Tests\bin\Release\netcoreapp3.0\Kitpymes.Core.Shared.Tests.dll" adapterTypeName="executor://mstestadapter/v2" className="Kitpymes.Core.Shared.Extensions.Tests.ClaimsPrincipalExtensionsTests" name="ToGet_Passing_Claims_Returns_Claim_Value_Object" />
    </UnitTest>
    <UnitTest name="ToMapList_Passing_Source_Type_And_Destination_Type_Returns_Destination_Object_List" storage="d:\sferrari\01 - trabajo\repos\netcore\template-netcore-shared\kitpymes.core.shared.tests\bin\release\netcoreapp3.0\kitpymes.core.shared.tests.dll" id="eae1f61b-b06a-0f91-1dd4-e916caad0d14">
      <Execution id="55ae9b53-be08-4bec-bb1e-f56b4bf1b586" />
      <TestMethod codeBase="D:\SFERRARI\01 - TRABAJO\REPOS\netcore\template-netcore-shared\Kitpymes.Core.Shared.Tests\bin\Release\netcoreapp3.0\Kitpymes.Core.Shared.Tests.dll" adapterTypeName="executor://mstestadapter/v2" className="Kitpymes.Core.Shared.Extensions.Tests.AgileMapperExtensionsTests" name="ToMapList_Passing_Source_Type_And_Destination_Type_Returns_Destination_Object_List" />
    </UnitTest>
    <UnitTest name="ToUserName_Passing_Null_ClaimsPrincipal_Returns_ApplicationException" storage="d:\sferrari\01 - trabajo\repos\netcore\template-netcore-shared\kitpymes.core.shared.tests\bin\release\netcoreapp3.0\kitpymes.core.shared.tests.dll" id="01155794-50c3-cf3c-83bd-404dcbf5f477">
      <Execution id="a617f3ba-dc77-4674-b00e-23638491e007" />
      <TestMethod codeBase="D:\SFERRARI\01 - TRABAJO\REPOS\netcore\template-netcore-shared\Kitpymes.Core.Shared.Tests\bin\Release\netcoreapp3.0\Kitpymes.Core.Shared.Tests.dll" adapterTypeName="executor://mstestadapter/v2" className="Kitpymes.Core.Shared.Extensions.Tests.ClaimsPrincipalExtensionsTests" name="ToUserName_Passing_Null_ClaimsPrincipal_Returns_ApplicationException" />
    </UnitTest>
    <UnitTest name="ToDefaultValue_Passing_ushort_Returns_Cero" storage="d:\sferrari\01 - trabajo\repos\netcore\template-netcore-shared\kitpymes.core.shared.tests\bin\release\netcoreapp3.0\kitpymes.core.shared.tests.dll" id="d7113cd0-9d09-92b7-da7c-4bb38fcd80fa">
      <Execution id="c84c6c08-2c3f-4dfa-8586-9a30e58b1975" />
      <TestMethod codeBase="D:\SFERRARI\01 - TRABAJO\REPOS\netcore\template-netcore-shared\Kitpymes.Core.Shared.Tests\bin\Release\netcoreapp3.0\Kitpymes.Core.Shared.Tests.dll" adapterTypeName="executor://mstestadapter/v2" className="Kitpymes.Core.Shared.Extensions.Tests.GenericExtensionsTests" name="ToDefaultValue_Passing_ushort_Returns_Cero" />
    </UnitTest>
    <UnitTest name="ToHeader_Passing_HttpRequest_Header_Many_Values_Returns_Values" storage="d:\sferrari\01 - trabajo\repos\netcore\template-netcore-shared\kitpymes.core.shared.tests\bin\release\netcoreapp3.0\kitpymes.core.shared.tests.dll" id="f3004a45-bdd5-438e-fc7e-28c33c062c28">
      <Execution id="d8e573c2-2314-4a24-8e6c-550897334156" />
      <TestMethod codeBase="D:\SFERRARI\01 - TRABAJO\REPOS\netcore\template-netcore-shared\Kitpymes.Core.Shared.Tests\bin\Release\netcoreapp3.0\Kitpymes.Core.Shared.Tests.dll" adapterTypeName="executor://mstestadapter/v2" className="Kitpymes.Core.Shared.Extensions.Tests.HttpRequestExtensionsTests" name="ToHeader_Passing_HttpRequest_Header_Many_Values_Returns_Values" />
    </UnitTest>
    <UnitTest name="ToService_Passing_Valid_Service_Returns_Service" storage="d:\sferrari\01 - trabajo\repos\netcore\template-netcore-shared\kitpymes.core.shared.tests\bin\release\netcoreapp3.0\kitpymes.core.shared.tests.dll" id="f12b1480-1a2c-e6b2-a7d5-e18e3051e76a">
      <Execution id="0301779d-8a80-4f24-afdf-c5f07d02d3aa" />
      <TestMethod codeBase="D:\SFERRARI\01 - TRABAJO\REPOS\netcore\template-netcore-shared\Kitpymes.Core.Shared.Tests\bin\Release\netcoreapp3.0\Kitpymes.Core.Shared.Tests.dll" adapterTypeName="executor://mstestadapter/v2" className="Kitpymes.Core.Shared.Extensions.Tests.ApplicationBuilderExtensionsTests" name="ToService_Passing_Valid_Service_Returns_Service" />
    </UnitTest>
    <UnitTest name="ToExists_Passing_Valid_Service_Returns_True" storage="d:\sferrari\01 - trabajo\repos\netcore\template-netcore-shared\kitpymes.core.shared.tests\bin\release\netcoreapp3.0\kitpymes.core.shared.tests.dll" id="4bf0f413-f9ef-c999-4803-90670b733630">
      <Execution id="00f80014-4db4-4b36-bec1-f6c656b87bee" />
      <TestMethod codeBase="D:\SFERRARI\01 - TRABAJO\REPOS\netcore\template-netcore-shared\Kitpymes.Core.Shared.Tests\bin\Release\netcoreapp3.0\Kitpymes.Core.Shared.Tests.dll" adapterTypeName="executor://mstestadapter/v2" className="Kitpymes.Core.Shared.Extensions.Tests.ApplicationBuilderExtensionsTests" name="ToExists_Passing_Valid_Service_Returns_True" />
    </UnitTest>
    <UnitTest name="IsFile_Passing_InvalidArguments_Returns_HasErrorsAndCount" storage="d:\sferrari\01 - trabajo\repos\netcore\template-netcore-shared\kitpymes.core.shared.tests\bin\release\netcoreapp3.0\kitpymes.core.shared.tests.dll" id="443ca7db-0f3b-fcae-6a2e-98e583e48cd9">
      <Execution id="a2135dad-f27c-47b3-8738-0a31146f4c0e" />
      <TestMethod codeBase="D:\SFERRARI\01 - TRABAJO\REPOS\netcore\template-netcore-shared\Kitpymes.Core.Shared.Tests\bin\Release\netcoreapp3.0\Kitpymes.Core.Shared.Tests.dll" adapterTypeName="executor://mstestadapter/v2" className="Kitpymes.Core.Shared.Utilities.Tests.CheckTests" name="IsFile_Passing_InvalidArguments_Returns_HasErrorsAndCount" />
    </UnitTest>
    <UnitTest name="ToDirectoryTemporary_Passing_ValidValue_Returns_DirectoryExists" storage="d:\sferrari\01 - trabajo\repos\netcore\template-netcore-shared\kitpymes.core.shared.tests\bin\release\netcoreapp3.0\kitpymes.core.shared.tests.dll" id="57de2494-db49-05dd-e58f-ea06218b9ada">
      <Execution id="928a9156-5ffb-4d84-be9e-5c86980f94fd" />
      <TestMethod codeBase="D:\SFERRARI\01 - TRABAJO\REPOS\netcore\template-netcore-shared\Kitpymes.Core.Shared.Tests\bin\Release\netcoreapp3.0\Kitpymes.Core.Shared.Tests.dll" adapterTypeName="executor://mstestadapter/v2" className="Kitpymes.Core.Shared.Extensions.Tests.StringExtensionsTests" name="ToDirectoryTemporary_Passing_ValidValue_Returns_DirectoryExists" />
    </UnitTest>
    <UnitTest name="CreateAndVerifySHA256_Passing_Valid_Arguments_Returns_True" storage="d:\sferrari\01 - trabajo\repos\netcore\template-netcore-shared\kitpymes.core.shared.tests\bin\release\netcoreapp3.0\kitpymes.core.shared.tests.dll" id="97ac32f0-aa09-7e98-7ba4-4fe5f68e1600">
      <Execution id="7c89cdea-e9f2-47aa-805d-4345ec1de562" />
      <TestMethod codeBase="D:\SFERRARI\01 - TRABAJO\REPOS\netcore\template-netcore-shared\Kitpymes.Core.Shared.Tests\bin\Release\netcoreapp3.0\Kitpymes.Core.Shared.Tests.dll" adapterTypeName="executor://mstestadapter/v2" className="Kitpymes.Core.Shared.Utilities.Tests.HashTests" name="CreateAndVerifySHA256_Passing_Valid_Arguments_Returns_True" />
    </UnitTest>
    <UnitTest name="ToEnvironment_Passing_Custom_Enviroment_Returns_Custom_Name" storage="d:\sferrari\01 - trabajo\repos\netcore\template-netcore-shared\kitpymes.core.shared.tests\bin\release\netcoreapp3.0\kitpymes.core.shared.tests.dll" id="597475cf-af86-f68b-64ca-996ee4fce335">
      <Execution id="a2f1601d-c7d3-45a2-b302-7869573038ac" />
      <TestMethod codeBase="D:\SFERRARI\01 - TRABAJO\REPOS\netcore\template-netcore-shared\Kitpymes.Core.Shared.Tests\bin\Release\netcoreapp3.0\Kitpymes.Core.Shared.Tests.dll" adapterTypeName="executor://mstestadapter/v2" className="Kitpymes.Core.Shared.Extensions.Tests.ApplicationBuilderExtensionsTests" name="ToEnvironment_Passing_Custom_Enviroment_Returns_Custom_Name" />
    </UnitTest>
    <UnitTest name="ToTryGetHeader_Passing_HttpRequest_Header_Value_Returns_Value" storage="d:\sferrari\01 - trabajo\repos\netcore\template-netcore-shared\kitpymes.core.shared.tests\bin\release\netcoreapp3.0\kitpymes.core.shared.tests.dll" id="84f3eea3-fb46-7ff1-04fe-1ba3ec10008f">
      <Execution id="d3376700-ace9-488e-9a82-a2ec3fac7cfb" />
      <TestMethod codeBase="D:\SFERRARI\01 - TRABAJO\REPOS\netcore\template-netcore-shared\Kitpymes.Core.Shared.Tests\bin\Release\netcoreapp3.0\Kitpymes.Core.Shared.Tests.dll" adapterTypeName="executor://mstestadapter/v2" className="Kitpymes.Core.Shared.Extensions.Tests.HttpRequestExtensionsTests" name="ToTryGetHeader_Passing_HttpRequest_Header_Value_Returns_Value" />
    </UnitTest>
    <UnitTest name="ToEnvironment_ServiceCollection_Passing_Production_Enviroment_Returns_Production_Name" storage="d:\sferrari\01 - trabajo\repos\netcore\template-netcore-shared\kitpymes.core.shared.tests\bin\release\netcoreapp3.0\kitpymes.core.shared.tests.dll" id="79d819f4-0ce5-96bd-2613-403442eb4d74">
      <Execution id="5bc54056-447e-402c-8f87-c7c25150a558" />
      <TestMethod codeBase="D:\SFERRARI\01 - TRABAJO\REPOS\netcore\template-netcore-shared\Kitpymes.Core.Shared.Tests\bin\Release\netcoreapp3.0\Kitpymes.Core.Shared.Tests.dll" adapterTypeName="executor://mstestadapter/v2" className="Kitpymes.Core.Shared.Extensions.Tests.ConfigurationBuilderExtensionsTests" name="ToEnvironment_ServiceCollection_Passing_Production_Enviroment_Returns_Production_Name" />
    </UnitTest>
    <UnitTest name="ToWhere_Passing_Null_Predicate_Returns_Same_List" storage="d:\sferrari\01 - trabajo\repos\netcore\template-netcore-shared\kitpymes.core.shared.tests\bin\release\netcoreapp3.0\kitpymes.core.shared.tests.dll" id="08a6c381-273c-f305-1814-942595d17f78">
      <Execution id="e36225b8-4691-4fe5-92c9-0faf411ee138" />
      <TestMethod codeBase="D:\SFERRARI\01 - TRABAJO\REPOS\netcore\template-netcore-shared\Kitpymes.Core.Shared.Tests\bin\Release\netcoreapp3.0\Kitpymes.Core.Shared.Tests.dll" adapterTypeName="executor://mstestadapter/v2" className="Kitpymes.Core.Shared.Extensions.Tests.QueryableExtensionsTests" name="ToWhere_Passing_Null_Predicate_Returns_Same_List" />
    </UnitTest>
    <UnitTest name="ToPath_Passing_HttpRequest_Scheme_Host_Path_Returns_Url" storage="d:\sferrari\01 - trabajo\repos\netcore\template-netcore-shared\kitpymes.core.shared.tests\bin\release\netcoreapp3.0\kitpymes.core.shared.tests.dll" id="ad9599a7-8a8a-1754-e39e-f6d8510e730b">
      <Execution id="18a3d8f3-8652-4fbc-9e64-e9ce7fede8a4" />
      <TestMethod codeBase="D:\SFERRARI\01 - TRABAJO\REPOS\netcore\template-netcore-shared\Kitpymes.Core.Shared.Tests\bin\Release\netcoreapp3.0\Kitpymes.Core.Shared.Tests.dll" adapterTypeName="executor://mstestadapter/v2" className="Kitpymes.Core.Shared.Extensions.Tests.HttpRequestExtensionsTests" name="ToPath_Passing_HttpRequest_Scheme_Host_Path_Returns_Url" />
    </UnitTest>
    <UnitTest name="IsName_Passing_InvalidArguments_Returns_HasErrorsAndCount" storage="d:\sferrari\01 - trabajo\repos\netcore\template-netcore-shared\kitpymes.core.shared.tests\bin\release\netcoreapp3.0\kitpymes.core.shared.tests.dll" id="90a3b545-3125-61d3-6aa1-65dd478210f0">
      <Execution id="fb04a792-57c4-4b57-890b-864988796826" />
      <TestMethod codeBase="D:\SFERRARI\01 - TRABAJO\REPOS\netcore\template-netcore-shared\Kitpymes.Core.Shared.Tests\bin\Release\netcoreapp3.0\Kitpymes.Core.Shared.Tests.dll" adapterTypeName="executor://mstestadapter/v2" className="Kitpymes.Core.Shared.Utilities.Tests.CheckTests" name="IsName_Passing_InvalidArguments_Returns_HasErrorsAndCount" />
    </UnitTest>
    <UnitTest name="ToHashAlgorithmName_Passing_ValidValueString_Returns_HashAlgorithmName" storage="d:\sferrari\01 - trabajo\repos\netcore\template-netcore-shared\kitpymes.core.shared.tests\bin\release\netcoreapp3.0\kitpymes.core.shared.tests.dll" id="ab09828e-76b4-f849-312f-3e5de8fe1910">
      <Execution id="3c5dfbc2-f76c-42e8-933b-49d1365d3079" />
      <TestMethod codeBase="D:\SFERRARI\01 - TRABAJO\REPOS\netcore\template-netcore-shared\Kitpymes.Core.Shared.Tests\bin\Release\netcoreapp3.0\Kitpymes.Core.Shared.Tests.dll" adapterTypeName="executor://mstestadapter/v2" className="Kitpymes.Core.Shared.Extensions.Tests.StringExtensionsTests" name="ToHashAlgorithmName_Passing_ValidValueString_Returns_HashAlgorithmName" />
    </UnitTest>
    <UnitTest name="ToEnvironment_Passing_Staging_Enviroment_Returns_Staging_Name" storage="d:\sferrari\01 - trabajo\repos\netcore\template-netcore-shared\kitpymes.core.shared.tests\bin\release\netcoreapp3.0\kitpymes.core.shared.tests.dll" id="4ae6b7cd-9dd5-3ec7-39db-6ff6393cadf3">
      <Execution id="e20315c2-de1b-4cf2-ba64-661479dcb900" />
      <TestMethod codeBase="D:\SFERRARI\01 - TRABAJO\REPOS\netcore\template-netcore-shared\Kitpymes.Core.Shared.Tests\bin\Release\netcoreapp3.0\Kitpymes.Core.Shared.Tests.dll" adapterTypeName="executor://mstestadapter/v2" className="Kitpymes.Core.Shared.Extensions.Tests.ApplicationBuilderExtensionsTests" name="ToEnvironment_Passing_Staging_Enviroment_Returns_Staging_Name" />
    </UnitTest>
    <UnitTest name="ToTryContentType_Passing_HttpRequestWithContentType_Value_Returns_ContentType_String_Value" storage="d:\sferrari\01 - trabajo\repos\netcore\template-netcore-shared\kitpymes.core.shared.tests\bin\release\netcoreapp3.0\kitpymes.core.shared.tests.dll" id="88161b45-db86-cd57-93fd-5645f5143966">
      <Execution id="9ce74cdf-df5f-4bf2-89d0-70c91ea9e1da" />
      <TestMethod codeBase="D:\SFERRARI\01 - TRABAJO\REPOS\netcore\template-netcore-shared\Kitpymes.Core.Shared.Tests\bin\Release\netcoreapp3.0\Kitpymes.Core.Shared.Tests.dll" adapterTypeName="executor://mstestadapter/v2" className="Kitpymes.Core.Shared.Extensions.Tests.HttpRequestExtensionsTests" name="ToTryContentType_Passing_HttpRequestWithContentType_Value_Returns_ContentType_String_Value" />
    </UnitTest>
    <UnitTest name="ToReplaceSpecialChars_Passing_ValidValue_Returns_ReplacedValueWithoutIgnoreSpecialChars" storage="d:\sferrari\01 - trabajo\repos\netcore\template-netcore-shared\kitpymes.core.shared.tests\bin\release\netcoreapp3.0\kitpymes.core.shared.tests.dll" id="5a027d11-b396-742a-ead3-65fd697de61d">
      <Execution id="d1849564-628e-4b2a-9266-de836541458d" />
      <TestMethod codeBase="D:\SFERRARI\01 - TRABAJO\REPOS\netcore\template-netcore-shared\Kitpymes.Core.Shared.Tests\bin\Release\netcoreapp3.0\Kitpymes.Core.Shared.Tests.dll" adapterTypeName="executor://mstestadapter/v2" className="Kitpymes.Core.Shared.Extensions.Tests.StringExtensionsTests" name="ToReplaceSpecialChars_Passing_ValidValue_Returns_ReplacedValueWithoutIgnoreSpecialChars" />
    </UnitTest>
    <UnitTest name="ToIsFileThrow_Passing_InvalidValue_Returns_ApplicationExceptionWithMessage" storage="d:\sferrari\01 - trabajo\repos\netcore\template-netcore-shared\kitpymes.core.shared.tests\bin\release\netcoreapp3.0\kitpymes.core.shared.tests.dll" id="94f16998-db16-c9fb-bd7f-eaea1e16045e">
      <Execution id="164dbaf7-bd94-40fd-977d-cf8184b6489a" />
      <TestMethod codeBase="D:\SFERRARI\01 - TRABAJO\REPOS\netcore\template-netcore-shared\Kitpymes.Core.Shared.Tests\bin\Release\netcoreapp3.0\Kitpymes.Core.Shared.Tests.dll" adapterTypeName="executor://mstestadapter/v2" className="Kitpymes.Core.Shared.Extensions.Tests.CheckExtensionsTests" name="ToIsFileThrow_Passing_InvalidValue_Returns_ApplicationExceptionWithMessage" />
    </UnitTest>
    <UnitTest name="ToInt_Passing_ValidValueString_Returns_Int" storage="d:\sferrari\01 - trabajo\repos\netcore\template-netcore-shared\kitpymes.core.shared.tests\bin\release\netcoreapp3.0\kitpymes.core.shared.tests.dll" id="d93604ef-7ed3-0fce-8526-ca6ec4546d8a">
      <Execution id="ac914187-5df2-41e5-bc66-f8fc3902d34b" />
      <TestMethod codeBase="D:\SFERRARI\01 - TRABAJO\REPOS\netcore\template-netcore-shared\Kitpymes.Core.Shared.Tests\bin\Release\netcoreapp3.0\Kitpymes.Core.Shared.Tests.dll" adapterTypeName="executor://mstestadapter/v2" className="Kitpymes.Core.Shared.Extensions.Tests.StringExtensionsTests" name="ToInt_Passing_ValidValueString_Returns_Int" />
    </UnitTest>
    <UnitTest name="ToService_Passing_Valid_Service_Returns_Service" storage="d:\sferrari\01 - trabajo\repos\netcore\template-netcore-shared\kitpymes.core.shared.tests\bin\release\netcoreapp3.0\kitpymes.core.shared.tests.dll" id="207a9b71-34bd-0c51-2904-9b3fc5a13547">
      <Execution id="87ec2f48-67bb-44a7-9b7b-00bc7c874d9e" />
      <TestMethod codeBase="D:\SFERRARI\01 - TRABAJO\REPOS\netcore\template-netcore-shared\Kitpymes.Core.Shared.Tests\bin\Release\netcoreapp3.0\Kitpymes.Core.Shared.Tests.dll" adapterTypeName="executor://mstestadapter/v2" className="Kitpymes.Core.Shared.Extensions.Tests.ConfigurationBuilderExtensionsTests" name="ToService_Passing_Valid_Service_Returns_Service" />
    </UnitTest>
    <UnitTest name="ToService_Passing_Service_Not_Found_Returns_Null" storage="d:\sferrari\01 - trabajo\repos\netcore\template-netcore-shared\kitpymes.core.shared.tests\bin\release\netcoreapp3.0\kitpymes.core.shared.tests.dll" id="bb0673b5-0302-138b-4a20-28e82cf38ea7">
      <Execution id="96c109e9-3210-4f47-aa12-7647cf665bbb" />
      <TestMethod codeBase="D:\SFERRARI\01 - TRABAJO\REPOS\netcore\template-netcore-shared\Kitpymes.Core.Shared.Tests\bin\Release\netcoreapp3.0\Kitpymes.Core.Shared.Tests.dll" adapterTypeName="executor://mstestadapter/v2" className="Kitpymes.Core.Shared.Extensions.Tests.ApplicationBuilderExtensionsTests" name="ToService_Passing_Service_Not_Found_Returns_Null" />
    </UnitTest>
    <UnitTest name="ToEnum_Passing_ValidValueInt_Returns_EnumValue" storage="d:\sferrari\01 - trabajo\repos\netcore\template-netcore-shared\kitpymes.core.shared.tests\bin\release\netcoreapp3.0\kitpymes.core.shared.tests.dll" id="8a9a7530-f1ce-f4e5-fbc9-4f531ddefce2">
      <Execution id="6096b10d-9d84-4455-9d03-66ee36ecb2ed" />
      <TestMethod codeBase="D:\SFERRARI\01 - TRABAJO\REPOS\netcore\template-netcore-shared\Kitpymes.Core.Shared.Tests\bin\Release\netcoreapp3.0\Kitpymes.Core.Shared.Tests.dll" adapterTypeName="executor://mstestadapter/v2" className="Kitpymes.Core.Shared.Extensions.Tests.StringExtensionsTests" name="ToEnum_Passing_ValidValueInt_Returns_EnumValue" />
    </UnitTest>
    <UnitTest name="IsRegexMatch_Passing_InvalidArguments_Returns_HasErrorsAndCount" storage="d:\sferrari\01 - trabajo\repos\netcore\template-netcore-shared\kitpymes.core.shared.tests\bin\release\netcoreapp3.0\kitpymes.core.shared.tests.dll" id="cfded076-dfc3-9576-e5d3-4a9fd4d54a97">
      <Execution id="098435df-189e-45bb-81f9-3f4df3b6609d" />
      <TestMethod codeBase="D:\SFERRARI\01 - TRABAJO\REPOS\netcore\template-netcore-shared\Kitpymes.Core.Shared.Tests\bin\Release\netcoreapp3.0\Kitpymes.Core.Shared.Tests.dll" adapterTypeName="executor://mstestadapter/v2" className="Kitpymes.Core.Shared.Utilities.Tests.CheckTests" name="IsRegexMatch_Passing_InvalidArguments_Returns_HasErrorsAndCount" />
    </UnitTest>
    <UnitTest name="ToHashAlgorithmName_Passing_InvalidValueLowerCaseStringWithDefaultValue_Returns_DefaultValue" storage="d:\sferrari\01 - trabajo\repos\netcore\template-netcore-shared\kitpymes.core.shared.tests\bin\release\netcoreapp3.0\kitpymes.core.shared.tests.dll" id="a9475552-19d3-b426-f4bb-8921ee8f5b83">
      <Execution id="bc934fc6-1dd9-4481-ade6-476334c745f2" />
      <TestMethod codeBase="D:\SFERRARI\01 - TRABAJO\REPOS\netcore\template-netcore-shared\Kitpymes.Core.Shared.Tests\bin\Release\netcoreapp3.0\Kitpymes.Core.Shared.Tests.dll" adapterTypeName="executor://mstestadapter/v2" className="Kitpymes.Core.Shared.Extensions.Tests.StringExtensionsTests" name="ToHashAlgorithmName_Passing_InvalidValueLowerCaseStringWithDefaultValue_Returns_DefaultValue" />
    </UnitTest>
    <UnitTest name="ToMapNew_Passing_TDestination_Returns_New_Destination_Object" storage="d:\sferrari\01 - trabajo\repos\netcore\template-netcore-shared\kitpymes.core.shared.tests\bin\release\netcoreapp3.0\kitpymes.core.shared.tests.dll" id="20272610-5df8-0a8d-c8c1-0c00a7b4257b">
      <Execution id="e02a2588-9d05-4951-bece-90c3f5807a1d" />
      <TestMethod codeBase="D:\SFERRARI\01 - TRABAJO\REPOS\netcore\template-netcore-shared\Kitpymes.Core.Shared.Tests\bin\Release\netcoreapp3.0\Kitpymes.Core.Shared.Tests.dll" adapterTypeName="executor://mstestadapter/v2" className="Kitpymes.Core.Shared.Extensions.Tests.AgileMapperExtensionsTests" name="ToMapNew_Passing_TDestination_Returns_New_Destination_Object" />
    </UnitTest>
    <UnitTest name="ToRemove_Passing_ValidValue_Returns_ValueWithoutRemovedChars" storage="d:\sferrari\01 - trabajo\repos\netcore\template-netcore-shared\kitpymes.core.shared.tests\bin\release\netcoreapp3.0\kitpymes.core.shared.tests.dll" id="5b4e0ac0-70e5-7eaa-3490-17d565af10b8">
      <Execution id="42bbab07-1410-44cb-8697-ffc532300ad2" />
      <TestMethod codeBase="D:\SFERRARI\01 - TRABAJO\REPOS\netcore\template-netcore-shared\Kitpymes.Core.Shared.Tests\bin\Release\netcoreapp3.0\Kitpymes.Core.Shared.Tests.dll" adapterTypeName="executor://mstestadapter/v2" className="Kitpymes.Core.Shared.Extensions.Tests.StringExtensionsTests" name="ToRemove_Passing_ValidValue_Returns_ValueWithoutRemovedChars" />
    </UnitTest>
    <UnitTest name="ToUserName_Passing_Valid_UserName_ClaimsPrincipal_Returns_String_UserName_Value" storage="d:\sferrari\01 - trabajo\repos\netcore\template-netcore-shared\kitpymes.core.shared.tests\bin\release\netcoreapp3.0\kitpymes.core.shared.tests.dll" id="269dcfc6-6017-0dd2-3e73-6a351617c33f">
      <Execution id="af962e25-b4ac-48f3-a72c-18169770766f" />
      <TestMethod codeBase="D:\SFERRARI\01 - TRABAJO\REPOS\netcore\template-netcore-shared\Kitpymes.Core.Shared.Tests\bin\Release\netcoreapp3.0\Kitpymes.Core.Shared.Tests.dll" adapterTypeName="executor://mstestadapter/v2" className="Kitpymes.Core.Shared.Extensions.Tests.ClaimsPrincipalExtensionsTests" name="ToUserName_Passing_Valid_UserName_ClaimsPrincipal_Returns_String_UserName_Value" />
    </UnitTest>
    <UnitTest name="IsDomain_Passing_InvalidArguments_Returns_HasErrorsAndCount" storage="d:\sferrari\01 - trabajo\repos\netcore\template-netcore-shared\kitpymes.core.shared.tests\bin\release\netcoreapp3.0\kitpymes.core.shared.tests.dll" id="a4294eba-06aa-d940-fe09-19719010df3a">
      <Execution id="85787637-4b1c-4c22-b60d-b7dbc75a4cd6" />
      <TestMethod codeBase="D:\SFERRARI\01 - TRABAJO\REPOS\netcore\template-netcore-shared\Kitpymes.Core.Shared.Tests\bin\Release\netcoreapp3.0\Kitpymes.Core.Shared.Tests.dll" adapterTypeName="executor://mstestadapter/v2" className="Kitpymes.Core.Shared.Utilities.Tests.CheckTests" name="IsDomain_Passing_InvalidArguments_Returns_HasErrorsAndCount" />
    </UnitTest>
    <UnitTest name="ToDisplay_Passing_Enumeration_Name_Returns_Display_Atributte" storage="d:\sferrari\01 - trabajo\repos\netcore\template-netcore-shared\kitpymes.core.shared.tests\bin\release\netcoreapp3.0\kitpymes.core.shared.tests.dll" id="6537dd0f-ffc8-fd2a-861a-624b21268978">
      <Execution id="74b6798d-70ea-4d0f-88d0-4431c37d9620" />
      <TestMethod codeBase="D:\SFERRARI\01 - TRABAJO\REPOS\netcore\template-netcore-shared\Kitpymes.Core.Shared.Tests\bin\Release\netcoreapp3.0\Kitpymes.Core.Shared.Tests.dll" adapterTypeName="executor://mstestadapter/v2" className="Kitpymes.Core.Shared.Extensions.Tests.EnumExtensionsTests" name="ToDisplay_Passing_Enumeration_Name_Returns_Display_Atributte" />
    </UnitTest>
    <UnitTest name="ToThrow_Passing_InvalidValue_Returns_ApplicationExceptionWithMessage" storage="d:\sferrari\01 - trabajo\repos\netcore\template-netcore-shared\kitpymes.core.shared.tests\bin\release\netcoreapp3.0\kitpymes.core.shared.tests.dll" id="0669ad66-ebac-1b60-d9f8-85ac26831181">
      <Execution id="d29d6f76-d8c0-4a75-9d06-0e1074d8789e" />
      <TestMethod codeBase="D:\SFERRARI\01 - TRABAJO\REPOS\netcore\template-netcore-shared\Kitpymes.Core.Shared.Tests\bin\Release\netcoreapp3.0\Kitpymes.Core.Shared.Tests.dll" adapterTypeName="executor://mstestadapter/v2" className="Kitpymes.Core.Shared.Extensions.Tests.CheckExtensionsTests" name="ToThrow_Passing_InvalidValue_Returns_ApplicationExceptionWithMessage" />
    </UnitTest>
    <UnitTest name="ToMapUpdate_Passing_Destination_Object_Returns_Updated_Destination_Object" storage="d:\sferrari\01 - trabajo\repos\netcore\template-netcore-shared\kitpymes.core.shared.tests\bin\release\netcoreapp3.0\kitpymes.core.shared.tests.dll" id="d231d236-8b99-8ce7-c48d-92f39c5c2904">
      <Execution id="c4ecf815-eea2-4fcb-bc59-b8b440ae758f" />
      <TestMethod codeBase="D:\SFERRARI\01 - TRABAJO\REPOS\netcore\template-netcore-shared\Kitpymes.Core.Shared.Tests\bin\Release\netcoreapp3.0\Kitpymes.Core.Shared.Tests.dll" adapterTypeName="executor://mstestadapter/v2" className="Kitpymes.Core.Shared.Extensions.Tests.AgileMapperExtensionsTests" name="ToMapUpdate_Passing_Destination_Object_Returns_Updated_Destination_Object" />
    </UnitTest>
    <UnitTest name="ToDefaultValue_Passing_int_Returns_Cero" storage="d:\sferrari\01 - trabajo\repos\netcore\template-netcore-shared\kitpymes.core.shared.tests\bin\release\netcoreapp3.0\kitpymes.core.shared.tests.dll" id="3e7a011d-8b5d-0fe1-8499-60df22ec1622">
      <Execution id="2675801f-c901-4fa8-a6c9-aca42be3659e" />
      <TestMethod codeBase="D:\SFERRARI\01 - TRABAJO\REPOS\netcore\template-netcore-shared\Kitpymes.Core.Shared.Tests\bin\Release\netcoreapp3.0\Kitpymes.Core.Shared.Tests.dll" adapterTypeName="executor://mstestadapter/v2" className="Kitpymes.Core.Shared.Extensions.Tests.GenericExtensionsTests" name="ToDefaultValue_Passing_int_Returns_Cero" />
    </UnitTest>
    <UnitTest name="ToAuthenticationType_Passing_Null_ClaimsPrincipal_Returns_ApplicationException" storage="d:\sferrari\01 - trabajo\repos\netcore\template-netcore-shared\kitpymes.core.shared.tests\bin\release\netcoreapp3.0\kitpymes.core.shared.tests.dll" id="b63cac77-e37b-80e5-702f-d228747e42f7">
      <Execution id="035f4189-b1c3-40b7-a4a4-a57f8366ad46" />
      <TestMethod codeBase="D:\SFERRARI\01 - TRABAJO\REPOS\netcore\template-netcore-shared\Kitpymes.Core.Shared.Tests\bin\Release\netcoreapp3.0\Kitpymes.Core.Shared.Tests.dll" adapterTypeName="executor://mstestadapter/v2" className="Kitpymes.Core.Shared.Extensions.Tests.ClaimsPrincipalExtensionsTests" name="ToAuthenticationType_Passing_Null_ClaimsPrincipal_Returns_ApplicationException" />
    </UnitTest>
    <UnitTest name="ToExists_Passing_Valid_Service_Returns_True" storage="d:\sferrari\01 - trabajo\repos\netcore\template-netcore-shared\kitpymes.core.shared.tests\bin\release\netcoreapp3.0\kitpymes.core.shared.tests.dll" id="a69c7595-f0db-0ba4-1afc-11aca5272a96">
      <Execution id="35848e05-1d8a-4b84-bcd6-39f3b4c1ae25" />
      <TestMethod codeBase="D:\SFERRARI\01 - TRABAJO\REPOS\netcore\template-netcore-shared\Kitpymes.Core.Shared.Tests\bin\Release\netcoreapp3.0\Kitpymes.Core.Shared.Tests.dll" adapterTypeName="executor://mstestadapter/v2" className="Kitpymes.Core.Shared.Extensions.Tests.ConfigurationBuilderExtensionsTests" name="ToExists_Passing_Valid_Service_Returns_True" />
    </UnitTest>
    <UnitTest name="ToConfigureOrDefault_Passing_ActionCustomValues_Returns_CustomValues" storage="d:\sferrari\01 - trabajo\repos\netcore\template-netcore-shared\kitpymes.core.shared.tests\bin\release\netcoreapp3.0\kitpymes.core.shared.tests.dll" id="b59b01dd-125a-5c10-1264-3a87adcb7c38">
      <Execution id="6e949fc8-9f46-4c06-bc02-ff389c5751f0" />
      <TestMethod codeBase="D:\SFERRARI\01 - TRABAJO\REPOS\netcore\template-netcore-shared\Kitpymes.Core.Shared.Tests\bin\Release\netcoreapp3.0\Kitpymes.Core.Shared.Tests.dll" adapterTypeName="executor://mstestadapter/v2" className="Kitpymes.Core.Shared.Extensions.Tests.ActionExtensionsTests" name="ToConfigureOrDefault_Passing_ActionCustomValues_Returns_CustomValues" />
    </UnitTest>
    <UnitTest name="ToConfiguration_Passing_Empty_DirectoryPath_Returns_ApplicationException" storage="d:\sferrari\01 - trabajo\repos\netcore\template-netcore-shared\kitpymes.core.shared.tests\bin\release\netcoreapp3.0\kitpymes.core.shared.tests.dll" id="50be68ce-9309-5804-7670-7e8e044ad78b">
      <Execution id="089551c2-ebea-4316-b428-5c975bfe38a9" />
      <TestMethod codeBase="D:\SFERRARI\01 - TRABAJO\REPOS\netcore\template-netcore-shared\Kitpymes.Core.Shared.Tests\bin\Release\netcoreapp3.0\Kitpymes.Core.Shared.Tests.dll" adapterTypeName="executor://mstestadapter/v2" className="Kitpymes.Core.Shared.Extensions.Tests.ConfigurationBuilderExtensionsTests" name="ToConfiguration_Passing_Empty_DirectoryPath_Returns_ApplicationException" />
    </UnitTest>
    <UnitTest name="ToEnum_Passing_InvalidValueInt_Returns_EnumDefaultValue" storage="d:\sferrari\01 - trabajo\repos\netcore\template-netcore-shared\kitpymes.core.shared.tests\bin\release\netcoreapp3.0\kitpymes.core.shared.tests.dll" id="b4229bc5-5fde-fcc2-17b7-755e30616eb2">
      <Execution id="91b590ad-e1b0-4aea-a47c-d904b9d7e894" />
      <TestMethod codeBase="D:\SFERRARI\01 - TRABAJO\REPOS\netcore\template-netcore-shared\Kitpymes.Core.Shared.Tests\bin\Release\netcoreapp3.0\Kitpymes.Core.Shared.Tests.dll" adapterTypeName="executor://mstestadapter/v2" className="Kitpymes.Core.Shared.Extensions.Tests.StringExtensionsTests" name="ToEnum_Passing_InvalidValueInt_Returns_EnumDefaultValue" />
    </UnitTest>
    <UnitTest name="ToDefaultValue_Passing_sbyte_Returns_Cero" storage="d:\sferrari\01 - trabajo\repos\netcore\template-netcore-shared\kitpymes.core.shared.tests\bin\release\netcoreapp3.0\kitpymes.core.shared.tests.dll" id="f6bac370-e1b2-a2d3-04a7-3cad393e0988">
      <Execution id="75038d73-306b-41ba-b221-b5fe6899abc4" />
      <TestMethod codeBase="D:\SFERRARI\01 - TRABAJO\REPOS\netcore\template-netcore-shared\Kitpymes.Core.Shared.Tests\bin\Release\netcoreapp3.0\Kitpymes.Core.Shared.Tests.dll" adapterTypeName="executor://mstestadapter/v2" className="Kitpymes.Core.Shared.Extensions.Tests.GenericExtensionsTests" name="ToDefaultValue_Passing_sbyte_Returns_Cero" />
    </UnitTest>
    <UnitTest name="CreateRandom_WithCustomAllowableCharacters_Passing_Valid_Arguments_Returns_String_Random_Value" storage="d:\sferrari\01 - trabajo\repos\netcore\template-netcore-shared\kitpymes.core.shared.tests\bin\release\netcoreapp3.0\kitpymes.core.shared.tests.dll" id="aea57a92-faf1-67a4-5a43-3a7b423d7927">
      <Execution id="28e28414-fa3f-4842-b1e0-eba27015c35f" />
      <TestMethod codeBase="D:\SFERRARI\01 - TRABAJO\REPOS\netcore\template-netcore-shared\Kitpymes.Core.Shared.Tests\bin\Release\netcoreapp3.0\Kitpymes.Core.Shared.Tests.dll" adapterTypeName="executor://mstestadapter/v2" className="Kitpymes.Core.Shared.Utilities.Tests.HashTests" name="CreateRandom_WithCustomAllowableCharacters_Passing_Valid_Arguments_Returns_String_Random_Value" />
    </UnitTest>
    <UnitTest name="ToConfiguration_Passing_Key_Values_Returns_Ok" storage="d:\sferrari\01 - trabajo\repos\netcore\template-netcore-shared\kitpymes.core.shared.tests\bin\release\netcoreapp3.0\kitpymes.core.shared.tests.dll" id="7626eb80-c5b1-5215-755a-1b8895fae863">
      <Execution id="2d9acacc-8b6f-4c0b-a483-520f6a928483" />
      <TestMethod codeBase="D:\SFERRARI\01 - TRABAJO\REPOS\netcore\template-netcore-shared\Kitpymes.Core.Shared.Tests\bin\Release\netcoreapp3.0\Kitpymes.Core.Shared.Tests.dll" adapterTypeName="executor://mstestadapter/v2" className="Kitpymes.Core.Shared.Extensions.Tests.ConfigurationBuilderExtensionsTests" name="ToConfiguration_Passing_Key_Values_Returns_Ok" />
    </UnitTest>
    <UnitTest name="ToPaged_Passing_Name_Ascending_Order_Returns_Filter_List" storage="d:\sferrari\01 - trabajo\repos\netcore\template-netcore-shared\kitpymes.core.shared.tests\bin\release\netcoreapp3.0\kitpymes.core.shared.tests.dll" id="560a86ee-dc59-f780-1c4a-62ca7b8dff22">
      <Execution id="c1125586-a120-4b4d-b738-2a48a5a7c328" />
      <TestMethod codeBase="D:\SFERRARI\01 - TRABAJO\REPOS\netcore\template-netcore-shared\Kitpymes.Core.Shared.Tests\bin\Release\netcoreapp3.0\Kitpymes.Core.Shared.Tests.dll" adapterTypeName="executor://mstestadapter/v2" className="Kitpymes.Core.Shared.Extensions.Tests.QueryableExtensionsTests" name="ToPaged_Passing_Name_Ascending_Order_Returns_Filter_List" />
    </UnitTest>
    <UnitTest name="ToIsAuthenticated_Passing_Claims_Returns_False" storage="d:\sferrari\01 - trabajo\repos\netcore\template-netcore-shared\kitpymes.core.shared.tests\bin\release\netcoreapp3.0\kitpymes.core.shared.tests.dll" id="bfc11cb1-55b2-1945-b4dd-7c88a853c5ed">
      <Execution id="687d67ec-e8fe-4248-b6bd-8ede904b1228" />
      <TestMethod codeBase="D:\SFERRARI\01 - TRABAJO\REPOS\netcore\template-netcore-shared\Kitpymes.Core.Shared.Tests\bin\Release\netcoreapp3.0\Kitpymes.Core.Shared.Tests.dll" adapterTypeName="executor://mstestadapter/v2" className="Kitpymes.Core.Shared.Extensions.Tests.ClaimsPrincipalExtensionsTests" name="ToIsAuthenticated_Passing_Claims_Returns_False" />
    </UnitTest>
    <UnitTest name="ToEmailMaskUserName_Passing_ValidEmail_Returns_EmailWithMask" storage="d:\sferrari\01 - trabajo\repos\netcore\template-netcore-shared\kitpymes.core.shared.tests\bin\release\netcoreapp3.0\kitpymes.core.shared.tests.dll" id="fe74e1e9-9f9e-cd43-6d69-ee1b1e61f15f">
      <Execution id="4e113794-e406-4195-8368-9a660230e04e" />
      <TestMethod codeBase="D:\SFERRARI\01 - TRABAJO\REPOS\netcore\template-netcore-shared\Kitpymes.Core.Shared.Tests\bin\Release\netcoreapp3.0\Kitpymes.Core.Shared.Tests.dll" adapterTypeName="executor://mstestadapter/v2" className="Kitpymes.Core.Shared.Extensions.Tests.StringExtensionsTests" name="ToEmailMaskUserName_Passing_ValidEmail_Returns_EmailWithMask" />
    </UnitTest>
    <UnitTest name="ToMessage_Passing_ExceptionWithMessageWithInnerException_Returns_MessageAndInnerException" storage="d:\sferrari\01 - trabajo\repos\netcore\template-netcore-shared\kitpymes.core.shared.tests\bin\release\netcoreapp3.0\kitpymes.core.shared.tests.dll" id="e28390c1-a8c4-3164-efb3-40e889682e52">
      <Execution id="5a82bfcd-157a-4304-bcab-8137563e236d" />
      <TestMethod codeBase="D:\SFERRARI\01 - TRABAJO\REPOS\netcore\template-netcore-shared\Kitpymes.Core.Shared.Tests\bin\Release\netcoreapp3.0\Kitpymes.Core.Shared.Tests.dll" adapterTypeName="executor://mstestadapter/v2" className="Kitpymes.Core.Shared.Extensions.Tests.ExceptionExtensionsTests" name="ToMessage_Passing_ExceptionWithMessageWithInnerException_Returns_MessageAndInnerException" />
    </UnitTest>
    <UnitTest name="CreateSHA256_Passing_Invalid_Arguments_Returns_ApplicationException" storage="d:\sferrari\01 - trabajo\repos\netcore\template-netcore-shared\kitpymes.core.shared.tests\bin\release\netcoreapp3.0\kitpymes.core.shared.tests.dll" id="31c3a852-cb3d-1abf-a213-17759f717493">
      <Execution id="a90f1fce-ae1a-4660-90b4-0f1d1a80b345" />
      <TestMethod codeBase="D:\SFERRARI\01 - TRABAJO\REPOS\netcore\template-netcore-shared\Kitpymes.Core.Shared.Tests\bin\Release\netcoreapp3.0\Kitpymes.Core.Shared.Tests.dll" adapterTypeName="executor://mstestadapter/v2" className="Kitpymes.Core.Shared.Utilities.Tests.HashTests" name="CreateSHA256_Passing_Invalid_Arguments_Returns_ApplicationException" />
    </UnitTest>
    <UnitTest name="IsNullOrAny_Passing_InvalidArguments_Returns_HasErrorsAndCount" storage="d:\sferrari\01 - trabajo\repos\netcore\template-netcore-shared\kitpymes.core.shared.tests\bin\release\netcoreapp3.0\kitpymes.core.shared.tests.dll" id="233fc265-70af-fd55-4eb2-8e50073ad7f8">
      <Execution id="dffc8463-0c3a-41e2-807a-14a54a9226c3" />
      <TestMethod codeBase="D:\SFERRARI\01 - TRABAJO\REPOS\netcore\template-netcore-shared\Kitpymes.Core.Shared.Tests\bin\Release\netcoreapp3.0\Kitpymes.Core.Shared.Tests.dll" adapterTypeName="executor://mstestadapter/v2" className="Kitpymes.Core.Shared.Utilities.Tests.CheckTests" name="IsNullOrAny_Passing_InvalidArguments_Returns_HasErrorsAndCount" />
    </UnitTest>
    <UnitTest name="ToDeserialize_Passing_String_Returns_Object" storage="d:\sferrari\01 - trabajo\repos\netcore\template-netcore-shared\kitpymes.core.shared.tests\bin\release\netcoreapp3.0\kitpymes.core.shared.tests.dll" id="6bfeeec7-5dd8-85f8-3ebb-a1cfd8eb27b2">
      <Execution id="648983f1-91d0-47cc-878e-2d8d0ac76f63" />
      <TestMethod codeBase="D:\SFERRARI\01 - TRABAJO\REPOS\netcore\template-netcore-shared\Kitpymes.Core.Shared.Tests\bin\Release\netcoreapp3.0\Kitpymes.Core.Shared.Tests.dll" adapterTypeName="executor://mstestadapter/v2" className="Kitpymes.Core.Shared.Extensions.Tests.JsonExtensionsTests" name="ToDeserialize_Passing_String_Returns_Object" />
    </UnitTest>
    <UnitTest name="ToDefaultValue_Passing_ValidBoolean_Returns_DefaultValue" storage="d:\sferrari\01 - trabajo\repos\netcore\template-netcore-shared\kitpymes.core.shared.tests\bin\release\netcoreapp3.0\kitpymes.core.shared.tests.dll" id="a5dec80b-87ef-2067-7969-8d0cded994a9">
      <Execution id="1e18874f-8d8e-488f-9f53-d900ffe94a22" />
      <TestMethod codeBase="D:\SFERRARI\01 - TRABAJO\REPOS\netcore\template-netcore-shared\Kitpymes.Core.Shared.Tests\bin\Release\netcoreapp3.0\Kitpymes.Core.Shared.Tests.dll" adapterTypeName="executor://mstestadapter/v2" className="Kitpymes.Core.Shared.Extensions.Tests.TypeExtensionsTests" name="ToDefaultValue_Passing_ValidBoolean_Returns_DefaultValue" />
    </UnitTest>
    <UnitTest name="ToDefaultValue_Passing_byte_Returns_Cero" storage="d:\sferrari\01 - trabajo\repos\netcore\template-netcore-shared\kitpymes.core.shared.tests\bin\release\netcoreapp3.0\kitpymes.core.shared.tests.dll" id="c436eaa1-ee14-28b4-e568-d1bcd81758ca">
      <Execution id="f3ed4ec6-f458-4a0a-9d2a-88ee19400cb9" />
      <TestMethod codeBase="D:\SFERRARI\01 - TRABAJO\REPOS\netcore\template-netcore-shared\Kitpymes.Core.Shared.Tests\bin\Release\netcoreapp3.0\Kitpymes.Core.Shared.Tests.dll" adapterTypeName="executor://mstestadapter/v2" className="Kitpymes.Core.Shared.Extensions.Tests.GenericExtensionsTests" name="ToDefaultValue_Passing_byte_Returns_Cero" />
    </UnitTest>
    <UnitTest name="ToDictionaryPropertyInfo_Passing_Object_IncludeNullOrEmptyProperty_Returns_Properties_NameAndValue_Dictionary" storage="d:\sferrari\01 - trabajo\repos\netcore\template-netcore-shared\kitpymes.core.shared.tests\bin\release\netcoreapp3.0\kitpymes.core.shared.tests.dll" id="3066f1db-7c80-5b09-c292-a297daae00f6">
      <Execution id="155c99ec-64c5-4963-bb64-16c7d6d9598b" />
      <TestMethod codeBase="D:\SFERRARI\01 - TRABAJO\REPOS\netcore\template-netcore-shared\Kitpymes.Core.Shared.Tests\bin\Release\netcoreapp3.0\Kitpymes.Core.Shared.Tests.dll" adapterTypeName="executor://mstestadapter/v2" className="Kitpymes.Core.Shared.Extensions.Tests.GenericExtensionsTests" name="ToDictionaryPropertyInfo_Passing_Object_IncludeNullOrEmptyProperty_Returns_Properties_NameAndValue_Dictionary" />
    </UnitTest>
  </TestDefinitions>
  <TestEntries>
    <TestEntry testId="08a6c381-273c-f305-1814-942595d17f78" executionId="e36225b8-4691-4fe5-92c9-0faf411ee138" testListId="8c84fa94-04c1-424b-9868-57a2d4851a1d" />
    <TestEntry testId="66ebc17d-8456-d538-0da4-279017d64788" executionId="b0167bb9-ff11-4bef-a69c-183f59c83462" testListId="8c84fa94-04c1-424b-9868-57a2d4851a1d" />
    <TestEntry testId="8f912328-63c8-86b1-c2a6-be41b857b56c" executionId="5b4995cb-4dec-4667-a0cf-56cb1ab069a7" testListId="8c84fa94-04c1-424b-9868-57a2d4851a1d" />
    <TestEntry testId="84f3eea3-fb46-7ff1-04fe-1ba3ec10008f" executionId="d3376700-ace9-488e-9a82-a2ec3fac7cfb" testListId="8c84fa94-04c1-424b-9868-57a2d4851a1d" />
    <TestEntry testId="28887edf-8245-57fe-da6b-7d74097f5629" executionId="07ff8b8c-542b-4d93-b334-2e7eab9958a5" testListId="8c84fa94-04c1-424b-9868-57a2d4851a1d" />
    <TestEntry testId="57de2494-db49-05dd-e58f-ea06218b9ada" executionId="928a9156-5ffb-4d84-be9e-5c86980f94fd" testListId="8c84fa94-04c1-424b-9868-57a2d4851a1d" />
    <TestEntry testId="674ad018-4ad5-9dc4-9721-2eed1501b13b" executionId="c675a2ba-8cd0-439e-a0e7-87e6dd3312f5" testListId="8c84fa94-04c1-424b-9868-57a2d4851a1d" />
    <TestEntry testId="8a9a7530-f1ce-f4e5-fbc9-4f531ddefce2" executionId="6096b10d-9d84-4455-9d03-66ee36ecb2ed" testListId="8c84fa94-04c1-424b-9868-57a2d4851a1d" />
    <TestEntry testId="4e99a60b-6bf7-950f-4a1b-2b8f6b265f33" executionId="f985a8eb-a7b1-4283-8de9-17dfab977ac4" testListId="8c84fa94-04c1-424b-9868-57a2d4851a1d" />
    <TestEntry testId="24c5c4fe-5465-6bf1-7790-c32dc7dc4137" executionId="5e15a7f1-fb4f-4b48-accd-1b115ae8a537" testListId="8c84fa94-04c1-424b-9868-57a2d4851a1d" />
    <TestEntry testId="6bfeeec7-5dd8-85f8-3ebb-a1cfd8eb27b2" executionId="648983f1-91d0-47cc-878e-2d8d0ac76f63" testListId="8c84fa94-04c1-424b-9868-57a2d4851a1d" />
    <TestEntry testId="31c3a852-cb3d-1abf-a213-17759f717493" executionId="a90f1fce-ae1a-4660-90b4-0f1d1a80b345" testListId="8c84fa94-04c1-424b-9868-57a2d4851a1d" />
    <TestEntry testId="db5cfafc-3c17-6a32-7e66-c495d547a55d" executionId="39627008-1c6c-4f33-9778-4b154b5fac01" testListId="8c84fa94-04c1-424b-9868-57a2d4851a1d" />
    <TestEntry testId="f3004a45-bdd5-438e-fc7e-28c33c062c28" executionId="d8e573c2-2314-4a24-8e6c-550897334156" testListId="8c84fa94-04c1-424b-9868-57a2d4851a1d" />
    <TestEntry testId="187fc817-cc87-4584-0d6d-f1e6d34e2d4d" executionId="2296d7ab-6019-400d-9ebd-557b0666ae42" testListId="8c84fa94-04c1-424b-9868-57a2d4851a1d" />
    <TestEntry testId="e54a0ad2-a76b-1a44-1842-5ae494ff83de" executionId="54032aeb-8c09-4d5e-b9bb-c484b07120af" testListId="8c84fa94-04c1-424b-9868-57a2d4851a1d" />
    <TestEntry testId="8cf4f88c-3bb5-22e4-8890-4c5abd50c175" executionId="be3e510c-8d62-4421-8dfd-2d2f14237b1b" testListId="8c84fa94-04c1-424b-9868-57a2d4851a1d" />
    <TestEntry testId="d5a24398-84ec-388f-59a6-8e6575d181fe" executionId="964991cf-e9a2-43e0-9cc3-947759d46911" testListId="8c84fa94-04c1-424b-9868-57a2d4851a1d" />
    <TestEntry testId="b3479f6d-f8c7-df3b-c065-73d385a9d648" executionId="fc3a2f73-586a-48ea-b5d6-565d9a091067" testListId="8c84fa94-04c1-424b-9868-57a2d4851a1d" />
    <TestEntry testId="9e57f5ee-c284-a089-d441-add5094f384d" executionId="925b9e31-1853-4501-899d-2169c3f25292" testListId="8c84fa94-04c1-424b-9868-57a2d4851a1d" />
    <TestEntry testId="560a86ee-dc59-f780-1c4a-62ca7b8dff22" executionId="c1125586-a120-4b4d-b738-2a48a5a7c328" testListId="8c84fa94-04c1-424b-9868-57a2d4851a1d" />
    <TestEntry testId="0669ad66-ebac-1b60-d9f8-85ac26831181" executionId="d29d6f76-d8c0-4a75-9d06-0e1074d8789e" testListId="8c84fa94-04c1-424b-9868-57a2d4851a1d" />
    <TestEntry testId="a4294eba-06aa-d940-fe09-19719010df3a" executionId="85787637-4b1c-4c22-b60d-b7dbc75a4cd6" testListId="8c84fa94-04c1-424b-9868-57a2d4851a1d" />
    <TestEntry testId="7132a40e-3324-94b7-0d74-3203ad5bb5fa" executionId="2477bec9-f85e-4a40-9e1e-07d4ed91e059" testListId="8c84fa94-04c1-424b-9868-57a2d4851a1d" />
    <TestEntry testId="3e7a011d-8b5d-0fe1-8499-60df22ec1622" executionId="2675801f-c901-4fa8-a6c9-aca42be3659e" testListId="8c84fa94-04c1-424b-9868-57a2d4851a1d" />
    <TestEntry testId="c53caa15-12b2-2ac6-393e-0057bbd332f5" executionId="f7ede6ce-7b29-469b-bd63-ac25d0c24e46" testListId="8c84fa94-04c1-424b-9868-57a2d4851a1d" />
    <TestEntry testId="69d54260-6ecb-a42b-4255-cc0383422b7d" executionId="8a8bd6fb-e8d7-4aa3-be09-58370d775dff" testListId="8c84fa94-04c1-424b-9868-57a2d4851a1d" />
    <TestEntry testId="e6daf527-d4db-583b-7465-40f27603311a" executionId="895df473-3a2b-4b9d-9322-23ac8e16f154" testListId="8c84fa94-04c1-424b-9868-57a2d4851a1d" />
    <TestEntry testId="5d5c5e71-8d48-77a4-7f58-2d04decb50b2" executionId="20aa0656-db75-4370-b61b-985606f6691a" testListId="8c84fa94-04c1-424b-9868-57a2d4851a1d" />
    <TestEntry testId="20272610-5df8-0a8d-c8c1-0c00a7b4257b" executionId="e02a2588-9d05-4951-bece-90c3f5807a1d" testListId="8c84fa94-04c1-424b-9868-57a2d4851a1d" />
    <TestEntry testId="0b8bc730-bd5d-eb21-7083-0664af88b31c" executionId="1a200983-d8ed-493a-b5e6-08f493daea02" testListId="8c84fa94-04c1-424b-9868-57a2d4851a1d" />
    <TestEntry testId="d91cf465-89c7-bfd7-e84c-cbbdc9106c3b" executionId="96b1d735-433c-44c5-8bc9-9ac8ebd686f8" testListId="8c84fa94-04c1-424b-9868-57a2d4851a1d" />
    <TestEntry testId="ca0bfdb7-6ab6-3d13-afbd-0c5c364304b4" executionId="dda7a3dc-8f5b-4bf1-b7b5-a05a829dcdd3" testListId="8c84fa94-04c1-424b-9868-57a2d4851a1d" />
    <TestEntry testId="021d8bec-70f5-dd9f-32d5-eac1f19b0740" executionId="be15085d-522b-4b77-87e7-827e3505cf18" testListId="8c84fa94-04c1-424b-9868-57a2d4851a1d" />
    <TestEntry testId="fe74e1e9-9f9e-cd43-6d69-ee1b1e61f15f" executionId="4e113794-e406-4195-8368-9a660230e04e" testListId="8c84fa94-04c1-424b-9868-57a2d4851a1d" />
    <TestEntry testId="c5b98f4d-a079-91b0-cf81-5ecc58989382" executionId="79ebbe8e-1b37-41c8-ba52-7a6b419eadf5" testListId="8c84fa94-04c1-424b-9868-57a2d4851a1d" />
    <TestEntry testId="dce6325b-8e96-5375-f604-18b7832e7def" executionId="67bd0be5-f3f1-46bc-b32e-6c8ae716045d" testListId="8c84fa94-04c1-424b-9868-57a2d4851a1d" />
    <TestEntry testId="88aac24a-e0c3-7b67-85fc-be2df52dba34" executionId="2b02b34b-47c1-4b72-b48f-105d79660f7e" testListId="8c84fa94-04c1-424b-9868-57a2d4851a1d" />
    <TestEntry testId="7b5f6188-c1ec-acc0-340c-cb378214370f" executionId="60f461c9-bde6-461f-b062-de2fefe1a20a" testListId="8c84fa94-04c1-424b-9868-57a2d4851a1d" />
    <TestEntry testId="bfc11cb1-55b2-1945-b4dd-7c88a853c5ed" executionId="687d67ec-e8fe-4248-b6bd-8ede904b1228" testListId="8c84fa94-04c1-424b-9868-57a2d4851a1d" />
    <TestEntry testId="407da10e-ba2f-7713-1cbc-17d8952390e5" executionId="ffb90b00-089b-4967-86f3-671deb75c765" testListId="8c84fa94-04c1-424b-9868-57a2d4851a1d" />
    <TestEntry testId="88161b45-db86-cd57-93fd-5645f5143966" executionId="9ce74cdf-df5f-4bf2-89d0-70c91ea9e1da" testListId="8c84fa94-04c1-424b-9868-57a2d4851a1d" />
    <TestEntry testId="3066f1db-7c80-5b09-c292-a297daae00f6" executionId="155c99ec-64c5-4963-bb64-16c7d6d9598b" testListId="8c84fa94-04c1-424b-9868-57a2d4851a1d" />
    <TestEntry testId="9ccf9ae6-5796-4cd4-1252-88e5642d6b7c" executionId="1a12e58f-cd59-490e-8b9c-68ef0f19dba6" testListId="8c84fa94-04c1-424b-9868-57a2d4851a1d" />
    <TestEntry testId="207a9b71-34bd-0c51-2904-9b3fc5a13547" executionId="87ec2f48-67bb-44a7-9b7b-00bc7c874d9e" testListId="8c84fa94-04c1-424b-9868-57a2d4851a1d" />
    <TestEntry testId="8753b945-3021-c959-7cc0-4647f9a71041" executionId="3522ca4e-646a-4d44-950a-2bb41ed083b1" testListId="8c84fa94-04c1-424b-9868-57a2d4851a1d" />
    <TestEntry testId="eba1a61d-f982-44b3-3eb9-7f9cfe190c81" executionId="23bedf80-4db5-40c2-9665-3c41364bab12" testListId="8c84fa94-04c1-424b-9868-57a2d4851a1d" />
    <TestEntry testId="141ac01c-053a-7013-209a-8893b345c18f" executionId="65cad3d7-686e-427f-894a-f479ddc4323e" testListId="8c84fa94-04c1-424b-9868-57a2d4851a1d" />
    <TestEntry testId="97ac32f0-aa09-7e98-7ba4-4fe5f68e1600" executionId="7c89cdea-e9f2-47aa-805d-4345ec1de562" testListId="8c84fa94-04c1-424b-9868-57a2d4851a1d" />
    <TestEntry testId="f09ee564-ba6b-846c-7215-1776329b0ea4" executionId="17f90cc5-e192-401f-82a3-835367eda480" testListId="8c84fa94-04c1-424b-9868-57a2d4851a1d" />
    <TestEntry testId="af1744a8-849e-ce3d-974d-b0417a9e373e" executionId="6dc78e32-dd6b-4d97-922c-60eea949004d" testListId="8c84fa94-04c1-424b-9868-57a2d4851a1d" />
    <TestEntry testId="a8b20943-7fa3-43d0-f786-2908f6ceedd0" executionId="37cd0f59-7c00-4844-89d0-97ddf98ab13d" testListId="8c84fa94-04c1-424b-9868-57a2d4851a1d" />
    <TestEntry testId="bb1027b7-1469-c705-4b36-f77fd9229b00" executionId="3dff9053-f0aa-4413-b126-892b2281d63e" testListId="8c84fa94-04c1-424b-9868-57a2d4851a1d" />
    <TestEntry testId="d295464f-a17a-f539-e79a-d6f523fcf49e" executionId="fe0f12ab-1077-4827-935f-b0772614dd5d" testListId="8c84fa94-04c1-424b-9868-57a2d4851a1d" />
    <TestEntry testId="e3ed184b-300f-cd12-85b3-8a7ebedc73d8" executionId="fe8b376d-0bad-4b02-9caa-83c8fef47421" testListId="8c84fa94-04c1-424b-9868-57a2d4851a1d" />
    <TestEntry testId="06745a62-4d4f-287d-d70e-4f06820646ba" executionId="abf94ce6-0c7e-4708-97a8-b61f0f88707a" testListId="8c84fa94-04c1-424b-9868-57a2d4851a1d" />
    <TestEntry testId="e308cd25-9ef3-a742-3e97-3796cdac9d85" executionId="a6968d73-ad2e-4e36-aa31-0005cff6f8b6" testListId="8c84fa94-04c1-424b-9868-57a2d4851a1d" />
    <TestEntry testId="befca560-4acc-5d69-c04c-46c8bc6349d8" executionId="22ce8768-f5fd-4004-b8ac-1f776bb43c0e" testListId="8c84fa94-04c1-424b-9868-57a2d4851a1d" />
    <TestEntry testId="5722059a-0037-40d7-d2be-e88e08495feb" executionId="1b431b57-5d08-4280-99c6-edb2bac56f93" testListId="8c84fa94-04c1-424b-9868-57a2d4851a1d" />
    <TestEntry testId="5624b5fc-a59a-fbea-ef3f-9dbc8ef0c3b4" executionId="0d541d0f-5a78-4b38-9452-4e48356f3fa8" testListId="8c84fa94-04c1-424b-9868-57a2d4851a1d" />
    <TestEntry testId="f12b1480-1a2c-e6b2-a7d5-e18e3051e76a" executionId="0301779d-8a80-4f24-afdf-c5f07d02d3aa" testListId="8c84fa94-04c1-424b-9868-57a2d4851a1d" />
    <TestEntry testId="8b6ffba5-03c6-3d4c-b745-d27bcc21e317" executionId="efc67ef3-cad4-47c5-84d0-4ca73497c840" testListId="8c84fa94-04c1-424b-9868-57a2d4851a1d" />
    <TestEntry testId="9014a3d8-456c-66d3-12d5-6a69005e537e" executionId="e0d216af-4e63-4e08-8a91-2277d83718c3" testListId="8c84fa94-04c1-424b-9868-57a2d4851a1d" />
    <TestEntry testId="ea5a518c-fa8e-c8f1-0a76-3fa15e99e78a" executionId="cedaa546-21e7-41ff-ad5e-232cc198a9d0" testListId="8c84fa94-04c1-424b-9868-57a2d4851a1d" />
    <TestEntry testId="01155794-50c3-cf3c-83bd-404dcbf5f477" executionId="a617f3ba-dc77-4674-b00e-23638491e007" testListId="8c84fa94-04c1-424b-9868-57a2d4851a1d" />
    <TestEntry testId="d3abb81b-44db-2c54-599b-2e57ce24e39c" executionId="40061430-cd22-4735-a106-30ee92a799c4" testListId="8c84fa94-04c1-424b-9868-57a2d4851a1d" />
    <TestEntry testId="4a3460f0-8b98-b2f9-7c19-a411860512f6" executionId="64f60140-37fb-434c-b25c-8cf839450dd9" testListId="8c84fa94-04c1-424b-9868-57a2d4851a1d" />
    <TestEntry testId="5f6c6d5e-b117-02f2-917e-cc0a0bc5fd84" executionId="05d99dc8-d3c2-4f17-a95c-5568671a5c46" testListId="8c84fa94-04c1-424b-9868-57a2d4851a1d" />
    <TestEntry testId="f01f6290-de81-a8e8-03a0-3dc388640afd" executionId="03f24028-a362-44d8-ad6d-09199e7f7ad6" testListId="8c84fa94-04c1-424b-9868-57a2d4851a1d" />
    <TestEntry testId="3389c38d-b655-9e80-9e11-d73eb899bc2f" executionId="4b97f321-d086-4ee3-9931-76163ac8b426" testListId="8c84fa94-04c1-424b-9868-57a2d4851a1d" />
    <TestEntry testId="64acda9a-8a2e-d920-11bc-cbd6d2a0d1a1" executionId="97cca145-d78e-4baf-98fd-c23c93bb011b" testListId="8c84fa94-04c1-424b-9868-57a2d4851a1d" />
    <TestEntry testId="3622b24e-5f92-7764-ede1-51eedecd15e2" executionId="af35d4d7-d54e-4028-8d2f-fa8df7eb002c" testListId="8c84fa94-04c1-424b-9868-57a2d4851a1d" />
    <TestEntry testId="6a38239d-855c-a5eb-59db-53dcbc789347" executionId="27afa693-1647-4817-bc56-5720b1f6c4c6" testListId="8c84fa94-04c1-424b-9868-57a2d4851a1d" />
    <TestEntry testId="0941f429-aa92-ce96-588f-e696162f5398" executionId="32087e52-706e-471a-beef-ea30a95b3fe7" testListId="8c84fa94-04c1-424b-9868-57a2d4851a1d" />
    <TestEntry testId="6537dd0f-ffc8-fd2a-861a-624b21268978" executionId="74b6798d-70ea-4d0f-88d0-4431c37d9620" testListId="8c84fa94-04c1-424b-9868-57a2d4851a1d" />
    <TestEntry testId="ead0a11b-44ec-8973-fd99-c43158b18c14" executionId="64d29e3f-a37f-4b19-90b5-b7da9f9bf896" testListId="8c84fa94-04c1-424b-9868-57a2d4851a1d" />
    <TestEntry testId="8bddabe7-b6bf-e8a0-1bef-884ff3132d8d" executionId="44650c6b-d33b-426b-8bf9-3aaaf1f51b2c" testListId="8c84fa94-04c1-424b-9868-57a2d4851a1d" />
    <TestEntry testId="46b6f1f8-c604-191d-d990-242ae535cd55" executionId="627b160e-ef68-468f-bf51-dbd5d7a18d05" testListId="8c84fa94-04c1-424b-9868-57a2d4851a1d" />
    <TestEntry testId="5932a8ff-7d37-10cf-2a21-a95288a4601c" executionId="af15d7c5-b0f2-4b64-a95f-dd8508208ab1" testListId="8c84fa94-04c1-424b-9868-57a2d4851a1d" />
    <TestEntry testId="90a3b545-3125-61d3-6aa1-65dd478210f0" executionId="fb04a792-57c4-4b57-890b-864988796826" testListId="8c84fa94-04c1-424b-9868-57a2d4851a1d" />
    <TestEntry testId="2761ce79-4c5e-006c-8199-c0c2a39fb318" executionId="9d08ca54-6f61-49a8-a422-32db09376705" testListId="8c84fa94-04c1-424b-9868-57a2d4851a1d" />
    <TestEntry testId="f1a8a2f2-6717-d1d3-ebe1-01337466e71f" executionId="1972a384-41b4-468d-aaa2-964f4b710655" testListId="8c84fa94-04c1-424b-9868-57a2d4851a1d" />
    <TestEntry testId="e29c6ee3-d46d-461f-3a52-1555a4bbe037" executionId="9291a0d5-1596-4590-930f-31c8e6e3b043" testListId="8c84fa94-04c1-424b-9868-57a2d4851a1d" />
    <TestEntry testId="ab09828e-76b4-f849-312f-3e5de8fe1910" executionId="3c5dfbc2-f76c-42e8-933b-49d1365d3079" testListId="8c84fa94-04c1-424b-9868-57a2d4851a1d" />
    <TestEntry testId="b4229bc5-5fde-fcc2-17b7-755e30616eb2" executionId="91b590ad-e1b0-4aea-a47c-d904b9d7e894" testListId="8c84fa94-04c1-424b-9868-57a2d4851a1d" />
    <TestEntry testId="c3009aa1-8370-91cf-8fdd-98e893aa7661" executionId="d3195f2f-f170-44c0-9223-59d4321d9849" testListId="8c84fa94-04c1-424b-9868-57a2d4851a1d" />
    <TestEntry testId="a9475552-19d3-b426-f4bb-8921ee8f5b83" executionId="bc934fc6-1dd9-4481-ade6-476334c745f2" testListId="8c84fa94-04c1-424b-9868-57a2d4851a1d" />
    <TestEntry testId="d2b536b6-91b7-3a37-81e1-52a8ffae44ff" executionId="c83a99c4-7bdb-4827-b934-a4fe550b1cef" testListId="8c84fa94-04c1-424b-9868-57a2d4851a1d" />
    <TestEntry testId="14185e7c-324a-518a-7989-87f2ea285719" executionId="3ca38850-e1f5-4b48-bb6e-6c2f43d3e48f" testListId="8c84fa94-04c1-424b-9868-57a2d4851a1d" />
    <TestEntry testId="9cc81af3-a804-7f80-c1ad-5fdf5e5384a7" executionId="353dac17-fba8-447c-8f8b-ad50b67ab5ac" testListId="8c84fa94-04c1-424b-9868-57a2d4851a1d" />
    <TestEntry testId="072d4713-e5d8-44fc-5b77-95317f0d417b" executionId="0078bccc-44d9-4a09-b82c-ce643779c4e7" testListId="8c84fa94-04c1-424b-9868-57a2d4851a1d" />
    <TestEntry testId="246e1592-d2e4-058a-cf8f-cb38ff319272" executionId="095301ef-3a94-4618-a7f1-d7f3081a2c96" testListId="8c84fa94-04c1-424b-9868-57a2d4851a1d" />
    <TestEntry testId="5b4e0ac0-70e5-7eaa-3490-17d565af10b8" executionId="42bbab07-1410-44cb-8697-ffc532300ad2" testListId="8c84fa94-04c1-424b-9868-57a2d4851a1d" />
    <TestEntry testId="ef938d1e-37d5-ccaf-d580-7454d807ec1e" executionId="044b6700-6123-4d0d-ae23-ee5d044dc1e3" testListId="8c84fa94-04c1-424b-9868-57a2d4851a1d" />
    <TestEntry testId="d7113cd0-9d09-92b7-da7c-4bb38fcd80fa" executionId="c84c6c08-2c3f-4dfa-8586-9a30e58b1975" testListId="8c84fa94-04c1-424b-9868-57a2d4851a1d" />
    <TestEntry testId="4bf0f413-f9ef-c999-4803-90670b733630" executionId="00f80014-4db4-4b36-bec1-f6c656b87bee" testListId="8c84fa94-04c1-424b-9868-57a2d4851a1d" />
    <TestEntry testId="d3667b30-e61c-9dbb-f1a9-264e82d98be5" executionId="16d6ae1b-cdc4-4cf3-84e9-9bf939e66b28" testListId="8c84fa94-04c1-424b-9868-57a2d4851a1d" />
    <TestEntry testId="5be67f2a-15dc-2afb-87d4-6fb56af3309e" executionId="717ebec2-fef0-4100-872f-c874e419234f" testListId="8c84fa94-04c1-424b-9868-57a2d4851a1d" />
    <TestEntry testId="b59b01dd-125a-5c10-1264-3a87adcb7c38" executionId="6e949fc8-9f46-4c06-bc02-ff389c5751f0" testListId="8c84fa94-04c1-424b-9868-57a2d4851a1d" />
    <TestEntry testId="f78feac2-4f99-e8a9-7ee3-7d94b24ea471" executionId="4f282dbc-4ace-45ab-b8bf-afc363be4066" testListId="8c84fa94-04c1-424b-9868-57a2d4851a1d" />
    <TestEntry testId="a479c80b-2fac-1e97-0804-34800f2ff63b" executionId="5c19140d-abf2-4c85-9ab1-5f82b0fd3ee1" testListId="8c84fa94-04c1-424b-9868-57a2d4851a1d" />
    <TestEntry testId="cc5867c1-3959-a3e7-d05d-9d901dd30f40" executionId="ec626997-732f-4aa1-9bed-1af6b6a097e6" testListId="8c84fa94-04c1-424b-9868-57a2d4851a1d" />
    <TestEntry testId="e28390c1-a8c4-3164-efb3-40e889682e52" executionId="5a82bfcd-157a-4304-bcab-8137563e236d" testListId="8c84fa94-04c1-424b-9868-57a2d4851a1d" />
    <TestEntry testId="ad9599a7-8a8a-1754-e39e-f6d8510e730b" executionId="18a3d8f3-8652-4fbc-9e64-e9ce7fede8a4" testListId="8c84fa94-04c1-424b-9868-57a2d4851a1d" />
    <TestEntry testId="33811680-09f9-e531-f020-f06f0bd4e10d" executionId="18a2c4d1-febc-4a05-9742-b7efb8415c7b" testListId="8c84fa94-04c1-424b-9868-57a2d4851a1d" />
    <TestEntry testId="8cc5b57c-083c-3f3a-832a-0ea05928fc17" executionId="ac2842d0-f108-4df4-9950-5f8e7d501083" testListId="8c84fa94-04c1-424b-9868-57a2d4851a1d" />
    <TestEntry testId="7be74c7c-15d5-4d25-d1df-86e5d5a625b7" executionId="21991d9f-674a-4711-91b3-883759b59acc" testListId="8c84fa94-04c1-424b-9868-57a2d4851a1d" />
    <TestEntry testId="a3844f97-b72a-2fb2-6c61-6f430a6058b8" executionId="5c23da48-a554-42f2-86c4-a3d91a222313" testListId="8c84fa94-04c1-424b-9868-57a2d4851a1d" />
    <TestEntry testId="d3221bd3-12e9-52c3-4c80-e3c9d166ae47" executionId="b62d2c98-8f46-43f3-a438-2a8b91ffc685" testListId="8c84fa94-04c1-424b-9868-57a2d4851a1d" />
    <TestEntry testId="05a9b880-6e83-9959-2d02-9b7d97277dfa" executionId="147086fc-f8c4-4d6f-b10f-66fdfcfb7854" testListId="8c84fa94-04c1-424b-9868-57a2d4851a1d" />
    <TestEntry testId="5a027d11-b396-742a-ead3-65fd697de61d" executionId="d1849564-628e-4b2a-9266-de836541458d" testListId="8c84fa94-04c1-424b-9868-57a2d4851a1d" />
    <TestEntry testId="c7c0b8c0-af82-c2af-9366-cca72ceef0f8" executionId="823e78c6-6743-4081-bf16-8deb68fcbdb6" testListId="8c84fa94-04c1-424b-9868-57a2d4851a1d" />
    <TestEntry testId="6248e67f-03fa-b522-e842-7dfbd2fa65df" executionId="cc81b8f2-416b-4a0e-87e9-999b1e8e4cf1" testListId="8c84fa94-04c1-424b-9868-57a2d4851a1d" />
    <TestEntry testId="a69c7595-f0db-0ba4-1afc-11aca5272a96" executionId="35848e05-1d8a-4b84-bcd6-39f3b4c1ae25" testListId="8c84fa94-04c1-424b-9868-57a2d4851a1d" />
    <TestEntry testId="66126afc-69ba-08e2-3b9f-64ff9f45fc60" executionId="55990d02-202b-4d85-ac59-84a7a52fe585" testListId="8c84fa94-04c1-424b-9868-57a2d4851a1d" />
    <TestEntry testId="0e35d8c6-f00e-a9ce-bf8e-f278617977a1" executionId="283d2942-a8b9-46e5-8da2-5af6db49d34a" testListId="8c84fa94-04c1-424b-9868-57a2d4851a1d" />
    <TestEntry testId="3972c6a7-1365-8e74-c83d-f2ced3761cc5" executionId="0f85d707-b8c9-448e-9af5-4dafe54ad825" testListId="8c84fa94-04c1-424b-9868-57a2d4851a1d" />
    <TestEntry testId="176f4350-0b3b-4432-fa24-18f29e2c3458" executionId="e345c748-f8e1-498b-8313-8953aa9700da" testListId="8c84fa94-04c1-424b-9868-57a2d4851a1d" />
    <TestEntry testId="4eeb46d7-0fd7-2ce7-9820-7550d17b2498" executionId="422363fa-bba7-4f28-b0f4-809757e84b93" testListId="8c84fa94-04c1-424b-9868-57a2d4851a1d" />
    <TestEntry testId="f6bac370-e1b2-a2d3-04a7-3cad393e0988" executionId="75038d73-306b-41ba-b221-b5fe6899abc4" testListId="8c84fa94-04c1-424b-9868-57a2d4851a1d" />
    <TestEntry testId="b9f84f47-79ca-0306-391d-c23274e874c8" executionId="c79e5230-4319-4724-8b2a-595cd8a85fb0" testListId="8c84fa94-04c1-424b-9868-57a2d4851a1d" />
    <TestEntry testId="2ad70f05-a281-0b8f-6682-75bcc3076f19" executionId="8b6a5d5d-2c83-4a16-a9f7-d65c4b1e5f27" testListId="8c84fa94-04c1-424b-9868-57a2d4851a1d" />
    <TestEntry testId="5048c570-de27-b3d3-28a2-690633623350" executionId="d06f759a-c8a0-4ae3-8b81-39c9f7ad9455" testListId="8c84fa94-04c1-424b-9868-57a2d4851a1d" />
    <TestEntry testId="096e7216-9196-b38d-e84a-d9b01f2eb4c5" executionId="ea63f008-7f15-4b16-abc5-f97da9bcc8d1" testListId="8c84fa94-04c1-424b-9868-57a2d4851a1d" />
    <TestEntry testId="4ae6b7cd-9dd5-3ec7-39db-6ff6393cadf3" executionId="e20315c2-de1b-4cf2-ba64-661479dcb900" testListId="8c84fa94-04c1-424b-9868-57a2d4851a1d" />
    <TestEntry testId="fc968ae4-d425-64ad-d830-219a8a189235" executionId="43ccea7a-d091-4999-9049-aae3893b7c50" testListId="8c84fa94-04c1-424b-9868-57a2d4851a1d" />
    <TestEntry testId="5279ca9d-27ca-d833-5750-af1b70834e63" executionId="d7ed4f2b-4a7f-4f2c-9744-12194798b2c0" testListId="8c84fa94-04c1-424b-9868-57a2d4851a1d" />
    <TestEntry testId="aa1736a0-c9fc-f2ce-4753-abcb10bb4b53" executionId="8c16a21b-2ca8-434b-a1c7-3271e02bac57" testListId="8c84fa94-04c1-424b-9868-57a2d4851a1d" />
    <TestEntry testId="b909c08c-eb87-b106-dd22-e1f2f16755b3" executionId="6ce88b6d-3f61-4529-81fc-34e287302698" testListId="8c84fa94-04c1-424b-9868-57a2d4851a1d" />
    <TestEntry testId="8302c17e-3ba6-2327-c5ad-8f91fdf4cf8c" executionId="09b8da3f-1bad-402f-914d-0e7eb53f761b" testListId="8c84fa94-04c1-424b-9868-57a2d4851a1d" />
    <TestEntry testId="a78cbf3b-f752-709b-b7ce-b6cdfcd7841f" executionId="4695e4e5-22a0-4a66-b168-5ccebb6aa652" testListId="8c84fa94-04c1-424b-9868-57a2d4851a1d" />
    <TestEntry testId="5fd22787-51f8-3e76-47d6-968dc7621c8f" executionId="bdd1e7b5-a2f7-49c2-b45e-51d9abff4658" testListId="8c84fa94-04c1-424b-9868-57a2d4851a1d" />
    <TestEntry testId="a5fc11be-830a-b331-0258-88a3d7a01f69" executionId="5fbbcf69-9c3f-47fe-b210-982032c84ddb" testListId="8c84fa94-04c1-424b-9868-57a2d4851a1d" />
    <TestEntry testId="b64abef8-48df-9c3e-78ff-361585d1867e" executionId="5bb6b537-4251-4b81-838e-95f8a42049db" testListId="8c84fa94-04c1-424b-9868-57a2d4851a1d" />
    <TestEntry testId="f2b4c5e1-9602-b565-3f4b-0274fe8a1908" executionId="bd190f60-7adb-49f2-a8be-4b57b4e64af6" testListId="8c84fa94-04c1-424b-9868-57a2d4851a1d" />
    <TestEntry testId="79d819f4-0ce5-96bd-2613-403442eb4d74" executionId="5bc54056-447e-402c-8f87-c7c25150a558" testListId="8c84fa94-04c1-424b-9868-57a2d4851a1d" />
    <TestEntry testId="aea57a92-faf1-67a4-5a43-3a7b423d7927" executionId="28e28414-fa3f-4842-b1e0-eba27015c35f" testListId="8c84fa94-04c1-424b-9868-57a2d4851a1d" />
    <TestEntry testId="ebfd06e0-faa7-9cbe-fa00-6405596f250f" executionId="00b69e9d-1107-4113-b8fd-e8d412449dcb" testListId="8c84fa94-04c1-424b-9868-57a2d4851a1d" />
    <TestEntry testId="f11c94aa-a17f-70b0-337d-4e87988eaaa9" executionId="55a132c8-909b-40e8-8d94-3b8ea1820989" testListId="8c84fa94-04c1-424b-9868-57a2d4851a1d" />
    <TestEntry testId="eae1f61b-b06a-0f91-1dd4-e916caad0d14" executionId="55ae9b53-be08-4bec-bb1e-f56b4bf1b586" testListId="8c84fa94-04c1-424b-9868-57a2d4851a1d" />
    <TestEntry testId="94f16998-db16-c9fb-bd7f-eaea1e16045e" executionId="164dbaf7-bd94-40fd-977d-cf8184b6489a" testListId="8c84fa94-04c1-424b-9868-57a2d4851a1d" />
    <TestEntry testId="af3d8df7-f17a-d1c0-d18e-19b304f044e1" executionId="d16dee8e-30d2-484c-b6f3-e9ecbba9a200" testListId="8c84fa94-04c1-424b-9868-57a2d4851a1d" />
    <TestEntry testId="27b96ec3-5681-5842-c623-6a591e60fa20" executionId="fd34bf6c-c8f2-47e5-ac33-6318c8823417" testListId="8c84fa94-04c1-424b-9868-57a2d4851a1d" />
    <TestEntry testId="fe87c87e-477f-2fc4-df79-eea7b52d186b" executionId="5f74ff56-d747-4b99-bb7f-39b748c7c1b9" testListId="8c84fa94-04c1-424b-9868-57a2d4851a1d" />
    <TestEntry testId="b63cac77-e37b-80e5-702f-d228747e42f7" executionId="035f4189-b1c3-40b7-a4a4-a57f8366ad46" testListId="8c84fa94-04c1-424b-9868-57a2d4851a1d" />
    <TestEntry testId="75454745-d8ee-9a85-64f5-1a730d7c60c8" executionId="94df6ef6-741c-44e4-839e-78dea2105ee4" testListId="8c84fa94-04c1-424b-9868-57a2d4851a1d" />
    <TestEntry testId="43808ac4-1e31-8564-6757-f02eaaca4929" executionId="f8903940-0421-4517-a2d3-96809b7f7907" testListId="8c84fa94-04c1-424b-9868-57a2d4851a1d" />
    <TestEntry testId="4a38c3cf-0cae-05a0-9e46-68686a986425" executionId="3dc3f245-3588-44ad-a094-d6c5c497a21c" testListId="8c84fa94-04c1-424b-9868-57a2d4851a1d" />
    <TestEntry testId="8041f467-4985-86e2-e530-ff004545ed9e" executionId="c83f9439-4c00-4e7e-9fe1-85e08a5d9831" testListId="8c84fa94-04c1-424b-9868-57a2d4851a1d" />
    <TestEntry testId="d26b6b6c-0539-f6d5-0b6e-1d021e9cd63c" executionId="0cf18dde-f41c-4f38-8585-b5119d3b0169" testListId="8c84fa94-04c1-424b-9868-57a2d4851a1d" />
    <TestEntry testId="233fc265-70af-fd55-4eb2-8e50073ad7f8" executionId="dffc8463-0c3a-41e2-807a-14a54a9226c3" testListId="8c84fa94-04c1-424b-9868-57a2d4851a1d" />
    <TestEntry testId="5affd6a5-020f-febd-97ee-87fff4d513ff" executionId="1a0444e2-3ac8-4d64-b947-4cb3b2f65b06" testListId="8c84fa94-04c1-424b-9868-57a2d4851a1d" />
    <TestEntry testId="74c01674-5cd8-fcd3-f2dd-13452334a752" executionId="318a1390-a0fe-47df-8f49-6fc7f0950f40" testListId="8c84fa94-04c1-424b-9868-57a2d4851a1d" />
    <TestEntry testId="c436eaa1-ee14-28b4-e568-d1bcd81758ca" executionId="f3ed4ec6-f458-4a0a-9d2a-88ee19400cb9" testListId="8c84fa94-04c1-424b-9868-57a2d4851a1d" />
    <TestEntry testId="0e0fac8d-b2fe-0646-de77-c7bb31221ebd" executionId="0cd5d127-eff3-467b-9817-d32b8e1ea6c8" testListId="8c84fa94-04c1-424b-9868-57a2d4851a1d" />
    <TestEntry testId="75fe5d93-cc99-b98f-be96-6e7e811605d8" executionId="3950cdda-1206-4691-a608-ab5f1e50ee3f" testListId="8c84fa94-04c1-424b-9868-57a2d4851a1d" />
    <TestEntry testId="70edf42e-61af-db20-c5ba-b6396a6eca62" executionId="ded5e927-c1af-485f-b20e-bda088976ff4" testListId="8c84fa94-04c1-424b-9868-57a2d4851a1d" />
    <TestEntry testId="d231d236-8b99-8ce7-c48d-92f39c5c2904" executionId="c4ecf815-eea2-4fcb-bc59-b8b440ae758f" testListId="8c84fa94-04c1-424b-9868-57a2d4851a1d" />
    <TestEntry testId="59bb5814-5d01-6d07-4fe2-b044a2101887" executionId="91334477-9e3f-48e5-b15d-63305ceb5ffd" testListId="8c84fa94-04c1-424b-9868-57a2d4851a1d" />
    <TestEntry testId="ba13b0bd-c428-c41e-c91d-be83d7a60582" executionId="31b35575-fd28-41da-976d-c2e96d3dfc01" testListId="8c84fa94-04c1-424b-9868-57a2d4851a1d" />
    <TestEntry testId="443ca7db-0f3b-fcae-6a2e-98e583e48cd9" executionId="a2135dad-f27c-47b3-8738-0a31146f4c0e" testListId="8c84fa94-04c1-424b-9868-57a2d4851a1d" />
    <TestEntry testId="e4352bb5-404b-635a-e45b-b71369fd281e" executionId="71123eaa-a081-45e6-b558-c9b07b0ad1c0" testListId="8c84fa94-04c1-424b-9868-57a2d4851a1d" />
    <TestEntry testId="0d50ac65-fe21-25e2-755d-cf669c4b11b7" executionId="d9c9feed-6635-419d-b721-a1273612d96e" testListId="8c84fa94-04c1-424b-9868-57a2d4851a1d" />
    <TestEntry testId="3dd1d7af-d98a-cc8e-c202-2578f95922fc" executionId="b04e268a-21f6-4bd6-a8af-9d032f91093e" testListId="8c84fa94-04c1-424b-9868-57a2d4851a1d" />
    <TestEntry testId="597475cf-af86-f68b-64ca-996ee4fce335" executionId="a2f1601d-c7d3-45a2-b302-7869573038ac" testListId="8c84fa94-04c1-424b-9868-57a2d4851a1d" />
    <TestEntry testId="fa1415b0-01fe-4c29-f648-98ef295dec1f" executionId="801b8bb7-fab9-4fde-ba2d-560fea233b80" testListId="8c84fa94-04c1-424b-9868-57a2d4851a1d" />
    <TestEntry testId="de1c2b64-dcd4-eabe-6a9b-0e14bb2434e3" executionId="d461d51a-c5e7-4218-83e0-531fc40c6e94" testListId="8c84fa94-04c1-424b-9868-57a2d4851a1d" />
    <TestEntry testId="2d241e2f-55e8-e31f-9820-142e3d5becdf" executionId="df94dd0a-8c78-4c61-b58b-52348c0e4dfe" testListId="8c84fa94-04c1-424b-9868-57a2d4851a1d" />
    <TestEntry testId="44434c12-1418-e87f-c461-58aef56a1acf" executionId="23de1328-d08d-43d0-bc92-aaa583e170a2" testListId="8c84fa94-04c1-424b-9868-57a2d4851a1d" />
    <TestEntry testId="d93604ef-7ed3-0fce-8526-ca6ec4546d8a" executionId="ac914187-5df2-41e5-bc66-f8fc3902d34b" testListId="8c84fa94-04c1-424b-9868-57a2d4851a1d" />
    <TestEntry testId="cfded076-dfc3-9576-e5d3-4a9fd4d54a97" executionId="098435df-189e-45bb-81f9-3f4df3b6609d" testListId="8c84fa94-04c1-424b-9868-57a2d4851a1d" />
    <TestEntry testId="a5dec80b-87ef-2067-7969-8d0cded994a9" executionId="1e18874f-8d8e-488f-9f53-d900ffe94a22" testListId="8c84fa94-04c1-424b-9868-57a2d4851a1d" />
    <TestEntry testId="6a3215c0-a3d0-3567-141f-99b4d6b44c7b" executionId="a7ceafd6-ba4c-40d4-a816-8025ed682ca1" testListId="8c84fa94-04c1-424b-9868-57a2d4851a1d" />
    <TestEntry testId="0ae7fb38-1179-d103-cf50-23ea40b835de" executionId="5a6d7a3b-7f84-4d4a-9f03-01aa917d53ce" testListId="8c84fa94-04c1-424b-9868-57a2d4851a1d" />
    <TestEntry testId="71da8626-9685-042d-5f97-2191d17c7e4f" executionId="ff550fa3-c2dc-4cdc-afbd-38760fdc9a7d" testListId="8c84fa94-04c1-424b-9868-57a2d4851a1d" />
    <TestEntry testId="3c2e7403-ec73-4e6b-a215-dbda78d61173" executionId="af7bb32a-b4d4-4e19-b9d8-1bc8c44f354f" testListId="8c84fa94-04c1-424b-9868-57a2d4851a1d" />
    <TestEntry testId="d45f7960-8c15-bec8-0e6d-a081de52a211" executionId="c459ff11-cbd2-4f13-acc7-a21ebc919576" testListId="8c84fa94-04c1-424b-9868-57a2d4851a1d" />
    <TestEntry testId="7626eb80-c5b1-5215-755a-1b8895fae863" executionId="2d9acacc-8b6f-4c0b-a483-520f6a928483" testListId="8c84fa94-04c1-424b-9868-57a2d4851a1d" />
    <TestEntry testId="09722d0d-50eb-c66c-46d9-dfe1db4400ef" executionId="2587c299-9cc7-42b8-a9e3-2c349a6aa7c5" testListId="8c84fa94-04c1-424b-9868-57a2d4851a1d" />
    <TestEntry testId="bb0e34b2-8f1e-f1b3-c8b8-34849b6a2f1a" executionId="32d86cef-19e2-476b-b9ad-7234b9217ef4" testListId="8c84fa94-04c1-424b-9868-57a2d4851a1d" />
    <TestEntry testId="53029e90-dd26-a812-129d-02ec74005492" executionId="c7036e2f-826a-4ff2-bae0-c62decd85b41" testListId="8c84fa94-04c1-424b-9868-57a2d4851a1d" />
    <TestEntry testId="b7c48b0c-de00-9836-92e0-dac42d1bcc61" executionId="4e7d1af6-4848-4260-a23c-29d048470134" testListId="8c84fa94-04c1-424b-9868-57a2d4851a1d" />
    <TestEntry testId="94245856-9b78-14bb-2905-2035e994d0d9" executionId="2b8043c8-4834-4251-997c-17ec96a87d58" testListId="8c84fa94-04c1-424b-9868-57a2d4851a1d" />
    <TestEntry testId="f95774c2-c6e8-8303-22f0-76ce5690e20c" executionId="92a7985a-f425-48f5-bd95-71681fbb9b6b" testListId="8c84fa94-04c1-424b-9868-57a2d4851a1d" />
    <TestEntry testId="a88db4a6-85db-1794-57ad-207378bd09fc" executionId="73b063ff-8d84-494e-b3a2-b43b982f49de" testListId="8c84fa94-04c1-424b-9868-57a2d4851a1d" />
    <TestEntry testId="99f591e7-92cc-d964-68b8-f9ee7c1e1567" executionId="1b887637-9255-42b7-801b-057d6e6219c6" testListId="8c84fa94-04c1-424b-9868-57a2d4851a1d" />
    <TestEntry testId="7e1ddf95-9ce7-0ebb-c0f6-6188bd74a6ad" executionId="3e890b3a-30ab-445e-afcf-e7ef1bed4a31" testListId="8c84fa94-04c1-424b-9868-57a2d4851a1d" />
    <TestEntry testId="86fd91be-db2c-5b9a-ddce-dbbd44a65707" executionId="bbdead4c-6f94-4a49-9432-d4fc1e2752bd" testListId="8c84fa94-04c1-424b-9868-57a2d4851a1d" />
    <TestEntry testId="269dcfc6-6017-0dd2-3e73-6a351617c33f" executionId="af962e25-b4ac-48f3-a72c-18169770766f" testListId="8c84fa94-04c1-424b-9868-57a2d4851a1d" />
    <TestEntry testId="92312cf3-17da-4b8f-f34f-d78b352ab434" executionId="dcea3ab0-b120-4ac0-937d-e43194f471a6" testListId="8c84fa94-04c1-424b-9868-57a2d4851a1d" />
    <TestEntry testId="469546fd-9999-6f48-8f07-6eaa77c54e42" executionId="da2dcc7a-f107-4948-b61f-f1a2f15f8006" testListId="8c84fa94-04c1-424b-9868-57a2d4851a1d" />
    <TestEntry testId="b364b6e1-95a1-b398-9d67-82ff351b0e55" executionId="cc9f3dd7-45dd-4814-ba7c-e84b9627071e" testListId="8c84fa94-04c1-424b-9868-57a2d4851a1d" />
    <TestEntry testId="bb0673b5-0302-138b-4a20-28e82cf38ea7" executionId="96c109e9-3210-4f47-aa12-7647cf665bbb" testListId="8c84fa94-04c1-424b-9868-57a2d4851a1d" />
    <TestEntry testId="50be68ce-9309-5804-7670-7e8e044ad78b" executionId="089551c2-ebea-4316-b428-5c975bfe38a9" testListId="8c84fa94-04c1-424b-9868-57a2d4851a1d" />
  </TestEntries>
  <TestLists>
    <TestList name="Resultados sin formato de lista" id="8c84fa94-04c1-424b-9868-57a2d4851a1d" />
    <TestList name="Todos los resultados cargados" id="19431567-8539-422a-85d7-44ee4e166bda" />
  </TestLists>
  <ResultSummary outcome="Completed">
    <Counters total="371" executed="371" passed="371" failed="0" error="0" timeout="0" aborted="0" inconclusive="0" passedButRunAborted="0" notRunnable="0" notExecuted="0" disconnected="0" warning="0" completed="0" inProgress="0" pending="0" />
  </ResultSummary>
</TestRun>