<?xml version="1.0" encoding="utf-8"?>
<TestRun id="2d6fbaf0-309c-4b44-9c0a-f7898ef77a0b" name="sferrari@PC-SFERRARI 2021-06-18 11:12:24" runUser="PC-SFERRARI\sferrari" xmlns="http://microsoft.com/schemas/VisualStudio/TeamTest/2010">
  <Times creation="2021-06-18T11:12:24.6129642+02:00" queuing="2021-06-18T11:12:24.6129648+02:00" start="2021-06-18T11:12:21.9020973+02:00" finish="2021-06-18T11:12:26.1889167+02:00" />
  <TestSettings name="default" id="85a4f3b8-1801-4efb-a30b-67b0361ca79b">
    <Deployment runDeploymentRoot="sferrari_PC-SFERRARI_2021-06-18_11_12_24" />
  </TestSettings>
  <Results>
    <UnitTestResult executionId="579021df-5f42-4996-b64c-544788466fc0" testId="56bdca43-7b2d-459c-9669-f8d49f3cca2a" testName="ToUri_Passing_InvalidValueString_Returns_Null (http://?)" computerName="PC-SFERRARI" duration="00:00:00.0000200" startTime="2021-06-18T11:12:25.6146521+02:00" endTime="2021-06-18T11:12:25.6148700+02:00" testType="13cdc9d9-ddb5-4fa4-a97d-d965ccfc6d4b" outcome="Passed" testListId="8c84fa94-04c1-424b-9868-57a2d4851a1d" relativeResultsDirectory="579021df-5f42-4996-b64c-544788466fc0" />
    <UnitTestResult executionId="545fe417-1175-4e53-b4e0-f21b4421bdbd" testId="1b73bfef-2020-460f-9946-ece5f035a0d4" testName="ToContentType_Passing_ValidValueString_Returns_ContentType (xxxx.txt,text/plain)" computerName="PC-SFERRARI" duration="00:00:00.0000411" startTime="2021-06-18T11:12:25.6545173+02:00" endTime="2021-06-18T11:12:25.6546371+02:00" testType="13cdc9d9-ddb5-4fa4-a97d-d965ccfc6d4b" outcome="Passed" testListId="8c84fa94-04c1-424b-9868-57a2d4851a1d" relativeResultsDirectory="545fe417-1175-4e53-b4e0-f21b4421bdbd" />
    <UnitTestResult executionId="73a87578-ee7c-42f4-b794-fac9ebc55f5d" testId="1b5b24cf-85ed-4ba3-a53a-25bf9612a2d1" testName="ToUri_Passing_ValidValueString_Returns_Uri (http://userid:password@example.com:8080)" computerName="PC-SFERRARI" duration="00:00:00.0000277" startTime="2021-06-18T11:12:25.5866027+02:00" endTime="2021-06-18T11:12:25.5868107+02:00" testType="13cdc9d9-ddb5-4fa4-a97d-d965ccfc6d4b" outcome="Passed" testListId="8c84fa94-04c1-424b-9868-57a2d4851a1d" relativeResultsDirectory="73a87578-ee7c-42f4-b794-fac9ebc55f5d" />
    <UnitTestResult executionId="0772b85f-7910-4e76-9ff5-e367b0962d0d" testId="d0293a16-93ef-47f7-b309-4e2cfb6f1994" testName="IsFileExtension_Passing_InvalidArguments_Returns_HasErrorsAndCount" computerName="PC-SFERRARI" duration="00:00:00.0002085" startTime="2021-06-18T11:12:25.7536644+02:00" endTime="2021-06-18T11:12:25.7539475+02:00" testType="13cdc9d9-ddb5-4fa4-a97d-d965ccfc6d4b" outcome="Passed" testListId="8c84fa94-04c1-424b-9868-57a2d4851a1d" relativeResultsDirectory="0772b85f-7910-4e76-9ff5-e367b0962d0d" />
    <UnitTestResult executionId="955d3526-8584-4ef1-952a-2732dab46b95" testId="af872551-d69a-4618-b3e6-e06b287ac9cc" testName="ToFirstLetterUpper_Passing_ValidValue_Returns_StringWithFirstLetterUpper (aeiou,Aeiou)" computerName="PC-SFERRARI" duration="00:00:00.0001246" startTime="2021-06-18T11:12:25.5266425+02:00" endTime="2021-06-18T11:12:25.5268533+02:00" testType="13cdc9d9-ddb5-4fa4-a97d-d965ccfc6d4b" outcome="Passed" testListId="8c84fa94-04c1-424b-9868-57a2d4851a1d" relativeResultsDirectory="955d3526-8584-4ef1-952a-2732dab46b95" />
    <UnitTestResult executionId="3d3fde3c-228d-4147-bb42-1daaf633cf6c" testId="d0a0b75d-347e-4819-ab0d-59649eb6e6b2" testName="ToDefaultValue_Passing_int_Returns_Cero (2147483647)" computerName="PC-SFERRARI" duration="00:00:00.0003052" startTime="2021-06-18T11:12:24.9225070+02:00" endTime="2021-06-18T11:12:24.9229604+02:00" testType="13cdc9d9-ddb5-4fa4-a97d-d965ccfc6d4b" outcome="Passed" testListId="8c84fa94-04c1-424b-9868-57a2d4851a1d" relativeResultsDirectory="3d3fde3c-228d-4147-bb42-1daaf633cf6c" />
    <UnitTestResult executionId="911c6424-6e82-4523-9d5b-2ed142bd6742" testId="8b095506-c9b7-44e9-b4ca-d066a41c4f44" testName="IsNullOrEmpty_Passing_InvalidArguments_Returns_HasErrorsAndCount" computerName="PC-SFERRARI" duration="00:00:00.0065953" startTime="2021-06-18T11:12:25.7140747+02:00" endTime="2021-06-18T11:12:25.7221272+02:00" testType="13cdc9d9-ddb5-4fa4-a97d-d965ccfc6d4b" outcome="Passed" testListId="8c84fa94-04c1-424b-9868-57a2d4851a1d" relativeResultsDirectory="911c6424-6e82-4523-9d5b-2ed142bd6742" />
    <UnitTestResult executionId="cda18278-28c2-4ddc-8194-0d5161d49922" testId="7d2c36c6-2e1e-4c81-b919-b5ff532db1ae" testName="ToEnvironment_Passing_Development_Enviroment_Returns_Development_Name" computerName="PC-SFERRARI" duration="00:00:00.2117984" startTime="2021-06-18T11:12:24.1898043+02:00" endTime="2021-06-18T11:12:24.4019593+02:00" testType="13cdc9d9-ddb5-4fa4-a97d-d965ccfc6d4b" outcome="Passed" testListId="8c84fa94-04c1-424b-9868-57a2d4851a1d" relativeResultsDirectory="cda18278-28c2-4ddc-8194-0d5161d49922" />
    <UnitTestResult executionId="6dec783f-c6d1-411d-ae01-3137273ccf71" testId="b5137b4b-c288-4d3f-bc1a-1470248182f1" testName="ResultDataBadRequest_WithErrors_Dictionary" computerName="PC-SFERRARI" duration="00:00:00.0030000" startTime="2021-06-18T11:12:25.9151512+02:00" endTime="2021-06-18T11:12:25.9183044+02:00" testType="13cdc9d9-ddb5-4fa4-a97d-d965ccfc6d4b" outcome="Passed" testListId="8c84fa94-04c1-424b-9868-57a2d4851a1d" relativeResultsDirectory="6dec783f-c6d1-411d-ae01-3137273ccf71" />
    <UnitTestResult executionId="d3c0933b-617f-442d-a1e3-24b78a759e9f" testId="cf60736f-865d-4927-9512-c60278764f3e" testName="IsSubdomain_Passing_InvalidArguments_Returns_HasErrorsAndCount" computerName="PC-SFERRARI" duration="00:00:00.0001891" startTime="2021-06-18T11:12:25.7539851+02:00" endTime="2021-06-18T11:12:25.7542581+02:00" testType="13cdc9d9-ddb5-4fa4-a97d-d965ccfc6d4b" outcome="Passed" testListId="8c84fa94-04c1-424b-9868-57a2d4851a1d" relativeResultsDirectory="d3c0933b-617f-442d-a1e3-24b78a759e9f" />
    <UnitTestResult executionId="d5e812c6-ed89-4d0f-a95b-e434ca0da7f2" testId="070c46b2-52dd-4452-995c-7efd8a2ff627" testName="ToInt_Passing_InvalidValueString_Returns_DefaultValue (1.3333)" computerName="PC-SFERRARI" duration="00:00:00.0002524" startTime="2021-06-18T11:12:25.6449835+02:00" endTime="2021-06-18T11:12:25.6453296+02:00" testType="13cdc9d9-ddb5-4fa4-a97d-d965ccfc6d4b" outcome="Passed" testListId="8c84fa94-04c1-424b-9868-57a2d4851a1d" relativeResultsDirectory="d5e812c6-ed89-4d0f-a95b-e434ca0da7f2" />
    <UnitTestResult executionId="877fa4d5-3e97-4d28-ba13-73350290e118" testId="58a409b4-1ce7-4851-9e2e-1f39f2165e92" testName="ToUri_Passing_ValidValueString_Returns_Uri (http://例子.测试)" computerName="PC-SFERRARI" duration="00:00:00.0000663" startTime="2021-06-18T11:12:25.5995804+02:00" endTime="2021-06-18T11:12:25.5999123+02:00" testType="13cdc9d9-ddb5-4fa4-a97d-d965ccfc6d4b" outcome="Passed" testListId="8c84fa94-04c1-424b-9868-57a2d4851a1d" relativeResultsDirectory="877fa4d5-3e97-4d28-ba13-73350290e118" />
    <UnitTestResult executionId="f124e1f5-f60a-4c37-9524-a44f33239526" testId="e9a14f1b-2844-49c0-8f8a-28312e845c11" testName="ToUri_Passing_InvalidValueString_Returns_DefaultValue (http://..)" computerName="PC-SFERRARI" duration="00:00:00.0000168" startTime="2021-06-18T11:12:25.6231691+02:00" endTime="2021-06-18T11:12:25.6233031+02:00" testType="13cdc9d9-ddb5-4fa4-a97d-d965ccfc6d4b" outcome="Passed" testListId="8c84fa94-04c1-424b-9868-57a2d4851a1d" relativeResultsDirectory="f124e1f5-f60a-4c37-9524-a44f33239526" />
    <UnitTestResult executionId="c88e9221-9cf3-479b-a084-58ddd02944a5" testId="a3d3d827-fc95-422c-8900-52a366d8327c" testName="ToUri_Passing_ValidValueString_Returns_Uri (//foo.com/blah_blah?p=5)" computerName="PC-SFERRARI" duration="00:00:00.0000059" startTime="2021-06-18T11:12:25.5793348+02:00" endTime="2021-06-18T11:12:25.5794434+02:00" testType="13cdc9d9-ddb5-4fa4-a97d-d965ccfc6d4b" outcome="Passed" testListId="8c84fa94-04c1-424b-9868-57a2d4851a1d" relativeResultsDirectory="c88e9221-9cf3-479b-a084-58ddd02944a5" />
    <UnitTestResult executionId="dd831fef-a8b7-42e8-ac6d-e642116e0ee6" testId="bc41e8ff-b372-4f99-ad82-c0e8c308df5d" testName="ToMapUpdate_Passing_Destination_Object_Returns_Updated_Destination_Object" computerName="PC-SFERRARI" duration="00:00:00.0058615" startTime="2021-06-18T11:12:24.0908598+02:00" endTime="2021-06-18T11:12:24.0968736+02:00" testType="13cdc9d9-ddb5-4fa4-a97d-d965ccfc6d4b" outcome="Passed" testListId="8c84fa94-04c1-424b-9868-57a2d4851a1d" relativeResultsDirectory="dd831fef-a8b7-42e8-ac6d-e642116e0ee6" />
    <UnitTestResult executionId="f6768628-1607-4c09-bd40-1945293ba1a9" testId="f6285360-ba90-4046-8e40-14d37b1860c7" testName="ToIsFileThrow_Passing_InvalidValue_Returns_ApplicationExceptionWithMessage" computerName="PC-SFERRARI" duration="00:00:00.0018708" startTime="2021-06-18T11:12:24.5670749+02:00" endTime="2021-06-18T11:12:24.5691048+02:00" testType="13cdc9d9-ddb5-4fa4-a97d-d965ccfc6d4b" outcome="Passed" testListId="8c84fa94-04c1-424b-9868-57a2d4851a1d" relativeResultsDirectory="f6768628-1607-4c09-bd40-1945293ba1a9" />
    <UnitTestResult executionId="069913c5-175f-47e9-b71c-4f6829af3595" testId="93913538-f245-4cea-b543-7402975658d0" testName="ToUri_Passing_ValidValueString_Returns_Uri (http://⌘.ws)" computerName="PC-SFERRARI" duration="00:00:00.0000131" startTime="2021-06-18T11:12:25.5936535+02:00" endTime="2021-06-18T11:12:25.5937690+02:00" testType="13cdc9d9-ddb5-4fa4-a97d-d965ccfc6d4b" outcome="Passed" testListId="8c84fa94-04c1-424b-9868-57a2d4851a1d" relativeResultsDirectory="069913c5-175f-47e9-b71c-4f6829af3595" />
    <UnitTestResult executionId="2755f779-04a3-4102-bb76-1ad2b17ae788" testId="17bd592b-2c49-4500-943b-155a62895389" testName="IsCustom_Passing_InvalidArguments_Returns_HasErrorsAndCount" computerName="PC-SFERRARI" duration="00:00:00.0075716" startTime="2021-06-18T11:12:25.7396036+02:00" endTime="2021-06-18T11:12:25.7472782+02:00" testType="13cdc9d9-ddb5-4fa4-a97d-d965ccfc6d4b" outcome="Passed" testListId="8c84fa94-04c1-424b-9868-57a2d4851a1d" relativeResultsDirectory="2755f779-04a3-4102-bb76-1ad2b17ae788" />
    <UnitTestResult executionId="631967ad-d768-41ae-85b2-a2abf1483038" testId="8ff1a17d-f70b-48a0-861e-d473db64b0d0" testName="ToHashAlgorithmName_Passing_InvalidValueLowerCaseString_Returns_Null (md5)" computerName="PC-SFERRARI" duration="00:00:00.0002816" startTime="2021-06-18T11:12:25.6367791+02:00" endTime="2021-06-18T11:12:25.6372287+02:00" testType="13cdc9d9-ddb5-4fa4-a97d-d965ccfc6d4b" outcome="Passed" testListId="8c84fa94-04c1-424b-9868-57a2d4851a1d" relativeResultsDirectory="631967ad-d768-41ae-85b2-a2abf1483038" />
    <UnitTestResult executionId="349c986b-63a7-47ea-848b-1bbe62ac5722" testId="bd4bba60-d180-44db-9a23-4c85393c9a93" testName="ToReplace_Passing_ValidValue_Returns_ReplacedValue (aeiou,*,0,3,***ou)" computerName="PC-SFERRARI" duration="00:00:00.0000154" startTime="2021-06-18T11:12:25.4585779+02:00" endTime="2021-06-18T11:12:25.4587933+02:00" testType="13cdc9d9-ddb5-4fa4-a97d-d965ccfc6d4b" outcome="Passed" testListId="8c84fa94-04c1-424b-9868-57a2d4851a1d" relativeResultsDirectory="349c986b-63a7-47ea-848b-1bbe62ac5722" />
    <UnitTestResult executionId="e567f7bc-246c-4e09-a8b4-253054dbe0c3" testId="f28501bf-27ae-4b12-aaf1-a647539aa311" testName="ToAuthenticationType_Passing_Null_ClaimsPrincipal_Returns_ApplicationException" computerName="PC-SFERRARI" duration="00:00:00.0010130" startTime="2021-06-18T11:12:24.7249723+02:00" endTime="2021-06-18T11:12:24.7261533+02:00" testType="13cdc9d9-ddb5-4fa4-a97d-d965ccfc6d4b" outcome="Passed" testListId="8c84fa94-04c1-424b-9868-57a2d4851a1d" relativeResultsDirectory="e567f7bc-246c-4e09-a8b4-253054dbe0c3" />
    <UnitTestResult executionId="3108ef83-afe3-493a-8e3f-2da3940f3d95" testId="73e9878d-0ce2-4d4e-8624-bd46cc2b4a15" testName="ToList_Passing_ValidEnumType_Returns_ValuesList" computerName="PC-SFERRARI" duration="00:00:00.0066193" startTime="2021-06-18T11:12:25.7853729+02:00" endTime="2021-06-18T11:12:25.7921216+02:00" testType="13cdc9d9-ddb5-4fa4-a97d-d965ccfc6d4b" outcome="Passed" testListId="8c84fa94-04c1-424b-9868-57a2d4851a1d" relativeResultsDirectory="3108ef83-afe3-493a-8e3f-2da3940f3d95" />
    <UnitTestResult executionId="9a7465fd-0662-438a-a810-3a7115983ae0" testId="333e220c-2322-4531-b803-9ed3d544e043" testName="ToUri_Passing_ValidValueString_Returns_Uri (http://उदाहरण.परीक्ष)" computerName="PC-SFERRARI" duration="00:00:00.0000326" startTime="2021-06-18T11:12:25.6000177+02:00" endTime="2021-06-18T11:12:25.6002396+02:00" testType="13cdc9d9-ddb5-4fa4-a97d-d965ccfc6d4b" outcome="Passed" testListId="8c84fa94-04c1-424b-9868-57a2d4851a1d" relativeResultsDirectory="9a7465fd-0662-438a-a810-3a7115983ae0" />
    <UnitTestResult executionId="58dfe4a6-4c31-418f-9676-39498ced4ec1" testId="992d5f3b-7900-49cf-8d01-4cd953eda8ad" testName="ToRandom_Passing_Invalid_Empty_Value_Returns_Null" computerName="PC-SFERRARI" duration="00:00:00.0001577" startTime="2021-06-18T11:12:25.7036530+02:00" endTime="2021-06-18T11:12:25.7038943+02:00" testType="13cdc9d9-ddb5-4fa4-a97d-d965ccfc6d4b" outcome="Passed" testListId="8c84fa94-04c1-424b-9868-57a2d4851a1d" relativeResultsDirectory="58dfe4a6-4c31-418f-9676-39498ced4ec1" />
    <UnitTestResult executionId="e342657a-3622-4dfd-b212-82c4e7a8df5e" testId="232bbcbd-c0ad-4f15-8e8d-3199952a3099" testName="ToNormalize_Passing_ValidValue_Returns_NormalizedValue ( àáäâ ãøçħ ,aaaa aoch)" computerName="PC-SFERRARI" duration="00:00:00.0000569" startTime="2021-06-18T11:12:25.4983233+02:00" endTime="2021-06-18T11:12:25.4984673+02:00" testType="13cdc9d9-ddb5-4fa4-a97d-d965ccfc6d4b" outcome="Passed" testListId="8c84fa94-04c1-424b-9868-57a2d4851a1d" relativeResultsDirectory="e342657a-3622-4dfd-b212-82c4e7a8df5e" />
    <UnitTestResult executionId="7badaf57-063a-434d-bded-a8e66b08427d" testId="ca07c6fd-4574-4dad-94ca-e70341763ad3" testName="ToDeserialize_Passing_String_Returns_Object" computerName="PC-SFERRARI" duration="00:00:00.0031392" startTime="2021-06-18T11:12:25.3196962+02:00" endTime="2021-06-18T11:12:25.3229580+02:00" testType="13cdc9d9-ddb5-4fa4-a97d-d965ccfc6d4b" outcome="Passed" testListId="8c84fa94-04c1-424b-9868-57a2d4851a1d" relativeResultsDirectory="7badaf57-063a-434d-bded-a8e66b08427d" />
    <UnitTestResult executionId="445d5ba6-a629-4192-95be-949317d9eb2d" testId="cb637e40-5295-4651-b13d-9a3b253a7e58" testName="ToUri_Passing_ValidValueString_Returns_Uri (http://⌘.ws/)" computerName="PC-SFERRARI" duration="00:00:00.0000119" startTime="2021-06-18T11:12:25.5938204+02:00" endTime="2021-06-18T11:12:25.5939269+02:00" testType="13cdc9d9-ddb5-4fa4-a97d-d965ccfc6d4b" outcome="Passed" testListId="8c84fa94-04c1-424b-9868-57a2d4851a1d" relativeResultsDirectory="445d5ba6-a629-4192-95be-949317d9eb2d" />
    <UnitTestResult executionId="d9129955-fca6-49d6-a1af-80c5f2e9f0aa" testId="17583626-b4b3-45b0-bc71-0f6f0ad88071" testName="ToRemove_Passing_ValidValue_Returns_ValueWithoutRemovedChars (aeiou,aei,ou)" computerName="PC-SFERRARI" duration="00:00:00.0000463" startTime="2021-06-18T11:12:25.4535063+02:00" endTime="2021-06-18T11:12:25.4536313+02:00" testType="13cdc9d9-ddb5-4fa4-a97d-d965ccfc6d4b" outcome="Passed" testListId="8c84fa94-04c1-424b-9868-57a2d4851a1d" relativeResultsDirectory="d9129955-fca6-49d6-a1af-80c5f2e9f0aa" />
    <UnitTestResult executionId="710be356-6a73-448c-ae69-9a7c807637eb" testId="1a10a45c-28c7-4c88-8fb9-6141833e7c0b" testName="ToGetAll_Passing_Claims_Returns_Claim_Value_Object_List" computerName="PC-SFERRARI" duration="00:00:00.0314929" startTime="2021-06-18T11:12:24.8327456+02:00" endTime="2021-06-18T11:12:24.8643993+02:00" testType="13cdc9d9-ddb5-4fa4-a97d-d965ccfc6d4b" outcome="Passed" testListId="8c84fa94-04c1-424b-9868-57a2d4851a1d" relativeResultsDirectory="710be356-6a73-448c-ae69-9a7c807637eb" />
    <UnitTestResult executionId="ba1cfb93-2ff3-414a-9464-63d667cb457c" testId="8ed195ae-fe9f-473d-ab3c-e977fb716e9f" testName="IsFile_Passing_InvalidArguments_Returns_HasErrorsAndCount" computerName="PC-SFERRARI" duration="00:00:00.0002277" startTime="2021-06-18T11:12:25.7533236+02:00" endTime="2021-06-18T11:12:25.7536276+02:00" testType="13cdc9d9-ddb5-4fa4-a97d-d965ccfc6d4b" outcome="Passed" testListId="8c84fa94-04c1-424b-9868-57a2d4851a1d" relativeResultsDirectory="ba1cfb93-2ff3-414a-9464-63d667cb457c" />
    <UnitTestResult executionId="c07d035f-ce24-4058-a7d7-f22e3f6f6ee7" testId="6afd0d29-1285-40e4-b3e9-4d33babf93d0" testName="ToEnvironment_ServiceCollection_Passing_Development_Enviroment_Returns_Development_Name" computerName="PC-SFERRARI" duration="00:00:00.0007622" startTime="2021-06-18T11:12:25.3457738+02:00" endTime="2021-06-18T11:12:25.3467362+02:00" testType="13cdc9d9-ddb5-4fa4-a97d-d965ccfc6d4b" outcome="Passed" testListId="8c84fa94-04c1-424b-9868-57a2d4851a1d" relativeResultsDirectory="c07d035f-ce24-4058-a7d7-f22e3f6f6ee7" />
    <UnitTestResult executionId="2dd77820-6092-4c5f-acce-e3b8c37a55e9" testId="ae62bade-4a0c-407a-877e-894404f2716b" testName="ToInt_Passing_Enumeration_Name_Returns_Value" computerName="PC-SFERRARI" duration="00:00:00.0006288" startTime="2021-06-18T11:12:24.8904245+02:00" endTime="2021-06-18T11:12:24.8913557+02:00" testType="13cdc9d9-ddb5-4fa4-a97d-d965ccfc6d4b" outcome="Passed" testListId="8c84fa94-04c1-424b-9868-57a2d4851a1d" relativeResultsDirectory="2dd77820-6092-4c5f-acce-e3b8c37a55e9" />
    <UnitTestResult executionId="8b9fc8de-8eea-40aa-b022-ef9d36dd9333" testId="b79f3ce8-56f0-4565-a843-3d31c3c5d0b1" testName="ToDefaultValue_Passing_ulong_Returns_Cero" computerName="PC-SFERRARI" duration="00:00:00.0002514" startTime="2021-06-18T11:12:24.9239083+02:00" endTime="2021-06-18T11:12:24.9242335+02:00" testType="13cdc9d9-ddb5-4fa4-a97d-d965ccfc6d4b" outcome="Passed" testListId="8c84fa94-04c1-424b-9868-57a2d4851a1d" relativeResultsDirectory="8b9fc8de-8eea-40aa-b022-ef9d36dd9333" />
    <UnitTestResult executionId="200009d1-275d-4c43-8d40-9cb2cf84281b" testId="a792dea2-3c1b-479f-9ac4-c2dde7a0eb4e" testName="ToIsWeekend_Passing_Saturday_DateTime_Returns_True" computerName="PC-SFERRARI" duration="00:00:00.0001670" startTime="2021-06-18T11:12:24.8656546+02:00" endTime="2021-06-18T11:12:24.8659340+02:00" testType="13cdc9d9-ddb5-4fa4-a97d-d965ccfc6d4b" outcome="Passed" testListId="8c84fa94-04c1-424b-9868-57a2d4851a1d" relativeResultsDirectory="200009d1-275d-4c43-8d40-9cb2cf84281b" />
    <UnitTestResult executionId="b8eb64f0-7bfe-4153-8dec-38eef7fad827" testId="c15ab711-cb7a-4bdf-89ba-1ef6dca9ab20" testName="ToFirstLetterLower_Passing_ValidValue_Returns_StringWithFirstLetterLower (AEIOU,aEIOU)" computerName="PC-SFERRARI" duration="00:00:00.0000050" startTime="2021-06-18T11:12:25.5404923+02:00" endTime="2021-06-18T11:12:25.5405564+02:00" testType="13cdc9d9-ddb5-4fa4-a97d-d965ccfc6d4b" outcome="Passed" testListId="8c84fa94-04c1-424b-9868-57a2d4851a1d" relativeResultsDirectory="b8eb64f0-7bfe-4153-8dec-38eef7fad827" />
    <UnitTestResult executionId="01f540de-8f8d-4680-865f-fea48de0fda6" testId="117ccdb3-56dc-4260-afa4-980f7e811fc0" testName="IsDigit_Passing_ValidArguments_Returns_HasErrorsAndCount" computerName="PC-SFERRARI" duration="00:00:00.0005512" startTime="2021-06-18T11:12:25.7667645+02:00" endTime="2021-06-18T11:12:25.7674989+02:00" testType="13cdc9d9-ddb5-4fa4-a97d-d965ccfc6d4b" outcome="Passed" testListId="8c84fa94-04c1-424b-9868-57a2d4851a1d" relativeResultsDirectory="01f540de-8f8d-4680-865f-fea48de0fda6" />
    <UnitTestResult executionId="fbaa849c-bdd3-4904-b142-971cd0b543f2" testId="717c426a-8354-4c5a-ac2c-fbdc6adb7262" testName="ResultBadRequest_WithErrors_Value" computerName="PC-SFERRARI" duration="00:00:00.0008613" startTime="2021-06-18T11:12:25.9092985+02:00" endTime="2021-06-18T11:12:25.9117009+02:00" testType="13cdc9d9-ddb5-4fa4-a97d-d965ccfc6d4b" outcome="Passed" testListId="8c84fa94-04c1-424b-9868-57a2d4851a1d" relativeResultsDirectory="fbaa849c-bdd3-4904-b142-971cd0b543f2" />
    <UnitTestResult executionId="825f48c2-6ba7-4820-90c6-645fc328331d" testId="8f7830af-2b8f-4c45-86c9-7ce1b5998ee6" testName="ToEnvironment_ServiceCollection_Passing_Staging_Enviroment_Returns_Staging_Name" computerName="PC-SFERRARI" duration="00:00:00.0006490" startTime="2021-06-18T11:12:25.3475042+02:00" endTime="2021-06-18T11:12:25.3487827+02:00" testType="13cdc9d9-ddb5-4fa4-a97d-d965ccfc6d4b" outcome="Passed" testListId="8c84fa94-04c1-424b-9868-57a2d4851a1d" relativeResultsDirectory="825f48c2-6ba7-4820-90c6-645fc328331d" />
    <UnitTestResult executionId="acabe286-e84e-40cf-a8d9-700eb5163a04" testId="31e7bece-58c4-4f5b-b560-b6e1195c6331" testName="ToUri_Passing_ValidValueString_Returns_Uri (http://userid@example.com:8080)" computerName="PC-SFERRARI" duration="00:00:00.0000085" startTime="2021-06-18T11:12:25.5888214+02:00" endTime="2021-06-18T11:12:25.5889948+02:00" testType="13cdc9d9-ddb5-4fa4-a97d-d965ccfc6d4b" outcome="Passed" testListId="8c84fa94-04c1-424b-9868-57a2d4851a1d" relativeResultsDirectory="acabe286-e84e-40cf-a8d9-700eb5163a04" />
    <UnitTestResult executionId="f54c279e-5ba6-4e60-a526-16a3377be565" testId="9d12ac29-e54e-43c0-ba8c-fbdaf0fce472" testName="GetValues_Passing_Valid_Key_Returns_Values" computerName="PC-SFERRARI" duration="00:00:00.0005168" startTime="2021-06-18T11:12:24.8790454+02:00" endTime="2021-06-18T11:12:24.8796734+02:00" testType="13cdc9d9-ddb5-4fa4-a97d-d965ccfc6d4b" outcome="Passed" testListId="8c84fa94-04c1-424b-9868-57a2d4851a1d" relativeResultsDirectory="f54c279e-5ba6-4e60-a526-16a3377be565" />
    <UnitTestResult executionId="cff559ef-b216-4246-99fe-b8257f242f46" testId="f52d71ce-9b56-4564-b455-0c82646b4647" testName="ToInt_Passing_InvalidValueString_Returns_Null (999999439293294392492349329493294)" computerName="PC-SFERRARI" duration="00:00:00.0000054" startTime="2021-06-18T11:12:25.6402876+02:00" endTime="2021-06-18T11:12:25.6403569+02:00" testType="13cdc9d9-ddb5-4fa4-a97d-d965ccfc6d4b" outcome="Passed" testListId="8c84fa94-04c1-424b-9868-57a2d4851a1d" relativeResultsDirectory="cff559ef-b216-4246-99fe-b8257f242f46" />
    <UnitTestResult executionId="6fdb64f6-1d56-4e0e-bc78-72db076eec01" testId="c8810da2-33f8-4175-ab1f-086675bf7d6d" testName="ToFullMessage_Passing_ExceptionWithMessageWithInnerException_Returns_Full_Message" computerName="PC-SFERRARI" duration="00:00:00.0034334" startTime="2021-06-18T11:12:24.9069746+02:00" endTime="2021-06-18T11:12:24.9105281+02:00" testType="13cdc9d9-ddb5-4fa4-a97d-d965ccfc6d4b" outcome="Passed" testListId="8c84fa94-04c1-424b-9868-57a2d4851a1d" relativeResultsDirectory="6fdb64f6-1d56-4e0e-bc78-72db076eec01" />
    <UnitTestResult executionId="01e92624-6757-4c05-adcf-8fb68aeb5dfc" testId="f49a8d17-b927-4c54-ad05-2e3fe8649f50" testName="ToDirectoryDeleteFiles_Passing_ValidValue_Returns_DirectoryNoExists" computerName="PC-SFERRARI" duration="00:00:00.0227442" startTime="2021-06-18T11:12:25.6549657+02:00" endTime="2021-06-18T11:12:25.6778122+02:00" testType="13cdc9d9-ddb5-4fa4-a97d-d965ccfc6d4b" outcome="Passed" testListId="8c84fa94-04c1-424b-9868-57a2d4851a1d" relativeResultsDirectory="01e92624-6757-4c05-adcf-8fb68aeb5dfc" />
    <UnitTestResult executionId="4e1d7449-7927-4cbe-bc56-2be10a848b3b" testId="d53a3569-4b15-48b8-955d-e17d34baecef" testName="ToWhere_Passing_Null_Predicate_Returns_Same_List" computerName="PC-SFERRARI" duration="00:00:00.0030253" startTime="2021-06-18T11:12:25.3230429+02:00" endTime="2021-06-18T11:12:25.3263383+02:00" testType="13cdc9d9-ddb5-4fa4-a97d-d965ccfc6d4b" outcome="Passed" testListId="8c84fa94-04c1-424b-9868-57a2d4851a1d" relativeResultsDirectory="4e1d7449-7927-4cbe-bc56-2be10a848b3b" />
    <UnitTestResult executionId="4349dace-45fd-44d6-ac0e-0e69e8ae962f" testId="f608a856-69ef-400f-bf7a-f3c15d0ea902" testName="ToUri_Passing_InvalidValueString_Returns_DefaultValue (http://?)" computerName="PC-SFERRARI" duration="00:00:00.0000067" startTime="2021-06-18T11:12:25.6234819+02:00" endTime="2021-06-18T11:12:25.6235344+02:00" testType="13cdc9d9-ddb5-4fa4-a97d-d965ccfc6d4b" outcome="Passed" testListId="8c84fa94-04c1-424b-9868-57a2d4851a1d" relativeResultsDirectory="4349dace-45fd-44d6-ac0e-0e69e8ae962f" />
    <UnitTestResult executionId="2161066f-be6b-4405-8fc7-df68989e45a8" testId="cfbbfe92-a3e5-486a-bb92-ea3b0f85ea3c" testName="ResultDataUnauthorized" computerName="PC-SFERRARI" duration="00:00:00.0004941" startTime="2021-06-18T11:12:25.9117882+02:00" endTime="2021-06-18T11:12:25.9124340+02:00" testType="13cdc9d9-ddb5-4fa4-a97d-d965ccfc6d4b" outcome="Passed" testListId="8c84fa94-04c1-424b-9868-57a2d4851a1d" relativeResultsDirectory="2161066f-be6b-4405-8fc7-df68989e45a8" />
    <UnitTestResult executionId="526dbe85-a28d-462e-8d52-61deac836c89" testId="da3a6733-372f-4888-a327-ae69fbe90ce9" testName="ToUri_Passing_ValidValueString_Returns_Uri (https://foo.com/blah_blah)" computerName="PC-SFERRARI" duration="00:00:00.0000097" startTime="2021-06-18T11:12:25.5732163+02:00" endTime="2021-06-18T11:12:25.5733862+02:00" testType="13cdc9d9-ddb5-4fa4-a97d-d965ccfc6d4b" outcome="Passed" testListId="8c84fa94-04c1-424b-9868-57a2d4851a1d" relativeResultsDirectory="526dbe85-a28d-462e-8d52-61deac836c89" />
    <UnitTestResult executionId="dceb5e1b-bc7f-4a43-8422-9ae8969b5868" testId="1ce8a641-ed00-4b60-be6e-3463d074c3a1" testName="ToDefaultValue_Passing_byte_Returns_Cero" computerName="PC-SFERRARI" duration="00:00:00.0002536" startTime="2021-06-18T11:12:24.9155332+02:00" endTime="2021-06-18T11:12:24.9158796+02:00" testType="13cdc9d9-ddb5-4fa4-a97d-d965ccfc6d4b" outcome="Passed" testListId="8c84fa94-04c1-424b-9868-57a2d4851a1d" relativeResultsDirectory="dceb5e1b-bc7f-4a43-8422-9ae8969b5868" />
    <UnitTestResult executionId="d7aa6ac3-23e0-44c7-ae5a-b12f1be95d5f" testId="e7eded14-2c8f-4bfd-80e6-82f879e4f992" testName="ToReplaceSpecialChars_Passing_ValidValue_Returns_ReplacedValueWithoutIgnoreSpecialChars ( * ¨ ^ _ : - ? ¿ ; ,          )" computerName="PC-SFERRARI" duration="00:00:00.0001371" startTime="2021-06-18T11:12:25.4802347+02:00" endTime="2021-06-18T11:12:25.4805784+02:00" testType="13cdc9d9-ddb5-4fa4-a97d-d965ccfc6d4b" outcome="Passed" testListId="8c84fa94-04c1-424b-9868-57a2d4851a1d" relativeResultsDirectory="d7aa6ac3-23e0-44c7-ae5a-b12f1be95d5f" />
    <UnitTestResult executionId="0e6a0377-daa2-4f37-a46a-083c9803d5d3" testId="29ac9b1a-cd6b-4e4b-ad04-da47a744b9d7" testName="IsUppercase_Passing_InvalidArguments_Returns_HasErrorsAndCount" computerName="PC-SFERRARI" duration="00:00:00.0007804" startTime="2021-06-18T11:12:25.7760548+02:00" endTime="2021-06-18T11:12:25.7772211+02:00" testType="13cdc9d9-ddb5-4fa4-a97d-d965ccfc6d4b" outcome="Passed" testListId="8c84fa94-04c1-424b-9868-57a2d4851a1d" relativeResultsDirectory="0e6a0377-daa2-4f37-a46a-083c9803d5d3" />
    <UnitTestResult executionId="af3019f6-7be4-4b84-8a86-8580a0d42e9d" testId="7aaeae79-4a8b-4fed-9125-734ef4aa7ce5" testName="ToUri_Passing_InvalidValueString_Returns_Null (http://?)" computerName="PC-SFERRARI" duration="00:00:00.0011472" startTime="2021-06-18T11:12:25.6074254+02:00" endTime="2021-06-18T11:12:25.6086599+02:00" testType="13cdc9d9-ddb5-4fa4-a97d-d965ccfc6d4b" outcome="Passed" testListId="8c84fa94-04c1-424b-9868-57a2d4851a1d" relativeResultsDirectory="af3019f6-7be4-4b84-8a86-8580a0d42e9d" />
    <UnitTestResult executionId="359b45cb-61c5-4e82-bdac-6b5db927740b" testId="bc7c0a27-38b9-4423-b0d6-21dfc05f21a3" testName="ToExists_Passing_Claims_Returns_True" computerName="PC-SFERRARI" duration="00:00:00.0025352" startTime="2021-06-18T11:12:24.7575197+02:00" endTime="2021-06-18T11:12:24.7617743+02:00" testType="13cdc9d9-ddb5-4fa4-a97d-d965ccfc6d4b" outcome="Passed" testListId="8c84fa94-04c1-424b-9868-57a2d4851a1d" relativeResultsDirectory="359b45cb-61c5-4e82-bdac-6b5db927740b" />
    <UnitTestResult executionId="038739d8-7507-4d4b-a5f6-670fff944bfb" testId="cdb4f474-efb5-4f8c-8923-c9d8f9a2bfdf" testName="ToList_Passing_ValidEnumTypeWithSelectedValue_Returns_ValuesList" computerName="PC-SFERRARI" duration="00:00:00.0021633" startTime="2021-06-18T11:12:25.7922132+02:00" endTime="2021-06-18T11:12:25.7945000+02:00" testType="13cdc9d9-ddb5-4fa4-a97d-d965ccfc6d4b" outcome="Passed" testListId="8c84fa94-04c1-424b-9868-57a2d4851a1d" relativeResultsDirectory="038739d8-7507-4d4b-a5f6-670fff944bfb" />
    <UnitTestResult executionId="c7c0870d-40d2-4906-8a5c-d091d5c19c4f" testId="e8ba2fb1-2125-4c04-82c5-1b9ed5e27ba9" testName="ToUri_Passing_ValidValueString_Returns_Uri (http://1337.net)" computerName="PC-SFERRARI" duration="00:00:00.0000085" startTime="2021-06-18T11:12:25.6069068+02:00" endTime="2021-06-18T11:12:25.6070302+02:00" testType="13cdc9d9-ddb5-4fa4-a97d-d965ccfc6d4b" outcome="Passed" testListId="8c84fa94-04c1-424b-9868-57a2d4851a1d" relativeResultsDirectory="c7c0870d-40d2-4906-8a5c-d091d5c19c4f" />
    <UnitTestResult executionId="4f288ec1-dc45-4d82-a8d9-1204a444c981" testId="69ab4125-3198-4aa6-91ea-1f4fa216d686" testName="ToContentType_Passing_ValidValueString_Returns_ContentType (xxxx.html,text/html)" computerName="PC-SFERRARI" duration="00:00:00.0000418" startTime="2021-06-18T11:12:25.6543323+02:00" endTime="2021-06-18T11:12:25.6544510+02:00" testType="13cdc9d9-ddb5-4fa4-a97d-d965ccfc6d4b" outcome="Passed" testListId="8c84fa94-04c1-424b-9868-57a2d4851a1d" relativeResultsDirectory="4f288ec1-dc45-4d82-a8d9-1204a444c981" />
    <UnitTestResult executionId="6270e023-6d8a-417e-8460-26e88fd2e1f6" testId="a85a2f3f-1e0e-4583-b4bf-b89d5e6a40b8" testName="ToUri_Passing_InvalidValueString_Returns_Null (http://??)" computerName="PC-SFERRARI" duration="00:00:00.0000102" startTime="2021-06-18T11:12:25.6149869+02:00" endTime="2021-06-18T11:12:25.6151003+02:00" testType="13cdc9d9-ddb5-4fa4-a97d-d965ccfc6d4b" outcome="Passed" testListId="8c84fa94-04c1-424b-9868-57a2d4851a1d" relativeResultsDirectory="6270e023-6d8a-417e-8460-26e88fd2e1f6" />
    <UnitTestResult executionId="33650675-89e7-4e86-8ca0-66f64db877dd" testId="b26127f6-649d-40ad-81df-d38094465d74" testName="ToDefaultValue_Passing_ValidInt_Returns_DefaultValue" computerName="PC-SFERRARI" duration="00:00:00.0001269" startTime="2021-06-18T11:12:25.7055348+02:00" endTime="2021-06-18T11:12:25.7057408+02:00" testType="13cdc9d9-ddb5-4fa4-a97d-d965ccfc6d4b" outcome="Passed" testListId="8c84fa94-04c1-424b-9868-57a2d4851a1d" relativeResultsDirectory="33650675-89e7-4e86-8ca0-66f64db877dd" />
    <UnitTestResult executionId="541718c4-a400-4286-97ca-823d24e67cb3" testId="c95b8197-1357-4233-b03b-cbb19019b2b2" testName="ResultOkData_WithData_WithMessage_WithDetails" computerName="PC-SFERRARI" duration="00:00:00.0125554" startTime="2021-06-18T11:12:25.8771656+02:00" endTime="2021-06-18T11:12:25.8898494+02:00" testType="13cdc9d9-ddb5-4fa4-a97d-d965ccfc6d4b" outcome="Passed" testListId="8c84fa94-04c1-424b-9868-57a2d4851a1d" relativeResultsDirectory="541718c4-a400-4286-97ca-823d24e67cb3" />
    <UnitTestResult executionId="57f3ddf7-4e2f-4505-b76b-a2c72f435c81" testId="c2ae7a02-cf04-47cf-b187-5f62c649fe02" testName="ToRemove_Passing_ValidValue_Returns_ValueWithoutRemovedChars (* , ,*)" computerName="PC-SFERRARI" duration="00:00:00.0000786" startTime="2021-06-18T11:12:25.4500707+02:00" endTime="2021-06-18T11:12:25.4503361+02:00" testType="13cdc9d9-ddb5-4fa4-a97d-d965ccfc6d4b" outcome="Passed" testListId="8c84fa94-04c1-424b-9868-57a2d4851a1d" relativeResultsDirectory="57f3ddf7-4e2f-4505-b76b-a2c72f435c81" />
    <UnitTestResult executionId="47a76ad5-43f9-4f2f-a820-89262cd60851" testId="323f27b5-2072-4ec6-97de-2c1cc6a3e903" testName="ToDirectoryTemporary_Passing_ValidValue_Returns_DirectoryExists" computerName="PC-SFERRARI" duration="00:00:00.0014600" startTime="2021-06-18T11:12:25.6907589+02:00" endTime="2021-06-18T11:12:25.6923717+02:00" testType="13cdc9d9-ddb5-4fa4-a97d-d965ccfc6d4b" outcome="Passed" testListId="8c84fa94-04c1-424b-9868-57a2d4851a1d" relativeResultsDirectory="47a76ad5-43f9-4f2f-a820-89262cd60851" />
    <UnitTestResult executionId="00214b3e-1a18-4d0c-b543-803d9648c4e0" testId="b6121a30-f784-4b8c-96d0-5f124d5388b5" testName="ToSettings_Passing_Values_From_Memory_Returns_Settings" computerName="PC-SFERRARI" duration="00:00:00.0037285" startTime="2021-06-18T11:12:25.4445190+02:00" endTime="2021-06-18T11:12:25.4483724+02:00" testType="13cdc9d9-ddb5-4fa4-a97d-d965ccfc6d4b" outcome="Passed" testListId="8c84fa94-04c1-424b-9868-57a2d4851a1d" relativeResultsDirectory="00214b3e-1a18-4d0c-b543-803d9648c4e0" />
    <UnitTestResult executionId="ab38c83d-1ea5-40bf-a7d9-c1377463190c" testId="2c027724-7cc4-42d2-800b-7492418e61d1" testName="ToFirstLetterUpper_Passing_ValidValue_Returns_StringWithFirstLetterUpper (aeioU,AeioU)" computerName="PC-SFERRARI" duration="00:00:00.0000066" startTime="2021-06-18T11:12:25.5270659+02:00" endTime="2021-06-18T11:12:25.5271423+02:00" testType="13cdc9d9-ddb5-4fa4-a97d-d965ccfc6d4b" outcome="Passed" testListId="8c84fa94-04c1-424b-9868-57a2d4851a1d" relativeResultsDirectory="ab38c83d-1ea5-40bf-a7d9-c1377463190c" />
    <UnitTestResult executionId="3cf78eb4-d0ea-4a95-8536-ebb848c9398d" testId="314c8687-b5ed-4cd2-8747-7660c9c7c34a" testName="ToContentType_Passing_ValidValueString_Returns_ContentType (xxxx.gif,image/gif)" computerName="PC-SFERRARI" duration="00:00:00.0000621" startTime="2021-06-18T11:12:25.6497034+02:00" endTime="2021-06-18T11:12:25.6499465+02:00" testType="13cdc9d9-ddb5-4fa4-a97d-d965ccfc6d4b" outcome="Passed" testListId="8c84fa94-04c1-424b-9868-57a2d4851a1d" relativeResultsDirectory="3cf78eb4-d0ea-4a95-8536-ebb848c9398d" />
    <UnitTestResult executionId="835d8f44-e301-468b-b2c8-2101c9af2545" testId="9f122910-9665-46d8-9a20-410ee88f8010" testName="ToUri_Passing_InvalidValueString_Returns_DefaultValue (http://#)" computerName="PC-SFERRARI" duration="00:00:00.0000065" startTime="2021-06-18T11:12:25.6237395+02:00" endTime="2021-06-18T11:12:25.6237899+02:00" testType="13cdc9d9-ddb5-4fa4-a97d-d965ccfc6d4b" outcome="Passed" testListId="8c84fa94-04c1-424b-9868-57a2d4851a1d" relativeResultsDirectory="835d8f44-e301-468b-b2c8-2101c9af2545" />
    <UnitTestResult executionId="c1cf8214-9916-48a0-8bf2-cf0bf8b65776" testId="b61f4e3f-b975-4914-a329-cf925197ecdb" testName="CreateSHA512_Passing_Invalid_Arguments_Returns_ApplicationException ()" computerName="PC-SFERRARI" duration="00:00:00.0001586" startTime="2021-06-18T11:12:25.8342196+02:00" endTime="2021-06-18T11:12:25.8345368+02:00" testType="13cdc9d9-ddb5-4fa4-a97d-d965ccfc6d4b" outcome="Passed" testListId="8c84fa94-04c1-424b-9868-57a2d4851a1d" relativeResultsDirectory="c1cf8214-9916-48a0-8bf2-cf0bf8b65776" />
    <UnitTestResult executionId="449eb8e9-3d6f-4b1e-a2c7-cbf5f57e3aa3" testId="51c5a8d3-31e0-428d-ab58-46d7647cf953" testName="ToUri_Passing_ValidValueString_Returns_Uri (http://a.b-c.de)" computerName="PC-SFERRARI" duration="00:00:00.0000077" startTime="2021-06-18T11:12:25.6070918+02:00" endTime="2021-06-18T11:12:25.6072027+02:00" testType="13cdc9d9-ddb5-4fa4-a97d-d965ccfc6d4b" outcome="Passed" testListId="8c84fa94-04c1-424b-9868-57a2d4851a1d" relativeResultsDirectory="449eb8e9-3d6f-4b1e-a2c7-cbf5f57e3aa3" />
    <UnitTestResult executionId="cfae1bbd-ff52-4bbb-9af3-990acc909ee2" testId="4d3ff144-16fc-4c46-817c-1b2a93a0cf2f" testName="ToInt_Passing_InvalidValueString_Returns_DefaultValue (999999439293294392492349329493294)" computerName="PC-SFERRARI" duration="00:00:00.0000060" startTime="2021-06-18T11:12:25.6456826+02:00" endTime="2021-06-18T11:12:25.6457555+02:00" testType="13cdc9d9-ddb5-4fa4-a97d-d965ccfc6d4b" outcome="Passed" testListId="8c84fa94-04c1-424b-9868-57a2d4851a1d" relativeResultsDirectory="cfae1bbd-ff52-4bbb-9af3-990acc909ee2" />
    <UnitTestResult executionId="5a1297be-7e3a-4712-8732-8db4af7daccd" testId="f6ef360c-988f-4813-aecc-609f95c56cc2" testName="IsName_Passing_ValidArguments_Returns_HasErrorsAndCount" computerName="PC-SFERRARI" duration="00:00:00.0002271" startTime="2021-06-18T11:12:25.7473711+02:00" endTime="2021-06-18T11:12:25.7477136+02:00" testType="13cdc9d9-ddb5-4fa4-a97d-d965ccfc6d4b" outcome="Passed" testListId="8c84fa94-04c1-424b-9868-57a2d4851a1d" relativeResultsDirectory="5a1297be-7e3a-4712-8732-8db4af7daccd" />
    <UnitTestResult executionId="3e064aa7-9d1f-4f69-a66a-cf4c14bf14e5" testId="a971c8ee-b9bb-4647-936b-a8b7ae77cc97" testName="ToUri_Passing_ValidValueString_Returns_Uri (https://foo.com/blah_blah?p=5&amp;j=fe)" computerName="PC-SFERRARI" duration="00:00:00.0000071" startTime="2021-06-18T11:12:25.5784787+02:00" endTime="2021-06-18T11:12:25.5785918+02:00" testType="13cdc9d9-ddb5-4fa4-a97d-d965ccfc6d4b" outcome="Passed" testListId="8c84fa94-04c1-424b-9868-57a2d4851a1d" relativeResultsDirectory="3e064aa7-9d1f-4f69-a66a-cf4c14bf14e5" />
    <UnitTestResult executionId="7c660d20-345c-4000-b54e-11fb0882f207" testId="69917008-38fc-48bf-a95e-81dec8b6239d" testName="ResultDataBadRequest_WithErrors_KeyValue" computerName="PC-SFERRARI" duration="00:00:00.0018039" startTime="2021-06-18T11:12:25.9131486+02:00" endTime="2021-06-18T11:12:25.9150741+02:00" testType="13cdc9d9-ddb5-4fa4-a97d-d965ccfc6d4b" outcome="Passed" testListId="8c84fa94-04c1-424b-9868-57a2d4851a1d" relativeResultsDirectory="7c660d20-345c-4000-b54e-11fb0882f207" />
    <UnitTestResult executionId="dfb447cc-4865-4d7f-b248-2e50d801aed3" testId="3117b362-7022-433f-b507-b8b28026d968" testName="ToHashAlgorithmName_Passing_ValidValueString_Returns_HashAlgorithmName (MD5)" computerName="PC-SFERRARI" duration="00:00:00.0042980" startTime="2021-06-18T11:12:25.6239980+02:00" endTime="2021-06-18T11:12:25.6284167+02:00" testType="13cdc9d9-ddb5-4fa4-a97d-d965ccfc6d4b" outcome="Passed" testListId="8c84fa94-04c1-424b-9868-57a2d4851a1d" relativeResultsDirectory="dfb447cc-4865-4d7f-b248-2e50d801aed3" />
    <UnitTestResult executionId="8ab3ef75-46fe-4071-ba99-2b53f825953f" testId="f3d388a6-4b82-430b-a73f-8b59cae5cefe" testName="ToReplace_Passing_ValidValue_Returns_ReplacedValue (aeiou,*,0,4,****u)" computerName="PC-SFERRARI" duration="00:00:00.0000102" startTime="2021-06-18T11:12:25.4590577+02:00" endTime="2021-06-18T11:12:25.4591616+02:00" testType="13cdc9d9-ddb5-4fa4-a97d-d965ccfc6d4b" outcome="Passed" testListId="8c84fa94-04c1-424b-9868-57a2d4851a1d" relativeResultsDirectory="8ab3ef75-46fe-4071-ba99-2b53f825953f" />
    <UnitTestResult executionId="9737263c-ecae-4077-a540-20d957cff4cc" testId="46d66abd-0d7d-4d0e-aa79-28ef3caaa320" testName="ToMapMerge_Passing_Destination_Object_Returns_Merged_Destination_Object" computerName="PC-SFERRARI" duration="00:00:00.0130757" startTime="2021-06-18T11:12:24.0969276+02:00" endTime="2021-06-18T11:12:24.1101097+02:00" testType="13cdc9d9-ddb5-4fa4-a97d-d965ccfc6d4b" outcome="Passed" testListId="8c84fa94-04c1-424b-9868-57a2d4851a1d" relativeResultsDirectory="9737263c-ecae-4077-a540-20d957cff4cc" />
    <UnitTestResult executionId="c8ac5e65-6f48-4400-b3e9-b1c19446e4a7" testId="80a0dd99-af18-4e5f-83d3-a29cdacce771" testName="ToRemove_Passing_ValidValue_Returns_ValueWithoutRemovedChars (aeiou,ei,aou)" computerName="PC-SFERRARI" duration="00:00:00.0000437" startTime="2021-06-18T11:12:25.4542328+02:00" endTime="2021-06-18T11:12:25.4543536+02:00" testType="13cdc9d9-ddb5-4fa4-a97d-d965ccfc6d4b" outcome="Passed" testListId="8c84fa94-04c1-424b-9868-57a2d4851a1d" relativeResultsDirectory="c8ac5e65-6f48-4400-b3e9-b1c19446e4a7" />
    <UnitTestResult executionId="4a900840-5909-4dd9-ac36-ebdfd493d463" testId="581ae1c1-524c-4f40-8a79-8e9cfd07cd0a" testName="ToUri_Passing_ValidValueString_Returns_Uri (https://foo.com/blah_blah/)" computerName="PC-SFERRARI" duration="00:00:00.0000090" startTime="2021-06-18T11:12:25.5734613+02:00" endTime="2021-06-18T11:12:25.5736202+02:00" testType="13cdc9d9-ddb5-4fa4-a97d-d965ccfc6d4b" outcome="Passed" testListId="8c84fa94-04c1-424b-9868-57a2d4851a1d" relativeResultsDirectory="4a900840-5909-4dd9-ac36-ebdfd493d463" />
    <UnitTestResult executionId="531dbe72-a618-430c-a56e-37b13f193a7d" testId="67a929f3-48e6-4af1-8b90-848528dd45bf" testName="ToEmailMaskUserNameAndDomain_Passing_ValidEmail_Returns_EmailWithMask (qazwsxedc@gmailgmail.com,q*******c@g********l.com)" computerName="PC-SFERRARI" duration="00:00:00.0000498" startTime="2021-06-18T11:12:25.5475647+02:00" endTime="2021-06-18T11:12:25.5477406+02:00" testType="13cdc9d9-ddb5-4fa4-a97d-d965ccfc6d4b" outcome="Passed" testListId="8c84fa94-04c1-424b-9868-57a2d4851a1d" relativeResultsDirectory="531dbe72-a618-430c-a56e-37b13f193a7d" />
    <UnitTestResult executionId="7cf142b2-f69f-4525-a0e7-5e3b02757900" testId="8f182254-3098-430e-aea1-0824981717b6" testName="IsHostname_Passing_InvalidArguments_Returns_HasErrorsAndCount" computerName="PC-SFERRARI" duration="00:00:00.0008616" startTime="2021-06-18T11:12:25.7628890+02:00" endTime="2021-06-18T11:12:25.7639486+02:00" testType="13cdc9d9-ddb5-4fa4-a97d-d965ccfc6d4b" outcome="Passed" testListId="8c84fa94-04c1-424b-9868-57a2d4851a1d" relativeResultsDirectory="7cf142b2-f69f-4525-a0e7-5e3b02757900" />
    <UnitTestResult executionId="a752d73e-c0db-4695-a273-4548a8c32b17" testId="7a2aeeff-dced-47ca-994d-aba8582b9302" testName="ToExists_Passing_Valid_Service_Returns_True" computerName="PC-SFERRARI" duration="00:00:00.0003795" startTime="2021-06-18T11:12:25.3535005+02:00" endTime="2021-06-18T11:12:25.3539639+02:00" testType="13cdc9d9-ddb5-4fa4-a97d-d965ccfc6d4b" outcome="Passed" testListId="8c84fa94-04c1-424b-9868-57a2d4851a1d" relativeResultsDirectory="a752d73e-c0db-4695-a273-4548a8c32b17" />
    <UnitTestResult executionId="8f85e301-35f6-4403-822e-2344baffd61b" testId="e7cb27e9-4e0e-4d8f-8d50-56b7b005298d" testName="ToRemove_Passing_ValidValue_Returns_ValueWithoutRemovedChars (aeiou,ae,iou)" computerName="PC-SFERRARI" duration="00:00:00.0000440" startTime="2021-06-18T11:12:25.4533043+02:00" endTime="2021-06-18T11:12:25.4534446+02:00" testType="13cdc9d9-ddb5-4fa4-a97d-d965ccfc6d4b" outcome="Passed" testListId="8c84fa94-04c1-424b-9868-57a2d4851a1d" relativeResultsDirectory="8f85e301-35f6-4403-822e-2344baffd61b" />
    <UnitTestResult executionId="d194d314-047b-4c7c-b31f-a1cb7a3f6df2" testId="48f897bb-77ce-413f-a5a3-61c60dada8f2" testName="ToDefaultValue_Passing_short_Returns_Cero" computerName="PC-SFERRARI" duration="00:00:00.0025273" startTime="2021-06-18T11:12:24.9159235+02:00" endTime="2021-06-18T11:12:24.9190966+02:00" testType="13cdc9d9-ddb5-4fa4-a97d-d965ccfc6d4b" outcome="Passed" testListId="8c84fa94-04c1-424b-9868-57a2d4851a1d" relativeResultsDirectory="d194d314-047b-4c7c-b31f-a1cb7a3f6df2" />
    <UnitTestResult executionId="aa4f8ad8-0f37-46d7-bfcc-bd70f35991c3" testId="01b45393-4b20-4bd6-8cc3-fdb99d18bf63" testName="ToNormalize_Passing_ValidValue_Returns_NormalizedValue (The End,The End)" computerName="PC-SFERRARI" duration="00:00:00.0000231" startTime="2021-06-18T11:12:25.5063502+02:00" endTime="2021-06-18T11:12:25.5064270+02:00" testType="13cdc9d9-ddb5-4fa4-a97d-d965ccfc6d4b" outcome="Passed" testListId="8c84fa94-04c1-424b-9868-57a2d4851a1d" relativeResultsDirectory="aa4f8ad8-0f37-46d7-bfcc-bd70f35991c3" />
    <UnitTestResult executionId="b9cc5727-6603-4cb0-84a5-cb29e120d1c9" testId="6fb7a7ee-02a0-465e-a984-dc25f9ff8ca0" testName="ToNormalize_Passing_ValidValue_Returns_NormalizedValue (àáäâãøçħ,aaaaaoch)" computerName="PC-SFERRARI" duration="00:00:00.0000595" startTime="2021-06-18T11:12:25.4980986+02:00" endTime="2021-06-18T11:12:25.4982631+02:00" testType="13cdc9d9-ddb5-4fa4-a97d-d965ccfc6d4b" outcome="Passed" testListId="8c84fa94-04c1-424b-9868-57a2d4851a1d" relativeResultsDirectory="b9cc5727-6603-4cb0-84a5-cb29e120d1c9" />
    <UnitTestResult executionId="9497fecd-ec34-4ae6-a2f4-8a3be0259965" testId="d7f8f3a7-acc7-4ba8-b5c5-b381eee390a8" testName="CreateRandom_WithCustomAllowableCharacters_Passing_Valid_Arguments_Returns_String_Random_Value (5,aeiou123456)" computerName="PC-SFERRARI" duration="00:00:00.0000142" startTime="2021-06-18T11:12:25.8085826+02:00" endTime="2021-06-18T11:12:25.8086629+02:00" testType="13cdc9d9-ddb5-4fa4-a97d-d965ccfc6d4b" outcome="Passed" testListId="8c84fa94-04c1-424b-9868-57a2d4851a1d" relativeResultsDirectory="9497fecd-ec34-4ae6-a2f4-8a3be0259965" />
    <UnitTestResult executionId="0aaf2e4f-d530-4bfe-96c1-9caa101df51f" testId="e807f842-86be-4b2d-9f9f-ba83f8543c14" testName="ToEmailMask_Passing_ValidEmail_Returns_EmailWithMask (qazwsxedc@gmail.com,q-------c@g----.com)" computerName="PC-SFERRARI" duration="00:00:00.0000307" startTime="2021-06-18T11:12:25.5646154+02:00" endTime="2021-06-18T11:12:25.5647424+02:00" testType="13cdc9d9-ddb5-4fa4-a97d-d965ccfc6d4b" outcome="Passed" testListId="8c84fa94-04c1-424b-9868-57a2d4851a1d" relativeResultsDirectory="0aaf2e4f-d530-4bfe-96c1-9caa101df51f" />
    <UnitTestResult executionId="5ca3b31d-2d9e-4630-8f7e-d3b44caf1ce6" testId="16871c6e-fca8-4f2f-a014-7b9fdca92fc0" testName="ToNormalize_Passing_ValidValue_Returns_NormalizedValue (ç,c)" computerName="PC-SFERRARI" duration="00:00:00.0002023" startTime="2021-06-18T11:12:25.5002742+02:00" endTime="2021-06-18T11:12:25.5010302+02:00" testType="13cdc9d9-ddb5-4fa4-a97d-d965ccfc6d4b" outcome="Passed" testListId="8c84fa94-04c1-424b-9868-57a2d4851a1d" relativeResultsDirectory="5ca3b31d-2d9e-4630-8f7e-d3b44caf1ce6" />
    <UnitTestResult executionId="9083c246-6be0-4339-86c4-d46f00b5d42f" testId="4dd5d85d-75be-447e-adbe-83bbc74cc59b" testName="AddOrUpdate_Passing_Valid_Collection_Returns_Collection" computerName="PC-SFERRARI" duration="00:00:00.0015364" startTime="2021-06-18T11:12:24.8771357+02:00" endTime="2021-06-18T11:12:24.8789730+02:00" testType="13cdc9d9-ddb5-4fa4-a97d-d965ccfc6d4b" outcome="Passed" testListId="8c84fa94-04c1-424b-9868-57a2d4851a1d" relativeResultsDirectory="9083c246-6be0-4339-86c4-d46f00b5d42f" />
    <UnitTestResult executionId="4769bed0-123d-45cd-b445-5041fa10293e" testId="006cfbe2-ba2f-41af-93dc-b0ae0f88b3e5" testName="ToIsFileExtensionThrow_Passing_InvalidValue_Returns_ApplicationExceptionWithMessage" computerName="PC-SFERRARI" duration="00:00:00.0016574" startTime="2021-06-18T11:12:24.5692865+02:00" endTime="2021-06-18T11:12:24.5711949+02:00" testType="13cdc9d9-ddb5-4fa4-a97d-d965ccfc6d4b" outcome="Passed" testListId="8c84fa94-04c1-424b-9868-57a2d4851a1d" relativeResultsDirectory="4769bed0-123d-45cd-b445-5041fa10293e" />
    <UnitTestResult executionId="7e9b938e-4fe8-4bb6-9a91-027ce22a89dd" testId="7c47a0b2-fb0b-422f-ad70-613b826f3df8" testName="ToEnvironment_Passing_Service_Not_Found_Returns_ApplicationException" computerName="PC-SFERRARI" duration="00:00:00.0066758" startTime="2021-06-18T11:12:24.4960153+02:00" endTime="2021-06-18T11:12:24.5030530+02:00" testType="13cdc9d9-ddb5-4fa4-a97d-d965ccfc6d4b" outcome="Passed" testListId="8c84fa94-04c1-424b-9868-57a2d4851a1d" relativeResultsDirectory="7e9b938e-4fe8-4bb6-9a91-027ce22a89dd" />
    <UnitTestResult executionId="d5525b5d-8aec-4ebe-b45f-28b9d883c2ec" testId="0045e576-3d22-46dc-b47f-f87e3cf7db10" testName="ToString_Passing_Valid_Collection_Returns_String_With_Default_Separator" computerName="PC-SFERRARI" duration="00:00:00.0010829" startTime="2021-06-18T11:12:24.8797239+02:00" endTime="2021-06-18T11:12:24.8810248+02:00" testType="13cdc9d9-ddb5-4fa4-a97d-d965ccfc6d4b" outcome="Passed" testListId="8c84fa94-04c1-424b-9868-57a2d4851a1d" relativeResultsDirectory="d5525b5d-8aec-4ebe-b45f-28b9d883c2ec" />
    <UnitTestResult executionId="a1633b0c-cf07-4e13-be58-2d67dea159cb" testId="3ae2b088-2b01-4a51-ba55-37cc1d9a2bf9" testName="ToSettings_Passing_Values_From_AppSettingsFile_Returns_Settings" computerName="PC-SFERRARI" duration="00:00:00.0447867" startTime="2021-06-18T11:12:25.3995125+02:00" endTime="2021-06-18T11:12:25.4444395+02:00" testType="13cdc9d9-ddb5-4fa4-a97d-d965ccfc6d4b" outcome="Passed" testListId="8c84fa94-04c1-424b-9868-57a2d4851a1d" relativeResultsDirectory="a1633b0c-cf07-4e13-be58-2d67dea159cb" />
    <UnitTestResult executionId="daa2b10f-728f-421d-8abb-b4e53f43e896" testId="17569385-8fbb-4a8f-a335-9035fd8d4127" testName="ToUri_Passing_ValidValueString_Returns_Uri (//foo.com/blah_blah/)" computerName="PC-SFERRARI" duration="00:00:00.0000071" startTime="2021-06-18T11:12:25.5789903+02:00" endTime="2021-06-18T11:12:25.5791106+02:00" testType="13cdc9d9-ddb5-4fa4-a97d-d965ccfc6d4b" outcome="Passed" testListId="8c84fa94-04c1-424b-9868-57a2d4851a1d" relativeResultsDirectory="daa2b10f-728f-421d-8abb-b4e53f43e896" />
    <UnitTestResult executionId="2967bf8a-36cf-4245-a41b-b6a3a5956891" testId="aacfb0fb-de8b-477b-ba1a-eb3514b2dd79" testName="ToConfiguration_Passing_Valid_DirectoryPath_Invalid_JsonFileName_Not_Optional_Returns_ApplicationException" computerName="PC-SFERRARI" duration="00:00:00.0009856" startTime="2021-06-18T11:12:25.3880955+02:00" endTime="2021-06-18T11:12:25.3891423+02:00" testType="13cdc9d9-ddb5-4fa4-a97d-d965ccfc6d4b" outcome="Passed" testListId="8c84fa94-04c1-424b-9868-57a2d4851a1d" relativeResultsDirectory="2967bf8a-36cf-4245-a41b-b6a3a5956891" />
    <UnitTestResult executionId="da305dca-db43-416e-8eac-f586d9d574d3" testId="5ec282d8-d094-44f1-8332-da4f92c5f6cf" testName="IsDirectory_Passing_InvalidArguments_Returns_HasErrorsAndCount" computerName="PC-SFERRARI" duration="00:00:00.0002703" startTime="2021-06-18T11:12:25.7529315+02:00" endTime="2021-06-18T11:12:25.7532848+02:00" testType="13cdc9d9-ddb5-4fa4-a97d-d965ccfc6d4b" outcome="Passed" testListId="8c84fa94-04c1-424b-9868-57a2d4851a1d" relativeResultsDirectory="da305dca-db43-416e-8eac-f586d9d574d3" />
    <UnitTestResult executionId="6e0ad415-b437-4e3c-8bc3-6c39225b324e" testId="530b16aa-31a3-48ff-9e12-8d5f43b6ffce" testName="ToTomorrow_Passing_DateTime_Returns_Tomorrow_DateTime" computerName="PC-SFERRARI" duration="00:00:00.0002380" startTime="2021-06-18T11:12:24.8755583+02:00" endTime="2021-06-18T11:12:24.8758755+02:00" testType="13cdc9d9-ddb5-4fa4-a97d-d965ccfc6d4b" outcome="Passed" testListId="8c84fa94-04c1-424b-9868-57a2d4851a1d" relativeResultsDirectory="6e0ad415-b437-4e3c-8bc3-6c39225b324e" />
    <UnitTestResult executionId="e7e878f6-249c-47e9-b320-79b08279dc6e" testId="12a0dc0d-2a9b-40eb-8018-9da458a5a261" testName="ToService_Passing_Service_Not_Found_Returns_ApplicationException" computerName="PC-SFERRARI" duration="00:00:00.0006265" startTime="2021-06-18T11:12:24.5061422+02:00" endTime="2021-06-18T11:12:24.5068964+02:00" testType="13cdc9d9-ddb5-4fa4-a97d-d965ccfc6d4b" outcome="Passed" testListId="8c84fa94-04c1-424b-9868-57a2d4851a1d" relativeResultsDirectory="e7e878f6-249c-47e9-b320-79b08279dc6e" />
    <UnitTestResult executionId="ca40d346-f6da-4025-aab4-c1688db9706a" testId="44eb7942-e71c-4bf1-a3f1-9c35300343d3" testName="ResultUnauthorized" computerName="PC-SFERRARI" duration="00:00:00.0005477" startTime="2021-06-18T11:12:25.8899158+02:00" endTime="2021-06-18T11:12:25.8905767+02:00" testType="13cdc9d9-ddb5-4fa4-a97d-d965ccfc6d4b" outcome="Passed" testListId="8c84fa94-04c1-424b-9868-57a2d4851a1d" relativeResultsDirectory="ca40d346-f6da-4025-aab4-c1688db9706a" />
    <UnitTestResult executionId="0bda6236-a093-4461-a421-33e8500f6e12" testId="49a7bb45-66a9-4fa3-b25c-4ab04000d26f" testName="ToReplace_Passing_ValidValue_Returns_ReplacedValue (aeiou,*,2,1,ae*ou)" computerName="PC-SFERRARI" duration="00:00:00.0000116" startTime="2021-06-18T11:12:25.4594858+02:00" endTime="2021-06-18T11:12:25.4596027+02:00" testType="13cdc9d9-ddb5-4fa4-a97d-d965ccfc6d4b" outcome="Passed" testListId="8c84fa94-04c1-424b-9868-57a2d4851a1d" relativeResultsDirectory="0bda6236-a093-4461-a421-33e8500f6e12" />
    <UnitTestResult executionId="ab966e3b-5a3f-4eb8-a9d3-f1bef9f90fde" testId="8dbfe17e-e492-40fc-89ff-d9e9bef67a71" testName="ToNormalize_Passing_ValidValue_Returns_NormalizedValue ( ,)" computerName="PC-SFERRARI" duration="00:00:00.0002830" startTime="2021-06-18T11:12:25.4976452+02:00" endTime="2021-06-18T11:12:25.4980271+02:00" testType="13cdc9d9-ddb5-4fa4-a97d-d965ccfc6d4b" outcome="Passed" testListId="8c84fa94-04c1-424b-9868-57a2d4851a1d" relativeResultsDirectory="ab966e3b-5a3f-4eb8-a9d3-f1bef9f90fde" />
    <UnitTestResult executionId="1a93621f-d595-4f0c-b1e9-6bdf13088469" testId="eb1e8eec-e4d2-4374-9453-90c56b135a6b" testName="ToMapNew_Passing_TDestination_Returns_New_Destination_Object" computerName="PC-SFERRARI" duration="00:00:00.0070290" startTime="2021-06-18T11:12:24.0835924+02:00" endTime="2021-06-18T11:12:24.0907699+02:00" testType="13cdc9d9-ddb5-4fa4-a97d-d965ccfc6d4b" outcome="Passed" testListId="8c84fa94-04c1-424b-9868-57a2d4851a1d" relativeResultsDirectory="1a93621f-d595-4f0c-b1e9-6bdf13088469" />
    <UnitTestResult executionId="0f5b9642-d143-4c51-91e9-9f781c3c043f" testId="b1ca9df4-9cfc-43ae-891c-ff32db9b57d0" testName="ToDefaultValue_Passing_decimal_Returns_Cero" computerName="PC-SFERRARI" duration="00:00:00.0004508" startTime="2021-06-18T11:12:24.9280460+02:00" endTime="2021-06-18T11:12:24.9286179+02:00" testType="13cdc9d9-ddb5-4fa4-a97d-d965ccfc6d4b" outcome="Passed" testListId="8c84fa94-04c1-424b-9868-57a2d4851a1d" relativeResultsDirectory="0f5b9642-d143-4c51-91e9-9f781c3c043f" />
    <UnitTestResult executionId="1a2a9e47-0e02-49a3-b1e4-6387d7551d17" testId="a206cefd-5889-4691-979f-873207148f94" testName="ToCount_Passing_ValidEnumType_Returns_Count" computerName="PC-SFERRARI" duration="00:00:00.0004118" startTime="2021-06-18T11:12:25.7781545+02:00" endTime="2021-06-18T11:12:25.7794965+02:00" testType="13cdc9d9-ddb5-4fa4-a97d-d965ccfc6d4b" outcome="Passed" testListId="8c84fa94-04c1-424b-9868-57a2d4851a1d" relativeResultsDirectory="1a2a9e47-0e02-49a3-b1e4-6387d7551d17" />
    <UnitTestResult executionId="288a946a-aeb8-4cd2-ac48-c5ac84e058a6" testId="277d6bce-bcfb-4b7b-bdb2-016476bcdfda" testName="ToServiceMatchingInterface_Passing_Empties_Assemblies_Returns_ApplicationException" computerName="PC-SFERRARI" duration="00:00:00.0017578" startTime="2021-06-18T11:12:25.3546695+02:00" endTime="2021-06-18T11:12:25.3565610+02:00" testType="13cdc9d9-ddb5-4fa4-a97d-d965ccfc6d4b" outcome="Passed" testListId="8c84fa94-04c1-424b-9868-57a2d4851a1d" relativeResultsDirectory="288a946a-aeb8-4cd2-ac48-c5ac84e058a6" />
    <UnitTestResult executionId="8d92c564-cb7e-4007-a393-3c7f99fc661d" testId="2a7e47ec-9299-4f49-8c8b-b38e77f2417c" testName="ToEnum_Passing_ValidValue_String_Returns_EnumValue" computerName="PC-SFERRARI" duration="00:00:00.0023808" startTime="2021-06-18T11:12:25.5066967+02:00" endTime="2021-06-18T11:12:25.5092041+02:00" testType="13cdc9d9-ddb5-4fa4-a97d-d965ccfc6d4b" outcome="Passed" testListId="8c84fa94-04c1-424b-9868-57a2d4851a1d" relativeResultsDirectory="8d92c564-cb7e-4007-a393-3c7f99fc661d" />
    <UnitTestResult executionId="f09a74d0-5fce-43e2-8fbf-9d1957dec8af" testId="1ae376d6-4c99-4e57-8e7c-971925b6125e" testName="ToUri_Passing_ValidValueString_Returns_Uri (https://foo.com/blah_blah/p=5)" computerName="PC-SFERRARI" duration="00:00:00.0000097" startTime="2021-06-18T11:12:25.5736832+02:00" endTime="2021-06-18T11:12:25.5738226+02:00" testType="13cdc9d9-ddb5-4fa4-a97d-d965ccfc6d4b" outcome="Passed" testListId="8c84fa94-04c1-424b-9868-57a2d4851a1d" relativeResultsDirectory="f09a74d0-5fce-43e2-8fbf-9d1957dec8af" />
    <UnitTestResult executionId="9048325a-831d-410b-8513-3ba46a746fcb" testId="299dfb82-46a0-4e74-9796-17468141278a" testName="ToReplaceSpecialChars_Passing_ValidValue_Returns_ReplacedValueWithoutIgnoreSpecialChars (*¨^_:-?¿;,?¿,?¿)" computerName="PC-SFERRARI" duration="00:00:00.0000730" startTime="2021-06-18T11:12:25.4971931+02:00" endTime="2021-06-18T11:12:25.4975403+02:00" testType="13cdc9d9-ddb5-4fa4-a97d-d965ccfc6d4b" outcome="Passed" testListId="8c84fa94-04c1-424b-9868-57a2d4851a1d" relativeResultsDirectory="9048325a-831d-410b-8513-3ba46a746fcb" />
    <UnitTestResult executionId="b3754309-7206-4d50-a7f7-eacb43c599ef" testId="e09fcee4-3114-4061-8d5d-d3e8631a5df7" testName="ToUri_Passing_InvalidValueString_Returns_Null (http://)" computerName="PC-SFERRARI" duration="00:00:00.0000319" startTime="2021-06-18T11:12:25.6087916+02:00" endTime="2021-06-18T11:12:25.6089422+02:00" testType="13cdc9d9-ddb5-4fa4-a97d-d965ccfc6d4b" outcome="Passed" testListId="8c84fa94-04c1-424b-9868-57a2d4851a1d" relativeResultsDirectory="b3754309-7206-4d50-a7f7-eacb43c599ef" />
    <UnitTestResult executionId="502be4e7-3883-4234-8716-63a12a8214b4" testId="66f8cf46-310f-45f5-9cbf-474431f13624" testName="ToString_Passing_Valid_Collection_With_Custom_Separator_Returns_String_With_Custom_Separator" computerName="PC-SFERRARI" duration="00:00:00.0002371" startTime="2021-06-18T11:12:24.8810917+02:00" endTime="2021-06-18T11:12:24.8814358+02:00" testType="13cdc9d9-ddb5-4fa4-a97d-d965ccfc6d4b" outcome="Passed" testListId="8c84fa94-04c1-424b-9868-57a2d4851a1d" relativeResultsDirectory="502be4e7-3883-4234-8716-63a12a8214b4" />
    <UnitTestResult executionId="b96a76e5-5622-40cc-b398-054c8be5dc48" testId="57887c46-d4ac-4bf5-935f-49bf23eb432b" testName="ToEmailMask_Passing_ValidEmail_Returns_EmailWithMask (qazwsx@gmail.com,q----x@g----.com)" computerName="PC-SFERRARI" duration="00:00:00.0000348" startTime="2021-06-18T11:12:25.5643734+02:00" endTime="2021-06-18T11:12:25.5645258+02:00" testType="13cdc9d9-ddb5-4fa4-a97d-d965ccfc6d4b" outcome="Passed" testListId="8c84fa94-04c1-424b-9868-57a2d4851a1d" relativeResultsDirectory="b96a76e5-5622-40cc-b398-054c8be5dc48" />
    <UnitTestResult executionId="2595e835-0ab4-45e4-870d-b08047a12fc9" testId="fbafdef4-65b0-4664-84af-75793d9eca50" testName="ToRemove_Passing_ValidValue_Returns_ValueWithoutRemovedChars (aeiou,aeio,u)" computerName="PC-SFERRARI" duration="00:00:00.0000465" startTime="2021-06-18T11:12:25.4536951+02:00" endTime="2021-06-18T11:12:25.4538192+02:00" testType="13cdc9d9-ddb5-4fa4-a97d-d965ccfc6d4b" outcome="Passed" testListId="8c84fa94-04c1-424b-9868-57a2d4851a1d" relativeResultsDirectory="2595e835-0ab4-45e4-870d-b08047a12fc9" />
    <UnitTestResult executionId="f23cad63-d1ba-43b5-b658-f7f44c830137" testId="e129cebf-da9c-4276-93ae-18d666897df5" testName="ToIsEmailThrow_Passing_InvalidValue_Returns_ApplicationExceptionWithMessage ()" computerName="PC-SFERRARI" duration="00:00:00.0000495" startTime="2021-06-18T11:12:24.5945642+02:00" endTime="2021-06-18T11:12:24.5946837+02:00" testType="13cdc9d9-ddb5-4fa4-a97d-d965ccfc6d4b" outcome="Passed" testListId="8c84fa94-04c1-424b-9868-57a2d4851a1d" relativeResultsDirectory="f23cad63-d1ba-43b5-b658-f7f44c830137" />
    <UnitTestResult executionId="e79d8e94-afec-430c-96ef-64ea370e556f" testId="f1a80c2d-be02-47a7-b542-824b759a67f6" testName="ToStringFormat_Passing_ValidValue_Returns_ValueWithoutRemovedChars (2147483647)" computerName="PC-SFERRARI" duration="00:00:00.0000111" startTime="2021-06-18T11:12:25.3172884+02:00" endTime="2021-06-18T11:12:25.3175391+02:00" testType="13cdc9d9-ddb5-4fa4-a97d-d965ccfc6d4b" outcome="Passed" testListId="8c84fa94-04c1-424b-9868-57a2d4851a1d" relativeResultsDirectory="e79d8e94-afec-430c-96ef-64ea370e556f" />
    <UnitTestResult executionId="7298ed1d-af46-455c-b133-257e95d08949" testId="2305b92f-c44c-4382-a2f5-6f40c48a3188" testName="ResultOk_WithMessage_WithDetails" computerName="PC-SFERRARI" duration="00:00:00.0006923" startTime="2021-06-18T11:12:25.8435885+02:00" endTime="2021-06-18T11:12:25.8444206+02:00" testType="13cdc9d9-ddb5-4fa4-a97d-d965ccfc6d4b" outcome="Passed" testListId="8c84fa94-04c1-424b-9868-57a2d4851a1d" relativeResultsDirectory="7298ed1d-af46-455c-b133-257e95d08949" />
    <UnitTestResult executionId="027049a9-3fb9-4dea-a626-fe4f3ae5fa98" testId="82d776c4-8be7-4713-abe4-186532153266" testName="ToConfiguration_Passing_Key_Values_Returns_Ok" computerName="PC-SFERRARI" duration="00:00:00.0018792" startTime="2021-06-18T11:12:25.3971914+02:00" endTime="2021-06-18T11:12:25.3992508+02:00" testType="13cdc9d9-ddb5-4fa4-a97d-d965ccfc6d4b" outcome="Passed" testListId="8c84fa94-04c1-424b-9868-57a2d4851a1d" relativeResultsDirectory="027049a9-3fb9-4dea-a626-fe4f3ae5fa98" />
    <UnitTestResult executionId="a00f7075-56c3-4a3a-a4d4-95c958f245d2" testId="48b5959e-ac31-4215-81c5-6dc7c9d575c0" testName="CreateRandom_WithDefaultAllowableCharacters_Passing_ValidArguments_Returns_String_Random_Value (20)" computerName="PC-SFERRARI" duration="00:00:00.0000155" startTime="2021-06-18T11:12:25.8081708+02:00" endTime="2021-06-18T11:12:25.8082508+02:00" testType="13cdc9d9-ddb5-4fa4-a97d-d965ccfc6d4b" outcome="Passed" testListId="8c84fa94-04c1-424b-9868-57a2d4851a1d" relativeResultsDirectory="a00f7075-56c3-4a3a-a4d4-95c958f245d2" />
    <UnitTestResult executionId="f23900f4-e176-486d-b125-b4b1deb306a1" testId="9284daf1-194d-41bf-9a5b-cb8419206350" testName="CreateSHA256_Passing_Invalid_Arguments_Returns_ApplicationException ()" computerName="PC-SFERRARI" duration="00:00:00.0001492" startTime="2021-06-18T11:12:25.8190737+02:00" endTime="2021-06-18T11:12:25.8193408+02:00" testType="13cdc9d9-ddb5-4fa4-a97d-d965ccfc6d4b" outcome="Passed" testListId="8c84fa94-04c1-424b-9868-57a2d4851a1d" relativeResultsDirectory="f23900f4-e176-486d-b125-b4b1deb306a1" />
    <UnitTestResult executionId="284dec89-f271-4070-b1ce-a813a4456e03" testId="07ffbc39-c2b1-4bfc-becd-22cd3da9a2e2" testName="ToRemove_Passing_ValidValue_Returns_ValueWithoutRemovedChars ( *, ,*)" computerName="PC-SFERRARI" duration="00:00:00.0010542" startTime="2021-06-18T11:12:25.4484918+02:00" endTime="2021-06-18T11:12:25.4499508+02:00" testType="13cdc9d9-ddb5-4fa4-a97d-d965ccfc6d4b" outcome="Passed" testListId="8c84fa94-04c1-424b-9868-57a2d4851a1d" relativeResultsDirectory="284dec89-f271-4070-b1ce-a813a4456e03" />
    <UnitTestResult executionId="f5376a22-b3fa-4ec5-9352-613856026591" testId="1e71942d-d03b-4111-a862-49533765c5b0" testName="ToUri_Passing_ValidValueString_Returns_Uri (http://userid:password@example.com/)" computerName="PC-SFERRARI" duration="00:00:00.0000083" startTime="2021-06-18T11:12:25.5928735+02:00" endTime="2021-06-18T11:12:25.5929994+02:00" testType="13cdc9d9-ddb5-4fa4-a97d-d965ccfc6d4b" outcome="Passed" testListId="8c84fa94-04c1-424b-9868-57a2d4851a1d" relativeResultsDirectory="f5376a22-b3fa-4ec5-9352-613856026591" />
    <UnitTestResult executionId="3a524681-eacb-4301-af64-284a1d72d4d7" testId="b54a9290-c131-4e0b-81ef-319186161719" testName="ToServiceMatchingInterface_Passing_Valid_Assembly_Returns_Service" computerName="PC-SFERRARI" duration="00:00:00.0288297" startTime="2021-06-18T11:12:25.3572363+02:00" endTime="2021-06-18T11:12:25.3863897+02:00" testType="13cdc9d9-ddb5-4fa4-a97d-d965ccfc6d4b" outcome="Passed" testListId="8c84fa94-04c1-424b-9868-57a2d4851a1d" relativeResultsDirectory="3a524681-eacb-4301-af64-284a1d72d4d7" />
    <UnitTestResult executionId="3dca7971-c313-457b-afe4-adf556ad7c0b" testId="88b765b1-e35c-4eec-b540-825cf57a9ca1" testName="ToDefaultValue_Passing_char_Returns_Cero" computerName="PC-SFERRARI" duration="00:00:00.0002929" startTime="2021-06-18T11:12:24.9293621+02:00" endTime="2021-06-18T11:12:24.9297733+02:00" testType="13cdc9d9-ddb5-4fa4-a97d-d965ccfc6d4b" outcome="Passed" testListId="8c84fa94-04c1-424b-9868-57a2d4851a1d" relativeResultsDirectory="3dca7971-c313-457b-afe4-adf556ad7c0b" />
    <UnitTestResult executionId="2c15041f-86ab-44fb-a3f9-66caa845a0ce" testId="1f27140a-bc43-4e48-913c-49507cf9dd37" testName="ToEmailMaskUserNameAndDomain_Passing_ValidEmail_Returns_EmailWithMask (qaz@gmail.com,q*z@g***l.com)" computerName="PC-SFERRARI" duration="00:00:00.0004155" startTime="2021-06-18T11:12:25.5452255+02:00" endTime="2021-06-18T11:12:25.5456952+02:00" testType="13cdc9d9-ddb5-4fa4-a97d-d965ccfc6d4b" outcome="Passed" testListId="8c84fa94-04c1-424b-9868-57a2d4851a1d" relativeResultsDirectory="2c15041f-86ab-44fb-a3f9-66caa845a0ce" />
    <UnitTestResult executionId="f6bd6869-0417-433e-9017-73b7ae3956ab" testId="0cbd4078-98c5-4295-842e-c6c7cbb3aa70" testName="ToMapList_Passing_Source_Type_And_Destination_Type_Returns_Destination_Object_List" computerName="PC-SFERRARI" duration="00:00:00.0793841" startTime="2021-06-18T11:12:24.1101687+02:00" endTime="2021-06-18T11:12:24.1896935+02:00" testType="13cdc9d9-ddb5-4fa4-a97d-d965ccfc6d4b" outcome="Passed" testListId="8c84fa94-04c1-424b-9868-57a2d4851a1d" relativeResultsDirectory="f6bd6869-0417-433e-9017-73b7ae3956ab" />
    <UnitTestResult executionId="92afbf90-13af-4c06-9aac-f48c010cee0a" testId="ee353558-b1b9-4056-8e30-977b51d249a7" testName="ToIPv6_Passing_HttpContext_IP_Value_Returns_IP" computerName="PC-SFERRARI" duration="00:00:00.0018251" startTime="2021-06-18T11:12:24.9387832+02:00" endTime="2021-06-18T11:12:24.9409074+02:00" testType="13cdc9d9-ddb5-4fa4-a97d-d965ccfc6d4b" outcome="Passed" testListId="8c84fa94-04c1-424b-9868-57a2d4851a1d" relativeResultsDirectory="92afbf90-13af-4c06-9aac-f48c010cee0a" />
    <UnitTestResult executionId="681c99cd-e876-4dcf-9405-30825ac2af8f" testId="72173caa-41e4-4278-b442-fd6b254b8256" testName="ToUri_Passing_InvalidValueString_Returns_DefaultValue (http://??/)" computerName="PC-SFERRARI" duration="00:00:00.0000063" startTime="2021-06-18T11:12:25.6236543+02:00" endTime="2021-06-18T11:12:25.6237051+02:00" testType="13cdc9d9-ddb5-4fa4-a97d-d965ccfc6d4b" outcome="Passed" testListId="8c84fa94-04c1-424b-9868-57a2d4851a1d" relativeResultsDirectory="681c99cd-e876-4dcf-9405-30825ac2af8f" />
    <UnitTestResult executionId="cf81f298-e105-4d7f-83c3-1c88702d06b5" testId="0d6d53db-7060-4df2-be0a-ef8c08034282" testName="ToTryGetHeader_Passing_HttpRequest_Header_Many_Values_Returns_Values" computerName="PC-SFERRARI" duration="00:00:00.0008470" startTime="2021-06-18T11:12:25.0414878+02:00" endTime="2021-06-18T11:12:25.0424700+02:00" testType="13cdc9d9-ddb5-4fa4-a97d-d965ccfc6d4b" outcome="Passed" testListId="8c84fa94-04c1-424b-9868-57a2d4851a1d" relativeResultsDirectory="cf81f298-e105-4d7f-83c3-1c88702d06b5" />
    <UnitTestResult executionId="82a6cba9-bb38-4071-bc95-948893217a62" testId="d3beae23-8b0d-4cf4-82cc-181c640c12bf" testName="ToEndOfTheMonth_Passing_DateTime_Returns_End_Of_Month_DateTime" computerName="PC-SFERRARI" duration="00:00:00.0008496" startTime="2021-06-18T11:12:24.8708996+02:00" endTime="2021-06-18T11:12:24.8718532+02:00" testType="13cdc9d9-ddb5-4fa4-a97d-d965ccfc6d4b" outcome="Passed" testListId="8c84fa94-04c1-424b-9868-57a2d4851a1d" relativeResultsDirectory="82a6cba9-bb38-4071-bc95-948893217a62" />
    <UnitTestResult executionId="8f5abe89-b640-45f6-b73a-b08bf6e991a8" testId="4d022609-dce4-4493-8a81-1a1054d9a349" testName="ToInt_Passing_InvalidValueString_Returns_DefaultValue (1.333,39)" computerName="PC-SFERRARI" duration="00:00:00.0000062" startTime="2021-06-18T11:12:25.6455476+02:00" endTime="2021-06-18T11:12:25.6456311+02:00" testType="13cdc9d9-ddb5-4fa4-a97d-d965ccfc6d4b" outcome="Passed" testListId="8c84fa94-04c1-424b-9868-57a2d4851a1d" relativeResultsDirectory="8f5abe89-b640-45f6-b73a-b08bf6e991a8" />
    <UnitTestResult executionId="57b08313-5ef9-4e04-af4c-46f9bfd756eb" testId="b5042591-38ea-4c8f-8fda-0d8da15bc16f" testName="ToNormalize_Passing_ValidValue_Returns_NormalizedValue (ñ Ñ,n N)" computerName="PC-SFERRARI" duration="00:00:00.0000704" startTime="2021-06-18T11:12:25.5064643+02:00" endTime="2021-06-18T11:12:25.5066334+02:00" testType="13cdc9d9-ddb5-4fa4-a97d-d965ccfc6d4b" outcome="Passed" testListId="8c84fa94-04c1-424b-9868-57a2d4851a1d" relativeResultsDirectory="57b08313-5ef9-4e04-af4c-46f9bfd756eb" />
    <UnitTestResult executionId="a2d4d8ce-ac5c-4613-afc2-cfafcd7c172c" testId="819185b5-9cda-4482-bdbf-9a77e52864f3" testName="ToNormalize_Passing_ValidValue_Returns_NormalizedValue (Münçhen,Munchen)" computerName="PC-SFERRARI" duration="00:00:00.0000236" startTime="2021-06-18T11:12:25.5036543+02:00" endTime="2021-06-18T11:12:25.5037368+02:00" testType="13cdc9d9-ddb5-4fa4-a97d-d965ccfc6d4b" outcome="Passed" testListId="8c84fa94-04c1-424b-9868-57a2d4851a1d" relativeResultsDirectory="a2d4d8ce-ac5c-4613-afc2-cfafcd7c172c" />
    <UnitTestResult executionId="5d6bd33f-a66d-4c2b-9e1e-d8aec6ab5d31" testId="2bc2530a-ec98-48bf-b03d-b04f150e44ff" testName="ToRemove_Passing_ValidValue_Returns_ValueWithoutRemovedChars (aeiou,aeiou,)" computerName="PC-SFERRARI" duration="00:00:00.0000319" startTime="2021-06-18T11:12:25.4538763+02:00" endTime="2021-06-18T11:12:25.4539938+02:00" testType="13cdc9d9-ddb5-4fa4-a97d-d965ccfc6d4b" outcome="Passed" testListId="8c84fa94-04c1-424b-9868-57a2d4851a1d" relativeResultsDirectory="5d6bd33f-a66d-4c2b-9e1e-d8aec6ab5d31" />
    <UnitTestResult executionId="75063e18-f9b9-4e59-9640-8278083709d0" testId="36337c80-87ab-4081-b6b2-8206fc27725a" testName="ToEmptyIfNull_Passing_Null_Collection_Returns_Empty_Collection" computerName="PC-SFERRARI" duration="00:00:00.0004830" startTime="2021-06-18T11:12:24.8864606+02:00" endTime="2021-06-18T11:12:24.8870994+02:00" testType="13cdc9d9-ddb5-4fa4-a97d-d965ccfc6d4b" outcome="Passed" testListId="8c84fa94-04c1-424b-9868-57a2d4851a1d" relativeResultsDirectory="75063e18-f9b9-4e59-9640-8278083709d0" />
    <UnitTestResult executionId="2cbeed2d-9e17-4594-a24e-6198dc7894ad" testId="6d9c7cd4-aba4-471a-93e0-be6568db0233" testName="ToNormalize_Passing_ValidValue_Returns_NormalizedValue (Åge,Age)" computerName="PC-SFERRARI" duration="00:00:00.0000228" startTime="2021-06-18T11:12:25.5037748+02:00" endTime="2021-06-18T11:12:25.5038577+02:00" testType="13cdc9d9-ddb5-4fa4-a97d-d965ccfc6d4b" outcome="Passed" testListId="8c84fa94-04c1-424b-9868-57a2d4851a1d" relativeResultsDirectory="2cbeed2d-9e17-4594-a24e-6198dc7894ad" />
    <UnitTestResult executionId="7e11c933-8a49-4f89-8551-4808f61cead1" testId="10190fd9-5ec0-48d3-8ca1-3848bb246c3e" testName="ToUri_Passing_InvalidValueString_Returns_DefaultValue (http://##)" computerName="PC-SFERRARI" duration="00:00:00.0000066" startTime="2021-06-18T11:12:25.6238240+02:00" endTime="2021-06-18T11:12:25.6238806+02:00" testType="13cdc9d9-ddb5-4fa4-a97d-d965ccfc6d4b" outcome="Passed" testListId="8c84fa94-04c1-424b-9868-57a2d4851a1d" relativeResultsDirectory="7e11c933-8a49-4f89-8551-4808f61cead1" />
    <UnitTestResult executionId="1541e2ad-a354-44c7-8371-1e6a8cf3124d" testId="1ea38e9b-9bef-47e9-ad07-98d6f1091d23" testName="ToUri_Passing_ValidValueString_Returns_Uri (http://foo.com/blah_(wikipedia)#cite-1)" computerName="PC-SFERRARI" duration="00:00:00.0000059" startTime="2021-06-18T11:12:25.5939816+02:00" endTime="2021-06-18T11:12:25.5940808+02:00" testType="13cdc9d9-ddb5-4fa4-a97d-d965ccfc6d4b" outcome="Passed" testListId="8c84fa94-04c1-424b-9868-57a2d4851a1d" relativeResultsDirectory="1541e2ad-a354-44c7-8371-1e6a8cf3124d" />
    <UnitTestResult executionId="3b0b4dfa-66bf-4037-93e3-651cbc1196e2" testId="319d94e8-4f7e-433d-afae-83603c2de801" testName="IsDigit_Passing_InvalidArguments_Returns_HasErrorsAndCount" computerName="PC-SFERRARI" duration="00:00:00.0019906" startTime="2021-06-18T11:12:25.7645064+02:00" endTime="2021-06-18T11:12:25.7666186+02:00" testType="13cdc9d9-ddb5-4fa4-a97d-d965ccfc6d4b" outcome="Passed" testListId="8c84fa94-04c1-424b-9868-57a2d4851a1d" relativeResultsDirectory="3b0b4dfa-66bf-4037-93e3-651cbc1196e2" />
    <UnitTestResult executionId="e38e60c4-1aaa-4f4e-98b4-7487b75a4ae7" testId="1df8117c-ce9c-40aa-8c98-e9d1e9e5c64d" testName="ResultBadRequest_WithErrors_KeyValue" computerName="PC-SFERRARI" duration="00:00:00.0114004" startTime="2021-06-18T11:12:25.8912158+02:00" endTime="2021-06-18T11:12:25.9027162+02:00" testType="13cdc9d9-ddb5-4fa4-a97d-d965ccfc6d4b" outcome="Passed" testListId="8c84fa94-04c1-424b-9868-57a2d4851a1d" relativeResultsDirectory="e38e60c4-1aaa-4f4e-98b4-7487b75a4ae7" />
    <UnitTestResult executionId="daa5630c-6f83-4629-bc98-737940a18f48" testId="84184403-c3d0-4c30-9324-0b18c51c87c3" testName="ToUri_Passing_ValidValueString_Returns_Uri (http://foo.com/blah_(wikipedia)_blah#cite-1)" computerName="PC-SFERRARI" duration="00:00:00.0000060" startTime="2021-06-18T11:12:25.5941290+02:00" endTime="2021-06-18T11:12:25.5942230+02:00" testType="13cdc9d9-ddb5-4fa4-a97d-d965ccfc6d4b" outcome="Passed" testListId="8c84fa94-04c1-424b-9868-57a2d4851a1d" relativeResultsDirectory="daa5630c-6f83-4629-bc98-737940a18f48" />
    <UnitTestResult executionId="a4faebe9-658a-4ece-94af-29a32d87f50a" testId="1b7d5d2f-096a-4511-894a-733cfcffa5bb" testName="ToInt_Passing_InvalidValueString_Returns_Null (1.333,39)" computerName="PC-SFERRARI" duration="00:00:00.0000054" startTime="2021-06-18T11:12:25.6401675+02:00" endTime="2021-06-18T11:12:25.6402374+02:00" testType="13cdc9d9-ddb5-4fa4-a97d-d965ccfc6d4b" outcome="Passed" testListId="8c84fa94-04c1-424b-9868-57a2d4851a1d" relativeResultsDirectory="a4faebe9-658a-4ece-94af-29a32d87f50a" />
    <UnitTestResult executionId="1d0db232-542d-4a08-8aaf-420dd0299c7e" testId="be09012f-0eb3-412f-b17d-8184f49b4eb2" testName="ToHasErrors_Passing_InvalidValue_Returns_ApplicationExceptionWithMessage" computerName="PC-SFERRARI" duration="00:00:00.0002918" startTime="2021-06-18T11:12:24.6101622+02:00" endTime="2021-06-18T11:12:24.6105994+02:00" testType="13cdc9d9-ddb5-4fa4-a97d-d965ccfc6d4b" outcome="Passed" testListId="8c84fa94-04c1-424b-9868-57a2d4851a1d" relativeResultsDirectory="1d0db232-542d-4a08-8aaf-420dd0299c7e" />
    <UnitTestResult executionId="a27beb49-dfa9-4632-8bee-5fc7557bca7a" testId="fde5a030-4a30-427f-8697-39fc83e211f3" testName="ToNormalize_Passing_ValidValue_Returns_NormalizedValue (Strømsgodset,Stromsgodset)" computerName="PC-SFERRARI" duration="00:00:00.0000289" startTime="2021-06-18T11:12:25.5038961+02:00" endTime="2021-06-18T11:12:25.5039839+02:00" testType="13cdc9d9-ddb5-4fa4-a97d-d965ccfc6d4b" outcome="Passed" testListId="8c84fa94-04c1-424b-9868-57a2d4851a1d" relativeResultsDirectory="a27beb49-dfa9-4632-8bee-5fc7557bca7a" />
    <UnitTestResult executionId="8173b95b-48c7-4af4-8ec2-1ec7d0917d61" testId="d1202511-d209-419c-a2af-94f4cda01d10" testName="ToReplace_Passing_ValidValue_Returns_ReplacedValue (aeiou,*,0,5,*****)" computerName="PC-SFERRARI" duration="00:00:00.0000121" startTime="2021-06-18T11:12:25.4592528+02:00" endTime="2021-06-18T11:12:25.4593836+02:00" testType="13cdc9d9-ddb5-4fa4-a97d-d965ccfc6d4b" outcome="Passed" testListId="8c84fa94-04c1-424b-9868-57a2d4851a1d" relativeResultsDirectory="8173b95b-48c7-4af4-8ec2-1ec7d0917d61" />
    <UnitTestResult executionId="15f869cf-35e8-429f-ae1b-1fa597659103" testId="96e5a715-fa47-451f-afe2-457589d8e955" testName="ToDefaultValue_Passing_long_Returns_Cero (9223372036854775807)" computerName="PC-SFERRARI" duration="00:00:00.0002635" startTime="2021-06-18T11:12:24.9235234+02:00" endTime="2021-06-18T11:12:24.9238691+02:00" testType="13cdc9d9-ddb5-4fa4-a97d-d965ccfc6d4b" outcome="Passed" testListId="8c84fa94-04c1-424b-9868-57a2d4851a1d" relativeResultsDirectory="15f869cf-35e8-429f-ae1b-1fa597659103" />
    <UnitTestResult executionId="bc8e61ad-2f4f-4f05-bfd0-0a71466d44ac" testId="41faedef-1f59-45a8-bf1a-eb5105db9223" testName="CreateSHA512_Passing_Invalid_Arguments_Returns_ApplicationException ( )" computerName="PC-SFERRARI" duration="00:00:00.0000909" startTime="2021-06-18T11:12:25.8346218+02:00" endTime="2021-06-18T11:12:25.8348316+02:00" testType="13cdc9d9-ddb5-4fa4-a97d-d965ccfc6d4b" outcome="Passed" testListId="8c84fa94-04c1-424b-9868-57a2d4851a1d" relativeResultsDirectory="bc8e61ad-2f4f-4f05-bfd0-0a71466d44ac" />
    <UnitTestResult executionId="5e0d2a5a-bd90-4ae7-a2ea-7d54ef6aee9e" testId="34b33a65-eaaf-4e05-bfe7-8fe968b035a0" testName="IsUniqueChars_Passing_ValidArguments_Returns_HasErrorsAndCount" computerName="PC-SFERRARI" duration="00:00:00.0007385" startTime="2021-06-18T11:12:25.7710386+02:00" endTime="2021-06-18T11:12:25.7718749+02:00" testType="13cdc9d9-ddb5-4fa4-a97d-d965ccfc6d4b" outcome="Passed" testListId="8c84fa94-04c1-424b-9868-57a2d4851a1d" relativeResultsDirectory="5e0d2a5a-bd90-4ae7-a2ea-7d54ef6aee9e" />
    <UnitTestResult executionId="e41b2409-213c-4d54-ae0b-3a4b303ba298" testId="2bd47c03-8bd5-491c-acbf-af4f2db64862" testName="ToIsLastDayOfTheMonth_Passing_NotLastDayOfMonth_Returns_False" computerName="PC-SFERRARI" duration="00:00:00.0004457" startTime="2021-06-18T11:12:24.8698956+02:00" endTime="2021-06-18T11:12:24.8704917+02:00" testType="13cdc9d9-ddb5-4fa4-a97d-d965ccfc6d4b" outcome="Passed" testListId="8c84fa94-04c1-424b-9868-57a2d4851a1d" relativeResultsDirectory="e41b2409-213c-4d54-ae0b-3a4b303ba298" />
    <UnitTestResult executionId="46f0deba-55d1-4c9c-863f-dbaef889b8fb" testId="7ca37c75-ea9b-447d-bdac-33a88e2fb1ac" testName="ToNormalize_Passing_ValidValue_Returns_NormalizedValue (Autobús,Autobus)" computerName="PC-SFERRARI" duration="00:00:00.0000239" startTime="2021-06-18T11:12:25.5059889+02:00" endTime="2021-06-18T11:12:25.5060691+02:00" testType="13cdc9d9-ddb5-4fa4-a97d-d965ccfc6d4b" outcome="Passed" testListId="8c84fa94-04c1-424b-9868-57a2d4851a1d" relativeResultsDirectory="46f0deba-55d1-4c9c-863f-dbaef889b8fb" />
    <UnitTestResult executionId="9e3e5aee-47a5-4adb-9e41-98d783f586cb" testId="4b43c4e8-8eaf-4cca-9859-8aedba6a2f78" testName="CreateSHA256_Passing_Invalid_Arguments_Returns_ApplicationException ( )" computerName="PC-SFERRARI" duration="00:00:00.0001510" startTime="2021-06-18T11:12:25.8240681+02:00" endTime="2021-06-18T11:12:25.8243766+02:00" testType="13cdc9d9-ddb5-4fa4-a97d-d965ccfc6d4b" outcome="Passed" testListId="8c84fa94-04c1-424b-9868-57a2d4851a1d" relativeResultsDirectory="9e3e5aee-47a5-4adb-9e41-98d783f586cb" />
    <UnitTestResult executionId="c4e66946-4aaa-4262-a031-a0cce387994c" testId="ab1f0ec4-a574-4a48-81a5-52bfbeb178ae" testName="IsHostname_Passing_ValidArguments_Returns_HasErrorsAndCount" computerName="PC-SFERRARI" duration="00:00:00.0003087" startTime="2021-06-18T11:12:25.7640256+02:00" endTime="2021-06-18T11:12:25.7644543+02:00" testType="13cdc9d9-ddb5-4fa4-a97d-d965ccfc6d4b" outcome="Passed" testListId="8c84fa94-04c1-424b-9868-57a2d4851a1d" relativeResultsDirectory="c4e66946-4aaa-4262-a031-a0cce387994c" />
    <UnitTestResult executionId="007bc8c6-41b3-473c-bba1-f4741b82daa3" testId="6239edd4-ca7e-4be0-9394-78d822dc7427" testName="ToDictionaryPropertyInfo_Passing_Object_IncludeNullOrEmptyProperty_Returns_Properties_NameAndValue_Dictionary" computerName="PC-SFERRARI" duration="00:00:00.0006025" startTime="2021-06-18T11:12:24.9327881+02:00" endTime="2021-06-18T11:12:24.9338304+02:00" testType="13cdc9d9-ddb5-4fa4-a97d-d965ccfc6d4b" outcome="Passed" testListId="8c84fa94-04c1-424b-9868-57a2d4851a1d" relativeResultsDirectory="007bc8c6-41b3-473c-bba1-f4741b82daa3" />
    <UnitTestResult executionId="72a3b510-5d3d-4892-96e3-31fe0d6b3cef" testId="997abd6a-5c20-4172-98e9-7a80766e662f" testName="CreateAndVerifySHA512_Passing_Valid_Arguments_Returns_True (HashTests)" computerName="PC-SFERRARI" duration="00:00:00.0000696" startTime="2021-06-18T11:12:25.8355819+02:00" endTime="2021-06-18T11:12:25.8357597+02:00" testType="13cdc9d9-ddb5-4fa4-a97d-d965ccfc6d4b" outcome="Passed" testListId="8c84fa94-04c1-424b-9868-57a2d4851a1d" relativeResultsDirectory="72a3b510-5d3d-4892-96e3-31fe0d6b3cef" />
    <UnitTestResult executionId="4437e47b-4d1b-470b-887f-43ff0036d73a" testId="3d9ef8a7-d1d0-428a-a941-a3710dc4d3d6" testName="CreateAndVerifySHA512_Passing_Valid_Arguments_Returns_True (sdlfkjldsfksdfñl·%$·&amp;$/U&amp;/)(&amp;()?=)¿?^P*^PÑL,.,.lñ´ñ+98098'098098)" computerName="PC-SFERRARI" duration="00:00:00.0000739" startTime="2021-06-18T11:12:25.8397908+02:00" endTime="2021-06-18T11:12:25.8399973+02:00" testType="13cdc9d9-ddb5-4fa4-a97d-d965ccfc6d4b" outcome="Passed" testListId="8c84fa94-04c1-424b-9868-57a2d4851a1d" relativeResultsDirectory="4437e47b-4d1b-470b-887f-43ff0036d73a" />
    <UnitTestResult executionId="4013acd2-2628-4926-a1a0-cd545eda0580" testId="433f3cae-1ecc-442b-a63c-31ec3e1c57e4" testName="ToEmailMaskUserNameAndDomainAndExtension_Passing_ValidEmail_Returns_EmailWithMask (qaz@gmailgmail.com,q*z@g********l.c*m)" computerName="PC-SFERRARI" duration="00:00:00.0001234" startTime="2021-06-18T11:12:25.5589861+02:00" endTime="2021-06-18T11:12:25.5593144+02:00" testType="13cdc9d9-ddb5-4fa4-a97d-d965ccfc6d4b" outcome="Passed" testListId="8c84fa94-04c1-424b-9868-57a2d4851a1d" relativeResultsDirectory="4013acd2-2628-4926-a1a0-cd545eda0580" />
    <UnitTestResult executionId="f0d733d7-afcd-4c7d-8867-1de1c8eeabb2" testId="eff93f62-2b95-4881-a608-1060ea339b91" testName="ToDefaultValue_Passing_double_Returns_Cero (1,7976931348623157E+308)" computerName="PC-SFERRARI" duration="00:00:00.0004439" startTime="2021-06-18T11:12:24.9273634+02:00" endTime="2021-06-18T11:12:24.9279684+02:00" testType="13cdc9d9-ddb5-4fa4-a97d-d965ccfc6d4b" outcome="Passed" testListId="8c84fa94-04c1-424b-9868-57a2d4851a1d" relativeResultsDirectory="f0d733d7-afcd-4c7d-8867-1de1c8eeabb2" />
    <UnitTestResult executionId="b71d923d-49aa-4bd4-b7f5-0b9216cf9f71" testId="9accb0e0-e237-4015-a1ad-a9a63b005358" testName="IsName_Passing_InvalidArguments_Returns_HasErrorsAndCount" computerName="PC-SFERRARI" duration="00:00:00.0002201" startTime="2021-06-18T11:12:25.7522014+02:00" endTime="2021-06-18T11:12:25.7525680+02:00" testType="13cdc9d9-ddb5-4fa4-a97d-d965ccfc6d4b" outcome="Passed" testListId="8c84fa94-04c1-424b-9868-57a2d4851a1d" relativeResultsDirectory="b71d923d-49aa-4bd4-b7f5-0b9216cf9f71" />
    <UnitTestResult executionId="7b3796e2-223d-4052-80da-fc56b097d465" testId="65f9faed-5035-4e96-b0c8-5b6efee3d5a7" testName="ToSetTime_Passing_Time_String_Returns_DateTime" computerName="PC-SFERRARI" duration="00:00:00.0007435" startTime="2021-06-18T11:12:24.8759211+02:00" endTime="2021-06-18T11:12:24.8767496+02:00" testType="13cdc9d9-ddb5-4fa4-a97d-d965ccfc6d4b" outcome="Passed" testListId="8c84fa94-04c1-424b-9868-57a2d4851a1d" relativeResultsDirectory="7b3796e2-223d-4052-80da-fc56b097d465" />
    <UnitTestResult executionId="d236e40b-f702-4760-959f-55b09e292227" testId="f4a3ec14-3472-47cf-800f-e83224c638d2" testName="ToIsLastDayOfTheMonth_Passing_LastDayOfMonth_Returns_True" computerName="PC-SFERRARI" duration="00:00:00.0001595" startTime="2021-06-18T11:12:24.8705658+02:00" endTime="2021-06-18T11:12:24.8708508+02:00" testType="13cdc9d9-ddb5-4fa4-a97d-d965ccfc6d4b" outcome="Passed" testListId="8c84fa94-04c1-424b-9868-57a2d4851a1d" relativeResultsDirectory="d236e40b-f702-4760-959f-55b09e292227" />
    <UnitTestResult executionId="8457e882-d6ec-491d-ab5b-97b2ef1649fc" testId="f39752d1-b43d-420c-bd36-6e06341cfde6" testName="CreateAndVerifySHA256_Passing_Valid_Arguments_Returns_True (Password)" computerName="PC-SFERRARI" duration="00:00:00.0064092" startTime="2021-06-18T11:12:25.8244822+02:00" endTime="2021-06-18T11:12:25.8310344+02:00" testType="13cdc9d9-ddb5-4fa4-a97d-d965ccfc6d4b" outcome="Passed" testListId="8c84fa94-04c1-424b-9868-57a2d4851a1d" relativeResultsDirectory="8457e882-d6ec-491d-ab5b-97b2ef1649fc" />
    <UnitTestResult executionId="61f8b59d-ac61-4974-8b65-d3d94e44428a" testId="e1d2eae5-56e4-4654-a04a-2771a6bd689a" testName="ToInt_Passing_InvalidValueString_Returns_Null (asdasdasdasd234324)" computerName="PC-SFERRARI" duration="00:00:00.0000106" startTime="2021-06-18T11:12:25.6447162+02:00" endTime="2021-06-18T11:12:25.6448891+02:00" testType="13cdc9d9-ddb5-4fa4-a97d-d965ccfc6d4b" outcome="Passed" testListId="8c84fa94-04c1-424b-9868-57a2d4851a1d" relativeResultsDirectory="61f8b59d-ac61-4974-8b65-d3d94e44428a" />
    <UnitTestResult executionId="6a9aa8b4-c1f4-4363-a91f-9ff80ee56d1a" testId="b8e6a8a3-16c2-40b5-aef3-a06e2c1348e9" testName="ToFirstLetterUpper_Passing_ValidValue_Returns_StringWithFirstLetterUpper (AEIOU,AEIOU)" computerName="PC-SFERRARI" duration="00:00:00.0000061" startTime="2021-06-18T11:12:25.5272079+02:00" endTime="2021-06-18T11:12:25.5272828+02:00" testType="13cdc9d9-ddb5-4fa4-a97d-d965ccfc6d4b" outcome="Passed" testListId="8c84fa94-04c1-424b-9868-57a2d4851a1d" relativeResultsDirectory="6a9aa8b4-c1f4-4363-a91f-9ff80ee56d1a" />
    <UnitTestResult executionId="f1e7597b-fb09-4656-899b-479bf067dd82" testId="3f251c5b-e069-44b0-91cd-6e081a6d0b85" testName="ToUri_Passing_ValidValueString_Returns_Uri (http://foo.com/blah_blah/p=5)" computerName="PC-SFERRARI" duration="00:00:00.0000071" startTime="2021-06-18T11:12:25.5727017+02:00" endTime="2021-06-18T11:12:25.5728098+02:00" testType="13cdc9d9-ddb5-4fa4-a97d-d965ccfc6d4b" outcome="Passed" testListId="8c84fa94-04c1-424b-9868-57a2d4851a1d" relativeResultsDirectory="f1e7597b-fb09-4656-899b-479bf067dd82" />
    <UnitTestResult executionId="be9fbb32-8fe4-4595-87c6-95a8683896da" testId="f74a5b4e-b799-422a-99e8-4e61bfa19429" testName="ToIsAuthenticated_Passing_Null_ClaimsPrincipal_Returns_ApplicationException" computerName="PC-SFERRARI" duration="00:00:00.0768436" startTime="2021-06-18T11:12:24.6106587+02:00" endTime="2021-06-18T11:12:24.6879571+02:00" testType="13cdc9d9-ddb5-4fa4-a97d-d965ccfc6d4b" outcome="Passed" testListId="8c84fa94-04c1-424b-9868-57a2d4851a1d" relativeResultsDirectory="be9fbb32-8fe4-4595-87c6-95a8683896da" />
    <UnitTestResult executionId="fcfc8c3d-5dd1-4b39-aa79-7a5a4bd76a52" testId="4966e6f2-12b2-4c66-b7b3-c6d96b94fd90" testName="ToAuthenticationType_Passing_Claims_Returns_AuthenticationType_Name" computerName="PC-SFERRARI" duration="00:00:00.0011319" startTime="2021-06-18T11:12:24.7405808+02:00" endTime="2021-06-18T11:12:24.7419204+02:00" testType="13cdc9d9-ddb5-4fa4-a97d-d965ccfc6d4b" outcome="Passed" testListId="8c84fa94-04c1-424b-9868-57a2d4851a1d" relativeResultsDirectory="fcfc8c3d-5dd1-4b39-aa79-7a5a4bd76a52" />
    <UnitTestResult executionId="7bb3e29c-ec10-47c4-9ea3-244104067c55" testId="715acdf8-859b-44cc-b824-fb1a9906b479" testName="ToUserName_Passing_Valid_UserName_ClaimsPrincipal_Returns_String_UserName_Value" computerName="PC-SFERRARI" duration="00:00:00.0111302" startTime="2021-06-18T11:12:24.7455496+02:00" endTime="2021-06-18T11:12:24.7568171+02:00" testType="13cdc9d9-ddb5-4fa4-a97d-d965ccfc6d4b" outcome="Passed" testListId="8c84fa94-04c1-424b-9868-57a2d4851a1d" relativeResultsDirectory="7bb3e29c-ec10-47c4-9ea3-244104067c55" />
    <UnitTestResult executionId="9ae339e6-5a31-4f9a-82dd-160a4c7e70ea" testId="791c023b-b1a3-458e-8859-8a49e8e7f28a" testName="ToService_Passing_Valid_Service_Returns_Service" computerName="PC-SFERRARI" duration="00:00:00.0006351" startTime="2021-06-18T11:12:24.5053466+02:00" endTime="2021-06-18T11:12:24.5060847+02:00" testType="13cdc9d9-ddb5-4fa4-a97d-d965ccfc6d4b" outcome="Passed" testListId="8c84fa94-04c1-424b-9868-57a2d4851a1d" relativeResultsDirectory="9ae339e6-5a31-4f9a-82dd-160a4c7e70ea" />
    <UnitTestResult executionId="aae7ddb4-4ed5-44e1-b0bb-6b55274d3d67" testId="7bae4676-0164-4cf0-a462-c0e0347fcf8d" testName="ToHashAlgorithmName_Passing_InvalidValueStringWithDefaultValue_Returns_DefaultValue (hhhhhh)" computerName="PC-SFERRARI" duration="00:00:00.0001952" startTime="2021-06-18T11:12:25.6389682+02:00" endTime="2021-06-18T11:12:25.6392456+02:00" testType="13cdc9d9-ddb5-4fa4-a97d-d965ccfc6d4b" outcome="Passed" testListId="8c84fa94-04c1-424b-9868-57a2d4851a1d" relativeResultsDirectory="aae7ddb4-4ed5-44e1-b0bb-6b55274d3d67" />
    <UnitTestResult executionId="c886fb78-48b8-461c-babc-0a85abcb35ff" testId="b0506fce-ba6a-454c-a3e4-8db370a0cabd" testName="ToUri_Passing_ValidValueString_Returns_Uri (http://foo.com/blah_blah?p=5)" computerName="PC-SFERRARI" duration="00:00:00.0000074" startTime="2021-06-18T11:12:25.5728655+02:00" endTime="2021-06-18T11:12:25.5729807+02:00" testType="13cdc9d9-ddb5-4fa4-a97d-d965ccfc6d4b" outcome="Passed" testListId="8c84fa94-04c1-424b-9868-57a2d4851a1d" relativeResultsDirectory="c886fb78-48b8-461c-babc-0a85abcb35ff" />
    <UnitTestResult executionId="c8e224dd-8189-4ba6-b095-9d6444ac69e2" testId="a2490216-d2e1-43b2-998e-e71b979582b2" testName="ToNormalize_Passing_ValidValue_Returns_NormalizedValue (i’ LL,i LL)" computerName="PC-SFERRARI" duration="00:00:00.0000284" startTime="2021-06-18T11:12:25.5061081+02:00" endTime="2021-06-18T11:12:25.5061911+02:00" testType="13cdc9d9-ddb5-4fa4-a97d-d965ccfc6d4b" outcome="Passed" testListId="8c84fa94-04c1-424b-9868-57a2d4851a1d" relativeResultsDirectory="c8e224dd-8189-4ba6-b095-9d6444ac69e2" />
    <UnitTestResult executionId="e21fa135-944f-4148-8064-2e45a8e0c075" testId="f2140288-ced0-452b-92c0-9ef3342c6b46" testName="ToMapClone_Passing_Source_Returns_New_Source_Object" computerName="PC-SFERRARI" duration="00:00:00.3298975" startTime="2021-06-18T11:12:23.7484003+02:00" endTime="2021-06-18T11:12:24.0785969+02:00" testType="13cdc9d9-ddb5-4fa4-a97d-d965ccfc6d4b" outcome="Passed" testListId="8c84fa94-04c1-424b-9868-57a2d4851a1d" relativeResultsDirectory="e21fa135-944f-4148-8064-2e45a8e0c075" />
    <UnitTestResult executionId="cbc0e894-9004-40e3-9065-12f4b5ad1f35" testId="829874dc-f203-4b54-83ac-b2f2a5176637" testName="ToIsDirectoryThrow_Passing_InvalidValue_Returns_ApplicationExceptionWithMessage" computerName="PC-SFERRARI" duration="00:00:00.0019868" startTime="2021-06-18T11:12:24.5648566+02:00" endTime="2021-06-18T11:12:24.5669832+02:00" testType="13cdc9d9-ddb5-4fa4-a97d-d965ccfc6d4b" outcome="Passed" testListId="8c84fa94-04c1-424b-9868-57a2d4851a1d" relativeResultsDirectory="cbc0e894-9004-40e3-9065-12f4b5ad1f35" />
    <UnitTestResult executionId="503193a8-a825-4877-8b83-cefb3577bbd9" testId="159a7b70-7efc-4101-9940-dc154b620d7e" testName="ToRemove_Passing_ValidValue_Returns_ValueWithoutRemovedChars (hello hello , ,hellohello)" computerName="PC-SFERRARI" duration="00:00:00.0000309" startTime="2021-06-18T11:12:25.4510819+02:00" endTime="2021-06-18T11:12:25.4511685+02:00" testType="13cdc9d9-ddb5-4fa4-a97d-d965ccfc6d4b" outcome="Passed" testListId="8c84fa94-04c1-424b-9868-57a2d4851a1d" relativeResultsDirectory="503193a8-a825-4877-8b83-cefb3577bbd9" />
    <UnitTestResult executionId="14bf60a7-9344-4f83-9366-1f27298dd810" testId="40cbdfd4-6fe5-4b0e-8694-0e4292f11496" testName="ToUserName_Passing_Invalid_ClaimsPrincipal_Returns_Null" computerName="PC-SFERRARI" duration="00:00:00.0007463" startTime="2021-06-18T11:12:24.7445814+02:00" endTime="2021-06-18T11:12:24.7454800+02:00" testType="13cdc9d9-ddb5-4fa4-a97d-d965ccfc6d4b" outcome="Passed" testListId="8c84fa94-04c1-424b-9868-57a2d4851a1d" relativeResultsDirectory="14bf60a7-9344-4f83-9366-1f27298dd810" />
    <UnitTestResult executionId="478f9d90-f067-4c67-871d-01b484734c3a" testId="54f8737c-38de-4d8b-a4bb-8b9220ad53ad" testName="CreateRandom_WithCustomAllowableCharacters_Passing_Valid_Arguments_Returns_String_Random_Value (8,ae)" computerName="PC-SFERRARI" duration="00:00:00.0001340" startTime="2021-06-18T11:12:25.8083053+02:00" endTime="2021-06-18T11:12:25.8085095+02:00" testType="13cdc9d9-ddb5-4fa4-a97d-d965ccfc6d4b" outcome="Passed" testListId="8c84fa94-04c1-424b-9868-57a2d4851a1d" relativeResultsDirectory="478f9d90-f067-4c67-871d-01b484734c3a" />
    <UnitTestResult executionId="aa7a80e0-e6d6-4ae4-a572-4f87792abf0e" testId="c4b6a664-de79-465e-9597-e65b79433a60" testName="ToIsEmailThrow_Passing_InvalidValue_Returns_ApplicationExceptionWithMessage (34?fsds@sdd.yy)" computerName="PC-SFERRARI" duration="00:00:00.0000620" startTime="2021-06-18T11:12:24.5948840+02:00" endTime="2021-06-18T11:12:24.5950151+02:00" testType="13cdc9d9-ddb5-4fa4-a97d-d965ccfc6d4b" outcome="Passed" testListId="8c84fa94-04c1-424b-9868-57a2d4851a1d" relativeResultsDirectory="aa7a80e0-e6d6-4ae4-a572-4f87792abf0e" />
    <UnitTestResult executionId="761967ce-e480-4ef5-91f8-e3c01cdef01d" testId="01ad3df3-1c1c-48ab-87d5-a4e925ea5455" testName="ToUserName_Passing_Null_ClaimsPrincipal_Returns_ApplicationException" computerName="PC-SFERRARI" duration="00:00:00.0023237" startTime="2021-06-18T11:12:24.7420102+02:00" endTime="2021-06-18T11:12:24.7444812+02:00" testType="13cdc9d9-ddb5-4fa4-a97d-d965ccfc6d4b" outcome="Passed" testListId="8c84fa94-04c1-424b-9868-57a2d4851a1d" relativeResultsDirectory="761967ce-e480-4ef5-91f8-e3c01cdef01d" />
    <UnitTestResult executionId="0cf8ff4a-2343-4ab9-9c86-bd882184d435" testId="7d2ffd12-6df1-4802-8338-4e45d7c7ecb8" testName="ToDefaultValue_Passing_float_Returns_Cero" computerName="PC-SFERRARI" duration="00:00:00.0002634" startTime="2021-06-18T11:12:24.9242758+02:00" endTime="2021-06-18T11:12:24.9246160+02:00" testType="13cdc9d9-ddb5-4fa4-a97d-d965ccfc6d4b" outcome="Passed" testListId="8c84fa94-04c1-424b-9868-57a2d4851a1d" relativeResultsDirectory="0cf8ff4a-2343-4ab9-9c86-bd882184d435" />
    <UnitTestResult executionId="4feae8e7-0ce0-4366-b2f7-9abe059d7361" testId="fd5738a6-efe8-4ece-a204-b599a13af79d" testName="ToHeader_Passing_HttpRequest_Header_Many_Values_Returns_Values" computerName="PC-SFERRARI" duration="00:00:00.0674838" startTime="2021-06-18T11:12:24.9735958+02:00" endTime="2021-06-18T11:12:25.0413988+02:00" testType="13cdc9d9-ddb5-4fa4-a97d-d965ccfc6d4b" outcome="Passed" testListId="8c84fa94-04c1-424b-9868-57a2d4851a1d" relativeResultsDirectory="4feae8e7-0ce0-4366-b2f7-9abe059d7361" />
    <UnitTestResult executionId="6f861041-6893-40ad-a0fb-4e599187f67b" testId="8115b708-a122-440e-aba5-d17eb7ab26a2" testName="ToHashAlgorithmName_Passing_InvalidValueString_Returns_Null (hhhhhh)" computerName="PC-SFERRARI" duration="00:00:00.0001982" startTime="2021-06-18T11:12:25.6385503+02:00" endTime="2021-06-18T11:12:25.6388834+02:00" testType="13cdc9d9-ddb5-4fa4-a97d-d965ccfc6d4b" outcome="Passed" testListId="8c84fa94-04c1-424b-9868-57a2d4851a1d" relativeResultsDirectory="6f861041-6893-40ad-a0fb-4e599187f67b" />
    <UnitTestResult executionId="8a6b809a-3e8c-45ed-94d3-20b0cc9c5bc1" testId="f0dd3bfa-a246-47d7-b479-2713e11945b3" testName="ToPaged_Passing_Name_Ascending_Order_Returns_Filter_List" computerName="PC-SFERRARI" duration="00:00:00.0011651" startTime="2021-06-18T11:12:25.3439315+02:00" endTime="2021-06-18T11:12:25.3451996+02:00" testType="13cdc9d9-ddb5-4fa4-a97d-d965ccfc6d4b" outcome="Passed" testListId="8c84fa94-04c1-424b-9868-57a2d4851a1d" relativeResultsDirectory="8a6b809a-3e8c-45ed-94d3-20b0cc9c5bc1" />
    <UnitTestResult executionId="1470bcd4-58f8-414e-bcfe-5b5e4f1d7b6a" testId="b7c68dae-01a5-4ace-979c-4a16d479adf8" testName="ToStringFormat_Passing_ValidValue_Returns_ValueWithoutRemovedChars (-2147483648)" computerName="PC-SFERRARI" duration="00:00:00.0000066" startTime="2021-06-18T11:12:25.3176245+02:00" endTime="2021-06-18T11:12:25.3177163+02:00" testType="13cdc9d9-ddb5-4fa4-a97d-d965ccfc6d4b" outcome="Passed" testListId="8c84fa94-04c1-424b-9868-57a2d4851a1d" relativeResultsDirectory="1470bcd4-58f8-414e-bcfe-5b5e4f1d7b6a" />
    <UnitTestResult executionId="49ddc092-e544-4776-a3f8-bd3ab8504b94" testId="5fe077c2-7462-461f-8d68-4ec6292f9873" testName="ToUri_Passing_ValidValueString_Returns_Uri (http://foo.com/blah_blah?p=5&amp;j=fe)" computerName="PC-SFERRARI" duration="00:00:00.0000080" startTime="2021-06-18T11:12:25.5730367+02:00" endTime="2021-06-18T11:12:25.5731487+02:00" testType="13cdc9d9-ddb5-4fa4-a97d-d965ccfc6d4b" outcome="Passed" testListId="8c84fa94-04c1-424b-9868-57a2d4851a1d" relativeResultsDirectory="49ddc092-e544-4776-a3f8-bd3ab8504b94" />
    <UnitTestResult executionId="4e6a79c4-da9d-483b-ac9b-b7b14414b4a8" testId="e61c64ad-431e-4979-a74c-d958edeaa51e" testName="ToFirstLetterUpper_Passing_ValidValue_Returns_StringWithFirstLetterUpper (aEIOU,AEIOU)" computerName="PC-SFERRARI" duration="00:00:00.0000066" startTime="2021-06-18T11:12:25.5269193+02:00" endTime="2021-06-18T11:12:25.5270064+02:00" testType="13cdc9d9-ddb5-4fa4-a97d-d965ccfc6d4b" outcome="Passed" testListId="8c84fa94-04c1-424b-9868-57a2d4851a1d" relativeResultsDirectory="4e6a79c4-da9d-483b-ac9b-b7b14414b4a8" />
    <UnitTestResult executionId="821e97ae-f55c-4a06-aefb-d72308aa9d48" testId="0b935b52-f230-425b-b222-e3c24ca7d14e" testName="ToRemove_Passing_ValidValue_Returns_ValueWithoutRemovedChars ( hello hello , ,hellohello)" computerName="PC-SFERRARI" duration="00:00:00.0000372" startTime="2021-06-18T11:12:25.4512083+02:00" endTime="2021-06-18T11:12:25.4512962+02:00" testType="13cdc9d9-ddb5-4fa4-a97d-d965ccfc6d4b" outcome="Passed" testListId="8c84fa94-04c1-424b-9868-57a2d4851a1d" relativeResultsDirectory="821e97ae-f55c-4a06-aefb-d72308aa9d48" />
    <UnitTestResult executionId="a8d4cf6c-7fd4-40ad-ace8-d0a9fc2f3a9a" testId="006265b8-63d4-4ca7-9bd9-65273afe892c" testName="ToReadOnly_Passing_Valid_Collection_Returns_Readonly_Collection" computerName="PC-SFERRARI" duration="00:00:00.0030430" startTime="2021-06-18T11:12:24.8871739+02:00" endTime="2021-06-18T11:12:24.8903314+02:00" testType="13cdc9d9-ddb5-4fa4-a97d-d965ccfc6d4b" outcome="Passed" testListId="8c84fa94-04c1-424b-9868-57a2d4851a1d" relativeResultsDirectory="a8d4cf6c-7fd4-40ad-ace8-d0a9fc2f3a9a" />
    <UnitTestResult executionId="70cf0d5a-44c5-41de-a562-e13549ba2bd9" testId="4474a922-cc5b-46b5-a5d8-147f4bbac47b" testName="ToEmailMaskUserName_Passing_ValidEmail_Returns_EmailWithMask (qazwsx@gmailgmail.com,q****x@gmailgmail.com)" computerName="PC-SFERRARI" duration="00:00:00.0000309" startTime="2021-06-18T11:12:25.5432398+02:00" endTime="2021-06-18T11:12:25.5433186+02:00" testType="13cdc9d9-ddb5-4fa4-a97d-d965ccfc6d4b" outcome="Passed" testListId="8c84fa94-04c1-424b-9868-57a2d4851a1d" relativeResultsDirectory="70cf0d5a-44c5-41de-a562-e13549ba2bd9" />
    <UnitTestResult executionId="634e5301-4e08-43ac-ab1d-192ca340d0ae" testId="53c48639-1a29-4e0b-8ab6-de8b585d464e" testName="ToUri_Passing_InvalidValueString_Returns_Null (http://..)" computerName="PC-SFERRARI" duration="00:00:00.0000102" startTime="2021-06-18T11:12:25.6091969+02:00" endTime="2021-06-18T11:12:25.6092857+02:00" testType="13cdc9d9-ddb5-4fa4-a97d-d965ccfc6d4b" outcome="Passed" testListId="8c84fa94-04c1-424b-9868-57a2d4851a1d" relativeResultsDirectory="634e5301-4e08-43ac-ab1d-192ca340d0ae" />
    <UnitTestResult executionId="152f3b63-e705-45bb-a7b2-4372158d5761" testId="04662fd9-73db-45e0-aa50-a1ce53fa1819" testName="ToList_Passing_ValidEnumTypeWithSelectedValueWithResourceType_Returns_ValuesList" computerName="PC-SFERRARI" duration="00:00:00.0011545" startTime="2021-06-18T11:12:25.7975590+02:00" endTime="2021-06-18T11:12:25.7988487+02:00" testType="13cdc9d9-ddb5-4fa4-a97d-d965ccfc6d4b" outcome="Passed" testListId="8c84fa94-04c1-424b-9868-57a2d4851a1d" relativeResultsDirectory="152f3b63-e705-45bb-a7b2-4372158d5761" />
    <UnitTestResult executionId="0812f3d4-1f29-4dbe-bb29-8f051aabe7ae" testId="81638a38-8b42-4918-8edc-832b47f9ca5c" testName="ToStringFormat_Passing_ValidValue_Returns_ValueWithoutRemovedChars (0)" computerName="PC-SFERRARI" duration="00:00:00.0004091" startTime="2021-06-18T11:12:25.3117793+02:00" endTime="2021-06-18T11:12:25.3124364+02:00" testType="13cdc9d9-ddb5-4fa4-a97d-d965ccfc6d4b" outcome="Passed" testListId="8c84fa94-04c1-424b-9868-57a2d4851a1d" relativeResultsDirectory="0812f3d4-1f29-4dbe-bb29-8f051aabe7ae" />
    <UnitTestResult executionId="8ea87f37-7836-4762-9900-80ba49aa8032" testId="9e4a0563-0d50-4aaa-b136-28548a996d4d" testName="ToIsNullOrAnyThrow_Passing_InvalidValue_Returns_ApplicationExceptionWithMessage" computerName="PC-SFERRARI" duration="00:00:00.0012707" startTime="2021-06-18T11:12:24.5633990+02:00" endTime="2021-06-18T11:12:24.5647865+02:00" testType="13cdc9d9-ddb5-4fa4-a97d-d965ccfc6d4b" outcome="Passed" testListId="8c84fa94-04c1-424b-9868-57a2d4851a1d" relativeResultsDirectory="8ea87f37-7836-4762-9900-80ba49aa8032" />
    <UnitTestResult executionId="4376be01-4274-4067-89ab-aedc380bc557" testId="f6543333-33b1-4c9f-a731-bb88d1e989ef" testName="ToNormalize_Passing_ValidValue_Returns_NormalizedValue (*¨^_:-?¿;,)" computerName="PC-SFERRARI" duration="00:00:00.0000429" startTime="2021-06-18T11:12:25.4985534+02:00" endTime="2021-06-18T11:12:25.4986845+02:00" testType="13cdc9d9-ddb5-4fa4-a97d-d965ccfc6d4b" outcome="Passed" testListId="8c84fa94-04c1-424b-9868-57a2d4851a1d" relativeResultsDirectory="4376be01-4274-4067-89ab-aedc380bc557" />
    <UnitTestResult executionId="01710612-df8a-4d8a-bb64-a4c21e5b0490" testId="e648bb72-9ab3-4d3a-b33b-10cd7cbc3fd6" testName="ResultOkData" computerName="PC-SFERRARI" duration="00:00:00.0008494" startTime="2021-06-18T11:12:25.8444669+02:00" endTime="2021-06-18T11:12:25.8454212+02:00" testType="13cdc9d9-ddb5-4fa4-a97d-d965ccfc6d4b" outcome="Passed" testListId="8c84fa94-04c1-424b-9868-57a2d4851a1d" relativeResultsDirectory="01710612-df8a-4d8a-bb64-a4c21e5b0490" />
    <UnitTestResult executionId="3e21afcf-af05-4451-af01-e4a1626304d8" testId="f4d6dc43-9dad-49d6-88f1-332155ccfae2" testName="ToReplaceSpecialChars_Passing_ValidValue_Returns_ReplacedValueWithoutIgnoreSpecialChars (*¨^_:-?¿;,)" computerName="PC-SFERRARI" duration="00:00:00.0035206" startTime="2021-06-18T11:12:25.4765195+02:00" endTime="2021-06-18T11:12:25.4801294+02:00" testType="13cdc9d9-ddb5-4fa4-a97d-d965ccfc6d4b" outcome="Passed" testListId="8c84fa94-04c1-424b-9868-57a2d4851a1d" relativeResultsDirectory="3e21afcf-af05-4451-af01-e4a1626304d8" />
    <UnitTestResult executionId="e8ac84da-f172-48be-a9b4-046581b19483" testId="698d0e8a-f85d-4290-8eaa-aa848171656b" testName="IsLowercase_Passing_ValidArguments_Returns_HasErrorsAndCount" computerName="PC-SFERRARI" duration="00:00:00.0002813" startTime="2021-06-18T11:12:25.7755442+02:00" endTime="2021-06-18T11:12:25.7759922+02:00" testType="13cdc9d9-ddb5-4fa4-a97d-d965ccfc6d4b" outcome="Passed" testListId="8c84fa94-04c1-424b-9868-57a2d4851a1d" relativeResultsDirectory="e8ac84da-f172-48be-a9b4-046581b19483" />
    <UnitTestResult executionId="122108cb-ff6a-403e-bedd-d3c81968b4ae" testId="855042af-afc4-487d-ad40-cbdbebc665fc" testName="ToEmailMask_Passing_ValidEmail_Returns_EmailWithMask (qaz@gmail.com,q-z@g----.com)" computerName="PC-SFERRARI" duration="00:00:00.0004089" startTime="2021-06-18T11:12:25.5637111+02:00" endTime="2021-06-18T11:12:25.5642639+02:00" testType="13cdc9d9-ddb5-4fa4-a97d-d965ccfc6d4b" outcome="Passed" testListId="8c84fa94-04c1-424b-9868-57a2d4851a1d" relativeResultsDirectory="122108cb-ff6a-403e-bedd-d3c81968b4ae" />
    <UnitTestResult executionId="76c0b665-ab97-496e-b9ef-ec2c688c8555" testId="36908925-2b82-442e-929e-271a20556db5" testName="ToHashAlgorithmName_Passing_InvalidValueLowerCaseStringWithDefaultValue_Returns_DefaultValue (md5)" computerName="PC-SFERRARI" duration="00:00:00.0005684" startTime="2021-06-18T11:12:25.6377139+02:00" endTime="2021-06-18T11:12:25.6384311+02:00" testType="13cdc9d9-ddb5-4fa4-a97d-d965ccfc6d4b" outcome="Passed" testListId="8c84fa94-04c1-424b-9868-57a2d4851a1d" relativeResultsDirectory="76c0b665-ab97-496e-b9ef-ec2c688c8555" />
    <UnitTestResult executionId="d2c364e8-22b8-4c30-9721-54c764e93922" testId="a85e8e2e-1688-4dde-94bd-b407f1f6027a" testName="ToRandom_Passing_Invalid_Null_Value_Returns_Null" computerName="PC-SFERRARI" duration="00:00:00.0001786" startTime="2021-06-18T11:12:25.7032900+02:00" endTime="2021-06-18T11:12:25.7036049+02:00" testType="13cdc9d9-ddb5-4fa4-a97d-d965ccfc6d4b" outcome="Passed" testListId="8c84fa94-04c1-424b-9868-57a2d4851a1d" relativeResultsDirectory="d2c364e8-22b8-4c30-9721-54c764e93922" />
    <UnitTestResult executionId="9ab66080-d480-48e3-834a-cd0ed716ed6f" testId="5f5d0e86-3554-4cd0-9f2c-f226c0829e8e" testName="CreateAndVerifySHA256_Passing_Valid_Arguments_Returns_True (sdlfkjldsfksdfñl·%$·&amp;$/U&amp;/)(&amp;()?=)¿?^P*^PÑL,.,.lñ´ñ+98098'098098)" computerName="PC-SFERRARI" duration="00:00:00.0000470" startTime="2021-06-18T11:12:25.8313838+02:00" endTime="2021-06-18T11:12:25.8315027+02:00" testType="13cdc9d9-ddb5-4fa4-a97d-d965ccfc6d4b" outcome="Passed" testListId="8c84fa94-04c1-424b-9868-57a2d4851a1d" relativeResultsDirectory="9ab66080-d480-48e3-834a-cd0ed716ed6f" />
    <UnitTestResult executionId="292bb27c-07b5-46ea-bf48-4cf2b20f22a5" testId="e5135146-79fc-4d6f-8150-9472ccd3fe5d" testName="ToUri_Passing_ValidValueString_Returns_Uri (http://userid@example.com)" computerName="PC-SFERRARI" duration="00:00:00.0000119" startTime="2021-06-18T11:12:25.5871243+02:00" endTime="2021-06-18T11:12:25.5873074+02:00" testType="13cdc9d9-ddb5-4fa4-a97d-d965ccfc6d4b" outcome="Passed" testListId="8c84fa94-04c1-424b-9868-57a2d4851a1d" relativeResultsDirectory="292bb27c-07b5-46ea-bf48-4cf2b20f22a5" />
    <UnitTestResult executionId="42de9e29-8607-4195-979e-d49eb5d25faa" testId="dae67c12-9f89-4597-8dbf-a6ff97e61dd0" testName="ToFirstLetterLower_Passing_ValidValue_Returns_StringWithFirstLetterLower (aEIOU,aEIOU)" computerName="PC-SFERRARI" duration="00:00:00.0000136" startTime="2021-06-18T11:12:25.5400656+02:00" endTime="2021-06-18T11:12:25.5402352+02:00" testType="13cdc9d9-ddb5-4fa4-a97d-d965ccfc6d4b" outcome="Passed" testListId="8c84fa94-04c1-424b-9868-57a2d4851a1d" relativeResultsDirectory="42de9e29-8607-4195-979e-d49eb5d25faa" />
    <UnitTestResult executionId="a98e5721-2edd-42a8-8d90-0af5b30d76c1" testId="b373ac7b-86bf-4004-83ab-9d77a6fcff52" testName="ToEmailMaskUserName_Passing_ValidEmail_Returns_EmailWithMask (qazwsxedc@gmailgmail.com,q*******c@gmailgmail.com)" computerName="PC-SFERRARI" duration="00:00:00.0000270" startTime="2021-06-18T11:12:25.5450608+02:00" endTime="2021-06-18T11:12:25.5451624+02:00" testType="13cdc9d9-ddb5-4fa4-a97d-d965ccfc6d4b" outcome="Passed" testListId="8c84fa94-04c1-424b-9868-57a2d4851a1d" relativeResultsDirectory="a98e5721-2edd-42a8-8d90-0af5b30d76c1" />
    <UnitTestResult executionId="6b2be104-08a7-44c3-a555-058a82d130df" testId="f34f82be-f252-40dc-aeb0-c814f88d89e7" testName="ResultInternalServerError" computerName="PC-SFERRARI" duration="00:00:00.0004736" startTime="2021-06-18T11:12:25.8906191+02:00" endTime="2021-06-18T11:12:25.8911753+02:00" testType="13cdc9d9-ddb5-4fa4-a97d-d965ccfc6d4b" outcome="Passed" testListId="8c84fa94-04c1-424b-9868-57a2d4851a1d" relativeResultsDirectory="6b2be104-08a7-44c3-a555-058a82d130df" />
    <UnitTestResult executionId="b3cc8848-e090-48cf-8b00-ccdea32f1ea6" testId="0301f59e-a0a1-4abc-b614-a671cc604e48" testName="ToPaged_Passing_Age_Descending_Order_Returns_Filter_List" computerName="PC-SFERRARI" duration="00:00:00.0004937" startTime="2021-06-18T11:12:25.3432437+02:00" endTime="2021-06-18T11:12:25.3438785+02:00" testType="13cdc9d9-ddb5-4fa4-a97d-d965ccfc6d4b" outcome="Passed" testListId="8c84fa94-04c1-424b-9868-57a2d4851a1d" relativeResultsDirectory="b3cc8848-e090-48cf-8b00-ccdea32f1ea6" />
    <UnitTestResult executionId="0354e408-3a54-44d0-aec5-04cefda21bad" testId="cf2fd2c4-2328-40f4-a5fa-7880a138a712" testName="ToUri_Passing_ValidValueString_Returns_Uri (http://مثال.إختبار)" computerName="PC-SFERRARI" duration="00:00:00.0000268" startTime="2021-06-18T11:12:25.5992148+02:00" endTime="2021-06-18T11:12:25.5994869+02:00" testType="13cdc9d9-ddb5-4fa4-a97d-d965ccfc6d4b" outcome="Passed" testListId="8c84fa94-04c1-424b-9868-57a2d4851a1d" relativeResultsDirectory="0354e408-3a54-44d0-aec5-04cefda21bad" />
    <UnitTestResult executionId="9b9381ba-83d7-4981-b3bc-7ed747ac063a" testId="3b8a3213-f6a4-4ca8-89b9-25c5e2b828ee" testName="ToAuthenticationType_Passing_Claims_Returns_Null" computerName="PC-SFERRARI" duration="00:00:00.0006472" startTime="2021-06-18T11:12:24.7262235+02:00" endTime="2021-06-18T11:12:24.7270015+02:00" testType="13cdc9d9-ddb5-4fa4-a97d-d965ccfc6d4b" outcome="Passed" testListId="8c84fa94-04c1-424b-9868-57a2d4851a1d" relativeResultsDirectory="9b9381ba-83d7-4981-b3bc-7ed747ac063a" />
    <UnitTestResult executionId="def0d388-af08-4bab-a122-d0bdfb7c0da7" testId="5e9fc0a4-8cb9-484d-8e01-80a46f70a49d" testName="ToContentType_Passing_ValidValueString_Returns_ContentType (xxxx.pdf,application/pdf)" computerName="PC-SFERRARI" duration="00:00:00.0028653" startTime="2021-06-18T11:12:25.6459356+02:00" endTime="2021-06-18T11:12:25.6488906+02:00" testType="13cdc9d9-ddb5-4fa4-a97d-d965ccfc6d4b" outcome="Passed" testListId="8c84fa94-04c1-424b-9868-57a2d4851a1d" relativeResultsDirectory="def0d388-af08-4bab-a122-d0bdfb7c0da7" />
    <UnitTestResult executionId="25a0618b-77e8-4e39-abf7-06921f9a24ae" testId="c7f4d2a4-ebfd-452b-8d09-81270966d7ad" testName="ToIsNullOrAny_Passing_InvalidValue_Returns_True" computerName="PC-SFERRARI" duration="00:00:00.0003016" startTime="2021-06-18T11:12:24.5629279+02:00" endTime="2021-06-18T11:12:24.5633404+02:00" testType="13cdc9d9-ddb5-4fa4-a97d-d965ccfc6d4b" outcome="Passed" testListId="8c84fa94-04c1-424b-9868-57a2d4851a1d" relativeResultsDirectory="25a0618b-77e8-4e39-abf7-06921f9a24ae" />
    <UnitTestResult executionId="5eade0d2-2cb4-49d6-b880-b47a807e4d11" testId="914ee36c-ff41-4086-a0ec-4b30694b5e30" testName="ResultDataInternalServerError" computerName="PC-SFERRARI" duration="00:00:00.0004766" startTime="2021-06-18T11:12:25.9125022+02:00" endTime="2021-06-18T11:12:25.9130909+02:00" testType="13cdc9d9-ddb5-4fa4-a97d-d965ccfc6d4b" outcome="Passed" testListId="8c84fa94-04c1-424b-9868-57a2d4851a1d" relativeResultsDirectory="5eade0d2-2cb4-49d6-b880-b47a807e4d11" />
    <UnitTestResult executionId="019196b4-b839-49e0-86e9-430601b55228" testId="aad15a26-935c-43e1-9845-3d5cad2c56d4" testName="ToInt_Passing_Enumeration_Name_Returns_Description_Atributte" computerName="PC-SFERRARI" duration="00:00:00.0059075" startTime="2021-06-18T11:12:24.8914450+02:00" endTime="2021-06-18T11:12:24.8974839+02:00" testType="13cdc9d9-ddb5-4fa4-a97d-d965ccfc6d4b" outcome="Passed" testListId="8c84fa94-04c1-424b-9868-57a2d4851a1d" relativeResultsDirectory="019196b4-b839-49e0-86e9-430601b55228" />
    <UnitTestResult executionId="16dd17bb-a4d4-418d-8918-27ef54f97926" testId="2257663d-20f6-465d-a142-3a5a31ca16b7" testName="ToUri_Passing_ValidValueString_Returns_Uri (http://☺.damowmow.com/)" computerName="PC-SFERRARI" duration="00:00:00.0000177" startTime="2021-06-18T11:12:25.5982084+02:00" endTime="2021-06-18T11:12:25.5983837+02:00" testType="13cdc9d9-ddb5-4fa4-a97d-d965ccfc6d4b" outcome="Passed" testListId="8c84fa94-04c1-424b-9868-57a2d4851a1d" relativeResultsDirectory="16dd17bb-a4d4-418d-8918-27ef54f97926" />
    <UnitTestResult executionId="78d01b0b-6b01-4293-9335-5590c8a70d98" testId="358be35e-2509-440c-8fc2-fceefb6974c5" testName="ToEmailMaskUserNameAndDomain_Passing_ValidEmail_Returns_EmailWithMask (qaz@gmailgmail.com,q*z@g********l.com)" computerName="PC-SFERRARI" duration="00:00:00.0002933" startTime="2021-06-18T11:12:25.5466639+02:00" endTime="2021-06-18T11:12:25.5470761+02:00" testType="13cdc9d9-ddb5-4fa4-a97d-d965ccfc6d4b" outcome="Passed" testListId="8c84fa94-04c1-424b-9868-57a2d4851a1d" relativeResultsDirectory="78d01b0b-6b01-4293-9335-5590c8a70d98" />
    <UnitTestResult executionId="24a17f5b-b48a-4e4d-b6a8-dcf151d7f783" testId="3e36624d-0cfe-402b-9208-b0ea23be979f" testName="ToUri_Passing_ValidValueString_Returns_Uri (http://142.42.1.1/)" computerName="PC-SFERRARI" duration="00:00:00.0000101" startTime="2021-06-18T11:12:25.5930610+02:00" endTime="2021-06-18T11:12:25.5931769+02:00" testType="13cdc9d9-ddb5-4fa4-a97d-d965ccfc6d4b" outcome="Passed" testListId="8c84fa94-04c1-424b-9868-57a2d4851a1d" relativeResultsDirectory="24a17f5b-b48a-4e4d-b6a8-dcf151d7f783" />
    <UnitTestResult executionId="076ea59e-b6ec-4c90-8f06-0a8a76238f89" testId="225d89bf-a648-4667-8bae-8c3be1df5951" testName="ToReplace_Passing_ValidValue_Returns_ReplacedValue (aeiou,*,0,2,**iou)" computerName="PC-SFERRARI" duration="00:00:00.0000100" startTime="2021-06-18T11:12:25.4556876+02:00" endTime="2021-06-18T11:12:25.4557909+02:00" testType="13cdc9d9-ddb5-4fa4-a97d-d965ccfc6d4b" outcome="Passed" testListId="8c84fa94-04c1-424b-9868-57a2d4851a1d" relativeResultsDirectory="076ea59e-b6ec-4c90-8f06-0a8a76238f89" />
    <UnitTestResult executionId="90ec9f28-3978-4075-b015-3c5d1dc80d55" testId="961067b8-fdea-4f14-9527-be569e89c484" testName="ToContentType_Passing_ValidValueString_Returns_ContentType (xxxx.json,application/json)" computerName="PC-SFERRARI" duration="00:00:00.0000810" startTime="2021-06-18T11:12:25.6490392+02:00" endTime="2021-06-18T11:12:25.6495437+02:00" testType="13cdc9d9-ddb5-4fa4-a97d-d965ccfc6d4b" outcome="Passed" testListId="8c84fa94-04c1-424b-9868-57a2d4851a1d" relativeResultsDirectory="90ec9f28-3978-4075-b015-3c5d1dc80d55" />
    <UnitTestResult executionId="095d9ad3-7476-4ede-ba20-a112e2022de5" testId="30386999-ba64-4ba0-8e11-5b4e7d03de69" testName="ToUri_Passing_ValidValueString_Returns_Uri (http://userid:password@example.com:8080/)" computerName="PC-SFERRARI" duration="00:00:00.0000084" startTime="2021-06-18T11:12:25.5868892+02:00" endTime="2021-06-18T11:12:25.5870539+02:00" testType="13cdc9d9-ddb5-4fa4-a97d-d965ccfc6d4b" outcome="Passed" testListId="8c84fa94-04c1-424b-9868-57a2d4851a1d" relativeResultsDirectory="095d9ad3-7476-4ede-ba20-a112e2022de5" />
    <UnitTestResult executionId="30df7b22-3266-45f6-8f93-2bc090b00c31" testId="ffcaf350-8037-4a66-baac-a13792e498a8" testName="ToEmailMaskUserNameAndDomainAndExtension_Passing_ValidEmail_Returns_EmailWithMask (qazwsx@gmailgmail.com,q****x@g********l.c*m)" computerName="PC-SFERRARI" duration="00:00:00.0000689" startTime="2021-06-18T11:12:25.5594456+02:00" endTime="2021-06-18T11:12:25.5626187+02:00" testType="13cdc9d9-ddb5-4fa4-a97d-d965ccfc6d4b" outcome="Passed" testListId="8c84fa94-04c1-424b-9868-57a2d4851a1d" relativeResultsDirectory="30df7b22-3266-45f6-8f93-2bc090b00c31" />
    <UnitTestResult executionId="0d1bb2da-28e6-45e6-b414-44476e8a3115" testId="a7d67dfa-b75f-4439-be1a-376a2097e14b" testName="IsDomain_Passing_ValidArguments_Returns_HasErrorsAndCount" computerName="PC-SFERRARI" duration="00:00:00.0005559" startTime="2021-06-18T11:12:25.7581823+02:00" endTime="2021-06-18T11:12:25.7588757+02:00" testType="13cdc9d9-ddb5-4fa4-a97d-d965ccfc6d4b" outcome="Passed" testListId="8c84fa94-04c1-424b-9868-57a2d4851a1d" relativeResultsDirectory="0d1bb2da-28e6-45e6-b414-44476e8a3115" />
    <UnitTestResult executionId="ca83959e-699c-4472-a603-15f0c0211730" testId="305ef0e8-beb8-44aa-b84a-f866cdb3ae8e" testName="ToIsNullOrEmptyThrow_Passing_InvalidValue_Returns_ApplicationExceptionWithMessage" computerName="PC-SFERRARI" duration="00:00:00.0005871" startTime="2021-06-18T11:12:24.5621394+02:00" endTime="2021-06-18T11:12:24.5628620+02:00" testType="13cdc9d9-ddb5-4fa4-a97d-d965ccfc6d4b" outcome="Passed" testListId="8c84fa94-04c1-424b-9868-57a2d4851a1d" relativeResultsDirectory="ca83959e-699c-4472-a603-15f0c0211730" />
    <UnitTestResult executionId="988bf02c-12b6-4530-b420-4b01f983f95f" testId="4cfe4c65-880a-4d2b-bab6-1c53288fd6f5" testName="ToInt_Passing_InvalidValueString_Returns_Null (1.3333)" computerName="PC-SFERRARI" duration="00:00:00.0001449" startTime="2021-06-18T11:12:25.6397335+02:00" endTime="2021-06-18T11:12:25.6399671+02:00" testType="13cdc9d9-ddb5-4fa4-a97d-d965ccfc6d4b" outcome="Passed" testListId="8c84fa94-04c1-424b-9868-57a2d4851a1d" relativeResultsDirectory="988bf02c-12b6-4530-b420-4b01f983f95f" />
    <UnitTestResult executionId="1fb68ab5-e96a-474d-8cbe-b26a71c7a8c7" testId="d7b92a4a-6cbb-45d9-a1ca-e392206dddb2" testName="ToSerialize_Passing_Objects_Returns_String_Values" computerName="PC-SFERRARI" duration="00:00:00.0016713" startTime="2021-06-18T11:12:25.3177522+02:00" endTime="2021-06-18T11:12:25.3196346+02:00" testType="13cdc9d9-ddb5-4fa4-a97d-d965ccfc6d4b" outcome="Passed" testListId="8c84fa94-04c1-424b-9868-57a2d4851a1d" relativeResultsDirectory="1fb68ab5-e96a-474d-8cbe-b26a71c7a8c7" />
    <UnitTestResult executionId="38da8531-15a1-4643-ab8e-90fea2f73712" testId="e8dbd3e7-409c-44c2-99cc-7a825d9aad23" testName="ToStringFormat_Passing_ValidValue_Returns_ValueWithoutRemovedChars (1)" computerName="PC-SFERRARI" duration="00:00:00.0000165" startTime="2021-06-18T11:12:25.3166146+02:00" endTime="2021-06-18T11:12:25.3168480+02:00" testType="13cdc9d9-ddb5-4fa4-a97d-d965ccfc6d4b" outcome="Passed" testListId="8c84fa94-04c1-424b-9868-57a2d4851a1d" relativeResultsDirectory="38da8531-15a1-4643-ab8e-90fea2f73712" />
    <UnitTestResult executionId="b235f674-cbba-4b04-9029-0138ef58ca59" testId="661de6f3-a96b-4eee-87fa-c59d7565a64f" testName="ResultError_WithTitle_WithStatusCode_WithDetails_WithExceptionType_WithMessages_WithErrors" computerName="PC-SFERRARI" duration="00:00:00.0248716" startTime="2021-06-18T11:12:25.9192460+02:00" endTime="2021-06-18T11:12:25.9442167+02:00" testType="13cdc9d9-ddb5-4fa4-a97d-d965ccfc6d4b" outcome="Passed" testListId="8c84fa94-04c1-424b-9868-57a2d4851a1d" relativeResultsDirectory="b235f674-cbba-4b04-9029-0138ef58ca59" />
    <UnitTestResult executionId="8a5fada5-6681-49a4-83e2-3a63a6144217" testId="2dd07f07-1a21-42d0-91bd-28a531800206" testName="ToEmailMaskUserNameAndDomain_Passing_ValidEmail_Returns_EmailWithMask (qazwsxedc@gmail.com,q*******c@g***l.com)" computerName="PC-SFERRARI" duration="00:00:00.0000398" startTime="2021-06-18T11:12:25.5462380+02:00" endTime="2021-06-18T11:12:25.5465742+02:00" testType="13cdc9d9-ddb5-4fa4-a97d-d965ccfc6d4b" outcome="Passed" testListId="8c84fa94-04c1-424b-9868-57a2d4851a1d" relativeResultsDirectory="8a5fada5-6681-49a4-83e2-3a63a6144217" />
    <UnitTestResult executionId="f7f0f062-7d13-4b3b-98fd-e21a6f5eb815" testId="15af1e37-e609-437f-b5a4-2d1d875c7274" testName="CreateRandom_WithDefaultAllowableCharacters_Passing_ValidArguments_Returns_String_Random_Value (10)" computerName="PC-SFERRARI" duration="00:00:00.0000364" startTime="2021-06-18T11:12:25.8079562+02:00" endTime="2021-06-18T11:12:25.8081141+02:00" testType="13cdc9d9-ddb5-4fa4-a97d-d965ccfc6d4b" outcome="Passed" testListId="8c84fa94-04c1-424b-9868-57a2d4851a1d" relativeResultsDirectory="f7f0f062-7d13-4b3b-98fd-e21a6f5eb815" />
    <UnitTestResult executionId="343712fc-1570-4dbc-a717-192d7aa1673d" testId="223735c1-b377-4f93-bf40-cd94bcf22ca0" testName="ToUri_Passing_ValidValueString_Returns_Uri (http://✪df.ws/123)" computerName="PC-SFERRARI" duration="00:00:00.0004573" startTime="2021-06-18T11:12:25.5858684+02:00" endTime="2021-06-18T11:12:25.5865013+02:00" testType="13cdc9d9-ddb5-4fa4-a97d-d965ccfc6d4b" outcome="Passed" testListId="8c84fa94-04c1-424b-9868-57a2d4851a1d" relativeResultsDirectory="343712fc-1570-4dbc-a717-192d7aa1673d" />
    <UnitTestResult executionId="f027e045-80ef-401d-9541-54f13095a142" testId="1d7db31a-ffa5-48e3-aa66-4a61c065c3dc" testName="ToIsWeekend_Passing_Friday_DateTime_Returns_False" computerName="PC-SFERRARI" duration="00:00:00.0006813" startTime="2021-06-18T11:12:24.8644960+02:00" endTime="2021-06-18T11:12:24.8655801+02:00" testType="13cdc9d9-ddb5-4fa4-a97d-d965ccfc6d4b" outcome="Passed" testListId="8c84fa94-04c1-424b-9868-57a2d4851a1d" relativeResultsDirectory="f027e045-80ef-401d-9541-54f13095a142" />
    <UnitTestResult executionId="125f5b92-3eb6-477d-b9a0-9b454ea7a3b1" testId="c9f266e6-6ec8-4225-b243-671d783f7ab6" testName="CreateAndVerifySHA256_Passing_Valid_Arguments_Returns_True (HashTests)" computerName="PC-SFERRARI" duration="00:00:00.0000458" startTime="2021-06-18T11:12:25.8311423+02:00" endTime="2021-06-18T11:12:25.8312979+02:00" testType="13cdc9d9-ddb5-4fa4-a97d-d965ccfc6d4b" outcome="Passed" testListId="8c84fa94-04c1-424b-9868-57a2d4851a1d" relativeResultsDirectory="125f5b92-3eb6-477d-b9a0-9b454ea7a3b1" />
    <UnitTestResult executionId="2d470a1c-3798-4c52-b9c0-4ef255124d7c" testId="15a4bf62-4bb8-4403-bad1-8a0fd5d775fa" testName="ToUri_Passing_InvalidValueString_Returns_DefaultValue (http://)" computerName="PC-SFERRARI" duration="00:00:00.0000173" startTime="2021-06-18T11:12:25.6184354+02:00" endTime="2021-06-18T11:12:25.6186030+02:00" testType="13cdc9d9-ddb5-4fa4-a97d-d965ccfc6d4b" outcome="Passed" testListId="8c84fa94-04c1-424b-9868-57a2d4851a1d" relativeResultsDirectory="2d470a1c-3798-4c52-b9c0-4ef255124d7c" />
    <UnitTestResult executionId="7069503b-5771-494d-976d-d81fe892f13b" testId="c020489e-7186-4935-bbf4-3f95b4d926c3" testName="ToConfiguration_Passing_Empty_DirectoryPath_Returns_ApplicationException" computerName="PC-SFERRARI" duration="00:00:00.0009570" startTime="2021-06-18T11:12:25.3864482+02:00" endTime="2021-06-18T11:12:25.3874871+02:00" testType="13cdc9d9-ddb5-4fa4-a97d-d965ccfc6d4b" outcome="Passed" testListId="8c84fa94-04c1-424b-9868-57a2d4851a1d" relativeResultsDirectory="7069503b-5771-494d-976d-d81fe892f13b" />
    <UnitTestResult executionId="8d6f5f9d-c266-4855-a359-56b4487e31be" testId="92b34596-e73d-456a-b3b6-11807636b469" testName="ToDefaultValue_Passing_ValidBoolean_Returns_DefaultValue" computerName="PC-SFERRARI" duration="00:00:00.0002054" startTime="2021-06-18T11:12:25.7064131+02:00" endTime="2021-06-18T11:12:25.7067056+02:00" testType="13cdc9d9-ddb5-4fa4-a97d-d965ccfc6d4b" outcome="Passed" testListId="8c84fa94-04c1-424b-9868-57a2d4851a1d" relativeResultsDirectory="8d6f5f9d-c266-4855-a359-56b4487e31be" />
    <UnitTestResult executionId="c745d46e-bfca-47be-a585-ebf28c249dba" testId="cb9faf94-928d-4c58-afdf-8896bc4a3166" testName="ToRemove_Passing_ValidValue_Returns_ValueWithoutRemovedChars (aeiou,a,eiou)" computerName="PC-SFERRARI" duration="00:00:00.0000988" startTime="2021-06-18T11:12:25.4529426+02:00" endTime="2021-06-18T11:12:25.4531949+02:00" testType="13cdc9d9-ddb5-4fa4-a97d-d965ccfc6d4b" outcome="Passed" testListId="8c84fa94-04c1-424b-9868-57a2d4851a1d" relativeResultsDirectory="c745d46e-bfca-47be-a585-ebf28c249dba" />
    <UnitTestResult executionId="f66591dd-03a9-4358-9d6c-2248bc66f747" testId="3659ed68-fb64-41cd-a15d-eb4aea82e056" testName="ToUri_Passing_ValidValueString_Returns_Uri (http://foo.com/blah_blah)" computerName="PC-SFERRARI" duration="00:00:00.0004039" startTime="2021-06-18T11:12:25.5719380+02:00" endTime="2021-06-18T11:12:25.5724526+02:00" testType="13cdc9d9-ddb5-4fa4-a97d-d965ccfc6d4b" outcome="Passed" testListId="8c84fa94-04c1-424b-9868-57a2d4851a1d" relativeResultsDirectory="f66591dd-03a9-4358-9d6c-2248bc66f747" />
    <UnitTestResult executionId="0b45c2b5-0c6f-4af4-91a6-0544b2c1e125" testId="5ef0b1b2-7486-4e2f-b276-1a5b2cc31fb3" testName="ToUri_Passing_ValidValueString_Returns_Uri (http://foo.com/blah_blah_(wikipedia)_(again))" computerName="PC-SFERRARI" duration="00:00:00.0000070" startTime="2021-06-18T11:12:25.5800034+02:00" endTime="2021-06-18T11:12:25.5801120+02:00" testType="13cdc9d9-ddb5-4fa4-a97d-d965ccfc6d4b" outcome="Passed" testListId="8c84fa94-04c1-424b-9868-57a2d4851a1d" relativeResultsDirectory="0b45c2b5-0c6f-4af4-91a6-0544b2c1e125" />
    <UnitTestResult executionId="ac2e2df1-babf-40bd-b59f-8c305691b9b4" testId="72a84081-f4ad-4ee7-8f14-fa05f40fb152" testName="ToUri_Passing_InvalidValueString_Returns_Null (http://##)" computerName="PC-SFERRARI" duration="00:00:00.0000087" startTime="2021-06-18T11:12:25.6155258+02:00" endTime="2021-06-18T11:12:25.6156316+02:00" testType="13cdc9d9-ddb5-4fa4-a97d-d965ccfc6d4b" outcome="Passed" testListId="8c84fa94-04c1-424b-9868-57a2d4851a1d" relativeResultsDirectory="ac2e2df1-babf-40bd-b59f-8c305691b9b4" />
    <UnitTestResult executionId="595845db-c172-4a5b-9b0c-0dd1e2ee37a5" testId="1f0a4a86-0aa2-4b93-b97a-5532a6e5318e" testName="ToEnvironment_ServiceProvider_Passing_Development_Enviroment_Returns_Development_Name" computerName="PC-SFERRARI" duration="00:00:00.0012829" startTime="2021-06-18T11:12:25.3499607+02:00" endTime="2021-06-18T11:12:25.3516458+02:00" testType="13cdc9d9-ddb5-4fa4-a97d-d965ccfc6d4b" outcome="Passed" testListId="8c84fa94-04c1-424b-9868-57a2d4851a1d" relativeResultsDirectory="595845db-c172-4a5b-9b0c-0dd1e2ee37a5" />
    <UnitTestResult executionId="1fcb940a-e279-448d-9958-a585f6eef3d7" testId="e9048cc9-4eea-44d6-91cc-0ff268563a2a" testName="ToEmailMaskUserName_Passing_ValidEmail_Returns_EmailWithMask (qaz@gmail.com,q*z@gmail.com)" computerName="PC-SFERRARI" duration="00:00:00.0019597" startTime="2021-06-18T11:12:25.5407136+02:00" endTime="2021-06-18T11:12:25.5427441+02:00" testType="13cdc9d9-ddb5-4fa4-a97d-d965ccfc6d4b" outcome="Passed" testListId="8c84fa94-04c1-424b-9868-57a2d4851a1d" relativeResultsDirectory="1fcb940a-e279-448d-9958-a585f6eef3d7" />
    <UnitTestResult executionId="b296a137-7bb3-46de-8d63-6725a598fd92" testId="65735bd9-7439-4f60-98b0-8ac5b6d9728f" testName="IsEqual_Passing_InvalidArguments_Returns_HasErrorsAndCount" computerName="PC-SFERRARI" duration="00:00:00.0006815" startTime="2021-06-18T11:12:25.7373391+02:00" endTime="2021-06-18T11:12:25.7381494+02:00" testType="13cdc9d9-ddb5-4fa4-a97d-d965ccfc6d4b" outcome="Passed" testListId="8c84fa94-04c1-424b-9868-57a2d4851a1d" relativeResultsDirectory="b296a137-7bb3-46de-8d63-6725a598fd92" />
    <UnitTestResult executionId="76a7e296-f210-47e1-80d2-6ffbb341bdf8" testId="b836d94b-093d-4892-a506-ec18c1898d4e" testName="ToEnvironment_Passing_Custom_Enviroment_Returns_Custom_Name" computerName="PC-SFERRARI" duration="00:00:00.0003916" startTime="2021-06-18T11:12:24.4955190+02:00" endTime="2021-06-18T11:12:24.4959797+02:00" testType="13cdc9d9-ddb5-4fa4-a97d-d965ccfc6d4b" outcome="Passed" testListId="8c84fa94-04c1-424b-9868-57a2d4851a1d" relativeResultsDirectory="76a7e296-f210-47e1-80d2-6ffbb341bdf8" />
    <UnitTestResult executionId="406686b6-92c5-4ec8-87fe-9b89b377824d" testId="e7c7ae93-4927-47ba-a643-57755364cb13" testName="IsRange_Passing_InvalidArguments_Returns_HasErrorsAndCount" computerName="PC-SFERRARI" duration="00:00:00.0009609" startTime="2021-06-18T11:12:25.7381957+02:00" endTime="2021-06-18T11:12:25.7392471+02:00" testType="13cdc9d9-ddb5-4fa4-a97d-d965ccfc6d4b" outcome="Passed" testListId="8c84fa94-04c1-424b-9868-57a2d4851a1d" relativeResultsDirectory="406686b6-92c5-4ec8-87fe-9b89b377824d" />
    <UnitTestResult executionId="946c4d64-ec6f-45ff-9a93-4e326f1213da" testId="fc510cec-e83e-4eab-9464-c4f360edc129" testName="ToDefaultValue_Passing_uint_Returns_Cero" computerName="PC-SFERRARI" duration="00:00:00.0002671" startTime="2021-06-18T11:12:24.9230218+02:00" endTime="2021-06-18T11:12:24.9233963+02:00" testType="13cdc9d9-ddb5-4fa4-a97d-d965ccfc6d4b" outcome="Passed" testListId="8c84fa94-04c1-424b-9868-57a2d4851a1d" relativeResultsDirectory="946c4d64-ec6f-45ff-9a93-4e326f1213da" />
    <UnitTestResult executionId="dd2a3e08-c91c-4ab7-af9a-aa14440224f6" testId="ebe516b9-1389-441a-83c6-386cd1b6c8f4" testName="ToNormalize_Passing_ValidValue_Returns_NormalizedValue (ÈÉËÊ,EEEE)" computerName="PC-SFERRARI" duration="00:00:00.0000233" startTime="2021-06-18T11:12:25.5032859+02:00" endTime="2021-06-18T11:12:25.5033641+02:00" testType="13cdc9d9-ddb5-4fa4-a97d-d965ccfc6d4b" outcome="Passed" testListId="8c84fa94-04c1-424b-9868-57a2d4851a1d" relativeResultsDirectory="dd2a3e08-c91c-4ab7-af9a-aa14440224f6" />
    <UnitTestResult executionId="7ed15aa4-6684-447a-aed0-39ba68c8b8e7" testId="b2db0f6a-8e25-40b2-993b-df3cc75b4e42" testName="ToTryContentType_Passing_HttpRequestWithContentType_Value_Returns_ContentType_String_Value" computerName="PC-SFERRARI" duration="00:00:00.0010029" startTime="2021-06-18T11:12:25.0469689+02:00" endTime="2021-06-18T11:12:25.0480932+02:00" testType="13cdc9d9-ddb5-4fa4-a97d-d965ccfc6d4b" outcome="Passed" testListId="8c84fa94-04c1-424b-9868-57a2d4851a1d" relativeResultsDirectory="7ed15aa4-6684-447a-aed0-39ba68c8b8e7" />
    <UnitTestResult executionId="fa25dff2-0d86-4448-bb2b-1f22848a0332" testId="5f93f17f-9c1c-4760-a922-dab83735ae85" testName="ToNormalize_Passing_ValidValue_Returns_NormalizedValue (èéëê,eeee)" computerName="PC-SFERRARI" duration="00:00:00.0000242" startTime="2021-06-18T11:12:25.5031617+02:00" endTime="2021-06-18T11:12:25.5032451+02:00" testType="13cdc9d9-ddb5-4fa4-a97d-d965ccfc6d4b" outcome="Passed" testListId="8c84fa94-04c1-424b-9868-57a2d4851a1d" relativeResultsDirectory="fa25dff2-0d86-4448-bb2b-1f22848a0332" />
    <UnitTestResult executionId="3371f286-3da1-49d1-b843-67566ca7d394" testId="b894e2a3-0850-460b-aeb2-eaeef70fb116" testName="ToExists_Passing_Valid_Service_Returns_True" computerName="PC-SFERRARI" duration="00:00:00.0004769" startTime="2021-06-18T11:12:24.5041491+02:00" endTime="2021-06-18T11:12:24.5047190+02:00" testType="13cdc9d9-ddb5-4fa4-a97d-d965ccfc6d4b" outcome="Passed" testListId="8c84fa94-04c1-424b-9868-57a2d4851a1d" relativeResultsDirectory="3371f286-3da1-49d1-b843-67566ca7d394" />
    <UnitTestResult executionId="a84045c5-754a-4dbd-a1d3-1e6fcce288e3" testId="068fab8a-3b12-495d-9817-a968759ca822" testName="CreateRandom_WithCustomAllowableCharacters_Passing_Valid_Arguments_Returns_String_Random_Value (10,7890ABFLFLFFL)" computerName="PC-SFERRARI" duration="00:00:00.0000144" startTime="2021-06-18T11:12:25.8087209+02:00" endTime="2021-06-18T11:12:25.8087966+02:00" testType="13cdc9d9-ddb5-4fa4-a97d-d965ccfc6d4b" outcome="Passed" testListId="8c84fa94-04c1-424b-9868-57a2d4851a1d" relativeResultsDirectory="a84045c5-754a-4dbd-a1d3-1e6fcce288e3" />
    <UnitTestResult executionId="7ea89abb-55fc-4984-ad34-e537580788e9" testId="0c84650d-b123-4d98-873f-388618b1ebff" testName="ToIsSubdomainThrow_Passing_InvalidValue_Returns_ApplicationExceptionWithMessage ()" computerName="PC-SFERRARI" duration="00:00:00.0000548" startTime="2021-06-18T11:12:24.5977203+02:00" endTime="2021-06-18T11:12:24.5978498+02:00" testType="13cdc9d9-ddb5-4fa4-a97d-d965ccfc6d4b" outcome="Passed" testListId="8c84fa94-04c1-424b-9868-57a2d4851a1d" relativeResultsDirectory="7ea89abb-55fc-4984-ad34-e537580788e9" />
    <UnitTestResult executionId="87042cdb-6351-4cc3-b9fb-70591a33075f" testId="959001c9-f031-452c-8b45-80fba344f6cb" testName="ToUri_Passing_ValidValueString_Returns_Uri (http://➡.ws/䨹)" computerName="PC-SFERRARI" duration="00:00:00.0000746" startTime="2021-06-18T11:12:25.5933972+02:00" endTime="2021-06-18T11:12:25.5935824+02:00" testType="13cdc9d9-ddb5-4fa4-a97d-d965ccfc6d4b" outcome="Passed" testListId="8c84fa94-04c1-424b-9868-57a2d4851a1d" relativeResultsDirectory="87042cdb-6351-4cc3-b9fb-70591a33075f" />
    <UnitTestResult executionId="de3a6de8-0256-4464-a712-5f0769ed6e7e" testId="e3d804f2-84a3-461a-804a-896995311cdf" testName="ToGet_Passing_Claims_Returns_Claim_Value_String" computerName="PC-SFERRARI" duration="00:00:00.0013136" startTime="2021-06-18T11:12:24.7618909+02:00" endTime="2021-06-18T11:12:24.7644142+02:00" testType="13cdc9d9-ddb5-4fa4-a97d-d965ccfc6d4b" outcome="Passed" testListId="8c84fa94-04c1-424b-9868-57a2d4851a1d" relativeResultsDirectory="de3a6de8-0256-4464-a712-5f0769ed6e7e" />
    <UnitTestResult executionId="4b5a1c14-5c54-4210-955d-a1568552d4d8" testId="5fbad7ad-f8e4-4138-aa34-270bbc968bf2" testName="ToUri_Passing_ValidValueString_Returns_Uri (http://foo.com/blah_blah_(wikipedia))" computerName="PC-SFERRARI" duration="00:00:00.0000084" startTime="2021-06-18T11:12:25.5798256+02:00" endTime="2021-06-18T11:12:25.5799442+02:00" testType="13cdc9d9-ddb5-4fa4-a97d-d965ccfc6d4b" outcome="Passed" testListId="8c84fa94-04c1-424b-9868-57a2d4851a1d" relativeResultsDirectory="4b5a1c14-5c54-4210-955d-a1568552d4d8" />
    <UnitTestResult executionId="f1ed7e2a-2d2b-4937-a3f8-61eb311aa2ae" testId="ec08d364-7dff-4612-8a4f-564d0f029716" testName="ResultErrorData_WithTitle_WithStatusCode_WithDetails_WithExceptionType_WithMessages_WithErrors" computerName="PC-SFERRARI" duration="00:00:00.0129369" startTime="2021-06-18T11:12:25.9442893+02:00" endTime="2021-06-18T11:12:25.9573747+02:00" testType="13cdc9d9-ddb5-4fa4-a97d-d965ccfc6d4b" outcome="Passed" testListId="8c84fa94-04c1-424b-9868-57a2d4851a1d" relativeResultsDirectory="f1ed7e2a-2d2b-4937-a3f8-61eb311aa2ae" />
    <UnitTestResult executionId="9167328e-5508-48d6-bc09-8755f593a71d" testId="4c66dd6e-cb12-4a6c-bbe5-a955ed317099" testName="ToEmailMaskUserName_Passing_ValidEmail_Returns_EmailWithMask (qazwsxedc@gmail.com,q*******c@gmail.com)" computerName="PC-SFERRARI" duration="00:00:00.0000211" startTime="2021-06-18T11:12:25.5430095+02:00" endTime="2021-06-18T11:12:25.5430823+02:00" testType="13cdc9d9-ddb5-4fa4-a97d-d965ccfc6d4b" outcome="Passed" testListId="8c84fa94-04c1-424b-9868-57a2d4851a1d" relativeResultsDirectory="9167328e-5508-48d6-bc09-8755f593a71d" />
    <UnitTestResult executionId="7cf5d908-4b6f-4220-9e4c-6319a028dbe3" testId="8326cfc0-7eb1-41d0-b6af-d82efdeb600b" testName="ToUri_Passing_ValidValueString_Returns_Uri (http://foo.com/(something)?after=parens)" computerName="PC-SFERRARI" duration="00:00:00.0000084" startTime="2021-06-18T11:12:25.5979619+02:00" endTime="2021-06-18T11:12:25.5981322+02:00" testType="13cdc9d9-ddb5-4fa4-a97d-d965ccfc6d4b" outcome="Passed" testListId="8c84fa94-04c1-424b-9868-57a2d4851a1d" relativeResultsDirectory="7cf5d908-4b6f-4220-9e4c-6319a028dbe3" />
    <UnitTestResult executionId="762cd40b-e1dc-49f8-9dcc-3b1691ef8d31" testId="c3bb0678-d6ed-4198-ba3e-74f39876913b" testName="ToEnvironment_ServiceCollection_Passing_Custom_Enviroment_Returns_Custom_Name" computerName="PC-SFERRARI" duration="00:00:00.0008759" startTime="2021-06-18T11:12:25.3488456+02:00" endTime="2021-06-18T11:12:25.3498437+02:00" testType="13cdc9d9-ddb5-4fa4-a97d-d965ccfc6d4b" outcome="Passed" testListId="8c84fa94-04c1-424b-9868-57a2d4851a1d" relativeResultsDirectory="762cd40b-e1dc-49f8-9dcc-3b1691ef8d31" />
    <UnitTestResult executionId="b5b29713-3fc1-4f13-a604-ed64c75383a1" testId="0ade843b-e077-4b3b-b128-428ea53fe199" testName="ToUri_Passing_ValidValueString_Returns_Uri (http://j.mp)" computerName="PC-SFERRARI" duration="00:00:00.0000078" startTime="2021-06-18T11:12:25.5986874+02:00" endTime="2021-06-18T11:12:25.5988571+02:00" testType="13cdc9d9-ddb5-4fa4-a97d-d965ccfc6d4b" outcome="Passed" testListId="8c84fa94-04c1-424b-9868-57a2d4851a1d" relativeResultsDirectory="b5b29713-3fc1-4f13-a604-ed64c75383a1" />
    <UnitTestResult executionId="6ba4cf83-b88d-407a-a071-17d9b2c63f3d" testId="ef446676-e689-486d-b296-9be12b1f05d9" testName="ToUri_Passing_InvalidValueString_Returns_DefaultValue (http://.)" computerName="PC-SFERRARI" duration="00:00:00.0000113" startTime="2021-06-18T11:12:25.6186843+02:00" endTime="2021-06-18T11:12:25.6188212+02:00" testType="13cdc9d9-ddb5-4fa4-a97d-d965ccfc6d4b" outcome="Passed" testListId="8c84fa94-04c1-424b-9868-57a2d4851a1d" relativeResultsDirectory="6ba4cf83-b88d-407a-a071-17d9b2c63f3d" />
    <UnitTestResult executionId="2f8285b0-1bd3-4f24-9d38-04e54427e263" testId="5209d565-6a46-4f68-95d5-0e2c36a41e88" testName="ToConfiguration_Passing_Invalid_DirectoryPath_Returns_ApplicationException" computerName="PC-SFERRARI" duration="00:00:00.0004785" startTime="2021-06-18T11:12:25.3875216+02:00" endTime="2021-06-18T11:12:25.3880628+02:00" testType="13cdc9d9-ddb5-4fa4-a97d-d965ccfc6d4b" outcome="Passed" testListId="8c84fa94-04c1-424b-9868-57a2d4851a1d" relativeResultsDirectory="2f8285b0-1bd3-4f24-9d38-04e54427e263" />
    <UnitTestResult executionId="6691d15f-53e0-4153-b8a9-957050681814" testId="adf7e879-f7e4-4674-a178-8680fdcf447d" testName="ToUri_Passing_ValidValueString_Returns_Uri (http://userid@example.com/)" computerName="PC-SFERRARI" duration="00:00:00.0000154" startTime="2021-06-18T11:12:25.5883121+02:00" endTime="2021-06-18T11:12:25.5887174+02:00" testType="13cdc9d9-ddb5-4fa4-a97d-d965ccfc6d4b" outcome="Passed" testListId="8c84fa94-04c1-424b-9868-57a2d4851a1d" relativeResultsDirectory="6691d15f-53e0-4153-b8a9-957050681814" />
    <UnitTestResult executionId="28da2c8c-3a63-46ce-9dfd-a098b43aeed6" testId="3924d155-4192-4c04-b2a2-3b3498ae7125" testName="ToSubdomain_Passing_HttpRequest_Host_Returns_Subdomain" computerName="PC-SFERRARI" duration="00:00:00.0011941" startTime="2021-06-18T11:12:25.0455690+02:00" endTime="2021-06-18T11:12:25.0468925+02:00" testType="13cdc9d9-ddb5-4fa4-a97d-d965ccfc6d4b" outcome="Passed" testListId="8c84fa94-04c1-424b-9868-57a2d4851a1d" relativeResultsDirectory="28da2c8c-3a63-46ce-9dfd-a098b43aeed6" />
    <UnitTestResult executionId="ddc495ee-2307-42c8-ba54-1a79ade16668" testId="d2fddc4a-92c9-4910-992a-a5c5651ba9a6" testName="CreateRandom_WithDefaultAllowableCharacters_Passing_ValidArguments_Returns_String_Random_Value (5)" computerName="PC-SFERRARI" duration="00:00:00.0026938" startTime="2021-06-18T11:12:25.8036000+02:00" endTime="2021-06-18T11:12:25.8078423+02:00" testType="13cdc9d9-ddb5-4fa4-a97d-d965ccfc6d4b" outcome="Passed" testListId="8c84fa94-04c1-424b-9868-57a2d4851a1d" relativeResultsDirectory="ddc495ee-2307-42c8-ba54-1a79ade16668" />
    <UnitTestResult executionId="e4c30556-ac63-4302-9af8-6e1e6fdf7a52" testId="b0417410-1ec9-4baf-8f9d-e9ff1609130f" testName="ToStartOfWeek_Passing_DateTime_Returns_Start_Of_Week_DateTime" computerName="PC-SFERRARI" duration="00:00:00.0003047" startTime="2021-06-18T11:12:24.8746193+02:00" endTime="2021-06-18T11:12:24.8750858+02:00" testType="13cdc9d9-ddb5-4fa4-a97d-d965ccfc6d4b" outcome="Passed" testListId="8c84fa94-04c1-424b-9868-57a2d4851a1d" relativeResultsDirectory="e4c30556-ac63-4302-9af8-6e1e6fdf7a52" />
    <UnitTestResult executionId="d3d59d04-110f-4c4b-a721-c8f6b55c1841" testId="cb34baab-3622-4b79-8dda-285edc0e1285" testName="ToFirstLetterLower_Passing_ValidValue_Returns_StringWithFirstLetterLower (aeiou,aeiou)" computerName="PC-SFERRARI" duration="00:00:00.0003019" startTime="2021-06-18T11:12:25.5277693+02:00" endTime="2021-06-18T11:12:25.5296678+02:00" testType="13cdc9d9-ddb5-4fa4-a97d-d965ccfc6d4b" outcome="Passed" testListId="8c84fa94-04c1-424b-9868-57a2d4851a1d" relativeResultsDirectory="d3d59d04-110f-4c4b-a721-c8f6b55c1841" />
    <UnitTestResult executionId="c4a7885b-c468-420e-8018-060d3893921b" testId="b283b709-2351-4cf3-9d06-2114be6b0c38" testName="ToDetails_Passing_HttpContext_Returns_Details_HttpContext" computerName="PC-SFERRARI" duration="00:00:00.0245305" startTime="2021-06-18T11:12:24.9457228+02:00" endTime="2021-06-18T11:12:24.9704284+02:00" testType="13cdc9d9-ddb5-4fa4-a97d-d965ccfc6d4b" outcome="Passed" testListId="8c84fa94-04c1-424b-9868-57a2d4851a1d" relativeResultsDirectory="c4a7885b-c468-420e-8018-060d3893921b" />
    <UnitTestResult executionId="580bef4c-a87a-42e3-97de-016708ab6cd7" testId="8ff36e78-0db1-4e6a-ba60-ea71eecebb3c" testName="ToUri_Passing_ValidValueString_Returns_Uri (http://www.example.com/wpstyle/?p=364)" computerName="PC-SFERRARI" duration="00:00:00.0000152" startTime="2021-06-18T11:12:25.5842075+02:00" endTime="2021-06-18T11:12:25.5845977+02:00" testType="13cdc9d9-ddb5-4fa4-a97d-d965ccfc6d4b" outcome="Passed" testListId="8c84fa94-04c1-424b-9868-57a2d4851a1d" relativeResultsDirectory="580bef4c-a87a-42e3-97de-016708ab6cd7" />
    <UnitTestResult executionId="6bb7786b-a3fd-46fa-9db1-f515923f6826" testId="c3263a6f-aa6c-49e7-a4d7-82fb1142c05f" testName="ToEnum_Passing_InvalidValueString_Returns_EnumCustomValue" computerName="PC-SFERRARI" duration="00:00:00.0001637" startTime="2021-06-18T11:12:25.5096767+02:00" endTime="2021-06-18T11:12:25.5099450+02:00" testType="13cdc9d9-ddb5-4fa4-a97d-d965ccfc6d4b" outcome="Passed" testListId="8c84fa94-04c1-424b-9868-57a2d4851a1d" relativeResultsDirectory="6bb7786b-a3fd-46fa-9db1-f515923f6826" />
    <UnitTestResult executionId="861ef5d0-f71b-4ea7-a9dd-d567ed696c51" testId="64e9c487-e919-4835-b7a9-9d25818fd2f5" testName="ToMessage_Passing_ExceptionWithMessageWithInnerException_Returns_MessageAndInnerException" computerName="PC-SFERRARI" duration="00:00:00.0005378" startTime="2021-06-18T11:12:24.9052956+02:00" endTime="2021-06-18T11:12:24.9068998+02:00" testType="13cdc9d9-ddb5-4fa4-a97d-d965ccfc6d4b" outcome="Passed" testListId="8c84fa94-04c1-424b-9868-57a2d4851a1d" relativeResultsDirectory="861ef5d0-f71b-4ea7-a9dd-d567ed696c51" />
    <UnitTestResult executionId="ab4dd981-ce8a-4d49-aea8-fa9f2bcac485" testId="bb0a3da5-6918-45f0-81e3-1bb955d79ab9" testName="ToUri_Passing_InvalidValueString_Returns_DefaultValue (http://../)" computerName="PC-SFERRARI" duration="00:00:00.0000074" startTime="2021-06-18T11:12:25.6233849+02:00" endTime="2021-06-18T11:12:25.6234449+02:00" testType="13cdc9d9-ddb5-4fa4-a97d-d965ccfc6d4b" outcome="Passed" testListId="8c84fa94-04c1-424b-9868-57a2d4851a1d" relativeResultsDirectory="ab4dd981-ce8a-4d49-aea8-fa9f2bcac485" />
    <UnitTestResult executionId="989630ab-5d2a-466d-bd71-dcf341a3f9f0" testId="17071e9b-2a9a-40b6-821d-da4a1f5d4970" testName="IsUppercase_Passing_ValidArguments_Returns_HasErrorsAndCount" computerName="PC-SFERRARI" duration="00:00:00.0002616" startTime="2021-06-18T11:12:25.7773280+02:00" endTime="2021-06-18T11:12:25.7779112+02:00" testType="13cdc9d9-ddb5-4fa4-a97d-d965ccfc6d4b" outcome="Passed" testListId="8c84fa94-04c1-424b-9868-57a2d4851a1d" relativeResultsDirectory="989630ab-5d2a-466d-bd71-dcf341a3f9f0" />
    <UnitTestResult executionId="76ce521f-a8dd-43d1-a97c-db20b93ea31d" testId="2ef6226c-f460-4b74-9d77-aff81cc24238" testName="IsUniqueChars_Passing_InvalidArguments_Returns_HasErrorsAndCount" computerName="PC-SFERRARI" duration="00:00:00.0032662" startTime="2021-06-18T11:12:25.7675752+02:00" endTime="2021-06-18T11:12:25.7709756+02:00" testType="13cdc9d9-ddb5-4fa4-a97d-d965ccfc6d4b" outcome="Passed" testListId="8c84fa94-04c1-424b-9868-57a2d4851a1d" relativeResultsDirectory="76ce521f-a8dd-43d1-a97c-db20b93ea31d" />
    <UnitTestResult executionId="1975fecd-3e65-4b6c-99bf-54d5c35b455b" testId="fb6662a1-e91c-45fe-969b-69ea6f878df8" testName="ToConfigureOrDefault_Passing_DefaultValues_And_ActionCustomValues_Returns_DefaultValues_And_CustomValues" computerName="PC-SFERRARI" duration="00:00:00.0005871" startTime="2021-06-18T11:12:23.7474678+02:00" endTime="2021-06-18T11:12:23.7482801+02:00" testType="13cdc9d9-ddb5-4fa4-a97d-d965ccfc6d4b" outcome="Passed" testListId="8c84fa94-04c1-424b-9868-57a2d4851a1d" relativeResultsDirectory="1975fecd-3e65-4b6c-99bf-54d5c35b455b" />
    <UnitTestResult executionId="430c48ea-3901-4438-a8ab-67a6fc5df20b" testId="e4cebfd1-ae2c-4cab-b1f9-b17b9e3f12d2" testName="ToUri_Passing_InvalidValueString_Returns_Null (http://##/)" computerName="PC-SFERRARI" duration="00:00:00.0000096" startTime="2021-06-18T11:12:25.6157003+02:00" endTime="2021-06-18T11:12:25.6158053+02:00" testType="13cdc9d9-ddb5-4fa4-a97d-d965ccfc6d4b" outcome="Passed" testListId="8c84fa94-04c1-424b-9868-57a2d4851a1d" relativeResultsDirectory="430c48ea-3901-4438-a8ab-67a6fc5df20b" />
    <UnitTestResult executionId="8bb6aa4a-475d-4b6c-be51-eb15f2000ec9" testId="be1e2b1d-de1c-4b44-a1af-d8e6cae540d8" testName="ToUri_Passing_ValidValueString_Returns_Uri (http://userid@example.com:8080/)" computerName="PC-SFERRARI" duration="00:00:00.0000069" startTime="2021-06-18T11:12:25.5890684+02:00" endTime="2021-06-18T11:12:25.5891962+02:00" testType="13cdc9d9-ddb5-4fa4-a97d-d965ccfc6d4b" outcome="Passed" testListId="8c84fa94-04c1-424b-9868-57a2d4851a1d" relativeResultsDirectory="8bb6aa4a-475d-4b6c-be51-eb15f2000ec9" />
    <UnitTestResult executionId="5ea0a736-dee2-4f8c-8e7b-42fbed22e0ba" testId="9b5a3c2f-ce4c-4b60-8c6a-5735f60aea31" testName="ToInt_Passing_InvalidValueString_Returns_Null (1,3333)" computerName="PC-SFERRARI" duration="00:00:00.0000069" startTime="2021-06-18T11:12:25.6400245+02:00" endTime="2021-06-18T11:12:25.6401124+02:00" testType="13cdc9d9-ddb5-4fa4-a97d-d965ccfc6d4b" outcome="Passed" testListId="8c84fa94-04c1-424b-9868-57a2d4851a1d" relativeResultsDirectory="5ea0a736-dee2-4f8c-8e7b-42fbed22e0ba" />
    <UnitTestResult executionId="1a7727fa-f27d-4740-9b24-92bf529fab4c" testId="17a7926f-eb35-428b-a482-d5c00c0db9e7" testName="ToDefaultValue_Passing_ValidGuid_Returns_DefaultValue" computerName="PC-SFERRARI" duration="00:00:00.0002652" startTime="2021-06-18T11:12:25.7060269+02:00" endTime="2021-06-18T11:12:25.7063630+02:00" testType="13cdc9d9-ddb5-4fa4-a97d-d965ccfc6d4b" outcome="Passed" testListId="8c84fa94-04c1-424b-9868-57a2d4851a1d" relativeResultsDirectory="1a7727fa-f27d-4740-9b24-92bf529fab4c" />
    <UnitTestResult executionId="e91bf212-ffd4-4e00-9c59-4d03f7e0c0c6" testId="3902b2b7-a4ed-4b07-8294-d7353ec08b8b" testName="ToIsWeekend_Passing_Sunday_DateTime_Returns_True" computerName="PC-SFERRARI" duration="00:00:00.0001699" startTime="2021-06-18T11:12:24.8659910+02:00" endTime="2021-06-18T11:12:24.8662597+02:00" testType="13cdc9d9-ddb5-4fa4-a97d-d965ccfc6d4b" outcome="Passed" testListId="8c84fa94-04c1-424b-9868-57a2d4851a1d" relativeResultsDirectory="e91bf212-ffd4-4e00-9c59-4d03f7e0c0c6" />
    <UnitTestResult executionId="bf6d3bf7-d1e3-465d-a5f7-c8ec01ca3683" testId="4480e5bc-48b0-4b80-8ec7-4d4aec6f406e" testName="ToIsSubdomainThrow_Passing_InvalidValue_Returns_ApplicationExceptionWithMessage (34fsds@@sdd.f)" computerName="PC-SFERRARI" duration="00:00:00.0000908" startTime="2021-06-18T11:12:24.5974166+02:00" endTime="2021-06-18T11:12:24.5976531+02:00" testType="13cdc9d9-ddb5-4fa4-a97d-d965ccfc6d4b" outcome="Passed" testListId="8c84fa94-04c1-424b-9868-57a2d4851a1d" relativeResultsDirectory="bf6d3bf7-d1e3-465d-a5f7-c8ec01ca3683" />
    <UnitTestResult executionId="38746052-e8fa-41ba-ad10-e9de7c27dd78" testId="9e489f72-019a-4252-96dc-78f18010f542" testName="CreateSHA256_Passing_Invalid_Arguments_Returns_ApplicationException ()" computerName="PC-SFERRARI" duration="00:00:00.0099277" startTime="2021-06-18T11:12:25.8089640+02:00" endTime="2021-06-18T11:12:25.8189663+02:00" testType="13cdc9d9-ddb5-4fa4-a97d-d965ccfc6d4b" outcome="Passed" testListId="8c84fa94-04c1-424b-9868-57a2d4851a1d" relativeResultsDirectory="38746052-e8fa-41ba-ad10-e9de7c27dd78" />
    <UnitTestResult executionId="56b68f2b-0045-45c6-90c5-c2a8277e2235" testId="a2534d2c-584e-484f-b524-de49055e85db" testName="ToEnum_Passing_InvalidValueInt_Returns_EnumDefaultValue" computerName="PC-SFERRARI" duration="00:00:00.0001679" startTime="2021-06-18T11:12:25.5259848+02:00" endTime="2021-06-18T11:12:25.5262958+02:00" testType="13cdc9d9-ddb5-4fa4-a97d-d965ccfc6d4b" outcome="Passed" testListId="8c84fa94-04c1-424b-9868-57a2d4851a1d" relativeResultsDirectory="56b68f2b-0045-45c6-90c5-c2a8277e2235" />
    <UnitTestResult executionId="7d874d90-7c7a-4a86-8f69-40ec74ea77c6" testId="670547f9-7721-4b5d-9ad8-5437315026e3" testName="ToIsEmailThrow_Passing_InvalidValue_Returns_ApplicationExceptionWithMessage (dasdasd@dsasd.._ff)" computerName="PC-SFERRARI" duration="00:00:00.0132684" startTime="2021-06-18T11:12:24.5777389+02:00" endTime="2021-06-18T11:12:24.5941790+02:00" testType="13cdc9d9-ddb5-4fa4-a97d-d965ccfc6d4b" outcome="Passed" testListId="8c84fa94-04c1-424b-9868-57a2d4851a1d" relativeResultsDirectory="7d874d90-7c7a-4a86-8f69-40ec74ea77c6" />
    <UnitTestResult executionId="cd9a91c3-2641-492a-9fb4-cb5036ad48a5" testId="382194c4-fda5-46ee-86a6-232989bfbaf6" testName="ToDirectoryFileInfo_Passing_ValidValue_Returns_FileInfo" computerName="PC-SFERRARI" duration="00:00:00.0001506" startTime="2021-06-18T11:12:25.6546726+02:00" endTime="2021-06-18T11:12:25.6549274+02:00" testType="13cdc9d9-ddb5-4fa4-a97d-d965ccfc6d4b" outcome="Passed" testListId="8c84fa94-04c1-424b-9868-57a2d4851a1d" relativeResultsDirectory="cd9a91c3-2641-492a-9fb4-cb5036ad48a5" />
    <UnitTestResult executionId="5fb0f07d-e41b-4f3f-ae11-1dc04d8588bc" testId="2124d8ff-b320-4836-acd0-662b17105484" testName="ResultOkData_WithData" computerName="PC-SFERRARI" duration="00:00:00.0314294" startTime="2021-06-18T11:12:25.8455107+02:00" endTime="2021-06-18T11:12:25.8770846+02:00" testType="13cdc9d9-ddb5-4fa4-a97d-d965ccfc6d4b" outcome="Passed" testListId="8c84fa94-04c1-424b-9868-57a2d4851a1d" relativeResultsDirectory="5fb0f07d-e41b-4f3f-ae11-1dc04d8588bc" />
    <UnitTestResult executionId="e1dbd544-7ced-413a-944b-2113fa1b2703" testId="76d11a0c-d5ae-40d2-a814-c38032fcc16e" testName="ToResultAsync_Passing_StatusCodeAnd_MessageAndContentTypeAndHeader_Values_Returns_Values (/test)" computerName="PC-SFERRARI" duration="00:00:00.2627936" startTime="2021-06-18T11:12:25.0484223+02:00" endTime="2021-06-18T11:12:25.3114855+02:00" testType="13cdc9d9-ddb5-4fa4-a97d-d965ccfc6d4b" outcome="Passed" testListId="8c84fa94-04c1-424b-9868-57a2d4851a1d" relativeResultsDirectory="e1dbd544-7ced-413a-944b-2113fa1b2703">
      <Output>
        <StdOut>info: Microsoft.AspNetCore.Hosting.Diagnostics[1]&#xD;
      Request starting HTTP/1.1 GET http://localhost/test - -</StdOut>
      </Output>
    </UnitTestResult>
    <UnitTestResult executionId="de77fed4-9be3-4b5b-87be-fc2d7a4d4efa" testId="d7b6becb-cee8-4779-a96b-fd62f81811ad" testName="ToUri_Passing_InvalidValueString_Returns_DefaultValue (http://##/)" computerName="PC-SFERRARI" duration="00:00:00.0000064" startTime="2021-06-18T11:12:25.6239152+02:00" endTime="2021-06-18T11:12:25.6239659+02:00" testType="13cdc9d9-ddb5-4fa4-a97d-d965ccfc6d4b" outcome="Passed" testListId="8c84fa94-04c1-424b-9868-57a2d4851a1d" relativeResultsDirectory="de77fed4-9be3-4b5b-87be-fc2d7a4d4efa" />
    <UnitTestResult executionId="e0803c19-b448-438f-8046-4e6886fa94d8" testId="9b27eb4c-2f80-465d-b216-f5a2b5f11d11" testName="ToRemove_Passing_ValidValue_Returns_ValueWithoutRemovedChars ( * , ,*)" computerName="PC-SFERRARI" duration="00:00:00.0000899" startTime="2021-06-18T11:12:25.4504431+02:00" endTime="2021-06-18T11:12:25.4508204+02:00" testType="13cdc9d9-ddb5-4fa4-a97d-d965ccfc6d4b" outcome="Passed" testListId="8c84fa94-04c1-424b-9868-57a2d4851a1d" relativeResultsDirectory="e0803c19-b448-438f-8046-4e6886fa94d8" />
    <UnitTestResult executionId="e241a9f1-13dc-4e64-9cd2-7e036be70a2b" testId="159bb66f-166e-485c-92c4-71921b468a82" testName="ToDefaultValue_Passing_ValidString_Returns_DefaultValue" computerName="PC-SFERRARI" duration="00:00:00.0001396" startTime="2021-06-18T11:12:25.7057770+02:00" endTime="2021-06-18T11:12:25.7059895+02:00" testType="13cdc9d9-ddb5-4fa4-a97d-d965ccfc6d4b" outcome="Passed" testListId="8c84fa94-04c1-424b-9868-57a2d4851a1d" relativeResultsDirectory="e241a9f1-13dc-4e64-9cd2-7e036be70a2b" />
    <UnitTestResult executionId="be00eef6-877f-40f5-bae9-86426fa5ff61" testId="9e15c0dc-edb7-4c8f-8780-774315000587" testName="ToWhere_Passing_Valid_Predicate_Returns_Filter_List" computerName="PC-SFERRARI" duration="00:00:00.0017942" startTime="2021-06-18T11:12:25.3264164+02:00" endTime="2021-06-18T11:12:25.3283551+02:00" testType="13cdc9d9-ddb5-4fa4-a97d-d965ccfc6d4b" outcome="Passed" testListId="8c84fa94-04c1-424b-9868-57a2d4851a1d" relativeResultsDirectory="be00eef6-877f-40f5-bae9-86426fa5ff61" />
    <UnitTestResult executionId="7820fc55-8509-4612-a19e-b2f1c23a62e3" testId="04727df2-e311-44a5-93fd-3c2d6f8824a7" testName="ToService_Passing_Valid_Service_Returns_Service" computerName="PC-SFERRARI" duration="00:00:00.0003630" startTime="2021-06-18T11:12:25.3542221+02:00" endTime="2021-06-18T11:12:25.3546375+02:00" testType="13cdc9d9-ddb5-4fa4-a97d-d965ccfc6d4b" outcome="Passed" testListId="8c84fa94-04c1-424b-9868-57a2d4851a1d" relativeResultsDirectory="7820fc55-8509-4612-a19e-b2f1c23a62e3" />
    <UnitTestResult executionId="ffe5f9b0-3b4f-4dd8-96db-b1513763f98d" testId="680ddc43-8609-4c15-96ba-b9c72ac957d0" testName="ToEnum_Passing_InvalidValueInt_Returns_EnumCustomValue" computerName="PC-SFERRARI" duration="00:00:00.0001377" startTime="2021-06-18T11:12:25.5263435+02:00" endTime="2021-06-18T11:12:25.5265608+02:00" testType="13cdc9d9-ddb5-4fa4-a97d-d965ccfc6d4b" outcome="Passed" testListId="8c84fa94-04c1-424b-9868-57a2d4851a1d" relativeResultsDirectory="ffe5f9b0-3b4f-4dd8-96db-b1513763f98d" />
    <UnitTestResult executionId="939ad535-3384-45e3-9f62-de144963f183" testId="47798b70-913f-4d5c-954a-ed2ca01363da" testName="ToUri_Passing_InvalidValueString_Returns_DefaultValue (http://?)" computerName="PC-SFERRARI" duration="00:00:00.0020689" startTime="2021-06-18T11:12:25.6160502+02:00" endTime="2021-06-18T11:12:25.6183008+02:00" testType="13cdc9d9-ddb5-4fa4-a97d-d965ccfc6d4b" outcome="Passed" testListId="8c84fa94-04c1-424b-9868-57a2d4851a1d" relativeResultsDirectory="939ad535-3384-45e3-9f62-de144963f183" />
    <UnitTestResult executionId="aee229c0-033f-4431-8e8b-564d5def3a0b" testId="b1e60ce5-75fa-4298-b221-5624fca0c240" testName="ToInt_Passing_ValidValueString_Returns_Int (1234567890)" computerName="PC-SFERRARI" duration="00:00:00.0002784" startTime="2021-06-18T11:12:25.6393100+02:00" endTime="2021-06-18T11:12:25.6396669+02:00" testType="13cdc9d9-ddb5-4fa4-a97d-d965ccfc6d4b" outcome="Passed" testListId="8c84fa94-04c1-424b-9868-57a2d4851a1d" relativeResultsDirectory="aee229c0-033f-4431-8e8b-564d5def3a0b" />
    <UnitTestResult executionId="17725347-a10b-4ba9-ac56-b025f8d6e140" testId="d0b601cf-eb26-4ef5-a0a8-5c7a01b2757e" testName="IsDomain_Passing_InvalidArguments_Returns_HasErrorsAndCount" computerName="PC-SFERRARI" duration="00:00:00.0034037" startTime="2021-06-18T11:12:25.7546086+02:00" endTime="2021-06-18T11:12:25.7581063+02:00" testType="13cdc9d9-ddb5-4fa4-a97d-d965ccfc6d4b" outcome="Passed" testListId="8c84fa94-04c1-424b-9868-57a2d4851a1d" relativeResultsDirectory="17725347-a10b-4ba9-ac56-b025f8d6e140" />
    <UnitTestResult executionId="a2ff0d2e-d65c-4f3e-8471-1dab9f9a7be6" testId="8b323f04-3601-4849-b1d1-72388b077825" testName="ToFormat_Passing_ValidTimeSpanValue_Returns_ValueWithFormatString" computerName="PC-SFERRARI" duration="00:00:00.0007613" startTime="2021-06-18T11:12:25.7039358+02:00" endTime="2021-06-18T11:12:25.7049005+02:00" testType="13cdc9d9-ddb5-4fa4-a97d-d965ccfc6d4b" outcome="Passed" testListId="8c84fa94-04c1-424b-9868-57a2d4851a1d" relativeResultsDirectory="a2ff0d2e-d65c-4f3e-8471-1dab9f9a7be6" />
    <UnitTestResult executionId="a5ab9c3f-74c6-4225-aaee-b7d93d7f3602" testId="f4c6ebc4-8db5-4662-977b-f3a665fc761b" testName="ToUri_Passing_InvalidValueString_Returns_Null (http://??/)" computerName="PC-SFERRARI" duration="00:00:00.0000095" startTime="2021-06-18T11:12:25.6151737+02:00" endTime="2021-06-18T11:12:25.6152832+02:00" testType="13cdc9d9-ddb5-4fa4-a97d-d965ccfc6d4b" outcome="Passed" testListId="8c84fa94-04c1-424b-9868-57a2d4851a1d" relativeResultsDirectory="a5ab9c3f-74c6-4225-aaee-b7d93d7f3602" />
    <UnitTestResult executionId="8d65c02a-67fd-40d8-a9b4-f552d1ae3218" testId="f4044961-d73a-44f1-86b7-f102cbc1b5e8" testName="ToGetAll_Passing_Claims_Returns_Claim_Value_Int_List" computerName="PC-SFERRARI" duration="00:00:00.0093471" startTime="2021-06-18T11:12:24.8231135+02:00" endTime="2021-06-18T11:12:24.8326483+02:00" testType="13cdc9d9-ddb5-4fa4-a97d-d965ccfc6d4b" outcome="Passed" testListId="8c84fa94-04c1-424b-9868-57a2d4851a1d" relativeResultsDirectory="8d65c02a-67fd-40d8-a9b4-f552d1ae3218" />
    <UnitTestResult executionId="82c694ed-4fb7-4a41-b110-42138b4b2281" testId="6ac251fb-edd1-4369-b1a5-91b6ed71564a" testName="ToEmailMaskUserName_Passing_ValidEmail_Returns_EmailWithMask (qazwsx@gmail.com,q****x@gmail.com)" computerName="PC-SFERRARI" duration="00:00:00.0000368" startTime="2021-06-18T11:12:25.5428430+02:00" endTime="2021-06-18T11:12:25.5429627+02:00" testType="13cdc9d9-ddb5-4fa4-a97d-d965ccfc6d4b" outcome="Passed" testListId="8c84fa94-04c1-424b-9868-57a2d4851a1d" relativeResultsDirectory="82c694ed-4fb7-4a41-b110-42138b4b2281" />
    <UnitTestResult executionId="0d4dec7e-787c-4d63-8ad9-4a181248cd58" testId="ce515b1e-96db-4889-91c9-2a3daabb7d05" testName="ToMapNew_Passing_TSource_And_TDestination_Returns_New_TDestination_Object" computerName="PC-SFERRARI" duration="00:00:00.0047236" startTime="2021-06-18T11:12:24.0786561+02:00" endTime="2021-06-18T11:12:24.0834978+02:00" testType="13cdc9d9-ddb5-4fa4-a97d-d965ccfc6d4b" outcome="Passed" testListId="8c84fa94-04c1-424b-9868-57a2d4851a1d" relativeResultsDirectory="0d4dec7e-787c-4d63-8ad9-4a181248cd58" />
    <UnitTestResult executionId="3be2a367-786b-44d8-b6e0-fb83a6c5929a" testId="c7b3cae5-6501-488a-9fb4-72962914991d" testName="ToStringFormat_Passing_ValidValue_Returns_ValueWithoutRemovedChars (-1)" computerName="PC-SFERRARI" duration="00:00:00.0000075" startTime="2021-06-18T11:12:25.3170085+02:00" endTime="2021-06-18T11:12:25.3171395+02:00" testType="13cdc9d9-ddb5-4fa4-a97d-d965ccfc6d4b" outcome="Passed" testListId="8c84fa94-04c1-424b-9868-57a2d4851a1d" relativeResultsDirectory="3be2a367-786b-44d8-b6e0-fb83a6c5929a" />
    <UnitTestResult executionId="adef1071-1c13-4574-824a-abab215eed30" testId="a35c750c-ecf2-43d4-9a24-33a895a78139" testName="ToUri_Passing_ValidValueString_Returns_Uri (http://foo.com/blah_blah/)" computerName="PC-SFERRARI" duration="00:00:00.0000078" startTime="2021-06-18T11:12:25.5725231+02:00" endTime="2021-06-18T11:12:25.5726384+02:00" testType="13cdc9d9-ddb5-4fa4-a97d-d965ccfc6d4b" outcome="Passed" testListId="8c84fa94-04c1-424b-9868-57a2d4851a1d" relativeResultsDirectory="adef1071-1c13-4574-824a-abab215eed30" />
    <UnitTestResult executionId="dc34ceae-05c3-4ab4-9b20-53ec9f562b59" testId="2e9771bc-ca39-4fdb-9f4a-f0dec70a298f" testName="ToDefaultValue_Passing_ushort_Returns_Cero" computerName="PC-SFERRARI" duration="00:00:00.0005181" startTime="2021-06-18T11:12:24.9192042+02:00" endTime="2021-06-18T11:12:24.9199234+02:00" testType="13cdc9d9-ddb5-4fa4-a97d-d965ccfc6d4b" outcome="Passed" testListId="8c84fa94-04c1-424b-9868-57a2d4851a1d" relativeResultsDirectory="dc34ceae-05c3-4ab4-9b20-53ec9f562b59" />
    <UnitTestResult executionId="79054726-de5c-403a-95c4-7dd2ebb4b7ff" testId="affbe034-807b-491b-a0b4-eb302ee38aa3" testName="ToInt_Passing_InvalidValueString_Returns_DefaultValue (1,3333)" computerName="PC-SFERRARI" duration="00:00:00.0000071" startTime="2021-06-18T11:12:25.6454041+02:00" endTime="2021-06-18T11:12:25.6454943+02:00" testType="13cdc9d9-ddb5-4fa4-a97d-d965ccfc6d4b" outcome="Passed" testListId="8c84fa94-04c1-424b-9868-57a2d4851a1d" relativeResultsDirectory="79054726-de5c-403a-95c4-7dd2ebb4b7ff" />
    <UnitTestResult executionId="d78b0f2b-b559-49cb-8cc5-78c5c4611126" testId="6cc2fe44-c6f6-479a-9287-0d51ca953467" testName="ToUri_Passing_ValidValueString_Returns_Uri (http://userid:password@example.com)" computerName="PC-SFERRARI" duration="00:00:00.0000148" startTime="2021-06-18T11:12:25.5925724+02:00" endTime="2021-06-18T11:12:25.5927493+02:00" testType="13cdc9d9-ddb5-4fa4-a97d-d965ccfc6d4b" outcome="Passed" testListId="8c84fa94-04c1-424b-9868-57a2d4851a1d" relativeResultsDirectory="d78b0f2b-b559-49cb-8cc5-78c5c4611126" />
    <UnitTestResult executionId="c947ec5b-5f4f-4779-b6aa-4a32cace825f" testId="419afd56-f25d-4bd8-a6f8-598287550e81" testName="ToUri_Passing_ValidValueString_Returns_Uri (http://-.~_!$&amp;'()*+,;=:%40:80%2f::::::@example.com)" computerName="PC-SFERRARI" duration="00:00:00.0000154" startTime="2021-06-18T11:12:25.6065957+02:00" endTime="2021-06-18T11:12:25.6067782+02:00" testType="13cdc9d9-ddb5-4fa4-a97d-d965ccfc6d4b" outcome="Passed" testListId="8c84fa94-04c1-424b-9868-57a2d4851a1d" relativeResultsDirectory="c947ec5b-5f4f-4779-b6aa-4a32cace825f" />
    <UnitTestResult executionId="52ebd3fa-a283-45f6-95e1-ffd778a94190" testId="6db63332-c279-4a1f-8d89-7698cbc36a78" testName="ToContentType_Passing_ValidValueString_Returns_ContentType (xxxx.jpeg,image/jpeg)" computerName="PC-SFERRARI" duration="00:00:00.0000519" startTime="2021-06-18T11:12:25.6540185+02:00" endTime="2021-06-18T11:12:25.6542191+02:00" testType="13cdc9d9-ddb5-4fa4-a97d-d965ccfc6d4b" outcome="Passed" testListId="8c84fa94-04c1-424b-9868-57a2d4851a1d" relativeResultsDirectory="52ebd3fa-a283-45f6-95e1-ffd778a94190" />
    <UnitTestResult executionId="5d1a86fe-3386-42f6-a99a-dbb694123a17" testId="710cc6f3-5ea7-45fb-b323-21ff0aa22109" testName="ToGetAll_Passing_Claims_Returns_Claim_Value_String_List" computerName="PC-SFERRARI" duration="00:00:00.0043128" startTime="2021-06-18T11:12:24.8144471+02:00" endTime="2021-06-18T11:12:24.8188702+02:00" testType="13cdc9d9-ddb5-4fa4-a97d-d965ccfc6d4b" outcome="Passed" testListId="8c84fa94-04c1-424b-9868-57a2d4851a1d" relativeResultsDirectory="5d1a86fe-3386-42f6-a99a-dbb694123a17" />
    <UnitTestResult executionId="1de7b826-922a-41c5-8b4e-9d259b281f3b" testId="263155ce-26ac-455b-9972-2b07e0853291" testName="IsEspecialChars_Passing_ValidArguments_Returns_HasErrorsAndCount" computerName="PC-SFERRARI" duration="00:00:00.0001149" startTime="2021-06-18T11:12:25.7725031+02:00" endTime="2021-06-18T11:12:25.7726763+02:00" testType="13cdc9d9-ddb5-4fa4-a97d-d965ccfc6d4b" outcome="Passed" testListId="8c84fa94-04c1-424b-9868-57a2d4851a1d" relativeResultsDirectory="1de7b826-922a-41c5-8b4e-9d259b281f3b" />
    <UnitTestResult executionId="f3f5d041-07f0-46b7-8bc7-fcedeb8dc78e" testId="041a9735-096f-4419-8d37-d2e3b1a01b37" testName="ToMessage_Passing_ExceptionWithMessage_Returns_Message" computerName="PC-SFERRARI" duration="00:00:00.0007228" startTime="2021-06-18T11:12:24.9041403+02:00" endTime="2021-06-18T11:12:24.9051762+02:00" testType="13cdc9d9-ddb5-4fa4-a97d-d965ccfc6d4b" outcome="Passed" testListId="8c84fa94-04c1-424b-9868-57a2d4851a1d" relativeResultsDirectory="f3f5d041-07f0-46b7-8bc7-fcedeb8dc78e" />
    <UnitTestResult executionId="a08a8de4-23bf-4596-9a04-b5786a5bd9ad" testId="2a7ba57f-aab5-4b77-8726-9696fe65d60d" testName="ToService_Passing_Service_Not_Found_Returns_Null" computerName="PC-SFERRARI" duration="00:00:00.0003766" startTime="2021-06-18T11:12:24.5047821+02:00" endTime="2021-06-18T11:12:24.5052679+02:00" testType="13cdc9d9-ddb5-4fa4-a97d-d965ccfc6d4b" outcome="Passed" testListId="8c84fa94-04c1-424b-9868-57a2d4851a1d" relativeResultsDirectory="a08a8de4-23bf-4596-9a04-b5786a5bd9ad" />
    <UnitTestResult executionId="ca8ae3d9-1411-493c-abc8-d1089d990428" testId="ff531209-fd31-4ccf-8711-eb8ed16b190c" testName="ToValues_Passing_ValidEnumType_Returns_ValuesListString" computerName="PC-SFERRARI" duration="00:00:00.0042339" startTime="2021-06-18T11:12:25.7803749+02:00" endTime="2021-06-18T11:12:25.7853003+02:00" testType="13cdc9d9-ddb5-4fa4-a97d-d965ccfc6d4b" outcome="Passed" testListId="8c84fa94-04c1-424b-9868-57a2d4851a1d" relativeResultsDirectory="ca8ae3d9-1411-493c-abc8-d1089d990428" />
    <UnitTestResult executionId="e80992bc-5d8d-4ebf-9792-24749aba27a3" testId="6eb589f5-8020-460d-b758-ddd44e5c7c14" testName="ToEmailMaskUserNameAndDomain_Passing_ValidEmail_Returns_EmailWithMask (qazwsx@gmail.com,q****x@g***l.com)" computerName="PC-SFERRARI" duration="00:00:00.0000369" startTime="2021-06-18T11:12:25.5457909+02:00" endTime="2021-06-18T11:12:25.5461443+02:00" testType="13cdc9d9-ddb5-4fa4-a97d-d965ccfc6d4b" outcome="Passed" testListId="8c84fa94-04c1-424b-9868-57a2d4851a1d" relativeResultsDirectory="e80992bc-5d8d-4ebf-9792-24749aba27a3" />
    <UnitTestResult executionId="8256343e-4dd6-4222-8f5d-4fb9ea680388" testId="d74fece6-daef-4e09-b4a2-aa8b74dfe2c1" testName="ResultDataBadRequest_WithErrors_Value" computerName="PC-SFERRARI" duration="00:00:00.0006472" startTime="2021-06-18T11:12:25.9183986+02:00" endTime="2021-06-18T11:12:25.9192016+02:00" testType="13cdc9d9-ddb5-4fa4-a97d-d965ccfc6d4b" outcome="Passed" testListId="8c84fa94-04c1-424b-9868-57a2d4851a1d" relativeResultsDirectory="8256343e-4dd6-4222-8f5d-4fb9ea680388" />
    <UnitTestResult executionId="6776b6c1-2961-4013-8d48-76f81901bf2d" testId="1c6b9033-2aac-4d25-97b6-da8d0e14fdf1" testName="ToRandom_Passing_ValidValueString_Returns_String" computerName="PC-SFERRARI" duration="00:00:00.0058370" startTime="2021-06-18T11:12:25.6971291+02:00" endTime="2021-06-18T11:12:25.7031713+02:00" testType="13cdc9d9-ddb5-4fa4-a97d-d965ccfc6d4b" outcome="Passed" testListId="8c84fa94-04c1-424b-9868-57a2d4851a1d" relativeResultsDirectory="6776b6c1-2961-4013-8d48-76f81901bf2d" />
    <UnitTestResult executionId="bacd630b-01a5-4e07-8219-35f1627236fe" testId="8e2e0d77-8ab4-4cfb-9e84-fbec6147041a" testName="ToEnvironment_Passing_Production_Enviroment_Returns_Production_Name" computerName="PC-SFERRARI" duration="00:00:00.0017376" startTime="2021-06-18T11:12:24.4927691+02:00" endTime="2021-06-18T11:12:24.4947369+02:00" testType="13cdc9d9-ddb5-4fa4-a97d-d965ccfc6d4b" outcome="Passed" testListId="8c84fa94-04c1-424b-9868-57a2d4851a1d" relativeResultsDirectory="bacd630b-01a5-4e07-8219-35f1627236fe" />
    <UnitTestResult executionId="dff95d4a-35b0-431b-ae7e-c0cdaac6f475" testId="ee6a373e-e55a-4478-9799-92cfcdf52d47" testName="ToUri_Passing_ValidValueString_Returns_Uri (https://foo.com/blah_blah?p=5)" computerName="PC-SFERRARI" duration="00:00:00.0000149" startTime="2021-06-18T11:12:25.5781863+02:00" endTime="2021-06-18T11:12:25.5783769+02:00" testType="13cdc9d9-ddb5-4fa4-a97d-d965ccfc6d4b" outcome="Passed" testListId="8c84fa94-04c1-424b-9868-57a2d4851a1d" relativeResultsDirectory="dff95d4a-35b0-431b-ae7e-c0cdaac6f475" />
    <UnitTestResult executionId="bc4c87ec-b143-4dd2-bf6f-80fbb075e071" testId="0ca67389-0c58-411d-b8bf-04d0662fd988" testName="ToReplace_Passing_ValidValue_Returns_ReplacedValue (aeiou,*,2,2,ae**u)" computerName="PC-SFERRARI" duration="00:00:00.0000103" startTime="2021-06-18T11:12:25.4597135+02:00" endTime="2021-06-18T11:12:25.4598375+02:00" testType="13cdc9d9-ddb5-4fa4-a97d-d965ccfc6d4b" outcome="Passed" testListId="8c84fa94-04c1-424b-9868-57a2d4851a1d" relativeResultsDirectory="bc4c87ec-b143-4dd2-bf6f-80fbb075e071" />
    <UnitTestResult executionId="357cf3fa-bf7f-4b34-b8e0-369924610c5e" testId="7a85ab8c-aa0c-487c-8185-dcd6a7c4b281" testName="ToDirectoryReadFileAsync_Passing_ValidValue_Returns_False" computerName="PC-SFERRARI" duration="00:00:00.0126064" startTime="2021-06-18T11:12:25.6779060+02:00" endTime="2021-06-18T11:12:25.6906763+02:00" testType="13cdc9d9-ddb5-4fa4-a97d-d965ccfc6d4b" outcome="Passed" testListId="8c84fa94-04c1-424b-9868-57a2d4851a1d" relativeResultsDirectory="357cf3fa-bf7f-4b34-b8e0-369924610c5e" />
    <UnitTestResult executionId="a34fdca0-4487-4401-9010-305ccee5d945" testId="8c2ac40f-0ce4-4ff0-8b7f-98ae68f3e78f" testName="ToReplace_Passing_ValidValue_Returns_ReplacedValue (aeiou,*,0,1,*eiou)" computerName="PC-SFERRARI" duration="00:00:00.0010700" startTime="2021-06-18T11:12:25.4544241+02:00" endTime="2021-06-18T11:12:25.4555754+02:00" testType="13cdc9d9-ddb5-4fa4-a97d-d965ccfc6d4b" outcome="Passed" testListId="8c84fa94-04c1-424b-9868-57a2d4851a1d" relativeResultsDirectory="a34fdca0-4487-4401-9010-305ccee5d945" />
    <UnitTestResult executionId="db4258de-8a05-47a3-9ba1-af4f41503266" testId="e3b07ccf-c34e-4bc8-a500-f8a9567a88f2" testName="ToEmailMask_Passing_ValidEmail_Returns_EmailWithMask (qazwsxedc@gmailgmail.com,q-------c@g---------.com)" computerName="PC-SFERRARI" duration="00:00:00.0000361" startTime="2021-06-18T11:12:25.5716658+02:00" endTime="2021-06-18T11:12:25.5718378+02:00" testType="13cdc9d9-ddb5-4fa4-a97d-d965ccfc6d4b" outcome="Passed" testListId="8c84fa94-04c1-424b-9868-57a2d4851a1d" relativeResultsDirectory="db4258de-8a05-47a3-9ba1-af4f41503266" />
    <UnitTestResult executionId="b8c8bda4-f160-4b62-bd7e-e4fc6c040ca2" testId="b900bb9f-e5f4-4df3-a1ba-50acf955719a" testName="ToDefaultValue_Passing_ValidStruct_Returns_DefaultValue" computerName="PC-SFERRARI" duration="00:00:00.0003231" startTime="2021-06-18T11:12:25.7049478+02:00" endTime="2021-06-18T11:12:25.7054851+02:00" testType="13cdc9d9-ddb5-4fa4-a97d-d965ccfc6d4b" outcome="Passed" testListId="8c84fa94-04c1-424b-9868-57a2d4851a1d" relativeResultsDirectory="b8c8bda4-f160-4b62-bd7e-e4fc6c040ca2" />
    <UnitTestResult executionId="f9da3082-0c30-4144-ac7f-e33d1a33ebff" testId="43fc477e-f343-43d7-a145-5ef2d388ae0b" testName="ToUri_Passing_ValidValueString_Returns_Uri (http://foo.bar/?q=Test%20URL-encoded%20stuff)" computerName="PC-SFERRARI" duration="00:00:00.0000579" startTime="2021-06-18T11:12:25.5989282+02:00" endTime="2021-06-18T11:12:25.5991385+02:00" testType="13cdc9d9-ddb5-4fa4-a97d-d965ccfc6d4b" outcome="Passed" testListId="8c84fa94-04c1-424b-9868-57a2d4851a1d" relativeResultsDirectory="f9da3082-0c30-4144-ac7f-e33d1a33ebff" />
    <UnitTestResult executionId="fe3fbfcc-70eb-476c-b615-9ba948156a96" testId="b2be496f-becd-421f-95a4-3601b0df4940" testName="ToAttribute_Passing_Enumeration_Name_Returns_Atributte" computerName="PC-SFERRARI" duration="00:00:00.0013895" startTime="2021-06-18T11:12:24.9024515+02:00" endTime="2021-06-18T11:12:24.9040549+02:00" testType="13cdc9d9-ddb5-4fa4-a97d-d965ccfc6d4b" outcome="Passed" testListId="8c84fa94-04c1-424b-9868-57a2d4851a1d" relativeResultsDirectory="fe3fbfcc-70eb-476c-b615-9ba948156a96" />
    <UnitTestResult executionId="d78ad586-d083-4ffd-9623-b1b8a0eb3bbb" testId="0e1b150a-8fdb-48b2-97a8-3ab97a91aa4d" testName="ToUri_Passing_ValidValueString_Returns_Uri (http://142.42.1.1:8080/)" computerName="PC-SFERRARI" duration="00:00:00.0000071" startTime="2021-06-18T11:12:25.5932317+02:00" endTime="2021-06-18T11:12:25.5933407+02:00" testType="13cdc9d9-ddb5-4fa4-a97d-d965ccfc6d4b" outcome="Passed" testListId="8c84fa94-04c1-424b-9868-57a2d4851a1d" relativeResultsDirectory="d78ad586-d083-4ffd-9623-b1b8a0eb3bbb" />
    <UnitTestResult executionId="7e5584c7-7b5b-4f82-b00a-b954c5fddb5b" testId="687c9f72-df58-47f2-bd03-e97aed806061" testName="ToService_Passing_NotFound_Service_Returns_Null" computerName="PC-SFERRARI" duration="00:00:00.0000995" startTime="2021-06-18T11:12:25.3540084+02:00" endTime="2021-06-18T11:12:25.3541922+02:00" testType="13cdc9d9-ddb5-4fa4-a97d-d965ccfc6d4b" outcome="Passed" testListId="8c84fa94-04c1-424b-9868-57a2d4851a1d" relativeResultsDirectory="7e5584c7-7b5b-4f82-b00a-b954c5fddb5b" />
    <UnitTestResult executionId="b982646c-eab1-49ff-beda-387ab10de9e0" testId="e65d0496-c862-45aa-911a-3c6d3268df2a" testName="ToUri_Passing_ValidValueString_Returns_Uri (https://www.example.com/foo/?bar=baz&amp;inga=42&amp;quux)" computerName="PC-SFERRARI" duration="00:00:00.0000169" startTime="2021-06-18T11:12:25.5847981+02:00" endTime="2021-06-18T11:12:25.5857427+02:00" testType="13cdc9d9-ddb5-4fa4-a97d-d965ccfc6d4b" outcome="Passed" testListId="8c84fa94-04c1-424b-9868-57a2d4851a1d" relativeResultsDirectory="b982646c-eab1-49ff-beda-387ab10de9e0" />
    <UnitTestResult executionId="65b3e604-dd63-4305-a967-53af7c3edd27" testId="4c4093cb-0bb4-4683-95db-281b84eb5ee9" testName="ToEmailMaskUserName_Passing_ValidEmail_Returns_EmailWithMask (qaz@gmailgmail.com,q*z@gmailgmail.com)" computerName="PC-SFERRARI" duration="00:00:00.0000316" startTime="2021-06-18T11:12:25.5431214+02:00" endTime="2021-06-18T11:12:25.5432024+02:00" testType="13cdc9d9-ddb5-4fa4-a97d-d965ccfc6d4b" outcome="Passed" testListId="8c84fa94-04c1-424b-9868-57a2d4851a1d" relativeResultsDirectory="65b3e604-dd63-4305-a967-53af7c3edd27" />
    <UnitTestResult executionId="f109cb16-c1fe-46c3-846e-5cb9f0e8a479" testId="8a453d81-2229-4214-bb7d-c8d35d76c505" testName="ToEmailMask_Passing_ValidEmail_Returns_EmailWithMask (qaz@gmailgmail.com,q-z@g---------.com)" computerName="PC-SFERRARI" duration="00:00:00.0000338" startTime="2021-06-18T11:12:25.5648203+02:00" endTime="2021-06-18T11:12:25.5649448+02:00" testType="13cdc9d9-ddb5-4fa4-a97d-d965ccfc6d4b" outcome="Passed" testListId="8c84fa94-04c1-424b-9868-57a2d4851a1d" relativeResultsDirectory="f109cb16-c1fe-46c3-846e-5cb9f0e8a479" />
    <UnitTestResult executionId="f138e55a-ce8b-46c5-9313-e83a668310bd" testId="af3e436d-1957-439f-a76d-e412407910a3" testName="ToEnvironment_ServiceCollection_Passing_Production_Enviroment_Returns_Production_Name" computerName="PC-SFERRARI" duration="00:00:00.0005840" startTime="2021-06-18T11:12:25.3467744+02:00" endTime="2021-06-18T11:12:25.3474329+02:00" testType="13cdc9d9-ddb5-4fa4-a97d-d965ccfc6d4b" outcome="Passed" testListId="8c84fa94-04c1-424b-9868-57a2d4851a1d" relativeResultsDirectory="f138e55a-ce8b-46c5-9313-e83a668310bd" />
    <UnitTestResult executionId="1ec8f94a-6e60-48c3-a77a-9ec7775b4d5f" testId="a445046b-72b3-4c3c-b58f-7f10f077a7a8" testName="ToCompress_Passing_Object_Bytes_Returns_Object" computerName="PC-SFERRARI" duration="00:00:00.0087027" startTime="2021-06-18T11:12:24.5514864+02:00" endTime="2021-06-18T11:12:24.5603585+02:00" testType="13cdc9d9-ddb5-4fa4-a97d-d965ccfc6d4b" outcome="Passed" testListId="8c84fa94-04c1-424b-9868-57a2d4851a1d" relativeResultsDirectory="1ec8f94a-6e60-48c3-a77a-9ec7775b4d5f" />
    <UnitTestResult executionId="ac4496ad-577b-4b74-acc4-d825a54aa1ed" testId="34befd1e-0266-47e6-b1c8-16f63c930f7d" testName="ToRemove_Passing_ValidValue_Returns_ValueWithoutRemovedChars (aeiou,e,aiou)" computerName="PC-SFERRARI" duration="00:00:00.0000441" startTime="2021-06-18T11:12:25.4540535+02:00" endTime="2021-06-18T11:12:25.4541749+02:00" testType="13cdc9d9-ddb5-4fa4-a97d-d965ccfc6d4b" outcome="Passed" testListId="8c84fa94-04c1-424b-9868-57a2d4851a1d" relativeResultsDirectory="ac4496ad-577b-4b74-acc4-d825a54aa1ed" />
    <UnitTestResult executionId="a427cbda-81fa-4e16-9ad7-3b3e982f66bf" testId="27d775ce-c9c6-4bfb-86b8-0d4e2e6faa1d" testName="ToUri_Passing_InvalidValueString_Returns_Null (http://#)" computerName="PC-SFERRARI" duration="00:00:00.0000097" startTime="2021-06-18T11:12:25.6153491+02:00" endTime="2021-06-18T11:12:25.6154574+02:00" testType="13cdc9d9-ddb5-4fa4-a97d-d965ccfc6d4b" outcome="Passed" testListId="8c84fa94-04c1-424b-9868-57a2d4851a1d" relativeResultsDirectory="a427cbda-81fa-4e16-9ad7-3b3e982f66bf" />
    <UnitTestResult executionId="8c5728f5-40bc-4d50-9d00-c881fa5fc0e5" testId="caf9b5dd-6e55-4b3d-94a9-4d281b4a0097" testName="ToAge_Passing_Birthday_DateTime_Returns_Age" computerName="PC-SFERRARI" duration="00:00:00.0005007" startTime="2021-06-18T11:12:24.8691275+02:00" endTime="2021-06-18T11:12:24.8698131+02:00" testType="13cdc9d9-ddb5-4fa4-a97d-d965ccfc6d4b" outcome="Passed" testListId="8c84fa94-04c1-424b-9868-57a2d4851a1d" relativeResultsDirectory="8c5728f5-40bc-4d50-9d00-c881fa5fc0e5" />
    <UnitTestResult executionId="161b0f4f-2a18-4c39-b9ce-225893656e32" testId="7123b9ec-06c0-4bf9-aa9a-c0976722b093" testName="ToNormalize_Passing_ValidValue_Returns_NormalizedValue (héllo,hello)" computerName="PC-SFERRARI" duration="00:00:00.0000317" startTime="2021-06-18T11:12:25.5058248+02:00" endTime="2021-06-18T11:12:25.5059351+02:00" testType="13cdc9d9-ddb5-4fa4-a97d-d965ccfc6d4b" outcome="Passed" testListId="8c84fa94-04c1-424b-9868-57a2d4851a1d" relativeResultsDirectory="161b0f4f-2a18-4c39-b9ce-225893656e32" />
    <UnitTestResult executionId="5c830ab5-7d1d-4cf5-aee5-0efcbdd023b9" testId="8fb8279a-d240-409b-8329-1f81862c935a" testName="ToIsNullOrEmpty_Passing_InvalidValue_Returns_True" computerName="PC-SFERRARI" duration="00:00:00.0011417" startTime="2021-06-18T11:12:24.5604827+02:00" endTime="2021-06-18T11:12:24.5620552+02:00" testType="13cdc9d9-ddb5-4fa4-a97d-d965ccfc6d4b" outcome="Passed" testListId="8c84fa94-04c1-424b-9868-57a2d4851a1d" relativeResultsDirectory="5c830ab5-7d1d-4cf5-aee5-0efcbdd023b9" />
    <UnitTestResult executionId="d9be8cee-77d1-40dc-8357-e282a2f21649" testId="6d8e4de4-a8e7-4920-9c7d-71d6f7ed6445" testName="ToEmailMaskUserNameAndDomain_Passing_ValidEmail_Returns_EmailWithMask (qazwsx@gmailgmail.com,q****x@g********l.com)" computerName="PC-SFERRARI" duration="00:00:00.0000576" startTime="2021-06-18T11:12:25.5471923+02:00" endTime="2021-06-18T11:12:25.5474367+02:00" testType="13cdc9d9-ddb5-4fa4-a97d-d965ccfc6d4b" outcome="Passed" testListId="8c84fa94-04c1-424b-9868-57a2d4851a1d" relativeResultsDirectory="d9be8cee-77d1-40dc-8357-e282a2f21649" />
    <UnitTestResult executionId="cbff5a97-26b9-403b-8283-3edc42734877" testId="1d83f798-8120-4599-b69c-6fe50f8d4459" testName="ToPath_Passing_HttpRequest_Scheme_Host_Path_Returns_Url" computerName="PC-SFERRARI" duration="00:00:00.0028153" startTime="2021-06-18T11:12:25.0425472+02:00" endTime="2021-06-18T11:12:25.0454882+02:00" testType="13cdc9d9-ddb5-4fa4-a97d-d965ccfc6d4b" outcome="Passed" testListId="8c84fa94-04c1-424b-9868-57a2d4851a1d" relativeResultsDirectory="cbff5a97-26b9-403b-8283-3edc42734877" />
    <UnitTestResult executionId="2e517a78-9669-4c6c-b220-b7e6f1fa76ac" testId="1f71d015-4aec-4f45-a75f-aa46a10af901" testName="ToUri_Passing_ValidValueString_Returns_Uri (http://223.255.255.254)" computerName="PC-SFERRARI" duration="00:00:00.0000069" startTime="2021-06-18T11:12:25.6072625+02:00" endTime="2021-06-18T11:12:25.6073724+02:00" testType="13cdc9d9-ddb5-4fa4-a97d-d965ccfc6d4b" outcome="Passed" testListId="8c84fa94-04c1-424b-9868-57a2d4851a1d" relativeResultsDirectory="2e517a78-9669-4c6c-b220-b7e6f1fa76ac" />
    <UnitTestResult executionId="b244c485-01dc-4e7b-8d51-2cfe98a4e44c" testId="6cdd24ba-f456-4fde-a564-12a2977e1634" testName="CreateAndVerifySHA512_Passing_Valid_Arguments_Returns_True (Password)" computerName="PC-SFERRARI" duration="00:00:00.0005037" startTime="2021-06-18T11:12:25.8349017+02:00" endTime="2021-06-18T11:12:25.8355003+02:00" testType="13cdc9d9-ddb5-4fa4-a97d-d965ccfc6d4b" outcome="Passed" testListId="8c84fa94-04c1-424b-9868-57a2d4851a1d" relativeResultsDirectory="b244c485-01dc-4e7b-8d51-2cfe98a4e44c" />
    <UnitTestResult executionId="fbeb2389-6dc1-4f3d-843f-39ec1d769872" testId="faf72255-9f2e-448f-a48f-7583464038dc" testName="ToDisplay_Passing_Enumeration_Name_Returns_Display_Atributte" computerName="PC-SFERRARI" duration="00:00:00.0046302" startTime="2021-06-18T11:12:24.8975657+02:00" endTime="2021-06-18T11:12:24.9023543+02:00" testType="13cdc9d9-ddb5-4fa4-a97d-d965ccfc6d4b" outcome="Passed" testListId="8c84fa94-04c1-424b-9868-57a2d4851a1d" relativeResultsDirectory="fbeb2389-6dc1-4f3d-843f-39ec1d769872" />
    <UnitTestResult executionId="d50039c8-6dd2-4586-92c6-f5f5c8ad711b" testId="3e37b725-101b-4c58-8752-5d0166559ffb" testName="IsEspecialChars_Passing_InvalidArguments_Returns_HasErrorsAndCount" computerName="PC-SFERRARI" duration="00:00:00.0004975" startTime="2021-06-18T11:12:25.7719093+02:00" endTime="2021-06-18T11:12:25.7724725+02:00" testType="13cdc9d9-ddb5-4fa4-a97d-d965ccfc6d4b" outcome="Passed" testListId="8c84fa94-04c1-424b-9868-57a2d4851a1d" relativeResultsDirectory="d50039c8-6dd2-4586-92c6-f5f5c8ad711b" />
    <UnitTestResult executionId="809b0159-33e7-462a-b37e-3773ac54b737" testId="cdf43249-2cf8-4469-acd8-04ead0d15b8f" testName="ToEmailMaskUserNameAndDomainAndExtension_Passing_ValidEmail_Returns_EmailWithMask (qazwsxedc@gmail.com,q*******c@g***l.c*m)" computerName="PC-SFERRARI" duration="00:00:00.0001751" startTime="2021-06-18T11:12:25.5580785+02:00" endTime="2021-06-18T11:12:25.5584679+02:00" testType="13cdc9d9-ddb5-4fa4-a97d-d965ccfc6d4b" outcome="Passed" testListId="8c84fa94-04c1-424b-9868-57a2d4851a1d" relativeResultsDirectory="809b0159-33e7-462a-b37e-3773ac54b737" />
    <UnitTestResult executionId="2e1342b0-4c91-4fc7-9c6d-7fe58b7cd522" testId="8a8942b6-9f2e-4bad-8af4-826ab0fc8d13" testName="ToFirstLetterLower_Passing_ValidValue_Returns_StringWithFirstLetterLower (aeioU,aeioU)" computerName="PC-SFERRARI" duration="00:00:00.0000105" startTime="2021-06-18T11:12:25.5403482+02:00" endTime="2021-06-18T11:12:25.5404316+02:00" testType="13cdc9d9-ddb5-4fa4-a97d-d965ccfc6d4b" outcome="Passed" testListId="8c84fa94-04c1-424b-9868-57a2d4851a1d" relativeResultsDirectory="2e1342b0-4c91-4fc7-9c6d-7fe58b7cd522" />
    <UnitTestResult executionId="187fdff3-def5-4fec-b0c7-e12b023eb39f" testId="08cfae65-8d99-4530-bfd6-f024dfdcef48" testName="ToUri_Passing_ValidValueString_Returns_Uri (//foo.com/blah_blah)" computerName="PC-SFERRARI" duration="00:00:00.0000093" startTime="2021-06-18T11:12:25.5786484+02:00" endTime="2021-06-18T11:12:25.5787905+02:00" testType="13cdc9d9-ddb5-4fa4-a97d-d965ccfc6d4b" outcome="Passed" testListId="8c84fa94-04c1-424b-9868-57a2d4851a1d" relativeResultsDirectory="187fdff3-def5-4fec-b0c7-e12b023eb39f" />
    <UnitTestResult executionId="2ded67b2-bea2-41ce-a031-4a550f82c090" testId="ac0fa597-36b6-4740-a394-c188010f4f67" testName="ToPaged_Passing_Name_Descending_Order_Returns_Filter_List" computerName="PC-SFERRARI" duration="00:00:00.0004048" startTime="2021-06-18T11:12:25.3452449+02:00" endTime="2021-06-18T11:12:25.3457362+02:00" testType="13cdc9d9-ddb5-4fa4-a97d-d965ccfc6d4b" outcome="Passed" testListId="8c84fa94-04c1-424b-9868-57a2d4851a1d" relativeResultsDirectory="2ded67b2-bea2-41ce-a031-4a550f82c090" />
    <UnitTestResult executionId="55c81d61-4755-4714-8dca-0cb4993a5155" testId="8ca4dc3f-b451-45ee-bd8e-1faa042bba4c" testName="ToIsAuthenticated_Passing_Claims_Returns_False" computerName="PC-SFERRARI" duration="00:00:00.0016573" startTime="2021-06-18T11:12:24.6880845+02:00" endTime="2021-06-18T11:12:24.6899648+02:00" testType="13cdc9d9-ddb5-4fa4-a97d-d965ccfc6d4b" outcome="Passed" testListId="8c84fa94-04c1-424b-9868-57a2d4851a1d" relativeResultsDirectory="55c81d61-4755-4714-8dca-0cb4993a5155" />
    <UnitTestResult executionId="d0b8e383-cfac-4cc9-a5ea-0aed79a91c89" testId="435d8618-8d72-4b1e-8aa1-056ca09bc11e" testName="ToEmailMask_Passing_ValidEmail_Returns_EmailWithMask (qazwsx@gmailgmail.com,q----x@g---------.com)" computerName="PC-SFERRARI" duration="00:00:00.0000305" startTime="2021-06-18T11:12:25.5650136+02:00" endTime="2021-06-18T11:12:25.5651386+02:00" testType="13cdc9d9-ddb5-4fa4-a97d-d965ccfc6d4b" outcome="Passed" testListId="8c84fa94-04c1-424b-9868-57a2d4851a1d" relativeResultsDirectory="d0b8e383-cfac-4cc9-a5ea-0aed79a91c89" />
    <UnitTestResult executionId="11d61e80-a3ba-44b3-9bb2-16712750fc0f" testId="992931e3-d0dd-4e64-8504-21dcb6bd7079" testName="ToGet_Passing_Claims_Returns_Claim_Value_Object" computerName="PC-SFERRARI" duration="00:00:00.0401337" startTime="2021-06-18T11:12:24.7740949+02:00" endTime="2021-06-18T11:12:24.8143873+02:00" testType="13cdc9d9-ddb5-4fa4-a97d-d965ccfc6d4b" outcome="Passed" testListId="8c84fa94-04c1-424b-9868-57a2d4851a1d" relativeResultsDirectory="11d61e80-a3ba-44b3-9bb2-16712750fc0f" />
    <UnitTestResult executionId="549f8a5a-3f70-4228-ad15-eb95f03053fc" testId="1c197cf0-af91-4d46-8a2d-027e7e7726e1" testName="ToUri_Passing_ValidValueString_Returns_Uri (//foo.com/blah_blah/p=5)" computerName="PC-SFERRARI" duration="00:00:00.0000061" startTime="2021-06-18T11:12:25.5791681+02:00" endTime="2021-06-18T11:12:25.5792775+02:00" testType="13cdc9d9-ddb5-4fa4-a97d-d965ccfc6d4b" outcome="Passed" testListId="8c84fa94-04c1-424b-9868-57a2d4851a1d" relativeResultsDirectory="549f8a5a-3f70-4228-ad15-eb95f03053fc" />
    <UnitTestResult executionId="a8aa436a-e9d2-4d0a-a82f-a0b8c8d815eb" testId="e74b4420-5eb1-4414-8cc4-c8163c9b98d1" testName="IsLess_Passing_InvalidArguments_Returns_HasErrorsAndCount" computerName="PC-SFERRARI" duration="00:00:00.0066541" startTime="2021-06-18T11:12:25.7304619+02:00" endTime="2021-06-18T11:12:25.7372626+02:00" testType="13cdc9d9-ddb5-4fa4-a97d-d965ccfc6d4b" outcome="Passed" testListId="8c84fa94-04c1-424b-9868-57a2d4851a1d" relativeResultsDirectory="a8aa436a-e9d2-4d0a-a82f-a0b8c8d815eb" />
    <UnitTestResult executionId="6e842d34-db80-4f9b-885b-e0f529a46e84" testId="b1f17e9c-d1f0-447e-881e-a244dfb96840" testName="ToNormalize_Passing_ValidValue_Returns_NormalizedValue (ìíïî,iiii)" computerName="PC-SFERRARI" duration="00:00:00.0000227" startTime="2021-06-18T11:12:25.5034021+02:00" endTime="2021-06-18T11:12:25.5034783+02:00" testType="13cdc9d9-ddb5-4fa4-a97d-d965ccfc6d4b" outcome="Passed" testListId="8c84fa94-04c1-424b-9868-57a2d4851a1d" relativeResultsDirectory="6e842d34-db80-4f9b-885b-e0f529a46e84" />
    <UnitTestResult executionId="8340cf0c-3cfe-4bf1-92bf-a4f8c6f44c3d" testId="162cf3e2-72ce-4916-9b64-9a90ba3073eb" testName="ToPaged_Passing_Age_Ascending_Order_Returns_Filter_List" computerName="PC-SFERRARI" duration="00:00:00.0060052" startTime="2021-06-18T11:12:25.3284229+02:00" endTime="2021-06-18T11:12:25.3345742+02:00" testType="13cdc9d9-ddb5-4fa4-a97d-d965ccfc6d4b" outcome="Passed" testListId="8c84fa94-04c1-424b-9868-57a2d4851a1d" relativeResultsDirectory="8340cf0c-3cfe-4bf1-92bf-a4f8c6f44c3d" />
    <UnitTestResult executionId="8a435e76-e444-42b3-ac6f-0c5a76ca0277" testId="ac0cc9c7-9a72-4a32-8493-e73ad2abbf54" testName="IsRegexMatch_Passing_InvalidArguments_Returns_HasErrorsAndCount" computerName="PC-SFERRARI" duration="00:00:00.0001794" startTime="2021-06-18T11:12:25.7392948+02:00" endTime="2021-06-18T11:12:25.7395648+02:00" testType="13cdc9d9-ddb5-4fa4-a97d-d965ccfc6d4b" outcome="Passed" testListId="8c84fa94-04c1-424b-9868-57a2d4851a1d" relativeResultsDirectory="8a435e76-e444-42b3-ac6f-0c5a76ca0277" />
    <UnitTestResult executionId="91d774b5-843d-451d-895d-118e60536f29" testId="c45fbbd7-9183-48e8-b67f-b5956a8c07a7" testName="ToNormalize_Passing_ValidValue_Returns_NormalizedValue ( * ¨ ^ _ : - ? ¿ ; ,)" computerName="PC-SFERRARI" duration="00:00:00.0000431" startTime="2021-06-18T11:12:25.4987560+02:00" endTime="2021-06-18T11:12:25.4988883+02:00" testType="13cdc9d9-ddb5-4fa4-a97d-d965ccfc6d4b" outcome="Passed" testListId="8c84fa94-04c1-424b-9868-57a2d4851a1d" relativeResultsDirectory="91d774b5-843d-451d-895d-118e60536f29" />
    <UnitTestResult executionId="815c2c01-e65a-4147-8d26-a9f608526bae" testId="cf0af9de-e8b7-43f5-9731-8af1573a7539" testName="ToEmailMaskUserNameAndDomainAndExtension_Passing_ValidEmail_Returns_EmailWithMask (qazwsxedc@gmailgmail.com,q*******c@g********l.c*m)" computerName="PC-SFERRARI" duration="00:00:00.0000768" startTime="2021-06-18T11:12:25.5628913+02:00" endTime="2021-06-18T11:12:25.5635097+02:00" testType="13cdc9d9-ddb5-4fa4-a97d-d965ccfc6d4b" outcome="Passed" testListId="8c84fa94-04c1-424b-9868-57a2d4851a1d" relativeResultsDirectory="815c2c01-e65a-4147-8d26-a9f608526bae" />
    <UnitTestResult executionId="57ec526c-496b-4c74-ac9d-7273324e2ce4" testId="e8a2ecce-7f41-4828-ab7e-477a85852c8f" testName="IsGreater_Passing_InvalidArguments_Returns_HasErrorsAndCount" computerName="PC-SFERRARI" duration="00:00:00.0066359" startTime="2021-06-18T11:12:25.7236104+02:00" endTime="2021-06-18T11:12:25.7303869+02:00" testType="13cdc9d9-ddb5-4fa4-a97d-d965ccfc6d4b" outcome="Passed" testListId="8c84fa94-04c1-424b-9868-57a2d4851a1d" relativeResultsDirectory="57ec526c-496b-4c74-ac9d-7273324e2ce4" />
    <UnitTestResult executionId="da24cf89-0b9e-40e9-adf6-33ed1e895526" testId="9941f379-ac7b-4a31-8e0e-c1fd1d421087" testName="CreateRandom_WithCustomAllowableCharacters_Passing_Valid_Arguments_Returns_String_Random_Value (20,qazwscefbthmiklp09876543)" computerName="PC-SFERRARI" duration="00:00:00.0000132" startTime="2021-06-18T11:12:25.8088555+02:00" endTime="2021-06-18T11:12:25.8089301+02:00" testType="13cdc9d9-ddb5-4fa4-a97d-d965ccfc6d4b" outcome="Passed" testListId="8c84fa94-04c1-424b-9868-57a2d4851a1d" relativeResultsDirectory="da24cf89-0b9e-40e9-adf6-33ed1e895526" />
    <UnitTestResult executionId="8a79de9d-9da7-49a8-a0c3-90246e02220f" testId="81a1c238-5868-48c0-8dc7-4356dc9a7d4b" testName="ResultOK" computerName="PC-SFERRARI" duration="00:00:00.0031757" startTime="2021-06-18T11:12:25.8400548+02:00" endTime="2021-06-18T11:12:25.8435167+02:00" testType="13cdc9d9-ddb5-4fa4-a97d-d965ccfc6d4b" outcome="Passed" testListId="8c84fa94-04c1-424b-9868-57a2d4851a1d" relativeResultsDirectory="8a79de9d-9da7-49a8-a0c3-90246e02220f" />
    <UnitTestResult executionId="0102fd55-003d-4a3b-82f5-a50499c0fa98" testId="e84555f9-e38c-4f06-ae15-6f33ffeda614" testName="ToGet_Passing_Claims_Returns_Claim_Value_Int" computerName="PC-SFERRARI" duration="00:00:00.0093266" startTime="2021-06-18T11:12:24.7645097+02:00" endTime="2021-06-18T11:12:24.7740040+02:00" testType="13cdc9d9-ddb5-4fa4-a97d-d965ccfc6d4b" outcome="Passed" testListId="8c84fa94-04c1-424b-9868-57a2d4851a1d" relativeResultsDirectory="0102fd55-003d-4a3b-82f5-a50499c0fa98" />
    <UnitTestResult executionId="20e48da5-0061-41d6-9836-8738e317d621" testId="7b6b8f8a-5105-4358-8104-dbf2bd468170" testName="ToThrow_Passing_InvalidValue_Returns_ApplicationExceptionWithMessage" computerName="PC-SFERRARI" duration="00:00:00.0006864" startTime="2021-06-18T11:12:24.6092454+02:00" endTime="2021-06-18T11:12:24.6100898+02:00" testType="13cdc9d9-ddb5-4fa4-a97d-d965ccfc6d4b" outcome="Passed" testListId="8c84fa94-04c1-424b-9868-57a2d4851a1d" relativeResultsDirectory="20e48da5-0061-41d6-9836-8738e317d621" />
    <UnitTestResult executionId="348d98a7-96ff-4a03-a1c4-4703b2219654" testId="0c9c55b2-fe56-42d7-a018-f21b3085bb5e" testName="ResultBadRequest_WithErrors_Dictionary" computerName="PC-SFERRARI" duration="00:00:00.0022330" startTime="2021-06-18T11:12:25.9067917+02:00" endTime="2021-06-18T11:12:25.9092138+02:00" testType="13cdc9d9-ddb5-4fa4-a97d-d965ccfc6d4b" outcome="Passed" testListId="8c84fa94-04c1-424b-9868-57a2d4851a1d" relativeResultsDirectory="348d98a7-96ff-4a03-a1c4-4703b2219654" />
    <UnitTestResult executionId="e14eb27c-cd72-4125-b6b1-cc5c1dcf4a25" testId="32a0adc6-3f05-4a26-8aa3-42184dea0924" testName="ToReplaceSpecialChars_Passing_ValidValue_Returns_ReplacedValueWithoutIgnoreSpecialChars (àáäâãøçħ,aaaaaoch)" computerName="PC-SFERRARI" duration="00:00:00.0158980" startTime="2021-06-18T11:12:25.4599587+02:00" endTime="2021-06-18T11:12:25.4761243+02:00" testType="13cdc9d9-ddb5-4fa4-a97d-d965ccfc6d4b" outcome="Passed" testListId="8c84fa94-04c1-424b-9868-57a2d4851a1d" relativeResultsDirectory="e14eb27c-cd72-4125-b6b1-cc5c1dcf4a25" />
    <UnitTestResult executionId="b8f80886-c005-462b-baa4-faa001de332e" testId="a6058702-12bf-4144-86aa-b40ab31530ec" testName="ToConfigureOrDefault_Passing_ActionCustomValues_Returns_CustomValues" computerName="PC-SFERRARI" duration="00:00:00.0170213" startTime="2021-06-18T11:12:23.6583178+02:00" endTime="2021-06-18T11:12:23.7278138+02:00" testType="13cdc9d9-ddb5-4fa4-a97d-d965ccfc6d4b" outcome="Passed" testListId="8c84fa94-04c1-424b-9868-57a2d4851a1d" relativeResultsDirectory="b8f80886-c005-462b-baa4-faa001de332e" />
    <UnitTestResult executionId="aa76f3ee-88bd-4b9e-9960-54dddf9afdb3" testId="6ed64255-42fe-4e64-a564-8eacc8cc9f21" testName="ToUri_Passing_InvalidValueString_Returns_Null (http://../)" computerName="PC-SFERRARI" duration="00:00:00.0000090" startTime="2021-06-18T11:12:25.6093388+02:00" endTime="2021-06-18T11:12:25.6094212+02:00" testType="13cdc9d9-ddb5-4fa4-a97d-d965ccfc6d4b" outcome="Passed" testListId="8c84fa94-04c1-424b-9868-57a2d4851a1d" relativeResultsDirectory="aa76f3ee-88bd-4b9e-9960-54dddf9afdb3" />
    <UnitTestResult executionId="eeb7700a-5368-487f-b2b3-1080b9c0cc1f" testId="0fc20f2d-7701-4a3d-a7e6-732db317f99b" testName="ToDefaultValue_Passing_sbyte_Returns_Cero" computerName="PC-SFERRARI" duration="00:00:00.0007550" startTime="2021-06-18T11:12:24.9142714+02:00" endTime="2021-06-18T11:12:24.9154653+02:00" testType="13cdc9d9-ddb5-4fa4-a97d-d965ccfc6d4b" outcome="Passed" testListId="8c84fa94-04c1-424b-9868-57a2d4851a1d" relativeResultsDirectory="eeb7700a-5368-487f-b2b3-1080b9c0cc1f" />
    <UnitTestResult executionId="329556bd-2ecc-4b02-8188-f6b542b56585" testId="4cc066a7-0219-4eb5-bf52-5b03bdc7f0ab" testName="ToFirstLetterLower_Passing_ValidValue_Returns_StringWithFirstLetterLower (Aeiou,aeiou)" computerName="PC-SFERRARI" duration="00:00:00.0000048" startTime="2021-06-18T11:12:25.5406046+02:00" endTime="2021-06-18T11:12:25.5406652+02:00" testType="13cdc9d9-ddb5-4fa4-a97d-d965ccfc6d4b" outcome="Passed" testListId="8c84fa94-04c1-424b-9868-57a2d4851a1d" relativeResultsDirectory="329556bd-2ecc-4b02-8188-f6b542b56585" />
    <UnitTestResult executionId="07dc75f1-7d35-49b0-a6b7-cdeefdae23ec" testId="321e240d-960b-436c-a59f-dd11271133e5" testName="ToIsEmailThrow_Passing_InvalidValue_Returns_ApplicationExceptionWithMessage ()" computerName="PC-SFERRARI" duration="00:00:00.0000456" startTime="2021-06-18T11:12:24.5947206+02:00" endTime="2021-06-18T11:12:24.5948322+02:00" testType="13cdc9d9-ddb5-4fa4-a97d-d965ccfc6d4b" outcome="Passed" testListId="8c84fa94-04c1-424b-9868-57a2d4851a1d" relativeResultsDirectory="07dc75f1-7d35-49b0-a6b7-cdeefdae23ec" />
    <UnitTestResult executionId="74b660c7-c58e-4ebe-87af-87076bd09704" testId="8ea6a9a4-3b7c-43ce-8700-d82c29f1cd3c" testName="ToNormalize_Passing_ValidValue_Returns_NormalizedValue (Kulħadd,Kulhadd)" computerName="PC-SFERRARI" duration="00:00:00.0000222" startTime="2021-06-18T11:12:25.5040214+02:00" endTime="2021-06-18T11:12:25.5040973+02:00" testType="13cdc9d9-ddb5-4fa4-a97d-d965ccfc6d4b" outcome="Passed" testListId="8c84fa94-04c1-424b-9868-57a2d4851a1d" relativeResultsDirectory="74b660c7-c58e-4ebe-87af-87076bd09704" />
    <UnitTestResult executionId="248d4ad2-7f9d-49cd-abc2-4b98daa9e56c" testId="49b7226d-100a-4115-bdd2-ed30ea679d13" testName="ToFirstLetterUpper_Passing_ValidValue_Returns_StringWithFirstLetterUpper (Aeiou,Aeiou)" computerName="PC-SFERRARI" duration="00:00:00.0000060" startTime="2021-06-18T11:12:25.5273420+02:00" endTime="2021-06-18T11:12:25.5274160+02:00" testType="13cdc9d9-ddb5-4fa4-a97d-d965ccfc6d4b" outcome="Passed" testListId="8c84fa94-04c1-424b-9868-57a2d4851a1d" relativeResultsDirectory="248d4ad2-7f9d-49cd-abc2-4b98daa9e56c" />
    <UnitTestResult executionId="df67e122-8cdf-4502-a718-4ec0b5308d40" testId="62012ce5-7dde-486a-87d7-59719960040d" testName="IsEmail_Passing_InvalidArguments_Returns_HasErrorsAndCount" computerName="PC-SFERRARI" duration="00:00:00.0001889" startTime="2021-06-18T11:12:25.7526265+02:00" endTime="2021-06-18T11:12:25.7528944+02:00" testType="13cdc9d9-ddb5-4fa4-a97d-d965ccfc6d4b" outcome="Passed" testListId="8c84fa94-04c1-424b-9868-57a2d4851a1d" relativeResultsDirectory="df67e122-8cdf-4502-a718-4ec0b5308d40" />
    <UnitTestResult executionId="3c82e8ab-e680-4a87-acf3-8d1214d4ef67" testId="88d8c8fa-a800-4cbe-97de-26e083ada872" testName="ToEmailMaskUserNameAndDomainAndExtension_Passing_ValidEmail_Returns_EmailWithMask (qazwsx@gmail.com,q****x@g***l.c*m)" computerName="PC-SFERRARI" duration="00:00:00.0000275" startTime="2021-06-18T11:12:25.5485335+02:00" endTime="2021-06-18T11:12:25.5486669+02:00" testType="13cdc9d9-ddb5-4fa4-a97d-d965ccfc6d4b" outcome="Passed" testListId="8c84fa94-04c1-424b-9868-57a2d4851a1d" relativeResultsDirectory="3c82e8ab-e680-4a87-acf3-8d1214d4ef67" />
    <UnitTestResult executionId="a095cfab-205f-40d8-8442-53f1f9f4e147" testId="54f9df7a-1a60-4d94-a18d-be1ff3f5e9a0" testName="ToReplaceSpecialChars_Passing_ValidValue_Returns_ReplacedValueWithoutIgnoreSpecialChars ( àáäâ ãøçħ , aaaa aoch )" computerName="PC-SFERRARI" duration="00:00:00.0001006" startTime="2021-06-18T11:12:25.4762277+02:00" endTime="2021-06-18T11:12:25.4764552+02:00" testType="13cdc9d9-ddb5-4fa4-a97d-d965ccfc6d4b" outcome="Passed" testListId="8c84fa94-04c1-424b-9868-57a2d4851a1d" relativeResultsDirectory="a095cfab-205f-40d8-8442-53f1f9f4e147" />
    <UnitTestResult executionId="10529ab0-f210-4c7c-980c-8b52ee289f69" testId="3d668c0e-5a50-4389-bac9-e20bebcb1690" testName="ToList_Passing_ValidEnumTypeWithResourceType_Returns_ValuesList" computerName="PC-SFERRARI" duration="00:00:00.0024786" startTime="2021-06-18T11:12:25.7945927+02:00" endTime="2021-06-18T11:12:25.7974881+02:00" testType="13cdc9d9-ddb5-4fa4-a97d-d965ccfc6d4b" outcome="Passed" testListId="8c84fa94-04c1-424b-9868-57a2d4851a1d" relativeResultsDirectory="10529ab0-f210-4c7c-980c-8b52ee289f69" />
    <UnitTestResult executionId="ff33192f-08a8-42ae-b542-188d562e493f" testId="9e01e21a-4eb2-40ab-b411-cd197aca30ea" testName="ToTryIPv6_Passing_HttpContext_IP_Value_Returns_IP" computerName="PC-SFERRARI" duration="00:00:00.0008368" startTime="2021-06-18T11:12:24.9410191+02:00" endTime="2021-06-18T11:12:24.9420230+02:00" testType="13cdc9d9-ddb5-4fa4-a97d-d965ccfc6d4b" outcome="Passed" testListId="8c84fa94-04c1-424b-9868-57a2d4851a1d" relativeResultsDirectory="ff33192f-08a8-42ae-b542-188d562e493f" />
    <UnitTestResult executionId="13e2845e-a06a-4730-afd8-1c4c9a64b38a" testId="88bb3455-6c63-4982-a43f-9d180860f6eb" testName="ToInt_Passing_InvalidValueString_Returns_DefaultValue (asdasdasdasd234324)" computerName="PC-SFERRARI" duration="00:00:00.0000058" startTime="2021-06-18T11:12:25.6458054+02:00" endTime="2021-06-18T11:12:25.6458763+02:00" testType="13cdc9d9-ddb5-4fa4-a97d-d965ccfc6d4b" outcome="Passed" testListId="8c84fa94-04c1-424b-9868-57a2d4851a1d" relativeResultsDirectory="13e2845e-a06a-4730-afd8-1c4c9a64b38a" />
    <UnitTestResult executionId="c889e158-2bec-4748-becb-66d58aa60b63" testId="decd9701-0e2b-4e64-8f3b-e99e948bb8c4" testName="ToUri_Passing_InvalidValueString_Returns_Null (http://.)" computerName="PC-SFERRARI" duration="00:00:00.0000617" startTime="2021-06-18T11:12:25.6090024+02:00" endTime="2021-06-18T11:12:25.6091412+02:00" testType="13cdc9d9-ddb5-4fa4-a97d-d965ccfc6d4b" outcome="Passed" testListId="8c84fa94-04c1-424b-9868-57a2d4851a1d" relativeResultsDirectory="c889e158-2bec-4748-becb-66d58aa60b63" />
    <UnitTestResult executionId="da9982a5-bb60-46c2-b342-c5bef2b9f1dc" testId="c3a78caa-b8be-49c0-982b-57ed6bd0e3c2" testName="ToYesterday_Passing_DateTime_Returns_Yesterday_DateTime" computerName="PC-SFERRARI" duration="00:00:00.0002421" startTime="2021-06-18T11:12:24.8751718+02:00" endTime="2021-06-18T11:12:24.8755139+02:00" testType="13cdc9d9-ddb5-4fa4-a97d-d965ccfc6d4b" outcome="Passed" testListId="8c84fa94-04c1-424b-9868-57a2d4851a1d" relativeResultsDirectory="da9982a5-bb60-46c2-b342-c5bef2b9f1dc" />
    <UnitTestResult executionId="24d89c1e-f9ed-4cd3-9ff7-83feea3b974c" testId="00b2436a-8bc1-4fc8-a2df-0b346d363233" testName="ToExists_Passing_NotFound_Service_Returns_False" computerName="PC-SFERRARI" duration="00:00:00.0002410" startTime="2021-06-18T11:12:25.3517030+02:00" endTime="2021-06-18T11:12:25.3520357+02:00" testType="13cdc9d9-ddb5-4fa4-a97d-d965ccfc6d4b" outcome="Passed" testListId="8c84fa94-04c1-424b-9868-57a2d4851a1d" relativeResultsDirectory="24d89c1e-f9ed-4cd3-9ff7-83feea3b974c" />
    <UnitTestResult executionId="0a879712-850f-4c2e-a0c0-2c91c2c4b5d0" testId="5ab9b9e4-6dbf-4a1d-9b5d-61eee638c38e" testName="ToDefaultValue_Passing_bool_Returns_Cero (True)" computerName="PC-SFERRARI" duration="00:00:00.0003098" startTime="2021-06-18T11:12:24.9288789+02:00" endTime="2021-06-18T11:12:24.9293024+02:00" testType="13cdc9d9-ddb5-4fa4-a97d-d965ccfc6d4b" outcome="Passed" testListId="8c84fa94-04c1-424b-9868-57a2d4851a1d" relativeResultsDirectory="0a879712-850f-4c2e-a0c0-2c91c2c4b5d0" />
    <UnitTestResult executionId="01d0c2ce-2d90-4029-8740-9d5661063f24" testId="a7d4bfa1-2370-48d9-b17f-e86607019732" testName="ToEnum_Passing_ValidValueInt_Returns_EnumValue" computerName="PC-SFERRARI" duration="00:00:00.0006753" startTime="2021-06-18T11:12:25.5223518+02:00" endTime="2021-06-18T11:12:25.5258922+02:00" testType="13cdc9d9-ddb5-4fa4-a97d-d965ccfc6d4b" outcome="Passed" testListId="8c84fa94-04c1-424b-9868-57a2d4851a1d" relativeResultsDirectory="01d0c2ce-2d90-4029-8740-9d5661063f24" />
    <UnitTestResult executionId="4c27c820-ffca-483c-8c9c-0610199c7516" testId="573fe511-7c4b-4c9a-8b83-472c6f2003c0" testName="CreateSHA512_Passing_Invalid_Arguments_Returns_ApplicationException ()" computerName="PC-SFERRARI" duration="00:00:00.0024356" startTime="2021-06-18T11:12:25.8315419+02:00" endTime="2021-06-18T11:12:25.8340815+02:00" testType="13cdc9d9-ddb5-4fa4-a97d-d965ccfc6d4b" outcome="Passed" testListId="8c84fa94-04c1-424b-9868-57a2d4851a1d" relativeResultsDirectory="4c27c820-ffca-483c-8c9c-0610199c7516" />
    <UnitTestResult executionId="1ff03b8e-162f-4f61-8bcd-48831f6c48e3" testId="f9534410-aa5a-4fa5-b5ac-6dd60c687ff7" testName="ToUri_Passing_ValidValueString_Returns_Uri (http://code.google.com/events/#&amp;product=browser)" computerName="PC-SFERRARI" duration="00:00:00.0000082" startTime="2021-06-18T11:12:25.5984585+02:00" endTime="2021-06-18T11:12:25.5986188+02:00" testType="13cdc9d9-ddb5-4fa4-a97d-d965ccfc6d4b" outcome="Passed" testListId="8c84fa94-04c1-424b-9868-57a2d4851a1d" relativeResultsDirectory="1ff03b8e-162f-4f61-8bcd-48831f6c48e3" />
    <UnitTestResult executionId="b34c81b9-ea94-4879-8bee-ad03095f3dc7" testId="959ac49b-0f19-45b4-a9cc-1393ee60c36d" testName="IsNullOrAny_Passing_InvalidArguments_Returns_HasErrorsAndCount" computerName="PC-SFERRARI" duration="00:00:00.0011343" startTime="2021-06-18T11:12:25.7222401+02:00" endTime="2021-06-18T11:12:25.7235402+02:00" testType="13cdc9d9-ddb5-4fa4-a97d-d965ccfc6d4b" outcome="Passed" testListId="8c84fa94-04c1-424b-9868-57a2d4851a1d" relativeResultsDirectory="b34c81b9-ea94-4879-8bee-ad03095f3dc7" />
    <UnitTestResult executionId="5d775931-1a8d-4a7e-b96c-9b0f3f843800" testId="d75eeb1b-a7f8-4b7c-ab33-82aba0d96b82" testName="ToDetails_Passing_HttpContext_WithOptionalData_Returns_Details_HttpContext" computerName="PC-SFERRARI" duration="00:00:00.0027851" startTime="2021-06-18T11:12:24.9705411+02:00" endTime="2021-06-18T11:12:24.9735009+02:00" testType="13cdc9d9-ddb5-4fa4-a97d-d965ccfc6d4b" outcome="Passed" testListId="8c84fa94-04c1-424b-9868-57a2d4851a1d" relativeResultsDirectory="5d775931-1a8d-4a7e-b96c-9b0f3f843800" />
    <UnitTestResult executionId="6efb037d-a8ad-4103-94aa-57a8f2da51bc" testId="dee155ab-c5cc-4ec9-88ac-d0e69c02bb5a" testName="ToBytes_Passing_Object_Returns_Bytes" computerName="PC-SFERRARI" duration="00:00:00.0041906" startTime="2021-06-18T11:12:24.9340978+02:00" endTime="2021-06-18T11:12:24.9386902+02:00" testType="13cdc9d9-ddb5-4fa4-a97d-d965ccfc6d4b" outcome="Passed" testListId="8c84fa94-04c1-424b-9868-57a2d4851a1d" relativeResultsDirectory="6efb037d-a8ad-4103-94aa-57a8f2da51bc" />
    <UnitTestResult executionId="bc1217eb-fa23-4ba2-9c71-c1b0d9b8fdfc" testId="8c3f16cc-6ad5-4679-87f5-58423d4fdb33" testName="ToDictionaryPropertyInfo_Passing_Object_Not_IncludeNullOrEmptyProperty_Returns_Properties_NameAndValue_Dictionary" computerName="PC-SFERRARI" duration="00:00:00.0027535" startTime="2021-06-18T11:12:24.9298264+02:00" endTime="2021-06-18T11:12:24.9326983+02:00" testType="13cdc9d9-ddb5-4fa4-a97d-d965ccfc6d4b" outcome="Passed" testListId="8c84fa94-04c1-424b-9868-57a2d4851a1d" relativeResultsDirectory="bc1217eb-fa23-4ba2-9c71-c1b0d9b8fdfc" />
    <UnitTestResult executionId="89cbf354-dae4-4bdb-aa01-d7d49371d017" testId="a2fa76f6-d19c-4d63-a961-1bbf7bff478d" testName="ToUri_Passing_ValidValueString_Returns_Uri (http://foo.com/unicode_(✪)_in_parens)" computerName="PC-SFERRARI" duration="00:00:00.0000265" startTime="2021-06-18T11:12:25.5975841+02:00" endTime="2021-06-18T11:12:25.5978414+02:00" testType="13cdc9d9-ddb5-4fa4-a97d-d965ccfc6d4b" outcome="Passed" testListId="8c84fa94-04c1-424b-9868-57a2d4851a1d" relativeResultsDirectory="89cbf354-dae4-4bdb-aa01-d7d49371d017" />
    <UnitTestResult executionId="e8961aaf-7f99-440c-a669-2fb50642fe0b" testId="77d09f03-7fb1-47ea-9d64-e3171a29c51c" testName="ToAssembly_Passing_ValidValueAssemblyString_Returns_Assembly" computerName="PC-SFERRARI" duration="00:00:00.0002826" startTime="2021-06-18T11:12:25.6931001+02:00" endTime="2021-06-18T11:12:25.6934768+02:00" testType="13cdc9d9-ddb5-4fa4-a97d-d965ccfc6d4b" outcome="Passed" testListId="8c84fa94-04c1-424b-9868-57a2d4851a1d" relativeResultsDirectory="e8961aaf-7f99-440c-a669-2fb50642fe0b" />
    <UnitTestResult executionId="eecd5fb5-a35c-413b-884b-f9961acd4bcf" testId="eec717ce-6b59-499a-bb6e-54f965a3700c" testName="IsSubdomain_Passing_ValidArguments_Returns_HasErrorsAndCount" computerName="PC-SFERRARI" duration="00:00:00.0001982" startTime="2021-06-18T11:12:25.7542970+02:00" endTime="2021-06-18T11:12:25.7545726+02:00" testType="13cdc9d9-ddb5-4fa4-a97d-d965ccfc6d4b" outcome="Passed" testListId="8c84fa94-04c1-424b-9868-57a2d4851a1d" relativeResultsDirectory="eecd5fb5-a35c-413b-884b-f9961acd4bcf" />
    <UnitTestResult executionId="2731bd7c-70b7-4fd3-a07d-a8ad602fb496" testId="05edaf43-7077-48d7-895c-662a4dc7ab05" testName="ToExists_Passing_Service_Not_Found_Returns_False" computerName="PC-SFERRARI" duration="00:00:00.0007199" startTime="2021-06-18T11:12:24.5032006+02:00" endTime="2021-06-18T11:12:24.5040922+02:00" testType="13cdc9d9-ddb5-4fa4-a97d-d965ccfc6d4b" outcome="Passed" testListId="8c84fa94-04c1-424b-9868-57a2d4851a1d" relativeResultsDirectory="2731bd7c-70b7-4fd3-a07d-a8ad602fb496" />
    <UnitTestResult executionId="299cc023-09db-47b8-8035-fa89dd293b18" testId="276d7793-25fd-4978-affe-80f4c54105c0" testName="ToIsEmailThrow_Passing_InvalidValue_Returns_ApplicationExceptionWithMessage (34fsds@@sdd.f)" computerName="PC-SFERRARI" duration="00:00:00.0000709" startTime="2021-06-18T11:12:24.5943215+02:00" endTime="2021-06-18T11:12:24.5945070+02:00" testType="13cdc9d9-ddb5-4fa4-a97d-d965ccfc6d4b" outcome="Passed" testListId="8c84fa94-04c1-424b-9868-57a2d4851a1d" relativeResultsDirectory="299cc023-09db-47b8-8035-fa89dd293b18" />
    <UnitTestResult executionId="07d0af88-0b25-4a09-94ff-8b77fecbbedb" testId="792edb21-f028-42b3-bf9a-f976606a011d" testName="ToIsSubdomainThrow_Passing_InvalidValue_Returns_ApplicationExceptionWithMessage (34?fsds@sdd.yy)" computerName="PC-SFERRARI" duration="00:00:00.0001398" startTime="2021-06-18T11:12:24.6038972+02:00" endTime="2021-06-18T11:12:24.6042233+02:00" testType="13cdc9d9-ddb5-4fa4-a97d-d965ccfc6d4b" outcome="Passed" testListId="8c84fa94-04c1-424b-9868-57a2d4851a1d" relativeResultsDirectory="07d0af88-0b25-4a09-94ff-8b77fecbbedb" />
    <UnitTestResult executionId="70659eaf-6de8-4e94-9de1-d650710a84b0" testId="e16c032b-105f-4955-8748-61355b2ac894" testName="IsLowercase_Passing_InvalidArguments_Returns_HasErrorsAndCount" computerName="PC-SFERRARI" duration="00:00:00.0003628" startTime="2021-06-18T11:12:25.7727021+02:00" endTime="2021-06-18T11:12:25.7731188+02:00" testType="13cdc9d9-ddb5-4fa4-a97d-d965ccfc6d4b" outcome="Passed" testListId="8c84fa94-04c1-424b-9868-57a2d4851a1d" relativeResultsDirectory="70659eaf-6de8-4e94-9de1-d650710a84b0" />
    <UnitTestResult executionId="c6d532a3-f0ef-44db-8c7c-087d4deebbae" testId="1db4d42c-2008-4a71-8866-e808791bcfd6" testName="ToFormat_Passing_ValidValueFormatWithArguments_Returns_ValueWithFormat" computerName="PC-SFERRARI" duration="00:00:00.0004534" startTime="2021-06-18T11:12:25.6924485+02:00" endTime="2021-06-18T11:12:25.6930326+02:00" testType="13cdc9d9-ddb5-4fa4-a97d-d965ccfc6d4b" outcome="Passed" testListId="8c84fa94-04c1-424b-9868-57a2d4851a1d" relativeResultsDirectory="c6d532a3-f0ef-44db-8c7c-087d4deebbae" />
    <UnitTestResult executionId="543fd162-891f-4fcf-80d0-2dc8bef05481" testId="78949070-7b94-4603-a1c1-46af6a2073ad" testName="ToNormalize_Passing_ValidValue_Returns_NormalizedValue (Malmö,Malmo)" computerName="PC-SFERRARI" duration="00:00:00.0000244" startTime="2021-06-18T11:12:25.5035287+02:00" endTime="2021-06-18T11:12:25.5036146+02:00" testType="13cdc9d9-ddb5-4fa4-a97d-d965ccfc6d4b" outcome="Passed" testListId="8c84fa94-04c1-424b-9868-57a2d4851a1d" relativeResultsDirectory="543fd162-891f-4fcf-80d0-2dc8bef05481" />
    <UnitTestResult executionId="7ee57a86-edd4-45c8-8edd-578352c8e310" testId="5890401b-0129-4de5-8ef6-40bb7931fc45" testName="ToConfiguration_Passing_Valid_DirectoryPath_Valid_JsonFileName_Returns_Ok" computerName="PC-SFERRARI" duration="00:00:00.0057725" startTime="2021-06-18T11:12:25.3891774+02:00" endTime="2021-06-18T11:12:25.3950334+02:00" testType="13cdc9d9-ddb5-4fa4-a97d-d965ccfc6d4b" outcome="Passed" testListId="8c84fa94-04c1-424b-9868-57a2d4851a1d" relativeResultsDirectory="7ee57a86-edd4-45c8-8edd-578352c8e310" />
    <UnitTestResult executionId="f167c0d6-4ddf-4f1e-ab11-c8b86f8c44e7" testId="0e5769a1-951e-436f-aa19-fe4b47546091" testName="ToCompress_Passing_Value_Bytes_Returns_Value_Bytes" computerName="PC-SFERRARI" duration="00:00:00.0396333" startTime="2021-06-18T11:12:24.5114781+02:00" endTime="2021-06-18T11:12:24.5514005+02:00" testType="13cdc9d9-ddb5-4fa4-a97d-d965ccfc6d4b" outcome="Passed" testListId="8c84fa94-04c1-424b-9868-57a2d4851a1d" relativeResultsDirectory="f167c0d6-4ddf-4f1e-ab11-c8b86f8c44e7" />
    <UnitTestResult executionId="1e78b075-4314-4084-ad9e-152f45e32d6a" testId="6c5cb9ac-5813-41f8-b4fe-35dd8d84bee1" testName="ToNormalize_Passing_ValidValue_Returns_NormalizedValue (Mañana,Manana)" computerName="PC-SFERRARI" duration="00:00:00.0000227" startTime="2021-06-18T11:12:25.5062285+02:00" endTime="2021-06-18T11:12:25.5063060+02:00" testType="13cdc9d9-ddb5-4fa4-a97d-d965ccfc6d4b" outcome="Passed" testListId="8c84fa94-04c1-424b-9868-57a2d4851a1d" relativeResultsDirectory="1e78b075-4314-4084-ad9e-152f45e32d6a" />
    <UnitTestResult executionId="f8c58025-00e5-4c79-8838-7e74eda052cc" testId="1fa4fe37-21bf-4c6c-bdc2-a50d4c08c2f6" testName="ToNormalize_Passing_ValidValue_Returns_NormalizedValue (ÀÁÄÂÃ,AAAAA)" computerName="PC-SFERRARI" duration="00:00:00.0000344" startTime="2021-06-18T11:12:25.4991276+02:00" endTime="2021-06-18T11:12:25.4992561+02:00" testType="13cdc9d9-ddb5-4fa4-a97d-d965ccfc6d4b" outcome="Passed" testListId="8c84fa94-04c1-424b-9868-57a2d4851a1d" relativeResultsDirectory="f8c58025-00e5-4c79-8838-7e74eda052cc" />
    <UnitTestResult executionId="94926c3a-fae2-412f-8c18-afe3060362fe" testId="8ebf23be-7ac8-4e98-9dcd-1757a87de5c9" testName="ToUri_Passing_InvalidValueString_Returns_DefaultValue (http://??)" computerName="PC-SFERRARI" duration="00:00:00.0000069" startTime="2021-06-18T11:12:25.6235696+02:00" endTime="2021-06-18T11:12:25.6236206+02:00" testType="13cdc9d9-ddb5-4fa4-a97d-d965ccfc6d4b" outcome="Passed" testListId="8c84fa94-04c1-424b-9868-57a2d4851a1d" relativeResultsDirectory="94926c3a-fae2-412f-8c18-afe3060362fe" />
    <UnitTestResult executionId="0b76b3dd-22a9-4be8-a7ca-dad2a340a8e5" testId="a5a320a3-28ea-491f-89fa-6c2cf0b51337" testName="ToNormalize_Passing_ValidValue_Returns_NormalizedValue (àáäâã,aaaaa)" computerName="PC-SFERRARI" duration="00:00:00.0000342" startTime="2021-06-18T11:12:25.4989490+02:00" endTime="2021-06-18T11:12:25.4990704+02:00" testType="13cdc9d9-ddb5-4fa4-a97d-d965ccfc6d4b" outcome="Passed" testListId="8c84fa94-04c1-424b-9868-57a2d4851a1d" relativeResultsDirectory="0b76b3dd-22a9-4be8-a7ca-dad2a340a8e5" />
    <UnitTestResult executionId="14d253c6-590a-4d8e-bf7a-0fe868509e59" testId="e3940e41-1df0-4e0b-b9ef-0e3f23f323b0" testName="ToNormalize_Passing_ValidValue_Returns_NormalizedValue (Ç,C)" computerName="PC-SFERRARI" duration="00:00:00.0000473" startTime="2021-06-18T11:12:25.5029267+02:00" endTime="2021-06-18T11:12:25.5030776+02:00" testType="13cdc9d9-ddb5-4fa4-a97d-d965ccfc6d4b" outcome="Passed" testListId="8c84fa94-04c1-424b-9868-57a2d4851a1d" relativeResultsDirectory="14d253c6-590a-4d8e-bf7a-0fe868509e59" />
    <UnitTestResult executionId="c5cbda10-2323-49b8-9562-a37591291aa8" testId="e21bdbb1-703e-4c9b-9a85-85b01836c1ef" testName="ToEnum_Passing_InvalidValueString_Returns_EnumDefaultValue" computerName="PC-SFERRARI" duration="00:00:00.0001733" startTime="2021-06-18T11:12:25.5092922+02:00" endTime="2021-06-18T11:12:25.5096208+02:00" testType="13cdc9d9-ddb5-4fa4-a97d-d965ccfc6d4b" outcome="Passed" testListId="8c84fa94-04c1-424b-9868-57a2d4851a1d" relativeResultsDirectory="c5cbda10-2323-49b8-9562-a37591291aa8" />
    <UnitTestResult executionId="ea01317a-6c54-46c1-aaca-9d75d36f7aa7" testId="02b0695b-8b87-4704-9661-c46be2c8857d" testName="ToUri_Passing_ValidValueString_Returns_Uri (//foo.com/blah_blah?p=5&amp;j=fe)" computerName="PC-SFERRARI" duration="00:00:00.0000056" startTime="2021-06-18T11:12:25.5794977+02:00" endTime="2021-06-18T11:12:25.5796113+02:00" testType="13cdc9d9-ddb5-4fa4-a97d-d965ccfc6d4b" outcome="Passed" testListId="8c84fa94-04c1-424b-9868-57a2d4851a1d" relativeResultsDirectory="ea01317a-6c54-46c1-aaca-9d75d36f7aa7" />
    <UnitTestResult executionId="d1715da4-838c-4881-a412-a0d8e09bf936" testId="88fbf000-9a31-4dbc-ad45-c5dc971c8778" testName="ToSetTime_Passing_Time_Int_Returns_DateTime" computerName="PC-SFERRARI" duration="00:00:00.0001734" startTime="2021-06-18T11:12:24.8768225+02:00" endTime="2021-06-18T11:12:24.8770921+02:00" testType="13cdc9d9-ddb5-4fa4-a97d-d965ccfc6d4b" outcome="Passed" testListId="8c84fa94-04c1-424b-9868-57a2d4851a1d" relativeResultsDirectory="d1715da4-838c-4881-a412-a0d8e09bf936" />
    <UnitTestResult executionId="2fc3f665-f38b-48e1-b513-5de944a0ef1c" testId="3877f910-a537-4e40-af35-5aec58be66e2" testName="ToIsSubdomainThrow_Passing_InvalidValue_Returns_ApplicationExceptionWithMessage (dasdasd@dsasd.._ff)" computerName="PC-SFERRARI" duration="00:00:00.0021200" startTime="2021-06-18T11:12:24.5950675+02:00" endTime="2021-06-18T11:12:24.5972873+02:00" testType="13cdc9d9-ddb5-4fa4-a97d-d965ccfc6d4b" outcome="Passed" testListId="8c84fa94-04c1-424b-9868-57a2d4851a1d" relativeResultsDirectory="2fc3f665-f38b-48e1-b513-5de944a0ef1c" />
    <UnitTestResult executionId="08c42abc-b029-498a-a299-dfe55de4d908" testId="d1f22664-eb7a-40d9-af4a-4a43bb5fa798" testName="ToIsSubdomainThrow_Passing_InvalidValue_Returns_ApplicationExceptionWithMessage ()" computerName="PC-SFERRARI" duration="00:00:00.0000476" startTime="2021-06-18T11:12:24.5978907+02:00" endTime="2021-06-18T11:12:24.5980115+02:00" testType="13cdc9d9-ddb5-4fa4-a97d-d965ccfc6d4b" outcome="Passed" testListId="8c84fa94-04c1-424b-9868-57a2d4851a1d" relativeResultsDirectory="08c42abc-b029-498a-a299-dfe55de4d908" />
    <UnitTestResult executionId="55c23a88-e6d6-411b-956f-926c050b7e05" testId="2a4a0b60-0003-4d13-99ce-02f5fce5f71d" testName="ToEnvironment_Passing_Staging_Enviroment_Returns_Staging_Name" computerName="PC-SFERRARI" duration="00:00:00.0005265" startTime="2021-06-18T11:12:24.4948207+02:00" endTime="2021-06-18T11:12:24.4954772+02:00" testType="13cdc9d9-ddb5-4fa4-a97d-d965ccfc6d4b" outcome="Passed" testListId="8c84fa94-04c1-424b-9868-57a2d4851a1d" relativeResultsDirectory="55c23a88-e6d6-411b-956f-926c050b7e05" />
    <UnitTestResult executionId="5a99ac39-cca2-4aae-ac3d-00945de301d9" testId="a0a779fd-ec48-4f77-bed0-1ba7cc2f1998" testName="ToIsAuthenticated_Passing_Claims_Returns_True" computerName="PC-SFERRARI" duration="00:00:00.0346364" startTime="2021-06-18T11:12:24.6900590+02:00" endTime="2021-06-18T11:12:24.7248665+02:00" testType="13cdc9d9-ddb5-4fa4-a97d-d965ccfc6d4b" outcome="Passed" testListId="8c84fa94-04c1-424b-9868-57a2d4851a1d" relativeResultsDirectory="5a99ac39-cca2-4aae-ac3d-00945de301d9" />
    <UnitTestResult executionId="fb421e57-3e6b-4a5d-b88c-ea80fa123852" testId="7a328136-c741-4106-8c8b-25905599d8f8" testName="ToEmailMaskUserNameAndDomainAndExtension_Passing_ValidEmail_Returns_EmailWithMask (qaz@gmail.com,q*z@g***l.c*m)" computerName="PC-SFERRARI" duration="00:00:00.0004665" startTime="2021-06-18T11:12:25.5478476+02:00" endTime="2021-06-18T11:12:25.5484397+02:00" testType="13cdc9d9-ddb5-4fa4-a97d-d965ccfc6d4b" outcome="Passed" testListId="8c84fa94-04c1-424b-9868-57a2d4851a1d" relativeResultsDirectory="fb421e57-3e6b-4a5d-b88c-ea80fa123852" />
    <UnitTestResult executionId="a3b72c1e-6690-4c12-9d1a-385087c4b9e3" testId="46e8a7c5-4bc8-4d4c-9e92-6e108521c7cd" testName="ToIsNameThrow_Passing_InvalidValue_Returns_ApplicationExceptionWithMessage" computerName="PC-SFERRARI" duration="00:00:00.0047115" startTime="2021-06-18T11:12:24.6043079+02:00" endTime="2021-06-18T11:12:24.6091482+02:00" testType="13cdc9d9-ddb5-4fa4-a97d-d965ccfc6d4b" outcome="Passed" testListId="8c84fa94-04c1-424b-9868-57a2d4851a1d" relativeResultsDirectory="a3b72c1e-6690-4c12-9d1a-385087c4b9e3" />
    <UnitTestResult executionId="312d5eed-5229-493c-8577-822b0dedf96f" testId="fd28e5bd-d186-45cf-90da-2a857e43bf2b" testName="ToRemove_Passing_ValidValue_Returns_ValueWithoutRemovedChars (hello hello, ,hellohello)" computerName="PC-SFERRARI" duration="00:00:00.0000375" startTime="2021-06-18T11:12:25.4509207+02:00" endTime="2021-06-18T11:12:25.4510367+02:00" testType="13cdc9d9-ddb5-4fa4-a97d-d965ccfc6d4b" outcome="Passed" testListId="8c84fa94-04c1-424b-9868-57a2d4851a1d" relativeResultsDirectory="312d5eed-5229-493c-8577-822b0dedf96f" />
  </Results>
  <TestDefinitions>
    <UnitTest name="ToUri_Passing_ValidValueString_Returns_Uri (https://foo.com/blah_blah/p=5)" storage="d:\sferrari\01 - trabajo\repos\netcore\libs\template-netcore-shared\kitpymes.core.shared.tests\bin\release\net5.0\kitpymes.core.shared.tests.dll" id="1ae376d6-4c99-4e57-8e7c-971925b6125e">
      <Execution id="f09a74d0-5fce-43e2-8fbf-9d1957dec8af" />
      <TestMethod codeBase="D:\SFERRARI\01 - TRABAJO\repos\netcore\libs\template-netcore-shared\Kitpymes.Core.Shared.Tests\bin\Release\net5.0\Kitpymes.Core.Shared.Tests.dll" adapterTypeName="executor://mstestadapter/v2" className="Kitpymes.Core.Shared.Tests.StringExtensionsTests" name="ToUri_Passing_ValidValueString_Returns_Uri" />
    </UnitTest>
    <UnitTest name="ToUri_Passing_InvalidValueString_Returns_Null (http://#)" storage="d:\sferrari\01 - trabajo\repos\netcore\libs\template-netcore-shared\kitpymes.core.shared.tests\bin\release\net5.0\kitpymes.core.shared.tests.dll" id="27d775ce-c9c6-4bfb-86b8-0d4e2e6faa1d">
      <Execution id="a427cbda-81fa-4e16-9ad7-3b3e982f66bf" />
      <TestMethod codeBase="D:\SFERRARI\01 - TRABAJO\repos\netcore\libs\template-netcore-shared\Kitpymes.Core.Shared.Tests\bin\Release\net5.0\Kitpymes.Core.Shared.Tests.dll" adapterTypeName="executor://mstestadapter/v2" className="Kitpymes.Core.Shared.Tests.StringExtensionsTests" name="ToUri_Passing_InvalidValueString_Returns_Null" />
    </UnitTest>
    <UnitTest name="ToYesterday_Passing_DateTime_Returns_Yesterday_DateTime" storage="d:\sferrari\01 - trabajo\repos\netcore\libs\template-netcore-shared\kitpymes.core.shared.tests\bin\release\net5.0\kitpymes.core.shared.tests.dll" id="c3a78caa-b8be-49c0-982b-57ed6bd0e3c2">
      <Execution id="da9982a5-bb60-46c2-b342-c5bef2b9f1dc" />
      <TestMethod codeBase="D:\SFERRARI\01 - TRABAJO\repos\netcore\libs\template-netcore-shared\Kitpymes.Core.Shared.Tests\bin\Release\net5.0\Kitpymes.Core.Shared.Tests.dll" adapterTypeName="executor://mstestadapter/v2" className="Kitpymes.Core.Shared.Tests.DateTimeExtensionsTests" name="ToYesterday_Passing_DateTime_Returns_Yesterday_DateTime" />
    </UnitTest>
    <UnitTest name="ToIsNullOrAny_Passing_InvalidValue_Returns_True" storage="d:\sferrari\01 - trabajo\repos\netcore\libs\template-netcore-shared\kitpymes.core.shared.tests\bin\release\net5.0\kitpymes.core.shared.tests.dll" id="c7f4d2a4-ebfd-452b-8d09-81270966d7ad">
      <Execution id="25a0618b-77e8-4e39-abf7-06921f9a24ae" />
      <TestMethod codeBase="D:\SFERRARI\01 - TRABAJO\repos\netcore\libs\template-netcore-shared\Kitpymes.Core.Shared.Tests\bin\Release\net5.0\Kitpymes.Core.Shared.Tests.dll" adapterTypeName="executor://mstestadapter/v2" className="Kitpymes.Core.Shared.Tests.CheckExtensionsTests" name="ToIsNullOrAny_Passing_InvalidValue_Returns_True" />
    </UnitTest>
    <UnitTest name="ToUri_Passing_ValidValueString_Returns_Uri (http://foo.com/blah_blah)" storage="d:\sferrari\01 - trabajo\repos\netcore\libs\template-netcore-shared\kitpymes.core.shared.tests\bin\release\net5.0\kitpymes.core.shared.tests.dll" id="3659ed68-fb64-41cd-a15d-eb4aea82e056">
      <Execution id="f66591dd-03a9-4358-9d6c-2248bc66f747" />
      <TestMethod codeBase="D:\SFERRARI\01 - TRABAJO\repos\netcore\libs\template-netcore-shared\Kitpymes.Core.Shared.Tests\bin\Release\net5.0\Kitpymes.Core.Shared.Tests.dll" adapterTypeName="executor://mstestadapter/v2" className="Kitpymes.Core.Shared.Tests.StringExtensionsTests" name="ToUri_Passing_ValidValueString_Returns_Uri" />
    </UnitTest>
    <UnitTest name="ToService_Passing_Valid_Service_Returns_Service" storage="d:\sferrari\01 - trabajo\repos\netcore\libs\template-netcore-shared\kitpymes.core.shared.tests\bin\release\net5.0\kitpymes.core.shared.tests.dll" id="791c023b-b1a3-458e-8859-8a49e8e7f28a">
      <Execution id="9ae339e6-5a31-4f9a-82dd-160a4c7e70ea" />
      <TestMethod codeBase="D:\SFERRARI\01 - TRABAJO\repos\netcore\libs\template-netcore-shared\Kitpymes.Core.Shared.Tests\bin\Release\net5.0\Kitpymes.Core.Shared.Tests.dll" adapterTypeName="executor://mstestadapter/v2" className="Kitpymes.Core.Shared.Tests.ApplicationBuilderExtensionsTests" name="ToService_Passing_Valid_Service_Returns_Service" />
    </UnitTest>
    <UnitTest name="ToRandom_Passing_ValidValueString_Returns_String" storage="d:\sferrari\01 - trabajo\repos\netcore\libs\template-netcore-shared\kitpymes.core.shared.tests\bin\release\net5.0\kitpymes.core.shared.tests.dll" id="1c6b9033-2aac-4d25-97b6-da8d0e14fdf1">
      <Execution id="6776b6c1-2961-4013-8d48-76f81901bf2d" />
      <TestMethod codeBase="D:\SFERRARI\01 - TRABAJO\repos\netcore\libs\template-netcore-shared\Kitpymes.Core.Shared.Tests\bin\Release\net5.0\Kitpymes.Core.Shared.Tests.dll" adapterTypeName="executor://mstestadapter/v2" className="Kitpymes.Core.Shared.Tests.StringExtensionsTests" name="ToRandom_Passing_ValidValueString_Returns_String" />
    </UnitTest>
    <UnitTest name="ToIsEmailThrow_Passing_InvalidValue_Returns_ApplicationExceptionWithMessage (34?fsds@sdd.yy)" storage="d:\sferrari\01 - trabajo\repos\netcore\libs\template-netcore-shared\kitpymes.core.shared.tests\bin\release\net5.0\kitpymes.core.shared.tests.dll" id="c4b6a664-de79-465e-9597-e65b79433a60">
      <Execution id="aa7a80e0-e6d6-4ae4-a572-4f87792abf0e" />
      <TestMethod codeBase="D:\SFERRARI\01 - TRABAJO\repos\netcore\libs\template-netcore-shared\Kitpymes.Core.Shared.Tests\bin\Release\net5.0\Kitpymes.Core.Shared.Tests.dll" adapterTypeName="executor://mstestadapter/v2" className="Kitpymes.Core.Shared.Tests.CheckExtensionsTests" name="ToIsEmailThrow_Passing_InvalidValue_Returns_ApplicationExceptionWithMessage" />
    </UnitTest>
    <UnitTest name="IsName_Passing_InvalidArguments_Returns_HasErrorsAndCount" storage="d:\sferrari\01 - trabajo\repos\netcore\libs\template-netcore-shared\kitpymes.core.shared.tests\bin\release\net5.0\kitpymes.core.shared.tests.dll" id="9accb0e0-e237-4015-a1ad-a9a63b005358">
      <Execution id="b71d923d-49aa-4bd4-b7f5-0b9216cf9f71" />
      <TestMethod codeBase="D:\SFERRARI\01 - TRABAJO\repos\netcore\libs\template-netcore-shared\Kitpymes.Core.Shared.Tests\bin\Release\net5.0\Kitpymes.Core.Shared.Tests.dll" adapterTypeName="executor://mstestadapter/v2" className="Kitpymes.Core.Shared.Tests.CheckTests" name="IsName_Passing_InvalidArguments_Returns_HasErrorsAndCount" />
    </UnitTest>
    <UnitTest name="ToUri_Passing_ValidValueString_Returns_Uri (https://foo.com/blah_blah)" storage="d:\sferrari\01 - trabajo\repos\netcore\libs\template-netcore-shared\kitpymes.core.shared.tests\bin\release\net5.0\kitpymes.core.shared.tests.dll" id="da3a6733-372f-4888-a327-ae69fbe90ce9">
      <Execution id="526dbe85-a28d-462e-8d52-61deac836c89" />
      <TestMethod codeBase="D:\SFERRARI\01 - TRABAJO\repos\netcore\libs\template-netcore-shared\Kitpymes.Core.Shared.Tests\bin\Release\net5.0\Kitpymes.Core.Shared.Tests.dll" adapterTypeName="executor://mstestadapter/v2" className="Kitpymes.Core.Shared.Tests.StringExtensionsTests" name="ToUri_Passing_ValidValueString_Returns_Uri" />
    </UnitTest>
    <UnitTest name="ToIsEmailThrow_Passing_InvalidValue_Returns_ApplicationExceptionWithMessage (34fsds@@sdd.f)" storage="d:\sferrari\01 - trabajo\repos\netcore\libs\template-netcore-shared\kitpymes.core.shared.tests\bin\release\net5.0\kitpymes.core.shared.tests.dll" id="276d7793-25fd-4978-affe-80f4c54105c0">
      <Execution id="299cc023-09db-47b8-8035-fa89dd293b18" />
      <TestMethod codeBase="D:\SFERRARI\01 - TRABAJO\repos\netcore\libs\template-netcore-shared\Kitpymes.Core.Shared.Tests\bin\Release\net5.0\Kitpymes.Core.Shared.Tests.dll" adapterTypeName="executor://mstestadapter/v2" className="Kitpymes.Core.Shared.Tests.CheckExtensionsTests" name="ToIsEmailThrow_Passing_InvalidValue_Returns_ApplicationExceptionWithMessage" />
    </UnitTest>
    <UnitTest name="ToNormalize_Passing_ValidValue_Returns_NormalizedValue (ç,c)" storage="d:\sferrari\01 - trabajo\repos\netcore\libs\template-netcore-shared\kitpymes.core.shared.tests\bin\release\net5.0\kitpymes.core.shared.tests.dll" id="16871c6e-fca8-4f2f-a014-7b9fdca92fc0">
      <Execution id="5ca3b31d-2d9e-4630-8f7e-d3b44caf1ce6" />
      <TestMethod codeBase="D:\SFERRARI\01 - TRABAJO\repos\netcore\libs\template-netcore-shared\Kitpymes.Core.Shared.Tests\bin\Release\net5.0\Kitpymes.Core.Shared.Tests.dll" adapterTypeName="executor://mstestadapter/v2" className="Kitpymes.Core.Shared.Tests.StringExtensionsTests" name="ToNormalize_Passing_ValidValue_Returns_NormalizedValue" />
    </UnitTest>
    <UnitTest name="ToUri_Passing_InvalidValueString_Returns_DefaultValue (http://?)" storage="d:\sferrari\01 - trabajo\repos\netcore\libs\template-netcore-shared\kitpymes.core.shared.tests\bin\release\net5.0\kitpymes.core.shared.tests.dll" id="f608a856-69ef-400f-bf7a-f3c15d0ea902">
      <Execution id="4349dace-45fd-44d6-ac0e-0e69e8ae962f" />
      <TestMethod codeBase="D:\SFERRARI\01 - TRABAJO\repos\netcore\libs\template-netcore-shared\Kitpymes.Core.Shared.Tests\bin\Release\net5.0\Kitpymes.Core.Shared.Tests.dll" adapterTypeName="executor://mstestadapter/v2" className="Kitpymes.Core.Shared.Tests.StringExtensionsTests" name="ToUri_Passing_InvalidValueString_Returns_DefaultValue" />
    </UnitTest>
    <UnitTest name="ToDefaultValue_Passing_char_Returns_Cero" storage="d:\sferrari\01 - trabajo\repos\netcore\libs\template-netcore-shared\kitpymes.core.shared.tests\bin\release\net5.0\kitpymes.core.shared.tests.dll" id="88b765b1-e35c-4eec-b540-825cf57a9ca1">
      <Execution id="3dca7971-c313-457b-afe4-adf556ad7c0b" />
      <TestMethod codeBase="D:\SFERRARI\01 - TRABAJO\repos\netcore\libs\template-netcore-shared\Kitpymes.Core.Shared.Tests\bin\Release\net5.0\Kitpymes.Core.Shared.Tests.dll" adapterTypeName="executor://mstestadapter/v2" className="Kitpymes.Core.Shared.Tests.GenericExtensionsTests" name="ToDefaultValue_Passing_char_Returns_Cero" />
    </UnitTest>
    <UnitTest name="ToRemove_Passing_ValidValue_Returns_ValueWithoutRemovedChars ( * , ,*)" storage="d:\sferrari\01 - trabajo\repos\netcore\libs\template-netcore-shared\kitpymes.core.shared.tests\bin\release\net5.0\kitpymes.core.shared.tests.dll" id="9b27eb4c-2f80-465d-b216-f5a2b5f11d11">
      <Execution id="e0803c19-b448-438f-8046-4e6886fa94d8" />
      <TestMethod codeBase="D:\SFERRARI\01 - TRABAJO\repos\netcore\libs\template-netcore-shared\Kitpymes.Core.Shared.Tests\bin\Release\net5.0\Kitpymes.Core.Shared.Tests.dll" adapterTypeName="executor://mstestadapter/v2" className="Kitpymes.Core.Shared.Tests.StringExtensionsTests" name="ToRemove_Passing_ValidValue_Returns_ValueWithoutRemovedChars" />
    </UnitTest>
    <UnitTest name="ToSerialize_Passing_Objects_Returns_String_Values" storage="d:\sferrari\01 - trabajo\repos\netcore\libs\template-netcore-shared\kitpymes.core.shared.tests\bin\release\net5.0\kitpymes.core.shared.tests.dll" id="d7b92a4a-6cbb-45d9-a1ca-e392206dddb2">
      <Execution id="1fb68ab5-e96a-474d-8cbe-b26a71c7a8c7" />
      <TestMethod codeBase="D:\SFERRARI\01 - TRABAJO\repos\netcore\libs\template-netcore-shared\Kitpymes.Core.Shared.Tests\bin\Release\net5.0\Kitpymes.Core.Shared.Tests.dll" adapterTypeName="executor://mstestadapter/v2" className="Kitpymes.Core.Shared.Tests.JsonExtensionsTests" name="ToSerialize_Passing_Objects_Returns_String_Values" />
    </UnitTest>
    <UnitTest name="ToUri_Passing_ValidValueString_Returns_Uri (http://foo.com/blah_blah?p=5&amp;j=fe)" storage="d:\sferrari\01 - trabajo\repos\netcore\libs\template-netcore-shared\kitpymes.core.shared.tests\bin\release\net5.0\kitpymes.core.shared.tests.dll" id="5fe077c2-7462-461f-8d68-4ec6292f9873">
      <Execution id="49ddc092-e544-4776-a3f8-bd3ab8504b94" />
      <TestMethod codeBase="D:\SFERRARI\01 - TRABAJO\repos\netcore\libs\template-netcore-shared\Kitpymes.Core.Shared.Tests\bin\Release\net5.0\Kitpymes.Core.Shared.Tests.dll" adapterTypeName="executor://mstestadapter/v2" className="Kitpymes.Core.Shared.Tests.StringExtensionsTests" name="ToUri_Passing_ValidValueString_Returns_Uri" />
    </UnitTest>
    <UnitTest name="ToExists_Passing_Valid_Service_Returns_True" storage="d:\sferrari\01 - trabajo\repos\netcore\libs\template-netcore-shared\kitpymes.core.shared.tests\bin\release\net5.0\kitpymes.core.shared.tests.dll" id="b894e2a3-0850-460b-aeb2-eaeef70fb116">
      <Execution id="3371f286-3da1-49d1-b843-67566ca7d394" />
      <TestMethod codeBase="D:\SFERRARI\01 - TRABAJO\repos\netcore\libs\template-netcore-shared\Kitpymes.Core.Shared.Tests\bin\Release\net5.0\Kitpymes.Core.Shared.Tests.dll" adapterTypeName="executor://mstestadapter/v2" className="Kitpymes.Core.Shared.Tests.ApplicationBuilderExtensionsTests" name="ToExists_Passing_Valid_Service_Returns_True" />
    </UnitTest>
    <UnitTest name="IsUniqueChars_Passing_InvalidArguments_Returns_HasErrorsAndCount" storage="d:\sferrari\01 - trabajo\repos\netcore\libs\template-netcore-shared\kitpymes.core.shared.tests\bin\release\net5.0\kitpymes.core.shared.tests.dll" id="2ef6226c-f460-4b74-9d77-aff81cc24238">
      <Execution id="76ce521f-a8dd-43d1-a97c-db20b93ea31d" />
      <TestMethod codeBase="D:\SFERRARI\01 - TRABAJO\repos\netcore\libs\template-netcore-shared\Kitpymes.Core.Shared.Tests\bin\Release\net5.0\Kitpymes.Core.Shared.Tests.dll" adapterTypeName="executor://mstestadapter/v2" className="Kitpymes.Core.Shared.Tests.CheckTests" name="IsUniqueChars_Passing_InvalidArguments_Returns_HasErrorsAndCount" />
    </UnitTest>
    <UnitTest name="ToNormalize_Passing_ValidValue_Returns_NormalizedValue (àáäâãøçħ,aaaaaoch)" storage="d:\sferrari\01 - trabajo\repos\netcore\libs\template-netcore-shared\kitpymes.core.shared.tests\bin\release\net5.0\kitpymes.core.shared.tests.dll" id="6fb7a7ee-02a0-465e-a984-dc25f9ff8ca0">
      <Execution id="b9cc5727-6603-4cb0-84a5-cb29e120d1c9" />
      <TestMethod codeBase="D:\SFERRARI\01 - TRABAJO\repos\netcore\libs\template-netcore-shared\Kitpymes.Core.Shared.Tests\bin\Release\net5.0\Kitpymes.Core.Shared.Tests.dll" adapterTypeName="executor://mstestadapter/v2" className="Kitpymes.Core.Shared.Tests.StringExtensionsTests" name="ToNormalize_Passing_ValidValue_Returns_NormalizedValue" />
    </UnitTest>
    <UnitTest name="ToDefaultValue_Passing_sbyte_Returns_Cero" storage="d:\sferrari\01 - trabajo\repos\netcore\libs\template-netcore-shared\kitpymes.core.shared.tests\bin\release\net5.0\kitpymes.core.shared.tests.dll" id="0fc20f2d-7701-4a3d-a7e6-732db317f99b">
      <Execution id="eeb7700a-5368-487f-b2b3-1080b9c0cc1f" />
      <TestMethod codeBase="D:\SFERRARI\01 - TRABAJO\repos\netcore\libs\template-netcore-shared\Kitpymes.Core.Shared.Tests\bin\Release\net5.0\Kitpymes.Core.Shared.Tests.dll" adapterTypeName="executor://mstestadapter/v2" className="Kitpymes.Core.Shared.Tests.GenericExtensionsTests" name="ToDefaultValue_Passing_sbyte_Returns_Cero" />
    </UnitTest>
    <UnitTest name="CreateRandom_WithDefaultAllowableCharacters_Passing_ValidArguments_Returns_String_Random_Value (10)" storage="d:\sferrari\01 - trabajo\repos\netcore\libs\template-netcore-shared\kitpymes.core.shared.tests\bin\release\net5.0\kitpymes.core.shared.tests.dll" id="15af1e37-e609-437f-b5a4-2d1d875c7274">
      <Execution id="f7f0f062-7d13-4b3b-98fd-e21a6f5eb815" />
      <TestMethod codeBase="D:\SFERRARI\01 - TRABAJO\repos\netcore\libs\template-netcore-shared\Kitpymes.Core.Shared.Tests\bin\Release\net5.0\Kitpymes.Core.Shared.Tests.dll" adapterTypeName="executor://mstestadapter/v2" className="Kitpymes.Core.Shared.Tests.HashTests" name="CreateRandom_WithDefaultAllowableCharacters_Passing_ValidArguments_Returns_String_Random_Value" />
    </UnitTest>
    <UnitTest name="ToSubdomain_Passing_HttpRequest_Host_Returns_Subdomain" storage="d:\sferrari\01 - trabajo\repos\netcore\libs\template-netcore-shared\kitpymes.core.shared.tests\bin\release\net5.0\kitpymes.core.shared.tests.dll" id="3924d155-4192-4c04-b2a2-3b3498ae7125">
      <Execution id="28da2c8c-3a63-46ce-9dfd-a098b43aeed6" />
      <TestMethod codeBase="D:\SFERRARI\01 - TRABAJO\repos\netcore\libs\template-netcore-shared\Kitpymes.Core.Shared.Tests\bin\Release\net5.0\Kitpymes.Core.Shared.Tests.dll" adapterTypeName="executor://mstestadapter/v2" className="Kitpymes.Core.Shared.Tests.HttpRequestExtensionsTests" name="ToSubdomain_Passing_HttpRequest_Host_Returns_Subdomain" />
    </UnitTest>
    <UnitTest name="ToDictionaryPropertyInfo_Passing_Object_Not_IncludeNullOrEmptyProperty_Returns_Properties_NameAndValue_Dictionary" storage="d:\sferrari\01 - trabajo\repos\netcore\libs\template-netcore-shared\kitpymes.core.shared.tests\bin\release\net5.0\kitpymes.core.shared.tests.dll" id="8c3f16cc-6ad5-4679-87f5-58423d4fdb33">
      <Execution id="bc1217eb-fa23-4ba2-9c71-c1b0d9b8fdfc" />
      <TestMethod codeBase="D:\SFERRARI\01 - TRABAJO\repos\netcore\libs\template-netcore-shared\Kitpymes.Core.Shared.Tests\bin\Release\net5.0\Kitpymes.Core.Shared.Tests.dll" adapterTypeName="executor://mstestadapter/v2" className="Kitpymes.Core.Shared.Tests.GenericExtensionsTests" name="ToDictionaryPropertyInfo_Passing_Object_Not_IncludeNullOrEmptyProperty_Returns_Properties_NameAndValue_Dictionary" />
    </UnitTest>
    <UnitTest name="ToUri_Passing_InvalidValueString_Returns_DefaultValue (http://??)" storage="d:\sferrari\01 - trabajo\repos\netcore\libs\template-netcore-shared\kitpymes.core.shared.tests\bin\release\net5.0\kitpymes.core.shared.tests.dll" id="8ebf23be-7ac8-4e98-9dcd-1757a87de5c9">
      <Execution id="94926c3a-fae2-412f-8c18-afe3060362fe" />
      <TestMethod codeBase="D:\SFERRARI\01 - TRABAJO\repos\netcore\libs\template-netcore-shared\Kitpymes.Core.Shared.Tests\bin\Release\net5.0\Kitpymes.Core.Shared.Tests.dll" adapterTypeName="executor://mstestadapter/v2" className="Kitpymes.Core.Shared.Tests.StringExtensionsTests" name="ToUri_Passing_InvalidValueString_Returns_DefaultValue" />
    </UnitTest>
    <UnitTest name="ToIsFileThrow_Passing_InvalidValue_Returns_ApplicationExceptionWithMessage" storage="d:\sferrari\01 - trabajo\repos\netcore\libs\template-netcore-shared\kitpymes.core.shared.tests\bin\release\net5.0\kitpymes.core.shared.tests.dll" id="f6285360-ba90-4046-8e40-14d37b1860c7">
      <Execution id="f6768628-1607-4c09-bd40-1945293ba1a9" />
      <TestMethod codeBase="D:\SFERRARI\01 - TRABAJO\repos\netcore\libs\template-netcore-shared\Kitpymes.Core.Shared.Tests\bin\Release\net5.0\Kitpymes.Core.Shared.Tests.dll" adapterTypeName="executor://mstestadapter/v2" className="Kitpymes.Core.Shared.Tests.CheckExtensionsTests" name="ToIsFileThrow_Passing_InvalidValue_Returns_ApplicationExceptionWithMessage" />
    </UnitTest>
    <UnitTest name="ToGetAll_Passing_Claims_Returns_Claim_Value_Int_List" storage="d:\sferrari\01 - trabajo\repos\netcore\libs\template-netcore-shared\kitpymes.core.shared.tests\bin\release\net5.0\kitpymes.core.shared.tests.dll" id="f4044961-d73a-44f1-86b7-f102cbc1b5e8">
      <Execution id="8d65c02a-67fd-40d8-a9b4-f552d1ae3218" />
      <TestMethod codeBase="D:\SFERRARI\01 - TRABAJO\repos\netcore\libs\template-netcore-shared\Kitpymes.Core.Shared.Tests\bin\Release\net5.0\Kitpymes.Core.Shared.Tests.dll" adapterTypeName="executor://mstestadapter/v2" className="Kitpymes.Core.Shared.Tests.ClaimsPrincipalExtensionsTests" name="ToGetAll_Passing_Claims_Returns_Claim_Value_Int_List" />
    </UnitTest>
    <UnitTest name="ToMapList_Passing_Source_Type_And_Destination_Type_Returns_Destination_Object_List" storage="d:\sferrari\01 - trabajo\repos\netcore\libs\template-netcore-shared\kitpymes.core.shared.tests\bin\release\net5.0\kitpymes.core.shared.tests.dll" id="0cbd4078-98c5-4295-842e-c6c7cbb3aa70">
      <Execution id="f6bd6869-0417-433e-9017-73b7ae3956ab" />
      <TestMethod codeBase="D:\SFERRARI\01 - TRABAJO\repos\netcore\libs\template-netcore-shared\Kitpymes.Core.Shared.Tests\bin\Release\net5.0\Kitpymes.Core.Shared.Tests.dll" adapterTypeName="executor://mstestadapter/v2" className="Kitpymes.Core.Shared.Tests.AgileMapperExtensionsTests" name="ToMapList_Passing_Source_Type_And_Destination_Type_Returns_Destination_Object_List" />
    </UnitTest>
    <UnitTest name="ToEmailMaskUserNameAndDomain_Passing_ValidEmail_Returns_EmailWithMask (qazwsx@gmail.com,q****x@g***l.com)" storage="d:\sferrari\01 - trabajo\repos\netcore\libs\template-netcore-shared\kitpymes.core.shared.tests\bin\release\net5.0\kitpymes.core.shared.tests.dll" id="6eb589f5-8020-460d-b758-ddd44e5c7c14">
      <Execution id="e80992bc-5d8d-4ebf-9792-24749aba27a3" />
      <TestMethod codeBase="D:\SFERRARI\01 - TRABAJO\repos\netcore\libs\template-netcore-shared\Kitpymes.Core.Shared.Tests\bin\Release\net5.0\Kitpymes.Core.Shared.Tests.dll" adapterTypeName="executor://mstestadapter/v2" className="Kitpymes.Core.Shared.Tests.StringExtensionsTests" name="ToEmailMaskUserNameAndDomain_Passing_ValidEmail_Returns_EmailWithMask" />
    </UnitTest>
    <UnitTest name="ToFirstLetterUpper_Passing_ValidValue_Returns_StringWithFirstLetterUpper (aeiou,Aeiou)" storage="d:\sferrari\01 - trabajo\repos\netcore\libs\template-netcore-shared\kitpymes.core.shared.tests\bin\release\net5.0\kitpymes.core.shared.tests.dll" id="af872551-d69a-4618-b3e6-e06b287ac9cc">
      <Execution id="955d3526-8584-4ef1-952a-2732dab46b95" />
      <TestMethod codeBase="D:\SFERRARI\01 - TRABAJO\repos\netcore\libs\template-netcore-shared\Kitpymes.Core.Shared.Tests\bin\Release\net5.0\Kitpymes.Core.Shared.Tests.dll" adapterTypeName="executor://mstestadapter/v2" className="Kitpymes.Core.Shared.Tests.StringExtensionsTests" name="ToFirstLetterUpper_Passing_ValidValue_Returns_StringWithFirstLetterUpper" />
    </UnitTest>
    <UnitTest name="ToEnum_Passing_ValidValue_String_Returns_EnumValue" storage="d:\sferrari\01 - trabajo\repos\netcore\libs\template-netcore-shared\kitpymes.core.shared.tests\bin\release\net5.0\kitpymes.core.shared.tests.dll" id="2a7e47ec-9299-4f49-8c8b-b38e77f2417c">
      <Execution id="8d92c564-cb7e-4007-a393-3c7f99fc661d" />
      <TestMethod codeBase="D:\SFERRARI\01 - TRABAJO\repos\netcore\libs\template-netcore-shared\Kitpymes.Core.Shared.Tests\bin\Release\net5.0\Kitpymes.Core.Shared.Tests.dll" adapterTypeName="executor://mstestadapter/v2" className="Kitpymes.Core.Shared.Tests.StringExtensionsTests" name="ToEnum_Passing_ValidValue_String_Returns_EnumValue" />
    </UnitTest>
    <UnitTest name="ToReplaceSpecialChars_Passing_ValidValue_Returns_ReplacedValueWithoutIgnoreSpecialChars (*¨^_:-?¿;,?¿,?¿)" storage="d:\sferrari\01 - trabajo\repos\netcore\libs\template-netcore-shared\kitpymes.core.shared.tests\bin\release\net5.0\kitpymes.core.shared.tests.dll" id="299dfb82-46a0-4e74-9796-17468141278a">
      <Execution id="9048325a-831d-410b-8513-3ba46a746fcb" />
      <TestMethod codeBase="D:\SFERRARI\01 - TRABAJO\repos\netcore\libs\template-netcore-shared\Kitpymes.Core.Shared.Tests\bin\Release\net5.0\Kitpymes.Core.Shared.Tests.dll" adapterTypeName="executor://mstestadapter/v2" className="Kitpymes.Core.Shared.Tests.StringExtensionsTests" name="ToReplaceSpecialChars_Passing_ValidValue_Returns_ReplacedValueWithoutIgnoreSpecialChars" />
    </UnitTest>
    <UnitTest name="ToList_Passing_ValidEnumTypeWithSelectedValue_Returns_ValuesList" storage="d:\sferrari\01 - trabajo\repos\netcore\libs\template-netcore-shared\kitpymes.core.shared.tests\bin\release\net5.0\kitpymes.core.shared.tests.dll" id="cdb4f474-efb5-4f8c-8923-c9d8f9a2bfdf">
      <Execution id="038739d8-7507-4d4b-a5f6-670fff944bfb" />
      <TestMethod codeBase="D:\SFERRARI\01 - TRABAJO\repos\netcore\libs\template-netcore-shared\Kitpymes.Core.Shared.Tests\bin\Release\net5.0\Kitpymes.Core.Shared.Tests.dll" adapterTypeName="executor://mstestadapter/v2" className="Kitpymes.Core.Shared.Tests.EnumsTests" name="ToList_Passing_ValidEnumTypeWithSelectedValue_Returns_ValuesList" />
    </UnitTest>
    <UnitTest name="IsDomain_Passing_ValidArguments_Returns_HasErrorsAndCount" storage="d:\sferrari\01 - trabajo\repos\netcore\libs\template-netcore-shared\kitpymes.core.shared.tests\bin\release\net5.0\kitpymes.core.shared.tests.dll" id="a7d67dfa-b75f-4439-be1a-376a2097e14b">
      <Execution id="0d1bb2da-28e6-45e6-b414-44476e8a3115" />
      <TestMethod codeBase="D:\SFERRARI\01 - TRABAJO\repos\netcore\libs\template-netcore-shared\Kitpymes.Core.Shared.Tests\bin\Release\net5.0\Kitpymes.Core.Shared.Tests.dll" adapterTypeName="executor://mstestadapter/v2" className="Kitpymes.Core.Shared.Tests.CheckTests" name="IsDomain_Passing_ValidArguments_Returns_HasErrorsAndCount" />
    </UnitTest>
    <UnitTest name="ToEnvironment_Passing_Production_Enviroment_Returns_Production_Name" storage="d:\sferrari\01 - trabajo\repos\netcore\libs\template-netcore-shared\kitpymes.core.shared.tests\bin\release\net5.0\kitpymes.core.shared.tests.dll" id="8e2e0d77-8ab4-4cfb-9e84-fbec6147041a">
      <Execution id="bacd630b-01a5-4e07-8219-35f1627236fe" />
      <TestMethod codeBase="D:\SFERRARI\01 - TRABAJO\repos\netcore\libs\template-netcore-shared\Kitpymes.Core.Shared.Tests\bin\Release\net5.0\Kitpymes.Core.Shared.Tests.dll" adapterTypeName="executor://mstestadapter/v2" className="Kitpymes.Core.Shared.Tests.ApplicationBuilderExtensionsTests" name="ToEnvironment_Passing_Production_Enviroment_Returns_Production_Name" />
    </UnitTest>
    <UnitTest name="IsNullOrEmpty_Passing_InvalidArguments_Returns_HasErrorsAndCount" storage="d:\sferrari\01 - trabajo\repos\netcore\libs\template-netcore-shared\kitpymes.core.shared.tests\bin\release\net5.0\kitpymes.core.shared.tests.dll" id="8b095506-c9b7-44e9-b4ca-d066a41c4f44">
      <Execution id="911c6424-6e82-4523-9d5b-2ed142bd6742" />
      <TestMethod codeBase="D:\SFERRARI\01 - TRABAJO\repos\netcore\libs\template-netcore-shared\Kitpymes.Core.Shared.Tests\bin\Release\net5.0\Kitpymes.Core.Shared.Tests.dll" adapterTypeName="executor://mstestadapter/v2" className="Kitpymes.Core.Shared.Tests.CheckTests" name="IsNullOrEmpty_Passing_InvalidArguments_Returns_HasErrorsAndCount" />
    </UnitTest>
    <UnitTest name="ToUri_Passing_ValidValueString_Returns_Uri (http://userid:password@example.com/)" storage="d:\sferrari\01 - trabajo\repos\netcore\libs\template-netcore-shared\kitpymes.core.shared.tests\bin\release\net5.0\kitpymes.core.shared.tests.dll" id="1e71942d-d03b-4111-a862-49533765c5b0">
      <Execution id="f5376a22-b3fa-4ec5-9352-613856026591" />
      <TestMethod codeBase="D:\SFERRARI\01 - TRABAJO\repos\netcore\libs\template-netcore-shared\Kitpymes.Core.Shared.Tests\bin\Release\net5.0\Kitpymes.Core.Shared.Tests.dll" adapterTypeName="executor://mstestadapter/v2" className="Kitpymes.Core.Shared.Tests.StringExtensionsTests" name="ToUri_Passing_ValidValueString_Returns_Uri" />
    </UnitTest>
    <UnitTest name="ToNormalize_Passing_ValidValue_Returns_NormalizedValue (héllo,hello)" storage="d:\sferrari\01 - trabajo\repos\netcore\libs\template-netcore-shared\kitpymes.core.shared.tests\bin\release\net5.0\kitpymes.core.shared.tests.dll" id="7123b9ec-06c0-4bf9-aa9a-c0976722b093">
      <Execution id="161b0f4f-2a18-4c39-b9ce-225893656e32" />
      <TestMethod codeBase="D:\SFERRARI\01 - TRABAJO\repos\netcore\libs\template-netcore-shared\Kitpymes.Core.Shared.Tests\bin\Release\net5.0\Kitpymes.Core.Shared.Tests.dll" adapterTypeName="executor://mstestadapter/v2" className="Kitpymes.Core.Shared.Tests.StringExtensionsTests" name="ToNormalize_Passing_ValidValue_Returns_NormalizedValue" />
    </UnitTest>
    <UnitTest name="ToStringFormat_Passing_ValidValue_Returns_ValueWithoutRemovedChars (-1)" storage="d:\sferrari\01 - trabajo\repos\netcore\libs\template-netcore-shared\kitpymes.core.shared.tests\bin\release\net5.0\kitpymes.core.shared.tests.dll" id="c7b3cae5-6501-488a-9fb4-72962914991d">
      <Execution id="3be2a367-786b-44d8-b6e0-fb83a6c5929a" />
      <TestMethod codeBase="D:\SFERRARI\01 - TRABAJO\repos\netcore\libs\template-netcore-shared\Kitpymes.Core.Shared.Tests\bin\Release\net5.0\Kitpymes.Core.Shared.Tests.dll" adapterTypeName="executor://mstestadapter/v2" className="Kitpymes.Core.Shared.Tests.IntegerExtensionsTests" name="ToStringFormat_Passing_ValidValue_Returns_ValueWithoutRemovedChars" />
    </UnitTest>
    <UnitTest name="ToInt_Passing_Enumeration_Name_Returns_Description_Atributte" storage="d:\sferrari\01 - trabajo\repos\netcore\libs\template-netcore-shared\kitpymes.core.shared.tests\bin\release\net5.0\kitpymes.core.shared.tests.dll" id="aad15a26-935c-43e1-9845-3d5cad2c56d4">
      <Execution id="019196b4-b839-49e0-86e9-430601b55228" />
      <TestMethod codeBase="D:\SFERRARI\01 - TRABAJO\repos\netcore\libs\template-netcore-shared\Kitpymes.Core.Shared.Tests\bin\Release\net5.0\Kitpymes.Core.Shared.Tests.dll" adapterTypeName="executor://mstestadapter/v2" className="Kitpymes.Core.Shared.Tests.EnumExtensionsTests" name="ToInt_Passing_Enumeration_Name_Returns_Description_Atributte" />
    </UnitTest>
    <UnitTest name="ToDefaultValue_Passing_ValidStruct_Returns_DefaultValue" storage="d:\sferrari\01 - trabajo\repos\netcore\libs\template-netcore-shared\kitpymes.core.shared.tests\bin\release\net5.0\kitpymes.core.shared.tests.dll" id="b900bb9f-e5f4-4df3-a1ba-50acf955719a">
      <Execution id="b8c8bda4-f160-4b62-bd7e-e4fc6c040ca2" />
      <TestMethod codeBase="D:\SFERRARI\01 - TRABAJO\repos\netcore\libs\template-netcore-shared\Kitpymes.Core.Shared.Tests\bin\Release\net5.0\Kitpymes.Core.Shared.Tests.dll" adapterTypeName="executor://mstestadapter/v2" className="Kitpymes.Core.Shared.Tests.TypeExtensionsTests" name="ToDefaultValue_Passing_ValidStruct_Returns_DefaultValue" />
    </UnitTest>
    <UnitTest name="ToIsLastDayOfTheMonth_Passing_NotLastDayOfMonth_Returns_False" storage="d:\sferrari\01 - trabajo\repos\netcore\libs\template-netcore-shared\kitpymes.core.shared.tests\bin\release\net5.0\kitpymes.core.shared.tests.dll" id="2bd47c03-8bd5-491c-acbf-af4f2db64862">
      <Execution id="e41b2409-213c-4d54-ae0b-3a4b303ba298" />
      <TestMethod codeBase="D:\SFERRARI\01 - TRABAJO\repos\netcore\libs\template-netcore-shared\Kitpymes.Core.Shared.Tests\bin\Release\net5.0\Kitpymes.Core.Shared.Tests.dll" adapterTypeName="executor://mstestadapter/v2" className="Kitpymes.Core.Shared.Tests.DateTimeExtensionsTests" name="ToIsLastDayOfTheMonth_Passing_NotLastDayOfMonth_Returns_False" />
    </UnitTest>
    <UnitTest name="ToUri_Passing_InvalidValueString_Returns_DefaultValue (http://??/)" storage="d:\sferrari\01 - trabajo\repos\netcore\libs\template-netcore-shared\kitpymes.core.shared.tests\bin\release\net5.0\kitpymes.core.shared.tests.dll" id="72173caa-41e4-4278-b442-fd6b254b8256">
      <Execution id="681c99cd-e876-4dcf-9405-30825ac2af8f" />
      <TestMethod codeBase="D:\SFERRARI\01 - TRABAJO\repos\netcore\libs\template-netcore-shared\Kitpymes.Core.Shared.Tests\bin\Release\net5.0\Kitpymes.Core.Shared.Tests.dll" adapterTypeName="executor://mstestadapter/v2" className="Kitpymes.Core.Shared.Tests.StringExtensionsTests" name="ToUri_Passing_InvalidValueString_Returns_DefaultValue" />
    </UnitTest>
    <UnitTest name="CreateSHA256_Passing_Invalid_Arguments_Returns_ApplicationException ()" storage="d:\sferrari\01 - trabajo\repos\netcore\libs\template-netcore-shared\kitpymes.core.shared.tests\bin\release\net5.0\kitpymes.core.shared.tests.dll" id="9e489f72-019a-4252-96dc-78f18010f542">
      <Execution id="38746052-e8fa-41ba-ad10-e9de7c27dd78" />
      <TestMethod codeBase="D:\SFERRARI\01 - TRABAJO\repos\netcore\libs\template-netcore-shared\Kitpymes.Core.Shared.Tests\bin\Release\net5.0\Kitpymes.Core.Shared.Tests.dll" adapterTypeName="executor://mstestadapter/v2" className="Kitpymes.Core.Shared.Tests.HashTests" name="CreateSHA256_Passing_Invalid_Arguments_Returns_ApplicationException" />
    </UnitTest>
    <UnitTest name="ToIsLastDayOfTheMonth_Passing_LastDayOfMonth_Returns_True" storage="d:\sferrari\01 - trabajo\repos\netcore\libs\template-netcore-shared\kitpymes.core.shared.tests\bin\release\net5.0\kitpymes.core.shared.tests.dll" id="f4a3ec14-3472-47cf-800f-e83224c638d2">
      <Execution id="d236e40b-f702-4760-959f-55b09e292227" />
      <TestMethod codeBase="D:\SFERRARI\01 - TRABAJO\repos\netcore\libs\template-netcore-shared\Kitpymes.Core.Shared.Tests\bin\Release\net5.0\Kitpymes.Core.Shared.Tests.dll" adapterTypeName="executor://mstestadapter/v2" className="Kitpymes.Core.Shared.Tests.DateTimeExtensionsTests" name="ToIsLastDayOfTheMonth_Passing_LastDayOfMonth_Returns_True" />
    </UnitTest>
    <UnitTest name="ToUri_Passing_ValidValueString_Returns_Uri (http://foo.com/blah_blah/p=5)" storage="d:\sferrari\01 - trabajo\repos\netcore\libs\template-netcore-shared\kitpymes.core.shared.tests\bin\release\net5.0\kitpymes.core.shared.tests.dll" id="3f251c5b-e069-44b0-91cd-6e081a6d0b85">
      <Execution id="f1e7597b-fb09-4656-899b-479bf067dd82" />
      <TestMethod codeBase="D:\SFERRARI\01 - TRABAJO\repos\netcore\libs\template-netcore-shared\Kitpymes.Core.Shared.Tests\bin\Release\net5.0\Kitpymes.Core.Shared.Tests.dll" adapterTypeName="executor://mstestadapter/v2" className="Kitpymes.Core.Shared.Tests.StringExtensionsTests" name="ToUri_Passing_ValidValueString_Returns_Uri" />
    </UnitTest>
    <UnitTest name="ToEmailMaskUserNameAndDomain_Passing_ValidEmail_Returns_EmailWithMask (qaz@gmailgmail.com,q*z@g********l.com)" storage="d:\sferrari\01 - trabajo\repos\netcore\libs\template-netcore-shared\kitpymes.core.shared.tests\bin\release\net5.0\kitpymes.core.shared.tests.dll" id="358be35e-2509-440c-8fc2-fceefb6974c5">
      <Execution id="78d01b0b-6b01-4293-9335-5590c8a70d98" />
      <TestMethod codeBase="D:\SFERRARI\01 - TRABAJO\repos\netcore\libs\template-netcore-shared\Kitpymes.Core.Shared.Tests\bin\Release\net5.0\Kitpymes.Core.Shared.Tests.dll" adapterTypeName="executor://mstestadapter/v2" className="Kitpymes.Core.Shared.Tests.StringExtensionsTests" name="ToEmailMaskUserNameAndDomain_Passing_ValidEmail_Returns_EmailWithMask" />
    </UnitTest>
    <UnitTest name="ToPaged_Passing_Name_Descending_Order_Returns_Filter_List" storage="d:\sferrari\01 - trabajo\repos\netcore\libs\template-netcore-shared\kitpymes.core.shared.tests\bin\release\net5.0\kitpymes.core.shared.tests.dll" id="ac0fa597-36b6-4740-a394-c188010f4f67">
      <Execution id="2ded67b2-bea2-41ce-a031-4a550f82c090" />
      <TestMethod codeBase="D:\SFERRARI\01 - TRABAJO\repos\netcore\libs\template-netcore-shared\Kitpymes.Core.Shared.Tests\bin\Release\net5.0\Kitpymes.Core.Shared.Tests.dll" adapterTypeName="executor://mstestadapter/v2" className="Kitpymes.Core.Shared.Tests.QueryableExtensionsTests" name="ToPaged_Passing_Name_Descending_Order_Returns_Filter_List" />
    </UnitTest>
    <UnitTest name="ToEmailMask_Passing_ValidEmail_Returns_EmailWithMask (qaz@gmailgmail.com,q-z@g---------.com)" storage="d:\sferrari\01 - trabajo\repos\netcore\libs\template-netcore-shared\kitpymes.core.shared.tests\bin\release\net5.0\kitpymes.core.shared.tests.dll" id="8a453d81-2229-4214-bb7d-c8d35d76c505">
      <Execution id="f109cb16-c1fe-46c3-846e-5cb9f0e8a479" />
      <TestMethod codeBase="D:\SFERRARI\01 - TRABAJO\repos\netcore\libs\template-netcore-shared\Kitpymes.Core.Shared.Tests\bin\Release\net5.0\Kitpymes.Core.Shared.Tests.dll" adapterTypeName="executor://mstestadapter/v2" className="Kitpymes.Core.Shared.Tests.StringExtensionsTests" name="ToEmailMask_Passing_ValidEmail_Returns_EmailWithMask" />
    </UnitTest>
    <UnitTest name="IsSubdomain_Passing_InvalidArguments_Returns_HasErrorsAndCount" storage="d:\sferrari\01 - trabajo\repos\netcore\libs\template-netcore-shared\kitpymes.core.shared.tests\bin\release\net5.0\kitpymes.core.shared.tests.dll" id="cf60736f-865d-4927-9512-c60278764f3e">
      <Execution id="d3c0933b-617f-442d-a1e3-24b78a759e9f" />
      <TestMethod codeBase="D:\SFERRARI\01 - TRABAJO\repos\netcore\libs\template-netcore-shared\Kitpymes.Core.Shared.Tests\bin\Release\net5.0\Kitpymes.Core.Shared.Tests.dll" adapterTypeName="executor://mstestadapter/v2" className="Kitpymes.Core.Shared.Tests.CheckTests" name="IsSubdomain_Passing_InvalidArguments_Returns_HasErrorsAndCount" />
    </UnitTest>
    <UnitTest name="CreateAndVerifySHA512_Passing_Valid_Arguments_Returns_True (Password)" storage="d:\sferrari\01 - trabajo\repos\netcore\libs\template-netcore-shared\kitpymes.core.shared.tests\bin\release\net5.0\kitpymes.core.shared.tests.dll" id="6cdd24ba-f456-4fde-a564-12a2977e1634">
      <Execution id="b244c485-01dc-4e7b-8d51-2cfe98a4e44c" />
      <TestMethod codeBase="D:\SFERRARI\01 - TRABAJO\repos\netcore\libs\template-netcore-shared\Kitpymes.Core.Shared.Tests\bin\Release\net5.0\Kitpymes.Core.Shared.Tests.dll" adapterTypeName="executor://mstestadapter/v2" className="Kitpymes.Core.Shared.Tests.HashTests" name="CreateAndVerifySHA512_Passing_Valid_Arguments_Returns_True" />
    </UnitTest>
    <UnitTest name="ToReplace_Passing_ValidValue_Returns_ReplacedValue (aeiou,*,0,3,***ou)" storage="d:\sferrari\01 - trabajo\repos\netcore\libs\template-netcore-shared\kitpymes.core.shared.tests\bin\release\net5.0\kitpymes.core.shared.tests.dll" id="bd4bba60-d180-44db-9a23-4c85393c9a93">
      <Execution id="349c986b-63a7-47ea-848b-1bbe62ac5722" />
      <TestMethod codeBase="D:\SFERRARI\01 - TRABAJO\repos\netcore\libs\template-netcore-shared\Kitpymes.Core.Shared.Tests\bin\Release\net5.0\Kitpymes.Core.Shared.Tests.dll" adapterTypeName="executor://mstestadapter/v2" className="Kitpymes.Core.Shared.Tests.StringExtensionsTests" name="ToReplace_Passing_ValidValue_Returns_ReplacedValue" />
    </UnitTest>
    <UnitTest name="IsRegexMatch_Passing_InvalidArguments_Returns_HasErrorsAndCount" storage="d:\sferrari\01 - trabajo\repos\netcore\libs\template-netcore-shared\kitpymes.core.shared.tests\bin\release\net5.0\kitpymes.core.shared.tests.dll" id="ac0cc9c7-9a72-4a32-8493-e73ad2abbf54">
      <Execution id="8a435e76-e444-42b3-ac6f-0c5a76ca0277" />
      <TestMethod codeBase="D:\SFERRARI\01 - TRABAJO\repos\netcore\libs\template-netcore-shared\Kitpymes.Core.Shared.Tests\bin\Release\net5.0\Kitpymes.Core.Shared.Tests.dll" adapterTypeName="executor://mstestadapter/v2" className="Kitpymes.Core.Shared.Tests.CheckTests" name="IsRegexMatch_Passing_InvalidArguments_Returns_HasErrorsAndCount" />
    </UnitTest>
    <UnitTest name="CreateSHA512_Passing_Invalid_Arguments_Returns_ApplicationException ()" storage="d:\sferrari\01 - trabajo\repos\netcore\libs\template-netcore-shared\kitpymes.core.shared.tests\bin\release\net5.0\kitpymes.core.shared.tests.dll" id="573fe511-7c4b-4c9a-8b83-472c6f2003c0">
      <Execution id="4c27c820-ffca-483c-8c9c-0610199c7516" />
      <TestMethod codeBase="D:\SFERRARI\01 - TRABAJO\repos\netcore\libs\template-netcore-shared\Kitpymes.Core.Shared.Tests\bin\Release\net5.0\Kitpymes.Core.Shared.Tests.dll" adapterTypeName="executor://mstestadapter/v2" className="Kitpymes.Core.Shared.Tests.HashTests" name="CreateSHA512_Passing_Invalid_Arguments_Returns_ApplicationException" />
    </UnitTest>
    <UnitTest name="ToUri_Passing_ValidValueString_Returns_Uri (http://foo.com/blah_(wikipedia)#cite-1)" storage="d:\sferrari\01 - trabajo\repos\netcore\libs\template-netcore-shared\kitpymes.core.shared.tests\bin\release\net5.0\kitpymes.core.shared.tests.dll" id="1ea38e9b-9bef-47e9-ad07-98d6f1091d23">
      <Execution id="1541e2ad-a354-44c7-8371-1e6a8cf3124d" />
      <TestMethod codeBase="D:\SFERRARI\01 - TRABAJO\repos\netcore\libs\template-netcore-shared\Kitpymes.Core.Shared.Tests\bin\Release\net5.0\Kitpymes.Core.Shared.Tests.dll" adapterTypeName="executor://mstestadapter/v2" className="Kitpymes.Core.Shared.Tests.StringExtensionsTests" name="ToUri_Passing_ValidValueString_Returns_Uri" />
    </UnitTest>
    <UnitTest name="ToNormalize_Passing_ValidValue_Returns_NormalizedValue ( * ¨ ^ _ : - ? ¿ ; ,)" storage="d:\sferrari\01 - trabajo\repos\netcore\libs\template-netcore-shared\kitpymes.core.shared.tests\bin\release\net5.0\kitpymes.core.shared.tests.dll" id="c45fbbd7-9183-48e8-b67f-b5956a8c07a7">
      <Execution id="91d774b5-843d-451d-895d-118e60536f29" />
      <TestMethod codeBase="D:\SFERRARI\01 - TRABAJO\repos\netcore\libs\template-netcore-shared\Kitpymes.Core.Shared.Tests\bin\Release\net5.0\Kitpymes.Core.Shared.Tests.dll" adapterTypeName="executor://mstestadapter/v2" className="Kitpymes.Core.Shared.Tests.StringExtensionsTests" name="ToNormalize_Passing_ValidValue_Returns_NormalizedValue" />
    </UnitTest>
    <UnitTest name="ToNormalize_Passing_ValidValue_Returns_NormalizedValue (Autobús,Autobus)" storage="d:\sferrari\01 - trabajo\repos\netcore\libs\template-netcore-shared\kitpymes.core.shared.tests\bin\release\net5.0\kitpymes.core.shared.tests.dll" id="7ca37c75-ea9b-447d-bdac-33a88e2fb1ac">
      <Execution id="46f0deba-55d1-4c9c-863f-dbaef889b8fb" />
      <TestMethod codeBase="D:\SFERRARI\01 - TRABAJO\repos\netcore\libs\template-netcore-shared\Kitpymes.Core.Shared.Tests\bin\Release\net5.0\Kitpymes.Core.Shared.Tests.dll" adapterTypeName="executor://mstestadapter/v2" className="Kitpymes.Core.Shared.Tests.StringExtensionsTests" name="ToNormalize_Passing_ValidValue_Returns_NormalizedValue" />
    </UnitTest>
    <UnitTest name="ToFormat_Passing_ValidValueFormatWithArguments_Returns_ValueWithFormat" storage="d:\sferrari\01 - trabajo\repos\netcore\libs\template-netcore-shared\kitpymes.core.shared.tests\bin\release\net5.0\kitpymes.core.shared.tests.dll" id="1db4d42c-2008-4a71-8866-e808791bcfd6">
      <Execution id="c6d532a3-f0ef-44db-8c7c-087d4deebbae" />
      <TestMethod codeBase="D:\SFERRARI\01 - TRABAJO\repos\netcore\libs\template-netcore-shared\Kitpymes.Core.Shared.Tests\bin\Release\net5.0\Kitpymes.Core.Shared.Tests.dll" adapterTypeName="executor://mstestadapter/v2" className="Kitpymes.Core.Shared.Tests.StringExtensionsTests" name="ToFormat_Passing_ValidValueFormatWithArguments_Returns_ValueWithFormat" />
    </UnitTest>
    <UnitTest name="ToEnum_Passing_InvalidValueInt_Returns_EnumCustomValue" storage="d:\sferrari\01 - trabajo\repos\netcore\libs\template-netcore-shared\kitpymes.core.shared.tests\bin\release\net5.0\kitpymes.core.shared.tests.dll" id="680ddc43-8609-4c15-96ba-b9c72ac957d0">
      <Execution id="ffe5f9b0-3b4f-4dd8-96db-b1513763f98d" />
      <TestMethod codeBase="D:\SFERRARI\01 - TRABAJO\repos\netcore\libs\template-netcore-shared\Kitpymes.Core.Shared.Tests\bin\Release\net5.0\Kitpymes.Core.Shared.Tests.dll" adapterTypeName="executor://mstestadapter/v2" className="Kitpymes.Core.Shared.Tests.StringExtensionsTests" name="ToEnum_Passing_InvalidValueInt_Returns_EnumCustomValue" />
    </UnitTest>
    <UnitTest name="ToSettings_Passing_Values_From_AppSettingsFile_Returns_Settings" storage="d:\sferrari\01 - trabajo\repos\netcore\libs\template-netcore-shared\kitpymes.core.shared.tests\bin\release\net5.0\kitpymes.core.shared.tests.dll" id="3ae2b088-2b01-4a51-ba55-37cc1d9a2bf9">
      <Execution id="a1633b0c-cf07-4e13-be58-2d67dea159cb" />
      <TestMethod codeBase="D:\SFERRARI\01 - TRABAJO\repos\netcore\libs\template-netcore-shared\Kitpymes.Core.Shared.Tests\bin\Release\net5.0\Kitpymes.Core.Shared.Tests.dll" adapterTypeName="executor://mstestadapter/v2" className="Kitpymes.Core.Shared.Tests.ConfigurationBuilderExtensionsTests" name="ToSettings_Passing_Values_From_AppSettingsFile_Returns_Settings" />
    </UnitTest>
    <UnitTest name="ToHashAlgorithmName_Passing_InvalidValueStringWithDefaultValue_Returns_DefaultValue (hhhhhh)" storage="d:\sferrari\01 - trabajo\repos\netcore\libs\template-netcore-shared\kitpymes.core.shared.tests\bin\release\net5.0\kitpymes.core.shared.tests.dll" id="7bae4676-0164-4cf0-a462-c0e0347fcf8d">
      <Execution id="aae7ddb4-4ed5-44e1-b0bb-6b55274d3d67" />
      <TestMethod codeBase="D:\SFERRARI\01 - TRABAJO\repos\netcore\libs\template-netcore-shared\Kitpymes.Core.Shared.Tests\bin\Release\net5.0\Kitpymes.Core.Shared.Tests.dll" adapterTypeName="executor://mstestadapter/v2" className="Kitpymes.Core.Shared.Tests.StringExtensionsTests" name="ToHashAlgorithmName_Passing_InvalidValueStringWithDefaultValue_Returns_DefaultValue" />
    </UnitTest>
    <UnitTest name="IsDomain_Passing_InvalidArguments_Returns_HasErrorsAndCount" storage="d:\sferrari\01 - trabajo\repos\netcore\libs\template-netcore-shared\kitpymes.core.shared.tests\bin\release\net5.0\kitpymes.core.shared.tests.dll" id="d0b601cf-eb26-4ef5-a0a8-5c7a01b2757e">
      <Execution id="17725347-a10b-4ba9-ac56-b025f8d6e140" />
      <TestMethod codeBase="D:\SFERRARI\01 - TRABAJO\repos\netcore\libs\template-netcore-shared\Kitpymes.Core.Shared.Tests\bin\Release\net5.0\Kitpymes.Core.Shared.Tests.dll" adapterTypeName="executor://mstestadapter/v2" className="Kitpymes.Core.Shared.Tests.CheckTests" name="IsDomain_Passing_InvalidArguments_Returns_HasErrorsAndCount" />
    </UnitTest>
    <UnitTest name="ToUri_Passing_InvalidValueString_Returns_Null (http://?)" storage="d:\sferrari\01 - trabajo\repos\netcore\libs\template-netcore-shared\kitpymes.core.shared.tests\bin\release\net5.0\kitpymes.core.shared.tests.dll" id="7aaeae79-4a8b-4fed-9125-734ef4aa7ce5">
      <Execution id="af3019f6-7be4-4b84-8a86-8580a0d42e9d" />
      <TestMethod codeBase="D:\SFERRARI\01 - TRABAJO\repos\netcore\libs\template-netcore-shared\Kitpymes.Core.Shared.Tests\bin\Release\net5.0\Kitpymes.Core.Shared.Tests.dll" adapterTypeName="executor://mstestadapter/v2" className="Kitpymes.Core.Shared.Tests.StringExtensionsTests" name="ToUri_Passing_InvalidValueString_Returns_Null" />
    </UnitTest>
    <UnitTest name="ToInt_Passing_InvalidValueString_Returns_DefaultValue (1.333,39)" storage="d:\sferrari\01 - trabajo\repos\netcore\libs\template-netcore-shared\kitpymes.core.shared.tests\bin\release\net5.0\kitpymes.core.shared.tests.dll" id="4d022609-dce4-4493-8a81-1a1054d9a349">
      <Execution id="8f5abe89-b640-45f6-b73a-b08bf6e991a8" />
      <TestMethod codeBase="D:\SFERRARI\01 - TRABAJO\repos\netcore\libs\template-netcore-shared\Kitpymes.Core.Shared.Tests\bin\Release\net5.0\Kitpymes.Core.Shared.Tests.dll" adapterTypeName="executor://mstestadapter/v2" className="Kitpymes.Core.Shared.Tests.StringExtensionsTests" name="ToInt_Passing_InvalidValueString_Returns_DefaultValue" />
    </UnitTest>
    <UnitTest name="CreateSHA256_Passing_Invalid_Arguments_Returns_ApplicationException ()" storage="d:\sferrari\01 - trabajo\repos\netcore\libs\template-netcore-shared\kitpymes.core.shared.tests\bin\release\net5.0\kitpymes.core.shared.tests.dll" id="9284daf1-194d-41bf-9a5b-cb8419206350">
      <Execution id="f23900f4-e176-486d-b125-b4b1deb306a1" />
      <TestMethod codeBase="D:\SFERRARI\01 - TRABAJO\repos\netcore\libs\template-netcore-shared\Kitpymes.Core.Shared.Tests\bin\Release\net5.0\Kitpymes.Core.Shared.Tests.dll" adapterTypeName="executor://mstestadapter/v2" className="Kitpymes.Core.Shared.Tests.HashTests" name="CreateSHA256_Passing_Invalid_Arguments_Returns_ApplicationException" />
    </UnitTest>
    <UnitTest name="ToEmailMaskUserNameAndDomain_Passing_ValidEmail_Returns_EmailWithMask (qazwsx@gmailgmail.com,q****x@g********l.com)" storage="d:\sferrari\01 - trabajo\repos\netcore\libs\template-netcore-shared\kitpymes.core.shared.tests\bin\release\net5.0\kitpymes.core.shared.tests.dll" id="6d8e4de4-a8e7-4920-9c7d-71d6f7ed6445">
      <Execution id="d9be8cee-77d1-40dc-8357-e282a2f21649" />
      <TestMethod codeBase="D:\SFERRARI\01 - TRABAJO\repos\netcore\libs\template-netcore-shared\Kitpymes.Core.Shared.Tests\bin\Release\net5.0\Kitpymes.Core.Shared.Tests.dll" adapterTypeName="executor://mstestadapter/v2" className="Kitpymes.Core.Shared.Tests.StringExtensionsTests" name="ToEmailMaskUserNameAndDomain_Passing_ValidEmail_Returns_EmailWithMask" />
    </UnitTest>
    <UnitTest name="ToUri_Passing_ValidValueString_Returns_Uri (https://foo.com/blah_blah?p=5&amp;j=fe)" storage="d:\sferrari\01 - trabajo\repos\netcore\libs\template-netcore-shared\kitpymes.core.shared.tests\bin\release\net5.0\kitpymes.core.shared.tests.dll" id="a971c8ee-b9bb-4647-936b-a8b7ae77cc97">
      <Execution id="3e064aa7-9d1f-4f69-a66a-cf4c14bf14e5" />
      <TestMethod codeBase="D:\SFERRARI\01 - TRABAJO\repos\netcore\libs\template-netcore-shared\Kitpymes.Core.Shared.Tests\bin\Release\net5.0\Kitpymes.Core.Shared.Tests.dll" adapterTypeName="executor://mstestadapter/v2" className="Kitpymes.Core.Shared.Tests.StringExtensionsTests" name="ToUri_Passing_ValidValueString_Returns_Uri" />
    </UnitTest>
    <UnitTest name="ToEmailMaskUserNameAndDomainAndExtension_Passing_ValidEmail_Returns_EmailWithMask (qaz@gmail.com,q*z@g***l.c*m)" storage="d:\sferrari\01 - trabajo\repos\netcore\libs\template-netcore-shared\kitpymes.core.shared.tests\bin\release\net5.0\kitpymes.core.shared.tests.dll" id="7a328136-c741-4106-8c8b-25905599d8f8">
      <Execution id="fb421e57-3e6b-4a5d-b88c-ea80fa123852" />
      <TestMethod codeBase="D:\SFERRARI\01 - TRABAJO\repos\netcore\libs\template-netcore-shared\Kitpymes.Core.Shared.Tests\bin\Release\net5.0\Kitpymes.Core.Shared.Tests.dll" adapterTypeName="executor://mstestadapter/v2" className="Kitpymes.Core.Shared.Tests.StringExtensionsTests" name="ToEmailMaskUserNameAndDomainAndExtension_Passing_ValidEmail_Returns_EmailWithMask" />
    </UnitTest>
    <UnitTest name="IsRange_Passing_InvalidArguments_Returns_HasErrorsAndCount" storage="d:\sferrari\01 - trabajo\repos\netcore\libs\template-netcore-shared\kitpymes.core.shared.tests\bin\release\net5.0\kitpymes.core.shared.tests.dll" id="e7c7ae93-4927-47ba-a643-57755364cb13">
      <Execution id="406686b6-92c5-4ec8-87fe-9b89b377824d" />
      <TestMethod codeBase="D:\SFERRARI\01 - TRABAJO\repos\netcore\libs\template-netcore-shared\Kitpymes.Core.Shared.Tests\bin\Release\net5.0\Kitpymes.Core.Shared.Tests.dll" adapterTypeName="executor://mstestadapter/v2" className="Kitpymes.Core.Shared.Tests.CheckTests" name="IsRange_Passing_InvalidArguments_Returns_HasErrorsAndCount" />
    </UnitTest>
    <UnitTest name="CreateSHA256_Passing_Invalid_Arguments_Returns_ApplicationException ( )" storage="d:\sferrari\01 - trabajo\repos\netcore\libs\template-netcore-shared\kitpymes.core.shared.tests\bin\release\net5.0\kitpymes.core.shared.tests.dll" id="4b43c4e8-8eaf-4cca-9859-8aedba6a2f78">
      <Execution id="9e3e5aee-47a5-4adb-9e41-98d783f586cb" />
      <TestMethod codeBase="D:\SFERRARI\01 - TRABAJO\repos\netcore\libs\template-netcore-shared\Kitpymes.Core.Shared.Tests\bin\Release\net5.0\Kitpymes.Core.Shared.Tests.dll" adapterTypeName="executor://mstestadapter/v2" className="Kitpymes.Core.Shared.Tests.HashTests" name="CreateSHA256_Passing_Invalid_Arguments_Returns_ApplicationException" />
    </UnitTest>
    <UnitTest name="ToEnum_Passing_InvalidValueString_Returns_EnumCustomValue" storage="d:\sferrari\01 - trabajo\repos\netcore\libs\template-netcore-shared\kitpymes.core.shared.tests\bin\release\net5.0\kitpymes.core.shared.tests.dll" id="c3263a6f-aa6c-49e7-a4d7-82fb1142c05f">
      <Execution id="6bb7786b-a3fd-46fa-9db1-f515923f6826" />
      <TestMethod codeBase="D:\SFERRARI\01 - TRABAJO\repos\netcore\libs\template-netcore-shared\Kitpymes.Core.Shared.Tests\bin\Release\net5.0\Kitpymes.Core.Shared.Tests.dll" adapterTypeName="executor://mstestadapter/v2" className="Kitpymes.Core.Shared.Tests.StringExtensionsTests" name="ToEnum_Passing_InvalidValueString_Returns_EnumCustomValue" />
    </UnitTest>
    <UnitTest name="ToFirstLetterLower_Passing_ValidValue_Returns_StringWithFirstLetterLower (aeiou,aeiou)" storage="d:\sferrari\01 - trabajo\repos\netcore\libs\template-netcore-shared\kitpymes.core.shared.tests\bin\release\net5.0\kitpymes.core.shared.tests.dll" id="cb34baab-3622-4b79-8dda-285edc0e1285">
      <Execution id="d3d59d04-110f-4c4b-a721-c8f6b55c1841" />
      <TestMethod codeBase="D:\SFERRARI\01 - TRABAJO\repos\netcore\libs\template-netcore-shared\Kitpymes.Core.Shared.Tests\bin\Release\net5.0\Kitpymes.Core.Shared.Tests.dll" adapterTypeName="executor://mstestadapter/v2" className="Kitpymes.Core.Shared.Tests.StringExtensionsTests" name="ToFirstLetterLower_Passing_ValidValue_Returns_StringWithFirstLetterLower" />
    </UnitTest>
    <UnitTest name="ToContentType_Passing_ValidValueString_Returns_ContentType (xxxx.pdf,application/pdf)" storage="d:\sferrari\01 - trabajo\repos\netcore\libs\template-netcore-shared\kitpymes.core.shared.tests\bin\release\net5.0\kitpymes.core.shared.tests.dll" id="5e9fc0a4-8cb9-484d-8e01-80a46f70a49d">
      <Execution id="def0d388-af08-4bab-a122-d0bdfb7c0da7" />
      <TestMethod codeBase="D:\SFERRARI\01 - TRABAJO\repos\netcore\libs\template-netcore-shared\Kitpymes.Core.Shared.Tests\bin\Release\net5.0\Kitpymes.Core.Shared.Tests.dll" adapterTypeName="executor://mstestadapter/v2" className="Kitpymes.Core.Shared.Tests.StringExtensionsTests" name="ToContentType_Passing_ValidValueString_Returns_ContentType" />
    </UnitTest>
    <UnitTest name="ToUri_Passing_ValidValueString_Returns_Uri (http://code.google.com/events/#&amp;product=browser)" storage="d:\sferrari\01 - trabajo\repos\netcore\libs\template-netcore-shared\kitpymes.core.shared.tests\bin\release\net5.0\kitpymes.core.shared.tests.dll" id="f9534410-aa5a-4fa5-b5ac-6dd60c687ff7">
      <Execution id="1ff03b8e-162f-4f61-8bcd-48831f6c48e3" />
      <TestMethod codeBase="D:\SFERRARI\01 - TRABAJO\repos\netcore\libs\template-netcore-shared\Kitpymes.Core.Shared.Tests\bin\Release\net5.0\Kitpymes.Core.Shared.Tests.dll" adapterTypeName="executor://mstestadapter/v2" className="Kitpymes.Core.Shared.Tests.StringExtensionsTests" name="ToUri_Passing_ValidValueString_Returns_Uri" />
    </UnitTest>
    <UnitTest name="ToUri_Passing_InvalidValueString_Returns_Null (http://??/)" storage="d:\sferrari\01 - trabajo\repos\netcore\libs\template-netcore-shared\kitpymes.core.shared.tests\bin\release\net5.0\kitpymes.core.shared.tests.dll" id="f4c6ebc4-8db5-4662-977b-f3a665fc761b">
      <Execution id="a5ab9c3f-74c6-4225-aaee-b7d93d7f3602" />
      <TestMethod codeBase="D:\SFERRARI\01 - TRABAJO\repos\netcore\libs\template-netcore-shared\Kitpymes.Core.Shared.Tests\bin\Release\net5.0\Kitpymes.Core.Shared.Tests.dll" adapterTypeName="executor://mstestadapter/v2" className="Kitpymes.Core.Shared.Tests.StringExtensionsTests" name="ToUri_Passing_InvalidValueString_Returns_Null" />
    </UnitTest>
    <UnitTest name="ToRemove_Passing_ValidValue_Returns_ValueWithoutRemovedChars (aeiou,ei,aou)" storage="d:\sferrari\01 - trabajo\repos\netcore\libs\template-netcore-shared\kitpymes.core.shared.tests\bin\release\net5.0\kitpymes.core.shared.tests.dll" id="80a0dd99-af18-4e5f-83d3-a29cdacce771">
      <Execution id="c8ac5e65-6f48-4400-b3e9-b1c19446e4a7" />
      <TestMethod codeBase="D:\SFERRARI\01 - TRABAJO\repos\netcore\libs\template-netcore-shared\Kitpymes.Core.Shared.Tests\bin\Release\net5.0\Kitpymes.Core.Shared.Tests.dll" adapterTypeName="executor://mstestadapter/v2" className="Kitpymes.Core.Shared.Tests.StringExtensionsTests" name="ToRemove_Passing_ValidValue_Returns_ValueWithoutRemovedChars" />
    </UnitTest>
    <UnitTest name="ToUri_Passing_ValidValueString_Returns_Uri (http://⌘.ws/)" storage="d:\sferrari\01 - trabajo\repos\netcore\libs\template-netcore-shared\kitpymes.core.shared.tests\bin\release\net5.0\kitpymes.core.shared.tests.dll" id="cb637e40-5295-4651-b13d-9a3b253a7e58">
      <Execution id="445d5ba6-a629-4192-95be-949317d9eb2d" />
      <TestMethod codeBase="D:\SFERRARI\01 - TRABAJO\repos\netcore\libs\template-netcore-shared\Kitpymes.Core.Shared.Tests\bin\Release\net5.0\Kitpymes.Core.Shared.Tests.dll" adapterTypeName="executor://mstestadapter/v2" className="Kitpymes.Core.Shared.Tests.StringExtensionsTests" name="ToUri_Passing_ValidValueString_Returns_Uri" />
    </UnitTest>
    <UnitTest name="ToEnvironment_ServiceCollection_Passing_Development_Enviroment_Returns_Development_Name" storage="d:\sferrari\01 - trabajo\repos\netcore\libs\template-netcore-shared\kitpymes.core.shared.tests\bin\release\net5.0\kitpymes.core.shared.tests.dll" id="6afd0d29-1285-40e4-b3e9-4d33babf93d0">
      <Execution id="c07d035f-ce24-4058-a7d7-f22e3f6f6ee7" />
      <TestMethod codeBase="D:\SFERRARI\01 - TRABAJO\repos\netcore\libs\template-netcore-shared\Kitpymes.Core.Shared.Tests\bin\Release\net5.0\Kitpymes.Core.Shared.Tests.dll" adapterTypeName="executor://mstestadapter/v2" className="Kitpymes.Core.Shared.Tests.ConfigurationBuilderExtensionsTests" name="ToEnvironment_ServiceCollection_Passing_Development_Enviroment_Returns_Development_Name" />
    </UnitTest>
    <UnitTest name="ToUri_Passing_InvalidValueString_Returns_DefaultValue (http://..)" storage="d:\sferrari\01 - trabajo\repos\netcore\libs\template-netcore-shared\kitpymes.core.shared.tests\bin\release\net5.0\kitpymes.core.shared.tests.dll" id="e9a14f1b-2844-49c0-8f8a-28312e845c11">
      <Execution id="f124e1f5-f60a-4c37-9524-a44f33239526" />
      <TestMethod codeBase="D:\SFERRARI\01 - TRABAJO\repos\netcore\libs\template-netcore-shared\Kitpymes.Core.Shared.Tests\bin\Release\net5.0\Kitpymes.Core.Shared.Tests.dll" adapterTypeName="executor://mstestadapter/v2" className="Kitpymes.Core.Shared.Tests.StringExtensionsTests" name="ToUri_Passing_InvalidValueString_Returns_DefaultValue" />
    </UnitTest>
    <UnitTest name="ToUri_Passing_ValidValueString_Returns_Uri (http://⌘.ws)" storage="d:\sferrari\01 - trabajo\repos\netcore\libs\template-netcore-shared\kitpymes.core.shared.tests\bin\release\net5.0\kitpymes.core.shared.tests.dll" id="93913538-f245-4cea-b543-7402975658d0">
      <Execution id="069913c5-175f-47e9-b71c-4f6829af3595" />
      <TestMethod codeBase="D:\SFERRARI\01 - TRABAJO\repos\netcore\libs\template-netcore-shared\Kitpymes.Core.Shared.Tests\bin\Release\net5.0\Kitpymes.Core.Shared.Tests.dll" adapterTypeName="executor://mstestadapter/v2" className="Kitpymes.Core.Shared.Tests.StringExtensionsTests" name="ToUri_Passing_ValidValueString_Returns_Uri" />
    </UnitTest>
    <UnitTest name="IsHostname_Passing_ValidArguments_Returns_HasErrorsAndCount" storage="d:\sferrari\01 - trabajo\repos\netcore\libs\template-netcore-shared\kitpymes.core.shared.tests\bin\release\net5.0\kitpymes.core.shared.tests.dll" id="ab1f0ec4-a574-4a48-81a5-52bfbeb178ae">
      <Execution id="c4e66946-4aaa-4262-a031-a0cce387994c" />
      <TestMethod codeBase="D:\SFERRARI\01 - TRABAJO\repos\netcore\libs\template-netcore-shared\Kitpymes.Core.Shared.Tests\bin\Release\net5.0\Kitpymes.Core.Shared.Tests.dll" adapterTypeName="executor://mstestadapter/v2" className="Kitpymes.Core.Shared.Tests.CheckTests" name="IsHostname_Passing_ValidArguments_Returns_HasErrorsAndCount" />
    </UnitTest>
    <UnitTest name="ToNormalize_Passing_ValidValue_Returns_NormalizedValue (Kulħadd,Kulhadd)" storage="d:\sferrari\01 - trabajo\repos\netcore\libs\template-netcore-shared\kitpymes.core.shared.tests\bin\release\net5.0\kitpymes.core.shared.tests.dll" id="8ea6a9a4-3b7c-43ce-8700-d82c29f1cd3c">
      <Execution id="74b660c7-c58e-4ebe-87af-87076bd09704" />
      <TestMethod codeBase="D:\SFERRARI\01 - TRABAJO\repos\netcore\libs\template-netcore-shared\Kitpymes.Core.Shared.Tests\bin\Release\net5.0\Kitpymes.Core.Shared.Tests.dll" adapterTypeName="executor://mstestadapter/v2" className="Kitpymes.Core.Shared.Tests.StringExtensionsTests" name="ToNormalize_Passing_ValidValue_Returns_NormalizedValue" />
    </UnitTest>
    <UnitTest name="ToEmailMaskUserName_Passing_ValidEmail_Returns_EmailWithMask (qazwsxedc@gmailgmail.com,q*******c@gmailgmail.com)" storage="d:\sferrari\01 - trabajo\repos\netcore\libs\template-netcore-shared\kitpymes.core.shared.tests\bin\release\net5.0\kitpymes.core.shared.tests.dll" id="b373ac7b-86bf-4004-83ab-9d77a6fcff52">
      <Execution id="a98e5721-2edd-42a8-8d90-0af5b30d76c1" />
      <TestMethod codeBase="D:\SFERRARI\01 - TRABAJO\repos\netcore\libs\template-netcore-shared\Kitpymes.Core.Shared.Tests\bin\Release\net5.0\Kitpymes.Core.Shared.Tests.dll" adapterTypeName="executor://mstestadapter/v2" className="Kitpymes.Core.Shared.Tests.StringExtensionsTests" name="ToEmailMaskUserName_Passing_ValidEmail_Returns_EmailWithMask" />
    </UnitTest>
    <UnitTest name="ToStringFormat_Passing_ValidValue_Returns_ValueWithoutRemovedChars (1)" storage="d:\sferrari\01 - trabajo\repos\netcore\libs\template-netcore-shared\kitpymes.core.shared.tests\bin\release\net5.0\kitpymes.core.shared.tests.dll" id="e8dbd3e7-409c-44c2-99cc-7a825d9aad23">
      <Execution id="38da8531-15a1-4643-ab8e-90fea2f73712" />
      <TestMethod codeBase="D:\SFERRARI\01 - TRABAJO\repos\netcore\libs\template-netcore-shared\Kitpymes.Core.Shared.Tests\bin\Release\net5.0\Kitpymes.Core.Shared.Tests.dll" adapterTypeName="executor://mstestadapter/v2" className="Kitpymes.Core.Shared.Tests.IntegerExtensionsTests" name="ToStringFormat_Passing_ValidValue_Returns_ValueWithoutRemovedChars" />
    </UnitTest>
    <UnitTest name="ToUri_Passing_InvalidValueString_Returns_Null (http://)" storage="d:\sferrari\01 - trabajo\repos\netcore\libs\template-netcore-shared\kitpymes.core.shared.tests\bin\release\net5.0\kitpymes.core.shared.tests.dll" id="e09fcee4-3114-4061-8d5d-d3e8631a5df7">
      <Execution id="b3754309-7206-4d50-a7f7-eacb43c599ef" />
      <TestMethod codeBase="D:\SFERRARI\01 - TRABAJO\repos\netcore\libs\template-netcore-shared\Kitpymes.Core.Shared.Tests\bin\Release\net5.0\Kitpymes.Core.Shared.Tests.dll" adapterTypeName="executor://mstestadapter/v2" className="Kitpymes.Core.Shared.Tests.StringExtensionsTests" name="ToUri_Passing_InvalidValueString_Returns_Null" />
    </UnitTest>
    <UnitTest name="ToDefaultValue_Passing_bool_Returns_Cero (True)" storage="d:\sferrari\01 - trabajo\repos\netcore\libs\template-netcore-shared\kitpymes.core.shared.tests\bin\release\net5.0\kitpymes.core.shared.tests.dll" id="5ab9b9e4-6dbf-4a1d-9b5d-61eee638c38e">
      <Execution id="0a879712-850f-4c2e-a0c0-2c91c2c4b5d0" />
      <TestMethod codeBase="D:\SFERRARI\01 - TRABAJO\repos\netcore\libs\template-netcore-shared\Kitpymes.Core.Shared.Tests\bin\Release\net5.0\Kitpymes.Core.Shared.Tests.dll" adapterTypeName="executor://mstestadapter/v2" className="Kitpymes.Core.Shared.Tests.GenericExtensionsTests" name="ToDefaultValue_Passing_bool_Returns_Cero" />
    </UnitTest>
    <UnitTest name="ToUri_Passing_ValidValueString_Returns_Uri (http://userid@example.com)" storage="d:\sferrari\01 - trabajo\repos\netcore\libs\template-netcore-shared\kitpymes.core.shared.tests\bin\release\net5.0\kitpymes.core.shared.tests.dll" id="e5135146-79fc-4d6f-8150-9472ccd3fe5d">
      <Execution id="292bb27c-07b5-46ea-bf48-4cf2b20f22a5" />
      <TestMethod codeBase="D:\SFERRARI\01 - TRABAJO\repos\netcore\libs\template-netcore-shared\Kitpymes.Core.Shared.Tests\bin\Release\net5.0\Kitpymes.Core.Shared.Tests.dll" adapterTypeName="executor://mstestadapter/v2" className="Kitpymes.Core.Shared.Tests.StringExtensionsTests" name="ToUri_Passing_ValidValueString_Returns_Uri" />
    </UnitTest>
    <UnitTest name="ToPath_Passing_HttpRequest_Scheme_Host_Path_Returns_Url" storage="d:\sferrari\01 - trabajo\repos\netcore\libs\template-netcore-shared\kitpymes.core.shared.tests\bin\release\net5.0\kitpymes.core.shared.tests.dll" id="1d83f798-8120-4599-b69c-6fe50f8d4459">
      <Execution id="cbff5a97-26b9-403b-8283-3edc42734877" />
      <TestMethod codeBase="D:\SFERRARI\01 - TRABAJO\repos\netcore\libs\template-netcore-shared\Kitpymes.Core.Shared.Tests\bin\Release\net5.0\Kitpymes.Core.Shared.Tests.dll" adapterTypeName="executor://mstestadapter/v2" className="Kitpymes.Core.Shared.Tests.HttpRequestExtensionsTests" name="ToPath_Passing_HttpRequest_Scheme_Host_Path_Returns_Url" />
    </UnitTest>
    <UnitTest name="ToIsSubdomainThrow_Passing_InvalidValue_Returns_ApplicationExceptionWithMessage (34fsds@@sdd.f)" storage="d:\sferrari\01 - trabajo\repos\netcore\libs\template-netcore-shared\kitpymes.core.shared.tests\bin\release\net5.0\kitpymes.core.shared.tests.dll" id="4480e5bc-48b0-4b80-8ec7-4d4aec6f406e">
      <Execution id="bf6d3bf7-d1e3-465d-a5f7-c8ec01ca3683" />
      <TestMethod codeBase="D:\SFERRARI\01 - TRABAJO\repos\netcore\libs\template-netcore-shared\Kitpymes.Core.Shared.Tests\bin\Release\net5.0\Kitpymes.Core.Shared.Tests.dll" adapterTypeName="executor://mstestadapter/v2" className="Kitpymes.Core.Shared.Tests.CheckExtensionsTests" name="ToIsSubdomainThrow_Passing_InvalidValue_Returns_ApplicationExceptionWithMessage" />
    </UnitTest>
    <UnitTest name="ToHeader_Passing_HttpRequest_Header_Many_Values_Returns_Values" storage="d:\sferrari\01 - trabajo\repos\netcore\libs\template-netcore-shared\kitpymes.core.shared.tests\bin\release\net5.0\kitpymes.core.shared.tests.dll" id="fd5738a6-efe8-4ece-a204-b599a13af79d">
      <Execution id="4feae8e7-0ce0-4366-b2f7-9abe059d7361" />
      <TestMethod codeBase="D:\SFERRARI\01 - TRABAJO\repos\netcore\libs\template-netcore-shared\Kitpymes.Core.Shared.Tests\bin\Release\net5.0\Kitpymes.Core.Shared.Tests.dll" adapterTypeName="executor://mstestadapter/v2" className="Kitpymes.Core.Shared.Tests.HttpRequestExtensionsTests" name="ToHeader_Passing_HttpRequest_Header_Many_Values_Returns_Values" />
    </UnitTest>
    <UnitTest name="ToWhere_Passing_Valid_Predicate_Returns_Filter_List" storage="d:\sferrari\01 - trabajo\repos\netcore\libs\template-netcore-shared\kitpymes.core.shared.tests\bin\release\net5.0\kitpymes.core.shared.tests.dll" id="9e15c0dc-edb7-4c8f-8780-774315000587">
      <Execution id="be00eef6-877f-40f5-bae9-86426fa5ff61" />
      <TestMethod codeBase="D:\SFERRARI\01 - TRABAJO\repos\netcore\libs\template-netcore-shared\Kitpymes.Core.Shared.Tests\bin\Release\net5.0\Kitpymes.Core.Shared.Tests.dll" adapterTypeName="executor://mstestadapter/v2" className="Kitpymes.Core.Shared.Tests.QueryableExtensionsTests" name="ToWhere_Passing_Valid_Predicate_Returns_Filter_List" />
    </UnitTest>
    <UnitTest name="ToExists_Passing_Claims_Returns_True" storage="d:\sferrari\01 - trabajo\repos\netcore\libs\template-netcore-shared\kitpymes.core.shared.tests\bin\release\net5.0\kitpymes.core.shared.tests.dll" id="bc7c0a27-38b9-4423-b0d6-21dfc05f21a3">
      <Execution id="359b45cb-61c5-4e82-bdac-6b5db927740b" />
      <TestMethod codeBase="D:\SFERRARI\01 - TRABAJO\repos\netcore\libs\template-netcore-shared\Kitpymes.Core.Shared.Tests\bin\Release\net5.0\Kitpymes.Core.Shared.Tests.dll" adapterTypeName="executor://mstestadapter/v2" className="Kitpymes.Core.Shared.Tests.ClaimsPrincipalExtensionsTests" name="ToExists_Passing_Claims_Returns_True" />
    </UnitTest>
    <UnitTest name="ToUri_Passing_ValidValueString_Returns_Uri (http://foo.bar/?q=Test%20URL-encoded%20stuff)" storage="d:\sferrari\01 - trabajo\repos\netcore\libs\template-netcore-shared\kitpymes.core.shared.tests\bin\release\net5.0\kitpymes.core.shared.tests.dll" id="43fc477e-f343-43d7-a145-5ef2d388ae0b">
      <Execution id="f9da3082-0c30-4144-ac7f-e33d1a33ebff" />
      <TestMethod codeBase="D:\SFERRARI\01 - TRABAJO\repos\netcore\libs\template-netcore-shared\Kitpymes.Core.Shared.Tests\bin\Release\net5.0\Kitpymes.Core.Shared.Tests.dll" adapterTypeName="executor://mstestadapter/v2" className="Kitpymes.Core.Shared.Tests.StringExtensionsTests" name="ToUri_Passing_ValidValueString_Returns_Uri" />
    </UnitTest>
    <UnitTest name="ToFirstLetterUpper_Passing_ValidValue_Returns_StringWithFirstLetterUpper (AEIOU,AEIOU)" storage="d:\sferrari\01 - trabajo\repos\netcore\libs\template-netcore-shared\kitpymes.core.shared.tests\bin\release\net5.0\kitpymes.core.shared.tests.dll" id="b8e6a8a3-16c2-40b5-aef3-a06e2c1348e9">
      <Execution id="6a9aa8b4-c1f4-4363-a91f-9ff80ee56d1a" />
      <TestMethod codeBase="D:\SFERRARI\01 - TRABAJO\repos\netcore\libs\template-netcore-shared\Kitpymes.Core.Shared.Tests\bin\Release\net5.0\Kitpymes.Core.Shared.Tests.dll" adapterTypeName="executor://mstestadapter/v2" className="Kitpymes.Core.Shared.Tests.StringExtensionsTests" name="ToFirstLetterUpper_Passing_ValidValue_Returns_StringWithFirstLetterUpper" />
    </UnitTest>
    <UnitTest name="ToFirstLetterUpper_Passing_ValidValue_Returns_StringWithFirstLetterUpper (Aeiou,Aeiou)" storage="d:\sferrari\01 - trabajo\repos\netcore\libs\template-netcore-shared\kitpymes.core.shared.tests\bin\release\net5.0\kitpymes.core.shared.tests.dll" id="49b7226d-100a-4115-bdd2-ed30ea679d13">
      <Execution id="248d4ad2-7f9d-49cd-abc2-4b98daa9e56c" />
      <TestMethod codeBase="D:\SFERRARI\01 - TRABAJO\repos\netcore\libs\template-netcore-shared\Kitpymes.Core.Shared.Tests\bin\Release\net5.0\Kitpymes.Core.Shared.Tests.dll" adapterTypeName="executor://mstestadapter/v2" className="Kitpymes.Core.Shared.Tests.StringExtensionsTests" name="ToFirstLetterUpper_Passing_ValidValue_Returns_StringWithFirstLetterUpper" />
    </UnitTest>
    <UnitTest name="ToRemove_Passing_ValidValue_Returns_ValueWithoutRemovedChars ( hello hello , ,hellohello)" storage="d:\sferrari\01 - trabajo\repos\netcore\libs\template-netcore-shared\kitpymes.core.shared.tests\bin\release\net5.0\kitpymes.core.shared.tests.dll" id="0b935b52-f230-425b-b222-e3c24ca7d14e">
      <Execution id="821e97ae-f55c-4a06-aefb-d72308aa9d48" />
      <TestMethod codeBase="D:\SFERRARI\01 - TRABAJO\repos\netcore\libs\template-netcore-shared\Kitpymes.Core.Shared.Tests\bin\Release\net5.0\Kitpymes.Core.Shared.Tests.dll" adapterTypeName="executor://mstestadapter/v2" className="Kitpymes.Core.Shared.Tests.StringExtensionsTests" name="ToRemove_Passing_ValidValue_Returns_ValueWithoutRemovedChars" />
    </UnitTest>
    <UnitTest name="ToNormalize_Passing_ValidValue_Returns_NormalizedValue (Ç,C)" storage="d:\sferrari\01 - trabajo\repos\netcore\libs\template-netcore-shared\kitpymes.core.shared.tests\bin\release\net5.0\kitpymes.core.shared.tests.dll" id="e3940e41-1df0-4e0b-b9ef-0e3f23f323b0">
      <Execution id="14d253c6-590a-4d8e-bf7a-0fe868509e59" />
      <TestMethod codeBase="D:\SFERRARI\01 - TRABAJO\repos\netcore\libs\template-netcore-shared\Kitpymes.Core.Shared.Tests\bin\Release\net5.0\Kitpymes.Core.Shared.Tests.dll" adapterTypeName="executor://mstestadapter/v2" className="Kitpymes.Core.Shared.Tests.StringExtensionsTests" name="ToNormalize_Passing_ValidValue_Returns_NormalizedValue" />
    </UnitTest>
    <UnitTest name="IsNullOrAny_Passing_InvalidArguments_Returns_HasErrorsAndCount" storage="d:\sferrari\01 - trabajo\repos\netcore\libs\template-netcore-shared\kitpymes.core.shared.tests\bin\release\net5.0\kitpymes.core.shared.tests.dll" id="959ac49b-0f19-45b4-a9cc-1393ee60c36d">
      <Execution id="b34c81b9-ea94-4879-8bee-ad03095f3dc7" />
      <TestMethod codeBase="D:\SFERRARI\01 - TRABAJO\repos\netcore\libs\template-netcore-shared\Kitpymes.Core.Shared.Tests\bin\Release\net5.0\Kitpymes.Core.Shared.Tests.dll" adapterTypeName="executor://mstestadapter/v2" className="Kitpymes.Core.Shared.Tests.CheckTests" name="IsNullOrAny_Passing_InvalidArguments_Returns_HasErrorsAndCount" />
    </UnitTest>
    <UnitTest name="CreateAndVerifySHA256_Passing_Valid_Arguments_Returns_True (Password)" storage="d:\sferrari\01 - trabajo\repos\netcore\libs\template-netcore-shared\kitpymes.core.shared.tests\bin\release\net5.0\kitpymes.core.shared.tests.dll" id="f39752d1-b43d-420c-bd36-6e06341cfde6">
      <Execution id="8457e882-d6ec-491d-ab5b-97b2ef1649fc" />
      <TestMethod codeBase="D:\SFERRARI\01 - TRABAJO\repos\netcore\libs\template-netcore-shared\Kitpymes.Core.Shared.Tests\bin\Release\net5.0\Kitpymes.Core.Shared.Tests.dll" adapterTypeName="executor://mstestadapter/v2" className="Kitpymes.Core.Shared.Tests.HashTests" name="CreateAndVerifySHA256_Passing_Valid_Arguments_Returns_True" />
    </UnitTest>
    <UnitTest name="ToDefaultValue_Passing_int_Returns_Cero (2147483647)" storage="d:\sferrari\01 - trabajo\repos\netcore\libs\template-netcore-shared\kitpymes.core.shared.tests\bin\release\net5.0\kitpymes.core.shared.tests.dll" id="d0a0b75d-347e-4819-ab0d-59649eb6e6b2">
      <Execution id="3d3fde3c-228d-4147-bb42-1daaf633cf6c" />
      <TestMethod codeBase="D:\SFERRARI\01 - TRABAJO\repos\netcore\libs\template-netcore-shared\Kitpymes.Core.Shared.Tests\bin\Release\net5.0\Kitpymes.Core.Shared.Tests.dll" adapterTypeName="executor://mstestadapter/v2" className="Kitpymes.Core.Shared.Tests.GenericExtensionsTests" name="ToDefaultValue_Passing_int_Returns_Cero" />
    </UnitTest>
    <UnitTest name="ToUri_Passing_ValidValueString_Returns_Uri (http://142.42.1.1/)" storage="d:\sferrari\01 - trabajo\repos\netcore\libs\template-netcore-shared\kitpymes.core.shared.tests\bin\release\net5.0\kitpymes.core.shared.tests.dll" id="3e36624d-0cfe-402b-9208-b0ea23be979f">
      <Execution id="24a17f5b-b48a-4e4d-b6a8-dcf151d7f783" />
      <TestMethod codeBase="D:\SFERRARI\01 - TRABAJO\repos\netcore\libs\template-netcore-shared\Kitpymes.Core.Shared.Tests\bin\Release\net5.0\Kitpymes.Core.Shared.Tests.dll" adapterTypeName="executor://mstestadapter/v2" className="Kitpymes.Core.Shared.Tests.StringExtensionsTests" name="ToUri_Passing_ValidValueString_Returns_Uri" />
    </UnitTest>
    <UnitTest name="ToHashAlgorithmName_Passing_InvalidValueString_Returns_Null (hhhhhh)" storage="d:\sferrari\01 - trabajo\repos\netcore\libs\template-netcore-shared\kitpymes.core.shared.tests\bin\release\net5.0\kitpymes.core.shared.tests.dll" id="8115b708-a122-440e-aba5-d17eb7ab26a2">
      <Execution id="6f861041-6893-40ad-a0fb-4e599187f67b" />
      <TestMethod codeBase="D:\SFERRARI\01 - TRABAJO\repos\netcore\libs\template-netcore-shared\Kitpymes.Core.Shared.Tests\bin\Release\net5.0\Kitpymes.Core.Shared.Tests.dll" adapterTypeName="executor://mstestadapter/v2" className="Kitpymes.Core.Shared.Tests.StringExtensionsTests" name="ToHashAlgorithmName_Passing_InvalidValueString_Returns_Null" />
    </UnitTest>
    <UnitTest name="ToIsSubdomainThrow_Passing_InvalidValue_Returns_ApplicationExceptionWithMessage ()" storage="d:\sferrari\01 - trabajo\repos\netcore\libs\template-netcore-shared\kitpymes.core.shared.tests\bin\release\net5.0\kitpymes.core.shared.tests.dll" id="d1f22664-eb7a-40d9-af4a-4a43bb5fa798">
      <Execution id="08c42abc-b029-498a-a299-dfe55de4d908" />
      <TestMethod codeBase="D:\SFERRARI\01 - TRABAJO\repos\netcore\libs\template-netcore-shared\Kitpymes.Core.Shared.Tests\bin\Release\net5.0\Kitpymes.Core.Shared.Tests.dll" adapterTypeName="executor://mstestadapter/v2" className="Kitpymes.Core.Shared.Tests.CheckExtensionsTests" name="ToIsSubdomainThrow_Passing_InvalidValue_Returns_ApplicationExceptionWithMessage" />
    </UnitTest>
    <UnitTest name="ToReplace_Passing_ValidValue_Returns_ReplacedValue (aeiou,*,2,1,ae*ou)" storage="d:\sferrari\01 - trabajo\repos\netcore\libs\template-netcore-shared\kitpymes.core.shared.tests\bin\release\net5.0\kitpymes.core.shared.tests.dll" id="49a7bb45-66a9-4fa3-b25c-4ab04000d26f">
      <Execution id="0bda6236-a093-4461-a421-33e8500f6e12" />
      <TestMethod codeBase="D:\SFERRARI\01 - TRABAJO\repos\netcore\libs\template-netcore-shared\Kitpymes.Core.Shared.Tests\bin\Release\net5.0\Kitpymes.Core.Shared.Tests.dll" adapterTypeName="executor://mstestadapter/v2" className="Kitpymes.Core.Shared.Tests.StringExtensionsTests" name="ToReplace_Passing_ValidValue_Returns_ReplacedValue" />
    </UnitTest>
    <UnitTest name="ResultDataInternalServerError" storage="d:\sferrari\01 - trabajo\repos\netcore\libs\template-netcore-shared\kitpymes.core.shared.tests\bin\release\net5.0\kitpymes.core.shared.tests.dll" id="914ee36c-ff41-4086-a0ec-4b30694b5e30">
      <Execution id="5eade0d2-2cb4-49d6-b880-b47a807e4d11" />
      <TestMethod codeBase="D:\SFERRARI\01 - TRABAJO\repos\netcore\libs\template-netcore-shared\Kitpymes.Core.Shared.Tests\bin\Release\net5.0\Kitpymes.Core.Shared.Tests.dll" adapterTypeName="executor://mstestadapter/v2" className="Kitpymes.Core.Shared.Tests.ResultTest" name="ResultDataInternalServerError" />
    </UnitTest>
    <UnitTest name="ToInt_Passing_InvalidValueString_Returns_DefaultValue (asdasdasdasd234324)" storage="d:\sferrari\01 - trabajo\repos\netcore\libs\template-netcore-shared\kitpymes.core.shared.tests\bin\release\net5.0\kitpymes.core.shared.tests.dll" id="88bb3455-6c63-4982-a43f-9d180860f6eb">
      <Execution id="13e2845e-a06a-4730-afd8-1c4c9a64b38a" />
      <TestMethod codeBase="D:\SFERRARI\01 - TRABAJO\repos\netcore\libs\template-netcore-shared\Kitpymes.Core.Shared.Tests\bin\Release\net5.0\Kitpymes.Core.Shared.Tests.dll" adapterTypeName="executor://mstestadapter/v2" className="Kitpymes.Core.Shared.Tests.StringExtensionsTests" name="ToInt_Passing_InvalidValueString_Returns_DefaultValue" />
    </UnitTest>
    <UnitTest name="ToUri_Passing_ValidValueString_Returns_Uri (//foo.com/blah_blah/p=5)" storage="d:\sferrari\01 - trabajo\repos\netcore\libs\template-netcore-shared\kitpymes.core.shared.tests\bin\release\net5.0\kitpymes.core.shared.tests.dll" id="1c197cf0-af91-4d46-8a2d-027e7e7726e1">
      <Execution id="549f8a5a-3f70-4228-ad15-eb95f03053fc" />
      <TestMethod codeBase="D:\SFERRARI\01 - TRABAJO\repos\netcore\libs\template-netcore-shared\Kitpymes.Core.Shared.Tests\bin\Release\net5.0\Kitpymes.Core.Shared.Tests.dll" adapterTypeName="executor://mstestadapter/v2" className="Kitpymes.Core.Shared.Tests.StringExtensionsTests" name="ToUri_Passing_ValidValueString_Returns_Uri" />
    </UnitTest>
    <UnitTest name="ToGetAll_Passing_Claims_Returns_Claim_Value_String_List" storage="d:\sferrari\01 - trabajo\repos\netcore\libs\template-netcore-shared\kitpymes.core.shared.tests\bin\release\net5.0\kitpymes.core.shared.tests.dll" id="710cc6f3-5ea7-45fb-b323-21ff0aa22109">
      <Execution id="5d1a86fe-3386-42f6-a99a-dbb694123a17" />
      <TestMethod codeBase="D:\SFERRARI\01 - TRABAJO\repos\netcore\libs\template-netcore-shared\Kitpymes.Core.Shared.Tests\bin\Release\net5.0\Kitpymes.Core.Shared.Tests.dll" adapterTypeName="executor://mstestadapter/v2" className="Kitpymes.Core.Shared.Tests.ClaimsPrincipalExtensionsTests" name="ToGetAll_Passing_Claims_Returns_Claim_Value_String_List" />
    </UnitTest>
    <UnitTest name="ToList_Passing_ValidEnumTypeWithSelectedValueWithResourceType_Returns_ValuesList" storage="d:\sferrari\01 - trabajo\repos\netcore\libs\template-netcore-shared\kitpymes.core.shared.tests\bin\release\net5.0\kitpymes.core.shared.tests.dll" id="04662fd9-73db-45e0-aa50-a1ce53fa1819">
      <Execution id="152f3b63-e705-45bb-a7b2-4372158d5761" />
      <TestMethod codeBase="D:\SFERRARI\01 - TRABAJO\repos\netcore\libs\template-netcore-shared\Kitpymes.Core.Shared.Tests\bin\Release\net5.0\Kitpymes.Core.Shared.Tests.dll" adapterTypeName="executor://mstestadapter/v2" className="Kitpymes.Core.Shared.Tests.EnumsTests" name="ToList_Passing_ValidEnumTypeWithSelectedValueWithResourceType_Returns_ValuesList" />
    </UnitTest>
    <UnitTest name="ResultDataUnauthorized" storage="d:\sferrari\01 - trabajo\repos\netcore\libs\template-netcore-shared\kitpymes.core.shared.tests\bin\release\net5.0\kitpymes.core.shared.tests.dll" id="cfbbfe92-a3e5-486a-bb92-ea3b0f85ea3c">
      <Execution id="2161066f-be6b-4405-8fc7-df68989e45a8" />
      <TestMethod codeBase="D:\SFERRARI\01 - TRABAJO\repos\netcore\libs\template-netcore-shared\Kitpymes.Core.Shared.Tests\bin\Release\net5.0\Kitpymes.Core.Shared.Tests.dll" adapterTypeName="executor://mstestadapter/v2" className="Kitpymes.Core.Shared.Tests.ResultTest" name="ResultDataUnauthorized" />
    </UnitTest>
    <UnitTest name="ToPaged_Passing_Age_Descending_Order_Returns_Filter_List" storage="d:\sferrari\01 - trabajo\repos\netcore\libs\template-netcore-shared\kitpymes.core.shared.tests\bin\release\net5.0\kitpymes.core.shared.tests.dll" id="0301f59e-a0a1-4abc-b614-a671cc604e48">
      <Execution id="b3cc8848-e090-48cf-8b00-ccdea32f1ea6" />
      <TestMethod codeBase="D:\SFERRARI\01 - TRABAJO\repos\netcore\libs\template-netcore-shared\Kitpymes.Core.Shared.Tests\bin\Release\net5.0\Kitpymes.Core.Shared.Tests.dll" adapterTypeName="executor://mstestadapter/v2" className="Kitpymes.Core.Shared.Tests.QueryableExtensionsTests" name="ToPaged_Passing_Age_Descending_Order_Returns_Filter_List" />
    </UnitTest>
    <UnitTest name="ToInt_Passing_ValidValueString_Returns_Int (1234567890)" storage="d:\sferrari\01 - trabajo\repos\netcore\libs\template-netcore-shared\kitpymes.core.shared.tests\bin\release\net5.0\kitpymes.core.shared.tests.dll" id="b1e60ce5-75fa-4298-b221-5624fca0c240">
      <Execution id="aee229c0-033f-4431-8e8b-564d5def3a0b" />
      <TestMethod codeBase="D:\SFERRARI\01 - TRABAJO\repos\netcore\libs\template-netcore-shared\Kitpymes.Core.Shared.Tests\bin\Release\net5.0\Kitpymes.Core.Shared.Tests.dll" adapterTypeName="executor://mstestadapter/v2" className="Kitpymes.Core.Shared.Tests.StringExtensionsTests" name="ToInt_Passing_ValidValueString_Returns_Int" />
    </UnitTest>
    <UnitTest name="ToHashAlgorithmName_Passing_ValidValueString_Returns_HashAlgorithmName (MD5)" storage="d:\sferrari\01 - trabajo\repos\netcore\libs\template-netcore-shared\kitpymes.core.shared.tests\bin\release\net5.0\kitpymes.core.shared.tests.dll" id="3117b362-7022-433f-b507-b8b28026d968">
      <Execution id="dfb447cc-4865-4d7f-b248-2e50d801aed3" />
      <TestMethod codeBase="D:\SFERRARI\01 - TRABAJO\repos\netcore\libs\template-netcore-shared\Kitpymes.Core.Shared.Tests\bin\Release\net5.0\Kitpymes.Core.Shared.Tests.dll" adapterTypeName="executor://mstestadapter/v2" className="Kitpymes.Core.Shared.Tests.StringExtensionsTests" name="ToHashAlgorithmName_Passing_ValidValueString_Returns_HashAlgorithmName" />
    </UnitTest>
    <UnitTest name="ToDefaultValue_Passing_ValidBoolean_Returns_DefaultValue" storage="d:\sferrari\01 - trabajo\repos\netcore\libs\template-netcore-shared\kitpymes.core.shared.tests\bin\release\net5.0\kitpymes.core.shared.tests.dll" id="92b34596-e73d-456a-b3b6-11807636b469">
      <Execution id="8d6f5f9d-c266-4855-a359-56b4487e31be" />
      <TestMethod codeBase="D:\SFERRARI\01 - TRABAJO\repos\netcore\libs\template-netcore-shared\Kitpymes.Core.Shared.Tests\bin\Release\net5.0\Kitpymes.Core.Shared.Tests.dll" adapterTypeName="executor://mstestadapter/v2" className="Kitpymes.Core.Shared.Tests.TypeExtensionsTests" name="ToDefaultValue_Passing_ValidBoolean_Returns_DefaultValue" />
    </UnitTest>
    <UnitTest name="ToUri_Passing_ValidValueString_Returns_Uri (http://-.~_!$&amp;'()*+,;=:%40:80%2f::::::@example.com)" storage="d:\sferrari\01 - trabajo\repos\netcore\libs\template-netcore-shared\kitpymes.core.shared.tests\bin\release\net5.0\kitpymes.core.shared.tests.dll" id="419afd56-f25d-4bd8-a6f8-598287550e81">
      <Execution id="c947ec5b-5f4f-4779-b6aa-4a32cace825f" />
      <TestMethod codeBase="D:\SFERRARI\01 - TRABAJO\repos\netcore\libs\template-netcore-shared\Kitpymes.Core.Shared.Tests\bin\Release\net5.0\Kitpymes.Core.Shared.Tests.dll" adapterTypeName="executor://mstestadapter/v2" className="Kitpymes.Core.Shared.Tests.StringExtensionsTests" name="ToUri_Passing_ValidValueString_Returns_Uri" />
    </UnitTest>
    <UnitTest name="ToContentType_Passing_ValidValueString_Returns_ContentType (xxxx.gif,image/gif)" storage="d:\sferrari\01 - trabajo\repos\netcore\libs\template-netcore-shared\kitpymes.core.shared.tests\bin\release\net5.0\kitpymes.core.shared.tests.dll" id="314c8687-b5ed-4cd2-8747-7660c9c7c34a">
      <Execution id="3cf78eb4-d0ea-4a95-8536-ebb848c9398d" />
      <TestMethod codeBase="D:\SFERRARI\01 - TRABAJO\repos\netcore\libs\template-netcore-shared\Kitpymes.Core.Shared.Tests\bin\Release\net5.0\Kitpymes.Core.Shared.Tests.dll" adapterTypeName="executor://mstestadapter/v2" className="Kitpymes.Core.Shared.Tests.StringExtensionsTests" name="ToContentType_Passing_ValidValueString_Returns_ContentType" />
    </UnitTest>
    <UnitTest name="ToUri_Passing_ValidValueString_Returns_Uri (//foo.com/blah_blah/)" storage="d:\sferrari\01 - trabajo\repos\netcore\libs\template-netcore-shared\kitpymes.core.shared.tests\bin\release\net5.0\kitpymes.core.shared.tests.dll" id="17569385-8fbb-4a8f-a335-9035fd8d4127">
      <Execution id="daa2b10f-728f-421d-8abb-b4e53f43e896" />
      <TestMethod codeBase="D:\SFERRARI\01 - TRABAJO\repos\netcore\libs\template-netcore-shared\Kitpymes.Core.Shared.Tests\bin\Release\net5.0\Kitpymes.Core.Shared.Tests.dll" adapterTypeName="executor://mstestadapter/v2" className="Kitpymes.Core.Shared.Tests.StringExtensionsTests" name="ToUri_Passing_ValidValueString_Returns_Uri" />
    </UnitTest>
    <UnitTest name="ToUri_Passing_ValidValueString_Returns_Uri (http://223.255.255.254)" storage="d:\sferrari\01 - trabajo\repos\netcore\libs\template-netcore-shared\kitpymes.core.shared.tests\bin\release\net5.0\kitpymes.core.shared.tests.dll" id="1f71d015-4aec-4f45-a75f-aa46a10af901">
      <Execution id="2e517a78-9669-4c6c-b220-b7e6f1fa76ac" />
      <TestMethod codeBase="D:\SFERRARI\01 - TRABAJO\repos\netcore\libs\template-netcore-shared\Kitpymes.Core.Shared.Tests\bin\Release\net5.0\Kitpymes.Core.Shared.Tests.dll" adapterTypeName="executor://mstestadapter/v2" className="Kitpymes.Core.Shared.Tests.StringExtensionsTests" name="ToUri_Passing_ValidValueString_Returns_Uri" />
    </UnitTest>
    <UnitTest name="ToUri_Passing_ValidValueString_Returns_Uri (//foo.com/blah_blah)" storage="d:\sferrari\01 - trabajo\repos\netcore\libs\template-netcore-shared\kitpymes.core.shared.tests\bin\release\net5.0\kitpymes.core.shared.tests.dll" id="08cfae65-8d99-4530-bfd6-f024dfdcef48">
      <Execution id="187fdff3-def5-4fec-b0c7-e12b023eb39f" />
      <TestMethod codeBase="D:\SFERRARI\01 - TRABAJO\repos\netcore\libs\template-netcore-shared\Kitpymes.Core.Shared.Tests\bin\Release\net5.0\Kitpymes.Core.Shared.Tests.dll" adapterTypeName="executor://mstestadapter/v2" className="Kitpymes.Core.Shared.Tests.StringExtensionsTests" name="ToUri_Passing_ValidValueString_Returns_Uri" />
    </UnitTest>
    <UnitTest name="ToEnvironment_ServiceProvider_Passing_Development_Enviroment_Returns_Development_Name" storage="d:\sferrari\01 - trabajo\repos\netcore\libs\template-netcore-shared\kitpymes.core.shared.tests\bin\release\net5.0\kitpymes.core.shared.tests.dll" id="1f0a4a86-0aa2-4b93-b97a-5532a6e5318e">
      <Execution id="595845db-c172-4a5b-9b0c-0dd1e2ee37a5" />
      <TestMethod codeBase="D:\SFERRARI\01 - TRABAJO\repos\netcore\libs\template-netcore-shared\Kitpymes.Core.Shared.Tests\bin\Release\net5.0\Kitpymes.Core.Shared.Tests.dll" adapterTypeName="executor://mstestadapter/v2" className="Kitpymes.Core.Shared.Tests.ConfigurationBuilderExtensionsTests" name="ToEnvironment_ServiceProvider_Passing_Development_Enviroment_Returns_Development_Name" />
    </UnitTest>
    <UnitTest name="ToCount_Passing_ValidEnumType_Returns_Count" storage="d:\sferrari\01 - trabajo\repos\netcore\libs\template-netcore-shared\kitpymes.core.shared.tests\bin\release\net5.0\kitpymes.core.shared.tests.dll" id="a206cefd-5889-4691-979f-873207148f94">
      <Execution id="1a2a9e47-0e02-49a3-b1e4-6387d7551d17" />
      <TestMethod codeBase="D:\SFERRARI\01 - TRABAJO\repos\netcore\libs\template-netcore-shared\Kitpymes.Core.Shared.Tests\bin\Release\net5.0\Kitpymes.Core.Shared.Tests.dll" adapterTypeName="executor://mstestadapter/v2" className="Kitpymes.Core.Shared.Tests.EnumsTests" name="ToCount_Passing_ValidEnumType_Returns_Count" />
    </UnitTest>
    <UnitTest name="ToSetTime_Passing_Time_Int_Returns_DateTime" storage="d:\sferrari\01 - trabajo\repos\netcore\libs\template-netcore-shared\kitpymes.core.shared.tests\bin\release\net5.0\kitpymes.core.shared.tests.dll" id="88fbf000-9a31-4dbc-ad45-c5dc971c8778">
      <Execution id="d1715da4-838c-4881-a412-a0d8e09bf936" />
      <TestMethod codeBase="D:\SFERRARI\01 - TRABAJO\repos\netcore\libs\template-netcore-shared\Kitpymes.Core.Shared.Tests\bin\Release\net5.0\Kitpymes.Core.Shared.Tests.dll" adapterTypeName="executor://mstestadapter/v2" className="Kitpymes.Core.Shared.Tests.DateTimeExtensionsTests" name="ToSetTime_Passing_Time_Int_Returns_DateTime" />
    </UnitTest>
    <UnitTest name="ToReplace_Passing_ValidValue_Returns_ReplacedValue (aeiou,*,0,1,*eiou)" storage="d:\sferrari\01 - trabajo\repos\netcore\libs\template-netcore-shared\kitpymes.core.shared.tests\bin\release\net5.0\kitpymes.core.shared.tests.dll" id="8c2ac40f-0ce4-4ff0-8b7f-98ae68f3e78f">
      <Execution id="a34fdca0-4487-4401-9010-305ccee5d945" />
      <TestMethod codeBase="D:\SFERRARI\01 - TRABAJO\repos\netcore\libs\template-netcore-shared\Kitpymes.Core.Shared.Tests\bin\Release\net5.0\Kitpymes.Core.Shared.Tests.dll" adapterTypeName="executor://mstestadapter/v2" className="Kitpymes.Core.Shared.Tests.StringExtensionsTests" name="ToReplace_Passing_ValidValue_Returns_ReplacedValue" />
    </UnitTest>
    <UnitTest name="ToReplaceSpecialChars_Passing_ValidValue_Returns_ReplacedValueWithoutIgnoreSpecialChars (àáäâãøçħ,aaaaaoch)" storage="d:\sferrari\01 - trabajo\repos\netcore\libs\template-netcore-shared\kitpymes.core.shared.tests\bin\release\net5.0\kitpymes.core.shared.tests.dll" id="32a0adc6-3f05-4a26-8aa3-42184dea0924">
      <Execution id="e14eb27c-cd72-4125-b6b1-cc5c1dcf4a25" />
      <TestMethod codeBase="D:\SFERRARI\01 - TRABAJO\repos\netcore\libs\template-netcore-shared\Kitpymes.Core.Shared.Tests\bin\Release\net5.0\Kitpymes.Core.Shared.Tests.dll" adapterTypeName="executor://mstestadapter/v2" className="Kitpymes.Core.Shared.Tests.StringExtensionsTests" name="ToReplaceSpecialChars_Passing_ValidValue_Returns_ReplacedValueWithoutIgnoreSpecialChars" />
    </UnitTest>
    <UnitTest name="ToIsWeekend_Passing_Saturday_DateTime_Returns_True" storage="d:\sferrari\01 - trabajo\repos\netcore\libs\template-netcore-shared\kitpymes.core.shared.tests\bin\release\net5.0\kitpymes.core.shared.tests.dll" id="a792dea2-3c1b-479f-9ac4-c2dde7a0eb4e">
      <Execution id="200009d1-275d-4c43-8d40-9cb2cf84281b" />
      <TestMethod codeBase="D:\SFERRARI\01 - TRABAJO\repos\netcore\libs\template-netcore-shared\Kitpymes.Core.Shared.Tests\bin\Release\net5.0\Kitpymes.Core.Shared.Tests.dll" adapterTypeName="executor://mstestadapter/v2" className="Kitpymes.Core.Shared.Tests.DateTimeExtensionsTests" name="ToIsWeekend_Passing_Saturday_DateTime_Returns_True" />
    </UnitTest>
    <UnitTest name="IsEspecialChars_Passing_ValidArguments_Returns_HasErrorsAndCount" storage="d:\sferrari\01 - trabajo\repos\netcore\libs\template-netcore-shared\kitpymes.core.shared.tests\bin\release\net5.0\kitpymes.core.shared.tests.dll" id="263155ce-26ac-455b-9972-2b07e0853291">
      <Execution id="1de7b826-922a-41c5-8b4e-9d259b281f3b" />
      <TestMethod codeBase="D:\SFERRARI\01 - TRABAJO\repos\netcore\libs\template-netcore-shared\Kitpymes.Core.Shared.Tests\bin\Release\net5.0\Kitpymes.Core.Shared.Tests.dll" adapterTypeName="executor://mstestadapter/v2" className="Kitpymes.Core.Shared.Tests.CheckTests" name="IsEspecialChars_Passing_ValidArguments_Returns_HasErrorsAndCount" />
    </UnitTest>
    <UnitTest name="ToUri_Passing_ValidValueString_Returns_Uri (http://userid@example.com:8080)" storage="d:\sferrari\01 - trabajo\repos\netcore\libs\template-netcore-shared\kitpymes.core.shared.tests\bin\release\net5.0\kitpymes.core.shared.tests.dll" id="31e7bece-58c4-4f5b-b560-b6e1195c6331">
      <Execution id="acabe286-e84e-40cf-a8d9-700eb5163a04" />
      <TestMethod codeBase="D:\SFERRARI\01 - TRABAJO\repos\netcore\libs\template-netcore-shared\Kitpymes.Core.Shared.Tests\bin\Release\net5.0\Kitpymes.Core.Shared.Tests.dll" adapterTypeName="executor://mstestadapter/v2" className="Kitpymes.Core.Shared.Tests.StringExtensionsTests" name="ToUri_Passing_ValidValueString_Returns_Uri" />
    </UnitTest>
    <UnitTest name="ToUri_Passing_InvalidValueString_Returns_Null (http://##/)" storage="d:\sferrari\01 - trabajo\repos\netcore\libs\template-netcore-shared\kitpymes.core.shared.tests\bin\release\net5.0\kitpymes.core.shared.tests.dll" id="e4cebfd1-ae2c-4cab-b1f9-b17b9e3f12d2">
      <Execution id="430c48ea-3901-4438-a8ab-67a6fc5df20b" />
      <TestMethod codeBase="D:\SFERRARI\01 - TRABAJO\repos\netcore\libs\template-netcore-shared\Kitpymes.Core.Shared.Tests\bin\Release\net5.0\Kitpymes.Core.Shared.Tests.dll" adapterTypeName="executor://mstestadapter/v2" className="Kitpymes.Core.Shared.Tests.StringExtensionsTests" name="ToUri_Passing_InvalidValueString_Returns_Null" />
    </UnitTest>
    <UnitTest name="ToEmailMask_Passing_ValidEmail_Returns_EmailWithMask (qazwsx@gmail.com,q----x@g----.com)" storage="d:\sferrari\01 - trabajo\repos\netcore\libs\template-netcore-shared\kitpymes.core.shared.tests\bin\release\net5.0\kitpymes.core.shared.tests.dll" id="57887c46-d4ac-4bf5-935f-49bf23eb432b">
      <Execution id="b96a76e5-5622-40cc-b398-054c8be5dc48" />
      <TestMethod codeBase="D:\SFERRARI\01 - TRABAJO\repos\netcore\libs\template-netcore-shared\Kitpymes.Core.Shared.Tests\bin\Release\net5.0\Kitpymes.Core.Shared.Tests.dll" adapterTypeName="executor://mstestadapter/v2" className="Kitpymes.Core.Shared.Tests.StringExtensionsTests" name="ToEmailMask_Passing_ValidEmail_Returns_EmailWithMask" />
    </UnitTest>
    <UnitTest name="ToMapMerge_Passing_Destination_Object_Returns_Merged_Destination_Object" storage="d:\sferrari\01 - trabajo\repos\netcore\libs\template-netcore-shared\kitpymes.core.shared.tests\bin\release\net5.0\kitpymes.core.shared.tests.dll" id="46d66abd-0d7d-4d0e-aa79-28ef3caaa320">
      <Execution id="9737263c-ecae-4077-a540-20d957cff4cc" />
      <TestMethod codeBase="D:\SFERRARI\01 - TRABAJO\repos\netcore\libs\template-netcore-shared\Kitpymes.Core.Shared.Tests\bin\Release\net5.0\Kitpymes.Core.Shared.Tests.dll" adapterTypeName="executor://mstestadapter/v2" className="Kitpymes.Core.Shared.Tests.AgileMapperExtensionsTests" name="ToMapMerge_Passing_Destination_Object_Returns_Merged_Destination_Object" />
    </UnitTest>
    <UnitTest name="ToUri_Passing_InvalidValueString_Returns_DefaultValue (http://?)" storage="d:\sferrari\01 - trabajo\repos\netcore\libs\template-netcore-shared\kitpymes.core.shared.tests\bin\release\net5.0\kitpymes.core.shared.tests.dll" id="47798b70-913f-4d5c-954a-ed2ca01363da">
      <Execution id="939ad535-3384-45e3-9f62-de144963f183" />
      <TestMethod codeBase="D:\SFERRARI\01 - TRABAJO\repos\netcore\libs\template-netcore-shared\Kitpymes.Core.Shared.Tests\bin\Release\net5.0\Kitpymes.Core.Shared.Tests.dll" adapterTypeName="executor://mstestadapter/v2" className="Kitpymes.Core.Shared.Tests.StringExtensionsTests" name="ToUri_Passing_InvalidValueString_Returns_DefaultValue" />
    </UnitTest>
    <UnitTest name="ToList_Passing_ValidEnumTypeWithResourceType_Returns_ValuesList" storage="d:\sferrari\01 - trabajo\repos\netcore\libs\template-netcore-shared\kitpymes.core.shared.tests\bin\release\net5.0\kitpymes.core.shared.tests.dll" id="3d668c0e-5a50-4389-bac9-e20bebcb1690">
      <Execution id="10529ab0-f210-4c7c-980c-8b52ee289f69" />
      <TestMethod codeBase="D:\SFERRARI\01 - TRABAJO\repos\netcore\libs\template-netcore-shared\Kitpymes.Core.Shared.Tests\bin\Release\net5.0\Kitpymes.Core.Shared.Tests.dll" adapterTypeName="executor://mstestadapter/v2" className="Kitpymes.Core.Shared.Tests.EnumsTests" name="ToList_Passing_ValidEnumTypeWithResourceType_Returns_ValuesList" />
    </UnitTest>
    <UnitTest name="ToContentType_Passing_ValidValueString_Returns_ContentType (xxxx.jpeg,image/jpeg)" storage="d:\sferrari\01 - trabajo\repos\netcore\libs\template-netcore-shared\kitpymes.core.shared.tests\bin\release\net5.0\kitpymes.core.shared.tests.dll" id="6db63332-c279-4a1f-8d89-7698cbc36a78">
      <Execution id="52ebd3fa-a283-45f6-95e1-ffd778a94190" />
      <TestMethod codeBase="D:\SFERRARI\01 - TRABAJO\repos\netcore\libs\template-netcore-shared\Kitpymes.Core.Shared.Tests\bin\Release\net5.0\Kitpymes.Core.Shared.Tests.dll" adapterTypeName="executor://mstestadapter/v2" className="Kitpymes.Core.Shared.Tests.StringExtensionsTests" name="ToContentType_Passing_ValidValueString_Returns_ContentType" />
    </UnitTest>
    <UnitTest name="ToDetails_Passing_HttpContext_Returns_Details_HttpContext" storage="d:\sferrari\01 - trabajo\repos\netcore\libs\template-netcore-shared\kitpymes.core.shared.tests\bin\release\net5.0\kitpymes.core.shared.tests.dll" id="b283b709-2351-4cf3-9d06-2114be6b0c38">
      <Execution id="c4a7885b-c468-420e-8018-060d3893921b" />
      <TestMethod codeBase="D:\SFERRARI\01 - TRABAJO\repos\netcore\libs\template-netcore-shared\Kitpymes.Core.Shared.Tests\bin\Release\net5.0\Kitpymes.Core.Shared.Tests.dll" adapterTypeName="executor://mstestadapter/v2" className="Kitpymes.Core.Shared.Tests.HttpContextExtensionsTests" name="ToDetails_Passing_HttpContext_Returns_Details_HttpContext" />
    </UnitTest>
    <UnitTest name="ToIsNullOrAnyThrow_Passing_InvalidValue_Returns_ApplicationExceptionWithMessage" storage="d:\sferrari\01 - trabajo\repos\netcore\libs\template-netcore-shared\kitpymes.core.shared.tests\bin\release\net5.0\kitpymes.core.shared.tests.dll" id="9e4a0563-0d50-4aaa-b136-28548a996d4d">
      <Execution id="8ea87f37-7836-4762-9900-80ba49aa8032" />
      <TestMethod codeBase="D:\SFERRARI\01 - TRABAJO\repos\netcore\libs\template-netcore-shared\Kitpymes.Core.Shared.Tests\bin\Release\net5.0\Kitpymes.Core.Shared.Tests.dll" adapterTypeName="executor://mstestadapter/v2" className="Kitpymes.Core.Shared.Tests.CheckExtensionsTests" name="ToIsNullOrAnyThrow_Passing_InvalidValue_Returns_ApplicationExceptionWithMessage" />
    </UnitTest>
    <UnitTest name="ToRemove_Passing_ValidValue_Returns_ValueWithoutRemovedChars (aeiou,aeio,u)" storage="d:\sferrari\01 - trabajo\repos\netcore\libs\template-netcore-shared\kitpymes.core.shared.tests\bin\release\net5.0\kitpymes.core.shared.tests.dll" id="fbafdef4-65b0-4664-84af-75793d9eca50">
      <Execution id="2595e835-0ab4-45e4-870d-b08047a12fc9" />
      <TestMethod codeBase="D:\SFERRARI\01 - TRABAJO\repos\netcore\libs\template-netcore-shared\Kitpymes.Core.Shared.Tests\bin\Release\net5.0\Kitpymes.Core.Shared.Tests.dll" adapterTypeName="executor://mstestadapter/v2" className="Kitpymes.Core.Shared.Tests.StringExtensionsTests" name="ToRemove_Passing_ValidValue_Returns_ValueWithoutRemovedChars" />
    </UnitTest>
    <UnitTest name="ToUri_Passing_ValidValueString_Returns_Uri (http://1337.net)" storage="d:\sferrari\01 - trabajo\repos\netcore\libs\template-netcore-shared\kitpymes.core.shared.tests\bin\release\net5.0\kitpymes.core.shared.tests.dll" id="e8ba2fb1-2125-4c04-82c5-1b9ed5e27ba9">
      <Execution id="c7c0870d-40d2-4906-8a5c-d091d5c19c4f" />
      <TestMethod codeBase="D:\SFERRARI\01 - TRABAJO\repos\netcore\libs\template-netcore-shared\Kitpymes.Core.Shared.Tests\bin\Release\net5.0\Kitpymes.Core.Shared.Tests.dll" adapterTypeName="executor://mstestadapter/v2" className="Kitpymes.Core.Shared.Tests.StringExtensionsTests" name="ToUri_Passing_ValidValueString_Returns_Uri" />
    </UnitTest>
    <UnitTest name="ToNormalize_Passing_ValidValue_Returns_NormalizedValue (Mañana,Manana)" storage="d:\sferrari\01 - trabajo\repos\netcore\libs\template-netcore-shared\kitpymes.core.shared.tests\bin\release\net5.0\kitpymes.core.shared.tests.dll" id="6c5cb9ac-5813-41f8-b4fe-35dd8d84bee1">
      <Execution id="1e78b075-4314-4084-ad9e-152f45e32d6a" />
      <TestMethod codeBase="D:\SFERRARI\01 - TRABAJO\repos\netcore\libs\template-netcore-shared\Kitpymes.Core.Shared.Tests\bin\Release\net5.0\Kitpymes.Core.Shared.Tests.dll" adapterTypeName="executor://mstestadapter/v2" className="Kitpymes.Core.Shared.Tests.StringExtensionsTests" name="ToNormalize_Passing_ValidValue_Returns_NormalizedValue" />
    </UnitTest>
    <UnitTest name="ToIsSubdomainThrow_Passing_InvalidValue_Returns_ApplicationExceptionWithMessage (34?fsds@sdd.yy)" storage="d:\sferrari\01 - trabajo\repos\netcore\libs\template-netcore-shared\kitpymes.core.shared.tests\bin\release\net5.0\kitpymes.core.shared.tests.dll" id="792edb21-f028-42b3-bf9a-f976606a011d">
      <Execution id="07d0af88-0b25-4a09-94ff-8b77fecbbedb" />
      <TestMethod codeBase="D:\SFERRARI\01 - TRABAJO\repos\netcore\libs\template-netcore-shared\Kitpymes.Core.Shared.Tests\bin\Release\net5.0\Kitpymes.Core.Shared.Tests.dll" adapterTypeName="executor://mstestadapter/v2" className="Kitpymes.Core.Shared.Tests.CheckExtensionsTests" name="ToIsSubdomainThrow_Passing_InvalidValue_Returns_ApplicationExceptionWithMessage" />
    </UnitTest>
    <UnitTest name="ToRandom_Passing_Invalid_Empty_Value_Returns_Null" storage="d:\sferrari\01 - trabajo\repos\netcore\libs\template-netcore-shared\kitpymes.core.shared.tests\bin\release\net5.0\kitpymes.core.shared.tests.dll" id="992d5f3b-7900-49cf-8d01-4cd953eda8ad">
      <Execution id="58dfe4a6-4c31-418f-9676-39498ced4ec1" />
      <TestMethod codeBase="D:\SFERRARI\01 - TRABAJO\repos\netcore\libs\template-netcore-shared\Kitpymes.Core.Shared.Tests\bin\Release\net5.0\Kitpymes.Core.Shared.Tests.dll" adapterTypeName="executor://mstestadapter/v2" className="Kitpymes.Core.Shared.Tests.StringExtensionsTests" name="ToRandom_Passing_Invalid_Empty_Value_Returns_Null" />
    </UnitTest>
    <UnitTest name="ToGet_Passing_Claims_Returns_Claim_Value_Object" storage="d:\sferrari\01 - trabajo\repos\netcore\libs\template-netcore-shared\kitpymes.core.shared.tests\bin\release\net5.0\kitpymes.core.shared.tests.dll" id="992931e3-d0dd-4e64-8504-21dcb6bd7079">
      <Execution id="11d61e80-a3ba-44b3-9bb2-16712750fc0f" />
      <TestMethod codeBase="D:\SFERRARI\01 - TRABAJO\repos\netcore\libs\template-netcore-shared\Kitpymes.Core.Shared.Tests\bin\Release\net5.0\Kitpymes.Core.Shared.Tests.dll" adapterTypeName="executor://mstestadapter/v2" className="Kitpymes.Core.Shared.Tests.ClaimsPrincipalExtensionsTests" name="ToGet_Passing_Claims_Returns_Claim_Value_Object" />
    </UnitTest>
    <UnitTest name="ResultDataBadRequest_WithErrors_Dictionary" storage="d:\sferrari\01 - trabajo\repos\netcore\libs\template-netcore-shared\kitpymes.core.shared.tests\bin\release\net5.0\kitpymes.core.shared.tests.dll" id="b5137b4b-c288-4d3f-bc1a-1470248182f1">
      <Execution id="6dec783f-c6d1-411d-ae01-3137273ccf71" />
      <TestMethod codeBase="D:\SFERRARI\01 - TRABAJO\repos\netcore\libs\template-netcore-shared\Kitpymes.Core.Shared.Tests\bin\Release\net5.0\Kitpymes.Core.Shared.Tests.dll" adapterTypeName="executor://mstestadapter/v2" className="Kitpymes.Core.Shared.Tests.ResultTest" name="ResultDataBadRequest_WithErrors_Dictionary" />
    </UnitTest>
    <UnitTest name="ToSettings_Passing_Values_From_Memory_Returns_Settings" storage="d:\sferrari\01 - trabajo\repos\netcore\libs\template-netcore-shared\kitpymes.core.shared.tests\bin\release\net5.0\kitpymes.core.shared.tests.dll" id="b6121a30-f784-4b8c-96d0-5f124d5388b5">
      <Execution id="00214b3e-1a18-4d0c-b543-803d9648c4e0" />
      <TestMethod codeBase="D:\SFERRARI\01 - TRABAJO\repos\netcore\libs\template-netcore-shared\Kitpymes.Core.Shared.Tests\bin\Release\net5.0\Kitpymes.Core.Shared.Tests.dll" adapterTypeName="executor://mstestadapter/v2" className="Kitpymes.Core.Shared.Tests.ConfigurationBuilderExtensionsTests" name="ToSettings_Passing_Values_From_Memory_Returns_Settings" />
    </UnitTest>
    <UnitTest name="ToCompress_Passing_Value_Bytes_Returns_Value_Bytes" storage="d:\sferrari\01 - trabajo\repos\netcore\libs\template-netcore-shared\kitpymes.core.shared.tests\bin\release\net5.0\kitpymes.core.shared.tests.dll" id="0e5769a1-951e-436f-aa19-fe4b47546091">
      <Execution id="f167c0d6-4ddf-4f1e-ab11-c8b86f8c44e7" />
      <TestMethod codeBase="D:\SFERRARI\01 - TRABAJO\repos\netcore\libs\template-netcore-shared\Kitpymes.Core.Shared.Tests\bin\Release\net5.0\Kitpymes.Core.Shared.Tests.dll" adapterTypeName="executor://mstestadapter/v2" className="Kitpymes.Core.Shared.Tests.BytesExtensionsTests" name="ToCompress_Passing_Value_Bytes_Returns_Value_Bytes" />
    </UnitTest>
    <UnitTest name="ToEmailMask_Passing_ValidEmail_Returns_EmailWithMask (qazwsxedc@gmail.com,q-------c@g----.com)" storage="d:\sferrari\01 - trabajo\repos\netcore\libs\template-netcore-shared\kitpymes.core.shared.tests\bin\release\net5.0\kitpymes.core.shared.tests.dll" id="e807f842-86be-4b2d-9f9f-ba83f8543c14">
      <Execution id="0aaf2e4f-d530-4bfe-96c1-9caa101df51f" />
      <TestMethod codeBase="D:\SFERRARI\01 - TRABAJO\repos\netcore\libs\template-netcore-shared\Kitpymes.Core.Shared.Tests\bin\Release\net5.0\Kitpymes.Core.Shared.Tests.dll" adapterTypeName="executor://mstestadapter/v2" className="Kitpymes.Core.Shared.Tests.StringExtensionsTests" name="ToEmailMask_Passing_ValidEmail_Returns_EmailWithMask" />
    </UnitTest>
    <UnitTest name="ToNormalize_Passing_ValidValue_Returns_NormalizedValue (The End,The End)" storage="d:\sferrari\01 - trabajo\repos\netcore\libs\template-netcore-shared\kitpymes.core.shared.tests\bin\release\net5.0\kitpymes.core.shared.tests.dll" id="01b45393-4b20-4bd6-8cc3-fdb99d18bf63">
      <Execution id="aa4f8ad8-0f37-46d7-bfcc-bd70f35991c3" />
      <TestMethod codeBase="D:\SFERRARI\01 - TRABAJO\repos\netcore\libs\template-netcore-shared\Kitpymes.Core.Shared.Tests\bin\Release\net5.0\Kitpymes.Core.Shared.Tests.dll" adapterTypeName="executor://mstestadapter/v2" className="Kitpymes.Core.Shared.Tests.StringExtensionsTests" name="ToNormalize_Passing_ValidValue_Returns_NormalizedValue" />
    </UnitTest>
    <UnitTest name="ToDefaultValue_Passing_byte_Returns_Cero" storage="d:\sferrari\01 - trabajo\repos\netcore\libs\template-netcore-shared\kitpymes.core.shared.tests\bin\release\net5.0\kitpymes.core.shared.tests.dll" id="1ce8a641-ed00-4b60-be6e-3463d074c3a1">
      <Execution id="dceb5e1b-bc7f-4a43-8422-9ae8969b5868" />
      <TestMethod codeBase="D:\SFERRARI\01 - TRABAJO\repos\netcore\libs\template-netcore-shared\Kitpymes.Core.Shared.Tests\bin\Release\net5.0\Kitpymes.Core.Shared.Tests.dll" adapterTypeName="executor://mstestadapter/v2" className="Kitpymes.Core.Shared.Tests.GenericExtensionsTests" name="ToDefaultValue_Passing_byte_Returns_Cero" />
    </UnitTest>
    <UnitTest name="ResultErrorData_WithTitle_WithStatusCode_WithDetails_WithExceptionType_WithMessages_WithErrors" storage="d:\sferrari\01 - trabajo\repos\netcore\libs\template-netcore-shared\kitpymes.core.shared.tests\bin\release\net5.0\kitpymes.core.shared.tests.dll" id="ec08d364-7dff-4612-8a4f-564d0f029716">
      <Execution id="f1ed7e2a-2d2b-4937-a3f8-61eb311aa2ae" />
      <TestMethod codeBase="D:\SFERRARI\01 - TRABAJO\repos\netcore\libs\template-netcore-shared\Kitpymes.Core.Shared.Tests\bin\Release\net5.0\Kitpymes.Core.Shared.Tests.dll" adapterTypeName="executor://mstestadapter/v2" className="Kitpymes.Core.Shared.Tests.ResultTest" name="ResultErrorData_WithTitle_WithStatusCode_WithDetails_WithExceptionType_WithMessages_WithErrors" />
    </UnitTest>
    <UnitTest name="ResultUnauthorized" storage="d:\sferrari\01 - trabajo\repos\netcore\libs\template-netcore-shared\kitpymes.core.shared.tests\bin\release\net5.0\kitpymes.core.shared.tests.dll" id="44eb7942-e71c-4bf1-a3f1-9c35300343d3">
      <Execution id="ca40d346-f6da-4025-aab4-c1688db9706a" />
      <TestMethod codeBase="D:\SFERRARI\01 - TRABAJO\repos\netcore\libs\template-netcore-shared\Kitpymes.Core.Shared.Tests\bin\Release\net5.0\Kitpymes.Core.Shared.Tests.dll" adapterTypeName="executor://mstestadapter/v2" className="Kitpymes.Core.Shared.Tests.ResultTest" name="ResultUnauthorized" />
    </UnitTest>
    <UnitTest name="ResultDataBadRequest_WithErrors_Value" storage="d:\sferrari\01 - trabajo\repos\netcore\libs\template-netcore-shared\kitpymes.core.shared.tests\bin\release\net5.0\kitpymes.core.shared.tests.dll" id="d74fece6-daef-4e09-b4a2-aa8b74dfe2c1">
      <Execution id="8256343e-4dd6-4222-8f5d-4fb9ea680388" />
      <TestMethod codeBase="D:\SFERRARI\01 - TRABAJO\repos\netcore\libs\template-netcore-shared\Kitpymes.Core.Shared.Tests\bin\Release\net5.0\Kitpymes.Core.Shared.Tests.dll" adapterTypeName="executor://mstestadapter/v2" className="Kitpymes.Core.Shared.Tests.ResultTest" name="ResultDataBadRequest_WithErrors_Value" />
    </UnitTest>
    <UnitTest name="ToAuthenticationType_Passing_Null_ClaimsPrincipal_Returns_ApplicationException" storage="d:\sferrari\01 - trabajo\repos\netcore\libs\template-netcore-shared\kitpymes.core.shared.tests\bin\release\net5.0\kitpymes.core.shared.tests.dll" id="f28501bf-27ae-4b12-aaf1-a647539aa311">
      <Execution id="e567f7bc-246c-4e09-a8b4-253054dbe0c3" />
      <TestMethod codeBase="D:\SFERRARI\01 - TRABAJO\repos\netcore\libs\template-netcore-shared\Kitpymes.Core.Shared.Tests\bin\Release\net5.0\Kitpymes.Core.Shared.Tests.dll" adapterTypeName="executor://mstestadapter/v2" className="Kitpymes.Core.Shared.Tests.ClaimsPrincipalExtensionsTests" name="ToAuthenticationType_Passing_Null_ClaimsPrincipal_Returns_ApplicationException" />
    </UnitTest>
    <UnitTest name="ToMessage_Passing_ExceptionWithMessage_Returns_Message" storage="d:\sferrari\01 - trabajo\repos\netcore\libs\template-netcore-shared\kitpymes.core.shared.tests\bin\release\net5.0\kitpymes.core.shared.tests.dll" id="041a9735-096f-4419-8d37-d2e3b1a01b37">
      <Execution id="f3f5d041-07f0-46b7-8bc7-fcedeb8dc78e" />
      <TestMethod codeBase="D:\SFERRARI\01 - TRABAJO\repos\netcore\libs\template-netcore-shared\Kitpymes.Core.Shared.Tests\bin\Release\net5.0\Kitpymes.Core.Shared.Tests.dll" adapterTypeName="executor://mstestadapter/v2" className="Kitpymes.Core.Shared.Tests.ExceptionExtensionsTests" name="ToMessage_Passing_ExceptionWithMessage_Returns_Message" />
    </UnitTest>
    <UnitTest name="ToGet_Passing_Claims_Returns_Claim_Value_Int" storage="d:\sferrari\01 - trabajo\repos\netcore\libs\template-netcore-shared\kitpymes.core.shared.tests\bin\release\net5.0\kitpymes.core.shared.tests.dll" id="e84555f9-e38c-4f06-ae15-6f33ffeda614">
      <Execution id="0102fd55-003d-4a3b-82f5-a50499c0fa98" />
      <TestMethod codeBase="D:\SFERRARI\01 - TRABAJO\repos\netcore\libs\template-netcore-shared\Kitpymes.Core.Shared.Tests\bin\Release\net5.0\Kitpymes.Core.Shared.Tests.dll" adapterTypeName="executor://mstestadapter/v2" className="Kitpymes.Core.Shared.Tests.ClaimsPrincipalExtensionsTests" name="ToGet_Passing_Claims_Returns_Claim_Value_Int" />
    </UnitTest>
    <UnitTest name="IsEqual_Passing_InvalidArguments_Returns_HasErrorsAndCount" storage="d:\sferrari\01 - trabajo\repos\netcore\libs\template-netcore-shared\kitpymes.core.shared.tests\bin\release\net5.0\kitpymes.core.shared.tests.dll" id="65735bd9-7439-4f60-98b0-8ac5b6d9728f">
      <Execution id="b296a137-7bb3-46de-8d63-6725a598fd92" />
      <TestMethod codeBase="D:\SFERRARI\01 - TRABAJO\repos\netcore\libs\template-netcore-shared\Kitpymes.Core.Shared.Tests\bin\Release\net5.0\Kitpymes.Core.Shared.Tests.dll" adapterTypeName="executor://mstestadapter/v2" className="Kitpymes.Core.Shared.Tests.CheckTests" name="IsEqual_Passing_InvalidArguments_Returns_HasErrorsAndCount" />
    </UnitTest>
    <UnitTest name="ToEnum_Passing_InvalidValueString_Returns_EnumDefaultValue" storage="d:\sferrari\01 - trabajo\repos\netcore\libs\template-netcore-shared\kitpymes.core.shared.tests\bin\release\net5.0\kitpymes.core.shared.tests.dll" id="e21bdbb1-703e-4c9b-9a85-85b01836c1ef">
      <Execution id="c5cbda10-2323-49b8-9562-a37591291aa8" />
      <TestMethod codeBase="D:\SFERRARI\01 - TRABAJO\repos\netcore\libs\template-netcore-shared\Kitpymes.Core.Shared.Tests\bin\Release\net5.0\Kitpymes.Core.Shared.Tests.dll" adapterTypeName="executor://mstestadapter/v2" className="Kitpymes.Core.Shared.Tests.StringExtensionsTests" name="ToEnum_Passing_InvalidValueString_Returns_EnumDefaultValue" />
    </UnitTest>
    <UnitTest name="IsUniqueChars_Passing_ValidArguments_Returns_HasErrorsAndCount" storage="d:\sferrari\01 - trabajo\repos\netcore\libs\template-netcore-shared\kitpymes.core.shared.tests\bin\release\net5.0\kitpymes.core.shared.tests.dll" id="34b33a65-eaaf-4e05-bfe7-8fe968b035a0">
      <Execution id="5e0d2a5a-bd90-4ae7-a2ea-7d54ef6aee9e" />
      <TestMethod codeBase="D:\SFERRARI\01 - TRABAJO\repos\netcore\libs\template-netcore-shared\Kitpymes.Core.Shared.Tests\bin\Release\net5.0\Kitpymes.Core.Shared.Tests.dll" adapterTypeName="executor://mstestadapter/v2" className="Kitpymes.Core.Shared.Tests.CheckTests" name="IsUniqueChars_Passing_ValidArguments_Returns_HasErrorsAndCount" />
    </UnitTest>
    <UnitTest name="ToString_Passing_Valid_Collection_With_Custom_Separator_Returns_String_With_Custom_Separator" storage="d:\sferrari\01 - trabajo\repos\netcore\libs\template-netcore-shared\kitpymes.core.shared.tests\bin\release\net5.0\kitpymes.core.shared.tests.dll" id="66f8cf46-310f-45f5-9cbf-474431f13624">
      <Execution id="502be4e7-3883-4234-8716-63a12a8214b4" />
      <TestMethod codeBase="D:\SFERRARI\01 - TRABAJO\repos\netcore\libs\template-netcore-shared\Kitpymes.Core.Shared.Tests\bin\Release\net5.0\Kitpymes.Core.Shared.Tests.dll" adapterTypeName="executor://mstestadapter/v2" className="Kitpymes.Core.Shared.Tests.EnumerableExtensionsTests" name="ToString_Passing_Valid_Collection_With_Custom_Separator_Returns_String_With_Custom_Separator" />
    </UnitTest>
    <UnitTest name="IsUppercase_Passing_InvalidArguments_Returns_HasErrorsAndCount" storage="d:\sferrari\01 - trabajo\repos\netcore\libs\template-netcore-shared\kitpymes.core.shared.tests\bin\release\net5.0\kitpymes.core.shared.tests.dll" id="29ac9b1a-cd6b-4e4b-ad04-da47a744b9d7">
      <Execution id="0e6a0377-daa2-4f37-a46a-083c9803d5d3" />
      <TestMethod codeBase="D:\SFERRARI\01 - TRABAJO\repos\netcore\libs\template-netcore-shared\Kitpymes.Core.Shared.Tests\bin\Release\net5.0\Kitpymes.Core.Shared.Tests.dll" adapterTypeName="executor://mstestadapter/v2" className="Kitpymes.Core.Shared.Tests.CheckTests" name="IsUppercase_Passing_InvalidArguments_Returns_HasErrorsAndCount" />
    </UnitTest>
    <UnitTest name="ToUri_Passing_ValidValueString_Returns_Uri (http://مثال.إختبار)" storage="d:\sferrari\01 - trabajo\repos\netcore\libs\template-netcore-shared\kitpymes.core.shared.tests\bin\release\net5.0\kitpymes.core.shared.tests.dll" id="cf2fd2c4-2328-40f4-a5fa-7880a138a712">
      <Execution id="0354e408-3a54-44d0-aec5-04cefda21bad" />
      <TestMethod codeBase="D:\SFERRARI\01 - TRABAJO\repos\netcore\libs\template-netcore-shared\Kitpymes.Core.Shared.Tests\bin\Release\net5.0\Kitpymes.Core.Shared.Tests.dll" adapterTypeName="executor://mstestadapter/v2" className="Kitpymes.Core.Shared.Tests.StringExtensionsTests" name="ToUri_Passing_ValidValueString_Returns_Uri" />
    </UnitTest>
    <UnitTest name="IsDigit_Passing_InvalidArguments_Returns_HasErrorsAndCount" storage="d:\sferrari\01 - trabajo\repos\netcore\libs\template-netcore-shared\kitpymes.core.shared.tests\bin\release\net5.0\kitpymes.core.shared.tests.dll" id="319d94e8-4f7e-433d-afae-83603c2de801">
      <Execution id="3b0b4dfa-66bf-4037-93e3-651cbc1196e2" />
      <TestMethod codeBase="D:\SFERRARI\01 - TRABAJO\repos\netcore\libs\template-netcore-shared\Kitpymes.Core.Shared.Tests\bin\Release\net5.0\Kitpymes.Core.Shared.Tests.dll" adapterTypeName="executor://mstestadapter/v2" className="Kitpymes.Core.Shared.Tests.CheckTests" name="IsDigit_Passing_InvalidArguments_Returns_HasErrorsAndCount" />
    </UnitTest>
    <UnitTest name="IsFileExtension_Passing_InvalidArguments_Returns_HasErrorsAndCount" storage="d:\sferrari\01 - trabajo\repos\netcore\libs\template-netcore-shared\kitpymes.core.shared.tests\bin\release\net5.0\kitpymes.core.shared.tests.dll" id="d0293a16-93ef-47f7-b309-4e2cfb6f1994">
      <Execution id="0772b85f-7910-4e76-9ff5-e367b0962d0d" />
      <TestMethod codeBase="D:\SFERRARI\01 - TRABAJO\repos\netcore\libs\template-netcore-shared\Kitpymes.Core.Shared.Tests\bin\Release\net5.0\Kitpymes.Core.Shared.Tests.dll" adapterTypeName="executor://mstestadapter/v2" className="Kitpymes.Core.Shared.Tests.CheckTests" name="IsFileExtension_Passing_InvalidArguments_Returns_HasErrorsAndCount" />
    </UnitTest>
    <UnitTest name="ToDefaultValue_Passing_short_Returns_Cero" storage="d:\sferrari\01 - trabajo\repos\netcore\libs\template-netcore-shared\kitpymes.core.shared.tests\bin\release\net5.0\kitpymes.core.shared.tests.dll" id="48f897bb-77ce-413f-a5a3-61c60dada8f2">
      <Execution id="d194d314-047b-4c7c-b31f-a1cb7a3f6df2" />
      <TestMethod codeBase="D:\SFERRARI\01 - TRABAJO\repos\netcore\libs\template-netcore-shared\Kitpymes.Core.Shared.Tests\bin\Release\net5.0\Kitpymes.Core.Shared.Tests.dll" adapterTypeName="executor://mstestadapter/v2" className="Kitpymes.Core.Shared.Tests.GenericExtensionsTests" name="ToDefaultValue_Passing_short_Returns_Cero" />
    </UnitTest>
    <UnitTest name="ToUri_Passing_InvalidValueString_Returns_DefaultValue (http://.)" storage="d:\sferrari\01 - trabajo\repos\netcore\libs\template-netcore-shared\kitpymes.core.shared.tests\bin\release\net5.0\kitpymes.core.shared.tests.dll" id="ef446676-e689-486d-b296-9be12b1f05d9">
      <Execution id="6ba4cf83-b88d-407a-a071-17d9b2c63f3d" />
      <TestMethod codeBase="D:\SFERRARI\01 - TRABAJO\repos\netcore\libs\template-netcore-shared\Kitpymes.Core.Shared.Tests\bin\Release\net5.0\Kitpymes.Core.Shared.Tests.dll" adapterTypeName="executor://mstestadapter/v2" className="Kitpymes.Core.Shared.Tests.StringExtensionsTests" name="ToUri_Passing_InvalidValueString_Returns_DefaultValue" />
    </UnitTest>
    <UnitTest name="ToContentType_Passing_ValidValueString_Returns_ContentType (xxxx.json,application/json)" storage="d:\sferrari\01 - trabajo\repos\netcore\libs\template-netcore-shared\kitpymes.core.shared.tests\bin\release\net5.0\kitpymes.core.shared.tests.dll" id="961067b8-fdea-4f14-9527-be569e89c484">
      <Execution id="90ec9f28-3978-4075-b015-3c5d1dc80d55" />
      <TestMethod codeBase="D:\SFERRARI\01 - TRABAJO\repos\netcore\libs\template-netcore-shared\Kitpymes.Core.Shared.Tests\bin\Release\net5.0\Kitpymes.Core.Shared.Tests.dll" adapterTypeName="executor://mstestadapter/v2" className="Kitpymes.Core.Shared.Tests.StringExtensionsTests" name="ToContentType_Passing_ValidValueString_Returns_ContentType" />
    </UnitTest>
    <UnitTest name="ToNormalize_Passing_ValidValue_Returns_NormalizedValue (*¨^_:-?¿;,)" storage="d:\sferrari\01 - trabajo\repos\netcore\libs\template-netcore-shared\kitpymes.core.shared.tests\bin\release\net5.0\kitpymes.core.shared.tests.dll" id="f6543333-33b1-4c9f-a731-bb88d1e989ef">
      <Execution id="4376be01-4274-4067-89ab-aedc380bc557" />
      <TestMethod codeBase="D:\SFERRARI\01 - TRABAJO\repos\netcore\libs\template-netcore-shared\Kitpymes.Core.Shared.Tests\bin\Release\net5.0\Kitpymes.Core.Shared.Tests.dll" adapterTypeName="executor://mstestadapter/v2" className="Kitpymes.Core.Shared.Tests.StringExtensionsTests" name="ToNormalize_Passing_ValidValue_Returns_NormalizedValue" />
    </UnitTest>
    <UnitTest name="ToHashAlgorithmName_Passing_InvalidValueLowerCaseStringWithDefaultValue_Returns_DefaultValue (md5)" storage="d:\sferrari\01 - trabajo\repos\netcore\libs\template-netcore-shared\kitpymes.core.shared.tests\bin\release\net5.0\kitpymes.core.shared.tests.dll" id="36908925-2b82-442e-929e-271a20556db5">
      <Execution id="76c0b665-ab97-496e-b9ef-ec2c688c8555" />
      <TestMethod codeBase="D:\SFERRARI\01 - TRABAJO\repos\netcore\libs\template-netcore-shared\Kitpymes.Core.Shared.Tests\bin\Release\net5.0\Kitpymes.Core.Shared.Tests.dll" adapterTypeName="executor://mstestadapter/v2" className="Kitpymes.Core.Shared.Tests.StringExtensionsTests" name="ToHashAlgorithmName_Passing_InvalidValueLowerCaseStringWithDefaultValue_Returns_DefaultValue" />
    </UnitTest>
    <UnitTest name="ToService_Passing_Service_Not_Found_Returns_ApplicationException" storage="d:\sferrari\01 - trabajo\repos\netcore\libs\template-netcore-shared\kitpymes.core.shared.tests\bin\release\net5.0\kitpymes.core.shared.tests.dll" id="12a0dc0d-2a9b-40eb-8018-9da458a5a261">
      <Execution id="e7e878f6-249c-47e9-b320-79b08279dc6e" />
      <TestMethod codeBase="D:\SFERRARI\01 - TRABAJO\repos\netcore\libs\template-netcore-shared\Kitpymes.Core.Shared.Tests\bin\Release\net5.0\Kitpymes.Core.Shared.Tests.dll" adapterTypeName="executor://mstestadapter/v2" className="Kitpymes.Core.Shared.Tests.ApplicationBuilderExtensionsTests" name="ToService_Passing_Service_Not_Found_Returns_ApplicationException" />
    </UnitTest>
    <UnitTest name="ToIsAuthenticated_Passing_Claims_Returns_True" storage="d:\sferrari\01 - trabajo\repos\netcore\libs\template-netcore-shared\kitpymes.core.shared.tests\bin\release\net5.0\kitpymes.core.shared.tests.dll" id="a0a779fd-ec48-4f77-bed0-1ba7cc2f1998">
      <Execution id="5a99ac39-cca2-4aae-ac3d-00945de301d9" />
      <TestMethod codeBase="D:\SFERRARI\01 - TRABAJO\repos\netcore\libs\template-netcore-shared\Kitpymes.Core.Shared.Tests\bin\Release\net5.0\Kitpymes.Core.Shared.Tests.dll" adapterTypeName="executor://mstestadapter/v2" className="Kitpymes.Core.Shared.Tests.ClaimsPrincipalExtensionsTests" name="ToIsAuthenticated_Passing_Claims_Returns_True" />
    </UnitTest>
    <UnitTest name="IsName_Passing_ValidArguments_Returns_HasErrorsAndCount" storage="d:\sferrari\01 - trabajo\repos\netcore\libs\template-netcore-shared\kitpymes.core.shared.tests\bin\release\net5.0\kitpymes.core.shared.tests.dll" id="f6ef360c-988f-4813-aecc-609f95c56cc2">
      <Execution id="5a1297be-7e3a-4712-8732-8db4af7daccd" />
      <TestMethod codeBase="D:\SFERRARI\01 - TRABAJO\repos\netcore\libs\template-netcore-shared\Kitpymes.Core.Shared.Tests\bin\Release\net5.0\Kitpymes.Core.Shared.Tests.dll" adapterTypeName="executor://mstestadapter/v2" className="Kitpymes.Core.Shared.Tests.CheckTests" name="IsName_Passing_ValidArguments_Returns_HasErrorsAndCount" />
    </UnitTest>
    <UnitTest name="ToEmailMask_Passing_ValidEmail_Returns_EmailWithMask (qazwsx@gmailgmail.com,q----x@g---------.com)" storage="d:\sferrari\01 - trabajo\repos\netcore\libs\template-netcore-shared\kitpymes.core.shared.tests\bin\release\net5.0\kitpymes.core.shared.tests.dll" id="435d8618-8d72-4b1e-8aa1-056ca09bc11e">
      <Execution id="d0b8e383-cfac-4cc9-a5ea-0aed79a91c89" />
      <TestMethod codeBase="D:\SFERRARI\01 - TRABAJO\repos\netcore\libs\template-netcore-shared\Kitpymes.Core.Shared.Tests\bin\Release\net5.0\Kitpymes.Core.Shared.Tests.dll" adapterTypeName="executor://mstestadapter/v2" className="Kitpymes.Core.Shared.Tests.StringExtensionsTests" name="ToEmailMask_Passing_ValidEmail_Returns_EmailWithMask" />
    </UnitTest>
    <UnitTest name="ToInt_Passing_InvalidValueString_Returns_DefaultValue (999999439293294392492349329493294)" storage="d:\sferrari\01 - trabajo\repos\netcore\libs\template-netcore-shared\kitpymes.core.shared.tests\bin\release\net5.0\kitpymes.core.shared.tests.dll" id="4d3ff144-16fc-4c46-817c-1b2a93a0cf2f">
      <Execution id="cfae1bbd-ff52-4bbb-9af3-990acc909ee2" />
      <TestMethod codeBase="D:\SFERRARI\01 - TRABAJO\repos\netcore\libs\template-netcore-shared\Kitpymes.Core.Shared.Tests\bin\Release\net5.0\Kitpymes.Core.Shared.Tests.dll" adapterTypeName="executor://mstestadapter/v2" className="Kitpymes.Core.Shared.Tests.StringExtensionsTests" name="ToInt_Passing_InvalidValueString_Returns_DefaultValue" />
    </UnitTest>
    <UnitTest name="ToNormalize_Passing_ValidValue_Returns_NormalizedValue (Åge,Age)" storage="d:\sferrari\01 - trabajo\repos\netcore\libs\template-netcore-shared\kitpymes.core.shared.tests\bin\release\net5.0\kitpymes.core.shared.tests.dll" id="6d9c7cd4-aba4-471a-93e0-be6568db0233">
      <Execution id="2cbeed2d-9e17-4594-a24e-6198dc7894ad" />
      <TestMethod codeBase="D:\SFERRARI\01 - TRABAJO\repos\netcore\libs\template-netcore-shared\Kitpymes.Core.Shared.Tests\bin\Release\net5.0\Kitpymes.Core.Shared.Tests.dll" adapterTypeName="executor://mstestadapter/v2" className="Kitpymes.Core.Shared.Tests.StringExtensionsTests" name="ToNormalize_Passing_ValidValue_Returns_NormalizedValue" />
    </UnitTest>
    <UnitTest name="ToDirectoryTemporary_Passing_ValidValue_Returns_DirectoryExists" storage="d:\sferrari\01 - trabajo\repos\netcore\libs\template-netcore-shared\kitpymes.core.shared.tests\bin\release\net5.0\kitpymes.core.shared.tests.dll" id="323f27b5-2072-4ec6-97de-2c1cc6a3e903">
      <Execution id="47a76ad5-43f9-4f2f-a820-89262cd60851" />
      <TestMethod codeBase="D:\SFERRARI\01 - TRABAJO\repos\netcore\libs\template-netcore-shared\Kitpymes.Core.Shared.Tests\bin\Release\net5.0\Kitpymes.Core.Shared.Tests.dll" adapterTypeName="executor://mstestadapter/v2" className="Kitpymes.Core.Shared.Tests.StringExtensionsTests" name="ToDirectoryTemporary_Passing_ValidValue_Returns_DirectoryExists" />
    </UnitTest>
    <UnitTest name="ToFormat_Passing_ValidTimeSpanValue_Returns_ValueWithFormatString" storage="d:\sferrari\01 - trabajo\repos\netcore\libs\template-netcore-shared\kitpymes.core.shared.tests\bin\release\net5.0\kitpymes.core.shared.tests.dll" id="8b323f04-3601-4849-b1d1-72388b077825">
      <Execution id="a2ff0d2e-d65c-4f3e-8471-1dab9f9a7be6" />
      <TestMethod codeBase="D:\SFERRARI\01 - TRABAJO\repos\netcore\libs\template-netcore-shared\Kitpymes.Core.Shared.Tests\bin\Release\net5.0\Kitpymes.Core.Shared.Tests.dll" adapterTypeName="executor://mstestadapter/v2" className="Kitpymes.Core.Shared.Tests.TimeSpanExtensionsTests" name="ToFormat_Passing_ValidTimeSpanValue_Returns_ValueWithFormatString" />
    </UnitTest>
    <UnitTest name="ToReadOnly_Passing_Valid_Collection_Returns_Readonly_Collection" storage="d:\sferrari\01 - trabajo\repos\netcore\libs\template-netcore-shared\kitpymes.core.shared.tests\bin\release\net5.0\kitpymes.core.shared.tests.dll" id="006265b8-63d4-4ca7-9bd9-65273afe892c">
      <Execution id="a8d4cf6c-7fd4-40ad-ace8-d0a9fc2f3a9a" />
      <TestMethod codeBase="D:\SFERRARI\01 - TRABAJO\repos\netcore\libs\template-netcore-shared\Kitpymes.Core.Shared.Tests\bin\Release\net5.0\Kitpymes.Core.Shared.Tests.dll" adapterTypeName="executor://mstestadapter/v2" className="Kitpymes.Core.Shared.Tests.EnumerableExtensionsTests" name="ToReadOnly_Passing_Valid_Collection_Returns_Readonly_Collection" />
    </UnitTest>
    <UnitTest name="ToMessage_Passing_ExceptionWithMessageWithInnerException_Returns_MessageAndInnerException" storage="d:\sferrari\01 - trabajo\repos\netcore\libs\template-netcore-shared\kitpymes.core.shared.tests\bin\release\net5.0\kitpymes.core.shared.tests.dll" id="64e9c487-e919-4835-b7a9-9d25818fd2f5">
      <Execution id="861ef5d0-f71b-4ea7-a9dd-d567ed696c51" />
      <TestMethod codeBase="D:\SFERRARI\01 - TRABAJO\repos\netcore\libs\template-netcore-shared\Kitpymes.Core.Shared.Tests\bin\Release\net5.0\Kitpymes.Core.Shared.Tests.dll" adapterTypeName="executor://mstestadapter/v2" className="Kitpymes.Core.Shared.Tests.ExceptionExtensionsTests" name="ToMessage_Passing_ExceptionWithMessageWithInnerException_Returns_MessageAndInnerException" />
    </UnitTest>
    <UnitTest name="ToStringFormat_Passing_ValidValue_Returns_ValueWithoutRemovedChars (2147483647)" storage="d:\sferrari\01 - trabajo\repos\netcore\libs\template-netcore-shared\kitpymes.core.shared.tests\bin\release\net5.0\kitpymes.core.shared.tests.dll" id="f1a80c2d-be02-47a7-b542-824b759a67f6">
      <Execution id="e79d8e94-afec-430c-96ef-64ea370e556f" />
      <TestMethod codeBase="D:\SFERRARI\01 - TRABAJO\repos\netcore\libs\template-netcore-shared\Kitpymes.Core.Shared.Tests\bin\Release\net5.0\Kitpymes.Core.Shared.Tests.dll" adapterTypeName="executor://mstestadapter/v2" className="Kitpymes.Core.Shared.Tests.IntegerExtensionsTests" name="ToStringFormat_Passing_ValidValue_Returns_ValueWithoutRemovedChars" />
    </UnitTest>
    <UnitTest name="ToInt_Passing_InvalidValueString_Returns_DefaultValue (1,3333)" storage="d:\sferrari\01 - trabajo\repos\netcore\libs\template-netcore-shared\kitpymes.core.shared.tests\bin\release\net5.0\kitpymes.core.shared.tests.dll" id="affbe034-807b-491b-a0b4-eb302ee38aa3">
      <Execution id="79054726-de5c-403a-95c4-7dd2ebb4b7ff" />
      <TestMethod codeBase="D:\SFERRARI\01 - TRABAJO\repos\netcore\libs\template-netcore-shared\Kitpymes.Core.Shared.Tests\bin\Release\net5.0\Kitpymes.Core.Shared.Tests.dll" adapterTypeName="executor://mstestadapter/v2" className="Kitpymes.Core.Shared.Tests.StringExtensionsTests" name="ToInt_Passing_InvalidValueString_Returns_DefaultValue" />
    </UnitTest>
    <UnitTest name="ToUri_Passing_InvalidValueString_Returns_Null (http://??)" storage="d:\sferrari\01 - trabajo\repos\netcore\libs\template-netcore-shared\kitpymes.core.shared.tests\bin\release\net5.0\kitpymes.core.shared.tests.dll" id="a85a2f3f-1e0e-4583-b4bf-b89d5e6a40b8">
      <Execution id="6270e023-6d8a-417e-8460-26e88fd2e1f6" />
      <TestMethod codeBase="D:\SFERRARI\01 - TRABAJO\repos\netcore\libs\template-netcore-shared\Kitpymes.Core.Shared.Tests\bin\Release\net5.0\Kitpymes.Core.Shared.Tests.dll" adapterTypeName="executor://mstestadapter/v2" className="Kitpymes.Core.Shared.Tests.StringExtensionsTests" name="ToUri_Passing_InvalidValueString_Returns_Null" />
    </UnitTest>
    <UnitTest name="ToFirstLetterLower_Passing_ValidValue_Returns_StringWithFirstLetterLower (aeioU,aeioU)" storage="d:\sferrari\01 - trabajo\repos\netcore\libs\template-netcore-shared\kitpymes.core.shared.tests\bin\release\net5.0\kitpymes.core.shared.tests.dll" id="8a8942b6-9f2e-4bad-8af4-826ab0fc8d13">
      <Execution id="2e1342b0-4c91-4fc7-9c6d-7fe58b7cd522" />
      <TestMethod codeBase="D:\SFERRARI\01 - TRABAJO\repos\netcore\libs\template-netcore-shared\Kitpymes.Core.Shared.Tests\bin\Release\net5.0\Kitpymes.Core.Shared.Tests.dll" adapterTypeName="executor://mstestadapter/v2" className="Kitpymes.Core.Shared.Tests.StringExtensionsTests" name="ToFirstLetterLower_Passing_ValidValue_Returns_StringWithFirstLetterLower" />
    </UnitTest>
    <UnitTest name="ToInt_Passing_InvalidValueString_Returns_Null (1.333,39)" storage="d:\sferrari\01 - trabajo\repos\netcore\libs\template-netcore-shared\kitpymes.core.shared.tests\bin\release\net5.0\kitpymes.core.shared.tests.dll" id="1b7d5d2f-096a-4511-894a-733cfcffa5bb">
      <Execution id="a4faebe9-658a-4ece-94af-29a32d87f50a" />
      <TestMethod codeBase="D:\SFERRARI\01 - TRABAJO\repos\netcore\libs\template-netcore-shared\Kitpymes.Core.Shared.Tests\bin\Release\net5.0\Kitpymes.Core.Shared.Tests.dll" adapterTypeName="executor://mstestadapter/v2" className="Kitpymes.Core.Shared.Tests.StringExtensionsTests" name="ToInt_Passing_InvalidValueString_Returns_Null" />
    </UnitTest>
    <UnitTest name="CreateRandom_WithCustomAllowableCharacters_Passing_Valid_Arguments_Returns_String_Random_Value (10,7890ABFLFLFFL)" storage="d:\sferrari\01 - trabajo\repos\netcore\libs\template-netcore-shared\kitpymes.core.shared.tests\bin\release\net5.0\kitpymes.core.shared.tests.dll" id="068fab8a-3b12-495d-9817-a968759ca822">
      <Execution id="a84045c5-754a-4dbd-a1d3-1e6fcce288e3" />
      <TestMethod codeBase="D:\SFERRARI\01 - TRABAJO\repos\netcore\libs\template-netcore-shared\Kitpymes.Core.Shared.Tests\bin\Release\net5.0\Kitpymes.Core.Shared.Tests.dll" adapterTypeName="executor://mstestadapter/v2" className="Kitpymes.Core.Shared.Tests.HashTests" name="CreateRandom_WithCustomAllowableCharacters_Passing_Valid_Arguments_Returns_String_Random_Value" />
    </UnitTest>
    <UnitTest name="ToBytes_Passing_Object_Returns_Bytes" storage="d:\sferrari\01 - trabajo\repos\netcore\libs\template-netcore-shared\kitpymes.core.shared.tests\bin\release\net5.0\kitpymes.core.shared.tests.dll" id="dee155ab-c5cc-4ec9-88ac-d0e69c02bb5a">
      <Execution id="6efb037d-a8ad-4103-94aa-57a8f2da51bc" />
      <TestMethod codeBase="D:\SFERRARI\01 - TRABAJO\repos\netcore\libs\template-netcore-shared\Kitpymes.Core.Shared.Tests\bin\Release\net5.0\Kitpymes.Core.Shared.Tests.dll" adapterTypeName="executor://mstestadapter/v2" className="Kitpymes.Core.Shared.Tests.GenericExtensionsTests" name="ToBytes_Passing_Object_Returns_Bytes" />
    </UnitTest>
    <UnitTest name="ToDefaultValue_Passing_float_Returns_Cero" storage="d:\sferrari\01 - trabajo\repos\netcore\libs\template-netcore-shared\kitpymes.core.shared.tests\bin\release\net5.0\kitpymes.core.shared.tests.dll" id="7d2ffd12-6df1-4802-8338-4e45d7c7ecb8">
      <Execution id="0cf8ff4a-2343-4ab9-9c86-bd882184d435" />
      <TestMethod codeBase="D:\SFERRARI\01 - TRABAJO\repos\netcore\libs\template-netcore-shared\Kitpymes.Core.Shared.Tests\bin\Release\net5.0\Kitpymes.Core.Shared.Tests.dll" adapterTypeName="executor://mstestadapter/v2" className="Kitpymes.Core.Shared.Tests.GenericExtensionsTests" name="ToDefaultValue_Passing_float_Returns_Cero" />
    </UnitTest>
    <UnitTest name="IsHostname_Passing_InvalidArguments_Returns_HasErrorsAndCount" storage="d:\sferrari\01 - trabajo\repos\netcore\libs\template-netcore-shared\kitpymes.core.shared.tests\bin\release\net5.0\kitpymes.core.shared.tests.dll" id="8f182254-3098-430e-aea1-0824981717b6">
      <Execution id="7cf142b2-f69f-4525-a0e7-5e3b02757900" />
      <TestMethod codeBase="D:\SFERRARI\01 - TRABAJO\repos\netcore\libs\template-netcore-shared\Kitpymes.Core.Shared.Tests\bin\Release\net5.0\Kitpymes.Core.Shared.Tests.dll" adapterTypeName="executor://mstestadapter/v2" className="Kitpymes.Core.Shared.Tests.CheckTests" name="IsHostname_Passing_InvalidArguments_Returns_HasErrorsAndCount" />
    </UnitTest>
    <UnitTest name="ToInt_Passing_InvalidValueString_Returns_DefaultValue (1.3333)" storage="d:\sferrari\01 - trabajo\repos\netcore\libs\template-netcore-shared\kitpymes.core.shared.tests\bin\release\net5.0\kitpymes.core.shared.tests.dll" id="070c46b2-52dd-4452-995c-7efd8a2ff627">
      <Execution id="d5e812c6-ed89-4d0f-a95b-e434ca0da7f2" />
      <TestMethod codeBase="D:\SFERRARI\01 - TRABAJO\repos\netcore\libs\template-netcore-shared\Kitpymes.Core.Shared.Tests\bin\Release\net5.0\Kitpymes.Core.Shared.Tests.dll" adapterTypeName="executor://mstestadapter/v2" className="Kitpymes.Core.Shared.Tests.StringExtensionsTests" name="ToInt_Passing_InvalidValueString_Returns_DefaultValue" />
    </UnitTest>
    <UnitTest name="ToNormalize_Passing_ValidValue_Returns_NormalizedValue (Strømsgodset,Stromsgodset)" storage="d:\sferrari\01 - trabajo\repos\netcore\libs\template-netcore-shared\kitpymes.core.shared.tests\bin\release\net5.0\kitpymes.core.shared.tests.dll" id="fde5a030-4a30-427f-8697-39fc83e211f3">
      <Execution id="a27beb49-dfa9-4632-8bee-5fc7557bca7a" />
      <TestMethod codeBase="D:\SFERRARI\01 - TRABAJO\repos\netcore\libs\template-netcore-shared\Kitpymes.Core.Shared.Tests\bin\Release\net5.0\Kitpymes.Core.Shared.Tests.dll" adapterTypeName="executor://mstestadapter/v2" className="Kitpymes.Core.Shared.Tests.StringExtensionsTests" name="ToNormalize_Passing_ValidValue_Returns_NormalizedValue" />
    </UnitTest>
    <UnitTest name="ToEmailMaskUserNameAndDomain_Passing_ValidEmail_Returns_EmailWithMask (qazwsxedc@gmailgmail.com,q*******c@g********l.com)" storage="d:\sferrari\01 - trabajo\repos\netcore\libs\template-netcore-shared\kitpymes.core.shared.tests\bin\release\net5.0\kitpymes.core.shared.tests.dll" id="67a929f3-48e6-4af1-8b90-848528dd45bf">
      <Execution id="531dbe72-a618-430c-a56e-37b13f193a7d" />
      <TestMethod codeBase="D:\SFERRARI\01 - TRABAJO\repos\netcore\libs\template-netcore-shared\Kitpymes.Core.Shared.Tests\bin\Release\net5.0\Kitpymes.Core.Shared.Tests.dll" adapterTypeName="executor://mstestadapter/v2" className="Kitpymes.Core.Shared.Tests.StringExtensionsTests" name="ToEmailMaskUserNameAndDomain_Passing_ValidEmail_Returns_EmailWithMask" />
    </UnitTest>
    <UnitTest name="ToIsNullOrEmptyThrow_Passing_InvalidValue_Returns_ApplicationExceptionWithMessage" storage="d:\sferrari\01 - trabajo\repos\netcore\libs\template-netcore-shared\kitpymes.core.shared.tests\bin\release\net5.0\kitpymes.core.shared.tests.dll" id="305ef0e8-beb8-44aa-b84a-f866cdb3ae8e">
      <Execution id="ca83959e-699c-4472-a603-15f0c0211730" />
      <TestMethod codeBase="D:\SFERRARI\01 - TRABAJO\repos\netcore\libs\template-netcore-shared\Kitpymes.Core.Shared.Tests\bin\Release\net5.0\Kitpymes.Core.Shared.Tests.dll" adapterTypeName="executor://mstestadapter/v2" className="Kitpymes.Core.Shared.Tests.CheckExtensionsTests" name="ToIsNullOrEmptyThrow_Passing_InvalidValue_Returns_ApplicationExceptionWithMessage" />
    </UnitTest>
    <UnitTest name="ToIsAuthenticated_Passing_Claims_Returns_False" storage="d:\sferrari\01 - trabajo\repos\netcore\libs\template-netcore-shared\kitpymes.core.shared.tests\bin\release\net5.0\kitpymes.core.shared.tests.dll" id="8ca4dc3f-b451-45ee-bd8e-1faa042bba4c">
      <Execution id="55c81d61-4755-4714-8dca-0cb4993a5155" />
      <TestMethod codeBase="D:\SFERRARI\01 - TRABAJO\repos\netcore\libs\template-netcore-shared\Kitpymes.Core.Shared.Tests\bin\Release\net5.0\Kitpymes.Core.Shared.Tests.dll" adapterTypeName="executor://mstestadapter/v2" className="Kitpymes.Core.Shared.Tests.ClaimsPrincipalExtensionsTests" name="ToIsAuthenticated_Passing_Claims_Returns_False" />
    </UnitTest>
    <UnitTest name="ToEnvironment_ServiceCollection_Passing_Staging_Enviroment_Returns_Staging_Name" storage="d:\sferrari\01 - trabajo\repos\netcore\libs\template-netcore-shared\kitpymes.core.shared.tests\bin\release\net5.0\kitpymes.core.shared.tests.dll" id="8f7830af-2b8f-4c45-86c9-7ce1b5998ee6">
      <Execution id="825f48c2-6ba7-4820-90c6-645fc328331d" />
      <TestMethod codeBase="D:\SFERRARI\01 - TRABAJO\repos\netcore\libs\template-netcore-shared\Kitpymes.Core.Shared.Tests\bin\Release\net5.0\Kitpymes.Core.Shared.Tests.dll" adapterTypeName="executor://mstestadapter/v2" className="Kitpymes.Core.Shared.Tests.ConfigurationBuilderExtensionsTests" name="ToEnvironment_ServiceCollection_Passing_Staging_Enviroment_Returns_Staging_Name" />
    </UnitTest>
    <UnitTest name="ToReplaceSpecialChars_Passing_ValidValue_Returns_ReplacedValueWithoutIgnoreSpecialChars (*¨^_:-?¿;,)" storage="d:\sferrari\01 - trabajo\repos\netcore\libs\template-netcore-shared\kitpymes.core.shared.tests\bin\release\net5.0\kitpymes.core.shared.tests.dll" id="f4d6dc43-9dad-49d6-88f1-332155ccfae2">
      <Execution id="3e21afcf-af05-4451-af01-e4a1626304d8" />
      <TestMethod codeBase="D:\SFERRARI\01 - TRABAJO\repos\netcore\libs\template-netcore-shared\Kitpymes.Core.Shared.Tests\bin\Release\net5.0\Kitpymes.Core.Shared.Tests.dll" adapterTypeName="executor://mstestadapter/v2" className="Kitpymes.Core.Shared.Tests.StringExtensionsTests" name="ToReplaceSpecialChars_Passing_ValidValue_Returns_ReplacedValueWithoutIgnoreSpecialChars" />
    </UnitTest>
    <UnitTest name="ToDefaultValue_Passing_ushort_Returns_Cero" storage="d:\sferrari\01 - trabajo\repos\netcore\libs\template-netcore-shared\kitpymes.core.shared.tests\bin\release\net5.0\kitpymes.core.shared.tests.dll" id="2e9771bc-ca39-4fdb-9f4a-f0dec70a298f">
      <Execution id="dc34ceae-05c3-4ab4-9b20-53ec9f562b59" />
      <TestMethod codeBase="D:\SFERRARI\01 - TRABAJO\repos\netcore\libs\template-netcore-shared\Kitpymes.Core.Shared.Tests\bin\Release\net5.0\Kitpymes.Core.Shared.Tests.dll" adapterTypeName="executor://mstestadapter/v2" className="Kitpymes.Core.Shared.Tests.GenericExtensionsTests" name="ToDefaultValue_Passing_ushort_Returns_Cero" />
    </UnitTest>
    <UnitTest name="ToUri_Passing_ValidValueString_Returns_Uri (http://उदाहरण.परीक्ष)" storage="d:\sferrari\01 - trabajo\repos\netcore\libs\template-netcore-shared\kitpymes.core.shared.tests\bin\release\net5.0\kitpymes.core.shared.tests.dll" id="333e220c-2322-4531-b803-9ed3d544e043">
      <Execution id="9a7465fd-0662-438a-a810-3a7115983ae0" />
      <TestMethod codeBase="D:\SFERRARI\01 - TRABAJO\repos\netcore\libs\template-netcore-shared\Kitpymes.Core.Shared.Tests\bin\Release\net5.0\Kitpymes.Core.Shared.Tests.dll" adapterTypeName="executor://mstestadapter/v2" className="Kitpymes.Core.Shared.Tests.StringExtensionsTests" name="ToUri_Passing_ValidValueString_Returns_Uri" />
    </UnitTest>
    <UnitTest name="ToIsWeekend_Passing_Sunday_DateTime_Returns_True" storage="d:\sferrari\01 - trabajo\repos\netcore\libs\template-netcore-shared\kitpymes.core.shared.tests\bin\release\net5.0\kitpymes.core.shared.tests.dll" id="3902b2b7-a4ed-4b07-8294-d7353ec08b8b">
      <Execution id="e91bf212-ffd4-4e00-9c59-4d03f7e0c0c6" />
      <TestMethod codeBase="D:\SFERRARI\01 - TRABAJO\repos\netcore\libs\template-netcore-shared\Kitpymes.Core.Shared.Tests\bin\Release\net5.0\Kitpymes.Core.Shared.Tests.dll" adapterTypeName="executor://mstestadapter/v2" className="Kitpymes.Core.Shared.Tests.DateTimeExtensionsTests" name="ToIsWeekend_Passing_Sunday_DateTime_Returns_True" />
    </UnitTest>
    <UnitTest name="ToNormalize_Passing_ValidValue_Returns_NormalizedValue (Malmö,Malmo)" storage="d:\sferrari\01 - trabajo\repos\netcore\libs\template-netcore-shared\kitpymes.core.shared.tests\bin\release\net5.0\kitpymes.core.shared.tests.dll" id="78949070-7b94-4603-a1c1-46af6a2073ad">
      <Execution id="543fd162-891f-4fcf-80d0-2dc8bef05481" />
      <TestMethod codeBase="D:\SFERRARI\01 - TRABAJO\repos\netcore\libs\template-netcore-shared\Kitpymes.Core.Shared.Tests\bin\Release\net5.0\Kitpymes.Core.Shared.Tests.dll" adapterTypeName="executor://mstestadapter/v2" className="Kitpymes.Core.Shared.Tests.StringExtensionsTests" name="ToNormalize_Passing_ValidValue_Returns_NormalizedValue" />
    </UnitTest>
    <UnitTest name="ToService_Passing_Valid_Service_Returns_Service" storage="d:\sferrari\01 - trabajo\repos\netcore\libs\template-netcore-shared\kitpymes.core.shared.tests\bin\release\net5.0\kitpymes.core.shared.tests.dll" id="04727df2-e311-44a5-93fd-3c2d6f8824a7">
      <Execution id="7820fc55-8509-4612-a19e-b2f1c23a62e3" />
      <TestMethod codeBase="D:\SFERRARI\01 - TRABAJO\repos\netcore\libs\template-netcore-shared\Kitpymes.Core.Shared.Tests\bin\Release\net5.0\Kitpymes.Core.Shared.Tests.dll" adapterTypeName="executor://mstestadapter/v2" className="Kitpymes.Core.Shared.Tests.ConfigurationBuilderExtensionsTests" name="ToService_Passing_Valid_Service_Returns_Service" />
    </UnitTest>
    <UnitTest name="IsUppercase_Passing_ValidArguments_Returns_HasErrorsAndCount" storage="d:\sferrari\01 - trabajo\repos\netcore\libs\template-netcore-shared\kitpymes.core.shared.tests\bin\release\net5.0\kitpymes.core.shared.tests.dll" id="17071e9b-2a9a-40b6-821d-da4a1f5d4970">
      <Execution id="989630ab-5d2a-466d-bd71-dcf341a3f9f0" />
      <TestMethod codeBase="D:\SFERRARI\01 - TRABAJO\repos\netcore\libs\template-netcore-shared\Kitpymes.Core.Shared.Tests\bin\Release\net5.0\Kitpymes.Core.Shared.Tests.dll" adapterTypeName="executor://mstestadapter/v2" className="Kitpymes.Core.Shared.Tests.CheckTests" name="IsUppercase_Passing_ValidArguments_Returns_HasErrorsAndCount" />
    </UnitTest>
    <UnitTest name="IsEmail_Passing_InvalidArguments_Returns_HasErrorsAndCount" storage="d:\sferrari\01 - trabajo\repos\netcore\libs\template-netcore-shared\kitpymes.core.shared.tests\bin\release\net5.0\kitpymes.core.shared.tests.dll" id="62012ce5-7dde-486a-87d7-59719960040d">
      <Execution id="df67e122-8cdf-4502-a718-4ec0b5308d40" />
      <TestMethod codeBase="D:\SFERRARI\01 - TRABAJO\repos\netcore\libs\template-netcore-shared\Kitpymes.Core.Shared.Tests\bin\Release\net5.0\Kitpymes.Core.Shared.Tests.dll" adapterTypeName="executor://mstestadapter/v2" className="Kitpymes.Core.Shared.Tests.CheckTests" name="IsEmail_Passing_InvalidArguments_Returns_HasErrorsAndCount" />
    </UnitTest>
    <UnitTest name="ToNormalize_Passing_ValidValue_Returns_NormalizedValue (ìíïî,iiii)" storage="d:\sferrari\01 - trabajo\repos\netcore\libs\template-netcore-shared\kitpymes.core.shared.tests\bin\release\net5.0\kitpymes.core.shared.tests.dll" id="b1f17e9c-d1f0-447e-881e-a244dfb96840">
      <Execution id="6e842d34-db80-4f9b-885b-e0f529a46e84" />
      <TestMethod codeBase="D:\SFERRARI\01 - TRABAJO\repos\netcore\libs\template-netcore-shared\Kitpymes.Core.Shared.Tests\bin\Release\net5.0\Kitpymes.Core.Shared.Tests.dll" adapterTypeName="executor://mstestadapter/v2" className="Kitpymes.Core.Shared.Tests.StringExtensionsTests" name="ToNormalize_Passing_ValidValue_Returns_NormalizedValue" />
    </UnitTest>
    <UnitTest name="ToDetails_Passing_HttpContext_WithOptionalData_Returns_Details_HttpContext" storage="d:\sferrari\01 - trabajo\repos\netcore\libs\template-netcore-shared\kitpymes.core.shared.tests\bin\release\net5.0\kitpymes.core.shared.tests.dll" id="d75eeb1b-a7f8-4b7c-ab33-82aba0d96b82">
      <Execution id="5d775931-1a8d-4a7e-b96c-9b0f3f843800" />
      <TestMethod codeBase="D:\SFERRARI\01 - TRABAJO\repos\netcore\libs\template-netcore-shared\Kitpymes.Core.Shared.Tests\bin\Release\net5.0\Kitpymes.Core.Shared.Tests.dll" adapterTypeName="executor://mstestadapter/v2" className="Kitpymes.Core.Shared.Tests.HttpContextExtensionsTests" name="ToDetails_Passing_HttpContext_WithOptionalData_Returns_Details_HttpContext" />
    </UnitTest>
    <UnitTest name="ToInt_Passing_Enumeration_Name_Returns_Value" storage="d:\sferrari\01 - trabajo\repos\netcore\libs\template-netcore-shared\kitpymes.core.shared.tests\bin\release\net5.0\kitpymes.core.shared.tests.dll" id="ae62bade-4a0c-407a-877e-894404f2716b">
      <Execution id="2dd77820-6092-4c5f-acce-e3b8c37a55e9" />
      <TestMethod codeBase="D:\SFERRARI\01 - TRABAJO\repos\netcore\libs\template-netcore-shared\Kitpymes.Core.Shared.Tests\bin\Release\net5.0\Kitpymes.Core.Shared.Tests.dll" adapterTypeName="executor://mstestadapter/v2" className="Kitpymes.Core.Shared.Tests.EnumExtensionsTests" name="ToInt_Passing_Enumeration_Name_Returns_Value" />
    </UnitTest>
    <UnitTest name="ToUri_Passing_ValidValueString_Returns_Uri (http://例子.测试)" storage="d:\sferrari\01 - trabajo\repos\netcore\libs\template-netcore-shared\kitpymes.core.shared.tests\bin\release\net5.0\kitpymes.core.shared.tests.dll" id="58a409b4-1ce7-4851-9e2e-1f39f2165e92">
      <Execution id="877fa4d5-3e97-4d28-ba13-73350290e118" />
      <TestMethod codeBase="D:\SFERRARI\01 - TRABAJO\repos\netcore\libs\template-netcore-shared\Kitpymes.Core.Shared.Tests\bin\Release\net5.0\Kitpymes.Core.Shared.Tests.dll" adapterTypeName="executor://mstestadapter/v2" className="Kitpymes.Core.Shared.Tests.StringExtensionsTests" name="ToUri_Passing_ValidValueString_Returns_Uri" />
    </UnitTest>
    <UnitTest name="IsDigit_Passing_ValidArguments_Returns_HasErrorsAndCount" storage="d:\sferrari\01 - trabajo\repos\netcore\libs\template-netcore-shared\kitpymes.core.shared.tests\bin\release\net5.0\kitpymes.core.shared.tests.dll" id="117ccdb3-56dc-4260-afa4-980f7e811fc0">
      <Execution id="01f540de-8f8d-4680-865f-fea48de0fda6" />
      <TestMethod codeBase="D:\SFERRARI\01 - TRABAJO\repos\netcore\libs\template-netcore-shared\Kitpymes.Core.Shared.Tests\bin\Release\net5.0\Kitpymes.Core.Shared.Tests.dll" adapterTypeName="executor://mstestadapter/v2" className="Kitpymes.Core.Shared.Tests.CheckTests" name="IsDigit_Passing_ValidArguments_Returns_HasErrorsAndCount" />
    </UnitTest>
    <UnitTest name="CreateSHA512_Passing_Invalid_Arguments_Returns_ApplicationException ( )" storage="d:\sferrari\01 - trabajo\repos\netcore\libs\template-netcore-shared\kitpymes.core.shared.tests\bin\release\net5.0\kitpymes.core.shared.tests.dll" id="41faedef-1f59-45a8-bf1a-eb5105db9223">
      <Execution id="bc8e61ad-2f4f-4f05-bfd0-0a71466d44ac" />
      <TestMethod codeBase="D:\SFERRARI\01 - TRABAJO\repos\netcore\libs\template-netcore-shared\Kitpymes.Core.Shared.Tests\bin\Release\net5.0\Kitpymes.Core.Shared.Tests.dll" adapterTypeName="executor://mstestadapter/v2" className="Kitpymes.Core.Shared.Tests.HashTests" name="CreateSHA512_Passing_Invalid_Arguments_Returns_ApplicationException" />
    </UnitTest>
    <UnitTest name="AddOrUpdate_Passing_Valid_Collection_Returns_Collection" storage="d:\sferrari\01 - trabajo\repos\netcore\libs\template-netcore-shared\kitpymes.core.shared.tests\bin\release\net5.0\kitpymes.core.shared.tests.dll" id="4dd5d85d-75be-447e-adbe-83bbc74cc59b">
      <Execution id="9083c246-6be0-4339-86c4-d46f00b5d42f" />
      <TestMethod codeBase="D:\SFERRARI\01 - TRABAJO\repos\netcore\libs\template-netcore-shared\Kitpymes.Core.Shared.Tests\bin\Release\net5.0\Kitpymes.Core.Shared.Tests.dll" adapterTypeName="executor://mstestadapter/v2" className="Kitpymes.Core.Shared.Tests.DictionaryExtensionsTests" name="AddOrUpdate_Passing_Valid_Collection_Returns_Collection" />
    </UnitTest>
    <UnitTest name="ToContentType_Passing_ValidValueString_Returns_ContentType (xxxx.txt,text/plain)" storage="d:\sferrari\01 - trabajo\repos\netcore\libs\template-netcore-shared\kitpymes.core.shared.tests\bin\release\net5.0\kitpymes.core.shared.tests.dll" id="1b73bfef-2020-460f-9946-ece5f035a0d4">
      <Execution id="545fe417-1175-4e53-b4e0-f21b4421bdbd" />
      <TestMethod codeBase="D:\SFERRARI\01 - TRABAJO\repos\netcore\libs\template-netcore-shared\Kitpymes.Core.Shared.Tests\bin\Release\net5.0\Kitpymes.Core.Shared.Tests.dll" adapterTypeName="executor://mstestadapter/v2" className="Kitpymes.Core.Shared.Tests.StringExtensionsTests" name="ToContentType_Passing_ValidValueString_Returns_ContentType" />
    </UnitTest>
    <UnitTest name="ToEmailMaskUserName_Passing_ValidEmail_Returns_EmailWithMask (qaz@gmail.com,q*z@gmail.com)" storage="d:\sferrari\01 - trabajo\repos\netcore\libs\template-netcore-shared\kitpymes.core.shared.tests\bin\release\net5.0\kitpymes.core.shared.tests.dll" id="e9048cc9-4eea-44d6-91cc-0ff268563a2a">
      <Execution id="1fcb940a-e279-448d-9958-a585f6eef3d7" />
      <TestMethod codeBase="D:\SFERRARI\01 - TRABAJO\repos\netcore\libs\template-netcore-shared\Kitpymes.Core.Shared.Tests\bin\Release\net5.0\Kitpymes.Core.Shared.Tests.dll" adapterTypeName="executor://mstestadapter/v2" className="Kitpymes.Core.Shared.Tests.StringExtensionsTests" name="ToEmailMaskUserName_Passing_ValidEmail_Returns_EmailWithMask" />
    </UnitTest>
    <UnitTest name="ToStartOfWeek_Passing_DateTime_Returns_Start_Of_Week_DateTime" storage="d:\sferrari\01 - trabajo\repos\netcore\libs\template-netcore-shared\kitpymes.core.shared.tests\bin\release\net5.0\kitpymes.core.shared.tests.dll" id="b0417410-1ec9-4baf-8f9d-e9ff1609130f">
      <Execution id="e4c30556-ac63-4302-9af8-6e1e6fdf7a52" />
      <TestMethod codeBase="D:\SFERRARI\01 - TRABAJO\repos\netcore\libs\template-netcore-shared\Kitpymes.Core.Shared.Tests\bin\Release\net5.0\Kitpymes.Core.Shared.Tests.dll" adapterTypeName="executor://mstestadapter/v2" className="Kitpymes.Core.Shared.Tests.DateTimeExtensionsTests" name="ToStartOfWeek_Passing_DateTime_Returns_Start_Of_Week_DateTime" />
    </UnitTest>
    <UnitTest name="ToDefaultValue_Passing_long_Returns_Cero (9223372036854775807)" storage="d:\sferrari\01 - trabajo\repos\netcore\libs\template-netcore-shared\kitpymes.core.shared.tests\bin\release\net5.0\kitpymes.core.shared.tests.dll" id="96e5a715-fa47-451f-afe2-457589d8e955">
      <Execution id="15f869cf-35e8-429f-ae1b-1fa597659103" />
      <TestMethod codeBase="D:\SFERRARI\01 - TRABAJO\repos\netcore\libs\template-netcore-shared\Kitpymes.Core.Shared.Tests\bin\Release\net5.0\Kitpymes.Core.Shared.Tests.dll" adapterTypeName="executor://mstestadapter/v2" className="Kitpymes.Core.Shared.Tests.GenericExtensionsTests" name="ToDefaultValue_Passing_long_Returns_Cero" />
    </UnitTest>
    <UnitTest name="ToInt_Passing_InvalidValueString_Returns_Null (1.3333)" storage="d:\sferrari\01 - trabajo\repos\netcore\libs\template-netcore-shared\kitpymes.core.shared.tests\bin\release\net5.0\kitpymes.core.shared.tests.dll" id="4cfe4c65-880a-4d2b-bab6-1c53288fd6f5">
      <Execution id="988bf02c-12b6-4530-b420-4b01f983f95f" />
      <TestMethod codeBase="D:\SFERRARI\01 - TRABAJO\repos\netcore\libs\template-netcore-shared\Kitpymes.Core.Shared.Tests\bin\Release\net5.0\Kitpymes.Core.Shared.Tests.dll" adapterTypeName="executor://mstestadapter/v2" className="Kitpymes.Core.Shared.Tests.StringExtensionsTests" name="ToInt_Passing_InvalidValueString_Returns_Null" />
    </UnitTest>
    <UnitTest name="ToUri_Passing_InvalidValueString_Returns_DefaultValue (http://../)" storage="d:\sferrari\01 - trabajo\repos\netcore\libs\template-netcore-shared\kitpymes.core.shared.tests\bin\release\net5.0\kitpymes.core.shared.tests.dll" id="bb0a3da5-6918-45f0-81e3-1bb955d79ab9">
      <Execution id="ab4dd981-ce8a-4d49-aea8-fa9f2bcac485" />
      <TestMethod codeBase="D:\SFERRARI\01 - TRABAJO\repos\netcore\libs\template-netcore-shared\Kitpymes.Core.Shared.Tests\bin\Release\net5.0\Kitpymes.Core.Shared.Tests.dll" adapterTypeName="executor://mstestadapter/v2" className="Kitpymes.Core.Shared.Tests.StringExtensionsTests" name="ToUri_Passing_InvalidValueString_Returns_DefaultValue" />
    </UnitTest>
    <UnitTest name="ToIsNullOrEmpty_Passing_InvalidValue_Returns_True" storage="d:\sferrari\01 - trabajo\repos\netcore\libs\template-netcore-shared\kitpymes.core.shared.tests\bin\release\net5.0\kitpymes.core.shared.tests.dll" id="8fb8279a-d240-409b-8329-1f81862c935a">
      <Execution id="5c830ab5-7d1d-4cf5-aee5-0efcbdd023b9" />
      <TestMethod codeBase="D:\SFERRARI\01 - TRABAJO\repos\netcore\libs\template-netcore-shared\Kitpymes.Core.Shared.Tests\bin\Release\net5.0\Kitpymes.Core.Shared.Tests.dll" adapterTypeName="executor://mstestadapter/v2" className="Kitpymes.Core.Shared.Tests.CheckExtensionsTests" name="ToIsNullOrEmpty_Passing_InvalidValue_Returns_True" />
    </UnitTest>
    <UnitTest name="ToEmailMaskUserName_Passing_ValidEmail_Returns_EmailWithMask (qazwsx@gmailgmail.com,q****x@gmailgmail.com)" storage="d:\sferrari\01 - trabajo\repos\netcore\libs\template-netcore-shared\kitpymes.core.shared.tests\bin\release\net5.0\kitpymes.core.shared.tests.dll" id="4474a922-cc5b-46b5-a5d8-147f4bbac47b">
      <Execution id="70cf0d5a-44c5-41de-a562-e13549ba2bd9" />
      <TestMethod codeBase="D:\SFERRARI\01 - TRABAJO\repos\netcore\libs\template-netcore-shared\Kitpymes.Core.Shared.Tests\bin\Release\net5.0\Kitpymes.Core.Shared.Tests.dll" adapterTypeName="executor://mstestadapter/v2" className="Kitpymes.Core.Shared.Tests.StringExtensionsTests" name="ToEmailMaskUserName_Passing_ValidEmail_Returns_EmailWithMask" />
    </UnitTest>
    <UnitTest name="ToStringFormat_Passing_ValidValue_Returns_ValueWithoutRemovedChars (-2147483648)" storage="d:\sferrari\01 - trabajo\repos\netcore\libs\template-netcore-shared\kitpymes.core.shared.tests\bin\release\net5.0\kitpymes.core.shared.tests.dll" id="b7c68dae-01a5-4ace-979c-4a16d479adf8">
      <Execution id="1470bcd4-58f8-414e-bcfe-5b5e4f1d7b6a" />
      <TestMethod codeBase="D:\SFERRARI\01 - TRABAJO\repos\netcore\libs\template-netcore-shared\Kitpymes.Core.Shared.Tests\bin\Release\net5.0\Kitpymes.Core.Shared.Tests.dll" adapterTypeName="executor://mstestadapter/v2" className="Kitpymes.Core.Shared.Tests.IntegerExtensionsTests" name="ToStringFormat_Passing_ValidValue_Returns_ValueWithoutRemovedChars" />
    </UnitTest>
    <UnitTest name="ToServiceMatchingInterface_Passing_Valid_Assembly_Returns_Service" storage="d:\sferrari\01 - trabajo\repos\netcore\libs\template-netcore-shared\kitpymes.core.shared.tests\bin\release\net5.0\kitpymes.core.shared.tests.dll" id="b54a9290-c131-4e0b-81ef-319186161719">
      <Execution id="3a524681-eacb-4301-af64-284a1d72d4d7" />
      <TestMethod codeBase="D:\SFERRARI\01 - TRABAJO\repos\netcore\libs\template-netcore-shared\Kitpymes.Core.Shared.Tests\bin\Release\net5.0\Kitpymes.Core.Shared.Tests.dll" adapterTypeName="executor://mstestadapter/v2" className="Kitpymes.Core.Shared.Tests.ConfigurationBuilderExtensionsTests" name="ToServiceMatchingInterface_Passing_Valid_Assembly_Returns_Service" />
    </UnitTest>
    <UnitTest name="ToUri_Passing_ValidValueString_Returns_Uri (http://userid:password@example.com:8080/)" storage="d:\sferrari\01 - trabajo\repos\netcore\libs\template-netcore-shared\kitpymes.core.shared.tests\bin\release\net5.0\kitpymes.core.shared.tests.dll" id="30386999-ba64-4ba0-8e11-5b4e7d03de69">
      <Execution id="095d9ad3-7476-4ede-ba20-a112e2022de5" />
      <TestMethod codeBase="D:\SFERRARI\01 - TRABAJO\repos\netcore\libs\template-netcore-shared\Kitpymes.Core.Shared.Tests\bin\Release\net5.0\Kitpymes.Core.Shared.Tests.dll" adapterTypeName="executor://mstestadapter/v2" className="Kitpymes.Core.Shared.Tests.StringExtensionsTests" name="ToUri_Passing_ValidValueString_Returns_Uri" />
    </UnitTest>
    <UnitTest name="ToNormalize_Passing_ValidValue_Returns_NormalizedValue (ñ Ñ,n N)" storage="d:\sferrari\01 - trabajo\repos\netcore\libs\template-netcore-shared\kitpymes.core.shared.tests\bin\release\net5.0\kitpymes.core.shared.tests.dll" id="b5042591-38ea-4c8f-8fda-0d8da15bc16f">
      <Execution id="57b08313-5ef9-4e04-af4c-46f9bfd756eb" />
      <TestMethod codeBase="D:\SFERRARI\01 - TRABAJO\repos\netcore\libs\template-netcore-shared\Kitpymes.Core.Shared.Tests\bin\Release\net5.0\Kitpymes.Core.Shared.Tests.dll" adapterTypeName="executor://mstestadapter/v2" className="Kitpymes.Core.Shared.Tests.StringExtensionsTests" name="ToNormalize_Passing_ValidValue_Returns_NormalizedValue" />
    </UnitTest>
    <UnitTest name="ToUri_Passing_InvalidValueString_Returns_DefaultValue (http://)" storage="d:\sferrari\01 - trabajo\repos\netcore\libs\template-netcore-shared\kitpymes.core.shared.tests\bin\release\net5.0\kitpymes.core.shared.tests.dll" id="15a4bf62-4bb8-4403-bad1-8a0fd5d775fa">
      <Execution id="2d470a1c-3798-4c52-b9c0-4ef255124d7c" />
      <TestMethod codeBase="D:\SFERRARI\01 - TRABAJO\repos\netcore\libs\template-netcore-shared\Kitpymes.Core.Shared.Tests\bin\Release\net5.0\Kitpymes.Core.Shared.Tests.dll" adapterTypeName="executor://mstestadapter/v2" className="Kitpymes.Core.Shared.Tests.StringExtensionsTests" name="ToUri_Passing_InvalidValueString_Returns_DefaultValue" />
    </UnitTest>
    <UnitTest name="ToPaged_Passing_Age_Ascending_Order_Returns_Filter_List" storage="d:\sferrari\01 - trabajo\repos\netcore\libs\template-netcore-shared\kitpymes.core.shared.tests\bin\release\net5.0\kitpymes.core.shared.tests.dll" id="162cf3e2-72ce-4916-9b64-9a90ba3073eb">
      <Execution id="8340cf0c-3cfe-4bf1-92bf-a4f8c6f44c3d" />
      <TestMethod codeBase="D:\SFERRARI\01 - TRABAJO\repos\netcore\libs\template-netcore-shared\Kitpymes.Core.Shared.Tests\bin\Release\net5.0\Kitpymes.Core.Shared.Tests.dll" adapterTypeName="executor://mstestadapter/v2" className="Kitpymes.Core.Shared.Tests.QueryableExtensionsTests" name="ToPaged_Passing_Age_Ascending_Order_Returns_Filter_List" />
    </UnitTest>
    <UnitTest name="ToUserName_Passing_Valid_UserName_ClaimsPrincipal_Returns_String_UserName_Value" storage="d:\sferrari\01 - trabajo\repos\netcore\libs\template-netcore-shared\kitpymes.core.shared.tests\bin\release\net5.0\kitpymes.core.shared.tests.dll" id="715acdf8-859b-44cc-b824-fb1a9906b479">
      <Execution id="7bb3e29c-ec10-47c4-9ea3-244104067c55" />
      <TestMethod codeBase="D:\SFERRARI\01 - TRABAJO\repos\netcore\libs\template-netcore-shared\Kitpymes.Core.Shared.Tests\bin\Release\net5.0\Kitpymes.Core.Shared.Tests.dll" adapterTypeName="executor://mstestadapter/v2" className="Kitpymes.Core.Shared.Tests.ClaimsPrincipalExtensionsTests" name="ToUserName_Passing_Valid_UserName_ClaimsPrincipal_Returns_String_UserName_Value" />
    </UnitTest>
    <UnitTest name="ToNormalize_Passing_ValidValue_Returns_NormalizedValue (Münçhen,Munchen)" storage="d:\sferrari\01 - trabajo\repos\netcore\libs\template-netcore-shared\kitpymes.core.shared.tests\bin\release\net5.0\kitpymes.core.shared.tests.dll" id="819185b5-9cda-4482-bdbf-9a77e52864f3">
      <Execution id="a2d4d8ce-ac5c-4613-afc2-cfafcd7c172c" />
      <TestMethod codeBase="D:\SFERRARI\01 - TRABAJO\repos\netcore\libs\template-netcore-shared\Kitpymes.Core.Shared.Tests\bin\Release\net5.0\Kitpymes.Core.Shared.Tests.dll" adapterTypeName="executor://mstestadapter/v2" className="Kitpymes.Core.Shared.Tests.StringExtensionsTests" name="ToNormalize_Passing_ValidValue_Returns_NormalizedValue" />
    </UnitTest>
    <UnitTest name="ToFirstLetterLower_Passing_ValidValue_Returns_StringWithFirstLetterLower (AEIOU,aEIOU)" storage="d:\sferrari\01 - trabajo\repos\netcore\libs\template-netcore-shared\kitpymes.core.shared.tests\bin\release\net5.0\kitpymes.core.shared.tests.dll" id="c15ab711-cb7a-4bdf-89ba-1ef6dca9ab20">
      <Execution id="b8eb64f0-7bfe-4153-8dec-38eef7fad827" />
      <TestMethod codeBase="D:\SFERRARI\01 - TRABAJO\repos\netcore\libs\template-netcore-shared\Kitpymes.Core.Shared.Tests\bin\Release\net5.0\Kitpymes.Core.Shared.Tests.dll" adapterTypeName="executor://mstestadapter/v2" className="Kitpymes.Core.Shared.Tests.StringExtensionsTests" name="ToFirstLetterLower_Passing_ValidValue_Returns_StringWithFirstLetterLower" />
    </UnitTest>
    <UnitTest name="ToNormalize_Passing_ValidValue_Returns_NormalizedValue ( àáäâ ãøçħ ,aaaa aoch)" storage="d:\sferrari\01 - trabajo\repos\netcore\libs\template-netcore-shared\kitpymes.core.shared.tests\bin\release\net5.0\kitpymes.core.shared.tests.dll" id="232bbcbd-c0ad-4f15-8e8d-3199952a3099">
      <Execution id="e342657a-3622-4dfd-b212-82c4e7a8df5e" />
      <TestMethod codeBase="D:\SFERRARI\01 - TRABAJO\repos\netcore\libs\template-netcore-shared\Kitpymes.Core.Shared.Tests\bin\Release\net5.0\Kitpymes.Core.Shared.Tests.dll" adapterTypeName="executor://mstestadapter/v2" className="Kitpymes.Core.Shared.Tests.StringExtensionsTests" name="ToNormalize_Passing_ValidValue_Returns_NormalizedValue" />
    </UnitTest>
    <UnitTest name="ToFullMessage_Passing_ExceptionWithMessageWithInnerException_Returns_Full_Message" storage="d:\sferrari\01 - trabajo\repos\netcore\libs\template-netcore-shared\kitpymes.core.shared.tests\bin\release\net5.0\kitpymes.core.shared.tests.dll" id="c8810da2-33f8-4175-ab1f-086675bf7d6d">
      <Execution id="6fdb64f6-1d56-4e0e-bc78-72db076eec01" />
      <TestMethod codeBase="D:\SFERRARI\01 - TRABAJO\repos\netcore\libs\template-netcore-shared\Kitpymes.Core.Shared.Tests\bin\Release\net5.0\Kitpymes.Core.Shared.Tests.dll" adapterTypeName="executor://mstestadapter/v2" className="Kitpymes.Core.Shared.Tests.ExceptionExtensionsTests" name="ToFullMessage_Passing_ExceptionWithMessageWithInnerException_Returns_Full_Message" />
    </UnitTest>
    <UnitTest name="ResultOk_WithMessage_WithDetails" storage="d:\sferrari\01 - trabajo\repos\netcore\libs\template-netcore-shared\kitpymes.core.shared.tests\bin\release\net5.0\kitpymes.core.shared.tests.dll" id="2305b92f-c44c-4382-a2f5-6f40c48a3188">
      <Execution id="7298ed1d-af46-455c-b133-257e95d08949" />
      <TestMethod codeBase="D:\SFERRARI\01 - TRABAJO\repos\netcore\libs\template-netcore-shared\Kitpymes.Core.Shared.Tests\bin\Release\net5.0\Kitpymes.Core.Shared.Tests.dll" adapterTypeName="executor://mstestadapter/v2" className="Kitpymes.Core.Shared.Tests.ResultTest" name="ResultOk_WithMessage_WithDetails" />
    </UnitTest>
    <UnitTest name="ToEmailMaskUserNameAndDomainAndExtension_Passing_ValidEmail_Returns_EmailWithMask (qazwsxedc@gmail.com,q*******c@g***l.c*m)" storage="d:\sferrari\01 - trabajo\repos\netcore\libs\template-netcore-shared\kitpymes.core.shared.tests\bin\release\net5.0\kitpymes.core.shared.tests.dll" id="cdf43249-2cf8-4469-acd8-04ead0d15b8f">
      <Execution id="809b0159-33e7-462a-b37e-3773ac54b737" />
      <TestMethod codeBase="D:\SFERRARI\01 - TRABAJO\repos\netcore\libs\template-netcore-shared\Kitpymes.Core.Shared.Tests\bin\Release\net5.0\Kitpymes.Core.Shared.Tests.dll" adapterTypeName="executor://mstestadapter/v2" className="Kitpymes.Core.Shared.Tests.StringExtensionsTests" name="ToEmailMaskUserNameAndDomainAndExtension_Passing_ValidEmail_Returns_EmailWithMask" />
    </UnitTest>
    <UnitTest name="ToIsSubdomainThrow_Passing_InvalidValue_Returns_ApplicationExceptionWithMessage (dasdasd@dsasd.._ff)" storage="d:\sferrari\01 - trabajo\repos\netcore\libs\template-netcore-shared\kitpymes.core.shared.tests\bin\release\net5.0\kitpymes.core.shared.tests.dll" id="3877f910-a537-4e40-af35-5aec58be66e2">
      <Execution id="2fc3f665-f38b-48e1-b513-5de944a0ef1c" />
      <TestMethod codeBase="D:\SFERRARI\01 - TRABAJO\repos\netcore\libs\template-netcore-shared\Kitpymes.Core.Shared.Tests\bin\Release\net5.0\Kitpymes.Core.Shared.Tests.dll" adapterTypeName="executor://mstestadapter/v2" className="Kitpymes.Core.Shared.Tests.CheckExtensionsTests" name="ToIsSubdomainThrow_Passing_InvalidValue_Returns_ApplicationExceptionWithMessage" />
    </UnitTest>
    <UnitTest name="ToUri_Passing_ValidValueString_Returns_Uri (http://✪df.ws/123)" storage="d:\sferrari\01 - trabajo\repos\netcore\libs\template-netcore-shared\kitpymes.core.shared.tests\bin\release\net5.0\kitpymes.core.shared.tests.dll" id="223735c1-b377-4f93-bf40-cd94bcf22ca0">
      <Execution id="343712fc-1570-4dbc-a717-192d7aa1673d" />
      <TestMethod codeBase="D:\SFERRARI\01 - TRABAJO\repos\netcore\libs\template-netcore-shared\Kitpymes.Core.Shared.Tests\bin\Release\net5.0\Kitpymes.Core.Shared.Tests.dll" adapterTypeName="executor://mstestadapter/v2" className="Kitpymes.Core.Shared.Tests.StringExtensionsTests" name="ToUri_Passing_ValidValueString_Returns_Uri" />
    </UnitTest>
    <UnitTest name="ToUri_Passing_InvalidValueString_Returns_Null (http://.)" storage="d:\sferrari\01 - trabajo\repos\netcore\libs\template-netcore-shared\kitpymes.core.shared.tests\bin\release\net5.0\kitpymes.core.shared.tests.dll" id="decd9701-0e2b-4e64-8f3b-e99e948bb8c4">
      <Execution id="c889e158-2bec-4748-becb-66d58aa60b63" />
      <TestMethod codeBase="D:\SFERRARI\01 - TRABAJO\repos\netcore\libs\template-netcore-shared\Kitpymes.Core.Shared.Tests\bin\Release\net5.0\Kitpymes.Core.Shared.Tests.dll" adapterTypeName="executor://mstestadapter/v2" className="Kitpymes.Core.Shared.Tests.StringExtensionsTests" name="ToUri_Passing_InvalidValueString_Returns_Null" />
    </UnitTest>
    <UnitTest name="ToEmailMask_Passing_ValidEmail_Returns_EmailWithMask (qaz@gmail.com,q-z@g----.com)" storage="d:\sferrari\01 - trabajo\repos\netcore\libs\template-netcore-shared\kitpymes.core.shared.tests\bin\release\net5.0\kitpymes.core.shared.tests.dll" id="855042af-afc4-487d-ad40-cbdbebc665fc">
      <Execution id="122108cb-ff6a-403e-bedd-d3c81968b4ae" />
      <TestMethod codeBase="D:\SFERRARI\01 - TRABAJO\repos\netcore\libs\template-netcore-shared\Kitpymes.Core.Shared.Tests\bin\Release\net5.0\Kitpymes.Core.Shared.Tests.dll" adapterTypeName="executor://mstestadapter/v2" className="Kitpymes.Core.Shared.Tests.StringExtensionsTests" name="ToEmailMask_Passing_ValidEmail_Returns_EmailWithMask" />
    </UnitTest>
    <UnitTest name="ToEnvironment_Passing_Service_Not_Found_Returns_ApplicationException" storage="d:\sferrari\01 - trabajo\repos\netcore\libs\template-netcore-shared\kitpymes.core.shared.tests\bin\release\net5.0\kitpymes.core.shared.tests.dll" id="7c47a0b2-fb0b-422f-ad70-613b826f3df8">
      <Execution id="7e9b938e-4fe8-4bb6-9a91-027ce22a89dd" />
      <TestMethod codeBase="D:\SFERRARI\01 - TRABAJO\repos\netcore\libs\template-netcore-shared\Kitpymes.Core.Shared.Tests\bin\Release\net5.0\Kitpymes.Core.Shared.Tests.dll" adapterTypeName="executor://mstestadapter/v2" className="Kitpymes.Core.Shared.Tests.ApplicationBuilderExtensionsTests" name="ToEnvironment_Passing_Service_Not_Found_Returns_ApplicationException" />
    </UnitTest>
    <UnitTest name="CreateSHA512_Passing_Invalid_Arguments_Returns_ApplicationException ()" storage="d:\sferrari\01 - trabajo\repos\netcore\libs\template-netcore-shared\kitpymes.core.shared.tests\bin\release\net5.0\kitpymes.core.shared.tests.dll" id="b61f4e3f-b975-4914-a329-cf925197ecdb">
      <Execution id="c1cf8214-9916-48a0-8bf2-cf0bf8b65776" />
      <TestMethod codeBase="D:\SFERRARI\01 - TRABAJO\repos\netcore\libs\template-netcore-shared\Kitpymes.Core.Shared.Tests\bin\Release\net5.0\Kitpymes.Core.Shared.Tests.dll" adapterTypeName="executor://mstestadapter/v2" className="Kitpymes.Core.Shared.Tests.HashTests" name="CreateSHA512_Passing_Invalid_Arguments_Returns_ApplicationException" />
    </UnitTest>
    <UnitTest name="ToTryGetHeader_Passing_HttpRequest_Header_Many_Values_Returns_Values" storage="d:\sferrari\01 - trabajo\repos\netcore\libs\template-netcore-shared\kitpymes.core.shared.tests\bin\release\net5.0\kitpymes.core.shared.tests.dll" id="0d6d53db-7060-4df2-be0a-ef8c08034282">
      <Execution id="cf81f298-e105-4d7f-83c3-1c88702d06b5" />
      <TestMethod codeBase="D:\SFERRARI\01 - TRABAJO\repos\netcore\libs\template-netcore-shared\Kitpymes.Core.Shared.Tests\bin\Release\net5.0\Kitpymes.Core.Shared.Tests.dll" adapterTypeName="executor://mstestadapter/v2" className="Kitpymes.Core.Shared.Tests.HttpRequestExtensionsTests" name="ToTryGetHeader_Passing_HttpRequest_Header_Many_Values_Returns_Values" />
    </UnitTest>
    <UnitTest name="ToPaged_Passing_Name_Ascending_Order_Returns_Filter_List" storage="d:\sferrari\01 - trabajo\repos\netcore\libs\template-netcore-shared\kitpymes.core.shared.tests\bin\release\net5.0\kitpymes.core.shared.tests.dll" id="f0dd3bfa-a246-47d7-b479-2713e11945b3">
      <Execution id="8a6b809a-3e8c-45ed-94d3-20b0cc9c5bc1" />
      <TestMethod codeBase="D:\SFERRARI\01 - TRABAJO\repos\netcore\libs\template-netcore-shared\Kitpymes.Core.Shared.Tests\bin\Release\net5.0\Kitpymes.Core.Shared.Tests.dll" adapterTypeName="executor://mstestadapter/v2" className="Kitpymes.Core.Shared.Tests.QueryableExtensionsTests" name="ToPaged_Passing_Name_Ascending_Order_Returns_Filter_List" />
    </UnitTest>
    <UnitTest name="ToDefaultValue_Passing_double_Returns_Cero (1,7976931348623157E+308)" storage="d:\sferrari\01 - trabajo\repos\netcore\libs\template-netcore-shared\kitpymes.core.shared.tests\bin\release\net5.0\kitpymes.core.shared.tests.dll" id="eff93f62-2b95-4881-a608-1060ea339b91">
      <Execution id="f0d733d7-afcd-4c7d-8867-1de1c8eeabb2" />
      <TestMethod codeBase="D:\SFERRARI\01 - TRABAJO\repos\netcore\libs\template-netcore-shared\Kitpymes.Core.Shared.Tests\bin\Release\net5.0\Kitpymes.Core.Shared.Tests.dll" adapterTypeName="executor://mstestadapter/v2" className="Kitpymes.Core.Shared.Tests.GenericExtensionsTests" name="ToDefaultValue_Passing_double_Returns_Cero" />
    </UnitTest>
    <UnitTest name="ToIsSubdomainThrow_Passing_InvalidValue_Returns_ApplicationExceptionWithMessage ()" storage="d:\sferrari\01 - trabajo\repos\netcore\libs\template-netcore-shared\kitpymes.core.shared.tests\bin\release\net5.0\kitpymes.core.shared.tests.dll" id="0c84650d-b123-4d98-873f-388618b1ebff">
      <Execution id="7ea89abb-55fc-4984-ad34-e537580788e9" />
      <TestMethod codeBase="D:\SFERRARI\01 - TRABAJO\repos\netcore\libs\template-netcore-shared\Kitpymes.Core.Shared.Tests\bin\Release\net5.0\Kitpymes.Core.Shared.Tests.dll" adapterTypeName="executor://mstestadapter/v2" className="Kitpymes.Core.Shared.Tests.CheckExtensionsTests" name="ToIsSubdomainThrow_Passing_InvalidValue_Returns_ApplicationExceptionWithMessage" />
    </UnitTest>
    <UnitTest name="ResultBadRequest_WithErrors_Value" storage="d:\sferrari\01 - trabajo\repos\netcore\libs\template-netcore-shared\kitpymes.core.shared.tests\bin\release\net5.0\kitpymes.core.shared.tests.dll" id="717c426a-8354-4c5a-ac2c-fbdc6adb7262">
      <Execution id="fbaa849c-bdd3-4904-b142-971cd0b543f2" />
      <TestMethod codeBase="D:\SFERRARI\01 - TRABAJO\repos\netcore\libs\template-netcore-shared\Kitpymes.Core.Shared.Tests\bin\Release\net5.0\Kitpymes.Core.Shared.Tests.dll" adapterTypeName="executor://mstestadapter/v2" className="Kitpymes.Core.Shared.Tests.ResultTest" name="ResultBadRequest_WithErrors_Value" />
    </UnitTest>
    <UnitTest name="ToTryContentType_Passing_HttpRequestWithContentType_Value_Returns_ContentType_String_Value" storage="d:\sferrari\01 - trabajo\repos\netcore\libs\template-netcore-shared\kitpymes.core.shared.tests\bin\release\net5.0\kitpymes.core.shared.tests.dll" id="b2db0f6a-8e25-40b2-993b-df3cc75b4e42">
      <Execution id="7ed15aa4-6684-447a-aed0-39ba68c8b8e7" />
      <TestMethod codeBase="D:\SFERRARI\01 - TRABAJO\repos\netcore\libs\template-netcore-shared\Kitpymes.Core.Shared.Tests\bin\Release\net5.0\Kitpymes.Core.Shared.Tests.dll" adapterTypeName="executor://mstestadapter/v2" className="Kitpymes.Core.Shared.Tests.HttpRequestExtensionsTests" name="ToTryContentType_Passing_HttpRequestWithContentType_Value_Returns_ContentType_String_Value" />
    </UnitTest>
    <UnitTest name="ToEmailMaskUserNameAndDomainAndExtension_Passing_ValidEmail_Returns_EmailWithMask (qazwsxedc@gmailgmail.com,q*******c@g********l.c*m)" storage="d:\sferrari\01 - trabajo\repos\netcore\libs\template-netcore-shared\kitpymes.core.shared.tests\bin\release\net5.0\kitpymes.core.shared.tests.dll" id="cf0af9de-e8b7-43f5-9731-8af1573a7539">
      <Execution id="815c2c01-e65a-4147-8d26-a9f608526bae" />
      <TestMethod codeBase="D:\SFERRARI\01 - TRABAJO\repos\netcore\libs\template-netcore-shared\Kitpymes.Core.Shared.Tests\bin\Release\net5.0\Kitpymes.Core.Shared.Tests.dll" adapterTypeName="executor://mstestadapter/v2" className="Kitpymes.Core.Shared.Tests.StringExtensionsTests" name="ToEmailMaskUserNameAndDomainAndExtension_Passing_ValidEmail_Returns_EmailWithMask" />
    </UnitTest>
    <UnitTest name="ToEmailMaskUserNameAndDomainAndExtension_Passing_ValidEmail_Returns_EmailWithMask (qaz@gmailgmail.com,q*z@g********l.c*m)" storage="d:\sferrari\01 - trabajo\repos\netcore\libs\template-netcore-shared\kitpymes.core.shared.tests\bin\release\net5.0\kitpymes.core.shared.tests.dll" id="433f3cae-1ecc-442b-a63c-31ec3e1c57e4">
      <Execution id="4013acd2-2628-4926-a1a0-cd545eda0580" />
      <TestMethod codeBase="D:\SFERRARI\01 - TRABAJO\repos\netcore\libs\template-netcore-shared\Kitpymes.Core.Shared.Tests\bin\Release\net5.0\Kitpymes.Core.Shared.Tests.dll" adapterTypeName="executor://mstestadapter/v2" className="Kitpymes.Core.Shared.Tests.StringExtensionsTests" name="ToEmailMaskUserNameAndDomainAndExtension_Passing_ValidEmail_Returns_EmailWithMask" />
    </UnitTest>
    <UnitTest name="ToMapNew_Passing_TDestination_Returns_New_Destination_Object" storage="d:\sferrari\01 - trabajo\repos\netcore\libs\template-netcore-shared\kitpymes.core.shared.tests\bin\release\net5.0\kitpymes.core.shared.tests.dll" id="eb1e8eec-e4d2-4374-9453-90c56b135a6b">
      <Execution id="1a93621f-d595-4f0c-b1e9-6bdf13088469" />
      <TestMethod codeBase="D:\SFERRARI\01 - TRABAJO\repos\netcore\libs\template-netcore-shared\Kitpymes.Core.Shared.Tests\bin\Release\net5.0\Kitpymes.Core.Shared.Tests.dll" adapterTypeName="executor://mstestadapter/v2" className="Kitpymes.Core.Shared.Tests.AgileMapperExtensionsTests" name="ToMapNew_Passing_TDestination_Returns_New_Destination_Object" />
    </UnitTest>
    <UnitTest name="ToUri_Passing_ValidValueString_Returns_Uri (http://foo.com/blah_blah/)" storage="d:\sferrari\01 - trabajo\repos\netcore\libs\template-netcore-shared\kitpymes.core.shared.tests\bin\release\net5.0\kitpymes.core.shared.tests.dll" id="a35c750c-ecf2-43d4-9a24-33a895a78139">
      <Execution id="adef1071-1c13-4574-824a-abab215eed30" />
      <TestMethod codeBase="D:\SFERRARI\01 - TRABAJO\repos\netcore\libs\template-netcore-shared\Kitpymes.Core.Shared.Tests\bin\Release\net5.0\Kitpymes.Core.Shared.Tests.dll" adapterTypeName="executor://mstestadapter/v2" className="Kitpymes.Core.Shared.Tests.StringExtensionsTests" name="ToUri_Passing_ValidValueString_Returns_Uri" />
    </UnitTest>
    <UnitTest name="ToUri_Passing_ValidValueString_Returns_Uri (http://foo.com/blah_blah?p=5)" storage="d:\sferrari\01 - trabajo\repos\netcore\libs\template-netcore-shared\kitpymes.core.shared.tests\bin\release\net5.0\kitpymes.core.shared.tests.dll" id="b0506fce-ba6a-454c-a3e4-8db370a0cabd">
      <Execution id="c886fb78-48b8-461c-babc-0a85abcb35ff" />
      <TestMethod codeBase="D:\SFERRARI\01 - TRABAJO\repos\netcore\libs\template-netcore-shared\Kitpymes.Core.Shared.Tests\bin\Release\net5.0\Kitpymes.Core.Shared.Tests.dll" adapterTypeName="executor://mstestadapter/v2" className="Kitpymes.Core.Shared.Tests.StringExtensionsTests" name="ToUri_Passing_ValidValueString_Returns_Uri" />
    </UnitTest>
    <UnitTest name="ToRemove_Passing_ValidValue_Returns_ValueWithoutRemovedChars (aeiou,ae,iou)" storage="d:\sferrari\01 - trabajo\repos\netcore\libs\template-netcore-shared\kitpymes.core.shared.tests\bin\release\net5.0\kitpymes.core.shared.tests.dll" id="e7cb27e9-4e0e-4d8f-8d50-56b7b005298d">
      <Execution id="8f85e301-35f6-4403-822e-2344baffd61b" />
      <TestMethod codeBase="D:\SFERRARI\01 - TRABAJO\repos\netcore\libs\template-netcore-shared\Kitpymes.Core.Shared.Tests\bin\Release\net5.0\Kitpymes.Core.Shared.Tests.dll" adapterTypeName="executor://mstestadapter/v2" className="Kitpymes.Core.Shared.Tests.StringExtensionsTests" name="ToRemove_Passing_ValidValue_Returns_ValueWithoutRemovedChars" />
    </UnitTest>
    <UnitTest name="CreateAndVerifySHA256_Passing_Valid_Arguments_Returns_True (sdlfkjldsfksdfñl·%$·&amp;$/U&amp;/)(&amp;()?=)¿?^P*^PÑL,.,.lñ´ñ+98098'098098)" storage="d:\sferrari\01 - trabajo\repos\netcore\libs\template-netcore-shared\kitpymes.core.shared.tests\bin\release\net5.0\kitpymes.core.shared.tests.dll" id="5f5d0e86-3554-4cd0-9f2c-f226c0829e8e">
      <Execution id="9ab66080-d480-48e3-834a-cd0ed716ed6f" />
      <TestMethod codeBase="D:\SFERRARI\01 - TRABAJO\repos\netcore\libs\template-netcore-shared\Kitpymes.Core.Shared.Tests\bin\Release\net5.0\Kitpymes.Core.Shared.Tests.dll" adapterTypeName="executor://mstestadapter/v2" className="Kitpymes.Core.Shared.Tests.HashTests" name="CreateAndVerifySHA256_Passing_Valid_Arguments_Returns_True" />
    </UnitTest>
    <UnitTest name="ToFirstLetterLower_Passing_ValidValue_Returns_StringWithFirstLetterLower (Aeiou,aeiou)" storage="d:\sferrari\01 - trabajo\repos\netcore\libs\template-netcore-shared\kitpymes.core.shared.tests\bin\release\net5.0\kitpymes.core.shared.tests.dll" id="4cc066a7-0219-4eb5-bf52-5b03bdc7f0ab">
      <Execution id="329556bd-2ecc-4b02-8188-f6b542b56585" />
      <TestMethod codeBase="D:\SFERRARI\01 - TRABAJO\repos\netcore\libs\template-netcore-shared\Kitpymes.Core.Shared.Tests\bin\Release\net5.0\Kitpymes.Core.Shared.Tests.dll" adapterTypeName="executor://mstestadapter/v2" className="Kitpymes.Core.Shared.Tests.StringExtensionsTests" name="ToFirstLetterLower_Passing_ValidValue_Returns_StringWithFirstLetterLower" />
    </UnitTest>
    <UnitTest name="ToInt_Passing_InvalidValueString_Returns_Null (1,3333)" storage="d:\sferrari\01 - trabajo\repos\netcore\libs\template-netcore-shared\kitpymes.core.shared.tests\bin\release\net5.0\kitpymes.core.shared.tests.dll" id="9b5a3c2f-ce4c-4b60-8c6a-5735f60aea31">
      <Execution id="5ea0a736-dee2-4f8c-8e7b-42fbed22e0ba" />
      <TestMethod codeBase="D:\SFERRARI\01 - TRABAJO\repos\netcore\libs\template-netcore-shared\Kitpymes.Core.Shared.Tests\bin\Release\net5.0\Kitpymes.Core.Shared.Tests.dll" adapterTypeName="executor://mstestadapter/v2" className="Kitpymes.Core.Shared.Tests.StringExtensionsTests" name="ToInt_Passing_InvalidValueString_Returns_Null" />
    </UnitTest>
    <UnitTest name="ToUri_Passing_ValidValueString_Returns_Uri (http://userid@example.com:8080/)" storage="d:\sferrari\01 - trabajo\repos\netcore\libs\template-netcore-shared\kitpymes.core.shared.tests\bin\release\net5.0\kitpymes.core.shared.tests.dll" id="be1e2b1d-de1c-4b44-a1af-d8e6cae540d8">
      <Execution id="8bb6aa4a-475d-4b6c-be51-eb15f2000ec9" />
      <TestMethod codeBase="D:\SFERRARI\01 - TRABAJO\repos\netcore\libs\template-netcore-shared\Kitpymes.Core.Shared.Tests\bin\Release\net5.0\Kitpymes.Core.Shared.Tests.dll" adapterTypeName="executor://mstestadapter/v2" className="Kitpymes.Core.Shared.Tests.StringExtensionsTests" name="ToUri_Passing_ValidValueString_Returns_Uri" />
    </UnitTest>
    <UnitTest name="ToUri_Passing_ValidValueString_Returns_Uri (http://☺.damowmow.com/)" storage="d:\sferrari\01 - trabajo\repos\netcore\libs\template-netcore-shared\kitpymes.core.shared.tests\bin\release\net5.0\kitpymes.core.shared.tests.dll" id="2257663d-20f6-465d-a142-3a5a31ca16b7">
      <Execution id="16dd17bb-a4d4-418d-8918-27ef54f97926" />
      <TestMethod codeBase="D:\SFERRARI\01 - TRABAJO\repos\netcore\libs\template-netcore-shared\Kitpymes.Core.Shared.Tests\bin\Release\net5.0\Kitpymes.Core.Shared.Tests.dll" adapterTypeName="executor://mstestadapter/v2" className="Kitpymes.Core.Shared.Tests.StringExtensionsTests" name="ToUri_Passing_ValidValueString_Returns_Uri" />
    </UnitTest>
    <UnitTest name="ResultBadRequest_WithErrors_Dictionary" storage="d:\sferrari\01 - trabajo\repos\netcore\libs\template-netcore-shared\kitpymes.core.shared.tests\bin\release\net5.0\kitpymes.core.shared.tests.dll" id="0c9c55b2-fe56-42d7-a018-f21b3085bb5e">
      <Execution id="348d98a7-96ff-4a03-a1c4-4703b2219654" />
      <TestMethod codeBase="D:\SFERRARI\01 - TRABAJO\repos\netcore\libs\template-netcore-shared\Kitpymes.Core.Shared.Tests\bin\Release\net5.0\Kitpymes.Core.Shared.Tests.dll" adapterTypeName="executor://mstestadapter/v2" className="Kitpymes.Core.Shared.Tests.ResultTest" name="ResultBadRequest_WithErrors_Dictionary" />
    </UnitTest>
    <UnitTest name="ToEmailMaskUserName_Passing_ValidEmail_Returns_EmailWithMask (qaz@gmailgmail.com,q*z@gmailgmail.com)" storage="d:\sferrari\01 - trabajo\repos\netcore\libs\template-netcore-shared\kitpymes.core.shared.tests\bin\release\net5.0\kitpymes.core.shared.tests.dll" id="4c4093cb-0bb4-4683-95db-281b84eb5ee9">
      <Execution id="65b3e604-dd63-4305-a967-53af7c3edd27" />
      <TestMethod codeBase="D:\SFERRARI\01 - TRABAJO\repos\netcore\libs\template-netcore-shared\Kitpymes.Core.Shared.Tests\bin\Release\net5.0\Kitpymes.Core.Shared.Tests.dll" adapterTypeName="executor://mstestadapter/v2" className="Kitpymes.Core.Shared.Tests.StringExtensionsTests" name="ToEmailMaskUserName_Passing_ValidEmail_Returns_EmailWithMask" />
    </UnitTest>
    <UnitTest name="ToReplace_Passing_ValidValue_Returns_ReplacedValue (aeiou,*,0,2,**iou)" storage="d:\sferrari\01 - trabajo\repos\netcore\libs\template-netcore-shared\kitpymes.core.shared.tests\bin\release\net5.0\kitpymes.core.shared.tests.dll" id="225d89bf-a648-4667-8bae-8c3be1df5951">
      <Execution id="076ea59e-b6ec-4c90-8f06-0a8a76238f89" />
      <TestMethod codeBase="D:\SFERRARI\01 - TRABAJO\repos\netcore\libs\template-netcore-shared\Kitpymes.Core.Shared.Tests\bin\Release\net5.0\Kitpymes.Core.Shared.Tests.dll" adapterTypeName="executor://mstestadapter/v2" className="Kitpymes.Core.Shared.Tests.StringExtensionsTests" name="ToReplace_Passing_ValidValue_Returns_ReplacedValue" />
    </UnitTest>
    <UnitTest name="ToHashAlgorithmName_Passing_InvalidValueLowerCaseString_Returns_Null (md5)" storage="d:\sferrari\01 - trabajo\repos\netcore\libs\template-netcore-shared\kitpymes.core.shared.tests\bin\release\net5.0\kitpymes.core.shared.tests.dll" id="8ff1a17d-f70b-48a0-861e-d473db64b0d0">
      <Execution id="631967ad-d768-41ae-85b2-a2abf1483038" />
      <TestMethod codeBase="D:\SFERRARI\01 - TRABAJO\repos\netcore\libs\template-netcore-shared\Kitpymes.Core.Shared.Tests\bin\Release\net5.0\Kitpymes.Core.Shared.Tests.dll" adapterTypeName="executor://mstestadapter/v2" className="Kitpymes.Core.Shared.Tests.StringExtensionsTests" name="ToHashAlgorithmName_Passing_InvalidValueLowerCaseString_Returns_Null" />
    </UnitTest>
    <UnitTest name="ToRemove_Passing_ValidValue_Returns_ValueWithoutRemovedChars (aeiou,aei,ou)" storage="d:\sferrari\01 - trabajo\repos\netcore\libs\template-netcore-shared\kitpymes.core.shared.tests\bin\release\net5.0\kitpymes.core.shared.tests.dll" id="17583626-b4b3-45b0-bc71-0f6f0ad88071">
      <Execution id="d9129955-fca6-49d6-a1af-80c5f2e9f0aa" />
      <TestMethod codeBase="D:\SFERRARI\01 - TRABAJO\repos\netcore\libs\template-netcore-shared\Kitpymes.Core.Shared.Tests\bin\Release\net5.0\Kitpymes.Core.Shared.Tests.dll" adapterTypeName="executor://mstestadapter/v2" className="Kitpymes.Core.Shared.Tests.StringExtensionsTests" name="ToRemove_Passing_ValidValue_Returns_ValueWithoutRemovedChars" />
    </UnitTest>
    <UnitTest name="ToUri_Passing_InvalidValueString_Returns_DefaultValue (http://##)" storage="d:\sferrari\01 - trabajo\repos\netcore\libs\template-netcore-shared\kitpymes.core.shared.tests\bin\release\net5.0\kitpymes.core.shared.tests.dll" id="10190fd9-5ec0-48d3-8ca1-3848bb246c3e">
      <Execution id="7e11c933-8a49-4f89-8551-4808f61cead1" />
      <TestMethod codeBase="D:\SFERRARI\01 - TRABAJO\repos\netcore\libs\template-netcore-shared\Kitpymes.Core.Shared.Tests\bin\Release\net5.0\Kitpymes.Core.Shared.Tests.dll" adapterTypeName="executor://mstestadapter/v2" className="Kitpymes.Core.Shared.Tests.StringExtensionsTests" name="ToUri_Passing_InvalidValueString_Returns_DefaultValue" />
    </UnitTest>
    <UnitTest name="ToIsEmailThrow_Passing_InvalidValue_Returns_ApplicationExceptionWithMessage ()" storage="d:\sferrari\01 - trabajo\repos\netcore\libs\template-netcore-shared\kitpymes.core.shared.tests\bin\release\net5.0\kitpymes.core.shared.tests.dll" id="e129cebf-da9c-4276-93ae-18d666897df5">
      <Execution id="f23cad63-d1ba-43b5-b658-f7f44c830137" />
      <TestMethod codeBase="D:\SFERRARI\01 - TRABAJO\repos\netcore\libs\template-netcore-shared\Kitpymes.Core.Shared.Tests\bin\Release\net5.0\Kitpymes.Core.Shared.Tests.dll" adapterTypeName="executor://mstestadapter/v2" className="Kitpymes.Core.Shared.Tests.CheckExtensionsTests" name="ToIsEmailThrow_Passing_InvalidValue_Returns_ApplicationExceptionWithMessage" />
    </UnitTest>
    <UnitTest name="ToWhere_Passing_Null_Predicate_Returns_Same_List" storage="d:\sferrari\01 - trabajo\repos\netcore\libs\template-netcore-shared\kitpymes.core.shared.tests\bin\release\net5.0\kitpymes.core.shared.tests.dll" id="d53a3569-4b15-48b8-955d-e17d34baecef">
      <Execution id="4e1d7449-7927-4cbe-bc56-2be10a848b3b" />
      <TestMethod codeBase="D:\SFERRARI\01 - TRABAJO\repos\netcore\libs\template-netcore-shared\Kitpymes.Core.Shared.Tests\bin\Release\net5.0\Kitpymes.Core.Shared.Tests.dll" adapterTypeName="executor://mstestadapter/v2" className="Kitpymes.Core.Shared.Tests.QueryableExtensionsTests" name="ToWhere_Passing_Null_Predicate_Returns_Same_List" />
    </UnitTest>
    <UnitTest name="IsDirectory_Passing_InvalidArguments_Returns_HasErrorsAndCount" storage="d:\sferrari\01 - trabajo\repos\netcore\libs\template-netcore-shared\kitpymes.core.shared.tests\bin\release\net5.0\kitpymes.core.shared.tests.dll" id="5ec282d8-d094-44f1-8332-da4f92c5f6cf">
      <Execution id="da305dca-db43-416e-8eac-f586d9d574d3" />
      <TestMethod codeBase="D:\SFERRARI\01 - TRABAJO\repos\netcore\libs\template-netcore-shared\Kitpymes.Core.Shared.Tests\bin\Release\net5.0\Kitpymes.Core.Shared.Tests.dll" adapterTypeName="executor://mstestadapter/v2" className="Kitpymes.Core.Shared.Tests.CheckTests" name="IsDirectory_Passing_InvalidArguments_Returns_HasErrorsAndCount" />
    </UnitTest>
    <UnitTest name="IsGreater_Passing_InvalidArguments_Returns_HasErrorsAndCount" storage="d:\sferrari\01 - trabajo\repos\netcore\libs\template-netcore-shared\kitpymes.core.shared.tests\bin\release\net5.0\kitpymes.core.shared.tests.dll" id="e8a2ecce-7f41-4828-ab7e-477a85852c8f">
      <Execution id="57ec526c-496b-4c74-ac9d-7273324e2ce4" />
      <TestMethod codeBase="D:\SFERRARI\01 - TRABAJO\repos\netcore\libs\template-netcore-shared\Kitpymes.Core.Shared.Tests\bin\Release\net5.0\Kitpymes.Core.Shared.Tests.dll" adapterTypeName="executor://mstestadapter/v2" className="Kitpymes.Core.Shared.Tests.CheckTests" name="IsGreater_Passing_InvalidArguments_Returns_HasErrorsAndCount" />
    </UnitTest>
    <UnitTest name="ToAttribute_Passing_Enumeration_Name_Returns_Atributte" storage="d:\sferrari\01 - trabajo\repos\netcore\libs\template-netcore-shared\kitpymes.core.shared.tests\bin\release\net5.0\kitpymes.core.shared.tests.dll" id="b2be496f-becd-421f-95a4-3601b0df4940">
      <Execution id="fe3fbfcc-70eb-476c-b615-9ba948156a96" />
      <TestMethod codeBase="D:\SFERRARI\01 - TRABAJO\repos\netcore\libs\template-netcore-shared\Kitpymes.Core.Shared.Tests\bin\Release\net5.0\Kitpymes.Core.Shared.Tests.dll" adapterTypeName="executor://mstestadapter/v2" className="Kitpymes.Core.Shared.Tests.EnumExtensionsTests" name="ToAttribute_Passing_Enumeration_Name_Returns_Atributte" />
    </UnitTest>
    <UnitTest name="ToUri_Passing_ValidValueString_Returns_Uri (http://a.b-c.de)" storage="d:\sferrari\01 - trabajo\repos\netcore\libs\template-netcore-shared\kitpymes.core.shared.tests\bin\release\net5.0\kitpymes.core.shared.tests.dll" id="51c5a8d3-31e0-428d-ab58-46d7647cf953">
      <Execution id="449eb8e9-3d6f-4b1e-a2c7-cbf5f57e3aa3" />
      <TestMethod codeBase="D:\SFERRARI\01 - TRABAJO\repos\netcore\libs\template-netcore-shared\Kitpymes.Core.Shared.Tests\bin\Release\net5.0\Kitpymes.Core.Shared.Tests.dll" adapterTypeName="executor://mstestadapter/v2" className="Kitpymes.Core.Shared.Tests.StringExtensionsTests" name="ToUri_Passing_ValidValueString_Returns_Uri" />
    </UnitTest>
    <UnitTest name="ToUri_Passing_ValidValueString_Returns_Uri (//foo.com/blah_blah?p=5&amp;j=fe)" storage="d:\sferrari\01 - trabajo\repos\netcore\libs\template-netcore-shared\kitpymes.core.shared.tests\bin\release\net5.0\kitpymes.core.shared.tests.dll" id="02b0695b-8b87-4704-9661-c46be2c8857d">
      <Execution id="ea01317a-6c54-46c1-aaca-9d75d36f7aa7" />
      <TestMethod codeBase="D:\SFERRARI\01 - TRABAJO\repos\netcore\libs\template-netcore-shared\Kitpymes.Core.Shared.Tests\bin\Release\net5.0\Kitpymes.Core.Shared.Tests.dll" adapterTypeName="executor://mstestadapter/v2" className="Kitpymes.Core.Shared.Tests.StringExtensionsTests" name="ToUri_Passing_ValidValueString_Returns_Uri" />
    </UnitTest>
    <UnitTest name="ToEnvironment_Passing_Custom_Enviroment_Returns_Custom_Name" storage="d:\sferrari\01 - trabajo\repos\netcore\libs\template-netcore-shared\kitpymes.core.shared.tests\bin\release\net5.0\kitpymes.core.shared.tests.dll" id="b836d94b-093d-4892-a506-ec18c1898d4e">
      <Execution id="76a7e296-f210-47e1-80d2-6ffbb341bdf8" />
      <TestMethod codeBase="D:\SFERRARI\01 - TRABAJO\repos\netcore\libs\template-netcore-shared\Kitpymes.Core.Shared.Tests\bin\Release\net5.0\Kitpymes.Core.Shared.Tests.dll" adapterTypeName="executor://mstestadapter/v2" className="Kitpymes.Core.Shared.Tests.ApplicationBuilderExtensionsTests" name="ToEnvironment_Passing_Custom_Enviroment_Returns_Custom_Name" />
    </UnitTest>
    <UnitTest name="ToDirectoryFileInfo_Passing_ValidValue_Returns_FileInfo" storage="d:\sferrari\01 - trabajo\repos\netcore\libs\template-netcore-shared\kitpymes.core.shared.tests\bin\release\net5.0\kitpymes.core.shared.tests.dll" id="382194c4-fda5-46ee-86a6-232989bfbaf6">
      <Execution id="cd9a91c3-2641-492a-9fb4-cb5036ad48a5" />
      <TestMethod codeBase="D:\SFERRARI\01 - TRABAJO\repos\netcore\libs\template-netcore-shared\Kitpymes.Core.Shared.Tests\bin\Release\net5.0\Kitpymes.Core.Shared.Tests.dll" adapterTypeName="executor://mstestadapter/v2" className="Kitpymes.Core.Shared.Tests.StringExtensionsTests" name="ToDirectoryFileInfo_Passing_ValidValue_Returns_FileInfo" />
    </UnitTest>
    <UnitTest name="ToUri_Passing_ValidValueString_Returns_Uri (http://foo.com/blah_blah_(wikipedia))" storage="d:\sferrari\01 - trabajo\repos\netcore\libs\template-netcore-shared\kitpymes.core.shared.tests\bin\release\net5.0\kitpymes.core.shared.tests.dll" id="5fbad7ad-f8e4-4138-aa34-270bbc968bf2">
      <Execution id="4b5a1c14-5c54-4210-955d-a1568552d4d8" />
      <TestMethod codeBase="D:\SFERRARI\01 - TRABAJO\repos\netcore\libs\template-netcore-shared\Kitpymes.Core.Shared.Tests\bin\Release\net5.0\Kitpymes.Core.Shared.Tests.dll" adapterTypeName="executor://mstestadapter/v2" className="Kitpymes.Core.Shared.Tests.StringExtensionsTests" name="ToUri_Passing_ValidValueString_Returns_Uri" />
    </UnitTest>
    <UnitTest name="ToReplaceSpecialChars_Passing_ValidValue_Returns_ReplacedValueWithoutIgnoreSpecialChars ( * ¨ ^ _ : - ? ¿ ; ,          )" storage="d:\sferrari\01 - trabajo\repos\netcore\libs\template-netcore-shared\kitpymes.core.shared.tests\bin\release\net5.0\kitpymes.core.shared.tests.dll" id="e7eded14-2c8f-4bfd-80e6-82f879e4f992">
      <Execution id="d7aa6ac3-23e0-44c7-ae5a-b12f1be95d5f" />
      <TestMethod codeBase="D:\SFERRARI\01 - TRABAJO\repos\netcore\libs\template-netcore-shared\Kitpymes.Core.Shared.Tests\bin\Release\net5.0\Kitpymes.Core.Shared.Tests.dll" adapterTypeName="executor://mstestadapter/v2" className="Kitpymes.Core.Shared.Tests.StringExtensionsTests" name="ToReplaceSpecialChars_Passing_ValidValue_Returns_ReplacedValueWithoutIgnoreSpecialChars" />
    </UnitTest>
    <UnitTest name="ToExists_Passing_NotFound_Service_Returns_False" storage="d:\sferrari\01 - trabajo\repos\netcore\libs\template-netcore-shared\kitpymes.core.shared.tests\bin\release\net5.0\kitpymes.core.shared.tests.dll" id="00b2436a-8bc1-4fc8-a2df-0b346d363233">
      <Execution id="24d89c1e-f9ed-4cd3-9ff7-83feea3b974c" />
      <TestMethod codeBase="D:\SFERRARI\01 - TRABAJO\repos\netcore\libs\template-netcore-shared\Kitpymes.Core.Shared.Tests\bin\Release\net5.0\Kitpymes.Core.Shared.Tests.dll" adapterTypeName="executor://mstestadapter/v2" className="Kitpymes.Core.Shared.Tests.ConfigurationBuilderExtensionsTests" name="ToExists_Passing_NotFound_Service_Returns_False" />
    </UnitTest>
    <UnitTest name="ToEmailMask_Passing_ValidEmail_Returns_EmailWithMask (qazwsxedc@gmailgmail.com,q-------c@g---------.com)" storage="d:\sferrari\01 - trabajo\repos\netcore\libs\template-netcore-shared\kitpymes.core.shared.tests\bin\release\net5.0\kitpymes.core.shared.tests.dll" id="e3b07ccf-c34e-4bc8-a500-f8a9567a88f2">
      <Execution id="db4258de-8a05-47a3-9ba1-af4f41503266" />
      <TestMethod codeBase="D:\SFERRARI\01 - TRABAJO\repos\netcore\libs\template-netcore-shared\Kitpymes.Core.Shared.Tests\bin\Release\net5.0\Kitpymes.Core.Shared.Tests.dll" adapterTypeName="executor://mstestadapter/v2" className="Kitpymes.Core.Shared.Tests.StringExtensionsTests" name="ToEmailMask_Passing_ValidEmail_Returns_EmailWithMask" />
    </UnitTest>
    <UnitTest name="GetValues_Passing_Valid_Key_Returns_Values" storage="d:\sferrari\01 - trabajo\repos\netcore\libs\template-netcore-shared\kitpymes.core.shared.tests\bin\release\net5.0\kitpymes.core.shared.tests.dll" id="9d12ac29-e54e-43c0-ba8c-fbdaf0fce472">
      <Execution id="f54c279e-5ba6-4e60-a526-16a3377be565" />
      <TestMethod codeBase="D:\SFERRARI\01 - TRABAJO\repos\netcore\libs\template-netcore-shared\Kitpymes.Core.Shared.Tests\bin\Release\net5.0\Kitpymes.Core.Shared.Tests.dll" adapterTypeName="executor://mstestadapter/v2" className="Kitpymes.Core.Shared.Tests.DictionaryExtensionsTests" name="GetValues_Passing_Valid_Key_Returns_Values" />
    </UnitTest>
    <UnitTest name="ToDefaultValue_Passing_ValidString_Returns_DefaultValue" storage="d:\sferrari\01 - trabajo\repos\netcore\libs\template-netcore-shared\kitpymes.core.shared.tests\bin\release\net5.0\kitpymes.core.shared.tests.dll" id="159bb66f-166e-485c-92c4-71921b468a82">
      <Execution id="e241a9f1-13dc-4e64-9cd2-7e036be70a2b" />
      <TestMethod codeBase="D:\SFERRARI\01 - TRABAJO\repos\netcore\libs\template-netcore-shared\Kitpymes.Core.Shared.Tests\bin\Release\net5.0\Kitpymes.Core.Shared.Tests.dll" adapterTypeName="executor://mstestadapter/v2" className="Kitpymes.Core.Shared.Tests.TypeExtensionsTests" name="ToDefaultValue_Passing_ValidString_Returns_DefaultValue" />
    </UnitTest>
    <UnitTest name="ToReplace_Passing_ValidValue_Returns_ReplacedValue (aeiou,*,0,5,*****)" storage="d:\sferrari\01 - trabajo\repos\netcore\libs\template-netcore-shared\kitpymes.core.shared.tests\bin\release\net5.0\kitpymes.core.shared.tests.dll" id="d1202511-d209-419c-a2af-94f4cda01d10">
      <Execution id="8173b95b-48c7-4af4-8ec2-1ec7d0917d61" />
      <TestMethod codeBase="D:\SFERRARI\01 - TRABAJO\repos\netcore\libs\template-netcore-shared\Kitpymes.Core.Shared.Tests\bin\Release\net5.0\Kitpymes.Core.Shared.Tests.dll" adapterTypeName="executor://mstestadapter/v2" className="Kitpymes.Core.Shared.Tests.StringExtensionsTests" name="ToReplace_Passing_ValidValue_Returns_ReplacedValue" />
    </UnitTest>
    <UnitTest name="ToReplace_Passing_ValidValue_Returns_ReplacedValue (aeiou,*,0,4,****u)" storage="d:\sferrari\01 - trabajo\repos\netcore\libs\template-netcore-shared\kitpymes.core.shared.tests\bin\release\net5.0\kitpymes.core.shared.tests.dll" id="f3d388a6-4b82-430b-a73f-8b59cae5cefe">
      <Execution id="8ab3ef75-46fe-4071-ba99-2b53f825953f" />
      <TestMethod codeBase="D:\SFERRARI\01 - TRABAJO\repos\netcore\libs\template-netcore-shared\Kitpymes.Core.Shared.Tests\bin\Release\net5.0\Kitpymes.Core.Shared.Tests.dll" adapterTypeName="executor://mstestadapter/v2" className="Kitpymes.Core.Shared.Tests.StringExtensionsTests" name="ToReplace_Passing_ValidValue_Returns_ReplacedValue" />
    </UnitTest>
    <UnitTest name="ToConfiguration_Passing_Invalid_DirectoryPath_Returns_ApplicationException" storage="d:\sferrari\01 - trabajo\repos\netcore\libs\template-netcore-shared\kitpymes.core.shared.tests\bin\release\net5.0\kitpymes.core.shared.tests.dll" id="5209d565-6a46-4f68-95d5-0e2c36a41e88">
      <Execution id="2f8285b0-1bd3-4f24-9d38-04e54427e263" />
      <TestMethod codeBase="D:\SFERRARI\01 - TRABAJO\repos\netcore\libs\template-netcore-shared\Kitpymes.Core.Shared.Tests\bin\Release\net5.0\Kitpymes.Core.Shared.Tests.dll" adapterTypeName="executor://mstestadapter/v2" className="Kitpymes.Core.Shared.Tests.ConfigurationBuilderExtensionsTests" name="ToConfiguration_Passing_Invalid_DirectoryPath_Returns_ApplicationException" />
    </UnitTest>
    <UnitTest name="ToUri_Passing_ValidValueString_Returns_Uri (http://foo.com/blah_blah_(wikipedia)_(again))" storage="d:\sferrari\01 - trabajo\repos\netcore\libs\template-netcore-shared\kitpymes.core.shared.tests\bin\release\net5.0\kitpymes.core.shared.tests.dll" id="5ef0b1b2-7486-4e2f-b276-1a5b2cc31fb3">
      <Execution id="0b45c2b5-0c6f-4af4-91a6-0544b2c1e125" />
      <TestMethod codeBase="D:\SFERRARI\01 - TRABAJO\repos\netcore\libs\template-netcore-shared\Kitpymes.Core.Shared.Tests\bin\Release\net5.0\Kitpymes.Core.Shared.Tests.dll" adapterTypeName="executor://mstestadapter/v2" className="Kitpymes.Core.Shared.Tests.StringExtensionsTests" name="ToUri_Passing_ValidValueString_Returns_Uri" />
    </UnitTest>
    <UnitTest name="ToEmailMaskUserNameAndDomain_Passing_ValidEmail_Returns_EmailWithMask (qaz@gmail.com,q*z@g***l.com)" storage="d:\sferrari\01 - trabajo\repos\netcore\libs\template-netcore-shared\kitpymes.core.shared.tests\bin\release\net5.0\kitpymes.core.shared.tests.dll" id="1f27140a-bc43-4e48-913c-49507cf9dd37">
      <Execution id="2c15041f-86ab-44fb-a3f9-66caa845a0ce" />
      <TestMethod codeBase="D:\SFERRARI\01 - TRABAJO\repos\netcore\libs\template-netcore-shared\Kitpymes.Core.Shared.Tests\bin\Release\net5.0\Kitpymes.Core.Shared.Tests.dll" adapterTypeName="executor://mstestadapter/v2" className="Kitpymes.Core.Shared.Tests.StringExtensionsTests" name="ToEmailMaskUserNameAndDomain_Passing_ValidEmail_Returns_EmailWithMask" />
    </UnitTest>
    <UnitTest name="ToValues_Passing_ValidEnumType_Returns_ValuesListString" storage="d:\sferrari\01 - trabajo\repos\netcore\libs\template-netcore-shared\kitpymes.core.shared.tests\bin\release\net5.0\kitpymes.core.shared.tests.dll" id="ff531209-fd31-4ccf-8711-eb8ed16b190c">
      <Execution id="ca8ae3d9-1411-493c-abc8-d1089d990428" />
      <TestMethod codeBase="D:\SFERRARI\01 - TRABAJO\repos\netcore\libs\template-netcore-shared\Kitpymes.Core.Shared.Tests\bin\Release\net5.0\Kitpymes.Core.Shared.Tests.dll" adapterTypeName="executor://mstestadapter/v2" className="Kitpymes.Core.Shared.Tests.EnumsTests" name="ToValues_Passing_ValidEnumType_Returns_ValuesListString" />
    </UnitTest>
    <UnitTest name="ToUri_Passing_ValidValueString_Returns_Uri (https://foo.com/blah_blah/)" storage="d:\sferrari\01 - trabajo\repos\netcore\libs\template-netcore-shared\kitpymes.core.shared.tests\bin\release\net5.0\kitpymes.core.shared.tests.dll" id="581ae1c1-524c-4f40-8a79-8e9cfd07cd0a">
      <Execution id="4a900840-5909-4dd9-ac36-ebdfd493d463" />
      <TestMethod codeBase="D:\SFERRARI\01 - TRABAJO\repos\netcore\libs\template-netcore-shared\Kitpymes.Core.Shared.Tests\bin\Release\net5.0\Kitpymes.Core.Shared.Tests.dll" adapterTypeName="executor://mstestadapter/v2" className="Kitpymes.Core.Shared.Tests.StringExtensionsTests" name="ToUri_Passing_ValidValueString_Returns_Uri" />
    </UnitTest>
    <UnitTest name="ToEnum_Passing_ValidValueInt_Returns_EnumValue" storage="d:\sferrari\01 - trabajo\repos\netcore\libs\template-netcore-shared\kitpymes.core.shared.tests\bin\release\net5.0\kitpymes.core.shared.tests.dll" id="a7d4bfa1-2370-48d9-b17f-e86607019732">
      <Execution id="01d0c2ce-2d90-4029-8740-9d5661063f24" />
      <TestMethod codeBase="D:\SFERRARI\01 - TRABAJO\repos\netcore\libs\template-netcore-shared\Kitpymes.Core.Shared.Tests\bin\Release\net5.0\Kitpymes.Core.Shared.Tests.dll" adapterTypeName="executor://mstestadapter/v2" className="Kitpymes.Core.Shared.Tests.StringExtensionsTests" name="ToEnum_Passing_ValidValueInt_Returns_EnumValue" />
    </UnitTest>
    <UnitTest name="ToAuthenticationType_Passing_Claims_Returns_AuthenticationType_Name" storage="d:\sferrari\01 - trabajo\repos\netcore\libs\template-netcore-shared\kitpymes.core.shared.tests\bin\release\net5.0\kitpymes.core.shared.tests.dll" id="4966e6f2-12b2-4c66-b7b3-c6d96b94fd90">
      <Execution id="fcfc8c3d-5dd1-4b39-aa79-7a5a4bd76a52" />
      <TestMethod codeBase="D:\SFERRARI\01 - TRABAJO\repos\netcore\libs\template-netcore-shared\Kitpymes.Core.Shared.Tests\bin\Release\net5.0\Kitpymes.Core.Shared.Tests.dll" adapterTypeName="executor://mstestadapter/v2" className="Kitpymes.Core.Shared.Tests.ClaimsPrincipalExtensionsTests" name="ToAuthenticationType_Passing_Claims_Returns_AuthenticationType_Name" />
    </UnitTest>
    <UnitTest name="ToInt_Passing_InvalidValueString_Returns_Null (999999439293294392492349329493294)" storage="d:\sferrari\01 - trabajo\repos\netcore\libs\template-netcore-shared\kitpymes.core.shared.tests\bin\release\net5.0\kitpymes.core.shared.tests.dll" id="f52d71ce-9b56-4564-b455-0c82646b4647">
      <Execution id="cff559ef-b216-4246-99fe-b8257f242f46" />
      <TestMethod codeBase="D:\SFERRARI\01 - TRABAJO\repos\netcore\libs\template-netcore-shared\Kitpymes.Core.Shared.Tests\bin\Release\net5.0\Kitpymes.Core.Shared.Tests.dll" adapterTypeName="executor://mstestadapter/v2" className="Kitpymes.Core.Shared.Tests.StringExtensionsTests" name="ToInt_Passing_InvalidValueString_Returns_Null" />
    </UnitTest>
    <UnitTest name="ToIPv6_Passing_HttpContext_IP_Value_Returns_IP" storage="d:\sferrari\01 - trabajo\repos\netcore\libs\template-netcore-shared\kitpymes.core.shared.tests\bin\release\net5.0\kitpymes.core.shared.tests.dll" id="ee353558-b1b9-4056-8e30-977b51d249a7">
      <Execution id="92afbf90-13af-4c06-9aac-f48c010cee0a" />
      <TestMethod codeBase="D:\SFERRARI\01 - TRABAJO\repos\netcore\libs\template-netcore-shared\Kitpymes.Core.Shared.Tests\bin\Release\net5.0\Kitpymes.Core.Shared.Tests.dll" adapterTypeName="executor://mstestadapter/v2" className="Kitpymes.Core.Shared.Tests.HttpContextExtensionsTests" name="ToIPv6_Passing_HttpContext_IP_Value_Returns_IP" />
    </UnitTest>
    <UnitTest name="ToServiceMatchingInterface_Passing_Empties_Assemblies_Returns_ApplicationException" storage="d:\sferrari\01 - trabajo\repos\netcore\libs\template-netcore-shared\kitpymes.core.shared.tests\bin\release\net5.0\kitpymes.core.shared.tests.dll" id="277d6bce-bcfb-4b7b-bdb2-016476bcdfda">
      <Execution id="288a946a-aeb8-4cd2-ac48-c5ac84e058a6" />
      <TestMethod codeBase="D:\SFERRARI\01 - TRABAJO\repos\netcore\libs\template-netcore-shared\Kitpymes.Core.Shared.Tests\bin\Release\net5.0\Kitpymes.Core.Shared.Tests.dll" adapterTypeName="executor://mstestadapter/v2" className="Kitpymes.Core.Shared.Tests.ConfigurationBuilderExtensionsTests" name="ToServiceMatchingInterface_Passing_Empties_Assemblies_Returns_ApplicationException" />
    </UnitTest>
    <UnitTest name="ToResultAsync_Passing_StatusCodeAnd_MessageAndContentTypeAndHeader_Values_Returns_Values (/test)" storage="d:\sferrari\01 - trabajo\repos\netcore\libs\template-netcore-shared\kitpymes.core.shared.tests\bin\release\net5.0\kitpymes.core.shared.tests.dll" id="76d11a0c-d5ae-40d2-a814-c38032fcc16e">
      <Execution id="e1dbd544-7ced-413a-944b-2113fa1b2703" />
      <TestMethod codeBase="D:\SFERRARI\01 - TRABAJO\repos\netcore\libs\template-netcore-shared\Kitpymes.Core.Shared.Tests\bin\Release\net5.0\Kitpymes.Core.Shared.Tests.dll" adapterTypeName="executor://mstestadapter/v2" className="Kitpymes.Core.Shared.Tests.HttpResponseExtensionsTests" name="ToResultAsync_Passing_StatusCodeAnd_MessageAndContentTypeAndHeader_Values_Returns_Values" />
    </UnitTest>
    <UnitTest name="ToSetTime_Passing_Time_String_Returns_DateTime" storage="d:\sferrari\01 - trabajo\repos\netcore\libs\template-netcore-shared\kitpymes.core.shared.tests\bin\release\net5.0\kitpymes.core.shared.tests.dll" id="65f9faed-5035-4e96-b0c8-5b6efee3d5a7">
      <Execution id="7b3796e2-223d-4052-80da-fc56b097d465" />
      <TestMethod codeBase="D:\SFERRARI\01 - TRABAJO\repos\netcore\libs\template-netcore-shared\Kitpymes.Core.Shared.Tests\bin\Release\net5.0\Kitpymes.Core.Shared.Tests.dll" adapterTypeName="executor://mstestadapter/v2" className="Kitpymes.Core.Shared.Tests.DateTimeExtensionsTests" name="ToSetTime_Passing_Time_String_Returns_DateTime" />
    </UnitTest>
    <UnitTest name="ToDefaultValue_Passing_uint_Returns_Cero" storage="d:\sferrari\01 - trabajo\repos\netcore\libs\template-netcore-shared\kitpymes.core.shared.tests\bin\release\net5.0\kitpymes.core.shared.tests.dll" id="fc510cec-e83e-4eab-9464-c4f360edc129">
      <Execution id="946c4d64-ec6f-45ff-9a93-4e326f1213da" />
      <TestMethod codeBase="D:\SFERRARI\01 - TRABAJO\repos\netcore\libs\template-netcore-shared\Kitpymes.Core.Shared.Tests\bin\Release\net5.0\Kitpymes.Core.Shared.Tests.dll" adapterTypeName="executor://mstestadapter/v2" className="Kitpymes.Core.Shared.Tests.GenericExtensionsTests" name="ToDefaultValue_Passing_uint_Returns_Cero" />
    </UnitTest>
    <UnitTest name="ToAuthenticationType_Passing_Claims_Returns_Null" storage="d:\sferrari\01 - trabajo\repos\netcore\libs\template-netcore-shared\kitpymes.core.shared.tests\bin\release\net5.0\kitpymes.core.shared.tests.dll" id="3b8a3213-f6a4-4ca8-89b9-25c5e2b828ee">
      <Execution id="9b9381ba-83d7-4981-b3bc-7ed747ac063a" />
      <TestMethod codeBase="D:\SFERRARI\01 - TRABAJO\repos\netcore\libs\template-netcore-shared\Kitpymes.Core.Shared.Tests\bin\Release\net5.0\Kitpymes.Core.Shared.Tests.dll" adapterTypeName="executor://mstestadapter/v2" className="Kitpymes.Core.Shared.Tests.ClaimsPrincipalExtensionsTests" name="ToAuthenticationType_Passing_Claims_Returns_Null" />
    </UnitTest>
    <UnitTest name="ToIsFileExtensionThrow_Passing_InvalidValue_Returns_ApplicationExceptionWithMessage" storage="d:\sferrari\01 - trabajo\repos\netcore\libs\template-netcore-shared\kitpymes.core.shared.tests\bin\release\net5.0\kitpymes.core.shared.tests.dll" id="006cfbe2-ba2f-41af-93dc-b0ae0f88b3e5">
      <Execution id="4769bed0-123d-45cd-b445-5041fa10293e" />
      <TestMethod codeBase="D:\SFERRARI\01 - TRABAJO\repos\netcore\libs\template-netcore-shared\Kitpymes.Core.Shared.Tests\bin\Release\net5.0\Kitpymes.Core.Shared.Tests.dll" adapterTypeName="executor://mstestadapter/v2" className="Kitpymes.Core.Shared.Tests.CheckExtensionsTests" name="ToIsFileExtensionThrow_Passing_InvalidValue_Returns_ApplicationExceptionWithMessage" />
    </UnitTest>
    <UnitTest name="ToRemove_Passing_ValidValue_Returns_ValueWithoutRemovedChars (aeiou,aeiou,)" storage="d:\sferrari\01 - trabajo\repos\netcore\libs\template-netcore-shared\kitpymes.core.shared.tests\bin\release\net5.0\kitpymes.core.shared.tests.dll" id="2bc2530a-ec98-48bf-b03d-b04f150e44ff">
      <Execution id="5d6bd33f-a66d-4c2b-9e1e-d8aec6ab5d31" />
      <TestMethod codeBase="D:\SFERRARI\01 - TRABAJO\repos\netcore\libs\template-netcore-shared\Kitpymes.Core.Shared.Tests\bin\Release\net5.0\Kitpymes.Core.Shared.Tests.dll" adapterTypeName="executor://mstestadapter/v2" className="Kitpymes.Core.Shared.Tests.StringExtensionsTests" name="ToRemove_Passing_ValidValue_Returns_ValueWithoutRemovedChars" />
    </UnitTest>
    <UnitTest name="ResultError_WithTitle_WithStatusCode_WithDetails_WithExceptionType_WithMessages_WithErrors" storage="d:\sferrari\01 - trabajo\repos\netcore\libs\template-netcore-shared\kitpymes.core.shared.tests\bin\release\net5.0\kitpymes.core.shared.tests.dll" id="661de6f3-a96b-4eee-87fa-c59d7565a64f">
      <Execution id="b235f674-cbba-4b04-9029-0138ef58ca59" />
      <TestMethod codeBase="D:\SFERRARI\01 - TRABAJO\repos\netcore\libs\template-netcore-shared\Kitpymes.Core.Shared.Tests\bin\Release\net5.0\Kitpymes.Core.Shared.Tests.dll" adapterTypeName="executor://mstestadapter/v2" className="Kitpymes.Core.Shared.Tests.ResultTest" name="ResultError_WithTitle_WithStatusCode_WithDetails_WithExceptionType_WithMessages_WithErrors" />
    </UnitTest>
    <UnitTest name="CreateRandom_WithDefaultAllowableCharacters_Passing_ValidArguments_Returns_String_Random_Value (20)" storage="d:\sferrari\01 - trabajo\repos\netcore\libs\template-netcore-shared\kitpymes.core.shared.tests\bin\release\net5.0\kitpymes.core.shared.tests.dll" id="48b5959e-ac31-4215-81c5-6dc7c9d575c0">
      <Execution id="a00f7075-56c3-4a3a-a4d4-95c958f245d2" />
      <TestMethod codeBase="D:\SFERRARI\01 - TRABAJO\repos\netcore\libs\template-netcore-shared\Kitpymes.Core.Shared.Tests\bin\Release\net5.0\Kitpymes.Core.Shared.Tests.dll" adapterTypeName="executor://mstestadapter/v2" className="Kitpymes.Core.Shared.Tests.HashTests" name="CreateRandom_WithDefaultAllowableCharacters_Passing_ValidArguments_Returns_String_Random_Value" />
    </UnitTest>
    <UnitTest name="ToFirstLetterUpper_Passing_ValidValue_Returns_StringWithFirstLetterUpper (aEIOU,AEIOU)" storage="d:\sferrari\01 - trabajo\repos\netcore\libs\template-netcore-shared\kitpymes.core.shared.tests\bin\release\net5.0\kitpymes.core.shared.tests.dll" id="e61c64ad-431e-4979-a74c-d958edeaa51e">
      <Execution id="4e6a79c4-da9d-483b-ac9b-b7b14414b4a8" />
      <TestMethod codeBase="D:\SFERRARI\01 - TRABAJO\repos\netcore\libs\template-netcore-shared\Kitpymes.Core.Shared.Tests\bin\Release\net5.0\Kitpymes.Core.Shared.Tests.dll" adapterTypeName="executor://mstestadapter/v2" className="Kitpymes.Core.Shared.Tests.StringExtensionsTests" name="ToFirstLetterUpper_Passing_ValidValue_Returns_StringWithFirstLetterUpper" />
    </UnitTest>
    <UnitTest name="ToExists_Passing_Valid_Service_Returns_True" storage="d:\sferrari\01 - trabajo\repos\netcore\libs\template-netcore-shared\kitpymes.core.shared.tests\bin\release\net5.0\kitpymes.core.shared.tests.dll" id="7a2aeeff-dced-47ca-994d-aba8582b9302">
      <Execution id="a752d73e-c0db-4695-a273-4548a8c32b17" />
      <TestMethod codeBase="D:\SFERRARI\01 - TRABAJO\repos\netcore\libs\template-netcore-shared\Kitpymes.Core.Shared.Tests\bin\Release\net5.0\Kitpymes.Core.Shared.Tests.dll" adapterTypeName="executor://mstestadapter/v2" className="Kitpymes.Core.Shared.Tests.ConfigurationBuilderExtensionsTests" name="ToExists_Passing_Valid_Service_Returns_True" />
    </UnitTest>
    <UnitTest name="ResultInternalServerError" storage="d:\sferrari\01 - trabajo\repos\netcore\libs\template-netcore-shared\kitpymes.core.shared.tests\bin\release\net5.0\kitpymes.core.shared.tests.dll" id="f34f82be-f252-40dc-aeb0-c814f88d89e7">
      <Execution id="6b2be104-08a7-44c3-a555-058a82d130df" />
      <TestMethod codeBase="D:\SFERRARI\01 - TRABAJO\repos\netcore\libs\template-netcore-shared\Kitpymes.Core.Shared.Tests\bin\Release\net5.0\Kitpymes.Core.Shared.Tests.dll" adapterTypeName="executor://mstestadapter/v2" className="Kitpymes.Core.Shared.Tests.ResultTest" name="ResultInternalServerError" />
    </UnitTest>
    <UnitTest name="ToUri_Passing_ValidValueString_Returns_Uri (//foo.com/blah_blah?p=5)" storage="d:\sferrari\01 - trabajo\repos\netcore\libs\template-netcore-shared\kitpymes.core.shared.tests\bin\release\net5.0\kitpymes.core.shared.tests.dll" id="a3d3d827-fc95-422c-8900-52a366d8327c">
      <Execution id="c88e9221-9cf3-479b-a084-58ddd02944a5" />
      <TestMethod codeBase="D:\SFERRARI\01 - TRABAJO\repos\netcore\libs\template-netcore-shared\Kitpymes.Core.Shared.Tests\bin\Release\net5.0\Kitpymes.Core.Shared.Tests.dll" adapterTypeName="executor://mstestadapter/v2" className="Kitpymes.Core.Shared.Tests.StringExtensionsTests" name="ToUri_Passing_ValidValueString_Returns_Uri" />
    </UnitTest>
    <UnitTest name="ToRemove_Passing_ValidValue_Returns_ValueWithoutRemovedChars (hello hello , ,hellohello)" storage="d:\sferrari\01 - trabajo\repos\netcore\libs\template-netcore-shared\kitpymes.core.shared.tests\bin\release\net5.0\kitpymes.core.shared.tests.dll" id="159a7b70-7efc-4101-9940-dc154b620d7e">
      <Execution id="503193a8-a825-4877-8b83-cefb3577bbd9" />
      <TestMethod codeBase="D:\SFERRARI\01 - TRABAJO\repos\netcore\libs\template-netcore-shared\Kitpymes.Core.Shared.Tests\bin\Release\net5.0\Kitpymes.Core.Shared.Tests.dll" adapterTypeName="executor://mstestadapter/v2" className="Kitpymes.Core.Shared.Tests.StringExtensionsTests" name="ToRemove_Passing_ValidValue_Returns_ValueWithoutRemovedChars" />
    </UnitTest>
    <UnitTest name="ToInt_Passing_InvalidValueString_Returns_Null (asdasdasdasd234324)" storage="d:\sferrari\01 - trabajo\repos\netcore\libs\template-netcore-shared\kitpymes.core.shared.tests\bin\release\net5.0\kitpymes.core.shared.tests.dll" id="e1d2eae5-56e4-4654-a04a-2771a6bd689a">
      <Execution id="61f8b59d-ac61-4974-8b65-d3d94e44428a" />
      <TestMethod codeBase="D:\SFERRARI\01 - TRABAJO\repos\netcore\libs\template-netcore-shared\Kitpymes.Core.Shared.Tests\bin\Release\net5.0\Kitpymes.Core.Shared.Tests.dll" adapterTypeName="executor://mstestadapter/v2" className="Kitpymes.Core.Shared.Tests.StringExtensionsTests" name="ToInt_Passing_InvalidValueString_Returns_Null" />
    </UnitTest>
    <UnitTest name="ToDefaultValue_Passing_ValidInt_Returns_DefaultValue" storage="d:\sferrari\01 - trabajo\repos\netcore\libs\template-netcore-shared\kitpymes.core.shared.tests\bin\release\net5.0\kitpymes.core.shared.tests.dll" id="b26127f6-649d-40ad-81df-d38094465d74">
      <Execution id="33650675-89e7-4e86-8ca0-66f64db877dd" />
      <TestMethod codeBase="D:\SFERRARI\01 - TRABAJO\repos\netcore\libs\template-netcore-shared\Kitpymes.Core.Shared.Tests\bin\Release\net5.0\Kitpymes.Core.Shared.Tests.dll" adapterTypeName="executor://mstestadapter/v2" className="Kitpymes.Core.Shared.Tests.TypeExtensionsTests" name="ToDefaultValue_Passing_ValidInt_Returns_DefaultValue" />
    </UnitTest>
    <UnitTest name="ToDictionaryPropertyInfo_Passing_Object_IncludeNullOrEmptyProperty_Returns_Properties_NameAndValue_Dictionary" storage="d:\sferrari\01 - trabajo\repos\netcore\libs\template-netcore-shared\kitpymes.core.shared.tests\bin\release\net5.0\kitpymes.core.shared.tests.dll" id="6239edd4-ca7e-4be0-9394-78d822dc7427">
      <Execution id="007bc8c6-41b3-473c-bba1-f4741b82daa3" />
      <TestMethod codeBase="D:\SFERRARI\01 - TRABAJO\repos\netcore\libs\template-netcore-shared\Kitpymes.Core.Shared.Tests\bin\Release\net5.0\Kitpymes.Core.Shared.Tests.dll" adapterTypeName="executor://mstestadapter/v2" className="Kitpymes.Core.Shared.Tests.GenericExtensionsTests" name="ToDictionaryPropertyInfo_Passing_Object_IncludeNullOrEmptyProperty_Returns_Properties_NameAndValue_Dictionary" />
    </UnitTest>
    <UnitTest name="ToNormalize_Passing_ValidValue_Returns_NormalizedValue (èéëê,eeee)" storage="d:\sferrari\01 - trabajo\repos\netcore\libs\template-netcore-shared\kitpymes.core.shared.tests\bin\release\net5.0\kitpymes.core.shared.tests.dll" id="5f93f17f-9c1c-4760-a922-dab83735ae85">
      <Execution id="fa25dff2-0d86-4448-bb2b-1f22848a0332" />
      <TestMethod codeBase="D:\SFERRARI\01 - TRABAJO\repos\netcore\libs\template-netcore-shared\Kitpymes.Core.Shared.Tests\bin\Release\net5.0\Kitpymes.Core.Shared.Tests.dll" adapterTypeName="executor://mstestadapter/v2" className="Kitpymes.Core.Shared.Tests.StringExtensionsTests" name="ToNormalize_Passing_ValidValue_Returns_NormalizedValue" />
    </UnitTest>
    <UnitTest name="ToHasErrors_Passing_InvalidValue_Returns_ApplicationExceptionWithMessage" storage="d:\sferrari\01 - trabajo\repos\netcore\libs\template-netcore-shared\kitpymes.core.shared.tests\bin\release\net5.0\kitpymes.core.shared.tests.dll" id="be09012f-0eb3-412f-b17d-8184f49b4eb2">
      <Execution id="1d0db232-542d-4a08-8aaf-420dd0299c7e" />
      <TestMethod codeBase="D:\SFERRARI\01 - TRABAJO\repos\netcore\libs\template-netcore-shared\Kitpymes.Core.Shared.Tests\bin\Release\net5.0\Kitpymes.Core.Shared.Tests.dll" adapterTypeName="executor://mstestadapter/v2" className="Kitpymes.Core.Shared.Tests.CheckExtensionsTests" name="ToHasErrors_Passing_InvalidValue_Returns_ApplicationExceptionWithMessage" />
    </UnitTest>
    <UnitTest name="ToService_Passing_NotFound_Service_Returns_Null" storage="d:\sferrari\01 - trabajo\repos\netcore\libs\template-netcore-shared\kitpymes.core.shared.tests\bin\release\net5.0\kitpymes.core.shared.tests.dll" id="687c9f72-df58-47f2-bd03-e97aed806061">
      <Execution id="7e5584c7-7b5b-4f82-b00a-b954c5fddb5b" />
      <TestMethod codeBase="D:\SFERRARI\01 - TRABAJO\repos\netcore\libs\template-netcore-shared\Kitpymes.Core.Shared.Tests\bin\Release\net5.0\Kitpymes.Core.Shared.Tests.dll" adapterTypeName="executor://mstestadapter/v2" className="Kitpymes.Core.Shared.Tests.ConfigurationBuilderExtensionsTests" name="ToService_Passing_NotFound_Service_Returns_Null" />
    </UnitTest>
    <UnitTest name="ToEnvironment_ServiceCollection_Passing_Custom_Enviroment_Returns_Custom_Name" storage="d:\sferrari\01 - trabajo\repos\netcore\libs\template-netcore-shared\kitpymes.core.shared.tests\bin\release\net5.0\kitpymes.core.shared.tests.dll" id="c3bb0678-d6ed-4198-ba3e-74f39876913b">
      <Execution id="762cd40b-e1dc-49f8-9dcc-3b1691ef8d31" />
      <TestMethod codeBase="D:\SFERRARI\01 - TRABAJO\repos\netcore\libs\template-netcore-shared\Kitpymes.Core.Shared.Tests\bin\Release\net5.0\Kitpymes.Core.Shared.Tests.dll" adapterTypeName="executor://mstestadapter/v2" className="Kitpymes.Core.Shared.Tests.ConfigurationBuilderExtensionsTests" name="ToEnvironment_ServiceCollection_Passing_Custom_Enviroment_Returns_Custom_Name" />
    </UnitTest>
    <UnitTest name="IsLowercase_Passing_InvalidArguments_Returns_HasErrorsAndCount" storage="d:\sferrari\01 - trabajo\repos\netcore\libs\template-netcore-shared\kitpymes.core.shared.tests\bin\release\net5.0\kitpymes.core.shared.tests.dll" id="e16c032b-105f-4955-8748-61355b2ac894">
      <Execution id="70659eaf-6de8-4e94-9de1-d650710a84b0" />
      <TestMethod codeBase="D:\SFERRARI\01 - TRABAJO\repos\netcore\libs\template-netcore-shared\Kitpymes.Core.Shared.Tests\bin\Release\net5.0\Kitpymes.Core.Shared.Tests.dll" adapterTypeName="executor://mstestadapter/v2" className="Kitpymes.Core.Shared.Tests.CheckTests" name="IsLowercase_Passing_InvalidArguments_Returns_HasErrorsAndCount" />
    </UnitTest>
    <UnitTest name="ToConfiguration_Passing_Key_Values_Returns_Ok" storage="d:\sferrari\01 - trabajo\repos\netcore\libs\template-netcore-shared\kitpymes.core.shared.tests\bin\release\net5.0\kitpymes.core.shared.tests.dll" id="82d776c4-8be7-4713-abe4-186532153266">
      <Execution id="027049a9-3fb9-4dea-a626-fe4f3ae5fa98" />
      <TestMethod codeBase="D:\SFERRARI\01 - TRABAJO\repos\netcore\libs\template-netcore-shared\Kitpymes.Core.Shared.Tests\bin\Release\net5.0\Kitpymes.Core.Shared.Tests.dll" adapterTypeName="executor://mstestadapter/v2" className="Kitpymes.Core.Shared.Tests.ConfigurationBuilderExtensionsTests" name="ToConfiguration_Passing_Key_Values_Returns_Ok" />
    </UnitTest>
    <UnitTest name="ToUri_Passing_ValidValueString_Returns_Uri (https://www.example.com/foo/?bar=baz&amp;inga=42&amp;quux)" storage="d:\sferrari\01 - trabajo\repos\netcore\libs\template-netcore-shared\kitpymes.core.shared.tests\bin\release\net5.0\kitpymes.core.shared.tests.dll" id="e65d0496-c862-45aa-911a-3c6d3268df2a">
      <Execution id="b982646c-eab1-49ff-beda-387ab10de9e0" />
      <TestMethod codeBase="D:\SFERRARI\01 - TRABAJO\repos\netcore\libs\template-netcore-shared\Kitpymes.Core.Shared.Tests\bin\Release\net5.0\Kitpymes.Core.Shared.Tests.dll" adapterTypeName="executor://mstestadapter/v2" className="Kitpymes.Core.Shared.Tests.StringExtensionsTests" name="ToUri_Passing_ValidValueString_Returns_Uri" />
    </UnitTest>
    <UnitTest name="CreateAndVerifySHA512_Passing_Valid_Arguments_Returns_True (HashTests)" storage="d:\sferrari\01 - trabajo\repos\netcore\libs\template-netcore-shared\kitpymes.core.shared.tests\bin\release\net5.0\kitpymes.core.shared.tests.dll" id="997abd6a-5c20-4172-98e9-7a80766e662f">
      <Execution id="72a3b510-5d3d-4892-96e3-31fe0d6b3cef" />
      <TestMethod codeBase="D:\SFERRARI\01 - TRABAJO\repos\netcore\libs\template-netcore-shared\Kitpymes.Core.Shared.Tests\bin\Release\net5.0\Kitpymes.Core.Shared.Tests.dll" adapterTypeName="executor://mstestadapter/v2" className="Kitpymes.Core.Shared.Tests.HashTests" name="CreateAndVerifySHA512_Passing_Valid_Arguments_Returns_True" />
    </UnitTest>
    <UnitTest name="ToUri_Passing_InvalidValueString_Returns_DefaultValue (http://##/)" storage="d:\sferrari\01 - trabajo\repos\netcore\libs\template-netcore-shared\kitpymes.core.shared.tests\bin\release\net5.0\kitpymes.core.shared.tests.dll" id="d7b6becb-cee8-4779-a96b-fd62f81811ad">
      <Execution id="de77fed4-9be3-4b5b-87be-fc2d7a4d4efa" />
      <TestMethod codeBase="D:\SFERRARI\01 - TRABAJO\repos\netcore\libs\template-netcore-shared\Kitpymes.Core.Shared.Tests\bin\Release\net5.0\Kitpymes.Core.Shared.Tests.dll" adapterTypeName="executor://mstestadapter/v2" className="Kitpymes.Core.Shared.Tests.StringExtensionsTests" name="ToUri_Passing_InvalidValueString_Returns_DefaultValue" />
    </UnitTest>
    <UnitTest name="ToUri_Passing_ValidValueString_Returns_Uri (http://userid:password@example.com)" storage="d:\sferrari\01 - trabajo\repos\netcore\libs\template-netcore-shared\kitpymes.core.shared.tests\bin\release\net5.0\kitpymes.core.shared.tests.dll" id="6cc2fe44-c6f6-479a-9287-0d51ca953467">
      <Execution id="d78b0f2b-b559-49cb-8cc5-78c5c4611126" />
      <TestMethod codeBase="D:\SFERRARI\01 - TRABAJO\repos\netcore\libs\template-netcore-shared\Kitpymes.Core.Shared.Tests\bin\Release\net5.0\Kitpymes.Core.Shared.Tests.dll" adapterTypeName="executor://mstestadapter/v2" className="Kitpymes.Core.Shared.Tests.StringExtensionsTests" name="ToUri_Passing_ValidValueString_Returns_Uri" />
    </UnitTest>
    <UnitTest name="ToEmailMaskUserName_Passing_ValidEmail_Returns_EmailWithMask (qazwsxedc@gmail.com,q*******c@gmail.com)" storage="d:\sferrari\01 - trabajo\repos\netcore\libs\template-netcore-shared\kitpymes.core.shared.tests\bin\release\net5.0\kitpymes.core.shared.tests.dll" id="4c66dd6e-cb12-4a6c-bbe5-a955ed317099">
      <Execution id="9167328e-5508-48d6-bc09-8755f593a71d" />
      <TestMethod codeBase="D:\SFERRARI\01 - TRABAJO\repos\netcore\libs\template-netcore-shared\Kitpymes.Core.Shared.Tests\bin\Release\net5.0\Kitpymes.Core.Shared.Tests.dll" adapterTypeName="executor://mstestadapter/v2" className="Kitpymes.Core.Shared.Tests.StringExtensionsTests" name="ToEmailMaskUserName_Passing_ValidEmail_Returns_EmailWithMask" />
    </UnitTest>
    <UnitTest name="IsLowercase_Passing_ValidArguments_Returns_HasErrorsAndCount" storage="d:\sferrari\01 - trabajo\repos\netcore\libs\template-netcore-shared\kitpymes.core.shared.tests\bin\release\net5.0\kitpymes.core.shared.tests.dll" id="698d0e8a-f85d-4290-8eaa-aa848171656b">
      <Execution id="e8ac84da-f172-48be-a9b4-046581b19483" />
      <TestMethod codeBase="D:\SFERRARI\01 - TRABAJO\repos\netcore\libs\template-netcore-shared\Kitpymes.Core.Shared.Tests\bin\Release\net5.0\Kitpymes.Core.Shared.Tests.dll" adapterTypeName="executor://mstestadapter/v2" className="Kitpymes.Core.Shared.Tests.CheckTests" name="IsLowercase_Passing_ValidArguments_Returns_HasErrorsAndCount" />
    </UnitTest>
    <UnitTest name="ResultBadRequest_WithErrors_KeyValue" storage="d:\sferrari\01 - trabajo\repos\netcore\libs\template-netcore-shared\kitpymes.core.shared.tests\bin\release\net5.0\kitpymes.core.shared.tests.dll" id="1df8117c-ce9c-40aa-8c98-e9d1e9e5c64d">
      <Execution id="e38e60c4-1aaa-4f4e-98b4-7487b75a4ae7" />
      <TestMethod codeBase="D:\SFERRARI\01 - TRABAJO\repos\netcore\libs\template-netcore-shared\Kitpymes.Core.Shared.Tests\bin\Release\net5.0\Kitpymes.Core.Shared.Tests.dll" adapterTypeName="executor://mstestadapter/v2" className="Kitpymes.Core.Shared.Tests.ResultTest" name="ResultBadRequest_WithErrors_KeyValue" />
    </UnitTest>
    <UnitTest name="ToConfiguration_Passing_Valid_DirectoryPath_Valid_JsonFileName_Returns_Ok" storage="d:\sferrari\01 - trabajo\repos\netcore\libs\template-netcore-shared\kitpymes.core.shared.tests\bin\release\net5.0\kitpymes.core.shared.tests.dll" id="5890401b-0129-4de5-8ef6-40bb7931fc45">
      <Execution id="7ee57a86-edd4-45c8-8edd-578352c8e310" />
      <TestMethod codeBase="D:\SFERRARI\01 - TRABAJO\repos\netcore\libs\template-netcore-shared\Kitpymes.Core.Shared.Tests\bin\Release\net5.0\Kitpymes.Core.Shared.Tests.dll" adapterTypeName="executor://mstestadapter/v2" className="Kitpymes.Core.Shared.Tests.ConfigurationBuilderExtensionsTests" name="ToConfiguration_Passing_Valid_DirectoryPath_Valid_JsonFileName_Returns_Ok" />
    </UnitTest>
    <UnitTest name="CreateRandom_WithDefaultAllowableCharacters_Passing_ValidArguments_Returns_String_Random_Value (5)" storage="d:\sferrari\01 - trabajo\repos\netcore\libs\template-netcore-shared\kitpymes.core.shared.tests\bin\release\net5.0\kitpymes.core.shared.tests.dll" id="d2fddc4a-92c9-4910-992a-a5c5651ba9a6">
      <Execution id="ddc495ee-2307-42c8-ba54-1a79ade16668" />
      <TestMethod codeBase="D:\SFERRARI\01 - TRABAJO\repos\netcore\libs\template-netcore-shared\Kitpymes.Core.Shared.Tests\bin\Release\net5.0\Kitpymes.Core.Shared.Tests.dll" adapterTypeName="executor://mstestadapter/v2" className="Kitpymes.Core.Shared.Tests.HashTests" name="CreateRandom_WithDefaultAllowableCharacters_Passing_ValidArguments_Returns_String_Random_Value" />
    </UnitTest>
    <UnitTest name="ToIsNameThrow_Passing_InvalidValue_Returns_ApplicationExceptionWithMessage" storage="d:\sferrari\01 - trabajo\repos\netcore\libs\template-netcore-shared\kitpymes.core.shared.tests\bin\release\net5.0\kitpymes.core.shared.tests.dll" id="46e8a7c5-4bc8-4d4c-9e92-6e108521c7cd">
      <Execution id="a3b72c1e-6690-4c12-9d1a-385087c4b9e3" />
      <TestMethod codeBase="D:\SFERRARI\01 - TRABAJO\repos\netcore\libs\template-netcore-shared\Kitpymes.Core.Shared.Tests\bin\Release\net5.0\Kitpymes.Core.Shared.Tests.dll" adapterTypeName="executor://mstestadapter/v2" className="Kitpymes.Core.Shared.Tests.CheckExtensionsTests" name="ToIsNameThrow_Passing_InvalidValue_Returns_ApplicationExceptionWithMessage" />
    </UnitTest>
    <UnitTest name="ToDeserialize_Passing_String_Returns_Object" storage="d:\sferrari\01 - trabajo\repos\netcore\libs\template-netcore-shared\kitpymes.core.shared.tests\bin\release\net5.0\kitpymes.core.shared.tests.dll" id="ca07c6fd-4574-4dad-94ca-e70341763ad3">
      <Execution id="7badaf57-063a-434d-bded-a8e66b08427d" />
      <TestMethod codeBase="D:\SFERRARI\01 - TRABAJO\repos\netcore\libs\template-netcore-shared\Kitpymes.Core.Shared.Tests\bin\Release\net5.0\Kitpymes.Core.Shared.Tests.dll" adapterTypeName="executor://mstestadapter/v2" className="Kitpymes.Core.Shared.Tests.JsonExtensionsTests" name="ToDeserialize_Passing_String_Returns_Object" />
    </UnitTest>
    <UnitTest name="ToThrow_Passing_InvalidValue_Returns_ApplicationExceptionWithMessage" storage="d:\sferrari\01 - trabajo\repos\netcore\libs\template-netcore-shared\kitpymes.core.shared.tests\bin\release\net5.0\kitpymes.core.shared.tests.dll" id="7b6b8f8a-5105-4358-8104-dbf2bd468170">
      <Execution id="20e48da5-0061-41d6-9836-8738e317d621" />
      <TestMethod codeBase="D:\SFERRARI\01 - TRABAJO\repos\netcore\libs\template-netcore-shared\Kitpymes.Core.Shared.Tests\bin\Release\net5.0\Kitpymes.Core.Shared.Tests.dll" adapterTypeName="executor://mstestadapter/v2" className="Kitpymes.Core.Shared.Tests.CheckExtensionsTests" name="ToThrow_Passing_InvalidValue_Returns_ApplicationExceptionWithMessage" />
    </UnitTest>
    <UnitTest name="ToExists_Passing_Service_Not_Found_Returns_False" storage="d:\sferrari\01 - trabajo\repos\netcore\libs\template-netcore-shared\kitpymes.core.shared.tests\bin\release\net5.0\kitpymes.core.shared.tests.dll" id="05edaf43-7077-48d7-895c-662a4dc7ab05">
      <Execution id="2731bd7c-70b7-4fd3-a07d-a8ad602fb496" />
      <TestMethod codeBase="D:\SFERRARI\01 - TRABAJO\repos\netcore\libs\template-netcore-shared\Kitpymes.Core.Shared.Tests\bin\Release\net5.0\Kitpymes.Core.Shared.Tests.dll" adapterTypeName="executor://mstestadapter/v2" className="Kitpymes.Core.Shared.Tests.ApplicationBuilderExtensionsTests" name="ToExists_Passing_Service_Not_Found_Returns_False" />
    </UnitTest>
    <UnitTest name="IsSubdomain_Passing_ValidArguments_Returns_HasErrorsAndCount" storage="d:\sferrari\01 - trabajo\repos\netcore\libs\template-netcore-shared\kitpymes.core.shared.tests\bin\release\net5.0\kitpymes.core.shared.tests.dll" id="eec717ce-6b59-499a-bb6e-54f965a3700c">
      <Execution id="eecd5fb5-a35c-413b-884b-f9961acd4bcf" />
      <TestMethod codeBase="D:\SFERRARI\01 - TRABAJO\repos\netcore\libs\template-netcore-shared\Kitpymes.Core.Shared.Tests\bin\Release\net5.0\Kitpymes.Core.Shared.Tests.dll" adapterTypeName="executor://mstestadapter/v2" className="Kitpymes.Core.Shared.Tests.CheckTests" name="IsSubdomain_Passing_ValidArguments_Returns_HasErrorsAndCount" />
    </UnitTest>
    <UnitTest name="ToNormalize_Passing_ValidValue_Returns_NormalizedValue (ÀÁÄÂÃ,AAAAA)" storage="d:\sferrari\01 - trabajo\repos\netcore\libs\template-netcore-shared\kitpymes.core.shared.tests\bin\release\net5.0\kitpymes.core.shared.tests.dll" id="1fa4fe37-21bf-4c6c-bdc2-a50d4c08c2f6">
      <Execution id="f8c58025-00e5-4c79-8838-7e74eda052cc" />
      <TestMethod codeBase="D:\SFERRARI\01 - TRABAJO\repos\netcore\libs\template-netcore-shared\Kitpymes.Core.Shared.Tests\bin\Release\net5.0\Kitpymes.Core.Shared.Tests.dll" adapterTypeName="executor://mstestadapter/v2" className="Kitpymes.Core.Shared.Tests.StringExtensionsTests" name="ToNormalize_Passing_ValidValue_Returns_NormalizedValue" />
    </UnitTest>
    <UnitTest name="CreateAndVerifySHA512_Passing_Valid_Arguments_Returns_True (sdlfkjldsfksdfñl·%$·&amp;$/U&amp;/)(&amp;()?=)¿?^P*^PÑL,.,.lñ´ñ+98098'098098)" storage="d:\sferrari\01 - trabajo\repos\netcore\libs\template-netcore-shared\kitpymes.core.shared.tests\bin\release\net5.0\kitpymes.core.shared.tests.dll" id="3d9ef8a7-d1d0-428a-a941-a3710dc4d3d6">
      <Execution id="4437e47b-4d1b-470b-887f-43ff0036d73a" />
      <TestMethod codeBase="D:\SFERRARI\01 - TRABAJO\repos\netcore\libs\template-netcore-shared\Kitpymes.Core.Shared.Tests\bin\Release\net5.0\Kitpymes.Core.Shared.Tests.dll" adapterTypeName="executor://mstestadapter/v2" className="Kitpymes.Core.Shared.Tests.HashTests" name="CreateAndVerifySHA512_Passing_Valid_Arguments_Returns_True" />
    </UnitTest>
    <UnitTest name="ToStringFormat_Passing_ValidValue_Returns_ValueWithoutRemovedChars (0)" storage="d:\sferrari\01 - trabajo\repos\netcore\libs\template-netcore-shared\kitpymes.core.shared.tests\bin\release\net5.0\kitpymes.core.shared.tests.dll" id="81638a38-8b42-4918-8edc-832b47f9ca5c">
      <Execution id="0812f3d4-1f29-4dbe-bb29-8f051aabe7ae" />
      <TestMethod codeBase="D:\SFERRARI\01 - TRABAJO\repos\netcore\libs\template-netcore-shared\Kitpymes.Core.Shared.Tests\bin\Release\net5.0\Kitpymes.Core.Shared.Tests.dll" adapterTypeName="executor://mstestadapter/v2" className="Kitpymes.Core.Shared.Tests.IntegerExtensionsTests" name="ToStringFormat_Passing_ValidValue_Returns_ValueWithoutRemovedChars" />
    </UnitTest>
    <UnitTest name="ToTryIPv6_Passing_HttpContext_IP_Value_Returns_IP" storage="d:\sferrari\01 - trabajo\repos\netcore\libs\template-netcore-shared\kitpymes.core.shared.tests\bin\release\net5.0\kitpymes.core.shared.tests.dll" id="9e01e21a-4eb2-40ab-b411-cd197aca30ea">
      <Execution id="ff33192f-08a8-42ae-b542-188d562e493f" />
      <TestMethod codeBase="D:\SFERRARI\01 - TRABAJO\repos\netcore\libs\template-netcore-shared\Kitpymes.Core.Shared.Tests\bin\Release\net5.0\Kitpymes.Core.Shared.Tests.dll" adapterTypeName="executor://mstestadapter/v2" className="Kitpymes.Core.Shared.Tests.HttpContextExtensionsTests" name="ToTryIPv6_Passing_HttpContext_IP_Value_Returns_IP" />
    </UnitTest>
    <UnitTest name="ResultOkData_WithData" storage="d:\sferrari\01 - trabajo\repos\netcore\libs\template-netcore-shared\kitpymes.core.shared.tests\bin\release\net5.0\kitpymes.core.shared.tests.dll" id="2124d8ff-b320-4836-acd0-662b17105484">
      <Execution id="5fb0f07d-e41b-4f3f-ae11-1dc04d8588bc" />
      <TestMethod codeBase="D:\SFERRARI\01 - TRABAJO\repos\netcore\libs\template-netcore-shared\Kitpymes.Core.Shared.Tests\bin\Release\net5.0\Kitpymes.Core.Shared.Tests.dll" adapterTypeName="executor://mstestadapter/v2" className="Kitpymes.Core.Shared.Tests.ResultTest" name="ResultOkData_WithData" />
    </UnitTest>
    <UnitTest name="ToRemove_Passing_ValidValue_Returns_ValueWithoutRemovedChars (* , ,*)" storage="d:\sferrari\01 - trabajo\repos\netcore\libs\template-netcore-shared\kitpymes.core.shared.tests\bin\release\net5.0\kitpymes.core.shared.tests.dll" id="c2ae7a02-cf04-47cf-b187-5f62c649fe02">
      <Execution id="57f3ddf7-4e2f-4505-b76b-a2c72f435c81" />
      <TestMethod codeBase="D:\SFERRARI\01 - TRABAJO\repos\netcore\libs\template-netcore-shared\Kitpymes.Core.Shared.Tests\bin\Release\net5.0\Kitpymes.Core.Shared.Tests.dll" adapterTypeName="executor://mstestadapter/v2" className="Kitpymes.Core.Shared.Tests.StringExtensionsTests" name="ToRemove_Passing_ValidValue_Returns_ValueWithoutRemovedChars" />
    </UnitTest>
    <UnitTest name="ToUri_Passing_InvalidValueString_Returns_Null (http://?)" storage="d:\sferrari\01 - trabajo\repos\netcore\libs\template-netcore-shared\kitpymes.core.shared.tests\bin\release\net5.0\kitpymes.core.shared.tests.dll" id="56bdca43-7b2d-459c-9669-f8d49f3cca2a">
      <Execution id="579021df-5f42-4996-b64c-544788466fc0" />
      <TestMethod codeBase="D:\SFERRARI\01 - TRABAJO\repos\netcore\libs\template-netcore-shared\Kitpymes.Core.Shared.Tests\bin\Release\net5.0\Kitpymes.Core.Shared.Tests.dll" adapterTypeName="executor://mstestadapter/v2" className="Kitpymes.Core.Shared.Tests.StringExtensionsTests" name="ToUri_Passing_InvalidValueString_Returns_Null" />
    </UnitTest>
    <UnitTest name="ToEmailMaskUserNameAndDomainAndExtension_Passing_ValidEmail_Returns_EmailWithMask (qazwsx@gmail.com,q****x@g***l.c*m)" storage="d:\sferrari\01 - trabajo\repos\netcore\libs\template-netcore-shared\kitpymes.core.shared.tests\bin\release\net5.0\kitpymes.core.shared.tests.dll" id="88d8c8fa-a800-4cbe-97de-26e083ada872">
      <Execution id="3c82e8ab-e680-4a87-acf3-8d1214d4ef67" />
      <TestMethod codeBase="D:\SFERRARI\01 - TRABAJO\repos\netcore\libs\template-netcore-shared\Kitpymes.Core.Shared.Tests\bin\Release\net5.0\Kitpymes.Core.Shared.Tests.dll" adapterTypeName="executor://mstestadapter/v2" className="Kitpymes.Core.Shared.Tests.StringExtensionsTests" name="ToEmailMaskUserNameAndDomainAndExtension_Passing_ValidEmail_Returns_EmailWithMask" />
    </UnitTest>
    <UnitTest name="ToUri_Passing_ValidValueString_Returns_Uri (http://userid:password@example.com:8080)" storage="d:\sferrari\01 - trabajo\repos\netcore\libs\template-netcore-shared\kitpymes.core.shared.tests\bin\release\net5.0\kitpymes.core.shared.tests.dll" id="1b5b24cf-85ed-4ba3-a53a-25bf9612a2d1">
      <Execution id="73a87578-ee7c-42f4-b794-fac9ebc55f5d" />
      <TestMethod codeBase="D:\SFERRARI\01 - TRABAJO\repos\netcore\libs\template-netcore-shared\Kitpymes.Core.Shared.Tests\bin\Release\net5.0\Kitpymes.Core.Shared.Tests.dll" adapterTypeName="executor://mstestadapter/v2" className="Kitpymes.Core.Shared.Tests.StringExtensionsTests" name="ToUri_Passing_ValidValueString_Returns_Uri" />
    </UnitTest>
    <UnitTest name="ToEmailMaskUserName_Passing_ValidEmail_Returns_EmailWithMask (qazwsx@gmail.com,q****x@gmail.com)" storage="d:\sferrari\01 - trabajo\repos\netcore\libs\template-netcore-shared\kitpymes.core.shared.tests\bin\release\net5.0\kitpymes.core.shared.tests.dll" id="6ac251fb-edd1-4369-b1a5-91b6ed71564a">
      <Execution id="82c694ed-4fb7-4a41-b110-42138b4b2281" />
      <TestMethod codeBase="D:\SFERRARI\01 - TRABAJO\repos\netcore\libs\template-netcore-shared\Kitpymes.Core.Shared.Tests\bin\Release\net5.0\Kitpymes.Core.Shared.Tests.dll" adapterTypeName="executor://mstestadapter/v2" className="Kitpymes.Core.Shared.Tests.StringExtensionsTests" name="ToEmailMaskUserName_Passing_ValidEmail_Returns_EmailWithMask" />
    </UnitTest>
    <UnitTest name="IsLess_Passing_InvalidArguments_Returns_HasErrorsAndCount" storage="d:\sferrari\01 - trabajo\repos\netcore\libs\template-netcore-shared\kitpymes.core.shared.tests\bin\release\net5.0\kitpymes.core.shared.tests.dll" id="e74b4420-5eb1-4414-8cc4-c8163c9b98d1">
      <Execution id="a8aa436a-e9d2-4d0a-a82f-a0b8c8d815eb" />
      <TestMethod codeBase="D:\SFERRARI\01 - TRABAJO\repos\netcore\libs\template-netcore-shared\Kitpymes.Core.Shared.Tests\bin\Release\net5.0\Kitpymes.Core.Shared.Tests.dll" adapterTypeName="executor://mstestadapter/v2" className="Kitpymes.Core.Shared.Tests.CheckTests" name="IsLess_Passing_InvalidArguments_Returns_HasErrorsAndCount" />
    </UnitTest>
    <UnitTest name="ToEnvironment_ServiceCollection_Passing_Production_Enviroment_Returns_Production_Name" storage="d:\sferrari\01 - trabajo\repos\netcore\libs\template-netcore-shared\kitpymes.core.shared.tests\bin\release\net5.0\kitpymes.core.shared.tests.dll" id="af3e436d-1957-439f-a76d-e412407910a3">
      <Execution id="f138e55a-ce8b-46c5-9313-e83a668310bd" />
      <TestMethod codeBase="D:\SFERRARI\01 - TRABAJO\repos\netcore\libs\template-netcore-shared\Kitpymes.Core.Shared.Tests\bin\Release\net5.0\Kitpymes.Core.Shared.Tests.dll" adapterTypeName="executor://mstestadapter/v2" className="Kitpymes.Core.Shared.Tests.ConfigurationBuilderExtensionsTests" name="ToEnvironment_ServiceCollection_Passing_Production_Enviroment_Returns_Production_Name" />
    </UnitTest>
    <UnitTest name="CreateRandom_WithCustomAllowableCharacters_Passing_Valid_Arguments_Returns_String_Random_Value (20,qazwscefbthmiklp09876543)" storage="d:\sferrari\01 - trabajo\repos\netcore\libs\template-netcore-shared\kitpymes.core.shared.tests\bin\release\net5.0\kitpymes.core.shared.tests.dll" id="9941f379-ac7b-4a31-8e0e-c1fd1d421087">
      <Execution id="da24cf89-0b9e-40e9-adf6-33ed1e895526" />
      <TestMethod codeBase="D:\SFERRARI\01 - TRABAJO\repos\netcore\libs\template-netcore-shared\Kitpymes.Core.Shared.Tests\bin\Release\net5.0\Kitpymes.Core.Shared.Tests.dll" adapterTypeName="executor://mstestadapter/v2" className="Kitpymes.Core.Shared.Tests.HashTests" name="CreateRandom_WithCustomAllowableCharacters_Passing_Valid_Arguments_Returns_String_Random_Value" />
    </UnitTest>
    <UnitTest name="ToUserName_Passing_Invalid_ClaimsPrincipal_Returns_Null" storage="d:\sferrari\01 - trabajo\repos\netcore\libs\template-netcore-shared\kitpymes.core.shared.tests\bin\release\net5.0\kitpymes.core.shared.tests.dll" id="40cbdfd4-6fe5-4b0e-8694-0e4292f11496">
      <Execution id="14bf60a7-9344-4f83-9366-1f27298dd810" />
      <TestMethod codeBase="D:\SFERRARI\01 - TRABAJO\repos\netcore\libs\template-netcore-shared\Kitpymes.Core.Shared.Tests\bin\Release\net5.0\Kitpymes.Core.Shared.Tests.dll" adapterTypeName="executor://mstestadapter/v2" className="Kitpymes.Core.Shared.Tests.ClaimsPrincipalExtensionsTests" name="ToUserName_Passing_Invalid_ClaimsPrincipal_Returns_Null" />
    </UnitTest>
    <UnitTest name="ToNormalize_Passing_ValidValue_Returns_NormalizedValue (àáäâã,aaaaa)" storage="d:\sferrari\01 - trabajo\repos\netcore\libs\template-netcore-shared\kitpymes.core.shared.tests\bin\release\net5.0\kitpymes.core.shared.tests.dll" id="a5a320a3-28ea-491f-89fa-6c2cf0b51337">
      <Execution id="0b76b3dd-22a9-4be8-a7ca-dad2a340a8e5" />
      <TestMethod codeBase="D:\SFERRARI\01 - TRABAJO\repos\netcore\libs\template-netcore-shared\Kitpymes.Core.Shared.Tests\bin\Release\net5.0\Kitpymes.Core.Shared.Tests.dll" adapterTypeName="executor://mstestadapter/v2" className="Kitpymes.Core.Shared.Tests.StringExtensionsTests" name="ToNormalize_Passing_ValidValue_Returns_NormalizedValue" />
    </UnitTest>
    <UnitTest name="ToConfigureOrDefault_Passing_DefaultValues_And_ActionCustomValues_Returns_DefaultValues_And_CustomValues" storage="d:\sferrari\01 - trabajo\repos\netcore\libs\template-netcore-shared\kitpymes.core.shared.tests\bin\release\net5.0\kitpymes.core.shared.tests.dll" id="fb6662a1-e91c-45fe-969b-69ea6f878df8">
      <Execution id="1975fecd-3e65-4b6c-99bf-54d5c35b455b" />
      <TestMethod codeBase="D:\SFERRARI\01 - TRABAJO\repos\netcore\libs\template-netcore-shared\Kitpymes.Core.Shared.Tests\bin\Release\net5.0\Kitpymes.Core.Shared.Tests.dll" adapterTypeName="executor://mstestadapter/v2" className="Kitpymes.Core.Shared.Tests.ActionExtensionsTests" name="ToConfigureOrDefault_Passing_DefaultValues_And_ActionCustomValues_Returns_DefaultValues_And_CustomValues" />
    </UnitTest>
    <UnitTest name="ToIsAuthenticated_Passing_Null_ClaimsPrincipal_Returns_ApplicationException" storage="d:\sferrari\01 - trabajo\repos\netcore\libs\template-netcore-shared\kitpymes.core.shared.tests\bin\release\net5.0\kitpymes.core.shared.tests.dll" id="f74a5b4e-b799-422a-99e8-4e61bfa19429">
      <Execution id="be9fbb32-8fe4-4595-87c6-95a8683896da" />
      <TestMethod codeBase="D:\SFERRARI\01 - TRABAJO\repos\netcore\libs\template-netcore-shared\Kitpymes.Core.Shared.Tests\bin\Release\net5.0\Kitpymes.Core.Shared.Tests.dll" adapterTypeName="executor://mstestadapter/v2" className="Kitpymes.Core.Shared.Tests.ClaimsPrincipalExtensionsTests" name="ToIsAuthenticated_Passing_Null_ClaimsPrincipal_Returns_ApplicationException" />
    </UnitTest>
    <UnitTest name="ToFirstLetterLower_Passing_ValidValue_Returns_StringWithFirstLetterLower (aEIOU,aEIOU)" storage="d:\sferrari\01 - trabajo\repos\netcore\libs\template-netcore-shared\kitpymes.core.shared.tests\bin\release\net5.0\kitpymes.core.shared.tests.dll" id="dae67c12-9f89-4597-8dbf-a6ff97e61dd0">
      <Execution id="42de9e29-8607-4195-979e-d49eb5d25faa" />
      <TestMethod codeBase="D:\SFERRARI\01 - TRABAJO\repos\netcore\libs\template-netcore-shared\Kitpymes.Core.Shared.Tests\bin\Release\net5.0\Kitpymes.Core.Shared.Tests.dll" adapterTypeName="executor://mstestadapter/v2" className="Kitpymes.Core.Shared.Tests.StringExtensionsTests" name="ToFirstLetterLower_Passing_ValidValue_Returns_StringWithFirstLetterLower" />
    </UnitTest>
    <UnitTest name="ToContentType_Passing_ValidValueString_Returns_ContentType (xxxx.html,text/html)" storage="d:\sferrari\01 - trabajo\repos\netcore\libs\template-netcore-shared\kitpymes.core.shared.tests\bin\release\net5.0\kitpymes.core.shared.tests.dll" id="69ab4125-3198-4aa6-91ea-1f4fa216d686">
      <Execution id="4f288ec1-dc45-4d82-a8d9-1204a444c981" />
      <TestMethod codeBase="D:\SFERRARI\01 - TRABAJO\repos\netcore\libs\template-netcore-shared\Kitpymes.Core.Shared.Tests\bin\Release\net5.0\Kitpymes.Core.Shared.Tests.dll" adapterTypeName="executor://mstestadapter/v2" className="Kitpymes.Core.Shared.Tests.StringExtensionsTests" name="ToContentType_Passing_ValidValueString_Returns_ContentType" />
    </UnitTest>
    <UnitTest name="ToEmailMaskUserNameAndDomain_Passing_ValidEmail_Returns_EmailWithMask (qazwsxedc@gmail.com,q*******c@g***l.com)" storage="d:\sferrari\01 - trabajo\repos\netcore\libs\template-netcore-shared\kitpymes.core.shared.tests\bin\release\net5.0\kitpymes.core.shared.tests.dll" id="2dd07f07-1a21-42d0-91bd-28a531800206">
      <Execution id="8a5fada5-6681-49a4-83e2-3a63a6144217" />
      <TestMethod codeBase="D:\SFERRARI\01 - TRABAJO\repos\netcore\libs\template-netcore-shared\Kitpymes.Core.Shared.Tests\bin\Release\net5.0\Kitpymes.Core.Shared.Tests.dll" adapterTypeName="executor://mstestadapter/v2" className="Kitpymes.Core.Shared.Tests.StringExtensionsTests" name="ToEmailMaskUserNameAndDomain_Passing_ValidEmail_Returns_EmailWithMask" />
    </UnitTest>
    <UnitTest name="ToNormalize_Passing_ValidValue_Returns_NormalizedValue (i’ LL,i LL)" storage="d:\sferrari\01 - trabajo\repos\netcore\libs\template-netcore-shared\kitpymes.core.shared.tests\bin\release\net5.0\kitpymes.core.shared.tests.dll" id="a2490216-d2e1-43b2-998e-e71b979582b2">
      <Execution id="c8e224dd-8189-4ba6-b095-9d6444ac69e2" />
      <TestMethod codeBase="D:\SFERRARI\01 - TRABAJO\repos\netcore\libs\template-netcore-shared\Kitpymes.Core.Shared.Tests\bin\Release\net5.0\Kitpymes.Core.Shared.Tests.dll" adapterTypeName="executor://mstestadapter/v2" className="Kitpymes.Core.Shared.Tests.StringExtensionsTests" name="ToNormalize_Passing_ValidValue_Returns_NormalizedValue" />
    </UnitTest>
    <UnitTest name="ToGetAll_Passing_Claims_Returns_Claim_Value_Object_List" storage="d:\sferrari\01 - trabajo\repos\netcore\libs\template-netcore-shared\kitpymes.core.shared.tests\bin\release\net5.0\kitpymes.core.shared.tests.dll" id="1a10a45c-28c7-4c88-8fb9-6141833e7c0b">
      <Execution id="710be356-6a73-448c-ae69-9a7c807637eb" />
      <TestMethod codeBase="D:\SFERRARI\01 - TRABAJO\repos\netcore\libs\template-netcore-shared\Kitpymes.Core.Shared.Tests\bin\Release\net5.0\Kitpymes.Core.Shared.Tests.dll" adapterTypeName="executor://mstestadapter/v2" className="Kitpymes.Core.Shared.Tests.ClaimsPrincipalExtensionsTests" name="ToGetAll_Passing_Claims_Returns_Claim_Value_Object_List" />
    </UnitTest>
    <UnitTest name="ToIsEmailThrow_Passing_InvalidValue_Returns_ApplicationExceptionWithMessage ()" storage="d:\sferrari\01 - trabajo\repos\netcore\libs\template-netcore-shared\kitpymes.core.shared.tests\bin\release\net5.0\kitpymes.core.shared.tests.dll" id="321e240d-960b-436c-a59f-dd11271133e5">
      <Execution id="07dc75f1-7d35-49b0-a6b7-cdeefdae23ec" />
      <TestMethod codeBase="D:\SFERRARI\01 - TRABAJO\repos\netcore\libs\template-netcore-shared\Kitpymes.Core.Shared.Tests\bin\Release\net5.0\Kitpymes.Core.Shared.Tests.dll" adapterTypeName="executor://mstestadapter/v2" className="Kitpymes.Core.Shared.Tests.CheckExtensionsTests" name="ToIsEmailThrow_Passing_InvalidValue_Returns_ApplicationExceptionWithMessage" />
    </UnitTest>
    <UnitTest name="ToFirstLetterUpper_Passing_ValidValue_Returns_StringWithFirstLetterUpper (aeioU,AeioU)" storage="d:\sferrari\01 - trabajo\repos\netcore\libs\template-netcore-shared\kitpymes.core.shared.tests\bin\release\net5.0\kitpymes.core.shared.tests.dll" id="2c027724-7cc4-42d2-800b-7492418e61d1">
      <Execution id="ab38c83d-1ea5-40bf-a7d9-c1377463190c" />
      <TestMethod codeBase="D:\SFERRARI\01 - TRABAJO\repos\netcore\libs\template-netcore-shared\Kitpymes.Core.Shared.Tests\bin\Release\net5.0\Kitpymes.Core.Shared.Tests.dll" adapterTypeName="executor://mstestadapter/v2" className="Kitpymes.Core.Shared.Tests.StringExtensionsTests" name="ToFirstLetterUpper_Passing_ValidValue_Returns_StringWithFirstLetterUpper" />
    </UnitTest>
    <UnitTest name="ResultOkData_WithData_WithMessage_WithDetails" storage="d:\sferrari\01 - trabajo\repos\netcore\libs\template-netcore-shared\kitpymes.core.shared.tests\bin\release\net5.0\kitpymes.core.shared.tests.dll" id="c95b8197-1357-4233-b03b-cbb19019b2b2">
      <Execution id="541718c4-a400-4286-97ca-823d24e67cb3" />
      <TestMethod codeBase="D:\SFERRARI\01 - TRABAJO\repos\netcore\libs\template-netcore-shared\Kitpymes.Core.Shared.Tests\bin\Release\net5.0\Kitpymes.Core.Shared.Tests.dll" adapterTypeName="executor://mstestadapter/v2" className="Kitpymes.Core.Shared.Tests.ResultTest" name="ResultOkData_WithData_WithMessage_WithDetails" />
    </UnitTest>
    <UnitTest name="ToService_Passing_Service_Not_Found_Returns_Null" storage="d:\sferrari\01 - trabajo\repos\netcore\libs\template-netcore-shared\kitpymes.core.shared.tests\bin\release\net5.0\kitpymes.core.shared.tests.dll" id="2a7ba57f-aab5-4b77-8726-9696fe65d60d">
      <Execution id="a08a8de4-23bf-4596-9a04-b5786a5bd9ad" />
      <TestMethod codeBase="D:\SFERRARI\01 - TRABAJO\repos\netcore\libs\template-netcore-shared\Kitpymes.Core.Shared.Tests\bin\Release\net5.0\Kitpymes.Core.Shared.Tests.dll" adapterTypeName="executor://mstestadapter/v2" className="Kitpymes.Core.Shared.Tests.ApplicationBuilderExtensionsTests" name="ToService_Passing_Service_Not_Found_Returns_Null" />
    </UnitTest>
    <UnitTest name="ResultOK" storage="d:\sferrari\01 - trabajo\repos\netcore\libs\template-netcore-shared\kitpymes.core.shared.tests\bin\release\net5.0\kitpymes.core.shared.tests.dll" id="81a1c238-5868-48c0-8dc7-4356dc9a7d4b">
      <Execution id="8a79de9d-9da7-49a8-a0c3-90246e02220f" />
      <TestMethod codeBase="D:\SFERRARI\01 - TRABAJO\repos\netcore\libs\template-netcore-shared\Kitpymes.Core.Shared.Tests\bin\Release\net5.0\Kitpymes.Core.Shared.Tests.dll" adapterTypeName="executor://mstestadapter/v2" className="Kitpymes.Core.Shared.Tests.ResultTest" name="ResultOK" />
    </UnitTest>
    <UnitTest name="ToTomorrow_Passing_DateTime_Returns_Tomorrow_DateTime" storage="d:\sferrari\01 - trabajo\repos\netcore\libs\template-netcore-shared\kitpymes.core.shared.tests\bin\release\net5.0\kitpymes.core.shared.tests.dll" id="530b16aa-31a3-48ff-9e12-8d5f43b6ffce">
      <Execution id="6e0ad415-b437-4e3c-8bc3-6c39225b324e" />
      <TestMethod codeBase="D:\SFERRARI\01 - TRABAJO\repos\netcore\libs\template-netcore-shared\Kitpymes.Core.Shared.Tests\bin\Release\net5.0\Kitpymes.Core.Shared.Tests.dll" adapterTypeName="executor://mstestadapter/v2" className="Kitpymes.Core.Shared.Tests.DateTimeExtensionsTests" name="ToTomorrow_Passing_DateTime_Returns_Tomorrow_DateTime" />
    </UnitTest>
    <UnitTest name="CreateAndVerifySHA256_Passing_Valid_Arguments_Returns_True (HashTests)" storage="d:\sferrari\01 - trabajo\repos\netcore\libs\template-netcore-shared\kitpymes.core.shared.tests\bin\release\net5.0\kitpymes.core.shared.tests.dll" id="c9f266e6-6ec8-4225-b243-671d783f7ab6">
      <Execution id="125f5b92-3eb6-477d-b9a0-9b454ea7a3b1" />
      <TestMethod codeBase="D:\SFERRARI\01 - TRABAJO\repos\netcore\libs\template-netcore-shared\Kitpymes.Core.Shared.Tests\bin\Release\net5.0\Kitpymes.Core.Shared.Tests.dll" adapterTypeName="executor://mstestadapter/v2" className="Kitpymes.Core.Shared.Tests.HashTests" name="CreateAndVerifySHA256_Passing_Valid_Arguments_Returns_True" />
    </UnitTest>
    <UnitTest name="ToNormalize_Passing_ValidValue_Returns_NormalizedValue (ÈÉËÊ,EEEE)" storage="d:\sferrari\01 - trabajo\repos\netcore\libs\template-netcore-shared\kitpymes.core.shared.tests\bin\release\net5.0\kitpymes.core.shared.tests.dll" id="ebe516b9-1389-441a-83c6-386cd1b6c8f4">
      <Execution id="dd2a3e08-c91c-4ab7-af9a-aa14440224f6" />
      <TestMethod codeBase="D:\SFERRARI\01 - TRABAJO\repos\netcore\libs\template-netcore-shared\Kitpymes.Core.Shared.Tests\bin\Release\net5.0\Kitpymes.Core.Shared.Tests.dll" adapterTypeName="executor://mstestadapter/v2" className="Kitpymes.Core.Shared.Tests.StringExtensionsTests" name="ToNormalize_Passing_ValidValue_Returns_NormalizedValue" />
    </UnitTest>
    <UnitTest name="ToUri_Passing_ValidValueString_Returns_Uri (http://www.example.com/wpstyle/?p=364)" storage="d:\sferrari\01 - trabajo\repos\netcore\libs\template-netcore-shared\kitpymes.core.shared.tests\bin\release\net5.0\kitpymes.core.shared.tests.dll" id="8ff36e78-0db1-4e6a-ba60-ea71eecebb3c">
      <Execution id="580bef4c-a87a-42e3-97de-016708ab6cd7" />
      <TestMethod codeBase="D:\SFERRARI\01 - TRABAJO\repos\netcore\libs\template-netcore-shared\Kitpymes.Core.Shared.Tests\bin\Release\net5.0\Kitpymes.Core.Shared.Tests.dll" adapterTypeName="executor://mstestadapter/v2" className="Kitpymes.Core.Shared.Tests.StringExtensionsTests" name="ToUri_Passing_ValidValueString_Returns_Uri" />
    </UnitTest>
    <UnitTest name="ToDisplay_Passing_Enumeration_Name_Returns_Display_Atributte" storage="d:\sferrari\01 - trabajo\repos\netcore\libs\template-netcore-shared\kitpymes.core.shared.tests\bin\release\net5.0\kitpymes.core.shared.tests.dll" id="faf72255-9f2e-448f-a48f-7583464038dc">
      <Execution id="fbeb2389-6dc1-4f3d-843f-39ec1d769872" />
      <TestMethod codeBase="D:\SFERRARI\01 - TRABAJO\repos\netcore\libs\template-netcore-shared\Kitpymes.Core.Shared.Tests\bin\Release\net5.0\Kitpymes.Core.Shared.Tests.dll" adapterTypeName="executor://mstestadapter/v2" className="Kitpymes.Core.Shared.Tests.EnumExtensionsTests" name="ToDisplay_Passing_Enumeration_Name_Returns_Display_Atributte" />
    </UnitTest>
    <UnitTest name="ToUri_Passing_ValidValueString_Returns_Uri (http://userid@example.com/)" storage="d:\sferrari\01 - trabajo\repos\netcore\libs\template-netcore-shared\kitpymes.core.shared.tests\bin\release\net5.0\kitpymes.core.shared.tests.dll" id="adf7e879-f7e4-4674-a178-8680fdcf447d">
      <Execution id="6691d15f-53e0-4153-b8a9-957050681814" />
      <TestMethod codeBase="D:\SFERRARI\01 - TRABAJO\repos\netcore\libs\template-netcore-shared\Kitpymes.Core.Shared.Tests\bin\Release\net5.0\Kitpymes.Core.Shared.Tests.dll" adapterTypeName="executor://mstestadapter/v2" className="Kitpymes.Core.Shared.Tests.StringExtensionsTests" name="ToUri_Passing_ValidValueString_Returns_Uri" />
    </UnitTest>
    <UnitTest name="ToUri_Passing_InvalidValueString_Returns_Null (http://..)" storage="d:\sferrari\01 - trabajo\repos\netcore\libs\template-netcore-shared\kitpymes.core.shared.tests\bin\release\net5.0\kitpymes.core.shared.tests.dll" id="53c48639-1a29-4e0b-8ab6-de8b585d464e">
      <Execution id="634e5301-4e08-43ac-ab1d-192ca340d0ae" />
      <TestMethod codeBase="D:\SFERRARI\01 - TRABAJO\repos\netcore\libs\template-netcore-shared\Kitpymes.Core.Shared.Tests\bin\Release\net5.0\Kitpymes.Core.Shared.Tests.dll" adapterTypeName="executor://mstestadapter/v2" className="Kitpymes.Core.Shared.Tests.StringExtensionsTests" name="ToUri_Passing_InvalidValueString_Returns_Null" />
    </UnitTest>
    <UnitTest name="ToUri_Passing_ValidValueString_Returns_Uri (http://j.mp)" storage="d:\sferrari\01 - trabajo\repos\netcore\libs\template-netcore-shared\kitpymes.core.shared.tests\bin\release\net5.0\kitpymes.core.shared.tests.dll" id="0ade843b-e077-4b3b-b128-428ea53fe199">
      <Execution id="b5b29713-3fc1-4f13-a604-ed64c75383a1" />
      <TestMethod codeBase="D:\SFERRARI\01 - TRABAJO\repos\netcore\libs\template-netcore-shared\Kitpymes.Core.Shared.Tests\bin\Release\net5.0\Kitpymes.Core.Shared.Tests.dll" adapterTypeName="executor://mstestadapter/v2" className="Kitpymes.Core.Shared.Tests.StringExtensionsTests" name="ToUri_Passing_ValidValueString_Returns_Uri" />
    </UnitTest>
    <UnitTest name="ToGet_Passing_Claims_Returns_Claim_Value_String" storage="d:\sferrari\01 - trabajo\repos\netcore\libs\template-netcore-shared\kitpymes.core.shared.tests\bin\release\net5.0\kitpymes.core.shared.tests.dll" id="e3d804f2-84a3-461a-804a-896995311cdf">
      <Execution id="de3a6de8-0256-4464-a712-5f0769ed6e7e" />
      <TestMethod codeBase="D:\SFERRARI\01 - TRABAJO\repos\netcore\libs\template-netcore-shared\Kitpymes.Core.Shared.Tests\bin\Release\net5.0\Kitpymes.Core.Shared.Tests.dll" adapterTypeName="executor://mstestadapter/v2" className="Kitpymes.Core.Shared.Tests.ClaimsPrincipalExtensionsTests" name="ToGet_Passing_Claims_Returns_Claim_Value_String" />
    </UnitTest>
    <UnitTest name="ToReplaceSpecialChars_Passing_ValidValue_Returns_ReplacedValueWithoutIgnoreSpecialChars ( àáäâ ãøçħ , aaaa aoch )" storage="d:\sferrari\01 - trabajo\repos\netcore\libs\template-netcore-shared\kitpymes.core.shared.tests\bin\release\net5.0\kitpymes.core.shared.tests.dll" id="54f9df7a-1a60-4d94-a18d-be1ff3f5e9a0">
      <Execution id="a095cfab-205f-40d8-8442-53f1f9f4e147" />
      <TestMethod codeBase="D:\SFERRARI\01 - TRABAJO\repos\netcore\libs\template-netcore-shared\Kitpymes.Core.Shared.Tests\bin\Release\net5.0\Kitpymes.Core.Shared.Tests.dll" adapterTypeName="executor://mstestadapter/v2" className="Kitpymes.Core.Shared.Tests.StringExtensionsTests" name="ToReplaceSpecialChars_Passing_ValidValue_Returns_ReplacedValueWithoutIgnoreSpecialChars" />
    </UnitTest>
    <UnitTest name="ToList_Passing_ValidEnumType_Returns_ValuesList" storage="d:\sferrari\01 - trabajo\repos\netcore\libs\template-netcore-shared\kitpymes.core.shared.tests\bin\release\net5.0\kitpymes.core.shared.tests.dll" id="73e9878d-0ce2-4d4e-8624-bd46cc2b4a15">
      <Execution id="3108ef83-afe3-493a-8e3f-2da3940f3d95" />
      <TestMethod codeBase="D:\SFERRARI\01 - TRABAJO\repos\netcore\libs\template-netcore-shared\Kitpymes.Core.Shared.Tests\bin\Release\net5.0\Kitpymes.Core.Shared.Tests.dll" adapterTypeName="executor://mstestadapter/v2" className="Kitpymes.Core.Shared.Tests.EnumsTests" name="ToList_Passing_ValidEnumType_Returns_ValuesList" />
    </UnitTest>
    <UnitTest name="ToUri_Passing_ValidValueString_Returns_Uri (http://foo.com/blah_(wikipedia)_blah#cite-1)" storage="d:\sferrari\01 - trabajo\repos\netcore\libs\template-netcore-shared\kitpymes.core.shared.tests\bin\release\net5.0\kitpymes.core.shared.tests.dll" id="84184403-c3d0-4c30-9324-0b18c51c87c3">
      <Execution id="daa5630c-6f83-4629-bc98-737940a18f48" />
      <TestMethod codeBase="D:\SFERRARI\01 - TRABAJO\repos\netcore\libs\template-netcore-shared\Kitpymes.Core.Shared.Tests\bin\Release\net5.0\Kitpymes.Core.Shared.Tests.dll" adapterTypeName="executor://mstestadapter/v2" className="Kitpymes.Core.Shared.Tests.StringExtensionsTests" name="ToUri_Passing_ValidValueString_Returns_Uri" />
    </UnitTest>
    <UnitTest name="ToRemove_Passing_ValidValue_Returns_ValueWithoutRemovedChars (aeiou,a,eiou)" storage="d:\sferrari\01 - trabajo\repos\netcore\libs\template-netcore-shared\kitpymes.core.shared.tests\bin\release\net5.0\kitpymes.core.shared.tests.dll" id="cb9faf94-928d-4c58-afdf-8896bc4a3166">
      <Execution id="c745d46e-bfca-47be-a585-ebf28c249dba" />
      <TestMethod codeBase="D:\SFERRARI\01 - TRABAJO\repos\netcore\libs\template-netcore-shared\Kitpymes.Core.Shared.Tests\bin\Release\net5.0\Kitpymes.Core.Shared.Tests.dll" adapterTypeName="executor://mstestadapter/v2" className="Kitpymes.Core.Shared.Tests.StringExtensionsTests" name="ToRemove_Passing_ValidValue_Returns_ValueWithoutRemovedChars" />
    </UnitTest>
    <UnitTest name="ToConfiguration_Passing_Empty_DirectoryPath_Returns_ApplicationException" storage="d:\sferrari\01 - trabajo\repos\netcore\libs\template-netcore-shared\kitpymes.core.shared.tests\bin\release\net5.0\kitpymes.core.shared.tests.dll" id="c020489e-7186-4935-bbf4-3f95b4d926c3">
      <Execution id="7069503b-5771-494d-976d-d81fe892f13b" />
      <TestMethod codeBase="D:\SFERRARI\01 - TRABAJO\repos\netcore\libs\template-netcore-shared\Kitpymes.Core.Shared.Tests\bin\Release\net5.0\Kitpymes.Core.Shared.Tests.dll" adapterTypeName="executor://mstestadapter/v2" className="Kitpymes.Core.Shared.Tests.ConfigurationBuilderExtensionsTests" name="ToConfiguration_Passing_Empty_DirectoryPath_Returns_ApplicationException" />
    </UnitTest>
    <UnitTest name="ToCompress_Passing_Object_Bytes_Returns_Object" storage="d:\sferrari\01 - trabajo\repos\netcore\libs\template-netcore-shared\kitpymes.core.shared.tests\bin\release\net5.0\kitpymes.core.shared.tests.dll" id="a445046b-72b3-4c3c-b58f-7f10f077a7a8">
      <Execution id="1ec8f94a-6e60-48c3-a77a-9ec7775b4d5f" />
      <TestMethod codeBase="D:\SFERRARI\01 - TRABAJO\repos\netcore\libs\template-netcore-shared\Kitpymes.Core.Shared.Tests\bin\Release\net5.0\Kitpymes.Core.Shared.Tests.dll" adapterTypeName="executor://mstestadapter/v2" className="Kitpymes.Core.Shared.Tests.BytesExtensionsTests" name="ToCompress_Passing_Object_Bytes_Returns_Object" />
    </UnitTest>
    <UnitTest name="CreateRandom_WithCustomAllowableCharacters_Passing_Valid_Arguments_Returns_String_Random_Value (5,aeiou123456)" storage="d:\sferrari\01 - trabajo\repos\netcore\libs\template-netcore-shared\kitpymes.core.shared.tests\bin\release\net5.0\kitpymes.core.shared.tests.dll" id="d7f8f3a7-acc7-4ba8-b5c5-b381eee390a8">
      <Execution id="9497fecd-ec34-4ae6-a2f4-8a3be0259965" />
      <TestMethod codeBase="D:\SFERRARI\01 - TRABAJO\repos\netcore\libs\template-netcore-shared\Kitpymes.Core.Shared.Tests\bin\Release\net5.0\Kitpymes.Core.Shared.Tests.dll" adapterTypeName="executor://mstestadapter/v2" className="Kitpymes.Core.Shared.Tests.HashTests" name="CreateRandom_WithCustomAllowableCharacters_Passing_Valid_Arguments_Returns_String_Random_Value" />
    </UnitTest>
    <UnitTest name="ToConfigureOrDefault_Passing_ActionCustomValues_Returns_CustomValues" storage="d:\sferrari\01 - trabajo\repos\netcore\libs\template-netcore-shared\kitpymes.core.shared.tests\bin\release\net5.0\kitpymes.core.shared.tests.dll" id="a6058702-12bf-4144-86aa-b40ab31530ec">
      <Execution id="b8f80886-c005-462b-baa4-faa001de332e" />
      <TestMethod codeBase="D:\SFERRARI\01 - TRABAJO\repos\netcore\libs\template-netcore-shared\Kitpymes.Core.Shared.Tests\bin\Release\net5.0\Kitpymes.Core.Shared.Tests.dll" adapterTypeName="executor://mstestadapter/v2" className="Kitpymes.Core.Shared.Tests.ActionExtensionsTests" name="ToConfigureOrDefault_Passing_ActionCustomValues_Returns_CustomValues" />
    </UnitTest>
    <UnitTest name="ToDefaultValue_Passing_ValidGuid_Returns_DefaultValue" storage="d:\sferrari\01 - trabajo\repos\netcore\libs\template-netcore-shared\kitpymes.core.shared.tests\bin\release\net5.0\kitpymes.core.shared.tests.dll" id="17a7926f-eb35-428b-a482-d5c00c0db9e7">
      <Execution id="1a7727fa-f27d-4740-9b24-92bf529fab4c" />
      <TestMethod codeBase="D:\SFERRARI\01 - TRABAJO\repos\netcore\libs\template-netcore-shared\Kitpymes.Core.Shared.Tests\bin\Release\net5.0\Kitpymes.Core.Shared.Tests.dll" adapterTypeName="executor://mstestadapter/v2" className="Kitpymes.Core.Shared.Tests.TypeExtensionsTests" name="ToDefaultValue_Passing_ValidGuid_Returns_DefaultValue" />
    </UnitTest>
    <UnitTest name="ToNormalize_Passing_ValidValue_Returns_NormalizedValue ( ,)" storage="d:\sferrari\01 - trabajo\repos\netcore\libs\template-netcore-shared\kitpymes.core.shared.tests\bin\release\net5.0\kitpymes.core.shared.tests.dll" id="8dbfe17e-e492-40fc-89ff-d9e9bef67a71">
      <Execution id="ab966e3b-5a3f-4eb8-a9d3-f1bef9f90fde" />
      <TestMethod codeBase="D:\SFERRARI\01 - TRABAJO\repos\netcore\libs\template-netcore-shared\Kitpymes.Core.Shared.Tests\bin\Release\net5.0\Kitpymes.Core.Shared.Tests.dll" adapterTypeName="executor://mstestadapter/v2" className="Kitpymes.Core.Shared.Tests.StringExtensionsTests" name="ToNormalize_Passing_ValidValue_Returns_NormalizedValue" />
    </UnitTest>
    <UnitTest name="ToRandom_Passing_Invalid_Null_Value_Returns_Null" storage="d:\sferrari\01 - trabajo\repos\netcore\libs\template-netcore-shared\kitpymes.core.shared.tests\bin\release\net5.0\kitpymes.core.shared.tests.dll" id="a85e8e2e-1688-4dde-94bd-b407f1f6027a">
      <Execution id="d2c364e8-22b8-4c30-9721-54c764e93922" />
      <TestMethod codeBase="D:\SFERRARI\01 - TRABAJO\repos\netcore\libs\template-netcore-shared\Kitpymes.Core.Shared.Tests\bin\Release\net5.0\Kitpymes.Core.Shared.Tests.dll" adapterTypeName="executor://mstestadapter/v2" className="Kitpymes.Core.Shared.Tests.StringExtensionsTests" name="ToRandom_Passing_Invalid_Null_Value_Returns_Null" />
    </UnitTest>
    <UnitTest name="ToRemove_Passing_ValidValue_Returns_ValueWithoutRemovedChars (aeiou,e,aiou)" storage="d:\sferrari\01 - trabajo\repos\netcore\libs\template-netcore-shared\kitpymes.core.shared.tests\bin\release\net5.0\kitpymes.core.shared.tests.dll" id="34befd1e-0266-47e6-b1c8-16f63c930f7d">
      <Execution id="ac4496ad-577b-4b74-acc4-d825a54aa1ed" />
      <TestMethod codeBase="D:\SFERRARI\01 - TRABAJO\repos\netcore\libs\template-netcore-shared\Kitpymes.Core.Shared.Tests\bin\Release\net5.0\Kitpymes.Core.Shared.Tests.dll" adapterTypeName="executor://mstestadapter/v2" className="Kitpymes.Core.Shared.Tests.StringExtensionsTests" name="ToRemove_Passing_ValidValue_Returns_ValueWithoutRemovedChars" />
    </UnitTest>
    <UnitTest name="ToUri_Passing_InvalidValueString_Returns_Null (http://../)" storage="d:\sferrari\01 - trabajo\repos\netcore\libs\template-netcore-shared\kitpymes.core.shared.tests\bin\release\net5.0\kitpymes.core.shared.tests.dll" id="6ed64255-42fe-4e64-a564-8eacc8cc9f21">
      <Execution id="aa76f3ee-88bd-4b9e-9960-54dddf9afdb3" />
      <TestMethod codeBase="D:\SFERRARI\01 - TRABAJO\repos\netcore\libs\template-netcore-shared\Kitpymes.Core.Shared.Tests\bin\Release\net5.0\Kitpymes.Core.Shared.Tests.dll" adapterTypeName="executor://mstestadapter/v2" className="Kitpymes.Core.Shared.Tests.StringExtensionsTests" name="ToUri_Passing_InvalidValueString_Returns_Null" />
    </UnitTest>
    <UnitTest name="ToUserName_Passing_Null_ClaimsPrincipal_Returns_ApplicationException" storage="d:\sferrari\01 - trabajo\repos\netcore\libs\template-netcore-shared\kitpymes.core.shared.tests\bin\release\net5.0\kitpymes.core.shared.tests.dll" id="01ad3df3-1c1c-48ab-87d5-a4e925ea5455">
      <Execution id="761967ce-e480-4ef5-91f8-e3c01cdef01d" />
      <TestMethod codeBase="D:\SFERRARI\01 - TRABAJO\repos\netcore\libs\template-netcore-shared\Kitpymes.Core.Shared.Tests\bin\Release\net5.0\Kitpymes.Core.Shared.Tests.dll" adapterTypeName="executor://mstestadapter/v2" className="Kitpymes.Core.Shared.Tests.ClaimsPrincipalExtensionsTests" name="ToUserName_Passing_Null_ClaimsPrincipal_Returns_ApplicationException" />
    </UnitTest>
    <UnitTest name="ToUri_Passing_ValidValueString_Returns_Uri (http://142.42.1.1:8080/)" storage="d:\sferrari\01 - trabajo\repos\netcore\libs\template-netcore-shared\kitpymes.core.shared.tests\bin\release\net5.0\kitpymes.core.shared.tests.dll" id="0e1b150a-8fdb-48b2-97a8-3ab97a91aa4d">
      <Execution id="d78ad586-d083-4ffd-9623-b1b8a0eb3bbb" />
      <TestMethod codeBase="D:\SFERRARI\01 - TRABAJO\repos\netcore\libs\template-netcore-shared\Kitpymes.Core.Shared.Tests\bin\Release\net5.0\Kitpymes.Core.Shared.Tests.dll" adapterTypeName="executor://mstestadapter/v2" className="Kitpymes.Core.Shared.Tests.StringExtensionsTests" name="ToUri_Passing_ValidValueString_Returns_Uri" />
    </UnitTest>
    <UnitTest name="ResultDataBadRequest_WithErrors_KeyValue" storage="d:\sferrari\01 - trabajo\repos\netcore\libs\template-netcore-shared\kitpymes.core.shared.tests\bin\release\net5.0\kitpymes.core.shared.tests.dll" id="69917008-38fc-48bf-a95e-81dec8b6239d">
      <Execution id="7c660d20-345c-4000-b54e-11fb0882f207" />
      <TestMethod codeBase="D:\SFERRARI\01 - TRABAJO\repos\netcore\libs\template-netcore-shared\Kitpymes.Core.Shared.Tests\bin\Release\net5.0\Kitpymes.Core.Shared.Tests.dll" adapterTypeName="executor://mstestadapter/v2" className="Kitpymes.Core.Shared.Tests.ResultTest" name="ResultDataBadRequest_WithErrors_KeyValue" />
    </UnitTest>
    <UnitTest name="ToMapNew_Passing_TSource_And_TDestination_Returns_New_TDestination_Object" storage="d:\sferrari\01 - trabajo\repos\netcore\libs\template-netcore-shared\kitpymes.core.shared.tests\bin\release\net5.0\kitpymes.core.shared.tests.dll" id="ce515b1e-96db-4889-91c9-2a3daabb7d05">
      <Execution id="0d4dec7e-787c-4d63-8ad9-4a181248cd58" />
      <TestMethod codeBase="D:\SFERRARI\01 - TRABAJO\repos\netcore\libs\template-netcore-shared\Kitpymes.Core.Shared.Tests\bin\Release\net5.0\Kitpymes.Core.Shared.Tests.dll" adapterTypeName="executor://mstestadapter/v2" className="Kitpymes.Core.Shared.Tests.AgileMapperExtensionsTests" name="ToMapNew_Passing_TSource_And_TDestination_Returns_New_TDestination_Object" />
    </UnitTest>
    <UnitTest name="IsEspecialChars_Passing_InvalidArguments_Returns_HasErrorsAndCount" storage="d:\sferrari\01 - trabajo\repos\netcore\libs\template-netcore-shared\kitpymes.core.shared.tests\bin\release\net5.0\kitpymes.core.shared.tests.dll" id="3e37b725-101b-4c58-8752-5d0166559ffb">
      <Execution id="d50039c8-6dd2-4586-92c6-f5f5c8ad711b" />
      <TestMethod codeBase="D:\SFERRARI\01 - TRABAJO\repos\netcore\libs\template-netcore-shared\Kitpymes.Core.Shared.Tests\bin\Release\net5.0\Kitpymes.Core.Shared.Tests.dll" adapterTypeName="executor://mstestadapter/v2" className="Kitpymes.Core.Shared.Tests.CheckTests" name="IsEspecialChars_Passing_InvalidArguments_Returns_HasErrorsAndCount" />
    </UnitTest>
    <UnitTest name="ToUri_Passing_ValidValueString_Returns_Uri (http://foo.com/(something)?after=parens)" storage="d:\sferrari\01 - trabajo\repos\netcore\libs\template-netcore-shared\kitpymes.core.shared.tests\bin\release\net5.0\kitpymes.core.shared.tests.dll" id="8326cfc0-7eb1-41d0-b6af-d82efdeb600b">
      <Execution id="7cf5d908-4b6f-4220-9e4c-6319a028dbe3" />
      <TestMethod codeBase="D:\SFERRARI\01 - TRABAJO\repos\netcore\libs\template-netcore-shared\Kitpymes.Core.Shared.Tests\bin\Release\net5.0\Kitpymes.Core.Shared.Tests.dll" adapterTypeName="executor://mstestadapter/v2" className="Kitpymes.Core.Shared.Tests.StringExtensionsTests" name="ToUri_Passing_ValidValueString_Returns_Uri" />
    </UnitTest>
    <UnitTest name="ToRemove_Passing_ValidValue_Returns_ValueWithoutRemovedChars ( *, ,*)" storage="d:\sferrari\01 - trabajo\repos\netcore\libs\template-netcore-shared\kitpymes.core.shared.tests\bin\release\net5.0\kitpymes.core.shared.tests.dll" id="07ffbc39-c2b1-4bfc-becd-22cd3da9a2e2">
      <Execution id="284dec89-f271-4070-b1ce-a813a4456e03" />
      <TestMethod codeBase="D:\SFERRARI\01 - TRABAJO\repos\netcore\libs\template-netcore-shared\Kitpymes.Core.Shared.Tests\bin\Release\net5.0\Kitpymes.Core.Shared.Tests.dll" adapterTypeName="executor://mstestadapter/v2" className="Kitpymes.Core.Shared.Tests.StringExtensionsTests" name="ToRemove_Passing_ValidValue_Returns_ValueWithoutRemovedChars" />
    </UnitTest>
    <UnitTest name="ToRemove_Passing_ValidValue_Returns_ValueWithoutRemovedChars (hello hello, ,hellohello)" storage="d:\sferrari\01 - trabajo\repos\netcore\libs\template-netcore-shared\kitpymes.core.shared.tests\bin\release\net5.0\kitpymes.core.shared.tests.dll" id="fd28e5bd-d186-45cf-90da-2a857e43bf2b">
      <Execution id="312d5eed-5229-493c-8577-822b0dedf96f" />
      <TestMethod codeBase="D:\SFERRARI\01 - TRABAJO\repos\netcore\libs\template-netcore-shared\Kitpymes.Core.Shared.Tests\bin\Release\net5.0\Kitpymes.Core.Shared.Tests.dll" adapterTypeName="executor://mstestadapter/v2" className="Kitpymes.Core.Shared.Tests.StringExtensionsTests" name="ToRemove_Passing_ValidValue_Returns_ValueWithoutRemovedChars" />
    </UnitTest>
    <UnitTest name="ToIsEmailThrow_Passing_InvalidValue_Returns_ApplicationExceptionWithMessage (dasdasd@dsasd.._ff)" storage="d:\sferrari\01 - trabajo\repos\netcore\libs\template-netcore-shared\kitpymes.core.shared.tests\bin\release\net5.0\kitpymes.core.shared.tests.dll" id="670547f9-7721-4b5d-9ad8-5437315026e3">
      <Execution id="7d874d90-7c7a-4a86-8f69-40ec74ea77c6" />
      <TestMethod codeBase="D:\SFERRARI\01 - TRABAJO\repos\netcore\libs\template-netcore-shared\Kitpymes.Core.Shared.Tests\bin\Release\net5.0\Kitpymes.Core.Shared.Tests.dll" adapterTypeName="executor://mstestadapter/v2" className="Kitpymes.Core.Shared.Tests.CheckExtensionsTests" name="ToIsEmailThrow_Passing_InvalidValue_Returns_ApplicationExceptionWithMessage" />
    </UnitTest>
    <UnitTest name="ToReplace_Passing_ValidValue_Returns_ReplacedValue (aeiou,*,2,2,ae**u)" storage="d:\sferrari\01 - trabajo\repos\netcore\libs\template-netcore-shared\kitpymes.core.shared.tests\bin\release\net5.0\kitpymes.core.shared.tests.dll" id="0ca67389-0c58-411d-b8bf-04d0662fd988">
      <Execution id="bc4c87ec-b143-4dd2-bf6f-80fbb075e071" />
      <TestMethod codeBase="D:\SFERRARI\01 - TRABAJO\repos\netcore\libs\template-netcore-shared\Kitpymes.Core.Shared.Tests\bin\Release\net5.0\Kitpymes.Core.Shared.Tests.dll" adapterTypeName="executor://mstestadapter/v2" className="Kitpymes.Core.Shared.Tests.StringExtensionsTests" name="ToReplace_Passing_ValidValue_Returns_ReplacedValue" />
    </UnitTest>
    <UnitTest name="ToAge_Passing_Birthday_DateTime_Returns_Age" storage="d:\sferrari\01 - trabajo\repos\netcore\libs\template-netcore-shared\kitpymes.core.shared.tests\bin\release\net5.0\kitpymes.core.shared.tests.dll" id="caf9b5dd-6e55-4b3d-94a9-4d281b4a0097">
      <Execution id="8c5728f5-40bc-4d50-9d00-c881fa5fc0e5" />
      <TestMethod codeBase="D:\SFERRARI\01 - TRABAJO\repos\netcore\libs\template-netcore-shared\Kitpymes.Core.Shared.Tests\bin\Release\net5.0\Kitpymes.Core.Shared.Tests.dll" adapterTypeName="executor://mstestadapter/v2" className="Kitpymes.Core.Shared.Tests.DateTimeExtensionsTests" name="ToAge_Passing_Birthday_DateTime_Returns_Age" />
    </UnitTest>
    <UnitTest name="ToEnvironment_Passing_Development_Enviroment_Returns_Development_Name" storage="d:\sferrari\01 - trabajo\repos\netcore\libs\template-netcore-shared\kitpymes.core.shared.tests\bin\release\net5.0\kitpymes.core.shared.tests.dll" id="7d2c36c6-2e1e-4c81-b919-b5ff532db1ae">
      <Execution id="cda18278-28c2-4ddc-8194-0d5161d49922" />
      <TestMethod codeBase="D:\SFERRARI\01 - TRABAJO\repos\netcore\libs\template-netcore-shared\Kitpymes.Core.Shared.Tests\bin\Release\net5.0\Kitpymes.Core.Shared.Tests.dll" adapterTypeName="executor://mstestadapter/v2" className="Kitpymes.Core.Shared.Tests.ApplicationBuilderExtensionsTests" name="ToEnvironment_Passing_Development_Enviroment_Returns_Development_Name" />
    </UnitTest>
    <UnitTest name="CreateRandom_WithCustomAllowableCharacters_Passing_Valid_Arguments_Returns_String_Random_Value (8,ae)" storage="d:\sferrari\01 - trabajo\repos\netcore\libs\template-netcore-shared\kitpymes.core.shared.tests\bin\release\net5.0\kitpymes.core.shared.tests.dll" id="54f8737c-38de-4d8b-a4bb-8b9220ad53ad">
      <Execution id="478f9d90-f067-4c67-871d-01b484734c3a" />
      <TestMethod codeBase="D:\SFERRARI\01 - TRABAJO\repos\netcore\libs\template-netcore-shared\Kitpymes.Core.Shared.Tests\bin\Release\net5.0\Kitpymes.Core.Shared.Tests.dll" adapterTypeName="executor://mstestadapter/v2" className="Kitpymes.Core.Shared.Tests.HashTests" name="CreateRandom_WithCustomAllowableCharacters_Passing_Valid_Arguments_Returns_String_Random_Value" />
    </UnitTest>
    <UnitTest name="ToAssembly_Passing_ValidValueAssemblyString_Returns_Assembly" storage="d:\sferrari\01 - trabajo\repos\netcore\libs\template-netcore-shared\kitpymes.core.shared.tests\bin\release\net5.0\kitpymes.core.shared.tests.dll" id="77d09f03-7fb1-47ea-9d64-e3171a29c51c">
      <Execution id="e8961aaf-7f99-440c-a669-2fb50642fe0b" />
      <TestMethod codeBase="D:\SFERRARI\01 - TRABAJO\repos\netcore\libs\template-netcore-shared\Kitpymes.Core.Shared.Tests\bin\Release\net5.0\Kitpymes.Core.Shared.Tests.dll" adapterTypeName="executor://mstestadapter/v2" className="Kitpymes.Core.Shared.Tests.StringExtensionsTests" name="ToAssembly_Passing_ValidValueAssemblyString_Returns_Assembly" />
    </UnitTest>
    <UnitTest name="ToMapUpdate_Passing_Destination_Object_Returns_Updated_Destination_Object" storage="d:\sferrari\01 - trabajo\repos\netcore\libs\template-netcore-shared\kitpymes.core.shared.tests\bin\release\net5.0\kitpymes.core.shared.tests.dll" id="bc41e8ff-b372-4f99-ad82-c0e8c308df5d">
      <Execution id="dd831fef-a8b7-42e8-ac6d-e642116e0ee6" />
      <TestMethod codeBase="D:\SFERRARI\01 - TRABAJO\repos\netcore\libs\template-netcore-shared\Kitpymes.Core.Shared.Tests\bin\Release\net5.0\Kitpymes.Core.Shared.Tests.dll" adapterTypeName="executor://mstestadapter/v2" className="Kitpymes.Core.Shared.Tests.AgileMapperExtensionsTests" name="ToMapUpdate_Passing_Destination_Object_Returns_Updated_Destination_Object" />
    </UnitTest>
    <UnitTest name="ToEmptyIfNull_Passing_Null_Collection_Returns_Empty_Collection" storage="d:\sferrari\01 - trabajo\repos\netcore\libs\template-netcore-shared\kitpymes.core.shared.tests\bin\release\net5.0\kitpymes.core.shared.tests.dll" id="36337c80-87ab-4081-b6b2-8206fc27725a">
      <Execution id="75063e18-f9b9-4e59-9640-8278083709d0" />
      <TestMethod codeBase="D:\SFERRARI\01 - TRABAJO\repos\netcore\libs\template-netcore-shared\Kitpymes.Core.Shared.Tests\bin\Release\net5.0\Kitpymes.Core.Shared.Tests.dll" adapterTypeName="executor://mstestadapter/v2" className="Kitpymes.Core.Shared.Tests.EnumerableExtensionsTests" name="ToEmptyIfNull_Passing_Null_Collection_Returns_Empty_Collection" />
    </UnitTest>
    <UnitTest name="IsCustom_Passing_InvalidArguments_Returns_HasErrorsAndCount" storage="d:\sferrari\01 - trabajo\repos\netcore\libs\template-netcore-shared\kitpymes.core.shared.tests\bin\release\net5.0\kitpymes.core.shared.tests.dll" id="17bd592b-2c49-4500-943b-155a62895389">
      <Execution id="2755f779-04a3-4102-bb76-1ad2b17ae788" />
      <TestMethod codeBase="D:\SFERRARI\01 - TRABAJO\repos\netcore\libs\template-netcore-shared\Kitpymes.Core.Shared.Tests\bin\Release\net5.0\Kitpymes.Core.Shared.Tests.dll" adapterTypeName="executor://mstestadapter/v2" className="Kitpymes.Core.Shared.Tests.CheckTests" name="IsCustom_Passing_InvalidArguments_Returns_HasErrorsAndCount" />
    </UnitTest>
    <UnitTest name="ToEnvironment_Passing_Staging_Enviroment_Returns_Staging_Name" storage="d:\sferrari\01 - trabajo\repos\netcore\libs\template-netcore-shared\kitpymes.core.shared.tests\bin\release\net5.0\kitpymes.core.shared.tests.dll" id="2a4a0b60-0003-4d13-99ce-02f5fce5f71d">
      <Execution id="55c23a88-e6d6-411b-956f-926c050b7e05" />
      <TestMethod codeBase="D:\SFERRARI\01 - TRABAJO\repos\netcore\libs\template-netcore-shared\Kitpymes.Core.Shared.Tests\bin\Release\net5.0\Kitpymes.Core.Shared.Tests.dll" adapterTypeName="executor://mstestadapter/v2" className="Kitpymes.Core.Shared.Tests.ApplicationBuilderExtensionsTests" name="ToEnvironment_Passing_Staging_Enviroment_Returns_Staging_Name" />
    </UnitTest>
    <UnitTest name="ToUri_Passing_ValidValueString_Returns_Uri (http://➡.ws/䨹)" storage="d:\sferrari\01 - trabajo\repos\netcore\libs\template-netcore-shared\kitpymes.core.shared.tests\bin\release\net5.0\kitpymes.core.shared.tests.dll" id="959001c9-f031-452c-8b45-80fba344f6cb">
      <Execution id="87042cdb-6351-4cc3-b9fb-70591a33075f" />
      <TestMethod codeBase="D:\SFERRARI\01 - TRABAJO\repos\netcore\libs\template-netcore-shared\Kitpymes.Core.Shared.Tests\bin\Release\net5.0\Kitpymes.Core.Shared.Tests.dll" adapterTypeName="executor://mstestadapter/v2" className="Kitpymes.Core.Shared.Tests.StringExtensionsTests" name="ToUri_Passing_ValidValueString_Returns_Uri" />
    </UnitTest>
    <UnitTest name="ResultOkData" storage="d:\sferrari\01 - trabajo\repos\netcore\libs\template-netcore-shared\kitpymes.core.shared.tests\bin\release\net5.0\kitpymes.core.shared.tests.dll" id="e648bb72-9ab3-4d3a-b33b-10cd7cbc3fd6">
      <Execution id="01710612-df8a-4d8a-bb64-a4c21e5b0490" />
      <TestMethod codeBase="D:\SFERRARI\01 - TRABAJO\repos\netcore\libs\template-netcore-shared\Kitpymes.Core.Shared.Tests\bin\Release\net5.0\Kitpymes.Core.Shared.Tests.dll" adapterTypeName="executor://mstestadapter/v2" className="Kitpymes.Core.Shared.Tests.ResultTest" name="ResultOkData" />
    </UnitTest>
    <UnitTest name="ToUri_Passing_InvalidValueString_Returns_DefaultValue (http://#)" storage="d:\sferrari\01 - trabajo\repos\netcore\libs\template-netcore-shared\kitpymes.core.shared.tests\bin\release\net5.0\kitpymes.core.shared.tests.dll" id="9f122910-9665-46d8-9a20-410ee88f8010">
      <Execution id="835d8f44-e301-468b-b2c8-2101c9af2545" />
      <TestMethod codeBase="D:\SFERRARI\01 - TRABAJO\repos\netcore\libs\template-netcore-shared\Kitpymes.Core.Shared.Tests\bin\Release\net5.0\Kitpymes.Core.Shared.Tests.dll" adapterTypeName="executor://mstestadapter/v2" className="Kitpymes.Core.Shared.Tests.StringExtensionsTests" name="ToUri_Passing_InvalidValueString_Returns_DefaultValue" />
    </UnitTest>
    <UnitTest name="ToUri_Passing_ValidValueString_Returns_Uri (http://foo.com/unicode_(✪)_in_parens)" storage="d:\sferrari\01 - trabajo\repos\netcore\libs\template-netcore-shared\kitpymes.core.shared.tests\bin\release\net5.0\kitpymes.core.shared.tests.dll" id="a2fa76f6-d19c-4d63-a961-1bbf7bff478d">
      <Execution id="89cbf354-dae4-4bdb-aa01-d7d49371d017" />
      <TestMethod codeBase="D:\SFERRARI\01 - TRABAJO\repos\netcore\libs\template-netcore-shared\Kitpymes.Core.Shared.Tests\bin\Release\net5.0\Kitpymes.Core.Shared.Tests.dll" adapterTypeName="executor://mstestadapter/v2" className="Kitpymes.Core.Shared.Tests.StringExtensionsTests" name="ToUri_Passing_ValidValueString_Returns_Uri" />
    </UnitTest>
    <UnitTest name="ToMapClone_Passing_Source_Returns_New_Source_Object" storage="d:\sferrari\01 - trabajo\repos\netcore\libs\template-netcore-shared\kitpymes.core.shared.tests\bin\release\net5.0\kitpymes.core.shared.tests.dll" id="f2140288-ced0-452b-92c0-9ef3342c6b46">
      <Execution id="e21fa135-944f-4148-8064-2e45a8e0c075" />
      <TestMethod codeBase="D:\SFERRARI\01 - TRABAJO\repos\netcore\libs\template-netcore-shared\Kitpymes.Core.Shared.Tests\bin\Release\net5.0\Kitpymes.Core.Shared.Tests.dll" adapterTypeName="executor://mstestadapter/v2" className="Kitpymes.Core.Shared.Tests.AgileMapperExtensionsTests" name="ToMapClone_Passing_Source_Returns_New_Source_Object" />
    </UnitTest>
    <UnitTest name="ToEndOfTheMonth_Passing_DateTime_Returns_End_Of_Month_DateTime" storage="d:\sferrari\01 - trabajo\repos\netcore\libs\template-netcore-shared\kitpymes.core.shared.tests\bin\release\net5.0\kitpymes.core.shared.tests.dll" id="d3beae23-8b0d-4cf4-82cc-181c640c12bf">
      <Execution id="82a6cba9-bb38-4071-bc95-948893217a62" />
      <TestMethod codeBase="D:\SFERRARI\01 - TRABAJO\repos\netcore\libs\template-netcore-shared\Kitpymes.Core.Shared.Tests\bin\Release\net5.0\Kitpymes.Core.Shared.Tests.dll" adapterTypeName="executor://mstestadapter/v2" className="Kitpymes.Core.Shared.Tests.DateTimeExtensionsTests" name="ToEndOfTheMonth_Passing_DateTime_Returns_End_Of_Month_DateTime" />
    </UnitTest>
    <UnitTest name="ToEmailMaskUserNameAndDomainAndExtension_Passing_ValidEmail_Returns_EmailWithMask (qazwsx@gmailgmail.com,q****x@g********l.c*m)" storage="d:\sferrari\01 - trabajo\repos\netcore\libs\template-netcore-shared\kitpymes.core.shared.tests\bin\release\net5.0\kitpymes.core.shared.tests.dll" id="ffcaf350-8037-4a66-baac-a13792e498a8">
      <Execution id="30df7b22-3266-45f6-8f93-2bc090b00c31" />
      <TestMethod codeBase="D:\SFERRARI\01 - TRABAJO\repos\netcore\libs\template-netcore-shared\Kitpymes.Core.Shared.Tests\bin\Release\net5.0\Kitpymes.Core.Shared.Tests.dll" adapterTypeName="executor://mstestadapter/v2" className="Kitpymes.Core.Shared.Tests.StringExtensionsTests" name="ToEmailMaskUserNameAndDomainAndExtension_Passing_ValidEmail_Returns_EmailWithMask" />
    </UnitTest>
    <UnitTest name="IsFile_Passing_InvalidArguments_Returns_HasErrorsAndCount" storage="d:\sferrari\01 - trabajo\repos\netcore\libs\template-netcore-shared\kitpymes.core.shared.tests\bin\release\net5.0\kitpymes.core.shared.tests.dll" id="8ed195ae-fe9f-473d-ab3c-e977fb716e9f">
      <Execution id="ba1cfb93-2ff3-414a-9464-63d667cb457c" />
      <TestMethod codeBase="D:\SFERRARI\01 - TRABAJO\repos\netcore\libs\template-netcore-shared\Kitpymes.Core.Shared.Tests\bin\Release\net5.0\Kitpymes.Core.Shared.Tests.dll" adapterTypeName="executor://mstestadapter/v2" className="Kitpymes.Core.Shared.Tests.CheckTests" name="IsFile_Passing_InvalidArguments_Returns_HasErrorsAndCount" />
    </UnitTest>
    <UnitTest name="ToDefaultValue_Passing_ulong_Returns_Cero" storage="d:\sferrari\01 - trabajo\repos\netcore\libs\template-netcore-shared\kitpymes.core.shared.tests\bin\release\net5.0\kitpymes.core.shared.tests.dll" id="b79f3ce8-56f0-4565-a843-3d31c3c5d0b1">
      <Execution id="8b9fc8de-8eea-40aa-b022-ef9d36dd9333" />
      <TestMethod codeBase="D:\SFERRARI\01 - TRABAJO\repos\netcore\libs\template-netcore-shared\Kitpymes.Core.Shared.Tests\bin\Release\net5.0\Kitpymes.Core.Shared.Tests.dll" adapterTypeName="executor://mstestadapter/v2" className="Kitpymes.Core.Shared.Tests.GenericExtensionsTests" name="ToDefaultValue_Passing_ulong_Returns_Cero" />
    </UnitTest>
    <UnitTest name="ToEnum_Passing_InvalidValueInt_Returns_EnumDefaultValue" storage="d:\sferrari\01 - trabajo\repos\netcore\libs\template-netcore-shared\kitpymes.core.shared.tests\bin\release\net5.0\kitpymes.core.shared.tests.dll" id="a2534d2c-584e-484f-b524-de49055e85db">
      <Execution id="56b68f2b-0045-45c6-90c5-c2a8277e2235" />
      <TestMethod codeBase="D:\SFERRARI\01 - TRABAJO\repos\netcore\libs\template-netcore-shared\Kitpymes.Core.Shared.Tests\bin\Release\net5.0\Kitpymes.Core.Shared.Tests.dll" adapterTypeName="executor://mstestadapter/v2" className="Kitpymes.Core.Shared.Tests.StringExtensionsTests" name="ToEnum_Passing_InvalidValueInt_Returns_EnumDefaultValue" />
    </UnitTest>
    <UnitTest name="ToString_Passing_Valid_Collection_Returns_String_With_Default_Separator" storage="d:\sferrari\01 - trabajo\repos\netcore\libs\template-netcore-shared\kitpymes.core.shared.tests\bin\release\net5.0\kitpymes.core.shared.tests.dll" id="0045e576-3d22-46dc-b47f-f87e3cf7db10">
      <Execution id="d5525b5d-8aec-4ebe-b45f-28b9d883c2ec" />
      <TestMethod codeBase="D:\SFERRARI\01 - TRABAJO\repos\netcore\libs\template-netcore-shared\Kitpymes.Core.Shared.Tests\bin\Release\net5.0\Kitpymes.Core.Shared.Tests.dll" adapterTypeName="executor://mstestadapter/v2" className="Kitpymes.Core.Shared.Tests.EnumerableExtensionsTests" name="ToString_Passing_Valid_Collection_Returns_String_With_Default_Separator" />
    </UnitTest>
    <UnitTest name="ToIsWeekend_Passing_Friday_DateTime_Returns_False" storage="d:\sferrari\01 - trabajo\repos\netcore\libs\template-netcore-shared\kitpymes.core.shared.tests\bin\release\net5.0\kitpymes.core.shared.tests.dll" id="1d7db31a-ffa5-48e3-aa66-4a61c065c3dc">
      <Execution id="f027e045-80ef-401d-9541-54f13095a142" />
      <TestMethod codeBase="D:\SFERRARI\01 - TRABAJO\repos\netcore\libs\template-netcore-shared\Kitpymes.Core.Shared.Tests\bin\Release\net5.0\Kitpymes.Core.Shared.Tests.dll" adapterTypeName="executor://mstestadapter/v2" className="Kitpymes.Core.Shared.Tests.DateTimeExtensionsTests" name="ToIsWeekend_Passing_Friday_DateTime_Returns_False" />
    </UnitTest>
    <UnitTest name="ToUri_Passing_ValidValueString_Returns_Uri (https://foo.com/blah_blah?p=5)" storage="d:\sferrari\01 - trabajo\repos\netcore\libs\template-netcore-shared\kitpymes.core.shared.tests\bin\release\net5.0\kitpymes.core.shared.tests.dll" id="ee6a373e-e55a-4478-9799-92cfcdf52d47">
      <Execution id="dff95d4a-35b0-431b-ae7e-c0cdaac6f475" />
      <TestMethod codeBase="D:\SFERRARI\01 - TRABAJO\repos\netcore\libs\template-netcore-shared\Kitpymes.Core.Shared.Tests\bin\Release\net5.0\Kitpymes.Core.Shared.Tests.dll" adapterTypeName="executor://mstestadapter/v2" className="Kitpymes.Core.Shared.Tests.StringExtensionsTests" name="ToUri_Passing_ValidValueString_Returns_Uri" />
    </UnitTest>
    <UnitTest name="ToIsDirectoryThrow_Passing_InvalidValue_Returns_ApplicationExceptionWithMessage" storage="d:\sferrari\01 - trabajo\repos\netcore\libs\template-netcore-shared\kitpymes.core.shared.tests\bin\release\net5.0\kitpymes.core.shared.tests.dll" id="829874dc-f203-4b54-83ac-b2f2a5176637">
      <Execution id="cbc0e894-9004-40e3-9065-12f4b5ad1f35" />
      <TestMethod codeBase="D:\SFERRARI\01 - TRABAJO\repos\netcore\libs\template-netcore-shared\Kitpymes.Core.Shared.Tests\bin\Release\net5.0\Kitpymes.Core.Shared.Tests.dll" adapterTypeName="executor://mstestadapter/v2" className="Kitpymes.Core.Shared.Tests.CheckExtensionsTests" name="ToIsDirectoryThrow_Passing_InvalidValue_Returns_ApplicationExceptionWithMessage" />
    </UnitTest>
    <UnitTest name="ToDefaultValue_Passing_decimal_Returns_Cero" storage="d:\sferrari\01 - trabajo\repos\netcore\libs\template-netcore-shared\kitpymes.core.shared.tests\bin\release\net5.0\kitpymes.core.shared.tests.dll" id="b1ca9df4-9cfc-43ae-891c-ff32db9b57d0">
      <Execution id="0f5b9642-d143-4c51-91e9-9f781c3c043f" />
      <TestMethod codeBase="D:\SFERRARI\01 - TRABAJO\repos\netcore\libs\template-netcore-shared\Kitpymes.Core.Shared.Tests\bin\Release\net5.0\Kitpymes.Core.Shared.Tests.dll" adapterTypeName="executor://mstestadapter/v2" className="Kitpymes.Core.Shared.Tests.GenericExtensionsTests" name="ToDefaultValue_Passing_decimal_Returns_Cero" />
    </UnitTest>
    <UnitTest name="ToDirectoryDeleteFiles_Passing_ValidValue_Returns_DirectoryNoExists" storage="d:\sferrari\01 - trabajo\repos\netcore\libs\template-netcore-shared\kitpymes.core.shared.tests\bin\release\net5.0\kitpymes.core.shared.tests.dll" id="f49a8d17-b927-4c54-ad05-2e3fe8649f50">
      <Execution id="01e92624-6757-4c05-adcf-8fb68aeb5dfc" />
      <TestMethod codeBase="D:\SFERRARI\01 - TRABAJO\repos\netcore\libs\template-netcore-shared\Kitpymes.Core.Shared.Tests\bin\Release\net5.0\Kitpymes.Core.Shared.Tests.dll" adapterTypeName="executor://mstestadapter/v2" className="Kitpymes.Core.Shared.Tests.StringExtensionsTests" name="ToDirectoryDeleteFiles_Passing_ValidValue_Returns_DirectoryNoExists" />
    </UnitTest>
    <UnitTest name="ToDirectoryReadFileAsync_Passing_ValidValue_Returns_False" storage="d:\sferrari\01 - trabajo\repos\netcore\libs\template-netcore-shared\kitpymes.core.shared.tests\bin\release\net5.0\kitpymes.core.shared.tests.dll" id="7a85ab8c-aa0c-487c-8185-dcd6a7c4b281">
      <Execution id="357cf3fa-bf7f-4b34-b8e0-369924610c5e" />
      <TestMethod codeBase="D:\SFERRARI\01 - TRABAJO\repos\netcore\libs\template-netcore-shared\Kitpymes.Core.Shared.Tests\bin\Release\net5.0\Kitpymes.Core.Shared.Tests.dll" adapterTypeName="executor://mstestadapter/v2" className="Kitpymes.Core.Shared.Tests.StringExtensionsTests" name="ToDirectoryReadFileAsync_Passing_ValidValue_Returns_False" />
    </UnitTest>
    <UnitTest name="ToConfiguration_Passing_Valid_DirectoryPath_Invalid_JsonFileName_Not_Optional_Returns_ApplicationException" storage="d:\sferrari\01 - trabajo\repos\netcore\libs\template-netcore-shared\kitpymes.core.shared.tests\bin\release\net5.0\kitpymes.core.shared.tests.dll" id="aacfb0fb-de8b-477b-ba1a-eb3514b2dd79">
      <Execution id="2967bf8a-36cf-4245-a41b-b6a3a5956891" />
      <TestMethod codeBase="D:\SFERRARI\01 - TRABAJO\repos\netcore\libs\template-netcore-shared\Kitpymes.Core.Shared.Tests\bin\Release\net5.0\Kitpymes.Core.Shared.Tests.dll" adapterTypeName="executor://mstestadapter/v2" className="Kitpymes.Core.Shared.Tests.ConfigurationBuilderExtensionsTests" name="ToConfiguration_Passing_Valid_DirectoryPath_Invalid_JsonFileName_Not_Optional_Returns_ApplicationException" />
    </UnitTest>
    <UnitTest name="ToUri_Passing_InvalidValueString_Returns_Null (http://##)" storage="d:\sferrari\01 - trabajo\repos\netcore\libs\template-netcore-shared\kitpymes.core.shared.tests\bin\release\net5.0\kitpymes.core.shared.tests.dll" id="72a84081-f4ad-4ee7-8f14-fa05f40fb152">
      <Execution id="ac2e2df1-babf-40bd-b59f-8c305691b9b4" />
      <TestMethod codeBase="D:\SFERRARI\01 - TRABAJO\repos\netcore\libs\template-netcore-shared\Kitpymes.Core.Shared.Tests\bin\Release\net5.0\Kitpymes.Core.Shared.Tests.dll" adapterTypeName="executor://mstestadapter/v2" className="Kitpymes.Core.Shared.Tests.StringExtensionsTests" name="ToUri_Passing_InvalidValueString_Returns_Null" />
    </UnitTest>
  </TestDefinitions>
  <TestEntries>
    <TestEntry testId="56bdca43-7b2d-459c-9669-f8d49f3cca2a" executionId="579021df-5f42-4996-b64c-544788466fc0" testListId="8c84fa94-04c1-424b-9868-57a2d4851a1d" />
    <TestEntry testId="1b73bfef-2020-460f-9946-ece5f035a0d4" executionId="545fe417-1175-4e53-b4e0-f21b4421bdbd" testListId="8c84fa94-04c1-424b-9868-57a2d4851a1d" />
    <TestEntry testId="1b5b24cf-85ed-4ba3-a53a-25bf9612a2d1" executionId="73a87578-ee7c-42f4-b794-fac9ebc55f5d" testListId="8c84fa94-04c1-424b-9868-57a2d4851a1d" />
    <TestEntry testId="d0293a16-93ef-47f7-b309-4e2cfb6f1994" executionId="0772b85f-7910-4e76-9ff5-e367b0962d0d" testListId="8c84fa94-04c1-424b-9868-57a2d4851a1d" />
    <TestEntry testId="af872551-d69a-4618-b3e6-e06b287ac9cc" executionId="955d3526-8584-4ef1-952a-2732dab46b95" testListId="8c84fa94-04c1-424b-9868-57a2d4851a1d" />
    <TestEntry testId="d0a0b75d-347e-4819-ab0d-59649eb6e6b2" executionId="3d3fde3c-228d-4147-bb42-1daaf633cf6c" testListId="8c84fa94-04c1-424b-9868-57a2d4851a1d" />
    <TestEntry testId="8b095506-c9b7-44e9-b4ca-d066a41c4f44" executionId="911c6424-6e82-4523-9d5b-2ed142bd6742" testListId="8c84fa94-04c1-424b-9868-57a2d4851a1d" />
    <TestEntry testId="7d2c36c6-2e1e-4c81-b919-b5ff532db1ae" executionId="cda18278-28c2-4ddc-8194-0d5161d49922" testListId="8c84fa94-04c1-424b-9868-57a2d4851a1d" />
    <TestEntry testId="b5137b4b-c288-4d3f-bc1a-1470248182f1" executionId="6dec783f-c6d1-411d-ae01-3137273ccf71" testListId="8c84fa94-04c1-424b-9868-57a2d4851a1d" />
    <TestEntry testId="cf60736f-865d-4927-9512-c60278764f3e" executionId="d3c0933b-617f-442d-a1e3-24b78a759e9f" testListId="8c84fa94-04c1-424b-9868-57a2d4851a1d" />
    <TestEntry testId="070c46b2-52dd-4452-995c-7efd8a2ff627" executionId="d5e812c6-ed89-4d0f-a95b-e434ca0da7f2" testListId="8c84fa94-04c1-424b-9868-57a2d4851a1d" />
    <TestEntry testId="58a409b4-1ce7-4851-9e2e-1f39f2165e92" executionId="877fa4d5-3e97-4d28-ba13-73350290e118" testListId="8c84fa94-04c1-424b-9868-57a2d4851a1d" />
    <TestEntry testId="e9a14f1b-2844-49c0-8f8a-28312e845c11" executionId="f124e1f5-f60a-4c37-9524-a44f33239526" testListId="8c84fa94-04c1-424b-9868-57a2d4851a1d" />
    <TestEntry testId="a3d3d827-fc95-422c-8900-52a366d8327c" executionId="c88e9221-9cf3-479b-a084-58ddd02944a5" testListId="8c84fa94-04c1-424b-9868-57a2d4851a1d" />
    <TestEntry testId="bc41e8ff-b372-4f99-ad82-c0e8c308df5d" executionId="dd831fef-a8b7-42e8-ac6d-e642116e0ee6" testListId="8c84fa94-04c1-424b-9868-57a2d4851a1d" />
    <TestEntry testId="f6285360-ba90-4046-8e40-14d37b1860c7" executionId="f6768628-1607-4c09-bd40-1945293ba1a9" testListId="8c84fa94-04c1-424b-9868-57a2d4851a1d" />
    <TestEntry testId="93913538-f245-4cea-b543-7402975658d0" executionId="069913c5-175f-47e9-b71c-4f6829af3595" testListId="8c84fa94-04c1-424b-9868-57a2d4851a1d" />
    <TestEntry testId="17bd592b-2c49-4500-943b-155a62895389" executionId="2755f779-04a3-4102-bb76-1ad2b17ae788" testListId="8c84fa94-04c1-424b-9868-57a2d4851a1d" />
    <TestEntry testId="8ff1a17d-f70b-48a0-861e-d473db64b0d0" executionId="631967ad-d768-41ae-85b2-a2abf1483038" testListId="8c84fa94-04c1-424b-9868-57a2d4851a1d" />
    <TestEntry testId="bd4bba60-d180-44db-9a23-4c85393c9a93" executionId="349c986b-63a7-47ea-848b-1bbe62ac5722" testListId="8c84fa94-04c1-424b-9868-57a2d4851a1d" />
    <TestEntry testId="f28501bf-27ae-4b12-aaf1-a647539aa311" executionId="e567f7bc-246c-4e09-a8b4-253054dbe0c3" testListId="8c84fa94-04c1-424b-9868-57a2d4851a1d" />
    <TestEntry testId="73e9878d-0ce2-4d4e-8624-bd46cc2b4a15" executionId="3108ef83-afe3-493a-8e3f-2da3940f3d95" testListId="8c84fa94-04c1-424b-9868-57a2d4851a1d" />
    <TestEntry testId="333e220c-2322-4531-b803-9ed3d544e043" executionId="9a7465fd-0662-438a-a810-3a7115983ae0" testListId="8c84fa94-04c1-424b-9868-57a2d4851a1d" />
    <TestEntry testId="992d5f3b-7900-49cf-8d01-4cd953eda8ad" executionId="58dfe4a6-4c31-418f-9676-39498ced4ec1" testListId="8c84fa94-04c1-424b-9868-57a2d4851a1d" />
    <TestEntry testId="232bbcbd-c0ad-4f15-8e8d-3199952a3099" executionId="e342657a-3622-4dfd-b212-82c4e7a8df5e" testListId="8c84fa94-04c1-424b-9868-57a2d4851a1d" />
    <TestEntry testId="ca07c6fd-4574-4dad-94ca-e70341763ad3" executionId="7badaf57-063a-434d-bded-a8e66b08427d" testListId="8c84fa94-04c1-424b-9868-57a2d4851a1d" />
    <TestEntry testId="cb637e40-5295-4651-b13d-9a3b253a7e58" executionId="445d5ba6-a629-4192-95be-949317d9eb2d" testListId="8c84fa94-04c1-424b-9868-57a2d4851a1d" />
    <TestEntry testId="17583626-b4b3-45b0-bc71-0f6f0ad88071" executionId="d9129955-fca6-49d6-a1af-80c5f2e9f0aa" testListId="8c84fa94-04c1-424b-9868-57a2d4851a1d" />
    <TestEntry testId="1a10a45c-28c7-4c88-8fb9-6141833e7c0b" executionId="710be356-6a73-448c-ae69-9a7c807637eb" testListId="8c84fa94-04c1-424b-9868-57a2d4851a1d" />
    <TestEntry testId="8ed195ae-fe9f-473d-ab3c-e977fb716e9f" executionId="ba1cfb93-2ff3-414a-9464-63d667cb457c" testListId="8c84fa94-04c1-424b-9868-57a2d4851a1d" />
    <TestEntry testId="6afd0d29-1285-40e4-b3e9-4d33babf93d0" executionId="c07d035f-ce24-4058-a7d7-f22e3f6f6ee7" testListId="8c84fa94-04c1-424b-9868-57a2d4851a1d" />
    <TestEntry testId="ae62bade-4a0c-407a-877e-894404f2716b" executionId="2dd77820-6092-4c5f-acce-e3b8c37a55e9" testListId="8c84fa94-04c1-424b-9868-57a2d4851a1d" />
    <TestEntry testId="b79f3ce8-56f0-4565-a843-3d31c3c5d0b1" executionId="8b9fc8de-8eea-40aa-b022-ef9d36dd9333" testListId="8c84fa94-04c1-424b-9868-57a2d4851a1d" />
    <TestEntry testId="a792dea2-3c1b-479f-9ac4-c2dde7a0eb4e" executionId="200009d1-275d-4c43-8d40-9cb2cf84281b" testListId="8c84fa94-04c1-424b-9868-57a2d4851a1d" />
    <TestEntry testId="c15ab711-cb7a-4bdf-89ba-1ef6dca9ab20" executionId="b8eb64f0-7bfe-4153-8dec-38eef7fad827" testListId="8c84fa94-04c1-424b-9868-57a2d4851a1d" />
    <TestEntry testId="117ccdb3-56dc-4260-afa4-980f7e811fc0" executionId="01f540de-8f8d-4680-865f-fea48de0fda6" testListId="8c84fa94-04c1-424b-9868-57a2d4851a1d" />
    <TestEntry testId="717c426a-8354-4c5a-ac2c-fbdc6adb7262" executionId="fbaa849c-bdd3-4904-b142-971cd0b543f2" testListId="8c84fa94-04c1-424b-9868-57a2d4851a1d" />
    <TestEntry testId="8f7830af-2b8f-4c45-86c9-7ce1b5998ee6" executionId="825f48c2-6ba7-4820-90c6-645fc328331d" testListId="8c84fa94-04c1-424b-9868-57a2d4851a1d" />
    <TestEntry testId="31e7bece-58c4-4f5b-b560-b6e1195c6331" executionId="acabe286-e84e-40cf-a8d9-700eb5163a04" testListId="8c84fa94-04c1-424b-9868-57a2d4851a1d" />
    <TestEntry testId="9d12ac29-e54e-43c0-ba8c-fbdaf0fce472" executionId="f54c279e-5ba6-4e60-a526-16a3377be565" testListId="8c84fa94-04c1-424b-9868-57a2d4851a1d" />
    <TestEntry testId="f52d71ce-9b56-4564-b455-0c82646b4647" executionId="cff559ef-b216-4246-99fe-b8257f242f46" testListId="8c84fa94-04c1-424b-9868-57a2d4851a1d" />
    <TestEntry testId="c8810da2-33f8-4175-ab1f-086675bf7d6d" executionId="6fdb64f6-1d56-4e0e-bc78-72db076eec01" testListId="8c84fa94-04c1-424b-9868-57a2d4851a1d" />
    <TestEntry testId="f49a8d17-b927-4c54-ad05-2e3fe8649f50" executionId="01e92624-6757-4c05-adcf-8fb68aeb5dfc" testListId="8c84fa94-04c1-424b-9868-57a2d4851a1d" />
    <TestEntry testId="d53a3569-4b15-48b8-955d-e17d34baecef" executionId="4e1d7449-7927-4cbe-bc56-2be10a848b3b" testListId="8c84fa94-04c1-424b-9868-57a2d4851a1d" />
    <TestEntry testId="f608a856-69ef-400f-bf7a-f3c15d0ea902" executionId="4349dace-45fd-44d6-ac0e-0e69e8ae962f" testListId="8c84fa94-04c1-424b-9868-57a2d4851a1d" />
    <TestEntry testId="cfbbfe92-a3e5-486a-bb92-ea3b0f85ea3c" executionId="2161066f-be6b-4405-8fc7-df68989e45a8" testListId="8c84fa94-04c1-424b-9868-57a2d4851a1d" />
    <TestEntry testId="da3a6733-372f-4888-a327-ae69fbe90ce9" executionId="526dbe85-a28d-462e-8d52-61deac836c89" testListId="8c84fa94-04c1-424b-9868-57a2d4851a1d" />
    <TestEntry testId="1ce8a641-ed00-4b60-be6e-3463d074c3a1" executionId="dceb5e1b-bc7f-4a43-8422-9ae8969b5868" testListId="8c84fa94-04c1-424b-9868-57a2d4851a1d" />
    <TestEntry testId="e7eded14-2c8f-4bfd-80e6-82f879e4f992" executionId="d7aa6ac3-23e0-44c7-ae5a-b12f1be95d5f" testListId="8c84fa94-04c1-424b-9868-57a2d4851a1d" />
    <TestEntry testId="29ac9b1a-cd6b-4e4b-ad04-da47a744b9d7" executionId="0e6a0377-daa2-4f37-a46a-083c9803d5d3" testListId="8c84fa94-04c1-424b-9868-57a2d4851a1d" />
    <TestEntry testId="7aaeae79-4a8b-4fed-9125-734ef4aa7ce5" executionId="af3019f6-7be4-4b84-8a86-8580a0d42e9d" testListId="8c84fa94-04c1-424b-9868-57a2d4851a1d" />
    <TestEntry testId="bc7c0a27-38b9-4423-b0d6-21dfc05f21a3" executionId="359b45cb-61c5-4e82-bdac-6b5db927740b" testListId="8c84fa94-04c1-424b-9868-57a2d4851a1d" />
    <TestEntry testId="cdb4f474-efb5-4f8c-8923-c9d8f9a2bfdf" executionId="038739d8-7507-4d4b-a5f6-670fff944bfb" testListId="8c84fa94-04c1-424b-9868-57a2d4851a1d" />
    <TestEntry testId="e8ba2fb1-2125-4c04-82c5-1b9ed5e27ba9" executionId="c7c0870d-40d2-4906-8a5c-d091d5c19c4f" testListId="8c84fa94-04c1-424b-9868-57a2d4851a1d" />
    <TestEntry testId="69ab4125-3198-4aa6-91ea-1f4fa216d686" executionId="4f288ec1-dc45-4d82-a8d9-1204a444c981" testListId="8c84fa94-04c1-424b-9868-57a2d4851a1d" />
    <TestEntry testId="a85a2f3f-1e0e-4583-b4bf-b89d5e6a40b8" executionId="6270e023-6d8a-417e-8460-26e88fd2e1f6" testListId="8c84fa94-04c1-424b-9868-57a2d4851a1d" />
    <TestEntry testId="b26127f6-649d-40ad-81df-d38094465d74" executionId="33650675-89e7-4e86-8ca0-66f64db877dd" testListId="8c84fa94-04c1-424b-9868-57a2d4851a1d" />
    <TestEntry testId="c95b8197-1357-4233-b03b-cbb19019b2b2" executionId="541718c4-a400-4286-97ca-823d24e67cb3" testListId="8c84fa94-04c1-424b-9868-57a2d4851a1d" />
    <TestEntry testId="c2ae7a02-cf04-47cf-b187-5f62c649fe02" executionId="57f3ddf7-4e2f-4505-b76b-a2c72f435c81" testListId="8c84fa94-04c1-424b-9868-57a2d4851a1d" />
    <TestEntry testId="323f27b5-2072-4ec6-97de-2c1cc6a3e903" executionId="47a76ad5-43f9-4f2f-a820-89262cd60851" testListId="8c84fa94-04c1-424b-9868-57a2d4851a1d" />
    <TestEntry testId="b6121a30-f784-4b8c-96d0-5f124d5388b5" executionId="00214b3e-1a18-4d0c-b543-803d9648c4e0" testListId="8c84fa94-04c1-424b-9868-57a2d4851a1d" />
    <TestEntry testId="2c027724-7cc4-42d2-800b-7492418e61d1" executionId="ab38c83d-1ea5-40bf-a7d9-c1377463190c" testListId="8c84fa94-04c1-424b-9868-57a2d4851a1d" />
    <TestEntry testId="314c8687-b5ed-4cd2-8747-7660c9c7c34a" executionId="3cf78eb4-d0ea-4a95-8536-ebb848c9398d" testListId="8c84fa94-04c1-424b-9868-57a2d4851a1d" />
    <TestEntry testId="9f122910-9665-46d8-9a20-410ee88f8010" executionId="835d8f44-e301-468b-b2c8-2101c9af2545" testListId="8c84fa94-04c1-424b-9868-57a2d4851a1d" />
    <TestEntry testId="b61f4e3f-b975-4914-a329-cf925197ecdb" executionId="c1cf8214-9916-48a0-8bf2-cf0bf8b65776" testListId="8c84fa94-04c1-424b-9868-57a2d4851a1d" />
    <TestEntry testId="51c5a8d3-31e0-428d-ab58-46d7647cf953" executionId="449eb8e9-3d6f-4b1e-a2c7-cbf5f57e3aa3" testListId="8c84fa94-04c1-424b-9868-57a2d4851a1d" />
    <TestEntry testId="4d3ff144-16fc-4c46-817c-1b2a93a0cf2f" executionId="cfae1bbd-ff52-4bbb-9af3-990acc909ee2" testListId="8c84fa94-04c1-424b-9868-57a2d4851a1d" />
    <TestEntry testId="f6ef360c-988f-4813-aecc-609f95c56cc2" executionId="5a1297be-7e3a-4712-8732-8db4af7daccd" testListId="8c84fa94-04c1-424b-9868-57a2d4851a1d" />
    <TestEntry testId="a971c8ee-b9bb-4647-936b-a8b7ae77cc97" executionId="3e064aa7-9d1f-4f69-a66a-cf4c14bf14e5" testListId="8c84fa94-04c1-424b-9868-57a2d4851a1d" />
    <TestEntry testId="69917008-38fc-48bf-a95e-81dec8b6239d" executionId="7c660d20-345c-4000-b54e-11fb0882f207" testListId="8c84fa94-04c1-424b-9868-57a2d4851a1d" />
    <TestEntry testId="3117b362-7022-433f-b507-b8b28026d968" executionId="dfb447cc-4865-4d7f-b248-2e50d801aed3" testListId="8c84fa94-04c1-424b-9868-57a2d4851a1d" />
    <TestEntry testId="f3d388a6-4b82-430b-a73f-8b59cae5cefe" executionId="8ab3ef75-46fe-4071-ba99-2b53f825953f" testListId="8c84fa94-04c1-424b-9868-57a2d4851a1d" />
    <TestEntry testId="46d66abd-0d7d-4d0e-aa79-28ef3caaa320" executionId="9737263c-ecae-4077-a540-20d957cff4cc" testListId="8c84fa94-04c1-424b-9868-57a2d4851a1d" />
    <TestEntry testId="80a0dd99-af18-4e5f-83d3-a29cdacce771" executionId="c8ac5e65-6f48-4400-b3e9-b1c19446e4a7" testListId="8c84fa94-04c1-424b-9868-57a2d4851a1d" />
    <TestEntry testId="581ae1c1-524c-4f40-8a79-8e9cfd07cd0a" executionId="4a900840-5909-4dd9-ac36-ebdfd493d463" testListId="8c84fa94-04c1-424b-9868-57a2d4851a1d" />
    <TestEntry testId="67a929f3-48e6-4af1-8b90-848528dd45bf" executionId="531dbe72-a618-430c-a56e-37b13f193a7d" testListId="8c84fa94-04c1-424b-9868-57a2d4851a1d" />
    <TestEntry testId="8f182254-3098-430e-aea1-0824981717b6" executionId="7cf142b2-f69f-4525-a0e7-5e3b02757900" testListId="8c84fa94-04c1-424b-9868-57a2d4851a1d" />
    <TestEntry testId="7a2aeeff-dced-47ca-994d-aba8582b9302" executionId="a752d73e-c0db-4695-a273-4548a8c32b17" testListId="8c84fa94-04c1-424b-9868-57a2d4851a1d" />
    <TestEntry testId="e7cb27e9-4e0e-4d8f-8d50-56b7b005298d" executionId="8f85e301-35f6-4403-822e-2344baffd61b" testListId="8c84fa94-04c1-424b-9868-57a2d4851a1d" />
    <TestEntry testId="48f897bb-77ce-413f-a5a3-61c60dada8f2" executionId="d194d314-047b-4c7c-b31f-a1cb7a3f6df2" testListId="8c84fa94-04c1-424b-9868-57a2d4851a1d" />
    <TestEntry testId="01b45393-4b20-4bd6-8cc3-fdb99d18bf63" executionId="aa4f8ad8-0f37-46d7-bfcc-bd70f35991c3" testListId="8c84fa94-04c1-424b-9868-57a2d4851a1d" />
    <TestEntry testId="6fb7a7ee-02a0-465e-a984-dc25f9ff8ca0" executionId="b9cc5727-6603-4cb0-84a5-cb29e120d1c9" testListId="8c84fa94-04c1-424b-9868-57a2d4851a1d" />
    <TestEntry testId="d7f8f3a7-acc7-4ba8-b5c5-b381eee390a8" executionId="9497fecd-ec34-4ae6-a2f4-8a3be0259965" testListId="8c84fa94-04c1-424b-9868-57a2d4851a1d" />
    <TestEntry testId="e807f842-86be-4b2d-9f9f-ba83f8543c14" executionId="0aaf2e4f-d530-4bfe-96c1-9caa101df51f" testListId="8c84fa94-04c1-424b-9868-57a2d4851a1d" />
    <TestEntry testId="16871c6e-fca8-4f2f-a014-7b9fdca92fc0" executionId="5ca3b31d-2d9e-4630-8f7e-d3b44caf1ce6" testListId="8c84fa94-04c1-424b-9868-57a2d4851a1d" />
    <TestEntry testId="4dd5d85d-75be-447e-adbe-83bbc74cc59b" executionId="9083c246-6be0-4339-86c4-d46f00b5d42f" testListId="8c84fa94-04c1-424b-9868-57a2d4851a1d" />
    <TestEntry testId="006cfbe2-ba2f-41af-93dc-b0ae0f88b3e5" executionId="4769bed0-123d-45cd-b445-5041fa10293e" testListId="8c84fa94-04c1-424b-9868-57a2d4851a1d" />
    <TestEntry testId="7c47a0b2-fb0b-422f-ad70-613b826f3df8" executionId="7e9b938e-4fe8-4bb6-9a91-027ce22a89dd" testListId="8c84fa94-04c1-424b-9868-57a2d4851a1d" />
    <TestEntry testId="0045e576-3d22-46dc-b47f-f87e3cf7db10" executionId="d5525b5d-8aec-4ebe-b45f-28b9d883c2ec" testListId="8c84fa94-04c1-424b-9868-57a2d4851a1d" />
    <TestEntry testId="3ae2b088-2b01-4a51-ba55-37cc1d9a2bf9" executionId="a1633b0c-cf07-4e13-be58-2d67dea159cb" testListId="8c84fa94-04c1-424b-9868-57a2d4851a1d" />
    <TestEntry testId="17569385-8fbb-4a8f-a335-9035fd8d4127" executionId="daa2b10f-728f-421d-8abb-b4e53f43e896" testListId="8c84fa94-04c1-424b-9868-57a2d4851a1d" />
    <TestEntry testId="aacfb0fb-de8b-477b-ba1a-eb3514b2dd79" executionId="2967bf8a-36cf-4245-a41b-b6a3a5956891" testListId="8c84fa94-04c1-424b-9868-57a2d4851a1d" />
    <TestEntry testId="5ec282d8-d094-44f1-8332-da4f92c5f6cf" executionId="da305dca-db43-416e-8eac-f586d9d574d3" testListId="8c84fa94-04c1-424b-9868-57a2d4851a1d" />
    <TestEntry testId="530b16aa-31a3-48ff-9e12-8d5f43b6ffce" executionId="6e0ad415-b437-4e3c-8bc3-6c39225b324e" testListId="8c84fa94-04c1-424b-9868-57a2d4851a1d" />
    <TestEntry testId="12a0dc0d-2a9b-40eb-8018-9da458a5a261" executionId="e7e878f6-249c-47e9-b320-79b08279dc6e" testListId="8c84fa94-04c1-424b-9868-57a2d4851a1d" />
    <TestEntry testId="44eb7942-e71c-4bf1-a3f1-9c35300343d3" executionId="ca40d346-f6da-4025-aab4-c1688db9706a" testListId="8c84fa94-04c1-424b-9868-57a2d4851a1d" />
    <TestEntry testId="49a7bb45-66a9-4fa3-b25c-4ab04000d26f" executionId="0bda6236-a093-4461-a421-33e8500f6e12" testListId="8c84fa94-04c1-424b-9868-57a2d4851a1d" />
    <TestEntry testId="8dbfe17e-e492-40fc-89ff-d9e9bef67a71" executionId="ab966e3b-5a3f-4eb8-a9d3-f1bef9f90fde" testListId="8c84fa94-04c1-424b-9868-57a2d4851a1d" />
    <TestEntry testId="eb1e8eec-e4d2-4374-9453-90c56b135a6b" executionId="1a93621f-d595-4f0c-b1e9-6bdf13088469" testListId="8c84fa94-04c1-424b-9868-57a2d4851a1d" />
    <TestEntry testId="b1ca9df4-9cfc-43ae-891c-ff32db9b57d0" executionId="0f5b9642-d143-4c51-91e9-9f781c3c043f" testListId="8c84fa94-04c1-424b-9868-57a2d4851a1d" />
    <TestEntry testId="a206cefd-5889-4691-979f-873207148f94" executionId="1a2a9e47-0e02-49a3-b1e4-6387d7551d17" testListId="8c84fa94-04c1-424b-9868-57a2d4851a1d" />
    <TestEntry testId="277d6bce-bcfb-4b7b-bdb2-016476bcdfda" executionId="288a946a-aeb8-4cd2-ac48-c5ac84e058a6" testListId="8c84fa94-04c1-424b-9868-57a2d4851a1d" />
    <TestEntry testId="2a7e47ec-9299-4f49-8c8b-b38e77f2417c" executionId="8d92c564-cb7e-4007-a393-3c7f99fc661d" testListId="8c84fa94-04c1-424b-9868-57a2d4851a1d" />
    <TestEntry testId="1ae376d6-4c99-4e57-8e7c-971925b6125e" executionId="f09a74d0-5fce-43e2-8fbf-9d1957dec8af" testListId="8c84fa94-04c1-424b-9868-57a2d4851a1d" />
    <TestEntry testId="299dfb82-46a0-4e74-9796-17468141278a" executionId="9048325a-831d-410b-8513-3ba46a746fcb" testListId="8c84fa94-04c1-424b-9868-57a2d4851a1d" />
    <TestEntry testId="e09fcee4-3114-4061-8d5d-d3e8631a5df7" executionId="b3754309-7206-4d50-a7f7-eacb43c599ef" testListId="8c84fa94-04c1-424b-9868-57a2d4851a1d" />
    <TestEntry testId="66f8cf46-310f-45f5-9cbf-474431f13624" executionId="502be4e7-3883-4234-8716-63a12a8214b4" testListId="8c84fa94-04c1-424b-9868-57a2d4851a1d" />
    <TestEntry testId="57887c46-d4ac-4bf5-935f-49bf23eb432b" executionId="b96a76e5-5622-40cc-b398-054c8be5dc48" testListId="8c84fa94-04c1-424b-9868-57a2d4851a1d" />
    <TestEntry testId="fbafdef4-65b0-4664-84af-75793d9eca50" executionId="2595e835-0ab4-45e4-870d-b08047a12fc9" testListId="8c84fa94-04c1-424b-9868-57a2d4851a1d" />
    <TestEntry testId="e129cebf-da9c-4276-93ae-18d666897df5" executionId="f23cad63-d1ba-43b5-b658-f7f44c830137" testListId="8c84fa94-04c1-424b-9868-57a2d4851a1d" />
    <TestEntry testId="f1a80c2d-be02-47a7-b542-824b759a67f6" executionId="e79d8e94-afec-430c-96ef-64ea370e556f" testListId="8c84fa94-04c1-424b-9868-57a2d4851a1d" />
    <TestEntry testId="2305b92f-c44c-4382-a2f5-6f40c48a3188" executionId="7298ed1d-af46-455c-b133-257e95d08949" testListId="8c84fa94-04c1-424b-9868-57a2d4851a1d" />
    <TestEntry testId="82d776c4-8be7-4713-abe4-186532153266" executionId="027049a9-3fb9-4dea-a626-fe4f3ae5fa98" testListId="8c84fa94-04c1-424b-9868-57a2d4851a1d" />
    <TestEntry testId="48b5959e-ac31-4215-81c5-6dc7c9d575c0" executionId="a00f7075-56c3-4a3a-a4d4-95c958f245d2" testListId="8c84fa94-04c1-424b-9868-57a2d4851a1d" />
    <TestEntry testId="9284daf1-194d-41bf-9a5b-cb8419206350" executionId="f23900f4-e176-486d-b125-b4b1deb306a1" testListId="8c84fa94-04c1-424b-9868-57a2d4851a1d" />
    <TestEntry testId="07ffbc39-c2b1-4bfc-becd-22cd3da9a2e2" executionId="284dec89-f271-4070-b1ce-a813a4456e03" testListId="8c84fa94-04c1-424b-9868-57a2d4851a1d" />
    <TestEntry testId="1e71942d-d03b-4111-a862-49533765c5b0" executionId="f5376a22-b3fa-4ec5-9352-613856026591" testListId="8c84fa94-04c1-424b-9868-57a2d4851a1d" />
    <TestEntry testId="b54a9290-c131-4e0b-81ef-319186161719" executionId="3a524681-eacb-4301-af64-284a1d72d4d7" testListId="8c84fa94-04c1-424b-9868-57a2d4851a1d" />
    <TestEntry testId="88b765b1-e35c-4eec-b540-825cf57a9ca1" executionId="3dca7971-c313-457b-afe4-adf556ad7c0b" testListId="8c84fa94-04c1-424b-9868-57a2d4851a1d" />
    <TestEntry testId="1f27140a-bc43-4e48-913c-49507cf9dd37" executionId="2c15041f-86ab-44fb-a3f9-66caa845a0ce" testListId="8c84fa94-04c1-424b-9868-57a2d4851a1d" />
    <TestEntry testId="0cbd4078-98c5-4295-842e-c6c7cbb3aa70" executionId="f6bd6869-0417-433e-9017-73b7ae3956ab" testListId="8c84fa94-04c1-424b-9868-57a2d4851a1d" />
    <TestEntry testId="ee353558-b1b9-4056-8e30-977b51d249a7" executionId="92afbf90-13af-4c06-9aac-f48c010cee0a" testListId="8c84fa94-04c1-424b-9868-57a2d4851a1d" />
    <TestEntry testId="72173caa-41e4-4278-b442-fd6b254b8256" executionId="681c99cd-e876-4dcf-9405-30825ac2af8f" testListId="8c84fa94-04c1-424b-9868-57a2d4851a1d" />
    <TestEntry testId="0d6d53db-7060-4df2-be0a-ef8c08034282" executionId="cf81f298-e105-4d7f-83c3-1c88702d06b5" testListId="8c84fa94-04c1-424b-9868-57a2d4851a1d" />
    <TestEntry testId="d3beae23-8b0d-4cf4-82cc-181c640c12bf" executionId="82a6cba9-bb38-4071-bc95-948893217a62" testListId="8c84fa94-04c1-424b-9868-57a2d4851a1d" />
    <TestEntry testId="4d022609-dce4-4493-8a81-1a1054d9a349" executionId="8f5abe89-b640-45f6-b73a-b08bf6e991a8" testListId="8c84fa94-04c1-424b-9868-57a2d4851a1d" />
    <TestEntry testId="b5042591-38ea-4c8f-8fda-0d8da15bc16f" executionId="57b08313-5ef9-4e04-af4c-46f9bfd756eb" testListId="8c84fa94-04c1-424b-9868-57a2d4851a1d" />
    <TestEntry testId="819185b5-9cda-4482-bdbf-9a77e52864f3" executionId="a2d4d8ce-ac5c-4613-afc2-cfafcd7c172c" testListId="8c84fa94-04c1-424b-9868-57a2d4851a1d" />
    <TestEntry testId="2bc2530a-ec98-48bf-b03d-b04f150e44ff" executionId="5d6bd33f-a66d-4c2b-9e1e-d8aec6ab5d31" testListId="8c84fa94-04c1-424b-9868-57a2d4851a1d" />
    <TestEntry testId="36337c80-87ab-4081-b6b2-8206fc27725a" executionId="75063e18-f9b9-4e59-9640-8278083709d0" testListId="8c84fa94-04c1-424b-9868-57a2d4851a1d" />
    <TestEntry testId="6d9c7cd4-aba4-471a-93e0-be6568db0233" executionId="2cbeed2d-9e17-4594-a24e-6198dc7894ad" testListId="8c84fa94-04c1-424b-9868-57a2d4851a1d" />
    <TestEntry testId="10190fd9-5ec0-48d3-8ca1-3848bb246c3e" executionId="7e11c933-8a49-4f89-8551-4808f61cead1" testListId="8c84fa94-04c1-424b-9868-57a2d4851a1d" />
    <TestEntry testId="1ea38e9b-9bef-47e9-ad07-98d6f1091d23" executionId="1541e2ad-a354-44c7-8371-1e6a8cf3124d" testListId="8c84fa94-04c1-424b-9868-57a2d4851a1d" />
    <TestEntry testId="319d94e8-4f7e-433d-afae-83603c2de801" executionId="3b0b4dfa-66bf-4037-93e3-651cbc1196e2" testListId="8c84fa94-04c1-424b-9868-57a2d4851a1d" />
    <TestEntry testId="1df8117c-ce9c-40aa-8c98-e9d1e9e5c64d" executionId="e38e60c4-1aaa-4f4e-98b4-7487b75a4ae7" testListId="8c84fa94-04c1-424b-9868-57a2d4851a1d" />
    <TestEntry testId="84184403-c3d0-4c30-9324-0b18c51c87c3" executionId="daa5630c-6f83-4629-bc98-737940a18f48" testListId="8c84fa94-04c1-424b-9868-57a2d4851a1d" />
    <TestEntry testId="1b7d5d2f-096a-4511-894a-733cfcffa5bb" executionId="a4faebe9-658a-4ece-94af-29a32d87f50a" testListId="8c84fa94-04c1-424b-9868-57a2d4851a1d" />
    <TestEntry testId="be09012f-0eb3-412f-b17d-8184f49b4eb2" executionId="1d0db232-542d-4a08-8aaf-420dd0299c7e" testListId="8c84fa94-04c1-424b-9868-57a2d4851a1d" />
    <TestEntry testId="fde5a030-4a30-427f-8697-39fc83e211f3" executionId="a27beb49-dfa9-4632-8bee-5fc7557bca7a" testListId="8c84fa94-04c1-424b-9868-57a2d4851a1d" />
    <TestEntry testId="d1202511-d209-419c-a2af-94f4cda01d10" executionId="8173b95b-48c7-4af4-8ec2-1ec7d0917d61" testListId="8c84fa94-04c1-424b-9868-57a2d4851a1d" />
    <TestEntry testId="96e5a715-fa47-451f-afe2-457589d8e955" executionId="15f869cf-35e8-429f-ae1b-1fa597659103" testListId="8c84fa94-04c1-424b-9868-57a2d4851a1d" />
    <TestEntry testId="41faedef-1f59-45a8-bf1a-eb5105db9223" executionId="bc8e61ad-2f4f-4f05-bfd0-0a71466d44ac" testListId="8c84fa94-04c1-424b-9868-57a2d4851a1d" />
    <TestEntry testId="34b33a65-eaaf-4e05-bfe7-8fe968b035a0" executionId="5e0d2a5a-bd90-4ae7-a2ea-7d54ef6aee9e" testListId="8c84fa94-04c1-424b-9868-57a2d4851a1d" />
    <TestEntry testId="2bd47c03-8bd5-491c-acbf-af4f2db64862" executionId="e41b2409-213c-4d54-ae0b-3a4b303ba298" testListId="8c84fa94-04c1-424b-9868-57a2d4851a1d" />
    <TestEntry testId="7ca37c75-ea9b-447d-bdac-33a88e2fb1ac" executionId="46f0deba-55d1-4c9c-863f-dbaef889b8fb" testListId="8c84fa94-04c1-424b-9868-57a2d4851a1d" />
    <TestEntry testId="4b43c4e8-8eaf-4cca-9859-8aedba6a2f78" executionId="9e3e5aee-47a5-4adb-9e41-98d783f586cb" testListId="8c84fa94-04c1-424b-9868-57a2d4851a1d" />
    <TestEntry testId="ab1f0ec4-a574-4a48-81a5-52bfbeb178ae" executionId="c4e66946-4aaa-4262-a031-a0cce387994c" testListId="8c84fa94-04c1-424b-9868-57a2d4851a1d" />
    <TestEntry testId="6239edd4-ca7e-4be0-9394-78d822dc7427" executionId="007bc8c6-41b3-473c-bba1-f4741b82daa3" testListId="8c84fa94-04c1-424b-9868-57a2d4851a1d" />
    <TestEntry testId="997abd6a-5c20-4172-98e9-7a80766e662f" executionId="72a3b510-5d3d-4892-96e3-31fe0d6b3cef" testListId="8c84fa94-04c1-424b-9868-57a2d4851a1d" />
    <TestEntry testId="3d9ef8a7-d1d0-428a-a941-a3710dc4d3d6" executionId="4437e47b-4d1b-470b-887f-43ff0036d73a" testListId="8c84fa94-04c1-424b-9868-57a2d4851a1d" />
    <TestEntry testId="433f3cae-1ecc-442b-a63c-31ec3e1c57e4" executionId="4013acd2-2628-4926-a1a0-cd545eda0580" testListId="8c84fa94-04c1-424b-9868-57a2d4851a1d" />
    <TestEntry testId="eff93f62-2b95-4881-a608-1060ea339b91" executionId="f0d733d7-afcd-4c7d-8867-1de1c8eeabb2" testListId="8c84fa94-04c1-424b-9868-57a2d4851a1d" />
    <TestEntry testId="9accb0e0-e237-4015-a1ad-a9a63b005358" executionId="b71d923d-49aa-4bd4-b7f5-0b9216cf9f71" testListId="8c84fa94-04c1-424b-9868-57a2d4851a1d" />
    <TestEntry testId="65f9faed-5035-4e96-b0c8-5b6efee3d5a7" executionId="7b3796e2-223d-4052-80da-fc56b097d465" testListId="8c84fa94-04c1-424b-9868-57a2d4851a1d" />
    <TestEntry testId="f4a3ec14-3472-47cf-800f-e83224c638d2" executionId="d236e40b-f702-4760-959f-55b09e292227" testListId="8c84fa94-04c1-424b-9868-57a2d4851a1d" />
    <TestEntry testId="f39752d1-b43d-420c-bd36-6e06341cfde6" executionId="8457e882-d6ec-491d-ab5b-97b2ef1649fc" testListId="8c84fa94-04c1-424b-9868-57a2d4851a1d" />
    <TestEntry testId="e1d2eae5-56e4-4654-a04a-2771a6bd689a" executionId="61f8b59d-ac61-4974-8b65-d3d94e44428a" testListId="8c84fa94-04c1-424b-9868-57a2d4851a1d" />
    <TestEntry testId="b8e6a8a3-16c2-40b5-aef3-a06e2c1348e9" executionId="6a9aa8b4-c1f4-4363-a91f-9ff80ee56d1a" testListId="8c84fa94-04c1-424b-9868-57a2d4851a1d" />
    <TestEntry testId="3f251c5b-e069-44b0-91cd-6e081a6d0b85" executionId="f1e7597b-fb09-4656-899b-479bf067dd82" testListId="8c84fa94-04c1-424b-9868-57a2d4851a1d" />
    <TestEntry testId="f74a5b4e-b799-422a-99e8-4e61bfa19429" executionId="be9fbb32-8fe4-4595-87c6-95a8683896da" testListId="8c84fa94-04c1-424b-9868-57a2d4851a1d" />
    <TestEntry testId="4966e6f2-12b2-4c66-b7b3-c6d96b94fd90" executionId="fcfc8c3d-5dd1-4b39-aa79-7a5a4bd76a52" testListId="8c84fa94-04c1-424b-9868-57a2d4851a1d" />
    <TestEntry testId="715acdf8-859b-44cc-b824-fb1a9906b479" executionId="7bb3e29c-ec10-47c4-9ea3-244104067c55" testListId="8c84fa94-04c1-424b-9868-57a2d4851a1d" />
    <TestEntry testId="791c023b-b1a3-458e-8859-8a49e8e7f28a" executionId="9ae339e6-5a31-4f9a-82dd-160a4c7e70ea" testListId="8c84fa94-04c1-424b-9868-57a2d4851a1d" />
    <TestEntry testId="7bae4676-0164-4cf0-a462-c0e0347fcf8d" executionId="aae7ddb4-4ed5-44e1-b0bb-6b55274d3d67" testListId="8c84fa94-04c1-424b-9868-57a2d4851a1d" />
    <TestEntry testId="b0506fce-ba6a-454c-a3e4-8db370a0cabd" executionId="c886fb78-48b8-461c-babc-0a85abcb35ff" testListId="8c84fa94-04c1-424b-9868-57a2d4851a1d" />
    <TestEntry testId="a2490216-d2e1-43b2-998e-e71b979582b2" executionId="c8e224dd-8189-4ba6-b095-9d6444ac69e2" testListId="8c84fa94-04c1-424b-9868-57a2d4851a1d" />
    <TestEntry testId="f2140288-ced0-452b-92c0-9ef3342c6b46" executionId="e21fa135-944f-4148-8064-2e45a8e0c075" testListId="8c84fa94-04c1-424b-9868-57a2d4851a1d" />
    <TestEntry testId="829874dc-f203-4b54-83ac-b2f2a5176637" executionId="cbc0e894-9004-40e3-9065-12f4b5ad1f35" testListId="8c84fa94-04c1-424b-9868-57a2d4851a1d" />
    <TestEntry testId="159a7b70-7efc-4101-9940-dc154b620d7e" executionId="503193a8-a825-4877-8b83-cefb3577bbd9" testListId="8c84fa94-04c1-424b-9868-57a2d4851a1d" />
    <TestEntry testId="40cbdfd4-6fe5-4b0e-8694-0e4292f11496" executionId="14bf60a7-9344-4f83-9366-1f27298dd810" testListId="8c84fa94-04c1-424b-9868-57a2d4851a1d" />
    <TestEntry testId="54f8737c-38de-4d8b-a4bb-8b9220ad53ad" executionId="478f9d90-f067-4c67-871d-01b484734c3a" testListId="8c84fa94-04c1-424b-9868-57a2d4851a1d" />
    <TestEntry testId="c4b6a664-de79-465e-9597-e65b79433a60" executionId="aa7a80e0-e6d6-4ae4-a572-4f87792abf0e" testListId="8c84fa94-04c1-424b-9868-57a2d4851a1d" />
    <TestEntry testId="01ad3df3-1c1c-48ab-87d5-a4e925ea5455" executionId="761967ce-e480-4ef5-91f8-e3c01cdef01d" testListId="8c84fa94-04c1-424b-9868-57a2d4851a1d" />
    <TestEntry testId="7d2ffd12-6df1-4802-8338-4e45d7c7ecb8" executionId="0cf8ff4a-2343-4ab9-9c86-bd882184d435" testListId="8c84fa94-04c1-424b-9868-57a2d4851a1d" />
    <TestEntry testId="fd5738a6-efe8-4ece-a204-b599a13af79d" executionId="4feae8e7-0ce0-4366-b2f7-9abe059d7361" testListId="8c84fa94-04c1-424b-9868-57a2d4851a1d" />
    <TestEntry testId="8115b708-a122-440e-aba5-d17eb7ab26a2" executionId="6f861041-6893-40ad-a0fb-4e599187f67b" testListId="8c84fa94-04c1-424b-9868-57a2d4851a1d" />
    <TestEntry testId="f0dd3bfa-a246-47d7-b479-2713e11945b3" executionId="8a6b809a-3e8c-45ed-94d3-20b0cc9c5bc1" testListId="8c84fa94-04c1-424b-9868-57a2d4851a1d" />
    <TestEntry testId="b7c68dae-01a5-4ace-979c-4a16d479adf8" executionId="1470bcd4-58f8-414e-bcfe-5b5e4f1d7b6a" testListId="8c84fa94-04c1-424b-9868-57a2d4851a1d" />
    <TestEntry testId="5fe077c2-7462-461f-8d68-4ec6292f9873" executionId="49ddc092-e544-4776-a3f8-bd3ab8504b94" testListId="8c84fa94-04c1-424b-9868-57a2d4851a1d" />
    <TestEntry testId="e61c64ad-431e-4979-a74c-d958edeaa51e" executionId="4e6a79c4-da9d-483b-ac9b-b7b14414b4a8" testListId="8c84fa94-04c1-424b-9868-57a2d4851a1d" />
    <TestEntry testId="0b935b52-f230-425b-b222-e3c24ca7d14e" executionId="821e97ae-f55c-4a06-aefb-d72308aa9d48" testListId="8c84fa94-04c1-424b-9868-57a2d4851a1d" />
    <TestEntry testId="006265b8-63d4-4ca7-9bd9-65273afe892c" executionId="a8d4cf6c-7fd4-40ad-ace8-d0a9fc2f3a9a" testListId="8c84fa94-04c1-424b-9868-57a2d4851a1d" />
    <TestEntry testId="4474a922-cc5b-46b5-a5d8-147f4bbac47b" executionId="70cf0d5a-44c5-41de-a562-e13549ba2bd9" testListId="8c84fa94-04c1-424b-9868-57a2d4851a1d" />
    <TestEntry testId="53c48639-1a29-4e0b-8ab6-de8b585d464e" executionId="634e5301-4e08-43ac-ab1d-192ca340d0ae" testListId="8c84fa94-04c1-424b-9868-57a2d4851a1d" />
    <TestEntry testId="04662fd9-73db-45e0-aa50-a1ce53fa1819" executionId="152f3b63-e705-45bb-a7b2-4372158d5761" testListId="8c84fa94-04c1-424b-9868-57a2d4851a1d" />
    <TestEntry testId="81638a38-8b42-4918-8edc-832b47f9ca5c" executionId="0812f3d4-1f29-4dbe-bb29-8f051aabe7ae" testListId="8c84fa94-04c1-424b-9868-57a2d4851a1d" />
    <TestEntry testId="9e4a0563-0d50-4aaa-b136-28548a996d4d" executionId="8ea87f37-7836-4762-9900-80ba49aa8032" testListId="8c84fa94-04c1-424b-9868-57a2d4851a1d" />
    <TestEntry testId="f6543333-33b1-4c9f-a731-bb88d1e989ef" executionId="4376be01-4274-4067-89ab-aedc380bc557" testListId="8c84fa94-04c1-424b-9868-57a2d4851a1d" />
    <TestEntry testId="e648bb72-9ab3-4d3a-b33b-10cd7cbc3fd6" executionId="01710612-df8a-4d8a-bb64-a4c21e5b0490" testListId="8c84fa94-04c1-424b-9868-57a2d4851a1d" />
    <TestEntry testId="f4d6dc43-9dad-49d6-88f1-332155ccfae2" executionId="3e21afcf-af05-4451-af01-e4a1626304d8" testListId="8c84fa94-04c1-424b-9868-57a2d4851a1d" />
    <TestEntry testId="698d0e8a-f85d-4290-8eaa-aa848171656b" executionId="e8ac84da-f172-48be-a9b4-046581b19483" testListId="8c84fa94-04c1-424b-9868-57a2d4851a1d" />
    <TestEntry testId="855042af-afc4-487d-ad40-cbdbebc665fc" executionId="122108cb-ff6a-403e-bedd-d3c81968b4ae" testListId="8c84fa94-04c1-424b-9868-57a2d4851a1d" />
    <TestEntry testId="36908925-2b82-442e-929e-271a20556db5" executionId="76c0b665-ab97-496e-b9ef-ec2c688c8555" testListId="8c84fa94-04c1-424b-9868-57a2d4851a1d" />
    <TestEntry testId="a85e8e2e-1688-4dde-94bd-b407f1f6027a" executionId="d2c364e8-22b8-4c30-9721-54c764e93922" testListId="8c84fa94-04c1-424b-9868-57a2d4851a1d" />
    <TestEntry testId="5f5d0e86-3554-4cd0-9f2c-f226c0829e8e" executionId="9ab66080-d480-48e3-834a-cd0ed716ed6f" testListId="8c84fa94-04c1-424b-9868-57a2d4851a1d" />
    <TestEntry testId="e5135146-79fc-4d6f-8150-9472ccd3fe5d" executionId="292bb27c-07b5-46ea-bf48-4cf2b20f22a5" testListId="8c84fa94-04c1-424b-9868-57a2d4851a1d" />
    <TestEntry testId="dae67c12-9f89-4597-8dbf-a6ff97e61dd0" executionId="42de9e29-8607-4195-979e-d49eb5d25faa" testListId="8c84fa94-04c1-424b-9868-57a2d4851a1d" />
    <TestEntry testId="b373ac7b-86bf-4004-83ab-9d77a6fcff52" executionId="a98e5721-2edd-42a8-8d90-0af5b30d76c1" testListId="8c84fa94-04c1-424b-9868-57a2d4851a1d" />
    <TestEntry testId="f34f82be-f252-40dc-aeb0-c814f88d89e7" executionId="6b2be104-08a7-44c3-a555-058a82d130df" testListId="8c84fa94-04c1-424b-9868-57a2d4851a1d" />
    <TestEntry testId="0301f59e-a0a1-4abc-b614-a671cc604e48" executionId="b3cc8848-e090-48cf-8b00-ccdea32f1ea6" testListId="8c84fa94-04c1-424b-9868-57a2d4851a1d" />
    <TestEntry testId="cf2fd2c4-2328-40f4-a5fa-7880a138a712" executionId="0354e408-3a54-44d0-aec5-04cefda21bad" testListId="8c84fa94-04c1-424b-9868-57a2d4851a1d" />
    <TestEntry testId="3b8a3213-f6a4-4ca8-89b9-25c5e2b828ee" executionId="9b9381ba-83d7-4981-b3bc-7ed747ac063a" testListId="8c84fa94-04c1-424b-9868-57a2d4851a1d" />
    <TestEntry testId="5e9fc0a4-8cb9-484d-8e01-80a46f70a49d" executionId="def0d388-af08-4bab-a122-d0bdfb7c0da7" testListId="8c84fa94-04c1-424b-9868-57a2d4851a1d" />
    <TestEntry testId="c7f4d2a4-ebfd-452b-8d09-81270966d7ad" executionId="25a0618b-77e8-4e39-abf7-06921f9a24ae" testListId="8c84fa94-04c1-424b-9868-57a2d4851a1d" />
    <TestEntry testId="914ee36c-ff41-4086-a0ec-4b30694b5e30" executionId="5eade0d2-2cb4-49d6-b880-b47a807e4d11" testListId="8c84fa94-04c1-424b-9868-57a2d4851a1d" />
    <TestEntry testId="aad15a26-935c-43e1-9845-3d5cad2c56d4" executionId="019196b4-b839-49e0-86e9-430601b55228" testListId="8c84fa94-04c1-424b-9868-57a2d4851a1d" />
    <TestEntry testId="2257663d-20f6-465d-a142-3a5a31ca16b7" executionId="16dd17bb-a4d4-418d-8918-27ef54f97926" testListId="8c84fa94-04c1-424b-9868-57a2d4851a1d" />
    <TestEntry testId="358be35e-2509-440c-8fc2-fceefb6974c5" executionId="78d01b0b-6b01-4293-9335-5590c8a70d98" testListId="8c84fa94-04c1-424b-9868-57a2d4851a1d" />
    <TestEntry testId="3e36624d-0cfe-402b-9208-b0ea23be979f" executionId="24a17f5b-b48a-4e4d-b6a8-dcf151d7f783" testListId="8c84fa94-04c1-424b-9868-57a2d4851a1d" />
    <TestEntry testId="225d89bf-a648-4667-8bae-8c3be1df5951" executionId="076ea59e-b6ec-4c90-8f06-0a8a76238f89" testListId="8c84fa94-04c1-424b-9868-57a2d4851a1d" />
    <TestEntry testId="961067b8-fdea-4f14-9527-be569e89c484" executionId="90ec9f28-3978-4075-b015-3c5d1dc80d55" testListId="8c84fa94-04c1-424b-9868-57a2d4851a1d" />
    <TestEntry testId="30386999-ba64-4ba0-8e11-5b4e7d03de69" executionId="095d9ad3-7476-4ede-ba20-a112e2022de5" testListId="8c84fa94-04c1-424b-9868-57a2d4851a1d" />
    <TestEntry testId="ffcaf350-8037-4a66-baac-a13792e498a8" executionId="30df7b22-3266-45f6-8f93-2bc090b00c31" testListId="8c84fa94-04c1-424b-9868-57a2d4851a1d" />
    <TestEntry testId="a7d67dfa-b75f-4439-be1a-376a2097e14b" executionId="0d1bb2da-28e6-45e6-b414-44476e8a3115" testListId="8c84fa94-04c1-424b-9868-57a2d4851a1d" />
    <TestEntry testId="305ef0e8-beb8-44aa-b84a-f866cdb3ae8e" executionId="ca83959e-699c-4472-a603-15f0c0211730" testListId="8c84fa94-04c1-424b-9868-57a2d4851a1d" />
    <TestEntry testId="4cfe4c65-880a-4d2b-bab6-1c53288fd6f5" executionId="988bf02c-12b6-4530-b420-4b01f983f95f" testListId="8c84fa94-04c1-424b-9868-57a2d4851a1d" />
    <TestEntry testId="d7b92a4a-6cbb-45d9-a1ca-e392206dddb2" executionId="1fb68ab5-e96a-474d-8cbe-b26a71c7a8c7" testListId="8c84fa94-04c1-424b-9868-57a2d4851a1d" />
    <TestEntry testId="e8dbd3e7-409c-44c2-99cc-7a825d9aad23" executionId="38da8531-15a1-4643-ab8e-90fea2f73712" testListId="8c84fa94-04c1-424b-9868-57a2d4851a1d" />
    <TestEntry testId="661de6f3-a96b-4eee-87fa-c59d7565a64f" executionId="b235f674-cbba-4b04-9029-0138ef58ca59" testListId="8c84fa94-04c1-424b-9868-57a2d4851a1d" />
    <TestEntry testId="2dd07f07-1a21-42d0-91bd-28a531800206" executionId="8a5fada5-6681-49a4-83e2-3a63a6144217" testListId="8c84fa94-04c1-424b-9868-57a2d4851a1d" />
    <TestEntry testId="15af1e37-e609-437f-b5a4-2d1d875c7274" executionId="f7f0f062-7d13-4b3b-98fd-e21a6f5eb815" testListId="8c84fa94-04c1-424b-9868-57a2d4851a1d" />
    <TestEntry testId="223735c1-b377-4f93-bf40-cd94bcf22ca0" executionId="343712fc-1570-4dbc-a717-192d7aa1673d" testListId="8c84fa94-04c1-424b-9868-57a2d4851a1d" />
    <TestEntry testId="1d7db31a-ffa5-48e3-aa66-4a61c065c3dc" executionId="f027e045-80ef-401d-9541-54f13095a142" testListId="8c84fa94-04c1-424b-9868-57a2d4851a1d" />
    <TestEntry testId="c9f266e6-6ec8-4225-b243-671d783f7ab6" executionId="125f5b92-3eb6-477d-b9a0-9b454ea7a3b1" testListId="8c84fa94-04c1-424b-9868-57a2d4851a1d" />
    <TestEntry testId="15a4bf62-4bb8-4403-bad1-8a0fd5d775fa" executionId="2d470a1c-3798-4c52-b9c0-4ef255124d7c" testListId="8c84fa94-04c1-424b-9868-57a2d4851a1d" />
    <TestEntry testId="c020489e-7186-4935-bbf4-3f95b4d926c3" executionId="7069503b-5771-494d-976d-d81fe892f13b" testListId="8c84fa94-04c1-424b-9868-57a2d4851a1d" />
    <TestEntry testId="92b34596-e73d-456a-b3b6-11807636b469" executionId="8d6f5f9d-c266-4855-a359-56b4487e31be" testListId="8c84fa94-04c1-424b-9868-57a2d4851a1d" />
    <TestEntry testId="cb9faf94-928d-4c58-afdf-8896bc4a3166" executionId="c745d46e-bfca-47be-a585-ebf28c249dba" testListId="8c84fa94-04c1-424b-9868-57a2d4851a1d" />
    <TestEntry testId="3659ed68-fb64-41cd-a15d-eb4aea82e056" executionId="f66591dd-03a9-4358-9d6c-2248bc66f747" testListId="8c84fa94-04c1-424b-9868-57a2d4851a1d" />
    <TestEntry testId="5ef0b1b2-7486-4e2f-b276-1a5b2cc31fb3" executionId="0b45c2b5-0c6f-4af4-91a6-0544b2c1e125" testListId="8c84fa94-04c1-424b-9868-57a2d4851a1d" />
    <TestEntry testId="72a84081-f4ad-4ee7-8f14-fa05f40fb152" executionId="ac2e2df1-babf-40bd-b59f-8c305691b9b4" testListId="8c84fa94-04c1-424b-9868-57a2d4851a1d" />
    <TestEntry testId="1f0a4a86-0aa2-4b93-b97a-5532a6e5318e" executionId="595845db-c172-4a5b-9b0c-0dd1e2ee37a5" testListId="8c84fa94-04c1-424b-9868-57a2d4851a1d" />
    <TestEntry testId="e9048cc9-4eea-44d6-91cc-0ff268563a2a" executionId="1fcb940a-e279-448d-9958-a585f6eef3d7" testListId="8c84fa94-04c1-424b-9868-57a2d4851a1d" />
    <TestEntry testId="65735bd9-7439-4f60-98b0-8ac5b6d9728f" executionId="b296a137-7bb3-46de-8d63-6725a598fd92" testListId="8c84fa94-04c1-424b-9868-57a2d4851a1d" />
    <TestEntry testId="b836d94b-093d-4892-a506-ec18c1898d4e" executionId="76a7e296-f210-47e1-80d2-6ffbb341bdf8" testListId="8c84fa94-04c1-424b-9868-57a2d4851a1d" />
    <TestEntry testId="e7c7ae93-4927-47ba-a643-57755364cb13" executionId="406686b6-92c5-4ec8-87fe-9b89b377824d" testListId="8c84fa94-04c1-424b-9868-57a2d4851a1d" />
    <TestEntry testId="fc510cec-e83e-4eab-9464-c4f360edc129" executionId="946c4d64-ec6f-45ff-9a93-4e326f1213da" testListId="8c84fa94-04c1-424b-9868-57a2d4851a1d" />
    <TestEntry testId="ebe516b9-1389-441a-83c6-386cd1b6c8f4" executionId="dd2a3e08-c91c-4ab7-af9a-aa14440224f6" testListId="8c84fa94-04c1-424b-9868-57a2d4851a1d" />
    <TestEntry testId="b2db0f6a-8e25-40b2-993b-df3cc75b4e42" executionId="7ed15aa4-6684-447a-aed0-39ba68c8b8e7" testListId="8c84fa94-04c1-424b-9868-57a2d4851a1d" />
    <TestEntry testId="5f93f17f-9c1c-4760-a922-dab83735ae85" executionId="fa25dff2-0d86-4448-bb2b-1f22848a0332" testListId="8c84fa94-04c1-424b-9868-57a2d4851a1d" />
    <TestEntry testId="b894e2a3-0850-460b-aeb2-eaeef70fb116" executionId="3371f286-3da1-49d1-b843-67566ca7d394" testListId="8c84fa94-04c1-424b-9868-57a2d4851a1d" />
    <TestEntry testId="068fab8a-3b12-495d-9817-a968759ca822" executionId="a84045c5-754a-4dbd-a1d3-1e6fcce288e3" testListId="8c84fa94-04c1-424b-9868-57a2d4851a1d" />
    <TestEntry testId="0c84650d-b123-4d98-873f-388618b1ebff" executionId="7ea89abb-55fc-4984-ad34-e537580788e9" testListId="8c84fa94-04c1-424b-9868-57a2d4851a1d" />
    <TestEntry testId="959001c9-f031-452c-8b45-80fba344f6cb" executionId="87042cdb-6351-4cc3-b9fb-70591a33075f" testListId="8c84fa94-04c1-424b-9868-57a2d4851a1d" />
    <TestEntry testId="e3d804f2-84a3-461a-804a-896995311cdf" executionId="de3a6de8-0256-4464-a712-5f0769ed6e7e" testListId="8c84fa94-04c1-424b-9868-57a2d4851a1d" />
    <TestEntry testId="5fbad7ad-f8e4-4138-aa34-270bbc968bf2" executionId="4b5a1c14-5c54-4210-955d-a1568552d4d8" testListId="8c84fa94-04c1-424b-9868-57a2d4851a1d" />
    <TestEntry testId="ec08d364-7dff-4612-8a4f-564d0f029716" executionId="f1ed7e2a-2d2b-4937-a3f8-61eb311aa2ae" testListId="8c84fa94-04c1-424b-9868-57a2d4851a1d" />
    <TestEntry testId="4c66dd6e-cb12-4a6c-bbe5-a955ed317099" executionId="9167328e-5508-48d6-bc09-8755f593a71d" testListId="8c84fa94-04c1-424b-9868-57a2d4851a1d" />
    <TestEntry testId="8326cfc0-7eb1-41d0-b6af-d82efdeb600b" executionId="7cf5d908-4b6f-4220-9e4c-6319a028dbe3" testListId="8c84fa94-04c1-424b-9868-57a2d4851a1d" />
    <TestEntry testId="c3bb0678-d6ed-4198-ba3e-74f39876913b" executionId="762cd40b-e1dc-49f8-9dcc-3b1691ef8d31" testListId="8c84fa94-04c1-424b-9868-57a2d4851a1d" />
    <TestEntry testId="0ade843b-e077-4b3b-b128-428ea53fe199" executionId="b5b29713-3fc1-4f13-a604-ed64c75383a1" testListId="8c84fa94-04c1-424b-9868-57a2d4851a1d" />
    <TestEntry testId="ef446676-e689-486d-b296-9be12b1f05d9" executionId="6ba4cf83-b88d-407a-a071-17d9b2c63f3d" testListId="8c84fa94-04c1-424b-9868-57a2d4851a1d" />
    <TestEntry testId="5209d565-6a46-4f68-95d5-0e2c36a41e88" executionId="2f8285b0-1bd3-4f24-9d38-04e54427e263" testListId="8c84fa94-04c1-424b-9868-57a2d4851a1d" />
    <TestEntry testId="adf7e879-f7e4-4674-a178-8680fdcf447d" executionId="6691d15f-53e0-4153-b8a9-957050681814" testListId="8c84fa94-04c1-424b-9868-57a2d4851a1d" />
    <TestEntry testId="3924d155-4192-4c04-b2a2-3b3498ae7125" executionId="28da2c8c-3a63-46ce-9dfd-a098b43aeed6" testListId="8c84fa94-04c1-424b-9868-57a2d4851a1d" />
    <TestEntry testId="d2fddc4a-92c9-4910-992a-a5c5651ba9a6" executionId="ddc495ee-2307-42c8-ba54-1a79ade16668" testListId="8c84fa94-04c1-424b-9868-57a2d4851a1d" />
    <TestEntry testId="b0417410-1ec9-4baf-8f9d-e9ff1609130f" executionId="e4c30556-ac63-4302-9af8-6e1e6fdf7a52" testListId="8c84fa94-04c1-424b-9868-57a2d4851a1d" />
    <TestEntry testId="cb34baab-3622-4b79-8dda-285edc0e1285" executionId="d3d59d04-110f-4c4b-a721-c8f6b55c1841" testListId="8c84fa94-04c1-424b-9868-57a2d4851a1d" />
    <TestEntry testId="b283b709-2351-4cf3-9d06-2114be6b0c38" executionId="c4a7885b-c468-420e-8018-060d3893921b" testListId="8c84fa94-04c1-424b-9868-57a2d4851a1d" />
    <TestEntry testId="8ff36e78-0db1-4e6a-ba60-ea71eecebb3c" executionId="580bef4c-a87a-42e3-97de-016708ab6cd7" testListId="8c84fa94-04c1-424b-9868-57a2d4851a1d" />
    <TestEntry testId="c3263a6f-aa6c-49e7-a4d7-82fb1142c05f" executionId="6bb7786b-a3fd-46fa-9db1-f515923f6826" testListId="8c84fa94-04c1-424b-9868-57a2d4851a1d" />
    <TestEntry testId="64e9c487-e919-4835-b7a9-9d25818fd2f5" executionId="861ef5d0-f71b-4ea7-a9dd-d567ed696c51" testListId="8c84fa94-04c1-424b-9868-57a2d4851a1d" />
    <TestEntry testId="bb0a3da5-6918-45f0-81e3-1bb955d79ab9" executionId="ab4dd981-ce8a-4d49-aea8-fa9f2bcac485" testListId="8c84fa94-04c1-424b-9868-57a2d4851a1d" />
    <TestEntry testId="17071e9b-2a9a-40b6-821d-da4a1f5d4970" executionId="989630ab-5d2a-466d-bd71-dcf341a3f9f0" testListId="8c84fa94-04c1-424b-9868-57a2d4851a1d" />
    <TestEntry testId="2ef6226c-f460-4b74-9d77-aff81cc24238" executionId="76ce521f-a8dd-43d1-a97c-db20b93ea31d" testListId="8c84fa94-04c1-424b-9868-57a2d4851a1d" />
    <TestEntry testId="fb6662a1-e91c-45fe-969b-69ea6f878df8" executionId="1975fecd-3e65-4b6c-99bf-54d5c35b455b" testListId="8c84fa94-04c1-424b-9868-57a2d4851a1d" />
    <TestEntry testId="e4cebfd1-ae2c-4cab-b1f9-b17b9e3f12d2" executionId="430c48ea-3901-4438-a8ab-67a6fc5df20b" testListId="8c84fa94-04c1-424b-9868-57a2d4851a1d" />
    <TestEntry testId="be1e2b1d-de1c-4b44-a1af-d8e6cae540d8" executionId="8bb6aa4a-475d-4b6c-be51-eb15f2000ec9" testListId="8c84fa94-04c1-424b-9868-57a2d4851a1d" />
    <TestEntry testId="9b5a3c2f-ce4c-4b60-8c6a-5735f60aea31" executionId="5ea0a736-dee2-4f8c-8e7b-42fbed22e0ba" testListId="8c84fa94-04c1-424b-9868-57a2d4851a1d" />
    <TestEntry testId="17a7926f-eb35-428b-a482-d5c00c0db9e7" executionId="1a7727fa-f27d-4740-9b24-92bf529fab4c" testListId="8c84fa94-04c1-424b-9868-57a2d4851a1d" />
    <TestEntry testId="3902b2b7-a4ed-4b07-8294-d7353ec08b8b" executionId="e91bf212-ffd4-4e00-9c59-4d03f7e0c0c6" testListId="8c84fa94-04c1-424b-9868-57a2d4851a1d" />
    <TestEntry testId="4480e5bc-48b0-4b80-8ec7-4d4aec6f406e" executionId="bf6d3bf7-d1e3-465d-a5f7-c8ec01ca3683" testListId="8c84fa94-04c1-424b-9868-57a2d4851a1d" />
    <TestEntry testId="9e489f72-019a-4252-96dc-78f18010f542" executionId="38746052-e8fa-41ba-ad10-e9de7c27dd78" testListId="8c84fa94-04c1-424b-9868-57a2d4851a1d" />
    <TestEntry testId="a2534d2c-584e-484f-b524-de49055e85db" executionId="56b68f2b-0045-45c6-90c5-c2a8277e2235" testListId="8c84fa94-04c1-424b-9868-57a2d4851a1d" />
    <TestEntry testId="670547f9-7721-4b5d-9ad8-5437315026e3" executionId="7d874d90-7c7a-4a86-8f69-40ec74ea77c6" testListId="8c84fa94-04c1-424b-9868-57a2d4851a1d" />
    <TestEntry testId="382194c4-fda5-46ee-86a6-232989bfbaf6" executionId="cd9a91c3-2641-492a-9fb4-cb5036ad48a5" testListId="8c84fa94-04c1-424b-9868-57a2d4851a1d" />
    <TestEntry testId="2124d8ff-b320-4836-acd0-662b17105484" executionId="5fb0f07d-e41b-4f3f-ae11-1dc04d8588bc" testListId="8c84fa94-04c1-424b-9868-57a2d4851a1d" />
    <TestEntry testId="76d11a0c-d5ae-40d2-a814-c38032fcc16e" executionId="e1dbd544-7ced-413a-944b-2113fa1b2703" testListId="8c84fa94-04c1-424b-9868-57a2d4851a1d" />
    <TestEntry testId="d7b6becb-cee8-4779-a96b-fd62f81811ad" executionId="de77fed4-9be3-4b5b-87be-fc2d7a4d4efa" testListId="8c84fa94-04c1-424b-9868-57a2d4851a1d" />
    <TestEntry testId="9b27eb4c-2f80-465d-b216-f5a2b5f11d11" executionId="e0803c19-b448-438f-8046-4e6886fa94d8" testListId="8c84fa94-04c1-424b-9868-57a2d4851a1d" />
    <TestEntry testId="159bb66f-166e-485c-92c4-71921b468a82" executionId="e241a9f1-13dc-4e64-9cd2-7e036be70a2b" testListId="8c84fa94-04c1-424b-9868-57a2d4851a1d" />
    <TestEntry testId="9e15c0dc-edb7-4c8f-8780-774315000587" executionId="be00eef6-877f-40f5-bae9-86426fa5ff61" testListId="8c84fa94-04c1-424b-9868-57a2d4851a1d" />
    <TestEntry testId="04727df2-e311-44a5-93fd-3c2d6f8824a7" executionId="7820fc55-8509-4612-a19e-b2f1c23a62e3" testListId="8c84fa94-04c1-424b-9868-57a2d4851a1d" />
    <TestEntry testId="680ddc43-8609-4c15-96ba-b9c72ac957d0" executionId="ffe5f9b0-3b4f-4dd8-96db-b1513763f98d" testListId="8c84fa94-04c1-424b-9868-57a2d4851a1d" />
    <TestEntry testId="47798b70-913f-4d5c-954a-ed2ca01363da" executionId="939ad535-3384-45e3-9f62-de144963f183" testListId="8c84fa94-04c1-424b-9868-57a2d4851a1d" />
    <TestEntry testId="b1e60ce5-75fa-4298-b221-5624fca0c240" executionId="aee229c0-033f-4431-8e8b-564d5def3a0b" testListId="8c84fa94-04c1-424b-9868-57a2d4851a1d" />
    <TestEntry testId="d0b601cf-eb26-4ef5-a0a8-5c7a01b2757e" executionId="17725347-a10b-4ba9-ac56-b025f8d6e140" testListId="8c84fa94-04c1-424b-9868-57a2d4851a1d" />
    <TestEntry testId="8b323f04-3601-4849-b1d1-72388b077825" executionId="a2ff0d2e-d65c-4f3e-8471-1dab9f9a7be6" testListId="8c84fa94-04c1-424b-9868-57a2d4851a1d" />
    <TestEntry testId="f4c6ebc4-8db5-4662-977b-f3a665fc761b" executionId="a5ab9c3f-74c6-4225-aaee-b7d93d7f3602" testListId="8c84fa94-04c1-424b-9868-57a2d4851a1d" />
    <TestEntry testId="f4044961-d73a-44f1-86b7-f102cbc1b5e8" executionId="8d65c02a-67fd-40d8-a9b4-f552d1ae3218" testListId="8c84fa94-04c1-424b-9868-57a2d4851a1d" />
    <TestEntry testId="6ac251fb-edd1-4369-b1a5-91b6ed71564a" executionId="82c694ed-4fb7-4a41-b110-42138b4b2281" testListId="8c84fa94-04c1-424b-9868-57a2d4851a1d" />
    <TestEntry testId="ce515b1e-96db-4889-91c9-2a3daabb7d05" executionId="0d4dec7e-787c-4d63-8ad9-4a181248cd58" testListId="8c84fa94-04c1-424b-9868-57a2d4851a1d" />
    <TestEntry testId="c7b3cae5-6501-488a-9fb4-72962914991d" executionId="3be2a367-786b-44d8-b6e0-fb83a6c5929a" testListId="8c84fa94-04c1-424b-9868-57a2d4851a1d" />
    <TestEntry testId="a35c750c-ecf2-43d4-9a24-33a895a78139" executionId="adef1071-1c13-4574-824a-abab215eed30" testListId="8c84fa94-04c1-424b-9868-57a2d4851a1d" />
    <TestEntry testId="2e9771bc-ca39-4fdb-9f4a-f0dec70a298f" executionId="dc34ceae-05c3-4ab4-9b20-53ec9f562b59" testListId="8c84fa94-04c1-424b-9868-57a2d4851a1d" />
    <TestEntry testId="affbe034-807b-491b-a0b4-eb302ee38aa3" executionId="79054726-de5c-403a-95c4-7dd2ebb4b7ff" testListId="8c84fa94-04c1-424b-9868-57a2d4851a1d" />
    <TestEntry testId="6cc2fe44-c6f6-479a-9287-0d51ca953467" executionId="d78b0f2b-b559-49cb-8cc5-78c5c4611126" testListId="8c84fa94-04c1-424b-9868-57a2d4851a1d" />
    <TestEntry testId="419afd56-f25d-4bd8-a6f8-598287550e81" executionId="c947ec5b-5f4f-4779-b6aa-4a32cace825f" testListId="8c84fa94-04c1-424b-9868-57a2d4851a1d" />
    <TestEntry testId="6db63332-c279-4a1f-8d89-7698cbc36a78" executionId="52ebd3fa-a283-45f6-95e1-ffd778a94190" testListId="8c84fa94-04c1-424b-9868-57a2d4851a1d" />
    <TestEntry testId="710cc6f3-5ea7-45fb-b323-21ff0aa22109" executionId="5d1a86fe-3386-42f6-a99a-dbb694123a17" testListId="8c84fa94-04c1-424b-9868-57a2d4851a1d" />
    <TestEntry testId="263155ce-26ac-455b-9972-2b07e0853291" executionId="1de7b826-922a-41c5-8b4e-9d259b281f3b" testListId="8c84fa94-04c1-424b-9868-57a2d4851a1d" />
    <TestEntry testId="041a9735-096f-4419-8d37-d2e3b1a01b37" executionId="f3f5d041-07f0-46b7-8bc7-fcedeb8dc78e" testListId="8c84fa94-04c1-424b-9868-57a2d4851a1d" />
    <TestEntry testId="2a7ba57f-aab5-4b77-8726-9696fe65d60d" executionId="a08a8de4-23bf-4596-9a04-b5786a5bd9ad" testListId="8c84fa94-04c1-424b-9868-57a2d4851a1d" />
    <TestEntry testId="ff531209-fd31-4ccf-8711-eb8ed16b190c" executionId="ca8ae3d9-1411-493c-abc8-d1089d990428" testListId="8c84fa94-04c1-424b-9868-57a2d4851a1d" />
    <TestEntry testId="6eb589f5-8020-460d-b758-ddd44e5c7c14" executionId="e80992bc-5d8d-4ebf-9792-24749aba27a3" testListId="8c84fa94-04c1-424b-9868-57a2d4851a1d" />
    <TestEntry testId="d74fece6-daef-4e09-b4a2-aa8b74dfe2c1" executionId="8256343e-4dd6-4222-8f5d-4fb9ea680388" testListId="8c84fa94-04c1-424b-9868-57a2d4851a1d" />
    <TestEntry testId="1c6b9033-2aac-4d25-97b6-da8d0e14fdf1" executionId="6776b6c1-2961-4013-8d48-76f81901bf2d" testListId="8c84fa94-04c1-424b-9868-57a2d4851a1d" />
    <TestEntry testId="8e2e0d77-8ab4-4cfb-9e84-fbec6147041a" executionId="bacd630b-01a5-4e07-8219-35f1627236fe" testListId="8c84fa94-04c1-424b-9868-57a2d4851a1d" />
    <TestEntry testId="ee6a373e-e55a-4478-9799-92cfcdf52d47" executionId="dff95d4a-35b0-431b-ae7e-c0cdaac6f475" testListId="8c84fa94-04c1-424b-9868-57a2d4851a1d" />
    <TestEntry testId="0ca67389-0c58-411d-b8bf-04d0662fd988" executionId="bc4c87ec-b143-4dd2-bf6f-80fbb075e071" testListId="8c84fa94-04c1-424b-9868-57a2d4851a1d" />
    <TestEntry testId="7a85ab8c-aa0c-487c-8185-dcd6a7c4b281" executionId="357cf3fa-bf7f-4b34-b8e0-369924610c5e" testListId="8c84fa94-04c1-424b-9868-57a2d4851a1d" />
    <TestEntry testId="8c2ac40f-0ce4-4ff0-8b7f-98ae68f3e78f" executionId="a34fdca0-4487-4401-9010-305ccee5d945" testListId="8c84fa94-04c1-424b-9868-57a2d4851a1d" />
    <TestEntry testId="e3b07ccf-c34e-4bc8-a500-f8a9567a88f2" executionId="db4258de-8a05-47a3-9ba1-af4f41503266" testListId="8c84fa94-04c1-424b-9868-57a2d4851a1d" />
    <TestEntry testId="b900bb9f-e5f4-4df3-a1ba-50acf955719a" executionId="b8c8bda4-f160-4b62-bd7e-e4fc6c040ca2" testListId="8c84fa94-04c1-424b-9868-57a2d4851a1d" />
    <TestEntry testId="43fc477e-f343-43d7-a145-5ef2d388ae0b" executionId="f9da3082-0c30-4144-ac7f-e33d1a33ebff" testListId="8c84fa94-04c1-424b-9868-57a2d4851a1d" />
    <TestEntry testId="b2be496f-becd-421f-95a4-3601b0df4940" executionId="fe3fbfcc-70eb-476c-b615-9ba948156a96" testListId="8c84fa94-04c1-424b-9868-57a2d4851a1d" />
    <TestEntry testId="0e1b150a-8fdb-48b2-97a8-3ab97a91aa4d" executionId="d78ad586-d083-4ffd-9623-b1b8a0eb3bbb" testListId="8c84fa94-04c1-424b-9868-57a2d4851a1d" />
    <TestEntry testId="687c9f72-df58-47f2-bd03-e97aed806061" executionId="7e5584c7-7b5b-4f82-b00a-b954c5fddb5b" testListId="8c84fa94-04c1-424b-9868-57a2d4851a1d" />
    <TestEntry testId="e65d0496-c862-45aa-911a-3c6d3268df2a" executionId="b982646c-eab1-49ff-beda-387ab10de9e0" testListId="8c84fa94-04c1-424b-9868-57a2d4851a1d" />
    <TestEntry testId="4c4093cb-0bb4-4683-95db-281b84eb5ee9" executionId="65b3e604-dd63-4305-a967-53af7c3edd27" testListId="8c84fa94-04c1-424b-9868-57a2d4851a1d" />
    <TestEntry testId="8a453d81-2229-4214-bb7d-c8d35d76c505" executionId="f109cb16-c1fe-46c3-846e-5cb9f0e8a479" testListId="8c84fa94-04c1-424b-9868-57a2d4851a1d" />
    <TestEntry testId="af3e436d-1957-439f-a76d-e412407910a3" executionId="f138e55a-ce8b-46c5-9313-e83a668310bd" testListId="8c84fa94-04c1-424b-9868-57a2d4851a1d" />
    <TestEntry testId="a445046b-72b3-4c3c-b58f-7f10f077a7a8" executionId="1ec8f94a-6e60-48c3-a77a-9ec7775b4d5f" testListId="8c84fa94-04c1-424b-9868-57a2d4851a1d" />
    <TestEntry testId="34befd1e-0266-47e6-b1c8-16f63c930f7d" executionId="ac4496ad-577b-4b74-acc4-d825a54aa1ed" testListId="8c84fa94-04c1-424b-9868-57a2d4851a1d" />
    <TestEntry testId="27d775ce-c9c6-4bfb-86b8-0d4e2e6faa1d" executionId="a427cbda-81fa-4e16-9ad7-3b3e982f66bf" testListId="8c84fa94-04c1-424b-9868-57a2d4851a1d" />
    <TestEntry testId="caf9b5dd-6e55-4b3d-94a9-4d281b4a0097" executionId="8c5728f5-40bc-4d50-9d00-c881fa5fc0e5" testListId="8c84fa94-04c1-424b-9868-57a2d4851a1d" />
    <TestEntry testId="7123b9ec-06c0-4bf9-aa9a-c0976722b093" executionId="161b0f4f-2a18-4c39-b9ce-225893656e32" testListId="8c84fa94-04c1-424b-9868-57a2d4851a1d" />
    <TestEntry testId="8fb8279a-d240-409b-8329-1f81862c935a" executionId="5c830ab5-7d1d-4cf5-aee5-0efcbdd023b9" testListId="8c84fa94-04c1-424b-9868-57a2d4851a1d" />
    <TestEntry testId="6d8e4de4-a8e7-4920-9c7d-71d6f7ed6445" executionId="d9be8cee-77d1-40dc-8357-e282a2f21649" testListId="8c84fa94-04c1-424b-9868-57a2d4851a1d" />
    <TestEntry testId="1d83f798-8120-4599-b69c-6fe50f8d4459" executionId="cbff5a97-26b9-403b-8283-3edc42734877" testListId="8c84fa94-04c1-424b-9868-57a2d4851a1d" />
    <TestEntry testId="1f71d015-4aec-4f45-a75f-aa46a10af901" executionId="2e517a78-9669-4c6c-b220-b7e6f1fa76ac" testListId="8c84fa94-04c1-424b-9868-57a2d4851a1d" />
    <TestEntry testId="6cdd24ba-f456-4fde-a564-12a2977e1634" executionId="b244c485-01dc-4e7b-8d51-2cfe98a4e44c" testListId="8c84fa94-04c1-424b-9868-57a2d4851a1d" />
    <TestEntry testId="faf72255-9f2e-448f-a48f-7583464038dc" executionId="fbeb2389-6dc1-4f3d-843f-39ec1d769872" testListId="8c84fa94-04c1-424b-9868-57a2d4851a1d" />
    <TestEntry testId="3e37b725-101b-4c58-8752-5d0166559ffb" executionId="d50039c8-6dd2-4586-92c6-f5f5c8ad711b" testListId="8c84fa94-04c1-424b-9868-57a2d4851a1d" />
    <TestEntry testId="cdf43249-2cf8-4469-acd8-04ead0d15b8f" executionId="809b0159-33e7-462a-b37e-3773ac54b737" testListId="8c84fa94-04c1-424b-9868-57a2d4851a1d" />
    <TestEntry testId="8a8942b6-9f2e-4bad-8af4-826ab0fc8d13" executionId="2e1342b0-4c91-4fc7-9c6d-7fe58b7cd522" testListId="8c84fa94-04c1-424b-9868-57a2d4851a1d" />
    <TestEntry testId="08cfae65-8d99-4530-bfd6-f024dfdcef48" executionId="187fdff3-def5-4fec-b0c7-e12b023eb39f" testListId="8c84fa94-04c1-424b-9868-57a2d4851a1d" />
    <TestEntry testId="ac0fa597-36b6-4740-a394-c188010f4f67" executionId="2ded67b2-bea2-41ce-a031-4a550f82c090" testListId="8c84fa94-04c1-424b-9868-57a2d4851a1d" />
    <TestEntry testId="8ca4dc3f-b451-45ee-bd8e-1faa042bba4c" executionId="55c81d61-4755-4714-8dca-0cb4993a5155" testListId="8c84fa94-04c1-424b-9868-57a2d4851a1d" />
    <TestEntry testId="435d8618-8d72-4b1e-8aa1-056ca09bc11e" executionId="d0b8e383-cfac-4cc9-a5ea-0aed79a91c89" testListId="8c84fa94-04c1-424b-9868-57a2d4851a1d" />
    <TestEntry testId="992931e3-d0dd-4e64-8504-21dcb6bd7079" executionId="11d61e80-a3ba-44b3-9bb2-16712750fc0f" testListId="8c84fa94-04c1-424b-9868-57a2d4851a1d" />
    <TestEntry testId="1c197cf0-af91-4d46-8a2d-027e7e7726e1" executionId="549f8a5a-3f70-4228-ad15-eb95f03053fc" testListId="8c84fa94-04c1-424b-9868-57a2d4851a1d" />
    <TestEntry testId="e74b4420-5eb1-4414-8cc4-c8163c9b98d1" executionId="a8aa436a-e9d2-4d0a-a82f-a0b8c8d815eb" testListId="8c84fa94-04c1-424b-9868-57a2d4851a1d" />
    <TestEntry testId="b1f17e9c-d1f0-447e-881e-a244dfb96840" executionId="6e842d34-db80-4f9b-885b-e0f529a46e84" testListId="8c84fa94-04c1-424b-9868-57a2d4851a1d" />
    <TestEntry testId="162cf3e2-72ce-4916-9b64-9a90ba3073eb" executionId="8340cf0c-3cfe-4bf1-92bf-a4f8c6f44c3d" testListId="8c84fa94-04c1-424b-9868-57a2d4851a1d" />
    <TestEntry testId="ac0cc9c7-9a72-4a32-8493-e73ad2abbf54" executionId="8a435e76-e444-42b3-ac6f-0c5a76ca0277" testListId="8c84fa94-04c1-424b-9868-57a2d4851a1d" />
    <TestEntry testId="c45fbbd7-9183-48e8-b67f-b5956a8c07a7" executionId="91d774b5-843d-451d-895d-118e60536f29" testListId="8c84fa94-04c1-424b-9868-57a2d4851a1d" />
    <TestEntry testId="cf0af9de-e8b7-43f5-9731-8af1573a7539" executionId="815c2c01-e65a-4147-8d26-a9f608526bae" testListId="8c84fa94-04c1-424b-9868-57a2d4851a1d" />
    <TestEntry testId="e8a2ecce-7f41-4828-ab7e-477a85852c8f" executionId="57ec526c-496b-4c74-ac9d-7273324e2ce4" testListId="8c84fa94-04c1-424b-9868-57a2d4851a1d" />
    <TestEntry testId="9941f379-ac7b-4a31-8e0e-c1fd1d421087" executionId="da24cf89-0b9e-40e9-adf6-33ed1e895526" testListId="8c84fa94-04c1-424b-9868-57a2d4851a1d" />
    <TestEntry testId="81a1c238-5868-48c0-8dc7-4356dc9a7d4b" executionId="8a79de9d-9da7-49a8-a0c3-90246e02220f" testListId="8c84fa94-04c1-424b-9868-57a2d4851a1d" />
    <TestEntry testId="e84555f9-e38c-4f06-ae15-6f33ffeda614" executionId="0102fd55-003d-4a3b-82f5-a50499c0fa98" testListId="8c84fa94-04c1-424b-9868-57a2d4851a1d" />
    <TestEntry testId="7b6b8f8a-5105-4358-8104-dbf2bd468170" executionId="20e48da5-0061-41d6-9836-8738e317d621" testListId="8c84fa94-04c1-424b-9868-57a2d4851a1d" />
    <TestEntry testId="0c9c55b2-fe56-42d7-a018-f21b3085bb5e" executionId="348d98a7-96ff-4a03-a1c4-4703b2219654" testListId="8c84fa94-04c1-424b-9868-57a2d4851a1d" />
    <TestEntry testId="32a0adc6-3f05-4a26-8aa3-42184dea0924" executionId="e14eb27c-cd72-4125-b6b1-cc5c1dcf4a25" testListId="8c84fa94-04c1-424b-9868-57a2d4851a1d" />
    <TestEntry testId="a6058702-12bf-4144-86aa-b40ab31530ec" executionId="b8f80886-c005-462b-baa4-faa001de332e" testListId="8c84fa94-04c1-424b-9868-57a2d4851a1d" />
    <TestEntry testId="6ed64255-42fe-4e64-a564-8eacc8cc9f21" executionId="aa76f3ee-88bd-4b9e-9960-54dddf9afdb3" testListId="8c84fa94-04c1-424b-9868-57a2d4851a1d" />
    <TestEntry testId="0fc20f2d-7701-4a3d-a7e6-732db317f99b" executionId="eeb7700a-5368-487f-b2b3-1080b9c0cc1f" testListId="8c84fa94-04c1-424b-9868-57a2d4851a1d" />
    <TestEntry testId="4cc066a7-0219-4eb5-bf52-5b03bdc7f0ab" executionId="329556bd-2ecc-4b02-8188-f6b542b56585" testListId="8c84fa94-04c1-424b-9868-57a2d4851a1d" />
    <TestEntry testId="321e240d-960b-436c-a59f-dd11271133e5" executionId="07dc75f1-7d35-49b0-a6b7-cdeefdae23ec" testListId="8c84fa94-04c1-424b-9868-57a2d4851a1d" />
    <TestEntry testId="8ea6a9a4-3b7c-43ce-8700-d82c29f1cd3c" executionId="74b660c7-c58e-4ebe-87af-87076bd09704" testListId="8c84fa94-04c1-424b-9868-57a2d4851a1d" />
    <TestEntry testId="49b7226d-100a-4115-bdd2-ed30ea679d13" executionId="248d4ad2-7f9d-49cd-abc2-4b98daa9e56c" testListId="8c84fa94-04c1-424b-9868-57a2d4851a1d" />
    <TestEntry testId="62012ce5-7dde-486a-87d7-59719960040d" executionId="df67e122-8cdf-4502-a718-4ec0b5308d40" testListId="8c84fa94-04c1-424b-9868-57a2d4851a1d" />
    <TestEntry testId="88d8c8fa-a800-4cbe-97de-26e083ada872" executionId="3c82e8ab-e680-4a87-acf3-8d1214d4ef67" testListId="8c84fa94-04c1-424b-9868-57a2d4851a1d" />
    <TestEntry testId="54f9df7a-1a60-4d94-a18d-be1ff3f5e9a0" executionId="a095cfab-205f-40d8-8442-53f1f9f4e147" testListId="8c84fa94-04c1-424b-9868-57a2d4851a1d" />
    <TestEntry testId="3d668c0e-5a50-4389-bac9-e20bebcb1690" executionId="10529ab0-f210-4c7c-980c-8b52ee289f69" testListId="8c84fa94-04c1-424b-9868-57a2d4851a1d" />
    <TestEntry testId="9e01e21a-4eb2-40ab-b411-cd197aca30ea" executionId="ff33192f-08a8-42ae-b542-188d562e493f" testListId="8c84fa94-04c1-424b-9868-57a2d4851a1d" />
    <TestEntry testId="88bb3455-6c63-4982-a43f-9d180860f6eb" executionId="13e2845e-a06a-4730-afd8-1c4c9a64b38a" testListId="8c84fa94-04c1-424b-9868-57a2d4851a1d" />
    <TestEntry testId="decd9701-0e2b-4e64-8f3b-e99e948bb8c4" executionId="c889e158-2bec-4748-becb-66d58aa60b63" testListId="8c84fa94-04c1-424b-9868-57a2d4851a1d" />
    <TestEntry testId="c3a78caa-b8be-49c0-982b-57ed6bd0e3c2" executionId="da9982a5-bb60-46c2-b342-c5bef2b9f1dc" testListId="8c84fa94-04c1-424b-9868-57a2d4851a1d" />
    <TestEntry testId="00b2436a-8bc1-4fc8-a2df-0b346d363233" executionId="24d89c1e-f9ed-4cd3-9ff7-83feea3b974c" testListId="8c84fa94-04c1-424b-9868-57a2d4851a1d" />
    <TestEntry testId="5ab9b9e4-6dbf-4a1d-9b5d-61eee638c38e" executionId="0a879712-850f-4c2e-a0c0-2c91c2c4b5d0" testListId="8c84fa94-04c1-424b-9868-57a2d4851a1d" />
    <TestEntry testId="a7d4bfa1-2370-48d9-b17f-e86607019732" executionId="01d0c2ce-2d90-4029-8740-9d5661063f24" testListId="8c84fa94-04c1-424b-9868-57a2d4851a1d" />
    <TestEntry testId="573fe511-7c4b-4c9a-8b83-472c6f2003c0" executionId="4c27c820-ffca-483c-8c9c-0610199c7516" testListId="8c84fa94-04c1-424b-9868-57a2d4851a1d" />
    <TestEntry testId="f9534410-aa5a-4fa5-b5ac-6dd60c687ff7" executionId="1ff03b8e-162f-4f61-8bcd-48831f6c48e3" testListId="8c84fa94-04c1-424b-9868-57a2d4851a1d" />
    <TestEntry testId="959ac49b-0f19-45b4-a9cc-1393ee60c36d" executionId="b34c81b9-ea94-4879-8bee-ad03095f3dc7" testListId="8c84fa94-04c1-424b-9868-57a2d4851a1d" />
    <TestEntry testId="d75eeb1b-a7f8-4b7c-ab33-82aba0d96b82" executionId="5d775931-1a8d-4a7e-b96c-9b0f3f843800" testListId="8c84fa94-04c1-424b-9868-57a2d4851a1d" />
    <TestEntry testId="dee155ab-c5cc-4ec9-88ac-d0e69c02bb5a" executionId="6efb037d-a8ad-4103-94aa-57a8f2da51bc" testListId="8c84fa94-04c1-424b-9868-57a2d4851a1d" />
    <TestEntry testId="8c3f16cc-6ad5-4679-87f5-58423d4fdb33" executionId="bc1217eb-fa23-4ba2-9c71-c1b0d9b8fdfc" testListId="8c84fa94-04c1-424b-9868-57a2d4851a1d" />
    <TestEntry testId="a2fa76f6-d19c-4d63-a961-1bbf7bff478d" executionId="89cbf354-dae4-4bdb-aa01-d7d49371d017" testListId="8c84fa94-04c1-424b-9868-57a2d4851a1d" />
    <TestEntry testId="77d09f03-7fb1-47ea-9d64-e3171a29c51c" executionId="e8961aaf-7f99-440c-a669-2fb50642fe0b" testListId="8c84fa94-04c1-424b-9868-57a2d4851a1d" />
    <TestEntry testId="eec717ce-6b59-499a-bb6e-54f965a3700c" executionId="eecd5fb5-a35c-413b-884b-f9961acd4bcf" testListId="8c84fa94-04c1-424b-9868-57a2d4851a1d" />
    <TestEntry testId="05edaf43-7077-48d7-895c-662a4dc7ab05" executionId="2731bd7c-70b7-4fd3-a07d-a8ad602fb496" testListId="8c84fa94-04c1-424b-9868-57a2d4851a1d" />
    <TestEntry testId="276d7793-25fd-4978-affe-80f4c54105c0" executionId="299cc023-09db-47b8-8035-fa89dd293b18" testListId="8c84fa94-04c1-424b-9868-57a2d4851a1d" />
    <TestEntry testId="792edb21-f028-42b3-bf9a-f976606a011d" executionId="07d0af88-0b25-4a09-94ff-8b77fecbbedb" testListId="8c84fa94-04c1-424b-9868-57a2d4851a1d" />
    <TestEntry testId="e16c032b-105f-4955-8748-61355b2ac894" executionId="70659eaf-6de8-4e94-9de1-d650710a84b0" testListId="8c84fa94-04c1-424b-9868-57a2d4851a1d" />
    <TestEntry testId="1db4d42c-2008-4a71-8866-e808791bcfd6" executionId="c6d532a3-f0ef-44db-8c7c-087d4deebbae" testListId="8c84fa94-04c1-424b-9868-57a2d4851a1d" />
    <TestEntry testId="78949070-7b94-4603-a1c1-46af6a2073ad" executionId="543fd162-891f-4fcf-80d0-2dc8bef05481" testListId="8c84fa94-04c1-424b-9868-57a2d4851a1d" />
    <TestEntry testId="5890401b-0129-4de5-8ef6-40bb7931fc45" executionId="7ee57a86-edd4-45c8-8edd-578352c8e310" testListId="8c84fa94-04c1-424b-9868-57a2d4851a1d" />
    <TestEntry testId="0e5769a1-951e-436f-aa19-fe4b47546091" executionId="f167c0d6-4ddf-4f1e-ab11-c8b86f8c44e7" testListId="8c84fa94-04c1-424b-9868-57a2d4851a1d" />
    <TestEntry testId="6c5cb9ac-5813-41f8-b4fe-35dd8d84bee1" executionId="1e78b075-4314-4084-ad9e-152f45e32d6a" testListId="8c84fa94-04c1-424b-9868-57a2d4851a1d" />
    <TestEntry testId="1fa4fe37-21bf-4c6c-bdc2-a50d4c08c2f6" executionId="f8c58025-00e5-4c79-8838-7e74eda052cc" testListId="8c84fa94-04c1-424b-9868-57a2d4851a1d" />
    <TestEntry testId="8ebf23be-7ac8-4e98-9dcd-1757a87de5c9" executionId="94926c3a-fae2-412f-8c18-afe3060362fe" testListId="8c84fa94-04c1-424b-9868-57a2d4851a1d" />
    <TestEntry testId="a5a320a3-28ea-491f-89fa-6c2cf0b51337" executionId="0b76b3dd-22a9-4be8-a7ca-dad2a340a8e5" testListId="8c84fa94-04c1-424b-9868-57a2d4851a1d" />
    <TestEntry testId="e3940e41-1df0-4e0b-b9ef-0e3f23f323b0" executionId="14d253c6-590a-4d8e-bf7a-0fe868509e59" testListId="8c84fa94-04c1-424b-9868-57a2d4851a1d" />
    <TestEntry testId="e21bdbb1-703e-4c9b-9a85-85b01836c1ef" executionId="c5cbda10-2323-49b8-9562-a37591291aa8" testListId="8c84fa94-04c1-424b-9868-57a2d4851a1d" />
    <TestEntry testId="02b0695b-8b87-4704-9661-c46be2c8857d" executionId="ea01317a-6c54-46c1-aaca-9d75d36f7aa7" testListId="8c84fa94-04c1-424b-9868-57a2d4851a1d" />
    <TestEntry testId="88fbf000-9a31-4dbc-ad45-c5dc971c8778" executionId="d1715da4-838c-4881-a412-a0d8e09bf936" testListId="8c84fa94-04c1-424b-9868-57a2d4851a1d" />
    <TestEntry testId="3877f910-a537-4e40-af35-5aec58be66e2" executionId="2fc3f665-f38b-48e1-b513-5de944a0ef1c" testListId="8c84fa94-04c1-424b-9868-57a2d4851a1d" />
    <TestEntry testId="d1f22664-eb7a-40d9-af4a-4a43bb5fa798" executionId="08c42abc-b029-498a-a299-dfe55de4d908" testListId="8c84fa94-04c1-424b-9868-57a2d4851a1d" />
    <TestEntry testId="2a4a0b60-0003-4d13-99ce-02f5fce5f71d" executionId="55c23a88-e6d6-411b-956f-926c050b7e05" testListId="8c84fa94-04c1-424b-9868-57a2d4851a1d" />
    <TestEntry testId="a0a779fd-ec48-4f77-bed0-1ba7cc2f1998" executionId="5a99ac39-cca2-4aae-ac3d-00945de301d9" testListId="8c84fa94-04c1-424b-9868-57a2d4851a1d" />
    <TestEntry testId="7a328136-c741-4106-8c8b-25905599d8f8" executionId="fb421e57-3e6b-4a5d-b88c-ea80fa123852" testListId="8c84fa94-04c1-424b-9868-57a2d4851a1d" />
    <TestEntry testId="46e8a7c5-4bc8-4d4c-9e92-6e108521c7cd" executionId="a3b72c1e-6690-4c12-9d1a-385087c4b9e3" testListId="8c84fa94-04c1-424b-9868-57a2d4851a1d" />
    <TestEntry testId="fd28e5bd-d186-45cf-90da-2a857e43bf2b" executionId="312d5eed-5229-493c-8577-822b0dedf96f" testListId="8c84fa94-04c1-424b-9868-57a2d4851a1d" />
  </TestEntries>
  <TestLists>
    <TestList name="Resultados sin formato de lista" id="8c84fa94-04c1-424b-9868-57a2d4851a1d" />
    <TestList name="Todos los resultados cargados" id="19431567-8539-422a-85d7-44ee4e166bda" />
  </TestLists>
  <ResultSummary outcome="Completed">
    <Counters total="405" executed="405" passed="405" failed="0" error="0" timeout="0" aborted="0" inconclusive="0" passedButRunAborted="0" notRunnable="0" notExecuted="0" disconnected="0" warning="0" completed="0" inProgress="0" pending="0" />
  </ResultSummary>
</TestRun>