<?xml version="1.0" encoding="utf-8"?>
<TestRun id="853fa692-86a4-4dd7-ae45-bb3f77792c92" name="sferrari@PC-SFERRARI 2022-12-28 12:59:51" runUser="PC-SFERRARI\sferrari" xmlns="http://microsoft.com/schemas/VisualStudio/TeamTest/2010">
  <Times creation="2022-12-28T12:59:51.5509233+01:00" queuing="2022-12-28T12:59:51.5509233+01:00" start="2022-12-28T12:59:49.9844465+01:00" finish="2022-12-28T12:59:52.9869126+01:00" />
  <TestSettings name="default" id="d8f84018-d5f2-4a8c-b481-72f2345361f4">
    <Deployment runDeploymentRoot="sferrari_PC-SFERRARI_2022-12-28_12_59_51" />
  </TestSettings>
  <Results>
    <UnitTestResult executionId="8109fe29-e7cf-4e6c-a456-3336523968f7" testId="46eaba50-bd5a-41a9-8e61-40bcb3c8d0c2" testName="ToFirstLetterLower_Passing_ValidValue_Returns_StringWithFirstLetterLower (AEIOU,aEIOU)" computerName="PC-SFERRARI" duration="00:00:00.0000064" startTime="2022-12-28T12:59:52.5463308+01:00" endTime="2022-12-28T12:59:52.5464811+01:00" testType="13cdc9d9-ddb5-4fa4-a97d-d965ccfc6d4b" outcome="Passed" testListId="8c84fa94-04c1-424b-9868-57a2d4851a1d" relativeResultsDirectory="8109fe29-e7cf-4e6c-a456-3336523968f7" />
    <UnitTestResult executionId="bc7afb80-59d6-4028-815c-ebaeb8108f58" testId="83b0eae2-ae2a-47de-b72f-7d953194e189" testName="ToStringFormat_Passing_ValidValue_Returns_ValueWithoutRemovedChars (0)" computerName="PC-SFERRARI" duration="00:00:00.0004502" startTime="2022-12-28T12:59:52.3208439+01:00" endTime="2022-12-28T12:59:52.3218088+01:00" testType="13cdc9d9-ddb5-4fa4-a97d-d965ccfc6d4b" outcome="Passed" testListId="8c84fa94-04c1-424b-9868-57a2d4851a1d" relativeResultsDirectory="bc7afb80-59d6-4028-815c-ebaeb8108f58" />
    <UnitTestResult executionId="3d2dfba2-0220-4970-89b7-163a224252f5" testId="354d16c0-b029-4836-b444-7c9a23779a98" testName="ToEmailMaskUserNameAndDomainAndExtension_Passing_ValidEmail_Returns_EmailWithMask (qaz@gmail.com,q*z@g***l.c*m)" computerName="PC-SFERRARI" duration="00:00:00.0077285" startTime="2022-12-28T12:59:52.4960949+01:00" endTime="2022-12-28T12:59:52.5041330+01:00" testType="13cdc9d9-ddb5-4fa4-a97d-d965ccfc6d4b" outcome="Passed" testListId="8c84fa94-04c1-424b-9868-57a2d4851a1d" relativeResultsDirectory="3d2dfba2-0220-4970-89b7-163a224252f5" />
    <UnitTestResult executionId="f0c4578f-8eb7-4bfe-971a-cd321b9e395c" testId="f3a5886f-99d4-46ba-9797-5017a29c4b46" testName="CreateAndVerifySHA512_Passing_Valid_Arguments_Returns_True (Password)" computerName="PC-SFERRARI" duration="00:00:00.0008163" startTime="2022-12-28T12:59:51.9955556+01:00" endTime="2022-12-28T12:59:51.9965192+01:00" testType="13cdc9d9-ddb5-4fa4-a97d-d965ccfc6d4b" outcome="Passed" testListId="8c84fa94-04c1-424b-9868-57a2d4851a1d" relativeResultsDirectory="f0c4578f-8eb7-4bfe-971a-cd321b9e395c" />
    <UnitTestResult executionId="f8d192c9-741a-4d4b-a198-ebb51d85b4ac" testId="ac38b46e-c874-42c2-9902-040480bc50bd" testName="ToUserName_Passing_Valid_UserName_ClaimsPrincipal_Returns_String_UserName_Value" computerName="PC-SFERRARI" duration="00:00:00.0012278" startTime="2022-12-28T12:59:51.7930434+01:00" endTime="2022-12-28T12:59:51.7944918+01:00" testType="13cdc9d9-ddb5-4fa4-a97d-d965ccfc6d4b" outcome="Passed" testListId="8c84fa94-04c1-424b-9868-57a2d4851a1d" relativeResultsDirectory="f8d192c9-741a-4d4b-a198-ebb51d85b4ac" />
    <UnitTestResult executionId="614361a9-18ff-47d3-a20e-5795f7cb4cae" testId="df4faaa6-43e0-40ec-a502-62a51ba1a07e" testName="ToList_Passing_ValidEnumTypeWithResourceType_Returns_ValuesList" computerName="PC-SFERRARI" duration="00:00:00.0043917" startTime="2022-12-28T12:59:51.9301079+01:00" endTime="2022-12-28T12:59:51.9345771+01:00" testType="13cdc9d9-ddb5-4fa4-a97d-d965ccfc6d4b" outcome="Passed" testListId="8c84fa94-04c1-424b-9868-57a2d4851a1d" relativeResultsDirectory="614361a9-18ff-47d3-a20e-5795f7cb4cae" />
    <UnitTestResult executionId="adb367fe-5f0a-4587-99a1-57e8e96d1ff3" testId="2e7d2014-08e0-4f55-91da-2e933c0713d0" testName="ToRemove_Passing_ValidValue_Returns_ValueWithoutRemovedChars (aeiou,e,aiou)" computerName="PC-SFERRARI" duration="00:00:00.0000414" startTime="2022-12-28T12:59:52.6086346+01:00" endTime="2022-12-28T12:59:52.6089449+01:00" testType="13cdc9d9-ddb5-4fa4-a97d-d965ccfc6d4b" outcome="Passed" testListId="8c84fa94-04c1-424b-9868-57a2d4851a1d" relativeResultsDirectory="adb367fe-5f0a-4587-99a1-57e8e96d1ff3" />
    <UnitTestResult executionId="3727f49b-2785-4ad0-8a5e-ffc1af56106b" testId="6480f602-a421-4a1f-93d9-607a3e27503a" testName="ToAssembly_Passing_ValidValueAssemblyString_Returns_Assembly" computerName="PC-SFERRARI" duration="00:00:00.0004425" startTime="2022-12-28T12:59:52.4234815+01:00" endTime="2022-12-28T12:59:52.4242725+01:00" testType="13cdc9d9-ddb5-4fa4-a97d-d965ccfc6d4b" outcome="Passed" testListId="8c84fa94-04c1-424b-9868-57a2d4851a1d" relativeResultsDirectory="3727f49b-2785-4ad0-8a5e-ffc1af56106b" />
    <UnitTestResult executionId="0cfbae40-95d5-482c-a5a7-73c814bbecb6" testId="f07565cc-6a34-4229-8275-eb596b10e4dc" testName="ToList_Passing_ValidEnumTypeWithSelectedValue_Returns_ValuesList" computerName="PC-SFERRARI" duration="00:00:00.0003682" startTime="2022-12-28T12:59:51.9355616+01:00" endTime="2022-12-28T12:59:51.9360284+01:00" testType="13cdc9d9-ddb5-4fa4-a97d-d965ccfc6d4b" outcome="Passed" testListId="8c84fa94-04c1-424b-9868-57a2d4851a1d" relativeResultsDirectory="0cfbae40-95d5-482c-a5a7-73c814bbecb6" />
    <UnitTestResult executionId="23dc429c-6f3a-463e-8f3f-403cf089bfae" testId="2eb87a0e-e0a2-439c-bbf0-33dfb1d2a9e4" testName="ToNormalize_Passing_ValidValue_Returns_NormalizedValue (àáäâãøçħ,aaaaaoch)" computerName="PC-SFERRARI" duration="00:00:00.0048292" startTime="2022-12-28T12:59:52.5692722+01:00" endTime="2022-12-28T12:59:52.5744598+01:00" testType="13cdc9d9-ddb5-4fa4-a97d-d965ccfc6d4b" outcome="Passed" testListId="8c84fa94-04c1-424b-9868-57a2d4851a1d" relativeResultsDirectory="23dc429c-6f3a-463e-8f3f-403cf089bfae" />
    <UnitTestResult executionId="c1927ddb-9387-42a2-8d68-977b42b75bd1" testId="5b07da19-9b8c-42e7-96cb-475b772b4f9f" testName="ToDefaultValue_Passing_ValidStruct_Returns_DefaultValue" computerName="PC-SFERRARI" duration="00:00:00.0002423" startTime="2022-12-28T12:59:52.8547126+01:00" endTime="2022-12-28T12:59:52.8550113+01:00" testType="13cdc9d9-ddb5-4fa4-a97d-d965ccfc6d4b" outcome="Passed" testListId="8c84fa94-04c1-424b-9868-57a2d4851a1d" relativeResultsDirectory="c1927ddb-9387-42a2-8d68-977b42b75bd1" />
    <UnitTestResult executionId="edbc38f8-3bc0-4429-8893-74255e2d6b5c" testId="fd558a97-a2b0-4152-a722-f853e41946d3" testName="ToCompress_Passing_Value_Bytes_Returns_Value_Bytes" computerName="PC-SFERRARI" duration="00:00:00.0012954" startTime="2022-12-28T12:59:51.6640057+01:00" endTime="2022-12-28T12:59:51.6654367+01:00" testType="13cdc9d9-ddb5-4fa4-a97d-d965ccfc6d4b" outcome="Passed" testListId="8c84fa94-04c1-424b-9868-57a2d4851a1d" relativeResultsDirectory="edbc38f8-3bc0-4429-8893-74255e2d6b5c" />
    <UnitTestResult executionId="b8a02108-26b7-4b1b-ab7e-7f2e81be7c56" testId="6cef95b5-1972-41d4-91dc-bc3404df3edf" testName="ToService_Passing_NotFound_Service_Returns_Null" computerName="PC-SFERRARI" duration="00:00:00.0000933" startTime="2022-12-28T12:59:51.8813558+01:00" endTime="2022-12-28T12:59:51.8815173+01:00" testType="13cdc9d9-ddb5-4fa4-a97d-d965ccfc6d4b" outcome="Passed" testListId="8c84fa94-04c1-424b-9868-57a2d4851a1d" relativeResultsDirectory="b8a02108-26b7-4b1b-ab7e-7f2e81be7c56" />
    <UnitTestResult executionId="805c9d3c-2897-4d6c-9131-f3b967bf1de3" testId="24619b3d-bd81-4e3e-8755-23352a048994" testName="ThrowIfNotSubdomain_Passing_InvalidValue_Returns_ApplicationExceptionWithMessage (dasdasd@dsasd.._ff)" computerName="PC-SFERRARI" duration="00:00:00.0010449" startTime="2022-12-28T12:59:52.8668193+01:00" endTime="2022-12-28T12:59:52.8681666+01:00" testType="13cdc9d9-ddb5-4fa4-a97d-d965ccfc6d4b" outcome="Passed" testListId="8c84fa94-04c1-424b-9868-57a2d4851a1d" relativeResultsDirectory="805c9d3c-2897-4d6c-9131-f3b967bf1de3" />
    <UnitTestResult executionId="4633dc7f-1a12-4b2a-a4fa-615ac0555d7a" testId="7274f40c-3411-4fdc-9e29-4cb70174a5c3" testName="ToInt_Passing_InvalidValueString_Returns_DefaultValue (1.3333)" computerName="PC-SFERRARI" duration="00:00:00.0005075" startTime="2022-12-28T12:59:52.5574098+01:00" endTime="2022-12-28T12:59:52.5583452+01:00" testType="13cdc9d9-ddb5-4fa4-a97d-d965ccfc6d4b" outcome="Passed" testListId="8c84fa94-04c1-424b-9868-57a2d4851a1d" relativeResultsDirectory="4633dc7f-1a12-4b2a-a4fa-615ac0555d7a" />
    <UnitTestResult executionId="93443a05-f5b1-47c1-b443-11af7c6128af" testId="ae9dcd21-e235-4619-ae0c-0cfd7863f97f" testName="AddOrUpdate_Passing_Valid_Collection_Returns_Collection" computerName="PC-SFERRARI" duration="00:00:00.0023406" startTime="2022-12-28T12:59:51.9053786+01:00" endTime="2022-12-28T12:59:51.9079443+01:00" testType="13cdc9d9-ddb5-4fa4-a97d-d965ccfc6d4b" outcome="Passed" testListId="8c84fa94-04c1-424b-9868-57a2d4851a1d" relativeResultsDirectory="93443a05-f5b1-47c1-b443-11af7c6128af" />
    <UnitTestResult executionId="7afde564-b1b2-44da-a6c8-109acc23b963" testId="87e70627-2a7f-43d7-9353-c4b6e2c1bedd" testName="ToUri_Passing_ValidValueString_Returns_Uri (https://foo.com/blah_blah?p=5)" computerName="PC-SFERRARI" duration="00:00:00.0000085" startTime="2022-12-28T12:59:52.6547116+01:00" endTime="2022-12-28T12:59:52.6548781+01:00" testType="13cdc9d9-ddb5-4fa4-a97d-d965ccfc6d4b" outcome="Passed" testListId="8c84fa94-04c1-424b-9868-57a2d4851a1d" relativeResultsDirectory="7afde564-b1b2-44da-a6c8-109acc23b963" />
    <UnitTestResult executionId="45499710-7079-41fd-b27d-cdc2748df88b" testId="580480b6-469b-4dc9-bd5d-756e7eaaa8fd" testName="ToGetAll_Passing_Claims_Returns_Claim_Value_String_List" computerName="PC-SFERRARI" duration="00:00:00.0013235" startTime="2022-12-28T12:59:51.7752921+01:00" endTime="2022-12-28T12:59:51.7767393+01:00" testType="13cdc9d9-ddb5-4fa4-a97d-d965ccfc6d4b" outcome="Passed" testListId="8c84fa94-04c1-424b-9868-57a2d4851a1d" relativeResultsDirectory="45499710-7079-41fd-b27d-cdc2748df88b" />
    <UnitTestResult executionId="2faf58c3-3f83-4be6-b8b5-f3421479f0be" testId="9ef20533-9856-4b9d-93f0-066cc96e9d7f" testName="ToConfiguration_Passing_Empty_DirectoryPath_Returns_ApplicationException" computerName="PC-SFERRARI" duration="00:00:00.0114529" startTime="2022-12-28T12:59:51.7945873+01:00" endTime="2022-12-28T12:59:51.8065106+01:00" testType="13cdc9d9-ddb5-4fa4-a97d-d965ccfc6d4b" outcome="Passed" testListId="8c84fa94-04c1-424b-9868-57a2d4851a1d" relativeResultsDirectory="2faf58c3-3f83-4be6-b8b5-f3421479f0be" />
    <UnitTestResult executionId="0d8528c4-3bb9-4889-8854-632eb4c88b97" testId="e76ca9bf-795e-4228-ac5d-b894a2bb9480" testName="ToNormalize_Passing_ValidValue_Returns_NormalizedValue (héllo,hello)" computerName="PC-SFERRARI" duration="00:00:00.0000289" startTime="2022-12-28T12:59:52.5875611+01:00" endTime="2022-12-28T12:59:52.5876950+01:00" testType="13cdc9d9-ddb5-4fa4-a97d-d965ccfc6d4b" outcome="Passed" testListId="8c84fa94-04c1-424b-9868-57a2d4851a1d" relativeResultsDirectory="0d8528c4-3bb9-4889-8854-632eb4c88b97" />
    <UnitTestResult executionId="d854f17d-b87b-48f5-a562-162127aa4c52" testId="c68d8cb4-04ee-41dd-946e-d69c3378453d" testName="ToEmailMaskUserNameAndDomain_Passing_ValidEmail_Returns_EmailWithMask (qazwsxedc@gmailgmail.com,q*******c@g********l.com)" computerName="PC-SFERRARI" duration="00:00:00.0000190" startTime="2022-12-28T12:59:52.5095000+01:00" endTime="2022-12-28T12:59:52.5096150+01:00" testType="13cdc9d9-ddb5-4fa4-a97d-d965ccfc6d4b" outcome="Passed" testListId="8c84fa94-04c1-424b-9868-57a2d4851a1d" relativeResultsDirectory="d854f17d-b87b-48f5-a562-162127aa4c52" />
    <UnitTestResult executionId="1debe917-8861-4f93-bd07-d0293042598f" testId="8470d872-6ac3-4a8b-8400-f35f37fd7bbe" testName="ThrowIfNotEmail_Passing_InvalidValue_Returns_ApplicationExceptionWithMessage (34?fsds@sdd.yy)" computerName="PC-SFERRARI" duration="00:00:00.0000707" startTime="2022-12-28T12:59:52.8639519+01:00" endTime="2022-12-28T12:59:52.8643365+01:00" testType="13cdc9d9-ddb5-4fa4-a97d-d965ccfc6d4b" outcome="Passed" testListId="8c84fa94-04c1-424b-9868-57a2d4851a1d" relativeResultsDirectory="1debe917-8861-4f93-bd07-d0293042598f" />
    <UnitTestResult executionId="43574ae2-e1ff-46e7-bfbe-755351d36abf" testId="c3c2d0cf-c5ab-4054-9496-5db7528c33e2" testName="ToRemove_Passing_ValidValue_Returns_ValueWithoutRemovedChars (hello hello, ,hellohello)" computerName="PC-SFERRARI" duration="00:00:00.0000196" startTime="2022-12-28T12:59:52.6021640+01:00" endTime="2022-12-28T12:59:52.6023499+01:00" testType="13cdc9d9-ddb5-4fa4-a97d-d965ccfc6d4b" outcome="Passed" testListId="8c84fa94-04c1-424b-9868-57a2d4851a1d" relativeResultsDirectory="43574ae2-e1ff-46e7-bfbe-755351d36abf" />
    <UnitTestResult executionId="fc308ff2-9e0e-4b15-b07f-ac35a18fb858" testId="7f210815-1d54-4c92-9a43-399e55c36d38" testName="ResultDataInternalServerError" computerName="PC-SFERRARI" duration="00:00:00.0003686" startTime="2022-12-28T12:59:52.3651678+01:00" endTime="2022-12-28T12:59:52.3656028+01:00" testType="13cdc9d9-ddb5-4fa4-a97d-d965ccfc6d4b" outcome="Passed" testListId="8c84fa94-04c1-424b-9868-57a2d4851a1d" relativeResultsDirectory="fc308ff2-9e0e-4b15-b07f-ac35a18fb858" />
    <UnitTestResult executionId="7bf553c8-0468-4a1b-9033-11f7c9981847" testId="c6af39cd-2d67-40cd-958b-a1956293a195" testName="ToFirstLetterUpper_Passing_ValidValue_Returns_StringWithFirstLetterUpper (aEIOU,AEIOU)" computerName="PC-SFERRARI" duration="00:00:00.0002288" startTime="2022-12-28T12:59:52.5471357+01:00" endTime="2022-12-28T12:59:52.5475863+01:00" testType="13cdc9d9-ddb5-4fa4-a97d-d965ccfc6d4b" outcome="Passed" testListId="8c84fa94-04c1-424b-9868-57a2d4851a1d" relativeResultsDirectory="7bf553c8-0468-4a1b-9033-11f7c9981847" />
    <UnitTestResult executionId="2d7df8fc-669b-4138-964d-b805ebfeabc2" testId="8edbbc9d-d9a7-4145-bcfb-db696a4f8c5d" testName="ToFormat_Passing_ValidValueFormatWithArguments_Returns_ValueWithFormat" computerName="PC-SFERRARI" duration="00:00:00.0004976" startTime="2022-12-28T12:59:52.5481199+01:00" endTime="2022-12-28T12:59:52.5486826+01:00" testType="13cdc9d9-ddb5-4fa4-a97d-d965ccfc6d4b" outcome="Passed" testListId="8c84fa94-04c1-424b-9868-57a2d4851a1d" relativeResultsDirectory="2d7df8fc-669b-4138-964d-b805ebfeabc2" />
    <UnitTestResult executionId="f45ca0ef-067e-43f6-9885-0f4e6347ae75" testId="451dea66-b358-486d-9836-fe56cabb83ff" testName="ToNormalize_Passing_ValidValue_Returns_NormalizedValue ( ,)" computerName="PC-SFERRARI" duration="00:00:00.0016364" startTime="2022-12-28T12:59:52.5672613+01:00" endTime="2022-12-28T12:59:52.5691382+01:00" testType="13cdc9d9-ddb5-4fa4-a97d-d965ccfc6d4b" outcome="Passed" testListId="8c84fa94-04c1-424b-9868-57a2d4851a1d" relativeResultsDirectory="f45ca0ef-067e-43f6-9885-0f4e6347ae75" />
    <UnitTestResult executionId="b1662e3f-8e50-4c8f-8306-0ce562e900a4" testId="60693eeb-94ef-46ef-a663-86fc0d02ddf1" testName="ToEmailMaskUserNameAndDomainAndExtension_Passing_ValidEmail_Returns_EmailWithMask (qaz@gmailgmail.com,q*z@g********l.c*m)" computerName="PC-SFERRARI" duration="00:00:00.0000236" startTime="2022-12-28T12:59:52.5052794+01:00" endTime="2022-12-28T12:59:52.5054883+01:00" testType="13cdc9d9-ddb5-4fa4-a97d-d965ccfc6d4b" outcome="Passed" testListId="8c84fa94-04c1-424b-9868-57a2d4851a1d" relativeResultsDirectory="b1662e3f-8e50-4c8f-8306-0ce562e900a4" />
    <UnitTestResult executionId="1821de1c-65f8-44a7-a6be-8269af0cbb7d" testId="9601ad15-c7c8-438c-93cc-65952e327d73" testName="GetValues_Passing_Valid_Key_Returns_Values" computerName="PC-SFERRARI" duration="00:00:00.0007737" startTime="2022-12-28T12:59:51.9080549+01:00" endTime="2022-12-28T12:59:51.9089841+01:00" testType="13cdc9d9-ddb5-4fa4-a97d-d965ccfc6d4b" outcome="Passed" testListId="8c84fa94-04c1-424b-9868-57a2d4851a1d" relativeResultsDirectory="1821de1c-65f8-44a7-a6be-8269af0cbb7d" />
    <UnitTestResult executionId="20806542-0fff-4f3c-8daf-e896c548923c" testId="0a6dba5b-5fff-40c0-9e48-d4b323abaa78" testName="ToExists_Passing_NotFound_Service_Returns_False" computerName="PC-SFERRARI" duration="00:00:00.0002004" startTime="2022-12-28T12:59:51.8461191+01:00" endTime="2022-12-28T12:59:51.8464416+01:00" testType="13cdc9d9-ddb5-4fa4-a97d-d965ccfc6d4b" outcome="Passed" testListId="8c84fa94-04c1-424b-9868-57a2d4851a1d" relativeResultsDirectory="20806542-0fff-4f3c-8daf-e896c548923c" />
    <UnitTestResult executionId="0a0853d2-5793-44e6-a6ae-ec28ffb780f2" testId="ea944d90-cec2-4712-ad70-eee867517249" testName="ToUri_Passing_ValidValueString_Returns_Uri (http://1337.net)" computerName="PC-SFERRARI" duration="00:00:00.0000217" startTime="2022-12-28T12:59:52.6938209+01:00" endTime="2022-12-28T12:59:52.6948610+01:00" testType="13cdc9d9-ddb5-4fa4-a97d-d965ccfc6d4b" outcome="Passed" testListId="8c84fa94-04c1-424b-9868-57a2d4851a1d" relativeResultsDirectory="0a0853d2-5793-44e6-a6ae-ec28ffb780f2" />
    <UnitTestResult executionId="2979933c-9c48-4ca9-b04f-516197674c51" testId="f69c8d65-75ff-438c-977a-52391b71487d" testName="ToReplaceSpecialChars_Passing_ValidValue_Returns_ReplacedValueWithoutIgnoreSpecialChars (*¨^_:-?¿;,)" computerName="PC-SFERRARI" duration="00:00:00.0000751" startTime="2022-12-28T12:59:52.6208544+01:00" endTime="2022-12-28T12:59:52.6212678+01:00" testType="13cdc9d9-ddb5-4fa4-a97d-d965ccfc6d4b" outcome="Passed" testListId="8c84fa94-04c1-424b-9868-57a2d4851a1d" relativeResultsDirectory="2979933c-9c48-4ca9-b04f-516197674c51" />
    <UnitTestResult executionId="226399da-f837-4ed4-ab0f-55d1de583a5f" testId="fbf6edf8-00ff-4429-8983-69099c82ef43" testName="ToStartOfWeek_Passing_DateTime_Returns_Start_Of_Week_DateTime" computerName="PC-SFERRARI" duration="00:00:00.0002468" startTime="2022-12-28T12:59:51.9043733+01:00" endTime="2022-12-28T12:59:51.9047934+01:00" testType="13cdc9d9-ddb5-4fa4-a97d-d965ccfc6d4b" outcome="Passed" testListId="8c84fa94-04c1-424b-9868-57a2d4851a1d" relativeResultsDirectory="226399da-f837-4ed4-ab0f-55d1de583a5f" />
    <UnitTestResult executionId="d5b0cd70-ac07-4c13-b5e9-c2c2362353be" testId="1e77783b-e700-4381-a560-43f0aed64413" testName="ToUri_Passing_ValidValueString_Returns_Uri (http://userid@example.com:8080/)" computerName="PC-SFERRARI" duration="00:00:00.0000091" startTime="2022-12-28T12:59:52.6738955+01:00" endTime="2022-12-28T12:59:52.6740794+01:00" testType="13cdc9d9-ddb5-4fa4-a97d-d965ccfc6d4b" outcome="Passed" testListId="8c84fa94-04c1-424b-9868-57a2d4851a1d" relativeResultsDirectory="d5b0cd70-ac07-4c13-b5e9-c2c2362353be" />
    <UnitTestResult executionId="768ccc75-edac-436f-9de9-750ac1d9b134" testId="15b19e81-81be-4fa0-ab11-48b0b9e30fc6" testName="ToSettings_Passing_Values_From_AppSettingsFile_Returns_Settings" computerName="PC-SFERRARI" duration="00:00:00.0082255" startTime="2022-12-28T12:59:51.8821143+01:00" endTime="2022-12-28T12:59:51.8904203+01:00" testType="13cdc9d9-ddb5-4fa4-a97d-d965ccfc6d4b" outcome="Passed" testListId="8c84fa94-04c1-424b-9868-57a2d4851a1d" relativeResultsDirectory="768ccc75-edac-436f-9de9-750ac1d9b134" />
    <UnitTestResult executionId="25e7d724-c3b1-468a-a4f4-ecca1e885d55" testId="e3c29f82-d510-45b8-b553-03660d3ada2f" testName="ResultUnauthorized" computerName="PC-SFERRARI" duration="00:00:00.0003719" startTime="2022-12-28T12:59:52.4228889+01:00" endTime="2022-12-28T12:59:52.4234233+01:00" testType="13cdc9d9-ddb5-4fa4-a97d-d965ccfc6d4b" outcome="Passed" testListId="8c84fa94-04c1-424b-9868-57a2d4851a1d" relativeResultsDirectory="25e7d724-c3b1-468a-a4f4-ecca1e885d55" />
    <UnitTestResult executionId="aa4c2f33-98d0-41ae-8eff-bb9a0f6c5a06" testId="9a53864b-5e0e-438d-9360-8652b456993a" testName="ToDefaultValue_Passing_ValidBoolean_Returns_DefaultValue" computerName="PC-SFERRARI" duration="00:00:00.0001552" startTime="2022-12-28T12:59:52.8534765+01:00" endTime="2022-12-28T12:59:52.8537870+01:00" testType="13cdc9d9-ddb5-4fa4-a97d-d965ccfc6d4b" outcome="Passed" testListId="8c84fa94-04c1-424b-9868-57a2d4851a1d" relativeResultsDirectory="aa4c2f33-98d0-41ae-8eff-bb9a0f6c5a06" />
    <UnitTestResult executionId="e85ba68b-4f08-4b70-a384-89cd63297a55" testId="3118d51d-245e-458b-b8d6-f53cbc2ec95c" testName="ToUri_Passing_InvalidValueString_Returns_DefaultValue (http://.)" computerName="PC-SFERRARI" duration="00:00:00.0000556" startTime="2022-12-28T12:59:52.6320802+01:00" endTime="2022-12-28T12:59:52.6323778+01:00" testType="13cdc9d9-ddb5-4fa4-a97d-d965ccfc6d4b" outcome="Passed" testListId="8c84fa94-04c1-424b-9868-57a2d4851a1d" relativeResultsDirectory="e85ba68b-4f08-4b70-a384-89cd63297a55" />
    <UnitTestResult executionId="6b819ca8-ec18-410f-902e-18f26d5a3a17" testId="a8899a7f-d27a-474d-b53e-ac211602d0b2" testName="ToFirstLetterUpper_Passing_ValidValue_Returns_StringWithFirstLetterUpper (Aeiou,Aeiou)" computerName="PC-SFERRARI" duration="00:00:00.0000050" startTime="2022-12-28T12:59:52.5479868+01:00" endTime="2022-12-28T12:59:52.5480911+01:00" testType="13cdc9d9-ddb5-4fa4-a97d-d965ccfc6d4b" outcome="Passed" testListId="8c84fa94-04c1-424b-9868-57a2d4851a1d" relativeResultsDirectory="6b819ca8-ec18-410f-902e-18f26d5a3a17" />
    <UnitTestResult executionId="a27a844e-65c0-4cf2-a264-fa6e6f576e18" testId="fef83c8b-fac9-4f6e-854f-dc63ed4b72c9" testName="ToInt_Passing_Enumeration_Name_Returns_Description_Atributte" computerName="PC-SFERRARI" duration="00:00:00.0003627" startTime="2022-12-28T12:59:51.9288242+01:00" endTime="2022-12-28T12:59:51.9293170+01:00" testType="13cdc9d9-ddb5-4fa4-a97d-d965ccfc6d4b" outcome="Passed" testListId="8c84fa94-04c1-424b-9868-57a2d4851a1d" relativeResultsDirectory="a27a844e-65c0-4cf2-a264-fa6e6f576e18" />
    <UnitTestResult executionId="15ce4619-0ed8-4e6a-861e-32096326fa4a" testId="c46090a0-b850-40b6-9a38-e6afdb0e2743" testName="ToUri_Passing_ValidValueString_Returns_Uri (http://userid:password@example.com)" computerName="PC-SFERRARI" duration="00:00:00.0000108" startTime="2022-12-28T12:59:52.6741316+01:00" endTime="2022-12-28T12:59:52.6743115+01:00" testType="13cdc9d9-ddb5-4fa4-a97d-d965ccfc6d4b" outcome="Passed" testListId="8c84fa94-04c1-424b-9868-57a2d4851a1d" relativeResultsDirectory="15ce4619-0ed8-4e6a-861e-32096326fa4a" />
    <UnitTestResult executionId="091e1850-ad85-4243-aa63-18e6f55f355a" testId="abe35052-7b81-43a5-b8b0-76a1cd62a115" testName="ToInt_Passing_InvalidValueString_Returns_DefaultValue (999999439293294392492349329493294)" computerName="PC-SFERRARI" duration="00:00:00.0000049" startTime="2022-12-28T12:59:52.5594410+01:00" endTime="2022-12-28T12:59:52.5595435+01:00" testType="13cdc9d9-ddb5-4fa4-a97d-d965ccfc6d4b" outcome="Passed" testListId="8c84fa94-04c1-424b-9868-57a2d4851a1d" relativeResultsDirectory="091e1850-ad85-4243-aa63-18e6f55f355a" />
    <UnitTestResult executionId="4edd7702-e4fc-4ccf-accf-c0852d7d8715" testId="54500012-3c42-47ac-bc61-af23fa4c791e" testName="ToNormalize_Passing_ValidValue_Returns_NormalizedValue (Autobús,Autobus)" computerName="PC-SFERRARI" duration="00:00:00.0000289" startTime="2022-12-28T12:59:52.5877266+01:00" endTime="2022-12-28T12:59:52.5878602+01:00" testType="13cdc9d9-ddb5-4fa4-a97d-d965ccfc6d4b" outcome="Passed" testListId="8c84fa94-04c1-424b-9868-57a2d4851a1d" relativeResultsDirectory="4edd7702-e4fc-4ccf-accf-c0852d7d8715" />
    <UnitTestResult executionId="e06015c6-8e28-469f-99e7-8969836f2e9a" testId="257c0e65-2b03-49de-920d-578ac4860cbe" testName="ToUri_Passing_ValidValueString_Returns_Uri (http://a.b-c.de)" computerName="PC-SFERRARI" duration="00:00:00.0000111" startTime="2022-12-28T12:59:52.6949640+01:00" endTime="2022-12-28T12:59:52.6952122+01:00" testType="13cdc9d9-ddb5-4fa4-a97d-d965ccfc6d4b" outcome="Passed" testListId="8c84fa94-04c1-424b-9868-57a2d4851a1d" relativeResultsDirectory="e06015c6-8e28-469f-99e7-8969836f2e9a" />
    <UnitTestResult executionId="646e8db1-b361-42b3-b5f9-949ffe970721" testId="c5f1de52-77e8-477d-b981-b5a0db325d1e" testName="ToResultAsync_Passing_StatusCodeAnd_MessageAndContentTypeAndHeader_Values_Returns_Values (/test)" computerName="PC-SFERRARI" duration="00:00:00.2104900" startTime="2022-12-28T12:59:52.1089791+01:00" endTime="2022-12-28T12:59:52.3199007+01:00" testType="13cdc9d9-ddb5-4fa4-a97d-d965ccfc6d4b" outcome="Passed" testListId="8c84fa94-04c1-424b-9868-57a2d4851a1d" relativeResultsDirectory="646e8db1-b361-42b3-b5f9-949ffe970721">
      <Output>
        <StdOut>info: Microsoft.AspNetCore.Hosting.Diagnostics[1]&#xD;
      Request starting HTTP/1.1 GET http://localhost/test - -&#xD;
info: Microsoft.AspNetCore.Hosting.Diagnostics[2]&#xD;
      Request finished HTTP/1.1 GET http://localhost/test - - - 401 - a417f67e-8252-4ecf-bae3-07a9666d45fc 18.4449ms</StdOut>
      </Output>
    </UnitTestResult>
    <UnitTestResult executionId="ac032fca-3341-4496-bbdc-2167315d6bf0" testId="7bc36f4f-a101-4457-b27b-6cbcd4eea0cc" testName="ToIPv6_Passing_HttpContext_IP_Value_Returns_IP" computerName="PC-SFERRARI" duration="00:00:00.0006807" startTime="2022-12-28T12:59:52.0454148+01:00" endTime="2022-12-28T12:59:52.0462441+01:00" testType="13cdc9d9-ddb5-4fa4-a97d-d965ccfc6d4b" outcome="Passed" testListId="8c84fa94-04c1-424b-9868-57a2d4851a1d" relativeResultsDirectory="ac032fca-3341-4496-bbdc-2167315d6bf0" />
    <UnitTestResult executionId="370b2885-4612-4a5a-ba8a-1fb8ab469c86" testId="b050d64c-3105-491f-affe-97d8e4db8ec0" testName="ToRandom_Passing_Invalid_Empty_Value_Returns_Null" computerName="PC-SFERRARI" duration="00:00:00.0011979" startTime="2022-12-28T12:59:52.5921707+01:00" endTime="2022-12-28T12:59:52.5934820+01:00" testType="13cdc9d9-ddb5-4fa4-a97d-d965ccfc6d4b" outcome="Passed" testListId="8c84fa94-04c1-424b-9868-57a2d4851a1d" relativeResultsDirectory="370b2885-4612-4a5a-ba8a-1fb8ab469c86" />
    <UnitTestResult executionId="df1e649e-b23d-4c28-b17a-3ac852455bc8" testId="76b869c3-b07b-46f6-b666-b1dd65cc8353" testName="CreateSHA256_Passing_Invalid_Arguments_Returns_ApplicationException ( )" computerName="PC-SFERRARI" duration="00:00:00.0005467" startTime="2022-12-28T12:59:52.0147584+01:00" endTime="2022-12-28T12:59:52.0156915+01:00" testType="13cdc9d9-ddb5-4fa4-a97d-d965ccfc6d4b" outcome="Passed" testListId="8c84fa94-04c1-424b-9868-57a2d4851a1d" relativeResultsDirectory="df1e649e-b23d-4c28-b17a-3ac852455bc8" />
    <UnitTestResult executionId="797aca22-29d4-4ce4-acfb-6287d1e44451" testId="ca32e56f-eea4-4c46-a5f8-b1edfddfce6d" testName="ResultOkData" computerName="PC-SFERRARI" duration="00:00:00.0006382" startTime="2022-12-28T12:59:52.4160337+01:00" endTime="2022-12-28T12:59:52.4168345+01:00" testType="13cdc9d9-ddb5-4fa4-a97d-d965ccfc6d4b" outcome="Passed" testListId="8c84fa94-04c1-424b-9868-57a2d4851a1d" relativeResultsDirectory="797aca22-29d4-4ce4-acfb-6287d1e44451" />
    <UnitTestResult executionId="777d18cd-f197-4275-aa44-b23d8c9f3717" testId="fd7ea203-8649-41b4-bbc7-74f339560c3c" testName="ResultOkData_WithData_WithMessage_WithDetails" computerName="PC-SFERRARI" duration="00:00:00.0012827" startTime="2022-12-28T12:59:52.4201753+01:00" endTime="2022-12-28T12:59:52.4216489+01:00" testType="13cdc9d9-ddb5-4fa4-a97d-d965ccfc6d4b" outcome="Passed" testListId="8c84fa94-04c1-424b-9868-57a2d4851a1d" relativeResultsDirectory="777d18cd-f197-4275-aa44-b23d8c9f3717" />
    <UnitTestResult executionId="e7aad8de-9be1-4787-b88f-5f5ec14a33a1" testId="3487b0f5-3056-4620-8d01-37d21710f169" testName="ToNormalize_Passing_ValidValue_Returns_NormalizedValue (ìíïî,iiii)" computerName="PC-SFERRARI" duration="00:00:00.0000285" startTime="2022-12-28T12:59:52.5822848+01:00" endTime="2022-12-28T12:59:52.5824197+01:00" testType="13cdc9d9-ddb5-4fa4-a97d-d965ccfc6d4b" outcome="Passed" testListId="8c84fa94-04c1-424b-9868-57a2d4851a1d" relativeResultsDirectory="e7aad8de-9be1-4787-b88f-5f5ec14a33a1" />
    <UnitTestResult executionId="1a9ce61b-d61d-4f67-89ae-aa6ec29a6fff" testId="fee074aa-1488-4e0e-a027-b2faf1c855f1" testName="ToUri_Passing_ValidValueString_Returns_Uri (http://✪df.ws/123)" computerName="PC-SFERRARI" duration="00:00:00.0006911" startTime="2022-12-28T12:59:52.6680132+01:00" endTime="2022-12-28T12:59:52.6689003+01:00" testType="13cdc9d9-ddb5-4fa4-a97d-d965ccfc6d4b" outcome="Passed" testListId="8c84fa94-04c1-424b-9868-57a2d4851a1d" relativeResultsDirectory="1a9ce61b-d61d-4f67-89ae-aa6ec29a6fff" />
    <UnitTestResult executionId="f2df99ee-1fc1-4032-b13c-a2c327b981f5" testId="a926cdb7-8c49-441b-8d9e-90d31d0e0c2c" testName="ResultDataBadRequest_WithErrors_KeyValue" computerName="PC-SFERRARI" duration="00:00:00.0010921" startTime="2022-12-28T12:59:52.3632310+01:00" endTime="2022-12-28T12:59:52.3644759+01:00" testType="13cdc9d9-ddb5-4fa4-a97d-d965ccfc6d4b" outcome="Passed" testListId="8c84fa94-04c1-424b-9868-57a2d4851a1d" relativeResultsDirectory="f2df99ee-1fc1-4032-b13c-a2c327b981f5" />
    <UnitTestResult executionId="a68181c5-dde6-438b-b203-b624706f0314" testId="1f2bba42-10c5-4d45-9eb2-d023b4853d52" testName="ToCount_Passing_ValidEnumType_Returns_Count" computerName="PC-SFERRARI" duration="00:00:00.0002864" startTime="2022-12-28T12:59:51.9296155+01:00" endTime="2022-12-28T12:59:51.9300730+01:00" testType="13cdc9d9-ddb5-4fa4-a97d-d965ccfc6d4b" outcome="Passed" testListId="8c84fa94-04c1-424b-9868-57a2d4851a1d" relativeResultsDirectory="a68181c5-dde6-438b-b203-b624706f0314" />
    <UnitTestResult executionId="5dddc152-4f64-4288-a035-773667dbb74b" testId="3618d4c5-4ee9-4eb6-9b4e-42ea0b3e7e1d" testName="CreateRandom_WithDefaultAllowableCharacters_Passing_ValidArguments_Returns_String_Random_Value (20)" computerName="PC-SFERRARI" duration="00:00:00.0000177" startTime="2022-12-28T12:59:52.0094962+01:00" endTime="2022-12-28T12:59:52.0096927+01:00" testType="13cdc9d9-ddb5-4fa4-a97d-d965ccfc6d4b" outcome="Passed" testListId="8c84fa94-04c1-424b-9868-57a2d4851a1d" relativeResultsDirectory="5dddc152-4f64-4288-a035-773667dbb74b" />
    <UnitTestResult executionId="bef33ff3-9f1b-4c57-be38-32db8460c83e" testId="6dede315-f876-42c3-a41d-f141d6c3cafb" testName="ResultError_WithTitle_WithStatusCode_WithDetails_WithExceptionType_WithMessages_WithErrors" computerName="PC-SFERRARI" duration="00:00:00.0022842" startTime="2022-12-28T12:59:52.4097362+01:00" endTime="2022-12-28T12:59:52.4121363+01:00" testType="13cdc9d9-ddb5-4fa4-a97d-d965ccfc6d4b" outcome="Passed" testListId="8c84fa94-04c1-424b-9868-57a2d4851a1d" relativeResultsDirectory="bef33ff3-9f1b-4c57-be38-32db8460c83e" />
    <UnitTestResult executionId="5568e982-dc8a-4ebe-b859-e24395c05b29" testId="14858364-9cbf-4e80-8adc-85eb3fc324e9" testName="ToNormalize_Passing_ValidValue_Returns_NormalizedValue (Malmö,Malmo)" computerName="PC-SFERRARI" duration="00:00:00.0000938" startTime="2022-12-28T12:59:52.5856608+01:00" endTime="2022-12-28T12:59:52.5863362+01:00" testType="13cdc9d9-ddb5-4fa4-a97d-d965ccfc6d4b" outcome="Passed" testListId="8c84fa94-04c1-424b-9868-57a2d4851a1d" relativeResultsDirectory="5568e982-dc8a-4ebe-b859-e24395c05b29" />
    <UnitTestResult executionId="accf9f51-93de-459a-8c55-06c735a1744a" testId="561de9cf-c515-45f3-a054-d27aeac8bb28" testName="ToDirectoryTemporary_Passing_ValidValue_Returns_DirectoryExists" computerName="PC-SFERRARI" duration="00:00:00.0014521" startTime="2022-12-28T12:59:52.4943676+01:00" endTime="2022-12-28T12:59:52.4960059+01:00" testType="13cdc9d9-ddb5-4fa4-a97d-d965ccfc6d4b" outcome="Passed" testListId="8c84fa94-04c1-424b-9868-57a2d4851a1d" relativeResultsDirectory="accf9f51-93de-459a-8c55-06c735a1744a" />
    <UnitTestResult executionId="f4bb6875-38c6-41c0-917e-983535f3ad02" testId="85a2d123-7e2c-4158-b6f6-1c94254d93d0" testName="ResultErrorData_WithTitle_WithStatusCode_WithDetails_WithExceptionType_WithMessages_WithErrors" computerName="PC-SFERRARI" duration="00:00:00.0434583" startTime="2022-12-28T12:59:52.3661371+01:00" endTime="2022-12-28T12:59:52.4096739+01:00" testType="13cdc9d9-ddb5-4fa4-a97d-d965ccfc6d4b" outcome="Passed" testListId="8c84fa94-04c1-424b-9868-57a2d4851a1d" relativeResultsDirectory="f4bb6875-38c6-41c0-917e-983535f3ad02" />
    <UnitTestResult executionId="317fee0c-3488-4aa5-a00b-0103c1b2eb65" testId="539d6fe2-bcfe-4590-ac48-232175f2828c" testName="ToNormalize_Passing_ValidValue_Returns_NormalizedValue (ç,c)" computerName="PC-SFERRARI" duration="00:00:00.0002755" startTime="2022-12-28T12:59:52.5802898+01:00" endTime="2022-12-28T12:59:52.5808286+01:00" testType="13cdc9d9-ddb5-4fa4-a97d-d965ccfc6d4b" outcome="Passed" testListId="8c84fa94-04c1-424b-9868-57a2d4851a1d" relativeResultsDirectory="317fee0c-3488-4aa5-a00b-0103c1b2eb65" />
    <UnitTestResult executionId="23a996a7-72f6-4871-8554-c6adc6288194" testId="a625188e-ffa6-4db3-9faf-7ac72f097871" testName="ToEnum_Passing_InvalidValueInt_Returns_EnumDefaultValue" computerName="PC-SFERRARI" duration="00:00:00.0003546" startTime="2022-12-28T12:59:52.5250547+01:00" endTime="2022-12-28T12:59:52.5255789+01:00" testType="13cdc9d9-ddb5-4fa4-a97d-d965ccfc6d4b" outcome="Passed" testListId="8c84fa94-04c1-424b-9868-57a2d4851a1d" relativeResultsDirectory="23a996a7-72f6-4871-8554-c6adc6288194" />
    <UnitTestResult executionId="21b80b8f-038f-41a2-a100-fac50842e911" testId="15a8873c-6214-48f7-95f1-fd7ba317391c" testName="ToUri_Passing_InvalidValueString_Returns_Null (http://?)" computerName="PC-SFERRARI" duration="00:00:00.0002819" startTime="2022-12-28T12:59:52.6389914+01:00" endTime="2022-12-28T12:59:52.6394239+01:00" testType="13cdc9d9-ddb5-4fa4-a97d-d965ccfc6d4b" outcome="Passed" testListId="8c84fa94-04c1-424b-9868-57a2d4851a1d" relativeResultsDirectory="21b80b8f-038f-41a2-a100-fac50842e911" />
    <UnitTestResult executionId="76b373f7-dd21-4590-8406-2fea38d47a8b" testId="931561e0-7c4b-42a6-8b0e-91518a3f4ed1" testName="ToEnvironment_Passing_Service_Not_Found_Returns_ApplicationException" computerName="PC-SFERRARI" duration="00:00:00.0123524" startTime="2022-12-28T12:59:51.5484762+01:00" endTime="2022-12-28T12:59:51.5610707+01:00" testType="13cdc9d9-ddb5-4fa4-a97d-d965ccfc6d4b" outcome="Passed" testListId="8c84fa94-04c1-424b-9868-57a2d4851a1d" relativeResultsDirectory="76b373f7-dd21-4590-8406-2fea38d47a8b" />
    <UnitTestResult executionId="910e31e4-76b0-4028-9fa5-885af5c00ed0" testId="9c303838-f8cd-4e9d-a5c1-fdf159a4ca54" testName="ToUri_Passing_InvalidValueString_Returns_DefaultValue (http://)" computerName="PC-SFERRARI" duration="00:00:00.0003209" startTime="2022-12-28T12:59:52.6313572+01:00" endTime="2022-12-28T12:59:52.6319786+01:00" testType="13cdc9d9-ddb5-4fa4-a97d-d965ccfc6d4b" outcome="Passed" testListId="8c84fa94-04c1-424b-9868-57a2d4851a1d" relativeResultsDirectory="910e31e4-76b0-4028-9fa5-885af5c00ed0" />
    <UnitTestResult executionId="c6a878d1-d473-429b-b6df-8cf98948e2f1" testId="a0ba1dcc-ba5f-458e-8ca7-e6dccc532687" testName="ToUri_Passing_ValidValueString_Returns_Uri (http://⌘.ws/)" computerName="PC-SFERRARI" duration="00:00:00.0000550" startTime="2022-12-28T12:59:52.6840809+01:00" endTime="2022-12-28T12:59:52.6853029+01:00" testType="13cdc9d9-ddb5-4fa4-a97d-d965ccfc6d4b" outcome="Passed" testListId="8c84fa94-04c1-424b-9868-57a2d4851a1d" relativeResultsDirectory="c6a878d1-d473-429b-b6df-8cf98948e2f1" />
    <UnitTestResult executionId="19a55ef1-e978-4993-b551-bd965e295b2a" testId="64859041-b47b-4fd9-b644-f580806fb414" testName="ToHashAlgorithmName_Passing_InvalidValueStringWithDefaultValue_Returns_DefaultValue (hhhhhh)" computerName="PC-SFERRARI" duration="00:00:00.0003608" startTime="2022-12-28T12:59:52.5551139+01:00" endTime="2022-12-28T12:59:52.5557284+01:00" testType="13cdc9d9-ddb5-4fa4-a97d-d965ccfc6d4b" outcome="Passed" testListId="8c84fa94-04c1-424b-9868-57a2d4851a1d" relativeResultsDirectory="19a55ef1-e978-4993-b551-bd965e295b2a" />
    <UnitTestResult executionId="301f1dc4-4ec1-4e66-8fcf-f7a1029a27cc" testId="aa86d21c-7a2d-4ac4-b031-382713127976" testName="ToConfigureOrDefault_Passing_DefaultValues_And_ActionCustomValues_Returns_DefaultValues_And_CustomValues" computerName="PC-SFERRARI" duration="00:00:00.0012388" startTime="2022-12-28T12:59:50.9450574+01:00" endTime="2022-12-28T12:59:50.9468174+01:00" testType="13cdc9d9-ddb5-4fa4-a97d-d965ccfc6d4b" outcome="Passed" testListId="8c84fa94-04c1-424b-9868-57a2d4851a1d" relativeResultsDirectory="301f1dc4-4ec1-4e66-8fcf-f7a1029a27cc" />
    <UnitTestResult executionId="fdee9996-5797-427b-a8b0-93a478a668ba" testId="a3e8c2e8-74f8-47dd-8af6-997b263c65a2" testName="ToHashAlgorithmName_Passing_InvalidValueString_Returns_Null (hhhhhh)" computerName="PC-SFERRARI" duration="00:00:00.0002511" startTime="2022-12-28T12:59:52.5558143+01:00" endTime="2022-12-28T12:59:52.5563253+01:00" testType="13cdc9d9-ddb5-4fa4-a97d-d965ccfc6d4b" outcome="Passed" testListId="8c84fa94-04c1-424b-9868-57a2d4851a1d" relativeResultsDirectory="fdee9996-5797-427b-a8b0-93a478a668ba" />
    <UnitTestResult executionId="3c968de7-cf9f-4cb1-93ff-6f5bd77aaf40" testId="caea1e91-a43b-4ea3-a7dc-d5819ec2bec0" testName="ThrowIfNotFileExtension_Passing_InvalidValue_Returns_ApplicationExceptionWithMessage" computerName="PC-SFERRARI" duration="00:00:00.0019922" startTime="2022-12-28T12:59:52.8644014+01:00" endTime="2022-12-28T12:59:52.8666985+01:00" testType="13cdc9d9-ddb5-4fa4-a97d-d965ccfc6d4b" outcome="Passed" testListId="8c84fa94-04c1-424b-9868-57a2d4851a1d" relativeResultsDirectory="3c968de7-cf9f-4cb1-93ff-6f5bd77aaf40" />
    <UnitTestResult executionId="198f5d01-30bd-4f53-92a1-db132f5a51f1" testId="840ac98c-64e0-40f7-b5c5-bbdd5a8c1819" testName="ToServiceMatchingClass_Passing_Valid_Assembly_And_Valid_Class_Returns_Service" computerName="PC-SFERRARI" duration="00:00:00.0176101" startTime="2022-12-28T12:59:51.8556586+01:00" endTime="2022-12-28T12:59:51.8734394+01:00" testType="13cdc9d9-ddb5-4fa4-a97d-d965ccfc6d4b" outcome="Passed" testListId="8c84fa94-04c1-424b-9868-57a2d4851a1d" relativeResultsDirectory="198f5d01-30bd-4f53-92a1-db132f5a51f1" />
    <UnitTestResult executionId="6957b193-b36e-4fbc-af8f-e0706cb91d8d" testId="832f796e-c4f5-47ca-b74f-dad3bacba5ea" testName="ToInt_Passing_InvalidValueString_Returns_Null (1.3333)" computerName="PC-SFERRARI" duration="00:00:00.0003280" startTime="2022-12-28T12:59:52.5614966+01:00" endTime="2022-12-28T12:59:52.5621282+01:00" testType="13cdc9d9-ddb5-4fa4-a97d-d965ccfc6d4b" outcome="Passed" testListId="8c84fa94-04c1-424b-9868-57a2d4851a1d" relativeResultsDirectory="6957b193-b36e-4fbc-af8f-e0706cb91d8d" />
    <UnitTestResult executionId="b3a3555c-e3d9-46bc-89c2-68db7a01ac7f" testId="e62bd3a3-4d39-4c2c-99fc-adc6453a9ff8" testName="ToEmailMaskUserNameAndDomainAndExtension_Passing_ValidEmail_Returns_EmailWithMask (qazwsx@gmail.com,q****x@g***l.c*m)" computerName="PC-SFERRARI" duration="00:00:00.0004146" startTime="2022-12-28T12:59:52.5042271+01:00" endTime="2022-12-28T12:59:52.5049402+01:00" testType="13cdc9d9-ddb5-4fa4-a97d-d965ccfc6d4b" outcome="Passed" testListId="8c84fa94-04c1-424b-9868-57a2d4851a1d" relativeResultsDirectory="b3a3555c-e3d9-46bc-89c2-68db7a01ac7f" />
    <UnitTestResult executionId="b0460ab9-cd66-4522-b128-f3419b59e929" testId="f0292563-7c3c-4775-be85-7b129bbeffe6" testName="ThrowIfNotSubdomain_Passing_InvalidValue_Returns_ApplicationExceptionWithMessage (34?fsds@sdd.yy)" computerName="PC-SFERRARI" duration="00:00:00.0000658" startTime="2022-12-28T12:59:52.8722199+01:00" endTime="2022-12-28T12:59:52.8724312+01:00" testType="13cdc9d9-ddb5-4fa4-a97d-d965ccfc6d4b" outcome="Passed" testListId="8c84fa94-04c1-424b-9868-57a2d4851a1d" relativeResultsDirectory="b0460ab9-cd66-4522-b128-f3419b59e929" />
    <UnitTestResult executionId="7360ae1d-4bf0-4388-9b6f-a2df39d41dc8" testId="2c07af9c-34e2-47c8-ae47-de20e71cddbc" testName="ToEmailMask_Passing_ValidEmail_Returns_EmailWithMask (qaz@gmail.com,q-z@g----.com)" computerName="PC-SFERRARI" duration="00:00:00.0006317" startTime="2022-12-28T12:59:52.5160378+01:00" endTime="2022-12-28T12:59:52.5168516+01:00" testType="13cdc9d9-ddb5-4fa4-a97d-d965ccfc6d4b" outcome="Passed" testListId="8c84fa94-04c1-424b-9868-57a2d4851a1d" relativeResultsDirectory="7360ae1d-4bf0-4388-9b6f-a2df39d41dc8" />
    <UnitTestResult executionId="cb94cb8e-ed3b-4417-b400-efa9c8251abb" testId="dd30b603-951b-4cfa-a553-26191d1f8b11" testName="ToCompress_Passing_Object_Bytes_Returns_Object" computerName="PC-SFERRARI" duration="00:00:00.0943244" startTime="2022-12-28T12:59:51.5692426+01:00" endTime="2022-12-28T12:59:51.6639193+01:00" testType="13cdc9d9-ddb5-4fa4-a97d-d965ccfc6d4b" outcome="Passed" testListId="8c84fa94-04c1-424b-9868-57a2d4851a1d" relativeResultsDirectory="cb94cb8e-ed3b-4417-b400-efa9c8251abb" />
    <UnitTestResult executionId="29a37974-3e07-4164-a635-2abee9cc670b" testId="414ca49d-aed2-4c55-84da-191c77211ab7" testName="ToUri_Passing_ValidValueString_Returns_Uri (http://foo.com/blah_blah_(wikipedia)_(again))" computerName="PC-SFERRARI" duration="00:00:00.0000079" startTime="2022-12-28T12:59:52.6671799+01:00" endTime="2022-12-28T12:59:52.6673263+01:00" testType="13cdc9d9-ddb5-4fa4-a97d-d965ccfc6d4b" outcome="Passed" testListId="8c84fa94-04c1-424b-9868-57a2d4851a1d" relativeResultsDirectory="29a37974-3e07-4164-a635-2abee9cc670b" />
    <UnitTestResult executionId="6a49b831-f1d2-4615-85d0-06a0ce13e3be" testId="b237aa89-ced3-419e-b52f-ab3025a13d3f" testName="ToInt_Passing_InvalidValueString_Returns_DefaultValue (1,3333)" computerName="PC-SFERRARI" duration="00:00:00.0003092" startTime="2022-12-28T12:59:52.5584560+01:00" endTime="2022-12-28T12:59:52.5590240+01:00" testType="13cdc9d9-ddb5-4fa4-a97d-d965ccfc6d4b" outcome="Passed" testListId="8c84fa94-04c1-424b-9868-57a2d4851a1d" relativeResultsDirectory="6a49b831-f1d2-4615-85d0-06a0ce13e3be" />
    <UnitTestResult executionId="bf88a675-7b66-46c5-82a0-d7742d0a2b77" testId="5d2aa976-cbd1-494d-a6cf-2d595205b2db" testName="ToUri_Passing_ValidValueString_Returns_Uri (http://foo.com/blah_blah_(wikipedia))" computerName="PC-SFERRARI" duration="00:00:00.0000122" startTime="2022-12-28T12:59:52.6668947+01:00" endTime="2022-12-28T12:59:52.6671183+01:00" testType="13cdc9d9-ddb5-4fa4-a97d-d965ccfc6d4b" outcome="Passed" testListId="8c84fa94-04c1-424b-9868-57a2d4851a1d" relativeResultsDirectory="bf88a675-7b66-46c5-82a0-d7742d0a2b77" />
    <UnitTestResult executionId="f78cb09d-3674-4e35-a88c-cf6f424c3d8e" testId="2751d061-898c-404c-9c15-c6fec2412f4c" testName="ToDisplay_Passing_Enumeration_Name_Returns_Display_Atributte" computerName="PC-SFERRARI" duration="00:00:00.0084939" startTime="2022-12-28T12:59:51.9200681+01:00" endTime="2022-12-28T12:59:51.9287321+01:00" testType="13cdc9d9-ddb5-4fa4-a97d-d965ccfc6d4b" outcome="Passed" testListId="8c84fa94-04c1-424b-9868-57a2d4851a1d" relativeResultsDirectory="f78cb09d-3674-4e35-a88c-cf6f424c3d8e" />
    <UnitTestResult executionId="d26e916b-75a9-4be2-9fd2-6b0d13c4a3c6" testId="7869b707-4709-465a-b432-a60ac1ae0852" testName="ToRemove_Passing_ValidValue_Returns_ValueWithoutRemovedChars ( *, ,*)" computerName="PC-SFERRARI" duration="00:00:00.0007605" startTime="2022-12-28T12:59:52.5996187+01:00" endTime="2022-12-28T12:59:52.6008290+01:00" testType="13cdc9d9-ddb5-4fa4-a97d-d965ccfc6d4b" outcome="Passed" testListId="8c84fa94-04c1-424b-9868-57a2d4851a1d" relativeResultsDirectory="d26e916b-75a9-4be2-9fd2-6b0d13c4a3c6" />
    <UnitTestResult executionId="055b944e-7152-4797-a961-cc148ad7d8f9" testId="d0054cbf-daaf-420a-ac69-854361eb9fef" testName="ToEmailMaskUserNameAndDomainAndExtension_Passing_ValidEmail_Returns_EmailWithMask (qazwsx@gmailgmail.com,q****x@g********l.c*m)" computerName="PC-SFERRARI" duration="00:00:00.0000205" startTime="2022-12-28T12:59:52.5055263+01:00" endTime="2022-12-28T12:59:52.5056695+01:00" testType="13cdc9d9-ddb5-4fa4-a97d-d965ccfc6d4b" outcome="Passed" testListId="8c84fa94-04c1-424b-9868-57a2d4851a1d" relativeResultsDirectory="055b944e-7152-4797-a961-cc148ad7d8f9" />
    <UnitTestResult executionId="219b6459-2444-4cca-b8ee-b0196c2d1d77" testId="2b3fe2ce-df4c-4575-a925-db233a4578e0" testName="ToUri_Passing_ValidValueString_Returns_Uri (http://foo.com/(something)?after=parens)" computerName="PC-SFERRARI" duration="00:00:00.0000096" startTime="2022-12-28T12:59:52.6861972+01:00" endTime="2022-12-28T12:59:52.6863762+01:00" testType="13cdc9d9-ddb5-4fa4-a97d-d965ccfc6d4b" outcome="Passed" testListId="8c84fa94-04c1-424b-9868-57a2d4851a1d" relativeResultsDirectory="219b6459-2444-4cca-b8ee-b0196c2d1d77" />
    <UnitTestResult executionId="e997ca6f-5298-4a8d-8a80-0b17ec596545" testId="24f0726e-096a-4c08-9342-837d01a03615" testName="CreateSHA256_Passing_Invalid_Arguments_Returns_ApplicationException ()" computerName="PC-SFERRARI" duration="00:00:00.0005234" startTime="2022-12-28T12:59:52.0097434+01:00" endTime="2022-12-28T12:59:52.0103664+01:00" testType="13cdc9d9-ddb5-4fa4-a97d-d965ccfc6d4b" outcome="Passed" testListId="8c84fa94-04c1-424b-9868-57a2d4851a1d" relativeResultsDirectory="e997ca6f-5298-4a8d-8a80-0b17ec596545" />
    <UnitTestResult executionId="80266447-09b4-4a7a-8b66-c4087e6e80d9" testId="47beb7af-88cf-4683-9ddd-bed3908a51b8" testName="ThrowIfFileNotExists_Passing_InvalidValue_Returns_ApplicationExceptionWithMessage" computerName="PC-SFERRARI" duration="00:00:00.0006660" startTime="2022-12-28T12:59:52.8601857+01:00" endTime="2022-12-28T12:59:52.8610035+01:00" testType="13cdc9d9-ddb5-4fa4-a97d-d965ccfc6d4b" outcome="Passed" testListId="8c84fa94-04c1-424b-9868-57a2d4851a1d" relativeResultsDirectory="80266447-09b4-4a7a-8b66-c4087e6e80d9" />
    <UnitTestResult executionId="430c6a02-73c4-4d84-b06e-08a6e22bc77f" testId="9134ee78-8656-4772-8b9c-457cef1bb702" testName="ToTryGetHeader_Passing_HttpRequest_Header_Many_Values_Returns_Values" computerName="PC-SFERRARI" duration="00:00:00.0011235" startTime="2022-12-28T12:59:52.1075949+01:00" endTime="2022-12-28T12:59:52.1088800+01:00" testType="13cdc9d9-ddb5-4fa4-a97d-d965ccfc6d4b" outcome="Passed" testListId="8c84fa94-04c1-424b-9868-57a2d4851a1d" relativeResultsDirectory="430c6a02-73c4-4d84-b06e-08a6e22bc77f" />
    <UnitTestResult executionId="c04bdaca-e78c-4bae-89f3-dcd49bad074a" testId="86d23918-679c-4c79-8892-cbde71e2193c" testName="ToUri_Passing_ValidValueString_Returns_Uri (http://foo.bar/?q=Test%20URL-encoded%20stuff)" computerName="PC-SFERRARI" duration="00:00:00.0000632" startTime="2022-12-28T12:59:52.6922651+01:00" endTime="2022-12-28T12:59:52.6926871+01:00" testType="13cdc9d9-ddb5-4fa4-a97d-d965ccfc6d4b" outcome="Passed" testListId="8c84fa94-04c1-424b-9868-57a2d4851a1d" relativeResultsDirectory="c04bdaca-e78c-4bae-89f3-dcd49bad074a" />
    <UnitTestResult executionId="803eb470-02ed-4632-9d8c-f401eaa9ff9c" testId="8f2d8e08-0b72-4643-874c-fa3cd810af15" testName="ToExists_Passing_Claims_Returns_True" computerName="PC-SFERRARI" duration="00:00:00.0013767" startTime="2022-12-28T12:59:51.7319213+01:00" endTime="2022-12-28T12:59:51.7335532+01:00" testType="13cdc9d9-ddb5-4fa4-a97d-d965ccfc6d4b" outcome="Passed" testListId="8c84fa94-04c1-424b-9868-57a2d4851a1d" relativeResultsDirectory="803eb470-02ed-4632-9d8c-f401eaa9ff9c" />
    <UnitTestResult executionId="ece4d4cb-e9ef-4186-bd08-c7830146ab6e" testId="79512487-9552-45ea-9451-a10dbd49e6b6" testName="ToUri_Passing_ValidValueString_Returns_Uri (//foo.com/blah_blah/p=5)" computerName="PC-SFERRARI" duration="00:00:00.0019894" startTime="2022-12-28T12:59:52.6555932+01:00" endTime="2022-12-28T12:59:52.6607608+01:00" testType="13cdc9d9-ddb5-4fa4-a97d-d965ccfc6d4b" outcome="Passed" testListId="8c84fa94-04c1-424b-9868-57a2d4851a1d" relativeResultsDirectory="ece4d4cb-e9ef-4186-bd08-c7830146ab6e" />
    <UnitTestResult executionId="f42f8367-e23d-403e-90d7-ec471484875f" testId="80fa6182-31b8-4d74-b2a2-8bfe74fb4fcc" testName="CreateRandom_WithDefaultAllowableCharacters_Passing_ValidArguments_Returns_String_Random_Value (5)" computerName="PC-SFERRARI" duration="00:00:00.0002011" startTime="2022-12-28T12:59:52.0084970+01:00" endTime="2022-12-28T12:59:52.0088093+01:00" testType="13cdc9d9-ddb5-4fa4-a97d-d965ccfc6d4b" outcome="Passed" testListId="8c84fa94-04c1-424b-9868-57a2d4851a1d" relativeResultsDirectory="f42f8367-e23d-403e-90d7-ec471484875f" />
    <UnitTestResult executionId="29a5191b-fdcb-4c8d-80a3-09a75978196c" testId="856a1e33-340f-478e-8a68-52f0b190f9bb" testName="ToHashAlgorithmName_Passing_InvalidValueLowerCaseString_Returns_Null (md5)" computerName="PC-SFERRARI" duration="00:00:00.0003432" startTime="2022-12-28T12:59:52.5544507+01:00" endTime="2022-12-28T12:59:52.5550237+01:00" testType="13cdc9d9-ddb5-4fa4-a97d-d965ccfc6d4b" outcome="Passed" testListId="8c84fa94-04c1-424b-9868-57a2d4851a1d" relativeResultsDirectory="29a5191b-fdcb-4c8d-80a3-09a75978196c" />
    <UnitTestResult executionId="def8dc5e-d6fd-49dd-8650-9ed36948034a" testId="fe0561c2-1594-4ce2-a1c4-5e69c8aeceb8" testName="ToEnvironment_ServiceCollection_Passing_Custom_Enviroment_Returns_Custom_Name" computerName="PC-SFERRARI" duration="00:00:00.0005716" startTime="2022-12-28T12:59:51.8419463+01:00" endTime="2022-12-28T12:59:51.8426458+01:00" testType="13cdc9d9-ddb5-4fa4-a97d-d965ccfc6d4b" outcome="Passed" testListId="8c84fa94-04c1-424b-9868-57a2d4851a1d" relativeResultsDirectory="def8dc5e-d6fd-49dd-8650-9ed36948034a" />
    <UnitTestResult executionId="c5348f2c-e983-45f1-b0e3-ecbb39d98a14" testId="41c3d29a-0adf-4d8d-b1ad-c0eb5b1e1ebd" testName="ToDetails_Passing_HttpContext_Returns_Details_HttpContext" computerName="PC-SFERRARI" duration="00:00:00.0206825" startTime="2022-12-28T12:59:52.0211577+01:00" endTime="2022-12-28T12:59:52.0423104+01:00" testType="13cdc9d9-ddb5-4fa4-a97d-d965ccfc6d4b" outcome="Passed" testListId="8c84fa94-04c1-424b-9868-57a2d4851a1d" relativeResultsDirectory="c5348f2c-e983-45f1-b0e3-ecbb39d98a14" />
    <UnitTestResult executionId="5d512a73-cfcf-462f-9bbb-f8dcbe1ece9d" testId="27b166e0-d27b-4466-b584-6bab21f1d5d2" testName="CreateAndVerifySHA256_Passing_Valid_Arguments_Returns_True (HashTests)" computerName="PC-SFERRARI" duration="00:00:00.0003478" startTime="2022-12-28T12:59:51.9946572+01:00" endTime="2022-12-28T12:59:51.9952275+01:00" testType="13cdc9d9-ddb5-4fa4-a97d-d965ccfc6d4b" outcome="Passed" testListId="8c84fa94-04c1-424b-9868-57a2d4851a1d" relativeResultsDirectory="5d512a73-cfcf-462f-9bbb-f8dcbe1ece9d" />
    <UnitTestResult executionId="b191246f-e2de-4cc5-b76e-6fc4b9fab0b5" testId="dbf479ce-b166-4013-84f1-a4c5d3504550" testName="ToUri_Passing_ValidValueString_Returns_Uri (http://⌘.ws)" computerName="PC-SFERRARI" duration="00:00:00.0000426" startTime="2022-12-28T12:59:52.6820446+01:00" endTime="2022-12-28T12:59:52.6825299+01:00" testType="13cdc9d9-ddb5-4fa4-a97d-d965ccfc6d4b" outcome="Passed" testListId="8c84fa94-04c1-424b-9868-57a2d4851a1d" relativeResultsDirectory="b191246f-e2de-4cc5-b76e-6fc4b9fab0b5" />
    <UnitTestResult executionId="c5c1bddf-f3ae-4c3c-91f9-c74c061ba4c3" testId="9360684b-764e-49c8-9ade-970eb55bae89" testName="CreateRandom_WithCustomAllowableCharacters_Passing_Valid_Arguments_Returns_String_Random_Value (10,7890ABFLFLFFL)" computerName="PC-SFERRARI" duration="00:00:00.0000201" startTime="2022-12-28T12:59:52.0076691+01:00" endTime="2022-12-28T12:59:52.0080548+01:00" testType="13cdc9d9-ddb5-4fa4-a97d-d965ccfc6d4b" outcome="Passed" testListId="8c84fa94-04c1-424b-9868-57a2d4851a1d" relativeResultsDirectory="c5c1bddf-f3ae-4c3c-91f9-c74c061ba4c3" />
    <UnitTestResult executionId="64b2b439-9854-4720-96cf-1f1fe7e62698" testId="febcc48f-64fb-4d03-ab7d-ce3326aa17a0" testName="ToAge_Passing_Birthday_DateTime_Returns_Age" computerName="PC-SFERRARI" duration="00:00:00.0006162" startTime="2022-12-28T12:59:51.8958240+01:00" endTime="2022-12-28T12:59:51.8969043+01:00" testType="13cdc9d9-ddb5-4fa4-a97d-d965ccfc6d4b" outcome="Passed" testListId="8c84fa94-04c1-424b-9868-57a2d4851a1d" relativeResultsDirectory="64b2b439-9854-4720-96cf-1f1fe7e62698" />
    <UnitTestResult executionId="feeecafb-bd72-4b17-9f5f-49f3fc0aaba9" testId="d28d02d0-e5fd-4498-96ae-8e0dc510dc86" testName="ToInt_Passing_InvalidValueString_Returns_Null (1.333,39)" computerName="PC-SFERRARI" duration="00:00:00.0000131" startTime="2022-12-28T12:59:52.5628500+01:00" endTime="2022-12-28T12:59:52.5631345+01:00" testType="13cdc9d9-ddb5-4fa4-a97d-d965ccfc6d4b" outcome="Passed" testListId="8c84fa94-04c1-424b-9868-57a2d4851a1d" relativeResultsDirectory="feeecafb-bd72-4b17-9f5f-49f3fc0aaba9" />
    <UnitTestResult executionId="370f34df-9f18-42c3-aaea-639f64c1c66d" testId="d8f5bca3-1b88-4041-a1bd-d1376ce6c617" testName="ToSetTime_Passing_Time_String_Returns_DateTime" computerName="PC-SFERRARI" duration="00:00:00.0006312" startTime="2022-12-28T12:59:51.9034274+01:00" endTime="2022-12-28T12:59:51.9042574+01:00" testType="13cdc9d9-ddb5-4fa4-a97d-d965ccfc6d4b" outcome="Passed" testListId="8c84fa94-04c1-424b-9868-57a2d4851a1d" relativeResultsDirectory="370f34df-9f18-42c3-aaea-639f64c1c66d" />
    <UnitTestResult executionId="962f13cf-0298-4335-a8fc-62424f123d4e" testId="7102e494-7549-4c29-91ea-b438add9b46f" testName="ToUri_Passing_ValidValueString_Returns_Uri (http://foo.com/blah_blah?p=5&amp;j=fe)" computerName="PC-SFERRARI" duration="00:00:00.0000184" startTime="2022-12-28T12:59:52.6505666+01:00" endTime="2022-12-28T12:59:52.6508946+01:00" testType="13cdc9d9-ddb5-4fa4-a97d-d965ccfc6d4b" outcome="Passed" testListId="8c84fa94-04c1-424b-9868-57a2d4851a1d" relativeResultsDirectory="962f13cf-0298-4335-a8fc-62424f123d4e" />
    <UnitTestResult executionId="1f0acd88-a284-4b81-b75f-b45c6fb6a8fc" testId="eaca1b88-e468-4e89-ac40-e0cab1c034e2" testName="ToUri_Passing_InvalidValueString_Returns_Null (http://.)" computerName="PC-SFERRARI" duration="00:00:00.0000179" startTime="2022-12-28T12:59:52.6400385+01:00" endTime="2022-12-28T12:59:52.6402622+01:00" testType="13cdc9d9-ddb5-4fa4-a97d-d965ccfc6d4b" outcome="Passed" testListId="8c84fa94-04c1-424b-9868-57a2d4851a1d" relativeResultsDirectory="1f0acd88-a284-4b81-b75f-b45c6fb6a8fc" />
    <UnitTestResult executionId="ffda15f3-6401-4830-a962-7f6806ae1fdb" testId="d49aa214-0c8a-48bf-bb06-d2b818898303" testName="CreateSHA512_Passing_Invalid_Arguments_Returns_ApplicationException ( )" computerName="PC-SFERRARI" duration="00:00:00.0008026" startTime="2022-12-28T12:59:52.0196431+01:00" endTime="2022-12-28T12:59:52.0207774+01:00" testType="13cdc9d9-ddb5-4fa4-a97d-d965ccfc6d4b" outcome="Passed" testListId="8c84fa94-04c1-424b-9868-57a2d4851a1d" relativeResultsDirectory="ffda15f3-6401-4830-a962-7f6806ae1fdb" />
    <UnitTestResult executionId="e59be342-4605-4898-b25b-71fcad5f27af" testId="9f7babc2-33e8-43f4-9bfb-7b4a70c7e743" testName="ToEmailMask_Passing_ValidEmail_Returns_EmailWithMask (qaz@gmailgmail.com,q-z@g---------.com)" computerName="PC-SFERRARI" duration="00:00:00.0000431" startTime="2022-12-28T12:59:52.5185982+01:00" endTime="2022-12-28T12:59:52.5188794+01:00" testType="13cdc9d9-ddb5-4fa4-a97d-d965ccfc6d4b" outcome="Passed" testListId="8c84fa94-04c1-424b-9868-57a2d4851a1d" relativeResultsDirectory="e59be342-4605-4898-b25b-71fcad5f27af" />
    <UnitTestResult executionId="ca792c4f-072b-4626-bf49-d185e851e945" testId="665a4125-0926-4571-a60e-9b825ee98bad" testName="ToZipCreate_Passing_ValidFiles_Returns_ZipFiles" computerName="PC-SFERRARI" duration="00:00:00.0108907" startTime="2022-12-28T12:59:52.7201318+01:00" endTime="2022-12-28T12:59:52.7313634+01:00" testType="13cdc9d9-ddb5-4fa4-a97d-d965ccfc6d4b" outcome="Passed" testListId="8c84fa94-04c1-424b-9868-57a2d4851a1d" relativeResultsDirectory="ca792c4f-072b-4626-bf49-d185e851e945" />
    <UnitTestResult executionId="1ecb9707-6e88-4329-b17d-b3d508e81a87" testId="03f79cab-dc52-4d83-aab1-1714a1eee92f" testName="ToRemove_Passing_ValidValue_Returns_ValueWithoutRemovedChars (aeiou,aeiou,)" computerName="PC-SFERRARI" duration="00:00:00.0000220" startTime="2022-12-28T12:59:52.6081522+01:00" endTime="2022-12-28T12:59:52.6083672+01:00" testType="13cdc9d9-ddb5-4fa4-a97d-d965ccfc6d4b" outcome="Passed" testListId="8c84fa94-04c1-424b-9868-57a2d4851a1d" relativeResultsDirectory="1ecb9707-6e88-4329-b17d-b3d508e81a87" />
    <UnitTestResult executionId="031c66da-4b1d-48fd-b661-665e0042b6f0" testId="d03fb3b4-c1aa-4316-8325-e8d2393a0eee" testName="ToFullMessage_Passing_ExceptionWithMessageWithInnerException_Returns_MessageAndInnerException" computerName="PC-SFERRARI" duration="00:00:00.0005588" startTime="2022-12-28T12:59:51.9506207+01:00" endTime="2022-12-28T12:59:51.9512993+01:00" testType="13cdc9d9-ddb5-4fa4-a97d-d965ccfc6d4b" outcome="Passed" testListId="8c84fa94-04c1-424b-9868-57a2d4851a1d" relativeResultsDirectory="031c66da-4b1d-48fd-b661-665e0042b6f0" />
    <UnitTestResult executionId="23bbd20b-39ab-4654-adb7-9fadaa68ae87" testId="cc769d1c-cc9b-49a0-8e17-c7b0770002d8" testName="ToRandom_Passing_ValidValueString_Returns_String" computerName="PC-SFERRARI" duration="00:00:00.0043295" startTime="2022-12-28T12:59:52.5948623+01:00" endTime="2022-12-28T12:59:52.5995101+01:00" testType="13cdc9d9-ddb5-4fa4-a97d-d965ccfc6d4b" outcome="Passed" testListId="8c84fa94-04c1-424b-9868-57a2d4851a1d" relativeResultsDirectory="23bbd20b-39ab-4654-adb7-9fadaa68ae87" />
    <UnitTestResult executionId="be814660-c915-4985-b012-f16fc903d954" testId="31c0b548-8ad8-498a-88dd-bd304caa5ad1" testName="ToContentType_Passing_ValidValueString_Returns_ContentType (xxxx.jpeg,image/jpeg)" computerName="PC-SFERRARI" duration="00:00:00.0000294" startTime="2022-12-28T12:59:52.4328565+01:00" endTime="2022-12-28T12:59:52.4330197+01:00" testType="13cdc9d9-ddb5-4fa4-a97d-d965ccfc6d4b" outcome="Passed" testListId="8c84fa94-04c1-424b-9868-57a2d4851a1d" relativeResultsDirectory="be814660-c915-4985-b012-f16fc903d954" />
    <UnitTestResult executionId="06c95412-9d99-48e6-b1ca-cbca257feabd" testId="c596e8fe-f660-4d99-a271-7751e5dc3b4d" testName="ToGetAll_Passing_Claims_Returns_Claim_Value_Int_List" computerName="PC-SFERRARI" duration="00:00:00.0106684" startTime="2022-12-28T12:59:51.7336419+01:00" endTime="2022-12-28T12:59:51.7444195+01:00" testType="13cdc9d9-ddb5-4fa4-a97d-d965ccfc6d4b" outcome="Passed" testListId="8c84fa94-04c1-424b-9868-57a2d4851a1d" relativeResultsDirectory="06c95412-9d99-48e6-b1ca-cbca257feabd" />
    <UnitTestResult executionId="0820d560-2a7c-4962-bcad-7f21ef315780" testId="27743a09-f1f2-449e-87fc-d891f68996a0" testName="ToUri_Passing_InvalidValueString_Returns_Null (http://../)" computerName="PC-SFERRARI" duration="00:00:00.0000109" startTime="2022-12-28T12:59:52.6405462+01:00" endTime="2022-12-28T12:59:52.6406924+01:00" testType="13cdc9d9-ddb5-4fa4-a97d-d965ccfc6d4b" outcome="Passed" testListId="8c84fa94-04c1-424b-9868-57a2d4851a1d" relativeResultsDirectory="0820d560-2a7c-4962-bcad-7f21ef315780" />
    <UnitTestResult executionId="be6c3d7a-f5e2-4daa-8a4b-204c4e3a301d" testId="a2372211-6ede-46c4-855c-c1c9c2629c0a" testName="ToString_Passing_Valid_Collection_Returns_String_With_Default_Separator" computerName="PC-SFERRARI" duration="00:00:00.0003632" startTime="2022-12-28T12:59:51.9121546+01:00" endTime="2022-12-28T12:59:51.9126323+01:00" testType="13cdc9d9-ddb5-4fa4-a97d-d965ccfc6d4b" outcome="Passed" testListId="8c84fa94-04c1-424b-9868-57a2d4851a1d" relativeResultsDirectory="be6c3d7a-f5e2-4daa-8a4b-204c4e3a301d" />
    <UnitTestResult executionId="da8bd68f-165d-4ba1-b28d-f6f3806a854f" testId="41d4481c-d46f-4479-b2ef-2b814c5d128f" testName="ToAttribute_Passing_Enumeration_Name_Returns_Atributte" computerName="PC-SFERRARI" duration="00:00:00.0052858" startTime="2022-12-28T12:59:51.9144412+01:00" endTime="2022-12-28T12:59:51.9199413+01:00" testType="13cdc9d9-ddb5-4fa4-a97d-d965ccfc6d4b" outcome="Passed" testListId="8c84fa94-04c1-424b-9868-57a2d4851a1d" relativeResultsDirectory="da8bd68f-165d-4ba1-b28d-f6f3806a854f" />
    <UnitTestResult executionId="d0cdba94-68bd-44a9-bce0-6a836136832c" testId="9c7b9822-cc29-410e-bd59-1ee668bc91ff" testName="ToTryContentType_Passing_HttpRequestWithContentType_Value_Returns_ContentType_String_Value" computerName="PC-SFERRARI" duration="00:00:00.0010992" startTime="2022-12-28T12:59:52.1061940+01:00" endTime="2022-12-28T12:59:52.1074705+01:00" testType="13cdc9d9-ddb5-4fa4-a97d-d965ccfc6d4b" outcome="Passed" testListId="8c84fa94-04c1-424b-9868-57a2d4851a1d" relativeResultsDirectory="d0cdba94-68bd-44a9-bce0-6a836136832c" />
    <UnitTestResult executionId="2168b663-caf1-4d3a-88d6-9e743963521f" testId="2d47fcc3-36cc-4c49-a0ad-3c8d6a6d6db6" testName="ResultDataUnauthorized" computerName="PC-SFERRARI" duration="00:00:00.0003990" startTime="2022-12-28T12:59:52.3656405+01:00" endTime="2022-12-28T12:59:52.3661016+01:00" testType="13cdc9d9-ddb5-4fa4-a97d-d965ccfc6d4b" outcome="Passed" testListId="8c84fa94-04c1-424b-9868-57a2d4851a1d" relativeResultsDirectory="2168b663-caf1-4d3a-88d6-9e743963521f" />
    <UnitTestResult executionId="52cd07e2-60b7-49bb-a7ac-edc8d2d62034" testId="bae40a6e-9f78-4706-9f97-15f54bfc3269" testName="ToService_Passing_Valid_Service_Returns_Service" computerName="PC-SFERRARI" duration="00:00:00.0008266" startTime="2022-12-28T12:59:51.5650382+01:00" endTime="2022-12-28T12:59:51.5659953+01:00" testType="13cdc9d9-ddb5-4fa4-a97d-d965ccfc6d4b" outcome="Passed" testListId="8c84fa94-04c1-424b-9868-57a2d4851a1d" relativeResultsDirectory="52cd07e2-60b7-49bb-a7ac-edc8d2d62034" />
    <UnitTestResult executionId="79eadbb0-c242-4195-905a-983ef0db69b3" testId="0c2d866e-b770-462a-9759-075c4c70f038" testName="ToNormalize_Passing_ValidValue_Returns_NormalizedValue (Mañana,Manana)" computerName="PC-SFERRARI" duration="00:00:00.0000531" startTime="2022-12-28T12:59:52.5882358+01:00" endTime="2022-12-28T12:59:52.5885166+01:00" testType="13cdc9d9-ddb5-4fa4-a97d-d965ccfc6d4b" outcome="Passed" testListId="8c84fa94-04c1-424b-9868-57a2d4851a1d" relativeResultsDirectory="79eadbb0-c242-4195-905a-983ef0db69b3" />
    <UnitTestResult executionId="fa182973-8b3a-4237-a79d-15450e790e2f" testId="122d94fd-6ecf-406a-99c4-c602523c1936" testName="ToPath_Passing_HttpRequest_Scheme_Host_Path_Returns_Url" computerName="PC-SFERRARI" duration="00:00:00.0029462" startTime="2022-12-28T12:59:52.0909240+01:00" endTime="2022-12-28T12:59:52.0940426+01:00" testType="13cdc9d9-ddb5-4fa4-a97d-d965ccfc6d4b" outcome="Passed" testListId="8c84fa94-04c1-424b-9868-57a2d4851a1d" relativeResultsDirectory="fa182973-8b3a-4237-a79d-15450e790e2f" />
    <UnitTestResult executionId="2a68e0fa-fff5-42ae-9c15-3065250edd4f" testId="95d41570-cc09-4de2-b9a1-61e075206739" testName="ToUserName_Passing_Invalid_ClaimsPrincipal_Returns_Null" computerName="PC-SFERRARI" duration="00:00:00.0007951" startTime="2022-12-28T12:59:51.7919737+01:00" endTime="2022-12-28T12:59:51.7929387+01:00" testType="13cdc9d9-ddb5-4fa4-a97d-d965ccfc6d4b" outcome="Passed" testListId="8c84fa94-04c1-424b-9868-57a2d4851a1d" relativeResultsDirectory="2a68e0fa-fff5-42ae-9c15-3065250edd4f" />
    <UnitTestResult executionId="d915a8be-e4aa-4145-9d4b-30902afdae55" testId="6ee1c9f5-daa0-4e18-ac0c-219bc1b64561" testName="ToReplace_Passing_ValidValue_Returns_ReplacedValue (aeiou,*,2,2,ae**u)" computerName="PC-SFERRARI" duration="00:00:00.0000174" startTime="2022-12-28T12:59:52.6284664+01:00" endTime="2022-12-28T12:59:52.6288935+01:00" testType="13cdc9d9-ddb5-4fa4-a97d-d965ccfc6d4b" outcome="Passed" testListId="8c84fa94-04c1-424b-9868-57a2d4851a1d" relativeResultsDirectory="d915a8be-e4aa-4145-9d4b-30902afdae55" />
    <UnitTestResult executionId="4d25295b-5de9-487a-9706-184fd6cb930e" testId="22f01383-1d37-40f6-8f53-200a22bae8b9" testName="ToUri_Passing_ValidValueString_Returns_Uri (http://j.mp)" computerName="PC-SFERRARI" duration="00:00:00.0000100" startTime="2022-12-28T12:59:52.6869039+01:00" endTime="2022-12-28T12:59:52.6870900+01:00" testType="13cdc9d9-ddb5-4fa4-a97d-d965ccfc6d4b" outcome="Passed" testListId="8c84fa94-04c1-424b-9868-57a2d4851a1d" relativeResultsDirectory="4d25295b-5de9-487a-9706-184fd6cb930e" />
    <UnitTestResult executionId="a869583e-b088-47eb-b89a-ed627616eb13" testId="db423d63-e81a-4aed-9f02-89320cc1ceee" testName="ToReplaceSpecialChars_Passing_ValidValue_Returns_ReplacedValueWithoutIgnoreSpecialChars ( * ¨ ^ _ : - ? ¿ ; ,          )" computerName="PC-SFERRARI" duration="00:00:00.0000740" startTime="2022-12-28T12:59:52.6213333+01:00" endTime="2022-12-28T12:59:52.6216179+01:00" testType="13cdc9d9-ddb5-4fa4-a97d-d965ccfc6d4b" outcome="Passed" testListId="8c84fa94-04c1-424b-9868-57a2d4851a1d" relativeResultsDirectory="a869583e-b088-47eb-b89a-ed627616eb13" />
    <UnitTestResult executionId="efaf939f-3808-43df-905a-e55c1f1c71c5" testId="515b7e53-2e61-4536-a67a-2abc8eb757fb" testName="ToUri_Passing_ValidValueString_Returns_Uri (http://foo.com/blah_(wikipedia)#cite-1)" computerName="PC-SFERRARI" duration="00:00:00.0000252" startTime="2022-12-28T12:59:52.6853913+01:00" endTime="2022-12-28T12:59:52.6856447+01:00" testType="13cdc9d9-ddb5-4fa4-a97d-d965ccfc6d4b" outcome="Passed" testListId="8c84fa94-04c1-424b-9868-57a2d4851a1d" relativeResultsDirectory="efaf939f-3808-43df-905a-e55c1f1c71c5" />
    <UnitTestResult executionId="f830553b-3b2a-4bc2-bae8-110ae8c44c65" testId="08599efe-40bb-4520-8d84-e8c9510c6840" testName="ToAuthenticationType_Passing_Claims_Returns_AuthenticationType_Name" computerName="PC-SFERRARI" duration="00:00:00.0652188" startTime="2022-12-28T12:59:51.6654985+01:00" endTime="2022-12-28T12:59:51.7309777+01:00" testType="13cdc9d9-ddb5-4fa4-a97d-d965ccfc6d4b" outcome="Passed" testListId="8c84fa94-04c1-424b-9868-57a2d4851a1d" relativeResultsDirectory="f830553b-3b2a-4bc2-bae8-110ae8c44c65" />
    <UnitTestResult executionId="91853e07-df05-4d24-9b44-524194b99af3" testId="0f356d5d-2bf4-4aab-b5fd-d3a8e86046cb" testName="CreateSHA512_Passing_Invalid_Arguments_Returns_ApplicationException ()" computerName="PC-SFERRARI" duration="00:00:00.0007789" startTime="2022-12-28T12:59:52.0185335+01:00" endTime="2022-12-28T12:59:52.0195244+01:00" testType="13cdc9d9-ddb5-4fa4-a97d-d965ccfc6d4b" outcome="Passed" testListId="8c84fa94-04c1-424b-9868-57a2d4851a1d" relativeResultsDirectory="91853e07-df05-4d24-9b44-524194b99af3" />
    <UnitTestResult executionId="462f5d34-2dbd-44aa-9627-27e18a72aba0" testId="e9a28500-8dda-43ba-8451-cc113109f3f0" testName="CreateRandom_WithCustomAllowableCharacters_Passing_Valid_Arguments_Returns_String_Random_Value (20,qazwscefbthmiklp09876543)" computerName="PC-SFERRARI" duration="00:00:00.0000321" startTime="2022-12-28T12:59:52.0081137+01:00" endTime="2022-12-28T12:59:52.0084444+01:00" testType="13cdc9d9-ddb5-4fa4-a97d-d965ccfc6d4b" outcome="Passed" testListId="8c84fa94-04c1-424b-9868-57a2d4851a1d" relativeResultsDirectory="462f5d34-2dbd-44aa-9627-27e18a72aba0" />
    <UnitTestResult executionId="cc751f39-683d-4e16-9a91-736dbefb32bd" testId="05b0c099-1a66-455b-8580-2318eb03b87a" testName="ToEnvironment_Passing_Custom_Enviroment_Returns_Custom_Name" computerName="PC-SFERRARI" duration="00:00:00.1656695" startTime="2022-12-28T12:59:51.3217966+01:00" endTime="2022-12-28T12:59:51.4877889+01:00" testType="13cdc9d9-ddb5-4fa4-a97d-d965ccfc6d4b" outcome="Passed" testListId="8c84fa94-04c1-424b-9868-57a2d4851a1d" relativeResultsDirectory="cc751f39-683d-4e16-9a91-736dbefb32bd" />
    <UnitTestResult executionId="24279237-d029-4eb0-a01b-c7f99ec6e17e" testId="da682d4c-c85b-4a91-881b-cd64dee8ea55" testName="ToDefaultValue_Passing_uint_Returns_Cero" computerName="PC-SFERRARI" duration="00:00:00.0011744" startTime="2022-12-28T12:59:51.9683432+01:00" endTime="2022-12-28T12:59:51.9697059+01:00" testType="13cdc9d9-ddb5-4fa4-a97d-d965ccfc6d4b" outcome="Passed" testListId="8c84fa94-04c1-424b-9868-57a2d4851a1d" relativeResultsDirectory="24279237-d029-4eb0-a01b-c7f99ec6e17e" />
    <UnitTestResult executionId="b375bac0-9bbb-4c28-8d7c-c70c46b74fe2" testId="4459a044-5895-4e77-a0ad-f0edbc242f36" testName="ToStringFormat_Passing_ValidValue_Returns_ValueWithoutRemovedChars (-2147483648)" computerName="PC-SFERRARI" duration="00:00:00.0000060" startTime="2022-12-28T12:59:52.3228506+01:00" endTime="2022-12-28T12:59:52.3229701+01:00" testType="13cdc9d9-ddb5-4fa4-a97d-d965ccfc6d4b" outcome="Passed" testListId="8c84fa94-04c1-424b-9868-57a2d4851a1d" relativeResultsDirectory="b375bac0-9bbb-4c28-8d7c-c70c46b74fe2" />
    <UnitTestResult executionId="6ce004d1-e645-4810-871b-8327babe0d09" testId="8462e7b3-4f60-4032-8e50-d57443998068" testName="ToEmailMaskUserNameAndDomain_Passing_ValidEmail_Returns_EmailWithMask (qazwsx@gmailgmail.com,q****x@g********l.com)" computerName="PC-SFERRARI" duration="00:00:00.0000177" startTime="2022-12-28T12:59:52.5093545+01:00" endTime="2022-12-28T12:59:52.5094701+01:00" testType="13cdc9d9-ddb5-4fa4-a97d-d965ccfc6d4b" outcome="Passed" testListId="8c84fa94-04c1-424b-9868-57a2d4851a1d" relativeResultsDirectory="6ce004d1-e645-4810-871b-8327babe0d09" />
    <UnitTestResult executionId="9e699bda-e51e-4651-b045-af0e996bd239" testId="7bf107be-285d-4575-8163-dbb5c990a3e4" testName="ToFirstLetterLower_Passing_ValidValue_Returns_StringWithFirstLetterLower (aeioU,aeioU)" computerName="PC-SFERRARI" duration="00:00:00.0000055" startTime="2022-12-28T12:59:52.5447236+01:00" endTime="2022-12-28T12:59:52.5448432+01:00" testType="13cdc9d9-ddb5-4fa4-a97d-d965ccfc6d4b" outcome="Passed" testListId="8c84fa94-04c1-424b-9868-57a2d4851a1d" relativeResultsDirectory="9e699bda-e51e-4651-b045-af0e996bd239" />
    <UnitTestResult executionId="9de6b7e9-2455-4e0c-b786-db8823cc50e9" testId="290e5791-4621-41b4-89b8-2640efeb1425" testName="ToFirstLetterLower_Passing_ValidValue_Returns_StringWithFirstLetterLower (Aeiou,aeiou)" computerName="PC-SFERRARI" duration="00:00:00.0000061" startTime="2022-12-28T12:59:52.5465185+01:00" endTime="2022-12-28T12:59:52.5466494+01:00" testType="13cdc9d9-ddb5-4fa4-a97d-d965ccfc6d4b" outcome="Passed" testListId="8c84fa94-04c1-424b-9868-57a2d4851a1d" relativeResultsDirectory="9de6b7e9-2455-4e0c-b786-db8823cc50e9" />
    <UnitTestResult executionId="737aac35-2061-4563-b74c-ea34b2e1b486" testId="b4b2c068-76cb-448b-bd93-63c292a78e31" testName="ThrowIfNotEmail_Passing_InvalidValue_Returns_ApplicationExceptionWithMessage (34fsds@@sdd.f)" computerName="PC-SFERRARI" duration="00:00:00.0004004" startTime="2022-12-28T12:59:52.8625563+01:00" endTime="2022-12-28T12:59:52.8632408+01:00" testType="13cdc9d9-ddb5-4fa4-a97d-d965ccfc6d4b" outcome="Passed" testListId="8c84fa94-04c1-424b-9868-57a2d4851a1d" relativeResultsDirectory="737aac35-2061-4563-b74c-ea34b2e1b486" />
    <UnitTestResult executionId="cae78a03-17a2-4fa4-8bbd-5f6b6c574335" testId="df5e0ebd-08ee-4c3d-aa8a-259aaa6ea7cd" testName="CreateAndVerifySHA512_Passing_Valid_Arguments_Returns_True (HashTests)" computerName="PC-SFERRARI" duration="00:00:00.0002504" startTime="2022-12-28T12:59:51.9966084+01:00" endTime="2022-12-28T12:59:51.9970588+01:00" testType="13cdc9d9-ddb5-4fa4-a97d-d965ccfc6d4b" outcome="Passed" testListId="8c84fa94-04c1-424b-9868-57a2d4851a1d" relativeResultsDirectory="cae78a03-17a2-4fa4-8bbd-5f6b6c574335" />
    <UnitTestResult executionId="11fec023-11a4-4dbe-9a72-440ca8ed9e45" testId="c970dd92-f0ee-431d-8327-9696ac992f51" testName="ToDictionaryPropertyInfo_Passing_Object_IncludeNullOrEmptyProperty_Returns_Properties_NameAndValue_Dictionary" computerName="PC-SFERRARI" duration="00:00:00.0033710" startTime="2022-12-28T12:59:51.9725859+01:00" endTime="2022-12-28T12:59:51.9760680+01:00" testType="13cdc9d9-ddb5-4fa4-a97d-d965ccfc6d4b" outcome="Passed" testListId="8c84fa94-04c1-424b-9868-57a2d4851a1d" relativeResultsDirectory="11fec023-11a4-4dbe-9a72-440ca8ed9e45" />
    <UnitTestResult executionId="b55b40f0-c21d-4f52-94c6-88568ce13f9f" testId="37440a92-00b8-4535-b920-a429477eca4d" testName="ToInt_Passing_InvalidValueString_Returns_DefaultValue (asdasdasdasd234324)" computerName="PC-SFERRARI" duration="00:00:00.0000045" startTime="2022-12-28T12:59:52.5595773+01:00" endTime="2022-12-28T12:59:52.5596651+01:00" testType="13cdc9d9-ddb5-4fa4-a97d-d965ccfc6d4b" outcome="Passed" testListId="8c84fa94-04c1-424b-9868-57a2d4851a1d" relativeResultsDirectory="b55b40f0-c21d-4f52-94c6-88568ce13f9f" />
    <UnitTestResult executionId="f88f5038-eae6-4449-82cb-d44ac823202b" testId="8c9fbeb8-10d1-44c3-ac5f-ed523673df34" testName="ToEnvironment_Passing_Production_Enviroment_Returns_Production_Name" computerName="PC-SFERRARI" duration="00:00:00.0011039" startTime="2022-12-28T12:59:51.5470902+01:00" endTime="2022-12-28T12:59:51.5483842+01:00" testType="13cdc9d9-ddb5-4fa4-a97d-d965ccfc6d4b" outcome="Passed" testListId="8c84fa94-04c1-424b-9868-57a2d4851a1d" relativeResultsDirectory="f88f5038-eae6-4449-82cb-d44ac823202b" />
    <UnitTestResult executionId="5d90afdd-5ac1-420c-a114-7e638a693f5c" testId="63681c9d-295c-455c-ae3c-713aecde79fb" testName="ToDefaultValue_Passing_ushort_Returns_Cero" computerName="PC-SFERRARI" duration="00:00:00.0002810" startTime="2022-12-28T12:59:51.9721300+01:00" endTime="2022-12-28T12:59:51.9725330+01:00" testType="13cdc9d9-ddb5-4fa4-a97d-d965ccfc6d4b" outcome="Passed" testListId="8c84fa94-04c1-424b-9868-57a2d4851a1d" relativeResultsDirectory="5d90afdd-5ac1-420c-a114-7e638a693f5c" />
    <UnitTestResult executionId="07af63b8-78e4-44e5-9add-9bf3f865d0b9" testId="3ed176e6-ab37-4a29-b155-805abfd790bd" testName="ToEmailMaskUserNameAndDomain_Passing_ValidEmail_Returns_EmailWithMask (qaz@gmailgmail.com,q*z@g********l.com)" computerName="PC-SFERRARI" duration="00:00:00.0000169" startTime="2022-12-28T12:59:52.5092060+01:00" endTime="2022-12-28T12:59:52.5093246+01:00" testType="13cdc9d9-ddb5-4fa4-a97d-d965ccfc6d4b" outcome="Passed" testListId="8c84fa94-04c1-424b-9868-57a2d4851a1d" relativeResultsDirectory="07af63b8-78e4-44e5-9add-9bf3f865d0b9" />
    <UnitTestResult executionId="7dafbf9b-14be-4773-b1d2-05e14c532676" testId="cb39f019-8ad5-47b6-88d4-01648965f5a2" testName="ToAuthenticationType_Passing_Claims_Returns_Null" computerName="PC-SFERRARI" duration="00:00:00.0007023" startTime="2022-12-28T12:59:51.7310625+01:00" endTime="2022-12-28T12:59:51.7318720+01:00" testType="13cdc9d9-ddb5-4fa4-a97d-d965ccfc6d4b" outcome="Passed" testListId="8c84fa94-04c1-424b-9868-57a2d4851a1d" relativeResultsDirectory="7dafbf9b-14be-4773-b1d2-05e14c532676" />
    <UnitTestResult executionId="e1bd27fe-8a91-4c9f-bdc7-3b39c973649d" testId="120bf58a-7805-4e74-b650-c0f780a4034d" testName="ToService_Passing_Service_Not_Found_Returns_Null" computerName="PC-SFERRARI" duration="00:00:00.0002764" startTime="2022-12-28T12:59:51.5645749+01:00" endTime="2022-12-28T12:59:51.5649734+01:00" testType="13cdc9d9-ddb5-4fa4-a97d-d965ccfc6d4b" outcome="Passed" testListId="8c84fa94-04c1-424b-9868-57a2d4851a1d" relativeResultsDirectory="e1bd27fe-8a91-4c9f-bdc7-3b39c973649d" />
    <UnitTestResult executionId="30bfcdc9-2f57-4004-8657-8ec53a695324" testId="13ef9025-f0c8-4326-ac16-34bc116dd2cf" testName="ToFullMessage_Passing_ExceptionWithMessage_Returns_Message" computerName="PC-SFERRARI" duration="00:00:00.0001252" startTime="2022-12-28T12:59:51.9513493+01:00" endTime="2022-12-28T12:59:51.9515506+01:00" testType="13cdc9d9-ddb5-4fa4-a97d-d965ccfc6d4b" outcome="Passed" testListId="8c84fa94-04c1-424b-9868-57a2d4851a1d" relativeResultsDirectory="30bfcdc9-2f57-4004-8657-8ec53a695324" />
    <UnitTestResult executionId="739e35e1-8ac3-4dd5-8e63-775be5dfa922" testId="ef01cef6-f0b2-4011-9b0c-46e8db27c169" testName="ToMapMerge_Passing_Destination_Object_Returns_Merged_Destination_Object" computerName="PC-SFERRARI" duration="00:00:00.0144859" startTime="2022-12-28T12:59:51.2947289+01:00" endTime="2022-12-28T12:59:51.3093693+01:00" testType="13cdc9d9-ddb5-4fa4-a97d-d965ccfc6d4b" outcome="Passed" testListId="8c84fa94-04c1-424b-9868-57a2d4851a1d" relativeResultsDirectory="739e35e1-8ac3-4dd5-8e63-775be5dfa922" />
    <UnitTestResult executionId="51adb3a8-f2d7-49d5-85af-2303987c1ea2" testId="4c31f238-7507-45d0-b91f-bca7b9b952c1" testName="ToYesterday_Passing_DateTime_Returns_Yesterday_DateTime" computerName="PC-SFERRARI" duration="00:00:00.0001396" startTime="2022-12-28T12:59:51.9051392+01:00" endTime="2022-12-28T12:59:51.9053424+01:00" testType="13cdc9d9-ddb5-4fa4-a97d-d965ccfc6d4b" outcome="Passed" testListId="8c84fa94-04c1-424b-9868-57a2d4851a1d" relativeResultsDirectory="51adb3a8-f2d7-49d5-85af-2303987c1ea2" />
    <UnitTestResult executionId="513fa005-6379-4662-b4d6-3679c76455c5" testId="ea45e521-554c-496f-8d8b-40c04d43cafe" testName="ToPaged_Passing_Age_Descending_Order_Returns_Filter_List" computerName="PC-SFERRARI" duration="00:00:00.0007692" startTime="2022-12-28T12:59:52.3378479+01:00" endTime="2022-12-28T12:59:52.3387661+01:00" testType="13cdc9d9-ddb5-4fa4-a97d-d965ccfc6d4b" outcome="Passed" testListId="8c84fa94-04c1-424b-9868-57a2d4851a1d" relativeResultsDirectory="513fa005-6379-4662-b4d6-3679c76455c5" />
    <UnitTestResult executionId="835d03ca-77b4-4977-88f6-594d48280fb7" testId="a11af258-ff7f-47a4-ab44-1132c689e843" testName="ResultInternalServerError" computerName="PC-SFERRARI" duration="00:00:00.0003861" startTime="2022-12-28T12:59:52.4135369+01:00" endTime="2022-12-28T12:59:52.4141372+01:00" testType="13cdc9d9-ddb5-4fa4-a97d-d965ccfc6d4b" outcome="Passed" testListId="8c84fa94-04c1-424b-9868-57a2d4851a1d" relativeResultsDirectory="835d03ca-77b4-4977-88f6-594d48280fb7" />
    <UnitTestResult executionId="69891a64-d5d9-4de5-ac2e-2a5faea7a468" testId="9751dc6c-ad08-42d4-828d-5a349caac043" testName="ToIsAuthenticated_Passing_Claims_Returns_True" computerName="PC-SFERRARI" duration="00:00:00.0009538" startTime="2022-12-28T12:59:51.7907581+01:00" endTime="2022-12-28T12:59:51.7918487+01:00" testType="13cdc9d9-ddb5-4fa4-a97d-d965ccfc6d4b" outcome="Passed" testListId="8c84fa94-04c1-424b-9868-57a2d4851a1d" relativeResultsDirectory="69891a64-d5d9-4de5-ac2e-2a5faea7a468" />
    <UnitTestResult executionId="6e71e9a9-aaaa-4237-83f7-69ce25681d53" testId="8e43eee4-6195-4524-9a6f-5db8e80fa882" testName="ToEmailMaskUserName_Passing_ValidEmail_Returns_EmailWithMask (qazwsx@gmail.com,q****x@gmail.com)" computerName="PC-SFERRARI" duration="00:00:00.0003456" startTime="2022-12-28T12:59:52.5103383+01:00" endTime="2022-12-28T12:59:52.5110142+01:00" testType="13cdc9d9-ddb5-4fa4-a97d-d965ccfc6d4b" outcome="Passed" testListId="8c84fa94-04c1-424b-9868-57a2d4851a1d" relativeResultsDirectory="6e71e9a9-aaaa-4237-83f7-69ce25681d53" />
    <UnitTestResult executionId="f6fd15d2-d79e-4c49-877d-6c85cb74cee8" testId="4e703d42-256e-41bc-a5d2-b01bef160431" testName="ToReplaceSpecialChars_Passing_ValidValue_Returns_ReplacedValueWithoutIgnoreSpecialChars (àáäâãøçħ,aaaaaoch)" computerName="PC-SFERRARI" duration="00:00:00.0003055" startTime="2022-12-28T12:59:52.6165174+01:00" endTime="2022-12-28T12:59:52.6190420+01:00" testType="13cdc9d9-ddb5-4fa4-a97d-d965ccfc6d4b" outcome="Passed" testListId="8c84fa94-04c1-424b-9868-57a2d4851a1d" relativeResultsDirectory="f6fd15d2-d79e-4c49-877d-6c85cb74cee8" />
    <UnitTestResult executionId="008f7843-cf33-43ed-bcbb-f68ee7c998aa" testId="608c2a52-0b20-40cf-950f-b9f2daac9760" testName="ToGet_Passing_Claims_Returns_Claim_Value_String" computerName="PC-SFERRARI" duration="00:00:00.0008718" startTime="2022-12-28T12:59:51.7884972+01:00" endTime="2022-12-28T12:59:51.7895147+01:00" testType="13cdc9d9-ddb5-4fa4-a97d-d965ccfc6d4b" outcome="Passed" testListId="8c84fa94-04c1-424b-9868-57a2d4851a1d" relativeResultsDirectory="008f7843-cf33-43ed-bcbb-f68ee7c998aa" />
    <UnitTestResult executionId="25d4b0f3-4788-4e53-8903-64cbaa159cdb" testId="a36a440d-9fa2-4cdf-8217-8e926a925265" testName="IsNullOrAny_Passing_InvalidValue_Returns_True" computerName="PC-SFERRARI" duration="00:00:00.0001701" startTime="2022-12-28T12:59:52.8550461+01:00" endTime="2022-12-28T12:59:52.8553907+01:00" testType="13cdc9d9-ddb5-4fa4-a97d-d965ccfc6d4b" outcome="Passed" testListId="8c84fa94-04c1-424b-9868-57a2d4851a1d" relativeResultsDirectory="25d4b0f3-4788-4e53-8903-64cbaa159cdb" />
    <UnitTestResult executionId="24679326-049f-4579-ae13-73a49cf06704" testId="371e9bff-b7bc-4d40-a946-9b7e4b6b0d2b" testName="ToDefaultValue_Passing_float_Returns_Cero" computerName="PC-SFERRARI" duration="00:00:00.0006411" startTime="2022-12-28T12:59:51.9640665+01:00" endTime="2022-12-28T12:59:51.9648424+01:00" testType="13cdc9d9-ddb5-4fa4-a97d-d965ccfc6d4b" outcome="Passed" testListId="8c84fa94-04c1-424b-9868-57a2d4851a1d" relativeResultsDirectory="24679326-049f-4579-ae13-73a49cf06704" />
    <UnitTestResult executionId="94adf498-d3bf-4727-b46b-b4532b8879dd" testId="0647c16d-69cd-40cf-8502-22c991424b60" testName="ToNormalize_Passing_ValidValue_Returns_NormalizedValue (The End,The End)" computerName="PC-SFERRARI" duration="00:00:00.0000680" startTime="2022-12-28T12:59:52.5915847+01:00" endTime="2022-12-28T12:59:52.5918979+01:00" testType="13cdc9d9-ddb5-4fa4-a97d-d965ccfc6d4b" outcome="Passed" testListId="8c84fa94-04c1-424b-9868-57a2d4851a1d" relativeResultsDirectory="94adf498-d3bf-4727-b46b-b4532b8879dd" />
    <UnitTestResult executionId="c01b53e5-fe25-44ec-a746-38c42f7972d4" testId="62fc978b-7b70-47ba-bee3-534ec169b108" testName="ToUri_Passing_InvalidValueString_Returns_DefaultValue (http://??/)" computerName="PC-SFERRARI" duration="00:00:00.0000214" startTime="2022-12-28T12:59:52.6355244+01:00" endTime="2022-12-28T12:59:52.6357922+01:00" testType="13cdc9d9-ddb5-4fa4-a97d-d965ccfc6d4b" outcome="Passed" testListId="8c84fa94-04c1-424b-9868-57a2d4851a1d" relativeResultsDirectory="c01b53e5-fe25-44ec-a746-38c42f7972d4" />
    <UnitTestResult executionId="5f0285a7-13af-4dd2-af99-8a1cb3144692" testId="06c40ea1-7a6d-405c-a4b4-8737e42b342c" testName="ToConfiguration_Passing_Invalid_DirectoryPath_Returns_ApplicationException" computerName="PC-SFERRARI" duration="00:00:00.0008614" startTime="2022-12-28T12:59:51.8066103+01:00" endTime="2022-12-28T12:59:51.8076191+01:00" testType="13cdc9d9-ddb5-4fa4-a97d-d965ccfc6d4b" outcome="Passed" testListId="8c84fa94-04c1-424b-9868-57a2d4851a1d" relativeResultsDirectory="5f0285a7-13af-4dd2-af99-8a1cb3144692" />
    <UnitTestResult executionId="021ffead-52e3-4bce-8793-0ea34c68f0ac" testId="1d100068-6b80-4bd8-870b-9d5ea43e4890" testName="ToString_Passing_Valid_Collection_With_Custom_Separator_Returns_String_With_Custom_Separator" computerName="PC-SFERRARI" duration="00:00:00.0002101" startTime="2022-12-28T12:59:51.9140880+01:00" endTime="2022-12-28T12:59:51.9143965+01:00" testType="13cdc9d9-ddb5-4fa4-a97d-d965ccfc6d4b" outcome="Passed" testListId="8c84fa94-04c1-424b-9868-57a2d4851a1d" relativeResultsDirectory="021ffead-52e3-4bce-8793-0ea34c68f0ac" />
    <UnitTestResult executionId="c93e598d-7fb0-4679-bd5f-f69dae9df586" testId="29a20168-d50a-4cec-8ac5-4a99a3450361" testName="ToDefaultValue_Passing_long_Returns_Cero (9223372036854775807)" computerName="PC-SFERRARI" duration="00:00:00.0004613" startTime="2022-12-28T12:59:51.9655853+01:00" endTime="2022-12-28T12:59:51.9664377+01:00" testType="13cdc9d9-ddb5-4fa4-a97d-d965ccfc6d4b" outcome="Passed" testListId="8c84fa94-04c1-424b-9868-57a2d4851a1d" relativeResultsDirectory="c93e598d-7fb0-4679-bd5f-f69dae9df586" />
    <UnitTestResult executionId="91e3d59a-0b39-4f88-a5dd-11c2a8aa1b12" testId="659369d4-774a-40fb-804d-fa1e3b2c608a" testName="ToPaged_Passing_Name_Descending_Order_Returns_Filter_List" computerName="PC-SFERRARI" duration="00:00:00.0005567" startTime="2022-12-28T12:59:52.3407643+01:00" endTime="2022-12-28T12:59:52.3414354+01:00" testType="13cdc9d9-ddb5-4fa4-a97d-d965ccfc6d4b" outcome="Passed" testListId="8c84fa94-04c1-424b-9868-57a2d4851a1d" relativeResultsDirectory="91e3d59a-0b39-4f88-a5dd-11c2a8aa1b12" />
    <UnitTestResult executionId="44c307e5-c41e-40eb-8149-a722a01bbf85" testId="8a5a68eb-09fe-428d-aba6-b9ae883bbafd" testName="ToReplace_Passing_ValidValue_Returns_ReplacedValue (aeiou,*,0,3,***ou)" computerName="PC-SFERRARI" duration="00:00:00.0000093" startTime="2022-12-28T12:59:52.6237134+01:00" endTime="2022-12-28T12:59:52.6240002+01:00" testType="13cdc9d9-ddb5-4fa4-a97d-d965ccfc6d4b" outcome="Passed" testListId="8c84fa94-04c1-424b-9868-57a2d4851a1d" relativeResultsDirectory="44c307e5-c41e-40eb-8149-a722a01bbf85" />
    <UnitTestResult executionId="063809d5-a69d-492f-af23-7b71fadbf482" testId="c8d0ef7d-c3c4-4c18-8f6b-66e4b17b3e74" testName="ToConfiguration_Passing_Valid_DirectoryPath_Invalid_JsonFileName_Not_Optional_Returns_ApplicationException" computerName="PC-SFERRARI" duration="00:00:00.0075118" startTime="2022-12-28T12:59:51.8181601+01:00" endTime="2022-12-28T12:59:51.8258248+01:00" testType="13cdc9d9-ddb5-4fa4-a97d-d965ccfc6d4b" outcome="Passed" testListId="8c84fa94-04c1-424b-9868-57a2d4851a1d" relativeResultsDirectory="063809d5-a69d-492f-af23-7b71fadbf482" />
    <UnitTestResult executionId="0f2b2df8-2af8-4eb1-9d91-2495b1a533a3" testId="b26b42d3-f764-4270-9906-1ad1a1105aaf" testName="ToSubdomain_Passing_HttpRequest_Host_Returns_Subdomain" computerName="PC-SFERRARI" duration="00:00:00.0012785" startTime="2022-12-28T12:59:52.1045521+01:00" endTime="2022-12-28T12:59:52.1060729+01:00" testType="13cdc9d9-ddb5-4fa4-a97d-d965ccfc6d4b" outcome="Passed" testListId="8c84fa94-04c1-424b-9868-57a2d4851a1d" relativeResultsDirectory="0f2b2df8-2af8-4eb1-9d91-2495b1a533a3" />
    <UnitTestResult executionId="3079d74b-9454-4920-84ca-a515afa70ecd" testId="51a94467-52b9-4909-af60-f2adf05561ab" testName="ToFirstLetterLower_Passing_ValidValue_Returns_StringWithFirstLetterLower (aEIOU,aEIOU)" computerName="PC-SFERRARI" duration="00:00:00.0001814" startTime="2022-12-28T12:59:52.5443891+01:00" endTime="2022-12-28T12:59:52.5446885+01:00" testType="13cdc9d9-ddb5-4fa4-a97d-d965ccfc6d4b" outcome="Passed" testListId="8c84fa94-04c1-424b-9868-57a2d4851a1d" relativeResultsDirectory="3079d74b-9454-4920-84ca-a515afa70ecd" />
    <UnitTestResult executionId="46ab8bca-83ae-433d-9c1d-b8ac5a0bca53" testId="e410097f-d36c-4732-9b9a-2090345e1075" testName="ToUri_Passing_ValidValueString_Returns_Uri (https://foo.com/blah_blah/p=5)" computerName="PC-SFERRARI" duration="00:00:00.0000111" startTime="2022-12-28T12:59:52.6544232+01:00" endTime="2022-12-28T12:59:52.6546543+01:00" testType="13cdc9d9-ddb5-4fa4-a97d-d965ccfc6d4b" outcome="Passed" testListId="8c84fa94-04c1-424b-9868-57a2d4851a1d" relativeResultsDirectory="46ab8bca-83ae-433d-9c1d-b8ac5a0bca53" />
    <UnitTestResult executionId="e811de58-b5f1-4a44-8bbd-3e4e061c8a84" testId="ff114751-ec43-4082-81a7-a5dab62c54d0" testName="ToFirstLetterLower_Passing_ValidValue_Returns_StringWithFirstLetterLower (aeiou,aeiou)" computerName="PC-SFERRARI" duration="00:00:00.0002111" startTime="2022-12-28T12:59:52.5439675+01:00" endTime="2022-12-28T12:59:52.5443523+01:00" testType="13cdc9d9-ddb5-4fa4-a97d-d965ccfc6d4b" outcome="Passed" testListId="8c84fa94-04c1-424b-9868-57a2d4851a1d" relativeResultsDirectory="e811de58-b5f1-4a44-8bbd-3e4e061c8a84" />
    <UnitTestResult executionId="6baa0090-b5b7-402b-ab07-f507fb29c5cc" testId="16ce3f46-3662-46f9-b55c-b512c294763f" testName="ToIsNameThrow_Passing_InvalidValue_Returns_ApplicationExceptionWithMessage" computerName="PC-SFERRARI" duration="00:00:00.0012530" startTime="2022-12-28T12:59:52.8800649+01:00" endTime="2022-12-28T12:59:52.8815179+01:00" testType="13cdc9d9-ddb5-4fa4-a97d-d965ccfc6d4b" outcome="Passed" testListId="8c84fa94-04c1-424b-9868-57a2d4851a1d" relativeResultsDirectory="6baa0090-b5b7-402b-ab07-f507fb29c5cc" />
    <UnitTestResult executionId="c9d35319-3c41-4681-8fae-7bcba333c455" testId="74d9ad90-5640-4d34-8033-9c7891d36d5d" testName="ThrowIfNotSubdomain_Passing_InvalidValue_Returns_ApplicationExceptionWithMessage (34fsds@@sdd.f)" computerName="PC-SFERRARI" duration="00:00:00.0004237" startTime="2022-12-28T12:59:52.8710077+01:00" endTime="2022-12-28T12:59:52.8717866+01:00" testType="13cdc9d9-ddb5-4fa4-a97d-d965ccfc6d4b" outcome="Passed" testListId="8c84fa94-04c1-424b-9868-57a2d4851a1d" relativeResultsDirectory="c9d35319-3c41-4681-8fae-7bcba333c455" />
    <UnitTestResult executionId="9aa3ebe7-6ea0-4574-ac07-aaa292e94584" testId="5d4c5b26-5d5a-4c94-b1f6-dab8d3279a85" testName="ThrowIfNotEmail_Passing_InvalidValue_Returns_ApplicationExceptionWithMessage (dasdasd@dsasd.._ff)" computerName="PC-SFERRARI" duration="00:00:00.0010592" startTime="2022-12-28T12:59:52.8611163+01:00" endTime="2022-12-28T12:59:52.8624595+01:00" testType="13cdc9d9-ddb5-4fa4-a97d-d965ccfc6d4b" outcome="Passed" testListId="8c84fa94-04c1-424b-9868-57a2d4851a1d" relativeResultsDirectory="9aa3ebe7-6ea0-4574-ac07-aaa292e94584" />
    <UnitTestResult executionId="f380ccb6-0f42-4467-ac24-d93b1e54e161" testId="061514cf-127d-4aa4-89c3-3ba8c16bda22" testName="ToInt_Passing_ValidValueString_Returns_Int (1234567890)" computerName="PC-SFERRARI" duration="00:00:00.0003378" startTime="2022-12-28T12:59:52.5636276+01:00" endTime="2022-12-28T12:59:52.5671790+01:00" testType="13cdc9d9-ddb5-4fa4-a97d-d965ccfc6d4b" outcome="Passed" testListId="8c84fa94-04c1-424b-9868-57a2d4851a1d" relativeResultsDirectory="f380ccb6-0f42-4467-ac24-d93b1e54e161" />
    <UnitTestResult executionId="761276f0-7316-4168-b217-8580dfbb574b" testId="6e751e9a-ee86-4381-a159-e25c05780e41" testName="ToUri_Passing_InvalidValueString_Returns_DefaultValue (http://##)" computerName="PC-SFERRARI" duration="00:00:00.0000213" startTime="2022-12-28T12:59:52.6383889+01:00" endTime="2022-12-28T12:59:52.6386888+01:00" testType="13cdc9d9-ddb5-4fa4-a97d-d965ccfc6d4b" outcome="Passed" testListId="8c84fa94-04c1-424b-9868-57a2d4851a1d" relativeResultsDirectory="761276f0-7316-4168-b217-8580dfbb574b" />
    <UnitTestResult executionId="27337643-85bf-44a6-8d35-6b647db2476c" testId="1edf77e9-7196-41a7-a89e-a7a5fc12cebb" testName="ToNormalize_Passing_ValidValue_Returns_NormalizedValue (i’ LL,i LL)" computerName="PC-SFERRARI" duration="00:00:00.0000562" startTime="2022-12-28T12:59:52.5878918+01:00" endTime="2022-12-28T12:59:52.5881807+01:00" testType="13cdc9d9-ddb5-4fa4-a97d-d965ccfc6d4b" outcome="Passed" testListId="8c84fa94-04c1-424b-9868-57a2d4851a1d" relativeResultsDirectory="27337643-85bf-44a6-8d35-6b647db2476c" />
    <UnitTestResult executionId="5b9fde2b-d8be-4c76-8046-334a36bc7889" testId="10acdf3c-5479-43eb-af48-447f9b3823d2" testName="ToService_Passing_Service_Not_Found_Returns_ApplicationException" computerName="PC-SFERRARI" duration="00:00:00.0004801" startTime="2022-12-28T12:59:51.5639155+01:00" endTime="2022-12-28T12:59:51.5645130+01:00" testType="13cdc9d9-ddb5-4fa4-a97d-d965ccfc6d4b" outcome="Passed" testListId="8c84fa94-04c1-424b-9868-57a2d4851a1d" relativeResultsDirectory="5b9fde2b-d8be-4c76-8046-334a36bc7889" />
    <UnitTestResult executionId="56506e54-71e6-44d8-ab19-40e28ee023ee" testId="d8668516-2994-41ae-8ffc-050d7b3993e8" testName="ToDictionaryPropertyInfo_Passing_Object_Not_IncludeNullOrEmptyProperty_Returns_Properties_NameAndValue_Dictionary" computerName="PC-SFERRARI" duration="00:00:00.0008963" startTime="2022-12-28T12:59:51.9762311+01:00" endTime="2022-12-28T12:59:51.9773326+01:00" testType="13cdc9d9-ddb5-4fa4-a97d-d965ccfc6d4b" outcome="Passed" testListId="8c84fa94-04c1-424b-9868-57a2d4851a1d" relativeResultsDirectory="56506e54-71e6-44d8-ab19-40e28ee023ee" />
    <UnitTestResult executionId="a8254230-f654-455c-8cf2-ccb39b429168" testId="897e2899-79c0-44e0-95a5-9fbf30400214" testName="ToRemove_Passing_ValidValue_Returns_ValueWithoutRemovedChars (hello hello , ,hellohello)" computerName="PC-SFERRARI" duration="00:00:00.0000390" startTime="2022-12-28T12:59:52.6062159+01:00" endTime="2022-12-28T12:59:52.6065283+01:00" testType="13cdc9d9-ddb5-4fa4-a97d-d965ccfc6d4b" outcome="Passed" testListId="8c84fa94-04c1-424b-9868-57a2d4851a1d" relativeResultsDirectory="a8254230-f654-455c-8cf2-ccb39b429168" />
    <UnitTestResult executionId="470fa488-0bac-4384-8c97-1d078a3d2b64" testId="ecfc3229-6b50-4c1a-a894-503d0fdf5372" testName="ToUri_Passing_InvalidValueString_Returns_Null (http://??/)" computerName="PC-SFERRARI" duration="00:00:00.0000075" startTime="2022-12-28T12:59:52.6441457+01:00" endTime="2022-12-28T12:59:52.6442562+01:00" testType="13cdc9d9-ddb5-4fa4-a97d-d965ccfc6d4b" outcome="Passed" testListId="8c84fa94-04c1-424b-9868-57a2d4851a1d" relativeResultsDirectory="470fa488-0bac-4384-8c97-1d078a3d2b64" />
    <UnitTestResult executionId="690e9109-e8b4-46b1-974f-fc3be771355b" testId="d1d8dedf-3117-4975-b344-db7c9b27c817" testName="ToStringFormat_Passing_ValidValue_Returns_ValueWithoutRemovedChars (2147483647)" computerName="PC-SFERRARI" duration="00:00:00.0000054" startTime="2022-12-28T12:59:52.3227095+01:00" endTime="2022-12-28T12:59:52.3228155+01:00" testType="13cdc9d9-ddb5-4fa4-a97d-d965ccfc6d4b" outcome="Passed" testListId="8c84fa94-04c1-424b-9868-57a2d4851a1d" relativeResultsDirectory="690e9109-e8b4-46b1-974f-fc3be771355b" />
    <UnitTestResult executionId="ca1f8559-b638-4ab3-b435-611d8c2a558a" testId="5915cc22-c8f1-4167-821f-594803cc6c4a" testName="ToGet_Passing_Claims_Returns_Claim_Value_Int" computerName="PC-SFERRARI" duration="00:00:00.0076471" startTime="2022-12-28T12:59:51.7768591+01:00" endTime="2022-12-28T12:59:51.7846642+01:00" testType="13cdc9d9-ddb5-4fa4-a97d-d965ccfc6d4b" outcome="Passed" testListId="8c84fa94-04c1-424b-9868-57a2d4851a1d" relativeResultsDirectory="ca1f8559-b638-4ab3-b435-611d8c2a558a" />
    <UnitTestResult executionId="a84044bf-eedd-4f53-b19c-8b5f4837d06c" testId="8557721d-7cfd-491f-aaeb-6efbf1a86cba" testName="ToUri_Passing_ValidValueString_Returns_Uri (http://foo.com/unicode_(✪)_in_parens)" computerName="PC-SFERRARI" duration="00:00:00.0000177" startTime="2022-12-28T12:59:52.6859456+01:00" endTime="2022-12-28T12:59:52.6861434+01:00" testType="13cdc9d9-ddb5-4fa4-a97d-d965ccfc6d4b" outcome="Passed" testListId="8c84fa94-04c1-424b-9868-57a2d4851a1d" relativeResultsDirectory="a84044bf-eedd-4f53-b19c-8b5f4837d06c" />
    <UnitTestResult executionId="e65c58fa-30aa-4949-bc9e-e5a88c4a8cdf" testId="6912f70b-9e23-4ec5-90c0-74784b3f9a60" testName="ToNormalize_Passing_ValidValue_Returns_NormalizedValue (Münçhen,Munchen)" computerName="PC-SFERRARI" duration="00:00:00.0000804" startTime="2022-12-28T12:59:52.5864619+01:00" endTime="2022-12-28T12:59:52.5868194+01:00" testType="13cdc9d9-ddb5-4fa4-a97d-d965ccfc6d4b" outcome="Passed" testListId="8c84fa94-04c1-424b-9868-57a2d4851a1d" relativeResultsDirectory="e65c58fa-30aa-4949-bc9e-e5a88c4a8cdf" />
    <UnitTestResult executionId="1aa67dee-129a-4eab-a6ca-108f24877098" testId="f8693485-8a53-40e1-b3d8-839f715f4fb1" testName="ResultOk_WithMessage_WithDetails" computerName="PC-SFERRARI" duration="00:00:00.0008740" startTime="2022-12-28T12:59:52.4217402+01:00" endTime="2022-12-28T12:59:52.4227855+01:00" testType="13cdc9d9-ddb5-4fa4-a97d-d965ccfc6d4b" outcome="Passed" testListId="8c84fa94-04c1-424b-9868-57a2d4851a1d" relativeResultsDirectory="1aa67dee-129a-4eab-a6ca-108f24877098" />
    <UnitTestResult executionId="88e3f8e6-ad7a-4f99-96db-ae0c6da33c3d" testId="606e8991-aa4d-48f1-9b60-0beae070fb18" testName="ToRemove_Passing_ValidValue_Returns_ValueWithoutRemovedChars (aeiou,ae,iou)" computerName="PC-SFERRARI" duration="00:00:00.0000274" startTime="2022-12-28T12:59:52.6070378+01:00" endTime="2022-12-28T12:59:52.6073070+01:00" testType="13cdc9d9-ddb5-4fa4-a97d-d965ccfc6d4b" outcome="Passed" testListId="8c84fa94-04c1-424b-9868-57a2d4851a1d" relativeResultsDirectory="88e3f8e6-ad7a-4f99-96db-ae0c6da33c3d" />
    <UnitTestResult executionId="d2c348f4-e9f4-433d-917c-a74268d75677" testId="d81dc393-fe74-4049-a77f-0b7eec5293ca" testName="ToDirectoryDeleteFiles_Passing_ValidValue_Returns_DirectoryNoExists" computerName="PC-SFERRARI" duration="00:00:00.0041775" startTime="2022-12-28T12:59:52.4333725+01:00" endTime="2022-12-28T12:59:52.4376390+01:00" testType="13cdc9d9-ddb5-4fa4-a97d-d965ccfc6d4b" outcome="Passed" testListId="8c84fa94-04c1-424b-9868-57a2d4851a1d" relativeResultsDirectory="d2c348f4-e9f4-433d-917c-a74268d75677" />
    <UnitTestResult executionId="70285348-87a0-4411-b46a-595db3119b7a" testId="4c06036e-73dd-4094-979d-03c7a117e7b6" testName="ToIsLastDayOfTheMonth_Passing_NotLastDayOfMonth_Returns_False" computerName="PC-SFERRARI" duration="00:00:00.0001470" startTime="2022-12-28T12:59:51.8993233+01:00" endTime="2022-12-28T12:59:51.8995840+01:00" testType="13cdc9d9-ddb5-4fa4-a97d-d965ccfc6d4b" outcome="Passed" testListId="8c84fa94-04c1-424b-9868-57a2d4851a1d" relativeResultsDirectory="70285348-87a0-4411-b46a-595db3119b7a" />
    <UnitTestResult executionId="dfd6169c-09f5-48ee-8079-2c12b6172263" testId="41327225-457a-4e59-968c-bdd6baf6a80c" testName="ToUri_Passing_ValidValueString_Returns_Uri (http://foo.com/blah_blah?p=5)" computerName="PC-SFERRARI" duration="00:00:00.0000235" startTime="2022-12-28T12:59:52.6475489+01:00" endTime="2022-12-28T12:59:52.6484003+01:00" testType="13cdc9d9-ddb5-4fa4-a97d-d965ccfc6d4b" outcome="Passed" testListId="8c84fa94-04c1-424b-9868-57a2d4851a1d" relativeResultsDirectory="dfd6169c-09f5-48ee-8079-2c12b6172263" />
    <UnitTestResult executionId="a08f6f85-5cb9-407a-8a95-87b997e1e362" testId="095acbb4-60f1-469e-8013-185cafe8691f" testName="ToNormalize_Passing_ValidValue_Returns_NormalizedValue (Strømsgodset,Stromsgodset)" computerName="PC-SFERRARI" duration="00:00:00.0000309" startTime="2022-12-28T12:59:52.5872136+01:00" endTime="2022-12-28T12:59:52.5873577+01:00" testType="13cdc9d9-ddb5-4fa4-a97d-d965ccfc6d4b" outcome="Passed" testListId="8c84fa94-04c1-424b-9868-57a2d4851a1d" relativeResultsDirectory="a08f6f85-5cb9-407a-8a95-87b997e1e362" />
    <UnitTestResult executionId="02146a56-03de-4a16-bc4d-a074593cfeb1" testId="6649b448-ad8e-4ab0-8629-7e1de1282d49" testName="ToMapClone_Passing_Source_Returns_New_Source_Object" computerName="PC-SFERRARI" duration="00:00:00.3024735" startTime="2022-12-28T12:59:50.9482885+01:00" endTime="2022-12-28T12:59:51.2517994+01:00" testType="13cdc9d9-ddb5-4fa4-a97d-d965ccfc6d4b" outcome="Passed" testListId="8c84fa94-04c1-424b-9868-57a2d4851a1d" relativeResultsDirectory="02146a56-03de-4a16-bc4d-a074593cfeb1" />
    <UnitTestResult executionId="341c8292-f864-49c7-8e9f-788dff32358f" testId="07ded492-c7fc-4b76-9c1f-0a797dd3be89" testName="ToDirectoryFindFilePath_Passing_ValidValueIntoSubDirectory_Returns_FilePath" computerName="PC-SFERRARI" duration="00:00:00.0110895" startTime="2022-12-28T12:59:52.4498929+01:00" endTime="2022-12-28T12:59:52.4611492+01:00" testType="13cdc9d9-ddb5-4fa4-a97d-d965ccfc6d4b" outcome="Passed" testListId="8c84fa94-04c1-424b-9868-57a2d4851a1d" relativeResultsDirectory="341c8292-f864-49c7-8e9f-788dff32358f" />
    <UnitTestResult executionId="5bf0be0c-bc77-4b28-92f5-5e968db7ae1b" testId="a7c5c926-4bc0-4a10-b019-f5356ed515d7" testName="ToUri_Passing_ValidValueString_Returns_Uri (https://foo.com/blah_blah?p=5&amp;j=fe)" computerName="PC-SFERRARI" duration="00:00:00.0000102" startTime="2022-12-28T12:59:52.6549486+01:00" endTime="2022-12-28T12:59:52.6551333+01:00" testType="13cdc9d9-ddb5-4fa4-a97d-d965ccfc6d4b" outcome="Passed" testListId="8c84fa94-04c1-424b-9868-57a2d4851a1d" relativeResultsDirectory="5bf0be0c-bc77-4b28-92f5-5e968db7ae1b" />
    <UnitTestResult executionId="4f6384cf-9d85-4fcb-af45-e0babe77c381" testId="ce7ec78a-6458-4b72-99e5-0557daf25c21" testName="ToUri_Passing_ValidValueString_Returns_Uri (//foo.com/blah_blah/)" computerName="PC-SFERRARI" duration="00:00:00.0000072" startTime="2022-12-28T12:59:52.6553821+01:00" endTime="2022-12-28T12:59:52.6555472+01:00" testType="13cdc9d9-ddb5-4fa4-a97d-d965ccfc6d4b" outcome="Passed" testListId="8c84fa94-04c1-424b-9868-57a2d4851a1d" relativeResultsDirectory="4f6384cf-9d85-4fcb-af45-e0babe77c381" />
    <UnitTestResult executionId="b2e5f90d-d5c3-4b32-bd23-05086fb6d355" testId="684776da-47e1-404d-9f49-b19c1e47145f" testName="ToRemove_Passing_ValidValue_Returns_ValueWithoutRemovedChars ( hello hello , ,hellohello)" computerName="PC-SFERRARI" duration="00:00:00.0000171" startTime="2022-12-28T12:59:52.6065838+01:00" endTime="2022-12-28T12:59:52.6067265+01:00" testType="13cdc9d9-ddb5-4fa4-a97d-d965ccfc6d4b" outcome="Passed" testListId="8c84fa94-04c1-424b-9868-57a2d4851a1d" relativeResultsDirectory="b2e5f90d-d5c3-4b32-bd23-05086fb6d355" />
    <UnitTestResult executionId="a26974a2-efb2-4453-a017-b7747b103bd2" testId="34272527-919f-4585-aeb6-6afc0e34784d" testName="ToDefaultValue_Passing_char_Returns_Cero" computerName="PC-SFERRARI" duration="00:00:00.0002462" startTime="2022-12-28T12:59:51.9598717+01:00" endTime="2022-12-28T12:59:51.9602037+01:00" testType="13cdc9d9-ddb5-4fa4-a97d-d965ccfc6d4b" outcome="Passed" testListId="8c84fa94-04c1-424b-9868-57a2d4851a1d" relativeResultsDirectory="a26974a2-efb2-4453-a017-b7747b103bd2" />
    <UnitTestResult executionId="77143f69-8322-4fe6-bf2d-dd24ae655b3c" testId="15fb0e4a-c755-424f-b484-5f6f055ec524" testName="ToSettings_Passing_Values_From_Memory_Returns_Settings" computerName="PC-SFERRARI" duration="00:00:00.0017512" startTime="2022-12-28T12:59:51.8937860+01:00" endTime="2022-12-28T12:59:51.8957289+01:00" testType="13cdc9d9-ddb5-4fa4-a97d-d965ccfc6d4b" outcome="Passed" testListId="8c84fa94-04c1-424b-9868-57a2d4851a1d" relativeResultsDirectory="77143f69-8322-4fe6-bf2d-dd24ae655b3c" />
    <UnitTestResult executionId="bfd093bd-e8c1-4797-aa47-9a81eccd8a43" testId="abbf255a-12fe-49f0-a518-6d0cdbc03798" testName="ToEmailMaskUserNameAndDomainAndExtension_Passing_ValidEmail_Returns_EmailWithMask (qazwsxedc@gmail.com,q*******c@g***l.c*m)" computerName="PC-SFERRARI" duration="00:00:00.0000294" startTime="2022-12-28T12:59:52.5050056+01:00" endTime="2022-12-28T12:59:52.5052145+01:00" testType="13cdc9d9-ddb5-4fa4-a97d-d965ccfc6d4b" outcome="Passed" testListId="8c84fa94-04c1-424b-9868-57a2d4851a1d" relativeResultsDirectory="bfd093bd-e8c1-4797-aa47-9a81eccd8a43" />
    <UnitTestResult executionId="aae52890-3872-4540-b314-1aa0b705319b" testId="aff7741c-e9e0-48dd-a9bd-1840ea2722aa" testName="ToDefaultValue_Passing_int_Returns_Cero (2147483647)" computerName="PC-SFERRARI" duration="00:00:00.0002987" startTime="2022-12-28T12:59:51.9649327+01:00" endTime="2022-12-28T12:59:51.9655249+01:00" testType="13cdc9d9-ddb5-4fa4-a97d-d965ccfc6d4b" outcome="Passed" testListId="8c84fa94-04c1-424b-9868-57a2d4851a1d" relativeResultsDirectory="aae52890-3872-4540-b314-1aa0b705319b" />
    <UnitTestResult executionId="6388d52d-c5f7-4769-9479-fb16460cbfd8" testId="b83f3644-507d-4c29-bc5e-6d05a2920370" testName="ToRandom_Passing_Invalid_Null_Value_Returns_Null" computerName="PC-SFERRARI" duration="00:00:00.0002656" startTime="2022-12-28T12:59:52.5939004+01:00" endTime="2022-12-28T12:59:52.5945857+01:00" testType="13cdc9d9-ddb5-4fa4-a97d-d965ccfc6d4b" outcome="Passed" testListId="8c84fa94-04c1-424b-9868-57a2d4851a1d" relativeResultsDirectory="6388d52d-c5f7-4769-9479-fb16460cbfd8" />
    <UnitTestResult executionId="ce5fceb5-278a-4e29-9eb4-f8854eb868c2" testId="f8a69dc2-7f45-43e9-8601-adaf02987262" testName="ToValues_Passing_ValidEnumType_Returns_ValuesListString" computerName="PC-SFERRARI" duration="00:00:00.0008898" startTime="2022-12-28T12:59:51.9387694+01:00" endTime="2022-12-28T12:59:51.9398414+01:00" testType="13cdc9d9-ddb5-4fa4-a97d-d965ccfc6d4b" outcome="Passed" testListId="8c84fa94-04c1-424b-9868-57a2d4851a1d" relativeResultsDirectory="ce5fceb5-278a-4e29-9eb4-f8854eb868c2" />
    <UnitTestResult executionId="a1796fd5-5e14-4327-8ba3-9ed18195adc5" testId="5bfce3c6-54a0-4a1b-8d6c-b68ef5adf69d" testName="ToBytes_Passing_Object_Returns_Bytes" computerName="PC-SFERRARI" duration="00:00:00.0008816" startTime="2022-12-28T12:59:51.9515938+01:00" endTime="2022-12-28T12:59:51.9527054+01:00" testType="13cdc9d9-ddb5-4fa4-a97d-d965ccfc6d4b" outcome="Passed" testListId="8c84fa94-04c1-424b-9868-57a2d4851a1d" relativeResultsDirectory="a1796fd5-5e14-4327-8ba3-9ed18195adc5" />
    <UnitTestResult executionId="2e92fff8-3271-4263-8e93-4167415dcd3b" testId="120541f4-0ba9-4593-a5e4-e7b0eb315dc7" testName="ToEmailMask_Passing_ValidEmail_Returns_EmailWithMask (qazwsxedc@gmail.com,q-------c@g----.com)" computerName="PC-SFERRARI" duration="00:00:00.0000469" startTime="2022-12-28T12:59:52.5180117+01:00" endTime="2022-12-28T12:59:52.5185154+01:00" testType="13cdc9d9-ddb5-4fa4-a97d-d965ccfc6d4b" outcome="Passed" testListId="8c84fa94-04c1-424b-9868-57a2d4851a1d" relativeResultsDirectory="2e92fff8-3271-4263-8e93-4167415dcd3b" />
    <UnitTestResult executionId="a2eff562-908f-40e5-83cb-edb42e94823b" testId="66dace78-7e48-4889-a49e-a2d1970ac281" testName="ToReplaceSpecialChars_Passing_ValidValue_Returns_ReplacedValueWithoutIgnoreSpecialChars ( àáäâ ãøçħ , aaaa aoch )" computerName="PC-SFERRARI" duration="00:00:00.0003052" startTime="2022-12-28T12:59:52.6191396+01:00" endTime="2022-12-28T12:59:52.6207667+01:00" testType="13cdc9d9-ddb5-4fa4-a97d-d965ccfc6d4b" outcome="Passed" testListId="8c84fa94-04c1-424b-9868-57a2d4851a1d" relativeResultsDirectory="a2eff562-908f-40e5-83cb-edb42e94823b" />
    <UnitTestResult executionId="763082fa-304c-41b1-bbdd-6f396e782c8b" testId="426683cd-e25f-4868-b044-451438bdc9d5" testName="ToUri_Passing_ValidValueString_Returns_Uri (http://-.~_!$&amp;'()*+,;=:%40:80%2f::::::@example.com)" computerName="PC-SFERRARI" duration="00:00:00.0000112" startTime="2022-12-28T12:59:52.6935925+01:00" endTime="2022-12-28T12:59:52.6937701+01:00" testType="13cdc9d9-ddb5-4fa4-a97d-d965ccfc6d4b" outcome="Passed" testListId="8c84fa94-04c1-424b-9868-57a2d4851a1d" relativeResultsDirectory="763082fa-304c-41b1-bbdd-6f396e782c8b" />
    <UnitTestResult executionId="629754a7-24bb-46b3-9cd7-0ff0e2e1171c" testId="6d85b49b-f5af-4285-8b32-05b2e2d470b0" testName="ToList_Passing_ValidEnumTypeWithSelectedValueWithResourceType_Returns_ValuesList" computerName="PC-SFERRARI" duration="00:00:00.0007530" startTime="2022-12-28T12:59:51.9346431+01:00" endTime="2022-12-28T12:59:51.9355162+01:00" testType="13cdc9d9-ddb5-4fa4-a97d-d965ccfc6d4b" outcome="Passed" testListId="8c84fa94-04c1-424b-9868-57a2d4851a1d" relativeResultsDirectory="629754a7-24bb-46b3-9cd7-0ff0e2e1171c" />
    <UnitTestResult executionId="4c557530-e689-4953-96fc-a30b963261e7" testId="02d87262-b643-4e52-b5d3-e5570bb5ed78" testName="ToEmailMaskUserNameAndDomain_Passing_ValidEmail_Returns_EmailWithMask (qazwsx@gmail.com,q****x@g***l.com)" computerName="PC-SFERRARI" duration="00:00:00.0002678" startTime="2022-12-28T12:59:52.5083468+01:00" endTime="2022-12-28T12:59:52.5088970+01:00" testType="13cdc9d9-ddb5-4fa4-a97d-d965ccfc6d4b" outcome="Passed" testListId="8c84fa94-04c1-424b-9868-57a2d4851a1d" relativeResultsDirectory="4c557530-e689-4953-96fc-a30b963261e7" />
    <UnitTestResult executionId="54b2f9f5-6b22-40c3-b964-b1dcd82df609" testId="5f5e8d61-506b-4f1e-bd08-105f0c7e2e7c" testName="ToGet_Passing_Claims_Returns_Claim_Value_Object" computerName="PC-SFERRARI" duration="00:00:00.0020722" startTime="2022-12-28T12:59:51.7861460+01:00" endTime="2022-12-28T12:59:51.7884062+01:00" testType="13cdc9d9-ddb5-4fa4-a97d-d965ccfc6d4b" outcome="Passed" testListId="8c84fa94-04c1-424b-9868-57a2d4851a1d" relativeResultsDirectory="54b2f9f5-6b22-40c3-b964-b1dcd82df609" />
    <UnitTestResult executionId="94020d71-05c0-4c38-b5b9-bad967ebd4ae" testId="101a56ed-4f03-44b4-8be3-be0ddd4bb0d7" testName="ToConfiguration_Passing_Key_Values_Returns_Ok" computerName="PC-SFERRARI" duration="00:00:00.0086921" startTime="2022-12-28T12:59:51.8076857+01:00" endTime="2022-12-28T12:59:51.8165060+01:00" testType="13cdc9d9-ddb5-4fa4-a97d-d965ccfc6d4b" outcome="Passed" testListId="8c84fa94-04c1-424b-9868-57a2d4851a1d" relativeResultsDirectory="94020d71-05c0-4c38-b5b9-bad967ebd4ae" />
    <UnitTestResult executionId="ffdb669b-1e1c-4634-91d2-4850c642d878" testId="21ef5034-0603-41da-8375-fada30fc5061" testName="ResultOK" computerName="PC-SFERRARI" duration="00:00:00.0006616" startTime="2022-12-28T12:59:52.4150623+01:00" endTime="2022-12-28T12:59:52.4159327+01:00" testType="13cdc9d9-ddb5-4fa4-a97d-d965ccfc6d4b" outcome="Passed" testListId="8c84fa94-04c1-424b-9868-57a2d4851a1d" relativeResultsDirectory="ffdb669b-1e1c-4634-91d2-4850c642d878" />
    <UnitTestResult executionId="61cb76df-b894-4030-b810-41b3f0960d86" testId="b5a6a438-5476-4edb-84d7-18109ae29eb7" testName="ToContentType_Passing_ValidValueString_Returns_ContentType (xxxx.json,application/json)" computerName="PC-SFERRARI" duration="00:00:00.0002973" startTime="2022-12-28T12:59:52.4317562+01:00" endTime="2022-12-28T12:59:52.4323076+01:00" testType="13cdc9d9-ddb5-4fa4-a97d-d965ccfc6d4b" outcome="Passed" testListId="8c84fa94-04c1-424b-9868-57a2d4851a1d" relativeResultsDirectory="61cb76df-b894-4030-b810-41b3f0960d86" />
    <UnitTestResult executionId="518c0e04-7107-48c9-9ad4-ba20e8b2c1ba" testId="bb9d9c6b-4141-4241-96a3-da8fa05616ce" testName="CreateRandom_WithDefaultAllowableCharacters_Passing_ValidArguments_Returns_String_Random_Value (10)" computerName="PC-SFERRARI" duration="00:00:00.0002466" startTime="2022-12-28T12:59:52.0088538+01:00" endTime="2022-12-28T12:59:52.0093704+01:00" testType="13cdc9d9-ddb5-4fa4-a97d-d965ccfc6d4b" outcome="Passed" testListId="8c84fa94-04c1-424b-9868-57a2d4851a1d" relativeResultsDirectory="518c0e04-7107-48c9-9ad4-ba20e8b2c1ba" />
    <UnitTestResult executionId="69a82ede-32a1-4168-a3f1-807a9efc6741" testId="52a119f7-b526-4b2f-8c6c-2f5f1ab2fe4d" testName="ResultBadRequest_WithErrors_KeyValue" computerName="PC-SFERRARI" duration="00:00:00.0025937" startTime="2022-12-28T12:59:52.3531513+01:00" endTime="2022-12-28T12:59:52.3559266+01:00" testType="13cdc9d9-ddb5-4fa4-a97d-d965ccfc6d4b" outcome="Passed" testListId="8c84fa94-04c1-424b-9868-57a2d4851a1d" relativeResultsDirectory="69a82ede-32a1-4168-a3f1-807a9efc6741" />
    <UnitTestResult executionId="c790c7cc-b146-4c54-a354-ad81c3e4152a" testId="58d4b250-a90d-4d3a-baf2-b1f20cb9b9ce" testName="ToHashAlgorithmName_Passing_ValidValueString_Returns_HashAlgorithmName (MD5)" computerName="PC-SFERRARI" duration="00:00:00.0004277" startTime="2022-12-28T12:59:52.5564113+01:00" endTime="2022-12-28T12:59:52.5571967+01:00" testType="13cdc9d9-ddb5-4fa4-a97d-d965ccfc6d4b" outcome="Passed" testListId="8c84fa94-04c1-424b-9868-57a2d4851a1d" relativeResultsDirectory="c790c7cc-b146-4c54-a354-ad81c3e4152a" />
    <UnitTestResult executionId="9cb52a5b-46b9-4630-833d-2365957abd94" testId="c1246e43-6535-40cd-b3fe-be179b80bac9" testName="ToUri_Passing_InvalidValueString_Returns_DefaultValue (http://../)" computerName="PC-SFERRARI" duration="00:00:00.0000098" startTime="2022-12-28T12:59:52.6326644+01:00" endTime="2022-12-28T12:59:52.6328038+01:00" testType="13cdc9d9-ddb5-4fa4-a97d-d965ccfc6d4b" outcome="Passed" testListId="8c84fa94-04c1-424b-9868-57a2d4851a1d" relativeResultsDirectory="9cb52a5b-46b9-4630-833d-2365957abd94" />
    <UnitTestResult executionId="375a30c2-3f03-4cd4-90be-225d23b77070" testId="3c74ef05-c0cf-403a-b5a8-24642dc411e1" testName="ToReplace_Passing_ValidValue_Returns_ReplacedValue (aeiou,*,0,4,****u)" computerName="PC-SFERRARI" duration="00:00:00.0000079" startTime="2022-12-28T12:59:52.6240484+01:00" endTime="2022-12-28T12:59:52.6242969+01:00" testType="13cdc9d9-ddb5-4fa4-a97d-d965ccfc6d4b" outcome="Passed" testListId="8c84fa94-04c1-424b-9868-57a2d4851a1d" relativeResultsDirectory="375a30c2-3f03-4cd4-90be-225d23b77070" />
    <UnitTestResult executionId="3eef5ecb-fb79-40e2-8b23-994a3f3e2ad7" testId="406bc879-808f-46a7-bd20-9b34872bef60" testName="ToNormalize_Passing_ValidValue_Returns_NormalizedValue (èéëê,eeee)" computerName="PC-SFERRARI" duration="00:00:00.0000341" startTime="2022-12-28T12:59:52.5818985+01:00" endTime="2022-12-28T12:59:52.5820737+01:00" testType="13cdc9d9-ddb5-4fa4-a97d-d965ccfc6d4b" outcome="Passed" testListId="8c84fa94-04c1-424b-9868-57a2d4851a1d" relativeResultsDirectory="3eef5ecb-fb79-40e2-8b23-994a3f3e2ad7" />
    <UnitTestResult executionId="0a9cd295-ae20-4f87-b696-58931f0b35a0" testId="505ca4de-21f1-4155-9c31-3a00ea9d2810" testName="ToUri_Passing_InvalidValueString_Returns_DefaultValue (http://??)" computerName="PC-SFERRARI" duration="00:00:00.0000142" startTime="2022-12-28T12:59:52.6328422+01:00" endTime="2022-12-28T12:59:52.6331319+01:00" testType="13cdc9d9-ddb5-4fa4-a97d-d965ccfc6d4b" outcome="Passed" testListId="8c84fa94-04c1-424b-9868-57a2d4851a1d" relativeResultsDirectory="0a9cd295-ae20-4f87-b696-58931f0b35a0" />
    <UnitTestResult executionId="02f6dd8e-8929-4b8d-85f9-84db485221b5" testId="7d2ebf5d-5bba-4e92-9fe1-d968e99a2546" testName="ToHeader_Passing_HttpRequest_Header_Many_Values_Returns_Values" computerName="PC-SFERRARI" duration="00:00:00.0434163" startTime="2022-12-28T12:59:52.0470014+01:00" endTime="2022-12-28T12:59:52.0908056+01:00" testType="13cdc9d9-ddb5-4fa4-a97d-d965ccfc6d4b" outcome="Passed" testListId="8c84fa94-04c1-424b-9868-57a2d4851a1d" relativeResultsDirectory="02f6dd8e-8929-4b8d-85f9-84db485221b5" />
    <UnitTestResult executionId="ad5b5751-6248-4b54-832b-9833914c9262" testId="adb02269-927b-4571-b3ac-55cda5029f8e" testName="ToExists_Passing_Valid_Service_Returns_True" computerName="PC-SFERRARI" duration="00:00:00.0005215" startTime="2022-12-28T12:59:51.5632094+01:00" endTime="2022-12-28T12:59:51.5638505+01:00" testType="13cdc9d9-ddb5-4fa4-a97d-d965ccfc6d4b" outcome="Passed" testListId="8c84fa94-04c1-424b-9868-57a2d4851a1d" relativeResultsDirectory="ad5b5751-6248-4b54-832b-9833914c9262" />
    <UnitTestResult executionId="8c7d1181-311e-49b5-a4e0-d9a50d22ee65" testId="d7b242bf-3e51-43e2-9610-6ca13a5f808f" testName="ToUri_Passing_ValidValueString_Returns_Uri (http://userid:password@example.com:8080)" computerName="PC-SFERRARI" duration="00:00:00.0000351" startTime="2022-12-28T12:59:52.6690127+01:00" endTime="2022-12-28T12:59:52.6693351+01:00" testType="13cdc9d9-ddb5-4fa4-a97d-d965ccfc6d4b" outcome="Passed" testListId="8c84fa94-04c1-424b-9868-57a2d4851a1d" relativeResultsDirectory="8c7d1181-311e-49b5-a4e0-d9a50d22ee65" />
    <UnitTestResult executionId="4c940066-5438-4040-8f90-ce2b8f492e23" testId="e6debb89-82b3-4047-8cba-47be0fb6b0b8" testName="ThrowIfNotSubdomain_Passing_InvalidValue_Returns_ApplicationExceptionWithMessage ()" computerName="PC-SFERRARI" duration="00:00:00.0000624" startTime="2022-12-28T12:59:52.8718741+01:00" endTime="2022-12-28T12:59:52.8721667+01:00" testType="13cdc9d9-ddb5-4fa4-a97d-d965ccfc6d4b" outcome="Passed" testListId="8c84fa94-04c1-424b-9868-57a2d4851a1d" relativeResultsDirectory="4c940066-5438-4040-8f90-ce2b8f492e23" />
    <UnitTestResult executionId="0c31a97a-b491-4c2c-ab2b-ece80fa8154d" testId="36b89cc6-04b8-41a3-bb37-ab65012f3225" testName="ToRemove_Passing_ValidValue_Returns_ValueWithoutRemovedChars (aeiou,ei,aou)" computerName="PC-SFERRARI" duration="00:00:00.0000273" startTime="2022-12-28T12:59:52.6090029+01:00" endTime="2022-12-28T12:59:52.6092499+01:00" testType="13cdc9d9-ddb5-4fa4-a97d-d965ccfc6d4b" outcome="Passed" testListId="8c84fa94-04c1-424b-9868-57a2d4851a1d" relativeResultsDirectory="0c31a97a-b491-4c2c-ab2b-ece80fa8154d" />
    <UnitTestResult executionId="22b8fd51-a36a-435e-a6f8-c106c3405dce" testId="3b0803f7-d8f1-457f-91fa-e4f34100648e" testName="ToDirectoryFileInfo_Passing_ValidValue_Returns_FileInfo" computerName="PC-SFERRARI" duration="00:00:00.0116602" startTime="2022-12-28T12:59:52.4379004+01:00" endTime="2022-12-28T12:59:52.4498091+01:00" testType="13cdc9d9-ddb5-4fa4-a97d-d965ccfc6d4b" outcome="Passed" testListId="8c84fa94-04c1-424b-9868-57a2d4851a1d" relativeResultsDirectory="22b8fd51-a36a-435e-a6f8-c106c3405dce" />
    <UnitTestResult executionId="7e41c147-dd8f-48fa-9842-691f2299ec36" testId="0bbb2001-b806-4174-baf0-0099653c7867" testName="CreateRandom_WithCustomAllowableCharacters_Passing_Valid_Arguments_Returns_String_Random_Value (5,aeiou123456)" computerName="PC-SFERRARI" duration="00:00:00.0003937" startTime="2022-12-28T12:59:52.0067057+01:00" endTime="2022-12-28T12:59:52.0075779+01:00" testType="13cdc9d9-ddb5-4fa4-a97d-d965ccfc6d4b" outcome="Passed" testListId="8c84fa94-04c1-424b-9868-57a2d4851a1d" relativeResultsDirectory="7e41c147-dd8f-48fa-9842-691f2299ec36" />
    <UnitTestResult executionId="5cccf01d-a27f-44f7-9aba-27fd3c34a8a0" testId="382c9120-6887-4ec1-ac83-63cf772cdcde" testName="ToZipExtract_Passing_ValidArchive_Returns_Files" computerName="PC-SFERRARI" duration="00:00:00.1206700" startTime="2022-12-28T12:59:52.7314905+01:00" endTime="2022-12-28T12:59:52.8523527+01:00" testType="13cdc9d9-ddb5-4fa4-a97d-d965ccfc6d4b" outcome="Passed" testListId="8c84fa94-04c1-424b-9868-57a2d4851a1d" relativeResultsDirectory="5cccf01d-a27f-44f7-9aba-27fd3c34a8a0" />
    <UnitTestResult executionId="fb3c8fea-582d-4080-b8f2-f61f94afbd83" testId="7f817b4f-1b57-49e5-9162-18233c2f8f7c" testName="ToSerialize_Passing_Objects_Returns_String_Values" computerName="PC-SFERRARI" duration="00:00:00.0007598" startTime="2022-12-28T12:59:52.3282545+01:00" endTime="2022-12-28T12:59:52.3291932+01:00" testType="13cdc9d9-ddb5-4fa4-a97d-d965ccfc6d4b" outcome="Passed" testListId="8c84fa94-04c1-424b-9868-57a2d4851a1d" relativeResultsDirectory="fb3c8fea-582d-4080-b8f2-f61f94afbd83" />
    <UnitTestResult executionId="75232346-7627-4bc6-b12f-2dc9ab363473" testId="9e53e7da-35f8-420c-b4a7-b9dc2c82102b" testName="ToPaged_Passing_Age_Ascending_Order_Returns_Filter_List" computerName="PC-SFERRARI" duration="00:00:00.0080794" startTime="2022-12-28T12:59:52.3292964+01:00" endTime="2022-12-28T12:59:52.3377543+01:00" testType="13cdc9d9-ddb5-4fa4-a97d-d965ccfc6d4b" outcome="Passed" testListId="8c84fa94-04c1-424b-9868-57a2d4851a1d" relativeResultsDirectory="75232346-7627-4bc6-b12f-2dc9ab363473" />
    <UnitTestResult executionId="7248d9ea-fb45-4e54-92ab-4ef2f2682279" testId="07f7d6bc-3d95-4a6d-a51a-8b0340846ccb" testName="ToInt_Passing_Enumeration_Name_Returns_Value" computerName="PC-SFERRARI" duration="00:00:00.0001256" startTime="2022-12-28T12:59:51.9293573+01:00" endTime="2022-12-28T12:59:51.9295542+01:00" testType="13cdc9d9-ddb5-4fa4-a97d-d965ccfc6d4b" outcome="Passed" testListId="8c84fa94-04c1-424b-9868-57a2d4851a1d" relativeResultsDirectory="7248d9ea-fb45-4e54-92ab-4ef2f2682279" />
    <UnitTestResult executionId="0da34dae-78fd-4573-b545-ebdeefda3ec9" testId="83994802-1fd0-4f70-8057-d139d2e090c1" testName="ToNormalize_Passing_ValidValue_Returns_NormalizedValue (ÈÉËÊ,EEEE)" computerName="PC-SFERRARI" duration="00:00:00.0000341" startTime="2022-12-28T12:59:52.5821082+01:00" endTime="2022-12-28T12:59:52.5822534+01:00" testType="13cdc9d9-ddb5-4fa4-a97d-d965ccfc6d4b" outcome="Passed" testListId="8c84fa94-04c1-424b-9868-57a2d4851a1d" relativeResultsDirectory="0da34dae-78fd-4573-b545-ebdeefda3ec9" />
    <UnitTestResult executionId="ea721629-5aae-4da5-80c4-a2cc348fb2ca" testId="b9c2fc4e-c8f6-44f1-a487-7f646e3f33d5" testName="ToUri_Passing_ValidValueString_Returns_Uri (http://foo.com/blah_blah/)" computerName="PC-SFERRARI" duration="00:00:00.0002758" startTime="2022-12-28T12:59:52.6452242+01:00" endTime="2022-12-28T12:59:52.6457477+01:00" testType="13cdc9d9-ddb5-4fa4-a97d-d965ccfc6d4b" outcome="Passed" testListId="8c84fa94-04c1-424b-9868-57a2d4851a1d" relativeResultsDirectory="ea721629-5aae-4da5-80c4-a2cc348fb2ca" />
    <UnitTestResult executionId="46da677f-3427-49fb-84c7-e85ee9463df3" testId="45835dbf-f054-4188-afb3-230a3f3e9dd1" testName="ToDeserialize_Passing_String_Returns_Object" computerName="PC-SFERRARI" duration="00:00:00.0022219" startTime="2022-12-28T12:59:52.3254968+01:00" endTime="2022-12-28T12:59:52.3281507+01:00" testType="13cdc9d9-ddb5-4fa4-a97d-d965ccfc6d4b" outcome="Passed" testListId="8c84fa94-04c1-424b-9868-57a2d4851a1d" relativeResultsDirectory="46da677f-3427-49fb-84c7-e85ee9463df3" />
    <UnitTestResult executionId="5f6e6ee2-87d2-4be7-9021-5224d73c302b" testId="97bf6806-cff0-4526-a6f1-a6ca8500c129" testName="ThrowIfNotEmail_Passing_InvalidValue_Returns_ApplicationExceptionWithMessage ()" computerName="PC-SFERRARI" duration="00:00:00.0000980" startTime="2022-12-28T12:59:52.8633926+01:00" endTime="2022-12-28T12:59:52.8638451+01:00" testType="13cdc9d9-ddb5-4fa4-a97d-d965ccfc6d4b" outcome="Passed" testListId="8c84fa94-04c1-424b-9868-57a2d4851a1d" relativeResultsDirectory="5f6e6ee2-87d2-4be7-9021-5224d73c302b" />
    <UnitTestResult executionId="dfe48fe8-af94-47ce-a39f-ca4e27cb0a14" testId="f0e3a4e2-4e6d-4452-b3e3-8f0ec5175038" testName="ToEmailMask_Passing_ValidEmail_Returns_EmailWithMask (qazwsxedc@gmailgmail.com,q-------c@g---------.com)" computerName="PC-SFERRARI" duration="00:00:00.0000288" startTime="2022-12-28T12:59:52.5194164+01:00" endTime="2022-12-28T12:59:52.5196768+01:00" testType="13cdc9d9-ddb5-4fa4-a97d-d965ccfc6d4b" outcome="Passed" testListId="8c84fa94-04c1-424b-9868-57a2d4851a1d" relativeResultsDirectory="dfe48fe8-af94-47ce-a39f-ca4e27cb0a14" />
    <UnitTestResult executionId="cdbeb869-3525-4c79-bd81-ca4435f0e2f6" testId="576e9eef-e66f-49cd-8956-396771b50609" testName="ToUri_Passing_ValidValueString_Returns_Uri (http://223.255.255.254)" computerName="PC-SFERRARI" duration="00:00:00.0000126" startTime="2022-12-28T12:59:52.6952704+01:00" endTime="2022-12-28T12:59:52.6955405+01:00" testType="13cdc9d9-ddb5-4fa4-a97d-d965ccfc6d4b" outcome="Passed" testListId="8c84fa94-04c1-424b-9868-57a2d4851a1d" relativeResultsDirectory="cdbeb869-3525-4c79-bd81-ca4435f0e2f6" />
    <UnitTestResult executionId="a9d937e8-e3a2-4cda-a1bd-96cc7a05b452" testId="87dc25a7-e4ab-474e-9181-9cb715b988a2" testName="ToUri_Passing_ValidValueString_Returns_Uri (http://☺.damowmow.com/)" computerName="PC-SFERRARI" duration="00:00:00.0000207" startTime="2022-12-28T12:59:52.6864294+01:00" endTime="2022-12-28T12:59:52.6866183+01:00" testType="13cdc9d9-ddb5-4fa4-a97d-d965ccfc6d4b" outcome="Passed" testListId="8c84fa94-04c1-424b-9868-57a2d4851a1d" relativeResultsDirectory="a9d937e8-e3a2-4cda-a1bd-96cc7a05b452" />
    <UnitTestResult executionId="ce0b37d3-67e5-4289-9cd5-0dd05129197f" testId="4372d93d-f81a-4c9d-9f4f-d24c9a8d6f12" testName="ToUri_Passing_ValidValueString_Returns_Uri (//foo.com/blah_blah)" computerName="PC-SFERRARI" duration="00:00:00.0000075" startTime="2022-12-28T12:59:52.6551796+01:00" endTime="2022-12-28T12:59:52.6553364+01:00" testType="13cdc9d9-ddb5-4fa4-a97d-d965ccfc6d4b" outcome="Passed" testListId="8c84fa94-04c1-424b-9868-57a2d4851a1d" relativeResultsDirectory="ce0b37d3-67e5-4289-9cd5-0dd05129197f" />
    <UnitTestResult executionId="ed9e1d78-7942-4e0e-afe5-23695ce28e6a" testId="0b866da3-98cd-4ecb-80d8-9432d246416e" testName="ToUri_Passing_ValidValueString_Returns_Uri (http://code.google.com/events/#&amp;product=browser)" computerName="PC-SFERRARI" duration="00:00:00.0000095" startTime="2022-12-28T12:59:52.6866709+01:00" endTime="2022-12-28T12:59:52.6868509+01:00" testType="13cdc9d9-ddb5-4fa4-a97d-d965ccfc6d4b" outcome="Passed" testListId="8c84fa94-04c1-424b-9868-57a2d4851a1d" relativeResultsDirectory="ed9e1d78-7942-4e0e-afe5-23695ce28e6a" />
    <UnitTestResult executionId="5ac9e84a-82fd-4060-b45a-97166fd88726" testId="85bd11aa-5fd6-4d6b-b8de-fb12ddad10ff" testName="ToEnvironment_ServiceProvider_Passing_Development_Enviroment_Returns_Development_Name" computerName="PC-SFERRARI" duration="00:00:00.0007331" startTime="2022-12-28T12:59:51.8451778+01:00" endTime="2022-12-28T12:59:51.8460522+01:00" testType="13cdc9d9-ddb5-4fa4-a97d-d965ccfc6d4b" outcome="Passed" testListId="8c84fa94-04c1-424b-9868-57a2d4851a1d" relativeResultsDirectory="5ac9e84a-82fd-4060-b45a-97166fd88726" />
    <UnitTestResult executionId="4db583d6-7d55-4fdc-9a85-580746ffa132" testId="da985746-7324-481c-9de2-bcdb3ce35a12" testName="ToIsWeekend_Passing_Sunday_DateTime_Returns_True" computerName="PC-SFERRARI" duration="00:00:00.0003353" startTime="2022-12-28T12:59:51.9005398+01:00" endTime="2022-12-28T12:59:51.9010017+01:00" testType="13cdc9d9-ddb5-4fa4-a97d-d965ccfc6d4b" outcome="Passed" testListId="8c84fa94-04c1-424b-9868-57a2d4851a1d" relativeResultsDirectory="4db583d6-7d55-4fdc-9a85-580746ffa132" />
    <UnitTestResult executionId="2b90afe1-35f5-46f0-ac90-89a499d62615" testId="5abde55f-3205-4f65-9db5-7a37e1b4b437" testName="ToSecuencial_Passing_Guids_Returns_GuidsSecuencials" computerName="PC-SFERRARI" duration="00:00:00.0008542" startTime="2022-12-28T12:59:51.9774085+01:00" endTime="2022-12-28T12:59:51.9785881+01:00" testType="13cdc9d9-ddb5-4fa4-a97d-d965ccfc6d4b" outcome="Passed" testListId="8c84fa94-04c1-424b-9868-57a2d4851a1d" relativeResultsDirectory="2b90afe1-35f5-46f0-ac90-89a499d62615" />
    <UnitTestResult executionId="6cd2f38e-423d-4fd2-9f8c-6e86d349bbb0" testId="f3f4c5e0-d85a-4450-8301-1399898f9cb6" testName="ToEnum_Passing_InvalidValueInt_Returns_EnumCustomValue" computerName="PC-SFERRARI" duration="00:00:00.0018940" startTime="2022-12-28T12:59:52.5226963+01:00" endTime="2022-12-28T12:59:52.5248278+01:00" testType="13cdc9d9-ddb5-4fa4-a97d-d965ccfc6d4b" outcome="Passed" testListId="8c84fa94-04c1-424b-9868-57a2d4851a1d" relativeResultsDirectory="6cd2f38e-423d-4fd2-9f8c-6e86d349bbb0" />
    <UnitTestResult executionId="61b0bad9-08ec-458a-8439-ace4275bb7d3" testId="12a5678d-cbef-43d8-bd1e-255529266437" testName="ToInt_Passing_InvalidValueString_Returns_DefaultValue (1.333,39)" computerName="PC-SFERRARI" duration="00:00:00.0000121" startTime="2022-12-28T12:59:52.5591190+01:00" endTime="2022-12-28T12:59:52.5593973+01:00" testType="13cdc9d9-ddb5-4fa4-a97d-d965ccfc6d4b" outcome="Passed" testListId="8c84fa94-04c1-424b-9868-57a2d4851a1d" relativeResultsDirectory="61b0bad9-08ec-458a-8439-ace4275bb7d3" />
    <UnitTestResult executionId="bf638947-3ef6-4001-aecf-848b99995bc4" testId="86640973-d554-40c6-9967-d28132fbe958" testName="ToTomorrow_Passing_DateTime_Returns_Tomorrow_DateTime" computerName="PC-SFERRARI" duration="00:00:00.0001556" startTime="2022-12-28T12:59:51.9048449+01:00" endTime="2022-12-28T12:59:51.9050999+01:00" testType="13cdc9d9-ddb5-4fa4-a97d-d965ccfc6d4b" outcome="Passed" testListId="8c84fa94-04c1-424b-9868-57a2d4851a1d" relativeResultsDirectory="bf638947-3ef6-4001-aecf-848b99995bc4" />
    <UnitTestResult executionId="f5c15e7c-f127-47f4-9836-24ea1cd7fec3" testId="5cccd5af-4261-4331-a9db-050f9a1a54ed" testName="ToUri_Passing_InvalidValueString_Returns_Null (http://#)" computerName="PC-SFERRARI" duration="00:00:00.0000073" startTime="2022-12-28T12:59:52.6442879+01:00" endTime="2022-12-28T12:59:52.6443812+01:00" testType="13cdc9d9-ddb5-4fa4-a97d-d965ccfc6d4b" outcome="Passed" testListId="8c84fa94-04c1-424b-9868-57a2d4851a1d" relativeResultsDirectory="f5c15e7c-f127-47f4-9836-24ea1cd7fec3" />
    <UnitTestResult executionId="3f31efb2-8951-4fc5-a157-96f0876e3502" testId="d2cf953e-3fec-4c28-b45c-d747ac0a9d68" testName="ToWhere_Passing_Valid_Predicate_Returns_Filter_List" computerName="PC-SFERRARI" duration="00:00:00.0026610" startTime="2022-12-28T12:59:52.3436902+01:00" endTime="2022-12-28T12:59:52.3465269+01:00" testType="13cdc9d9-ddb5-4fa4-a97d-d965ccfc6d4b" outcome="Passed" testListId="8c84fa94-04c1-424b-9868-57a2d4851a1d" relativeResultsDirectory="3f31efb2-8951-4fc5-a157-96f0876e3502" />
    <UnitTestResult executionId="f74ec1ad-d808-4ccd-8126-5350384759f3" testId="adb48276-1a7a-46d3-b216-b5eefc75c9d0" testName="ToUri_Passing_InvalidValueString_Returns_Null (http://##)" computerName="PC-SFERRARI" duration="00:00:00.0000073" startTime="2022-12-28T12:59:52.6444113+01:00" endTime="2022-12-28T12:59:52.6445020+01:00" testType="13cdc9d9-ddb5-4fa4-a97d-d965ccfc6d4b" outcome="Passed" testListId="8c84fa94-04c1-424b-9868-57a2d4851a1d" relativeResultsDirectory="f74ec1ad-d808-4ccd-8126-5350384759f3" />
    <UnitTestResult executionId="8ea7203d-fc03-484a-965a-da892d1bacb6" testId="3e283746-936a-49a9-8136-f82b0db08a5f" testName="CreateAndVerifySHA512_Passing_Valid_Arguments_Returns_True (sdlfkjldsfksdfñl·%$·&amp;$/U&amp;/)(&amp;()?=)¿?^P*^PÑL,.,.lñ´ñ+98098'098098)" computerName="PC-SFERRARI" duration="00:00:00.0000587" startTime="2022-12-28T12:59:51.9990936+01:00" endTime="2022-12-28T12:59:51.9994112+01:00" testType="13cdc9d9-ddb5-4fa4-a97d-d965ccfc6d4b" outcome="Passed" testListId="8c84fa94-04c1-424b-9868-57a2d4851a1d" relativeResultsDirectory="8ea7203d-fc03-484a-965a-da892d1bacb6" />
    <UnitTestResult executionId="b1a8a9cb-b23b-4dae-8c58-1cb746b59eda" testId="f1910d22-c9d0-4a0f-9860-52bf3e85fda6" testName="ToServiceMatchingInterface_Passing_Empties_Assemblies_Returns_ApplicationException" computerName="PC-SFERRARI" duration="00:00:00.0009490" startTime="2022-12-28T12:59:51.8747259+01:00" endTime="2022-12-28T12:59:51.8757738+01:00" testType="13cdc9d9-ddb5-4fa4-a97d-d965ccfc6d4b" outcome="Passed" testListId="8c84fa94-04c1-424b-9868-57a2d4851a1d" relativeResultsDirectory="b1a8a9cb-b23b-4dae-8c58-1cb746b59eda" />
    <UnitTestResult executionId="528efc85-2578-49a6-b6bc-f6ff2a5a47bc" testId="8b31d0a9-875d-47e5-9943-879a35c03844" testName="ToEnum_Passing_InvalidValueString_Returns_EnumDefaultValue" computerName="PC-SFERRARI" duration="00:00:00.0002230" startTime="2022-12-28T12:59:52.5304542+01:00" endTime="2022-12-28T12:59:52.5318927+01:00" testType="13cdc9d9-ddb5-4fa4-a97d-d965ccfc6d4b" outcome="Passed" testListId="8c84fa94-04c1-424b-9868-57a2d4851a1d" relativeResultsDirectory="528efc85-2578-49a6-b6bc-f6ff2a5a47bc" />
    <UnitTestResult executionId="df443805-15d0-401b-be33-65867790de3b" testId="752bbe4c-4feb-4c19-87eb-1e482935fffc" testName="ToContentType_Passing_ValidValueString_Returns_ContentType (xxxx.gif,image/gif)" computerName="PC-SFERRARI" duration="00:00:00.0000484" startTime="2022-12-28T12:59:52.4324175+01:00" endTime="2022-12-28T12:59:52.4327913+01:00" testType="13cdc9d9-ddb5-4fa4-a97d-d965ccfc6d4b" outcome="Passed" testListId="8c84fa94-04c1-424b-9868-57a2d4851a1d" relativeResultsDirectory="df443805-15d0-401b-be33-65867790de3b" />
    <UnitTestResult executionId="0e1384be-7f20-4754-99de-1682a7ac2930" testId="afca42cf-8e0b-46a9-8b7d-57fb0351be3d" testName="ToUri_Passing_ValidValueString_Returns_Uri (http://مثال.إختبار)" computerName="PC-SFERRARI" duration="00:00:00.0000257" startTime="2022-12-28T12:59:52.6927764+01:00" endTime="2022-12-28T12:59:52.6930423+01:00" testType="13cdc9d9-ddb5-4fa4-a97d-d965ccfc6d4b" outcome="Passed" testListId="8c84fa94-04c1-424b-9868-57a2d4851a1d" relativeResultsDirectory="0e1384be-7f20-4754-99de-1682a7ac2930" />
    <UnitTestResult executionId="72930c09-9905-4561-b96c-8a39a491ca72" testId="51ace288-b321-4202-9d0a-f67c4d9aa09b" testName="ToUri_Passing_ValidValueString_Returns_Uri (http://142.42.1.1/)" computerName="PC-SFERRARI" duration="00:00:00.0000134" startTime="2022-12-28T12:59:52.6746009+01:00" endTime="2022-12-28T12:59:52.6747900+01:00" testType="13cdc9d9-ddb5-4fa4-a97d-d965ccfc6d4b" outcome="Passed" testListId="8c84fa94-04c1-424b-9868-57a2d4851a1d" relativeResultsDirectory="72930c09-9905-4561-b96c-8a39a491ca72" />
    <UnitTestResult executionId="a9968e0b-fa9a-4ffd-97b6-e07c45ee07a2" testId="789b4d15-2941-440f-b255-81c5847ab85b" testName="ToServiceMatchingClass_Passing_Valid_Assembly_And_Valid_Class_Type_Returns_Service" computerName="PC-SFERRARI" duration="00:00:00.0010104" startTime="2022-12-28T12:59:51.8735204+01:00" endTime="2022-12-28T12:59:51.8746606+01:00" testType="13cdc9d9-ddb5-4fa4-a97d-d965ccfc6d4b" outcome="Passed" testListId="8c84fa94-04c1-424b-9868-57a2d4851a1d" relativeResultsDirectory="a9968e0b-fa9a-4ffd-97b6-e07c45ee07a2" />
    <UnitTestResult executionId="6b3cc6b9-6ace-4657-b7a1-31583882b606" testId="dda161b2-fbf7-4b7b-a4c9-8727e95fb65c" testName="ToDefaultValue_Passing_sbyte_Returns_Cero" computerName="PC-SFERRARI" duration="00:00:00.0005100" startTime="2022-12-28T12:59:51.9665274+01:00" endTime="2022-12-28T12:59:51.9672261+01:00" testType="13cdc9d9-ddb5-4fa4-a97d-d965ccfc6d4b" outcome="Passed" testListId="8c84fa94-04c1-424b-9868-57a2d4851a1d" relativeResultsDirectory="6b3cc6b9-6ace-4657-b7a1-31583882b606" />
    <UnitTestResult executionId="89aa8bcc-405c-4faa-9425-cd00958f7b59" testId="a981eb02-60b2-46c5-b8c3-c3f4d9b37b77" testName="ToFirstLetterUpper_Passing_ValidValue_Returns_StringWithFirstLetterUpper (aeiou,Aeiou)" computerName="PC-SFERRARI" duration="00:00:00.0002522" startTime="2022-12-28T12:59:52.5466812+01:00" endTime="2022-12-28T12:59:52.5470493+01:00" testType="13cdc9d9-ddb5-4fa4-a97d-d965ccfc6d4b" outcome="Passed" testListId="8c84fa94-04c1-424b-9868-57a2d4851a1d" relativeResultsDirectory="89aa8bcc-405c-4faa-9425-cd00958f7b59" />
    <UnitTestResult executionId="37e085d7-d4db-4f93-af6d-2808f3a37dcd" testId="9ee89fe2-924a-4976-a75d-4b4d5c32e190" testName="ToNormalize_Passing_ValidValue_Returns_NormalizedValue ( * ¨ ^ _ : - ? ¿ ; ,)" computerName="PC-SFERRARI" duration="00:00:00.0001738" startTime="2022-12-28T12:59:52.5787180+01:00" endTime="2022-12-28T12:59:52.5793515+01:00" testType="13cdc9d9-ddb5-4fa4-a97d-d965ccfc6d4b" outcome="Passed" testListId="8c84fa94-04c1-424b-9868-57a2d4851a1d" relativeResultsDirectory="37e085d7-d4db-4f93-af6d-2808f3a37dcd" />
    <UnitTestResult executionId="a49a7c7a-14a7-4794-beff-f792f58b2c94" testId="5843a874-eb34-48b0-8ce3-ef11ddf7cccc" testName="ToMapList_Passing_Source_Type_And_Destination_Type_Returns_Destination_Object_List" computerName="PC-SFERRARI" duration="00:00:00.0425641" startTime="2022-12-28T12:59:51.2518783+01:00" endTime="2022-12-28T12:59:51.2946148+01:00" testType="13cdc9d9-ddb5-4fa4-a97d-d965ccfc6d4b" outcome="Passed" testListId="8c84fa94-04c1-424b-9868-57a2d4851a1d" relativeResultsDirectory="a49a7c7a-14a7-4794-beff-f792f58b2c94" />
    <UnitTestResult executionId="232e5206-7a0f-4a95-9dff-7ccd315d962a" testId="ec4c1975-94c9-47f3-8dc4-1e4d79a885df" testName="ToUri_Passing_ValidValueString_Returns_Uri (http://142.42.1.1:8080/)" computerName="PC-SFERRARI" duration="00:00:00.0000097" startTime="2022-12-28T12:59:52.6748404+01:00" endTime="2022-12-28T12:59:52.6750303+01:00" testType="13cdc9d9-ddb5-4fa4-a97d-d965ccfc6d4b" outcome="Passed" testListId="8c84fa94-04c1-424b-9868-57a2d4851a1d" relativeResultsDirectory="232e5206-7a0f-4a95-9dff-7ccd315d962a" />
    <UnitTestResult executionId="3881f7fb-9acb-4763-8192-136c978be80c" testId="599faf99-9b1c-4c57-ad81-b318a77407e8" testName="ToReplace_Passing_ValidValue_Returns_ReplacedValue (aeiou,*,2,1,ae*ou)" computerName="PC-SFERRARI" duration="00:00:00.0000246" startTime="2022-12-28T12:59:52.6271450+01:00" endTime="2022-12-28T12:59:52.6281016+01:00" testType="13cdc9d9-ddb5-4fa4-a97d-d965ccfc6d4b" outcome="Passed" testListId="8c84fa94-04c1-424b-9868-57a2d4851a1d" relativeResultsDirectory="3881f7fb-9acb-4763-8192-136c978be80c" />
    <UnitTestResult executionId="ff8a1a07-b729-4573-bc9a-61bc66c60f4d" testId="743d1f91-5f2f-4109-aefe-ca980d011bd6" testName="ToDirectoryFindFilePath_Passing_ValidValue_Returns_FilePath" computerName="PC-SFERRARI" duration="00:00:00.0024033" startTime="2022-12-28T12:59:52.4612721+01:00" endTime="2022-12-28T12:59:52.4638731+01:00" testType="13cdc9d9-ddb5-4fa4-a97d-d965ccfc6d4b" outcome="Passed" testListId="8c84fa94-04c1-424b-9868-57a2d4851a1d" relativeResultsDirectory="ff8a1a07-b729-4573-bc9a-61bc66c60f4d" />
    <UnitTestResult executionId="fa4f2125-81b0-467d-84cd-f75dc6657ea7" testId="b94e18ff-5f11-4a45-9120-87cef6a0cfa9" testName="ToDefaultValue_Passing_ulong_Returns_Cero" computerName="PC-SFERRARI" duration="00:00:00.0004021" startTime="2022-12-28T12:59:51.9697990+01:00" endTime="2022-12-28T12:59:51.9703304+01:00" testType="13cdc9d9-ddb5-4fa4-a97d-d965ccfc6d4b" outcome="Passed" testListId="8c84fa94-04c1-424b-9868-57a2d4851a1d" relativeResultsDirectory="fa4f2125-81b0-467d-84cd-f75dc6657ea7" />
    <UnitTestResult executionId="aac5bb0e-dfc2-42e0-a447-8a43e0014dd5" testId="aaf76043-7012-4406-baa4-662d32acf8a4" testName="ToDefaultValue_Passing_ValidString_Returns_DefaultValue" computerName="PC-SFERRARI" duration="00:00:00.0001038" startTime="2022-12-28T12:59:52.8545170+01:00" endTime="2022-12-28T12:59:52.8546769+01:00" testType="13cdc9d9-ddb5-4fa4-a97d-d965ccfc6d4b" outcome="Passed" testListId="8c84fa94-04c1-424b-9868-57a2d4851a1d" relativeResultsDirectory="aac5bb0e-dfc2-42e0-a447-8a43e0014dd5" />
    <UnitTestResult executionId="31819177-f9f4-4a5a-a12a-a56a8d11eb7f" testId="a7c43975-cddc-4f06-995e-d0792664fd67" testName="ToUri_Passing_ValidValueString_Returns_Uri (http://foo.com/blah_(wikipedia)_blah#cite-1)" computerName="PC-SFERRARI" duration="00:00:00.0000102" startTime="2022-12-28T12:59:52.6856995+01:00" endTime="2022-12-28T12:59:52.6858845+01:00" testType="13cdc9d9-ddb5-4fa4-a97d-d965ccfc6d4b" outcome="Passed" testListId="8c84fa94-04c1-424b-9868-57a2d4851a1d" relativeResultsDirectory="31819177-f9f4-4a5a-a12a-a56a8d11eb7f" />
    <UnitTestResult executionId="f5987bfb-7b18-4874-a256-8fb0a46eb96e" testId="118ce696-8bbb-4d4e-bcc9-68d167bb9ebe" testName="ToUri_Passing_ValidValueString_Returns_Uri (http://userid@example.com/)" computerName="PC-SFERRARI" duration="00:00:00.0000231" startTime="2022-12-28T12:59:52.6733226+01:00" endTime="2022-12-28T12:59:52.6735871+01:00" testType="13cdc9d9-ddb5-4fa4-a97d-d965ccfc6d4b" outcome="Passed" testListId="8c84fa94-04c1-424b-9868-57a2d4851a1d" relativeResultsDirectory="f5987bfb-7b18-4874-a256-8fb0a46eb96e" />
    <UnitTestResult executionId="49825801-07c5-4834-9f97-face4231d985" testId="4c48edeb-99f7-4ed5-adea-dba0ac56be17" testName="ToEmailMaskUserNameAndDomainAndExtension_Passing_ValidEmail_Returns_EmailWithMask (qazwsxedc@gmailgmail.com,q*******c@g********l.c*m)" computerName="PC-SFERRARI" duration="00:00:00.0000201" startTime="2022-12-28T12:59:52.5056998+01:00" endTime="2022-12-28T12:59:52.5058177+01:00" testType="13cdc9d9-ddb5-4fa4-a97d-d965ccfc6d4b" outcome="Passed" testListId="8c84fa94-04c1-424b-9868-57a2d4851a1d" relativeResultsDirectory="49825801-07c5-4834-9f97-face4231d985" />
    <UnitTestResult executionId="3e1076c6-f005-4223-8635-d841d1105d4e" testId="9fb96ae3-0b3a-4179-a22e-ff479c85a4bb" testName="ToUri_Passing_InvalidValueString_Returns_DefaultValue (http://?)" computerName="PC-SFERRARI" duration="00:00:00.0020522" startTime="2022-12-28T12:59:52.6289891+01:00" endTime="2022-12-28T12:59:52.6312347+01:00" testType="13cdc9d9-ddb5-4fa4-a97d-d965ccfc6d4b" outcome="Passed" testListId="8c84fa94-04c1-424b-9868-57a2d4851a1d" relativeResultsDirectory="3e1076c6-f005-4223-8635-d841d1105d4e" />
    <UnitTestResult executionId="d3c2381c-40fb-42b6-ae6f-45e31902469a" testId="044698c1-3d3b-461f-aafc-61347b787093" testName="ToEnvironment_Passing_Development_Enviroment_Returns_Development_Name" computerName="PC-SFERRARI" duration="00:00:00.0038491" startTime="2022-12-28T12:59:51.5427506+01:00" endTime="2022-12-28T12:59:51.5469745+01:00" testType="13cdc9d9-ddb5-4fa4-a97d-d965ccfc6d4b" outcome="Passed" testListId="8c84fa94-04c1-424b-9868-57a2d4851a1d" relativeResultsDirectory="d3c2381c-40fb-42b6-ae6f-45e31902469a" />
    <UnitTestResult executionId="aa754a1e-276c-4ccd-b431-c36024a6102c" testId="fcc466d1-24d8-4b91-b10a-19e9cc6755b6" testName="ToNormalize_Passing_ValidValue_Returns_NormalizedValue (ÀÁÄÂÃ,AAAAA)" computerName="PC-SFERRARI" duration="00:00:00.0000591" startTime="2022-12-28T12:59:52.5799398+01:00" endTime="2022-12-28T12:59:52.5802286+01:00" testType="13cdc9d9-ddb5-4fa4-a97d-d965ccfc6d4b" outcome="Passed" testListId="8c84fa94-04c1-424b-9868-57a2d4851a1d" relativeResultsDirectory="aa754a1e-276c-4ccd-b431-c36024a6102c" />
    <UnitTestResult executionId="a383ed01-0a71-400b-9ba4-7ff5da53a4ab" testId="09faca17-d7c7-4208-a115-3daec9b301f4" testName="ToNormalize_Passing_ValidValue_Returns_NormalizedValue (àáäâã,aaaaa)" computerName="PC-SFERRARI" duration="00:00:00.0001329" startTime="2022-12-28T12:59:52.5794448+01:00" endTime="2022-12-28T12:59:52.5798548+01:00" testType="13cdc9d9-ddb5-4fa4-a97d-d965ccfc6d4b" outcome="Passed" testListId="8c84fa94-04c1-424b-9868-57a2d4851a1d" relativeResultsDirectory="a383ed01-0a71-400b-9ba4-7ff5da53a4ab" />
    <UnitTestResult executionId="df925b55-e911-49c8-922c-0d3f53f0c27f" testId="c10947c5-50c7-4cce-8472-b011eaa176ba" testName="ToUri_Passing_ValidValueString_Returns_Uri (https://www.example.com/foo/?bar=baz&amp;inga=42&amp;quux)" computerName="PC-SFERRARI" duration="00:00:00.0000101" startTime="2022-12-28T12:59:52.6677044+01:00" endTime="2022-12-28T12:59:52.6678819+01:00" testType="13cdc9d9-ddb5-4fa4-a97d-d965ccfc6d4b" outcome="Passed" testListId="8c84fa94-04c1-424b-9868-57a2d4851a1d" relativeResultsDirectory="df925b55-e911-49c8-922c-0d3f53f0c27f" />
    <UnitTestResult executionId="be995bd0-15c1-4503-8401-92538c0e33a0" testId="b0465cf8-7594-4215-83bd-3994f20a7e06" testName="ToRemove_Passing_ValidValue_Returns_ValueWithoutRemovedChars (aeiou,a,eiou)" computerName="PC-SFERRARI" duration="00:00:00.0000265" startTime="2022-12-28T12:59:52.6067592+01:00" endTime="2022-12-28T12:59:52.6069720+01:00" testType="13cdc9d9-ddb5-4fa4-a97d-d965ccfc6d4b" outcome="Passed" testListId="8c84fa94-04c1-424b-9868-57a2d4851a1d" relativeResultsDirectory="be995bd0-15c1-4503-8401-92538c0e33a0" />
    <UnitTestResult executionId="3c448ce6-e9cf-4aaa-a797-4ea533e03651" testId="ca13fb86-2f6c-45e3-8069-41786719dbf2" testName="ToService_Passing_Valid_Service_Returns_Service" computerName="PC-SFERRARI" duration="00:00:00.0004704" startTime="2022-12-28T12:59:51.8815517+01:00" endTime="2022-12-28T12:59:51.8820779+01:00" testType="13cdc9d9-ddb5-4fa4-a97d-d965ccfc6d4b" outcome="Passed" testListId="8c84fa94-04c1-424b-9868-57a2d4851a1d" relativeResultsDirectory="3c448ce6-e9cf-4aaa-a797-4ea533e03651" />
    <UnitTestResult executionId="2292ed92-509e-407c-83d0-840336beeb7a" testId="4ad1ceee-48c5-4151-a33f-966794a7c076" testName="ToUri_Passing_ValidValueString_Returns_Uri (http://userid:password@example.com/)" computerName="PC-SFERRARI" duration="00:00:00.0000123" startTime="2022-12-28T12:59:52.6743684+01:00" endTime="2022-12-28T12:59:52.6745469+01:00" testType="13cdc9d9-ddb5-4fa4-a97d-d965ccfc6d4b" outcome="Passed" testListId="8c84fa94-04c1-424b-9868-57a2d4851a1d" relativeResultsDirectory="2292ed92-509e-407c-83d0-840336beeb7a" />
    <UnitTestResult executionId="083ee445-47e4-476e-83c3-608f52fff3d5" testId="7e51fbc7-babd-49c0-bcc7-46ff3792b95e" testName="ToHashAlgorithmName_Passing_InvalidValueLowerCaseStringWithDefaultValue_Returns_DefaultValue (md5)" computerName="PC-SFERRARI" duration="00:00:00.0024924" startTime="2022-12-28T12:59:52.5487328+01:00" endTime="2022-12-28T12:59:52.5513876+01:00" testType="13cdc9d9-ddb5-4fa4-a97d-d965ccfc6d4b" outcome="Passed" testListId="8c84fa94-04c1-424b-9868-57a2d4851a1d" relativeResultsDirectory="083ee445-47e4-476e-83c3-608f52fff3d5" />
    <UnitTestResult executionId="48b61315-9ebf-4a09-a9d1-fd8c5efd904b" testId="2621e18c-cbfe-4f95-8a39-749564731611" testName="ToUri_Passing_ValidValueString_Returns_Uri (http://foo.com/blah_blah)" computerName="PC-SFERRARI" duration="00:00:00.0003570" startTime="2022-12-28T12:59:52.6446749+01:00" endTime="2022-12-28T12:59:52.6451500+01:00" testType="13cdc9d9-ddb5-4fa4-a97d-d965ccfc6d4b" outcome="Passed" testListId="8c84fa94-04c1-424b-9868-57a2d4851a1d" relativeResultsDirectory="48b61315-9ebf-4a09-a9d1-fd8c5efd904b" />
    <UnitTestResult executionId="8badd191-d5bd-4d80-b824-a2d7b2487f01" testId="e88f1354-9304-4243-81dc-252929baa47c" testName="ToServiceMatchingInterface_Passing_Valid_Assembly_And_Valid_Interface_Returns_Service" computerName="PC-SFERRARI" duration="00:00:00.0031647" startTime="2022-12-28T12:59:51.8760602+01:00" endTime="2022-12-28T12:59:51.8800867+01:00" testType="13cdc9d9-ddb5-4fa4-a97d-d965ccfc6d4b" outcome="Passed" testListId="8c84fa94-04c1-424b-9868-57a2d4851a1d" relativeResultsDirectory="8badd191-d5bd-4d80-b824-a2d7b2487f01" />
    <UnitTestResult executionId="d725432f-d2e9-48b9-8ec0-679ee85bf307" testId="754c4ac4-6b7b-418c-b630-f19d123c0e39" testName="ToUri_Passing_ValidValueString_Returns_Uri (http://userid@example.com)" computerName="PC-SFERRARI" duration="00:00:00.0000429" startTime="2022-12-28T12:59:52.6726457+01:00" endTime="2022-12-28T12:59:52.6732228+01:00" testType="13cdc9d9-ddb5-4fa4-a97d-d965ccfc6d4b" outcome="Passed" testListId="8c84fa94-04c1-424b-9868-57a2d4851a1d" relativeResultsDirectory="d725432f-d2e9-48b9-8ec0-679ee85bf307" />
    <UnitTestResult executionId="c872b651-737e-4525-a16e-313a0231550e" testId="32246525-2ebf-4328-93b0-8cdd1c483e3a" testName="ToReplace_Passing_ValidValue_Returns_ReplacedValue (aeiou,*,0,2,**iou)" computerName="PC-SFERRARI" duration="00:00:00.0002699" startTime="2022-12-28T12:59:52.6231055+01:00" endTime="2022-12-28T12:59:52.6236593+01:00" testType="13cdc9d9-ddb5-4fa4-a97d-d965ccfc6d4b" outcome="Passed" testListId="8c84fa94-04c1-424b-9868-57a2d4851a1d" relativeResultsDirectory="c872b651-737e-4525-a16e-313a0231550e" />
    <UnitTestResult executionId="a60c6a57-c1f7-485b-a4d1-3f9b8aacb8e9" testId="55df3f76-087d-41fc-9a71-6fcd9928c3f6" testName="ToDefaultValue_Passing_double_Returns_Cero (1,7976931348623157E+308)" computerName="PC-SFERRARI" duration="00:00:00.0003280" startTime="2022-12-28T12:59:51.9624825+01:00" endTime="2022-12-28T12:59:51.9639900+01:00" testType="13cdc9d9-ddb5-4fa4-a97d-d965ccfc6d4b" outcome="Passed" testListId="8c84fa94-04c1-424b-9868-57a2d4851a1d" relativeResultsDirectory="a60c6a57-c1f7-485b-a4d1-3f9b8aacb8e9" />
    <UnitTestResult executionId="7f3038cb-5f82-485c-8a43-5a07b8d3a412" testId="36014f08-2de1-404d-9651-01c136428b65" testName="ToEmailMaskUserName_Passing_ValidEmail_Returns_EmailWithMask (qazwsxedc@gmailgmail.com,q*******c@gmailgmail.com)" computerName="PC-SFERRARI" duration="00:00:00.0000349" startTime="2022-12-28T12:59:52.5157571+01:00" endTime="2022-12-28T12:59:52.5159852+01:00" testType="13cdc9d9-ddb5-4fa4-a97d-d965ccfc6d4b" outcome="Passed" testListId="8c84fa94-04c1-424b-9868-57a2d4851a1d" relativeResultsDirectory="7f3038cb-5f82-485c-8a43-5a07b8d3a412" />
    <UnitTestResult executionId="a00bcbfd-946a-48b5-9e83-a2a26c943470" testId="902d2a4c-aad2-4d3c-b39a-69dd9ba1a55e" testName="ToIsWeekend_Passing_Saturday_DateTime_Returns_True" computerName="PC-SFERRARI" duration="00:00:00.0002525" startTime="2022-12-28T12:59:51.9000687+01:00" endTime="2022-12-28T12:59:51.9004653+01:00" testType="13cdc9d9-ddb5-4fa4-a97d-d965ccfc6d4b" outcome="Passed" testListId="8c84fa94-04c1-424b-9868-57a2d4851a1d" relativeResultsDirectory="a00bcbfd-946a-48b5-9e83-a2a26c943470" />
    <UnitTestResult executionId="8a3fd92a-2e17-4236-a16f-8f417b9f34b0" testId="35eea49e-2597-43af-814e-02894e2ae8ec" testName="ToUri_Passing_ValidValueString_Returns_Uri (http://userid@example.com:8080)" computerName="PC-SFERRARI" duration="00:00:00.0000109" startTime="2022-12-28T12:59:52.6736509+01:00" endTime="2022-12-28T12:59:52.6738429+01:00" testType="13cdc9d9-ddb5-4fa4-a97d-d965ccfc6d4b" outcome="Passed" testListId="8c84fa94-04c1-424b-9868-57a2d4851a1d" relativeResultsDirectory="8a3fd92a-2e17-4236-a16f-8f417b9f34b0" />
    <UnitTestResult executionId="220704b6-5f44-4b9b-bb2f-29532c95022f" testId="dfb67390-8365-4ca0-bb2b-f1c6d6c60d04" testName="ToUri_Passing_ValidValueString_Returns_Uri (//foo.com/blah_blah?p=5&amp;j=fe)" computerName="PC-SFERRARI" duration="00:00:00.0000170" startTime="2022-12-28T12:59:52.6665114+01:00" endTime="2022-12-28T12:59:52.6668321+01:00" testType="13cdc9d9-ddb5-4fa4-a97d-d965ccfc6d4b" outcome="Passed" testListId="8c84fa94-04c1-424b-9868-57a2d4851a1d" relativeResultsDirectory="220704b6-5f44-4b9b-bb2f-29532c95022f" />
    <UnitTestResult executionId="95c895f4-946d-47d2-976d-4397479ad9e8" testId="6d2f78a1-767b-49a6-a64a-35d7ae112ae1" testName="ResultBadRequest_WithErrors_Value" computerName="PC-SFERRARI" duration="00:00:00.0021846" startTime="2022-12-28T12:59:52.3560224+01:00" endTime="2022-12-28T12:59:52.3594100+01:00" testType="13cdc9d9-ddb5-4fa4-a97d-d965ccfc6d4b" outcome="Passed" testListId="8c84fa94-04c1-424b-9868-57a2d4851a1d" relativeResultsDirectory="95c895f4-946d-47d2-976d-4397479ad9e8" />
    <UnitTestResult executionId="70316a95-c733-4d19-b9e9-61cc8be173bc" testId="53cd776f-8780-4eab-a6df-55e1656e04e8" testName="ToRemove_Passing_ValidValue_Returns_ValueWithoutRemovedChars (aeiou,aeio,u)" computerName="PC-SFERRARI" duration="00:00:00.0000270" startTime="2022-12-28T12:59:52.6078502+01:00" endTime="2022-12-28T12:59:52.6081008+01:00" testType="13cdc9d9-ddb5-4fa4-a97d-d965ccfc6d4b" outcome="Passed" testListId="8c84fa94-04c1-424b-9868-57a2d4851a1d" relativeResultsDirectory="70316a95-c733-4d19-b9e9-61cc8be173bc" />
    <UnitTestResult executionId="094f44b4-cc7b-4017-aed0-053e82c8d29b" testId="3e2fa1a7-ddcb-43ff-b7ba-518e5de196c1" testName="CreateRandom_WithCustomAllowableCharacters_Passing_Valid_Arguments_Returns_String_Random_Value (8,ae)" computerName="PC-SFERRARI" duration="00:00:00.0068254" startTime="2022-12-28T12:59:51.9994710+01:00" endTime="2022-12-28T12:59:52.0064906+01:00" testType="13cdc9d9-ddb5-4fa4-a97d-d965ccfc6d4b" outcome="Passed" testListId="8c84fa94-04c1-424b-9868-57a2d4851a1d" relativeResultsDirectory="094f44b4-cc7b-4017-aed0-053e82c8d29b" />
    <UnitTestResult executionId="1db82099-7f05-4523-adf6-8da39d9e7880" testId="55dfd9b8-ee66-4705-a1e2-596b79316570" testName="ToEmailMask_Passing_ValidEmail_Returns_EmailWithMask (qazwsx@gmail.com,q----x@g----.com)" computerName="PC-SFERRARI" duration="00:00:00.0006083" startTime="2022-12-28T12:59:52.5169795+01:00" endTime="2022-12-28T12:59:52.5178923+01:00" testType="13cdc9d9-ddb5-4fa4-a97d-d965ccfc6d4b" outcome="Passed" testListId="8c84fa94-04c1-424b-9868-57a2d4851a1d" relativeResultsDirectory="1db82099-7f05-4523-adf6-8da39d9e7880" />
    <UnitTestResult executionId="ed861f08-1408-44a5-94c6-1134f5e5a326" testId="d8b93e44-944c-4999-ae28-5f2a9e3d235f" testName="ToList_Passing_ValidEnumType_Returns_ValuesList" computerName="PC-SFERRARI" duration="00:00:00.0003744" startTime="2022-12-28T12:59:51.9381341+01:00" endTime="2022-12-28T12:59:51.9386690+01:00" testType="13cdc9d9-ddb5-4fa4-a97d-d965ccfc6d4b" outcome="Passed" testListId="8c84fa94-04c1-424b-9868-57a2d4851a1d" relativeResultsDirectory="ed861f08-1408-44a5-94c6-1134f5e5a326" />
    <UnitTestResult executionId="50eb38ce-6a9b-4169-a56a-5f0633992de5" testId="d635d7b7-cc85-4d60-9146-afca84b29276" testName="ToFullMessageDetail_Passing_ExceptionWithMessageWithInnerException_Returns_Full_Message_Detail" computerName="PC-SFERRARI" duration="00:00:00.0103381" startTime="2022-12-28T12:59:51.9399383+01:00" endTime="2022-12-28T12:59:51.9505424+01:00" testType="13cdc9d9-ddb5-4fa4-a97d-d965ccfc6d4b" outcome="Passed" testListId="8c84fa94-04c1-424b-9868-57a2d4851a1d" relativeResultsDirectory="50eb38ce-6a9b-4169-a56a-5f0633992de5" />
    <UnitTestResult executionId="81926aee-5175-46b1-8d5e-466496d6b774" testId="48c5545c-b533-4c6a-a101-1ce4b7d6817f" testName="ThrowIf_Passing_InvalidValue_Returns_ApplicationExceptionWithMessage" computerName="PC-SFERRARI" duration="00:00:00.0005953" startTime="2022-12-28T12:59:52.8748101+01:00" endTime="2022-12-28T12:59:52.8755268+01:00" testType="13cdc9d9-ddb5-4fa4-a97d-d965ccfc6d4b" outcome="Passed" testListId="8c84fa94-04c1-424b-9868-57a2d4851a1d" relativeResultsDirectory="81926aee-5175-46b1-8d5e-466496d6b774" />
    <UnitTestResult executionId="19d73ba9-b488-442e-ac77-3e8e651a7c83" testId="5f8a7299-fb8b-419b-b8f8-b56f35c934f0" testName="ToNormalize_Passing_ValidValue_Returns_NormalizedValue ( àáäâ ãøçħ ,aaaa aoch)" computerName="PC-SFERRARI" duration="00:00:00.0001464" startTime="2022-12-28T12:59:52.5745383+01:00" endTime="2022-12-28T12:59:52.5749292+01:00" testType="13cdc9d9-ddb5-4fa4-a97d-d965ccfc6d4b" outcome="Passed" testListId="8c84fa94-04c1-424b-9868-57a2d4851a1d" relativeResultsDirectory="19d73ba9-b488-442e-ac77-3e8e651a7c83" />
    <UnitTestResult executionId="6c07db6f-ae3b-40c7-945f-8388df32e471" testId="1ecce9ee-b210-4ca9-98f5-067f8c4af9ab" testName="ToNormalize_Passing_ValidValue_Returns_NormalizedValue (*¨^_:-?¿;,)" computerName="PC-SFERRARI" duration="00:00:00.0009659" startTime="2022-12-28T12:59:52.5769892+01:00" endTime="2022-12-28T12:59:52.5786182+01:00" testType="13cdc9d9-ddb5-4fa4-a97d-d965ccfc6d4b" outcome="Passed" testListId="8c84fa94-04c1-424b-9868-57a2d4851a1d" relativeResultsDirectory="6c07db6f-ae3b-40c7-945f-8388df32e471" />
    <UnitTestResult executionId="42751816-aa1e-43f3-9afc-6872bbd59180" testId="11310a38-ed6b-4721-8e52-225f34f4b47d" testName="ToUri_Passing_InvalidValueString_Returns_DefaultValue (http://##/)" computerName="PC-SFERRARI" duration="00:00:00.0000141" startTime="2022-12-28T12:59:52.6387521+01:00" endTime="2022-12-28T12:59:52.6389367+01:00" testType="13cdc9d9-ddb5-4fa4-a97d-d965ccfc6d4b" outcome="Passed" testListId="8c84fa94-04c1-424b-9868-57a2d4851a1d" relativeResultsDirectory="42751816-aa1e-43f3-9afc-6872bbd59180" />
    <UnitTestResult executionId="4949389c-79cf-4446-9819-04070455711a" testId="0e5753a8-940e-465a-bd0b-246dfb45d868" testName="ToEmailMaskUserNameAndDomain_Passing_ValidEmail_Returns_EmailWithMask (qaz@gmail.com,q*z@g***l.com)" computerName="PC-SFERRARI" duration="00:00:00.0006633" startTime="2022-12-28T12:59:52.5073938+01:00" endTime="2022-12-28T12:59:52.5082206+01:00" testType="13cdc9d9-ddb5-4fa4-a97d-d965ccfc6d4b" outcome="Passed" testListId="8c84fa94-04c1-424b-9868-57a2d4851a1d" relativeResultsDirectory="4949389c-79cf-4446-9819-04070455711a" />
    <UnitTestResult executionId="55bc829c-5325-4113-9f6f-6ce34bec6316" testId="b28d570b-6fb4-4599-85c3-1a1d234a2664" testName="ToIsWeekend_Passing_Friday_DateTime_Returns_False" computerName="PC-SFERRARI" duration="00:00:00.0002567" startTime="2022-12-28T12:59:51.8996450+01:00" endTime="2022-12-28T12:59:51.8999987+01:00" testType="13cdc9d9-ddb5-4fa4-a97d-d965ccfc6d4b" outcome="Passed" testListId="8c84fa94-04c1-424b-9868-57a2d4851a1d" relativeResultsDirectory="55bc829c-5325-4113-9f6f-6ce34bec6316" />
    <UnitTestResult executionId="ad8fcbdf-fe40-4169-9049-c895ea1f4c74" testId="cd590843-6c88-4693-a99e-33169950f594" testName="ToEmailMaskUserName_Passing_ValidEmail_Returns_EmailWithMask (qazwsx@gmailgmail.com,q****x@gmailgmail.com)" computerName="PC-SFERRARI" duration="00:00:00.0000575" startTime="2022-12-28T12:59:52.5154062+01:00" endTime="2022-12-28T12:59:52.5156937+01:00" testType="13cdc9d9-ddb5-4fa4-a97d-d965ccfc6d4b" outcome="Passed" testListId="8c84fa94-04c1-424b-9868-57a2d4851a1d" relativeResultsDirectory="ad8fcbdf-fe40-4169-9049-c895ea1f4c74" />
    <UnitTestResult executionId="a9f2f6d9-e891-4884-ae5f-f0e1b33bb9b2" testId="d6f96b7a-7272-43a0-a5cf-4cc051f028bc" testName="ToDetails_Passing_HttpContext_WithOptionalData_Returns_Details_HttpContext" computerName="PC-SFERRARI" duration="00:00:00.0027179" startTime="2022-12-28T12:59:52.0424139+01:00" endTime="2022-12-28T12:59:52.0452948+01:00" testType="13cdc9d9-ddb5-4fa4-a97d-d965ccfc6d4b" outcome="Passed" testListId="8c84fa94-04c1-424b-9868-57a2d4851a1d" relativeResultsDirectory="a9f2f6d9-e891-4884-ae5f-f0e1b33bb9b2" />
    <UnitTestResult executionId="b664ecb4-32f5-4023-ace4-68c00a2a729f" testId="7e29317e-219f-4e44-b78f-c1c3552aff71" testName="CreateAndVerifySHA256_Passing_Valid_Arguments_Returns_True (sdlfkjldsfksdfñl·%$·&amp;$/U&amp;/)(&amp;()?=)¿?^P*^PÑL,.,.lñ´ñ+98098'098098)" computerName="PC-SFERRARI" duration="00:00:00.0000333" startTime="2022-12-28T12:59:51.9952881+01:00" endTime="2022-12-28T12:59:51.9955118+01:00" testType="13cdc9d9-ddb5-4fa4-a97d-d965ccfc6d4b" outcome="Passed" testListId="8c84fa94-04c1-424b-9868-57a2d4851a1d" relativeResultsDirectory="b664ecb4-32f5-4023-ace4-68c00a2a729f" />
    <UnitTestResult executionId="ed71a72d-9378-495c-88dc-006181558eaa" testId="2980aa28-bc23-42c5-95e8-b0bb64a6693a" testName="ToDirectoryReadFileAsync_Passing_ValidValue_Returns_False" computerName="PC-SFERRARI" duration="00:00:00.0172738" startTime="2022-12-28T12:59:52.4657195+01:00" endTime="2022-12-28T12:59:52.4831971+01:00" testType="13cdc9d9-ddb5-4fa4-a97d-d965ccfc6d4b" outcome="Passed" testListId="8c84fa94-04c1-424b-9868-57a2d4851a1d" relativeResultsDirectory="ed71a72d-9378-495c-88dc-006181558eaa" />
    <UnitTestResult executionId="aeb8c7be-ee7a-4004-85e9-60078c6d0613" testId="f726ef6d-7e41-4e4c-8aa0-1fa57f32b582" testName="ToInt_Passing_InvalidValueString_Returns_Null (asdasdasdasd234324)" computerName="PC-SFERRARI" duration="00:00:00.0000069" startTime="2022-12-28T12:59:52.5634051+01:00" endTime="2022-12-28T12:59:52.5635505+01:00" testType="13cdc9d9-ddb5-4fa4-a97d-d965ccfc6d4b" outcome="Passed" testListId="8c84fa94-04c1-424b-9868-57a2d4851a1d" relativeResultsDirectory="aeb8c7be-ee7a-4004-85e9-60078c6d0613" />
    <UnitTestResult executionId="07f9fa36-80ed-44e2-96fd-62be01c592f9" testId="3b9d6abf-13fe-4a00-99f7-25ad7559f32e" testName="ToReplace_Passing_ValidValue_Returns_ReplacedValue (aeiou,*,0,1,*eiou)" computerName="PC-SFERRARI" duration="00:00:00.0006763" startTime="2022-12-28T12:59:52.6221092+01:00" endTime="2022-12-28T12:59:52.6230434+01:00" testType="13cdc9d9-ddb5-4fa4-a97d-d965ccfc6d4b" outcome="Passed" testListId="8c84fa94-04c1-424b-9868-57a2d4851a1d" relativeResultsDirectory="07f9fa36-80ed-44e2-96fd-62be01c592f9" />
    <UnitTestResult executionId="cbd6a2db-9386-4a40-ad26-ef4feb392282" testId="14bfe90a-8fbf-423c-a9c7-58da32480b99" testName="ToUri_Passing_ValidValueString_Returns_Uri (https://foo.com/blah_blah)" computerName="PC-SFERRARI" duration="00:00:00.0000094" startTime="2022-12-28T12:59:52.6510007+01:00" endTime="2022-12-28T12:59:52.6511905+01:00" testType="13cdc9d9-ddb5-4fa4-a97d-d965ccfc6d4b" outcome="Passed" testListId="8c84fa94-04c1-424b-9868-57a2d4851a1d" relativeResultsDirectory="cbd6a2db-9386-4a40-ad26-ef4feb392282" />
    <UnitTestResult executionId="a9f2cf8c-eac4-44c8-9334-ebf9fcbf38d4" testId="78ce138f-7259-4546-b344-f52805e9e9a0" testName="ToNormalize_Passing_ValidValue_Returns_NormalizedValue (ñ Ñ,n N)" computerName="PC-SFERRARI" duration="00:00:00.0000314" startTime="2022-12-28T12:59:52.5919722+01:00" endTime="2022-12-28T12:59:52.5921371+01:00" testType="13cdc9d9-ddb5-4fa4-a97d-d965ccfc6d4b" outcome="Passed" testListId="8c84fa94-04c1-424b-9868-57a2d4851a1d" relativeResultsDirectory="a9f2cf8c-eac4-44c8-9334-ebf9fcbf38d4" />
    <UnitTestResult executionId="38e4b0f2-27b8-4d75-b6a5-0322e1ee2b28" testId="5665a28b-1d81-4f51-8c10-ebb3014fd9c0" testName="ResultOkData_WithData" computerName="PC-SFERRARI" duration="00:00:00.0026173" startTime="2022-12-28T12:59:52.4171141+01:00" endTime="2022-12-28T12:59:52.4200844+01:00" testType="13cdc9d9-ddb5-4fa4-a97d-d965ccfc6d4b" outcome="Passed" testListId="8c84fa94-04c1-424b-9868-57a2d4851a1d" relativeResultsDirectory="38e4b0f2-27b8-4d75-b6a5-0322e1ee2b28" />
    <UnitTestResult executionId="077b29dc-122e-45fc-ac28-461f1cd0acfb" testId="dd5f480b-aac6-4439-9102-4befb68f1502" testName="ToInt_Passing_InvalidValueString_Returns_Null (999999439293294392492349329493294)" computerName="PC-SFERRARI" duration="00:00:00.0000067" startTime="2022-12-28T12:59:52.5631931+01:00" endTime="2022-12-28T12:59:52.5633307+01:00" testType="13cdc9d9-ddb5-4fa4-a97d-d965ccfc6d4b" outcome="Passed" testListId="8c84fa94-04c1-424b-9868-57a2d4851a1d" relativeResultsDirectory="077b29dc-122e-45fc-ac28-461f1cd0acfb" />
    <UnitTestResult executionId="2f176a6f-1b43-4e03-a68f-49ad1fca7949" testId="24c0740a-b542-4dc6-a6a8-719f8a742db8" testName="ToDefaultValue_Passing_decimal_Returns_Cero" computerName="PC-SFERRARI" duration="00:00:00.0003892" startTime="2022-12-28T12:59:51.9619065+01:00" endTime="2022-12-28T12:59:51.9624086+01:00" testType="13cdc9d9-ddb5-4fa4-a97d-d965ccfc6d4b" outcome="Passed" testListId="8c84fa94-04c1-424b-9868-57a2d4851a1d" relativeResultsDirectory="2f176a6f-1b43-4e03-a68f-49ad1fca7949" />
    <UnitTestResult executionId="01f12b46-18aa-4c03-9c95-67b7297cad20" testId="9279f02f-e689-486f-90f6-e2830e1b4c68" testName="ToWhere_Passing_Null_Predicate_Returns_Same_List" computerName="PC-SFERRARI" duration="00:00:00.0019578" startTime="2022-12-28T12:59:52.3415118+01:00" endTime="2022-12-28T12:59:52.3435845+01:00" testType="13cdc9d9-ddb5-4fa4-a97d-d965ccfc6d4b" outcome="Passed" testListId="8c84fa94-04c1-424b-9868-57a2d4851a1d" relativeResultsDirectory="01f12b46-18aa-4c03-9c95-67b7297cad20" />
    <UnitTestResult executionId="e69fe24b-eb47-4088-a3fb-80db3db00fae" testId="8e570134-2f61-4ef1-bad1-bfa55b4c3427" testName="ToEmailMaskUserName_Passing_ValidEmail_Returns_EmailWithMask (qazwsxedc@gmail.com,q*******c@gmail.com)" computerName="PC-SFERRARI" duration="00:00:00.0000391" startTime="2022-12-28T12:59:52.5111065+01:00" endTime="2022-12-28T12:59:52.5114290+01:00" testType="13cdc9d9-ddb5-4fa4-a97d-d965ccfc6d4b" outcome="Passed" testListId="8c84fa94-04c1-424b-9868-57a2d4851a1d" relativeResultsDirectory="e69fe24b-eb47-4088-a3fb-80db3db00fae" />
    <UnitTestResult executionId="d77b5c44-645c-4a47-85e4-bd57d443e39e" testId="6ee58a31-967a-4739-8ea6-39e1cb8211de" testName="ToIsAuthenticated_Passing_Claims_Returns_False" computerName="PC-SFERRARI" duration="00:00:00.0009262" startTime="2022-12-28T12:59:51.7896034+01:00" endTime="2022-12-28T12:59:51.7906659+01:00" testType="13cdc9d9-ddb5-4fa4-a97d-d965ccfc6d4b" outcome="Passed" testListId="8c84fa94-04c1-424b-9868-57a2d4851a1d" relativeResultsDirectory="d77b5c44-645c-4a47-85e4-bd57d443e39e" />
    <UnitTestResult executionId="7bf516f5-9371-4309-9075-4f2cde1393d9" testId="9422c498-89fe-45e0-90b5-0cb41b354333" testName="ToEmailMaskUserName_Passing_ValidEmail_Returns_EmailWithMask (qaz@gmailgmail.com,q*z@gmailgmail.com)" computerName="PC-SFERRARI" duration="00:00:00.0000539" startTime="2022-12-28T12:59:52.5144189+01:00" endTime="2022-12-28T12:59:52.5153001+01:00" testType="13cdc9d9-ddb5-4fa4-a97d-d965ccfc6d4b" outcome="Passed" testListId="8c84fa94-04c1-424b-9868-57a2d4851a1d" relativeResultsDirectory="7bf516f5-9371-4309-9075-4f2cde1393d9" />
    <UnitTestResult executionId="2f4882bb-7815-4af0-bc40-25aba3100e9e" testId="85214b05-05a6-44b9-9501-215e44767d58" testName="ToConfigureOrDefault_Passing_ActionCustomValues_Returns_CustomValues" computerName="PC-SFERRARI" duration="00:00:00.0093139" startTime="2022-12-28T12:59:50.8554810+01:00" endTime="2022-12-28T12:59:50.9321247+01:00" testType="13cdc9d9-ddb5-4fa4-a97d-d965ccfc6d4b" outcome="Passed" testListId="8c84fa94-04c1-424b-9868-57a2d4851a1d" relativeResultsDirectory="2f4882bb-7815-4af0-bc40-25aba3100e9e" />
    <UnitTestResult executionId="dc1b17d7-187b-4595-83fd-c9fd9c9bd948" testId="9f3d6821-0fd2-4562-a689-6b56ccbd8f72" testName="ToIsLastDayOfTheMonth_Passing_LastDayOfMonth_Returns_True" computerName="PC-SFERRARI" duration="00:00:00.0004340" startTime="2022-12-28T12:59:51.8986628+01:00" endTime="2022-12-28T12:59:51.8992537+01:00" testType="13cdc9d9-ddb5-4fa4-a97d-d965ccfc6d4b" outcome="Passed" testListId="8c84fa94-04c1-424b-9868-57a2d4851a1d" relativeResultsDirectory="dc1b17d7-187b-4595-83fd-c9fd9c9bd948" />
    <UnitTestResult executionId="a4f80720-c5a7-4262-9936-382f0ba3c52f" testId="17708336-4320-4d41-bf4c-a4767b865277" testName="ToExists_Passing_Valid_Service_Returns_True" computerName="PC-SFERRARI" duration="00:00:00.0002958" startTime="2022-12-28T12:59:51.8464767+01:00" endTime="2022-12-28T12:59:51.8468331+01:00" testType="13cdc9d9-ddb5-4fa4-a97d-d965ccfc6d4b" outcome="Passed" testListId="8c84fa94-04c1-424b-9868-57a2d4851a1d" relativeResultsDirectory="a4f80720-c5a7-4262-9936-382f0ba3c52f" />
    <UnitTestResult executionId="b294769a-5697-4766-aac4-29316e0afe76" testId="0cd4e74d-06fe-4ffa-8abd-56bbb3613849" testName="ThrowIfDirectoryNotExists_Passing_InvalidValue_Returns_ApplicationExceptionWithMessage" computerName="PC-SFERRARI" duration="00:00:00.0008013" startTime="2022-12-28T12:59:52.8590813+01:00" endTime="2022-12-28T12:59:52.8600859+01:00" testType="13cdc9d9-ddb5-4fa4-a97d-d965ccfc6d4b" outcome="Passed" testListId="8c84fa94-04c1-424b-9868-57a2d4851a1d" relativeResultsDirectory="b294769a-5697-4766-aac4-29316e0afe76" />
    <UnitTestResult executionId="80cb47ab-1bf1-4f6d-aa80-3e6f1290f26a" testId="a44a3282-ff36-4d00-83bd-9b6a323a7626" testName="ToContentType_Passing_ValidValueString_Returns_ContentType (xxxx.html,text/html)" computerName="PC-SFERRARI" duration="00:00:00.0000261" startTime="2022-12-28T12:59:52.4330542+01:00" endTime="2022-12-28T12:59:52.4331855+01:00" testType="13cdc9d9-ddb5-4fa4-a97d-d965ccfc6d4b" outcome="Passed" testListId="8c84fa94-04c1-424b-9868-57a2d4851a1d" relativeResultsDirectory="80cb47ab-1bf1-4f6d-aa80-3e6f1290f26a" />
    <UnitTestResult executionId="300feff3-79a8-4439-926d-0df3ee7f49f0" testId="af5fe214-bc32-43ab-be8c-e3bd0206f5cc" testName="ToReplace_Passing_ValidValue_Returns_ReplacedValue (aeiou,*,0,5,*****)" computerName="PC-SFERRARI" duration="00:00:00.0000191" startTime="2022-12-28T12:59:52.6264609+01:00" endTime="2022-12-28T12:59:52.6269895+01:00" testType="13cdc9d9-ddb5-4fa4-a97d-d965ccfc6d4b" outcome="Passed" testListId="8c84fa94-04c1-424b-9868-57a2d4851a1d" relativeResultsDirectory="300feff3-79a8-4439-926d-0df3ee7f49f0" />
    <UnitTestResult executionId="a874c315-c59a-4acd-9949-605d3b91c794" testId="ec17f4c9-ebc4-4433-a462-4d8e404ce296" testName="ToUri_Passing_InvalidValueString_Returns_DefaultValue (http://..)" computerName="PC-SFERRARI" duration="00:00:00.0000145" startTime="2022-12-28T12:59:52.6324431+01:00" endTime="2022-12-28T12:59:52.6326125+01:00" testType="13cdc9d9-ddb5-4fa4-a97d-d965ccfc6d4b" outcome="Passed" testListId="8c84fa94-04c1-424b-9868-57a2d4851a1d" relativeResultsDirectory="a874c315-c59a-4acd-9949-605d3b91c794" />
    <UnitTestResult executionId="43b31f93-f6bc-46f4-9e0e-6d63d21fb3ea" testId="49cce9a8-5a9c-460d-81c3-102154bb1b52" testName="ToEmailMaskUserName_Passing_ValidEmail_Returns_EmailWithMask (qaz@gmail.com,q*z@gmail.com)" computerName="PC-SFERRARI" duration="00:00:00.0004697" startTime="2022-12-28T12:59:52.5096689+01:00" endTime="2022-12-28T12:59:52.5102537+01:00" testType="13cdc9d9-ddb5-4fa4-a97d-d965ccfc6d4b" outcome="Passed" testListId="8c84fa94-04c1-424b-9868-57a2d4851a1d" relativeResultsDirectory="43b31f93-f6bc-46f4-9e0e-6d63d21fb3ea" />
    <UnitTestResult executionId="17750a3b-1166-44ac-ad5a-ea676aa35d5b" testId="5b90355a-94a5-4ee7-ad6d-e40ece696e31" testName="ToRemove_Passing_ValidValue_Returns_ValueWithoutRemovedChars (aeiou,aei,ou)" computerName="PC-SFERRARI" duration="00:00:00.0000305" startTime="2022-12-28T12:59:52.6073718+01:00" endTime="2022-12-28T12:59:52.6077897+01:00" testType="13cdc9d9-ddb5-4fa4-a97d-d965ccfc6d4b" outcome="Passed" testListId="8c84fa94-04c1-424b-9868-57a2d4851a1d" relativeResultsDirectory="17750a3b-1166-44ac-ad5a-ea676aa35d5b" />
    <UnitTestResult executionId="e866bbcc-6edb-4ebe-a608-ae1b04b82e8f" testId="872b767a-ecc5-42e0-a0a4-1d7e957c3738" testName="ToReadOnly_Passing_Valid_Collection_Returns_Readonly_Collection" computerName="PC-SFERRARI" duration="00:00:00.0016964" startTime="2022-12-28T12:59:51.9102411+01:00" endTime="2022-12-28T12:59:51.9120710+01:00" testType="13cdc9d9-ddb5-4fa4-a97d-d965ccfc6d4b" outcome="Passed" testListId="8c84fa94-04c1-424b-9868-57a2d4851a1d" relativeResultsDirectory="e866bbcc-6edb-4ebe-a608-ae1b04b82e8f" />
    <UnitTestResult executionId="58f224eb-d63c-4a75-a2de-6560961acc46" testId="ff7aa96b-0c1f-4478-a99a-bcdc3e9bf75b" testName="ToEnvironment_ServiceCollection_Passing_Staging_Enviroment_Returns_Staging_Name" computerName="PC-SFERRARI" duration="00:00:00.0006590" startTime="2022-12-28T12:59:51.8442968+01:00" endTime="2022-12-28T12:59:51.8450888+01:00" testType="13cdc9d9-ddb5-4fa4-a97d-d965ccfc6d4b" outcome="Passed" testListId="8c84fa94-04c1-424b-9868-57a2d4851a1d" relativeResultsDirectory="58f224eb-d63c-4a75-a2de-6560961acc46" />
    <UnitTestResult executionId="48015319-970f-41b1-ba58-2c2fb354aaf6" testId="1ef48bdb-6e3d-43fb-8408-125c52b3dd85" testName="ToMapNew_Passing_TDestination_Returns_New_Destination_Object" computerName="PC-SFERRARI" duration="00:00:00.0072232" startTime="2022-12-28T12:59:51.3094792+01:00" endTime="2022-12-28T12:59:51.3168464+01:00" testType="13cdc9d9-ddb5-4fa4-a97d-d965ccfc6d4b" outcome="Passed" testListId="8c84fa94-04c1-424b-9868-57a2d4851a1d" relativeResultsDirectory="48015319-970f-41b1-ba58-2c2fb354aaf6" />
    <UnitTestResult executionId="f28c2f6c-4bc5-4ef0-92f5-3d38780382ac" testId="5d52037f-abf7-4b96-b21d-ee6879885fd8" testName="ThrowIfNullOrEmpty_Passing_InvalidValue_Returns_ApplicationExceptionWithMessage" computerName="PC-SFERRARI" duration="00:00:00.0004624" startTime="2022-12-28T12:59:52.8741339+01:00" endTime="2022-12-28T12:59:52.8747323+01:00" testType="13cdc9d9-ddb5-4fa4-a97d-d965ccfc6d4b" outcome="Passed" testListId="8c84fa94-04c1-424b-9868-57a2d4851a1d" relativeResultsDirectory="f28c2f6c-4bc5-4ef0-92f5-3d38780382ac" />
    <UnitTestResult executionId="263bd39c-5d8f-4fc5-9d32-2a98d33e0fa4" testId="44a46431-420b-438e-9068-1657488c2c88" testName="ToUri_Passing_ValidValueString_Returns_Uri (https://foo.com/blah_blah/)" computerName="PC-SFERRARI" duration="00:00:00.0000220" startTime="2022-12-28T12:59:52.6512427+01:00" endTime="2022-12-28T12:59:52.6543267+01:00" testType="13cdc9d9-ddb5-4fa4-a97d-d965ccfc6d4b" outcome="Passed" testListId="8c84fa94-04c1-424b-9868-57a2d4851a1d" relativeResultsDirectory="263bd39c-5d8f-4fc5-9d32-2a98d33e0fa4" />
    <UnitTestResult executionId="b094d87a-c012-413e-b69f-235aaced0458" testId="c4da522c-a96c-4a1c-b2a8-7dcaa4957806" testName="ToContentType_Passing_ValidValueString_Returns_ContentType (xxxx.txt,text/plain)" computerName="PC-SFERRARI" duration="00:00:00.0000253" startTime="2022-12-28T12:59:52.4332166+01:00" endTime="2022-12-28T12:59:52.4333424+01:00" testType="13cdc9d9-ddb5-4fa4-a97d-d965ccfc6d4b" outcome="Passed" testListId="8c84fa94-04c1-424b-9868-57a2d4851a1d" relativeResultsDirectory="b094d87a-c012-413e-b69f-235aaced0458" />
    <UnitTestResult executionId="2a737b2c-a53a-4049-9b17-ada80c248f07" testId="7044814a-3a31-4e53-a8a7-5a2a244a7a07" testName="ToUri_Passing_InvalidValueString_Returns_Null (http://..)" computerName="PC-SFERRARI" duration="00:00:00.0000135" startTime="2022-12-28T12:59:52.6403177+01:00" endTime="2022-12-28T12:59:52.6404965+01:00" testType="13cdc9d9-ddb5-4fa4-a97d-d965ccfc6d4b" outcome="Passed" testListId="8c84fa94-04c1-424b-9868-57a2d4851a1d" relativeResultsDirectory="2a737b2c-a53a-4049-9b17-ada80c248f07" />
    <UnitTestResult executionId="0da02921-9bd6-45cf-b07c-f90b51585831" testId="2ab2f8c2-e0b7-4478-9f23-6ad397bdbfb0" testName="ToContentType_Passing_ValidValueString_Returns_ContentType (xxxx.pdf,application/pdf)" computerName="PC-SFERRARI" duration="00:00:00.0052277" startTime="2022-12-28T12:59:52.4243425+01:00" endTime="2022-12-28T12:59:52.4297837+01:00" testType="13cdc9d9-ddb5-4fa4-a97d-d965ccfc6d4b" outcome="Passed" testListId="8c84fa94-04c1-424b-9868-57a2d4851a1d" relativeResultsDirectory="0da02921-9bd6-45cf-b07c-f90b51585831" />
    <UnitTestResult executionId="02da74ae-d001-40a5-95b4-6b788bfe16f7" testId="e7139a42-bb2a-4318-bf00-3734211a02a4" testName="ToEndOfTheMonth_Passing_DateTime_Returns_End_Of_Month_DateTime" computerName="PC-SFERRARI" duration="00:00:00.0014662" startTime="2022-12-28T12:59:51.8969968+01:00" endTime="2022-12-28T12:59:51.8985793+01:00" testType="13cdc9d9-ddb5-4fa4-a97d-d965ccfc6d4b" outcome="Passed" testListId="8c84fa94-04c1-424b-9868-57a2d4851a1d" relativeResultsDirectory="02da74ae-d001-40a5-95b4-6b788bfe16f7" />
    <UnitTestResult executionId="492d7a9d-ce87-4395-9830-03dccaa48367" testId="be2dab64-ec8f-4480-b817-ccdf75f542d3" testName="ToNormalize_Passing_ValidValue_Returns_NormalizedValue (Ç,C)" computerName="PC-SFERRARI" duration="00:00:00.0000646" startTime="2022-12-28T12:59:52.5814981+01:00" endTime="2022-12-28T12:59:52.5818319+01:00" testType="13cdc9d9-ddb5-4fa4-a97d-d965ccfc6d4b" outcome="Passed" testListId="8c84fa94-04c1-424b-9868-57a2d4851a1d" relativeResultsDirectory="492d7a9d-ce87-4395-9830-03dccaa48367" />
    <UnitTestResult executionId="5ce5061a-ed9a-46fc-914f-1f9229d51bc2" testId="a27d7004-f49d-457a-9357-a89671f983b3" testName="ToFirstLetterUpper_Passing_ValidValue_Returns_StringWithFirstLetterUpper (AEIOU,AEIOU)" computerName="PC-SFERRARI" duration="00:00:00.0000052" startTime="2022-12-28T12:59:52.5478276+01:00" endTime="2022-12-28T12:59:52.5479540+01:00" testType="13cdc9d9-ddb5-4fa4-a97d-d965ccfc6d4b" outcome="Passed" testListId="8c84fa94-04c1-424b-9868-57a2d4851a1d" relativeResultsDirectory="5ce5061a-ed9a-46fc-914f-1f9229d51bc2" />
    <UnitTestResult executionId="9ee81b91-b768-461a-91fa-76d517bbaa25" testId="7fb958d1-ad67-4fa2-8bb4-b52758c7be93" testName="ToGetAll_Passing_Claims_Returns_Claim_Value_Object_List" computerName="PC-SFERRARI" duration="00:00:00.0305846" startTime="2022-12-28T12:59:51.7445092+01:00" endTime="2022-12-28T12:59:51.7752150+01:00" testType="13cdc9d9-ddb5-4fa4-a97d-d965ccfc6d4b" outcome="Passed" testListId="8c84fa94-04c1-424b-9868-57a2d4851a1d" relativeResultsDirectory="9ee81b91-b768-461a-91fa-76d517bbaa25" />
    <UnitTestResult executionId="674212cf-72f7-475c-9866-ade2d72779c7" testId="48dd4138-854f-4580-a6a9-447dc792992a" testName="ToDefaultValue_Passing_short_Returns_Cero" computerName="PC-SFERRARI" duration="00:00:00.0006418" startTime="2022-12-28T12:59:51.9673287+01:00" endTime="2022-12-28T12:59:51.9682150+01:00" testType="13cdc9d9-ddb5-4fa4-a97d-d965ccfc6d4b" outcome="Passed" testListId="8c84fa94-04c1-424b-9868-57a2d4851a1d" relativeResultsDirectory="674212cf-72f7-475c-9866-ade2d72779c7" />
    <UnitTestResult executionId="23212ada-23ea-490e-84f4-39c94757833c" testId="44324761-9c57-4311-aad6-92e99d9c0123" testName="ToUri_Passing_ValidValueString_Returns_Uri (http://例子.测试)" computerName="PC-SFERRARI" duration="00:00:00.0000174" startTime="2022-12-28T12:59:52.6931001+01:00" endTime="2022-12-28T12:59:52.6932972+01:00" testType="13cdc9d9-ddb5-4fa4-a97d-d965ccfc6d4b" outcome="Passed" testListId="8c84fa94-04c1-424b-9868-57a2d4851a1d" relativeResultsDirectory="23212ada-23ea-490e-84f4-39c94757833c" />
    <UnitTestResult executionId="8102d631-59c5-4f6a-a9b7-ac6798d65d17" testId="253f7565-662a-40af-9529-d54cd413c91c" testName="ThrowIf_Passing_ValidValue_Returns_Value" computerName="PC-SFERRARI" duration="00:00:00.0032150" startTime="2022-12-28T12:59:52.8762980+01:00" endTime="2022-12-28T12:59:52.8798951+01:00" testType="13cdc9d9-ddb5-4fa4-a97d-d965ccfc6d4b" outcome="Passed" testListId="8c84fa94-04c1-424b-9868-57a2d4851a1d" relativeResultsDirectory="8102d631-59c5-4f6a-a9b7-ac6798d65d17" />
    <UnitTestResult executionId="5ecf7cdc-fbfb-47c8-ab17-87ecd46e71ff" testId="10db9cb3-cb15-455c-9988-e108430e9795" testName="ToEnum_Passing_ValidValue_String_Returns_EnumValue" computerName="PC-SFERRARI" duration="00:00:00.0000943" startTime="2022-12-28T12:59:52.5437708+01:00" endTime="2022-12-28T12:59:52.5439331+01:00" testType="13cdc9d9-ddb5-4fa4-a97d-d965ccfc6d4b" outcome="Passed" testListId="8c84fa94-04c1-424b-9868-57a2d4851a1d" relativeResultsDirectory="5ecf7cdc-fbfb-47c8-ab17-87ecd46e71ff" />
    <UnitTestResult executionId="78ab1990-d679-4098-9a6c-122476feda91" testId="aa56aeae-7c2c-43b5-a8f4-6f1be8b2126a" testName="ToServiceMatchingClass_Passing_Empties_Assemblies_Returns_ApplicationException" computerName="PC-SFERRARI" duration="00:00:00.0018823" startTime="2022-12-28T12:59:51.8534877+01:00" endTime="2022-12-28T12:59:51.8555425+01:00" testType="13cdc9d9-ddb5-4fa4-a97d-d965ccfc6d4b" outcome="Passed" testListId="8c84fa94-04c1-424b-9868-57a2d4851a1d" relativeResultsDirectory="78ab1990-d679-4098-9a6c-122476feda91" />
    <UnitTestResult executionId="fdee0dcc-dbbc-4809-8d30-10b37200fec5" testId="c139c1f4-e029-4579-981e-b37d2a51c6e2" testName="ToUri_Passing_ValidValueString_Returns_Uri (http://➡.ws/䨹)" computerName="PC-SFERRARI" duration="00:00:00.0000682" startTime="2022-12-28T12:59:52.6750867+01:00" endTime="2022-12-28T12:59:52.6753313+01:00" testType="13cdc9d9-ddb5-4fa4-a97d-d965ccfc6d4b" outcome="Passed" testListId="8c84fa94-04c1-424b-9868-57a2d4851a1d" relativeResultsDirectory="fdee0dcc-dbbc-4809-8d30-10b37200fec5" />
    <UnitTestResult executionId="1b1f6740-a78e-452d-b604-30e354c9d52e" testId="53b1063f-a2fd-4d55-837e-27c304ff7ed9" testName="ToDefaultValue_Passing_byte_Returns_Cero" computerName="PC-SFERRARI" duration="00:00:00.0002287" startTime="2022-12-28T12:59:51.9594767+01:00" endTime="2022-12-28T12:59:51.9598349+01:00" testType="13cdc9d9-ddb5-4fa4-a97d-d965ccfc6d4b" outcome="Passed" testListId="8c84fa94-04c1-424b-9868-57a2d4851a1d" relativeResultsDirectory="1b1f6740-a78e-452d-b604-30e354c9d52e" />
    <UnitTestResult executionId="262bab9a-6e7b-4ebc-8c1c-459ffcd344aa" testId="47056c28-13ce-4b4b-9900-214164d2f0d2" testName="ToUri_Passing_ValidValueString_Returns_Uri (http://www.example.com/wpstyle/?p=364)" computerName="PC-SFERRARI" duration="00:00:00.0000111" startTime="2022-12-28T12:59:52.6673665+01:00" endTime="2022-12-28T12:59:52.6676519+01:00" testType="13cdc9d9-ddb5-4fa4-a97d-d965ccfc6d4b" outcome="Passed" testListId="8c84fa94-04c1-424b-9868-57a2d4851a1d" relativeResultsDirectory="262bab9a-6e7b-4ebc-8c1c-459ffcd344aa" />
    <UnitTestResult executionId="3ef23af0-ce8a-4683-a4b3-df9ac2bace0a" testId="2ab55308-4e22-4827-9d4c-793ad7f16651" testName="ToPaged_Passing_Name_Ascending_Order_Returns_Filter_List" computerName="PC-SFERRARI" duration="00:00:00.0016693" startTime="2022-12-28T12:59:52.3388502+01:00" endTime="2022-12-28T12:59:52.3406595+01:00" testType="13cdc9d9-ddb5-4fa4-a97d-d965ccfc6d4b" outcome="Passed" testListId="8c84fa94-04c1-424b-9868-57a2d4851a1d" relativeResultsDirectory="3ef23af0-ce8a-4683-a4b3-df9ac2bace0a" />
    <UnitTestResult executionId="c14b4dcc-2426-4682-acc6-bc587e372071" testId="43b080e6-c56a-4788-a4db-28cad3be183b" testName="ToTryIPv6_Passing_HttpContext_IP_Value_Returns_IP" computerName="PC-SFERRARI" duration="00:00:00.0004874" startTime="2022-12-28T12:59:52.0463106+01:00" endTime="2022-12-28T12:59:52.0469111+01:00" testType="13cdc9d9-ddb5-4fa4-a97d-d965ccfc6d4b" outcome="Passed" testListId="8c84fa94-04c1-424b-9868-57a2d4851a1d" relativeResultsDirectory="c14b4dcc-2426-4682-acc6-bc587e372071" />
    <UnitTestResult executionId="4d8476c1-28f1-4d1b-8cd4-0068b9d343cc" testId="30c21d1e-29f9-474c-b45a-71c1b8f877c9" testName="ToDefaultValue_Passing_ValidGuid_Returns_DefaultValue" computerName="PC-SFERRARI" duration="00:00:00.0003870" startTime="2022-12-28T12:59:52.8538237+01:00" endTime="2022-12-28T12:59:52.8542684+01:00" testType="13cdc9d9-ddb5-4fa4-a97d-d965ccfc6d4b" outcome="Passed" testListId="8c84fa94-04c1-424b-9868-57a2d4851a1d" relativeResultsDirectory="4d8476c1-28f1-4d1b-8cd4-0068b9d343cc" />
    <UnitTestResult executionId="f4219327-21f8-4c02-8052-2a92fcfd65e8" testId="d5b44d70-8dde-425b-867d-dfd29fccba07" testName="ToEmptyIfNull_Passing_Null_Collection_Returns_Empty_Collection" computerName="PC-SFERRARI" duration="00:00:00.0007375" startTime="2022-12-28T12:59:51.9090705+01:00" endTime="2022-12-28T12:59:51.9101341+01:00" testType="13cdc9d9-ddb5-4fa4-a97d-d965ccfc6d4b" outcome="Passed" testListId="8c84fa94-04c1-424b-9868-57a2d4851a1d" relativeResultsDirectory="f4219327-21f8-4c02-8052-2a92fcfd65e8" />
    <UnitTestResult executionId="708a314e-a1bc-4f18-81d4-9d1e26c496b5" testId="99623928-ba2d-4f80-9833-2802b11c8d98" testName="ResultBadRequest_WithErrors_Dictionary" computerName="PC-SFERRARI" duration="00:00:00.0045051" startTime="2022-12-28T12:59:52.3466057+01:00" endTime="2022-12-28T12:59:52.3514749+01:00" testType="13cdc9d9-ddb5-4fa4-a97d-d965ccfc6d4b" outcome="Passed" testListId="8c84fa94-04c1-424b-9868-57a2d4851a1d" relativeResultsDirectory="708a314e-a1bc-4f18-81d4-9d1e26c496b5" />
    <UnitTestResult executionId="581efa80-0e46-44dd-8e67-5e12a552dfee" testId="c9c71f91-4329-4f20-8232-ba765cf69cbc" testName="ThrowIfNullOrAny_Passing_InvalidValue_Returns_ApplicationExceptionWithMessage" computerName="PC-SFERRARI" duration="00:00:00.0014363" startTime="2022-12-28T12:59:52.8724880+01:00" endTime="2022-12-28T12:59:52.8740420+01:00" testType="13cdc9d9-ddb5-4fa4-a97d-d965ccfc6d4b" outcome="Passed" testListId="8c84fa94-04c1-424b-9868-57a2d4851a1d" relativeResultsDirectory="581efa80-0e46-44dd-8e67-5e12a552dfee" />
    <UnitTestResult executionId="9b489794-56ab-4f0a-9d6d-d9aa2031187d" testId="f1355aac-b9ca-4bf8-b137-f1db45ae2d47" testName="ToEnum_Passing_ValidValueInt_Returns_EnumValue" computerName="PC-SFERRARI" duration="00:00:00.0001878" startTime="2022-12-28T12:59:52.5433259+01:00" endTime="2022-12-28T12:59:52.5436962+01:00" testType="13cdc9d9-ddb5-4fa4-a97d-d965ccfc6d4b" outcome="Passed" testListId="8c84fa94-04c1-424b-9868-57a2d4851a1d" relativeResultsDirectory="9b489794-56ab-4f0a-9d6d-d9aa2031187d" />
    <UnitTestResult executionId="6962b3a9-2c68-401b-80d7-79d9bf8a4405" testId="79dc45b6-0e8e-4b82-b706-d7ff28268bac" testName="ToDefaultValue_Passing_bool_Returns_Cero (True)" computerName="PC-SFERRARI" duration="00:00:00.0005848" startTime="2022-12-28T12:59:51.9528484+01:00" endTime="2022-12-28T12:59:51.9594017+01:00" testType="13cdc9d9-ddb5-4fa4-a97d-d965ccfc6d4b" outcome="Passed" testListId="8c84fa94-04c1-424b-9868-57a2d4851a1d" relativeResultsDirectory="6962b3a9-2c68-401b-80d7-79d9bf8a4405" />
    <UnitTestResult executionId="688244dd-5348-4110-a47b-1786bcb341d9" testId="7e148103-83cb-40ae-b01c-4a709396f40c" testName="ToEnvironment_ServiceCollection_Passing_Development_Enviroment_Returns_Development_Name" computerName="PC-SFERRARI" duration="00:00:00.0005486" startTime="2022-12-28T12:59:51.8426887+01:00" endTime="2022-12-28T12:59:51.8433152+01:00" testType="13cdc9d9-ddb5-4fa4-a97d-d965ccfc6d4b" outcome="Passed" testListId="8c84fa94-04c1-424b-9868-57a2d4851a1d" relativeResultsDirectory="688244dd-5348-4110-a47b-1786bcb341d9" />
    <UnitTestResult executionId="9b96c3d5-f83f-4358-a921-9678842af1eb" testId="f134c0b5-f893-48e4-8cda-4075f8df393f" testName="ToUri_Passing_ValidValueString_Returns_Uri (http://उदाहरण.परीक्ष)" computerName="PC-SFERRARI" duration="00:00:00.0000171" startTime="2022-12-28T12:59:52.6933475+01:00" endTime="2022-12-28T12:59:52.6935326+01:00" testType="13cdc9d9-ddb5-4fa4-a97d-d965ccfc6d4b" outcome="Passed" testListId="8c84fa94-04c1-424b-9868-57a2d4851a1d" relativeResultsDirectory="9b96c3d5-f83f-4358-a921-9678842af1eb" />
    <UnitTestResult executionId="1ca86556-d6c9-4c73-9db3-2a51aa517e14" testId="c6195dc6-024a-4521-89b8-08e0fb176782" testName="ToUri_Passing_ValidValueString_Returns_Uri (http://userid:password@example.com:8080/)" computerName="PC-SFERRARI" duration="00:00:00.0000095" startTime="2022-12-28T12:59:52.6693931+01:00" endTime="2022-12-28T12:59:52.6695776+01:00" testType="13cdc9d9-ddb5-4fa4-a97d-d965ccfc6d4b" outcome="Passed" testListId="8c84fa94-04c1-424b-9868-57a2d4851a1d" relativeResultsDirectory="1ca86556-d6c9-4c73-9db3-2a51aa517e14" />
    <UnitTestResult executionId="ef929182-0274-461f-a720-c05eae17337f" testId="c97f63e4-52f9-4755-80b0-38c2313c4523" testName="ToUri_Passing_InvalidValueString_Returns_DefaultValue (http://#)" computerName="PC-SFERRARI" duration="00:00:00.0000534" startTime="2022-12-28T12:59:52.6358520+01:00" endTime="2022-12-28T12:59:52.6382812+01:00" testType="13cdc9d9-ddb5-4fa4-a97d-d965ccfc6d4b" outcome="Passed" testListId="8c84fa94-04c1-424b-9868-57a2d4851a1d" relativeResultsDirectory="ef929182-0274-461f-a720-c05eae17337f" />
    <UnitTestResult executionId="c8821427-5e01-4f4d-b04d-8da12a1ce601" testId="a19db585-7179-49fe-aa74-5e231b634351" testName="ToRemove_Passing_ValidValue_Returns_ValueWithoutRemovedChars (* , ,*)" computerName="PC-SFERRARI" duration="00:00:00.0003412" startTime="2022-12-28T12:59:52.6009213+01:00" endTime="2022-12-28T12:59:52.6016397+01:00" testType="13cdc9d9-ddb5-4fa4-a97d-d965ccfc6d4b" outcome="Passed" testListId="8c84fa94-04c1-424b-9868-57a2d4851a1d" relativeResultsDirectory="c8821427-5e01-4f4d-b04d-8da12a1ce601" />
    <UnitTestResult executionId="e6db452d-a0da-428b-aa8c-90a9fe278476" testId="20222366-013c-4926-b436-9ea5b938958f" testName="ResultDataBadRequest_WithErrors_Value" computerName="PC-SFERRARI" duration="00:00:00.0004971" startTime="2022-12-28T12:59:52.3645477+01:00" endTime="2022-12-28T12:59:52.3651301+01:00" testType="13cdc9d9-ddb5-4fa4-a97d-d965ccfc6d4b" outcome="Passed" testListId="8c84fa94-04c1-424b-9868-57a2d4851a1d" relativeResultsDirectory="e6db452d-a0da-428b-aa8c-90a9fe278476" />
    <UnitTestResult executionId="ea5839f9-3a2e-4a9c-90f2-407f8a7e4012" testId="428ffa86-5271-457f-9921-3fbd5636f201" testName="ToDirectorySaveFileAsync_Passing_ValidValue_Returns_False" computerName="PC-SFERRARI" duration="00:00:00.0106689" startTime="2022-12-28T12:59:52.4833277+01:00" endTime="2022-12-28T12:59:52.4942411+01:00" testType="13cdc9d9-ddb5-4fa4-a97d-d965ccfc6d4b" outcome="Passed" testListId="8c84fa94-04c1-424b-9868-57a2d4851a1d" relativeResultsDirectory="ea5839f9-3a2e-4a9c-90f2-407f8a7e4012" />
    <UnitTestResult executionId="278e6553-409b-4bce-802a-1b7bc19043a7" testId="370cf00b-2e15-4bbd-82a2-a9a0ea07470c" testName="ToMapNew_Passing_TSource_And_TDestination_Returns_New_TDestination_Object" computerName="PC-SFERRARI" duration="00:00:00.0009065" startTime="2022-12-28T12:59:51.3169576+01:00" endTime="2022-12-28T12:59:51.3179903+01:00" testType="13cdc9d9-ddb5-4fa4-a97d-d965ccfc6d4b" outcome="Passed" testListId="8c84fa94-04c1-424b-9868-57a2d4851a1d" relativeResultsDirectory="278e6553-409b-4bce-802a-1b7bc19043a7" />
    <UnitTestResult executionId="d2275567-a4a0-4fcd-8024-b00c950bc7c5" testId="5c7963ae-9e07-4afd-ae69-866e9da0d054" testName="IsNullOrEmpty_Passing_InvalidValue_Returns_True" computerName="PC-SFERRARI" duration="00:00:00.0004591" startTime="2022-12-28T12:59:52.8583020+01:00" endTime="2022-12-28T12:59:52.8589662+01:00" testType="13cdc9d9-ddb5-4fa4-a97d-d965ccfc6d4b" outcome="Passed" testListId="8c84fa94-04c1-424b-9868-57a2d4851a1d" relativeResultsDirectory="d2275567-a4a0-4fcd-8024-b00c950bc7c5" />
    <UnitTestResult executionId="95977a74-3da8-477b-b095-a60dc9fe37ea" testId="224b4faa-eb32-46c3-93af-db2bbdcffccc" testName="ToNormalize_Passing_ValidValue_Returns_NormalizedValue (Kulħadd,Kulhadd)" computerName="PC-SFERRARI" duration="00:00:00.0000323" startTime="2022-12-28T12:59:52.5873898+01:00" endTime="2022-12-28T12:59:52.5875298+01:00" testType="13cdc9d9-ddb5-4fa4-a97d-d965ccfc6d4b" outcome="Passed" testListId="8c84fa94-04c1-424b-9868-57a2d4851a1d" relativeResultsDirectory="95977a74-3da8-477b-b095-a60dc9fe37ea" />
    <UnitTestResult executionId="75e3c8dc-226f-413d-bf2a-255d947a1735" testId="7ff8a8a5-5479-4f35-b05e-db85111ac39a" testName="ToReplaceSpecialChars_Passing_ValidValue_Returns_ReplacedValueWithoutIgnoreSpecialChars (*¨^_:-?¿;,?¿,?¿)" computerName="PC-SFERRARI" duration="00:00:00.0000707" startTime="2022-12-28T12:59:52.6216796+01:00" endTime="2022-12-28T12:59:52.6220562+01:00" testType="13cdc9d9-ddb5-4fa4-a97d-d965ccfc6d4b" outcome="Passed" testListId="8c84fa94-04c1-424b-9868-57a2d4851a1d" relativeResultsDirectory="75e3c8dc-226f-413d-bf2a-255d947a1735" />
    <UnitTestResult executionId="f79410fa-e382-4fee-b9cb-6f12c99cf726" testId="a9753d3c-f123-4c13-851b-bb0ce007e784" testName="ToServiceMatchingInterface_Passing_Valid_Assembly_Returns_Service" computerName="PC-SFERRARI" duration="00:00:00.0010457" startTime="2022-12-28T12:59:51.8801623+01:00" endTime="2022-12-28T12:59:51.8813056+01:00" testType="13cdc9d9-ddb5-4fa4-a97d-d965ccfc6d4b" outcome="Passed" testListId="8c84fa94-04c1-424b-9868-57a2d4851a1d" relativeResultsDirectory="f79410fa-e382-4fee-b9cb-6f12c99cf726" />
    <UnitTestResult executionId="38c6edff-1360-4f42-b592-599a4a3e59ba" testId="5df89d9e-fb79-4358-bc8a-6b3c2e31d7bf" testName="ToEmailMaskUserNameAndDomain_Passing_ValidEmail_Returns_EmailWithMask (qazwsxedc@gmail.com,q*******c@g***l.com)" computerName="PC-SFERRARI" duration="00:00:00.0000245" startTime="2022-12-28T12:59:52.5089697+01:00" endTime="2022-12-28T12:59:52.5091721+01:00" testType="13cdc9d9-ddb5-4fa4-a97d-d965ccfc6d4b" outcome="Passed" testListId="8c84fa94-04c1-424b-9868-57a2d4851a1d" relativeResultsDirectory="38c6edff-1360-4f42-b592-599a4a3e59ba" />
    <UnitTestResult executionId="d0a38a9d-56a3-4ca1-9dc3-aefef71c573a" testId="9212aa78-82fe-461c-a02a-895b241cbc2c" testName="ToUri_Passing_ValidValueString_Returns_Uri (//foo.com/blah_blah?p=5)" computerName="PC-SFERRARI" duration="00:00:00.0000215" startTime="2022-12-28T12:59:52.6642188+01:00" endTime="2022-12-28T12:59:52.6664053+01:00" testType="13cdc9d9-ddb5-4fa4-a97d-d965ccfc6d4b" outcome="Passed" testListId="8c84fa94-04c1-424b-9868-57a2d4851a1d" relativeResultsDirectory="d0a38a9d-56a3-4ca1-9dc3-aefef71c573a" />
    <UnitTestResult executionId="874ba3fe-7b12-449d-be56-ed17565cfff0" testId="1479ec3f-07ab-4ea5-9ce0-921962c5a46b" testName="ToEnvironment_ServiceCollection_Passing_Production_Enviroment_Returns_Production_Name" computerName="PC-SFERRARI" duration="00:00:00.0006449" startTime="2022-12-28T12:59:51.8434215+01:00" endTime="2022-12-28T12:59:51.8442035+01:00" testType="13cdc9d9-ddb5-4fa4-a97d-d965ccfc6d4b" outcome="Passed" testListId="8c84fa94-04c1-424b-9868-57a2d4851a1d" relativeResultsDirectory="874ba3fe-7b12-449d-be56-ed17565cfff0" />
    <UnitTestResult executionId="1ded8662-758c-4a21-8fe5-204ecfb9c77d" testId="a20fe2eb-dfb8-4d51-ba8e-5eceaf6e0b84" testName="ToMapUpdate_Passing_Destination_Object_Returns_Updated_Destination_Object" computerName="PC-SFERRARI" duration="00:00:00.0035370" startTime="2022-12-28T12:59:51.3180569+01:00" endTime="2022-12-28T12:59:51.3217058+01:00" testType="13cdc9d9-ddb5-4fa4-a97d-d965ccfc6d4b" outcome="Passed" testListId="8c84fa94-04c1-424b-9868-57a2d4851a1d" relativeResultsDirectory="1ded8662-758c-4a21-8fe5-204ecfb9c77d" />
    <UnitTestResult executionId="cbc59b21-bc48-438d-aa82-18cc7a4bb2c4" testId="6017656d-e04f-4d31-a5dd-6c61ec654231" testName="ToEmailMask_Passing_ValidEmail_Returns_EmailWithMask (qazwsx@gmailgmail.com,q----x@g---------.com)" computerName="PC-SFERRARI" duration="00:00:00.0000330" startTime="2022-12-28T12:59:52.5189706+01:00" endTime="2022-12-28T12:59:52.5193531+01:00" testType="13cdc9d9-ddb5-4fa4-a97d-d965ccfc6d4b" outcome="Passed" testListId="8c84fa94-04c1-424b-9868-57a2d4851a1d" relativeResultsDirectory="cbc59b21-bc48-438d-aa82-18cc7a4bb2c4" />
    <UnitTestResult executionId="f10896af-2569-4459-8f45-c2c1db830f61" testId="eda73a4a-d93d-46e1-8fbe-80f8052639da" testName="ToInt_Passing_InvalidValueString_Returns_Null (1,3333)" computerName="PC-SFERRARI" duration="00:00:00.0003272" startTime="2022-12-28T12:59:52.5622132+01:00" endTime="2022-12-28T12:59:52.5627455+01:00" testType="13cdc9d9-ddb5-4fa4-a97d-d965ccfc6d4b" outcome="Passed" testListId="8c84fa94-04c1-424b-9868-57a2d4851a1d" relativeResultsDirectory="f10896af-2569-4459-8f45-c2c1db830f61" />
    <UnitTestResult executionId="c95660b4-1f4a-42c7-b10c-fdca0cb323e7" testId="93bd52a0-d9cd-48d4-afa6-813a12772824" testName="ToConfiguration_Passing_Valid_DirectoryPath_Valid_JsonFileName_Returns_Ok" computerName="PC-SFERRARI" duration="00:00:00.0156831" startTime="2022-12-28T12:59:51.8259589+01:00" endTime="2022-12-28T12:59:51.8418538+01:00" testType="13cdc9d9-ddb5-4fa4-a97d-d965ccfc6d4b" outcome="Passed" testListId="8c84fa94-04c1-424b-9868-57a2d4851a1d" relativeResultsDirectory="c95660b4-1f4a-42c7-b10c-fdca0cb323e7" />
    <UnitTestResult executionId="362e2db7-bdf9-4b47-812b-1b59dbf49af5" testId="164a69ce-1578-4204-bc30-5e3396058514" testName="ToEnvironment_Passing_Staging_Enviroment_Returns_Staging_Name" computerName="PC-SFERRARI" duration="00:00:00.0008873" startTime="2022-12-28T12:59:51.5611995+01:00" endTime="2022-12-28T12:59:51.5623004+01:00" testType="13cdc9d9-ddb5-4fa4-a97d-d965ccfc6d4b" outcome="Passed" testListId="8c84fa94-04c1-424b-9868-57a2d4851a1d" relativeResultsDirectory="362e2db7-bdf9-4b47-812b-1b59dbf49af5" />
    <UnitTestResult executionId="1c39a72a-35ff-4a0b-b793-6aa881eed8bf" testId="b93f7943-5b93-4ccd-beb7-210ad3f22284" testName="ResultDataBadRequest_WithErrors_Dictionary" computerName="PC-SFERRARI" duration="00:00:00.0029945" startTime="2022-12-28T12:59:52.3599360+01:00" endTime="2022-12-28T12:59:52.3631401+01:00" testType="13cdc9d9-ddb5-4fa4-a97d-d965ccfc6d4b" outcome="Passed" testListId="8c84fa94-04c1-424b-9868-57a2d4851a1d" relativeResultsDirectory="1c39a72a-35ff-4a0b-b793-6aa881eed8bf" />
    <UnitTestResult executionId="ac34ee7c-3a32-4a9b-b35a-e5be3c616c64" testId="233fcdb7-aead-48ea-a376-479d56fa1864" testName="ToSetTime_Passing_Time_Int_Returns_DateTime" computerName="PC-SFERRARI" duration="00:00:00.0004861" startTime="2022-12-28T12:59:51.9011966+01:00" endTime="2022-12-28T12:59:51.9018703+01:00" testType="13cdc9d9-ddb5-4fa4-a97d-d965ccfc6d4b" outcome="Passed" testListId="8c84fa94-04c1-424b-9868-57a2d4851a1d" relativeResultsDirectory="ac34ee7c-3a32-4a9b-b35a-e5be3c616c64" />
    <UnitTestResult executionId="c83bf39f-33af-40e2-8690-0b14b10eaf79" testId="c1719045-66c4-40ea-b9a0-c93f4433a1f9" testName="ToUri_Passing_ValidValueString_Returns_Uri (http://foo.com/blah_blah/p=5)" computerName="PC-SFERRARI" duration="00:00:00.0000227" startTime="2022-12-28T12:59:52.6458303+01:00" endTime="2022-12-28T12:59:52.6471523+01:00" testType="13cdc9d9-ddb5-4fa4-a97d-d965ccfc6d4b" outcome="Passed" testListId="8c84fa94-04c1-424b-9868-57a2d4851a1d" relativeResultsDirectory="c83bf39f-33af-40e2-8690-0b14b10eaf79" />
    <UnitTestResult executionId="7c7aa087-2f39-445c-aedf-4c9c76433e66" testId="6ec34ea7-3869-4900-95d1-3cc063a7f114" testName="ToDefaultValue_Passing_ValidInt_Returns_DefaultValue" computerName="PC-SFERRARI" duration="00:00:00.0000901" startTime="2022-12-28T12:59:52.8543052+01:00" endTime="2022-12-28T12:59:52.8544610+01:00" testType="13cdc9d9-ddb5-4fa4-a97d-d965ccfc6d4b" outcome="Passed" testListId="8c84fa94-04c1-424b-9868-57a2d4851a1d" relativeResultsDirectory="7c7aa087-2f39-445c-aedf-4c9c76433e66" />
    <UnitTestResult executionId="22a16dd0-6b92-4d0f-aa88-6379ca112ee1" testId="c31ec5e7-6c20-4639-a45c-a3eec2c1c1dd" testName="ToUri_Passing_InvalidValueString_Returns_Null (http://##/)" computerName="PC-SFERRARI" duration="00:00:00.0000072" startTime="2022-12-28T12:59:52.6445333+01:00" endTime="2022-12-28T12:59:52.6446236+01:00" testType="13cdc9d9-ddb5-4fa4-a97d-d965ccfc6d4b" outcome="Passed" testListId="8c84fa94-04c1-424b-9868-57a2d4851a1d" relativeResultsDirectory="22a16dd0-6b92-4d0f-aa88-6379ca112ee1" />
    <UnitTestResult executionId="75fa427c-18a6-4baf-a853-8feb33f1f3c2" testId="6b7f549f-5ed7-4ad6-a8c9-987f6460e6a5" testName="ToUri_Passing_InvalidValueString_Returns_Null (http://)" computerName="PC-SFERRARI" duration="00:00:00.0002587" startTime="2022-12-28T12:59:52.6394911+01:00" endTime="2022-12-28T12:59:52.6399649+01:00" testType="13cdc9d9-ddb5-4fa4-a97d-d965ccfc6d4b" outcome="Passed" testListId="8c84fa94-04c1-424b-9868-57a2d4851a1d" relativeResultsDirectory="75fa427c-18a6-4baf-a853-8feb33f1f3c2" />
    <UnitTestResult executionId="2c1c122e-e8fb-486a-b8e3-5e52157708cb" testId="d6d4dff0-5f47-4ac4-ba97-ca15040cd458" testName="CreateAndVerifySHA256_Passing_Valid_Arguments_Returns_True (Password)" computerName="PC-SFERRARI" duration="00:00:00.0152393" startTime="2022-12-28T12:59:51.9786807+01:00" endTime="2022-12-28T12:59:51.9945790+01:00" testType="13cdc9d9-ddb5-4fa4-a97d-d965ccfc6d4b" outcome="Passed" testListId="8c84fa94-04c1-424b-9868-57a2d4851a1d" relativeResultsDirectory="2c1c122e-e8fb-486a-b8e3-5e52157708cb" />
    <UnitTestResult executionId="54dd9108-b685-4d0e-b9dd-d103a631eb96" testId="3fb9428e-9af8-4aa8-a061-eaab731acb08" testName="ToZipCreate_Passing_ValidFilesWithCutomZipName_Returns_ZipFiles" computerName="PC-SFERRARI" duration="00:00:00.0164448" startTime="2022-12-28T12:59:52.6955999+01:00" endTime="2022-12-28T12:59:52.7130676+01:00" testType="13cdc9d9-ddb5-4fa4-a97d-d965ccfc6d4b" outcome="Passed" testListId="8c84fa94-04c1-424b-9868-57a2d4851a1d" relativeResultsDirectory="54dd9108-b685-4d0e-b9dd-d103a631eb96" />
    <UnitTestResult executionId="aa28f5ea-1f49-43e6-8f39-ecf6f4eb8e1d" testId="5392ef9b-625f-42ed-b8a4-b383cac67603" testName="ToEnum_Passing_InvalidValueString_Returns_EnumCustomValue" computerName="PC-SFERRARI" duration="00:00:00.0040023" startTime="2022-12-28T12:59:52.5256816+01:00" endTime="2022-12-28T12:59:52.5298606+01:00" testType="13cdc9d9-ddb5-4fa4-a97d-d965ccfc6d4b" outcome="Passed" testListId="8c84fa94-04c1-424b-9868-57a2d4851a1d" relativeResultsDirectory="aa28f5ea-1f49-43e6-8f39-ecf6f4eb8e1d" />
    <UnitTestResult executionId="1c9663db-c6dd-4ab1-91f2-76fb7ef8691d" testId="a35627ca-57da-4399-aa86-fb954b98fef8" testName="ToStringFormat_Passing_ValidValue_Returns_ValueWithoutRemovedChars (-1)" computerName="PC-SFERRARI" duration="00:00:00.0000070" startTime="2022-12-28T12:59:52.3225034+01:00" endTime="2022-12-28T12:59:52.3226688+01:00" testType="13cdc9d9-ddb5-4fa4-a97d-d965ccfc6d4b" outcome="Passed" testListId="8c84fa94-04c1-424b-9868-57a2d4851a1d" relativeResultsDirectory="1c9663db-c6dd-4ab1-91f2-76fb7ef8691d" />
    <UnitTestResult executionId="79d4aad3-dce6-447d-b1e3-64a09681d0fa" testId="e165de3c-3006-40b4-ac66-a45904365310" testName="ToExists_Passing_Service_Not_Found_Returns_False" computerName="PC-SFERRARI" duration="00:00:00.0005433" startTime="2022-12-28T12:59:51.5624125+01:00" endTime="2022-12-28T12:59:51.5631266+01:00" testType="13cdc9d9-ddb5-4fa4-a97d-d965ccfc6d4b" outcome="Passed" testListId="8c84fa94-04c1-424b-9868-57a2d4851a1d" relativeResultsDirectory="79d4aad3-dce6-447d-b1e3-64a09681d0fa" />
    <UnitTestResult executionId="c8b17962-22e0-4ec7-a2b4-a3f911ee27c3" testId="e09f9182-9f20-46e0-84ac-a231880c55c1" testName="ToUri_Passing_InvalidValueString_Returns_Null (http://??)" computerName="PC-SFERRARI" duration="00:00:00.0000214" startTime="2022-12-28T12:59:52.6438130+01:00" endTime="2022-12-28T12:59:52.6440688+01:00" testType="13cdc9d9-ddb5-4fa4-a97d-d965ccfc6d4b" outcome="Passed" testListId="8c84fa94-04c1-424b-9868-57a2d4851a1d" relativeResultsDirectory="c8b17962-22e0-4ec7-a2b4-a3f911ee27c3" />
    <UnitTestResult executionId="e543a4fd-ff80-40cb-aa21-111ecae8db23" testId="90f225eb-b0d1-42a3-bffa-4b65114d8ca7" testName="ToNormalize_Passing_ValidValue_Returns_NormalizedValue (Åge,Age)" computerName="PC-SFERRARI" duration="00:00:00.0000487" startTime="2022-12-28T12:59:52.5868963+01:00" endTime="2022-12-28T12:59:52.5871738+01:00" testType="13cdc9d9-ddb5-4fa4-a97d-d965ccfc6d4b" outcome="Passed" testListId="8c84fa94-04c1-424b-9868-57a2d4851a1d" relativeResultsDirectory="e543a4fd-ff80-40cb-aa21-111ecae8db23" />
    <UnitTestResult executionId="022b4469-063c-4f71-a60d-96f01b1a1305" testId="9a8aaf4e-ef72-4e57-b815-1e4344fdd22a" testName="ToStringFormat_Passing_ValidValue_Returns_ValueWithoutRemovedChars (1)" computerName="PC-SFERRARI" duration="00:00:00.0003143" startTime="2022-12-28T12:59:52.3219338+01:00" endTime="2022-12-28T12:59:52.3224458+01:00" testType="13cdc9d9-ddb5-4fa4-a97d-d965ccfc6d4b" outcome="Passed" testListId="8c84fa94-04c1-424b-9868-57a2d4851a1d" relativeResultsDirectory="022b4469-063c-4f71-a60d-96f01b1a1305" />
    <UnitTestResult executionId="eb5b8c22-0bb4-4ef3-a9fd-8dc3ea76ef61" testId="5a608bfc-230f-48fb-ba7f-f3b6979d04eb" testName="ToRemove_Passing_ValidValue_Returns_ValueWithoutRemovedChars ( * , ,*)" computerName="PC-SFERRARI" duration="00:00:00.0000362" startTime="2022-12-28T12:59:52.6017159+01:00" endTime="2022-12-28T12:59:52.6021109+01:00" testType="13cdc9d9-ddb5-4fa4-a97d-d965ccfc6d4b" outcome="Passed" testListId="8c84fa94-04c1-424b-9868-57a2d4851a1d" relativeResultsDirectory="eb5b8c22-0bb4-4ef3-a9fd-8dc3ea76ef61" />
    <UnitTestResult executionId="2ae71f2d-e6c3-4633-a1d8-ed731cdb317a" testId="bd51ddc7-2cee-4e5c-b895-151159d8724d" testName="ToFormat_Passing_ValidTimeSpanValue_Returns_ValueWithFormatString" computerName="PC-SFERRARI" duration="00:00:00.0007320" startTime="2022-12-28T12:59:52.8524534+01:00" endTime="2022-12-28T12:59:52.8534263+01:00" testType="13cdc9d9-ddb5-4fa4-a97d-d965ccfc6d4b" outcome="Passed" testListId="8c84fa94-04c1-424b-9868-57a2d4851a1d" relativeResultsDirectory="2ae71f2d-e6c3-4633-a1d8-ed731cdb317a" />
    <UnitTestResult executionId="c293db5e-1fe6-4df9-8f78-876015203e9c" testId="5c4a6266-976b-447e-89f5-945b18461516" testName="ToFirstLetterUpper_Passing_ValidValue_Returns_StringWithFirstLetterUpper (aeioU,AeioU)" computerName="PC-SFERRARI" duration="00:00:00.0000072" startTime="2022-12-28T12:59:52.5476382+01:00" endTime="2022-12-28T12:59:52.5477933+01:00" testType="13cdc9d9-ddb5-4fa4-a97d-d965ccfc6d4b" outcome="Passed" testListId="8c84fa94-04c1-424b-9868-57a2d4851a1d" relativeResultsDirectory="c293db5e-1fe6-4df9-8f78-876015203e9c" />
  </Results>
  <TestDefinitions>
    <UnitTest name="ToNormalize_Passing_ValidValue_Returns_NormalizedValue (Malmö,Malmo)" storage="d:\sferrari\01_trabajo\repos\netcore\libs\template-netcore-shared\kitpymes.core.shared.tests\bin\debug\net7.0\kitpymes.core.shared.tests.dll" id="14858364-9cbf-4e80-8adc-85eb3fc324e9">
      <Execution id="5568e982-dc8a-4ebe-b859-e24395c05b29" />
      <TestMethod codeBase="D:\SFERRARI\01_TRABAJO\repos\netcore\libs\template-netcore-shared\Kitpymes.Core.Shared.Tests\bin\Debug\net7.0\Kitpymes.Core.Shared.Tests.dll" adapterTypeName="executor://mstestadapter/v2" className="Kitpymes.Core.Shared.Tests.StringExtensionsTests" name="ToNormalize_Passing_ValidValue_Returns_NormalizedValue" />
    </UnitTest>
    <UnitTest name="ToFormat_Passing_ValidTimeSpanValue_Returns_ValueWithFormatString" storage="d:\sferrari\01_trabajo\repos\netcore\libs\template-netcore-shared\kitpymes.core.shared.tests\bin\debug\net7.0\kitpymes.core.shared.tests.dll" id="bd51ddc7-2cee-4e5c-b895-151159d8724d">
      <Execution id="2ae71f2d-e6c3-4633-a1d8-ed731cdb317a" />
      <TestMethod codeBase="D:\SFERRARI\01_TRABAJO\repos\netcore\libs\template-netcore-shared\Kitpymes.Core.Shared.Tests\bin\Debug\net7.0\Kitpymes.Core.Shared.Tests.dll" adapterTypeName="executor://mstestadapter/v2" className="Kitpymes.Core.Shared.Tests.TimeSpanExtensionsTests" name="ToFormat_Passing_ValidTimeSpanValue_Returns_ValueWithFormatString" />
    </UnitTest>
    <UnitTest name="ToUri_Passing_ValidValueString_Returns_Uri (http://foo.com/blah_blah?p=5)" storage="d:\sferrari\01_trabajo\repos\netcore\libs\template-netcore-shared\kitpymes.core.shared.tests\bin\debug\net7.0\kitpymes.core.shared.tests.dll" id="41327225-457a-4e59-968c-bdd6baf6a80c">
      <Execution id="dfd6169c-09f5-48ee-8079-2c12b6172263" />
      <TestMethod codeBase="D:\SFERRARI\01_TRABAJO\repos\netcore\libs\template-netcore-shared\Kitpymes.Core.Shared.Tests\bin\Debug\net7.0\Kitpymes.Core.Shared.Tests.dll" adapterTypeName="executor://mstestadapter/v2" className="Kitpymes.Core.Shared.Tests.StringExtensionsTests" name="ToUri_Passing_ValidValueString_Returns_Uri" />
    </UnitTest>
    <UnitTest name="ToUri_Passing_InvalidValueString_Returns_DefaultValue (http://??)" storage="d:\sferrari\01_trabajo\repos\netcore\libs\template-netcore-shared\kitpymes.core.shared.tests\bin\debug\net7.0\kitpymes.core.shared.tests.dll" id="505ca4de-21f1-4155-9c31-3a00ea9d2810">
      <Execution id="0a9cd295-ae20-4f87-b696-58931f0b35a0" />
      <TestMethod codeBase="D:\SFERRARI\01_TRABAJO\repos\netcore\libs\template-netcore-shared\Kitpymes.Core.Shared.Tests\bin\Debug\net7.0\Kitpymes.Core.Shared.Tests.dll" adapterTypeName="executor://mstestadapter/v2" className="Kitpymes.Core.Shared.Tests.StringExtensionsTests" name="ToUri_Passing_InvalidValueString_Returns_DefaultValue" />
    </UnitTest>
    <UnitTest name="ToAttribute_Passing_Enumeration_Name_Returns_Atributte" storage="d:\sferrari\01_trabajo\repos\netcore\libs\template-netcore-shared\kitpymes.core.shared.tests\bin\debug\net7.0\kitpymes.core.shared.tests.dll" id="41d4481c-d46f-4479-b2ef-2b814c5d128f">
      <Execution id="da8bd68f-165d-4ba1-b28d-f6f3806a854f" />
      <TestMethod codeBase="D:\SFERRARI\01_TRABAJO\repos\netcore\libs\template-netcore-shared\Kitpymes.Core.Shared.Tests\bin\Debug\net7.0\Kitpymes.Core.Shared.Tests.dll" adapterTypeName="executor://mstestadapter/v2" className="Kitpymes.Core.Shared.Tests.EnumExtensionsTests" name="ToAttribute_Passing_Enumeration_Name_Returns_Atributte" />
    </UnitTest>
    <UnitTest name="ToEnvironment_Passing_Staging_Enviroment_Returns_Staging_Name" storage="d:\sferrari\01_trabajo\repos\netcore\libs\template-netcore-shared\kitpymes.core.shared.tests\bin\debug\net7.0\kitpymes.core.shared.tests.dll" id="164a69ce-1578-4204-bc30-5e3396058514">
      <Execution id="362e2db7-bdf9-4b47-812b-1b59dbf49af5" />
      <TestMethod codeBase="D:\SFERRARI\01_TRABAJO\repos\netcore\libs\template-netcore-shared\Kitpymes.Core.Shared.Tests\bin\Debug\net7.0\Kitpymes.Core.Shared.Tests.dll" adapterTypeName="executor://mstestadapter/v2" className="Kitpymes.Core.Shared.Tests.ApplicationBuilderExtensionsTests" name="ToEnvironment_Passing_Staging_Enviroment_Returns_Staging_Name" />
    </UnitTest>
    <UnitTest name="ToUri_Passing_InvalidValueString_Returns_DefaultValue (http://../)" storage="d:\sferrari\01_trabajo\repos\netcore\libs\template-netcore-shared\kitpymes.core.shared.tests\bin\debug\net7.0\kitpymes.core.shared.tests.dll" id="c1246e43-6535-40cd-b3fe-be179b80bac9">
      <Execution id="9cb52a5b-46b9-4630-833d-2365957abd94" />
      <TestMethod codeBase="D:\SFERRARI\01_TRABAJO\repos\netcore\libs\template-netcore-shared\Kitpymes.Core.Shared.Tests\bin\Debug\net7.0\Kitpymes.Core.Shared.Tests.dll" adapterTypeName="executor://mstestadapter/v2" className="Kitpymes.Core.Shared.Tests.StringExtensionsTests" name="ToUri_Passing_InvalidValueString_Returns_DefaultValue" />
    </UnitTest>
    <UnitTest name="ToUri_Passing_ValidValueString_Returns_Uri (http://例子.测试)" storage="d:\sferrari\01_trabajo\repos\netcore\libs\template-netcore-shared\kitpymes.core.shared.tests\bin\debug\net7.0\kitpymes.core.shared.tests.dll" id="44324761-9c57-4311-aad6-92e99d9c0123">
      <Execution id="23212ada-23ea-490e-84f4-39c94757833c" />
      <TestMethod codeBase="D:\SFERRARI\01_TRABAJO\repos\netcore\libs\template-netcore-shared\Kitpymes.Core.Shared.Tests\bin\Debug\net7.0\Kitpymes.Core.Shared.Tests.dll" adapterTypeName="executor://mstestadapter/v2" className="Kitpymes.Core.Shared.Tests.StringExtensionsTests" name="ToUri_Passing_ValidValueString_Returns_Uri" />
    </UnitTest>
    <UnitTest name="ToRemove_Passing_ValidValue_Returns_ValueWithoutRemovedChars (aeiou,a,eiou)" storage="d:\sferrari\01_trabajo\repos\netcore\libs\template-netcore-shared\kitpymes.core.shared.tests\bin\debug\net7.0\kitpymes.core.shared.tests.dll" id="b0465cf8-7594-4215-83bd-3994f20a7e06">
      <Execution id="be995bd0-15c1-4503-8401-92538c0e33a0" />
      <TestMethod codeBase="D:\SFERRARI\01_TRABAJO\repos\netcore\libs\template-netcore-shared\Kitpymes.Core.Shared.Tests\bin\Debug\net7.0\Kitpymes.Core.Shared.Tests.dll" adapterTypeName="executor://mstestadapter/v2" className="Kitpymes.Core.Shared.Tests.StringExtensionsTests" name="ToRemove_Passing_ValidValue_Returns_ValueWithoutRemovedChars" />
    </UnitTest>
    <UnitTest name="ToDictionaryPropertyInfo_Passing_Object_IncludeNullOrEmptyProperty_Returns_Properties_NameAndValue_Dictionary" storage="d:\sferrari\01_trabajo\repos\netcore\libs\template-netcore-shared\kitpymes.core.shared.tests\bin\debug\net7.0\kitpymes.core.shared.tests.dll" id="c970dd92-f0ee-431d-8327-9696ac992f51">
      <Execution id="11fec023-11a4-4dbe-9a72-440ca8ed9e45" />
      <TestMethod codeBase="D:\SFERRARI\01_TRABAJO\repos\netcore\libs\template-netcore-shared\Kitpymes.Core.Shared.Tests\bin\Debug\net7.0\Kitpymes.Core.Shared.Tests.dll" adapterTypeName="executor://mstestadapter/v2" className="Kitpymes.Core.Shared.Tests.GenericExtensionsTests" name="ToDictionaryPropertyInfo_Passing_Object_IncludeNullOrEmptyProperty_Returns_Properties_NameAndValue_Dictionary" />
    </UnitTest>
    <UnitTest name="ToIsWeekend_Passing_Friday_DateTime_Returns_False" storage="d:\sferrari\01_trabajo\repos\netcore\libs\template-netcore-shared\kitpymes.core.shared.tests\bin\debug\net7.0\kitpymes.core.shared.tests.dll" id="b28d570b-6fb4-4599-85c3-1a1d234a2664">
      <Execution id="55bc829c-5325-4113-9f6f-6ce34bec6316" />
      <TestMethod codeBase="D:\SFERRARI\01_TRABAJO\repos\netcore\libs\template-netcore-shared\Kitpymes.Core.Shared.Tests\bin\Debug\net7.0\Kitpymes.Core.Shared.Tests.dll" adapterTypeName="executor://mstestadapter/v2" className="Kitpymes.Core.Shared.Tests.DateTimeExtensionsTests" name="ToIsWeekend_Passing_Friday_DateTime_Returns_False" />
    </UnitTest>
    <UnitTest name="ToRemove_Passing_ValidValue_Returns_ValueWithoutRemovedChars ( * , ,*)" storage="d:\sferrari\01_trabajo\repos\netcore\libs\template-netcore-shared\kitpymes.core.shared.tests\bin\debug\net7.0\kitpymes.core.shared.tests.dll" id="5a608bfc-230f-48fb-ba7f-f3b6979d04eb">
      <Execution id="eb5b8c22-0bb4-4ef3-a9fd-8dc3ea76ef61" />
      <TestMethod codeBase="D:\SFERRARI\01_TRABAJO\repos\netcore\libs\template-netcore-shared\Kitpymes.Core.Shared.Tests\bin\Debug\net7.0\Kitpymes.Core.Shared.Tests.dll" adapterTypeName="executor://mstestadapter/v2" className="Kitpymes.Core.Shared.Tests.StringExtensionsTests" name="ToRemove_Passing_ValidValue_Returns_ValueWithoutRemovedChars" />
    </UnitTest>
    <UnitTest name="ToAuthenticationType_Passing_Claims_Returns_AuthenticationType_Name" storage="d:\sferrari\01_trabajo\repos\netcore\libs\template-netcore-shared\kitpymes.core.shared.tests\bin\debug\net7.0\kitpymes.core.shared.tests.dll" id="08599efe-40bb-4520-8d84-e8c9510c6840">
      <Execution id="f830553b-3b2a-4bc2-bae8-110ae8c44c65" />
      <TestMethod codeBase="D:\SFERRARI\01_TRABAJO\repos\netcore\libs\template-netcore-shared\Kitpymes.Core.Shared.Tests\bin\Debug\net7.0\Kitpymes.Core.Shared.Tests.dll" adapterTypeName="executor://mstestadapter/v2" className="Kitpymes.Core.Shared.Tests.ClaimsPrincipalExtensionsTests" name="ToAuthenticationType_Passing_Claims_Returns_AuthenticationType_Name" />
    </UnitTest>
    <UnitTest name="ToResultAsync_Passing_StatusCodeAnd_MessageAndContentTypeAndHeader_Values_Returns_Values (/test)" storage="d:\sferrari\01_trabajo\repos\netcore\libs\template-netcore-shared\kitpymes.core.shared.tests\bin\debug\net7.0\kitpymes.core.shared.tests.dll" id="c5f1de52-77e8-477d-b981-b5a0db325d1e">
      <Execution id="646e8db1-b361-42b3-b5f9-949ffe970721" />
      <TestMethod codeBase="D:\SFERRARI\01_TRABAJO\repos\netcore\libs\template-netcore-shared\Kitpymes.Core.Shared.Tests\bin\Debug\net7.0\Kitpymes.Core.Shared.Tests.dll" adapterTypeName="executor://mstestadapter/v2" className="Kitpymes.Core.Shared.Tests.HttpResponseExtensionsTests" name="ToResultAsync_Passing_StatusCodeAnd_MessageAndContentTypeAndHeader_Values_Returns_Values" />
    </UnitTest>
    <UnitTest name="ToUri_Passing_ValidValueString_Returns_Uri (//foo.com/blah_blah?p=5&amp;j=fe)" storage="d:\sferrari\01_trabajo\repos\netcore\libs\template-netcore-shared\kitpymes.core.shared.tests\bin\debug\net7.0\kitpymes.core.shared.tests.dll" id="dfb67390-8365-4ca0-bb2b-f1c6d6c60d04">
      <Execution id="220704b6-5f44-4b9b-bb2f-29532c95022f" />
      <TestMethod codeBase="D:\SFERRARI\01_TRABAJO\repos\netcore\libs\template-netcore-shared\Kitpymes.Core.Shared.Tests\bin\Debug\net7.0\Kitpymes.Core.Shared.Tests.dll" adapterTypeName="executor://mstestadapter/v2" className="Kitpymes.Core.Shared.Tests.StringExtensionsTests" name="ToUri_Passing_ValidValueString_Returns_Uri" />
    </UnitTest>
    <UnitTest name="ToGetAll_Passing_Claims_Returns_Claim_Value_String_List" storage="d:\sferrari\01_trabajo\repos\netcore\libs\template-netcore-shared\kitpymes.core.shared.tests\bin\debug\net7.0\kitpymes.core.shared.tests.dll" id="580480b6-469b-4dc9-bd5d-756e7eaaa8fd">
      <Execution id="45499710-7079-41fd-b27d-cdc2748df88b" />
      <TestMethod codeBase="D:\SFERRARI\01_TRABAJO\repos\netcore\libs\template-netcore-shared\Kitpymes.Core.Shared.Tests\bin\Debug\net7.0\Kitpymes.Core.Shared.Tests.dll" adapterTypeName="executor://mstestadapter/v2" className="Kitpymes.Core.Shared.Tests.ClaimsPrincipalExtensionsTests" name="ToGetAll_Passing_Claims_Returns_Claim_Value_String_List" />
    </UnitTest>
    <UnitTest name="ToInt_Passing_InvalidValueString_Returns_Null (1.3333)" storage="d:\sferrari\01_trabajo\repos\netcore\libs\template-netcore-shared\kitpymes.core.shared.tests\bin\debug\net7.0\kitpymes.core.shared.tests.dll" id="832f796e-c4f5-47ca-b74f-dad3bacba5ea">
      <Execution id="6957b193-b36e-4fbc-af8f-e0706cb91d8d" />
      <TestMethod codeBase="D:\SFERRARI\01_TRABAJO\repos\netcore\libs\template-netcore-shared\Kitpymes.Core.Shared.Tests\bin\Debug\net7.0\Kitpymes.Core.Shared.Tests.dll" adapterTypeName="executor://mstestadapter/v2" className="Kitpymes.Core.Shared.Tests.StringExtensionsTests" name="ToInt_Passing_InvalidValueString_Returns_Null" />
    </UnitTest>
    <UnitTest name="ToEnvironment_ServiceCollection_Passing_Staging_Enviroment_Returns_Staging_Name" storage="d:\sferrari\01_trabajo\repos\netcore\libs\template-netcore-shared\kitpymes.core.shared.tests\bin\debug\net7.0\kitpymes.core.shared.tests.dll" id="ff7aa96b-0c1f-4478-a99a-bcdc3e9bf75b">
      <Execution id="58f224eb-d63c-4a75-a2de-6560961acc46" />
      <TestMethod codeBase="D:\SFERRARI\01_TRABAJO\repos\netcore\libs\template-netcore-shared\Kitpymes.Core.Shared.Tests\bin\Debug\net7.0\Kitpymes.Core.Shared.Tests.dll" adapterTypeName="executor://mstestadapter/v2" className="Kitpymes.Core.Shared.Tests.ConfigurationBuilderExtensionsTests" name="ToEnvironment_ServiceCollection_Passing_Staging_Enviroment_Returns_Staging_Name" />
    </UnitTest>
    <UnitTest name="ToInt_Passing_InvalidValueString_Returns_Null (1.333,39)" storage="d:\sferrari\01_trabajo\repos\netcore\libs\template-netcore-shared\kitpymes.core.shared.tests\bin\debug\net7.0\kitpymes.core.shared.tests.dll" id="d28d02d0-e5fd-4498-96ae-8e0dc510dc86">
      <Execution id="feeecafb-bd72-4b17-9f5f-49f3fc0aaba9" />
      <TestMethod codeBase="D:\SFERRARI\01_TRABAJO\repos\netcore\libs\template-netcore-shared\Kitpymes.Core.Shared.Tests\bin\Debug\net7.0\Kitpymes.Core.Shared.Tests.dll" adapterTypeName="executor://mstestadapter/v2" className="Kitpymes.Core.Shared.Tests.StringExtensionsTests" name="ToInt_Passing_InvalidValueString_Returns_Null" />
    </UnitTest>
    <UnitTest name="ToUri_Passing_InvalidValueString_Returns_Null (http://#)" storage="d:\sferrari\01_trabajo\repos\netcore\libs\template-netcore-shared\kitpymes.core.shared.tests\bin\debug\net7.0\kitpymes.core.shared.tests.dll" id="5cccd5af-4261-4331-a9db-050f9a1a54ed">
      <Execution id="f5c15e7c-f127-47f4-9836-24ea1cd7fec3" />
      <TestMethod codeBase="D:\SFERRARI\01_TRABAJO\repos\netcore\libs\template-netcore-shared\Kitpymes.Core.Shared.Tests\bin\Debug\net7.0\Kitpymes.Core.Shared.Tests.dll" adapterTypeName="executor://mstestadapter/v2" className="Kitpymes.Core.Shared.Tests.StringExtensionsTests" name="ToUri_Passing_InvalidValueString_Returns_Null" />
    </UnitTest>
    <UnitTest name="ToExists_Passing_Valid_Service_Returns_True" storage="d:\sferrari\01_trabajo\repos\netcore\libs\template-netcore-shared\kitpymes.core.shared.tests\bin\debug\net7.0\kitpymes.core.shared.tests.dll" id="17708336-4320-4d41-bf4c-a4767b865277">
      <Execution id="a4f80720-c5a7-4262-9936-382f0ba3c52f" />
      <TestMethod codeBase="D:\SFERRARI\01_TRABAJO\repos\netcore\libs\template-netcore-shared\Kitpymes.Core.Shared.Tests\bin\Debug\net7.0\Kitpymes.Core.Shared.Tests.dll" adapterTypeName="executor://mstestadapter/v2" className="Kitpymes.Core.Shared.Tests.ConfigurationBuilderExtensionsTests" name="ToExists_Passing_Valid_Service_Returns_True" />
    </UnitTest>
    <UnitTest name="ToMapMerge_Passing_Destination_Object_Returns_Merged_Destination_Object" storage="d:\sferrari\01_trabajo\repos\netcore\libs\template-netcore-shared\kitpymes.core.shared.tests\bin\debug\net7.0\kitpymes.core.shared.tests.dll" id="ef01cef6-f0b2-4011-9b0c-46e8db27c169">
      <Execution id="739e35e1-8ac3-4dd5-8e63-775be5dfa922" />
      <TestMethod codeBase="D:\SFERRARI\01_TRABAJO\repos\netcore\libs\template-netcore-shared\Kitpymes.Core.Shared.Tests\bin\Debug\net7.0\Kitpymes.Core.Shared.Tests.dll" adapterTypeName="executor://mstestadapter/v2" className="Kitpymes.Core.Shared.Tests.AgileMapperExtensionsTests" name="ToMapMerge_Passing_Destination_Object_Returns_Merged_Destination_Object" />
    </UnitTest>
    <UnitTest name="ToInt_Passing_InvalidValueString_Returns_DefaultValue (1.3333)" storage="d:\sferrari\01_trabajo\repos\netcore\libs\template-netcore-shared\kitpymes.core.shared.tests\bin\debug\net7.0\kitpymes.core.shared.tests.dll" id="7274f40c-3411-4fdc-9e29-4cb70174a5c3">
      <Execution id="4633dc7f-1a12-4b2a-a4fa-615ac0555d7a" />
      <TestMethod codeBase="D:\SFERRARI\01_TRABAJO\repos\netcore\libs\template-netcore-shared\Kitpymes.Core.Shared.Tests\bin\Debug\net7.0\Kitpymes.Core.Shared.Tests.dll" adapterTypeName="executor://mstestadapter/v2" className="Kitpymes.Core.Shared.Tests.StringExtensionsTests" name="ToInt_Passing_InvalidValueString_Returns_DefaultValue" />
    </UnitTest>
    <UnitTest name="ToFirstLetterUpper_Passing_ValidValue_Returns_StringWithFirstLetterUpper (aeioU,AeioU)" storage="d:\sferrari\01_trabajo\repos\netcore\libs\template-netcore-shared\kitpymes.core.shared.tests\bin\debug\net7.0\kitpymes.core.shared.tests.dll" id="5c4a6266-976b-447e-89f5-945b18461516">
      <Execution id="c293db5e-1fe6-4df9-8f78-876015203e9c" />
      <TestMethod codeBase="D:\SFERRARI\01_TRABAJO\repos\netcore\libs\template-netcore-shared\Kitpymes.Core.Shared.Tests\bin\Debug\net7.0\Kitpymes.Core.Shared.Tests.dll" adapterTypeName="executor://mstestadapter/v2" className="Kitpymes.Core.Shared.Tests.StringExtensionsTests" name="ToFirstLetterUpper_Passing_ValidValue_Returns_StringWithFirstLetterUpper" />
    </UnitTest>
    <UnitTest name="ToAge_Passing_Birthday_DateTime_Returns_Age" storage="d:\sferrari\01_trabajo\repos\netcore\libs\template-netcore-shared\kitpymes.core.shared.tests\bin\debug\net7.0\kitpymes.core.shared.tests.dll" id="febcc48f-64fb-4d03-ab7d-ce3326aa17a0">
      <Execution id="64b2b439-9854-4720-96cf-1f1fe7e62698" />
      <TestMethod codeBase="D:\SFERRARI\01_TRABAJO\repos\netcore\libs\template-netcore-shared\Kitpymes.Core.Shared.Tests\bin\Debug\net7.0\Kitpymes.Core.Shared.Tests.dll" adapterTypeName="executor://mstestadapter/v2" className="Kitpymes.Core.Shared.Tests.DateTimeExtensionsTests" name="ToAge_Passing_Birthday_DateTime_Returns_Age" />
    </UnitTest>
    <UnitTest name="ToEnvironment_ServiceProvider_Passing_Development_Enviroment_Returns_Development_Name" storage="d:\sferrari\01_trabajo\repos\netcore\libs\template-netcore-shared\kitpymes.core.shared.tests\bin\debug\net7.0\kitpymes.core.shared.tests.dll" id="85bd11aa-5fd6-4d6b-b8de-fb12ddad10ff">
      <Execution id="5ac9e84a-82fd-4060-b45a-97166fd88726" />
      <TestMethod codeBase="D:\SFERRARI\01_TRABAJO\repos\netcore\libs\template-netcore-shared\Kitpymes.Core.Shared.Tests\bin\Debug\net7.0\Kitpymes.Core.Shared.Tests.dll" adapterTypeName="executor://mstestadapter/v2" className="Kitpymes.Core.Shared.Tests.ConfigurationBuilderExtensionsTests" name="ToEnvironment_ServiceProvider_Passing_Development_Enviroment_Returns_Development_Name" />
    </UnitTest>
    <UnitTest name="ToNormalize_Passing_ValidValue_Returns_NormalizedValue ( ,)" storage="d:\sferrari\01_trabajo\repos\netcore\libs\template-netcore-shared\kitpymes.core.shared.tests\bin\debug\net7.0\kitpymes.core.shared.tests.dll" id="451dea66-b358-486d-9836-fe56cabb83ff">
      <Execution id="f45ca0ef-067e-43f6-9885-0f4e6347ae75" />
      <TestMethod codeBase="D:\SFERRARI\01_TRABAJO\repos\netcore\libs\template-netcore-shared\Kitpymes.Core.Shared.Tests\bin\Debug\net7.0\Kitpymes.Core.Shared.Tests.dll" adapterTypeName="executor://mstestadapter/v2" className="Kitpymes.Core.Shared.Tests.StringExtensionsTests" name="ToNormalize_Passing_ValidValue_Returns_NormalizedValue" />
    </UnitTest>
    <UnitTest name="ToNormalize_Passing_ValidValue_Returns_NormalizedValue ( àáäâ ãøçħ ,aaaa aoch)" storage="d:\sferrari\01_trabajo\repos\netcore\libs\template-netcore-shared\kitpymes.core.shared.tests\bin\debug\net7.0\kitpymes.core.shared.tests.dll" id="5f8a7299-fb8b-419b-b8f8-b56f35c934f0">
      <Execution id="19d73ba9-b488-442e-ac77-3e8e651a7c83" />
      <TestMethod codeBase="D:\SFERRARI\01_TRABAJO\repos\netcore\libs\template-netcore-shared\Kitpymes.Core.Shared.Tests\bin\Debug\net7.0\Kitpymes.Core.Shared.Tests.dll" adapterTypeName="executor://mstestadapter/v2" className="Kitpymes.Core.Shared.Tests.StringExtensionsTests" name="ToNormalize_Passing_ValidValue_Returns_NormalizedValue" />
    </UnitTest>
    <UnitTest name="ToEmailMaskUserNameAndDomainAndExtension_Passing_ValidEmail_Returns_EmailWithMask (qaz@gmail.com,q*z@g***l.c*m)" storage="d:\sferrari\01_trabajo\repos\netcore\libs\template-netcore-shared\kitpymes.core.shared.tests\bin\debug\net7.0\kitpymes.core.shared.tests.dll" id="354d16c0-b029-4836-b444-7c9a23779a98">
      <Execution id="3d2dfba2-0220-4970-89b7-163a224252f5" />
      <TestMethod codeBase="D:\SFERRARI\01_TRABAJO\repos\netcore\libs\template-netcore-shared\Kitpymes.Core.Shared.Tests\bin\Debug\net7.0\Kitpymes.Core.Shared.Tests.dll" adapterTypeName="executor://mstestadapter/v2" className="Kitpymes.Core.Shared.Tests.StringExtensionsTests" name="ToEmailMaskUserNameAndDomainAndExtension_Passing_ValidEmail_Returns_EmailWithMask" />
    </UnitTest>
    <UnitTest name="ToEmailMaskUserNameAndDomainAndExtension_Passing_ValidEmail_Returns_EmailWithMask (qaz@gmailgmail.com,q*z@g********l.c*m)" storage="d:\sferrari\01_trabajo\repos\netcore\libs\template-netcore-shared\kitpymes.core.shared.tests\bin\debug\net7.0\kitpymes.core.shared.tests.dll" id="60693eeb-94ef-46ef-a663-86fc0d02ddf1">
      <Execution id="b1662e3f-8e50-4c8f-8306-0ce562e900a4" />
      <TestMethod codeBase="D:\SFERRARI\01_TRABAJO\repos\netcore\libs\template-netcore-shared\Kitpymes.Core.Shared.Tests\bin\Debug\net7.0\Kitpymes.Core.Shared.Tests.dll" adapterTypeName="executor://mstestadapter/v2" className="Kitpymes.Core.Shared.Tests.StringExtensionsTests" name="ToEmailMaskUserNameAndDomainAndExtension_Passing_ValidEmail_Returns_EmailWithMask" />
    </UnitTest>
    <UnitTest name="ToExists_Passing_Claims_Returns_True" storage="d:\sferrari\01_trabajo\repos\netcore\libs\template-netcore-shared\kitpymes.core.shared.tests\bin\debug\net7.0\kitpymes.core.shared.tests.dll" id="8f2d8e08-0b72-4643-874c-fa3cd810af15">
      <Execution id="803eb470-02ed-4632-9d8c-f401eaa9ff9c" />
      <TestMethod codeBase="D:\SFERRARI\01_TRABAJO\repos\netcore\libs\template-netcore-shared\Kitpymes.Core.Shared.Tests\bin\Debug\net7.0\Kitpymes.Core.Shared.Tests.dll" adapterTypeName="executor://mstestadapter/v2" className="Kitpymes.Core.Shared.Tests.ClaimsPrincipalExtensionsTests" name="ToExists_Passing_Claims_Returns_True" />
    </UnitTest>
    <UnitTest name="ToMapNew_Passing_TDestination_Returns_New_Destination_Object" storage="d:\sferrari\01_trabajo\repos\netcore\libs\template-netcore-shared\kitpymes.core.shared.tests\bin\debug\net7.0\kitpymes.core.shared.tests.dll" id="1ef48bdb-6e3d-43fb-8408-125c52b3dd85">
      <Execution id="48015319-970f-41b1-ba58-2c2fb354aaf6" />
      <TestMethod codeBase="D:\SFERRARI\01_TRABAJO\repos\netcore\libs\template-netcore-shared\Kitpymes.Core.Shared.Tests\bin\Debug\net7.0\Kitpymes.Core.Shared.Tests.dll" adapterTypeName="executor://mstestadapter/v2" className="Kitpymes.Core.Shared.Tests.AgileMapperExtensionsTests" name="ToMapNew_Passing_TDestination_Returns_New_Destination_Object" />
    </UnitTest>
    <UnitTest name="ToServiceMatchingClass_Passing_Empties_Assemblies_Returns_ApplicationException" storage="d:\sferrari\01_trabajo\repos\netcore\libs\template-netcore-shared\kitpymes.core.shared.tests\bin\debug\net7.0\kitpymes.core.shared.tests.dll" id="aa56aeae-7c2c-43b5-a8f4-6f1be8b2126a">
      <Execution id="78ab1990-d679-4098-9a6c-122476feda91" />
      <TestMethod codeBase="D:\SFERRARI\01_TRABAJO\repos\netcore\libs\template-netcore-shared\Kitpymes.Core.Shared.Tests\bin\Debug\net7.0\Kitpymes.Core.Shared.Tests.dll" adapterTypeName="executor://mstestadapter/v2" className="Kitpymes.Core.Shared.Tests.ConfigurationBuilderExtensionsTests" name="ToServiceMatchingClass_Passing_Empties_Assemblies_Returns_ApplicationException" />
    </UnitTest>
    <UnitTest name="ToRemove_Passing_ValidValue_Returns_ValueWithoutRemovedChars (hello hello, ,hellohello)" storage="d:\sferrari\01_trabajo\repos\netcore\libs\template-netcore-shared\kitpymes.core.shared.tests\bin\debug\net7.0\kitpymes.core.shared.tests.dll" id="c3c2d0cf-c5ab-4054-9496-5db7528c33e2">
      <Execution id="43574ae2-e1ff-46e7-bfbe-755351d36abf" />
      <TestMethod codeBase="D:\SFERRARI\01_TRABAJO\repos\netcore\libs\template-netcore-shared\Kitpymes.Core.Shared.Tests\bin\Debug\net7.0\Kitpymes.Core.Shared.Tests.dll" adapterTypeName="executor://mstestadapter/v2" className="Kitpymes.Core.Shared.Tests.StringExtensionsTests" name="ToRemove_Passing_ValidValue_Returns_ValueWithoutRemovedChars" />
    </UnitTest>
    <UnitTest name="ToContentType_Passing_ValidValueString_Returns_ContentType (xxxx.json,application/json)" storage="d:\sferrari\01_trabajo\repos\netcore\libs\template-netcore-shared\kitpymes.core.shared.tests\bin\debug\net7.0\kitpymes.core.shared.tests.dll" id="b5a6a438-5476-4edb-84d7-18109ae29eb7">
      <Execution id="61cb76df-b894-4030-b810-41b3f0960d86" />
      <TestMethod codeBase="D:\SFERRARI\01_TRABAJO\repos\netcore\libs\template-netcore-shared\Kitpymes.Core.Shared.Tests\bin\Debug\net7.0\Kitpymes.Core.Shared.Tests.dll" adapterTypeName="executor://mstestadapter/v2" className="Kitpymes.Core.Shared.Tests.StringExtensionsTests" name="ToContentType_Passing_ValidValueString_Returns_ContentType" />
    </UnitTest>
    <UnitTest name="ToHashAlgorithmName_Passing_InvalidValueLowerCaseStringWithDefaultValue_Returns_DefaultValue (md5)" storage="d:\sferrari\01_trabajo\repos\netcore\libs\template-netcore-shared\kitpymes.core.shared.tests\bin\debug\net7.0\kitpymes.core.shared.tests.dll" id="7e51fbc7-babd-49c0-bcc7-46ff3792b95e">
      <Execution id="083ee445-47e4-476e-83c3-608f52fff3d5" />
      <TestMethod codeBase="D:\SFERRARI\01_TRABAJO\repos\netcore\libs\template-netcore-shared\Kitpymes.Core.Shared.Tests\bin\Debug\net7.0\Kitpymes.Core.Shared.Tests.dll" adapterTypeName="executor://mstestadapter/v2" className="Kitpymes.Core.Shared.Tests.StringExtensionsTests" name="ToHashAlgorithmName_Passing_InvalidValueLowerCaseStringWithDefaultValue_Returns_DefaultValue" />
    </UnitTest>
    <UnitTest name="ToContentType_Passing_ValidValueString_Returns_ContentType (xxxx.gif,image/gif)" storage="d:\sferrari\01_trabajo\repos\netcore\libs\template-netcore-shared\kitpymes.core.shared.tests\bin\debug\net7.0\kitpymes.core.shared.tests.dll" id="752bbe4c-4feb-4c19-87eb-1e482935fffc">
      <Execution id="df443805-15d0-401b-be33-65867790de3b" />
      <TestMethod codeBase="D:\SFERRARI\01_TRABAJO\repos\netcore\libs\template-netcore-shared\Kitpymes.Core.Shared.Tests\bin\Debug\net7.0\Kitpymes.Core.Shared.Tests.dll" adapterTypeName="executor://mstestadapter/v2" className="Kitpymes.Core.Shared.Tests.StringExtensionsTests" name="ToContentType_Passing_ValidValueString_Returns_ContentType" />
    </UnitTest>
    <UnitTest name="ThrowIfDirectoryNotExists_Passing_InvalidValue_Returns_ApplicationExceptionWithMessage" storage="d:\sferrari\01_trabajo\repos\netcore\libs\template-netcore-shared\kitpymes.core.shared.tests\bin\debug\net7.0\kitpymes.core.shared.tests.dll" id="0cd4e74d-06fe-4ffa-8abd-56bbb3613849">
      <Execution id="b294769a-5697-4766-aac4-29316e0afe76" />
      <TestMethod codeBase="D:\SFERRARI\01_TRABAJO\repos\netcore\libs\template-netcore-shared\Kitpymes.Core.Shared.Tests\bin\Debug\net7.0\Kitpymes.Core.Shared.Tests.dll" adapterTypeName="executor://mstestadapter/v2" className="Kitpymes.Core.Shared.Tests.VerifyExtensionsTests" name="ThrowIfDirectoryNotExists_Passing_InvalidValue_Returns_ApplicationExceptionWithMessage" />
    </UnitTest>
    <UnitTest name="ToStringFormat_Passing_ValidValue_Returns_ValueWithoutRemovedChars (-1)" storage="d:\sferrari\01_trabajo\repos\netcore\libs\template-netcore-shared\kitpymes.core.shared.tests\bin\debug\net7.0\kitpymes.core.shared.tests.dll" id="a35627ca-57da-4399-aa86-fb954b98fef8">
      <Execution id="1c9663db-c6dd-4ab1-91f2-76fb7ef8691d" />
      <TestMethod codeBase="D:\SFERRARI\01_TRABAJO\repos\netcore\libs\template-netcore-shared\Kitpymes.Core.Shared.Tests\bin\Debug\net7.0\Kitpymes.Core.Shared.Tests.dll" adapterTypeName="executor://mstestadapter/v2" className="Kitpymes.Core.Shared.Tests.IntegerExtensionsTests" name="ToStringFormat_Passing_ValidValue_Returns_ValueWithoutRemovedChars" />
    </UnitTest>
    <UnitTest name="ThrowIfNotEmail_Passing_InvalidValue_Returns_ApplicationExceptionWithMessage (34?fsds@sdd.yy)" storage="d:\sferrari\01_trabajo\repos\netcore\libs\template-netcore-shared\kitpymes.core.shared.tests\bin\debug\net7.0\kitpymes.core.shared.tests.dll" id="8470d872-6ac3-4a8b-8400-f35f37fd7bbe">
      <Execution id="1debe917-8861-4f93-bd07-d0293042598f" />
      <TestMethod codeBase="D:\SFERRARI\01_TRABAJO\repos\netcore\libs\template-netcore-shared\Kitpymes.Core.Shared.Tests\bin\Debug\net7.0\Kitpymes.Core.Shared.Tests.dll" adapterTypeName="executor://mstestadapter/v2" className="Kitpymes.Core.Shared.Tests.VerifyExtensionsTests" name="ThrowIfNotEmail_Passing_InvalidValue_Returns_ApplicationExceptionWithMessage" />
    </UnitTest>
    <UnitTest name="ToEnvironment_Passing_Custom_Enviroment_Returns_Custom_Name" storage="d:\sferrari\01_trabajo\repos\netcore\libs\template-netcore-shared\kitpymes.core.shared.tests\bin\debug\net7.0\kitpymes.core.shared.tests.dll" id="05b0c099-1a66-455b-8580-2318eb03b87a">
      <Execution id="cc751f39-683d-4e16-9a91-736dbefb32bd" />
      <TestMethod codeBase="D:\SFERRARI\01_TRABAJO\repos\netcore\libs\template-netcore-shared\Kitpymes.Core.Shared.Tests\bin\Debug\net7.0\Kitpymes.Core.Shared.Tests.dll" adapterTypeName="executor://mstestadapter/v2" className="Kitpymes.Core.Shared.Tests.ApplicationBuilderExtensionsTests" name="ToEnvironment_Passing_Custom_Enviroment_Returns_Custom_Name" />
    </UnitTest>
    <UnitTest name="CreateSHA256_Passing_Invalid_Arguments_Returns_ApplicationException ( )" storage="d:\sferrari\01_trabajo\repos\netcore\libs\template-netcore-shared\kitpymes.core.shared.tests\bin\debug\net7.0\kitpymes.core.shared.tests.dll" id="76b869c3-b07b-46f6-b666-b1dd65cc8353">
      <Execution id="df1e649e-b23d-4c28-b17a-3ac852455bc8" />
      <TestMethod codeBase="D:\SFERRARI\01_TRABAJO\repos\netcore\libs\template-netcore-shared\Kitpymes.Core.Shared.Tests\bin\Debug\net7.0\Kitpymes.Core.Shared.Tests.dll" adapterTypeName="executor://mstestadapter/v2" className="Kitpymes.Core.Shared.Tests.HashTests" name="CreateSHA256_Passing_Invalid_Arguments_Returns_ApplicationException" />
    </UnitTest>
    <UnitTest name="ToReplace_Passing_ValidValue_Returns_ReplacedValue (aeiou,*,2,2,ae**u)" storage="d:\sferrari\01_trabajo\repos\netcore\libs\template-netcore-shared\kitpymes.core.shared.tests\bin\debug\net7.0\kitpymes.core.shared.tests.dll" id="6ee1c9f5-daa0-4e18-ac0c-219bc1b64561">
      <Execution id="d915a8be-e4aa-4145-9d4b-30902afdae55" />
      <TestMethod codeBase="D:\SFERRARI\01_TRABAJO\repos\netcore\libs\template-netcore-shared\Kitpymes.Core.Shared.Tests\bin\Debug\net7.0\Kitpymes.Core.Shared.Tests.dll" adapterTypeName="executor://mstestadapter/v2" className="Kitpymes.Core.Shared.Tests.StringExtensionsTests" name="ToReplace_Passing_ValidValue_Returns_ReplacedValue" />
    </UnitTest>
    <UnitTest name="ToUri_Passing_ValidValueString_Returns_Uri (http://userid@example.com:8080)" storage="d:\sferrari\01_trabajo\repos\netcore\libs\template-netcore-shared\kitpymes.core.shared.tests\bin\debug\net7.0\kitpymes.core.shared.tests.dll" id="35eea49e-2597-43af-814e-02894e2ae8ec">
      <Execution id="8a3fd92a-2e17-4236-a16f-8f417b9f34b0" />
      <TestMethod codeBase="D:\SFERRARI\01_TRABAJO\repos\netcore\libs\template-netcore-shared\Kitpymes.Core.Shared.Tests\bin\Debug\net7.0\Kitpymes.Core.Shared.Tests.dll" adapterTypeName="executor://mstestadapter/v2" className="Kitpymes.Core.Shared.Tests.StringExtensionsTests" name="ToUri_Passing_ValidValueString_Returns_Uri" />
    </UnitTest>
    <UnitTest name="ResultDataBadRequest_WithErrors_Value" storage="d:\sferrari\01_trabajo\repos\netcore\libs\template-netcore-shared\kitpymes.core.shared.tests\bin\debug\net7.0\kitpymes.core.shared.tests.dll" id="20222366-013c-4926-b436-9ea5b938958f">
      <Execution id="e6db452d-a0da-428b-aa8c-90a9fe278476" />
      <TestMethod codeBase="D:\SFERRARI\01_TRABAJO\repos\netcore\libs\template-netcore-shared\Kitpymes.Core.Shared.Tests\bin\Debug\net7.0\Kitpymes.Core.Shared.Tests.dll" adapterTypeName="executor://mstestadapter/v2" className="Kitpymes.Core.Shared.Tests.ResultTest" name="ResultDataBadRequest_WithErrors_Value" />
    </UnitTest>
    <UnitTest name="ThrowIfNullOrEmpty_Passing_InvalidValue_Returns_ApplicationExceptionWithMessage" storage="d:\sferrari\01_trabajo\repos\netcore\libs\template-netcore-shared\kitpymes.core.shared.tests\bin\debug\net7.0\kitpymes.core.shared.tests.dll" id="5d52037f-abf7-4b96-b21d-ee6879885fd8">
      <Execution id="f28c2f6c-4bc5-4ef0-92f5-3d38780382ac" />
      <TestMethod codeBase="D:\SFERRARI\01_TRABAJO\repos\netcore\libs\template-netcore-shared\Kitpymes.Core.Shared.Tests\bin\Debug\net7.0\Kitpymes.Core.Shared.Tests.dll" adapterTypeName="executor://mstestadapter/v2" className="Kitpymes.Core.Shared.Tests.VerifyExtensionsTests" name="ThrowIfNullOrEmpty_Passing_InvalidValue_Returns_ApplicationExceptionWithMessage" />
    </UnitTest>
    <UnitTest name="ToReplace_Passing_ValidValue_Returns_ReplacedValue (aeiou,*,0,3,***ou)" storage="d:\sferrari\01_trabajo\repos\netcore\libs\template-netcore-shared\kitpymes.core.shared.tests\bin\debug\net7.0\kitpymes.core.shared.tests.dll" id="8a5a68eb-09fe-428d-aba6-b9ae883bbafd">
      <Execution id="44c307e5-c41e-40eb-8149-a722a01bbf85" />
      <TestMethod codeBase="D:\SFERRARI\01_TRABAJO\repos\netcore\libs\template-netcore-shared\Kitpymes.Core.Shared.Tests\bin\Debug\net7.0\Kitpymes.Core.Shared.Tests.dll" adapterTypeName="executor://mstestadapter/v2" className="Kitpymes.Core.Shared.Tests.StringExtensionsTests" name="ToReplace_Passing_ValidValue_Returns_ReplacedValue" />
    </UnitTest>
    <UnitTest name="ToEmailMaskUserNameAndDomainAndExtension_Passing_ValidEmail_Returns_EmailWithMask (qazwsx@gmailgmail.com,q****x@g********l.c*m)" storage="d:\sferrari\01_trabajo\repos\netcore\libs\template-netcore-shared\kitpymes.core.shared.tests\bin\debug\net7.0\kitpymes.core.shared.tests.dll" id="d0054cbf-daaf-420a-ac69-854361eb9fef">
      <Execution id="055b944e-7152-4797-a961-cc148ad7d8f9" />
      <TestMethod codeBase="D:\SFERRARI\01_TRABAJO\repos\netcore\libs\template-netcore-shared\Kitpymes.Core.Shared.Tests\bin\Debug\net7.0\Kitpymes.Core.Shared.Tests.dll" adapterTypeName="executor://mstestadapter/v2" className="Kitpymes.Core.Shared.Tests.StringExtensionsTests" name="ToEmailMaskUserNameAndDomainAndExtension_Passing_ValidEmail_Returns_EmailWithMask" />
    </UnitTest>
    <UnitTest name="ToSetTime_Passing_Time_Int_Returns_DateTime" storage="d:\sferrari\01_trabajo\repos\netcore\libs\template-netcore-shared\kitpymes.core.shared.tests\bin\debug\net7.0\kitpymes.core.shared.tests.dll" id="233fcdb7-aead-48ea-a376-479d56fa1864">
      <Execution id="ac34ee7c-3a32-4a9b-b35a-e5be3c616c64" />
      <TestMethod codeBase="D:\SFERRARI\01_TRABAJO\repos\netcore\libs\template-netcore-shared\Kitpymes.Core.Shared.Tests\bin\Debug\net7.0\Kitpymes.Core.Shared.Tests.dll" adapterTypeName="executor://mstestadapter/v2" className="Kitpymes.Core.Shared.Tests.DateTimeExtensionsTests" name="ToSetTime_Passing_Time_Int_Returns_DateTime" />
    </UnitTest>
    <UnitTest name="ToInt_Passing_InvalidValueString_Returns_Null (999999439293294392492349329493294)" storage="d:\sferrari\01_trabajo\repos\netcore\libs\template-netcore-shared\kitpymes.core.shared.tests\bin\debug\net7.0\kitpymes.core.shared.tests.dll" id="dd5f480b-aac6-4439-9102-4befb68f1502">
      <Execution id="077b29dc-122e-45fc-ac28-461f1cd0acfb" />
      <TestMethod codeBase="D:\SFERRARI\01_TRABAJO\repos\netcore\libs\template-netcore-shared\Kitpymes.Core.Shared.Tests\bin\Debug\net7.0\Kitpymes.Core.Shared.Tests.dll" adapterTypeName="executor://mstestadapter/v2" className="Kitpymes.Core.Shared.Tests.StringExtensionsTests" name="ToInt_Passing_InvalidValueString_Returns_Null" />
    </UnitTest>
    <UnitTest name="ToEmailMask_Passing_ValidEmail_Returns_EmailWithMask (qaz@gmailgmail.com,q-z@g---------.com)" storage="d:\sferrari\01_trabajo\repos\netcore\libs\template-netcore-shared\kitpymes.core.shared.tests\bin\debug\net7.0\kitpymes.core.shared.tests.dll" id="9f7babc2-33e8-43f4-9bfb-7b4a70c7e743">
      <Execution id="e59be342-4605-4898-b25b-71fcad5f27af" />
      <TestMethod codeBase="D:\SFERRARI\01_TRABAJO\repos\netcore\libs\template-netcore-shared\Kitpymes.Core.Shared.Tests\bin\Debug\net7.0\Kitpymes.Core.Shared.Tests.dll" adapterTypeName="executor://mstestadapter/v2" className="Kitpymes.Core.Shared.Tests.StringExtensionsTests" name="ToEmailMask_Passing_ValidEmail_Returns_EmailWithMask" />
    </UnitTest>
    <UnitTest name="ToHashAlgorithmName_Passing_InvalidValueString_Returns_Null (hhhhhh)" storage="d:\sferrari\01_trabajo\repos\netcore\libs\template-netcore-shared\kitpymes.core.shared.tests\bin\debug\net7.0\kitpymes.core.shared.tests.dll" id="a3e8c2e8-74f8-47dd-8af6-997b263c65a2">
      <Execution id="fdee9996-5797-427b-a8b0-93a478a668ba" />
      <TestMethod codeBase="D:\SFERRARI\01_TRABAJO\repos\netcore\libs\template-netcore-shared\Kitpymes.Core.Shared.Tests\bin\Debug\net7.0\Kitpymes.Core.Shared.Tests.dll" adapterTypeName="executor://mstestadapter/v2" className="Kitpymes.Core.Shared.Tests.StringExtensionsTests" name="ToHashAlgorithmName_Passing_InvalidValueString_Returns_Null" />
    </UnitTest>
    <UnitTest name="ToUri_Passing_InvalidValueString_Returns_DefaultValue (http://.)" storage="d:\sferrari\01_trabajo\repos\netcore\libs\template-netcore-shared\kitpymes.core.shared.tests\bin\debug\net7.0\kitpymes.core.shared.tests.dll" id="3118d51d-245e-458b-b8d6-f53cbc2ec95c">
      <Execution id="e85ba68b-4f08-4b70-a384-89cd63297a55" />
      <TestMethod codeBase="D:\SFERRARI\01_TRABAJO\repos\netcore\libs\template-netcore-shared\Kitpymes.Core.Shared.Tests\bin\Debug\net7.0\Kitpymes.Core.Shared.Tests.dll" adapterTypeName="executor://mstestadapter/v2" className="Kitpymes.Core.Shared.Tests.StringExtensionsTests" name="ToUri_Passing_InvalidValueString_Returns_DefaultValue" />
    </UnitTest>
    <UnitTest name="ToFullMessageDetail_Passing_ExceptionWithMessageWithInnerException_Returns_Full_Message_Detail" storage="d:\sferrari\01_trabajo\repos\netcore\libs\template-netcore-shared\kitpymes.core.shared.tests\bin\debug\net7.0\kitpymes.core.shared.tests.dll" id="d635d7b7-cc85-4d60-9146-afca84b29276">
      <Execution id="50eb38ce-6a9b-4169-a56a-5f0633992de5" />
      <TestMethod codeBase="D:\SFERRARI\01_TRABAJO\repos\netcore\libs\template-netcore-shared\Kitpymes.Core.Shared.Tests\bin\Debug\net7.0\Kitpymes.Core.Shared.Tests.dll" adapterTypeName="executor://mstestadapter/v2" className="Kitpymes.Core.Shared.Tests.ExceptionExtensionsTests" name="ToFullMessageDetail_Passing_ExceptionWithMessageWithInnerException_Returns_Full_Message_Detail" />
    </UnitTest>
    <UnitTest name="ToDefaultValue_Passing_ushort_Returns_Cero" storage="d:\sferrari\01_trabajo\repos\netcore\libs\template-netcore-shared\kitpymes.core.shared.tests\bin\debug\net7.0\kitpymes.core.shared.tests.dll" id="63681c9d-295c-455c-ae3c-713aecde79fb">
      <Execution id="5d90afdd-5ac1-420c-a114-7e638a693f5c" />
      <TestMethod codeBase="D:\SFERRARI\01_TRABAJO\repos\netcore\libs\template-netcore-shared\Kitpymes.Core.Shared.Tests\bin\Debug\net7.0\Kitpymes.Core.Shared.Tests.dll" adapterTypeName="executor://mstestadapter/v2" className="Kitpymes.Core.Shared.Tests.GenericExtensionsTests" name="ToDefaultValue_Passing_ushort_Returns_Cero" />
    </UnitTest>
    <UnitTest name="ToDefaultValue_Passing_double_Returns_Cero (1,7976931348623157E+308)" storage="d:\sferrari\01_trabajo\repos\netcore\libs\template-netcore-shared\kitpymes.core.shared.tests\bin\debug\net7.0\kitpymes.core.shared.tests.dll" id="55df3f76-087d-41fc-9a71-6fcd9928c3f6">
      <Execution id="a60c6a57-c1f7-485b-a4d1-3f9b8aacb8e9" />
      <TestMethod codeBase="D:\SFERRARI\01_TRABAJO\repos\netcore\libs\template-netcore-shared\Kitpymes.Core.Shared.Tests\bin\Debug\net7.0\Kitpymes.Core.Shared.Tests.dll" adapterTypeName="executor://mstestadapter/v2" className="Kitpymes.Core.Shared.Tests.GenericExtensionsTests" name="ToDefaultValue_Passing_double_Returns_Cero" />
    </UnitTest>
    <UnitTest name="ToUri_Passing_ValidValueString_Returns_Uri (https://foo.com/blah_blah)" storage="d:\sferrari\01_trabajo\repos\netcore\libs\template-netcore-shared\kitpymes.core.shared.tests\bin\debug\net7.0\kitpymes.core.shared.tests.dll" id="14bfe90a-8fbf-423c-a9c7-58da32480b99">
      <Execution id="cbd6a2db-9386-4a40-ad26-ef4feb392282" />
      <TestMethod codeBase="D:\SFERRARI\01_TRABAJO\repos\netcore\libs\template-netcore-shared\Kitpymes.Core.Shared.Tests\bin\Debug\net7.0\Kitpymes.Core.Shared.Tests.dll" adapterTypeName="executor://mstestadapter/v2" className="Kitpymes.Core.Shared.Tests.StringExtensionsTests" name="ToUri_Passing_ValidValueString_Returns_Uri" />
    </UnitTest>
    <UnitTest name="ToDefaultValue_Passing_float_Returns_Cero" storage="d:\sferrari\01_trabajo\repos\netcore\libs\template-netcore-shared\kitpymes.core.shared.tests\bin\debug\net7.0\kitpymes.core.shared.tests.dll" id="371e9bff-b7bc-4d40-a946-9b7e4b6b0d2b">
      <Execution id="24679326-049f-4579-ae13-73a49cf06704" />
      <TestMethod codeBase="D:\SFERRARI\01_TRABAJO\repos\netcore\libs\template-netcore-shared\Kitpymes.Core.Shared.Tests\bin\Debug\net7.0\Kitpymes.Core.Shared.Tests.dll" adapterTypeName="executor://mstestadapter/v2" className="Kitpymes.Core.Shared.Tests.GenericExtensionsTests" name="ToDefaultValue_Passing_float_Returns_Cero" />
    </UnitTest>
    <UnitTest name="ToEnum_Passing_InvalidValueInt_Returns_EnumDefaultValue" storage="d:\sferrari\01_trabajo\repos\netcore\libs\template-netcore-shared\kitpymes.core.shared.tests\bin\debug\net7.0\kitpymes.core.shared.tests.dll" id="a625188e-ffa6-4db3-9faf-7ac72f097871">
      <Execution id="23a996a7-72f6-4871-8554-c6adc6288194" />
      <TestMethod codeBase="D:\SFERRARI\01_TRABAJO\repos\netcore\libs\template-netcore-shared\Kitpymes.Core.Shared.Tests\bin\Debug\net7.0\Kitpymes.Core.Shared.Tests.dll" adapterTypeName="executor://mstestadapter/v2" className="Kitpymes.Core.Shared.Tests.StringExtensionsTests" name="ToEnum_Passing_InvalidValueInt_Returns_EnumDefaultValue" />
    </UnitTest>
    <UnitTest name="ToRemove_Passing_ValidValue_Returns_ValueWithoutRemovedChars (aeiou,ei,aou)" storage="d:\sferrari\01_trabajo\repos\netcore\libs\template-netcore-shared\kitpymes.core.shared.tests\bin\debug\net7.0\kitpymes.core.shared.tests.dll" id="36b89cc6-04b8-41a3-bb37-ab65012f3225">
      <Execution id="0c31a97a-b491-4c2c-ab2b-ece80fa8154d" />
      <TestMethod codeBase="D:\SFERRARI\01_TRABAJO\repos\netcore\libs\template-netcore-shared\Kitpymes.Core.Shared.Tests\bin\Debug\net7.0\Kitpymes.Core.Shared.Tests.dll" adapterTypeName="executor://mstestadapter/v2" className="Kitpymes.Core.Shared.Tests.StringExtensionsTests" name="ToRemove_Passing_ValidValue_Returns_ValueWithoutRemovedChars" />
    </UnitTest>
    <UnitTest name="ResultOK" storage="d:\sferrari\01_trabajo\repos\netcore\libs\template-netcore-shared\kitpymes.core.shared.tests\bin\debug\net7.0\kitpymes.core.shared.tests.dll" id="21ef5034-0603-41da-8375-fada30fc5061">
      <Execution id="ffdb669b-1e1c-4634-91d2-4850c642d878" />
      <TestMethod codeBase="D:\SFERRARI\01_TRABAJO\repos\netcore\libs\template-netcore-shared\Kitpymes.Core.Shared.Tests\bin\Debug\net7.0\Kitpymes.Core.Shared.Tests.dll" adapterTypeName="executor://mstestadapter/v2" className="Kitpymes.Core.Shared.Tests.ResultTest" name="ResultOK" />
    </UnitTest>
    <UnitTest name="CreateRandom_WithCustomAllowableCharacters_Passing_Valid_Arguments_Returns_String_Random_Value (8,ae)" storage="d:\sferrari\01_trabajo\repos\netcore\libs\template-netcore-shared\kitpymes.core.shared.tests\bin\debug\net7.0\kitpymes.core.shared.tests.dll" id="3e2fa1a7-ddcb-43ff-b7ba-518e5de196c1">
      <Execution id="094f44b4-cc7b-4017-aed0-053e82c8d29b" />
      <TestMethod codeBase="D:\SFERRARI\01_TRABAJO\repos\netcore\libs\template-netcore-shared\Kitpymes.Core.Shared.Tests\bin\Debug\net7.0\Kitpymes.Core.Shared.Tests.dll" adapterTypeName="executor://mstestadapter/v2" className="Kitpymes.Core.Shared.Tests.HashTests" name="CreateRandom_WithCustomAllowableCharacters_Passing_Valid_Arguments_Returns_String_Random_Value" />
    </UnitTest>
    <UnitTest name="ToCompress_Passing_Value_Bytes_Returns_Value_Bytes" storage="d:\sferrari\01_trabajo\repos\netcore\libs\template-netcore-shared\kitpymes.core.shared.tests\bin\debug\net7.0\kitpymes.core.shared.tests.dll" id="fd558a97-a2b0-4152-a722-f853e41946d3">
      <Execution id="edbc38f8-3bc0-4429-8893-74255e2d6b5c" />
      <TestMethod codeBase="D:\SFERRARI\01_TRABAJO\repos\netcore\libs\template-netcore-shared\Kitpymes.Core.Shared.Tests\bin\Debug\net7.0\Kitpymes.Core.Shared.Tests.dll" adapterTypeName="executor://mstestadapter/v2" className="Kitpymes.Core.Shared.Tests.BytesExtensionsTests" name="ToCompress_Passing_Value_Bytes_Returns_Value_Bytes" />
    </UnitTest>
    <UnitTest name="CreateAndVerifySHA256_Passing_Valid_Arguments_Returns_True (Password)" storage="d:\sferrari\01_trabajo\repos\netcore\libs\template-netcore-shared\kitpymes.core.shared.tests\bin\debug\net7.0\kitpymes.core.shared.tests.dll" id="d6d4dff0-5f47-4ac4-ba97-ca15040cd458">
      <Execution id="2c1c122e-e8fb-486a-b8e3-5e52157708cb" />
      <TestMethod codeBase="D:\SFERRARI\01_TRABAJO\repos\netcore\libs\template-netcore-shared\Kitpymes.Core.Shared.Tests\bin\Debug\net7.0\Kitpymes.Core.Shared.Tests.dll" adapterTypeName="executor://mstestadapter/v2" className="Kitpymes.Core.Shared.Tests.HashTests" name="CreateAndVerifySHA256_Passing_Valid_Arguments_Returns_True" />
    </UnitTest>
    <UnitTest name="ResultOkData" storage="d:\sferrari\01_trabajo\repos\netcore\libs\template-netcore-shared\kitpymes.core.shared.tests\bin\debug\net7.0\kitpymes.core.shared.tests.dll" id="ca32e56f-eea4-4c46-a5f8-b1edfddfce6d">
      <Execution id="797aca22-29d4-4ce4-acfb-6287d1e44451" />
      <TestMethod codeBase="D:\SFERRARI\01_TRABAJO\repos\netcore\libs\template-netcore-shared\Kitpymes.Core.Shared.Tests\bin\Debug\net7.0\Kitpymes.Core.Shared.Tests.dll" adapterTypeName="executor://mstestadapter/v2" className="Kitpymes.Core.Shared.Tests.ResultTest" name="ResultOkData" />
    </UnitTest>
    <UnitTest name="ToHashAlgorithmName_Passing_InvalidValueStringWithDefaultValue_Returns_DefaultValue (hhhhhh)" storage="d:\sferrari\01_trabajo\repos\netcore\libs\template-netcore-shared\kitpymes.core.shared.tests\bin\debug\net7.0\kitpymes.core.shared.tests.dll" id="64859041-b47b-4fd9-b644-f580806fb414">
      <Execution id="19a55ef1-e978-4993-b551-bd965e295b2a" />
      <TestMethod codeBase="D:\SFERRARI\01_TRABAJO\repos\netcore\libs\template-netcore-shared\Kitpymes.Core.Shared.Tests\bin\Debug\net7.0\Kitpymes.Core.Shared.Tests.dll" adapterTypeName="executor://mstestadapter/v2" className="Kitpymes.Core.Shared.Tests.StringExtensionsTests" name="ToHashAlgorithmName_Passing_InvalidValueStringWithDefaultValue_Returns_DefaultValue" />
    </UnitTest>
    <UnitTest name="ToZipCreate_Passing_ValidFilesWithCutomZipName_Returns_ZipFiles" storage="d:\sferrari\01_trabajo\repos\netcore\libs\template-netcore-shared\kitpymes.core.shared.tests\bin\debug\net7.0\kitpymes.core.shared.tests.dll" id="3fb9428e-9af8-4aa8-a061-eaab731acb08">
      <Execution id="54dd9108-b685-4d0e-b9dd-d103a631eb96" />
      <TestMethod codeBase="D:\SFERRARI\01_TRABAJO\repos\netcore\libs\template-netcore-shared\Kitpymes.Core.Shared.Tests\bin\Debug\net7.0\Kitpymes.Core.Shared.Tests.dll" adapterTypeName="executor://mstestadapter/v2" className="Kitpymes.Core.Shared.Tests.StringExtensionsTests" name="ToZipCreate_Passing_ValidFilesWithCutomZipName_Returns_ZipFiles" />
    </UnitTest>
    <UnitTest name="ToDefaultValue_Passing_sbyte_Returns_Cero" storage="d:\sferrari\01_trabajo\repos\netcore\libs\template-netcore-shared\kitpymes.core.shared.tests\bin\debug\net7.0\kitpymes.core.shared.tests.dll" id="dda161b2-fbf7-4b7b-a4c9-8727e95fb65c">
      <Execution id="6b3cc6b9-6ace-4657-b7a1-31583882b606" />
      <TestMethod codeBase="D:\SFERRARI\01_TRABAJO\repos\netcore\libs\template-netcore-shared\Kitpymes.Core.Shared.Tests\bin\Debug\net7.0\Kitpymes.Core.Shared.Tests.dll" adapterTypeName="executor://mstestadapter/v2" className="Kitpymes.Core.Shared.Tests.GenericExtensionsTests" name="ToDefaultValue_Passing_sbyte_Returns_Cero" />
    </UnitTest>
    <UnitTest name="ToDetails_Passing_HttpContext_Returns_Details_HttpContext" storage="d:\sferrari\01_trabajo\repos\netcore\libs\template-netcore-shared\kitpymes.core.shared.tests\bin\debug\net7.0\kitpymes.core.shared.tests.dll" id="41c3d29a-0adf-4d8d-b1ad-c0eb5b1e1ebd">
      <Execution id="c5348f2c-e983-45f1-b0e3-ecbb39d98a14" />
      <TestMethod codeBase="D:\SFERRARI\01_TRABAJO\repos\netcore\libs\template-netcore-shared\Kitpymes.Core.Shared.Tests\bin\Debug\net7.0\Kitpymes.Core.Shared.Tests.dll" adapterTypeName="executor://mstestadapter/v2" className="Kitpymes.Core.Shared.Tests.HttpContextExtensionsTests" name="ToDetails_Passing_HttpContext_Returns_Details_HttpContext" />
    </UnitTest>
    <UnitTest name="ToUri_Passing_InvalidValueString_Returns_DefaultValue (http://?)" storage="d:\sferrari\01_trabajo\repos\netcore\libs\template-netcore-shared\kitpymes.core.shared.tests\bin\debug\net7.0\kitpymes.core.shared.tests.dll" id="9fb96ae3-0b3a-4179-a22e-ff479c85a4bb">
      <Execution id="3e1076c6-f005-4223-8635-d841d1105d4e" />
      <TestMethod codeBase="D:\SFERRARI\01_TRABAJO\repos\netcore\libs\template-netcore-shared\Kitpymes.Core.Shared.Tests\bin\Debug\net7.0\Kitpymes.Core.Shared.Tests.dll" adapterTypeName="executor://mstestadapter/v2" className="Kitpymes.Core.Shared.Tests.StringExtensionsTests" name="ToUri_Passing_InvalidValueString_Returns_DefaultValue" />
    </UnitTest>
    <UnitTest name="ToGetAll_Passing_Claims_Returns_Claim_Value_Int_List" storage="d:\sferrari\01_trabajo\repos\netcore\libs\template-netcore-shared\kitpymes.core.shared.tests\bin\debug\net7.0\kitpymes.core.shared.tests.dll" id="c596e8fe-f660-4d99-a271-7751e5dc3b4d">
      <Execution id="06c95412-9d99-48e6-b1ca-cbca257feabd" />
      <TestMethod codeBase="D:\SFERRARI\01_TRABAJO\repos\netcore\libs\template-netcore-shared\Kitpymes.Core.Shared.Tests\bin\Debug\net7.0\Kitpymes.Core.Shared.Tests.dll" adapterTypeName="executor://mstestadapter/v2" className="Kitpymes.Core.Shared.Tests.ClaimsPrincipalExtensionsTests" name="ToGetAll_Passing_Claims_Returns_Claim_Value_Int_List" />
    </UnitTest>
    <UnitTest name="CreateRandom_WithCustomAllowableCharacters_Passing_Valid_Arguments_Returns_String_Random_Value (20,qazwscefbthmiklp09876543)" storage="d:\sferrari\01_trabajo\repos\netcore\libs\template-netcore-shared\kitpymes.core.shared.tests\bin\debug\net7.0\kitpymes.core.shared.tests.dll" id="e9a28500-8dda-43ba-8451-cc113109f3f0">
      <Execution id="462f5d34-2dbd-44aa-9627-27e18a72aba0" />
      <TestMethod codeBase="D:\SFERRARI\01_TRABAJO\repos\netcore\libs\template-netcore-shared\Kitpymes.Core.Shared.Tests\bin\Debug\net7.0\Kitpymes.Core.Shared.Tests.dll" adapterTypeName="executor://mstestadapter/v2" className="Kitpymes.Core.Shared.Tests.HashTests" name="CreateRandom_WithCustomAllowableCharacters_Passing_Valid_Arguments_Returns_String_Random_Value" />
    </UnitTest>
    <UnitTest name="ToNormalize_Passing_ValidValue_Returns_NormalizedValue (àáäâã,aaaaa)" storage="d:\sferrari\01_trabajo\repos\netcore\libs\template-netcore-shared\kitpymes.core.shared.tests\bin\debug\net7.0\kitpymes.core.shared.tests.dll" id="09faca17-d7c7-4208-a115-3daec9b301f4">
      <Execution id="a383ed01-0a71-400b-9ba4-7ff5da53a4ab" />
      <TestMethod codeBase="D:\SFERRARI\01_TRABAJO\repos\netcore\libs\template-netcore-shared\Kitpymes.Core.Shared.Tests\bin\Debug\net7.0\Kitpymes.Core.Shared.Tests.dll" adapterTypeName="executor://mstestadapter/v2" className="Kitpymes.Core.Shared.Tests.StringExtensionsTests" name="ToNormalize_Passing_ValidValue_Returns_NormalizedValue" />
    </UnitTest>
    <UnitTest name="ToFirstLetterLower_Passing_ValidValue_Returns_StringWithFirstLetterLower (Aeiou,aeiou)" storage="d:\sferrari\01_trabajo\repos\netcore\libs\template-netcore-shared\kitpymes.core.shared.tests\bin\debug\net7.0\kitpymes.core.shared.tests.dll" id="290e5791-4621-41b4-89b8-2640efeb1425">
      <Execution id="9de6b7e9-2455-4e0c-b786-db8823cc50e9" />
      <TestMethod codeBase="D:\SFERRARI\01_TRABAJO\repos\netcore\libs\template-netcore-shared\Kitpymes.Core.Shared.Tests\bin\Debug\net7.0\Kitpymes.Core.Shared.Tests.dll" adapterTypeName="executor://mstestadapter/v2" className="Kitpymes.Core.Shared.Tests.StringExtensionsTests" name="ToFirstLetterLower_Passing_ValidValue_Returns_StringWithFirstLetterLower" />
    </UnitTest>
    <UnitTest name="ToAssembly_Passing_ValidValueAssemblyString_Returns_Assembly" storage="d:\sferrari\01_trabajo\repos\netcore\libs\template-netcore-shared\kitpymes.core.shared.tests\bin\debug\net7.0\kitpymes.core.shared.tests.dll" id="6480f602-a421-4a1f-93d9-607a3e27503a">
      <Execution id="3727f49b-2785-4ad0-8a5e-ffc1af56106b" />
      <TestMethod codeBase="D:\SFERRARI\01_TRABAJO\repos\netcore\libs\template-netcore-shared\Kitpymes.Core.Shared.Tests\bin\Debug\net7.0\Kitpymes.Core.Shared.Tests.dll" adapterTypeName="executor://mstestadapter/v2" className="Kitpymes.Core.Shared.Tests.StringExtensionsTests" name="ToAssembly_Passing_ValidValueAssemblyString_Returns_Assembly" />
    </UnitTest>
    <UnitTest name="ToContentType_Passing_ValidValueString_Returns_ContentType (xxxx.jpeg,image/jpeg)" storage="d:\sferrari\01_trabajo\repos\netcore\libs\template-netcore-shared\kitpymes.core.shared.tests\bin\debug\net7.0\kitpymes.core.shared.tests.dll" id="31c0b548-8ad8-498a-88dd-bd304caa5ad1">
      <Execution id="be814660-c915-4985-b012-f16fc903d954" />
      <TestMethod codeBase="D:\SFERRARI\01_TRABAJO\repos\netcore\libs\template-netcore-shared\Kitpymes.Core.Shared.Tests\bin\Debug\net7.0\Kitpymes.Core.Shared.Tests.dll" adapterTypeName="executor://mstestadapter/v2" className="Kitpymes.Core.Shared.Tests.StringExtensionsTests" name="ToContentType_Passing_ValidValueString_Returns_ContentType" />
    </UnitTest>
    <UnitTest name="ToUri_Passing_ValidValueString_Returns_Uri (https://www.example.com/foo/?bar=baz&amp;inga=42&amp;quux)" storage="d:\sferrari\01_trabajo\repos\netcore\libs\template-netcore-shared\kitpymes.core.shared.tests\bin\debug\net7.0\kitpymes.core.shared.tests.dll" id="c10947c5-50c7-4cce-8472-b011eaa176ba">
      <Execution id="df925b55-e911-49c8-922c-0d3f53f0c27f" />
      <TestMethod codeBase="D:\SFERRARI\01_TRABAJO\repos\netcore\libs\template-netcore-shared\Kitpymes.Core.Shared.Tests\bin\Debug\net7.0\Kitpymes.Core.Shared.Tests.dll" adapterTypeName="executor://mstestadapter/v2" className="Kitpymes.Core.Shared.Tests.StringExtensionsTests" name="ToUri_Passing_ValidValueString_Returns_Uri" />
    </UnitTest>
    <UnitTest name="ResultOk_WithMessage_WithDetails" storage="d:\sferrari\01_trabajo\repos\netcore\libs\template-netcore-shared\kitpymes.core.shared.tests\bin\debug\net7.0\kitpymes.core.shared.tests.dll" id="f8693485-8a53-40e1-b3d8-839f715f4fb1">
      <Execution id="1aa67dee-129a-4eab-a6ca-108f24877098" />
      <TestMethod codeBase="D:\SFERRARI\01_TRABAJO\repos\netcore\libs\template-netcore-shared\Kitpymes.Core.Shared.Tests\bin\Debug\net7.0\Kitpymes.Core.Shared.Tests.dll" adapterTypeName="executor://mstestadapter/v2" className="Kitpymes.Core.Shared.Tests.ResultTest" name="ResultOk_WithMessage_WithDetails" />
    </UnitTest>
    <UnitTest name="ToIsNameThrow_Passing_InvalidValue_Returns_ApplicationExceptionWithMessage" storage="d:\sferrari\01_trabajo\repos\netcore\libs\template-netcore-shared\kitpymes.core.shared.tests\bin\debug\net7.0\kitpymes.core.shared.tests.dll" id="16ce3f46-3662-46f9-b55c-b512c294763f">
      <Execution id="6baa0090-b5b7-402b-ab07-f507fb29c5cc" />
      <TestMethod codeBase="D:\SFERRARI\01_TRABAJO\repos\netcore\libs\template-netcore-shared\Kitpymes.Core.Shared.Tests\bin\Debug\net7.0\Kitpymes.Core.Shared.Tests.dll" adapterTypeName="executor://mstestadapter/v2" className="Kitpymes.Core.Shared.Tests.VerifyExtensionsTests" name="ToIsNameThrow_Passing_InvalidValue_Returns_ApplicationExceptionWithMessage" />
    </UnitTest>
    <UnitTest name="ToUri_Passing_ValidValueString_Returns_Uri (http://foo.bar/?q=Test%20URL-encoded%20stuff)" storage="d:\sferrari\01_trabajo\repos\netcore\libs\template-netcore-shared\kitpymes.core.shared.tests\bin\debug\net7.0\kitpymes.core.shared.tests.dll" id="86d23918-679c-4c79-8892-cbde71e2193c">
      <Execution id="c04bdaca-e78c-4bae-89f3-dcd49bad074a" />
      <TestMethod codeBase="D:\SFERRARI\01_TRABAJO\repos\netcore\libs\template-netcore-shared\Kitpymes.Core.Shared.Tests\bin\Debug\net7.0\Kitpymes.Core.Shared.Tests.dll" adapterTypeName="executor://mstestadapter/v2" className="Kitpymes.Core.Shared.Tests.StringExtensionsTests" name="ToUri_Passing_ValidValueString_Returns_Uri" />
    </UnitTest>
    <UnitTest name="ToPaged_Passing_Name_Ascending_Order_Returns_Filter_List" storage="d:\sferrari\01_trabajo\repos\netcore\libs\template-netcore-shared\kitpymes.core.shared.tests\bin\debug\net7.0\kitpymes.core.shared.tests.dll" id="2ab55308-4e22-4827-9d4c-793ad7f16651">
      <Execution id="3ef23af0-ce8a-4683-a4b3-df9ac2bace0a" />
      <TestMethod codeBase="D:\SFERRARI\01_TRABAJO\repos\netcore\libs\template-netcore-shared\Kitpymes.Core.Shared.Tests\bin\Debug\net7.0\Kitpymes.Core.Shared.Tests.dll" adapterTypeName="executor://mstestadapter/v2" className="Kitpymes.Core.Shared.Tests.QueryableExtensionsTests" name="ToPaged_Passing_Name_Ascending_Order_Returns_Filter_List" />
    </UnitTest>
    <UnitTest name="ToConfiguration_Passing_Key_Values_Returns_Ok" storage="d:\sferrari\01_trabajo\repos\netcore\libs\template-netcore-shared\kitpymes.core.shared.tests\bin\debug\net7.0\kitpymes.core.shared.tests.dll" id="101a56ed-4f03-44b4-8be3-be0ddd4bb0d7">
      <Execution id="94020d71-05c0-4c38-b5b9-bad967ebd4ae" />
      <TestMethod codeBase="D:\SFERRARI\01_TRABAJO\repos\netcore\libs\template-netcore-shared\Kitpymes.Core.Shared.Tests\bin\Debug\net7.0\Kitpymes.Core.Shared.Tests.dll" adapterTypeName="executor://mstestadapter/v2" className="Kitpymes.Core.Shared.Tests.ConfigurationBuilderExtensionsTests" name="ToConfiguration_Passing_Key_Values_Returns_Ok" />
    </UnitTest>
    <UnitTest name="ThrowIfNotSubdomain_Passing_InvalidValue_Returns_ApplicationExceptionWithMessage (34fsds@@sdd.f)" storage="d:\sferrari\01_trabajo\repos\netcore\libs\template-netcore-shared\kitpymes.core.shared.tests\bin\debug\net7.0\kitpymes.core.shared.tests.dll" id="74d9ad90-5640-4d34-8033-9c7891d36d5d">
      <Execution id="c9d35319-3c41-4681-8fae-7bcba333c455" />
      <TestMethod codeBase="D:\SFERRARI\01_TRABAJO\repos\netcore\libs\template-netcore-shared\Kitpymes.Core.Shared.Tests\bin\Debug\net7.0\Kitpymes.Core.Shared.Tests.dll" adapterTypeName="executor://mstestadapter/v2" className="Kitpymes.Core.Shared.Tests.VerifyExtensionsTests" name="ThrowIfNotSubdomain_Passing_InvalidValue_Returns_ApplicationExceptionWithMessage" />
    </UnitTest>
    <UnitTest name="ToUri_Passing_ValidValueString_Returns_Uri (http://foo.com/blah_(wikipedia)#cite-1)" storage="d:\sferrari\01_trabajo\repos\netcore\libs\template-netcore-shared\kitpymes.core.shared.tests\bin\debug\net7.0\kitpymes.core.shared.tests.dll" id="515b7e53-2e61-4536-a67a-2abc8eb757fb">
      <Execution id="efaf939f-3808-43df-905a-e55c1f1c71c5" />
      <TestMethod codeBase="D:\SFERRARI\01_TRABAJO\repos\netcore\libs\template-netcore-shared\Kitpymes.Core.Shared.Tests\bin\Debug\net7.0\Kitpymes.Core.Shared.Tests.dll" adapterTypeName="executor://mstestadapter/v2" className="Kitpymes.Core.Shared.Tests.StringExtensionsTests" name="ToUri_Passing_ValidValueString_Returns_Uri" />
    </UnitTest>
    <UnitTest name="ToStringFormat_Passing_ValidValue_Returns_ValueWithoutRemovedChars (2147483647)" storage="d:\sferrari\01_trabajo\repos\netcore\libs\template-netcore-shared\kitpymes.core.shared.tests\bin\debug\net7.0\kitpymes.core.shared.tests.dll" id="d1d8dedf-3117-4975-b344-db7c9b27c817">
      <Execution id="690e9109-e8b4-46b1-974f-fc3be771355b" />
      <TestMethod codeBase="D:\SFERRARI\01_TRABAJO\repos\netcore\libs\template-netcore-shared\Kitpymes.Core.Shared.Tests\bin\Debug\net7.0\Kitpymes.Core.Shared.Tests.dll" adapterTypeName="executor://mstestadapter/v2" className="Kitpymes.Core.Shared.Tests.IntegerExtensionsTests" name="ToStringFormat_Passing_ValidValue_Returns_ValueWithoutRemovedChars" />
    </UnitTest>
    <UnitTest name="ToEnum_Passing_InvalidValueInt_Returns_EnumCustomValue" storage="d:\sferrari\01_trabajo\repos\netcore\libs\template-netcore-shared\kitpymes.core.shared.tests\bin\debug\net7.0\kitpymes.core.shared.tests.dll" id="f3f4c5e0-d85a-4450-8301-1399898f9cb6">
      <Execution id="6cd2f38e-423d-4fd2-9f8c-6e86d349bbb0" />
      <TestMethod codeBase="D:\SFERRARI\01_TRABAJO\repos\netcore\libs\template-netcore-shared\Kitpymes.Core.Shared.Tests\bin\Debug\net7.0\Kitpymes.Core.Shared.Tests.dll" adapterTypeName="executor://mstestadapter/v2" className="Kitpymes.Core.Shared.Tests.StringExtensionsTests" name="ToEnum_Passing_InvalidValueInt_Returns_EnumCustomValue" />
    </UnitTest>
    <UnitTest name="ToMapList_Passing_Source_Type_And_Destination_Type_Returns_Destination_Object_List" storage="d:\sferrari\01_trabajo\repos\netcore\libs\template-netcore-shared\kitpymes.core.shared.tests\bin\debug\net7.0\kitpymes.core.shared.tests.dll" id="5843a874-eb34-48b0-8ce3-ef11ddf7cccc">
      <Execution id="a49a7c7a-14a7-4794-beff-f792f58b2c94" />
      <TestMethod codeBase="D:\SFERRARI\01_TRABAJO\repos\netcore\libs\template-netcore-shared\Kitpymes.Core.Shared.Tests\bin\Debug\net7.0\Kitpymes.Core.Shared.Tests.dll" adapterTypeName="executor://mstestadapter/v2" className="Kitpymes.Core.Shared.Tests.AgileMapperExtensionsTests" name="ToMapList_Passing_Source_Type_And_Destination_Type_Returns_Destination_Object_List" />
    </UnitTest>
    <UnitTest name="ToInt_Passing_InvalidValueString_Returns_Null (asdasdasdasd234324)" storage="d:\sferrari\01_trabajo\repos\netcore\libs\template-netcore-shared\kitpymes.core.shared.tests\bin\debug\net7.0\kitpymes.core.shared.tests.dll" id="f726ef6d-7e41-4e4c-8aa0-1fa57f32b582">
      <Execution id="aeb8c7be-ee7a-4004-85e9-60078c6d0613" />
      <TestMethod codeBase="D:\SFERRARI\01_TRABAJO\repos\netcore\libs\template-netcore-shared\Kitpymes.Core.Shared.Tests\bin\Debug\net7.0\Kitpymes.Core.Shared.Tests.dll" adapterTypeName="executor://mstestadapter/v2" className="Kitpymes.Core.Shared.Tests.StringExtensionsTests" name="ToInt_Passing_InvalidValueString_Returns_Null" />
    </UnitTest>
    <UnitTest name="ToContentType_Passing_ValidValueString_Returns_ContentType (xxxx.html,text/html)" storage="d:\sferrari\01_trabajo\repos\netcore\libs\template-netcore-shared\kitpymes.core.shared.tests\bin\debug\net7.0\kitpymes.core.shared.tests.dll" id="a44a3282-ff36-4d00-83bd-9b6a323a7626">
      <Execution id="80cb47ab-1bf1-4f6d-aa80-3e6f1290f26a" />
      <TestMethod codeBase="D:\SFERRARI\01_TRABAJO\repos\netcore\libs\template-netcore-shared\Kitpymes.Core.Shared.Tests\bin\Debug\net7.0\Kitpymes.Core.Shared.Tests.dll" adapterTypeName="executor://mstestadapter/v2" className="Kitpymes.Core.Shared.Tests.StringExtensionsTests" name="ToContentType_Passing_ValidValueString_Returns_ContentType" />
    </UnitTest>
    <UnitTest name="ToDefaultValue_Passing_ulong_Returns_Cero" storage="d:\sferrari\01_trabajo\repos\netcore\libs\template-netcore-shared\kitpymes.core.shared.tests\bin\debug\net7.0\kitpymes.core.shared.tests.dll" id="b94e18ff-5f11-4a45-9120-87cef6a0cfa9">
      <Execution id="fa4f2125-81b0-467d-84cd-f75dc6657ea7" />
      <TestMethod codeBase="D:\SFERRARI\01_TRABAJO\repos\netcore\libs\template-netcore-shared\Kitpymes.Core.Shared.Tests\bin\Debug\net7.0\Kitpymes.Core.Shared.Tests.dll" adapterTypeName="executor://mstestadapter/v2" className="Kitpymes.Core.Shared.Tests.GenericExtensionsTests" name="ToDefaultValue_Passing_ulong_Returns_Cero" />
    </UnitTest>
    <UnitTest name="ToUri_Passing_InvalidValueString_Returns_Null (http://?)" storage="d:\sferrari\01_trabajo\repos\netcore\libs\template-netcore-shared\kitpymes.core.shared.tests\bin\debug\net7.0\kitpymes.core.shared.tests.dll" id="15a8873c-6214-48f7-95f1-fd7ba317391c">
      <Execution id="21b80b8f-038f-41a2-a100-fac50842e911" />
      <TestMethod codeBase="D:\SFERRARI\01_TRABAJO\repos\netcore\libs\template-netcore-shared\Kitpymes.Core.Shared.Tests\bin\Debug\net7.0\Kitpymes.Core.Shared.Tests.dll" adapterTypeName="executor://mstestadapter/v2" className="Kitpymes.Core.Shared.Tests.StringExtensionsTests" name="ToUri_Passing_InvalidValueString_Returns_Null" />
    </UnitTest>
    <UnitTest name="ToDeserialize_Passing_String_Returns_Object" storage="d:\sferrari\01_trabajo\repos\netcore\libs\template-netcore-shared\kitpymes.core.shared.tests\bin\debug\net7.0\kitpymes.core.shared.tests.dll" id="45835dbf-f054-4188-afb3-230a3f3e9dd1">
      <Execution id="46da677f-3427-49fb-84c7-e85ee9463df3" />
      <TestMethod codeBase="D:\SFERRARI\01_TRABAJO\repos\netcore\libs\template-netcore-shared\Kitpymes.Core.Shared.Tests\bin\Debug\net7.0\Kitpymes.Core.Shared.Tests.dll" adapterTypeName="executor://mstestadapter/v2" className="Kitpymes.Core.Shared.Tests.JsonExtensionsTests" name="ToDeserialize_Passing_String_Returns_Object" />
    </UnitTest>
    <UnitTest name="ToRemove_Passing_ValidValue_Returns_ValueWithoutRemovedChars (aeiou,aeio,u)" storage="d:\sferrari\01_trabajo\repos\netcore\libs\template-netcore-shared\kitpymes.core.shared.tests\bin\debug\net7.0\kitpymes.core.shared.tests.dll" id="53cd776f-8780-4eab-a6df-55e1656e04e8">
      <Execution id="70316a95-c733-4d19-b9e9-61cc8be173bc" />
      <TestMethod codeBase="D:\SFERRARI\01_TRABAJO\repos\netcore\libs\template-netcore-shared\Kitpymes.Core.Shared.Tests\bin\Debug\net7.0\Kitpymes.Core.Shared.Tests.dll" adapterTypeName="executor://mstestadapter/v2" className="Kitpymes.Core.Shared.Tests.StringExtensionsTests" name="ToRemove_Passing_ValidValue_Returns_ValueWithoutRemovedChars" />
    </UnitTest>
    <UnitTest name="ToFormat_Passing_ValidValueFormatWithArguments_Returns_ValueWithFormat" storage="d:\sferrari\01_trabajo\repos\netcore\libs\template-netcore-shared\kitpymes.core.shared.tests\bin\debug\net7.0\kitpymes.core.shared.tests.dll" id="8edbbc9d-d9a7-4145-bcfb-db696a4f8c5d">
      <Execution id="2d7df8fc-669b-4138-964d-b805ebfeabc2" />
      <TestMethod codeBase="D:\SFERRARI\01_TRABAJO\repos\netcore\libs\template-netcore-shared\Kitpymes.Core.Shared.Tests\bin\Debug\net7.0\Kitpymes.Core.Shared.Tests.dll" adapterTypeName="executor://mstestadapter/v2" className="Kitpymes.Core.Shared.Tests.StringExtensionsTests" name="ToFormat_Passing_ValidValueFormatWithArguments_Returns_ValueWithFormat" />
    </UnitTest>
    <UnitTest name="ToFirstLetterLower_Passing_ValidValue_Returns_StringWithFirstLetterLower (aeiou,aeiou)" storage="d:\sferrari\01_trabajo\repos\netcore\libs\template-netcore-shared\kitpymes.core.shared.tests\bin\debug\net7.0\kitpymes.core.shared.tests.dll" id="ff114751-ec43-4082-81a7-a5dab62c54d0">
      <Execution id="e811de58-b5f1-4a44-8bbd-3e4e061c8a84" />
      <TestMethod codeBase="D:\SFERRARI\01_TRABAJO\repos\netcore\libs\template-netcore-shared\Kitpymes.Core.Shared.Tests\bin\Debug\net7.0\Kitpymes.Core.Shared.Tests.dll" adapterTypeName="executor://mstestadapter/v2" className="Kitpymes.Core.Shared.Tests.StringExtensionsTests" name="ToFirstLetterLower_Passing_ValidValue_Returns_StringWithFirstLetterLower" />
    </UnitTest>
    <UnitTest name="ToEndOfTheMonth_Passing_DateTime_Returns_End_Of_Month_DateTime" storage="d:\sferrari\01_trabajo\repos\netcore\libs\template-netcore-shared\kitpymes.core.shared.tests\bin\debug\net7.0\kitpymes.core.shared.tests.dll" id="e7139a42-bb2a-4318-bf00-3734211a02a4">
      <Execution id="02da74ae-d001-40a5-95b4-6b788bfe16f7" />
      <TestMethod codeBase="D:\SFERRARI\01_TRABAJO\repos\netcore\libs\template-netcore-shared\Kitpymes.Core.Shared.Tests\bin\Debug\net7.0\Kitpymes.Core.Shared.Tests.dll" adapterTypeName="executor://mstestadapter/v2" className="Kitpymes.Core.Shared.Tests.DateTimeExtensionsTests" name="ToEndOfTheMonth_Passing_DateTime_Returns_End_Of_Month_DateTime" />
    </UnitTest>
    <UnitTest name="ToDirectoryReadFileAsync_Passing_ValidValue_Returns_False" storage="d:\sferrari\01_trabajo\repos\netcore\libs\template-netcore-shared\kitpymes.core.shared.tests\bin\debug\net7.0\kitpymes.core.shared.tests.dll" id="2980aa28-bc23-42c5-95e8-b0bb64a6693a">
      <Execution id="ed71a72d-9378-495c-88dc-006181558eaa" />
      <TestMethod codeBase="D:\SFERRARI\01_TRABAJO\repos\netcore\libs\template-netcore-shared\Kitpymes.Core.Shared.Tests\bin\Debug\net7.0\Kitpymes.Core.Shared.Tests.dll" adapterTypeName="executor://mstestadapter/v2" className="Kitpymes.Core.Shared.Tests.StringExtensionsTests" name="ToDirectoryReadFileAsync_Passing_ValidValue_Returns_False" />
    </UnitTest>
    <UnitTest name="CreateRandom_WithDefaultAllowableCharacters_Passing_ValidArguments_Returns_String_Random_Value (5)" storage="d:\sferrari\01_trabajo\repos\netcore\libs\template-netcore-shared\kitpymes.core.shared.tests\bin\debug\net7.0\kitpymes.core.shared.tests.dll" id="80fa6182-31b8-4d74-b2a2-8bfe74fb4fcc">
      <Execution id="f42f8367-e23d-403e-90d7-ec471484875f" />
      <TestMethod codeBase="D:\SFERRARI\01_TRABAJO\repos\netcore\libs\template-netcore-shared\Kitpymes.Core.Shared.Tests\bin\Debug\net7.0\Kitpymes.Core.Shared.Tests.dll" adapterTypeName="executor://mstestadapter/v2" className="Kitpymes.Core.Shared.Tests.HashTests" name="CreateRandom_WithDefaultAllowableCharacters_Passing_ValidArguments_Returns_String_Random_Value" />
    </UnitTest>
    <UnitTest name="ToUri_Passing_InvalidValueString_Returns_DefaultValue (http://##)" storage="d:\sferrari\01_trabajo\repos\netcore\libs\template-netcore-shared\kitpymes.core.shared.tests\bin\debug\net7.0\kitpymes.core.shared.tests.dll" id="6e751e9a-ee86-4381-a159-e25c05780e41">
      <Execution id="761276f0-7316-4168-b217-8580dfbb574b" />
      <TestMethod codeBase="D:\SFERRARI\01_TRABAJO\repos\netcore\libs\template-netcore-shared\Kitpymes.Core.Shared.Tests\bin\Debug\net7.0\Kitpymes.Core.Shared.Tests.dll" adapterTypeName="executor://mstestadapter/v2" className="Kitpymes.Core.Shared.Tests.StringExtensionsTests" name="ToUri_Passing_InvalidValueString_Returns_DefaultValue" />
    </UnitTest>
    <UnitTest name="ToRemove_Passing_ValidValue_Returns_ValueWithoutRemovedChars (aeiou,ae,iou)" storage="d:\sferrari\01_trabajo\repos\netcore\libs\template-netcore-shared\kitpymes.core.shared.tests\bin\debug\net7.0\kitpymes.core.shared.tests.dll" id="606e8991-aa4d-48f1-9b60-0beae070fb18">
      <Execution id="88e3f8e6-ad7a-4f99-96db-ae0c6da33c3d" />
      <TestMethod codeBase="D:\SFERRARI\01_TRABAJO\repos\netcore\libs\template-netcore-shared\Kitpymes.Core.Shared.Tests\bin\Debug\net7.0\Kitpymes.Core.Shared.Tests.dll" adapterTypeName="executor://mstestadapter/v2" className="Kitpymes.Core.Shared.Tests.StringExtensionsTests" name="ToRemove_Passing_ValidValue_Returns_ValueWithoutRemovedChars" />
    </UnitTest>
    <UnitTest name="ToUri_Passing_ValidValueString_Returns_Uri (http://foo.com/blah_(wikipedia)_blah#cite-1)" storage="d:\sferrari\01_trabajo\repos\netcore\libs\template-netcore-shared\kitpymes.core.shared.tests\bin\debug\net7.0\kitpymes.core.shared.tests.dll" id="a7c43975-cddc-4f06-995e-d0792664fd67">
      <Execution id="31819177-f9f4-4a5a-a12a-a56a8d11eb7f" />
      <TestMethod codeBase="D:\SFERRARI\01_TRABAJO\repos\netcore\libs\template-netcore-shared\Kitpymes.Core.Shared.Tests\bin\Debug\net7.0\Kitpymes.Core.Shared.Tests.dll" adapterTypeName="executor://mstestadapter/v2" className="Kitpymes.Core.Shared.Tests.StringExtensionsTests" name="ToUri_Passing_ValidValueString_Returns_Uri" />
    </UnitTest>
    <UnitTest name="ToEmptyIfNull_Passing_Null_Collection_Returns_Empty_Collection" storage="d:\sferrari\01_trabajo\repos\netcore\libs\template-netcore-shared\kitpymes.core.shared.tests\bin\debug\net7.0\kitpymes.core.shared.tests.dll" id="d5b44d70-8dde-425b-867d-dfd29fccba07">
      <Execution id="f4219327-21f8-4c02-8052-2a92fcfd65e8" />
      <TestMethod codeBase="D:\SFERRARI\01_TRABAJO\repos\netcore\libs\template-netcore-shared\Kitpymes.Core.Shared.Tests\bin\Debug\net7.0\Kitpymes.Core.Shared.Tests.dll" adapterTypeName="executor://mstestadapter/v2" className="Kitpymes.Core.Shared.Tests.EnumerableExtensionsTests" name="ToEmptyIfNull_Passing_Null_Collection_Returns_Empty_Collection" />
    </UnitTest>
    <UnitTest name="ToUri_Passing_ValidValueString_Returns_Uri (http://142.42.1.1:8080/)" storage="d:\sferrari\01_trabajo\repos\netcore\libs\template-netcore-shared\kitpymes.core.shared.tests\bin\debug\net7.0\kitpymes.core.shared.tests.dll" id="ec4c1975-94c9-47f3-8dc4-1e4d79a885df">
      <Execution id="232e5206-7a0f-4a95-9dff-7ccd315d962a" />
      <TestMethod codeBase="D:\SFERRARI\01_TRABAJO\repos\netcore\libs\template-netcore-shared\Kitpymes.Core.Shared.Tests\bin\Debug\net7.0\Kitpymes.Core.Shared.Tests.dll" adapterTypeName="executor://mstestadapter/v2" className="Kitpymes.Core.Shared.Tests.StringExtensionsTests" name="ToUri_Passing_ValidValueString_Returns_Uri" />
    </UnitTest>
    <UnitTest name="CreateAndVerifySHA512_Passing_Valid_Arguments_Returns_True (sdlfkjldsfksdfñl·%$·&amp;$/U&amp;/)(&amp;()?=)¿?^P*^PÑL,.,.lñ´ñ+98098'098098)" storage="d:\sferrari\01_trabajo\repos\netcore\libs\template-netcore-shared\kitpymes.core.shared.tests\bin\debug\net7.0\kitpymes.core.shared.tests.dll" id="3e283746-936a-49a9-8136-f82b0db08a5f">
      <Execution id="8ea7203d-fc03-484a-965a-da892d1bacb6" />
      <TestMethod codeBase="D:\SFERRARI\01_TRABAJO\repos\netcore\libs\template-netcore-shared\Kitpymes.Core.Shared.Tests\bin\Debug\net7.0\Kitpymes.Core.Shared.Tests.dll" adapterTypeName="executor://mstestadapter/v2" className="Kitpymes.Core.Shared.Tests.HashTests" name="CreateAndVerifySHA512_Passing_Valid_Arguments_Returns_True" />
    </UnitTest>
    <UnitTest name="ToUri_Passing_ValidValueString_Returns_Uri (http://foo.com/(something)?after=parens)" storage="d:\sferrari\01_trabajo\repos\netcore\libs\template-netcore-shared\kitpymes.core.shared.tests\bin\debug\net7.0\kitpymes.core.shared.tests.dll" id="2b3fe2ce-df4c-4575-a925-db233a4578e0">
      <Execution id="219b6459-2444-4cca-b8ee-b0196c2d1d77" />
      <TestMethod codeBase="D:\SFERRARI\01_TRABAJO\repos\netcore\libs\template-netcore-shared\Kitpymes.Core.Shared.Tests\bin\Debug\net7.0\Kitpymes.Core.Shared.Tests.dll" adapterTypeName="executor://mstestadapter/v2" className="Kitpymes.Core.Shared.Tests.StringExtensionsTests" name="ToUri_Passing_ValidValueString_Returns_Uri" />
    </UnitTest>
    <UnitTest name="ToEnvironment_ServiceCollection_Passing_Development_Enviroment_Returns_Development_Name" storage="d:\sferrari\01_trabajo\repos\netcore\libs\template-netcore-shared\kitpymes.core.shared.tests\bin\debug\net7.0\kitpymes.core.shared.tests.dll" id="7e148103-83cb-40ae-b01c-4a709396f40c">
      <Execution id="688244dd-5348-4110-a47b-1786bcb341d9" />
      <TestMethod codeBase="D:\SFERRARI\01_TRABAJO\repos\netcore\libs\template-netcore-shared\Kitpymes.Core.Shared.Tests\bin\Debug\net7.0\Kitpymes.Core.Shared.Tests.dll" adapterTypeName="executor://mstestadapter/v2" className="Kitpymes.Core.Shared.Tests.ConfigurationBuilderExtensionsTests" name="ToEnvironment_ServiceCollection_Passing_Development_Enviroment_Returns_Development_Name" />
    </UnitTest>
    <UnitTest name="ToDefaultValue_Passing_byte_Returns_Cero" storage="d:\sferrari\01_trabajo\repos\netcore\libs\template-netcore-shared\kitpymes.core.shared.tests\bin\debug\net7.0\kitpymes.core.shared.tests.dll" id="53b1063f-a2fd-4d55-837e-27c304ff7ed9">
      <Execution id="1b1f6740-a78e-452d-b604-30e354c9d52e" />
      <TestMethod codeBase="D:\SFERRARI\01_TRABAJO\repos\netcore\libs\template-netcore-shared\Kitpymes.Core.Shared.Tests\bin\Debug\net7.0\Kitpymes.Core.Shared.Tests.dll" adapterTypeName="executor://mstestadapter/v2" className="Kitpymes.Core.Shared.Tests.GenericExtensionsTests" name="ToDefaultValue_Passing_byte_Returns_Cero" />
    </UnitTest>
    <UnitTest name="CreateAndVerifySHA512_Passing_Valid_Arguments_Returns_True (HashTests)" storage="d:\sferrari\01_trabajo\repos\netcore\libs\template-netcore-shared\kitpymes.core.shared.tests\bin\debug\net7.0\kitpymes.core.shared.tests.dll" id="df5e0ebd-08ee-4c3d-aa8a-259aaa6ea7cd">
      <Execution id="cae78a03-17a2-4fa4-8bbd-5f6b6c574335" />
      <TestMethod codeBase="D:\SFERRARI\01_TRABAJO\repos\netcore\libs\template-netcore-shared\Kitpymes.Core.Shared.Tests\bin\Debug\net7.0\Kitpymes.Core.Shared.Tests.dll" adapterTypeName="executor://mstestadapter/v2" className="Kitpymes.Core.Shared.Tests.HashTests" name="CreateAndVerifySHA512_Passing_Valid_Arguments_Returns_True" />
    </UnitTest>
    <UnitTest name="ToReplace_Passing_ValidValue_Returns_ReplacedValue (aeiou,*,0,2,**iou)" storage="d:\sferrari\01_trabajo\repos\netcore\libs\template-netcore-shared\kitpymes.core.shared.tests\bin\debug\net7.0\kitpymes.core.shared.tests.dll" id="32246525-2ebf-4328-93b0-8cdd1c483e3a">
      <Execution id="c872b651-737e-4525-a16e-313a0231550e" />
      <TestMethod codeBase="D:\SFERRARI\01_TRABAJO\repos\netcore\libs\template-netcore-shared\Kitpymes.Core.Shared.Tests\bin\Debug\net7.0\Kitpymes.Core.Shared.Tests.dll" adapterTypeName="executor://mstestadapter/v2" className="Kitpymes.Core.Shared.Tests.StringExtensionsTests" name="ToReplace_Passing_ValidValue_Returns_ReplacedValue" />
    </UnitTest>
    <UnitTest name="ToInt_Passing_InvalidValueString_Returns_Null (1,3333)" storage="d:\sferrari\01_trabajo\repos\netcore\libs\template-netcore-shared\kitpymes.core.shared.tests\bin\debug\net7.0\kitpymes.core.shared.tests.dll" id="eda73a4a-d93d-46e1-8fbe-80f8052639da">
      <Execution id="f10896af-2569-4459-8f45-c2c1db830f61" />
      <TestMethod codeBase="D:\SFERRARI\01_TRABAJO\repos\netcore\libs\template-netcore-shared\Kitpymes.Core.Shared.Tests\bin\Debug\net7.0\Kitpymes.Core.Shared.Tests.dll" adapterTypeName="executor://mstestadapter/v2" className="Kitpymes.Core.Shared.Tests.StringExtensionsTests" name="ToInt_Passing_InvalidValueString_Returns_Null" />
    </UnitTest>
    <UnitTest name="ToDirectorySaveFileAsync_Passing_ValidValue_Returns_False" storage="d:\sferrari\01_trabajo\repos\netcore\libs\template-netcore-shared\kitpymes.core.shared.tests\bin\debug\net7.0\kitpymes.core.shared.tests.dll" id="428ffa86-5271-457f-9921-3fbd5636f201">
      <Execution id="ea5839f9-3a2e-4a9c-90f2-407f8a7e4012" />
      <TestMethod codeBase="D:\SFERRARI\01_TRABAJO\repos\netcore\libs\template-netcore-shared\Kitpymes.Core.Shared.Tests\bin\Debug\net7.0\Kitpymes.Core.Shared.Tests.dll" adapterTypeName="executor://mstestadapter/v2" className="Kitpymes.Core.Shared.Tests.StringExtensionsTests" name="ToDirectorySaveFileAsync_Passing_ValidValue_Returns_False" />
    </UnitTest>
    <UnitTest name="ToUri_Passing_InvalidValueString_Returns_Null (http://##)" storage="d:\sferrari\01_trabajo\repos\netcore\libs\template-netcore-shared\kitpymes.core.shared.tests\bin\debug\net7.0\kitpymes.core.shared.tests.dll" id="adb48276-1a7a-46d3-b216-b5eefc75c9d0">
      <Execution id="f74ec1ad-d808-4ccd-8126-5350384759f3" />
      <TestMethod codeBase="D:\SFERRARI\01_TRABAJO\repos\netcore\libs\template-netcore-shared\Kitpymes.Core.Shared.Tests\bin\Debug\net7.0\Kitpymes.Core.Shared.Tests.dll" adapterTypeName="executor://mstestadapter/v2" className="Kitpymes.Core.Shared.Tests.StringExtensionsTests" name="ToUri_Passing_InvalidValueString_Returns_Null" />
    </UnitTest>
    <UnitTest name="ToRemove_Passing_ValidValue_Returns_ValueWithoutRemovedChars (aeiou,e,aiou)" storage="d:\sferrari\01_trabajo\repos\netcore\libs\template-netcore-shared\kitpymes.core.shared.tests\bin\debug\net7.0\kitpymes.core.shared.tests.dll" id="2e7d2014-08e0-4f55-91da-2e933c0713d0">
      <Execution id="adb367fe-5f0a-4587-99a1-57e8e96d1ff3" />
      <TestMethod codeBase="D:\SFERRARI\01_TRABAJO\repos\netcore\libs\template-netcore-shared\Kitpymes.Core.Shared.Tests\bin\Debug\net7.0\Kitpymes.Core.Shared.Tests.dll" adapterTypeName="executor://mstestadapter/v2" className="Kitpymes.Core.Shared.Tests.StringExtensionsTests" name="ToRemove_Passing_ValidValue_Returns_ValueWithoutRemovedChars" />
    </UnitTest>
    <UnitTest name="ToUri_Passing_ValidValueString_Returns_Uri (http://⌘.ws/)" storage="d:\sferrari\01_trabajo\repos\netcore\libs\template-netcore-shared\kitpymes.core.shared.tests\bin\debug\net7.0\kitpymes.core.shared.tests.dll" id="a0ba1dcc-ba5f-458e-8ca7-e6dccc532687">
      <Execution id="c6a878d1-d473-429b-b6df-8cf98948e2f1" />
      <TestMethod codeBase="D:\SFERRARI\01_TRABAJO\repos\netcore\libs\template-netcore-shared\Kitpymes.Core.Shared.Tests\bin\Debug\net7.0\Kitpymes.Core.Shared.Tests.dll" adapterTypeName="executor://mstestadapter/v2" className="Kitpymes.Core.Shared.Tests.StringExtensionsTests" name="ToUri_Passing_ValidValueString_Returns_Uri" />
    </UnitTest>
    <UnitTest name="ToReplaceSpecialChars_Passing_ValidValue_Returns_ReplacedValueWithoutIgnoreSpecialChars ( àáäâ ãøçħ , aaaa aoch )" storage="d:\sferrari\01_trabajo\repos\netcore\libs\template-netcore-shared\kitpymes.core.shared.tests\bin\debug\net7.0\kitpymes.core.shared.tests.dll" id="66dace78-7e48-4889-a49e-a2d1970ac281">
      <Execution id="a2eff562-908f-40e5-83cb-edb42e94823b" />
      <TestMethod codeBase="D:\SFERRARI\01_TRABAJO\repos\netcore\libs\template-netcore-shared\Kitpymes.Core.Shared.Tests\bin\Debug\net7.0\Kitpymes.Core.Shared.Tests.dll" adapterTypeName="executor://mstestadapter/v2" className="Kitpymes.Core.Shared.Tests.StringExtensionsTests" name="ToReplaceSpecialChars_Passing_ValidValue_Returns_ReplacedValueWithoutIgnoreSpecialChars" />
    </UnitTest>
    <UnitTest name="ToEnum_Passing_ValidValueInt_Returns_EnumValue" storage="d:\sferrari\01_trabajo\repos\netcore\libs\template-netcore-shared\kitpymes.core.shared.tests\bin\debug\net7.0\kitpymes.core.shared.tests.dll" id="f1355aac-b9ca-4bf8-b137-f1db45ae2d47">
      <Execution id="9b489794-56ab-4f0a-9d6d-d9aa2031187d" />
      <TestMethod codeBase="D:\SFERRARI\01_TRABAJO\repos\netcore\libs\template-netcore-shared\Kitpymes.Core.Shared.Tests\bin\Debug\net7.0\Kitpymes.Core.Shared.Tests.dll" adapterTypeName="executor://mstestadapter/v2" className="Kitpymes.Core.Shared.Tests.StringExtensionsTests" name="ToEnum_Passing_ValidValueInt_Returns_EnumValue" />
    </UnitTest>
    <UnitTest name="ToService_Passing_Service_Not_Found_Returns_Null" storage="d:\sferrari\01_trabajo\repos\netcore\libs\template-netcore-shared\kitpymes.core.shared.tests\bin\debug\net7.0\kitpymes.core.shared.tests.dll" id="120bf58a-7805-4e74-b650-c0f780a4034d">
      <Execution id="e1bd27fe-8a91-4c9f-bdc7-3b39c973649d" />
      <TestMethod codeBase="D:\SFERRARI\01_TRABAJO\repos\netcore\libs\template-netcore-shared\Kitpymes.Core.Shared.Tests\bin\Debug\net7.0\Kitpymes.Core.Shared.Tests.dll" adapterTypeName="executor://mstestadapter/v2" className="Kitpymes.Core.Shared.Tests.ApplicationBuilderExtensionsTests" name="ToService_Passing_Service_Not_Found_Returns_Null" />
    </UnitTest>
    <UnitTest name="ToFullMessage_Passing_ExceptionWithMessageWithInnerException_Returns_MessageAndInnerException" storage="d:\sferrari\01_trabajo\repos\netcore\libs\template-netcore-shared\kitpymes.core.shared.tests\bin\debug\net7.0\kitpymes.core.shared.tests.dll" id="d03fb3b4-c1aa-4316-8325-e8d2393a0eee">
      <Execution id="031c66da-4b1d-48fd-b661-665e0042b6f0" />
      <TestMethod codeBase="D:\SFERRARI\01_TRABAJO\repos\netcore\libs\template-netcore-shared\Kitpymes.Core.Shared.Tests\bin\Debug\net7.0\Kitpymes.Core.Shared.Tests.dll" adapterTypeName="executor://mstestadapter/v2" className="Kitpymes.Core.Shared.Tests.ExceptionExtensionsTests" name="ToFullMessage_Passing_ExceptionWithMessageWithInnerException_Returns_MessageAndInnerException" />
    </UnitTest>
    <UnitTest name="ToUri_Passing_ValidValueString_Returns_Uri (http://foo.com/unicode_(✪)_in_parens)" storage="d:\sferrari\01_trabajo\repos\netcore\libs\template-netcore-shared\kitpymes.core.shared.tests\bin\debug\net7.0\kitpymes.core.shared.tests.dll" id="8557721d-7cfd-491f-aaeb-6efbf1a86cba">
      <Execution id="a84044bf-eedd-4f53-b19c-8b5f4837d06c" />
      <TestMethod codeBase="D:\SFERRARI\01_TRABAJO\repos\netcore\libs\template-netcore-shared\Kitpymes.Core.Shared.Tests\bin\Debug\net7.0\Kitpymes.Core.Shared.Tests.dll" adapterTypeName="executor://mstestadapter/v2" className="Kitpymes.Core.Shared.Tests.StringExtensionsTests" name="ToUri_Passing_ValidValueString_Returns_Uri" />
    </UnitTest>
    <UnitTest name="ToEmailMaskUserNameAndDomain_Passing_ValidEmail_Returns_EmailWithMask (qazwsxedc@gmailgmail.com,q*******c@g********l.com)" storage="d:\sferrari\01_trabajo\repos\netcore\libs\template-netcore-shared\kitpymes.core.shared.tests\bin\debug\net7.0\kitpymes.core.shared.tests.dll" id="c68d8cb4-04ee-41dd-946e-d69c3378453d">
      <Execution id="d854f17d-b87b-48f5-a562-162127aa4c52" />
      <TestMethod codeBase="D:\SFERRARI\01_TRABAJO\repos\netcore\libs\template-netcore-shared\Kitpymes.Core.Shared.Tests\bin\Debug\net7.0\Kitpymes.Core.Shared.Tests.dll" adapterTypeName="executor://mstestadapter/v2" className="Kitpymes.Core.Shared.Tests.StringExtensionsTests" name="ToEmailMaskUserNameAndDomain_Passing_ValidEmail_Returns_EmailWithMask" />
    </UnitTest>
    <UnitTest name="ToPaged_Passing_Age_Descending_Order_Returns_Filter_List" storage="d:\sferrari\01_trabajo\repos\netcore\libs\template-netcore-shared\kitpymes.core.shared.tests\bin\debug\net7.0\kitpymes.core.shared.tests.dll" id="ea45e521-554c-496f-8d8b-40c04d43cafe">
      <Execution id="513fa005-6379-4662-b4d6-3679c76455c5" />
      <TestMethod codeBase="D:\SFERRARI\01_TRABAJO\repos\netcore\libs\template-netcore-shared\Kitpymes.Core.Shared.Tests\bin\Debug\net7.0\Kitpymes.Core.Shared.Tests.dll" adapterTypeName="executor://mstestadapter/v2" className="Kitpymes.Core.Shared.Tests.QueryableExtensionsTests" name="ToPaged_Passing_Age_Descending_Order_Returns_Filter_List" />
    </UnitTest>
    <UnitTest name="ToNormalize_Passing_ValidValue_Returns_NormalizedValue (ÀÁÄÂÃ,AAAAA)" storage="d:\sferrari\01_trabajo\repos\netcore\libs\template-netcore-shared\kitpymes.core.shared.tests\bin\debug\net7.0\kitpymes.core.shared.tests.dll" id="fcc466d1-24d8-4b91-b10a-19e9cc6755b6">
      <Execution id="aa754a1e-276c-4ccd-b431-c36024a6102c" />
      <TestMethod codeBase="D:\SFERRARI\01_TRABAJO\repos\netcore\libs\template-netcore-shared\Kitpymes.Core.Shared.Tests\bin\Debug\net7.0\Kitpymes.Core.Shared.Tests.dll" adapterTypeName="executor://mstestadapter/v2" className="Kitpymes.Core.Shared.Tests.StringExtensionsTests" name="ToNormalize_Passing_ValidValue_Returns_NormalizedValue" />
    </UnitTest>
    <UnitTest name="GetValues_Passing_Valid_Key_Returns_Values" storage="d:\sferrari\01_trabajo\repos\netcore\libs\template-netcore-shared\kitpymes.core.shared.tests\bin\debug\net7.0\kitpymes.core.shared.tests.dll" id="9601ad15-c7c8-438c-93cc-65952e327d73">
      <Execution id="1821de1c-65f8-44a7-a6be-8269af0cbb7d" />
      <TestMethod codeBase="D:\SFERRARI\01_TRABAJO\repos\netcore\libs\template-netcore-shared\Kitpymes.Core.Shared.Tests\bin\Debug\net7.0\Kitpymes.Core.Shared.Tests.dll" adapterTypeName="executor://mstestadapter/v2" className="Kitpymes.Core.Shared.Tests.DictionaryExtensionsTests" name="GetValues_Passing_Valid_Key_Returns_Values" />
    </UnitTest>
    <UnitTest name="ToUri_Passing_ValidValueString_Returns_Uri (//foo.com/blah_blah/p=5)" storage="d:\sferrari\01_trabajo\repos\netcore\libs\template-netcore-shared\kitpymes.core.shared.tests\bin\debug\net7.0\kitpymes.core.shared.tests.dll" id="79512487-9552-45ea-9451-a10dbd49e6b6">
      <Execution id="ece4d4cb-e9ef-4186-bd08-c7830146ab6e" />
      <TestMethod codeBase="D:\SFERRARI\01_TRABAJO\repos\netcore\libs\template-netcore-shared\Kitpymes.Core.Shared.Tests\bin\Debug\net7.0\Kitpymes.Core.Shared.Tests.dll" adapterTypeName="executor://mstestadapter/v2" className="Kitpymes.Core.Shared.Tests.StringExtensionsTests" name="ToUri_Passing_ValidValueString_Returns_Uri" />
    </UnitTest>
    <UnitTest name="ToEnvironment_Passing_Development_Enviroment_Returns_Development_Name" storage="d:\sferrari\01_trabajo\repos\netcore\libs\template-netcore-shared\kitpymes.core.shared.tests\bin\debug\net7.0\kitpymes.core.shared.tests.dll" id="044698c1-3d3b-461f-aafc-61347b787093">
      <Execution id="d3c2381c-40fb-42b6-ae6f-45e31902469a" />
      <TestMethod codeBase="D:\SFERRARI\01_TRABAJO\repos\netcore\libs\template-netcore-shared\Kitpymes.Core.Shared.Tests\bin\Debug\net7.0\Kitpymes.Core.Shared.Tests.dll" adapterTypeName="executor://mstestadapter/v2" className="Kitpymes.Core.Shared.Tests.ApplicationBuilderExtensionsTests" name="ToEnvironment_Passing_Development_Enviroment_Returns_Development_Name" />
    </UnitTest>
    <UnitTest name="ResultBadRequest_WithErrors_KeyValue" storage="d:\sferrari\01_trabajo\repos\netcore\libs\template-netcore-shared\kitpymes.core.shared.tests\bin\debug\net7.0\kitpymes.core.shared.tests.dll" id="52a119f7-b526-4b2f-8c6c-2f5f1ab2fe4d">
      <Execution id="69a82ede-32a1-4168-a3f1-807a9efc6741" />
      <TestMethod codeBase="D:\SFERRARI\01_TRABAJO\repos\netcore\libs\template-netcore-shared\Kitpymes.Core.Shared.Tests\bin\Debug\net7.0\Kitpymes.Core.Shared.Tests.dll" adapterTypeName="executor://mstestadapter/v2" className="Kitpymes.Core.Shared.Tests.ResultTest" name="ResultBadRequest_WithErrors_KeyValue" />
    </UnitTest>
    <UnitTest name="ToUri_Passing_ValidValueString_Returns_Uri (https://foo.com/blah_blah/)" storage="d:\sferrari\01_trabajo\repos\netcore\libs\template-netcore-shared\kitpymes.core.shared.tests\bin\debug\net7.0\kitpymes.core.shared.tests.dll" id="44a46431-420b-438e-9068-1657488c2c88">
      <Execution id="263bd39c-5d8f-4fc5-9d32-2a98d33e0fa4" />
      <TestMethod codeBase="D:\SFERRARI\01_TRABAJO\repos\netcore\libs\template-netcore-shared\Kitpymes.Core.Shared.Tests\bin\Debug\net7.0\Kitpymes.Core.Shared.Tests.dll" adapterTypeName="executor://mstestadapter/v2" className="Kitpymes.Core.Shared.Tests.StringExtensionsTests" name="ToUri_Passing_ValidValueString_Returns_Uri" />
    </UnitTest>
    <UnitTest name="CreateSHA512_Passing_Invalid_Arguments_Returns_ApplicationException ( )" storage="d:\sferrari\01_trabajo\repos\netcore\libs\template-netcore-shared\kitpymes.core.shared.tests\bin\debug\net7.0\kitpymes.core.shared.tests.dll" id="d49aa214-0c8a-48bf-bb06-d2b818898303">
      <Execution id="ffda15f3-6401-4830-a962-7f6806ae1fdb" />
      <TestMethod codeBase="D:\SFERRARI\01_TRABAJO\repos\netcore\libs\template-netcore-shared\Kitpymes.Core.Shared.Tests\bin\Debug\net7.0\Kitpymes.Core.Shared.Tests.dll" adapterTypeName="executor://mstestadapter/v2" className="Kitpymes.Core.Shared.Tests.HashTests" name="CreateSHA512_Passing_Invalid_Arguments_Returns_ApplicationException" />
    </UnitTest>
    <UnitTest name="ToUri_Passing_ValidValueString_Returns_Uri (http://✪df.ws/123)" storage="d:\sferrari\01_trabajo\repos\netcore\libs\template-netcore-shared\kitpymes.core.shared.tests\bin\debug\net7.0\kitpymes.core.shared.tests.dll" id="fee074aa-1488-4e0e-a027-b2faf1c855f1">
      <Execution id="1a9ce61b-d61d-4f67-89ae-aa6ec29a6fff" />
      <TestMethod codeBase="D:\SFERRARI\01_TRABAJO\repos\netcore\libs\template-netcore-shared\Kitpymes.Core.Shared.Tests\bin\Debug\net7.0\Kitpymes.Core.Shared.Tests.dll" adapterTypeName="executor://mstestadapter/v2" className="Kitpymes.Core.Shared.Tests.StringExtensionsTests" name="ToUri_Passing_ValidValueString_Returns_Uri" />
    </UnitTest>
    <UnitTest name="ToTryContentType_Passing_HttpRequestWithContentType_Value_Returns_ContentType_String_Value" storage="d:\sferrari\01_trabajo\repos\netcore\libs\template-netcore-shared\kitpymes.core.shared.tests\bin\debug\net7.0\kitpymes.core.shared.tests.dll" id="9c7b9822-cc29-410e-bd59-1ee668bc91ff">
      <Execution id="d0cdba94-68bd-44a9-bce0-6a836136832c" />
      <TestMethod codeBase="D:\SFERRARI\01_TRABAJO\repos\netcore\libs\template-netcore-shared\Kitpymes.Core.Shared.Tests\bin\Debug\net7.0\Kitpymes.Core.Shared.Tests.dll" adapterTypeName="executor://mstestadapter/v2" className="Kitpymes.Core.Shared.Tests.HttpRequestExtensionsTests" name="ToTryContentType_Passing_HttpRequestWithContentType_Value_Returns_ContentType_String_Value" />
    </UnitTest>
    <UnitTest name="ToUri_Passing_ValidValueString_Returns_Uri (http://1337.net)" storage="d:\sferrari\01_trabajo\repos\netcore\libs\template-netcore-shared\kitpymes.core.shared.tests\bin\debug\net7.0\kitpymes.core.shared.tests.dll" id="ea944d90-cec2-4712-ad70-eee867517249">
      <Execution id="0a0853d2-5793-44e6-a6ae-ec28ffb780f2" />
      <TestMethod codeBase="D:\SFERRARI\01_TRABAJO\repos\netcore\libs\template-netcore-shared\Kitpymes.Core.Shared.Tests\bin\Debug\net7.0\Kitpymes.Core.Shared.Tests.dll" adapterTypeName="executor://mstestadapter/v2" className="Kitpymes.Core.Shared.Tests.StringExtensionsTests" name="ToUri_Passing_ValidValueString_Returns_Uri" />
    </UnitTest>
    <UnitTest name="ToYesterday_Passing_DateTime_Returns_Yesterday_DateTime" storage="d:\sferrari\01_trabajo\repos\netcore\libs\template-netcore-shared\kitpymes.core.shared.tests\bin\debug\net7.0\kitpymes.core.shared.tests.dll" id="4c31f238-7507-45d0-b91f-bca7b9b952c1">
      <Execution id="51adb3a8-f2d7-49d5-85af-2303987c1ea2" />
      <TestMethod codeBase="D:\SFERRARI\01_TRABAJO\repos\netcore\libs\template-netcore-shared\Kitpymes.Core.Shared.Tests\bin\Debug\net7.0\Kitpymes.Core.Shared.Tests.dll" adapterTypeName="executor://mstestadapter/v2" className="Kitpymes.Core.Shared.Tests.DateTimeExtensionsTests" name="ToYesterday_Passing_DateTime_Returns_Yesterday_DateTime" />
    </UnitTest>
    <UnitTest name="ToUri_Passing_InvalidValueString_Returns_DefaultValue (http://..)" storage="d:\sferrari\01_trabajo\repos\netcore\libs\template-netcore-shared\kitpymes.core.shared.tests\bin\debug\net7.0\kitpymes.core.shared.tests.dll" id="ec17f4c9-ebc4-4433-a462-4d8e404ce296">
      <Execution id="a874c315-c59a-4acd-9949-605d3b91c794" />
      <TestMethod codeBase="D:\SFERRARI\01_TRABAJO\repos\netcore\libs\template-netcore-shared\Kitpymes.Core.Shared.Tests\bin\Debug\net7.0\Kitpymes.Core.Shared.Tests.dll" adapterTypeName="executor://mstestadapter/v2" className="Kitpymes.Core.Shared.Tests.StringExtensionsTests" name="ToUri_Passing_InvalidValueString_Returns_DefaultValue" />
    </UnitTest>
    <UnitTest name="ToEmailMaskUserName_Passing_ValidEmail_Returns_EmailWithMask (qazwsxedc@gmail.com,q*******c@gmail.com)" storage="d:\sferrari\01_trabajo\repos\netcore\libs\template-netcore-shared\kitpymes.core.shared.tests\bin\debug\net7.0\kitpymes.core.shared.tests.dll" id="8e570134-2f61-4ef1-bad1-bfa55b4c3427">
      <Execution id="e69fe24b-eb47-4088-a3fb-80db3db00fae" />
      <TestMethod codeBase="D:\SFERRARI\01_TRABAJO\repos\netcore\libs\template-netcore-shared\Kitpymes.Core.Shared.Tests\bin\Debug\net7.0\Kitpymes.Core.Shared.Tests.dll" adapterTypeName="executor://mstestadapter/v2" className="Kitpymes.Core.Shared.Tests.StringExtensionsTests" name="ToEmailMaskUserName_Passing_ValidEmail_Returns_EmailWithMask" />
    </UnitTest>
    <UnitTest name="ToUri_Passing_InvalidValueString_Returns_Null (http://..)" storage="d:\sferrari\01_trabajo\repos\netcore\libs\template-netcore-shared\kitpymes.core.shared.tests\bin\debug\net7.0\kitpymes.core.shared.tests.dll" id="7044814a-3a31-4e53-a8a7-5a2a244a7a07">
      <Execution id="2a737b2c-a53a-4049-9b17-ada80c248f07" />
      <TestMethod codeBase="D:\SFERRARI\01_TRABAJO\repos\netcore\libs\template-netcore-shared\Kitpymes.Core.Shared.Tests\bin\Debug\net7.0\Kitpymes.Core.Shared.Tests.dll" adapterTypeName="executor://mstestadapter/v2" className="Kitpymes.Core.Shared.Tests.StringExtensionsTests" name="ToUri_Passing_InvalidValueString_Returns_Null" />
    </UnitTest>
    <UnitTest name="ToUri_Passing_ValidValueString_Returns_Uri (http://code.google.com/events/#&amp;product=browser)" storage="d:\sferrari\01_trabajo\repos\netcore\libs\template-netcore-shared\kitpymes.core.shared.tests\bin\debug\net7.0\kitpymes.core.shared.tests.dll" id="0b866da3-98cd-4ecb-80d8-9432d246416e">
      <Execution id="ed9e1d78-7942-4e0e-afe5-23695ce28e6a" />
      <TestMethod codeBase="D:\SFERRARI\01_TRABAJO\repos\netcore\libs\template-netcore-shared\Kitpymes.Core.Shared.Tests\bin\Debug\net7.0\Kitpymes.Core.Shared.Tests.dll" adapterTypeName="executor://mstestadapter/v2" className="Kitpymes.Core.Shared.Tests.StringExtensionsTests" name="ToUri_Passing_ValidValueString_Returns_Uri" />
    </UnitTest>
    <UnitTest name="ToUri_Passing_ValidValueString_Returns_Uri (http://-.~_!$&amp;'()*+,;=:%40:80%2f::::::@example.com)" storage="d:\sferrari\01_trabajo\repos\netcore\libs\template-netcore-shared\kitpymes.core.shared.tests\bin\debug\net7.0\kitpymes.core.shared.tests.dll" id="426683cd-e25f-4868-b044-451438bdc9d5">
      <Execution id="763082fa-304c-41b1-bbdd-6f396e782c8b" />
      <TestMethod codeBase="D:\SFERRARI\01_TRABAJO\repos\netcore\libs\template-netcore-shared\Kitpymes.Core.Shared.Tests\bin\Debug\net7.0\Kitpymes.Core.Shared.Tests.dll" adapterTypeName="executor://mstestadapter/v2" className="Kitpymes.Core.Shared.Tests.StringExtensionsTests" name="ToUri_Passing_ValidValueString_Returns_Uri" />
    </UnitTest>
    <UnitTest name="ToInt_Passing_InvalidValueString_Returns_DefaultValue (1.333,39)" storage="d:\sferrari\01_trabajo\repos\netcore\libs\template-netcore-shared\kitpymes.core.shared.tests\bin\debug\net7.0\kitpymes.core.shared.tests.dll" id="12a5678d-cbef-43d8-bd1e-255529266437">
      <Execution id="61b0bad9-08ec-458a-8439-ace4275bb7d3" />
      <TestMethod codeBase="D:\SFERRARI\01_TRABAJO\repos\netcore\libs\template-netcore-shared\Kitpymes.Core.Shared.Tests\bin\Debug\net7.0\Kitpymes.Core.Shared.Tests.dll" adapterTypeName="executor://mstestadapter/v2" className="Kitpymes.Core.Shared.Tests.StringExtensionsTests" name="ToInt_Passing_InvalidValueString_Returns_DefaultValue" />
    </UnitTest>
    <UnitTest name="ToEnum_Passing_InvalidValueString_Returns_EnumCustomValue" storage="d:\sferrari\01_trabajo\repos\netcore\libs\template-netcore-shared\kitpymes.core.shared.tests\bin\debug\net7.0\kitpymes.core.shared.tests.dll" id="5392ef9b-625f-42ed-b8a4-b383cac67603">
      <Execution id="aa28f5ea-1f49-43e6-8f39-ecf6f4eb8e1d" />
      <TestMethod codeBase="D:\SFERRARI\01_TRABAJO\repos\netcore\libs\template-netcore-shared\Kitpymes.Core.Shared.Tests\bin\Debug\net7.0\Kitpymes.Core.Shared.Tests.dll" adapterTypeName="executor://mstestadapter/v2" className="Kitpymes.Core.Shared.Tests.StringExtensionsTests" name="ToEnum_Passing_InvalidValueString_Returns_EnumCustomValue" />
    </UnitTest>
    <UnitTest name="ToNormalize_Passing_ValidValue_Returns_NormalizedValue (èéëê,eeee)" storage="d:\sferrari\01_trabajo\repos\netcore\libs\template-netcore-shared\kitpymes.core.shared.tests\bin\debug\net7.0\kitpymes.core.shared.tests.dll" id="406bc879-808f-46a7-bd20-9b34872bef60">
      <Execution id="3eef5ecb-fb79-40e2-8b23-994a3f3e2ad7" />
      <TestMethod codeBase="D:\SFERRARI\01_TRABAJO\repos\netcore\libs\template-netcore-shared\Kitpymes.Core.Shared.Tests\bin\Debug\net7.0\Kitpymes.Core.Shared.Tests.dll" adapterTypeName="executor://mstestadapter/v2" className="Kitpymes.Core.Shared.Tests.StringExtensionsTests" name="ToNormalize_Passing_ValidValue_Returns_NormalizedValue" />
    </UnitTest>
    <UnitTest name="ToStringFormat_Passing_ValidValue_Returns_ValueWithoutRemovedChars (0)" storage="d:\sferrari\01_trabajo\repos\netcore\libs\template-netcore-shared\kitpymes.core.shared.tests\bin\debug\net7.0\kitpymes.core.shared.tests.dll" id="83b0eae2-ae2a-47de-b72f-7d953194e189">
      <Execution id="bc7afb80-59d6-4028-815c-ebaeb8108f58" />
      <TestMethod codeBase="D:\SFERRARI\01_TRABAJO\repos\netcore\libs\template-netcore-shared\Kitpymes.Core.Shared.Tests\bin\Debug\net7.0\Kitpymes.Core.Shared.Tests.dll" adapterTypeName="executor://mstestadapter/v2" className="Kitpymes.Core.Shared.Tests.IntegerExtensionsTests" name="ToStringFormat_Passing_ValidValue_Returns_ValueWithoutRemovedChars" />
    </UnitTest>
    <UnitTest name="ThrowIf_Passing_InvalidValue_Returns_ApplicationExceptionWithMessage" storage="d:\sferrari\01_trabajo\repos\netcore\libs\template-netcore-shared\kitpymes.core.shared.tests\bin\debug\net7.0\kitpymes.core.shared.tests.dll" id="48c5545c-b533-4c6a-a101-1ce4b7d6817f">
      <Execution id="81926aee-5175-46b1-8d5e-466496d6b774" />
      <TestMethod codeBase="D:\SFERRARI\01_TRABAJO\repos\netcore\libs\template-netcore-shared\Kitpymes.Core.Shared.Tests\bin\Debug\net7.0\Kitpymes.Core.Shared.Tests.dll" adapterTypeName="executor://mstestadapter/v2" className="Kitpymes.Core.Shared.Tests.VerifyExtensionsTests" name="ThrowIf_Passing_InvalidValue_Returns_ApplicationExceptionWithMessage" />
    </UnitTest>
    <UnitTest name="ToReplace_Passing_ValidValue_Returns_ReplacedValue (aeiou,*,0,4,****u)" storage="d:\sferrari\01_trabajo\repos\netcore\libs\template-netcore-shared\kitpymes.core.shared.tests\bin\debug\net7.0\kitpymes.core.shared.tests.dll" id="3c74ef05-c0cf-403a-b5a8-24642dc411e1">
      <Execution id="375a30c2-3f03-4cd4-90be-225d23b77070" />
      <TestMethod codeBase="D:\SFERRARI\01_TRABAJO\repos\netcore\libs\template-netcore-shared\Kitpymes.Core.Shared.Tests\bin\Debug\net7.0\Kitpymes.Core.Shared.Tests.dll" adapterTypeName="executor://mstestadapter/v2" className="Kitpymes.Core.Shared.Tests.StringExtensionsTests" name="ToReplace_Passing_ValidValue_Returns_ReplacedValue" />
    </UnitTest>
    <UnitTest name="ToReplaceSpecialChars_Passing_ValidValue_Returns_ReplacedValueWithoutIgnoreSpecialChars ( * ¨ ^ _ : - ? ¿ ; ,          )" storage="d:\sferrari\01_trabajo\repos\netcore\libs\template-netcore-shared\kitpymes.core.shared.tests\bin\debug\net7.0\kitpymes.core.shared.tests.dll" id="db423d63-e81a-4aed-9f02-89320cc1ceee">
      <Execution id="a869583e-b088-47eb-b89a-ed627616eb13" />
      <TestMethod codeBase="D:\SFERRARI\01_TRABAJO\repos\netcore\libs\template-netcore-shared\Kitpymes.Core.Shared.Tests\bin\Debug\net7.0\Kitpymes.Core.Shared.Tests.dll" adapterTypeName="executor://mstestadapter/v2" className="Kitpymes.Core.Shared.Tests.StringExtensionsTests" name="ToReplaceSpecialChars_Passing_ValidValue_Returns_ReplacedValueWithoutIgnoreSpecialChars" />
    </UnitTest>
    <UnitTest name="ToUri_Passing_InvalidValueString_Returns_Null (http://??/)" storage="d:\sferrari\01_trabajo\repos\netcore\libs\template-netcore-shared\kitpymes.core.shared.tests\bin\debug\net7.0\kitpymes.core.shared.tests.dll" id="ecfc3229-6b50-4c1a-a894-503d0fdf5372">
      <Execution id="470fa488-0bac-4384-8c97-1d078a3d2b64" />
      <TestMethod codeBase="D:\SFERRARI\01_TRABAJO\repos\netcore\libs\template-netcore-shared\Kitpymes.Core.Shared.Tests\bin\Debug\net7.0\Kitpymes.Core.Shared.Tests.dll" adapterTypeName="executor://mstestadapter/v2" className="Kitpymes.Core.Shared.Tests.StringExtensionsTests" name="ToUri_Passing_InvalidValueString_Returns_Null" />
    </UnitTest>
    <UnitTest name="ToUri_Passing_InvalidValueString_Returns_Null (http://../)" storage="d:\sferrari\01_trabajo\repos\netcore\libs\template-netcore-shared\kitpymes.core.shared.tests\bin\debug\net7.0\kitpymes.core.shared.tests.dll" id="27743a09-f1f2-449e-87fc-d891f68996a0">
      <Execution id="0820d560-2a7c-4962-bcad-7f21ef315780" />
      <TestMethod codeBase="D:\SFERRARI\01_TRABAJO\repos\netcore\libs\template-netcore-shared\Kitpymes.Core.Shared.Tests\bin\Debug\net7.0\Kitpymes.Core.Shared.Tests.dll" adapterTypeName="executor://mstestadapter/v2" className="Kitpymes.Core.Shared.Tests.StringExtensionsTests" name="ToUri_Passing_InvalidValueString_Returns_Null" />
    </UnitTest>
    <UnitTest name="ToHeader_Passing_HttpRequest_Header_Many_Values_Returns_Values" storage="d:\sferrari\01_trabajo\repos\netcore\libs\template-netcore-shared\kitpymes.core.shared.tests\bin\debug\net7.0\kitpymes.core.shared.tests.dll" id="7d2ebf5d-5bba-4e92-9fe1-d968e99a2546">
      <Execution id="02f6dd8e-8929-4b8d-85f9-84db485221b5" />
      <TestMethod codeBase="D:\SFERRARI\01_TRABAJO\repos\netcore\libs\template-netcore-shared\Kitpymes.Core.Shared.Tests\bin\Debug\net7.0\Kitpymes.Core.Shared.Tests.dll" adapterTypeName="executor://mstestadapter/v2" className="Kitpymes.Core.Shared.Tests.HttpRequestExtensionsTests" name="ToHeader_Passing_HttpRequest_Header_Many_Values_Returns_Values" />
    </UnitTest>
    <UnitTest name="ToIsAuthenticated_Passing_Claims_Returns_True" storage="d:\sferrari\01_trabajo\repos\netcore\libs\template-netcore-shared\kitpymes.core.shared.tests\bin\debug\net7.0\kitpymes.core.shared.tests.dll" id="9751dc6c-ad08-42d4-828d-5a349caac043">
      <Execution id="69891a64-d5d9-4de5-ac2e-2a5faea7a468" />
      <TestMethod codeBase="D:\SFERRARI\01_TRABAJO\repos\netcore\libs\template-netcore-shared\Kitpymes.Core.Shared.Tests\bin\Debug\net7.0\Kitpymes.Core.Shared.Tests.dll" adapterTypeName="executor://mstestadapter/v2" className="Kitpymes.Core.Shared.Tests.ClaimsPrincipalExtensionsTests" name="ToIsAuthenticated_Passing_Claims_Returns_True" />
    </UnitTest>
    <UnitTest name="ToValues_Passing_ValidEnumType_Returns_ValuesListString" storage="d:\sferrari\01_trabajo\repos\netcore\libs\template-netcore-shared\kitpymes.core.shared.tests\bin\debug\net7.0\kitpymes.core.shared.tests.dll" id="f8a69dc2-7f45-43e9-8601-adaf02987262">
      <Execution id="ce5fceb5-278a-4e29-9eb4-f8854eb868c2" />
      <TestMethod codeBase="D:\SFERRARI\01_TRABAJO\repos\netcore\libs\template-netcore-shared\Kitpymes.Core.Shared.Tests\bin\Debug\net7.0\Kitpymes.Core.Shared.Tests.dll" adapterTypeName="executor://mstestadapter/v2" className="Kitpymes.Core.Shared.Tests.EnumsTests" name="ToValues_Passing_ValidEnumType_Returns_ValuesListString" />
    </UnitTest>
    <UnitTest name="ToRemove_Passing_ValidValue_Returns_ValueWithoutRemovedChars (aeiou,aei,ou)" storage="d:\sferrari\01_trabajo\repos\netcore\libs\template-netcore-shared\kitpymes.core.shared.tests\bin\debug\net7.0\kitpymes.core.shared.tests.dll" id="5b90355a-94a5-4ee7-ad6d-e40ece696e31">
      <Execution id="17750a3b-1166-44ac-ad5a-ea676aa35d5b" />
      <TestMethod codeBase="D:\SFERRARI\01_TRABAJO\repos\netcore\libs\template-netcore-shared\Kitpymes.Core.Shared.Tests\bin\Debug\net7.0\Kitpymes.Core.Shared.Tests.dll" adapterTypeName="executor://mstestadapter/v2" className="Kitpymes.Core.Shared.Tests.StringExtensionsTests" name="ToRemove_Passing_ValidValue_Returns_ValueWithoutRemovedChars" />
    </UnitTest>
    <UnitTest name="ToSubdomain_Passing_HttpRequest_Host_Returns_Subdomain" storage="d:\sferrari\01_trabajo\repos\netcore\libs\template-netcore-shared\kitpymes.core.shared.tests\bin\debug\net7.0\kitpymes.core.shared.tests.dll" id="b26b42d3-f764-4270-9906-1ad1a1105aaf">
      <Execution id="0f2b2df8-2af8-4eb1-9d91-2495b1a533a3" />
      <TestMethod codeBase="D:\SFERRARI\01_TRABAJO\repos\netcore\libs\template-netcore-shared\Kitpymes.Core.Shared.Tests\bin\Debug\net7.0\Kitpymes.Core.Shared.Tests.dll" adapterTypeName="executor://mstestadapter/v2" className="Kitpymes.Core.Shared.Tests.HttpRequestExtensionsTests" name="ToSubdomain_Passing_HttpRequest_Host_Returns_Subdomain" />
    </UnitTest>
    <UnitTest name="ToIsLastDayOfTheMonth_Passing_LastDayOfMonth_Returns_True" storage="d:\sferrari\01_trabajo\repos\netcore\libs\template-netcore-shared\kitpymes.core.shared.tests\bin\debug\net7.0\kitpymes.core.shared.tests.dll" id="9f3d6821-0fd2-4562-a689-6b56ccbd8f72">
      <Execution id="dc1b17d7-187b-4595-83fd-c9fd9c9bd948" />
      <TestMethod codeBase="D:\SFERRARI\01_TRABAJO\repos\netcore\libs\template-netcore-shared\Kitpymes.Core.Shared.Tests\bin\Debug\net7.0\Kitpymes.Core.Shared.Tests.dll" adapterTypeName="executor://mstestadapter/v2" className="Kitpymes.Core.Shared.Tests.DateTimeExtensionsTests" name="ToIsLastDayOfTheMonth_Passing_LastDayOfMonth_Returns_True" />
    </UnitTest>
    <UnitTest name="ToNormalize_Passing_ValidValue_Returns_NormalizedValue (Münçhen,Munchen)" storage="d:\sferrari\01_trabajo\repos\netcore\libs\template-netcore-shared\kitpymes.core.shared.tests\bin\debug\net7.0\kitpymes.core.shared.tests.dll" id="6912f70b-9e23-4ec5-90c0-74784b3f9a60">
      <Execution id="e65c58fa-30aa-4949-bc9e-e5a88c4a8cdf" />
      <TestMethod codeBase="D:\SFERRARI\01_TRABAJO\repos\netcore\libs\template-netcore-shared\Kitpymes.Core.Shared.Tests\bin\Debug\net7.0\Kitpymes.Core.Shared.Tests.dll" adapterTypeName="executor://mstestadapter/v2" className="Kitpymes.Core.Shared.Tests.StringExtensionsTests" name="ToNormalize_Passing_ValidValue_Returns_NormalizedValue" />
    </UnitTest>
    <UnitTest name="ToPaged_Passing_Age_Ascending_Order_Returns_Filter_List" storage="d:\sferrari\01_trabajo\repos\netcore\libs\template-netcore-shared\kitpymes.core.shared.tests\bin\debug\net7.0\kitpymes.core.shared.tests.dll" id="9e53e7da-35f8-420c-b4a7-b9dc2c82102b">
      <Execution id="75232346-7627-4bc6-b12f-2dc9ab363473" />
      <TestMethod codeBase="D:\SFERRARI\01_TRABAJO\repos\netcore\libs\template-netcore-shared\Kitpymes.Core.Shared.Tests\bin\Debug\net7.0\Kitpymes.Core.Shared.Tests.dll" adapterTypeName="executor://mstestadapter/v2" className="Kitpymes.Core.Shared.Tests.QueryableExtensionsTests" name="ToPaged_Passing_Age_Ascending_Order_Returns_Filter_List" />
    </UnitTest>
    <UnitTest name="ToUri_Passing_ValidValueString_Returns_Uri (http://☺.damowmow.com/)" storage="d:\sferrari\01_trabajo\repos\netcore\libs\template-netcore-shared\kitpymes.core.shared.tests\bin\debug\net7.0\kitpymes.core.shared.tests.dll" id="87dc25a7-e4ab-474e-9181-9cb715b988a2">
      <Execution id="a9d937e8-e3a2-4cda-a1bd-96cc7a05b452" />
      <TestMethod codeBase="D:\SFERRARI\01_TRABAJO\repos\netcore\libs\template-netcore-shared\Kitpymes.Core.Shared.Tests\bin\Debug\net7.0\Kitpymes.Core.Shared.Tests.dll" adapterTypeName="executor://mstestadapter/v2" className="Kitpymes.Core.Shared.Tests.StringExtensionsTests" name="ToUri_Passing_ValidValueString_Returns_Uri" />
    </UnitTest>
    <UnitTest name="ToMapClone_Passing_Source_Returns_New_Source_Object" storage="d:\sferrari\01_trabajo\repos\netcore\libs\template-netcore-shared\kitpymes.core.shared.tests\bin\debug\net7.0\kitpymes.core.shared.tests.dll" id="6649b448-ad8e-4ab0-8629-7e1de1282d49">
      <Execution id="02146a56-03de-4a16-bc4d-a074593cfeb1" />
      <TestMethod codeBase="D:\SFERRARI\01_TRABAJO\repos\netcore\libs\template-netcore-shared\Kitpymes.Core.Shared.Tests\bin\Debug\net7.0\Kitpymes.Core.Shared.Tests.dll" adapterTypeName="executor://mstestadapter/v2" className="Kitpymes.Core.Shared.Tests.AgileMapperExtensionsTests" name="ToMapClone_Passing_Source_Returns_New_Source_Object" />
    </UnitTest>
    <UnitTest name="ToBytes_Passing_Object_Returns_Bytes" storage="d:\sferrari\01_trabajo\repos\netcore\libs\template-netcore-shared\kitpymes.core.shared.tests\bin\debug\net7.0\kitpymes.core.shared.tests.dll" id="5bfce3c6-54a0-4a1b-8d6c-b68ef5adf69d">
      <Execution id="a1796fd5-5e14-4327-8ba3-9ed18195adc5" />
      <TestMethod codeBase="D:\SFERRARI\01_TRABAJO\repos\netcore\libs\template-netcore-shared\Kitpymes.Core.Shared.Tests\bin\Debug\net7.0\Kitpymes.Core.Shared.Tests.dll" adapterTypeName="executor://mstestadapter/v2" className="Kitpymes.Core.Shared.Tests.GenericExtensionsTests" name="ToBytes_Passing_Object_Returns_Bytes" />
    </UnitTest>
    <UnitTest name="ToUri_Passing_ValidValueString_Returns_Uri (https://foo.com/blah_blah?p=5&amp;j=fe)" storage="d:\sferrari\01_trabajo\repos\netcore\libs\template-netcore-shared\kitpymes.core.shared.tests\bin\debug\net7.0\kitpymes.core.shared.tests.dll" id="a7c5c926-4bc0-4a10-b019-f5356ed515d7">
      <Execution id="5bf0be0c-bc77-4b28-92f5-5e968db7ae1b" />
      <TestMethod codeBase="D:\SFERRARI\01_TRABAJO\repos\netcore\libs\template-netcore-shared\Kitpymes.Core.Shared.Tests\bin\Debug\net7.0\Kitpymes.Core.Shared.Tests.dll" adapterTypeName="executor://mstestadapter/v2" className="Kitpymes.Core.Shared.Tests.StringExtensionsTests" name="ToUri_Passing_ValidValueString_Returns_Uri" />
    </UnitTest>
    <UnitTest name="ToDirectoryDeleteFiles_Passing_ValidValue_Returns_DirectoryNoExists" storage="d:\sferrari\01_trabajo\repos\netcore\libs\template-netcore-shared\kitpymes.core.shared.tests\bin\debug\net7.0\kitpymes.core.shared.tests.dll" id="d81dc393-fe74-4049-a77f-0b7eec5293ca">
      <Execution id="d2c348f4-e9f4-433d-917c-a74268d75677" />
      <TestMethod codeBase="D:\SFERRARI\01_TRABAJO\repos\netcore\libs\template-netcore-shared\Kitpymes.Core.Shared.Tests\bin\Debug\net7.0\Kitpymes.Core.Shared.Tests.dll" adapterTypeName="executor://mstestadapter/v2" className="Kitpymes.Core.Shared.Tests.StringExtensionsTests" name="ToDirectoryDeleteFiles_Passing_ValidValue_Returns_DirectoryNoExists" />
    </UnitTest>
    <UnitTest name="IsNullOrEmpty_Passing_InvalidValue_Returns_True" storage="d:\sferrari\01_trabajo\repos\netcore\libs\template-netcore-shared\kitpymes.core.shared.tests\bin\debug\net7.0\kitpymes.core.shared.tests.dll" id="5c7963ae-9e07-4afd-ae69-866e9da0d054">
      <Execution id="d2275567-a4a0-4fcd-8024-b00c950bc7c5" />
      <TestMethod codeBase="D:\SFERRARI\01_TRABAJO\repos\netcore\libs\template-netcore-shared\Kitpymes.Core.Shared.Tests\bin\Debug\net7.0\Kitpymes.Core.Shared.Tests.dll" adapterTypeName="executor://mstestadapter/v2" className="Kitpymes.Core.Shared.Tests.VerifyExtensionsTests" name="IsNullOrEmpty_Passing_InvalidValue_Returns_True" />
    </UnitTest>
    <UnitTest name="ToList_Passing_ValidEnumTypeWithSelectedValue_Returns_ValuesList" storage="d:\sferrari\01_trabajo\repos\netcore\libs\template-netcore-shared\kitpymes.core.shared.tests\bin\debug\net7.0\kitpymes.core.shared.tests.dll" id="f07565cc-6a34-4229-8275-eb596b10e4dc">
      <Execution id="0cfbae40-95d5-482c-a5a7-73c814bbecb6" />
      <TestMethod codeBase="D:\SFERRARI\01_TRABAJO\repos\netcore\libs\template-netcore-shared\Kitpymes.Core.Shared.Tests\bin\Debug\net7.0\Kitpymes.Core.Shared.Tests.dll" adapterTypeName="executor://mstestadapter/v2" className="Kitpymes.Core.Shared.Tests.EnumsTests" name="ToList_Passing_ValidEnumTypeWithSelectedValue_Returns_ValuesList" />
    </UnitTest>
    <UnitTest name="ToNormalize_Passing_ValidValue_Returns_NormalizedValue (àáäâãøçħ,aaaaaoch)" storage="d:\sferrari\01_trabajo\repos\netcore\libs\template-netcore-shared\kitpymes.core.shared.tests\bin\debug\net7.0\kitpymes.core.shared.tests.dll" id="2eb87a0e-e0a2-439c-bbf0-33dfb1d2a9e4">
      <Execution id="23dc429c-6f3a-463e-8f3f-403cf089bfae" />
      <TestMethod codeBase="D:\SFERRARI\01_TRABAJO\repos\netcore\libs\template-netcore-shared\Kitpymes.Core.Shared.Tests\bin\Debug\net7.0\Kitpymes.Core.Shared.Tests.dll" adapterTypeName="executor://mstestadapter/v2" className="Kitpymes.Core.Shared.Tests.StringExtensionsTests" name="ToNormalize_Passing_ValidValue_Returns_NormalizedValue" />
    </UnitTest>
    <UnitTest name="ToWhere_Passing_Null_Predicate_Returns_Same_List" storage="d:\sferrari\01_trabajo\repos\netcore\libs\template-netcore-shared\kitpymes.core.shared.tests\bin\debug\net7.0\kitpymes.core.shared.tests.dll" id="9279f02f-e689-486f-90f6-e2830e1b4c68">
      <Execution id="01f12b46-18aa-4c03-9c95-67b7297cad20" />
      <TestMethod codeBase="D:\SFERRARI\01_TRABAJO\repos\netcore\libs\template-netcore-shared\Kitpymes.Core.Shared.Tests\bin\Debug\net7.0\Kitpymes.Core.Shared.Tests.dll" adapterTypeName="executor://mstestadapter/v2" className="Kitpymes.Core.Shared.Tests.QueryableExtensionsTests" name="ToWhere_Passing_Null_Predicate_Returns_Same_List" />
    </UnitTest>
    <UnitTest name="ResultDataUnauthorized" storage="d:\sferrari\01_trabajo\repos\netcore\libs\template-netcore-shared\kitpymes.core.shared.tests\bin\debug\net7.0\kitpymes.core.shared.tests.dll" id="2d47fcc3-36cc-4c49-a0ad-3c8d6a6d6db6">
      <Execution id="2168b663-caf1-4d3a-88d6-9e743963521f" />
      <TestMethod codeBase="D:\SFERRARI\01_TRABAJO\repos\netcore\libs\template-netcore-shared\Kitpymes.Core.Shared.Tests\bin\Debug\net7.0\Kitpymes.Core.Shared.Tests.dll" adapterTypeName="executor://mstestadapter/v2" className="Kitpymes.Core.Shared.Tests.ResultTest" name="ResultDataUnauthorized" />
    </UnitTest>
    <UnitTest name="ToUri_Passing_ValidValueString_Returns_Uri (//foo.com/blah_blah/)" storage="d:\sferrari\01_trabajo\repos\netcore\libs\template-netcore-shared\kitpymes.core.shared.tests\bin\debug\net7.0\kitpymes.core.shared.tests.dll" id="ce7ec78a-6458-4b72-99e5-0557daf25c21">
      <Execution id="4f6384cf-9d85-4fcb-af45-e0babe77c381" />
      <TestMethod codeBase="D:\SFERRARI\01_TRABAJO\repos\netcore\libs\template-netcore-shared\Kitpymes.Core.Shared.Tests\bin\Debug\net7.0\Kitpymes.Core.Shared.Tests.dll" adapterTypeName="executor://mstestadapter/v2" className="Kitpymes.Core.Shared.Tests.StringExtensionsTests" name="ToUri_Passing_ValidValueString_Returns_Uri" />
    </UnitTest>
    <UnitTest name="ToEnvironment_Passing_Production_Enviroment_Returns_Production_Name" storage="d:\sferrari\01_trabajo\repos\netcore\libs\template-netcore-shared\kitpymes.core.shared.tests\bin\debug\net7.0\kitpymes.core.shared.tests.dll" id="8c9fbeb8-10d1-44c3-ac5f-ed523673df34">
      <Execution id="f88f5038-eae6-4449-82cb-d44ac823202b" />
      <TestMethod codeBase="D:\SFERRARI\01_TRABAJO\repos\netcore\libs\template-netcore-shared\Kitpymes.Core.Shared.Tests\bin\Debug\net7.0\Kitpymes.Core.Shared.Tests.dll" adapterTypeName="executor://mstestadapter/v2" className="Kitpymes.Core.Shared.Tests.ApplicationBuilderExtensionsTests" name="ToEnvironment_Passing_Production_Enviroment_Returns_Production_Name" />
    </UnitTest>
    <UnitTest name="ToReplace_Passing_ValidValue_Returns_ReplacedValue (aeiou,*,0,1,*eiou)" storage="d:\sferrari\01_trabajo\repos\netcore\libs\template-netcore-shared\kitpymes.core.shared.tests\bin\debug\net7.0\kitpymes.core.shared.tests.dll" id="3b9d6abf-13fe-4a00-99f7-25ad7559f32e">
      <Execution id="07f9fa36-80ed-44e2-96fd-62be01c592f9" />
      <TestMethod codeBase="D:\SFERRARI\01_TRABAJO\repos\netcore\libs\template-netcore-shared\Kitpymes.Core.Shared.Tests\bin\Debug\net7.0\Kitpymes.Core.Shared.Tests.dll" adapterTypeName="executor://mstestadapter/v2" className="Kitpymes.Core.Shared.Tests.StringExtensionsTests" name="ToReplace_Passing_ValidValue_Returns_ReplacedValue" />
    </UnitTest>
    <UnitTest name="ToEmailMaskUserNameAndDomain_Passing_ValidEmail_Returns_EmailWithMask (qaz@gmailgmail.com,q*z@g********l.com)" storage="d:\sferrari\01_trabajo\repos\netcore\libs\template-netcore-shared\kitpymes.core.shared.tests\bin\debug\net7.0\kitpymes.core.shared.tests.dll" id="3ed176e6-ab37-4a29-b155-805abfd790bd">
      <Execution id="07af63b8-78e4-44e5-9add-9bf3f865d0b9" />
      <TestMethod codeBase="D:\SFERRARI\01_TRABAJO\repos\netcore\libs\template-netcore-shared\Kitpymes.Core.Shared.Tests\bin\Debug\net7.0\Kitpymes.Core.Shared.Tests.dll" adapterTypeName="executor://mstestadapter/v2" className="Kitpymes.Core.Shared.Tests.StringExtensionsTests" name="ToEmailMaskUserNameAndDomain_Passing_ValidEmail_Returns_EmailWithMask" />
    </UnitTest>
    <UnitTest name="ToInt_Passing_InvalidValueString_Returns_DefaultValue (asdasdasdasd234324)" storage="d:\sferrari\01_trabajo\repos\netcore\libs\template-netcore-shared\kitpymes.core.shared.tests\bin\debug\net7.0\kitpymes.core.shared.tests.dll" id="37440a92-00b8-4535-b920-a429477eca4d">
      <Execution id="b55b40f0-c21d-4f52-94c6-88568ce13f9f" />
      <TestMethod codeBase="D:\SFERRARI\01_TRABAJO\repos\netcore\libs\template-netcore-shared\Kitpymes.Core.Shared.Tests\bin\Debug\net7.0\Kitpymes.Core.Shared.Tests.dll" adapterTypeName="executor://mstestadapter/v2" className="Kitpymes.Core.Shared.Tests.StringExtensionsTests" name="ToInt_Passing_InvalidValueString_Returns_DefaultValue" />
    </UnitTest>
    <UnitTest name="ToUri_Passing_InvalidValueString_Returns_DefaultValue (http://)" storage="d:\sferrari\01_trabajo\repos\netcore\libs\template-netcore-shared\kitpymes.core.shared.tests\bin\debug\net7.0\kitpymes.core.shared.tests.dll" id="9c303838-f8cd-4e9d-a5c1-fdf159a4ca54">
      <Execution id="910e31e4-76b0-4028-9fa5-885af5c00ed0" />
      <TestMethod codeBase="D:\SFERRARI\01_TRABAJO\repos\netcore\libs\template-netcore-shared\Kitpymes.Core.Shared.Tests\bin\Debug\net7.0\Kitpymes.Core.Shared.Tests.dll" adapterTypeName="executor://mstestadapter/v2" className="Kitpymes.Core.Shared.Tests.StringExtensionsTests" name="ToUri_Passing_InvalidValueString_Returns_DefaultValue" />
    </UnitTest>
    <UnitTest name="ToFirstLetterLower_Passing_ValidValue_Returns_StringWithFirstLetterLower (AEIOU,aEIOU)" storage="d:\sferrari\01_trabajo\repos\netcore\libs\template-netcore-shared\kitpymes.core.shared.tests\bin\debug\net7.0\kitpymes.core.shared.tests.dll" id="46eaba50-bd5a-41a9-8e61-40bcb3c8d0c2">
      <Execution id="8109fe29-e7cf-4e6c-a456-3336523968f7" />
      <TestMethod codeBase="D:\SFERRARI\01_TRABAJO\repos\netcore\libs\template-netcore-shared\Kitpymes.Core.Shared.Tests\bin\Debug\net7.0\Kitpymes.Core.Shared.Tests.dll" adapterTypeName="executor://mstestadapter/v2" className="Kitpymes.Core.Shared.Tests.StringExtensionsTests" name="ToFirstLetterLower_Passing_ValidValue_Returns_StringWithFirstLetterLower" />
    </UnitTest>
    <UnitTest name="ToIsAuthenticated_Passing_Claims_Returns_False" storage="d:\sferrari\01_trabajo\repos\netcore\libs\template-netcore-shared\kitpymes.core.shared.tests\bin\debug\net7.0\kitpymes.core.shared.tests.dll" id="6ee58a31-967a-4739-8ea6-39e1cb8211de">
      <Execution id="d77b5c44-645c-4a47-85e4-bd57d443e39e" />
      <TestMethod codeBase="D:\SFERRARI\01_TRABAJO\repos\netcore\libs\template-netcore-shared\Kitpymes.Core.Shared.Tests\bin\Debug\net7.0\Kitpymes.Core.Shared.Tests.dll" adapterTypeName="executor://mstestadapter/v2" className="Kitpymes.Core.Shared.Tests.ClaimsPrincipalExtensionsTests" name="ToIsAuthenticated_Passing_Claims_Returns_False" />
    </UnitTest>
    <UnitTest name="ResultOkData_WithData_WithMessage_WithDetails" storage="d:\sferrari\01_trabajo\repos\netcore\libs\template-netcore-shared\kitpymes.core.shared.tests\bin\debug\net7.0\kitpymes.core.shared.tests.dll" id="fd7ea203-8649-41b4-bbc7-74f339560c3c">
      <Execution id="777d18cd-f197-4275-aa44-b23d8c9f3717" />
      <TestMethod codeBase="D:\SFERRARI\01_TRABAJO\repos\netcore\libs\template-netcore-shared\Kitpymes.Core.Shared.Tests\bin\Debug\net7.0\Kitpymes.Core.Shared.Tests.dll" adapterTypeName="executor://mstestadapter/v2" className="Kitpymes.Core.Shared.Tests.ResultTest" name="ResultOkData_WithData_WithMessage_WithDetails" />
    </UnitTest>
    <UnitTest name="ThrowIfNotSubdomain_Passing_InvalidValue_Returns_ApplicationExceptionWithMessage (34?fsds@sdd.yy)" storage="d:\sferrari\01_trabajo\repos\netcore\libs\template-netcore-shared\kitpymes.core.shared.tests\bin\debug\net7.0\kitpymes.core.shared.tests.dll" id="f0292563-7c3c-4775-be85-7b129bbeffe6">
      <Execution id="b0460ab9-cd66-4522-b128-f3419b59e929" />
      <TestMethod codeBase="D:\SFERRARI\01_TRABAJO\repos\netcore\libs\template-netcore-shared\Kitpymes.Core.Shared.Tests\bin\Debug\net7.0\Kitpymes.Core.Shared.Tests.dll" adapterTypeName="executor://mstestadapter/v2" className="Kitpymes.Core.Shared.Tests.VerifyExtensionsTests" name="ThrowIfNotSubdomain_Passing_InvalidValue_Returns_ApplicationExceptionWithMessage" />
    </UnitTest>
    <UnitTest name="ToInt_Passing_InvalidValueString_Returns_DefaultValue (1,3333)" storage="d:\sferrari\01_trabajo\repos\netcore\libs\template-netcore-shared\kitpymes.core.shared.tests\bin\debug\net7.0\kitpymes.core.shared.tests.dll" id="b237aa89-ced3-419e-b52f-ab3025a13d3f">
      <Execution id="6a49b831-f1d2-4615-85d0-06a0ce13e3be" />
      <TestMethod codeBase="D:\SFERRARI\01_TRABAJO\repos\netcore\libs\template-netcore-shared\Kitpymes.Core.Shared.Tests\bin\Debug\net7.0\Kitpymes.Core.Shared.Tests.dll" adapterTypeName="executor://mstestadapter/v2" className="Kitpymes.Core.Shared.Tests.StringExtensionsTests" name="ToInt_Passing_InvalidValueString_Returns_DefaultValue" />
    </UnitTest>
    <UnitTest name="ToUri_Passing_ValidValueString_Returns_Uri (http://userid@example.com/)" storage="d:\sferrari\01_trabajo\repos\netcore\libs\template-netcore-shared\kitpymes.core.shared.tests\bin\debug\net7.0\kitpymes.core.shared.tests.dll" id="118ce696-8bbb-4d4e-bcc9-68d167bb9ebe">
      <Execution id="f5987bfb-7b18-4874-a256-8fb0a46eb96e" />
      <TestMethod codeBase="D:\SFERRARI\01_TRABAJO\repos\netcore\libs\template-netcore-shared\Kitpymes.Core.Shared.Tests\bin\Debug\net7.0\Kitpymes.Core.Shared.Tests.dll" adapterTypeName="executor://mstestadapter/v2" className="Kitpymes.Core.Shared.Tests.StringExtensionsTests" name="ToUri_Passing_ValidValueString_Returns_Uri" />
    </UnitTest>
    <UnitTest name="ToHashAlgorithmName_Passing_ValidValueString_Returns_HashAlgorithmName (MD5)" storage="d:\sferrari\01_trabajo\repos\netcore\libs\template-netcore-shared\kitpymes.core.shared.tests\bin\debug\net7.0\kitpymes.core.shared.tests.dll" id="58d4b250-a90d-4d3a-baf2-b1f20cb9b9ce">
      <Execution id="c790c7cc-b146-4c54-a354-ad81c3e4152a" />
      <TestMethod codeBase="D:\SFERRARI\01_TRABAJO\repos\netcore\libs\template-netcore-shared\Kitpymes.Core.Shared.Tests\bin\Debug\net7.0\Kitpymes.Core.Shared.Tests.dll" adapterTypeName="executor://mstestadapter/v2" className="Kitpymes.Core.Shared.Tests.StringExtensionsTests" name="ToHashAlgorithmName_Passing_ValidValueString_Returns_HashAlgorithmName" />
    </UnitTest>
    <UnitTest name="ToFirstLetterUpper_Passing_ValidValue_Returns_StringWithFirstLetterUpper (Aeiou,Aeiou)" storage="d:\sferrari\01_trabajo\repos\netcore\libs\template-netcore-shared\kitpymes.core.shared.tests\bin\debug\net7.0\kitpymes.core.shared.tests.dll" id="a8899a7f-d27a-474d-b53e-ac211602d0b2">
      <Execution id="6b819ca8-ec18-410f-902e-18f26d5a3a17" />
      <TestMethod codeBase="D:\SFERRARI\01_TRABAJO\repos\netcore\libs\template-netcore-shared\Kitpymes.Core.Shared.Tests\bin\Debug\net7.0\Kitpymes.Core.Shared.Tests.dll" adapterTypeName="executor://mstestadapter/v2" className="Kitpymes.Core.Shared.Tests.StringExtensionsTests" name="ToFirstLetterUpper_Passing_ValidValue_Returns_StringWithFirstLetterUpper" />
    </UnitTest>
    <UnitTest name="ToGetAll_Passing_Claims_Returns_Claim_Value_Object_List" storage="d:\sferrari\01_trabajo\repos\netcore\libs\template-netcore-shared\kitpymes.core.shared.tests\bin\debug\net7.0\kitpymes.core.shared.tests.dll" id="7fb958d1-ad67-4fa2-8bb4-b52758c7be93">
      <Execution id="9ee81b91-b768-461a-91fa-76d517bbaa25" />
      <TestMethod codeBase="D:\SFERRARI\01_TRABAJO\repos\netcore\libs\template-netcore-shared\Kitpymes.Core.Shared.Tests\bin\Debug\net7.0\Kitpymes.Core.Shared.Tests.dll" adapterTypeName="executor://mstestadapter/v2" className="Kitpymes.Core.Shared.Tests.ClaimsPrincipalExtensionsTests" name="ToGetAll_Passing_Claims_Returns_Claim_Value_Object_List" />
    </UnitTest>
    <UnitTest name="ToUri_Passing_ValidValueString_Returns_Uri (http://foo.com/blah_blah_(wikipedia)_(again))" storage="d:\sferrari\01_trabajo\repos\netcore\libs\template-netcore-shared\kitpymes.core.shared.tests\bin\debug\net7.0\kitpymes.core.shared.tests.dll" id="414ca49d-aed2-4c55-84da-191c77211ab7">
      <Execution id="29a37974-3e07-4164-a635-2abee9cc670b" />
      <TestMethod codeBase="D:\SFERRARI\01_TRABAJO\repos\netcore\libs\template-netcore-shared\Kitpymes.Core.Shared.Tests\bin\Debug\net7.0\Kitpymes.Core.Shared.Tests.dll" adapterTypeName="executor://mstestadapter/v2" className="Kitpymes.Core.Shared.Tests.StringExtensionsTests" name="ToUri_Passing_ValidValueString_Returns_Uri" />
    </UnitTest>
    <UnitTest name="ToReplaceSpecialChars_Passing_ValidValue_Returns_ReplacedValueWithoutIgnoreSpecialChars (*¨^_:-?¿;,?¿,?¿)" storage="d:\sferrari\01_trabajo\repos\netcore\libs\template-netcore-shared\kitpymes.core.shared.tests\bin\debug\net7.0\kitpymes.core.shared.tests.dll" id="7ff8a8a5-5479-4f35-b05e-db85111ac39a">
      <Execution id="75e3c8dc-226f-413d-bf2a-255d947a1735" />
      <TestMethod codeBase="D:\SFERRARI\01_TRABAJO\repos\netcore\libs\template-netcore-shared\Kitpymes.Core.Shared.Tests\bin\Debug\net7.0\Kitpymes.Core.Shared.Tests.dll" adapterTypeName="executor://mstestadapter/v2" className="Kitpymes.Core.Shared.Tests.StringExtensionsTests" name="ToReplaceSpecialChars_Passing_ValidValue_Returns_ReplacedValueWithoutIgnoreSpecialChars" />
    </UnitTest>
    <UnitTest name="ToUri_Passing_ValidValueString_Returns_Uri (http://foo.com/blah_blah?p=5&amp;j=fe)" storage="d:\sferrari\01_trabajo\repos\netcore\libs\template-netcore-shared\kitpymes.core.shared.tests\bin\debug\net7.0\kitpymes.core.shared.tests.dll" id="7102e494-7549-4c29-91ea-b438add9b46f">
      <Execution id="962f13cf-0298-4335-a8fc-62424f123d4e" />
      <TestMethod codeBase="D:\SFERRARI\01_TRABAJO\repos\netcore\libs\template-netcore-shared\Kitpymes.Core.Shared.Tests\bin\Debug\net7.0\Kitpymes.Core.Shared.Tests.dll" adapterTypeName="executor://mstestadapter/v2" className="Kitpymes.Core.Shared.Tests.StringExtensionsTests" name="ToUri_Passing_ValidValueString_Returns_Uri" />
    </UnitTest>
    <UnitTest name="ToUri_Passing_InvalidValueString_Returns_DefaultValue (http://#)" storage="d:\sferrari\01_trabajo\repos\netcore\libs\template-netcore-shared\kitpymes.core.shared.tests\bin\debug\net7.0\kitpymes.core.shared.tests.dll" id="c97f63e4-52f9-4755-80b0-38c2313c4523">
      <Execution id="ef929182-0274-461f-a720-c05eae17337f" />
      <TestMethod codeBase="D:\SFERRARI\01_TRABAJO\repos\netcore\libs\template-netcore-shared\Kitpymes.Core.Shared.Tests\bin\Debug\net7.0\Kitpymes.Core.Shared.Tests.dll" adapterTypeName="executor://mstestadapter/v2" className="Kitpymes.Core.Shared.Tests.StringExtensionsTests" name="ToUri_Passing_InvalidValueString_Returns_DefaultValue" />
    </UnitTest>
    <UnitTest name="ToDictionaryPropertyInfo_Passing_Object_Not_IncludeNullOrEmptyProperty_Returns_Properties_NameAndValue_Dictionary" storage="d:\sferrari\01_trabajo\repos\netcore\libs\template-netcore-shared\kitpymes.core.shared.tests\bin\debug\net7.0\kitpymes.core.shared.tests.dll" id="d8668516-2994-41ae-8ffc-050d7b3993e8">
      <Execution id="56506e54-71e6-44d8-ab19-40e28ee023ee" />
      <TestMethod codeBase="D:\SFERRARI\01_TRABAJO\repos\netcore\libs\template-netcore-shared\Kitpymes.Core.Shared.Tests\bin\Debug\net7.0\Kitpymes.Core.Shared.Tests.dll" adapterTypeName="executor://mstestadapter/v2" className="Kitpymes.Core.Shared.Tests.GenericExtensionsTests" name="ToDictionaryPropertyInfo_Passing_Object_Not_IncludeNullOrEmptyProperty_Returns_Properties_NameAndValue_Dictionary" />
    </UnitTest>
    <UnitTest name="ToEnvironment_ServiceCollection_Passing_Custom_Enviroment_Returns_Custom_Name" storage="d:\sferrari\01_trabajo\repos\netcore\libs\template-netcore-shared\kitpymes.core.shared.tests\bin\debug\net7.0\kitpymes.core.shared.tests.dll" id="fe0561c2-1594-4ce2-a1c4-5e69c8aeceb8">
      <Execution id="def8dc5e-d6fd-49dd-8650-9ed36948034a" />
      <TestMethod codeBase="D:\SFERRARI\01_TRABAJO\repos\netcore\libs\template-netcore-shared\Kitpymes.Core.Shared.Tests\bin\Debug\net7.0\Kitpymes.Core.Shared.Tests.dll" adapterTypeName="executor://mstestadapter/v2" className="Kitpymes.Core.Shared.Tests.ConfigurationBuilderExtensionsTests" name="ToEnvironment_ServiceCollection_Passing_Custom_Enviroment_Returns_Custom_Name" />
    </UnitTest>
    <UnitTest name="ToEmailMaskUserName_Passing_ValidEmail_Returns_EmailWithMask (qaz@gmail.com,q*z@gmail.com)" storage="d:\sferrari\01_trabajo\repos\netcore\libs\template-netcore-shared\kitpymes.core.shared.tests\bin\debug\net7.0\kitpymes.core.shared.tests.dll" id="49cce9a8-5a9c-460d-81c3-102154bb1b52">
      <Execution id="43b31f93-f6bc-46f4-9e0e-6d63d21fb3ea" />
      <TestMethod codeBase="D:\SFERRARI\01_TRABAJO\repos\netcore\libs\template-netcore-shared\Kitpymes.Core.Shared.Tests\bin\Debug\net7.0\Kitpymes.Core.Shared.Tests.dll" adapterTypeName="executor://mstestadapter/v2" className="Kitpymes.Core.Shared.Tests.StringExtensionsTests" name="ToEmailMaskUserName_Passing_ValidEmail_Returns_EmailWithMask" />
    </UnitTest>
    <UnitTest name="ResultUnauthorized" storage="d:\sferrari\01_trabajo\repos\netcore\libs\template-netcore-shared\kitpymes.core.shared.tests\bin\debug\net7.0\kitpymes.core.shared.tests.dll" id="e3c29f82-d510-45b8-b553-03660d3ada2f">
      <Execution id="25e7d724-c3b1-468a-a4f4-ecca1e885d55" />
      <TestMethod codeBase="D:\SFERRARI\01_TRABAJO\repos\netcore\libs\template-netcore-shared\Kitpymes.Core.Shared.Tests\bin\Debug\net7.0\Kitpymes.Core.Shared.Tests.dll" adapterTypeName="executor://mstestadapter/v2" className="Kitpymes.Core.Shared.Tests.ResultTest" name="ResultUnauthorized" />
    </UnitTest>
    <UnitTest name="ThrowIfNotSubdomain_Passing_InvalidValue_Returns_ApplicationExceptionWithMessage (dasdasd@dsasd.._ff)" storage="d:\sferrari\01_trabajo\repos\netcore\libs\template-netcore-shared\kitpymes.core.shared.tests\bin\debug\net7.0\kitpymes.core.shared.tests.dll" id="24619b3d-bd81-4e3e-8755-23352a048994">
      <Execution id="805c9d3c-2897-4d6c-9131-f3b967bf1de3" />
      <TestMethod codeBase="D:\SFERRARI\01_TRABAJO\repos\netcore\libs\template-netcore-shared\Kitpymes.Core.Shared.Tests\bin\Debug\net7.0\Kitpymes.Core.Shared.Tests.dll" adapterTypeName="executor://mstestadapter/v2" className="Kitpymes.Core.Shared.Tests.VerifyExtensionsTests" name="ThrowIfNotSubdomain_Passing_InvalidValue_Returns_ApplicationExceptionWithMessage" />
    </UnitTest>
    <UnitTest name="ToUri_Passing_ValidValueString_Returns_Uri (http://a.b-c.de)" storage="d:\sferrari\01_trabajo\repos\netcore\libs\template-netcore-shared\kitpymes.core.shared.tests\bin\debug\net7.0\kitpymes.core.shared.tests.dll" id="257c0e65-2b03-49de-920d-578ac4860cbe">
      <Execution id="e06015c6-8e28-469f-99e7-8969836f2e9a" />
      <TestMethod codeBase="D:\SFERRARI\01_TRABAJO\repos\netcore\libs\template-netcore-shared\Kitpymes.Core.Shared.Tests\bin\Debug\net7.0\Kitpymes.Core.Shared.Tests.dll" adapterTypeName="executor://mstestadapter/v2" className="Kitpymes.Core.Shared.Tests.StringExtensionsTests" name="ToUri_Passing_ValidValueString_Returns_Uri" />
    </UnitTest>
    <UnitTest name="ToDefaultValue_Passing_ValidString_Returns_DefaultValue" storage="d:\sferrari\01_trabajo\repos\netcore\libs\template-netcore-shared\kitpymes.core.shared.tests\bin\debug\net7.0\kitpymes.core.shared.tests.dll" id="aaf76043-7012-4406-baa4-662d32acf8a4">
      <Execution id="aac5bb0e-dfc2-42e0-a447-8a43e0014dd5" />
      <TestMethod codeBase="D:\SFERRARI\01_TRABAJO\repos\netcore\libs\template-netcore-shared\Kitpymes.Core.Shared.Tests\bin\Debug\net7.0\Kitpymes.Core.Shared.Tests.dll" adapterTypeName="executor://mstestadapter/v2" className="Kitpymes.Core.Shared.Tests.TypeExtensionsTests" name="ToDefaultValue_Passing_ValidString_Returns_DefaultValue" />
    </UnitTest>
    <UnitTest name="ToReplace_Passing_ValidValue_Returns_ReplacedValue (aeiou,*,2,1,ae*ou)" storage="d:\sferrari\01_trabajo\repos\netcore\libs\template-netcore-shared\kitpymes.core.shared.tests\bin\debug\net7.0\kitpymes.core.shared.tests.dll" id="599faf99-9b1c-4c57-ad81-b318a77407e8">
      <Execution id="3881f7fb-9acb-4763-8192-136c978be80c" />
      <TestMethod codeBase="D:\SFERRARI\01_TRABAJO\repos\netcore\libs\template-netcore-shared\Kitpymes.Core.Shared.Tests\bin\Debug\net7.0\Kitpymes.Core.Shared.Tests.dll" adapterTypeName="executor://mstestadapter/v2" className="Kitpymes.Core.Shared.Tests.StringExtensionsTests" name="ToReplace_Passing_ValidValue_Returns_ReplacedValue" />
    </UnitTest>
    <UnitTest name="ToUri_Passing_InvalidValueString_Returns_Null (http://??)" storage="d:\sferrari\01_trabajo\repos\netcore\libs\template-netcore-shared\kitpymes.core.shared.tests\bin\debug\net7.0\kitpymes.core.shared.tests.dll" id="e09f9182-9f20-46e0-84ac-a231880c55c1">
      <Execution id="c8b17962-22e0-4ec7-a2b4-a3f911ee27c3" />
      <TestMethod codeBase="D:\SFERRARI\01_TRABAJO\repos\netcore\libs\template-netcore-shared\Kitpymes.Core.Shared.Tests\bin\Debug\net7.0\Kitpymes.Core.Shared.Tests.dll" adapterTypeName="executor://mstestadapter/v2" className="Kitpymes.Core.Shared.Tests.StringExtensionsTests" name="ToUri_Passing_InvalidValueString_Returns_Null" />
    </UnitTest>
    <UnitTest name="ToNormalize_Passing_ValidValue_Returns_NormalizedValue ( * ¨ ^ _ : - ? ¿ ; ,)" storage="d:\sferrari\01_trabajo\repos\netcore\libs\template-netcore-shared\kitpymes.core.shared.tests\bin\debug\net7.0\kitpymes.core.shared.tests.dll" id="9ee89fe2-924a-4976-a75d-4b4d5c32e190">
      <Execution id="37e085d7-d4db-4f93-af6d-2808f3a37dcd" />
      <TestMethod codeBase="D:\SFERRARI\01_TRABAJO\repos\netcore\libs\template-netcore-shared\Kitpymes.Core.Shared.Tests\bin\Debug\net7.0\Kitpymes.Core.Shared.Tests.dll" adapterTypeName="executor://mstestadapter/v2" className="Kitpymes.Core.Shared.Tests.StringExtensionsTests" name="ToNormalize_Passing_ValidValue_Returns_NormalizedValue" />
    </UnitTest>
    <UnitTest name="ToConfiguration_Passing_Invalid_DirectoryPath_Returns_ApplicationException" storage="d:\sferrari\01_trabajo\repos\netcore\libs\template-netcore-shared\kitpymes.core.shared.tests\bin\debug\net7.0\kitpymes.core.shared.tests.dll" id="06c40ea1-7a6d-405c-a4b4-8737e42b342c">
      <Execution id="5f0285a7-13af-4dd2-af99-8a1cb3144692" />
      <TestMethod codeBase="D:\SFERRARI\01_TRABAJO\repos\netcore\libs\template-netcore-shared\Kitpymes.Core.Shared.Tests\bin\Debug\net7.0\Kitpymes.Core.Shared.Tests.dll" adapterTypeName="executor://mstestadapter/v2" className="Kitpymes.Core.Shared.Tests.ConfigurationBuilderExtensionsTests" name="ToConfiguration_Passing_Invalid_DirectoryPath_Returns_ApplicationException" />
    </UnitTest>
    <UnitTest name="ToCompress_Passing_Object_Bytes_Returns_Object" storage="d:\sferrari\01_trabajo\repos\netcore\libs\template-netcore-shared\kitpymes.core.shared.tests\bin\debug\net7.0\kitpymes.core.shared.tests.dll" id="dd30b603-951b-4cfa-a553-26191d1f8b11">
      <Execution id="cb94cb8e-ed3b-4417-b400-efa9c8251abb" />
      <TestMethod codeBase="D:\SFERRARI\01_TRABAJO\repos\netcore\libs\template-netcore-shared\Kitpymes.Core.Shared.Tests\bin\Debug\net7.0\Kitpymes.Core.Shared.Tests.dll" adapterTypeName="executor://mstestadapter/v2" className="Kitpymes.Core.Shared.Tests.BytesExtensionsTests" name="ToCompress_Passing_Object_Bytes_Returns_Object" />
    </UnitTest>
    <UnitTest name="ToNormalize_Passing_ValidValue_Returns_NormalizedValue (Strømsgodset,Stromsgodset)" storage="d:\sferrari\01_trabajo\repos\netcore\libs\template-netcore-shared\kitpymes.core.shared.tests\bin\debug\net7.0\kitpymes.core.shared.tests.dll" id="095acbb4-60f1-469e-8013-185cafe8691f">
      <Execution id="a08f6f85-5cb9-407a-8a95-87b997e1e362" />
      <TestMethod codeBase="D:\SFERRARI\01_TRABAJO\repos\netcore\libs\template-netcore-shared\Kitpymes.Core.Shared.Tests\bin\Debug\net7.0\Kitpymes.Core.Shared.Tests.dll" adapterTypeName="executor://mstestadapter/v2" className="Kitpymes.Core.Shared.Tests.StringExtensionsTests" name="ToNormalize_Passing_ValidValue_Returns_NormalizedValue" />
    </UnitTest>
    <UnitTest name="ToInt_Passing_InvalidValueString_Returns_DefaultValue (999999439293294392492349329493294)" storage="d:\sferrari\01_trabajo\repos\netcore\libs\template-netcore-shared\kitpymes.core.shared.tests\bin\debug\net7.0\kitpymes.core.shared.tests.dll" id="abe35052-7b81-43a5-b8b0-76a1cd62a115">
      <Execution id="091e1850-ad85-4243-aa63-18e6f55f355a" />
      <TestMethod codeBase="D:\SFERRARI\01_TRABAJO\repos\netcore\libs\template-netcore-shared\Kitpymes.Core.Shared.Tests\bin\Debug\net7.0\Kitpymes.Core.Shared.Tests.dll" adapterTypeName="executor://mstestadapter/v2" className="Kitpymes.Core.Shared.Tests.StringExtensionsTests" name="ToInt_Passing_InvalidValueString_Returns_DefaultValue" />
    </UnitTest>
    <UnitTest name="ToUserName_Passing_Valid_UserName_ClaimsPrincipal_Returns_String_UserName_Value" storage="d:\sferrari\01_trabajo\repos\netcore\libs\template-netcore-shared\kitpymes.core.shared.tests\bin\debug\net7.0\kitpymes.core.shared.tests.dll" id="ac38b46e-c874-42c2-9902-040480bc50bd">
      <Execution id="f8d192c9-741a-4d4b-a198-ebb51d85b4ac" />
      <TestMethod codeBase="D:\SFERRARI\01_TRABAJO\repos\netcore\libs\template-netcore-shared\Kitpymes.Core.Shared.Tests\bin\Debug\net7.0\Kitpymes.Core.Shared.Tests.dll" adapterTypeName="executor://mstestadapter/v2" className="Kitpymes.Core.Shared.Tests.ClaimsPrincipalExtensionsTests" name="ToUserName_Passing_Valid_UserName_ClaimsPrincipal_Returns_String_UserName_Value" />
    </UnitTest>
    <UnitTest name="ToSerialize_Passing_Objects_Returns_String_Values" storage="d:\sferrari\01_trabajo\repos\netcore\libs\template-netcore-shared\kitpymes.core.shared.tests\bin\debug\net7.0\kitpymes.core.shared.tests.dll" id="7f817b4f-1b57-49e5-9162-18233c2f8f7c">
      <Execution id="fb3c8fea-582d-4080-b8f2-f61f94afbd83" />
      <TestMethod codeBase="D:\SFERRARI\01_TRABAJO\repos\netcore\libs\template-netcore-shared\Kitpymes.Core.Shared.Tests\bin\Debug\net7.0\Kitpymes.Core.Shared.Tests.dll" adapterTypeName="executor://mstestadapter/v2" className="Kitpymes.Core.Shared.Tests.JsonExtensionsTests" name="ToSerialize_Passing_Objects_Returns_String_Values" />
    </UnitTest>
    <UnitTest name="ToEmailMaskUserNameAndDomainAndExtension_Passing_ValidEmail_Returns_EmailWithMask (qazwsxedc@gmailgmail.com,q*******c@g********l.c*m)" storage="d:\sferrari\01_trabajo\repos\netcore\libs\template-netcore-shared\kitpymes.core.shared.tests\bin\debug\net7.0\kitpymes.core.shared.tests.dll" id="4c48edeb-99f7-4ed5-adea-dba0ac56be17">
      <Execution id="49825801-07c5-4834-9f97-face4231d985" />
      <TestMethod codeBase="D:\SFERRARI\01_TRABAJO\repos\netcore\libs\template-netcore-shared\Kitpymes.Core.Shared.Tests\bin\Debug\net7.0\Kitpymes.Core.Shared.Tests.dll" adapterTypeName="executor://mstestadapter/v2" className="Kitpymes.Core.Shared.Tests.StringExtensionsTests" name="ToEmailMaskUserNameAndDomainAndExtension_Passing_ValidEmail_Returns_EmailWithMask" />
    </UnitTest>
    <UnitTest name="ToEmailMask_Passing_ValidEmail_Returns_EmailWithMask (qazwsxedc@gmail.com,q-------c@g----.com)" storage="d:\sferrari\01_trabajo\repos\netcore\libs\template-netcore-shared\kitpymes.core.shared.tests\bin\debug\net7.0\kitpymes.core.shared.tests.dll" id="120541f4-0ba9-4593-a5e4-e7b0eb315dc7">
      <Execution id="2e92fff8-3271-4263-8e93-4167415dcd3b" />
      <TestMethod codeBase="D:\SFERRARI\01_TRABAJO\repos\netcore\libs\template-netcore-shared\Kitpymes.Core.Shared.Tests\bin\Debug\net7.0\Kitpymes.Core.Shared.Tests.dll" adapterTypeName="executor://mstestadapter/v2" className="Kitpymes.Core.Shared.Tests.StringExtensionsTests" name="ToEmailMask_Passing_ValidEmail_Returns_EmailWithMask" />
    </UnitTest>
    <UnitTest name="ToServiceMatchingClass_Passing_Valid_Assembly_And_Valid_Class_Type_Returns_Service" storage="d:\sferrari\01_trabajo\repos\netcore\libs\template-netcore-shared\kitpymes.core.shared.tests\bin\debug\net7.0\kitpymes.core.shared.tests.dll" id="789b4d15-2941-440f-b255-81c5847ab85b">
      <Execution id="a9968e0b-fa9a-4ffd-97b6-e07c45ee07a2" />
      <TestMethod codeBase="D:\SFERRARI\01_TRABAJO\repos\netcore\libs\template-netcore-shared\Kitpymes.Core.Shared.Tests\bin\Debug\net7.0\Kitpymes.Core.Shared.Tests.dll" adapterTypeName="executor://mstestadapter/v2" className="Kitpymes.Core.Shared.Tests.ConfigurationBuilderExtensionsTests" name="ToServiceMatchingClass_Passing_Valid_Assembly_And_Valid_Class_Type_Returns_Service" />
    </UnitTest>
    <UnitTest name="ToNormalize_Passing_ValidValue_Returns_NormalizedValue (Autobús,Autobus)" storage="d:\sferrari\01_trabajo\repos\netcore\libs\template-netcore-shared\kitpymes.core.shared.tests\bin\debug\net7.0\kitpymes.core.shared.tests.dll" id="54500012-3c42-47ac-bc61-af23fa4c791e">
      <Execution id="4edd7702-e4fc-4ccf-accf-c0852d7d8715" />
      <TestMethod codeBase="D:\SFERRARI\01_TRABAJO\repos\netcore\libs\template-netcore-shared\Kitpymes.Core.Shared.Tests\bin\Debug\net7.0\Kitpymes.Core.Shared.Tests.dll" adapterTypeName="executor://mstestadapter/v2" className="Kitpymes.Core.Shared.Tests.StringExtensionsTests" name="ToNormalize_Passing_ValidValue_Returns_NormalizedValue" />
    </UnitTest>
    <UnitTest name="ToUri_Passing_ValidValueString_Returns_Uri (http://userid@example.com)" storage="d:\sferrari\01_trabajo\repos\netcore\libs\template-netcore-shared\kitpymes.core.shared.tests\bin\debug\net7.0\kitpymes.core.shared.tests.dll" id="754c4ac4-6b7b-418c-b630-f19d123c0e39">
      <Execution id="d725432f-d2e9-48b9-8ec0-679ee85bf307" />
      <TestMethod codeBase="D:\SFERRARI\01_TRABAJO\repos\netcore\libs\template-netcore-shared\Kitpymes.Core.Shared.Tests\bin\Debug\net7.0\Kitpymes.Core.Shared.Tests.dll" adapterTypeName="executor://mstestadapter/v2" className="Kitpymes.Core.Shared.Tests.StringExtensionsTests" name="ToUri_Passing_ValidValueString_Returns_Uri" />
    </UnitTest>
    <UnitTest name="ToNormalize_Passing_ValidValue_Returns_NormalizedValue (ñ Ñ,n N)" storage="d:\sferrari\01_trabajo\repos\netcore\libs\template-netcore-shared\kitpymes.core.shared.tests\bin\debug\net7.0\kitpymes.core.shared.tests.dll" id="78ce138f-7259-4546-b344-f52805e9e9a0">
      <Execution id="a9f2cf8c-eac4-44c8-9334-ebf9fcbf38d4" />
      <TestMethod codeBase="D:\SFERRARI\01_TRABAJO\repos\netcore\libs\template-netcore-shared\Kitpymes.Core.Shared.Tests\bin\Debug\net7.0\Kitpymes.Core.Shared.Tests.dll" adapterTypeName="executor://mstestadapter/v2" className="Kitpymes.Core.Shared.Tests.StringExtensionsTests" name="ToNormalize_Passing_ValidValue_Returns_NormalizedValue" />
    </UnitTest>
    <UnitTest name="ToUri_Passing_ValidValueString_Returns_Uri (http://foo.com/blah_blah/p=5)" storage="d:\sferrari\01_trabajo\repos\netcore\libs\template-netcore-shared\kitpymes.core.shared.tests\bin\debug\net7.0\kitpymes.core.shared.tests.dll" id="c1719045-66c4-40ea-b9a0-c93f4433a1f9">
      <Execution id="c83bf39f-33af-40e2-8690-0b14b10eaf79" />
      <TestMethod codeBase="D:\SFERRARI\01_TRABAJO\repos\netcore\libs\template-netcore-shared\Kitpymes.Core.Shared.Tests\bin\Debug\net7.0\Kitpymes.Core.Shared.Tests.dll" adapterTypeName="executor://mstestadapter/v2" className="Kitpymes.Core.Shared.Tests.StringExtensionsTests" name="ToUri_Passing_ValidValueString_Returns_Uri" />
    </UnitTest>
    <UnitTest name="ToServiceMatchingClass_Passing_Valid_Assembly_And_Valid_Class_Returns_Service" storage="d:\sferrari\01_trabajo\repos\netcore\libs\template-netcore-shared\kitpymes.core.shared.tests\bin\debug\net7.0\kitpymes.core.shared.tests.dll" id="840ac98c-64e0-40f7-b5c5-bbdd5a8c1819">
      <Execution id="198f5d01-30bd-4f53-92a1-db132f5a51f1" />
      <TestMethod codeBase="D:\SFERRARI\01_TRABAJO\repos\netcore\libs\template-netcore-shared\Kitpymes.Core.Shared.Tests\bin\Debug\net7.0\Kitpymes.Core.Shared.Tests.dll" adapterTypeName="executor://mstestadapter/v2" className="Kitpymes.Core.Shared.Tests.ConfigurationBuilderExtensionsTests" name="ToServiceMatchingClass_Passing_Valid_Assembly_And_Valid_Class_Returns_Service" />
    </UnitTest>
    <UnitTest name="ToInt_Passing_Enumeration_Name_Returns_Description_Atributte" storage="d:\sferrari\01_trabajo\repos\netcore\libs\template-netcore-shared\kitpymes.core.shared.tests\bin\debug\net7.0\kitpymes.core.shared.tests.dll" id="fef83c8b-fac9-4f6e-854f-dc63ed4b72c9">
      <Execution id="a27a844e-65c0-4cf2-a264-fa6e6f576e18" />
      <TestMethod codeBase="D:\SFERRARI\01_TRABAJO\repos\netcore\libs\template-netcore-shared\Kitpymes.Core.Shared.Tests\bin\Debug\net7.0\Kitpymes.Core.Shared.Tests.dll" adapterTypeName="executor://mstestadapter/v2" className="Kitpymes.Core.Shared.Tests.EnumExtensionsTests" name="ToInt_Passing_Enumeration_Name_Returns_Description_Atributte" />
    </UnitTest>
    <UnitTest name="ToRandom_Passing_ValidValueString_Returns_String" storage="d:\sferrari\01_trabajo\repos\netcore\libs\template-netcore-shared\kitpymes.core.shared.tests\bin\debug\net7.0\kitpymes.core.shared.tests.dll" id="cc769d1c-cc9b-49a0-8e17-c7b0770002d8">
      <Execution id="23bbd20b-39ab-4654-adb7-9fadaa68ae87" />
      <TestMethod codeBase="D:\SFERRARI\01_TRABAJO\repos\netcore\libs\template-netcore-shared\Kitpymes.Core.Shared.Tests\bin\Debug\net7.0\Kitpymes.Core.Shared.Tests.dll" adapterTypeName="executor://mstestadapter/v2" className="Kitpymes.Core.Shared.Tests.StringExtensionsTests" name="ToRandom_Passing_ValidValueString_Returns_String" />
    </UnitTest>
    <UnitTest name="ToFirstLetterLower_Passing_ValidValue_Returns_StringWithFirstLetterLower (aeioU,aeioU)" storage="d:\sferrari\01_trabajo\repos\netcore\libs\template-netcore-shared\kitpymes.core.shared.tests\bin\debug\net7.0\kitpymes.core.shared.tests.dll" id="7bf107be-285d-4575-8163-dbb5c990a3e4">
      <Execution id="9e699bda-e51e-4651-b045-af0e996bd239" />
      <TestMethod codeBase="D:\SFERRARI\01_TRABAJO\repos\netcore\libs\template-netcore-shared\Kitpymes.Core.Shared.Tests\bin\Debug\net7.0\Kitpymes.Core.Shared.Tests.dll" adapterTypeName="executor://mstestadapter/v2" className="Kitpymes.Core.Shared.Tests.StringExtensionsTests" name="ToFirstLetterLower_Passing_ValidValue_Returns_StringWithFirstLetterLower" />
    </UnitTest>
    <UnitTest name="ToUserName_Passing_Invalid_ClaimsPrincipal_Returns_Null" storage="d:\sferrari\01_trabajo\repos\netcore\libs\template-netcore-shared\kitpymes.core.shared.tests\bin\debug\net7.0\kitpymes.core.shared.tests.dll" id="95d41570-cc09-4de2-b9a1-61e075206739">
      <Execution id="2a68e0fa-fff5-42ae-9c15-3065250edd4f" />
      <TestMethod codeBase="D:\SFERRARI\01_TRABAJO\repos\netcore\libs\template-netcore-shared\Kitpymes.Core.Shared.Tests\bin\Debug\net7.0\Kitpymes.Core.Shared.Tests.dll" adapterTypeName="executor://mstestadapter/v2" className="Kitpymes.Core.Shared.Tests.ClaimsPrincipalExtensionsTests" name="ToUserName_Passing_Invalid_ClaimsPrincipal_Returns_Null" />
    </UnitTest>
    <UnitTest name="ResultDataBadRequest_WithErrors_Dictionary" storage="d:\sferrari\01_trabajo\repos\netcore\libs\template-netcore-shared\kitpymes.core.shared.tests\bin\debug\net7.0\kitpymes.core.shared.tests.dll" id="b93f7943-5b93-4ccd-beb7-210ad3f22284">
      <Execution id="1c39a72a-35ff-4a0b-b793-6aa881eed8bf" />
      <TestMethod codeBase="D:\SFERRARI\01_TRABAJO\repos\netcore\libs\template-netcore-shared\Kitpymes.Core.Shared.Tests\bin\Debug\net7.0\Kitpymes.Core.Shared.Tests.dll" adapterTypeName="executor://mstestadapter/v2" className="Kitpymes.Core.Shared.Tests.ResultTest" name="ResultDataBadRequest_WithErrors_Dictionary" />
    </UnitTest>
    <UnitTest name="ResultBadRequest_WithErrors_Dictionary" storage="d:\sferrari\01_trabajo\repos\netcore\libs\template-netcore-shared\kitpymes.core.shared.tests\bin\debug\net7.0\kitpymes.core.shared.tests.dll" id="99623928-ba2d-4f80-9833-2802b11c8d98">
      <Execution id="708a314e-a1bc-4f18-81d4-9d1e26c496b5" />
      <TestMethod codeBase="D:\SFERRARI\01_TRABAJO\repos\netcore\libs\template-netcore-shared\Kitpymes.Core.Shared.Tests\bin\Debug\net7.0\Kitpymes.Core.Shared.Tests.dll" adapterTypeName="executor://mstestadapter/v2" className="Kitpymes.Core.Shared.Tests.ResultTest" name="ResultBadRequest_WithErrors_Dictionary" />
    </UnitTest>
    <UnitTest name="ToFirstLetterUpper_Passing_ValidValue_Returns_StringWithFirstLetterUpper (AEIOU,AEIOU)" storage="d:\sferrari\01_trabajo\repos\netcore\libs\template-netcore-shared\kitpymes.core.shared.tests\bin\debug\net7.0\kitpymes.core.shared.tests.dll" id="a27d7004-f49d-457a-9357-a89671f983b3">
      <Execution id="5ce5061a-ed9a-46fc-914f-1f9229d51bc2" />
      <TestMethod codeBase="D:\SFERRARI\01_TRABAJO\repos\netcore\libs\template-netcore-shared\Kitpymes.Core.Shared.Tests\bin\Debug\net7.0\Kitpymes.Core.Shared.Tests.dll" adapterTypeName="executor://mstestadapter/v2" className="Kitpymes.Core.Shared.Tests.StringExtensionsTests" name="ToFirstLetterUpper_Passing_ValidValue_Returns_StringWithFirstLetterUpper" />
    </UnitTest>
    <UnitTest name="ToHashAlgorithmName_Passing_InvalidValueLowerCaseString_Returns_Null (md5)" storage="d:\sferrari\01_trabajo\repos\netcore\libs\template-netcore-shared\kitpymes.core.shared.tests\bin\debug\net7.0\kitpymes.core.shared.tests.dll" id="856a1e33-340f-478e-8a68-52f0b190f9bb">
      <Execution id="29a5191b-fdcb-4c8d-80a3-09a75978196c" />
      <TestMethod codeBase="D:\SFERRARI\01_TRABAJO\repos\netcore\libs\template-netcore-shared\Kitpymes.Core.Shared.Tests\bin\Debug\net7.0\Kitpymes.Core.Shared.Tests.dll" adapterTypeName="executor://mstestadapter/v2" className="Kitpymes.Core.Shared.Tests.StringExtensionsTests" name="ToHashAlgorithmName_Passing_InvalidValueLowerCaseString_Returns_Null" />
    </UnitTest>
    <UnitTest name="ToEmailMaskUserNameAndDomain_Passing_ValidEmail_Returns_EmailWithMask (qazwsx@gmail.com,q****x@g***l.com)" storage="d:\sferrari\01_trabajo\repos\netcore\libs\template-netcore-shared\kitpymes.core.shared.tests\bin\debug\net7.0\kitpymes.core.shared.tests.dll" id="02d87262-b643-4e52-b5d3-e5570bb5ed78">
      <Execution id="4c557530-e689-4953-96fc-a30b963261e7" />
      <TestMethod codeBase="D:\SFERRARI\01_TRABAJO\repos\netcore\libs\template-netcore-shared\Kitpymes.Core.Shared.Tests\bin\Debug\net7.0\Kitpymes.Core.Shared.Tests.dll" adapterTypeName="executor://mstestadapter/v2" className="Kitpymes.Core.Shared.Tests.StringExtensionsTests" name="ToEmailMaskUserNameAndDomain_Passing_ValidEmail_Returns_EmailWithMask" />
    </UnitTest>
    <UnitTest name="ToTomorrow_Passing_DateTime_Returns_Tomorrow_DateTime" storage="d:\sferrari\01_trabajo\repos\netcore\libs\template-netcore-shared\kitpymes.core.shared.tests\bin\debug\net7.0\kitpymes.core.shared.tests.dll" id="86640973-d554-40c6-9967-d28132fbe958">
      <Execution id="bf638947-3ef6-4001-aecf-848b99995bc4" />
      <TestMethod codeBase="D:\SFERRARI\01_TRABAJO\repos\netcore\libs\template-netcore-shared\Kitpymes.Core.Shared.Tests\bin\Debug\net7.0\Kitpymes.Core.Shared.Tests.dll" adapterTypeName="executor://mstestadapter/v2" className="Kitpymes.Core.Shared.Tests.DateTimeExtensionsTests" name="ToTomorrow_Passing_DateTime_Returns_Tomorrow_DateTime" />
    </UnitTest>
    <UnitTest name="ToEmailMask_Passing_ValidEmail_Returns_EmailWithMask (qazwsxedc@gmailgmail.com,q-------c@g---------.com)" storage="d:\sferrari\01_trabajo\repos\netcore\libs\template-netcore-shared\kitpymes.core.shared.tests\bin\debug\net7.0\kitpymes.core.shared.tests.dll" id="f0e3a4e2-4e6d-4452-b3e3-8f0ec5175038">
      <Execution id="dfe48fe8-af94-47ce-a39f-ca4e27cb0a14" />
      <TestMethod codeBase="D:\SFERRARI\01_TRABAJO\repos\netcore\libs\template-netcore-shared\Kitpymes.Core.Shared.Tests\bin\Debug\net7.0\Kitpymes.Core.Shared.Tests.dll" adapterTypeName="executor://mstestadapter/v2" className="Kitpymes.Core.Shared.Tests.StringExtensionsTests" name="ToEmailMask_Passing_ValidEmail_Returns_EmailWithMask" />
    </UnitTest>
    <UnitTest name="ToEmailMask_Passing_ValidEmail_Returns_EmailWithMask (qazwsx@gmail.com,q----x@g----.com)" storage="d:\sferrari\01_trabajo\repos\netcore\libs\template-netcore-shared\kitpymes.core.shared.tests\bin\debug\net7.0\kitpymes.core.shared.tests.dll" id="55dfd9b8-ee66-4705-a1e2-596b79316570">
      <Execution id="1db82099-7f05-4523-adf6-8da39d9e7880" />
      <TestMethod codeBase="D:\SFERRARI\01_TRABAJO\repos\netcore\libs\template-netcore-shared\Kitpymes.Core.Shared.Tests\bin\Debug\net7.0\Kitpymes.Core.Shared.Tests.dll" adapterTypeName="executor://mstestadapter/v2" className="Kitpymes.Core.Shared.Tests.StringExtensionsTests" name="ToEmailMask_Passing_ValidEmail_Returns_EmailWithMask" />
    </UnitTest>
    <UnitTest name="ToExists_Passing_Valid_Service_Returns_True" storage="d:\sferrari\01_trabajo\repos\netcore\libs\template-netcore-shared\kitpymes.core.shared.tests\bin\debug\net7.0\kitpymes.core.shared.tests.dll" id="adb02269-927b-4571-b3ac-55cda5029f8e">
      <Execution id="ad5b5751-6248-4b54-832b-9833914c9262" />
      <TestMethod codeBase="D:\SFERRARI\01_TRABAJO\repos\netcore\libs\template-netcore-shared\Kitpymes.Core.Shared.Tests\bin\Debug\net7.0\Kitpymes.Core.Shared.Tests.dll" adapterTypeName="executor://mstestadapter/v2" className="Kitpymes.Core.Shared.Tests.ApplicationBuilderExtensionsTests" name="ToExists_Passing_Valid_Service_Returns_True" />
    </UnitTest>
    <UnitTest name="ToReplace_Passing_ValidValue_Returns_ReplacedValue (aeiou,*,0,5,*****)" storage="d:\sferrari\01_trabajo\repos\netcore\libs\template-netcore-shared\kitpymes.core.shared.tests\bin\debug\net7.0\kitpymes.core.shared.tests.dll" id="af5fe214-bc32-43ab-be8c-e3bd0206f5cc">
      <Execution id="300feff3-79a8-4439-926d-0df3ee7f49f0" />
      <TestMethod codeBase="D:\SFERRARI\01_TRABAJO\repos\netcore\libs\template-netcore-shared\Kitpymes.Core.Shared.Tests\bin\Debug\net7.0\Kitpymes.Core.Shared.Tests.dll" adapterTypeName="executor://mstestadapter/v2" className="Kitpymes.Core.Shared.Tests.StringExtensionsTests" name="ToReplace_Passing_ValidValue_Returns_ReplacedValue" />
    </UnitTest>
    <UnitTest name="ResultErrorData_WithTitle_WithStatusCode_WithDetails_WithExceptionType_WithMessages_WithErrors" storage="d:\sferrari\01_trabajo\repos\netcore\libs\template-netcore-shared\kitpymes.core.shared.tests\bin\debug\net7.0\kitpymes.core.shared.tests.dll" id="85a2d123-7e2c-4158-b6f6-1c94254d93d0">
      <Execution id="f4bb6875-38c6-41c0-917e-983535f3ad02" />
      <TestMethod codeBase="D:\SFERRARI\01_TRABAJO\repos\netcore\libs\template-netcore-shared\Kitpymes.Core.Shared.Tests\bin\Debug\net7.0\Kitpymes.Core.Shared.Tests.dll" adapterTypeName="executor://mstestadapter/v2" className="Kitpymes.Core.Shared.Tests.ResultTest" name="ResultErrorData_WithTitle_WithStatusCode_WithDetails_WithExceptionType_WithMessages_WithErrors" />
    </UnitTest>
    <UnitTest name="ToUri_Passing_ValidValueString_Returns_Uri (http://142.42.1.1/)" storage="d:\sferrari\01_trabajo\repos\netcore\libs\template-netcore-shared\kitpymes.core.shared.tests\bin\debug\net7.0\kitpymes.core.shared.tests.dll" id="51ace288-b321-4202-9d0a-f67c4d9aa09b">
      <Execution id="72930c09-9905-4561-b96c-8a39a491ca72" />
      <TestMethod codeBase="D:\SFERRARI\01_TRABAJO\repos\netcore\libs\template-netcore-shared\Kitpymes.Core.Shared.Tests\bin\Debug\net7.0\Kitpymes.Core.Shared.Tests.dll" adapterTypeName="executor://mstestadapter/v2" className="Kitpymes.Core.Shared.Tests.StringExtensionsTests" name="ToUri_Passing_ValidValueString_Returns_Uri" />
    </UnitTest>
    <UnitTest name="ThrowIfNotEmail_Passing_InvalidValue_Returns_ApplicationExceptionWithMessage ()" storage="d:\sferrari\01_trabajo\repos\netcore\libs\template-netcore-shared\kitpymes.core.shared.tests\bin\debug\net7.0\kitpymes.core.shared.tests.dll" id="97bf6806-cff0-4526-a6f1-a6ca8500c129">
      <Execution id="5f6e6ee2-87d2-4be7-9021-5224d73c302b" />
      <TestMethod codeBase="D:\SFERRARI\01_TRABAJO\repos\netcore\libs\template-netcore-shared\Kitpymes.Core.Shared.Tests\bin\Debug\net7.0\Kitpymes.Core.Shared.Tests.dll" adapterTypeName="executor://mstestadapter/v2" className="Kitpymes.Core.Shared.Tests.VerifyExtensionsTests" name="ThrowIfNotEmail_Passing_InvalidValue_Returns_ApplicationExceptionWithMessage" />
    </UnitTest>
    <UnitTest name="ToGet_Passing_Claims_Returns_Claim_Value_Int" storage="d:\sferrari\01_trabajo\repos\netcore\libs\template-netcore-shared\kitpymes.core.shared.tests\bin\debug\net7.0\kitpymes.core.shared.tests.dll" id="5915cc22-c8f1-4167-821f-594803cc6c4a">
      <Execution id="ca1f8559-b638-4ab3-b435-611d8c2a558a" />
      <TestMethod codeBase="D:\SFERRARI\01_TRABAJO\repos\netcore\libs\template-netcore-shared\Kitpymes.Core.Shared.Tests\bin\Debug\net7.0\Kitpymes.Core.Shared.Tests.dll" adapterTypeName="executor://mstestadapter/v2" className="Kitpymes.Core.Shared.Tests.ClaimsPrincipalExtensionsTests" name="ToGet_Passing_Claims_Returns_Claim_Value_Int" />
    </UnitTest>
    <UnitTest name="ToEnum_Passing_ValidValue_String_Returns_EnumValue" storage="d:\sferrari\01_trabajo\repos\netcore\libs\template-netcore-shared\kitpymes.core.shared.tests\bin\debug\net7.0\kitpymes.core.shared.tests.dll" id="10db9cb3-cb15-455c-9988-e108430e9795">
      <Execution id="5ecf7cdc-fbfb-47c8-ab17-87ecd46e71ff" />
      <TestMethod codeBase="D:\SFERRARI\01_TRABAJO\repos\netcore\libs\template-netcore-shared\Kitpymes.Core.Shared.Tests\bin\Debug\net7.0\Kitpymes.Core.Shared.Tests.dll" adapterTypeName="executor://mstestadapter/v2" className="Kitpymes.Core.Shared.Tests.StringExtensionsTests" name="ToEnum_Passing_ValidValue_String_Returns_EnumValue" />
    </UnitTest>
    <UnitTest name="ToServiceMatchingInterface_Passing_Valid_Assembly_And_Valid_Interface_Returns_Service" storage="d:\sferrari\01_trabajo\repos\netcore\libs\template-netcore-shared\kitpymes.core.shared.tests\bin\debug\net7.0\kitpymes.core.shared.tests.dll" id="e88f1354-9304-4243-81dc-252929baa47c">
      <Execution id="8badd191-d5bd-4d80-b824-a2d7b2487f01" />
      <TestMethod codeBase="D:\SFERRARI\01_TRABAJO\repos\netcore\libs\template-netcore-shared\Kitpymes.Core.Shared.Tests\bin\Debug\net7.0\Kitpymes.Core.Shared.Tests.dll" adapterTypeName="executor://mstestadapter/v2" className="Kitpymes.Core.Shared.Tests.ConfigurationBuilderExtensionsTests" name="ToServiceMatchingInterface_Passing_Valid_Assembly_And_Valid_Interface_Returns_Service" />
    </UnitTest>
    <UnitTest name="ToNormalize_Passing_ValidValue_Returns_NormalizedValue (Ç,C)" storage="d:\sferrari\01_trabajo\repos\netcore\libs\template-netcore-shared\kitpymes.core.shared.tests\bin\debug\net7.0\kitpymes.core.shared.tests.dll" id="be2dab64-ec8f-4480-b817-ccdf75f542d3">
      <Execution id="492d7a9d-ce87-4395-9830-03dccaa48367" />
      <TestMethod codeBase="D:\SFERRARI\01_TRABAJO\repos\netcore\libs\template-netcore-shared\Kitpymes.Core.Shared.Tests\bin\Debug\net7.0\Kitpymes.Core.Shared.Tests.dll" adapterTypeName="executor://mstestadapter/v2" className="Kitpymes.Core.Shared.Tests.StringExtensionsTests" name="ToNormalize_Passing_ValidValue_Returns_NormalizedValue" />
    </UnitTest>
    <UnitTest name="ToReadOnly_Passing_Valid_Collection_Returns_Readonly_Collection" storage="d:\sferrari\01_trabajo\repos\netcore\libs\template-netcore-shared\kitpymes.core.shared.tests\bin\debug\net7.0\kitpymes.core.shared.tests.dll" id="872b767a-ecc5-42e0-a0a4-1d7e957c3738">
      <Execution id="e866bbcc-6edb-4ebe-a608-ae1b04b82e8f" />
      <TestMethod codeBase="D:\SFERRARI\01_TRABAJO\repos\netcore\libs\template-netcore-shared\Kitpymes.Core.Shared.Tests\bin\Debug\net7.0\Kitpymes.Core.Shared.Tests.dll" adapterTypeName="executor://mstestadapter/v2" className="Kitpymes.Core.Shared.Tests.EnumerableExtensionsTests" name="ToReadOnly_Passing_Valid_Collection_Returns_Readonly_Collection" />
    </UnitTest>
    <UnitTest name="ToTryIPv6_Passing_HttpContext_IP_Value_Returns_IP" storage="d:\sferrari\01_trabajo\repos\netcore\libs\template-netcore-shared\kitpymes.core.shared.tests\bin\debug\net7.0\kitpymes.core.shared.tests.dll" id="43b080e6-c56a-4788-a4db-28cad3be183b">
      <Execution id="c14b4dcc-2426-4682-acc6-bc587e372071" />
      <TestMethod codeBase="D:\SFERRARI\01_TRABAJO\repos\netcore\libs\template-netcore-shared\Kitpymes.Core.Shared.Tests\bin\Debug\net7.0\Kitpymes.Core.Shared.Tests.dll" adapterTypeName="executor://mstestadapter/v2" className="Kitpymes.Core.Shared.Tests.HttpContextExtensionsTests" name="ToTryIPv6_Passing_HttpContext_IP_Value_Returns_IP" />
    </UnitTest>
    <UnitTest name="CreateSHA512_Passing_Invalid_Arguments_Returns_ApplicationException ()" storage="d:\sferrari\01_trabajo\repos\netcore\libs\template-netcore-shared\kitpymes.core.shared.tests\bin\debug\net7.0\kitpymes.core.shared.tests.dll" id="0f356d5d-2bf4-4aab-b5fd-d3a8e86046cb">
      <Execution id="91853e07-df05-4d24-9b44-524194b99af3" />
      <TestMethod codeBase="D:\SFERRARI\01_TRABAJO\repos\netcore\libs\template-netcore-shared\Kitpymes.Core.Shared.Tests\bin\Debug\net7.0\Kitpymes.Core.Shared.Tests.dll" adapterTypeName="executor://mstestadapter/v2" className="Kitpymes.Core.Shared.Tests.HashTests" name="CreateSHA512_Passing_Invalid_Arguments_Returns_ApplicationException" />
    </UnitTest>
    <UnitTest name="ThrowIf_Passing_ValidValue_Returns_Value" storage="d:\sferrari\01_trabajo\repos\netcore\libs\template-netcore-shared\kitpymes.core.shared.tests\bin\debug\net7.0\kitpymes.core.shared.tests.dll" id="253f7565-662a-40af-9529-d54cd413c91c">
      <Execution id="8102d631-59c5-4f6a-a9b7-ac6798d65d17" />
      <TestMethod codeBase="D:\SFERRARI\01_TRABAJO\repos\netcore\libs\template-netcore-shared\Kitpymes.Core.Shared.Tests\bin\Debug\net7.0\Kitpymes.Core.Shared.Tests.dll" adapterTypeName="executor://mstestadapter/v2" className="Kitpymes.Core.Shared.Tests.VerifyExtensionsTests" name="ThrowIf_Passing_ValidValue_Returns_Value" />
    </UnitTest>
    <UnitTest name="ToZipCreate_Passing_ValidFiles_Returns_ZipFiles" storage="d:\sferrari\01_trabajo\repos\netcore\libs\template-netcore-shared\kitpymes.core.shared.tests\bin\debug\net7.0\kitpymes.core.shared.tests.dll" id="665a4125-0926-4571-a60e-9b825ee98bad">
      <Execution id="ca792c4f-072b-4626-bf49-d185e851e945" />
      <TestMethod codeBase="D:\SFERRARI\01_TRABAJO\repos\netcore\libs\template-netcore-shared\Kitpymes.Core.Shared.Tests\bin\Debug\net7.0\Kitpymes.Core.Shared.Tests.dll" adapterTypeName="executor://mstestadapter/v2" className="Kitpymes.Core.Shared.Tests.StringExtensionsTests" name="ToZipCreate_Passing_ValidFiles_Returns_ZipFiles" />
    </UnitTest>
    <UnitTest name="ToUri_Passing_InvalidValueString_Returns_DefaultValue (http://##/)" storage="d:\sferrari\01_trabajo\repos\netcore\libs\template-netcore-shared\kitpymes.core.shared.tests\bin\debug\net7.0\kitpymes.core.shared.tests.dll" id="11310a38-ed6b-4721-8e52-225f34f4b47d">
      <Execution id="42751816-aa1e-43f3-9afc-6872bbd59180" />
      <TestMethod codeBase="D:\SFERRARI\01_TRABAJO\repos\netcore\libs\template-netcore-shared\Kitpymes.Core.Shared.Tests\bin\Debug\net7.0\Kitpymes.Core.Shared.Tests.dll" adapterTypeName="executor://mstestadapter/v2" className="Kitpymes.Core.Shared.Tests.StringExtensionsTests" name="ToUri_Passing_InvalidValueString_Returns_DefaultValue" />
    </UnitTest>
    <UnitTest name="ToDefaultValue_Passing_char_Returns_Cero" storage="d:\sferrari\01_trabajo\repos\netcore\libs\template-netcore-shared\kitpymes.core.shared.tests\bin\debug\net7.0\kitpymes.core.shared.tests.dll" id="34272527-919f-4585-aeb6-6afc0e34784d">
      <Execution id="a26974a2-efb2-4453-a017-b7747b103bd2" />
      <TestMethod codeBase="D:\SFERRARI\01_TRABAJO\repos\netcore\libs\template-netcore-shared\Kitpymes.Core.Shared.Tests\bin\Debug\net7.0\Kitpymes.Core.Shared.Tests.dll" adapterTypeName="executor://mstestadapter/v2" className="Kitpymes.Core.Shared.Tests.GenericExtensionsTests" name="ToDefaultValue_Passing_char_Returns_Cero" />
    </UnitTest>
    <UnitTest name="ThrowIfNullOrAny_Passing_InvalidValue_Returns_ApplicationExceptionWithMessage" storage="d:\sferrari\01_trabajo\repos\netcore\libs\template-netcore-shared\kitpymes.core.shared.tests\bin\debug\net7.0\kitpymes.core.shared.tests.dll" id="c9c71f91-4329-4f20-8232-ba765cf69cbc">
      <Execution id="581efa80-0e46-44dd-8e67-5e12a552dfee" />
      <TestMethod codeBase="D:\SFERRARI\01_TRABAJO\repos\netcore\libs\template-netcore-shared\Kitpymes.Core.Shared.Tests\bin\Debug\net7.0\Kitpymes.Core.Shared.Tests.dll" adapterTypeName="executor://mstestadapter/v2" className="Kitpymes.Core.Shared.Tests.VerifyExtensionsTests" name="ThrowIfNullOrAny_Passing_InvalidValue_Returns_ApplicationExceptionWithMessage" />
    </UnitTest>
    <UnitTest name="AddOrUpdate_Passing_Valid_Collection_Returns_Collection" storage="d:\sferrari\01_trabajo\repos\netcore\libs\template-netcore-shared\kitpymes.core.shared.tests\bin\debug\net7.0\kitpymes.core.shared.tests.dll" id="ae9dcd21-e235-4619-ae0c-0cfd7863f97f">
      <Execution id="93443a05-f5b1-47c1-b443-11af7c6128af" />
      <TestMethod codeBase="D:\SFERRARI\01_TRABAJO\repos\netcore\libs\template-netcore-shared\Kitpymes.Core.Shared.Tests\bin\Debug\net7.0\Kitpymes.Core.Shared.Tests.dll" adapterTypeName="executor://mstestadapter/v2" className="Kitpymes.Core.Shared.Tests.DictionaryExtensionsTests" name="AddOrUpdate_Passing_Valid_Collection_Returns_Collection" />
    </UnitTest>
    <UnitTest name="ToService_Passing_NotFound_Service_Returns_Null" storage="d:\sferrari\01_trabajo\repos\netcore\libs\template-netcore-shared\kitpymes.core.shared.tests\bin\debug\net7.0\kitpymes.core.shared.tests.dll" id="6cef95b5-1972-41d4-91dc-bc3404df3edf">
      <Execution id="b8a02108-26b7-4b1b-ab7e-7f2e81be7c56" />
      <TestMethod codeBase="D:\SFERRARI\01_TRABAJO\repos\netcore\libs\template-netcore-shared\Kitpymes.Core.Shared.Tests\bin\Debug\net7.0\Kitpymes.Core.Shared.Tests.dll" adapterTypeName="executor://mstestadapter/v2" className="Kitpymes.Core.Shared.Tests.ConfigurationBuilderExtensionsTests" name="ToService_Passing_NotFound_Service_Returns_Null" />
    </UnitTest>
    <UnitTest name="ToUri_Passing_ValidValueString_Returns_Uri (http://➡.ws/䨹)" storage="d:\sferrari\01_trabajo\repos\netcore\libs\template-netcore-shared\kitpymes.core.shared.tests\bin\debug\net7.0\kitpymes.core.shared.tests.dll" id="c139c1f4-e029-4579-981e-b37d2a51c6e2">
      <Execution id="fdee0dcc-dbbc-4809-8d30-10b37200fec5" />
      <TestMethod codeBase="D:\SFERRARI\01_TRABAJO\repos\netcore\libs\template-netcore-shared\Kitpymes.Core.Shared.Tests\bin\Debug\net7.0\Kitpymes.Core.Shared.Tests.dll" adapterTypeName="executor://mstestadapter/v2" className="Kitpymes.Core.Shared.Tests.StringExtensionsTests" name="ToUri_Passing_ValidValueString_Returns_Uri" />
    </UnitTest>
    <UnitTest name="ToNormalize_Passing_ValidValue_Returns_NormalizedValue (ç,c)" storage="d:\sferrari\01_trabajo\repos\netcore\libs\template-netcore-shared\kitpymes.core.shared.tests\bin\debug\net7.0\kitpymes.core.shared.tests.dll" id="539d6fe2-bcfe-4590-ac48-232175f2828c">
      <Execution id="317fee0c-3488-4aa5-a00b-0103c1b2eb65" />
      <TestMethod codeBase="D:\SFERRARI\01_TRABAJO\repos\netcore\libs\template-netcore-shared\Kitpymes.Core.Shared.Tests\bin\Debug\net7.0\Kitpymes.Core.Shared.Tests.dll" adapterTypeName="executor://mstestadapter/v2" className="Kitpymes.Core.Shared.Tests.StringExtensionsTests" name="ToNormalize_Passing_ValidValue_Returns_NormalizedValue" />
    </UnitTest>
    <UnitTest name="ToEmailMaskUserName_Passing_ValidEmail_Returns_EmailWithMask (qazwsx@gmailgmail.com,q****x@gmailgmail.com)" storage="d:\sferrari\01_trabajo\repos\netcore\libs\template-netcore-shared\kitpymes.core.shared.tests\bin\debug\net7.0\kitpymes.core.shared.tests.dll" id="cd590843-6c88-4693-a99e-33169950f594">
      <Execution id="ad8fcbdf-fe40-4169-9049-c895ea1f4c74" />
      <TestMethod codeBase="D:\SFERRARI\01_TRABAJO\repos\netcore\libs\template-netcore-shared\Kitpymes.Core.Shared.Tests\bin\Debug\net7.0\Kitpymes.Core.Shared.Tests.dll" adapterTypeName="executor://mstestadapter/v2" className="Kitpymes.Core.Shared.Tests.StringExtensionsTests" name="ToEmailMaskUserName_Passing_ValidEmail_Returns_EmailWithMask" />
    </UnitTest>
    <UnitTest name="ToDetails_Passing_HttpContext_WithOptionalData_Returns_Details_HttpContext" storage="d:\sferrari\01_trabajo\repos\netcore\libs\template-netcore-shared\kitpymes.core.shared.tests\bin\debug\net7.0\kitpymes.core.shared.tests.dll" id="d6f96b7a-7272-43a0-a5cf-4cc051f028bc">
      <Execution id="a9f2f6d9-e891-4884-ae5f-f0e1b33bb9b2" />
      <TestMethod codeBase="D:\SFERRARI\01_TRABAJO\repos\netcore\libs\template-netcore-shared\Kitpymes.Core.Shared.Tests\bin\Debug\net7.0\Kitpymes.Core.Shared.Tests.dll" adapterTypeName="executor://mstestadapter/v2" className="Kitpymes.Core.Shared.Tests.HttpContextExtensionsTests" name="ToDetails_Passing_HttpContext_WithOptionalData_Returns_Details_HttpContext" />
    </UnitTest>
    <UnitTest name="ToUri_Passing_InvalidValueString_Returns_Null (http://)" storage="d:\sferrari\01_trabajo\repos\netcore\libs\template-netcore-shared\kitpymes.core.shared.tests\bin\debug\net7.0\kitpymes.core.shared.tests.dll" id="6b7f549f-5ed7-4ad6-a8c9-987f6460e6a5">
      <Execution id="75fa427c-18a6-4baf-a853-8feb33f1f3c2" />
      <TestMethod codeBase="D:\SFERRARI\01_TRABAJO\repos\netcore\libs\template-netcore-shared\Kitpymes.Core.Shared.Tests\bin\Debug\net7.0\Kitpymes.Core.Shared.Tests.dll" adapterTypeName="executor://mstestadapter/v2" className="Kitpymes.Core.Shared.Tests.StringExtensionsTests" name="ToUri_Passing_InvalidValueString_Returns_Null" />
    </UnitTest>
    <UnitTest name="ToReplaceSpecialChars_Passing_ValidValue_Returns_ReplacedValueWithoutIgnoreSpecialChars (àáäâãøçħ,aaaaaoch)" storage="d:\sferrari\01_trabajo\repos\netcore\libs\template-netcore-shared\kitpymes.core.shared.tests\bin\debug\net7.0\kitpymes.core.shared.tests.dll" id="4e703d42-256e-41bc-a5d2-b01bef160431">
      <Execution id="f6fd15d2-d79e-4c49-877d-6c85cb74cee8" />
      <TestMethod codeBase="D:\SFERRARI\01_TRABAJO\repos\netcore\libs\template-netcore-shared\Kitpymes.Core.Shared.Tests\bin\Debug\net7.0\Kitpymes.Core.Shared.Tests.dll" adapterTypeName="executor://mstestadapter/v2" className="Kitpymes.Core.Shared.Tests.StringExtensionsTests" name="ToReplaceSpecialChars_Passing_ValidValue_Returns_ReplacedValueWithoutIgnoreSpecialChars" />
    </UnitTest>
    <UnitTest name="ToUri_Passing_ValidValueString_Returns_Uri (//foo.com/blah_blah)" storage="d:\sferrari\01_trabajo\repos\netcore\libs\template-netcore-shared\kitpymes.core.shared.tests\bin\debug\net7.0\kitpymes.core.shared.tests.dll" id="4372d93d-f81a-4c9d-9f4f-d24c9a8d6f12">
      <Execution id="ce0b37d3-67e5-4289-9cd5-0dd05129197f" />
      <TestMethod codeBase="D:\SFERRARI\01_TRABAJO\repos\netcore\libs\template-netcore-shared\Kitpymes.Core.Shared.Tests\bin\Debug\net7.0\Kitpymes.Core.Shared.Tests.dll" adapterTypeName="executor://mstestadapter/v2" className="Kitpymes.Core.Shared.Tests.StringExtensionsTests" name="ToUri_Passing_ValidValueString_Returns_Uri" />
    </UnitTest>
    <UnitTest name="ToConfiguration_Passing_Empty_DirectoryPath_Returns_ApplicationException" storage="d:\sferrari\01_trabajo\repos\netcore\libs\template-netcore-shared\kitpymes.core.shared.tests\bin\debug\net7.0\kitpymes.core.shared.tests.dll" id="9ef20533-9856-4b9d-93f0-066cc96e9d7f">
      <Execution id="2faf58c3-3f83-4be6-b8b5-f3421479f0be" />
      <TestMethod codeBase="D:\SFERRARI\01_TRABAJO\repos\netcore\libs\template-netcore-shared\Kitpymes.Core.Shared.Tests\bin\Debug\net7.0\Kitpymes.Core.Shared.Tests.dll" adapterTypeName="executor://mstestadapter/v2" className="Kitpymes.Core.Shared.Tests.ConfigurationBuilderExtensionsTests" name="ToConfiguration_Passing_Empty_DirectoryPath_Returns_ApplicationException" />
    </UnitTest>
    <UnitTest name="ToRemove_Passing_ValidValue_Returns_ValueWithoutRemovedChars (hello hello , ,hellohello)" storage="d:\sferrari\01_trabajo\repos\netcore\libs\template-netcore-shared\kitpymes.core.shared.tests\bin\debug\net7.0\kitpymes.core.shared.tests.dll" id="897e2899-79c0-44e0-95a5-9fbf30400214">
      <Execution id="a8254230-f654-455c-8cf2-ccb39b429168" />
      <TestMethod codeBase="D:\SFERRARI\01_TRABAJO\repos\netcore\libs\template-netcore-shared\Kitpymes.Core.Shared.Tests\bin\Debug\net7.0\Kitpymes.Core.Shared.Tests.dll" adapterTypeName="executor://mstestadapter/v2" className="Kitpymes.Core.Shared.Tests.StringExtensionsTests" name="ToRemove_Passing_ValidValue_Returns_ValueWithoutRemovedChars" />
    </UnitTest>
    <UnitTest name="ToSettings_Passing_Values_From_Memory_Returns_Settings" storage="d:\sferrari\01_trabajo\repos\netcore\libs\template-netcore-shared\kitpymes.core.shared.tests\bin\debug\net7.0\kitpymes.core.shared.tests.dll" id="15fb0e4a-c755-424f-b484-5f6f055ec524">
      <Execution id="77143f69-8322-4fe6-bf2d-dd24ae655b3c" />
      <TestMethod codeBase="D:\SFERRARI\01_TRABAJO\repos\netcore\libs\template-netcore-shared\Kitpymes.Core.Shared.Tests\bin\Debug\net7.0\Kitpymes.Core.Shared.Tests.dll" adapterTypeName="executor://mstestadapter/v2" className="Kitpymes.Core.Shared.Tests.ConfigurationBuilderExtensionsTests" name="ToSettings_Passing_Values_From_Memory_Returns_Settings" />
    </UnitTest>
    <UnitTest name="ToIsWeekend_Passing_Sunday_DateTime_Returns_True" storage="d:\sferrari\01_trabajo\repos\netcore\libs\template-netcore-shared\kitpymes.core.shared.tests\bin\debug\net7.0\kitpymes.core.shared.tests.dll" id="da985746-7324-481c-9de2-bcdb3ce35a12">
      <Execution id="4db583d6-7d55-4fdc-9a85-580746ffa132" />
      <TestMethod codeBase="D:\SFERRARI\01_TRABAJO\repos\netcore\libs\template-netcore-shared\Kitpymes.Core.Shared.Tests\bin\Debug\net7.0\Kitpymes.Core.Shared.Tests.dll" adapterTypeName="executor://mstestadapter/v2" className="Kitpymes.Core.Shared.Tests.DateTimeExtensionsTests" name="ToIsWeekend_Passing_Sunday_DateTime_Returns_True" />
    </UnitTest>
    <UnitTest name="ToUri_Passing_ValidValueString_Returns_Uri (http://j.mp)" storage="d:\sferrari\01_trabajo\repos\netcore\libs\template-netcore-shared\kitpymes.core.shared.tests\bin\debug\net7.0\kitpymes.core.shared.tests.dll" id="22f01383-1d37-40f6-8f53-200a22bae8b9">
      <Execution id="4d25295b-5de9-487a-9706-184fd6cb930e" />
      <TestMethod codeBase="D:\SFERRARI\01_TRABAJO\repos\netcore\libs\template-netcore-shared\Kitpymes.Core.Shared.Tests\bin\Debug\net7.0\Kitpymes.Core.Shared.Tests.dll" adapterTypeName="executor://mstestadapter/v2" className="Kitpymes.Core.Shared.Tests.StringExtensionsTests" name="ToUri_Passing_ValidValueString_Returns_Uri" />
    </UnitTest>
    <UnitTest name="ToUri_Passing_ValidValueString_Returns_Uri (http://foo.com/blah_blah_(wikipedia))" storage="d:\sferrari\01_trabajo\repos\netcore\libs\template-netcore-shared\kitpymes.core.shared.tests\bin\debug\net7.0\kitpymes.core.shared.tests.dll" id="5d2aa976-cbd1-494d-a6cf-2d595205b2db">
      <Execution id="bf88a675-7b66-46c5-82a0-d7742d0a2b77" />
      <TestMethod codeBase="D:\SFERRARI\01_TRABAJO\repos\netcore\libs\template-netcore-shared\Kitpymes.Core.Shared.Tests\bin\Debug\net7.0\Kitpymes.Core.Shared.Tests.dll" adapterTypeName="executor://mstestadapter/v2" className="Kitpymes.Core.Shared.Tests.StringExtensionsTests" name="ToUri_Passing_ValidValueString_Returns_Uri" />
    </UnitTest>
    <UnitTest name="ToUri_Passing_ValidValueString_Returns_Uri (https://foo.com/blah_blah?p=5)" storage="d:\sferrari\01_trabajo\repos\netcore\libs\template-netcore-shared\kitpymes.core.shared.tests\bin\debug\net7.0\kitpymes.core.shared.tests.dll" id="87e70627-2a7f-43d7-9353-c4b6e2c1bedd">
      <Execution id="7afde564-b1b2-44da-a6c8-109acc23b963" />
      <TestMethod codeBase="D:\SFERRARI\01_TRABAJO\repos\netcore\libs\template-netcore-shared\Kitpymes.Core.Shared.Tests\bin\Debug\net7.0\Kitpymes.Core.Shared.Tests.dll" adapterTypeName="executor://mstestadapter/v2" className="Kitpymes.Core.Shared.Tests.StringExtensionsTests" name="ToUri_Passing_ValidValueString_Returns_Uri" />
    </UnitTest>
    <UnitTest name="ToExists_Passing_Service_Not_Found_Returns_False" storage="d:\sferrari\01_trabajo\repos\netcore\libs\template-netcore-shared\kitpymes.core.shared.tests\bin\debug\net7.0\kitpymes.core.shared.tests.dll" id="e165de3c-3006-40b4-ac66-a45904365310">
      <Execution id="79d4aad3-dce6-447d-b1e3-64a09681d0fa" />
      <TestMethod codeBase="D:\SFERRARI\01_TRABAJO\repos\netcore\libs\template-netcore-shared\Kitpymes.Core.Shared.Tests\bin\Debug\net7.0\Kitpymes.Core.Shared.Tests.dll" adapterTypeName="executor://mstestadapter/v2" className="Kitpymes.Core.Shared.Tests.ApplicationBuilderExtensionsTests" name="ToExists_Passing_Service_Not_Found_Returns_False" />
    </UnitTest>
    <UnitTest name="ToEmailMask_Passing_ValidEmail_Returns_EmailWithMask (qaz@gmail.com,q-z@g----.com)" storage="d:\sferrari\01_trabajo\repos\netcore\libs\template-netcore-shared\kitpymes.core.shared.tests\bin\debug\net7.0\kitpymes.core.shared.tests.dll" id="2c07af9c-34e2-47c8-ae47-de20e71cddbc">
      <Execution id="7360ae1d-4bf0-4388-9b6f-a2df39d41dc8" />
      <TestMethod codeBase="D:\SFERRARI\01_TRABAJO\repos\netcore\libs\template-netcore-shared\Kitpymes.Core.Shared.Tests\bin\Debug\net7.0\Kitpymes.Core.Shared.Tests.dll" adapterTypeName="executor://mstestadapter/v2" className="Kitpymes.Core.Shared.Tests.StringExtensionsTests" name="ToEmailMask_Passing_ValidEmail_Returns_EmailWithMask" />
    </UnitTest>
    <UnitTest name="ThrowIfNotSubdomain_Passing_InvalidValue_Returns_ApplicationExceptionWithMessage ()" storage="d:\sferrari\01_trabajo\repos\netcore\libs\template-netcore-shared\kitpymes.core.shared.tests\bin\debug\net7.0\kitpymes.core.shared.tests.dll" id="e6debb89-82b3-4047-8cba-47be0fb6b0b8">
      <Execution id="4c940066-5438-4040-8f90-ce2b8f492e23" />
      <TestMethod codeBase="D:\SFERRARI\01_TRABAJO\repos\netcore\libs\template-netcore-shared\Kitpymes.Core.Shared.Tests\bin\Debug\net7.0\Kitpymes.Core.Shared.Tests.dll" adapterTypeName="executor://mstestadapter/v2" className="Kitpymes.Core.Shared.Tests.VerifyExtensionsTests" name="ThrowIfNotSubdomain_Passing_InvalidValue_Returns_ApplicationExceptionWithMessage" />
    </UnitTest>
    <UnitTest name="ToConfigureOrDefault_Passing_ActionCustomValues_Returns_CustomValues" storage="d:\sferrari\01_trabajo\repos\netcore\libs\template-netcore-shared\kitpymes.core.shared.tests\bin\debug\net7.0\kitpymes.core.shared.tests.dll" id="85214b05-05a6-44b9-9501-215e44767d58">
      <Execution id="2f4882bb-7815-4af0-bc40-25aba3100e9e" />
      <TestMethod codeBase="D:\SFERRARI\01_TRABAJO\repos\netcore\libs\template-netcore-shared\Kitpymes.Core.Shared.Tests\bin\Debug\net7.0\Kitpymes.Core.Shared.Tests.dll" adapterTypeName="executor://mstestadapter/v2" className="Kitpymes.Core.Shared.Tests.ActionExtensionsTests" name="ToConfigureOrDefault_Passing_ActionCustomValues_Returns_CustomValues" />
    </UnitTest>
    <UnitTest name="ResultOkData_WithData" storage="d:\sferrari\01_trabajo\repos\netcore\libs\template-netcore-shared\kitpymes.core.shared.tests\bin\debug\net7.0\kitpymes.core.shared.tests.dll" id="5665a28b-1d81-4f51-8c10-ebb3014fd9c0">
      <Execution id="38e4b0f2-27b8-4d75-b6a5-0322e1ee2b28" />
      <TestMethod codeBase="D:\SFERRARI\01_TRABAJO\repos\netcore\libs\template-netcore-shared\Kitpymes.Core.Shared.Tests\bin\Debug\net7.0\Kitpymes.Core.Shared.Tests.dll" adapterTypeName="executor://mstestadapter/v2" className="Kitpymes.Core.Shared.Tests.ResultTest" name="ResultOkData_WithData" />
    </UnitTest>
    <UnitTest name="ToInt_Passing_ValidValueString_Returns_Int (1234567890)" storage="d:\sferrari\01_trabajo\repos\netcore\libs\template-netcore-shared\kitpymes.core.shared.tests\bin\debug\net7.0\kitpymes.core.shared.tests.dll" id="061514cf-127d-4aa4-89c3-3ba8c16bda22">
      <Execution id="f380ccb6-0f42-4467-ac24-d93b1e54e161" />
      <TestMethod codeBase="D:\SFERRARI\01_TRABAJO\repos\netcore\libs\template-netcore-shared\Kitpymes.Core.Shared.Tests\bin\Debug\net7.0\Kitpymes.Core.Shared.Tests.dll" adapterTypeName="executor://mstestadapter/v2" className="Kitpymes.Core.Shared.Tests.StringExtensionsTests" name="ToInt_Passing_ValidValueString_Returns_Int" />
    </UnitTest>
    <UnitTest name="CreateRandom_WithDefaultAllowableCharacters_Passing_ValidArguments_Returns_String_Random_Value (10)" storage="d:\sferrari\01_trabajo\repos\netcore\libs\template-netcore-shared\kitpymes.core.shared.tests\bin\debug\net7.0\kitpymes.core.shared.tests.dll" id="bb9d9c6b-4141-4241-96a3-da8fa05616ce">
      <Execution id="518c0e04-7107-48c9-9ad4-ba20e8b2c1ba" />
      <TestMethod codeBase="D:\SFERRARI\01_TRABAJO\repos\netcore\libs\template-netcore-shared\Kitpymes.Core.Shared.Tests\bin\Debug\net7.0\Kitpymes.Core.Shared.Tests.dll" adapterTypeName="executor://mstestadapter/v2" className="Kitpymes.Core.Shared.Tests.HashTests" name="CreateRandom_WithDefaultAllowableCharacters_Passing_ValidArguments_Returns_String_Random_Value" />
    </UnitTest>
    <UnitTest name="CreateRandom_WithCustomAllowableCharacters_Passing_Valid_Arguments_Returns_String_Random_Value (5,aeiou123456)" storage="d:\sferrari\01_trabajo\repos\netcore\libs\template-netcore-shared\kitpymes.core.shared.tests\bin\debug\net7.0\kitpymes.core.shared.tests.dll" id="0bbb2001-b806-4174-baf0-0099653c7867">
      <Execution id="7e41c147-dd8f-48fa-9842-691f2299ec36" />
      <TestMethod codeBase="D:\SFERRARI\01_TRABAJO\repos\netcore\libs\template-netcore-shared\Kitpymes.Core.Shared.Tests\bin\Debug\net7.0\Kitpymes.Core.Shared.Tests.dll" adapterTypeName="executor://mstestadapter/v2" className="Kitpymes.Core.Shared.Tests.HashTests" name="CreateRandom_WithCustomAllowableCharacters_Passing_Valid_Arguments_Returns_String_Random_Value" />
    </UnitTest>
    <UnitTest name="ToDefaultValue_Passing_ValidGuid_Returns_DefaultValue" storage="d:\sferrari\01_trabajo\repos\netcore\libs\template-netcore-shared\kitpymes.core.shared.tests\bin\debug\net7.0\kitpymes.core.shared.tests.dll" id="30c21d1e-29f9-474c-b45a-71c1b8f877c9">
      <Execution id="4d8476c1-28f1-4d1b-8cd4-0068b9d343cc" />
      <TestMethod codeBase="D:\SFERRARI\01_TRABAJO\repos\netcore\libs\template-netcore-shared\Kitpymes.Core.Shared.Tests\bin\Debug\net7.0\Kitpymes.Core.Shared.Tests.dll" adapterTypeName="executor://mstestadapter/v2" className="Kitpymes.Core.Shared.Tests.TypeExtensionsTests" name="ToDefaultValue_Passing_ValidGuid_Returns_DefaultValue" />
    </UnitTest>
    <UnitTest name="ToDefaultValue_Passing_short_Returns_Cero" storage="d:\sferrari\01_trabajo\repos\netcore\libs\template-netcore-shared\kitpymes.core.shared.tests\bin\debug\net7.0\kitpymes.core.shared.tests.dll" id="48dd4138-854f-4580-a6a9-447dc792992a">
      <Execution id="674212cf-72f7-475c-9866-ade2d72779c7" />
      <TestMethod codeBase="D:\SFERRARI\01_TRABAJO\repos\netcore\libs\template-netcore-shared\Kitpymes.Core.Shared.Tests\bin\Debug\net7.0\Kitpymes.Core.Shared.Tests.dll" adapterTypeName="executor://mstestadapter/v2" className="Kitpymes.Core.Shared.Tests.GenericExtensionsTests" name="ToDefaultValue_Passing_short_Returns_Cero" />
    </UnitTest>
    <UnitTest name="ToRemove_Passing_ValidValue_Returns_ValueWithoutRemovedChars (* , ,*)" storage="d:\sferrari\01_trabajo\repos\netcore\libs\template-netcore-shared\kitpymes.core.shared.tests\bin\debug\net7.0\kitpymes.core.shared.tests.dll" id="a19db585-7179-49fe-aa74-5e231b634351">
      <Execution id="c8821427-5e01-4f4d-b04d-8da12a1ce601" />
      <TestMethod codeBase="D:\SFERRARI\01_TRABAJO\repos\netcore\libs\template-netcore-shared\Kitpymes.Core.Shared.Tests\bin\Debug\net7.0\Kitpymes.Core.Shared.Tests.dll" adapterTypeName="executor://mstestadapter/v2" className="Kitpymes.Core.Shared.Tests.StringExtensionsTests" name="ToRemove_Passing_ValidValue_Returns_ValueWithoutRemovedChars" />
    </UnitTest>
    <UnitTest name="ToIPv6_Passing_HttpContext_IP_Value_Returns_IP" storage="d:\sferrari\01_trabajo\repos\netcore\libs\template-netcore-shared\kitpymes.core.shared.tests\bin\debug\net7.0\kitpymes.core.shared.tests.dll" id="7bc36f4f-a101-4457-b27b-6cbcd4eea0cc">
      <Execution id="ac032fca-3341-4496-bbdc-2167315d6bf0" />
      <TestMethod codeBase="D:\SFERRARI\01_TRABAJO\repos\netcore\libs\template-netcore-shared\Kitpymes.Core.Shared.Tests\bin\Debug\net7.0\Kitpymes.Core.Shared.Tests.dll" adapterTypeName="executor://mstestadapter/v2" className="Kitpymes.Core.Shared.Tests.HttpContextExtensionsTests" name="ToIPv6_Passing_HttpContext_IP_Value_Returns_IP" />
    </UnitTest>
    <UnitTest name="ToRemove_Passing_ValidValue_Returns_ValueWithoutRemovedChars ( hello hello , ,hellohello)" storage="d:\sferrari\01_trabajo\repos\netcore\libs\template-netcore-shared\kitpymes.core.shared.tests\bin\debug\net7.0\kitpymes.core.shared.tests.dll" id="684776da-47e1-404d-9f49-b19c1e47145f">
      <Execution id="b2e5f90d-d5c3-4b32-bd23-05086fb6d355" />
      <TestMethod codeBase="D:\SFERRARI\01_TRABAJO\repos\netcore\libs\template-netcore-shared\Kitpymes.Core.Shared.Tests\bin\Debug\net7.0\Kitpymes.Core.Shared.Tests.dll" adapterTypeName="executor://mstestadapter/v2" className="Kitpymes.Core.Shared.Tests.StringExtensionsTests" name="ToRemove_Passing_ValidValue_Returns_ValueWithoutRemovedChars" />
    </UnitTest>
    <UnitTest name="ToRandom_Passing_Invalid_Empty_Value_Returns_Null" storage="d:\sferrari\01_trabajo\repos\netcore\libs\template-netcore-shared\kitpymes.core.shared.tests\bin\debug\net7.0\kitpymes.core.shared.tests.dll" id="b050d64c-3105-491f-affe-97d8e4db8ec0">
      <Execution id="370b2885-4612-4a5a-ba8a-1fb8ab469c86" />
      <TestMethod codeBase="D:\SFERRARI\01_TRABAJO\repos\netcore\libs\template-netcore-shared\Kitpymes.Core.Shared.Tests\bin\Debug\net7.0\Kitpymes.Core.Shared.Tests.dll" adapterTypeName="executor://mstestadapter/v2" className="Kitpymes.Core.Shared.Tests.StringExtensionsTests" name="ToRandom_Passing_Invalid_Empty_Value_Returns_Null" />
    </UnitTest>
    <UnitTest name="ToList_Passing_ValidEnumTypeWithResourceType_Returns_ValuesList" storage="d:\sferrari\01_trabajo\repos\netcore\libs\template-netcore-shared\kitpymes.core.shared.tests\bin\debug\net7.0\kitpymes.core.shared.tests.dll" id="df4faaa6-43e0-40ec-a502-62a51ba1a07e">
      <Execution id="614361a9-18ff-47d3-a20e-5795f7cb4cae" />
      <TestMethod codeBase="D:\SFERRARI\01_TRABAJO\repos\netcore\libs\template-netcore-shared\Kitpymes.Core.Shared.Tests\bin\Debug\net7.0\Kitpymes.Core.Shared.Tests.dll" adapterTypeName="executor://mstestadapter/v2" className="Kitpymes.Core.Shared.Tests.EnumsTests" name="ToList_Passing_ValidEnumTypeWithResourceType_Returns_ValuesList" />
    </UnitTest>
    <UnitTest name="ToEmailMaskUserName_Passing_ValidEmail_Returns_EmailWithMask (qazwsx@gmail.com,q****x@gmail.com)" storage="d:\sferrari\01_trabajo\repos\netcore\libs\template-netcore-shared\kitpymes.core.shared.tests\bin\debug\net7.0\kitpymes.core.shared.tests.dll" id="8e43eee4-6195-4524-9a6f-5db8e80fa882">
      <Execution id="6e71e9a9-aaaa-4237-83f7-69ce25681d53" />
      <TestMethod codeBase="D:\SFERRARI\01_TRABAJO\repos\netcore\libs\template-netcore-shared\Kitpymes.Core.Shared.Tests\bin\Debug\net7.0\Kitpymes.Core.Shared.Tests.dll" adapterTypeName="executor://mstestadapter/v2" className="Kitpymes.Core.Shared.Tests.StringExtensionsTests" name="ToEmailMaskUserName_Passing_ValidEmail_Returns_EmailWithMask" />
    </UnitTest>
    <UnitTest name="ToContentType_Passing_ValidValueString_Returns_ContentType (xxxx.txt,text/plain)" storage="d:\sferrari\01_trabajo\repos\netcore\libs\template-netcore-shared\kitpymes.core.shared.tests\bin\debug\net7.0\kitpymes.core.shared.tests.dll" id="c4da522c-a96c-4a1c-b2a8-7dcaa4957806">
      <Execution id="b094d87a-c012-413e-b69f-235aaced0458" />
      <TestMethod codeBase="D:\SFERRARI\01_TRABAJO\repos\netcore\libs\template-netcore-shared\Kitpymes.Core.Shared.Tests\bin\Debug\net7.0\Kitpymes.Core.Shared.Tests.dll" adapterTypeName="executor://mstestadapter/v2" className="Kitpymes.Core.Shared.Tests.StringExtensionsTests" name="ToContentType_Passing_ValidValueString_Returns_ContentType" />
    </UnitTest>
    <UnitTest name="ToNormalize_Passing_ValidValue_Returns_NormalizedValue (Kulħadd,Kulhadd)" storage="d:\sferrari\01_trabajo\repos\netcore\libs\template-netcore-shared\kitpymes.core.shared.tests\bin\debug\net7.0\kitpymes.core.shared.tests.dll" id="224b4faa-eb32-46c3-93af-db2bbdcffccc">
      <Execution id="95977a74-3da8-477b-b095-a60dc9fe37ea" />
      <TestMethod codeBase="D:\SFERRARI\01_TRABAJO\repos\netcore\libs\template-netcore-shared\Kitpymes.Core.Shared.Tests\bin\Debug\net7.0\Kitpymes.Core.Shared.Tests.dll" adapterTypeName="executor://mstestadapter/v2" className="Kitpymes.Core.Shared.Tests.StringExtensionsTests" name="ToNormalize_Passing_ValidValue_Returns_NormalizedValue" />
    </UnitTest>
    <UnitTest name="ToRemove_Passing_ValidValue_Returns_ValueWithoutRemovedChars (aeiou,aeiou,)" storage="d:\sferrari\01_trabajo\repos\netcore\libs\template-netcore-shared\kitpymes.core.shared.tests\bin\debug\net7.0\kitpymes.core.shared.tests.dll" id="03f79cab-dc52-4d83-aab1-1714a1eee92f">
      <Execution id="1ecb9707-6e88-4329-b17d-b3d508e81a87" />
      <TestMethod codeBase="D:\SFERRARI\01_TRABAJO\repos\netcore\libs\template-netcore-shared\Kitpymes.Core.Shared.Tests\bin\Debug\net7.0\Kitpymes.Core.Shared.Tests.dll" adapterTypeName="executor://mstestadapter/v2" className="Kitpymes.Core.Shared.Tests.StringExtensionsTests" name="ToRemove_Passing_ValidValue_Returns_ValueWithoutRemovedChars" />
    </UnitTest>
    <UnitTest name="ToNormalize_Passing_ValidValue_Returns_NormalizedValue (Åge,Age)" storage="d:\sferrari\01_trabajo\repos\netcore\libs\template-netcore-shared\kitpymes.core.shared.tests\bin\debug\net7.0\kitpymes.core.shared.tests.dll" id="90f225eb-b0d1-42a3-bffa-4b65114d8ca7">
      <Execution id="e543a4fd-ff80-40cb-aa21-111ecae8db23" />
      <TestMethod codeBase="D:\SFERRARI\01_TRABAJO\repos\netcore\libs\template-netcore-shared\Kitpymes.Core.Shared.Tests\bin\Debug\net7.0\Kitpymes.Core.Shared.Tests.dll" adapterTypeName="executor://mstestadapter/v2" className="Kitpymes.Core.Shared.Tests.StringExtensionsTests" name="ToNormalize_Passing_ValidValue_Returns_NormalizedValue" />
    </UnitTest>
    <UnitTest name="ToConfiguration_Passing_Valid_DirectoryPath_Valid_JsonFileName_Returns_Ok" storage="d:\sferrari\01_trabajo\repos\netcore\libs\template-netcore-shared\kitpymes.core.shared.tests\bin\debug\net7.0\kitpymes.core.shared.tests.dll" id="93bd52a0-d9cd-48d4-afa6-813a12772824">
      <Execution id="c95660b4-1f4a-42c7-b10c-fdca0cb323e7" />
      <TestMethod codeBase="D:\SFERRARI\01_TRABAJO\repos\netcore\libs\template-netcore-shared\Kitpymes.Core.Shared.Tests\bin\Debug\net7.0\Kitpymes.Core.Shared.Tests.dll" adapterTypeName="executor://mstestadapter/v2" className="Kitpymes.Core.Shared.Tests.ConfigurationBuilderExtensionsTests" name="ToConfiguration_Passing_Valid_DirectoryPath_Valid_JsonFileName_Returns_Ok" />
    </UnitTest>
    <UnitTest name="ResultError_WithTitle_WithStatusCode_WithDetails_WithExceptionType_WithMessages_WithErrors" storage="d:\sferrari\01_trabajo\repos\netcore\libs\template-netcore-shared\kitpymes.core.shared.tests\bin\debug\net7.0\kitpymes.core.shared.tests.dll" id="6dede315-f876-42c3-a41d-f141d6c3cafb">
      <Execution id="bef33ff3-9f1b-4c57-be38-32db8460c83e" />
      <TestMethod codeBase="D:\SFERRARI\01_TRABAJO\repos\netcore\libs\template-netcore-shared\Kitpymes.Core.Shared.Tests\bin\Debug\net7.0\Kitpymes.Core.Shared.Tests.dll" adapterTypeName="executor://mstestadapter/v2" className="Kitpymes.Core.Shared.Tests.ResultTest" name="ResultError_WithTitle_WithStatusCode_WithDetails_WithExceptionType_WithMessages_WithErrors" />
    </UnitTest>
    <UnitTest name="ToInt_Passing_Enumeration_Name_Returns_Value" storage="d:\sferrari\01_trabajo\repos\netcore\libs\template-netcore-shared\kitpymes.core.shared.tests\bin\debug\net7.0\kitpymes.core.shared.tests.dll" id="07f7d6bc-3d95-4a6d-a51a-8b0340846ccb">
      <Execution id="7248d9ea-fb45-4e54-92ab-4ef2f2682279" />
      <TestMethod codeBase="D:\SFERRARI\01_TRABAJO\repos\netcore\libs\template-netcore-shared\Kitpymes.Core.Shared.Tests\bin\Debug\net7.0\Kitpymes.Core.Shared.Tests.dll" adapterTypeName="executor://mstestadapter/v2" className="Kitpymes.Core.Shared.Tests.EnumExtensionsTests" name="ToInt_Passing_Enumeration_Name_Returns_Value" />
    </UnitTest>
    <UnitTest name="ToStringFormat_Passing_ValidValue_Returns_ValueWithoutRemovedChars (1)" storage="d:\sferrari\01_trabajo\repos\netcore\libs\template-netcore-shared\kitpymes.core.shared.tests\bin\debug\net7.0\kitpymes.core.shared.tests.dll" id="9a8aaf4e-ef72-4e57-b815-1e4344fdd22a">
      <Execution id="022b4469-063c-4f71-a60d-96f01b1a1305" />
      <TestMethod codeBase="D:\SFERRARI\01_TRABAJO\repos\netcore\libs\template-netcore-shared\Kitpymes.Core.Shared.Tests\bin\Debug\net7.0\Kitpymes.Core.Shared.Tests.dll" adapterTypeName="executor://mstestadapter/v2" className="Kitpymes.Core.Shared.Tests.IntegerExtensionsTests" name="ToStringFormat_Passing_ValidValue_Returns_ValueWithoutRemovedChars" />
    </UnitTest>
    <UnitTest name="ToString_Passing_Valid_Collection_With_Custom_Separator_Returns_String_With_Custom_Separator" storage="d:\sferrari\01_trabajo\repos\netcore\libs\template-netcore-shared\kitpymes.core.shared.tests\bin\debug\net7.0\kitpymes.core.shared.tests.dll" id="1d100068-6b80-4bd8-870b-9d5ea43e4890">
      <Execution id="021ffead-52e3-4bce-8793-0ea34c68f0ac" />
      <TestMethod codeBase="D:\SFERRARI\01_TRABAJO\repos\netcore\libs\template-netcore-shared\Kitpymes.Core.Shared.Tests\bin\Debug\net7.0\Kitpymes.Core.Shared.Tests.dll" adapterTypeName="executor://mstestadapter/v2" className="Kitpymes.Core.Shared.Tests.EnumerableExtensionsTests" name="ToString_Passing_Valid_Collection_With_Custom_Separator_Returns_String_With_Custom_Separator" />
    </UnitTest>
    <UnitTest name="ToReplaceSpecialChars_Passing_ValidValue_Returns_ReplacedValueWithoutIgnoreSpecialChars (*¨^_:-?¿;,)" storage="d:\sferrari\01_trabajo\repos\netcore\libs\template-netcore-shared\kitpymes.core.shared.tests\bin\debug\net7.0\kitpymes.core.shared.tests.dll" id="f69c8d65-75ff-438c-977a-52391b71487d">
      <Execution id="2979933c-9c48-4ca9-b04f-516197674c51" />
      <TestMethod codeBase="D:\SFERRARI\01_TRABAJO\repos\netcore\libs\template-netcore-shared\Kitpymes.Core.Shared.Tests\bin\Debug\net7.0\Kitpymes.Core.Shared.Tests.dll" adapterTypeName="executor://mstestadapter/v2" className="Kitpymes.Core.Shared.Tests.StringExtensionsTests" name="ToReplaceSpecialChars_Passing_ValidValue_Returns_ReplacedValueWithoutIgnoreSpecialChars" />
    </UnitTest>
    <UnitTest name="CreateAndVerifySHA256_Passing_Valid_Arguments_Returns_True (sdlfkjldsfksdfñl·%$·&amp;$/U&amp;/)(&amp;()?=)¿?^P*^PÑL,.,.lñ´ñ+98098'098098)" storage="d:\sferrari\01_trabajo\repos\netcore\libs\template-netcore-shared\kitpymes.core.shared.tests\bin\debug\net7.0\kitpymes.core.shared.tests.dll" id="7e29317e-219f-4e44-b78f-c1c3552aff71">
      <Execution id="b664ecb4-32f5-4023-ace4-68c00a2a729f" />
      <TestMethod codeBase="D:\SFERRARI\01_TRABAJO\repos\netcore\libs\template-netcore-shared\Kitpymes.Core.Shared.Tests\bin\Debug\net7.0\Kitpymes.Core.Shared.Tests.dll" adapterTypeName="executor://mstestadapter/v2" className="Kitpymes.Core.Shared.Tests.HashTests" name="CreateAndVerifySHA256_Passing_Valid_Arguments_Returns_True" />
    </UnitTest>
    <UnitTest name="ResultInternalServerError" storage="d:\sferrari\01_trabajo\repos\netcore\libs\template-netcore-shared\kitpymes.core.shared.tests\bin\debug\net7.0\kitpymes.core.shared.tests.dll" id="a11af258-ff7f-47a4-ab44-1132c689e843">
      <Execution id="835d03ca-77b4-4977-88f6-594d48280fb7" />
      <TestMethod codeBase="D:\SFERRARI\01_TRABAJO\repos\netcore\libs\template-netcore-shared\Kitpymes.Core.Shared.Tests\bin\Debug\net7.0\Kitpymes.Core.Shared.Tests.dll" adapterTypeName="executor://mstestadapter/v2" className="Kitpymes.Core.Shared.Tests.ResultTest" name="ResultInternalServerError" />
    </UnitTest>
    <UnitTest name="ToNormalize_Passing_ValidValue_Returns_NormalizedValue (ìíïî,iiii)" storage="d:\sferrari\01_trabajo\repos\netcore\libs\template-netcore-shared\kitpymes.core.shared.tests\bin\debug\net7.0\kitpymes.core.shared.tests.dll" id="3487b0f5-3056-4620-8d01-37d21710f169">
      <Execution id="e7aad8de-9be1-4787-b88f-5f5ec14a33a1" />
      <TestMethod codeBase="D:\SFERRARI\01_TRABAJO\repos\netcore\libs\template-netcore-shared\Kitpymes.Core.Shared.Tests\bin\Debug\net7.0\Kitpymes.Core.Shared.Tests.dll" adapterTypeName="executor://mstestadapter/v2" className="Kitpymes.Core.Shared.Tests.StringExtensionsTests" name="ToNormalize_Passing_ValidValue_Returns_NormalizedValue" />
    </UnitTest>
    <UnitTest name="ToSecuencial_Passing_Guids_Returns_GuidsSecuencials" storage="d:\sferrari\01_trabajo\repos\netcore\libs\template-netcore-shared\kitpymes.core.shared.tests\bin\debug\net7.0\kitpymes.core.shared.tests.dll" id="5abde55f-3205-4f65-9db5-7a37e1b4b437">
      <Execution id="2b90afe1-35f5-46f0-ac90-89a499d62615" />
      <TestMethod codeBase="D:\SFERRARI\01_TRABAJO\repos\netcore\libs\template-netcore-shared\Kitpymes.Core.Shared.Tests\bin\Debug\net7.0\Kitpymes.Core.Shared.Tests.dll" adapterTypeName="executor://mstestadapter/v2" className="Kitpymes.Core.Shared.Tests.GuidExtensionsTests" name="ToSecuencial_Passing_Guids_Returns_GuidsSecuencials" />
    </UnitTest>
    <UnitTest name="ToSetTime_Passing_Time_String_Returns_DateTime" storage="d:\sferrari\01_trabajo\repos\netcore\libs\template-netcore-shared\kitpymes.core.shared.tests\bin\debug\net7.0\kitpymes.core.shared.tests.dll" id="d8f5bca3-1b88-4041-a1bd-d1376ce6c617">
      <Execution id="370f34df-9f18-42c3-aaea-639f64c1c66d" />
      <TestMethod codeBase="D:\SFERRARI\01_TRABAJO\repos\netcore\libs\template-netcore-shared\Kitpymes.Core.Shared.Tests\bin\Debug\net7.0\Kitpymes.Core.Shared.Tests.dll" adapterTypeName="executor://mstestadapter/v2" className="Kitpymes.Core.Shared.Tests.DateTimeExtensionsTests" name="ToSetTime_Passing_Time_String_Returns_DateTime" />
    </UnitTest>
    <UnitTest name="ThrowIfNotFileExtension_Passing_InvalidValue_Returns_ApplicationExceptionWithMessage" storage="d:\sferrari\01_trabajo\repos\netcore\libs\template-netcore-shared\kitpymes.core.shared.tests\bin\debug\net7.0\kitpymes.core.shared.tests.dll" id="caea1e91-a43b-4ea3-a7dc-d5819ec2bec0">
      <Execution id="3c968de7-cf9f-4cb1-93ff-6f5bd77aaf40" />
      <TestMethod codeBase="D:\SFERRARI\01_TRABAJO\repos\netcore\libs\template-netcore-shared\Kitpymes.Core.Shared.Tests\bin\Debug\net7.0\Kitpymes.Core.Shared.Tests.dll" adapterTypeName="executor://mstestadapter/v2" className="Kitpymes.Core.Shared.Tests.VerifyExtensionsTests" name="ThrowIfNotFileExtension_Passing_InvalidValue_Returns_ApplicationExceptionWithMessage" />
    </UnitTest>
    <UnitTest name="ToUri_Passing_ValidValueString_Returns_Uri (http://مثال.إختبار)" storage="d:\sferrari\01_trabajo\repos\netcore\libs\template-netcore-shared\kitpymes.core.shared.tests\bin\debug\net7.0\kitpymes.core.shared.tests.dll" id="afca42cf-8e0b-46a9-8b7d-57fb0351be3d">
      <Execution id="0e1384be-7f20-4754-99de-1682a7ac2930" />
      <TestMethod codeBase="D:\SFERRARI\01_TRABAJO\repos\netcore\libs\template-netcore-shared\Kitpymes.Core.Shared.Tests\bin\Debug\net7.0\Kitpymes.Core.Shared.Tests.dll" adapterTypeName="executor://mstestadapter/v2" className="Kitpymes.Core.Shared.Tests.StringExtensionsTests" name="ToUri_Passing_ValidValueString_Returns_Uri" />
    </UnitTest>
    <UnitTest name="ToFirstLetterUpper_Passing_ValidValue_Returns_StringWithFirstLetterUpper (aeiou,Aeiou)" storage="d:\sferrari\01_trabajo\repos\netcore\libs\template-netcore-shared\kitpymes.core.shared.tests\bin\debug\net7.0\kitpymes.core.shared.tests.dll" id="a981eb02-60b2-46c5-b8c3-c3f4d9b37b77">
      <Execution id="89aa8bcc-405c-4faa-9425-cd00958f7b59" />
      <TestMethod codeBase="D:\SFERRARI\01_TRABAJO\repos\netcore\libs\template-netcore-shared\Kitpymes.Core.Shared.Tests\bin\Debug\net7.0\Kitpymes.Core.Shared.Tests.dll" adapterTypeName="executor://mstestadapter/v2" className="Kitpymes.Core.Shared.Tests.StringExtensionsTests" name="ToFirstLetterUpper_Passing_ValidValue_Returns_StringWithFirstLetterUpper" />
    </UnitTest>
    <UnitTest name="ToUri_Passing_ValidValueString_Returns_Uri (http://userid@example.com:8080/)" storage="d:\sferrari\01_trabajo\repos\netcore\libs\template-netcore-shared\kitpymes.core.shared.tests\bin\debug\net7.0\kitpymes.core.shared.tests.dll" id="1e77783b-e700-4381-a560-43f0aed64413">
      <Execution id="d5b0cd70-ac07-4c13-b5e9-c2c2362353be" />
      <TestMethod codeBase="D:\SFERRARI\01_TRABAJO\repos\netcore\libs\template-netcore-shared\Kitpymes.Core.Shared.Tests\bin\Debug\net7.0\Kitpymes.Core.Shared.Tests.dll" adapterTypeName="executor://mstestadapter/v2" className="Kitpymes.Core.Shared.Tests.StringExtensionsTests" name="ToUri_Passing_ValidValueString_Returns_Uri" />
    </UnitTest>
    <UnitTest name="CreateRandom_WithDefaultAllowableCharacters_Passing_ValidArguments_Returns_String_Random_Value (20)" storage="d:\sferrari\01_trabajo\repos\netcore\libs\template-netcore-shared\kitpymes.core.shared.tests\bin\debug\net7.0\kitpymes.core.shared.tests.dll" id="3618d4c5-4ee9-4eb6-9b4e-42ea0b3e7e1d">
      <Execution id="5dddc152-4f64-4288-a035-773667dbb74b" />
      <TestMethod codeBase="D:\SFERRARI\01_TRABAJO\repos\netcore\libs\template-netcore-shared\Kitpymes.Core.Shared.Tests\bin\Debug\net7.0\Kitpymes.Core.Shared.Tests.dll" adapterTypeName="executor://mstestadapter/v2" className="Kitpymes.Core.Shared.Tests.HashTests" name="CreateRandom_WithDefaultAllowableCharacters_Passing_ValidArguments_Returns_String_Random_Value" />
    </UnitTest>
    <UnitTest name="ToUri_Passing_ValidValueString_Returns_Uri (http://foo.com/blah_blah/)" storage="d:\sferrari\01_trabajo\repos\netcore\libs\template-netcore-shared\kitpymes.core.shared.tests\bin\debug\net7.0\kitpymes.core.shared.tests.dll" id="b9c2fc4e-c8f6-44f1-a487-7f646e3f33d5">
      <Execution id="ea721629-5aae-4da5-80c4-a2cc348fb2ca" />
      <TestMethod codeBase="D:\SFERRARI\01_TRABAJO\repos\netcore\libs\template-netcore-shared\Kitpymes.Core.Shared.Tests\bin\Debug\net7.0\Kitpymes.Core.Shared.Tests.dll" adapterTypeName="executor://mstestadapter/v2" className="Kitpymes.Core.Shared.Tests.StringExtensionsTests" name="ToUri_Passing_ValidValueString_Returns_Uri" />
    </UnitTest>
    <UnitTest name="ToNormalize_Passing_ValidValue_Returns_NormalizedValue (ÈÉËÊ,EEEE)" storage="d:\sferrari\01_trabajo\repos\netcore\libs\template-netcore-shared\kitpymes.core.shared.tests\bin\debug\net7.0\kitpymes.core.shared.tests.dll" id="83994802-1fd0-4f70-8057-d139d2e090c1">
      <Execution id="0da34dae-78fd-4573-b545-ebdeefda3ec9" />
      <TestMethod codeBase="D:\SFERRARI\01_TRABAJO\repos\netcore\libs\template-netcore-shared\Kitpymes.Core.Shared.Tests\bin\Debug\net7.0\Kitpymes.Core.Shared.Tests.dll" adapterTypeName="executor://mstestadapter/v2" className="Kitpymes.Core.Shared.Tests.StringExtensionsTests" name="ToNormalize_Passing_ValidValue_Returns_NormalizedValue" />
    </UnitTest>
    <UnitTest name="ToUri_Passing_ValidValueString_Returns_Uri (http://userid:password@example.com:8080/)" storage="d:\sferrari\01_trabajo\repos\netcore\libs\template-netcore-shared\kitpymes.core.shared.tests\bin\debug\net7.0\kitpymes.core.shared.tests.dll" id="c6195dc6-024a-4521-89b8-08e0fb176782">
      <Execution id="1ca86556-d6c9-4c73-9db3-2a51aa517e14" />
      <TestMethod codeBase="D:\SFERRARI\01_TRABAJO\repos\netcore\libs\template-netcore-shared\Kitpymes.Core.Shared.Tests\bin\Debug\net7.0\Kitpymes.Core.Shared.Tests.dll" adapterTypeName="executor://mstestadapter/v2" className="Kitpymes.Core.Shared.Tests.StringExtensionsTests" name="ToUri_Passing_ValidValueString_Returns_Uri" />
    </UnitTest>
    <UnitTest name="ToDefaultValue_Passing_ValidStruct_Returns_DefaultValue" storage="d:\sferrari\01_trabajo\repos\netcore\libs\template-netcore-shared\kitpymes.core.shared.tests\bin\debug\net7.0\kitpymes.core.shared.tests.dll" id="5b07da19-9b8c-42e7-96cb-475b772b4f9f">
      <Execution id="c1927ddb-9387-42a2-8d68-977b42b75bd1" />
      <TestMethod codeBase="D:\SFERRARI\01_TRABAJO\repos\netcore\libs\template-netcore-shared\Kitpymes.Core.Shared.Tests\bin\Debug\net7.0\Kitpymes.Core.Shared.Tests.dll" adapterTypeName="executor://mstestadapter/v2" className="Kitpymes.Core.Shared.Tests.TypeExtensionsTests" name="ToDefaultValue_Passing_ValidStruct_Returns_DefaultValue" />
    </UnitTest>
    <UnitTest name="ToConfiguration_Passing_Valid_DirectoryPath_Invalid_JsonFileName_Not_Optional_Returns_ApplicationException" storage="d:\sferrari\01_trabajo\repos\netcore\libs\template-netcore-shared\kitpymes.core.shared.tests\bin\debug\net7.0\kitpymes.core.shared.tests.dll" id="c8d0ef7d-c3c4-4c18-8f6b-66e4b17b3e74">
      <Execution id="063809d5-a69d-492f-af23-7b71fadbf482" />
      <TestMethod codeBase="D:\SFERRARI\01_TRABAJO\repos\netcore\libs\template-netcore-shared\Kitpymes.Core.Shared.Tests\bin\Debug\net7.0\Kitpymes.Core.Shared.Tests.dll" adapterTypeName="executor://mstestadapter/v2" className="Kitpymes.Core.Shared.Tests.ConfigurationBuilderExtensionsTests" name="ToConfiguration_Passing_Valid_DirectoryPath_Invalid_JsonFileName_Not_Optional_Returns_ApplicationException" />
    </UnitTest>
    <UnitTest name="ThrowIfNotEmail_Passing_InvalidValue_Returns_ApplicationExceptionWithMessage (dasdasd@dsasd.._ff)" storage="d:\sferrari\01_trabajo\repos\netcore\libs\template-netcore-shared\kitpymes.core.shared.tests\bin\debug\net7.0\kitpymes.core.shared.tests.dll" id="5d4c5b26-5d5a-4c94-b1f6-dab8d3279a85">
      <Execution id="9aa3ebe7-6ea0-4574-ac07-aaa292e94584" />
      <TestMethod codeBase="D:\SFERRARI\01_TRABAJO\repos\netcore\libs\template-netcore-shared\Kitpymes.Core.Shared.Tests\bin\Debug\net7.0\Kitpymes.Core.Shared.Tests.dll" adapterTypeName="executor://mstestadapter/v2" className="Kitpymes.Core.Shared.Tests.VerifyExtensionsTests" name="ThrowIfNotEmail_Passing_InvalidValue_Returns_ApplicationExceptionWithMessage" />
    </UnitTest>
    <UnitTest name="ToFullMessage_Passing_ExceptionWithMessage_Returns_Message" storage="d:\sferrari\01_trabajo\repos\netcore\libs\template-netcore-shared\kitpymes.core.shared.tests\bin\debug\net7.0\kitpymes.core.shared.tests.dll" id="13ef9025-f0c8-4326-ac16-34bc116dd2cf">
      <Execution id="30bfcdc9-2f57-4004-8657-8ec53a695324" />
      <TestMethod codeBase="D:\SFERRARI\01_TRABAJO\repos\netcore\libs\template-netcore-shared\Kitpymes.Core.Shared.Tests\bin\Debug\net7.0\Kitpymes.Core.Shared.Tests.dll" adapterTypeName="executor://mstestadapter/v2" className="Kitpymes.Core.Shared.Tests.ExceptionExtensionsTests" name="ToFullMessage_Passing_ExceptionWithMessage_Returns_Message" />
    </UnitTest>
    <UnitTest name="ToZipExtract_Passing_ValidArchive_Returns_Files" storage="d:\sferrari\01_trabajo\repos\netcore\libs\template-netcore-shared\kitpymes.core.shared.tests\bin\debug\net7.0\kitpymes.core.shared.tests.dll" id="382c9120-6887-4ec1-ac83-63cf772cdcde">
      <Execution id="5cccf01d-a27f-44f7-9aba-27fd3c34a8a0" />
      <TestMethod codeBase="D:\SFERRARI\01_TRABAJO\repos\netcore\libs\template-netcore-shared\Kitpymes.Core.Shared.Tests\bin\Debug\net7.0\Kitpymes.Core.Shared.Tests.dll" adapterTypeName="executor://mstestadapter/v2" className="Kitpymes.Core.Shared.Tests.StringExtensionsTests" name="ToZipExtract_Passing_ValidArchive_Returns_Files" />
    </UnitTest>
    <UnitTest name="ToEnvironment_ServiceCollection_Passing_Production_Enviroment_Returns_Production_Name" storage="d:\sferrari\01_trabajo\repos\netcore\libs\template-netcore-shared\kitpymes.core.shared.tests\bin\debug\net7.0\kitpymes.core.shared.tests.dll" id="1479ec3f-07ab-4ea5-9ce0-921962c5a46b">
      <Execution id="874ba3fe-7b12-449d-be56-ed17565cfff0" />
      <TestMethod codeBase="D:\SFERRARI\01_TRABAJO\repos\netcore\libs\template-netcore-shared\Kitpymes.Core.Shared.Tests\bin\Debug\net7.0\Kitpymes.Core.Shared.Tests.dll" adapterTypeName="executor://mstestadapter/v2" className="Kitpymes.Core.Shared.Tests.ConfigurationBuilderExtensionsTests" name="ToEnvironment_ServiceCollection_Passing_Production_Enviroment_Returns_Production_Name" />
    </UnitTest>
    <UnitTest name="ResultBadRequest_WithErrors_Value" storage="d:\sferrari\01_trabajo\repos\netcore\libs\template-netcore-shared\kitpymes.core.shared.tests\bin\debug\net7.0\kitpymes.core.shared.tests.dll" id="6d2f78a1-767b-49a6-a64a-35d7ae112ae1">
      <Execution id="95c895f4-946d-47d2-976d-4397479ad9e8" />
      <TestMethod codeBase="D:\SFERRARI\01_TRABAJO\repos\netcore\libs\template-netcore-shared\Kitpymes.Core.Shared.Tests\bin\Debug\net7.0\Kitpymes.Core.Shared.Tests.dll" adapterTypeName="executor://mstestadapter/v2" className="Kitpymes.Core.Shared.Tests.ResultTest" name="ResultBadRequest_WithErrors_Value" />
    </UnitTest>
    <UnitTest name="ToUri_Passing_ValidValueString_Returns_Uri (http://userid:password@example.com)" storage="d:\sferrari\01_trabajo\repos\netcore\libs\template-netcore-shared\kitpymes.core.shared.tests\bin\debug\net7.0\kitpymes.core.shared.tests.dll" id="c46090a0-b850-40b6-9a38-e6afdb0e2743">
      <Execution id="15ce4619-0ed8-4e6a-861e-32096326fa4a" />
      <TestMethod codeBase="D:\SFERRARI\01_TRABAJO\repos\netcore\libs\template-netcore-shared\Kitpymes.Core.Shared.Tests\bin\Debug\net7.0\Kitpymes.Core.Shared.Tests.dll" adapterTypeName="executor://mstestadapter/v2" className="Kitpymes.Core.Shared.Tests.StringExtensionsTests" name="ToUri_Passing_ValidValueString_Returns_Uri" />
    </UnitTest>
    <UnitTest name="CreateAndVerifySHA512_Passing_Valid_Arguments_Returns_True (Password)" storage="d:\sferrari\01_trabajo\repos\netcore\libs\template-netcore-shared\kitpymes.core.shared.tests\bin\debug\net7.0\kitpymes.core.shared.tests.dll" id="f3a5886f-99d4-46ba-9797-5017a29c4b46">
      <Execution id="f0c4578f-8eb7-4bfe-971a-cd321b9e395c" />
      <TestMethod codeBase="D:\SFERRARI\01_TRABAJO\repos\netcore\libs\template-netcore-shared\Kitpymes.Core.Shared.Tests\bin\Debug\net7.0\Kitpymes.Core.Shared.Tests.dll" adapterTypeName="executor://mstestadapter/v2" className="Kitpymes.Core.Shared.Tests.HashTests" name="CreateAndVerifySHA512_Passing_Valid_Arguments_Returns_True" />
    </UnitTest>
    <UnitTest name="ToAuthenticationType_Passing_Claims_Returns_Null" storage="d:\sferrari\01_trabajo\repos\netcore\libs\template-netcore-shared\kitpymes.core.shared.tests\bin\debug\net7.0\kitpymes.core.shared.tests.dll" id="cb39f019-8ad5-47b6-88d4-01648965f5a2">
      <Execution id="7dafbf9b-14be-4773-b1d2-05e14c532676" />
      <TestMethod codeBase="D:\SFERRARI\01_TRABAJO\repos\netcore\libs\template-netcore-shared\Kitpymes.Core.Shared.Tests\bin\Debug\net7.0\Kitpymes.Core.Shared.Tests.dll" adapterTypeName="executor://mstestadapter/v2" className="Kitpymes.Core.Shared.Tests.ClaimsPrincipalExtensionsTests" name="ToAuthenticationType_Passing_Claims_Returns_Null" />
    </UnitTest>
    <UnitTest name="ToCount_Passing_ValidEnumType_Returns_Count" storage="d:\sferrari\01_trabajo\repos\netcore\libs\template-netcore-shared\kitpymes.core.shared.tests\bin\debug\net7.0\kitpymes.core.shared.tests.dll" id="1f2bba42-10c5-4d45-9eb2-d023b4853d52">
      <Execution id="a68181c5-dde6-438b-b203-b624706f0314" />
      <TestMethod codeBase="D:\SFERRARI\01_TRABAJO\repos\netcore\libs\template-netcore-shared\Kitpymes.Core.Shared.Tests\bin\Debug\net7.0\Kitpymes.Core.Shared.Tests.dll" adapterTypeName="executor://mstestadapter/v2" className="Kitpymes.Core.Shared.Tests.EnumsTests" name="ToCount_Passing_ValidEnumType_Returns_Count" />
    </UnitTest>
    <UnitTest name="ToUri_Passing_ValidValueString_Returns_Uri (https://foo.com/blah_blah/p=5)" storage="d:\sferrari\01_trabajo\repos\netcore\libs\template-netcore-shared\kitpymes.core.shared.tests\bin\debug\net7.0\kitpymes.core.shared.tests.dll" id="e410097f-d36c-4732-9b9a-2090345e1075">
      <Execution id="46ab8bca-83ae-433d-9c1d-b8ac5a0bca53" />
      <TestMethod codeBase="D:\SFERRARI\01_TRABAJO\repos\netcore\libs\template-netcore-shared\Kitpymes.Core.Shared.Tests\bin\Debug\net7.0\Kitpymes.Core.Shared.Tests.dll" adapterTypeName="executor://mstestadapter/v2" className="Kitpymes.Core.Shared.Tests.StringExtensionsTests" name="ToUri_Passing_ValidValueString_Returns_Uri" />
    </UnitTest>
    <UnitTest name="ToNormalize_Passing_ValidValue_Returns_NormalizedValue (i’ LL,i LL)" storage="d:\sferrari\01_trabajo\repos\netcore\libs\template-netcore-shared\kitpymes.core.shared.tests\bin\debug\net7.0\kitpymes.core.shared.tests.dll" id="1edf77e9-7196-41a7-a89e-a7a5fc12cebb">
      <Execution id="27337643-85bf-44a6-8d35-6b647db2476c" />
      <TestMethod codeBase="D:\SFERRARI\01_TRABAJO\repos\netcore\libs\template-netcore-shared\Kitpymes.Core.Shared.Tests\bin\Debug\net7.0\Kitpymes.Core.Shared.Tests.dll" adapterTypeName="executor://mstestadapter/v2" className="Kitpymes.Core.Shared.Tests.StringExtensionsTests" name="ToNormalize_Passing_ValidValue_Returns_NormalizedValue" />
    </UnitTest>
    <UnitTest name="ToSettings_Passing_Values_From_AppSettingsFile_Returns_Settings" storage="d:\sferrari\01_trabajo\repos\netcore\libs\template-netcore-shared\kitpymes.core.shared.tests\bin\debug\net7.0\kitpymes.core.shared.tests.dll" id="15b19e81-81be-4fa0-ab11-48b0b9e30fc6">
      <Execution id="768ccc75-edac-436f-9de9-750ac1d9b134" />
      <TestMethod codeBase="D:\SFERRARI\01_TRABAJO\repos\netcore\libs\template-netcore-shared\Kitpymes.Core.Shared.Tests\bin\Debug\net7.0\Kitpymes.Core.Shared.Tests.dll" adapterTypeName="executor://mstestadapter/v2" className="Kitpymes.Core.Shared.Tests.ConfigurationBuilderExtensionsTests" name="ToSettings_Passing_Values_From_AppSettingsFile_Returns_Settings" />
    </UnitTest>
    <UnitTest name="ToStartOfWeek_Passing_DateTime_Returns_Start_Of_Week_DateTime" storage="d:\sferrari\01_trabajo\repos\netcore\libs\template-netcore-shared\kitpymes.core.shared.tests\bin\debug\net7.0\kitpymes.core.shared.tests.dll" id="fbf6edf8-00ff-4429-8983-69099c82ef43">
      <Execution id="226399da-f837-4ed4-ab0f-55d1de583a5f" />
      <TestMethod codeBase="D:\SFERRARI\01_TRABAJO\repos\netcore\libs\template-netcore-shared\Kitpymes.Core.Shared.Tests\bin\Debug\net7.0\Kitpymes.Core.Shared.Tests.dll" adapterTypeName="executor://mstestadapter/v2" className="Kitpymes.Core.Shared.Tests.DateTimeExtensionsTests" name="ToStartOfWeek_Passing_DateTime_Returns_Start_Of_Week_DateTime" />
    </UnitTest>
    <UnitTest name="ThrowIfFileNotExists_Passing_InvalidValue_Returns_ApplicationExceptionWithMessage" storage="d:\sferrari\01_trabajo\repos\netcore\libs\template-netcore-shared\kitpymes.core.shared.tests\bin\debug\net7.0\kitpymes.core.shared.tests.dll" id="47beb7af-88cf-4683-9ddd-bed3908a51b8">
      <Execution id="80266447-09b4-4a7a-8b66-c4087e6e80d9" />
      <TestMethod codeBase="D:\SFERRARI\01_TRABAJO\repos\netcore\libs\template-netcore-shared\Kitpymes.Core.Shared.Tests\bin\Debug\net7.0\Kitpymes.Core.Shared.Tests.dll" adapterTypeName="executor://mstestadapter/v2" className="Kitpymes.Core.Shared.Tests.VerifyExtensionsTests" name="ThrowIfFileNotExists_Passing_InvalidValue_Returns_ApplicationExceptionWithMessage" />
    </UnitTest>
    <UnitTest name="ToFirstLetterUpper_Passing_ValidValue_Returns_StringWithFirstLetterUpper (aEIOU,AEIOU)" storage="d:\sferrari\01_trabajo\repos\netcore\libs\template-netcore-shared\kitpymes.core.shared.tests\bin\debug\net7.0\kitpymes.core.shared.tests.dll" id="c6af39cd-2d67-40cd-958b-a1956293a195">
      <Execution id="7bf553c8-0468-4a1b-9033-11f7c9981847" />
      <TestMethod codeBase="D:\SFERRARI\01_TRABAJO\repos\netcore\libs\template-netcore-shared\Kitpymes.Core.Shared.Tests\bin\Debug\net7.0\Kitpymes.Core.Shared.Tests.dll" adapterTypeName="executor://mstestadapter/v2" className="Kitpymes.Core.Shared.Tests.StringExtensionsTests" name="ToFirstLetterUpper_Passing_ValidValue_Returns_StringWithFirstLetterUpper" />
    </UnitTest>
    <UnitTest name="ToDefaultValue_Passing_int_Returns_Cero (2147483647)" storage="d:\sferrari\01_trabajo\repos\netcore\libs\template-netcore-shared\kitpymes.core.shared.tests\bin\debug\net7.0\kitpymes.core.shared.tests.dll" id="aff7741c-e9e0-48dd-a9bd-1840ea2722aa">
      <Execution id="aae52890-3872-4540-b314-1aa0b705319b" />
      <TestMethod codeBase="D:\SFERRARI\01_TRABAJO\repos\netcore\libs\template-netcore-shared\Kitpymes.Core.Shared.Tests\bin\Debug\net7.0\Kitpymes.Core.Shared.Tests.dll" adapterTypeName="executor://mstestadapter/v2" className="Kitpymes.Core.Shared.Tests.GenericExtensionsTests" name="ToDefaultValue_Passing_int_Returns_Cero" />
    </UnitTest>
    <UnitTest name="ToMapNew_Passing_TSource_And_TDestination_Returns_New_TDestination_Object" storage="d:\sferrari\01_trabajo\repos\netcore\libs\template-netcore-shared\kitpymes.core.shared.tests\bin\debug\net7.0\kitpymes.core.shared.tests.dll" id="370cf00b-2e15-4bbd-82a2-a9a0ea07470c">
      <Execution id="278e6553-409b-4bce-802a-1b7bc19043a7" />
      <TestMethod codeBase="D:\SFERRARI\01_TRABAJO\repos\netcore\libs\template-netcore-shared\Kitpymes.Core.Shared.Tests\bin\Debug\net7.0\Kitpymes.Core.Shared.Tests.dll" adapterTypeName="executor://mstestadapter/v2" className="Kitpymes.Core.Shared.Tests.AgileMapperExtensionsTests" name="ToMapNew_Passing_TSource_And_TDestination_Returns_New_TDestination_Object" />
    </UnitTest>
    <UnitTest name="ToDefaultValue_Passing_ValidInt_Returns_DefaultValue" storage="d:\sferrari\01_trabajo\repos\netcore\libs\template-netcore-shared\kitpymes.core.shared.tests\bin\debug\net7.0\kitpymes.core.shared.tests.dll" id="6ec34ea7-3869-4900-95d1-3cc063a7f114">
      <Execution id="7c7aa087-2f39-445c-aedf-4c9c76433e66" />
      <TestMethod codeBase="D:\SFERRARI\01_TRABAJO\repos\netcore\libs\template-netcore-shared\Kitpymes.Core.Shared.Tests\bin\Debug\net7.0\Kitpymes.Core.Shared.Tests.dll" adapterTypeName="executor://mstestadapter/v2" className="Kitpymes.Core.Shared.Tests.TypeExtensionsTests" name="ToDefaultValue_Passing_ValidInt_Returns_DefaultValue" />
    </UnitTest>
    <UnitTest name="ToGet_Passing_Claims_Returns_Claim_Value_String" storage="d:\sferrari\01_trabajo\repos\netcore\libs\template-netcore-shared\kitpymes.core.shared.tests\bin\debug\net7.0\kitpymes.core.shared.tests.dll" id="608c2a52-0b20-40cf-950f-b9f2daac9760">
      <Execution id="008f7843-cf33-43ed-bcbb-f68ee7c998aa" />
      <TestMethod codeBase="D:\SFERRARI\01_TRABAJO\repos\netcore\libs\template-netcore-shared\Kitpymes.Core.Shared.Tests\bin\Debug\net7.0\Kitpymes.Core.Shared.Tests.dll" adapterTypeName="executor://mstestadapter/v2" className="Kitpymes.Core.Shared.Tests.ClaimsPrincipalExtensionsTests" name="ToGet_Passing_Claims_Returns_Claim_Value_String" />
    </UnitTest>
    <UnitTest name="ToUri_Passing_ValidValueString_Returns_Uri (//foo.com/blah_blah?p=5)" storage="d:\sferrari\01_trabajo\repos\netcore\libs\template-netcore-shared\kitpymes.core.shared.tests\bin\debug\net7.0\kitpymes.core.shared.tests.dll" id="9212aa78-82fe-461c-a02a-895b241cbc2c">
      <Execution id="d0a38a9d-56a3-4ca1-9dc3-aefef71c573a" />
      <TestMethod codeBase="D:\SFERRARI\01_TRABAJO\repos\netcore\libs\template-netcore-shared\Kitpymes.Core.Shared.Tests\bin\Debug\net7.0\Kitpymes.Core.Shared.Tests.dll" adapterTypeName="executor://mstestadapter/v2" className="Kitpymes.Core.Shared.Tests.StringExtensionsTests" name="ToUri_Passing_ValidValueString_Returns_Uri" />
    </UnitTest>
    <UnitTest name="ToDirectoryTemporary_Passing_ValidValue_Returns_DirectoryExists" storage="d:\sferrari\01_trabajo\repos\netcore\libs\template-netcore-shared\kitpymes.core.shared.tests\bin\debug\net7.0\kitpymes.core.shared.tests.dll" id="561de9cf-c515-45f3-a054-d27aeac8bb28">
      <Execution id="accf9f51-93de-459a-8c55-06c735a1744a" />
      <TestMethod codeBase="D:\SFERRARI\01_TRABAJO\repos\netcore\libs\template-netcore-shared\Kitpymes.Core.Shared.Tests\bin\Debug\net7.0\Kitpymes.Core.Shared.Tests.dll" adapterTypeName="executor://mstestadapter/v2" className="Kitpymes.Core.Shared.Tests.StringExtensionsTests" name="ToDirectoryTemporary_Passing_ValidValue_Returns_DirectoryExists" />
    </UnitTest>
    <UnitTest name="ToDirectoryFindFilePath_Passing_ValidValue_Returns_FilePath" storage="d:\sferrari\01_trabajo\repos\netcore\libs\template-netcore-shared\kitpymes.core.shared.tests\bin\debug\net7.0\kitpymes.core.shared.tests.dll" id="743d1f91-5f2f-4109-aefe-ca980d011bd6">
      <Execution id="ff8a1a07-b729-4573-bc9a-61bc66c60f4d" />
      <TestMethod codeBase="D:\SFERRARI\01_TRABAJO\repos\netcore\libs\template-netcore-shared\Kitpymes.Core.Shared.Tests\bin\Debug\net7.0\Kitpymes.Core.Shared.Tests.dll" adapterTypeName="executor://mstestadapter/v2" className="Kitpymes.Core.Shared.Tests.StringExtensionsTests" name="ToDirectoryFindFilePath_Passing_ValidValue_Returns_FilePath" />
    </UnitTest>
    <UnitTest name="ToEmailMaskUserName_Passing_ValidEmail_Returns_EmailWithMask (qazwsxedc@gmailgmail.com,q*******c@gmailgmail.com)" storage="d:\sferrari\01_trabajo\repos\netcore\libs\template-netcore-shared\kitpymes.core.shared.tests\bin\debug\net7.0\kitpymes.core.shared.tests.dll" id="36014f08-2de1-404d-9651-01c136428b65">
      <Execution id="7f3038cb-5f82-485c-8a43-5a07b8d3a412" />
      <TestMethod codeBase="D:\SFERRARI\01_TRABAJO\repos\netcore\libs\template-netcore-shared\Kitpymes.Core.Shared.Tests\bin\Debug\net7.0\Kitpymes.Core.Shared.Tests.dll" adapterTypeName="executor://mstestadapter/v2" className="Kitpymes.Core.Shared.Tests.StringExtensionsTests" name="ToEmailMaskUserName_Passing_ValidEmail_Returns_EmailWithMask" />
    </UnitTest>
    <UnitTest name="ToDisplay_Passing_Enumeration_Name_Returns_Display_Atributte" storage="d:\sferrari\01_trabajo\repos\netcore\libs\template-netcore-shared\kitpymes.core.shared.tests\bin\debug\net7.0\kitpymes.core.shared.tests.dll" id="2751d061-898c-404c-9c15-c6fec2412f4c">
      <Execution id="f78cb09d-3674-4e35-a88c-cf6f424c3d8e" />
      <TestMethod codeBase="D:\SFERRARI\01_TRABAJO\repos\netcore\libs\template-netcore-shared\Kitpymes.Core.Shared.Tests\bin\Debug\net7.0\Kitpymes.Core.Shared.Tests.dll" adapterTypeName="executor://mstestadapter/v2" className="Kitpymes.Core.Shared.Tests.EnumExtensionsTests" name="ToDisplay_Passing_Enumeration_Name_Returns_Display_Atributte" />
    </UnitTest>
    <UnitTest name="ToEmailMaskUserNameAndDomainAndExtension_Passing_ValidEmail_Returns_EmailWithMask (qazwsx@gmail.com,q****x@g***l.c*m)" storage="d:\sferrari\01_trabajo\repos\netcore\libs\template-netcore-shared\kitpymes.core.shared.tests\bin\debug\net7.0\kitpymes.core.shared.tests.dll" id="e62bd3a3-4d39-4c2c-99fc-adc6453a9ff8">
      <Execution id="b3a3555c-e3d9-46bc-89c2-68db7a01ac7f" />
      <TestMethod codeBase="D:\SFERRARI\01_TRABAJO\repos\netcore\libs\template-netcore-shared\Kitpymes.Core.Shared.Tests\bin\Debug\net7.0\Kitpymes.Core.Shared.Tests.dll" adapterTypeName="executor://mstestadapter/v2" className="Kitpymes.Core.Shared.Tests.StringExtensionsTests" name="ToEmailMaskUserNameAndDomainAndExtension_Passing_ValidEmail_Returns_EmailWithMask" />
    </UnitTest>
    <UnitTest name="ToUri_Passing_ValidValueString_Returns_Uri (http://foo.com/blah_blah)" storage="d:\sferrari\01_trabajo\repos\netcore\libs\template-netcore-shared\kitpymes.core.shared.tests\bin\debug\net7.0\kitpymes.core.shared.tests.dll" id="2621e18c-cbfe-4f95-8a39-749564731611">
      <Execution id="48b61315-9ebf-4a09-a9d1-fd8c5efd904b" />
      <TestMethod codeBase="D:\SFERRARI\01_TRABAJO\repos\netcore\libs\template-netcore-shared\Kitpymes.Core.Shared.Tests\bin\Debug\net7.0\Kitpymes.Core.Shared.Tests.dll" adapterTypeName="executor://mstestadapter/v2" className="Kitpymes.Core.Shared.Tests.StringExtensionsTests" name="ToUri_Passing_ValidValueString_Returns_Uri" />
    </UnitTest>
    <UnitTest name="ToUri_Passing_ValidValueString_Returns_Uri (http://उदाहरण.परीक्ष)" storage="d:\sferrari\01_trabajo\repos\netcore\libs\template-netcore-shared\kitpymes.core.shared.tests\bin\debug\net7.0\kitpymes.core.shared.tests.dll" id="f134c0b5-f893-48e4-8cda-4075f8df393f">
      <Execution id="9b96c3d5-f83f-4358-a921-9678842af1eb" />
      <TestMethod codeBase="D:\SFERRARI\01_TRABAJO\repos\netcore\libs\template-netcore-shared\Kitpymes.Core.Shared.Tests\bin\Debug\net7.0\Kitpymes.Core.Shared.Tests.dll" adapterTypeName="executor://mstestadapter/v2" className="Kitpymes.Core.Shared.Tests.StringExtensionsTests" name="ToUri_Passing_ValidValueString_Returns_Uri" />
    </UnitTest>
    <UnitTest name="ToDefaultValue_Passing_ValidBoolean_Returns_DefaultValue" storage="d:\sferrari\01_trabajo\repos\netcore\libs\template-netcore-shared\kitpymes.core.shared.tests\bin\debug\net7.0\kitpymes.core.shared.tests.dll" id="9a53864b-5e0e-438d-9360-8652b456993a">
      <Execution id="aa4c2f33-98d0-41ae-8eff-bb9a0f6c5a06" />
      <TestMethod codeBase="D:\SFERRARI\01_TRABAJO\repos\netcore\libs\template-netcore-shared\Kitpymes.Core.Shared.Tests\bin\Debug\net7.0\Kitpymes.Core.Shared.Tests.dll" adapterTypeName="executor://mstestadapter/v2" className="Kitpymes.Core.Shared.Tests.TypeExtensionsTests" name="ToDefaultValue_Passing_ValidBoolean_Returns_DefaultValue" />
    </UnitTest>
    <UnitTest name="ToEmailMaskUserName_Passing_ValidEmail_Returns_EmailWithMask (qaz@gmailgmail.com,q*z@gmailgmail.com)" storage="d:\sferrari\01_trabajo\repos\netcore\libs\template-netcore-shared\kitpymes.core.shared.tests\bin\debug\net7.0\kitpymes.core.shared.tests.dll" id="9422c498-89fe-45e0-90b5-0cb41b354333">
      <Execution id="7bf516f5-9371-4309-9075-4f2cde1393d9" />
      <TestMethod codeBase="D:\SFERRARI\01_TRABAJO\repos\netcore\libs\template-netcore-shared\Kitpymes.Core.Shared.Tests\bin\Debug\net7.0\Kitpymes.Core.Shared.Tests.dll" adapterTypeName="executor://mstestadapter/v2" className="Kitpymes.Core.Shared.Tests.StringExtensionsTests" name="ToEmailMaskUserName_Passing_ValidEmail_Returns_EmailWithMask" />
    </UnitTest>
    <UnitTest name="ToUri_Passing_ValidValueString_Returns_Uri (http://userid:password@example.com/)" storage="d:\sferrari\01_trabajo\repos\netcore\libs\template-netcore-shared\kitpymes.core.shared.tests\bin\debug\net7.0\kitpymes.core.shared.tests.dll" id="4ad1ceee-48c5-4151-a33f-966794a7c076">
      <Execution id="2292ed92-509e-407c-83d0-840336beeb7a" />
      <TestMethod codeBase="D:\SFERRARI\01_TRABAJO\repos\netcore\libs\template-netcore-shared\Kitpymes.Core.Shared.Tests\bin\Debug\net7.0\Kitpymes.Core.Shared.Tests.dll" adapterTypeName="executor://mstestadapter/v2" className="Kitpymes.Core.Shared.Tests.StringExtensionsTests" name="ToUri_Passing_ValidValueString_Returns_Uri" />
    </UnitTest>
    <UnitTest name="ToUri_Passing_InvalidValueString_Returns_Null (http://##/)" storage="d:\sferrari\01_trabajo\repos\netcore\libs\template-netcore-shared\kitpymes.core.shared.tests\bin\debug\net7.0\kitpymes.core.shared.tests.dll" id="c31ec5e7-6c20-4639-a45c-a3eec2c1c1dd">
      <Execution id="22a16dd0-6b92-4d0f-aa88-6379ca112ee1" />
      <TestMethod codeBase="D:\SFERRARI\01_TRABAJO\repos\netcore\libs\template-netcore-shared\Kitpymes.Core.Shared.Tests\bin\Debug\net7.0\Kitpymes.Core.Shared.Tests.dll" adapterTypeName="executor://mstestadapter/v2" className="Kitpymes.Core.Shared.Tests.StringExtensionsTests" name="ToUri_Passing_InvalidValueString_Returns_Null" />
    </UnitTest>
    <UnitTest name="ToIsWeekend_Passing_Saturday_DateTime_Returns_True" storage="d:\sferrari\01_trabajo\repos\netcore\libs\template-netcore-shared\kitpymes.core.shared.tests\bin\debug\net7.0\kitpymes.core.shared.tests.dll" id="902d2a4c-aad2-4d3c-b39a-69dd9ba1a55e">
      <Execution id="a00bcbfd-946a-48b5-9e83-a2a26c943470" />
      <TestMethod codeBase="D:\SFERRARI\01_TRABAJO\repos\netcore\libs\template-netcore-shared\Kitpymes.Core.Shared.Tests\bin\Debug\net7.0\Kitpymes.Core.Shared.Tests.dll" adapterTypeName="executor://mstestadapter/v2" className="Kitpymes.Core.Shared.Tests.DateTimeExtensionsTests" name="ToIsWeekend_Passing_Saturday_DateTime_Returns_True" />
    </UnitTest>
    <UnitTest name="ToMapUpdate_Passing_Destination_Object_Returns_Updated_Destination_Object" storage="d:\sferrari\01_trabajo\repos\netcore\libs\template-netcore-shared\kitpymes.core.shared.tests\bin\debug\net7.0\kitpymes.core.shared.tests.dll" id="a20fe2eb-dfb8-4d51-ba8e-5eceaf6e0b84">
      <Execution id="1ded8662-758c-4a21-8fe5-204ecfb9c77d" />
      <TestMethod codeBase="D:\SFERRARI\01_TRABAJO\repos\netcore\libs\template-netcore-shared\Kitpymes.Core.Shared.Tests\bin\Debug\net7.0\Kitpymes.Core.Shared.Tests.dll" adapterTypeName="executor://mstestadapter/v2" className="Kitpymes.Core.Shared.Tests.AgileMapperExtensionsTests" name="ToMapUpdate_Passing_Destination_Object_Returns_Updated_Destination_Object" />
    </UnitTest>
    <UnitTest name="ToDefaultValue_Passing_long_Returns_Cero (9223372036854775807)" storage="d:\sferrari\01_trabajo\repos\netcore\libs\template-netcore-shared\kitpymes.core.shared.tests\bin\debug\net7.0\kitpymes.core.shared.tests.dll" id="29a20168-d50a-4cec-8ac5-4a99a3450361">
      <Execution id="c93e598d-7fb0-4679-bd5f-f69dae9df586" />
      <TestMethod codeBase="D:\SFERRARI\01_TRABAJO\repos\netcore\libs\template-netcore-shared\Kitpymes.Core.Shared.Tests\bin\Debug\net7.0\Kitpymes.Core.Shared.Tests.dll" adapterTypeName="executor://mstestadapter/v2" className="Kitpymes.Core.Shared.Tests.GenericExtensionsTests" name="ToDefaultValue_Passing_long_Returns_Cero" />
    </UnitTest>
    <UnitTest name="ToUri_Passing_ValidValueString_Returns_Uri (http://userid:password@example.com:8080)" storage="d:\sferrari\01_trabajo\repos\netcore\libs\template-netcore-shared\kitpymes.core.shared.tests\bin\debug\net7.0\kitpymes.core.shared.tests.dll" id="d7b242bf-3e51-43e2-9610-6ca13a5f808f">
      <Execution id="8c7d1181-311e-49b5-a4e0-d9a50d22ee65" />
      <TestMethod codeBase="D:\SFERRARI\01_TRABAJO\repos\netcore\libs\template-netcore-shared\Kitpymes.Core.Shared.Tests\bin\Debug\net7.0\Kitpymes.Core.Shared.Tests.dll" adapterTypeName="executor://mstestadapter/v2" className="Kitpymes.Core.Shared.Tests.StringExtensionsTests" name="ToUri_Passing_ValidValueString_Returns_Uri" />
    </UnitTest>
    <UnitTest name="ToUri_Passing_ValidValueString_Returns_Uri (http://www.example.com/wpstyle/?p=364)" storage="d:\sferrari\01_trabajo\repos\netcore\libs\template-netcore-shared\kitpymes.core.shared.tests\bin\debug\net7.0\kitpymes.core.shared.tests.dll" id="47056c28-13ce-4b4b-9900-214164d2f0d2">
      <Execution id="262bab9a-6e7b-4ebc-8c1c-459ffcd344aa" />
      <TestMethod codeBase="D:\SFERRARI\01_TRABAJO\repos\netcore\libs\template-netcore-shared\Kitpymes.Core.Shared.Tests\bin\Debug\net7.0\Kitpymes.Core.Shared.Tests.dll" adapterTypeName="executor://mstestadapter/v2" className="Kitpymes.Core.Shared.Tests.StringExtensionsTests" name="ToUri_Passing_ValidValueString_Returns_Uri" />
    </UnitTest>
    <UnitTest name="ToExists_Passing_NotFound_Service_Returns_False" storage="d:\sferrari\01_trabajo\repos\netcore\libs\template-netcore-shared\kitpymes.core.shared.tests\bin\debug\net7.0\kitpymes.core.shared.tests.dll" id="0a6dba5b-5fff-40c0-9e48-d4b323abaa78">
      <Execution id="20806542-0fff-4f3c-8daf-e896c548923c" />
      <TestMethod codeBase="D:\SFERRARI\01_TRABAJO\repos\netcore\libs\template-netcore-shared\Kitpymes.Core.Shared.Tests\bin\Debug\net7.0\Kitpymes.Core.Shared.Tests.dll" adapterTypeName="executor://mstestadapter/v2" className="Kitpymes.Core.Shared.Tests.ConfigurationBuilderExtensionsTests" name="ToExists_Passing_NotFound_Service_Returns_False" />
    </UnitTest>
    <UnitTest name="ToNormalize_Passing_ValidValue_Returns_NormalizedValue (*¨^_:-?¿;,)" storage="d:\sferrari\01_trabajo\repos\netcore\libs\template-netcore-shared\kitpymes.core.shared.tests\bin\debug\net7.0\kitpymes.core.shared.tests.dll" id="1ecce9ee-b210-4ca9-98f5-067f8c4af9ab">
      <Execution id="6c07db6f-ae3b-40c7-945f-8388df32e471" />
      <TestMethod codeBase="D:\SFERRARI\01_TRABAJO\repos\netcore\libs\template-netcore-shared\Kitpymes.Core.Shared.Tests\bin\Debug\net7.0\Kitpymes.Core.Shared.Tests.dll" adapterTypeName="executor://mstestadapter/v2" className="Kitpymes.Core.Shared.Tests.StringExtensionsTests" name="ToNormalize_Passing_ValidValue_Returns_NormalizedValue" />
    </UnitTest>
    <UnitTest name="ToRemove_Passing_ValidValue_Returns_ValueWithoutRemovedChars ( *, ,*)" storage="d:\sferrari\01_trabajo\repos\netcore\libs\template-netcore-shared\kitpymes.core.shared.tests\bin\debug\net7.0\kitpymes.core.shared.tests.dll" id="7869b707-4709-465a-b432-a60ac1ae0852">
      <Execution id="d26e916b-75a9-4be2-9fd2-6b0d13c4a3c6" />
      <TestMethod codeBase="D:\SFERRARI\01_TRABAJO\repos\netcore\libs\template-netcore-shared\Kitpymes.Core.Shared.Tests\bin\Debug\net7.0\Kitpymes.Core.Shared.Tests.dll" adapterTypeName="executor://mstestadapter/v2" className="Kitpymes.Core.Shared.Tests.StringExtensionsTests" name="ToRemove_Passing_ValidValue_Returns_ValueWithoutRemovedChars" />
    </UnitTest>
    <UnitTest name="ThrowIfNotEmail_Passing_InvalidValue_Returns_ApplicationExceptionWithMessage (34fsds@@sdd.f)" storage="d:\sferrari\01_trabajo\repos\netcore\libs\template-netcore-shared\kitpymes.core.shared.tests\bin\debug\net7.0\kitpymes.core.shared.tests.dll" id="b4b2c068-76cb-448b-bd93-63c292a78e31">
      <Execution id="737aac35-2061-4563-b74c-ea34b2e1b486" />
      <TestMethod codeBase="D:\SFERRARI\01_TRABAJO\repos\netcore\libs\template-netcore-shared\Kitpymes.Core.Shared.Tests\bin\Debug\net7.0\Kitpymes.Core.Shared.Tests.dll" adapterTypeName="executor://mstestadapter/v2" className="Kitpymes.Core.Shared.Tests.VerifyExtensionsTests" name="ThrowIfNotEmail_Passing_InvalidValue_Returns_ApplicationExceptionWithMessage" />
    </UnitTest>
    <UnitTest name="ToPaged_Passing_Name_Descending_Order_Returns_Filter_List" storage="d:\sferrari\01_trabajo\repos\netcore\libs\template-netcore-shared\kitpymes.core.shared.tests\bin\debug\net7.0\kitpymes.core.shared.tests.dll" id="659369d4-774a-40fb-804d-fa1e3b2c608a">
      <Execution id="91e3d59a-0b39-4f88-a5dd-11c2a8aa1b12" />
      <TestMethod codeBase="D:\SFERRARI\01_TRABAJO\repos\netcore\libs\template-netcore-shared\Kitpymes.Core.Shared.Tests\bin\Debug\net7.0\Kitpymes.Core.Shared.Tests.dll" adapterTypeName="executor://mstestadapter/v2" className="Kitpymes.Core.Shared.Tests.QueryableExtensionsTests" name="ToPaged_Passing_Name_Descending_Order_Returns_Filter_List" />
    </UnitTest>
    <UnitTest name="ToList_Passing_ValidEnumType_Returns_ValuesList" storage="d:\sferrari\01_trabajo\repos\netcore\libs\template-netcore-shared\kitpymes.core.shared.tests\bin\debug\net7.0\kitpymes.core.shared.tests.dll" id="d8b93e44-944c-4999-ae28-5f2a9e3d235f">
      <Execution id="ed861f08-1408-44a5-94c6-1134f5e5a326" />
      <TestMethod codeBase="D:\SFERRARI\01_TRABAJO\repos\netcore\libs\template-netcore-shared\Kitpymes.Core.Shared.Tests\bin\Debug\net7.0\Kitpymes.Core.Shared.Tests.dll" adapterTypeName="executor://mstestadapter/v2" className="Kitpymes.Core.Shared.Tests.EnumsTests" name="ToList_Passing_ValidEnumType_Returns_ValuesList" />
    </UnitTest>
    <UnitTest name="ToUri_Passing_InvalidValueString_Returns_Null (http://.)" storage="d:\sferrari\01_trabajo\repos\netcore\libs\template-netcore-shared\kitpymes.core.shared.tests\bin\debug\net7.0\kitpymes.core.shared.tests.dll" id="eaca1b88-e468-4e89-ac40-e0cab1c034e2">
      <Execution id="1f0acd88-a284-4b81-b75f-b45c6fb6a8fc" />
      <TestMethod codeBase="D:\SFERRARI\01_TRABAJO\repos\netcore\libs\template-netcore-shared\Kitpymes.Core.Shared.Tests\bin\Debug\net7.0\Kitpymes.Core.Shared.Tests.dll" adapterTypeName="executor://mstestadapter/v2" className="Kitpymes.Core.Shared.Tests.StringExtensionsTests" name="ToUri_Passing_InvalidValueString_Returns_Null" />
    </UnitTest>
    <UnitTest name="ToService_Passing_Valid_Service_Returns_Service" storage="d:\sferrari\01_trabajo\repos\netcore\libs\template-netcore-shared\kitpymes.core.shared.tests\bin\debug\net7.0\kitpymes.core.shared.tests.dll" id="ca13fb86-2f6c-45e3-8069-41786719dbf2">
      <Execution id="3c448ce6-e9cf-4aaa-a797-4ea533e03651" />
      <TestMethod codeBase="D:\SFERRARI\01_TRABAJO\repos\netcore\libs\template-netcore-shared\Kitpymes.Core.Shared.Tests\bin\Debug\net7.0\Kitpymes.Core.Shared.Tests.dll" adapterTypeName="executor://mstestadapter/v2" className="Kitpymes.Core.Shared.Tests.ConfigurationBuilderExtensionsTests" name="ToService_Passing_Valid_Service_Returns_Service" />
    </UnitTest>
    <UnitTest name="ToEnum_Passing_InvalidValueString_Returns_EnumDefaultValue" storage="d:\sferrari\01_trabajo\repos\netcore\libs\template-netcore-shared\kitpymes.core.shared.tests\bin\debug\net7.0\kitpymes.core.shared.tests.dll" id="8b31d0a9-875d-47e5-9943-879a35c03844">
      <Execution id="528efc85-2578-49a6-b6bc-f6ff2a5a47bc" />
      <TestMethod codeBase="D:\SFERRARI\01_TRABAJO\repos\netcore\libs\template-netcore-shared\Kitpymes.Core.Shared.Tests\bin\Debug\net7.0\Kitpymes.Core.Shared.Tests.dll" adapterTypeName="executor://mstestadapter/v2" className="Kitpymes.Core.Shared.Tests.StringExtensionsTests" name="ToEnum_Passing_InvalidValueString_Returns_EnumDefaultValue" />
    </UnitTest>
    <UnitTest name="ToNormalize_Passing_ValidValue_Returns_NormalizedValue (héllo,hello)" storage="d:\sferrari\01_trabajo\repos\netcore\libs\template-netcore-shared\kitpymes.core.shared.tests\bin\debug\net7.0\kitpymes.core.shared.tests.dll" id="e76ca9bf-795e-4228-ac5d-b894a2bb9480">
      <Execution id="0d8528c4-3bb9-4889-8854-632eb4c88b97" />
      <TestMethod codeBase="D:\SFERRARI\01_TRABAJO\repos\netcore\libs\template-netcore-shared\Kitpymes.Core.Shared.Tests\bin\Debug\net7.0\Kitpymes.Core.Shared.Tests.dll" adapterTypeName="executor://mstestadapter/v2" className="Kitpymes.Core.Shared.Tests.StringExtensionsTests" name="ToNormalize_Passing_ValidValue_Returns_NormalizedValue" />
    </UnitTest>
    <UnitTest name="ToWhere_Passing_Valid_Predicate_Returns_Filter_List" storage="d:\sferrari\01_trabajo\repos\netcore\libs\template-netcore-shared\kitpymes.core.shared.tests\bin\debug\net7.0\kitpymes.core.shared.tests.dll" id="d2cf953e-3fec-4c28-b45c-d747ac0a9d68">
      <Execution id="3f31efb2-8951-4fc5-a157-96f0876e3502" />
      <TestMethod codeBase="D:\SFERRARI\01_TRABAJO\repos\netcore\libs\template-netcore-shared\Kitpymes.Core.Shared.Tests\bin\Debug\net7.0\Kitpymes.Core.Shared.Tests.dll" adapterTypeName="executor://mstestadapter/v2" className="Kitpymes.Core.Shared.Tests.QueryableExtensionsTests" name="ToWhere_Passing_Valid_Predicate_Returns_Filter_List" />
    </UnitTest>
    <UnitTest name="ToRandom_Passing_Invalid_Null_Value_Returns_Null" storage="d:\sferrari\01_trabajo\repos\netcore\libs\template-netcore-shared\kitpymes.core.shared.tests\bin\debug\net7.0\kitpymes.core.shared.tests.dll" id="b83f3644-507d-4c29-bc5e-6d05a2920370">
      <Execution id="6388d52d-c5f7-4769-9479-fb16460cbfd8" />
      <TestMethod codeBase="D:\SFERRARI\01_TRABAJO\repos\netcore\libs\template-netcore-shared\Kitpymes.Core.Shared.Tests\bin\Debug\net7.0\Kitpymes.Core.Shared.Tests.dll" adapterTypeName="executor://mstestadapter/v2" className="Kitpymes.Core.Shared.Tests.StringExtensionsTests" name="ToRandom_Passing_Invalid_Null_Value_Returns_Null" />
    </UnitTest>
    <UnitTest name="ToDefaultValue_Passing_uint_Returns_Cero" storage="d:\sferrari\01_trabajo\repos\netcore\libs\template-netcore-shared\kitpymes.core.shared.tests\bin\debug\net7.0\kitpymes.core.shared.tests.dll" id="da682d4c-c85b-4a91-881b-cd64dee8ea55">
      <Execution id="24279237-d029-4eb0-a01b-c7f99ec6e17e" />
      <TestMethod codeBase="D:\SFERRARI\01_TRABAJO\repos\netcore\libs\template-netcore-shared\Kitpymes.Core.Shared.Tests\bin\Debug\net7.0\Kitpymes.Core.Shared.Tests.dll" adapterTypeName="executor://mstestadapter/v2" className="Kitpymes.Core.Shared.Tests.GenericExtensionsTests" name="ToDefaultValue_Passing_uint_Returns_Cero" />
    </UnitTest>
    <UnitTest name="ToUri_Passing_ValidValueString_Returns_Uri (http://223.255.255.254)" storage="d:\sferrari\01_trabajo\repos\netcore\libs\template-netcore-shared\kitpymes.core.shared.tests\bin\debug\net7.0\kitpymes.core.shared.tests.dll" id="576e9eef-e66f-49cd-8956-396771b50609">
      <Execution id="cdbeb869-3525-4c79-bd81-ca4435f0e2f6" />
      <TestMethod codeBase="D:\SFERRARI\01_TRABAJO\repos\netcore\libs\template-netcore-shared\Kitpymes.Core.Shared.Tests\bin\Debug\net7.0\Kitpymes.Core.Shared.Tests.dll" adapterTypeName="executor://mstestadapter/v2" className="Kitpymes.Core.Shared.Tests.StringExtensionsTests" name="ToUri_Passing_ValidValueString_Returns_Uri" />
    </UnitTest>
    <UnitTest name="ResultDataBadRequest_WithErrors_KeyValue" storage="d:\sferrari\01_trabajo\repos\netcore\libs\template-netcore-shared\kitpymes.core.shared.tests\bin\debug\net7.0\kitpymes.core.shared.tests.dll" id="a926cdb7-8c49-441b-8d9e-90d31d0e0c2c">
      <Execution id="f2df99ee-1fc1-4032-b13c-a2c327b981f5" />
      <TestMethod codeBase="D:\SFERRARI\01_TRABAJO\repos\netcore\libs\template-netcore-shared\Kitpymes.Core.Shared.Tests\bin\Debug\net7.0\Kitpymes.Core.Shared.Tests.dll" adapterTypeName="executor://mstestadapter/v2" className="Kitpymes.Core.Shared.Tests.ResultTest" name="ResultDataBadRequest_WithErrors_KeyValue" />
    </UnitTest>
    <UnitTest name="ToDefaultValue_Passing_bool_Returns_Cero (True)" storage="d:\sferrari\01_trabajo\repos\netcore\libs\template-netcore-shared\kitpymes.core.shared.tests\bin\debug\net7.0\kitpymes.core.shared.tests.dll" id="79dc45b6-0e8e-4b82-b706-d7ff28268bac">
      <Execution id="6962b3a9-2c68-401b-80d7-79d9bf8a4405" />
      <TestMethod codeBase="D:\SFERRARI\01_TRABAJO\repos\netcore\libs\template-netcore-shared\Kitpymes.Core.Shared.Tests\bin\Debug\net7.0\Kitpymes.Core.Shared.Tests.dll" adapterTypeName="executor://mstestadapter/v2" className="Kitpymes.Core.Shared.Tests.GenericExtensionsTests" name="ToDefaultValue_Passing_bool_Returns_Cero" />
    </UnitTest>
    <UnitTest name="ToDefaultValue_Passing_decimal_Returns_Cero" storage="d:\sferrari\01_trabajo\repos\netcore\libs\template-netcore-shared\kitpymes.core.shared.tests\bin\debug\net7.0\kitpymes.core.shared.tests.dll" id="24c0740a-b542-4dc6-a6a8-719f8a742db8">
      <Execution id="2f176a6f-1b43-4e03-a68f-49ad1fca7949" />
      <TestMethod codeBase="D:\SFERRARI\01_TRABAJO\repos\netcore\libs\template-netcore-shared\Kitpymes.Core.Shared.Tests\bin\Debug\net7.0\Kitpymes.Core.Shared.Tests.dll" adapterTypeName="executor://mstestadapter/v2" className="Kitpymes.Core.Shared.Tests.GenericExtensionsTests" name="ToDefaultValue_Passing_decimal_Returns_Cero" />
    </UnitTest>
    <UnitTest name="ToEmailMaskUserNameAndDomain_Passing_ValidEmail_Returns_EmailWithMask (qazwsxedc@gmail.com,q*******c@g***l.com)" storage="d:\sferrari\01_trabajo\repos\netcore\libs\template-netcore-shared\kitpymes.core.shared.tests\bin\debug\net7.0\kitpymes.core.shared.tests.dll" id="5df89d9e-fb79-4358-bc8a-6b3c2e31d7bf">
      <Execution id="38c6edff-1360-4f42-b592-599a4a3e59ba" />
      <TestMethod codeBase="D:\SFERRARI\01_TRABAJO\repos\netcore\libs\template-netcore-shared\Kitpymes.Core.Shared.Tests\bin\Debug\net7.0\Kitpymes.Core.Shared.Tests.dll" adapterTypeName="executor://mstestadapter/v2" className="Kitpymes.Core.Shared.Tests.StringExtensionsTests" name="ToEmailMaskUserNameAndDomain_Passing_ValidEmail_Returns_EmailWithMask" />
    </UnitTest>
    <UnitTest name="ToDirectoryFileInfo_Passing_ValidValue_Returns_FileInfo" storage="d:\sferrari\01_trabajo\repos\netcore\libs\template-netcore-shared\kitpymes.core.shared.tests\bin\debug\net7.0\kitpymes.core.shared.tests.dll" id="3b0803f7-d8f1-457f-91fa-e4f34100648e">
      <Execution id="22b8fd51-a36a-435e-a6f8-c106c3405dce" />
      <TestMethod codeBase="D:\SFERRARI\01_TRABAJO\repos\netcore\libs\template-netcore-shared\Kitpymes.Core.Shared.Tests\bin\Debug\net7.0\Kitpymes.Core.Shared.Tests.dll" adapterTypeName="executor://mstestadapter/v2" className="Kitpymes.Core.Shared.Tests.StringExtensionsTests" name="ToDirectoryFileInfo_Passing_ValidValue_Returns_FileInfo" />
    </UnitTest>
    <UnitTest name="IsNullOrAny_Passing_InvalidValue_Returns_True" storage="d:\sferrari\01_trabajo\repos\netcore\libs\template-netcore-shared\kitpymes.core.shared.tests\bin\debug\net7.0\kitpymes.core.shared.tests.dll" id="a36a440d-9fa2-4cdf-8217-8e926a925265">
      <Execution id="25d4b0f3-4788-4e53-8903-64cbaa159cdb" />
      <TestMethod codeBase="D:\SFERRARI\01_TRABAJO\repos\netcore\libs\template-netcore-shared\Kitpymes.Core.Shared.Tests\bin\Debug\net7.0\Kitpymes.Core.Shared.Tests.dll" adapterTypeName="executor://mstestadapter/v2" className="Kitpymes.Core.Shared.Tests.VerifyExtensionsTests" name="IsNullOrAny_Passing_InvalidValue_Returns_True" />
    </UnitTest>
    <UnitTest name="ToDirectoryFindFilePath_Passing_ValidValueIntoSubDirectory_Returns_FilePath" storage="d:\sferrari\01_trabajo\repos\netcore\libs\template-netcore-shared\kitpymes.core.shared.tests\bin\debug\net7.0\kitpymes.core.shared.tests.dll" id="07ded492-c7fc-4b76-9c1f-0a797dd3be89">
      <Execution id="341c8292-f864-49c7-8e9f-788dff32358f" />
      <TestMethod codeBase="D:\SFERRARI\01_TRABAJO\repos\netcore\libs\template-netcore-shared\Kitpymes.Core.Shared.Tests\bin\Debug\net7.0\Kitpymes.Core.Shared.Tests.dll" adapterTypeName="executor://mstestadapter/v2" className="Kitpymes.Core.Shared.Tests.StringExtensionsTests" name="ToDirectoryFindFilePath_Passing_ValidValueIntoSubDirectory_Returns_FilePath" />
    </UnitTest>
    <UnitTest name="ToUri_Passing_InvalidValueString_Returns_DefaultValue (http://??/)" storage="d:\sferrari\01_trabajo\repos\netcore\libs\template-netcore-shared\kitpymes.core.shared.tests\bin\debug\net7.0\kitpymes.core.shared.tests.dll" id="62fc978b-7b70-47ba-bee3-534ec169b108">
      <Execution id="c01b53e5-fe25-44ec-a746-38c42f7972d4" />
      <TestMethod codeBase="D:\SFERRARI\01_TRABAJO\repos\netcore\libs\template-netcore-shared\Kitpymes.Core.Shared.Tests\bin\Debug\net7.0\Kitpymes.Core.Shared.Tests.dll" adapterTypeName="executor://mstestadapter/v2" className="Kitpymes.Core.Shared.Tests.StringExtensionsTests" name="ToUri_Passing_InvalidValueString_Returns_DefaultValue" />
    </UnitTest>
    <UnitTest name="ToServiceMatchingInterface_Passing_Valid_Assembly_Returns_Service" storage="d:\sferrari\01_trabajo\repos\netcore\libs\template-netcore-shared\kitpymes.core.shared.tests\bin\debug\net7.0\kitpymes.core.shared.tests.dll" id="a9753d3c-f123-4c13-851b-bb0ce007e784">
      <Execution id="f79410fa-e382-4fee-b9cb-6f12c99cf726" />
      <TestMethod codeBase="D:\SFERRARI\01_TRABAJO\repos\netcore\libs\template-netcore-shared\Kitpymes.Core.Shared.Tests\bin\Debug\net7.0\Kitpymes.Core.Shared.Tests.dll" adapterTypeName="executor://mstestadapter/v2" className="Kitpymes.Core.Shared.Tests.ConfigurationBuilderExtensionsTests" name="ToServiceMatchingInterface_Passing_Valid_Assembly_Returns_Service" />
    </UnitTest>
    <UnitTest name="ToEnvironment_Passing_Service_Not_Found_Returns_ApplicationException" storage="d:\sferrari\01_trabajo\repos\netcore\libs\template-netcore-shared\kitpymes.core.shared.tests\bin\debug\net7.0\kitpymes.core.shared.tests.dll" id="931561e0-7c4b-42a6-8b0e-91518a3f4ed1">
      <Execution id="76b373f7-dd21-4590-8406-2fea38d47a8b" />
      <TestMethod codeBase="D:\SFERRARI\01_TRABAJO\repos\netcore\libs\template-netcore-shared\Kitpymes.Core.Shared.Tests\bin\Debug\net7.0\Kitpymes.Core.Shared.Tests.dll" adapterTypeName="executor://mstestadapter/v2" className="Kitpymes.Core.Shared.Tests.ApplicationBuilderExtensionsTests" name="ToEnvironment_Passing_Service_Not_Found_Returns_ApplicationException" />
    </UnitTest>
    <UnitTest name="ToContentType_Passing_ValidValueString_Returns_ContentType (xxxx.pdf,application/pdf)" storage="d:\sferrari\01_trabajo\repos\netcore\libs\template-netcore-shared\kitpymes.core.shared.tests\bin\debug\net7.0\kitpymes.core.shared.tests.dll" id="2ab2f8c2-e0b7-4478-9f23-6ad397bdbfb0">
      <Execution id="0da02921-9bd6-45cf-b07c-f90b51585831" />
      <TestMethod codeBase="D:\SFERRARI\01_TRABAJO\repos\netcore\libs\template-netcore-shared\Kitpymes.Core.Shared.Tests\bin\Debug\net7.0\Kitpymes.Core.Shared.Tests.dll" adapterTypeName="executor://mstestadapter/v2" className="Kitpymes.Core.Shared.Tests.StringExtensionsTests" name="ToContentType_Passing_ValidValueString_Returns_ContentType" />
    </UnitTest>
    <UnitTest name="CreateRandom_WithCustomAllowableCharacters_Passing_Valid_Arguments_Returns_String_Random_Value (10,7890ABFLFLFFL)" storage="d:\sferrari\01_trabajo\repos\netcore\libs\template-netcore-shared\kitpymes.core.shared.tests\bin\debug\net7.0\kitpymes.core.shared.tests.dll" id="9360684b-764e-49c8-9ade-970eb55bae89">
      <Execution id="c5c1bddf-f3ae-4c3c-91f9-c74c061ba4c3" />
      <TestMethod codeBase="D:\SFERRARI\01_TRABAJO\repos\netcore\libs\template-netcore-shared\Kitpymes.Core.Shared.Tests\bin\Debug\net7.0\Kitpymes.Core.Shared.Tests.dll" adapterTypeName="executor://mstestadapter/v2" className="Kitpymes.Core.Shared.Tests.HashTests" name="CreateRandom_WithCustomAllowableCharacters_Passing_Valid_Arguments_Returns_String_Random_Value" />
    </UnitTest>
    <UnitTest name="CreateSHA256_Passing_Invalid_Arguments_Returns_ApplicationException ()" storage="d:\sferrari\01_trabajo\repos\netcore\libs\template-netcore-shared\kitpymes.core.shared.tests\bin\debug\net7.0\kitpymes.core.shared.tests.dll" id="24f0726e-096a-4c08-9342-837d01a03615">
      <Execution id="e997ca6f-5298-4a8d-8a80-0b17ec596545" />
      <TestMethod codeBase="D:\SFERRARI\01_TRABAJO\repos\netcore\libs\template-netcore-shared\Kitpymes.Core.Shared.Tests\bin\Debug\net7.0\Kitpymes.Core.Shared.Tests.dll" adapterTypeName="executor://mstestadapter/v2" className="Kitpymes.Core.Shared.Tests.HashTests" name="CreateSHA256_Passing_Invalid_Arguments_Returns_ApplicationException" />
    </UnitTest>
    <UnitTest name="ToString_Passing_Valid_Collection_Returns_String_With_Default_Separator" storage="d:\sferrari\01_trabajo\repos\netcore\libs\template-netcore-shared\kitpymes.core.shared.tests\bin\debug\net7.0\kitpymes.core.shared.tests.dll" id="a2372211-6ede-46c4-855c-c1c9c2629c0a">
      <Execution id="be6c3d7a-f5e2-4daa-8a4b-204c4e3a301d" />
      <TestMethod codeBase="D:\SFERRARI\01_TRABAJO\repos\netcore\libs\template-netcore-shared\Kitpymes.Core.Shared.Tests\bin\Debug\net7.0\Kitpymes.Core.Shared.Tests.dll" adapterTypeName="executor://mstestadapter/v2" className="Kitpymes.Core.Shared.Tests.EnumerableExtensionsTests" name="ToString_Passing_Valid_Collection_Returns_String_With_Default_Separator" />
    </UnitTest>
    <UnitTest name="ToConfigureOrDefault_Passing_DefaultValues_And_ActionCustomValues_Returns_DefaultValues_And_CustomValues" storage="d:\sferrari\01_trabajo\repos\netcore\libs\template-netcore-shared\kitpymes.core.shared.tests\bin\debug\net7.0\kitpymes.core.shared.tests.dll" id="aa86d21c-7a2d-4ac4-b031-382713127976">
      <Execution id="301f1dc4-4ec1-4e66-8fcf-f7a1029a27cc" />
      <TestMethod codeBase="D:\SFERRARI\01_TRABAJO\repos\netcore\libs\template-netcore-shared\Kitpymes.Core.Shared.Tests\bin\Debug\net7.0\Kitpymes.Core.Shared.Tests.dll" adapterTypeName="executor://mstestadapter/v2" className="Kitpymes.Core.Shared.Tests.ActionExtensionsTests" name="ToConfigureOrDefault_Passing_DefaultValues_And_ActionCustomValues_Returns_DefaultValues_And_CustomValues" />
    </UnitTest>
    <UnitTest name="ToPath_Passing_HttpRequest_Scheme_Host_Path_Returns_Url" storage="d:\sferrari\01_trabajo\repos\netcore\libs\template-netcore-shared\kitpymes.core.shared.tests\bin\debug\net7.0\kitpymes.core.shared.tests.dll" id="122d94fd-6ecf-406a-99c4-c602523c1936">
      <Execution id="fa182973-8b3a-4237-a79d-15450e790e2f" />
      <TestMethod codeBase="D:\SFERRARI\01_TRABAJO\repos\netcore\libs\template-netcore-shared\Kitpymes.Core.Shared.Tests\bin\Debug\net7.0\Kitpymes.Core.Shared.Tests.dll" adapterTypeName="executor://mstestadapter/v2" className="Kitpymes.Core.Shared.Tests.HttpRequestExtensionsTests" name="ToPath_Passing_HttpRequest_Scheme_Host_Path_Returns_Url" />
    </UnitTest>
    <UnitTest name="ToService_Passing_Valid_Service_Returns_Service" storage="d:\sferrari\01_trabajo\repos\netcore\libs\template-netcore-shared\kitpymes.core.shared.tests\bin\debug\net7.0\kitpymes.core.shared.tests.dll" id="bae40a6e-9f78-4706-9f97-15f54bfc3269">
      <Execution id="52cd07e2-60b7-49bb-a7ac-edc8d2d62034" />
      <TestMethod codeBase="D:\SFERRARI\01_TRABAJO\repos\netcore\libs\template-netcore-shared\Kitpymes.Core.Shared.Tests\bin\Debug\net7.0\Kitpymes.Core.Shared.Tests.dll" adapterTypeName="executor://mstestadapter/v2" className="Kitpymes.Core.Shared.Tests.ApplicationBuilderExtensionsTests" name="ToService_Passing_Valid_Service_Returns_Service" />
    </UnitTest>
    <UnitTest name="ToUri_Passing_ValidValueString_Returns_Uri (http://⌘.ws)" storage="d:\sferrari\01_trabajo\repos\netcore\libs\template-netcore-shared\kitpymes.core.shared.tests\bin\debug\net7.0\kitpymes.core.shared.tests.dll" id="dbf479ce-b166-4013-84f1-a4c5d3504550">
      <Execution id="b191246f-e2de-4cc5-b76e-6fc4b9fab0b5" />
      <TestMethod codeBase="D:\SFERRARI\01_TRABAJO\repos\netcore\libs\template-netcore-shared\Kitpymes.Core.Shared.Tests\bin\Debug\net7.0\Kitpymes.Core.Shared.Tests.dll" adapterTypeName="executor://mstestadapter/v2" className="Kitpymes.Core.Shared.Tests.StringExtensionsTests" name="ToUri_Passing_ValidValueString_Returns_Uri" />
    </UnitTest>
    <UnitTest name="ToFirstLetterLower_Passing_ValidValue_Returns_StringWithFirstLetterLower (aEIOU,aEIOU)" storage="d:\sferrari\01_trabajo\repos\netcore\libs\template-netcore-shared\kitpymes.core.shared.tests\bin\debug\net7.0\kitpymes.core.shared.tests.dll" id="51a94467-52b9-4909-af60-f2adf05561ab">
      <Execution id="3079d74b-9454-4920-84ca-a515afa70ecd" />
      <TestMethod codeBase="D:\SFERRARI\01_TRABAJO\repos\netcore\libs\template-netcore-shared\Kitpymes.Core.Shared.Tests\bin\Debug\net7.0\Kitpymes.Core.Shared.Tests.dll" adapterTypeName="executor://mstestadapter/v2" className="Kitpymes.Core.Shared.Tests.StringExtensionsTests" name="ToFirstLetterLower_Passing_ValidValue_Returns_StringWithFirstLetterLower" />
    </UnitTest>
    <UnitTest name="ToNormalize_Passing_ValidValue_Returns_NormalizedValue (Mañana,Manana)" storage="d:\sferrari\01_trabajo\repos\netcore\libs\template-netcore-shared\kitpymes.core.shared.tests\bin\debug\net7.0\kitpymes.core.shared.tests.dll" id="0c2d866e-b770-462a-9759-075c4c70f038">
      <Execution id="79eadbb0-c242-4195-905a-983ef0db69b3" />
      <TestMethod codeBase="D:\SFERRARI\01_TRABAJO\repos\netcore\libs\template-netcore-shared\Kitpymes.Core.Shared.Tests\bin\Debug\net7.0\Kitpymes.Core.Shared.Tests.dll" adapterTypeName="executor://mstestadapter/v2" className="Kitpymes.Core.Shared.Tests.StringExtensionsTests" name="ToNormalize_Passing_ValidValue_Returns_NormalizedValue" />
    </UnitTest>
    <UnitTest name="ToNormalize_Passing_ValidValue_Returns_NormalizedValue (The End,The End)" storage="d:\sferrari\01_trabajo\repos\netcore\libs\template-netcore-shared\kitpymes.core.shared.tests\bin\debug\net7.0\kitpymes.core.shared.tests.dll" id="0647c16d-69cd-40cf-8502-22c991424b60">
      <Execution id="94adf498-d3bf-4727-b46b-b4532b8879dd" />
      <TestMethod codeBase="D:\SFERRARI\01_TRABAJO\repos\netcore\libs\template-netcore-shared\Kitpymes.Core.Shared.Tests\bin\Debug\net7.0\Kitpymes.Core.Shared.Tests.dll" adapterTypeName="executor://mstestadapter/v2" className="Kitpymes.Core.Shared.Tests.StringExtensionsTests" name="ToNormalize_Passing_ValidValue_Returns_NormalizedValue" />
    </UnitTest>
    <UnitTest name="ToGet_Passing_Claims_Returns_Claim_Value_Object" storage="d:\sferrari\01_trabajo\repos\netcore\libs\template-netcore-shared\kitpymes.core.shared.tests\bin\debug\net7.0\kitpymes.core.shared.tests.dll" id="5f5e8d61-506b-4f1e-bd08-105f0c7e2e7c">
      <Execution id="54b2f9f5-6b22-40c3-b964-b1dcd82df609" />
      <TestMethod codeBase="D:\SFERRARI\01_TRABAJO\repos\netcore\libs\template-netcore-shared\Kitpymes.Core.Shared.Tests\bin\Debug\net7.0\Kitpymes.Core.Shared.Tests.dll" adapterTypeName="executor://mstestadapter/v2" className="Kitpymes.Core.Shared.Tests.ClaimsPrincipalExtensionsTests" name="ToGet_Passing_Claims_Returns_Claim_Value_Object" />
    </UnitTest>
    <UnitTest name="ToEmailMaskUserNameAndDomain_Passing_ValidEmail_Returns_EmailWithMask (qaz@gmail.com,q*z@g***l.com)" storage="d:\sferrari\01_trabajo\repos\netcore\libs\template-netcore-shared\kitpymes.core.shared.tests\bin\debug\net7.0\kitpymes.core.shared.tests.dll" id="0e5753a8-940e-465a-bd0b-246dfb45d868">
      <Execution id="4949389c-79cf-4446-9819-04070455711a" />
      <TestMethod codeBase="D:\SFERRARI\01_TRABAJO\repos\netcore\libs\template-netcore-shared\Kitpymes.Core.Shared.Tests\bin\Debug\net7.0\Kitpymes.Core.Shared.Tests.dll" adapterTypeName="executor://mstestadapter/v2" className="Kitpymes.Core.Shared.Tests.StringExtensionsTests" name="ToEmailMaskUserNameAndDomain_Passing_ValidEmail_Returns_EmailWithMask" />
    </UnitTest>
    <UnitTest name="ToTryGetHeader_Passing_HttpRequest_Header_Many_Values_Returns_Values" storage="d:\sferrari\01_trabajo\repos\netcore\libs\template-netcore-shared\kitpymes.core.shared.tests\bin\debug\net7.0\kitpymes.core.shared.tests.dll" id="9134ee78-8656-4772-8b9c-457cef1bb702">
      <Execution id="430c6a02-73c4-4d84-b06e-08a6e22bc77f" />
      <TestMethod codeBase="D:\SFERRARI\01_TRABAJO\repos\netcore\libs\template-netcore-shared\Kitpymes.Core.Shared.Tests\bin\Debug\net7.0\Kitpymes.Core.Shared.Tests.dll" adapterTypeName="executor://mstestadapter/v2" className="Kitpymes.Core.Shared.Tests.HttpRequestExtensionsTests" name="ToTryGetHeader_Passing_HttpRequest_Header_Many_Values_Returns_Values" />
    </UnitTest>
    <UnitTest name="ToEmailMaskUserNameAndDomainAndExtension_Passing_ValidEmail_Returns_EmailWithMask (qazwsxedc@gmail.com,q*******c@g***l.c*m)" storage="d:\sferrari\01_trabajo\repos\netcore\libs\template-netcore-shared\kitpymes.core.shared.tests\bin\debug\net7.0\kitpymes.core.shared.tests.dll" id="abbf255a-12fe-49f0-a518-6d0cdbc03798">
      <Execution id="bfd093bd-e8c1-4797-aa47-9a81eccd8a43" />
      <TestMethod codeBase="D:\SFERRARI\01_TRABAJO\repos\netcore\libs\template-netcore-shared\Kitpymes.Core.Shared.Tests\bin\Debug\net7.0\Kitpymes.Core.Shared.Tests.dll" adapterTypeName="executor://mstestadapter/v2" className="Kitpymes.Core.Shared.Tests.StringExtensionsTests" name="ToEmailMaskUserNameAndDomainAndExtension_Passing_ValidEmail_Returns_EmailWithMask" />
    </UnitTest>
    <UnitTest name="ToService_Passing_Service_Not_Found_Returns_ApplicationException" storage="d:\sferrari\01_trabajo\repos\netcore\libs\template-netcore-shared\kitpymes.core.shared.tests\bin\debug\net7.0\kitpymes.core.shared.tests.dll" id="10acdf3c-5479-43eb-af48-447f9b3823d2">
      <Execution id="5b9fde2b-d8be-4c76-8046-334a36bc7889" />
      <TestMethod codeBase="D:\SFERRARI\01_TRABAJO\repos\netcore\libs\template-netcore-shared\Kitpymes.Core.Shared.Tests\bin\Debug\net7.0\Kitpymes.Core.Shared.Tests.dll" adapterTypeName="executor://mstestadapter/v2" className="Kitpymes.Core.Shared.Tests.ApplicationBuilderExtensionsTests" name="ToService_Passing_Service_Not_Found_Returns_ApplicationException" />
    </UnitTest>
    <UnitTest name="CreateAndVerifySHA256_Passing_Valid_Arguments_Returns_True (HashTests)" storage="d:\sferrari\01_trabajo\repos\netcore\libs\template-netcore-shared\kitpymes.core.shared.tests\bin\debug\net7.0\kitpymes.core.shared.tests.dll" id="27b166e0-d27b-4466-b584-6bab21f1d5d2">
      <Execution id="5d512a73-cfcf-462f-9bbb-f8dcbe1ece9d" />
      <TestMethod codeBase="D:\SFERRARI\01_TRABAJO\repos\netcore\libs\template-netcore-shared\Kitpymes.Core.Shared.Tests\bin\Debug\net7.0\Kitpymes.Core.Shared.Tests.dll" adapterTypeName="executor://mstestadapter/v2" className="Kitpymes.Core.Shared.Tests.HashTests" name="CreateAndVerifySHA256_Passing_Valid_Arguments_Returns_True" />
    </UnitTest>
    <UnitTest name="ToStringFormat_Passing_ValidValue_Returns_ValueWithoutRemovedChars (-2147483648)" storage="d:\sferrari\01_trabajo\repos\netcore\libs\template-netcore-shared\kitpymes.core.shared.tests\bin\debug\net7.0\kitpymes.core.shared.tests.dll" id="4459a044-5895-4e77-a0ad-f0edbc242f36">
      <Execution id="b375bac0-9bbb-4c28-8d7c-c70c46b74fe2" />
      <TestMethod codeBase="D:\SFERRARI\01_TRABAJO\repos\netcore\libs\template-netcore-shared\Kitpymes.Core.Shared.Tests\bin\Debug\net7.0\Kitpymes.Core.Shared.Tests.dll" adapterTypeName="executor://mstestadapter/v2" className="Kitpymes.Core.Shared.Tests.IntegerExtensionsTests" name="ToStringFormat_Passing_ValidValue_Returns_ValueWithoutRemovedChars" />
    </UnitTest>
    <UnitTest name="ResultDataInternalServerError" storage="d:\sferrari\01_trabajo\repos\netcore\libs\template-netcore-shared\kitpymes.core.shared.tests\bin\debug\net7.0\kitpymes.core.shared.tests.dll" id="7f210815-1d54-4c92-9a43-399e55c36d38">
      <Execution id="fc308ff2-9e0e-4b15-b07f-ac35a18fb858" />
      <TestMethod codeBase="D:\SFERRARI\01_TRABAJO\repos\netcore\libs\template-netcore-shared\Kitpymes.Core.Shared.Tests\bin\Debug\net7.0\Kitpymes.Core.Shared.Tests.dll" adapterTypeName="executor://mstestadapter/v2" className="Kitpymes.Core.Shared.Tests.ResultTest" name="ResultDataInternalServerError" />
    </UnitTest>
    <UnitTest name="ToIsLastDayOfTheMonth_Passing_NotLastDayOfMonth_Returns_False" storage="d:\sferrari\01_trabajo\repos\netcore\libs\template-netcore-shared\kitpymes.core.shared.tests\bin\debug\net7.0\kitpymes.core.shared.tests.dll" id="4c06036e-73dd-4094-979d-03c7a117e7b6">
      <Execution id="70285348-87a0-4411-b46a-595db3119b7a" />
      <TestMethod codeBase="D:\SFERRARI\01_TRABAJO\repos\netcore\libs\template-netcore-shared\Kitpymes.Core.Shared.Tests\bin\Debug\net7.0\Kitpymes.Core.Shared.Tests.dll" adapterTypeName="executor://mstestadapter/v2" className="Kitpymes.Core.Shared.Tests.DateTimeExtensionsTests" name="ToIsLastDayOfTheMonth_Passing_NotLastDayOfMonth_Returns_False" />
    </UnitTest>
    <UnitTest name="ToServiceMatchingInterface_Passing_Empties_Assemblies_Returns_ApplicationException" storage="d:\sferrari\01_trabajo\repos\netcore\libs\template-netcore-shared\kitpymes.core.shared.tests\bin\debug\net7.0\kitpymes.core.shared.tests.dll" id="f1910d22-c9d0-4a0f-9860-52bf3e85fda6">
      <Execution id="b1a8a9cb-b23b-4dae-8c58-1cb746b59eda" />
      <TestMethod codeBase="D:\SFERRARI\01_TRABAJO\repos\netcore\libs\template-netcore-shared\Kitpymes.Core.Shared.Tests\bin\Debug\net7.0\Kitpymes.Core.Shared.Tests.dll" adapterTypeName="executor://mstestadapter/v2" className="Kitpymes.Core.Shared.Tests.ConfigurationBuilderExtensionsTests" name="ToServiceMatchingInterface_Passing_Empties_Assemblies_Returns_ApplicationException" />
    </UnitTest>
    <UnitTest name="ToList_Passing_ValidEnumTypeWithSelectedValueWithResourceType_Returns_ValuesList" storage="d:\sferrari\01_trabajo\repos\netcore\libs\template-netcore-shared\kitpymes.core.shared.tests\bin\debug\net7.0\kitpymes.core.shared.tests.dll" id="6d85b49b-f5af-4285-8b32-05b2e2d470b0">
      <Execution id="629754a7-24bb-46b3-9cd7-0ff0e2e1171c" />
      <TestMethod codeBase="D:\SFERRARI\01_TRABAJO\repos\netcore\libs\template-netcore-shared\Kitpymes.Core.Shared.Tests\bin\Debug\net7.0\Kitpymes.Core.Shared.Tests.dll" adapterTypeName="executor://mstestadapter/v2" className="Kitpymes.Core.Shared.Tests.EnumsTests" name="ToList_Passing_ValidEnumTypeWithSelectedValueWithResourceType_Returns_ValuesList" />
    </UnitTest>
    <UnitTest name="ToEmailMask_Passing_ValidEmail_Returns_EmailWithMask (qazwsx@gmailgmail.com,q----x@g---------.com)" storage="d:\sferrari\01_trabajo\repos\netcore\libs\template-netcore-shared\kitpymes.core.shared.tests\bin\debug\net7.0\kitpymes.core.shared.tests.dll" id="6017656d-e04f-4d31-a5dd-6c61ec654231">
      <Execution id="cbc59b21-bc48-438d-aa82-18cc7a4bb2c4" />
      <TestMethod codeBase="D:\SFERRARI\01_TRABAJO\repos\netcore\libs\template-netcore-shared\Kitpymes.Core.Shared.Tests\bin\Debug\net7.0\Kitpymes.Core.Shared.Tests.dll" adapterTypeName="executor://mstestadapter/v2" className="Kitpymes.Core.Shared.Tests.StringExtensionsTests" name="ToEmailMask_Passing_ValidEmail_Returns_EmailWithMask" />
    </UnitTest>
    <UnitTest name="ToEmailMaskUserNameAndDomain_Passing_ValidEmail_Returns_EmailWithMask (qazwsx@gmailgmail.com,q****x@g********l.com)" storage="d:\sferrari\01_trabajo\repos\netcore\libs\template-netcore-shared\kitpymes.core.shared.tests\bin\debug\net7.0\kitpymes.core.shared.tests.dll" id="8462e7b3-4f60-4032-8e50-d57443998068">
      <Execution id="6ce004d1-e645-4810-871b-8327babe0d09" />
      <TestMethod codeBase="D:\SFERRARI\01_TRABAJO\repos\netcore\libs\template-netcore-shared\Kitpymes.Core.Shared.Tests\bin\Debug\net7.0\Kitpymes.Core.Shared.Tests.dll" adapterTypeName="executor://mstestadapter/v2" className="Kitpymes.Core.Shared.Tests.StringExtensionsTests" name="ToEmailMaskUserNameAndDomain_Passing_ValidEmail_Returns_EmailWithMask" />
    </UnitTest>
  </TestDefinitions>
  <TestEntries>
    <TestEntry testId="46eaba50-bd5a-41a9-8e61-40bcb3c8d0c2" executionId="8109fe29-e7cf-4e6c-a456-3336523968f7" testListId="8c84fa94-04c1-424b-9868-57a2d4851a1d" />
    <TestEntry testId="83b0eae2-ae2a-47de-b72f-7d953194e189" executionId="bc7afb80-59d6-4028-815c-ebaeb8108f58" testListId="8c84fa94-04c1-424b-9868-57a2d4851a1d" />
    <TestEntry testId="354d16c0-b029-4836-b444-7c9a23779a98" executionId="3d2dfba2-0220-4970-89b7-163a224252f5" testListId="8c84fa94-04c1-424b-9868-57a2d4851a1d" />
    <TestEntry testId="f3a5886f-99d4-46ba-9797-5017a29c4b46" executionId="f0c4578f-8eb7-4bfe-971a-cd321b9e395c" testListId="8c84fa94-04c1-424b-9868-57a2d4851a1d" />
    <TestEntry testId="ac38b46e-c874-42c2-9902-040480bc50bd" executionId="f8d192c9-741a-4d4b-a198-ebb51d85b4ac" testListId="8c84fa94-04c1-424b-9868-57a2d4851a1d" />
    <TestEntry testId="df4faaa6-43e0-40ec-a502-62a51ba1a07e" executionId="614361a9-18ff-47d3-a20e-5795f7cb4cae" testListId="8c84fa94-04c1-424b-9868-57a2d4851a1d" />
    <TestEntry testId="2e7d2014-08e0-4f55-91da-2e933c0713d0" executionId="adb367fe-5f0a-4587-99a1-57e8e96d1ff3" testListId="8c84fa94-04c1-424b-9868-57a2d4851a1d" />
    <TestEntry testId="6480f602-a421-4a1f-93d9-607a3e27503a" executionId="3727f49b-2785-4ad0-8a5e-ffc1af56106b" testListId="8c84fa94-04c1-424b-9868-57a2d4851a1d" />
    <TestEntry testId="f07565cc-6a34-4229-8275-eb596b10e4dc" executionId="0cfbae40-95d5-482c-a5a7-73c814bbecb6" testListId="8c84fa94-04c1-424b-9868-57a2d4851a1d" />
    <TestEntry testId="2eb87a0e-e0a2-439c-bbf0-33dfb1d2a9e4" executionId="23dc429c-6f3a-463e-8f3f-403cf089bfae" testListId="8c84fa94-04c1-424b-9868-57a2d4851a1d" />
    <TestEntry testId="5b07da19-9b8c-42e7-96cb-475b772b4f9f" executionId="c1927ddb-9387-42a2-8d68-977b42b75bd1" testListId="8c84fa94-04c1-424b-9868-57a2d4851a1d" />
    <TestEntry testId="fd558a97-a2b0-4152-a722-f853e41946d3" executionId="edbc38f8-3bc0-4429-8893-74255e2d6b5c" testListId="8c84fa94-04c1-424b-9868-57a2d4851a1d" />
    <TestEntry testId="6cef95b5-1972-41d4-91dc-bc3404df3edf" executionId="b8a02108-26b7-4b1b-ab7e-7f2e81be7c56" testListId="8c84fa94-04c1-424b-9868-57a2d4851a1d" />
    <TestEntry testId="24619b3d-bd81-4e3e-8755-23352a048994" executionId="805c9d3c-2897-4d6c-9131-f3b967bf1de3" testListId="8c84fa94-04c1-424b-9868-57a2d4851a1d" />
    <TestEntry testId="7274f40c-3411-4fdc-9e29-4cb70174a5c3" executionId="4633dc7f-1a12-4b2a-a4fa-615ac0555d7a" testListId="8c84fa94-04c1-424b-9868-57a2d4851a1d" />
    <TestEntry testId="ae9dcd21-e235-4619-ae0c-0cfd7863f97f" executionId="93443a05-f5b1-47c1-b443-11af7c6128af" testListId="8c84fa94-04c1-424b-9868-57a2d4851a1d" />
    <TestEntry testId="87e70627-2a7f-43d7-9353-c4b6e2c1bedd" executionId="7afde564-b1b2-44da-a6c8-109acc23b963" testListId="8c84fa94-04c1-424b-9868-57a2d4851a1d" />
    <TestEntry testId="580480b6-469b-4dc9-bd5d-756e7eaaa8fd" executionId="45499710-7079-41fd-b27d-cdc2748df88b" testListId="8c84fa94-04c1-424b-9868-57a2d4851a1d" />
    <TestEntry testId="9ef20533-9856-4b9d-93f0-066cc96e9d7f" executionId="2faf58c3-3f83-4be6-b8b5-f3421479f0be" testListId="8c84fa94-04c1-424b-9868-57a2d4851a1d" />
    <TestEntry testId="e76ca9bf-795e-4228-ac5d-b894a2bb9480" executionId="0d8528c4-3bb9-4889-8854-632eb4c88b97" testListId="8c84fa94-04c1-424b-9868-57a2d4851a1d" />
    <TestEntry testId="c68d8cb4-04ee-41dd-946e-d69c3378453d" executionId="d854f17d-b87b-48f5-a562-162127aa4c52" testListId="8c84fa94-04c1-424b-9868-57a2d4851a1d" />
    <TestEntry testId="8470d872-6ac3-4a8b-8400-f35f37fd7bbe" executionId="1debe917-8861-4f93-bd07-d0293042598f" testListId="8c84fa94-04c1-424b-9868-57a2d4851a1d" />
    <TestEntry testId="c3c2d0cf-c5ab-4054-9496-5db7528c33e2" executionId="43574ae2-e1ff-46e7-bfbe-755351d36abf" testListId="8c84fa94-04c1-424b-9868-57a2d4851a1d" />
    <TestEntry testId="7f210815-1d54-4c92-9a43-399e55c36d38" executionId="fc308ff2-9e0e-4b15-b07f-ac35a18fb858" testListId="8c84fa94-04c1-424b-9868-57a2d4851a1d" />
    <TestEntry testId="c6af39cd-2d67-40cd-958b-a1956293a195" executionId="7bf553c8-0468-4a1b-9033-11f7c9981847" testListId="8c84fa94-04c1-424b-9868-57a2d4851a1d" />
    <TestEntry testId="8edbbc9d-d9a7-4145-bcfb-db696a4f8c5d" executionId="2d7df8fc-669b-4138-964d-b805ebfeabc2" testListId="8c84fa94-04c1-424b-9868-57a2d4851a1d" />
    <TestEntry testId="451dea66-b358-486d-9836-fe56cabb83ff" executionId="f45ca0ef-067e-43f6-9885-0f4e6347ae75" testListId="8c84fa94-04c1-424b-9868-57a2d4851a1d" />
    <TestEntry testId="60693eeb-94ef-46ef-a663-86fc0d02ddf1" executionId="b1662e3f-8e50-4c8f-8306-0ce562e900a4" testListId="8c84fa94-04c1-424b-9868-57a2d4851a1d" />
    <TestEntry testId="9601ad15-c7c8-438c-93cc-65952e327d73" executionId="1821de1c-65f8-44a7-a6be-8269af0cbb7d" testListId="8c84fa94-04c1-424b-9868-57a2d4851a1d" />
    <TestEntry testId="0a6dba5b-5fff-40c0-9e48-d4b323abaa78" executionId="20806542-0fff-4f3c-8daf-e896c548923c" testListId="8c84fa94-04c1-424b-9868-57a2d4851a1d" />
    <TestEntry testId="ea944d90-cec2-4712-ad70-eee867517249" executionId="0a0853d2-5793-44e6-a6ae-ec28ffb780f2" testListId="8c84fa94-04c1-424b-9868-57a2d4851a1d" />
    <TestEntry testId="f69c8d65-75ff-438c-977a-52391b71487d" executionId="2979933c-9c48-4ca9-b04f-516197674c51" testListId="8c84fa94-04c1-424b-9868-57a2d4851a1d" />
    <TestEntry testId="fbf6edf8-00ff-4429-8983-69099c82ef43" executionId="226399da-f837-4ed4-ab0f-55d1de583a5f" testListId="8c84fa94-04c1-424b-9868-57a2d4851a1d" />
    <TestEntry testId="1e77783b-e700-4381-a560-43f0aed64413" executionId="d5b0cd70-ac07-4c13-b5e9-c2c2362353be" testListId="8c84fa94-04c1-424b-9868-57a2d4851a1d" />
    <TestEntry testId="15b19e81-81be-4fa0-ab11-48b0b9e30fc6" executionId="768ccc75-edac-436f-9de9-750ac1d9b134" testListId="8c84fa94-04c1-424b-9868-57a2d4851a1d" />
    <TestEntry testId="e3c29f82-d510-45b8-b553-03660d3ada2f" executionId="25e7d724-c3b1-468a-a4f4-ecca1e885d55" testListId="8c84fa94-04c1-424b-9868-57a2d4851a1d" />
    <TestEntry testId="9a53864b-5e0e-438d-9360-8652b456993a" executionId="aa4c2f33-98d0-41ae-8eff-bb9a0f6c5a06" testListId="8c84fa94-04c1-424b-9868-57a2d4851a1d" />
    <TestEntry testId="3118d51d-245e-458b-b8d6-f53cbc2ec95c" executionId="e85ba68b-4f08-4b70-a384-89cd63297a55" testListId="8c84fa94-04c1-424b-9868-57a2d4851a1d" />
    <TestEntry testId="a8899a7f-d27a-474d-b53e-ac211602d0b2" executionId="6b819ca8-ec18-410f-902e-18f26d5a3a17" testListId="8c84fa94-04c1-424b-9868-57a2d4851a1d" />
    <TestEntry testId="fef83c8b-fac9-4f6e-854f-dc63ed4b72c9" executionId="a27a844e-65c0-4cf2-a264-fa6e6f576e18" testListId="8c84fa94-04c1-424b-9868-57a2d4851a1d" />
    <TestEntry testId="c46090a0-b850-40b6-9a38-e6afdb0e2743" executionId="15ce4619-0ed8-4e6a-861e-32096326fa4a" testListId="8c84fa94-04c1-424b-9868-57a2d4851a1d" />
    <TestEntry testId="abe35052-7b81-43a5-b8b0-76a1cd62a115" executionId="091e1850-ad85-4243-aa63-18e6f55f355a" testListId="8c84fa94-04c1-424b-9868-57a2d4851a1d" />
    <TestEntry testId="54500012-3c42-47ac-bc61-af23fa4c791e" executionId="4edd7702-e4fc-4ccf-accf-c0852d7d8715" testListId="8c84fa94-04c1-424b-9868-57a2d4851a1d" />
    <TestEntry testId="257c0e65-2b03-49de-920d-578ac4860cbe" executionId="e06015c6-8e28-469f-99e7-8969836f2e9a" testListId="8c84fa94-04c1-424b-9868-57a2d4851a1d" />
    <TestEntry testId="c5f1de52-77e8-477d-b981-b5a0db325d1e" executionId="646e8db1-b361-42b3-b5f9-949ffe970721" testListId="8c84fa94-04c1-424b-9868-57a2d4851a1d" />
    <TestEntry testId="7bc36f4f-a101-4457-b27b-6cbcd4eea0cc" executionId="ac032fca-3341-4496-bbdc-2167315d6bf0" testListId="8c84fa94-04c1-424b-9868-57a2d4851a1d" />
    <TestEntry testId="b050d64c-3105-491f-affe-97d8e4db8ec0" executionId="370b2885-4612-4a5a-ba8a-1fb8ab469c86" testListId="8c84fa94-04c1-424b-9868-57a2d4851a1d" />
    <TestEntry testId="76b869c3-b07b-46f6-b666-b1dd65cc8353" executionId="df1e649e-b23d-4c28-b17a-3ac852455bc8" testListId="8c84fa94-04c1-424b-9868-57a2d4851a1d" />
    <TestEntry testId="ca32e56f-eea4-4c46-a5f8-b1edfddfce6d" executionId="797aca22-29d4-4ce4-acfb-6287d1e44451" testListId="8c84fa94-04c1-424b-9868-57a2d4851a1d" />
    <TestEntry testId="fd7ea203-8649-41b4-bbc7-74f339560c3c" executionId="777d18cd-f197-4275-aa44-b23d8c9f3717" testListId="8c84fa94-04c1-424b-9868-57a2d4851a1d" />
    <TestEntry testId="3487b0f5-3056-4620-8d01-37d21710f169" executionId="e7aad8de-9be1-4787-b88f-5f5ec14a33a1" testListId="8c84fa94-04c1-424b-9868-57a2d4851a1d" />
    <TestEntry testId="fee074aa-1488-4e0e-a027-b2faf1c855f1" executionId="1a9ce61b-d61d-4f67-89ae-aa6ec29a6fff" testListId="8c84fa94-04c1-424b-9868-57a2d4851a1d" />
    <TestEntry testId="a926cdb7-8c49-441b-8d9e-90d31d0e0c2c" executionId="f2df99ee-1fc1-4032-b13c-a2c327b981f5" testListId="8c84fa94-04c1-424b-9868-57a2d4851a1d" />
    <TestEntry testId="1f2bba42-10c5-4d45-9eb2-d023b4853d52" executionId="a68181c5-dde6-438b-b203-b624706f0314" testListId="8c84fa94-04c1-424b-9868-57a2d4851a1d" />
    <TestEntry testId="3618d4c5-4ee9-4eb6-9b4e-42ea0b3e7e1d" executionId="5dddc152-4f64-4288-a035-773667dbb74b" testListId="8c84fa94-04c1-424b-9868-57a2d4851a1d" />
    <TestEntry testId="6dede315-f876-42c3-a41d-f141d6c3cafb" executionId="bef33ff3-9f1b-4c57-be38-32db8460c83e" testListId="8c84fa94-04c1-424b-9868-57a2d4851a1d" />
    <TestEntry testId="14858364-9cbf-4e80-8adc-85eb3fc324e9" executionId="5568e982-dc8a-4ebe-b859-e24395c05b29" testListId="8c84fa94-04c1-424b-9868-57a2d4851a1d" />
    <TestEntry testId="561de9cf-c515-45f3-a054-d27aeac8bb28" executionId="accf9f51-93de-459a-8c55-06c735a1744a" testListId="8c84fa94-04c1-424b-9868-57a2d4851a1d" />
    <TestEntry testId="85a2d123-7e2c-4158-b6f6-1c94254d93d0" executionId="f4bb6875-38c6-41c0-917e-983535f3ad02" testListId="8c84fa94-04c1-424b-9868-57a2d4851a1d" />
    <TestEntry testId="539d6fe2-bcfe-4590-ac48-232175f2828c" executionId="317fee0c-3488-4aa5-a00b-0103c1b2eb65" testListId="8c84fa94-04c1-424b-9868-57a2d4851a1d" />
    <TestEntry testId="a625188e-ffa6-4db3-9faf-7ac72f097871" executionId="23a996a7-72f6-4871-8554-c6adc6288194" testListId="8c84fa94-04c1-424b-9868-57a2d4851a1d" />
    <TestEntry testId="15a8873c-6214-48f7-95f1-fd7ba317391c" executionId="21b80b8f-038f-41a2-a100-fac50842e911" testListId="8c84fa94-04c1-424b-9868-57a2d4851a1d" />
    <TestEntry testId="931561e0-7c4b-42a6-8b0e-91518a3f4ed1" executionId="76b373f7-dd21-4590-8406-2fea38d47a8b" testListId="8c84fa94-04c1-424b-9868-57a2d4851a1d" />
    <TestEntry testId="9c303838-f8cd-4e9d-a5c1-fdf159a4ca54" executionId="910e31e4-76b0-4028-9fa5-885af5c00ed0" testListId="8c84fa94-04c1-424b-9868-57a2d4851a1d" />
    <TestEntry testId="a0ba1dcc-ba5f-458e-8ca7-e6dccc532687" executionId="c6a878d1-d473-429b-b6df-8cf98948e2f1" testListId="8c84fa94-04c1-424b-9868-57a2d4851a1d" />
    <TestEntry testId="64859041-b47b-4fd9-b644-f580806fb414" executionId="19a55ef1-e978-4993-b551-bd965e295b2a" testListId="8c84fa94-04c1-424b-9868-57a2d4851a1d" />
    <TestEntry testId="aa86d21c-7a2d-4ac4-b031-382713127976" executionId="301f1dc4-4ec1-4e66-8fcf-f7a1029a27cc" testListId="8c84fa94-04c1-424b-9868-57a2d4851a1d" />
    <TestEntry testId="a3e8c2e8-74f8-47dd-8af6-997b263c65a2" executionId="fdee9996-5797-427b-a8b0-93a478a668ba" testListId="8c84fa94-04c1-424b-9868-57a2d4851a1d" />
    <TestEntry testId="caea1e91-a43b-4ea3-a7dc-d5819ec2bec0" executionId="3c968de7-cf9f-4cb1-93ff-6f5bd77aaf40" testListId="8c84fa94-04c1-424b-9868-57a2d4851a1d" />
    <TestEntry testId="840ac98c-64e0-40f7-b5c5-bbdd5a8c1819" executionId="198f5d01-30bd-4f53-92a1-db132f5a51f1" testListId="8c84fa94-04c1-424b-9868-57a2d4851a1d" />
    <TestEntry testId="832f796e-c4f5-47ca-b74f-dad3bacba5ea" executionId="6957b193-b36e-4fbc-af8f-e0706cb91d8d" testListId="8c84fa94-04c1-424b-9868-57a2d4851a1d" />
    <TestEntry testId="e62bd3a3-4d39-4c2c-99fc-adc6453a9ff8" executionId="b3a3555c-e3d9-46bc-89c2-68db7a01ac7f" testListId="8c84fa94-04c1-424b-9868-57a2d4851a1d" />
    <TestEntry testId="f0292563-7c3c-4775-be85-7b129bbeffe6" executionId="b0460ab9-cd66-4522-b128-f3419b59e929" testListId="8c84fa94-04c1-424b-9868-57a2d4851a1d" />
    <TestEntry testId="2c07af9c-34e2-47c8-ae47-de20e71cddbc" executionId="7360ae1d-4bf0-4388-9b6f-a2df39d41dc8" testListId="8c84fa94-04c1-424b-9868-57a2d4851a1d" />
    <TestEntry testId="dd30b603-951b-4cfa-a553-26191d1f8b11" executionId="cb94cb8e-ed3b-4417-b400-efa9c8251abb" testListId="8c84fa94-04c1-424b-9868-57a2d4851a1d" />
    <TestEntry testId="414ca49d-aed2-4c55-84da-191c77211ab7" executionId="29a37974-3e07-4164-a635-2abee9cc670b" testListId="8c84fa94-04c1-424b-9868-57a2d4851a1d" />
    <TestEntry testId="b237aa89-ced3-419e-b52f-ab3025a13d3f" executionId="6a49b831-f1d2-4615-85d0-06a0ce13e3be" testListId="8c84fa94-04c1-424b-9868-57a2d4851a1d" />
    <TestEntry testId="5d2aa976-cbd1-494d-a6cf-2d595205b2db" executionId="bf88a675-7b66-46c5-82a0-d7742d0a2b77" testListId="8c84fa94-04c1-424b-9868-57a2d4851a1d" />
    <TestEntry testId="2751d061-898c-404c-9c15-c6fec2412f4c" executionId="f78cb09d-3674-4e35-a88c-cf6f424c3d8e" testListId="8c84fa94-04c1-424b-9868-57a2d4851a1d" />
    <TestEntry testId="7869b707-4709-465a-b432-a60ac1ae0852" executionId="d26e916b-75a9-4be2-9fd2-6b0d13c4a3c6" testListId="8c84fa94-04c1-424b-9868-57a2d4851a1d" />
    <TestEntry testId="d0054cbf-daaf-420a-ac69-854361eb9fef" executionId="055b944e-7152-4797-a961-cc148ad7d8f9" testListId="8c84fa94-04c1-424b-9868-57a2d4851a1d" />
    <TestEntry testId="2b3fe2ce-df4c-4575-a925-db233a4578e0" executionId="219b6459-2444-4cca-b8ee-b0196c2d1d77" testListId="8c84fa94-04c1-424b-9868-57a2d4851a1d" />
    <TestEntry testId="24f0726e-096a-4c08-9342-837d01a03615" executionId="e997ca6f-5298-4a8d-8a80-0b17ec596545" testListId="8c84fa94-04c1-424b-9868-57a2d4851a1d" />
    <TestEntry testId="47beb7af-88cf-4683-9ddd-bed3908a51b8" executionId="80266447-09b4-4a7a-8b66-c4087e6e80d9" testListId="8c84fa94-04c1-424b-9868-57a2d4851a1d" />
    <TestEntry testId="9134ee78-8656-4772-8b9c-457cef1bb702" executionId="430c6a02-73c4-4d84-b06e-08a6e22bc77f" testListId="8c84fa94-04c1-424b-9868-57a2d4851a1d" />
    <TestEntry testId="86d23918-679c-4c79-8892-cbde71e2193c" executionId="c04bdaca-e78c-4bae-89f3-dcd49bad074a" testListId="8c84fa94-04c1-424b-9868-57a2d4851a1d" />
    <TestEntry testId="8f2d8e08-0b72-4643-874c-fa3cd810af15" executionId="803eb470-02ed-4632-9d8c-f401eaa9ff9c" testListId="8c84fa94-04c1-424b-9868-57a2d4851a1d" />
    <TestEntry testId="79512487-9552-45ea-9451-a10dbd49e6b6" executionId="ece4d4cb-e9ef-4186-bd08-c7830146ab6e" testListId="8c84fa94-04c1-424b-9868-57a2d4851a1d" />
    <TestEntry testId="80fa6182-31b8-4d74-b2a2-8bfe74fb4fcc" executionId="f42f8367-e23d-403e-90d7-ec471484875f" testListId="8c84fa94-04c1-424b-9868-57a2d4851a1d" />
    <TestEntry testId="856a1e33-340f-478e-8a68-52f0b190f9bb" executionId="29a5191b-fdcb-4c8d-80a3-09a75978196c" testListId="8c84fa94-04c1-424b-9868-57a2d4851a1d" />
    <TestEntry testId="fe0561c2-1594-4ce2-a1c4-5e69c8aeceb8" executionId="def8dc5e-d6fd-49dd-8650-9ed36948034a" testListId="8c84fa94-04c1-424b-9868-57a2d4851a1d" />
    <TestEntry testId="41c3d29a-0adf-4d8d-b1ad-c0eb5b1e1ebd" executionId="c5348f2c-e983-45f1-b0e3-ecbb39d98a14" testListId="8c84fa94-04c1-424b-9868-57a2d4851a1d" />
    <TestEntry testId="27b166e0-d27b-4466-b584-6bab21f1d5d2" executionId="5d512a73-cfcf-462f-9bbb-f8dcbe1ece9d" testListId="8c84fa94-04c1-424b-9868-57a2d4851a1d" />
    <TestEntry testId="dbf479ce-b166-4013-84f1-a4c5d3504550" executionId="b191246f-e2de-4cc5-b76e-6fc4b9fab0b5" testListId="8c84fa94-04c1-424b-9868-57a2d4851a1d" />
    <TestEntry testId="9360684b-764e-49c8-9ade-970eb55bae89" executionId="c5c1bddf-f3ae-4c3c-91f9-c74c061ba4c3" testListId="8c84fa94-04c1-424b-9868-57a2d4851a1d" />
    <TestEntry testId="febcc48f-64fb-4d03-ab7d-ce3326aa17a0" executionId="64b2b439-9854-4720-96cf-1f1fe7e62698" testListId="8c84fa94-04c1-424b-9868-57a2d4851a1d" />
    <TestEntry testId="d28d02d0-e5fd-4498-96ae-8e0dc510dc86" executionId="feeecafb-bd72-4b17-9f5f-49f3fc0aaba9" testListId="8c84fa94-04c1-424b-9868-57a2d4851a1d" />
    <TestEntry testId="d8f5bca3-1b88-4041-a1bd-d1376ce6c617" executionId="370f34df-9f18-42c3-aaea-639f64c1c66d" testListId="8c84fa94-04c1-424b-9868-57a2d4851a1d" />
    <TestEntry testId="7102e494-7549-4c29-91ea-b438add9b46f" executionId="962f13cf-0298-4335-a8fc-62424f123d4e" testListId="8c84fa94-04c1-424b-9868-57a2d4851a1d" />
    <TestEntry testId="eaca1b88-e468-4e89-ac40-e0cab1c034e2" executionId="1f0acd88-a284-4b81-b75f-b45c6fb6a8fc" testListId="8c84fa94-04c1-424b-9868-57a2d4851a1d" />
    <TestEntry testId="d49aa214-0c8a-48bf-bb06-d2b818898303" executionId="ffda15f3-6401-4830-a962-7f6806ae1fdb" testListId="8c84fa94-04c1-424b-9868-57a2d4851a1d" />
    <TestEntry testId="9f7babc2-33e8-43f4-9bfb-7b4a70c7e743" executionId="e59be342-4605-4898-b25b-71fcad5f27af" testListId="8c84fa94-04c1-424b-9868-57a2d4851a1d" />
    <TestEntry testId="665a4125-0926-4571-a60e-9b825ee98bad" executionId="ca792c4f-072b-4626-bf49-d185e851e945" testListId="8c84fa94-04c1-424b-9868-57a2d4851a1d" />
    <TestEntry testId="03f79cab-dc52-4d83-aab1-1714a1eee92f" executionId="1ecb9707-6e88-4329-b17d-b3d508e81a87" testListId="8c84fa94-04c1-424b-9868-57a2d4851a1d" />
    <TestEntry testId="d03fb3b4-c1aa-4316-8325-e8d2393a0eee" executionId="031c66da-4b1d-48fd-b661-665e0042b6f0" testListId="8c84fa94-04c1-424b-9868-57a2d4851a1d" />
    <TestEntry testId="cc769d1c-cc9b-49a0-8e17-c7b0770002d8" executionId="23bbd20b-39ab-4654-adb7-9fadaa68ae87" testListId="8c84fa94-04c1-424b-9868-57a2d4851a1d" />
    <TestEntry testId="31c0b548-8ad8-498a-88dd-bd304caa5ad1" executionId="be814660-c915-4985-b012-f16fc903d954" testListId="8c84fa94-04c1-424b-9868-57a2d4851a1d" />
    <TestEntry testId="c596e8fe-f660-4d99-a271-7751e5dc3b4d" executionId="06c95412-9d99-48e6-b1ca-cbca257feabd" testListId="8c84fa94-04c1-424b-9868-57a2d4851a1d" />
    <TestEntry testId="27743a09-f1f2-449e-87fc-d891f68996a0" executionId="0820d560-2a7c-4962-bcad-7f21ef315780" testListId="8c84fa94-04c1-424b-9868-57a2d4851a1d" />
    <TestEntry testId="a2372211-6ede-46c4-855c-c1c9c2629c0a" executionId="be6c3d7a-f5e2-4daa-8a4b-204c4e3a301d" testListId="8c84fa94-04c1-424b-9868-57a2d4851a1d" />
    <TestEntry testId="41d4481c-d46f-4479-b2ef-2b814c5d128f" executionId="da8bd68f-165d-4ba1-b28d-f6f3806a854f" testListId="8c84fa94-04c1-424b-9868-57a2d4851a1d" />
    <TestEntry testId="9c7b9822-cc29-410e-bd59-1ee668bc91ff" executionId="d0cdba94-68bd-44a9-bce0-6a836136832c" testListId="8c84fa94-04c1-424b-9868-57a2d4851a1d" />
    <TestEntry testId="2d47fcc3-36cc-4c49-a0ad-3c8d6a6d6db6" executionId="2168b663-caf1-4d3a-88d6-9e743963521f" testListId="8c84fa94-04c1-424b-9868-57a2d4851a1d" />
    <TestEntry testId="bae40a6e-9f78-4706-9f97-15f54bfc3269" executionId="52cd07e2-60b7-49bb-a7ac-edc8d2d62034" testListId="8c84fa94-04c1-424b-9868-57a2d4851a1d" />
    <TestEntry testId="0c2d866e-b770-462a-9759-075c4c70f038" executionId="79eadbb0-c242-4195-905a-983ef0db69b3" testListId="8c84fa94-04c1-424b-9868-57a2d4851a1d" />
    <TestEntry testId="122d94fd-6ecf-406a-99c4-c602523c1936" executionId="fa182973-8b3a-4237-a79d-15450e790e2f" testListId="8c84fa94-04c1-424b-9868-57a2d4851a1d" />
    <TestEntry testId="95d41570-cc09-4de2-b9a1-61e075206739" executionId="2a68e0fa-fff5-42ae-9c15-3065250edd4f" testListId="8c84fa94-04c1-424b-9868-57a2d4851a1d" />
    <TestEntry testId="6ee1c9f5-daa0-4e18-ac0c-219bc1b64561" executionId="d915a8be-e4aa-4145-9d4b-30902afdae55" testListId="8c84fa94-04c1-424b-9868-57a2d4851a1d" />
    <TestEntry testId="22f01383-1d37-40f6-8f53-200a22bae8b9" executionId="4d25295b-5de9-487a-9706-184fd6cb930e" testListId="8c84fa94-04c1-424b-9868-57a2d4851a1d" />
    <TestEntry testId="db423d63-e81a-4aed-9f02-89320cc1ceee" executionId="a869583e-b088-47eb-b89a-ed627616eb13" testListId="8c84fa94-04c1-424b-9868-57a2d4851a1d" />
    <TestEntry testId="515b7e53-2e61-4536-a67a-2abc8eb757fb" executionId="efaf939f-3808-43df-905a-e55c1f1c71c5" testListId="8c84fa94-04c1-424b-9868-57a2d4851a1d" />
    <TestEntry testId="08599efe-40bb-4520-8d84-e8c9510c6840" executionId="f830553b-3b2a-4bc2-bae8-110ae8c44c65" testListId="8c84fa94-04c1-424b-9868-57a2d4851a1d" />
    <TestEntry testId="0f356d5d-2bf4-4aab-b5fd-d3a8e86046cb" executionId="91853e07-df05-4d24-9b44-524194b99af3" testListId="8c84fa94-04c1-424b-9868-57a2d4851a1d" />
    <TestEntry testId="e9a28500-8dda-43ba-8451-cc113109f3f0" executionId="462f5d34-2dbd-44aa-9627-27e18a72aba0" testListId="8c84fa94-04c1-424b-9868-57a2d4851a1d" />
    <TestEntry testId="05b0c099-1a66-455b-8580-2318eb03b87a" executionId="cc751f39-683d-4e16-9a91-736dbefb32bd" testListId="8c84fa94-04c1-424b-9868-57a2d4851a1d" />
    <TestEntry testId="da682d4c-c85b-4a91-881b-cd64dee8ea55" executionId="24279237-d029-4eb0-a01b-c7f99ec6e17e" testListId="8c84fa94-04c1-424b-9868-57a2d4851a1d" />
    <TestEntry testId="4459a044-5895-4e77-a0ad-f0edbc242f36" executionId="b375bac0-9bbb-4c28-8d7c-c70c46b74fe2" testListId="8c84fa94-04c1-424b-9868-57a2d4851a1d" />
    <TestEntry testId="8462e7b3-4f60-4032-8e50-d57443998068" executionId="6ce004d1-e645-4810-871b-8327babe0d09" testListId="8c84fa94-04c1-424b-9868-57a2d4851a1d" />
    <TestEntry testId="7bf107be-285d-4575-8163-dbb5c990a3e4" executionId="9e699bda-e51e-4651-b045-af0e996bd239" testListId="8c84fa94-04c1-424b-9868-57a2d4851a1d" />
    <TestEntry testId="290e5791-4621-41b4-89b8-2640efeb1425" executionId="9de6b7e9-2455-4e0c-b786-db8823cc50e9" testListId="8c84fa94-04c1-424b-9868-57a2d4851a1d" />
    <TestEntry testId="b4b2c068-76cb-448b-bd93-63c292a78e31" executionId="737aac35-2061-4563-b74c-ea34b2e1b486" testListId="8c84fa94-04c1-424b-9868-57a2d4851a1d" />
    <TestEntry testId="df5e0ebd-08ee-4c3d-aa8a-259aaa6ea7cd" executionId="cae78a03-17a2-4fa4-8bbd-5f6b6c574335" testListId="8c84fa94-04c1-424b-9868-57a2d4851a1d" />
    <TestEntry testId="c970dd92-f0ee-431d-8327-9696ac992f51" executionId="11fec023-11a4-4dbe-9a72-440ca8ed9e45" testListId="8c84fa94-04c1-424b-9868-57a2d4851a1d" />
    <TestEntry testId="37440a92-00b8-4535-b920-a429477eca4d" executionId="b55b40f0-c21d-4f52-94c6-88568ce13f9f" testListId="8c84fa94-04c1-424b-9868-57a2d4851a1d" />
    <TestEntry testId="8c9fbeb8-10d1-44c3-ac5f-ed523673df34" executionId="f88f5038-eae6-4449-82cb-d44ac823202b" testListId="8c84fa94-04c1-424b-9868-57a2d4851a1d" />
    <TestEntry testId="63681c9d-295c-455c-ae3c-713aecde79fb" executionId="5d90afdd-5ac1-420c-a114-7e638a693f5c" testListId="8c84fa94-04c1-424b-9868-57a2d4851a1d" />
    <TestEntry testId="3ed176e6-ab37-4a29-b155-805abfd790bd" executionId="07af63b8-78e4-44e5-9add-9bf3f865d0b9" testListId="8c84fa94-04c1-424b-9868-57a2d4851a1d" />
    <TestEntry testId="cb39f019-8ad5-47b6-88d4-01648965f5a2" executionId="7dafbf9b-14be-4773-b1d2-05e14c532676" testListId="8c84fa94-04c1-424b-9868-57a2d4851a1d" />
    <TestEntry testId="120bf58a-7805-4e74-b650-c0f780a4034d" executionId="e1bd27fe-8a91-4c9f-bdc7-3b39c973649d" testListId="8c84fa94-04c1-424b-9868-57a2d4851a1d" />
    <TestEntry testId="13ef9025-f0c8-4326-ac16-34bc116dd2cf" executionId="30bfcdc9-2f57-4004-8657-8ec53a695324" testListId="8c84fa94-04c1-424b-9868-57a2d4851a1d" />
    <TestEntry testId="ef01cef6-f0b2-4011-9b0c-46e8db27c169" executionId="739e35e1-8ac3-4dd5-8e63-775be5dfa922" testListId="8c84fa94-04c1-424b-9868-57a2d4851a1d" />
    <TestEntry testId="4c31f238-7507-45d0-b91f-bca7b9b952c1" executionId="51adb3a8-f2d7-49d5-85af-2303987c1ea2" testListId="8c84fa94-04c1-424b-9868-57a2d4851a1d" />
    <TestEntry testId="ea45e521-554c-496f-8d8b-40c04d43cafe" executionId="513fa005-6379-4662-b4d6-3679c76455c5" testListId="8c84fa94-04c1-424b-9868-57a2d4851a1d" />
    <TestEntry testId="a11af258-ff7f-47a4-ab44-1132c689e843" executionId="835d03ca-77b4-4977-88f6-594d48280fb7" testListId="8c84fa94-04c1-424b-9868-57a2d4851a1d" />
    <TestEntry testId="9751dc6c-ad08-42d4-828d-5a349caac043" executionId="69891a64-d5d9-4de5-ac2e-2a5faea7a468" testListId="8c84fa94-04c1-424b-9868-57a2d4851a1d" />
    <TestEntry testId="8e43eee4-6195-4524-9a6f-5db8e80fa882" executionId="6e71e9a9-aaaa-4237-83f7-69ce25681d53" testListId="8c84fa94-04c1-424b-9868-57a2d4851a1d" />
    <TestEntry testId="4e703d42-256e-41bc-a5d2-b01bef160431" executionId="f6fd15d2-d79e-4c49-877d-6c85cb74cee8" testListId="8c84fa94-04c1-424b-9868-57a2d4851a1d" />
    <TestEntry testId="608c2a52-0b20-40cf-950f-b9f2daac9760" executionId="008f7843-cf33-43ed-bcbb-f68ee7c998aa" testListId="8c84fa94-04c1-424b-9868-57a2d4851a1d" />
    <TestEntry testId="a36a440d-9fa2-4cdf-8217-8e926a925265" executionId="25d4b0f3-4788-4e53-8903-64cbaa159cdb" testListId="8c84fa94-04c1-424b-9868-57a2d4851a1d" />
    <TestEntry testId="371e9bff-b7bc-4d40-a946-9b7e4b6b0d2b" executionId="24679326-049f-4579-ae13-73a49cf06704" testListId="8c84fa94-04c1-424b-9868-57a2d4851a1d" />
    <TestEntry testId="0647c16d-69cd-40cf-8502-22c991424b60" executionId="94adf498-d3bf-4727-b46b-b4532b8879dd" testListId="8c84fa94-04c1-424b-9868-57a2d4851a1d" />
    <TestEntry testId="62fc978b-7b70-47ba-bee3-534ec169b108" executionId="c01b53e5-fe25-44ec-a746-38c42f7972d4" testListId="8c84fa94-04c1-424b-9868-57a2d4851a1d" />
    <TestEntry testId="06c40ea1-7a6d-405c-a4b4-8737e42b342c" executionId="5f0285a7-13af-4dd2-af99-8a1cb3144692" testListId="8c84fa94-04c1-424b-9868-57a2d4851a1d" />
    <TestEntry testId="1d100068-6b80-4bd8-870b-9d5ea43e4890" executionId="021ffead-52e3-4bce-8793-0ea34c68f0ac" testListId="8c84fa94-04c1-424b-9868-57a2d4851a1d" />
    <TestEntry testId="29a20168-d50a-4cec-8ac5-4a99a3450361" executionId="c93e598d-7fb0-4679-bd5f-f69dae9df586" testListId="8c84fa94-04c1-424b-9868-57a2d4851a1d" />
    <TestEntry testId="659369d4-774a-40fb-804d-fa1e3b2c608a" executionId="91e3d59a-0b39-4f88-a5dd-11c2a8aa1b12" testListId="8c84fa94-04c1-424b-9868-57a2d4851a1d" />
    <TestEntry testId="8a5a68eb-09fe-428d-aba6-b9ae883bbafd" executionId="44c307e5-c41e-40eb-8149-a722a01bbf85" testListId="8c84fa94-04c1-424b-9868-57a2d4851a1d" />
    <TestEntry testId="c8d0ef7d-c3c4-4c18-8f6b-66e4b17b3e74" executionId="063809d5-a69d-492f-af23-7b71fadbf482" testListId="8c84fa94-04c1-424b-9868-57a2d4851a1d" />
    <TestEntry testId="b26b42d3-f764-4270-9906-1ad1a1105aaf" executionId="0f2b2df8-2af8-4eb1-9d91-2495b1a533a3" testListId="8c84fa94-04c1-424b-9868-57a2d4851a1d" />
    <TestEntry testId="51a94467-52b9-4909-af60-f2adf05561ab" executionId="3079d74b-9454-4920-84ca-a515afa70ecd" testListId="8c84fa94-04c1-424b-9868-57a2d4851a1d" />
    <TestEntry testId="e410097f-d36c-4732-9b9a-2090345e1075" executionId="46ab8bca-83ae-433d-9c1d-b8ac5a0bca53" testListId="8c84fa94-04c1-424b-9868-57a2d4851a1d" />
    <TestEntry testId="ff114751-ec43-4082-81a7-a5dab62c54d0" executionId="e811de58-b5f1-4a44-8bbd-3e4e061c8a84" testListId="8c84fa94-04c1-424b-9868-57a2d4851a1d" />
    <TestEntry testId="16ce3f46-3662-46f9-b55c-b512c294763f" executionId="6baa0090-b5b7-402b-ab07-f507fb29c5cc" testListId="8c84fa94-04c1-424b-9868-57a2d4851a1d" />
    <TestEntry testId="74d9ad90-5640-4d34-8033-9c7891d36d5d" executionId="c9d35319-3c41-4681-8fae-7bcba333c455" testListId="8c84fa94-04c1-424b-9868-57a2d4851a1d" />
    <TestEntry testId="5d4c5b26-5d5a-4c94-b1f6-dab8d3279a85" executionId="9aa3ebe7-6ea0-4574-ac07-aaa292e94584" testListId="8c84fa94-04c1-424b-9868-57a2d4851a1d" />
    <TestEntry testId="061514cf-127d-4aa4-89c3-3ba8c16bda22" executionId="f380ccb6-0f42-4467-ac24-d93b1e54e161" testListId="8c84fa94-04c1-424b-9868-57a2d4851a1d" />
    <TestEntry testId="6e751e9a-ee86-4381-a159-e25c05780e41" executionId="761276f0-7316-4168-b217-8580dfbb574b" testListId="8c84fa94-04c1-424b-9868-57a2d4851a1d" />
    <TestEntry testId="1edf77e9-7196-41a7-a89e-a7a5fc12cebb" executionId="27337643-85bf-44a6-8d35-6b647db2476c" testListId="8c84fa94-04c1-424b-9868-57a2d4851a1d" />
    <TestEntry testId="10acdf3c-5479-43eb-af48-447f9b3823d2" executionId="5b9fde2b-d8be-4c76-8046-334a36bc7889" testListId="8c84fa94-04c1-424b-9868-57a2d4851a1d" />
    <TestEntry testId="d8668516-2994-41ae-8ffc-050d7b3993e8" executionId="56506e54-71e6-44d8-ab19-40e28ee023ee" testListId="8c84fa94-04c1-424b-9868-57a2d4851a1d" />
    <TestEntry testId="897e2899-79c0-44e0-95a5-9fbf30400214" executionId="a8254230-f654-455c-8cf2-ccb39b429168" testListId="8c84fa94-04c1-424b-9868-57a2d4851a1d" />
    <TestEntry testId="ecfc3229-6b50-4c1a-a894-503d0fdf5372" executionId="470fa488-0bac-4384-8c97-1d078a3d2b64" testListId="8c84fa94-04c1-424b-9868-57a2d4851a1d" />
    <TestEntry testId="d1d8dedf-3117-4975-b344-db7c9b27c817" executionId="690e9109-e8b4-46b1-974f-fc3be771355b" testListId="8c84fa94-04c1-424b-9868-57a2d4851a1d" />
    <TestEntry testId="5915cc22-c8f1-4167-821f-594803cc6c4a" executionId="ca1f8559-b638-4ab3-b435-611d8c2a558a" testListId="8c84fa94-04c1-424b-9868-57a2d4851a1d" />
    <TestEntry testId="8557721d-7cfd-491f-aaeb-6efbf1a86cba" executionId="a84044bf-eedd-4f53-b19c-8b5f4837d06c" testListId="8c84fa94-04c1-424b-9868-57a2d4851a1d" />
    <TestEntry testId="6912f70b-9e23-4ec5-90c0-74784b3f9a60" executionId="e65c58fa-30aa-4949-bc9e-e5a88c4a8cdf" testListId="8c84fa94-04c1-424b-9868-57a2d4851a1d" />
    <TestEntry testId="f8693485-8a53-40e1-b3d8-839f715f4fb1" executionId="1aa67dee-129a-4eab-a6ca-108f24877098" testListId="8c84fa94-04c1-424b-9868-57a2d4851a1d" />
    <TestEntry testId="606e8991-aa4d-48f1-9b60-0beae070fb18" executionId="88e3f8e6-ad7a-4f99-96db-ae0c6da33c3d" testListId="8c84fa94-04c1-424b-9868-57a2d4851a1d" />
    <TestEntry testId="d81dc393-fe74-4049-a77f-0b7eec5293ca" executionId="d2c348f4-e9f4-433d-917c-a74268d75677" testListId="8c84fa94-04c1-424b-9868-57a2d4851a1d" />
    <TestEntry testId="4c06036e-73dd-4094-979d-03c7a117e7b6" executionId="70285348-87a0-4411-b46a-595db3119b7a" testListId="8c84fa94-04c1-424b-9868-57a2d4851a1d" />
    <TestEntry testId="41327225-457a-4e59-968c-bdd6baf6a80c" executionId="dfd6169c-09f5-48ee-8079-2c12b6172263" testListId="8c84fa94-04c1-424b-9868-57a2d4851a1d" />
    <TestEntry testId="095acbb4-60f1-469e-8013-185cafe8691f" executionId="a08f6f85-5cb9-407a-8a95-87b997e1e362" testListId="8c84fa94-04c1-424b-9868-57a2d4851a1d" />
    <TestEntry testId="6649b448-ad8e-4ab0-8629-7e1de1282d49" executionId="02146a56-03de-4a16-bc4d-a074593cfeb1" testListId="8c84fa94-04c1-424b-9868-57a2d4851a1d" />
    <TestEntry testId="07ded492-c7fc-4b76-9c1f-0a797dd3be89" executionId="341c8292-f864-49c7-8e9f-788dff32358f" testListId="8c84fa94-04c1-424b-9868-57a2d4851a1d" />
    <TestEntry testId="a7c5c926-4bc0-4a10-b019-f5356ed515d7" executionId="5bf0be0c-bc77-4b28-92f5-5e968db7ae1b" testListId="8c84fa94-04c1-424b-9868-57a2d4851a1d" />
    <TestEntry testId="ce7ec78a-6458-4b72-99e5-0557daf25c21" executionId="4f6384cf-9d85-4fcb-af45-e0babe77c381" testListId="8c84fa94-04c1-424b-9868-57a2d4851a1d" />
    <TestEntry testId="684776da-47e1-404d-9f49-b19c1e47145f" executionId="b2e5f90d-d5c3-4b32-bd23-05086fb6d355" testListId="8c84fa94-04c1-424b-9868-57a2d4851a1d" />
    <TestEntry testId="34272527-919f-4585-aeb6-6afc0e34784d" executionId="a26974a2-efb2-4453-a017-b7747b103bd2" testListId="8c84fa94-04c1-424b-9868-57a2d4851a1d" />
    <TestEntry testId="15fb0e4a-c755-424f-b484-5f6f055ec524" executionId="77143f69-8322-4fe6-bf2d-dd24ae655b3c" testListId="8c84fa94-04c1-424b-9868-57a2d4851a1d" />
    <TestEntry testId="abbf255a-12fe-49f0-a518-6d0cdbc03798" executionId="bfd093bd-e8c1-4797-aa47-9a81eccd8a43" testListId="8c84fa94-04c1-424b-9868-57a2d4851a1d" />
    <TestEntry testId="aff7741c-e9e0-48dd-a9bd-1840ea2722aa" executionId="aae52890-3872-4540-b314-1aa0b705319b" testListId="8c84fa94-04c1-424b-9868-57a2d4851a1d" />
    <TestEntry testId="b83f3644-507d-4c29-bc5e-6d05a2920370" executionId="6388d52d-c5f7-4769-9479-fb16460cbfd8" testListId="8c84fa94-04c1-424b-9868-57a2d4851a1d" />
    <TestEntry testId="f8a69dc2-7f45-43e9-8601-adaf02987262" executionId="ce5fceb5-278a-4e29-9eb4-f8854eb868c2" testListId="8c84fa94-04c1-424b-9868-57a2d4851a1d" />
    <TestEntry testId="5bfce3c6-54a0-4a1b-8d6c-b68ef5adf69d" executionId="a1796fd5-5e14-4327-8ba3-9ed18195adc5" testListId="8c84fa94-04c1-424b-9868-57a2d4851a1d" />
    <TestEntry testId="120541f4-0ba9-4593-a5e4-e7b0eb315dc7" executionId="2e92fff8-3271-4263-8e93-4167415dcd3b" testListId="8c84fa94-04c1-424b-9868-57a2d4851a1d" />
    <TestEntry testId="66dace78-7e48-4889-a49e-a2d1970ac281" executionId="a2eff562-908f-40e5-83cb-edb42e94823b" testListId="8c84fa94-04c1-424b-9868-57a2d4851a1d" />
    <TestEntry testId="426683cd-e25f-4868-b044-451438bdc9d5" executionId="763082fa-304c-41b1-bbdd-6f396e782c8b" testListId="8c84fa94-04c1-424b-9868-57a2d4851a1d" />
    <TestEntry testId="6d85b49b-f5af-4285-8b32-05b2e2d470b0" executionId="629754a7-24bb-46b3-9cd7-0ff0e2e1171c" testListId="8c84fa94-04c1-424b-9868-57a2d4851a1d" />
    <TestEntry testId="02d87262-b643-4e52-b5d3-e5570bb5ed78" executionId="4c557530-e689-4953-96fc-a30b963261e7" testListId="8c84fa94-04c1-424b-9868-57a2d4851a1d" />
    <TestEntry testId="5f5e8d61-506b-4f1e-bd08-105f0c7e2e7c" executionId="54b2f9f5-6b22-40c3-b964-b1dcd82df609" testListId="8c84fa94-04c1-424b-9868-57a2d4851a1d" />
    <TestEntry testId="101a56ed-4f03-44b4-8be3-be0ddd4bb0d7" executionId="94020d71-05c0-4c38-b5b9-bad967ebd4ae" testListId="8c84fa94-04c1-424b-9868-57a2d4851a1d" />
    <TestEntry testId="21ef5034-0603-41da-8375-fada30fc5061" executionId="ffdb669b-1e1c-4634-91d2-4850c642d878" testListId="8c84fa94-04c1-424b-9868-57a2d4851a1d" />
    <TestEntry testId="b5a6a438-5476-4edb-84d7-18109ae29eb7" executionId="61cb76df-b894-4030-b810-41b3f0960d86" testListId="8c84fa94-04c1-424b-9868-57a2d4851a1d" />
    <TestEntry testId="bb9d9c6b-4141-4241-96a3-da8fa05616ce" executionId="518c0e04-7107-48c9-9ad4-ba20e8b2c1ba" testListId="8c84fa94-04c1-424b-9868-57a2d4851a1d" />
    <TestEntry testId="52a119f7-b526-4b2f-8c6c-2f5f1ab2fe4d" executionId="69a82ede-32a1-4168-a3f1-807a9efc6741" testListId="8c84fa94-04c1-424b-9868-57a2d4851a1d" />
    <TestEntry testId="58d4b250-a90d-4d3a-baf2-b1f20cb9b9ce" executionId="c790c7cc-b146-4c54-a354-ad81c3e4152a" testListId="8c84fa94-04c1-424b-9868-57a2d4851a1d" />
    <TestEntry testId="c1246e43-6535-40cd-b3fe-be179b80bac9" executionId="9cb52a5b-46b9-4630-833d-2365957abd94" testListId="8c84fa94-04c1-424b-9868-57a2d4851a1d" />
    <TestEntry testId="3c74ef05-c0cf-403a-b5a8-24642dc411e1" executionId="375a30c2-3f03-4cd4-90be-225d23b77070" testListId="8c84fa94-04c1-424b-9868-57a2d4851a1d" />
    <TestEntry testId="406bc879-808f-46a7-bd20-9b34872bef60" executionId="3eef5ecb-fb79-40e2-8b23-994a3f3e2ad7" testListId="8c84fa94-04c1-424b-9868-57a2d4851a1d" />
    <TestEntry testId="505ca4de-21f1-4155-9c31-3a00ea9d2810" executionId="0a9cd295-ae20-4f87-b696-58931f0b35a0" testListId="8c84fa94-04c1-424b-9868-57a2d4851a1d" />
    <TestEntry testId="7d2ebf5d-5bba-4e92-9fe1-d968e99a2546" executionId="02f6dd8e-8929-4b8d-85f9-84db485221b5" testListId="8c84fa94-04c1-424b-9868-57a2d4851a1d" />
    <TestEntry testId="adb02269-927b-4571-b3ac-55cda5029f8e" executionId="ad5b5751-6248-4b54-832b-9833914c9262" testListId="8c84fa94-04c1-424b-9868-57a2d4851a1d" />
    <TestEntry testId="d7b242bf-3e51-43e2-9610-6ca13a5f808f" executionId="8c7d1181-311e-49b5-a4e0-d9a50d22ee65" testListId="8c84fa94-04c1-424b-9868-57a2d4851a1d" />
    <TestEntry testId="e6debb89-82b3-4047-8cba-47be0fb6b0b8" executionId="4c940066-5438-4040-8f90-ce2b8f492e23" testListId="8c84fa94-04c1-424b-9868-57a2d4851a1d" />
    <TestEntry testId="36b89cc6-04b8-41a3-bb37-ab65012f3225" executionId="0c31a97a-b491-4c2c-ab2b-ece80fa8154d" testListId="8c84fa94-04c1-424b-9868-57a2d4851a1d" />
    <TestEntry testId="3b0803f7-d8f1-457f-91fa-e4f34100648e" executionId="22b8fd51-a36a-435e-a6f8-c106c3405dce" testListId="8c84fa94-04c1-424b-9868-57a2d4851a1d" />
    <TestEntry testId="0bbb2001-b806-4174-baf0-0099653c7867" executionId="7e41c147-dd8f-48fa-9842-691f2299ec36" testListId="8c84fa94-04c1-424b-9868-57a2d4851a1d" />
    <TestEntry testId="382c9120-6887-4ec1-ac83-63cf772cdcde" executionId="5cccf01d-a27f-44f7-9aba-27fd3c34a8a0" testListId="8c84fa94-04c1-424b-9868-57a2d4851a1d" />
    <TestEntry testId="7f817b4f-1b57-49e5-9162-18233c2f8f7c" executionId="fb3c8fea-582d-4080-b8f2-f61f94afbd83" testListId="8c84fa94-04c1-424b-9868-57a2d4851a1d" />
    <TestEntry testId="9e53e7da-35f8-420c-b4a7-b9dc2c82102b" executionId="75232346-7627-4bc6-b12f-2dc9ab363473" testListId="8c84fa94-04c1-424b-9868-57a2d4851a1d" />
    <TestEntry testId="07f7d6bc-3d95-4a6d-a51a-8b0340846ccb" executionId="7248d9ea-fb45-4e54-92ab-4ef2f2682279" testListId="8c84fa94-04c1-424b-9868-57a2d4851a1d" />
    <TestEntry testId="83994802-1fd0-4f70-8057-d139d2e090c1" executionId="0da34dae-78fd-4573-b545-ebdeefda3ec9" testListId="8c84fa94-04c1-424b-9868-57a2d4851a1d" />
    <TestEntry testId="b9c2fc4e-c8f6-44f1-a487-7f646e3f33d5" executionId="ea721629-5aae-4da5-80c4-a2cc348fb2ca" testListId="8c84fa94-04c1-424b-9868-57a2d4851a1d" />
    <TestEntry testId="45835dbf-f054-4188-afb3-230a3f3e9dd1" executionId="46da677f-3427-49fb-84c7-e85ee9463df3" testListId="8c84fa94-04c1-424b-9868-57a2d4851a1d" />
    <TestEntry testId="97bf6806-cff0-4526-a6f1-a6ca8500c129" executionId="5f6e6ee2-87d2-4be7-9021-5224d73c302b" testListId="8c84fa94-04c1-424b-9868-57a2d4851a1d" />
    <TestEntry testId="f0e3a4e2-4e6d-4452-b3e3-8f0ec5175038" executionId="dfe48fe8-af94-47ce-a39f-ca4e27cb0a14" testListId="8c84fa94-04c1-424b-9868-57a2d4851a1d" />
    <TestEntry testId="576e9eef-e66f-49cd-8956-396771b50609" executionId="cdbeb869-3525-4c79-bd81-ca4435f0e2f6" testListId="8c84fa94-04c1-424b-9868-57a2d4851a1d" />
    <TestEntry testId="87dc25a7-e4ab-474e-9181-9cb715b988a2" executionId="a9d937e8-e3a2-4cda-a1bd-96cc7a05b452" testListId="8c84fa94-04c1-424b-9868-57a2d4851a1d" />
    <TestEntry testId="4372d93d-f81a-4c9d-9f4f-d24c9a8d6f12" executionId="ce0b37d3-67e5-4289-9cd5-0dd05129197f" testListId="8c84fa94-04c1-424b-9868-57a2d4851a1d" />
    <TestEntry testId="0b866da3-98cd-4ecb-80d8-9432d246416e" executionId="ed9e1d78-7942-4e0e-afe5-23695ce28e6a" testListId="8c84fa94-04c1-424b-9868-57a2d4851a1d" />
    <TestEntry testId="85bd11aa-5fd6-4d6b-b8de-fb12ddad10ff" executionId="5ac9e84a-82fd-4060-b45a-97166fd88726" testListId="8c84fa94-04c1-424b-9868-57a2d4851a1d" />
    <TestEntry testId="da985746-7324-481c-9de2-bcdb3ce35a12" executionId="4db583d6-7d55-4fdc-9a85-580746ffa132" testListId="8c84fa94-04c1-424b-9868-57a2d4851a1d" />
    <TestEntry testId="5abde55f-3205-4f65-9db5-7a37e1b4b437" executionId="2b90afe1-35f5-46f0-ac90-89a499d62615" testListId="8c84fa94-04c1-424b-9868-57a2d4851a1d" />
    <TestEntry testId="f3f4c5e0-d85a-4450-8301-1399898f9cb6" executionId="6cd2f38e-423d-4fd2-9f8c-6e86d349bbb0" testListId="8c84fa94-04c1-424b-9868-57a2d4851a1d" />
    <TestEntry testId="12a5678d-cbef-43d8-bd1e-255529266437" executionId="61b0bad9-08ec-458a-8439-ace4275bb7d3" testListId="8c84fa94-04c1-424b-9868-57a2d4851a1d" />
    <TestEntry testId="86640973-d554-40c6-9967-d28132fbe958" executionId="bf638947-3ef6-4001-aecf-848b99995bc4" testListId="8c84fa94-04c1-424b-9868-57a2d4851a1d" />
    <TestEntry testId="5cccd5af-4261-4331-a9db-050f9a1a54ed" executionId="f5c15e7c-f127-47f4-9836-24ea1cd7fec3" testListId="8c84fa94-04c1-424b-9868-57a2d4851a1d" />
    <TestEntry testId="d2cf953e-3fec-4c28-b45c-d747ac0a9d68" executionId="3f31efb2-8951-4fc5-a157-96f0876e3502" testListId="8c84fa94-04c1-424b-9868-57a2d4851a1d" />
    <TestEntry testId="adb48276-1a7a-46d3-b216-b5eefc75c9d0" executionId="f74ec1ad-d808-4ccd-8126-5350384759f3" testListId="8c84fa94-04c1-424b-9868-57a2d4851a1d" />
    <TestEntry testId="3e283746-936a-49a9-8136-f82b0db08a5f" executionId="8ea7203d-fc03-484a-965a-da892d1bacb6" testListId="8c84fa94-04c1-424b-9868-57a2d4851a1d" />
    <TestEntry testId="f1910d22-c9d0-4a0f-9860-52bf3e85fda6" executionId="b1a8a9cb-b23b-4dae-8c58-1cb746b59eda" testListId="8c84fa94-04c1-424b-9868-57a2d4851a1d" />
    <TestEntry testId="8b31d0a9-875d-47e5-9943-879a35c03844" executionId="528efc85-2578-49a6-b6bc-f6ff2a5a47bc" testListId="8c84fa94-04c1-424b-9868-57a2d4851a1d" />
    <TestEntry testId="752bbe4c-4feb-4c19-87eb-1e482935fffc" executionId="df443805-15d0-401b-be33-65867790de3b" testListId="8c84fa94-04c1-424b-9868-57a2d4851a1d" />
    <TestEntry testId="afca42cf-8e0b-46a9-8b7d-57fb0351be3d" executionId="0e1384be-7f20-4754-99de-1682a7ac2930" testListId="8c84fa94-04c1-424b-9868-57a2d4851a1d" />
    <TestEntry testId="51ace288-b321-4202-9d0a-f67c4d9aa09b" executionId="72930c09-9905-4561-b96c-8a39a491ca72" testListId="8c84fa94-04c1-424b-9868-57a2d4851a1d" />
    <TestEntry testId="789b4d15-2941-440f-b255-81c5847ab85b" executionId="a9968e0b-fa9a-4ffd-97b6-e07c45ee07a2" testListId="8c84fa94-04c1-424b-9868-57a2d4851a1d" />
    <TestEntry testId="dda161b2-fbf7-4b7b-a4c9-8727e95fb65c" executionId="6b3cc6b9-6ace-4657-b7a1-31583882b606" testListId="8c84fa94-04c1-424b-9868-57a2d4851a1d" />
    <TestEntry testId="a981eb02-60b2-46c5-b8c3-c3f4d9b37b77" executionId="89aa8bcc-405c-4faa-9425-cd00958f7b59" testListId="8c84fa94-04c1-424b-9868-57a2d4851a1d" />
    <TestEntry testId="9ee89fe2-924a-4976-a75d-4b4d5c32e190" executionId="37e085d7-d4db-4f93-af6d-2808f3a37dcd" testListId="8c84fa94-04c1-424b-9868-57a2d4851a1d" />
    <TestEntry testId="5843a874-eb34-48b0-8ce3-ef11ddf7cccc" executionId="a49a7c7a-14a7-4794-beff-f792f58b2c94" testListId="8c84fa94-04c1-424b-9868-57a2d4851a1d" />
    <TestEntry testId="ec4c1975-94c9-47f3-8dc4-1e4d79a885df" executionId="232e5206-7a0f-4a95-9dff-7ccd315d962a" testListId="8c84fa94-04c1-424b-9868-57a2d4851a1d" />
    <TestEntry testId="599faf99-9b1c-4c57-ad81-b318a77407e8" executionId="3881f7fb-9acb-4763-8192-136c978be80c" testListId="8c84fa94-04c1-424b-9868-57a2d4851a1d" />
    <TestEntry testId="743d1f91-5f2f-4109-aefe-ca980d011bd6" executionId="ff8a1a07-b729-4573-bc9a-61bc66c60f4d" testListId="8c84fa94-04c1-424b-9868-57a2d4851a1d" />
    <TestEntry testId="b94e18ff-5f11-4a45-9120-87cef6a0cfa9" executionId="fa4f2125-81b0-467d-84cd-f75dc6657ea7" testListId="8c84fa94-04c1-424b-9868-57a2d4851a1d" />
    <TestEntry testId="aaf76043-7012-4406-baa4-662d32acf8a4" executionId="aac5bb0e-dfc2-42e0-a447-8a43e0014dd5" testListId="8c84fa94-04c1-424b-9868-57a2d4851a1d" />
    <TestEntry testId="a7c43975-cddc-4f06-995e-d0792664fd67" executionId="31819177-f9f4-4a5a-a12a-a56a8d11eb7f" testListId="8c84fa94-04c1-424b-9868-57a2d4851a1d" />
    <TestEntry testId="118ce696-8bbb-4d4e-bcc9-68d167bb9ebe" executionId="f5987bfb-7b18-4874-a256-8fb0a46eb96e" testListId="8c84fa94-04c1-424b-9868-57a2d4851a1d" />
    <TestEntry testId="4c48edeb-99f7-4ed5-adea-dba0ac56be17" executionId="49825801-07c5-4834-9f97-face4231d985" testListId="8c84fa94-04c1-424b-9868-57a2d4851a1d" />
    <TestEntry testId="9fb96ae3-0b3a-4179-a22e-ff479c85a4bb" executionId="3e1076c6-f005-4223-8635-d841d1105d4e" testListId="8c84fa94-04c1-424b-9868-57a2d4851a1d" />
    <TestEntry testId="044698c1-3d3b-461f-aafc-61347b787093" executionId="d3c2381c-40fb-42b6-ae6f-45e31902469a" testListId="8c84fa94-04c1-424b-9868-57a2d4851a1d" />
    <TestEntry testId="fcc466d1-24d8-4b91-b10a-19e9cc6755b6" executionId="aa754a1e-276c-4ccd-b431-c36024a6102c" testListId="8c84fa94-04c1-424b-9868-57a2d4851a1d" />
    <TestEntry testId="09faca17-d7c7-4208-a115-3daec9b301f4" executionId="a383ed01-0a71-400b-9ba4-7ff5da53a4ab" testListId="8c84fa94-04c1-424b-9868-57a2d4851a1d" />
    <TestEntry testId="c10947c5-50c7-4cce-8472-b011eaa176ba" executionId="df925b55-e911-49c8-922c-0d3f53f0c27f" testListId="8c84fa94-04c1-424b-9868-57a2d4851a1d" />
    <TestEntry testId="b0465cf8-7594-4215-83bd-3994f20a7e06" executionId="be995bd0-15c1-4503-8401-92538c0e33a0" testListId="8c84fa94-04c1-424b-9868-57a2d4851a1d" />
    <TestEntry testId="ca13fb86-2f6c-45e3-8069-41786719dbf2" executionId="3c448ce6-e9cf-4aaa-a797-4ea533e03651" testListId="8c84fa94-04c1-424b-9868-57a2d4851a1d" />
    <TestEntry testId="4ad1ceee-48c5-4151-a33f-966794a7c076" executionId="2292ed92-509e-407c-83d0-840336beeb7a" testListId="8c84fa94-04c1-424b-9868-57a2d4851a1d" />
    <TestEntry testId="7e51fbc7-babd-49c0-bcc7-46ff3792b95e" executionId="083ee445-47e4-476e-83c3-608f52fff3d5" testListId="8c84fa94-04c1-424b-9868-57a2d4851a1d" />
    <TestEntry testId="2621e18c-cbfe-4f95-8a39-749564731611" executionId="48b61315-9ebf-4a09-a9d1-fd8c5efd904b" testListId="8c84fa94-04c1-424b-9868-57a2d4851a1d" />
    <TestEntry testId="e88f1354-9304-4243-81dc-252929baa47c" executionId="8badd191-d5bd-4d80-b824-a2d7b2487f01" testListId="8c84fa94-04c1-424b-9868-57a2d4851a1d" />
    <TestEntry testId="754c4ac4-6b7b-418c-b630-f19d123c0e39" executionId="d725432f-d2e9-48b9-8ec0-679ee85bf307" testListId="8c84fa94-04c1-424b-9868-57a2d4851a1d" />
    <TestEntry testId="32246525-2ebf-4328-93b0-8cdd1c483e3a" executionId="c872b651-737e-4525-a16e-313a0231550e" testListId="8c84fa94-04c1-424b-9868-57a2d4851a1d" />
    <TestEntry testId="55df3f76-087d-41fc-9a71-6fcd9928c3f6" executionId="a60c6a57-c1f7-485b-a4d1-3f9b8aacb8e9" testListId="8c84fa94-04c1-424b-9868-57a2d4851a1d" />
    <TestEntry testId="36014f08-2de1-404d-9651-01c136428b65" executionId="7f3038cb-5f82-485c-8a43-5a07b8d3a412" testListId="8c84fa94-04c1-424b-9868-57a2d4851a1d" />
    <TestEntry testId="902d2a4c-aad2-4d3c-b39a-69dd9ba1a55e" executionId="a00bcbfd-946a-48b5-9e83-a2a26c943470" testListId="8c84fa94-04c1-424b-9868-57a2d4851a1d" />
    <TestEntry testId="35eea49e-2597-43af-814e-02894e2ae8ec" executionId="8a3fd92a-2e17-4236-a16f-8f417b9f34b0" testListId="8c84fa94-04c1-424b-9868-57a2d4851a1d" />
    <TestEntry testId="dfb67390-8365-4ca0-bb2b-f1c6d6c60d04" executionId="220704b6-5f44-4b9b-bb2f-29532c95022f" testListId="8c84fa94-04c1-424b-9868-57a2d4851a1d" />
    <TestEntry testId="6d2f78a1-767b-49a6-a64a-35d7ae112ae1" executionId="95c895f4-946d-47d2-976d-4397479ad9e8" testListId="8c84fa94-04c1-424b-9868-57a2d4851a1d" />
    <TestEntry testId="53cd776f-8780-4eab-a6df-55e1656e04e8" executionId="70316a95-c733-4d19-b9e9-61cc8be173bc" testListId="8c84fa94-04c1-424b-9868-57a2d4851a1d" />
    <TestEntry testId="3e2fa1a7-ddcb-43ff-b7ba-518e5de196c1" executionId="094f44b4-cc7b-4017-aed0-053e82c8d29b" testListId="8c84fa94-04c1-424b-9868-57a2d4851a1d" />
    <TestEntry testId="55dfd9b8-ee66-4705-a1e2-596b79316570" executionId="1db82099-7f05-4523-adf6-8da39d9e7880" testListId="8c84fa94-04c1-424b-9868-57a2d4851a1d" />
    <TestEntry testId="d8b93e44-944c-4999-ae28-5f2a9e3d235f" executionId="ed861f08-1408-44a5-94c6-1134f5e5a326" testListId="8c84fa94-04c1-424b-9868-57a2d4851a1d" />
    <TestEntry testId="d635d7b7-cc85-4d60-9146-afca84b29276" executionId="50eb38ce-6a9b-4169-a56a-5f0633992de5" testListId="8c84fa94-04c1-424b-9868-57a2d4851a1d" />
    <TestEntry testId="48c5545c-b533-4c6a-a101-1ce4b7d6817f" executionId="81926aee-5175-46b1-8d5e-466496d6b774" testListId="8c84fa94-04c1-424b-9868-57a2d4851a1d" />
    <TestEntry testId="5f8a7299-fb8b-419b-b8f8-b56f35c934f0" executionId="19d73ba9-b488-442e-ac77-3e8e651a7c83" testListId="8c84fa94-04c1-424b-9868-57a2d4851a1d" />
    <TestEntry testId="1ecce9ee-b210-4ca9-98f5-067f8c4af9ab" executionId="6c07db6f-ae3b-40c7-945f-8388df32e471" testListId="8c84fa94-04c1-424b-9868-57a2d4851a1d" />
    <TestEntry testId="11310a38-ed6b-4721-8e52-225f34f4b47d" executionId="42751816-aa1e-43f3-9afc-6872bbd59180" testListId="8c84fa94-04c1-424b-9868-57a2d4851a1d" />
    <TestEntry testId="0e5753a8-940e-465a-bd0b-246dfb45d868" executionId="4949389c-79cf-4446-9819-04070455711a" testListId="8c84fa94-04c1-424b-9868-57a2d4851a1d" />
    <TestEntry testId="b28d570b-6fb4-4599-85c3-1a1d234a2664" executionId="55bc829c-5325-4113-9f6f-6ce34bec6316" testListId="8c84fa94-04c1-424b-9868-57a2d4851a1d" />
    <TestEntry testId="cd590843-6c88-4693-a99e-33169950f594" executionId="ad8fcbdf-fe40-4169-9049-c895ea1f4c74" testListId="8c84fa94-04c1-424b-9868-57a2d4851a1d" />
    <TestEntry testId="d6f96b7a-7272-43a0-a5cf-4cc051f028bc" executionId="a9f2f6d9-e891-4884-ae5f-f0e1b33bb9b2" testListId="8c84fa94-04c1-424b-9868-57a2d4851a1d" />
    <TestEntry testId="7e29317e-219f-4e44-b78f-c1c3552aff71" executionId="b664ecb4-32f5-4023-ace4-68c00a2a729f" testListId="8c84fa94-04c1-424b-9868-57a2d4851a1d" />
    <TestEntry testId="2980aa28-bc23-42c5-95e8-b0bb64a6693a" executionId="ed71a72d-9378-495c-88dc-006181558eaa" testListId="8c84fa94-04c1-424b-9868-57a2d4851a1d" />
    <TestEntry testId="f726ef6d-7e41-4e4c-8aa0-1fa57f32b582" executionId="aeb8c7be-ee7a-4004-85e9-60078c6d0613" testListId="8c84fa94-04c1-424b-9868-57a2d4851a1d" />
    <TestEntry testId="3b9d6abf-13fe-4a00-99f7-25ad7559f32e" executionId="07f9fa36-80ed-44e2-96fd-62be01c592f9" testListId="8c84fa94-04c1-424b-9868-57a2d4851a1d" />
    <TestEntry testId="14bfe90a-8fbf-423c-a9c7-58da32480b99" executionId="cbd6a2db-9386-4a40-ad26-ef4feb392282" testListId="8c84fa94-04c1-424b-9868-57a2d4851a1d" />
    <TestEntry testId="78ce138f-7259-4546-b344-f52805e9e9a0" executionId="a9f2cf8c-eac4-44c8-9334-ebf9fcbf38d4" testListId="8c84fa94-04c1-424b-9868-57a2d4851a1d" />
    <TestEntry testId="5665a28b-1d81-4f51-8c10-ebb3014fd9c0" executionId="38e4b0f2-27b8-4d75-b6a5-0322e1ee2b28" testListId="8c84fa94-04c1-424b-9868-57a2d4851a1d" />
    <TestEntry testId="dd5f480b-aac6-4439-9102-4befb68f1502" executionId="077b29dc-122e-45fc-ac28-461f1cd0acfb" testListId="8c84fa94-04c1-424b-9868-57a2d4851a1d" />
    <TestEntry testId="24c0740a-b542-4dc6-a6a8-719f8a742db8" executionId="2f176a6f-1b43-4e03-a68f-49ad1fca7949" testListId="8c84fa94-04c1-424b-9868-57a2d4851a1d" />
    <TestEntry testId="9279f02f-e689-486f-90f6-e2830e1b4c68" executionId="01f12b46-18aa-4c03-9c95-67b7297cad20" testListId="8c84fa94-04c1-424b-9868-57a2d4851a1d" />
    <TestEntry testId="8e570134-2f61-4ef1-bad1-bfa55b4c3427" executionId="e69fe24b-eb47-4088-a3fb-80db3db00fae" testListId="8c84fa94-04c1-424b-9868-57a2d4851a1d" />
    <TestEntry testId="6ee58a31-967a-4739-8ea6-39e1cb8211de" executionId="d77b5c44-645c-4a47-85e4-bd57d443e39e" testListId="8c84fa94-04c1-424b-9868-57a2d4851a1d" />
    <TestEntry testId="9422c498-89fe-45e0-90b5-0cb41b354333" executionId="7bf516f5-9371-4309-9075-4f2cde1393d9" testListId="8c84fa94-04c1-424b-9868-57a2d4851a1d" />
    <TestEntry testId="85214b05-05a6-44b9-9501-215e44767d58" executionId="2f4882bb-7815-4af0-bc40-25aba3100e9e" testListId="8c84fa94-04c1-424b-9868-57a2d4851a1d" />
    <TestEntry testId="9f3d6821-0fd2-4562-a689-6b56ccbd8f72" executionId="dc1b17d7-187b-4595-83fd-c9fd9c9bd948" testListId="8c84fa94-04c1-424b-9868-57a2d4851a1d" />
    <TestEntry testId="17708336-4320-4d41-bf4c-a4767b865277" executionId="a4f80720-c5a7-4262-9936-382f0ba3c52f" testListId="8c84fa94-04c1-424b-9868-57a2d4851a1d" />
    <TestEntry testId="0cd4e74d-06fe-4ffa-8abd-56bbb3613849" executionId="b294769a-5697-4766-aac4-29316e0afe76" testListId="8c84fa94-04c1-424b-9868-57a2d4851a1d" />
    <TestEntry testId="a44a3282-ff36-4d00-83bd-9b6a323a7626" executionId="80cb47ab-1bf1-4f6d-aa80-3e6f1290f26a" testListId="8c84fa94-04c1-424b-9868-57a2d4851a1d" />
    <TestEntry testId="af5fe214-bc32-43ab-be8c-e3bd0206f5cc" executionId="300feff3-79a8-4439-926d-0df3ee7f49f0" testListId="8c84fa94-04c1-424b-9868-57a2d4851a1d" />
    <TestEntry testId="ec17f4c9-ebc4-4433-a462-4d8e404ce296" executionId="a874c315-c59a-4acd-9949-605d3b91c794" testListId="8c84fa94-04c1-424b-9868-57a2d4851a1d" />
    <TestEntry testId="49cce9a8-5a9c-460d-81c3-102154bb1b52" executionId="43b31f93-f6bc-46f4-9e0e-6d63d21fb3ea" testListId="8c84fa94-04c1-424b-9868-57a2d4851a1d" />
    <TestEntry testId="5b90355a-94a5-4ee7-ad6d-e40ece696e31" executionId="17750a3b-1166-44ac-ad5a-ea676aa35d5b" testListId="8c84fa94-04c1-424b-9868-57a2d4851a1d" />
    <TestEntry testId="872b767a-ecc5-42e0-a0a4-1d7e957c3738" executionId="e866bbcc-6edb-4ebe-a608-ae1b04b82e8f" testListId="8c84fa94-04c1-424b-9868-57a2d4851a1d" />
    <TestEntry testId="ff7aa96b-0c1f-4478-a99a-bcdc3e9bf75b" executionId="58f224eb-d63c-4a75-a2de-6560961acc46" testListId="8c84fa94-04c1-424b-9868-57a2d4851a1d" />
    <TestEntry testId="1ef48bdb-6e3d-43fb-8408-125c52b3dd85" executionId="48015319-970f-41b1-ba58-2c2fb354aaf6" testListId="8c84fa94-04c1-424b-9868-57a2d4851a1d" />
    <TestEntry testId="5d52037f-abf7-4b96-b21d-ee6879885fd8" executionId="f28c2f6c-4bc5-4ef0-92f5-3d38780382ac" testListId="8c84fa94-04c1-424b-9868-57a2d4851a1d" />
    <TestEntry testId="44a46431-420b-438e-9068-1657488c2c88" executionId="263bd39c-5d8f-4fc5-9d32-2a98d33e0fa4" testListId="8c84fa94-04c1-424b-9868-57a2d4851a1d" />
    <TestEntry testId="c4da522c-a96c-4a1c-b2a8-7dcaa4957806" executionId="b094d87a-c012-413e-b69f-235aaced0458" testListId="8c84fa94-04c1-424b-9868-57a2d4851a1d" />
    <TestEntry testId="7044814a-3a31-4e53-a8a7-5a2a244a7a07" executionId="2a737b2c-a53a-4049-9b17-ada80c248f07" testListId="8c84fa94-04c1-424b-9868-57a2d4851a1d" />
    <TestEntry testId="2ab2f8c2-e0b7-4478-9f23-6ad397bdbfb0" executionId="0da02921-9bd6-45cf-b07c-f90b51585831" testListId="8c84fa94-04c1-424b-9868-57a2d4851a1d" />
    <TestEntry testId="e7139a42-bb2a-4318-bf00-3734211a02a4" executionId="02da74ae-d001-40a5-95b4-6b788bfe16f7" testListId="8c84fa94-04c1-424b-9868-57a2d4851a1d" />
    <TestEntry testId="be2dab64-ec8f-4480-b817-ccdf75f542d3" executionId="492d7a9d-ce87-4395-9830-03dccaa48367" testListId="8c84fa94-04c1-424b-9868-57a2d4851a1d" />
    <TestEntry testId="a27d7004-f49d-457a-9357-a89671f983b3" executionId="5ce5061a-ed9a-46fc-914f-1f9229d51bc2" testListId="8c84fa94-04c1-424b-9868-57a2d4851a1d" />
    <TestEntry testId="7fb958d1-ad67-4fa2-8bb4-b52758c7be93" executionId="9ee81b91-b768-461a-91fa-76d517bbaa25" testListId="8c84fa94-04c1-424b-9868-57a2d4851a1d" />
    <TestEntry testId="48dd4138-854f-4580-a6a9-447dc792992a" executionId="674212cf-72f7-475c-9866-ade2d72779c7" testListId="8c84fa94-04c1-424b-9868-57a2d4851a1d" />
    <TestEntry testId="44324761-9c57-4311-aad6-92e99d9c0123" executionId="23212ada-23ea-490e-84f4-39c94757833c" testListId="8c84fa94-04c1-424b-9868-57a2d4851a1d" />
    <TestEntry testId="253f7565-662a-40af-9529-d54cd413c91c" executionId="8102d631-59c5-4f6a-a9b7-ac6798d65d17" testListId="8c84fa94-04c1-424b-9868-57a2d4851a1d" />
    <TestEntry testId="10db9cb3-cb15-455c-9988-e108430e9795" executionId="5ecf7cdc-fbfb-47c8-ab17-87ecd46e71ff" testListId="8c84fa94-04c1-424b-9868-57a2d4851a1d" />
    <TestEntry testId="aa56aeae-7c2c-43b5-a8f4-6f1be8b2126a" executionId="78ab1990-d679-4098-9a6c-122476feda91" testListId="8c84fa94-04c1-424b-9868-57a2d4851a1d" />
    <TestEntry testId="c139c1f4-e029-4579-981e-b37d2a51c6e2" executionId="fdee0dcc-dbbc-4809-8d30-10b37200fec5" testListId="8c84fa94-04c1-424b-9868-57a2d4851a1d" />
    <TestEntry testId="53b1063f-a2fd-4d55-837e-27c304ff7ed9" executionId="1b1f6740-a78e-452d-b604-30e354c9d52e" testListId="8c84fa94-04c1-424b-9868-57a2d4851a1d" />
    <TestEntry testId="47056c28-13ce-4b4b-9900-214164d2f0d2" executionId="262bab9a-6e7b-4ebc-8c1c-459ffcd344aa" testListId="8c84fa94-04c1-424b-9868-57a2d4851a1d" />
    <TestEntry testId="2ab55308-4e22-4827-9d4c-793ad7f16651" executionId="3ef23af0-ce8a-4683-a4b3-df9ac2bace0a" testListId="8c84fa94-04c1-424b-9868-57a2d4851a1d" />
    <TestEntry testId="43b080e6-c56a-4788-a4db-28cad3be183b" executionId="c14b4dcc-2426-4682-acc6-bc587e372071" testListId="8c84fa94-04c1-424b-9868-57a2d4851a1d" />
    <TestEntry testId="30c21d1e-29f9-474c-b45a-71c1b8f877c9" executionId="4d8476c1-28f1-4d1b-8cd4-0068b9d343cc" testListId="8c84fa94-04c1-424b-9868-57a2d4851a1d" />
    <TestEntry testId="d5b44d70-8dde-425b-867d-dfd29fccba07" executionId="f4219327-21f8-4c02-8052-2a92fcfd65e8" testListId="8c84fa94-04c1-424b-9868-57a2d4851a1d" />
    <TestEntry testId="99623928-ba2d-4f80-9833-2802b11c8d98" executionId="708a314e-a1bc-4f18-81d4-9d1e26c496b5" testListId="8c84fa94-04c1-424b-9868-57a2d4851a1d" />
    <TestEntry testId="c9c71f91-4329-4f20-8232-ba765cf69cbc" executionId="581efa80-0e46-44dd-8e67-5e12a552dfee" testListId="8c84fa94-04c1-424b-9868-57a2d4851a1d" />
    <TestEntry testId="f1355aac-b9ca-4bf8-b137-f1db45ae2d47" executionId="9b489794-56ab-4f0a-9d6d-d9aa2031187d" testListId="8c84fa94-04c1-424b-9868-57a2d4851a1d" />
    <TestEntry testId="79dc45b6-0e8e-4b82-b706-d7ff28268bac" executionId="6962b3a9-2c68-401b-80d7-79d9bf8a4405" testListId="8c84fa94-04c1-424b-9868-57a2d4851a1d" />
    <TestEntry testId="7e148103-83cb-40ae-b01c-4a709396f40c" executionId="688244dd-5348-4110-a47b-1786bcb341d9" testListId="8c84fa94-04c1-424b-9868-57a2d4851a1d" />
    <TestEntry testId="f134c0b5-f893-48e4-8cda-4075f8df393f" executionId="9b96c3d5-f83f-4358-a921-9678842af1eb" testListId="8c84fa94-04c1-424b-9868-57a2d4851a1d" />
    <TestEntry testId="c6195dc6-024a-4521-89b8-08e0fb176782" executionId="1ca86556-d6c9-4c73-9db3-2a51aa517e14" testListId="8c84fa94-04c1-424b-9868-57a2d4851a1d" />
    <TestEntry testId="c97f63e4-52f9-4755-80b0-38c2313c4523" executionId="ef929182-0274-461f-a720-c05eae17337f" testListId="8c84fa94-04c1-424b-9868-57a2d4851a1d" />
    <TestEntry testId="a19db585-7179-49fe-aa74-5e231b634351" executionId="c8821427-5e01-4f4d-b04d-8da12a1ce601" testListId="8c84fa94-04c1-424b-9868-57a2d4851a1d" />
    <TestEntry testId="20222366-013c-4926-b436-9ea5b938958f" executionId="e6db452d-a0da-428b-aa8c-90a9fe278476" testListId="8c84fa94-04c1-424b-9868-57a2d4851a1d" />
    <TestEntry testId="428ffa86-5271-457f-9921-3fbd5636f201" executionId="ea5839f9-3a2e-4a9c-90f2-407f8a7e4012" testListId="8c84fa94-04c1-424b-9868-57a2d4851a1d" />
    <TestEntry testId="370cf00b-2e15-4bbd-82a2-a9a0ea07470c" executionId="278e6553-409b-4bce-802a-1b7bc19043a7" testListId="8c84fa94-04c1-424b-9868-57a2d4851a1d" />
    <TestEntry testId="5c7963ae-9e07-4afd-ae69-866e9da0d054" executionId="d2275567-a4a0-4fcd-8024-b00c950bc7c5" testListId="8c84fa94-04c1-424b-9868-57a2d4851a1d" />
    <TestEntry testId="224b4faa-eb32-46c3-93af-db2bbdcffccc" executionId="95977a74-3da8-477b-b095-a60dc9fe37ea" testListId="8c84fa94-04c1-424b-9868-57a2d4851a1d" />
    <TestEntry testId="7ff8a8a5-5479-4f35-b05e-db85111ac39a" executionId="75e3c8dc-226f-413d-bf2a-255d947a1735" testListId="8c84fa94-04c1-424b-9868-57a2d4851a1d" />
    <TestEntry testId="a9753d3c-f123-4c13-851b-bb0ce007e784" executionId="f79410fa-e382-4fee-b9cb-6f12c99cf726" testListId="8c84fa94-04c1-424b-9868-57a2d4851a1d" />
    <TestEntry testId="5df89d9e-fb79-4358-bc8a-6b3c2e31d7bf" executionId="38c6edff-1360-4f42-b592-599a4a3e59ba" testListId="8c84fa94-04c1-424b-9868-57a2d4851a1d" />
    <TestEntry testId="9212aa78-82fe-461c-a02a-895b241cbc2c" executionId="d0a38a9d-56a3-4ca1-9dc3-aefef71c573a" testListId="8c84fa94-04c1-424b-9868-57a2d4851a1d" />
    <TestEntry testId="1479ec3f-07ab-4ea5-9ce0-921962c5a46b" executionId="874ba3fe-7b12-449d-be56-ed17565cfff0" testListId="8c84fa94-04c1-424b-9868-57a2d4851a1d" />
    <TestEntry testId="a20fe2eb-dfb8-4d51-ba8e-5eceaf6e0b84" executionId="1ded8662-758c-4a21-8fe5-204ecfb9c77d" testListId="8c84fa94-04c1-424b-9868-57a2d4851a1d" />
    <TestEntry testId="6017656d-e04f-4d31-a5dd-6c61ec654231" executionId="cbc59b21-bc48-438d-aa82-18cc7a4bb2c4" testListId="8c84fa94-04c1-424b-9868-57a2d4851a1d" />
    <TestEntry testId="eda73a4a-d93d-46e1-8fbe-80f8052639da" executionId="f10896af-2569-4459-8f45-c2c1db830f61" testListId="8c84fa94-04c1-424b-9868-57a2d4851a1d" />
    <TestEntry testId="93bd52a0-d9cd-48d4-afa6-813a12772824" executionId="c95660b4-1f4a-42c7-b10c-fdca0cb323e7" testListId="8c84fa94-04c1-424b-9868-57a2d4851a1d" />
    <TestEntry testId="164a69ce-1578-4204-bc30-5e3396058514" executionId="362e2db7-bdf9-4b47-812b-1b59dbf49af5" testListId="8c84fa94-04c1-424b-9868-57a2d4851a1d" />
    <TestEntry testId="b93f7943-5b93-4ccd-beb7-210ad3f22284" executionId="1c39a72a-35ff-4a0b-b793-6aa881eed8bf" testListId="8c84fa94-04c1-424b-9868-57a2d4851a1d" />
    <TestEntry testId="233fcdb7-aead-48ea-a376-479d56fa1864" executionId="ac34ee7c-3a32-4a9b-b35a-e5be3c616c64" testListId="8c84fa94-04c1-424b-9868-57a2d4851a1d" />
    <TestEntry testId="c1719045-66c4-40ea-b9a0-c93f4433a1f9" executionId="c83bf39f-33af-40e2-8690-0b14b10eaf79" testListId="8c84fa94-04c1-424b-9868-57a2d4851a1d" />
    <TestEntry testId="6ec34ea7-3869-4900-95d1-3cc063a7f114" executionId="7c7aa087-2f39-445c-aedf-4c9c76433e66" testListId="8c84fa94-04c1-424b-9868-57a2d4851a1d" />
    <TestEntry testId="c31ec5e7-6c20-4639-a45c-a3eec2c1c1dd" executionId="22a16dd0-6b92-4d0f-aa88-6379ca112ee1" testListId="8c84fa94-04c1-424b-9868-57a2d4851a1d" />
    <TestEntry testId="6b7f549f-5ed7-4ad6-a8c9-987f6460e6a5" executionId="75fa427c-18a6-4baf-a853-8feb33f1f3c2" testListId="8c84fa94-04c1-424b-9868-57a2d4851a1d" />
    <TestEntry testId="d6d4dff0-5f47-4ac4-ba97-ca15040cd458" executionId="2c1c122e-e8fb-486a-b8e3-5e52157708cb" testListId="8c84fa94-04c1-424b-9868-57a2d4851a1d" />
    <TestEntry testId="3fb9428e-9af8-4aa8-a061-eaab731acb08" executionId="54dd9108-b685-4d0e-b9dd-d103a631eb96" testListId="8c84fa94-04c1-424b-9868-57a2d4851a1d" />
    <TestEntry testId="5392ef9b-625f-42ed-b8a4-b383cac67603" executionId="aa28f5ea-1f49-43e6-8f39-ecf6f4eb8e1d" testListId="8c84fa94-04c1-424b-9868-57a2d4851a1d" />
    <TestEntry testId="a35627ca-57da-4399-aa86-fb954b98fef8" executionId="1c9663db-c6dd-4ab1-91f2-76fb7ef8691d" testListId="8c84fa94-04c1-424b-9868-57a2d4851a1d" />
    <TestEntry testId="e165de3c-3006-40b4-ac66-a45904365310" executionId="79d4aad3-dce6-447d-b1e3-64a09681d0fa" testListId="8c84fa94-04c1-424b-9868-57a2d4851a1d" />
    <TestEntry testId="e09f9182-9f20-46e0-84ac-a231880c55c1" executionId="c8b17962-22e0-4ec7-a2b4-a3f911ee27c3" testListId="8c84fa94-04c1-424b-9868-57a2d4851a1d" />
    <TestEntry testId="90f225eb-b0d1-42a3-bffa-4b65114d8ca7" executionId="e543a4fd-ff80-40cb-aa21-111ecae8db23" testListId="8c84fa94-04c1-424b-9868-57a2d4851a1d" />
    <TestEntry testId="9a8aaf4e-ef72-4e57-b815-1e4344fdd22a" executionId="022b4469-063c-4f71-a60d-96f01b1a1305" testListId="8c84fa94-04c1-424b-9868-57a2d4851a1d" />
    <TestEntry testId="5a608bfc-230f-48fb-ba7f-f3b6979d04eb" executionId="eb5b8c22-0bb4-4ef3-a9fd-8dc3ea76ef61" testListId="8c84fa94-04c1-424b-9868-57a2d4851a1d" />
    <TestEntry testId="bd51ddc7-2cee-4e5c-b895-151159d8724d" executionId="2ae71f2d-e6c3-4633-a1d8-ed731cdb317a" testListId="8c84fa94-04c1-424b-9868-57a2d4851a1d" />
    <TestEntry testId="5c4a6266-976b-447e-89f5-945b18461516" executionId="c293db5e-1fe6-4df9-8f78-876015203e9c" testListId="8c84fa94-04c1-424b-9868-57a2d4851a1d" />
  </TestEntries>
  <TestLists>
    <TestList name="Resultados sin formato de lista" id="8c84fa94-04c1-424b-9868-57a2d4851a1d" />
    <TestList name="Todos los resultados cargados" id="19431567-8539-422a-85d7-44ee4e166bda" />
  </TestLists>
  <ResultSummary outcome="Completed">
    <Counters total="377" executed="377" passed="377" failed="0" error="0" timeout="0" aborted="0" inconclusive="0" passedButRunAborted="0" notRunnable="0" notExecuted="0" disconnected="0" warning="0" completed="0" inProgress="0" pending="0" />
  </ResultSummary>
</TestRun>