<?xml version="1.0" encoding="utf-8"?>
<TestRun id="cbfe9a35-2ed2-4cad-9d7f-e54634920374" name="sferrari@PC-SFERRARI 2021-05-07 11:43:38" runUser="PC-SFERRARI\sferrari" xmlns="http://microsoft.com/schemas/VisualStudio/TeamTest/2010">
  <Times creation="2021-05-07T11:43:38.2717119+01:00" queuing="2021-05-07T11:43:38.2717137+01:00" start="2021-05-07T11:43:36.1831984+01:00" finish="2021-05-07T11:43:39.5368370+01:00" />
  <TestSettings name="default" id="d9cb3ef1-7295-403c-8e85-b0e4427185f1">
    <Deployment runDeploymentRoot="sferrari_PC-SFERRARI_2021-05-07_11_43_38" />
  </TestSettings>
  <Results>
    <UnitTestResult executionId="bc94a3ea-2a4d-4d7f-81f4-c184dd02c23c" testId="c19b83a3-45fc-e848-cbcc-7f68b66eb4e3" testName="IsLowercase_Passing_InvalidArguments_Returns_HasErrorsAndCount" computerName="PC-SFERRARI" duration="00:00:00.0005619" startTime="2021-05-07T11:43:39.1719282+01:00" endTime="2021-05-07T11:43:39.1726037+01:00" testType="13cdc9d9-ddb5-4fa4-a97d-d965ccfc6d4b" outcome="Passed" testListId="8c84fa94-04c1-424b-9868-57a2d4851a1d" relativeResultsDirectory="bc94a3ea-2a4d-4d7f-81f4-c184dd02c23c" />
    <UnitTestResult executionId="255abc58-adc9-4e04-9b6d-e5a537f4e7f8" testId="08f63e9f-68bb-2ff4-88d9-c74b03747527" testName="ResultOkData_WithData" computerName="PC-SFERRARI" duration="00:00:00.0121521" startTime="2021-05-07T11:43:39.2163235+01:00" endTime="2021-05-07T11:43:39.2285807+01:00" testType="13cdc9d9-ddb5-4fa4-a97d-d965ccfc6d4b" outcome="Passed" testListId="8c84fa94-04c1-424b-9868-57a2d4851a1d" relativeResultsDirectory="255abc58-adc9-4e04-9b6d-e5a537f4e7f8" />
    <UnitTestResult executionId="00f6fb91-57ec-4450-869a-9fc8c246aec5" testId="2e87c537-4979-f58b-6e83-f3d4ee161ff1" testName="ToGetAll_Passing_Claims_Returns_Claim_Value_Object_List" computerName="PC-SFERRARI" duration="00:00:00.0140933" startTime="2021-05-07T11:43:38.3734810+01:00" endTime="2021-05-07T11:43:38.3877014+01:00" testType="13cdc9d9-ddb5-4fa4-a97d-d965ccfc6d4b" outcome="Passed" testListId="8c84fa94-04c1-424b-9868-57a2d4851a1d" relativeResultsDirectory="00f6fb91-57ec-4450-869a-9fc8c246aec5" />
    <UnitTestResult executionId="7a9a3f58-03cb-4b0f-b4ef-fdcb0715b13a" testId="a03675ec-665e-f4d5-4630-89e50dac0bfb" testName="ToTryContentType_Passing_HttpRequestWithContentType_Value_Returns_ContentType_String_Value" computerName="PC-SFERRARI" duration="00:00:00.0011102" startTime="2021-05-07T11:43:38.5214399+01:00" endTime="2021-05-07T11:43:38.5227793+01:00" testType="13cdc9d9-ddb5-4fa4-a97d-d965ccfc6d4b" outcome="Passed" testListId="8c84fa94-04c1-424b-9868-57a2d4851a1d" relativeResultsDirectory="7a9a3f58-03cb-4b0f-b4ef-fdcb0715b13a" />
    <UnitTestResult executionId="7597d802-91f5-48b7-ac4b-3b87fdb4eb97" testId="34931354-7c25-7812-28fe-96ea501746b4" testName="ToSetTime_Passing_Time_String_Returns_DateTime" computerName="PC-SFERRARI" duration="00:00:00.0006444" startTime="2021-05-07T11:43:38.3975303+01:00" endTime="2021-05-07T11:43:38.3982665+01:00" testType="13cdc9d9-ddb5-4fa4-a97d-d965ccfc6d4b" outcome="Passed" testListId="8c84fa94-04c1-424b-9868-57a2d4851a1d" relativeResultsDirectory="7597d802-91f5-48b7-ac4b-3b87fdb4eb97" />
    <UnitTestResult executionId="c9509c0a-d29d-42ca-9ce7-d3930c50372b" testId="859b5acf-9d8b-7620-f96f-ba83c1545a71" testName="ResultOkData_WithData_WithMessage_WithDetails" computerName="PC-SFERRARI" duration="00:00:00.0127484" startTime="2021-05-07T11:43:39.2286332+01:00" endTime="2021-05-07T11:43:39.2415702+01:00" testType="13cdc9d9-ddb5-4fa4-a97d-d965ccfc6d4b" outcome="Passed" testListId="8c84fa94-04c1-424b-9868-57a2d4851a1d" relativeResultsDirectory="c9509c0a-d29d-42ca-9ce7-d3930c50372b" />
    <UnitTestResult executionId="b8c06ce8-6c72-4ee4-92e2-559cdf4eb95f" testId="e1a72c94-958d-7abb-4a96-4b60b12f8157" testName="ToFullMessage_Passing_ExceptionWithMessageWithInnerException_Returns_Full_Message" computerName="PC-SFERRARI" duration="00:00:00.0034335" startTime="2021-05-07T11:43:38.4181859+01:00" endTime="2021-05-07T11:43:38.4218292+01:00" testType="13cdc9d9-ddb5-4fa4-a97d-d965ccfc6d4b" outcome="Passed" testListId="8c84fa94-04c1-424b-9868-57a2d4851a1d" relativeResultsDirectory="b8c06ce8-6c72-4ee4-92e2-559cdf4eb95f" />
    <UnitTestResult executionId="41b36901-de6c-4c00-ab78-9c2d41e01f69" testId="aeb559a5-c285-7ab9-baee-1cb152d1742f" testName="ToDefaultValue_Passing_ulong_Returns_Cero" computerName="PC-SFERRARI" duration="00:00:00.0003423" startTime="2021-05-07T11:43:38.4304731+01:00" endTime="2021-05-07T11:43:38.4309037+01:00" testType="13cdc9d9-ddb5-4fa4-a97d-d965ccfc6d4b" outcome="Passed" testListId="8c84fa94-04c1-424b-9868-57a2d4851a1d" relativeResultsDirectory="41b36901-de6c-4c00-ab78-9c2d41e01f69" resultType="DataDrivenTest">
      <InnerResults>
        <UnitTestResult executionId="d88eabd1-8db5-4086-86cd-20f0812d2057" parentExecutionId="41b36901-de6c-4c00-ab78-9c2d41e01f69" testId="aeb559a5-c285-7ab9-baee-1cb152d1742f" testName="ToDefaultValue_Passing_ulong_Returns_Cero (18446744073709551615)" computerName="PC-SFERRARI" duration="00:00:00.0002771" startTime="2021-05-07T11:43:38.4304731+01:00" endTime="2021-05-07T11:43:38.4309037+01:00" testType="13cdc9d9-ddb5-4fa4-a97d-d965ccfc6d4b" outcome="Passed" testListId="8c84fa94-04c1-424b-9868-57a2d4851a1d" relativeResultsDirectory="d88eabd1-8db5-4086-86cd-20f0812d2057" dataRowInfo="1" resultType="DataDrivenDataRow" />
      </InnerResults>
    </UnitTestResult>
    <UnitTestResult executionId="dfc1ae8f-532f-4ef3-a4ed-e45aac1c6d08" testId="96f263a8-e1d9-0070-21ba-583144d2d030" testName="ToEnum_Passing_ValidValueInt_Returns_EnumValue" computerName="PC-SFERRARI" duration="00:00:00.0003015" startTime="2021-05-07T11:43:38.9774027+01:00" endTime="2021-05-07T11:43:38.9778149+01:00" testType="13cdc9d9-ddb5-4fa4-a97d-d965ccfc6d4b" outcome="Passed" testListId="8c84fa94-04c1-424b-9868-57a2d4851a1d" relativeResultsDirectory="dfc1ae8f-532f-4ef3-a4ed-e45aac1c6d08" />
    <UnitTestResult executionId="310087f9-f89b-48aa-bf92-0be89413b183" testId="a2b6017f-838f-c435-81c1-a75dd92108eb" testName="IsEspecialChars_Passing_ValidArguments_Returns_HasErrorsAndCount" computerName="PC-SFERRARI" duration="00:00:00.0001781" startTime="2021-05-07T11:43:39.1716041+01:00" endTime="2021-05-07T11:43:39.1718981+01:00" testType="13cdc9d9-ddb5-4fa4-a97d-d965ccfc6d4b" outcome="Passed" testListId="8c84fa94-04c1-424b-9868-57a2d4851a1d" relativeResultsDirectory="310087f9-f89b-48aa-bf92-0be89413b183" />
    <UnitTestResult executionId="7ebf6b0a-4af8-4667-a545-97a84716f755" testId="7be8a004-8e29-0f01-8ada-f15377193150" testName="ToContentType_Passing_ValidValueString_Returns_ContentType" computerName="PC-SFERRARI" duration="00:00:00.0021393" startTime="2021-05-07T11:43:39.0638661+01:00" endTime="2021-05-07T11:43:39.0662247+01:00" testType="13cdc9d9-ddb5-4fa4-a97d-d965ccfc6d4b" outcome="Passed" testListId="8c84fa94-04c1-424b-9868-57a2d4851a1d" relativeResultsDirectory="7ebf6b0a-4af8-4667-a545-97a84716f755" resultType="DataDrivenTest">
      <InnerResults>
        <UnitTestResult executionId="d1e5b534-3d16-454e-a675-f0fd5de760b4" parentExecutionId="7ebf6b0a-4af8-4667-a545-97a84716f755" testId="7be8a004-8e29-0f01-8ada-f15377193150" testName="ToContentType_Passing_ValidValueString_Returns_ContentType (xxxx.pdf,application/pdf)" computerName="PC-SFERRARI" duration="00:00:00.0016839" startTime="2021-05-07T11:43:39.0638661+01:00" endTime="2021-05-07T11:43:39.0662247+01:00" testType="13cdc9d9-ddb5-4fa4-a97d-d965ccfc6d4b" outcome="Passed" testListId="8c84fa94-04c1-424b-9868-57a2d4851a1d" relativeResultsDirectory="d1e5b534-3d16-454e-a675-f0fd5de760b4" dataRowInfo="1" resultType="DataDrivenDataRow" />
        <UnitTestResult executionId="da5d9035-1e7c-43c6-8c31-082fc6413737" parentExecutionId="7ebf6b0a-4af8-4667-a545-97a84716f755" testId="7be8a004-8e29-0f01-8ada-f15377193150" testName="ToContentType_Passing_ValidValueString_Returns_ContentType (xxxx.json,application/json)" computerName="PC-SFERRARI" duration="00:00:00.0000663" startTime="2021-05-07T11:43:39.0638661+01:00" endTime="2021-05-07T11:43:39.0662247+01:00" testType="13cdc9d9-ddb5-4fa4-a97d-d965ccfc6d4b" outcome="Passed" testListId="8c84fa94-04c1-424b-9868-57a2d4851a1d" relativeResultsDirectory="da5d9035-1e7c-43c6-8c31-082fc6413737" dataRowInfo="2" resultType="DataDrivenDataRow" />
        <UnitTestResult executionId="cf2eab29-4cfc-429a-93e1-9fbe463eab97" parentExecutionId="7ebf6b0a-4af8-4667-a545-97a84716f755" testId="7be8a004-8e29-0f01-8ada-f15377193150" testName="ToContentType_Passing_ValidValueString_Returns_ContentType (xxxx.gif,image/gif)" computerName="PC-SFERRARI" duration="00:00:00.0000470" startTime="2021-05-07T11:43:39.0638661+01:00" endTime="2021-05-07T11:43:39.0662247+01:00" testType="13cdc9d9-ddb5-4fa4-a97d-d965ccfc6d4b" outcome="Passed" testListId="8c84fa94-04c1-424b-9868-57a2d4851a1d" relativeResultsDirectory="cf2eab29-4cfc-429a-93e1-9fbe463eab97" dataRowInfo="3" resultType="DataDrivenDataRow" />
        <UnitTestResult executionId="fd4b9436-7299-4711-a249-45dd23abe793" parentExecutionId="7ebf6b0a-4af8-4667-a545-97a84716f755" testId="7be8a004-8e29-0f01-8ada-f15377193150" testName="ToContentType_Passing_ValidValueString_Returns_ContentType (xxxx.jpeg,image/jpeg)" computerName="PC-SFERRARI" duration="00:00:00.0000442" startTime="2021-05-07T11:43:39.0638661+01:00" endTime="2021-05-07T11:43:39.0662247+01:00" testType="13cdc9d9-ddb5-4fa4-a97d-d965ccfc6d4b" outcome="Passed" testListId="8c84fa94-04c1-424b-9868-57a2d4851a1d" relativeResultsDirectory="fd4b9436-7299-4711-a249-45dd23abe793" dataRowInfo="4" resultType="DataDrivenDataRow" />
        <UnitTestResult executionId="e8b76fe1-435a-4e82-bc67-b8068d3e0455" parentExecutionId="7ebf6b0a-4af8-4667-a545-97a84716f755" testId="7be8a004-8e29-0f01-8ada-f15377193150" testName="ToContentType_Passing_ValidValueString_Returns_ContentType (xxxx.html,text/html)" computerName="PC-SFERRARI" duration="00:00:00.0000508" startTime="2021-05-07T11:43:39.0638661+01:00" endTime="2021-05-07T11:43:39.0662247+01:00" testType="13cdc9d9-ddb5-4fa4-a97d-d965ccfc6d4b" outcome="Passed" testListId="8c84fa94-04c1-424b-9868-57a2d4851a1d" relativeResultsDirectory="e8b76fe1-435a-4e82-bc67-b8068d3e0455" dataRowInfo="5" resultType="DataDrivenDataRow" />
        <UnitTestResult executionId="a1fe9b69-f61b-45b1-9252-270eb7e6f569" parentExecutionId="7ebf6b0a-4af8-4667-a545-97a84716f755" testId="7be8a004-8e29-0f01-8ada-f15377193150" testName="ToContentType_Passing_ValidValueString_Returns_ContentType (xxxx.txt,text/plain)" computerName="PC-SFERRARI" duration="00:00:00.0000480" startTime="2021-05-07T11:43:39.0638661+01:00" endTime="2021-05-07T11:43:39.0662247+01:00" testType="13cdc9d9-ddb5-4fa4-a97d-d965ccfc6d4b" outcome="Passed" testListId="8c84fa94-04c1-424b-9868-57a2d4851a1d" relativeResultsDirectory="a1fe9b69-f61b-45b1-9252-270eb7e6f569" dataRowInfo="6" resultType="DataDrivenDataRow" />
      </InnerResults>
    </UnitTestResult>
    <UnitTestResult executionId="2e59acff-9cdd-4a17-a2d5-38301aad6541" testId="640513b3-feee-19a8-efba-5817e77ff3ee" testName="ToExists_Passing_NotFound_Service_Returns_False" computerName="PC-SFERRARI" duration="00:00:00.0002825" startTime="2021-05-07T11:43:38.8131316+01:00" endTime="2021-05-07T11:43:38.8135233+01:00" testType="13cdc9d9-ddb5-4fa4-a97d-d965ccfc6d4b" outcome="Passed" testListId="8c84fa94-04c1-424b-9868-57a2d4851a1d" relativeResultsDirectory="2e59acff-9cdd-4a17-a2d5-38301aad6541" />
    <UnitTestResult executionId="95d5d02e-cc7e-494b-a84b-dbd1a2db0ca8" testId="cd004a9f-a0f6-2fdf-aeae-1890f4ab8e71" testName="ToHashAlgorithmName_Passing_ValidValueString_Returns_HashAlgorithmName" computerName="PC-SFERRARI" duration="00:00:00.0015672" startTime="2021-05-07T11:43:39.0468780+01:00" endTime="2021-05-07T11:43:39.0486393+01:00" testType="13cdc9d9-ddb5-4fa4-a97d-d965ccfc6d4b" outcome="Passed" testListId="8c84fa94-04c1-424b-9868-57a2d4851a1d" relativeResultsDirectory="95d5d02e-cc7e-494b-a84b-dbd1a2db0ca8" resultType="DataDrivenTest">
      <InnerResults>
        <UnitTestResult executionId="f1e35692-6359-4c91-b9d4-4f3faff50cbf" parentExecutionId="95d5d02e-cc7e-494b-a84b-dbd1a2db0ca8" testId="cd004a9f-a0f6-2fdf-aeae-1890f4ab8e71" testName="ToHashAlgorithmName_Passing_ValidValueString_Returns_HashAlgorithmName (MD5)" computerName="PC-SFERRARI" duration="00:00:00.0015004" startTime="2021-05-07T11:43:39.0468780+01:00" endTime="2021-05-07T11:43:39.0486393+01:00" testType="13cdc9d9-ddb5-4fa4-a97d-d965ccfc6d4b" outcome="Passed" testListId="8c84fa94-04c1-424b-9868-57a2d4851a1d" relativeResultsDirectory="f1e35692-6359-4c91-b9d4-4f3faff50cbf" dataRowInfo="1" resultType="DataDrivenDataRow" />
      </InnerResults>
    </UnitTestResult>
    <UnitTestResult executionId="6746d612-fda1-4ad2-b59b-729cd12a4c83" testId="d6d04f4a-9142-b816-d673-c4abf49a39ad" testName="ToDisplay_Passing_Enumeration_Name_Returns_Display_Atributte" computerName="PC-SFERRARI" duration="00:00:00.0026930" startTime="2021-05-07T11:43:38.4072930+01:00" endTime="2021-05-07T11:43:38.4100763+01:00" testType="13cdc9d9-ddb5-4fa4-a97d-d965ccfc6d4b" outcome="Passed" testListId="8c84fa94-04c1-424b-9868-57a2d4851a1d" relativeResultsDirectory="6746d612-fda1-4ad2-b59b-729cd12a4c83" />
    <UnitTestResult executionId="ce9b9a1a-c8ce-432c-a096-d49e1fadcb78" testId="53cbdd8e-a1ef-5d22-8745-938609ed19c2" testName="ToConfigureOrDefault_Passing_DefaultValues_And_ActionCustomValues_Returns_DefaultValues_And_CustomValues" computerName="PC-SFERRARI" duration="00:00:00.0003817" startTime="2021-05-07T11:43:37.4723560+01:00" endTime="2021-05-07T11:43:37.4729467+01:00" testType="13cdc9d9-ddb5-4fa4-a97d-d965ccfc6d4b" outcome="Passed" testListId="8c84fa94-04c1-424b-9868-57a2d4851a1d" relativeResultsDirectory="ce9b9a1a-c8ce-432c-a096-d49e1fadcb78" />
    <UnitTestResult executionId="6907a2f0-f703-4e0b-a26a-2a7430a8b035" testId="3e6d6aa9-9b6d-dd96-b54c-49f88780a2b4" testName="ToEmptyIfNull_Passing_Null_Collection_Returns_Empty_Collection" computerName="PC-SFERRARI" duration="00:00:00.0002724" startTime="2021-05-07T11:43:38.4047548+01:00" endTime="2021-05-07T11:43:38.4050959+01:00" testType="13cdc9d9-ddb5-4fa4-a97d-d965ccfc6d4b" outcome="Passed" testListId="8c84fa94-04c1-424b-9868-57a2d4851a1d" relativeResultsDirectory="6907a2f0-f703-4e0b-a26a-2a7430a8b035" />
    <UnitTestResult executionId="6fac66b5-5b74-43be-95af-c0880cff436f" testId="ffa669f9-8e25-a33b-f8f7-c3ba4a576a2b" testName="ToDefaultValue_Passing_ValidStruct_Returns_DefaultValue" computerName="PC-SFERRARI" duration="00:00:00.0003629" startTime="2021-05-07T11:43:39.1018358+01:00" endTime="2021-05-07T11:43:39.1024322+01:00" testType="13cdc9d9-ddb5-4fa4-a97d-d965ccfc6d4b" outcome="Passed" testListId="8c84fa94-04c1-424b-9868-57a2d4851a1d" relativeResultsDirectory="6fac66b5-5b74-43be-95af-c0880cff436f" />
    <UnitTestResult executionId="4dc060a7-b1f4-4076-a081-c25a7a2ec37c" testId="40108f40-2761-0a89-d16d-ad113b5f3dd5" testName="ToDefaultValue_Passing_short_Returns_Cero" computerName="PC-SFERRARI" duration="00:00:00.0003056" startTime="2021-05-07T11:43:38.4234611+01:00" endTime="2021-05-07T11:43:38.4238483+01:00" testType="13cdc9d9-ddb5-4fa4-a97d-d965ccfc6d4b" outcome="Passed" testListId="8c84fa94-04c1-424b-9868-57a2d4851a1d" relativeResultsDirectory="4dc060a7-b1f4-4076-a081-c25a7a2ec37c" resultType="DataDrivenTest">
      <InnerResults>
        <UnitTestResult executionId="e69e6b49-a73b-4299-9d86-7d2c2c6c267b" parentExecutionId="4dc060a7-b1f4-4076-a081-c25a7a2ec37c" testId="40108f40-2761-0a89-d16d-ad113b5f3dd5" testName="ToDefaultValue_Passing_short_Returns_Cero (32767)" computerName="PC-SFERRARI" duration="00:00:00.0002506" startTime="2021-05-07T11:43:38.4234611+01:00" endTime="2021-05-07T11:43:38.4238483+01:00" testType="13cdc9d9-ddb5-4fa4-a97d-d965ccfc6d4b" outcome="Passed" testListId="8c84fa94-04c1-424b-9868-57a2d4851a1d" relativeResultsDirectory="e69e6b49-a73b-4299-9d86-7d2c2c6c267b" dataRowInfo="1" resultType="DataDrivenDataRow" />
      </InnerResults>
    </UnitTestResult>
    <UnitTestResult executionId="10a332e6-0f05-4305-a73c-fa8faab623ba" testId="3f0bf65d-a3af-41bf-ac79-126a0efc4fd4" testName="ToService_Passing_Service_Not_Found_Returns_Null" computerName="PC-SFERRARI" duration="00:00:00.0005798" startTime="2021-05-07T11:43:38.1482603+01:00" endTime="2021-05-07T11:43:38.1489462+01:00" testType="13cdc9d9-ddb5-4fa4-a97d-d965ccfc6d4b" outcome="Passed" testListId="8c84fa94-04c1-424b-9868-57a2d4851a1d" relativeResultsDirectory="10a332e6-0f05-4305-a73c-fa8faab623ba" />
    <UnitTestResult executionId="ee20ec99-31c6-432e-bae3-7ef56a7f897d" testId="eb3fbb45-8257-f4b8-0975-042f859a72bf" testName="ToDictionaryPropertyInfo_Passing_Object_Not_IncludeNullOrEmptyProperty_Returns_Properties_NameAndValue_Dictionary" computerName="PC-SFERRARI" duration="00:00:00.0024705" startTime="2021-05-07T11:43:38.4380314+01:00" endTime="2021-05-07T11:43:38.4406205+01:00" testType="13cdc9d9-ddb5-4fa4-a97d-d965ccfc6d4b" outcome="Passed" testListId="8c84fa94-04c1-424b-9868-57a2d4851a1d" relativeResultsDirectory="ee20ec99-31c6-432e-bae3-7ef56a7f897d" />
    <UnitTestResult executionId="36434eb4-9650-44a7-8c6c-e9c42bf37e9e" testId="320700ce-aa3b-5818-fb18-706cf7605472" testName="ToAttribute_Passing_Enumeration_Name_Returns_Atributte" computerName="PC-SFERRARI" duration="00:00:00.0012282" startTime="2021-05-07T11:43:38.4101232+01:00" endTime="2021-05-07T11:43:38.4115052+01:00" testType="13cdc9d9-ddb5-4fa4-a97d-d965ccfc6d4b" outcome="Passed" testListId="8c84fa94-04c1-424b-9868-57a2d4851a1d" relativeResultsDirectory="36434eb4-9650-44a7-8c6c-e9c42bf37e9e" />
    <UnitTestResult executionId="36d60d1a-e579-4a5f-8261-941f989c98b1" testId="459f13f4-e266-2f20-5c30-d2c64797095d" testName="ToIsWeekend_Passing_Friday_DateTime_Returns_False" computerName="PC-SFERRARI" duration="00:00:00.0005582" startTime="2021-05-07T11:43:38.3877472+01:00" endTime="2021-05-07T11:43:38.3887001+01:00" testType="13cdc9d9-ddb5-4fa4-a97d-d965ccfc6d4b" outcome="Passed" testListId="8c84fa94-04c1-424b-9868-57a2d4851a1d" relativeResultsDirectory="36d60d1a-e579-4a5f-8261-941f989c98b1" />
    <UnitTestResult executionId="e54ed080-cafb-468c-96dd-8ad42c2bd4d4" testId="504465b7-a3fe-9023-93b9-ffece1903418" testName="ToEnvironment_ServiceCollection_Passing_Staging_Enviroment_Returns_Staging_Name" computerName="PC-SFERRARI" duration="00:00:00.0004836" startTime="2021-05-07T11:43:38.8110770+01:00" endTime="2021-05-07T11:43:38.8116839+01:00" testType="13cdc9d9-ddb5-4fa4-a97d-d965ccfc6d4b" outcome="Passed" testListId="8c84fa94-04c1-424b-9868-57a2d4851a1d" relativeResultsDirectory="e54ed080-cafb-468c-96dd-8ad42c2bd4d4" />
    <UnitTestResult executionId="37ec9d1f-fc37-44b6-8143-738673262b4c" testId="c2d3c8df-32e7-92dc-91f8-057e8c4da6b9" testName="ToTomorrow_Passing_DateTime_Returns_Tomorrow_DateTime" computerName="PC-SFERRARI" duration="00:00:00.0002347" startTime="2021-05-07T11:43:38.3971830+01:00" endTime="2021-05-07T11:43:38.3975068+01:00" testType="13cdc9d9-ddb5-4fa4-a97d-d965ccfc6d4b" outcome="Passed" testListId="8c84fa94-04c1-424b-9868-57a2d4851a1d" relativeResultsDirectory="37ec9d1f-fc37-44b6-8143-738673262b4c" />
    <UnitTestResult executionId="2ba5a383-1742-4a6b-b4f5-978d989d6051" testId="d0b36a04-4127-30ad-3e5f-debee628dde9" testName="ResultDataInternalServerError" computerName="PC-SFERRARI" duration="00:00:00.0004082" startTime="2021-05-07T11:43:39.2572121+01:00" endTime="2021-05-07T11:43:39.2577338+01:00" testType="13cdc9d9-ddb5-4fa4-a97d-d965ccfc6d4b" outcome="Passed" testListId="8c84fa94-04c1-424b-9868-57a2d4851a1d" relativeResultsDirectory="2ba5a383-1742-4a6b-b4f5-978d989d6051" />
    <UnitTestResult executionId="fc9a20ad-994d-4a4f-b3df-8fe16318e2e7" testId="e9d3a3d6-32e0-613e-b55e-48afdf1ab686" testName="ToWhere_Passing_Valid_Predicate_Returns_Filter_List" computerName="PC-SFERRARI" duration="00:00:00.0014483" startTime="2021-05-07T11:43:38.7964017+01:00" endTime="2021-05-07T11:43:38.7979491+01:00" testType="13cdc9d9-ddb5-4fa4-a97d-d965ccfc6d4b" outcome="Passed" testListId="8c84fa94-04c1-424b-9868-57a2d4851a1d" relativeResultsDirectory="fc9a20ad-994d-4a4f-b3df-8fe16318e2e7" />
    <UnitTestResult executionId="4caa0a7e-b4bd-4361-8ebd-b57970563147" testId="297c060d-406b-f933-91fe-dfd3459b8ace" testName="ToIsNullOrEmpty_Passing_InvalidValue_Returns_True" computerName="PC-SFERRARI" duration="00:00:00.0008892" startTime="2021-05-07T11:43:38.1900329+01:00" endTime="2021-05-07T11:43:38.1913186+01:00" testType="13cdc9d9-ddb5-4fa4-a97d-d965ccfc6d4b" outcome="Passed" testListId="8c84fa94-04c1-424b-9868-57a2d4851a1d" relativeResultsDirectory="4caa0a7e-b4bd-4361-8ebd-b57970563147" />
    <UnitTestResult executionId="b9f2d40b-92ea-46a4-9a9c-f9b3031a3d4c" testId="ae09f98c-257a-b9e5-5b0b-16344b7adf1c" testName="ToInt_Passing_ValidValueString_Returns_Int" computerName="PC-SFERRARI" duration="00:00:00.0005385" startTime="2021-05-07T11:43:39.0554658+01:00" endTime="2021-05-07T11:43:39.0561805+01:00" testType="13cdc9d9-ddb5-4fa4-a97d-d965ccfc6d4b" outcome="Passed" testListId="8c84fa94-04c1-424b-9868-57a2d4851a1d" relativeResultsDirectory="b9f2d40b-92ea-46a4-9a9c-f9b3031a3d4c" resultType="DataDrivenTest">
      <InnerResults>
        <UnitTestResult executionId="00b305dc-1543-4ee2-ad95-328b9a0ffb3d" parentExecutionId="b9f2d40b-92ea-46a4-9a9c-f9b3031a3d4c" testId="ae09f98c-257a-b9e5-5b0b-16344b7adf1c" testName="ToInt_Passing_ValidValueString_Returns_Int (1234567890)" computerName="PC-SFERRARI" duration="00:00:00.0004655" startTime="2021-05-07T11:43:39.0554658+01:00" endTime="2021-05-07T11:43:39.0561805+01:00" testType="13cdc9d9-ddb5-4fa4-a97d-d965ccfc6d4b" outcome="Passed" testListId="8c84fa94-04c1-424b-9868-57a2d4851a1d" relativeResultsDirectory="00b305dc-1543-4ee2-ad95-328b9a0ffb3d" dataRowInfo="1" resultType="DataDrivenDataRow" />
      </InnerResults>
    </UnitTestResult>
    <UnitTestResult executionId="11c5b2fe-69b2-4a24-8ed5-6b0d3d4f5dda" testId="7daaba64-d3ad-9109-43bf-bdb516b673b8" testName="ToDirectoryFileInfo_Passing_ValidValue_Returns_FileInfo" computerName="PC-SFERRARI" duration="00:00:00.0001025" startTime="2021-05-07T11:43:39.0697764+01:00" endTime="2021-05-07T11:43:39.0700413+01:00" testType="13cdc9d9-ddb5-4fa4-a97d-d965ccfc6d4b" outcome="Passed" testListId="8c84fa94-04c1-424b-9868-57a2d4851a1d" relativeResultsDirectory="11c5b2fe-69b2-4a24-8ed5-6b0d3d4f5dda" />
    <UnitTestResult executionId="6086a5eb-8641-4a23-ae03-ab99471ef3df" testId="ee30e1f9-ce80-c70a-1b56-b7e02750ae26" testName="IsDirectory_Passing_InvalidArguments_Returns_HasErrorsAndCount" computerName="PC-SFERRARI" duration="00:00:00.0003623" startTime="2021-05-07T11:43:39.1487963+01:00" endTime="2021-05-07T11:43:39.1493037+01:00" testType="13cdc9d9-ddb5-4fa4-a97d-d965ccfc6d4b" outcome="Passed" testListId="8c84fa94-04c1-424b-9868-57a2d4851a1d" relativeResultsDirectory="6086a5eb-8641-4a23-ae03-ab99471ef3df" />
    <UnitTestResult executionId="a0e3f145-b1e0-48fa-b6f8-0617bde38e35" testId="0cfd0c7c-1a61-7d19-c2fa-3c8a47ccf09c" testName="ToValues_Passing_ValidEnumType_Returns_ValuesListString" computerName="PC-SFERRARI" duration="00:00:00.0010931" startTime="2021-05-07T11:43:39.1751491+01:00" endTime="2021-05-07T11:43:39.1763739+01:00" testType="13cdc9d9-ddb5-4fa4-a97d-d965ccfc6d4b" outcome="Passed" testListId="8c84fa94-04c1-424b-9868-57a2d4851a1d" relativeResultsDirectory="a0e3f145-b1e0-48fa-b6f8-0617bde38e35" />
    <UnitTestResult executionId="e7f36389-57fc-4320-abf9-4fe4cbe332e6" testId="77fe17c3-3cf8-a189-4d95-b2e0d3ca9579" testName="CreateSHA256_Passing_Invalid_Arguments_Returns_ApplicationException" computerName="PC-SFERRARI" duration="00:00:00.0016023" startTime="2021-05-07T11:43:39.1987450+01:00" endTime="2021-05-07T11:43:39.2005310+01:00" testType="13cdc9d9-ddb5-4fa4-a97d-d965ccfc6d4b" outcome="Passed" testListId="8c84fa94-04c1-424b-9868-57a2d4851a1d" relativeResultsDirectory="e7f36389-57fc-4320-abf9-4fe4cbe332e6" resultType="DataDrivenTest">
      <InnerResults>
        <UnitTestResult executionId="06596f41-8f6f-4795-b452-6ee10534231d" parentExecutionId="e7f36389-57fc-4320-abf9-4fe4cbe332e6" testId="77fe17c3-3cf8-a189-4d95-b2e0d3ca9579" testName="CreateSHA256_Passing_Invalid_Arguments_Returns_ApplicationException ()" computerName="PC-SFERRARI" duration="00:00:00.0013161" startTime="2021-05-07T11:43:39.1987450+01:00" endTime="2021-05-07T11:43:39.2005310+01:00" testType="13cdc9d9-ddb5-4fa4-a97d-d965ccfc6d4b" outcome="Passed" testListId="8c84fa94-04c1-424b-9868-57a2d4851a1d" relativeResultsDirectory="06596f41-8f6f-4795-b452-6ee10534231d" dataRowInfo="1" resultType="DataDrivenDataRow" />
        <UnitTestResult executionId="65b367cb-b4c0-45bb-a4b1-4c3455cdff28" parentExecutionId="e7f36389-57fc-4320-abf9-4fe4cbe332e6" testId="77fe17c3-3cf8-a189-4d95-b2e0d3ca9579" testName="CreateSHA256_Passing_Invalid_Arguments_Returns_ApplicationException ()" computerName="PC-SFERRARI" duration="00:00:00.0000826" startTime="2021-05-07T11:43:39.1987450+01:00" endTime="2021-05-07T11:43:39.2005310+01:00" testType="13cdc9d9-ddb5-4fa4-a97d-d965ccfc6d4b" outcome="Passed" testListId="8c84fa94-04c1-424b-9868-57a2d4851a1d" relativeResultsDirectory="65b367cb-b4c0-45bb-a4b1-4c3455cdff28" dataRowInfo="2" resultType="DataDrivenDataRow" />
        <UnitTestResult executionId="fbdb778d-d241-4777-8efb-f3518d2bb8f8" parentExecutionId="e7f36389-57fc-4320-abf9-4fe4cbe332e6" testId="77fe17c3-3cf8-a189-4d95-b2e0d3ca9579" testName="CreateSHA256_Passing_Invalid_Arguments_Returns_ApplicationException ( )" computerName="PC-SFERRARI" duration="00:00:00.0000629" startTime="2021-05-07T11:43:39.1987450+01:00" endTime="2021-05-07T11:43:39.2005310+01:00" testType="13cdc9d9-ddb5-4fa4-a97d-d965ccfc6d4b" outcome="Passed" testListId="8c84fa94-04c1-424b-9868-57a2d4851a1d" relativeResultsDirectory="fbdb778d-d241-4777-8efb-f3518d2bb8f8" dataRowInfo="3" resultType="DataDrivenDataRow" />
      </InnerResults>
    </UnitTestResult>
    <UnitTestResult executionId="09b9fa51-2f97-42a4-a3ad-e0150a24e89e" testId="aaa46586-7b83-9a88-e835-ae92592f98a3" testName="ToList_Passing_ValidEnumTypeWithResourceType_Returns_ValuesList" computerName="PC-SFERRARI" duration="00:00:00.0016236" startTime="2021-05-07T11:43:39.1884258+01:00" endTime="2021-05-07T11:43:39.1901842+01:00" testType="13cdc9d9-ddb5-4fa4-a97d-d965ccfc6d4b" outcome="Passed" testListId="8c84fa94-04c1-424b-9868-57a2d4851a1d" relativeResultsDirectory="09b9fa51-2f97-42a4-a3ad-e0150a24e89e" />
    <UnitTestResult executionId="628de6ca-3118-4098-a84c-e60d62b0a56c" testId="2799ef62-9686-0dc7-84d2-73639b0030f7" testName="ToInt_Passing_InvalidValueString_Returns_Null" computerName="PC-SFERRARI" duration="00:00:00.0003084" startTime="2021-05-07T11:43:39.0562469+01:00" endTime="2021-05-07T11:43:39.0567419+01:00" testType="13cdc9d9-ddb5-4fa4-a97d-d965ccfc6d4b" outcome="Passed" testListId="8c84fa94-04c1-424b-9868-57a2d4851a1d" relativeResultsDirectory="628de6ca-3118-4098-a84c-e60d62b0a56c" resultType="DataDrivenTest">
      <InnerResults>
        <UnitTestResult executionId="61021f9d-f63b-4675-b91d-593fc17fc8e6" parentExecutionId="628de6ca-3118-4098-a84c-e60d62b0a56c" testId="2799ef62-9686-0dc7-84d2-73639b0030f7" testName="ToInt_Passing_InvalidValueString_Returns_Null (1.3333)" computerName="PC-SFERRARI" duration="00:00:00.0001587" startTime="2021-05-07T11:43:39.0562469+01:00" endTime="2021-05-07T11:43:39.0567419+01:00" testType="13cdc9d9-ddb5-4fa4-a97d-d965ccfc6d4b" outcome="Passed" testListId="8c84fa94-04c1-424b-9868-57a2d4851a1d" relativeResultsDirectory="61021f9d-f63b-4675-b91d-593fc17fc8e6" dataRowInfo="1" resultType="DataDrivenDataRow" />
        <UnitTestResult executionId="139c2702-1c55-4820-afab-5def3dd93fc9" parentExecutionId="628de6ca-3118-4098-a84c-e60d62b0a56c" testId="2799ef62-9686-0dc7-84d2-73639b0030f7" testName="ToInt_Passing_InvalidValueString_Returns_Null (1,3333)" computerName="PC-SFERRARI" duration="00:00:00.0000064" startTime="2021-05-07T11:43:39.0562469+01:00" endTime="2021-05-07T11:43:39.0567419+01:00" testType="13cdc9d9-ddb5-4fa4-a97d-d965ccfc6d4b" outcome="Passed" testListId="8c84fa94-04c1-424b-9868-57a2d4851a1d" relativeResultsDirectory="139c2702-1c55-4820-afab-5def3dd93fc9" dataRowInfo="2" resultType="DataDrivenDataRow" />
        <UnitTestResult executionId="a262e75c-38c4-4d67-89d2-65f23c44a137" parentExecutionId="628de6ca-3118-4098-a84c-e60d62b0a56c" testId="2799ef62-9686-0dc7-84d2-73639b0030f7" testName="ToInt_Passing_InvalidValueString_Returns_Null (1.333,39)" computerName="PC-SFERRARI" duration="00:00:00.0000039" startTime="2021-05-07T11:43:39.0562469+01:00" endTime="2021-05-07T11:43:39.0567419+01:00" testType="13cdc9d9-ddb5-4fa4-a97d-d965ccfc6d4b" outcome="Passed" testListId="8c84fa94-04c1-424b-9868-57a2d4851a1d" relativeResultsDirectory="a262e75c-38c4-4d67-89d2-65f23c44a137" dataRowInfo="3" resultType="DataDrivenDataRow" />
        <UnitTestResult executionId="d89fb623-1477-41e7-bc85-35a72ead4cd9" parentExecutionId="628de6ca-3118-4098-a84c-e60d62b0a56c" testId="2799ef62-9686-0dc7-84d2-73639b0030f7" testName="ToInt_Passing_InvalidValueString_Returns_Null (999999439293294392492349329493294)" computerName="PC-SFERRARI" duration="00:00:00.0000036" startTime="2021-05-07T11:43:39.0562469+01:00" endTime="2021-05-07T11:43:39.0567419+01:00" testType="13cdc9d9-ddb5-4fa4-a97d-d965ccfc6d4b" outcome="Passed" testListId="8c84fa94-04c1-424b-9868-57a2d4851a1d" relativeResultsDirectory="d89fb623-1477-41e7-bc85-35a72ead4cd9" dataRowInfo="4" resultType="DataDrivenDataRow" />
        <UnitTestResult executionId="9ecd1abc-f585-4b17-9406-cfd237af401e" parentExecutionId="628de6ca-3118-4098-a84c-e60d62b0a56c" testId="2799ef62-9686-0dc7-84d2-73639b0030f7" testName="ToInt_Passing_InvalidValueString_Returns_Null (asdasdasdasd234324)" computerName="PC-SFERRARI" duration="00:00:00.0000036" startTime="2021-05-07T11:43:39.0562469+01:00" endTime="2021-05-07T11:43:39.0567419+01:00" testType="13cdc9d9-ddb5-4fa4-a97d-d965ccfc6d4b" outcome="Passed" testListId="8c84fa94-04c1-424b-9868-57a2d4851a1d" relativeResultsDirectory="9ecd1abc-f585-4b17-9406-cfd237af401e" dataRowInfo="5" resultType="DataDrivenDataRow" />
      </InnerResults>
    </UnitTestResult>
    <UnitTestResult executionId="abb285d7-096e-4f8a-a825-80643d76b08c" testId="3bd7277d-4ad0-51ee-d24c-53176ec3cc7f" testName="IsDomain_Passing_InvalidArguments_Returns_HasErrorsAndCount" computerName="PC-SFERRARI" duration="00:00:00.0021289" startTime="2021-05-07T11:43:39.1554515+01:00" endTime="2021-05-07T11:43:39.1576497+01:00" testType="13cdc9d9-ddb5-4fa4-a97d-d965ccfc6d4b" outcome="Passed" testListId="8c84fa94-04c1-424b-9868-57a2d4851a1d" relativeResultsDirectory="abb285d7-096e-4f8a-a825-80643d76b08c" />
    <UnitTestResult executionId="3da6b11e-3988-4d74-97e3-9ac384dc4a79" testId="056700a7-2506-75ed-a80a-ddf2ddb5d2a8" testName="IsUppercase_Passing_ValidArguments_Returns_HasErrorsAndCount" computerName="PC-SFERRARI" duration="00:00:00.0002381" startTime="2021-05-07T11:43:39.1736469+01:00" endTime="2021-05-07T11:43:39.1739941+01:00" testType="13cdc9d9-ddb5-4fa4-a97d-d965ccfc6d4b" outcome="Passed" testListId="8c84fa94-04c1-424b-9868-57a2d4851a1d" relativeResultsDirectory="3da6b11e-3988-4d74-97e3-9ac384dc4a79" />
    <UnitTestResult executionId="2a8b53ab-9422-4bba-9a3b-e609a0e6bdba" testId="e8138724-52f6-6999-ada4-cbc441f2cd15" testName="ToEmailMaskUserNameAndDomain_Passing_ValidEmail_Returns_EmailWithMask" computerName="PC-SFERRARI" duration="00:00:00.0007112" startTime="2021-05-07T11:43:38.9904110+01:00" endTime="2021-05-07T11:43:38.9913300+01:00" testType="13cdc9d9-ddb5-4fa4-a97d-d965ccfc6d4b" outcome="Passed" testListId="8c84fa94-04c1-424b-9868-57a2d4851a1d" relativeResultsDirectory="2a8b53ab-9422-4bba-9a3b-e609a0e6bdba" resultType="DataDrivenTest">
      <InnerResults>
        <UnitTestResult executionId="77714d9c-fef8-43d2-93bb-cb2223e8e3b2" parentExecutionId="2a8b53ab-9422-4bba-9a3b-e609a0e6bdba" testId="e8138724-52f6-6999-ada4-cbc441f2cd15" testName="ToEmailMaskUserNameAndDomain_Passing_ValidEmail_Returns_EmailWithMask (qaz@gmail.com,q*z@g***l.com)" computerName="PC-SFERRARI" duration="00:00:00.0004146" startTime="2021-05-07T11:43:38.9904110+01:00" endTime="2021-05-07T11:43:38.9913300+01:00" testType="13cdc9d9-ddb5-4fa4-a97d-d965ccfc6d4b" outcome="Passed" testListId="8c84fa94-04c1-424b-9868-57a2d4851a1d" relativeResultsDirectory="77714d9c-fef8-43d2-93bb-cb2223e8e3b2" dataRowInfo="1" resultType="DataDrivenDataRow" />
        <UnitTestResult executionId="31b9190e-c21e-4d76-abf4-6234a09e6be4" parentExecutionId="2a8b53ab-9422-4bba-9a3b-e609a0e6bdba" testId="e8138724-52f6-6999-ada4-cbc441f2cd15" testName="ToEmailMaskUserNameAndDomain_Passing_ValidEmail_Returns_EmailWithMask (qazwsx@gmail.com,q****x@g***l.com)" computerName="PC-SFERRARI" duration="00:00:00.0000219" startTime="2021-05-07T11:43:38.9904110+01:00" endTime="2021-05-07T11:43:38.9913300+01:00" testType="13cdc9d9-ddb5-4fa4-a97d-d965ccfc6d4b" outcome="Passed" testListId="8c84fa94-04c1-424b-9868-57a2d4851a1d" relativeResultsDirectory="31b9190e-c21e-4d76-abf4-6234a09e6be4" dataRowInfo="2" resultType="DataDrivenDataRow" />
        <UnitTestResult executionId="cf1a0cb6-5047-459a-9f47-f0527928ee1e" parentExecutionId="2a8b53ab-9422-4bba-9a3b-e609a0e6bdba" testId="e8138724-52f6-6999-ada4-cbc441f2cd15" testName="ToEmailMaskUserNameAndDomain_Passing_ValidEmail_Returns_EmailWithMask (qazwsxedc@gmail.com,q*******c@g***l.com)" computerName="PC-SFERRARI" duration="00:00:00.0000210" startTime="2021-05-07T11:43:38.9904110+01:00" endTime="2021-05-07T11:43:38.9913300+01:00" testType="13cdc9d9-ddb5-4fa4-a97d-d965ccfc6d4b" outcome="Passed" testListId="8c84fa94-04c1-424b-9868-57a2d4851a1d" relativeResultsDirectory="cf1a0cb6-5047-459a-9f47-f0527928ee1e" dataRowInfo="3" resultType="DataDrivenDataRow" />
        <UnitTestResult executionId="34ebb81c-7262-44a8-9028-9d31dd04e137" parentExecutionId="2a8b53ab-9422-4bba-9a3b-e609a0e6bdba" testId="e8138724-52f6-6999-ada4-cbc441f2cd15" testName="ToEmailMaskUserNameAndDomain_Passing_ValidEmail_Returns_EmailWithMask (qaz@gmailgmail.com,q*z@g********l.com)" computerName="PC-SFERRARI" duration="00:00:00.0000170" startTime="2021-05-07T11:43:38.9904110+01:00" endTime="2021-05-07T11:43:38.9913300+01:00" testType="13cdc9d9-ddb5-4fa4-a97d-d965ccfc6d4b" outcome="Passed" testListId="8c84fa94-04c1-424b-9868-57a2d4851a1d" relativeResultsDirectory="34ebb81c-7262-44a8-9028-9d31dd04e137" dataRowInfo="4" resultType="DataDrivenDataRow" />
        <UnitTestResult executionId="1cd1d8bc-42c0-4121-a29d-8b8998fadec4" parentExecutionId="2a8b53ab-9422-4bba-9a3b-e609a0e6bdba" testId="e8138724-52f6-6999-ada4-cbc441f2cd15" testName="ToEmailMaskUserNameAndDomain_Passing_ValidEmail_Returns_EmailWithMask (qazwsx@gmailgmail.com,q****x@g********l.com)" computerName="PC-SFERRARI" duration="00:00:00.0000228" startTime="2021-05-07T11:43:38.9904110+01:00" endTime="2021-05-07T11:43:38.9913300+01:00" testType="13cdc9d9-ddb5-4fa4-a97d-d965ccfc6d4b" outcome="Passed" testListId="8c84fa94-04c1-424b-9868-57a2d4851a1d" relativeResultsDirectory="1cd1d8bc-42c0-4121-a29d-8b8998fadec4" dataRowInfo="5" resultType="DataDrivenDataRow" />
        <UnitTestResult executionId="78f20a4b-0ca2-474b-9ce0-28352f0053ee" parentExecutionId="2a8b53ab-9422-4bba-9a3b-e609a0e6bdba" testId="e8138724-52f6-6999-ada4-cbc441f2cd15" testName="ToEmailMaskUserNameAndDomain_Passing_ValidEmail_Returns_EmailWithMask (qazwsxedc@gmailgmail.com,q*******c@g********l.com)" computerName="PC-SFERRARI" duration="00:00:00.0000385" startTime="2021-05-07T11:43:38.9904110+01:00" endTime="2021-05-07T11:43:38.9913300+01:00" testType="13cdc9d9-ddb5-4fa4-a97d-d965ccfc6d4b" outcome="Passed" testListId="8c84fa94-04c1-424b-9868-57a2d4851a1d" relativeResultsDirectory="78f20a4b-0ca2-474b-9ce0-28352f0053ee" dataRowInfo="6" resultType="DataDrivenDataRow" />
      </InnerResults>
    </UnitTestResult>
    <UnitTestResult executionId="bbacfd85-282b-41ef-9d97-e1b1526bd9a9" testId="2aceb911-de9d-b2eb-c8db-f6b3f880216f" testName="ToService_Passing_Valid_Service_Returns_Service" computerName="PC-SFERRARI" duration="00:00:00.0028196" startTime="2021-05-07T11:43:38.1489877+01:00" endTime="2021-05-07T11:43:38.1522549+01:00" testType="13cdc9d9-ddb5-4fa4-a97d-d965ccfc6d4b" outcome="Passed" testListId="8c84fa94-04c1-424b-9868-57a2d4851a1d" relativeResultsDirectory="bbacfd85-282b-41ef-9d97-e1b1526bd9a9" />
    <UnitTestResult executionId="a700eb2c-0ae4-4fe0-97e8-ec5433961938" testId="e329bdc2-7660-b4b2-0687-a194b6e35f1d" testName="ResultDataBadRequest_WithErrors_Dictionary" computerName="PC-SFERRARI" duration="00:00:00.0009745" startTime="2021-05-07T11:43:39.2598395+01:00" endTime="2021-05-07T11:43:39.2609595+01:00" testType="13cdc9d9-ddb5-4fa4-a97d-d965ccfc6d4b" outcome="Passed" testListId="8c84fa94-04c1-424b-9868-57a2d4851a1d" relativeResultsDirectory="a700eb2c-0ae4-4fe0-97e8-ec5433961938" />
    <UnitTestResult executionId="33eb6bd5-dcbd-454a-b632-ca7c00c4cae9" testId="9d64a285-266d-52de-ef34-34102f8ad12c" testName="IsEspecialChars_Passing_InvalidArguments_Returns_HasErrorsAndCount" computerName="PC-SFERRARI" duration="00:00:00.0007610" startTime="2021-05-07T11:43:39.1706703+01:00" endTime="2021-05-07T11:43:39.1715732+01:00" testType="13cdc9d9-ddb5-4fa4-a97d-d965ccfc6d4b" outcome="Passed" testListId="8c84fa94-04c1-424b-9868-57a2d4851a1d" relativeResultsDirectory="33eb6bd5-dcbd-454a-b632-ca7c00c4cae9" />
    <UnitTestResult executionId="efe25707-d769-400a-8df4-76a8a3bc5579" testId="0e702ef4-7e85-bcb3-3879-32ee56a27932" testName="IsName_Passing_ValidArguments_Returns_HasErrorsAndCount" computerName="PC-SFERRARI" duration="00:00:00.0002812" startTime="2021-05-07T11:43:39.1475723+01:00" endTime="2021-05-07T11:43:39.1480237+01:00" testType="13cdc9d9-ddb5-4fa4-a97d-d965ccfc6d4b" outcome="Passed" testListId="8c84fa94-04c1-424b-9868-57a2d4851a1d" relativeResultsDirectory="efe25707-d769-400a-8df4-76a8a3bc5579" />
    <UnitTestResult executionId="0d700fe3-f01f-497f-88e0-a5e0e1425738" testId="0d35441f-72fe-a777-509f-6a19632f972a" testName="ToMessage_Passing_ExceptionWithMessageWithInnerException_Returns_MessageAndInnerException" computerName="PC-SFERRARI" duration="00:00:00.0004259" startTime="2021-05-07T11:43:38.4126450+01:00" endTime="2021-05-07T11:43:38.4132156+01:00" testType="13cdc9d9-ddb5-4fa4-a97d-d965ccfc6d4b" outcome="Passed" testListId="8c84fa94-04c1-424b-9868-57a2d4851a1d" relativeResultsDirectory="0d700fe3-f01f-497f-88e0-a5e0e1425738" />
    <UnitTestResult executionId="7606eee4-b5fb-45c9-90e8-9cbe91c00321" testId="47f3e733-f069-b79f-9f6d-7c11fc368663" testName="ToDefaultValue_Passing_ushort_Returns_Cero" computerName="PC-SFERRARI" duration="00:00:00.0002940" startTime="2021-05-07T11:43:38.4238783+01:00" endTime="2021-05-07T11:43:38.4242583+01:00" testType="13cdc9d9-ddb5-4fa4-a97d-d965ccfc6d4b" outcome="Passed" testListId="8c84fa94-04c1-424b-9868-57a2d4851a1d" relativeResultsDirectory="7606eee4-b5fb-45c9-90e8-9cbe91c00321" resultType="DataDrivenTest">
      <InnerResults>
        <UnitTestResult executionId="5aca115d-80e9-4fa7-84ff-80b619f3cd23" parentExecutionId="7606eee4-b5fb-45c9-90e8-9cbe91c00321" testId="47f3e733-f069-b79f-9f6d-7c11fc368663" testName="ToDefaultValue_Passing_ushort_Returns_Cero (65535)" computerName="PC-SFERRARI" duration="00:00:00.0002486" startTime="2021-05-07T11:43:38.4238783+01:00" endTime="2021-05-07T11:43:38.4242583+01:00" testType="13cdc9d9-ddb5-4fa4-a97d-d965ccfc6d4b" outcome="Passed" testListId="8c84fa94-04c1-424b-9868-57a2d4851a1d" relativeResultsDirectory="5aca115d-80e9-4fa7-84ff-80b619f3cd23" dataRowInfo="1" resultType="DataDrivenDataRow" />
      </InnerResults>
    </UnitTestResult>
    <UnitTestResult executionId="dcc70b67-9166-4ab5-b247-a6f5c8b9ea52" testId="a95f665c-aa8d-208d-902c-60a464250c99" testName="ToDefaultValue_Passing_ValidBoolean_Returns_DefaultValue" computerName="PC-SFERRARI" duration="00:00:00.0001350" startTime="2021-05-07T11:43:39.1116093+01:00" endTime="2021-05-07T11:43:39.1118499+01:00" testType="13cdc9d9-ddb5-4fa4-a97d-d965ccfc6d4b" outcome="Passed" testListId="8c84fa94-04c1-424b-9868-57a2d4851a1d" relativeResultsDirectory="dcc70b67-9166-4ab5-b247-a6f5c8b9ea52" />
    <UnitTestResult executionId="ab4581d1-7d48-4729-a629-8380f17654bc" testId="922c5a5d-5d46-b5de-bcbd-4fac0addd422" testName="IsNullOrAny_Passing_InvalidArguments_Returns_HasErrorsAndCount" computerName="PC-SFERRARI" duration="00:00:00.0011771" startTime="2021-05-07T11:43:39.1175809+01:00" endTime="2021-05-07T11:43:39.1189365+01:00" testType="13cdc9d9-ddb5-4fa4-a97d-d965ccfc6d4b" outcome="Passed" testListId="8c84fa94-04c1-424b-9868-57a2d4851a1d" relativeResultsDirectory="ab4581d1-7d48-4729-a629-8380f17654bc" />
    <UnitTestResult executionId="dbf85e12-8dde-45c1-9f64-31efec992a89" testId="0b00f09d-f7e4-fb1e-68ad-8102cf6143e0" testName="ToPaged_Passing_Name_Descending_Order_Returns_Filter_List" computerName="PC-SFERRARI" duration="00:00:00.0005520" startTime="2021-05-07T11:43:38.8036696+01:00" endTime="2021-05-07T11:43:38.8043429+01:00" testType="13cdc9d9-ddb5-4fa4-a97d-d965ccfc6d4b" outcome="Passed" testListId="8c84fa94-04c1-424b-9868-57a2d4851a1d" relativeResultsDirectory="dbf85e12-8dde-45c1-9f64-31efec992a89" />
    <UnitTestResult executionId="134650ac-7494-4f18-a85a-f05ce99243e4" testId="225c09bd-86d5-d9ce-d2b8-18431ca384e3" testName="ToDefaultValue_Passing_ValidGuid_Returns_DefaultValue" computerName="PC-SFERRARI" duration="00:00:00.0002940" startTime="2021-05-07T11:43:39.1111843+01:00" endTime="2021-05-07T11:43:39.1115778+01:00" testType="13cdc9d9-ddb5-4fa4-a97d-d965ccfc6d4b" outcome="Passed" testListId="8c84fa94-04c1-424b-9868-57a2d4851a1d" relativeResultsDirectory="134650ac-7494-4f18-a85a-f05ce99243e4" />
    <UnitTestResult executionId="e87c5665-366e-4b65-a526-b685340918ae" testId="430dec51-b9df-7e06-fff9-78e6d362c2d8" testName="CreateRandom_WithCustomAllowableCharacters_Passing_Valid_Arguments_Returns_String_Random_Value" computerName="PC-SFERRARI" duration="00:00:00.0002663" startTime="2021-05-07T11:43:39.1929288+01:00" endTime="2021-05-07T11:43:39.1933433+01:00" testType="13cdc9d9-ddb5-4fa4-a97d-d965ccfc6d4b" outcome="Passed" testListId="8c84fa94-04c1-424b-9868-57a2d4851a1d" relativeResultsDirectory="e87c5665-366e-4b65-a526-b685340918ae" resultType="DataDrivenTest">
      <InnerResults>
        <UnitTestResult executionId="48f9ad3c-a2a8-4b38-92cc-a3e9da6e45cb" parentExecutionId="e87c5665-366e-4b65-a526-b685340918ae" testId="430dec51-b9df-7e06-fff9-78e6d362c2d8" testName="CreateRandom_WithCustomAllowableCharacters_Passing_Valid_Arguments_Returns_String_Random_Value (8,ae)" computerName="PC-SFERRARI" duration="00:00:00.0001242" startTime="2021-05-07T11:43:39.1929288+01:00" endTime="2021-05-07T11:43:39.1933433+01:00" testType="13cdc9d9-ddb5-4fa4-a97d-d965ccfc6d4b" outcome="Passed" testListId="8c84fa94-04c1-424b-9868-57a2d4851a1d" relativeResultsDirectory="48f9ad3c-a2a8-4b38-92cc-a3e9da6e45cb" dataRowInfo="1" resultType="DataDrivenDataRow" />
        <UnitTestResult executionId="57711357-f10b-4a39-abed-4c452ab5b941" parentExecutionId="e87c5665-366e-4b65-a526-b685340918ae" testId="430dec51-b9df-7e06-fff9-78e6d362c2d8" testName="CreateRandom_WithCustomAllowableCharacters_Passing_Valid_Arguments_Returns_String_Random_Value (5,aeiou123456)" computerName="PC-SFERRARI" duration="00:00:00.0000091" startTime="2021-05-07T11:43:39.1929288+01:00" endTime="2021-05-07T11:43:39.1933433+01:00" testType="13cdc9d9-ddb5-4fa4-a97d-d965ccfc6d4b" outcome="Passed" testListId="8c84fa94-04c1-424b-9868-57a2d4851a1d" relativeResultsDirectory="57711357-f10b-4a39-abed-4c452ab5b941" dataRowInfo="2" resultType="DataDrivenDataRow" />
        <UnitTestResult executionId="3bc6385f-1f94-475c-b149-40678d4943f1" parentExecutionId="e87c5665-366e-4b65-a526-b685340918ae" testId="430dec51-b9df-7e06-fff9-78e6d362c2d8" testName="CreateRandom_WithCustomAllowableCharacters_Passing_Valid_Arguments_Returns_String_Random_Value (10,7890ABFLFLFFL)" computerName="PC-SFERRARI" duration="00:00:00.0000070" startTime="2021-05-07T11:43:39.1929288+01:00" endTime="2021-05-07T11:43:39.1933433+01:00" testType="13cdc9d9-ddb5-4fa4-a97d-d965ccfc6d4b" outcome="Passed" testListId="8c84fa94-04c1-424b-9868-57a2d4851a1d" relativeResultsDirectory="3bc6385f-1f94-475c-b149-40678d4943f1" dataRowInfo="3" resultType="DataDrivenDataRow" />
        <UnitTestResult executionId="12bcf94c-8a08-4404-b689-46b2a97396c0" parentExecutionId="e87c5665-366e-4b65-a526-b685340918ae" testId="430dec51-b9df-7e06-fff9-78e6d362c2d8" testName="CreateRandom_WithCustomAllowableCharacters_Passing_Valid_Arguments_Returns_String_Random_Value (20,qazwscefbthmiklp09876543)" computerName="PC-SFERRARI" duration="00:00:00.0000078" startTime="2021-05-07T11:43:39.1929288+01:00" endTime="2021-05-07T11:43:39.1933433+01:00" testType="13cdc9d9-ddb5-4fa4-a97d-d965ccfc6d4b" outcome="Passed" testListId="8c84fa94-04c1-424b-9868-57a2d4851a1d" relativeResultsDirectory="12bcf94c-8a08-4404-b689-46b2a97396c0" dataRowInfo="4" resultType="DataDrivenDataRow" />
      </InnerResults>
    </UnitTestResult>
    <UnitTestResult executionId="a089e88b-0cd3-44d7-8747-918a9405438c" testId="65b9c427-b5ec-99b4-199a-0093cd460501" testName="ToUserName_Passing_Null_ClaimsPrincipal_Returns_ApplicationException" computerName="PC-SFERRARI" duration="00:00:00.0033685" startTime="2021-05-07T11:43:38.3201331+01:00" endTime="2021-05-07T11:43:38.3241398+01:00" testType="13cdc9d9-ddb5-4fa4-a97d-d965ccfc6d4b" outcome="Passed" testListId="8c84fa94-04c1-424b-9868-57a2d4851a1d" relativeResultsDirectory="a089e88b-0cd3-44d7-8747-918a9405438c" />
    <UnitTestResult executionId="060e2a9b-4dae-4bc1-98de-c846b135d3a4" testId="17a38df3-33e0-71ac-f8cb-dcdd3ade7269" testName="ToDefaultValue_Passing_char_Returns_Cero" computerName="PC-SFERRARI" duration="00:00:00.0003207" startTime="2021-05-07T11:43:38.4375933+01:00" endTime="2021-05-07T11:43:38.4380012+01:00" testType="13cdc9d9-ddb5-4fa4-a97d-d965ccfc6d4b" outcome="Passed" testListId="8c84fa94-04c1-424b-9868-57a2d4851a1d" relativeResultsDirectory="060e2a9b-4dae-4bc1-98de-c846b135d3a4" resultType="DataDrivenTest">
      <InnerResults>
        <UnitTestResult executionId="0a9707aa-9c88-48d2-a9e8-29d1d2f6384d" parentExecutionId="060e2a9b-4dae-4bc1-98de-c846b135d3a4" testId="17a38df3-33e0-71ac-f8cb-dcdd3ade7269" testName="ToDefaultValue_Passing_char_Returns_Cero (*)" computerName="PC-SFERRARI" duration="00:00:00.0002743" startTime="2021-05-07T11:43:38.4375933+01:00" endTime="2021-05-07T11:43:38.4380012+01:00" testType="13cdc9d9-ddb5-4fa4-a97d-d965ccfc6d4b" outcome="Passed" testListId="8c84fa94-04c1-424b-9868-57a2d4851a1d" relativeResultsDirectory="0a9707aa-9c88-48d2-a9e8-29d1d2f6384d" dataRowInfo="1" resultType="DataDrivenDataRow" />
      </InnerResults>
    </UnitTestResult>
    <UnitTestResult executionId="3fa3b78a-48f4-4b3a-ad6b-9d533e2c6aa7" testId="fe683836-27ec-729e-5fe1-a9c2674a6d87" testName="IsRegexMatch_Passing_InvalidArguments_Returns_HasErrorsAndCount" computerName="PC-SFERRARI" duration="00:00:00.0001991" startTime="2021-05-07T11:43:39.1391388+01:00" endTime="2021-05-07T11:43:39.1394768+01:00" testType="13cdc9d9-ddb5-4fa4-a97d-d965ccfc6d4b" outcome="Passed" testListId="8c84fa94-04c1-424b-9868-57a2d4851a1d" relativeResultsDirectory="3fa3b78a-48f4-4b3a-ad6b-9d533e2c6aa7" />
    <UnitTestResult executionId="43d30601-235b-45a6-a6c2-0c04e0cb4be5" testId="34e0940c-fc9c-71db-fc18-7d52ee8761a0" testName="ToAuthenticationType_Passing_Claims_Returns_Null" computerName="PC-SFERRARI" duration="00:00:00.0006555" startTime="2021-05-07T11:43:38.3181653+01:00" endTime="2021-05-07T11:43:38.3190401+01:00" testType="13cdc9d9-ddb5-4fa4-a97d-d965ccfc6d4b" outcome="Passed" testListId="8c84fa94-04c1-424b-9868-57a2d4851a1d" relativeResultsDirectory="43d30601-235b-45a6-a6c2-0c04e0cb4be5" />
    <UnitTestResult executionId="4cfd3a06-d83c-4185-b4ae-cefd624aa28c" testId="55f105d6-fc07-21db-e70a-db30ccdb0844" testName="ToIsNullOrAny_Passing_InvalidValue_Returns_True" computerName="PC-SFERRARI" duration="00:00:00.0057362" startTime="2021-05-07T11:43:38.1922208+01:00" endTime="2021-05-07T11:43:38.1981300+01:00" testType="13cdc9d9-ddb5-4fa4-a97d-d965ccfc6d4b" outcome="Passed" testListId="8c84fa94-04c1-424b-9868-57a2d4851a1d" relativeResultsDirectory="4cfd3a06-d83c-4185-b4ae-cefd624aa28c" />
    <UnitTestResult executionId="a074fe84-1832-44f3-80b0-eacddab35caa" testId="8a5cc6e0-e73e-2131-64bd-e73fc6c2a32e" testName="IsRange_Passing_InvalidArguments_Returns_HasErrorsAndCount" computerName="PC-SFERRARI" duration="00:00:00.0011450" startTime="2021-05-07T11:43:39.1377514+01:00" endTime="2021-05-07T11:43:39.1390926+01:00" testType="13cdc9d9-ddb5-4fa4-a97d-d965ccfc6d4b" outcome="Passed" testListId="8c84fa94-04c1-424b-9868-57a2d4851a1d" relativeResultsDirectory="a074fe84-1832-44f3-80b0-eacddab35caa" />
    <UnitTestResult executionId="6ee27fcc-ce7c-43a4-ad28-1a95e6a090f0" testId="a0fef65e-bc06-762d-4622-91d020572059" testName="ResultInternalServerError" computerName="PC-SFERRARI" duration="00:00:00.0005044" startTime="2021-05-07T11:43:39.2425126+01:00" endTime="2021-05-07T11:43:39.2431978+01:00" testType="13cdc9d9-ddb5-4fa4-a97d-d965ccfc6d4b" outcome="Passed" testListId="8c84fa94-04c1-424b-9868-57a2d4851a1d" relativeResultsDirectory="6ee27fcc-ce7c-43a4-ad28-1a95e6a090f0" />
    <UnitTestResult executionId="2b8bcb72-43ac-477b-9edf-b56d6a6f4968" testId="fbb73316-6f70-059a-1197-08f09a1221d6" testName="ResultDataUnauthorized" computerName="PC-SFERRARI" duration="00:00:00.0004562" startTime="2021-05-07T11:43:39.2565985+01:00" endTime="2021-05-07T11:43:39.2571820+01:00" testType="13cdc9d9-ddb5-4fa4-a97d-d965ccfc6d4b" outcome="Passed" testListId="8c84fa94-04c1-424b-9868-57a2d4851a1d" relativeResultsDirectory="2b8bcb72-43ac-477b-9edf-b56d6a6f4968" />
    <UnitTestResult executionId="1abe5f99-8ada-422b-a764-6b7250c4ef78" testId="b9a89fa2-355c-e886-bec5-28d3cf549be6" testName="IsUniqueChars_Passing_InvalidArguments_Returns_HasErrorsAndCount" computerName="PC-SFERRARI" duration="00:00:00.0031015" startTime="2021-05-07T11:43:39.1609123+01:00" endTime="2021-05-07T11:43:39.1641334+01:00" testType="13cdc9d9-ddb5-4fa4-a97d-d965ccfc6d4b" outcome="Passed" testListId="8c84fa94-04c1-424b-9868-57a2d4851a1d" relativeResultsDirectory="1abe5f99-8ada-422b-a764-6b7250c4ef78" />
    <UnitTestResult executionId="de0f52b2-1db7-4f0d-8840-5804ad8f5dcd" testId="a272f84c-2bd5-daa4-4afe-22346b802f86" testName="ToGet_Passing_Claims_Returns_Claim_Value_Object" computerName="PC-SFERRARI" duration="00:00:00.0138346" startTime="2021-05-07T11:43:38.3417814+01:00" endTime="2021-05-07T11:43:38.3557965+01:00" testType="13cdc9d9-ddb5-4fa4-a97d-d965ccfc6d4b" outcome="Passed" testListId="8c84fa94-04c1-424b-9868-57a2d4851a1d" relativeResultsDirectory="de0f52b2-1db7-4f0d-8840-5804ad8f5dcd" />
    <UnitTestResult executionId="cd5507c3-aa1d-4fb7-8db9-d663c3b13752" testId="3443f7f5-ee1a-f375-e5b1-f7ffa940c0db" testName="ToIsLastDayOfTheMonth_Passing_NotLastDayOfMonth_Returns_False" computerName="PC-SFERRARI" duration="00:00:00.0003291" startTime="2021-05-07T11:43:38.3899839+01:00" endTime="2021-05-07T11:43:38.3904213+01:00" testType="13cdc9d9-ddb5-4fa4-a97d-d965ccfc6d4b" outcome="Passed" testListId="8c84fa94-04c1-424b-9868-57a2d4851a1d" relativeResultsDirectory="cd5507c3-aa1d-4fb7-8db9-d663c3b13752" />
    <UnitTestResult executionId="47b9e7d9-5cb0-4095-9faa-b3d18279ad8a" testId="fb770b4f-f87b-13ad-88ac-a338dbbb0d57" testName="GetValues_Passing_Valid_Key_Returns_Values" computerName="PC-SFERRARI" duration="00:00:00.0003394" startTime="2021-05-07T11:43:38.4005593+01:00" endTime="2021-05-07T11:43:38.4009960+01:00" testType="13cdc9d9-ddb5-4fa4-a97d-d965ccfc6d4b" outcome="Passed" testListId="8c84fa94-04c1-424b-9868-57a2d4851a1d" relativeResultsDirectory="47b9e7d9-5cb0-4095-9faa-b3d18279ad8a" />
    <UnitTestResult executionId="d60ccf10-5f21-4617-a13b-90a35b4279eb" testId="33545399-79af-5e7f-5179-57fe5645f4be" testName="ToYesterday_Passing_DateTime_Returns_Yesterday_DateTime" computerName="PC-SFERRARI" duration="00:00:00.0002320" startTime="2021-05-07T11:43:38.3968335+01:00" endTime="2021-05-07T11:43:38.3971580+01:00" testType="13cdc9d9-ddb5-4fa4-a97d-d965ccfc6d4b" outcome="Passed" testListId="8c84fa94-04c1-424b-9868-57a2d4851a1d" relativeResultsDirectory="d60ccf10-5f21-4617-a13b-90a35b4279eb" />
    <UnitTestResult executionId="6e17960f-cb97-4f51-99f3-9b7f8f352607" testId="8a110a46-40a4-c9bb-083e-1c3fcb5b45b7" testName="ToCompress_Passing_Object_Bytes_Returns_Object" computerName="PC-SFERRARI" duration="00:00:00.0062069" startTime="2021-05-07T11:43:38.1835627+01:00" endTime="2021-05-07T11:43:38.1899802+01:00" testType="13cdc9d9-ddb5-4fa4-a97d-d965ccfc6d4b" outcome="Passed" testListId="8c84fa94-04c1-424b-9868-57a2d4851a1d" relativeResultsDirectory="6e17960f-cb97-4f51-99f3-9b7f8f352607" />
    <UnitTestResult executionId="94740254-4e45-41ac-8455-ecd01c6c9c50" testId="5c861184-f295-e727-0fd4-d218f13da14d" testName="ToConfiguration_Passing_Empty_DirectoryPath_Returns_ApplicationException" computerName="PC-SFERRARI" duration="00:00:00.0010194" startTime="2021-05-07T11:43:38.8457092+01:00" endTime="2021-05-07T11:43:38.8468400+01:00" testType="13cdc9d9-ddb5-4fa4-a97d-d965ccfc6d4b" outcome="Passed" testListId="8c84fa94-04c1-424b-9868-57a2d4851a1d" relativeResultsDirectory="94740254-4e45-41ac-8455-ecd01c6c9c50" />
    <UnitTestResult executionId="d4aecae7-d582-42a9-a894-76dcffbc29b3" testId="42ded375-26ee-044e-44a7-9eab5e4cd342" testName="ToReadOnly_Passing_Valid_Collection_Returns_Readonly_Collection" computerName="PC-SFERRARI" duration="00:00:00.0006236" startTime="2021-05-07T11:43:38.4051149+01:00" endTime="2021-05-07T11:43:38.4058055+01:00" testType="13cdc9d9-ddb5-4fa4-a97d-d965ccfc6d4b" outcome="Passed" testListId="8c84fa94-04c1-424b-9868-57a2d4851a1d" relativeResultsDirectory="d4aecae7-d582-42a9-a894-76dcffbc29b3" />
    <UnitTestResult executionId="7344de41-9824-47fe-98a1-cabd0ab5b9a8" testId="31126d50-f667-908c-85f3-09f9d9272df9" testName="ToEnvironment_Passing_Production_Enviroment_Returns_Production_Name" computerName="PC-SFERRARI" duration="00:00:00.0017168" startTime="2021-05-07T11:43:38.1246846+01:00" endTime="2021-05-07T11:43:38.1266423+01:00" testType="13cdc9d9-ddb5-4fa4-a97d-d965ccfc6d4b" outcome="Passed" testListId="8c84fa94-04c1-424b-9868-57a2d4851a1d" relativeResultsDirectory="7344de41-9824-47fe-98a1-cabd0ab5b9a8" />
    <UnitTestResult executionId="af81eee0-a1af-4da3-abee-d913f621ad45" testId="71a1897b-b713-c047-1c23-5efdff095b20" testName="ToMapUpdate_Passing_Destination_Object_Returns_Updated_Destination_Object" computerName="PC-SFERRARI" duration="00:00:00.0039382" startTime="2021-05-07T11:43:37.8078338+01:00" endTime="2021-05-07T11:43:37.8118939+01:00" testType="13cdc9d9-ddb5-4fa4-a97d-d965ccfc6d4b" outcome="Passed" testListId="8c84fa94-04c1-424b-9868-57a2d4851a1d" relativeResultsDirectory="af81eee0-a1af-4da3-abee-d913f621ad45" />
    <UnitTestResult executionId="e88d53d0-9dd1-418f-aed3-60e5bc8a1e93" testId="313cfb2c-8c3b-337b-12f8-296f8611376d" testName="ToConfigureOrDefault_Passing_ActionCustomValues_Returns_CustomValues" computerName="PC-SFERRARI" duration="00:00:00.0116146" startTime="2021-05-07T11:43:37.3897866+01:00" endTime="2021-05-07T11:43:37.4623133+01:00" testType="13cdc9d9-ddb5-4fa4-a97d-d965ccfc6d4b" outcome="Passed" testListId="8c84fa94-04c1-424b-9868-57a2d4851a1d" relativeResultsDirectory="e88d53d0-9dd1-418f-aed3-60e5bc8a1e93" />
    <UnitTestResult executionId="19c07df9-0da7-4f67-b670-43bf5fdfc710" testId="c63cd623-e636-5730-a1fa-b18ae782acc7" testName="ToInt_Passing_Enumeration_Name_Returns_Description_Atributte" computerName="PC-SFERRARI" duration="00:00:00.0009321" startTime="2021-05-07T11:43:38.4062703+01:00" endTime="2021-05-07T11:43:38.4072712+01:00" testType="13cdc9d9-ddb5-4fa4-a97d-d965ccfc6d4b" outcome="Passed" testListId="8c84fa94-04c1-424b-9868-57a2d4851a1d" relativeResultsDirectory="19c07df9-0da7-4f67-b670-43bf5fdfc710" />
    <UnitTestResult executionId="14596687-884d-4124-95c8-031bd1f1a595" testId="46df7735-43c3-1f8d-197a-cd21c82e5889" testName="IsHostname_Passing_ValidArguments_Returns_HasErrorsAndCount" computerName="PC-SFERRARI" duration="00:00:00.0001614" startTime="2021-05-07T11:43:39.1585916+01:00" endTime="2021-05-07T11:43:39.1588253+01:00" testType="13cdc9d9-ddb5-4fa4-a97d-d965ccfc6d4b" outcome="Passed" testListId="8c84fa94-04c1-424b-9868-57a2d4851a1d" relativeResultsDirectory="14596687-884d-4124-95c8-031bd1f1a595" />
    <UnitTestResult executionId="09dd21b0-32a7-41f9-852b-8ed6a7b3e9ef" testId="760ae14b-6c0d-0288-811d-408b67937415" testName="ToServiceMatchingInterface_Passing_Empties_Assemblies_Returns_ApplicationException" computerName="PC-SFERRARI" duration="00:00:00.0027715" startTime="2021-05-07T11:43:38.8150710+01:00" endTime="2021-05-07T11:43:38.8180128+01:00" testType="13cdc9d9-ddb5-4fa4-a97d-d965ccfc6d4b" outcome="Passed" testListId="8c84fa94-04c1-424b-9868-57a2d4851a1d" relativeResultsDirectory="09dd21b0-32a7-41f9-852b-8ed6a7b3e9ef" />
    <UnitTestResult executionId="e2744912-4c5e-4728-918d-b03337edc746" testId="18040ed3-941e-dd1e-cb8c-4d34d103f370" testName="ToIsWeekend_Passing_Saturday_DateTime_Returns_True" computerName="PC-SFERRARI" duration="00:00:00.0001464" startTime="2021-05-07T11:43:38.3887351+01:00" endTime="2021-05-07T11:43:38.3889954+01:00" testType="13cdc9d9-ddb5-4fa4-a97d-d965ccfc6d4b" outcome="Passed" testListId="8c84fa94-04c1-424b-9868-57a2d4851a1d" relativeResultsDirectory="e2744912-4c5e-4728-918d-b03337edc746" />
    <UnitTestResult executionId="2cf5d430-78ba-4bde-8048-45054d169fb8" testId="9064672f-1220-7bc0-f2b0-c66c74cccc5e" testName="ToConfiguration_Passing_Valid_DirectoryPath_Valid_JsonFileName_Returns_Ok" computerName="PC-SFERRARI" duration="00:00:00.0168542" startTime="2021-05-07T11:43:38.8485703+01:00" endTime="2021-05-07T11:43:38.8655358+01:00" testType="13cdc9d9-ddb5-4fa4-a97d-d965ccfc6d4b" outcome="Passed" testListId="8c84fa94-04c1-424b-9868-57a2d4851a1d" relativeResultsDirectory="2cf5d430-78ba-4bde-8048-45054d169fb8" />
    <UnitTestResult executionId="769d7630-99d0-4bcc-ba2e-ac232c13bb59" testId="e9b23f0c-0cde-4603-1739-ee642fd33c36" testName="ToSubdomain_Passing_HttpRequest_Host_Returns_Subdomain" computerName="PC-SFERRARI" duration="00:00:00.0027029" startTime="2021-05-07T11:43:38.5034794+01:00" endTime="2021-05-07T11:43:38.5063825+01:00" testType="13cdc9d9-ddb5-4fa4-a97d-d965ccfc6d4b" outcome="Passed" testListId="8c84fa94-04c1-424b-9868-57a2d4851a1d" relativeResultsDirectory="769d7630-99d0-4bcc-ba2e-ac232c13bb59" />
    <UnitTestResult executionId="7f2c8d58-8b40-4d2c-b99a-66f65766e779" testId="7c09a438-5465-f760-64b2-23d25fc199f5" testName="ToEnum_Passing_InvalidValueString_Returns_EnumCustomValue" computerName="PC-SFERRARI" duration="00:00:00.0001175" startTime="2021-05-07T11:43:38.9771517+01:00" endTime="2021-05-07T11:43:38.9773772+01:00" testType="13cdc9d9-ddb5-4fa4-a97d-d965ccfc6d4b" outcome="Passed" testListId="8c84fa94-04c1-424b-9868-57a2d4851a1d" relativeResultsDirectory="7f2c8d58-8b40-4d2c-b99a-66f65766e779" />
    <UnitTestResult executionId="9e088bad-2ac8-49e3-9346-a429f1820ce7" testId="bc6955b8-aec0-957c-bad4-853e5cfa19a1" testName="ToCount_Passing_ValidEnumType_Returns_Count" computerName="PC-SFERRARI" duration="00:00:00.0004886" startTime="2021-05-07T11:43:39.1741513+01:00" endTime="2021-05-07T11:43:39.1751129+01:00" testType="13cdc9d9-ddb5-4fa4-a97d-d965ccfc6d4b" outcome="Passed" testListId="8c84fa94-04c1-424b-9868-57a2d4851a1d" relativeResultsDirectory="9e088bad-2ac8-49e3-9346-a429f1820ce7" />
    <UnitTestResult executionId="d7e3478c-44da-4ab4-8796-8142e0b15506" testId="006d3c07-11d3-9f4b-c045-6799df52bbfb" testName="IsLowercase_Passing_ValidArguments_Returns_HasErrorsAndCount" computerName="PC-SFERRARI" duration="00:00:00.0001971" startTime="2021-05-07T11:43:39.1726294+01:00" endTime="2021-05-07T11:43:39.1729345+01:00" testType="13cdc9d9-ddb5-4fa4-a97d-d965ccfc6d4b" outcome="Passed" testListId="8c84fa94-04c1-424b-9868-57a2d4851a1d" relativeResultsDirectory="d7e3478c-44da-4ab4-8796-8142e0b15506" />
    <UnitTestResult executionId="1f1ea1c6-03a6-40d3-87dd-9814c2f38d13" testId="4a3afd90-c6ab-e82e-40d8-b40450680318" testName="IsHostname_Passing_InvalidArguments_Returns_HasErrorsAndCount" computerName="PC-SFERRARI" duration="00:00:00.0004462" startTime="2021-05-07T11:43:39.1580546+01:00" endTime="2021-05-07T11:43:39.1585723+01:00" testType="13cdc9d9-ddb5-4fa4-a97d-d965ccfc6d4b" outcome="Passed" testListId="8c84fa94-04c1-424b-9868-57a2d4851a1d" relativeResultsDirectory="1f1ea1c6-03a6-40d3-87dd-9814c2f38d13" />
    <UnitTestResult executionId="780c367d-b134-40dd-a7f9-26f52b95edde" testId="4184a91b-5297-4872-2a98-1ef97e124515" testName="ToGetAll_Passing_Claims_Returns_Claim_Value_String_List" computerName="PC-SFERRARI" duration="00:00:00.0039053" startTime="2021-05-07T11:43:38.3608633+01:00" endTime="2021-05-07T11:43:38.3686175+01:00" testType="13cdc9d9-ddb5-4fa4-a97d-d965ccfc6d4b" outcome="Passed" testListId="8c84fa94-04c1-424b-9868-57a2d4851a1d" relativeResultsDirectory="780c367d-b134-40dd-a7f9-26f52b95edde" />
    <UnitTestResult executionId="8256726a-fc9e-4446-919d-0432180b496c" testId="c180eeb5-df7f-187e-c74d-0f6d31acdec5" testName="ToUri_Passing_InvalidValueString_Returns_Null" computerName="PC-SFERRARI" duration="00:00:00.0009574" startTime="2021-05-07T11:43:39.0310252+01:00" endTime="2021-05-07T11:43:39.0321417+01:00" testType="13cdc9d9-ddb5-4fa4-a97d-d965ccfc6d4b" outcome="Passed" testListId="8c84fa94-04c1-424b-9868-57a2d4851a1d" relativeResultsDirectory="8256726a-fc9e-4446-919d-0432180b496c" resultType="DataDrivenTest">
      <InnerResults>
        <UnitTestResult executionId="9644844a-8cdc-4235-a2f1-3cbe7e3248a3" parentExecutionId="8256726a-fc9e-4446-919d-0432180b496c" testId="c180eeb5-df7f-187e-c74d-0f6d31acdec5" testName="ToUri_Passing_InvalidValueString_Returns_Null (http://?)" computerName="PC-SFERRARI" duration="00:00:00.0007728" startTime="2021-05-07T11:43:39.0310252+01:00" endTime="2021-05-07T11:43:39.0321417+01:00" testType="13cdc9d9-ddb5-4fa4-a97d-d965ccfc6d4b" outcome="Passed" testListId="8c84fa94-04c1-424b-9868-57a2d4851a1d" relativeResultsDirectory="9644844a-8cdc-4235-a2f1-3cbe7e3248a3" dataRowInfo="1" resultType="DataDrivenDataRow" />
        <UnitTestResult executionId="bb97c549-d684-4e5c-897a-4ee315232b0d" parentExecutionId="8256726a-fc9e-4446-919d-0432180b496c" testId="c180eeb5-df7f-187e-c74d-0f6d31acdec5" testName="ToUri_Passing_InvalidValueString_Returns_Null (http://)" computerName="PC-SFERRARI" duration="00:00:00.0000088" startTime="2021-05-07T11:43:39.0310252+01:00" endTime="2021-05-07T11:43:39.0321417+01:00" testType="13cdc9d9-ddb5-4fa4-a97d-d965ccfc6d4b" outcome="Passed" testListId="8c84fa94-04c1-424b-9868-57a2d4851a1d" relativeResultsDirectory="bb97c549-d684-4e5c-897a-4ee315232b0d" dataRowInfo="2" resultType="DataDrivenDataRow" />
        <UnitTestResult executionId="ac998ce1-2769-44bc-84da-bf7c8d83464c" parentExecutionId="8256726a-fc9e-4446-919d-0432180b496c" testId="c180eeb5-df7f-187e-c74d-0f6d31acdec5" testName="ToUri_Passing_InvalidValueString_Returns_Null (http://.)" computerName="PC-SFERRARI" duration="00:00:00.0000217" startTime="2021-05-07T11:43:39.0310252+01:00" endTime="2021-05-07T11:43:39.0321417+01:00" testType="13cdc9d9-ddb5-4fa4-a97d-d965ccfc6d4b" outcome="Passed" testListId="8c84fa94-04c1-424b-9868-57a2d4851a1d" relativeResultsDirectory="ac998ce1-2769-44bc-84da-bf7c8d83464c" dataRowInfo="3" resultType="DataDrivenDataRow" />
        <UnitTestResult executionId="f5edcd7d-06fd-47b6-9953-13331b416eeb" parentExecutionId="8256726a-fc9e-4446-919d-0432180b496c" testId="c180eeb5-df7f-187e-c74d-0f6d31acdec5" testName="ToUri_Passing_InvalidValueString_Returns_Null (http://..)" computerName="PC-SFERRARI" duration="00:00:00.0000041" startTime="2021-05-07T11:43:39.0310252+01:00" endTime="2021-05-07T11:43:39.0321417+01:00" testType="13cdc9d9-ddb5-4fa4-a97d-d965ccfc6d4b" outcome="Passed" testListId="8c84fa94-04c1-424b-9868-57a2d4851a1d" relativeResultsDirectory="f5edcd7d-06fd-47b6-9953-13331b416eeb" dataRowInfo="4" resultType="DataDrivenDataRow" />
        <UnitTestResult executionId="53e6ff73-5c0f-445f-b418-7084086439cf" parentExecutionId="8256726a-fc9e-4446-919d-0432180b496c" testId="c180eeb5-df7f-187e-c74d-0f6d31acdec5" testName="ToUri_Passing_InvalidValueString_Returns_Null (http://../)" computerName="PC-SFERRARI" duration="00:00:00.0000030" startTime="2021-05-07T11:43:39.0310252+01:00" endTime="2021-05-07T11:43:39.0321417+01:00" testType="13cdc9d9-ddb5-4fa4-a97d-d965ccfc6d4b" outcome="Passed" testListId="8c84fa94-04c1-424b-9868-57a2d4851a1d" relativeResultsDirectory="53e6ff73-5c0f-445f-b418-7084086439cf" dataRowInfo="5" resultType="DataDrivenDataRow" />
        <UnitTestResult executionId="5a5cb708-1932-48f0-82f8-03932becca84" parentExecutionId="8256726a-fc9e-4446-919d-0432180b496c" testId="c180eeb5-df7f-187e-c74d-0f6d31acdec5" testName="ToUri_Passing_InvalidValueString_Returns_Null (http://?)" computerName="PC-SFERRARI" duration="00:00:00.0000027" startTime="2021-05-07T11:43:39.0310252+01:00" endTime="2021-05-07T11:43:39.0321417+01:00" testType="13cdc9d9-ddb5-4fa4-a97d-d965ccfc6d4b" outcome="Passed" testListId="8c84fa94-04c1-424b-9868-57a2d4851a1d" relativeResultsDirectory="5a5cb708-1932-48f0-82f8-03932becca84" dataRowInfo="6" resultType="DataDrivenDataRow" />
        <UnitTestResult executionId="86e31cb5-f7f9-4072-b8cd-801d1c11c6ce" parentExecutionId="8256726a-fc9e-4446-919d-0432180b496c" testId="c180eeb5-df7f-187e-c74d-0f6d31acdec5" testName="ToUri_Passing_InvalidValueString_Returns_Null (http://??)" computerName="PC-SFERRARI" duration="00:00:00.0000026" startTime="2021-05-07T11:43:39.0310252+01:00" endTime="2021-05-07T11:43:39.0321417+01:00" testType="13cdc9d9-ddb5-4fa4-a97d-d965ccfc6d4b" outcome="Passed" testListId="8c84fa94-04c1-424b-9868-57a2d4851a1d" relativeResultsDirectory="86e31cb5-f7f9-4072-b8cd-801d1c11c6ce" dataRowInfo="7" resultType="DataDrivenDataRow" />
        <UnitTestResult executionId="1f56db5a-360f-4f22-91b4-e4803a648b85" parentExecutionId="8256726a-fc9e-4446-919d-0432180b496c" testId="c180eeb5-df7f-187e-c74d-0f6d31acdec5" testName="ToUri_Passing_InvalidValueString_Returns_Null (http://??/)" computerName="PC-SFERRARI" duration="00:00:00.0000026" startTime="2021-05-07T11:43:39.0310252+01:00" endTime="2021-05-07T11:43:39.0321417+01:00" testType="13cdc9d9-ddb5-4fa4-a97d-d965ccfc6d4b" outcome="Passed" testListId="8c84fa94-04c1-424b-9868-57a2d4851a1d" relativeResultsDirectory="1f56db5a-360f-4f22-91b4-e4803a648b85" dataRowInfo="8" resultType="DataDrivenDataRow" />
        <UnitTestResult executionId="892f311c-77d5-40e6-a9b2-37e3004191c8" parentExecutionId="8256726a-fc9e-4446-919d-0432180b496c" testId="c180eeb5-df7f-187e-c74d-0f6d31acdec5" testName="ToUri_Passing_InvalidValueString_Returns_Null (http://#)" computerName="PC-SFERRARI" duration="00:00:00.0000027" startTime="2021-05-07T11:43:39.0310252+01:00" endTime="2021-05-07T11:43:39.0321417+01:00" testType="13cdc9d9-ddb5-4fa4-a97d-d965ccfc6d4b" outcome="Passed" testListId="8c84fa94-04c1-424b-9868-57a2d4851a1d" relativeResultsDirectory="892f311c-77d5-40e6-a9b2-37e3004191c8" dataRowInfo="9" resultType="DataDrivenDataRow" />
        <UnitTestResult executionId="e7d58e5c-0563-420f-b52f-421687f5e30d" parentExecutionId="8256726a-fc9e-4446-919d-0432180b496c" testId="c180eeb5-df7f-187e-c74d-0f6d31acdec5" testName="ToUri_Passing_InvalidValueString_Returns_Null (http://##)" computerName="PC-SFERRARI" duration="00:00:00.0000026" startTime="2021-05-07T11:43:39.0310252+01:00" endTime="2021-05-07T11:43:39.0321417+01:00" testType="13cdc9d9-ddb5-4fa4-a97d-d965ccfc6d4b" outcome="Passed" testListId="8c84fa94-04c1-424b-9868-57a2d4851a1d" relativeResultsDirectory="e7d58e5c-0563-420f-b52f-421687f5e30d" dataRowInfo="10" resultType="DataDrivenDataRow" />
        <UnitTestResult executionId="462d0310-4af0-456d-b875-cbcfb50cef4f" parentExecutionId="8256726a-fc9e-4446-919d-0432180b496c" testId="c180eeb5-df7f-187e-c74d-0f6d31acdec5" testName="ToUri_Passing_InvalidValueString_Returns_Null (http://##/)" computerName="PC-SFERRARI" duration="00:00:00.0000031" startTime="2021-05-07T11:43:39.0310252+01:00" endTime="2021-05-07T11:43:39.0321417+01:00" testType="13cdc9d9-ddb5-4fa4-a97d-d965ccfc6d4b" outcome="Passed" testListId="8c84fa94-04c1-424b-9868-57a2d4851a1d" relativeResultsDirectory="462d0310-4af0-456d-b875-cbcfb50cef4f" dataRowInfo="11" resultType="DataDrivenDataRow" />
      </InnerResults>
    </UnitTestResult>
    <UnitTestResult executionId="5add1dc9-2dc2-4f17-b4d9-0d62f40ebaa8" testId="9b5f9705-0df5-3b21-5e23-e11b68721fd4" testName="ToThrow_Passing_InvalidValue_Returns_ApplicationExceptionWithMessage" computerName="PC-SFERRARI" duration="00:00:00.0006018" startTime="2021-05-07T11:43:38.2425403+01:00" endTime="2021-05-07T11:43:38.2433176+01:00" testType="13cdc9d9-ddb5-4fa4-a97d-d965ccfc6d4b" outcome="Passed" testListId="8c84fa94-04c1-424b-9868-57a2d4851a1d" relativeResultsDirectory="5add1dc9-2dc2-4f17-b4d9-0d62f40ebaa8" />
    <UnitTestResult executionId="3384f4b4-6dbb-45cc-89a4-dcef16ff794d" testId="8fbac209-421a-f9fa-c5fe-97403aedb24e" testName="ToIsNullOrAnyThrow_Passing_InvalidValue_Returns_ApplicationExceptionWithMessage" computerName="PC-SFERRARI" duration="00:00:00.0035530" startTime="2021-05-07T11:43:38.1981854+01:00" endTime="2021-05-07T11:43:38.2019159+01:00" testType="13cdc9d9-ddb5-4fa4-a97d-d965ccfc6d4b" outcome="Passed" testListId="8c84fa94-04c1-424b-9868-57a2d4851a1d" relativeResultsDirectory="3384f4b4-6dbb-45cc-89a4-dcef16ff794d" />
    <UnitTestResult executionId="28545510-debb-4089-b1a2-eeabec2a39fb" testId="4e1a5879-f3c8-4fdb-51d0-c4cf0a35e0bf" testName="ToInt_Passing_Enumeration_Name_Returns_Value" computerName="PC-SFERRARI" duration="00:00:00.0002483" startTime="2021-05-07T11:43:38.4058258+01:00" endTime="2021-05-07T11:43:38.4062514+01:00" testType="13cdc9d9-ddb5-4fa4-a97d-d965ccfc6d4b" outcome="Passed" testListId="8c84fa94-04c1-424b-9868-57a2d4851a1d" relativeResultsDirectory="28545510-debb-4089-b1a2-eeabec2a39fb" />
    <UnitTestResult executionId="4fe6a362-eaea-491e-bf8a-0c19ae09a2fe" testId="57d3cdd8-8268-9aa3-6f39-3cc0224b305c" testName="ToExists_Passing_Claims_Returns_True" computerName="PC-SFERRARI" duration="00:00:00.0013949" startTime="2021-05-07T11:43:38.3326396+01:00" endTime="2021-05-07T11:43:38.3342178+01:00" testType="13cdc9d9-ddb5-4fa4-a97d-d965ccfc6d4b" outcome="Passed" testListId="8c84fa94-04c1-424b-9868-57a2d4851a1d" relativeResultsDirectory="4fe6a362-eaea-491e-bf8a-0c19ae09a2fe" />
    <UnitTestResult executionId="ea599d92-d757-4494-b08f-fe2f2f00b71e" testId="1064d8aa-5d0e-6bf5-83ee-952a4d1fd93b" testName="ToEnum_Passing_InvalidValueInt_Returns_EnumCustomValue" computerName="PC-SFERRARI" duration="00:00:00.0001126" startTime="2021-05-07T11:43:38.9781139+01:00" endTime="2021-05-07T11:43:38.9783320+01:00" testType="13cdc9d9-ddb5-4fa4-a97d-d965ccfc6d4b" outcome="Passed" testListId="8c84fa94-04c1-424b-9868-57a2d4851a1d" relativeResultsDirectory="ea599d92-d757-4494-b08f-fe2f2f00b71e" />
    <UnitTestResult executionId="fda451a0-0815-409c-8911-302d3a4b6148" testId="1f6423c7-4317-6f5b-c112-f4c9c7e822af" testName="ToEmailMaskUserNameAndDomainAndExtension_Passing_ValidEmail_Returns_EmailWithMask" computerName="PC-SFERRARI" duration="00:00:00.0006905" startTime="2021-05-07T11:43:38.9982730+01:00" endTime="2021-05-07T11:43:38.9991710+01:00" testType="13cdc9d9-ddb5-4fa4-a97d-d965ccfc6d4b" outcome="Passed" testListId="8c84fa94-04c1-424b-9868-57a2d4851a1d" relativeResultsDirectory="fda451a0-0815-409c-8911-302d3a4b6148" resultType="DataDrivenTest">
      <InnerResults>
        <UnitTestResult executionId="849e13e6-e91d-42f0-aae2-76cb599ca4e9" parentExecutionId="fda451a0-0815-409c-8911-302d3a4b6148" testId="1f6423c7-4317-6f5b-c112-f4c9c7e822af" testName="ToEmailMaskUserNameAndDomainAndExtension_Passing_ValidEmail_Returns_EmailWithMask (qaz@gmail.com,q*z@g***l.c*m)" computerName="PC-SFERRARI" duration="00:00:00.0003695" startTime="2021-05-07T11:43:38.9982730+01:00" endTime="2021-05-07T11:43:38.9991710+01:00" testType="13cdc9d9-ddb5-4fa4-a97d-d965ccfc6d4b" outcome="Passed" testListId="8c84fa94-04c1-424b-9868-57a2d4851a1d" relativeResultsDirectory="849e13e6-e91d-42f0-aae2-76cb599ca4e9" dataRowInfo="1" resultType="DataDrivenDataRow" />
        <UnitTestResult executionId="a1eadbb0-5981-471a-a60b-0e2a9bbbecfb" parentExecutionId="fda451a0-0815-409c-8911-302d3a4b6148" testId="1f6423c7-4317-6f5b-c112-f4c9c7e822af" testName="ToEmailMaskUserNameAndDomainAndExtension_Passing_ValidEmail_Returns_EmailWithMask (qazwsx@gmail.com,q****x@g***l.c*m)" computerName="PC-SFERRARI" duration="00:00:00.0000286" startTime="2021-05-07T11:43:38.9982730+01:00" endTime="2021-05-07T11:43:38.9991710+01:00" testType="13cdc9d9-ddb5-4fa4-a97d-d965ccfc6d4b" outcome="Passed" testListId="8c84fa94-04c1-424b-9868-57a2d4851a1d" relativeResultsDirectory="a1eadbb0-5981-471a-a60b-0e2a9bbbecfb" dataRowInfo="2" resultType="DataDrivenDataRow" />
        <UnitTestResult executionId="271b4932-c5ab-4557-8b81-dad9b0906ccc" parentExecutionId="fda451a0-0815-409c-8911-302d3a4b6148" testId="1f6423c7-4317-6f5b-c112-f4c9c7e822af" testName="ToEmailMaskUserNameAndDomainAndExtension_Passing_ValidEmail_Returns_EmailWithMask (qazwsxedc@gmail.com,q*******c@g***l.c*m)" computerName="PC-SFERRARI" duration="00:00:00.0000292" startTime="2021-05-07T11:43:38.9982730+01:00" endTime="2021-05-07T11:43:38.9991710+01:00" testType="13cdc9d9-ddb5-4fa4-a97d-d965ccfc6d4b" outcome="Passed" testListId="8c84fa94-04c1-424b-9868-57a2d4851a1d" relativeResultsDirectory="271b4932-c5ab-4557-8b81-dad9b0906ccc" dataRowInfo="3" resultType="DataDrivenDataRow" />
        <UnitTestResult executionId="0ea1d8ee-1a46-4f47-875f-3bbb5c6f566c" parentExecutionId="fda451a0-0815-409c-8911-302d3a4b6148" testId="1f6423c7-4317-6f5b-c112-f4c9c7e822af" testName="ToEmailMaskUserNameAndDomainAndExtension_Passing_ValidEmail_Returns_EmailWithMask (qaz@gmailgmail.com,q*z@g********l.c*m)" computerName="PC-SFERRARI" duration="00:00:00.0000245" startTime="2021-05-07T11:43:38.9982730+01:00" endTime="2021-05-07T11:43:38.9991710+01:00" testType="13cdc9d9-ddb5-4fa4-a97d-d965ccfc6d4b" outcome="Passed" testListId="8c84fa94-04c1-424b-9868-57a2d4851a1d" relativeResultsDirectory="0ea1d8ee-1a46-4f47-875f-3bbb5c6f566c" dataRowInfo="4" resultType="DataDrivenDataRow" />
        <UnitTestResult executionId="fbb4fcfb-69df-47b3-89c2-88a874b43372" parentExecutionId="fda451a0-0815-409c-8911-302d3a4b6148" testId="1f6423c7-4317-6f5b-c112-f4c9c7e822af" testName="ToEmailMaskUserNameAndDomainAndExtension_Passing_ValidEmail_Returns_EmailWithMask (qazwsx@gmailgmail.com,q****x@g********l.c*m)" computerName="PC-SFERRARI" duration="00:00:00.0000322" startTime="2021-05-07T11:43:38.9982730+01:00" endTime="2021-05-07T11:43:38.9991710+01:00" testType="13cdc9d9-ddb5-4fa4-a97d-d965ccfc6d4b" outcome="Passed" testListId="8c84fa94-04c1-424b-9868-57a2d4851a1d" relativeResultsDirectory="fbb4fcfb-69df-47b3-89c2-88a874b43372" dataRowInfo="5" resultType="DataDrivenDataRow" />
        <UnitTestResult executionId="a7a8272a-e20f-44f3-a6fc-f21093a028e8" parentExecutionId="fda451a0-0815-409c-8911-302d3a4b6148" testId="1f6423c7-4317-6f5b-c112-f4c9c7e822af" testName="ToEmailMaskUserNameAndDomainAndExtension_Passing_ValidEmail_Returns_EmailWithMask (qazwsxedc@gmailgmail.com,q*******c@g********l.c*m)" computerName="PC-SFERRARI" duration="00:00:00.0000337" startTime="2021-05-07T11:43:38.9982730+01:00" endTime="2021-05-07T11:43:38.9991710+01:00" testType="13cdc9d9-ddb5-4fa4-a97d-d965ccfc6d4b" outcome="Passed" testListId="8c84fa94-04c1-424b-9868-57a2d4851a1d" relativeResultsDirectory="a7a8272a-e20f-44f3-a6fc-f21093a028e8" dataRowInfo="6" resultType="DataDrivenDataRow" />
      </InnerResults>
    </UnitTestResult>
    <UnitTestResult executionId="d8012ed0-403c-4aac-987b-e16a379fcebc" testId="e93b141b-fdfd-0f98-21e5-3eb211b6e88b" testName="ToDefaultValue_Passing_long_Returns_Cero" computerName="PC-SFERRARI" duration="00:00:00.0003354" startTime="2021-05-07T11:43:38.4300161+01:00" endTime="2021-05-07T11:43:38.4304405+01:00" testType="13cdc9d9-ddb5-4fa4-a97d-d965ccfc6d4b" outcome="Passed" testListId="8c84fa94-04c1-424b-9868-57a2d4851a1d" relativeResultsDirectory="d8012ed0-403c-4aac-987b-e16a379fcebc" resultType="DataDrivenTest">
      <InnerResults>
        <UnitTestResult executionId="b6004010-2078-4a61-87e3-93b98f8d3bf0" parentExecutionId="d8012ed0-403c-4aac-987b-e16a379fcebc" testId="e93b141b-fdfd-0f98-21e5-3eb211b6e88b" testName="ToDefaultValue_Passing_long_Returns_Cero (9223372036854775807)" computerName="PC-SFERRARI" duration="00:00:00.0002604" startTime="2021-05-07T11:43:38.4300161+01:00" endTime="2021-05-07T11:43:38.4304405+01:00" testType="13cdc9d9-ddb5-4fa4-a97d-d965ccfc6d4b" outcome="Passed" testListId="8c84fa94-04c1-424b-9868-57a2d4851a1d" relativeResultsDirectory="b6004010-2078-4a61-87e3-93b98f8d3bf0" dataRowInfo="1" resultType="DataDrivenDataRow" />
      </InnerResults>
    </UnitTestResult>
    <UnitTestResult executionId="a29992dc-646b-4f83-a117-57718cef5db6" testId="1237bc5f-42ea-8c7f-8602-051620acda95" testName="ToEmailMaskUserName_Passing_ValidEmail_Returns_EmailWithMask" computerName="PC-SFERRARI" duration="00:00:00.0011058" startTime="2021-05-07T11:43:38.9843365+01:00" endTime="2021-05-07T11:43:38.9855674+01:00" testType="13cdc9d9-ddb5-4fa4-a97d-d965ccfc6d4b" outcome="Passed" testListId="8c84fa94-04c1-424b-9868-57a2d4851a1d" relativeResultsDirectory="a29992dc-646b-4f83-a117-57718cef5db6" resultType="DataDrivenTest">
      <InnerResults>
        <UnitTestResult executionId="2c83feae-51d5-4157-8b42-64403b4f2665" parentExecutionId="a29992dc-646b-4f83-a117-57718cef5db6" testId="1237bc5f-42ea-8c7f-8602-051620acda95" testName="ToEmailMaskUserName_Passing_ValidEmail_Returns_EmailWithMask (qaz@gmail.com,q*z@gmail.com)" computerName="PC-SFERRARI" duration="00:00:00.0007903" startTime="2021-05-07T11:43:38.9843365+01:00" endTime="2021-05-07T11:43:38.9855674+01:00" testType="13cdc9d9-ddb5-4fa4-a97d-d965ccfc6d4b" outcome="Passed" testListId="8c84fa94-04c1-424b-9868-57a2d4851a1d" relativeResultsDirectory="2c83feae-51d5-4157-8b42-64403b4f2665" dataRowInfo="1" resultType="DataDrivenDataRow" />
        <UnitTestResult executionId="d3241158-c7f1-4421-b102-86eb1d3a159f" parentExecutionId="a29992dc-646b-4f83-a117-57718cef5db6" testId="1237bc5f-42ea-8c7f-8602-051620acda95" testName="ToEmailMaskUserName_Passing_ValidEmail_Returns_EmailWithMask (qazwsx@gmail.com,q****x@gmail.com)" computerName="PC-SFERRARI" duration="00:00:00.0000424" startTime="2021-05-07T11:43:38.9843365+01:00" endTime="2021-05-07T11:43:38.9855674+01:00" testType="13cdc9d9-ddb5-4fa4-a97d-d965ccfc6d4b" outcome="Passed" testListId="8c84fa94-04c1-424b-9868-57a2d4851a1d" relativeResultsDirectory="d3241158-c7f1-4421-b102-86eb1d3a159f" dataRowInfo="2" resultType="DataDrivenDataRow" />
        <UnitTestResult executionId="eb4ef88f-84e0-41d0-a528-115adae3ec9e" parentExecutionId="a29992dc-646b-4f83-a117-57718cef5db6" testId="1237bc5f-42ea-8c7f-8602-051620acda95" testName="ToEmailMaskUserName_Passing_ValidEmail_Returns_EmailWithMask (qazwsxedc@gmail.com,q*******c@gmail.com)" computerName="PC-SFERRARI" duration="00:00:00.0000249" startTime="2021-05-07T11:43:38.9843365+01:00" endTime="2021-05-07T11:43:38.9855674+01:00" testType="13cdc9d9-ddb5-4fa4-a97d-d965ccfc6d4b" outcome="Passed" testListId="8c84fa94-04c1-424b-9868-57a2d4851a1d" relativeResultsDirectory="eb4ef88f-84e0-41d0-a528-115adae3ec9e" dataRowInfo="3" resultType="DataDrivenDataRow" />
        <UnitTestResult executionId="b8b5172b-f987-4238-95ff-0d41a98fc1e6" parentExecutionId="a29992dc-646b-4f83-a117-57718cef5db6" testId="1237bc5f-42ea-8c7f-8602-051620acda95" testName="ToEmailMaskUserName_Passing_ValidEmail_Returns_EmailWithMask (qaz@gmailgmail.com,q*z@gmailgmail.com)" computerName="PC-SFERRARI" duration="00:00:00.0000441" startTime="2021-05-07T11:43:38.9843365+01:00" endTime="2021-05-07T11:43:38.9855674+01:00" testType="13cdc9d9-ddb5-4fa4-a97d-d965ccfc6d4b" outcome="Passed" testListId="8c84fa94-04c1-424b-9868-57a2d4851a1d" relativeResultsDirectory="b8b5172b-f987-4238-95ff-0d41a98fc1e6" dataRowInfo="4" resultType="DataDrivenDataRow" />
        <UnitTestResult executionId="99669771-1a0d-4c95-9cad-c9477ae6a52b" parentExecutionId="a29992dc-646b-4f83-a117-57718cef5db6" testId="1237bc5f-42ea-8c7f-8602-051620acda95" testName="ToEmailMaskUserName_Passing_ValidEmail_Returns_EmailWithMask (qazwsx@gmailgmail.com,q****x@gmailgmail.com)" computerName="PC-SFERRARI" duration="00:00:00.0000395" startTime="2021-05-07T11:43:38.9843365+01:00" endTime="2021-05-07T11:43:38.9855674+01:00" testType="13cdc9d9-ddb5-4fa4-a97d-d965ccfc6d4b" outcome="Passed" testListId="8c84fa94-04c1-424b-9868-57a2d4851a1d" relativeResultsDirectory="99669771-1a0d-4c95-9cad-c9477ae6a52b" dataRowInfo="5" resultType="DataDrivenDataRow" />
        <UnitTestResult executionId="16f4425f-19ef-408f-b0ca-c361fdbe1e71" parentExecutionId="a29992dc-646b-4f83-a117-57718cef5db6" testId="1237bc5f-42ea-8c7f-8602-051620acda95" testName="ToEmailMaskUserName_Passing_ValidEmail_Returns_EmailWithMask (qazwsxedc@gmailgmail.com,q*******c@gmailgmail.com)" computerName="PC-SFERRARI" duration="00:00:00.0000404" startTime="2021-05-07T11:43:38.9843365+01:00" endTime="2021-05-07T11:43:38.9855674+01:00" testType="13cdc9d9-ddb5-4fa4-a97d-d965ccfc6d4b" outcome="Passed" testListId="8c84fa94-04c1-424b-9868-57a2d4851a1d" relativeResultsDirectory="16f4425f-19ef-408f-b0ca-c361fdbe1e71" dataRowInfo="6" resultType="DataDrivenDataRow" />
      </InnerResults>
    </UnitTestResult>
    <UnitTestResult executionId="46d25665-2771-43f8-8ff9-8c352db26ce7" testId="0b1e4893-9444-2235-b7fa-3782f9932212" testName="ToService_Passing_Valid_Service_Returns_Service" computerName="PC-SFERRARI" duration="00:00:00.0005408" startTime="2021-05-07T11:43:38.8143705+01:00" endTime="2021-05-07T11:43:38.8150206+01:00" testType="13cdc9d9-ddb5-4fa4-a97d-d965ccfc6d4b" outcome="Passed" testListId="8c84fa94-04c1-424b-9868-57a2d4851a1d" relativeResultsDirectory="46d25665-2771-43f8-8ff9-8c352db26ce7" />
    <UnitTestResult executionId="19c4d6f6-6c9b-485e-8929-8f897679508f" testId="725d136c-3e7a-6e51-fc61-03203ffec0b5" testName="IsSubdomain_Passing_ValidArguments_Returns_HasErrorsAndCount" computerName="PC-SFERRARI" duration="00:00:00.0001560" startTime="2021-05-07T11:43:39.1551965+01:00" endTime="2021-05-07T11:43:39.1554332+01:00" testType="13cdc9d9-ddb5-4fa4-a97d-d965ccfc6d4b" outcome="Passed" testListId="8c84fa94-04c1-424b-9868-57a2d4851a1d" relativeResultsDirectory="19c4d6f6-6c9b-485e-8929-8f897679508f" />
    <UnitTestResult executionId="acaca2ba-e97c-44a9-95eb-50e41f82b9b2" testId="86b92527-4d52-052b-63ae-d9a8aa694919" testName="ToSettings_Passing_Values_From_Memory_Returns_Settings" computerName="PC-SFERRARI" duration="00:00:00.0009703" startTime="2021-05-07T11:43:38.9101715+01:00" endTime="2021-05-07T11:43:38.9112552+01:00" testType="13cdc9d9-ddb5-4fa4-a97d-d965ccfc6d4b" outcome="Passed" testListId="8c84fa94-04c1-424b-9868-57a2d4851a1d" relativeResultsDirectory="acaca2ba-e97c-44a9-95eb-50e41f82b9b2" />
    <UnitTestResult executionId="5ad9d214-6315-4e08-b2ba-96216cb94337" testId="1c5de28c-f1b3-c94d-8e43-201eab8c2ff8" testName="ToEnvironment_Passing_Development_Enviroment_Returns_Development_Name" computerName="PC-SFERRARI" duration="00:00:00.1621235" startTime="2021-05-07T11:43:37.8712175+01:00" endTime="2021-05-07T11:43:38.0336636+01:00" testType="13cdc9d9-ddb5-4fa4-a97d-d965ccfc6d4b" outcome="Passed" testListId="8c84fa94-04c1-424b-9868-57a2d4851a1d" relativeResultsDirectory="5ad9d214-6315-4e08-b2ba-96216cb94337" />
    <UnitTestResult executionId="81e8d18c-fcd4-4245-986f-2c22a8b93119" testId="bb347f18-44ab-0d77-d5bd-a671e4c37650" testName="ToRemove_Passing_ValidValue_Returns_ValueWithoutRemovedChars" computerName="PC-SFERRARI" duration="00:00:00.0008003" startTime="2021-05-07T11:43:38.9112966+01:00" endTime="2021-05-07T11:43:38.9124768+01:00" testType="13cdc9d9-ddb5-4fa4-a97d-d965ccfc6d4b" outcome="Passed" testListId="8c84fa94-04c1-424b-9868-57a2d4851a1d" relativeResultsDirectory="81e8d18c-fcd4-4245-986f-2c22a8b93119" resultType="DataDrivenTest">
      <InnerResults>
        <UnitTestResult executionId="cdb9a924-3428-4896-8300-870e800fc510" parentExecutionId="81e8d18c-fcd4-4245-986f-2c22a8b93119" testId="bb347f18-44ab-0d77-d5bd-a671e4c37650" testName="ToRemove_Passing_ValidValue_Returns_ValueWithoutRemovedChars ( *, ,*)" computerName="PC-SFERRARI" duration="00:00:00.0005700" startTime="2021-05-07T11:43:38.9112966+01:00" endTime="2021-05-07T11:43:38.9124768+01:00" testType="13cdc9d9-ddb5-4fa4-a97d-d965ccfc6d4b" outcome="Passed" testListId="8c84fa94-04c1-424b-9868-57a2d4851a1d" relativeResultsDirectory="cdb9a924-3428-4896-8300-870e800fc510" dataRowInfo="1" resultType="DataDrivenDataRow" />
        <UnitTestResult executionId="7dc9517a-03f6-4803-aa88-4fa9baebee5e" parentExecutionId="81e8d18c-fcd4-4245-986f-2c22a8b93119" testId="bb347f18-44ab-0d77-d5bd-a671e4c37650" testName="ToRemove_Passing_ValidValue_Returns_ValueWithoutRemovedChars (* , ,*)" computerName="PC-SFERRARI" duration="00:00:00.0000089" startTime="2021-05-07T11:43:38.9112966+01:00" endTime="2021-05-07T11:43:38.9124768+01:00" testType="13cdc9d9-ddb5-4fa4-a97d-d965ccfc6d4b" outcome="Passed" testListId="8c84fa94-04c1-424b-9868-57a2d4851a1d" relativeResultsDirectory="7dc9517a-03f6-4803-aa88-4fa9baebee5e" dataRowInfo="2" resultType="DataDrivenDataRow" />
        <UnitTestResult executionId="384cba5d-c4de-463d-bbec-05ff88250674" parentExecutionId="81e8d18c-fcd4-4245-986f-2c22a8b93119" testId="bb347f18-44ab-0d77-d5bd-a671e4c37650" testName="ToRemove_Passing_ValidValue_Returns_ValueWithoutRemovedChars ( * , ,*)" computerName="PC-SFERRARI" duration="00:00:00.0000064" startTime="2021-05-07T11:43:38.9112966+01:00" endTime="2021-05-07T11:43:38.9124768+01:00" testType="13cdc9d9-ddb5-4fa4-a97d-d965ccfc6d4b" outcome="Passed" testListId="8c84fa94-04c1-424b-9868-57a2d4851a1d" relativeResultsDirectory="384cba5d-c4de-463d-bbec-05ff88250674" dataRowInfo="3" resultType="DataDrivenDataRow" />
        <UnitTestResult executionId="aead16b2-e545-436b-aa6d-85f9dea618c8" parentExecutionId="81e8d18c-fcd4-4245-986f-2c22a8b93119" testId="bb347f18-44ab-0d77-d5bd-a671e4c37650" testName="ToRemove_Passing_ValidValue_Returns_ValueWithoutRemovedChars (hello hello, ,hellohello)" computerName="PC-SFERRARI" duration="00:00:00.0000057" startTime="2021-05-07T11:43:38.9112966+01:00" endTime="2021-05-07T11:43:38.9124768+01:00" testType="13cdc9d9-ddb5-4fa4-a97d-d965ccfc6d4b" outcome="Passed" testListId="8c84fa94-04c1-424b-9868-57a2d4851a1d" relativeResultsDirectory="aead16b2-e545-436b-aa6d-85f9dea618c8" dataRowInfo="4" resultType="DataDrivenDataRow" />
        <UnitTestResult executionId="1e96421e-7ad0-4b1d-af44-a57f2638b2b5" parentExecutionId="81e8d18c-fcd4-4245-986f-2c22a8b93119" testId="bb347f18-44ab-0d77-d5bd-a671e4c37650" testName="ToRemove_Passing_ValidValue_Returns_ValueWithoutRemovedChars (hello hello , ,hellohello)" computerName="PC-SFERRARI" duration="00:00:00.0000053" startTime="2021-05-07T11:43:38.9112966+01:00" endTime="2021-05-07T11:43:38.9124768+01:00" testType="13cdc9d9-ddb5-4fa4-a97d-d965ccfc6d4b" outcome="Passed" testListId="8c84fa94-04c1-424b-9868-57a2d4851a1d" relativeResultsDirectory="1e96421e-7ad0-4b1d-af44-a57f2638b2b5" dataRowInfo="5" resultType="DataDrivenDataRow" />
        <UnitTestResult executionId="1e9a4439-1573-4cad-84fe-f1859122664a" parentExecutionId="81e8d18c-fcd4-4245-986f-2c22a8b93119" testId="bb347f18-44ab-0d77-d5bd-a671e4c37650" testName="ToRemove_Passing_ValidValue_Returns_ValueWithoutRemovedChars ( hello hello , ,hellohello)" computerName="PC-SFERRARI" duration="00:00:00.0000054" startTime="2021-05-07T11:43:38.9112966+01:00" endTime="2021-05-07T11:43:38.9124768+01:00" testType="13cdc9d9-ddb5-4fa4-a97d-d965ccfc6d4b" outcome="Passed" testListId="8c84fa94-04c1-424b-9868-57a2d4851a1d" relativeResultsDirectory="1e9a4439-1573-4cad-84fe-f1859122664a" dataRowInfo="6" resultType="DataDrivenDataRow" />
        <UnitTestResult executionId="057cfca7-384e-4169-a058-9cd83e323619" parentExecutionId="81e8d18c-fcd4-4245-986f-2c22a8b93119" testId="bb347f18-44ab-0d77-d5bd-a671e4c37650" testName="ToRemove_Passing_ValidValue_Returns_ValueWithoutRemovedChars (aeiou,a,eiou)" computerName="PC-SFERRARI" duration="00:00:00.0000049" startTime="2021-05-07T11:43:38.9112966+01:00" endTime="2021-05-07T11:43:38.9124768+01:00" testType="13cdc9d9-ddb5-4fa4-a97d-d965ccfc6d4b" outcome="Passed" testListId="8c84fa94-04c1-424b-9868-57a2d4851a1d" relativeResultsDirectory="057cfca7-384e-4169-a058-9cd83e323619" dataRowInfo="7" resultType="DataDrivenDataRow" />
        <UnitTestResult executionId="58d41997-d0fd-47aa-881b-d523edb95619" parentExecutionId="81e8d18c-fcd4-4245-986f-2c22a8b93119" testId="bb347f18-44ab-0d77-d5bd-a671e4c37650" testName="ToRemove_Passing_ValidValue_Returns_ValueWithoutRemovedChars (aeiou,ae,iou)" computerName="PC-SFERRARI" duration="00:00:00.0000049" startTime="2021-05-07T11:43:38.9112966+01:00" endTime="2021-05-07T11:43:38.9124768+01:00" testType="13cdc9d9-ddb5-4fa4-a97d-d965ccfc6d4b" outcome="Passed" testListId="8c84fa94-04c1-424b-9868-57a2d4851a1d" relativeResultsDirectory="58d41997-d0fd-47aa-881b-d523edb95619" dataRowInfo="8" resultType="DataDrivenDataRow" />
        <UnitTestResult executionId="ee475d9c-91fd-420e-8bdd-7601f324c9f3" parentExecutionId="81e8d18c-fcd4-4245-986f-2c22a8b93119" testId="bb347f18-44ab-0d77-d5bd-a671e4c37650" testName="ToRemove_Passing_ValidValue_Returns_ValueWithoutRemovedChars (aeiou,aei,ou)" computerName="PC-SFERRARI" duration="00:00:00.0000050" startTime="2021-05-07T11:43:38.9112966+01:00" endTime="2021-05-07T11:43:38.9124768+01:00" testType="13cdc9d9-ddb5-4fa4-a97d-d965ccfc6d4b" outcome="Passed" testListId="8c84fa94-04c1-424b-9868-57a2d4851a1d" relativeResultsDirectory="ee475d9c-91fd-420e-8bdd-7601f324c9f3" dataRowInfo="9" resultType="DataDrivenDataRow" />
        <UnitTestResult executionId="26565833-d731-47a3-a70f-7869b073e474" parentExecutionId="81e8d18c-fcd4-4245-986f-2c22a8b93119" testId="bb347f18-44ab-0d77-d5bd-a671e4c37650" testName="ToRemove_Passing_ValidValue_Returns_ValueWithoutRemovedChars (aeiou,aeio,u)" computerName="PC-SFERRARI" duration="00:00:00.0000050" startTime="2021-05-07T11:43:38.9112966+01:00" endTime="2021-05-07T11:43:38.9124768+01:00" testType="13cdc9d9-ddb5-4fa4-a97d-d965ccfc6d4b" outcome="Passed" testListId="8c84fa94-04c1-424b-9868-57a2d4851a1d" relativeResultsDirectory="26565833-d731-47a3-a70f-7869b073e474" dataRowInfo="10" resultType="DataDrivenDataRow" />
        <UnitTestResult executionId="2ea69678-edeb-4df6-86a9-c29aaeb1043f" parentExecutionId="81e8d18c-fcd4-4245-986f-2c22a8b93119" testId="bb347f18-44ab-0d77-d5bd-a671e4c37650" testName="ToRemove_Passing_ValidValue_Returns_ValueWithoutRemovedChars (aeiou,aeiou,)" computerName="PC-SFERRARI" duration="00:00:00.0000047" startTime="2021-05-07T11:43:38.9112966+01:00" endTime="2021-05-07T11:43:38.9124768+01:00" testType="13cdc9d9-ddb5-4fa4-a97d-d965ccfc6d4b" outcome="Passed" testListId="8c84fa94-04c1-424b-9868-57a2d4851a1d" relativeResultsDirectory="2ea69678-edeb-4df6-86a9-c29aaeb1043f" dataRowInfo="11" resultType="DataDrivenDataRow" />
        <UnitTestResult executionId="f73351c5-2a39-47ca-8a43-03894f836a6f" parentExecutionId="81e8d18c-fcd4-4245-986f-2c22a8b93119" testId="bb347f18-44ab-0d77-d5bd-a671e4c37650" testName="ToRemove_Passing_ValidValue_Returns_ValueWithoutRemovedChars (aeiou,e,aiou)" computerName="PC-SFERRARI" duration="00:00:00.0000053" startTime="2021-05-07T11:43:38.9112966+01:00" endTime="2021-05-07T11:43:38.9124768+01:00" testType="13cdc9d9-ddb5-4fa4-a97d-d965ccfc6d4b" outcome="Passed" testListId="8c84fa94-04c1-424b-9868-57a2d4851a1d" relativeResultsDirectory="f73351c5-2a39-47ca-8a43-03894f836a6f" dataRowInfo="12" resultType="DataDrivenDataRow" />
        <UnitTestResult executionId="d334ccda-974b-4328-84ef-46e8468c56f7" parentExecutionId="81e8d18c-fcd4-4245-986f-2c22a8b93119" testId="bb347f18-44ab-0d77-d5bd-a671e4c37650" testName="ToRemove_Passing_ValidValue_Returns_ValueWithoutRemovedChars (aeiou,ei,aou)" computerName="PC-SFERRARI" duration="00:00:00.0000050" startTime="2021-05-07T11:43:38.9112966+01:00" endTime="2021-05-07T11:43:38.9124768+01:00" testType="13cdc9d9-ddb5-4fa4-a97d-d965ccfc6d4b" outcome="Passed" testListId="8c84fa94-04c1-424b-9868-57a2d4851a1d" relativeResultsDirectory="d334ccda-974b-4328-84ef-46e8468c56f7" dataRowInfo="13" resultType="DataDrivenDataRow" />
      </InnerResults>
    </UnitTestResult>
    <UnitTestResult executionId="8ee42a12-286b-4a9d-afcc-efa30bae9de6" testId="bf8f6922-5666-8ec7-1500-aabd5997d6a4" testName="ToString_Passing_Valid_Collection_With_Custom_Separator_Returns_String_With_Custom_Separator" computerName="PC-SFERRARI" duration="00:00:00.0001876" startTime="2021-05-07T11:43:38.4044406+01:00" endTime="2021-05-07T11:43:38.4047297+01:00" testType="13cdc9d9-ddb5-4fa4-a97d-d965ccfc6d4b" outcome="Passed" testListId="8c84fa94-04c1-424b-9868-57a2d4851a1d" relativeResultsDirectory="8ee42a12-286b-4a9d-afcc-efa30bae9de6" />
    <UnitTestResult executionId="62c61bed-428d-4ff0-bef8-dc6d98e688bb" testId="8dccdb77-e6a8-58c6-9bd0-108f87c5ff65" testName="ToAuthenticationType_Passing_Null_ClaimsPrincipal_Returns_ApplicationException" computerName="PC-SFERRARI" duration="00:00:00.0008268" startTime="2021-05-07T11:43:38.3119330+01:00" endTime="2021-05-07T11:43:38.3129315+01:00" testType="13cdc9d9-ddb5-4fa4-a97d-d965ccfc6d4b" outcome="Passed" testListId="8c84fa94-04c1-424b-9868-57a2d4851a1d" relativeResultsDirectory="62c61bed-428d-4ff0-bef8-dc6d98e688bb" />
    <UnitTestResult executionId="26d6d023-e1da-4c2c-8baf-eaa9efe7d6cf" testId="d5506b30-7041-6d90-bd03-bcd5b2479c40" testName="ToHashAlgorithmName_Passing_InvalidValueLowerCaseStringWithDefaultValue_Returns_DefaultValue" computerName="PC-SFERRARI" duration="00:00:00.0002238" startTime="2021-05-07T11:43:39.0490524+01:00" endTime="2021-05-07T11:43:39.0493694+01:00" testType="13cdc9d9-ddb5-4fa4-a97d-d965ccfc6d4b" outcome="Passed" testListId="8c84fa94-04c1-424b-9868-57a2d4851a1d" relativeResultsDirectory="26d6d023-e1da-4c2c-8baf-eaa9efe7d6cf" resultType="DataDrivenTest">
      <InnerResults>
        <UnitTestResult executionId="c11283a9-a0b2-415c-bff3-71f9954a4669" parentExecutionId="26d6d023-e1da-4c2c-8baf-eaa9efe7d6cf" testId="d5506b30-7041-6d90-bd03-bcd5b2479c40" testName="ToHashAlgorithmName_Passing_InvalidValueLowerCaseStringWithDefaultValue_Returns_DefaultValue (md5)" computerName="PC-SFERRARI" duration="00:00:00.0001807" startTime="2021-05-07T11:43:39.0490524+01:00" endTime="2021-05-07T11:43:39.0493694+01:00" testType="13cdc9d9-ddb5-4fa4-a97d-d965ccfc6d4b" outcome="Passed" testListId="8c84fa94-04c1-424b-9868-57a2d4851a1d" relativeResultsDirectory="c11283a9-a0b2-415c-bff3-71f9954a4669" dataRowInfo="1" resultType="DataDrivenDataRow" />
      </InnerResults>
    </UnitTestResult>
    <UnitTestResult executionId="f1438b05-e28f-476f-b716-a13d4cfb28f0" testId="29112d2a-2e73-305d-ec50-12fc95c28627" testName="ToReplaceSpecialChars_Passing_ValidValue_Returns_ReplacedValueWithoutIgnoreSpecialChars" computerName="PC-SFERRARI" duration="00:00:00.0051724" startTime="2021-05-07T11:43:38.9334087+01:00" endTime="2021-05-07T11:43:38.9388149+01:00" testType="13cdc9d9-ddb5-4fa4-a97d-d965ccfc6d4b" outcome="Passed" testListId="8c84fa94-04c1-424b-9868-57a2d4851a1d" relativeResultsDirectory="f1438b05-e28f-476f-b716-a13d4cfb28f0" resultType="DataDrivenTest">
      <InnerResults>
        <UnitTestResult executionId="04e21815-99f6-4155-ab76-2292053d69fa" parentExecutionId="f1438b05-e28f-476f-b716-a13d4cfb28f0" testId="29112d2a-2e73-305d-ec50-12fc95c28627" testName="ToReplaceSpecialChars_Passing_ValidValue_Returns_ReplacedValueWithoutIgnoreSpecialChars (àáäâãøçħ,aaaaaoch)" computerName="PC-SFERRARI" duration="00:00:00.0043438" startTime="2021-05-07T11:43:38.9334087+01:00" endTime="2021-05-07T11:43:38.9388149+01:00" testType="13cdc9d9-ddb5-4fa4-a97d-d965ccfc6d4b" outcome="Passed" testListId="8c84fa94-04c1-424b-9868-57a2d4851a1d" relativeResultsDirectory="04e21815-99f6-4155-ab76-2292053d69fa" dataRowInfo="1" resultType="DataDrivenDataRow" />
        <UnitTestResult executionId="1a7afba3-4aed-4b37-a2aa-0a03d8f7fdf2" parentExecutionId="f1438b05-e28f-476f-b716-a13d4cfb28f0" testId="29112d2a-2e73-305d-ec50-12fc95c28627" testName="ToReplaceSpecialChars_Passing_ValidValue_Returns_ReplacedValueWithoutIgnoreSpecialChars ( àáäâ ãøçħ , aaaa aoch )" computerName="PC-SFERRARI" duration="00:00:00.0001366" startTime="2021-05-07T11:43:38.9334087+01:00" endTime="2021-05-07T11:43:38.9388149+01:00" testType="13cdc9d9-ddb5-4fa4-a97d-d965ccfc6d4b" outcome="Passed" testListId="8c84fa94-04c1-424b-9868-57a2d4851a1d" relativeResultsDirectory="1a7afba3-4aed-4b37-a2aa-0a03d8f7fdf2" dataRowInfo="2" resultType="DataDrivenDataRow" />
        <UnitTestResult executionId="1b8b589e-ed70-4eab-92de-d01010d77c26" parentExecutionId="f1438b05-e28f-476f-b716-a13d4cfb28f0" testId="29112d2a-2e73-305d-ec50-12fc95c28627" testName="ToReplaceSpecialChars_Passing_ValidValue_Returns_ReplacedValueWithoutIgnoreSpecialChars (*¨^_:-?¿;,)" computerName="PC-SFERRARI" duration="00:00:00.0000953" startTime="2021-05-07T11:43:38.9334087+01:00" endTime="2021-05-07T11:43:38.9388149+01:00" testType="13cdc9d9-ddb5-4fa4-a97d-d965ccfc6d4b" outcome="Passed" testListId="8c84fa94-04c1-424b-9868-57a2d4851a1d" relativeResultsDirectory="1b8b589e-ed70-4eab-92de-d01010d77c26" dataRowInfo="3" resultType="DataDrivenDataRow" />
        <UnitTestResult executionId="83acb11f-53de-444d-8b68-409f2b141faf" parentExecutionId="f1438b05-e28f-476f-b716-a13d4cfb28f0" testId="29112d2a-2e73-305d-ec50-12fc95c28627" testName="ToReplaceSpecialChars_Passing_ValidValue_Returns_ReplacedValueWithoutIgnoreSpecialChars ( * ¨ ^ _ : - ? ¿ ; ,          )" computerName="PC-SFERRARI" duration="00:00:00.0000760" startTime="2021-05-07T11:43:38.9334087+01:00" endTime="2021-05-07T11:43:38.9388149+01:00" testType="13cdc9d9-ddb5-4fa4-a97d-d965ccfc6d4b" outcome="Passed" testListId="8c84fa94-04c1-424b-9868-57a2d4851a1d" relativeResultsDirectory="83acb11f-53de-444d-8b68-409f2b141faf" dataRowInfo="4" resultType="DataDrivenDataRow" />
        <UnitTestResult executionId="5f774ad7-b850-4f69-954b-fe720c76c32e" parentExecutionId="f1438b05-e28f-476f-b716-a13d4cfb28f0" testId="29112d2a-2e73-305d-ec50-12fc95c28627" testName="ToReplaceSpecialChars_Passing_ValidValue_Returns_ReplacedValueWithoutIgnoreSpecialChars (*¨^_:-?¿;,?¿,?¿)" computerName="PC-SFERRARI" duration="00:00:00.0000609" startTime="2021-05-07T11:43:38.9334087+01:00" endTime="2021-05-07T11:43:38.9388149+01:00" testType="13cdc9d9-ddb5-4fa4-a97d-d965ccfc6d4b" outcome="Passed" testListId="8c84fa94-04c1-424b-9868-57a2d4851a1d" relativeResultsDirectory="5f774ad7-b850-4f69-954b-fe720c76c32e" dataRowInfo="5" resultType="DataDrivenDataRow" />
      </InnerResults>
    </UnitTestResult>
    <UnitTestResult executionId="3593909f-9a6f-48c8-b810-6e3fc38a56c8" testId="8f970201-c66a-ecfa-fa45-503451c8c439" testName="ResultDataBadRequest_WithErrors_Value" computerName="PC-SFERRARI" duration="00:00:00.0007186" startTime="2021-05-07T11:43:39.2609984+01:00" endTime="2021-05-07T11:43:39.2618413+01:00" testType="13cdc9d9-ddb5-4fa4-a97d-d965ccfc6d4b" outcome="Passed" testListId="8c84fa94-04c1-424b-9868-57a2d4851a1d" relativeResultsDirectory="3593909f-9a6f-48c8-b810-6e3fc38a56c8" />
    <UnitTestResult executionId="5ce43655-9f01-4f62-b8ad-cfbefe7d6ea9" testId="def94964-1ba4-f78f-2dac-38055bb04256" testName="ToIsEmailThrow_Passing_InvalidValue_Returns_ApplicationExceptionWithMessage" computerName="PC-SFERRARI" duration="00:00:00.0108585" startTime="2021-05-07T11:43:38.2183508+01:00" endTime="2021-05-07T11:43:38.2310216+01:00" testType="13cdc9d9-ddb5-4fa4-a97d-d965ccfc6d4b" outcome="Passed" testListId="8c84fa94-04c1-424b-9868-57a2d4851a1d" relativeResultsDirectory="5ce43655-9f01-4f62-b8ad-cfbefe7d6ea9" resultType="DataDrivenTest">
      <InnerResults>
        <UnitTestResult executionId="7cd776fc-8436-4cc0-8fb6-1df83e5d526b" parentExecutionId="5ce43655-9f01-4f62-b8ad-cfbefe7d6ea9" testId="def94964-1ba4-f78f-2dac-38055bb04256" testName="ToIsEmailThrow_Passing_InvalidValue_Returns_ApplicationExceptionWithMessage (dasdasd@dsasd.._ff)" computerName="PC-SFERRARI" duration="00:00:00.0073072" startTime="2021-05-07T11:43:38.2183508+01:00" endTime="2021-05-07T11:43:38.2310216+01:00" testType="13cdc9d9-ddb5-4fa4-a97d-d965ccfc6d4b" outcome="Passed" testListId="8c84fa94-04c1-424b-9868-57a2d4851a1d" relativeResultsDirectory="7cd776fc-8436-4cc0-8fb6-1df83e5d526b" dataRowInfo="1" resultType="DataDrivenDataRow" />
        <UnitTestResult executionId="1cae2568-9e65-477a-a572-fa69314829e0" parentExecutionId="5ce43655-9f01-4f62-b8ad-cfbefe7d6ea9" testId="def94964-1ba4-f78f-2dac-38055bb04256" testName="ToIsEmailThrow_Passing_InvalidValue_Returns_ApplicationExceptionWithMessage (34fsds@@sdd.f)" computerName="PC-SFERRARI" duration="00:00:00.0000982" startTime="2021-05-07T11:43:38.2183508+01:00" endTime="2021-05-07T11:43:38.2310216+01:00" testType="13cdc9d9-ddb5-4fa4-a97d-d965ccfc6d4b" outcome="Passed" testListId="8c84fa94-04c1-424b-9868-57a2d4851a1d" relativeResultsDirectory="1cae2568-9e65-477a-a572-fa69314829e0" dataRowInfo="2" resultType="DataDrivenDataRow" />
        <UnitTestResult executionId="1813ba07-d06f-4d3f-a701-d3060bf866d8" parentExecutionId="5ce43655-9f01-4f62-b8ad-cfbefe7d6ea9" testId="def94964-1ba4-f78f-2dac-38055bb04256" testName="ToIsEmailThrow_Passing_InvalidValue_Returns_ApplicationExceptionWithMessage ()" computerName="PC-SFERRARI" duration="00:00:00.0000643" startTime="2021-05-07T11:43:38.2183508+01:00" endTime="2021-05-07T11:43:38.2310216+01:00" testType="13cdc9d9-ddb5-4fa4-a97d-d965ccfc6d4b" outcome="Passed" testListId="8c84fa94-04c1-424b-9868-57a2d4851a1d" relativeResultsDirectory="1813ba07-d06f-4d3f-a701-d3060bf866d8" dataRowInfo="3" resultType="DataDrivenDataRow" />
        <UnitTestResult executionId="484f0852-7942-42c8-b4ba-27ee348a97c6" parentExecutionId="5ce43655-9f01-4f62-b8ad-cfbefe7d6ea9" testId="def94964-1ba4-f78f-2dac-38055bb04256" testName="ToIsEmailThrow_Passing_InvalidValue_Returns_ApplicationExceptionWithMessage ()" computerName="PC-SFERRARI" duration="00:00:00.0000464" startTime="2021-05-07T11:43:38.2183508+01:00" endTime="2021-05-07T11:43:38.2310216+01:00" testType="13cdc9d9-ddb5-4fa4-a97d-d965ccfc6d4b" outcome="Passed" testListId="8c84fa94-04c1-424b-9868-57a2d4851a1d" relativeResultsDirectory="484f0852-7942-42c8-b4ba-27ee348a97c6" dataRowInfo="4" resultType="DataDrivenDataRow" />
        <UnitTestResult executionId="fd8535cd-5093-4e19-b969-aae051ad2a3f" parentExecutionId="5ce43655-9f01-4f62-b8ad-cfbefe7d6ea9" testId="def94964-1ba4-f78f-2dac-38055bb04256" testName="ToIsEmailThrow_Passing_InvalidValue_Returns_ApplicationExceptionWithMessage (34?fsds@sdd.yy)" computerName="PC-SFERRARI" duration="00:00:00.0000646" startTime="2021-05-07T11:43:38.2183508+01:00" endTime="2021-05-07T11:43:38.2310216+01:00" testType="13cdc9d9-ddb5-4fa4-a97d-d965ccfc6d4b" outcome="Passed" testListId="8c84fa94-04c1-424b-9868-57a2d4851a1d" relativeResultsDirectory="fd8535cd-5093-4e19-b969-aae051ad2a3f" dataRowInfo="5" resultType="DataDrivenDataRow" />
      </InnerResults>
    </UnitTestResult>
    <UnitTestResult executionId="d232e108-721e-4c68-8f62-2213fde24f4a" testId="ede15cdf-3d1b-3e1a-18dc-485a2d50fe42" testName="ToFormat_Passing_ValidTimeSpanValue_Returns_ValueWithFormatString" computerName="PC-SFERRARI" duration="00:00:00.0007866" startTime="2021-05-07T11:43:39.1007918+01:00" endTime="2021-05-07T11:43:39.1018048+01:00" testType="13cdc9d9-ddb5-4fa4-a97d-d965ccfc6d4b" outcome="Passed" testListId="8c84fa94-04c1-424b-9868-57a2d4851a1d" relativeResultsDirectory="d232e108-721e-4c68-8f62-2213fde24f4a" />
    <UnitTestResult executionId="2b154c9d-05d3-472f-866f-61438774a311" testId="801afd1a-5f3d-0d0c-471a-96452bf5bc35" testName="IsNullOrEmpty_Passing_InvalidArguments_Returns_HasErrorsAndCount" computerName="PC-SFERRARI" duration="00:00:00.0051711" startTime="2021-05-07T11:43:39.1118747+01:00" endTime="2021-05-07T11:43:39.1175287+01:00" testType="13cdc9d9-ddb5-4fa4-a97d-d965ccfc6d4b" outcome="Passed" testListId="8c84fa94-04c1-424b-9868-57a2d4851a1d" relativeResultsDirectory="2b154c9d-05d3-472f-866f-61438774a311" />
    <UnitTestResult executionId="33ac0e89-4fe3-4094-88df-b9f9a879b776" testId="a75e991f-5e03-3949-85d6-afa1f14455d4" testName="ToIsAuthenticated_Passing_Claims_Returns_True" computerName="PC-SFERRARI" duration="00:00:00.0114135" startTime="2021-05-07T11:43:38.3003746+01:00" endTime="2021-05-07T11:43:38.3118844+01:00" testType="13cdc9d9-ddb5-4fa4-a97d-d965ccfc6d4b" outcome="Passed" testListId="8c84fa94-04c1-424b-9868-57a2d4851a1d" relativeResultsDirectory="33ac0e89-4fe3-4094-88df-b9f9a879b776" />
    <UnitTestResult executionId="ed6ca688-e791-4d53-95f4-a52744b347b6" testId="d7c20db6-f712-8539-ac01-01e8f4033fac" testName="IsFile_Passing_InvalidArguments_Returns_HasErrorsAndCount" computerName="PC-SFERRARI" duration="00:00:00.0003199" startTime="2021-05-07T11:43:39.1493328+01:00" endTime="2021-05-07T11:43:39.1497738+01:00" testType="13cdc9d9-ddb5-4fa4-a97d-d965ccfc6d4b" outcome="Passed" testListId="8c84fa94-04c1-424b-9868-57a2d4851a1d" relativeResultsDirectory="ed6ca688-e791-4d53-95f4-a52744b347b6" />
    <UnitTestResult executionId="f2a51cb8-8a62-4748-b451-e58d414e04cd" testId="d51ea295-e896-101a-6578-05ae772bcbfb" testName="ToIsSubdomainThrow_Passing_InvalidValue_Returns_ApplicationExceptionWithMessage" computerName="PC-SFERRARI" duration="00:00:00.0028634" startTime="2021-05-07T11:43:38.2310964+01:00" endTime="2021-05-07T11:43:38.2341473+01:00" testType="13cdc9d9-ddb5-4fa4-a97d-d965ccfc6d4b" outcome="Passed" testListId="8c84fa94-04c1-424b-9868-57a2d4851a1d" relativeResultsDirectory="f2a51cb8-8a62-4748-b451-e58d414e04cd" resultType="DataDrivenTest">
      <InnerResults>
        <UnitTestResult executionId="8be6323f-95a1-4f95-842f-6e3a1daa326d" parentExecutionId="f2a51cb8-8a62-4748-b451-e58d414e04cd" testId="d51ea295-e896-101a-6578-05ae772bcbfb" testName="ToIsSubdomainThrow_Passing_InvalidValue_Returns_ApplicationExceptionWithMessage (dasdasd@dsasd.._ff)" computerName="PC-SFERRARI" duration="00:00:00.0024626" startTime="2021-05-07T11:43:38.2310964+01:00" endTime="2021-05-07T11:43:38.2341473+01:00" testType="13cdc9d9-ddb5-4fa4-a97d-d965ccfc6d4b" outcome="Passed" testListId="8c84fa94-04c1-424b-9868-57a2d4851a1d" relativeResultsDirectory="8be6323f-95a1-4f95-842f-6e3a1daa326d" dataRowInfo="1" resultType="DataDrivenDataRow" />
        <UnitTestResult executionId="4dbc672e-10d1-4db6-84ae-fb9d678a9d38" parentExecutionId="f2a51cb8-8a62-4748-b451-e58d414e04cd" testId="d51ea295-e896-101a-6578-05ae772bcbfb" testName="ToIsSubdomainThrow_Passing_InvalidValue_Returns_ApplicationExceptionWithMessage (34fsds@@sdd.f)" computerName="PC-SFERRARI" duration="00:00:00.0000764" startTime="2021-05-07T11:43:38.2310964+01:00" endTime="2021-05-07T11:43:38.2341473+01:00" testType="13cdc9d9-ddb5-4fa4-a97d-d965ccfc6d4b" outcome="Passed" testListId="8c84fa94-04c1-424b-9868-57a2d4851a1d" relativeResultsDirectory="4dbc672e-10d1-4db6-84ae-fb9d678a9d38" dataRowInfo="2" resultType="DataDrivenDataRow" />
        <UnitTestResult executionId="c1e2765c-8f59-4c3b-a0ec-751d325d1383" parentExecutionId="f2a51cb8-8a62-4748-b451-e58d414e04cd" testId="d51ea295-e896-101a-6578-05ae772bcbfb" testName="ToIsSubdomainThrow_Passing_InvalidValue_Returns_ApplicationExceptionWithMessage ()" computerName="PC-SFERRARI" duration="00:00:00.0000495" startTime="2021-05-07T11:43:38.2310964+01:00" endTime="2021-05-07T11:43:38.2341473+01:00" testType="13cdc9d9-ddb5-4fa4-a97d-d965ccfc6d4b" outcome="Passed" testListId="8c84fa94-04c1-424b-9868-57a2d4851a1d" relativeResultsDirectory="c1e2765c-8f59-4c3b-a0ec-751d325d1383" dataRowInfo="3" resultType="DataDrivenDataRow" />
        <UnitTestResult executionId="85120b94-4148-49b6-a992-98b0cd5d1024" parentExecutionId="f2a51cb8-8a62-4748-b451-e58d414e04cd" testId="d51ea295-e896-101a-6578-05ae772bcbfb" testName="ToIsSubdomainThrow_Passing_InvalidValue_Returns_ApplicationExceptionWithMessage ()" computerName="PC-SFERRARI" duration="00:00:00.0000435" startTime="2021-05-07T11:43:38.2310964+01:00" endTime="2021-05-07T11:43:38.2341473+01:00" testType="13cdc9d9-ddb5-4fa4-a97d-d965ccfc6d4b" outcome="Passed" testListId="8c84fa94-04c1-424b-9868-57a2d4851a1d" relativeResultsDirectory="85120b94-4148-49b6-a992-98b0cd5d1024" dataRowInfo="4" resultType="DataDrivenDataRow" />
        <UnitTestResult executionId="85b40b0c-05d8-4ec0-a25c-13ded139d243" parentExecutionId="f2a51cb8-8a62-4748-b451-e58d414e04cd" testId="d51ea295-e896-101a-6578-05ae772bcbfb" testName="ToIsSubdomainThrow_Passing_InvalidValue_Returns_ApplicationExceptionWithMessage (34?fsds@sdd.yy)" computerName="PC-SFERRARI" duration="00:00:00.0000633" startTime="2021-05-07T11:43:38.2310964+01:00" endTime="2021-05-07T11:43:38.2341473+01:00" testType="13cdc9d9-ddb5-4fa4-a97d-d965ccfc6d4b" outcome="Passed" testListId="8c84fa94-04c1-424b-9868-57a2d4851a1d" relativeResultsDirectory="85b40b0c-05d8-4ec0-a25c-13ded139d243" dataRowInfo="5" resultType="DataDrivenDataRow" />
      </InnerResults>
    </UnitTestResult>
    <UnitTestResult executionId="0176cb97-c695-46ba-80fe-36489202815b" testId="1dab5b85-21d2-af6f-92e5-af8126f0e2fb" testName="ToIsNameThrow_Passing_InvalidValue_Returns_ApplicationExceptionWithMessage" computerName="PC-SFERRARI" duration="00:00:00.0035559" startTime="2021-05-07T11:43:38.2387401+01:00" endTime="2021-05-07T11:43:38.2424843+01:00" testType="13cdc9d9-ddb5-4fa4-a97d-d965ccfc6d4b" outcome="Passed" testListId="8c84fa94-04c1-424b-9868-57a2d4851a1d" relativeResultsDirectory="0176cb97-c695-46ba-80fe-36489202815b" />
    <UnitTestResult executionId="e951e71b-8908-4f16-a38c-7b2eda78745b" testId="161f5d07-7835-e575-5072-b9d787ef451c" testName="ToResultAsync_Passing_StatusCodeAnd_MessageAndContentTypeAndHeader_Values_Returns_Values" computerName="PC-SFERRARI" duration="00:00:00.2628705" startTime="2021-05-07T11:43:38.5228320+01:00" endTime="2021-05-07T11:43:38.7859910+01:00" testType="13cdc9d9-ddb5-4fa4-a97d-d965ccfc6d4b" outcome="Passed" testListId="8c84fa94-04c1-424b-9868-57a2d4851a1d" relativeResultsDirectory="e951e71b-8908-4f16-a38c-7b2eda78745b" resultType="DataDrivenTest">
      <InnerResults>
        <UnitTestResult executionId="1221bba6-eb68-404b-abfc-efe416144642" parentExecutionId="e951e71b-8908-4f16-a38c-7b2eda78745b" testId="161f5d07-7835-e575-5072-b9d787ef451c" testName="ToResultAsync_Passing_StatusCodeAnd_MessageAndContentTypeAndHeader_Values_Returns_Values (/test)" computerName="PC-SFERRARI" duration="00:00:00.2627664" startTime="2021-05-07T11:43:38.5228320+01:00" endTime="2021-05-07T11:43:38.7859910+01:00" testType="13cdc9d9-ddb5-4fa4-a97d-d965ccfc6d4b" outcome="Passed" testListId="8c84fa94-04c1-424b-9868-57a2d4851a1d" relativeResultsDirectory="1221bba6-eb68-404b-abfc-efe416144642" dataRowInfo="1" resultType="DataDrivenDataRow">
          <Output>
            <StdOut>info: Microsoft.AspNetCore.Hosting.Diagnostics[1]&#xD;
      Request starting HTTP/1.1 GET http://localhost/test  &#xD;
info: Microsoft.AspNetCore.Hosting.Diagnostics[2]&#xD;
      Request finished in 29.136100000000003ms 401 a81df57f-1e42-46a4-9f44-caeedb5b4655</StdOut>
          </Output>
        </UnitTestResult>
      </InnerResults>
    </UnitTestResult>
    <UnitTestResult executionId="a380dbbc-e043-4659-b83e-c4a502c10e54" testId="9eeef095-29ed-4872-a36c-ca4832350421" testName="IsName_Passing_InvalidArguments_Returns_HasErrorsAndCount" computerName="PC-SFERRARI" duration="00:00:00.0001976" startTime="2021-05-07T11:43:39.1480567+01:00" endTime="2021-05-07T11:43:39.1483617+01:00" testType="13cdc9d9-ddb5-4fa4-a97d-d965ccfc6d4b" outcome="Passed" testListId="8c84fa94-04c1-424b-9868-57a2d4851a1d" relativeResultsDirectory="a380dbbc-e043-4659-b83e-c4a502c10e54" />
    <UnitTestResult executionId="63eea785-7eb4-4bf4-8883-66fb67dd1a13" testId="87c5dbd3-fd2a-1e49-42e5-8dc78affc8d6" testName="ToSerialize_Passing_Objects_Returns_String_Values" computerName="PC-SFERRARI" duration="00:00:00.0013999" startTime="2021-05-07T11:43:38.7898376+01:00" endTime="2021-05-07T11:43:38.7914437+01:00" testType="13cdc9d9-ddb5-4fa4-a97d-d965ccfc6d4b" outcome="Passed" testListId="8c84fa94-04c1-424b-9868-57a2d4851a1d" relativeResultsDirectory="63eea785-7eb4-4bf4-8883-66fb67dd1a13" />
    <UnitTestResult executionId="b8e81c4d-629d-47b1-96ab-849132c44647" testId="4d9bde6c-668c-a1d3-dc60-edcfc6a4082c" testName="IsLess_Passing_InvalidArguments_Returns_HasErrorsAndCount" computerName="PC-SFERRARI" duration="00:00:00.0049794" startTime="2021-05-07T11:43:39.1257913+01:00" endTime="2021-05-07T11:43:39.1309530+01:00" testType="13cdc9d9-ddb5-4fa4-a97d-d965ccfc6d4b" outcome="Passed" testListId="8c84fa94-04c1-424b-9868-57a2d4851a1d" relativeResultsDirectory="b8e81c4d-629d-47b1-96ab-849132c44647" />
    <UnitTestResult executionId="b199635f-a4cc-4598-aded-0e3549b01659" testId="c30c24fa-9dc6-1db9-fc63-cb77f851732c" testName="ResultErrorData_WithTitle_WithStatusCode_WithDetails_WithExceptionType_WithMessages_WithErrors" computerName="PC-SFERRARI" duration="00:00:00.0045160" startTime="2021-05-07T11:43:39.2772089+01:00" endTime="2021-05-07T11:43:39.2818650+01:00" testType="13cdc9d9-ddb5-4fa4-a97d-d965ccfc6d4b" outcome="Passed" testListId="8c84fa94-04c1-424b-9868-57a2d4851a1d" relativeResultsDirectory="b199635f-a4cc-4598-aded-0e3549b01659" />
    <UnitTestResult executionId="9fc508ae-bd0a-4e78-8238-db5a0b436c14" testId="6c59b811-73c0-2540-9661-8c8f2a459ff2" testName="ToDefaultValue_Passing_byte_Returns_Cero" computerName="PC-SFERRARI" duration="00:00:00.0002983" startTime="2021-05-07T11:43:38.4230430+01:00" endTime="2021-05-07T11:43:38.4234302+01:00" testType="13cdc9d9-ddb5-4fa4-a97d-d965ccfc6d4b" outcome="Passed" testListId="8c84fa94-04c1-424b-9868-57a2d4851a1d" relativeResultsDirectory="9fc508ae-bd0a-4e78-8238-db5a0b436c14" resultType="DataDrivenTest">
      <InnerResults>
        <UnitTestResult executionId="b06f656e-b965-430f-ba01-d192e522ae42" parentExecutionId="9fc508ae-bd0a-4e78-8238-db5a0b436c14" testId="6c59b811-73c0-2540-9661-8c8f2a459ff2" testName="ToDefaultValue_Passing_byte_Returns_Cero (255)" computerName="PC-SFERRARI" duration="00:00:00.0002496" startTime="2021-05-07T11:43:38.4230430+01:00" endTime="2021-05-07T11:43:38.4234302+01:00" testType="13cdc9d9-ddb5-4fa4-a97d-d965ccfc6d4b" outcome="Passed" testListId="8c84fa94-04c1-424b-9868-57a2d4851a1d" relativeResultsDirectory="b06f656e-b965-430f-ba01-d192e522ae42" dataRowInfo="1" resultType="DataDrivenDataRow" />
      </InnerResults>
    </UnitTestResult>
    <UnitTestResult executionId="3e6796d2-c0ea-4be4-b3e4-c6f4bc03a88a" testId="26cc48e2-5e82-bc12-cf41-e3a984599b8d" testName="ToUserName_Passing_Invalid_ClaimsPrincipal_Returns_Null" computerName="PC-SFERRARI" duration="00:00:00.0008718" startTime="2021-05-07T11:43:38.3242157+01:00" endTime="2021-05-07T11:43:38.3253331+01:00" testType="13cdc9d9-ddb5-4fa4-a97d-d965ccfc6d4b" outcome="Passed" testListId="8c84fa94-04c1-424b-9868-57a2d4851a1d" relativeResultsDirectory="3e6796d2-c0ea-4be4-b3e4-c6f4bc03a88a" />
    <UnitTestResult executionId="b1e00f06-0a82-4e2b-9f57-41ac4d01a078" testId="0df69eaf-b001-71ae-6cf8-f9c5860f7c4c" testName="ToIsFileThrow_Passing_InvalidValue_Returns_ApplicationExceptionWithMessage" computerName="PC-SFERRARI" duration="00:00:00.0016358" startTime="2021-05-07T11:43:38.2039561+01:00" endTime="2021-05-07T11:43:38.2057619+01:00" testType="13cdc9d9-ddb5-4fa4-a97d-d965ccfc6d4b" outcome="Passed" testListId="8c84fa94-04c1-424b-9868-57a2d4851a1d" relativeResultsDirectory="b1e00f06-0a82-4e2b-9f57-41ac4d01a078" />
    <UnitTestResult executionId="84866cd7-01c4-4bea-b0d5-ff01b8874df1" testId="fa00d2a8-59b9-ad9e-caa1-a0c9e3156db1" testName="ToGetAll_Passing_Claims_Returns_Claim_Value_Int_List" computerName="PC-SFERRARI" duration="00:00:00.0046151" startTime="2021-05-07T11:43:38.3686679+01:00" endTime="2021-05-07T11:43:38.3734438+01:00" testType="13cdc9d9-ddb5-4fa4-a97d-d965ccfc6d4b" outcome="Passed" testListId="8c84fa94-04c1-424b-9868-57a2d4851a1d" relativeResultsDirectory="84866cd7-01c4-4bea-b0d5-ff01b8874df1" />
    <UnitTestResult executionId="02a7c9e1-d1e4-4166-bdf3-416f036b5686" testId="7c679bcb-7a59-8751-0063-1ef6e07cb160" testName="ToEnvironment_Passing_Service_Not_Found_Returns_ApplicationException" computerName="PC-SFERRARI" duration="00:00:00.0150695" startTime="2021-05-07T11:43:38.1303826+01:00" endTime="2021-05-07T11:43:38.1456191+01:00" testType="13cdc9d9-ddb5-4fa4-a97d-d965ccfc6d4b" outcome="Passed" testListId="8c84fa94-04c1-424b-9868-57a2d4851a1d" relativeResultsDirectory="02a7c9e1-d1e4-4166-bdf3-416f036b5686" />
    <UnitTestResult executionId="bab3807b-6a96-4e6c-89dd-84c49f75308c" testId="21ae5425-e2d1-002f-334f-105a6a674a01" testName="ToEnvironment_ServiceCollection_Passing_Custom_Enviroment_Returns_Custom_Name" computerName="PC-SFERRARI" duration="00:00:00.0004883" startTime="2021-05-07T11:43:38.8117310+01:00" endTime="2021-05-07T11:43:38.8123279+01:00" testType="13cdc9d9-ddb5-4fa4-a97d-d965ccfc6d4b" outcome="Passed" testListId="8c84fa94-04c1-424b-9868-57a2d4851a1d" relativeResultsDirectory="bab3807b-6a96-4e6c-89dd-84c49f75308c" />
    <UnitTestResult executionId="a1511fc2-9337-4cbc-9806-10177b1a91e8" testId="ab527057-69f2-0a9a-89fd-18928a3920fd" testName="ToHashAlgorithmName_Passing_InvalidValueStringWithDefaultValue_Returns_DefaultValue" computerName="PC-SFERRARI" duration="00:00:00.0002035" startTime="2021-05-07T11:43:39.0497124+01:00" endTime="2021-05-07T11:43:39.0500029+01:00" testType="13cdc9d9-ddb5-4fa4-a97d-d965ccfc6d4b" outcome="Passed" testListId="8c84fa94-04c1-424b-9868-57a2d4851a1d" relativeResultsDirectory="a1511fc2-9337-4cbc-9806-10177b1a91e8" resultType="DataDrivenTest">
      <InnerResults>
        <UnitTestResult executionId="13ea53ca-a608-4d38-bdc5-d2a38d75c907" parentExecutionId="a1511fc2-9337-4cbc-9806-10177b1a91e8" testId="ab527057-69f2-0a9a-89fd-18928a3920fd" testName="ToHashAlgorithmName_Passing_InvalidValueStringWithDefaultValue_Returns_DefaultValue (hhhhhh)" computerName="PC-SFERRARI" duration="00:00:00.0001647" startTime="2021-05-07T11:43:39.0497124+01:00" endTime="2021-05-07T11:43:39.0500029+01:00" testType="13cdc9d9-ddb5-4fa4-a97d-d965ccfc6d4b" outcome="Passed" testListId="8c84fa94-04c1-424b-9868-57a2d4851a1d" relativeResultsDirectory="13ea53ca-a608-4d38-bdc5-d2a38d75c907" dataRowInfo="1" resultType="DataDrivenDataRow" />
      </InnerResults>
    </UnitTestResult>
    <UnitTestResult executionId="8c35d8f5-5075-4774-a7b4-a4ed0de69563" testId="a702dc43-b5af-c889-d32e-e69ee2d100af" testName="ToIsAuthenticated_Passing_Null_ClaimsPrincipal_Returns_ApplicationException" computerName="PC-SFERRARI" duration="00:00:00.0546828" startTime="2021-05-07T11:43:38.2442520+01:00" endTime="2021-05-07T11:43:38.2993683+01:00" testType="13cdc9d9-ddb5-4fa4-a97d-d965ccfc6d4b" outcome="Passed" testListId="8c84fa94-04c1-424b-9868-57a2d4851a1d" relativeResultsDirectory="8c35d8f5-5075-4774-a7b4-a4ed0de69563" />
    <UnitTestResult executionId="cdc280b7-efaa-428c-9b13-987bc62ee49f" testId="5385d994-9594-6052-11cb-73f8d2344981" testName="ToPath_Passing_HttpRequest_Scheme_Host_Path_Returns_Url" computerName="PC-SFERRARI" duration="00:00:00.0027573" startTime="2021-05-07T11:43:38.5004858+01:00" endTime="2021-05-07T11:43:38.5034284+01:00" testType="13cdc9d9-ddb5-4fa4-a97d-d965ccfc6d4b" outcome="Passed" testListId="8c84fa94-04c1-424b-9868-57a2d4851a1d" relativeResultsDirectory="cdc280b7-efaa-428c-9b13-987bc62ee49f" />
    <UnitTestResult executionId="bb190b6f-ac30-4847-97bb-a18e676b7498" testId="b871cd27-681f-8d07-6c2a-809341ba2909" testName="ToList_Passing_ValidEnumTypeWithSelectedValue_Returns_ValuesList" computerName="PC-SFERRARI" duration="00:00:00.0006479" startTime="2021-05-07T11:43:39.1875090+01:00" endTime="2021-05-07T11:43:39.1883922+01:00" testType="13cdc9d9-ddb5-4fa4-a97d-d965ccfc6d4b" outcome="Passed" testListId="8c84fa94-04c1-424b-9868-57a2d4851a1d" relativeResultsDirectory="bb190b6f-ac30-4847-97bb-a18e676b7498" />
    <UnitTestResult executionId="4af3a761-0003-4002-a959-6bf50fb57bf7" testId="635e001f-2a50-f191-84e2-e81cd2000fdf" testName="ToAuthenticationType_Passing_Claims_Returns_AuthenticationType_Name" computerName="PC-SFERRARI" duration="00:00:00.0008638" startTime="2021-05-07T11:43:38.3190825+01:00" endTime="2021-05-07T11:43:38.3200943+01:00" testType="13cdc9d9-ddb5-4fa4-a97d-d965ccfc6d4b" outcome="Passed" testListId="8c84fa94-04c1-424b-9868-57a2d4851a1d" relativeResultsDirectory="4af3a761-0003-4002-a959-6bf50fb57bf7" />
    <UnitTestResult executionId="955b096d-e85a-4516-aa00-6cd5ccb49b29" testId="180814cc-22f9-91b2-cd9a-f54be7e1ba18" testName="IsEmail_Passing_InvalidArguments_Returns_HasErrorsAndCount" computerName="PC-SFERRARI" duration="00:00:00.0002629" startTime="2021-05-07T11:43:39.1483875+01:00" endTime="2021-05-07T11:43:39.1487600+01:00" testType="13cdc9d9-ddb5-4fa4-a97d-d965ccfc6d4b" outcome="Passed" testListId="8c84fa94-04c1-424b-9868-57a2d4851a1d" relativeResultsDirectory="955b096d-e85a-4516-aa00-6cd5ccb49b29" />
    <UnitTestResult executionId="544736a6-8a49-47c2-b91d-879d219eb943" testId="66f7bc12-fe2b-fd81-3cbf-5bc4840aa6f8" testName="ToConfiguration_Passing_Key_Values_Returns_Ok" computerName="PC-SFERRARI" duration="00:00:00.0035033" startTime="2021-05-07T11:43:38.8655929+01:00" endTime="2021-05-07T11:43:38.8693611+01:00" testType="13cdc9d9-ddb5-4fa4-a97d-d965ccfc6d4b" outcome="Passed" testListId="8c84fa94-04c1-424b-9868-57a2d4851a1d" relativeResultsDirectory="544736a6-8a49-47c2-b91d-879d219eb943" />
    <UnitTestResult executionId="556a6055-b4a0-414b-ae4d-b3b895435838" testId="e53d2439-2080-43bd-e38b-a60253b60af1" testName="ToPaged_Passing_Age_Descending_Order_Returns_Filter_List" computerName="PC-SFERRARI" duration="00:00:00.0009302" startTime="2021-05-07T11:43:38.8007014+01:00" endTime="2021-05-07T11:43:38.8017395+01:00" testType="13cdc9d9-ddb5-4fa4-a97d-d965ccfc6d4b" outcome="Passed" testListId="8c84fa94-04c1-424b-9868-57a2d4851a1d" relativeResultsDirectory="556a6055-b4a0-414b-ae4d-b3b895435838" />
    <UnitTestResult executionId="e6b5ebc0-23ec-4791-9c3b-82e92f029b29" testId="7f0aeefe-ba4a-5404-c6f8-82be67718cc4" testName="ToDirectoryDeleteFiles_Passing_ValidValue_Returns_DirectoryNoExists" computerName="PC-SFERRARI" duration="00:00:00.0147833" startTime="2021-05-07T11:43:39.0700622+01:00" endTime="2021-05-07T11:43:39.0849447+01:00" testType="13cdc9d9-ddb5-4fa4-a97d-d965ccfc6d4b" outcome="Passed" testListId="8c84fa94-04c1-424b-9868-57a2d4851a1d" relativeResultsDirectory="e6b5ebc0-23ec-4791-9c3b-82e92f029b29" />
    <UnitTestResult executionId="80e7043d-ab83-43c7-999a-be6d95b7ba9c" testId="6bd61990-78b5-76ea-0df5-0c13c388bdc0" testName="ToWhere_Passing_Null_Predicate_Returns_Same_List" computerName="PC-SFERRARI" duration="00:00:00.0021741" startTime="2021-05-07T11:43:38.7939981+01:00" endTime="2021-05-07T11:43:38.7963670+01:00" testType="13cdc9d9-ddb5-4fa4-a97d-d965ccfc6d4b" outcome="Passed" testListId="8c84fa94-04c1-424b-9868-57a2d4851a1d" relativeResultsDirectory="80e7043d-ab83-43c7-999a-be6d95b7ba9c" />
    <UnitTestResult executionId="0344aa2e-6f7e-4c4f-8fdc-80b641869d69" testId="c0846755-8a53-0ac4-76e5-2d7d37bcd54a" testName="ResultBadRequest_WithErrors_Value" computerName="PC-SFERRARI" duration="00:00:00.0007853" startTime="2021-05-07T11:43:39.2555516+01:00" endTime="2021-05-07T11:43:39.2565578+01:00" testType="13cdc9d9-ddb5-4fa4-a97d-d965ccfc6d4b" outcome="Passed" testListId="8c84fa94-04c1-424b-9868-57a2d4851a1d" relativeResultsDirectory="0344aa2e-6f7e-4c4f-8fdc-80b641869d69" />
    <UnitTestResult executionId="30883613-788b-422c-94b6-626976e68a45" testId="334e3485-05b4-4549-cacd-aef8fff10757" testName="ToDefaultValue_Passing_decimal_Returns_Cero" computerName="PC-SFERRARI" duration="00:00:00.0003219" startTime="2021-05-07T11:43:38.4367194+01:00" endTime="2021-05-07T11:43:38.4371543+01:00" testType="13cdc9d9-ddb5-4fa4-a97d-d965ccfc6d4b" outcome="Passed" testListId="8c84fa94-04c1-424b-9868-57a2d4851a1d" relativeResultsDirectory="30883613-788b-422c-94b6-626976e68a45" />
    <UnitTestResult executionId="95ec3cd6-803a-4cd2-98d8-efd5297f6784" testId="7a313c49-8adc-98e3-cdda-86b900f0ade6" testName="ToCompress_Passing_Value_Bytes_Returns_Value_Bytes" computerName="PC-SFERRARI" duration="00:00:00.0238244" startTime="2021-05-07T11:43:38.1592464+01:00" endTime="2021-05-07T11:43:38.1834975+01:00" testType="13cdc9d9-ddb5-4fa4-a97d-d965ccfc6d4b" outcome="Passed" testListId="8c84fa94-04c1-424b-9868-57a2d4851a1d" relativeResultsDirectory="95ec3cd6-803a-4cd2-98d8-efd5297f6784" />
    <UnitTestResult executionId="6f00337b-88c1-4666-9bcf-785d4d85df61" testId="1c5fe271-1e90-52f5-1f31-436b17e57702" testName="IsGreater_Passing_InvalidArguments_Returns_HasErrorsAndCount" computerName="PC-SFERRARI" duration="00:00:00.0065731" startTime="2021-05-07T11:43:39.1189790+01:00" endTime="2021-05-07T11:43:39.1257396+01:00" testType="13cdc9d9-ddb5-4fa4-a97d-d965ccfc6d4b" outcome="Passed" testListId="8c84fa94-04c1-424b-9868-57a2d4851a1d" relativeResultsDirectory="6f00337b-88c1-4666-9bcf-785d4d85df61" />
    <UnitTestResult executionId="3b28c757-4fff-48a9-b184-3dac9004384d" testId="43c10c64-8836-30db-afbe-d1657a7dd9d8" testName="ToHeader_Passing_HttpRequest_Header_Many_Values_Returns_Values" computerName="PC-SFERRARI" duration="00:00:00.0320791" startTime="2021-05-07T11:43:38.4669688+01:00" endTime="2021-05-07T11:43:38.4992787+01:00" testType="13cdc9d9-ddb5-4fa4-a97d-d965ccfc6d4b" outcome="Passed" testListId="8c84fa94-04c1-424b-9868-57a2d4851a1d" relativeResultsDirectory="3b28c757-4fff-48a9-b184-3dac9004384d" />
    <UnitTestResult executionId="14b089a3-ee06-452d-a814-7c44b3443954" testId="209cbba1-d5fa-4810-2cb6-ee92ce2e109d" testName="ToGet_Passing_Claims_Returns_Claim_Value_Int" computerName="PC-SFERRARI" duration="00:00:00.0062071" startTime="2021-05-07T11:43:38.3353800+01:00" endTime="2021-05-07T11:43:38.3417334+01:00" testType="13cdc9d9-ddb5-4fa4-a97d-d965ccfc6d4b" outcome="Passed" testListId="8c84fa94-04c1-424b-9868-57a2d4851a1d" relativeResultsDirectory="14b089a3-ee06-452d-a814-7c44b3443954" />
    <UnitTestResult executionId="204887c2-95e2-4c46-9d99-cbdbbe0a63e2" testId="cf950ab2-9fe4-ec30-43b4-2f3a99b5167d" testName="CreateAndVerifySHA256_Passing_Valid_Arguments_Returns_True" computerName="PC-SFERRARI" duration="00:00:00.0023098" startTime="2021-05-07T11:43:39.2005868+01:00" endTime="2021-05-07T11:43:39.2030454+01:00" testType="13cdc9d9-ddb5-4fa4-a97d-d965ccfc6d4b" outcome="Passed" testListId="8c84fa94-04c1-424b-9868-57a2d4851a1d" relativeResultsDirectory="204887c2-95e2-4c46-9d99-cbdbbe0a63e2" resultType="DataDrivenTest">
      <InnerResults>
        <UnitTestResult executionId="57110b9d-6387-4b56-b111-c8a8908371dd" parentExecutionId="204887c2-95e2-4c46-9d99-cbdbbe0a63e2" testId="cf950ab2-9fe4-ec30-43b4-2f3a99b5167d" testName="CreateAndVerifySHA256_Passing_Valid_Arguments_Returns_True (Password)" computerName="PC-SFERRARI" duration="00:00:00.0021206" startTime="2021-05-07T11:43:39.2005868+01:00" endTime="2021-05-07T11:43:39.2030454+01:00" testType="13cdc9d9-ddb5-4fa4-a97d-d965ccfc6d4b" outcome="Passed" testListId="8c84fa94-04c1-424b-9868-57a2d4851a1d" relativeResultsDirectory="57110b9d-6387-4b56-b111-c8a8908371dd" dataRowInfo="1" resultType="DataDrivenDataRow" />
        <UnitTestResult executionId="4e1668a5-56f8-4d8c-a528-324f70f0aac7" parentExecutionId="204887c2-95e2-4c46-9d99-cbdbbe0a63e2" testId="cf950ab2-9fe4-ec30-43b4-2f3a99b5167d" testName="CreateAndVerifySHA256_Passing_Valid_Arguments_Returns_True (HashTests)" computerName="PC-SFERRARI" duration="00:00:00.0000439" startTime="2021-05-07T11:43:39.2005868+01:00" endTime="2021-05-07T11:43:39.2030454+01:00" testType="13cdc9d9-ddb5-4fa4-a97d-d965ccfc6d4b" outcome="Passed" testListId="8c84fa94-04c1-424b-9868-57a2d4851a1d" relativeResultsDirectory="4e1668a5-56f8-4d8c-a528-324f70f0aac7" dataRowInfo="2" resultType="DataDrivenDataRow" />
        <UnitTestResult executionId="f3c4c5ef-fee0-4e6a-8ac7-2c2e8164fa63" parentExecutionId="204887c2-95e2-4c46-9d99-cbdbbe0a63e2" testId="cf950ab2-9fe4-ec30-43b4-2f3a99b5167d" testName="CreateAndVerifySHA256_Passing_Valid_Arguments_Returns_True (sdlfkjldsfksdfñl·%$·&amp;$/U&amp;/)(&amp;()?=)¿?^P*^PÑL,.,.lñ´ñ+98098'098098)" computerName="PC-SFERRARI" duration="00:00:00.0000389" startTime="2021-05-07T11:43:39.2005868+01:00" endTime="2021-05-07T11:43:39.2030454+01:00" testType="13cdc9d9-ddb5-4fa4-a97d-d965ccfc6d4b" outcome="Passed" testListId="8c84fa94-04c1-424b-9868-57a2d4851a1d" relativeResultsDirectory="f3c4c5ef-fee0-4e6a-8ac7-2c2e8164fa63" dataRowInfo="3" resultType="DataDrivenDataRow" />
      </InnerResults>
    </UnitTestResult>
    <UnitTestResult executionId="6843cd36-763d-4da8-b608-c7b8f3b0ac01" testId="fcd9a6e3-ee1d-7212-668e-2b0865200d81" testName="IsUniqueChars_Passing_ValidArguments_Returns_HasErrorsAndCount" computerName="PC-SFERRARI" duration="00:00:00.0011396" startTime="2021-05-07T11:43:39.1692876+01:00" endTime="2021-05-07T11:43:39.1706295+01:00" testType="13cdc9d9-ddb5-4fa4-a97d-d965ccfc6d4b" outcome="Passed" testListId="8c84fa94-04c1-424b-9868-57a2d4851a1d" relativeResultsDirectory="6843cd36-763d-4da8-b608-c7b8f3b0ac01" />
    <UnitTestResult executionId="32ff59de-1064-43a9-89b6-4094a829dc43" testId="0ee8121e-b492-a57d-d072-de988a4e30f8" testName="ToMapNew_Passing_TDestination_Returns_New_Destination_Object" computerName="PC-SFERRARI" duration="00:00:00.0037944" startTime="2021-05-07T11:43:37.8038699+01:00" endTime="2021-05-07T11:43:37.8077967+01:00" testType="13cdc9d9-ddb5-4fa4-a97d-d965ccfc6d4b" outcome="Passed" testListId="8c84fa94-04c1-424b-9868-57a2d4851a1d" relativeResultsDirectory="32ff59de-1064-43a9-89b6-4094a829dc43" />
    <UnitTestResult executionId="6cb936c0-4dbc-4a6f-abbe-95d2360b8ac0" testId="31ff6168-d18d-0013-7c18-0ff775714202" testName="ToEnum_Passing_InvalidValueString_Returns_EnumDefaultValue" computerName="PC-SFERRARI" duration="00:00:00.0001328" startTime="2021-05-07T11:43:38.9768596+01:00" endTime="2021-05-07T11:43:38.9771246+01:00" testType="13cdc9d9-ddb5-4fa4-a97d-d965ccfc6d4b" outcome="Passed" testListId="8c84fa94-04c1-424b-9868-57a2d4851a1d" relativeResultsDirectory="6cb936c0-4dbc-4a6f-abbe-95d2360b8ac0" />
    <UnitTestResult executionId="c26253ed-71ac-4f32-9e56-208dd0db6f15" testId="43949294-e4b7-cf4d-0d69-84ccc9e58406" testName="ToIsFileExtensionThrow_Passing_InvalidValue_Returns_ApplicationExceptionWithMessage" computerName="PC-SFERRARI" duration="00:00:00.0030980" startTime="2021-05-07T11:43:38.2058098+01:00" endTime="2021-05-07T11:43:38.2090849+01:00" testType="13cdc9d9-ddb5-4fa4-a97d-d965ccfc6d4b" outcome="Passed" testListId="8c84fa94-04c1-424b-9868-57a2d4851a1d" relativeResultsDirectory="c26253ed-71ac-4f32-9e56-208dd0db6f15" />
    <UnitTestResult executionId="ef0faeb7-cc0c-4ff7-b332-cf130a91a646" testId="69b6ed05-fdf2-6989-0583-109b4777a6ac" testName="ToEnvironment_Passing_Custom_Enviroment_Returns_Custom_Name" computerName="PC-SFERRARI" duration="00:00:00.0025748" startTime="2021-05-07T11:43:38.1276322+01:00" endTime="2021-05-07T11:43:38.1303340+01:00" testType="13cdc9d9-ddb5-4fa4-a97d-d965ccfc6d4b" outcome="Passed" testListId="8c84fa94-04c1-424b-9868-57a2d4851a1d" relativeResultsDirectory="ef0faeb7-cc0c-4ff7-b332-cf130a91a646" />
    <UnitTestResult executionId="130bbeae-efb0-46a8-b6ae-c7b2f97a1bfa" testId="1761ee10-7c34-b565-b889-1885bffe91c3" testName="ToSetTime_Passing_Time_Int_Returns_DateTime" computerName="PC-SFERRARI" duration="00:00:00.0001684" startTime="2021-05-07T11:43:38.3982991+01:00" endTime="2021-05-07T11:43:38.3985723+01:00" testType="13cdc9d9-ddb5-4fa4-a97d-d965ccfc6d4b" outcome="Passed" testListId="8c84fa94-04c1-424b-9868-57a2d4851a1d" relativeResultsDirectory="130bbeae-efb0-46a8-b6ae-c7b2f97a1bfa" />
    <UnitTestResult executionId="9b6b9580-aaff-4501-b62e-e24df09e330a" testId="f0f37a42-1a3a-10a5-5f17-e01b9915abd3" testName="ToPaged_Passing_Age_Ascending_Order_Returns_Filter_List" computerName="PC-SFERRARI" duration="00:00:00.0025889" startTime="2021-05-07T11:43:38.7979801+01:00" endTime="2021-05-07T11:43:38.8006667+01:00" testType="13cdc9d9-ddb5-4fa4-a97d-d965ccfc6d4b" outcome="Passed" testListId="8c84fa94-04c1-424b-9868-57a2d4851a1d" relativeResultsDirectory="9b6b9580-aaff-4501-b62e-e24df09e330a" />
    <UnitTestResult executionId="86218709-352f-4379-8521-b627f96d5b8c" testId="c87d842d-198f-fc52-0a70-418a5e5378ab" testName="IsEqual_Passing_InvalidArguments_Returns_HasErrorsAndCount" computerName="PC-SFERRARI" duration="00:00:00.0008259" startTime="2021-05-07T11:43:39.1310052+01:00" endTime="2021-05-07T11:43:39.1320069+01:00" testType="13cdc9d9-ddb5-4fa4-a97d-d965ccfc6d4b" outcome="Passed" testListId="8c84fa94-04c1-424b-9868-57a2d4851a1d" relativeResultsDirectory="86218709-352f-4379-8521-b627f96d5b8c" />
    <UnitTestResult executionId="31eddebc-d26f-4625-8a9e-09ea303fd357" testId="580ff04a-e5c0-9f2f-90c3-4f2aeafd15c5" testName="ToIsNullOrEmptyThrow_Passing_InvalidValue_Returns_ApplicationExceptionWithMessage" computerName="PC-SFERRARI" duration="00:00:00.0006607" startTime="2021-05-07T11:43:38.1913625+01:00" endTime="2021-05-07T11:43:38.1921796+01:00" testType="13cdc9d9-ddb5-4fa4-a97d-d965ccfc6d4b" outcome="Passed" testListId="8c84fa94-04c1-424b-9868-57a2d4851a1d" relativeResultsDirectory="31eddebc-d26f-4625-8a9e-09ea303fd357" />
    <UnitTestResult executionId="ace7f539-7315-4962-aae5-866de9e7a94f" testId="074815db-ddf2-9c1f-0fef-7f709183591e" testName="ToExists_Passing_Service_Not_Found_Returns_False" computerName="PC-SFERRARI" duration="00:00:00.0016133" startTime="2021-05-07T11:43:38.1456840+01:00" endTime="2021-05-07T11:43:38.1474714+01:00" testType="13cdc9d9-ddb5-4fa4-a97d-d965ccfc6d4b" outcome="Passed" testListId="8c84fa94-04c1-424b-9868-57a2d4851a1d" relativeResultsDirectory="ace7f539-7315-4962-aae5-866de9e7a94f" />
    <UnitTestResult executionId="cb3ba2ff-9359-4646-b4e6-ed4a8ed8a7d6" testId="3721d3c1-7c03-ad84-143f-64bfeb5b314e" testName="ToAssembly_Passing_ValidValueAssemblyString_Returns_Assembly" computerName="PC-SFERRARI" duration="00:00:00.0003131" startTime="2021-05-07T11:43:39.1002940+01:00" endTime="2021-05-07T11:43:39.1007595+01:00" testType="13cdc9d9-ddb5-4fa4-a97d-d965ccfc6d4b" outcome="Passed" testListId="8c84fa94-04c1-424b-9868-57a2d4851a1d" relativeResultsDirectory="cb3ba2ff-9359-4646-b4e6-ed4a8ed8a7d6" />
    <UnitTestResult executionId="e3ef633b-68ce-41bc-a412-fcee4662bed7" testId="c8fd6d3c-b723-929b-f175-dbdc2a7be855" testName="ToIsWeekend_Passing_Sunday_DateTime_Returns_True" computerName="PC-SFERRARI" duration="00:00:00.0001835" startTime="2021-05-07T11:43:38.3890378+01:00" endTime="2021-05-07T11:43:38.3893600+01:00" testType="13cdc9d9-ddb5-4fa4-a97d-d965ccfc6d4b" outcome="Passed" testListId="8c84fa94-04c1-424b-9868-57a2d4851a1d" relativeResultsDirectory="e3ef633b-68ce-41bc-a412-fcee4662bed7" />
    <UnitTestResult executionId="d1c5962b-296a-44cd-addb-bc3345b09a45" testId="605637df-9854-875b-b3aa-6675f3fbd045" testName="ToEnum_Passing_ValidValue_String_Returns_EnumValue" computerName="PC-SFERRARI" duration="00:00:00.0020139" startTime="2021-05-07T11:43:38.9745774+01:00" endTime="2021-05-07T11:43:38.9768175+01:00" testType="13cdc9d9-ddb5-4fa4-a97d-d965ccfc6d4b" outcome="Passed" testListId="8c84fa94-04c1-424b-9868-57a2d4851a1d" relativeResultsDirectory="d1c5962b-296a-44cd-addb-bc3345b09a45" />
    <UnitTestResult executionId="64b7eb66-ffe3-40e1-8744-b39e5d1301b2" testId="e0f7dcd9-f363-be9c-de11-457f6a575bee" testName="ToDefaultValue_Passing_float_Returns_Cero" computerName="PC-SFERRARI" duration="00:00:00.0004894" startTime="2021-05-07T11:43:38.4309369+01:00" endTime="2021-05-07T11:43:38.4315154+01:00" testType="13cdc9d9-ddb5-4fa4-a97d-d965ccfc6d4b" outcome="Passed" testListId="8c84fa94-04c1-424b-9868-57a2d4851a1d" relativeResultsDirectory="64b7eb66-ffe3-40e1-8744-b39e5d1301b2" resultType="DataDrivenTest">
      <InnerResults>
        <UnitTestResult executionId="af28e67a-56e0-4fdc-a559-00cde748a810" parentExecutionId="64b7eb66-ffe3-40e1-8744-b39e5d1301b2" testId="e0f7dcd9-f363-be9c-de11-457f6a575bee" testName="ToDefaultValue_Passing_float_Returns_Cero (3,4028235E+38)" computerName="PC-SFERRARI" duration="00:00:00.0002808" startTime="2021-05-07T11:43:38.4309369+01:00" endTime="2021-05-07T11:43:38.4315154+01:00" testType="13cdc9d9-ddb5-4fa4-a97d-d965ccfc6d4b" outcome="Passed" testListId="8c84fa94-04c1-424b-9868-57a2d4851a1d" relativeResultsDirectory="af28e67a-56e0-4fdc-a559-00cde748a810" dataRowInfo="1" resultType="DataDrivenDataRow" />
      </InnerResults>
    </UnitTestResult>
    <UnitTestResult executionId="458b12dc-b90b-4dd6-b91a-846240a432c7" testId="e608205e-4953-e9a3-1956-895ed42ab083" testName="IsFileExtension_Passing_InvalidArguments_Returns_HasErrorsAndCount" computerName="PC-SFERRARI" duration="00:00:00.0002127" startTime="2021-05-07T11:43:39.1498021+01:00" endTime="2021-05-07T11:43:39.1501491+01:00" testType="13cdc9d9-ddb5-4fa4-a97d-d965ccfc6d4b" outcome="Passed" testListId="8c84fa94-04c1-424b-9868-57a2d4851a1d" relativeResultsDirectory="458b12dc-b90b-4dd6-b91a-846240a432c7" />
    <UnitTestResult executionId="22e876ad-940f-4ea5-b486-8edd9aff138d" testId="f2debf4a-2a42-7b0b-1005-8f74a6fc63cb" testName="IsSubdomain_Passing_InvalidArguments_Returns_HasErrorsAndCount" computerName="PC-SFERRARI" duration="00:00:00.0002427" startTime="2021-05-07T11:43:39.1547670+01:00" endTime="2021-05-07T11:43:39.1551668+01:00" testType="13cdc9d9-ddb5-4fa4-a97d-d965ccfc6d4b" outcome="Passed" testListId="8c84fa94-04c1-424b-9868-57a2d4851a1d" relativeResultsDirectory="22e876ad-940f-4ea5-b486-8edd9aff138d" />
    <UnitTestResult executionId="b0a95c52-e9c0-4e8d-998c-704f6cb4f2f0" testId="4234610b-215b-41f7-e61d-4a82851bdfa3" testName="ToDefaultValue_Passing_int_Returns_Cero" computerName="PC-SFERRARI" duration="00:00:00.0004572" startTime="2021-05-07T11:43:38.4287827+01:00" endTime="2021-05-07T11:43:38.4294916+01:00" testType="13cdc9d9-ddb5-4fa4-a97d-d965ccfc6d4b" outcome="Passed" testListId="8c84fa94-04c1-424b-9868-57a2d4851a1d" relativeResultsDirectory="b0a95c52-e9c0-4e8d-998c-704f6cb4f2f0" resultType="DataDrivenTest">
      <InnerResults>
        <UnitTestResult executionId="41ea36ab-455b-4f83-9804-f083fc86bbc3" parentExecutionId="b0a95c52-e9c0-4e8d-998c-704f6cb4f2f0" testId="4234610b-215b-41f7-e61d-4a82851bdfa3" testName="ToDefaultValue_Passing_int_Returns_Cero (2147483647)" computerName="PC-SFERRARI" duration="00:00:00.0003672" startTime="2021-05-07T11:43:38.4287827+01:00" endTime="2021-05-07T11:43:38.4294916+01:00" testType="13cdc9d9-ddb5-4fa4-a97d-d965ccfc6d4b" outcome="Passed" testListId="8c84fa94-04c1-424b-9868-57a2d4851a1d" relativeResultsDirectory="41ea36ab-455b-4f83-9804-f083fc86bbc3" dataRowInfo="1" resultType="DataDrivenDataRow" />
      </InnerResults>
    </UnitTestResult>
    <UnitTestResult executionId="6cc31e7c-320c-4e66-818d-80e0d46e0063" testId="6088101f-62c5-69c8-6751-05523b132d06" testName="CreateAndVerifySHA512_Passing_Valid_Arguments_Returns_True" computerName="PC-SFERRARI" duration="00:00:00.0003889" startTime="2021-05-07T11:43:39.2091590+01:00" endTime="2021-05-07T11:43:39.2096361+01:00" testType="13cdc9d9-ddb5-4fa4-a97d-d965ccfc6d4b" outcome="Passed" testListId="8c84fa94-04c1-424b-9868-57a2d4851a1d" relativeResultsDirectory="6cc31e7c-320c-4e66-818d-80e0d46e0063" resultType="DataDrivenTest">
      <InnerResults>
        <UnitTestResult executionId="6a528e37-68f8-42e7-8c7e-a21cba6920ac" parentExecutionId="6cc31e7c-320c-4e66-818d-80e0d46e0063" testId="6088101f-62c5-69c8-6751-05523b132d06" testName="CreateAndVerifySHA512_Passing_Valid_Arguments_Returns_True (Password)" computerName="PC-SFERRARI" duration="00:00:00.0002715" startTime="2021-05-07T11:43:39.2091590+01:00" endTime="2021-05-07T11:43:39.2096361+01:00" testType="13cdc9d9-ddb5-4fa4-a97d-d965ccfc6d4b" outcome="Passed" testListId="8c84fa94-04c1-424b-9868-57a2d4851a1d" relativeResultsDirectory="6a528e37-68f8-42e7-8c7e-a21cba6920ac" dataRowInfo="1" resultType="DataDrivenDataRow" />
        <UnitTestResult executionId="891c359a-d930-4854-8e1f-94b35af45d40" parentExecutionId="6cc31e7c-320c-4e66-818d-80e0d46e0063" testId="6088101f-62c5-69c8-6751-05523b132d06" testName="CreateAndVerifySHA512_Passing_Valid_Arguments_Returns_True (HashTests)" computerName="PC-SFERRARI" duration="00:00:00.0000323" startTime="2021-05-07T11:43:39.2091590+01:00" endTime="2021-05-07T11:43:39.2096361+01:00" testType="13cdc9d9-ddb5-4fa4-a97d-d965ccfc6d4b" outcome="Passed" testListId="8c84fa94-04c1-424b-9868-57a2d4851a1d" relativeResultsDirectory="891c359a-d930-4854-8e1f-94b35af45d40" dataRowInfo="2" resultType="DataDrivenDataRow" />
        <UnitTestResult executionId="ecd86dff-8ec1-4d45-9ad5-2988d650ff3b" parentExecutionId="6cc31e7c-320c-4e66-818d-80e0d46e0063" testId="6088101f-62c5-69c8-6751-05523b132d06" testName="CreateAndVerifySHA512_Passing_Valid_Arguments_Returns_True (sdlfkjldsfksdfñl·%$·&amp;$/U&amp;/)(&amp;()?=)¿?^P*^PÑL,.,.lñ´ñ+98098'098098)" computerName="PC-SFERRARI" duration="00:00:00.0000274" startTime="2021-05-07T11:43:39.2091590+01:00" endTime="2021-05-07T11:43:39.2096361+01:00" testType="13cdc9d9-ddb5-4fa4-a97d-d965ccfc6d4b" outcome="Passed" testListId="8c84fa94-04c1-424b-9868-57a2d4851a1d" relativeResultsDirectory="ecd86dff-8ec1-4d45-9ad5-2988d650ff3b" dataRowInfo="3" resultType="DataDrivenDataRow" />
      </InnerResults>
    </UnitTestResult>
    <UnitTestResult executionId="8a2b08fc-c8f8-4d83-99b6-e1c94b599f2a" testId="481343f9-3ff3-548f-0c6c-41599cf65802" testName="CreateRandom_WithDefaultAllowableCharacters_Passing_ValidArguments_Returns_String_Random_Value" computerName="PC-SFERRARI" duration="00:00:00.0010935" startTime="2021-05-07T11:43:39.1914743+01:00" endTime="2021-05-07T11:43:39.1928808+01:00" testType="13cdc9d9-ddb5-4fa4-a97d-d965ccfc6d4b" outcome="Passed" testListId="8c84fa94-04c1-424b-9868-57a2d4851a1d" relativeResultsDirectory="8a2b08fc-c8f8-4d83-99b6-e1c94b599f2a" resultType="DataDrivenTest">
      <InnerResults>
        <UnitTestResult executionId="76d5478d-cea6-4877-9c86-d3016391c64b" parentExecutionId="8a2b08fc-c8f8-4d83-99b6-e1c94b599f2a" testId="481343f9-3ff3-548f-0c6c-41599cf65802" testName="CreateRandom_WithDefaultAllowableCharacters_Passing_ValidArguments_Returns_String_Random_Value (5)" computerName="PC-SFERRARI" duration="00:00:00.0009512" startTime="2021-05-07T11:43:39.1914743+01:00" endTime="2021-05-07T11:43:39.1928808+01:00" testType="13cdc9d9-ddb5-4fa4-a97d-d965ccfc6d4b" outcome="Passed" testListId="8c84fa94-04c1-424b-9868-57a2d4851a1d" relativeResultsDirectory="76d5478d-cea6-4877-9c86-d3016391c64b" dataRowInfo="1" resultType="DataDrivenDataRow" />
        <UnitTestResult executionId="9cf2c91f-25b0-4512-a360-5112599d3b96" parentExecutionId="8a2b08fc-c8f8-4d83-99b6-e1c94b599f2a" testId="481343f9-3ff3-548f-0c6c-41599cf65802" testName="CreateRandom_WithDefaultAllowableCharacters_Passing_ValidArguments_Returns_String_Random_Value (10)" computerName="PC-SFERRARI" duration="00:00:00.0000098" startTime="2021-05-07T11:43:39.1914743+01:00" endTime="2021-05-07T11:43:39.1928808+01:00" testType="13cdc9d9-ddb5-4fa4-a97d-d965ccfc6d4b" outcome="Passed" testListId="8c84fa94-04c1-424b-9868-57a2d4851a1d" relativeResultsDirectory="9cf2c91f-25b0-4512-a360-5112599d3b96" dataRowInfo="2" resultType="DataDrivenDataRow" />
        <UnitTestResult executionId="48dd9c14-6226-4602-90d8-fa32d14dbb99" parentExecutionId="8a2b08fc-c8f8-4d83-99b6-e1c94b599f2a" testId="481343f9-3ff3-548f-0c6c-41599cf65802" testName="CreateRandom_WithDefaultAllowableCharacters_Passing_ValidArguments_Returns_String_Random_Value (20)" computerName="PC-SFERRARI" duration="00:00:00.0000083" startTime="2021-05-07T11:43:39.1914743+01:00" endTime="2021-05-07T11:43:39.1928808+01:00" testType="13cdc9d9-ddb5-4fa4-a97d-d965ccfc6d4b" outcome="Passed" testListId="8c84fa94-04c1-424b-9868-57a2d4851a1d" relativeResultsDirectory="48dd9c14-6226-4602-90d8-fa32d14dbb99" dataRowInfo="3" resultType="DataDrivenDataRow" />
      </InnerResults>
    </UnitTestResult>
    <UnitTestResult executionId="237e1b35-ace5-44e5-9579-bb1cb227155b" testId="579b7361-19a9-f329-acb3-de102dcfc793" testName="ToDefaultValue_Passing_ValidString_Returns_DefaultValue" computerName="PC-SFERRARI" duration="00:00:00.0001693" startTime="2021-05-07T11:43:39.1108754+01:00" endTime="2021-05-07T11:43:39.1111563+01:00" testType="13cdc9d9-ddb5-4fa4-a97d-d965ccfc6d4b" outcome="Passed" testListId="8c84fa94-04c1-424b-9868-57a2d4851a1d" relativeResultsDirectory="237e1b35-ace5-44e5-9579-bb1cb227155b" />
    <UnitTestResult executionId="4dbf6ad9-d7b6-4aa9-b7bb-49fce742fabd" testId="f8b74494-d277-7173-e694-2a4d463a4607" testName="ToMapList_Passing_Source_Type_And_Destination_Type_Returns_Destination_Object_List" computerName="PC-SFERRARI" duration="00:00:00.0439953" startTime="2021-05-07T11:43:37.8270489+01:00" endTime="2021-05-07T11:43:37.8711780+01:00" testType="13cdc9d9-ddb5-4fa4-a97d-d965ccfc6d4b" outcome="Passed" testListId="8c84fa94-04c1-424b-9868-57a2d4851a1d" relativeResultsDirectory="4dbf6ad9-d7b6-4aa9-b7bb-49fce742fabd" />
    <UnitTestResult executionId="dbbe3221-5b8f-46ec-bee4-27e7bcaba09f" testId="19f76070-822e-31f8-2a9f-a96f774333a7" testName="ToInt_Passing_InvalidValueString_Returns_DefaultValue" computerName="PC-SFERRARI" duration="00:00:00.0002765" startTime="2021-05-07T11:43:39.0567891+01:00" endTime="2021-05-07T11:43:39.0571774+01:00" testType="13cdc9d9-ddb5-4fa4-a97d-d965ccfc6d4b" outcome="Passed" testListId="8c84fa94-04c1-424b-9868-57a2d4851a1d" relativeResultsDirectory="dbbe3221-5b8f-46ec-bee4-27e7bcaba09f" resultType="DataDrivenTest">
      <InnerResults>
        <UnitTestResult executionId="a31c9f4c-64a1-4ec2-a0cc-5100afefaa38" parentExecutionId="dbbe3221-5b8f-46ec-bee4-27e7bcaba09f" testId="19f76070-822e-31f8-2a9f-a96f774333a7" testName="ToInt_Passing_InvalidValueString_Returns_DefaultValue (1.3333)" computerName="PC-SFERRARI" duration="00:00:00.0001588" startTime="2021-05-07T11:43:39.0567891+01:00" endTime="2021-05-07T11:43:39.0571774+01:00" testType="13cdc9d9-ddb5-4fa4-a97d-d965ccfc6d4b" outcome="Passed" testListId="8c84fa94-04c1-424b-9868-57a2d4851a1d" relativeResultsDirectory="a31c9f4c-64a1-4ec2-a0cc-5100afefaa38" dataRowInfo="1" resultType="DataDrivenDataRow" />
        <UnitTestResult executionId="3be14747-ef13-4541-92ce-dd46b5f27903" parentExecutionId="dbbe3221-5b8f-46ec-bee4-27e7bcaba09f" testId="19f76070-822e-31f8-2a9f-a96f774333a7" testName="ToInt_Passing_InvalidValueString_Returns_DefaultValue (1,3333)" computerName="PC-SFERRARI" duration="00:00:00.0000058" startTime="2021-05-07T11:43:39.0567891+01:00" endTime="2021-05-07T11:43:39.0571774+01:00" testType="13cdc9d9-ddb5-4fa4-a97d-d965ccfc6d4b" outcome="Passed" testListId="8c84fa94-04c1-424b-9868-57a2d4851a1d" relativeResultsDirectory="3be14747-ef13-4541-92ce-dd46b5f27903" dataRowInfo="2" resultType="DataDrivenDataRow" />
        <UnitTestResult executionId="729c5243-591d-4cda-b738-e08718244cf1" parentExecutionId="dbbe3221-5b8f-46ec-bee4-27e7bcaba09f" testId="19f76070-822e-31f8-2a9f-a96f774333a7" testName="ToInt_Passing_InvalidValueString_Returns_DefaultValue (1.333,39)" computerName="PC-SFERRARI" duration="00:00:00.0000039" startTime="2021-05-07T11:43:39.0567891+01:00" endTime="2021-05-07T11:43:39.0571774+01:00" testType="13cdc9d9-ddb5-4fa4-a97d-d965ccfc6d4b" outcome="Passed" testListId="8c84fa94-04c1-424b-9868-57a2d4851a1d" relativeResultsDirectory="729c5243-591d-4cda-b738-e08718244cf1" dataRowInfo="3" resultType="DataDrivenDataRow" />
        <UnitTestResult executionId="f2cc247b-6da8-4128-b146-bcc3fa382ccf" parentExecutionId="dbbe3221-5b8f-46ec-bee4-27e7bcaba09f" testId="19f76070-822e-31f8-2a9f-a96f774333a7" testName="ToInt_Passing_InvalidValueString_Returns_DefaultValue (999999439293294392492349329493294)" computerName="PC-SFERRARI" duration="00:00:00.0000040" startTime="2021-05-07T11:43:39.0567891+01:00" endTime="2021-05-07T11:43:39.0571774+01:00" testType="13cdc9d9-ddb5-4fa4-a97d-d965ccfc6d4b" outcome="Passed" testListId="8c84fa94-04c1-424b-9868-57a2d4851a1d" relativeResultsDirectory="f2cc247b-6da8-4128-b146-bcc3fa382ccf" dataRowInfo="4" resultType="DataDrivenDataRow" />
        <UnitTestResult executionId="617e5b36-4518-43e3-97cb-febcc9bf9649" parentExecutionId="dbbe3221-5b8f-46ec-bee4-27e7bcaba09f" testId="19f76070-822e-31f8-2a9f-a96f774333a7" testName="ToInt_Passing_InvalidValueString_Returns_DefaultValue (asdasdasdasd234324)" computerName="PC-SFERRARI" duration="00:00:00.0000038" startTime="2021-05-07T11:43:39.0567891+01:00" endTime="2021-05-07T11:43:39.0571774+01:00" testType="13cdc9d9-ddb5-4fa4-a97d-d965ccfc6d4b" outcome="Passed" testListId="8c84fa94-04c1-424b-9868-57a2d4851a1d" relativeResultsDirectory="617e5b36-4518-43e3-97cb-febcc9bf9649" dataRowInfo="5" resultType="DataDrivenDataRow" />
      </InnerResults>
    </UnitTestResult>
    <UnitTestResult executionId="dfbae8d3-3b2c-4439-886e-0c66a3d9d1b9" testId="b048c16a-68b4-cdf3-3166-fb9613323b68" testName="ToDetails_Passing_HttpContext_WithOptionalData_Returns_Details_HttpContext" computerName="PC-SFERRARI" duration="00:00:00.0014023" startTime="2021-05-07T11:43:38.4653798+01:00" endTime="2021-05-07T11:43:38.4669350+01:00" testType="13cdc9d9-ddb5-4fa4-a97d-d965ccfc6d4b" outcome="Passed" testListId="8c84fa94-04c1-424b-9868-57a2d4851a1d" relativeResultsDirectory="dfbae8d3-3b2c-4439-886e-0c66a3d9d1b9" />
    <UnitTestResult executionId="f5219794-84c0-4326-8022-d88e3806f68b" testId="6fc389b2-a5f3-ded0-63b6-7e1b4cca8442" testName="ToPaged_Passing_Name_Ascending_Order_Returns_Filter_List" computerName="PC-SFERRARI" duration="00:00:00.0016911" startTime="2021-05-07T11:43:38.8017886+01:00" endTime="2021-05-07T11:43:38.8036304+01:00" testType="13cdc9d9-ddb5-4fa4-a97d-d965ccfc6d4b" outcome="Passed" testListId="8c84fa94-04c1-424b-9868-57a2d4851a1d" relativeResultsDirectory="f5219794-84c0-4326-8022-d88e3806f68b" />
    <UnitTestResult executionId="9575ec7b-2515-45f6-94ec-9bca25dde2c9" testId="e2880a6e-7a01-b4ba-86fb-4d33be072972" testName="ToExists_Passing_Valid_Service_Returns_True" computerName="PC-SFERRARI" duration="00:00:00.0004116" startTime="2021-05-07T11:43:38.8135534+01:00" endTime="2021-05-07T11:43:38.8140812+01:00" testType="13cdc9d9-ddb5-4fa4-a97d-d965ccfc6d4b" outcome="Passed" testListId="8c84fa94-04c1-424b-9868-57a2d4851a1d" relativeResultsDirectory="9575ec7b-2515-45f6-94ec-9bca25dde2c9" />
    <UnitTestResult executionId="e4795ea7-d8f0-4d50-a9e2-886e0617b727" testId="0cb5eb43-9273-0bdf-bd18-53b184535503" testName="ToMessage_Passing_ExceptionWithMessage_Returns_Message" computerName="PC-SFERRARI" duration="00:00:00.0007753" startTime="2021-05-07T11:43:38.4115400+01:00" endTime="2021-05-07T11:43:38.4126076+01:00" testType="13cdc9d9-ddb5-4fa4-a97d-d965ccfc6d4b" outcome="Passed" testListId="8c84fa94-04c1-424b-9868-57a2d4851a1d" relativeResultsDirectory="e4795ea7-d8f0-4d50-a9e2-886e0617b727" />
    <UnitTestResult executionId="38c68821-2ff4-40ab-a850-390679b0c953" testId="7384e2f6-7a7f-d462-78fa-5bf7f49c326a" testName="ToIsAuthenticated_Passing_Claims_Returns_False" computerName="PC-SFERRARI" duration="00:00:00.0008187" startTime="2021-05-07T11:43:38.2994101+01:00" endTime="2021-05-07T11:43:38.3003496+01:00" testType="13cdc9d9-ddb5-4fa4-a97d-d965ccfc6d4b" outcome="Passed" testListId="8c84fa94-04c1-424b-9868-57a2d4851a1d" relativeResultsDirectory="38c68821-2ff4-40ab-a850-390679b0c953" />
    <UnitTestResult executionId="03518ee7-a470-4115-baa9-cc65a1deebe6" testId="0f697beb-b7a4-6aa6-9017-b57feeb9ba7f" testName="ToEnvironment_ServiceCollection_Passing_Development_Enviroment_Returns_Development_Name" computerName="PC-SFERRARI" duration="00:00:00.0010140" startTime="2021-05-07T11:43:38.8043710+01:00" endTime="2021-05-07T11:43:38.8057427+01:00" testType="13cdc9d9-ddb5-4fa4-a97d-d965ccfc6d4b" outcome="Passed" testListId="8c84fa94-04c1-424b-9868-57a2d4851a1d" relativeResultsDirectory="03518ee7-a470-4115-baa9-cc65a1deebe6" />
    <UnitTestResult executionId="32d08fce-2ebb-44fc-a86b-048a700d1f82" testId="e37f41d3-77a8-1acd-c258-fbb5b724b134" testName="ToDefaultValue_Passing_ValidInt_Returns_DefaultValue" computerName="PC-SFERRARI" duration="00:00:00.0002263" startTime="2021-05-07T11:43:39.1104014+01:00" endTime="2021-05-07T11:43:39.1108322+01:00" testType="13cdc9d9-ddb5-4fa4-a97d-d965ccfc6d4b" outcome="Passed" testListId="8c84fa94-04c1-424b-9868-57a2d4851a1d" relativeResultsDirectory="32d08fce-2ebb-44fc-a86b-048a700d1f82" />
    <UnitTestResult executionId="8207b306-306d-4b5e-b1f4-fa40f03f574c" testId="c330741e-ad40-618c-36cc-508c135d2b95" testName="ToService_Passing_NotFound_Service_Returns_Null" computerName="PC-SFERRARI" duration="00:00:00.0001247" startTime="2021-05-07T11:43:38.8141098+01:00" endTime="2021-05-07T11:43:38.8143438+01:00" testType="13cdc9d9-ddb5-4fa4-a97d-d965ccfc6d4b" outcome="Passed" testListId="8c84fa94-04c1-424b-9868-57a2d4851a1d" relativeResultsDirectory="8207b306-306d-4b5e-b1f4-fa40f03f574c" />
    <UnitTestResult executionId="6e81845d-ebde-49a3-96cb-3be256dba00b" testId="06b145c3-38af-bef9-3a11-59191b7a7e3e" testName="ResultBadRequest_WithErrors_Dictionary" computerName="PC-SFERRARI" duration="00:00:00.0016582" startTime="2021-05-07T11:43:39.2483574+01:00" endTime="2021-05-07T11:43:39.2501765+01:00" testType="13cdc9d9-ddb5-4fa4-a97d-d965ccfc6d4b" outcome="Passed" testListId="8c84fa94-04c1-424b-9868-57a2d4851a1d" relativeResultsDirectory="6e81845d-ebde-49a3-96cb-3be256dba00b" />
    <UnitTestResult executionId="96e50b4b-f0a2-41cf-b54c-fbc802fa5979" testId="678a7b5d-e2f9-09be-f35f-0e3e4d5ad033" testName="ToDeserialize_Passing_String_Returns_Object" computerName="PC-SFERRARI" duration="00:00:00.0024035" startTime="2021-05-07T11:43:38.7914759+01:00" endTime="2021-05-07T11:43:38.7939723+01:00" testType="13cdc9d9-ddb5-4fa4-a97d-d965ccfc6d4b" outcome="Passed" testListId="8c84fa94-04c1-424b-9868-57a2d4851a1d" relativeResultsDirectory="96e50b4b-f0a2-41cf-b54c-fbc802fa5979" />
    <UnitTestResult executionId="3bc49e41-d085-4cdc-bfc1-8e823e1dbf37" testId="c09577a6-adca-ef94-40b5-45575ad65e4f" testName="ToEnvironment_ServiceProvider_Passing_Development_Enviroment_Returns_Development_Name" computerName="PC-SFERRARI" duration="00:00:00.0006335" startTime="2021-05-07T11:43:38.8123584+01:00" endTime="2021-05-07T11:43:38.8130990+01:00" testType="13cdc9d9-ddb5-4fa4-a97d-d965ccfc6d4b" outcome="Passed" testListId="8c84fa94-04c1-424b-9868-57a2d4851a1d" relativeResultsDirectory="3bc49e41-d085-4cdc-bfc1-8e823e1dbf37" />
    <UnitTestResult executionId="b1eec718-9728-4b1a-90af-2cf6af196232" testId="27cc1a96-8264-8762-05bc-aa63ccb155d7" testName="ToMapClone_Passing_Source_Returns_New_Source_Object" computerName="PC-SFERRARI" duration="00:00:00.3243304" startTime="2021-05-07T11:43:37.4729879+01:00" endTime="2021-05-07T11:43:37.7977248+01:00" testType="13cdc9d9-ddb5-4fa4-a97d-d965ccfc6d4b" outcome="Passed" testListId="8c84fa94-04c1-424b-9868-57a2d4851a1d" relativeResultsDirectory="b1eec718-9728-4b1a-90af-2cf6af196232" />
    <UnitTestResult executionId="66dac07f-4dd4-4167-8f82-ad2c452da308" testId="ac572b27-5286-68a4-5380-d7de82fbf69a" testName="ToFormat_Passing_ValidValueFormatWithArguments_Returns_ValueWithFormat" computerName="PC-SFERRARI" duration="00:00:00.0005815" startTime="2021-05-07T11:43:39.0994153+01:00" endTime="2021-05-07T11:43:39.1002460+01:00" testType="13cdc9d9-ddb5-4fa4-a97d-d965ccfc6d4b" outcome="Passed" testListId="8c84fa94-04c1-424b-9868-57a2d4851a1d" relativeResultsDirectory="66dac07f-4dd4-4167-8f82-ad2c452da308" />
    <UnitTestResult executionId="0de22d5e-b567-4211-b7fa-324d1d4e213c" testId="a0ed43cd-0648-ddf9-c80e-52c6889ee049" testName="ToDictionaryPropertyInfo_Passing_Object_IncludeNullOrEmptyProperty_Returns_Properties_NameAndValue_Dictionary" computerName="PC-SFERRARI" duration="00:00:00.0005015" startTime="2021-05-07T11:43:38.4406713+01:00" endTime="2021-05-07T11:43:38.4413399+01:00" testType="13cdc9d9-ddb5-4fa4-a97d-d965ccfc6d4b" outcome="Passed" testListId="8c84fa94-04c1-424b-9868-57a2d4851a1d" relativeResultsDirectory="0de22d5e-b567-4211-b7fa-324d1d4e213c" />
    <UnitTestResult executionId="60ab5ac7-0358-45df-95cf-7380c643213c" testId="772d3145-280a-fb9f-03c2-247d0f593a66" testName="IsCustom_Passing_InvalidArguments_Returns_HasErrorsAndCount" computerName="PC-SFERRARI" duration="00:00:00.0078823" startTime="2021-05-07T11:43:39.1395088+01:00" endTime="2021-05-07T11:43:39.1475142+01:00" testType="13cdc9d9-ddb5-4fa4-a97d-d965ccfc6d4b" outcome="Passed" testListId="8c84fa94-04c1-424b-9868-57a2d4851a1d" relativeResultsDirectory="60ab5ac7-0358-45df-95cf-7380c643213c" />
    <UnitTestResult executionId="0f026594-d342-4458-97c4-0edef2d5e6e2" testId="8c1d1a56-be42-3df5-a82e-36b97c2860b8" testName="ToEnum_Passing_InvalidValueInt_Returns_EnumDefaultValue" computerName="PC-SFERRARI" duration="00:00:00.0001384" startTime="2021-05-07T11:43:38.9778406+01:00" endTime="2021-05-07T11:43:38.9780878+01:00" testType="13cdc9d9-ddb5-4fa4-a97d-d965ccfc6d4b" outcome="Passed" testListId="8c84fa94-04c1-424b-9868-57a2d4851a1d" relativeResultsDirectory="0f026594-d342-4458-97c4-0edef2d5e6e2" />
    <UnitTestResult executionId="b9f3d676-9bf0-476b-81e5-0469d34a290e" testId="1f173fff-9060-8c18-f825-225901225244" testName="ToStartOfWeek_Passing_DateTime_Returns_Start_Of_Week_DateTime" computerName="PC-SFERRARI" duration="00:00:00.0002749" startTime="2021-05-07T11:43:38.3964313+01:00" endTime="2021-05-07T11:43:38.3968073+01:00" testType="13cdc9d9-ddb5-4fa4-a97d-d965ccfc6d4b" outcome="Passed" testListId="8c84fa94-04c1-424b-9868-57a2d4851a1d" relativeResultsDirectory="b9f3d676-9bf0-476b-81e5-0469d34a290e" />
    <UnitTestResult executionId="c17e5a77-c67b-4bba-855a-f79e3105407b" testId="a6625fb0-1b80-148b-87dc-9cf616e5e84d" testName="ToList_Passing_ValidEnumType_Returns_ValuesList" computerName="PC-SFERRARI" duration="00:00:00.0056587" startTime="2021-05-07T11:43:39.1815592+01:00" endTime="2021-05-07T11:43:39.1874405+01:00" testType="13cdc9d9-ddb5-4fa4-a97d-d965ccfc6d4b" outcome="Passed" testListId="8c84fa94-04c1-424b-9868-57a2d4851a1d" relativeResultsDirectory="c17e5a77-c67b-4bba-855a-f79e3105407b" />
    <UnitTestResult executionId="0586b564-203d-4022-8b6f-540d8fb69423" testId="4315ebd1-3e2a-edf0-9de6-c78f08760fe3" testName="ToFirstLetterLower_Passing_ValidValue_Returns_StringWithFirstLetterLower" computerName="PC-SFERRARI" duration="00:00:00.0004736" startTime="2021-05-07T11:43:38.9836179+01:00" endTime="2021-05-07T11:43:38.9842825+01:00" testType="13cdc9d9-ddb5-4fa4-a97d-d965ccfc6d4b" outcome="Passed" testListId="8c84fa94-04c1-424b-9868-57a2d4851a1d" relativeResultsDirectory="0586b564-203d-4022-8b6f-540d8fb69423" resultType="DataDrivenTest">
      <InnerResults>
        <UnitTestResult executionId="a30a0277-8fdb-4508-a6ee-f09931a88581" parentExecutionId="0586b564-203d-4022-8b6f-540d8fb69423" testId="4315ebd1-3e2a-edf0-9de6-c78f08760fe3" testName="ToFirstLetterLower_Passing_ValidValue_Returns_StringWithFirstLetterLower (aeiou,aeiou)" computerName="PC-SFERRARI" duration="00:00:00.0003381" startTime="2021-05-07T11:43:38.9836179+01:00" endTime="2021-05-07T11:43:38.9842825+01:00" testType="13cdc9d9-ddb5-4fa4-a97d-d965ccfc6d4b" outcome="Passed" testListId="8c84fa94-04c1-424b-9868-57a2d4851a1d" relativeResultsDirectory="a30a0277-8fdb-4508-a6ee-f09931a88581" dataRowInfo="1" resultType="DataDrivenDataRow" />
        <UnitTestResult executionId="e59fea40-b45d-4a97-b39a-6f68c06669b8" parentExecutionId="0586b564-203d-4022-8b6f-540d8fb69423" testId="4315ebd1-3e2a-edf0-9de6-c78f08760fe3" testName="ToFirstLetterLower_Passing_ValidValue_Returns_StringWithFirstLetterLower (aEIOU,aEIOU)" computerName="PC-SFERRARI" duration="00:00:00.0000059" startTime="2021-05-07T11:43:38.9836179+01:00" endTime="2021-05-07T11:43:38.9842825+01:00" testType="13cdc9d9-ddb5-4fa4-a97d-d965ccfc6d4b" outcome="Passed" testListId="8c84fa94-04c1-424b-9868-57a2d4851a1d" relativeResultsDirectory="e59fea40-b45d-4a97-b39a-6f68c06669b8" dataRowInfo="2" resultType="DataDrivenDataRow" />
        <UnitTestResult executionId="9c3f09de-5574-4a26-9fb9-0efacd316a43" parentExecutionId="0586b564-203d-4022-8b6f-540d8fb69423" testId="4315ebd1-3e2a-edf0-9de6-c78f08760fe3" testName="ToFirstLetterLower_Passing_ValidValue_Returns_StringWithFirstLetterLower (aeioU,aeioU)" computerName="PC-SFERRARI" duration="00:00:00.0000037" startTime="2021-05-07T11:43:38.9836179+01:00" endTime="2021-05-07T11:43:38.9842825+01:00" testType="13cdc9d9-ddb5-4fa4-a97d-d965ccfc6d4b" outcome="Passed" testListId="8c84fa94-04c1-424b-9868-57a2d4851a1d" relativeResultsDirectory="9c3f09de-5574-4a26-9fb9-0efacd316a43" dataRowInfo="3" resultType="DataDrivenDataRow" />
        <UnitTestResult executionId="abd22cd2-c1d8-4f3c-9e24-18fb593bc846" parentExecutionId="0586b564-203d-4022-8b6f-540d8fb69423" testId="4315ebd1-3e2a-edf0-9de6-c78f08760fe3" testName="ToFirstLetterLower_Passing_ValidValue_Returns_StringWithFirstLetterLower (AEIOU,aEIOU)" computerName="PC-SFERRARI" duration="00:00:00.0000032" startTime="2021-05-07T11:43:38.9836179+01:00" endTime="2021-05-07T11:43:38.9842825+01:00" testType="13cdc9d9-ddb5-4fa4-a97d-d965ccfc6d4b" outcome="Passed" testListId="8c84fa94-04c1-424b-9868-57a2d4851a1d" relativeResultsDirectory="abd22cd2-c1d8-4f3c-9e24-18fb593bc846" dataRowInfo="4" resultType="DataDrivenDataRow" />
        <UnitTestResult executionId="98a6c2cc-771f-4fbf-b88e-88f9c3fc9365" parentExecutionId="0586b564-203d-4022-8b6f-540d8fb69423" testId="4315ebd1-3e2a-edf0-9de6-c78f08760fe3" testName="ToFirstLetterLower_Passing_ValidValue_Returns_StringWithFirstLetterLower (Aeiou,aeiou)" computerName="PC-SFERRARI" duration="00:00:00.0000032" startTime="2021-05-07T11:43:38.9836179+01:00" endTime="2021-05-07T11:43:38.9842825+01:00" testType="13cdc9d9-ddb5-4fa4-a97d-d965ccfc6d4b" outcome="Passed" testListId="8c84fa94-04c1-424b-9868-57a2d4851a1d" relativeResultsDirectory="98a6c2cc-771f-4fbf-b88e-88f9c3fc9365" dataRowInfo="5" resultType="DataDrivenDataRow" />
      </InnerResults>
    </UnitTestResult>
    <UnitTestResult executionId="afcc82a7-e1ed-4e00-b0ae-bfd5ee3dc783" testId="f752d50b-77fa-327a-4493-168161bd27b2" testName="ToDefaultValue_Passing_double_Returns_Cero" computerName="PC-SFERRARI" duration="00:00:00.0004638" startTime="2021-05-07T11:43:38.4360474+01:00" endTime="2021-05-07T11:43:38.4366818+01:00" testType="13cdc9d9-ddb5-4fa4-a97d-d965ccfc6d4b" outcome="Passed" testListId="8c84fa94-04c1-424b-9868-57a2d4851a1d" relativeResultsDirectory="afcc82a7-e1ed-4e00-b0ae-bfd5ee3dc783" resultType="DataDrivenTest">
      <InnerResults>
        <UnitTestResult executionId="cef60c9b-2d7d-4fe1-84ac-0d014fa434cc" parentExecutionId="afcc82a7-e1ed-4e00-b0ae-bfd5ee3dc783" testId="f752d50b-77fa-327a-4493-168161bd27b2" testName="ToDefaultValue_Passing_double_Returns_Cero (1,7976931348623157E+308)" computerName="PC-SFERRARI" duration="00:00:00.0003748" startTime="2021-05-07T11:43:38.4360474+01:00" endTime="2021-05-07T11:43:38.4366818+01:00" testType="13cdc9d9-ddb5-4fa4-a97d-d965ccfc6d4b" outcome="Passed" testListId="8c84fa94-04c1-424b-9868-57a2d4851a1d" relativeResultsDirectory="cef60c9b-2d7d-4fe1-84ac-0d014fa434cc" dataRowInfo="1" resultType="DataDrivenDataRow" />
      </InnerResults>
    </UnitTestResult>
    <UnitTestResult executionId="60847407-c0f3-4c92-87f6-73eb767aa3f8" testId="b79ee054-2363-6600-c9a3-db00cdcc0f2c" testName="ResultUnauthorized" computerName="PC-SFERRARI" duration="00:00:00.0006654" startTime="2021-05-07T11:43:39.2416169+01:00" endTime="2021-05-07T11:43:39.2424669+01:00" testType="13cdc9d9-ddb5-4fa4-a97d-d965ccfc6d4b" outcome="Passed" testListId="8c84fa94-04c1-424b-9868-57a2d4851a1d" relativeResultsDirectory="60847407-c0f3-4c92-87f6-73eb767aa3f8" />
    <UnitTestResult executionId="3dd93156-f467-4553-a49a-da43c94071b5" testId="bc15aa99-72de-0e5a-b6e8-2d654659d591" testName="ToUri_Passing_InvalidValueString_Returns_DefaultValue" computerName="PC-SFERRARI" duration="00:00:00.0003378" startTime="2021-05-07T11:43:39.0348630+01:00" endTime="2021-05-07T11:43:39.0353534+01:00" testType="13cdc9d9-ddb5-4fa4-a97d-d965ccfc6d4b" outcome="Passed" testListId="8c84fa94-04c1-424b-9868-57a2d4851a1d" relativeResultsDirectory="3dd93156-f467-4553-a49a-da43c94071b5" resultType="DataDrivenTest">
      <InnerResults>
        <UnitTestResult executionId="f6050004-546f-4c47-980e-ca56a0f61544" parentExecutionId="3dd93156-f467-4553-a49a-da43c94071b5" testId="bc15aa99-72de-0e5a-b6e8-2d654659d591" testName="ToUri_Passing_InvalidValueString_Returns_DefaultValue (http://?)" computerName="PC-SFERRARI" duration="00:00:00.0001893" startTime="2021-05-07T11:43:39.0348630+01:00" endTime="2021-05-07T11:43:39.0353534+01:00" testType="13cdc9d9-ddb5-4fa4-a97d-d965ccfc6d4b" outcome="Passed" testListId="8c84fa94-04c1-424b-9868-57a2d4851a1d" relativeResultsDirectory="f6050004-546f-4c47-980e-ca56a0f61544" dataRowInfo="1" resultType="DataDrivenDataRow" />
        <UnitTestResult executionId="3f65499f-e7b3-4991-ad4e-67a274f7be93" parentExecutionId="3dd93156-f467-4553-a49a-da43c94071b5" testId="bc15aa99-72de-0e5a-b6e8-2d654659d591" testName="ToUri_Passing_InvalidValueString_Returns_DefaultValue (http://)" computerName="PC-SFERRARI" duration="00:00:00.0000054" startTime="2021-05-07T11:43:39.0348630+01:00" endTime="2021-05-07T11:43:39.0353534+01:00" testType="13cdc9d9-ddb5-4fa4-a97d-d965ccfc6d4b" outcome="Passed" testListId="8c84fa94-04c1-424b-9868-57a2d4851a1d" relativeResultsDirectory="3f65499f-e7b3-4991-ad4e-67a274f7be93" dataRowInfo="2" resultType="DataDrivenDataRow" />
        <UnitTestResult executionId="e55a71a2-c4d8-435c-906b-ab31a03726b7" parentExecutionId="3dd93156-f467-4553-a49a-da43c94071b5" testId="bc15aa99-72de-0e5a-b6e8-2d654659d591" testName="ToUri_Passing_InvalidValueString_Returns_DefaultValue (http://.)" computerName="PC-SFERRARI" duration="00:00:00.0000064" startTime="2021-05-07T11:43:39.0348630+01:00" endTime="2021-05-07T11:43:39.0353534+01:00" testType="13cdc9d9-ddb5-4fa4-a97d-d965ccfc6d4b" outcome="Passed" testListId="8c84fa94-04c1-424b-9868-57a2d4851a1d" relativeResultsDirectory="e55a71a2-c4d8-435c-906b-ab31a03726b7" dataRowInfo="3" resultType="DataDrivenDataRow" />
        <UnitTestResult executionId="bd280e43-30fc-4a10-92e2-684198d952ed" parentExecutionId="3dd93156-f467-4553-a49a-da43c94071b5" testId="bc15aa99-72de-0e5a-b6e8-2d654659d591" testName="ToUri_Passing_InvalidValueString_Returns_DefaultValue (http://..)" computerName="PC-SFERRARI" duration="00:00:00.0000032" startTime="2021-05-07T11:43:39.0348630+01:00" endTime="2021-05-07T11:43:39.0353534+01:00" testType="13cdc9d9-ddb5-4fa4-a97d-d965ccfc6d4b" outcome="Passed" testListId="8c84fa94-04c1-424b-9868-57a2d4851a1d" relativeResultsDirectory="bd280e43-30fc-4a10-92e2-684198d952ed" dataRowInfo="4" resultType="DataDrivenDataRow" />
        <UnitTestResult executionId="7455f132-9ef8-4e41-b614-bff0dbda9929" parentExecutionId="3dd93156-f467-4553-a49a-da43c94071b5" testId="bc15aa99-72de-0e5a-b6e8-2d654659d591" testName="ToUri_Passing_InvalidValueString_Returns_DefaultValue (http://../)" computerName="PC-SFERRARI" duration="00:00:00.0000032" startTime="2021-05-07T11:43:39.0348630+01:00" endTime="2021-05-07T11:43:39.0353534+01:00" testType="13cdc9d9-ddb5-4fa4-a97d-d965ccfc6d4b" outcome="Passed" testListId="8c84fa94-04c1-424b-9868-57a2d4851a1d" relativeResultsDirectory="7455f132-9ef8-4e41-b614-bff0dbda9929" dataRowInfo="5" resultType="DataDrivenDataRow" />
        <UnitTestResult executionId="d1d493d9-c624-4878-9f4c-beaa597ba5f9" parentExecutionId="3dd93156-f467-4553-a49a-da43c94071b5" testId="bc15aa99-72de-0e5a-b6e8-2d654659d591" testName="ToUri_Passing_InvalidValueString_Returns_DefaultValue (http://?)" computerName="PC-SFERRARI" duration="00:00:00.0000031" startTime="2021-05-07T11:43:39.0348630+01:00" endTime="2021-05-07T11:43:39.0353534+01:00" testType="13cdc9d9-ddb5-4fa4-a97d-d965ccfc6d4b" outcome="Passed" testListId="8c84fa94-04c1-424b-9868-57a2d4851a1d" relativeResultsDirectory="d1d493d9-c624-4878-9f4c-beaa597ba5f9" dataRowInfo="6" resultType="DataDrivenDataRow" />
        <UnitTestResult executionId="49a00e72-d1f5-4e75-b826-6dafb67649d4" parentExecutionId="3dd93156-f467-4553-a49a-da43c94071b5" testId="bc15aa99-72de-0e5a-b6e8-2d654659d591" testName="ToUri_Passing_InvalidValueString_Returns_DefaultValue (http://??)" computerName="PC-SFERRARI" duration="00:00:00.0000030" startTime="2021-05-07T11:43:39.0348630+01:00" endTime="2021-05-07T11:43:39.0353534+01:00" testType="13cdc9d9-ddb5-4fa4-a97d-d965ccfc6d4b" outcome="Passed" testListId="8c84fa94-04c1-424b-9868-57a2d4851a1d" relativeResultsDirectory="49a00e72-d1f5-4e75-b826-6dafb67649d4" dataRowInfo="7" resultType="DataDrivenDataRow" />
        <UnitTestResult executionId="6ae44ecb-d946-4672-9a0d-a96a522044b2" parentExecutionId="3dd93156-f467-4553-a49a-da43c94071b5" testId="bc15aa99-72de-0e5a-b6e8-2d654659d591" testName="ToUri_Passing_InvalidValueString_Returns_DefaultValue (http://??/)" computerName="PC-SFERRARI" duration="00:00:00.0000029" startTime="2021-05-07T11:43:39.0348630+01:00" endTime="2021-05-07T11:43:39.0353534+01:00" testType="13cdc9d9-ddb5-4fa4-a97d-d965ccfc6d4b" outcome="Passed" testListId="8c84fa94-04c1-424b-9868-57a2d4851a1d" relativeResultsDirectory="6ae44ecb-d946-4672-9a0d-a96a522044b2" dataRowInfo="8" resultType="DataDrivenDataRow" />
        <UnitTestResult executionId="ef6f70e4-ac4e-4c13-9d36-0f40bbb6b3b6" parentExecutionId="3dd93156-f467-4553-a49a-da43c94071b5" testId="bc15aa99-72de-0e5a-b6e8-2d654659d591" testName="ToUri_Passing_InvalidValueString_Returns_DefaultValue (http://#)" computerName="PC-SFERRARI" duration="00:00:00.0000030" startTime="2021-05-07T11:43:39.0348630+01:00" endTime="2021-05-07T11:43:39.0353534+01:00" testType="13cdc9d9-ddb5-4fa4-a97d-d965ccfc6d4b" outcome="Passed" testListId="8c84fa94-04c1-424b-9868-57a2d4851a1d" relativeResultsDirectory="ef6f70e4-ac4e-4c13-9d36-0f40bbb6b3b6" dataRowInfo="9" resultType="DataDrivenDataRow" />
        <UnitTestResult executionId="77eb6010-d518-4662-850c-dadc19c6161f" parentExecutionId="3dd93156-f467-4553-a49a-da43c94071b5" testId="bc15aa99-72de-0e5a-b6e8-2d654659d591" testName="ToUri_Passing_InvalidValueString_Returns_DefaultValue (http://##)" computerName="PC-SFERRARI" duration="00:00:00.0000030" startTime="2021-05-07T11:43:39.0348630+01:00" endTime="2021-05-07T11:43:39.0353534+01:00" testType="13cdc9d9-ddb5-4fa4-a97d-d965ccfc6d4b" outcome="Passed" testListId="8c84fa94-04c1-424b-9868-57a2d4851a1d" relativeResultsDirectory="77eb6010-d518-4662-850c-dadc19c6161f" dataRowInfo="10" resultType="DataDrivenDataRow" />
        <UnitTestResult executionId="ebfe6823-a6bc-4c33-985f-1f50db7bbf5e" parentExecutionId="3dd93156-f467-4553-a49a-da43c94071b5" testId="bc15aa99-72de-0e5a-b6e8-2d654659d591" testName="ToUri_Passing_InvalidValueString_Returns_DefaultValue (http://##/)" computerName="PC-SFERRARI" duration="00:00:00.0000030" startTime="2021-05-07T11:43:39.0348630+01:00" endTime="2021-05-07T11:43:39.0353534+01:00" testType="13cdc9d9-ddb5-4fa4-a97d-d965ccfc6d4b" outcome="Passed" testListId="8c84fa94-04c1-424b-9868-57a2d4851a1d" relativeResultsDirectory="ebfe6823-a6bc-4c33-985f-1f50db7bbf5e" dataRowInfo="11" resultType="DataDrivenDataRow" />
      </InnerResults>
    </UnitTestResult>
    <UnitTestResult executionId="8e37a6f5-fb08-4757-8561-58306b727fa1" testId="0a999e9b-220b-0f64-a533-84896c20ce13" testName="ResultOkData" computerName="PC-SFERRARI" duration="00:00:00.0004041" startTime="2021-05-07T11:43:39.2158102+01:00" endTime="2021-05-07T11:43:39.2162967+01:00" testType="13cdc9d9-ddb5-4fa4-a97d-d965ccfc6d4b" outcome="Passed" testListId="8c84fa94-04c1-424b-9868-57a2d4851a1d" relativeResultsDirectory="8e37a6f5-fb08-4757-8561-58306b727fa1" />
    <UnitTestResult executionId="61250867-59d2-4766-a0f2-4934b7c8ac50" testId="5ac755a3-81c6-56a5-464d-fd3393128598" testName="ResultBadRequest_WithErrors_KeyValue" computerName="PC-SFERRARI" duration="00:00:00.0049683" startTime="2021-05-07T11:43:39.2432269+01:00" endTime="2021-05-07T11:43:39.2483121+01:00" testType="13cdc9d9-ddb5-4fa4-a97d-d965ccfc6d4b" outcome="Passed" testListId="8c84fa94-04c1-424b-9868-57a2d4851a1d" relativeResultsDirectory="61250867-59d2-4766-a0f2-4934b7c8ac50" />
    <UnitTestResult executionId="5248aa16-4fe8-44b0-bb83-3fa55bafe637" testId="b8bb90de-6285-0f1c-e0f2-f3ba1f987370" testName="IsUppercase_Passing_InvalidArguments_Returns_HasErrorsAndCount" computerName="PC-SFERRARI" duration="00:00:00.0005460" startTime="2021-05-07T11:43:39.1729598+01:00" endTime="2021-05-07T11:43:39.1736203+01:00" testType="13cdc9d9-ddb5-4fa4-a97d-d965ccfc6d4b" outcome="Passed" testListId="8c84fa94-04c1-424b-9868-57a2d4851a1d" relativeResultsDirectory="5248aa16-4fe8-44b0-bb83-3fa55bafe637" />
    <UnitTestResult executionId="e3c82f4f-90cd-4873-8502-c00d66746f04" testId="30809299-0e3e-4ac7-4a2a-6f8c296d2226" testName="ToUri_Passing_ValidValueString_Returns_Uri" computerName="PC-SFERRARI" duration="00:00:00.0020508" startTime="2021-05-07T11:43:39.0044758+01:00" endTime="2021-05-07T11:43:39.0068608+01:00" testType="13cdc9d9-ddb5-4fa4-a97d-d965ccfc6d4b" outcome="Passed" testListId="8c84fa94-04c1-424b-9868-57a2d4851a1d" relativeResultsDirectory="e3c82f4f-90cd-4873-8502-c00d66746f04" resultType="DataDrivenTest">
      <InnerResults>
        <UnitTestResult executionId="f60b2ea9-f8c3-4248-b1c6-c9170ada9431" parentExecutionId="e3c82f4f-90cd-4873-8502-c00d66746f04" testId="30809299-0e3e-4ac7-4a2a-6f8c296d2226" testName="ToUri_Passing_ValidValueString_Returns_Uri (http://foo.com/blah_blah)" computerName="PC-SFERRARI" duration="00:00:00.0003800" startTime="2021-05-07T11:43:39.0044758+01:00" endTime="2021-05-07T11:43:39.0068608+01:00" testType="13cdc9d9-ddb5-4fa4-a97d-d965ccfc6d4b" outcome="Passed" testListId="8c84fa94-04c1-424b-9868-57a2d4851a1d" relativeResultsDirectory="f60b2ea9-f8c3-4248-b1c6-c9170ada9431" dataRowInfo="1" resultType="DataDrivenDataRow" />
        <UnitTestResult executionId="6e5d753a-5b66-4b9e-a303-4abc53aaa89b" parentExecutionId="e3c82f4f-90cd-4873-8502-c00d66746f04" testId="30809299-0e3e-4ac7-4a2a-6f8c296d2226" testName="ToUri_Passing_ValidValueString_Returns_Uri (http://foo.com/blah_blah/)" computerName="PC-SFERRARI" duration="00:00:00.0000097" startTime="2021-05-07T11:43:39.0044758+01:00" endTime="2021-05-07T11:43:39.0068608+01:00" testType="13cdc9d9-ddb5-4fa4-a97d-d965ccfc6d4b" outcome="Passed" testListId="8c84fa94-04c1-424b-9868-57a2d4851a1d" relativeResultsDirectory="6e5d753a-5b66-4b9e-a303-4abc53aaa89b" dataRowInfo="2" resultType="DataDrivenDataRow" />
        <UnitTestResult executionId="83b7ef53-f01c-4a61-98ca-91244525a889" parentExecutionId="e3c82f4f-90cd-4873-8502-c00d66746f04" testId="30809299-0e3e-4ac7-4a2a-6f8c296d2226" testName="ToUri_Passing_ValidValueString_Returns_Uri (http://foo.com/blah_blah/p=5)" computerName="PC-SFERRARI" duration="00:00:00.0000172" startTime="2021-05-07T11:43:39.0044758+01:00" endTime="2021-05-07T11:43:39.0068608+01:00" testType="13cdc9d9-ddb5-4fa4-a97d-d965ccfc6d4b" outcome="Passed" testListId="8c84fa94-04c1-424b-9868-57a2d4851a1d" relativeResultsDirectory="83b7ef53-f01c-4a61-98ca-91244525a889" dataRowInfo="3" resultType="DataDrivenDataRow" />
        <UnitTestResult executionId="9d442a5a-0b9d-4658-a220-5e998cf084c9" parentExecutionId="e3c82f4f-90cd-4873-8502-c00d66746f04" testId="30809299-0e3e-4ac7-4a2a-6f8c296d2226" testName="ToUri_Passing_ValidValueString_Returns_Uri (http://foo.com/blah_blah?p=5)" computerName="PC-SFERRARI" duration="00:00:00.0000052" startTime="2021-05-07T11:43:39.0044758+01:00" endTime="2021-05-07T11:43:39.0068608+01:00" testType="13cdc9d9-ddb5-4fa4-a97d-d965ccfc6d4b" outcome="Passed" testListId="8c84fa94-04c1-424b-9868-57a2d4851a1d" relativeResultsDirectory="9d442a5a-0b9d-4658-a220-5e998cf084c9" dataRowInfo="4" resultType="DataDrivenDataRow" />
        <UnitTestResult executionId="3e0a30a2-493b-41c5-afd5-959d01a201ec" parentExecutionId="e3c82f4f-90cd-4873-8502-c00d66746f04" testId="30809299-0e3e-4ac7-4a2a-6f8c296d2226" testName="ToUri_Passing_ValidValueString_Returns_Uri (http://foo.com/blah_blah?p=5&amp;j=fe)" computerName="PC-SFERRARI" duration="00:00:00.0000046" startTime="2021-05-07T11:43:39.0044758+01:00" endTime="2021-05-07T11:43:39.0068608+01:00" testType="13cdc9d9-ddb5-4fa4-a97d-d965ccfc6d4b" outcome="Passed" testListId="8c84fa94-04c1-424b-9868-57a2d4851a1d" relativeResultsDirectory="3e0a30a2-493b-41c5-afd5-959d01a201ec" dataRowInfo="5" resultType="DataDrivenDataRow" />
        <UnitTestResult executionId="23a1c29b-1bf5-4279-90e3-bfa729474e0c" parentExecutionId="e3c82f4f-90cd-4873-8502-c00d66746f04" testId="30809299-0e3e-4ac7-4a2a-6f8c296d2226" testName="ToUri_Passing_ValidValueString_Returns_Uri (https://foo.com/blah_blah)" computerName="PC-SFERRARI" duration="00:00:00.0000052" startTime="2021-05-07T11:43:39.0044758+01:00" endTime="2021-05-07T11:43:39.0068608+01:00" testType="13cdc9d9-ddb5-4fa4-a97d-d965ccfc6d4b" outcome="Passed" testListId="8c84fa94-04c1-424b-9868-57a2d4851a1d" relativeResultsDirectory="23a1c29b-1bf5-4279-90e3-bfa729474e0c" dataRowInfo="6" resultType="DataDrivenDataRow" />
        <UnitTestResult executionId="428b53c6-55ee-4379-bd18-0337cd10d9a4" parentExecutionId="e3c82f4f-90cd-4873-8502-c00d66746f04" testId="30809299-0e3e-4ac7-4a2a-6f8c296d2226" testName="ToUri_Passing_ValidValueString_Returns_Uri (https://foo.com/blah_blah/)" computerName="PC-SFERRARI" duration="00:00:00.0000045" startTime="2021-05-07T11:43:39.0044758+01:00" endTime="2021-05-07T11:43:39.0068608+01:00" testType="13cdc9d9-ddb5-4fa4-a97d-d965ccfc6d4b" outcome="Passed" testListId="8c84fa94-04c1-424b-9868-57a2d4851a1d" relativeResultsDirectory="428b53c6-55ee-4379-bd18-0337cd10d9a4" dataRowInfo="7" resultType="DataDrivenDataRow" />
        <UnitTestResult executionId="7571dcdc-77f2-4371-9148-f9ea229ed7ad" parentExecutionId="e3c82f4f-90cd-4873-8502-c00d66746f04" testId="30809299-0e3e-4ac7-4a2a-6f8c296d2226" testName="ToUri_Passing_ValidValueString_Returns_Uri (https://foo.com/blah_blah/p=5)" computerName="PC-SFERRARI" duration="00:00:00.0000057" startTime="2021-05-07T11:43:39.0044758+01:00" endTime="2021-05-07T11:43:39.0068608+01:00" testType="13cdc9d9-ddb5-4fa4-a97d-d965ccfc6d4b" outcome="Passed" testListId="8c84fa94-04c1-424b-9868-57a2d4851a1d" relativeResultsDirectory="7571dcdc-77f2-4371-9148-f9ea229ed7ad" dataRowInfo="8" resultType="DataDrivenDataRow" />
        <UnitTestResult executionId="7de7224f-c036-4f14-abb3-320f8fbc9e21" parentExecutionId="e3c82f4f-90cd-4873-8502-c00d66746f04" testId="30809299-0e3e-4ac7-4a2a-6f8c296d2226" testName="ToUri_Passing_ValidValueString_Returns_Uri (https://foo.com/blah_blah?p=5)" computerName="PC-SFERRARI" duration="00:00:00.0000046" startTime="2021-05-07T11:43:39.0044758+01:00" endTime="2021-05-07T11:43:39.0068608+01:00" testType="13cdc9d9-ddb5-4fa4-a97d-d965ccfc6d4b" outcome="Passed" testListId="8c84fa94-04c1-424b-9868-57a2d4851a1d" relativeResultsDirectory="7de7224f-c036-4f14-abb3-320f8fbc9e21" dataRowInfo="9" resultType="DataDrivenDataRow" />
        <UnitTestResult executionId="f3d37593-91d6-4f65-b7e8-6f9ed8c70c07" parentExecutionId="e3c82f4f-90cd-4873-8502-c00d66746f04" testId="30809299-0e3e-4ac7-4a2a-6f8c296d2226" testName="ToUri_Passing_ValidValueString_Returns_Uri (https://foo.com/blah_blah?p=5&amp;j=fe)" computerName="PC-SFERRARI" duration="00:00:00.0000042" startTime="2021-05-07T11:43:39.0044758+01:00" endTime="2021-05-07T11:43:39.0068608+01:00" testType="13cdc9d9-ddb5-4fa4-a97d-d965ccfc6d4b" outcome="Passed" testListId="8c84fa94-04c1-424b-9868-57a2d4851a1d" relativeResultsDirectory="f3d37593-91d6-4f65-b7e8-6f9ed8c70c07" dataRowInfo="10" resultType="DataDrivenDataRow" />
        <UnitTestResult executionId="a8658fe7-aa2c-4892-80dd-02697994e8f3" parentExecutionId="e3c82f4f-90cd-4873-8502-c00d66746f04" testId="30809299-0e3e-4ac7-4a2a-6f8c296d2226" testName="ToUri_Passing_ValidValueString_Returns_Uri (//foo.com/blah_blah)" computerName="PC-SFERRARI" duration="00:00:00.0000044" startTime="2021-05-07T11:43:39.0044758+01:00" endTime="2021-05-07T11:43:39.0068608+01:00" testType="13cdc9d9-ddb5-4fa4-a97d-d965ccfc6d4b" outcome="Passed" testListId="8c84fa94-04c1-424b-9868-57a2d4851a1d" relativeResultsDirectory="a8658fe7-aa2c-4892-80dd-02697994e8f3" dataRowInfo="11" resultType="DataDrivenDataRow" />
        <UnitTestResult executionId="ddd9c3d2-a9f6-43df-9f0a-0749b46502c9" parentExecutionId="e3c82f4f-90cd-4873-8502-c00d66746f04" testId="30809299-0e3e-4ac7-4a2a-6f8c296d2226" testName="ToUri_Passing_ValidValueString_Returns_Uri (//foo.com/blah_blah/)" computerName="PC-SFERRARI" duration="00:00:00.0000033" startTime="2021-05-07T11:43:39.0044758+01:00" endTime="2021-05-07T11:43:39.0068608+01:00" testType="13cdc9d9-ddb5-4fa4-a97d-d965ccfc6d4b" outcome="Passed" testListId="8c84fa94-04c1-424b-9868-57a2d4851a1d" relativeResultsDirectory="ddd9c3d2-a9f6-43df-9f0a-0749b46502c9" dataRowInfo="12" resultType="DataDrivenDataRow" />
        <UnitTestResult executionId="ba001789-7e35-400b-af0e-d2105a137c1d" parentExecutionId="e3c82f4f-90cd-4873-8502-c00d66746f04" testId="30809299-0e3e-4ac7-4a2a-6f8c296d2226" testName="ToUri_Passing_ValidValueString_Returns_Uri (//foo.com/blah_blah/p=5)" computerName="PC-SFERRARI" duration="00:00:00.0000050" startTime="2021-05-07T11:43:39.0044758+01:00" endTime="2021-05-07T11:43:39.0068608+01:00" testType="13cdc9d9-ddb5-4fa4-a97d-d965ccfc6d4b" outcome="Passed" testListId="8c84fa94-04c1-424b-9868-57a2d4851a1d" relativeResultsDirectory="ba001789-7e35-400b-af0e-d2105a137c1d" dataRowInfo="13" resultType="DataDrivenDataRow" />
        <UnitTestResult executionId="5b0265cd-b5bf-4ed8-9cb4-58ffff97d095" parentExecutionId="e3c82f4f-90cd-4873-8502-c00d66746f04" testId="30809299-0e3e-4ac7-4a2a-6f8c296d2226" testName="ToUri_Passing_ValidValueString_Returns_Uri (//foo.com/blah_blah?p=5)" computerName="PC-SFERRARI" duration="00:00:00.0000033" startTime="2021-05-07T11:43:39.0044758+01:00" endTime="2021-05-07T11:43:39.0068608+01:00" testType="13cdc9d9-ddb5-4fa4-a97d-d965ccfc6d4b" outcome="Passed" testListId="8c84fa94-04c1-424b-9868-57a2d4851a1d" relativeResultsDirectory="5b0265cd-b5bf-4ed8-9cb4-58ffff97d095" dataRowInfo="14" resultType="DataDrivenDataRow" />
        <UnitTestResult executionId="fe40af73-3131-4403-8114-bb6d4fb7d78d" parentExecutionId="e3c82f4f-90cd-4873-8502-c00d66746f04" testId="30809299-0e3e-4ac7-4a2a-6f8c296d2226" testName="ToUri_Passing_ValidValueString_Returns_Uri (//foo.com/blah_blah?p=5&amp;j=fe)" computerName="PC-SFERRARI" duration="00:00:00.0000068" startTime="2021-05-07T11:43:39.0044758+01:00" endTime="2021-05-07T11:43:39.0068608+01:00" testType="13cdc9d9-ddb5-4fa4-a97d-d965ccfc6d4b" outcome="Passed" testListId="8c84fa94-04c1-424b-9868-57a2d4851a1d" relativeResultsDirectory="fe40af73-3131-4403-8114-bb6d4fb7d78d" dataRowInfo="15" resultType="DataDrivenDataRow" />
        <UnitTestResult executionId="9e22db7e-5d08-4299-af0b-7ebc8c89a2b3" parentExecutionId="e3c82f4f-90cd-4873-8502-c00d66746f04" testId="30809299-0e3e-4ac7-4a2a-6f8c296d2226" testName="ToUri_Passing_ValidValueString_Returns_Uri (http://foo.com/blah_blah_(wikipedia))" computerName="PC-SFERRARI" duration="00:00:00.0000042" startTime="2021-05-07T11:43:39.0044758+01:00" endTime="2021-05-07T11:43:39.0068608+01:00" testType="13cdc9d9-ddb5-4fa4-a97d-d965ccfc6d4b" outcome="Passed" testListId="8c84fa94-04c1-424b-9868-57a2d4851a1d" relativeResultsDirectory="9e22db7e-5d08-4299-af0b-7ebc8c89a2b3" dataRowInfo="16" resultType="DataDrivenDataRow" />
        <UnitTestResult executionId="0b850487-90c0-4782-908f-039c02fc0687" parentExecutionId="e3c82f4f-90cd-4873-8502-c00d66746f04" testId="30809299-0e3e-4ac7-4a2a-6f8c296d2226" testName="ToUri_Passing_ValidValueString_Returns_Uri (http://foo.com/blah_blah_(wikipedia)_(again))" computerName="PC-SFERRARI" duration="00:00:00.0000051" startTime="2021-05-07T11:43:39.0044758+01:00" endTime="2021-05-07T11:43:39.0068608+01:00" testType="13cdc9d9-ddb5-4fa4-a97d-d965ccfc6d4b" outcome="Passed" testListId="8c84fa94-04c1-424b-9868-57a2d4851a1d" relativeResultsDirectory="0b850487-90c0-4782-908f-039c02fc0687" dataRowInfo="17" resultType="DataDrivenDataRow" />
        <UnitTestResult executionId="ab9f57b8-7794-4847-a9da-5a5649c830f1" parentExecutionId="e3c82f4f-90cd-4873-8502-c00d66746f04" testId="30809299-0e3e-4ac7-4a2a-6f8c296d2226" testName="ToUri_Passing_ValidValueString_Returns_Uri (http://www.example.com/wpstyle/?p=364)" computerName="PC-SFERRARI" duration="00:00:00.0000052" startTime="2021-05-07T11:43:39.0044758+01:00" endTime="2021-05-07T11:43:39.0068608+01:00" testType="13cdc9d9-ddb5-4fa4-a97d-d965ccfc6d4b" outcome="Passed" testListId="8c84fa94-04c1-424b-9868-57a2d4851a1d" relativeResultsDirectory="ab9f57b8-7794-4847-a9da-5a5649c830f1" dataRowInfo="18" resultType="DataDrivenDataRow" />
        <UnitTestResult executionId="5c9770ac-76aa-4ca4-b891-d7d6b3dafc48" parentExecutionId="e3c82f4f-90cd-4873-8502-c00d66746f04" testId="30809299-0e3e-4ac7-4a2a-6f8c296d2226" testName="ToUri_Passing_ValidValueString_Returns_Uri (https://www.example.com/foo/?bar=baz&amp;inga=42&amp;quux)" computerName="PC-SFERRARI" duration="00:00:00.0000081" startTime="2021-05-07T11:43:39.0044758+01:00" endTime="2021-05-07T11:43:39.0068608+01:00" testType="13cdc9d9-ddb5-4fa4-a97d-d965ccfc6d4b" outcome="Passed" testListId="8c84fa94-04c1-424b-9868-57a2d4851a1d" relativeResultsDirectory="5c9770ac-76aa-4ca4-b891-d7d6b3dafc48" dataRowInfo="19" resultType="DataDrivenDataRow" />
        <UnitTestResult executionId="3e0c4a75-ed34-4f5f-bae7-329ccc5e5adf" parentExecutionId="e3c82f4f-90cd-4873-8502-c00d66746f04" testId="30809299-0e3e-4ac7-4a2a-6f8c296d2226" testName="ToUri_Passing_ValidValueString_Returns_Uri (http://✪df.ws/123)" computerName="PC-SFERRARI" duration="00:00:00.0003864" startTime="2021-05-07T11:43:39.0044758+01:00" endTime="2021-05-07T11:43:39.0068608+01:00" testType="13cdc9d9-ddb5-4fa4-a97d-d965ccfc6d4b" outcome="Passed" testListId="8c84fa94-04c1-424b-9868-57a2d4851a1d" relativeResultsDirectory="3e0c4a75-ed34-4f5f-bae7-329ccc5e5adf" dataRowInfo="20" resultType="DataDrivenDataRow" />
        <UnitTestResult executionId="e06da1c9-2ec1-4e88-a008-997e3dde84e0" parentExecutionId="e3c82f4f-90cd-4873-8502-c00d66746f04" testId="30809299-0e3e-4ac7-4a2a-6f8c296d2226" testName="ToUri_Passing_ValidValueString_Returns_Uri (http://userid:password@example.com:8080)" computerName="PC-SFERRARI" duration="00:00:00.0000265" startTime="2021-05-07T11:43:39.0044758+01:00" endTime="2021-05-07T11:43:39.0068608+01:00" testType="13cdc9d9-ddb5-4fa4-a97d-d965ccfc6d4b" outcome="Passed" testListId="8c84fa94-04c1-424b-9868-57a2d4851a1d" relativeResultsDirectory="e06da1c9-2ec1-4e88-a008-997e3dde84e0" dataRowInfo="21" resultType="DataDrivenDataRow" />
        <UnitTestResult executionId="c807f2c8-45f4-4a27-92d3-4edc5ba8bc25" parentExecutionId="e3c82f4f-90cd-4873-8502-c00d66746f04" testId="30809299-0e3e-4ac7-4a2a-6f8c296d2226" testName="ToUri_Passing_ValidValueString_Returns_Uri (http://userid:password@example.com:8080/)" computerName="PC-SFERRARI" duration="00:00:00.0000052" startTime="2021-05-07T11:43:39.0044758+01:00" endTime="2021-05-07T11:43:39.0068608+01:00" testType="13cdc9d9-ddb5-4fa4-a97d-d965ccfc6d4b" outcome="Passed" testListId="8c84fa94-04c1-424b-9868-57a2d4851a1d" relativeResultsDirectory="c807f2c8-45f4-4a27-92d3-4edc5ba8bc25" dataRowInfo="22" resultType="DataDrivenDataRow" />
        <UnitTestResult executionId="2f34ff87-0458-445c-b0ac-62e7c32d8adf" parentExecutionId="e3c82f4f-90cd-4873-8502-c00d66746f04" testId="30809299-0e3e-4ac7-4a2a-6f8c296d2226" testName="ToUri_Passing_ValidValueString_Returns_Uri (http://userid@example.com)" computerName="PC-SFERRARI" duration="00:00:00.0000062" startTime="2021-05-07T11:43:39.0044758+01:00" endTime="2021-05-07T11:43:39.0068608+01:00" testType="13cdc9d9-ddb5-4fa4-a97d-d965ccfc6d4b" outcome="Passed" testListId="8c84fa94-04c1-424b-9868-57a2d4851a1d" relativeResultsDirectory="2f34ff87-0458-445c-b0ac-62e7c32d8adf" dataRowInfo="23" resultType="DataDrivenDataRow" />
        <UnitTestResult executionId="d96cadec-3f0b-4cbb-b5d6-44d0b29ca0af" parentExecutionId="e3c82f4f-90cd-4873-8502-c00d66746f04" testId="30809299-0e3e-4ac7-4a2a-6f8c296d2226" testName="ToUri_Passing_ValidValueString_Returns_Uri (http://userid@example.com/)" computerName="PC-SFERRARI" duration="00:00:00.0000042" startTime="2021-05-07T11:43:39.0044758+01:00" endTime="2021-05-07T11:43:39.0068608+01:00" testType="13cdc9d9-ddb5-4fa4-a97d-d965ccfc6d4b" outcome="Passed" testListId="8c84fa94-04c1-424b-9868-57a2d4851a1d" relativeResultsDirectory="d96cadec-3f0b-4cbb-b5d6-44d0b29ca0af" dataRowInfo="24" resultType="DataDrivenDataRow" />
        <UnitTestResult executionId="9e4ec768-3d51-4b2a-b81f-c70e4914c67d" parentExecutionId="e3c82f4f-90cd-4873-8502-c00d66746f04" testId="30809299-0e3e-4ac7-4a2a-6f8c296d2226" testName="ToUri_Passing_ValidValueString_Returns_Uri (http://userid@example.com:8080)" computerName="PC-SFERRARI" duration="00:00:00.0000046" startTime="2021-05-07T11:43:39.0044758+01:00" endTime="2021-05-07T11:43:39.0068608+01:00" testType="13cdc9d9-ddb5-4fa4-a97d-d965ccfc6d4b" outcome="Passed" testListId="8c84fa94-04c1-424b-9868-57a2d4851a1d" relativeResultsDirectory="9e4ec768-3d51-4b2a-b81f-c70e4914c67d" dataRowInfo="25" resultType="DataDrivenDataRow" />
        <UnitTestResult executionId="21dd0c7f-e8be-441a-8dcc-c2b6579e7466" parentExecutionId="e3c82f4f-90cd-4873-8502-c00d66746f04" testId="30809299-0e3e-4ac7-4a2a-6f8c296d2226" testName="ToUri_Passing_ValidValueString_Returns_Uri (http://userid@example.com:8080/)" computerName="PC-SFERRARI" duration="00:00:00.0000039" startTime="2021-05-07T11:43:39.0044758+01:00" endTime="2021-05-07T11:43:39.0068608+01:00" testType="13cdc9d9-ddb5-4fa4-a97d-d965ccfc6d4b" outcome="Passed" testListId="8c84fa94-04c1-424b-9868-57a2d4851a1d" relativeResultsDirectory="21dd0c7f-e8be-441a-8dcc-c2b6579e7466" dataRowInfo="26" resultType="DataDrivenDataRow" />
        <UnitTestResult executionId="c1b1b17e-325a-4834-b437-d75de5267375" parentExecutionId="e3c82f4f-90cd-4873-8502-c00d66746f04" testId="30809299-0e3e-4ac7-4a2a-6f8c296d2226" testName="ToUri_Passing_ValidValueString_Returns_Uri (http://userid:password@example.com)" computerName="PC-SFERRARI" duration="00:00:00.0000046" startTime="2021-05-07T11:43:39.0044758+01:00" endTime="2021-05-07T11:43:39.0068608+01:00" testType="13cdc9d9-ddb5-4fa4-a97d-d965ccfc6d4b" outcome="Passed" testListId="8c84fa94-04c1-424b-9868-57a2d4851a1d" relativeResultsDirectory="c1b1b17e-325a-4834-b437-d75de5267375" dataRowInfo="27" resultType="DataDrivenDataRow" />
        <UnitTestResult executionId="1e0c302b-e2b5-462b-ae98-89ba2a72ba22" parentExecutionId="e3c82f4f-90cd-4873-8502-c00d66746f04" testId="30809299-0e3e-4ac7-4a2a-6f8c296d2226" testName="ToUri_Passing_ValidValueString_Returns_Uri (http://userid:password@example.com/)" computerName="PC-SFERRARI" duration="00:00:00.0000053" startTime="2021-05-07T11:43:39.0044758+01:00" endTime="2021-05-07T11:43:39.0068608+01:00" testType="13cdc9d9-ddb5-4fa4-a97d-d965ccfc6d4b" outcome="Passed" testListId="8c84fa94-04c1-424b-9868-57a2d4851a1d" relativeResultsDirectory="1e0c302b-e2b5-462b-ae98-89ba2a72ba22" dataRowInfo="28" resultType="DataDrivenDataRow" />
        <UnitTestResult executionId="d28be2e8-df2e-44f8-b07b-57c575ad217f" parentExecutionId="e3c82f4f-90cd-4873-8502-c00d66746f04" testId="30809299-0e3e-4ac7-4a2a-6f8c296d2226" testName="ToUri_Passing_ValidValueString_Returns_Uri (http://142.42.1.1/)" computerName="PC-SFERRARI" duration="00:00:00.0000080" startTime="2021-05-07T11:43:39.0044758+01:00" endTime="2021-05-07T11:43:39.0068608+01:00" testType="13cdc9d9-ddb5-4fa4-a97d-d965ccfc6d4b" outcome="Passed" testListId="8c84fa94-04c1-424b-9868-57a2d4851a1d" relativeResultsDirectory="d28be2e8-df2e-44f8-b07b-57c575ad217f" dataRowInfo="29" resultType="DataDrivenDataRow" />
        <UnitTestResult executionId="4ab3feec-df83-4f50-b20b-a39dbe4a119d" parentExecutionId="e3c82f4f-90cd-4873-8502-c00d66746f04" testId="30809299-0e3e-4ac7-4a2a-6f8c296d2226" testName="ToUri_Passing_ValidValueString_Returns_Uri (http://142.42.1.1:8080/)" computerName="PC-SFERRARI" duration="00:00:00.0000053" startTime="2021-05-07T11:43:39.0044758+01:00" endTime="2021-05-07T11:43:39.0068608+01:00" testType="13cdc9d9-ddb5-4fa4-a97d-d965ccfc6d4b" outcome="Passed" testListId="8c84fa94-04c1-424b-9868-57a2d4851a1d" relativeResultsDirectory="4ab3feec-df83-4f50-b20b-a39dbe4a119d" dataRowInfo="30" resultType="DataDrivenDataRow" />
        <UnitTestResult executionId="bdcac6a9-d09b-48a0-86c1-ee74581fd569" parentExecutionId="e3c82f4f-90cd-4873-8502-c00d66746f04" testId="30809299-0e3e-4ac7-4a2a-6f8c296d2226" testName="ToUri_Passing_ValidValueString_Returns_Uri (http://➡.ws/䨹)" computerName="PC-SFERRARI" duration="00:00:00.0000399" startTime="2021-05-07T11:43:39.0044758+01:00" endTime="2021-05-07T11:43:39.0068608+01:00" testType="13cdc9d9-ddb5-4fa4-a97d-d965ccfc6d4b" outcome="Passed" testListId="8c84fa94-04c1-424b-9868-57a2d4851a1d" relativeResultsDirectory="bdcac6a9-d09b-48a0-86c1-ee74581fd569" dataRowInfo="31" resultType="DataDrivenDataRow" />
        <UnitTestResult executionId="f844763a-7f9c-4b9c-84cd-8ee7e84e8538" parentExecutionId="e3c82f4f-90cd-4873-8502-c00d66746f04" testId="30809299-0e3e-4ac7-4a2a-6f8c296d2226" testName="ToUri_Passing_ValidValueString_Returns_Uri (http://⌘.ws)" computerName="PC-SFERRARI" duration="00:00:00.0000147" startTime="2021-05-07T11:43:39.0044758+01:00" endTime="2021-05-07T11:43:39.0068608+01:00" testType="13cdc9d9-ddb5-4fa4-a97d-d965ccfc6d4b" outcome="Passed" testListId="8c84fa94-04c1-424b-9868-57a2d4851a1d" relativeResultsDirectory="f844763a-7f9c-4b9c-84cd-8ee7e84e8538" dataRowInfo="32" resultType="DataDrivenDataRow" />
        <UnitTestResult executionId="a2bddc49-4fad-4da7-a61e-bd5ae1e1c102" parentExecutionId="e3c82f4f-90cd-4873-8502-c00d66746f04" testId="30809299-0e3e-4ac7-4a2a-6f8c296d2226" testName="ToUri_Passing_ValidValueString_Returns_Uri (http://⌘.ws/)" computerName="PC-SFERRARI" duration="00:00:00.0000095" startTime="2021-05-07T11:43:39.0044758+01:00" endTime="2021-05-07T11:43:39.0068608+01:00" testType="13cdc9d9-ddb5-4fa4-a97d-d965ccfc6d4b" outcome="Passed" testListId="8c84fa94-04c1-424b-9868-57a2d4851a1d" relativeResultsDirectory="a2bddc49-4fad-4da7-a61e-bd5ae1e1c102" dataRowInfo="33" resultType="DataDrivenDataRow" />
        <UnitTestResult executionId="818111fb-6459-4b65-9a25-679e37b2fbf0" parentExecutionId="e3c82f4f-90cd-4873-8502-c00d66746f04" testId="30809299-0e3e-4ac7-4a2a-6f8c296d2226" testName="ToUri_Passing_ValidValueString_Returns_Uri (http://foo.com/blah_(wikipedia)#cite-1)" computerName="PC-SFERRARI" duration="00:00:00.0000180" startTime="2021-05-07T11:43:39.0044758+01:00" endTime="2021-05-07T11:43:39.0068608+01:00" testType="13cdc9d9-ddb5-4fa4-a97d-d965ccfc6d4b" outcome="Passed" testListId="8c84fa94-04c1-424b-9868-57a2d4851a1d" relativeResultsDirectory="818111fb-6459-4b65-9a25-679e37b2fbf0" dataRowInfo="34" resultType="DataDrivenDataRow" />
        <UnitTestResult executionId="f6b75f0e-aa26-4f7b-bcc3-c6b5907c0114" parentExecutionId="e3c82f4f-90cd-4873-8502-c00d66746f04" testId="30809299-0e3e-4ac7-4a2a-6f8c296d2226" testName="ToUri_Passing_ValidValueString_Returns_Uri (http://foo.com/blah_(wikipedia)_blah#cite-1)" computerName="PC-SFERRARI" duration="00:00:00.0000044" startTime="2021-05-07T11:43:39.0044758+01:00" endTime="2021-05-07T11:43:39.0068608+01:00" testType="13cdc9d9-ddb5-4fa4-a97d-d965ccfc6d4b" outcome="Passed" testListId="8c84fa94-04c1-424b-9868-57a2d4851a1d" relativeResultsDirectory="f6b75f0e-aa26-4f7b-bcc3-c6b5907c0114" dataRowInfo="35" resultType="DataDrivenDataRow" />
        <UnitTestResult executionId="8a199d94-9a97-47db-8f22-fc6c1cec0932" parentExecutionId="e3c82f4f-90cd-4873-8502-c00d66746f04" testId="30809299-0e3e-4ac7-4a2a-6f8c296d2226" testName="ToUri_Passing_ValidValueString_Returns_Uri (http://foo.com/unicode_(✪)_in_parens)" computerName="PC-SFERRARI" duration="00:00:00.0000094" startTime="2021-05-07T11:43:39.0044758+01:00" endTime="2021-05-07T11:43:39.0068608+01:00" testType="13cdc9d9-ddb5-4fa4-a97d-d965ccfc6d4b" outcome="Passed" testListId="8c84fa94-04c1-424b-9868-57a2d4851a1d" relativeResultsDirectory="8a199d94-9a97-47db-8f22-fc6c1cec0932" dataRowInfo="36" resultType="DataDrivenDataRow" />
        <UnitTestResult executionId="91555f11-c9a6-437f-99ff-971cf0a40a8c" parentExecutionId="e3c82f4f-90cd-4873-8502-c00d66746f04" testId="30809299-0e3e-4ac7-4a2a-6f8c296d2226" testName="ToUri_Passing_ValidValueString_Returns_Uri (http://foo.com/(something)?after=parens)" computerName="PC-SFERRARI" duration="00:00:00.0000050" startTime="2021-05-07T11:43:39.0044758+01:00" endTime="2021-05-07T11:43:39.0068608+01:00" testType="13cdc9d9-ddb5-4fa4-a97d-d965ccfc6d4b" outcome="Passed" testListId="8c84fa94-04c1-424b-9868-57a2d4851a1d" relativeResultsDirectory="91555f11-c9a6-437f-99ff-971cf0a40a8c" dataRowInfo="37" resultType="DataDrivenDataRow" />
        <UnitTestResult executionId="2d074f7b-c57b-4da1-8bd0-c5a643bcec8a" parentExecutionId="e3c82f4f-90cd-4873-8502-c00d66746f04" testId="30809299-0e3e-4ac7-4a2a-6f8c296d2226" testName="ToUri_Passing_ValidValueString_Returns_Uri (http://☺.damowmow.com/)" computerName="PC-SFERRARI" duration="00:00:00.0000088" startTime="2021-05-07T11:43:39.0044758+01:00" endTime="2021-05-07T11:43:39.0068608+01:00" testType="13cdc9d9-ddb5-4fa4-a97d-d965ccfc6d4b" outcome="Passed" testListId="8c84fa94-04c1-424b-9868-57a2d4851a1d" relativeResultsDirectory="2d074f7b-c57b-4da1-8bd0-c5a643bcec8a" dataRowInfo="38" resultType="DataDrivenDataRow" />
        <UnitTestResult executionId="48dd2b89-ff7a-416d-a603-eb51638b15bb" parentExecutionId="e3c82f4f-90cd-4873-8502-c00d66746f04" testId="30809299-0e3e-4ac7-4a2a-6f8c296d2226" testName="ToUri_Passing_ValidValueString_Returns_Uri (http://code.google.com/events/#&amp;product=browser)" computerName="PC-SFERRARI" duration="00:00:00.0000048" startTime="2021-05-07T11:43:39.0044758+01:00" endTime="2021-05-07T11:43:39.0068608+01:00" testType="13cdc9d9-ddb5-4fa4-a97d-d965ccfc6d4b" outcome="Passed" testListId="8c84fa94-04c1-424b-9868-57a2d4851a1d" relativeResultsDirectory="48dd2b89-ff7a-416d-a603-eb51638b15bb" dataRowInfo="39" resultType="DataDrivenDataRow" />
        <UnitTestResult executionId="a7389069-7a30-4328-bd61-f167620255f2" parentExecutionId="e3c82f4f-90cd-4873-8502-c00d66746f04" testId="30809299-0e3e-4ac7-4a2a-6f8c296d2226" testName="ToUri_Passing_ValidValueString_Returns_Uri (http://j.mp)" computerName="PC-SFERRARI" duration="00:00:00.0000092" startTime="2021-05-07T11:43:39.0044758+01:00" endTime="2021-05-07T11:43:39.0068608+01:00" testType="13cdc9d9-ddb5-4fa4-a97d-d965ccfc6d4b" outcome="Passed" testListId="8c84fa94-04c1-424b-9868-57a2d4851a1d" relativeResultsDirectory="a7389069-7a30-4328-bd61-f167620255f2" dataRowInfo="40" resultType="DataDrivenDataRow" />
        <UnitTestResult executionId="12e2ab03-1c01-4db6-98a5-e6a9780bdfee" parentExecutionId="e3c82f4f-90cd-4873-8502-c00d66746f04" testId="30809299-0e3e-4ac7-4a2a-6f8c296d2226" testName="ToUri_Passing_ValidValueString_Returns_Uri (http://foo.bar/?q=Test%20URL-encoded%20stuff)" computerName="PC-SFERRARI" duration="00:00:00.0000286" startTime="2021-05-07T11:43:39.0044758+01:00" endTime="2021-05-07T11:43:39.0068608+01:00" testType="13cdc9d9-ddb5-4fa4-a97d-d965ccfc6d4b" outcome="Passed" testListId="8c84fa94-04c1-424b-9868-57a2d4851a1d" relativeResultsDirectory="12e2ab03-1c01-4db6-98a5-e6a9780bdfee" dataRowInfo="41" resultType="DataDrivenDataRow" />
        <UnitTestResult executionId="f59bac5a-b4c4-41d9-b687-f2da02093ea7" parentExecutionId="e3c82f4f-90cd-4873-8502-c00d66746f04" testId="30809299-0e3e-4ac7-4a2a-6f8c296d2226" testName="ToUri_Passing_ValidValueString_Returns_Uri (http://مثال.إختبار)" computerName="PC-SFERRARI" duration="00:00:00.0000146" startTime="2021-05-07T11:43:39.0044758+01:00" endTime="2021-05-07T11:43:39.0068608+01:00" testType="13cdc9d9-ddb5-4fa4-a97d-d965ccfc6d4b" outcome="Passed" testListId="8c84fa94-04c1-424b-9868-57a2d4851a1d" relativeResultsDirectory="f59bac5a-b4c4-41d9-b687-f2da02093ea7" dataRowInfo="42" resultType="DataDrivenDataRow" />
        <UnitTestResult executionId="64e6f5ae-f8fe-4abd-8879-0b5478d25b19" parentExecutionId="e3c82f4f-90cd-4873-8502-c00d66746f04" testId="30809299-0e3e-4ac7-4a2a-6f8c296d2226" testName="ToUri_Passing_ValidValueString_Returns_Uri (http://例子.测试)" computerName="PC-SFERRARI" duration="00:00:00.0000137" startTime="2021-05-07T11:43:39.0044758+01:00" endTime="2021-05-07T11:43:39.0068608+01:00" testType="13cdc9d9-ddb5-4fa4-a97d-d965ccfc6d4b" outcome="Passed" testListId="8c84fa94-04c1-424b-9868-57a2d4851a1d" relativeResultsDirectory="64e6f5ae-f8fe-4abd-8879-0b5478d25b19" dataRowInfo="43" resultType="DataDrivenDataRow" />
        <UnitTestResult executionId="af5ce727-5f30-4389-a674-b5ab6d5f0d2d" parentExecutionId="e3c82f4f-90cd-4873-8502-c00d66746f04" testId="30809299-0e3e-4ac7-4a2a-6f8c296d2226" testName="ToUri_Passing_ValidValueString_Returns_Uri (http://उदाहरण.परीक्ष)" computerName="PC-SFERRARI" duration="00:00:00.0000141" startTime="2021-05-07T11:43:39.0044758+01:00" endTime="2021-05-07T11:43:39.0068608+01:00" testType="13cdc9d9-ddb5-4fa4-a97d-d965ccfc6d4b" outcome="Passed" testListId="8c84fa94-04c1-424b-9868-57a2d4851a1d" relativeResultsDirectory="af5ce727-5f30-4389-a674-b5ab6d5f0d2d" dataRowInfo="44" resultType="DataDrivenDataRow" />
        <UnitTestResult executionId="bdb6145a-6479-4ae7-89c8-56d4495f53c5" parentExecutionId="e3c82f4f-90cd-4873-8502-c00d66746f04" testId="30809299-0e3e-4ac7-4a2a-6f8c296d2226" testName="ToUri_Passing_ValidValueString_Returns_Uri (http://-.~_!$&amp;'()*+,;=:%40:80%2f::::::@example.com)" computerName="PC-SFERRARI" duration="00:00:00.0000059" startTime="2021-05-07T11:43:39.0044758+01:00" endTime="2021-05-07T11:43:39.0068608+01:00" testType="13cdc9d9-ddb5-4fa4-a97d-d965ccfc6d4b" outcome="Passed" testListId="8c84fa94-04c1-424b-9868-57a2d4851a1d" relativeResultsDirectory="bdb6145a-6479-4ae7-89c8-56d4495f53c5" dataRowInfo="45" resultType="DataDrivenDataRow" />
        <UnitTestResult executionId="c5f7996f-2efc-4563-8cd8-d8182cc4a983" parentExecutionId="e3c82f4f-90cd-4873-8502-c00d66746f04" testId="30809299-0e3e-4ac7-4a2a-6f8c296d2226" testName="ToUri_Passing_ValidValueString_Returns_Uri (http://1337.net)" computerName="PC-SFERRARI" duration="00:00:00.0000096" startTime="2021-05-07T11:43:39.0044758+01:00" endTime="2021-05-07T11:43:39.0068608+01:00" testType="13cdc9d9-ddb5-4fa4-a97d-d965ccfc6d4b" outcome="Passed" testListId="8c84fa94-04c1-424b-9868-57a2d4851a1d" relativeResultsDirectory="c5f7996f-2efc-4563-8cd8-d8182cc4a983" dataRowInfo="46" resultType="DataDrivenDataRow" />
        <UnitTestResult executionId="c492153b-9b22-45f1-bee9-2fc58d82c479" parentExecutionId="e3c82f4f-90cd-4873-8502-c00d66746f04" testId="30809299-0e3e-4ac7-4a2a-6f8c296d2226" testName="ToUri_Passing_ValidValueString_Returns_Uri (http://a.b-c.de)" computerName="PC-SFERRARI" duration="00:00:00.0000045" startTime="2021-05-07T11:43:39.0044758+01:00" endTime="2021-05-07T11:43:39.0068608+01:00" testType="13cdc9d9-ddb5-4fa4-a97d-d965ccfc6d4b" outcome="Passed" testListId="8c84fa94-04c1-424b-9868-57a2d4851a1d" relativeResultsDirectory="c492153b-9b22-45f1-bee9-2fc58d82c479" dataRowInfo="47" resultType="DataDrivenDataRow" />
        <UnitTestResult executionId="e1232adf-4bbf-4a06-8f6d-cce8b2ec5a87" parentExecutionId="e3c82f4f-90cd-4873-8502-c00d66746f04" testId="30809299-0e3e-4ac7-4a2a-6f8c296d2226" testName="ToUri_Passing_ValidValueString_Returns_Uri (http://223.255.255.254)" computerName="PC-SFERRARI" duration="00:00:00.0000044" startTime="2021-05-07T11:43:39.0044758+01:00" endTime="2021-05-07T11:43:39.0068608+01:00" testType="13cdc9d9-ddb5-4fa4-a97d-d965ccfc6d4b" outcome="Passed" testListId="8c84fa94-04c1-424b-9868-57a2d4851a1d" relativeResultsDirectory="e1232adf-4bbf-4a06-8f6d-cce8b2ec5a87" dataRowInfo="48" resultType="DataDrivenDataRow" />
      </InnerResults>
    </UnitTestResult>
    <UnitTestResult executionId="dbdd8ee2-0fa2-4815-809d-72e75cd15656" testId="f828057e-351a-48b7-0028-e57f15c7217e" testName="ToDefaultValue_Passing_uint_Returns_Cero" computerName="PC-SFERRARI" duration="00:00:00.0003207" startTime="2021-05-07T11:43:38.4295436+01:00" endTime="2021-05-07T11:43:38.4299792+01:00" testType="13cdc9d9-ddb5-4fa4-a97d-d965ccfc6d4b" outcome="Passed" testListId="8c84fa94-04c1-424b-9868-57a2d4851a1d" relativeResultsDirectory="dbdd8ee2-0fa2-4815-809d-72e75cd15656" resultType="DataDrivenTest">
      <InnerResults>
        <UnitTestResult executionId="f02ae980-5f59-41ad-8829-6ace7a8aa499" parentExecutionId="dbdd8ee2-0fa2-4815-809d-72e75cd15656" testId="f828057e-351a-48b7-0028-e57f15c7217e" testName="ToDefaultValue_Passing_uint_Returns_Cero (4294967295)" computerName="PC-SFERRARI" duration="00:00:00.0002667" startTime="2021-05-07T11:43:38.4295436+01:00" endTime="2021-05-07T11:43:38.4299792+01:00" testType="13cdc9d9-ddb5-4fa4-a97d-d965ccfc6d4b" outcome="Passed" testListId="8c84fa94-04c1-424b-9868-57a2d4851a1d" relativeResultsDirectory="f02ae980-5f59-41ad-8829-6ace7a8aa499" dataRowInfo="1" resultType="DataDrivenDataRow" />
      </InnerResults>
    </UnitTestResult>
    <UnitTestResult executionId="9f03f478-01c8-4c1c-9286-9298631a978d" testId="10024a68-25d4-872c-3e48-a6d6b2671494" testName="ToTryIPv6_Passing_HttpContext_IP_Value_Returns_IP" computerName="PC-SFERRARI" duration="00:00:00.0006382" startTime="2021-05-07T11:43:38.4492887+01:00" endTime="2021-05-07T11:43:38.4500355+01:00" testType="13cdc9d9-ddb5-4fa4-a97d-d965ccfc6d4b" outcome="Passed" testListId="8c84fa94-04c1-424b-9868-57a2d4851a1d" relativeResultsDirectory="9f03f478-01c8-4c1c-9286-9298631a978d" />
    <UnitTestResult executionId="4898eae6-3b60-49aa-980c-5e028563c86f" testId="071a93ca-ce4d-3349-fe5a-5052bf3ce103" testName="ResultError_WithTitle_WithStatusCode_WithDetails_WithExceptionType_WithMessages_WithErrors" computerName="PC-SFERRARI" duration="00:00:00.0151717" startTime="2021-05-07T11:43:39.2618678+01:00" endTime="2021-05-07T11:43:39.2771750+01:00" testType="13cdc9d9-ddb5-4fa4-a97d-d965ccfc6d4b" outcome="Passed" testListId="8c84fa94-04c1-424b-9868-57a2d4851a1d" relativeResultsDirectory="4898eae6-3b60-49aa-980c-5e028563c86f" />
    <UnitTestResult executionId="13c3d05c-6d0a-490b-84f1-2d999948b44d" testId="5bee9d0e-89de-7b6d-4317-0a11342b1d29" testName="ToIPv6_Passing_HttpContext_IP_Value_Returns_IP" computerName="PC-SFERRARI" duration="00:00:00.0013626" startTime="2021-05-07T11:43:38.4476135+01:00" endTime="2021-05-07T11:43:38.4492544+01:00" testType="13cdc9d9-ddb5-4fa4-a97d-d965ccfc6d4b" outcome="Passed" testListId="8c84fa94-04c1-424b-9868-57a2d4851a1d" relativeResultsDirectory="13c3d05c-6d0a-490b-84f1-2d999948b44d" />
    <UnitTestResult executionId="96c24f10-7db6-4542-be77-37853e3bd7c1" testId="46cc46f0-c0e1-f3e6-2242-cdef90a4249a" testName="ToMapNew_Passing_TSource_And_TDestination_Returns_New_TDestination_Object" computerName="PC-SFERRARI" duration="00:00:00.0058870" startTime="2021-05-07T11:43:37.7977711+01:00" endTime="2021-05-07T11:43:37.8038282+01:00" testType="13cdc9d9-ddb5-4fa4-a97d-d965ccfc6d4b" outcome="Passed" testListId="8c84fa94-04c1-424b-9868-57a2d4851a1d" relativeResultsDirectory="96c24f10-7db6-4542-be77-37853e3bd7c1" />
    <UnitTestResult executionId="ea40e054-76d4-472a-ac79-83e002034f2c" testId="118e36ba-6572-1245-e05b-9bcc7b4e5e20" testName="ToBytes_Passing_Object_Returns_Bytes" computerName="PC-SFERRARI" duration="00:00:00.0008221" startTime="2021-05-07T11:43:38.4465675+01:00" endTime="2021-05-07T11:43:38.4475738+01:00" testType="13cdc9d9-ddb5-4fa4-a97d-d965ccfc6d4b" outcome="Passed" testListId="8c84fa94-04c1-424b-9868-57a2d4851a1d" relativeResultsDirectory="ea40e054-76d4-472a-ac79-83e002034f2c" />
    <UnitTestResult executionId="a1d49e53-afc8-41a4-9d11-87909c49a447" testId="432377b9-b0ad-9a2a-6dc2-e1069e73c449" testName="ToDefaultValue_Passing_bool_Returns_Cero" computerName="PC-SFERRARI" duration="00:00:00.0002908" startTime="2021-05-07T11:43:38.4371826+01:00" endTime="2021-05-07T11:43:38.4375617+01:00" testType="13cdc9d9-ddb5-4fa4-a97d-d965ccfc6d4b" outcome="Passed" testListId="8c84fa94-04c1-424b-9868-57a2d4851a1d" relativeResultsDirectory="a1d49e53-afc8-41a4-9d11-87909c49a447" resultType="DataDrivenTest">
      <InnerResults>
        <UnitTestResult executionId="98404bcc-974e-43ee-84d5-f7a5b0c4de97" parentExecutionId="a1d49e53-afc8-41a4-9d11-87909c49a447" testId="432377b9-b0ad-9a2a-6dc2-e1069e73c449" testName="ToDefaultValue_Passing_bool_Returns_Cero (True)" computerName="PC-SFERRARI" duration="00:00:00.0002388" startTime="2021-05-07T11:43:38.4371826+01:00" endTime="2021-05-07T11:43:38.4375617+01:00" testType="13cdc9d9-ddb5-4fa4-a97d-d965ccfc6d4b" outcome="Passed" testListId="8c84fa94-04c1-424b-9868-57a2d4851a1d" relativeResultsDirectory="98404bcc-974e-43ee-84d5-f7a5b0c4de97" dataRowInfo="1" resultType="DataDrivenDataRow" />
      </InnerResults>
    </UnitTestResult>
    <UnitTestResult executionId="1e03901c-fabe-48a4-9ab0-73f9e151c149" testId="73904cd7-b09d-89fc-efca-330cb9d1d1b7" testName="ToConfiguration_Passing_Invalid_DirectoryPath_Returns_ApplicationException" computerName="PC-SFERRARI" duration="00:00:00.0004893" startTime="2021-05-07T11:43:38.8468664+01:00" endTime="2021-05-07T11:43:38.8474417+01:00" testType="13cdc9d9-ddb5-4fa4-a97d-d965ccfc6d4b" outcome="Passed" testListId="8c84fa94-04c1-424b-9868-57a2d4851a1d" relativeResultsDirectory="1e03901c-fabe-48a4-9ab0-73f9e151c149" />
    <UnitTestResult executionId="e29a1533-6001-4fff-93e9-3868bb3f4500" testId="5517211d-203c-115f-7dc1-6f48da8ab75b" testName="ToFirstLetterUpper_Passing_ValidValue_Returns_StringWithFirstLetterUpper" computerName="PC-SFERRARI" duration="00:00:00.0002678" startTime="2021-05-07T11:43:38.9783561+01:00" endTime="2021-05-07T11:43:38.9787449+01:00" testType="13cdc9d9-ddb5-4fa4-a97d-d965ccfc6d4b" outcome="Passed" testListId="8c84fa94-04c1-424b-9868-57a2d4851a1d" relativeResultsDirectory="e29a1533-6001-4fff-93e9-3868bb3f4500" resultType="DataDrivenTest">
      <InnerResults>
        <UnitTestResult executionId="591bff21-86c0-4e77-bdb9-47de61003a43" parentExecutionId="e29a1533-6001-4fff-93e9-3868bb3f4500" testId="5517211d-203c-115f-7dc1-6f48da8ab75b" testName="ToFirstLetterUpper_Passing_ValidValue_Returns_StringWithFirstLetterUpper (aeiou,Aeiou)" computerName="PC-SFERRARI" duration="00:00:00.0001165" startTime="2021-05-07T11:43:38.9783561+01:00" endTime="2021-05-07T11:43:38.9787449+01:00" testType="13cdc9d9-ddb5-4fa4-a97d-d965ccfc6d4b" outcome="Passed" testListId="8c84fa94-04c1-424b-9868-57a2d4851a1d" relativeResultsDirectory="591bff21-86c0-4e77-bdb9-47de61003a43" dataRowInfo="1" resultType="DataDrivenDataRow" />
        <UnitTestResult executionId="e9fe9076-a07e-4cd0-b27e-30c59677a78c" parentExecutionId="e29a1533-6001-4fff-93e9-3868bb3f4500" testId="5517211d-203c-115f-7dc1-6f48da8ab75b" testName="ToFirstLetterUpper_Passing_ValidValue_Returns_StringWithFirstLetterUpper (aEIOU,AEIOU)" computerName="PC-SFERRARI" duration="00:00:00.0000059" startTime="2021-05-07T11:43:38.9783561+01:00" endTime="2021-05-07T11:43:38.9787449+01:00" testType="13cdc9d9-ddb5-4fa4-a97d-d965ccfc6d4b" outcome="Passed" testListId="8c84fa94-04c1-424b-9868-57a2d4851a1d" relativeResultsDirectory="e9fe9076-a07e-4cd0-b27e-30c59677a78c" dataRowInfo="2" resultType="DataDrivenDataRow" />
        <UnitTestResult executionId="ba423d1d-25f7-4353-9ad8-6c9d5cfb2605" parentExecutionId="e29a1533-6001-4fff-93e9-3868bb3f4500" testId="5517211d-203c-115f-7dc1-6f48da8ab75b" testName="ToFirstLetterUpper_Passing_ValidValue_Returns_StringWithFirstLetterUpper (aeioU,AeioU)" computerName="PC-SFERRARI" duration="00:00:00.0000041" startTime="2021-05-07T11:43:38.9783561+01:00" endTime="2021-05-07T11:43:38.9787449+01:00" testType="13cdc9d9-ddb5-4fa4-a97d-d965ccfc6d4b" outcome="Passed" testListId="8c84fa94-04c1-424b-9868-57a2d4851a1d" relativeResultsDirectory="ba423d1d-25f7-4353-9ad8-6c9d5cfb2605" dataRowInfo="3" resultType="DataDrivenDataRow" />
        <UnitTestResult executionId="6be442f3-17c1-49bb-a3c3-6511d04dfaec" parentExecutionId="e29a1533-6001-4fff-93e9-3868bb3f4500" testId="5517211d-203c-115f-7dc1-6f48da8ab75b" testName="ToFirstLetterUpper_Passing_ValidValue_Returns_StringWithFirstLetterUpper (AEIOU,AEIOU)" computerName="PC-SFERRARI" duration="00:00:00.0000037" startTime="2021-05-07T11:43:38.9783561+01:00" endTime="2021-05-07T11:43:38.9787449+01:00" testType="13cdc9d9-ddb5-4fa4-a97d-d965ccfc6d4b" outcome="Passed" testListId="8c84fa94-04c1-424b-9868-57a2d4851a1d" relativeResultsDirectory="6be442f3-17c1-49bb-a3c3-6511d04dfaec" dataRowInfo="4" resultType="DataDrivenDataRow" />
        <UnitTestResult executionId="fe417cd8-c586-4672-8559-7838045b919b" parentExecutionId="e29a1533-6001-4fff-93e9-3868bb3f4500" testId="5517211d-203c-115f-7dc1-6f48da8ab75b" testName="ToFirstLetterUpper_Passing_ValidValue_Returns_StringWithFirstLetterUpper (Aeiou,Aeiou)" computerName="PC-SFERRARI" duration="00:00:00.0000038" startTime="2021-05-07T11:43:38.9783561+01:00" endTime="2021-05-07T11:43:38.9787449+01:00" testType="13cdc9d9-ddb5-4fa4-a97d-d965ccfc6d4b" outcome="Passed" testListId="8c84fa94-04c1-424b-9868-57a2d4851a1d" relativeResultsDirectory="fe417cd8-c586-4672-8559-7838045b919b" dataRowInfo="5" resultType="DataDrivenDataRow" />
      </InnerResults>
    </UnitTestResult>
    <UnitTestResult executionId="257e9712-9406-4470-af65-e4acafc351c3" testId="98331ff8-6ed1-e7ba-c8dd-be5bd5b6cb2c" testName="ToEmailMask_Passing_ValidEmail_Returns_EmailWithMask" computerName="PC-SFERRARI" duration="00:00:00.0005553" startTime="2021-05-07T11:43:39.0035916+01:00" endTime="2021-05-07T11:43:39.0043301+01:00" testType="13cdc9d9-ddb5-4fa4-a97d-d965ccfc6d4b" outcome="Passed" testListId="8c84fa94-04c1-424b-9868-57a2d4851a1d" relativeResultsDirectory="257e9712-9406-4470-af65-e4acafc351c3" resultType="DataDrivenTest">
      <InnerResults>
        <UnitTestResult executionId="db3a4323-78a8-4586-9705-74068f77728c" parentExecutionId="257e9712-9406-4470-af65-e4acafc351c3" testId="98331ff8-6ed1-e7ba-c8dd-be5bd5b6cb2c" testName="ToEmailMask_Passing_ValidEmail_Returns_EmailWithMask (qaz@gmail.com,q-z@g----.com)" computerName="PC-SFERRARI" duration="00:00:00.0002864" startTime="2021-05-07T11:43:39.0035916+01:00" endTime="2021-05-07T11:43:39.0043301+01:00" testType="13cdc9d9-ddb5-4fa4-a97d-d965ccfc6d4b" outcome="Passed" testListId="8c84fa94-04c1-424b-9868-57a2d4851a1d" relativeResultsDirectory="db3a4323-78a8-4586-9705-74068f77728c" dataRowInfo="1" resultType="DataDrivenDataRow" />
        <UnitTestResult executionId="1df5ed81-2ddb-4d7b-8621-31cc67b5bad8" parentExecutionId="257e9712-9406-4470-af65-e4acafc351c3" testId="98331ff8-6ed1-e7ba-c8dd-be5bd5b6cb2c" testName="ToEmailMask_Passing_ValidEmail_Returns_EmailWithMask (qazwsx@gmail.com,q----x@g----.com)" computerName="PC-SFERRARI" duration="00:00:00.0000227" startTime="2021-05-07T11:43:39.0035916+01:00" endTime="2021-05-07T11:43:39.0043301+01:00" testType="13cdc9d9-ddb5-4fa4-a97d-d965ccfc6d4b" outcome="Passed" testListId="8c84fa94-04c1-424b-9868-57a2d4851a1d" relativeResultsDirectory="1df5ed81-2ddb-4d7b-8621-31cc67b5bad8" dataRowInfo="2" resultType="DataDrivenDataRow" />
        <UnitTestResult executionId="b0d04139-5b6b-40ce-94c8-72216247091c" parentExecutionId="257e9712-9406-4470-af65-e4acafc351c3" testId="98331ff8-6ed1-e7ba-c8dd-be5bd5b6cb2c" testName="ToEmailMask_Passing_ValidEmail_Returns_EmailWithMask (qazwsxedc@gmail.com,q-------c@g----.com)" computerName="PC-SFERRARI" duration="00:00:00.0000232" startTime="2021-05-07T11:43:39.0035916+01:00" endTime="2021-05-07T11:43:39.0043301+01:00" testType="13cdc9d9-ddb5-4fa4-a97d-d965ccfc6d4b" outcome="Passed" testListId="8c84fa94-04c1-424b-9868-57a2d4851a1d" relativeResultsDirectory="b0d04139-5b6b-40ce-94c8-72216247091c" dataRowInfo="3" resultType="DataDrivenDataRow" />
        <UnitTestResult executionId="46f0480a-81cb-40e2-8032-b48ca9db18d1" parentExecutionId="257e9712-9406-4470-af65-e4acafc351c3" testId="98331ff8-6ed1-e7ba-c8dd-be5bd5b6cb2c" testName="ToEmailMask_Passing_ValidEmail_Returns_EmailWithMask (qaz@gmailgmail.com,q-z@g---------.com)" computerName="PC-SFERRARI" duration="00:00:00.0000211" startTime="2021-05-07T11:43:39.0035916+01:00" endTime="2021-05-07T11:43:39.0043301+01:00" testType="13cdc9d9-ddb5-4fa4-a97d-d965ccfc6d4b" outcome="Passed" testListId="8c84fa94-04c1-424b-9868-57a2d4851a1d" relativeResultsDirectory="46f0480a-81cb-40e2-8032-b48ca9db18d1" dataRowInfo="4" resultType="DataDrivenDataRow" />
        <UnitTestResult executionId="db64ebc1-4eb4-422f-acd9-1f1f9a2e1208" parentExecutionId="257e9712-9406-4470-af65-e4acafc351c3" testId="98331ff8-6ed1-e7ba-c8dd-be5bd5b6cb2c" testName="ToEmailMask_Passing_ValidEmail_Returns_EmailWithMask (qazwsx@gmailgmail.com,q----x@g---------.com)" computerName="PC-SFERRARI" duration="00:00:00.0000226" startTime="2021-05-07T11:43:39.0035916+01:00" endTime="2021-05-07T11:43:39.0043301+01:00" testType="13cdc9d9-ddb5-4fa4-a97d-d965ccfc6d4b" outcome="Passed" testListId="8c84fa94-04c1-424b-9868-57a2d4851a1d" relativeResultsDirectory="db64ebc1-4eb4-422f-acd9-1f1f9a2e1208" dataRowInfo="5" resultType="DataDrivenDataRow" />
        <UnitTestResult executionId="81f93cf6-5d6f-43e3-b733-b68f979d01b2" parentExecutionId="257e9712-9406-4470-af65-e4acafc351c3" testId="98331ff8-6ed1-e7ba-c8dd-be5bd5b6cb2c" testName="ToEmailMask_Passing_ValidEmail_Returns_EmailWithMask (qazwsxedc@gmailgmail.com,q-------c@g---------.com)" computerName="PC-SFERRARI" duration="00:00:00.0000215" startTime="2021-05-07T11:43:39.0035916+01:00" endTime="2021-05-07T11:43:39.0043301+01:00" testType="13cdc9d9-ddb5-4fa4-a97d-d965ccfc6d4b" outcome="Passed" testListId="8c84fa94-04c1-424b-9868-57a2d4851a1d" relativeResultsDirectory="81f93cf6-5d6f-43e3-b733-b68f979d01b2" dataRowInfo="6" resultType="DataDrivenDataRow" />
      </InnerResults>
    </UnitTestResult>
    <UnitTestResult executionId="5c91b160-1dc2-4f6f-9b31-0ed70ce1bd90" testId="74c0befe-cdb2-1fdf-be71-2a39199bb5c9" testName="ToService_Passing_Service_Not_Found_Returns_ApplicationException" computerName="PC-SFERRARI" duration="00:00:00.0006756" startTime="2021-05-07T11:43:38.1523091+01:00" endTime="2021-05-07T11:43:38.1531585+01:00" testType="13cdc9d9-ddb5-4fa4-a97d-d965ccfc6d4b" outcome="Passed" testListId="8c84fa94-04c1-424b-9868-57a2d4851a1d" relativeResultsDirectory="5c91b160-1dc2-4f6f-9b31-0ed70ce1bd90" />
    <UnitTestResult executionId="3f59e47e-a7e0-47ba-954e-2ee99c410ae9" testId="bd43e66e-fbae-26eb-a9a1-c58a6bf5d7af" testName="ToHashAlgorithmName_Passing_InvalidValueLowerCaseString_Returns_Null" computerName="PC-SFERRARI" duration="00:00:00.0002228" startTime="2021-05-07T11:43:39.0486847+01:00" endTime="2021-05-07T11:43:39.0490205+01:00" testType="13cdc9d9-ddb5-4fa4-a97d-d965ccfc6d4b" outcome="Passed" testListId="8c84fa94-04c1-424b-9868-57a2d4851a1d" relativeResultsDirectory="3f59e47e-a7e0-47ba-954e-2ee99c410ae9" resultType="DataDrivenTest">
      <InnerResults>
        <UnitTestResult executionId="6d21595c-5a0c-426e-8ff5-9afa7a138be5" parentExecutionId="3f59e47e-a7e0-47ba-954e-2ee99c410ae9" testId="bd43e66e-fbae-26eb-a9a1-c58a6bf5d7af" testName="ToHashAlgorithmName_Passing_InvalidValueLowerCaseString_Returns_Null (md5)" computerName="PC-SFERRARI" duration="00:00:00.0001752" startTime="2021-05-07T11:43:39.0486847+01:00" endTime="2021-05-07T11:43:39.0490205+01:00" testType="13cdc9d9-ddb5-4fa4-a97d-d965ccfc6d4b" outcome="Passed" testListId="8c84fa94-04c1-424b-9868-57a2d4851a1d" relativeResultsDirectory="6d21595c-5a0c-426e-8ff5-9afa7a138be5" dataRowInfo="1" resultType="DataDrivenDataRow" />
      </InnerResults>
    </UnitTestResult>
    <UnitTestResult executionId="af1dada8-f136-4afa-b5c4-3bcb98505efb" testId="15fe55e5-cdce-6280-ea15-ef777735767c" testName="ToEnvironment_ServiceCollection_Passing_Production_Enviroment_Returns_Production_Name" computerName="PC-SFERRARI" duration="00:00:00.0006370" startTime="2021-05-07T11:43:38.8102048+01:00" endTime="2021-05-07T11:43:38.8110327+01:00" testType="13cdc9d9-ddb5-4fa4-a97d-d965ccfc6d4b" outcome="Passed" testListId="8c84fa94-04c1-424b-9868-57a2d4851a1d" relativeResultsDirectory="af1dada8-f136-4afa-b5c4-3bcb98505efb" />
    <UnitTestResult executionId="b47c5073-f07f-4390-8881-9c6f8ed3b241" testId="64bc1554-814c-3c40-a6b0-679b40b89c36" testName="ToExists_Passing_Valid_Service_Returns_True" computerName="PC-SFERRARI" duration="00:00:00.0005426" startTime="2021-05-07T11:43:38.1475317+01:00" endTime="2021-05-07T11:43:38.1482306+01:00" testType="13cdc9d9-ddb5-4fa4-a97d-d965ccfc6d4b" outcome="Passed" testListId="8c84fa94-04c1-424b-9868-57a2d4851a1d" relativeResultsDirectory="b47c5073-f07f-4390-8881-9c6f8ed3b241" />
    <UnitTestResult executionId="fdea62a3-522f-4b21-a1ec-6f5206eca3c7" testId="3c82816f-4e62-7440-d30d-abbd53b1dcea" testName="ResultOK" computerName="PC-SFERRARI" duration="00:00:00.0020429" startTime="2021-05-07T11:43:39.2127625+01:00" endTime="2021-05-07T11:43:39.2151370+01:00" testType="13cdc9d9-ddb5-4fa4-a97d-d965ccfc6d4b" outcome="Passed" testListId="8c84fa94-04c1-424b-9868-57a2d4851a1d" relativeResultsDirectory="fdea62a3-522f-4b21-a1ec-6f5206eca3c7" />
    <UnitTestResult executionId="bf2f5aa8-89ef-41eb-85dd-1ceab18be02d" testId="ebdf037a-44fa-7875-99d4-42fa9833aac8" testName="IsDigit_Passing_ValidArguments_Returns_HasErrorsAndCount" computerName="PC-SFERRARI" duration="00:00:00.0002123" startTime="2021-05-07T11:43:39.1605261+01:00" endTime="2021-05-07T11:43:39.1608858+01:00" testType="13cdc9d9-ddb5-4fa4-a97d-d965ccfc6d4b" outcome="Passed" testListId="8c84fa94-04c1-424b-9868-57a2d4851a1d" relativeResultsDirectory="bf2f5aa8-89ef-41eb-85dd-1ceab18be02d" />
    <UnitTestResult executionId="3e3b4c7b-5b0d-43c7-bb96-219188633523" testId="a4956cd8-34a7-6fca-5b71-6eb98cedd9b0" testName="ToEndOfTheMonth_Passing_DateTime_Returns_End_Of_Month_DateTime" computerName="PC-SFERRARI" duration="00:00:00.0009364" startTime="2021-05-07T11:43:38.3952969+01:00" endTime="2021-05-07T11:43:38.3963936+01:00" testType="13cdc9d9-ddb5-4fa4-a97d-d965ccfc6d4b" outcome="Passed" testListId="8c84fa94-04c1-424b-9868-57a2d4851a1d" relativeResultsDirectory="3e3b4c7b-5b0d-43c7-bb96-219188633523" />
    <UnitTestResult executionId="7663742e-f60f-4f7e-9706-bd95a0d16127" testId="7dc20d31-477c-3765-83c0-7575a504da96" testName="ToNormalize_Passing_ValidValue_Returns_NormalizedValue" computerName="PC-SFERRARI" duration="00:00:00.0157770" startTime="2021-05-07T11:43:38.9388804+01:00" endTime="2021-05-07T11:43:38.9550102+01:00" testType="13cdc9d9-ddb5-4fa4-a97d-d965ccfc6d4b" outcome="Passed" testListId="8c84fa94-04c1-424b-9868-57a2d4851a1d" relativeResultsDirectory="7663742e-f60f-4f7e-9706-bd95a0d16127" resultType="DataDrivenTest">
      <InnerResults>
        <UnitTestResult executionId="088277dd-6b6b-43ac-b681-5fd4dd6c72d7" parentExecutionId="7663742e-f60f-4f7e-9706-bd95a0d16127" testId="7dc20d31-477c-3765-83c0-7575a504da96" testName="ToNormalize_Passing_ValidValue_Returns_NormalizedValue ( ,)" computerName="PC-SFERRARI" duration="00:00:00.0003243" startTime="2021-05-07T11:43:38.9388804+01:00" endTime="2021-05-07T11:43:38.9550102+01:00" testType="13cdc9d9-ddb5-4fa4-a97d-d965ccfc6d4b" outcome="Passed" testListId="8c84fa94-04c1-424b-9868-57a2d4851a1d" relativeResultsDirectory="088277dd-6b6b-43ac-b681-5fd4dd6c72d7" dataRowInfo="1" resultType="DataDrivenDataRow" />
        <UnitTestResult executionId="ad6e2bca-f5f5-44fd-bb9d-c5b42fb83f92" parentExecutionId="7663742e-f60f-4f7e-9706-bd95a0d16127" testId="7dc20d31-477c-3765-83c0-7575a504da96" testName="ToNormalize_Passing_ValidValue_Returns_NormalizedValue (àáäâãøçħ,aaaaaoch)" computerName="PC-SFERRARI" duration="00:00:00.0000597" startTime="2021-05-07T11:43:38.9388804+01:00" endTime="2021-05-07T11:43:38.9550102+01:00" testType="13cdc9d9-ddb5-4fa4-a97d-d965ccfc6d4b" outcome="Passed" testListId="8c84fa94-04c1-424b-9868-57a2d4851a1d" relativeResultsDirectory="ad6e2bca-f5f5-44fd-bb9d-c5b42fb83f92" dataRowInfo="2" resultType="DataDrivenDataRow" />
        <UnitTestResult executionId="f947f85b-a124-448f-ac0b-6854fa326fa1" parentExecutionId="7663742e-f60f-4f7e-9706-bd95a0d16127" testId="7dc20d31-477c-3765-83c0-7575a504da96" testName="ToNormalize_Passing_ValidValue_Returns_NormalizedValue ( àáäâ ãøçħ ,aaaa aoch)" computerName="PC-SFERRARI" duration="00:00:00.0000449" startTime="2021-05-07T11:43:38.9388804+01:00" endTime="2021-05-07T11:43:38.9550102+01:00" testType="13cdc9d9-ddb5-4fa4-a97d-d965ccfc6d4b" outcome="Passed" testListId="8c84fa94-04c1-424b-9868-57a2d4851a1d" relativeResultsDirectory="f947f85b-a124-448f-ac0b-6854fa326fa1" dataRowInfo="3" resultType="DataDrivenDataRow" />
        <UnitTestResult executionId="edced389-39d9-4167-9d29-0fdfc4d5c930" parentExecutionId="7663742e-f60f-4f7e-9706-bd95a0d16127" testId="7dc20d31-477c-3765-83c0-7575a504da96" testName="ToNormalize_Passing_ValidValue_Returns_NormalizedValue (*¨^_:-?¿;,)" computerName="PC-SFERRARI" duration="00:00:00.0000624" startTime="2021-05-07T11:43:38.9388804+01:00" endTime="2021-05-07T11:43:38.9550102+01:00" testType="13cdc9d9-ddb5-4fa4-a97d-d965ccfc6d4b" outcome="Passed" testListId="8c84fa94-04c1-424b-9868-57a2d4851a1d" relativeResultsDirectory="edced389-39d9-4167-9d29-0fdfc4d5c930" dataRowInfo="4" resultType="DataDrivenDataRow" />
        <UnitTestResult executionId="2d1c7191-375e-4113-ae33-2b600fad8fe8" parentExecutionId="7663742e-f60f-4f7e-9706-bd95a0d16127" testId="7dc20d31-477c-3765-83c0-7575a504da96" testName="ToNormalize_Passing_ValidValue_Returns_NormalizedValue ( * ¨ ^ _ : - ? ¿ ; ,)" computerName="PC-SFERRARI" duration="00:00:00.0000586" startTime="2021-05-07T11:43:38.9388804+01:00" endTime="2021-05-07T11:43:38.9550102+01:00" testType="13cdc9d9-ddb5-4fa4-a97d-d965ccfc6d4b" outcome="Passed" testListId="8c84fa94-04c1-424b-9868-57a2d4851a1d" relativeResultsDirectory="2d1c7191-375e-4113-ae33-2b600fad8fe8" dataRowInfo="5" resultType="DataDrivenDataRow" />
        <UnitTestResult executionId="71ca1324-316a-449a-bc87-6020d43441dd" parentExecutionId="7663742e-f60f-4f7e-9706-bd95a0d16127" testId="7dc20d31-477c-3765-83c0-7575a504da96" testName="ToNormalize_Passing_ValidValue_Returns_NormalizedValue (àáäâã,aaaaa)" computerName="PC-SFERRARI" duration="00:00:00.0000325" startTime="2021-05-07T11:43:38.9388804+01:00" endTime="2021-05-07T11:43:38.9550102+01:00" testType="13cdc9d9-ddb5-4fa4-a97d-d965ccfc6d4b" outcome="Passed" testListId="8c84fa94-04c1-424b-9868-57a2d4851a1d" relativeResultsDirectory="71ca1324-316a-449a-bc87-6020d43441dd" dataRowInfo="6" resultType="DataDrivenDataRow" />
        <UnitTestResult executionId="42c7991b-155d-406a-ac95-68904e4655f5" parentExecutionId="7663742e-f60f-4f7e-9706-bd95a0d16127" testId="7dc20d31-477c-3765-83c0-7575a504da96" testName="ToNormalize_Passing_ValidValue_Returns_NormalizedValue (ÀÁÄÂÃ,AAAAA)" computerName="PC-SFERRARI" duration="00:00:00.0000464" startTime="2021-05-07T11:43:38.9388804+01:00" endTime="2021-05-07T11:43:38.9550102+01:00" testType="13cdc9d9-ddb5-4fa4-a97d-d965ccfc6d4b" outcome="Passed" testListId="8c84fa94-04c1-424b-9868-57a2d4851a1d" relativeResultsDirectory="42c7991b-155d-406a-ac95-68904e4655f5" dataRowInfo="7" resultType="DataDrivenDataRow" />
        <UnitTestResult executionId="b738697d-78f2-4f3e-8879-58063ae1d1f8" parentExecutionId="7663742e-f60f-4f7e-9706-bd95a0d16127" testId="7dc20d31-477c-3765-83c0-7575a504da96" testName="ToNormalize_Passing_ValidValue_Returns_NormalizedValue (ç,c)" computerName="PC-SFERRARI" duration="00:00:00.0000404" startTime="2021-05-07T11:43:38.9388804+01:00" endTime="2021-05-07T11:43:38.9550102+01:00" testType="13cdc9d9-ddb5-4fa4-a97d-d965ccfc6d4b" outcome="Passed" testListId="8c84fa94-04c1-424b-9868-57a2d4851a1d" relativeResultsDirectory="b738697d-78f2-4f3e-8879-58063ae1d1f8" dataRowInfo="8" resultType="DataDrivenDataRow" />
        <UnitTestResult executionId="b635cd5d-a4bd-4dea-9e27-4a16e838d761" parentExecutionId="7663742e-f60f-4f7e-9706-bd95a0d16127" testId="7dc20d31-477c-3765-83c0-7575a504da96" testName="ToNormalize_Passing_ValidValue_Returns_NormalizedValue (Ç,C)" computerName="PC-SFERRARI" duration="00:00:00.0000404" startTime="2021-05-07T11:43:38.9388804+01:00" endTime="2021-05-07T11:43:38.9550102+01:00" testType="13cdc9d9-ddb5-4fa4-a97d-d965ccfc6d4b" outcome="Passed" testListId="8c84fa94-04c1-424b-9868-57a2d4851a1d" relativeResultsDirectory="b635cd5d-a4bd-4dea-9e27-4a16e838d761" dataRowInfo="9" resultType="DataDrivenDataRow" />
        <UnitTestResult executionId="ee5130df-726f-489e-b89c-5959626eccd9" parentExecutionId="7663742e-f60f-4f7e-9706-bd95a0d16127" testId="7dc20d31-477c-3765-83c0-7575a504da96" testName="ToNormalize_Passing_ValidValue_Returns_NormalizedValue (èéëê,eeee)" computerName="PC-SFERRARI" duration="00:00:00.0000531" startTime="2021-05-07T11:43:38.9388804+01:00" endTime="2021-05-07T11:43:38.9550102+01:00" testType="13cdc9d9-ddb5-4fa4-a97d-d965ccfc6d4b" outcome="Passed" testListId="8c84fa94-04c1-424b-9868-57a2d4851a1d" relativeResultsDirectory="ee5130df-726f-489e-b89c-5959626eccd9" dataRowInfo="10" resultType="DataDrivenDataRow" />
        <UnitTestResult executionId="a902b3bc-2686-4511-bd80-a4bd7c701093" parentExecutionId="7663742e-f60f-4f7e-9706-bd95a0d16127" testId="7dc20d31-477c-3765-83c0-7575a504da96" testName="ToNormalize_Passing_ValidValue_Returns_NormalizedValue (ÈÉËÊ,EEEE)" computerName="PC-SFERRARI" duration="00:00:00.0000284" startTime="2021-05-07T11:43:38.9388804+01:00" endTime="2021-05-07T11:43:38.9550102+01:00" testType="13cdc9d9-ddb5-4fa4-a97d-d965ccfc6d4b" outcome="Passed" testListId="8c84fa94-04c1-424b-9868-57a2d4851a1d" relativeResultsDirectory="a902b3bc-2686-4511-bd80-a4bd7c701093" dataRowInfo="11" resultType="DataDrivenDataRow" />
        <UnitTestResult executionId="9575dae1-4904-43d3-8199-75d16dc5c9d0" parentExecutionId="7663742e-f60f-4f7e-9706-bd95a0d16127" testId="7dc20d31-477c-3765-83c0-7575a504da96" testName="ToNormalize_Passing_ValidValue_Returns_NormalizedValue (ìíïî,iiii)" computerName="PC-SFERRARI" duration="00:00:00.0000328" startTime="2021-05-07T11:43:38.9388804+01:00" endTime="2021-05-07T11:43:38.9550102+01:00" testType="13cdc9d9-ddb5-4fa4-a97d-d965ccfc6d4b" outcome="Passed" testListId="8c84fa94-04c1-424b-9868-57a2d4851a1d" relativeResultsDirectory="9575dae1-4904-43d3-8199-75d16dc5c9d0" dataRowInfo="12" resultType="DataDrivenDataRow" />
        <UnitTestResult executionId="4321c480-e1c6-455d-9725-d05924b22ea6" parentExecutionId="7663742e-f60f-4f7e-9706-bd95a0d16127" testId="7dc20d31-477c-3765-83c0-7575a504da96" testName="ToNormalize_Passing_ValidValue_Returns_NormalizedValue (Malmö,Malmo)" computerName="PC-SFERRARI" duration="00:00:00.0000422" startTime="2021-05-07T11:43:38.9388804+01:00" endTime="2021-05-07T11:43:38.9550102+01:00" testType="13cdc9d9-ddb5-4fa4-a97d-d965ccfc6d4b" outcome="Passed" testListId="8c84fa94-04c1-424b-9868-57a2d4851a1d" relativeResultsDirectory="4321c480-e1c6-455d-9725-d05924b22ea6" dataRowInfo="13" resultType="DataDrivenDataRow" />
        <UnitTestResult executionId="e46aaec0-fcba-4bfb-922f-a5a1e8e849d1" parentExecutionId="7663742e-f60f-4f7e-9706-bd95a0d16127" testId="7dc20d31-477c-3765-83c0-7575a504da96" testName="ToNormalize_Passing_ValidValue_Returns_NormalizedValue (Münçhen,Munchen)" computerName="PC-SFERRARI" duration="00:00:00.0000406" startTime="2021-05-07T11:43:38.9388804+01:00" endTime="2021-05-07T11:43:38.9550102+01:00" testType="13cdc9d9-ddb5-4fa4-a97d-d965ccfc6d4b" outcome="Passed" testListId="8c84fa94-04c1-424b-9868-57a2d4851a1d" relativeResultsDirectory="e46aaec0-fcba-4bfb-922f-a5a1e8e849d1" dataRowInfo="14" resultType="DataDrivenDataRow" />
        <UnitTestResult executionId="ad7fc817-3773-4aad-97e2-a9f9f43c7a60" parentExecutionId="7663742e-f60f-4f7e-9706-bd95a0d16127" testId="7dc20d31-477c-3765-83c0-7575a504da96" testName="ToNormalize_Passing_ValidValue_Returns_NormalizedValue (Åge,Age)" computerName="PC-SFERRARI" duration="00:00:00.0000344" startTime="2021-05-07T11:43:38.9388804+01:00" endTime="2021-05-07T11:43:38.9550102+01:00" testType="13cdc9d9-ddb5-4fa4-a97d-d965ccfc6d4b" outcome="Passed" testListId="8c84fa94-04c1-424b-9868-57a2d4851a1d" relativeResultsDirectory="ad7fc817-3773-4aad-97e2-a9f9f43c7a60" dataRowInfo="15" resultType="DataDrivenDataRow" />
        <UnitTestResult executionId="9ad8976b-6400-43eb-83cc-8d8a82ed6790" parentExecutionId="7663742e-f60f-4f7e-9706-bd95a0d16127" testId="7dc20d31-477c-3765-83c0-7575a504da96" testName="ToNormalize_Passing_ValidValue_Returns_NormalizedValue (Strømsgodset,Stromsgodset)" computerName="PC-SFERRARI" duration="00:00:00.0000369" startTime="2021-05-07T11:43:38.9388804+01:00" endTime="2021-05-07T11:43:38.9550102+01:00" testType="13cdc9d9-ddb5-4fa4-a97d-d965ccfc6d4b" outcome="Passed" testListId="8c84fa94-04c1-424b-9868-57a2d4851a1d" relativeResultsDirectory="9ad8976b-6400-43eb-83cc-8d8a82ed6790" dataRowInfo="16" resultType="DataDrivenDataRow" />
        <UnitTestResult executionId="8c254625-1fd0-45f4-9815-cf77f3890799" parentExecutionId="7663742e-f60f-4f7e-9706-bd95a0d16127" testId="7dc20d31-477c-3765-83c0-7575a504da96" testName="ToNormalize_Passing_ValidValue_Returns_NormalizedValue (Kulħadd,Kulhadd)" computerName="PC-SFERRARI" duration="00:00:00.0000313" startTime="2021-05-07T11:43:38.9388804+01:00" endTime="2021-05-07T11:43:38.9550102+01:00" testType="13cdc9d9-ddb5-4fa4-a97d-d965ccfc6d4b" outcome="Passed" testListId="8c84fa94-04c1-424b-9868-57a2d4851a1d" relativeResultsDirectory="8c254625-1fd0-45f4-9815-cf77f3890799" dataRowInfo="17" resultType="DataDrivenDataRow" />
        <UnitTestResult executionId="b22104f2-36d6-434e-b2aa-690ae3c1beca" parentExecutionId="7663742e-f60f-4f7e-9706-bd95a0d16127" testId="7dc20d31-477c-3765-83c0-7575a504da96" testName="ToNormalize_Passing_ValidValue_Returns_NormalizedValue (héllo,hello)" computerName="PC-SFERRARI" duration="00:00:00.0000454" startTime="2021-05-07T11:43:38.9388804+01:00" endTime="2021-05-07T11:43:38.9550102+01:00" testType="13cdc9d9-ddb5-4fa4-a97d-d965ccfc6d4b" outcome="Passed" testListId="8c84fa94-04c1-424b-9868-57a2d4851a1d" relativeResultsDirectory="b22104f2-36d6-434e-b2aa-690ae3c1beca" dataRowInfo="18" resultType="DataDrivenDataRow" />
        <UnitTestResult executionId="2486d327-df42-41e5-80c2-c97090b9a0a1" parentExecutionId="7663742e-f60f-4f7e-9706-bd95a0d16127" testId="7dc20d31-477c-3765-83c0-7575a504da96" testName="ToNormalize_Passing_ValidValue_Returns_NormalizedValue (Autobús,Autobus)" computerName="PC-SFERRARI" duration="00:00:00.0000358" startTime="2021-05-07T11:43:38.9388804+01:00" endTime="2021-05-07T11:43:38.9550102+01:00" testType="13cdc9d9-ddb5-4fa4-a97d-d965ccfc6d4b" outcome="Passed" testListId="8c84fa94-04c1-424b-9868-57a2d4851a1d" relativeResultsDirectory="2486d327-df42-41e5-80c2-c97090b9a0a1" dataRowInfo="19" resultType="DataDrivenDataRow" />
        <UnitTestResult executionId="4a2c058c-0478-42ba-a21d-15cbbe7acae9" parentExecutionId="7663742e-f60f-4f7e-9706-bd95a0d16127" testId="7dc20d31-477c-3765-83c0-7575a504da96" testName="ToNormalize_Passing_ValidValue_Returns_NormalizedValue (i’ LL,i LL)" computerName="PC-SFERRARI" duration="00:00:00.0000272" startTime="2021-05-07T11:43:38.9388804+01:00" endTime="2021-05-07T11:43:38.9550102+01:00" testType="13cdc9d9-ddb5-4fa4-a97d-d965ccfc6d4b" outcome="Passed" testListId="8c84fa94-04c1-424b-9868-57a2d4851a1d" relativeResultsDirectory="4a2c058c-0478-42ba-a21d-15cbbe7acae9" dataRowInfo="20" resultType="DataDrivenDataRow" />
        <UnitTestResult executionId="16d2aa83-5763-4d9f-8699-b341009aa8eb" parentExecutionId="7663742e-f60f-4f7e-9706-bd95a0d16127" testId="7dc20d31-477c-3765-83c0-7575a504da96" testName="ToNormalize_Passing_ValidValue_Returns_NormalizedValue (Mañana,Manana)" computerName="PC-SFERRARI" duration="00:00:00.0000192" startTime="2021-05-07T11:43:38.9388804+01:00" endTime="2021-05-07T11:43:38.9550102+01:00" testType="13cdc9d9-ddb5-4fa4-a97d-d965ccfc6d4b" outcome="Passed" testListId="8c84fa94-04c1-424b-9868-57a2d4851a1d" relativeResultsDirectory="16d2aa83-5763-4d9f-8699-b341009aa8eb" dataRowInfo="21" resultType="DataDrivenDataRow" />
        <UnitTestResult executionId="d02ddc8e-48be-44b1-9219-f19edfb5c46e" parentExecutionId="7663742e-f60f-4f7e-9706-bd95a0d16127" testId="7dc20d31-477c-3765-83c0-7575a504da96" testName="ToNormalize_Passing_ValidValue_Returns_NormalizedValue (The End,The End)" computerName="PC-SFERRARI" duration="00:00:00.0138958" startTime="2021-05-07T11:43:38.9388804+01:00" endTime="2021-05-07T11:43:38.9550102+01:00" testType="13cdc9d9-ddb5-4fa4-a97d-d965ccfc6d4b" outcome="Passed" testListId="8c84fa94-04c1-424b-9868-57a2d4851a1d" relativeResultsDirectory="d02ddc8e-48be-44b1-9219-f19edfb5c46e" dataRowInfo="22" resultType="DataDrivenDataRow" />
        <UnitTestResult executionId="9b1595ec-43c5-442b-9eef-419cf72b9d34" parentExecutionId="7663742e-f60f-4f7e-9706-bd95a0d16127" testId="7dc20d31-477c-3765-83c0-7575a504da96" testName="ToNormalize_Passing_ValidValue_Returns_NormalizedValue (ñ Ñ,n N)" computerName="PC-SFERRARI" duration="00:00:00.0000775" startTime="2021-05-07T11:43:38.9388804+01:00" endTime="2021-05-07T11:43:38.9550102+01:00" testType="13cdc9d9-ddb5-4fa4-a97d-d965ccfc6d4b" outcome="Passed" testListId="8c84fa94-04c1-424b-9868-57a2d4851a1d" relativeResultsDirectory="9b1595ec-43c5-442b-9eef-419cf72b9d34" dataRowInfo="23" resultType="DataDrivenDataRow" />
      </InnerResults>
    </UnitTestResult>
    <UnitTestResult executionId="f465bac4-612d-4bc7-b2e7-2bd7e08df0e2" testId="1340b308-d9eb-a26e-e042-04d6c1d9a958" testName="ToHasErrors_Passing_InvalidValue_Returns_ApplicationExceptionWithMessage" computerName="PC-SFERRARI" duration="00:00:00.0005450" startTime="2021-05-07T11:43:38.2433592+01:00" endTime="2021-05-07T11:43:38.2441995+01:00" testType="13cdc9d9-ddb5-4fa4-a97d-d965ccfc6d4b" outcome="Passed" testListId="8c84fa94-04c1-424b-9868-57a2d4851a1d" relativeResultsDirectory="f465bac4-612d-4bc7-b2e7-2bd7e08df0e2" />
    <UnitTestResult executionId="855f912d-0637-4e6d-b9a9-45a5ca46b40e" testId="29295413-2308-fade-9c98-0e9ed6c67839" testName="ToDirectoryReadFileAsync_Passing_ValidValue_Returns_False" computerName="PC-SFERRARI" duration="00:00:00.0118702" startTime="2021-05-07T11:43:39.0850028+01:00" endTime="2021-05-07T11:43:39.0971323+01:00" testType="13cdc9d9-ddb5-4fa4-a97d-d965ccfc6d4b" outcome="Passed" testListId="8c84fa94-04c1-424b-9868-57a2d4851a1d" relativeResultsDirectory="855f912d-0637-4e6d-b9a9-45a5ca46b40e" />
    <UnitTestResult executionId="ebe1f6e0-c1c0-4778-a9ce-53754327867f" testId="65b9b71b-a8d5-2a7d-a8a7-0e3a015e6b68" testName="ToDirectoryTemporary_Passing_ValidValue_Returns_DirectoryExists" computerName="PC-SFERRARI" duration="00:00:00.0018543" startTime="2021-05-07T11:43:39.0971909+01:00" endTime="2021-05-07T11:43:39.0993371+01:00" testType="13cdc9d9-ddb5-4fa4-a97d-d965ccfc6d4b" outcome="Passed" testListId="8c84fa94-04c1-424b-9868-57a2d4851a1d" relativeResultsDirectory="ebe1f6e0-c1c0-4778-a9ce-53754327867f" />
    <UnitTestResult executionId="ece16180-e33b-4e91-a233-77d14c25fc01" testId="b399a6be-77e5-c0ba-9b75-93d2ac763084" testName="ResultDataBadRequest_WithErrors_KeyValue" computerName="PC-SFERRARI" duration="00:00:00.0018887" startTime="2021-05-07T11:43:39.2577636+01:00" endTime="2021-05-07T11:43:39.2597818+01:00" testType="13cdc9d9-ddb5-4fa4-a97d-d965ccfc6d4b" outcome="Passed" testListId="8c84fa94-04c1-424b-9868-57a2d4851a1d" relativeResultsDirectory="ece16180-e33b-4e91-a233-77d14c25fc01" />
    <UnitTestResult executionId="75f29b27-1a2f-4b25-87f7-5bdb3b25bd92" testId="1b969e76-d97c-c639-c377-a41796fbb2c3" testName="ToHashAlgorithmName_Passing_InvalidValueString_Returns_Null" computerName="PC-SFERRARI" duration="00:00:00.0001938" startTime="2021-05-07T11:43:39.0493997+01:00" endTime="2021-05-07T11:43:39.0496839+01:00" testType="13cdc9d9-ddb5-4fa4-a97d-d965ccfc6d4b" outcome="Passed" testListId="8c84fa94-04c1-424b-9868-57a2d4851a1d" relativeResultsDirectory="75f29b27-1a2f-4b25-87f7-5bdb3b25bd92" resultType="DataDrivenTest">
      <InnerResults>
        <UnitTestResult executionId="dc71f5a3-dab8-4da3-893b-8f082c901630" parentExecutionId="75f29b27-1a2f-4b25-87f7-5bdb3b25bd92" testId="1b969e76-d97c-c639-c377-a41796fbb2c3" testName="ToHashAlgorithmName_Passing_InvalidValueString_Returns_Null (hhhhhh)" computerName="PC-SFERRARI" duration="00:00:00.0001528" startTime="2021-05-07T11:43:39.0493997+01:00" endTime="2021-05-07T11:43:39.0496839+01:00" testType="13cdc9d9-ddb5-4fa4-a97d-d965ccfc6d4b" outcome="Passed" testListId="8c84fa94-04c1-424b-9868-57a2d4851a1d" relativeResultsDirectory="dc71f5a3-dab8-4da3-893b-8f082c901630" dataRowInfo="1" resultType="DataDrivenDataRow" />
      </InnerResults>
    </UnitTestResult>
    <UnitTestResult executionId="b21d8efb-15ca-4bb9-b343-789cf164948c" testId="19a313ce-6632-bd6f-bb7e-c2dc7bcf20eb" testName="ToDefaultValue_Passing_sbyte_Returns_Cero" computerName="PC-SFERRARI" duration="00:00:00.0007850" startTime="2021-05-07T11:43:38.4218834+01:00" endTime="2021-05-07T11:43:38.4230055+01:00" testType="13cdc9d9-ddb5-4fa4-a97d-d965ccfc6d4b" outcome="Passed" testListId="8c84fa94-04c1-424b-9868-57a2d4851a1d" relativeResultsDirectory="b21d8efb-15ca-4bb9-b343-789cf164948c" resultType="DataDrivenTest">
      <InnerResults>
        <UnitTestResult executionId="a22a01cf-621c-4278-bbc9-c44bed31dcd1" parentExecutionId="b21d8efb-15ca-4bb9-b343-789cf164948c" testId="19a313ce-6632-bd6f-bb7e-c2dc7bcf20eb" testName="ToDefaultValue_Passing_sbyte_Returns_Cero (127)" computerName="PC-SFERRARI" duration="00:00:00.0007202" startTime="2021-05-07T11:43:38.4218834+01:00" endTime="2021-05-07T11:43:38.4230055+01:00" testType="13cdc9d9-ddb5-4fa4-a97d-d965ccfc6d4b" outcome="Passed" testListId="8c84fa94-04c1-424b-9868-57a2d4851a1d" relativeResultsDirectory="a22a01cf-621c-4278-bbc9-c44bed31dcd1" dataRowInfo="1" resultType="DataDrivenDataRow" />
      </InnerResults>
    </UnitTestResult>
    <UnitTestResult executionId="6c2e618e-0e9b-40ee-b414-538293cbb6fa" testId="1e15a82e-c1da-d4c9-090a-c7fc200f7f58" testName="AddOrUpdate_Passing_Valid_Collection_Returns_Collection" computerName="PC-SFERRARI" duration="00:00:00.0016839" startTime="2021-05-07T11:43:38.3985984+01:00" endTime="2021-05-07T11:43:38.4005250+01:00" testType="13cdc9d9-ddb5-4fa4-a97d-d965ccfc6d4b" outcome="Passed" testListId="8c84fa94-04c1-424b-9868-57a2d4851a1d" relativeResultsDirectory="6c2e618e-0e9b-40ee-b414-538293cbb6fa" />
    <UnitTestResult executionId="fc5f25ce-3139-46c4-8610-087bab04eec3" testId="a1095294-226e-a0f0-0154-11290289c9db" testName="ToStringFormat_Passing_ValidValue_Returns_ValueWithoutRemovedChars" computerName="PC-SFERRARI" duration="00:00:00.0003646" startTime="2021-05-07T11:43:38.7861535+01:00" endTime="2021-05-07T11:43:38.7867261+01:00" testType="13cdc9d9-ddb5-4fa4-a97d-d965ccfc6d4b" outcome="Passed" testListId="8c84fa94-04c1-424b-9868-57a2d4851a1d" relativeResultsDirectory="fc5f25ce-3139-46c4-8610-087bab04eec3" resultType="DataDrivenTest">
      <InnerResults>
        <UnitTestResult executionId="2c55a1cc-79ff-4394-9e4a-b187ee9ce7cd" parentExecutionId="fc5f25ce-3139-46c4-8610-087bab04eec3" testId="a1095294-226e-a0f0-0154-11290289c9db" testName="ToStringFormat_Passing_ValidValue_Returns_ValueWithoutRemovedChars (0)" computerName="PC-SFERRARI" duration="00:00:00.0002760" startTime="2021-05-07T11:43:38.7861535+01:00" endTime="2021-05-07T11:43:38.7867261+01:00" testType="13cdc9d9-ddb5-4fa4-a97d-d965ccfc6d4b" outcome="Passed" testListId="8c84fa94-04c1-424b-9868-57a2d4851a1d" relativeResultsDirectory="2c55a1cc-79ff-4394-9e4a-b187ee9ce7cd" dataRowInfo="1" resultType="DataDrivenDataRow" />
        <UnitTestResult executionId="2ae67ce9-a75d-45b9-a22a-f924fd9e1800" parentExecutionId="fc5f25ce-3139-46c4-8610-087bab04eec3" testId="a1095294-226e-a0f0-0154-11290289c9db" testName="ToStringFormat_Passing_ValidValue_Returns_ValueWithoutRemovedChars (1)" computerName="PC-SFERRARI" duration="00:00:00.0000040" startTime="2021-05-07T11:43:38.7861535+01:00" endTime="2021-05-07T11:43:38.7867261+01:00" testType="13cdc9d9-ddb5-4fa4-a97d-d965ccfc6d4b" outcome="Passed" testListId="8c84fa94-04c1-424b-9868-57a2d4851a1d" relativeResultsDirectory="2ae67ce9-a75d-45b9-a22a-f924fd9e1800" dataRowInfo="2" resultType="DataDrivenDataRow" />
        <UnitTestResult executionId="4ccd4a61-f893-4935-bdf0-95ceb028d757" parentExecutionId="fc5f25ce-3139-46c4-8610-087bab04eec3" testId="a1095294-226e-a0f0-0154-11290289c9db" testName="ToStringFormat_Passing_ValidValue_Returns_ValueWithoutRemovedChars (-1)" computerName="PC-SFERRARI" duration="00:00:00.0000074" startTime="2021-05-07T11:43:38.7861535+01:00" endTime="2021-05-07T11:43:38.7867261+01:00" testType="13cdc9d9-ddb5-4fa4-a97d-d965ccfc6d4b" outcome="Passed" testListId="8c84fa94-04c1-424b-9868-57a2d4851a1d" relativeResultsDirectory="4ccd4a61-f893-4935-bdf0-95ceb028d757" dataRowInfo="3" resultType="DataDrivenDataRow" />
        <UnitTestResult executionId="8d4a2227-91cd-4057-a510-ea41336d1d27" parentExecutionId="fc5f25ce-3139-46c4-8610-087bab04eec3" testId="a1095294-226e-a0f0-0154-11290289c9db" testName="ToStringFormat_Passing_ValidValue_Returns_ValueWithoutRemovedChars (2147483647)" computerName="PC-SFERRARI" duration="00:00:00.0000024" startTime="2021-05-07T11:43:38.7861535+01:00" endTime="2021-05-07T11:43:38.7867261+01:00" testType="13cdc9d9-ddb5-4fa4-a97d-d965ccfc6d4b" outcome="Passed" testListId="8c84fa94-04c1-424b-9868-57a2d4851a1d" relativeResultsDirectory="8d4a2227-91cd-4057-a510-ea41336d1d27" dataRowInfo="4" resultType="DataDrivenDataRow" />
        <UnitTestResult executionId="51a3e53a-7d8f-4925-873c-7ec8aa925f2c" parentExecutionId="fc5f25ce-3139-46c4-8610-087bab04eec3" testId="a1095294-226e-a0f0-0154-11290289c9db" testName="ToStringFormat_Passing_ValidValue_Returns_ValueWithoutRemovedChars (-2147483648)" computerName="PC-SFERRARI" duration="00:00:00.0000021" startTime="2021-05-07T11:43:38.7861535+01:00" endTime="2021-05-07T11:43:38.7867261+01:00" testType="13cdc9d9-ddb5-4fa4-a97d-d965ccfc6d4b" outcome="Passed" testListId="8c84fa94-04c1-424b-9868-57a2d4851a1d" relativeResultsDirectory="51a3e53a-7d8f-4925-873c-7ec8aa925f2c" dataRowInfo="5" resultType="DataDrivenDataRow" />
      </InnerResults>
    </UnitTestResult>
    <UnitTestResult executionId="4a4f8a2e-995f-4607-99e8-54e9ce96f7ed" testId="c00cb1b0-a36c-2ae8-4230-b32afb3c83f9" testName="ResultOk_WithMessage_WithDetails" computerName="PC-SFERRARI" duration="00:00:00.0004803" startTime="2021-05-07T11:43:39.2151765+01:00" endTime="2021-05-07T11:43:39.2157852+01:00" testType="13cdc9d9-ddb5-4fa4-a97d-d965ccfc6d4b" outcome="Passed" testListId="8c84fa94-04c1-424b-9868-57a2d4851a1d" relativeResultsDirectory="4a4f8a2e-995f-4607-99e8-54e9ce96f7ed" />
    <UnitTestResult executionId="d7e4b568-1b40-4365-8866-78e9e70de74c" testId="07d50dfb-3195-c832-23d2-97ae667f2010" testName="ToString_Passing_Valid_Collection_Returns_String_With_Default_Separator" computerName="PC-SFERRARI" duration="00:00:00.0005729" startTime="2021-05-07T11:43:38.4010167+01:00" endTime="2021-05-07T11:43:38.4017850+01:00" testType="13cdc9d9-ddb5-4fa4-a97d-d965ccfc6d4b" outcome="Passed" testListId="8c84fa94-04c1-424b-9868-57a2d4851a1d" relativeResultsDirectory="d7e4b568-1b40-4365-8866-78e9e70de74c" />
    <UnitTestResult executionId="74d7663a-fb35-4828-a52e-f987478ff067" testId="bf48e581-43e6-7660-c4f4-1b7deb1f0ed9" testName="ToConfiguration_Passing_Valid_DirectoryPath_Invalid_JsonFileName_Not_Optional_Returns_ApplicationException" computerName="PC-SFERRARI" duration="00:00:00.0009959" startTime="2021-05-07T11:43:38.8474641+01:00" endTime="2021-05-07T11:43:38.8485452+01:00" testType="13cdc9d9-ddb5-4fa4-a97d-d965ccfc6d4b" outcome="Passed" testListId="8c84fa94-04c1-424b-9868-57a2d4851a1d" relativeResultsDirectory="74d7663a-fb35-4828-a52e-f987478ff067" />
    <UnitTestResult executionId="588ea122-1301-403b-9820-2e2043efca6c" testId="447ced0a-6221-43ff-44ab-4ee12ee4d012" testName="IsDomain_Passing_ValidArguments_Returns_HasErrorsAndCount" computerName="PC-SFERRARI" duration="00:00:00.0002840" startTime="2021-05-07T11:43:39.1576724+01:00" endTime="2021-05-07T11:43:39.1580362+01:00" testType="13cdc9d9-ddb5-4fa4-a97d-d965ccfc6d4b" outcome="Passed" testListId="8c84fa94-04c1-424b-9868-57a2d4851a1d" relativeResultsDirectory="588ea122-1301-403b-9820-2e2043efca6c" />
    <UnitTestResult executionId="c44a6a78-2f9d-4ede-a7be-28ebd1923eda" testId="ab274dac-b194-4e0f-6fab-a20667b535a8" testName="ToMapMerge_Passing_Destination_Object_Returns_Merged_Destination_Object" computerName="PC-SFERRARI" duration="00:00:00.0149594" startTime="2021-05-07T11:43:37.8119265+01:00" endTime="2021-05-07T11:43:37.8270089+01:00" testType="13cdc9d9-ddb5-4fa4-a97d-d965ccfc6d4b" outcome="Passed" testListId="8c84fa94-04c1-424b-9868-57a2d4851a1d" relativeResultsDirectory="c44a6a78-2f9d-4ede-a7be-28ebd1923eda" />
    <UnitTestResult executionId="e05c36fc-a395-4db1-99ee-020d46b3ce3d" testId="f2d267b8-d5a7-6c91-de6d-813182908c7f" testName="IsDigit_Passing_InvalidArguments_Returns_HasErrorsAndCount" computerName="PC-SFERRARI" duration="00:00:00.0015379" startTime="2021-05-07T11:43:39.1588428+01:00" endTime="2021-05-07T11:43:39.1604742+01:00" testType="13cdc9d9-ddb5-4fa4-a97d-d965ccfc6d4b" outcome="Passed" testListId="8c84fa94-04c1-424b-9868-57a2d4851a1d" relativeResultsDirectory="e05c36fc-a395-4db1-99ee-020d46b3ce3d" />
    <UnitTestResult executionId="e4576a25-3c20-476a-bf21-5a1fcb3ae22f" testId="845c887e-a785-555d-db89-1c2975a33bbb" testName="ToServiceMatchingInterface_Passing_Valid_Assembly_Returns_Service" computerName="PC-SFERRARI" duration="00:00:00.0198711" startTime="2021-05-07T11:43:38.8256050+01:00" endTime="2021-05-07T11:43:38.8456696+01:00" testType="13cdc9d9-ddb5-4fa4-a97d-d965ccfc6d4b" outcome="Passed" testListId="8c84fa94-04c1-424b-9868-57a2d4851a1d" relativeResultsDirectory="e4576a25-3c20-476a-bf21-5a1fcb3ae22f" />
    <UnitTestResult executionId="fa1c0935-77fd-47d9-81f1-59d93c706478" testId="98d4dd82-eb94-c060-7aeb-9b0a39f334fb" testName="ToIsLastDayOfTheMonth_Passing_LastDayOfMonth_Returns_True" computerName="PC-SFERRARI" duration="00:00:00.0001408" startTime="2021-05-07T11:43:38.3904492+01:00" endTime="2021-05-07T11:43:38.3906914+01:00" testType="13cdc9d9-ddb5-4fa4-a97d-d965ccfc6d4b" outcome="Passed" testListId="8c84fa94-04c1-424b-9868-57a2d4851a1d" relativeResultsDirectory="fa1c0935-77fd-47d9-81f1-59d93c706478" />
    <UnitTestResult executionId="406623c6-dcbf-4555-be0c-fe6f87812b11" testId="4ead3f79-a54e-1b96-838c-d0c2f491cb0d" testName="ToAge_Passing_Birthday_DateTime_Returns_Age" computerName="PC-SFERRARI" duration="00:00:00.0004187" startTime="2021-05-07T11:43:38.3894027+01:00" endTime="2021-05-07T11:43:38.3899576+01:00" testType="13cdc9d9-ddb5-4fa4-a97d-d965ccfc6d4b" outcome="Passed" testListId="8c84fa94-04c1-424b-9868-57a2d4851a1d" relativeResultsDirectory="406623c6-dcbf-4555-be0c-fe6f87812b11" />
    <UnitTestResult executionId="aa0293ba-9276-45e7-8349-df3bf3e3300f" testId="856fd0c8-b6f8-9265-ccfd-2a9e615488e2" testName="ToUserName_Passing_Valid_UserName_ClaimsPrincipal_Returns_String_UserName_Value" computerName="PC-SFERRARI" duration="00:00:00.0070108" startTime="2021-05-07T11:43:38.3253800+01:00" endTime="2021-05-07T11:43:38.3325871+01:00" testType="13cdc9d9-ddb5-4fa4-a97d-d965ccfc6d4b" outcome="Passed" testListId="8c84fa94-04c1-424b-9868-57a2d4851a1d" relativeResultsDirectory="aa0293ba-9276-45e7-8349-df3bf3e3300f" />
    <UnitTestResult executionId="3ebdcaa0-1e4e-448c-9c14-07ac6f447c3a" testId="1577c538-d1be-5b59-2b09-8e59b0be5fcd" testName="ToSettings_Passing_Values_From_AppSettingsFile_Returns_Settings" computerName="PC-SFERRARI" duration="00:00:00.0405736" startTime="2021-05-07T11:43:38.8694062+01:00" endTime="2021-05-07T11:43:38.9101326+01:00" testType="13cdc9d9-ddb5-4fa4-a97d-d965ccfc6d4b" outcome="Passed" testListId="8c84fa94-04c1-424b-9868-57a2d4851a1d" relativeResultsDirectory="3ebdcaa0-1e4e-448c-9c14-07ac6f447c3a" />
    <UnitTestResult executionId="0ba0092c-2fbf-4512-a549-e6ccd2a729d3" testId="f17b6f1f-06a9-5318-815f-4c3950fdd0cb" testName="CreateSHA512_Passing_Invalid_Arguments_Returns_ApplicationException" computerName="PC-SFERRARI" duration="00:00:00.0008674" startTime="2021-05-07T11:43:39.2081049+01:00" endTime="2021-05-07T11:43:39.2091230+01:00" testType="13cdc9d9-ddb5-4fa4-a97d-d965ccfc6d4b" outcome="Passed" testListId="8c84fa94-04c1-424b-9868-57a2d4851a1d" relativeResultsDirectory="0ba0092c-2fbf-4512-a549-e6ccd2a729d3" resultType="DataDrivenTest">
      <InnerResults>
        <UnitTestResult executionId="fc9853c5-1449-476e-ba09-d3afe33c73fa" parentExecutionId="0ba0092c-2fbf-4512-a549-e6ccd2a729d3" testId="f17b6f1f-06a9-5318-815f-4c3950fdd0cb" testName="CreateSHA512_Passing_Invalid_Arguments_Returns_ApplicationException ()" computerName="PC-SFERRARI" duration="00:00:00.0006741" startTime="2021-05-07T11:43:39.2081049+01:00" endTime="2021-05-07T11:43:39.2091230+01:00" testType="13cdc9d9-ddb5-4fa4-a97d-d965ccfc6d4b" outcome="Passed" testListId="8c84fa94-04c1-424b-9868-57a2d4851a1d" relativeResultsDirectory="fc9853c5-1449-476e-ba09-d3afe33c73fa" dataRowInfo="1" resultType="DataDrivenDataRow" />
        <UnitTestResult executionId="faaec3dd-e136-4b5d-bc31-4f2c0cd9fe0c" parentExecutionId="0ba0092c-2fbf-4512-a549-e6ccd2a729d3" testId="f17b6f1f-06a9-5318-815f-4c3950fdd0cb" testName="CreateSHA512_Passing_Invalid_Arguments_Returns_ApplicationException ()" computerName="PC-SFERRARI" duration="00:00:00.0000548" startTime="2021-05-07T11:43:39.2081049+01:00" endTime="2021-05-07T11:43:39.2091230+01:00" testType="13cdc9d9-ddb5-4fa4-a97d-d965ccfc6d4b" outcome="Passed" testListId="8c84fa94-04c1-424b-9868-57a2d4851a1d" relativeResultsDirectory="faaec3dd-e136-4b5d-bc31-4f2c0cd9fe0c" dataRowInfo="2" resultType="DataDrivenDataRow" />
        <UnitTestResult executionId="6ef68fa2-7209-4d0e-9147-f717a0bc16dd" parentExecutionId="0ba0092c-2fbf-4512-a549-e6ccd2a729d3" testId="f17b6f1f-06a9-5318-815f-4c3950fdd0cb" testName="CreateSHA512_Passing_Invalid_Arguments_Returns_ApplicationException ( )" computerName="PC-SFERRARI" duration="00:00:00.0000362" startTime="2021-05-07T11:43:39.2081049+01:00" endTime="2021-05-07T11:43:39.2091230+01:00" testType="13cdc9d9-ddb5-4fa4-a97d-d965ccfc6d4b" outcome="Passed" testListId="8c84fa94-04c1-424b-9868-57a2d4851a1d" relativeResultsDirectory="6ef68fa2-7209-4d0e-9147-f717a0bc16dd" dataRowInfo="3" resultType="DataDrivenDataRow" />
      </InnerResults>
    </UnitTestResult>
    <UnitTestResult executionId="bfb5e0e2-26fb-4c17-88a4-cf005f762f21" testId="5e237822-3b9d-da27-9221-3ae1f5eb15b0" testName="ToEnvironment_Passing_Staging_Enviroment_Returns_Staging_Name" computerName="PC-SFERRARI" duration="00:00:00.0007474" startTime="2021-05-07T11:43:38.1266955+01:00" endTime="2021-05-07T11:43:38.1275974+01:00" testType="13cdc9d9-ddb5-4fa4-a97d-d965ccfc6d4b" outcome="Passed" testListId="8c84fa94-04c1-424b-9868-57a2d4851a1d" relativeResultsDirectory="bfb5e0e2-26fb-4c17-88a4-cf005f762f21" />
    <UnitTestResult executionId="af9d3237-130a-4fde-95da-88af239737b0" testId="db5f34ff-df7c-44e5-6721-c319db8d6da0" testName="ToTryGetHeader_Passing_HttpRequest_Header_Many_Values_Returns_Values" computerName="PC-SFERRARI" duration="00:00:00.0009273" startTime="2021-05-07T11:43:38.4993281+01:00" endTime="2021-05-07T11:43:38.5004346+01:00" testType="13cdc9d9-ddb5-4fa4-a97d-d965ccfc6d4b" outcome="Passed" testListId="8c84fa94-04c1-424b-9868-57a2d4851a1d" relativeResultsDirectory="af9d3237-130a-4fde-95da-88af239737b0" />
    <UnitTestResult executionId="b25398c6-cf74-4674-a417-a9146b377fbc" testId="4ff63349-9eef-ad1f-85cf-a84cda1ff120" testName="ToDetails_Passing_HttpContext_Returns_Details_HttpContext" computerName="PC-SFERRARI" duration="00:00:00.0151498" startTime="2021-05-07T11:43:38.4500639+01:00" endTime="2021-05-07T11:43:38.4653368+01:00" testType="13cdc9d9-ddb5-4fa4-a97d-d965ccfc6d4b" outcome="Passed" testListId="8c84fa94-04c1-424b-9868-57a2d4851a1d" relativeResultsDirectory="b25398c6-cf74-4674-a417-a9146b377fbc" />
    <UnitTestResult executionId="6b75ae4b-c0de-4b9c-9015-7404b8eb47b3" testId="9e36eef1-cde7-a509-c95d-2249b6b02dbb" testName="ToIsDirectoryThrow_Passing_InvalidValue_Returns_ApplicationExceptionWithMessage" computerName="PC-SFERRARI" duration="00:00:00.0017558" startTime="2021-05-07T11:43:38.2019684+01:00" endTime="2021-05-07T11:43:38.2039112+01:00" testType="13cdc9d9-ddb5-4fa4-a97d-d965ccfc6d4b" outcome="Passed" testListId="8c84fa94-04c1-424b-9868-57a2d4851a1d" relativeResultsDirectory="6b75ae4b-c0de-4b9c-9015-7404b8eb47b3" />
    <UnitTestResult executionId="558945fb-8307-4e3e-bc50-f90d734695ce" testId="9af963da-8209-d683-34a5-be793bc59993" testName="ToList_Passing_ValidEnumTypeWithSelectedValueWithResourceType_Returns_ValuesList" computerName="PC-SFERRARI" duration="00:00:00.0009466" startTime="2021-05-07T11:43:39.1902973+01:00" endTime="2021-05-07T11:43:39.1914330+01:00" testType="13cdc9d9-ddb5-4fa4-a97d-d965ccfc6d4b" outcome="Passed" testListId="8c84fa94-04c1-424b-9868-57a2d4851a1d" relativeResultsDirectory="558945fb-8307-4e3e-bc50-f90d734695ce" />
    <UnitTestResult executionId="c794db2e-9ad9-4104-934f-993122e4199f" testId="0c633595-70e8-b011-5a46-c9c7e1687cb9" testName="ToGet_Passing_Claims_Returns_Claim_Value_String" computerName="PC-SFERRARI" duration="00:00:00.0009016" startTime="2021-05-07T11:43:38.3342646+01:00" endTime="2021-05-07T11:43:38.3353422+01:00" testType="13cdc9d9-ddb5-4fa4-a97d-d965ccfc6d4b" outcome="Passed" testListId="8c84fa94-04c1-424b-9868-57a2d4851a1d" relativeResultsDirectory="c794db2e-9ad9-4104-934f-993122e4199f" />
    <UnitTestResult executionId="bad86cd0-1b82-4990-be8a-78be995d89fb" testId="04084e8e-c859-4ef5-e2a7-4fb2803cb2a3" testName="ToReplace_Passing_ValidValue_Returns_ReplacedValue" computerName="PC-SFERRARI" duration="00:00:00.0009789" startTime="2021-05-07T11:43:38.9287191+01:00" endTime="2021-05-07T11:43:38.9298610+01:00" testType="13cdc9d9-ddb5-4fa4-a97d-d965ccfc6d4b" outcome="Passed" testListId="8c84fa94-04c1-424b-9868-57a2d4851a1d" relativeResultsDirectory="bad86cd0-1b82-4990-be8a-78be995d89fb" resultType="DataDrivenTest">
      <InnerResults>
        <UnitTestResult executionId="9f198140-4b0f-4ea2-bea1-9eb135d79d9f" parentExecutionId="bad86cd0-1b82-4990-be8a-78be995d89fb" testId="04084e8e-c859-4ef5-e2a7-4fb2803cb2a3" testName="ToReplace_Passing_ValidValue_Returns_ReplacedValue (aeiou,*,0,1,*eiou)" computerName="PC-SFERRARI" duration="00:00:00.0008341" startTime="2021-05-07T11:43:38.9287191+01:00" endTime="2021-05-07T11:43:38.9298610+01:00" testType="13cdc9d9-ddb5-4fa4-a97d-d965ccfc6d4b" outcome="Passed" testListId="8c84fa94-04c1-424b-9868-57a2d4851a1d" relativeResultsDirectory="9f198140-4b0f-4ea2-bea1-9eb135d79d9f" dataRowInfo="1" resultType="DataDrivenDataRow" />
        <UnitTestResult executionId="46816dc5-ce79-43fa-9454-b69e41940de5" parentExecutionId="bad86cd0-1b82-4990-be8a-78be995d89fb" testId="04084e8e-c859-4ef5-e2a7-4fb2803cb2a3" testName="ToReplace_Passing_ValidValue_Returns_ReplacedValue (aeiou,*,0,2,**iou)" computerName="PC-SFERRARI" duration="00:00:00.0000065" startTime="2021-05-07T11:43:38.9287191+01:00" endTime="2021-05-07T11:43:38.9298610+01:00" testType="13cdc9d9-ddb5-4fa4-a97d-d965ccfc6d4b" outcome="Passed" testListId="8c84fa94-04c1-424b-9868-57a2d4851a1d" relativeResultsDirectory="46816dc5-ce79-43fa-9454-b69e41940de5" dataRowInfo="2" resultType="DataDrivenDataRow" />
        <UnitTestResult executionId="bc1855a9-4973-47c3-9e19-8b694ad163a0" parentExecutionId="bad86cd0-1b82-4990-be8a-78be995d89fb" testId="04084e8e-c859-4ef5-e2a7-4fb2803cb2a3" testName="ToReplace_Passing_ValidValue_Returns_ReplacedValue (aeiou,*,0,3,***ou)" computerName="PC-SFERRARI" duration="00:00:00.0000036" startTime="2021-05-07T11:43:38.9287191+01:00" endTime="2021-05-07T11:43:38.9298610+01:00" testType="13cdc9d9-ddb5-4fa4-a97d-d965ccfc6d4b" outcome="Passed" testListId="8c84fa94-04c1-424b-9868-57a2d4851a1d" relativeResultsDirectory="bc1855a9-4973-47c3-9e19-8b694ad163a0" dataRowInfo="3" resultType="DataDrivenDataRow" />
        <UnitTestResult executionId="ac0ce644-d45b-4263-a2d0-8892f4b156dd" parentExecutionId="bad86cd0-1b82-4990-be8a-78be995d89fb" testId="04084e8e-c859-4ef5-e2a7-4fb2803cb2a3" testName="ToReplace_Passing_ValidValue_Returns_ReplacedValue (aeiou,*,0,4,****u)" computerName="PC-SFERRARI" duration="00:00:00.0000036" startTime="2021-05-07T11:43:38.9287191+01:00" endTime="2021-05-07T11:43:38.9298610+01:00" testType="13cdc9d9-ddb5-4fa4-a97d-d965ccfc6d4b" outcome="Passed" testListId="8c84fa94-04c1-424b-9868-57a2d4851a1d" relativeResultsDirectory="ac0ce644-d45b-4263-a2d0-8892f4b156dd" dataRowInfo="4" resultType="DataDrivenDataRow" />
        <UnitTestResult executionId="aa043985-0153-4099-bfbd-454cd61a2e0a" parentExecutionId="bad86cd0-1b82-4990-be8a-78be995d89fb" testId="04084e8e-c859-4ef5-e2a7-4fb2803cb2a3" testName="ToReplace_Passing_ValidValue_Returns_ReplacedValue (aeiou,*,0,5,*****)" computerName="PC-SFERRARI" duration="00:00:00.0000032" startTime="2021-05-07T11:43:38.9287191+01:00" endTime="2021-05-07T11:43:38.9298610+01:00" testType="13cdc9d9-ddb5-4fa4-a97d-d965ccfc6d4b" outcome="Passed" testListId="8c84fa94-04c1-424b-9868-57a2d4851a1d" relativeResultsDirectory="aa043985-0153-4099-bfbd-454cd61a2e0a" dataRowInfo="5" resultType="DataDrivenDataRow" />
        <UnitTestResult executionId="355d2b2f-f188-4f5f-bcbc-a1b686ec27b5" parentExecutionId="bad86cd0-1b82-4990-be8a-78be995d89fb" testId="04084e8e-c859-4ef5-e2a7-4fb2803cb2a3" testName="ToReplace_Passing_ValidValue_Returns_ReplacedValue (aeiou,*,2,1,ae*ou)" computerName="PC-SFERRARI" duration="00:00:00.0000030" startTime="2021-05-07T11:43:38.9287191+01:00" endTime="2021-05-07T11:43:38.9298610+01:00" testType="13cdc9d9-ddb5-4fa4-a97d-d965ccfc6d4b" outcome="Passed" testListId="8c84fa94-04c1-424b-9868-57a2d4851a1d" relativeResultsDirectory="355d2b2f-f188-4f5f-bcbc-a1b686ec27b5" dataRowInfo="6" resultType="DataDrivenDataRow" />
        <UnitTestResult executionId="bdb71dfa-7c5d-4452-b7f0-04c3d377f7e7" parentExecutionId="bad86cd0-1b82-4990-be8a-78be995d89fb" testId="04084e8e-c859-4ef5-e2a7-4fb2803cb2a3" testName="ToReplace_Passing_ValidValue_Returns_ReplacedValue (aeiou,*,2,2,ae**u)" computerName="PC-SFERRARI" duration="00:00:00.0000031" startTime="2021-05-07T11:43:38.9287191+01:00" endTime="2021-05-07T11:43:38.9298610+01:00" testType="13cdc9d9-ddb5-4fa4-a97d-d965ccfc6d4b" outcome="Passed" testListId="8c84fa94-04c1-424b-9868-57a2d4851a1d" relativeResultsDirectory="bdb71dfa-7c5d-4452-b7f0-04c3d377f7e7" dataRowInfo="7" resultType="DataDrivenDataRow" />
      </InnerResults>
    </UnitTestResult>
  </Results>
  <TestDefinitions>
    <UnitTest name="ToAuthenticationType_Passing_Claims_Returns_AuthenticationType_Name" storage="d:\sferrari\01 - trabajo\repos\netcore\libs\template-netcore-shared\kitpymes.core.shared.tests\bin\release\netcoreapp3.0\kitpymes.core.shared.tests.dll" id="635e001f-2a50-f191-84e2-e81cd2000fdf">
      <Execution id="4af3a761-0003-4002-a959-6bf50fb57bf7" />
      <TestMethod codeBase="D:\SFERRARI\01 - TRABAJO\repos\netcore\libs\template-netcore-shared\Kitpymes.Core.Shared.Tests\bin\Release\netcoreapp3.0\Kitpymes.Core.Shared.Tests.dll" adapterTypeName="executor://mstestadapter/v2" className="Kitpymes.Core.Shared.Tests.ClaimsPrincipalExtensionsTests" name="ToAuthenticationType_Passing_Claims_Returns_AuthenticationType_Name" />
    </UnitTest>
    <UnitTest name="ToInt_Passing_InvalidValueString_Returns_Null" storage="d:\sferrari\01 - trabajo\repos\netcore\libs\template-netcore-shared\kitpymes.core.shared.tests\bin\release\netcoreapp3.0\kitpymes.core.shared.tests.dll" id="2799ef62-9686-0dc7-84d2-73639b0030f7">
      <Execution id="628de6ca-3118-4098-a84c-e60d62b0a56c" />
      <TestMethod codeBase="D:\SFERRARI\01 - TRABAJO\repos\netcore\libs\template-netcore-shared\Kitpymes.Core.Shared.Tests\bin\Release\netcoreapp3.0\Kitpymes.Core.Shared.Tests.dll" adapterTypeName="executor://mstestadapter/v2" className="Kitpymes.Core.Shared.Tests.StringExtensionsTests" name="ToInt_Passing_InvalidValueString_Returns_Null" />
    </UnitTest>
    <UnitTest name="ToEnvironment_Passing_Development_Enviroment_Returns_Development_Name" storage="d:\sferrari\01 - trabajo\repos\netcore\libs\template-netcore-shared\kitpymes.core.shared.tests\bin\release\netcoreapp3.0\kitpymes.core.shared.tests.dll" id="1c5de28c-f1b3-c94d-8e43-201eab8c2ff8">
      <Execution id="5ad9d214-6315-4e08-b2ba-96216cb94337" />
      <TestMethod codeBase="D:\SFERRARI\01 - TRABAJO\repos\netcore\libs\template-netcore-shared\Kitpymes.Core.Shared.Tests\bin\Release\netcoreapp3.0\Kitpymes.Core.Shared.Tests.dll" adapterTypeName="executor://mstestadapter/v2" className="Kitpymes.Core.Shared.Tests.ApplicationBuilderExtensionsTests" name="ToEnvironment_Passing_Development_Enviroment_Returns_Development_Name" />
    </UnitTest>
    <UnitTest name="ResultDataBadRequest_WithErrors_KeyValue" storage="d:\sferrari\01 - trabajo\repos\netcore\libs\template-netcore-shared\kitpymes.core.shared.tests\bin\release\netcoreapp3.0\kitpymes.core.shared.tests.dll" id="b399a6be-77e5-c0ba-9b75-93d2ac763084">
      <Execution id="ece16180-e33b-4e91-a233-77d14c25fc01" />
      <TestMethod codeBase="D:\SFERRARI\01 - TRABAJO\repos\netcore\libs\template-netcore-shared\Kitpymes.Core.Shared.Tests\bin\Release\netcoreapp3.0\Kitpymes.Core.Shared.Tests.dll" adapterTypeName="executor://mstestadapter/v2" className="Kitpymes.Core.Shared.Tests.ResultTest" name="ResultDataBadRequest_WithErrors_KeyValue" />
    </UnitTest>
    <UnitTest name="ToTryContentType_Passing_HttpRequestWithContentType_Value_Returns_ContentType_String_Value" storage="d:\sferrari\01 - trabajo\repos\netcore\libs\template-netcore-shared\kitpymes.core.shared.tests\bin\release\netcoreapp3.0\kitpymes.core.shared.tests.dll" id="a03675ec-665e-f4d5-4630-89e50dac0bfb">
      <Execution id="7a9a3f58-03cb-4b0f-b4ef-fdcb0715b13a" />
      <TestMethod codeBase="D:\SFERRARI\01 - TRABAJO\repos\netcore\libs\template-netcore-shared\Kitpymes.Core.Shared.Tests\bin\Release\netcoreapp3.0\Kitpymes.Core.Shared.Tests.dll" adapterTypeName="executor://mstestadapter/v2" className="Kitpymes.Core.Shared.Tests.HttpRequestExtensionsTests" name="ToTryContentType_Passing_HttpRequestWithContentType_Value_Returns_ContentType_String_Value" />
    </UnitTest>
    <UnitTest name="ToGet_Passing_Claims_Returns_Claim_Value_Int" storage="d:\sferrari\01 - trabajo\repos\netcore\libs\template-netcore-shared\kitpymes.core.shared.tests\bin\release\netcoreapp3.0\kitpymes.core.shared.tests.dll" id="209cbba1-d5fa-4810-2cb6-ee92ce2e109d">
      <Execution id="14b089a3-ee06-452d-a814-7c44b3443954" />
      <TestMethod codeBase="D:\SFERRARI\01 - TRABAJO\repos\netcore\libs\template-netcore-shared\Kitpymes.Core.Shared.Tests\bin\Release\netcoreapp3.0\Kitpymes.Core.Shared.Tests.dll" adapterTypeName="executor://mstestadapter/v2" className="Kitpymes.Core.Shared.Tests.ClaimsPrincipalExtensionsTests" name="ToGet_Passing_Claims_Returns_Claim_Value_Int" />
    </UnitTest>
    <UnitTest name="IsUniqueChars_Passing_ValidArguments_Returns_HasErrorsAndCount" storage="d:\sferrari\01 - trabajo\repos\netcore\libs\template-netcore-shared\kitpymes.core.shared.tests\bin\release\netcoreapp3.0\kitpymes.core.shared.tests.dll" id="fcd9a6e3-ee1d-7212-668e-2b0865200d81">
      <Execution id="6843cd36-763d-4da8-b608-c7b8f3b0ac01" />
      <TestMethod codeBase="D:\SFERRARI\01 - TRABAJO\repos\netcore\libs\template-netcore-shared\Kitpymes.Core.Shared.Tests\bin\Release\netcoreapp3.0\Kitpymes.Core.Shared.Tests.dll" adapterTypeName="executor://mstestadapter/v2" className="Kitpymes.Core.Shared.Tests.CheckTests" name="IsUniqueChars_Passing_ValidArguments_Returns_HasErrorsAndCount" />
    </UnitTest>
    <UnitTest name="ToEnum_Passing_ValidValue_String_Returns_EnumValue" storage="d:\sferrari\01 - trabajo\repos\netcore\libs\template-netcore-shared\kitpymes.core.shared.tests\bin\release\netcoreapp3.0\kitpymes.core.shared.tests.dll" id="605637df-9854-875b-b3aa-6675f3fbd045">
      <Execution id="d1c5962b-296a-44cd-addb-bc3345b09a45" />
      <TestMethod codeBase="D:\SFERRARI\01 - TRABAJO\repos\netcore\libs\template-netcore-shared\Kitpymes.Core.Shared.Tests\bin\Release\netcoreapp3.0\Kitpymes.Core.Shared.Tests.dll" adapterTypeName="executor://mstestadapter/v2" className="Kitpymes.Core.Shared.Tests.StringExtensionsTests" name="ToEnum_Passing_ValidValue_String_Returns_EnumValue" />
    </UnitTest>
    <UnitTest name="ToConfigureOrDefault_Passing_DefaultValues_And_ActionCustomValues_Returns_DefaultValues_And_CustomValues" storage="d:\sferrari\01 - trabajo\repos\netcore\libs\template-netcore-shared\kitpymes.core.shared.tests\bin\release\netcoreapp3.0\kitpymes.core.shared.tests.dll" id="53cbdd8e-a1ef-5d22-8745-938609ed19c2">
      <Execution id="ce9b9a1a-c8ce-432c-a096-d49e1fadcb78" />
      <TestMethod codeBase="D:\SFERRARI\01 - TRABAJO\repos\netcore\libs\template-netcore-shared\Kitpymes.Core.Shared.Tests\bin\Release\netcoreapp3.0\Kitpymes.Core.Shared.Tests.dll" adapterTypeName="executor://mstestadapter/v2" className="Kitpymes.Core.Shared.Tests.ActionExtensionsTests" name="ToConfigureOrDefault_Passing_DefaultValues_And_ActionCustomValues_Returns_DefaultValues_And_CustomValues" />
    </UnitTest>
    <UnitTest name="ToList_Passing_ValidEnumTypeWithSelectedValue_Returns_ValuesList" storage="d:\sferrari\01 - trabajo\repos\netcore\libs\template-netcore-shared\kitpymes.core.shared.tests\bin\release\netcoreapp3.0\kitpymes.core.shared.tests.dll" id="b871cd27-681f-8d07-6c2a-809341ba2909">
      <Execution id="bb190b6f-ac30-4847-97bb-a18e676b7498" />
      <TestMethod codeBase="D:\SFERRARI\01 - TRABAJO\repos\netcore\libs\template-netcore-shared\Kitpymes.Core.Shared.Tests\bin\Release\netcoreapp3.0\Kitpymes.Core.Shared.Tests.dll" adapterTypeName="executor://mstestadapter/v2" className="Kitpymes.Core.Shared.Tests.EnumsTests" name="ToList_Passing_ValidEnumTypeWithSelectedValue_Returns_ValuesList" />
    </UnitTest>
    <UnitTest name="ToHashAlgorithmName_Passing_ValidValueString_Returns_HashAlgorithmName" storage="d:\sferrari\01 - trabajo\repos\netcore\libs\template-netcore-shared\kitpymes.core.shared.tests\bin\release\netcoreapp3.0\kitpymes.core.shared.tests.dll" id="cd004a9f-a0f6-2fdf-aeae-1890f4ab8e71">
      <Execution id="95d5d02e-cc7e-494b-a84b-dbd1a2db0ca8" />
      <TestMethod codeBase="D:\SFERRARI\01 - TRABAJO\repos\netcore\libs\template-netcore-shared\Kitpymes.Core.Shared.Tests\bin\Release\netcoreapp3.0\Kitpymes.Core.Shared.Tests.dll" adapterTypeName="executor://mstestadapter/v2" className="Kitpymes.Core.Shared.Tests.StringExtensionsTests" name="ToHashAlgorithmName_Passing_ValidValueString_Returns_HashAlgorithmName" />
    </UnitTest>
    <UnitTest name="ToEnvironment_Passing_Staging_Enviroment_Returns_Staging_Name" storage="d:\sferrari\01 - trabajo\repos\netcore\libs\template-netcore-shared\kitpymes.core.shared.tests\bin\release\netcoreapp3.0\kitpymes.core.shared.tests.dll" id="5e237822-3b9d-da27-9221-3ae1f5eb15b0">
      <Execution id="bfb5e0e2-26fb-4c17-88a4-cf005f762f21" />
      <TestMethod codeBase="D:\SFERRARI\01 - TRABAJO\repos\netcore\libs\template-netcore-shared\Kitpymes.Core.Shared.Tests\bin\Release\netcoreapp3.0\Kitpymes.Core.Shared.Tests.dll" adapterTypeName="executor://mstestadapter/v2" className="Kitpymes.Core.Shared.Tests.ApplicationBuilderExtensionsTests" name="ToEnvironment_Passing_Staging_Enviroment_Returns_Staging_Name" />
    </UnitTest>
    <UnitTest name="ToDefaultValue_Passing_ValidStruct_Returns_DefaultValue" storage="d:\sferrari\01 - trabajo\repos\netcore\libs\template-netcore-shared\kitpymes.core.shared.tests\bin\release\netcoreapp3.0\kitpymes.core.shared.tests.dll" id="ffa669f9-8e25-a33b-f8f7-c3ba4a576a2b">
      <Execution id="6fac66b5-5b74-43be-95af-c0880cff436f" />
      <TestMethod codeBase="D:\SFERRARI\01 - TRABAJO\repos\netcore\libs\template-netcore-shared\Kitpymes.Core.Shared.Tests\bin\Release\netcoreapp3.0\Kitpymes.Core.Shared.Tests.dll" adapterTypeName="executor://mstestadapter/v2" className="Kitpymes.Core.Shared.Tests.TypeExtensionsTests" name="ToDefaultValue_Passing_ValidStruct_Returns_DefaultValue" />
    </UnitTest>
    <UnitTest name="ToReplace_Passing_ValidValue_Returns_ReplacedValue" storage="d:\sferrari\01 - trabajo\repos\netcore\libs\template-netcore-shared\kitpymes.core.shared.tests\bin\release\netcoreapp3.0\kitpymes.core.shared.tests.dll" id="04084e8e-c859-4ef5-e2a7-4fb2803cb2a3">
      <Execution id="bad86cd0-1b82-4990-be8a-78be995d89fb" />
      <TestMethod codeBase="D:\SFERRARI\01 - TRABAJO\repos\netcore\libs\template-netcore-shared\Kitpymes.Core.Shared.Tests\bin\Release\netcoreapp3.0\Kitpymes.Core.Shared.Tests.dll" adapterTypeName="executor://mstestadapter/v2" className="Kitpymes.Core.Shared.Tests.StringExtensionsTests" name="ToReplace_Passing_ValidValue_Returns_ReplacedValue" />
    </UnitTest>
    <UnitTest name="IsFile_Passing_InvalidArguments_Returns_HasErrorsAndCount" storage="d:\sferrari\01 - trabajo\repos\netcore\libs\template-netcore-shared\kitpymes.core.shared.tests\bin\release\netcoreapp3.0\kitpymes.core.shared.tests.dll" id="d7c20db6-f712-8539-ac01-01e8f4033fac">
      <Execution id="ed6ca688-e791-4d53-95f4-a52744b347b6" />
      <TestMethod codeBase="D:\SFERRARI\01 - TRABAJO\repos\netcore\libs\template-netcore-shared\Kitpymes.Core.Shared.Tests\bin\Release\netcoreapp3.0\Kitpymes.Core.Shared.Tests.dll" adapterTypeName="executor://mstestadapter/v2" className="Kitpymes.Core.Shared.Tests.CheckTests" name="IsFile_Passing_InvalidArguments_Returns_HasErrorsAndCount" />
    </UnitTest>
    <UnitTest name="ToDefaultValue_Passing_long_Returns_Cero" storage="d:\sferrari\01 - trabajo\repos\netcore\libs\template-netcore-shared\kitpymes.core.shared.tests\bin\release\netcoreapp3.0\kitpymes.core.shared.tests.dll" id="e93b141b-fdfd-0f98-21e5-3eb211b6e88b">
      <Execution id="d8012ed0-403c-4aac-987b-e16a379fcebc" />
      <TestMethod codeBase="D:\SFERRARI\01 - TRABAJO\repos\netcore\libs\template-netcore-shared\Kitpymes.Core.Shared.Tests\bin\Release\netcoreapp3.0\Kitpymes.Core.Shared.Tests.dll" adapterTypeName="executor://mstestadapter/v2" className="Kitpymes.Core.Shared.Tests.GenericExtensionsTests" name="ToDefaultValue_Passing_long_Returns_Cero" />
    </UnitTest>
    <UnitTest name="ToGet_Passing_Claims_Returns_Claim_Value_Object" storage="d:\sferrari\01 - trabajo\repos\netcore\libs\template-netcore-shared\kitpymes.core.shared.tests\bin\release\netcoreapp3.0\kitpymes.core.shared.tests.dll" id="a272f84c-2bd5-daa4-4afe-22346b802f86">
      <Execution id="de0f52b2-1db7-4f0d-8840-5804ad8f5dcd" />
      <TestMethod codeBase="D:\SFERRARI\01 - TRABAJO\repos\netcore\libs\template-netcore-shared\Kitpymes.Core.Shared.Tests\bin\Release\netcoreapp3.0\Kitpymes.Core.Shared.Tests.dll" adapterTypeName="executor://mstestadapter/v2" className="Kitpymes.Core.Shared.Tests.ClaimsPrincipalExtensionsTests" name="ToGet_Passing_Claims_Returns_Claim_Value_Object" />
    </UnitTest>
    <UnitTest name="ResultOkData" storage="d:\sferrari\01 - trabajo\repos\netcore\libs\template-netcore-shared\kitpymes.core.shared.tests\bin\release\netcoreapp3.0\kitpymes.core.shared.tests.dll" id="0a999e9b-220b-0f64-a533-84896c20ce13">
      <Execution id="8e37a6f5-fb08-4757-8561-58306b727fa1" />
      <TestMethod codeBase="D:\SFERRARI\01 - TRABAJO\repos\netcore\libs\template-netcore-shared\Kitpymes.Core.Shared.Tests\bin\Release\netcoreapp3.0\Kitpymes.Core.Shared.Tests.dll" adapterTypeName="executor://mstestadapter/v2" className="Kitpymes.Core.Shared.Tests.ResultTest" name="ResultOkData" />
    </UnitTest>
    <UnitTest name="ToUserName_Passing_Null_ClaimsPrincipal_Returns_ApplicationException" storage="d:\sferrari\01 - trabajo\repos\netcore\libs\template-netcore-shared\kitpymes.core.shared.tests\bin\release\netcoreapp3.0\kitpymes.core.shared.tests.dll" id="65b9c427-b5ec-99b4-199a-0093cd460501">
      <Execution id="a089e88b-0cd3-44d7-8747-918a9405438c" />
      <TestMethod codeBase="D:\SFERRARI\01 - TRABAJO\repos\netcore\libs\template-netcore-shared\Kitpymes.Core.Shared.Tests\bin\Release\netcoreapp3.0\Kitpymes.Core.Shared.Tests.dll" adapterTypeName="executor://mstestadapter/v2" className="Kitpymes.Core.Shared.Tests.ClaimsPrincipalExtensionsTests" name="ToUserName_Passing_Null_ClaimsPrincipal_Returns_ApplicationException" />
    </UnitTest>
    <UnitTest name="ToCompress_Passing_Value_Bytes_Returns_Value_Bytes" storage="d:\sferrari\01 - trabajo\repos\netcore\libs\template-netcore-shared\kitpymes.core.shared.tests\bin\release\netcoreapp3.0\kitpymes.core.shared.tests.dll" id="7a313c49-8adc-98e3-cdda-86b900f0ade6">
      <Execution id="95ec3cd6-803a-4cd2-98d8-efd5297f6784" />
      <TestMethod codeBase="D:\SFERRARI\01 - TRABAJO\repos\netcore\libs\template-netcore-shared\Kitpymes.Core.Shared.Tests\bin\Release\netcoreapp3.0\Kitpymes.Core.Shared.Tests.dll" adapterTypeName="executor://mstestadapter/v2" className="Kitpymes.Core.Shared.Tests.BytesExtensionsTests" name="ToCompress_Passing_Value_Bytes_Returns_Value_Bytes" />
    </UnitTest>
    <UnitTest name="ToMapNew_Passing_TSource_And_TDestination_Returns_New_TDestination_Object" storage="d:\sferrari\01 - trabajo\repos\netcore\libs\template-netcore-shared\kitpymes.core.shared.tests\bin\release\netcoreapp3.0\kitpymes.core.shared.tests.dll" id="46cc46f0-c0e1-f3e6-2242-cdef90a4249a">
      <Execution id="96c24f10-7db6-4542-be77-37853e3bd7c1" />
      <TestMethod codeBase="D:\SFERRARI\01 - TRABAJO\repos\netcore\libs\template-netcore-shared\Kitpymes.Core.Shared.Tests\bin\Release\netcoreapp3.0\Kitpymes.Core.Shared.Tests.dll" adapterTypeName="executor://mstestadapter/v2" className="Kitpymes.Core.Shared.Tests.AgileMapperExtensionsTests" name="ToMapNew_Passing_TSource_And_TDestination_Returns_New_TDestination_Object" />
    </UnitTest>
    <UnitTest name="ToConfiguration_Passing_Valid_DirectoryPath_Valid_JsonFileName_Returns_Ok" storage="d:\sferrari\01 - trabajo\repos\netcore\libs\template-netcore-shared\kitpymes.core.shared.tests\bin\release\netcoreapp3.0\kitpymes.core.shared.tests.dll" id="9064672f-1220-7bc0-f2b0-c66c74cccc5e">
      <Execution id="2cf5d430-78ba-4bde-8048-45054d169fb8" />
      <TestMethod codeBase="D:\SFERRARI\01 - TRABAJO\repos\netcore\libs\template-netcore-shared\Kitpymes.Core.Shared.Tests\bin\Release\netcoreapp3.0\Kitpymes.Core.Shared.Tests.dll" adapterTypeName="executor://mstestadapter/v2" className="Kitpymes.Core.Shared.Tests.ConfigurationBuilderExtensionsTests" name="ToConfiguration_Passing_Valid_DirectoryPath_Valid_JsonFileName_Returns_Ok" />
    </UnitTest>
    <UnitTest name="ToFullMessage_Passing_ExceptionWithMessageWithInnerException_Returns_Full_Message" storage="d:\sferrari\01 - trabajo\repos\netcore\libs\template-netcore-shared\kitpymes.core.shared.tests\bin\release\netcoreapp3.0\kitpymes.core.shared.tests.dll" id="e1a72c94-958d-7abb-4a96-4b60b12f8157">
      <Execution id="b8c06ce8-6c72-4ee4-92e2-559cdf4eb95f" />
      <TestMethod codeBase="D:\SFERRARI\01 - TRABAJO\repos\netcore\libs\template-netcore-shared\Kitpymes.Core.Shared.Tests\bin\Release\netcoreapp3.0\Kitpymes.Core.Shared.Tests.dll" adapterTypeName="executor://mstestadapter/v2" className="Kitpymes.Core.Shared.Tests.ExceptionExtensionsTests" name="ToFullMessage_Passing_ExceptionWithMessageWithInnerException_Returns_Full_Message" />
    </UnitTest>
    <UnitTest name="ToFirstLetterLower_Passing_ValidValue_Returns_StringWithFirstLetterLower" storage="d:\sferrari\01 - trabajo\repos\netcore\libs\template-netcore-shared\kitpymes.core.shared.tests\bin\release\netcoreapp3.0\kitpymes.core.shared.tests.dll" id="4315ebd1-3e2a-edf0-9de6-c78f08760fe3">
      <Execution id="0586b564-203d-4022-8b6f-540d8fb69423" />
      <TestMethod codeBase="D:\SFERRARI\01 - TRABAJO\repos\netcore\libs\template-netcore-shared\Kitpymes.Core.Shared.Tests\bin\Release\netcoreapp3.0\Kitpymes.Core.Shared.Tests.dll" adapterTypeName="executor://mstestadapter/v2" className="Kitpymes.Core.Shared.Tests.StringExtensionsTests" name="ToFirstLetterLower_Passing_ValidValue_Returns_StringWithFirstLetterLower" />
    </UnitTest>
    <UnitTest name="ToEnum_Passing_InvalidValueString_Returns_EnumCustomValue" storage="d:\sferrari\01 - trabajo\repos\netcore\libs\template-netcore-shared\kitpymes.core.shared.tests\bin\release\netcoreapp3.0\kitpymes.core.shared.tests.dll" id="7c09a438-5465-f760-64b2-23d25fc199f5">
      <Execution id="7f2c8d58-8b40-4d2c-b99a-66f65766e779" />
      <TestMethod codeBase="D:\SFERRARI\01 - TRABAJO\repos\netcore\libs\template-netcore-shared\Kitpymes.Core.Shared.Tests\bin\Release\netcoreapp3.0\Kitpymes.Core.Shared.Tests.dll" adapterTypeName="executor://mstestadapter/v2" className="Kitpymes.Core.Shared.Tests.StringExtensionsTests" name="ToEnum_Passing_InvalidValueString_Returns_EnumCustomValue" />
    </UnitTest>
    <UnitTest name="ToIsAuthenticated_Passing_Claims_Returns_False" storage="d:\sferrari\01 - trabajo\repos\netcore\libs\template-netcore-shared\kitpymes.core.shared.tests\bin\release\netcoreapp3.0\kitpymes.core.shared.tests.dll" id="7384e2f6-7a7f-d462-78fa-5bf7f49c326a">
      <Execution id="38c68821-2ff4-40ab-a850-390679b0c953" />
      <TestMethod codeBase="D:\SFERRARI\01 - TRABAJO\repos\netcore\libs\template-netcore-shared\Kitpymes.Core.Shared.Tests\bin\Release\netcoreapp3.0\Kitpymes.Core.Shared.Tests.dll" adapterTypeName="executor://mstestadapter/v2" className="Kitpymes.Core.Shared.Tests.ClaimsPrincipalExtensionsTests" name="ToIsAuthenticated_Passing_Claims_Returns_False" />
    </UnitTest>
    <UnitTest name="IsLowercase_Passing_ValidArguments_Returns_HasErrorsAndCount" storage="d:\sferrari\01 - trabajo\repos\netcore\libs\template-netcore-shared\kitpymes.core.shared.tests\bin\release\netcoreapp3.0\kitpymes.core.shared.tests.dll" id="006d3c07-11d3-9f4b-c045-6799df52bbfb">
      <Execution id="d7e3478c-44da-4ab4-8796-8142e0b15506" />
      <TestMethod codeBase="D:\SFERRARI\01 - TRABAJO\repos\netcore\libs\template-netcore-shared\Kitpymes.Core.Shared.Tests\bin\Release\netcoreapp3.0\Kitpymes.Core.Shared.Tests.dll" adapterTypeName="executor://mstestadapter/v2" className="Kitpymes.Core.Shared.Tests.CheckTests" name="IsLowercase_Passing_ValidArguments_Returns_HasErrorsAndCount" />
    </UnitTest>
    <UnitTest name="ToSetTime_Passing_Time_String_Returns_DateTime" storage="d:\sferrari\01 - trabajo\repos\netcore\libs\template-netcore-shared\kitpymes.core.shared.tests\bin\release\netcoreapp3.0\kitpymes.core.shared.tests.dll" id="34931354-7c25-7812-28fe-96ea501746b4">
      <Execution id="7597d802-91f5-48b7-ac4b-3b87fdb4eb97" />
      <TestMethod codeBase="D:\SFERRARI\01 - TRABAJO\repos\netcore\libs\template-netcore-shared\Kitpymes.Core.Shared.Tests\bin\Release\netcoreapp3.0\Kitpymes.Core.Shared.Tests.dll" adapterTypeName="executor://mstestadapter/v2" className="Kitpymes.Core.Shared.Tests.DateTimeExtensionsTests" name="ToSetTime_Passing_Time_String_Returns_DateTime" />
    </UnitTest>
    <UnitTest name="ResultOk_WithMessage_WithDetails" storage="d:\sferrari\01 - trabajo\repos\netcore\libs\template-netcore-shared\kitpymes.core.shared.tests\bin\release\netcoreapp3.0\kitpymes.core.shared.tests.dll" id="c00cb1b0-a36c-2ae8-4230-b32afb3c83f9">
      <Execution id="4a4f8a2e-995f-4607-99e8-54e9ce96f7ed" />
      <TestMethod codeBase="D:\SFERRARI\01 - TRABAJO\repos\netcore\libs\template-netcore-shared\Kitpymes.Core.Shared.Tests\bin\Release\netcoreapp3.0\Kitpymes.Core.Shared.Tests.dll" adapterTypeName="executor://mstestadapter/v2" className="Kitpymes.Core.Shared.Tests.ResultTest" name="ResultOk_WithMessage_WithDetails" />
    </UnitTest>
    <UnitTest name="GetValues_Passing_Valid_Key_Returns_Values" storage="d:\sferrari\01 - trabajo\repos\netcore\libs\template-netcore-shared\kitpymes.core.shared.tests\bin\release\netcoreapp3.0\kitpymes.core.shared.tests.dll" id="fb770b4f-f87b-13ad-88ac-a338dbbb0d57">
      <Execution id="47b9e7d9-5cb0-4095-9faa-b3d18279ad8a" />
      <TestMethod codeBase="D:\SFERRARI\01 - TRABAJO\repos\netcore\libs\template-netcore-shared\Kitpymes.Core.Shared.Tests\bin\Release\netcoreapp3.0\Kitpymes.Core.Shared.Tests.dll" adapterTypeName="executor://mstestadapter/v2" className="Kitpymes.Core.Shared.Tests.DictionaryExtensionsTests" name="GetValues_Passing_Valid_Key_Returns_Values" />
    </UnitTest>
    <UnitTest name="ToExists_Passing_Service_Not_Found_Returns_False" storage="d:\sferrari\01 - trabajo\repos\netcore\libs\template-netcore-shared\kitpymes.core.shared.tests\bin\release\netcoreapp3.0\kitpymes.core.shared.tests.dll" id="074815db-ddf2-9c1f-0fef-7f709183591e">
      <Execution id="ace7f539-7315-4962-aae5-866de9e7a94f" />
      <TestMethod codeBase="D:\SFERRARI\01 - TRABAJO\repos\netcore\libs\template-netcore-shared\Kitpymes.Core.Shared.Tests\bin\Release\netcoreapp3.0\Kitpymes.Core.Shared.Tests.dll" adapterTypeName="executor://mstestadapter/v2" className="Kitpymes.Core.Shared.Tests.ApplicationBuilderExtensionsTests" name="ToExists_Passing_Service_Not_Found_Returns_False" />
    </UnitTest>
    <UnitTest name="ToServiceMatchingInterface_Passing_Empties_Assemblies_Returns_ApplicationException" storage="d:\sferrari\01 - trabajo\repos\netcore\libs\template-netcore-shared\kitpymes.core.shared.tests\bin\release\netcoreapp3.0\kitpymes.core.shared.tests.dll" id="760ae14b-6c0d-0288-811d-408b67937415">
      <Execution id="09dd21b0-32a7-41f9-852b-8ed6a7b3e9ef" />
      <TestMethod codeBase="D:\SFERRARI\01 - TRABAJO\repos\netcore\libs\template-netcore-shared\Kitpymes.Core.Shared.Tests\bin\Release\netcoreapp3.0\Kitpymes.Core.Shared.Tests.dll" adapterTypeName="executor://mstestadapter/v2" className="Kitpymes.Core.Shared.Tests.ConfigurationBuilderExtensionsTests" name="ToServiceMatchingInterface_Passing_Empties_Assemblies_Returns_ApplicationException" />
    </UnitTest>
    <UnitTest name="ToEnum_Passing_InvalidValueString_Returns_EnumDefaultValue" storage="d:\sferrari\01 - trabajo\repos\netcore\libs\template-netcore-shared\kitpymes.core.shared.tests\bin\release\netcoreapp3.0\kitpymes.core.shared.tests.dll" id="31ff6168-d18d-0013-7c18-0ff775714202">
      <Execution id="6cb936c0-4dbc-4a6f-abbe-95d2360b8ac0" />
      <TestMethod codeBase="D:\SFERRARI\01 - TRABAJO\repos\netcore\libs\template-netcore-shared\Kitpymes.Core.Shared.Tests\bin\Release\netcoreapp3.0\Kitpymes.Core.Shared.Tests.dll" adapterTypeName="executor://mstestadapter/v2" className="Kitpymes.Core.Shared.Tests.StringExtensionsTests" name="ToEnum_Passing_InvalidValueString_Returns_EnumDefaultValue" />
    </UnitTest>
    <UnitTest name="IsUppercase_Passing_ValidArguments_Returns_HasErrorsAndCount" storage="d:\sferrari\01 - trabajo\repos\netcore\libs\template-netcore-shared\kitpymes.core.shared.tests\bin\release\netcoreapp3.0\kitpymes.core.shared.tests.dll" id="056700a7-2506-75ed-a80a-ddf2ddb5d2a8">
      <Execution id="3da6b11e-3988-4d74-97e3-9ac384dc4a79" />
      <TestMethod codeBase="D:\SFERRARI\01 - TRABAJO\repos\netcore\libs\template-netcore-shared\Kitpymes.Core.Shared.Tests\bin\Release\netcoreapp3.0\Kitpymes.Core.Shared.Tests.dll" adapterTypeName="executor://mstestadapter/v2" className="Kitpymes.Core.Shared.Tests.CheckTests" name="IsUppercase_Passing_ValidArguments_Returns_HasErrorsAndCount" />
    </UnitTest>
    <UnitTest name="ToAttribute_Passing_Enumeration_Name_Returns_Atributte" storage="d:\sferrari\01 - trabajo\repos\netcore\libs\template-netcore-shared\kitpymes.core.shared.tests\bin\release\netcoreapp3.0\kitpymes.core.shared.tests.dll" id="320700ce-aa3b-5818-fb18-706cf7605472">
      <Execution id="36434eb4-9650-44a7-8c6c-e9c42bf37e9e" />
      <TestMethod codeBase="D:\SFERRARI\01 - TRABAJO\repos\netcore\libs\template-netcore-shared\Kitpymes.Core.Shared.Tests\bin\Release\netcoreapp3.0\Kitpymes.Core.Shared.Tests.dll" adapterTypeName="executor://mstestadapter/v2" className="Kitpymes.Core.Shared.Tests.EnumExtensionsTests" name="ToAttribute_Passing_Enumeration_Name_Returns_Atributte" />
    </UnitTest>
    <UnitTest name="ToAuthenticationType_Passing_Null_ClaimsPrincipal_Returns_ApplicationException" storage="d:\sferrari\01 - trabajo\repos\netcore\libs\template-netcore-shared\kitpymes.core.shared.tests\bin\release\netcoreapp3.0\kitpymes.core.shared.tests.dll" id="8dccdb77-e6a8-58c6-9bd0-108f87c5ff65">
      <Execution id="62c61bed-428d-4ff0-bef8-dc6d98e688bb" />
      <TestMethod codeBase="D:\SFERRARI\01 - TRABAJO\repos\netcore\libs\template-netcore-shared\Kitpymes.Core.Shared.Tests\bin\Release\netcoreapp3.0\Kitpymes.Core.Shared.Tests.dll" adapterTypeName="executor://mstestadapter/v2" className="Kitpymes.Core.Shared.Tests.ClaimsPrincipalExtensionsTests" name="ToAuthenticationType_Passing_Null_ClaimsPrincipal_Returns_ApplicationException" />
    </UnitTest>
    <UnitTest name="AddOrUpdate_Passing_Valid_Collection_Returns_Collection" storage="d:\sferrari\01 - trabajo\repos\netcore\libs\template-netcore-shared\kitpymes.core.shared.tests\bin\release\netcoreapp3.0\kitpymes.core.shared.tests.dll" id="1e15a82e-c1da-d4c9-090a-c7fc200f7f58">
      <Execution id="6c2e618e-0e9b-40ee-b414-538293cbb6fa" />
      <TestMethod codeBase="D:\SFERRARI\01 - TRABAJO\repos\netcore\libs\template-netcore-shared\Kitpymes.Core.Shared.Tests\bin\Release\netcoreapp3.0\Kitpymes.Core.Shared.Tests.dll" adapterTypeName="executor://mstestadapter/v2" className="Kitpymes.Core.Shared.Tests.DictionaryExtensionsTests" name="AddOrUpdate_Passing_Valid_Collection_Returns_Collection" />
    </UnitTest>
    <UnitTest name="ToYesterday_Passing_DateTime_Returns_Yesterday_DateTime" storage="d:\sferrari\01 - trabajo\repos\netcore\libs\template-netcore-shared\kitpymes.core.shared.tests\bin\release\netcoreapp3.0\kitpymes.core.shared.tests.dll" id="33545399-79af-5e7f-5179-57fe5645f4be">
      <Execution id="d60ccf10-5f21-4617-a13b-90a35b4279eb" />
      <TestMethod codeBase="D:\SFERRARI\01 - TRABAJO\repos\netcore\libs\template-netcore-shared\Kitpymes.Core.Shared.Tests\bin\Release\netcoreapp3.0\Kitpymes.Core.Shared.Tests.dll" adapterTypeName="executor://mstestadapter/v2" className="Kitpymes.Core.Shared.Tests.DateTimeExtensionsTests" name="ToYesterday_Passing_DateTime_Returns_Yesterday_DateTime" />
    </UnitTest>
    <UnitTest name="ToExists_Passing_NotFound_Service_Returns_False" storage="d:\sferrari\01 - trabajo\repos\netcore\libs\template-netcore-shared\kitpymes.core.shared.tests\bin\release\netcoreapp3.0\kitpymes.core.shared.tests.dll" id="640513b3-feee-19a8-efba-5817e77ff3ee">
      <Execution id="2e59acff-9cdd-4a17-a2d5-38301aad6541" />
      <TestMethod codeBase="D:\SFERRARI\01 - TRABAJO\repos\netcore\libs\template-netcore-shared\Kitpymes.Core.Shared.Tests\bin\Release\netcoreapp3.0\Kitpymes.Core.Shared.Tests.dll" adapterTypeName="executor://mstestadapter/v2" className="Kitpymes.Core.Shared.Tests.ConfigurationBuilderExtensionsTests" name="ToExists_Passing_NotFound_Service_Returns_False" />
    </UnitTest>
    <UnitTest name="ResultDataUnauthorized" storage="d:\sferrari\01 - trabajo\repos\netcore\libs\template-netcore-shared\kitpymes.core.shared.tests\bin\release\netcoreapp3.0\kitpymes.core.shared.tests.dll" id="fbb73316-6f70-059a-1197-08f09a1221d6">
      <Execution id="2b8bcb72-43ac-477b-9edf-b56d6a6f4968" />
      <TestMethod codeBase="D:\SFERRARI\01 - TRABAJO\repos\netcore\libs\template-netcore-shared\Kitpymes.Core.Shared.Tests\bin\Release\netcoreapp3.0\Kitpymes.Core.Shared.Tests.dll" adapterTypeName="executor://mstestadapter/v2" className="Kitpymes.Core.Shared.Tests.ResultTest" name="ResultDataUnauthorized" />
    </UnitTest>
    <UnitTest name="ToGet_Passing_Claims_Returns_Claim_Value_String" storage="d:\sferrari\01 - trabajo\repos\netcore\libs\template-netcore-shared\kitpymes.core.shared.tests\bin\release\netcoreapp3.0\kitpymes.core.shared.tests.dll" id="0c633595-70e8-b011-5a46-c9c7e1687cb9">
      <Execution id="c794db2e-9ad9-4104-934f-993122e4199f" />
      <TestMethod codeBase="D:\SFERRARI\01 - TRABAJO\repos\netcore\libs\template-netcore-shared\Kitpymes.Core.Shared.Tests\bin\Release\netcoreapp3.0\Kitpymes.Core.Shared.Tests.dll" adapterTypeName="executor://mstestadapter/v2" className="Kitpymes.Core.Shared.Tests.ClaimsPrincipalExtensionsTests" name="ToGet_Passing_Claims_Returns_Claim_Value_String" />
    </UnitTest>
    <UnitTest name="ResultDataBadRequest_WithErrors_Value" storage="d:\sferrari\01 - trabajo\repos\netcore\libs\template-netcore-shared\kitpymes.core.shared.tests\bin\release\netcoreapp3.0\kitpymes.core.shared.tests.dll" id="8f970201-c66a-ecfa-fa45-503451c8c439">
      <Execution id="3593909f-9a6f-48c8-b810-6e3fc38a56c8" />
      <TestMethod codeBase="D:\SFERRARI\01 - TRABAJO\repos\netcore\libs\template-netcore-shared\Kitpymes.Core.Shared.Tests\bin\Release\netcoreapp3.0\Kitpymes.Core.Shared.Tests.dll" adapterTypeName="executor://mstestadapter/v2" className="Kitpymes.Core.Shared.Tests.ResultTest" name="ResultDataBadRequest_WithErrors_Value" />
    </UnitTest>
    <UnitTest name="IsHostname_Passing_InvalidArguments_Returns_HasErrorsAndCount" storage="d:\sferrari\01 - trabajo\repos\netcore\libs\template-netcore-shared\kitpymes.core.shared.tests\bin\release\netcoreapp3.0\kitpymes.core.shared.tests.dll" id="4a3afd90-c6ab-e82e-40d8-b40450680318">
      <Execution id="1f1ea1c6-03a6-40d3-87dd-9814c2f38d13" />
      <TestMethod codeBase="D:\SFERRARI\01 - TRABAJO\repos\netcore\libs\template-netcore-shared\Kitpymes.Core.Shared.Tests\bin\Release\netcoreapp3.0\Kitpymes.Core.Shared.Tests.dll" adapterTypeName="executor://mstestadapter/v2" className="Kitpymes.Core.Shared.Tests.CheckTests" name="IsHostname_Passing_InvalidArguments_Returns_HasErrorsAndCount" />
    </UnitTest>
    <UnitTest name="ToDefaultValue_Passing_ushort_Returns_Cero" storage="d:\sferrari\01 - trabajo\repos\netcore\libs\template-netcore-shared\kitpymes.core.shared.tests\bin\release\netcoreapp3.0\kitpymes.core.shared.tests.dll" id="47f3e733-f069-b79f-9f6d-7c11fc368663">
      <Execution id="7606eee4-b5fb-45c9-90e8-9cbe91c00321" />
      <TestMethod codeBase="D:\SFERRARI\01 - TRABAJO\repos\netcore\libs\template-netcore-shared\Kitpymes.Core.Shared.Tests\bin\Release\netcoreapp3.0\Kitpymes.Core.Shared.Tests.dll" adapterTypeName="executor://mstestadapter/v2" className="Kitpymes.Core.Shared.Tests.GenericExtensionsTests" name="ToDefaultValue_Passing_ushort_Returns_Cero" />
    </UnitTest>
    <UnitTest name="ToTomorrow_Passing_DateTime_Returns_Tomorrow_DateTime" storage="d:\sferrari\01 - trabajo\repos\netcore\libs\template-netcore-shared\kitpymes.core.shared.tests\bin\release\netcoreapp3.0\kitpymes.core.shared.tests.dll" id="c2d3c8df-32e7-92dc-91f8-057e8c4da6b9">
      <Execution id="37ec9d1f-fc37-44b6-8143-738673262b4c" />
      <TestMethod codeBase="D:\SFERRARI\01 - TRABAJO\repos\netcore\libs\template-netcore-shared\Kitpymes.Core.Shared.Tests\bin\Release\netcoreapp3.0\Kitpymes.Core.Shared.Tests.dll" adapterTypeName="executor://mstestadapter/v2" className="Kitpymes.Core.Shared.Tests.DateTimeExtensionsTests" name="ToTomorrow_Passing_DateTime_Returns_Tomorrow_DateTime" />
    </UnitTest>
    <UnitTest name="IsUppercase_Passing_InvalidArguments_Returns_HasErrorsAndCount" storage="d:\sferrari\01 - trabajo\repos\netcore\libs\template-netcore-shared\kitpymes.core.shared.tests\bin\release\netcoreapp3.0\kitpymes.core.shared.tests.dll" id="b8bb90de-6285-0f1c-e0f2-f3ba1f987370">
      <Execution id="5248aa16-4fe8-44b0-bb83-3fa55bafe637" />
      <TestMethod codeBase="D:\SFERRARI\01 - TRABAJO\repos\netcore\libs\template-netcore-shared\Kitpymes.Core.Shared.Tests\bin\Release\netcoreapp3.0\Kitpymes.Core.Shared.Tests.dll" adapterTypeName="executor://mstestadapter/v2" className="Kitpymes.Core.Shared.Tests.CheckTests" name="IsUppercase_Passing_InvalidArguments_Returns_HasErrorsAndCount" />
    </UnitTest>
    <UnitTest name="IsGreater_Passing_InvalidArguments_Returns_HasErrorsAndCount" storage="d:\sferrari\01 - trabajo\repos\netcore\libs\template-netcore-shared\kitpymes.core.shared.tests\bin\release\netcoreapp3.0\kitpymes.core.shared.tests.dll" id="1c5fe271-1e90-52f5-1f31-436b17e57702">
      <Execution id="6f00337b-88c1-4666-9bcf-785d4d85df61" />
      <TestMethod codeBase="D:\SFERRARI\01 - TRABAJO\repos\netcore\libs\template-netcore-shared\Kitpymes.Core.Shared.Tests\bin\Release\netcoreapp3.0\Kitpymes.Core.Shared.Tests.dll" adapterTypeName="executor://mstestadapter/v2" className="Kitpymes.Core.Shared.Tests.CheckTests" name="IsGreater_Passing_InvalidArguments_Returns_HasErrorsAndCount" />
    </UnitTest>
    <UnitTest name="ToDefaultValue_Passing_ValidString_Returns_DefaultValue" storage="d:\sferrari\01 - trabajo\repos\netcore\libs\template-netcore-shared\kitpymes.core.shared.tests\bin\release\netcoreapp3.0\kitpymes.core.shared.tests.dll" id="579b7361-19a9-f329-acb3-de102dcfc793">
      <Execution id="237e1b35-ace5-44e5-9579-bb1cb227155b" />
      <TestMethod codeBase="D:\SFERRARI\01 - TRABAJO\repos\netcore\libs\template-netcore-shared\Kitpymes.Core.Shared.Tests\bin\Release\netcoreapp3.0\Kitpymes.Core.Shared.Tests.dll" adapterTypeName="executor://mstestadapter/v2" className="Kitpymes.Core.Shared.Tests.TypeExtensionsTests" name="ToDefaultValue_Passing_ValidString_Returns_DefaultValue" />
    </UnitTest>
    <UnitTest name="ToService_Passing_NotFound_Service_Returns_Null" storage="d:\sferrari\01 - trabajo\repos\netcore\libs\template-netcore-shared\kitpymes.core.shared.tests\bin\release\netcoreapp3.0\kitpymes.core.shared.tests.dll" id="c330741e-ad40-618c-36cc-508c135d2b95">
      <Execution id="8207b306-306d-4b5e-b1f4-fa40f03f574c" />
      <TestMethod codeBase="D:\SFERRARI\01 - TRABAJO\repos\netcore\libs\template-netcore-shared\Kitpymes.Core.Shared.Tests\bin\Release\netcoreapp3.0\Kitpymes.Core.Shared.Tests.dll" adapterTypeName="executor://mstestadapter/v2" className="Kitpymes.Core.Shared.Tests.ConfigurationBuilderExtensionsTests" name="ToService_Passing_NotFound_Service_Returns_Null" />
    </UnitTest>
    <UnitTest name="ToList_Passing_ValidEnumType_Returns_ValuesList" storage="d:\sferrari\01 - trabajo\repos\netcore\libs\template-netcore-shared\kitpymes.core.shared.tests\bin\release\netcoreapp3.0\kitpymes.core.shared.tests.dll" id="a6625fb0-1b80-148b-87dc-9cf616e5e84d">
      <Execution id="c17e5a77-c67b-4bba-855a-f79e3105407b" />
      <TestMethod codeBase="D:\SFERRARI\01 - TRABAJO\repos\netcore\libs\template-netcore-shared\Kitpymes.Core.Shared.Tests\bin\Release\netcoreapp3.0\Kitpymes.Core.Shared.Tests.dll" adapterTypeName="executor://mstestadapter/v2" className="Kitpymes.Core.Shared.Tests.EnumsTests" name="ToList_Passing_ValidEnumType_Returns_ValuesList" />
    </UnitTest>
    <UnitTest name="ResultOkData_WithData" storage="d:\sferrari\01 - trabajo\repos\netcore\libs\template-netcore-shared\kitpymes.core.shared.tests\bin\release\netcoreapp3.0\kitpymes.core.shared.tests.dll" id="08f63e9f-68bb-2ff4-88d9-c74b03747527">
      <Execution id="255abc58-adc9-4e04-9b6d-e5a537f4e7f8" />
      <TestMethod codeBase="D:\SFERRARI\01 - TRABAJO\repos\netcore\libs\template-netcore-shared\Kitpymes.Core.Shared.Tests\bin\Release\netcoreapp3.0\Kitpymes.Core.Shared.Tests.dll" adapterTypeName="executor://mstestadapter/v2" className="Kitpymes.Core.Shared.Tests.ResultTest" name="ResultOkData_WithData" />
    </UnitTest>
    <UnitTest name="ToService_Passing_Valid_Service_Returns_Service" storage="d:\sferrari\01 - trabajo\repos\netcore\libs\template-netcore-shared\kitpymes.core.shared.tests\bin\release\netcoreapp3.0\kitpymes.core.shared.tests.dll" id="2aceb911-de9d-b2eb-c8db-f6b3f880216f">
      <Execution id="bbacfd85-282b-41ef-9d97-e1b1526bd9a9" />
      <TestMethod codeBase="D:\SFERRARI\01 - TRABAJO\repos\netcore\libs\template-netcore-shared\Kitpymes.Core.Shared.Tests\bin\Release\netcoreapp3.0\Kitpymes.Core.Shared.Tests.dll" adapterTypeName="executor://mstestadapter/v2" className="Kitpymes.Core.Shared.Tests.ApplicationBuilderExtensionsTests" name="ToService_Passing_Valid_Service_Returns_Service" />
    </UnitTest>
    <UnitTest name="ResultUnauthorized" storage="d:\sferrari\01 - trabajo\repos\netcore\libs\template-netcore-shared\kitpymes.core.shared.tests\bin\release\netcoreapp3.0\kitpymes.core.shared.tests.dll" id="b79ee054-2363-6600-c9a3-db00cdcc0f2c">
      <Execution id="60847407-c0f3-4c92-87f6-73eb767aa3f8" />
      <TestMethod codeBase="D:\SFERRARI\01 - TRABAJO\repos\netcore\libs\template-netcore-shared\Kitpymes.Core.Shared.Tests\bin\Release\netcoreapp3.0\Kitpymes.Core.Shared.Tests.dll" adapterTypeName="executor://mstestadapter/v2" className="Kitpymes.Core.Shared.Tests.ResultTest" name="ResultUnauthorized" />
    </UnitTest>
    <UnitTest name="ToDirectoryDeleteFiles_Passing_ValidValue_Returns_DirectoryNoExists" storage="d:\sferrari\01 - trabajo\repos\netcore\libs\template-netcore-shared\kitpymes.core.shared.tests\bin\release\netcoreapp3.0\kitpymes.core.shared.tests.dll" id="7f0aeefe-ba4a-5404-c6f8-82be67718cc4">
      <Execution id="e6b5ebc0-23ec-4791-9c3b-82e92f029b29" />
      <TestMethod codeBase="D:\SFERRARI\01 - TRABAJO\repos\netcore\libs\template-netcore-shared\Kitpymes.Core.Shared.Tests\bin\Release\netcoreapp3.0\Kitpymes.Core.Shared.Tests.dll" adapterTypeName="executor://mstestadapter/v2" className="Kitpymes.Core.Shared.Tests.StringExtensionsTests" name="ToDirectoryDeleteFiles_Passing_ValidValue_Returns_DirectoryNoExists" />
    </UnitTest>
    <UnitTest name="ToConfiguration_Passing_Valid_DirectoryPath_Invalid_JsonFileName_Not_Optional_Returns_ApplicationException" storage="d:\sferrari\01 - trabajo\repos\netcore\libs\template-netcore-shared\kitpymes.core.shared.tests\bin\release\netcoreapp3.0\kitpymes.core.shared.tests.dll" id="bf48e581-43e6-7660-c4f4-1b7deb1f0ed9">
      <Execution id="74d7663a-fb35-4828-a52e-f987478ff067" />
      <TestMethod codeBase="D:\SFERRARI\01 - TRABAJO\repos\netcore\libs\template-netcore-shared\Kitpymes.Core.Shared.Tests\bin\Release\netcoreapp3.0\Kitpymes.Core.Shared.Tests.dll" adapterTypeName="executor://mstestadapter/v2" className="Kitpymes.Core.Shared.Tests.ConfigurationBuilderExtensionsTests" name="ToConfiguration_Passing_Valid_DirectoryPath_Invalid_JsonFileName_Not_Optional_Returns_ApplicationException" />
    </UnitTest>
    <UnitTest name="ToDirectoryReadFileAsync_Passing_ValidValue_Returns_False" storage="d:\sferrari\01 - trabajo\repos\netcore\libs\template-netcore-shared\kitpymes.core.shared.tests\bin\release\netcoreapp3.0\kitpymes.core.shared.tests.dll" id="29295413-2308-fade-9c98-0e9ed6c67839">
      <Execution id="855f912d-0637-4e6d-b9a9-45a5ca46b40e" />
      <TestMethod codeBase="D:\SFERRARI\01 - TRABAJO\repos\netcore\libs\template-netcore-shared\Kitpymes.Core.Shared.Tests\bin\Release\netcoreapp3.0\Kitpymes.Core.Shared.Tests.dll" adapterTypeName="executor://mstestadapter/v2" className="Kitpymes.Core.Shared.Tests.StringExtensionsTests" name="ToDirectoryReadFileAsync_Passing_ValidValue_Returns_False" />
    </UnitTest>
    <UnitTest name="ResultOK" storage="d:\sferrari\01 - trabajo\repos\netcore\libs\template-netcore-shared\kitpymes.core.shared.tests\bin\release\netcoreapp3.0\kitpymes.core.shared.tests.dll" id="3c82816f-4e62-7440-d30d-abbd53b1dcea">
      <Execution id="fdea62a3-522f-4b21-a1ec-6f5206eca3c7" />
      <TestMethod codeBase="D:\SFERRARI\01 - TRABAJO\repos\netcore\libs\template-netcore-shared\Kitpymes.Core.Shared.Tests\bin\Release\netcoreapp3.0\Kitpymes.Core.Shared.Tests.dll" adapterTypeName="executor://mstestadapter/v2" className="Kitpymes.Core.Shared.Tests.ResultTest" name="ResultOK" />
    </UnitTest>
    <UnitTest name="ToIsNameThrow_Passing_InvalidValue_Returns_ApplicationExceptionWithMessage" storage="d:\sferrari\01 - trabajo\repos\netcore\libs\template-netcore-shared\kitpymes.core.shared.tests\bin\release\netcoreapp3.0\kitpymes.core.shared.tests.dll" id="1dab5b85-21d2-af6f-92e5-af8126f0e2fb">
      <Execution id="0176cb97-c695-46ba-80fe-36489202815b" />
      <TestMethod codeBase="D:\SFERRARI\01 - TRABAJO\repos\netcore\libs\template-netcore-shared\Kitpymes.Core.Shared.Tests\bin\Release\netcoreapp3.0\Kitpymes.Core.Shared.Tests.dll" adapterTypeName="executor://mstestadapter/v2" className="Kitpymes.Core.Shared.Tests.CheckExtensionsTests" name="ToIsNameThrow_Passing_InvalidValue_Returns_ApplicationExceptionWithMessage" />
    </UnitTest>
    <UnitTest name="ToService_Passing_Service_Not_Found_Returns_ApplicationException" storage="d:\sferrari\01 - trabajo\repos\netcore\libs\template-netcore-shared\kitpymes.core.shared.tests\bin\release\netcoreapp3.0\kitpymes.core.shared.tests.dll" id="74c0befe-cdb2-1fdf-be71-2a39199bb5c9">
      <Execution id="5c91b160-1dc2-4f6f-9b31-0ed70ce1bd90" />
      <TestMethod codeBase="D:\SFERRARI\01 - TRABAJO\repos\netcore\libs\template-netcore-shared\Kitpymes.Core.Shared.Tests\bin\Release\netcoreapp3.0\Kitpymes.Core.Shared.Tests.dll" adapterTypeName="executor://mstestadapter/v2" className="Kitpymes.Core.Shared.Tests.ApplicationBuilderExtensionsTests" name="ToService_Passing_Service_Not_Found_Returns_ApplicationException" />
    </UnitTest>
    <UnitTest name="ResultBadRequest_WithErrors_Dictionary" storage="d:\sferrari\01 - trabajo\repos\netcore\libs\template-netcore-shared\kitpymes.core.shared.tests\bin\release\netcoreapp3.0\kitpymes.core.shared.tests.dll" id="06b145c3-38af-bef9-3a11-59191b7a7e3e">
      <Execution id="6e81845d-ebde-49a3-96cb-3be256dba00b" />
      <TestMethod codeBase="D:\SFERRARI\01 - TRABAJO\repos\netcore\libs\template-netcore-shared\Kitpymes.Core.Shared.Tests\bin\Release\netcoreapp3.0\Kitpymes.Core.Shared.Tests.dll" adapterTypeName="executor://mstestadapter/v2" className="Kitpymes.Core.Shared.Tests.ResultTest" name="ResultBadRequest_WithErrors_Dictionary" />
    </UnitTest>
    <UnitTest name="ToDetails_Passing_HttpContext_Returns_Details_HttpContext" storage="d:\sferrari\01 - trabajo\repos\netcore\libs\template-netcore-shared\kitpymes.core.shared.tests\bin\release\netcoreapp3.0\kitpymes.core.shared.tests.dll" id="4ff63349-9eef-ad1f-85cf-a84cda1ff120">
      <Execution id="b25398c6-cf74-4674-a417-a9146b377fbc" />
      <TestMethod codeBase="D:\SFERRARI\01 - TRABAJO\repos\netcore\libs\template-netcore-shared\Kitpymes.Core.Shared.Tests\bin\Release\netcoreapp3.0\Kitpymes.Core.Shared.Tests.dll" adapterTypeName="executor://mstestadapter/v2" className="Kitpymes.Core.Shared.Tests.HttpContextExtensionsTests" name="ToDetails_Passing_HttpContext_Returns_Details_HttpContext" />
    </UnitTest>
    <UnitTest name="IsUniqueChars_Passing_InvalidArguments_Returns_HasErrorsAndCount" storage="d:\sferrari\01 - trabajo\repos\netcore\libs\template-netcore-shared\kitpymes.core.shared.tests\bin\release\netcoreapp3.0\kitpymes.core.shared.tests.dll" id="b9a89fa2-355c-e886-bec5-28d3cf549be6">
      <Execution id="1abe5f99-8ada-422b-a764-6b7250c4ef78" />
      <TestMethod codeBase="D:\SFERRARI\01 - TRABAJO\repos\netcore\libs\template-netcore-shared\Kitpymes.Core.Shared.Tests\bin\Release\netcoreapp3.0\Kitpymes.Core.Shared.Tests.dll" adapterTypeName="executor://mstestadapter/v2" className="Kitpymes.Core.Shared.Tests.CheckTests" name="IsUniqueChars_Passing_InvalidArguments_Returns_HasErrorsAndCount" />
    </UnitTest>
    <UnitTest name="ToDefaultValue_Passing_sbyte_Returns_Cero" storage="d:\sferrari\01 - trabajo\repos\netcore\libs\template-netcore-shared\kitpymes.core.shared.tests\bin\release\netcoreapp3.0\kitpymes.core.shared.tests.dll" id="19a313ce-6632-bd6f-bb7e-c2dc7bcf20eb">
      <Execution id="b21d8efb-15ca-4bb9-b343-789cf164948c" />
      <TestMethod codeBase="D:\SFERRARI\01 - TRABAJO\repos\netcore\libs\template-netcore-shared\Kitpymes.Core.Shared.Tests\bin\Release\netcoreapp3.0\Kitpymes.Core.Shared.Tests.dll" adapterTypeName="executor://mstestadapter/v2" className="Kitpymes.Core.Shared.Tests.GenericExtensionsTests" name="ToDefaultValue_Passing_sbyte_Returns_Cero" />
    </UnitTest>
    <UnitTest name="ToRemove_Passing_ValidValue_Returns_ValueWithoutRemovedChars" storage="d:\sferrari\01 - trabajo\repos\netcore\libs\template-netcore-shared\kitpymes.core.shared.tests\bin\release\netcoreapp3.0\kitpymes.core.shared.tests.dll" id="bb347f18-44ab-0d77-d5bd-a671e4c37650">
      <Execution id="81e8d18c-fcd4-4245-986f-2c22a8b93119" />
      <TestMethod codeBase="D:\SFERRARI\01 - TRABAJO\repos\netcore\libs\template-netcore-shared\Kitpymes.Core.Shared.Tests\bin\Release\netcoreapp3.0\Kitpymes.Core.Shared.Tests.dll" adapterTypeName="executor://mstestadapter/v2" className="Kitpymes.Core.Shared.Tests.StringExtensionsTests" name="ToRemove_Passing_ValidValue_Returns_ValueWithoutRemovedChars" />
    </UnitTest>
    <UnitTest name="ToEnvironment_Passing_Production_Enviroment_Returns_Production_Name" storage="d:\sferrari\01 - trabajo\repos\netcore\libs\template-netcore-shared\kitpymes.core.shared.tests\bin\release\netcoreapp3.0\kitpymes.core.shared.tests.dll" id="31126d50-f667-908c-85f3-09f9d9272df9">
      <Execution id="7344de41-9824-47fe-98a1-cabd0ab5b9a8" />
      <TestMethod codeBase="D:\SFERRARI\01 - TRABAJO\repos\netcore\libs\template-netcore-shared\Kitpymes.Core.Shared.Tests\bin\Release\netcoreapp3.0\Kitpymes.Core.Shared.Tests.dll" adapterTypeName="executor://mstestadapter/v2" className="Kitpymes.Core.Shared.Tests.ApplicationBuilderExtensionsTests" name="ToEnvironment_Passing_Production_Enviroment_Returns_Production_Name" />
    </UnitTest>
    <UnitTest name="ToStringFormat_Passing_ValidValue_Returns_ValueWithoutRemovedChars" storage="d:\sferrari\01 - trabajo\repos\netcore\libs\template-netcore-shared\kitpymes.core.shared.tests\bin\release\netcoreapp3.0\kitpymes.core.shared.tests.dll" id="a1095294-226e-a0f0-0154-11290289c9db">
      <Execution id="fc5f25ce-3139-46c4-8610-087bab04eec3" />
      <TestMethod codeBase="D:\SFERRARI\01 - TRABAJO\repos\netcore\libs\template-netcore-shared\Kitpymes.Core.Shared.Tests\bin\Release\netcoreapp3.0\Kitpymes.Core.Shared.Tests.dll" adapterTypeName="executor://mstestadapter/v2" className="Kitpymes.Core.Shared.Tests.IntegerExtensionsTests" name="ToStringFormat_Passing_ValidValue_Returns_ValueWithoutRemovedChars" />
    </UnitTest>
    <UnitTest name="ToEnvironment_Passing_Service_Not_Found_Returns_ApplicationException" storage="d:\sferrari\01 - trabajo\repos\netcore\libs\template-netcore-shared\kitpymes.core.shared.tests\bin\release\netcoreapp3.0\kitpymes.core.shared.tests.dll" id="7c679bcb-7a59-8751-0063-1ef6e07cb160">
      <Execution id="02a7c9e1-d1e4-4166-bdf3-416f036b5686" />
      <TestMethod codeBase="D:\SFERRARI\01 - TRABAJO\repos\netcore\libs\template-netcore-shared\Kitpymes.Core.Shared.Tests\bin\Release\netcoreapp3.0\Kitpymes.Core.Shared.Tests.dll" adapterTypeName="executor://mstestadapter/v2" className="Kitpymes.Core.Shared.Tests.ApplicationBuilderExtensionsTests" name="ToEnvironment_Passing_Service_Not_Found_Returns_ApplicationException" />
    </UnitTest>
    <UnitTest name="IsEspecialChars_Passing_ValidArguments_Returns_HasErrorsAndCount" storage="d:\sferrari\01 - trabajo\repos\netcore\libs\template-netcore-shared\kitpymes.core.shared.tests\bin\release\netcoreapp3.0\kitpymes.core.shared.tests.dll" id="a2b6017f-838f-c435-81c1-a75dd92108eb">
      <Execution id="310087f9-f89b-48aa-bf92-0be89413b183" />
      <TestMethod codeBase="D:\SFERRARI\01 - TRABAJO\repos\netcore\libs\template-netcore-shared\Kitpymes.Core.Shared.Tests\bin\Release\netcoreapp3.0\Kitpymes.Core.Shared.Tests.dll" adapterTypeName="executor://mstestadapter/v2" className="Kitpymes.Core.Shared.Tests.CheckTests" name="IsEspecialChars_Passing_ValidArguments_Returns_HasErrorsAndCount" />
    </UnitTest>
    <UnitTest name="ToUserName_Passing_Valid_UserName_ClaimsPrincipal_Returns_String_UserName_Value" storage="d:\sferrari\01 - trabajo\repos\netcore\libs\template-netcore-shared\kitpymes.core.shared.tests\bin\release\netcoreapp3.0\kitpymes.core.shared.tests.dll" id="856fd0c8-b6f8-9265-ccfd-2a9e615488e2">
      <Execution id="aa0293ba-9276-45e7-8349-df3bf3e3300f" />
      <TestMethod codeBase="D:\SFERRARI\01 - TRABAJO\repos\netcore\libs\template-netcore-shared\Kitpymes.Core.Shared.Tests\bin\Release\netcoreapp3.0\Kitpymes.Core.Shared.Tests.dll" adapterTypeName="executor://mstestadapter/v2" className="Kitpymes.Core.Shared.Tests.ClaimsPrincipalExtensionsTests" name="ToUserName_Passing_Valid_UserName_ClaimsPrincipal_Returns_String_UserName_Value" />
    </UnitTest>
    <UnitTest name="IsRegexMatch_Passing_InvalidArguments_Returns_HasErrorsAndCount" storage="d:\sferrari\01 - trabajo\repos\netcore\libs\template-netcore-shared\kitpymes.core.shared.tests\bin\release\netcoreapp3.0\kitpymes.core.shared.tests.dll" id="fe683836-27ec-729e-5fe1-a9c2674a6d87">
      <Execution id="3fa3b78a-48f4-4b3a-ad6b-9d533e2c6aa7" />
      <TestMethod codeBase="D:\SFERRARI\01 - TRABAJO\repos\netcore\libs\template-netcore-shared\Kitpymes.Core.Shared.Tests\bin\Release\netcoreapp3.0\Kitpymes.Core.Shared.Tests.dll" adapterTypeName="executor://mstestadapter/v2" className="Kitpymes.Core.Shared.Tests.CheckTests" name="IsRegexMatch_Passing_InvalidArguments_Returns_HasErrorsAndCount" />
    </UnitTest>
    <UnitTest name="ToReadOnly_Passing_Valid_Collection_Returns_Readonly_Collection" storage="d:\sferrari\01 - trabajo\repos\netcore\libs\template-netcore-shared\kitpymes.core.shared.tests\bin\release\netcoreapp3.0\kitpymes.core.shared.tests.dll" id="42ded375-26ee-044e-44a7-9eab5e4cd342">
      <Execution id="d4aecae7-d582-42a9-a894-76dcffbc29b3" />
      <TestMethod codeBase="D:\SFERRARI\01 - TRABAJO\repos\netcore\libs\template-netcore-shared\Kitpymes.Core.Shared.Tests\bin\Release\netcoreapp3.0\Kitpymes.Core.Shared.Tests.dll" adapterTypeName="executor://mstestadapter/v2" className="Kitpymes.Core.Shared.Tests.EnumerableExtensionsTests" name="ToReadOnly_Passing_Valid_Collection_Returns_Readonly_Collection" />
    </UnitTest>
    <UnitTest name="ToEnvironment_ServiceCollection_Passing_Staging_Enviroment_Returns_Staging_Name" storage="d:\sferrari\01 - trabajo\repos\netcore\libs\template-netcore-shared\kitpymes.core.shared.tests\bin\release\netcoreapp3.0\kitpymes.core.shared.tests.dll" id="504465b7-a3fe-9023-93b9-ffece1903418">
      <Execution id="e54ed080-cafb-468c-96dd-8ad42c2bd4d4" />
      <TestMethod codeBase="D:\SFERRARI\01 - TRABAJO\repos\netcore\libs\template-netcore-shared\Kitpymes.Core.Shared.Tests\bin\Release\netcoreapp3.0\Kitpymes.Core.Shared.Tests.dll" adapterTypeName="executor://mstestadapter/v2" className="Kitpymes.Core.Shared.Tests.ConfigurationBuilderExtensionsTests" name="ToEnvironment_ServiceCollection_Passing_Staging_Enviroment_Returns_Staging_Name" />
    </UnitTest>
    <UnitTest name="ToHeader_Passing_HttpRequest_Header_Many_Values_Returns_Values" storage="d:\sferrari\01 - trabajo\repos\netcore\libs\template-netcore-shared\kitpymes.core.shared.tests\bin\release\netcoreapp3.0\kitpymes.core.shared.tests.dll" id="43c10c64-8836-30db-afbe-d1657a7dd9d8">
      <Execution id="3b28c757-4fff-48a9-b184-3dac9004384d" />
      <TestMethod codeBase="D:\SFERRARI\01 - TRABAJO\repos\netcore\libs\template-netcore-shared\Kitpymes.Core.Shared.Tests\bin\Release\netcoreapp3.0\Kitpymes.Core.Shared.Tests.dll" adapterTypeName="executor://mstestadapter/v2" className="Kitpymes.Core.Shared.Tests.HttpRequestExtensionsTests" name="ToHeader_Passing_HttpRequest_Header_Many_Values_Returns_Values" />
    </UnitTest>
    <UnitTest name="ToEnum_Passing_InvalidValueInt_Returns_EnumDefaultValue" storage="d:\sferrari\01 - trabajo\repos\netcore\libs\template-netcore-shared\kitpymes.core.shared.tests\bin\release\netcoreapp3.0\kitpymes.core.shared.tests.dll" id="8c1d1a56-be42-3df5-a82e-36b97c2860b8">
      <Execution id="0f026594-d342-4458-97c4-0edef2d5e6e2" />
      <TestMethod codeBase="D:\SFERRARI\01 - TRABAJO\repos\netcore\libs\template-netcore-shared\Kitpymes.Core.Shared.Tests\bin\Release\netcoreapp3.0\Kitpymes.Core.Shared.Tests.dll" adapterTypeName="executor://mstestadapter/v2" className="Kitpymes.Core.Shared.Tests.StringExtensionsTests" name="ToEnum_Passing_InvalidValueInt_Returns_EnumDefaultValue" />
    </UnitTest>
    <UnitTest name="ToCompress_Passing_Object_Bytes_Returns_Object" storage="d:\sferrari\01 - trabajo\repos\netcore\libs\template-netcore-shared\kitpymes.core.shared.tests\bin\release\netcoreapp3.0\kitpymes.core.shared.tests.dll" id="8a110a46-40a4-c9bb-083e-1c3fcb5b45b7">
      <Execution id="6e17960f-cb97-4f51-99f3-9b7f8f352607" />
      <TestMethod codeBase="D:\SFERRARI\01 - TRABAJO\repos\netcore\libs\template-netcore-shared\Kitpymes.Core.Shared.Tests\bin\Release\netcoreapp3.0\Kitpymes.Core.Shared.Tests.dll" adapterTypeName="executor://mstestadapter/v2" className="Kitpymes.Core.Shared.Tests.BytesExtensionsTests" name="ToCompress_Passing_Object_Bytes_Returns_Object" />
    </UnitTest>
    <UnitTest name="ToIPv6_Passing_HttpContext_IP_Value_Returns_IP" storage="d:\sferrari\01 - trabajo\repos\netcore\libs\template-netcore-shared\kitpymes.core.shared.tests\bin\release\netcoreapp3.0\kitpymes.core.shared.tests.dll" id="5bee9d0e-89de-7b6d-4317-0a11342b1d29">
      <Execution id="13c3d05c-6d0a-490b-84f1-2d999948b44d" />
      <TestMethod codeBase="D:\SFERRARI\01 - TRABAJO\repos\netcore\libs\template-netcore-shared\Kitpymes.Core.Shared.Tests\bin\Release\netcoreapp3.0\Kitpymes.Core.Shared.Tests.dll" adapterTypeName="executor://mstestadapter/v2" className="Kitpymes.Core.Shared.Tests.HttpContextExtensionsTests" name="ToIPv6_Passing_HttpContext_IP_Value_Returns_IP" />
    </UnitTest>
    <UnitTest name="ToDefaultValue_Passing_char_Returns_Cero" storage="d:\sferrari\01 - trabajo\repos\netcore\libs\template-netcore-shared\kitpymes.core.shared.tests\bin\release\netcoreapp3.0\kitpymes.core.shared.tests.dll" id="17a38df3-33e0-71ac-f8cb-dcdd3ade7269">
      <Execution id="060e2a9b-4dae-4bc1-98de-c846b135d3a4" />
      <TestMethod codeBase="D:\SFERRARI\01 - TRABAJO\repos\netcore\libs\template-netcore-shared\Kitpymes.Core.Shared.Tests\bin\Release\netcoreapp3.0\Kitpymes.Core.Shared.Tests.dll" adapterTypeName="executor://mstestadapter/v2" className="Kitpymes.Core.Shared.Tests.GenericExtensionsTests" name="ToDefaultValue_Passing_char_Returns_Cero" />
    </UnitTest>
    <UnitTest name="ToNormalize_Passing_ValidValue_Returns_NormalizedValue" storage="d:\sferrari\01 - trabajo\repos\netcore\libs\template-netcore-shared\kitpymes.core.shared.tests\bin\release\netcoreapp3.0\kitpymes.core.shared.tests.dll" id="7dc20d31-477c-3765-83c0-7575a504da96">
      <Execution id="7663742e-f60f-4f7e-9706-bd95a0d16127" />
      <TestMethod codeBase="D:\SFERRARI\01 - TRABAJO\repos\netcore\libs\template-netcore-shared\Kitpymes.Core.Shared.Tests\bin\Release\netcoreapp3.0\Kitpymes.Core.Shared.Tests.dll" adapterTypeName="executor://mstestadapter/v2" className="Kitpymes.Core.Shared.Tests.StringExtensionsTests" name="ToNormalize_Passing_ValidValue_Returns_NormalizedValue" />
    </UnitTest>
    <UnitTest name="ToIsLastDayOfTheMonth_Passing_NotLastDayOfMonth_Returns_False" storage="d:\sferrari\01 - trabajo\repos\netcore\libs\template-netcore-shared\kitpymes.core.shared.tests\bin\release\netcoreapp3.0\kitpymes.core.shared.tests.dll" id="3443f7f5-ee1a-f375-e5b1-f7ffa940c0db">
      <Execution id="cd5507c3-aa1d-4fb7-8db9-d663c3b13752" />
      <TestMethod codeBase="D:\SFERRARI\01 - TRABAJO\repos\netcore\libs\template-netcore-shared\Kitpymes.Core.Shared.Tests\bin\Release\netcoreapp3.0\Kitpymes.Core.Shared.Tests.dll" adapterTypeName="executor://mstestadapter/v2" className="Kitpymes.Core.Shared.Tests.DateTimeExtensionsTests" name="ToIsLastDayOfTheMonth_Passing_NotLastDayOfMonth_Returns_False" />
    </UnitTest>
    <UnitTest name="ToIsSubdomainThrow_Passing_InvalidValue_Returns_ApplicationExceptionWithMessage" storage="d:\sferrari\01 - trabajo\repos\netcore\libs\template-netcore-shared\kitpymes.core.shared.tests\bin\release\netcoreapp3.0\kitpymes.core.shared.tests.dll" id="d51ea295-e896-101a-6578-05ae772bcbfb">
      <Execution id="f2a51cb8-8a62-4748-b451-e58d414e04cd" />
      <TestMethod codeBase="D:\SFERRARI\01 - TRABAJO\repos\netcore\libs\template-netcore-shared\Kitpymes.Core.Shared.Tests\bin\Release\netcoreapp3.0\Kitpymes.Core.Shared.Tests.dll" adapterTypeName="executor://mstestadapter/v2" className="Kitpymes.Core.Shared.Tests.CheckExtensionsTests" name="ToIsSubdomainThrow_Passing_InvalidValue_Returns_ApplicationExceptionWithMessage" />
    </UnitTest>
    <UnitTest name="ToUri_Passing_InvalidValueString_Returns_DefaultValue" storage="d:\sferrari\01 - trabajo\repos\netcore\libs\template-netcore-shared\kitpymes.core.shared.tests\bin\release\netcoreapp3.0\kitpymes.core.shared.tests.dll" id="bc15aa99-72de-0e5a-b6e8-2d654659d591">
      <Execution id="3dd93156-f467-4553-a49a-da43c94071b5" />
      <TestMethod codeBase="D:\SFERRARI\01 - TRABAJO\repos\netcore\libs\template-netcore-shared\Kitpymes.Core.Shared.Tests\bin\Release\netcoreapp3.0\Kitpymes.Core.Shared.Tests.dll" adapterTypeName="executor://mstestadapter/v2" className="Kitpymes.Core.Shared.Tests.StringExtensionsTests" name="ToUri_Passing_InvalidValueString_Returns_DefaultValue" />
    </UnitTest>
    <UnitTest name="ToDisplay_Passing_Enumeration_Name_Returns_Display_Atributte" storage="d:\sferrari\01 - trabajo\repos\netcore\libs\template-netcore-shared\kitpymes.core.shared.tests\bin\release\netcoreapp3.0\kitpymes.core.shared.tests.dll" id="d6d04f4a-9142-b816-d673-c4abf49a39ad">
      <Execution id="6746d612-fda1-4ad2-b59b-729cd12a4c83" />
      <TestMethod codeBase="D:\SFERRARI\01 - TRABAJO\repos\netcore\libs\template-netcore-shared\Kitpymes.Core.Shared.Tests\bin\Release\netcoreapp3.0\Kitpymes.Core.Shared.Tests.dll" adapterTypeName="executor://mstestadapter/v2" className="Kitpymes.Core.Shared.Tests.EnumExtensionsTests" name="ToDisplay_Passing_Enumeration_Name_Returns_Display_Atributte" />
    </UnitTest>
    <UnitTest name="ToMapMerge_Passing_Destination_Object_Returns_Merged_Destination_Object" storage="d:\sferrari\01 - trabajo\repos\netcore\libs\template-netcore-shared\kitpymes.core.shared.tests\bin\release\netcoreapp3.0\kitpymes.core.shared.tests.dll" id="ab274dac-b194-4e0f-6fab-a20667b535a8">
      <Execution id="c44a6a78-2f9d-4ede-a7be-28ebd1923eda" />
      <TestMethod codeBase="D:\SFERRARI\01 - TRABAJO\repos\netcore\libs\template-netcore-shared\Kitpymes.Core.Shared.Tests\bin\Release\netcoreapp3.0\Kitpymes.Core.Shared.Tests.dll" adapterTypeName="executor://mstestadapter/v2" className="Kitpymes.Core.Shared.Tests.AgileMapperExtensionsTests" name="ToMapMerge_Passing_Destination_Object_Returns_Merged_Destination_Object" />
    </UnitTest>
    <UnitTest name="ToInt_Passing_Enumeration_Name_Returns_Value" storage="d:\sferrari\01 - trabajo\repos\netcore\libs\template-netcore-shared\kitpymes.core.shared.tests\bin\release\netcoreapp3.0\kitpymes.core.shared.tests.dll" id="4e1a5879-f3c8-4fdb-51d0-c4cf0a35e0bf">
      <Execution id="28545510-debb-4089-b1a2-eeabec2a39fb" />
      <TestMethod codeBase="D:\SFERRARI\01 - TRABAJO\repos\netcore\libs\template-netcore-shared\Kitpymes.Core.Shared.Tests\bin\Release\netcoreapp3.0\Kitpymes.Core.Shared.Tests.dll" adapterTypeName="executor://mstestadapter/v2" className="Kitpymes.Core.Shared.Tests.EnumExtensionsTests" name="ToInt_Passing_Enumeration_Name_Returns_Value" />
    </UnitTest>
    <UnitTest name="ToIsEmailThrow_Passing_InvalidValue_Returns_ApplicationExceptionWithMessage" storage="d:\sferrari\01 - trabajo\repos\netcore\libs\template-netcore-shared\kitpymes.core.shared.tests\bin\release\netcoreapp3.0\kitpymes.core.shared.tests.dll" id="def94964-1ba4-f78f-2dac-38055bb04256">
      <Execution id="5ce43655-9f01-4f62-b8ad-cfbefe7d6ea9" />
      <TestMethod codeBase="D:\SFERRARI\01 - TRABAJO\repos\netcore\libs\template-netcore-shared\Kitpymes.Core.Shared.Tests\bin\Release\netcoreapp3.0\Kitpymes.Core.Shared.Tests.dll" adapterTypeName="executor://mstestadapter/v2" className="Kitpymes.Core.Shared.Tests.CheckExtensionsTests" name="ToIsEmailThrow_Passing_InvalidValue_Returns_ApplicationExceptionWithMessage" />
    </UnitTest>
    <UnitTest name="IsNullOrEmpty_Passing_InvalidArguments_Returns_HasErrorsAndCount" storage="d:\sferrari\01 - trabajo\repos\netcore\libs\template-netcore-shared\kitpymes.core.shared.tests\bin\release\netcoreapp3.0\kitpymes.core.shared.tests.dll" id="801afd1a-5f3d-0d0c-471a-96452bf5bc35">
      <Execution id="2b154c9d-05d3-472f-866f-61438774a311" />
      <TestMethod codeBase="D:\SFERRARI\01 - TRABAJO\repos\netcore\libs\template-netcore-shared\Kitpymes.Core.Shared.Tests\bin\Release\netcoreapp3.0\Kitpymes.Core.Shared.Tests.dll" adapterTypeName="executor://mstestadapter/v2" className="Kitpymes.Core.Shared.Tests.CheckTests" name="IsNullOrEmpty_Passing_InvalidArguments_Returns_HasErrorsAndCount" />
    </UnitTest>
    <UnitTest name="IsEqual_Passing_InvalidArguments_Returns_HasErrorsAndCount" storage="d:\sferrari\01 - trabajo\repos\netcore\libs\template-netcore-shared\kitpymes.core.shared.tests\bin\release\netcoreapp3.0\kitpymes.core.shared.tests.dll" id="c87d842d-198f-fc52-0a70-418a5e5378ab">
      <Execution id="86218709-352f-4379-8521-b627f96d5b8c" />
      <TestMethod codeBase="D:\SFERRARI\01 - TRABAJO\repos\netcore\libs\template-netcore-shared\Kitpymes.Core.Shared.Tests\bin\Release\netcoreapp3.0\Kitpymes.Core.Shared.Tests.dll" adapterTypeName="executor://mstestadapter/v2" className="Kitpymes.Core.Shared.Tests.CheckTests" name="IsEqual_Passing_InvalidArguments_Returns_HasErrorsAndCount" />
    </UnitTest>
    <UnitTest name="ToHashAlgorithmName_Passing_InvalidValueString_Returns_Null" storage="d:\sferrari\01 - trabajo\repos\netcore\libs\template-netcore-shared\kitpymes.core.shared.tests\bin\release\netcoreapp3.0\kitpymes.core.shared.tests.dll" id="1b969e76-d97c-c639-c377-a41796fbb2c3">
      <Execution id="75f29b27-1a2f-4b25-87f7-5bdb3b25bd92" />
      <TestMethod codeBase="D:\SFERRARI\01 - TRABAJO\repos\netcore\libs\template-netcore-shared\Kitpymes.Core.Shared.Tests\bin\Release\netcoreapp3.0\Kitpymes.Core.Shared.Tests.dll" adapterTypeName="executor://mstestadapter/v2" className="Kitpymes.Core.Shared.Tests.StringExtensionsTests" name="ToHashAlgorithmName_Passing_InvalidValueString_Returns_Null" />
    </UnitTest>
    <UnitTest name="ToDefaultValue_Passing_ValidInt_Returns_DefaultValue" storage="d:\sferrari\01 - trabajo\repos\netcore\libs\template-netcore-shared\kitpymes.core.shared.tests\bin\release\netcoreapp3.0\kitpymes.core.shared.tests.dll" id="e37f41d3-77a8-1acd-c258-fbb5b724b134">
      <Execution id="32d08fce-2ebb-44fc-a86b-048a700d1f82" />
      <TestMethod codeBase="D:\SFERRARI\01 - TRABAJO\repos\netcore\libs\template-netcore-shared\Kitpymes.Core.Shared.Tests\bin\Release\netcoreapp3.0\Kitpymes.Core.Shared.Tests.dll" adapterTypeName="executor://mstestadapter/v2" className="Kitpymes.Core.Shared.Tests.TypeExtensionsTests" name="ToDefaultValue_Passing_ValidInt_Returns_DefaultValue" />
    </UnitTest>
    <UnitTest name="ToIsFileThrow_Passing_InvalidValue_Returns_ApplicationExceptionWithMessage" storage="d:\sferrari\01 - trabajo\repos\netcore\libs\template-netcore-shared\kitpymes.core.shared.tests\bin\release\netcoreapp3.0\kitpymes.core.shared.tests.dll" id="0df69eaf-b001-71ae-6cf8-f9c5860f7c4c">
      <Execution id="b1e00f06-0a82-4e2b-9f57-41ac4d01a078" />
      <TestMethod codeBase="D:\SFERRARI\01 - TRABAJO\repos\netcore\libs\template-netcore-shared\Kitpymes.Core.Shared.Tests\bin\Release\netcoreapp3.0\Kitpymes.Core.Shared.Tests.dll" adapterTypeName="executor://mstestadapter/v2" className="Kitpymes.Core.Shared.Tests.CheckExtensionsTests" name="ToIsFileThrow_Passing_InvalidValue_Returns_ApplicationExceptionWithMessage" />
    </UnitTest>
    <UnitTest name="ToMapClone_Passing_Source_Returns_New_Source_Object" storage="d:\sferrari\01 - trabajo\repos\netcore\libs\template-netcore-shared\kitpymes.core.shared.tests\bin\release\netcoreapp3.0\kitpymes.core.shared.tests.dll" id="27cc1a96-8264-8762-05bc-aa63ccb155d7">
      <Execution id="b1eec718-9728-4b1a-90af-2cf6af196232" />
      <TestMethod codeBase="D:\SFERRARI\01 - TRABAJO\repos\netcore\libs\template-netcore-shared\Kitpymes.Core.Shared.Tests\bin\Release\netcoreapp3.0\Kitpymes.Core.Shared.Tests.dll" adapterTypeName="executor://mstestadapter/v2" className="Kitpymes.Core.Shared.Tests.AgileMapperExtensionsTests" name="ToMapClone_Passing_Source_Returns_New_Source_Object" />
    </UnitTest>
    <UnitTest name="ResultDataBadRequest_WithErrors_Dictionary" storage="d:\sferrari\01 - trabajo\repos\netcore\libs\template-netcore-shared\kitpymes.core.shared.tests\bin\release\netcoreapp3.0\kitpymes.core.shared.tests.dll" id="e329bdc2-7660-b4b2-0687-a194b6e35f1d">
      <Execution id="a700eb2c-0ae4-4fe0-97e8-ec5433961938" />
      <TestMethod codeBase="D:\SFERRARI\01 - TRABAJO\repos\netcore\libs\template-netcore-shared\Kitpymes.Core.Shared.Tests\bin\Release\netcoreapp3.0\Kitpymes.Core.Shared.Tests.dll" adapterTypeName="executor://mstestadapter/v2" className="Kitpymes.Core.Shared.Tests.ResultTest" name="ResultDataBadRequest_WithErrors_Dictionary" />
    </UnitTest>
    <UnitTest name="ToService_Passing_Service_Not_Found_Returns_Null" storage="d:\sferrari\01 - trabajo\repos\netcore\libs\template-netcore-shared\kitpymes.core.shared.tests\bin\release\netcoreapp3.0\kitpymes.core.shared.tests.dll" id="3f0bf65d-a3af-41bf-ac79-126a0efc4fd4">
      <Execution id="10a332e6-0f05-4305-a73c-fa8faab623ba" />
      <TestMethod codeBase="D:\SFERRARI\01 - TRABAJO\repos\netcore\libs\template-netcore-shared\Kitpymes.Core.Shared.Tests\bin\Release\netcoreapp3.0\Kitpymes.Core.Shared.Tests.dll" adapterTypeName="executor://mstestadapter/v2" className="Kitpymes.Core.Shared.Tests.ApplicationBuilderExtensionsTests" name="ToService_Passing_Service_Not_Found_Returns_Null" />
    </UnitTest>
    <UnitTest name="ToGetAll_Passing_Claims_Returns_Claim_Value_Int_List" storage="d:\sferrari\01 - trabajo\repos\netcore\libs\template-netcore-shared\kitpymes.core.shared.tests\bin\release\netcoreapp3.0\kitpymes.core.shared.tests.dll" id="fa00d2a8-59b9-ad9e-caa1-a0c9e3156db1">
      <Execution id="84866cd7-01c4-4bea-b0d5-ff01b8874df1" />
      <TestMethod codeBase="D:\SFERRARI\01 - TRABAJO\repos\netcore\libs\template-netcore-shared\Kitpymes.Core.Shared.Tests\bin\Release\netcoreapp3.0\Kitpymes.Core.Shared.Tests.dll" adapterTypeName="executor://mstestadapter/v2" className="Kitpymes.Core.Shared.Tests.ClaimsPrincipalExtensionsTests" name="ToGetAll_Passing_Claims_Returns_Claim_Value_Int_List" />
    </UnitTest>
    <UnitTest name="ResultBadRequest_WithErrors_Value" storage="d:\sferrari\01 - trabajo\repos\netcore\libs\template-netcore-shared\kitpymes.core.shared.tests\bin\release\netcoreapp3.0\kitpymes.core.shared.tests.dll" id="c0846755-8a53-0ac4-76e5-2d7d37bcd54a">
      <Execution id="0344aa2e-6f7e-4c4f-8fdc-80b641869d69" />
      <TestMethod codeBase="D:\SFERRARI\01 - TRABAJO\repos\netcore\libs\template-netcore-shared\Kitpymes.Core.Shared.Tests\bin\Release\netcoreapp3.0\Kitpymes.Core.Shared.Tests.dll" adapterTypeName="executor://mstestadapter/v2" className="Kitpymes.Core.Shared.Tests.ResultTest" name="ResultBadRequest_WithErrors_Value" />
    </UnitTest>
    <UnitTest name="ToBytes_Passing_Object_Returns_Bytes" storage="d:\sferrari\01 - trabajo\repos\netcore\libs\template-netcore-shared\kitpymes.core.shared.tests\bin\release\netcoreapp3.0\kitpymes.core.shared.tests.dll" id="118e36ba-6572-1245-e05b-9bcc7b4e5e20">
      <Execution id="ea40e054-76d4-472a-ac79-83e002034f2c" />
      <TestMethod codeBase="D:\SFERRARI\01 - TRABAJO\repos\netcore\libs\template-netcore-shared\Kitpymes.Core.Shared.Tests\bin\Release\netcoreapp3.0\Kitpymes.Core.Shared.Tests.dll" adapterTypeName="executor://mstestadapter/v2" className="Kitpymes.Core.Shared.Tests.GenericExtensionsTests" name="ToBytes_Passing_Object_Returns_Bytes" />
    </UnitTest>
    <UnitTest name="ToInt_Passing_InvalidValueString_Returns_DefaultValue" storage="d:\sferrari\01 - trabajo\repos\netcore\libs\template-netcore-shared\kitpymes.core.shared.tests\bin\release\netcoreapp3.0\kitpymes.core.shared.tests.dll" id="19f76070-822e-31f8-2a9f-a96f774333a7">
      <Execution id="dbbe3221-5b8f-46ec-bee4-27e7bcaba09f" />
      <TestMethod codeBase="D:\SFERRARI\01 - TRABAJO\repos\netcore\libs\template-netcore-shared\Kitpymes.Core.Shared.Tests\bin\Release\netcoreapp3.0\Kitpymes.Core.Shared.Tests.dll" adapterTypeName="executor://mstestadapter/v2" className="Kitpymes.Core.Shared.Tests.StringExtensionsTests" name="ToInt_Passing_InvalidValueString_Returns_DefaultValue" />
    </UnitTest>
    <UnitTest name="ToEmailMask_Passing_ValidEmail_Returns_EmailWithMask" storage="d:\sferrari\01 - trabajo\repos\netcore\libs\template-netcore-shared\kitpymes.core.shared.tests\bin\release\netcoreapp3.0\kitpymes.core.shared.tests.dll" id="98331ff8-6ed1-e7ba-c8dd-be5bd5b6cb2c">
      <Execution id="257e9712-9406-4470-af65-e4acafc351c3" />
      <TestMethod codeBase="D:\SFERRARI\01 - TRABAJO\repos\netcore\libs\template-netcore-shared\Kitpymes.Core.Shared.Tests\bin\Release\netcoreapp3.0\Kitpymes.Core.Shared.Tests.dll" adapterTypeName="executor://mstestadapter/v2" className="Kitpymes.Core.Shared.Tests.StringExtensionsTests" name="ToEmailMask_Passing_ValidEmail_Returns_EmailWithMask" />
    </UnitTest>
    <UnitTest name="ToFormat_Passing_ValidValueFormatWithArguments_Returns_ValueWithFormat" storage="d:\sferrari\01 - trabajo\repos\netcore\libs\template-netcore-shared\kitpymes.core.shared.tests\bin\release\netcoreapp3.0\kitpymes.core.shared.tests.dll" id="ac572b27-5286-68a4-5380-d7de82fbf69a">
      <Execution id="66dac07f-4dd4-4167-8f82-ad2c452da308" />
      <TestMethod codeBase="D:\SFERRARI\01 - TRABAJO\repos\netcore\libs\template-netcore-shared\Kitpymes.Core.Shared.Tests\bin\Release\netcoreapp3.0\Kitpymes.Core.Shared.Tests.dll" adapterTypeName="executor://mstestadapter/v2" className="Kitpymes.Core.Shared.Tests.StringExtensionsTests" name="ToFormat_Passing_ValidValueFormatWithArguments_Returns_ValueWithFormat" />
    </UnitTest>
    <UnitTest name="ToGetAll_Passing_Claims_Returns_Claim_Value_String_List" storage="d:\sferrari\01 - trabajo\repos\netcore\libs\template-netcore-shared\kitpymes.core.shared.tests\bin\release\netcoreapp3.0\kitpymes.core.shared.tests.dll" id="4184a91b-5297-4872-2a98-1ef97e124515">
      <Execution id="780c367d-b134-40dd-a7f9-26f52b95edde" />
      <TestMethod codeBase="D:\SFERRARI\01 - TRABAJO\repos\netcore\libs\template-netcore-shared\Kitpymes.Core.Shared.Tests\bin\Release\netcoreapp3.0\Kitpymes.Core.Shared.Tests.dll" adapterTypeName="executor://mstestadapter/v2" className="Kitpymes.Core.Shared.Tests.ClaimsPrincipalExtensionsTests" name="ToGetAll_Passing_Claims_Returns_Claim_Value_String_List" />
    </UnitTest>
    <UnitTest name="ToDefaultValue_Passing_bool_Returns_Cero" storage="d:\sferrari\01 - trabajo\repos\netcore\libs\template-netcore-shared\kitpymes.core.shared.tests\bin\release\netcoreapp3.0\kitpymes.core.shared.tests.dll" id="432377b9-b0ad-9a2a-6dc2-e1069e73c449">
      <Execution id="a1d49e53-afc8-41a4-9d11-87909c49a447" />
      <TestMethod codeBase="D:\SFERRARI\01 - TRABAJO\repos\netcore\libs\template-netcore-shared\Kitpymes.Core.Shared.Tests\bin\Release\netcoreapp3.0\Kitpymes.Core.Shared.Tests.dll" adapterTypeName="executor://mstestadapter/v2" className="Kitpymes.Core.Shared.Tests.GenericExtensionsTests" name="ToDefaultValue_Passing_bool_Returns_Cero" />
    </UnitTest>
    <UnitTest name="ToString_Passing_Valid_Collection_With_Custom_Separator_Returns_String_With_Custom_Separator" storage="d:\sferrari\01 - trabajo\repos\netcore\libs\template-netcore-shared\kitpymes.core.shared.tests\bin\release\netcoreapp3.0\kitpymes.core.shared.tests.dll" id="bf8f6922-5666-8ec7-1500-aabd5997d6a4">
      <Execution id="8ee42a12-286b-4a9d-afcc-efa30bae9de6" />
      <TestMethod codeBase="D:\SFERRARI\01 - TRABAJO\repos\netcore\libs\template-netcore-shared\Kitpymes.Core.Shared.Tests\bin\Release\netcoreapp3.0\Kitpymes.Core.Shared.Tests.dll" adapterTypeName="executor://mstestadapter/v2" className="Kitpymes.Core.Shared.Tests.EnumerableExtensionsTests" name="ToString_Passing_Valid_Collection_With_Custom_Separator_Returns_String_With_Custom_Separator" />
    </UnitTest>
    <UnitTest name="ToPaged_Passing_Age_Ascending_Order_Returns_Filter_List" storage="d:\sferrari\01 - trabajo\repos\netcore\libs\template-netcore-shared\kitpymes.core.shared.tests\bin\release\netcoreapp3.0\kitpymes.core.shared.tests.dll" id="f0f37a42-1a3a-10a5-5f17-e01b9915abd3">
      <Execution id="9b6b9580-aaff-4501-b62e-e24df09e330a" />
      <TestMethod codeBase="D:\SFERRARI\01 - TRABAJO\repos\netcore\libs\template-netcore-shared\Kitpymes.Core.Shared.Tests\bin\Release\netcoreapp3.0\Kitpymes.Core.Shared.Tests.dll" adapterTypeName="executor://mstestadapter/v2" className="Kitpymes.Core.Shared.Tests.QueryableExtensionsTests" name="ToPaged_Passing_Age_Ascending_Order_Returns_Filter_List" />
    </UnitTest>
    <UnitTest name="ToConfigureOrDefault_Passing_ActionCustomValues_Returns_CustomValues" storage="d:\sferrari\01 - trabajo\repos\netcore\libs\template-netcore-shared\kitpymes.core.shared.tests\bin\release\netcoreapp3.0\kitpymes.core.shared.tests.dll" id="313cfb2c-8c3b-337b-12f8-296f8611376d">
      <Execution id="e88d53d0-9dd1-418f-aed3-60e5bc8a1e93" />
      <TestMethod codeBase="D:\SFERRARI\01 - TRABAJO\repos\netcore\libs\template-netcore-shared\Kitpymes.Core.Shared.Tests\bin\Release\netcoreapp3.0\Kitpymes.Core.Shared.Tests.dll" adapterTypeName="executor://mstestadapter/v2" className="Kitpymes.Core.Shared.Tests.ActionExtensionsTests" name="ToConfigureOrDefault_Passing_ActionCustomValues_Returns_CustomValues" />
    </UnitTest>
    <UnitTest name="ToEnvironment_ServiceProvider_Passing_Development_Enviroment_Returns_Development_Name" storage="d:\sferrari\01 - trabajo\repos\netcore\libs\template-netcore-shared\kitpymes.core.shared.tests\bin\release\netcoreapp3.0\kitpymes.core.shared.tests.dll" id="c09577a6-adca-ef94-40b5-45575ad65e4f">
      <Execution id="3bc49e41-d085-4cdc-bfc1-8e823e1dbf37" />
      <TestMethod codeBase="D:\SFERRARI\01 - TRABAJO\repos\netcore\libs\template-netcore-shared\Kitpymes.Core.Shared.Tests\bin\Release\netcoreapp3.0\Kitpymes.Core.Shared.Tests.dll" adapterTypeName="executor://mstestadapter/v2" className="Kitpymes.Core.Shared.Tests.ConfigurationBuilderExtensionsTests" name="ToEnvironment_ServiceProvider_Passing_Development_Enviroment_Returns_Development_Name" />
    </UnitTest>
    <UnitTest name="ToSerialize_Passing_Objects_Returns_String_Values" storage="d:\sferrari\01 - trabajo\repos\netcore\libs\template-netcore-shared\kitpymes.core.shared.tests\bin\release\netcoreapp3.0\kitpymes.core.shared.tests.dll" id="87c5dbd3-fd2a-1e49-42e5-8dc78affc8d6">
      <Execution id="63eea785-7eb4-4bf4-8883-66fb67dd1a13" />
      <TestMethod codeBase="D:\SFERRARI\01 - TRABAJO\repos\netcore\libs\template-netcore-shared\Kitpymes.Core.Shared.Tests\bin\Release\netcoreapp3.0\Kitpymes.Core.Shared.Tests.dll" adapterTypeName="executor://mstestadapter/v2" className="Kitpymes.Core.Shared.Tests.JsonExtensionsTests" name="ToSerialize_Passing_Objects_Returns_String_Values" />
    </UnitTest>
    <UnitTest name="CreateSHA512_Passing_Invalid_Arguments_Returns_ApplicationException" storage="d:\sferrari\01 - trabajo\repos\netcore\libs\template-netcore-shared\kitpymes.core.shared.tests\bin\release\netcoreapp3.0\kitpymes.core.shared.tests.dll" id="f17b6f1f-06a9-5318-815f-4c3950fdd0cb">
      <Execution id="0ba0092c-2fbf-4512-a549-e6ccd2a729d3" />
      <TestMethod codeBase="D:\SFERRARI\01 - TRABAJO\repos\netcore\libs\template-netcore-shared\Kitpymes.Core.Shared.Tests\bin\Release\netcoreapp3.0\Kitpymes.Core.Shared.Tests.dll" adapterTypeName="executor://mstestadapter/v2" className="Kitpymes.Core.Shared.Tests.HashTests" name="CreateSHA512_Passing_Invalid_Arguments_Returns_ApplicationException" />
    </UnitTest>
    <UnitTest name="ToGetAll_Passing_Claims_Returns_Claim_Value_Object_List" storage="d:\sferrari\01 - trabajo\repos\netcore\libs\template-netcore-shared\kitpymes.core.shared.tests\bin\release\netcoreapp3.0\kitpymes.core.shared.tests.dll" id="2e87c537-4979-f58b-6e83-f3d4ee161ff1">
      <Execution id="00f6fb91-57ec-4450-869a-9fc8c246aec5" />
      <TestMethod codeBase="D:\SFERRARI\01 - TRABAJO\repos\netcore\libs\template-netcore-shared\Kitpymes.Core.Shared.Tests\bin\Release\netcoreapp3.0\Kitpymes.Core.Shared.Tests.dll" adapterTypeName="executor://mstestadapter/v2" className="Kitpymes.Core.Shared.Tests.ClaimsPrincipalExtensionsTests" name="ToGetAll_Passing_Claims_Returns_Claim_Value_Object_List" />
    </UnitTest>
    <UnitTest name="ToEnvironment_Passing_Custom_Enviroment_Returns_Custom_Name" storage="d:\sferrari\01 - trabajo\repos\netcore\libs\template-netcore-shared\kitpymes.core.shared.tests\bin\release\netcoreapp3.0\kitpymes.core.shared.tests.dll" id="69b6ed05-fdf2-6989-0583-109b4777a6ac">
      <Execution id="ef0faeb7-cc0c-4ff7-b332-cf130a91a646" />
      <TestMethod codeBase="D:\SFERRARI\01 - TRABAJO\repos\netcore\libs\template-netcore-shared\Kitpymes.Core.Shared.Tests\bin\Release\netcoreapp3.0\Kitpymes.Core.Shared.Tests.dll" adapterTypeName="executor://mstestadapter/v2" className="Kitpymes.Core.Shared.Tests.ApplicationBuilderExtensionsTests" name="ToEnvironment_Passing_Custom_Enviroment_Returns_Custom_Name" />
    </UnitTest>
    <UnitTest name="IsNullOrAny_Passing_InvalidArguments_Returns_HasErrorsAndCount" storage="d:\sferrari\01 - trabajo\repos\netcore\libs\template-netcore-shared\kitpymes.core.shared.tests\bin\release\netcoreapp3.0\kitpymes.core.shared.tests.dll" id="922c5a5d-5d46-b5de-bcbd-4fac0addd422">
      <Execution id="ab4581d1-7d48-4729-a629-8380f17654bc" />
      <TestMethod codeBase="D:\SFERRARI\01 - TRABAJO\repos\netcore\libs\template-netcore-shared\Kitpymes.Core.Shared.Tests\bin\Release\netcoreapp3.0\Kitpymes.Core.Shared.Tests.dll" adapterTypeName="executor://mstestadapter/v2" className="Kitpymes.Core.Shared.Tests.CheckTests" name="IsNullOrAny_Passing_InvalidArguments_Returns_HasErrorsAndCount" />
    </UnitTest>
    <UnitTest name="ToIsNullOrEmpty_Passing_InvalidValue_Returns_True" storage="d:\sferrari\01 - trabajo\repos\netcore\libs\template-netcore-shared\kitpymes.core.shared.tests\bin\release\netcoreapp3.0\kitpymes.core.shared.tests.dll" id="297c060d-406b-f933-91fe-dfd3459b8ace">
      <Execution id="4caa0a7e-b4bd-4361-8ebd-b57970563147" />
      <TestMethod codeBase="D:\SFERRARI\01 - TRABAJO\repos\netcore\libs\template-netcore-shared\Kitpymes.Core.Shared.Tests\bin\Release\netcoreapp3.0\Kitpymes.Core.Shared.Tests.dll" adapterTypeName="executor://mstestadapter/v2" className="Kitpymes.Core.Shared.Tests.CheckExtensionsTests" name="ToIsNullOrEmpty_Passing_InvalidValue_Returns_True" />
    </UnitTest>
    <UnitTest name="ToDefaultValue_Passing_short_Returns_Cero" storage="d:\sferrari\01 - trabajo\repos\netcore\libs\template-netcore-shared\kitpymes.core.shared.tests\bin\release\netcoreapp3.0\kitpymes.core.shared.tests.dll" id="40108f40-2761-0a89-d16d-ad113b5f3dd5">
      <Execution id="4dc060a7-b1f4-4076-a081-c25a7a2ec37c" />
      <TestMethod codeBase="D:\SFERRARI\01 - TRABAJO\repos\netcore\libs\template-netcore-shared\Kitpymes.Core.Shared.Tests\bin\Release\netcoreapp3.0\Kitpymes.Core.Shared.Tests.dll" adapterTypeName="executor://mstestadapter/v2" className="Kitpymes.Core.Shared.Tests.GenericExtensionsTests" name="ToDefaultValue_Passing_short_Returns_Cero" />
    </UnitTest>
    <UnitTest name="ToStartOfWeek_Passing_DateTime_Returns_Start_Of_Week_DateTime" storage="d:\sferrari\01 - trabajo\repos\netcore\libs\template-netcore-shared\kitpymes.core.shared.tests\bin\release\netcoreapp3.0\kitpymes.core.shared.tests.dll" id="1f173fff-9060-8c18-f825-225901225244">
      <Execution id="b9f3d676-9bf0-476b-81e5-0469d34a290e" />
      <TestMethod codeBase="D:\SFERRARI\01 - TRABAJO\repos\netcore\libs\template-netcore-shared\Kitpymes.Core.Shared.Tests\bin\Release\netcoreapp3.0\Kitpymes.Core.Shared.Tests.dll" adapterTypeName="executor://mstestadapter/v2" className="Kitpymes.Core.Shared.Tests.DateTimeExtensionsTests" name="ToStartOfWeek_Passing_DateTime_Returns_Start_Of_Week_DateTime" />
    </UnitTest>
    <UnitTest name="IsDigit_Passing_ValidArguments_Returns_HasErrorsAndCount" storage="d:\sferrari\01 - trabajo\repos\netcore\libs\template-netcore-shared\kitpymes.core.shared.tests\bin\release\netcoreapp3.0\kitpymes.core.shared.tests.dll" id="ebdf037a-44fa-7875-99d4-42fa9833aac8">
      <Execution id="bf2f5aa8-89ef-41eb-85dd-1ceab18be02d" />
      <TestMethod codeBase="D:\SFERRARI\01 - TRABAJO\repos\netcore\libs\template-netcore-shared\Kitpymes.Core.Shared.Tests\bin\Release\netcoreapp3.0\Kitpymes.Core.Shared.Tests.dll" adapterTypeName="executor://mstestadapter/v2" className="Kitpymes.Core.Shared.Tests.CheckTests" name="IsDigit_Passing_ValidArguments_Returns_HasErrorsAndCount" />
    </UnitTest>
    <UnitTest name="ToEmailMaskUserNameAndDomainAndExtension_Passing_ValidEmail_Returns_EmailWithMask" storage="d:\sferrari\01 - trabajo\repos\netcore\libs\template-netcore-shared\kitpymes.core.shared.tests\bin\release\netcoreapp3.0\kitpymes.core.shared.tests.dll" id="1f6423c7-4317-6f5b-c112-f4c9c7e822af">
      <Execution id="fda451a0-0815-409c-8911-302d3a4b6148" />
      <TestMethod codeBase="D:\SFERRARI\01 - TRABAJO\repos\netcore\libs\template-netcore-shared\Kitpymes.Core.Shared.Tests\bin\Release\netcoreapp3.0\Kitpymes.Core.Shared.Tests.dll" adapterTypeName="executor://mstestadapter/v2" className="Kitpymes.Core.Shared.Tests.StringExtensionsTests" name="ToEmailMaskUserNameAndDomainAndExtension_Passing_ValidEmail_Returns_EmailWithMask" />
    </UnitTest>
    <UnitTest name="ToIsNullOrAnyThrow_Passing_InvalidValue_Returns_ApplicationExceptionWithMessage" storage="d:\sferrari\01 - trabajo\repos\netcore\libs\template-netcore-shared\kitpymes.core.shared.tests\bin\release\netcoreapp3.0\kitpymes.core.shared.tests.dll" id="8fbac209-421a-f9fa-c5fe-97403aedb24e">
      <Execution id="3384f4b4-6dbb-45cc-89a4-dcef16ff794d" />
      <TestMethod codeBase="D:\SFERRARI\01 - TRABAJO\repos\netcore\libs\template-netcore-shared\Kitpymes.Core.Shared.Tests\bin\Release\netcoreapp3.0\Kitpymes.Core.Shared.Tests.dll" adapterTypeName="executor://mstestadapter/v2" className="Kitpymes.Core.Shared.Tests.CheckExtensionsTests" name="ToIsNullOrAnyThrow_Passing_InvalidValue_Returns_ApplicationExceptionWithMessage" />
    </UnitTest>
    <UnitTest name="CreateRandom_WithDefaultAllowableCharacters_Passing_ValidArguments_Returns_String_Random_Value" storage="d:\sferrari\01 - trabajo\repos\netcore\libs\template-netcore-shared\kitpymes.core.shared.tests\bin\release\netcoreapp3.0\kitpymes.core.shared.tests.dll" id="481343f9-3ff3-548f-0c6c-41599cf65802">
      <Execution id="8a2b08fc-c8f8-4d83-99b6-e1c94b599f2a" />
      <TestMethod codeBase="D:\SFERRARI\01 - TRABAJO\repos\netcore\libs\template-netcore-shared\Kitpymes.Core.Shared.Tests\bin\Release\netcoreapp3.0\Kitpymes.Core.Shared.Tests.dll" adapterTypeName="executor://mstestadapter/v2" className="Kitpymes.Core.Shared.Tests.HashTests" name="CreateRandom_WithDefaultAllowableCharacters_Passing_ValidArguments_Returns_String_Random_Value" />
    </UnitTest>
    <UnitTest name="ToInt_Passing_Enumeration_Name_Returns_Description_Atributte" storage="d:\sferrari\01 - trabajo\repos\netcore\libs\template-netcore-shared\kitpymes.core.shared.tests\bin\release\netcoreapp3.0\kitpymes.core.shared.tests.dll" id="c63cd623-e636-5730-a1fa-b18ae782acc7">
      <Execution id="19c07df9-0da7-4f67-b670-43bf5fdfc710" />
      <TestMethod codeBase="D:\SFERRARI\01 - TRABAJO\repos\netcore\libs\template-netcore-shared\Kitpymes.Core.Shared.Tests\bin\Release\netcoreapp3.0\Kitpymes.Core.Shared.Tests.dll" adapterTypeName="executor://mstestadapter/v2" className="Kitpymes.Core.Shared.Tests.EnumExtensionsTests" name="ToInt_Passing_Enumeration_Name_Returns_Description_Atributte" />
    </UnitTest>
    <UnitTest name="IsFileExtension_Passing_InvalidArguments_Returns_HasErrorsAndCount" storage="d:\sferrari\01 - trabajo\repos\netcore\libs\template-netcore-shared\kitpymes.core.shared.tests\bin\release\netcoreapp3.0\kitpymes.core.shared.tests.dll" id="e608205e-4953-e9a3-1956-895ed42ab083">
      <Execution id="458b12dc-b90b-4dd6-b91a-846240a432c7" />
      <TestMethod codeBase="D:\SFERRARI\01 - TRABAJO\repos\netcore\libs\template-netcore-shared\Kitpymes.Core.Shared.Tests\bin\Release\netcoreapp3.0\Kitpymes.Core.Shared.Tests.dll" adapterTypeName="executor://mstestadapter/v2" className="Kitpymes.Core.Shared.Tests.CheckTests" name="IsFileExtension_Passing_InvalidArguments_Returns_HasErrorsAndCount" />
    </UnitTest>
    <UnitTest name="ToIsFileExtensionThrow_Passing_InvalidValue_Returns_ApplicationExceptionWithMessage" storage="d:\sferrari\01 - trabajo\repos\netcore\libs\template-netcore-shared\kitpymes.core.shared.tests\bin\release\netcoreapp3.0\kitpymes.core.shared.tests.dll" id="43949294-e4b7-cf4d-0d69-84ccc9e58406">
      <Execution id="c26253ed-71ac-4f32-9e56-208dd0db6f15" />
      <TestMethod codeBase="D:\SFERRARI\01 - TRABAJO\repos\netcore\libs\template-netcore-shared\Kitpymes.Core.Shared.Tests\bin\Release\netcoreapp3.0\Kitpymes.Core.Shared.Tests.dll" adapterTypeName="executor://mstestadapter/v2" className="Kitpymes.Core.Shared.Tests.CheckExtensionsTests" name="ToIsFileExtensionThrow_Passing_InvalidValue_Returns_ApplicationExceptionWithMessage" />
    </UnitTest>
    <UnitTest name="ToDirectoryTemporary_Passing_ValidValue_Returns_DirectoryExists" storage="d:\sferrari\01 - trabajo\repos\netcore\libs\template-netcore-shared\kitpymes.core.shared.tests\bin\release\netcoreapp3.0\kitpymes.core.shared.tests.dll" id="65b9b71b-a8d5-2a7d-a8a7-0e3a015e6b68">
      <Execution id="ebe1f6e0-c1c0-4778-a9ce-53754327867f" />
      <TestMethod codeBase="D:\SFERRARI\01 - TRABAJO\repos\netcore\libs\template-netcore-shared\Kitpymes.Core.Shared.Tests\bin\Release\netcoreapp3.0\Kitpymes.Core.Shared.Tests.dll" adapterTypeName="executor://mstestadapter/v2" className="Kitpymes.Core.Shared.Tests.StringExtensionsTests" name="ToDirectoryTemporary_Passing_ValidValue_Returns_DirectoryExists" />
    </UnitTest>
    <UnitTest name="IsLess_Passing_InvalidArguments_Returns_HasErrorsAndCount" storage="d:\sferrari\01 - trabajo\repos\netcore\libs\template-netcore-shared\kitpymes.core.shared.tests\bin\release\netcoreapp3.0\kitpymes.core.shared.tests.dll" id="4d9bde6c-668c-a1d3-dc60-edcfc6a4082c">
      <Execution id="b8e81c4d-629d-47b1-96ab-849132c44647" />
      <TestMethod codeBase="D:\SFERRARI\01 - TRABAJO\repos\netcore\libs\template-netcore-shared\Kitpymes.Core.Shared.Tests\bin\Release\netcoreapp3.0\Kitpymes.Core.Shared.Tests.dll" adapterTypeName="executor://mstestadapter/v2" className="Kitpymes.Core.Shared.Tests.CheckTests" name="IsLess_Passing_InvalidArguments_Returns_HasErrorsAndCount" />
    </UnitTest>
    <UnitTest name="ToDictionaryPropertyInfo_Passing_Object_Not_IncludeNullOrEmptyProperty_Returns_Properties_NameAndValue_Dictionary" storage="d:\sferrari\01 - trabajo\repos\netcore\libs\template-netcore-shared\kitpymes.core.shared.tests\bin\release\netcoreapp3.0\kitpymes.core.shared.tests.dll" id="eb3fbb45-8257-f4b8-0975-042f859a72bf">
      <Execution id="ee20ec99-31c6-432e-bae3-7ef56a7f897d" />
      <TestMethod codeBase="D:\SFERRARI\01 - TRABAJO\repos\netcore\libs\template-netcore-shared\Kitpymes.Core.Shared.Tests\bin\Release\netcoreapp3.0\Kitpymes.Core.Shared.Tests.dll" adapterTypeName="executor://mstestadapter/v2" className="Kitpymes.Core.Shared.Tests.GenericExtensionsTests" name="ToDictionaryPropertyInfo_Passing_Object_Not_IncludeNullOrEmptyProperty_Returns_Properties_NameAndValue_Dictionary" />
    </UnitTest>
    <UnitTest name="ResultError_WithTitle_WithStatusCode_WithDetails_WithExceptionType_WithMessages_WithErrors" storage="d:\sferrari\01 - trabajo\repos\netcore\libs\template-netcore-shared\kitpymes.core.shared.tests\bin\release\netcoreapp3.0\kitpymes.core.shared.tests.dll" id="071a93ca-ce4d-3349-fe5a-5052bf3ce103">
      <Execution id="4898eae6-3b60-49aa-980c-5e028563c86f" />
      <TestMethod codeBase="D:\SFERRARI\01 - TRABAJO\repos\netcore\libs\template-netcore-shared\Kitpymes.Core.Shared.Tests\bin\Release\netcoreapp3.0\Kitpymes.Core.Shared.Tests.dll" adapterTypeName="executor://mstestadapter/v2" className="Kitpymes.Core.Shared.Tests.ResultTest" name="ResultError_WithTitle_WithStatusCode_WithDetails_WithExceptionType_WithMessages_WithErrors" />
    </UnitTest>
    <UnitTest name="CreateAndVerifySHA256_Passing_Valid_Arguments_Returns_True" storage="d:\sferrari\01 - trabajo\repos\netcore\libs\template-netcore-shared\kitpymes.core.shared.tests\bin\release\netcoreapp3.0\kitpymes.core.shared.tests.dll" id="cf950ab2-9fe4-ec30-43b4-2f3a99b5167d">
      <Execution id="204887c2-95e2-4c46-9d99-cbdbbe0a63e2" />
      <TestMethod codeBase="D:\SFERRARI\01 - TRABAJO\repos\netcore\libs\template-netcore-shared\Kitpymes.Core.Shared.Tests\bin\Release\netcoreapp3.0\Kitpymes.Core.Shared.Tests.dll" adapterTypeName="executor://mstestadapter/v2" className="Kitpymes.Core.Shared.Tests.HashTests" name="CreateAndVerifySHA256_Passing_Valid_Arguments_Returns_True" />
    </UnitTest>
    <UnitTest name="ToEmailMaskUserNameAndDomain_Passing_ValidEmail_Returns_EmailWithMask" storage="d:\sferrari\01 - trabajo\repos\netcore\libs\template-netcore-shared\kitpymes.core.shared.tests\bin\release\netcoreapp3.0\kitpymes.core.shared.tests.dll" id="e8138724-52f6-6999-ada4-cbc441f2cd15">
      <Execution id="2a8b53ab-9422-4bba-9a3b-e609a0e6bdba" />
      <TestMethod codeBase="D:\SFERRARI\01 - TRABAJO\repos\netcore\libs\template-netcore-shared\Kitpymes.Core.Shared.Tests\bin\Release\netcoreapp3.0\Kitpymes.Core.Shared.Tests.dll" adapterTypeName="executor://mstestadapter/v2" className="Kitpymes.Core.Shared.Tests.StringExtensionsTests" name="ToEmailMaskUserNameAndDomain_Passing_ValidEmail_Returns_EmailWithMask" />
    </UnitTest>
    <UnitTest name="ToReplaceSpecialChars_Passing_ValidValue_Returns_ReplacedValueWithoutIgnoreSpecialChars" storage="d:\sferrari\01 - trabajo\repos\netcore\libs\template-netcore-shared\kitpymes.core.shared.tests\bin\release\netcoreapp3.0\kitpymes.core.shared.tests.dll" id="29112d2a-2e73-305d-ec50-12fc95c28627">
      <Execution id="f1438b05-e28f-476f-b716-a13d4cfb28f0" />
      <TestMethod codeBase="D:\SFERRARI\01 - TRABAJO\repos\netcore\libs\template-netcore-shared\Kitpymes.Core.Shared.Tests\bin\Release\netcoreapp3.0\Kitpymes.Core.Shared.Tests.dll" adapterTypeName="executor://mstestadapter/v2" className="Kitpymes.Core.Shared.Tests.StringExtensionsTests" name="ToReplaceSpecialChars_Passing_ValidValue_Returns_ReplacedValueWithoutIgnoreSpecialChars" />
    </UnitTest>
    <UnitTest name="ToTryGetHeader_Passing_HttpRequest_Header_Many_Values_Returns_Values" storage="d:\sferrari\01 - trabajo\repos\netcore\libs\template-netcore-shared\kitpymes.core.shared.tests\bin\release\netcoreapp3.0\kitpymes.core.shared.tests.dll" id="db5f34ff-df7c-44e5-6721-c319db8d6da0">
      <Execution id="af9d3237-130a-4fde-95da-88af239737b0" />
      <TestMethod codeBase="D:\SFERRARI\01 - TRABAJO\repos\netcore\libs\template-netcore-shared\Kitpymes.Core.Shared.Tests\bin\Release\netcoreapp3.0\Kitpymes.Core.Shared.Tests.dll" adapterTypeName="executor://mstestadapter/v2" className="Kitpymes.Core.Shared.Tests.HttpRequestExtensionsTests" name="ToTryGetHeader_Passing_HttpRequest_Header_Many_Values_Returns_Values" />
    </UnitTest>
    <UnitTest name="ToDefaultValue_Passing_ulong_Returns_Cero" storage="d:\sferrari\01 - trabajo\repos\netcore\libs\template-netcore-shared\kitpymes.core.shared.tests\bin\release\netcoreapp3.0\kitpymes.core.shared.tests.dll" id="aeb559a5-c285-7ab9-baee-1cb152d1742f">
      <Execution id="41b36901-de6c-4c00-ab78-9c2d41e01f69" />
      <TestMethod codeBase="D:\SFERRARI\01 - TRABAJO\repos\netcore\libs\template-netcore-shared\Kitpymes.Core.Shared.Tests\bin\Release\netcoreapp3.0\Kitpymes.Core.Shared.Tests.dll" adapterTypeName="executor://mstestadapter/v2" className="Kitpymes.Core.Shared.Tests.GenericExtensionsTests" name="ToDefaultValue_Passing_ulong_Returns_Cero" />
    </UnitTest>
    <UnitTest name="ToIsNullOrEmptyThrow_Passing_InvalidValue_Returns_ApplicationExceptionWithMessage" storage="d:\sferrari\01 - trabajo\repos\netcore\libs\template-netcore-shared\kitpymes.core.shared.tests\bin\release\netcoreapp3.0\kitpymes.core.shared.tests.dll" id="580ff04a-e5c0-9f2f-90c3-4f2aeafd15c5">
      <Execution id="31eddebc-d26f-4625-8a9e-09ea303fd357" />
      <TestMethod codeBase="D:\SFERRARI\01 - TRABAJO\repos\netcore\libs\template-netcore-shared\Kitpymes.Core.Shared.Tests\bin\Release\netcoreapp3.0\Kitpymes.Core.Shared.Tests.dll" adapterTypeName="executor://mstestadapter/v2" className="Kitpymes.Core.Shared.Tests.CheckExtensionsTests" name="ToIsNullOrEmptyThrow_Passing_InvalidValue_Returns_ApplicationExceptionWithMessage" />
    </UnitTest>
    <UnitTest name="ToDictionaryPropertyInfo_Passing_Object_IncludeNullOrEmptyProperty_Returns_Properties_NameAndValue_Dictionary" storage="d:\sferrari\01 - trabajo\repos\netcore\libs\template-netcore-shared\kitpymes.core.shared.tests\bin\release\netcoreapp3.0\kitpymes.core.shared.tests.dll" id="a0ed43cd-0648-ddf9-c80e-52c6889ee049">
      <Execution id="0de22d5e-b567-4211-b7fa-324d1d4e213c" />
      <TestMethod codeBase="D:\SFERRARI\01 - TRABAJO\repos\netcore\libs\template-netcore-shared\Kitpymes.Core.Shared.Tests\bin\Release\netcoreapp3.0\Kitpymes.Core.Shared.Tests.dll" adapterTypeName="executor://mstestadapter/v2" className="Kitpymes.Core.Shared.Tests.GenericExtensionsTests" name="ToDictionaryPropertyInfo_Passing_Object_IncludeNullOrEmptyProperty_Returns_Properties_NameAndValue_Dictionary" />
    </UnitTest>
    <UnitTest name="ToEnvironment_ServiceCollection_Passing_Custom_Enviroment_Returns_Custom_Name" storage="d:\sferrari\01 - trabajo\repos\netcore\libs\template-netcore-shared\kitpymes.core.shared.tests\bin\release\netcoreapp3.0\kitpymes.core.shared.tests.dll" id="21ae5425-e2d1-002f-334f-105a6a674a01">
      <Execution id="bab3807b-6a96-4e6c-89dd-84c49f75308c" />
      <TestMethod codeBase="D:\SFERRARI\01 - TRABAJO\repos\netcore\libs\template-netcore-shared\Kitpymes.Core.Shared.Tests\bin\Release\netcoreapp3.0\Kitpymes.Core.Shared.Tests.dll" adapterTypeName="executor://mstestadapter/v2" className="Kitpymes.Core.Shared.Tests.ConfigurationBuilderExtensionsTests" name="ToEnvironment_ServiceCollection_Passing_Custom_Enviroment_Returns_Custom_Name" />
    </UnitTest>
    <UnitTest name="ToAuthenticationType_Passing_Claims_Returns_Null" storage="d:\sferrari\01 - trabajo\repos\netcore\libs\template-netcore-shared\kitpymes.core.shared.tests\bin\release\netcoreapp3.0\kitpymes.core.shared.tests.dll" id="34e0940c-fc9c-71db-fc18-7d52ee8761a0">
      <Execution id="43d30601-235b-45a6-a6c2-0c04e0cb4be5" />
      <TestMethod codeBase="D:\SFERRARI\01 - TRABAJO\repos\netcore\libs\template-netcore-shared\Kitpymes.Core.Shared.Tests\bin\Release\netcoreapp3.0\Kitpymes.Core.Shared.Tests.dll" adapterTypeName="executor://mstestadapter/v2" className="Kitpymes.Core.Shared.Tests.ClaimsPrincipalExtensionsTests" name="ToAuthenticationType_Passing_Claims_Returns_Null" />
    </UnitTest>
    <UnitTest name="ToPaged_Passing_Age_Descending_Order_Returns_Filter_List" storage="d:\sferrari\01 - trabajo\repos\netcore\libs\template-netcore-shared\kitpymes.core.shared.tests\bin\release\netcoreapp3.0\kitpymes.core.shared.tests.dll" id="e53d2439-2080-43bd-e38b-a60253b60af1">
      <Execution id="556a6055-b4a0-414b-ae4d-b3b895435838" />
      <TestMethod codeBase="D:\SFERRARI\01 - TRABAJO\repos\netcore\libs\template-netcore-shared\Kitpymes.Core.Shared.Tests\bin\Release\netcoreapp3.0\Kitpymes.Core.Shared.Tests.dll" adapterTypeName="executor://mstestadapter/v2" className="Kitpymes.Core.Shared.Tests.QueryableExtensionsTests" name="ToPaged_Passing_Age_Descending_Order_Returns_Filter_List" />
    </UnitTest>
    <UnitTest name="IsHostname_Passing_ValidArguments_Returns_HasErrorsAndCount" storage="d:\sferrari\01 - trabajo\repos\netcore\libs\template-netcore-shared\kitpymes.core.shared.tests\bin\release\netcoreapp3.0\kitpymes.core.shared.tests.dll" id="46df7735-43c3-1f8d-197a-cd21c82e5889">
      <Execution id="14596687-884d-4124-95c8-031bd1f1a595" />
      <TestMethod codeBase="D:\SFERRARI\01 - TRABAJO\repos\netcore\libs\template-netcore-shared\Kitpymes.Core.Shared.Tests\bin\Release\netcoreapp3.0\Kitpymes.Core.Shared.Tests.dll" adapterTypeName="executor://mstestadapter/v2" className="Kitpymes.Core.Shared.Tests.CheckTests" name="IsHostname_Passing_ValidArguments_Returns_HasErrorsAndCount" />
    </UnitTest>
    <UnitTest name="IsRange_Passing_InvalidArguments_Returns_HasErrorsAndCount" storage="d:\sferrari\01 - trabajo\repos\netcore\libs\template-netcore-shared\kitpymes.core.shared.tests\bin\release\netcoreapp3.0\kitpymes.core.shared.tests.dll" id="8a5cc6e0-e73e-2131-64bd-e73fc6c2a32e">
      <Execution id="a074fe84-1832-44f3-80b0-eacddab35caa" />
      <TestMethod codeBase="D:\SFERRARI\01 - TRABAJO\repos\netcore\libs\template-netcore-shared\Kitpymes.Core.Shared.Tests\bin\Release\netcoreapp3.0\Kitpymes.Core.Shared.Tests.dll" adapterTypeName="executor://mstestadapter/v2" className="Kitpymes.Core.Shared.Tests.CheckTests" name="IsRange_Passing_InvalidArguments_Returns_HasErrorsAndCount" />
    </UnitTest>
    <UnitTest name="ToUri_Passing_ValidValueString_Returns_Uri" storage="d:\sferrari\01 - trabajo\repos\netcore\libs\template-netcore-shared\kitpymes.core.shared.tests\bin\release\netcoreapp3.0\kitpymes.core.shared.tests.dll" id="30809299-0e3e-4ac7-4a2a-6f8c296d2226">
      <Execution id="e3c82f4f-90cd-4873-8502-c00d66746f04" />
      <TestMethod codeBase="D:\SFERRARI\01 - TRABAJO\repos\netcore\libs\template-netcore-shared\Kitpymes.Core.Shared.Tests\bin\Release\netcoreapp3.0\Kitpymes.Core.Shared.Tests.dll" adapterTypeName="executor://mstestadapter/v2" className="Kitpymes.Core.Shared.Tests.StringExtensionsTests" name="ToUri_Passing_ValidValueString_Returns_Uri" />
    </UnitTest>
    <UnitTest name="CreateAndVerifySHA512_Passing_Valid_Arguments_Returns_True" storage="d:\sferrari\01 - trabajo\repos\netcore\libs\template-netcore-shared\kitpymes.core.shared.tests\bin\release\netcoreapp3.0\kitpymes.core.shared.tests.dll" id="6088101f-62c5-69c8-6751-05523b132d06">
      <Execution id="6cc31e7c-320c-4e66-818d-80e0d46e0063" />
      <TestMethod codeBase="D:\SFERRARI\01 - TRABAJO\repos\netcore\libs\template-netcore-shared\Kitpymes.Core.Shared.Tests\bin\Release\netcoreapp3.0\Kitpymes.Core.Shared.Tests.dll" adapterTypeName="executor://mstestadapter/v2" className="Kitpymes.Core.Shared.Tests.HashTests" name="CreateAndVerifySHA512_Passing_Valid_Arguments_Returns_True" />
    </UnitTest>
    <UnitTest name="ToIsAuthenticated_Passing_Null_ClaimsPrincipal_Returns_ApplicationException" storage="d:\sferrari\01 - trabajo\repos\netcore\libs\template-netcore-shared\kitpymes.core.shared.tests\bin\release\netcoreapp3.0\kitpymes.core.shared.tests.dll" id="a702dc43-b5af-c889-d32e-e69ee2d100af">
      <Execution id="8c35d8f5-5075-4774-a7b4-a4ed0de69563" />
      <TestMethod codeBase="D:\SFERRARI\01 - TRABAJO\repos\netcore\libs\template-netcore-shared\Kitpymes.Core.Shared.Tests\bin\Release\netcoreapp3.0\Kitpymes.Core.Shared.Tests.dll" adapterTypeName="executor://mstestadapter/v2" className="Kitpymes.Core.Shared.Tests.ClaimsPrincipalExtensionsTests" name="ToIsAuthenticated_Passing_Null_ClaimsPrincipal_Returns_ApplicationException" />
    </UnitTest>
    <UnitTest name="ToList_Passing_ValidEnumTypeWithSelectedValueWithResourceType_Returns_ValuesList" storage="d:\sferrari\01 - trabajo\repos\netcore\libs\template-netcore-shared\kitpymes.core.shared.tests\bin\release\netcoreapp3.0\kitpymes.core.shared.tests.dll" id="9af963da-8209-d683-34a5-be793bc59993">
      <Execution id="558945fb-8307-4e3e-bc50-f90d734695ce" />
      <TestMethod codeBase="D:\SFERRARI\01 - TRABAJO\repos\netcore\libs\template-netcore-shared\Kitpymes.Core.Shared.Tests\bin\Release\netcoreapp3.0\Kitpymes.Core.Shared.Tests.dll" adapterTypeName="executor://mstestadapter/v2" className="Kitpymes.Core.Shared.Tests.EnumsTests" name="ToList_Passing_ValidEnumTypeWithSelectedValueWithResourceType_Returns_ValuesList" />
    </UnitTest>
    <UnitTest name="ToResultAsync_Passing_StatusCodeAnd_MessageAndContentTypeAndHeader_Values_Returns_Values" storage="d:\sferrari\01 - trabajo\repos\netcore\libs\template-netcore-shared\kitpymes.core.shared.tests\bin\release\netcoreapp3.0\kitpymes.core.shared.tests.dll" id="161f5d07-7835-e575-5072-b9d787ef451c">
      <Execution id="e951e71b-8908-4f16-a38c-7b2eda78745b" />
      <TestMethod codeBase="D:\SFERRARI\01 - TRABAJO\repos\netcore\libs\template-netcore-shared\Kitpymes.Core.Shared.Tests\bin\Release\netcoreapp3.0\Kitpymes.Core.Shared.Tests.dll" adapterTypeName="executor://mstestadapter/v2" className="Kitpymes.Core.Shared.Tests.HttpResponseExtensionsTests" name="ToResultAsync_Passing_StatusCodeAnd_MessageAndContentTypeAndHeader_Values_Returns_Values" />
    </UnitTest>
    <UnitTest name="CreateRandom_WithCustomAllowableCharacters_Passing_Valid_Arguments_Returns_String_Random_Value" storage="d:\sferrari\01 - trabajo\repos\netcore\libs\template-netcore-shared\kitpymes.core.shared.tests\bin\release\netcoreapp3.0\kitpymes.core.shared.tests.dll" id="430dec51-b9df-7e06-fff9-78e6d362c2d8">
      <Execution id="e87c5665-366e-4b65-a526-b685340918ae" />
      <TestMethod codeBase="D:\SFERRARI\01 - TRABAJO\repos\netcore\libs\template-netcore-shared\Kitpymes.Core.Shared.Tests\bin\Release\netcoreapp3.0\Kitpymes.Core.Shared.Tests.dll" adapterTypeName="executor://mstestadapter/v2" className="Kitpymes.Core.Shared.Tests.HashTests" name="CreateRandom_WithCustomAllowableCharacters_Passing_Valid_Arguments_Returns_String_Random_Value" />
    </UnitTest>
    <UnitTest name="IsDomain_Passing_InvalidArguments_Returns_HasErrorsAndCount" storage="d:\sferrari\01 - trabajo\repos\netcore\libs\template-netcore-shared\kitpymes.core.shared.tests\bin\release\netcoreapp3.0\kitpymes.core.shared.tests.dll" id="3bd7277d-4ad0-51ee-d24c-53176ec3cc7f">
      <Execution id="abb285d7-096e-4f8a-a825-80643d76b08c" />
      <TestMethod codeBase="D:\SFERRARI\01 - TRABAJO\repos\netcore\libs\template-netcore-shared\Kitpymes.Core.Shared.Tests\bin\Release\netcoreapp3.0\Kitpymes.Core.Shared.Tests.dll" adapterTypeName="executor://mstestadapter/v2" className="Kitpymes.Core.Shared.Tests.CheckTests" name="IsDomain_Passing_InvalidArguments_Returns_HasErrorsAndCount" />
    </UnitTest>
    <UnitTest name="IsEmail_Passing_InvalidArguments_Returns_HasErrorsAndCount" storage="d:\sferrari\01 - trabajo\repos\netcore\libs\template-netcore-shared\kitpymes.core.shared.tests\bin\release\netcoreapp3.0\kitpymes.core.shared.tests.dll" id="180814cc-22f9-91b2-cd9a-f54be7e1ba18">
      <Execution id="955b096d-e85a-4516-aa00-6cd5ccb49b29" />
      <TestMethod codeBase="D:\SFERRARI\01 - TRABAJO\repos\netcore\libs\template-netcore-shared\Kitpymes.Core.Shared.Tests\bin\Release\netcoreapp3.0\Kitpymes.Core.Shared.Tests.dll" adapterTypeName="executor://mstestadapter/v2" className="Kitpymes.Core.Shared.Tests.CheckTests" name="IsEmail_Passing_InvalidArguments_Returns_HasErrorsAndCount" />
    </UnitTest>
    <UnitTest name="ToIsAuthenticated_Passing_Claims_Returns_True" storage="d:\sferrari\01 - trabajo\repos\netcore\libs\template-netcore-shared\kitpymes.core.shared.tests\bin\release\netcoreapp3.0\kitpymes.core.shared.tests.dll" id="a75e991f-5e03-3949-85d6-afa1f14455d4">
      <Execution id="33ac0e89-4fe3-4094-88df-b9f9a879b776" />
      <TestMethod codeBase="D:\SFERRARI\01 - TRABAJO\repos\netcore\libs\template-netcore-shared\Kitpymes.Core.Shared.Tests\bin\Release\netcoreapp3.0\Kitpymes.Core.Shared.Tests.dll" adapterTypeName="executor://mstestadapter/v2" className="Kitpymes.Core.Shared.Tests.ClaimsPrincipalExtensionsTests" name="ToIsAuthenticated_Passing_Claims_Returns_True" />
    </UnitTest>
    <UnitTest name="ToContentType_Passing_ValidValueString_Returns_ContentType" storage="d:\sferrari\01 - trabajo\repos\netcore\libs\template-netcore-shared\kitpymes.core.shared.tests\bin\release\netcoreapp3.0\kitpymes.core.shared.tests.dll" id="7be8a004-8e29-0f01-8ada-f15377193150">
      <Execution id="7ebf6b0a-4af8-4667-a545-97a84716f755" />
      <TestMethod codeBase="D:\SFERRARI\01 - TRABAJO\repos\netcore\libs\template-netcore-shared\Kitpymes.Core.Shared.Tests\bin\Release\netcoreapp3.0\Kitpymes.Core.Shared.Tests.dll" adapterTypeName="executor://mstestadapter/v2" className="Kitpymes.Core.Shared.Tests.StringExtensionsTests" name="ToContentType_Passing_ValidValueString_Returns_ContentType" />
    </UnitTest>
    <UnitTest name="ToConfiguration_Passing_Empty_DirectoryPath_Returns_ApplicationException" storage="d:\sferrari\01 - trabajo\repos\netcore\libs\template-netcore-shared\kitpymes.core.shared.tests\bin\release\netcoreapp3.0\kitpymes.core.shared.tests.dll" id="5c861184-f295-e727-0fd4-d218f13da14d">
      <Execution id="94740254-4e45-41ac-8455-ecd01c6c9c50" />
      <TestMethod codeBase="D:\SFERRARI\01 - TRABAJO\repos\netcore\libs\template-netcore-shared\Kitpymes.Core.Shared.Tests\bin\Release\netcoreapp3.0\Kitpymes.Core.Shared.Tests.dll" adapterTypeName="executor://mstestadapter/v2" className="Kitpymes.Core.Shared.Tests.ConfigurationBuilderExtensionsTests" name="ToConfiguration_Passing_Empty_DirectoryPath_Returns_ApplicationException" />
    </UnitTest>
    <UnitTest name="CreateSHA256_Passing_Invalid_Arguments_Returns_ApplicationException" storage="d:\sferrari\01 - trabajo\repos\netcore\libs\template-netcore-shared\kitpymes.core.shared.tests\bin\release\netcoreapp3.0\kitpymes.core.shared.tests.dll" id="77fe17c3-3cf8-a189-4d95-b2e0d3ca9579">
      <Execution id="e7f36389-57fc-4320-abf9-4fe4cbe332e6" />
      <TestMethod codeBase="D:\SFERRARI\01 - TRABAJO\repos\netcore\libs\template-netcore-shared\Kitpymes.Core.Shared.Tests\bin\Release\netcoreapp3.0\Kitpymes.Core.Shared.Tests.dll" adapterTypeName="executor://mstestadapter/v2" className="Kitpymes.Core.Shared.Tests.HashTests" name="CreateSHA256_Passing_Invalid_Arguments_Returns_ApplicationException" />
    </UnitTest>
    <UnitTest name="IsSubdomain_Passing_ValidArguments_Returns_HasErrorsAndCount" storage="d:\sferrari\01 - trabajo\repos\netcore\libs\template-netcore-shared\kitpymes.core.shared.tests\bin\release\netcoreapp3.0\kitpymes.core.shared.tests.dll" id="725d136c-3e7a-6e51-fc61-03203ffec0b5">
      <Execution id="19c4d6f6-6c9b-485e-8929-8f897679508f" />
      <TestMethod codeBase="D:\SFERRARI\01 - TRABAJO\repos\netcore\libs\template-netcore-shared\Kitpymes.Core.Shared.Tests\bin\Release\netcoreapp3.0\Kitpymes.Core.Shared.Tests.dll" adapterTypeName="executor://mstestadapter/v2" className="Kitpymes.Core.Shared.Tests.CheckTests" name="IsSubdomain_Passing_ValidArguments_Returns_HasErrorsAndCount" />
    </UnitTest>
    <UnitTest name="ToHashAlgorithmName_Passing_InvalidValueStringWithDefaultValue_Returns_DefaultValue" storage="d:\sferrari\01 - trabajo\repos\netcore\libs\template-netcore-shared\kitpymes.core.shared.tests\bin\release\netcoreapp3.0\kitpymes.core.shared.tests.dll" id="ab527057-69f2-0a9a-89fd-18928a3920fd">
      <Execution id="a1511fc2-9337-4cbc-9806-10177b1a91e8" />
      <TestMethod codeBase="D:\SFERRARI\01 - TRABAJO\repos\netcore\libs\template-netcore-shared\Kitpymes.Core.Shared.Tests\bin\Release\netcoreapp3.0\Kitpymes.Core.Shared.Tests.dll" adapterTypeName="executor://mstestadapter/v2" className="Kitpymes.Core.Shared.Tests.StringExtensionsTests" name="ToHashAlgorithmName_Passing_InvalidValueStringWithDefaultValue_Returns_DefaultValue" />
    </UnitTest>
    <UnitTest name="ResultBadRequest_WithErrors_KeyValue" storage="d:\sferrari\01 - trabajo\repos\netcore\libs\template-netcore-shared\kitpymes.core.shared.tests\bin\release\netcoreapp3.0\kitpymes.core.shared.tests.dll" id="5ac755a3-81c6-56a5-464d-fd3393128598">
      <Execution id="61250867-59d2-4766-a0f2-4934b7c8ac50" />
      <TestMethod codeBase="D:\SFERRARI\01 - TRABAJO\repos\netcore\libs\template-netcore-shared\Kitpymes.Core.Shared.Tests\bin\Release\netcoreapp3.0\Kitpymes.Core.Shared.Tests.dll" adapterTypeName="executor://mstestadapter/v2" className="Kitpymes.Core.Shared.Tests.ResultTest" name="ResultBadRequest_WithErrors_KeyValue" />
    </UnitTest>
    <UnitTest name="ToConfiguration_Passing_Invalid_DirectoryPath_Returns_ApplicationException" storage="d:\sferrari\01 - trabajo\repos\netcore\libs\template-netcore-shared\kitpymes.core.shared.tests\bin\release\netcoreapp3.0\kitpymes.core.shared.tests.dll" id="73904cd7-b09d-89fc-efca-330cb9d1d1b7">
      <Execution id="1e03901c-fabe-48a4-9ab0-73f9e151c149" />
      <TestMethod codeBase="D:\SFERRARI\01 - TRABAJO\repos\netcore\libs\template-netcore-shared\Kitpymes.Core.Shared.Tests\bin\Release\netcoreapp3.0\Kitpymes.Core.Shared.Tests.dll" adapterTypeName="executor://mstestadapter/v2" className="Kitpymes.Core.Shared.Tests.ConfigurationBuilderExtensionsTests" name="ToConfiguration_Passing_Invalid_DirectoryPath_Returns_ApplicationException" />
    </UnitTest>
    <UnitTest name="ToTryIPv6_Passing_HttpContext_IP_Value_Returns_IP" storage="d:\sferrari\01 - trabajo\repos\netcore\libs\template-netcore-shared\kitpymes.core.shared.tests\bin\release\netcoreapp3.0\kitpymes.core.shared.tests.dll" id="10024a68-25d4-872c-3e48-a6d6b2671494">
      <Execution id="9f03f478-01c8-4c1c-9286-9298631a978d" />
      <TestMethod codeBase="D:\SFERRARI\01 - TRABAJO\repos\netcore\libs\template-netcore-shared\Kitpymes.Core.Shared.Tests\bin\Release\netcoreapp3.0\Kitpymes.Core.Shared.Tests.dll" adapterTypeName="executor://mstestadapter/v2" className="Kitpymes.Core.Shared.Tests.HttpContextExtensionsTests" name="ToTryIPv6_Passing_HttpContext_IP_Value_Returns_IP" />
    </UnitTest>
    <UnitTest name="ToConfiguration_Passing_Key_Values_Returns_Ok" storage="d:\sferrari\01 - trabajo\repos\netcore\libs\template-netcore-shared\kitpymes.core.shared.tests\bin\release\netcoreapp3.0\kitpymes.core.shared.tests.dll" id="66f7bc12-fe2b-fd81-3cbf-5bc4840aa6f8">
      <Execution id="544736a6-8a49-47c2-b91d-879d219eb943" />
      <TestMethod codeBase="D:\SFERRARI\01 - TRABAJO\repos\netcore\libs\template-netcore-shared\Kitpymes.Core.Shared.Tests\bin\Release\netcoreapp3.0\Kitpymes.Core.Shared.Tests.dll" adapterTypeName="executor://mstestadapter/v2" className="Kitpymes.Core.Shared.Tests.ConfigurationBuilderExtensionsTests" name="ToConfiguration_Passing_Key_Values_Returns_Ok" />
    </UnitTest>
    <UnitTest name="ToEnum_Passing_InvalidValueInt_Returns_EnumCustomValue" storage="d:\sferrari\01 - trabajo\repos\netcore\libs\template-netcore-shared\kitpymes.core.shared.tests\bin\release\netcoreapp3.0\kitpymes.core.shared.tests.dll" id="1064d8aa-5d0e-6bf5-83ee-952a4d1fd93b">
      <Execution id="ea599d92-d757-4494-b08f-fe2f2f00b71e" />
      <TestMethod codeBase="D:\SFERRARI\01 - TRABAJO\repos\netcore\libs\template-netcore-shared\Kitpymes.Core.Shared.Tests\bin\Release\netcoreapp3.0\Kitpymes.Core.Shared.Tests.dll" adapterTypeName="executor://mstestadapter/v2" className="Kitpymes.Core.Shared.Tests.StringExtensionsTests" name="ToEnum_Passing_InvalidValueInt_Returns_EnumCustomValue" />
    </UnitTest>
    <UnitTest name="ResultOkData_WithData_WithMessage_WithDetails" storage="d:\sferrari\01 - trabajo\repos\netcore\libs\template-netcore-shared\kitpymes.core.shared.tests\bin\release\netcoreapp3.0\kitpymes.core.shared.tests.dll" id="859b5acf-9d8b-7620-f96f-ba83c1545a71">
      <Execution id="c9509c0a-d29d-42ca-9ce7-d3930c50372b" />
      <TestMethod codeBase="D:\SFERRARI\01 - TRABAJO\repos\netcore\libs\template-netcore-shared\Kitpymes.Core.Shared.Tests\bin\Release\netcoreapp3.0\Kitpymes.Core.Shared.Tests.dll" adapterTypeName="executor://mstestadapter/v2" className="Kitpymes.Core.Shared.Tests.ResultTest" name="ResultOkData_WithData_WithMessage_WithDetails" />
    </UnitTest>
    <UnitTest name="ToMessage_Passing_ExceptionWithMessageWithInnerException_Returns_MessageAndInnerException" storage="d:\sferrari\01 - trabajo\repos\netcore\libs\template-netcore-shared\kitpymes.core.shared.tests\bin\release\netcoreapp3.0\kitpymes.core.shared.tests.dll" id="0d35441f-72fe-a777-509f-6a19632f972a">
      <Execution id="0d700fe3-f01f-497f-88e0-a5e0e1425738" />
      <TestMethod codeBase="D:\SFERRARI\01 - TRABAJO\repos\netcore\libs\template-netcore-shared\Kitpymes.Core.Shared.Tests\bin\Release\netcoreapp3.0\Kitpymes.Core.Shared.Tests.dll" adapterTypeName="executor://mstestadapter/v2" className="Kitpymes.Core.Shared.Tests.ExceptionExtensionsTests" name="ToMessage_Passing_ExceptionWithMessageWithInnerException_Returns_MessageAndInnerException" />
    </UnitTest>
    <UnitTest name="ToExists_Passing_Valid_Service_Returns_True" storage="d:\sferrari\01 - trabajo\repos\netcore\libs\template-netcore-shared\kitpymes.core.shared.tests\bin\release\netcoreapp3.0\kitpymes.core.shared.tests.dll" id="e2880a6e-7a01-b4ba-86fb-4d33be072972">
      <Execution id="9575ec7b-2515-45f6-94ec-9bca25dde2c9" />
      <TestMethod codeBase="D:\SFERRARI\01 - TRABAJO\repos\netcore\libs\template-netcore-shared\Kitpymes.Core.Shared.Tests\bin\Release\netcoreapp3.0\Kitpymes.Core.Shared.Tests.dll" adapterTypeName="executor://mstestadapter/v2" className="Kitpymes.Core.Shared.Tests.ConfigurationBuilderExtensionsTests" name="ToExists_Passing_Valid_Service_Returns_True" />
    </UnitTest>
    <UnitTest name="ToPaged_Passing_Name_Ascending_Order_Returns_Filter_List" storage="d:\sferrari\01 - trabajo\repos\netcore\libs\template-netcore-shared\kitpymes.core.shared.tests\bin\release\netcoreapp3.0\kitpymes.core.shared.tests.dll" id="6fc389b2-a5f3-ded0-63b6-7e1b4cca8442">
      <Execution id="f5219794-84c0-4326-8022-d88e3806f68b" />
      <TestMethod codeBase="D:\SFERRARI\01 - TRABAJO\repos\netcore\libs\template-netcore-shared\Kitpymes.Core.Shared.Tests\bin\Release\netcoreapp3.0\Kitpymes.Core.Shared.Tests.dll" adapterTypeName="executor://mstestadapter/v2" className="Kitpymes.Core.Shared.Tests.QueryableExtensionsTests" name="ToPaged_Passing_Name_Ascending_Order_Returns_Filter_List" />
    </UnitTest>
    <UnitTest name="ToEnum_Passing_ValidValueInt_Returns_EnumValue" storage="d:\sferrari\01 - trabajo\repos\netcore\libs\template-netcore-shared\kitpymes.core.shared.tests\bin\release\netcoreapp3.0\kitpymes.core.shared.tests.dll" id="96f263a8-e1d9-0070-21ba-583144d2d030">
      <Execution id="dfc1ae8f-532f-4ef3-a4ed-e45aac1c6d08" />
      <TestMethod codeBase="D:\SFERRARI\01 - TRABAJO\repos\netcore\libs\template-netcore-shared\Kitpymes.Core.Shared.Tests\bin\Release\netcoreapp3.0\Kitpymes.Core.Shared.Tests.dll" adapterTypeName="executor://mstestadapter/v2" className="Kitpymes.Core.Shared.Tests.StringExtensionsTests" name="ToEnum_Passing_ValidValueInt_Returns_EnumValue" />
    </UnitTest>
    <UnitTest name="ToDirectoryFileInfo_Passing_ValidValue_Returns_FileInfo" storage="d:\sferrari\01 - trabajo\repos\netcore\libs\template-netcore-shared\kitpymes.core.shared.tests\bin\release\netcoreapp3.0\kitpymes.core.shared.tests.dll" id="7daaba64-d3ad-9109-43bf-bdb516b673b8">
      <Execution id="11c5b2fe-69b2-4a24-8ed5-6b0d3d4f5dda" />
      <TestMethod codeBase="D:\SFERRARI\01 - TRABAJO\repos\netcore\libs\template-netcore-shared\Kitpymes.Core.Shared.Tests\bin\Release\netcoreapp3.0\Kitpymes.Core.Shared.Tests.dll" adapterTypeName="executor://mstestadapter/v2" className="Kitpymes.Core.Shared.Tests.StringExtensionsTests" name="ToDirectoryFileInfo_Passing_ValidValue_Returns_FileInfo" />
    </UnitTest>
    <UnitTest name="ToDefaultValue_Passing_float_Returns_Cero" storage="d:\sferrari\01 - trabajo\repos\netcore\libs\template-netcore-shared\kitpymes.core.shared.tests\bin\release\netcoreapp3.0\kitpymes.core.shared.tests.dll" id="e0f7dcd9-f363-be9c-de11-457f6a575bee">
      <Execution id="64b7eb66-ffe3-40e1-8744-b39e5d1301b2" />
      <TestMethod codeBase="D:\SFERRARI\01 - TRABAJO\repos\netcore\libs\template-netcore-shared\Kitpymes.Core.Shared.Tests\bin\Release\netcoreapp3.0\Kitpymes.Core.Shared.Tests.dll" adapterTypeName="executor://mstestadapter/v2" className="Kitpymes.Core.Shared.Tests.GenericExtensionsTests" name="ToDefaultValue_Passing_float_Returns_Cero" />
    </UnitTest>
    <UnitTest name="ToDefaultValue_Passing_decimal_Returns_Cero" storage="d:\sferrari\01 - trabajo\repos\netcore\libs\template-netcore-shared\kitpymes.core.shared.tests\bin\release\netcoreapp3.0\kitpymes.core.shared.tests.dll" id="334e3485-05b4-4549-cacd-aef8fff10757">
      <Execution id="30883613-788b-422c-94b6-626976e68a45" />
      <TestMethod codeBase="D:\SFERRARI\01 - TRABAJO\repos\netcore\libs\template-netcore-shared\Kitpymes.Core.Shared.Tests\bin\Release\netcoreapp3.0\Kitpymes.Core.Shared.Tests.dll" adapterTypeName="executor://mstestadapter/v2" className="Kitpymes.Core.Shared.Tests.GenericExtensionsTests" name="ToDefaultValue_Passing_decimal_Returns_Cero" />
    </UnitTest>
    <UnitTest name="ToString_Passing_Valid_Collection_Returns_String_With_Default_Separator" storage="d:\sferrari\01 - trabajo\repos\netcore\libs\template-netcore-shared\kitpymes.core.shared.tests\bin\release\netcoreapp3.0\kitpymes.core.shared.tests.dll" id="07d50dfb-3195-c832-23d2-97ae667f2010">
      <Execution id="d7e4b568-1b40-4365-8866-78e9e70de74c" />
      <TestMethod codeBase="D:\SFERRARI\01 - TRABAJO\repos\netcore\libs\template-netcore-shared\Kitpymes.Core.Shared.Tests\bin\Release\netcoreapp3.0\Kitpymes.Core.Shared.Tests.dll" adapterTypeName="executor://mstestadapter/v2" className="Kitpymes.Core.Shared.Tests.EnumerableExtensionsTests" name="ToString_Passing_Valid_Collection_Returns_String_With_Default_Separator" />
    </UnitTest>
    <UnitTest name="ToServiceMatchingInterface_Passing_Valid_Assembly_Returns_Service" storage="d:\sferrari\01 - trabajo\repos\netcore\libs\template-netcore-shared\kitpymes.core.shared.tests\bin\release\netcoreapp3.0\kitpymes.core.shared.tests.dll" id="845c887e-a785-555d-db89-1c2975a33bbb">
      <Execution id="e4576a25-3c20-476a-bf21-5a1fcb3ae22f" />
      <TestMethod codeBase="D:\SFERRARI\01 - TRABAJO\repos\netcore\libs\template-netcore-shared\Kitpymes.Core.Shared.Tests\bin\Release\netcoreapp3.0\Kitpymes.Core.Shared.Tests.dll" adapterTypeName="executor://mstestadapter/v2" className="Kitpymes.Core.Shared.Tests.ConfigurationBuilderExtensionsTests" name="ToServiceMatchingInterface_Passing_Valid_Assembly_Returns_Service" />
    </UnitTest>
    <UnitTest name="ToSetTime_Passing_Time_Int_Returns_DateTime" storage="d:\sferrari\01 - trabajo\repos\netcore\libs\template-netcore-shared\kitpymes.core.shared.tests\bin\release\netcoreapp3.0\kitpymes.core.shared.tests.dll" id="1761ee10-7c34-b565-b889-1885bffe91c3">
      <Execution id="130bbeae-efb0-46a8-b6ae-c7b2f97a1bfa" />
      <TestMethod codeBase="D:\SFERRARI\01 - TRABAJO\repos\netcore\libs\template-netcore-shared\Kitpymes.Core.Shared.Tests\bin\Release\netcoreapp3.0\Kitpymes.Core.Shared.Tests.dll" adapterTypeName="executor://mstestadapter/v2" className="Kitpymes.Core.Shared.Tests.DateTimeExtensionsTests" name="ToSetTime_Passing_Time_Int_Returns_DateTime" />
    </UnitTest>
    <UnitTest name="ToFormat_Passing_ValidTimeSpanValue_Returns_ValueWithFormatString" storage="d:\sferrari\01 - trabajo\repos\netcore\libs\template-netcore-shared\kitpymes.core.shared.tests\bin\release\netcoreapp3.0\kitpymes.core.shared.tests.dll" id="ede15cdf-3d1b-3e1a-18dc-485a2d50fe42">
      <Execution id="d232e108-721e-4c68-8f62-2213fde24f4a" />
      <TestMethod codeBase="D:\SFERRARI\01 - TRABAJO\repos\netcore\libs\template-netcore-shared\Kitpymes.Core.Shared.Tests\bin\Release\netcoreapp3.0\Kitpymes.Core.Shared.Tests.dll" adapterTypeName="executor://mstestadapter/v2" className="Kitpymes.Core.Shared.Tests.TimeSpanExtensionsTests" name="ToFormat_Passing_ValidTimeSpanValue_Returns_ValueWithFormatString" />
    </UnitTest>
    <UnitTest name="IsCustom_Passing_InvalidArguments_Returns_HasErrorsAndCount" storage="d:\sferrari\01 - trabajo\repos\netcore\libs\template-netcore-shared\kitpymes.core.shared.tests\bin\release\netcoreapp3.0\kitpymes.core.shared.tests.dll" id="772d3145-280a-fb9f-03c2-247d0f593a66">
      <Execution id="60ab5ac7-0358-45df-95cf-7380c643213c" />
      <TestMethod codeBase="D:\SFERRARI\01 - TRABAJO\repos\netcore\libs\template-netcore-shared\Kitpymes.Core.Shared.Tests\bin\Release\netcoreapp3.0\Kitpymes.Core.Shared.Tests.dll" adapterTypeName="executor://mstestadapter/v2" className="Kitpymes.Core.Shared.Tests.CheckTests" name="IsCustom_Passing_InvalidArguments_Returns_HasErrorsAndCount" />
    </UnitTest>
    <UnitTest name="ToPath_Passing_HttpRequest_Scheme_Host_Path_Returns_Url" storage="d:\sferrari\01 - trabajo\repos\netcore\libs\template-netcore-shared\kitpymes.core.shared.tests\bin\release\netcoreapp3.0\kitpymes.core.shared.tests.dll" id="5385d994-9594-6052-11cb-73f8d2344981">
      <Execution id="cdc280b7-efaa-428c-9b13-987bc62ee49f" />
      <TestMethod codeBase="D:\SFERRARI\01 - TRABAJO\repos\netcore\libs\template-netcore-shared\Kitpymes.Core.Shared.Tests\bin\Release\netcoreapp3.0\Kitpymes.Core.Shared.Tests.dll" adapterTypeName="executor://mstestadapter/v2" className="Kitpymes.Core.Shared.Tests.HttpRequestExtensionsTests" name="ToPath_Passing_HttpRequest_Scheme_Host_Path_Returns_Url" />
    </UnitTest>
    <UnitTest name="ToDefaultValue_Passing_uint_Returns_Cero" storage="d:\sferrari\01 - trabajo\repos\netcore\libs\template-netcore-shared\kitpymes.core.shared.tests\bin\release\netcoreapp3.0\kitpymes.core.shared.tests.dll" id="f828057e-351a-48b7-0028-e57f15c7217e">
      <Execution id="dbdd8ee2-0fa2-4815-809d-72e75cd15656" />
      <TestMethod codeBase="D:\SFERRARI\01 - TRABAJO\repos\netcore\libs\template-netcore-shared\Kitpymes.Core.Shared.Tests\bin\Release\netcoreapp3.0\Kitpymes.Core.Shared.Tests.dll" adapterTypeName="executor://mstestadapter/v2" className="Kitpymes.Core.Shared.Tests.GenericExtensionsTests" name="ToDefaultValue_Passing_uint_Returns_Cero" />
    </UnitTest>
    <UnitTest name="ToDefaultValue_Passing_byte_Returns_Cero" storage="d:\sferrari\01 - trabajo\repos\netcore\libs\template-netcore-shared\kitpymes.core.shared.tests\bin\release\netcoreapp3.0\kitpymes.core.shared.tests.dll" id="6c59b811-73c0-2540-9661-8c8f2a459ff2">
      <Execution id="9fc508ae-bd0a-4e78-8238-db5a0b436c14" />
      <TestMethod codeBase="D:\SFERRARI\01 - TRABAJO\repos\netcore\libs\template-netcore-shared\Kitpymes.Core.Shared.Tests\bin\Release\netcoreapp3.0\Kitpymes.Core.Shared.Tests.dll" adapterTypeName="executor://mstestadapter/v2" className="Kitpymes.Core.Shared.Tests.GenericExtensionsTests" name="ToDefaultValue_Passing_byte_Returns_Cero" />
    </UnitTest>
    <UnitTest name="ToSettings_Passing_Values_From_AppSettingsFile_Returns_Settings" storage="d:\sferrari\01 - trabajo\repos\netcore\libs\template-netcore-shared\kitpymes.core.shared.tests\bin\release\netcoreapp3.0\kitpymes.core.shared.tests.dll" id="1577c538-d1be-5b59-2b09-8e59b0be5fcd">
      <Execution id="3ebdcaa0-1e4e-448c-9c14-07ac6f447c3a" />
      <TestMethod codeBase="D:\SFERRARI\01 - TRABAJO\repos\netcore\libs\template-netcore-shared\Kitpymes.Core.Shared.Tests\bin\Release\netcoreapp3.0\Kitpymes.Core.Shared.Tests.dll" adapterTypeName="executor://mstestadapter/v2" className="Kitpymes.Core.Shared.Tests.ConfigurationBuilderExtensionsTests" name="ToSettings_Passing_Values_From_AppSettingsFile_Returns_Settings" />
    </UnitTest>
    <UnitTest name="ToUserName_Passing_Invalid_ClaimsPrincipal_Returns_Null" storage="d:\sferrari\01 - trabajo\repos\netcore\libs\template-netcore-shared\kitpymes.core.shared.tests\bin\release\netcoreapp3.0\kitpymes.core.shared.tests.dll" id="26cc48e2-5e82-bc12-cf41-e3a984599b8d">
      <Execution id="3e6796d2-c0ea-4be4-b3e4-c6f4bc03a88a" />
      <TestMethod codeBase="D:\SFERRARI\01 - TRABAJO\repos\netcore\libs\template-netcore-shared\Kitpymes.Core.Shared.Tests\bin\Release\netcoreapp3.0\Kitpymes.Core.Shared.Tests.dll" adapterTypeName="executor://mstestadapter/v2" className="Kitpymes.Core.Shared.Tests.ClaimsPrincipalExtensionsTests" name="ToUserName_Passing_Invalid_ClaimsPrincipal_Returns_Null" />
    </UnitTest>
    <UnitTest name="ToExists_Passing_Valid_Service_Returns_True" storage="d:\sferrari\01 - trabajo\repos\netcore\libs\template-netcore-shared\kitpymes.core.shared.tests\bin\release\netcoreapp3.0\kitpymes.core.shared.tests.dll" id="64bc1554-814c-3c40-a6b0-679b40b89c36">
      <Execution id="b47c5073-f07f-4390-8881-9c6f8ed3b241" />
      <TestMethod codeBase="D:\SFERRARI\01 - TRABAJO\repos\netcore\libs\template-netcore-shared\Kitpymes.Core.Shared.Tests\bin\Release\netcoreapp3.0\Kitpymes.Core.Shared.Tests.dll" adapterTypeName="executor://mstestadapter/v2" className="Kitpymes.Core.Shared.Tests.ApplicationBuilderExtensionsTests" name="ToExists_Passing_Valid_Service_Returns_True" />
    </UnitTest>
    <UnitTest name="ToEmptyIfNull_Passing_Null_Collection_Returns_Empty_Collection" storage="d:\sferrari\01 - trabajo\repos\netcore\libs\template-netcore-shared\kitpymes.core.shared.tests\bin\release\netcoreapp3.0\kitpymes.core.shared.tests.dll" id="3e6d6aa9-9b6d-dd96-b54c-49f88780a2b4">
      <Execution id="6907a2f0-f703-4e0b-a26a-2a7430a8b035" />
      <TestMethod codeBase="D:\SFERRARI\01 - TRABAJO\repos\netcore\libs\template-netcore-shared\Kitpymes.Core.Shared.Tests\bin\Release\netcoreapp3.0\Kitpymes.Core.Shared.Tests.dll" adapterTypeName="executor://mstestadapter/v2" className="Kitpymes.Core.Shared.Tests.EnumerableExtensionsTests" name="ToEmptyIfNull_Passing_Null_Collection_Returns_Empty_Collection" />
    </UnitTest>
    <UnitTest name="ToDeserialize_Passing_String_Returns_Object" storage="d:\sferrari\01 - trabajo\repos\netcore\libs\template-netcore-shared\kitpymes.core.shared.tests\bin\release\netcoreapp3.0\kitpymes.core.shared.tests.dll" id="678a7b5d-e2f9-09be-f35f-0e3e4d5ad033">
      <Execution id="96e50b4b-f0a2-41cf-b54c-fbc802fa5979" />
      <TestMethod codeBase="D:\SFERRARI\01 - TRABAJO\repos\netcore\libs\template-netcore-shared\Kitpymes.Core.Shared.Tests\bin\Release\netcoreapp3.0\Kitpymes.Core.Shared.Tests.dll" adapterTypeName="executor://mstestadapter/v2" className="Kitpymes.Core.Shared.Tests.JsonExtensionsTests" name="ToDeserialize_Passing_String_Returns_Object" />
    </UnitTest>
    <UnitTest name="ToIsLastDayOfTheMonth_Passing_LastDayOfMonth_Returns_True" storage="d:\sferrari\01 - trabajo\repos\netcore\libs\template-netcore-shared\kitpymes.core.shared.tests\bin\release\netcoreapp3.0\kitpymes.core.shared.tests.dll" id="98d4dd82-eb94-c060-7aeb-9b0a39f334fb">
      <Execution id="fa1c0935-77fd-47d9-81f1-59d93c706478" />
      <TestMethod codeBase="D:\SFERRARI\01 - TRABAJO\repos\netcore\libs\template-netcore-shared\Kitpymes.Core.Shared.Tests\bin\Release\netcoreapp3.0\Kitpymes.Core.Shared.Tests.dll" adapterTypeName="executor://mstestadapter/v2" className="Kitpymes.Core.Shared.Tests.DateTimeExtensionsTests" name="ToIsLastDayOfTheMonth_Passing_LastDayOfMonth_Returns_True" />
    </UnitTest>
    <UnitTest name="ToSubdomain_Passing_HttpRequest_Host_Returns_Subdomain" storage="d:\sferrari\01 - trabajo\repos\netcore\libs\template-netcore-shared\kitpymes.core.shared.tests\bin\release\netcoreapp3.0\kitpymes.core.shared.tests.dll" id="e9b23f0c-0cde-4603-1739-ee642fd33c36">
      <Execution id="769d7630-99d0-4bcc-ba2e-ac232c13bb59" />
      <TestMethod codeBase="D:\SFERRARI\01 - TRABAJO\repos\netcore\libs\template-netcore-shared\Kitpymes.Core.Shared.Tests\bin\Release\netcoreapp3.0\Kitpymes.Core.Shared.Tests.dll" adapterTypeName="executor://mstestadapter/v2" className="Kitpymes.Core.Shared.Tests.HttpRequestExtensionsTests" name="ToSubdomain_Passing_HttpRequest_Host_Returns_Subdomain" />
    </UnitTest>
    <UnitTest name="ResultInternalServerError" storage="d:\sferrari\01 - trabajo\repos\netcore\libs\template-netcore-shared\kitpymes.core.shared.tests\bin\release\netcoreapp3.0\kitpymes.core.shared.tests.dll" id="a0fef65e-bc06-762d-4622-91d020572059">
      <Execution id="6ee27fcc-ce7c-43a4-ad28-1a95e6a090f0" />
      <TestMethod codeBase="D:\SFERRARI\01 - TRABAJO\repos\netcore\libs\template-netcore-shared\Kitpymes.Core.Shared.Tests\bin\Release\netcoreapp3.0\Kitpymes.Core.Shared.Tests.dll" adapterTypeName="executor://mstestadapter/v2" className="Kitpymes.Core.Shared.Tests.ResultTest" name="ResultInternalServerError" />
    </UnitTest>
    <UnitTest name="ToIsWeekend_Passing_Saturday_DateTime_Returns_True" storage="d:\sferrari\01 - trabajo\repos\netcore\libs\template-netcore-shared\kitpymes.core.shared.tests\bin\release\netcoreapp3.0\kitpymes.core.shared.tests.dll" id="18040ed3-941e-dd1e-cb8c-4d34d103f370">
      <Execution id="e2744912-4c5e-4728-918d-b03337edc746" />
      <TestMethod codeBase="D:\SFERRARI\01 - TRABAJO\repos\netcore\libs\template-netcore-shared\Kitpymes.Core.Shared.Tests\bin\Release\netcoreapp3.0\Kitpymes.Core.Shared.Tests.dll" adapterTypeName="executor://mstestadapter/v2" className="Kitpymes.Core.Shared.Tests.DateTimeExtensionsTests" name="ToIsWeekend_Passing_Saturday_DateTime_Returns_True" />
    </UnitTest>
    <UnitTest name="ToAssembly_Passing_ValidValueAssemblyString_Returns_Assembly" storage="d:\sferrari\01 - trabajo\repos\netcore\libs\template-netcore-shared\kitpymes.core.shared.tests\bin\release\netcoreapp3.0\kitpymes.core.shared.tests.dll" id="3721d3c1-7c03-ad84-143f-64bfeb5b314e">
      <Execution id="cb3ba2ff-9359-4646-b4e6-ed4a8ed8a7d6" />
      <TestMethod codeBase="D:\SFERRARI\01 - TRABAJO\repos\netcore\libs\template-netcore-shared\Kitpymes.Core.Shared.Tests\bin\Release\netcoreapp3.0\Kitpymes.Core.Shared.Tests.dll" adapterTypeName="executor://mstestadapter/v2" className="Kitpymes.Core.Shared.Tests.StringExtensionsTests" name="ToAssembly_Passing_ValidValueAssemblyString_Returns_Assembly" />
    </UnitTest>
    <UnitTest name="ToIsDirectoryThrow_Passing_InvalidValue_Returns_ApplicationExceptionWithMessage" storage="d:\sferrari\01 - trabajo\repos\netcore\libs\template-netcore-shared\kitpymes.core.shared.tests\bin\release\netcoreapp3.0\kitpymes.core.shared.tests.dll" id="9e36eef1-cde7-a509-c95d-2249b6b02dbb">
      <Execution id="6b75ae4b-c0de-4b9c-9015-7404b8eb47b3" />
      <TestMethod codeBase="D:\SFERRARI\01 - TRABAJO\repos\netcore\libs\template-netcore-shared\Kitpymes.Core.Shared.Tests\bin\Release\netcoreapp3.0\Kitpymes.Core.Shared.Tests.dll" adapterTypeName="executor://mstestadapter/v2" className="Kitpymes.Core.Shared.Tests.CheckExtensionsTests" name="ToIsDirectoryThrow_Passing_InvalidValue_Returns_ApplicationExceptionWithMessage" />
    </UnitTest>
    <UnitTest name="IsDomain_Passing_ValidArguments_Returns_HasErrorsAndCount" storage="d:\sferrari\01 - trabajo\repos\netcore\libs\template-netcore-shared\kitpymes.core.shared.tests\bin\release\netcoreapp3.0\kitpymes.core.shared.tests.dll" id="447ced0a-6221-43ff-44ab-4ee12ee4d012">
      <Execution id="588ea122-1301-403b-9820-2e2043efca6c" />
      <TestMethod codeBase="D:\SFERRARI\01 - TRABAJO\repos\netcore\libs\template-netcore-shared\Kitpymes.Core.Shared.Tests\bin\Release\netcoreapp3.0\Kitpymes.Core.Shared.Tests.dll" adapterTypeName="executor://mstestadapter/v2" className="Kitpymes.Core.Shared.Tests.CheckTests" name="IsDomain_Passing_ValidArguments_Returns_HasErrorsAndCount" />
    </UnitTest>
    <UnitTest name="ToMapList_Passing_Source_Type_And_Destination_Type_Returns_Destination_Object_List" storage="d:\sferrari\01 - trabajo\repos\netcore\libs\template-netcore-shared\kitpymes.core.shared.tests\bin\release\netcoreapp3.0\kitpymes.core.shared.tests.dll" id="f8b74494-d277-7173-e694-2a4d463a4607">
      <Execution id="4dbf6ad9-d7b6-4aa9-b7bb-49fce742fabd" />
      <TestMethod codeBase="D:\SFERRARI\01 - TRABAJO\repos\netcore\libs\template-netcore-shared\Kitpymes.Core.Shared.Tests\bin\Release\netcoreapp3.0\Kitpymes.Core.Shared.Tests.dll" adapterTypeName="executor://mstestadapter/v2" className="Kitpymes.Core.Shared.Tests.AgileMapperExtensionsTests" name="ToMapList_Passing_Source_Type_And_Destination_Type_Returns_Destination_Object_List" />
    </UnitTest>
    <UnitTest name="IsLowercase_Passing_InvalidArguments_Returns_HasErrorsAndCount" storage="d:\sferrari\01 - trabajo\repos\netcore\libs\template-netcore-shared\kitpymes.core.shared.tests\bin\release\netcoreapp3.0\kitpymes.core.shared.tests.dll" id="c19b83a3-45fc-e848-cbcc-7f68b66eb4e3">
      <Execution id="bc94a3ea-2a4d-4d7f-81f4-c184dd02c23c" />
      <TestMethod codeBase="D:\SFERRARI\01 - TRABAJO\repos\netcore\libs\template-netcore-shared\Kitpymes.Core.Shared.Tests\bin\Release\netcoreapp3.0\Kitpymes.Core.Shared.Tests.dll" adapterTypeName="executor://mstestadapter/v2" className="Kitpymes.Core.Shared.Tests.CheckTests" name="IsLowercase_Passing_InvalidArguments_Returns_HasErrorsAndCount" />
    </UnitTest>
    <UnitTest name="ToService_Passing_Valid_Service_Returns_Service" storage="d:\sferrari\01 - trabajo\repos\netcore\libs\template-netcore-shared\kitpymes.core.shared.tests\bin\release\netcoreapp3.0\kitpymes.core.shared.tests.dll" id="0b1e4893-9444-2235-b7fa-3782f9932212">
      <Execution id="46d25665-2771-43f8-8ff9-8c352db26ce7" />
      <TestMethod codeBase="D:\SFERRARI\01 - TRABAJO\repos\netcore\libs\template-netcore-shared\Kitpymes.Core.Shared.Tests\bin\Release\netcoreapp3.0\Kitpymes.Core.Shared.Tests.dll" adapterTypeName="executor://mstestadapter/v2" className="Kitpymes.Core.Shared.Tests.ConfigurationBuilderExtensionsTests" name="ToService_Passing_Valid_Service_Returns_Service" />
    </UnitTest>
    <UnitTest name="ToAge_Passing_Birthday_DateTime_Returns_Age" storage="d:\sferrari\01 - trabajo\repos\netcore\libs\template-netcore-shared\kitpymes.core.shared.tests\bin\release\netcoreapp3.0\kitpymes.core.shared.tests.dll" id="4ead3f79-a54e-1b96-838c-d0c2f491cb0d">
      <Execution id="406623c6-dcbf-4555-be0c-fe6f87812b11" />
      <TestMethod codeBase="D:\SFERRARI\01 - TRABAJO\repos\netcore\libs\template-netcore-shared\Kitpymes.Core.Shared.Tests\bin\Release\netcoreapp3.0\Kitpymes.Core.Shared.Tests.dll" adapterTypeName="executor://mstestadapter/v2" className="Kitpymes.Core.Shared.Tests.DateTimeExtensionsTests" name="ToAge_Passing_Birthday_DateTime_Returns_Age" />
    </UnitTest>
    <UnitTest name="ToEndOfTheMonth_Passing_DateTime_Returns_End_Of_Month_DateTime" storage="d:\sferrari\01 - trabajo\repos\netcore\libs\template-netcore-shared\kitpymes.core.shared.tests\bin\release\netcoreapp3.0\kitpymes.core.shared.tests.dll" id="a4956cd8-34a7-6fca-5b71-6eb98cedd9b0">
      <Execution id="3e3b4c7b-5b0d-43c7-bb96-219188633523" />
      <TestMethod codeBase="D:\SFERRARI\01 - TRABAJO\repos\netcore\libs\template-netcore-shared\Kitpymes.Core.Shared.Tests\bin\Release\netcoreapp3.0\Kitpymes.Core.Shared.Tests.dll" adapterTypeName="executor://mstestadapter/v2" className="Kitpymes.Core.Shared.Tests.DateTimeExtensionsTests" name="ToEndOfTheMonth_Passing_DateTime_Returns_End_Of_Month_DateTime" />
    </UnitTest>
    <UnitTest name="ToDetails_Passing_HttpContext_WithOptionalData_Returns_Details_HttpContext" storage="d:\sferrari\01 - trabajo\repos\netcore\libs\template-netcore-shared\kitpymes.core.shared.tests\bin\release\netcoreapp3.0\kitpymes.core.shared.tests.dll" id="b048c16a-68b4-cdf3-3166-fb9613323b68">
      <Execution id="dfbae8d3-3b2c-4439-886e-0c66a3d9d1b9" />
      <TestMethod codeBase="D:\SFERRARI\01 - TRABAJO\repos\netcore\libs\template-netcore-shared\Kitpymes.Core.Shared.Tests\bin\Release\netcoreapp3.0\Kitpymes.Core.Shared.Tests.dll" adapterTypeName="executor://mstestadapter/v2" className="Kitpymes.Core.Shared.Tests.HttpContextExtensionsTests" name="ToDetails_Passing_HttpContext_WithOptionalData_Returns_Details_HttpContext" />
    </UnitTest>
    <UnitTest name="ToEnvironment_ServiceCollection_Passing_Production_Enviroment_Returns_Production_Name" storage="d:\sferrari\01 - trabajo\repos\netcore\libs\template-netcore-shared\kitpymes.core.shared.tests\bin\release\netcoreapp3.0\kitpymes.core.shared.tests.dll" id="15fe55e5-cdce-6280-ea15-ef777735767c">
      <Execution id="af1dada8-f136-4afa-b5c4-3bcb98505efb" />
      <TestMethod codeBase="D:\SFERRARI\01 - TRABAJO\repos\netcore\libs\template-netcore-shared\Kitpymes.Core.Shared.Tests\bin\Release\netcoreapp3.0\Kitpymes.Core.Shared.Tests.dll" adapterTypeName="executor://mstestadapter/v2" className="Kitpymes.Core.Shared.Tests.ConfigurationBuilderExtensionsTests" name="ToEnvironment_ServiceCollection_Passing_Production_Enviroment_Returns_Production_Name" />
    </UnitTest>
    <UnitTest name="ToPaged_Passing_Name_Descending_Order_Returns_Filter_List" storage="d:\sferrari\01 - trabajo\repos\netcore\libs\template-netcore-shared\kitpymes.core.shared.tests\bin\release\netcoreapp3.0\kitpymes.core.shared.tests.dll" id="0b00f09d-f7e4-fb1e-68ad-8102cf6143e0">
      <Execution id="dbf85e12-8dde-45c1-9f64-31efec992a89" />
      <TestMethod codeBase="D:\SFERRARI\01 - TRABAJO\repos\netcore\libs\template-netcore-shared\Kitpymes.Core.Shared.Tests\bin\Release\netcoreapp3.0\Kitpymes.Core.Shared.Tests.dll" adapterTypeName="executor://mstestadapter/v2" className="Kitpymes.Core.Shared.Tests.QueryableExtensionsTests" name="ToPaged_Passing_Name_Descending_Order_Returns_Filter_List" />
    </UnitTest>
    <UnitTest name="IsName_Passing_ValidArguments_Returns_HasErrorsAndCount" storage="d:\sferrari\01 - trabajo\repos\netcore\libs\template-netcore-shared\kitpymes.core.shared.tests\bin\release\netcoreapp3.0\kitpymes.core.shared.tests.dll" id="0e702ef4-7e85-bcb3-3879-32ee56a27932">
      <Execution id="efe25707-d769-400a-8df4-76a8a3bc5579" />
      <TestMethod codeBase="D:\SFERRARI\01 - TRABAJO\repos\netcore\libs\template-netcore-shared\Kitpymes.Core.Shared.Tests\bin\Release\netcoreapp3.0\Kitpymes.Core.Shared.Tests.dll" adapterTypeName="executor://mstestadapter/v2" className="Kitpymes.Core.Shared.Tests.CheckTests" name="IsName_Passing_ValidArguments_Returns_HasErrorsAndCount" />
    </UnitTest>
    <UnitTest name="IsName_Passing_InvalidArguments_Returns_HasErrorsAndCount" storage="d:\sferrari\01 - trabajo\repos\netcore\libs\template-netcore-shared\kitpymes.core.shared.tests\bin\release\netcoreapp3.0\kitpymes.core.shared.tests.dll" id="9eeef095-29ed-4872-a36c-ca4832350421">
      <Execution id="a380dbbc-e043-4659-b83e-c4a502c10e54" />
      <TestMethod codeBase="D:\SFERRARI\01 - TRABAJO\repos\netcore\libs\template-netcore-shared\Kitpymes.Core.Shared.Tests\bin\Release\netcoreapp3.0\Kitpymes.Core.Shared.Tests.dll" adapterTypeName="executor://mstestadapter/v2" className="Kitpymes.Core.Shared.Tests.CheckTests" name="IsName_Passing_InvalidArguments_Returns_HasErrorsAndCount" />
    </UnitTest>
    <UnitTest name="ToEnvironment_ServiceCollection_Passing_Development_Enviroment_Returns_Development_Name" storage="d:\sferrari\01 - trabajo\repos\netcore\libs\template-netcore-shared\kitpymes.core.shared.tests\bin\release\netcoreapp3.0\kitpymes.core.shared.tests.dll" id="0f697beb-b7a4-6aa6-9017-b57feeb9ba7f">
      <Execution id="03518ee7-a470-4115-baa9-cc65a1deebe6" />
      <TestMethod codeBase="D:\SFERRARI\01 - TRABAJO\repos\netcore\libs\template-netcore-shared\Kitpymes.Core.Shared.Tests\bin\Release\netcoreapp3.0\Kitpymes.Core.Shared.Tests.dll" adapterTypeName="executor://mstestadapter/v2" className="Kitpymes.Core.Shared.Tests.ConfigurationBuilderExtensionsTests" name="ToEnvironment_ServiceCollection_Passing_Development_Enviroment_Returns_Development_Name" />
    </UnitTest>
    <UnitTest name="ToIsWeekend_Passing_Sunday_DateTime_Returns_True" storage="d:\sferrari\01 - trabajo\repos\netcore\libs\template-netcore-shared\kitpymes.core.shared.tests\bin\release\netcoreapp3.0\kitpymes.core.shared.tests.dll" id="c8fd6d3c-b723-929b-f175-dbdc2a7be855">
      <Execution id="e3ef633b-68ce-41bc-a412-fcee4662bed7" />
      <TestMethod codeBase="D:\SFERRARI\01 - TRABAJO\repos\netcore\libs\template-netcore-shared\Kitpymes.Core.Shared.Tests\bin\Release\netcoreapp3.0\Kitpymes.Core.Shared.Tests.dll" adapterTypeName="executor://mstestadapter/v2" className="Kitpymes.Core.Shared.Tests.DateTimeExtensionsTests" name="ToIsWeekend_Passing_Sunday_DateTime_Returns_True" />
    </UnitTest>
    <UnitTest name="IsDigit_Passing_InvalidArguments_Returns_HasErrorsAndCount" storage="d:\sferrari\01 - trabajo\repos\netcore\libs\template-netcore-shared\kitpymes.core.shared.tests\bin\release\netcoreapp3.0\kitpymes.core.shared.tests.dll" id="f2d267b8-d5a7-6c91-de6d-813182908c7f">
      <Execution id="e05c36fc-a395-4db1-99ee-020d46b3ce3d" />
      <TestMethod codeBase="D:\SFERRARI\01 - TRABAJO\repos\netcore\libs\template-netcore-shared\Kitpymes.Core.Shared.Tests\bin\Release\netcoreapp3.0\Kitpymes.Core.Shared.Tests.dll" adapterTypeName="executor://mstestadapter/v2" className="Kitpymes.Core.Shared.Tests.CheckTests" name="IsDigit_Passing_InvalidArguments_Returns_HasErrorsAndCount" />
    </UnitTest>
    <UnitTest name="ToInt_Passing_ValidValueString_Returns_Int" storage="d:\sferrari\01 - trabajo\repos\netcore\libs\template-netcore-shared\kitpymes.core.shared.tests\bin\release\netcoreapp3.0\kitpymes.core.shared.tests.dll" id="ae09f98c-257a-b9e5-5b0b-16344b7adf1c">
      <Execution id="b9f2d40b-92ea-46a4-9a9c-f9b3031a3d4c" />
      <TestMethod codeBase="D:\SFERRARI\01 - TRABAJO\repos\netcore\libs\template-netcore-shared\Kitpymes.Core.Shared.Tests\bin\Release\netcoreapp3.0\Kitpymes.Core.Shared.Tests.dll" adapterTypeName="executor://mstestadapter/v2" className="Kitpymes.Core.Shared.Tests.StringExtensionsTests" name="ToInt_Passing_ValidValueString_Returns_Int" />
    </UnitTest>
    <UnitTest name="ToMapNew_Passing_TDestination_Returns_New_Destination_Object" storage="d:\sferrari\01 - trabajo\repos\netcore\libs\template-netcore-shared\kitpymes.core.shared.tests\bin\release\netcoreapp3.0\kitpymes.core.shared.tests.dll" id="0ee8121e-b492-a57d-d072-de988a4e30f8">
      <Execution id="32ff59de-1064-43a9-89b6-4094a829dc43" />
      <TestMethod codeBase="D:\SFERRARI\01 - TRABAJO\repos\netcore\libs\template-netcore-shared\Kitpymes.Core.Shared.Tests\bin\Release\netcoreapp3.0\Kitpymes.Core.Shared.Tests.dll" adapterTypeName="executor://mstestadapter/v2" className="Kitpymes.Core.Shared.Tests.AgileMapperExtensionsTests" name="ToMapNew_Passing_TDestination_Returns_New_Destination_Object" />
    </UnitTest>
    <UnitTest name="ToSettings_Passing_Values_From_Memory_Returns_Settings" storage="d:\sferrari\01 - trabajo\repos\netcore\libs\template-netcore-shared\kitpymes.core.shared.tests\bin\release\netcoreapp3.0\kitpymes.core.shared.tests.dll" id="86b92527-4d52-052b-63ae-d9a8aa694919">
      <Execution id="acaca2ba-e97c-44a9-95eb-50e41f82b9b2" />
      <TestMethod codeBase="D:\SFERRARI\01 - TRABAJO\repos\netcore\libs\template-netcore-shared\Kitpymes.Core.Shared.Tests\bin\Release\netcoreapp3.0\Kitpymes.Core.Shared.Tests.dll" adapterTypeName="executor://mstestadapter/v2" className="Kitpymes.Core.Shared.Tests.ConfigurationBuilderExtensionsTests" name="ToSettings_Passing_Values_From_Memory_Returns_Settings" />
    </UnitTest>
    <UnitTest name="ToWhere_Passing_Null_Predicate_Returns_Same_List" storage="d:\sferrari\01 - trabajo\repos\netcore\libs\template-netcore-shared\kitpymes.core.shared.tests\bin\release\netcoreapp3.0\kitpymes.core.shared.tests.dll" id="6bd61990-78b5-76ea-0df5-0c13c388bdc0">
      <Execution id="80e7043d-ab83-43c7-999a-be6d95b7ba9c" />
      <TestMethod codeBase="D:\SFERRARI\01 - TRABAJO\repos\netcore\libs\template-netcore-shared\Kitpymes.Core.Shared.Tests\bin\Release\netcoreapp3.0\Kitpymes.Core.Shared.Tests.dll" adapterTypeName="executor://mstestadapter/v2" className="Kitpymes.Core.Shared.Tests.QueryableExtensionsTests" name="ToWhere_Passing_Null_Predicate_Returns_Same_List" />
    </UnitTest>
    <UnitTest name="ToDefaultValue_Passing_double_Returns_Cero" storage="d:\sferrari\01 - trabajo\repos\netcore\libs\template-netcore-shared\kitpymes.core.shared.tests\bin\release\netcoreapp3.0\kitpymes.core.shared.tests.dll" id="f752d50b-77fa-327a-4493-168161bd27b2">
      <Execution id="afcc82a7-e1ed-4e00-b0ae-bfd5ee3dc783" />
      <TestMethod codeBase="D:\SFERRARI\01 - TRABAJO\repos\netcore\libs\template-netcore-shared\Kitpymes.Core.Shared.Tests\bin\Release\netcoreapp3.0\Kitpymes.Core.Shared.Tests.dll" adapterTypeName="executor://mstestadapter/v2" className="Kitpymes.Core.Shared.Tests.GenericExtensionsTests" name="ToDefaultValue_Passing_double_Returns_Cero" />
    </UnitTest>
    <UnitTest name="ToHashAlgorithmName_Passing_InvalidValueLowerCaseStringWithDefaultValue_Returns_DefaultValue" storage="d:\sferrari\01 - trabajo\repos\netcore\libs\template-netcore-shared\kitpymes.core.shared.tests\bin\release\netcoreapp3.0\kitpymes.core.shared.tests.dll" id="d5506b30-7041-6d90-bd03-bcd5b2479c40">
      <Execution id="26d6d023-e1da-4c2c-8baf-eaa9efe7d6cf" />
      <TestMethod codeBase="D:\SFERRARI\01 - TRABAJO\repos\netcore\libs\template-netcore-shared\Kitpymes.Core.Shared.Tests\bin\Release\netcoreapp3.0\Kitpymes.Core.Shared.Tests.dll" adapterTypeName="executor://mstestadapter/v2" className="Kitpymes.Core.Shared.Tests.StringExtensionsTests" name="ToHashAlgorithmName_Passing_InvalidValueLowerCaseStringWithDefaultValue_Returns_DefaultValue" />
    </UnitTest>
    <UnitTest name="ToWhere_Passing_Valid_Predicate_Returns_Filter_List" storage="d:\sferrari\01 - trabajo\repos\netcore\libs\template-netcore-shared\kitpymes.core.shared.tests\bin\release\netcoreapp3.0\kitpymes.core.shared.tests.dll" id="e9d3a3d6-32e0-613e-b55e-48afdf1ab686">
      <Execution id="fc9a20ad-994d-4a4f-b3df-8fe16318e2e7" />
      <TestMethod codeBase="D:\SFERRARI\01 - TRABAJO\repos\netcore\libs\template-netcore-shared\Kitpymes.Core.Shared.Tests\bin\Release\netcoreapp3.0\Kitpymes.Core.Shared.Tests.dll" adapterTypeName="executor://mstestadapter/v2" className="Kitpymes.Core.Shared.Tests.QueryableExtensionsTests" name="ToWhere_Passing_Valid_Predicate_Returns_Filter_List" />
    </UnitTest>
    <UnitTest name="ToFirstLetterUpper_Passing_ValidValue_Returns_StringWithFirstLetterUpper" storage="d:\sferrari\01 - trabajo\repos\netcore\libs\template-netcore-shared\kitpymes.core.shared.tests\bin\release\netcoreapp3.0\kitpymes.core.shared.tests.dll" id="5517211d-203c-115f-7dc1-6f48da8ab75b">
      <Execution id="e29a1533-6001-4fff-93e9-3868bb3f4500" />
      <TestMethod codeBase="D:\SFERRARI\01 - TRABAJO\repos\netcore\libs\template-netcore-shared\Kitpymes.Core.Shared.Tests\bin\Release\netcoreapp3.0\Kitpymes.Core.Shared.Tests.dll" adapterTypeName="executor://mstestadapter/v2" className="Kitpymes.Core.Shared.Tests.StringExtensionsTests" name="ToFirstLetterUpper_Passing_ValidValue_Returns_StringWithFirstLetterUpper" />
    </UnitTest>
    <UnitTest name="ToValues_Passing_ValidEnumType_Returns_ValuesListString" storage="d:\sferrari\01 - trabajo\repos\netcore\libs\template-netcore-shared\kitpymes.core.shared.tests\bin\release\netcoreapp3.0\kitpymes.core.shared.tests.dll" id="0cfd0c7c-1a61-7d19-c2fa-3c8a47ccf09c">
      <Execution id="a0e3f145-b1e0-48fa-b6f8-0617bde38e35" />
      <TestMethod codeBase="D:\SFERRARI\01 - TRABAJO\repos\netcore\libs\template-netcore-shared\Kitpymes.Core.Shared.Tests\bin\Release\netcoreapp3.0\Kitpymes.Core.Shared.Tests.dll" adapterTypeName="executor://mstestadapter/v2" className="Kitpymes.Core.Shared.Tests.EnumsTests" name="ToValues_Passing_ValidEnumType_Returns_ValuesListString" />
    </UnitTest>
    <UnitTest name="ToEmailMaskUserName_Passing_ValidEmail_Returns_EmailWithMask" storage="d:\sferrari\01 - trabajo\repos\netcore\libs\template-netcore-shared\kitpymes.core.shared.tests\bin\release\netcoreapp3.0\kitpymes.core.shared.tests.dll" id="1237bc5f-42ea-8c7f-8602-051620acda95">
      <Execution id="a29992dc-646b-4f83-a117-57718cef5db6" />
      <TestMethod codeBase="D:\SFERRARI\01 - TRABAJO\repos\netcore\libs\template-netcore-shared\Kitpymes.Core.Shared.Tests\bin\Release\netcoreapp3.0\Kitpymes.Core.Shared.Tests.dll" adapterTypeName="executor://mstestadapter/v2" className="Kitpymes.Core.Shared.Tests.StringExtensionsTests" name="ToEmailMaskUserName_Passing_ValidEmail_Returns_EmailWithMask" />
    </UnitTest>
    <UnitTest name="ToExists_Passing_Claims_Returns_True" storage="d:\sferrari\01 - trabajo\repos\netcore\libs\template-netcore-shared\kitpymes.core.shared.tests\bin\release\netcoreapp3.0\kitpymes.core.shared.tests.dll" id="57d3cdd8-8268-9aa3-6f39-3cc0224b305c">
      <Execution id="4fe6a362-eaea-491e-bf8a-0c19ae09a2fe" />
      <TestMethod codeBase="D:\SFERRARI\01 - TRABAJO\repos\netcore\libs\template-netcore-shared\Kitpymes.Core.Shared.Tests\bin\Release\netcoreapp3.0\Kitpymes.Core.Shared.Tests.dll" adapterTypeName="executor://mstestadapter/v2" className="Kitpymes.Core.Shared.Tests.ClaimsPrincipalExtensionsTests" name="ToExists_Passing_Claims_Returns_True" />
    </UnitTest>
    <UnitTest name="ToDefaultValue_Passing_int_Returns_Cero" storage="d:\sferrari\01 - trabajo\repos\netcore\libs\template-netcore-shared\kitpymes.core.shared.tests\bin\release\netcoreapp3.0\kitpymes.core.shared.tests.dll" id="4234610b-215b-41f7-e61d-4a82851bdfa3">
      <Execution id="b0a95c52-e9c0-4e8d-998c-704f6cb4f2f0" />
      <TestMethod codeBase="D:\SFERRARI\01 - TRABAJO\repos\netcore\libs\template-netcore-shared\Kitpymes.Core.Shared.Tests\bin\Release\netcoreapp3.0\Kitpymes.Core.Shared.Tests.dll" adapterTypeName="executor://mstestadapter/v2" className="Kitpymes.Core.Shared.Tests.GenericExtensionsTests" name="ToDefaultValue_Passing_int_Returns_Cero" />
    </UnitTest>
    <UnitTest name="ToIsNullOrAny_Passing_InvalidValue_Returns_True" storage="d:\sferrari\01 - trabajo\repos\netcore\libs\template-netcore-shared\kitpymes.core.shared.tests\bin\release\netcoreapp3.0\kitpymes.core.shared.tests.dll" id="55f105d6-fc07-21db-e70a-db30ccdb0844">
      <Execution id="4cfd3a06-d83c-4185-b4ae-cefd624aa28c" />
      <TestMethod codeBase="D:\SFERRARI\01 - TRABAJO\repos\netcore\libs\template-netcore-shared\Kitpymes.Core.Shared.Tests\bin\Release\netcoreapp3.0\Kitpymes.Core.Shared.Tests.dll" adapterTypeName="executor://mstestadapter/v2" className="Kitpymes.Core.Shared.Tests.CheckExtensionsTests" name="ToIsNullOrAny_Passing_InvalidValue_Returns_True" />
    </UnitTest>
    <UnitTest name="ToCount_Passing_ValidEnumType_Returns_Count" storage="d:\sferrari\01 - trabajo\repos\netcore\libs\template-netcore-shared\kitpymes.core.shared.tests\bin\release\netcoreapp3.0\kitpymes.core.shared.tests.dll" id="bc6955b8-aec0-957c-bad4-853e5cfa19a1">
      <Execution id="9e088bad-2ac8-49e3-9346-a429f1820ce7" />
      <TestMethod codeBase="D:\SFERRARI\01 - TRABAJO\repos\netcore\libs\template-netcore-shared\Kitpymes.Core.Shared.Tests\bin\Release\netcoreapp3.0\Kitpymes.Core.Shared.Tests.dll" adapterTypeName="executor://mstestadapter/v2" className="Kitpymes.Core.Shared.Tests.EnumsTests" name="ToCount_Passing_ValidEnumType_Returns_Count" />
    </UnitTest>
    <UnitTest name="ToDefaultValue_Passing_ValidBoolean_Returns_DefaultValue" storage="d:\sferrari\01 - trabajo\repos\netcore\libs\template-netcore-shared\kitpymes.core.shared.tests\bin\release\netcoreapp3.0\kitpymes.core.shared.tests.dll" id="a95f665c-aa8d-208d-902c-60a464250c99">
      <Execution id="dcc70b67-9166-4ab5-b247-a6f5c8b9ea52" />
      <TestMethod codeBase="D:\SFERRARI\01 - TRABAJO\repos\netcore\libs\template-netcore-shared\Kitpymes.Core.Shared.Tests\bin\Release\netcoreapp3.0\Kitpymes.Core.Shared.Tests.dll" adapterTypeName="executor://mstestadapter/v2" className="Kitpymes.Core.Shared.Tests.TypeExtensionsTests" name="ToDefaultValue_Passing_ValidBoolean_Returns_DefaultValue" />
    </UnitTest>
    <UnitTest name="ToMapUpdate_Passing_Destination_Object_Returns_Updated_Destination_Object" storage="d:\sferrari\01 - trabajo\repos\netcore\libs\template-netcore-shared\kitpymes.core.shared.tests\bin\release\netcoreapp3.0\kitpymes.core.shared.tests.dll" id="71a1897b-b713-c047-1c23-5efdff095b20">
      <Execution id="af81eee0-a1af-4da3-abee-d913f621ad45" />
      <TestMethod codeBase="D:\SFERRARI\01 - TRABAJO\repos\netcore\libs\template-netcore-shared\Kitpymes.Core.Shared.Tests\bin\Release\netcoreapp3.0\Kitpymes.Core.Shared.Tests.dll" adapterTypeName="executor://mstestadapter/v2" className="Kitpymes.Core.Shared.Tests.AgileMapperExtensionsTests" name="ToMapUpdate_Passing_Destination_Object_Returns_Updated_Destination_Object" />
    </UnitTest>
    <UnitTest name="ToThrow_Passing_InvalidValue_Returns_ApplicationExceptionWithMessage" storage="d:\sferrari\01 - trabajo\repos\netcore\libs\template-netcore-shared\kitpymes.core.shared.tests\bin\release\netcoreapp3.0\kitpymes.core.shared.tests.dll" id="9b5f9705-0df5-3b21-5e23-e11b68721fd4">
      <Execution id="5add1dc9-2dc2-4f17-b4d9-0d62f40ebaa8" />
      <TestMethod codeBase="D:\SFERRARI\01 - TRABAJO\repos\netcore\libs\template-netcore-shared\Kitpymes.Core.Shared.Tests\bin\Release\netcoreapp3.0\Kitpymes.Core.Shared.Tests.dll" adapterTypeName="executor://mstestadapter/v2" className="Kitpymes.Core.Shared.Tests.CheckExtensionsTests" name="ToThrow_Passing_InvalidValue_Returns_ApplicationExceptionWithMessage" />
    </UnitTest>
    <UnitTest name="ResultErrorData_WithTitle_WithStatusCode_WithDetails_WithExceptionType_WithMessages_WithErrors" storage="d:\sferrari\01 - trabajo\repos\netcore\libs\template-netcore-shared\kitpymes.core.shared.tests\bin\release\netcoreapp3.0\kitpymes.core.shared.tests.dll" id="c30c24fa-9dc6-1db9-fc63-cb77f851732c">
      <Execution id="b199635f-a4cc-4598-aded-0e3549b01659" />
      <TestMethod codeBase="D:\SFERRARI\01 - TRABAJO\repos\netcore\libs\template-netcore-shared\Kitpymes.Core.Shared.Tests\bin\Release\netcoreapp3.0\Kitpymes.Core.Shared.Tests.dll" adapterTypeName="executor://mstestadapter/v2" className="Kitpymes.Core.Shared.Tests.ResultTest" name="ResultErrorData_WithTitle_WithStatusCode_WithDetails_WithExceptionType_WithMessages_WithErrors" />
    </UnitTest>
    <UnitTest name="ToMessage_Passing_ExceptionWithMessage_Returns_Message" storage="d:\sferrari\01 - trabajo\repos\netcore\libs\template-netcore-shared\kitpymes.core.shared.tests\bin\release\netcoreapp3.0\kitpymes.core.shared.tests.dll" id="0cb5eb43-9273-0bdf-bd18-53b184535503">
      <Execution id="e4795ea7-d8f0-4d50-a9e2-886e0617b727" />
      <TestMethod codeBase="D:\SFERRARI\01 - TRABAJO\repos\netcore\libs\template-netcore-shared\Kitpymes.Core.Shared.Tests\bin\Release\netcoreapp3.0\Kitpymes.Core.Shared.Tests.dll" adapterTypeName="executor://mstestadapter/v2" className="Kitpymes.Core.Shared.Tests.ExceptionExtensionsTests" name="ToMessage_Passing_ExceptionWithMessage_Returns_Message" />
    </UnitTest>
    <UnitTest name="ToIsWeekend_Passing_Friday_DateTime_Returns_False" storage="d:\sferrari\01 - trabajo\repos\netcore\libs\template-netcore-shared\kitpymes.core.shared.tests\bin\release\netcoreapp3.0\kitpymes.core.shared.tests.dll" id="459f13f4-e266-2f20-5c30-d2c64797095d">
      <Execution id="36d60d1a-e579-4a5f-8261-941f989c98b1" />
      <TestMethod codeBase="D:\SFERRARI\01 - TRABAJO\repos\netcore\libs\template-netcore-shared\Kitpymes.Core.Shared.Tests\bin\Release\netcoreapp3.0\Kitpymes.Core.Shared.Tests.dll" adapterTypeName="executor://mstestadapter/v2" className="Kitpymes.Core.Shared.Tests.DateTimeExtensionsTests" name="ToIsWeekend_Passing_Friday_DateTime_Returns_False" />
    </UnitTest>
    <UnitTest name="IsEspecialChars_Passing_InvalidArguments_Returns_HasErrorsAndCount" storage="d:\sferrari\01 - trabajo\repos\netcore\libs\template-netcore-shared\kitpymes.core.shared.tests\bin\release\netcoreapp3.0\kitpymes.core.shared.tests.dll" id="9d64a285-266d-52de-ef34-34102f8ad12c">
      <Execution id="33eb6bd5-dcbd-454a-b632-ca7c00c4cae9" />
      <TestMethod codeBase="D:\SFERRARI\01 - TRABAJO\repos\netcore\libs\template-netcore-shared\Kitpymes.Core.Shared.Tests\bin\Release\netcoreapp3.0\Kitpymes.Core.Shared.Tests.dll" adapterTypeName="executor://mstestadapter/v2" className="Kitpymes.Core.Shared.Tests.CheckTests" name="IsEspecialChars_Passing_InvalidArguments_Returns_HasErrorsAndCount" />
    </UnitTest>
    <UnitTest name="ToUri_Passing_InvalidValueString_Returns_Null" storage="d:\sferrari\01 - trabajo\repos\netcore\libs\template-netcore-shared\kitpymes.core.shared.tests\bin\release\netcoreapp3.0\kitpymes.core.shared.tests.dll" id="c180eeb5-df7f-187e-c74d-0f6d31acdec5">
      <Execution id="8256726a-fc9e-4446-919d-0432180b496c" />
      <TestMethod codeBase="D:\SFERRARI\01 - TRABAJO\repos\netcore\libs\template-netcore-shared\Kitpymes.Core.Shared.Tests\bin\Release\netcoreapp3.0\Kitpymes.Core.Shared.Tests.dll" adapterTypeName="executor://mstestadapter/v2" className="Kitpymes.Core.Shared.Tests.StringExtensionsTests" name="ToUri_Passing_InvalidValueString_Returns_Null" />
    </UnitTest>
    <UnitTest name="ToHasErrors_Passing_InvalidValue_Returns_ApplicationExceptionWithMessage" storage="d:\sferrari\01 - trabajo\repos\netcore\libs\template-netcore-shared\kitpymes.core.shared.tests\bin\release\netcoreapp3.0\kitpymes.core.shared.tests.dll" id="1340b308-d9eb-a26e-e042-04d6c1d9a958">
      <Execution id="f465bac4-612d-4bc7-b2e7-2bd7e08df0e2" />
      <TestMethod codeBase="D:\SFERRARI\01 - TRABAJO\repos\netcore\libs\template-netcore-shared\Kitpymes.Core.Shared.Tests\bin\Release\netcoreapp3.0\Kitpymes.Core.Shared.Tests.dll" adapterTypeName="executor://mstestadapter/v2" className="Kitpymes.Core.Shared.Tests.CheckExtensionsTests" name="ToHasErrors_Passing_InvalidValue_Returns_ApplicationExceptionWithMessage" />
    </UnitTest>
    <UnitTest name="IsDirectory_Passing_InvalidArguments_Returns_HasErrorsAndCount" storage="d:\sferrari\01 - trabajo\repos\netcore\libs\template-netcore-shared\kitpymes.core.shared.tests\bin\release\netcoreapp3.0\kitpymes.core.shared.tests.dll" id="ee30e1f9-ce80-c70a-1b56-b7e02750ae26">
      <Execution id="6086a5eb-8641-4a23-ae03-ab99471ef3df" />
      <TestMethod codeBase="D:\SFERRARI\01 - TRABAJO\repos\netcore\libs\template-netcore-shared\Kitpymes.Core.Shared.Tests\bin\Release\netcoreapp3.0\Kitpymes.Core.Shared.Tests.dll" adapterTypeName="executor://mstestadapter/v2" className="Kitpymes.Core.Shared.Tests.CheckTests" name="IsDirectory_Passing_InvalidArguments_Returns_HasErrorsAndCount" />
    </UnitTest>
    <UnitTest name="ToHashAlgorithmName_Passing_InvalidValueLowerCaseString_Returns_Null" storage="d:\sferrari\01 - trabajo\repos\netcore\libs\template-netcore-shared\kitpymes.core.shared.tests\bin\release\netcoreapp3.0\kitpymes.core.shared.tests.dll" id="bd43e66e-fbae-26eb-a9a1-c58a6bf5d7af">
      <Execution id="3f59e47e-a7e0-47ba-954e-2ee99c410ae9" />
      <TestMethod codeBase="D:\SFERRARI\01 - TRABAJO\repos\netcore\libs\template-netcore-shared\Kitpymes.Core.Shared.Tests\bin\Release\netcoreapp3.0\Kitpymes.Core.Shared.Tests.dll" adapterTypeName="executor://mstestadapter/v2" className="Kitpymes.Core.Shared.Tests.StringExtensionsTests" name="ToHashAlgorithmName_Passing_InvalidValueLowerCaseString_Returns_Null" />
    </UnitTest>
    <UnitTest name="ToList_Passing_ValidEnumTypeWithResourceType_Returns_ValuesList" storage="d:\sferrari\01 - trabajo\repos\netcore\libs\template-netcore-shared\kitpymes.core.shared.tests\bin\release\netcoreapp3.0\kitpymes.core.shared.tests.dll" id="aaa46586-7b83-9a88-e835-ae92592f98a3">
      <Execution id="09b9fa51-2f97-42a4-a3ad-e0150a24e89e" />
      <TestMethod codeBase="D:\SFERRARI\01 - TRABAJO\repos\netcore\libs\template-netcore-shared\Kitpymes.Core.Shared.Tests\bin\Release\netcoreapp3.0\Kitpymes.Core.Shared.Tests.dll" adapterTypeName="executor://mstestadapter/v2" className="Kitpymes.Core.Shared.Tests.EnumsTests" name="ToList_Passing_ValidEnumTypeWithResourceType_Returns_ValuesList" />
    </UnitTest>
    <UnitTest name="ResultDataInternalServerError" storage="d:\sferrari\01 - trabajo\repos\netcore\libs\template-netcore-shared\kitpymes.core.shared.tests\bin\release\netcoreapp3.0\kitpymes.core.shared.tests.dll" id="d0b36a04-4127-30ad-3e5f-debee628dde9">
      <Execution id="2ba5a383-1742-4a6b-b4f5-978d989d6051" />
      <TestMethod codeBase="D:\SFERRARI\01 - TRABAJO\repos\netcore\libs\template-netcore-shared\Kitpymes.Core.Shared.Tests\bin\Release\netcoreapp3.0\Kitpymes.Core.Shared.Tests.dll" adapterTypeName="executor://mstestadapter/v2" className="Kitpymes.Core.Shared.Tests.ResultTest" name="ResultDataInternalServerError" />
    </UnitTest>
    <UnitTest name="ToDefaultValue_Passing_ValidGuid_Returns_DefaultValue" storage="d:\sferrari\01 - trabajo\repos\netcore\libs\template-netcore-shared\kitpymes.core.shared.tests\bin\release\netcoreapp3.0\kitpymes.core.shared.tests.dll" id="225c09bd-86d5-d9ce-d2b8-18431ca384e3">
      <Execution id="134650ac-7494-4f18-a85a-f05ce99243e4" />
      <TestMethod codeBase="D:\SFERRARI\01 - TRABAJO\repos\netcore\libs\template-netcore-shared\Kitpymes.Core.Shared.Tests\bin\Release\netcoreapp3.0\Kitpymes.Core.Shared.Tests.dll" adapterTypeName="executor://mstestadapter/v2" className="Kitpymes.Core.Shared.Tests.TypeExtensionsTests" name="ToDefaultValue_Passing_ValidGuid_Returns_DefaultValue" />
    </UnitTest>
    <UnitTest name="IsSubdomain_Passing_InvalidArguments_Returns_HasErrorsAndCount" storage="d:\sferrari\01 - trabajo\repos\netcore\libs\template-netcore-shared\kitpymes.core.shared.tests\bin\release\netcoreapp3.0\kitpymes.core.shared.tests.dll" id="f2debf4a-2a42-7b0b-1005-8f74a6fc63cb">
      <Execution id="22e876ad-940f-4ea5-b486-8edd9aff138d" />
      <TestMethod codeBase="D:\SFERRARI\01 - TRABAJO\repos\netcore\libs\template-netcore-shared\Kitpymes.Core.Shared.Tests\bin\Release\netcoreapp3.0\Kitpymes.Core.Shared.Tests.dll" adapterTypeName="executor://mstestadapter/v2" className="Kitpymes.Core.Shared.Tests.CheckTests" name="IsSubdomain_Passing_InvalidArguments_Returns_HasErrorsAndCount" />
    </UnitTest>
  </TestDefinitions>
  <TestEntries>
    <TestEntry testId="c19b83a3-45fc-e848-cbcc-7f68b66eb4e3" executionId="bc94a3ea-2a4d-4d7f-81f4-c184dd02c23c" testListId="8c84fa94-04c1-424b-9868-57a2d4851a1d" />
    <TestEntry testId="08f63e9f-68bb-2ff4-88d9-c74b03747527" executionId="255abc58-adc9-4e04-9b6d-e5a537f4e7f8" testListId="8c84fa94-04c1-424b-9868-57a2d4851a1d" />
    <TestEntry testId="2e87c537-4979-f58b-6e83-f3d4ee161ff1" executionId="00f6fb91-57ec-4450-869a-9fc8c246aec5" testListId="8c84fa94-04c1-424b-9868-57a2d4851a1d" />
    <TestEntry testId="a03675ec-665e-f4d5-4630-89e50dac0bfb" executionId="7a9a3f58-03cb-4b0f-b4ef-fdcb0715b13a" testListId="8c84fa94-04c1-424b-9868-57a2d4851a1d" />
    <TestEntry testId="34931354-7c25-7812-28fe-96ea501746b4" executionId="7597d802-91f5-48b7-ac4b-3b87fdb4eb97" testListId="8c84fa94-04c1-424b-9868-57a2d4851a1d" />
    <TestEntry testId="859b5acf-9d8b-7620-f96f-ba83c1545a71" executionId="c9509c0a-d29d-42ca-9ce7-d3930c50372b" testListId="8c84fa94-04c1-424b-9868-57a2d4851a1d" />
    <TestEntry testId="e1a72c94-958d-7abb-4a96-4b60b12f8157" executionId="b8c06ce8-6c72-4ee4-92e2-559cdf4eb95f" testListId="8c84fa94-04c1-424b-9868-57a2d4851a1d" />
    <TestEntry testId="aeb559a5-c285-7ab9-baee-1cb152d1742f" executionId="41b36901-de6c-4c00-ab78-9c2d41e01f69" testListId="8c84fa94-04c1-424b-9868-57a2d4851a1d" />
    <TestEntry testId="96f263a8-e1d9-0070-21ba-583144d2d030" executionId="dfc1ae8f-532f-4ef3-a4ed-e45aac1c6d08" testListId="8c84fa94-04c1-424b-9868-57a2d4851a1d" />
    <TestEntry testId="a2b6017f-838f-c435-81c1-a75dd92108eb" executionId="310087f9-f89b-48aa-bf92-0be89413b183" testListId="8c84fa94-04c1-424b-9868-57a2d4851a1d" />
    <TestEntry testId="7be8a004-8e29-0f01-8ada-f15377193150" executionId="7ebf6b0a-4af8-4667-a545-97a84716f755" testListId="8c84fa94-04c1-424b-9868-57a2d4851a1d" />
    <TestEntry testId="640513b3-feee-19a8-efba-5817e77ff3ee" executionId="2e59acff-9cdd-4a17-a2d5-38301aad6541" testListId="8c84fa94-04c1-424b-9868-57a2d4851a1d" />
    <TestEntry testId="cd004a9f-a0f6-2fdf-aeae-1890f4ab8e71" executionId="95d5d02e-cc7e-494b-a84b-dbd1a2db0ca8" testListId="8c84fa94-04c1-424b-9868-57a2d4851a1d" />
    <TestEntry testId="d6d04f4a-9142-b816-d673-c4abf49a39ad" executionId="6746d612-fda1-4ad2-b59b-729cd12a4c83" testListId="8c84fa94-04c1-424b-9868-57a2d4851a1d" />
    <TestEntry testId="53cbdd8e-a1ef-5d22-8745-938609ed19c2" executionId="ce9b9a1a-c8ce-432c-a096-d49e1fadcb78" testListId="8c84fa94-04c1-424b-9868-57a2d4851a1d" />
    <TestEntry testId="3e6d6aa9-9b6d-dd96-b54c-49f88780a2b4" executionId="6907a2f0-f703-4e0b-a26a-2a7430a8b035" testListId="8c84fa94-04c1-424b-9868-57a2d4851a1d" />
    <TestEntry testId="ffa669f9-8e25-a33b-f8f7-c3ba4a576a2b" executionId="6fac66b5-5b74-43be-95af-c0880cff436f" testListId="8c84fa94-04c1-424b-9868-57a2d4851a1d" />
    <TestEntry testId="40108f40-2761-0a89-d16d-ad113b5f3dd5" executionId="4dc060a7-b1f4-4076-a081-c25a7a2ec37c" testListId="8c84fa94-04c1-424b-9868-57a2d4851a1d" />
    <TestEntry testId="3f0bf65d-a3af-41bf-ac79-126a0efc4fd4" executionId="10a332e6-0f05-4305-a73c-fa8faab623ba" testListId="8c84fa94-04c1-424b-9868-57a2d4851a1d" />
    <TestEntry testId="eb3fbb45-8257-f4b8-0975-042f859a72bf" executionId="ee20ec99-31c6-432e-bae3-7ef56a7f897d" testListId="8c84fa94-04c1-424b-9868-57a2d4851a1d" />
    <TestEntry testId="320700ce-aa3b-5818-fb18-706cf7605472" executionId="36434eb4-9650-44a7-8c6c-e9c42bf37e9e" testListId="8c84fa94-04c1-424b-9868-57a2d4851a1d" />
    <TestEntry testId="459f13f4-e266-2f20-5c30-d2c64797095d" executionId="36d60d1a-e579-4a5f-8261-941f989c98b1" testListId="8c84fa94-04c1-424b-9868-57a2d4851a1d" />
    <TestEntry testId="504465b7-a3fe-9023-93b9-ffece1903418" executionId="e54ed080-cafb-468c-96dd-8ad42c2bd4d4" testListId="8c84fa94-04c1-424b-9868-57a2d4851a1d" />
    <TestEntry testId="c2d3c8df-32e7-92dc-91f8-057e8c4da6b9" executionId="37ec9d1f-fc37-44b6-8143-738673262b4c" testListId="8c84fa94-04c1-424b-9868-57a2d4851a1d" />
    <TestEntry testId="d0b36a04-4127-30ad-3e5f-debee628dde9" executionId="2ba5a383-1742-4a6b-b4f5-978d989d6051" testListId="8c84fa94-04c1-424b-9868-57a2d4851a1d" />
    <TestEntry testId="e9d3a3d6-32e0-613e-b55e-48afdf1ab686" executionId="fc9a20ad-994d-4a4f-b3df-8fe16318e2e7" testListId="8c84fa94-04c1-424b-9868-57a2d4851a1d" />
    <TestEntry testId="297c060d-406b-f933-91fe-dfd3459b8ace" executionId="4caa0a7e-b4bd-4361-8ebd-b57970563147" testListId="8c84fa94-04c1-424b-9868-57a2d4851a1d" />
    <TestEntry testId="ae09f98c-257a-b9e5-5b0b-16344b7adf1c" executionId="b9f2d40b-92ea-46a4-9a9c-f9b3031a3d4c" testListId="8c84fa94-04c1-424b-9868-57a2d4851a1d" />
    <TestEntry testId="7daaba64-d3ad-9109-43bf-bdb516b673b8" executionId="11c5b2fe-69b2-4a24-8ed5-6b0d3d4f5dda" testListId="8c84fa94-04c1-424b-9868-57a2d4851a1d" />
    <TestEntry testId="ee30e1f9-ce80-c70a-1b56-b7e02750ae26" executionId="6086a5eb-8641-4a23-ae03-ab99471ef3df" testListId="8c84fa94-04c1-424b-9868-57a2d4851a1d" />
    <TestEntry testId="0cfd0c7c-1a61-7d19-c2fa-3c8a47ccf09c" executionId="a0e3f145-b1e0-48fa-b6f8-0617bde38e35" testListId="8c84fa94-04c1-424b-9868-57a2d4851a1d" />
    <TestEntry testId="77fe17c3-3cf8-a189-4d95-b2e0d3ca9579" executionId="e7f36389-57fc-4320-abf9-4fe4cbe332e6" testListId="8c84fa94-04c1-424b-9868-57a2d4851a1d" />
    <TestEntry testId="aaa46586-7b83-9a88-e835-ae92592f98a3" executionId="09b9fa51-2f97-42a4-a3ad-e0150a24e89e" testListId="8c84fa94-04c1-424b-9868-57a2d4851a1d" />
    <TestEntry testId="2799ef62-9686-0dc7-84d2-73639b0030f7" executionId="628de6ca-3118-4098-a84c-e60d62b0a56c" testListId="8c84fa94-04c1-424b-9868-57a2d4851a1d" />
    <TestEntry testId="3bd7277d-4ad0-51ee-d24c-53176ec3cc7f" executionId="abb285d7-096e-4f8a-a825-80643d76b08c" testListId="8c84fa94-04c1-424b-9868-57a2d4851a1d" />
    <TestEntry testId="056700a7-2506-75ed-a80a-ddf2ddb5d2a8" executionId="3da6b11e-3988-4d74-97e3-9ac384dc4a79" testListId="8c84fa94-04c1-424b-9868-57a2d4851a1d" />
    <TestEntry testId="e8138724-52f6-6999-ada4-cbc441f2cd15" executionId="2a8b53ab-9422-4bba-9a3b-e609a0e6bdba" testListId="8c84fa94-04c1-424b-9868-57a2d4851a1d" />
    <TestEntry testId="2aceb911-de9d-b2eb-c8db-f6b3f880216f" executionId="bbacfd85-282b-41ef-9d97-e1b1526bd9a9" testListId="8c84fa94-04c1-424b-9868-57a2d4851a1d" />
    <TestEntry testId="e329bdc2-7660-b4b2-0687-a194b6e35f1d" executionId="a700eb2c-0ae4-4fe0-97e8-ec5433961938" testListId="8c84fa94-04c1-424b-9868-57a2d4851a1d" />
    <TestEntry testId="9d64a285-266d-52de-ef34-34102f8ad12c" executionId="33eb6bd5-dcbd-454a-b632-ca7c00c4cae9" testListId="8c84fa94-04c1-424b-9868-57a2d4851a1d" />
    <TestEntry testId="0e702ef4-7e85-bcb3-3879-32ee56a27932" executionId="efe25707-d769-400a-8df4-76a8a3bc5579" testListId="8c84fa94-04c1-424b-9868-57a2d4851a1d" />
    <TestEntry testId="0d35441f-72fe-a777-509f-6a19632f972a" executionId="0d700fe3-f01f-497f-88e0-a5e0e1425738" testListId="8c84fa94-04c1-424b-9868-57a2d4851a1d" />
    <TestEntry testId="47f3e733-f069-b79f-9f6d-7c11fc368663" executionId="7606eee4-b5fb-45c9-90e8-9cbe91c00321" testListId="8c84fa94-04c1-424b-9868-57a2d4851a1d" />
    <TestEntry testId="a95f665c-aa8d-208d-902c-60a464250c99" executionId="dcc70b67-9166-4ab5-b247-a6f5c8b9ea52" testListId="8c84fa94-04c1-424b-9868-57a2d4851a1d" />
    <TestEntry testId="922c5a5d-5d46-b5de-bcbd-4fac0addd422" executionId="ab4581d1-7d48-4729-a629-8380f17654bc" testListId="8c84fa94-04c1-424b-9868-57a2d4851a1d" />
    <TestEntry testId="0b00f09d-f7e4-fb1e-68ad-8102cf6143e0" executionId="dbf85e12-8dde-45c1-9f64-31efec992a89" testListId="8c84fa94-04c1-424b-9868-57a2d4851a1d" />
    <TestEntry testId="225c09bd-86d5-d9ce-d2b8-18431ca384e3" executionId="134650ac-7494-4f18-a85a-f05ce99243e4" testListId="8c84fa94-04c1-424b-9868-57a2d4851a1d" />
    <TestEntry testId="430dec51-b9df-7e06-fff9-78e6d362c2d8" executionId="e87c5665-366e-4b65-a526-b685340918ae" testListId="8c84fa94-04c1-424b-9868-57a2d4851a1d" />
    <TestEntry testId="65b9c427-b5ec-99b4-199a-0093cd460501" executionId="a089e88b-0cd3-44d7-8747-918a9405438c" testListId="8c84fa94-04c1-424b-9868-57a2d4851a1d" />
    <TestEntry testId="17a38df3-33e0-71ac-f8cb-dcdd3ade7269" executionId="060e2a9b-4dae-4bc1-98de-c846b135d3a4" testListId="8c84fa94-04c1-424b-9868-57a2d4851a1d" />
    <TestEntry testId="fe683836-27ec-729e-5fe1-a9c2674a6d87" executionId="3fa3b78a-48f4-4b3a-ad6b-9d533e2c6aa7" testListId="8c84fa94-04c1-424b-9868-57a2d4851a1d" />
    <TestEntry testId="34e0940c-fc9c-71db-fc18-7d52ee8761a0" executionId="43d30601-235b-45a6-a6c2-0c04e0cb4be5" testListId="8c84fa94-04c1-424b-9868-57a2d4851a1d" />
    <TestEntry testId="55f105d6-fc07-21db-e70a-db30ccdb0844" executionId="4cfd3a06-d83c-4185-b4ae-cefd624aa28c" testListId="8c84fa94-04c1-424b-9868-57a2d4851a1d" />
    <TestEntry testId="8a5cc6e0-e73e-2131-64bd-e73fc6c2a32e" executionId="a074fe84-1832-44f3-80b0-eacddab35caa" testListId="8c84fa94-04c1-424b-9868-57a2d4851a1d" />
    <TestEntry testId="a0fef65e-bc06-762d-4622-91d020572059" executionId="6ee27fcc-ce7c-43a4-ad28-1a95e6a090f0" testListId="8c84fa94-04c1-424b-9868-57a2d4851a1d" />
    <TestEntry testId="fbb73316-6f70-059a-1197-08f09a1221d6" executionId="2b8bcb72-43ac-477b-9edf-b56d6a6f4968" testListId="8c84fa94-04c1-424b-9868-57a2d4851a1d" />
    <TestEntry testId="b9a89fa2-355c-e886-bec5-28d3cf549be6" executionId="1abe5f99-8ada-422b-a764-6b7250c4ef78" testListId="8c84fa94-04c1-424b-9868-57a2d4851a1d" />
    <TestEntry testId="a272f84c-2bd5-daa4-4afe-22346b802f86" executionId="de0f52b2-1db7-4f0d-8840-5804ad8f5dcd" testListId="8c84fa94-04c1-424b-9868-57a2d4851a1d" />
    <TestEntry testId="3443f7f5-ee1a-f375-e5b1-f7ffa940c0db" executionId="cd5507c3-aa1d-4fb7-8db9-d663c3b13752" testListId="8c84fa94-04c1-424b-9868-57a2d4851a1d" />
    <TestEntry testId="fb770b4f-f87b-13ad-88ac-a338dbbb0d57" executionId="47b9e7d9-5cb0-4095-9faa-b3d18279ad8a" testListId="8c84fa94-04c1-424b-9868-57a2d4851a1d" />
    <TestEntry testId="33545399-79af-5e7f-5179-57fe5645f4be" executionId="d60ccf10-5f21-4617-a13b-90a35b4279eb" testListId="8c84fa94-04c1-424b-9868-57a2d4851a1d" />
    <TestEntry testId="8a110a46-40a4-c9bb-083e-1c3fcb5b45b7" executionId="6e17960f-cb97-4f51-99f3-9b7f8f352607" testListId="8c84fa94-04c1-424b-9868-57a2d4851a1d" />
    <TestEntry testId="5c861184-f295-e727-0fd4-d218f13da14d" executionId="94740254-4e45-41ac-8455-ecd01c6c9c50" testListId="8c84fa94-04c1-424b-9868-57a2d4851a1d" />
    <TestEntry testId="42ded375-26ee-044e-44a7-9eab5e4cd342" executionId="d4aecae7-d582-42a9-a894-76dcffbc29b3" testListId="8c84fa94-04c1-424b-9868-57a2d4851a1d" />
    <TestEntry testId="31126d50-f667-908c-85f3-09f9d9272df9" executionId="7344de41-9824-47fe-98a1-cabd0ab5b9a8" testListId="8c84fa94-04c1-424b-9868-57a2d4851a1d" />
    <TestEntry testId="71a1897b-b713-c047-1c23-5efdff095b20" executionId="af81eee0-a1af-4da3-abee-d913f621ad45" testListId="8c84fa94-04c1-424b-9868-57a2d4851a1d" />
    <TestEntry testId="313cfb2c-8c3b-337b-12f8-296f8611376d" executionId="e88d53d0-9dd1-418f-aed3-60e5bc8a1e93" testListId="8c84fa94-04c1-424b-9868-57a2d4851a1d" />
    <TestEntry testId="c63cd623-e636-5730-a1fa-b18ae782acc7" executionId="19c07df9-0da7-4f67-b670-43bf5fdfc710" testListId="8c84fa94-04c1-424b-9868-57a2d4851a1d" />
    <TestEntry testId="46df7735-43c3-1f8d-197a-cd21c82e5889" executionId="14596687-884d-4124-95c8-031bd1f1a595" testListId="8c84fa94-04c1-424b-9868-57a2d4851a1d" />
    <TestEntry testId="760ae14b-6c0d-0288-811d-408b67937415" executionId="09dd21b0-32a7-41f9-852b-8ed6a7b3e9ef" testListId="8c84fa94-04c1-424b-9868-57a2d4851a1d" />
    <TestEntry testId="18040ed3-941e-dd1e-cb8c-4d34d103f370" executionId="e2744912-4c5e-4728-918d-b03337edc746" testListId="8c84fa94-04c1-424b-9868-57a2d4851a1d" />
    <TestEntry testId="9064672f-1220-7bc0-f2b0-c66c74cccc5e" executionId="2cf5d430-78ba-4bde-8048-45054d169fb8" testListId="8c84fa94-04c1-424b-9868-57a2d4851a1d" />
    <TestEntry testId="e9b23f0c-0cde-4603-1739-ee642fd33c36" executionId="769d7630-99d0-4bcc-ba2e-ac232c13bb59" testListId="8c84fa94-04c1-424b-9868-57a2d4851a1d" />
    <TestEntry testId="7c09a438-5465-f760-64b2-23d25fc199f5" executionId="7f2c8d58-8b40-4d2c-b99a-66f65766e779" testListId="8c84fa94-04c1-424b-9868-57a2d4851a1d" />
    <TestEntry testId="bc6955b8-aec0-957c-bad4-853e5cfa19a1" executionId="9e088bad-2ac8-49e3-9346-a429f1820ce7" testListId="8c84fa94-04c1-424b-9868-57a2d4851a1d" />
    <TestEntry testId="006d3c07-11d3-9f4b-c045-6799df52bbfb" executionId="d7e3478c-44da-4ab4-8796-8142e0b15506" testListId="8c84fa94-04c1-424b-9868-57a2d4851a1d" />
    <TestEntry testId="4a3afd90-c6ab-e82e-40d8-b40450680318" executionId="1f1ea1c6-03a6-40d3-87dd-9814c2f38d13" testListId="8c84fa94-04c1-424b-9868-57a2d4851a1d" />
    <TestEntry testId="4184a91b-5297-4872-2a98-1ef97e124515" executionId="780c367d-b134-40dd-a7f9-26f52b95edde" testListId="8c84fa94-04c1-424b-9868-57a2d4851a1d" />
    <TestEntry testId="c180eeb5-df7f-187e-c74d-0f6d31acdec5" executionId="8256726a-fc9e-4446-919d-0432180b496c" testListId="8c84fa94-04c1-424b-9868-57a2d4851a1d" />
    <TestEntry testId="9b5f9705-0df5-3b21-5e23-e11b68721fd4" executionId="5add1dc9-2dc2-4f17-b4d9-0d62f40ebaa8" testListId="8c84fa94-04c1-424b-9868-57a2d4851a1d" />
    <TestEntry testId="8fbac209-421a-f9fa-c5fe-97403aedb24e" executionId="3384f4b4-6dbb-45cc-89a4-dcef16ff794d" testListId="8c84fa94-04c1-424b-9868-57a2d4851a1d" />
    <TestEntry testId="4e1a5879-f3c8-4fdb-51d0-c4cf0a35e0bf" executionId="28545510-debb-4089-b1a2-eeabec2a39fb" testListId="8c84fa94-04c1-424b-9868-57a2d4851a1d" />
    <TestEntry testId="57d3cdd8-8268-9aa3-6f39-3cc0224b305c" executionId="4fe6a362-eaea-491e-bf8a-0c19ae09a2fe" testListId="8c84fa94-04c1-424b-9868-57a2d4851a1d" />
    <TestEntry testId="1064d8aa-5d0e-6bf5-83ee-952a4d1fd93b" executionId="ea599d92-d757-4494-b08f-fe2f2f00b71e" testListId="8c84fa94-04c1-424b-9868-57a2d4851a1d" />
    <TestEntry testId="1f6423c7-4317-6f5b-c112-f4c9c7e822af" executionId="fda451a0-0815-409c-8911-302d3a4b6148" testListId="8c84fa94-04c1-424b-9868-57a2d4851a1d" />
    <TestEntry testId="e93b141b-fdfd-0f98-21e5-3eb211b6e88b" executionId="d8012ed0-403c-4aac-987b-e16a379fcebc" testListId="8c84fa94-04c1-424b-9868-57a2d4851a1d" />
    <TestEntry testId="1237bc5f-42ea-8c7f-8602-051620acda95" executionId="a29992dc-646b-4f83-a117-57718cef5db6" testListId="8c84fa94-04c1-424b-9868-57a2d4851a1d" />
    <TestEntry testId="0b1e4893-9444-2235-b7fa-3782f9932212" executionId="46d25665-2771-43f8-8ff9-8c352db26ce7" testListId="8c84fa94-04c1-424b-9868-57a2d4851a1d" />
    <TestEntry testId="725d136c-3e7a-6e51-fc61-03203ffec0b5" executionId="19c4d6f6-6c9b-485e-8929-8f897679508f" testListId="8c84fa94-04c1-424b-9868-57a2d4851a1d" />
    <TestEntry testId="86b92527-4d52-052b-63ae-d9a8aa694919" executionId="acaca2ba-e97c-44a9-95eb-50e41f82b9b2" testListId="8c84fa94-04c1-424b-9868-57a2d4851a1d" />
    <TestEntry testId="1c5de28c-f1b3-c94d-8e43-201eab8c2ff8" executionId="5ad9d214-6315-4e08-b2ba-96216cb94337" testListId="8c84fa94-04c1-424b-9868-57a2d4851a1d" />
    <TestEntry testId="bb347f18-44ab-0d77-d5bd-a671e4c37650" executionId="81e8d18c-fcd4-4245-986f-2c22a8b93119" testListId="8c84fa94-04c1-424b-9868-57a2d4851a1d" />
    <TestEntry testId="bf8f6922-5666-8ec7-1500-aabd5997d6a4" executionId="8ee42a12-286b-4a9d-afcc-efa30bae9de6" testListId="8c84fa94-04c1-424b-9868-57a2d4851a1d" />
    <TestEntry testId="8dccdb77-e6a8-58c6-9bd0-108f87c5ff65" executionId="62c61bed-428d-4ff0-bef8-dc6d98e688bb" testListId="8c84fa94-04c1-424b-9868-57a2d4851a1d" />
    <TestEntry testId="d5506b30-7041-6d90-bd03-bcd5b2479c40" executionId="26d6d023-e1da-4c2c-8baf-eaa9efe7d6cf" testListId="8c84fa94-04c1-424b-9868-57a2d4851a1d" />
    <TestEntry testId="29112d2a-2e73-305d-ec50-12fc95c28627" executionId="f1438b05-e28f-476f-b716-a13d4cfb28f0" testListId="8c84fa94-04c1-424b-9868-57a2d4851a1d" />
    <TestEntry testId="8f970201-c66a-ecfa-fa45-503451c8c439" executionId="3593909f-9a6f-48c8-b810-6e3fc38a56c8" testListId="8c84fa94-04c1-424b-9868-57a2d4851a1d" />
    <TestEntry testId="def94964-1ba4-f78f-2dac-38055bb04256" executionId="5ce43655-9f01-4f62-b8ad-cfbefe7d6ea9" testListId="8c84fa94-04c1-424b-9868-57a2d4851a1d" />
    <TestEntry testId="ede15cdf-3d1b-3e1a-18dc-485a2d50fe42" executionId="d232e108-721e-4c68-8f62-2213fde24f4a" testListId="8c84fa94-04c1-424b-9868-57a2d4851a1d" />
    <TestEntry testId="801afd1a-5f3d-0d0c-471a-96452bf5bc35" executionId="2b154c9d-05d3-472f-866f-61438774a311" testListId="8c84fa94-04c1-424b-9868-57a2d4851a1d" />
    <TestEntry testId="a75e991f-5e03-3949-85d6-afa1f14455d4" executionId="33ac0e89-4fe3-4094-88df-b9f9a879b776" testListId="8c84fa94-04c1-424b-9868-57a2d4851a1d" />
    <TestEntry testId="d7c20db6-f712-8539-ac01-01e8f4033fac" executionId="ed6ca688-e791-4d53-95f4-a52744b347b6" testListId="8c84fa94-04c1-424b-9868-57a2d4851a1d" />
    <TestEntry testId="d51ea295-e896-101a-6578-05ae772bcbfb" executionId="f2a51cb8-8a62-4748-b451-e58d414e04cd" testListId="8c84fa94-04c1-424b-9868-57a2d4851a1d" />
    <TestEntry testId="1dab5b85-21d2-af6f-92e5-af8126f0e2fb" executionId="0176cb97-c695-46ba-80fe-36489202815b" testListId="8c84fa94-04c1-424b-9868-57a2d4851a1d" />
    <TestEntry testId="161f5d07-7835-e575-5072-b9d787ef451c" executionId="e951e71b-8908-4f16-a38c-7b2eda78745b" testListId="8c84fa94-04c1-424b-9868-57a2d4851a1d" />
    <TestEntry testId="9eeef095-29ed-4872-a36c-ca4832350421" executionId="a380dbbc-e043-4659-b83e-c4a502c10e54" testListId="8c84fa94-04c1-424b-9868-57a2d4851a1d" />
    <TestEntry testId="87c5dbd3-fd2a-1e49-42e5-8dc78affc8d6" executionId="63eea785-7eb4-4bf4-8883-66fb67dd1a13" testListId="8c84fa94-04c1-424b-9868-57a2d4851a1d" />
    <TestEntry testId="4d9bde6c-668c-a1d3-dc60-edcfc6a4082c" executionId="b8e81c4d-629d-47b1-96ab-849132c44647" testListId="8c84fa94-04c1-424b-9868-57a2d4851a1d" />
    <TestEntry testId="c30c24fa-9dc6-1db9-fc63-cb77f851732c" executionId="b199635f-a4cc-4598-aded-0e3549b01659" testListId="8c84fa94-04c1-424b-9868-57a2d4851a1d" />
    <TestEntry testId="6c59b811-73c0-2540-9661-8c8f2a459ff2" executionId="9fc508ae-bd0a-4e78-8238-db5a0b436c14" testListId="8c84fa94-04c1-424b-9868-57a2d4851a1d" />
    <TestEntry testId="26cc48e2-5e82-bc12-cf41-e3a984599b8d" executionId="3e6796d2-c0ea-4be4-b3e4-c6f4bc03a88a" testListId="8c84fa94-04c1-424b-9868-57a2d4851a1d" />
    <TestEntry testId="0df69eaf-b001-71ae-6cf8-f9c5860f7c4c" executionId="b1e00f06-0a82-4e2b-9f57-41ac4d01a078" testListId="8c84fa94-04c1-424b-9868-57a2d4851a1d" />
    <TestEntry testId="fa00d2a8-59b9-ad9e-caa1-a0c9e3156db1" executionId="84866cd7-01c4-4bea-b0d5-ff01b8874df1" testListId="8c84fa94-04c1-424b-9868-57a2d4851a1d" />
    <TestEntry testId="7c679bcb-7a59-8751-0063-1ef6e07cb160" executionId="02a7c9e1-d1e4-4166-bdf3-416f036b5686" testListId="8c84fa94-04c1-424b-9868-57a2d4851a1d" />
    <TestEntry testId="21ae5425-e2d1-002f-334f-105a6a674a01" executionId="bab3807b-6a96-4e6c-89dd-84c49f75308c" testListId="8c84fa94-04c1-424b-9868-57a2d4851a1d" />
    <TestEntry testId="ab527057-69f2-0a9a-89fd-18928a3920fd" executionId="a1511fc2-9337-4cbc-9806-10177b1a91e8" testListId="8c84fa94-04c1-424b-9868-57a2d4851a1d" />
    <TestEntry testId="a702dc43-b5af-c889-d32e-e69ee2d100af" executionId="8c35d8f5-5075-4774-a7b4-a4ed0de69563" testListId="8c84fa94-04c1-424b-9868-57a2d4851a1d" />
    <TestEntry testId="5385d994-9594-6052-11cb-73f8d2344981" executionId="cdc280b7-efaa-428c-9b13-987bc62ee49f" testListId="8c84fa94-04c1-424b-9868-57a2d4851a1d" />
    <TestEntry testId="b871cd27-681f-8d07-6c2a-809341ba2909" executionId="bb190b6f-ac30-4847-97bb-a18e676b7498" testListId="8c84fa94-04c1-424b-9868-57a2d4851a1d" />
    <TestEntry testId="635e001f-2a50-f191-84e2-e81cd2000fdf" executionId="4af3a761-0003-4002-a959-6bf50fb57bf7" testListId="8c84fa94-04c1-424b-9868-57a2d4851a1d" />
    <TestEntry testId="180814cc-22f9-91b2-cd9a-f54be7e1ba18" executionId="955b096d-e85a-4516-aa00-6cd5ccb49b29" testListId="8c84fa94-04c1-424b-9868-57a2d4851a1d" />
    <TestEntry testId="66f7bc12-fe2b-fd81-3cbf-5bc4840aa6f8" executionId="544736a6-8a49-47c2-b91d-879d219eb943" testListId="8c84fa94-04c1-424b-9868-57a2d4851a1d" />
    <TestEntry testId="e53d2439-2080-43bd-e38b-a60253b60af1" executionId="556a6055-b4a0-414b-ae4d-b3b895435838" testListId="8c84fa94-04c1-424b-9868-57a2d4851a1d" />
    <TestEntry testId="7f0aeefe-ba4a-5404-c6f8-82be67718cc4" executionId="e6b5ebc0-23ec-4791-9c3b-82e92f029b29" testListId="8c84fa94-04c1-424b-9868-57a2d4851a1d" />
    <TestEntry testId="6bd61990-78b5-76ea-0df5-0c13c388bdc0" executionId="80e7043d-ab83-43c7-999a-be6d95b7ba9c" testListId="8c84fa94-04c1-424b-9868-57a2d4851a1d" />
    <TestEntry testId="c0846755-8a53-0ac4-76e5-2d7d37bcd54a" executionId="0344aa2e-6f7e-4c4f-8fdc-80b641869d69" testListId="8c84fa94-04c1-424b-9868-57a2d4851a1d" />
    <TestEntry testId="334e3485-05b4-4549-cacd-aef8fff10757" executionId="30883613-788b-422c-94b6-626976e68a45" testListId="8c84fa94-04c1-424b-9868-57a2d4851a1d" />
    <TestEntry testId="7a313c49-8adc-98e3-cdda-86b900f0ade6" executionId="95ec3cd6-803a-4cd2-98d8-efd5297f6784" testListId="8c84fa94-04c1-424b-9868-57a2d4851a1d" />
    <TestEntry testId="1c5fe271-1e90-52f5-1f31-436b17e57702" executionId="6f00337b-88c1-4666-9bcf-785d4d85df61" testListId="8c84fa94-04c1-424b-9868-57a2d4851a1d" />
    <TestEntry testId="43c10c64-8836-30db-afbe-d1657a7dd9d8" executionId="3b28c757-4fff-48a9-b184-3dac9004384d" testListId="8c84fa94-04c1-424b-9868-57a2d4851a1d" />
    <TestEntry testId="209cbba1-d5fa-4810-2cb6-ee92ce2e109d" executionId="14b089a3-ee06-452d-a814-7c44b3443954" testListId="8c84fa94-04c1-424b-9868-57a2d4851a1d" />
    <TestEntry testId="cf950ab2-9fe4-ec30-43b4-2f3a99b5167d" executionId="204887c2-95e2-4c46-9d99-cbdbbe0a63e2" testListId="8c84fa94-04c1-424b-9868-57a2d4851a1d" />
    <TestEntry testId="fcd9a6e3-ee1d-7212-668e-2b0865200d81" executionId="6843cd36-763d-4da8-b608-c7b8f3b0ac01" testListId="8c84fa94-04c1-424b-9868-57a2d4851a1d" />
    <TestEntry testId="0ee8121e-b492-a57d-d072-de988a4e30f8" executionId="32ff59de-1064-43a9-89b6-4094a829dc43" testListId="8c84fa94-04c1-424b-9868-57a2d4851a1d" />
    <TestEntry testId="31ff6168-d18d-0013-7c18-0ff775714202" executionId="6cb936c0-4dbc-4a6f-abbe-95d2360b8ac0" testListId="8c84fa94-04c1-424b-9868-57a2d4851a1d" />
    <TestEntry testId="43949294-e4b7-cf4d-0d69-84ccc9e58406" executionId="c26253ed-71ac-4f32-9e56-208dd0db6f15" testListId="8c84fa94-04c1-424b-9868-57a2d4851a1d" />
    <TestEntry testId="69b6ed05-fdf2-6989-0583-109b4777a6ac" executionId="ef0faeb7-cc0c-4ff7-b332-cf130a91a646" testListId="8c84fa94-04c1-424b-9868-57a2d4851a1d" />
    <TestEntry testId="1761ee10-7c34-b565-b889-1885bffe91c3" executionId="130bbeae-efb0-46a8-b6ae-c7b2f97a1bfa" testListId="8c84fa94-04c1-424b-9868-57a2d4851a1d" />
    <TestEntry testId="f0f37a42-1a3a-10a5-5f17-e01b9915abd3" executionId="9b6b9580-aaff-4501-b62e-e24df09e330a" testListId="8c84fa94-04c1-424b-9868-57a2d4851a1d" />
    <TestEntry testId="c87d842d-198f-fc52-0a70-418a5e5378ab" executionId="86218709-352f-4379-8521-b627f96d5b8c" testListId="8c84fa94-04c1-424b-9868-57a2d4851a1d" />
    <TestEntry testId="580ff04a-e5c0-9f2f-90c3-4f2aeafd15c5" executionId="31eddebc-d26f-4625-8a9e-09ea303fd357" testListId="8c84fa94-04c1-424b-9868-57a2d4851a1d" />
    <TestEntry testId="074815db-ddf2-9c1f-0fef-7f709183591e" executionId="ace7f539-7315-4962-aae5-866de9e7a94f" testListId="8c84fa94-04c1-424b-9868-57a2d4851a1d" />
    <TestEntry testId="3721d3c1-7c03-ad84-143f-64bfeb5b314e" executionId="cb3ba2ff-9359-4646-b4e6-ed4a8ed8a7d6" testListId="8c84fa94-04c1-424b-9868-57a2d4851a1d" />
    <TestEntry testId="c8fd6d3c-b723-929b-f175-dbdc2a7be855" executionId="e3ef633b-68ce-41bc-a412-fcee4662bed7" testListId="8c84fa94-04c1-424b-9868-57a2d4851a1d" />
    <TestEntry testId="605637df-9854-875b-b3aa-6675f3fbd045" executionId="d1c5962b-296a-44cd-addb-bc3345b09a45" testListId="8c84fa94-04c1-424b-9868-57a2d4851a1d" />
    <TestEntry testId="e0f7dcd9-f363-be9c-de11-457f6a575bee" executionId="64b7eb66-ffe3-40e1-8744-b39e5d1301b2" testListId="8c84fa94-04c1-424b-9868-57a2d4851a1d" />
    <TestEntry testId="e608205e-4953-e9a3-1956-895ed42ab083" executionId="458b12dc-b90b-4dd6-b91a-846240a432c7" testListId="8c84fa94-04c1-424b-9868-57a2d4851a1d" />
    <TestEntry testId="f2debf4a-2a42-7b0b-1005-8f74a6fc63cb" executionId="22e876ad-940f-4ea5-b486-8edd9aff138d" testListId="8c84fa94-04c1-424b-9868-57a2d4851a1d" />
    <TestEntry testId="4234610b-215b-41f7-e61d-4a82851bdfa3" executionId="b0a95c52-e9c0-4e8d-998c-704f6cb4f2f0" testListId="8c84fa94-04c1-424b-9868-57a2d4851a1d" />
    <TestEntry testId="6088101f-62c5-69c8-6751-05523b132d06" executionId="6cc31e7c-320c-4e66-818d-80e0d46e0063" testListId="8c84fa94-04c1-424b-9868-57a2d4851a1d" />
    <TestEntry testId="481343f9-3ff3-548f-0c6c-41599cf65802" executionId="8a2b08fc-c8f8-4d83-99b6-e1c94b599f2a" testListId="8c84fa94-04c1-424b-9868-57a2d4851a1d" />
    <TestEntry testId="579b7361-19a9-f329-acb3-de102dcfc793" executionId="237e1b35-ace5-44e5-9579-bb1cb227155b" testListId="8c84fa94-04c1-424b-9868-57a2d4851a1d" />
    <TestEntry testId="f8b74494-d277-7173-e694-2a4d463a4607" executionId="4dbf6ad9-d7b6-4aa9-b7bb-49fce742fabd" testListId="8c84fa94-04c1-424b-9868-57a2d4851a1d" />
    <TestEntry testId="19f76070-822e-31f8-2a9f-a96f774333a7" executionId="dbbe3221-5b8f-46ec-bee4-27e7bcaba09f" testListId="8c84fa94-04c1-424b-9868-57a2d4851a1d" />
    <TestEntry testId="b048c16a-68b4-cdf3-3166-fb9613323b68" executionId="dfbae8d3-3b2c-4439-886e-0c66a3d9d1b9" testListId="8c84fa94-04c1-424b-9868-57a2d4851a1d" />
    <TestEntry testId="6fc389b2-a5f3-ded0-63b6-7e1b4cca8442" executionId="f5219794-84c0-4326-8022-d88e3806f68b" testListId="8c84fa94-04c1-424b-9868-57a2d4851a1d" />
    <TestEntry testId="e2880a6e-7a01-b4ba-86fb-4d33be072972" executionId="9575ec7b-2515-45f6-94ec-9bca25dde2c9" testListId="8c84fa94-04c1-424b-9868-57a2d4851a1d" />
    <TestEntry testId="0cb5eb43-9273-0bdf-bd18-53b184535503" executionId="e4795ea7-d8f0-4d50-a9e2-886e0617b727" testListId="8c84fa94-04c1-424b-9868-57a2d4851a1d" />
    <TestEntry testId="7384e2f6-7a7f-d462-78fa-5bf7f49c326a" executionId="38c68821-2ff4-40ab-a850-390679b0c953" testListId="8c84fa94-04c1-424b-9868-57a2d4851a1d" />
    <TestEntry testId="0f697beb-b7a4-6aa6-9017-b57feeb9ba7f" executionId="03518ee7-a470-4115-baa9-cc65a1deebe6" testListId="8c84fa94-04c1-424b-9868-57a2d4851a1d" />
    <TestEntry testId="e37f41d3-77a8-1acd-c258-fbb5b724b134" executionId="32d08fce-2ebb-44fc-a86b-048a700d1f82" testListId="8c84fa94-04c1-424b-9868-57a2d4851a1d" />
    <TestEntry testId="c330741e-ad40-618c-36cc-508c135d2b95" executionId="8207b306-306d-4b5e-b1f4-fa40f03f574c" testListId="8c84fa94-04c1-424b-9868-57a2d4851a1d" />
    <TestEntry testId="06b145c3-38af-bef9-3a11-59191b7a7e3e" executionId="6e81845d-ebde-49a3-96cb-3be256dba00b" testListId="8c84fa94-04c1-424b-9868-57a2d4851a1d" />
    <TestEntry testId="678a7b5d-e2f9-09be-f35f-0e3e4d5ad033" executionId="96e50b4b-f0a2-41cf-b54c-fbc802fa5979" testListId="8c84fa94-04c1-424b-9868-57a2d4851a1d" />
    <TestEntry testId="c09577a6-adca-ef94-40b5-45575ad65e4f" executionId="3bc49e41-d085-4cdc-bfc1-8e823e1dbf37" testListId="8c84fa94-04c1-424b-9868-57a2d4851a1d" />
    <TestEntry testId="27cc1a96-8264-8762-05bc-aa63ccb155d7" executionId="b1eec718-9728-4b1a-90af-2cf6af196232" testListId="8c84fa94-04c1-424b-9868-57a2d4851a1d" />
    <TestEntry testId="ac572b27-5286-68a4-5380-d7de82fbf69a" executionId="66dac07f-4dd4-4167-8f82-ad2c452da308" testListId="8c84fa94-04c1-424b-9868-57a2d4851a1d" />
    <TestEntry testId="a0ed43cd-0648-ddf9-c80e-52c6889ee049" executionId="0de22d5e-b567-4211-b7fa-324d1d4e213c" testListId="8c84fa94-04c1-424b-9868-57a2d4851a1d" />
    <TestEntry testId="772d3145-280a-fb9f-03c2-247d0f593a66" executionId="60ab5ac7-0358-45df-95cf-7380c643213c" testListId="8c84fa94-04c1-424b-9868-57a2d4851a1d" />
    <TestEntry testId="8c1d1a56-be42-3df5-a82e-36b97c2860b8" executionId="0f026594-d342-4458-97c4-0edef2d5e6e2" testListId="8c84fa94-04c1-424b-9868-57a2d4851a1d" />
    <TestEntry testId="1f173fff-9060-8c18-f825-225901225244" executionId="b9f3d676-9bf0-476b-81e5-0469d34a290e" testListId="8c84fa94-04c1-424b-9868-57a2d4851a1d" />
    <TestEntry testId="a6625fb0-1b80-148b-87dc-9cf616e5e84d" executionId="c17e5a77-c67b-4bba-855a-f79e3105407b" testListId="8c84fa94-04c1-424b-9868-57a2d4851a1d" />
    <TestEntry testId="4315ebd1-3e2a-edf0-9de6-c78f08760fe3" executionId="0586b564-203d-4022-8b6f-540d8fb69423" testListId="8c84fa94-04c1-424b-9868-57a2d4851a1d" />
    <TestEntry testId="f752d50b-77fa-327a-4493-168161bd27b2" executionId="afcc82a7-e1ed-4e00-b0ae-bfd5ee3dc783" testListId="8c84fa94-04c1-424b-9868-57a2d4851a1d" />
    <TestEntry testId="b79ee054-2363-6600-c9a3-db00cdcc0f2c" executionId="60847407-c0f3-4c92-87f6-73eb767aa3f8" testListId="8c84fa94-04c1-424b-9868-57a2d4851a1d" />
    <TestEntry testId="bc15aa99-72de-0e5a-b6e8-2d654659d591" executionId="3dd93156-f467-4553-a49a-da43c94071b5" testListId="8c84fa94-04c1-424b-9868-57a2d4851a1d" />
    <TestEntry testId="0a999e9b-220b-0f64-a533-84896c20ce13" executionId="8e37a6f5-fb08-4757-8561-58306b727fa1" testListId="8c84fa94-04c1-424b-9868-57a2d4851a1d" />
    <TestEntry testId="5ac755a3-81c6-56a5-464d-fd3393128598" executionId="61250867-59d2-4766-a0f2-4934b7c8ac50" testListId="8c84fa94-04c1-424b-9868-57a2d4851a1d" />
    <TestEntry testId="b8bb90de-6285-0f1c-e0f2-f3ba1f987370" executionId="5248aa16-4fe8-44b0-bb83-3fa55bafe637" testListId="8c84fa94-04c1-424b-9868-57a2d4851a1d" />
    <TestEntry testId="30809299-0e3e-4ac7-4a2a-6f8c296d2226" executionId="e3c82f4f-90cd-4873-8502-c00d66746f04" testListId="8c84fa94-04c1-424b-9868-57a2d4851a1d" />
    <TestEntry testId="f828057e-351a-48b7-0028-e57f15c7217e" executionId="dbdd8ee2-0fa2-4815-809d-72e75cd15656" testListId="8c84fa94-04c1-424b-9868-57a2d4851a1d" />
    <TestEntry testId="10024a68-25d4-872c-3e48-a6d6b2671494" executionId="9f03f478-01c8-4c1c-9286-9298631a978d" testListId="8c84fa94-04c1-424b-9868-57a2d4851a1d" />
    <TestEntry testId="071a93ca-ce4d-3349-fe5a-5052bf3ce103" executionId="4898eae6-3b60-49aa-980c-5e028563c86f" testListId="8c84fa94-04c1-424b-9868-57a2d4851a1d" />
    <TestEntry testId="5bee9d0e-89de-7b6d-4317-0a11342b1d29" executionId="13c3d05c-6d0a-490b-84f1-2d999948b44d" testListId="8c84fa94-04c1-424b-9868-57a2d4851a1d" />
    <TestEntry testId="46cc46f0-c0e1-f3e6-2242-cdef90a4249a" executionId="96c24f10-7db6-4542-be77-37853e3bd7c1" testListId="8c84fa94-04c1-424b-9868-57a2d4851a1d" />
    <TestEntry testId="118e36ba-6572-1245-e05b-9bcc7b4e5e20" executionId="ea40e054-76d4-472a-ac79-83e002034f2c" testListId="8c84fa94-04c1-424b-9868-57a2d4851a1d" />
    <TestEntry testId="432377b9-b0ad-9a2a-6dc2-e1069e73c449" executionId="a1d49e53-afc8-41a4-9d11-87909c49a447" testListId="8c84fa94-04c1-424b-9868-57a2d4851a1d" />
    <TestEntry testId="73904cd7-b09d-89fc-efca-330cb9d1d1b7" executionId="1e03901c-fabe-48a4-9ab0-73f9e151c149" testListId="8c84fa94-04c1-424b-9868-57a2d4851a1d" />
    <TestEntry testId="5517211d-203c-115f-7dc1-6f48da8ab75b" executionId="e29a1533-6001-4fff-93e9-3868bb3f4500" testListId="8c84fa94-04c1-424b-9868-57a2d4851a1d" />
    <TestEntry testId="98331ff8-6ed1-e7ba-c8dd-be5bd5b6cb2c" executionId="257e9712-9406-4470-af65-e4acafc351c3" testListId="8c84fa94-04c1-424b-9868-57a2d4851a1d" />
    <TestEntry testId="74c0befe-cdb2-1fdf-be71-2a39199bb5c9" executionId="5c91b160-1dc2-4f6f-9b31-0ed70ce1bd90" testListId="8c84fa94-04c1-424b-9868-57a2d4851a1d" />
    <TestEntry testId="bd43e66e-fbae-26eb-a9a1-c58a6bf5d7af" executionId="3f59e47e-a7e0-47ba-954e-2ee99c410ae9" testListId="8c84fa94-04c1-424b-9868-57a2d4851a1d" />
    <TestEntry testId="15fe55e5-cdce-6280-ea15-ef777735767c" executionId="af1dada8-f136-4afa-b5c4-3bcb98505efb" testListId="8c84fa94-04c1-424b-9868-57a2d4851a1d" />
    <TestEntry testId="64bc1554-814c-3c40-a6b0-679b40b89c36" executionId="b47c5073-f07f-4390-8881-9c6f8ed3b241" testListId="8c84fa94-04c1-424b-9868-57a2d4851a1d" />
    <TestEntry testId="3c82816f-4e62-7440-d30d-abbd53b1dcea" executionId="fdea62a3-522f-4b21-a1ec-6f5206eca3c7" testListId="8c84fa94-04c1-424b-9868-57a2d4851a1d" />
    <TestEntry testId="ebdf037a-44fa-7875-99d4-42fa9833aac8" executionId="bf2f5aa8-89ef-41eb-85dd-1ceab18be02d" testListId="8c84fa94-04c1-424b-9868-57a2d4851a1d" />
    <TestEntry testId="a4956cd8-34a7-6fca-5b71-6eb98cedd9b0" executionId="3e3b4c7b-5b0d-43c7-bb96-219188633523" testListId="8c84fa94-04c1-424b-9868-57a2d4851a1d" />
    <TestEntry testId="7dc20d31-477c-3765-83c0-7575a504da96" executionId="7663742e-f60f-4f7e-9706-bd95a0d16127" testListId="8c84fa94-04c1-424b-9868-57a2d4851a1d" />
    <TestEntry testId="1340b308-d9eb-a26e-e042-04d6c1d9a958" executionId="f465bac4-612d-4bc7-b2e7-2bd7e08df0e2" testListId="8c84fa94-04c1-424b-9868-57a2d4851a1d" />
    <TestEntry testId="29295413-2308-fade-9c98-0e9ed6c67839" executionId="855f912d-0637-4e6d-b9a9-45a5ca46b40e" testListId="8c84fa94-04c1-424b-9868-57a2d4851a1d" />
    <TestEntry testId="65b9b71b-a8d5-2a7d-a8a7-0e3a015e6b68" executionId="ebe1f6e0-c1c0-4778-a9ce-53754327867f" testListId="8c84fa94-04c1-424b-9868-57a2d4851a1d" />
    <TestEntry testId="b399a6be-77e5-c0ba-9b75-93d2ac763084" executionId="ece16180-e33b-4e91-a233-77d14c25fc01" testListId="8c84fa94-04c1-424b-9868-57a2d4851a1d" />
    <TestEntry testId="1b969e76-d97c-c639-c377-a41796fbb2c3" executionId="75f29b27-1a2f-4b25-87f7-5bdb3b25bd92" testListId="8c84fa94-04c1-424b-9868-57a2d4851a1d" />
    <TestEntry testId="19a313ce-6632-bd6f-bb7e-c2dc7bcf20eb" executionId="b21d8efb-15ca-4bb9-b343-789cf164948c" testListId="8c84fa94-04c1-424b-9868-57a2d4851a1d" />
    <TestEntry testId="1e15a82e-c1da-d4c9-090a-c7fc200f7f58" executionId="6c2e618e-0e9b-40ee-b414-538293cbb6fa" testListId="8c84fa94-04c1-424b-9868-57a2d4851a1d" />
    <TestEntry testId="a1095294-226e-a0f0-0154-11290289c9db" executionId="fc5f25ce-3139-46c4-8610-087bab04eec3" testListId="8c84fa94-04c1-424b-9868-57a2d4851a1d" />
    <TestEntry testId="c00cb1b0-a36c-2ae8-4230-b32afb3c83f9" executionId="4a4f8a2e-995f-4607-99e8-54e9ce96f7ed" testListId="8c84fa94-04c1-424b-9868-57a2d4851a1d" />
    <TestEntry testId="07d50dfb-3195-c832-23d2-97ae667f2010" executionId="d7e4b568-1b40-4365-8866-78e9e70de74c" testListId="8c84fa94-04c1-424b-9868-57a2d4851a1d" />
    <TestEntry testId="bf48e581-43e6-7660-c4f4-1b7deb1f0ed9" executionId="74d7663a-fb35-4828-a52e-f987478ff067" testListId="8c84fa94-04c1-424b-9868-57a2d4851a1d" />
    <TestEntry testId="447ced0a-6221-43ff-44ab-4ee12ee4d012" executionId="588ea122-1301-403b-9820-2e2043efca6c" testListId="8c84fa94-04c1-424b-9868-57a2d4851a1d" />
    <TestEntry testId="ab274dac-b194-4e0f-6fab-a20667b535a8" executionId="c44a6a78-2f9d-4ede-a7be-28ebd1923eda" testListId="8c84fa94-04c1-424b-9868-57a2d4851a1d" />
    <TestEntry testId="f2d267b8-d5a7-6c91-de6d-813182908c7f" executionId="e05c36fc-a395-4db1-99ee-020d46b3ce3d" testListId="8c84fa94-04c1-424b-9868-57a2d4851a1d" />
    <TestEntry testId="845c887e-a785-555d-db89-1c2975a33bbb" executionId="e4576a25-3c20-476a-bf21-5a1fcb3ae22f" testListId="8c84fa94-04c1-424b-9868-57a2d4851a1d" />
    <TestEntry testId="98d4dd82-eb94-c060-7aeb-9b0a39f334fb" executionId="fa1c0935-77fd-47d9-81f1-59d93c706478" testListId="8c84fa94-04c1-424b-9868-57a2d4851a1d" />
    <TestEntry testId="4ead3f79-a54e-1b96-838c-d0c2f491cb0d" executionId="406623c6-dcbf-4555-be0c-fe6f87812b11" testListId="8c84fa94-04c1-424b-9868-57a2d4851a1d" />
    <TestEntry testId="856fd0c8-b6f8-9265-ccfd-2a9e615488e2" executionId="aa0293ba-9276-45e7-8349-df3bf3e3300f" testListId="8c84fa94-04c1-424b-9868-57a2d4851a1d" />
    <TestEntry testId="1577c538-d1be-5b59-2b09-8e59b0be5fcd" executionId="3ebdcaa0-1e4e-448c-9c14-07ac6f447c3a" testListId="8c84fa94-04c1-424b-9868-57a2d4851a1d" />
    <TestEntry testId="f17b6f1f-06a9-5318-815f-4c3950fdd0cb" executionId="0ba0092c-2fbf-4512-a549-e6ccd2a729d3" testListId="8c84fa94-04c1-424b-9868-57a2d4851a1d" />
    <TestEntry testId="5e237822-3b9d-da27-9221-3ae1f5eb15b0" executionId="bfb5e0e2-26fb-4c17-88a4-cf005f762f21" testListId="8c84fa94-04c1-424b-9868-57a2d4851a1d" />
    <TestEntry testId="db5f34ff-df7c-44e5-6721-c319db8d6da0" executionId="af9d3237-130a-4fde-95da-88af239737b0" testListId="8c84fa94-04c1-424b-9868-57a2d4851a1d" />
    <TestEntry testId="4ff63349-9eef-ad1f-85cf-a84cda1ff120" executionId="b25398c6-cf74-4674-a417-a9146b377fbc" testListId="8c84fa94-04c1-424b-9868-57a2d4851a1d" />
    <TestEntry testId="9e36eef1-cde7-a509-c95d-2249b6b02dbb" executionId="6b75ae4b-c0de-4b9c-9015-7404b8eb47b3" testListId="8c84fa94-04c1-424b-9868-57a2d4851a1d" />
    <TestEntry testId="9af963da-8209-d683-34a5-be793bc59993" executionId="558945fb-8307-4e3e-bc50-f90d734695ce" testListId="8c84fa94-04c1-424b-9868-57a2d4851a1d" />
    <TestEntry testId="0c633595-70e8-b011-5a46-c9c7e1687cb9" executionId="c794db2e-9ad9-4104-934f-993122e4199f" testListId="8c84fa94-04c1-424b-9868-57a2d4851a1d" />
    <TestEntry testId="04084e8e-c859-4ef5-e2a7-4fb2803cb2a3" executionId="bad86cd0-1b82-4990-be8a-78be995d89fb" testListId="8c84fa94-04c1-424b-9868-57a2d4851a1d" />
  </TestEntries>
  <TestLists>
    <TestList name="Resultados sin formato de lista" id="8c84fa94-04c1-424b-9868-57a2d4851a1d" />
    <TestList name="Todos los resultados cargados" id="19431567-8539-422a-85d7-44ee4e166bda" />
  </TestLists>
  <ResultSummary outcome="Completed">
    <Counters total="446" executed="446" passed="446" failed="0" error="0" timeout="0" aborted="0" inconclusive="0" passedButRunAborted="0" notRunnable="0" notExecuted="0" disconnected="0" warning="0" completed="0" inProgress="0" pending="0" />
  </ResultSummary>
</TestRun>