<?xml version="1.0" encoding="utf-8"?>
<TestRun id="5505c5e2-21a0-438d-b4c3-18f9a8187f79" name="sferrari@PC-SFERRARI 2023-01-05 21:46:08" runUser="PC-SFERRARI\sferrari" xmlns="http://microsoft.com/schemas/VisualStudio/TeamTest/2010">
  <Times creation="2023-01-05T21:46:08.5221634+01:00" queuing="2023-01-05T21:46:08.5221634+01:00" start="2023-01-05T21:45:02.9832213+01:00" finish="2023-01-05T21:46:08.6181564+01:00" />
  <TestSettings name="default" id="2bed03f9-6139-4fce-81eb-301b7258083c">
    <Deployment runDeploymentRoot="sferrari_PC-SFERRARI_2023-01-05_21_46_08" />
  </TestSettings>
  <Results>
    <UnitTestResult executionId="73fc0dc8-6098-4fc3-a798-505262340d85" testId="5537ec31-2798-4818-aa30-495f5a8e21ec" testName="IsContainsUniqueChars_Passing_InvalidValue_Returns_ApplicationExceptionWithMessage" computerName="PC-SFERRARI" duration="00:01:02.1103020" startTime="2023-01-05T21:45:05.9955065+01:00" endTime="2023-01-05T21:46:08.3059828+01:00" testType="13cdc9d9-ddb5-4fa4-a97d-d965ccfc6d4b" outcome="Passed" testListId="8c84fa94-04c1-424b-9868-57a2d4851a1d" relativeResultsDirectory="73fc0dc8-6098-4fc3-a798-505262340d85" />
  </Results>
  <TestDefinitions>
    <UnitTest name="IsContainsUniqueChars_Passing_InvalidValue_Returns_ApplicationExceptionWithMessage" storage="d:\sferrari\01_trabajo\repos\netcore\libs\template-netcore-shared\kitpymes.core.shared.tests\bin\debug\net7.0\kitpymes.core.shared.tests.dll" id="5537ec31-2798-4818-aa30-495f5a8e21ec">
      <Execution id="73fc0dc8-6098-4fc3-a798-505262340d85" />
      <TestMethod codeBase="D:\SFERRARI\01_TRABAJO\repos\netcore\libs\template-netcore-shared\Kitpymes.Core.Shared.Tests\bin\Debug\net7.0\Kitpymes.Core.Shared.Tests.dll" adapterTypeName="executor://mstestadapter/v2" className="Kitpymes.Core.Shared.Tests.VerifyExtensionsTests" name="IsContainsUniqueChars_Passing_InvalidValue_Returns_ApplicationExceptionWithMessage" />
    </UnitTest>
  </TestDefinitions>
  <TestEntries>
    <TestEntry testId="5537ec31-2798-4818-aa30-495f5a8e21ec" executionId="73fc0dc8-6098-4fc3-a798-505262340d85" testListId="8c84fa94-04c1-424b-9868-57a2d4851a1d" />
  </TestEntries>
  <TestLists>
    <TestList name="Resultados sin formato de lista" id="8c84fa94-04c1-424b-9868-57a2d4851a1d" />
    <TestList name="Todos los resultados cargados" id="19431567-8539-422a-85d7-44ee4e166bda" />
  </TestLists>
  <ResultSummary outcome="Completed">
    <Counters total="1" executed="1" passed="1" failed="0" error="0" timeout="0" aborted="0" inconclusive="0" passedButRunAborted="0" notRunnable="0" notExecuted="0" disconnected="0" warning="0" completed="0" inProgress="0" pending="0" />
  </ResultSummary>
</TestRun>