<?xml version="1.0" encoding="utf-8"?>
<TestRun id="d5e10eeb-10a2-4ddd-91fa-f6c201354e2a" name="sferrari@PC-SFERRARI 2021-10-10 14:01:01" runUser="PC-SFERRARI\sferrari" xmlns="http://microsoft.com/schemas/VisualStudio/TeamTest/2010">
  <Times creation="2021-10-10T14:01:01.4108218+02:00" queuing="2021-10-10T14:01:01.4108237+02:00" start="2021-10-10T14:00:57.8253877+02:00" finish="2021-10-10T14:01:04.2409545+02:00" />
  <TestSettings name="default" id="d2edb94a-fac9-4bc5-b497-57bb9734f67d">
    <Deployment runDeploymentRoot="sferrari_PC-SFERRARI_2021-10-10_14_01_01" />
  </TestSettings>
  <Results>
    <UnitTestResult executionId="02b50404-2227-4452-be70-8480258dfdc2" testId="a132dca1-2a6f-4155-927b-e85bd4899dd4" testName="ToReplace_Passing_ValidValue_Returns_ReplacedValue (aeiou,*,0,2,**iou)" computerName="PC-SFERRARI" duration="00:00:00.0000229" startTime="2021-10-10T14:01:03.2416194+02:00" endTime="2021-10-10T14:01:03.2418648+02:00" testType="13cdc9d9-ddb5-4fa4-a97d-d965ccfc6d4b" outcome="Passed" testListId="8c84fa94-04c1-424b-9868-57a2d4851a1d" relativeResultsDirectory="02b50404-2227-4452-be70-8480258dfdc2" />
    <UnitTestResult executionId="1e306c76-0f12-4908-a01b-b7acc2f3ef71" testId="be3757b8-e467-4c85-a13b-4eb226b672b6" testName="ToService_Passing_Valid_Service_Returns_Service" computerName="PC-SFERRARI" duration="00:00:00.0021053" startTime="2021-10-10T14:01:01.2586039+02:00" endTime="2021-10-10T14:01:01.2608261+02:00" testType="13cdc9d9-ddb5-4fa4-a97d-d965ccfc6d4b" outcome="Passed" testListId="8c84fa94-04c1-424b-9868-57a2d4851a1d" relativeResultsDirectory="1e306c76-0f12-4908-a01b-b7acc2f3ef71" />
    <UnitTestResult executionId="c7829b97-34b5-4f7f-9006-92ae662ef2b3" testId="6c887523-20de-47da-891b-f98f3deeee33" testName="ToFirstLetterLower_Passing_ValidValue_Returns_StringWithFirstLetterLower (Aeiou,aeiou)" computerName="PC-SFERRARI" duration="00:00:00.0000048" startTime="2021-10-10T14:01:03.3958617+02:00" endTime="2021-10-10T14:01:03.3959183+02:00" testType="13cdc9d9-ddb5-4fa4-a97d-d965ccfc6d4b" outcome="Passed" testListId="8c84fa94-04c1-424b-9868-57a2d4851a1d" relativeResultsDirectory="c7829b97-34b5-4f7f-9006-92ae662ef2b3" />
    <UnitTestResult executionId="22bc8b31-987e-48ea-a44f-e4ac4c624ec8" testId="1c4bb1bc-64bf-4534-96d0-6322c0e9be1f" testName="ToNormalize_Passing_ValidValue_Returns_NormalizedValue (ÀÁÄÂÃ,AAAAA)" computerName="PC-SFERRARI" duration="00:00:00.0000565" startTime="2021-10-10T14:01:03.2844096+02:00" endTime="2021-10-10T14:01:03.2846007+02:00" testType="13cdc9d9-ddb5-4fa4-a97d-d965ccfc6d4b" outcome="Passed" testListId="8c84fa94-04c1-424b-9868-57a2d4851a1d" relativeResultsDirectory="22bc8b31-987e-48ea-a44f-e4ac4c624ec8" />
    <UnitTestResult executionId="387776da-6051-45b2-871f-c50cac26fd76" testId="a29b037b-6e9f-4907-a543-c33c4f3d2d83" testName="ToServiceMatchingInterface_Passing_Valid_Assembly_Returns_Service" computerName="PC-SFERRARI" duration="00:00:00.0353601" startTime="2021-10-10T14:01:03.1362398+02:00" endTime="2021-10-10T14:01:03.1717753+02:00" testType="13cdc9d9-ddb5-4fa4-a97d-d965ccfc6d4b" outcome="Passed" testListId="8c84fa94-04c1-424b-9868-57a2d4851a1d" relativeResultsDirectory="387776da-6051-45b2-871f-c50cac26fd76" />
    <UnitTestResult executionId="46026d70-ce22-410e-a45c-0b30088ed771" testId="8c595e7b-7ccb-4da2-97a8-87665e26fb79" testName="ToList_Passing_ValidEnumTypeWithSelectedValueWithResourceType_Returns_ValuesList" computerName="PC-SFERRARI" duration="00:00:00.0007884" startTime="2021-10-10T14:01:03.6873765+02:00" endTime="2021-10-10T14:01:03.6882943+02:00" testType="13cdc9d9-ddb5-4fa4-a97d-d965ccfc6d4b" outcome="Passed" testListId="8c84fa94-04c1-424b-9868-57a2d4851a1d" relativeResultsDirectory="46026d70-ce22-410e-a45c-0b30088ed771" />
    <UnitTestResult executionId="e1f8c1b8-89be-471d-827a-9e78ce8649a3" testId="d4b2e126-f698-4b08-be1d-7e6f3cce776b" testName="IsEqual_Passing_InvalidArguments_Returns_HasErrorsAndCount" computerName="PC-SFERRARI" duration="00:00:00.0007335" startTime="2021-10-10T14:01:03.6376076+02:00" endTime="2021-10-10T14:01:03.6384986+02:00" testType="13cdc9d9-ddb5-4fa4-a97d-d965ccfc6d4b" outcome="Passed" testListId="8c84fa94-04c1-424b-9868-57a2d4851a1d" relativeResultsDirectory="e1f8c1b8-89be-471d-827a-9e78ce8649a3" />
    <UnitTestResult executionId="9d384dbc-a64b-4f24-b434-cb29e48d8620" testId="9a5cb905-5306-43e2-98ff-bfc074cd8691" testName="ResultDataBadRequest_WithErrors_KeyValue" computerName="PC-SFERRARI" duration="00:00:00.0026301" startTime="2021-10-10T14:01:03.8185024+02:00" endTime="2021-10-10T14:01:03.8212476+02:00" testType="13cdc9d9-ddb5-4fa4-a97d-d965ccfc6d4b" outcome="Passed" testListId="8c84fa94-04c1-424b-9868-57a2d4851a1d" relativeResultsDirectory="9d384dbc-a64b-4f24-b434-cb29e48d8620" />
    <UnitTestResult executionId="ba664a93-d834-4991-88a5-7c8c15850b30" testId="9c94cbc3-5c89-4579-8234-ac366ac806ba" testName="ToIsAuthenticated_Passing_Null_ClaimsPrincipal_Returns_ApplicationException" computerName="PC-SFERRARI" duration="00:00:00.0800071" startTime="2021-10-10T14:01:01.8303389+02:00" endTime="2021-10-10T14:01:01.9107513+02:00" testType="13cdc9d9-ddb5-4fa4-a97d-d965ccfc6d4b" outcome="Passed" testListId="8c84fa94-04c1-424b-9868-57a2d4851a1d" relativeResultsDirectory="ba664a93-d834-4991-88a5-7c8c15850b30" />
    <UnitTestResult executionId="7e16242f-f016-4251-95a8-3ad469f0b3ed" testId="73a7e9cb-8cdc-40ca-9b3e-bc8d729c8553" testName="ToIsNameThrow_Passing_InvalidValue_Returns_ApplicationExceptionWithMessage" computerName="PC-SFERRARI" duration="00:00:00.0035001" startTime="2021-10-10T14:01:01.8244765+02:00" endTime="2021-10-10T14:01:01.8281025+02:00" testType="13cdc9d9-ddb5-4fa4-a97d-d965ccfc6d4b" outcome="Passed" testListId="8c84fa94-04c1-424b-9868-57a2d4851a1d" relativeResultsDirectory="7e16242f-f016-4251-95a8-3ad469f0b3ed" />
    <UnitTestResult executionId="6ff4ec6d-379c-423d-87f2-c1315a72ad75" testId="84283ac1-dd06-4e58-bb98-5b5b9abb5d88" testName="AddOrUpdate_Passing_Valid_Collection_Returns_Collection" computerName="PC-SFERRARI" duration="00:00:00.0029914" startTime="2021-10-10T14:01:02.1632496+02:00" endTime="2021-10-10T14:01:02.1665090+02:00" testType="13cdc9d9-ddb5-4fa4-a97d-d965ccfc6d4b" outcome="Passed" testListId="8c84fa94-04c1-424b-9868-57a2d4851a1d" relativeResultsDirectory="6ff4ec6d-379c-423d-87f2-c1315a72ad75" />
    <UnitTestResult executionId="356743b1-2eb7-43de-b514-a02e15cf1ebe" testId="32f5a31a-d4d2-4796-b0c6-d53ccb5e8bae" testName="ToUri_Passing_ValidValueString_Returns_Uri (http://142.42.1.1/)" computerName="PC-SFERRARI" duration="00:00:00.0000099" startTime="2021-10-10T14:01:03.4537274+02:00" endTime="2021-10-10T14:01:03.4538584+02:00" testType="13cdc9d9-ddb5-4fa4-a97d-d965ccfc6d4b" outcome="Passed" testListId="8c84fa94-04c1-424b-9868-57a2d4851a1d" relativeResultsDirectory="356743b1-2eb7-43de-b514-a02e15cf1ebe" />
    <UnitTestResult executionId="0f97dbd9-a016-4a28-a24d-11f514c3c17d" testId="855da350-7d2e-41f0-8850-d676c1021722" testName="ToUri_Passing_ValidValueString_Returns_Uri (http://code.google.com/events/#&amp;product=browser)" computerName="PC-SFERRARI" duration="00:00:00.0000083" startTime="2021-10-10T14:01:03.4618900+02:00" endTime="2021-10-10T14:01:03.4620305+02:00" testType="13cdc9d9-ddb5-4fa4-a97d-d965ccfc6d4b" outcome="Passed" testListId="8c84fa94-04c1-424b-9868-57a2d4851a1d" relativeResultsDirectory="0f97dbd9-a016-4a28-a24d-11f514c3c17d" />
    <UnitTestResult executionId="283c4127-45c9-42a4-9c45-a9a0f6a70c22" testId="ba8dde33-6ad6-40e6-955f-52757ef19587" testName="ToFirstLetterLower_Passing_ValidValue_Returns_StringWithFirstLetterLower (aeiou,aeiou)" computerName="PC-SFERRARI" duration="00:00:00.0004235" startTime="2021-10-10T14:01:03.3573079+02:00" endTime="2021-10-10T14:01:03.3579398+02:00" testType="13cdc9d9-ddb5-4fa4-a97d-d965ccfc6d4b" outcome="Passed" testListId="8c84fa94-04c1-424b-9868-57a2d4851a1d" relativeResultsDirectory="283c4127-45c9-42a4-9c45-a9a0f6a70c22" />
    <UnitTestResult executionId="c6dea93b-1f61-4e5a-acc4-d237400217c6" testId="91993220-d6a6-401b-84d6-1967fb46bfae" testName="ToGet_Passing_Claims_Returns_Claim_Value_Object" computerName="PC-SFERRARI" duration="00:00:00.0483300" startTime="2021-10-10T14:01:02.0523561+02:00" endTime="2021-10-10T14:01:02.1008269+02:00" testType="13cdc9d9-ddb5-4fa4-a97d-d965ccfc6d4b" outcome="Passed" testListId="8c84fa94-04c1-424b-9868-57a2d4851a1d" relativeResultsDirectory="c6dea93b-1f61-4e5a-acc4-d237400217c6" />
    <UnitTestResult executionId="7fbf0834-5b8a-453e-88ae-be8cecd330c5" testId="03110aa7-db4d-4aef-a4d0-28dee47d2214" testName="ToIsNullOrAnyThrow_Passing_InvalidValue_Returns_ApplicationExceptionWithMessage" computerName="PC-SFERRARI" duration="00:00:00.0011415" startTime="2021-10-10T14:01:01.7217705+02:00" endTime="2021-10-10T14:01:01.7230545+02:00" testType="13cdc9d9-ddb5-4fa4-a97d-d965ccfc6d4b" outcome="Passed" testListId="8c84fa94-04c1-424b-9868-57a2d4851a1d" relativeResultsDirectory="7fbf0834-5b8a-453e-88ae-be8cecd330c5" />
    <UnitTestResult executionId="b7503340-e2b4-461e-b3ef-c087f4f5f456" testId="c4303a4c-b33a-4a6f-82a2-0670269987de" testName="ToUri_Passing_InvalidValueString_Returns_DefaultValue (http://##)" computerName="PC-SFERRARI" duration="00:00:00.0000173" startTime="2021-10-10T14:01:03.4942121+02:00" endTime="2021-10-10T14:01:03.4943322+02:00" testType="13cdc9d9-ddb5-4fa4-a97d-d965ccfc6d4b" outcome="Passed" testListId="8c84fa94-04c1-424b-9868-57a2d4851a1d" relativeResultsDirectory="b7503340-e2b4-461e-b3ef-c087f4f5f456" />
    <UnitTestResult executionId="65485b2c-0618-41ce-bd28-56496883d1db" testId="6e7cfa60-bdb2-409c-9882-c3c9e4971a5a" testName="ToNormalize_Passing_ValidValue_Returns_NormalizedValue (Mañana,Manana)" computerName="PC-SFERRARI" duration="00:00:00.0000500" startTime="2021-10-10T14:01:03.3372752+02:00" endTime="2021-10-10T14:01:03.3374342+02:00" testType="13cdc9d9-ddb5-4fa4-a97d-d965ccfc6d4b" outcome="Passed" testListId="8c84fa94-04c1-424b-9868-57a2d4851a1d" relativeResultsDirectory="65485b2c-0618-41ce-bd28-56496883d1db" />
    <UnitTestResult executionId="82faeda6-8f6c-4e1f-aaa2-dde7cd3794c7" testId="c569088e-2549-4d5c-9a8b-bba148148f02" testName="ToDefaultValue_Passing_decimal_Returns_Cero" computerName="PC-SFERRARI" duration="00:00:00.0003541" startTime="2021-10-10T14:01:02.2670162+02:00" endTime="2021-10-10T14:01:02.2674509+02:00" testType="13cdc9d9-ddb5-4fa4-a97d-d965ccfc6d4b" outcome="Passed" testListId="8c84fa94-04c1-424b-9868-57a2d4851a1d" relativeResultsDirectory="82faeda6-8f6c-4e1f-aaa2-dde7cd3794c7" />
    <UnitTestResult executionId="6c0f9209-981f-48ab-8ef3-487003c7f218" testId="c14a6243-5355-4188-be29-3149dbe54158" testName="ToEmailMaskUserName_Passing_ValidEmail_Returns_EmailWithMask (qaz@gmail.com,q*z@gmail.com)" computerName="PC-SFERRARI" duration="00:00:00.0010496" startTime="2021-10-10T14:01:03.3959592+02:00" endTime="2021-10-10T14:01:03.3970748+02:00" testType="13cdc9d9-ddb5-4fa4-a97d-d965ccfc6d4b" outcome="Passed" testListId="8c84fa94-04c1-424b-9868-57a2d4851a1d" relativeResultsDirectory="6c0f9209-981f-48ab-8ef3-487003c7f218" />
    <UnitTestResult executionId="e57d2822-040a-44b0-8563-b3cb479dd5c9" testId="dc8ed7f1-96c9-4931-aeee-af685a50dbf6" testName="ToPaged_Passing_Age_Ascending_Order_Returns_Filter_List" computerName="PC-SFERRARI" duration="00:00:00.0046509" startTime="2021-10-10T14:01:03.0812352+02:00" endTime="2021-10-10T14:01:03.0892110+02:00" testType="13cdc9d9-ddb5-4fa4-a97d-d965ccfc6d4b" outcome="Passed" testListId="8c84fa94-04c1-424b-9868-57a2d4851a1d" relativeResultsDirectory="e57d2822-040a-44b0-8563-b3cb479dd5c9" />
    <UnitTestResult executionId="190ab022-5334-4072-9237-642b24d0f9bf" testId="c316c036-7f2a-4032-b087-87d01d5f6629" testName="ToIsSubdomainThrow_Passing_InvalidValue_Returns_ApplicationExceptionWithMessage (dasdasd@dsasd.._ff)" computerName="PC-SFERRARI" duration="00:00:00.0020412" startTime="2021-10-10T14:01:01.8156151+02:00" endTime="2021-10-10T14:01:01.8177390+02:00" testType="13cdc9d9-ddb5-4fa4-a97d-d965ccfc6d4b" outcome="Passed" testListId="8c84fa94-04c1-424b-9868-57a2d4851a1d" relativeResultsDirectory="190ab022-5334-4072-9237-642b24d0f9bf" />
    <UnitTestResult executionId="f21e1036-455b-43bc-ab3b-3a25336b31a9" testId="be349c7f-d2fa-4572-b67d-cd79dc212272" testName="ToUri_Passing_InvalidValueString_Returns_DefaultValue (http://##/)" computerName="PC-SFERRARI" duration="00:00:00.0000123" startTime="2021-10-10T14:01:03.4944132+02:00" endTime="2021-10-10T14:01:03.4945372+02:00" testType="13cdc9d9-ddb5-4fa4-a97d-d965ccfc6d4b" outcome="Passed" testListId="8c84fa94-04c1-424b-9868-57a2d4851a1d" relativeResultsDirectory="f21e1036-455b-43bc-ab3b-3a25336b31a9" />
    <UnitTestResult executionId="e9d4ccf1-5f41-47e5-8eea-2387e1eae6b6" testId="3aec4198-9813-4d26-ad32-0483776b97c3" testName="ToIsEmailThrow_Passing_InvalidValue_Returns_ApplicationExceptionWithMessage (dasdasd@dsasd.._ff)" computerName="PC-SFERRARI" duration="00:00:00.0715568" startTime="2021-10-10T14:01:01.7375393+02:00" endTime="2021-10-10T14:01:01.8144584+02:00" testType="13cdc9d9-ddb5-4fa4-a97d-d965ccfc6d4b" outcome="Passed" testListId="8c84fa94-04c1-424b-9868-57a2d4851a1d" relativeResultsDirectory="e9d4ccf1-5f41-47e5-8eea-2387e1eae6b6" />
    <UnitTestResult executionId="b0bd02d3-978c-41f7-8459-103d817eb9d1" testId="9bde25d1-ba8b-4314-8691-010b1e8f627c" testName="ToUri_Passing_InvalidValueString_Returns_DefaultValue (http://..)" computerName="PC-SFERRARI" duration="00:00:00.0000139" startTime="2021-10-10T14:01:03.4928752+02:00" endTime="2021-10-10T14:01:03.4930130+02:00" testType="13cdc9d9-ddb5-4fa4-a97d-d965ccfc6d4b" outcome="Passed" testListId="8c84fa94-04c1-424b-9868-57a2d4851a1d" relativeResultsDirectory="b0bd02d3-978c-41f7-8459-103d817eb9d1" />
    <UnitTestResult executionId="d7bb13e0-098c-4f1d-96b5-f6782bf659f7" testId="aca991f6-ea87-4c4a-b2ce-922254399539" testName="ResultOk_WithMessage_WithDetails" computerName="PC-SFERRARI" duration="00:00:00.0013313" startTime="2021-10-10T14:01:03.7635962+02:00" endTime="2021-10-10T14:01:03.7651769+02:00" testType="13cdc9d9-ddb5-4fa4-a97d-d965ccfc6d4b" outcome="Passed" testListId="8c84fa94-04c1-424b-9868-57a2d4851a1d" relativeResultsDirectory="d7bb13e0-098c-4f1d-96b5-f6782bf659f7" />
    <UnitTestResult executionId="4fa375e4-e255-47e8-9db0-501a4c31dc2e" testId="64ad69d7-aab8-4617-a035-5b58b68540be" testName="ToStringFormat_Passing_ValidValue_Returns_ValueWithoutRemovedChars (1)" computerName="PC-SFERRARI" duration="00:00:00.0000182" startTime="2021-10-10T14:01:03.0615195+02:00" endTime="2021-10-10T14:01:03.0617196+02:00" testType="13cdc9d9-ddb5-4fa4-a97d-d965ccfc6d4b" outcome="Passed" testListId="8c84fa94-04c1-424b-9868-57a2d4851a1d" relativeResultsDirectory="4fa375e4-e255-47e8-9db0-501a4c31dc2e" />
    <UnitTestResult executionId="4487ea55-0527-4644-be47-c34cd0812c2c" testId="4b101d47-11e6-406c-9f95-327a11cc81b7" testName="ToIsNullOrEmptyThrow_Passing_InvalidValue_Returns_ApplicationExceptionWithMessage" computerName="PC-SFERRARI" duration="00:00:00.0005257" startTime="2021-10-10T14:01:01.7205000+02:00" endTime="2021-10-10T14:01:01.7211838+02:00" testType="13cdc9d9-ddb5-4fa4-a97d-d965ccfc6d4b" outcome="Passed" testListId="8c84fa94-04c1-424b-9868-57a2d4851a1d" relativeResultsDirectory="4487ea55-0527-4644-be47-c34cd0812c2c" />
    <UnitTestResult executionId="c0e5543e-9754-4b7f-ac49-f27509b5d6d0" testId="add31a17-c0f0-44c8-a2e9-78430e8c2e31" testName="ToIsAuthenticated_Passing_Claims_Returns_False" computerName="PC-SFERRARI" duration="00:00:00.0019356" startTime="2021-10-10T14:01:01.9108966+02:00" endTime="2021-10-10T14:01:01.9130847+02:00" testType="13cdc9d9-ddb5-4fa4-a97d-d965ccfc6d4b" outcome="Passed" testListId="8c84fa94-04c1-424b-9868-57a2d4851a1d" relativeResultsDirectory="c0e5543e-9754-4b7f-ac49-f27509b5d6d0" />
    <UnitTestResult executionId="2f9d4398-5c97-4618-8e84-881e9f3cb14d" testId="6fce1299-b5f9-4f55-adec-8328c6347f9c" testName="ToUri_Passing_ValidValueString_Returns_Uri (http://foo.bar/?q=Test%20URL-encoded%20stuff)" computerName="PC-SFERRARI" duration="00:00:00.0000526" startTime="2021-10-10T14:01:03.4622845+02:00" endTime="2021-10-10T14:01:03.4624580+02:00" testType="13cdc9d9-ddb5-4fa4-a97d-d965ccfc6d4b" outcome="Passed" testListId="8c84fa94-04c1-424b-9868-57a2d4851a1d" relativeResultsDirectory="2f9d4398-5c97-4618-8e84-881e9f3cb14d" />
    <UnitTestResult executionId="c4551f7c-0469-4026-9f19-3f2b49c09ef0" testId="7cbf6213-6839-403e-8e73-4f9aa188c498" testName="ToUri_Passing_ValidValueString_Returns_Uri (http://foo.com/(something)?after=parens)" computerName="PC-SFERRARI" duration="00:00:00.0000114" startTime="2021-10-10T14:01:03.4613666+02:00" endTime="2021-10-10T14:01:03.4615677+02:00" testType="13cdc9d9-ddb5-4fa4-a97d-d965ccfc6d4b" outcome="Passed" testListId="8c84fa94-04c1-424b-9868-57a2d4851a1d" relativeResultsDirectory="c4551f7c-0469-4026-9f19-3f2b49c09ef0" />
    <UnitTestResult executionId="7c987000-47bf-4dc1-9808-0c5b25cf5ba3" testId="e2de0433-b36d-4be8-b51c-59fbc50660c7" testName="ToRemove_Passing_ValidValue_Returns_ValueWithoutRemovedChars (hello hello, ,hellohello)" computerName="PC-SFERRARI" duration="00:00:00.0000553" startTime="2021-10-10T14:01:03.2246357+02:00" endTime="2021-10-10T14:01:03.2248094+02:00" testType="13cdc9d9-ddb5-4fa4-a97d-d965ccfc6d4b" outcome="Passed" testListId="8c84fa94-04c1-424b-9868-57a2d4851a1d" relativeResultsDirectory="7c987000-47bf-4dc1-9808-0c5b25cf5ba3" />
    <UnitTestResult executionId="7964245c-410f-4c2b-8a98-59305ff3a38b" testId="66b7672c-87e8-4cfa-b981-0c2d8ca8cc99" testName="ToUri_Passing_ValidValueString_Returns_Uri (http://foo.com/blah_blah?p=5)" computerName="PC-SFERRARI" duration="00:00:00.0000108" startTime="2021-10-10T14:01:03.4104911+02:00" endTime="2021-10-10T14:01:03.4107037+02:00" testType="13cdc9d9-ddb5-4fa4-a97d-d965ccfc6d4b" outcome="Passed" testListId="8c84fa94-04c1-424b-9868-57a2d4851a1d" relativeResultsDirectory="7964245c-410f-4c2b-8a98-59305ff3a38b" />
    <UnitTestResult executionId="be2db38e-30d0-4bb1-aa9a-2ce07a52a64f" testId="c41d3f8f-4b3a-463a-9417-694c6262c658" testName="ToService_Passing_Service_Not_Found_Returns_Null" computerName="PC-SFERRARI" duration="00:00:00.0003998" startTime="2021-10-10T14:01:01.2579675+02:00" endTime="2021-10-10T14:01:01.2585339+02:00" testType="13cdc9d9-ddb5-4fa4-a97d-d965ccfc6d4b" outcome="Passed" testListId="8c84fa94-04c1-424b-9868-57a2d4851a1d" relativeResultsDirectory="be2db38e-30d0-4bb1-aa9a-2ce07a52a64f" />
    <UnitTestResult executionId="7b318e6a-baba-4538-9bc2-7a6031ed7384" testId="134ca00c-4a81-49a6-a463-5ddfd418ba82" testName="ToReplace_Passing_ValidValue_Returns_ReplacedValue (aeiou,*,2,2,ae**u)" computerName="PC-SFERRARI" duration="00:00:00.0000123" startTime="2021-10-10T14:01:03.2431069+02:00" endTime="2021-10-10T14:01:03.2432547+02:00" testType="13cdc9d9-ddb5-4fa4-a97d-d965ccfc6d4b" outcome="Passed" testListId="8c84fa94-04c1-424b-9868-57a2d4851a1d" relativeResultsDirectory="7b318e6a-baba-4538-9bc2-7a6031ed7384" />
    <UnitTestResult executionId="d47f8718-10e0-4ff6-93d5-bfd3eeb7ec20" testId="d259c2a7-03fd-4568-83b4-2909dc4d673a" testName="ToNormalize_Passing_ValidValue_Returns_NormalizedValue (ìíïî,iiii)" computerName="PC-SFERRARI" duration="00:00:00.0000509" startTime="2021-10-10T14:01:03.3277012+02:00" endTime="2021-10-10T14:01:03.3279004+02:00" testType="13cdc9d9-ddb5-4fa4-a97d-d965ccfc6d4b" outcome="Passed" testListId="8c84fa94-04c1-424b-9868-57a2d4851a1d" relativeResultsDirectory="d47f8718-10e0-4ff6-93d5-bfd3eeb7ec20" />
    <UnitTestResult executionId="16e8e9f4-ae9c-43f3-b773-5b02ece1a8ee" testId="36eb8cac-c2cc-4b97-8fd8-953fda66b10b" testName="ToReplace_Passing_ValidValue_Returns_ReplacedValue (aeiou,*,0,3,***ou)" computerName="PC-SFERRARI" duration="00:00:00.0000142" startTime="2021-10-10T14:01:03.2420291+02:00" endTime="2021-10-10T14:01:03.2421845+02:00" testType="13cdc9d9-ddb5-4fa4-a97d-d965ccfc6d4b" outcome="Passed" testListId="8c84fa94-04c1-424b-9868-57a2d4851a1d" relativeResultsDirectory="16e8e9f4-ae9c-43f3-b773-5b02ece1a8ee" />
    <UnitTestResult executionId="62086630-dddc-4e2a-b5d0-aaa84336d29c" testId="a9f90029-ac57-4b9e-86b5-d4f98fb471c7" testName="ToFirstLetterUpper_Passing_ValidValue_Returns_StringWithFirstLetterUpper (Aeiou,Aeiou)" computerName="PC-SFERRARI" duration="00:00:00.0000068" startTime="2021-10-10T14:01:03.3486553+02:00" endTime="2021-10-10T14:01:03.3487452+02:00" testType="13cdc9d9-ddb5-4fa4-a97d-d965ccfc6d4b" outcome="Passed" testListId="8c84fa94-04c1-424b-9868-57a2d4851a1d" relativeResultsDirectory="62086630-dddc-4e2a-b5d0-aaa84336d29c" />
    <UnitTestResult executionId="c6e6a369-809a-4dba-96f8-b74844612570" testId="c0d1114c-61fb-4ef1-a80c-12ee10f70b4d" testName="CreateSHA256_Passing_Invalid_Arguments_Returns_ApplicationException ( )" computerName="PC-SFERRARI" duration="00:00:00.0002922" startTime="2021-10-10T14:01:03.7074184+02:00" endTime="2021-10-10T14:01:03.7078664+02:00" testType="13cdc9d9-ddb5-4fa4-a97d-d965ccfc6d4b" outcome="Passed" testListId="8c84fa94-04c1-424b-9868-57a2d4851a1d" relativeResultsDirectory="c6e6a369-809a-4dba-96f8-b74844612570" />
    <UnitTestResult executionId="f9ef83ff-db60-4675-ae7f-91d83516ef48" testId="67732d31-407c-48f1-89fd-5514287a5322" testName="ToDefaultValue_Passing_sbyte_Returns_Cero" computerName="PC-SFERRARI" duration="00:00:00.0009142" startTime="2021-10-10T14:01:02.2123307+02:00" endTime="2021-10-10T14:01:02.2137021+02:00" testType="13cdc9d9-ddb5-4fa4-a97d-d965ccfc6d4b" outcome="Passed" testListId="8c84fa94-04c1-424b-9868-57a2d4851a1d" relativeResultsDirectory="f9ef83ff-db60-4675-ae7f-91d83516ef48" />
    <UnitTestResult executionId="63f26151-ad75-469f-85b2-6100c172e39a" testId="9f98ef55-d92c-403f-8c64-25faf1bc0894" testName="ToContentType_Passing_ValidValueString_Returns_ContentType (xxxx.pdf,application/pdf)" computerName="PC-SFERRARI" duration="00:00:00.0274661" startTime="2021-10-10T14:01:03.5172965+02:00" endTime="2021-10-10T14:01:03.5449141+02:00" testType="13cdc9d9-ddb5-4fa4-a97d-d965ccfc6d4b" outcome="Passed" testListId="8c84fa94-04c1-424b-9868-57a2d4851a1d" relativeResultsDirectory="63f26151-ad75-469f-85b2-6100c172e39a" />
    <UnitTestResult executionId="a5279740-602f-4a70-b2c8-f8bbc8c2efb4" testId="ee179d40-2f44-46f5-b695-d3c80b04f7f3" testName="ToUri_Passing_InvalidValueString_Returns_Null (http://??)" computerName="PC-SFERRARI" duration="00:00:00.0000128" startTime="2021-10-10T14:01:03.4810767+02:00" endTime="2021-10-10T14:01:03.4811999+02:00" testType="13cdc9d9-ddb5-4fa4-a97d-d965ccfc6d4b" outcome="Passed" testListId="8c84fa94-04c1-424b-9868-57a2d4851a1d" relativeResultsDirectory="a5279740-602f-4a70-b2c8-f8bbc8c2efb4" />
    <UnitTestResult executionId="cfe072d5-1175-4d86-be8f-4d52a52ace25" testId="01753f1c-609b-4bbe-bb58-58e6a58aaba3" testName="ToNormalize_Passing_ValidValue_Returns_NormalizedValue (Autobús,Autobus)" computerName="PC-SFERRARI" duration="00:00:00.0000387" startTime="2021-10-10T14:01:03.3368316+02:00" endTime="2021-10-10T14:01:03.3369745+02:00" testType="13cdc9d9-ddb5-4fa4-a97d-d965ccfc6d4b" outcome="Passed" testListId="8c84fa94-04c1-424b-9868-57a2d4851a1d" relativeResultsDirectory="cfe072d5-1175-4d86-be8f-4d52a52ace25" />
    <UnitTestResult executionId="95f9cf16-b342-4109-94ea-17e4a317fd39" testId="d34f7769-39f7-4802-aa58-5624a82759b2" testName="CreateRandom_WithCustomAllowableCharacters_Passing_Valid_Arguments_Returns_String_Random_Value (20,qazwscefbthmiklp09876543)" computerName="PC-SFERRARI" duration="00:00:00.0000199" startTime="2021-10-10T14:01:03.6929675+02:00" endTime="2021-10-10T14:01:03.6930878+02:00" testType="13cdc9d9-ddb5-4fa4-a97d-d965ccfc6d4b" outcome="Passed" testListId="8c84fa94-04c1-424b-9868-57a2d4851a1d" relativeResultsDirectory="95f9cf16-b342-4109-94ea-17e4a317fd39" />
    <UnitTestResult executionId="ed59e110-ac48-49da-b32d-359e5b6714e9" testId="32c5df81-4a43-441c-ad6f-4b237d163098" testName="ToSerialize_Passing_Objects_Returns_String_Values" computerName="PC-SFERRARI" duration="00:00:00.0023364" startTime="2021-10-10T14:01:03.0624120+02:00" endTime="2021-10-10T14:01:03.0650922+02:00" testType="13cdc9d9-ddb5-4fa4-a97d-d965ccfc6d4b" outcome="Passed" testListId="8c84fa94-04c1-424b-9868-57a2d4851a1d" relativeResultsDirectory="ed59e110-ac48-49da-b32d-359e5b6714e9" />
    <UnitTestResult executionId="3daa5f24-d03c-4f2d-99b6-64311c7667cd" testId="da6ef1c7-6833-40f5-8f3e-2d8f2f0972e0" testName="ToMapList_Passing_Source_Type_And_Destination_Type_Returns_Destination_Object_List" computerName="PC-SFERRARI" duration="00:00:00.0418193" startTime="2021-10-10T14:01:00.8526553+02:00" endTime="2021-10-10T14:01:00.8946122+02:00" testType="13cdc9d9-ddb5-4fa4-a97d-d965ccfc6d4b" outcome="Passed" testListId="8c84fa94-04c1-424b-9868-57a2d4851a1d" relativeResultsDirectory="3daa5f24-d03c-4f2d-99b6-64311c7667cd" />
    <UnitTestResult executionId="c67a357c-f3c0-47d6-ac3c-72ba1d7a2278" testId="6fbe0a35-7379-451d-a7c3-bf35c22c8ac1" testName="ToAuthenticationType_Passing_Claims_Returns_Null" computerName="PC-SFERRARI" duration="00:00:00.0006784" startTime="2021-10-10T14:01:01.9695756+02:00" endTime="2021-10-10T14:01:01.9747339+02:00" testType="13cdc9d9-ddb5-4fa4-a97d-d965ccfc6d4b" outcome="Passed" testListId="8c84fa94-04c1-424b-9868-57a2d4851a1d" relativeResultsDirectory="c67a357c-f3c0-47d6-ac3c-72ba1d7a2278" />
    <UnitTestResult executionId="4fff509a-2e65-46c9-ac3e-6a95f91fdee3" testId="f94b467d-0bdf-4a60-ad81-5a3dcd160dd0" testName="IsFile_Passing_InvalidArguments_Returns_HasErrorsAndCount" computerName="PC-SFERRARI" duration="00:00:00.0001633" startTime="2021-10-10T14:01:03.6537194+02:00" endTime="2021-10-10T14:01:03.6539670+02:00" testType="13cdc9d9-ddb5-4fa4-a97d-d965ccfc6d4b" outcome="Passed" testListId="8c84fa94-04c1-424b-9868-57a2d4851a1d" relativeResultsDirectory="4fff509a-2e65-46c9-ac3e-6a95f91fdee3" />
    <UnitTestResult executionId="b19d507c-7758-4ffc-b6d4-b2b92d53e7be" testId="f86453fd-071b-4d58-b8a5-7b60cf888ab5" testName="ToDefaultValue_Passing_float_Returns_Cero" computerName="PC-SFERRARI" duration="00:00:00.0271475" startTime="2021-10-10T14:01:02.2277376+02:00" endTime="2021-10-10T14:01:02.2551632+02:00" testType="13cdc9d9-ddb5-4fa4-a97d-d965ccfc6d4b" outcome="Passed" testListId="8c84fa94-04c1-424b-9868-57a2d4851a1d" relativeResultsDirectory="b19d507c-7758-4ffc-b6d4-b2b92d53e7be" />
    <UnitTestResult executionId="8abe2a71-a376-45a1-8fba-d6ff7e52e0d9" testId="e1a125f8-3dcf-4b4d-88be-89225dbf9cae" testName="ToUri_Passing_ValidValueString_Returns_Uri (http://مثال.إختبار)" computerName="PC-SFERRARI" duration="00:00:00.0000188" startTime="2021-10-10T14:01:03.4625239+02:00" endTime="2021-10-10T14:01:03.4626644+02:00" testType="13cdc9d9-ddb5-4fa4-a97d-d965ccfc6d4b" outcome="Passed" testListId="8c84fa94-04c1-424b-9868-57a2d4851a1d" relativeResultsDirectory="8abe2a71-a376-45a1-8fba-d6ff7e52e0d9" />
    <UnitTestResult executionId="aa64dbc0-7208-4728-b0d0-ac99010f78a4" testId="cd9c9cb8-4643-40b9-9a76-41701b4a022d" testName="ToStringFormat_Passing_ValidValue_Returns_ValueWithoutRemovedChars (0)" computerName="PC-SFERRARI" duration="00:00:00.0005061" startTime="2021-10-10T14:01:03.0531014+02:00" endTime="2021-10-10T14:01:03.0613673+02:00" testType="13cdc9d9-ddb5-4fa4-a97d-d965ccfc6d4b" outcome="Passed" testListId="8c84fa94-04c1-424b-9868-57a2d4851a1d" relativeResultsDirectory="aa64dbc0-7208-4728-b0d0-ac99010f78a4" />
    <UnitTestResult executionId="89c3cd74-6509-49c2-8752-b2c04e95000f" testId="af9258ec-3488-4d26-8695-416f9fb214a8" testName="ToUri_Passing_ValidValueString_Returns_Uri (http://userid:password@example.com:8080)" computerName="PC-SFERRARI" duration="00:00:00.0000294" startTime="2021-10-10T14:01:03.4475080+02:00" endTime="2021-10-10T14:01:03.4477278+02:00" testType="13cdc9d9-ddb5-4fa4-a97d-d965ccfc6d4b" outcome="Passed" testListId="8c84fa94-04c1-424b-9868-57a2d4851a1d" relativeResultsDirectory="89c3cd74-6509-49c2-8752-b2c04e95000f" />
    <UnitTestResult executionId="2c3d7145-1d67-4d23-81ec-79a3f5872416" testId="5937702c-02be-481f-a5c9-4426b552f83c" testName="ToService_Passing_NotFound_Service_Returns_Null" computerName="PC-SFERRARI" duration="00:00:00.0001658" startTime="2021-10-10T14:01:03.1117823+02:00" endTime="2021-10-10T14:01:03.1120769+02:00" testType="13cdc9d9-ddb5-4fa4-a97d-d965ccfc6d4b" outcome="Passed" testListId="8c84fa94-04c1-424b-9868-57a2d4851a1d" relativeResultsDirectory="2c3d7145-1d67-4d23-81ec-79a3f5872416" />
    <UnitTestResult executionId="1daf694a-9be5-438c-8551-a6e24218b9ee" testId="ac743821-9b33-4595-9ac7-a104a1572b23" testName="IsFileExtension_Passing_InvalidArguments_Returns_HasErrorsAndCount" computerName="PC-SFERRARI" duration="00:00:00.0001192" startTime="2021-10-10T14:01:03.6540000+02:00" endTime="2021-10-10T14:01:03.6541838+02:00" testType="13cdc9d9-ddb5-4fa4-a97d-d965ccfc6d4b" outcome="Passed" testListId="8c84fa94-04c1-424b-9868-57a2d4851a1d" relativeResultsDirectory="1daf694a-9be5-438c-8551-a6e24218b9ee" />
    <UnitTestResult executionId="f0ab1842-3c55-42da-be35-32d22db35b05" testId="697d3b4f-1286-4532-9817-6a967e39521c" testName="ToMapUpdate_Passing_Destination_Object_Returns_Updated_Destination_Object" computerName="PC-SFERRARI" duration="00:00:00.0056646" startTime="2021-10-10T14:01:00.8339860+02:00" endTime="2021-10-10T14:01:00.8397655+02:00" testType="13cdc9d9-ddb5-4fa4-a97d-d965ccfc6d4b" outcome="Passed" testListId="8c84fa94-04c1-424b-9868-57a2d4851a1d" relativeResultsDirectory="f0ab1842-3c55-42da-be35-32d22db35b05" />
    <UnitTestResult executionId="f8229bbb-8888-4fc5-8be4-b6a46aed45bc" testId="6aca1cdf-4b53-413a-9e60-be39ffb14266" testName="ToNormalize_Passing_ValidValue_Returns_NormalizedValue (héllo,hello)" computerName="PC-SFERRARI" duration="00:00:00.0000437" startTime="2021-10-10T14:01:03.3365849+02:00" endTime="2021-10-10T14:01:03.3367547+02:00" testType="13cdc9d9-ddb5-4fa4-a97d-d965ccfc6d4b" outcome="Passed" testListId="8c84fa94-04c1-424b-9868-57a2d4851a1d" relativeResultsDirectory="f8229bbb-8888-4fc5-8be4-b6a46aed45bc" />
    <UnitTestResult executionId="443f6e29-7317-43de-9dff-1e607c63514f" testId="23f5c778-725b-44ec-ace5-8c8d807e2f0e" testName="ResultUnauthorized" computerName="PC-SFERRARI" duration="00:00:00.0006405" startTime="2021-10-10T14:01:03.8006317+02:00" endTime="2021-10-10T14:01:03.8014712+02:00" testType="13cdc9d9-ddb5-4fa4-a97d-d965ccfc6d4b" outcome="Passed" testListId="8c84fa94-04c1-424b-9868-57a2d4851a1d" relativeResultsDirectory="443f6e29-7317-43de-9dff-1e607c63514f" />
    <UnitTestResult executionId="ad369e54-69bc-445e-bc58-163232031088" testId="77acd0bc-ef75-46ac-a941-667bef6b39c7" testName="ToUri_Passing_InvalidValueString_Returns_Null (http://?)" computerName="PC-SFERRARI" duration="00:00:00.0011903" startTime="2021-10-10T14:01:03.4702841+02:00" endTime="2021-10-10T14:01:03.4716063+02:00" testType="13cdc9d9-ddb5-4fa4-a97d-d965ccfc6d4b" outcome="Passed" testListId="8c84fa94-04c1-424b-9868-57a2d4851a1d" relativeResultsDirectory="ad369e54-69bc-445e-bc58-163232031088" />
    <UnitTestResult executionId="5dfba6ec-ff12-4681-9bb3-bc683748cb58" testId="3162843c-97b6-4269-8827-bd002a9611af" testName="ToUri_Passing_ValidValueString_Returns_Uri (http://j.mp)" computerName="PC-SFERRARI" duration="00:00:00.0000082" startTime="2021-10-10T14:01:03.4620936+02:00" endTime="2021-10-10T14:01:03.4622219+02:00" testType="13cdc9d9-ddb5-4fa4-a97d-d965ccfc6d4b" outcome="Passed" testListId="8c84fa94-04c1-424b-9868-57a2d4851a1d" relativeResultsDirectory="5dfba6ec-ff12-4681-9bb3-bc683748cb58" />
    <UnitTestResult executionId="1450a45c-5f48-45b4-aeba-5586bb8a2978" testId="9dbf2c98-9343-4fbd-86e3-9b28ff061a46" testName="ResultDataBadRequest_WithErrors_Dictionary" computerName="PC-SFERRARI" duration="00:00:00.0010562" startTime="2021-10-10T14:01:03.8213557+02:00" endTime="2021-10-10T14:01:03.8225871+02:00" testType="13cdc9d9-ddb5-4fa4-a97d-d965ccfc6d4b" outcome="Passed" testListId="8c84fa94-04c1-424b-9868-57a2d4851a1d" relativeResultsDirectory="1450a45c-5f48-45b4-aeba-5586bb8a2978" />
    <UnitTestResult executionId="3eacbdf7-3f96-46ff-a91b-286d84fa777c" testId="7d6cefd4-8496-4aa4-863e-f197949b756a" testName="ToString_Passing_Valid_Collection_With_Custom_Separator_Returns_String_With_Custom_Separator" computerName="PC-SFERRARI" duration="00:00:00.0003138" startTime="2021-10-10T14:01:02.1764062+02:00" endTime="2021-10-10T14:01:02.1769440+02:00" testType="13cdc9d9-ddb5-4fa4-a97d-d965ccfc6d4b" outcome="Passed" testListId="8c84fa94-04c1-424b-9868-57a2d4851a1d" relativeResultsDirectory="3eacbdf7-3f96-46ff-a91b-286d84fa777c" />
    <UnitTestResult executionId="ca3470a1-c455-4532-882e-b0276df2a4f0" testId="53a07542-5285-4faf-96a2-112ece0b08d1" testName="ToNormalize_Passing_ValidValue_Returns_NormalizedValue (Malmö,Malmo)" computerName="PC-SFERRARI" duration="00:00:00.0000455" startTime="2021-10-10T14:01:03.3279989+02:00" endTime="2021-10-10T14:01:03.3281856+02:00" testType="13cdc9d9-ddb5-4fa4-a97d-d965ccfc6d4b" outcome="Passed" testListId="8c84fa94-04c1-424b-9868-57a2d4851a1d" relativeResultsDirectory="ca3470a1-c455-4532-882e-b0276df2a4f0" />
    <UnitTestResult executionId="94ebed9c-8214-40dd-b130-5c3292f3c1f2" testId="ef8cd16b-aa5b-49d5-a833-c47db4ad8641" testName="ToStartOfWeek_Passing_DateTime_Returns_Start_Of_Week_DateTime" computerName="PC-SFERRARI" duration="00:00:00.0003328" startTime="2021-10-10T14:01:02.1601316+02:00" endTime="2021-10-10T14:01:02.1605946+02:00" testType="13cdc9d9-ddb5-4fa4-a97d-d965ccfc6d4b" outcome="Passed" testListId="8c84fa94-04c1-424b-9868-57a2d4851a1d" relativeResultsDirectory="94ebed9c-8214-40dd-b130-5c3292f3c1f2" />
    <UnitTestResult executionId="2275b495-78bf-4a75-9790-b63f68398f7f" testId="f69e5d8c-d74a-4453-94ac-364b9e1c54db" testName="ToInt_Passing_InvalidValueString_Returns_DefaultValue (1.333,39)" computerName="PC-SFERRARI" duration="00:00:00.0000098" startTime="2021-10-10T14:01:03.5165522+02:00" endTime="2021-10-10T14:01:03.5168116+02:00" testType="13cdc9d9-ddb5-4fa4-a97d-d965ccfc6d4b" outcome="Passed" testListId="8c84fa94-04c1-424b-9868-57a2d4851a1d" relativeResultsDirectory="2275b495-78bf-4a75-9790-b63f68398f7f" />
    <UnitTestResult executionId="71e95416-ea86-48ad-b15d-64235fce930c" testId="62a022d1-ca95-4566-899f-2cc49db6e496" testName="ToUri_Passing_ValidValueString_Returns_Uri (http://foo.com/blah_blah)" computerName="PC-SFERRARI" duration="00:00:00.0003140" startTime="2021-10-10T14:01:03.4077452+02:00" endTime="2021-10-10T14:01:03.4081545+02:00" testType="13cdc9d9-ddb5-4fa4-a97d-d965ccfc6d4b" outcome="Passed" testListId="8c84fa94-04c1-424b-9868-57a2d4851a1d" relativeResultsDirectory="71e95416-ea86-48ad-b15d-64235fce930c" />
    <UnitTestResult executionId="3680cd48-ae17-4f26-bfd8-8c3f9b17b3ad" testId="3a8d2253-8e8f-415a-9dde-f4127f9ced88" testName="ToUri_Passing_ValidValueString_Returns_Uri (//foo.com/blah_blah/p=5)" computerName="PC-SFERRARI" duration="00:00:00.0000097" startTime="2021-10-10T14:01:03.4197868+02:00" endTime="2021-10-10T14:01:03.4199912+02:00" testType="13cdc9d9-ddb5-4fa4-a97d-d965ccfc6d4b" outcome="Passed" testListId="8c84fa94-04c1-424b-9868-57a2d4851a1d" relativeResultsDirectory="3680cd48-ae17-4f26-bfd8-8c3f9b17b3ad" />
    <UnitTestResult executionId="e375c890-147f-4988-8288-594f8eb03183" testId="30f992d6-68d5-491e-864d-c28a895d6e0f" testName="ToEnum_Passing_ValidValueInt_Returns_EnumValue" computerName="PC-SFERRARI" duration="00:00:00.0013650" startTime="2021-10-10T14:01:03.3449123+02:00" endTime="2021-10-10T14:01:03.3468243+02:00" testType="13cdc9d9-ddb5-4fa4-a97d-d965ccfc6d4b" outcome="Passed" testListId="8c84fa94-04c1-424b-9868-57a2d4851a1d" relativeResultsDirectory="e375c890-147f-4988-8288-594f8eb03183" />
    <UnitTestResult executionId="80ca30ad-78a9-4fcb-835f-1da0581a6dd3" testId="2b4db5a3-38f4-4aaa-a313-47f23481a1f4" testName="IsLess_Passing_InvalidArguments_Returns_HasErrorsAndCount" computerName="PC-SFERRARI" duration="00:00:00.0030018" startTime="2021-10-10T14:01:03.6343160+02:00" endTime="2021-10-10T14:01:03.6374850+02:00" testType="13cdc9d9-ddb5-4fa4-a97d-d965ccfc6d4b" outcome="Passed" testListId="8c84fa94-04c1-424b-9868-57a2d4851a1d" relativeResultsDirectory="80ca30ad-78a9-4fcb-835f-1da0581a6dd3" />
    <UnitTestResult executionId="85a06c79-3c69-4188-ab6a-a1f82359fe54" testId="543b9e63-a32f-468d-982f-ad1bd1396ab8" testName="ToConfiguration_Passing_Valid_DirectoryPath_Invalid_JsonFileName_Not_Optional_Returns_ApplicationException" computerName="PC-SFERRARI" duration="00:00:00.0016207" startTime="2021-10-10T14:01:03.1747644+02:00" endTime="2021-10-10T14:01:03.1765613+02:00" testType="13cdc9d9-ddb5-4fa4-a97d-d965ccfc6d4b" outcome="Passed" testListId="8c84fa94-04c1-424b-9868-57a2d4851a1d" relativeResultsDirectory="85a06c79-3c69-4188-ab6a-a1f82359fe54" />
    <UnitTestResult executionId="442f78a4-bc69-49ec-80e1-8fee04c3b814" testId="8dd52aa3-14a4-4f07-a52d-7710a07d453f" testName="ToWhere_Passing_Null_Predicate_Returns_Same_List" computerName="PC-SFERRARI" duration="00:00:00.0039267" startTime="2021-10-10T14:01:03.0705866+02:00" endTime="2021-10-10T14:01:03.0750288+02:00" testType="13cdc9d9-ddb5-4fa4-a97d-d965ccfc6d4b" outcome="Passed" testListId="8c84fa94-04c1-424b-9868-57a2d4851a1d" relativeResultsDirectory="442f78a4-bc69-49ec-80e1-8fee04c3b814" />
    <UnitTestResult executionId="fe64f1e7-e294-49d3-8563-cdf387f993b5" testId="b42c7681-50cd-4b0c-bbd6-9b82424c45cf" testName="ToEmailMaskUserName_Passing_ValidEmail_Returns_EmailWithMask (qazwsxedc@gmail.com,q*******c@gmail.com)" computerName="PC-SFERRARI" duration="00:00:00.0000168" startTime="2021-10-10T14:01:03.3973478+02:00" endTime="2021-10-10T14:01:03.3974248+02:00" testType="13cdc9d9-ddb5-4fa4-a97d-d965ccfc6d4b" outcome="Passed" testListId="8c84fa94-04c1-424b-9868-57a2d4851a1d" relativeResultsDirectory="fe64f1e7-e294-49d3-8563-cdf387f993b5" />
    <UnitTestResult executionId="5ce7f462-ec2c-48ae-9c9c-026e0b37778c" testId="be7d160e-1be5-4469-92e2-80ea2c9adaad" testName="ToRemove_Passing_ValidValue_Returns_ValueWithoutRemovedChars (aeiou,aei,ou)" computerName="PC-SFERRARI" duration="00:00:00.0000657" startTime="2021-10-10T14:01:03.2322055+02:00" endTime="2021-10-10T14:01:03.2324371+02:00" testType="13cdc9d9-ddb5-4fa4-a97d-d965ccfc6d4b" outcome="Passed" testListId="8c84fa94-04c1-424b-9868-57a2d4851a1d" relativeResultsDirectory="5ce7f462-ec2c-48ae-9c9c-026e0b37778c" />
    <UnitTestResult executionId="dc2f97b6-f699-4e18-85c7-3657ff3b7bc2" testId="70930bdc-e53e-4335-bb0a-73cec052bb92" testName="ToDefaultValue_Passing_double_Returns_Cero (1,7976931348623157E+308)" computerName="PC-SFERRARI" duration="00:00:00.0003543" startTime="2021-10-10T14:01:02.2664435+02:00" endTime="2021-10-10T14:01:02.2669545+02:00" testType="13cdc9d9-ddb5-4fa4-a97d-d965ccfc6d4b" outcome="Passed" testListId="8c84fa94-04c1-424b-9868-57a2d4851a1d" relativeResultsDirectory="dc2f97b6-f699-4e18-85c7-3657ff3b7bc2" />
    <UnitTestResult executionId="797db964-7f4e-4cdf-8065-67e92f07518c" testId="72145471-8676-42ab-9a96-12a75d4244c7" testName="ToNormalize_Passing_ValidValue_Returns_NormalizedValue (ÈÉËÊ,EEEE)" computerName="PC-SFERRARI" duration="00:00:00.0000403" startTime="2021-10-10T14:01:03.3274453+02:00" endTime="2021-10-10T14:01:03.3276008+02:00" testType="13cdc9d9-ddb5-4fa4-a97d-d965ccfc6d4b" outcome="Passed" testListId="8c84fa94-04c1-424b-9868-57a2d4851a1d" relativeResultsDirectory="797db964-7f4e-4cdf-8065-67e92f07518c" />
    <UnitTestResult executionId="922a22dc-e308-4d4c-8848-13013641afe9" testId="77be357c-3d44-4546-9937-254e0b95dec6" testName="ToUri_Passing_ValidValueString_Returns_Uri (https://foo.com/blah_blah/)" computerName="PC-SFERRARI" duration="00:00:00.0000132" startTime="2021-10-10T14:01:03.4115784+02:00" endTime="2021-10-10T14:01:03.4118334+02:00" testType="13cdc9d9-ddb5-4fa4-a97d-d965ccfc6d4b" outcome="Passed" testListId="8c84fa94-04c1-424b-9868-57a2d4851a1d" relativeResultsDirectory="922a22dc-e308-4d4c-8848-13013641afe9" />
    <UnitTestResult executionId="a6c588f8-0d84-423a-9c7b-92504e9f59c2" testId="fd18625c-3436-435e-818a-c71b2fa25261" testName="ResultOkData_WithData" computerName="PC-SFERRARI" duration="00:00:00.0173575" startTime="2021-10-10T14:01:03.7664775+02:00" endTime="2021-10-10T14:01:03.7840354+02:00" testType="13cdc9d9-ddb5-4fa4-a97d-d965ccfc6d4b" outcome="Passed" testListId="8c84fa94-04c1-424b-9868-57a2d4851a1d" relativeResultsDirectory="a6c588f8-0d84-423a-9c7b-92504e9f59c2" />
    <UnitTestResult executionId="91a2c4d7-4c30-4457-b0ff-33b274cd870a" testId="85de4e78-7e9e-44be-818e-2061d6ea6786" testName="ToConfiguration_Passing_Invalid_DirectoryPath_Returns_ApplicationException" computerName="PC-SFERRARI" duration="00:00:00.0007851" startTime="2021-10-10T14:01:03.1737185+02:00" endTime="2021-10-10T14:01:03.1746631+02:00" testType="13cdc9d9-ddb5-4fa4-a97d-d965ccfc6d4b" outcome="Passed" testListId="8c84fa94-04c1-424b-9868-57a2d4851a1d" relativeResultsDirectory="91a2c4d7-4c30-4457-b0ff-33b274cd870a" />
    <UnitTestResult executionId="ed38e278-2b80-461f-aa99-c32d54023862" testId="47b87ad2-3dba-458b-bbb7-63cd08f3c639" testName="ToNormalize_Passing_ValidValue_Returns_NormalizedValue (Åge,Age)" computerName="PC-SFERRARI" duration="00:00:00.0000403" startTime="2021-10-10T14:01:03.3285461+02:00" endTime="2021-10-10T14:01:03.3286907+02:00" testType="13cdc9d9-ddb5-4fa4-a97d-d965ccfc6d4b" outcome="Passed" testListId="8c84fa94-04c1-424b-9868-57a2d4851a1d" relativeResultsDirectory="ed38e278-2b80-461f-aa99-c32d54023862" />
    <UnitTestResult executionId="4ce35fae-63c7-48ef-b328-ee9867a9c3c9" testId="4b6d1532-a601-4948-81c8-12f5985d0ad8" testName="IsHostname_Passing_ValidArguments_Returns_HasErrorsAndCount" computerName="PC-SFERRARI" duration="00:00:00.0001589" startTime="2021-10-10T14:01:03.6618902+02:00" endTime="2021-10-10T14:01:03.6621274+02:00" testType="13cdc9d9-ddb5-4fa4-a97d-d965ccfc6d4b" outcome="Passed" testListId="8c84fa94-04c1-424b-9868-57a2d4851a1d" relativeResultsDirectory="4ce35fae-63c7-48ef-b328-ee9867a9c3c9" />
    <UnitTestResult executionId="b99474a1-0228-4d7f-863d-d8b7eb8f2306" testId="e5376c06-c933-4939-8043-74853ef51fde" testName="ToUri_Passing_ValidValueString_Returns_Uri (http://foo.com/blah_blah/)" computerName="PC-SFERRARI" duration="00:00:00.0000072" startTime="2021-10-10T14:01:03.4082151+02:00" endTime="2021-10-10T14:01:03.4083069+02:00" testType="13cdc9d9-ddb5-4fa4-a97d-d965ccfc6d4b" outcome="Passed" testListId="8c84fa94-04c1-424b-9868-57a2d4851a1d" relativeResultsDirectory="b99474a1-0228-4d7f-863d-d8b7eb8f2306" />
    <UnitTestResult executionId="acb8ae85-c188-43dd-abc1-bfca420cf298" testId="edf4c766-76b3-4928-82a9-679c29eff62a" testName="ToRemove_Passing_ValidValue_Returns_ValueWithoutRemovedChars (* , ,*)" computerName="PC-SFERRARI" duration="00:00:00.0000566" startTime="2021-10-10T14:01:03.2240612+02:00" endTime="2021-10-10T14:01:03.2242756+02:00" testType="13cdc9d9-ddb5-4fa4-a97d-d965ccfc6d4b" outcome="Passed" testListId="8c84fa94-04c1-424b-9868-57a2d4851a1d" relativeResultsDirectory="acb8ae85-c188-43dd-abc1-bfca420cf298" />
    <UnitTestResult executionId="22f3b6eb-4e7f-4796-a7a2-742355376871" testId="4308f922-ceef-4679-a463-21355a12946a" testName="CreateAndVerifySHA512_Passing_Valid_Arguments_Returns_True (sdlfkjldsfksdfñl·%$·&amp;$/U&amp;/)(&amp;()?=)¿?^P*^PÑL,.,.lñ´ñ+98098'098098)" computerName="PC-SFERRARI" duration="00:00:00.0000751" startTime="2021-10-10T14:01:03.7360980+02:00" endTime="2021-10-10T14:01:03.7362639+02:00" testType="13cdc9d9-ddb5-4fa4-a97d-d965ccfc6d4b" outcome="Passed" testListId="8c84fa94-04c1-424b-9868-57a2d4851a1d" relativeResultsDirectory="22f3b6eb-4e7f-4796-a7a2-742355376871" />
    <UnitTestResult executionId="1d160bda-be0d-4f9d-8960-c6d9f94151eb" testId="a6e47aff-2a64-4af6-82b4-058926f1ed0a" testName="ToEmailMaskUserNameAndDomainAndExtension_Passing_ValidEmail_Returns_EmailWithMask (qaz@gmailgmail.com,q*z@g********l.c*m)" computerName="PC-SFERRARI" duration="00:00:00.0000174" startTime="2021-10-10T14:01:03.4043939+02:00" endTime="2021-10-10T14:01:03.4044660+02:00" testType="13cdc9d9-ddb5-4fa4-a97d-d965ccfc6d4b" outcome="Passed" testListId="8c84fa94-04c1-424b-9868-57a2d4851a1d" relativeResultsDirectory="1d160bda-be0d-4f9d-8960-c6d9f94151eb" />
    <UnitTestResult executionId="92b47716-d0ac-4d7b-b979-9fdb7ade446b" testId="01d47142-552d-448f-8010-76ae0b712836" testName="ToMapNew_Passing_TDestination_Returns_New_Destination_Object" computerName="PC-SFERRARI" duration="00:00:00.0045691" startTime="2021-10-10T14:01:00.8292403+02:00" endTime="2021-10-10T14:01:00.8339162+02:00" testType="13cdc9d9-ddb5-4fa4-a97d-d965ccfc6d4b" outcome="Passed" testListId="8c84fa94-04c1-424b-9868-57a2d4851a1d" relativeResultsDirectory="92b47716-d0ac-4d7b-b979-9fdb7ade446b" />
    <UnitTestResult executionId="7302f40c-14af-433f-8fa1-3c2a8f444bd7" testId="cfef92cb-a2d2-42c6-871b-ad0f74c2b369" testName="ToReplaceSpecialChars_Passing_ValidValue_Returns_ReplacedValueWithoutIgnoreSpecialChars ( àáäâ ãøçħ , aaaa aoch )" computerName="PC-SFERRARI" duration="00:00:00.0002279" startTime="2021-10-10T14:01:03.2652073+02:00" endTime="2021-10-10T14:01:03.2664992+02:00" testType="13cdc9d9-ddb5-4fa4-a97d-d965ccfc6d4b" outcome="Passed" testListId="8c84fa94-04c1-424b-9868-57a2d4851a1d" relativeResultsDirectory="7302f40c-14af-433f-8fa1-3c2a8f444bd7" />
    <UnitTestResult executionId="588a73e4-9049-46d4-b4c7-d4df35ea1193" testId="3f7d0f88-2a59-44b6-a4ac-d81184313a1d" testName="ResultDataBadRequest_WithErrors_Value" computerName="PC-SFERRARI" duration="00:00:00.0030457" startTime="2021-10-10T14:01:03.8226699+02:00" endTime="2021-10-10T14:01:03.8260900+02:00" testType="13cdc9d9-ddb5-4fa4-a97d-d965ccfc6d4b" outcome="Passed" testListId="8c84fa94-04c1-424b-9868-57a2d4851a1d" relativeResultsDirectory="588a73e4-9049-46d4-b4c7-d4df35ea1193" />
    <UnitTestResult executionId="42fe953d-4d22-4aef-9e37-67e449654b4b" testId="ae5fa115-d85e-424e-a501-88febb9a17dc" testName="ToGetAll_Passing_Claims_Returns_Claim_Value_String_List" computerName="PC-SFERRARI" duration="00:00:00.0107523" startTime="2021-10-10T14:01:02.1060808+02:00" endTime="2021-10-10T14:01:02.1170940+02:00" testType="13cdc9d9-ddb5-4fa4-a97d-d965ccfc6d4b" outcome="Passed" testListId="8c84fa94-04c1-424b-9868-57a2d4851a1d" relativeResultsDirectory="42fe953d-4d22-4aef-9e37-67e449654b4b" />
    <UnitTestResult executionId="adce8956-ccf5-412a-9ff1-6addafb650d4" testId="45978d16-6af5-4b94-a131-37c12d64d7c8" testName="ToInt_Passing_InvalidValueString_Returns_Null (asdasdasdasd234324)" computerName="PC-SFERRARI" duration="00:00:00.0000093" startTime="2021-10-10T14:01:03.5155487+02:00" endTime="2021-10-10T14:01:03.5156802+02:00" testType="13cdc9d9-ddb5-4fa4-a97d-d965ccfc6d4b" outcome="Passed" testListId="8c84fa94-04c1-424b-9868-57a2d4851a1d" relativeResultsDirectory="adce8956-ccf5-412a-9ff1-6addafb650d4" />
    <UnitTestResult executionId="e2a988be-f2d1-447d-8a40-14c82599c4f7" testId="6c55c953-f2e8-4d80-ad23-0b8646b4966c" testName="IsDomain_Passing_InvalidArguments_Returns_HasErrorsAndCount" computerName="PC-SFERRARI" duration="00:00:00.0032471" startTime="2021-10-10T14:01:03.6546547+02:00" endTime="2021-10-10T14:01:03.6579935+02:00" testType="13cdc9d9-ddb5-4fa4-a97d-d965ccfc6d4b" outcome="Passed" testListId="8c84fa94-04c1-424b-9868-57a2d4851a1d" relativeResultsDirectory="e2a988be-f2d1-447d-8a40-14c82599c4f7" />
    <UnitTestResult executionId="6c2d6e67-d41f-47f7-9c3e-10f13a8aa83b" testId="a63cc555-8625-4722-bc71-0706cd3afdaa" testName="ToEmailMask_Passing_ValidEmail_Returns_EmailWithMask (qazwsxedc@gmailgmail.com,q-------c@g---------.com)" computerName="PC-SFERRARI" duration="00:00:00.0000161" startTime="2021-10-10T14:01:03.4076175+02:00" endTime="2021-10-10T14:01:03.4076921+02:00" testType="13cdc9d9-ddb5-4fa4-a97d-d965ccfc6d4b" outcome="Passed" testListId="8c84fa94-04c1-424b-9868-57a2d4851a1d" relativeResultsDirectory="6c2d6e67-d41f-47f7-9c3e-10f13a8aa83b" />
    <UnitTestResult executionId="5bf31fd3-7e6b-48c0-bef4-0dd3ce808250" testId="0c9f1e5a-25d7-48af-af8d-ea01961c6fca" testName="ToUri_Passing_InvalidValueString_Returns_Null (http://.)" computerName="PC-SFERRARI" duration="00:00:00.0000456" startTime="2021-10-10T14:01:03.4720107+02:00" endTime="2021-10-10T14:01:03.4721721+02:00" testType="13cdc9d9-ddb5-4fa4-a97d-d965ccfc6d4b" outcome="Passed" testListId="8c84fa94-04c1-424b-9868-57a2d4851a1d" relativeResultsDirectory="5bf31fd3-7e6b-48c0-bef4-0dd3ce808250" />
    <UnitTestResult executionId="26c4e71d-77ea-495f-a189-22c80211acd4" testId="2265971f-c8ca-467b-af07-4cac9f10884e" testName="ToUri_Passing_ValidValueString_Returns_Uri (http://foo.com/blah_blah?p=5&amp;j=fe)" computerName="PC-SFERRARI" duration="00:00:00.0000119" startTime="2021-10-10T14:01:03.4108457+02:00" endTime="2021-10-10T14:01:03.4111042+02:00" testType="13cdc9d9-ddb5-4fa4-a97d-d965ccfc6d4b" outcome="Passed" testListId="8c84fa94-04c1-424b-9868-57a2d4851a1d" relativeResultsDirectory="26c4e71d-77ea-495f-a189-22c80211acd4" />
    <UnitTestResult executionId="e7dd3432-9ce0-4aed-8513-7f7ebd39c19a" testId="6435593b-f5fb-4675-a438-c8a5c66a159b" testName="ToNormalize_Passing_ValidValue_Returns_NormalizedValue ( ,)" computerName="PC-SFERRARI" duration="00:00:00.0013509" startTime="2021-10-10T14:01:03.2786825+02:00" endTime="2021-10-10T14:01:03.2801650+02:00" testType="13cdc9d9-ddb5-4fa4-a97d-d965ccfc6d4b" outcome="Passed" testListId="8c84fa94-04c1-424b-9868-57a2d4851a1d" relativeResultsDirectory="e7dd3432-9ce0-4aed-8513-7f7ebd39c19a" />
    <UnitTestResult executionId="e4808e50-520c-46ef-9a83-a80be889f1df" testId="70d8421d-fc70-4d7f-a836-8a08228ad41f" testName="ResultOkData" computerName="PC-SFERRARI" duration="00:00:00.0008795" startTime="2021-10-10T14:01:03.7652854+02:00" endTime="2021-10-10T14:01:03.7663707+02:00" testType="13cdc9d9-ddb5-4fa4-a97d-d965ccfc6d4b" outcome="Passed" testListId="8c84fa94-04c1-424b-9868-57a2d4851a1d" relativeResultsDirectory="e4808e50-520c-46ef-9a83-a80be889f1df" />
    <UnitTestResult executionId="75a105e4-da90-4e6c-830e-a65d7e79b18e" testId="2e48ae81-20d8-4c6b-a9b8-eece8242ed38" testName="ToRemove_Passing_ValidValue_Returns_ValueWithoutRemovedChars (aeiou,aeiou,)" computerName="PC-SFERRARI" duration="00:00:00.0000520" startTime="2021-10-10T14:01:03.2348590+02:00" endTime="2021-10-10T14:01:03.2350695+02:00" testType="13cdc9d9-ddb5-4fa4-a97d-d965ccfc6d4b" outcome="Passed" testListId="8c84fa94-04c1-424b-9868-57a2d4851a1d" relativeResultsDirectory="75a105e4-da90-4e6c-830e-a65d7e79b18e" />
    <UnitTestResult executionId="80df82c9-9113-482e-9c83-944ae53f2568" testId="eafbb224-6c2c-4c2c-8fdc-bc837a5218c6" testName="ToRemove_Passing_ValidValue_Returns_ValueWithoutRemovedChars (aeiou,a,eiou)" computerName="PC-SFERRARI" duration="00:00:00.0000974" startTime="2021-10-10T14:01:03.2314812+02:00" endTime="2021-10-10T14:01:03.2317620+02:00" testType="13cdc9d9-ddb5-4fa4-a97d-d965ccfc6d4b" outcome="Passed" testListId="8c84fa94-04c1-424b-9868-57a2d4851a1d" relativeResultsDirectory="80df82c9-9113-482e-9c83-944ae53f2568" />
    <UnitTestResult executionId="faf2112a-ddcf-4764-8692-e829f7e03800" testId="389df847-209a-4640-9d38-fd8790fc52b4" testName="ToNormalize_Passing_ValidValue_Returns_NormalizedValue (èéëê,eeee)" computerName="PC-SFERRARI" duration="00:00:00.0000402" startTime="2021-10-10T14:01:03.3272131+02:00" endTime="2021-10-10T14:01:03.3273732+02:00" testType="13cdc9d9-ddb5-4fa4-a97d-d965ccfc6d4b" outcome="Passed" testListId="8c84fa94-04c1-424b-9868-57a2d4851a1d" relativeResultsDirectory="faf2112a-ddcf-4764-8692-e829f7e03800" />
    <UnitTestResult executionId="1dbd4580-74a3-43e7-89fe-d1b9095e6ecb" testId="6ae93605-e274-4ed5-9e51-f75c808e368a" testName="ToUri_Passing_ValidValueString_Returns_Uri (http://foo.com/unicode_(✪)_in_parens)" computerName="PC-SFERRARI" duration="00:00:00.0000245" startTime="2021-10-10T14:01:03.4610879+02:00" endTime="2021-10-10T14:01:03.4612498+02:00" testType="13cdc9d9-ddb5-4fa4-a97d-d965ccfc6d4b" outcome="Passed" testListId="8c84fa94-04c1-424b-9868-57a2d4851a1d" relativeResultsDirectory="1dbd4580-74a3-43e7-89fe-d1b9095e6ecb" />
    <UnitTestResult executionId="2c2ff8ff-e6ad-4ea7-b853-f61fe357b81d" testId="0e0506fc-ab00-4be2-aa8e-91cc12810e02" testName="ToEmailMaskUserNameAndDomain_Passing_ValidEmail_Returns_EmailWithMask (qazwsx@gmail.com,q****x@g***l.com)" computerName="PC-SFERRARI" duration="00:00:00.0000178" startTime="2021-10-10T14:01:03.4010144+02:00" endTime="2021-10-10T14:01:03.4011091+02:00" testType="13cdc9d9-ddb5-4fa4-a97d-d965ccfc6d4b" outcome="Passed" testListId="8c84fa94-04c1-424b-9868-57a2d4851a1d" relativeResultsDirectory="2c2ff8ff-e6ad-4ea7-b853-f61fe357b81d" />
    <UnitTestResult executionId="fbcdcf5a-cb73-4463-94e7-1ed08f0b692a" testId="de033a32-ad79-469c-9996-f0ba3b9cd0e1" testName="ToNormalize_Passing_ValidValue_Returns_NormalizedValue (i’ LL,i LL)" computerName="PC-SFERRARI" duration="00:00:00.0000506" startTime="2021-10-10T14:01:03.3370429+02:00" endTime="2021-10-10T14:01:03.3372001+02:00" testType="13cdc9d9-ddb5-4fa4-a97d-d965ccfc6d4b" outcome="Passed" testListId="8c84fa94-04c1-424b-9868-57a2d4851a1d" relativeResultsDirectory="fbcdcf5a-cb73-4463-94e7-1ed08f0b692a" />
    <UnitTestResult executionId="aebdc316-dc6a-4fc2-83dd-1d4992ef9429" testId="75364752-a38d-42a0-be05-a7e1ba6d602b" testName="ToDefaultValue_Passing_ValidGuid_Returns_DefaultValue" computerName="PC-SFERRARI" duration="00:00:00.0003042" startTime="2021-10-10T14:01:03.6049683+02:00" endTime="2021-10-10T14:01:03.6053769+02:00" testType="13cdc9d9-ddb5-4fa4-a97d-d965ccfc6d4b" outcome="Passed" testListId="8c84fa94-04c1-424b-9868-57a2d4851a1d" relativeResultsDirectory="aebdc316-dc6a-4fc2-83dd-1d4992ef9429" />
    <UnitTestResult executionId="56a7a2be-2ae1-48c4-8ba6-9e998707ffc3" testId="61094a7e-1e84-402c-a045-c0d7891b9e25" testName="ToCompress_Passing_Value_Bytes_Returns_Value_Bytes" computerName="PC-SFERRARI" duration="00:00:00.4374309" startTime="2021-10-10T14:01:01.2644588+02:00" endTime="2021-10-10T14:01:01.7021689+02:00" testType="13cdc9d9-ddb5-4fa4-a97d-d965ccfc6d4b" outcome="Passed" testListId="8c84fa94-04c1-424b-9868-57a2d4851a1d" relativeResultsDirectory="56a7a2be-2ae1-48c4-8ba6-9e998707ffc3" />
    <UnitTestResult executionId="675cee5e-0bbe-490f-9fc7-c8c06c8a62e3" testId="95ed7b1a-0be3-4a8f-b28b-4478b30aa922" testName="ToDefaultValue_Passing_int_Returns_Cero (2147483647)" computerName="PC-SFERRARI" duration="00:00:00.0003969" startTime="2021-10-10T14:01:02.2196857+02:00" endTime="2021-10-10T14:01:02.2203515+02:00" testType="13cdc9d9-ddb5-4fa4-a97d-d965ccfc6d4b" outcome="Passed" testListId="8c84fa94-04c1-424b-9868-57a2d4851a1d" relativeResultsDirectory="675cee5e-0bbe-490f-9fc7-c8c06c8a62e3" />
    <UnitTestResult executionId="4f2f3718-1265-4371-871a-4fb2a371a6bb" testId="660f931f-28f3-4b89-ba70-e37189f13235" testName="ToRandom_Passing_Invalid_Empty_Value_Returns_Null" computerName="PC-SFERRARI" duration="00:00:00.0011841" startTime="2021-10-10T14:01:03.5996941+02:00" endTime="2021-10-10T14:01:03.6016543+02:00" testType="13cdc9d9-ddb5-4fa4-a97d-d965ccfc6d4b" outcome="Passed" testListId="8c84fa94-04c1-424b-9868-57a2d4851a1d" relativeResultsDirectory="4f2f3718-1265-4371-871a-4fb2a371a6bb" />
    <UnitTestResult executionId="684aa21a-2fb2-4103-b4a2-e38079d5eb58" testId="d6f00f73-25bd-4a76-a3e8-1fd3a29edab2" testName="CreateRandom_WithDefaultAllowableCharacters_Passing_ValidArguments_Returns_String_Random_Value (10)" computerName="PC-SFERRARI" duration="00:00:00.0000596" startTime="2021-10-10T14:01:03.6915743+02:00" endTime="2021-10-10T14:01:03.6917968+02:00" testType="13cdc9d9-ddb5-4fa4-a97d-d965ccfc6d4b" outcome="Passed" testListId="8c84fa94-04c1-424b-9868-57a2d4851a1d" relativeResultsDirectory="684aa21a-2fb2-4103-b4a2-e38079d5eb58" />
    <UnitTestResult executionId="e58c9aab-2986-41f0-b01a-92e00e4c58d1" testId="f1434d98-440e-4a65-8960-5f65c75ff4ee" testName="ToInt_Passing_InvalidValueString_Returns_DefaultValue (999999439293294392492349329493294)" computerName="PC-SFERRARI" duration="00:00:00.0000078" startTime="2021-10-10T14:01:03.5168852+02:00" endTime="2021-10-10T14:01:03.5169922+02:00" testType="13cdc9d9-ddb5-4fa4-a97d-d965ccfc6d4b" outcome="Passed" testListId="8c84fa94-04c1-424b-9868-57a2d4851a1d" relativeResultsDirectory="e58c9aab-2986-41f0-b01a-92e00e4c58d1" />
    <UnitTestResult executionId="ec5fc448-2aba-4fa1-aef7-62e652096c08" testId="f091d569-a179-4fa0-9f53-34ec3f72d293" testName="ToGetAll_Passing_Claims_Returns_Claim_Value_Object_List" computerName="PC-SFERRARI" duration="00:00:00.0206532" startTime="2021-10-10T14:01:02.1308444+02:00" endTime="2021-10-10T14:01:02.1516833+02:00" testType="13cdc9d9-ddb5-4fa4-a97d-d965ccfc6d4b" outcome="Passed" testListId="8c84fa94-04c1-424b-9868-57a2d4851a1d" relativeResultsDirectory="ec5fc448-2aba-4fa1-aef7-62e652096c08" />
    <UnitTestResult executionId="609bc989-b253-4a7c-9744-ea49d6549a02" testId="18f9fa86-be71-483e-b9fb-1227aa9d9aa5" testName="ToEnum_Passing_InvalidValueString_Returns_EnumCustomValue" computerName="PC-SFERRARI" duration="00:00:00.0002352" startTime="2021-10-10T14:01:03.3442617+02:00" endTime="2021-10-10T14:01:03.3446865+02:00" testType="13cdc9d9-ddb5-4fa4-a97d-d965ccfc6d4b" outcome="Passed" testListId="8c84fa94-04c1-424b-9868-57a2d4851a1d" relativeResultsDirectory="609bc989-b253-4a7c-9744-ea49d6549a02" />
    <UnitTestResult executionId="a0bc4cab-afb9-4ef9-8985-79990458e661" testId="f6e466f8-9c27-4825-b54f-e5ff93bf866c" testName="ToCompress_Passing_Object_Bytes_Returns_Object" computerName="PC-SFERRARI" duration="00:00:00.0162882" startTime="2021-10-10T14:01:01.7023084+02:00" endTime="2021-10-10T14:01:01.7188351+02:00" testType="13cdc9d9-ddb5-4fa4-a97d-d965ccfc6d4b" outcome="Passed" testListId="8c84fa94-04c1-424b-9868-57a2d4851a1d" relativeResultsDirectory="a0bc4cab-afb9-4ef9-8985-79990458e661" />
    <UnitTestResult executionId="4880e3fd-652d-42cb-aeec-ea2f8bc1885e" testId="7f7b11ab-8018-4892-89c5-d760d0107fae" testName="ToUri_Passing_InvalidValueString_Returns_DefaultValue (http://??/)" computerName="PC-SFERRARI" duration="00:00:00.0000126" startTime="2021-10-10T14:01:03.4937563+02:00" endTime="2021-10-10T14:01:03.4939056+02:00" testType="13cdc9d9-ddb5-4fa4-a97d-d965ccfc6d4b" outcome="Passed" testListId="8c84fa94-04c1-424b-9868-57a2d4851a1d" relativeResultsDirectory="4880e3fd-652d-42cb-aeec-ea2f8bc1885e" />
    <UnitTestResult executionId="d747412a-bee4-4e69-910d-10b6206af3d9" testId="a45a1b29-7567-43fb-a435-acdc1d176086" testName="IsDigit_Passing_InvalidArguments_Returns_HasErrorsAndCount" computerName="PC-SFERRARI" duration="00:00:00.0023334" startTime="2021-10-10T14:01:03.6621627+02:00" endTime="2021-10-10T14:01:03.6645965+02:00" testType="13cdc9d9-ddb5-4fa4-a97d-d965ccfc6d4b" outcome="Passed" testListId="8c84fa94-04c1-424b-9868-57a2d4851a1d" relativeResultsDirectory="d747412a-bee4-4e69-910d-10b6206af3d9" />
    <UnitTestResult executionId="66f991b5-1a50-490b-b383-69e33b6faff5" testId="194b21cf-bc94-455b-b729-e1a12f33a9cd" testName="IsUniqueChars_Passing_InvalidArguments_Returns_HasErrorsAndCount" computerName="PC-SFERRARI" duration="00:00:00.0028960" startTime="2021-10-10T14:01:03.6651627+02:00" endTime="2021-10-10T14:01:03.6681583+02:00" testType="13cdc9d9-ddb5-4fa4-a97d-d965ccfc6d4b" outcome="Passed" testListId="8c84fa94-04c1-424b-9868-57a2d4851a1d" relativeResultsDirectory="66f991b5-1a50-490b-b383-69e33b6faff5" />
    <UnitTestResult executionId="3e44f756-e820-4f28-8fa9-61006d0bfeed" testId="d79bb087-7714-407d-99a1-a347677e946c" testName="ToDefaultValue_Passing_ValidString_Returns_DefaultValue" computerName="PC-SFERRARI" duration="00:00:00.0001849" startTime="2021-10-10T14:01:03.6046040+02:00" endTime="2021-10-10T14:01:03.6049155+02:00" testType="13cdc9d9-ddb5-4fa4-a97d-d965ccfc6d4b" outcome="Passed" testListId="8c84fa94-04c1-424b-9868-57a2d4851a1d" relativeResultsDirectory="3e44f756-e820-4f28-8fa9-61006d0bfeed" />
    <UnitTestResult executionId="08bb93c0-80a7-4513-9b14-c4c1f129fb13" testId="77eff399-376d-49e9-bb60-18ae9cc8e155" testName="ToContentType_Passing_ValidValueString_Returns_ContentType (xxxx.txt,text/plain)" computerName="PC-SFERRARI" duration="00:00:00.0000450" startTime="2021-10-10T14:01:03.5584771+02:00" endTime="2021-10-10T14:01:03.5586092+02:00" testType="13cdc9d9-ddb5-4fa4-a97d-d965ccfc6d4b" outcome="Passed" testListId="8c84fa94-04c1-424b-9868-57a2d4851a1d" relativeResultsDirectory="08bb93c0-80a7-4513-9b14-c4c1f129fb13" />
    <UnitTestResult executionId="6986bfa9-270f-482a-aaa8-4c019c64806d" testId="a1cbfb2e-d8ee-4924-9eb8-f3908f1ebe43" testName="ToDisplay_Passing_Enumeration_Name_Returns_Display_Atributte" computerName="PC-SFERRARI" duration="00:00:00.0211364" startTime="2021-10-10T14:01:02.1813772+02:00" endTime="2021-10-10T14:01:02.2026848+02:00" testType="13cdc9d9-ddb5-4fa4-a97d-d965ccfc6d4b" outcome="Passed" testListId="8c84fa94-04c1-424b-9868-57a2d4851a1d" relativeResultsDirectory="6986bfa9-270f-482a-aaa8-4c019c64806d" />
    <UnitTestResult executionId="784541a2-5cd6-44a3-a15f-b894c0a0f79e" testId="062f8bce-494f-4352-95e7-47028ac41113" testName="ToService_Passing_Valid_Service_Returns_Service" computerName="PC-SFERRARI" duration="00:00:00.0006125" startTime="2021-10-10T14:01:03.1121323+02:00" endTime="2021-10-10T14:01:03.1128514+02:00" testType="13cdc9d9-ddb5-4fa4-a97d-d965ccfc6d4b" outcome="Passed" testListId="8c84fa94-04c1-424b-9868-57a2d4851a1d" relativeResultsDirectory="784541a2-5cd6-44a3-a15f-b894c0a0f79e" />
    <UnitTestResult executionId="60345286-d848-4082-8856-6c56471a67e6" testId="f44eb6e4-9ecb-4424-b6b4-f49e7a02f500" testName="ToEmailMaskUserNameAndDomain_Passing_ValidEmail_Returns_EmailWithMask (qaz@gmail.com,q*z@g***l.com)" computerName="PC-SFERRARI" duration="00:00:00.0003666" startTime="2021-10-10T14:01:03.4005177+02:00" endTime="2021-10-10T14:01:03.4009475+02:00" testType="13cdc9d9-ddb5-4fa4-a97d-d965ccfc6d4b" outcome="Passed" testListId="8c84fa94-04c1-424b-9868-57a2d4851a1d" relativeResultsDirectory="60345286-d848-4082-8856-6c56471a67e6" />
    <UnitTestResult executionId="62156ceb-e27d-4f86-a54e-30ab73a0d52d" testId="db336488-a657-480e-9c7f-9660fd9d2b56" testName="ToRandom_Passing_ValidValueString_Returns_String" computerName="PC-SFERRARI" duration="00:00:00.0041909" startTime="2021-10-10T14:01:03.5948378+02:00" endTime="2021-10-10T14:01:03.5991956+02:00" testType="13cdc9d9-ddb5-4fa4-a97d-d965ccfc6d4b" outcome="Passed" testListId="8c84fa94-04c1-424b-9868-57a2d4851a1d" relativeResultsDirectory="62156ceb-e27d-4f86-a54e-30ab73a0d52d" />
    <UnitTestResult executionId="bc404282-98e7-4dc5-b3b3-8256f5a830b6" testId="0f641696-53a3-4227-8b3d-bc5d9274d5b4" testName="ToContentType_Passing_ValidValueString_Returns_ContentType (xxxx.jpeg,image/jpeg)" computerName="PC-SFERRARI" duration="00:00:00.0000473" startTime="2021-10-10T14:01:03.5580221+02:00" endTime="2021-10-10T14:01:03.5581734+02:00" testType="13cdc9d9-ddb5-4fa4-a97d-d965ccfc6d4b" outcome="Passed" testListId="8c84fa94-04c1-424b-9868-57a2d4851a1d" relativeResultsDirectory="bc404282-98e7-4dc5-b3b3-8256f5a830b6" />
    <UnitTestResult executionId="118306d7-d326-4ced-aaa2-972615168c52" testId="0b1990d7-3068-45c1-95e1-1327e31451b7" testName="ToContentType_Passing_ValidValueString_Returns_ContentType (xxxx.gif,image/gif)" computerName="PC-SFERRARI" duration="00:00:00.0000565" startTime="2021-10-10T14:01:03.5575752+02:00" endTime="2021-10-10T14:01:03.5578680+02:00" testType="13cdc9d9-ddb5-4fa4-a97d-d965ccfc6d4b" outcome="Passed" testListId="8c84fa94-04c1-424b-9868-57a2d4851a1d" relativeResultsDirectory="118306d7-d326-4ced-aaa2-972615168c52" />
    <UnitTestResult executionId="5c07757c-83ef-4258-ac0b-7722a624b7af" testId="3396c98f-418c-4e3b-baa2-72bb33e22c8b" testName="ToReplace_Passing_ValidValue_Returns_ReplacedValue (aeiou,*,2,1,ae*ou)" computerName="PC-SFERRARI" duration="00:00:00.0000122" startTime="2021-10-10T14:01:03.2428542+02:00" endTime="2021-10-10T14:01:03.2429947+02:00" testType="13cdc9d9-ddb5-4fa4-a97d-d965ccfc6d4b" outcome="Passed" testListId="8c84fa94-04c1-424b-9868-57a2d4851a1d" relativeResultsDirectory="5c07757c-83ef-4258-ac0b-7722a624b7af" />
    <UnitTestResult executionId="c9f779ae-e633-42cd-8005-8050bce692c7" testId="385093b9-e22b-4cc2-8d06-7a357c159dfc" testName="ToUri_Passing_InvalidValueString_Returns_DefaultValue (http://??)" computerName="PC-SFERRARI" duration="00:00:00.0000122" startTime="2021-10-10T14:01:03.4935479+02:00" endTime="2021-10-10T14:01:03.4936748+02:00" testType="13cdc9d9-ddb5-4fa4-a97d-d965ccfc6d4b" outcome="Passed" testListId="8c84fa94-04c1-424b-9868-57a2d4851a1d" relativeResultsDirectory="c9f779ae-e633-42cd-8005-8050bce692c7" />
    <UnitTestResult executionId="4c0e979c-9986-4bd5-95ba-2e68422e2fd6" testId="3c44f626-edc1-41d2-956a-d5cab90de817" testName="CreateSHA256_Passing_Invalid_Arguments_Returns_ApplicationException ()" computerName="PC-SFERRARI" duration="00:00:00.0002599" startTime="2021-10-10T14:01:03.7054389+02:00" endTime="2021-10-10T14:01:03.7072537+02:00" testType="13cdc9d9-ddb5-4fa4-a97d-d965ccfc6d4b" outcome="Passed" testListId="8c84fa94-04c1-424b-9868-57a2d4851a1d" relativeResultsDirectory="4c0e979c-9986-4bd5-95ba-2e68422e2fd6" />
    <UnitTestResult executionId="f99902ca-94c6-4767-8ca5-b21b841a05d3" testId="63fec161-d9b8-48fc-9020-e584528ec325" testName="ToUri_Passing_ValidValueString_Returns_Uri (http://-.~_!$&amp;'()*+,;=:%40:80%2f::::::@example.com)" computerName="PC-SFERRARI" duration="00:00:00.0000108" startTime="2021-10-10T14:01:03.4690931+02:00" endTime="2021-10-10T14:01:03.4693126+02:00" testType="13cdc9d9-ddb5-4fa4-a97d-d965ccfc6d4b" outcome="Passed" testListId="8c84fa94-04c1-424b-9868-57a2d4851a1d" relativeResultsDirectory="f99902ca-94c6-4767-8ca5-b21b841a05d3" />
    <UnitTestResult executionId="8731caee-493c-48fb-a082-8583095b9d90" testId="9ae42e68-bcbe-4b9b-81a1-a9f11cdd0419" testName="ToDictionaryPropertyInfo_Passing_Object_IncludeNullOrEmptyProperty_Returns_Properties_NameAndValue_Dictionary" computerName="PC-SFERRARI" duration="00:00:00.0003011" startTime="2021-10-10T14:01:02.2708088+02:00" endTime="2021-10-10T14:01:02.2712262+02:00" testType="13cdc9d9-ddb5-4fa4-a97d-d965ccfc6d4b" outcome="Passed" testListId="8c84fa94-04c1-424b-9868-57a2d4851a1d" relativeResultsDirectory="8731caee-493c-48fb-a082-8583095b9d90" />
    <UnitTestResult executionId="f330cc74-e268-44fc-8053-6a0a445a16c3" testId="7e919be3-fbbd-415b-bddc-3bb991d49bae" testName="ToDefaultValue_Passing_ulong_Returns_Cero" computerName="PC-SFERRARI" duration="00:00:00.0003884" startTime="2021-10-10T14:01:02.2222188+02:00" endTime="2021-10-10T14:01:02.2227932+02:00" testType="13cdc9d9-ddb5-4fa4-a97d-d965ccfc6d4b" outcome="Passed" testListId="8c84fa94-04c1-424b-9868-57a2d4851a1d" relativeResultsDirectory="f330cc74-e268-44fc-8053-6a0a445a16c3" />
    <UnitTestResult executionId="bc4f04f6-6893-463e-8fe3-5fc14b53e6ef" testId="4a51ee7d-f1a8-405d-9900-91e8c4f1e625" testName="ToNormalize_Passing_ValidValue_Returns_NormalizedValue (ñ Ñ,n N)" computerName="PC-SFERRARI" duration="00:00:00.0000375" startTime="2021-10-10T14:01:03.3376976+02:00" endTime="2021-10-10T14:01:03.3378465+02:00" testType="13cdc9d9-ddb5-4fa4-a97d-d965ccfc6d4b" outcome="Passed" testListId="8c84fa94-04c1-424b-9868-57a2d4851a1d" relativeResultsDirectory="bc4f04f6-6893-463e-8fe3-5fc14b53e6ef" />
    <UnitTestResult executionId="7bb76204-1063-4ec9-9797-391aed1467f3" testId="762c91c5-c622-4136-bf00-c8726088de24" testName="ResultErrorData_WithTitle_WithStatusCode_WithDetails_WithExceptionType_WithMessages_WithErrors" computerName="PC-SFERRARI" duration="00:00:00.0413581" startTime="2021-10-10T14:01:03.8534091+02:00" endTime="2021-10-10T14:01:03.8949789+02:00" testType="13cdc9d9-ddb5-4fa4-a97d-d965ccfc6d4b" outcome="Passed" testListId="8c84fa94-04c1-424b-9868-57a2d4851a1d" relativeResultsDirectory="7bb76204-1063-4ec9-9797-391aed1467f3" />
    <UnitTestResult executionId="9d4ac4aa-baea-46f4-999f-3a7bcf0b7a1c" testId="c4ed0bd2-258d-40bb-8b48-cda6f0b72670" testName="ToResultAsync_Passing_StatusCodeAnd_MessageAndContentTypeAndHeader_Values_Returns_Values (/test)" computerName="PC-SFERRARI" duration="00:00:00.6375872" startTime="2021-10-10T14:01:02.4119034+02:00" endTime="2021-10-10T14:01:03.0497996+02:00" testType="13cdc9d9-ddb5-4fa4-a97d-d965ccfc6d4b" outcome="Passed" testListId="8c84fa94-04c1-424b-9868-57a2d4851a1d" relativeResultsDirectory="9d4ac4aa-baea-46f4-999f-3a7bcf0b7a1c">
      <Output>
        <StdOut>info: Microsoft.AspNetCore.Hosting.Diagnostics[1]&#xD;
      Request starting HTTP/1.1 GET http://localhost/test - -&#xD;
info: Microsoft.AspNetCore.Hosting.Diagnostics[2]&#xD;
      Request finished HTTP/1.1 GET http://localhost/test - - - 401 - fe2d42d3-a088-4820-8b6e-7ab655406d25 66.0483ms</StdOut>
      </Output>
    </UnitTestResult>
    <UnitTestResult executionId="31228f38-ceef-4980-99ab-ac7c6bb85e45" testId="d3a44048-6509-40af-9e9c-f2bddebb9570" testName="IsGreater_Passing_InvalidArguments_Returns_HasErrorsAndCount" computerName="PC-SFERRARI" duration="00:00:00.0099114" startTime="2021-10-10T14:01:03.6239926+02:00" endTime="2021-10-10T14:01:03.6341463+02:00" testType="13cdc9d9-ddb5-4fa4-a97d-d965ccfc6d4b" outcome="Passed" testListId="8c84fa94-04c1-424b-9868-57a2d4851a1d" relativeResultsDirectory="31228f38-ceef-4980-99ab-ac7c6bb85e45" />
    <UnitTestResult executionId="45332376-8a40-484d-bc93-4e5eac80fcb7" testId="f52f5164-1ec9-414f-bf6b-49802c9871ff" testName="ToReplace_Passing_ValidValue_Returns_ReplacedValue (aeiou,*,0,1,*eiou)" computerName="PC-SFERRARI" duration="00:00:00.0011754" startTime="2021-10-10T14:01:03.2356176+02:00" endTime="2021-10-10T14:01:03.2369269+02:00" testType="13cdc9d9-ddb5-4fa4-a97d-d965ccfc6d4b" outcome="Passed" testListId="8c84fa94-04c1-424b-9868-57a2d4851a1d" relativeResultsDirectory="45332376-8a40-484d-bc93-4e5eac80fcb7" />
    <UnitTestResult executionId="11b34577-d884-4041-97df-2aaba5d228b2" testId="007b6139-2126-4868-89bf-981cd558f0e5" testName="ToEnvironment_Passing_Custom_Enviroment_Returns_Custom_Name" computerName="PC-SFERRARI" duration="00:00:00.0007725" startTime="2021-10-10T14:01:01.2409828+02:00" endTime="2021-10-10T14:01:01.2418959+02:00" testType="13cdc9d9-ddb5-4fa4-a97d-d965ccfc6d4b" outcome="Passed" testListId="8c84fa94-04c1-424b-9868-57a2d4851a1d" relativeResultsDirectory="11b34577-d884-4041-97df-2aaba5d228b2" />
    <UnitTestResult executionId="9666f1f7-42db-4d8a-82cc-e6bf54f67620" testId="c9b64c47-a494-4a96-bfd4-3594dc7dae28" testName="IsHostname_Passing_InvalidArguments_Returns_HasErrorsAndCount" computerName="PC-SFERRARI" duration="00:00:00.0004927" startTime="2021-10-10T14:01:03.6612577+02:00" endTime="2021-10-10T14:01:03.6618442+02:00" testType="13cdc9d9-ddb5-4fa4-a97d-d965ccfc6d4b" outcome="Passed" testListId="8c84fa94-04c1-424b-9868-57a2d4851a1d" relativeResultsDirectory="9666f1f7-42db-4d8a-82cc-e6bf54f67620" />
    <UnitTestResult executionId="00b450d0-6fe1-4a31-a79e-e541a11ff7d5" testId="3bdb6e10-fc93-4d5c-a170-2356753e67ff" testName="ToIsLastDayOfTheMonth_Passing_NotLastDayOfMonth_Returns_False" computerName="PC-SFERRARI" duration="00:00:00.0003415" startTime="2021-10-10T14:01:02.1550990+02:00" endTime="2021-10-10T14:01:02.1555423+02:00" testType="13cdc9d9-ddb5-4fa4-a97d-d965ccfc6d4b" outcome="Passed" testListId="8c84fa94-04c1-424b-9868-57a2d4851a1d" relativeResultsDirectory="00b450d0-6fe1-4a31-a79e-e541a11ff7d5" />
    <UnitTestResult executionId="56349651-29a9-4c43-839e-99adad470a00" testId="6d2faa13-9e4b-4709-bdb6-040b22b7e99f" testName="ToEnvironment_ServiceProvider_Passing_Development_Enviroment_Returns_Development_Name" computerName="PC-SFERRARI" duration="00:00:00.0009244" startTime="2021-10-10T14:01:03.1031441+02:00" endTime="2021-10-10T14:01:03.1042430+02:00" testType="13cdc9d9-ddb5-4fa4-a97d-d965ccfc6d4b" outcome="Passed" testListId="8c84fa94-04c1-424b-9868-57a2d4851a1d" relativeResultsDirectory="56349651-29a9-4c43-839e-99adad470a00" />
    <UnitTestResult executionId="2c576b8c-7c99-44a6-8ff5-4e3d7827ff8d" testId="f3ce649e-86ff-4978-8059-ce211c023ade" testName="ToEmailMaskUserName_Passing_ValidEmail_Returns_EmailWithMask (qazwsxedc@gmailgmail.com,q*******c@gmailgmail.com)" computerName="PC-SFERRARI" duration="00:00:00.0000223" startTime="2021-10-10T14:01:03.4003857+02:00" endTime="2021-10-10T14:01:03.4004725+02:00" testType="13cdc9d9-ddb5-4fa4-a97d-d965ccfc6d4b" outcome="Passed" testListId="8c84fa94-04c1-424b-9868-57a2d4851a1d" relativeResultsDirectory="2c576b8c-7c99-44a6-8ff5-4e3d7827ff8d" />
    <UnitTestResult executionId="d2861aca-6f67-4851-b88b-05b317c6df34" testId="8a0c5807-9b5e-4bdb-9970-2cf225f9c03c" testName="ToFirstLetterLower_Passing_ValidValue_Returns_StringWithFirstLetterLower (aEIOU,aEIOU)" computerName="PC-SFERRARI" duration="00:00:00.0000122" startTime="2021-10-10T14:01:03.3953979+02:00" endTime="2021-10-10T14:01:03.3955529+02:00" testType="13cdc9d9-ddb5-4fa4-a97d-d965ccfc6d4b" outcome="Passed" testListId="8c84fa94-04c1-424b-9868-57a2d4851a1d" relativeResultsDirectory="d2861aca-6f67-4851-b88b-05b317c6df34" />
    <UnitTestResult executionId="ee4802a8-52f7-4350-84e8-0ce0ee78bbf2" testId="6e86de31-888b-48c6-97cb-04bb52ff16aa" testName="CreateRandom_WithCustomAllowableCharacters_Passing_Valid_Arguments_Returns_String_Random_Value (10,7890ABFLFLFFL)" computerName="PC-SFERRARI" duration="00:00:00.0000201" startTime="2021-10-10T14:01:03.6927485+02:00" endTime="2021-10-10T14:01:03.6928798+02:00" testType="13cdc9d9-ddb5-4fa4-a97d-d965ccfc6d4b" outcome="Passed" testListId="8c84fa94-04c1-424b-9868-57a2d4851a1d" relativeResultsDirectory="ee4802a8-52f7-4350-84e8-0ce0ee78bbf2" />
    <UnitTestResult executionId="3c078ceb-fa5b-4bf1-aa64-43fbcb56b432" testId="790f04c7-f498-49f1-9abd-b6b36320e4c2" testName="ToConfigureOrDefault_Passing_DefaultValues_And_ActionCustomValues_Returns_DefaultValues_And_CustomValues" computerName="PC-SFERRARI" duration="00:00:00.0006263" startTime="2021-10-10T14:01:00.2899300+02:00" endTime="2021-10-10T14:01:00.2907828+02:00" testType="13cdc9d9-ddb5-4fa4-a97d-d965ccfc6d4b" outcome="Passed" testListId="8c84fa94-04c1-424b-9868-57a2d4851a1d" relativeResultsDirectory="3c078ceb-fa5b-4bf1-aa64-43fbcb56b432" />
    <UnitTestResult executionId="638a3cca-0a3b-4265-858b-88aebaca735b" testId="62ddec56-9151-440a-86ed-4431d35b6011" testName="ToSettings_Passing_Values_From_AppSettingsFile_Returns_Settings" computerName="PC-SFERRARI" duration="00:00:00.0226409" startTime="2021-10-10T14:01:03.1981216+02:00" endTime="2021-10-10T14:01:03.2209378+02:00" testType="13cdc9d9-ddb5-4fa4-a97d-d965ccfc6d4b" outcome="Passed" testListId="8c84fa94-04c1-424b-9868-57a2d4851a1d" relativeResultsDirectory="638a3cca-0a3b-4265-858b-88aebaca735b" />
    <UnitTestResult executionId="04793f9d-1d90-40de-94a9-70daf3b0d986" testId="d9f98f47-7982-4ef3-9392-5269b80273cf" testName="ToReplaceSpecialChars_Passing_ValidValue_Returns_ReplacedValueWithoutIgnoreSpecialChars ( * ¨ ^ _ : - ? ¿ ; ,          )" computerName="PC-SFERRARI" duration="00:00:00.0001733" startTime="2021-10-10T14:01:03.2777992+02:00" endTime="2021-10-10T14:01:03.2782702+02:00" testType="13cdc9d9-ddb5-4fa4-a97d-d965ccfc6d4b" outcome="Passed" testListId="8c84fa94-04c1-424b-9868-57a2d4851a1d" relativeResultsDirectory="04793f9d-1d90-40de-94a9-70daf3b0d986" />
    <UnitTestResult executionId="6437af62-c8c7-4e77-82b8-13d50ba3f264" testId="eb48691e-9054-4c11-b108-bc19f269a43a" testName="ToTryContentType_Passing_HttpRequestWithContentType_Value_Returns_ContentType_String_Value" computerName="PC-SFERRARI" duration="00:00:00.0009774" startTime="2021-10-10T14:01:02.4104614+02:00" endTime="2021-10-10T14:01:02.4115888+02:00" testType="13cdc9d9-ddb5-4fa4-a97d-d965ccfc6d4b" outcome="Passed" testListId="8c84fa94-04c1-424b-9868-57a2d4851a1d" relativeResultsDirectory="6437af62-c8c7-4e77-82b8-13d50ba3f264" />
    <UnitTestResult executionId="f96a0f82-74ff-4fdb-8f73-e5c150ea011e" testId="f26a2e9e-b268-4f28-b2e9-da53be99c11e" testName="ToUri_Passing_ValidValueString_Returns_Uri (http://userid:password@example.com/)" computerName="PC-SFERRARI" duration="00:00:00.0000077" startTime="2021-10-10T14:01:03.4535452+02:00" endTime="2021-10-10T14:01:03.4536669+02:00" testType="13cdc9d9-ddb5-4fa4-a97d-d965ccfc6d4b" outcome="Passed" testListId="8c84fa94-04c1-424b-9868-57a2d4851a1d" relativeResultsDirectory="f96a0f82-74ff-4fdb-8f73-e5c150ea011e" />
    <UnitTestResult executionId="30e8d248-7b26-431b-a350-6d1a252bd466" testId="b95c8a6f-75e8-4fb6-8d3d-d7ef5813b33f" testName="ToService_Passing_Service_Not_Found_Returns_ApplicationException" computerName="PC-SFERRARI" duration="00:00:00.0006151" startTime="2021-10-10T14:01:01.2636325+02:00" endTime="2021-10-10T14:01:01.2643889+02:00" testType="13cdc9d9-ddb5-4fa4-a97d-d965ccfc6d4b" outcome="Passed" testListId="8c84fa94-04c1-424b-9868-57a2d4851a1d" relativeResultsDirectory="30e8d248-7b26-431b-a350-6d1a252bd466" />
    <UnitTestResult executionId="811773dd-f048-4a04-8daa-7d11a3b0337f" testId="c25171e7-1b39-4701-9bce-d2d47e64154c" testName="ToUri_Passing_ValidValueString_Returns_Uri (https://foo.com/blah_blah)" computerName="PC-SFERRARI" duration="00:00:00.0000122" startTime="2021-10-10T14:01:03.4112222+02:00" endTime="2021-10-10T14:01:03.4114744+02:00" testType="13cdc9d9-ddb5-4fa4-a97d-d965ccfc6d4b" outcome="Passed" testListId="8c84fa94-04c1-424b-9868-57a2d4851a1d" relativeResultsDirectory="811773dd-f048-4a04-8daa-7d11a3b0337f" />
    <UnitTestResult executionId="fc3a9ad7-0f3c-4f10-a2d2-bc87e87cc8d1" testId="77561c1d-d5ea-4264-8942-06093b9e804c" testName="ToEmailMaskUserNameAndDomainAndExtension_Passing_ValidEmail_Returns_EmailWithMask (qaz@gmail.com,q*z@g***l.c*m)" computerName="PC-SFERRARI" duration="00:00:00.0002995" startTime="2021-10-10T14:01:03.4016137+02:00" endTime="2021-10-10T14:01:03.4019735+02:00" testType="13cdc9d9-ddb5-4fa4-a97d-d965ccfc6d4b" outcome="Passed" testListId="8c84fa94-04c1-424b-9868-57a2d4851a1d" relativeResultsDirectory="fc3a9ad7-0f3c-4f10-a2d2-bc87e87cc8d1" />
    <UnitTestResult executionId="4bcf1c38-76a6-4a86-aeb4-6ff810dfe8aa" testId="ce15d2a9-3349-495f-a499-adb9c9f17b36" testName="IsName_Passing_InvalidArguments_Returns_HasErrorsAndCount" computerName="PC-SFERRARI" duration="00:00:00.0001501" startTime="2021-10-10T14:01:03.6529590+02:00" endTime="2021-10-10T14:01:03.6531869+02:00" testType="13cdc9d9-ddb5-4fa4-a97d-d965ccfc6d4b" outcome="Passed" testListId="8c84fa94-04c1-424b-9868-57a2d4851a1d" relativeResultsDirectory="4bcf1c38-76a6-4a86-aeb4-6ff810dfe8aa" />
    <UnitTestResult executionId="485e7c6f-d2b8-401b-832f-4b307c5571e5" testId="6e053220-32c5-4e53-a4a3-7f526a0f79f1" testName="ToIsLastDayOfTheMonth_Passing_LastDayOfMonth_Returns_True" computerName="PC-SFERRARI" duration="00:00:00.0001493" startTime="2021-10-10T14:01:02.1555937+02:00" endTime="2021-10-10T14:01:02.1558371+02:00" testType="13cdc9d9-ddb5-4fa4-a97d-d965ccfc6d4b" outcome="Passed" testListId="8c84fa94-04c1-424b-9868-57a2d4851a1d" relativeResultsDirectory="485e7c6f-d2b8-401b-832f-4b307c5571e5" />
    <UnitTestResult executionId="7a1ac33e-8ba6-4e85-a4ee-1bd1a1b300f8" testId="c88dc83e-1d74-4bcc-9a36-2831b13244e5" testName="ToIsWeekend_Passing_Friday_DateTime_Returns_False" computerName="PC-SFERRARI" duration="00:00:00.0010055" startTime="2021-10-10T14:01:02.1518041+02:00" endTime="2021-10-10T14:01:02.1534376+02:00" testType="13cdc9d9-ddb5-4fa4-a97d-d965ccfc6d4b" outcome="Passed" testListId="8c84fa94-04c1-424b-9868-57a2d4851a1d" relativeResultsDirectory="7a1ac33e-8ba6-4e85-a4ee-1bd1a1b300f8" />
    <UnitTestResult executionId="4f59a255-592c-463a-bec8-87dd8a340ad5" testId="162683e3-bb80-46b1-a914-db3cfc420b57" testName="CreateRandom_WithCustomAllowableCharacters_Passing_Valid_Arguments_Returns_String_Random_Value (8,ae)" computerName="PC-SFERRARI" duration="00:00:00.0001963" startTime="2021-10-10T14:01:03.6921307+02:00" endTime="2021-10-10T14:01:03.6924339+02:00" testType="13cdc9d9-ddb5-4fa4-a97d-d965ccfc6d4b" outcome="Passed" testListId="8c84fa94-04c1-424b-9868-57a2d4851a1d" relativeResultsDirectory="4f59a255-592c-463a-bec8-87dd8a340ad5" />
    <UnitTestResult executionId="5351005b-9662-4a12-a600-4ec59a3c94ec" testId="70fa3505-5fb0-4ea4-a49a-249a59241515" testName="ToUri_Passing_ValidValueString_Returns_Uri (http://⌘.ws)" computerName="PC-SFERRARI" duration="00:00:00.0000154" startTime="2021-10-10T14:01:03.4543764+02:00" endTime="2021-10-10T14:01:03.4545064+02:00" testType="13cdc9d9-ddb5-4fa4-a97d-d965ccfc6d4b" outcome="Passed" testListId="8c84fa94-04c1-424b-9868-57a2d4851a1d" relativeResultsDirectory="5351005b-9662-4a12-a600-4ec59a3c94ec" />
    <UnitTestResult executionId="4d6f53ec-4bae-4bbb-84cf-c0295fe2f66a" testId="864f6782-d037-471b-adb2-056aebd48bd6" testName="ToWhere_Passing_Valid_Predicate_Returns_Filter_List" computerName="PC-SFERRARI" duration="00:00:00.0019827" startTime="2021-10-10T14:01:03.0751350+02:00" endTime="2021-10-10T14:01:03.0773028+02:00" testType="13cdc9d9-ddb5-4fa4-a97d-d965ccfc6d4b" outcome="Passed" testListId="8c84fa94-04c1-424b-9868-57a2d4851a1d" relativeResultsDirectory="4d6f53ec-4bae-4bbb-84cf-c0295fe2f66a" />
    <UnitTestResult executionId="84d7b7ab-7972-48e2-b898-5bfbf90d819b" testId="eddb6e90-2da3-43b4-83b6-a101e9e63d67" testName="ToIsSubdomainThrow_Passing_InvalidValue_Returns_ApplicationExceptionWithMessage ()" computerName="PC-SFERRARI" duration="00:00:00.0000593" startTime="2021-10-10T14:01:01.8182230+02:00" endTime="2021-10-10T14:01:01.8183736+02:00" testType="13cdc9d9-ddb5-4fa4-a97d-d965ccfc6d4b" outcome="Passed" testListId="8c84fa94-04c1-424b-9868-57a2d4851a1d" relativeResultsDirectory="84d7b7ab-7972-48e2-b898-5bfbf90d819b" />
    <UnitTestResult executionId="bd0ee493-1cce-40bd-86b9-98a9ecee6bbc" testId="5ae9e30b-5e75-4fc3-85a1-270d34dc0b2e" testName="ResultDataInternalServerError" computerName="PC-SFERRARI" duration="00:00:00.0002851" startTime="2021-10-10T14:01:03.8180811+02:00" endTime="2021-10-10T14:01:03.8184455+02:00" testType="13cdc9d9-ddb5-4fa4-a97d-d965ccfc6d4b" outcome="Passed" testListId="8c84fa94-04c1-424b-9868-57a2d4851a1d" relativeResultsDirectory="bd0ee493-1cce-40bd-86b9-98a9ecee6bbc" />
    <UnitTestResult executionId="30bcc1e5-b6ce-45af-87c8-e5ebddca24e4" testId="a809cd46-526b-45a1-85a0-e3daea25da83" testName="ToDefaultValue_Passing_uint_Returns_Cero" computerName="PC-SFERRARI" duration="00:00:00.0003551" startTime="2021-10-10T14:01:02.2204576+02:00" endTime="2021-10-10T14:01:02.2209891+02:00" testType="13cdc9d9-ddb5-4fa4-a97d-d965ccfc6d4b" outcome="Passed" testListId="8c84fa94-04c1-424b-9868-57a2d4851a1d" relativeResultsDirectory="30bcc1e5-b6ce-45af-87c8-e5ebddca24e4" />
    <UnitTestResult executionId="5364a38c-6c2c-405c-ac07-fe89b909935d" testId="3c6ce9d3-cf76-4750-97b2-a588132c541d" testName="ToUri_Passing_ValidValueString_Returns_Uri (http://➡.ws/䨹)" computerName="PC-SFERRARI" duration="00:00:00.0000800" startTime="2021-10-10T14:01:03.4541203+02:00" endTime="2021-10-10T14:01:03.4543147+02:00" testType="13cdc9d9-ddb5-4fa4-a97d-d965ccfc6d4b" outcome="Passed" testListId="8c84fa94-04c1-424b-9868-57a2d4851a1d" relativeResultsDirectory="5364a38c-6c2c-405c-ac07-fe89b909935d" />
    <UnitTestResult executionId="fdf4d6dc-f41c-4fe0-b133-ccbcbf222d0e" testId="d374fa7b-79f6-4102-bb89-47f881bd9cc8" testName="ToBytes_Passing_Object_Returns_Bytes" computerName="PC-SFERRARI" duration="00:00:00.0006314" startTime="2021-10-10T14:01:02.2712622+02:00" endTime="2021-10-10T14:01:02.2719707+02:00" testType="13cdc9d9-ddb5-4fa4-a97d-d965ccfc6d4b" outcome="Passed" testListId="8c84fa94-04c1-424b-9868-57a2d4851a1d" relativeResultsDirectory="fdf4d6dc-f41c-4fe0-b133-ccbcbf222d0e" />
    <UnitTestResult executionId="eb926a35-0177-4a5e-97d3-c98dd8b5d939" testId="6d7c8963-3d8b-4502-8883-bc2c35014e34" testName="ResultDataUnauthorized" computerName="PC-SFERRARI" duration="00:00:00.0003139" startTime="2021-10-10T14:01:03.8176308+02:00" endTime="2021-10-10T14:01:03.8180262+02:00" testType="13cdc9d9-ddb5-4fa4-a97d-d965ccfc6d4b" outcome="Passed" testListId="8c84fa94-04c1-424b-9868-57a2d4851a1d" relativeResultsDirectory="eb926a35-0177-4a5e-97d3-c98dd8b5d939" />
    <UnitTestResult executionId="a75509ab-e770-4559-9f7d-1ee16e5f2154" testId="6e7f7ebc-dd96-42c1-b507-203e3bb19f11" testName="CreateSHA512_Passing_Invalid_Arguments_Returns_ApplicationException ()" computerName="PC-SFERRARI" duration="00:00:00.0001001" startTime="2021-10-10T14:01:03.7293276+02:00" endTime="2021-10-10T14:01:03.7295580+02:00" testType="13cdc9d9-ddb5-4fa4-a97d-d965ccfc6d4b" outcome="Passed" testListId="8c84fa94-04c1-424b-9868-57a2d4851a1d" relativeResultsDirectory="a75509ab-e770-4559-9f7d-1ee16e5f2154" />
    <UnitTestResult executionId="2d2de9e5-75d5-4335-a5ae-5ad5d572f5af" testId="7abbe76e-7cf8-4f7a-bca5-7ca07754711f" testName="ToConfiguration_Passing_Empty_DirectoryPath_Returns_ApplicationException" computerName="PC-SFERRARI" duration="00:00:00.0015572" startTime="2021-10-10T14:01:03.1718830+02:00" endTime="2021-10-10T14:01:03.1736145+02:00" testType="13cdc9d9-ddb5-4fa4-a97d-d965ccfc6d4b" outcome="Passed" testListId="8c84fa94-04c1-424b-9868-57a2d4851a1d" relativeResultsDirectory="2d2de9e5-75d5-4335-a5ae-5ad5d572f5af" />
    <UnitTestResult executionId="8b3c6cfa-94ce-4af4-b2fe-ce6498784dc7" testId="28b9dd56-1b14-424c-a77c-43094914366d" testName="ToUri_Passing_ValidValueString_Returns_Uri (http://userid@example.com/)" computerName="PC-SFERRARI" duration="00:00:00.0000077" startTime="2021-10-10T14:01:03.4482346+02:00" endTime="2021-10-10T14:01:03.4483606+02:00" testType="13cdc9d9-ddb5-4fa4-a97d-d965ccfc6d4b" outcome="Passed" testListId="8c84fa94-04c1-424b-9868-57a2d4851a1d" relativeResultsDirectory="8b3c6cfa-94ce-4af4-b2fe-ce6498784dc7" />
    <UnitTestResult executionId="77e0de97-3fc3-40ca-a746-f35b9fe366ef" testId="63d95f02-6d37-43d3-a501-3320d2c263ca" testName="ToDictionaryPropertyInfo_Passing_Object_Not_IncludeNullOrEmptyProperty_Returns_Properties_NameAndValue_Dictionary" computerName="PC-SFERRARI" duration="00:00:00.0023197" startTime="2021-10-10T14:01:02.2683351+02:00" endTime="2021-10-10T14:01:02.2707387+02:00" testType="13cdc9d9-ddb5-4fa4-a97d-d965ccfc6d4b" outcome="Passed" testListId="8c84fa94-04c1-424b-9868-57a2d4851a1d" relativeResultsDirectory="77e0de97-3fc3-40ca-a746-f35b9fe366ef" />
    <UnitTestResult executionId="aa9fdd9c-4386-4b98-948c-710b139bad14" testId="b30f0743-b44c-4658-bb7d-a6bfbdb55fd2" testName="ToFormat_Passing_ValidTimeSpanValue_Returns_ValueWithFormatString" computerName="PC-SFERRARI" duration="00:00:00.0008983" startTime="2021-10-10T14:01:03.6017554+02:00" endTime="2021-10-10T14:01:03.6029497+02:00" testType="13cdc9d9-ddb5-4fa4-a97d-d965ccfc6d4b" outcome="Passed" testListId="8c84fa94-04c1-424b-9868-57a2d4851a1d" relativeResultsDirectory="aa9fdd9c-4386-4b98-948c-710b139bad14" />
    <UnitTestResult executionId="ea1ffa18-758f-4163-8465-3b31ac4c64a3" testId="9f24c8ff-dea8-42ac-b818-55ddb42c8405" testName="ToFirstLetterLower_Passing_ValidValue_Returns_StringWithFirstLetterLower (AEIOU,aEIOU)" computerName="PC-SFERRARI" duration="00:00:00.0000051" startTime="2021-10-10T14:01:03.3957521+02:00" endTime="2021-10-10T14:01:03.3958197+02:00" testType="13cdc9d9-ddb5-4fa4-a97d-d965ccfc6d4b" outcome="Passed" testListId="8c84fa94-04c1-424b-9868-57a2d4851a1d" relativeResultsDirectory="ea1ffa18-758f-4163-8465-3b31ac4c64a3" />
    <UnitTestResult executionId="c168b39e-5c38-46c8-a988-149ed77e5dd6" testId="1b07e3d8-13f3-457a-abca-07acba73d57b" testName="ToHashAlgorithmName_Passing_ValidValueString_Returns_HashAlgorithmName (MD5)" computerName="PC-SFERRARI" duration="00:00:00.0023538" startTime="2021-10-10T14:01:03.4999720+02:00" endTime="2021-10-10T14:01:03.5025303+02:00" testType="13cdc9d9-ddb5-4fa4-a97d-d965ccfc6d4b" outcome="Passed" testListId="8c84fa94-04c1-424b-9868-57a2d4851a1d" relativeResultsDirectory="c168b39e-5c38-46c8-a988-149ed77e5dd6" />
    <UnitTestResult executionId="5ef70bd4-0a72-455c-8b2a-aa5047453c8e" testId="21217ca4-6d75-474b-8473-e280f7bf1bf5" testName="ToString_Passing_Valid_Collection_Returns_String_With_Default_Separator" computerName="PC-SFERRARI" duration="00:00:00.0035645" startTime="2021-10-10T14:01:02.1679264+02:00" endTime="2021-10-10T14:01:02.1717944+02:00" testType="13cdc9d9-ddb5-4fa4-a97d-d965ccfc6d4b" outcome="Passed" testListId="8c84fa94-04c1-424b-9868-57a2d4851a1d" relativeResultsDirectory="5ef70bd4-0a72-455c-8b2a-aa5047453c8e" />
    <UnitTestResult executionId="b336e9ed-b025-4466-b1ee-73c57038fd3f" testId="c8d0dcf2-f3e8-4eb9-86e4-68e0cf46c9b1" testName="ToUri_Passing_InvalidValueString_Returns_DefaultValue (http://)" computerName="PC-SFERRARI" duration="00:00:00.0000180" startTime="2021-10-10T14:01:03.4826782+02:00" endTime="2021-10-10T14:01:03.4828461+02:00" testType="13cdc9d9-ddb5-4fa4-a97d-d965ccfc6d4b" outcome="Passed" testListId="8c84fa94-04c1-424b-9868-57a2d4851a1d" relativeResultsDirectory="b336e9ed-b025-4466-b1ee-73c57038fd3f" />
    <UnitTestResult executionId="6b8fac87-4416-44f2-8de7-2b839f7a1054" testId="6518c39b-7d95-4d97-a78c-77f1d2b6c680" testName="ToUri_Passing_ValidValueString_Returns_Uri (https://foo.com/blah_blah/p=5)" computerName="PC-SFERRARI" duration="00:00:00.0000186" startTime="2021-10-10T14:01:03.4181216+02:00" endTime="2021-10-10T14:01:03.4184006+02:00" testType="13cdc9d9-ddb5-4fa4-a97d-d965ccfc6d4b" outcome="Passed" testListId="8c84fa94-04c1-424b-9868-57a2d4851a1d" relativeResultsDirectory="6b8fac87-4416-44f2-8de7-2b839f7a1054" />
    <UnitTestResult executionId="376da4b8-25e0-412e-a1a8-63226a89f6a0" testId="a4420a77-7352-412e-a2b3-9cc1ad5d2a39" testName="ToUri_Passing_ValidValueString_Returns_Uri (https://www.example.com/foo/?bar=baz&amp;inga=42&amp;quux)" computerName="PC-SFERRARI" duration="00:00:00.0000088" startTime="2021-10-10T14:01:03.4272738+02:00" endTime="2021-10-10T14:01:03.4274055+02:00" testType="13cdc9d9-ddb5-4fa4-a97d-d965ccfc6d4b" outcome="Passed" testListId="8c84fa94-04c1-424b-9868-57a2d4851a1d" relativeResultsDirectory="376da4b8-25e0-412e-a1a8-63226a89f6a0" />
    <UnitTestResult executionId="e4bfd974-b664-4f62-bd10-910a3b92e39a" testId="649a862a-143f-4606-9dac-fb155529a652" testName="ToStringFormat_Passing_ValidValue_Returns_ValueWithoutRemovedChars (2147483647)" computerName="PC-SFERRARI" duration="00:00:00.0000066" startTime="2021-10-10T14:01:03.0620269+02:00" endTime="2021-10-10T14:01:03.0621310+02:00" testType="13cdc9d9-ddb5-4fa4-a97d-d965ccfc6d4b" outcome="Passed" testListId="8c84fa94-04c1-424b-9868-57a2d4851a1d" relativeResultsDirectory="e4bfd974-b664-4f62-bd10-910a3b92e39a" />
    <UnitTestResult executionId="91f38066-1ad1-4628-bb66-631016eebe81" testId="6164f954-0db7-4247-8020-f96c2c5484cc" testName="IsEspecialChars_Passing_InvalidArguments_Returns_HasErrorsAndCount" computerName="PC-SFERRARI" duration="00:00:00.0007182" startTime="2021-10-10T14:01:03.6691946+02:00" endTime="2021-10-10T14:01:03.6700345+02:00" testType="13cdc9d9-ddb5-4fa4-a97d-d965ccfc6d4b" outcome="Passed" testListId="8c84fa94-04c1-424b-9868-57a2d4851a1d" relativeResultsDirectory="91f38066-1ad1-4628-bb66-631016eebe81" />
    <UnitTestResult executionId="61ed4a90-6102-478c-83c1-8cd04fbe5cc2" testId="fa3f4303-742f-4d93-a065-ceb77a9e44da" testName="ToList_Passing_ValidEnumTypeWithSelectedValue_Returns_ValuesList" computerName="PC-SFERRARI" duration="00:00:00.0004285" startTime="2021-10-10T14:01:03.6837894+02:00" endTime="2021-10-10T14:01:03.6843331+02:00" testType="13cdc9d9-ddb5-4fa4-a97d-d965ccfc6d4b" outcome="Passed" testListId="8c84fa94-04c1-424b-9868-57a2d4851a1d" relativeResultsDirectory="61ed4a90-6102-478c-83c1-8cd04fbe5cc2" />
    <UnitTestResult executionId="9483c781-38aa-4dcd-83b9-d067929326a5" testId="ac570dd7-c18a-4328-a5ce-8a16d680b8ca" testName="CreateAndVerifySHA512_Passing_Valid_Arguments_Returns_True (HashTests)" computerName="PC-SFERRARI" duration="00:00:00.0000841" startTime="2021-10-10T14:01:03.7357158+02:00" endTime="2021-10-10T14:01:03.7359736+02:00" testType="13cdc9d9-ddb5-4fa4-a97d-d965ccfc6d4b" outcome="Passed" testListId="8c84fa94-04c1-424b-9868-57a2d4851a1d" relativeResultsDirectory="9483c781-38aa-4dcd-83b9-d067929326a5" />
    <UnitTestResult executionId="de9ac996-0c36-4548-b8c5-86b9afd5263e" testId="6c031f78-4ffb-42b8-800c-7954eec1ab1e" testName="IsLowercase_Passing_ValidArguments_Returns_HasErrorsAndCount" computerName="PC-SFERRARI" duration="00:00:00.0002024" startTime="2021-10-10T14:01:03.6726110+02:00" endTime="2021-10-10T14:01:03.6729229+02:00" testType="13cdc9d9-ddb5-4fa4-a97d-d965ccfc6d4b" outcome="Passed" testListId="8c84fa94-04c1-424b-9868-57a2d4851a1d" relativeResultsDirectory="de9ac996-0c36-4548-b8c5-86b9afd5263e" />
    <UnitTestResult executionId="8f97cd9c-2bb0-4755-bd2e-3ed946500cdc" testId="7c4c71c5-2d3f-49f5-9d8b-a7058eb863ae" testName="ToEmptyIfNull_Passing_Null_Collection_Returns_Empty_Collection" computerName="PC-SFERRARI" duration="00:00:00.0003884" startTime="2021-10-10T14:01:02.1770373+02:00" endTime="2021-10-10T14:01:02.1775335+02:00" testType="13cdc9d9-ddb5-4fa4-a97d-d965ccfc6d4b" outcome="Passed" testListId="8c84fa94-04c1-424b-9868-57a2d4851a1d" relativeResultsDirectory="8f97cd9c-2bb0-4755-bd2e-3ed946500cdc" />
    <UnitTestResult executionId="41812fb7-0f85-4f59-97ab-8f077f583bb8" testId="40277031-4278-471b-8ce3-f841e8be7461" testName="ToEnvironment_ServiceCollection_Passing_Staging_Enviroment_Returns_Staging_Name" computerName="PC-SFERRARI" duration="00:00:00.0007430" startTime="2021-10-10T14:01:03.1011287+02:00" endTime="2021-10-10T14:01:03.1020416+02:00" testType="13cdc9d9-ddb5-4fa4-a97d-d965ccfc6d4b" outcome="Passed" testListId="8c84fa94-04c1-424b-9868-57a2d4851a1d" relativeResultsDirectory="41812fb7-0f85-4f59-97ab-8f077f583bb8" />
    <UnitTestResult executionId="bc1ea1f6-2c99-416b-9a88-1ab23c962dca" testId="506d8211-5622-4f87-8eb9-05fe4d9bc1d6" testName="ToUri_Passing_InvalidValueString_Returns_Null (http://?)" computerName="PC-SFERRARI" duration="00:00:00.0000161" startTime="2021-10-10T14:01:03.4808311+02:00" endTime="2021-10-10T14:01:03.4809790+02:00" testType="13cdc9d9-ddb5-4fa4-a97d-d965ccfc6d4b" outcome="Passed" testListId="8c84fa94-04c1-424b-9868-57a2d4851a1d" relativeResultsDirectory="bc1ea1f6-2c99-416b-9a88-1ab23c962dca" />
    <UnitTestResult executionId="0d881705-30de-46e7-ab83-02b412c30a7d" testId="03fbd011-4d52-4677-9003-7cba7fec7948" testName="ToEmailMaskUserNameAndDomain_Passing_ValidEmail_Returns_EmailWithMask (qazwsxedc@gmail.com,q*******c@g***l.com)" computerName="PC-SFERRARI" duration="00:00:00.0000271" startTime="2021-10-10T14:01:03.4011559+02:00" endTime="2021-10-10T14:01:03.4012383+02:00" testType="13cdc9d9-ddb5-4fa4-a97d-d965ccfc6d4b" outcome="Passed" testListId="8c84fa94-04c1-424b-9868-57a2d4851a1d" relativeResultsDirectory="0d881705-30de-46e7-ab83-02b412c30a7d" />
    <UnitTestResult executionId="e782d249-8153-4432-bedf-c3993de428ac" testId="2a6e5554-1516-4685-bc7f-62fd5b114abd" testName="IsEspecialChars_Passing_ValidArguments_Returns_HasErrorsAndCount" computerName="PC-SFERRARI" duration="00:00:00.0001236" startTime="2021-10-10T14:01:03.6700801+02:00" endTime="2021-10-10T14:01:03.6702824+02:00" testType="13cdc9d9-ddb5-4fa4-a97d-d965ccfc6d4b" outcome="Passed" testListId="8c84fa94-04c1-424b-9868-57a2d4851a1d" relativeResultsDirectory="e782d249-8153-4432-bedf-c3993de428ac" />
    <UnitTestResult executionId="80546947-7fa1-40f5-b198-2eda6ada8f36" testId="bccda824-81bc-4c55-8f4d-37eb6e978f41" testName="ToUri_Passing_InvalidValueString_Returns_DefaultValue (http://../)" computerName="PC-SFERRARI" duration="00:00:00.0000142" startTime="2021-10-10T14:01:03.4931152+02:00" endTime="2021-10-10T14:01:03.4932554+02:00" testType="13cdc9d9-ddb5-4fa4-a97d-d965ccfc6d4b" outcome="Passed" testListId="8c84fa94-04c1-424b-9868-57a2d4851a1d" relativeResultsDirectory="80546947-7fa1-40f5-b198-2eda6ada8f36" />
    <UnitTestResult executionId="147c720a-def7-4186-ac31-92a469aaed3a" testId="232577b4-6bb9-4bcb-b2f2-7b7ba818e958" testName="ToUri_Passing_ValidValueString_Returns_Uri (http://userid@example.com:8080/)" computerName="PC-SFERRARI" duration="00:00:00.0000194" startTime="2021-10-10T14:01:03.4529697+02:00" endTime="2021-10-10T14:01:03.4532193+02:00" testType="13cdc9d9-ddb5-4fa4-a97d-d965ccfc6d4b" outcome="Passed" testListId="8c84fa94-04c1-424b-9868-57a2d4851a1d" relativeResultsDirectory="147c720a-def7-4186-ac31-92a469aaed3a" />
    <UnitTestResult executionId="1fb6d9ac-d389-4105-b5bf-09cecce28355" testId="eee026e6-9fd7-4b61-a78d-93a437062156" testName="ToInt_Passing_Enumeration_Name_Returns_Description_Atributte" computerName="PC-SFERRARI" duration="00:00:00.0014497" startTime="2021-10-10T14:01:02.1797170+02:00" endTime="2021-10-10T14:01:02.1812910+02:00" testType="13cdc9d9-ddb5-4fa4-a97d-d965ccfc6d4b" outcome="Passed" testListId="8c84fa94-04c1-424b-9868-57a2d4851a1d" relativeResultsDirectory="1fb6d9ac-d389-4105-b5bf-09cecce28355" />
    <UnitTestResult executionId="255211e5-0b5a-4322-9e77-8947678db22d" testId="34f1f6ca-13fe-436f-98f9-6c3c87fd69cc" testName="ToInt_Passing_InvalidValueString_Returns_DefaultValue (1,3333)" computerName="PC-SFERRARI" duration="00:00:00.0000099" startTime="2021-10-10T14:01:03.5163541+02:00" endTime="2021-10-10T14:01:03.5164779+02:00" testType="13cdc9d9-ddb5-4fa4-a97d-d965ccfc6d4b" outcome="Passed" testListId="8c84fa94-04c1-424b-9868-57a2d4851a1d" relativeResultsDirectory="255211e5-0b5a-4322-9e77-8947678db22d" />
    <UnitTestResult executionId="4a596f9e-1516-4561-af23-69e03731486f" testId="ee53e766-c76b-4ae8-993d-c972de511a6e" testName="ToSubdomain_Passing_HttpRequest_Host_Returns_Subdomain" computerName="PC-SFERRARI" duration="00:00:00.0038817" startTime="2021-10-10T14:01:02.4063281+02:00" endTime="2021-10-10T14:01:02.4103701+02:00" testType="13cdc9d9-ddb5-4fa4-a97d-d965ccfc6d4b" outcome="Passed" testListId="8c84fa94-04c1-424b-9868-57a2d4851a1d" relativeResultsDirectory="4a596f9e-1516-4561-af23-69e03731486f" />
    <UnitTestResult executionId="2ffb30cc-6dc9-4059-9434-3bfd4cb269b7" testId="1fe48ce6-eea7-40a4-a5ab-a17783b2125d" testName="ToServiceMatchingInterface_Passing_Empties_Assemblies_Returns_ApplicationException" computerName="PC-SFERRARI" duration="00:00:00.0230812" startTime="2021-10-10T14:01:03.1129144+02:00" endTime="2021-10-10T14:01:03.1361368+02:00" testType="13cdc9d9-ddb5-4fa4-a97d-d965ccfc6d4b" outcome="Passed" testListId="8c84fa94-04c1-424b-9868-57a2d4851a1d" relativeResultsDirectory="2ffb30cc-6dc9-4059-9434-3bfd4cb269b7" />
    <UnitTestResult executionId="d6569d53-a70f-4c24-a96f-83a6ec4974d8" testId="a87e9b35-dbd0-4d1a-9759-2e304f8cade6" testName="ToEmailMask_Passing_ValidEmail_Returns_EmailWithMask (qaz@gmail.com,q-z@g----.com)" computerName="PC-SFERRARI" duration="00:00:00.0002531" startTime="2021-10-10T14:01:03.4047376+02:00" endTime="2021-10-10T14:01:03.4050588+02:00" testType="13cdc9d9-ddb5-4fa4-a97d-d965ccfc6d4b" outcome="Passed" testListId="8c84fa94-04c1-424b-9868-57a2d4851a1d" relativeResultsDirectory="d6569d53-a70f-4c24-a96f-83a6ec4974d8" />
    <UnitTestResult executionId="8de84b0d-af58-4c34-92f4-e102ddd1936b" testId="3cc3777e-583e-4d2a-b13b-76cb20db8005" testName="ToEmailMaskUserNameAndDomain_Passing_ValidEmail_Returns_EmailWithMask (qazwsx@gmailgmail.com,q****x@g********l.com)" computerName="PC-SFERRARI" duration="00:00:00.0000156" startTime="2021-10-10T14:01:03.4013911+02:00" endTime="2021-10-10T14:01:03.4014620+02:00" testType="13cdc9d9-ddb5-4fa4-a97d-d965ccfc6d4b" outcome="Passed" testListId="8c84fa94-04c1-424b-9868-57a2d4851a1d" relativeResultsDirectory="8de84b0d-af58-4c34-92f4-e102ddd1936b" />
    <UnitTestResult executionId="da0ac538-ab4f-4fe4-903a-b6df44cec69a" testId="7d64cc2d-dd57-4d78-b3c8-b313f1d997ad" testName="ResultOK" computerName="PC-SFERRARI" duration="00:00:00.0266885" startTime="2021-10-10T14:01:03.7363274+02:00" endTime="2021-10-10T14:01:03.7634692+02:00" testType="13cdc9d9-ddb5-4fa4-a97d-d965ccfc6d4b" outcome="Passed" testListId="8c84fa94-04c1-424b-9868-57a2d4851a1d" relativeResultsDirectory="da0ac538-ab4f-4fe4-903a-b6df44cec69a" />
    <UnitTestResult executionId="2f217523-1187-4788-a7d3-401fac7f4a48" testId="27b1872d-3f8c-4711-b506-4035c1f6e994" testName="ToHashAlgorithmName_Passing_InvalidValueLowerCaseString_Returns_Null (md5)" computerName="PC-SFERRARI" duration="00:00:00.0002498" startTime="2021-10-10T14:01:03.5026851+02:00" endTime="2021-10-10T14:01:03.5031089+02:00" testType="13cdc9d9-ddb5-4fa4-a97d-d965ccfc6d4b" outcome="Passed" testListId="8c84fa94-04c1-424b-9868-57a2d4851a1d" relativeResultsDirectory="2f217523-1187-4788-a7d3-401fac7f4a48" />
    <UnitTestResult executionId="09461542-1ded-4fb8-a2b4-3cacdbfb27ed" testId="c0faa945-dbfa-4454-a785-ebef15f1c278" testName="ToUri_Passing_ValidValueString_Returns_Uri (https://foo.com/blah_blah?p=5&amp;j=fe)" computerName="PC-SFERRARI" duration="00:00:00.0000109" startTime="2021-10-10T14:01:03.4188558+02:00" endTime="2021-10-10T14:01:03.4191088+02:00" testType="13cdc9d9-ddb5-4fa4-a97d-d965ccfc6d4b" outcome="Passed" testListId="8c84fa94-04c1-424b-9868-57a2d4851a1d" relativeResultsDirectory="09461542-1ded-4fb8-a2b4-3cacdbfb27ed" />
    <UnitTestResult executionId="3cd6878c-6d85-4c3a-bc4c-9a0b87e3a3d4" testId="b5f04eb4-22dd-4bb5-afe8-e7b1d2d8f6ea" testName="ToDetails_Passing_HttpContext_WithOptionalData_Returns_Details_HttpContext" computerName="PC-SFERRARI" duration="00:00:00.0012485" startTime="2021-10-10T14:01:02.2985597+02:00" endTime="2021-10-10T14:01:02.2999532+02:00" testType="13cdc9d9-ddb5-4fa4-a97d-d965ccfc6d4b" outcome="Passed" testListId="8c84fa94-04c1-424b-9868-57a2d4851a1d" relativeResultsDirectory="3cd6878c-6d85-4c3a-bc4c-9a0b87e3a3d4" />
    <UnitTestResult executionId="caad2bc6-f6fc-4138-be6a-f20a808a2143" testId="894536f9-c30b-4e6e-a5dd-bcddf8c7db92" testName="ToMapClone_Passing_Source_Returns_New_Source_Object" computerName="PC-SFERRARI" duration="00:00:00.5332956" startTime="2021-10-10T14:01:00.2908837+02:00" endTime="2021-10-10T14:01:00.8244476+02:00" testType="13cdc9d9-ddb5-4fa4-a97d-d965ccfc6d4b" outcome="Passed" testListId="8c84fa94-04c1-424b-9868-57a2d4851a1d" relativeResultsDirectory="caad2bc6-f6fc-4138-be6a-f20a808a2143" />
    <UnitTestResult executionId="9e6e9373-2f04-4024-a66f-d8c074540321" testId="56b90d16-b404-4458-a76f-e0be20f3a35e" testName="ToUri_Passing_ValidValueString_Returns_Uri (http://1337.net)" computerName="PC-SFERRARI" duration="00:00:00.0000097" startTime="2021-10-10T14:01:03.4694018+02:00" endTime="2021-10-10T14:01:03.4696082+02:00" testType="13cdc9d9-ddb5-4fa4-a97d-d965ccfc6d4b" outcome="Passed" testListId="8c84fa94-04c1-424b-9868-57a2d4851a1d" relativeResultsDirectory="9e6e9373-2f04-4024-a66f-d8c074540321" />
    <UnitTestResult executionId="6fa82712-b437-422f-aa19-286dd7608ca8" testId="b4432039-dbd2-4c5d-9b92-88feeed1498f" testName="ToSetTime_Passing_Time_String_Returns_DateTime" computerName="PC-SFERRARI" duration="00:00:00.0007860" startTime="2021-10-10T14:01:02.1616865+02:00" endTime="2021-10-10T14:01:02.1625959+02:00" testType="13cdc9d9-ddb5-4fa4-a97d-d965ccfc6d4b" outcome="Passed" testListId="8c84fa94-04c1-424b-9868-57a2d4851a1d" relativeResultsDirectory="6fa82712-b437-422f-aa19-286dd7608ca8" />
    <UnitTestResult executionId="d9ebd99e-9573-4241-9b14-e28f6b59d465" testId="3fd7eb16-f6a5-428a-b24a-afa76409e747" testName="ToDefaultValue_Passing_char_Returns_Cero" computerName="PC-SFERRARI" duration="00:00:00.0001990" startTime="2021-10-10T14:01:02.2680319+02:00" endTime="2021-10-10T14:01:02.2683013+02:00" testType="13cdc9d9-ddb5-4fa4-a97d-d965ccfc6d4b" outcome="Passed" testListId="8c84fa94-04c1-424b-9868-57a2d4851a1d" relativeResultsDirectory="d9ebd99e-9573-4241-9b14-e28f6b59d465" />
    <UnitTestResult executionId="981bbdb0-7f2b-4c35-90af-40b2a02df525" testId="31acfd8c-903e-4023-a4c6-d6e227e6e23b" testName="ToUri_Passing_ValidValueString_Returns_Uri (http://foo.com/blah_(wikipedia)#cite-1)" computerName="PC-SFERRARI" duration="00:00:00.0000104" startTime="2021-10-10T14:01:03.4547544+02:00" endTime="2021-10-10T14:01:03.4555739+02:00" testType="13cdc9d9-ddb5-4fa4-a97d-d965ccfc6d4b" outcome="Passed" testListId="8c84fa94-04c1-424b-9868-57a2d4851a1d" relativeResultsDirectory="981bbdb0-7f2b-4c35-90af-40b2a02df525" />
    <UnitTestResult executionId="956bc3a0-da6d-4739-8c67-68b93b3744c9" testId="f69fc350-6a02-496b-8495-fdc1c2ad2593" testName="ToRandom_Passing_Invalid_Null_Value_Returns_Null" computerName="PC-SFERRARI" duration="00:00:00.0001760" startTime="2021-10-10T14:01:03.5992952+02:00" endTime="2021-10-10T14:01:03.5996337+02:00" testType="13cdc9d9-ddb5-4fa4-a97d-d965ccfc6d4b" outcome="Passed" testListId="8c84fa94-04c1-424b-9868-57a2d4851a1d" relativeResultsDirectory="956bc3a0-da6d-4739-8c67-68b93b3744c9" />
    <UnitTestResult executionId="253e2c86-009d-4da1-805b-7b5506ac90f9" testId="3aa587c3-4746-4b74-ab8b-074acaf02cd6" testName="IsSubdomain_Passing_ValidArguments_Returns_HasErrorsAndCount" computerName="PC-SFERRARI" duration="00:00:00.0001352" startTime="2021-10-10T14:01:03.6544287+02:00" endTime="2021-10-10T14:01:03.6546242+02:00" testType="13cdc9d9-ddb5-4fa4-a97d-d965ccfc6d4b" outcome="Passed" testListId="8c84fa94-04c1-424b-9868-57a2d4851a1d" relativeResultsDirectory="253e2c86-009d-4da1-805b-7b5506ac90f9" />
    <UnitTestResult executionId="df4a2f4c-a878-482d-98a2-f4f3afd3bb4f" testId="cfac3ece-d66e-4bad-b3ea-8a66f5285bba" testName="ToInt_Passing_InvalidValueString_Returns_Null (1.333,39)" computerName="PC-SFERRARI" duration="00:00:00.0000085" startTime="2021-10-10T14:01:03.5078125+02:00" endTime="2021-10-10T14:01:03.5079376+02:00" testType="13cdc9d9-ddb5-4fa4-a97d-d965ccfc6d4b" outcome="Passed" testListId="8c84fa94-04c1-424b-9868-57a2d4851a1d" relativeResultsDirectory="df4a2f4c-a878-482d-98a2-f4f3afd3bb4f" />
    <UnitTestResult executionId="c6209653-5a1c-4c0b-8587-5bdd468df554" testId="39b193bd-d483-436e-99dd-6cf2d42c163f" testName="IsUniqueChars_Passing_ValidArguments_Returns_HasErrorsAndCount" computerName="PC-SFERRARI" duration="00:00:00.0007761" startTime="2021-10-10T14:01:03.6682313+02:00" endTime="2021-10-10T14:01:03.6691286+02:00" testType="13cdc9d9-ddb5-4fa4-a97d-d965ccfc6d4b" outcome="Passed" testListId="8c84fa94-04c1-424b-9868-57a2d4851a1d" relativeResultsDirectory="c6209653-5a1c-4c0b-8587-5bdd468df554" />
    <UnitTestResult executionId="6d79f333-3c14-461a-81b1-970e3e972f36" testId="17dffcb7-9489-4795-bb73-6f09d3543be2" testName="ToIsEmailThrow_Passing_InvalidValue_Returns_ApplicationExceptionWithMessage ()" computerName="PC-SFERRARI" duration="00:00:00.0000458" startTime="2021-10-10T14:01:01.8151745+02:00" endTime="2021-10-10T14:01:01.8153031+02:00" testType="13cdc9d9-ddb5-4fa4-a97d-d965ccfc6d4b" outcome="Passed" testListId="8c84fa94-04c1-424b-9868-57a2d4851a1d" relativeResultsDirectory="6d79f333-3c14-461a-81b1-970e3e972f36" />
    <UnitTestResult executionId="4bc910de-6631-423c-ab70-f53c7cbdd302" testId="b2173181-4161-435f-af2c-d8086eb4aaba" testName="ToIsFileExtensionThrow_Passing_InvalidValue_Returns_ApplicationExceptionWithMessage" computerName="PC-SFERRARI" duration="00:00:00.0016399" startTime="2021-10-10T14:01:01.7316597+02:00" endTime="2021-10-10T14:01:01.7335078+02:00" testType="13cdc9d9-ddb5-4fa4-a97d-d965ccfc6d4b" outcome="Passed" testListId="8c84fa94-04c1-424b-9868-57a2d4851a1d" relativeResultsDirectory="4bc910de-6631-423c-ab70-f53c7cbdd302" />
    <UnitTestResult executionId="77d5228c-5d2c-456e-840a-463a5ebd7ec2" testId="00ce5fd6-8350-43ac-b2f7-a040c7c67947" testName="ToUri_Passing_ValidValueString_Returns_Uri (http://142.42.1.1:8080/)" computerName="PC-SFERRARI" duration="00:00:00.0000088" startTime="2021-10-10T14:01:03.4539252+02:00" endTime="2021-10-10T14:01:03.4540478+02:00" testType="13cdc9d9-ddb5-4fa4-a97d-d965ccfc6d4b" outcome="Passed" testListId="8c84fa94-04c1-424b-9868-57a2d4851a1d" relativeResultsDirectory="77d5228c-5d2c-456e-840a-463a5ebd7ec2" />
    <UnitTestResult executionId="9b0e443b-6924-4939-adea-eff82d10efd8" testId="30811e4d-3af1-4b0f-9b38-ae3d3b7a26ee" testName="ToPaged_Passing_Name_Ascending_Order_Returns_Filter_List" computerName="PC-SFERRARI" duration="00:00:00.0018877" startTime="2021-10-10T14:01:03.0951774+02:00" endTime="2021-10-10T14:01:03.0972270+02:00" testType="13cdc9d9-ddb5-4fa4-a97d-d965ccfc6d4b" outcome="Passed" testListId="8c84fa94-04c1-424b-9868-57a2d4851a1d" relativeResultsDirectory="9b0e443b-6924-4939-adea-eff82d10efd8" />
    <UnitTestResult executionId="4f5fa571-7228-4cdc-be03-17997d9d8b79" testId="bdfa8888-dc0a-48df-a17d-d058d7ab6863" testName="ToUri_Passing_ValidValueString_Returns_Uri (http://userid@example.com:8080)" computerName="PC-SFERRARI" duration="00:00:00.0000078" startTime="2021-10-10T14:01:03.4484210+02:00" endTime="2021-10-10T14:01:03.4485455+02:00" testType="13cdc9d9-ddb5-4fa4-a97d-d965ccfc6d4b" outcome="Passed" testListId="8c84fa94-04c1-424b-9868-57a2d4851a1d" relativeResultsDirectory="4f5fa571-7228-4cdc-be03-17997d9d8b79" />
    <UnitTestResult executionId="90ef6df0-e539-4ec9-901f-28d30d547149" testId="5450a7ad-b0ed-4787-8bf6-488ed4f8eb04" testName="ResultBadRequest_WithErrors_Dictionary" computerName="PC-SFERRARI" duration="00:00:00.0020120" startTime="2021-10-10T14:01:03.8146592+02:00" endTime="2021-10-10T14:01:03.8168452+02:00" testType="13cdc9d9-ddb5-4fa4-a97d-d965ccfc6d4b" outcome="Passed" testListId="8c84fa94-04c1-424b-9868-57a2d4851a1d" relativeResultsDirectory="90ef6df0-e539-4ec9-901f-28d30d547149" />
    <UnitTestResult executionId="b127013f-b12a-42db-a686-7c687f108996" testId="62b7a163-ea88-4170-bd86-433e9183749b" testName="ToInt_Passing_InvalidValueString_Returns_DefaultValue (asdasdasdasd234324)" computerName="PC-SFERRARI" duration="00:00:00.0000092" startTime="2021-10-10T14:01:03.5170682+02:00" endTime="2021-10-10T14:01:03.5171883+02:00" testType="13cdc9d9-ddb5-4fa4-a97d-d965ccfc6d4b" outcome="Passed" testListId="8c84fa94-04c1-424b-9868-57a2d4851a1d" relativeResultsDirectory="b127013f-b12a-42db-a686-7c687f108996" />
    <UnitTestResult executionId="e32217e0-90a8-4141-a58b-9fd9f779a77f" testId="d1098683-319f-47cc-8f4e-da7f39ed65b3" testName="ToNormalize_Passing_ValidValue_Returns_NormalizedValue (Kulħadd,Kulhadd)" computerName="PC-SFERRARI" duration="00:00:00.0001348" startTime="2021-10-10T14:01:03.3361317+02:00" endTime="2021-10-10T14:01:03.3364708+02:00" testType="13cdc9d9-ddb5-4fa4-a97d-d965ccfc6d4b" outcome="Passed" testListId="8c84fa94-04c1-424b-9868-57a2d4851a1d" relativeResultsDirectory="e32217e0-90a8-4141-a58b-9fd9f779a77f" />
    <UnitTestResult executionId="f845c3f1-d1f6-4a94-b30c-c3d5ccfc73de" testId="9d63c3b8-e420-4ae7-8480-06b4f92caf50" testName="ToRemove_Passing_ValidValue_Returns_ValueWithoutRemovedChars (aeiou,e,aiou)" computerName="PC-SFERRARI" duration="00:00:00.0000544" startTime="2021-10-10T14:01:03.2351527+02:00" endTime="2021-10-10T14:01:03.2353078+02:00" testType="13cdc9d9-ddb5-4fa4-a97d-d965ccfc6d4b" outcome="Passed" testListId="8c84fa94-04c1-424b-9868-57a2d4851a1d" relativeResultsDirectory="f845c3f1-d1f6-4a94-b30c-c3d5ccfc73de" />
    <UnitTestResult executionId="b0d44f8d-2545-4fe9-b05a-169137278052" testId="2db742a6-111d-4793-bd73-d6d1033d727e" testName="ToReplaceSpecialChars_Passing_ValidValue_Returns_ReplacedValueWithoutIgnoreSpecialChars (àáäâãøçħ,aaaaaoch)" computerName="PC-SFERRARI" duration="00:00:00.0208908" startTime="2021-10-10T14:01:03.2433899+02:00" endTime="2021-10-10T14:01:03.2645758+02:00" testType="13cdc9d9-ddb5-4fa4-a97d-d965ccfc6d4b" outcome="Passed" testListId="8c84fa94-04c1-424b-9868-57a2d4851a1d" relativeResultsDirectory="b0d44f8d-2545-4fe9-b05a-169137278052" />
    <UnitTestResult executionId="4f6120c8-92eb-407f-8890-278fc4a961f1" testId="d9368f2b-4470-4f75-8fbf-b3d741c23840" testName="IsRegexMatch_Passing_InvalidArguments_Returns_HasErrorsAndCount" computerName="PC-SFERRARI" duration="00:00:00.0002219" startTime="2021-10-10T14:01:03.6400641+02:00" endTime="2021-10-10T14:01:03.6404560+02:00" testType="13cdc9d9-ddb5-4fa4-a97d-d965ccfc6d4b" outcome="Passed" testListId="8c84fa94-04c1-424b-9868-57a2d4851a1d" relativeResultsDirectory="4f6120c8-92eb-407f-8890-278fc4a961f1" />
    <UnitTestResult executionId="fbc7ea9e-bcf4-4ace-880b-cae7985f6875" testId="b19be5a5-0400-4ca1-bc8f-f11fe86e643b" testName="ToYesterday_Passing_DateTime_Returns_Yesterday_DateTime" computerName="PC-SFERRARI" duration="00:00:00.0003176" startTime="2021-10-10T14:01:02.1606612+02:00" endTime="2021-10-10T14:01:02.1611088+02:00" testType="13cdc9d9-ddb5-4fa4-a97d-d965ccfc6d4b" outcome="Passed" testListId="8c84fa94-04c1-424b-9868-57a2d4851a1d" relativeResultsDirectory="fbc7ea9e-bcf4-4ace-880b-cae7985f6875" />
    <UnitTestResult executionId="b6f58ff6-cda1-429b-84d0-0319275a4192" testId="f3839d74-5092-41b7-ba77-245f9dc64323" testName="ToUri_Passing_InvalidValueString_Returns_DefaultValue (http://?)" computerName="PC-SFERRARI" duration="00:00:00.0003439" startTime="2021-10-10T14:01:03.4821118+02:00" endTime="2021-10-10T14:01:03.4825776+02:00" testType="13cdc9d9-ddb5-4fa4-a97d-d965ccfc6d4b" outcome="Passed" testListId="8c84fa94-04c1-424b-9868-57a2d4851a1d" relativeResultsDirectory="b6f58ff6-cda1-429b-84d0-0319275a4192" />
    <UnitTestResult executionId="565fbef8-280a-4621-bace-3403ec6dfd0b" testId="2735ceff-3d36-4e72-8c8b-5491472d284e" testName="ToFormat_Passing_ValidValueFormatWithArguments_Returns_ValueWithFormat" computerName="PC-SFERRARI" duration="00:00:00.0005826" startTime="2021-10-10T14:01:03.5801716+02:00" endTime="2021-10-10T14:01:03.5809483+02:00" testType="13cdc9d9-ddb5-4fa4-a97d-d965ccfc6d4b" outcome="Passed" testListId="8c84fa94-04c1-424b-9868-57a2d4851a1d" relativeResultsDirectory="565fbef8-280a-4621-bace-3403ec6dfd0b" />
    <UnitTestResult executionId="5f7c6857-7653-4730-8dfb-4b77d203c46d" testId="268d3f00-33e4-4666-862f-8c89d8b6990c" testName="ToDefaultValue_Passing_bool_Returns_Cero (True)" computerName="PC-SFERRARI" duration="00:00:00.0002642" startTime="2021-10-10T14:01:02.2676264+02:00" endTime="2021-10-10T14:01:02.2679922+02:00" testType="13cdc9d9-ddb5-4fa4-a97d-d965ccfc6d4b" outcome="Passed" testListId="8c84fa94-04c1-424b-9868-57a2d4851a1d" relativeResultsDirectory="5f7c6857-7653-4730-8dfb-4b77d203c46d" />
    <UnitTestResult executionId="5a035151-5390-415f-b165-22c42de149c2" testId="f072d3e4-e41a-4e99-a8e7-f0f59b37157a" testName="ToUri_Passing_InvalidValueString_Returns_Null (http://##)" computerName="PC-SFERRARI" duration="00:00:00.0000129" startTime="2021-10-10T14:01:03.4816820+02:00" endTime="2021-10-10T14:01:03.4818183+02:00" testType="13cdc9d9-ddb5-4fa4-a97d-d965ccfc6d4b" outcome="Passed" testListId="8c84fa94-04c1-424b-9868-57a2d4851a1d" relativeResultsDirectory="5a035151-5390-415f-b165-22c42de149c2" />
    <UnitTestResult executionId="488c3e5c-0ccb-44ab-9fe5-3eedd4d94f18" testId="af42c000-f28e-4640-91ac-162b250f5f66" testName="ToGet_Passing_Claims_Returns_Claim_Value_String" computerName="PC-SFERRARI" duration="00:00:00.0009515" startTime="2021-10-10T14:01:02.0267876+02:00" endTime="2021-10-10T14:01:02.0279052+02:00" testType="13cdc9d9-ddb5-4fa4-a97d-d965ccfc6d4b" outcome="Passed" testListId="8c84fa94-04c1-424b-9868-57a2d4851a1d" relativeResultsDirectory="488c3e5c-0ccb-44ab-9fe5-3eedd4d94f18" />
    <UnitTestResult executionId="212159fd-9094-4a17-a70b-0b7424196ae0" testId="7736b590-896c-4259-a835-d9b395e92db5" testName="IsDomain_Passing_ValidArguments_Returns_HasErrorsAndCount" computerName="PC-SFERRARI" duration="00:00:00.0002764" startTime="2021-10-10T14:01:03.6607578+02:00" endTime="2021-10-10T14:01:03.6611982+02:00" testType="13cdc9d9-ddb5-4fa4-a97d-d965ccfc6d4b" outcome="Passed" testListId="8c84fa94-04c1-424b-9868-57a2d4851a1d" relativeResultsDirectory="212159fd-9094-4a17-a70b-0b7424196ae0" />
    <UnitTestResult executionId="8b59b833-0146-43f6-abe6-73db41e131fe" testId="d9360075-d24a-47c2-a8f2-858e48a00644" testName="ToNormalize_Passing_ValidValue_Returns_NormalizedValue (ç,c)" computerName="PC-SFERRARI" duration="00:00:00.0001329" startTime="2021-10-10T14:01:03.3263570+02:00" endTime="2021-10-10T14:01:03.3268163+02:00" testType="13cdc9d9-ddb5-4fa4-a97d-d965ccfc6d4b" outcome="Passed" testListId="8c84fa94-04c1-424b-9868-57a2d4851a1d" relativeResultsDirectory="8b59b833-0146-43f6-abe6-73db41e131fe" />
    <UnitTestResult executionId="f0d234b2-d3ed-4831-a196-91dc699d78ae" testId="6f024c99-8d80-4d02-b546-865efb57508c" testName="ToReplace_Passing_ValidValue_Returns_ReplacedValue (aeiou,*,0,4,****u)" computerName="PC-SFERRARI" duration="00:00:00.0000135" startTime="2021-10-10T14:01:03.2423050+02:00" endTime="2021-10-10T14:01:03.2424653+02:00" testType="13cdc9d9-ddb5-4fa4-a97d-d965ccfc6d4b" outcome="Passed" testListId="8c84fa94-04c1-424b-9868-57a2d4851a1d" relativeResultsDirectory="f0d234b2-d3ed-4831-a196-91dc699d78ae" />
    <UnitTestResult executionId="8867f809-6370-458b-a0aa-34f069b4160c" testId="729ba6e5-5098-4793-a77a-56fce2802ffa" testName="ToReadOnly_Passing_Valid_Collection_Returns_Readonly_Collection" computerName="PC-SFERRARI" duration="00:00:00.0009576" startTime="2021-10-10T14:01:02.1775907+02:00" endTime="2021-10-10T14:01:02.1786532+02:00" testType="13cdc9d9-ddb5-4fa4-a97d-d965ccfc6d4b" outcome="Passed" testListId="8c84fa94-04c1-424b-9868-57a2d4851a1d" relativeResultsDirectory="8867f809-6370-458b-a0aa-34f069b4160c" />
    <UnitTestResult executionId="fd4c7e5e-f2c8-469b-8daa-afb2857b37c6" testId="e0290ac7-e338-45e1-b114-efbc26c8ac47" testName="ToEmailMaskUserName_Passing_ValidEmail_Returns_EmailWithMask (qazwsx@gmail.com,q****x@gmail.com)" computerName="PC-SFERRARI" duration="00:00:00.0000319" startTime="2021-10-10T14:01:03.3971615+02:00" endTime="2021-10-10T14:01:03.3972993+02:00" testType="13cdc9d9-ddb5-4fa4-a97d-d965ccfc6d4b" outcome="Passed" testListId="8c84fa94-04c1-424b-9868-57a2d4851a1d" relativeResultsDirectory="fd4c7e5e-f2c8-469b-8daa-afb2857b37c6" />
    <UnitTestResult executionId="65bf87c1-bb81-45f1-938b-9262f4d5c586" testId="16144463-4b11-42f5-87e0-6766fc0ec3a0" testName="ToExists_Passing_Claims_Returns_True" computerName="PC-SFERRARI" duration="00:00:00.0014426" startTime="2021-10-10T14:01:02.0250884+02:00" endTime="2021-10-10T14:01:02.0266890+02:00" testType="13cdc9d9-ddb5-4fa4-a97d-d965ccfc6d4b" outcome="Passed" testListId="8c84fa94-04c1-424b-9868-57a2d4851a1d" relativeResultsDirectory="65bf87c1-bb81-45f1-938b-9262f4d5c586" />
    <UnitTestResult executionId="34eecff4-e748-4eb2-834a-cdb1d7828390" testId="b2137163-fe90-4642-ab1a-bbca0ee91c45" testName="ToIsEmailThrow_Passing_InvalidValue_Returns_ApplicationExceptionWithMessage (34?fsds@sdd.yy)" computerName="PC-SFERRARI" duration="00:00:00.0000688" startTime="2021-10-10T14:01:01.8153755+02:00" endTime="2021-10-10T14:01:01.8155569+02:00" testType="13cdc9d9-ddb5-4fa4-a97d-d965ccfc6d4b" outcome="Passed" testListId="8c84fa94-04c1-424b-9868-57a2d4851a1d" relativeResultsDirectory="34eecff4-e748-4eb2-834a-cdb1d7828390" />
    <UnitTestResult executionId="84600ec7-530c-45f7-ac51-2361338c497f" testId="cacec449-e631-476e-b8e3-1dc414134f7f" testName="ToEmailMaskUserNameAndDomainAndExtension_Passing_ValidEmail_Returns_EmailWithMask (qazwsxedc@gmailgmail.com,q*******c@g********l.c*m)" computerName="PC-SFERRARI" duration="00:00:00.0000195" startTime="2021-10-10T14:01:03.4046223+02:00" endTime="2021-10-10T14:01:03.4046951+02:00" testType="13cdc9d9-ddb5-4fa4-a97d-d965ccfc6d4b" outcome="Passed" testListId="8c84fa94-04c1-424b-9868-57a2d4851a1d" relativeResultsDirectory="84600ec7-530c-45f7-ac51-2361338c497f" />
    <UnitTestResult executionId="29a3fc45-f9a4-41e8-84ad-bbe0e1047aa9" testId="0bcc46e1-75bf-4182-98ff-9a4853ddf51a" testName="ToUri_Passing_InvalidValueString_Returns_Null (http://#)" computerName="PC-SFERRARI" duration="00:00:00.0000114" startTime="2021-10-10T14:01:03.4814840+02:00" endTime="2021-10-10T14:01:03.4816071+02:00" testType="13cdc9d9-ddb5-4fa4-a97d-d965ccfc6d4b" outcome="Passed" testListId="8c84fa94-04c1-424b-9868-57a2d4851a1d" relativeResultsDirectory="29a3fc45-f9a4-41e8-84ad-bbe0e1047aa9" />
    <UnitTestResult executionId="537ed207-77db-454a-ab7f-ebc027589aad" testId="89e58edf-895e-49e6-8ba3-be9167c695c1" testName="ToMessage_Passing_ExceptionWithMessage_Returns_Message" computerName="PC-SFERRARI" duration="00:00:00.0006709" startTime="2021-10-10T14:01:02.2048061+02:00" endTime="2021-10-10T14:01:02.2057915+02:00" testType="13cdc9d9-ddb5-4fa4-a97d-d965ccfc6d4b" outcome="Passed" testListId="8c84fa94-04c1-424b-9868-57a2d4851a1d" relativeResultsDirectory="537ed207-77db-454a-ab7f-ebc027589aad" />
    <UnitTestResult executionId="3c5665eb-9774-4776-970f-da7959f41a58" testId="df275990-7b5b-418e-a158-6378fee11eef" testName="ToEnum_Passing_InvalidValueString_Returns_EnumDefaultValue" computerName="PC-SFERRARI" duration="00:00:00.0002331" startTime="2021-10-10T14:01:03.3405153+02:00" endTime="2021-10-10T14:01:03.3409474+02:00" testType="13cdc9d9-ddb5-4fa4-a97d-d965ccfc6d4b" outcome="Passed" testListId="8c84fa94-04c1-424b-9868-57a2d4851a1d" relativeResultsDirectory="3c5665eb-9774-4776-970f-da7959f41a58" />
    <UnitTestResult executionId="6f371824-4261-470a-867d-cd8daf8ceec7" testId="6c61d81f-af4d-4e4a-bd75-2ec5ef38b39b" testName="ToList_Passing_ValidEnumTypeWithResourceType_Returns_ValuesList" computerName="PC-SFERRARI" duration="00:00:00.0011241" startTime="2021-10-10T14:01:03.6843737+02:00" endTime="2021-10-10T14:01:03.6855756+02:00" testType="13cdc9d9-ddb5-4fa4-a97d-d965ccfc6d4b" outcome="Passed" testListId="8c84fa94-04c1-424b-9868-57a2d4851a1d" relativeResultsDirectory="6f371824-4261-470a-867d-cd8daf8ceec7" />
    <UnitTestResult executionId="08668167-1e76-42a7-bca7-f17e5294bbf5" testId="cf3ffa3a-f5b9-48d9-9384-785db4919324" testName="ToDefaultValue_Passing_long_Returns_Cero (9223372036854775807)" computerName="PC-SFERRARI" duration="00:00:00.0005691" startTime="2021-10-10T14:01:02.2212179+02:00" endTime="2021-10-10T14:01:02.2219594+02:00" testType="13cdc9d9-ddb5-4fa4-a97d-d965ccfc6d4b" outcome="Passed" testListId="8c84fa94-04c1-424b-9868-57a2d4851a1d" relativeResultsDirectory="08668167-1e76-42a7-bca7-f17e5294bbf5" />
    <UnitTestResult executionId="ae81ce66-2ded-44b0-94ef-f6b935faf47d" testId="139929df-4bc8-4e6c-ba27-7db391cbfbcf" testName="ToAssembly_Passing_ValidValueAssemblyString_Returns_Assembly" computerName="PC-SFERRARI" duration="00:00:00.0004045" startTime="2021-10-10T14:01:03.5932588+02:00" endTime="2021-10-10T14:01:03.5947357+02:00" testType="13cdc9d9-ddb5-4fa4-a97d-d965ccfc6d4b" outcome="Passed" testListId="8c84fa94-04c1-424b-9868-57a2d4851a1d" relativeResultsDirectory="ae81ce66-2ded-44b0-94ef-f6b935faf47d" />
    <UnitTestResult executionId="5ecb6dfc-376a-49ea-b65b-0c785cda8bd9" testId="632b1281-e52f-4a5d-b112-45ce3fda07ca" testName="ToFullMessage_Passing_ExceptionWithMessageWithInnerException_Returns_Full_Message" computerName="PC-SFERRARI" duration="00:00:00.0033805" startTime="2021-10-10T14:01:02.2085831+02:00" endTime="2021-10-10T14:01:02.2122024+02:00" testType="13cdc9d9-ddb5-4fa4-a97d-d965ccfc6d4b" outcome="Passed" testListId="8c84fa94-04c1-424b-9868-57a2d4851a1d" relativeResultsDirectory="5ecb6dfc-376a-49ea-b65b-0c785cda8bd9" />
    <UnitTestResult executionId="f5f966b6-a558-4a4c-a86d-47813f3fb72d" testId="fa9d8147-da18-45dc-9f20-a30da173be97" testName="ToUri_Passing_ValidValueString_Returns_Uri (http://foo.com/blah_(wikipedia)_blah#cite-1)" computerName="PC-SFERRARI" duration="00:00:00.0000204" startTime="2021-10-10T14:01:03.4607013+02:00" endTime="2021-10-10T14:01:03.4609576+02:00" testType="13cdc9d9-ddb5-4fa4-a97d-d965ccfc6d4b" outcome="Passed" testListId="8c84fa94-04c1-424b-9868-57a2d4851a1d" relativeResultsDirectory="f5f966b6-a558-4a4c-a86d-47813f3fb72d" />
    <UnitTestResult executionId="a8e844b2-ed76-4819-b0f4-39bb25c42c71" testId="5650b327-dc8a-4dbc-b6b7-f4ec0f0691ff" testName="ToUri_Passing_InvalidValueString_Returns_DefaultValue (http://.)" computerName="PC-SFERRARI" duration="00:00:00.0000264" startTime="2021-10-10T14:01:03.4924886+02:00" endTime="2021-10-10T14:01:03.4927287+02:00" testType="13cdc9d9-ddb5-4fa4-a97d-d965ccfc6d4b" outcome="Passed" testListId="8c84fa94-04c1-424b-9868-57a2d4851a1d" relativeResultsDirectory="a8e844b2-ed76-4819-b0f4-39bb25c42c71" />
    <UnitTestResult executionId="27b76740-44d9-4cb4-9c71-93a2aad9e3d1" testId="b872c40d-646b-4d96-8173-0264b7cb83c3" testName="IsNullOrAny_Passing_InvalidArguments_Returns_HasErrorsAndCount" computerName="PC-SFERRARI" duration="00:00:00.0040759" startTime="2021-10-10T14:01:03.6196078+02:00" endTime="2021-10-10T14:01:03.6238932+02:00" testType="13cdc9d9-ddb5-4fa4-a97d-d965ccfc6d4b" outcome="Passed" testListId="8c84fa94-04c1-424b-9868-57a2d4851a1d" relativeResultsDirectory="27b76740-44d9-4cb4-9c71-93a2aad9e3d1" />
    <UnitTestResult executionId="060b8c3a-55d3-4cd7-b0dc-a092f58cc502" testId="22d40237-5dce-4bd3-afdd-4c89559a929f" testName="ToEmailMaskUserNameAndDomainAndExtension_Passing_ValidEmail_Returns_EmailWithMask (qazwsx@gmail.com,q****x@g***l.c*m)" computerName="PC-SFERRARI" duration="00:00:00.0000306" startTime="2021-10-10T14:01:03.4040357+02:00" endTime="2021-10-10T14:01:03.4041786+02:00" testType="13cdc9d9-ddb5-4fa4-a97d-d965ccfc6d4b" outcome="Passed" testListId="8c84fa94-04c1-424b-9868-57a2d4851a1d" relativeResultsDirectory="060b8c3a-55d3-4cd7-b0dc-a092f58cc502" />
    <UnitTestResult executionId="ee95a18d-51e8-4346-9a64-76a006061261" testId="37463bb8-fa8e-47ec-a6fc-57427de93b40" testName="ToAttribute_Passing_Enumeration_Name_Returns_Atributte" computerName="PC-SFERRARI" duration="00:00:00.0016446" startTime="2021-10-10T14:01:02.2028170+02:00" endTime="2021-10-10T14:01:02.2047003+02:00" testType="13cdc9d9-ddb5-4fa4-a97d-d965ccfc6d4b" outcome="Passed" testListId="8c84fa94-04c1-424b-9868-57a2d4851a1d" relativeResultsDirectory="ee95a18d-51e8-4346-9a64-76a006061261" />
    <UnitTestResult executionId="dbb58017-7079-4b86-ae05-09f69d6228d9" testId="341dff43-f566-42e6-a2d0-171323ef1678" testName="ToEnvironment_Passing_Production_Enviroment_Returns_Production_Name" computerName="PC-SFERRARI" duration="00:00:00.0019058" startTime="2021-10-10T14:01:01.2377446+02:00" endTime="2021-10-10T14:01:01.2398159+02:00" testType="13cdc9d9-ddb5-4fa4-a97d-d965ccfc6d4b" outcome="Passed" testListId="8c84fa94-04c1-424b-9868-57a2d4851a1d" relativeResultsDirectory="dbb58017-7079-4b86-ae05-09f69d6228d9" />
    <UnitTestResult executionId="0db71068-8c05-4a61-80d2-06883474ee5a" testId="40fdb983-9430-4055-a00b-fb280f6e300d" testName="ToExists_Passing_Service_Not_Found_Returns_False" computerName="PC-SFERRARI" duration="00:00:00.0006580" startTime="2021-10-10T14:01:01.2507580+02:00" endTime="2021-10-10T14:01:01.2515749+02:00" testType="13cdc9d9-ddb5-4fa4-a97d-d965ccfc6d4b" outcome="Passed" testListId="8c84fa94-04c1-424b-9868-57a2d4851a1d" relativeResultsDirectory="0db71068-8c05-4a61-80d2-06883474ee5a" />
    <UnitTestResult executionId="f8c7580e-2f30-4a20-b6d2-8207ce2dde0a" testId="b8727afd-8c0e-49a8-9fec-725720c34902" testName="ToFirstLetterUpper_Passing_ValidValue_Returns_StringWithFirstLetterUpper (aeioU,AeioU)" computerName="PC-SFERRARI" duration="00:00:00.0000073" startTime="2021-10-10T14:01:03.3483375+02:00" endTime="2021-10-10T14:01:03.3484334+02:00" testType="13cdc9d9-ddb5-4fa4-a97d-d965ccfc6d4b" outcome="Passed" testListId="8c84fa94-04c1-424b-9868-57a2d4851a1d" relativeResultsDirectory="f8c7580e-2f30-4a20-b6d2-8207ce2dde0a" />
    <UnitTestResult executionId="8dcad2b1-54f8-40ec-9047-fd7b2ba927ae" testId="e9b2d63d-8772-474f-9262-65a0e46fc36f" testName="ToHashAlgorithmName_Passing_InvalidValueString_Returns_Null (hhhhhh)" computerName="PC-SFERRARI" duration="00:00:00.0002365" startTime="2021-10-10T14:01:03.5036435+02:00" endTime="2021-10-10T14:01:03.5039994+02:00" testType="13cdc9d9-ddb5-4fa4-a97d-d965ccfc6d4b" outcome="Passed" testListId="8c84fa94-04c1-424b-9868-57a2d4851a1d" relativeResultsDirectory="8dcad2b1-54f8-40ec-9047-fd7b2ba927ae" />
    <UnitTestResult executionId="7d804bf3-712e-4005-b148-144de9a566b3" testId="f1a5f560-fa9d-46b7-9e5f-3ec5ebe6db1a" testName="ToReplace_Passing_ValidValue_Returns_ReplacedValue (aeiou,*,0,5,*****)" computerName="PC-SFERRARI" duration="00:00:00.0000152" startTime="2021-10-10T14:01:03.2425809+02:00" endTime="2021-10-10T14:01:03.2427335+02:00" testType="13cdc9d9-ddb5-4fa4-a97d-d965ccfc6d4b" outcome="Passed" testListId="8c84fa94-04c1-424b-9868-57a2d4851a1d" relativeResultsDirectory="7d804bf3-712e-4005-b148-144de9a566b3" />
    <UnitTestResult executionId="02ed12fa-eb3e-4936-9ceb-82c72115a4e0" testId="bd7f814a-bc65-4a03-8ecf-dd022c351d5c" testName="ToAge_Passing_Birthday_DateTime_Returns_Age" computerName="PC-SFERRARI" duration="00:00:00.0003734" startTime="2021-10-10T14:01:02.1545754+02:00" endTime="2021-10-10T14:01:02.1550435+02:00" testType="13cdc9d9-ddb5-4fa4-a97d-d965ccfc6d4b" outcome="Passed" testListId="8c84fa94-04c1-424b-9868-57a2d4851a1d" relativeResultsDirectory="02ed12fa-eb3e-4936-9ceb-82c72115a4e0" />
    <UnitTestResult executionId="a8d95edc-0edc-4a0b-b7ea-8ecc2e185c21" testId="4f2a0718-3d53-4ec6-af1f-0e71e2e90a50" testName="IsNullOrEmpty_Passing_InvalidArguments_Returns_HasErrorsAndCount" computerName="PC-SFERRARI" duration="00:00:00.0081095" startTime="2021-10-10T14:01:03.6109254+02:00" endTime="2021-10-10T14:01:03.6195071+02:00" testType="13cdc9d9-ddb5-4fa4-a97d-d965ccfc6d4b" outcome="Passed" testListId="8c84fa94-04c1-424b-9868-57a2d4851a1d" relativeResultsDirectory="a8d95edc-0edc-4a0b-b7ea-8ecc2e185c21" />
    <UnitTestResult executionId="fd510067-4be1-4738-88b5-dee6bc0fd9ca" testId="b6a11b2b-c561-45fe-baf5-7a99995dfea1" testName="ToHashAlgorithmName_Passing_InvalidValueStringWithDefaultValue_Returns_DefaultValue (hhhhhh)" computerName="PC-SFERRARI" duration="00:00:00.0002579" startTime="2021-10-10T14:01:03.5041014+02:00" endTime="2021-10-10T14:01:03.5044946+02:00" testType="13cdc9d9-ddb5-4fa4-a97d-d965ccfc6d4b" outcome="Passed" testListId="8c84fa94-04c1-424b-9868-57a2d4851a1d" relativeResultsDirectory="fd510067-4be1-4738-88b5-dee6bc0fd9ca" />
    <UnitTestResult executionId="9f0a0a8d-58bb-45d8-957b-3867274843b6" testId="b42e35cb-e6a5-445e-b32b-ba15507ef274" testName="ToNormalize_Passing_ValidValue_Returns_NormalizedValue ( àáäâ ãøçħ ,aaaa aoch)" computerName="PC-SFERRARI" duration="00:00:00.0000682" startTime="2021-10-10T14:01:03.2805904+02:00" endTime="2021-10-10T14:01:03.2807780+02:00" testType="13cdc9d9-ddb5-4fa4-a97d-d965ccfc6d4b" outcome="Passed" testListId="8c84fa94-04c1-424b-9868-57a2d4851a1d" relativeResultsDirectory="9f0a0a8d-58bb-45d8-957b-3867274843b6" />
    <UnitTestResult executionId="5b1321de-5b46-485e-86ca-4fd74389e9d1" testId="e2ca123a-c0a3-487e-9c31-f2250b1f535b" testName="IsEmail_Passing_InvalidArguments_Returns_HasErrorsAndCount" computerName="PC-SFERRARI" duration="00:00:00.0001231" startTime="2021-10-10T14:01:03.6532206+02:00" endTime="2021-10-10T14:01:03.6534076+02:00" testType="13cdc9d9-ddb5-4fa4-a97d-d965ccfc6d4b" outcome="Passed" testListId="8c84fa94-04c1-424b-9868-57a2d4851a1d" relativeResultsDirectory="5b1321de-5b46-485e-86ca-4fd74389e9d1" />
    <UnitTestResult executionId="2fdb62e1-dc53-4d7d-9e90-8334a1c0e76f" testId="f02fd72e-c832-40d1-82fc-a3ba5a22214a" testName="ToRemove_Passing_ValidValue_Returns_ValueWithoutRemovedChars ( *, ,*)" computerName="PC-SFERRARI" duration="00:00:00.0009930" startTime="2021-10-10T14:01:03.2224134+02:00" endTime="2021-10-10T14:01:03.2239011+02:00" testType="13cdc9d9-ddb5-4fa4-a97d-d965ccfc6d4b" outcome="Passed" testListId="8c84fa94-04c1-424b-9868-57a2d4851a1d" relativeResultsDirectory="2fdb62e1-dc53-4d7d-9e90-8334a1c0e76f" />
    <UnitTestResult executionId="0e0401b6-e63b-4ad6-9fb3-b522104d743f" testId="c35b1df6-2d12-40e2-8a0d-8aa63ff6ce27" testName="ToIsFileThrow_Passing_InvalidValue_Returns_ApplicationExceptionWithMessage" computerName="PC-SFERRARI" duration="00:00:00.0019486" startTime="2021-10-10T14:01:01.7255730+02:00" endTime="2021-10-10T14:01:01.7281408+02:00" testType="13cdc9d9-ddb5-4fa4-a97d-d965ccfc6d4b" outcome="Passed" testListId="8c84fa94-04c1-424b-9868-57a2d4851a1d" relativeResultsDirectory="0e0401b6-e63b-4ad6-9fb3-b522104d743f" />
    <UnitTestResult executionId="fbdc90fa-1e77-4ef4-8700-427c22be6985" testId="cc38099c-313f-413a-b9ce-7868933a0613" testName="ToEmailMaskUserNameAndDomain_Passing_ValidEmail_Returns_EmailWithMask (qaz@gmailgmail.com,q*z@g********l.com)" computerName="PC-SFERRARI" duration="00:00:00.0000146" startTime="2021-10-10T14:01:03.4012810+02:00" endTime="2021-10-10T14:01:03.4013499+02:00" testType="13cdc9d9-ddb5-4fa4-a97d-d965ccfc6d4b" outcome="Passed" testListId="8c84fa94-04c1-424b-9868-57a2d4851a1d" relativeResultsDirectory="fbdc90fa-1e77-4ef4-8700-427c22be6985" />
    <UnitTestResult executionId="d1921296-89b4-4439-8641-16c8026d0f3e" testId="359bb283-5ffc-4b54-a237-c54fb1a823c2" testName="ToIsDirectoryThrow_Passing_InvalidValue_Returns_ApplicationExceptionWithMessage" computerName="PC-SFERRARI" duration="00:00:00.0015515" startTime="2021-10-10T14:01:01.7231555+02:00" endTime="2021-10-10T14:01:01.7248605+02:00" testType="13cdc9d9-ddb5-4fa4-a97d-d965ccfc6d4b" outcome="Passed" testListId="8c84fa94-04c1-424b-9868-57a2d4851a1d" relativeResultsDirectory="d1921296-89b4-4439-8641-16c8026d0f3e" />
    <UnitTestResult executionId="3b8686ce-769f-49a3-b454-0b22b8cdc045" testId="7a92a461-5ccc-46af-a3d1-c55903bc99cf" testName="ToUri_Passing_ValidValueString_Returns_Uri (http://⌘.ws/)" computerName="PC-SFERRARI" duration="00:00:00.0000152" startTime="2021-10-10T14:01:03.4545637+02:00" endTime="2021-10-10T14:01:03.4546906+02:00" testType="13cdc9d9-ddb5-4fa4-a97d-d965ccfc6d4b" outcome="Passed" testListId="8c84fa94-04c1-424b-9868-57a2d4851a1d" relativeResultsDirectory="3b8686ce-769f-49a3-b454-0b22b8cdc045" />
    <UnitTestResult executionId="38ad1d76-a660-468c-a3fc-8461f8758f0c" testId="6d11d1d5-bf07-4f9d-b61d-c46141b88c57" testName="ToUri_Passing_ValidValueString_Returns_Uri (//foo.com/blah_blah)" computerName="PC-SFERRARI" duration="00:00:00.0000105" startTime="2021-10-10T14:01:03.4192008+02:00" endTime="2021-10-10T14:01:03.4193943+02:00" testType="13cdc9d9-ddb5-4fa4-a97d-d965ccfc6d4b" outcome="Passed" testListId="8c84fa94-04c1-424b-9868-57a2d4851a1d" relativeResultsDirectory="38ad1d76-a660-468c-a3fc-8461f8758f0c" />
    <UnitTestResult executionId="34d30ba4-11fe-4458-9112-388c394f5941" testId="fb30ca02-94db-461a-b382-27bd324b54b5" testName="ToEnvironment_Passing_Service_Not_Found_Returns_ApplicationException" computerName="PC-SFERRARI" duration="00:00:00.0085508" startTime="2021-10-10T14:01:01.2419647+02:00" endTime="2021-10-10T14:01:01.2506607+02:00" testType="13cdc9d9-ddb5-4fa4-a97d-d965ccfc6d4b" outcome="Passed" testListId="8c84fa94-04c1-424b-9868-57a2d4851a1d" relativeResultsDirectory="34d30ba4-11fe-4458-9112-388c394f5941" />
    <UnitTestResult executionId="425a51cb-ee9f-4f46-aff8-389c493b13c1" testId="1dc8712b-5468-461c-bbe7-8be8f1f95221" testName="ToUri_Passing_ValidValueString_Returns_Uri (https://foo.com/blah_blah?p=5)" computerName="PC-SFERRARI" duration="00:00:00.0000102" startTime="2021-10-10T14:01:03.4185418+02:00" endTime="2021-10-10T14:01:03.4187574+02:00" testType="13cdc9d9-ddb5-4fa4-a97d-d965ccfc6d4b" outcome="Passed" testListId="8c84fa94-04c1-424b-9868-57a2d4851a1d" relativeResultsDirectory="425a51cb-ee9f-4f46-aff8-389c493b13c1" />
    <UnitTestResult executionId="f62886f3-da3d-4c3a-83a0-7a1a651f3798" testId="520908e9-adb5-4c50-ac11-99ab171dd0b9" testName="ToEmailMask_Passing_ValidEmail_Returns_EmailWithMask (qazwsx@gmail.com,q----x@g----.com)" computerName="PC-SFERRARI" duration="00:00:00.0000163" startTime="2021-10-10T14:01:03.4051191+02:00" endTime="2021-10-10T14:01:03.4051986+02:00" testType="13cdc9d9-ddb5-4fa4-a97d-d965ccfc6d4b" outcome="Passed" testListId="8c84fa94-04c1-424b-9868-57a2d4851a1d" relativeResultsDirectory="f62886f3-da3d-4c3a-83a0-7a1a651f3798" />
    <UnitTestResult executionId="3da98dac-d37a-41eb-a7e0-b322e8ae2a71" testId="42ca64e9-9338-41d0-969b-b5eb2bc10ef5" testName="ToUri_Passing_ValidValueString_Returns_Uri (http://userid:password@example.com:8080/)" computerName="PC-SFERRARI" duration="00:00:00.0000099" startTime="2021-10-10T14:01:03.4478342+02:00" endTime="2021-10-10T14:01:03.4479796+02:00" testType="13cdc9d9-ddb5-4fa4-a97d-d965ccfc6d4b" outcome="Passed" testListId="8c84fa94-04c1-424b-9868-57a2d4851a1d" relativeResultsDirectory="3da98dac-d37a-41eb-a7e0-b322e8ae2a71" />
    <UnitTestResult executionId="c0d8ede4-b0d1-4226-968d-d6309a2a0863" testId="a1b7378b-7964-495f-b32e-6dcb52a4bd13" testName="ToNormalize_Passing_ValidValue_Returns_NormalizedValue ( * ¨ ^ _ : - ? ¿ ; ,)" computerName="PC-SFERRARI" duration="00:00:00.0000681" startTime="2021-10-10T14:01:03.2838732+02:00" endTime="2021-10-10T14:01:03.2840642+02:00" testType="13cdc9d9-ddb5-4fa4-a97d-d965ccfc6d4b" outcome="Passed" testListId="8c84fa94-04c1-424b-9868-57a2d4851a1d" relativeResultsDirectory="c0d8ede4-b0d1-4226-968d-d6309a2a0863" />
    <UnitTestResult executionId="25fe5f3b-6b4a-46bc-8042-a648a1d213ee" testId="71e58ca1-d46b-4657-b04b-56cb06ae70db" testName="ToEndOfTheMonth_Passing_DateTime_Returns_End_Of_Month_DateTime" computerName="PC-SFERRARI" duration="00:00:00.0009144" startTime="2021-10-10T14:01:02.1589361+02:00" endTime="2021-10-10T14:01:02.1600426+02:00" testType="13cdc9d9-ddb5-4fa4-a97d-d965ccfc6d4b" outcome="Passed" testListId="8c84fa94-04c1-424b-9868-57a2d4851a1d" relativeResultsDirectory="25fe5f3b-6b4a-46bc-8042-a648a1d213ee" />
    <UnitTestResult executionId="41661026-6dd1-4552-9e15-fe4f1a61cf5a" testId="aee4675d-c278-428a-a851-efa4058664e1" testName="ToDefaultValue_Passing_ValidBoolean_Returns_DefaultValue" computerName="PC-SFERRARI" duration="00:00:00.0002498" startTime="2021-10-10T14:01:03.6103771+02:00" endTime="2021-10-10T14:01:03.6108404+02:00" testType="13cdc9d9-ddb5-4fa4-a97d-d965ccfc6d4b" outcome="Passed" testListId="8c84fa94-04c1-424b-9868-57a2d4851a1d" relativeResultsDirectory="41661026-6dd1-4552-9e15-fe4f1a61cf5a" />
    <UnitTestResult executionId="594a2029-d568-4d03-857f-784faeeb2370" testId="9cfde479-936d-439d-aadd-c1ce6bebeb68" testName="ToUri_Passing_ValidValueString_Returns_Uri (http://a.b-c.de)" computerName="PC-SFERRARI" duration="00:00:00.0000099" startTime="2021-10-10T14:01:03.4696954+02:00" endTime="2021-10-10T14:01:03.4698992+02:00" testType="13cdc9d9-ddb5-4fa4-a97d-d965ccfc6d4b" outcome="Passed" testListId="8c84fa94-04c1-424b-9868-57a2d4851a1d" relativeResultsDirectory="594a2029-d568-4d03-857f-784faeeb2370" />
    <UnitTestResult executionId="2839dbff-b902-440d-8437-2b92af32d8e7" testId="4638f5c8-8fd4-41d0-b4b4-2f38d36d6611" testName="ToNormalize_Passing_ValidValue_Returns_NormalizedValue (Strømsgodset,Stromsgodset)" computerName="PC-SFERRARI" duration="00:00:00.0001023" startTime="2021-10-10T14:01:03.3299253+02:00" endTime="2021-10-10T14:01:03.3307104+02:00" testType="13cdc9d9-ddb5-4fa4-a97d-d965ccfc6d4b" outcome="Passed" testListId="8c84fa94-04c1-424b-9868-57a2d4851a1d" relativeResultsDirectory="2839dbff-b902-440d-8437-2b92af32d8e7" />
    <UnitTestResult executionId="3ec897bd-ad33-4926-a7c5-5dd2e5382af5" testId="12ab19c5-7cc6-41bf-8329-5c51879dd674" testName="ResultInternalServerError" computerName="PC-SFERRARI" duration="00:00:00.0005710" startTime="2021-10-10T14:01:03.8015453+02:00" endTime="2021-10-10T14:01:03.8022468+02:00" testType="13cdc9d9-ddb5-4fa4-a97d-d965ccfc6d4b" outcome="Passed" testListId="8c84fa94-04c1-424b-9868-57a2d4851a1d" relativeResultsDirectory="3ec897bd-ad33-4926-a7c5-5dd2e5382af5" />
    <UnitTestResult executionId="5020bd54-5508-4e2f-a1a9-159f627d261f" testId="325b2153-0a53-45c0-89bf-d218b6f22c92" testName="ToDefaultValue_Passing_ValidInt_Returns_DefaultValue" computerName="PC-SFERRARI" duration="00:00:00.0001861" startTime="2021-10-10T14:01:03.6041166+02:00" endTime="2021-10-10T14:01:03.6045383+02:00" testType="13cdc9d9-ddb5-4fa4-a97d-d965ccfc6d4b" outcome="Passed" testListId="8c84fa94-04c1-424b-9868-57a2d4851a1d" relativeResultsDirectory="5020bd54-5508-4e2f-a1a9-159f627d261f" />
    <UnitTestResult executionId="8fe07022-e90f-48b6-b9a2-38f8a8088745" testId="7dc7c972-b69e-46c7-904e-2ff3d5d101ba" testName="ToReplaceSpecialChars_Passing_ValidValue_Returns_ReplacedValueWithoutIgnoreSpecialChars (*¨^_:-?¿;,)" computerName="PC-SFERRARI" duration="00:00:00.0042772" startTime="2021-10-10T14:01:03.2666492+02:00" endTime="2021-10-10T14:01:03.2711884+02:00" testType="13cdc9d9-ddb5-4fa4-a97d-d965ccfc6d4b" outcome="Passed" testListId="8c84fa94-04c1-424b-9868-57a2d4851a1d" relativeResultsDirectory="8fe07022-e90f-48b6-b9a2-38f8a8088745" />
    <UnitTestResult executionId="6e70b702-2589-4037-977d-cb3bdfd06228" testId="b05d1493-c548-4137-9fb4-59c34a9f5326" testName="ToNormalize_Passing_ValidValue_Returns_NormalizedValue (àáäâãøçħ,aaaaaoch)" computerName="PC-SFERRARI" duration="00:00:00.0000650" startTime="2021-10-10T14:01:03.2802907+02:00" endTime="2021-10-10T14:01:03.2805033+02:00" testType="13cdc9d9-ddb5-4fa4-a97d-d965ccfc6d4b" outcome="Passed" testListId="8c84fa94-04c1-424b-9868-57a2d4851a1d" relativeResultsDirectory="6e70b702-2589-4037-977d-cb3bdfd06228" />
    <UnitTestResult executionId="4c2f1d0b-c1d2-4931-bce6-1d2df4c94eb0" testId="43cb19b9-dc4d-4011-a057-6e6db2bd0df7" testName="ToDirectoryFileInfo_Passing_ValidValue_Returns_FileInfo" computerName="PC-SFERRARI" duration="00:00:00.0001629" startTime="2021-10-10T14:01:03.5586531+02:00" endTime="2021-10-10T14:01:03.5589312+02:00" testType="13cdc9d9-ddb5-4fa4-a97d-d965ccfc6d4b" outcome="Passed" testListId="8c84fa94-04c1-424b-9868-57a2d4851a1d" relativeResultsDirectory="4c2f1d0b-c1d2-4931-bce6-1d2df4c94eb0" />
    <UnitTestResult executionId="631e57c0-b4bb-4739-acf1-a6e864fccea1" testId="d7ff0d54-cdde-461c-92a7-693da9c2245a" testName="ToEnum_Passing_InvalidValueInt_Returns_EnumDefaultValue" computerName="PC-SFERRARI" duration="00:00:00.0002279" startTime="2021-10-10T14:01:03.3469246+02:00" endTime="2021-10-10T14:01:03.3473107+02:00" testType="13cdc9d9-ddb5-4fa4-a97d-d965ccfc6d4b" outcome="Passed" testListId="8c84fa94-04c1-424b-9868-57a2d4851a1d" relativeResultsDirectory="631e57c0-b4bb-4739-acf1-a6e864fccea1" />
    <UnitTestResult executionId="b16cc5da-bc73-45dc-bbba-ed9b892c0b6f" testId="24a11f5c-9a02-4338-b5c9-bdc13f0f4016" testName="ToIsWeekend_Passing_Saturday_DateTime_Returns_True" computerName="PC-SFERRARI" duration="00:00:00.0001891" startTime="2021-10-10T14:01:02.1538126+02:00" endTime="2021-10-10T14:01:02.1541805+02:00" testType="13cdc9d9-ddb5-4fa4-a97d-d965ccfc6d4b" outcome="Passed" testListId="8c84fa94-04c1-424b-9868-57a2d4851a1d" relativeResultsDirectory="b16cc5da-bc73-45dc-bbba-ed9b892c0b6f" />
    <UnitTestResult executionId="dbe30f1d-8338-459a-aa07-adce31c4148d" testId="a1ad8942-1ea0-44ff-a127-fa9a894a93e5" testName="ToEnvironment_ServiceCollection_Passing_Development_Enviroment_Returns_Development_Name" computerName="PC-SFERRARI" duration="00:00:00.0012494" startTime="2021-10-10T14:01:03.0983117+02:00" endTime="2021-10-10T14:01:03.0999242+02:00" testType="13cdc9d9-ddb5-4fa4-a97d-d965ccfc6d4b" outcome="Passed" testListId="8c84fa94-04c1-424b-9868-57a2d4851a1d" relativeResultsDirectory="dbe30f1d-8338-459a-aa07-adce31c4148d" />
    <UnitTestResult executionId="2f7d2376-a57e-428a-9f7b-fd4265e3125e" testId="5849bcdd-480f-4eb7-bc59-3502cf1459b6" testName="ToCount_Passing_ValidEnumType_Returns_Count" computerName="PC-SFERRARI" duration="00:00:00.0003533" startTime="2021-10-10T14:01:03.6758629+02:00" endTime="2021-10-10T14:01:03.6764349+02:00" testType="13cdc9d9-ddb5-4fa4-a97d-d965ccfc6d4b" outcome="Passed" testListId="8c84fa94-04c1-424b-9868-57a2d4851a1d" relativeResultsDirectory="2f7d2376-a57e-428a-9f7b-fd4265e3125e" />
    <UnitTestResult executionId="f19e10f3-fcc9-42d4-b81b-16c47c2038b1" testId="a8ca8171-509d-41a0-80d9-b3664c31801e" testName="ToEnvironment_ServiceCollection_Passing_Production_Enviroment_Returns_Production_Name" computerName="PC-SFERRARI" duration="00:00:00.0008617" startTime="2021-10-10T14:01:03.1000086+02:00" endTime="2021-10-10T14:01:03.1010212+02:00" testType="13cdc9d9-ddb5-4fa4-a97d-d965ccfc6d4b" outcome="Passed" testListId="8c84fa94-04c1-424b-9868-57a2d4851a1d" relativeResultsDirectory="f19e10f3-fcc9-42d4-b81b-16c47c2038b1" />
    <UnitTestResult executionId="e4739e3a-8f2a-46dc-b443-793cf0968afa" testId="6f9f3595-ae92-4460-a760-8a49db7c82fe" testName="ToRemove_Passing_ValidValue_Returns_ValueWithoutRemovedChars (aeiou,ei,aou)" computerName="PC-SFERRARI" duration="00:00:00.0000502" startTime="2021-10-10T14:01:03.2353768+02:00" endTime="2021-10-10T14:01:03.2355220+02:00" testType="13cdc9d9-ddb5-4fa4-a97d-d965ccfc6d4b" outcome="Passed" testListId="8c84fa94-04c1-424b-9868-57a2d4851a1d" relativeResultsDirectory="e4739e3a-8f2a-46dc-b443-793cf0968afa" />
    <UnitTestResult executionId="d2837bd2-7151-470b-8005-e09ca519c136" testId="0e9e5d73-9412-4243-a71e-c5f8cddcfc57" testName="ToRemove_Passing_ValidValue_Returns_ValueWithoutRemovedChars (hello hello , ,hellohello)" computerName="PC-SFERRARI" duration="00:00:00.0000543" startTime="2021-10-10T14:01:03.2248973+02:00" endTime="2021-10-10T14:01:03.2250537+02:00" testType="13cdc9d9-ddb5-4fa4-a97d-d965ccfc6d4b" outcome="Passed" testListId="8c84fa94-04c1-424b-9868-57a2d4851a1d" relativeResultsDirectory="d2837bd2-7151-470b-8005-e09ca519c136" />
    <UnitTestResult executionId="09622d89-5a5e-4cfd-8c1a-bc70bca23af8" testId="667e53ad-27ad-4a93-a9db-39cfa0062796" testName="ResultError_WithTitle_WithStatusCode_WithDetails_WithExceptionType_WithMessages_WithErrors" computerName="PC-SFERRARI" duration="00:00:00.0227751" startTime="2021-10-10T14:01:03.8262174+02:00" endTime="2021-10-10T14:01:03.8491799+02:00" testType="13cdc9d9-ddb5-4fa4-a97d-d965ccfc6d4b" outcome="Passed" testListId="8c84fa94-04c1-424b-9868-57a2d4851a1d" relativeResultsDirectory="09622d89-5a5e-4cfd-8c1a-bc70bca23af8" />
    <UnitTestResult executionId="6ba7c6f7-d698-4473-bfae-f254991c47b7" testId="d0a51df9-f543-4833-a115-d604d0b66f3d" testName="ToAuthenticationType_Passing_Null_ClaimsPrincipal_Returns_ApplicationException" computerName="PC-SFERRARI" duration="00:00:00.0007348" startTime="2021-10-10T14:01:01.9650249+02:00" endTime="2021-10-10T14:01:01.9658867+02:00" testType="13cdc9d9-ddb5-4fa4-a97d-d965ccfc6d4b" outcome="Passed" testListId="8c84fa94-04c1-424b-9868-57a2d4851a1d" relativeResultsDirectory="6ba7c6f7-d698-4473-bfae-f254991c47b7" />
    <UnitTestResult executionId="681f53fa-9a02-4ee1-8950-4a3e857c05f1" testId="1b21a9d0-e326-40db-9754-fb5bde8e2b71" testName="IsName_Passing_ValidArguments_Returns_HasErrorsAndCount" computerName="PC-SFERRARI" duration="00:00:00.0002416" startTime="2021-10-10T14:01:03.6525023+02:00" endTime="2021-10-10T14:01:03.6528882+02:00" testType="13cdc9d9-ddb5-4fa4-a97d-d965ccfc6d4b" outcome="Passed" testListId="8c84fa94-04c1-424b-9868-57a2d4851a1d" relativeResultsDirectory="681f53fa-9a02-4ee1-8950-4a3e857c05f1" />
    <UnitTestResult executionId="4f746f7f-f4ed-44d4-bf05-8c56ff885973" testId="6fa0658a-76e3-4453-b7f3-323791a237cc" testName="ToDirectoryDeleteFiles_Passing_ValidValue_Returns_DirectoryNoExists" computerName="PC-SFERRARI" duration="00:00:00.0065018" startTime="2021-10-10T14:01:03.5589822+02:00" endTime="2021-10-10T14:01:03.5656133+02:00" testType="13cdc9d9-ddb5-4fa4-a97d-d965ccfc6d4b" outcome="Passed" testListId="8c84fa94-04c1-424b-9868-57a2d4851a1d" relativeResultsDirectory="4f746f7f-f4ed-44d4-bf05-8c56ff885973" />
    <UnitTestResult executionId="6bf95761-d15c-4cde-b461-0a6c1e8114c3" testId="ea1797c0-4e69-48e2-8172-4b8745028d0b" testName="ToHashAlgorithmName_Passing_InvalidValueLowerCaseStringWithDefaultValue_Returns_DefaultValue (md5)" computerName="PC-SFERRARI" duration="00:00:00.0002230" startTime="2021-10-10T14:01:03.5032057+02:00" endTime="2021-10-10T14:01:03.5035483+02:00" testType="13cdc9d9-ddb5-4fa4-a97d-d965ccfc6d4b" outcome="Passed" testListId="8c84fa94-04c1-424b-9868-57a2d4851a1d" relativeResultsDirectory="6bf95761-d15c-4cde-b461-0a6c1e8114c3" />
    <UnitTestResult executionId="0b5e989f-6190-46db-85bf-f4f02843f1f9" testId="30c6203e-c17f-4fab-9d73-d29ddbf83fc6" testName="ToConfigureOrDefault_Passing_ActionCustomValues_Returns_CustomValues" computerName="PC-SFERRARI" duration="00:00:00.0359087" startTime="2021-10-10T14:01:00.1954808+02:00" endTime="2021-10-10T14:01:00.2787895+02:00" testType="13cdc9d9-ddb5-4fa4-a97d-d965ccfc6d4b" outcome="Passed" testListId="8c84fa94-04c1-424b-9868-57a2d4851a1d" relativeResultsDirectory="0b5e989f-6190-46db-85bf-f4f02843f1f9" />
    <UnitTestResult executionId="0c062c8d-ef4f-4ce1-a2ee-b484e3f9aa31" testId="de68356a-b6f8-44c6-8d3a-11657ec7851e" testName="ToDefaultValue_Passing_ValidStruct_Returns_DefaultValue" computerName="PC-SFERRARI" duration="00:00:00.0005701" startTime="2021-10-10T14:01:03.6030759+02:00" endTime="2021-10-10T14:01:03.6040318+02:00" testType="13cdc9d9-ddb5-4fa4-a97d-d965ccfc6d4b" outcome="Passed" testListId="8c84fa94-04c1-424b-9868-57a2d4851a1d" relativeResultsDirectory="0c062c8d-ef4f-4ce1-a2ee-b484e3f9aa31" />
    <UnitTestResult executionId="1f6f97ce-5579-40e3-9145-ccf7b0ce0e3d" testId="2219cfe8-8ad8-4477-813d-1089f3d3f8d2" testName="ToTryIPv6_Passing_HttpContext_IP_Value_Returns_IP" computerName="PC-SFERRARI" duration="00:00:00.0005739" startTime="2021-10-10T14:01:02.2751310+02:00" endTime="2021-10-10T14:01:02.2758319+02:00" testType="13cdc9d9-ddb5-4fa4-a97d-d965ccfc6d4b" outcome="Passed" testListId="8c84fa94-04c1-424b-9868-57a2d4851a1d" relativeResultsDirectory="1f6f97ce-5579-40e3-9145-ccf7b0ce0e3d" />
    <UnitTestResult executionId="0eb2d605-b345-44f9-b18c-5813fd5cf1d5" testId="0a10c3f3-7660-44fb-b261-6b0817441ff2" testName="ResultBadRequest_WithErrors_Value" computerName="PC-SFERRARI" duration="00:00:00.0005125" startTime="2021-10-10T14:01:03.8169407+02:00" endTime="2021-10-10T14:01:03.8175862+02:00" testType="13cdc9d9-ddb5-4fa4-a97d-d965ccfc6d4b" outcome="Passed" testListId="8c84fa94-04c1-424b-9868-57a2d4851a1d" relativeResultsDirectory="0eb2d605-b345-44f9-b18c-5813fd5cf1d5" />
    <UnitTestResult executionId="a2ba6b26-3d7c-4ada-b001-93c5178ffef2" testId="eda3ed47-0a09-4cfc-a4ef-93d4a7634eee" testName="ToAuthenticationType_Passing_Claims_Returns_AuthenticationType_Name" computerName="PC-SFERRARI" duration="00:00:00.0014430" startTime="2021-10-10T14:01:01.9749519+02:00" endTime="2021-10-10T14:01:01.9766783+02:00" testType="13cdc9d9-ddb5-4fa4-a97d-d965ccfc6d4b" outcome="Passed" testListId="8c84fa94-04c1-424b-9868-57a2d4851a1d" relativeResultsDirectory="a2ba6b26-3d7c-4ada-b001-93c5178ffef2" />
    <UnitTestResult executionId="dca63c70-bedf-48e4-84d3-6b83b909997d" testId="e1874ad3-43ce-40ba-83c7-92e547840a57" testName="ToInt_Passing_InvalidValueString_Returns_Null (1.3333)" computerName="PC-SFERRARI" duration="00:00:00.0002242" startTime="2021-10-10T14:01:03.5070232+02:00" endTime="2021-10-10T14:01:03.5074482+02:00" testType="13cdc9d9-ddb5-4fa4-a97d-d965ccfc6d4b" outcome="Passed" testListId="8c84fa94-04c1-424b-9868-57a2d4851a1d" relativeResultsDirectory="dca63c70-bedf-48e4-84d3-6b83b909997d" />
    <UnitTestResult executionId="9bcc99ec-fd1b-4bf1-9725-97f39fdb9647" testId="9f7d5206-5732-4103-8ca9-de2639d7b82d" testName="ToExists_Passing_Valid_Service_Returns_True" computerName="PC-SFERRARI" duration="00:00:00.0006417" startTime="2021-10-10T14:01:03.1109005+02:00" endTime="2021-10-10T14:01:03.1117046+02:00" testType="13cdc9d9-ddb5-4fa4-a97d-d965ccfc6d4b" outcome="Passed" testListId="8c84fa94-04c1-424b-9868-57a2d4851a1d" relativeResultsDirectory="9bcc99ec-fd1b-4bf1-9725-97f39fdb9647" />
    <UnitTestResult executionId="67017643-f097-4939-b849-59f4ed2ede90" testId="ff9ea05d-3f7b-4bb1-a08d-4cfcd52ea100" testName="IsLowercase_Passing_InvalidArguments_Returns_HasErrorsAndCount" computerName="PC-SFERRARI" duration="00:00:00.0004351" startTime="2021-10-10T14:01:03.6720086+02:00" endTime="2021-10-10T14:01:03.6725617+02:00" testType="13cdc9d9-ddb5-4fa4-a97d-d965ccfc6d4b" outcome="Passed" testListId="8c84fa94-04c1-424b-9868-57a2d4851a1d" relativeResultsDirectory="67017643-f097-4939-b849-59f4ed2ede90" />
    <UnitTestResult executionId="eb08087b-f8a6-4bbd-b15d-140b250fca0e" testId="261bd10d-2d8c-4f24-a5dd-165534d9c84c" testName="ToEmailMask_Passing_ValidEmail_Returns_EmailWithMask (qaz@gmailgmail.com,q-z@g---------.com)" computerName="PC-SFERRARI" duration="00:00:00.0000155" startTime="2021-10-10T14:01:03.4053516+02:00" endTime="2021-10-10T14:01:03.4054209+02:00" testType="13cdc9d9-ddb5-4fa4-a97d-d965ccfc6d4b" outcome="Passed" testListId="8c84fa94-04c1-424b-9868-57a2d4851a1d" relativeResultsDirectory="eb08087b-f8a6-4bbd-b15d-140b250fca0e" />
    <UnitTestResult executionId="2ac495fe-81e7-401c-96b4-7542259c9870" testId="e6547919-e942-47ce-bf33-25e727bf0ce9" testName="ToUserName_Passing_Null_ClaimsPrincipal_Returns_ApplicationException" computerName="PC-SFERRARI" duration="00:00:00.0367577" startTime="2021-10-10T14:01:01.9767668+02:00" endTime="2021-10-10T14:01:02.0137112+02:00" testType="13cdc9d9-ddb5-4fa4-a97d-d965ccfc6d4b" outcome="Passed" testListId="8c84fa94-04c1-424b-9868-57a2d4851a1d" relativeResultsDirectory="2ac495fe-81e7-401c-96b4-7542259c9870" />
    <UnitTestResult executionId="1da6428e-eba5-427b-8882-93a2a037b85c" testId="5b9e941a-6559-484f-9d41-75cbaa76e4fe" testName="CreateAndVerifySHA512_Passing_Valid_Arguments_Returns_True (Password)" computerName="PC-SFERRARI" duration="00:00:00.0004954" startTime="2021-10-10T14:01:03.7298585+02:00" endTime="2021-10-10T14:01:03.7304474+02:00" testType="13cdc9d9-ddb5-4fa4-a97d-d965ccfc6d4b" outcome="Passed" testListId="8c84fa94-04c1-424b-9868-57a2d4851a1d" relativeResultsDirectory="1da6428e-eba5-427b-8882-93a2a037b85c" />
    <UnitTestResult executionId="593a229b-9bcd-4fa9-814c-a7e32fb4324d" testId="33dc0f46-74cb-4b16-9530-59e84f0a5658" testName="ToUri_Passing_ValidValueString_Returns_Uri (//foo.com/blah_blah?p=5&amp;j=fe)" computerName="PC-SFERRARI" duration="00:00:00.0000079" startTime="2021-10-10T14:01:03.4203582+02:00" endTime="2021-10-10T14:01:03.4205590+02:00" testType="13cdc9d9-ddb5-4fa4-a97d-d965ccfc6d4b" outcome="Passed" testListId="8c84fa94-04c1-424b-9868-57a2d4851a1d" relativeResultsDirectory="593a229b-9bcd-4fa9-814c-a7e32fb4324d" />
    <UnitTestResult executionId="7d7e9ab1-e48e-48ab-a84a-5964a7ed4da8" testId="1e96fa49-5c32-4764-b0ea-34ca1214d38c" testName="ToPaged_Passing_Age_Descending_Order_Returns_Filter_List" computerName="PC-SFERRARI" duration="00:00:00.0056225" startTime="2021-10-10T14:01:03.0893070+02:00" endTime="2021-10-10T14:01:03.0950906+02:00" testType="13cdc9d9-ddb5-4fa4-a97d-d965ccfc6d4b" outcome="Passed" testListId="8c84fa94-04c1-424b-9868-57a2d4851a1d" relativeResultsDirectory="7d7e9ab1-e48e-48ab-a84a-5964a7ed4da8" />
    <UnitTestResult executionId="45c3731d-6074-4705-8f72-49ed31ced6fa" testId="bc130d26-46c6-428f-9dbe-bf6dfee5b831" testName="ToIsSubdomainThrow_Passing_InvalidValue_Returns_ApplicationExceptionWithMessage ()" computerName="PC-SFERRARI" duration="00:00:00.0001176" startTime="2021-10-10T14:01:01.8237513+02:00" endTime="2021-10-10T14:01:01.8241153+02:00" testType="13cdc9d9-ddb5-4fa4-a97d-d965ccfc6d4b" outcome="Passed" testListId="8c84fa94-04c1-424b-9868-57a2d4851a1d" relativeResultsDirectory="45c3731d-6074-4705-8f72-49ed31ced6fa" />
    <UnitTestResult executionId="6c8067f4-eb7c-447c-a1c4-54f1667d733f" testId="1036be74-aff0-4e4f-90e7-b81f23eb326a" testName="ToDetails_Passing_HttpContext_Returns_Details_HttpContext" computerName="PC-SFERRARI" duration="00:00:00.0224741" startTime="2021-10-10T14:01:02.2759033+02:00" endTime="2021-10-10T14:01:02.2984777+02:00" testType="13cdc9d9-ddb5-4fa4-a97d-d965ccfc6d4b" outcome="Passed" testListId="8c84fa94-04c1-424b-9868-57a2d4851a1d" relativeResultsDirectory="6c8067f4-eb7c-447c-a1c4-54f1667d733f" />
    <UnitTestResult executionId="0eb6a426-79b1-4070-81a6-e19bff97dc79" testId="c27ce1fa-5996-479a-b0e5-0dbb9c1321d6" testName="ToUri_Passing_ValidValueString_Returns_Uri (http://www.example.com/wpstyle/?p=364)" computerName="PC-SFERRARI" duration="00:00:00.0000102" startTime="2021-10-10T14:01:03.4270325+02:00" endTime="2021-10-10T14:01:03.4271797+02:00" testType="13cdc9d9-ddb5-4fa4-a97d-d965ccfc6d4b" outcome="Passed" testListId="8c84fa94-04c1-424b-9868-57a2d4851a1d" relativeResultsDirectory="0eb6a426-79b1-4070-81a6-e19bff97dc79" />
    <UnitTestResult executionId="32f85c71-4c22-4056-95b3-f471b6658d51" testId="d2fc0608-3210-4e68-b612-c4f69e2061cb" testName="ToInt_Passing_Enumeration_Name_Returns_Value" computerName="PC-SFERRARI" duration="00:00:00.0003755" startTime="2021-10-10T14:01:02.1787415+02:00" endTime="2021-10-10T14:01:02.1796316+02:00" testType="13cdc9d9-ddb5-4fa4-a97d-d965ccfc6d4b" outcome="Passed" testListId="8c84fa94-04c1-424b-9868-57a2d4851a1d" relativeResultsDirectory="32f85c71-4c22-4056-95b3-f471b6658d51" />
    <UnitTestResult executionId="37476487-4f7b-4c7d-9b0a-a95affef3f57" testId="4b2fd978-e280-4666-a598-c76bacdd201e" testName="ToUri_Passing_InvalidValueString_Returns_Null (http://..)" computerName="PC-SFERRARI" duration="00:00:00.0000133" startTime="2021-10-10T14:01:03.4722671+02:00" endTime="2021-10-10T14:01:03.4724047+02:00" testType="13cdc9d9-ddb5-4fa4-a97d-d965ccfc6d4b" outcome="Passed" testListId="8c84fa94-04c1-424b-9868-57a2d4851a1d" relativeResultsDirectory="37476487-4f7b-4c7d-9b0a-a95affef3f57" />
    <UnitTestResult executionId="271abb2e-8ef0-4aab-bec7-fe931ed36f22" testId="dcd52f51-9fd2-4f51-85a8-8f7f54a5f95f" testName="ToMessage_Passing_ExceptionWithMessageWithInnerException_Returns_MessageAndInnerException" computerName="PC-SFERRARI" duration="00:00:00.0003539" startTime="2021-10-10T14:01:02.2058777+02:00" endTime="2021-10-10T14:01:02.2063499+02:00" testType="13cdc9d9-ddb5-4fa4-a97d-d965ccfc6d4b" outcome="Passed" testListId="8c84fa94-04c1-424b-9868-57a2d4851a1d" relativeResultsDirectory="271abb2e-8ef0-4aab-bec7-fe931ed36f22" />
    <UnitTestResult executionId="06733146-97ee-4823-bc08-6a6eb69b9885" testId="bcefabe3-d09a-450e-a527-cc0dcf34ac21" testName="ToUri_Passing_ValidValueString_Returns_Uri (http://223.255.255.254)" computerName="PC-SFERRARI" duration="00:00:00.0000093" startTime="2021-10-10T14:01:03.4699832+02:00" endTime="2021-10-10T14:01:03.4701824+02:00" testType="13cdc9d9-ddb5-4fa4-a97d-d965ccfc6d4b" outcome="Passed" testListId="8c84fa94-04c1-424b-9868-57a2d4851a1d" relativeResultsDirectory="06733146-97ee-4823-bc08-6a6eb69b9885" />
    <UnitTestResult executionId="0da1e499-c650-49df-9112-ff9839551706" testId="6e9822da-80d2-4d31-b00e-c036db6172df" testName="ToSetTime_Passing_Time_Int_Returns_DateTime" computerName="PC-SFERRARI" duration="00:00:00.0003983" startTime="2021-10-10T14:01:02.1626695+02:00" endTime="2021-10-10T14:01:02.1631799+02:00" testType="13cdc9d9-ddb5-4fa4-a97d-d965ccfc6d4b" outcome="Passed" testListId="8c84fa94-04c1-424b-9868-57a2d4851a1d" relativeResultsDirectory="0da1e499-c650-49df-9112-ff9839551706" />
    <UnitTestResult executionId="65b8cab6-e160-417a-98f6-f92c8938bc06" testId="2d110c29-ee38-4cdc-99af-5e0d15a8d788" testName="IsUppercase_Passing_InvalidArguments_Returns_HasErrorsAndCount" computerName="PC-SFERRARI" duration="00:00:00.0008362" startTime="2021-10-10T14:01:03.6729919+02:00" endTime="2021-10-10T14:01:03.6740540+02:00" testType="13cdc9d9-ddb5-4fa4-a97d-d965ccfc6d4b" outcome="Passed" testListId="8c84fa94-04c1-424b-9868-57a2d4851a1d" relativeResultsDirectory="65b8cab6-e160-417a-98f6-f92c8938bc06" />
    <UnitTestResult executionId="39d9466f-6180-4049-a5f8-cf2780880d94" testId="f06d61ba-2d83-4fb2-bc24-538d84563a89" testName="ToContentType_Passing_ValidValueString_Returns_ContentType (xxxx.json,application/json)" computerName="PC-SFERRARI" duration="00:00:00.0000592" startTime="2021-10-10T14:01:03.5451215+02:00" endTime="2021-10-10T14:01:03.5453476+02:00" testType="13cdc9d9-ddb5-4fa4-a97d-d965ccfc6d4b" outcome="Passed" testListId="8c84fa94-04c1-424b-9868-57a2d4851a1d" relativeResultsDirectory="39d9466f-6180-4049-a5f8-cf2780880d94" />
    <UnitTestResult executionId="936ac43b-5e13-4a93-9184-8e4a6a156b45" testId="6e5758ce-fae3-4c51-9319-93138ab9b0e0" testName="ToUri_Passing_InvalidValueString_Returns_Null (http://../)" computerName="PC-SFERRARI" duration="00:00:00.0000331" startTime="2021-10-10T14:01:03.4803781+02:00" endTime="2021-10-10T14:01:03.4806651+02:00" testType="13cdc9d9-ddb5-4fa4-a97d-d965ccfc6d4b" outcome="Passed" testListId="8c84fa94-04c1-424b-9868-57a2d4851a1d" relativeResultsDirectory="936ac43b-5e13-4a93-9184-8e4a6a156b45" />
    <UnitTestResult executionId="17a79896-6d6d-429c-a67c-87bdb32edaf5" testId="631c7823-a0a8-4ef9-bde7-95f01400d46c" testName="ToMapNew_Passing_TSource_And_TDestination_Returns_New_TDestination_Object" computerName="PC-SFERRARI" duration="00:00:00.0045041" startTime="2021-10-10T14:01:00.8245285+02:00" endTime="2021-10-10T14:01:00.8291744+02:00" testType="13cdc9d9-ddb5-4fa4-a97d-d965ccfc6d4b" outcome="Passed" testListId="8c84fa94-04c1-424b-9868-57a2d4851a1d" relativeResultsDirectory="17a79896-6d6d-429c-a67c-87bdb32edaf5" />
    <UnitTestResult executionId="885747ea-5b2a-46e9-8da9-f64c07d1fffd" testId="74f8653c-c4fd-4657-b0ee-99952b98b695" testName="ToUri_Passing_InvalidValueString_Returns_Null (http://??/)" computerName="PC-SFERRARI" duration="00:00:00.0000110" startTime="2021-10-10T14:01:03.4812828+02:00" endTime="2021-10-10T14:01:03.4814020+02:00" testType="13cdc9d9-ddb5-4fa4-a97d-d965ccfc6d4b" outcome="Passed" testListId="8c84fa94-04c1-424b-9868-57a2d4851a1d" relativeResultsDirectory="885747ea-5b2a-46e9-8da9-f64c07d1fffd" />
    <UnitTestResult executionId="4016cdfe-91be-4d6c-a23a-468d057bd624" testId="454ffb56-b77d-4e5a-9884-2a3dd2faf75c" testName="ToUri_Passing_ValidValueString_Returns_Uri (http://userid:password@example.com)" computerName="PC-SFERRARI" duration="00:00:00.0000109" startTime="2021-10-10T14:01:03.4533384+02:00" endTime="2021-10-10T14:01:03.4534774+02:00" testType="13cdc9d9-ddb5-4fa4-a97d-d965ccfc6d4b" outcome="Passed" testListId="8c84fa94-04c1-424b-9868-57a2d4851a1d" relativeResultsDirectory="4016cdfe-91be-4d6c-a23a-468d057bd624" />
    <UnitTestResult executionId="6da8851c-c359-41a4-b8e4-7a75392b9637" testId="5c254aab-f904-410a-b92c-065f67dc94fd" testName="ToEmailMaskUserNameAndDomainAndExtension_Passing_ValidEmail_Returns_EmailWithMask (qazwsxedc@gmail.com,q*******c@g***l.c*m)" computerName="PC-SFERRARI" duration="00:00:00.0000198" startTime="2021-10-10T14:01:03.4042574+02:00" endTime="2021-10-10T14:01:03.4043404+02:00" testType="13cdc9d9-ddb5-4fa4-a97d-d965ccfc6d4b" outcome="Passed" testListId="8c84fa94-04c1-424b-9868-57a2d4851a1d" relativeResultsDirectory="6da8851c-c359-41a4-b8e4-7a75392b9637" />
    <UnitTestResult executionId="f281c686-3257-47f4-9644-dfb954ba412b" testId="3bb81174-0737-4839-930b-5f13a415a71d" testName="ToUserName_Passing_Invalid_ClaimsPrincipal_Returns_Null" computerName="PC-SFERRARI" duration="00:00:00.0018786" startTime="2021-10-10T14:01:02.0138205+02:00" endTime="2021-10-10T14:01:02.0159221+02:00" testType="13cdc9d9-ddb5-4fa4-a97d-d965ccfc6d4b" outcome="Passed" testListId="8c84fa94-04c1-424b-9868-57a2d4851a1d" relativeResultsDirectory="f281c686-3257-47f4-9644-dfb954ba412b" />
    <UnitTestResult executionId="83b20173-4ee0-48af-8141-59456f0f57be" testId="1adddef5-172d-452b-9bf3-5b672f691fb0" testName="ToEmailMaskUserNameAndDomainAndExtension_Passing_ValidEmail_Returns_EmailWithMask (qazwsx@gmailgmail.com,q****x@g********l.c*m)" computerName="PC-SFERRARI" duration="00:00:00.0000193" startTime="2021-10-10T14:01:03.4045077+02:00" endTime="2021-10-10T14:01:03.4045814+02:00" testType="13cdc9d9-ddb5-4fa4-a97d-d965ccfc6d4b" outcome="Passed" testListId="8c84fa94-04c1-424b-9868-57a2d4851a1d" relativeResultsDirectory="83b20173-4ee0-48af-8141-59456f0f57be" />
    <UnitTestResult executionId="55c1e899-bfa1-4a16-83b6-bac283f283ad" testId="91d4c479-81ca-450c-a93b-95d32cdc7a0c" testName="ToContentType_Passing_ValidValueString_Returns_ContentType (xxxx.html,text/html)" computerName="PC-SFERRARI" duration="00:00:00.0000450" startTime="2021-10-10T14:01:03.5582591+02:00" endTime="2021-10-10T14:01:03.5584051+02:00" testType="13cdc9d9-ddb5-4fa4-a97d-d965ccfc6d4b" outcome="Passed" testListId="8c84fa94-04c1-424b-9868-57a2d4851a1d" relativeResultsDirectory="55c1e899-bfa1-4a16-83b6-bac283f283ad" />
    <UnitTestResult executionId="90a836f8-3da1-4d1d-ace2-5e94f715e914" testId="a11595ab-2fd7-4158-941f-f38a229f6e1a" testName="ToEnvironment_Passing_Development_Enviroment_Returns_Development_Name" computerName="PC-SFERRARI" duration="00:00:00.3426495" startTime="2021-10-10T14:01:00.8946797+02:00" endTime="2021-10-10T14:01:01.2376492+02:00" testType="13cdc9d9-ddb5-4fa4-a97d-d965ccfc6d4b" outcome="Passed" testListId="8c84fa94-04c1-424b-9868-57a2d4851a1d" relativeResultsDirectory="90a836f8-3da1-4d1d-ace2-5e94f715e914" />
    <UnitTestResult executionId="ebfeae38-6aa7-4e49-8a69-59913814c062" testId="4183393f-a879-4145-9260-ee32decb0032" testName="ToUri_Passing_ValidValueString_Returns_Uri (//foo.com/blah_blah/)" computerName="PC-SFERRARI" duration="00:00:00.0000099" startTime="2021-10-10T14:01:03.4194812+02:00" endTime="2021-10-10T14:01:03.4196873+02:00" testType="13cdc9d9-ddb5-4fa4-a97d-d965ccfc6d4b" outcome="Passed" testListId="8c84fa94-04c1-424b-9868-57a2d4851a1d" relativeResultsDirectory="ebfeae38-6aa7-4e49-8a69-59913814c062" />
    <UnitTestResult executionId="f4333e01-e3d3-417b-9951-929be9acd5a0" testId="18193cbc-6965-4e27-bbf3-2b91ec42fbc0" testName="ToIsSubdomainThrow_Passing_InvalidValue_Returns_ApplicationExceptionWithMessage (34fsds@@sdd.f)" computerName="PC-SFERRARI" duration="00:00:00.0000699" startTime="2021-10-10T14:01:01.8179026+02:00" endTime="2021-10-10T14:01:01.8181622+02:00" testType="13cdc9d9-ddb5-4fa4-a97d-d965ccfc6d4b" outcome="Passed" testListId="8c84fa94-04c1-424b-9868-57a2d4851a1d" relativeResultsDirectory="f4333e01-e3d3-417b-9951-929be9acd5a0" />
    <UnitTestResult executionId="707488ab-320e-445b-b33f-c2454831b6e7" testId="8f159d05-1600-4dc6-a6b7-664a0be835cc" testName="ToStringFormat_Passing_ValidValue_Returns_ValueWithoutRemovedChars (-1)" computerName="PC-SFERRARI" duration="00:00:00.0000105" startTime="2021-10-10T14:01:03.0618133+02:00" endTime="2021-10-10T14:01:03.0619372+02:00" testType="13cdc9d9-ddb5-4fa4-a97d-d965ccfc6d4b" outcome="Passed" testListId="8c84fa94-04c1-424b-9868-57a2d4851a1d" relativeResultsDirectory="707488ab-320e-445b-b33f-c2454831b6e7" />
    <UnitTestResult executionId="f5e9acc0-4998-444c-9e90-807b3d71bbe2" testId="71dd297a-570f-4071-908d-fea48a7361e4" testName="ToIsNullOrEmpty_Passing_InvalidValue_Returns_True" computerName="PC-SFERRARI" duration="00:00:00.0008803" startTime="2021-10-10T14:01:01.7189808+02:00" endTime="2021-10-10T14:01:01.7204060+02:00" testType="13cdc9d9-ddb5-4fa4-a97d-d965ccfc6d4b" outcome="Passed" testListId="8c84fa94-04c1-424b-9868-57a2d4851a1d" relativeResultsDirectory="f5e9acc0-4998-444c-9e90-807b3d71bbe2" />
    <UnitTestResult executionId="a80d3e11-cfc7-4c98-af00-90437e53ff0a" testId="927dd00b-96f8-4bb9-8d23-286ef3ca0748" testName="ToValues_Passing_ValidEnumType_Returns_ValuesListString" computerName="PC-SFERRARI" duration="00:00:00.0008025" startTime="2021-10-10T14:01:03.6764827+02:00" endTime="2021-10-10T14:01:03.6773661+02:00" testType="13cdc9d9-ddb5-4fa4-a97d-d965ccfc6d4b" outcome="Passed" testListId="8c84fa94-04c1-424b-9868-57a2d4851a1d" relativeResultsDirectory="a80d3e11-cfc7-4c98-af00-90437e53ff0a" />
    <UnitTestResult executionId="b235013b-7133-4346-a969-1f6fe04a6580" testId="f3f21f94-4347-4b2d-b766-4736b2e7b8e6" testName="ToUri_Passing_ValidValueString_Returns_Uri (http://例子.测试)" computerName="PC-SFERRARI" duration="00:00:00.0000147" startTime="2021-10-10T14:01:03.4627270+02:00" endTime="2021-10-10T14:01:03.4628779+02:00" testType="13cdc9d9-ddb5-4fa4-a97d-d965ccfc6d4b" outcome="Passed" testListId="8c84fa94-04c1-424b-9868-57a2d4851a1d" relativeResultsDirectory="b235013b-7133-4346-a969-1f6fe04a6580" />
    <UnitTestResult executionId="d1b78259-9d66-4d05-99dd-c2a971eb58b8" testId="5baf948e-ece2-4d50-9e2d-8b88c219c8d2" testName="CreateAndVerifySHA256_Passing_Valid_Arguments_Returns_True (HashTests)" computerName="PC-SFERRARI" duration="00:00:00.0000746" startTime="2021-10-10T14:01:03.7135902+02:00" endTime="2021-10-10T14:01:03.7139968+02:00" testType="13cdc9d9-ddb5-4fa4-a97d-d965ccfc6d4b" outcome="Passed" testListId="8c84fa94-04c1-424b-9868-57a2d4851a1d" relativeResultsDirectory="d1b78259-9d66-4d05-99dd-c2a971eb58b8" />
    <UnitTestResult executionId="27521e33-be4a-43c0-a2e4-6770c30d880e" testId="222d1fd6-cbf6-4f16-b877-55daf4e8fdf0" testName="ToEmailMask_Passing_ValidEmail_Returns_EmailWithMask (qazwsx@gmailgmail.com,q----x@g---------.com)" computerName="PC-SFERRARI" duration="00:00:00.0000249" startTime="2021-10-10T14:01:03.4074317+02:00" endTime="2021-10-10T14:01:03.4075496+02:00" testType="13cdc9d9-ddb5-4fa4-a97d-d965ccfc6d4b" outcome="Passed" testListId="8c84fa94-04c1-424b-9868-57a2d4851a1d" relativeResultsDirectory="27521e33-be4a-43c0-a2e4-6770c30d880e" />
    <UnitTestResult executionId="6970ce77-4136-49d4-b094-8e246e1df442" testId="214c0878-b04f-492e-893d-0b8b50398ac4" testName="IsUppercase_Passing_ValidArguments_Returns_HasErrorsAndCount" computerName="PC-SFERRARI" duration="00:00:00.0012838" startTime="2021-10-10T14:01:03.6741339+02:00" endTime="2021-10-10T14:01:03.6757383+02:00" testType="13cdc9d9-ddb5-4fa4-a97d-d965ccfc6d4b" outcome="Passed" testListId="8c84fa94-04c1-424b-9868-57a2d4851a1d" relativeResultsDirectory="6970ce77-4136-49d4-b094-8e246e1df442" />
    <UnitTestResult executionId="93f1b9f1-021b-495a-b704-2ecc5c50112f" testId="6283b639-f757-42ed-a617-029e6b8c0fc7" testName="ToIsEmailThrow_Passing_InvalidValue_Returns_ApplicationExceptionWithMessage ()" computerName="PC-SFERRARI" duration="00:00:00.0000535" startTime="2021-10-10T14:01:01.8149795+02:00" endTime="2021-10-10T14:01:01.8151283+02:00" testType="13cdc9d9-ddb5-4fa4-a97d-d965ccfc6d4b" outcome="Passed" testListId="8c84fa94-04c1-424b-9868-57a2d4851a1d" relativeResultsDirectory="93f1b9f1-021b-495a-b704-2ecc5c50112f" />
    <UnitTestResult executionId="c7bd5e4b-6a15-4cb5-a884-a4d517729448" testId="9ec90390-8165-42c6-b065-a9184cc4ce48" testName="ToThrow_Passing_InvalidValue_Returns_ApplicationExceptionWithMessage" computerName="PC-SFERRARI" duration="00:00:00.0008984" startTime="2021-10-10T14:01:01.8282015+02:00" endTime="2021-10-10T14:01:01.8292676+02:00" testType="13cdc9d9-ddb5-4fa4-a97d-d965ccfc6d4b" outcome="Passed" testListId="8c84fa94-04c1-424b-9868-57a2d4851a1d" relativeResultsDirectory="c7bd5e4b-6a15-4cb5-a884-a4d517729448" />
    <UnitTestResult executionId="de1ef180-d9f6-4f24-a87c-10c1c4cf206a" testId="b5128482-4fc7-4ba6-ba70-1d59118e149c" testName="CreateSHA512_Passing_Invalid_Arguments_Returns_ApplicationException ()" computerName="PC-SFERRARI" duration="00:00:00.0145439" startTime="2021-10-10T14:01:03.7144852+02:00" endTime="2021-10-10T14:01:03.7291916+02:00" testType="13cdc9d9-ddb5-4fa4-a97d-d965ccfc6d4b" outcome="Passed" testListId="8c84fa94-04c1-424b-9868-57a2d4851a1d" relativeResultsDirectory="de1ef180-d9f6-4f24-a87c-10c1c4cf206a" />
    <UnitTestResult executionId="7bbf0ed6-21f4-45b4-8349-d86e436c9642" testId="4600d6e5-0437-4001-a1aa-a4678387585e" testName="ToIsNullOrAny_Passing_InvalidValue_Returns_True" computerName="PC-SFERRARI" duration="00:00:00.0003013" startTime="2021-10-10T14:01:01.7212671+02:00" endTime="2021-10-10T14:01:01.7217086+02:00" testType="13cdc9d9-ddb5-4fa4-a97d-d965ccfc6d4b" outcome="Passed" testListId="8c84fa94-04c1-424b-9868-57a2d4851a1d" relativeResultsDirectory="7bbf0ed6-21f4-45b4-8349-d86e436c9642" />
    <UnitTestResult executionId="c83b5443-6beb-4c6f-b078-fa6afeafafe5" testId="6875427b-621b-4d95-8a1b-979a26432af3" testName="ToUri_Passing_InvalidValueString_Returns_Null (http://##/)" computerName="PC-SFERRARI" duration="00:00:00.0000129" startTime="2021-10-10T14:01:03.4819069+02:00" endTime="2021-10-10T14:01:03.4820317+02:00" testType="13cdc9d9-ddb5-4fa4-a97d-d965ccfc6d4b" outcome="Passed" testListId="8c84fa94-04c1-424b-9868-57a2d4851a1d" relativeResultsDirectory="c83b5443-6beb-4c6f-b078-fa6afeafafe5" />
    <UnitTestResult executionId="2f392816-3c83-4567-94c9-7564b4d09506" testId="0c47224d-ffeb-4587-ac26-e5cd9608387c" testName="ToHasErrors_Passing_InvalidValue_Returns_ApplicationExceptionWithMessage" computerName="PC-SFERRARI" duration="00:00:00.0004926" startTime="2021-10-10T14:01:01.8295306+02:00" endTime="2021-10-10T14:01:01.8302605+02:00" testType="13cdc9d9-ddb5-4fa4-a97d-d965ccfc6d4b" outcome="Passed" testListId="8c84fa94-04c1-424b-9868-57a2d4851a1d" relativeResultsDirectory="2f392816-3c83-4567-94c9-7564b4d09506" />
    <UnitTestResult executionId="6bf8c4e8-6edc-4af6-98c8-22ef49fb7514" testId="05e62122-2db6-4cc0-bbe0-9d57f024c69d" testName="ToUri_Passing_ValidValueString_Returns_Uri (http://✪df.ws/123)" computerName="PC-SFERRARI" duration="00:00:00.0197468" startTime="2021-10-10T14:01:03.4274689+02:00" endTime="2021-10-10T14:01:03.4473608+02:00" testType="13cdc9d9-ddb5-4fa4-a97d-d965ccfc6d4b" outcome="Passed" testListId="8c84fa94-04c1-424b-9868-57a2d4851a1d" relativeResultsDirectory="6bf8c4e8-6edc-4af6-98c8-22ef49fb7514" />
    <UnitTestResult executionId="a5a909be-52e7-4abc-894e-b618f89ea52e" testId="3db67358-d53e-451f-8971-72d6e6201ac1" testName="ToMapMerge_Passing_Destination_Object_Returns_Merged_Destination_Object" computerName="PC-SFERRARI" duration="00:00:00.0125335" startTime="2021-10-10T14:01:00.8398487+02:00" endTime="2021-10-10T14:01:00.8525767+02:00" testType="13cdc9d9-ddb5-4fa4-a97d-d965ccfc6d4b" outcome="Passed" testListId="8c84fa94-04c1-424b-9868-57a2d4851a1d" relativeResultsDirectory="a5a909be-52e7-4abc-894e-b618f89ea52e" />
    <UnitTestResult executionId="6cb37287-d61f-4e72-b9e8-ed1d7d5d27d0" testId="f2369893-ea63-4a88-b651-04d443879bb1" testName="ToTryGetHeader_Passing_HttpRequest_Header_Many_Values_Returns_Values" computerName="PC-SFERRARI" duration="00:00:00.0008743" startTime="2021-10-10T14:01:02.4023189+02:00" endTime="2021-10-10T14:01:02.4033540+02:00" testType="13cdc9d9-ddb5-4fa4-a97d-d965ccfc6d4b" outcome="Passed" testListId="8c84fa94-04c1-424b-9868-57a2d4851a1d" relativeResultsDirectory="6cb37287-d61f-4e72-b9e8-ed1d7d5d27d0" />
    <UnitTestResult executionId="0169052e-b8d6-4534-8a03-d6094a9f14ea" testId="8953247f-08a2-4dbd-9c15-0edd1184a944" testName="ToFirstLetterUpper_Passing_ValidValue_Returns_StringWithFirstLetterUpper (AEIOU,AEIOU)" computerName="PC-SFERRARI" duration="00:00:00.0000077" startTime="2021-10-10T14:01:03.3484989+02:00" endTime="2021-10-10T14:01:03.3485896+02:00" testType="13cdc9d9-ddb5-4fa4-a97d-d965ccfc6d4b" outcome="Passed" testListId="8c84fa94-04c1-424b-9868-57a2d4851a1d" relativeResultsDirectory="0169052e-b8d6-4534-8a03-d6094a9f14ea" />
    <UnitTestResult executionId="2cb6b85b-cb31-4638-8098-8279a9aca161" testId="34e1c2ee-5bca-49bf-b5f9-61cfe892fdd3" testName="ToNormalize_Passing_ValidValue_Returns_NormalizedValue (Münçhen,Munchen)" computerName="PC-SFERRARI" duration="00:00:00.0000507" startTime="2021-10-10T14:01:03.3282819+02:00" endTime="2021-10-10T14:01:03.3284687+02:00" testType="13cdc9d9-ddb5-4fa4-a97d-d965ccfc6d4b" outcome="Passed" testListId="8c84fa94-04c1-424b-9868-57a2d4851a1d" relativeResultsDirectory="2cb6b85b-cb31-4638-8098-8279a9aca161" />
    <UnitTestResult executionId="4969c627-105b-41ac-8c13-fb10a17e10d7" testId="f2872a5f-086f-4c59-8e4b-8f0978ba3be3" testName="ToFirstLetterUpper_Passing_ValidValue_Returns_StringWithFirstLetterUpper (aeiou,Aeiou)" computerName="PC-SFERRARI" duration="00:00:00.0001608" startTime="2021-10-10T14:01:03.3477416+02:00" endTime="2021-10-10T14:01:03.3480280+02:00" testType="13cdc9d9-ddb5-4fa4-a97d-d965ccfc6d4b" outcome="Passed" testListId="8c84fa94-04c1-424b-9868-57a2d4851a1d" relativeResultsDirectory="4969c627-105b-41ac-8c13-fb10a17e10d7" />
    <UnitTestResult executionId="5a67f5e7-97d3-45b7-8eeb-6bc4ba138416" testId="58e5de1e-c8e8-4491-b2e4-d60255259247" testName="ToEnum_Passing_ValidValue_String_Returns_EnumValue" computerName="PC-SFERRARI" duration="00:00:00.0023296" startTime="2021-10-10T14:01:03.3378884+02:00" endTime="2021-10-10T14:01:03.3403551+02:00" testType="13cdc9d9-ddb5-4fa4-a97d-d965ccfc6d4b" outcome="Passed" testListId="8c84fa94-04c1-424b-9868-57a2d4851a1d" relativeResultsDirectory="5a67f5e7-97d3-45b7-8eeb-6bc4ba138416" />
    <UnitTestResult executionId="e83da416-73a8-4ae4-bb92-70b6345cd7ad" testId="c731e9d6-0a11-4761-a25c-e2000dce008a" testName="ToDefaultValue_Passing_ushort_Returns_Cero" computerName="PC-SFERRARI" duration="00:00:00.0003483" startTime="2021-10-10T14:01:02.2150188+02:00" endTime="2021-10-10T14:01:02.2155105+02:00" testType="13cdc9d9-ddb5-4fa4-a97d-d965ccfc6d4b" outcome="Passed" testListId="8c84fa94-04c1-424b-9868-57a2d4851a1d" relativeResultsDirectory="e83da416-73a8-4ae4-bb92-70b6345cd7ad" />
    <UnitTestResult executionId="e66f8219-68ff-418a-964d-bc04ab135035" testId="029a7e8f-5dda-418a-8114-5ee88dd81b10" testName="ToIsSubdomainThrow_Passing_InvalidValue_Returns_ApplicationExceptionWithMessage (34?fsds@sdd.yy)" computerName="PC-SFERRARI" duration="00:00:00.0000834" startTime="2021-10-10T14:01:01.8242579+02:00" endTime="2021-10-10T14:01:01.8244269+02:00" testType="13cdc9d9-ddb5-4fa4-a97d-d965ccfc6d4b" outcome="Passed" testListId="8c84fa94-04c1-424b-9868-57a2d4851a1d" relativeResultsDirectory="e66f8219-68ff-418a-964d-bc04ab135035" />
    <UnitTestResult executionId="3370e7cd-8219-4fdd-b0c5-8dded33fcb90" testId="96b025cd-7b21-4d12-8736-d9c43375805c" testName="ToHeader_Passing_HttpRequest_Header_Many_Values_Returns_Values" computerName="PC-SFERRARI" duration="00:00:00.1020038" startTime="2021-10-10T14:01:02.3000121+02:00" endTime="2021-10-10T14:01:02.4022181+02:00" testType="13cdc9d9-ddb5-4fa4-a97d-d965ccfc6d4b" outcome="Passed" testListId="8c84fa94-04c1-424b-9868-57a2d4851a1d" relativeResultsDirectory="3370e7cd-8219-4fdd-b0c5-8dded33fcb90" />
    <UnitTestResult executionId="9fb7a379-265c-4c71-935c-d441a8f6c88c" testId="c676acba-9fd1-49cb-81e0-c160a09c0d79" testName="ToReplaceSpecialChars_Passing_ValidValue_Returns_ReplacedValueWithoutIgnoreSpecialChars (*¨^_:-?¿;,?¿,?¿)" computerName="PC-SFERRARI" duration="00:00:00.0000574" startTime="2021-10-10T14:01:03.2783997+02:00" endTime="2021-10-10T14:01:03.2786046+02:00" testType="13cdc9d9-ddb5-4fa4-a97d-d965ccfc6d4b" outcome="Passed" testListId="8c84fa94-04c1-424b-9868-57a2d4851a1d" relativeResultsDirectory="9fb7a379-265c-4c71-935c-d441a8f6c88c" />
    <UnitTestResult executionId="30b6357a-529f-4a5c-acbf-a4455c4375ed" testId="bd9cec3f-f5c5-4aa0-b9ea-89d8bb5cbca8" testName="ToPaged_Passing_Name_Descending_Order_Returns_Filter_List" computerName="PC-SFERRARI" duration="00:00:00.0007368" startTime="2021-10-10T14:01:03.0973188+02:00" endTime="2021-10-10T14:01:03.0982348+02:00" testType="13cdc9d9-ddb5-4fa4-a97d-d965ccfc6d4b" outcome="Passed" testListId="8c84fa94-04c1-424b-9868-57a2d4851a1d" relativeResultsDirectory="30b6357a-529f-4a5c-acbf-a4455c4375ed" />
    <UnitTestResult executionId="99d54bdd-a94f-43aa-8415-7cad756bd20f" testId="60f70669-53f3-4ee9-9ee1-955c156180b2" testName="ToNormalize_Passing_ValidValue_Returns_NormalizedValue (Ç,C)" computerName="PC-SFERRARI" duration="00:00:00.0000463" startTime="2021-10-10T14:01:03.3269633+02:00" endTime="2021-10-10T14:01:03.3271362+02:00" testType="13cdc9d9-ddb5-4fa4-a97d-d965ccfc6d4b" outcome="Passed" testListId="8c84fa94-04c1-424b-9868-57a2d4851a1d" relativeResultsDirectory="99d54bdd-a94f-43aa-8415-7cad756bd20f" />
    <UnitTestResult executionId="3b735df9-9ca6-401d-9685-559bba96450a" testId="0ee7426a-bff9-4b29-b4d5-1f84ef737e2f" testName="ToGet_Passing_Claims_Returns_Claim_Value_Int" computerName="PC-SFERRARI" duration="00:00:00.0240303" startTime="2021-10-10T14:01:02.0280025+02:00" endTime="2021-10-10T14:01:02.0521648+02:00" testType="13cdc9d9-ddb5-4fa4-a97d-d965ccfc6d4b" outcome="Passed" testListId="8c84fa94-04c1-424b-9868-57a2d4851a1d" relativeResultsDirectory="3b735df9-9ca6-401d-9685-559bba96450a" />
    <UnitTestResult executionId="bc2d0cb2-cdb8-4d0a-a012-d18876fb93f8" testId="8c6816b6-fedb-4faa-aa29-879cc2ec517b" testName="ToNormalize_Passing_ValidValue_Returns_NormalizedValue (The End,The End)" computerName="PC-SFERRARI" duration="00:00:00.0000352" startTime="2021-10-10T14:01:03.3374983+02:00" endTime="2021-10-10T14:01:03.3376326+02:00" testType="13cdc9d9-ddb5-4fa4-a97d-d965ccfc6d4b" outcome="Passed" testListId="8c84fa94-04c1-424b-9868-57a2d4851a1d" relativeResultsDirectory="bc2d0cb2-cdb8-4d0a-a012-d18876fb93f8" />
    <UnitTestResult executionId="982bdf27-99e1-4a36-bcf6-f06b2578470f" testId="722ff852-7c9d-4b51-9734-d04489a23cdc" testName="ToEmailMaskUserName_Passing_ValidEmail_Returns_EmailWithMask (qaz@gmailgmail.com,q*z@gmailgmail.com)" computerName="PC-SFERRARI" duration="00:00:00.0000194" startTime="2021-10-10T14:01:03.3974666+02:00" endTime="2021-10-10T14:01:03.3975403+02:00" testType="13cdc9d9-ddb5-4fa4-a97d-d965ccfc6d4b" outcome="Passed" testListId="8c84fa94-04c1-424b-9868-57a2d4851a1d" relativeResultsDirectory="982bdf27-99e1-4a36-bcf6-f06b2578470f" />
    <UnitTestResult executionId="5101a535-3aa4-4e1f-9952-30697bb49125" testId="5b3287a9-7c15-4808-826d-bd24c00ab8b3" testName="IsDigit_Passing_ValidArguments_Returns_HasErrorsAndCount" computerName="PC-SFERRARI" duration="00:00:00.0002141" startTime="2021-10-10T14:01:03.6647205+02:00" endTime="2021-10-10T14:01:03.6651196+02:00" testType="13cdc9d9-ddb5-4fa4-a97d-d965ccfc6d4b" outcome="Passed" testListId="8c84fa94-04c1-424b-9868-57a2d4851a1d" relativeResultsDirectory="5101a535-3aa4-4e1f-9952-30697bb49125" />
    <UnitTestResult executionId="2169d565-995d-48b2-a566-e94faaccf9d3" testId="291d48d6-8256-4bb2-9edb-2d03d11e675f" testName="CreateRandom_WithDefaultAllowableCharacters_Passing_ValidArguments_Returns_String_Random_Value (20)" computerName="PC-SFERRARI" duration="00:00:00.0000238" startTime="2021-10-10T14:01:03.6918881+02:00" endTime="2021-10-10T14:01:03.6920202+02:00" testType="13cdc9d9-ddb5-4fa4-a97d-d965ccfc6d4b" outcome="Passed" testListId="8c84fa94-04c1-424b-9868-57a2d4851a1d" relativeResultsDirectory="2169d565-995d-48b2-a566-e94faaccf9d3" />
    <UnitTestResult executionId="2fad796c-8e41-4b56-81d0-0b78e0a0d585" testId="33f4d7f1-8620-426e-adf6-71be2d3acfe3" testName="ToEnvironment_ServiceCollection_Passing_Custom_Enviroment_Returns_Custom_Name" computerName="PC-SFERRARI" duration="00:00:00.0007240" startTime="2021-10-10T14:01:03.1021355+02:00" endTime="2021-10-10T14:01:03.1030470+02:00" testType="13cdc9d9-ddb5-4fa4-a97d-d965ccfc6d4b" outcome="Passed" testListId="8c84fa94-04c1-424b-9868-57a2d4851a1d" relativeResultsDirectory="2fad796c-8e41-4b56-81d0-0b78e0a0d585" />
    <UnitTestResult executionId="21971739-f447-4a59-a617-25c8d50c9f1f" testId="e86dc126-8ed2-4ef6-bd3d-633cb1eeda18" testName="ToUri_Passing_ValidValueString_Returns_Uri (http://foo.com/blah_blah/p=5)" computerName="PC-SFERRARI" duration="00:00:00.0000191" startTime="2021-10-10T14:01:03.4083583+02:00" endTime="2021-10-10T14:01:03.4103337+02:00" testType="13cdc9d9-ddb5-4fa4-a97d-d965ccfc6d4b" outcome="Passed" testListId="8c84fa94-04c1-424b-9868-57a2d4851a1d" relativeResultsDirectory="21971739-f447-4a59-a617-25c8d50c9f1f" />
    <UnitTestResult executionId="7b8569e4-ec10-4886-8ad3-a6dc0cc7c86b" testId="1eebd000-cf9f-49ff-8deb-c59be8b7fefb" testName="ToGetAll_Passing_Claims_Returns_Claim_Value_Int_List" computerName="PC-SFERRARI" duration="00:00:00.0133287" startTime="2021-10-10T14:01:02.1171837+02:00" endTime="2021-10-10T14:01:02.1307421+02:00" testType="13cdc9d9-ddb5-4fa4-a97d-d965ccfc6d4b" outcome="Passed" testListId="8c84fa94-04c1-424b-9868-57a2d4851a1d" relativeResultsDirectory="7b8569e4-ec10-4886-8ad3-a6dc0cc7c86b" />
    <UnitTestResult executionId="819fa704-7c31-4be6-a369-8e0f9dff6b3d" testId="6e88820e-8285-4772-87b4-aff10a955bc1" testName="ToList_Passing_ValidEnumType_Returns_ValuesList" computerName="PC-SFERRARI" duration="00:00:00.0061801" startTime="2021-10-10T14:01:03.6774165+02:00" endTime="2021-10-10T14:01:03.6837010+02:00" testType="13cdc9d9-ddb5-4fa4-a97d-d965ccfc6d4b" outcome="Passed" testListId="8c84fa94-04c1-424b-9868-57a2d4851a1d" relativeResultsDirectory="819fa704-7c31-4be6-a369-8e0f9dff6b3d" />
    <UnitTestResult executionId="cabe2563-fb47-4a75-8d5e-a2cc4deb6dc0" testId="2957830a-1f12-408b-a397-a5ceb804b8b8" testName="ToUri_Passing_ValidValueString_Returns_Uri (//foo.com/blah_blah?p=5)" computerName="PC-SFERRARI" duration="00:00:00.0000079" startTime="2021-10-10T14:01:03.4200788+02:00" endTime="2021-10-10T14:01:03.4202657+02:00" testType="13cdc9d9-ddb5-4fa4-a97d-d965ccfc6d4b" outcome="Passed" testListId="8c84fa94-04c1-424b-9868-57a2d4851a1d" relativeResultsDirectory="cabe2563-fb47-4a75-8d5e-a2cc4deb6dc0" />
    <UnitTestResult executionId="07a3c55f-10b7-4838-ad27-731e76d7ffc0" testId="5bb8b2f0-c5d5-4061-9047-def0d994b5ef" testName="ToDirectoryTemporary_Passing_ValidValue_Returns_DirectoryExists" computerName="PC-SFERRARI" duration="00:00:00.0021646" startTime="2021-10-10T14:01:03.5776969+02:00" endTime="2021-10-10T14:01:03.5800645+02:00" testType="13cdc9d9-ddb5-4fa4-a97d-d965ccfc6d4b" outcome="Passed" testListId="8c84fa94-04c1-424b-9868-57a2d4851a1d" relativeResultsDirectory="07a3c55f-10b7-4838-ad27-731e76d7ffc0" />
    <UnitTestResult executionId="53d67ad5-88ce-4b99-aeb0-635c268dac9a" testId="26fa8e43-b89f-41da-a212-db786543597a" testName="IsRange_Passing_InvalidArguments_Returns_HasErrorsAndCount" computerName="PC-SFERRARI" duration="00:00:00.0012430" startTime="2021-10-10T14:01:03.6385816+02:00" endTime="2021-10-10T14:01:03.6399679+02:00" testType="13cdc9d9-ddb5-4fa4-a97d-d965ccfc6d4b" outcome="Passed" testListId="8c84fa94-04c1-424b-9868-57a2d4851a1d" relativeResultsDirectory="53d67ad5-88ce-4b99-aeb0-635c268dac9a" />
    <UnitTestResult executionId="42d6ceb5-bdcd-4912-873c-a3682d29ab7b" testId="7bcf341e-21a3-4982-b3a1-7cf94bb01cc1" testName="ToUserName_Passing_Valid_UserName_ClaimsPrincipal_Returns_String_UserName_Value" computerName="PC-SFERRARI" duration="00:00:00.0084539" startTime="2021-10-10T14:01:02.0161246+02:00" endTime="2021-10-10T14:01:02.0249799+02:00" testType="13cdc9d9-ddb5-4fa4-a97d-d965ccfc6d4b" outcome="Passed" testListId="8c84fa94-04c1-424b-9868-57a2d4851a1d" relativeResultsDirectory="42d6ceb5-bdcd-4912-873c-a3682d29ab7b" />
    <UnitTestResult executionId="5c4fda4e-10b6-4daf-9cc2-7d0c6c418647" testId="668825af-931d-4e75-85df-cf7222b51049" testName="ToExists_Passing_NotFound_Service_Returns_False" computerName="PC-SFERRARI" duration="00:00:00.0004737" startTime="2021-10-10T14:01:03.1101122+02:00" endTime="2021-10-10T14:01:03.1107971+02:00" testType="13cdc9d9-ddb5-4fa4-a97d-d965ccfc6d4b" outcome="Passed" testListId="8c84fa94-04c1-424b-9868-57a2d4851a1d" relativeResultsDirectory="5c4fda4e-10b6-4daf-9cc2-7d0c6c418647" />
    <UnitTestResult executionId="c7339395-72d6-43d9-ad71-ef146607d16e" testId="8289c0e8-3044-42d0-9e7a-f24dce6a5381" testName="ToStringFormat_Passing_ValidValue_Returns_ValueWithoutRemovedChars (-2147483648)" computerName="PC-SFERRARI" duration="00:00:00.0000080" startTime="2021-10-10T14:01:03.0622227+02:00" endTime="2021-10-10T14:01:03.0623455+02:00" testType="13cdc9d9-ddb5-4fa4-a97d-d965ccfc6d4b" outcome="Passed" testListId="8c84fa94-04c1-424b-9868-57a2d4851a1d" relativeResultsDirectory="c7339395-72d6-43d9-ad71-ef146607d16e" />
    <UnitTestResult executionId="f799854f-9e5d-478a-bdd6-486aeccccabb" testId="89e1918d-7d9d-44be-a4f6-9e5cb9265d5b" testName="ToNormalize_Passing_ValidValue_Returns_NormalizedValue (àáäâã,aaaaa)" computerName="PC-SFERRARI" duration="00:00:00.0000439" startTime="2021-10-10T14:01:03.2841518+02:00" endTime="2021-10-10T14:01:03.2843375+02:00" testType="13cdc9d9-ddb5-4fa4-a97d-d965ccfc6d4b" outcome="Passed" testListId="8c84fa94-04c1-424b-9868-57a2d4851a1d" relativeResultsDirectory="f799854f-9e5d-478a-bdd6-486aeccccabb" />
    <UnitTestResult executionId="656373d3-2265-49c6-9da5-a201baa03d29" testId="a97aa609-6642-4a23-83b1-c8bb2cdec11f" testName="ToDeserialize_Passing_String_Returns_Object" computerName="PC-SFERRARI" duration="00:00:00.0050236" startTime="2021-10-10T14:01:03.0652151+02:00" endTime="2021-10-10T14:01:03.0704507+02:00" testType="13cdc9d9-ddb5-4fa4-a97d-d965ccfc6d4b" outcome="Passed" testListId="8c84fa94-04c1-424b-9868-57a2d4851a1d" relativeResultsDirectory="656373d3-2265-49c6-9da5-a201baa03d29" />
    <UnitTestResult executionId="a929f065-441e-4d61-894b-cd15213b63bf" testId="0f56d4c9-3ab7-4692-8540-759f1bac6398" testName="ToInt_Passing_ValidValueString_Returns_Int (1234567890)" computerName="PC-SFERRARI" duration="00:00:00.0021157" startTime="2021-10-10T14:01:03.5045883+02:00" endTime="2021-10-10T14:01:03.5068663+02:00" testType="13cdc9d9-ddb5-4fa4-a97d-d965ccfc6d4b" outcome="Passed" testListId="8c84fa94-04c1-424b-9868-57a2d4851a1d" relativeResultsDirectory="a929f065-441e-4d61-894b-cd15213b63bf" />
    <UnitTestResult executionId="4b46b360-362e-4523-a9a0-6c726a1a19af" testId="47795083-8740-4c83-a941-2a139f380ce2" testName="ToDefaultValue_Passing_short_Returns_Cero" computerName="PC-SFERRARI" duration="00:00:00.0003698" startTime="2021-10-10T14:01:02.2144076+02:00" endTime="2021-10-10T14:01:02.2149360+02:00" testType="13cdc9d9-ddb5-4fa4-a97d-d965ccfc6d4b" outcome="Passed" testListId="8c84fa94-04c1-424b-9868-57a2d4851a1d" relativeResultsDirectory="4b46b360-362e-4523-a9a0-6c726a1a19af" />
    <UnitTestResult executionId="8a63db80-cf02-42e6-814b-766f13257ce7" testId="afbe45d7-8975-45b6-8f71-776860d74aa7" testName="ToEmailMaskUserNameAndDomain_Passing_ValidEmail_Returns_EmailWithMask (qazwsxedc@gmailgmail.com,q*******c@g********l.com)" computerName="PC-SFERRARI" duration="00:00:00.0000163" startTime="2021-10-10T14:01:03.4015029+02:00" endTime="2021-10-10T14:01:03.4015721+02:00" testType="13cdc9d9-ddb5-4fa4-a97d-d965ccfc6d4b" outcome="Passed" testListId="8c84fa94-04c1-424b-9868-57a2d4851a1d" relativeResultsDirectory="8a63db80-cf02-42e6-814b-766f13257ce7" />
    <UnitTestResult executionId="d54af313-a5d7-4866-a1ab-3519b6bc50ea" testId="b61a9917-25de-48e0-9dc3-99be59c85434" testName="ToInt_Passing_InvalidValueString_Returns_Null (1,3333)" computerName="PC-SFERRARI" duration="00:00:00.0000113" startTime="2021-10-10T14:01:03.5075546+02:00" endTime="2021-10-10T14:01:03.5077004+02:00" testType="13cdc9d9-ddb5-4fa4-a97d-d965ccfc6d4b" outcome="Passed" testListId="8c84fa94-04c1-424b-9868-57a2d4851a1d" relativeResultsDirectory="d54af313-a5d7-4866-a1ab-3519b6bc50ea" />
    <UnitTestResult executionId="f12a5ffb-eafc-4335-add7-340977279f63" testId="a6505108-5a99-4316-be96-c1614579805e" testName="ToUri_Passing_InvalidValueString_Returns_Null (http://)" computerName="PC-SFERRARI" duration="00:00:00.0000204" startTime="2021-10-10T14:01:03.4717332+02:00" endTime="2021-10-10T14:01:03.4719184+02:00" testType="13cdc9d9-ddb5-4fa4-a97d-d965ccfc6d4b" outcome="Passed" testListId="8c84fa94-04c1-424b-9868-57a2d4851a1d" relativeResultsDirectory="f12a5ffb-eafc-4335-add7-340977279f63" />
    <UnitTestResult executionId="799e75c7-b48d-4cca-93cd-e389fa360abf" testId="5959d262-9f2c-488e-b6d4-7680d0edfe72" testName="ToUri_Passing_ValidValueString_Returns_Uri (http://☺.damowmow.com/)" computerName="PC-SFERRARI" duration="00:00:00.0000219" startTime="2021-10-10T14:01:03.4616527+02:00" endTime="2021-10-10T14:01:03.4618201+02:00" testType="13cdc9d9-ddb5-4fa4-a97d-d965ccfc6d4b" outcome="Passed" testListId="8c84fa94-04c1-424b-9868-57a2d4851a1d" relativeResultsDirectory="799e75c7-b48d-4cca-93cd-e389fa360abf" />
    <UnitTestResult executionId="081cf586-6a4d-4749-9c7d-0909cf22e871" testId="3e3f2fd7-d0aa-4b45-979a-5a2a7128ad09" testName="ToExists_Passing_Valid_Service_Returns_True" computerName="PC-SFERRARI" duration="00:00:00.0014174" startTime="2021-10-10T14:01:01.2516378+02:00" endTime="2021-10-10T14:01:01.2531680+02:00" testType="13cdc9d9-ddb5-4fa4-a97d-d965ccfc6d4b" outcome="Passed" testListId="8c84fa94-04c1-424b-9868-57a2d4851a1d" relativeResultsDirectory="081cf586-6a4d-4749-9c7d-0909cf22e871" />
    <UnitTestResult executionId="3f7f8970-7b4c-458c-a2dc-85046dc88009" testId="744d9f06-be76-49c8-8f90-97d49093ece4" testName="ToIsWeekend_Passing_Sunday_DateTime_Returns_True" computerName="PC-SFERRARI" duration="00:00:00.0001558" startTime="2021-10-10T14:01:02.1542483+02:00" endTime="2021-10-10T14:01:02.1545132+02:00" testType="13cdc9d9-ddb5-4fa4-a97d-d965ccfc6d4b" outcome="Passed" testListId="8c84fa94-04c1-424b-9868-57a2d4851a1d" relativeResultsDirectory="3f7f8970-7b4c-458c-a2dc-85046dc88009" />
    <UnitTestResult executionId="cb2806bc-b1d5-44d4-a0bb-8b3033ef6628" testId="90ea4ec4-0d36-4c2a-a340-ccf4b2a20898" testName="ToRemove_Passing_ValidValue_Returns_ValueWithoutRemovedChars (aeiou,aeio,u)" computerName="PC-SFERRARI" duration="00:00:00.0019842" startTime="2021-10-10T14:01:03.2325495+02:00" endTime="2021-10-10T14:01:03.2347051+02:00" testType="13cdc9d9-ddb5-4fa4-a97d-d965ccfc6d4b" outcome="Passed" testListId="8c84fa94-04c1-424b-9868-57a2d4851a1d" relativeResultsDirectory="cb2806bc-b1d5-44d4-a0bb-8b3033ef6628" />
    <UnitTestResult executionId="6e24907d-84a8-432f-90d6-6748d6d63839" testId="bddaa4ea-e193-4bfb-879f-278e03a32c0b" testName="ToUri_Passing_ValidValueString_Returns_Uri (http://उदाहरण.परीक्ष)" computerName="PC-SFERRARI" duration="00:00:00.0000355" startTime="2021-10-10T14:01:03.4686054+02:00" endTime="2021-10-10T14:01:03.4689530+02:00" testType="13cdc9d9-ddb5-4fa4-a97d-d965ccfc6d4b" outcome="Passed" testListId="8c84fa94-04c1-424b-9868-57a2d4851a1d" relativeResultsDirectory="6e24907d-84a8-432f-90d6-6748d6d63839" />
    <UnitTestResult executionId="9022d1b4-5072-41ac-b1f4-6d1e4bef6a44" testId="aa3ad93e-a0fe-4ae1-953d-48c982c4a1fc" testName="CreateSHA512_Passing_Invalid_Arguments_Returns_ApplicationException ( )" computerName="PC-SFERRARI" duration="00:00:00.0000844" startTime="2021-10-10T14:01:03.7296359+02:00" endTime="2021-10-10T14:01:03.7297987+02:00" testType="13cdc9d9-ddb5-4fa4-a97d-d965ccfc6d4b" outcome="Passed" testListId="8c84fa94-04c1-424b-9868-57a2d4851a1d" relativeResultsDirectory="9022d1b4-5072-41ac-b1f4-6d1e4bef6a44" />
    <UnitTestResult executionId="9fe8f5d0-d6ad-412f-9032-8dff809b1aea" testId="2fcbeae0-3bc5-4046-adc0-162128d910ac" testName="ToRemove_Passing_ValidValue_Returns_ValueWithoutRemovedChars ( * , ,*)" computerName="PC-SFERRARI" duration="00:00:00.0000617" startTime="2021-10-10T14:01:03.2243796+02:00" endTime="2021-10-10T14:01:03.2245543+02:00" testType="13cdc9d9-ddb5-4fa4-a97d-d965ccfc6d4b" outcome="Passed" testListId="8c84fa94-04c1-424b-9868-57a2d4851a1d" relativeResultsDirectory="9fe8f5d0-d6ad-412f-9032-8dff809b1aea" />
    <UnitTestResult executionId="e5a2b5df-04f8-4583-8c37-924b7f7f508a" testId="e12ac955-38c1-4cc3-a735-c067622f092b" testName="CreateSHA256_Passing_Invalid_Arguments_Returns_ApplicationException ()" computerName="PC-SFERRARI" duration="00:00:00.0069385" startTime="2021-10-10T14:01:03.6931445+02:00" endTime="2021-10-10T14:01:03.7002138+02:00" testType="13cdc9d9-ddb5-4fa4-a97d-d965ccfc6d4b" outcome="Passed" testListId="8c84fa94-04c1-424b-9868-57a2d4851a1d" relativeResultsDirectory="e5a2b5df-04f8-4583-8c37-924b7f7f508a" />
    <UnitTestResult executionId="739e98ae-81ba-48c4-b1ac-601818fd236e" testId="e12e386b-ee48-4fb7-915a-ef09ff576f50" testName="ToNormalize_Passing_ValidValue_Returns_NormalizedValue (*¨^_:-?¿;,)" computerName="PC-SFERRARI" duration="00:00:00.0000925" startTime="2021-10-10T14:01:03.2834581+02:00" endTime="2021-10-10T14:01:03.2837491+02:00" testType="13cdc9d9-ddb5-4fa4-a97d-d965ccfc6d4b" outcome="Passed" testListId="8c84fa94-04c1-424b-9868-57a2d4851a1d" relativeResultsDirectory="739e98ae-81ba-48c4-b1ac-601818fd236e" />
    <UnitTestResult executionId="bd3fb99c-7bf7-4614-8ca6-3b7a65fd275b" testId="ad2e851c-2e15-4423-b928-564689f0d75e" testName="ToFirstLetterLower_Passing_ValidValue_Returns_StringWithFirstLetterLower (aeioU,aeioU)" computerName="PC-SFERRARI" duration="00:00:00.0000053" startTime="2021-10-10T14:01:03.3956447+02:00" endTime="2021-10-10T14:01:03.3957101+02:00" testType="13cdc9d9-ddb5-4fa4-a97d-d965ccfc6d4b" outcome="Passed" testListId="8c84fa94-04c1-424b-9868-57a2d4851a1d" relativeResultsDirectory="bd3fb99c-7bf7-4614-8ca6-3b7a65fd275b" />
    <UnitTestResult executionId="14aeb41f-99e1-4999-a706-310192279872" testId="47abdc57-981c-4c3a-8d42-e771545b6276" testName="ToUri_Passing_ValidValueString_Returns_Uri (http://foo.com/blah_blah_(wikipedia))" computerName="PC-SFERRARI" duration="00:00:00.0000106" startTime="2021-10-10T14:01:03.4206446+02:00" endTime="2021-10-10T14:01:03.4208445+02:00" testType="13cdc9d9-ddb5-4fa4-a97d-d965ccfc6d4b" outcome="Passed" testListId="8c84fa94-04c1-424b-9868-57a2d4851a1d" relativeResultsDirectory="14aeb41f-99e1-4999-a706-310192279872" />
    <UnitTestResult executionId="a7c14aae-fdd0-40fc-8ca9-7494d1cf8506" testId="107952d4-8fb8-40ec-be61-09e0701b7a4d" testName="ToIsEmailThrow_Passing_InvalidValue_Returns_ApplicationExceptionWithMessage (34fsds@@sdd.f)" computerName="PC-SFERRARI" duration="00:00:00.0000914" startTime="2021-10-10T14:01:01.8146416+02:00" endTime="2021-10-10T14:01:01.8149045+02:00" testType="13cdc9d9-ddb5-4fa4-a97d-d965ccfc6d4b" outcome="Passed" testListId="8c84fa94-04c1-424b-9868-57a2d4851a1d" relativeResultsDirectory="a7c14aae-fdd0-40fc-8ca9-7494d1cf8506" />
    <UnitTestResult executionId="51c4869c-2e00-46e0-8ddb-43ccde7d5a4f" testId="2206d5d5-8a7a-4c53-8f65-c42e8740e25a" testName="ToIPv6_Passing_HttpContext_IP_Value_Returns_IP" computerName="PC-SFERRARI" duration="00:00:00.0010262" startTime="2021-10-10T14:01:02.2720157+02:00" endTime="2021-10-10T14:01:02.2731989+02:00" testType="13cdc9d9-ddb5-4fa4-a97d-d965ccfc6d4b" outcome="Passed" testListId="8c84fa94-04c1-424b-9868-57a2d4851a1d" relativeResultsDirectory="51c4869c-2e00-46e0-8ddb-43ccde7d5a4f" />
    <UnitTestResult executionId="372406b6-324b-4733-88fe-41d86fa2fb1d" testId="a9853b4f-df77-4cba-aa01-952da902c52a" testName="ToRemove_Passing_ValidValue_Returns_ValueWithoutRemovedChars (aeiou,ae,iou)" computerName="PC-SFERRARI" duration="00:00:00.0000775" startTime="2021-10-10T14:01:03.2318778+02:00" endTime="2021-10-10T14:01:03.2321135+02:00" testType="13cdc9d9-ddb5-4fa4-a97d-d965ccfc6d4b" outcome="Passed" testListId="8c84fa94-04c1-424b-9868-57a2d4851a1d" relativeResultsDirectory="372406b6-324b-4733-88fe-41d86fa2fb1d" />
    <UnitTestResult executionId="01876f27-5939-43eb-bf21-7a125c2fe0bd" testId="80259058-875a-4893-bd85-e8fab3bf48f6" testName="CreateAndVerifySHA256_Passing_Valid_Arguments_Returns_True (Password)" computerName="PC-SFERRARI" duration="00:00:00.0052648" startTime="2021-10-10T14:01:03.7080138+02:00" endTime="2021-10-10T14:01:03.7134453+02:00" testType="13cdc9d9-ddb5-4fa4-a97d-d965ccfc6d4b" outcome="Passed" testListId="8c84fa94-04c1-424b-9868-57a2d4851a1d" relativeResultsDirectory="01876f27-5939-43eb-bf21-7a125c2fe0bd" />
    <UnitTestResult executionId="3053ff0a-b99d-43a6-94fa-f4e5bf7c12c7" testId="3332e67d-9a2c-43f6-941f-c449872eb5f9" testName="IsSubdomain_Passing_InvalidArguments_Returns_HasErrorsAndCount" computerName="PC-SFERRARI" duration="00:00:00.0001215" startTime="2021-10-10T14:01:03.6542146+02:00" endTime="2021-10-10T14:01:03.6543980+02:00" testType="13cdc9d9-ddb5-4fa4-a97d-d965ccfc6d4b" outcome="Passed" testListId="8c84fa94-04c1-424b-9868-57a2d4851a1d" relativeResultsDirectory="3053ff0a-b99d-43a6-94fa-f4e5bf7c12c7" />
    <UnitTestResult executionId="948280ba-da56-4d60-9646-beb602703173" testId="68a64813-206f-41fe-90fe-76616e8f637a" testName="ToInt_Passing_InvalidValueString_Returns_Null (999999439293294392492349329493294)" computerName="PC-SFERRARI" duration="00:00:00.0000207" startTime="2021-10-10T14:01:03.5150970+02:00" endTime="2021-10-10T14:01:03.5153748+02:00" testType="13cdc9d9-ddb5-4fa4-a97d-d965ccfc6d4b" outcome="Passed" testListId="8c84fa94-04c1-424b-9868-57a2d4851a1d" relativeResultsDirectory="948280ba-da56-4d60-9646-beb602703173" />
    <UnitTestResult executionId="bb38989f-a1e9-4f33-bcac-6c8e4ed1c23e" testId="d7176485-0b1d-44f9-9deb-87b8ba184b89" testName="CreateRandom_WithCustomAllowableCharacters_Passing_Valid_Arguments_Returns_String_Random_Value (5,aeiou123456)" computerName="PC-SFERRARI" duration="00:00:00.0000201" startTime="2021-10-10T14:01:03.6925316+02:00" endTime="2021-10-10T14:01:03.6926631+02:00" testType="13cdc9d9-ddb5-4fa4-a97d-d965ccfc6d4b" outcome="Passed" testListId="8c84fa94-04c1-424b-9868-57a2d4851a1d" relativeResultsDirectory="bb38989f-a1e9-4f33-bcac-6c8e4ed1c23e" />
    <UnitTestResult executionId="2f9b15fe-d698-4bef-a178-4cb581320b46" testId="4ed50359-823e-4865-8036-3f7f0fb76b4b" testName="ToDirectoryReadFileAsync_Passing_ValidValue_Returns_False" computerName="PC-SFERRARI" duration="00:00:00.0116568" startTime="2021-10-10T14:01:03.5657199+02:00" endTime="2021-10-10T14:01:03.5775854+02:00" testType="13cdc9d9-ddb5-4fa4-a97d-d965ccfc6d4b" outcome="Passed" testListId="8c84fa94-04c1-424b-9868-57a2d4851a1d" relativeResultsDirectory="2f9b15fe-d698-4bef-a178-4cb581320b46" />
    <UnitTestResult executionId="5b373955-763e-4885-8d35-989e50d48ed1" testId="d21b6b7a-59ca-4b4b-afa5-82eabace8143" testName="ToEmailMaskUserName_Passing_ValidEmail_Returns_EmailWithMask (qazwsx@gmailgmail.com,q****x@gmailgmail.com)" computerName="PC-SFERRARI" duration="00:00:00.0000343" startTime="2021-10-10T14:01:03.4001505+02:00" endTime="2021-10-10T14:01:03.4002981+02:00" testType="13cdc9d9-ddb5-4fa4-a97d-d965ccfc6d4b" outcome="Passed" testListId="8c84fa94-04c1-424b-9868-57a2d4851a1d" relativeResultsDirectory="5b373955-763e-4885-8d35-989e50d48ed1" />
    <UnitTestResult executionId="5ea902f9-03b0-4ddf-8ff8-f46a00c03dec" testId="dc9a9ddc-2cbf-495f-8d9e-944e88ff55dd" testName="GetValues_Passing_Valid_Key_Returns_Values" computerName="PC-SFERRARI" duration="00:00:00.0010292" startTime="2021-10-10T14:01:02.1666071+02:00" endTime="2021-10-10T14:01:02.1678023+02:00" testType="13cdc9d9-ddb5-4fa4-a97d-d965ccfc6d4b" outcome="Passed" testListId="8c84fa94-04c1-424b-9868-57a2d4851a1d" relativeResultsDirectory="5ea902f9-03b0-4ddf-8ff8-f46a00c03dec" />
    <UnitTestResult executionId="9e79cbe3-2243-49c3-b74a-c7303575e3c1" testId="a8dd6076-4541-4fc1-9593-4e93bef0b708" testName="ToDefaultValue_Passing_byte_Returns_Cero" computerName="PC-SFERRARI" duration="00:00:00.0003388" startTime="2021-10-10T14:01:02.2138023+02:00" endTime="2021-10-10T14:01:02.2143230+02:00" testType="13cdc9d9-ddb5-4fa4-a97d-d965ccfc6d4b" outcome="Passed" testListId="8c84fa94-04c1-424b-9868-57a2d4851a1d" relativeResultsDirectory="9e79cbe3-2243-49c3-b74a-c7303575e3c1" />
    <UnitTestResult executionId="63485bd0-803b-4e9d-aa6f-d5451f224e79" testId="d6d93fdb-19f0-487e-ad69-c77429742062" testName="ToEnvironment_Passing_Staging_Enviroment_Returns_Staging_Name" computerName="PC-SFERRARI" duration="00:00:00.0008194" startTime="2021-10-10T14:01:01.2399207+02:00" endTime="2021-10-10T14:01:01.2409144+02:00" testType="13cdc9d9-ddb5-4fa4-a97d-d965ccfc6d4b" outcome="Passed" testListId="8c84fa94-04c1-424b-9868-57a2d4851a1d" relativeResultsDirectory="63485bd0-803b-4e9d-aa6f-d5451f224e79" />
    <UnitTestResult executionId="56297f13-13d6-42b4-8fcd-c63bcbe28fea" testId="7d50dfb2-514b-4c2a-80c4-40f9d369ccc6" testName="ToPath_Passing_HttpRequest_Scheme_Host_Path_Returns_Url" computerName="PC-SFERRARI" duration="00:00:00.0026723" startTime="2021-10-10T14:01:02.4034267+02:00" endTime="2021-10-10T14:01:02.4062355+02:00" testType="13cdc9d9-ddb5-4fa4-a97d-d965ccfc6d4b" outcome="Passed" testListId="8c84fa94-04c1-424b-9868-57a2d4851a1d" relativeResultsDirectory="56297f13-13d6-42b4-8fcd-c63bcbe28fea" />
    <UnitTestResult executionId="3afd612b-35fe-4aed-950f-3653a9917c81" testId="d856f31d-4524-4f7b-92ef-72f1587dc483" testName="ToFirstLetterUpper_Passing_ValidValue_Returns_StringWithFirstLetterUpper (aEIOU,AEIOU)" computerName="PC-SFERRARI" duration="00:00:00.0000092" startTime="2021-10-10T14:01:03.3481408+02:00" endTime="2021-10-10T14:01:03.3482531+02:00" testType="13cdc9d9-ddb5-4fa4-a97d-d965ccfc6d4b" outcome="Passed" testListId="8c84fa94-04c1-424b-9868-57a2d4851a1d" relativeResultsDirectory="3afd612b-35fe-4aed-950f-3653a9917c81" />
    <UnitTestResult executionId="efe745e6-c8dd-42e8-8f8d-1f4104bb31ad" testId="fd865e79-669b-4778-a1bb-d271400b5499" testName="ToTomorrow_Passing_DateTime_Returns_Tomorrow_DateTime" computerName="PC-SFERRARI" duration="00:00:00.0002966" startTime="2021-10-10T14:01:02.1611832+02:00" endTime="2021-10-10T14:01:02.1616177+02:00" testType="13cdc9d9-ddb5-4fa4-a97d-d965ccfc6d4b" outcome="Passed" testListId="8c84fa94-04c1-424b-9868-57a2d4851a1d" relativeResultsDirectory="efe745e6-c8dd-42e8-8f8d-1f4104bb31ad" />
    <UnitTestResult executionId="d5dc85cd-e391-4655-ad5e-4c9a2bbb1a41" testId="758a74f9-0ef4-4c1f-bdd5-2ca90d23f416" testName="ToConfiguration_Passing_Key_Values_Returns_Ok" computerName="PC-SFERRARI" duration="00:00:00.0021397" startTime="2021-10-10T14:01:03.1957289+02:00" endTime="2021-10-10T14:01:03.1980270+02:00" testType="13cdc9d9-ddb5-4fa4-a97d-d965ccfc6d4b" outcome="Passed" testListId="8c84fa94-04c1-424b-9868-57a2d4851a1d" relativeResultsDirectory="d5dc85cd-e391-4655-ad5e-4c9a2bbb1a41" />
    <UnitTestResult executionId="0fd47266-c8fe-4d2d-9775-e7eec1a58e3e" testId="fd46671e-2657-4e01-a474-297880346ef4" testName="ResultBadRequest_WithErrors_KeyValue" computerName="PC-SFERRARI" duration="00:00:00.0079781" startTime="2021-10-10T14:01:03.8063608+02:00" endTime="2021-10-10T14:01:03.8145688+02:00" testType="13cdc9d9-ddb5-4fa4-a97d-d965ccfc6d4b" outcome="Passed" testListId="8c84fa94-04c1-424b-9868-57a2d4851a1d" relativeResultsDirectory="0fd47266-c8fe-4d2d-9775-e7eec1a58e3e" />
    <UnitTestResult executionId="8241323c-4fb2-4743-9fe9-08fb0fab6ea1" testId="20809a07-eb1b-45e0-b8ff-956f15ec8e0f" testName="ToConfiguration_Passing_Valid_DirectoryPath_Valid_JsonFileName_Returns_Ok" computerName="PC-SFERRARI" duration="00:00:00.0156002" startTime="2021-10-10T14:01:03.1797784+02:00" endTime="2021-10-10T14:01:03.1956045+02:00" testType="13cdc9d9-ddb5-4fa4-a97d-d965ccfc6d4b" outcome="Passed" testListId="8c84fa94-04c1-424b-9868-57a2d4851a1d" relativeResultsDirectory="8241323c-4fb2-4743-9fe9-08fb0fab6ea1" />
    <UnitTestResult executionId="beb961cc-4c2c-4497-89e6-3fc5afad1e15" testId="d7e1e2a1-e491-4275-93e3-c8c4a37b0696" testName="ToIsAuthenticated_Passing_Claims_Returns_True" computerName="PC-SFERRARI" duration="00:00:00.0515676" startTime="2021-10-10T14:01:01.9131823+02:00" endTime="2021-10-10T14:01:01.9649225+02:00" testType="13cdc9d9-ddb5-4fa4-a97d-d965ccfc6d4b" outcome="Passed" testListId="8c84fa94-04c1-424b-9868-57a2d4851a1d" relativeResultsDirectory="beb961cc-4c2c-4497-89e6-3fc5afad1e15" />
    <UnitTestResult executionId="8081d45a-7dd0-4961-950b-077301c519f0" testId="1b3c60e8-759e-4554-8f5e-d32b1af1e1f7" testName="CreateRandom_WithDefaultAllowableCharacters_Passing_ValidArguments_Returns_String_Random_Value (5)" computerName="PC-SFERRARI" duration="00:00:00.0028093" startTime="2021-10-10T14:01:03.6883944+02:00" endTime="2021-10-10T14:01:03.6914182+02:00" testType="13cdc9d9-ddb5-4fa4-a97d-d965ccfc6d4b" outcome="Passed" testListId="8c84fa94-04c1-424b-9868-57a2d4851a1d" relativeResultsDirectory="8081d45a-7dd0-4961-950b-077301c519f0" />
    <UnitTestResult executionId="2dcc321c-08ac-4d73-8257-c55ee37534e7" testId="f261e297-42e7-4b83-86ba-55e62da2b54f" testName="ResultOkData_WithData_WithMessage_WithDetails" computerName="PC-SFERRARI" duration="00:00:00.0162302" startTime="2021-10-10T14:01:03.7841238+02:00" endTime="2021-10-10T14:01:03.8005286+02:00" testType="13cdc9d9-ddb5-4fa4-a97d-d965ccfc6d4b" outcome="Passed" testListId="8c84fa94-04c1-424b-9868-57a2d4851a1d" relativeResultsDirectory="2dcc321c-08ac-4d73-8257-c55ee37534e7" />
    <UnitTestResult executionId="d2d05b3e-a4be-402b-89b6-cc51556b611d" testId="7a0cd171-6dfb-4b1c-aa55-d66c7e940dfa" testName="IsCustom_Passing_InvalidArguments_Returns_HasErrorsAndCount" computerName="PC-SFERRARI" duration="00:00:00.0093838" startTime="2021-10-10T14:01:03.6405366+02:00" endTime="2021-10-10T14:01:03.6500664+02:00" testType="13cdc9d9-ddb5-4fa4-a97d-d965ccfc6d4b" outcome="Passed" testListId="8c84fa94-04c1-424b-9868-57a2d4851a1d" relativeResultsDirectory="d2d05b3e-a4be-402b-89b6-cc51556b611d" />
    <UnitTestResult executionId="1bb6acee-2ae0-46a2-8cb7-ae891eed2191" testId="b9e52f8c-7fc4-4d28-92d5-5bb1b1784fb3" testName="ToUri_Passing_InvalidValueString_Returns_DefaultValue (http://#)" computerName="PC-SFERRARI" duration="00:00:00.0000134" startTime="2021-10-10T14:01:03.4939964+02:00" endTime="2021-10-10T14:01:03.4941289+02:00" testType="13cdc9d9-ddb5-4fa4-a97d-d965ccfc6d4b" outcome="Passed" testListId="8c84fa94-04c1-424b-9868-57a2d4851a1d" relativeResultsDirectory="1bb6acee-2ae0-46a2-8cb7-ae891eed2191" />
    <UnitTestResult executionId="f48705a4-fd94-4132-bd37-238b5ea2781a" testId="ed649861-e5f2-4b51-94c4-902de24f5838" testName="ToRemove_Passing_ValidValue_Returns_ValueWithoutRemovedChars ( hello hello , ,hellohello)" computerName="PC-SFERRARI" duration="00:00:00.0001779" startTime="2021-10-10T14:01:03.2289997+02:00" endTime="2021-10-10T14:01:03.2313188+02:00" testType="13cdc9d9-ddb5-4fa4-a97d-d965ccfc6d4b" outcome="Passed" testListId="8c84fa94-04c1-424b-9868-57a2d4851a1d" relativeResultsDirectory="f48705a4-fd94-4132-bd37-238b5ea2781a" />
    <UnitTestResult executionId="fb313555-5a54-4421-aea4-bdf6a6cc4199" testId="7355178e-7cb0-4eb8-af20-30164f02847a" testName="ToInt_Passing_InvalidValueString_Returns_DefaultValue (1.3333)" computerName="PC-SFERRARI" duration="00:00:00.0003588" startTime="2021-10-10T14:01:03.5157765+02:00" endTime="2021-10-10T14:01:03.5162474+02:00" testType="13cdc9d9-ddb5-4fa4-a97d-d965ccfc6d4b" outcome="Passed" testListId="8c84fa94-04c1-424b-9868-57a2d4851a1d" relativeResultsDirectory="fb313555-5a54-4421-aea4-bdf6a6cc4199" />
    <UnitTestResult executionId="8b0dcf3f-18d3-4641-8c89-92aeeae09c78" testId="d8ab7b46-22bb-4381-9389-2228edfba690" testName="IsDirectory_Passing_InvalidArguments_Returns_HasErrorsAndCount" computerName="PC-SFERRARI" duration="00:00:00.0001861" startTime="2021-10-10T14:01:03.6534387+02:00" endTime="2021-10-10T14:01:03.6536868+02:00" testType="13cdc9d9-ddb5-4fa4-a97d-d965ccfc6d4b" outcome="Passed" testListId="8c84fa94-04c1-424b-9868-57a2d4851a1d" relativeResultsDirectory="8b0dcf3f-18d3-4641-8c89-92aeeae09c78" />
    <UnitTestResult executionId="09e0c2c9-e07e-4814-a1c5-02ad241cdec4" testId="c60c2f7a-0a61-4c81-ae3f-f16b87bdd2c2" testName="ToEnum_Passing_InvalidValueInt_Returns_EnumCustomValue" computerName="PC-SFERRARI" duration="00:00:00.0001508" startTime="2021-10-10T14:01:03.3473759+02:00" endTime="2021-10-10T14:01:03.3476413+02:00" testType="13cdc9d9-ddb5-4fa4-a97d-d965ccfc6d4b" outcome="Passed" testListId="8c84fa94-04c1-424b-9868-57a2d4851a1d" relativeResultsDirectory="09e0c2c9-e07e-4814-a1c5-02ad241cdec4" />
    <UnitTestResult executionId="fd08adae-19f4-4bed-9cca-6285bef0db6d" testId="8f294073-2806-4d41-87c5-09fd59121158" testName="ToUri_Passing_ValidValueString_Returns_Uri (http://foo.com/blah_blah_(wikipedia)_(again))" computerName="PC-SFERRARI" duration="00:00:00.0000167" startTime="2021-10-10T14:01:03.4266613+02:00" endTime="2021-10-10T14:01:03.4269067+02:00" testType="13cdc9d9-ddb5-4fa4-a97d-d965ccfc6d4b" outcome="Passed" testListId="8c84fa94-04c1-424b-9868-57a2d4851a1d" relativeResultsDirectory="fd08adae-19f4-4bed-9cca-6285bef0db6d" />
    <UnitTestResult executionId="4ea177b4-742d-4f6a-a459-dc108880299f" testId="7ff7919e-7ff5-4b60-a433-0d1d4b9ea050" testName="ToEmailMask_Passing_ValidEmail_Returns_EmailWithMask (qazwsxedc@gmail.com,q-------c@g----.com)" computerName="PC-SFERRARI" duration="00:00:00.0000145" startTime="2021-10-10T14:01:03.4052413+02:00" endTime="2021-10-10T14:01:03.4053112+02:00" testType="13cdc9d9-ddb5-4fa4-a97d-d965ccfc6d4b" outcome="Passed" testListId="8c84fa94-04c1-424b-9868-57a2d4851a1d" relativeResultsDirectory="4ea177b4-742d-4f6a-a459-dc108880299f" />
    <UnitTestResult executionId="2f91affb-2612-4b50-b7bd-5ae98e347169" testId="293430f1-cd30-4704-bd16-346c12288856" testName="ToSettings_Passing_Values_From_Memory_Returns_Settings" computerName="PC-SFERRARI" duration="00:00:00.0010650" startTime="2021-10-10T14:01:03.2210360+02:00" endTime="2021-10-10T14:01:03.2222580+02:00" testType="13cdc9d9-ddb5-4fa4-a97d-d965ccfc6d4b" outcome="Passed" testListId="8c84fa94-04c1-424b-9868-57a2d4851a1d" relativeResultsDirectory="2f91affb-2612-4b50-b7bd-5ae98e347169" />
    <UnitTestResult executionId="be1c023c-0bea-4af2-a491-b79f21065fea" testId="bfee7d08-5a6e-4aa1-bdaa-a87c66fa4d38" testName="CreateAndVerifySHA256_Passing_Valid_Arguments_Returns_True (sdlfkjldsfksdfñl·%$·&amp;$/U&amp;/)(&amp;()?=)¿?^P*^PÑL,.,.lñ´ñ+98098'098098)" computerName="PC-SFERRARI" duration="00:00:00.0000704" startTime="2021-10-10T14:01:03.7141273+02:00" endTime="2021-10-10T14:01:03.7143055+02:00" testType="13cdc9d9-ddb5-4fa4-a97d-d965ccfc6d4b" outcome="Passed" testListId="8c84fa94-04c1-424b-9868-57a2d4851a1d" relativeResultsDirectory="be1c023c-0bea-4af2-a491-b79f21065fea" />
    <UnitTestResult executionId="9e048ed2-b02b-4c38-8947-c7849934cf46" testId="cc333d57-93ca-4277-88c0-c69827f84d2f" testName="ToUri_Passing_ValidValueString_Returns_Uri (http://userid@example.com)" computerName="PC-SFERRARI" duration="00:00:00.0000081" startTime="2021-10-10T14:01:03.4480468+02:00" endTime="2021-10-10T14:01:03.4481741+02:00" testType="13cdc9d9-ddb5-4fa4-a97d-d965ccfc6d4b" outcome="Passed" testListId="8c84fa94-04c1-424b-9868-57a2d4851a1d" relativeResultsDirectory="9e048ed2-b02b-4c38-8947-c7849934cf46" />
    <UnitTestResult executionId="703437df-6310-4a48-a4a6-be739009c0e5" testId="d95fe559-da04-451c-816e-c7362097875d" testName="ToUri_Passing_InvalidValueString_Returns_DefaultValue (http://?)" computerName="PC-SFERRARI" duration="00:00:00.0000139" startTime="2021-10-10T14:01:03.4933391+02:00" endTime="2021-10-10T14:01:03.4934685+02:00" testType="13cdc9d9-ddb5-4fa4-a97d-d965ccfc6d4b" outcome="Passed" testListId="8c84fa94-04c1-424b-9868-57a2d4851a1d" relativeResultsDirectory="703437df-6310-4a48-a4a6-be739009c0e5" />
  </Results>
  <TestDefinitions>
    <UnitTest name="ToInt_Passing_ValidValueString_Returns_Int (1234567890)" storage="d:\sferrari\01 - trabajo\repos\netcore\libs\template-netcore-shared\kitpymes.core.shared.tests\bin\release\net5.0\kitpymes.core.shared.tests.dll" id="0f56d4c9-3ab7-4692-8540-759f1bac6398">
      <Execution id="a929f065-441e-4d61-894b-cd15213b63bf" />
      <TestMethod codeBase="D:\SFERRARI\01 - TRABAJO\repos\netcore\libs\template-netcore-shared\Kitpymes.Core.Shared.Tests\bin\Release\net5.0\Kitpymes.Core.Shared.Tests.dll" adapterTypeName="executor://mstestadapter/v2" className="Kitpymes.Core.Shared.Tests.StringExtensionsTests" name="ToInt_Passing_ValidValueString_Returns_Int" />
    </UnitTest>
    <UnitTest name="ToEnum_Passing_InvalidValueString_Returns_EnumDefaultValue" storage="d:\sferrari\01 - trabajo\repos\netcore\libs\template-netcore-shared\kitpymes.core.shared.tests\bin\release\net5.0\kitpymes.core.shared.tests.dll" id="df275990-7b5b-418e-a158-6378fee11eef">
      <Execution id="3c5665eb-9774-4776-970f-da7959f41a58" />
      <TestMethod codeBase="D:\SFERRARI\01 - TRABAJO\repos\netcore\libs\template-netcore-shared\Kitpymes.Core.Shared.Tests\bin\Release\net5.0\Kitpymes.Core.Shared.Tests.dll" adapterTypeName="executor://mstestadapter/v2" className="Kitpymes.Core.Shared.Tests.StringExtensionsTests" name="ToEnum_Passing_InvalidValueString_Returns_EnumDefaultValue" />
    </UnitTest>
    <UnitTest name="ToInt_Passing_InvalidValueString_Returns_Null (1,3333)" storage="d:\sferrari\01 - trabajo\repos\netcore\libs\template-netcore-shared\kitpymes.core.shared.tests\bin\release\net5.0\kitpymes.core.shared.tests.dll" id="b61a9917-25de-48e0-9dc3-99be59c85434">
      <Execution id="d54af313-a5d7-4866-a1ab-3519b6bc50ea" />
      <TestMethod codeBase="D:\SFERRARI\01 - TRABAJO\repos\netcore\libs\template-netcore-shared\Kitpymes.Core.Shared.Tests\bin\Release\net5.0\Kitpymes.Core.Shared.Tests.dll" adapterTypeName="executor://mstestadapter/v2" className="Kitpymes.Core.Shared.Tests.StringExtensionsTests" name="ToInt_Passing_InvalidValueString_Returns_Null" />
    </UnitTest>
    <UnitTest name="ToMessage_Passing_ExceptionWithMessageWithInnerException_Returns_MessageAndInnerException" storage="d:\sferrari\01 - trabajo\repos\netcore\libs\template-netcore-shared\kitpymes.core.shared.tests\bin\release\net5.0\kitpymes.core.shared.tests.dll" id="dcd52f51-9fd2-4f51-85a8-8f7f54a5f95f">
      <Execution id="271abb2e-8ef0-4aab-bec7-fe931ed36f22" />
      <TestMethod codeBase="D:\SFERRARI\01 - TRABAJO\repos\netcore\libs\template-netcore-shared\Kitpymes.Core.Shared.Tests\bin\Release\net5.0\Kitpymes.Core.Shared.Tests.dll" adapterTypeName="executor://mstestadapter/v2" className="Kitpymes.Core.Shared.Tests.ExceptionExtensionsTests" name="ToMessage_Passing_ExceptionWithMessageWithInnerException_Returns_MessageAndInnerException" />
    </UnitTest>
    <UnitTest name="ToReadOnly_Passing_Valid_Collection_Returns_Readonly_Collection" storage="d:\sferrari\01 - trabajo\repos\netcore\libs\template-netcore-shared\kitpymes.core.shared.tests\bin\release\net5.0\kitpymes.core.shared.tests.dll" id="729ba6e5-5098-4793-a77a-56fce2802ffa">
      <Execution id="8867f809-6370-458b-a0aa-34f069b4160c" />
      <TestMethod codeBase="D:\SFERRARI\01 - TRABAJO\repos\netcore\libs\template-netcore-shared\Kitpymes.Core.Shared.Tests\bin\Release\net5.0\Kitpymes.Core.Shared.Tests.dll" adapterTypeName="executor://mstestadapter/v2" className="Kitpymes.Core.Shared.Tests.EnumerableExtensionsTests" name="ToReadOnly_Passing_Valid_Collection_Returns_Readonly_Collection" />
    </UnitTest>
    <UnitTest name="ToIsEmailThrow_Passing_InvalidValue_Returns_ApplicationExceptionWithMessage (34?fsds@sdd.yy)" storage="d:\sferrari\01 - trabajo\repos\netcore\libs\template-netcore-shared\kitpymes.core.shared.tests\bin\release\net5.0\kitpymes.core.shared.tests.dll" id="b2137163-fe90-4642-ab1a-bbca0ee91c45">
      <Execution id="34eecff4-e748-4eb2-834a-cdb1d7828390" />
      <TestMethod codeBase="D:\SFERRARI\01 - TRABAJO\repos\netcore\libs\template-netcore-shared\Kitpymes.Core.Shared.Tests\bin\Release\net5.0\Kitpymes.Core.Shared.Tests.dll" adapterTypeName="executor://mstestadapter/v2" className="Kitpymes.Core.Shared.Tests.CheckExtensionsTests" name="ToIsEmailThrow_Passing_InvalidValue_Returns_ApplicationExceptionWithMessage" />
    </UnitTest>
    <UnitTest name="ToPaged_Passing_Age_Descending_Order_Returns_Filter_List" storage="d:\sferrari\01 - trabajo\repos\netcore\libs\template-netcore-shared\kitpymes.core.shared.tests\bin\release\net5.0\kitpymes.core.shared.tests.dll" id="1e96fa49-5c32-4764-b0ea-34ca1214d38c">
      <Execution id="7d7e9ab1-e48e-48ab-a84a-5964a7ed4da8" />
      <TestMethod codeBase="D:\SFERRARI\01 - TRABAJO\repos\netcore\libs\template-netcore-shared\Kitpymes.Core.Shared.Tests\bin\Release\net5.0\Kitpymes.Core.Shared.Tests.dll" adapterTypeName="executor://mstestadapter/v2" className="Kitpymes.Core.Shared.Tests.QueryableExtensionsTests" name="ToPaged_Passing_Age_Descending_Order_Returns_Filter_List" />
    </UnitTest>
    <UnitTest name="IsRegexMatch_Passing_InvalidArguments_Returns_HasErrorsAndCount" storage="d:\sferrari\01 - trabajo\repos\netcore\libs\template-netcore-shared\kitpymes.core.shared.tests\bin\release\net5.0\kitpymes.core.shared.tests.dll" id="d9368f2b-4470-4f75-8fbf-b3d741c23840">
      <Execution id="4f6120c8-92eb-407f-8890-278fc4a961f1" />
      <TestMethod codeBase="D:\SFERRARI\01 - TRABAJO\repos\netcore\libs\template-netcore-shared\Kitpymes.Core.Shared.Tests\bin\Release\net5.0\Kitpymes.Core.Shared.Tests.dll" adapterTypeName="executor://mstestadapter/v2" className="Kitpymes.Core.Shared.Tests.CheckTests" name="IsRegexMatch_Passing_InvalidArguments_Returns_HasErrorsAndCount" />
    </UnitTest>
    <UnitTest name="ToReplaceSpecialChars_Passing_ValidValue_Returns_ReplacedValueWithoutIgnoreSpecialChars ( * ¨ ^ _ : - ? ¿ ; ,          )" storage="d:\sferrari\01 - trabajo\repos\netcore\libs\template-netcore-shared\kitpymes.core.shared.tests\bin\release\net5.0\kitpymes.core.shared.tests.dll" id="d9f98f47-7982-4ef3-9392-5269b80273cf">
      <Execution id="04793f9d-1d90-40de-94a9-70daf3b0d986" />
      <TestMethod codeBase="D:\SFERRARI\01 - TRABAJO\repos\netcore\libs\template-netcore-shared\Kitpymes.Core.Shared.Tests\bin\Release\net5.0\Kitpymes.Core.Shared.Tests.dll" adapterTypeName="executor://mstestadapter/v2" className="Kitpymes.Core.Shared.Tests.StringExtensionsTests" name="ToReplaceSpecialChars_Passing_ValidValue_Returns_ReplacedValueWithoutIgnoreSpecialChars" />
    </UnitTest>
    <UnitTest name="ToEnum_Passing_ValidValueInt_Returns_EnumValue" storage="d:\sferrari\01 - trabajo\repos\netcore\libs\template-netcore-shared\kitpymes.core.shared.tests\bin\release\net5.0\kitpymes.core.shared.tests.dll" id="30f992d6-68d5-491e-864d-c28a895d6e0f">
      <Execution id="e375c890-147f-4988-8288-594f8eb03183" />
      <TestMethod codeBase="D:\SFERRARI\01 - TRABAJO\repos\netcore\libs\template-netcore-shared\Kitpymes.Core.Shared.Tests\bin\Release\net5.0\Kitpymes.Core.Shared.Tests.dll" adapterTypeName="executor://mstestadapter/v2" className="Kitpymes.Core.Shared.Tests.StringExtensionsTests" name="ToEnum_Passing_ValidValueInt_Returns_EnumValue" />
    </UnitTest>
    <UnitTest name="ToConfiguration_Passing_Empty_DirectoryPath_Returns_ApplicationException" storage="d:\sferrari\01 - trabajo\repos\netcore\libs\template-netcore-shared\kitpymes.core.shared.tests\bin\release\net5.0\kitpymes.core.shared.tests.dll" id="7abbe76e-7cf8-4f7a-bca5-7ca07754711f">
      <Execution id="2d2de9e5-75d5-4335-a5ae-5ad5d572f5af" />
      <TestMethod codeBase="D:\SFERRARI\01 - TRABAJO\repos\netcore\libs\template-netcore-shared\Kitpymes.Core.Shared.Tests\bin\Release\net5.0\Kitpymes.Core.Shared.Tests.dll" adapterTypeName="executor://mstestadapter/v2" className="Kitpymes.Core.Shared.Tests.ConfigurationBuilderExtensionsTests" name="ToConfiguration_Passing_Empty_DirectoryPath_Returns_ApplicationException" />
    </UnitTest>
    <UnitTest name="ToGetAll_Passing_Claims_Returns_Claim_Value_Int_List" storage="d:\sferrari\01 - trabajo\repos\netcore\libs\template-netcore-shared\kitpymes.core.shared.tests\bin\release\net5.0\kitpymes.core.shared.tests.dll" id="1eebd000-cf9f-49ff-8deb-c59be8b7fefb">
      <Execution id="7b8569e4-ec10-4886-8ad3-a6dc0cc7c86b" />
      <TestMethod codeBase="D:\SFERRARI\01 - TRABAJO\repos\netcore\libs\template-netcore-shared\Kitpymes.Core.Shared.Tests\bin\Release\net5.0\Kitpymes.Core.Shared.Tests.dll" adapterTypeName="executor://mstestadapter/v2" className="Kitpymes.Core.Shared.Tests.ClaimsPrincipalExtensionsTests" name="ToGetAll_Passing_Claims_Returns_Claim_Value_Int_List" />
    </UnitTest>
    <UnitTest name="ToReplace_Passing_ValidValue_Returns_ReplacedValue (aeiou,*,0,3,***ou)" storage="d:\sferrari\01 - trabajo\repos\netcore\libs\template-netcore-shared\kitpymes.core.shared.tests\bin\release\net5.0\kitpymes.core.shared.tests.dll" id="36eb8cac-c2cc-4b97-8fd8-953fda66b10b">
      <Execution id="16e8e9f4-ae9c-43f3-b773-5b02ece1a8ee" />
      <TestMethod codeBase="D:\SFERRARI\01 - TRABAJO\repos\netcore\libs\template-netcore-shared\Kitpymes.Core.Shared.Tests\bin\Release\net5.0\Kitpymes.Core.Shared.Tests.dll" adapterTypeName="executor://mstestadapter/v2" className="Kitpymes.Core.Shared.Tests.StringExtensionsTests" name="ToReplace_Passing_ValidValue_Returns_ReplacedValue" />
    </UnitTest>
    <UnitTest name="ToEmailMaskUserName_Passing_ValidEmail_Returns_EmailWithMask (qazwsxedc@gmail.com,q*******c@gmail.com)" storage="d:\sferrari\01 - trabajo\repos\netcore\libs\template-netcore-shared\kitpymes.core.shared.tests\bin\release\net5.0\kitpymes.core.shared.tests.dll" id="b42c7681-50cd-4b0c-bbd6-9b82424c45cf">
      <Execution id="fe64f1e7-e294-49d3-8563-cdf387f993b5" />
      <TestMethod codeBase="D:\SFERRARI\01 - TRABAJO\repos\netcore\libs\template-netcore-shared\Kitpymes.Core.Shared.Tests\bin\Release\net5.0\Kitpymes.Core.Shared.Tests.dll" adapterTypeName="executor://mstestadapter/v2" className="Kitpymes.Core.Shared.Tests.StringExtensionsTests" name="ToEmailMaskUserName_Passing_ValidEmail_Returns_EmailWithMask" />
    </UnitTest>
    <UnitTest name="ToEmptyIfNull_Passing_Null_Collection_Returns_Empty_Collection" storage="d:\sferrari\01 - trabajo\repos\netcore\libs\template-netcore-shared\kitpymes.core.shared.tests\bin\release\net5.0\kitpymes.core.shared.tests.dll" id="7c4c71c5-2d3f-49f5-9d8b-a7058eb863ae">
      <Execution id="8f97cd9c-2bb0-4755-bd2e-3ed946500cdc" />
      <TestMethod codeBase="D:\SFERRARI\01 - TRABAJO\repos\netcore\libs\template-netcore-shared\Kitpymes.Core.Shared.Tests\bin\Release\net5.0\Kitpymes.Core.Shared.Tests.dll" adapterTypeName="executor://mstestadapter/v2" className="Kitpymes.Core.Shared.Tests.EnumerableExtensionsTests" name="ToEmptyIfNull_Passing_Null_Collection_Returns_Empty_Collection" />
    </UnitTest>
    <UnitTest name="ToUri_Passing_ValidValueString_Returns_Uri (//foo.com/blah_blah?p=5&amp;j=fe)" storage="d:\sferrari\01 - trabajo\repos\netcore\libs\template-netcore-shared\kitpymes.core.shared.tests\bin\release\net5.0\kitpymes.core.shared.tests.dll" id="33dc0f46-74cb-4b16-9530-59e84f0a5658">
      <Execution id="593a229b-9bcd-4fa9-814c-a7e32fb4324d" />
      <TestMethod codeBase="D:\SFERRARI\01 - TRABAJO\repos\netcore\libs\template-netcore-shared\Kitpymes.Core.Shared.Tests\bin\Release\net5.0\Kitpymes.Core.Shared.Tests.dll" adapterTypeName="executor://mstestadapter/v2" className="Kitpymes.Core.Shared.Tests.StringExtensionsTests" name="ToUri_Passing_ValidValueString_Returns_Uri" />
    </UnitTest>
    <UnitTest name="ToUri_Passing_ValidValueString_Returns_Uri (https://foo.com/blah_blah?p=5)" storage="d:\sferrari\01 - trabajo\repos\netcore\libs\template-netcore-shared\kitpymes.core.shared.tests\bin\release\net5.0\kitpymes.core.shared.tests.dll" id="1dc8712b-5468-461c-bbe7-8be8f1f95221">
      <Execution id="425a51cb-ee9f-4f46-aff8-389c493b13c1" />
      <TestMethod codeBase="D:\SFERRARI\01 - TRABAJO\repos\netcore\libs\template-netcore-shared\Kitpymes.Core.Shared.Tests\bin\Release\net5.0\Kitpymes.Core.Shared.Tests.dll" adapterTypeName="executor://mstestadapter/v2" className="Kitpymes.Core.Shared.Tests.StringExtensionsTests" name="ToUri_Passing_ValidValueString_Returns_Uri" />
    </UnitTest>
    <UnitTest name="ToAuthenticationType_Passing_Null_ClaimsPrincipal_Returns_ApplicationException" storage="d:\sferrari\01 - trabajo\repos\netcore\libs\template-netcore-shared\kitpymes.core.shared.tests\bin\release\net5.0\kitpymes.core.shared.tests.dll" id="d0a51df9-f543-4833-a115-d604d0b66f3d">
      <Execution id="6ba7c6f7-d698-4473-bfae-f254991c47b7" />
      <TestMethod codeBase="D:\SFERRARI\01 - TRABAJO\repos\netcore\libs\template-netcore-shared\Kitpymes.Core.Shared.Tests\bin\Release\net5.0\Kitpymes.Core.Shared.Tests.dll" adapterTypeName="executor://mstestadapter/v2" className="Kitpymes.Core.Shared.Tests.ClaimsPrincipalExtensionsTests" name="ToAuthenticationType_Passing_Null_ClaimsPrincipal_Returns_ApplicationException" />
    </UnitTest>
    <UnitTest name="ToDefaultValue_Passing_ValidString_Returns_DefaultValue" storage="d:\sferrari\01 - trabajo\repos\netcore\libs\template-netcore-shared\kitpymes.core.shared.tests\bin\release\net5.0\kitpymes.core.shared.tests.dll" id="d79bb087-7714-407d-99a1-a347677e946c">
      <Execution id="3e44f756-e820-4f28-8fa9-61006d0bfeed" />
      <TestMethod codeBase="D:\SFERRARI\01 - TRABAJO\repos\netcore\libs\template-netcore-shared\Kitpymes.Core.Shared.Tests\bin\Release\net5.0\Kitpymes.Core.Shared.Tests.dll" adapterTypeName="executor://mstestadapter/v2" className="Kitpymes.Core.Shared.Tests.TypeExtensionsTests" name="ToDefaultValue_Passing_ValidString_Returns_DefaultValue" />
    </UnitTest>
    <UnitTest name="ToIsEmailThrow_Passing_InvalidValue_Returns_ApplicationExceptionWithMessage (dasdasd@dsasd.._ff)" storage="d:\sferrari\01 - trabajo\repos\netcore\libs\template-netcore-shared\kitpymes.core.shared.tests\bin\release\net5.0\kitpymes.core.shared.tests.dll" id="3aec4198-9813-4d26-ad32-0483776b97c3">
      <Execution id="e9d4ccf1-5f41-47e5-8eea-2387e1eae6b6" />
      <TestMethod codeBase="D:\SFERRARI\01 - TRABAJO\repos\netcore\libs\template-netcore-shared\Kitpymes.Core.Shared.Tests\bin\Release\net5.0\Kitpymes.Core.Shared.Tests.dll" adapterTypeName="executor://mstestadapter/v2" className="Kitpymes.Core.Shared.Tests.CheckExtensionsTests" name="ToIsEmailThrow_Passing_InvalidValue_Returns_ApplicationExceptionWithMessage" />
    </UnitTest>
    <UnitTest name="ToDefaultValue_Passing_short_Returns_Cero" storage="d:\sferrari\01 - trabajo\repos\netcore\libs\template-netcore-shared\kitpymes.core.shared.tests\bin\release\net5.0\kitpymes.core.shared.tests.dll" id="47795083-8740-4c83-a941-2a139f380ce2">
      <Execution id="4b46b360-362e-4523-a9a0-6c726a1a19af" />
      <TestMethod codeBase="D:\SFERRARI\01 - TRABAJO\repos\netcore\libs\template-netcore-shared\Kitpymes.Core.Shared.Tests\bin\Release\net5.0\Kitpymes.Core.Shared.Tests.dll" adapterTypeName="executor://mstestadapter/v2" className="Kitpymes.Core.Shared.Tests.GenericExtensionsTests" name="ToDefaultValue_Passing_short_Returns_Cero" />
    </UnitTest>
    <UnitTest name="ToDefaultValue_Passing_byte_Returns_Cero" storage="d:\sferrari\01 - trabajo\repos\netcore\libs\template-netcore-shared\kitpymes.core.shared.tests\bin\release\net5.0\kitpymes.core.shared.tests.dll" id="a8dd6076-4541-4fc1-9593-4e93bef0b708">
      <Execution id="9e79cbe3-2243-49c3-b74a-c7303575e3c1" />
      <TestMethod codeBase="D:\SFERRARI\01 - TRABAJO\repos\netcore\libs\template-netcore-shared\Kitpymes.Core.Shared.Tests\bin\Release\net5.0\Kitpymes.Core.Shared.Tests.dll" adapterTypeName="executor://mstestadapter/v2" className="Kitpymes.Core.Shared.Tests.GenericExtensionsTests" name="ToDefaultValue_Passing_byte_Returns_Cero" />
    </UnitTest>
    <UnitTest name="ToNormalize_Passing_ValidValue_Returns_NormalizedValue (Münçhen,Munchen)" storage="d:\sferrari\01 - trabajo\repos\netcore\libs\template-netcore-shared\kitpymes.core.shared.tests\bin\release\net5.0\kitpymes.core.shared.tests.dll" id="34e1c2ee-5bca-49bf-b5f9-61cfe892fdd3">
      <Execution id="2cb6b85b-cb31-4638-8098-8279a9aca161" />
      <TestMethod codeBase="D:\SFERRARI\01 - TRABAJO\repos\netcore\libs\template-netcore-shared\Kitpymes.Core.Shared.Tests\bin\Release\net5.0\Kitpymes.Core.Shared.Tests.dll" adapterTypeName="executor://mstestadapter/v2" className="Kitpymes.Core.Shared.Tests.StringExtensionsTests" name="ToNormalize_Passing_ValidValue_Returns_NormalizedValue" />
    </UnitTest>
    <UnitTest name="ToUri_Passing_ValidValueString_Returns_Uri (http://userid:password@example.com)" storage="d:\sferrari\01 - trabajo\repos\netcore\libs\template-netcore-shared\kitpymes.core.shared.tests\bin\release\net5.0\kitpymes.core.shared.tests.dll" id="454ffb56-b77d-4e5a-9884-2a3dd2faf75c">
      <Execution id="4016cdfe-91be-4d6c-a23a-468d057bd624" />
      <TestMethod codeBase="D:\SFERRARI\01 - TRABAJO\repos\netcore\libs\template-netcore-shared\Kitpymes.Core.Shared.Tests\bin\Release\net5.0\Kitpymes.Core.Shared.Tests.dll" adapterTypeName="executor://mstestadapter/v2" className="Kitpymes.Core.Shared.Tests.StringExtensionsTests" name="ToUri_Passing_ValidValueString_Returns_Uri" />
    </UnitTest>
    <UnitTest name="ToUri_Passing_ValidValueString_Returns_Uri (http://foo.com/(something)?after=parens)" storage="d:\sferrari\01 - trabajo\repos\netcore\libs\template-netcore-shared\kitpymes.core.shared.tests\bin\release\net5.0\kitpymes.core.shared.tests.dll" id="7cbf6213-6839-403e-8e73-4f9aa188c498">
      <Execution id="c4551f7c-0469-4026-9f19-3f2b49c09ef0" />
      <TestMethod codeBase="D:\SFERRARI\01 - TRABAJO\repos\netcore\libs\template-netcore-shared\Kitpymes.Core.Shared.Tests\bin\Release\net5.0\Kitpymes.Core.Shared.Tests.dll" adapterTypeName="executor://mstestadapter/v2" className="Kitpymes.Core.Shared.Tests.StringExtensionsTests" name="ToUri_Passing_ValidValueString_Returns_Uri" />
    </UnitTest>
    <UnitTest name="ToUri_Passing_InvalidValueString_Returns_Null (http://?)" storage="d:\sferrari\01 - trabajo\repos\netcore\libs\template-netcore-shared\kitpymes.core.shared.tests\bin\release\net5.0\kitpymes.core.shared.tests.dll" id="77acd0bc-ef75-46ac-a941-667bef6b39c7">
      <Execution id="ad369e54-69bc-445e-bc58-163232031088" />
      <TestMethod codeBase="D:\SFERRARI\01 - TRABAJO\repos\netcore\libs\template-netcore-shared\Kitpymes.Core.Shared.Tests\bin\Release\net5.0\Kitpymes.Core.Shared.Tests.dll" adapterTypeName="executor://mstestadapter/v2" className="Kitpymes.Core.Shared.Tests.StringExtensionsTests" name="ToUri_Passing_InvalidValueString_Returns_Null" />
    </UnitTest>
    <UnitTest name="ToHashAlgorithmName_Passing_ValidValueString_Returns_HashAlgorithmName (MD5)" storage="d:\sferrari\01 - trabajo\repos\netcore\libs\template-netcore-shared\kitpymes.core.shared.tests\bin\release\net5.0\kitpymes.core.shared.tests.dll" id="1b07e3d8-13f3-457a-abca-07acba73d57b">
      <Execution id="c168b39e-5c38-46c8-a988-149ed77e5dd6" />
      <TestMethod codeBase="D:\SFERRARI\01 - TRABAJO\repos\netcore\libs\template-netcore-shared\Kitpymes.Core.Shared.Tests\bin\Release\net5.0\Kitpymes.Core.Shared.Tests.dll" adapterTypeName="executor://mstestadapter/v2" className="Kitpymes.Core.Shared.Tests.StringExtensionsTests" name="ToHashAlgorithmName_Passing_ValidValueString_Returns_HashAlgorithmName" />
    </UnitTest>
    <UnitTest name="ToFirstLetterLower_Passing_ValidValue_Returns_StringWithFirstLetterLower (AEIOU,aEIOU)" storage="d:\sferrari\01 - trabajo\repos\netcore\libs\template-netcore-shared\kitpymes.core.shared.tests\bin\release\net5.0\kitpymes.core.shared.tests.dll" id="9f24c8ff-dea8-42ac-b818-55ddb42c8405">
      <Execution id="ea1ffa18-758f-4163-8465-3b31ac4c64a3" />
      <TestMethod codeBase="D:\SFERRARI\01 - TRABAJO\repos\netcore\libs\template-netcore-shared\Kitpymes.Core.Shared.Tests\bin\Release\net5.0\Kitpymes.Core.Shared.Tests.dll" adapterTypeName="executor://mstestadapter/v2" className="Kitpymes.Core.Shared.Tests.StringExtensionsTests" name="ToFirstLetterLower_Passing_ValidValue_Returns_StringWithFirstLetterLower" />
    </UnitTest>
    <UnitTest name="ToFirstLetterUpper_Passing_ValidValue_Returns_StringWithFirstLetterUpper (AEIOU,AEIOU)" storage="d:\sferrari\01 - trabajo\repos\netcore\libs\template-netcore-shared\kitpymes.core.shared.tests\bin\release\net5.0\kitpymes.core.shared.tests.dll" id="8953247f-08a2-4dbd-9c15-0edd1184a944">
      <Execution id="0169052e-b8d6-4534-8a03-d6094a9f14ea" />
      <TestMethod codeBase="D:\SFERRARI\01 - TRABAJO\repos\netcore\libs\template-netcore-shared\Kitpymes.Core.Shared.Tests\bin\Release\net5.0\Kitpymes.Core.Shared.Tests.dll" adapterTypeName="executor://mstestadapter/v2" className="Kitpymes.Core.Shared.Tests.StringExtensionsTests" name="ToFirstLetterUpper_Passing_ValidValue_Returns_StringWithFirstLetterUpper" />
    </UnitTest>
    <UnitTest name="ToConfiguration_Passing_Key_Values_Returns_Ok" storage="d:\sferrari\01 - trabajo\repos\netcore\libs\template-netcore-shared\kitpymes.core.shared.tests\bin\release\net5.0\kitpymes.core.shared.tests.dll" id="758a74f9-0ef4-4c1f-bdd5-2ca90d23f416">
      <Execution id="d5dc85cd-e391-4655-ad5e-4c9a2bbb1a41" />
      <TestMethod codeBase="D:\SFERRARI\01 - TRABAJO\repos\netcore\libs\template-netcore-shared\Kitpymes.Core.Shared.Tests\bin\Release\net5.0\Kitpymes.Core.Shared.Tests.dll" adapterTypeName="executor://mstestadapter/v2" className="Kitpymes.Core.Shared.Tests.ConfigurationBuilderExtensionsTests" name="ToConfiguration_Passing_Key_Values_Returns_Ok" />
    </UnitTest>
    <UnitTest name="ToDetails_Passing_HttpContext_Returns_Details_HttpContext" storage="d:\sferrari\01 - trabajo\repos\netcore\libs\template-netcore-shared\kitpymes.core.shared.tests\bin\release\net5.0\kitpymes.core.shared.tests.dll" id="1036be74-aff0-4e4f-90e7-b81f23eb326a">
      <Execution id="6c8067f4-eb7c-447c-a1c4-54f1667d733f" />
      <TestMethod codeBase="D:\SFERRARI\01 - TRABAJO\repos\netcore\libs\template-netcore-shared\Kitpymes.Core.Shared.Tests\bin\Release\net5.0\Kitpymes.Core.Shared.Tests.dll" adapterTypeName="executor://mstestadapter/v2" className="Kitpymes.Core.Shared.Tests.HttpContextExtensionsTests" name="ToDetails_Passing_HttpContext_Returns_Details_HttpContext" />
    </UnitTest>
    <UnitTest name="ToUri_Passing_ValidValueString_Returns_Uri (http://userid@example.com)" storage="d:\sferrari\01 - trabajo\repos\netcore\libs\template-netcore-shared\kitpymes.core.shared.tests\bin\release\net5.0\kitpymes.core.shared.tests.dll" id="cc333d57-93ca-4277-88c0-c69827f84d2f">
      <Execution id="9e048ed2-b02b-4c38-8947-c7849934cf46" />
      <TestMethod codeBase="D:\SFERRARI\01 - TRABAJO\repos\netcore\libs\template-netcore-shared\Kitpymes.Core.Shared.Tests\bin\Release\net5.0\Kitpymes.Core.Shared.Tests.dll" adapterTypeName="executor://mstestadapter/v2" className="Kitpymes.Core.Shared.Tests.StringExtensionsTests" name="ToUri_Passing_ValidValueString_Returns_Uri" />
    </UnitTest>
    <UnitTest name="ToNormalize_Passing_ValidValue_Returns_NormalizedValue (àáäâã,aaaaa)" storage="d:\sferrari\01 - trabajo\repos\netcore\libs\template-netcore-shared\kitpymes.core.shared.tests\bin\release\net5.0\kitpymes.core.shared.tests.dll" id="89e1918d-7d9d-44be-a4f6-9e5cb9265d5b">
      <Execution id="f799854f-9e5d-478a-bdd6-486aeccccabb" />
      <TestMethod codeBase="D:\SFERRARI\01 - TRABAJO\repos\netcore\libs\template-netcore-shared\Kitpymes.Core.Shared.Tests\bin\Release\net5.0\Kitpymes.Core.Shared.Tests.dll" adapterTypeName="executor://mstestadapter/v2" className="Kitpymes.Core.Shared.Tests.StringExtensionsTests" name="ToNormalize_Passing_ValidValue_Returns_NormalizedValue" />
    </UnitTest>
    <UnitTest name="ToConfiguration_Passing_Valid_DirectoryPath_Invalid_JsonFileName_Not_Optional_Returns_ApplicationException" storage="d:\sferrari\01 - trabajo\repos\netcore\libs\template-netcore-shared\kitpymes.core.shared.tests\bin\release\net5.0\kitpymes.core.shared.tests.dll" id="543b9e63-a32f-468d-982f-ad1bd1396ab8">
      <Execution id="85a06c79-3c69-4188-ab6a-a1f82359fe54" />
      <TestMethod codeBase="D:\SFERRARI\01 - TRABAJO\repos\netcore\libs\template-netcore-shared\Kitpymes.Core.Shared.Tests\bin\Release\net5.0\Kitpymes.Core.Shared.Tests.dll" adapterTypeName="executor://mstestadapter/v2" className="Kitpymes.Core.Shared.Tests.ConfigurationBuilderExtensionsTests" name="ToConfiguration_Passing_Valid_DirectoryPath_Invalid_JsonFileName_Not_Optional_Returns_ApplicationException" />
    </UnitTest>
    <UnitTest name="ToUserName_Passing_Valid_UserName_ClaimsPrincipal_Returns_String_UserName_Value" storage="d:\sferrari\01 - trabajo\repos\netcore\libs\template-netcore-shared\kitpymes.core.shared.tests\bin\release\net5.0\kitpymes.core.shared.tests.dll" id="7bcf341e-21a3-4982-b3a1-7cf94bb01cc1">
      <Execution id="42d6ceb5-bdcd-4912-873c-a3682d29ab7b" />
      <TestMethod codeBase="D:\SFERRARI\01 - TRABAJO\repos\netcore\libs\template-netcore-shared\Kitpymes.Core.Shared.Tests\bin\Release\net5.0\Kitpymes.Core.Shared.Tests.dll" adapterTypeName="executor://mstestadapter/v2" className="Kitpymes.Core.Shared.Tests.ClaimsPrincipalExtensionsTests" name="ToUserName_Passing_Valid_UserName_ClaimsPrincipal_Returns_String_UserName_Value" />
    </UnitTest>
    <UnitTest name="ToUri_Passing_InvalidValueString_Returns_Null (http://##)" storage="d:\sferrari\01 - trabajo\repos\netcore\libs\template-netcore-shared\kitpymes.core.shared.tests\bin\release\net5.0\kitpymes.core.shared.tests.dll" id="f072d3e4-e41a-4e99-a8e7-f0f59b37157a">
      <Execution id="5a035151-5390-415f-b165-22c42de149c2" />
      <TestMethod codeBase="D:\SFERRARI\01 - TRABAJO\repos\netcore\libs\template-netcore-shared\Kitpymes.Core.Shared.Tests\bin\Release\net5.0\Kitpymes.Core.Shared.Tests.dll" adapterTypeName="executor://mstestadapter/v2" className="Kitpymes.Core.Shared.Tests.StringExtensionsTests" name="ToUri_Passing_InvalidValueString_Returns_Null" />
    </UnitTest>
    <UnitTest name="ToAttribute_Passing_Enumeration_Name_Returns_Atributte" storage="d:\sferrari\01 - trabajo\repos\netcore\libs\template-netcore-shared\kitpymes.core.shared.tests\bin\release\net5.0\kitpymes.core.shared.tests.dll" id="37463bb8-fa8e-47ec-a6fc-57427de93b40">
      <Execution id="ee95a18d-51e8-4346-9a64-76a006061261" />
      <TestMethod codeBase="D:\SFERRARI\01 - TRABAJO\repos\netcore\libs\template-netcore-shared\Kitpymes.Core.Shared.Tests\bin\Release\net5.0\Kitpymes.Core.Shared.Tests.dll" adapterTypeName="executor://mstestadapter/v2" className="Kitpymes.Core.Shared.Tests.EnumExtensionsTests" name="ToAttribute_Passing_Enumeration_Name_Returns_Atributte" />
    </UnitTest>
    <UnitTest name="IsLowercase_Passing_InvalidArguments_Returns_HasErrorsAndCount" storage="d:\sferrari\01 - trabajo\repos\netcore\libs\template-netcore-shared\kitpymes.core.shared.tests\bin\release\net5.0\kitpymes.core.shared.tests.dll" id="ff9ea05d-3f7b-4bb1-a08d-4cfcd52ea100">
      <Execution id="67017643-f097-4939-b849-59f4ed2ede90" />
      <TestMethod codeBase="D:\SFERRARI\01 - TRABAJO\repos\netcore\libs\template-netcore-shared\Kitpymes.Core.Shared.Tests\bin\Release\net5.0\Kitpymes.Core.Shared.Tests.dll" adapterTypeName="executor://mstestadapter/v2" className="Kitpymes.Core.Shared.Tests.CheckTests" name="IsLowercase_Passing_InvalidArguments_Returns_HasErrorsAndCount" />
    </UnitTest>
    <UnitTest name="ToSettings_Passing_Values_From_AppSettingsFile_Returns_Settings" storage="d:\sferrari\01 - trabajo\repos\netcore\libs\template-netcore-shared\kitpymes.core.shared.tests\bin\release\net5.0\kitpymes.core.shared.tests.dll" id="62ddec56-9151-440a-86ed-4431d35b6011">
      <Execution id="638a3cca-0a3b-4265-858b-88aebaca735b" />
      <TestMethod codeBase="D:\SFERRARI\01 - TRABAJO\repos\netcore\libs\template-netcore-shared\Kitpymes.Core.Shared.Tests\bin\Release\net5.0\Kitpymes.Core.Shared.Tests.dll" adapterTypeName="executor://mstestadapter/v2" className="Kitpymes.Core.Shared.Tests.ConfigurationBuilderExtensionsTests" name="ToSettings_Passing_Values_From_AppSettingsFile_Returns_Settings" />
    </UnitTest>
    <UnitTest name="ToService_Passing_Service_Not_Found_Returns_ApplicationException" storage="d:\sferrari\01 - trabajo\repos\netcore\libs\template-netcore-shared\kitpymes.core.shared.tests\bin\release\net5.0\kitpymes.core.shared.tests.dll" id="b95c8a6f-75e8-4fb6-8d3d-d7ef5813b33f">
      <Execution id="30e8d248-7b26-431b-a350-6d1a252bd466" />
      <TestMethod codeBase="D:\SFERRARI\01 - TRABAJO\repos\netcore\libs\template-netcore-shared\Kitpymes.Core.Shared.Tests\bin\Release\net5.0\Kitpymes.Core.Shared.Tests.dll" adapterTypeName="executor://mstestadapter/v2" className="Kitpymes.Core.Shared.Tests.ApplicationBuilderExtensionsTests" name="ToService_Passing_Service_Not_Found_Returns_ApplicationException" />
    </UnitTest>
    <UnitTest name="ToNormalize_Passing_ValidValue_Returns_NormalizedValue (héllo,hello)" storage="d:\sferrari\01 - trabajo\repos\netcore\libs\template-netcore-shared\kitpymes.core.shared.tests\bin\release\net5.0\kitpymes.core.shared.tests.dll" id="6aca1cdf-4b53-413a-9e60-be39ffb14266">
      <Execution id="f8229bbb-8888-4fc5-8be4-b6a46aed45bc" />
      <TestMethod codeBase="D:\SFERRARI\01 - TRABAJO\repos\netcore\libs\template-netcore-shared\Kitpymes.Core.Shared.Tests\bin\Release\net5.0\Kitpymes.Core.Shared.Tests.dll" adapterTypeName="executor://mstestadapter/v2" className="Kitpymes.Core.Shared.Tests.StringExtensionsTests" name="ToNormalize_Passing_ValidValue_Returns_NormalizedValue" />
    </UnitTest>
    <UnitTest name="ToEmailMask_Passing_ValidEmail_Returns_EmailWithMask (qazwsx@gmailgmail.com,q----x@g---------.com)" storage="d:\sferrari\01 - trabajo\repos\netcore\libs\template-netcore-shared\kitpymes.core.shared.tests\bin\release\net5.0\kitpymes.core.shared.tests.dll" id="222d1fd6-cbf6-4f16-b877-55daf4e8fdf0">
      <Execution id="27521e33-be4a-43c0-a2e4-6770c30d880e" />
      <TestMethod codeBase="D:\SFERRARI\01 - TRABAJO\repos\netcore\libs\template-netcore-shared\Kitpymes.Core.Shared.Tests\bin\Release\net5.0\Kitpymes.Core.Shared.Tests.dll" adapterTypeName="executor://mstestadapter/v2" className="Kitpymes.Core.Shared.Tests.StringExtensionsTests" name="ToEmailMask_Passing_ValidEmail_Returns_EmailWithMask" />
    </UnitTest>
    <UnitTest name="ToEmailMaskUserNameAndDomainAndExtension_Passing_ValidEmail_Returns_EmailWithMask (qazwsx@gmail.com,q****x@g***l.c*m)" storage="d:\sferrari\01 - trabajo\repos\netcore\libs\template-netcore-shared\kitpymes.core.shared.tests\bin\release\net5.0\kitpymes.core.shared.tests.dll" id="22d40237-5dce-4bd3-afdd-4c89559a929f">
      <Execution id="060b8c3a-55d3-4cd7-b0dc-a092f58cc502" />
      <TestMethod codeBase="D:\SFERRARI\01 - TRABAJO\repos\netcore\libs\template-netcore-shared\Kitpymes.Core.Shared.Tests\bin\Release\net5.0\Kitpymes.Core.Shared.Tests.dll" adapterTypeName="executor://mstestadapter/v2" className="Kitpymes.Core.Shared.Tests.StringExtensionsTests" name="ToEmailMaskUserNameAndDomainAndExtension_Passing_ValidEmail_Returns_EmailWithMask" />
    </UnitTest>
    <UnitTest name="ToUri_Passing_ValidValueString_Returns_Uri (https://foo.com/blah_blah/p=5)" storage="d:\sferrari\01 - trabajo\repos\netcore\libs\template-netcore-shared\kitpymes.core.shared.tests\bin\release\net5.0\kitpymes.core.shared.tests.dll" id="6518c39b-7d95-4d97-a78c-77f1d2b6c680">
      <Execution id="6b8fac87-4416-44f2-8de7-2b839f7a1054" />
      <TestMethod codeBase="D:\SFERRARI\01 - TRABAJO\repos\netcore\libs\template-netcore-shared\Kitpymes.Core.Shared.Tests\bin\Release\net5.0\Kitpymes.Core.Shared.Tests.dll" adapterTypeName="executor://mstestadapter/v2" className="Kitpymes.Core.Shared.Tests.StringExtensionsTests" name="ToUri_Passing_ValidValueString_Returns_Uri" />
    </UnitTest>
    <UnitTest name="ToNormalize_Passing_ValidValue_Returns_NormalizedValue (ÈÉËÊ,EEEE)" storage="d:\sferrari\01 - trabajo\repos\netcore\libs\template-netcore-shared\kitpymes.core.shared.tests\bin\release\net5.0\kitpymes.core.shared.tests.dll" id="72145471-8676-42ab-9a96-12a75d4244c7">
      <Execution id="797db964-7f4e-4cdf-8065-67e92f07518c" />
      <TestMethod codeBase="D:\SFERRARI\01 - TRABAJO\repos\netcore\libs\template-netcore-shared\Kitpymes.Core.Shared.Tests\bin\Release\net5.0\Kitpymes.Core.Shared.Tests.dll" adapterTypeName="executor://mstestadapter/v2" className="Kitpymes.Core.Shared.Tests.StringExtensionsTests" name="ToNormalize_Passing_ValidValue_Returns_NormalizedValue" />
    </UnitTest>
    <UnitTest name="ToNormalize_Passing_ValidValue_Returns_NormalizedValue (ç,c)" storage="d:\sferrari\01 - trabajo\repos\netcore\libs\template-netcore-shared\kitpymes.core.shared.tests\bin\release\net5.0\kitpymes.core.shared.tests.dll" id="d9360075-d24a-47c2-a8f2-858e48a00644">
      <Execution id="8b59b833-0146-43f6-abe6-73db41e131fe" />
      <TestMethod codeBase="D:\SFERRARI\01 - TRABAJO\repos\netcore\libs\template-netcore-shared\Kitpymes.Core.Shared.Tests\bin\Release\net5.0\Kitpymes.Core.Shared.Tests.dll" adapterTypeName="executor://mstestadapter/v2" className="Kitpymes.Core.Shared.Tests.StringExtensionsTests" name="ToNormalize_Passing_ValidValue_Returns_NormalizedValue" />
    </UnitTest>
    <UnitTest name="ToFirstLetterLower_Passing_ValidValue_Returns_StringWithFirstLetterLower (aEIOU,aEIOU)" storage="d:\sferrari\01 - trabajo\repos\netcore\libs\template-netcore-shared\kitpymes.core.shared.tests\bin\release\net5.0\kitpymes.core.shared.tests.dll" id="8a0c5807-9b5e-4bdb-9970-2cf225f9c03c">
      <Execution id="d2861aca-6f67-4851-b88b-05b317c6df34" />
      <TestMethod codeBase="D:\SFERRARI\01 - TRABAJO\repos\netcore\libs\template-netcore-shared\Kitpymes.Core.Shared.Tests\bin\Release\net5.0\Kitpymes.Core.Shared.Tests.dll" adapterTypeName="executor://mstestadapter/v2" className="Kitpymes.Core.Shared.Tests.StringExtensionsTests" name="ToFirstLetterLower_Passing_ValidValue_Returns_StringWithFirstLetterLower" />
    </UnitTest>
    <UnitTest name="ToGet_Passing_Claims_Returns_Claim_Value_Int" storage="d:\sferrari\01 - trabajo\repos\netcore\libs\template-netcore-shared\kitpymes.core.shared.tests\bin\release\net5.0\kitpymes.core.shared.tests.dll" id="0ee7426a-bff9-4b29-b4d5-1f84ef737e2f">
      <Execution id="3b735df9-9ca6-401d-9685-559bba96450a" />
      <TestMethod codeBase="D:\SFERRARI\01 - TRABAJO\repos\netcore\libs\template-netcore-shared\Kitpymes.Core.Shared.Tests\bin\Release\net5.0\Kitpymes.Core.Shared.Tests.dll" adapterTypeName="executor://mstestadapter/v2" className="Kitpymes.Core.Shared.Tests.ClaimsPrincipalExtensionsTests" name="ToGet_Passing_Claims_Returns_Claim_Value_Int" />
    </UnitTest>
    <UnitTest name="ToMapUpdate_Passing_Destination_Object_Returns_Updated_Destination_Object" storage="d:\sferrari\01 - trabajo\repos\netcore\libs\template-netcore-shared\kitpymes.core.shared.tests\bin\release\net5.0\kitpymes.core.shared.tests.dll" id="697d3b4f-1286-4532-9817-6a967e39521c">
      <Execution id="f0ab1842-3c55-42da-be35-32d22db35b05" />
      <TestMethod codeBase="D:\SFERRARI\01 - TRABAJO\repos\netcore\libs\template-netcore-shared\Kitpymes.Core.Shared.Tests\bin\Release\net5.0\Kitpymes.Core.Shared.Tests.dll" adapterTypeName="executor://mstestadapter/v2" className="Kitpymes.Core.Shared.Tests.AgileMapperExtensionsTests" name="ToMapUpdate_Passing_Destination_Object_Returns_Updated_Destination_Object" />
    </UnitTest>
    <UnitTest name="ToFirstLetterUpper_Passing_ValidValue_Returns_StringWithFirstLetterUpper (aEIOU,AEIOU)" storage="d:\sferrari\01 - trabajo\repos\netcore\libs\template-netcore-shared\kitpymes.core.shared.tests\bin\release\net5.0\kitpymes.core.shared.tests.dll" id="d856f31d-4524-4f7b-92ef-72f1587dc483">
      <Execution id="3afd612b-35fe-4aed-950f-3653a9917c81" />
      <TestMethod codeBase="D:\SFERRARI\01 - TRABAJO\repos\netcore\libs\template-netcore-shared\Kitpymes.Core.Shared.Tests\bin\Release\net5.0\Kitpymes.Core.Shared.Tests.dll" adapterTypeName="executor://mstestadapter/v2" className="Kitpymes.Core.Shared.Tests.StringExtensionsTests" name="ToFirstLetterUpper_Passing_ValidValue_Returns_StringWithFirstLetterUpper" />
    </UnitTest>
    <UnitTest name="ToSerialize_Passing_Objects_Returns_String_Values" storage="d:\sferrari\01 - trabajo\repos\netcore\libs\template-netcore-shared\kitpymes.core.shared.tests\bin\release\net5.0\kitpymes.core.shared.tests.dll" id="32c5df81-4a43-441c-ad6f-4b237d163098">
      <Execution id="ed59e110-ac48-49da-b32d-359e5b6714e9" />
      <TestMethod codeBase="D:\SFERRARI\01 - TRABAJO\repos\netcore\libs\template-netcore-shared\Kitpymes.Core.Shared.Tests\bin\Release\net5.0\Kitpymes.Core.Shared.Tests.dll" adapterTypeName="executor://mstestadapter/v2" className="Kitpymes.Core.Shared.Tests.JsonExtensionsTests" name="ToSerialize_Passing_Objects_Returns_String_Values" />
    </UnitTest>
    <UnitTest name="ResultDataUnauthorized" storage="d:\sferrari\01 - trabajo\repos\netcore\libs\template-netcore-shared\kitpymes.core.shared.tests\bin\release\net5.0\kitpymes.core.shared.tests.dll" id="6d7c8963-3d8b-4502-8883-bc2c35014e34">
      <Execution id="eb926a35-0177-4a5e-97d3-c98dd8b5d939" />
      <TestMethod codeBase="D:\SFERRARI\01 - TRABAJO\repos\netcore\libs\template-netcore-shared\Kitpymes.Core.Shared.Tests\bin\Release\net5.0\Kitpymes.Core.Shared.Tests.dll" adapterTypeName="executor://mstestadapter/v2" className="Kitpymes.Core.Shared.Tests.ResultTest" name="ResultDataUnauthorized" />
    </UnitTest>
    <UnitTest name="ToUri_Passing_InvalidValueString_Returns_DefaultValue (http://??)" storage="d:\sferrari\01 - trabajo\repos\netcore\libs\template-netcore-shared\kitpymes.core.shared.tests\bin\release\net5.0\kitpymes.core.shared.tests.dll" id="385093b9-e22b-4cc2-8d06-7a357c159dfc">
      <Execution id="c9f779ae-e633-42cd-8005-8050bce692c7" />
      <TestMethod codeBase="D:\SFERRARI\01 - TRABAJO\repos\netcore\libs\template-netcore-shared\Kitpymes.Core.Shared.Tests\bin\Release\net5.0\Kitpymes.Core.Shared.Tests.dll" adapterTypeName="executor://mstestadapter/v2" className="Kitpymes.Core.Shared.Tests.StringExtensionsTests" name="ToUri_Passing_InvalidValueString_Returns_DefaultValue" />
    </UnitTest>
    <UnitTest name="ToRandom_Passing_ValidValueString_Returns_String" storage="d:\sferrari\01 - trabajo\repos\netcore\libs\template-netcore-shared\kitpymes.core.shared.tests\bin\release\net5.0\kitpymes.core.shared.tests.dll" id="db336488-a657-480e-9c7f-9660fd9d2b56">
      <Execution id="62156ceb-e27d-4f86-a54e-30ab73a0d52d" />
      <TestMethod codeBase="D:\SFERRARI\01 - TRABAJO\repos\netcore\libs\template-netcore-shared\Kitpymes.Core.Shared.Tests\bin\Release\net5.0\Kitpymes.Core.Shared.Tests.dll" adapterTypeName="executor://mstestadapter/v2" className="Kitpymes.Core.Shared.Tests.StringExtensionsTests" name="ToRandom_Passing_ValidValueString_Returns_String" />
    </UnitTest>
    <UnitTest name="ResultUnauthorized" storage="d:\sferrari\01 - trabajo\repos\netcore\libs\template-netcore-shared\kitpymes.core.shared.tests\bin\release\net5.0\kitpymes.core.shared.tests.dll" id="23f5c778-725b-44ec-ace5-8c8d807e2f0e">
      <Execution id="443f6e29-7317-43de-9dff-1e607c63514f" />
      <TestMethod codeBase="D:\SFERRARI\01 - TRABAJO\repos\netcore\libs\template-netcore-shared\Kitpymes.Core.Shared.Tests\bin\Release\net5.0\Kitpymes.Core.Shared.Tests.dll" adapterTypeName="executor://mstestadapter/v2" className="Kitpymes.Core.Shared.Tests.ResultTest" name="ResultUnauthorized" />
    </UnitTest>
    <UnitTest name="ToStringFormat_Passing_ValidValue_Returns_ValueWithoutRemovedChars (-1)" storage="d:\sferrari\01 - trabajo\repos\netcore\libs\template-netcore-shared\kitpymes.core.shared.tests\bin\release\net5.0\kitpymes.core.shared.tests.dll" id="8f159d05-1600-4dc6-a6b7-664a0be835cc">
      <Execution id="707488ab-320e-445b-b33f-c2454831b6e7" />
      <TestMethod codeBase="D:\SFERRARI\01 - TRABAJO\repos\netcore\libs\template-netcore-shared\Kitpymes.Core.Shared.Tests\bin\Release\net5.0\Kitpymes.Core.Shared.Tests.dll" adapterTypeName="executor://mstestadapter/v2" className="Kitpymes.Core.Shared.Tests.IntegerExtensionsTests" name="ToStringFormat_Passing_ValidValue_Returns_ValueWithoutRemovedChars" />
    </UnitTest>
    <UnitTest name="ToIsNullOrEmpty_Passing_InvalidValue_Returns_True" storage="d:\sferrari\01 - trabajo\repos\netcore\libs\template-netcore-shared\kitpymes.core.shared.tests\bin\release\net5.0\kitpymes.core.shared.tests.dll" id="71dd297a-570f-4071-908d-fea48a7361e4">
      <Execution id="f5e9acc0-4998-444c-9e90-807b3d71bbe2" />
      <TestMethod codeBase="D:\SFERRARI\01 - TRABAJO\repos\netcore\libs\template-netcore-shared\Kitpymes.Core.Shared.Tests\bin\Release\net5.0\Kitpymes.Core.Shared.Tests.dll" adapterTypeName="executor://mstestadapter/v2" className="Kitpymes.Core.Shared.Tests.CheckExtensionsTests" name="ToIsNullOrEmpty_Passing_InvalidValue_Returns_True" />
    </UnitTest>
    <UnitTest name="ToReplace_Passing_ValidValue_Returns_ReplacedValue (aeiou,*,0,5,*****)" storage="d:\sferrari\01 - trabajo\repos\netcore\libs\template-netcore-shared\kitpymes.core.shared.tests\bin\release\net5.0\kitpymes.core.shared.tests.dll" id="f1a5f560-fa9d-46b7-9e5f-3ec5ebe6db1a">
      <Execution id="7d804bf3-712e-4005-b148-144de9a566b3" />
      <TestMethod codeBase="D:\SFERRARI\01 - TRABAJO\repos\netcore\libs\template-netcore-shared\Kitpymes.Core.Shared.Tests\bin\Release\net5.0\Kitpymes.Core.Shared.Tests.dll" adapterTypeName="executor://mstestadapter/v2" className="Kitpymes.Core.Shared.Tests.StringExtensionsTests" name="ToReplace_Passing_ValidValue_Returns_ReplacedValue" />
    </UnitTest>
    <UnitTest name="ToEmailMaskUserName_Passing_ValidEmail_Returns_EmailWithMask (qazwsx@gmail.com,q****x@gmail.com)" storage="d:\sferrari\01 - trabajo\repos\netcore\libs\template-netcore-shared\kitpymes.core.shared.tests\bin\release\net5.0\kitpymes.core.shared.tests.dll" id="e0290ac7-e338-45e1-b114-efbc26c8ac47">
      <Execution id="fd4c7e5e-f2c8-469b-8daa-afb2857b37c6" />
      <TestMethod codeBase="D:\SFERRARI\01 - TRABAJO\repos\netcore\libs\template-netcore-shared\Kitpymes.Core.Shared.Tests\bin\Release\net5.0\Kitpymes.Core.Shared.Tests.dll" adapterTypeName="executor://mstestadapter/v2" className="Kitpymes.Core.Shared.Tests.StringExtensionsTests" name="ToEmailMaskUserName_Passing_ValidEmail_Returns_EmailWithMask" />
    </UnitTest>
    <UnitTest name="ToDeserialize_Passing_String_Returns_Object" storage="d:\sferrari\01 - trabajo\repos\netcore\libs\template-netcore-shared\kitpymes.core.shared.tests\bin\release\net5.0\kitpymes.core.shared.tests.dll" id="a97aa609-6642-4a23-83b1-c8bb2cdec11f">
      <Execution id="656373d3-2265-49c6-9da5-a201baa03d29" />
      <TestMethod codeBase="D:\SFERRARI\01 - TRABAJO\repos\netcore\libs\template-netcore-shared\Kitpymes.Core.Shared.Tests\bin\Release\net5.0\Kitpymes.Core.Shared.Tests.dll" adapterTypeName="executor://mstestadapter/v2" className="Kitpymes.Core.Shared.Tests.JsonExtensionsTests" name="ToDeserialize_Passing_String_Returns_Object" />
    </UnitTest>
    <UnitTest name="CreateSHA256_Passing_Invalid_Arguments_Returns_ApplicationException ( )" storage="d:\sferrari\01 - trabajo\repos\netcore\libs\template-netcore-shared\kitpymes.core.shared.tests\bin\release\net5.0\kitpymes.core.shared.tests.dll" id="c0d1114c-61fb-4ef1-a80c-12ee10f70b4d">
      <Execution id="c6e6a369-809a-4dba-96f8-b74844612570" />
      <TestMethod codeBase="D:\SFERRARI\01 - TRABAJO\repos\netcore\libs\template-netcore-shared\Kitpymes.Core.Shared.Tests\bin\Release\net5.0\Kitpymes.Core.Shared.Tests.dll" adapterTypeName="executor://mstestadapter/v2" className="Kitpymes.Core.Shared.Tests.HashTests" name="CreateSHA256_Passing_Invalid_Arguments_Returns_ApplicationException" />
    </UnitTest>
    <UnitTest name="ToUri_Passing_InvalidValueString_Returns_Null (http://../)" storage="d:\sferrari\01 - trabajo\repos\netcore\libs\template-netcore-shared\kitpymes.core.shared.tests\bin\release\net5.0\kitpymes.core.shared.tests.dll" id="6e5758ce-fae3-4c51-9319-93138ab9b0e0">
      <Execution id="936ac43b-5e13-4a93-9184-8e4a6a156b45" />
      <TestMethod codeBase="D:\SFERRARI\01 - TRABAJO\repos\netcore\libs\template-netcore-shared\Kitpymes.Core.Shared.Tests\bin\Release\net5.0\Kitpymes.Core.Shared.Tests.dll" adapterTypeName="executor://mstestadapter/v2" className="Kitpymes.Core.Shared.Tests.StringExtensionsTests" name="ToUri_Passing_InvalidValueString_Returns_Null" />
    </UnitTest>
    <UnitTest name="ToIsEmailThrow_Passing_InvalidValue_Returns_ApplicationExceptionWithMessage ()" storage="d:\sferrari\01 - trabajo\repos\netcore\libs\template-netcore-shared\kitpymes.core.shared.tests\bin\release\net5.0\kitpymes.core.shared.tests.dll" id="6283b639-f757-42ed-a617-029e6b8c0fc7">
      <Execution id="93f1b9f1-021b-495a-b704-2ecc5c50112f" />
      <TestMethod codeBase="D:\SFERRARI\01 - TRABAJO\repos\netcore\libs\template-netcore-shared\Kitpymes.Core.Shared.Tests\bin\Release\net5.0\Kitpymes.Core.Shared.Tests.dll" adapterTypeName="executor://mstestadapter/v2" className="Kitpymes.Core.Shared.Tests.CheckExtensionsTests" name="ToIsEmailThrow_Passing_InvalidValue_Returns_ApplicationExceptionWithMessage" />
    </UnitTest>
    <UnitTest name="ToAssembly_Passing_ValidValueAssemblyString_Returns_Assembly" storage="d:\sferrari\01 - trabajo\repos\netcore\libs\template-netcore-shared\kitpymes.core.shared.tests\bin\release\net5.0\kitpymes.core.shared.tests.dll" id="139929df-4bc8-4e6c-ba27-7db391cbfbcf">
      <Execution id="ae81ce66-2ded-44b0-94ef-f6b935faf47d" />
      <TestMethod codeBase="D:\SFERRARI\01 - TRABAJO\repos\netcore\libs\template-netcore-shared\Kitpymes.Core.Shared.Tests\bin\Release\net5.0\Kitpymes.Core.Shared.Tests.dll" adapterTypeName="executor://mstestadapter/v2" className="Kitpymes.Core.Shared.Tests.StringExtensionsTests" name="ToAssembly_Passing_ValidValueAssemblyString_Returns_Assembly" />
    </UnitTest>
    <UnitTest name="ToIsWeekend_Passing_Saturday_DateTime_Returns_True" storage="d:\sferrari\01 - trabajo\repos\netcore\libs\template-netcore-shared\kitpymes.core.shared.tests\bin\release\net5.0\kitpymes.core.shared.tests.dll" id="24a11f5c-9a02-4338-b5c9-bdc13f0f4016">
      <Execution id="b16cc5da-bc73-45dc-bbba-ed9b892c0b6f" />
      <TestMethod codeBase="D:\SFERRARI\01 - TRABAJO\repos\netcore\libs\template-netcore-shared\Kitpymes.Core.Shared.Tests\bin\Release\net5.0\Kitpymes.Core.Shared.Tests.dll" adapterTypeName="executor://mstestadapter/v2" className="Kitpymes.Core.Shared.Tests.DateTimeExtensionsTests" name="ToIsWeekend_Passing_Saturday_DateTime_Returns_True" />
    </UnitTest>
    <UnitTest name="ToEmailMaskUserNameAndDomain_Passing_ValidEmail_Returns_EmailWithMask (qaz@gmail.com,q*z@g***l.com)" storage="d:\sferrari\01 - trabajo\repos\netcore\libs\template-netcore-shared\kitpymes.core.shared.tests\bin\release\net5.0\kitpymes.core.shared.tests.dll" id="f44eb6e4-9ecb-4424-b6b4-f49e7a02f500">
      <Execution id="60345286-d848-4082-8856-6c56471a67e6" />
      <TestMethod codeBase="D:\SFERRARI\01 - TRABAJO\repos\netcore\libs\template-netcore-shared\Kitpymes.Core.Shared.Tests\bin\Release\net5.0\Kitpymes.Core.Shared.Tests.dll" adapterTypeName="executor://mstestadapter/v2" className="Kitpymes.Core.Shared.Tests.StringExtensionsTests" name="ToEmailMaskUserNameAndDomain_Passing_ValidEmail_Returns_EmailWithMask" />
    </UnitTest>
    <UnitTest name="ToFormat_Passing_ValidTimeSpanValue_Returns_ValueWithFormatString" storage="d:\sferrari\01 - trabajo\repos\netcore\libs\template-netcore-shared\kitpymes.core.shared.tests\bin\release\net5.0\kitpymes.core.shared.tests.dll" id="b30f0743-b44c-4658-bb7d-a6bfbdb55fd2">
      <Execution id="aa9fdd9c-4386-4b98-948c-710b139bad14" />
      <TestMethod codeBase="D:\SFERRARI\01 - TRABAJO\repos\netcore\libs\template-netcore-shared\Kitpymes.Core.Shared.Tests\bin\Release\net5.0\Kitpymes.Core.Shared.Tests.dll" adapterTypeName="executor://mstestadapter/v2" className="Kitpymes.Core.Shared.Tests.TimeSpanExtensionsTests" name="ToFormat_Passing_ValidTimeSpanValue_Returns_ValueWithFormatString" />
    </UnitTest>
    <UnitTest name="ToEmailMaskUserNameAndDomainAndExtension_Passing_ValidEmail_Returns_EmailWithMask (qazwsxedc@gmail.com,q*******c@g***l.c*m)" storage="d:\sferrari\01 - trabajo\repos\netcore\libs\template-netcore-shared\kitpymes.core.shared.tests\bin\release\net5.0\kitpymes.core.shared.tests.dll" id="5c254aab-f904-410a-b92c-065f67dc94fd">
      <Execution id="6da8851c-c359-41a4-b8e4-7a75392b9637" />
      <TestMethod codeBase="D:\SFERRARI\01 - TRABAJO\repos\netcore\libs\template-netcore-shared\Kitpymes.Core.Shared.Tests\bin\Release\net5.0\Kitpymes.Core.Shared.Tests.dll" adapterTypeName="executor://mstestadapter/v2" className="Kitpymes.Core.Shared.Tests.StringExtensionsTests" name="ToEmailMaskUserNameAndDomainAndExtension_Passing_ValidEmail_Returns_EmailWithMask" />
    </UnitTest>
    <UnitTest name="ToExists_Passing_NotFound_Service_Returns_False" storage="d:\sferrari\01 - trabajo\repos\netcore\libs\template-netcore-shared\kitpymes.core.shared.tests\bin\release\net5.0\kitpymes.core.shared.tests.dll" id="668825af-931d-4e75-85df-cf7222b51049">
      <Execution id="5c4fda4e-10b6-4daf-9cc2-7d0c6c418647" />
      <TestMethod codeBase="D:\SFERRARI\01 - TRABAJO\repos\netcore\libs\template-netcore-shared\Kitpymes.Core.Shared.Tests\bin\Release\net5.0\Kitpymes.Core.Shared.Tests.dll" adapterTypeName="executor://mstestadapter/v2" className="Kitpymes.Core.Shared.Tests.ConfigurationBuilderExtensionsTests" name="ToExists_Passing_NotFound_Service_Returns_False" />
    </UnitTest>
    <UnitTest name="ToUri_Passing_ValidValueString_Returns_Uri (//foo.com/blah_blah/)" storage="d:\sferrari\01 - trabajo\repos\netcore\libs\template-netcore-shared\kitpymes.core.shared.tests\bin\release\net5.0\kitpymes.core.shared.tests.dll" id="4183393f-a879-4145-9260-ee32decb0032">
      <Execution id="ebfeae38-6aa7-4e49-8a69-59913814c062" />
      <TestMethod codeBase="D:\SFERRARI\01 - TRABAJO\repos\netcore\libs\template-netcore-shared\Kitpymes.Core.Shared.Tests\bin\Release\net5.0\Kitpymes.Core.Shared.Tests.dll" adapterTypeName="executor://mstestadapter/v2" className="Kitpymes.Core.Shared.Tests.StringExtensionsTests" name="ToUri_Passing_ValidValueString_Returns_Uri" />
    </UnitTest>
    <UnitTest name="ToDefaultValue_Passing_ValidInt_Returns_DefaultValue" storage="d:\sferrari\01 - trabajo\repos\netcore\libs\template-netcore-shared\kitpymes.core.shared.tests\bin\release\net5.0\kitpymes.core.shared.tests.dll" id="325b2153-0a53-45c0-89bf-d218b6f22c92">
      <Execution id="5020bd54-5508-4e2f-a1a9-159f627d261f" />
      <TestMethod codeBase="D:\SFERRARI\01 - TRABAJO\repos\netcore\libs\template-netcore-shared\Kitpymes.Core.Shared.Tests\bin\Release\net5.0\Kitpymes.Core.Shared.Tests.dll" adapterTypeName="executor://mstestadapter/v2" className="Kitpymes.Core.Shared.Tests.TypeExtensionsTests" name="ToDefaultValue_Passing_ValidInt_Returns_DefaultValue" />
    </UnitTest>
    <UnitTest name="ToNormalize_Passing_ValidValue_Returns_NormalizedValue (ñ Ñ,n N)" storage="d:\sferrari\01 - trabajo\repos\netcore\libs\template-netcore-shared\kitpymes.core.shared.tests\bin\release\net5.0\kitpymes.core.shared.tests.dll" id="4a51ee7d-f1a8-405d-9900-91e8c4f1e625">
      <Execution id="bc4f04f6-6893-463e-8fe3-5fc14b53e6ef" />
      <TestMethod codeBase="D:\SFERRARI\01 - TRABAJO\repos\netcore\libs\template-netcore-shared\Kitpymes.Core.Shared.Tests\bin\Release\net5.0\Kitpymes.Core.Shared.Tests.dll" adapterTypeName="executor://mstestadapter/v2" className="Kitpymes.Core.Shared.Tests.StringExtensionsTests" name="ToNormalize_Passing_ValidValue_Returns_NormalizedValue" />
    </UnitTest>
    <UnitTest name="ToIsSubdomainThrow_Passing_InvalidValue_Returns_ApplicationExceptionWithMessage (34?fsds@sdd.yy)" storage="d:\sferrari\01 - trabajo\repos\netcore\libs\template-netcore-shared\kitpymes.core.shared.tests\bin\release\net5.0\kitpymes.core.shared.tests.dll" id="029a7e8f-5dda-418a-8114-5ee88dd81b10">
      <Execution id="e66f8219-68ff-418a-964d-bc04ab135035" />
      <TestMethod codeBase="D:\SFERRARI\01 - TRABAJO\repos\netcore\libs\template-netcore-shared\Kitpymes.Core.Shared.Tests\bin\Release\net5.0\Kitpymes.Core.Shared.Tests.dll" adapterTypeName="executor://mstestadapter/v2" className="Kitpymes.Core.Shared.Tests.CheckExtensionsTests" name="ToIsSubdomainThrow_Passing_InvalidValue_Returns_ApplicationExceptionWithMessage" />
    </UnitTest>
    <UnitTest name="ToUri_Passing_InvalidValueString_Returns_DefaultValue (http://##/)" storage="d:\sferrari\01 - trabajo\repos\netcore\libs\template-netcore-shared\kitpymes.core.shared.tests\bin\release\net5.0\kitpymes.core.shared.tests.dll" id="be349c7f-d2fa-4572-b67d-cd79dc212272">
      <Execution id="f21e1036-455b-43bc-ab3b-3a25336b31a9" />
      <TestMethod codeBase="D:\SFERRARI\01 - TRABAJO\repos\netcore\libs\template-netcore-shared\Kitpymes.Core.Shared.Tests\bin\Release\net5.0\Kitpymes.Core.Shared.Tests.dll" adapterTypeName="executor://mstestadapter/v2" className="Kitpymes.Core.Shared.Tests.StringExtensionsTests" name="ToUri_Passing_InvalidValueString_Returns_DefaultValue" />
    </UnitTest>
    <UnitTest name="CreateRandom_WithDefaultAllowableCharacters_Passing_ValidArguments_Returns_String_Random_Value (10)" storage="d:\sferrari\01 - trabajo\repos\netcore\libs\template-netcore-shared\kitpymes.core.shared.tests\bin\release\net5.0\kitpymes.core.shared.tests.dll" id="d6f00f73-25bd-4a76-a3e8-1fd3a29edab2">
      <Execution id="684aa21a-2fb2-4103-b4a2-e38079d5eb58" />
      <TestMethod codeBase="D:\SFERRARI\01 - TRABAJO\repos\netcore\libs\template-netcore-shared\Kitpymes.Core.Shared.Tests\bin\Release\net5.0\Kitpymes.Core.Shared.Tests.dll" adapterTypeName="executor://mstestadapter/v2" className="Kitpymes.Core.Shared.Tests.HashTests" name="CreateRandom_WithDefaultAllowableCharacters_Passing_ValidArguments_Returns_String_Random_Value" />
    </UnitTest>
    <UnitTest name="ToDetails_Passing_HttpContext_WithOptionalData_Returns_Details_HttpContext" storage="d:\sferrari\01 - trabajo\repos\netcore\libs\template-netcore-shared\kitpymes.core.shared.tests\bin\release\net5.0\kitpymes.core.shared.tests.dll" id="b5f04eb4-22dd-4bb5-afe8-e7b1d2d8f6ea">
      <Execution id="3cd6878c-6d85-4c3a-bc4c-9a0b87e3a3d4" />
      <TestMethod codeBase="D:\SFERRARI\01 - TRABAJO\repos\netcore\libs\template-netcore-shared\Kitpymes.Core.Shared.Tests\bin\Release\net5.0\Kitpymes.Core.Shared.Tests.dll" adapterTypeName="executor://mstestadapter/v2" className="Kitpymes.Core.Shared.Tests.HttpContextExtensionsTests" name="ToDetails_Passing_HttpContext_WithOptionalData_Returns_Details_HttpContext" />
    </UnitTest>
    <UnitTest name="ToInt_Passing_Enumeration_Name_Returns_Description_Atributte" storage="d:\sferrari\01 - trabajo\repos\netcore\libs\template-netcore-shared\kitpymes.core.shared.tests\bin\release\net5.0\kitpymes.core.shared.tests.dll" id="eee026e6-9fd7-4b61-a78d-93a437062156">
      <Execution id="1fb6d9ac-d389-4105-b5bf-09cecce28355" />
      <TestMethod codeBase="D:\SFERRARI\01 - TRABAJO\repos\netcore\libs\template-netcore-shared\Kitpymes.Core.Shared.Tests\bin\Release\net5.0\Kitpymes.Core.Shared.Tests.dll" adapterTypeName="executor://mstestadapter/v2" className="Kitpymes.Core.Shared.Tests.EnumExtensionsTests" name="ToInt_Passing_Enumeration_Name_Returns_Description_Atributte" />
    </UnitTest>
    <UnitTest name="ResultOkData" storage="d:\sferrari\01 - trabajo\repos\netcore\libs\template-netcore-shared\kitpymes.core.shared.tests\bin\release\net5.0\kitpymes.core.shared.tests.dll" id="70d8421d-fc70-4d7f-a836-8a08228ad41f">
      <Execution id="e4808e50-520c-46ef-9a83-a80be889f1df" />
      <TestMethod codeBase="D:\SFERRARI\01 - TRABAJO\repos\netcore\libs\template-netcore-shared\Kitpymes.Core.Shared.Tests\bin\Release\net5.0\Kitpymes.Core.Shared.Tests.dll" adapterTypeName="executor://mstestadapter/v2" className="Kitpymes.Core.Shared.Tests.ResultTest" name="ResultOkData" />
    </UnitTest>
    <UnitTest name="IsRange_Passing_InvalidArguments_Returns_HasErrorsAndCount" storage="d:\sferrari\01 - trabajo\repos\netcore\libs\template-netcore-shared\kitpymes.core.shared.tests\bin\release\net5.0\kitpymes.core.shared.tests.dll" id="26fa8e43-b89f-41da-a212-db786543597a">
      <Execution id="53d67ad5-88ce-4b99-aeb0-635c268dac9a" />
      <TestMethod codeBase="D:\SFERRARI\01 - TRABAJO\repos\netcore\libs\template-netcore-shared\Kitpymes.Core.Shared.Tests\bin\Release\net5.0\Kitpymes.Core.Shared.Tests.dll" adapterTypeName="executor://mstestadapter/v2" className="Kitpymes.Core.Shared.Tests.CheckTests" name="IsRange_Passing_InvalidArguments_Returns_HasErrorsAndCount" />
    </UnitTest>
    <UnitTest name="ToList_Passing_ValidEnumType_Returns_ValuesList" storage="d:\sferrari\01 - trabajo\repos\netcore\libs\template-netcore-shared\kitpymes.core.shared.tests\bin\release\net5.0\kitpymes.core.shared.tests.dll" id="6e88820e-8285-4772-87b4-aff10a955bc1">
      <Execution id="819fa704-7c31-4be6-a369-8e0f9dff6b3d" />
      <TestMethod codeBase="D:\SFERRARI\01 - TRABAJO\repos\netcore\libs\template-netcore-shared\Kitpymes.Core.Shared.Tests\bin\Release\net5.0\Kitpymes.Core.Shared.Tests.dll" adapterTypeName="executor://mstestadapter/v2" className="Kitpymes.Core.Shared.Tests.EnumsTests" name="ToList_Passing_ValidEnumType_Returns_ValuesList" />
    </UnitTest>
    <UnitTest name="ToUri_Passing_InvalidValueString_Returns_DefaultValue (http://?)" storage="d:\sferrari\01 - trabajo\repos\netcore\libs\template-netcore-shared\kitpymes.core.shared.tests\bin\release\net5.0\kitpymes.core.shared.tests.dll" id="d95fe559-da04-451c-816e-c7362097875d">
      <Execution id="703437df-6310-4a48-a4a6-be739009c0e5" />
      <TestMethod codeBase="D:\SFERRARI\01 - TRABAJO\repos\netcore\libs\template-netcore-shared\Kitpymes.Core.Shared.Tests\bin\Release\net5.0\Kitpymes.Core.Shared.Tests.dll" adapterTypeName="executor://mstestadapter/v2" className="Kitpymes.Core.Shared.Tests.StringExtensionsTests" name="ToUri_Passing_InvalidValueString_Returns_DefaultValue" />
    </UnitTest>
    <UnitTest name="ToInt_Passing_InvalidValueString_Returns_DefaultValue (1.333,39)" storage="d:\sferrari\01 - trabajo\repos\netcore\libs\template-netcore-shared\kitpymes.core.shared.tests\bin\release\net5.0\kitpymes.core.shared.tests.dll" id="f69e5d8c-d74a-4453-94ac-364b9e1c54db">
      <Execution id="2275b495-78bf-4a75-9790-b63f68398f7f" />
      <TestMethod codeBase="D:\SFERRARI\01 - TRABAJO\repos\netcore\libs\template-netcore-shared\Kitpymes.Core.Shared.Tests\bin\Release\net5.0\Kitpymes.Core.Shared.Tests.dll" adapterTypeName="executor://mstestadapter/v2" className="Kitpymes.Core.Shared.Tests.StringExtensionsTests" name="ToInt_Passing_InvalidValueString_Returns_DefaultValue" />
    </UnitTest>
    <UnitTest name="ToAge_Passing_Birthday_DateTime_Returns_Age" storage="d:\sferrari\01 - trabajo\repos\netcore\libs\template-netcore-shared\kitpymes.core.shared.tests\bin\release\net5.0\kitpymes.core.shared.tests.dll" id="bd7f814a-bc65-4a03-8ecf-dd022c351d5c">
      <Execution id="02ed12fa-eb3e-4936-9ceb-82c72115a4e0" />
      <TestMethod codeBase="D:\SFERRARI\01 - TRABAJO\repos\netcore\libs\template-netcore-shared\Kitpymes.Core.Shared.Tests\bin\Release\net5.0\Kitpymes.Core.Shared.Tests.dll" adapterTypeName="executor://mstestadapter/v2" className="Kitpymes.Core.Shared.Tests.DateTimeExtensionsTests" name="ToAge_Passing_Birthday_DateTime_Returns_Age" />
    </UnitTest>
    <UnitTest name="ToUri_Passing_ValidValueString_Returns_Uri (http://foo.com/blah_blah?p=5&amp;j=fe)" storage="d:\sferrari\01 - trabajo\repos\netcore\libs\template-netcore-shared\kitpymes.core.shared.tests\bin\release\net5.0\kitpymes.core.shared.tests.dll" id="2265971f-c8ca-467b-af07-4cac9f10884e">
      <Execution id="26c4e71d-77ea-495f-a189-22c80211acd4" />
      <TestMethod codeBase="D:\SFERRARI\01 - TRABAJO\repos\netcore\libs\template-netcore-shared\Kitpymes.Core.Shared.Tests\bin\Release\net5.0\Kitpymes.Core.Shared.Tests.dll" adapterTypeName="executor://mstestadapter/v2" className="Kitpymes.Core.Shared.Tests.StringExtensionsTests" name="ToUri_Passing_ValidValueString_Returns_Uri" />
    </UnitTest>
    <UnitTest name="ToNormalize_Passing_ValidValue_Returns_NormalizedValue ( * ¨ ^ _ : - ? ¿ ; ,)" storage="d:\sferrari\01 - trabajo\repos\netcore\libs\template-netcore-shared\kitpymes.core.shared.tests\bin\release\net5.0\kitpymes.core.shared.tests.dll" id="a1b7378b-7964-495f-b32e-6dcb52a4bd13">
      <Execution id="c0d8ede4-b0d1-4226-968d-d6309a2a0863" />
      <TestMethod codeBase="D:\SFERRARI\01 - TRABAJO\repos\netcore\libs\template-netcore-shared\Kitpymes.Core.Shared.Tests\bin\Release\net5.0\Kitpymes.Core.Shared.Tests.dll" adapterTypeName="executor://mstestadapter/v2" className="Kitpymes.Core.Shared.Tests.StringExtensionsTests" name="ToNormalize_Passing_ValidValue_Returns_NormalizedValue" />
    </UnitTest>
    <UnitTest name="ToUri_Passing_ValidValueString_Returns_Uri (http://☺.damowmow.com/)" storage="d:\sferrari\01 - trabajo\repos\netcore\libs\template-netcore-shared\kitpymes.core.shared.tests\bin\release\net5.0\kitpymes.core.shared.tests.dll" id="5959d262-9f2c-488e-b6d4-7680d0edfe72">
      <Execution id="799e75c7-b48d-4cca-93cd-e389fa360abf" />
      <TestMethod codeBase="D:\SFERRARI\01 - TRABAJO\repos\netcore\libs\template-netcore-shared\Kitpymes.Core.Shared.Tests\bin\Release\net5.0\Kitpymes.Core.Shared.Tests.dll" adapterTypeName="executor://mstestadapter/v2" className="Kitpymes.Core.Shared.Tests.StringExtensionsTests" name="ToUri_Passing_ValidValueString_Returns_Uri" />
    </UnitTest>
    <UnitTest name="ToDirectoryFileInfo_Passing_ValidValue_Returns_FileInfo" storage="d:\sferrari\01 - trabajo\repos\netcore\libs\template-netcore-shared\kitpymes.core.shared.tests\bin\release\net5.0\kitpymes.core.shared.tests.dll" id="43cb19b9-dc4d-4011-a057-6e6db2bd0df7">
      <Execution id="4c2f1d0b-c1d2-4931-bce6-1d2df4c94eb0" />
      <TestMethod codeBase="D:\SFERRARI\01 - TRABAJO\repos\netcore\libs\template-netcore-shared\Kitpymes.Core.Shared.Tests\bin\Release\net5.0\Kitpymes.Core.Shared.Tests.dll" adapterTypeName="executor://mstestadapter/v2" className="Kitpymes.Core.Shared.Tests.StringExtensionsTests" name="ToDirectoryFileInfo_Passing_ValidValue_Returns_FileInfo" />
    </UnitTest>
    <UnitTest name="ToTryGetHeader_Passing_HttpRequest_Header_Many_Values_Returns_Values" storage="d:\sferrari\01 - trabajo\repos\netcore\libs\template-netcore-shared\kitpymes.core.shared.tests\bin\release\net5.0\kitpymes.core.shared.tests.dll" id="f2369893-ea63-4a88-b651-04d443879bb1">
      <Execution id="6cb37287-d61f-4e72-b9e8-ed1d7d5d27d0" />
      <TestMethod codeBase="D:\SFERRARI\01 - TRABAJO\repos\netcore\libs\template-netcore-shared\Kitpymes.Core.Shared.Tests\bin\Release\net5.0\Kitpymes.Core.Shared.Tests.dll" adapterTypeName="executor://mstestadapter/v2" className="Kitpymes.Core.Shared.Tests.HttpRequestExtensionsTests" name="ToTryGetHeader_Passing_HttpRequest_Header_Many_Values_Returns_Values" />
    </UnitTest>
    <UnitTest name="ToStringFormat_Passing_ValidValue_Returns_ValueWithoutRemovedChars (0)" storage="d:\sferrari\01 - trabajo\repos\netcore\libs\template-netcore-shared\kitpymes.core.shared.tests\bin\release\net5.0\kitpymes.core.shared.tests.dll" id="cd9c9cb8-4643-40b9-9a76-41701b4a022d">
      <Execution id="aa64dbc0-7208-4728-b0d0-ac99010f78a4" />
      <TestMethod codeBase="D:\SFERRARI\01 - TRABAJO\repos\netcore\libs\template-netcore-shared\Kitpymes.Core.Shared.Tests\bin\Release\net5.0\Kitpymes.Core.Shared.Tests.dll" adapterTypeName="executor://mstestadapter/v2" className="Kitpymes.Core.Shared.Tests.IntegerExtensionsTests" name="ToStringFormat_Passing_ValidValue_Returns_ValueWithoutRemovedChars" />
    </UnitTest>
    <UnitTest name="ToRemove_Passing_ValidValue_Returns_ValueWithoutRemovedChars (hello hello, ,hellohello)" storage="d:\sferrari\01 - trabajo\repos\netcore\libs\template-netcore-shared\kitpymes.core.shared.tests\bin\release\net5.0\kitpymes.core.shared.tests.dll" id="e2de0433-b36d-4be8-b51c-59fbc50660c7">
      <Execution id="7c987000-47bf-4dc1-9808-0c5b25cf5ba3" />
      <TestMethod codeBase="D:\SFERRARI\01 - TRABAJO\repos\netcore\libs\template-netcore-shared\Kitpymes.Core.Shared.Tests\bin\Release\net5.0\Kitpymes.Core.Shared.Tests.dll" adapterTypeName="executor://mstestadapter/v2" className="Kitpymes.Core.Shared.Tests.StringExtensionsTests" name="ToRemove_Passing_ValidValue_Returns_ValueWithoutRemovedChars" />
    </UnitTest>
    <UnitTest name="ToRemove_Passing_ValidValue_Returns_ValueWithoutRemovedChars ( * , ,*)" storage="d:\sferrari\01 - trabajo\repos\netcore\libs\template-netcore-shared\kitpymes.core.shared.tests\bin\release\net5.0\kitpymes.core.shared.tests.dll" id="2fcbeae0-3bc5-4046-adc0-162128d910ac">
      <Execution id="9fe8f5d0-d6ad-412f-9032-8dff809b1aea" />
      <TestMethod codeBase="D:\SFERRARI\01 - TRABAJO\repos\netcore\libs\template-netcore-shared\Kitpymes.Core.Shared.Tests\bin\Release\net5.0\Kitpymes.Core.Shared.Tests.dll" adapterTypeName="executor://mstestadapter/v2" className="Kitpymes.Core.Shared.Tests.StringExtensionsTests" name="ToRemove_Passing_ValidValue_Returns_ValueWithoutRemovedChars" />
    </UnitTest>
    <UnitTest name="ResultDataInternalServerError" storage="d:\sferrari\01 - trabajo\repos\netcore\libs\template-netcore-shared\kitpymes.core.shared.tests\bin\release\net5.0\kitpymes.core.shared.tests.dll" id="5ae9e30b-5e75-4fc3-85a1-270d34dc0b2e">
      <Execution id="bd0ee493-1cce-40bd-86b9-98a9ecee6bbc" />
      <TestMethod codeBase="D:\SFERRARI\01 - TRABAJO\repos\netcore\libs\template-netcore-shared\Kitpymes.Core.Shared.Tests\bin\Release\net5.0\Kitpymes.Core.Shared.Tests.dll" adapterTypeName="executor://mstestadapter/v2" className="Kitpymes.Core.Shared.Tests.ResultTest" name="ResultDataInternalServerError" />
    </UnitTest>
    <UnitTest name="ToUri_Passing_ValidValueString_Returns_Uri (https://foo.com/blah_blah)" storage="d:\sferrari\01 - trabajo\repos\netcore\libs\template-netcore-shared\kitpymes.core.shared.tests\bin\release\net5.0\kitpymes.core.shared.tests.dll" id="c25171e7-1b39-4701-9bce-d2d47e64154c">
      <Execution id="811773dd-f048-4a04-8daa-7d11a3b0337f" />
      <TestMethod codeBase="D:\SFERRARI\01 - TRABAJO\repos\netcore\libs\template-netcore-shared\Kitpymes.Core.Shared.Tests\bin\Release\net5.0\Kitpymes.Core.Shared.Tests.dll" adapterTypeName="executor://mstestadapter/v2" className="Kitpymes.Core.Shared.Tests.StringExtensionsTests" name="ToUri_Passing_ValidValueString_Returns_Uri" />
    </UnitTest>
    <UnitTest name="CreateAndVerifySHA512_Passing_Valid_Arguments_Returns_True (Password)" storage="d:\sferrari\01 - trabajo\repos\netcore\libs\template-netcore-shared\kitpymes.core.shared.tests\bin\release\net5.0\kitpymes.core.shared.tests.dll" id="5b9e941a-6559-484f-9d41-75cbaa76e4fe">
      <Execution id="1da6428e-eba5-427b-8882-93a2a037b85c" />
      <TestMethod codeBase="D:\SFERRARI\01 - TRABAJO\repos\netcore\libs\template-netcore-shared\Kitpymes.Core.Shared.Tests\bin\Release\net5.0\Kitpymes.Core.Shared.Tests.dll" adapterTypeName="executor://mstestadapter/v2" className="Kitpymes.Core.Shared.Tests.HashTests" name="CreateAndVerifySHA512_Passing_Valid_Arguments_Returns_True" />
    </UnitTest>
    <UnitTest name="ToEmailMaskUserNameAndDomain_Passing_ValidEmail_Returns_EmailWithMask (qazwsx@gmailgmail.com,q****x@g********l.com)" storage="d:\sferrari\01 - trabajo\repos\netcore\libs\template-netcore-shared\kitpymes.core.shared.tests\bin\release\net5.0\kitpymes.core.shared.tests.dll" id="3cc3777e-583e-4d2a-b13b-76cb20db8005">
      <Execution id="8de84b0d-af58-4c34-92f4-e102ddd1936b" />
      <TestMethod codeBase="D:\SFERRARI\01 - TRABAJO\repos\netcore\libs\template-netcore-shared\Kitpymes.Core.Shared.Tests\bin\Release\net5.0\Kitpymes.Core.Shared.Tests.dll" adapterTypeName="executor://mstestadapter/v2" className="Kitpymes.Core.Shared.Tests.StringExtensionsTests" name="ToEmailMaskUserNameAndDomain_Passing_ValidEmail_Returns_EmailWithMask" />
    </UnitTest>
    <UnitTest name="ToNormalize_Passing_ValidValue_Returns_NormalizedValue (Mañana,Manana)" storage="d:\sferrari\01 - trabajo\repos\netcore\libs\template-netcore-shared\kitpymes.core.shared.tests\bin\release\net5.0\kitpymes.core.shared.tests.dll" id="6e7cfa60-bdb2-409c-9882-c3c9e4971a5a">
      <Execution id="65485b2c-0618-41ce-bd28-56496883d1db" />
      <TestMethod codeBase="D:\SFERRARI\01 - TRABAJO\repos\netcore\libs\template-netcore-shared\Kitpymes.Core.Shared.Tests\bin\Release\net5.0\Kitpymes.Core.Shared.Tests.dll" adapterTypeName="executor://mstestadapter/v2" className="Kitpymes.Core.Shared.Tests.StringExtensionsTests" name="ToNormalize_Passing_ValidValue_Returns_NormalizedValue" />
    </UnitTest>
    <UnitTest name="CreateRandom_WithCustomAllowableCharacters_Passing_Valid_Arguments_Returns_String_Random_Value (20,qazwscefbthmiklp09876543)" storage="d:\sferrari\01 - trabajo\repos\netcore\libs\template-netcore-shared\kitpymes.core.shared.tests\bin\release\net5.0\kitpymes.core.shared.tests.dll" id="d34f7769-39f7-4802-aa58-5624a82759b2">
      <Execution id="95f9cf16-b342-4109-94ea-17e4a317fd39" />
      <TestMethod codeBase="D:\SFERRARI\01 - TRABAJO\repos\netcore\libs\template-netcore-shared\Kitpymes.Core.Shared.Tests\bin\Release\net5.0\Kitpymes.Core.Shared.Tests.dll" adapterTypeName="executor://mstestadapter/v2" className="Kitpymes.Core.Shared.Tests.HashTests" name="CreateRandom_WithCustomAllowableCharacters_Passing_Valid_Arguments_Returns_String_Random_Value" />
    </UnitTest>
    <UnitTest name="ToDefaultValue_Passing_ValidBoolean_Returns_DefaultValue" storage="d:\sferrari\01 - trabajo\repos\netcore\libs\template-netcore-shared\kitpymes.core.shared.tests\bin\release\net5.0\kitpymes.core.shared.tests.dll" id="aee4675d-c278-428a-a851-efa4058664e1">
      <Execution id="41661026-6dd1-4552-9e15-fe4f1a61cf5a" />
      <TestMethod codeBase="D:\SFERRARI\01 - TRABAJO\repos\netcore\libs\template-netcore-shared\Kitpymes.Core.Shared.Tests\bin\Release\net5.0\Kitpymes.Core.Shared.Tests.dll" adapterTypeName="executor://mstestadapter/v2" className="Kitpymes.Core.Shared.Tests.TypeExtensionsTests" name="ToDefaultValue_Passing_ValidBoolean_Returns_DefaultValue" />
    </UnitTest>
    <UnitTest name="ToConfigureOrDefault_Passing_ActionCustomValues_Returns_CustomValues" storage="d:\sferrari\01 - trabajo\repos\netcore\libs\template-netcore-shared\kitpymes.core.shared.tests\bin\release\net5.0\kitpymes.core.shared.tests.dll" id="30c6203e-c17f-4fab-9d73-d29ddbf83fc6">
      <Execution id="0b5e989f-6190-46db-85bf-f4f02843f1f9" />
      <TestMethod codeBase="D:\SFERRARI\01 - TRABAJO\repos\netcore\libs\template-netcore-shared\Kitpymes.Core.Shared.Tests\bin\Release\net5.0\Kitpymes.Core.Shared.Tests.dll" adapterTypeName="executor://mstestadapter/v2" className="Kitpymes.Core.Shared.Tests.ActionExtensionsTests" name="ToConfigureOrDefault_Passing_ActionCustomValues_Returns_CustomValues" />
    </UnitTest>
    <UnitTest name="ToRemove_Passing_ValidValue_Returns_ValueWithoutRemovedChars (aeiou,aeio,u)" storage="d:\sferrari\01 - trabajo\repos\netcore\libs\template-netcore-shared\kitpymes.core.shared.tests\bin\release\net5.0\kitpymes.core.shared.tests.dll" id="90ea4ec4-0d36-4c2a-a340-ccf4b2a20898">
      <Execution id="cb2806bc-b1d5-44d4-a0bb-8b3033ef6628" />
      <TestMethod codeBase="D:\SFERRARI\01 - TRABAJO\repos\netcore\libs\template-netcore-shared\Kitpymes.Core.Shared.Tests\bin\Release\net5.0\Kitpymes.Core.Shared.Tests.dll" adapterTypeName="executor://mstestadapter/v2" className="Kitpymes.Core.Shared.Tests.StringExtensionsTests" name="ToRemove_Passing_ValidValue_Returns_ValueWithoutRemovedChars" />
    </UnitTest>
    <UnitTest name="ToIsFileThrow_Passing_InvalidValue_Returns_ApplicationExceptionWithMessage" storage="d:\sferrari\01 - trabajo\repos\netcore\libs\template-netcore-shared\kitpymes.core.shared.tests\bin\release\net5.0\kitpymes.core.shared.tests.dll" id="c35b1df6-2d12-40e2-8a0d-8aa63ff6ce27">
      <Execution id="0e0401b6-e63b-4ad6-9fb3-b522104d743f" />
      <TestMethod codeBase="D:\SFERRARI\01 - TRABAJO\repos\netcore\libs\template-netcore-shared\Kitpymes.Core.Shared.Tests\bin\Release\net5.0\Kitpymes.Core.Shared.Tests.dll" adapterTypeName="executor://mstestadapter/v2" className="Kitpymes.Core.Shared.Tests.CheckExtensionsTests" name="ToIsFileThrow_Passing_InvalidValue_Returns_ApplicationExceptionWithMessage" />
    </UnitTest>
    <UnitTest name="ToUri_Passing_ValidValueString_Returns_Uri (http://142.42.1.1/)" storage="d:\sferrari\01 - trabajo\repos\netcore\libs\template-netcore-shared\kitpymes.core.shared.tests\bin\release\net5.0\kitpymes.core.shared.tests.dll" id="32f5a31a-d4d2-4796-b0c6-d53ccb5e8bae">
      <Execution id="356743b1-2eb7-43de-b514-a02e15cf1ebe" />
      <TestMethod codeBase="D:\SFERRARI\01 - TRABAJO\repos\netcore\libs\template-netcore-shared\Kitpymes.Core.Shared.Tests\bin\Release\net5.0\Kitpymes.Core.Shared.Tests.dll" adapterTypeName="executor://mstestadapter/v2" className="Kitpymes.Core.Shared.Tests.StringExtensionsTests" name="ToUri_Passing_ValidValueString_Returns_Uri" />
    </UnitTest>
    <UnitTest name="ToRandom_Passing_Invalid_Empty_Value_Returns_Null" storage="d:\sferrari\01 - trabajo\repos\netcore\libs\template-netcore-shared\kitpymes.core.shared.tests\bin\release\net5.0\kitpymes.core.shared.tests.dll" id="660f931f-28f3-4b89-ba70-e37189f13235">
      <Execution id="4f2f3718-1265-4371-871a-4fb2a371a6bb" />
      <TestMethod codeBase="D:\SFERRARI\01 - TRABAJO\repos\netcore\libs\template-netcore-shared\Kitpymes.Core.Shared.Tests\bin\Release\net5.0\Kitpymes.Core.Shared.Tests.dll" adapterTypeName="executor://mstestadapter/v2" className="Kitpymes.Core.Shared.Tests.StringExtensionsTests" name="ToRandom_Passing_Invalid_Empty_Value_Returns_Null" />
    </UnitTest>
    <UnitTest name="CreateAndVerifySHA256_Passing_Valid_Arguments_Returns_True (HashTests)" storage="d:\sferrari\01 - trabajo\repos\netcore\libs\template-netcore-shared\kitpymes.core.shared.tests\bin\release\net5.0\kitpymes.core.shared.tests.dll" id="5baf948e-ece2-4d50-9e2d-8b88c219c8d2">
      <Execution id="d1b78259-9d66-4d05-99dd-c2a971eb58b8" />
      <TestMethod codeBase="D:\SFERRARI\01 - TRABAJO\repos\netcore\libs\template-netcore-shared\Kitpymes.Core.Shared.Tests\bin\Release\net5.0\Kitpymes.Core.Shared.Tests.dll" adapterTypeName="executor://mstestadapter/v2" className="Kitpymes.Core.Shared.Tests.HashTests" name="CreateAndVerifySHA256_Passing_Valid_Arguments_Returns_True" />
    </UnitTest>
    <UnitTest name="ToService_Passing_Valid_Service_Returns_Service" storage="d:\sferrari\01 - trabajo\repos\netcore\libs\template-netcore-shared\kitpymes.core.shared.tests\bin\release\net5.0\kitpymes.core.shared.tests.dll" id="062f8bce-494f-4352-95e7-47028ac41113">
      <Execution id="784541a2-5cd6-44a3-a15f-b894c0a0f79e" />
      <TestMethod codeBase="D:\SFERRARI\01 - TRABAJO\repos\netcore\libs\template-netcore-shared\Kitpymes.Core.Shared.Tests\bin\Release\net5.0\Kitpymes.Core.Shared.Tests.dll" adapterTypeName="executor://mstestadapter/v2" className="Kitpymes.Core.Shared.Tests.ConfigurationBuilderExtensionsTests" name="ToService_Passing_Valid_Service_Returns_Service" />
    </UnitTest>
    <UnitTest name="ToNormalize_Passing_ValidValue_Returns_NormalizedValue (Malmö,Malmo)" storage="d:\sferrari\01 - trabajo\repos\netcore\libs\template-netcore-shared\kitpymes.core.shared.tests\bin\release\net5.0\kitpymes.core.shared.tests.dll" id="53a07542-5285-4faf-96a2-112ece0b08d1">
      <Execution id="ca3470a1-c455-4532-882e-b0276df2a4f0" />
      <TestMethod codeBase="D:\SFERRARI\01 - TRABAJO\repos\netcore\libs\template-netcore-shared\Kitpymes.Core.Shared.Tests\bin\Release\net5.0\Kitpymes.Core.Shared.Tests.dll" adapterTypeName="executor://mstestadapter/v2" className="Kitpymes.Core.Shared.Tests.StringExtensionsTests" name="ToNormalize_Passing_ValidValue_Returns_NormalizedValue" />
    </UnitTest>
    <UnitTest name="ToEnum_Passing_InvalidValueInt_Returns_EnumCustomValue" storage="d:\sferrari\01 - trabajo\repos\netcore\libs\template-netcore-shared\kitpymes.core.shared.tests\bin\release\net5.0\kitpymes.core.shared.tests.dll" id="c60c2f7a-0a61-4c81-ae3f-f16b87bdd2c2">
      <Execution id="09e0c2c9-e07e-4814-a1c5-02ad241cdec4" />
      <TestMethod codeBase="D:\SFERRARI\01 - TRABAJO\repos\netcore\libs\template-netcore-shared\Kitpymes.Core.Shared.Tests\bin\Release\net5.0\Kitpymes.Core.Shared.Tests.dll" adapterTypeName="executor://mstestadapter/v2" className="Kitpymes.Core.Shared.Tests.StringExtensionsTests" name="ToEnum_Passing_InvalidValueInt_Returns_EnumCustomValue" />
    </UnitTest>
    <UnitTest name="ResultDataBadRequest_WithErrors_KeyValue" storage="d:\sferrari\01 - trabajo\repos\netcore\libs\template-netcore-shared\kitpymes.core.shared.tests\bin\release\net5.0\kitpymes.core.shared.tests.dll" id="9a5cb905-5306-43e2-98ff-bfc074cd8691">
      <Execution id="9d384dbc-a64b-4f24-b434-cb29e48d8620" />
      <TestMethod codeBase="D:\SFERRARI\01 - TRABAJO\repos\netcore\libs\template-netcore-shared\Kitpymes.Core.Shared.Tests\bin\Release\net5.0\Kitpymes.Core.Shared.Tests.dll" adapterTypeName="executor://mstestadapter/v2" className="Kitpymes.Core.Shared.Tests.ResultTest" name="ResultDataBadRequest_WithErrors_KeyValue" />
    </UnitTest>
    <UnitTest name="ToUri_Passing_ValidValueString_Returns_Uri (http://userid:password@example.com:8080)" storage="d:\sferrari\01 - trabajo\repos\netcore\libs\template-netcore-shared\kitpymes.core.shared.tests\bin\release\net5.0\kitpymes.core.shared.tests.dll" id="af9258ec-3488-4d26-8695-416f9fb214a8">
      <Execution id="89c3cd74-6509-49c2-8752-b2c04e95000f" />
      <TestMethod codeBase="D:\SFERRARI\01 - TRABAJO\repos\netcore\libs\template-netcore-shared\Kitpymes.Core.Shared.Tests\bin\Release\net5.0\Kitpymes.Core.Shared.Tests.dll" adapterTypeName="executor://mstestadapter/v2" className="Kitpymes.Core.Shared.Tests.StringExtensionsTests" name="ToUri_Passing_ValidValueString_Returns_Uri" />
    </UnitTest>
    <UnitTest name="ToEnvironment_Passing_Custom_Enviroment_Returns_Custom_Name" storage="d:\sferrari\01 - trabajo\repos\netcore\libs\template-netcore-shared\kitpymes.core.shared.tests\bin\release\net5.0\kitpymes.core.shared.tests.dll" id="007b6139-2126-4868-89bf-981cd558f0e5">
      <Execution id="11b34577-d884-4041-97df-2aaba5d228b2" />
      <TestMethod codeBase="D:\SFERRARI\01 - TRABAJO\repos\netcore\libs\template-netcore-shared\Kitpymes.Core.Shared.Tests\bin\Release\net5.0\Kitpymes.Core.Shared.Tests.dll" adapterTypeName="executor://mstestadapter/v2" className="Kitpymes.Core.Shared.Tests.ApplicationBuilderExtensionsTests" name="ToEnvironment_Passing_Custom_Enviroment_Returns_Custom_Name" />
    </UnitTest>
    <UnitTest name="ToBytes_Passing_Object_Returns_Bytes" storage="d:\sferrari\01 - trabajo\repos\netcore\libs\template-netcore-shared\kitpymes.core.shared.tests\bin\release\net5.0\kitpymes.core.shared.tests.dll" id="d374fa7b-79f6-4102-bb89-47f881bd9cc8">
      <Execution id="fdf4d6dc-f41c-4fe0-b133-ccbcbf222d0e" />
      <TestMethod codeBase="D:\SFERRARI\01 - TRABAJO\repos\netcore\libs\template-netcore-shared\Kitpymes.Core.Shared.Tests\bin\Release\net5.0\Kitpymes.Core.Shared.Tests.dll" adapterTypeName="executor://mstestadapter/v2" className="Kitpymes.Core.Shared.Tests.GenericExtensionsTests" name="ToBytes_Passing_Object_Returns_Bytes" />
    </UnitTest>
    <UnitTest name="ToDirectoryDeleteFiles_Passing_ValidValue_Returns_DirectoryNoExists" storage="d:\sferrari\01 - trabajo\repos\netcore\libs\template-netcore-shared\kitpymes.core.shared.tests\bin\release\net5.0\kitpymes.core.shared.tests.dll" id="6fa0658a-76e3-4453-b7f3-323791a237cc">
      <Execution id="4f746f7f-f4ed-44d4-bf05-8c56ff885973" />
      <TestMethod codeBase="D:\SFERRARI\01 - TRABAJO\repos\netcore\libs\template-netcore-shared\Kitpymes.Core.Shared.Tests\bin\Release\net5.0\Kitpymes.Core.Shared.Tests.dll" adapterTypeName="executor://mstestadapter/v2" className="Kitpymes.Core.Shared.Tests.StringExtensionsTests" name="ToDirectoryDeleteFiles_Passing_ValidValue_Returns_DirectoryNoExists" />
    </UnitTest>
    <UnitTest name="ToEmailMaskUserName_Passing_ValidEmail_Returns_EmailWithMask (qazwsxedc@gmailgmail.com,q*******c@gmailgmail.com)" storage="d:\sferrari\01 - trabajo\repos\netcore\libs\template-netcore-shared\kitpymes.core.shared.tests\bin\release\net5.0\kitpymes.core.shared.tests.dll" id="f3ce649e-86ff-4978-8059-ce211c023ade">
      <Execution id="2c576b8c-7c99-44a6-8ff5-4e3d7827ff8d" />
      <TestMethod codeBase="D:\SFERRARI\01 - TRABAJO\repos\netcore\libs\template-netcore-shared\Kitpymes.Core.Shared.Tests\bin\Release\net5.0\Kitpymes.Core.Shared.Tests.dll" adapterTypeName="executor://mstestadapter/v2" className="Kitpymes.Core.Shared.Tests.StringExtensionsTests" name="ToEmailMaskUserName_Passing_ValidEmail_Returns_EmailWithMask" />
    </UnitTest>
    <UnitTest name="ToRemove_Passing_ValidValue_Returns_ValueWithoutRemovedChars (aeiou,aei,ou)" storage="d:\sferrari\01 - trabajo\repos\netcore\libs\template-netcore-shared\kitpymes.core.shared.tests\bin\release\net5.0\kitpymes.core.shared.tests.dll" id="be7d160e-1be5-4469-92e2-80ea2c9adaad">
      <Execution id="5ce7f462-ec2c-48ae-9c9c-026e0b37778c" />
      <TestMethod codeBase="D:\SFERRARI\01 - TRABAJO\repos\netcore\libs\template-netcore-shared\Kitpymes.Core.Shared.Tests\bin\Release\net5.0\Kitpymes.Core.Shared.Tests.dll" adapterTypeName="executor://mstestadapter/v2" className="Kitpymes.Core.Shared.Tests.StringExtensionsTests" name="ToRemove_Passing_ValidValue_Returns_ValueWithoutRemovedChars" />
    </UnitTest>
    <UnitTest name="IsNullOrAny_Passing_InvalidArguments_Returns_HasErrorsAndCount" storage="d:\sferrari\01 - trabajo\repos\netcore\libs\template-netcore-shared\kitpymes.core.shared.tests\bin\release\net5.0\kitpymes.core.shared.tests.dll" id="b872c40d-646b-4d96-8173-0264b7cb83c3">
      <Execution id="27b76740-44d9-4cb4-9c71-93a2aad9e3d1" />
      <TestMethod codeBase="D:\SFERRARI\01 - TRABAJO\repos\netcore\libs\template-netcore-shared\Kitpymes.Core.Shared.Tests\bin\Release\net5.0\Kitpymes.Core.Shared.Tests.dll" adapterTypeName="executor://mstestadapter/v2" className="Kitpymes.Core.Shared.Tests.CheckTests" name="IsNullOrAny_Passing_InvalidArguments_Returns_HasErrorsAndCount" />
    </UnitTest>
    <UnitTest name="IsUniqueChars_Passing_ValidArguments_Returns_HasErrorsAndCount" storage="d:\sferrari\01 - trabajo\repos\netcore\libs\template-netcore-shared\kitpymes.core.shared.tests\bin\release\net5.0\kitpymes.core.shared.tests.dll" id="39b193bd-d483-436e-99dd-6cf2d42c163f">
      <Execution id="c6209653-5a1c-4c0b-8587-5bdd468df554" />
      <TestMethod codeBase="D:\SFERRARI\01 - TRABAJO\repos\netcore\libs\template-netcore-shared\Kitpymes.Core.Shared.Tests\bin\Release\net5.0\Kitpymes.Core.Shared.Tests.dll" adapterTypeName="executor://mstestadapter/v2" className="Kitpymes.Core.Shared.Tests.CheckTests" name="IsUniqueChars_Passing_ValidArguments_Returns_HasErrorsAndCount" />
    </UnitTest>
    <UnitTest name="ToList_Passing_ValidEnumTypeWithSelectedValue_Returns_ValuesList" storage="d:\sferrari\01 - trabajo\repos\netcore\libs\template-netcore-shared\kitpymes.core.shared.tests\bin\release\net5.0\kitpymes.core.shared.tests.dll" id="fa3f4303-742f-4d93-a065-ceb77a9e44da">
      <Execution id="61ed4a90-6102-478c-83c1-8cd04fbe5cc2" />
      <TestMethod codeBase="D:\SFERRARI\01 - TRABAJO\repos\netcore\libs\template-netcore-shared\Kitpymes.Core.Shared.Tests\bin\Release\net5.0\Kitpymes.Core.Shared.Tests.dll" adapterTypeName="executor://mstestadapter/v2" className="Kitpymes.Core.Shared.Tests.EnumsTests" name="ToList_Passing_ValidEnumTypeWithSelectedValue_Returns_ValuesList" />
    </UnitTest>
    <UnitTest name="ToDictionaryPropertyInfo_Passing_Object_IncludeNullOrEmptyProperty_Returns_Properties_NameAndValue_Dictionary" storage="d:\sferrari\01 - trabajo\repos\netcore\libs\template-netcore-shared\kitpymes.core.shared.tests\bin\release\net5.0\kitpymes.core.shared.tests.dll" id="9ae42e68-bcbe-4b9b-81a1-a9f11cdd0419">
      <Execution id="8731caee-493c-48fb-a082-8583095b9d90" />
      <TestMethod codeBase="D:\SFERRARI\01 - TRABAJO\repos\netcore\libs\template-netcore-shared\Kitpymes.Core.Shared.Tests\bin\Release\net5.0\Kitpymes.Core.Shared.Tests.dll" adapterTypeName="executor://mstestadapter/v2" className="Kitpymes.Core.Shared.Tests.GenericExtensionsTests" name="ToDictionaryPropertyInfo_Passing_Object_IncludeNullOrEmptyProperty_Returns_Properties_NameAndValue_Dictionary" />
    </UnitTest>
    <UnitTest name="ToContentType_Passing_ValidValueString_Returns_ContentType (xxxx.txt,text/plain)" storage="d:\sferrari\01 - trabajo\repos\netcore\libs\template-netcore-shared\kitpymes.core.shared.tests\bin\release\net5.0\kitpymes.core.shared.tests.dll" id="77eff399-376d-49e9-bb60-18ae9cc8e155">
      <Execution id="08bb93c0-80a7-4513-9b14-c4c1f129fb13" />
      <TestMethod codeBase="D:\SFERRARI\01 - TRABAJO\repos\netcore\libs\template-netcore-shared\Kitpymes.Core.Shared.Tests\bin\Release\net5.0\Kitpymes.Core.Shared.Tests.dll" adapterTypeName="executor://mstestadapter/v2" className="Kitpymes.Core.Shared.Tests.StringExtensionsTests" name="ToContentType_Passing_ValidValueString_Returns_ContentType" />
    </UnitTest>
    <UnitTest name="ToNormalize_Passing_ValidValue_Returns_NormalizedValue (Åge,Age)" storage="d:\sferrari\01 - trabajo\repos\netcore\libs\template-netcore-shared\kitpymes.core.shared.tests\bin\release\net5.0\kitpymes.core.shared.tests.dll" id="47b87ad2-3dba-458b-bbb7-63cd08f3c639">
      <Execution id="ed38e278-2b80-461f-aa99-c32d54023862" />
      <TestMethod codeBase="D:\SFERRARI\01 - TRABAJO\repos\netcore\libs\template-netcore-shared\Kitpymes.Core.Shared.Tests\bin\Release\net5.0\Kitpymes.Core.Shared.Tests.dll" adapterTypeName="executor://mstestadapter/v2" className="Kitpymes.Core.Shared.Tests.StringExtensionsTests" name="ToNormalize_Passing_ValidValue_Returns_NormalizedValue" />
    </UnitTest>
    <UnitTest name="ToCompress_Passing_Object_Bytes_Returns_Object" storage="d:\sferrari\01 - trabajo\repos\netcore\libs\template-netcore-shared\kitpymes.core.shared.tests\bin\release\net5.0\kitpymes.core.shared.tests.dll" id="f6e466f8-9c27-4825-b54f-e5ff93bf866c">
      <Execution id="a0bc4cab-afb9-4ef9-8985-79990458e661" />
      <TestMethod codeBase="D:\SFERRARI\01 - TRABAJO\repos\netcore\libs\template-netcore-shared\Kitpymes.Core.Shared.Tests\bin\Release\net5.0\Kitpymes.Core.Shared.Tests.dll" adapterTypeName="executor://mstestadapter/v2" className="Kitpymes.Core.Shared.Tests.BytesExtensionsTests" name="ToCompress_Passing_Object_Bytes_Returns_Object" />
    </UnitTest>
    <UnitTest name="ToUri_Passing_InvalidValueString_Returns_DefaultValue (http://../)" storage="d:\sferrari\01 - trabajo\repos\netcore\libs\template-netcore-shared\kitpymes.core.shared.tests\bin\release\net5.0\kitpymes.core.shared.tests.dll" id="bccda824-81bc-4c55-8f4d-37eb6e978f41">
      <Execution id="80546947-7fa1-40f5-b198-2eda6ada8f36" />
      <TestMethod codeBase="D:\SFERRARI\01 - TRABAJO\repos\netcore\libs\template-netcore-shared\Kitpymes.Core.Shared.Tests\bin\Release\net5.0\Kitpymes.Core.Shared.Tests.dll" adapterTypeName="executor://mstestadapter/v2" className="Kitpymes.Core.Shared.Tests.StringExtensionsTests" name="ToUri_Passing_InvalidValueString_Returns_DefaultValue" />
    </UnitTest>
    <UnitTest name="CreateSHA512_Passing_Invalid_Arguments_Returns_ApplicationException ()" storage="d:\sferrari\01 - trabajo\repos\netcore\libs\template-netcore-shared\kitpymes.core.shared.tests\bin\release\net5.0\kitpymes.core.shared.tests.dll" id="6e7f7ebc-dd96-42c1-b507-203e3bb19f11">
      <Execution id="a75509ab-e770-4559-9f7d-1ee16e5f2154" />
      <TestMethod codeBase="D:\SFERRARI\01 - TRABAJO\repos\netcore\libs\template-netcore-shared\Kitpymes.Core.Shared.Tests\bin\Release\net5.0\Kitpymes.Core.Shared.Tests.dll" adapterTypeName="executor://mstestadapter/v2" className="Kitpymes.Core.Shared.Tests.HashTests" name="CreateSHA512_Passing_Invalid_Arguments_Returns_ApplicationException" />
    </UnitTest>
    <UnitTest name="ToDictionaryPropertyInfo_Passing_Object_Not_IncludeNullOrEmptyProperty_Returns_Properties_NameAndValue_Dictionary" storage="d:\sferrari\01 - trabajo\repos\netcore\libs\template-netcore-shared\kitpymes.core.shared.tests\bin\release\net5.0\kitpymes.core.shared.tests.dll" id="63d95f02-6d37-43d3-a501-3320d2c263ca">
      <Execution id="77e0de97-3fc3-40ca-a746-f35b9fe366ef" />
      <TestMethod codeBase="D:\SFERRARI\01 - TRABAJO\repos\netcore\libs\template-netcore-shared\Kitpymes.Core.Shared.Tests\bin\Release\net5.0\Kitpymes.Core.Shared.Tests.dll" adapterTypeName="executor://mstestadapter/v2" className="Kitpymes.Core.Shared.Tests.GenericExtensionsTests" name="ToDictionaryPropertyInfo_Passing_Object_Not_IncludeNullOrEmptyProperty_Returns_Properties_NameAndValue_Dictionary" />
    </UnitTest>
    <UnitTest name="IsDomain_Passing_InvalidArguments_Returns_HasErrorsAndCount" storage="d:\sferrari\01 - trabajo\repos\netcore\libs\template-netcore-shared\kitpymes.core.shared.tests\bin\release\net5.0\kitpymes.core.shared.tests.dll" id="6c55c953-f2e8-4d80-ad23-0b8646b4966c">
      <Execution id="e2a988be-f2d1-447d-8a40-14c82599c4f7" />
      <TestMethod codeBase="D:\SFERRARI\01 - TRABAJO\repos\netcore\libs\template-netcore-shared\Kitpymes.Core.Shared.Tests\bin\Release\net5.0\Kitpymes.Core.Shared.Tests.dll" adapterTypeName="executor://mstestadapter/v2" className="Kitpymes.Core.Shared.Tests.CheckTests" name="IsDomain_Passing_InvalidArguments_Returns_HasErrorsAndCount" />
    </UnitTest>
    <UnitTest name="ToEmailMaskUserNameAndDomainAndExtension_Passing_ValidEmail_Returns_EmailWithMask (qaz@gmail.com,q*z@g***l.c*m)" storage="d:\sferrari\01 - trabajo\repos\netcore\libs\template-netcore-shared\kitpymes.core.shared.tests\bin\release\net5.0\kitpymes.core.shared.tests.dll" id="77561c1d-d5ea-4264-8942-06093b9e804c">
      <Execution id="fc3a9ad7-0f3c-4f10-a2d2-bc87e87cc8d1" />
      <TestMethod codeBase="D:\SFERRARI\01 - TRABAJO\repos\netcore\libs\template-netcore-shared\Kitpymes.Core.Shared.Tests\bin\Release\net5.0\Kitpymes.Core.Shared.Tests.dll" adapterTypeName="executor://mstestadapter/v2" className="Kitpymes.Core.Shared.Tests.StringExtensionsTests" name="ToEmailMaskUserNameAndDomainAndExtension_Passing_ValidEmail_Returns_EmailWithMask" />
    </UnitTest>
    <UnitTest name="ToFirstLetterLower_Passing_ValidValue_Returns_StringWithFirstLetterLower (Aeiou,aeiou)" storage="d:\sferrari\01 - trabajo\repos\netcore\libs\template-netcore-shared\kitpymes.core.shared.tests\bin\release\net5.0\kitpymes.core.shared.tests.dll" id="6c887523-20de-47da-891b-f98f3deeee33">
      <Execution id="c7829b97-34b5-4f7f-9006-92ae662ef2b3" />
      <TestMethod codeBase="D:\SFERRARI\01 - TRABAJO\repos\netcore\libs\template-netcore-shared\Kitpymes.Core.Shared.Tests\bin\Release\net5.0\Kitpymes.Core.Shared.Tests.dll" adapterTypeName="executor://mstestadapter/v2" className="Kitpymes.Core.Shared.Tests.StringExtensionsTests" name="ToFirstLetterLower_Passing_ValidValue_Returns_StringWithFirstLetterLower" />
    </UnitTest>
    <UnitTest name="ToUserName_Passing_Invalid_ClaimsPrincipal_Returns_Null" storage="d:\sferrari\01 - trabajo\repos\netcore\libs\template-netcore-shared\kitpymes.core.shared.tests\bin\release\net5.0\kitpymes.core.shared.tests.dll" id="3bb81174-0737-4839-930b-5f13a415a71d">
      <Execution id="f281c686-3257-47f4-9644-dfb954ba412b" />
      <TestMethod codeBase="D:\SFERRARI\01 - TRABAJO\repos\netcore\libs\template-netcore-shared\Kitpymes.Core.Shared.Tests\bin\Release\net5.0\Kitpymes.Core.Shared.Tests.dll" adapterTypeName="executor://mstestadapter/v2" className="Kitpymes.Core.Shared.Tests.ClaimsPrincipalExtensionsTests" name="ToUserName_Passing_Invalid_ClaimsPrincipal_Returns_Null" />
    </UnitTest>
    <UnitTest name="ToDefaultValue_Passing_char_Returns_Cero" storage="d:\sferrari\01 - trabajo\repos\netcore\libs\template-netcore-shared\kitpymes.core.shared.tests\bin\release\net5.0\kitpymes.core.shared.tests.dll" id="3fd7eb16-f6a5-428a-b24a-afa76409e747">
      <Execution id="d9ebd99e-9573-4241-9b14-e28f6b59d465" />
      <TestMethod codeBase="D:\SFERRARI\01 - TRABAJO\repos\netcore\libs\template-netcore-shared\Kitpymes.Core.Shared.Tests\bin\Release\net5.0\Kitpymes.Core.Shared.Tests.dll" adapterTypeName="executor://mstestadapter/v2" className="Kitpymes.Core.Shared.Tests.GenericExtensionsTests" name="ToDefaultValue_Passing_char_Returns_Cero" />
    </UnitTest>
    <UnitTest name="ToWhere_Passing_Null_Predicate_Returns_Same_List" storage="d:\sferrari\01 - trabajo\repos\netcore\libs\template-netcore-shared\kitpymes.core.shared.tests\bin\release\net5.0\kitpymes.core.shared.tests.dll" id="8dd52aa3-14a4-4f07-a52d-7710a07d453f">
      <Execution id="442f78a4-bc69-49ec-80e1-8fee04c3b814" />
      <TestMethod codeBase="D:\SFERRARI\01 - TRABAJO\repos\netcore\libs\template-netcore-shared\Kitpymes.Core.Shared.Tests\bin\Release\net5.0\Kitpymes.Core.Shared.Tests.dll" adapterTypeName="executor://mstestadapter/v2" className="Kitpymes.Core.Shared.Tests.QueryableExtensionsTests" name="ToWhere_Passing_Null_Predicate_Returns_Same_List" />
    </UnitTest>
    <UnitTest name="ToHashAlgorithmName_Passing_InvalidValueLowerCaseString_Returns_Null (md5)" storage="d:\sferrari\01 - trabajo\repos\netcore\libs\template-netcore-shared\kitpymes.core.shared.tests\bin\release\net5.0\kitpymes.core.shared.tests.dll" id="27b1872d-3f8c-4711-b506-4035c1f6e994">
      <Execution id="2f217523-1187-4788-a7d3-401fac7f4a48" />
      <TestMethod codeBase="D:\SFERRARI\01 - TRABAJO\repos\netcore\libs\template-netcore-shared\Kitpymes.Core.Shared.Tests\bin\Release\net5.0\Kitpymes.Core.Shared.Tests.dll" adapterTypeName="executor://mstestadapter/v2" className="Kitpymes.Core.Shared.Tests.StringExtensionsTests" name="ToHashAlgorithmName_Passing_InvalidValueLowerCaseString_Returns_Null" />
    </UnitTest>
    <UnitTest name="ToGet_Passing_Claims_Returns_Claim_Value_Object" storage="d:\sferrari\01 - trabajo\repos\netcore\libs\template-netcore-shared\kitpymes.core.shared.tests\bin\release\net5.0\kitpymes.core.shared.tests.dll" id="91993220-d6a6-401b-84d6-1967fb46bfae">
      <Execution id="c6dea93b-1f61-4e5a-acc4-d237400217c6" />
      <TestMethod codeBase="D:\SFERRARI\01 - TRABAJO\repos\netcore\libs\template-netcore-shared\Kitpymes.Core.Shared.Tests\bin\Release\net5.0\Kitpymes.Core.Shared.Tests.dll" adapterTypeName="executor://mstestadapter/v2" className="Kitpymes.Core.Shared.Tests.ClaimsPrincipalExtensionsTests" name="ToGet_Passing_Claims_Returns_Claim_Value_Object" />
    </UnitTest>
    <UnitTest name="ToThrow_Passing_InvalidValue_Returns_ApplicationExceptionWithMessage" storage="d:\sferrari\01 - trabajo\repos\netcore\libs\template-netcore-shared\kitpymes.core.shared.tests\bin\release\net5.0\kitpymes.core.shared.tests.dll" id="9ec90390-8165-42c6-b065-a9184cc4ce48">
      <Execution id="c7bd5e4b-6a15-4cb5-a884-a4d517729448" />
      <TestMethod codeBase="D:\SFERRARI\01 - TRABAJO\repos\netcore\libs\template-netcore-shared\Kitpymes.Core.Shared.Tests\bin\Release\net5.0\Kitpymes.Core.Shared.Tests.dll" adapterTypeName="executor://mstestadapter/v2" className="Kitpymes.Core.Shared.Tests.CheckExtensionsTests" name="ToThrow_Passing_InvalidValue_Returns_ApplicationExceptionWithMessage" />
    </UnitTest>
    <UnitTest name="ToEnvironment_ServiceCollection_Passing_Staging_Enviroment_Returns_Staging_Name" storage="d:\sferrari\01 - trabajo\repos\netcore\libs\template-netcore-shared\kitpymes.core.shared.tests\bin\release\net5.0\kitpymes.core.shared.tests.dll" id="40277031-4278-471b-8ce3-f841e8be7461">
      <Execution id="41812fb7-0f85-4f59-97ab-8f077f583bb8" />
      <TestMethod codeBase="D:\SFERRARI\01 - TRABAJO\repos\netcore\libs\template-netcore-shared\Kitpymes.Core.Shared.Tests\bin\Release\net5.0\Kitpymes.Core.Shared.Tests.dll" adapterTypeName="executor://mstestadapter/v2" className="Kitpymes.Core.Shared.Tests.ConfigurationBuilderExtensionsTests" name="ToEnvironment_ServiceCollection_Passing_Staging_Enviroment_Returns_Staging_Name" />
    </UnitTest>
    <UnitTest name="ToService_Passing_Valid_Service_Returns_Service" storage="d:\sferrari\01 - trabajo\repos\netcore\libs\template-netcore-shared\kitpymes.core.shared.tests\bin\release\net5.0\kitpymes.core.shared.tests.dll" id="be3757b8-e467-4c85-a13b-4eb226b672b6">
      <Execution id="1e306c76-0f12-4908-a01b-b7acc2f3ef71" />
      <TestMethod codeBase="D:\SFERRARI\01 - TRABAJO\repos\netcore\libs\template-netcore-shared\Kitpymes.Core.Shared.Tests\bin\Release\net5.0\Kitpymes.Core.Shared.Tests.dll" adapterTypeName="executor://mstestadapter/v2" className="Kitpymes.Core.Shared.Tests.ApplicationBuilderExtensionsTests" name="ToService_Passing_Valid_Service_Returns_Service" />
    </UnitTest>
    <UnitTest name="ToInt_Passing_InvalidValueString_Returns_DefaultValue (asdasdasdasd234324)" storage="d:\sferrari\01 - trabajo\repos\netcore\libs\template-netcore-shared\kitpymes.core.shared.tests\bin\release\net5.0\kitpymes.core.shared.tests.dll" id="62b7a163-ea88-4170-bd86-433e9183749b">
      <Execution id="b127013f-b12a-42db-a686-7c687f108996" />
      <TestMethod codeBase="D:\SFERRARI\01 - TRABAJO\repos\netcore\libs\template-netcore-shared\Kitpymes.Core.Shared.Tests\bin\Release\net5.0\Kitpymes.Core.Shared.Tests.dll" adapterTypeName="executor://mstestadapter/v2" className="Kitpymes.Core.Shared.Tests.StringExtensionsTests" name="ToInt_Passing_InvalidValueString_Returns_DefaultValue" />
    </UnitTest>
    <UnitTest name="ToEmailMaskUserNameAndDomain_Passing_ValidEmail_Returns_EmailWithMask (qazwsx@gmail.com,q****x@g***l.com)" storage="d:\sferrari\01 - trabajo\repos\netcore\libs\template-netcore-shared\kitpymes.core.shared.tests\bin\release\net5.0\kitpymes.core.shared.tests.dll" id="0e0506fc-ab00-4be2-aa8e-91cc12810e02">
      <Execution id="2c2ff8ff-e6ad-4ea7-b853-f61fe357b81d" />
      <TestMethod codeBase="D:\SFERRARI\01 - TRABAJO\repos\netcore\libs\template-netcore-shared\Kitpymes.Core.Shared.Tests\bin\Release\net5.0\Kitpymes.Core.Shared.Tests.dll" adapterTypeName="executor://mstestadapter/v2" className="Kitpymes.Core.Shared.Tests.StringExtensionsTests" name="ToEmailMaskUserNameAndDomain_Passing_ValidEmail_Returns_EmailWithMask" />
    </UnitTest>
    <UnitTest name="ResultBadRequest_WithErrors_KeyValue" storage="d:\sferrari\01 - trabajo\repos\netcore\libs\template-netcore-shared\kitpymes.core.shared.tests\bin\release\net5.0\kitpymes.core.shared.tests.dll" id="fd46671e-2657-4e01-a474-297880346ef4">
      <Execution id="0fd47266-c8fe-4d2d-9775-e7eec1a58e3e" />
      <TestMethod codeBase="D:\SFERRARI\01 - TRABAJO\repos\netcore\libs\template-netcore-shared\Kitpymes.Core.Shared.Tests\bin\Release\net5.0\Kitpymes.Core.Shared.Tests.dll" adapterTypeName="executor://mstestadapter/v2" className="Kitpymes.Core.Shared.Tests.ResultTest" name="ResultBadRequest_WithErrors_KeyValue" />
    </UnitTest>
    <UnitTest name="IsEmail_Passing_InvalidArguments_Returns_HasErrorsAndCount" storage="d:\sferrari\01 - trabajo\repos\netcore\libs\template-netcore-shared\kitpymes.core.shared.tests\bin\release\net5.0\kitpymes.core.shared.tests.dll" id="e2ca123a-c0a3-487e-9c31-f2250b1f535b">
      <Execution id="5b1321de-5b46-485e-86ca-4fd74389e9d1" />
      <TestMethod codeBase="D:\SFERRARI\01 - TRABAJO\repos\netcore\libs\template-netcore-shared\Kitpymes.Core.Shared.Tests\bin\Release\net5.0\Kitpymes.Core.Shared.Tests.dll" adapterTypeName="executor://mstestadapter/v2" className="Kitpymes.Core.Shared.Tests.CheckTests" name="IsEmail_Passing_InvalidArguments_Returns_HasErrorsAndCount" />
    </UnitTest>
    <UnitTest name="ToUri_Passing_ValidValueString_Returns_Uri (http://userid@example.com:8080/)" storage="d:\sferrari\01 - trabajo\repos\netcore\libs\template-netcore-shared\kitpymes.core.shared.tests\bin\release\net5.0\kitpymes.core.shared.tests.dll" id="232577b4-6bb9-4bcb-b2f2-7b7ba818e958">
      <Execution id="147c720a-def7-4186-ac31-92a469aaed3a" />
      <TestMethod codeBase="D:\SFERRARI\01 - TRABAJO\repos\netcore\libs\template-netcore-shared\Kitpymes.Core.Shared.Tests\bin\Release\net5.0\Kitpymes.Core.Shared.Tests.dll" adapterTypeName="executor://mstestadapter/v2" className="Kitpymes.Core.Shared.Tests.StringExtensionsTests" name="ToUri_Passing_ValidValueString_Returns_Uri" />
    </UnitTest>
    <UnitTest name="ToIsAuthenticated_Passing_Claims_Returns_False" storage="d:\sferrari\01 - trabajo\repos\netcore\libs\template-netcore-shared\kitpymes.core.shared.tests\bin\release\net5.0\kitpymes.core.shared.tests.dll" id="add31a17-c0f0-44c8-a2e9-78430e8c2e31">
      <Execution id="c0e5543e-9754-4b7f-ac49-f27509b5d6d0" />
      <TestMethod codeBase="D:\SFERRARI\01 - TRABAJO\repos\netcore\libs\template-netcore-shared\Kitpymes.Core.Shared.Tests\bin\Release\net5.0\Kitpymes.Core.Shared.Tests.dll" adapterTypeName="executor://mstestadapter/v2" className="Kitpymes.Core.Shared.Tests.ClaimsPrincipalExtensionsTests" name="ToIsAuthenticated_Passing_Claims_Returns_False" />
    </UnitTest>
    <UnitTest name="CreateAndVerifySHA256_Passing_Valid_Arguments_Returns_True (Password)" storage="d:\sferrari\01 - trabajo\repos\netcore\libs\template-netcore-shared\kitpymes.core.shared.tests\bin\release\net5.0\kitpymes.core.shared.tests.dll" id="80259058-875a-4893-bd85-e8fab3bf48f6">
      <Execution id="01876f27-5939-43eb-bf21-7a125c2fe0bd" />
      <TestMethod codeBase="D:\SFERRARI\01 - TRABAJO\repos\netcore\libs\template-netcore-shared\Kitpymes.Core.Shared.Tests\bin\Release\net5.0\Kitpymes.Core.Shared.Tests.dll" adapterTypeName="executor://mstestadapter/v2" className="Kitpymes.Core.Shared.Tests.HashTests" name="CreateAndVerifySHA256_Passing_Valid_Arguments_Returns_True" />
    </UnitTest>
    <UnitTest name="ToNormalize_Passing_ValidValue_Returns_NormalizedValue ( àáäâ ãøçħ ,aaaa aoch)" storage="d:\sferrari\01 - trabajo\repos\netcore\libs\template-netcore-shared\kitpymes.core.shared.tests\bin\release\net5.0\kitpymes.core.shared.tests.dll" id="b42e35cb-e6a5-445e-b32b-ba15507ef274">
      <Execution id="9f0a0a8d-58bb-45d8-957b-3867274843b6" />
      <TestMethod codeBase="D:\SFERRARI\01 - TRABAJO\repos\netcore\libs\template-netcore-shared\Kitpymes.Core.Shared.Tests\bin\Release\net5.0\Kitpymes.Core.Shared.Tests.dll" adapterTypeName="executor://mstestadapter/v2" className="Kitpymes.Core.Shared.Tests.StringExtensionsTests" name="ToNormalize_Passing_ValidValue_Returns_NormalizedValue" />
    </UnitTest>
    <UnitTest name="ToUri_Passing_ValidValueString_Returns_Uri (http://a.b-c.de)" storage="d:\sferrari\01 - trabajo\repos\netcore\libs\template-netcore-shared\kitpymes.core.shared.tests\bin\release\net5.0\kitpymes.core.shared.tests.dll" id="9cfde479-936d-439d-aadd-c1ce6bebeb68">
      <Execution id="594a2029-d568-4d03-857f-784faeeb2370" />
      <TestMethod codeBase="D:\SFERRARI\01 - TRABAJO\repos\netcore\libs\template-netcore-shared\Kitpymes.Core.Shared.Tests\bin\Release\net5.0\Kitpymes.Core.Shared.Tests.dll" adapterTypeName="executor://mstestadapter/v2" className="Kitpymes.Core.Shared.Tests.StringExtensionsTests" name="ToUri_Passing_ValidValueString_Returns_Uri" />
    </UnitTest>
    <UnitTest name="ToEnvironment_ServiceCollection_Passing_Custom_Enviroment_Returns_Custom_Name" storage="d:\sferrari\01 - trabajo\repos\netcore\libs\template-netcore-shared\kitpymes.core.shared.tests\bin\release\net5.0\kitpymes.core.shared.tests.dll" id="33f4d7f1-8620-426e-adf6-71be2d3acfe3">
      <Execution id="2fad796c-8e41-4b56-81d0-0b78e0a0d585" />
      <TestMethod codeBase="D:\SFERRARI\01 - TRABAJO\repos\netcore\libs\template-netcore-shared\Kitpymes.Core.Shared.Tests\bin\Release\net5.0\Kitpymes.Core.Shared.Tests.dll" adapterTypeName="executor://mstestadapter/v2" className="Kitpymes.Core.Shared.Tests.ConfigurationBuilderExtensionsTests" name="ToEnvironment_ServiceCollection_Passing_Custom_Enviroment_Returns_Custom_Name" />
    </UnitTest>
    <UnitTest name="ToGetAll_Passing_Claims_Returns_Claim_Value_String_List" storage="d:\sferrari\01 - trabajo\repos\netcore\libs\template-netcore-shared\kitpymes.core.shared.tests\bin\release\net5.0\kitpymes.core.shared.tests.dll" id="ae5fa115-d85e-424e-a501-88febb9a17dc">
      <Execution id="42fe953d-4d22-4aef-9e37-67e449654b4b" />
      <TestMethod codeBase="D:\SFERRARI\01 - TRABAJO\repos\netcore\libs\template-netcore-shared\Kitpymes.Core.Shared.Tests\bin\Release\net5.0\Kitpymes.Core.Shared.Tests.dll" adapterTypeName="executor://mstestadapter/v2" className="Kitpymes.Core.Shared.Tests.ClaimsPrincipalExtensionsTests" name="ToGetAll_Passing_Claims_Returns_Claim_Value_String_List" />
    </UnitTest>
    <UnitTest name="ToEmailMask_Passing_ValidEmail_Returns_EmailWithMask (qazwsx@gmail.com,q----x@g----.com)" storage="d:\sferrari\01 - trabajo\repos\netcore\libs\template-netcore-shared\kitpymes.core.shared.tests\bin\release\net5.0\kitpymes.core.shared.tests.dll" id="520908e9-adb5-4c50-ac11-99ab171dd0b9">
      <Execution id="f62886f3-da3d-4c3a-83a0-7a1a651f3798" />
      <TestMethod codeBase="D:\SFERRARI\01 - TRABAJO\repos\netcore\libs\template-netcore-shared\Kitpymes.Core.Shared.Tests\bin\Release\net5.0\Kitpymes.Core.Shared.Tests.dll" adapterTypeName="executor://mstestadapter/v2" className="Kitpymes.Core.Shared.Tests.StringExtensionsTests" name="ToEmailMask_Passing_ValidEmail_Returns_EmailWithMask" />
    </UnitTest>
    <UnitTest name="ToEnvironment_Passing_Service_Not_Found_Returns_ApplicationException" storage="d:\sferrari\01 - trabajo\repos\netcore\libs\template-netcore-shared\kitpymes.core.shared.tests\bin\release\net5.0\kitpymes.core.shared.tests.dll" id="fb30ca02-94db-461a-b382-27bd324b54b5">
      <Execution id="34d30ba4-11fe-4458-9112-388c394f5941" />
      <TestMethod codeBase="D:\SFERRARI\01 - TRABAJO\repos\netcore\libs\template-netcore-shared\Kitpymes.Core.Shared.Tests\bin\Release\net5.0\Kitpymes.Core.Shared.Tests.dll" adapterTypeName="executor://mstestadapter/v2" className="Kitpymes.Core.Shared.Tests.ApplicationBuilderExtensionsTests" name="ToEnvironment_Passing_Service_Not_Found_Returns_ApplicationException" />
    </UnitTest>
    <UnitTest name="ToUserName_Passing_Null_ClaimsPrincipal_Returns_ApplicationException" storage="d:\sferrari\01 - trabajo\repos\netcore\libs\template-netcore-shared\kitpymes.core.shared.tests\bin\release\net5.0\kitpymes.core.shared.tests.dll" id="e6547919-e942-47ce-bf33-25e727bf0ce9">
      <Execution id="2ac495fe-81e7-401c-96b4-7542259c9870" />
      <TestMethod codeBase="D:\SFERRARI\01 - TRABAJO\repos\netcore\libs\template-netcore-shared\Kitpymes.Core.Shared.Tests\bin\Release\net5.0\Kitpymes.Core.Shared.Tests.dll" adapterTypeName="executor://mstestadapter/v2" className="Kitpymes.Core.Shared.Tests.ClaimsPrincipalExtensionsTests" name="ToUserName_Passing_Null_ClaimsPrincipal_Returns_ApplicationException" />
    </UnitTest>
    <UnitTest name="ToMapList_Passing_Source_Type_And_Destination_Type_Returns_Destination_Object_List" storage="d:\sferrari\01 - trabajo\repos\netcore\libs\template-netcore-shared\kitpymes.core.shared.tests\bin\release\net5.0\kitpymes.core.shared.tests.dll" id="da6ef1c7-6833-40f5-8f3e-2d8f2f0972e0">
      <Execution id="3daa5f24-d03c-4f2d-99b6-64311c7667cd" />
      <TestMethod codeBase="D:\SFERRARI\01 - TRABAJO\repos\netcore\libs\template-netcore-shared\Kitpymes.Core.Shared.Tests\bin\Release\net5.0\Kitpymes.Core.Shared.Tests.dll" adapterTypeName="executor://mstestadapter/v2" className="Kitpymes.Core.Shared.Tests.AgileMapperExtensionsTests" name="ToMapList_Passing_Source_Type_And_Destination_Type_Returns_Destination_Object_List" />
    </UnitTest>
    <UnitTest name="ToUri_Passing_ValidValueString_Returns_Uri (http://foo.com/blah_blah/p=5)" storage="d:\sferrari\01 - trabajo\repos\netcore\libs\template-netcore-shared\kitpymes.core.shared.tests\bin\release\net5.0\kitpymes.core.shared.tests.dll" id="e86dc126-8ed2-4ef6-bd3d-633cb1eeda18">
      <Execution id="21971739-f447-4a59-a617-25c8d50c9f1f" />
      <TestMethod codeBase="D:\SFERRARI\01 - TRABAJO\repos\netcore\libs\template-netcore-shared\Kitpymes.Core.Shared.Tests\bin\Release\net5.0\Kitpymes.Core.Shared.Tests.dll" adapterTypeName="executor://mstestadapter/v2" className="Kitpymes.Core.Shared.Tests.StringExtensionsTests" name="ToUri_Passing_ValidValueString_Returns_Uri" />
    </UnitTest>
    <UnitTest name="ToUri_Passing_InvalidValueString_Returns_Null (http://?)" storage="d:\sferrari\01 - trabajo\repos\netcore\libs\template-netcore-shared\kitpymes.core.shared.tests\bin\release\net5.0\kitpymes.core.shared.tests.dll" id="506d8211-5622-4f87-8eb9-05fe4d9bc1d6">
      <Execution id="bc1ea1f6-2c99-416b-9a88-1ab23c962dca" />
      <TestMethod codeBase="D:\SFERRARI\01 - TRABAJO\repos\netcore\libs\template-netcore-shared\Kitpymes.Core.Shared.Tests\bin\Release\net5.0\Kitpymes.Core.Shared.Tests.dll" adapterTypeName="executor://mstestadapter/v2" className="Kitpymes.Core.Shared.Tests.StringExtensionsTests" name="ToUri_Passing_InvalidValueString_Returns_Null" />
    </UnitTest>
    <UnitTest name="ToEmailMask_Passing_ValidEmail_Returns_EmailWithMask (qazwsxedc@gmailgmail.com,q-------c@g---------.com)" storage="d:\sferrari\01 - trabajo\repos\netcore\libs\template-netcore-shared\kitpymes.core.shared.tests\bin\release\net5.0\kitpymes.core.shared.tests.dll" id="a63cc555-8625-4722-bc71-0706cd3afdaa">
      <Execution id="6c2d6e67-d41f-47f7-9c3e-10f13a8aa83b" />
      <TestMethod codeBase="D:\SFERRARI\01 - TRABAJO\repos\netcore\libs\template-netcore-shared\Kitpymes.Core.Shared.Tests\bin\Release\net5.0\Kitpymes.Core.Shared.Tests.dll" adapterTypeName="executor://mstestadapter/v2" className="Kitpymes.Core.Shared.Tests.StringExtensionsTests" name="ToEmailMask_Passing_ValidEmail_Returns_EmailWithMask" />
    </UnitTest>
    <UnitTest name="ToConfiguration_Passing_Invalid_DirectoryPath_Returns_ApplicationException" storage="d:\sferrari\01 - trabajo\repos\netcore\libs\template-netcore-shared\kitpymes.core.shared.tests\bin\release\net5.0\kitpymes.core.shared.tests.dll" id="85de4e78-7e9e-44be-818e-2061d6ea6786">
      <Execution id="91a2c4d7-4c30-4457-b0ff-33b274cd870a" />
      <TestMethod codeBase="D:\SFERRARI\01 - TRABAJO\repos\netcore\libs\template-netcore-shared\Kitpymes.Core.Shared.Tests\bin\Release\net5.0\Kitpymes.Core.Shared.Tests.dll" adapterTypeName="executor://mstestadapter/v2" className="Kitpymes.Core.Shared.Tests.ConfigurationBuilderExtensionsTests" name="ToConfiguration_Passing_Invalid_DirectoryPath_Returns_ApplicationException" />
    </UnitTest>
    <UnitTest name="CreateRandom_WithCustomAllowableCharacters_Passing_Valid_Arguments_Returns_String_Random_Value (8,ae)" storage="d:\sferrari\01 - trabajo\repos\netcore\libs\template-netcore-shared\kitpymes.core.shared.tests\bin\release\net5.0\kitpymes.core.shared.tests.dll" id="162683e3-bb80-46b1-a914-db3cfc420b57">
      <Execution id="4f59a255-592c-463a-bec8-87dd8a340ad5" />
      <TestMethod codeBase="D:\SFERRARI\01 - TRABAJO\repos\netcore\libs\template-netcore-shared\Kitpymes.Core.Shared.Tests\bin\Release\net5.0\Kitpymes.Core.Shared.Tests.dll" adapterTypeName="executor://mstestadapter/v2" className="Kitpymes.Core.Shared.Tests.HashTests" name="CreateRandom_WithCustomAllowableCharacters_Passing_Valid_Arguments_Returns_String_Random_Value" />
    </UnitTest>
    <UnitTest name="IsName_Passing_InvalidArguments_Returns_HasErrorsAndCount" storage="d:\sferrari\01 - trabajo\repos\netcore\libs\template-netcore-shared\kitpymes.core.shared.tests\bin\release\net5.0\kitpymes.core.shared.tests.dll" id="ce15d2a9-3349-495f-a499-adb9c9f17b36">
      <Execution id="4bcf1c38-76a6-4a86-aeb4-6ff810dfe8aa" />
      <TestMethod codeBase="D:\SFERRARI\01 - TRABAJO\repos\netcore\libs\template-netcore-shared\Kitpymes.Core.Shared.Tests\bin\Release\net5.0\Kitpymes.Core.Shared.Tests.dll" adapterTypeName="executor://mstestadapter/v2" className="Kitpymes.Core.Shared.Tests.CheckTests" name="IsName_Passing_InvalidArguments_Returns_HasErrorsAndCount" />
    </UnitTest>
    <UnitTest name="ToFirstLetterUpper_Passing_ValidValue_Returns_StringWithFirstLetterUpper (aeiou,Aeiou)" storage="d:\sferrari\01 - trabajo\repos\netcore\libs\template-netcore-shared\kitpymes.core.shared.tests\bin\release\net5.0\kitpymes.core.shared.tests.dll" id="f2872a5f-086f-4c59-8e4b-8f0978ba3be3">
      <Execution id="4969c627-105b-41ac-8c13-fb10a17e10d7" />
      <TestMethod codeBase="D:\SFERRARI\01 - TRABAJO\repos\netcore\libs\template-netcore-shared\Kitpymes.Core.Shared.Tests\bin\Release\net5.0\Kitpymes.Core.Shared.Tests.dll" adapterTypeName="executor://mstestadapter/v2" className="Kitpymes.Core.Shared.Tests.StringExtensionsTests" name="ToFirstLetterUpper_Passing_ValidValue_Returns_StringWithFirstLetterUpper" />
    </UnitTest>
    <UnitTest name="ToDefaultValue_Passing_double_Returns_Cero (1,7976931348623157E+308)" storage="d:\sferrari\01 - trabajo\repos\netcore\libs\template-netcore-shared\kitpymes.core.shared.tests\bin\release\net5.0\kitpymes.core.shared.tests.dll" id="70930bdc-e53e-4335-bb0a-73cec052bb92">
      <Execution id="dc2f97b6-f699-4e18-85c7-3657ff3b7bc2" />
      <TestMethod codeBase="D:\SFERRARI\01 - TRABAJO\repos\netcore\libs\template-netcore-shared\Kitpymes.Core.Shared.Tests\bin\Release\net5.0\Kitpymes.Core.Shared.Tests.dll" adapterTypeName="executor://mstestadapter/v2" className="Kitpymes.Core.Shared.Tests.GenericExtensionsTests" name="ToDefaultValue_Passing_double_Returns_Cero" />
    </UnitTest>
    <UnitTest name="ToPaged_Passing_Name_Descending_Order_Returns_Filter_List" storage="d:\sferrari\01 - trabajo\repos\netcore\libs\template-netcore-shared\kitpymes.core.shared.tests\bin\release\net5.0\kitpymes.core.shared.tests.dll" id="bd9cec3f-f5c5-4aa0-b9ea-89d8bb5cbca8">
      <Execution id="30b6357a-529f-4a5c-acbf-a4455c4375ed" />
      <TestMethod codeBase="D:\SFERRARI\01 - TRABAJO\repos\netcore\libs\template-netcore-shared\Kitpymes.Core.Shared.Tests\bin\Release\net5.0\Kitpymes.Core.Shared.Tests.dll" adapterTypeName="executor://mstestadapter/v2" className="Kitpymes.Core.Shared.Tests.QueryableExtensionsTests" name="ToPaged_Passing_Name_Descending_Order_Returns_Filter_List" />
    </UnitTest>
    <UnitTest name="ToFullMessage_Passing_ExceptionWithMessageWithInnerException_Returns_Full_Message" storage="d:\sferrari\01 - trabajo\repos\netcore\libs\template-netcore-shared\kitpymes.core.shared.tests\bin\release\net5.0\kitpymes.core.shared.tests.dll" id="632b1281-e52f-4a5d-b112-45ce3fda07ca">
      <Execution id="5ecb6dfc-376a-49ea-b65b-0c785cda8bd9" />
      <TestMethod codeBase="D:\SFERRARI\01 - TRABAJO\repos\netcore\libs\template-netcore-shared\Kitpymes.Core.Shared.Tests\bin\Release\net5.0\Kitpymes.Core.Shared.Tests.dll" adapterTypeName="executor://mstestadapter/v2" className="Kitpymes.Core.Shared.Tests.ExceptionExtensionsTests" name="ToFullMessage_Passing_ExceptionWithMessageWithInnerException_Returns_Full_Message" />
    </UnitTest>
    <UnitTest name="IsUppercase_Passing_ValidArguments_Returns_HasErrorsAndCount" storage="d:\sferrari\01 - trabajo\repos\netcore\libs\template-netcore-shared\kitpymes.core.shared.tests\bin\release\net5.0\kitpymes.core.shared.tests.dll" id="214c0878-b04f-492e-893d-0b8b50398ac4">
      <Execution id="6970ce77-4136-49d4-b094-8e246e1df442" />
      <TestMethod codeBase="D:\SFERRARI\01 - TRABAJO\repos\netcore\libs\template-netcore-shared\Kitpymes.Core.Shared.Tests\bin\Release\net5.0\Kitpymes.Core.Shared.Tests.dll" adapterTypeName="executor://mstestadapter/v2" className="Kitpymes.Core.Shared.Tests.CheckTests" name="IsUppercase_Passing_ValidArguments_Returns_HasErrorsAndCount" />
    </UnitTest>
    <UnitTest name="ToString_Passing_Valid_Collection_Returns_String_With_Default_Separator" storage="d:\sferrari\01 - trabajo\repos\netcore\libs\template-netcore-shared\kitpymes.core.shared.tests\bin\release\net5.0\kitpymes.core.shared.tests.dll" id="21217ca4-6d75-474b-8473-e280f7bf1bf5">
      <Execution id="5ef70bd4-0a72-455c-8b2a-aa5047453c8e" />
      <TestMethod codeBase="D:\SFERRARI\01 - TRABAJO\repos\netcore\libs\template-netcore-shared\Kitpymes.Core.Shared.Tests\bin\Release\net5.0\Kitpymes.Core.Shared.Tests.dll" adapterTypeName="executor://mstestadapter/v2" className="Kitpymes.Core.Shared.Tests.EnumerableExtensionsTests" name="ToString_Passing_Valid_Collection_Returns_String_With_Default_Separator" />
    </UnitTest>
    <UnitTest name="ToNormalize_Passing_ValidValue_Returns_NormalizedValue (Autobús,Autobus)" storage="d:\sferrari\01 - trabajo\repos\netcore\libs\template-netcore-shared\kitpymes.core.shared.tests\bin\release\net5.0\kitpymes.core.shared.tests.dll" id="01753f1c-609b-4bbe-bb58-58e6a58aaba3">
      <Execution id="cfe072d5-1175-4d86-be8f-4d52a52ace25" />
      <TestMethod codeBase="D:\SFERRARI\01 - TRABAJO\repos\netcore\libs\template-netcore-shared\Kitpymes.Core.Shared.Tests\bin\Release\net5.0\Kitpymes.Core.Shared.Tests.dll" adapterTypeName="executor://mstestadapter/v2" className="Kitpymes.Core.Shared.Tests.StringExtensionsTests" name="ToNormalize_Passing_ValidValue_Returns_NormalizedValue" />
    </UnitTest>
    <UnitTest name="ToUri_Passing_ValidValueString_Returns_Uri (http://उदाहरण.परीक्ष)" storage="d:\sferrari\01 - trabajo\repos\netcore\libs\template-netcore-shared\kitpymes.core.shared.tests\bin\release\net5.0\kitpymes.core.shared.tests.dll" id="bddaa4ea-e193-4bfb-879f-278e03a32c0b">
      <Execution id="6e24907d-84a8-432f-90d6-6748d6d63839" />
      <TestMethod codeBase="D:\SFERRARI\01 - TRABAJO\repos\netcore\libs\template-netcore-shared\Kitpymes.Core.Shared.Tests\bin\Release\net5.0\Kitpymes.Core.Shared.Tests.dll" adapterTypeName="executor://mstestadapter/v2" className="Kitpymes.Core.Shared.Tests.StringExtensionsTests" name="ToUri_Passing_ValidValueString_Returns_Uri" />
    </UnitTest>
    <UnitTest name="ToIsSubdomainThrow_Passing_InvalidValue_Returns_ApplicationExceptionWithMessage ()" storage="d:\sferrari\01 - trabajo\repos\netcore\libs\template-netcore-shared\kitpymes.core.shared.tests\bin\release\net5.0\kitpymes.core.shared.tests.dll" id="eddb6e90-2da3-43b4-83b6-a101e9e63d67">
      <Execution id="84d7b7ab-7972-48e2-b898-5bfbf90d819b" />
      <TestMethod codeBase="D:\SFERRARI\01 - TRABAJO\repos\netcore\libs\template-netcore-shared\Kitpymes.Core.Shared.Tests\bin\Release\net5.0\Kitpymes.Core.Shared.Tests.dll" adapterTypeName="executor://mstestadapter/v2" className="Kitpymes.Core.Shared.Tests.CheckExtensionsTests" name="ToIsSubdomainThrow_Passing_InvalidValue_Returns_ApplicationExceptionWithMessage" />
    </UnitTest>
    <UnitTest name="ToReplaceSpecialChars_Passing_ValidValue_Returns_ReplacedValueWithoutIgnoreSpecialChars (*¨^_:-?¿;,?¿,?¿)" storage="d:\sferrari\01 - trabajo\repos\netcore\libs\template-netcore-shared\kitpymes.core.shared.tests\bin\release\net5.0\kitpymes.core.shared.tests.dll" id="c676acba-9fd1-49cb-81e0-c160a09c0d79">
      <Execution id="9fb7a379-265c-4c71-935c-d441a8f6c88c" />
      <TestMethod codeBase="D:\SFERRARI\01 - TRABAJO\repos\netcore\libs\template-netcore-shared\Kitpymes.Core.Shared.Tests\bin\Release\net5.0\Kitpymes.Core.Shared.Tests.dll" adapterTypeName="executor://mstestadapter/v2" className="Kitpymes.Core.Shared.Tests.StringExtensionsTests" name="ToReplaceSpecialChars_Passing_ValidValue_Returns_ReplacedValueWithoutIgnoreSpecialChars" />
    </UnitTest>
    <UnitTest name="ToDefaultValue_Passing_uint_Returns_Cero" storage="d:\sferrari\01 - trabajo\repos\netcore\libs\template-netcore-shared\kitpymes.core.shared.tests\bin\release\net5.0\kitpymes.core.shared.tests.dll" id="a809cd46-526b-45a1-85a0-e3daea25da83">
      <Execution id="30bcc1e5-b6ce-45af-87c8-e5ebddca24e4" />
      <TestMethod codeBase="D:\SFERRARI\01 - TRABAJO\repos\netcore\libs\template-netcore-shared\Kitpymes.Core.Shared.Tests\bin\Release\net5.0\Kitpymes.Core.Shared.Tests.dll" adapterTypeName="executor://mstestadapter/v2" className="Kitpymes.Core.Shared.Tests.GenericExtensionsTests" name="ToDefaultValue_Passing_uint_Returns_Cero" />
    </UnitTest>
    <UnitTest name="ToDefaultValue_Passing_ushort_Returns_Cero" storage="d:\sferrari\01 - trabajo\repos\netcore\libs\template-netcore-shared\kitpymes.core.shared.tests\bin\release\net5.0\kitpymes.core.shared.tests.dll" id="c731e9d6-0a11-4761-a25c-e2000dce008a">
      <Execution id="e83da416-73a8-4ae4-bb92-70b6345cd7ad" />
      <TestMethod codeBase="D:\SFERRARI\01 - TRABAJO\repos\netcore\libs\template-netcore-shared\Kitpymes.Core.Shared.Tests\bin\Release\net5.0\Kitpymes.Core.Shared.Tests.dll" adapterTypeName="executor://mstestadapter/v2" className="Kitpymes.Core.Shared.Tests.GenericExtensionsTests" name="ToDefaultValue_Passing_ushort_Returns_Cero" />
    </UnitTest>
    <UnitTest name="ToConfigureOrDefault_Passing_DefaultValues_And_ActionCustomValues_Returns_DefaultValues_And_CustomValues" storage="d:\sferrari\01 - trabajo\repos\netcore\libs\template-netcore-shared\kitpymes.core.shared.tests\bin\release\net5.0\kitpymes.core.shared.tests.dll" id="790f04c7-f498-49f1-9abd-b6b36320e4c2">
      <Execution id="3c078ceb-fa5b-4bf1-aa64-43fbcb56b432" />
      <TestMethod codeBase="D:\SFERRARI\01 - TRABAJO\repos\netcore\libs\template-netcore-shared\Kitpymes.Core.Shared.Tests\bin\Release\net5.0\Kitpymes.Core.Shared.Tests.dll" adapterTypeName="executor://mstestadapter/v2" className="Kitpymes.Core.Shared.Tests.ActionExtensionsTests" name="ToConfigureOrDefault_Passing_DefaultValues_And_ActionCustomValues_Returns_DefaultValues_And_CustomValues" />
    </UnitTest>
    <UnitTest name="ToIsSubdomainThrow_Passing_InvalidValue_Returns_ApplicationExceptionWithMessage (34fsds@@sdd.f)" storage="d:\sferrari\01 - trabajo\repos\netcore\libs\template-netcore-shared\kitpymes.core.shared.tests\bin\release\net5.0\kitpymes.core.shared.tests.dll" id="18193cbc-6965-4e27-bbf3-2b91ec42fbc0">
      <Execution id="f4333e01-e3d3-417b-9951-929be9acd5a0" />
      <TestMethod codeBase="D:\SFERRARI\01 - TRABAJO\repos\netcore\libs\template-netcore-shared\Kitpymes.Core.Shared.Tests\bin\Release\net5.0\Kitpymes.Core.Shared.Tests.dll" adapterTypeName="executor://mstestadapter/v2" className="Kitpymes.Core.Shared.Tests.CheckExtensionsTests" name="ToIsSubdomainThrow_Passing_InvalidValue_Returns_ApplicationExceptionWithMessage" />
    </UnitTest>
    <UnitTest name="ToEmailMaskUserNameAndDomainAndExtension_Passing_ValidEmail_Returns_EmailWithMask (qaz@gmailgmail.com,q*z@g********l.c*m)" storage="d:\sferrari\01 - trabajo\repos\netcore\libs\template-netcore-shared\kitpymes.core.shared.tests\bin\release\net5.0\kitpymes.core.shared.tests.dll" id="a6e47aff-2a64-4af6-82b4-058926f1ed0a">
      <Execution id="1d160bda-be0d-4f9d-8960-c6d9f94151eb" />
      <TestMethod codeBase="D:\SFERRARI\01 - TRABAJO\repos\netcore\libs\template-netcore-shared\Kitpymes.Core.Shared.Tests\bin\Release\net5.0\Kitpymes.Core.Shared.Tests.dll" adapterTypeName="executor://mstestadapter/v2" className="Kitpymes.Core.Shared.Tests.StringExtensionsTests" name="ToEmailMaskUserNameAndDomainAndExtension_Passing_ValidEmail_Returns_EmailWithMask" />
    </UnitTest>
    <UnitTest name="ToReplace_Passing_ValidValue_Returns_ReplacedValue (aeiou,*,2,2,ae**u)" storage="d:\sferrari\01 - trabajo\repos\netcore\libs\template-netcore-shared\kitpymes.core.shared.tests\bin\release\net5.0\kitpymes.core.shared.tests.dll" id="134ca00c-4a81-49a6-a463-5ddfd418ba82">
      <Execution id="7b318e6a-baba-4538-9bc2-7a6031ed7384" />
      <TestMethod codeBase="D:\SFERRARI\01 - TRABAJO\repos\netcore\libs\template-netcore-shared\Kitpymes.Core.Shared.Tests\bin\Release\net5.0\Kitpymes.Core.Shared.Tests.dll" adapterTypeName="executor://mstestadapter/v2" className="Kitpymes.Core.Shared.Tests.StringExtensionsTests" name="ToReplace_Passing_ValidValue_Returns_ReplacedValue" />
    </UnitTest>
    <UnitTest name="ToUri_Passing_ValidValueString_Returns_Uri (http://foo.com/blah_blah?p=5)" storage="d:\sferrari\01 - trabajo\repos\netcore\libs\template-netcore-shared\kitpymes.core.shared.tests\bin\release\net5.0\kitpymes.core.shared.tests.dll" id="66b7672c-87e8-4cfa-b981-0c2d8ca8cc99">
      <Execution id="7964245c-410f-4c2b-8a98-59305ff3a38b" />
      <TestMethod codeBase="D:\SFERRARI\01 - TRABAJO\repos\netcore\libs\template-netcore-shared\Kitpymes.Core.Shared.Tests\bin\Release\net5.0\Kitpymes.Core.Shared.Tests.dll" adapterTypeName="executor://mstestadapter/v2" className="Kitpymes.Core.Shared.Tests.StringExtensionsTests" name="ToUri_Passing_ValidValueString_Returns_Uri" />
    </UnitTest>
    <UnitTest name="ToContentType_Passing_ValidValueString_Returns_ContentType (xxxx.gif,image/gif)" storage="d:\sferrari\01 - trabajo\repos\netcore\libs\template-netcore-shared\kitpymes.core.shared.tests\bin\release\net5.0\kitpymes.core.shared.tests.dll" id="0b1990d7-3068-45c1-95e1-1327e31451b7">
      <Execution id="118306d7-d326-4ced-aaa2-972615168c52" />
      <TestMethod codeBase="D:\SFERRARI\01 - TRABAJO\repos\netcore\libs\template-netcore-shared\Kitpymes.Core.Shared.Tests\bin\Release\net5.0\Kitpymes.Core.Shared.Tests.dll" adapterTypeName="executor://mstestadapter/v2" className="Kitpymes.Core.Shared.Tests.StringExtensionsTests" name="ToContentType_Passing_ValidValueString_Returns_ContentType" />
    </UnitTest>
    <UnitTest name="ToUri_Passing_ValidValueString_Returns_Uri (http://⌘.ws/)" storage="d:\sferrari\01 - trabajo\repos\netcore\libs\template-netcore-shared\kitpymes.core.shared.tests\bin\release\net5.0\kitpymes.core.shared.tests.dll" id="7a92a461-5ccc-46af-a3d1-c55903bc99cf">
      <Execution id="3b8686ce-769f-49a3-b454-0b22b8cdc045" />
      <TestMethod codeBase="D:\SFERRARI\01 - TRABAJO\repos\netcore\libs\template-netcore-shared\Kitpymes.Core.Shared.Tests\bin\Release\net5.0\Kitpymes.Core.Shared.Tests.dll" adapterTypeName="executor://mstestadapter/v2" className="Kitpymes.Core.Shared.Tests.StringExtensionsTests" name="ToUri_Passing_ValidValueString_Returns_Uri" />
    </UnitTest>
    <UnitTest name="ToRemove_Passing_ValidValue_Returns_ValueWithoutRemovedChars (hello hello , ,hellohello)" storage="d:\sferrari\01 - trabajo\repos\netcore\libs\template-netcore-shared\kitpymes.core.shared.tests\bin\release\net5.0\kitpymes.core.shared.tests.dll" id="0e9e5d73-9412-4243-a71e-c5f8cddcfc57">
      <Execution id="d2837bd2-7151-470b-8005-e09ca519c136" />
      <TestMethod codeBase="D:\SFERRARI\01 - TRABAJO\repos\netcore\libs\template-netcore-shared\Kitpymes.Core.Shared.Tests\bin\Release\net5.0\Kitpymes.Core.Shared.Tests.dll" adapterTypeName="executor://mstestadapter/v2" className="Kitpymes.Core.Shared.Tests.StringExtensionsTests" name="ToRemove_Passing_ValidValue_Returns_ValueWithoutRemovedChars" />
    </UnitTest>
    <UnitTest name="ToUri_Passing_ValidValueString_Returns_Uri (http://userid@example.com/)" storage="d:\sferrari\01 - trabajo\repos\netcore\libs\template-netcore-shared\kitpymes.core.shared.tests\bin\release\net5.0\kitpymes.core.shared.tests.dll" id="28b9dd56-1b14-424c-a77c-43094914366d">
      <Execution id="8b3c6cfa-94ce-4af4-b2fe-ce6498784dc7" />
      <TestMethod codeBase="D:\SFERRARI\01 - TRABAJO\repos\netcore\libs\template-netcore-shared\Kitpymes.Core.Shared.Tests\bin\Release\net5.0\Kitpymes.Core.Shared.Tests.dll" adapterTypeName="executor://mstestadapter/v2" className="Kitpymes.Core.Shared.Tests.StringExtensionsTests" name="ToUri_Passing_ValidValueString_Returns_Uri" />
    </UnitTest>
    <UnitTest name="ToRemove_Passing_ValidValue_Returns_ValueWithoutRemovedChars (* , ,*)" storage="d:\sferrari\01 - trabajo\repos\netcore\libs\template-netcore-shared\kitpymes.core.shared.tests\bin\release\net5.0\kitpymes.core.shared.tests.dll" id="edf4c766-76b3-4928-82a9-679c29eff62a">
      <Execution id="acb8ae85-c188-43dd-abc1-bfca420cf298" />
      <TestMethod codeBase="D:\SFERRARI\01 - TRABAJO\repos\netcore\libs\template-netcore-shared\Kitpymes.Core.Shared.Tests\bin\Release\net5.0\Kitpymes.Core.Shared.Tests.dll" adapterTypeName="executor://mstestadapter/v2" className="Kitpymes.Core.Shared.Tests.StringExtensionsTests" name="ToRemove_Passing_ValidValue_Returns_ValueWithoutRemovedChars" />
    </UnitTest>
    <UnitTest name="ToUri_Passing_ValidValueString_Returns_Uri (http://➡.ws/䨹)" storage="d:\sferrari\01 - trabajo\repos\netcore\libs\template-netcore-shared\kitpymes.core.shared.tests\bin\release\net5.0\kitpymes.core.shared.tests.dll" id="3c6ce9d3-cf76-4750-97b2-a588132c541d">
      <Execution id="5364a38c-6c2c-405c-ac07-fe89b909935d" />
      <TestMethod codeBase="D:\SFERRARI\01 - TRABAJO\repos\netcore\libs\template-netcore-shared\Kitpymes.Core.Shared.Tests\bin\Release\net5.0\Kitpymes.Core.Shared.Tests.dll" adapterTypeName="executor://mstestadapter/v2" className="Kitpymes.Core.Shared.Tests.StringExtensionsTests" name="ToUri_Passing_ValidValueString_Returns_Uri" />
    </UnitTest>
    <UnitTest name="ToUri_Passing_ValidValueString_Returns_Uri (http://✪df.ws/123)" storage="d:\sferrari\01 - trabajo\repos\netcore\libs\template-netcore-shared\kitpymes.core.shared.tests\bin\release\net5.0\kitpymes.core.shared.tests.dll" id="05e62122-2db6-4cc0-bbe0-9d57f024c69d">
      <Execution id="6bf8c4e8-6edc-4af6-98c8-22ef49fb7514" />
      <TestMethod codeBase="D:\SFERRARI\01 - TRABAJO\repos\netcore\libs\template-netcore-shared\Kitpymes.Core.Shared.Tests\bin\Release\net5.0\Kitpymes.Core.Shared.Tests.dll" adapterTypeName="executor://mstestadapter/v2" className="Kitpymes.Core.Shared.Tests.StringExtensionsTests" name="ToUri_Passing_ValidValueString_Returns_Uri" />
    </UnitTest>
    <UnitTest name="ToUri_Passing_ValidValueString_Returns_Uri (http://userid:password@example.com/)" storage="d:\sferrari\01 - trabajo\repos\netcore\libs\template-netcore-shared\kitpymes.core.shared.tests\bin\release\net5.0\kitpymes.core.shared.tests.dll" id="f26a2e9e-b268-4f28-b2e9-da53be99c11e">
      <Execution id="f96a0f82-74ff-4fdb-8f73-e5c150ea011e" />
      <TestMethod codeBase="D:\SFERRARI\01 - TRABAJO\repos\netcore\libs\template-netcore-shared\Kitpymes.Core.Shared.Tests\bin\Release\net5.0\Kitpymes.Core.Shared.Tests.dll" adapterTypeName="executor://mstestadapter/v2" className="Kitpymes.Core.Shared.Tests.StringExtensionsTests" name="ToUri_Passing_ValidValueString_Returns_Uri" />
    </UnitTest>
    <UnitTest name="ToMessage_Passing_ExceptionWithMessage_Returns_Message" storage="d:\sferrari\01 - trabajo\repos\netcore\libs\template-netcore-shared\kitpymes.core.shared.tests\bin\release\net5.0\kitpymes.core.shared.tests.dll" id="89e58edf-895e-49e6-8ba3-be9167c695c1">
      <Execution id="537ed207-77db-454a-ab7f-ebc027589aad" />
      <TestMethod codeBase="D:\SFERRARI\01 - TRABAJO\repos\netcore\libs\template-netcore-shared\Kitpymes.Core.Shared.Tests\bin\Release\net5.0\Kitpymes.Core.Shared.Tests.dll" adapterTypeName="executor://mstestadapter/v2" className="Kitpymes.Core.Shared.Tests.ExceptionExtensionsTests" name="ToMessage_Passing_ExceptionWithMessage_Returns_Message" />
    </UnitTest>
    <UnitTest name="ToRemove_Passing_ValidValue_Returns_ValueWithoutRemovedChars (aeiou,ae,iou)" storage="d:\sferrari\01 - trabajo\repos\netcore\libs\template-netcore-shared\kitpymes.core.shared.tests\bin\release\net5.0\kitpymes.core.shared.tests.dll" id="a9853b4f-df77-4cba-aa01-952da902c52a">
      <Execution id="372406b6-324b-4733-88fe-41d86fa2fb1d" />
      <TestMethod codeBase="D:\SFERRARI\01 - TRABAJO\repos\netcore\libs\template-netcore-shared\Kitpymes.Core.Shared.Tests\bin\Release\net5.0\Kitpymes.Core.Shared.Tests.dll" adapterTypeName="executor://mstestadapter/v2" className="Kitpymes.Core.Shared.Tests.StringExtensionsTests" name="ToRemove_Passing_ValidValue_Returns_ValueWithoutRemovedChars" />
    </UnitTest>
    <UnitTest name="ToGet_Passing_Claims_Returns_Claim_Value_String" storage="d:\sferrari\01 - trabajo\repos\netcore\libs\template-netcore-shared\kitpymes.core.shared.tests\bin\release\net5.0\kitpymes.core.shared.tests.dll" id="af42c000-f28e-4640-91ac-162b250f5f66">
      <Execution id="488c3e5c-0ccb-44ab-9fe5-3eedd4d94f18" />
      <TestMethod codeBase="D:\SFERRARI\01 - TRABAJO\repos\netcore\libs\template-netcore-shared\Kitpymes.Core.Shared.Tests\bin\Release\net5.0\Kitpymes.Core.Shared.Tests.dll" adapterTypeName="executor://mstestadapter/v2" className="Kitpymes.Core.Shared.Tests.ClaimsPrincipalExtensionsTests" name="ToGet_Passing_Claims_Returns_Claim_Value_String" />
    </UnitTest>
    <UnitTest name="CreateSHA256_Passing_Invalid_Arguments_Returns_ApplicationException ()" storage="d:\sferrari\01 - trabajo\repos\netcore\libs\template-netcore-shared\kitpymes.core.shared.tests\bin\release\net5.0\kitpymes.core.shared.tests.dll" id="e12ac955-38c1-4cc3-a735-c067622f092b">
      <Execution id="e5a2b5df-04f8-4583-8c37-924b7f7f508a" />
      <TestMethod codeBase="D:\SFERRARI\01 - TRABAJO\repos\netcore\libs\template-netcore-shared\Kitpymes.Core.Shared.Tests\bin\Release\net5.0\Kitpymes.Core.Shared.Tests.dll" adapterTypeName="executor://mstestadapter/v2" className="Kitpymes.Core.Shared.Tests.HashTests" name="CreateSHA256_Passing_Invalid_Arguments_Returns_ApplicationException" />
    </UnitTest>
    <UnitTest name="ToDefaultValue_Passing_bool_Returns_Cero (True)" storage="d:\sferrari\01 - trabajo\repos\netcore\libs\template-netcore-shared\kitpymes.core.shared.tests\bin\release\net5.0\kitpymes.core.shared.tests.dll" id="268d3f00-33e4-4666-862f-8c89d8b6990c">
      <Execution id="5f7c6857-7653-4730-8dfb-4b77d203c46d" />
      <TestMethod codeBase="D:\SFERRARI\01 - TRABAJO\repos\netcore\libs\template-netcore-shared\Kitpymes.Core.Shared.Tests\bin\Release\net5.0\Kitpymes.Core.Shared.Tests.dll" adapterTypeName="executor://mstestadapter/v2" className="Kitpymes.Core.Shared.Tests.GenericExtensionsTests" name="ToDefaultValue_Passing_bool_Returns_Cero" />
    </UnitTest>
    <UnitTest name="ToIPv6_Passing_HttpContext_IP_Value_Returns_IP" storage="d:\sferrari\01 - trabajo\repos\netcore\libs\template-netcore-shared\kitpymes.core.shared.tests\bin\release\net5.0\kitpymes.core.shared.tests.dll" id="2206d5d5-8a7a-4c53-8f65-c42e8740e25a">
      <Execution id="51c4869c-2e00-46e0-8ddb-43ccde7d5a4f" />
      <TestMethod codeBase="D:\SFERRARI\01 - TRABAJO\repos\netcore\libs\template-netcore-shared\Kitpymes.Core.Shared.Tests\bin\Release\net5.0\Kitpymes.Core.Shared.Tests.dll" adapterTypeName="executor://mstestadapter/v2" className="Kitpymes.Core.Shared.Tests.HttpContextExtensionsTests" name="ToIPv6_Passing_HttpContext_IP_Value_Returns_IP" />
    </UnitTest>
    <UnitTest name="ResultOk_WithMessage_WithDetails" storage="d:\sferrari\01 - trabajo\repos\netcore\libs\template-netcore-shared\kitpymes.core.shared.tests\bin\release\net5.0\kitpymes.core.shared.tests.dll" id="aca991f6-ea87-4c4a-b2ce-922254399539">
      <Execution id="d7bb13e0-098c-4f1d-96b5-f6782bf659f7" />
      <TestMethod codeBase="D:\SFERRARI\01 - TRABAJO\repos\netcore\libs\template-netcore-shared\Kitpymes.Core.Shared.Tests\bin\Release\net5.0\Kitpymes.Core.Shared.Tests.dll" adapterTypeName="executor://mstestadapter/v2" className="Kitpymes.Core.Shared.Tests.ResultTest" name="ResultOk_WithMessage_WithDetails" />
    </UnitTest>
    <UnitTest name="ToInt_Passing_Enumeration_Name_Returns_Value" storage="d:\sferrari\01 - trabajo\repos\netcore\libs\template-netcore-shared\kitpymes.core.shared.tests\bin\release\net5.0\kitpymes.core.shared.tests.dll" id="d2fc0608-3210-4e68-b612-c4f69e2061cb">
      <Execution id="32f85c71-4c22-4056-95b3-f471b6658d51" />
      <TestMethod codeBase="D:\SFERRARI\01 - TRABAJO\repos\netcore\libs\template-netcore-shared\Kitpymes.Core.Shared.Tests\bin\Release\net5.0\Kitpymes.Core.Shared.Tests.dll" adapterTypeName="executor://mstestadapter/v2" className="Kitpymes.Core.Shared.Tests.EnumExtensionsTests" name="ToInt_Passing_Enumeration_Name_Returns_Value" />
    </UnitTest>
    <UnitTest name="ResultErrorData_WithTitle_WithStatusCode_WithDetails_WithExceptionType_WithMessages_WithErrors" storage="d:\sferrari\01 - trabajo\repos\netcore\libs\template-netcore-shared\kitpymes.core.shared.tests\bin\release\net5.0\kitpymes.core.shared.tests.dll" id="762c91c5-c622-4136-bf00-c8726088de24">
      <Execution id="7bb76204-1063-4ec9-9797-391aed1467f3" />
      <TestMethod codeBase="D:\SFERRARI\01 - TRABAJO\repos\netcore\libs\template-netcore-shared\Kitpymes.Core.Shared.Tests\bin\Release\net5.0\Kitpymes.Core.Shared.Tests.dll" adapterTypeName="executor://mstestadapter/v2" className="Kitpymes.Core.Shared.Tests.ResultTest" name="ResultErrorData_WithTitle_WithStatusCode_WithDetails_WithExceptionType_WithMessages_WithErrors" />
    </UnitTest>
    <UnitTest name="ToReplaceSpecialChars_Passing_ValidValue_Returns_ReplacedValueWithoutIgnoreSpecialChars ( àáäâ ãøçħ , aaaa aoch )" storage="d:\sferrari\01 - trabajo\repos\netcore\libs\template-netcore-shared\kitpymes.core.shared.tests\bin\release\net5.0\kitpymes.core.shared.tests.dll" id="cfef92cb-a2d2-42c6-871b-ad0f74c2b369">
      <Execution id="7302f40c-14af-433f-8fa1-3c2a8f444bd7" />
      <TestMethod codeBase="D:\SFERRARI\01 - TRABAJO\repos\netcore\libs\template-netcore-shared\Kitpymes.Core.Shared.Tests\bin\Release\net5.0\Kitpymes.Core.Shared.Tests.dll" adapterTypeName="executor://mstestadapter/v2" className="Kitpymes.Core.Shared.Tests.StringExtensionsTests" name="ToReplaceSpecialChars_Passing_ValidValue_Returns_ReplacedValueWithoutIgnoreSpecialChars" />
    </UnitTest>
    <UnitTest name="ToTryIPv6_Passing_HttpContext_IP_Value_Returns_IP" storage="d:\sferrari\01 - trabajo\repos\netcore\libs\template-netcore-shared\kitpymes.core.shared.tests\bin\release\net5.0\kitpymes.core.shared.tests.dll" id="2219cfe8-8ad8-4477-813d-1089f3d3f8d2">
      <Execution id="1f6f97ce-5579-40e3-9145-ccf7b0ce0e3d" />
      <TestMethod codeBase="D:\SFERRARI\01 - TRABAJO\repos\netcore\libs\template-netcore-shared\Kitpymes.Core.Shared.Tests\bin\Release\net5.0\Kitpymes.Core.Shared.Tests.dll" adapterTypeName="executor://mstestadapter/v2" className="Kitpymes.Core.Shared.Tests.HttpContextExtensionsTests" name="ToTryIPv6_Passing_HttpContext_IP_Value_Returns_IP" />
    </UnitTest>
    <UnitTest name="ToUri_Passing_InvalidValueString_Returns_DefaultValue (http://?)" storage="d:\sferrari\01 - trabajo\repos\netcore\libs\template-netcore-shared\kitpymes.core.shared.tests\bin\release\net5.0\kitpymes.core.shared.tests.dll" id="f3839d74-5092-41b7-ba77-245f9dc64323">
      <Execution id="b6f58ff6-cda1-429b-84d0-0319275a4192" />
      <TestMethod codeBase="D:\SFERRARI\01 - TRABAJO\repos\netcore\libs\template-netcore-shared\Kitpymes.Core.Shared.Tests\bin\Release\net5.0\Kitpymes.Core.Shared.Tests.dll" adapterTypeName="executor://mstestadapter/v2" className="Kitpymes.Core.Shared.Tests.StringExtensionsTests" name="ToUri_Passing_InvalidValueString_Returns_DefaultValue" />
    </UnitTest>
    <UnitTest name="ToServiceMatchingInterface_Passing_Empties_Assemblies_Returns_ApplicationException" storage="d:\sferrari\01 - trabajo\repos\netcore\libs\template-netcore-shared\kitpymes.core.shared.tests\bin\release\net5.0\kitpymes.core.shared.tests.dll" id="1fe48ce6-eea7-40a4-a5ab-a17783b2125d">
      <Execution id="2ffb30cc-6dc9-4059-9434-3bfd4cb269b7" />
      <TestMethod codeBase="D:\SFERRARI\01 - TRABAJO\repos\netcore\libs\template-netcore-shared\Kitpymes.Core.Shared.Tests\bin\Release\net5.0\Kitpymes.Core.Shared.Tests.dll" adapterTypeName="executor://mstestadapter/v2" className="Kitpymes.Core.Shared.Tests.ConfigurationBuilderExtensionsTests" name="ToServiceMatchingInterface_Passing_Empties_Assemblies_Returns_ApplicationException" />
    </UnitTest>
    <UnitTest name="CreateSHA512_Passing_Invalid_Arguments_Returns_ApplicationException ( )" storage="d:\sferrari\01 - trabajo\repos\netcore\libs\template-netcore-shared\kitpymes.core.shared.tests\bin\release\net5.0\kitpymes.core.shared.tests.dll" id="aa3ad93e-a0fe-4ae1-953d-48c982c4a1fc">
      <Execution id="9022d1b4-5072-41ac-b1f4-6d1e4bef6a44" />
      <TestMethod codeBase="D:\SFERRARI\01 - TRABAJO\repos\netcore\libs\template-netcore-shared\Kitpymes.Core.Shared.Tests\bin\Release\net5.0\Kitpymes.Core.Shared.Tests.dll" adapterTypeName="executor://mstestadapter/v2" className="Kitpymes.Core.Shared.Tests.HashTests" name="CreateSHA512_Passing_Invalid_Arguments_Returns_ApplicationException" />
    </UnitTest>
    <UnitTest name="ToNormalize_Passing_ValidValue_Returns_NormalizedValue (Strømsgodset,Stromsgodset)" storage="d:\sferrari\01 - trabajo\repos\netcore\libs\template-netcore-shared\kitpymes.core.shared.tests\bin\release\net5.0\kitpymes.core.shared.tests.dll" id="4638f5c8-8fd4-41d0-b4b4-2f38d36d6611">
      <Execution id="2839dbff-b902-440d-8437-2b92af32d8e7" />
      <TestMethod codeBase="D:\SFERRARI\01 - TRABAJO\repos\netcore\libs\template-netcore-shared\Kitpymes.Core.Shared.Tests\bin\Release\net5.0\Kitpymes.Core.Shared.Tests.dll" adapterTypeName="executor://mstestadapter/v2" className="Kitpymes.Core.Shared.Tests.StringExtensionsTests" name="ToNormalize_Passing_ValidValue_Returns_NormalizedValue" />
    </UnitTest>
    <UnitTest name="ToSettings_Passing_Values_From_Memory_Returns_Settings" storage="d:\sferrari\01 - trabajo\repos\netcore\libs\template-netcore-shared\kitpymes.core.shared.tests\bin\release\net5.0\kitpymes.core.shared.tests.dll" id="293430f1-cd30-4704-bd16-346c12288856">
      <Execution id="2f91affb-2612-4b50-b7bd-5ae98e347169" />
      <TestMethod codeBase="D:\SFERRARI\01 - TRABAJO\repos\netcore\libs\template-netcore-shared\Kitpymes.Core.Shared.Tests\bin\Release\net5.0\Kitpymes.Core.Shared.Tests.dll" adapterTypeName="executor://mstestadapter/v2" className="Kitpymes.Core.Shared.Tests.ConfigurationBuilderExtensionsTests" name="ToSettings_Passing_Values_From_Memory_Returns_Settings" />
    </UnitTest>
    <UnitTest name="ToHashAlgorithmName_Passing_InvalidValueString_Returns_Null (hhhhhh)" storage="d:\sferrari\01 - trabajo\repos\netcore\libs\template-netcore-shared\kitpymes.core.shared.tests\bin\release\net5.0\kitpymes.core.shared.tests.dll" id="e9b2d63d-8772-474f-9262-65a0e46fc36f">
      <Execution id="8dcad2b1-54f8-40ec-9047-fd7b2ba927ae" />
      <TestMethod codeBase="D:\SFERRARI\01 - TRABAJO\repos\netcore\libs\template-netcore-shared\Kitpymes.Core.Shared.Tests\bin\Release\net5.0\Kitpymes.Core.Shared.Tests.dll" adapterTypeName="executor://mstestadapter/v2" className="Kitpymes.Core.Shared.Tests.StringExtensionsTests" name="ToHashAlgorithmName_Passing_InvalidValueString_Returns_Null" />
    </UnitTest>
    <UnitTest name="ToEmailMaskUserName_Passing_ValidEmail_Returns_EmailWithMask (qaz@gmailgmail.com,q*z@gmailgmail.com)" storage="d:\sferrari\01 - trabajo\repos\netcore\libs\template-netcore-shared\kitpymes.core.shared.tests\bin\release\net5.0\kitpymes.core.shared.tests.dll" id="722ff852-7c9d-4b51-9734-d04489a23cdc">
      <Execution id="982bdf27-99e1-4a36-bcf6-f06b2578470f" />
      <TestMethod codeBase="D:\SFERRARI\01 - TRABAJO\repos\netcore\libs\template-netcore-shared\Kitpymes.Core.Shared.Tests\bin\Release\net5.0\Kitpymes.Core.Shared.Tests.dll" adapterTypeName="executor://mstestadapter/v2" className="Kitpymes.Core.Shared.Tests.StringExtensionsTests" name="ToEmailMaskUserName_Passing_ValidEmail_Returns_EmailWithMask" />
    </UnitTest>
    <UnitTest name="ToEndOfTheMonth_Passing_DateTime_Returns_End_Of_Month_DateTime" storage="d:\sferrari\01 - trabajo\repos\netcore\libs\template-netcore-shared\kitpymes.core.shared.tests\bin\release\net5.0\kitpymes.core.shared.tests.dll" id="71e58ca1-d46b-4657-b04b-56cb06ae70db">
      <Execution id="25fe5f3b-6b4a-46bc-8042-a648a1d213ee" />
      <TestMethod codeBase="D:\SFERRARI\01 - TRABAJO\repos\netcore\libs\template-netcore-shared\Kitpymes.Core.Shared.Tests\bin\Release\net5.0\Kitpymes.Core.Shared.Tests.dll" adapterTypeName="executor://mstestadapter/v2" className="Kitpymes.Core.Shared.Tests.DateTimeExtensionsTests" name="ToEndOfTheMonth_Passing_DateTime_Returns_End_Of_Month_DateTime" />
    </UnitTest>
    <UnitTest name="ToUri_Passing_InvalidValueString_Returns_DefaultValue (http://#)" storage="d:\sferrari\01 - trabajo\repos\netcore\libs\template-netcore-shared\kitpymes.core.shared.tests\bin\release\net5.0\kitpymes.core.shared.tests.dll" id="b9e52f8c-7fc4-4d28-92d5-5bb1b1784fb3">
      <Execution id="1bb6acee-2ae0-46a2-8cb7-ae891eed2191" />
      <TestMethod codeBase="D:\SFERRARI\01 - TRABAJO\repos\netcore\libs\template-netcore-shared\Kitpymes.Core.Shared.Tests\bin\Release\net5.0\Kitpymes.Core.Shared.Tests.dll" adapterTypeName="executor://mstestadapter/v2" className="Kitpymes.Core.Shared.Tests.StringExtensionsTests" name="ToUri_Passing_InvalidValueString_Returns_DefaultValue" />
    </UnitTest>
    <UnitTest name="ToUri_Passing_ValidValueString_Returns_Uri (https://foo.com/blah_blah/)" storage="d:\sferrari\01 - trabajo\repos\netcore\libs\template-netcore-shared\kitpymes.core.shared.tests\bin\release\net5.0\kitpymes.core.shared.tests.dll" id="77be357c-3d44-4546-9937-254e0b95dec6">
      <Execution id="922a22dc-e308-4d4c-8848-13013641afe9" />
      <TestMethod codeBase="D:\SFERRARI\01 - TRABAJO\repos\netcore\libs\template-netcore-shared\Kitpymes.Core.Shared.Tests\bin\Release\net5.0\Kitpymes.Core.Shared.Tests.dll" adapterTypeName="executor://mstestadapter/v2" className="Kitpymes.Core.Shared.Tests.StringExtensionsTests" name="ToUri_Passing_ValidValueString_Returns_Uri" />
    </UnitTest>
    <UnitTest name="ToRandom_Passing_Invalid_Null_Value_Returns_Null" storage="d:\sferrari\01 - trabajo\repos\netcore\libs\template-netcore-shared\kitpymes.core.shared.tests\bin\release\net5.0\kitpymes.core.shared.tests.dll" id="f69fc350-6a02-496b-8495-fdc1c2ad2593">
      <Execution id="956bc3a0-da6d-4739-8c67-68b93b3744c9" />
      <TestMethod codeBase="D:\SFERRARI\01 - TRABAJO\repos\netcore\libs\template-netcore-shared\Kitpymes.Core.Shared.Tests\bin\Release\net5.0\Kitpymes.Core.Shared.Tests.dll" adapterTypeName="executor://mstestadapter/v2" className="Kitpymes.Core.Shared.Tests.StringExtensionsTests" name="ToRandom_Passing_Invalid_Null_Value_Returns_Null" />
    </UnitTest>
    <UnitTest name="ToAuthenticationType_Passing_Claims_Returns_Null" storage="d:\sferrari\01 - trabajo\repos\netcore\libs\template-netcore-shared\kitpymes.core.shared.tests\bin\release\net5.0\kitpymes.core.shared.tests.dll" id="6fbe0a35-7379-451d-a7c3-bf35c22c8ac1">
      <Execution id="c67a357c-f3c0-47d6-ac3c-72ba1d7a2278" />
      <TestMethod codeBase="D:\SFERRARI\01 - TRABAJO\repos\netcore\libs\template-netcore-shared\Kitpymes.Core.Shared.Tests\bin\Release\net5.0\Kitpymes.Core.Shared.Tests.dll" adapterTypeName="executor://mstestadapter/v2" className="Kitpymes.Core.Shared.Tests.ClaimsPrincipalExtensionsTests" name="ToAuthenticationType_Passing_Claims_Returns_Null" />
    </UnitTest>
    <UnitTest name="IsHostname_Passing_ValidArguments_Returns_HasErrorsAndCount" storage="d:\sferrari\01 - trabajo\repos\netcore\libs\template-netcore-shared\kitpymes.core.shared.tests\bin\release\net5.0\kitpymes.core.shared.tests.dll" id="4b6d1532-a601-4948-81c8-12f5985d0ad8">
      <Execution id="4ce35fae-63c7-48ef-b328-ee9867a9c3c9" />
      <TestMethod codeBase="D:\SFERRARI\01 - TRABAJO\repos\netcore\libs\template-netcore-shared\Kitpymes.Core.Shared.Tests\bin\Release\net5.0\Kitpymes.Core.Shared.Tests.dll" adapterTypeName="executor://mstestadapter/v2" className="Kitpymes.Core.Shared.Tests.CheckTests" name="IsHostname_Passing_ValidArguments_Returns_HasErrorsAndCount" />
    </UnitTest>
    <UnitTest name="ToUri_Passing_InvalidValueString_Returns_DefaultValue (http://##)" storage="d:\sferrari\01 - trabajo\repos\netcore\libs\template-netcore-shared\kitpymes.core.shared.tests\bin\release\net5.0\kitpymes.core.shared.tests.dll" id="c4303a4c-b33a-4a6f-82a2-0670269987de">
      <Execution id="b7503340-e2b4-461e-b3ef-c087f4f5f456" />
      <TestMethod codeBase="D:\SFERRARI\01 - TRABAJO\repos\netcore\libs\template-netcore-shared\Kitpymes.Core.Shared.Tests\bin\Release\net5.0\Kitpymes.Core.Shared.Tests.dll" adapterTypeName="executor://mstestadapter/v2" className="Kitpymes.Core.Shared.Tests.StringExtensionsTests" name="ToUri_Passing_InvalidValueString_Returns_DefaultValue" />
    </UnitTest>
    <UnitTest name="ToEmailMask_Passing_ValidEmail_Returns_EmailWithMask (qaz@gmailgmail.com,q-z@g---------.com)" storage="d:\sferrari\01 - trabajo\repos\netcore\libs\template-netcore-shared\kitpymes.core.shared.tests\bin\release\net5.0\kitpymes.core.shared.tests.dll" id="261bd10d-2d8c-4f24-a5dd-165534d9c84c">
      <Execution id="eb08087b-f8a6-4bbd-b15d-140b250fca0e" />
      <TestMethod codeBase="D:\SFERRARI\01 - TRABAJO\repos\netcore\libs\template-netcore-shared\Kitpymes.Core.Shared.Tests\bin\Release\net5.0\Kitpymes.Core.Shared.Tests.dll" adapterTypeName="executor://mstestadapter/v2" className="Kitpymes.Core.Shared.Tests.StringExtensionsTests" name="ToEmailMask_Passing_ValidEmail_Returns_EmailWithMask" />
    </UnitTest>
    <UnitTest name="ToIsSubdomainThrow_Passing_InvalidValue_Returns_ApplicationExceptionWithMessage (dasdasd@dsasd.._ff)" storage="d:\sferrari\01 - trabajo\repos\netcore\libs\template-netcore-shared\kitpymes.core.shared.tests\bin\release\net5.0\kitpymes.core.shared.tests.dll" id="c316c036-7f2a-4032-b087-87d01d5f6629">
      <Execution id="190ab022-5334-4072-9237-642b24d0f9bf" />
      <TestMethod codeBase="D:\SFERRARI\01 - TRABAJO\repos\netcore\libs\template-netcore-shared\Kitpymes.Core.Shared.Tests\bin\Release\net5.0\Kitpymes.Core.Shared.Tests.dll" adapterTypeName="executor://mstestadapter/v2" className="Kitpymes.Core.Shared.Tests.CheckExtensionsTests" name="ToIsSubdomainThrow_Passing_InvalidValue_Returns_ApplicationExceptionWithMessage" />
    </UnitTest>
    <UnitTest name="IsCustom_Passing_InvalidArguments_Returns_HasErrorsAndCount" storage="d:\sferrari\01 - trabajo\repos\netcore\libs\template-netcore-shared\kitpymes.core.shared.tests\bin\release\net5.0\kitpymes.core.shared.tests.dll" id="7a0cd171-6dfb-4b1c-aa55-d66c7e940dfa">
      <Execution id="d2d05b3e-a4be-402b-89b6-cc51556b611d" />
      <TestMethod codeBase="D:\SFERRARI\01 - TRABAJO\repos\netcore\libs\template-netcore-shared\Kitpymes.Core.Shared.Tests\bin\Release\net5.0\Kitpymes.Core.Shared.Tests.dll" adapterTypeName="executor://mstestadapter/v2" className="Kitpymes.Core.Shared.Tests.CheckTests" name="IsCustom_Passing_InvalidArguments_Returns_HasErrorsAndCount" />
    </UnitTest>
    <UnitTest name="ToEnum_Passing_InvalidValueInt_Returns_EnumDefaultValue" storage="d:\sferrari\01 - trabajo\repos\netcore\libs\template-netcore-shared\kitpymes.core.shared.tests\bin\release\net5.0\kitpymes.core.shared.tests.dll" id="d7ff0d54-cdde-461c-92a7-693da9c2245a">
      <Execution id="631e57c0-b4bb-4739-acf1-a6e864fccea1" />
      <TestMethod codeBase="D:\SFERRARI\01 - TRABAJO\repos\netcore\libs\template-netcore-shared\Kitpymes.Core.Shared.Tests\bin\Release\net5.0\Kitpymes.Core.Shared.Tests.dll" adapterTypeName="executor://mstestadapter/v2" className="Kitpymes.Core.Shared.Tests.StringExtensionsTests" name="ToEnum_Passing_InvalidValueInt_Returns_EnumDefaultValue" />
    </UnitTest>
    <UnitTest name="CreateRandom_WithDefaultAllowableCharacters_Passing_ValidArguments_Returns_String_Random_Value (20)" storage="d:\sferrari\01 - trabajo\repos\netcore\libs\template-netcore-shared\kitpymes.core.shared.tests\bin\release\net5.0\kitpymes.core.shared.tests.dll" id="291d48d6-8256-4bb2-9edb-2d03d11e675f">
      <Execution id="2169d565-995d-48b2-a566-e94faaccf9d3" />
      <TestMethod codeBase="D:\SFERRARI\01 - TRABAJO\repos\netcore\libs\template-netcore-shared\Kitpymes.Core.Shared.Tests\bin\Release\net5.0\Kitpymes.Core.Shared.Tests.dll" adapterTypeName="executor://mstestadapter/v2" className="Kitpymes.Core.Shared.Tests.HashTests" name="CreateRandom_WithDefaultAllowableCharacters_Passing_ValidArguments_Returns_String_Random_Value" />
    </UnitTest>
    <UnitTest name="ToEmailMaskUserName_Passing_ValidEmail_Returns_EmailWithMask (qaz@gmail.com,q*z@gmail.com)" storage="d:\sferrari\01 - trabajo\repos\netcore\libs\template-netcore-shared\kitpymes.core.shared.tests\bin\release\net5.0\kitpymes.core.shared.tests.dll" id="c14a6243-5355-4188-be29-3149dbe54158">
      <Execution id="6c0f9209-981f-48ab-8ef3-487003c7f218" />
      <TestMethod codeBase="D:\SFERRARI\01 - TRABAJO\repos\netcore\libs\template-netcore-shared\Kitpymes.Core.Shared.Tests\bin\Release\net5.0\Kitpymes.Core.Shared.Tests.dll" adapterTypeName="executor://mstestadapter/v2" className="Kitpymes.Core.Shared.Tests.StringExtensionsTests" name="ToEmailMaskUserName_Passing_ValidEmail_Returns_EmailWithMask" />
    </UnitTest>
    <UnitTest name="IsLess_Passing_InvalidArguments_Returns_HasErrorsAndCount" storage="d:\sferrari\01 - trabajo\repos\netcore\libs\template-netcore-shared\kitpymes.core.shared.tests\bin\release\net5.0\kitpymes.core.shared.tests.dll" id="2b4db5a3-38f4-4aaa-a313-47f23481a1f4">
      <Execution id="80ca30ad-78a9-4fcb-835f-1da0581a6dd3" />
      <TestMethod codeBase="D:\SFERRARI\01 - TRABAJO\repos\netcore\libs\template-netcore-shared\Kitpymes.Core.Shared.Tests\bin\Release\net5.0\Kitpymes.Core.Shared.Tests.dll" adapterTypeName="executor://mstestadapter/v2" className="Kitpymes.Core.Shared.Tests.CheckTests" name="IsLess_Passing_InvalidArguments_Returns_HasErrorsAndCount" />
    </UnitTest>
    <UnitTest name="ToUri_Passing_ValidValueString_Returns_Uri (http://1337.net)" storage="d:\sferrari\01 - trabajo\repos\netcore\libs\template-netcore-shared\kitpymes.core.shared.tests\bin\release\net5.0\kitpymes.core.shared.tests.dll" id="56b90d16-b404-4458-a76f-e0be20f3a35e">
      <Execution id="9e6e9373-2f04-4024-a66f-d8c074540321" />
      <TestMethod codeBase="D:\SFERRARI\01 - TRABAJO\repos\netcore\libs\template-netcore-shared\Kitpymes.Core.Shared.Tests\bin\Release\net5.0\Kitpymes.Core.Shared.Tests.dll" adapterTypeName="executor://mstestadapter/v2" className="Kitpymes.Core.Shared.Tests.StringExtensionsTests" name="ToUri_Passing_ValidValueString_Returns_Uri" />
    </UnitTest>
    <UnitTest name="ToUri_Passing_InvalidValueString_Returns_Null (http://#)" storage="d:\sferrari\01 - trabajo\repos\netcore\libs\template-netcore-shared\kitpymes.core.shared.tests\bin\release\net5.0\kitpymes.core.shared.tests.dll" id="0bcc46e1-75bf-4182-98ff-9a4853ddf51a">
      <Execution id="29a3fc45-f9a4-41e8-84ad-bbe0e1047aa9" />
      <TestMethod codeBase="D:\SFERRARI\01 - TRABAJO\repos\netcore\libs\template-netcore-shared\Kitpymes.Core.Shared.Tests\bin\Release\net5.0\Kitpymes.Core.Shared.Tests.dll" adapterTypeName="executor://mstestadapter/v2" className="Kitpymes.Core.Shared.Tests.StringExtensionsTests" name="ToUri_Passing_InvalidValueString_Returns_Null" />
    </UnitTest>
    <UnitTest name="CreateRandom_WithCustomAllowableCharacters_Passing_Valid_Arguments_Returns_String_Random_Value (10,7890ABFLFLFFL)" storage="d:\sferrari\01 - trabajo\repos\netcore\libs\template-netcore-shared\kitpymes.core.shared.tests\bin\release\net5.0\kitpymes.core.shared.tests.dll" id="6e86de31-888b-48c6-97cb-04bb52ff16aa">
      <Execution id="ee4802a8-52f7-4350-84e8-0ce0ee78bbf2" />
      <TestMethod codeBase="D:\SFERRARI\01 - TRABAJO\repos\netcore\libs\template-netcore-shared\Kitpymes.Core.Shared.Tests\bin\Release\net5.0\Kitpymes.Core.Shared.Tests.dll" adapterTypeName="executor://mstestadapter/v2" className="Kitpymes.Core.Shared.Tests.HashTests" name="CreateRandom_WithCustomAllowableCharacters_Passing_Valid_Arguments_Returns_String_Random_Value" />
    </UnitTest>
    <UnitTest name="ToList_Passing_ValidEnumTypeWithSelectedValueWithResourceType_Returns_ValuesList" storage="d:\sferrari\01 - trabajo\repos\netcore\libs\template-netcore-shared\kitpymes.core.shared.tests\bin\release\net5.0\kitpymes.core.shared.tests.dll" id="8c595e7b-7ccb-4da2-97a8-87665e26fb79">
      <Execution id="46026d70-ce22-410e-a45c-0b30088ed771" />
      <TestMethod codeBase="D:\SFERRARI\01 - TRABAJO\repos\netcore\libs\template-netcore-shared\Kitpymes.Core.Shared.Tests\bin\Release\net5.0\Kitpymes.Core.Shared.Tests.dll" adapterTypeName="executor://mstestadapter/v2" className="Kitpymes.Core.Shared.Tests.EnumsTests" name="ToList_Passing_ValidEnumTypeWithSelectedValueWithResourceType_Returns_ValuesList" />
    </UnitTest>
    <UnitTest name="ToIsNullOrEmptyThrow_Passing_InvalidValue_Returns_ApplicationExceptionWithMessage" storage="d:\sferrari\01 - trabajo\repos\netcore\libs\template-netcore-shared\kitpymes.core.shared.tests\bin\release\net5.0\kitpymes.core.shared.tests.dll" id="4b101d47-11e6-406c-9f95-327a11cc81b7">
      <Execution id="4487ea55-0527-4644-be47-c34cd0812c2c" />
      <TestMethod codeBase="D:\SFERRARI\01 - TRABAJO\repos\netcore\libs\template-netcore-shared\Kitpymes.Core.Shared.Tests\bin\Release\net5.0\Kitpymes.Core.Shared.Tests.dll" adapterTypeName="executor://mstestadapter/v2" className="Kitpymes.Core.Shared.Tests.CheckExtensionsTests" name="ToIsNullOrEmptyThrow_Passing_InvalidValue_Returns_ApplicationExceptionWithMessage" />
    </UnitTest>
    <UnitTest name="ToUri_Passing_ValidValueString_Returns_Uri (http://⌘.ws)" storage="d:\sferrari\01 - trabajo\repos\netcore\libs\template-netcore-shared\kitpymes.core.shared.tests\bin\release\net5.0\kitpymes.core.shared.tests.dll" id="70fa3505-5fb0-4ea4-a49a-249a59241515">
      <Execution id="5351005b-9662-4a12-a600-4ec59a3c94ec" />
      <TestMethod codeBase="D:\SFERRARI\01 - TRABAJO\repos\netcore\libs\template-netcore-shared\Kitpymes.Core.Shared.Tests\bin\Release\net5.0\Kitpymes.Core.Shared.Tests.dll" adapterTypeName="executor://mstestadapter/v2" className="Kitpymes.Core.Shared.Tests.StringExtensionsTests" name="ToUri_Passing_ValidValueString_Returns_Uri" />
    </UnitTest>
    <UnitTest name="ToInt_Passing_InvalidValueString_Returns_Null (asdasdasdasd234324)" storage="d:\sferrari\01 - trabajo\repos\netcore\libs\template-netcore-shared\kitpymes.core.shared.tests\bin\release\net5.0\kitpymes.core.shared.tests.dll" id="45978d16-6af5-4b94-a131-37c12d64d7c8">
      <Execution id="adce8956-ccf5-412a-9ff1-6addafb650d4" />
      <TestMethod codeBase="D:\SFERRARI\01 - TRABAJO\repos\netcore\libs\template-netcore-shared\Kitpymes.Core.Shared.Tests\bin\Release\net5.0\Kitpymes.Core.Shared.Tests.dll" adapterTypeName="executor://mstestadapter/v2" className="Kitpymes.Core.Shared.Tests.StringExtensionsTests" name="ToInt_Passing_InvalidValueString_Returns_Null" />
    </UnitTest>
    <UnitTest name="ToEnvironment_ServiceProvider_Passing_Development_Enviroment_Returns_Development_Name" storage="d:\sferrari\01 - trabajo\repos\netcore\libs\template-netcore-shared\kitpymes.core.shared.tests\bin\release\net5.0\kitpymes.core.shared.tests.dll" id="6d2faa13-9e4b-4709-bdb6-040b22b7e99f">
      <Execution id="56349651-29a9-4c43-839e-99adad470a00" />
      <TestMethod codeBase="D:\SFERRARI\01 - TRABAJO\repos\netcore\libs\template-netcore-shared\Kitpymes.Core.Shared.Tests\bin\Release\net5.0\Kitpymes.Core.Shared.Tests.dll" adapterTypeName="executor://mstestadapter/v2" className="Kitpymes.Core.Shared.Tests.ConfigurationBuilderExtensionsTests" name="ToEnvironment_ServiceProvider_Passing_Development_Enviroment_Returns_Development_Name" />
    </UnitTest>
    <UnitTest name="ToIsNullOrAny_Passing_InvalidValue_Returns_True" storage="d:\sferrari\01 - trabajo\repos\netcore\libs\template-netcore-shared\kitpymes.core.shared.tests\bin\release\net5.0\kitpymes.core.shared.tests.dll" id="4600d6e5-0437-4001-a1aa-a4678387585e">
      <Execution id="7bbf0ed6-21f4-45b4-8349-d86e436c9642" />
      <TestMethod codeBase="D:\SFERRARI\01 - TRABAJO\repos\netcore\libs\template-netcore-shared\Kitpymes.Core.Shared.Tests\bin\Release\net5.0\Kitpymes.Core.Shared.Tests.dll" adapterTypeName="executor://mstestadapter/v2" className="Kitpymes.Core.Shared.Tests.CheckExtensionsTests" name="ToIsNullOrAny_Passing_InvalidValue_Returns_True" />
    </UnitTest>
    <UnitTest name="ToEmailMaskUserNameAndDomainAndExtension_Passing_ValidEmail_Returns_EmailWithMask (qazwsx@gmailgmail.com,q****x@g********l.c*m)" storage="d:\sferrari\01 - trabajo\repos\netcore\libs\template-netcore-shared\kitpymes.core.shared.tests\bin\release\net5.0\kitpymes.core.shared.tests.dll" id="1adddef5-172d-452b-9bf3-5b672f691fb0">
      <Execution id="83b20173-4ee0-48af-8141-59456f0f57be" />
      <TestMethod codeBase="D:\SFERRARI\01 - TRABAJO\repos\netcore\libs\template-netcore-shared\Kitpymes.Core.Shared.Tests\bin\Release\net5.0\Kitpymes.Core.Shared.Tests.dll" adapterTypeName="executor://mstestadapter/v2" className="Kitpymes.Core.Shared.Tests.StringExtensionsTests" name="ToEmailMaskUserNameAndDomainAndExtension_Passing_ValidEmail_Returns_EmailWithMask" />
    </UnitTest>
    <UnitTest name="IsGreater_Passing_InvalidArguments_Returns_HasErrorsAndCount" storage="d:\sferrari\01 - trabajo\repos\netcore\libs\template-netcore-shared\kitpymes.core.shared.tests\bin\release\net5.0\kitpymes.core.shared.tests.dll" id="d3a44048-6509-40af-9e9c-f2bddebb9570">
      <Execution id="31228f38-ceef-4980-99ab-ac7c6bb85e45" />
      <TestMethod codeBase="D:\SFERRARI\01 - TRABAJO\repos\netcore\libs\template-netcore-shared\Kitpymes.Core.Shared.Tests\bin\Release\net5.0\Kitpymes.Core.Shared.Tests.dll" adapterTypeName="executor://mstestadapter/v2" className="Kitpymes.Core.Shared.Tests.CheckTests" name="IsGreater_Passing_InvalidArguments_Returns_HasErrorsAndCount" />
    </UnitTest>
    <UnitTest name="ToUri_Passing_ValidValueString_Returns_Uri (http://foo.com/blah_blah_(wikipedia))" storage="d:\sferrari\01 - trabajo\repos\netcore\libs\template-netcore-shared\kitpymes.core.shared.tests\bin\release\net5.0\kitpymes.core.shared.tests.dll" id="47abdc57-981c-4c3a-8d42-e771545b6276">
      <Execution id="14aeb41f-99e1-4999-a706-310192279872" />
      <TestMethod codeBase="D:\SFERRARI\01 - TRABAJO\repos\netcore\libs\template-netcore-shared\Kitpymes.Core.Shared.Tests\bin\Release\net5.0\Kitpymes.Core.Shared.Tests.dll" adapterTypeName="executor://mstestadapter/v2" className="Kitpymes.Core.Shared.Tests.StringExtensionsTests" name="ToUri_Passing_ValidValueString_Returns_Uri" />
    </UnitTest>
    <UnitTest name="ToIsWeekend_Passing_Friday_DateTime_Returns_False" storage="d:\sferrari\01 - trabajo\repos\netcore\libs\template-netcore-shared\kitpymes.core.shared.tests\bin\release\net5.0\kitpymes.core.shared.tests.dll" id="c88dc83e-1d74-4bcc-9a36-2831b13244e5">
      <Execution id="7a1ac33e-8ba6-4e85-a4ee-1bd1a1b300f8" />
      <TestMethod codeBase="D:\SFERRARI\01 - TRABAJO\repos\netcore\libs\template-netcore-shared\Kitpymes.Core.Shared.Tests\bin\Release\net5.0\Kitpymes.Core.Shared.Tests.dll" adapterTypeName="executor://mstestadapter/v2" className="Kitpymes.Core.Shared.Tests.DateTimeExtensionsTests" name="ToIsWeekend_Passing_Friday_DateTime_Returns_False" />
    </UnitTest>
    <UnitTest name="ToUri_Passing_ValidValueString_Returns_Uri (http://142.42.1.1:8080/)" storage="d:\sferrari\01 - trabajo\repos\netcore\libs\template-netcore-shared\kitpymes.core.shared.tests\bin\release\net5.0\kitpymes.core.shared.tests.dll" id="00ce5fd6-8350-43ac-b2f7-a040c7c67947">
      <Execution id="77d5228c-5d2c-456e-840a-463a5ebd7ec2" />
      <TestMethod codeBase="D:\SFERRARI\01 - TRABAJO\repos\netcore\libs\template-netcore-shared\Kitpymes.Core.Shared.Tests\bin\Release\net5.0\Kitpymes.Core.Shared.Tests.dll" adapterTypeName="executor://mstestadapter/v2" className="Kitpymes.Core.Shared.Tests.StringExtensionsTests" name="ToUri_Passing_ValidValueString_Returns_Uri" />
    </UnitTest>
    <UnitTest name="ToNormalize_Passing_ValidValue_Returns_NormalizedValue (àáäâãøçħ,aaaaaoch)" storage="d:\sferrari\01 - trabajo\repos\netcore\libs\template-netcore-shared\kitpymes.core.shared.tests\bin\release\net5.0\kitpymes.core.shared.tests.dll" id="b05d1493-c548-4137-9fb4-59c34a9f5326">
      <Execution id="6e70b702-2589-4037-977d-cb3bdfd06228" />
      <TestMethod codeBase="D:\SFERRARI\01 - TRABAJO\repos\netcore\libs\template-netcore-shared\Kitpymes.Core.Shared.Tests\bin\Release\net5.0\Kitpymes.Core.Shared.Tests.dll" adapterTypeName="executor://mstestadapter/v2" className="Kitpymes.Core.Shared.Tests.StringExtensionsTests" name="ToNormalize_Passing_ValidValue_Returns_NormalizedValue" />
    </UnitTest>
    <UnitTest name="ToIsAuthenticated_Passing_Claims_Returns_True" storage="d:\sferrari\01 - trabajo\repos\netcore\libs\template-netcore-shared\kitpymes.core.shared.tests\bin\release\net5.0\kitpymes.core.shared.tests.dll" id="d7e1e2a1-e491-4275-93e3-c8c4a37b0696">
      <Execution id="beb961cc-4c2c-4497-89e6-3fc5afad1e15" />
      <TestMethod codeBase="D:\SFERRARI\01 - TRABAJO\repos\netcore\libs\template-netcore-shared\Kitpymes.Core.Shared.Tests\bin\Release\net5.0\Kitpymes.Core.Shared.Tests.dll" adapterTypeName="executor://mstestadapter/v2" className="Kitpymes.Core.Shared.Tests.ClaimsPrincipalExtensionsTests" name="ToIsAuthenticated_Passing_Claims_Returns_True" />
    </UnitTest>
    <UnitTest name="ToEnvironment_Passing_Staging_Enviroment_Returns_Staging_Name" storage="d:\sferrari\01 - trabajo\repos\netcore\libs\template-netcore-shared\kitpymes.core.shared.tests\bin\release\net5.0\kitpymes.core.shared.tests.dll" id="d6d93fdb-19f0-487e-ad69-c77429742062">
      <Execution id="63485bd0-803b-4e9d-aa6f-d5451f224e79" />
      <TestMethod codeBase="D:\SFERRARI\01 - TRABAJO\repos\netcore\libs\template-netcore-shared\Kitpymes.Core.Shared.Tests\bin\Release\net5.0\Kitpymes.Core.Shared.Tests.dll" adapterTypeName="executor://mstestadapter/v2" className="Kitpymes.Core.Shared.Tests.ApplicationBuilderExtensionsTests" name="ToEnvironment_Passing_Staging_Enviroment_Returns_Staging_Name" />
    </UnitTest>
    <UnitTest name="ToStartOfWeek_Passing_DateTime_Returns_Start_Of_Week_DateTime" storage="d:\sferrari\01 - trabajo\repos\netcore\libs\template-netcore-shared\kitpymes.core.shared.tests\bin\release\net5.0\kitpymes.core.shared.tests.dll" id="ef8cd16b-aa5b-49d5-a833-c47db4ad8641">
      <Execution id="94ebed9c-8214-40dd-b130-5c3292f3c1f2" />
      <TestMethod codeBase="D:\SFERRARI\01 - TRABAJO\repos\netcore\libs\template-netcore-shared\Kitpymes.Core.Shared.Tests\bin\Release\net5.0\Kitpymes.Core.Shared.Tests.dll" adapterTypeName="executor://mstestadapter/v2" className="Kitpymes.Core.Shared.Tests.DateTimeExtensionsTests" name="ToStartOfWeek_Passing_DateTime_Returns_Start_Of_Week_DateTime" />
    </UnitTest>
    <UnitTest name="ToContentType_Passing_ValidValueString_Returns_ContentType (xxxx.pdf,application/pdf)" storage="d:\sferrari\01 - trabajo\repos\netcore\libs\template-netcore-shared\kitpymes.core.shared.tests\bin\release\net5.0\kitpymes.core.shared.tests.dll" id="9f98ef55-d92c-403f-8c64-25faf1bc0894">
      <Execution id="63f26151-ad75-469f-85b2-6100c172e39a" />
      <TestMethod codeBase="D:\SFERRARI\01 - TRABAJO\repos\netcore\libs\template-netcore-shared\Kitpymes.Core.Shared.Tests\bin\Release\net5.0\Kitpymes.Core.Shared.Tests.dll" adapterTypeName="executor://mstestadapter/v2" className="Kitpymes.Core.Shared.Tests.StringExtensionsTests" name="ToContentType_Passing_ValidValueString_Returns_ContentType" />
    </UnitTest>
    <UnitTest name="ToUri_Passing_ValidValueString_Returns_Uri (http://userid@example.com:8080)" storage="d:\sferrari\01 - trabajo\repos\netcore\libs\template-netcore-shared\kitpymes.core.shared.tests\bin\release\net5.0\kitpymes.core.shared.tests.dll" id="bdfa8888-dc0a-48df-a17d-d058d7ab6863">
      <Execution id="4f5fa571-7228-4cdc-be03-17997d9d8b79" />
      <TestMethod codeBase="D:\SFERRARI\01 - TRABAJO\repos\netcore\libs\template-netcore-shared\Kitpymes.Core.Shared.Tests\bin\Release\net5.0\Kitpymes.Core.Shared.Tests.dll" adapterTypeName="executor://mstestadapter/v2" className="Kitpymes.Core.Shared.Tests.StringExtensionsTests" name="ToUri_Passing_ValidValueString_Returns_Uri" />
    </UnitTest>
    <UnitTest name="ToRemove_Passing_ValidValue_Returns_ValueWithoutRemovedChars ( *, ,*)" storage="d:\sferrari\01 - trabajo\repos\netcore\libs\template-netcore-shared\kitpymes.core.shared.tests\bin\release\net5.0\kitpymes.core.shared.tests.dll" id="f02fd72e-c832-40d1-82fc-a3ba5a22214a">
      <Execution id="2fdb62e1-dc53-4d7d-9e90-8334a1c0e76f" />
      <TestMethod codeBase="D:\SFERRARI\01 - TRABAJO\repos\netcore\libs\template-netcore-shared\Kitpymes.Core.Shared.Tests\bin\Release\net5.0\Kitpymes.Core.Shared.Tests.dll" adapterTypeName="executor://mstestadapter/v2" className="Kitpymes.Core.Shared.Tests.StringExtensionsTests" name="ToRemove_Passing_ValidValue_Returns_ValueWithoutRemovedChars" />
    </UnitTest>
    <UnitTest name="ToIsEmailThrow_Passing_InvalidValue_Returns_ApplicationExceptionWithMessage ()" storage="d:\sferrari\01 - trabajo\repos\netcore\libs\template-netcore-shared\kitpymes.core.shared.tests\bin\release\net5.0\kitpymes.core.shared.tests.dll" id="17dffcb7-9489-4795-bb73-6f09d3543be2">
      <Execution id="6d79f333-3c14-461a-81b1-970e3e972f36" />
      <TestMethod codeBase="D:\SFERRARI\01 - TRABAJO\repos\netcore\libs\template-netcore-shared\Kitpymes.Core.Shared.Tests\bin\Release\net5.0\Kitpymes.Core.Shared.Tests.dll" adapterTypeName="executor://mstestadapter/v2" className="Kitpymes.Core.Shared.Tests.CheckExtensionsTests" name="ToIsEmailThrow_Passing_InvalidValue_Returns_ApplicationExceptionWithMessage" />
    </UnitTest>
    <UnitTest name="ToFirstLetterLower_Passing_ValidValue_Returns_StringWithFirstLetterLower (aeiou,aeiou)" storage="d:\sferrari\01 - trabajo\repos\netcore\libs\template-netcore-shared\kitpymes.core.shared.tests\bin\release\net5.0\kitpymes.core.shared.tests.dll" id="ba8dde33-6ad6-40e6-955f-52757ef19587">
      <Execution id="283c4127-45c9-42a4-9c45-a9a0f6a70c22" />
      <TestMethod codeBase="D:\SFERRARI\01 - TRABAJO\repos\netcore\libs\template-netcore-shared\Kitpymes.Core.Shared.Tests\bin\Release\net5.0\Kitpymes.Core.Shared.Tests.dll" adapterTypeName="executor://mstestadapter/v2" className="Kitpymes.Core.Shared.Tests.StringExtensionsTests" name="ToFirstLetterLower_Passing_ValidValue_Returns_StringWithFirstLetterLower" />
    </UnitTest>
    <UnitTest name="ToReplace_Passing_ValidValue_Returns_ReplacedValue (aeiou,*,2,1,ae*ou)" storage="d:\sferrari\01 - trabajo\repos\netcore\libs\template-netcore-shared\kitpymes.core.shared.tests\bin\release\net5.0\kitpymes.core.shared.tests.dll" id="3396c98f-418c-4e3b-baa2-72bb33e22c8b">
      <Execution id="5c07757c-83ef-4258-ac0b-7722a624b7af" />
      <TestMethod codeBase="D:\SFERRARI\01 - TRABAJO\repos\netcore\libs\template-netcore-shared\Kitpymes.Core.Shared.Tests\bin\Release\net5.0\Kitpymes.Core.Shared.Tests.dll" adapterTypeName="executor://mstestadapter/v2" className="Kitpymes.Core.Shared.Tests.StringExtensionsTests" name="ToReplace_Passing_ValidValue_Returns_ReplacedValue" />
    </UnitTest>
    <UnitTest name="ToRemove_Passing_ValidValue_Returns_ValueWithoutRemovedChars (aeiou,a,eiou)" storage="d:\sferrari\01 - trabajo\repos\netcore\libs\template-netcore-shared\kitpymes.core.shared.tests\bin\release\net5.0\kitpymes.core.shared.tests.dll" id="eafbb224-6c2c-4c2c-8fdc-bc837a5218c6">
      <Execution id="80df82c9-9113-482e-9c83-944ae53f2568" />
      <TestMethod codeBase="D:\SFERRARI\01 - TRABAJO\repos\netcore\libs\template-netcore-shared\Kitpymes.Core.Shared.Tests\bin\Release\net5.0\Kitpymes.Core.Shared.Tests.dll" adapterTypeName="executor://mstestadapter/v2" className="Kitpymes.Core.Shared.Tests.StringExtensionsTests" name="ToRemove_Passing_ValidValue_Returns_ValueWithoutRemovedChars" />
    </UnitTest>
    <UnitTest name="ToRemove_Passing_ValidValue_Returns_ValueWithoutRemovedChars (aeiou,ei,aou)" storage="d:\sferrari\01 - trabajo\repos\netcore\libs\template-netcore-shared\kitpymes.core.shared.tests\bin\release\net5.0\kitpymes.core.shared.tests.dll" id="6f9f3595-ae92-4460-a760-8a49db7c82fe">
      <Execution id="e4739e3a-8f2a-46dc-b443-793cf0968afa" />
      <TestMethod codeBase="D:\SFERRARI\01 - TRABAJO\repos\netcore\libs\template-netcore-shared\Kitpymes.Core.Shared.Tests\bin\Release\net5.0\Kitpymes.Core.Shared.Tests.dll" adapterTypeName="executor://mstestadapter/v2" className="Kitpymes.Core.Shared.Tests.StringExtensionsTests" name="ToRemove_Passing_ValidValue_Returns_ValueWithoutRemovedChars" />
    </UnitTest>
    <UnitTest name="AddOrUpdate_Passing_Valid_Collection_Returns_Collection" storage="d:\sferrari\01 - trabajo\repos\netcore\libs\template-netcore-shared\kitpymes.core.shared.tests\bin\release\net5.0\kitpymes.core.shared.tests.dll" id="84283ac1-dd06-4e58-bb98-5b5b9abb5d88">
      <Execution id="6ff4ec6d-379c-423d-87f2-c1315a72ad75" />
      <TestMethod codeBase="D:\SFERRARI\01 - TRABAJO\repos\netcore\libs\template-netcore-shared\Kitpymes.Core.Shared.Tests\bin\Release\net5.0\Kitpymes.Core.Shared.Tests.dll" adapterTypeName="executor://mstestadapter/v2" className="Kitpymes.Core.Shared.Tests.DictionaryExtensionsTests" name="AddOrUpdate_Passing_Valid_Collection_Returns_Collection" />
    </UnitTest>
    <UnitTest name="ToDefaultValue_Passing_ValidGuid_Returns_DefaultValue" storage="d:\sferrari\01 - trabajo\repos\netcore\libs\template-netcore-shared\kitpymes.core.shared.tests\bin\release\net5.0\kitpymes.core.shared.tests.dll" id="75364752-a38d-42a0-be05-a7e1ba6d602b">
      <Execution id="aebdc316-dc6a-4fc2-83dd-1d4992ef9429" />
      <TestMethod codeBase="D:\SFERRARI\01 - TRABAJO\repos\netcore\libs\template-netcore-shared\Kitpymes.Core.Shared.Tests\bin\Release\net5.0\Kitpymes.Core.Shared.Tests.dll" adapterTypeName="executor://mstestadapter/v2" className="Kitpymes.Core.Shared.Tests.TypeExtensionsTests" name="ToDefaultValue_Passing_ValidGuid_Returns_DefaultValue" />
    </UnitTest>
    <UnitTest name="ToUri_Passing_ValidValueString_Returns_Uri (http://foo.com/blah_(wikipedia)_blah#cite-1)" storage="d:\sferrari\01 - trabajo\repos\netcore\libs\template-netcore-shared\kitpymes.core.shared.tests\bin\release\net5.0\kitpymes.core.shared.tests.dll" id="fa9d8147-da18-45dc-9f20-a30da173be97">
      <Execution id="f5f966b6-a558-4a4c-a86d-47813f3fb72d" />
      <TestMethod codeBase="D:\SFERRARI\01 - TRABAJO\repos\netcore\libs\template-netcore-shared\Kitpymes.Core.Shared.Tests\bin\Release\net5.0\Kitpymes.Core.Shared.Tests.dll" adapterTypeName="executor://mstestadapter/v2" className="Kitpymes.Core.Shared.Tests.StringExtensionsTests" name="ToUri_Passing_ValidValueString_Returns_Uri" />
    </UnitTest>
    <UnitTest name="ToServiceMatchingInterface_Passing_Valid_Assembly_Returns_Service" storage="d:\sferrari\01 - trabajo\repos\netcore\libs\template-netcore-shared\kitpymes.core.shared.tests\bin\release\net5.0\kitpymes.core.shared.tests.dll" id="a29b037b-6e9f-4907-a543-c33c4f3d2d83">
      <Execution id="387776da-6051-45b2-871f-c50cac26fd76" />
      <TestMethod codeBase="D:\SFERRARI\01 - TRABAJO\repos\netcore\libs\template-netcore-shared\Kitpymes.Core.Shared.Tests\bin\Release\net5.0\Kitpymes.Core.Shared.Tests.dll" adapterTypeName="executor://mstestadapter/v2" className="Kitpymes.Core.Shared.Tests.ConfigurationBuilderExtensionsTests" name="ToServiceMatchingInterface_Passing_Valid_Assembly_Returns_Service" />
    </UnitTest>
    <UnitTest name="ToUri_Passing_ValidValueString_Returns_Uri (//foo.com/blah_blah?p=5)" storage="d:\sferrari\01 - trabajo\repos\netcore\libs\template-netcore-shared\kitpymes.core.shared.tests\bin\release\net5.0\kitpymes.core.shared.tests.dll" id="2957830a-1f12-408b-a397-a5ceb804b8b8">
      <Execution id="cabe2563-fb47-4a75-8d5e-a2cc4deb6dc0" />
      <TestMethod codeBase="D:\SFERRARI\01 - TRABAJO\repos\netcore\libs\template-netcore-shared\Kitpymes.Core.Shared.Tests\bin\Release\net5.0\Kitpymes.Core.Shared.Tests.dll" adapterTypeName="executor://mstestadapter/v2" className="Kitpymes.Core.Shared.Tests.StringExtensionsTests" name="ToUri_Passing_ValidValueString_Returns_Uri" />
    </UnitTest>
    <UnitTest name="ToUri_Passing_ValidValueString_Returns_Uri (http://-.~_!$&amp;'()*+,;=:%40:80%2f::::::@example.com)" storage="d:\sferrari\01 - trabajo\repos\netcore\libs\template-netcore-shared\kitpymes.core.shared.tests\bin\release\net5.0\kitpymes.core.shared.tests.dll" id="63fec161-d9b8-48fc-9020-e584528ec325">
      <Execution id="f99902ca-94c6-4767-8ca5-b21b841a05d3" />
      <TestMethod codeBase="D:\SFERRARI\01 - TRABAJO\repos\netcore\libs\template-netcore-shared\Kitpymes.Core.Shared.Tests\bin\Release\net5.0\Kitpymes.Core.Shared.Tests.dll" adapterTypeName="executor://mstestadapter/v2" className="Kitpymes.Core.Shared.Tests.StringExtensionsTests" name="ToUri_Passing_ValidValueString_Returns_Uri" />
    </UnitTest>
    <UnitTest name="ToRemove_Passing_ValidValue_Returns_ValueWithoutRemovedChars ( hello hello , ,hellohello)" storage="d:\sferrari\01 - trabajo\repos\netcore\libs\template-netcore-shared\kitpymes.core.shared.tests\bin\release\net5.0\kitpymes.core.shared.tests.dll" id="ed649861-e5f2-4b51-94c4-902de24f5838">
      <Execution id="f48705a4-fd94-4132-bd37-238b5ea2781a" />
      <TestMethod codeBase="D:\SFERRARI\01 - TRABAJO\repos\netcore\libs\template-netcore-shared\Kitpymes.Core.Shared.Tests\bin\Release\net5.0\Kitpymes.Core.Shared.Tests.dll" adapterTypeName="executor://mstestadapter/v2" className="Kitpymes.Core.Shared.Tests.StringExtensionsTests" name="ToRemove_Passing_ValidValue_Returns_ValueWithoutRemovedChars" />
    </UnitTest>
    <UnitTest name="ToCount_Passing_ValidEnumType_Returns_Count" storage="d:\sferrari\01 - trabajo\repos\netcore\libs\template-netcore-shared\kitpymes.core.shared.tests\bin\release\net5.0\kitpymes.core.shared.tests.dll" id="5849bcdd-480f-4eb7-bc59-3502cf1459b6">
      <Execution id="2f7d2376-a57e-428a-9f7b-fd4265e3125e" />
      <TestMethod codeBase="D:\SFERRARI\01 - TRABAJO\repos\netcore\libs\template-netcore-shared\Kitpymes.Core.Shared.Tests\bin\Release\net5.0\Kitpymes.Core.Shared.Tests.dll" adapterTypeName="executor://mstestadapter/v2" className="Kitpymes.Core.Shared.Tests.EnumsTests" name="ToCount_Passing_ValidEnumType_Returns_Count" />
    </UnitTest>
    <UnitTest name="ToFirstLetterUpper_Passing_ValidValue_Returns_StringWithFirstLetterUpper (Aeiou,Aeiou)" storage="d:\sferrari\01 - trabajo\repos\netcore\libs\template-netcore-shared\kitpymes.core.shared.tests\bin\release\net5.0\kitpymes.core.shared.tests.dll" id="a9f90029-ac57-4b9e-86b5-d4f98fb471c7">
      <Execution id="62086630-dddc-4e2a-b5d0-aaa84336d29c" />
      <TestMethod codeBase="D:\SFERRARI\01 - TRABAJO\repos\netcore\libs\template-netcore-shared\Kitpymes.Core.Shared.Tests\bin\Release\net5.0\Kitpymes.Core.Shared.Tests.dll" adapterTypeName="executor://mstestadapter/v2" className="Kitpymes.Core.Shared.Tests.StringExtensionsTests" name="ToFirstLetterUpper_Passing_ValidValue_Returns_StringWithFirstLetterUpper" />
    </UnitTest>
    <UnitTest name="IsLowercase_Passing_ValidArguments_Returns_HasErrorsAndCount" storage="d:\sferrari\01 - trabajo\repos\netcore\libs\template-netcore-shared\kitpymes.core.shared.tests\bin\release\net5.0\kitpymes.core.shared.tests.dll" id="6c031f78-4ffb-42b8-800c-7954eec1ab1e">
      <Execution id="de9ac996-0c36-4548-b8c5-86b9afd5263e" />
      <TestMethod codeBase="D:\SFERRARI\01 - TRABAJO\repos\netcore\libs\template-netcore-shared\Kitpymes.Core.Shared.Tests\bin\Release\net5.0\Kitpymes.Core.Shared.Tests.dll" adapterTypeName="executor://mstestadapter/v2" className="Kitpymes.Core.Shared.Tests.CheckTests" name="IsLowercase_Passing_ValidArguments_Returns_HasErrorsAndCount" />
    </UnitTest>
    <UnitTest name="ToNormalize_Passing_ValidValue_Returns_NormalizedValue (èéëê,eeee)" storage="d:\sferrari\01 - trabajo\repos\netcore\libs\template-netcore-shared\kitpymes.core.shared.tests\bin\release\net5.0\kitpymes.core.shared.tests.dll" id="389df847-209a-4640-9d38-fd8790fc52b4">
      <Execution id="faf2112a-ddcf-4764-8692-e829f7e03800" />
      <TestMethod codeBase="D:\SFERRARI\01 - TRABAJO\repos\netcore\libs\template-netcore-shared\Kitpymes.Core.Shared.Tests\bin\Release\net5.0\Kitpymes.Core.Shared.Tests.dll" adapterTypeName="executor://mstestadapter/v2" className="Kitpymes.Core.Shared.Tests.StringExtensionsTests" name="ToNormalize_Passing_ValidValue_Returns_NormalizedValue" />
    </UnitTest>
    <UnitTest name="ToUri_Passing_ValidValueString_Returns_Uri (http://foo.com/blah_(wikipedia)#cite-1)" storage="d:\sferrari\01 - trabajo\repos\netcore\libs\template-netcore-shared\kitpymes.core.shared.tests\bin\release\net5.0\kitpymes.core.shared.tests.dll" id="31acfd8c-903e-4023-a4c6-d6e227e6e23b">
      <Execution id="981bbdb0-7f2b-4c35-90af-40b2a02df525" />
      <TestMethod codeBase="D:\SFERRARI\01 - TRABAJO\repos\netcore\libs\template-netcore-shared\Kitpymes.Core.Shared.Tests\bin\Release\net5.0\Kitpymes.Core.Shared.Tests.dll" adapterTypeName="executor://mstestadapter/v2" className="Kitpymes.Core.Shared.Tests.StringExtensionsTests" name="ToUri_Passing_ValidValueString_Returns_Uri" />
    </UnitTest>
    <UnitTest name="ToUri_Passing_InvalidValueString_Returns_Null (http://..)" storage="d:\sferrari\01 - trabajo\repos\netcore\libs\template-netcore-shared\kitpymes.core.shared.tests\bin\release\net5.0\kitpymes.core.shared.tests.dll" id="4b2fd978-e280-4666-a598-c76bacdd201e">
      <Execution id="37476487-4f7b-4c7d-9b0a-a95affef3f57" />
      <TestMethod codeBase="D:\SFERRARI\01 - TRABAJO\repos\netcore\libs\template-netcore-shared\Kitpymes.Core.Shared.Tests\bin\Release\net5.0\Kitpymes.Core.Shared.Tests.dll" adapterTypeName="executor://mstestadapter/v2" className="Kitpymes.Core.Shared.Tests.StringExtensionsTests" name="ToUri_Passing_InvalidValueString_Returns_Null" />
    </UnitTest>
    <UnitTest name="IsSubdomain_Passing_ValidArguments_Returns_HasErrorsAndCount" storage="d:\sferrari\01 - trabajo\repos\netcore\libs\template-netcore-shared\kitpymes.core.shared.tests\bin\release\net5.0\kitpymes.core.shared.tests.dll" id="3aa587c3-4746-4b74-ab8b-074acaf02cd6">
      <Execution id="253e2c86-009d-4da1-805b-7b5506ac90f9" />
      <TestMethod codeBase="D:\SFERRARI\01 - TRABAJO\repos\netcore\libs\template-netcore-shared\Kitpymes.Core.Shared.Tests\bin\Release\net5.0\Kitpymes.Core.Shared.Tests.dll" adapterTypeName="executor://mstestadapter/v2" className="Kitpymes.Core.Shared.Tests.CheckTests" name="IsSubdomain_Passing_ValidArguments_Returns_HasErrorsAndCount" />
    </UnitTest>
    <UnitTest name="ToWhere_Passing_Valid_Predicate_Returns_Filter_List" storage="d:\sferrari\01 - trabajo\repos\netcore\libs\template-netcore-shared\kitpymes.core.shared.tests\bin\release\net5.0\kitpymes.core.shared.tests.dll" id="864f6782-d037-471b-adb2-056aebd48bd6">
      <Execution id="4d6f53ec-4bae-4bbb-84cf-c0295fe2f66a" />
      <TestMethod codeBase="D:\SFERRARI\01 - TRABAJO\repos\netcore\libs\template-netcore-shared\Kitpymes.Core.Shared.Tests\bin\Release\net5.0\Kitpymes.Core.Shared.Tests.dll" adapterTypeName="executor://mstestadapter/v2" className="Kitpymes.Core.Shared.Tests.QueryableExtensionsTests" name="ToWhere_Passing_Valid_Predicate_Returns_Filter_List" />
    </UnitTest>
    <UnitTest name="ToRemove_Passing_ValidValue_Returns_ValueWithoutRemovedChars (aeiou,e,aiou)" storage="d:\sferrari\01 - trabajo\repos\netcore\libs\template-netcore-shared\kitpymes.core.shared.tests\bin\release\net5.0\kitpymes.core.shared.tests.dll" id="9d63c3b8-e420-4ae7-8480-06b4f92caf50">
      <Execution id="f845c3f1-d1f6-4a94-b30c-c3d5ccfc73de" />
      <TestMethod codeBase="D:\SFERRARI\01 - TRABAJO\repos\netcore\libs\template-netcore-shared\Kitpymes.Core.Shared.Tests\bin\Release\net5.0\Kitpymes.Core.Shared.Tests.dll" adapterTypeName="executor://mstestadapter/v2" className="Kitpymes.Core.Shared.Tests.StringExtensionsTests" name="ToRemove_Passing_ValidValue_Returns_ValueWithoutRemovedChars" />
    </UnitTest>
    <UnitTest name="IsHostname_Passing_InvalidArguments_Returns_HasErrorsAndCount" storage="d:\sferrari\01 - trabajo\repos\netcore\libs\template-netcore-shared\kitpymes.core.shared.tests\bin\release\net5.0\kitpymes.core.shared.tests.dll" id="c9b64c47-a494-4a96-bfd4-3594dc7dae28">
      <Execution id="9666f1f7-42db-4d8a-82cc-e6bf54f67620" />
      <TestMethod codeBase="D:\SFERRARI\01 - TRABAJO\repos\netcore\libs\template-netcore-shared\Kitpymes.Core.Shared.Tests\bin\Release\net5.0\Kitpymes.Core.Shared.Tests.dll" adapterTypeName="executor://mstestadapter/v2" className="Kitpymes.Core.Shared.Tests.CheckTests" name="IsHostname_Passing_InvalidArguments_Returns_HasErrorsAndCount" />
    </UnitTest>
    <UnitTest name="ToNormalize_Passing_ValidValue_Returns_NormalizedValue (*¨^_:-?¿;,)" storage="d:\sferrari\01 - trabajo\repos\netcore\libs\template-netcore-shared\kitpymes.core.shared.tests\bin\release\net5.0\kitpymes.core.shared.tests.dll" id="e12e386b-ee48-4fb7-915a-ef09ff576f50">
      <Execution id="739e98ae-81ba-48c4-b1ac-601818fd236e" />
      <TestMethod codeBase="D:\SFERRARI\01 - TRABAJO\repos\netcore\libs\template-netcore-shared\Kitpymes.Core.Shared.Tests\bin\Release\net5.0\Kitpymes.Core.Shared.Tests.dll" adapterTypeName="executor://mstestadapter/v2" className="Kitpymes.Core.Shared.Tests.StringExtensionsTests" name="ToNormalize_Passing_ValidValue_Returns_NormalizedValue" />
    </UnitTest>
    <UnitTest name="IsDigit_Passing_ValidArguments_Returns_HasErrorsAndCount" storage="d:\sferrari\01 - trabajo\repos\netcore\libs\template-netcore-shared\kitpymes.core.shared.tests\bin\release\net5.0\kitpymes.core.shared.tests.dll" id="5b3287a9-7c15-4808-826d-bd24c00ab8b3">
      <Execution id="5101a535-3aa4-4e1f-9952-30697bb49125" />
      <TestMethod codeBase="D:\SFERRARI\01 - TRABAJO\repos\netcore\libs\template-netcore-shared\Kitpymes.Core.Shared.Tests\bin\Release\net5.0\Kitpymes.Core.Shared.Tests.dll" adapterTypeName="executor://mstestadapter/v2" className="Kitpymes.Core.Shared.Tests.CheckTests" name="IsDigit_Passing_ValidArguments_Returns_HasErrorsAndCount" />
    </UnitTest>
    <UnitTest name="ToUri_Passing_ValidValueString_Returns_Uri (http://userid:password@example.com:8080/)" storage="d:\sferrari\01 - trabajo\repos\netcore\libs\template-netcore-shared\kitpymes.core.shared.tests\bin\release\net5.0\kitpymes.core.shared.tests.dll" id="42ca64e9-9338-41d0-969b-b5eb2bc10ef5">
      <Execution id="3da98dac-d37a-41eb-a7e0-b322e8ae2a71" />
      <TestMethod codeBase="D:\SFERRARI\01 - TRABAJO\repos\netcore\libs\template-netcore-shared\Kitpymes.Core.Shared.Tests\bin\Release\net5.0\Kitpymes.Core.Shared.Tests.dll" adapterTypeName="executor://mstestadapter/v2" className="Kitpymes.Core.Shared.Tests.StringExtensionsTests" name="ToUri_Passing_ValidValueString_Returns_Uri" />
    </UnitTest>
    <UnitTest name="ToYesterday_Passing_DateTime_Returns_Yesterday_DateTime" storage="d:\sferrari\01 - trabajo\repos\netcore\libs\template-netcore-shared\kitpymes.core.shared.tests\bin\release\net5.0\kitpymes.core.shared.tests.dll" id="b19be5a5-0400-4ca1-bc8f-f11fe86e643b">
      <Execution id="fbc7ea9e-bcf4-4ace-880b-cae7985f6875" />
      <TestMethod codeBase="D:\SFERRARI\01 - TRABAJO\repos\netcore\libs\template-netcore-shared\Kitpymes.Core.Shared.Tests\bin\Release\net5.0\Kitpymes.Core.Shared.Tests.dll" adapterTypeName="executor://mstestadapter/v2" className="Kitpymes.Core.Shared.Tests.DateTimeExtensionsTests" name="ToYesterday_Passing_DateTime_Returns_Yesterday_DateTime" />
    </UnitTest>
    <UnitTest name="ToUri_Passing_ValidValueString_Returns_Uri (http://foo.com/unicode_(✪)_in_parens)" storage="d:\sferrari\01 - trabajo\repos\netcore\libs\template-netcore-shared\kitpymes.core.shared.tests\bin\release\net5.0\kitpymes.core.shared.tests.dll" id="6ae93605-e274-4ed5-9e51-f75c808e368a">
      <Execution id="1dbd4580-74a3-43e7-89fe-d1b9095e6ecb" />
      <TestMethod codeBase="D:\SFERRARI\01 - TRABAJO\repos\netcore\libs\template-netcore-shared\Kitpymes.Core.Shared.Tests\bin\Release\net5.0\Kitpymes.Core.Shared.Tests.dll" adapterTypeName="executor://mstestadapter/v2" className="Kitpymes.Core.Shared.Tests.StringExtensionsTests" name="ToUri_Passing_ValidValueString_Returns_Uri" />
    </UnitTest>
    <UnitTest name="ToIsLastDayOfTheMonth_Passing_LastDayOfMonth_Returns_True" storage="d:\sferrari\01 - trabajo\repos\netcore\libs\template-netcore-shared\kitpymes.core.shared.tests\bin\release\net5.0\kitpymes.core.shared.tests.dll" id="6e053220-32c5-4e53-a4a3-7f526a0f79f1">
      <Execution id="485e7c6f-d2b8-401b-832f-4b307c5571e5" />
      <TestMethod codeBase="D:\SFERRARI\01 - TRABAJO\repos\netcore\libs\template-netcore-shared\Kitpymes.Core.Shared.Tests\bin\Release\net5.0\Kitpymes.Core.Shared.Tests.dll" adapterTypeName="executor://mstestadapter/v2" className="Kitpymes.Core.Shared.Tests.DateTimeExtensionsTests" name="ToIsLastDayOfTheMonth_Passing_LastDayOfMonth_Returns_True" />
    </UnitTest>
    <UnitTest name="ToDefaultValue_Passing_long_Returns_Cero (9223372036854775807)" storage="d:\sferrari\01 - trabajo\repos\netcore\libs\template-netcore-shared\kitpymes.core.shared.tests\bin\release\net5.0\kitpymes.core.shared.tests.dll" id="cf3ffa3a-f5b9-48d9-9384-785db4919324">
      <Execution id="08668167-1e76-42a7-bca7-f17e5294bbf5" />
      <TestMethod codeBase="D:\SFERRARI\01 - TRABAJO\repos\netcore\libs\template-netcore-shared\Kitpymes.Core.Shared.Tests\bin\Release\net5.0\Kitpymes.Core.Shared.Tests.dll" adapterTypeName="executor://mstestadapter/v2" className="Kitpymes.Core.Shared.Tests.GenericExtensionsTests" name="ToDefaultValue_Passing_long_Returns_Cero" />
    </UnitTest>
    <UnitTest name="ToEnum_Passing_ValidValue_String_Returns_EnumValue" storage="d:\sferrari\01 - trabajo\repos\netcore\libs\template-netcore-shared\kitpymes.core.shared.tests\bin\release\net5.0\kitpymes.core.shared.tests.dll" id="58e5de1e-c8e8-4491-b2e4-d60255259247">
      <Execution id="5a67f5e7-97d3-45b7-8eeb-6bc4ba138416" />
      <TestMethod codeBase="D:\SFERRARI\01 - TRABAJO\repos\netcore\libs\template-netcore-shared\Kitpymes.Core.Shared.Tests\bin\Release\net5.0\Kitpymes.Core.Shared.Tests.dll" adapterTypeName="executor://mstestadapter/v2" className="Kitpymes.Core.Shared.Tests.StringExtensionsTests" name="ToEnum_Passing_ValidValue_String_Returns_EnumValue" />
    </UnitTest>
    <UnitTest name="ToTomorrow_Passing_DateTime_Returns_Tomorrow_DateTime" storage="d:\sferrari\01 - trabajo\repos\netcore\libs\template-netcore-shared\kitpymes.core.shared.tests\bin\release\net5.0\kitpymes.core.shared.tests.dll" id="fd865e79-669b-4778-a1bb-d271400b5499">
      <Execution id="efe745e6-c8dd-42e8-8f8d-1f4104bb31ad" />
      <TestMethod codeBase="D:\SFERRARI\01 - TRABAJO\repos\netcore\libs\template-netcore-shared\Kitpymes.Core.Shared.Tests\bin\Release\net5.0\Kitpymes.Core.Shared.Tests.dll" adapterTypeName="executor://mstestadapter/v2" className="Kitpymes.Core.Shared.Tests.DateTimeExtensionsTests" name="ToTomorrow_Passing_DateTime_Returns_Tomorrow_DateTime" />
    </UnitTest>
    <UnitTest name="ToCompress_Passing_Value_Bytes_Returns_Value_Bytes" storage="d:\sferrari\01 - trabajo\repos\netcore\libs\template-netcore-shared\kitpymes.core.shared.tests\bin\release\net5.0\kitpymes.core.shared.tests.dll" id="61094a7e-1e84-402c-a045-c0d7891b9e25">
      <Execution id="56a7a2be-2ae1-48c4-8ba6-9e998707ffc3" />
      <TestMethod codeBase="D:\SFERRARI\01 - TRABAJO\repos\netcore\libs\template-netcore-shared\Kitpymes.Core.Shared.Tests\bin\Release\net5.0\Kitpymes.Core.Shared.Tests.dll" adapterTypeName="executor://mstestadapter/v2" className="Kitpymes.Core.Shared.Tests.BytesExtensionsTests" name="ToCompress_Passing_Value_Bytes_Returns_Value_Bytes" />
    </UnitTest>
    <UnitTest name="ToEmailMask_Passing_ValidEmail_Returns_EmailWithMask (qaz@gmail.com,q-z@g----.com)" storage="d:\sferrari\01 - trabajo\repos\netcore\libs\template-netcore-shared\kitpymes.core.shared.tests\bin\release\net5.0\kitpymes.core.shared.tests.dll" id="a87e9b35-dbd0-4d1a-9759-2e304f8cade6">
      <Execution id="d6569d53-a70f-4c24-a96f-83a6ec4974d8" />
      <TestMethod codeBase="D:\SFERRARI\01 - TRABAJO\repos\netcore\libs\template-netcore-shared\Kitpymes.Core.Shared.Tests\bin\Release\net5.0\Kitpymes.Core.Shared.Tests.dll" adapterTypeName="executor://mstestadapter/v2" className="Kitpymes.Core.Shared.Tests.StringExtensionsTests" name="ToEmailMask_Passing_ValidEmail_Returns_EmailWithMask" />
    </UnitTest>
    <UnitTest name="ToHashAlgorithmName_Passing_InvalidValueStringWithDefaultValue_Returns_DefaultValue (hhhhhh)" storage="d:\sferrari\01 - trabajo\repos\netcore\libs\template-netcore-shared\kitpymes.core.shared.tests\bin\release\net5.0\kitpymes.core.shared.tests.dll" id="b6a11b2b-c561-45fe-baf5-7a99995dfea1">
      <Execution id="fd510067-4be1-4738-88b5-dee6bc0fd9ca" />
      <TestMethod codeBase="D:\SFERRARI\01 - TRABAJO\repos\netcore\libs\template-netcore-shared\Kitpymes.Core.Shared.Tests\bin\Release\net5.0\Kitpymes.Core.Shared.Tests.dll" adapterTypeName="executor://mstestadapter/v2" className="Kitpymes.Core.Shared.Tests.StringExtensionsTests" name="ToHashAlgorithmName_Passing_InvalidValueStringWithDefaultValue_Returns_DefaultValue" />
    </UnitTest>
    <UnitTest name="ToConfiguration_Passing_Valid_DirectoryPath_Valid_JsonFileName_Returns_Ok" storage="d:\sferrari\01 - trabajo\repos\netcore\libs\template-netcore-shared\kitpymes.core.shared.tests\bin\release\net5.0\kitpymes.core.shared.tests.dll" id="20809a07-eb1b-45e0-b8ff-956f15ec8e0f">
      <Execution id="8241323c-4fb2-4743-9fe9-08fb0fab6ea1" />
      <TestMethod codeBase="D:\SFERRARI\01 - TRABAJO\repos\netcore\libs\template-netcore-shared\Kitpymes.Core.Shared.Tests\bin\Release\net5.0\Kitpymes.Core.Shared.Tests.dll" adapterTypeName="executor://mstestadapter/v2" className="Kitpymes.Core.Shared.Tests.ConfigurationBuilderExtensionsTests" name="ToConfiguration_Passing_Valid_DirectoryPath_Valid_JsonFileName_Returns_Ok" />
    </UnitTest>
    <UnitTest name="ToContentType_Passing_ValidValueString_Returns_ContentType (xxxx.json,application/json)" storage="d:\sferrari\01 - trabajo\repos\netcore\libs\template-netcore-shared\kitpymes.core.shared.tests\bin\release\net5.0\kitpymes.core.shared.tests.dll" id="f06d61ba-2d83-4fb2-bc24-538d84563a89">
      <Execution id="39d9466f-6180-4049-a5f8-cf2780880d94" />
      <TestMethod codeBase="D:\SFERRARI\01 - TRABAJO\repos\netcore\libs\template-netcore-shared\Kitpymes.Core.Shared.Tests\bin\Release\net5.0\Kitpymes.Core.Shared.Tests.dll" adapterTypeName="executor://mstestadapter/v2" className="Kitpymes.Core.Shared.Tests.StringExtensionsTests" name="ToContentType_Passing_ValidValueString_Returns_ContentType" />
    </UnitTest>
    <UnitTest name="CreateSHA256_Passing_Invalid_Arguments_Returns_ApplicationException ()" storage="d:\sferrari\01 - trabajo\repos\netcore\libs\template-netcore-shared\kitpymes.core.shared.tests\bin\release\net5.0\kitpymes.core.shared.tests.dll" id="3c44f626-edc1-41d2-956a-d5cab90de817">
      <Execution id="4c0e979c-9986-4bd5-95ba-2e68422e2fd6" />
      <TestMethod codeBase="D:\SFERRARI\01 - TRABAJO\repos\netcore\libs\template-netcore-shared\Kitpymes.Core.Shared.Tests\bin\Release\net5.0\Kitpymes.Core.Shared.Tests.dll" adapterTypeName="executor://mstestadapter/v2" className="Kitpymes.Core.Shared.Tests.HashTests" name="CreateSHA256_Passing_Invalid_Arguments_Returns_ApplicationException" />
    </UnitTest>
    <UnitTest name="ToFirstLetterLower_Passing_ValidValue_Returns_StringWithFirstLetterLower (aeioU,aeioU)" storage="d:\sferrari\01 - trabajo\repos\netcore\libs\template-netcore-shared\kitpymes.core.shared.tests\bin\release\net5.0\kitpymes.core.shared.tests.dll" id="ad2e851c-2e15-4423-b928-564689f0d75e">
      <Execution id="bd3fb99c-7bf7-4614-8ca6-3b7a65fd275b" />
      <TestMethod codeBase="D:\SFERRARI\01 - TRABAJO\repos\netcore\libs\template-netcore-shared\Kitpymes.Core.Shared.Tests\bin\Release\net5.0\Kitpymes.Core.Shared.Tests.dll" adapterTypeName="executor://mstestadapter/v2" className="Kitpymes.Core.Shared.Tests.StringExtensionsTests" name="ToFirstLetterLower_Passing_ValidValue_Returns_StringWithFirstLetterLower" />
    </UnitTest>
    <UnitTest name="ResultBadRequest_WithErrors_Dictionary" storage="d:\sferrari\01 - trabajo\repos\netcore\libs\template-netcore-shared\kitpymes.core.shared.tests\bin\release\net5.0\kitpymes.core.shared.tests.dll" id="5450a7ad-b0ed-4787-8bf6-488ed4f8eb04">
      <Execution id="90ef6df0-e539-4ec9-901f-28d30d547149" />
      <TestMethod codeBase="D:\SFERRARI\01 - TRABAJO\repos\netcore\libs\template-netcore-shared\Kitpymes.Core.Shared.Tests\bin\Release\net5.0\Kitpymes.Core.Shared.Tests.dll" adapterTypeName="executor://mstestadapter/v2" className="Kitpymes.Core.Shared.Tests.ResultTest" name="ResultBadRequest_WithErrors_Dictionary" />
    </UnitTest>
    <UnitTest name="ToNormalize_Passing_ValidValue_Returns_NormalizedValue (Kulħadd,Kulhadd)" storage="d:\sferrari\01 - trabajo\repos\netcore\libs\template-netcore-shared\kitpymes.core.shared.tests\bin\release\net5.0\kitpymes.core.shared.tests.dll" id="d1098683-319f-47cc-8f4e-da7f39ed65b3">
      <Execution id="e32217e0-90a8-4141-a58b-9fd9f779a77f" />
      <TestMethod codeBase="D:\SFERRARI\01 - TRABAJO\repos\netcore\libs\template-netcore-shared\Kitpymes.Core.Shared.Tests\bin\Release\net5.0\Kitpymes.Core.Shared.Tests.dll" adapterTypeName="executor://mstestadapter/v2" className="Kitpymes.Core.Shared.Tests.StringExtensionsTests" name="ToNormalize_Passing_ValidValue_Returns_NormalizedValue" />
    </UnitTest>
    <UnitTest name="ToUri_Passing_ValidValueString_Returns_Uri (http://code.google.com/events/#&amp;product=browser)" storage="d:\sferrari\01 - trabajo\repos\netcore\libs\template-netcore-shared\kitpymes.core.shared.tests\bin\release\net5.0\kitpymes.core.shared.tests.dll" id="855da350-7d2e-41f0-8850-d676c1021722">
      <Execution id="0f97dbd9-a016-4a28-a24d-11f514c3c17d" />
      <TestMethod codeBase="D:\SFERRARI\01 - TRABAJO\repos\netcore\libs\template-netcore-shared\Kitpymes.Core.Shared.Tests\bin\Release\net5.0\Kitpymes.Core.Shared.Tests.dll" adapterTypeName="executor://mstestadapter/v2" className="Kitpymes.Core.Shared.Tests.StringExtensionsTests" name="ToUri_Passing_ValidValueString_Returns_Uri" />
    </UnitTest>
    <UnitTest name="ToNormalize_Passing_ValidValue_Returns_NormalizedValue ( ,)" storage="d:\sferrari\01 - trabajo\repos\netcore\libs\template-netcore-shared\kitpymes.core.shared.tests\bin\release\net5.0\kitpymes.core.shared.tests.dll" id="6435593b-f5fb-4675-a438-c8a5c66a159b">
      <Execution id="e7dd3432-9ce0-4aed-8513-7f7ebd39c19a" />
      <TestMethod codeBase="D:\SFERRARI\01 - TRABAJO\repos\netcore\libs\template-netcore-shared\Kitpymes.Core.Shared.Tests\bin\Release\net5.0\Kitpymes.Core.Shared.Tests.dll" adapterTypeName="executor://mstestadapter/v2" className="Kitpymes.Core.Shared.Tests.StringExtensionsTests" name="ToNormalize_Passing_ValidValue_Returns_NormalizedValue" />
    </UnitTest>
    <UnitTest name="ToService_Passing_NotFound_Service_Returns_Null" storage="d:\sferrari\01 - trabajo\repos\netcore\libs\template-netcore-shared\kitpymes.core.shared.tests\bin\release\net5.0\kitpymes.core.shared.tests.dll" id="5937702c-02be-481f-a5c9-4426b552f83c">
      <Execution id="2c3d7145-1d67-4d23-81ec-79a3f5872416" />
      <TestMethod codeBase="D:\SFERRARI\01 - TRABAJO\repos\netcore\libs\template-netcore-shared\Kitpymes.Core.Shared.Tests\bin\Release\net5.0\Kitpymes.Core.Shared.Tests.dll" adapterTypeName="executor://mstestadapter/v2" className="Kitpymes.Core.Shared.Tests.ConfigurationBuilderExtensionsTests" name="ToService_Passing_NotFound_Service_Returns_Null" />
    </UnitTest>
    <UnitTest name="ToDefaultValue_Passing_ulong_Returns_Cero" storage="d:\sferrari\01 - trabajo\repos\netcore\libs\template-netcore-shared\kitpymes.core.shared.tests\bin\release\net5.0\kitpymes.core.shared.tests.dll" id="7e919be3-fbbd-415b-bddc-3bb991d49bae">
      <Execution id="f330cc74-e268-44fc-8053-6a0a445a16c3" />
      <TestMethod codeBase="D:\SFERRARI\01 - TRABAJO\repos\netcore\libs\template-netcore-shared\Kitpymes.Core.Shared.Tests\bin\Release\net5.0\Kitpymes.Core.Shared.Tests.dll" adapterTypeName="executor://mstestadapter/v2" className="Kitpymes.Core.Shared.Tests.GenericExtensionsTests" name="ToDefaultValue_Passing_ulong_Returns_Cero" />
    </UnitTest>
    <UnitTest name="ToFirstLetterUpper_Passing_ValidValue_Returns_StringWithFirstLetterUpper (aeioU,AeioU)" storage="d:\sferrari\01 - trabajo\repos\netcore\libs\template-netcore-shared\kitpymes.core.shared.tests\bin\release\net5.0\kitpymes.core.shared.tests.dll" id="b8727afd-8c0e-49a8-9fec-725720c34902">
      <Execution id="f8c7580e-2f30-4a20-b6d2-8207ce2dde0a" />
      <TestMethod codeBase="D:\SFERRARI\01 - TRABAJO\repos\netcore\libs\template-netcore-shared\Kitpymes.Core.Shared.Tests\bin\Release\net5.0\Kitpymes.Core.Shared.Tests.dll" adapterTypeName="executor://mstestadapter/v2" className="Kitpymes.Core.Shared.Tests.StringExtensionsTests" name="ToFirstLetterUpper_Passing_ValidValue_Returns_StringWithFirstLetterUpper" />
    </UnitTest>
    <UnitTest name="ToAuthenticationType_Passing_Claims_Returns_AuthenticationType_Name" storage="d:\sferrari\01 - trabajo\repos\netcore\libs\template-netcore-shared\kitpymes.core.shared.tests\bin\release\net5.0\kitpymes.core.shared.tests.dll" id="eda3ed47-0a09-4cfc-a4ef-93d4a7634eee">
      <Execution id="a2ba6b26-3d7c-4ada-b001-93c5178ffef2" />
      <TestMethod codeBase="D:\SFERRARI\01 - TRABAJO\repos\netcore\libs\template-netcore-shared\Kitpymes.Core.Shared.Tests\bin\Release\net5.0\Kitpymes.Core.Shared.Tests.dll" adapterTypeName="executor://mstestadapter/v2" className="Kitpymes.Core.Shared.Tests.ClaimsPrincipalExtensionsTests" name="ToAuthenticationType_Passing_Claims_Returns_AuthenticationType_Name" />
    </UnitTest>
    <UnitTest name="ToIsLastDayOfTheMonth_Passing_NotLastDayOfMonth_Returns_False" storage="d:\sferrari\01 - trabajo\repos\netcore\libs\template-netcore-shared\kitpymes.core.shared.tests\bin\release\net5.0\kitpymes.core.shared.tests.dll" id="3bdb6e10-fc93-4d5c-a170-2356753e67ff">
      <Execution id="00b450d0-6fe1-4a31-a79e-e541a11ff7d5" />
      <TestMethod codeBase="D:\SFERRARI\01 - TRABAJO\repos\netcore\libs\template-netcore-shared\Kitpymes.Core.Shared.Tests\bin\Release\net5.0\Kitpymes.Core.Shared.Tests.dll" adapterTypeName="executor://mstestadapter/v2" className="Kitpymes.Core.Shared.Tests.DateTimeExtensionsTests" name="ToIsLastDayOfTheMonth_Passing_NotLastDayOfMonth_Returns_False" />
    </UnitTest>
    <UnitTest name="ToGetAll_Passing_Claims_Returns_Claim_Value_Object_List" storage="d:\sferrari\01 - trabajo\repos\netcore\libs\template-netcore-shared\kitpymes.core.shared.tests\bin\release\net5.0\kitpymes.core.shared.tests.dll" id="f091d569-a179-4fa0-9f53-34ec3f72d293">
      <Execution id="ec5fc448-2aba-4fa1-aef7-62e652096c08" />
      <TestMethod codeBase="D:\SFERRARI\01 - TRABAJO\repos\netcore\libs\template-netcore-shared\Kitpymes.Core.Shared.Tests\bin\Release\net5.0\Kitpymes.Core.Shared.Tests.dll" adapterTypeName="executor://mstestadapter/v2" className="Kitpymes.Core.Shared.Tests.ClaimsPrincipalExtensionsTests" name="ToGetAll_Passing_Claims_Returns_Claim_Value_Object_List" />
    </UnitTest>
    <UnitTest name="ToInt_Passing_InvalidValueString_Returns_DefaultValue (1,3333)" storage="d:\sferrari\01 - trabajo\repos\netcore\libs\template-netcore-shared\kitpymes.core.shared.tests\bin\release\net5.0\kitpymes.core.shared.tests.dll" id="34f1f6ca-13fe-436f-98f9-6c3c87fd69cc">
      <Execution id="255211e5-0b5a-4322-9e77-8947678db22d" />
      <TestMethod codeBase="D:\SFERRARI\01 - TRABAJO\repos\netcore\libs\template-netcore-shared\Kitpymes.Core.Shared.Tests\bin\Release\net5.0\Kitpymes.Core.Shared.Tests.dll" adapterTypeName="executor://mstestadapter/v2" className="Kitpymes.Core.Shared.Tests.StringExtensionsTests" name="ToInt_Passing_InvalidValueString_Returns_DefaultValue" />
    </UnitTest>
    <UnitTest name="ToUri_Passing_InvalidValueString_Returns_Null (http://##/)" storage="d:\sferrari\01 - trabajo\repos\netcore\libs\template-netcore-shared\kitpymes.core.shared.tests\bin\release\net5.0\kitpymes.core.shared.tests.dll" id="6875427b-621b-4d95-8a1b-979a26432af3">
      <Execution id="c83b5443-6beb-4c6f-b078-fa6afeafafe5" />
      <TestMethod codeBase="D:\SFERRARI\01 - TRABAJO\repos\netcore\libs\template-netcore-shared\Kitpymes.Core.Shared.Tests\bin\Release\net5.0\Kitpymes.Core.Shared.Tests.dll" adapterTypeName="executor://mstestadapter/v2" className="Kitpymes.Core.Shared.Tests.StringExtensionsTests" name="ToUri_Passing_InvalidValueString_Returns_Null" />
    </UnitTest>
    <UnitTest name="ToReplace_Passing_ValidValue_Returns_ReplacedValue (aeiou,*,0,1,*eiou)" storage="d:\sferrari\01 - trabajo\repos\netcore\libs\template-netcore-shared\kitpymes.core.shared.tests\bin\release\net5.0\kitpymes.core.shared.tests.dll" id="f52f5164-1ec9-414f-bf6b-49802c9871ff">
      <Execution id="45332376-8a40-484d-bc93-4e5eac80fcb7" />
      <TestMethod codeBase="D:\SFERRARI\01 - TRABAJO\repos\netcore\libs\template-netcore-shared\Kitpymes.Core.Shared.Tests\bin\Release\net5.0\Kitpymes.Core.Shared.Tests.dll" adapterTypeName="executor://mstestadapter/v2" className="Kitpymes.Core.Shared.Tests.StringExtensionsTests" name="ToReplace_Passing_ValidValue_Returns_ReplacedValue" />
    </UnitTest>
    <UnitTest name="ToUri_Passing_ValidValueString_Returns_Uri (http://foo.com/blah_blah_(wikipedia)_(again))" storage="d:\sferrari\01 - trabajo\repos\netcore\libs\template-netcore-shared\kitpymes.core.shared.tests\bin\release\net5.0\kitpymes.core.shared.tests.dll" id="8f294073-2806-4d41-87c5-09fd59121158">
      <Execution id="fd08adae-19f4-4bed-9cca-6285bef0db6d" />
      <TestMethod codeBase="D:\SFERRARI\01 - TRABAJO\repos\netcore\libs\template-netcore-shared\Kitpymes.Core.Shared.Tests\bin\Release\net5.0\Kitpymes.Core.Shared.Tests.dll" adapterTypeName="executor://mstestadapter/v2" className="Kitpymes.Core.Shared.Tests.StringExtensionsTests" name="ToUri_Passing_ValidValueString_Returns_Uri" />
    </UnitTest>
    <UnitTest name="ToInt_Passing_InvalidValueString_Returns_DefaultValue (1.3333)" storage="d:\sferrari\01 - trabajo\repos\netcore\libs\template-netcore-shared\kitpymes.core.shared.tests\bin\release\net5.0\kitpymes.core.shared.tests.dll" id="7355178e-7cb0-4eb8-af20-30164f02847a">
      <Execution id="fb313555-5a54-4421-aea4-bdf6a6cc4199" />
      <TestMethod codeBase="D:\SFERRARI\01 - TRABAJO\repos\netcore\libs\template-netcore-shared\Kitpymes.Core.Shared.Tests\bin\Release\net5.0\Kitpymes.Core.Shared.Tests.dll" adapterTypeName="executor://mstestadapter/v2" className="Kitpymes.Core.Shared.Tests.StringExtensionsTests" name="ToInt_Passing_InvalidValueString_Returns_DefaultValue" />
    </UnitTest>
    <UnitTest name="ToDefaultValue_Passing_sbyte_Returns_Cero" storage="d:\sferrari\01 - trabajo\repos\netcore\libs\template-netcore-shared\kitpymes.core.shared.tests\bin\release\net5.0\kitpymes.core.shared.tests.dll" id="67732d31-407c-48f1-89fd-5514287a5322">
      <Execution id="f9ef83ff-db60-4675-ae7f-91d83516ef48" />
      <TestMethod codeBase="D:\SFERRARI\01 - TRABAJO\repos\netcore\libs\template-netcore-shared\Kitpymes.Core.Shared.Tests\bin\Release\net5.0\Kitpymes.Core.Shared.Tests.dll" adapterTypeName="executor://mstestadapter/v2" className="Kitpymes.Core.Shared.Tests.GenericExtensionsTests" name="ToDefaultValue_Passing_sbyte_Returns_Cero" />
    </UnitTest>
    <UnitTest name="ToExists_Passing_Claims_Returns_True" storage="d:\sferrari\01 - trabajo\repos\netcore\libs\template-netcore-shared\kitpymes.core.shared.tests\bin\release\net5.0\kitpymes.core.shared.tests.dll" id="16144463-4b11-42f5-87e0-6766fc0ec3a0">
      <Execution id="65bf87c1-bb81-45f1-938b-9262f4d5c586" />
      <TestMethod codeBase="D:\SFERRARI\01 - TRABAJO\repos\netcore\libs\template-netcore-shared\Kitpymes.Core.Shared.Tests\bin\Release\net5.0\Kitpymes.Core.Shared.Tests.dll" adapterTypeName="executor://mstestadapter/v2" className="Kitpymes.Core.Shared.Tests.ClaimsPrincipalExtensionsTests" name="ToExists_Passing_Claims_Returns_True" />
    </UnitTest>
    <UnitTest name="CreateAndVerifySHA512_Passing_Valid_Arguments_Returns_True (sdlfkjldsfksdfñl·%$·&amp;$/U&amp;/)(&amp;()?=)¿?^P*^PÑL,.,.lñ´ñ+98098'098098)" storage="d:\sferrari\01 - trabajo\repos\netcore\libs\template-netcore-shared\kitpymes.core.shared.tests\bin\release\net5.0\kitpymes.core.shared.tests.dll" id="4308f922-ceef-4679-a463-21355a12946a">
      <Execution id="22f3b6eb-4e7f-4796-a7a2-742355376871" />
      <TestMethod codeBase="D:\SFERRARI\01 - TRABAJO\repos\netcore\libs\template-netcore-shared\Kitpymes.Core.Shared.Tests\bin\Release\net5.0\Kitpymes.Core.Shared.Tests.dll" adapterTypeName="executor://mstestadapter/v2" className="Kitpymes.Core.Shared.Tests.HashTests" name="CreateAndVerifySHA512_Passing_Valid_Arguments_Returns_True" />
    </UnitTest>
    <UnitTest name="ToEnvironment_Passing_Development_Enviroment_Returns_Development_Name" storage="d:\sferrari\01 - trabajo\repos\netcore\libs\template-netcore-shared\kitpymes.core.shared.tests\bin\release\net5.0\kitpymes.core.shared.tests.dll" id="a11595ab-2fd7-4158-941f-f38a229f6e1a">
      <Execution id="90a836f8-3da1-4d1d-ace2-5e94f715e914" />
      <TestMethod codeBase="D:\SFERRARI\01 - TRABAJO\repos\netcore\libs\template-netcore-shared\Kitpymes.Core.Shared.Tests\bin\Release\net5.0\Kitpymes.Core.Shared.Tests.dll" adapterTypeName="executor://mstestadapter/v2" className="Kitpymes.Core.Shared.Tests.ApplicationBuilderExtensionsTests" name="ToEnvironment_Passing_Development_Enviroment_Returns_Development_Name" />
    </UnitTest>
    <UnitTest name="IsFileExtension_Passing_InvalidArguments_Returns_HasErrorsAndCount" storage="d:\sferrari\01 - trabajo\repos\netcore\libs\template-netcore-shared\kitpymes.core.shared.tests\bin\release\net5.0\kitpymes.core.shared.tests.dll" id="ac743821-9b33-4595-9ac7-a104a1572b23">
      <Execution id="1daf694a-9be5-438c-8551-a6e24218b9ee" />
      <TestMethod codeBase="D:\SFERRARI\01 - TRABAJO\repos\netcore\libs\template-netcore-shared\Kitpymes.Core.Shared.Tests\bin\Release\net5.0\Kitpymes.Core.Shared.Tests.dll" adapterTypeName="executor://mstestadapter/v2" className="Kitpymes.Core.Shared.Tests.CheckTests" name="IsFileExtension_Passing_InvalidArguments_Returns_HasErrorsAndCount" />
    </UnitTest>
    <UnitTest name="ResultDataBadRequest_WithErrors_Value" storage="d:\sferrari\01 - trabajo\repos\netcore\libs\template-netcore-shared\kitpymes.core.shared.tests\bin\release\net5.0\kitpymes.core.shared.tests.dll" id="3f7d0f88-2a59-44b6-a4ac-d81184313a1d">
      <Execution id="588a73e4-9049-46d4-b4c7-d4df35ea1193" />
      <TestMethod codeBase="D:\SFERRARI\01 - TRABAJO\repos\netcore\libs\template-netcore-shared\Kitpymes.Core.Shared.Tests\bin\Release\net5.0\Kitpymes.Core.Shared.Tests.dll" adapterTypeName="executor://mstestadapter/v2" className="Kitpymes.Core.Shared.Tests.ResultTest" name="ResultDataBadRequest_WithErrors_Value" />
    </UnitTest>
    <UnitTest name="ToPaged_Passing_Age_Ascending_Order_Returns_Filter_List" storage="d:\sferrari\01 - trabajo\repos\netcore\libs\template-netcore-shared\kitpymes.core.shared.tests\bin\release\net5.0\kitpymes.core.shared.tests.dll" id="dc8ed7f1-96c9-4931-aeee-af685a50dbf6">
      <Execution id="e57d2822-040a-44b0-8563-b3cb479dd5c9" />
      <TestMethod codeBase="D:\SFERRARI\01 - TRABAJO\repos\netcore\libs\template-netcore-shared\Kitpymes.Core.Shared.Tests\bin\Release\net5.0\Kitpymes.Core.Shared.Tests.dll" adapterTypeName="executor://mstestadapter/v2" className="Kitpymes.Core.Shared.Tests.QueryableExtensionsTests" name="ToPaged_Passing_Age_Ascending_Order_Returns_Filter_List" />
    </UnitTest>
    <UnitTest name="ToIsFileExtensionThrow_Passing_InvalidValue_Returns_ApplicationExceptionWithMessage" storage="d:\sferrari\01 - trabajo\repos\netcore\libs\template-netcore-shared\kitpymes.core.shared.tests\bin\release\net5.0\kitpymes.core.shared.tests.dll" id="b2173181-4161-435f-af2c-d8086eb4aaba">
      <Execution id="4bc910de-6631-423c-ab70-f53c7cbdd302" />
      <TestMethod codeBase="D:\SFERRARI\01 - TRABAJO\repos\netcore\libs\template-netcore-shared\Kitpymes.Core.Shared.Tests\bin\Release\net5.0\Kitpymes.Core.Shared.Tests.dll" adapterTypeName="executor://mstestadapter/v2" className="Kitpymes.Core.Shared.Tests.CheckExtensionsTests" name="ToIsFileExtensionThrow_Passing_InvalidValue_Returns_ApplicationExceptionWithMessage" />
    </UnitTest>
    <UnitTest name="ToDefaultValue_Passing_int_Returns_Cero (2147483647)" storage="d:\sferrari\01 - trabajo\repos\netcore\libs\template-netcore-shared\kitpymes.core.shared.tests\bin\release\net5.0\kitpymes.core.shared.tests.dll" id="95ed7b1a-0be3-4a8f-b28b-4478b30aa922">
      <Execution id="675cee5e-0bbe-490f-9fc7-c8c06c8a62e3" />
      <TestMethod codeBase="D:\SFERRARI\01 - TRABAJO\repos\netcore\libs\template-netcore-shared\Kitpymes.Core.Shared.Tests\bin\Release\net5.0\Kitpymes.Core.Shared.Tests.dll" adapterTypeName="executor://mstestadapter/v2" className="Kitpymes.Core.Shared.Tests.GenericExtensionsTests" name="ToDefaultValue_Passing_int_Returns_Cero" />
    </UnitTest>
    <UnitTest name="ToDefaultValue_Passing_decimal_Returns_Cero" storage="d:\sferrari\01 - trabajo\repos\netcore\libs\template-netcore-shared\kitpymes.core.shared.tests\bin\release\net5.0\kitpymes.core.shared.tests.dll" id="c569088e-2549-4d5c-9a8b-bba148148f02">
      <Execution id="82faeda6-8f6c-4e1f-aaa2-dde7cd3794c7" />
      <TestMethod codeBase="D:\SFERRARI\01 - TRABAJO\repos\netcore\libs\template-netcore-shared\Kitpymes.Core.Shared.Tests\bin\Release\net5.0\Kitpymes.Core.Shared.Tests.dll" adapterTypeName="executor://mstestadapter/v2" className="Kitpymes.Core.Shared.Tests.GenericExtensionsTests" name="ToDefaultValue_Passing_decimal_Returns_Cero" />
    </UnitTest>
    <UnitTest name="CreateSHA512_Passing_Invalid_Arguments_Returns_ApplicationException ()" storage="d:\sferrari\01 - trabajo\repos\netcore\libs\template-netcore-shared\kitpymes.core.shared.tests\bin\release\net5.0\kitpymes.core.shared.tests.dll" id="b5128482-4fc7-4ba6-ba70-1d59118e149c">
      <Execution id="de1ef180-d9f6-4f24-a87c-10c1c4cf206a" />
      <TestMethod codeBase="D:\SFERRARI\01 - TRABAJO\repos\netcore\libs\template-netcore-shared\Kitpymes.Core.Shared.Tests\bin\Release\net5.0\Kitpymes.Core.Shared.Tests.dll" adapterTypeName="executor://mstestadapter/v2" className="Kitpymes.Core.Shared.Tests.HashTests" name="CreateSHA512_Passing_Invalid_Arguments_Returns_ApplicationException" />
    </UnitTest>
    <UnitTest name="ToValues_Passing_ValidEnumType_Returns_ValuesListString" storage="d:\sferrari\01 - trabajo\repos\netcore\libs\template-netcore-shared\kitpymes.core.shared.tests\bin\release\net5.0\kitpymes.core.shared.tests.dll" id="927dd00b-96f8-4bb9-8d23-286ef3ca0748">
      <Execution id="a80d3e11-cfc7-4c98-af00-90437e53ff0a" />
      <TestMethod codeBase="D:\SFERRARI\01 - TRABAJO\repos\netcore\libs\template-netcore-shared\Kitpymes.Core.Shared.Tests\bin\Release\net5.0\Kitpymes.Core.Shared.Tests.dll" adapterTypeName="executor://mstestadapter/v2" className="Kitpymes.Core.Shared.Tests.EnumsTests" name="ToValues_Passing_ValidEnumType_Returns_ValuesListString" />
    </UnitTest>
    <UnitTest name="ToUri_Passing_ValidValueString_Returns_Uri (http://foo.com/blah_blah)" storage="d:\sferrari\01 - trabajo\repos\netcore\libs\template-netcore-shared\kitpymes.core.shared.tests\bin\release\net5.0\kitpymes.core.shared.tests.dll" id="62a022d1-ca95-4566-899f-2cc49db6e496">
      <Execution id="71e95416-ea86-48ad-b15d-64235fce930c" />
      <TestMethod codeBase="D:\SFERRARI\01 - TRABAJO\repos\netcore\libs\template-netcore-shared\Kitpymes.Core.Shared.Tests\bin\Release\net5.0\Kitpymes.Core.Shared.Tests.dll" adapterTypeName="executor://mstestadapter/v2" className="Kitpymes.Core.Shared.Tests.StringExtensionsTests" name="ToUri_Passing_ValidValueString_Returns_Uri" />
    </UnitTest>
    <UnitTest name="ToReplaceSpecialChars_Passing_ValidValue_Returns_ReplacedValueWithoutIgnoreSpecialChars (*¨^_:-?¿;,)" storage="d:\sferrari\01 - trabajo\repos\netcore\libs\template-netcore-shared\kitpymes.core.shared.tests\bin\release\net5.0\kitpymes.core.shared.tests.dll" id="7dc7c972-b69e-46c7-904e-2ff3d5d101ba">
      <Execution id="8fe07022-e90f-48b6-b9a2-38f8a8088745" />
      <TestMethod codeBase="D:\SFERRARI\01 - TRABAJO\repos\netcore\libs\template-netcore-shared\Kitpymes.Core.Shared.Tests\bin\Release\net5.0\Kitpymes.Core.Shared.Tests.dll" adapterTypeName="executor://mstestadapter/v2" className="Kitpymes.Core.Shared.Tests.StringExtensionsTests" name="ToReplaceSpecialChars_Passing_ValidValue_Returns_ReplacedValueWithoutIgnoreSpecialChars" />
    </UnitTest>
    <UnitTest name="ToInt_Passing_InvalidValueString_Returns_Null (1.333,39)" storage="d:\sferrari\01 - trabajo\repos\netcore\libs\template-netcore-shared\kitpymes.core.shared.tests\bin\release\net5.0\kitpymes.core.shared.tests.dll" id="cfac3ece-d66e-4bad-b3ea-8a66f5285bba">
      <Execution id="df4a2f4c-a878-482d-98a2-f4f3afd3bb4f" />
      <TestMethod codeBase="D:\SFERRARI\01 - TRABAJO\repos\netcore\libs\template-netcore-shared\Kitpymes.Core.Shared.Tests\bin\Release\net5.0\Kitpymes.Core.Shared.Tests.dll" adapterTypeName="executor://mstestadapter/v2" className="Kitpymes.Core.Shared.Tests.StringExtensionsTests" name="ToInt_Passing_InvalidValueString_Returns_Null" />
    </UnitTest>
    <UnitTest name="ToReplaceSpecialChars_Passing_ValidValue_Returns_ReplacedValueWithoutIgnoreSpecialChars (àáäâãøçħ,aaaaaoch)" storage="d:\sferrari\01 - trabajo\repos\netcore\libs\template-netcore-shared\kitpymes.core.shared.tests\bin\release\net5.0\kitpymes.core.shared.tests.dll" id="2db742a6-111d-4793-bd73-d6d1033d727e">
      <Execution id="b0d44f8d-2545-4fe9-b05a-169137278052" />
      <TestMethod codeBase="D:\SFERRARI\01 - TRABAJO\repos\netcore\libs\template-netcore-shared\Kitpymes.Core.Shared.Tests\bin\Release\net5.0\Kitpymes.Core.Shared.Tests.dll" adapterTypeName="executor://mstestadapter/v2" className="Kitpymes.Core.Shared.Tests.StringExtensionsTests" name="ToReplaceSpecialChars_Passing_ValidValue_Returns_ReplacedValueWithoutIgnoreSpecialChars" />
    </UnitTest>
    <UnitTest name="ToEnum_Passing_InvalidValueString_Returns_EnumCustomValue" storage="d:\sferrari\01 - trabajo\repos\netcore\libs\template-netcore-shared\kitpymes.core.shared.tests\bin\release\net5.0\kitpymes.core.shared.tests.dll" id="18f9fa86-be71-483e-b9fb-1227aa9d9aa5">
      <Execution id="609bc989-b253-4a7c-9744-ea49d6549a02" />
      <TestMethod codeBase="D:\SFERRARI\01 - TRABAJO\repos\netcore\libs\template-netcore-shared\Kitpymes.Core.Shared.Tests\bin\Release\net5.0\Kitpymes.Core.Shared.Tests.dll" adapterTypeName="executor://mstestadapter/v2" className="Kitpymes.Core.Shared.Tests.StringExtensionsTests" name="ToEnum_Passing_InvalidValueString_Returns_EnumCustomValue" />
    </UnitTest>
    <UnitTest name="ToList_Passing_ValidEnumTypeWithResourceType_Returns_ValuesList" storage="d:\sferrari\01 - trabajo\repos\netcore\libs\template-netcore-shared\kitpymes.core.shared.tests\bin\release\net5.0\kitpymes.core.shared.tests.dll" id="6c61d81f-af4d-4e4a-bd75-2ec5ef38b39b">
      <Execution id="6f371824-4261-470a-867d-cd8daf8ceec7" />
      <TestMethod codeBase="D:\SFERRARI\01 - TRABAJO\repos\netcore\libs\template-netcore-shared\Kitpymes.Core.Shared.Tests\bin\Release\net5.0\Kitpymes.Core.Shared.Tests.dll" adapterTypeName="executor://mstestadapter/v2" className="Kitpymes.Core.Shared.Tests.EnumsTests" name="ToList_Passing_ValidEnumTypeWithResourceType_Returns_ValuesList" />
    </UnitTest>
    <UnitTest name="ToResultAsync_Passing_StatusCodeAnd_MessageAndContentTypeAndHeader_Values_Returns_Values (/test)" storage="d:\sferrari\01 - trabajo\repos\netcore\libs\template-netcore-shared\kitpymes.core.shared.tests\bin\release\net5.0\kitpymes.core.shared.tests.dll" id="c4ed0bd2-258d-40bb-8b48-cda6f0b72670">
      <Execution id="9d4ac4aa-baea-46f4-999f-3a7bcf0b7a1c" />
      <TestMethod codeBase="D:\SFERRARI\01 - TRABAJO\repos\netcore\libs\template-netcore-shared\Kitpymes.Core.Shared.Tests\bin\Release\net5.0\Kitpymes.Core.Shared.Tests.dll" adapterTypeName="executor://mstestadapter/v2" className="Kitpymes.Core.Shared.Tests.HttpResponseExtensionsTests" name="ToResultAsync_Passing_StatusCodeAnd_MessageAndContentTypeAndHeader_Values_Returns_Values" />
    </UnitTest>
    <UnitTest name="IsEspecialChars_Passing_ValidArguments_Returns_HasErrorsAndCount" storage="d:\sferrari\01 - trabajo\repos\netcore\libs\template-netcore-shared\kitpymes.core.shared.tests\bin\release\net5.0\kitpymes.core.shared.tests.dll" id="2a6e5554-1516-4685-bc7f-62fd5b114abd">
      <Execution id="e782d249-8153-4432-bedf-c3993de428ac" />
      <TestMethod codeBase="D:\SFERRARI\01 - TRABAJO\repos\netcore\libs\template-netcore-shared\Kitpymes.Core.Shared.Tests\bin\Release\net5.0\Kitpymes.Core.Shared.Tests.dll" adapterTypeName="executor://mstestadapter/v2" className="Kitpymes.Core.Shared.Tests.CheckTests" name="IsEspecialChars_Passing_ValidArguments_Returns_HasErrorsAndCount" />
    </UnitTest>
    <UnitTest name="ToRemove_Passing_ValidValue_Returns_ValueWithoutRemovedChars (aeiou,aeiou,)" storage="d:\sferrari\01 - trabajo\repos\netcore\libs\template-netcore-shared\kitpymes.core.shared.tests\bin\release\net5.0\kitpymes.core.shared.tests.dll" id="2e48ae81-20d8-4c6b-a9b8-eece8242ed38">
      <Execution id="75a105e4-da90-4e6c-830e-a65d7e79b18e" />
      <TestMethod codeBase="D:\SFERRARI\01 - TRABAJO\repos\netcore\libs\template-netcore-shared\Kitpymes.Core.Shared.Tests\bin\Release\net5.0\Kitpymes.Core.Shared.Tests.dll" adapterTypeName="executor://mstestadapter/v2" className="Kitpymes.Core.Shared.Tests.StringExtensionsTests" name="ToRemove_Passing_ValidValue_Returns_ValueWithoutRemovedChars" />
    </UnitTest>
    <UnitTest name="ToDirectoryReadFileAsync_Passing_ValidValue_Returns_False" storage="d:\sferrari\01 - trabajo\repos\netcore\libs\template-netcore-shared\kitpymes.core.shared.tests\bin\release\net5.0\kitpymes.core.shared.tests.dll" id="4ed50359-823e-4865-8036-3f7f0fb76b4b">
      <Execution id="2f9b15fe-d698-4bef-a178-4cb581320b46" />
      <TestMethod codeBase="D:\SFERRARI\01 - TRABAJO\repos\netcore\libs\template-netcore-shared\Kitpymes.Core.Shared.Tests\bin\Release\net5.0\Kitpymes.Core.Shared.Tests.dll" adapterTypeName="executor://mstestadapter/v2" className="Kitpymes.Core.Shared.Tests.StringExtensionsTests" name="ToDirectoryReadFileAsync_Passing_ValidValue_Returns_False" />
    </UnitTest>
    <UnitTest name="ToStringFormat_Passing_ValidValue_Returns_ValueWithoutRemovedChars (-2147483648)" storage="d:\sferrari\01 - trabajo\repos\netcore\libs\template-netcore-shared\kitpymes.core.shared.tests\bin\release\net5.0\kitpymes.core.shared.tests.dll" id="8289c0e8-3044-42d0-9e7a-f24dce6a5381">
      <Execution id="c7339395-72d6-43d9-ad71-ef146607d16e" />
      <TestMethod codeBase="D:\SFERRARI\01 - TRABAJO\repos\netcore\libs\template-netcore-shared\Kitpymes.Core.Shared.Tests\bin\Release\net5.0\Kitpymes.Core.Shared.Tests.dll" adapterTypeName="executor://mstestadapter/v2" className="Kitpymes.Core.Shared.Tests.IntegerExtensionsTests" name="ToStringFormat_Passing_ValidValue_Returns_ValueWithoutRemovedChars" />
    </UnitTest>
    <UnitTest name="ToUri_Passing_InvalidValueString_Returns_Null (http://??/)" storage="d:\sferrari\01 - trabajo\repos\netcore\libs\template-netcore-shared\kitpymes.core.shared.tests\bin\release\net5.0\kitpymes.core.shared.tests.dll" id="74f8653c-c4fd-4657-b0ee-99952b98b695">
      <Execution id="885747ea-5b2a-46e9-8da9-f64c07d1fffd" />
      <TestMethod codeBase="D:\SFERRARI\01 - TRABAJO\repos\netcore\libs\template-netcore-shared\Kitpymes.Core.Shared.Tests\bin\Release\net5.0\Kitpymes.Core.Shared.Tests.dll" adapterTypeName="executor://mstestadapter/v2" className="Kitpymes.Core.Shared.Tests.StringExtensionsTests" name="ToUri_Passing_InvalidValueString_Returns_Null" />
    </UnitTest>
    <UnitTest name="ToNormalize_Passing_ValidValue_Returns_NormalizedValue (The End,The End)" storage="d:\sferrari\01 - trabajo\repos\netcore\libs\template-netcore-shared\kitpymes.core.shared.tests\bin\release\net5.0\kitpymes.core.shared.tests.dll" id="8c6816b6-fedb-4faa-aa29-879cc2ec517b">
      <Execution id="bc2d0cb2-cdb8-4d0a-a012-d18876fb93f8" />
      <TestMethod codeBase="D:\SFERRARI\01 - TRABAJO\repos\netcore\libs\template-netcore-shared\Kitpymes.Core.Shared.Tests\bin\Release\net5.0\Kitpymes.Core.Shared.Tests.dll" adapterTypeName="executor://mstestadapter/v2" className="Kitpymes.Core.Shared.Tests.StringExtensionsTests" name="ToNormalize_Passing_ValidValue_Returns_NormalizedValue" />
    </UnitTest>
    <UnitTest name="ToEnvironment_ServiceCollection_Passing_Production_Enviroment_Returns_Production_Name" storage="d:\sferrari\01 - trabajo\repos\netcore\libs\template-netcore-shared\kitpymes.core.shared.tests\bin\release\net5.0\kitpymes.core.shared.tests.dll" id="a8ca8171-509d-41a0-80d9-b3664c31801e">
      <Execution id="f19e10f3-fcc9-42d4-b81b-16c47c2038b1" />
      <TestMethod codeBase="D:\SFERRARI\01 - TRABAJO\repos\netcore\libs\template-netcore-shared\Kitpymes.Core.Shared.Tests\bin\Release\net5.0\Kitpymes.Core.Shared.Tests.dll" adapterTypeName="executor://mstestadapter/v2" className="Kitpymes.Core.Shared.Tests.ConfigurationBuilderExtensionsTests" name="ToEnvironment_ServiceCollection_Passing_Production_Enviroment_Returns_Production_Name" />
    </UnitTest>
    <UnitTest name="ToDirectoryTemporary_Passing_ValidValue_Returns_DirectoryExists" storage="d:\sferrari\01 - trabajo\repos\netcore\libs\template-netcore-shared\kitpymes.core.shared.tests\bin\release\net5.0\kitpymes.core.shared.tests.dll" id="5bb8b2f0-c5d5-4061-9047-def0d994b5ef">
      <Execution id="07a3c55f-10b7-4838-ad27-731e76d7ffc0" />
      <TestMethod codeBase="D:\SFERRARI\01 - TRABAJO\repos\netcore\libs\template-netcore-shared\Kitpymes.Core.Shared.Tests\bin\Release\net5.0\Kitpymes.Core.Shared.Tests.dll" adapterTypeName="executor://mstestadapter/v2" className="Kitpymes.Core.Shared.Tests.StringExtensionsTests" name="ToDirectoryTemporary_Passing_ValidValue_Returns_DirectoryExists" />
    </UnitTest>
    <UnitTest name="ToIsEmailThrow_Passing_InvalidValue_Returns_ApplicationExceptionWithMessage (34fsds@@sdd.f)" storage="d:\sferrari\01 - trabajo\repos\netcore\libs\template-netcore-shared\kitpymes.core.shared.tests\bin\release\net5.0\kitpymes.core.shared.tests.dll" id="107952d4-8fb8-40ec-be61-09e0701b7a4d">
      <Execution id="a7c14aae-fdd0-40fc-8ca9-7494d1cf8506" />
      <TestMethod codeBase="D:\SFERRARI\01 - TRABAJO\repos\netcore\libs\template-netcore-shared\Kitpymes.Core.Shared.Tests\bin\Release\net5.0\Kitpymes.Core.Shared.Tests.dll" adapterTypeName="executor://mstestadapter/v2" className="Kitpymes.Core.Shared.Tests.CheckExtensionsTests" name="ToIsEmailThrow_Passing_InvalidValue_Returns_ApplicationExceptionWithMessage" />
    </UnitTest>
    <UnitTest name="CreateRandom_WithCustomAllowableCharacters_Passing_Valid_Arguments_Returns_String_Random_Value (5,aeiou123456)" storage="d:\sferrari\01 - trabajo\repos\netcore\libs\template-netcore-shared\kitpymes.core.shared.tests\bin\release\net5.0\kitpymes.core.shared.tests.dll" id="d7176485-0b1d-44f9-9deb-87b8ba184b89">
      <Execution id="bb38989f-a1e9-4f33-bcac-6c8e4ed1c23e" />
      <TestMethod codeBase="D:\SFERRARI\01 - TRABAJO\repos\netcore\libs\template-netcore-shared\Kitpymes.Core.Shared.Tests\bin\Release\net5.0\Kitpymes.Core.Shared.Tests.dll" adapterTypeName="executor://mstestadapter/v2" className="Kitpymes.Core.Shared.Tests.HashTests" name="CreateRandom_WithCustomAllowableCharacters_Passing_Valid_Arguments_Returns_String_Random_Value" />
    </UnitTest>
    <UnitTest name="ToHasErrors_Passing_InvalidValue_Returns_ApplicationExceptionWithMessage" storage="d:\sferrari\01 - trabajo\repos\netcore\libs\template-netcore-shared\kitpymes.core.shared.tests\bin\release\net5.0\kitpymes.core.shared.tests.dll" id="0c47224d-ffeb-4587-ac26-e5cd9608387c">
      <Execution id="2f392816-3c83-4567-94c9-7564b4d09506" />
      <TestMethod codeBase="D:\SFERRARI\01 - TRABAJO\repos\netcore\libs\template-netcore-shared\Kitpymes.Core.Shared.Tests\bin\Release\net5.0\Kitpymes.Core.Shared.Tests.dll" adapterTypeName="executor://mstestadapter/v2" className="Kitpymes.Core.Shared.Tests.CheckExtensionsTests" name="ToHasErrors_Passing_InvalidValue_Returns_ApplicationExceptionWithMessage" />
    </UnitTest>
    <UnitTest name="ToExists_Passing_Valid_Service_Returns_True" storage="d:\sferrari\01 - trabajo\repos\netcore\libs\template-netcore-shared\kitpymes.core.shared.tests\bin\release\net5.0\kitpymes.core.shared.tests.dll" id="9f7d5206-5732-4103-8ca9-de2639d7b82d">
      <Execution id="9bcc99ec-fd1b-4bf1-9725-97f39fdb9647" />
      <TestMethod codeBase="D:\SFERRARI\01 - TRABAJO\repos\netcore\libs\template-netcore-shared\Kitpymes.Core.Shared.Tests\bin\Release\net5.0\Kitpymes.Core.Shared.Tests.dll" adapterTypeName="executor://mstestadapter/v2" className="Kitpymes.Core.Shared.Tests.ConfigurationBuilderExtensionsTests" name="ToExists_Passing_Valid_Service_Returns_True" />
    </UnitTest>
    <UnitTest name="ToSetTime_Passing_Time_Int_Returns_DateTime" storage="d:\sferrari\01 - trabajo\repos\netcore\libs\template-netcore-shared\kitpymes.core.shared.tests\bin\release\net5.0\kitpymes.core.shared.tests.dll" id="6e9822da-80d2-4d31-b00e-c036db6172df">
      <Execution id="0da1e499-c650-49df-9112-ff9839551706" />
      <TestMethod codeBase="D:\SFERRARI\01 - TRABAJO\repos\netcore\libs\template-netcore-shared\Kitpymes.Core.Shared.Tests\bin\Release\net5.0\Kitpymes.Core.Shared.Tests.dll" adapterTypeName="executor://mstestadapter/v2" className="Kitpymes.Core.Shared.Tests.DateTimeExtensionsTests" name="ToSetTime_Passing_Time_Int_Returns_DateTime" />
    </UnitTest>
    <UnitTest name="ToIsDirectoryThrow_Passing_InvalidValue_Returns_ApplicationExceptionWithMessage" storage="d:\sferrari\01 - trabajo\repos\netcore\libs\template-netcore-shared\kitpymes.core.shared.tests\bin\release\net5.0\kitpymes.core.shared.tests.dll" id="359bb283-5ffc-4b54-a237-c54fb1a823c2">
      <Execution id="d1921296-89b4-4439-8641-16c8026d0f3e" />
      <TestMethod codeBase="D:\SFERRARI\01 - TRABAJO\repos\netcore\libs\template-netcore-shared\Kitpymes.Core.Shared.Tests\bin\Release\net5.0\Kitpymes.Core.Shared.Tests.dll" adapterTypeName="executor://mstestadapter/v2" className="Kitpymes.Core.Shared.Tests.CheckExtensionsTests" name="ToIsDirectoryThrow_Passing_InvalidValue_Returns_ApplicationExceptionWithMessage" />
    </UnitTest>
    <UnitTest name="ToUri_Passing_InvalidValueString_Returns_Null (http://.)" storage="d:\sferrari\01 - trabajo\repos\netcore\libs\template-netcore-shared\kitpymes.core.shared.tests\bin\release\net5.0\kitpymes.core.shared.tests.dll" id="0c9f1e5a-25d7-48af-af8d-ea01961c6fca">
      <Execution id="5bf31fd3-7e6b-48c0-bef4-0dd3ce808250" />
      <TestMethod codeBase="D:\SFERRARI\01 - TRABAJO\repos\netcore\libs\template-netcore-shared\Kitpymes.Core.Shared.Tests\bin\Release\net5.0\Kitpymes.Core.Shared.Tests.dll" adapterTypeName="executor://mstestadapter/v2" className="Kitpymes.Core.Shared.Tests.StringExtensionsTests" name="ToUri_Passing_InvalidValueString_Returns_Null" />
    </UnitTest>
    <UnitTest name="ToPaged_Passing_Name_Ascending_Order_Returns_Filter_List" storage="d:\sferrari\01 - trabajo\repos\netcore\libs\template-netcore-shared\kitpymes.core.shared.tests\bin\release\net5.0\kitpymes.core.shared.tests.dll" id="30811e4d-3af1-4b0f-9b38-ae3d3b7a26ee">
      <Execution id="9b0e443b-6924-4939-adea-eff82d10efd8" />
      <TestMethod codeBase="D:\SFERRARI\01 - TRABAJO\repos\netcore\libs\template-netcore-shared\Kitpymes.Core.Shared.Tests\bin\Release\net5.0\Kitpymes.Core.Shared.Tests.dll" adapterTypeName="executor://mstestadapter/v2" className="Kitpymes.Core.Shared.Tests.QueryableExtensionsTests" name="ToPaged_Passing_Name_Ascending_Order_Returns_Filter_List" />
    </UnitTest>
    <UnitTest name="GetValues_Passing_Valid_Key_Returns_Values" storage="d:\sferrari\01 - trabajo\repos\netcore\libs\template-netcore-shared\kitpymes.core.shared.tests\bin\release\net5.0\kitpymes.core.shared.tests.dll" id="dc9a9ddc-2cbf-495f-8d9e-944e88ff55dd">
      <Execution id="5ea902f9-03b0-4ddf-8ff8-f46a00c03dec" />
      <TestMethod codeBase="D:\SFERRARI\01 - TRABAJO\repos\netcore\libs\template-netcore-shared\Kitpymes.Core.Shared.Tests\bin\Release\net5.0\Kitpymes.Core.Shared.Tests.dll" adapterTypeName="executor://mstestadapter/v2" className="Kitpymes.Core.Shared.Tests.DictionaryExtensionsTests" name="GetValues_Passing_Valid_Key_Returns_Values" />
    </UnitTest>
    <UnitTest name="ToUri_Passing_ValidValueString_Returns_Uri (http://例子.测试)" storage="d:\sferrari\01 - trabajo\repos\netcore\libs\template-netcore-shared\kitpymes.core.shared.tests\bin\release\net5.0\kitpymes.core.shared.tests.dll" id="f3f21f94-4347-4b2d-b766-4736b2e7b8e6">
      <Execution id="b235013b-7133-4346-a969-1f6fe04a6580" />
      <TestMethod codeBase="D:\SFERRARI\01 - TRABAJO\repos\netcore\libs\template-netcore-shared\Kitpymes.Core.Shared.Tests\bin\Release\net5.0\Kitpymes.Core.Shared.Tests.dll" adapterTypeName="executor://mstestadapter/v2" className="Kitpymes.Core.Shared.Tests.StringExtensionsTests" name="ToUri_Passing_ValidValueString_Returns_Uri" />
    </UnitTest>
    <UnitTest name="ToContentType_Passing_ValidValueString_Returns_ContentType (xxxx.jpeg,image/jpeg)" storage="d:\sferrari\01 - trabajo\repos\netcore\libs\template-netcore-shared\kitpymes.core.shared.tests\bin\release\net5.0\kitpymes.core.shared.tests.dll" id="0f641696-53a3-4227-8b3d-bc5d9274d5b4">
      <Execution id="bc404282-98e7-4dc5-b3b3-8256f5a830b6" />
      <TestMethod codeBase="D:\SFERRARI\01 - TRABAJO\repos\netcore\libs\template-netcore-shared\Kitpymes.Core.Shared.Tests\bin\Release\net5.0\Kitpymes.Core.Shared.Tests.dll" adapterTypeName="executor://mstestadapter/v2" className="Kitpymes.Core.Shared.Tests.StringExtensionsTests" name="ToContentType_Passing_ValidValueString_Returns_ContentType" />
    </UnitTest>
    <UnitTest name="ToUri_Passing_InvalidValueString_Returns_DefaultValue (http://..)" storage="d:\sferrari\01 - trabajo\repos\netcore\libs\template-netcore-shared\kitpymes.core.shared.tests\bin\release\net5.0\kitpymes.core.shared.tests.dll" id="9bde25d1-ba8b-4314-8691-010b1e8f627c">
      <Execution id="b0bd02d3-978c-41f7-8459-103d817eb9d1" />
      <TestMethod codeBase="D:\SFERRARI\01 - TRABAJO\repos\netcore\libs\template-netcore-shared\Kitpymes.Core.Shared.Tests\bin\Release\net5.0\Kitpymes.Core.Shared.Tests.dll" adapterTypeName="executor://mstestadapter/v2" className="Kitpymes.Core.Shared.Tests.StringExtensionsTests" name="ToUri_Passing_InvalidValueString_Returns_DefaultValue" />
    </UnitTest>
    <UnitTest name="ToNormalize_Passing_ValidValue_Returns_NormalizedValue (i’ LL,i LL)" storage="d:\sferrari\01 - trabajo\repos\netcore\libs\template-netcore-shared\kitpymes.core.shared.tests\bin\release\net5.0\kitpymes.core.shared.tests.dll" id="de033a32-ad79-469c-9996-f0ba3b9cd0e1">
      <Execution id="fbcdcf5a-cb73-4463-94e7-1ed08f0b692a" />
      <TestMethod codeBase="D:\SFERRARI\01 - TRABAJO\repos\netcore\libs\template-netcore-shared\Kitpymes.Core.Shared.Tests\bin\Release\net5.0\Kitpymes.Core.Shared.Tests.dll" adapterTypeName="executor://mstestadapter/v2" className="Kitpymes.Core.Shared.Tests.StringExtensionsTests" name="ToNormalize_Passing_ValidValue_Returns_NormalizedValue" />
    </UnitTest>
    <UnitTest name="ToPath_Passing_HttpRequest_Scheme_Host_Path_Returns_Url" storage="d:\sferrari\01 - trabajo\repos\netcore\libs\template-netcore-shared\kitpymes.core.shared.tests\bin\release\net5.0\kitpymes.core.shared.tests.dll" id="7d50dfb2-514b-4c2a-80c4-40f9d369ccc6">
      <Execution id="56297f13-13d6-42b4-8fcd-c63bcbe28fea" />
      <TestMethod codeBase="D:\SFERRARI\01 - TRABAJO\repos\netcore\libs\template-netcore-shared\Kitpymes.Core.Shared.Tests\bin\Release\net5.0\Kitpymes.Core.Shared.Tests.dll" adapterTypeName="executor://mstestadapter/v2" className="Kitpymes.Core.Shared.Tests.HttpRequestExtensionsTests" name="ToPath_Passing_HttpRequest_Scheme_Host_Path_Returns_Url" />
    </UnitTest>
    <UnitTest name="ToReplace_Passing_ValidValue_Returns_ReplacedValue (aeiou,*,0,4,****u)" storage="d:\sferrari\01 - trabajo\repos\netcore\libs\template-netcore-shared\kitpymes.core.shared.tests\bin\release\net5.0\kitpymes.core.shared.tests.dll" id="6f024c99-8d80-4d02-b546-865efb57508c">
      <Execution id="f0d234b2-d3ed-4831-a196-91dc699d78ae" />
      <TestMethod codeBase="D:\SFERRARI\01 - TRABAJO\repos\netcore\libs\template-netcore-shared\Kitpymes.Core.Shared.Tests\bin\Release\net5.0\Kitpymes.Core.Shared.Tests.dll" adapterTypeName="executor://mstestadapter/v2" className="Kitpymes.Core.Shared.Tests.StringExtensionsTests" name="ToReplace_Passing_ValidValue_Returns_ReplacedValue" />
    </UnitTest>
    <UnitTest name="ToUri_Passing_InvalidValueString_Returns_DefaultValue (http://??/)" storage="d:\sferrari\01 - trabajo\repos\netcore\libs\template-netcore-shared\kitpymes.core.shared.tests\bin\release\net5.0\kitpymes.core.shared.tests.dll" id="7f7b11ab-8018-4892-89c5-d760d0107fae">
      <Execution id="4880e3fd-652d-42cb-aeec-ea2f8bc1885e" />
      <TestMethod codeBase="D:\SFERRARI\01 - TRABAJO\repos\netcore\libs\template-netcore-shared\Kitpymes.Core.Shared.Tests\bin\Release\net5.0\Kitpymes.Core.Shared.Tests.dll" adapterTypeName="executor://mstestadapter/v2" className="Kitpymes.Core.Shared.Tests.StringExtensionsTests" name="ToUri_Passing_InvalidValueString_Returns_DefaultValue" />
    </UnitTest>
    <UnitTest name="ToUri_Passing_ValidValueString_Returns_Uri (https://www.example.com/foo/?bar=baz&amp;inga=42&amp;quux)" storage="d:\sferrari\01 - trabajo\repos\netcore\libs\template-netcore-shared\kitpymes.core.shared.tests\bin\release\net5.0\kitpymes.core.shared.tests.dll" id="a4420a77-7352-412e-a2b3-9cc1ad5d2a39">
      <Execution id="376da4b8-25e0-412e-a1a8-63226a89f6a0" />
      <TestMethod codeBase="D:\SFERRARI\01 - TRABAJO\repos\netcore\libs\template-netcore-shared\Kitpymes.Core.Shared.Tests\bin\Release\net5.0\Kitpymes.Core.Shared.Tests.dll" adapterTypeName="executor://mstestadapter/v2" className="Kitpymes.Core.Shared.Tests.StringExtensionsTests" name="ToUri_Passing_ValidValueString_Returns_Uri" />
    </UnitTest>
    <UnitTest name="ToReplace_Passing_ValidValue_Returns_ReplacedValue (aeiou,*,0,2,**iou)" storage="d:\sferrari\01 - trabajo\repos\netcore\libs\template-netcore-shared\kitpymes.core.shared.tests\bin\release\net5.0\kitpymes.core.shared.tests.dll" id="a132dca1-2a6f-4155-927b-e85bd4899dd4">
      <Execution id="02b50404-2227-4452-be70-8480258dfdc2" />
      <TestMethod codeBase="D:\SFERRARI\01 - TRABAJO\repos\netcore\libs\template-netcore-shared\Kitpymes.Core.Shared.Tests\bin\Release\net5.0\Kitpymes.Core.Shared.Tests.dll" adapterTypeName="executor://mstestadapter/v2" className="Kitpymes.Core.Shared.Tests.StringExtensionsTests" name="ToReplace_Passing_ValidValue_Returns_ReplacedValue" />
    </UnitTest>
    <UnitTest name="ToStringFormat_Passing_ValidValue_Returns_ValueWithoutRemovedChars (1)" storage="d:\sferrari\01 - trabajo\repos\netcore\libs\template-netcore-shared\kitpymes.core.shared.tests\bin\release\net5.0\kitpymes.core.shared.tests.dll" id="64ad69d7-aab8-4617-a035-5b58b68540be">
      <Execution id="4fa375e4-e255-47e8-9db0-501a4c31dc2e" />
      <TestMethod codeBase="D:\SFERRARI\01 - TRABAJO\repos\netcore\libs\template-netcore-shared\Kitpymes.Core.Shared.Tests\bin\Release\net5.0\Kitpymes.Core.Shared.Tests.dll" adapterTypeName="executor://mstestadapter/v2" className="Kitpymes.Core.Shared.Tests.IntegerExtensionsTests" name="ToStringFormat_Passing_ValidValue_Returns_ValueWithoutRemovedChars" />
    </UnitTest>
    <UnitTest name="ToUri_Passing_InvalidValueString_Returns_DefaultValue (http://)" storage="d:\sferrari\01 - trabajo\repos\netcore\libs\template-netcore-shared\kitpymes.core.shared.tests\bin\release\net5.0\kitpymes.core.shared.tests.dll" id="c8d0dcf2-f3e8-4eb9-86e4-68e0cf46c9b1">
      <Execution id="b336e9ed-b025-4466-b1ee-73c57038fd3f" />
      <TestMethod codeBase="D:\SFERRARI\01 - TRABAJO\repos\netcore\libs\template-netcore-shared\Kitpymes.Core.Shared.Tests\bin\Release\net5.0\Kitpymes.Core.Shared.Tests.dll" adapterTypeName="executor://mstestadapter/v2" className="Kitpymes.Core.Shared.Tests.StringExtensionsTests" name="ToUri_Passing_InvalidValueString_Returns_DefaultValue" />
    </UnitTest>
    <UnitTest name="ToUri_Passing_ValidValueString_Returns_Uri (http://www.example.com/wpstyle/?p=364)" storage="d:\sferrari\01 - trabajo\repos\netcore\libs\template-netcore-shared\kitpymes.core.shared.tests\bin\release\net5.0\kitpymes.core.shared.tests.dll" id="c27ce1fa-5996-479a-b0e5-0dbb9c1321d6">
      <Execution id="0eb6a426-79b1-4070-81a6-e19bff97dc79" />
      <TestMethod codeBase="D:\SFERRARI\01 - TRABAJO\repos\netcore\libs\template-netcore-shared\Kitpymes.Core.Shared.Tests\bin\Release\net5.0\Kitpymes.Core.Shared.Tests.dll" adapterTypeName="executor://mstestadapter/v2" className="Kitpymes.Core.Shared.Tests.StringExtensionsTests" name="ToUri_Passing_ValidValueString_Returns_Uri" />
    </UnitTest>
    <UnitTest name="ToEmailMaskUserNameAndDomainAndExtension_Passing_ValidEmail_Returns_EmailWithMask (qazwsxedc@gmailgmail.com,q*******c@g********l.c*m)" storage="d:\sferrari\01 - trabajo\repos\netcore\libs\template-netcore-shared\kitpymes.core.shared.tests\bin\release\net5.0\kitpymes.core.shared.tests.dll" id="cacec449-e631-476e-b8e3-1dc414134f7f">
      <Execution id="84600ec7-530c-45f7-ac51-2361338c497f" />
      <TestMethod codeBase="D:\SFERRARI\01 - TRABAJO\repos\netcore\libs\template-netcore-shared\Kitpymes.Core.Shared.Tests\bin\Release\net5.0\Kitpymes.Core.Shared.Tests.dll" adapterTypeName="executor://mstestadapter/v2" className="Kitpymes.Core.Shared.Tests.StringExtensionsTests" name="ToEmailMaskUserNameAndDomainAndExtension_Passing_ValidEmail_Returns_EmailWithMask" />
    </UnitTest>
    <UnitTest name="ToUri_Passing_InvalidValueString_Returns_Null (http://??)" storage="d:\sferrari\01 - trabajo\repos\netcore\libs\template-netcore-shared\kitpymes.core.shared.tests\bin\release\net5.0\kitpymes.core.shared.tests.dll" id="ee179d40-2f44-46f5-b695-d3c80b04f7f3">
      <Execution id="a5279740-602f-4a70-b2c8-f8bbc8c2efb4" />
      <TestMethod codeBase="D:\SFERRARI\01 - TRABAJO\repos\netcore\libs\template-netcore-shared\Kitpymes.Core.Shared.Tests\bin\Release\net5.0\Kitpymes.Core.Shared.Tests.dll" adapterTypeName="executor://mstestadapter/v2" className="Kitpymes.Core.Shared.Tests.StringExtensionsTests" name="ToUri_Passing_InvalidValueString_Returns_Null" />
    </UnitTest>
    <UnitTest name="ToHeader_Passing_HttpRequest_Header_Many_Values_Returns_Values" storage="d:\sferrari\01 - trabajo\repos\netcore\libs\template-netcore-shared\kitpymes.core.shared.tests\bin\release\net5.0\kitpymes.core.shared.tests.dll" id="96b025cd-7b21-4d12-8736-d9c43375805c">
      <Execution id="3370e7cd-8219-4fdd-b0c5-8dded33fcb90" />
      <TestMethod codeBase="D:\SFERRARI\01 - TRABAJO\repos\netcore\libs\template-netcore-shared\Kitpymes.Core.Shared.Tests\bin\Release\net5.0\Kitpymes.Core.Shared.Tests.dll" adapterTypeName="executor://mstestadapter/v2" className="Kitpymes.Core.Shared.Tests.HttpRequestExtensionsTests" name="ToHeader_Passing_HttpRequest_Header_Many_Values_Returns_Values" />
    </UnitTest>
    <UnitTest name="ToUri_Passing_ValidValueString_Returns_Uri (http://223.255.255.254)" storage="d:\sferrari\01 - trabajo\repos\netcore\libs\template-netcore-shared\kitpymes.core.shared.tests\bin\release\net5.0\kitpymes.core.shared.tests.dll" id="bcefabe3-d09a-450e-a527-cc0dcf34ac21">
      <Execution id="06733146-97ee-4823-bc08-6a6eb69b9885" />
      <TestMethod codeBase="D:\SFERRARI\01 - TRABAJO\repos\netcore\libs\template-netcore-shared\Kitpymes.Core.Shared.Tests\bin\Release\net5.0\Kitpymes.Core.Shared.Tests.dll" adapterTypeName="executor://mstestadapter/v2" className="Kitpymes.Core.Shared.Tests.StringExtensionsTests" name="ToUri_Passing_ValidValueString_Returns_Uri" />
    </UnitTest>
    <UnitTest name="ToEmailMaskUserNameAndDomain_Passing_ValidEmail_Returns_EmailWithMask (qaz@gmailgmail.com,q*z@g********l.com)" storage="d:\sferrari\01 - trabajo\repos\netcore\libs\template-netcore-shared\kitpymes.core.shared.tests\bin\release\net5.0\kitpymes.core.shared.tests.dll" id="cc38099c-313f-413a-b9ce-7868933a0613">
      <Execution id="fbdc90fa-1e77-4ef4-8700-427c22be6985" />
      <TestMethod codeBase="D:\SFERRARI\01 - TRABAJO\repos\netcore\libs\template-netcore-shared\Kitpymes.Core.Shared.Tests\bin\Release\net5.0\Kitpymes.Core.Shared.Tests.dll" adapterTypeName="executor://mstestadapter/v2" className="Kitpymes.Core.Shared.Tests.StringExtensionsTests" name="ToEmailMaskUserNameAndDomain_Passing_ValidEmail_Returns_EmailWithMask" />
    </UnitTest>
    <UnitTest name="ResultBadRequest_WithErrors_Value" storage="d:\sferrari\01 - trabajo\repos\netcore\libs\template-netcore-shared\kitpymes.core.shared.tests\bin\release\net5.0\kitpymes.core.shared.tests.dll" id="0a10c3f3-7660-44fb-b261-6b0817441ff2">
      <Execution id="0eb2d605-b345-44f9-b18c-5813fd5cf1d5" />
      <TestMethod codeBase="D:\SFERRARI\01 - TRABAJO\repos\netcore\libs\template-netcore-shared\Kitpymes.Core.Shared.Tests\bin\Release\net5.0\Kitpymes.Core.Shared.Tests.dll" adapterTypeName="executor://mstestadapter/v2" className="Kitpymes.Core.Shared.Tests.ResultTest" name="ResultBadRequest_WithErrors_Value" />
    </UnitTest>
    <UnitTest name="CreateRandom_WithDefaultAllowableCharacters_Passing_ValidArguments_Returns_String_Random_Value (5)" storage="d:\sferrari\01 - trabajo\repos\netcore\libs\template-netcore-shared\kitpymes.core.shared.tests\bin\release\net5.0\kitpymes.core.shared.tests.dll" id="1b3c60e8-759e-4554-8f5e-d32b1af1e1f7">
      <Execution id="8081d45a-7dd0-4961-950b-077301c519f0" />
      <TestMethod codeBase="D:\SFERRARI\01 - TRABAJO\repos\netcore\libs\template-netcore-shared\Kitpymes.Core.Shared.Tests\bin\Release\net5.0\Kitpymes.Core.Shared.Tests.dll" adapterTypeName="executor://mstestadapter/v2" className="Kitpymes.Core.Shared.Tests.HashTests" name="CreateRandom_WithDefaultAllowableCharacters_Passing_ValidArguments_Returns_String_Random_Value" />
    </UnitTest>
    <UnitTest name="IsName_Passing_ValidArguments_Returns_HasErrorsAndCount" storage="d:\sferrari\01 - trabajo\repos\netcore\libs\template-netcore-shared\kitpymes.core.shared.tests\bin\release\net5.0\kitpymes.core.shared.tests.dll" id="1b21a9d0-e326-40db-9754-fb5bde8e2b71">
      <Execution id="681f53fa-9a02-4ee1-8950-4a3e857c05f1" />
      <TestMethod codeBase="D:\SFERRARI\01 - TRABAJO\repos\netcore\libs\template-netcore-shared\Kitpymes.Core.Shared.Tests\bin\Release\net5.0\Kitpymes.Core.Shared.Tests.dll" adapterTypeName="executor://mstestadapter/v2" className="Kitpymes.Core.Shared.Tests.CheckTests" name="IsName_Passing_ValidArguments_Returns_HasErrorsAndCount" />
    </UnitTest>
    <UnitTest name="ToInt_Passing_InvalidValueString_Returns_Null (1.3333)" storage="d:\sferrari\01 - trabajo\repos\netcore\libs\template-netcore-shared\kitpymes.core.shared.tests\bin\release\net5.0\kitpymes.core.shared.tests.dll" id="e1874ad3-43ce-40ba-83c7-92e547840a57">
      <Execution id="dca63c70-bedf-48e4-84d3-6b83b909997d" />
      <TestMethod codeBase="D:\SFERRARI\01 - TRABAJO\repos\netcore\libs\template-netcore-shared\Kitpymes.Core.Shared.Tests\bin\Release\net5.0\Kitpymes.Core.Shared.Tests.dll" adapterTypeName="executor://mstestadapter/v2" className="Kitpymes.Core.Shared.Tests.StringExtensionsTests" name="ToInt_Passing_InvalidValueString_Returns_Null" />
    </UnitTest>
    <UnitTest name="ToTryContentType_Passing_HttpRequestWithContentType_Value_Returns_ContentType_String_Value" storage="d:\sferrari\01 - trabajo\repos\netcore\libs\template-netcore-shared\kitpymes.core.shared.tests\bin\release\net5.0\kitpymes.core.shared.tests.dll" id="eb48691e-9054-4c11-b108-bc19f269a43a">
      <Execution id="6437af62-c8c7-4e77-82b8-13d50ba3f264" />
      <TestMethod codeBase="D:\SFERRARI\01 - TRABAJO\repos\netcore\libs\template-netcore-shared\Kitpymes.Core.Shared.Tests\bin\Release\net5.0\Kitpymes.Core.Shared.Tests.dll" adapterTypeName="executor://mstestadapter/v2" className="Kitpymes.Core.Shared.Tests.HttpRequestExtensionsTests" name="ToTryContentType_Passing_HttpRequestWithContentType_Value_Returns_ContentType_String_Value" />
    </UnitTest>
    <UnitTest name="ToSetTime_Passing_Time_String_Returns_DateTime" storage="d:\sferrari\01 - trabajo\repos\netcore\libs\template-netcore-shared\kitpymes.core.shared.tests\bin\release\net5.0\kitpymes.core.shared.tests.dll" id="b4432039-dbd2-4c5d-9b92-88feeed1498f">
      <Execution id="6fa82712-b437-422f-aa19-286dd7608ca8" />
      <TestMethod codeBase="D:\SFERRARI\01 - TRABAJO\repos\netcore\libs\template-netcore-shared\Kitpymes.Core.Shared.Tests\bin\Release\net5.0\Kitpymes.Core.Shared.Tests.dll" adapterTypeName="executor://mstestadapter/v2" className="Kitpymes.Core.Shared.Tests.DateTimeExtensionsTests" name="ToSetTime_Passing_Time_String_Returns_DateTime" />
    </UnitTest>
    <UnitTest name="ToNormalize_Passing_ValidValue_Returns_NormalizedValue (ÀÁÄÂÃ,AAAAA)" storage="d:\sferrari\01 - trabajo\repos\netcore\libs\template-netcore-shared\kitpymes.core.shared.tests\bin\release\net5.0\kitpymes.core.shared.tests.dll" id="1c4bb1bc-64bf-4534-96d0-6322c0e9be1f">
      <Execution id="22bc8b31-987e-48ea-a44f-e4ac4c624ec8" />
      <TestMethod codeBase="D:\SFERRARI\01 - TRABAJO\repos\netcore\libs\template-netcore-shared\Kitpymes.Core.Shared.Tests\bin\Release\net5.0\Kitpymes.Core.Shared.Tests.dll" adapterTypeName="executor://mstestadapter/v2" className="Kitpymes.Core.Shared.Tests.StringExtensionsTests" name="ToNormalize_Passing_ValidValue_Returns_NormalizedValue" />
    </UnitTest>
    <UnitTest name="ToEmailMaskUserNameAndDomain_Passing_ValidEmail_Returns_EmailWithMask (qazwsxedc@gmailgmail.com,q*******c@g********l.com)" storage="d:\sferrari\01 - trabajo\repos\netcore\libs\template-netcore-shared\kitpymes.core.shared.tests\bin\release\net5.0\kitpymes.core.shared.tests.dll" id="afbe45d7-8975-45b6-8f71-776860d74aa7">
      <Execution id="8a63db80-cf02-42e6-814b-766f13257ce7" />
      <TestMethod codeBase="D:\SFERRARI\01 - TRABAJO\repos\netcore\libs\template-netcore-shared\Kitpymes.Core.Shared.Tests\bin\Release\net5.0\Kitpymes.Core.Shared.Tests.dll" adapterTypeName="executor://mstestadapter/v2" className="Kitpymes.Core.Shared.Tests.StringExtensionsTests" name="ToEmailMaskUserNameAndDomain_Passing_ValidEmail_Returns_EmailWithMask" />
    </UnitTest>
    <UnitTest name="ToMapNew_Passing_TDestination_Returns_New_Destination_Object" storage="d:\sferrari\01 - trabajo\repos\netcore\libs\template-netcore-shared\kitpymes.core.shared.tests\bin\release\net5.0\kitpymes.core.shared.tests.dll" id="01d47142-552d-448f-8010-76ae0b712836">
      <Execution id="92b47716-d0ac-4d7b-b979-9fdb7ade446b" />
      <TestMethod codeBase="D:\SFERRARI\01 - TRABAJO\repos\netcore\libs\template-netcore-shared\Kitpymes.Core.Shared.Tests\bin\Release\net5.0\Kitpymes.Core.Shared.Tests.dll" adapterTypeName="executor://mstestadapter/v2" className="Kitpymes.Core.Shared.Tests.AgileMapperExtensionsTests" name="ToMapNew_Passing_TDestination_Returns_New_Destination_Object" />
    </UnitTest>
    <UnitTest name="IsDigit_Passing_InvalidArguments_Returns_HasErrorsAndCount" storage="d:\sferrari\01 - trabajo\repos\netcore\libs\template-netcore-shared\kitpymes.core.shared.tests\bin\release\net5.0\kitpymes.core.shared.tests.dll" id="a45a1b29-7567-43fb-a435-acdc1d176086">
      <Execution id="d747412a-bee4-4e69-910d-10b6206af3d9" />
      <TestMethod codeBase="D:\SFERRARI\01 - TRABAJO\repos\netcore\libs\template-netcore-shared\Kitpymes.Core.Shared.Tests\bin\Release\net5.0\Kitpymes.Core.Shared.Tests.dll" adapterTypeName="executor://mstestadapter/v2" className="Kitpymes.Core.Shared.Tests.CheckTests" name="IsDigit_Passing_InvalidArguments_Returns_HasErrorsAndCount" />
    </UnitTest>
    <UnitTest name="ToUri_Passing_ValidValueString_Returns_Uri (http://foo.bar/?q=Test%20URL-encoded%20stuff)" storage="d:\sferrari\01 - trabajo\repos\netcore\libs\template-netcore-shared\kitpymes.core.shared.tests\bin\release\net5.0\kitpymes.core.shared.tests.dll" id="6fce1299-b5f9-4f55-adec-8328c6347f9c">
      <Execution id="2f9d4398-5c97-4618-8e84-881e9f3cb14d" />
      <TestMethod codeBase="D:\SFERRARI\01 - TRABAJO\repos\netcore\libs\template-netcore-shared\Kitpymes.Core.Shared.Tests\bin\Release\net5.0\Kitpymes.Core.Shared.Tests.dll" adapterTypeName="executor://mstestadapter/v2" className="Kitpymes.Core.Shared.Tests.StringExtensionsTests" name="ToUri_Passing_ValidValueString_Returns_Uri" />
    </UnitTest>
    <UnitTest name="ToStringFormat_Passing_ValidValue_Returns_ValueWithoutRemovedChars (2147483647)" storage="d:\sferrari\01 - trabajo\repos\netcore\libs\template-netcore-shared\kitpymes.core.shared.tests\bin\release\net5.0\kitpymes.core.shared.tests.dll" id="649a862a-143f-4606-9dac-fb155529a652">
      <Execution id="e4bfd974-b664-4f62-bd10-910a3b92e39a" />
      <TestMethod codeBase="D:\SFERRARI\01 - TRABAJO\repos\netcore\libs\template-netcore-shared\Kitpymes.Core.Shared.Tests\bin\Release\net5.0\Kitpymes.Core.Shared.Tests.dll" adapterTypeName="executor://mstestadapter/v2" className="Kitpymes.Core.Shared.Tests.IntegerExtensionsTests" name="ToStringFormat_Passing_ValidValue_Returns_ValueWithoutRemovedChars" />
    </UnitTest>
    <UnitTest name="ToUri_Passing_InvalidValueString_Returns_Null (http://)" storage="d:\sferrari\01 - trabajo\repos\netcore\libs\template-netcore-shared\kitpymes.core.shared.tests\bin\release\net5.0\kitpymes.core.shared.tests.dll" id="a6505108-5a99-4316-be96-c1614579805e">
      <Execution id="f12a5ffb-eafc-4335-add7-340977279f63" />
      <TestMethod codeBase="D:\SFERRARI\01 - TRABAJO\repos\netcore\libs\template-netcore-shared\Kitpymes.Core.Shared.Tests\bin\Release\net5.0\Kitpymes.Core.Shared.Tests.dll" adapterTypeName="executor://mstestadapter/v2" className="Kitpymes.Core.Shared.Tests.StringExtensionsTests" name="ToUri_Passing_InvalidValueString_Returns_Null" />
    </UnitTest>
    <UnitTest name="ToDefaultValue_Passing_float_Returns_Cero" storage="d:\sferrari\01 - trabajo\repos\netcore\libs\template-netcore-shared\kitpymes.core.shared.tests\bin\release\net5.0\kitpymes.core.shared.tests.dll" id="f86453fd-071b-4d58-b8a5-7b60cf888ab5">
      <Execution id="b19d507c-7758-4ffc-b6d4-b2b92d53e7be" />
      <TestMethod codeBase="D:\SFERRARI\01 - TRABAJO\repos\netcore\libs\template-netcore-shared\Kitpymes.Core.Shared.Tests\bin\Release\net5.0\Kitpymes.Core.Shared.Tests.dll" adapterTypeName="executor://mstestadapter/v2" className="Kitpymes.Core.Shared.Tests.GenericExtensionsTests" name="ToDefaultValue_Passing_float_Returns_Cero" />
    </UnitTest>
    <UnitTest name="ResultDataBadRequest_WithErrors_Dictionary" storage="d:\sferrari\01 - trabajo\repos\netcore\libs\template-netcore-shared\kitpymes.core.shared.tests\bin\release\net5.0\kitpymes.core.shared.tests.dll" id="9dbf2c98-9343-4fbd-86e3-9b28ff061a46">
      <Execution id="1450a45c-5f48-45b4-aeba-5586bb8a2978" />
      <TestMethod codeBase="D:\SFERRARI\01 - TRABAJO\repos\netcore\libs\template-netcore-shared\Kitpymes.Core.Shared.Tests\bin\Release\net5.0\Kitpymes.Core.Shared.Tests.dll" adapterTypeName="executor://mstestadapter/v2" className="Kitpymes.Core.Shared.Tests.ResultTest" name="ResultDataBadRequest_WithErrors_Dictionary" />
    </UnitTest>
    <UnitTest name="ToIsNullOrAnyThrow_Passing_InvalidValue_Returns_ApplicationExceptionWithMessage" storage="d:\sferrari\01 - trabajo\repos\netcore\libs\template-netcore-shared\kitpymes.core.shared.tests\bin\release\net5.0\kitpymes.core.shared.tests.dll" id="03110aa7-db4d-4aef-a4d0-28dee47d2214">
      <Execution id="7fbf0834-5b8a-453e-88ae-be8cecd330c5" />
      <TestMethod codeBase="D:\SFERRARI\01 - TRABAJO\repos\netcore\libs\template-netcore-shared\Kitpymes.Core.Shared.Tests\bin\Release\net5.0\Kitpymes.Core.Shared.Tests.dll" adapterTypeName="executor://mstestadapter/v2" className="Kitpymes.Core.Shared.Tests.CheckExtensionsTests" name="ToIsNullOrAnyThrow_Passing_InvalidValue_Returns_ApplicationExceptionWithMessage" />
    </UnitTest>
    <UnitTest name="ToMapClone_Passing_Source_Returns_New_Source_Object" storage="d:\sferrari\01 - trabajo\repos\netcore\libs\template-netcore-shared\kitpymes.core.shared.tests\bin\release\net5.0\kitpymes.core.shared.tests.dll" id="894536f9-c30b-4e6e-a5dd-bcddf8c7db92">
      <Execution id="caad2bc6-f6fc-4138-be6a-f20a808a2143" />
      <TestMethod codeBase="D:\SFERRARI\01 - TRABAJO\repos\netcore\libs\template-netcore-shared\Kitpymes.Core.Shared.Tests\bin\Release\net5.0\Kitpymes.Core.Shared.Tests.dll" adapterTypeName="executor://mstestadapter/v2" className="Kitpymes.Core.Shared.Tests.AgileMapperExtensionsTests" name="ToMapClone_Passing_Source_Returns_New_Source_Object" />
    </UnitTest>
    <UnitTest name="ToUri_Passing_ValidValueString_Returns_Uri (http://j.mp)" storage="d:\sferrari\01 - trabajo\repos\netcore\libs\template-netcore-shared\kitpymes.core.shared.tests\bin\release\net5.0\kitpymes.core.shared.tests.dll" id="3162843c-97b6-4269-8827-bd002a9611af">
      <Execution id="5dfba6ec-ff12-4681-9bb3-bc683748cb58" />
      <TestMethod codeBase="D:\SFERRARI\01 - TRABAJO\repos\netcore\libs\template-netcore-shared\Kitpymes.Core.Shared.Tests\bin\Release\net5.0\Kitpymes.Core.Shared.Tests.dll" adapterTypeName="executor://mstestadapter/v2" className="Kitpymes.Core.Shared.Tests.StringExtensionsTests" name="ToUri_Passing_ValidValueString_Returns_Uri" />
    </UnitTest>
    <UnitTest name="IsUniqueChars_Passing_InvalidArguments_Returns_HasErrorsAndCount" storage="d:\sferrari\01 - trabajo\repos\netcore\libs\template-netcore-shared\kitpymes.core.shared.tests\bin\release\net5.0\kitpymes.core.shared.tests.dll" id="194b21cf-bc94-455b-b729-e1a12f33a9cd">
      <Execution id="66f991b5-1a50-490b-b383-69e33b6faff5" />
      <TestMethod codeBase="D:\SFERRARI\01 - TRABAJO\repos\netcore\libs\template-netcore-shared\Kitpymes.Core.Shared.Tests\bin\Release\net5.0\Kitpymes.Core.Shared.Tests.dll" adapterTypeName="executor://mstestadapter/v2" className="Kitpymes.Core.Shared.Tests.CheckTests" name="IsUniqueChars_Passing_InvalidArguments_Returns_HasErrorsAndCount" />
    </UnitTest>
    <UnitTest name="ToIsSubdomainThrow_Passing_InvalidValue_Returns_ApplicationExceptionWithMessage ()" storage="d:\sferrari\01 - trabajo\repos\netcore\libs\template-netcore-shared\kitpymes.core.shared.tests\bin\release\net5.0\kitpymes.core.shared.tests.dll" id="bc130d26-46c6-428f-9dbe-bf6dfee5b831">
      <Execution id="45c3731d-6074-4705-8f72-49ed31ced6fa" />
      <TestMethod codeBase="D:\SFERRARI\01 - TRABAJO\repos\netcore\libs\template-netcore-shared\Kitpymes.Core.Shared.Tests\bin\Release\net5.0\Kitpymes.Core.Shared.Tests.dll" adapterTypeName="executor://mstestadapter/v2" className="Kitpymes.Core.Shared.Tests.CheckExtensionsTests" name="ToIsSubdomainThrow_Passing_InvalidValue_Returns_ApplicationExceptionWithMessage" />
    </UnitTest>
    <UnitTest name="CreateAndVerifySHA512_Passing_Valid_Arguments_Returns_True (HashTests)" storage="d:\sferrari\01 - trabajo\repos\netcore\libs\template-netcore-shared\kitpymes.core.shared.tests\bin\release\net5.0\kitpymes.core.shared.tests.dll" id="ac570dd7-c18a-4328-a5ce-8a16d680b8ca">
      <Execution id="9483c781-38aa-4dcd-83b9-d067929326a5" />
      <TestMethod codeBase="D:\SFERRARI\01 - TRABAJO\repos\netcore\libs\template-netcore-shared\Kitpymes.Core.Shared.Tests\bin\Release\net5.0\Kitpymes.Core.Shared.Tests.dll" adapterTypeName="executor://mstestadapter/v2" className="Kitpymes.Core.Shared.Tests.HashTests" name="CreateAndVerifySHA512_Passing_Valid_Arguments_Returns_True" />
    </UnitTest>
    <UnitTest name="ToUri_Passing_ValidValueString_Returns_Uri (http://foo.com/blah_blah/)" storage="d:\sferrari\01 - trabajo\repos\netcore\libs\template-netcore-shared\kitpymes.core.shared.tests\bin\release\net5.0\kitpymes.core.shared.tests.dll" id="e5376c06-c933-4939-8043-74853ef51fde">
      <Execution id="b99474a1-0228-4d7f-863d-d8b7eb8f2306" />
      <TestMethod codeBase="D:\SFERRARI\01 - TRABAJO\repos\netcore\libs\template-netcore-shared\Kitpymes.Core.Shared.Tests\bin\Release\net5.0\Kitpymes.Core.Shared.Tests.dll" adapterTypeName="executor://mstestadapter/v2" className="Kitpymes.Core.Shared.Tests.StringExtensionsTests" name="ToUri_Passing_ValidValueString_Returns_Uri" />
    </UnitTest>
    <UnitTest name="ToMapMerge_Passing_Destination_Object_Returns_Merged_Destination_Object" storage="d:\sferrari\01 - trabajo\repos\netcore\libs\template-netcore-shared\kitpymes.core.shared.tests\bin\release\net5.0\kitpymes.core.shared.tests.dll" id="3db67358-d53e-451f-8971-72d6e6201ac1">
      <Execution id="a5a909be-52e7-4abc-894e-b618f89ea52e" />
      <TestMethod codeBase="D:\SFERRARI\01 - TRABAJO\repos\netcore\libs\template-netcore-shared\Kitpymes.Core.Shared.Tests\bin\Release\net5.0\Kitpymes.Core.Shared.Tests.dll" adapterTypeName="executor://mstestadapter/v2" className="Kitpymes.Core.Shared.Tests.AgileMapperExtensionsTests" name="ToMapMerge_Passing_Destination_Object_Returns_Merged_Destination_Object" />
    </UnitTest>
    <UnitTest name="ToContentType_Passing_ValidValueString_Returns_ContentType (xxxx.html,text/html)" storage="d:\sferrari\01 - trabajo\repos\netcore\libs\template-netcore-shared\kitpymes.core.shared.tests\bin\release\net5.0\kitpymes.core.shared.tests.dll" id="91d4c479-81ca-450c-a93b-95d32cdc7a0c">
      <Execution id="55c1e899-bfa1-4a16-83b6-bac283f283ad" />
      <TestMethod codeBase="D:\SFERRARI\01 - TRABAJO\repos\netcore\libs\template-netcore-shared\Kitpymes.Core.Shared.Tests\bin\Release\net5.0\Kitpymes.Core.Shared.Tests.dll" adapterTypeName="executor://mstestadapter/v2" className="Kitpymes.Core.Shared.Tests.StringExtensionsTests" name="ToContentType_Passing_ValidValueString_Returns_ContentType" />
    </UnitTest>
    <UnitTest name="ResultOK" storage="d:\sferrari\01 - trabajo\repos\netcore\libs\template-netcore-shared\kitpymes.core.shared.tests\bin\release\net5.0\kitpymes.core.shared.tests.dll" id="7d64cc2d-dd57-4d78-b3c8-b313f1d997ad">
      <Execution id="da0ac538-ab4f-4fe4-903a-b6df44cec69a" />
      <TestMethod codeBase="D:\SFERRARI\01 - TRABAJO\repos\netcore\libs\template-netcore-shared\Kitpymes.Core.Shared.Tests\bin\Release\net5.0\Kitpymes.Core.Shared.Tests.dll" adapterTypeName="executor://mstestadapter/v2" className="Kitpymes.Core.Shared.Tests.ResultTest" name="ResultOK" />
    </UnitTest>
    <UnitTest name="ToSubdomain_Passing_HttpRequest_Host_Returns_Subdomain" storage="d:\sferrari\01 - trabajo\repos\netcore\libs\template-netcore-shared\kitpymes.core.shared.tests\bin\release\net5.0\kitpymes.core.shared.tests.dll" id="ee53e766-c76b-4ae8-993d-c972de511a6e">
      <Execution id="4a596f9e-1516-4561-af23-69e03731486f" />
      <TestMethod codeBase="D:\SFERRARI\01 - TRABAJO\repos\netcore\libs\template-netcore-shared\Kitpymes.Core.Shared.Tests\bin\Release\net5.0\Kitpymes.Core.Shared.Tests.dll" adapterTypeName="executor://mstestadapter/v2" className="Kitpymes.Core.Shared.Tests.HttpRequestExtensionsTests" name="ToSubdomain_Passing_HttpRequest_Host_Returns_Subdomain" />
    </UnitTest>
    <UnitTest name="ToString_Passing_Valid_Collection_With_Custom_Separator_Returns_String_With_Custom_Separator" storage="d:\sferrari\01 - trabajo\repos\netcore\libs\template-netcore-shared\kitpymes.core.shared.tests\bin\release\net5.0\kitpymes.core.shared.tests.dll" id="7d6cefd4-8496-4aa4-863e-f197949b756a">
      <Execution id="3eacbdf7-3f96-46ff-a91b-286d84fa777c" />
      <TestMethod codeBase="D:\SFERRARI\01 - TRABAJO\repos\netcore\libs\template-netcore-shared\Kitpymes.Core.Shared.Tests\bin\Release\net5.0\Kitpymes.Core.Shared.Tests.dll" adapterTypeName="executor://mstestadapter/v2" className="Kitpymes.Core.Shared.Tests.EnumerableExtensionsTests" name="ToString_Passing_Valid_Collection_With_Custom_Separator_Returns_String_With_Custom_Separator" />
    </UnitTest>
    <UnitTest name="ToExists_Passing_Service_Not_Found_Returns_False" storage="d:\sferrari\01 - trabajo\repos\netcore\libs\template-netcore-shared\kitpymes.core.shared.tests\bin\release\net5.0\kitpymes.core.shared.tests.dll" id="40fdb983-9430-4055-a00b-fb280f6e300d">
      <Execution id="0db71068-8c05-4a61-80d2-06883474ee5a" />
      <TestMethod codeBase="D:\SFERRARI\01 - TRABAJO\repos\netcore\libs\template-netcore-shared\Kitpymes.Core.Shared.Tests\bin\Release\net5.0\Kitpymes.Core.Shared.Tests.dll" adapterTypeName="executor://mstestadapter/v2" className="Kitpymes.Core.Shared.Tests.ApplicationBuilderExtensionsTests" name="ToExists_Passing_Service_Not_Found_Returns_False" />
    </UnitTest>
    <UnitTest name="ToDisplay_Passing_Enumeration_Name_Returns_Display_Atributte" storage="d:\sferrari\01 - trabajo\repos\netcore\libs\template-netcore-shared\kitpymes.core.shared.tests\bin\release\net5.0\kitpymes.core.shared.tests.dll" id="a1cbfb2e-d8ee-4924-9eb8-f3908f1ebe43">
      <Execution id="6986bfa9-270f-482a-aaa8-4c019c64806d" />
      <TestMethod codeBase="D:\SFERRARI\01 - TRABAJO\repos\netcore\libs\template-netcore-shared\Kitpymes.Core.Shared.Tests\bin\Release\net5.0\Kitpymes.Core.Shared.Tests.dll" adapterTypeName="executor://mstestadapter/v2" className="Kitpymes.Core.Shared.Tests.EnumExtensionsTests" name="ToDisplay_Passing_Enumeration_Name_Returns_Display_Atributte" />
    </UnitTest>
    <UnitTest name="ToFormat_Passing_ValidValueFormatWithArguments_Returns_ValueWithFormat" storage="d:\sferrari\01 - trabajo\repos\netcore\libs\template-netcore-shared\kitpymes.core.shared.tests\bin\release\net5.0\kitpymes.core.shared.tests.dll" id="2735ceff-3d36-4e72-8c8b-5491472d284e">
      <Execution id="565fbef8-280a-4621-bace-3403ec6dfd0b" />
      <TestMethod codeBase="D:\SFERRARI\01 - TRABAJO\repos\netcore\libs\template-netcore-shared\Kitpymes.Core.Shared.Tests\bin\Release\net5.0\Kitpymes.Core.Shared.Tests.dll" adapterTypeName="executor://mstestadapter/v2" className="Kitpymes.Core.Shared.Tests.StringExtensionsTests" name="ToFormat_Passing_ValidValueFormatWithArguments_Returns_ValueWithFormat" />
    </UnitTest>
    <UnitTest name="ResultInternalServerError" storage="d:\sferrari\01 - trabajo\repos\netcore\libs\template-netcore-shared\kitpymes.core.shared.tests\bin\release\net5.0\kitpymes.core.shared.tests.dll" id="12ab19c5-7cc6-41bf-8329-5c51879dd674">
      <Execution id="3ec897bd-ad33-4926-a7c5-5dd2e5382af5" />
      <TestMethod codeBase="D:\SFERRARI\01 - TRABAJO\repos\netcore\libs\template-netcore-shared\Kitpymes.Core.Shared.Tests\bin\Release\net5.0\Kitpymes.Core.Shared.Tests.dll" adapterTypeName="executor://mstestadapter/v2" className="Kitpymes.Core.Shared.Tests.ResultTest" name="ResultInternalServerError" />
    </UnitTest>
    <UnitTest name="ToUri_Passing_ValidValueString_Returns_Uri (http://مثال.إختبار)" storage="d:\sferrari\01 - trabajo\repos\netcore\libs\template-netcore-shared\kitpymes.core.shared.tests\bin\release\net5.0\kitpymes.core.shared.tests.dll" id="e1a125f8-3dcf-4b4d-88be-89225dbf9cae">
      <Execution id="8abe2a71-a376-45a1-8fba-d6ff7e52e0d9" />
      <TestMethod codeBase="D:\SFERRARI\01 - TRABAJO\repos\netcore\libs\template-netcore-shared\Kitpymes.Core.Shared.Tests\bin\Release\net5.0\Kitpymes.Core.Shared.Tests.dll" adapterTypeName="executor://mstestadapter/v2" className="Kitpymes.Core.Shared.Tests.StringExtensionsTests" name="ToUri_Passing_ValidValueString_Returns_Uri" />
    </UnitTest>
    <UnitTest name="ToNormalize_Passing_ValidValue_Returns_NormalizedValue (Ç,C)" storage="d:\sferrari\01 - trabajo\repos\netcore\libs\template-netcore-shared\kitpymes.core.shared.tests\bin\release\net5.0\kitpymes.core.shared.tests.dll" id="60f70669-53f3-4ee9-9ee1-955c156180b2">
      <Execution id="99d54bdd-a94f-43aa-8415-7cad756bd20f" />
      <TestMethod codeBase="D:\SFERRARI\01 - TRABAJO\repos\netcore\libs\template-netcore-shared\Kitpymes.Core.Shared.Tests\bin\Release\net5.0\Kitpymes.Core.Shared.Tests.dll" adapterTypeName="executor://mstestadapter/v2" className="Kitpymes.Core.Shared.Tests.StringExtensionsTests" name="ToNormalize_Passing_ValidValue_Returns_NormalizedValue" />
    </UnitTest>
    <UnitTest name="ToIsAuthenticated_Passing_Null_ClaimsPrincipal_Returns_ApplicationException" storage="d:\sferrari\01 - trabajo\repos\netcore\libs\template-netcore-shared\kitpymes.core.shared.tests\bin\release\net5.0\kitpymes.core.shared.tests.dll" id="9c94cbc3-5c89-4579-8234-ac366ac806ba">
      <Execution id="ba664a93-d834-4991-88a5-7c8c15850b30" />
      <TestMethod codeBase="D:\SFERRARI\01 - TRABAJO\repos\netcore\libs\template-netcore-shared\Kitpymes.Core.Shared.Tests\bin\Release\net5.0\Kitpymes.Core.Shared.Tests.dll" adapterTypeName="executor://mstestadapter/v2" className="Kitpymes.Core.Shared.Tests.ClaimsPrincipalExtensionsTests" name="ToIsAuthenticated_Passing_Null_ClaimsPrincipal_Returns_ApplicationException" />
    </UnitTest>
    <UnitTest name="ToNormalize_Passing_ValidValue_Returns_NormalizedValue (ìíïî,iiii)" storage="d:\sferrari\01 - trabajo\repos\netcore\libs\template-netcore-shared\kitpymes.core.shared.tests\bin\release\net5.0\kitpymes.core.shared.tests.dll" id="d259c2a7-03fd-4568-83b4-2909dc4d673a">
      <Execution id="d47f8718-10e0-4ff6-93d5-bfd3eeb7ec20" />
      <TestMethod codeBase="D:\SFERRARI\01 - TRABAJO\repos\netcore\libs\template-netcore-shared\Kitpymes.Core.Shared.Tests\bin\Release\net5.0\Kitpymes.Core.Shared.Tests.dll" adapterTypeName="executor://mstestadapter/v2" className="Kitpymes.Core.Shared.Tests.StringExtensionsTests" name="ToNormalize_Passing_ValidValue_Returns_NormalizedValue" />
    </UnitTest>
    <UnitTest name="ResultError_WithTitle_WithStatusCode_WithDetails_WithExceptionType_WithMessages_WithErrors" storage="d:\sferrari\01 - trabajo\repos\netcore\libs\template-netcore-shared\kitpymes.core.shared.tests\bin\release\net5.0\kitpymes.core.shared.tests.dll" id="667e53ad-27ad-4a93-a9db-39cfa0062796">
      <Execution id="09622d89-5a5e-4cfd-8c1a-bc70bca23af8" />
      <TestMethod codeBase="D:\SFERRARI\01 - TRABAJO\repos\netcore\libs\template-netcore-shared\Kitpymes.Core.Shared.Tests\bin\Release\net5.0\Kitpymes.Core.Shared.Tests.dll" adapterTypeName="executor://mstestadapter/v2" className="Kitpymes.Core.Shared.Tests.ResultTest" name="ResultError_WithTitle_WithStatusCode_WithDetails_WithExceptionType_WithMessages_WithErrors" />
    </UnitTest>
    <UnitTest name="ToExists_Passing_Valid_Service_Returns_True" storage="d:\sferrari\01 - trabajo\repos\netcore\libs\template-netcore-shared\kitpymes.core.shared.tests\bin\release\net5.0\kitpymes.core.shared.tests.dll" id="3e3f2fd7-d0aa-4b45-979a-5a2a7128ad09">
      <Execution id="081cf586-6a4d-4749-9c7d-0909cf22e871" />
      <TestMethod codeBase="D:\SFERRARI\01 - TRABAJO\repos\netcore\libs\template-netcore-shared\Kitpymes.Core.Shared.Tests\bin\Release\net5.0\Kitpymes.Core.Shared.Tests.dll" adapterTypeName="executor://mstestadapter/v2" className="Kitpymes.Core.Shared.Tests.ApplicationBuilderExtensionsTests" name="ToExists_Passing_Valid_Service_Returns_True" />
    </UnitTest>
    <UnitTest name="ToInt_Passing_InvalidValueString_Returns_DefaultValue (999999439293294392492349329493294)" storage="d:\sferrari\01 - trabajo\repos\netcore\libs\template-netcore-shared\kitpymes.core.shared.tests\bin\release\net5.0\kitpymes.core.shared.tests.dll" id="f1434d98-440e-4a65-8960-5f65c75ff4ee">
      <Execution id="e58c9aab-2986-41f0-b01a-92e00e4c58d1" />
      <TestMethod codeBase="D:\SFERRARI\01 - TRABAJO\repos\netcore\libs\template-netcore-shared\Kitpymes.Core.Shared.Tests\bin\Release\net5.0\Kitpymes.Core.Shared.Tests.dll" adapterTypeName="executor://mstestadapter/v2" className="Kitpymes.Core.Shared.Tests.StringExtensionsTests" name="ToInt_Passing_InvalidValueString_Returns_DefaultValue" />
    </UnitTest>
    <UnitTest name="IsDirectory_Passing_InvalidArguments_Returns_HasErrorsAndCount" storage="d:\sferrari\01 - trabajo\repos\netcore\libs\template-netcore-shared\kitpymes.core.shared.tests\bin\release\net5.0\kitpymes.core.shared.tests.dll" id="d8ab7b46-22bb-4381-9389-2228edfba690">
      <Execution id="8b0dcf3f-18d3-4641-8c89-92aeeae09c78" />
      <TestMethod codeBase="D:\SFERRARI\01 - TRABAJO\repos\netcore\libs\template-netcore-shared\Kitpymes.Core.Shared.Tests\bin\Release\net5.0\Kitpymes.Core.Shared.Tests.dll" adapterTypeName="executor://mstestadapter/v2" className="Kitpymes.Core.Shared.Tests.CheckTests" name="IsDirectory_Passing_InvalidArguments_Returns_HasErrorsAndCount" />
    </UnitTest>
    <UnitTest name="IsDomain_Passing_ValidArguments_Returns_HasErrorsAndCount" storage="d:\sferrari\01 - trabajo\repos\netcore\libs\template-netcore-shared\kitpymes.core.shared.tests\bin\release\net5.0\kitpymes.core.shared.tests.dll" id="7736b590-896c-4259-a835-d9b395e92db5">
      <Execution id="212159fd-9094-4a17-a70b-0b7424196ae0" />
      <TestMethod codeBase="D:\SFERRARI\01 - TRABAJO\repos\netcore\libs\template-netcore-shared\Kitpymes.Core.Shared.Tests\bin\Release\net5.0\Kitpymes.Core.Shared.Tests.dll" adapterTypeName="executor://mstestadapter/v2" className="Kitpymes.Core.Shared.Tests.CheckTests" name="IsDomain_Passing_ValidArguments_Returns_HasErrorsAndCount" />
    </UnitTest>
    <UnitTest name="ToUri_Passing_ValidValueString_Returns_Uri (https://foo.com/blah_blah?p=5&amp;j=fe)" storage="d:\sferrari\01 - trabajo\repos\netcore\libs\template-netcore-shared\kitpymes.core.shared.tests\bin\release\net5.0\kitpymes.core.shared.tests.dll" id="c0faa945-dbfa-4454-a785-ebef15f1c278">
      <Execution id="09461542-1ded-4fb8-a2b4-3cacdbfb27ed" />
      <TestMethod codeBase="D:\SFERRARI\01 - TRABAJO\repos\netcore\libs\template-netcore-shared\Kitpymes.Core.Shared.Tests\bin\Release\net5.0\Kitpymes.Core.Shared.Tests.dll" adapterTypeName="executor://mstestadapter/v2" className="Kitpymes.Core.Shared.Tests.StringExtensionsTests" name="ToUri_Passing_ValidValueString_Returns_Uri" />
    </UnitTest>
    <UnitTest name="IsSubdomain_Passing_InvalidArguments_Returns_HasErrorsAndCount" storage="d:\sferrari\01 - trabajo\repos\netcore\libs\template-netcore-shared\kitpymes.core.shared.tests\bin\release\net5.0\kitpymes.core.shared.tests.dll" id="3332e67d-9a2c-43f6-941f-c449872eb5f9">
      <Execution id="3053ff0a-b99d-43a6-94fa-f4e5bf7c12c7" />
      <TestMethod codeBase="D:\SFERRARI\01 - TRABAJO\repos\netcore\libs\template-netcore-shared\Kitpymes.Core.Shared.Tests\bin\Release\net5.0\Kitpymes.Core.Shared.Tests.dll" adapterTypeName="executor://mstestadapter/v2" className="Kitpymes.Core.Shared.Tests.CheckTests" name="IsSubdomain_Passing_InvalidArguments_Returns_HasErrorsAndCount" />
    </UnitTest>
    <UnitTest name="ToIsNameThrow_Passing_InvalidValue_Returns_ApplicationExceptionWithMessage" storage="d:\sferrari\01 - trabajo\repos\netcore\libs\template-netcore-shared\kitpymes.core.shared.tests\bin\release\net5.0\kitpymes.core.shared.tests.dll" id="73a7e9cb-8cdc-40ca-9b3e-bc8d729c8553">
      <Execution id="7e16242f-f016-4251-95a8-3ad469f0b3ed" />
      <TestMethod codeBase="D:\SFERRARI\01 - TRABAJO\repos\netcore\libs\template-netcore-shared\Kitpymes.Core.Shared.Tests\bin\Release\net5.0\Kitpymes.Core.Shared.Tests.dll" adapterTypeName="executor://mstestadapter/v2" className="Kitpymes.Core.Shared.Tests.CheckExtensionsTests" name="ToIsNameThrow_Passing_InvalidValue_Returns_ApplicationExceptionWithMessage" />
    </UnitTest>
    <UnitTest name="ToDefaultValue_Passing_ValidStruct_Returns_DefaultValue" storage="d:\sferrari\01 - trabajo\repos\netcore\libs\template-netcore-shared\kitpymes.core.shared.tests\bin\release\net5.0\kitpymes.core.shared.tests.dll" id="de68356a-b6f8-44c6-8d3a-11657ec7851e">
      <Execution id="0c062c8d-ef4f-4ce1-a2ee-b484e3f9aa31" />
      <TestMethod codeBase="D:\SFERRARI\01 - TRABAJO\repos\netcore\libs\template-netcore-shared\Kitpymes.Core.Shared.Tests\bin\Release\net5.0\Kitpymes.Core.Shared.Tests.dll" adapterTypeName="executor://mstestadapter/v2" className="Kitpymes.Core.Shared.Tests.TypeExtensionsTests" name="ToDefaultValue_Passing_ValidStruct_Returns_DefaultValue" />
    </UnitTest>
    <UnitTest name="ResultOkData_WithData_WithMessage_WithDetails" storage="d:\sferrari\01 - trabajo\repos\netcore\libs\template-netcore-shared\kitpymes.core.shared.tests\bin\release\net5.0\kitpymes.core.shared.tests.dll" id="f261e297-42e7-4b83-86ba-55e62da2b54f">
      <Execution id="2dcc321c-08ac-4d73-8257-c55ee37534e7" />
      <TestMethod codeBase="D:\SFERRARI\01 - TRABAJO\repos\netcore\libs\template-netcore-shared\Kitpymes.Core.Shared.Tests\bin\Release\net5.0\Kitpymes.Core.Shared.Tests.dll" adapterTypeName="executor://mstestadapter/v2" className="Kitpymes.Core.Shared.Tests.ResultTest" name="ResultOkData_WithData_WithMessage_WithDetails" />
    </UnitTest>
    <UnitTest name="ToEnvironment_Passing_Production_Enviroment_Returns_Production_Name" storage="d:\sferrari\01 - trabajo\repos\netcore\libs\template-netcore-shared\kitpymes.core.shared.tests\bin\release\net5.0\kitpymes.core.shared.tests.dll" id="341dff43-f566-42e6-a2d0-171323ef1678">
      <Execution id="dbb58017-7079-4b86-ae05-09f69d6228d9" />
      <TestMethod codeBase="D:\SFERRARI\01 - TRABAJO\repos\netcore\libs\template-netcore-shared\Kitpymes.Core.Shared.Tests\bin\Release\net5.0\Kitpymes.Core.Shared.Tests.dll" adapterTypeName="executor://mstestadapter/v2" className="Kitpymes.Core.Shared.Tests.ApplicationBuilderExtensionsTests" name="ToEnvironment_Passing_Production_Enviroment_Returns_Production_Name" />
    </UnitTest>
    <UnitTest name="ToMapNew_Passing_TSource_And_TDestination_Returns_New_TDestination_Object" storage="d:\sferrari\01 - trabajo\repos\netcore\libs\template-netcore-shared\kitpymes.core.shared.tests\bin\release\net5.0\kitpymes.core.shared.tests.dll" id="631c7823-a0a8-4ef9-bde7-95f01400d46c">
      <Execution id="17a79896-6d6d-429c-a67c-87bdb32edaf5" />
      <TestMethod codeBase="D:\SFERRARI\01 - TRABAJO\repos\netcore\libs\template-netcore-shared\Kitpymes.Core.Shared.Tests\bin\Release\net5.0\Kitpymes.Core.Shared.Tests.dll" adapterTypeName="executor://mstestadapter/v2" className="Kitpymes.Core.Shared.Tests.AgileMapperExtensionsTests" name="ToMapNew_Passing_TSource_And_TDestination_Returns_New_TDestination_Object" />
    </UnitTest>
    <UnitTest name="CreateAndVerifySHA256_Passing_Valid_Arguments_Returns_True (sdlfkjldsfksdfñl·%$·&amp;$/U&amp;/)(&amp;()?=)¿?^P*^PÑL,.,.lñ´ñ+98098'098098)" storage="d:\sferrari\01 - trabajo\repos\netcore\libs\template-netcore-shared\kitpymes.core.shared.tests\bin\release\net5.0\kitpymes.core.shared.tests.dll" id="bfee7d08-5a6e-4aa1-bdaa-a87c66fa4d38">
      <Execution id="be1c023c-0bea-4af2-a491-b79f21065fea" />
      <TestMethod codeBase="D:\SFERRARI\01 - TRABAJO\repos\netcore\libs\template-netcore-shared\Kitpymes.Core.Shared.Tests\bin\Release\net5.0\Kitpymes.Core.Shared.Tests.dll" adapterTypeName="executor://mstestadapter/v2" className="Kitpymes.Core.Shared.Tests.HashTests" name="CreateAndVerifySHA256_Passing_Valid_Arguments_Returns_True" />
    </UnitTest>
    <UnitTest name="ToUri_Passing_ValidValueString_Returns_Uri (//foo.com/blah_blah)" storage="d:\sferrari\01 - trabajo\repos\netcore\libs\template-netcore-shared\kitpymes.core.shared.tests\bin\release\net5.0\kitpymes.core.shared.tests.dll" id="6d11d1d5-bf07-4f9d-b61d-c46141b88c57">
      <Execution id="38ad1d76-a660-468c-a3fc-8461f8758f0c" />
      <TestMethod codeBase="D:\SFERRARI\01 - TRABAJO\repos\netcore\libs\template-netcore-shared\Kitpymes.Core.Shared.Tests\bin\Release\net5.0\Kitpymes.Core.Shared.Tests.dll" adapterTypeName="executor://mstestadapter/v2" className="Kitpymes.Core.Shared.Tests.StringExtensionsTests" name="ToUri_Passing_ValidValueString_Returns_Uri" />
    </UnitTest>
    <UnitTest name="ToUri_Passing_ValidValueString_Returns_Uri (//foo.com/blah_blah/p=5)" storage="d:\sferrari\01 - trabajo\repos\netcore\libs\template-netcore-shared\kitpymes.core.shared.tests\bin\release\net5.0\kitpymes.core.shared.tests.dll" id="3a8d2253-8e8f-415a-9dde-f4127f9ced88">
      <Execution id="3680cd48-ae17-4f26-bfd8-8c3f9b17b3ad" />
      <TestMethod codeBase="D:\SFERRARI\01 - TRABAJO\repos\netcore\libs\template-netcore-shared\Kitpymes.Core.Shared.Tests\bin\Release\net5.0\Kitpymes.Core.Shared.Tests.dll" adapterTypeName="executor://mstestadapter/v2" className="Kitpymes.Core.Shared.Tests.StringExtensionsTests" name="ToUri_Passing_ValidValueString_Returns_Uri" />
    </UnitTest>
    <UnitTest name="ToEmailMaskUserName_Passing_ValidEmail_Returns_EmailWithMask (qazwsx@gmailgmail.com,q****x@gmailgmail.com)" storage="d:\sferrari\01 - trabajo\repos\netcore\libs\template-netcore-shared\kitpymes.core.shared.tests\bin\release\net5.0\kitpymes.core.shared.tests.dll" id="d21b6b7a-59ca-4b4b-afa5-82eabace8143">
      <Execution id="5b373955-763e-4885-8d35-989e50d48ed1" />
      <TestMethod codeBase="D:\SFERRARI\01 - TRABAJO\repos\netcore\libs\template-netcore-shared\Kitpymes.Core.Shared.Tests\bin\Release\net5.0\Kitpymes.Core.Shared.Tests.dll" adapterTypeName="executor://mstestadapter/v2" className="Kitpymes.Core.Shared.Tests.StringExtensionsTests" name="ToEmailMaskUserName_Passing_ValidEmail_Returns_EmailWithMask" />
    </UnitTest>
    <UnitTest name="ToEmailMaskUserNameAndDomain_Passing_ValidEmail_Returns_EmailWithMask (qazwsxedc@gmail.com,q*******c@g***l.com)" storage="d:\sferrari\01 - trabajo\repos\netcore\libs\template-netcore-shared\kitpymes.core.shared.tests\bin\release\net5.0\kitpymes.core.shared.tests.dll" id="03fbd011-4d52-4677-9003-7cba7fec7948">
      <Execution id="0d881705-30de-46e7-ab83-02b412c30a7d" />
      <TestMethod codeBase="D:\SFERRARI\01 - TRABAJO\repos\netcore\libs\template-netcore-shared\Kitpymes.Core.Shared.Tests\bin\Release\net5.0\Kitpymes.Core.Shared.Tests.dll" adapterTypeName="executor://mstestadapter/v2" className="Kitpymes.Core.Shared.Tests.StringExtensionsTests" name="ToEmailMaskUserNameAndDomain_Passing_ValidEmail_Returns_EmailWithMask" />
    </UnitTest>
    <UnitTest name="ToService_Passing_Service_Not_Found_Returns_Null" storage="d:\sferrari\01 - trabajo\repos\netcore\libs\template-netcore-shared\kitpymes.core.shared.tests\bin\release\net5.0\kitpymes.core.shared.tests.dll" id="c41d3f8f-4b3a-463a-9417-694c6262c658">
      <Execution id="be2db38e-30d0-4bb1-aa9a-2ce07a52a64f" />
      <TestMethod codeBase="D:\SFERRARI\01 - TRABAJO\repos\netcore\libs\template-netcore-shared\Kitpymes.Core.Shared.Tests\bin\Release\net5.0\Kitpymes.Core.Shared.Tests.dll" adapterTypeName="executor://mstestadapter/v2" className="Kitpymes.Core.Shared.Tests.ApplicationBuilderExtensionsTests" name="ToService_Passing_Service_Not_Found_Returns_Null" />
    </UnitTest>
    <UnitTest name="IsEqual_Passing_InvalidArguments_Returns_HasErrorsAndCount" storage="d:\sferrari\01 - trabajo\repos\netcore\libs\template-netcore-shared\kitpymes.core.shared.tests\bin\release\net5.0\kitpymes.core.shared.tests.dll" id="d4b2e126-f698-4b08-be1d-7e6f3cce776b">
      <Execution id="e1f8c1b8-89be-471d-827a-9e78ce8649a3" />
      <TestMethod codeBase="D:\SFERRARI\01 - TRABAJO\repos\netcore\libs\template-netcore-shared\Kitpymes.Core.Shared.Tests\bin\Release\net5.0\Kitpymes.Core.Shared.Tests.dll" adapterTypeName="executor://mstestadapter/v2" className="Kitpymes.Core.Shared.Tests.CheckTests" name="IsEqual_Passing_InvalidArguments_Returns_HasErrorsAndCount" />
    </UnitTest>
    <UnitTest name="IsFile_Passing_InvalidArguments_Returns_HasErrorsAndCount" storage="d:\sferrari\01 - trabajo\repos\netcore\libs\template-netcore-shared\kitpymes.core.shared.tests\bin\release\net5.0\kitpymes.core.shared.tests.dll" id="f94b467d-0bdf-4a60-ad81-5a3dcd160dd0">
      <Execution id="4fff509a-2e65-46c9-ac3e-6a95f91fdee3" />
      <TestMethod codeBase="D:\SFERRARI\01 - TRABAJO\repos\netcore\libs\template-netcore-shared\Kitpymes.Core.Shared.Tests\bin\Release\net5.0\Kitpymes.Core.Shared.Tests.dll" adapterTypeName="executor://mstestadapter/v2" className="Kitpymes.Core.Shared.Tests.CheckTests" name="IsFile_Passing_InvalidArguments_Returns_HasErrorsAndCount" />
    </UnitTest>
    <UnitTest name="ToHashAlgorithmName_Passing_InvalidValueLowerCaseStringWithDefaultValue_Returns_DefaultValue (md5)" storage="d:\sferrari\01 - trabajo\repos\netcore\libs\template-netcore-shared\kitpymes.core.shared.tests\bin\release\net5.0\kitpymes.core.shared.tests.dll" id="ea1797c0-4e69-48e2-8172-4b8745028d0b">
      <Execution id="6bf95761-d15c-4cde-b461-0a6c1e8114c3" />
      <TestMethod codeBase="D:\SFERRARI\01 - TRABAJO\repos\netcore\libs\template-netcore-shared\Kitpymes.Core.Shared.Tests\bin\Release\net5.0\Kitpymes.Core.Shared.Tests.dll" adapterTypeName="executor://mstestadapter/v2" className="Kitpymes.Core.Shared.Tests.StringExtensionsTests" name="ToHashAlgorithmName_Passing_InvalidValueLowerCaseStringWithDefaultValue_Returns_DefaultValue" />
    </UnitTest>
    <UnitTest name="ResultOkData_WithData" storage="d:\sferrari\01 - trabajo\repos\netcore\libs\template-netcore-shared\kitpymes.core.shared.tests\bin\release\net5.0\kitpymes.core.shared.tests.dll" id="fd18625c-3436-435e-818a-c71b2fa25261">
      <Execution id="a6c588f8-0d84-423a-9c7b-92504e9f59c2" />
      <TestMethod codeBase="D:\SFERRARI\01 - TRABAJO\repos\netcore\libs\template-netcore-shared\Kitpymes.Core.Shared.Tests\bin\Release\net5.0\Kitpymes.Core.Shared.Tests.dll" adapterTypeName="executor://mstestadapter/v2" className="Kitpymes.Core.Shared.Tests.ResultTest" name="ResultOkData_WithData" />
    </UnitTest>
    <UnitTest name="IsUppercase_Passing_InvalidArguments_Returns_HasErrorsAndCount" storage="d:\sferrari\01 - trabajo\repos\netcore\libs\template-netcore-shared\kitpymes.core.shared.tests\bin\release\net5.0\kitpymes.core.shared.tests.dll" id="2d110c29-ee38-4cdc-99af-5e0d15a8d788">
      <Execution id="65b8cab6-e160-417a-98f6-f92c8938bc06" />
      <TestMethod codeBase="D:\SFERRARI\01 - TRABAJO\repos\netcore\libs\template-netcore-shared\Kitpymes.Core.Shared.Tests\bin\Release\net5.0\Kitpymes.Core.Shared.Tests.dll" adapterTypeName="executor://mstestadapter/v2" className="Kitpymes.Core.Shared.Tests.CheckTests" name="IsUppercase_Passing_InvalidArguments_Returns_HasErrorsAndCount" />
    </UnitTest>
    <UnitTest name="IsEspecialChars_Passing_InvalidArguments_Returns_HasErrorsAndCount" storage="d:\sferrari\01 - trabajo\repos\netcore\libs\template-netcore-shared\kitpymes.core.shared.tests\bin\release\net5.0\kitpymes.core.shared.tests.dll" id="6164f954-0db7-4247-8020-f96c2c5484cc">
      <Execution id="91f38066-1ad1-4628-bb66-631016eebe81" />
      <TestMethod codeBase="D:\SFERRARI\01 - TRABAJO\repos\netcore\libs\template-netcore-shared\Kitpymes.Core.Shared.Tests\bin\Release\net5.0\Kitpymes.Core.Shared.Tests.dll" adapterTypeName="executor://mstestadapter/v2" className="Kitpymes.Core.Shared.Tests.CheckTests" name="IsEspecialChars_Passing_InvalidArguments_Returns_HasErrorsAndCount" />
    </UnitTest>
    <UnitTest name="IsNullOrEmpty_Passing_InvalidArguments_Returns_HasErrorsAndCount" storage="d:\sferrari\01 - trabajo\repos\netcore\libs\template-netcore-shared\kitpymes.core.shared.tests\bin\release\net5.0\kitpymes.core.shared.tests.dll" id="4f2a0718-3d53-4ec6-af1f-0e71e2e90a50">
      <Execution id="a8d95edc-0edc-4a0b-b7ea-8ecc2e185c21" />
      <TestMethod codeBase="D:\SFERRARI\01 - TRABAJO\repos\netcore\libs\template-netcore-shared\Kitpymes.Core.Shared.Tests\bin\Release\net5.0\Kitpymes.Core.Shared.Tests.dll" adapterTypeName="executor://mstestadapter/v2" className="Kitpymes.Core.Shared.Tests.CheckTests" name="IsNullOrEmpty_Passing_InvalidArguments_Returns_HasErrorsAndCount" />
    </UnitTest>
    <UnitTest name="ToEmailMask_Passing_ValidEmail_Returns_EmailWithMask (qazwsxedc@gmail.com,q-------c@g----.com)" storage="d:\sferrari\01 - trabajo\repos\netcore\libs\template-netcore-shared\kitpymes.core.shared.tests\bin\release\net5.0\kitpymes.core.shared.tests.dll" id="7ff7919e-7ff5-4b60-a433-0d1d4b9ea050">
      <Execution id="4ea177b4-742d-4f6a-a459-dc108880299f" />
      <TestMethod codeBase="D:\SFERRARI\01 - TRABAJO\repos\netcore\libs\template-netcore-shared\Kitpymes.Core.Shared.Tests\bin\Release\net5.0\Kitpymes.Core.Shared.Tests.dll" adapterTypeName="executor://mstestadapter/v2" className="Kitpymes.Core.Shared.Tests.StringExtensionsTests" name="ToEmailMask_Passing_ValidEmail_Returns_EmailWithMask" />
    </UnitTest>
    <UnitTest name="ToIsWeekend_Passing_Sunday_DateTime_Returns_True" storage="d:\sferrari\01 - trabajo\repos\netcore\libs\template-netcore-shared\kitpymes.core.shared.tests\bin\release\net5.0\kitpymes.core.shared.tests.dll" id="744d9f06-be76-49c8-8f90-97d49093ece4">
      <Execution id="3f7f8970-7b4c-458c-a2dc-85046dc88009" />
      <TestMethod codeBase="D:\SFERRARI\01 - TRABAJO\repos\netcore\libs\template-netcore-shared\Kitpymes.Core.Shared.Tests\bin\Release\net5.0\Kitpymes.Core.Shared.Tests.dll" adapterTypeName="executor://mstestadapter/v2" className="Kitpymes.Core.Shared.Tests.DateTimeExtensionsTests" name="ToIsWeekend_Passing_Sunday_DateTime_Returns_True" />
    </UnitTest>
    <UnitTest name="ToInt_Passing_InvalidValueString_Returns_Null (999999439293294392492349329493294)" storage="d:\sferrari\01 - trabajo\repos\netcore\libs\template-netcore-shared\kitpymes.core.shared.tests\bin\release\net5.0\kitpymes.core.shared.tests.dll" id="68a64813-206f-41fe-90fe-76616e8f637a">
      <Execution id="948280ba-da56-4d60-9646-beb602703173" />
      <TestMethod codeBase="D:\SFERRARI\01 - TRABAJO\repos\netcore\libs\template-netcore-shared\Kitpymes.Core.Shared.Tests\bin\Release\net5.0\Kitpymes.Core.Shared.Tests.dll" adapterTypeName="executor://mstestadapter/v2" className="Kitpymes.Core.Shared.Tests.StringExtensionsTests" name="ToInt_Passing_InvalidValueString_Returns_Null" />
    </UnitTest>
    <UnitTest name="ToUri_Passing_InvalidValueString_Returns_DefaultValue (http://.)" storage="d:\sferrari\01 - trabajo\repos\netcore\libs\template-netcore-shared\kitpymes.core.shared.tests\bin\release\net5.0\kitpymes.core.shared.tests.dll" id="5650b327-dc8a-4dbc-b6b7-f4ec0f0691ff">
      <Execution id="a8e844b2-ed76-4819-b0f4-39bb25c42c71" />
      <TestMethod codeBase="D:\SFERRARI\01 - TRABAJO\repos\netcore\libs\template-netcore-shared\Kitpymes.Core.Shared.Tests\bin\Release\net5.0\Kitpymes.Core.Shared.Tests.dll" adapterTypeName="executor://mstestadapter/v2" className="Kitpymes.Core.Shared.Tests.StringExtensionsTests" name="ToUri_Passing_InvalidValueString_Returns_DefaultValue" />
    </UnitTest>
    <UnitTest name="ToEnvironment_ServiceCollection_Passing_Development_Enviroment_Returns_Development_Name" storage="d:\sferrari\01 - trabajo\repos\netcore\libs\template-netcore-shared\kitpymes.core.shared.tests\bin\release\net5.0\kitpymes.core.shared.tests.dll" id="a1ad8942-1ea0-44ff-a127-fa9a894a93e5">
      <Execution id="dbe30f1d-8338-459a-aa07-adce31c4148d" />
      <TestMethod codeBase="D:\SFERRARI\01 - TRABAJO\repos\netcore\libs\template-netcore-shared\Kitpymes.Core.Shared.Tests\bin\Release\net5.0\Kitpymes.Core.Shared.Tests.dll" adapterTypeName="executor://mstestadapter/v2" className="Kitpymes.Core.Shared.Tests.ConfigurationBuilderExtensionsTests" name="ToEnvironment_ServiceCollection_Passing_Development_Enviroment_Returns_Development_Name" />
    </UnitTest>
  </TestDefinitions>
  <TestEntries>
    <TestEntry testId="a132dca1-2a6f-4155-927b-e85bd4899dd4" executionId="02b50404-2227-4452-be70-8480258dfdc2" testListId="8c84fa94-04c1-424b-9868-57a2d4851a1d" />
    <TestEntry testId="be3757b8-e467-4c85-a13b-4eb226b672b6" executionId="1e306c76-0f12-4908-a01b-b7acc2f3ef71" testListId="8c84fa94-04c1-424b-9868-57a2d4851a1d" />
    <TestEntry testId="6c887523-20de-47da-891b-f98f3deeee33" executionId="c7829b97-34b5-4f7f-9006-92ae662ef2b3" testListId="8c84fa94-04c1-424b-9868-57a2d4851a1d" />
    <TestEntry testId="1c4bb1bc-64bf-4534-96d0-6322c0e9be1f" executionId="22bc8b31-987e-48ea-a44f-e4ac4c624ec8" testListId="8c84fa94-04c1-424b-9868-57a2d4851a1d" />
    <TestEntry testId="a29b037b-6e9f-4907-a543-c33c4f3d2d83" executionId="387776da-6051-45b2-871f-c50cac26fd76" testListId="8c84fa94-04c1-424b-9868-57a2d4851a1d" />
    <TestEntry testId="8c595e7b-7ccb-4da2-97a8-87665e26fb79" executionId="46026d70-ce22-410e-a45c-0b30088ed771" testListId="8c84fa94-04c1-424b-9868-57a2d4851a1d" />
    <TestEntry testId="d4b2e126-f698-4b08-be1d-7e6f3cce776b" executionId="e1f8c1b8-89be-471d-827a-9e78ce8649a3" testListId="8c84fa94-04c1-424b-9868-57a2d4851a1d" />
    <TestEntry testId="9a5cb905-5306-43e2-98ff-bfc074cd8691" executionId="9d384dbc-a64b-4f24-b434-cb29e48d8620" testListId="8c84fa94-04c1-424b-9868-57a2d4851a1d" />
    <TestEntry testId="9c94cbc3-5c89-4579-8234-ac366ac806ba" executionId="ba664a93-d834-4991-88a5-7c8c15850b30" testListId="8c84fa94-04c1-424b-9868-57a2d4851a1d" />
    <TestEntry testId="73a7e9cb-8cdc-40ca-9b3e-bc8d729c8553" executionId="7e16242f-f016-4251-95a8-3ad469f0b3ed" testListId="8c84fa94-04c1-424b-9868-57a2d4851a1d" />
    <TestEntry testId="84283ac1-dd06-4e58-bb98-5b5b9abb5d88" executionId="6ff4ec6d-379c-423d-87f2-c1315a72ad75" testListId="8c84fa94-04c1-424b-9868-57a2d4851a1d" />
    <TestEntry testId="32f5a31a-d4d2-4796-b0c6-d53ccb5e8bae" executionId="356743b1-2eb7-43de-b514-a02e15cf1ebe" testListId="8c84fa94-04c1-424b-9868-57a2d4851a1d" />
    <TestEntry testId="855da350-7d2e-41f0-8850-d676c1021722" executionId="0f97dbd9-a016-4a28-a24d-11f514c3c17d" testListId="8c84fa94-04c1-424b-9868-57a2d4851a1d" />
    <TestEntry testId="ba8dde33-6ad6-40e6-955f-52757ef19587" executionId="283c4127-45c9-42a4-9c45-a9a0f6a70c22" testListId="8c84fa94-04c1-424b-9868-57a2d4851a1d" />
    <TestEntry testId="91993220-d6a6-401b-84d6-1967fb46bfae" executionId="c6dea93b-1f61-4e5a-acc4-d237400217c6" testListId="8c84fa94-04c1-424b-9868-57a2d4851a1d" />
    <TestEntry testId="03110aa7-db4d-4aef-a4d0-28dee47d2214" executionId="7fbf0834-5b8a-453e-88ae-be8cecd330c5" testListId="8c84fa94-04c1-424b-9868-57a2d4851a1d" />
    <TestEntry testId="c4303a4c-b33a-4a6f-82a2-0670269987de" executionId="b7503340-e2b4-461e-b3ef-c087f4f5f456" testListId="8c84fa94-04c1-424b-9868-57a2d4851a1d" />
    <TestEntry testId="6e7cfa60-bdb2-409c-9882-c3c9e4971a5a" executionId="65485b2c-0618-41ce-bd28-56496883d1db" testListId="8c84fa94-04c1-424b-9868-57a2d4851a1d" />
    <TestEntry testId="c569088e-2549-4d5c-9a8b-bba148148f02" executionId="82faeda6-8f6c-4e1f-aaa2-dde7cd3794c7" testListId="8c84fa94-04c1-424b-9868-57a2d4851a1d" />
    <TestEntry testId="c14a6243-5355-4188-be29-3149dbe54158" executionId="6c0f9209-981f-48ab-8ef3-487003c7f218" testListId="8c84fa94-04c1-424b-9868-57a2d4851a1d" />
    <TestEntry testId="dc8ed7f1-96c9-4931-aeee-af685a50dbf6" executionId="e57d2822-040a-44b0-8563-b3cb479dd5c9" testListId="8c84fa94-04c1-424b-9868-57a2d4851a1d" />
    <TestEntry testId="c316c036-7f2a-4032-b087-87d01d5f6629" executionId="190ab022-5334-4072-9237-642b24d0f9bf" testListId="8c84fa94-04c1-424b-9868-57a2d4851a1d" />
    <TestEntry testId="be349c7f-d2fa-4572-b67d-cd79dc212272" executionId="f21e1036-455b-43bc-ab3b-3a25336b31a9" testListId="8c84fa94-04c1-424b-9868-57a2d4851a1d" />
    <TestEntry testId="3aec4198-9813-4d26-ad32-0483776b97c3" executionId="e9d4ccf1-5f41-47e5-8eea-2387e1eae6b6" testListId="8c84fa94-04c1-424b-9868-57a2d4851a1d" />
    <TestEntry testId="9bde25d1-ba8b-4314-8691-010b1e8f627c" executionId="b0bd02d3-978c-41f7-8459-103d817eb9d1" testListId="8c84fa94-04c1-424b-9868-57a2d4851a1d" />
    <TestEntry testId="aca991f6-ea87-4c4a-b2ce-922254399539" executionId="d7bb13e0-098c-4f1d-96b5-f6782bf659f7" testListId="8c84fa94-04c1-424b-9868-57a2d4851a1d" />
    <TestEntry testId="64ad69d7-aab8-4617-a035-5b58b68540be" executionId="4fa375e4-e255-47e8-9db0-501a4c31dc2e" testListId="8c84fa94-04c1-424b-9868-57a2d4851a1d" />
    <TestEntry testId="4b101d47-11e6-406c-9f95-327a11cc81b7" executionId="4487ea55-0527-4644-be47-c34cd0812c2c" testListId="8c84fa94-04c1-424b-9868-57a2d4851a1d" />
    <TestEntry testId="add31a17-c0f0-44c8-a2e9-78430e8c2e31" executionId="c0e5543e-9754-4b7f-ac49-f27509b5d6d0" testListId="8c84fa94-04c1-424b-9868-57a2d4851a1d" />
    <TestEntry testId="6fce1299-b5f9-4f55-adec-8328c6347f9c" executionId="2f9d4398-5c97-4618-8e84-881e9f3cb14d" testListId="8c84fa94-04c1-424b-9868-57a2d4851a1d" />
    <TestEntry testId="7cbf6213-6839-403e-8e73-4f9aa188c498" executionId="c4551f7c-0469-4026-9f19-3f2b49c09ef0" testListId="8c84fa94-04c1-424b-9868-57a2d4851a1d" />
    <TestEntry testId="e2de0433-b36d-4be8-b51c-59fbc50660c7" executionId="7c987000-47bf-4dc1-9808-0c5b25cf5ba3" testListId="8c84fa94-04c1-424b-9868-57a2d4851a1d" />
    <TestEntry testId="66b7672c-87e8-4cfa-b981-0c2d8ca8cc99" executionId="7964245c-410f-4c2b-8a98-59305ff3a38b" testListId="8c84fa94-04c1-424b-9868-57a2d4851a1d" />
    <TestEntry testId="c41d3f8f-4b3a-463a-9417-694c6262c658" executionId="be2db38e-30d0-4bb1-aa9a-2ce07a52a64f" testListId="8c84fa94-04c1-424b-9868-57a2d4851a1d" />
    <TestEntry testId="134ca00c-4a81-49a6-a463-5ddfd418ba82" executionId="7b318e6a-baba-4538-9bc2-7a6031ed7384" testListId="8c84fa94-04c1-424b-9868-57a2d4851a1d" />
    <TestEntry testId="d259c2a7-03fd-4568-83b4-2909dc4d673a" executionId="d47f8718-10e0-4ff6-93d5-bfd3eeb7ec20" testListId="8c84fa94-04c1-424b-9868-57a2d4851a1d" />
    <TestEntry testId="36eb8cac-c2cc-4b97-8fd8-953fda66b10b" executionId="16e8e9f4-ae9c-43f3-b773-5b02ece1a8ee" testListId="8c84fa94-04c1-424b-9868-57a2d4851a1d" />
    <TestEntry testId="a9f90029-ac57-4b9e-86b5-d4f98fb471c7" executionId="62086630-dddc-4e2a-b5d0-aaa84336d29c" testListId="8c84fa94-04c1-424b-9868-57a2d4851a1d" />
    <TestEntry testId="c0d1114c-61fb-4ef1-a80c-12ee10f70b4d" executionId="c6e6a369-809a-4dba-96f8-b74844612570" testListId="8c84fa94-04c1-424b-9868-57a2d4851a1d" />
    <TestEntry testId="67732d31-407c-48f1-89fd-5514287a5322" executionId="f9ef83ff-db60-4675-ae7f-91d83516ef48" testListId="8c84fa94-04c1-424b-9868-57a2d4851a1d" />
    <TestEntry testId="9f98ef55-d92c-403f-8c64-25faf1bc0894" executionId="63f26151-ad75-469f-85b2-6100c172e39a" testListId="8c84fa94-04c1-424b-9868-57a2d4851a1d" />
    <TestEntry testId="ee179d40-2f44-46f5-b695-d3c80b04f7f3" executionId="a5279740-602f-4a70-b2c8-f8bbc8c2efb4" testListId="8c84fa94-04c1-424b-9868-57a2d4851a1d" />
    <TestEntry testId="01753f1c-609b-4bbe-bb58-58e6a58aaba3" executionId="cfe072d5-1175-4d86-be8f-4d52a52ace25" testListId="8c84fa94-04c1-424b-9868-57a2d4851a1d" />
    <TestEntry testId="d34f7769-39f7-4802-aa58-5624a82759b2" executionId="95f9cf16-b342-4109-94ea-17e4a317fd39" testListId="8c84fa94-04c1-424b-9868-57a2d4851a1d" />
    <TestEntry testId="32c5df81-4a43-441c-ad6f-4b237d163098" executionId="ed59e110-ac48-49da-b32d-359e5b6714e9" testListId="8c84fa94-04c1-424b-9868-57a2d4851a1d" />
    <TestEntry testId="da6ef1c7-6833-40f5-8f3e-2d8f2f0972e0" executionId="3daa5f24-d03c-4f2d-99b6-64311c7667cd" testListId="8c84fa94-04c1-424b-9868-57a2d4851a1d" />
    <TestEntry testId="6fbe0a35-7379-451d-a7c3-bf35c22c8ac1" executionId="c67a357c-f3c0-47d6-ac3c-72ba1d7a2278" testListId="8c84fa94-04c1-424b-9868-57a2d4851a1d" />
    <TestEntry testId="f94b467d-0bdf-4a60-ad81-5a3dcd160dd0" executionId="4fff509a-2e65-46c9-ac3e-6a95f91fdee3" testListId="8c84fa94-04c1-424b-9868-57a2d4851a1d" />
    <TestEntry testId="f86453fd-071b-4d58-b8a5-7b60cf888ab5" executionId="b19d507c-7758-4ffc-b6d4-b2b92d53e7be" testListId="8c84fa94-04c1-424b-9868-57a2d4851a1d" />
    <TestEntry testId="e1a125f8-3dcf-4b4d-88be-89225dbf9cae" executionId="8abe2a71-a376-45a1-8fba-d6ff7e52e0d9" testListId="8c84fa94-04c1-424b-9868-57a2d4851a1d" />
    <TestEntry testId="cd9c9cb8-4643-40b9-9a76-41701b4a022d" executionId="aa64dbc0-7208-4728-b0d0-ac99010f78a4" testListId="8c84fa94-04c1-424b-9868-57a2d4851a1d" />
    <TestEntry testId="af9258ec-3488-4d26-8695-416f9fb214a8" executionId="89c3cd74-6509-49c2-8752-b2c04e95000f" testListId="8c84fa94-04c1-424b-9868-57a2d4851a1d" />
    <TestEntry testId="5937702c-02be-481f-a5c9-4426b552f83c" executionId="2c3d7145-1d67-4d23-81ec-79a3f5872416" testListId="8c84fa94-04c1-424b-9868-57a2d4851a1d" />
    <TestEntry testId="ac743821-9b33-4595-9ac7-a104a1572b23" executionId="1daf694a-9be5-438c-8551-a6e24218b9ee" testListId="8c84fa94-04c1-424b-9868-57a2d4851a1d" />
    <TestEntry testId="697d3b4f-1286-4532-9817-6a967e39521c" executionId="f0ab1842-3c55-42da-be35-32d22db35b05" testListId="8c84fa94-04c1-424b-9868-57a2d4851a1d" />
    <TestEntry testId="6aca1cdf-4b53-413a-9e60-be39ffb14266" executionId="f8229bbb-8888-4fc5-8be4-b6a46aed45bc" testListId="8c84fa94-04c1-424b-9868-57a2d4851a1d" />
    <TestEntry testId="23f5c778-725b-44ec-ace5-8c8d807e2f0e" executionId="443f6e29-7317-43de-9dff-1e607c63514f" testListId="8c84fa94-04c1-424b-9868-57a2d4851a1d" />
    <TestEntry testId="77acd0bc-ef75-46ac-a941-667bef6b39c7" executionId="ad369e54-69bc-445e-bc58-163232031088" testListId="8c84fa94-04c1-424b-9868-57a2d4851a1d" />
    <TestEntry testId="3162843c-97b6-4269-8827-bd002a9611af" executionId="5dfba6ec-ff12-4681-9bb3-bc683748cb58" testListId="8c84fa94-04c1-424b-9868-57a2d4851a1d" />
    <TestEntry testId="9dbf2c98-9343-4fbd-86e3-9b28ff061a46" executionId="1450a45c-5f48-45b4-aeba-5586bb8a2978" testListId="8c84fa94-04c1-424b-9868-57a2d4851a1d" />
    <TestEntry testId="7d6cefd4-8496-4aa4-863e-f197949b756a" executionId="3eacbdf7-3f96-46ff-a91b-286d84fa777c" testListId="8c84fa94-04c1-424b-9868-57a2d4851a1d" />
    <TestEntry testId="53a07542-5285-4faf-96a2-112ece0b08d1" executionId="ca3470a1-c455-4532-882e-b0276df2a4f0" testListId="8c84fa94-04c1-424b-9868-57a2d4851a1d" />
    <TestEntry testId="ef8cd16b-aa5b-49d5-a833-c47db4ad8641" executionId="94ebed9c-8214-40dd-b130-5c3292f3c1f2" testListId="8c84fa94-04c1-424b-9868-57a2d4851a1d" />
    <TestEntry testId="f69e5d8c-d74a-4453-94ac-364b9e1c54db" executionId="2275b495-78bf-4a75-9790-b63f68398f7f" testListId="8c84fa94-04c1-424b-9868-57a2d4851a1d" />
    <TestEntry testId="62a022d1-ca95-4566-899f-2cc49db6e496" executionId="71e95416-ea86-48ad-b15d-64235fce930c" testListId="8c84fa94-04c1-424b-9868-57a2d4851a1d" />
    <TestEntry testId="3a8d2253-8e8f-415a-9dde-f4127f9ced88" executionId="3680cd48-ae17-4f26-bfd8-8c3f9b17b3ad" testListId="8c84fa94-04c1-424b-9868-57a2d4851a1d" />
    <TestEntry testId="30f992d6-68d5-491e-864d-c28a895d6e0f" executionId="e375c890-147f-4988-8288-594f8eb03183" testListId="8c84fa94-04c1-424b-9868-57a2d4851a1d" />
    <TestEntry testId="2b4db5a3-38f4-4aaa-a313-47f23481a1f4" executionId="80ca30ad-78a9-4fcb-835f-1da0581a6dd3" testListId="8c84fa94-04c1-424b-9868-57a2d4851a1d" />
    <TestEntry testId="543b9e63-a32f-468d-982f-ad1bd1396ab8" executionId="85a06c79-3c69-4188-ab6a-a1f82359fe54" testListId="8c84fa94-04c1-424b-9868-57a2d4851a1d" />
    <TestEntry testId="8dd52aa3-14a4-4f07-a52d-7710a07d453f" executionId="442f78a4-bc69-49ec-80e1-8fee04c3b814" testListId="8c84fa94-04c1-424b-9868-57a2d4851a1d" />
    <TestEntry testId="b42c7681-50cd-4b0c-bbd6-9b82424c45cf" executionId="fe64f1e7-e294-49d3-8563-cdf387f993b5" testListId="8c84fa94-04c1-424b-9868-57a2d4851a1d" />
    <TestEntry testId="be7d160e-1be5-4469-92e2-80ea2c9adaad" executionId="5ce7f462-ec2c-48ae-9c9c-026e0b37778c" testListId="8c84fa94-04c1-424b-9868-57a2d4851a1d" />
    <TestEntry testId="70930bdc-e53e-4335-bb0a-73cec052bb92" executionId="dc2f97b6-f699-4e18-85c7-3657ff3b7bc2" testListId="8c84fa94-04c1-424b-9868-57a2d4851a1d" />
    <TestEntry testId="72145471-8676-42ab-9a96-12a75d4244c7" executionId="797db964-7f4e-4cdf-8065-67e92f07518c" testListId="8c84fa94-04c1-424b-9868-57a2d4851a1d" />
    <TestEntry testId="77be357c-3d44-4546-9937-254e0b95dec6" executionId="922a22dc-e308-4d4c-8848-13013641afe9" testListId="8c84fa94-04c1-424b-9868-57a2d4851a1d" />
    <TestEntry testId="fd18625c-3436-435e-818a-c71b2fa25261" executionId="a6c588f8-0d84-423a-9c7b-92504e9f59c2" testListId="8c84fa94-04c1-424b-9868-57a2d4851a1d" />
    <TestEntry testId="85de4e78-7e9e-44be-818e-2061d6ea6786" executionId="91a2c4d7-4c30-4457-b0ff-33b274cd870a" testListId="8c84fa94-04c1-424b-9868-57a2d4851a1d" />
    <TestEntry testId="47b87ad2-3dba-458b-bbb7-63cd08f3c639" executionId="ed38e278-2b80-461f-aa99-c32d54023862" testListId="8c84fa94-04c1-424b-9868-57a2d4851a1d" />
    <TestEntry testId="4b6d1532-a601-4948-81c8-12f5985d0ad8" executionId="4ce35fae-63c7-48ef-b328-ee9867a9c3c9" testListId="8c84fa94-04c1-424b-9868-57a2d4851a1d" />
    <TestEntry testId="e5376c06-c933-4939-8043-74853ef51fde" executionId="b99474a1-0228-4d7f-863d-d8b7eb8f2306" testListId="8c84fa94-04c1-424b-9868-57a2d4851a1d" />
    <TestEntry testId="edf4c766-76b3-4928-82a9-679c29eff62a" executionId="acb8ae85-c188-43dd-abc1-bfca420cf298" testListId="8c84fa94-04c1-424b-9868-57a2d4851a1d" />
    <TestEntry testId="4308f922-ceef-4679-a463-21355a12946a" executionId="22f3b6eb-4e7f-4796-a7a2-742355376871" testListId="8c84fa94-04c1-424b-9868-57a2d4851a1d" />
    <TestEntry testId="a6e47aff-2a64-4af6-82b4-058926f1ed0a" executionId="1d160bda-be0d-4f9d-8960-c6d9f94151eb" testListId="8c84fa94-04c1-424b-9868-57a2d4851a1d" />
    <TestEntry testId="01d47142-552d-448f-8010-76ae0b712836" executionId="92b47716-d0ac-4d7b-b979-9fdb7ade446b" testListId="8c84fa94-04c1-424b-9868-57a2d4851a1d" />
    <TestEntry testId="cfef92cb-a2d2-42c6-871b-ad0f74c2b369" executionId="7302f40c-14af-433f-8fa1-3c2a8f444bd7" testListId="8c84fa94-04c1-424b-9868-57a2d4851a1d" />
    <TestEntry testId="3f7d0f88-2a59-44b6-a4ac-d81184313a1d" executionId="588a73e4-9049-46d4-b4c7-d4df35ea1193" testListId="8c84fa94-04c1-424b-9868-57a2d4851a1d" />
    <TestEntry testId="ae5fa115-d85e-424e-a501-88febb9a17dc" executionId="42fe953d-4d22-4aef-9e37-67e449654b4b" testListId="8c84fa94-04c1-424b-9868-57a2d4851a1d" />
    <TestEntry testId="45978d16-6af5-4b94-a131-37c12d64d7c8" executionId="adce8956-ccf5-412a-9ff1-6addafb650d4" testListId="8c84fa94-04c1-424b-9868-57a2d4851a1d" />
    <TestEntry testId="6c55c953-f2e8-4d80-ad23-0b8646b4966c" executionId="e2a988be-f2d1-447d-8a40-14c82599c4f7" testListId="8c84fa94-04c1-424b-9868-57a2d4851a1d" />
    <TestEntry testId="a63cc555-8625-4722-bc71-0706cd3afdaa" executionId="6c2d6e67-d41f-47f7-9c3e-10f13a8aa83b" testListId="8c84fa94-04c1-424b-9868-57a2d4851a1d" />
    <TestEntry testId="0c9f1e5a-25d7-48af-af8d-ea01961c6fca" executionId="5bf31fd3-7e6b-48c0-bef4-0dd3ce808250" testListId="8c84fa94-04c1-424b-9868-57a2d4851a1d" />
    <TestEntry testId="2265971f-c8ca-467b-af07-4cac9f10884e" executionId="26c4e71d-77ea-495f-a189-22c80211acd4" testListId="8c84fa94-04c1-424b-9868-57a2d4851a1d" />
    <TestEntry testId="6435593b-f5fb-4675-a438-c8a5c66a159b" executionId="e7dd3432-9ce0-4aed-8513-7f7ebd39c19a" testListId="8c84fa94-04c1-424b-9868-57a2d4851a1d" />
    <TestEntry testId="70d8421d-fc70-4d7f-a836-8a08228ad41f" executionId="e4808e50-520c-46ef-9a83-a80be889f1df" testListId="8c84fa94-04c1-424b-9868-57a2d4851a1d" />
    <TestEntry testId="2e48ae81-20d8-4c6b-a9b8-eece8242ed38" executionId="75a105e4-da90-4e6c-830e-a65d7e79b18e" testListId="8c84fa94-04c1-424b-9868-57a2d4851a1d" />
    <TestEntry testId="eafbb224-6c2c-4c2c-8fdc-bc837a5218c6" executionId="80df82c9-9113-482e-9c83-944ae53f2568" testListId="8c84fa94-04c1-424b-9868-57a2d4851a1d" />
    <TestEntry testId="389df847-209a-4640-9d38-fd8790fc52b4" executionId="faf2112a-ddcf-4764-8692-e829f7e03800" testListId="8c84fa94-04c1-424b-9868-57a2d4851a1d" />
    <TestEntry testId="6ae93605-e274-4ed5-9e51-f75c808e368a" executionId="1dbd4580-74a3-43e7-89fe-d1b9095e6ecb" testListId="8c84fa94-04c1-424b-9868-57a2d4851a1d" />
    <TestEntry testId="0e0506fc-ab00-4be2-aa8e-91cc12810e02" executionId="2c2ff8ff-e6ad-4ea7-b853-f61fe357b81d" testListId="8c84fa94-04c1-424b-9868-57a2d4851a1d" />
    <TestEntry testId="de033a32-ad79-469c-9996-f0ba3b9cd0e1" executionId="fbcdcf5a-cb73-4463-94e7-1ed08f0b692a" testListId="8c84fa94-04c1-424b-9868-57a2d4851a1d" />
    <TestEntry testId="75364752-a38d-42a0-be05-a7e1ba6d602b" executionId="aebdc316-dc6a-4fc2-83dd-1d4992ef9429" testListId="8c84fa94-04c1-424b-9868-57a2d4851a1d" />
    <TestEntry testId="61094a7e-1e84-402c-a045-c0d7891b9e25" executionId="56a7a2be-2ae1-48c4-8ba6-9e998707ffc3" testListId="8c84fa94-04c1-424b-9868-57a2d4851a1d" />
    <TestEntry testId="95ed7b1a-0be3-4a8f-b28b-4478b30aa922" executionId="675cee5e-0bbe-490f-9fc7-c8c06c8a62e3" testListId="8c84fa94-04c1-424b-9868-57a2d4851a1d" />
    <TestEntry testId="660f931f-28f3-4b89-ba70-e37189f13235" executionId="4f2f3718-1265-4371-871a-4fb2a371a6bb" testListId="8c84fa94-04c1-424b-9868-57a2d4851a1d" />
    <TestEntry testId="d6f00f73-25bd-4a76-a3e8-1fd3a29edab2" executionId="684aa21a-2fb2-4103-b4a2-e38079d5eb58" testListId="8c84fa94-04c1-424b-9868-57a2d4851a1d" />
    <TestEntry testId="f1434d98-440e-4a65-8960-5f65c75ff4ee" executionId="e58c9aab-2986-41f0-b01a-92e00e4c58d1" testListId="8c84fa94-04c1-424b-9868-57a2d4851a1d" />
    <TestEntry testId="f091d569-a179-4fa0-9f53-34ec3f72d293" executionId="ec5fc448-2aba-4fa1-aef7-62e652096c08" testListId="8c84fa94-04c1-424b-9868-57a2d4851a1d" />
    <TestEntry testId="18f9fa86-be71-483e-b9fb-1227aa9d9aa5" executionId="609bc989-b253-4a7c-9744-ea49d6549a02" testListId="8c84fa94-04c1-424b-9868-57a2d4851a1d" />
    <TestEntry testId="f6e466f8-9c27-4825-b54f-e5ff93bf866c" executionId="a0bc4cab-afb9-4ef9-8985-79990458e661" testListId="8c84fa94-04c1-424b-9868-57a2d4851a1d" />
    <TestEntry testId="7f7b11ab-8018-4892-89c5-d760d0107fae" executionId="4880e3fd-652d-42cb-aeec-ea2f8bc1885e" testListId="8c84fa94-04c1-424b-9868-57a2d4851a1d" />
    <TestEntry testId="a45a1b29-7567-43fb-a435-acdc1d176086" executionId="d747412a-bee4-4e69-910d-10b6206af3d9" testListId="8c84fa94-04c1-424b-9868-57a2d4851a1d" />
    <TestEntry testId="194b21cf-bc94-455b-b729-e1a12f33a9cd" executionId="66f991b5-1a50-490b-b383-69e33b6faff5" testListId="8c84fa94-04c1-424b-9868-57a2d4851a1d" />
    <TestEntry testId="d79bb087-7714-407d-99a1-a347677e946c" executionId="3e44f756-e820-4f28-8fa9-61006d0bfeed" testListId="8c84fa94-04c1-424b-9868-57a2d4851a1d" />
    <TestEntry testId="77eff399-376d-49e9-bb60-18ae9cc8e155" executionId="08bb93c0-80a7-4513-9b14-c4c1f129fb13" testListId="8c84fa94-04c1-424b-9868-57a2d4851a1d" />
    <TestEntry testId="a1cbfb2e-d8ee-4924-9eb8-f3908f1ebe43" executionId="6986bfa9-270f-482a-aaa8-4c019c64806d" testListId="8c84fa94-04c1-424b-9868-57a2d4851a1d" />
    <TestEntry testId="062f8bce-494f-4352-95e7-47028ac41113" executionId="784541a2-5cd6-44a3-a15f-b894c0a0f79e" testListId="8c84fa94-04c1-424b-9868-57a2d4851a1d" />
    <TestEntry testId="f44eb6e4-9ecb-4424-b6b4-f49e7a02f500" executionId="60345286-d848-4082-8856-6c56471a67e6" testListId="8c84fa94-04c1-424b-9868-57a2d4851a1d" />
    <TestEntry testId="db336488-a657-480e-9c7f-9660fd9d2b56" executionId="62156ceb-e27d-4f86-a54e-30ab73a0d52d" testListId="8c84fa94-04c1-424b-9868-57a2d4851a1d" />
    <TestEntry testId="0f641696-53a3-4227-8b3d-bc5d9274d5b4" executionId="bc404282-98e7-4dc5-b3b3-8256f5a830b6" testListId="8c84fa94-04c1-424b-9868-57a2d4851a1d" />
    <TestEntry testId="0b1990d7-3068-45c1-95e1-1327e31451b7" executionId="118306d7-d326-4ced-aaa2-972615168c52" testListId="8c84fa94-04c1-424b-9868-57a2d4851a1d" />
    <TestEntry testId="3396c98f-418c-4e3b-baa2-72bb33e22c8b" executionId="5c07757c-83ef-4258-ac0b-7722a624b7af" testListId="8c84fa94-04c1-424b-9868-57a2d4851a1d" />
    <TestEntry testId="385093b9-e22b-4cc2-8d06-7a357c159dfc" executionId="c9f779ae-e633-42cd-8005-8050bce692c7" testListId="8c84fa94-04c1-424b-9868-57a2d4851a1d" />
    <TestEntry testId="3c44f626-edc1-41d2-956a-d5cab90de817" executionId="4c0e979c-9986-4bd5-95ba-2e68422e2fd6" testListId="8c84fa94-04c1-424b-9868-57a2d4851a1d" />
    <TestEntry testId="63fec161-d9b8-48fc-9020-e584528ec325" executionId="f99902ca-94c6-4767-8ca5-b21b841a05d3" testListId="8c84fa94-04c1-424b-9868-57a2d4851a1d" />
    <TestEntry testId="9ae42e68-bcbe-4b9b-81a1-a9f11cdd0419" executionId="8731caee-493c-48fb-a082-8583095b9d90" testListId="8c84fa94-04c1-424b-9868-57a2d4851a1d" />
    <TestEntry testId="7e919be3-fbbd-415b-bddc-3bb991d49bae" executionId="f330cc74-e268-44fc-8053-6a0a445a16c3" testListId="8c84fa94-04c1-424b-9868-57a2d4851a1d" />
    <TestEntry testId="4a51ee7d-f1a8-405d-9900-91e8c4f1e625" executionId="bc4f04f6-6893-463e-8fe3-5fc14b53e6ef" testListId="8c84fa94-04c1-424b-9868-57a2d4851a1d" />
    <TestEntry testId="762c91c5-c622-4136-bf00-c8726088de24" executionId="7bb76204-1063-4ec9-9797-391aed1467f3" testListId="8c84fa94-04c1-424b-9868-57a2d4851a1d" />
    <TestEntry testId="c4ed0bd2-258d-40bb-8b48-cda6f0b72670" executionId="9d4ac4aa-baea-46f4-999f-3a7bcf0b7a1c" testListId="8c84fa94-04c1-424b-9868-57a2d4851a1d" />
    <TestEntry testId="d3a44048-6509-40af-9e9c-f2bddebb9570" executionId="31228f38-ceef-4980-99ab-ac7c6bb85e45" testListId="8c84fa94-04c1-424b-9868-57a2d4851a1d" />
    <TestEntry testId="f52f5164-1ec9-414f-bf6b-49802c9871ff" executionId="45332376-8a40-484d-bc93-4e5eac80fcb7" testListId="8c84fa94-04c1-424b-9868-57a2d4851a1d" />
    <TestEntry testId="007b6139-2126-4868-89bf-981cd558f0e5" executionId="11b34577-d884-4041-97df-2aaba5d228b2" testListId="8c84fa94-04c1-424b-9868-57a2d4851a1d" />
    <TestEntry testId="c9b64c47-a494-4a96-bfd4-3594dc7dae28" executionId="9666f1f7-42db-4d8a-82cc-e6bf54f67620" testListId="8c84fa94-04c1-424b-9868-57a2d4851a1d" />
    <TestEntry testId="3bdb6e10-fc93-4d5c-a170-2356753e67ff" executionId="00b450d0-6fe1-4a31-a79e-e541a11ff7d5" testListId="8c84fa94-04c1-424b-9868-57a2d4851a1d" />
    <TestEntry testId="6d2faa13-9e4b-4709-bdb6-040b22b7e99f" executionId="56349651-29a9-4c43-839e-99adad470a00" testListId="8c84fa94-04c1-424b-9868-57a2d4851a1d" />
    <TestEntry testId="f3ce649e-86ff-4978-8059-ce211c023ade" executionId="2c576b8c-7c99-44a6-8ff5-4e3d7827ff8d" testListId="8c84fa94-04c1-424b-9868-57a2d4851a1d" />
    <TestEntry testId="8a0c5807-9b5e-4bdb-9970-2cf225f9c03c" executionId="d2861aca-6f67-4851-b88b-05b317c6df34" testListId="8c84fa94-04c1-424b-9868-57a2d4851a1d" />
    <TestEntry testId="6e86de31-888b-48c6-97cb-04bb52ff16aa" executionId="ee4802a8-52f7-4350-84e8-0ce0ee78bbf2" testListId="8c84fa94-04c1-424b-9868-57a2d4851a1d" />
    <TestEntry testId="790f04c7-f498-49f1-9abd-b6b36320e4c2" executionId="3c078ceb-fa5b-4bf1-aa64-43fbcb56b432" testListId="8c84fa94-04c1-424b-9868-57a2d4851a1d" />
    <TestEntry testId="62ddec56-9151-440a-86ed-4431d35b6011" executionId="638a3cca-0a3b-4265-858b-88aebaca735b" testListId="8c84fa94-04c1-424b-9868-57a2d4851a1d" />
    <TestEntry testId="d9f98f47-7982-4ef3-9392-5269b80273cf" executionId="04793f9d-1d90-40de-94a9-70daf3b0d986" testListId="8c84fa94-04c1-424b-9868-57a2d4851a1d" />
    <TestEntry testId="eb48691e-9054-4c11-b108-bc19f269a43a" executionId="6437af62-c8c7-4e77-82b8-13d50ba3f264" testListId="8c84fa94-04c1-424b-9868-57a2d4851a1d" />
    <TestEntry testId="f26a2e9e-b268-4f28-b2e9-da53be99c11e" executionId="f96a0f82-74ff-4fdb-8f73-e5c150ea011e" testListId="8c84fa94-04c1-424b-9868-57a2d4851a1d" />
    <TestEntry testId="b95c8a6f-75e8-4fb6-8d3d-d7ef5813b33f" executionId="30e8d248-7b26-431b-a350-6d1a252bd466" testListId="8c84fa94-04c1-424b-9868-57a2d4851a1d" />
    <TestEntry testId="c25171e7-1b39-4701-9bce-d2d47e64154c" executionId="811773dd-f048-4a04-8daa-7d11a3b0337f" testListId="8c84fa94-04c1-424b-9868-57a2d4851a1d" />
    <TestEntry testId="77561c1d-d5ea-4264-8942-06093b9e804c" executionId="fc3a9ad7-0f3c-4f10-a2d2-bc87e87cc8d1" testListId="8c84fa94-04c1-424b-9868-57a2d4851a1d" />
    <TestEntry testId="ce15d2a9-3349-495f-a499-adb9c9f17b36" executionId="4bcf1c38-76a6-4a86-aeb4-6ff810dfe8aa" testListId="8c84fa94-04c1-424b-9868-57a2d4851a1d" />
    <TestEntry testId="6e053220-32c5-4e53-a4a3-7f526a0f79f1" executionId="485e7c6f-d2b8-401b-832f-4b307c5571e5" testListId="8c84fa94-04c1-424b-9868-57a2d4851a1d" />
    <TestEntry testId="c88dc83e-1d74-4bcc-9a36-2831b13244e5" executionId="7a1ac33e-8ba6-4e85-a4ee-1bd1a1b300f8" testListId="8c84fa94-04c1-424b-9868-57a2d4851a1d" />
    <TestEntry testId="162683e3-bb80-46b1-a914-db3cfc420b57" executionId="4f59a255-592c-463a-bec8-87dd8a340ad5" testListId="8c84fa94-04c1-424b-9868-57a2d4851a1d" />
    <TestEntry testId="70fa3505-5fb0-4ea4-a49a-249a59241515" executionId="5351005b-9662-4a12-a600-4ec59a3c94ec" testListId="8c84fa94-04c1-424b-9868-57a2d4851a1d" />
    <TestEntry testId="864f6782-d037-471b-adb2-056aebd48bd6" executionId="4d6f53ec-4bae-4bbb-84cf-c0295fe2f66a" testListId="8c84fa94-04c1-424b-9868-57a2d4851a1d" />
    <TestEntry testId="eddb6e90-2da3-43b4-83b6-a101e9e63d67" executionId="84d7b7ab-7972-48e2-b898-5bfbf90d819b" testListId="8c84fa94-04c1-424b-9868-57a2d4851a1d" />
    <TestEntry testId="5ae9e30b-5e75-4fc3-85a1-270d34dc0b2e" executionId="bd0ee493-1cce-40bd-86b9-98a9ecee6bbc" testListId="8c84fa94-04c1-424b-9868-57a2d4851a1d" />
    <TestEntry testId="a809cd46-526b-45a1-85a0-e3daea25da83" executionId="30bcc1e5-b6ce-45af-87c8-e5ebddca24e4" testListId="8c84fa94-04c1-424b-9868-57a2d4851a1d" />
    <TestEntry testId="3c6ce9d3-cf76-4750-97b2-a588132c541d" executionId="5364a38c-6c2c-405c-ac07-fe89b909935d" testListId="8c84fa94-04c1-424b-9868-57a2d4851a1d" />
    <TestEntry testId="d374fa7b-79f6-4102-bb89-47f881bd9cc8" executionId="fdf4d6dc-f41c-4fe0-b133-ccbcbf222d0e" testListId="8c84fa94-04c1-424b-9868-57a2d4851a1d" />
    <TestEntry testId="6d7c8963-3d8b-4502-8883-bc2c35014e34" executionId="eb926a35-0177-4a5e-97d3-c98dd8b5d939" testListId="8c84fa94-04c1-424b-9868-57a2d4851a1d" />
    <TestEntry testId="6e7f7ebc-dd96-42c1-b507-203e3bb19f11" executionId="a75509ab-e770-4559-9f7d-1ee16e5f2154" testListId="8c84fa94-04c1-424b-9868-57a2d4851a1d" />
    <TestEntry testId="7abbe76e-7cf8-4f7a-bca5-7ca07754711f" executionId="2d2de9e5-75d5-4335-a5ae-5ad5d572f5af" testListId="8c84fa94-04c1-424b-9868-57a2d4851a1d" />
    <TestEntry testId="28b9dd56-1b14-424c-a77c-43094914366d" executionId="8b3c6cfa-94ce-4af4-b2fe-ce6498784dc7" testListId="8c84fa94-04c1-424b-9868-57a2d4851a1d" />
    <TestEntry testId="63d95f02-6d37-43d3-a501-3320d2c263ca" executionId="77e0de97-3fc3-40ca-a746-f35b9fe366ef" testListId="8c84fa94-04c1-424b-9868-57a2d4851a1d" />
    <TestEntry testId="b30f0743-b44c-4658-bb7d-a6bfbdb55fd2" executionId="aa9fdd9c-4386-4b98-948c-710b139bad14" testListId="8c84fa94-04c1-424b-9868-57a2d4851a1d" />
    <TestEntry testId="9f24c8ff-dea8-42ac-b818-55ddb42c8405" executionId="ea1ffa18-758f-4163-8465-3b31ac4c64a3" testListId="8c84fa94-04c1-424b-9868-57a2d4851a1d" />
    <TestEntry testId="1b07e3d8-13f3-457a-abca-07acba73d57b" executionId="c168b39e-5c38-46c8-a988-149ed77e5dd6" testListId="8c84fa94-04c1-424b-9868-57a2d4851a1d" />
    <TestEntry testId="21217ca4-6d75-474b-8473-e280f7bf1bf5" executionId="5ef70bd4-0a72-455c-8b2a-aa5047453c8e" testListId="8c84fa94-04c1-424b-9868-57a2d4851a1d" />
    <TestEntry testId="c8d0dcf2-f3e8-4eb9-86e4-68e0cf46c9b1" executionId="b336e9ed-b025-4466-b1ee-73c57038fd3f" testListId="8c84fa94-04c1-424b-9868-57a2d4851a1d" />
    <TestEntry testId="6518c39b-7d95-4d97-a78c-77f1d2b6c680" executionId="6b8fac87-4416-44f2-8de7-2b839f7a1054" testListId="8c84fa94-04c1-424b-9868-57a2d4851a1d" />
    <TestEntry testId="a4420a77-7352-412e-a2b3-9cc1ad5d2a39" executionId="376da4b8-25e0-412e-a1a8-63226a89f6a0" testListId="8c84fa94-04c1-424b-9868-57a2d4851a1d" />
    <TestEntry testId="649a862a-143f-4606-9dac-fb155529a652" executionId="e4bfd974-b664-4f62-bd10-910a3b92e39a" testListId="8c84fa94-04c1-424b-9868-57a2d4851a1d" />
    <TestEntry testId="6164f954-0db7-4247-8020-f96c2c5484cc" executionId="91f38066-1ad1-4628-bb66-631016eebe81" testListId="8c84fa94-04c1-424b-9868-57a2d4851a1d" />
    <TestEntry testId="fa3f4303-742f-4d93-a065-ceb77a9e44da" executionId="61ed4a90-6102-478c-83c1-8cd04fbe5cc2" testListId="8c84fa94-04c1-424b-9868-57a2d4851a1d" />
    <TestEntry testId="ac570dd7-c18a-4328-a5ce-8a16d680b8ca" executionId="9483c781-38aa-4dcd-83b9-d067929326a5" testListId="8c84fa94-04c1-424b-9868-57a2d4851a1d" />
    <TestEntry testId="6c031f78-4ffb-42b8-800c-7954eec1ab1e" executionId="de9ac996-0c36-4548-b8c5-86b9afd5263e" testListId="8c84fa94-04c1-424b-9868-57a2d4851a1d" />
    <TestEntry testId="7c4c71c5-2d3f-49f5-9d8b-a7058eb863ae" executionId="8f97cd9c-2bb0-4755-bd2e-3ed946500cdc" testListId="8c84fa94-04c1-424b-9868-57a2d4851a1d" />
    <TestEntry testId="40277031-4278-471b-8ce3-f841e8be7461" executionId="41812fb7-0f85-4f59-97ab-8f077f583bb8" testListId="8c84fa94-04c1-424b-9868-57a2d4851a1d" />
    <TestEntry testId="506d8211-5622-4f87-8eb9-05fe4d9bc1d6" executionId="bc1ea1f6-2c99-416b-9a88-1ab23c962dca" testListId="8c84fa94-04c1-424b-9868-57a2d4851a1d" />
    <TestEntry testId="03fbd011-4d52-4677-9003-7cba7fec7948" executionId="0d881705-30de-46e7-ab83-02b412c30a7d" testListId="8c84fa94-04c1-424b-9868-57a2d4851a1d" />
    <TestEntry testId="2a6e5554-1516-4685-bc7f-62fd5b114abd" executionId="e782d249-8153-4432-bedf-c3993de428ac" testListId="8c84fa94-04c1-424b-9868-57a2d4851a1d" />
    <TestEntry testId="bccda824-81bc-4c55-8f4d-37eb6e978f41" executionId="80546947-7fa1-40f5-b198-2eda6ada8f36" testListId="8c84fa94-04c1-424b-9868-57a2d4851a1d" />
    <TestEntry testId="232577b4-6bb9-4bcb-b2f2-7b7ba818e958" executionId="147c720a-def7-4186-ac31-92a469aaed3a" testListId="8c84fa94-04c1-424b-9868-57a2d4851a1d" />
    <TestEntry testId="eee026e6-9fd7-4b61-a78d-93a437062156" executionId="1fb6d9ac-d389-4105-b5bf-09cecce28355" testListId="8c84fa94-04c1-424b-9868-57a2d4851a1d" />
    <TestEntry testId="34f1f6ca-13fe-436f-98f9-6c3c87fd69cc" executionId="255211e5-0b5a-4322-9e77-8947678db22d" testListId="8c84fa94-04c1-424b-9868-57a2d4851a1d" />
    <TestEntry testId="ee53e766-c76b-4ae8-993d-c972de511a6e" executionId="4a596f9e-1516-4561-af23-69e03731486f" testListId="8c84fa94-04c1-424b-9868-57a2d4851a1d" />
    <TestEntry testId="1fe48ce6-eea7-40a4-a5ab-a17783b2125d" executionId="2ffb30cc-6dc9-4059-9434-3bfd4cb269b7" testListId="8c84fa94-04c1-424b-9868-57a2d4851a1d" />
    <TestEntry testId="a87e9b35-dbd0-4d1a-9759-2e304f8cade6" executionId="d6569d53-a70f-4c24-a96f-83a6ec4974d8" testListId="8c84fa94-04c1-424b-9868-57a2d4851a1d" />
    <TestEntry testId="3cc3777e-583e-4d2a-b13b-76cb20db8005" executionId="8de84b0d-af58-4c34-92f4-e102ddd1936b" testListId="8c84fa94-04c1-424b-9868-57a2d4851a1d" />
    <TestEntry testId="7d64cc2d-dd57-4d78-b3c8-b313f1d997ad" executionId="da0ac538-ab4f-4fe4-903a-b6df44cec69a" testListId="8c84fa94-04c1-424b-9868-57a2d4851a1d" />
    <TestEntry testId="27b1872d-3f8c-4711-b506-4035c1f6e994" executionId="2f217523-1187-4788-a7d3-401fac7f4a48" testListId="8c84fa94-04c1-424b-9868-57a2d4851a1d" />
    <TestEntry testId="c0faa945-dbfa-4454-a785-ebef15f1c278" executionId="09461542-1ded-4fb8-a2b4-3cacdbfb27ed" testListId="8c84fa94-04c1-424b-9868-57a2d4851a1d" />
    <TestEntry testId="b5f04eb4-22dd-4bb5-afe8-e7b1d2d8f6ea" executionId="3cd6878c-6d85-4c3a-bc4c-9a0b87e3a3d4" testListId="8c84fa94-04c1-424b-9868-57a2d4851a1d" />
    <TestEntry testId="894536f9-c30b-4e6e-a5dd-bcddf8c7db92" executionId="caad2bc6-f6fc-4138-be6a-f20a808a2143" testListId="8c84fa94-04c1-424b-9868-57a2d4851a1d" />
    <TestEntry testId="56b90d16-b404-4458-a76f-e0be20f3a35e" executionId="9e6e9373-2f04-4024-a66f-d8c074540321" testListId="8c84fa94-04c1-424b-9868-57a2d4851a1d" />
    <TestEntry testId="b4432039-dbd2-4c5d-9b92-88feeed1498f" executionId="6fa82712-b437-422f-aa19-286dd7608ca8" testListId="8c84fa94-04c1-424b-9868-57a2d4851a1d" />
    <TestEntry testId="3fd7eb16-f6a5-428a-b24a-afa76409e747" executionId="d9ebd99e-9573-4241-9b14-e28f6b59d465" testListId="8c84fa94-04c1-424b-9868-57a2d4851a1d" />
    <TestEntry testId="31acfd8c-903e-4023-a4c6-d6e227e6e23b" executionId="981bbdb0-7f2b-4c35-90af-40b2a02df525" testListId="8c84fa94-04c1-424b-9868-57a2d4851a1d" />
    <TestEntry testId="f69fc350-6a02-496b-8495-fdc1c2ad2593" executionId="956bc3a0-da6d-4739-8c67-68b93b3744c9" testListId="8c84fa94-04c1-424b-9868-57a2d4851a1d" />
    <TestEntry testId="3aa587c3-4746-4b74-ab8b-074acaf02cd6" executionId="253e2c86-009d-4da1-805b-7b5506ac90f9" testListId="8c84fa94-04c1-424b-9868-57a2d4851a1d" />
    <TestEntry testId="cfac3ece-d66e-4bad-b3ea-8a66f5285bba" executionId="df4a2f4c-a878-482d-98a2-f4f3afd3bb4f" testListId="8c84fa94-04c1-424b-9868-57a2d4851a1d" />
    <TestEntry testId="39b193bd-d483-436e-99dd-6cf2d42c163f" executionId="c6209653-5a1c-4c0b-8587-5bdd468df554" testListId="8c84fa94-04c1-424b-9868-57a2d4851a1d" />
    <TestEntry testId="17dffcb7-9489-4795-bb73-6f09d3543be2" executionId="6d79f333-3c14-461a-81b1-970e3e972f36" testListId="8c84fa94-04c1-424b-9868-57a2d4851a1d" />
    <TestEntry testId="b2173181-4161-435f-af2c-d8086eb4aaba" executionId="4bc910de-6631-423c-ab70-f53c7cbdd302" testListId="8c84fa94-04c1-424b-9868-57a2d4851a1d" />
    <TestEntry testId="00ce5fd6-8350-43ac-b2f7-a040c7c67947" executionId="77d5228c-5d2c-456e-840a-463a5ebd7ec2" testListId="8c84fa94-04c1-424b-9868-57a2d4851a1d" />
    <TestEntry testId="30811e4d-3af1-4b0f-9b38-ae3d3b7a26ee" executionId="9b0e443b-6924-4939-adea-eff82d10efd8" testListId="8c84fa94-04c1-424b-9868-57a2d4851a1d" />
    <TestEntry testId="bdfa8888-dc0a-48df-a17d-d058d7ab6863" executionId="4f5fa571-7228-4cdc-be03-17997d9d8b79" testListId="8c84fa94-04c1-424b-9868-57a2d4851a1d" />
    <TestEntry testId="5450a7ad-b0ed-4787-8bf6-488ed4f8eb04" executionId="90ef6df0-e539-4ec9-901f-28d30d547149" testListId="8c84fa94-04c1-424b-9868-57a2d4851a1d" />
    <TestEntry testId="62b7a163-ea88-4170-bd86-433e9183749b" executionId="b127013f-b12a-42db-a686-7c687f108996" testListId="8c84fa94-04c1-424b-9868-57a2d4851a1d" />
    <TestEntry testId="d1098683-319f-47cc-8f4e-da7f39ed65b3" executionId="e32217e0-90a8-4141-a58b-9fd9f779a77f" testListId="8c84fa94-04c1-424b-9868-57a2d4851a1d" />
    <TestEntry testId="9d63c3b8-e420-4ae7-8480-06b4f92caf50" executionId="f845c3f1-d1f6-4a94-b30c-c3d5ccfc73de" testListId="8c84fa94-04c1-424b-9868-57a2d4851a1d" />
    <TestEntry testId="2db742a6-111d-4793-bd73-d6d1033d727e" executionId="b0d44f8d-2545-4fe9-b05a-169137278052" testListId="8c84fa94-04c1-424b-9868-57a2d4851a1d" />
    <TestEntry testId="d9368f2b-4470-4f75-8fbf-b3d741c23840" executionId="4f6120c8-92eb-407f-8890-278fc4a961f1" testListId="8c84fa94-04c1-424b-9868-57a2d4851a1d" />
    <TestEntry testId="b19be5a5-0400-4ca1-bc8f-f11fe86e643b" executionId="fbc7ea9e-bcf4-4ace-880b-cae7985f6875" testListId="8c84fa94-04c1-424b-9868-57a2d4851a1d" />
    <TestEntry testId="f3839d74-5092-41b7-ba77-245f9dc64323" executionId="b6f58ff6-cda1-429b-84d0-0319275a4192" testListId="8c84fa94-04c1-424b-9868-57a2d4851a1d" />
    <TestEntry testId="2735ceff-3d36-4e72-8c8b-5491472d284e" executionId="565fbef8-280a-4621-bace-3403ec6dfd0b" testListId="8c84fa94-04c1-424b-9868-57a2d4851a1d" />
    <TestEntry testId="268d3f00-33e4-4666-862f-8c89d8b6990c" executionId="5f7c6857-7653-4730-8dfb-4b77d203c46d" testListId="8c84fa94-04c1-424b-9868-57a2d4851a1d" />
    <TestEntry testId="f072d3e4-e41a-4e99-a8e7-f0f59b37157a" executionId="5a035151-5390-415f-b165-22c42de149c2" testListId="8c84fa94-04c1-424b-9868-57a2d4851a1d" />
    <TestEntry testId="af42c000-f28e-4640-91ac-162b250f5f66" executionId="488c3e5c-0ccb-44ab-9fe5-3eedd4d94f18" testListId="8c84fa94-04c1-424b-9868-57a2d4851a1d" />
    <TestEntry testId="7736b590-896c-4259-a835-d9b395e92db5" executionId="212159fd-9094-4a17-a70b-0b7424196ae0" testListId="8c84fa94-04c1-424b-9868-57a2d4851a1d" />
    <TestEntry testId="d9360075-d24a-47c2-a8f2-858e48a00644" executionId="8b59b833-0146-43f6-abe6-73db41e131fe" testListId="8c84fa94-04c1-424b-9868-57a2d4851a1d" />
    <TestEntry testId="6f024c99-8d80-4d02-b546-865efb57508c" executionId="f0d234b2-d3ed-4831-a196-91dc699d78ae" testListId="8c84fa94-04c1-424b-9868-57a2d4851a1d" />
    <TestEntry testId="729ba6e5-5098-4793-a77a-56fce2802ffa" executionId="8867f809-6370-458b-a0aa-34f069b4160c" testListId="8c84fa94-04c1-424b-9868-57a2d4851a1d" />
    <TestEntry testId="e0290ac7-e338-45e1-b114-efbc26c8ac47" executionId="fd4c7e5e-f2c8-469b-8daa-afb2857b37c6" testListId="8c84fa94-04c1-424b-9868-57a2d4851a1d" />
    <TestEntry testId="16144463-4b11-42f5-87e0-6766fc0ec3a0" executionId="65bf87c1-bb81-45f1-938b-9262f4d5c586" testListId="8c84fa94-04c1-424b-9868-57a2d4851a1d" />
    <TestEntry testId="b2137163-fe90-4642-ab1a-bbca0ee91c45" executionId="34eecff4-e748-4eb2-834a-cdb1d7828390" testListId="8c84fa94-04c1-424b-9868-57a2d4851a1d" />
    <TestEntry testId="cacec449-e631-476e-b8e3-1dc414134f7f" executionId="84600ec7-530c-45f7-ac51-2361338c497f" testListId="8c84fa94-04c1-424b-9868-57a2d4851a1d" />
    <TestEntry testId="0bcc46e1-75bf-4182-98ff-9a4853ddf51a" executionId="29a3fc45-f9a4-41e8-84ad-bbe0e1047aa9" testListId="8c84fa94-04c1-424b-9868-57a2d4851a1d" />
    <TestEntry testId="89e58edf-895e-49e6-8ba3-be9167c695c1" executionId="537ed207-77db-454a-ab7f-ebc027589aad" testListId="8c84fa94-04c1-424b-9868-57a2d4851a1d" />
    <TestEntry testId="df275990-7b5b-418e-a158-6378fee11eef" executionId="3c5665eb-9774-4776-970f-da7959f41a58" testListId="8c84fa94-04c1-424b-9868-57a2d4851a1d" />
    <TestEntry testId="6c61d81f-af4d-4e4a-bd75-2ec5ef38b39b" executionId="6f371824-4261-470a-867d-cd8daf8ceec7" testListId="8c84fa94-04c1-424b-9868-57a2d4851a1d" />
    <TestEntry testId="cf3ffa3a-f5b9-48d9-9384-785db4919324" executionId="08668167-1e76-42a7-bca7-f17e5294bbf5" testListId="8c84fa94-04c1-424b-9868-57a2d4851a1d" />
    <TestEntry testId="139929df-4bc8-4e6c-ba27-7db391cbfbcf" executionId="ae81ce66-2ded-44b0-94ef-f6b935faf47d" testListId="8c84fa94-04c1-424b-9868-57a2d4851a1d" />
    <TestEntry testId="632b1281-e52f-4a5d-b112-45ce3fda07ca" executionId="5ecb6dfc-376a-49ea-b65b-0c785cda8bd9" testListId="8c84fa94-04c1-424b-9868-57a2d4851a1d" />
    <TestEntry testId="fa9d8147-da18-45dc-9f20-a30da173be97" executionId="f5f966b6-a558-4a4c-a86d-47813f3fb72d" testListId="8c84fa94-04c1-424b-9868-57a2d4851a1d" />
    <TestEntry testId="5650b327-dc8a-4dbc-b6b7-f4ec0f0691ff" executionId="a8e844b2-ed76-4819-b0f4-39bb25c42c71" testListId="8c84fa94-04c1-424b-9868-57a2d4851a1d" />
    <TestEntry testId="b872c40d-646b-4d96-8173-0264b7cb83c3" executionId="27b76740-44d9-4cb4-9c71-93a2aad9e3d1" testListId="8c84fa94-04c1-424b-9868-57a2d4851a1d" />
    <TestEntry testId="22d40237-5dce-4bd3-afdd-4c89559a929f" executionId="060b8c3a-55d3-4cd7-b0dc-a092f58cc502" testListId="8c84fa94-04c1-424b-9868-57a2d4851a1d" />
    <TestEntry testId="37463bb8-fa8e-47ec-a6fc-57427de93b40" executionId="ee95a18d-51e8-4346-9a64-76a006061261" testListId="8c84fa94-04c1-424b-9868-57a2d4851a1d" />
    <TestEntry testId="341dff43-f566-42e6-a2d0-171323ef1678" executionId="dbb58017-7079-4b86-ae05-09f69d6228d9" testListId="8c84fa94-04c1-424b-9868-57a2d4851a1d" />
    <TestEntry testId="40fdb983-9430-4055-a00b-fb280f6e300d" executionId="0db71068-8c05-4a61-80d2-06883474ee5a" testListId="8c84fa94-04c1-424b-9868-57a2d4851a1d" />
    <TestEntry testId="b8727afd-8c0e-49a8-9fec-725720c34902" executionId="f8c7580e-2f30-4a20-b6d2-8207ce2dde0a" testListId="8c84fa94-04c1-424b-9868-57a2d4851a1d" />
    <TestEntry testId="e9b2d63d-8772-474f-9262-65a0e46fc36f" executionId="8dcad2b1-54f8-40ec-9047-fd7b2ba927ae" testListId="8c84fa94-04c1-424b-9868-57a2d4851a1d" />
    <TestEntry testId="f1a5f560-fa9d-46b7-9e5f-3ec5ebe6db1a" executionId="7d804bf3-712e-4005-b148-144de9a566b3" testListId="8c84fa94-04c1-424b-9868-57a2d4851a1d" />
    <TestEntry testId="bd7f814a-bc65-4a03-8ecf-dd022c351d5c" executionId="02ed12fa-eb3e-4936-9ceb-82c72115a4e0" testListId="8c84fa94-04c1-424b-9868-57a2d4851a1d" />
    <TestEntry testId="4f2a0718-3d53-4ec6-af1f-0e71e2e90a50" executionId="a8d95edc-0edc-4a0b-b7ea-8ecc2e185c21" testListId="8c84fa94-04c1-424b-9868-57a2d4851a1d" />
    <TestEntry testId="b6a11b2b-c561-45fe-baf5-7a99995dfea1" executionId="fd510067-4be1-4738-88b5-dee6bc0fd9ca" testListId="8c84fa94-04c1-424b-9868-57a2d4851a1d" />
    <TestEntry testId="b42e35cb-e6a5-445e-b32b-ba15507ef274" executionId="9f0a0a8d-58bb-45d8-957b-3867274843b6" testListId="8c84fa94-04c1-424b-9868-57a2d4851a1d" />
    <TestEntry testId="e2ca123a-c0a3-487e-9c31-f2250b1f535b" executionId="5b1321de-5b46-485e-86ca-4fd74389e9d1" testListId="8c84fa94-04c1-424b-9868-57a2d4851a1d" />
    <TestEntry testId="f02fd72e-c832-40d1-82fc-a3ba5a22214a" executionId="2fdb62e1-dc53-4d7d-9e90-8334a1c0e76f" testListId="8c84fa94-04c1-424b-9868-57a2d4851a1d" />
    <TestEntry testId="c35b1df6-2d12-40e2-8a0d-8aa63ff6ce27" executionId="0e0401b6-e63b-4ad6-9fb3-b522104d743f" testListId="8c84fa94-04c1-424b-9868-57a2d4851a1d" />
    <TestEntry testId="cc38099c-313f-413a-b9ce-7868933a0613" executionId="fbdc90fa-1e77-4ef4-8700-427c22be6985" testListId="8c84fa94-04c1-424b-9868-57a2d4851a1d" />
    <TestEntry testId="359bb283-5ffc-4b54-a237-c54fb1a823c2" executionId="d1921296-89b4-4439-8641-16c8026d0f3e" testListId="8c84fa94-04c1-424b-9868-57a2d4851a1d" />
    <TestEntry testId="7a92a461-5ccc-46af-a3d1-c55903bc99cf" executionId="3b8686ce-769f-49a3-b454-0b22b8cdc045" testListId="8c84fa94-04c1-424b-9868-57a2d4851a1d" />
    <TestEntry testId="6d11d1d5-bf07-4f9d-b61d-c46141b88c57" executionId="38ad1d76-a660-468c-a3fc-8461f8758f0c" testListId="8c84fa94-04c1-424b-9868-57a2d4851a1d" />
    <TestEntry testId="fb30ca02-94db-461a-b382-27bd324b54b5" executionId="34d30ba4-11fe-4458-9112-388c394f5941" testListId="8c84fa94-04c1-424b-9868-57a2d4851a1d" />
    <TestEntry testId="1dc8712b-5468-461c-bbe7-8be8f1f95221" executionId="425a51cb-ee9f-4f46-aff8-389c493b13c1" testListId="8c84fa94-04c1-424b-9868-57a2d4851a1d" />
    <TestEntry testId="520908e9-adb5-4c50-ac11-99ab171dd0b9" executionId="f62886f3-da3d-4c3a-83a0-7a1a651f3798" testListId="8c84fa94-04c1-424b-9868-57a2d4851a1d" />
    <TestEntry testId="42ca64e9-9338-41d0-969b-b5eb2bc10ef5" executionId="3da98dac-d37a-41eb-a7e0-b322e8ae2a71" testListId="8c84fa94-04c1-424b-9868-57a2d4851a1d" />
    <TestEntry testId="a1b7378b-7964-495f-b32e-6dcb52a4bd13" executionId="c0d8ede4-b0d1-4226-968d-d6309a2a0863" testListId="8c84fa94-04c1-424b-9868-57a2d4851a1d" />
    <TestEntry testId="71e58ca1-d46b-4657-b04b-56cb06ae70db" executionId="25fe5f3b-6b4a-46bc-8042-a648a1d213ee" testListId="8c84fa94-04c1-424b-9868-57a2d4851a1d" />
    <TestEntry testId="aee4675d-c278-428a-a851-efa4058664e1" executionId="41661026-6dd1-4552-9e15-fe4f1a61cf5a" testListId="8c84fa94-04c1-424b-9868-57a2d4851a1d" />
    <TestEntry testId="9cfde479-936d-439d-aadd-c1ce6bebeb68" executionId="594a2029-d568-4d03-857f-784faeeb2370" testListId="8c84fa94-04c1-424b-9868-57a2d4851a1d" />
    <TestEntry testId="4638f5c8-8fd4-41d0-b4b4-2f38d36d6611" executionId="2839dbff-b902-440d-8437-2b92af32d8e7" testListId="8c84fa94-04c1-424b-9868-57a2d4851a1d" />
    <TestEntry testId="12ab19c5-7cc6-41bf-8329-5c51879dd674" executionId="3ec897bd-ad33-4926-a7c5-5dd2e5382af5" testListId="8c84fa94-04c1-424b-9868-57a2d4851a1d" />
    <TestEntry testId="325b2153-0a53-45c0-89bf-d218b6f22c92" executionId="5020bd54-5508-4e2f-a1a9-159f627d261f" testListId="8c84fa94-04c1-424b-9868-57a2d4851a1d" />
    <TestEntry testId="7dc7c972-b69e-46c7-904e-2ff3d5d101ba" executionId="8fe07022-e90f-48b6-b9a2-38f8a8088745" testListId="8c84fa94-04c1-424b-9868-57a2d4851a1d" />
    <TestEntry testId="b05d1493-c548-4137-9fb4-59c34a9f5326" executionId="6e70b702-2589-4037-977d-cb3bdfd06228" testListId="8c84fa94-04c1-424b-9868-57a2d4851a1d" />
    <TestEntry testId="43cb19b9-dc4d-4011-a057-6e6db2bd0df7" executionId="4c2f1d0b-c1d2-4931-bce6-1d2df4c94eb0" testListId="8c84fa94-04c1-424b-9868-57a2d4851a1d" />
    <TestEntry testId="d7ff0d54-cdde-461c-92a7-693da9c2245a" executionId="631e57c0-b4bb-4739-acf1-a6e864fccea1" testListId="8c84fa94-04c1-424b-9868-57a2d4851a1d" />
    <TestEntry testId="24a11f5c-9a02-4338-b5c9-bdc13f0f4016" executionId="b16cc5da-bc73-45dc-bbba-ed9b892c0b6f" testListId="8c84fa94-04c1-424b-9868-57a2d4851a1d" />
    <TestEntry testId="a1ad8942-1ea0-44ff-a127-fa9a894a93e5" executionId="dbe30f1d-8338-459a-aa07-adce31c4148d" testListId="8c84fa94-04c1-424b-9868-57a2d4851a1d" />
    <TestEntry testId="5849bcdd-480f-4eb7-bc59-3502cf1459b6" executionId="2f7d2376-a57e-428a-9f7b-fd4265e3125e" testListId="8c84fa94-04c1-424b-9868-57a2d4851a1d" />
    <TestEntry testId="a8ca8171-509d-41a0-80d9-b3664c31801e" executionId="f19e10f3-fcc9-42d4-b81b-16c47c2038b1" testListId="8c84fa94-04c1-424b-9868-57a2d4851a1d" />
    <TestEntry testId="6f9f3595-ae92-4460-a760-8a49db7c82fe" executionId="e4739e3a-8f2a-46dc-b443-793cf0968afa" testListId="8c84fa94-04c1-424b-9868-57a2d4851a1d" />
    <TestEntry testId="0e9e5d73-9412-4243-a71e-c5f8cddcfc57" executionId="d2837bd2-7151-470b-8005-e09ca519c136" testListId="8c84fa94-04c1-424b-9868-57a2d4851a1d" />
    <TestEntry testId="667e53ad-27ad-4a93-a9db-39cfa0062796" executionId="09622d89-5a5e-4cfd-8c1a-bc70bca23af8" testListId="8c84fa94-04c1-424b-9868-57a2d4851a1d" />
    <TestEntry testId="d0a51df9-f543-4833-a115-d604d0b66f3d" executionId="6ba7c6f7-d698-4473-bfae-f254991c47b7" testListId="8c84fa94-04c1-424b-9868-57a2d4851a1d" />
    <TestEntry testId="1b21a9d0-e326-40db-9754-fb5bde8e2b71" executionId="681f53fa-9a02-4ee1-8950-4a3e857c05f1" testListId="8c84fa94-04c1-424b-9868-57a2d4851a1d" />
    <TestEntry testId="6fa0658a-76e3-4453-b7f3-323791a237cc" executionId="4f746f7f-f4ed-44d4-bf05-8c56ff885973" testListId="8c84fa94-04c1-424b-9868-57a2d4851a1d" />
    <TestEntry testId="ea1797c0-4e69-48e2-8172-4b8745028d0b" executionId="6bf95761-d15c-4cde-b461-0a6c1e8114c3" testListId="8c84fa94-04c1-424b-9868-57a2d4851a1d" />
    <TestEntry testId="30c6203e-c17f-4fab-9d73-d29ddbf83fc6" executionId="0b5e989f-6190-46db-85bf-f4f02843f1f9" testListId="8c84fa94-04c1-424b-9868-57a2d4851a1d" />
    <TestEntry testId="de68356a-b6f8-44c6-8d3a-11657ec7851e" executionId="0c062c8d-ef4f-4ce1-a2ee-b484e3f9aa31" testListId="8c84fa94-04c1-424b-9868-57a2d4851a1d" />
    <TestEntry testId="2219cfe8-8ad8-4477-813d-1089f3d3f8d2" executionId="1f6f97ce-5579-40e3-9145-ccf7b0ce0e3d" testListId="8c84fa94-04c1-424b-9868-57a2d4851a1d" />
    <TestEntry testId="0a10c3f3-7660-44fb-b261-6b0817441ff2" executionId="0eb2d605-b345-44f9-b18c-5813fd5cf1d5" testListId="8c84fa94-04c1-424b-9868-57a2d4851a1d" />
    <TestEntry testId="eda3ed47-0a09-4cfc-a4ef-93d4a7634eee" executionId="a2ba6b26-3d7c-4ada-b001-93c5178ffef2" testListId="8c84fa94-04c1-424b-9868-57a2d4851a1d" />
    <TestEntry testId="e1874ad3-43ce-40ba-83c7-92e547840a57" executionId="dca63c70-bedf-48e4-84d3-6b83b909997d" testListId="8c84fa94-04c1-424b-9868-57a2d4851a1d" />
    <TestEntry testId="9f7d5206-5732-4103-8ca9-de2639d7b82d" executionId="9bcc99ec-fd1b-4bf1-9725-97f39fdb9647" testListId="8c84fa94-04c1-424b-9868-57a2d4851a1d" />
    <TestEntry testId="ff9ea05d-3f7b-4bb1-a08d-4cfcd52ea100" executionId="67017643-f097-4939-b849-59f4ed2ede90" testListId="8c84fa94-04c1-424b-9868-57a2d4851a1d" />
    <TestEntry testId="261bd10d-2d8c-4f24-a5dd-165534d9c84c" executionId="eb08087b-f8a6-4bbd-b15d-140b250fca0e" testListId="8c84fa94-04c1-424b-9868-57a2d4851a1d" />
    <TestEntry testId="e6547919-e942-47ce-bf33-25e727bf0ce9" executionId="2ac495fe-81e7-401c-96b4-7542259c9870" testListId="8c84fa94-04c1-424b-9868-57a2d4851a1d" />
    <TestEntry testId="5b9e941a-6559-484f-9d41-75cbaa76e4fe" executionId="1da6428e-eba5-427b-8882-93a2a037b85c" testListId="8c84fa94-04c1-424b-9868-57a2d4851a1d" />
    <TestEntry testId="33dc0f46-74cb-4b16-9530-59e84f0a5658" executionId="593a229b-9bcd-4fa9-814c-a7e32fb4324d" testListId="8c84fa94-04c1-424b-9868-57a2d4851a1d" />
    <TestEntry testId="1e96fa49-5c32-4764-b0ea-34ca1214d38c" executionId="7d7e9ab1-e48e-48ab-a84a-5964a7ed4da8" testListId="8c84fa94-04c1-424b-9868-57a2d4851a1d" />
    <TestEntry testId="bc130d26-46c6-428f-9dbe-bf6dfee5b831" executionId="45c3731d-6074-4705-8f72-49ed31ced6fa" testListId="8c84fa94-04c1-424b-9868-57a2d4851a1d" />
    <TestEntry testId="1036be74-aff0-4e4f-90e7-b81f23eb326a" executionId="6c8067f4-eb7c-447c-a1c4-54f1667d733f" testListId="8c84fa94-04c1-424b-9868-57a2d4851a1d" />
    <TestEntry testId="c27ce1fa-5996-479a-b0e5-0dbb9c1321d6" executionId="0eb6a426-79b1-4070-81a6-e19bff97dc79" testListId="8c84fa94-04c1-424b-9868-57a2d4851a1d" />
    <TestEntry testId="d2fc0608-3210-4e68-b612-c4f69e2061cb" executionId="32f85c71-4c22-4056-95b3-f471b6658d51" testListId="8c84fa94-04c1-424b-9868-57a2d4851a1d" />
    <TestEntry testId="4b2fd978-e280-4666-a598-c76bacdd201e" executionId="37476487-4f7b-4c7d-9b0a-a95affef3f57" testListId="8c84fa94-04c1-424b-9868-57a2d4851a1d" />
    <TestEntry testId="dcd52f51-9fd2-4f51-85a8-8f7f54a5f95f" executionId="271abb2e-8ef0-4aab-bec7-fe931ed36f22" testListId="8c84fa94-04c1-424b-9868-57a2d4851a1d" />
    <TestEntry testId="bcefabe3-d09a-450e-a527-cc0dcf34ac21" executionId="06733146-97ee-4823-bc08-6a6eb69b9885" testListId="8c84fa94-04c1-424b-9868-57a2d4851a1d" />
    <TestEntry testId="6e9822da-80d2-4d31-b00e-c036db6172df" executionId="0da1e499-c650-49df-9112-ff9839551706" testListId="8c84fa94-04c1-424b-9868-57a2d4851a1d" />
    <TestEntry testId="2d110c29-ee38-4cdc-99af-5e0d15a8d788" executionId="65b8cab6-e160-417a-98f6-f92c8938bc06" testListId="8c84fa94-04c1-424b-9868-57a2d4851a1d" />
    <TestEntry testId="f06d61ba-2d83-4fb2-bc24-538d84563a89" executionId="39d9466f-6180-4049-a5f8-cf2780880d94" testListId="8c84fa94-04c1-424b-9868-57a2d4851a1d" />
    <TestEntry testId="6e5758ce-fae3-4c51-9319-93138ab9b0e0" executionId="936ac43b-5e13-4a93-9184-8e4a6a156b45" testListId="8c84fa94-04c1-424b-9868-57a2d4851a1d" />
    <TestEntry testId="631c7823-a0a8-4ef9-bde7-95f01400d46c" executionId="17a79896-6d6d-429c-a67c-87bdb32edaf5" testListId="8c84fa94-04c1-424b-9868-57a2d4851a1d" />
    <TestEntry testId="74f8653c-c4fd-4657-b0ee-99952b98b695" executionId="885747ea-5b2a-46e9-8da9-f64c07d1fffd" testListId="8c84fa94-04c1-424b-9868-57a2d4851a1d" />
    <TestEntry testId="454ffb56-b77d-4e5a-9884-2a3dd2faf75c" executionId="4016cdfe-91be-4d6c-a23a-468d057bd624" testListId="8c84fa94-04c1-424b-9868-57a2d4851a1d" />
    <TestEntry testId="5c254aab-f904-410a-b92c-065f67dc94fd" executionId="6da8851c-c359-41a4-b8e4-7a75392b9637" testListId="8c84fa94-04c1-424b-9868-57a2d4851a1d" />
    <TestEntry testId="3bb81174-0737-4839-930b-5f13a415a71d" executionId="f281c686-3257-47f4-9644-dfb954ba412b" testListId="8c84fa94-04c1-424b-9868-57a2d4851a1d" />
    <TestEntry testId="1adddef5-172d-452b-9bf3-5b672f691fb0" executionId="83b20173-4ee0-48af-8141-59456f0f57be" testListId="8c84fa94-04c1-424b-9868-57a2d4851a1d" />
    <TestEntry testId="91d4c479-81ca-450c-a93b-95d32cdc7a0c" executionId="55c1e899-bfa1-4a16-83b6-bac283f283ad" testListId="8c84fa94-04c1-424b-9868-57a2d4851a1d" />
    <TestEntry testId="a11595ab-2fd7-4158-941f-f38a229f6e1a" executionId="90a836f8-3da1-4d1d-ace2-5e94f715e914" testListId="8c84fa94-04c1-424b-9868-57a2d4851a1d" />
    <TestEntry testId="4183393f-a879-4145-9260-ee32decb0032" executionId="ebfeae38-6aa7-4e49-8a69-59913814c062" testListId="8c84fa94-04c1-424b-9868-57a2d4851a1d" />
    <TestEntry testId="18193cbc-6965-4e27-bbf3-2b91ec42fbc0" executionId="f4333e01-e3d3-417b-9951-929be9acd5a0" testListId="8c84fa94-04c1-424b-9868-57a2d4851a1d" />
    <TestEntry testId="8f159d05-1600-4dc6-a6b7-664a0be835cc" executionId="707488ab-320e-445b-b33f-c2454831b6e7" testListId="8c84fa94-04c1-424b-9868-57a2d4851a1d" />
    <TestEntry testId="71dd297a-570f-4071-908d-fea48a7361e4" executionId="f5e9acc0-4998-444c-9e90-807b3d71bbe2" testListId="8c84fa94-04c1-424b-9868-57a2d4851a1d" />
    <TestEntry testId="927dd00b-96f8-4bb9-8d23-286ef3ca0748" executionId="a80d3e11-cfc7-4c98-af00-90437e53ff0a" testListId="8c84fa94-04c1-424b-9868-57a2d4851a1d" />
    <TestEntry testId="f3f21f94-4347-4b2d-b766-4736b2e7b8e6" executionId="b235013b-7133-4346-a969-1f6fe04a6580" testListId="8c84fa94-04c1-424b-9868-57a2d4851a1d" />
    <TestEntry testId="5baf948e-ece2-4d50-9e2d-8b88c219c8d2" executionId="d1b78259-9d66-4d05-99dd-c2a971eb58b8" testListId="8c84fa94-04c1-424b-9868-57a2d4851a1d" />
    <TestEntry testId="222d1fd6-cbf6-4f16-b877-55daf4e8fdf0" executionId="27521e33-be4a-43c0-a2e4-6770c30d880e" testListId="8c84fa94-04c1-424b-9868-57a2d4851a1d" />
    <TestEntry testId="214c0878-b04f-492e-893d-0b8b50398ac4" executionId="6970ce77-4136-49d4-b094-8e246e1df442" testListId="8c84fa94-04c1-424b-9868-57a2d4851a1d" />
    <TestEntry testId="6283b639-f757-42ed-a617-029e6b8c0fc7" executionId="93f1b9f1-021b-495a-b704-2ecc5c50112f" testListId="8c84fa94-04c1-424b-9868-57a2d4851a1d" />
    <TestEntry testId="9ec90390-8165-42c6-b065-a9184cc4ce48" executionId="c7bd5e4b-6a15-4cb5-a884-a4d517729448" testListId="8c84fa94-04c1-424b-9868-57a2d4851a1d" />
    <TestEntry testId="b5128482-4fc7-4ba6-ba70-1d59118e149c" executionId="de1ef180-d9f6-4f24-a87c-10c1c4cf206a" testListId="8c84fa94-04c1-424b-9868-57a2d4851a1d" />
    <TestEntry testId="4600d6e5-0437-4001-a1aa-a4678387585e" executionId="7bbf0ed6-21f4-45b4-8349-d86e436c9642" testListId="8c84fa94-04c1-424b-9868-57a2d4851a1d" />
    <TestEntry testId="6875427b-621b-4d95-8a1b-979a26432af3" executionId="c83b5443-6beb-4c6f-b078-fa6afeafafe5" testListId="8c84fa94-04c1-424b-9868-57a2d4851a1d" />
    <TestEntry testId="0c47224d-ffeb-4587-ac26-e5cd9608387c" executionId="2f392816-3c83-4567-94c9-7564b4d09506" testListId="8c84fa94-04c1-424b-9868-57a2d4851a1d" />
    <TestEntry testId="05e62122-2db6-4cc0-bbe0-9d57f024c69d" executionId="6bf8c4e8-6edc-4af6-98c8-22ef49fb7514" testListId="8c84fa94-04c1-424b-9868-57a2d4851a1d" />
    <TestEntry testId="3db67358-d53e-451f-8971-72d6e6201ac1" executionId="a5a909be-52e7-4abc-894e-b618f89ea52e" testListId="8c84fa94-04c1-424b-9868-57a2d4851a1d" />
    <TestEntry testId="f2369893-ea63-4a88-b651-04d443879bb1" executionId="6cb37287-d61f-4e72-b9e8-ed1d7d5d27d0" testListId="8c84fa94-04c1-424b-9868-57a2d4851a1d" />
    <TestEntry testId="8953247f-08a2-4dbd-9c15-0edd1184a944" executionId="0169052e-b8d6-4534-8a03-d6094a9f14ea" testListId="8c84fa94-04c1-424b-9868-57a2d4851a1d" />
    <TestEntry testId="34e1c2ee-5bca-49bf-b5f9-61cfe892fdd3" executionId="2cb6b85b-cb31-4638-8098-8279a9aca161" testListId="8c84fa94-04c1-424b-9868-57a2d4851a1d" />
    <TestEntry testId="f2872a5f-086f-4c59-8e4b-8f0978ba3be3" executionId="4969c627-105b-41ac-8c13-fb10a17e10d7" testListId="8c84fa94-04c1-424b-9868-57a2d4851a1d" />
    <TestEntry testId="58e5de1e-c8e8-4491-b2e4-d60255259247" executionId="5a67f5e7-97d3-45b7-8eeb-6bc4ba138416" testListId="8c84fa94-04c1-424b-9868-57a2d4851a1d" />
    <TestEntry testId="c731e9d6-0a11-4761-a25c-e2000dce008a" executionId="e83da416-73a8-4ae4-bb92-70b6345cd7ad" testListId="8c84fa94-04c1-424b-9868-57a2d4851a1d" />
    <TestEntry testId="029a7e8f-5dda-418a-8114-5ee88dd81b10" executionId="e66f8219-68ff-418a-964d-bc04ab135035" testListId="8c84fa94-04c1-424b-9868-57a2d4851a1d" />
    <TestEntry testId="96b025cd-7b21-4d12-8736-d9c43375805c" executionId="3370e7cd-8219-4fdd-b0c5-8dded33fcb90" testListId="8c84fa94-04c1-424b-9868-57a2d4851a1d" />
    <TestEntry testId="c676acba-9fd1-49cb-81e0-c160a09c0d79" executionId="9fb7a379-265c-4c71-935c-d441a8f6c88c" testListId="8c84fa94-04c1-424b-9868-57a2d4851a1d" />
    <TestEntry testId="bd9cec3f-f5c5-4aa0-b9ea-89d8bb5cbca8" executionId="30b6357a-529f-4a5c-acbf-a4455c4375ed" testListId="8c84fa94-04c1-424b-9868-57a2d4851a1d" />
    <TestEntry testId="60f70669-53f3-4ee9-9ee1-955c156180b2" executionId="99d54bdd-a94f-43aa-8415-7cad756bd20f" testListId="8c84fa94-04c1-424b-9868-57a2d4851a1d" />
    <TestEntry testId="0ee7426a-bff9-4b29-b4d5-1f84ef737e2f" executionId="3b735df9-9ca6-401d-9685-559bba96450a" testListId="8c84fa94-04c1-424b-9868-57a2d4851a1d" />
    <TestEntry testId="8c6816b6-fedb-4faa-aa29-879cc2ec517b" executionId="bc2d0cb2-cdb8-4d0a-a012-d18876fb93f8" testListId="8c84fa94-04c1-424b-9868-57a2d4851a1d" />
    <TestEntry testId="722ff852-7c9d-4b51-9734-d04489a23cdc" executionId="982bdf27-99e1-4a36-bcf6-f06b2578470f" testListId="8c84fa94-04c1-424b-9868-57a2d4851a1d" />
    <TestEntry testId="5b3287a9-7c15-4808-826d-bd24c00ab8b3" executionId="5101a535-3aa4-4e1f-9952-30697bb49125" testListId="8c84fa94-04c1-424b-9868-57a2d4851a1d" />
    <TestEntry testId="291d48d6-8256-4bb2-9edb-2d03d11e675f" executionId="2169d565-995d-48b2-a566-e94faaccf9d3" testListId="8c84fa94-04c1-424b-9868-57a2d4851a1d" />
    <TestEntry testId="33f4d7f1-8620-426e-adf6-71be2d3acfe3" executionId="2fad796c-8e41-4b56-81d0-0b78e0a0d585" testListId="8c84fa94-04c1-424b-9868-57a2d4851a1d" />
    <TestEntry testId="e86dc126-8ed2-4ef6-bd3d-633cb1eeda18" executionId="21971739-f447-4a59-a617-25c8d50c9f1f" testListId="8c84fa94-04c1-424b-9868-57a2d4851a1d" />
    <TestEntry testId="1eebd000-cf9f-49ff-8deb-c59be8b7fefb" executionId="7b8569e4-ec10-4886-8ad3-a6dc0cc7c86b" testListId="8c84fa94-04c1-424b-9868-57a2d4851a1d" />
    <TestEntry testId="6e88820e-8285-4772-87b4-aff10a955bc1" executionId="819fa704-7c31-4be6-a369-8e0f9dff6b3d" testListId="8c84fa94-04c1-424b-9868-57a2d4851a1d" />
    <TestEntry testId="2957830a-1f12-408b-a397-a5ceb804b8b8" executionId="cabe2563-fb47-4a75-8d5e-a2cc4deb6dc0" testListId="8c84fa94-04c1-424b-9868-57a2d4851a1d" />
    <TestEntry testId="5bb8b2f0-c5d5-4061-9047-def0d994b5ef" executionId="07a3c55f-10b7-4838-ad27-731e76d7ffc0" testListId="8c84fa94-04c1-424b-9868-57a2d4851a1d" />
    <TestEntry testId="26fa8e43-b89f-41da-a212-db786543597a" executionId="53d67ad5-88ce-4b99-aeb0-635c268dac9a" testListId="8c84fa94-04c1-424b-9868-57a2d4851a1d" />
    <TestEntry testId="7bcf341e-21a3-4982-b3a1-7cf94bb01cc1" executionId="42d6ceb5-bdcd-4912-873c-a3682d29ab7b" testListId="8c84fa94-04c1-424b-9868-57a2d4851a1d" />
    <TestEntry testId="668825af-931d-4e75-85df-cf7222b51049" executionId="5c4fda4e-10b6-4daf-9cc2-7d0c6c418647" testListId="8c84fa94-04c1-424b-9868-57a2d4851a1d" />
    <TestEntry testId="8289c0e8-3044-42d0-9e7a-f24dce6a5381" executionId="c7339395-72d6-43d9-ad71-ef146607d16e" testListId="8c84fa94-04c1-424b-9868-57a2d4851a1d" />
    <TestEntry testId="89e1918d-7d9d-44be-a4f6-9e5cb9265d5b" executionId="f799854f-9e5d-478a-bdd6-486aeccccabb" testListId="8c84fa94-04c1-424b-9868-57a2d4851a1d" />
    <TestEntry testId="a97aa609-6642-4a23-83b1-c8bb2cdec11f" executionId="656373d3-2265-49c6-9da5-a201baa03d29" testListId="8c84fa94-04c1-424b-9868-57a2d4851a1d" />
    <TestEntry testId="0f56d4c9-3ab7-4692-8540-759f1bac6398" executionId="a929f065-441e-4d61-894b-cd15213b63bf" testListId="8c84fa94-04c1-424b-9868-57a2d4851a1d" />
    <TestEntry testId="47795083-8740-4c83-a941-2a139f380ce2" executionId="4b46b360-362e-4523-a9a0-6c726a1a19af" testListId="8c84fa94-04c1-424b-9868-57a2d4851a1d" />
    <TestEntry testId="afbe45d7-8975-45b6-8f71-776860d74aa7" executionId="8a63db80-cf02-42e6-814b-766f13257ce7" testListId="8c84fa94-04c1-424b-9868-57a2d4851a1d" />
    <TestEntry testId="b61a9917-25de-48e0-9dc3-99be59c85434" executionId="d54af313-a5d7-4866-a1ab-3519b6bc50ea" testListId="8c84fa94-04c1-424b-9868-57a2d4851a1d" />
    <TestEntry testId="a6505108-5a99-4316-be96-c1614579805e" executionId="f12a5ffb-eafc-4335-add7-340977279f63" testListId="8c84fa94-04c1-424b-9868-57a2d4851a1d" />
    <TestEntry testId="5959d262-9f2c-488e-b6d4-7680d0edfe72" executionId="799e75c7-b48d-4cca-93cd-e389fa360abf" testListId="8c84fa94-04c1-424b-9868-57a2d4851a1d" />
    <TestEntry testId="3e3f2fd7-d0aa-4b45-979a-5a2a7128ad09" executionId="081cf586-6a4d-4749-9c7d-0909cf22e871" testListId="8c84fa94-04c1-424b-9868-57a2d4851a1d" />
    <TestEntry testId="744d9f06-be76-49c8-8f90-97d49093ece4" executionId="3f7f8970-7b4c-458c-a2dc-85046dc88009" testListId="8c84fa94-04c1-424b-9868-57a2d4851a1d" />
    <TestEntry testId="90ea4ec4-0d36-4c2a-a340-ccf4b2a20898" executionId="cb2806bc-b1d5-44d4-a0bb-8b3033ef6628" testListId="8c84fa94-04c1-424b-9868-57a2d4851a1d" />
    <TestEntry testId="bddaa4ea-e193-4bfb-879f-278e03a32c0b" executionId="6e24907d-84a8-432f-90d6-6748d6d63839" testListId="8c84fa94-04c1-424b-9868-57a2d4851a1d" />
    <TestEntry testId="aa3ad93e-a0fe-4ae1-953d-48c982c4a1fc" executionId="9022d1b4-5072-41ac-b1f4-6d1e4bef6a44" testListId="8c84fa94-04c1-424b-9868-57a2d4851a1d" />
    <TestEntry testId="2fcbeae0-3bc5-4046-adc0-162128d910ac" executionId="9fe8f5d0-d6ad-412f-9032-8dff809b1aea" testListId="8c84fa94-04c1-424b-9868-57a2d4851a1d" />
    <TestEntry testId="e12ac955-38c1-4cc3-a735-c067622f092b" executionId="e5a2b5df-04f8-4583-8c37-924b7f7f508a" testListId="8c84fa94-04c1-424b-9868-57a2d4851a1d" />
    <TestEntry testId="e12e386b-ee48-4fb7-915a-ef09ff576f50" executionId="739e98ae-81ba-48c4-b1ac-601818fd236e" testListId="8c84fa94-04c1-424b-9868-57a2d4851a1d" />
    <TestEntry testId="ad2e851c-2e15-4423-b928-564689f0d75e" executionId="bd3fb99c-7bf7-4614-8ca6-3b7a65fd275b" testListId="8c84fa94-04c1-424b-9868-57a2d4851a1d" />
    <TestEntry testId="47abdc57-981c-4c3a-8d42-e771545b6276" executionId="14aeb41f-99e1-4999-a706-310192279872" testListId="8c84fa94-04c1-424b-9868-57a2d4851a1d" />
    <TestEntry testId="107952d4-8fb8-40ec-be61-09e0701b7a4d" executionId="a7c14aae-fdd0-40fc-8ca9-7494d1cf8506" testListId="8c84fa94-04c1-424b-9868-57a2d4851a1d" />
    <TestEntry testId="2206d5d5-8a7a-4c53-8f65-c42e8740e25a" executionId="51c4869c-2e00-46e0-8ddb-43ccde7d5a4f" testListId="8c84fa94-04c1-424b-9868-57a2d4851a1d" />
    <TestEntry testId="a9853b4f-df77-4cba-aa01-952da902c52a" executionId="372406b6-324b-4733-88fe-41d86fa2fb1d" testListId="8c84fa94-04c1-424b-9868-57a2d4851a1d" />
    <TestEntry testId="80259058-875a-4893-bd85-e8fab3bf48f6" executionId="01876f27-5939-43eb-bf21-7a125c2fe0bd" testListId="8c84fa94-04c1-424b-9868-57a2d4851a1d" />
    <TestEntry testId="3332e67d-9a2c-43f6-941f-c449872eb5f9" executionId="3053ff0a-b99d-43a6-94fa-f4e5bf7c12c7" testListId="8c84fa94-04c1-424b-9868-57a2d4851a1d" />
    <TestEntry testId="68a64813-206f-41fe-90fe-76616e8f637a" executionId="948280ba-da56-4d60-9646-beb602703173" testListId="8c84fa94-04c1-424b-9868-57a2d4851a1d" />
    <TestEntry testId="d7176485-0b1d-44f9-9deb-87b8ba184b89" executionId="bb38989f-a1e9-4f33-bcac-6c8e4ed1c23e" testListId="8c84fa94-04c1-424b-9868-57a2d4851a1d" />
    <TestEntry testId="4ed50359-823e-4865-8036-3f7f0fb76b4b" executionId="2f9b15fe-d698-4bef-a178-4cb581320b46" testListId="8c84fa94-04c1-424b-9868-57a2d4851a1d" />
    <TestEntry testId="d21b6b7a-59ca-4b4b-afa5-82eabace8143" executionId="5b373955-763e-4885-8d35-989e50d48ed1" testListId="8c84fa94-04c1-424b-9868-57a2d4851a1d" />
    <TestEntry testId="dc9a9ddc-2cbf-495f-8d9e-944e88ff55dd" executionId="5ea902f9-03b0-4ddf-8ff8-f46a00c03dec" testListId="8c84fa94-04c1-424b-9868-57a2d4851a1d" />
    <TestEntry testId="a8dd6076-4541-4fc1-9593-4e93bef0b708" executionId="9e79cbe3-2243-49c3-b74a-c7303575e3c1" testListId="8c84fa94-04c1-424b-9868-57a2d4851a1d" />
    <TestEntry testId="d6d93fdb-19f0-487e-ad69-c77429742062" executionId="63485bd0-803b-4e9d-aa6f-d5451f224e79" testListId="8c84fa94-04c1-424b-9868-57a2d4851a1d" />
    <TestEntry testId="7d50dfb2-514b-4c2a-80c4-40f9d369ccc6" executionId="56297f13-13d6-42b4-8fcd-c63bcbe28fea" testListId="8c84fa94-04c1-424b-9868-57a2d4851a1d" />
    <TestEntry testId="d856f31d-4524-4f7b-92ef-72f1587dc483" executionId="3afd612b-35fe-4aed-950f-3653a9917c81" testListId="8c84fa94-04c1-424b-9868-57a2d4851a1d" />
    <TestEntry testId="fd865e79-669b-4778-a1bb-d271400b5499" executionId="efe745e6-c8dd-42e8-8f8d-1f4104bb31ad" testListId="8c84fa94-04c1-424b-9868-57a2d4851a1d" />
    <TestEntry testId="758a74f9-0ef4-4c1f-bdd5-2ca90d23f416" executionId="d5dc85cd-e391-4655-ad5e-4c9a2bbb1a41" testListId="8c84fa94-04c1-424b-9868-57a2d4851a1d" />
    <TestEntry testId="fd46671e-2657-4e01-a474-297880346ef4" executionId="0fd47266-c8fe-4d2d-9775-e7eec1a58e3e" testListId="8c84fa94-04c1-424b-9868-57a2d4851a1d" />
    <TestEntry testId="20809a07-eb1b-45e0-b8ff-956f15ec8e0f" executionId="8241323c-4fb2-4743-9fe9-08fb0fab6ea1" testListId="8c84fa94-04c1-424b-9868-57a2d4851a1d" />
    <TestEntry testId="d7e1e2a1-e491-4275-93e3-c8c4a37b0696" executionId="beb961cc-4c2c-4497-89e6-3fc5afad1e15" testListId="8c84fa94-04c1-424b-9868-57a2d4851a1d" />
    <TestEntry testId="1b3c60e8-759e-4554-8f5e-d32b1af1e1f7" executionId="8081d45a-7dd0-4961-950b-077301c519f0" testListId="8c84fa94-04c1-424b-9868-57a2d4851a1d" />
    <TestEntry testId="f261e297-42e7-4b83-86ba-55e62da2b54f" executionId="2dcc321c-08ac-4d73-8257-c55ee37534e7" testListId="8c84fa94-04c1-424b-9868-57a2d4851a1d" />
    <TestEntry testId="7a0cd171-6dfb-4b1c-aa55-d66c7e940dfa" executionId="d2d05b3e-a4be-402b-89b6-cc51556b611d" testListId="8c84fa94-04c1-424b-9868-57a2d4851a1d" />
    <TestEntry testId="b9e52f8c-7fc4-4d28-92d5-5bb1b1784fb3" executionId="1bb6acee-2ae0-46a2-8cb7-ae891eed2191" testListId="8c84fa94-04c1-424b-9868-57a2d4851a1d" />
    <TestEntry testId="ed649861-e5f2-4b51-94c4-902de24f5838" executionId="f48705a4-fd94-4132-bd37-238b5ea2781a" testListId="8c84fa94-04c1-424b-9868-57a2d4851a1d" />
    <TestEntry testId="7355178e-7cb0-4eb8-af20-30164f02847a" executionId="fb313555-5a54-4421-aea4-bdf6a6cc4199" testListId="8c84fa94-04c1-424b-9868-57a2d4851a1d" />
    <TestEntry testId="d8ab7b46-22bb-4381-9389-2228edfba690" executionId="8b0dcf3f-18d3-4641-8c89-92aeeae09c78" testListId="8c84fa94-04c1-424b-9868-57a2d4851a1d" />
    <TestEntry testId="c60c2f7a-0a61-4c81-ae3f-f16b87bdd2c2" executionId="09e0c2c9-e07e-4814-a1c5-02ad241cdec4" testListId="8c84fa94-04c1-424b-9868-57a2d4851a1d" />
    <TestEntry testId="8f294073-2806-4d41-87c5-09fd59121158" executionId="fd08adae-19f4-4bed-9cca-6285bef0db6d" testListId="8c84fa94-04c1-424b-9868-57a2d4851a1d" />
    <TestEntry testId="7ff7919e-7ff5-4b60-a433-0d1d4b9ea050" executionId="4ea177b4-742d-4f6a-a459-dc108880299f" testListId="8c84fa94-04c1-424b-9868-57a2d4851a1d" />
    <TestEntry testId="293430f1-cd30-4704-bd16-346c12288856" executionId="2f91affb-2612-4b50-b7bd-5ae98e347169" testListId="8c84fa94-04c1-424b-9868-57a2d4851a1d" />
    <TestEntry testId="bfee7d08-5a6e-4aa1-bdaa-a87c66fa4d38" executionId="be1c023c-0bea-4af2-a491-b79f21065fea" testListId="8c84fa94-04c1-424b-9868-57a2d4851a1d" />
    <TestEntry testId="cc333d57-93ca-4277-88c0-c69827f84d2f" executionId="9e048ed2-b02b-4c38-8947-c7849934cf46" testListId="8c84fa94-04c1-424b-9868-57a2d4851a1d" />
    <TestEntry testId="d95fe559-da04-451c-816e-c7362097875d" executionId="703437df-6310-4a48-a4a6-be739009c0e5" testListId="8c84fa94-04c1-424b-9868-57a2d4851a1d" />
  </TestEntries>
  <TestLists>
    <TestList name="Resultados sin formato de lista" id="8c84fa94-04c1-424b-9868-57a2d4851a1d" />
    <TestList name="Todos los resultados cargados" id="19431567-8539-422a-85d7-44ee4e166bda" />
  </TestLists>
  <ResultSummary outcome="Completed">
    <Counters total="405" executed="405" passed="405" failed="0" error="0" timeout="0" aborted="0" inconclusive="0" passedButRunAborted="0" notRunnable="0" notExecuted="0" disconnected="0" warning="0" completed="0" inProgress="0" pending="0" />
  </ResultSummary>
</TestRun>