<?xml version="1.0" encoding="utf-8"?>
<TestRun id="fba64086-dedd-4ff6-99b1-c0e2b04deb67" name="sferrari@PC-SFERRARI 2020-08-17 17:49:33" runUser="PC-SFERRARI\sferrari" xmlns="http://microsoft.com/schemas/VisualStudio/TeamTest/2010">
  <Times creation="2020-08-17T17:49:33.7262932+01:00" queuing="2020-08-17T17:49:33.7262932+01:00" start="2020-08-17T17:49:31.1501807+01:00" finish="2020-08-17T17:49:37.8652269+01:00" />
  <TestSettings name="default" id="19a41834-f97b-4497-961f-4904f843d1d2">
    <Deployment runDeploymentRoot="sferrari_PC-SFERRARI_2020-08-17_17_49_33" />
  </TestSettings>
  <Results>
    <UnitTestResult executionId="cb6adbfb-971d-4cd1-b7d2-e232eaf43fc4" testId="5e237822-3b9d-da27-9221-3ae1f5eb15b0" testName="ToEnvironment_Passing_Staging_Enviroment_Returns_Staging_Name" computerName="PC-SFERRARI" duration="00:00:00.0005466" startTime="2020-08-17T17:49:33.6449190+01:00" endTime="2020-08-17T17:49:33.6455747+01:00" testType="13cdc9d9-ddb5-4fa4-a97d-d965ccfc6d4b" outcome="Passed" testListId="8c84fa94-04c1-424b-9868-57a2d4851a1d" relativeResultsDirectory="cb6adbfb-971d-4cd1-b7d2-e232eaf43fc4" />
    <UnitTestResult executionId="e6d64c46-c2c4-426a-8604-bae7c4df785e" testId="4a2e80a7-472b-b7f7-ba61-ac77aed5735d" testName="ToHeader_Passing_HttpRequest_Header_Value_Returns_Value" computerName="PC-SFERRARI" duration="00:00:00.0005361" startTime="2020-08-17T17:49:36.0175332+01:00" endTime="2020-08-17T17:49:36.0181915+01:00" testType="13cdc9d9-ddb5-4fa4-a97d-d965ccfc6d4b" outcome="Passed" testListId="8c84fa94-04c1-424b-9868-57a2d4851a1d" relativeResultsDirectory="e6d64c46-c2c4-426a-8604-bae7c4df785e" />
    <UnitTestResult executionId="06ef798c-5e32-49b9-8fb3-a1e38059a40b" testId="21ae5425-e2d1-002f-334f-105a6a674a01" testName="ToEnvironment_ServiceCollection_Passing_Custom_Enviroment_Returns_Custom_Name" computerName="PC-SFERRARI" duration="00:00:00.0004749" startTime="2020-08-17T17:49:34.4138848+01:00" endTime="2020-08-17T17:49:34.4144553+01:00" testType="13cdc9d9-ddb5-4fa4-a97d-d965ccfc6d4b" outcome="Passed" testListId="8c84fa94-04c1-424b-9868-57a2d4851a1d" relativeResultsDirectory="06ef798c-5e32-49b9-8fb3-a1e38059a40b" />
    <UnitTestResult executionId="26676c6b-6dcc-4295-b500-f4618228cc67" testId="4ead3f79-a54e-1b96-838c-d0c2f491cb0d" testName="ToAge_Passing_Birthday_DateTime_Returns_Age" computerName="PC-SFERRARI" duration="00:00:00.0022669" startTime="2020-08-17T17:49:34.5926508+01:00" endTime="2020-08-17T17:49:34.5952085+01:00" testType="13cdc9d9-ddb5-4fa4-a97d-d965ccfc6d4b" outcome="Passed" testListId="8c84fa94-04c1-424b-9868-57a2d4851a1d" relativeResultsDirectory="26676c6b-6dcc-4295-b500-f4618228cc67" />
    <UnitTestResult executionId="8b9f5f74-7363-419e-8b29-185403913c57" testId="0cb5eb43-9273-0bdf-bd18-53b184535503" testName="ToMessage_Passing_ExceptionWithMessage_Returns_Message" computerName="PC-SFERRARI" duration="00:00:00.0001455" startTime="2020-08-17T17:49:34.7668962+01:00" endTime="2020-08-17T17:49:34.7671312+01:00" testType="13cdc9d9-ddb5-4fa4-a97d-d965ccfc6d4b" outcome="Passed" testListId="8c84fa94-04c1-424b-9868-57a2d4851a1d" relativeResultsDirectory="8b9f5f74-7363-419e-8b29-185403913c57" />
    <UnitTestResult executionId="c5969776-d752-46ea-84c1-131220cb37d6" testId="ffa669f9-8e25-a33b-f8f7-c3ba4a576a2b" testName="ToDefaultValue_Passing_ValidStruct_Returns_DefaultValue" computerName="PC-SFERRARI" duration="00:00:00.0002028" startTime="2020-08-17T17:49:37.3128089+01:00" endTime="2020-08-17T17:49:37.3130941+01:00" testType="13cdc9d9-ddb5-4fa4-a97d-d965ccfc6d4b" outcome="Passed" testListId="8c84fa94-04c1-424b-9868-57a2d4851a1d" relativeResultsDirectory="c5969776-d752-46ea-84c1-131220cb37d6" />
    <UnitTestResult executionId="40cbaa51-2113-4c6e-8282-9f820e8d3a10" testId="225c09bd-86d5-d9ce-d2b8-18431ca384e3" testName="ToDefaultValue_Passing_ValidGuid_Returns_DefaultValue" computerName="PC-SFERRARI" duration="00:00:00.0002351" startTime="2020-08-17T17:49:37.3120401+01:00" endTime="2020-08-17T17:49:37.3123540+01:00" testType="13cdc9d9-ddb5-4fa4-a97d-d965ccfc6d4b" outcome="Passed" testListId="8c84fa94-04c1-424b-9868-57a2d4851a1d" relativeResultsDirectory="40cbaa51-2113-4c6e-8282-9f820e8d3a10" />
    <UnitTestResult executionId="767ff2e4-2219-4703-a8b4-f64300b35ffc" testId="7dc20d31-477c-3765-83c0-7575a504da96" testName="ToNormalize_Passing_ValidValue_Returns_NormalizedValue" computerName="PC-SFERRARI" duration="00:00:00.0030506" startTime="2020-08-17T17:49:37.0065167+01:00" endTime="2020-08-17T17:49:37.0096641+01:00" testType="13cdc9d9-ddb5-4fa4-a97d-d965ccfc6d4b" outcome="Passed" testListId="8c84fa94-04c1-424b-9868-57a2d4851a1d" relativeResultsDirectory="767ff2e4-2219-4703-a8b4-f64300b35ffc" resultType="DataDrivenTest">
      <InnerResults>
        <UnitTestResult executionId="465b7e5b-fe58-4b4f-a30e-ecd89fcb91a9" parentExecutionId="767ff2e4-2219-4703-a8b4-f64300b35ffc" testId="7dc20d31-477c-3765-83c0-7575a504da96" testName="ToNormalize_Passing_ValidValue_Returns_NormalizedValue (àáäâãøçħ,aaaaaoch)" computerName="PC-SFERRARI" duration="00:00:00.0027920" startTime="2020-08-17T17:49:37.0065167+01:00" endTime="2020-08-17T17:49:37.0096641+01:00" testType="13cdc9d9-ddb5-4fa4-a97d-d965ccfc6d4b" outcome="Passed" testListId="8c84fa94-04c1-424b-9868-57a2d4851a1d" relativeResultsDirectory="465b7e5b-fe58-4b4f-a30e-ecd89fcb91a9" dataRowInfo="1" resultType="DataDrivenDataRow" />
        <UnitTestResult executionId="e7aa4313-ba4e-47f8-877c-6ea2873efce2" parentExecutionId="767ff2e4-2219-4703-a8b4-f64300b35ffc" testId="7dc20d31-477c-3765-83c0-7575a504da96" testName="ToNormalize_Passing_ValidValue_Returns_NormalizedValue ( àáäâ ãøçħ ,aaaa aoch)" computerName="PC-SFERRARI" duration="00:00:00.0000751" startTime="2020-08-17T17:49:37.0065167+01:00" endTime="2020-08-17T17:49:37.0096641+01:00" testType="13cdc9d9-ddb5-4fa4-a97d-d965ccfc6d4b" outcome="Passed" testListId="8c84fa94-04c1-424b-9868-57a2d4851a1d" relativeResultsDirectory="e7aa4313-ba4e-47f8-877c-6ea2873efce2" dataRowInfo="2" resultType="DataDrivenDataRow" />
        <UnitTestResult executionId="2279835d-5c73-47de-b4c0-4299e0e848aa" parentExecutionId="767ff2e4-2219-4703-a8b4-f64300b35ffc" testId="7dc20d31-477c-3765-83c0-7575a504da96" testName="ToNormalize_Passing_ValidValue_Returns_NormalizedValue (*¨^_:-?¿;,)" computerName="PC-SFERRARI" duration="00:00:00.0000440" startTime="2020-08-17T17:49:37.0065167+01:00" endTime="2020-08-17T17:49:37.0096641+01:00" testType="13cdc9d9-ddb5-4fa4-a97d-d965ccfc6d4b" outcome="Passed" testListId="8c84fa94-04c1-424b-9868-57a2d4851a1d" relativeResultsDirectory="2279835d-5c73-47de-b4c0-4299e0e848aa" dataRowInfo="3" resultType="DataDrivenDataRow" />
        <UnitTestResult executionId="117f5a90-0b39-4e8d-a15d-711ddbbdf417" parentExecutionId="767ff2e4-2219-4703-a8b4-f64300b35ffc" testId="7dc20d31-477c-3765-83c0-7575a504da96" testName="ToNormalize_Passing_ValidValue_Returns_NormalizedValue ( * ¨ ^ _ : - ? ¿ ; ,)" computerName="PC-SFERRARI" duration="00:00:00.0000265" startTime="2020-08-17T17:49:37.0065167+01:00" endTime="2020-08-17T17:49:37.0096641+01:00" testType="13cdc9d9-ddb5-4fa4-a97d-d965ccfc6d4b" outcome="Passed" testListId="8c84fa94-04c1-424b-9868-57a2d4851a1d" relativeResultsDirectory="117f5a90-0b39-4e8d-a15d-711ddbbdf417" dataRowInfo="4" resultType="DataDrivenDataRow" />
      </InnerResults>
    </UnitTestResult>
    <UnitTestResult executionId="912bd0f1-e328-4187-beda-ebff5252846d" testId="78100b1f-11c5-b9a9-157c-80c938e7669a" testName="IsRegex_Passing_InvalidArguments_Returns_HasErrorsAndCount" computerName="PC-SFERRARI" duration="00:00:00.0003261" startTime="2020-08-17T17:49:33.9936459+01:00" endTime="2020-08-17T17:49:33.9940556+01:00" testType="13cdc9d9-ddb5-4fa4-a97d-d965ccfc6d4b" outcome="Passed" testListId="8c84fa94-04c1-424b-9868-57a2d4851a1d" relativeResultsDirectory="912bd0f1-e328-4187-beda-ebff5252846d" />
    <UnitTestResult executionId="b719f780-866a-4ddb-ab90-ba35d91071b1" testId="34931354-7c25-7812-28fe-96ea501746b4" testName="ToSetTime_Passing_Time_String_Returns_DateTime" computerName="PC-SFERRARI" duration="00:00:00.0003464" startTime="2020-08-17T17:49:34.6316749+01:00" endTime="2020-08-17T17:49:34.6320984+01:00" testType="13cdc9d9-ddb5-4fa4-a97d-d965ccfc6d4b" outcome="Passed" testListId="8c84fa94-04c1-424b-9868-57a2d4851a1d" relativeResultsDirectory="b719f780-866a-4ddb-ab90-ba35d91071b1" />
    <UnitTestResult executionId="c938f12b-f91f-42b6-b31a-b3481fe4cb72" testId="bb347f18-44ab-0d77-d5bd-a671e4c37650" testName="ToRemove_Passing_ValidValue_Returns_ValueWithoutRemovedChars" computerName="PC-SFERRARI" duration="00:00:00.0033244" startTime="2020-08-17T17:49:37.0352082+01:00" endTime="2020-08-17T17:49:37.0387433+01:00" testType="13cdc9d9-ddb5-4fa4-a97d-d965ccfc6d4b" outcome="Passed" testListId="8c84fa94-04c1-424b-9868-57a2d4851a1d" relativeResultsDirectory="c938f12b-f91f-42b6-b31a-b3481fe4cb72" resultType="DataDrivenTest">
      <InnerResults>
        <UnitTestResult executionId="d8d3aadb-2f85-4d95-89de-07ad6045bca8" parentExecutionId="c938f12b-f91f-42b6-b31a-b3481fe4cb72" testId="bb347f18-44ab-0d77-d5bd-a671e4c37650" testName="ToRemove_Passing_ValidValue_Returns_ValueWithoutRemovedChars ( *, ,*)" computerName="PC-SFERRARI" duration="00:00:00.0030529" startTime="2020-08-17T17:49:37.0352082+01:00" endTime="2020-08-17T17:49:37.0387433+01:00" testType="13cdc9d9-ddb5-4fa4-a97d-d965ccfc6d4b" outcome="Passed" testListId="8c84fa94-04c1-424b-9868-57a2d4851a1d" relativeResultsDirectory="d8d3aadb-2f85-4d95-89de-07ad6045bca8" dataRowInfo="1" resultType="DataDrivenDataRow" />
        <UnitTestResult executionId="6f568916-2996-43aa-b601-7dd7dbb22e06" parentExecutionId="c938f12b-f91f-42b6-b31a-b3481fe4cb72" testId="bb347f18-44ab-0d77-d5bd-a671e4c37650" testName="ToRemove_Passing_ValidValue_Returns_ValueWithoutRemovedChars (* , ,*)" computerName="PC-SFERRARI" duration="00:00:00.0000105" startTime="2020-08-17T17:49:37.0352082+01:00" endTime="2020-08-17T17:49:37.0387433+01:00" testType="13cdc9d9-ddb5-4fa4-a97d-d965ccfc6d4b" outcome="Passed" testListId="8c84fa94-04c1-424b-9868-57a2d4851a1d" relativeResultsDirectory="6f568916-2996-43aa-b601-7dd7dbb22e06" dataRowInfo="2" resultType="DataDrivenDataRow" />
        <UnitTestResult executionId="d3dfed8e-f7f5-4de4-ac6a-80684e26d319" parentExecutionId="c938f12b-f91f-42b6-b31a-b3481fe4cb72" testId="bb347f18-44ab-0d77-d5bd-a671e4c37650" testName="ToRemove_Passing_ValidValue_Returns_ValueWithoutRemovedChars ( * , ,*)" computerName="PC-SFERRARI" duration="00:00:00.0000037" startTime="2020-08-17T17:49:37.0352082+01:00" endTime="2020-08-17T17:49:37.0387433+01:00" testType="13cdc9d9-ddb5-4fa4-a97d-d965ccfc6d4b" outcome="Passed" testListId="8c84fa94-04c1-424b-9868-57a2d4851a1d" relativeResultsDirectory="d3dfed8e-f7f5-4de4-ac6a-80684e26d319" dataRowInfo="3" resultType="DataDrivenDataRow" />
        <UnitTestResult executionId="56646673-a06e-48e5-a205-ee8730ed831a" parentExecutionId="c938f12b-f91f-42b6-b31a-b3481fe4cb72" testId="bb347f18-44ab-0d77-d5bd-a671e4c37650" testName="ToRemove_Passing_ValidValue_Returns_ValueWithoutRemovedChars (hello hello, ,hellohello)" computerName="PC-SFERRARI" duration="00:00:00.0000037" startTime="2020-08-17T17:49:37.0352082+01:00" endTime="2020-08-17T17:49:37.0387433+01:00" testType="13cdc9d9-ddb5-4fa4-a97d-d965ccfc6d4b" outcome="Passed" testListId="8c84fa94-04c1-424b-9868-57a2d4851a1d" relativeResultsDirectory="56646673-a06e-48e5-a205-ee8730ed831a" dataRowInfo="4" resultType="DataDrivenDataRow" />
        <UnitTestResult executionId="873c23fe-f3d3-4036-a577-611325834508" parentExecutionId="c938f12b-f91f-42b6-b31a-b3481fe4cb72" testId="bb347f18-44ab-0d77-d5bd-a671e4c37650" testName="ToRemove_Passing_ValidValue_Returns_ValueWithoutRemovedChars (hello hello , ,hellohello)" computerName="PC-SFERRARI" duration="00:00:00.0000036" startTime="2020-08-17T17:49:37.0352082+01:00" endTime="2020-08-17T17:49:37.0387433+01:00" testType="13cdc9d9-ddb5-4fa4-a97d-d965ccfc6d4b" outcome="Passed" testListId="8c84fa94-04c1-424b-9868-57a2d4851a1d" relativeResultsDirectory="873c23fe-f3d3-4036-a577-611325834508" dataRowInfo="5" resultType="DataDrivenDataRow" />
        <UnitTestResult executionId="569a8c1e-449c-43eb-9816-906fc6f2274b" parentExecutionId="c938f12b-f91f-42b6-b31a-b3481fe4cb72" testId="bb347f18-44ab-0d77-d5bd-a671e4c37650" testName="ToRemove_Passing_ValidValue_Returns_ValueWithoutRemovedChars ( hello hello , ,hellohello)" computerName="PC-SFERRARI" duration="00:00:00.0000034" startTime="2020-08-17T17:49:37.0352082+01:00" endTime="2020-08-17T17:49:37.0387433+01:00" testType="13cdc9d9-ddb5-4fa4-a97d-d965ccfc6d4b" outcome="Passed" testListId="8c84fa94-04c1-424b-9868-57a2d4851a1d" relativeResultsDirectory="569a8c1e-449c-43eb-9816-906fc6f2274b" dataRowInfo="6" resultType="DataDrivenDataRow" />
        <UnitTestResult executionId="3ddaf094-c252-46bb-87ce-f2afcc19eab0" parentExecutionId="c938f12b-f91f-42b6-b31a-b3481fe4cb72" testId="bb347f18-44ab-0d77-d5bd-a671e4c37650" testName="ToRemove_Passing_ValidValue_Returns_ValueWithoutRemovedChars (aeiou,a,eiou)" computerName="PC-SFERRARI" duration="00:00:00.0000032" startTime="2020-08-17T17:49:37.0352082+01:00" endTime="2020-08-17T17:49:37.0387433+01:00" testType="13cdc9d9-ddb5-4fa4-a97d-d965ccfc6d4b" outcome="Passed" testListId="8c84fa94-04c1-424b-9868-57a2d4851a1d" relativeResultsDirectory="3ddaf094-c252-46bb-87ce-f2afcc19eab0" dataRowInfo="7" resultType="DataDrivenDataRow" />
        <UnitTestResult executionId="521e01a2-f6c2-4a41-9f65-c1d5748cf816" parentExecutionId="c938f12b-f91f-42b6-b31a-b3481fe4cb72" testId="bb347f18-44ab-0d77-d5bd-a671e4c37650" testName="ToRemove_Passing_ValidValue_Returns_ValueWithoutRemovedChars (aeiou,ae,iou)" computerName="PC-SFERRARI" duration="00:00:00.0000031" startTime="2020-08-17T17:49:37.0352082+01:00" endTime="2020-08-17T17:49:37.0387433+01:00" testType="13cdc9d9-ddb5-4fa4-a97d-d965ccfc6d4b" outcome="Passed" testListId="8c84fa94-04c1-424b-9868-57a2d4851a1d" relativeResultsDirectory="521e01a2-f6c2-4a41-9f65-c1d5748cf816" dataRowInfo="8" resultType="DataDrivenDataRow" />
        <UnitTestResult executionId="f2f00896-c511-405d-8d91-f5ac301ac4ca" parentExecutionId="c938f12b-f91f-42b6-b31a-b3481fe4cb72" testId="bb347f18-44ab-0d77-d5bd-a671e4c37650" testName="ToRemove_Passing_ValidValue_Returns_ValueWithoutRemovedChars (aeiou,aei,ou)" computerName="PC-SFERRARI" duration="00:00:00.0000030" startTime="2020-08-17T17:49:37.0352082+01:00" endTime="2020-08-17T17:49:37.0387433+01:00" testType="13cdc9d9-ddb5-4fa4-a97d-d965ccfc6d4b" outcome="Passed" testListId="8c84fa94-04c1-424b-9868-57a2d4851a1d" relativeResultsDirectory="f2f00896-c511-405d-8d91-f5ac301ac4ca" dataRowInfo="9" resultType="DataDrivenDataRow" />
        <UnitTestResult executionId="83965cc0-f3b7-428a-b7ba-6a7f57899626" parentExecutionId="c938f12b-f91f-42b6-b31a-b3481fe4cb72" testId="bb347f18-44ab-0d77-d5bd-a671e4c37650" testName="ToRemove_Passing_ValidValue_Returns_ValueWithoutRemovedChars (aeiou,aeio,u)" computerName="PC-SFERRARI" duration="00:00:00.0000030" startTime="2020-08-17T17:49:37.0352082+01:00" endTime="2020-08-17T17:49:37.0387433+01:00" testType="13cdc9d9-ddb5-4fa4-a97d-d965ccfc6d4b" outcome="Passed" testListId="8c84fa94-04c1-424b-9868-57a2d4851a1d" relativeResultsDirectory="83965cc0-f3b7-428a-b7ba-6a7f57899626" dataRowInfo="10" resultType="DataDrivenDataRow" />
        <UnitTestResult executionId="6a3dba2a-d6eb-4ffe-bb83-bc7cf8add9da" parentExecutionId="c938f12b-f91f-42b6-b31a-b3481fe4cb72" testId="bb347f18-44ab-0d77-d5bd-a671e4c37650" testName="ToRemove_Passing_ValidValue_Returns_ValueWithoutRemovedChars (aeiou,aeiou,)" computerName="PC-SFERRARI" duration="00:00:00.0000035" startTime="2020-08-17T17:49:37.0352082+01:00" endTime="2020-08-17T17:49:37.0387433+01:00" testType="13cdc9d9-ddb5-4fa4-a97d-d965ccfc6d4b" outcome="Passed" testListId="8c84fa94-04c1-424b-9868-57a2d4851a1d" relativeResultsDirectory="6a3dba2a-d6eb-4ffe-bb83-bc7cf8add9da" dataRowInfo="11" resultType="DataDrivenDataRow" />
        <UnitTestResult executionId="e078c618-8a15-4f5d-bfbe-8f9fb3f05dc7" parentExecutionId="c938f12b-f91f-42b6-b31a-b3481fe4cb72" testId="bb347f18-44ab-0d77-d5bd-a671e4c37650" testName="ToRemove_Passing_ValidValue_Returns_ValueWithoutRemovedChars (aeiou,e,aiou)" computerName="PC-SFERRARI" duration="00:00:00.0000030" startTime="2020-08-17T17:49:37.0352082+01:00" endTime="2020-08-17T17:49:37.0387433+01:00" testType="13cdc9d9-ddb5-4fa4-a97d-d965ccfc6d4b" outcome="Passed" testListId="8c84fa94-04c1-424b-9868-57a2d4851a1d" relativeResultsDirectory="e078c618-8a15-4f5d-bfbe-8f9fb3f05dc7" dataRowInfo="12" resultType="DataDrivenDataRow" />
        <UnitTestResult executionId="e600385c-b680-4d7a-915e-94f0d42fcb96" parentExecutionId="c938f12b-f91f-42b6-b31a-b3481fe4cb72" testId="bb347f18-44ab-0d77-d5bd-a671e4c37650" testName="ToRemove_Passing_ValidValue_Returns_ValueWithoutRemovedChars (aeiou,ei,aou)" computerName="PC-SFERRARI" duration="00:00:00.0000030" startTime="2020-08-17T17:49:37.0352082+01:00" endTime="2020-08-17T17:49:37.0387433+01:00" testType="13cdc9d9-ddb5-4fa4-a97d-d965ccfc6d4b" outcome="Passed" testListId="8c84fa94-04c1-424b-9868-57a2d4851a1d" relativeResultsDirectory="e600385c-b680-4d7a-915e-94f0d42fcb96" dataRowInfo="13" resultType="DataDrivenDataRow" />
      </InnerResults>
    </UnitTestResult>
    <UnitTestResult executionId="05942cbd-2423-4d06-810c-ca9a10bd9bc0" testId="605637df-9854-875b-b3aa-6675f3fbd045" testName="ToEnum_Passing_ValidValue_String_Returns_EnumValue" computerName="PC-SFERRARI" duration="00:00:00.0000980" startTime="2020-08-17T17:49:36.9308667+01:00" endTime="2020-08-17T17:49:36.9310478+01:00" testType="13cdc9d9-ddb5-4fa4-a97d-d965ccfc6d4b" outcome="Passed" testListId="8c84fa94-04c1-424b-9868-57a2d4851a1d" relativeResultsDirectory="05942cbd-2423-4d06-810c-ca9a10bd9bc0" />
    <UnitTestResult executionId="bc7f65b9-8680-4b96-945c-0798f96bba29" testId="1064d8aa-5d0e-6bf5-83ee-952a4d1fd93b" testName="ToEnum_Passing_InvalidValueInt_Returns_EnumCustomValue" computerName="PC-SFERRARI" duration="00:00:00.0008201" startTime="2020-08-17T17:49:36.8947819+01:00" endTime="2020-08-17T17:49:36.8957007+01:00" testType="13cdc9d9-ddb5-4fa4-a97d-d965ccfc6d4b" outcome="Passed" testListId="8c84fa94-04c1-424b-9868-57a2d4851a1d" relativeResultsDirectory="bc7f65b9-8680-4b96-945c-0798f96bba29" />
    <UnitTestResult executionId="8820e12f-d646-4489-8f49-9f34ea1dadc2" testId="86b92527-4d52-052b-63ae-d9a8aa694919" testName="ToSettings_Passing_Values_From_Memory_Returns_Settings" computerName="PC-SFERRARI" duration="00:00:00.0010316" startTime="2020-08-17T17:49:34.5914483+01:00" endTime="2020-08-17T17:49:34.5926217+01:00" testType="13cdc9d9-ddb5-4fa4-a97d-d965ccfc6d4b" outcome="Passed" testListId="8c84fa94-04c1-424b-9868-57a2d4851a1d" relativeResultsDirectory="8820e12f-d646-4489-8f49-9f34ea1dadc2" />
    <UnitTestResult executionId="af4c6511-4abe-4d21-80b2-63e0e11b694c" testId="845c887e-a785-555d-db89-1c2975a33bbb" testName="ToServiceMatchingInterface_Passing_Valid_Assembly_Returns_Service" computerName="PC-SFERRARI" duration="00:00:00.0407402" startTime="2020-08-17T17:49:34.4591276+01:00" endTime="2020-08-17T17:49:34.5000547+01:00" testType="13cdc9d9-ddb5-4fa4-a97d-d965ccfc6d4b" outcome="Passed" testListId="8c84fa94-04c1-424b-9868-57a2d4851a1d" relativeResultsDirectory="af4c6511-4abe-4d21-80b2-63e0e11b694c" />
    <UnitTestResult executionId="d38e5b72-e756-4bbe-99a3-6c91784ace55" testId="bc15aa99-72de-0e5a-b6e8-2d654659d591" testName="ToUri_Passing_InvalidValueString_Returns_DefaultValue" computerName="PC-SFERRARI" duration="00:00:00.0012666" startTime="2020-08-17T17:49:37.1280710+01:00" endTime="2020-08-17T17:49:37.1295710+01:00" testType="13cdc9d9-ddb5-4fa4-a97d-d965ccfc6d4b" outcome="Passed" testListId="8c84fa94-04c1-424b-9868-57a2d4851a1d" relativeResultsDirectory="d38e5b72-e756-4bbe-99a3-6c91784ace55" resultType="DataDrivenTest">
      <InnerResults>
        <UnitTestResult executionId="b33b8e11-ac82-4bd3-b516-8c7aa206285d" parentExecutionId="d38e5b72-e756-4bbe-99a3-6c91784ace55" testId="bc15aa99-72de-0e5a-b6e8-2d654659d591" testName="ToUri_Passing_InvalidValueString_Returns_DefaultValue (http://?)" computerName="PC-SFERRARI" duration="00:00:00.0010347" startTime="2020-08-17T17:49:37.1280710+01:00" endTime="2020-08-17T17:49:37.1295710+01:00" testType="13cdc9d9-ddb5-4fa4-a97d-d965ccfc6d4b" outcome="Passed" testListId="8c84fa94-04c1-424b-9868-57a2d4851a1d" relativeResultsDirectory="b33b8e11-ac82-4bd3-b516-8c7aa206285d" dataRowInfo="1" resultType="DataDrivenDataRow" />
        <UnitTestResult executionId="6c60a445-d9f1-40f7-acef-7a22acac4730" parentExecutionId="d38e5b72-e756-4bbe-99a3-6c91784ace55" testId="bc15aa99-72de-0e5a-b6e8-2d654659d591" testName="ToUri_Passing_InvalidValueString_Returns_DefaultValue (http://)" computerName="PC-SFERRARI" duration="00:00:00.0000112" startTime="2020-08-17T17:49:37.1280710+01:00" endTime="2020-08-17T17:49:37.1295710+01:00" testType="13cdc9d9-ddb5-4fa4-a97d-d965ccfc6d4b" outcome="Passed" testListId="8c84fa94-04c1-424b-9868-57a2d4851a1d" relativeResultsDirectory="6c60a445-d9f1-40f7-acef-7a22acac4730" dataRowInfo="2" resultType="DataDrivenDataRow" />
        <UnitTestResult executionId="ff471edc-44f5-40ea-956e-9cebcae430df" parentExecutionId="d38e5b72-e756-4bbe-99a3-6c91784ace55" testId="bc15aa99-72de-0e5a-b6e8-2d654659d591" testName="ToUri_Passing_InvalidValueString_Returns_DefaultValue (http://.)" computerName="PC-SFERRARI" duration="00:00:00.0000344" startTime="2020-08-17T17:49:37.1280710+01:00" endTime="2020-08-17T17:49:37.1295710+01:00" testType="13cdc9d9-ddb5-4fa4-a97d-d965ccfc6d4b" outcome="Passed" testListId="8c84fa94-04c1-424b-9868-57a2d4851a1d" relativeResultsDirectory="ff471edc-44f5-40ea-956e-9cebcae430df" dataRowInfo="3" resultType="DataDrivenDataRow" />
        <UnitTestResult executionId="5501729a-a289-4e8c-b50b-bcbc7e933145" parentExecutionId="d38e5b72-e756-4bbe-99a3-6c91784ace55" testId="bc15aa99-72de-0e5a-b6e8-2d654659d591" testName="ToUri_Passing_InvalidValueString_Returns_DefaultValue (http://..)" computerName="PC-SFERRARI" duration="00:00:00.0000057" startTime="2020-08-17T17:49:37.1280710+01:00" endTime="2020-08-17T17:49:37.1295710+01:00" testType="13cdc9d9-ddb5-4fa4-a97d-d965ccfc6d4b" outcome="Passed" testListId="8c84fa94-04c1-424b-9868-57a2d4851a1d" relativeResultsDirectory="5501729a-a289-4e8c-b50b-bcbc7e933145" dataRowInfo="4" resultType="DataDrivenDataRow" />
        <UnitTestResult executionId="5b0863cb-86e6-4941-9246-33a6910b0dc2" parentExecutionId="d38e5b72-e756-4bbe-99a3-6c91784ace55" testId="bc15aa99-72de-0e5a-b6e8-2d654659d591" testName="ToUri_Passing_InvalidValueString_Returns_DefaultValue (http://../)" computerName="PC-SFERRARI" duration="00:00:00.0000037" startTime="2020-08-17T17:49:37.1280710+01:00" endTime="2020-08-17T17:49:37.1295710+01:00" testType="13cdc9d9-ddb5-4fa4-a97d-d965ccfc6d4b" outcome="Passed" testListId="8c84fa94-04c1-424b-9868-57a2d4851a1d" relativeResultsDirectory="5b0863cb-86e6-4941-9246-33a6910b0dc2" dataRowInfo="5" resultType="DataDrivenDataRow" />
        <UnitTestResult executionId="b6cc0cb4-7101-42ce-aa94-11a40be4d4cb" parentExecutionId="d38e5b72-e756-4bbe-99a3-6c91784ace55" testId="bc15aa99-72de-0e5a-b6e8-2d654659d591" testName="ToUri_Passing_InvalidValueString_Returns_DefaultValue (http://?)" computerName="PC-SFERRARI" duration="00:00:00.0000043" startTime="2020-08-17T17:49:37.1280710+01:00" endTime="2020-08-17T17:49:37.1295710+01:00" testType="13cdc9d9-ddb5-4fa4-a97d-d965ccfc6d4b" outcome="Passed" testListId="8c84fa94-04c1-424b-9868-57a2d4851a1d" relativeResultsDirectory="b6cc0cb4-7101-42ce-aa94-11a40be4d4cb" dataRowInfo="6" resultType="DataDrivenDataRow" />
        <UnitTestResult executionId="c24cabc3-c07c-4fcc-991d-4231a605307f" parentExecutionId="d38e5b72-e756-4bbe-99a3-6c91784ace55" testId="bc15aa99-72de-0e5a-b6e8-2d654659d591" testName="ToUri_Passing_InvalidValueString_Returns_DefaultValue (http://??)" computerName="PC-SFERRARI" duration="00:00:00.0000035" startTime="2020-08-17T17:49:37.1280710+01:00" endTime="2020-08-17T17:49:37.1295710+01:00" testType="13cdc9d9-ddb5-4fa4-a97d-d965ccfc6d4b" outcome="Passed" testListId="8c84fa94-04c1-424b-9868-57a2d4851a1d" relativeResultsDirectory="c24cabc3-c07c-4fcc-991d-4231a605307f" dataRowInfo="7" resultType="DataDrivenDataRow" />
        <UnitTestResult executionId="22ece90a-c9ed-455f-b2de-89dbd551a4c2" parentExecutionId="d38e5b72-e756-4bbe-99a3-6c91784ace55" testId="bc15aa99-72de-0e5a-b6e8-2d654659d591" testName="ToUri_Passing_InvalidValueString_Returns_DefaultValue (http://??/)" computerName="PC-SFERRARI" duration="00:00:00.0000033" startTime="2020-08-17T17:49:37.1280710+01:00" endTime="2020-08-17T17:49:37.1295710+01:00" testType="13cdc9d9-ddb5-4fa4-a97d-d965ccfc6d4b" outcome="Passed" testListId="8c84fa94-04c1-424b-9868-57a2d4851a1d" relativeResultsDirectory="22ece90a-c9ed-455f-b2de-89dbd551a4c2" dataRowInfo="8" resultType="DataDrivenDataRow" />
        <UnitTestResult executionId="d0c7ff68-752d-4e8a-bb50-969f05e438e4" parentExecutionId="d38e5b72-e756-4bbe-99a3-6c91784ace55" testId="bc15aa99-72de-0e5a-b6e8-2d654659d591" testName="ToUri_Passing_InvalidValueString_Returns_DefaultValue (http://#)" computerName="PC-SFERRARI" duration="00:00:00.0000033" startTime="2020-08-17T17:49:37.1280710+01:00" endTime="2020-08-17T17:49:37.1295710+01:00" testType="13cdc9d9-ddb5-4fa4-a97d-d965ccfc6d4b" outcome="Passed" testListId="8c84fa94-04c1-424b-9868-57a2d4851a1d" relativeResultsDirectory="d0c7ff68-752d-4e8a-bb50-969f05e438e4" dataRowInfo="9" resultType="DataDrivenDataRow" />
        <UnitTestResult executionId="af1a067d-f659-412a-9733-42d768a716bd" parentExecutionId="d38e5b72-e756-4bbe-99a3-6c91784ace55" testId="bc15aa99-72de-0e5a-b6e8-2d654659d591" testName="ToUri_Passing_InvalidValueString_Returns_DefaultValue (http://##)" computerName="PC-SFERRARI" duration="00:00:00.0000034" startTime="2020-08-17T17:49:37.1280710+01:00" endTime="2020-08-17T17:49:37.1295710+01:00" testType="13cdc9d9-ddb5-4fa4-a97d-d965ccfc6d4b" outcome="Passed" testListId="8c84fa94-04c1-424b-9868-57a2d4851a1d" relativeResultsDirectory="af1a067d-f659-412a-9733-42d768a716bd" dataRowInfo="10" resultType="DataDrivenDataRow" />
        <UnitTestResult executionId="44e9be38-12cc-4053-b7d4-2a18876cca41" parentExecutionId="d38e5b72-e756-4bbe-99a3-6c91784ace55" testId="bc15aa99-72de-0e5a-b6e8-2d654659d591" testName="ToUri_Passing_InvalidValueString_Returns_DefaultValue (http://##/)" computerName="PC-SFERRARI" duration="00:00:00.0000033" startTime="2020-08-17T17:49:37.1280710+01:00" endTime="2020-08-17T17:49:37.1295710+01:00" testType="13cdc9d9-ddb5-4fa4-a97d-d965ccfc6d4b" outcome="Passed" testListId="8c84fa94-04c1-424b-9868-57a2d4851a1d" relativeResultsDirectory="44e9be38-12cc-4053-b7d4-2a18876cca41" dataRowInfo="11" resultType="DataDrivenDataRow" />
      </InnerResults>
    </UnitTestResult>
    <UnitTestResult executionId="68936d4b-5a94-45f8-be42-84ac6d8490d8" testId="688a191d-5b56-481f-5739-c5e4f9181418" testName="ToThrowIfNotFoundDirectory_Passing_InvalidValue_Returns_ApplicationExceptionWithMessage" computerName="PC-SFERRARI" duration="00:00:00.0006217" startTime="2020-08-17T17:49:33.8927773+01:00" endTime="2020-08-17T17:49:33.8934744+01:00" testType="13cdc9d9-ddb5-4fa4-a97d-d965ccfc6d4b" outcome="Passed" testListId="8c84fa94-04c1-424b-9868-57a2d4851a1d" relativeResultsDirectory="68936d4b-5a94-45f8-be42-84ac6d8490d8" />
    <UnitTestResult executionId="643b53e4-8d35-4b66-bce9-abb26a1bc0c3" testId="9eeef095-29ed-4872-a36c-ca4832350421" testName="IsName_Passing_InvalidArguments_Returns_HasErrorsAndCount" computerName="PC-SFERRARI" duration="00:00:00.0032758" startTime="2020-08-17T17:49:33.9573248+01:00" endTime="2020-08-17T17:49:33.9607218+01:00" testType="13cdc9d9-ddb5-4fa4-a97d-d965ccfc6d4b" outcome="Passed" testListId="8c84fa94-04c1-424b-9868-57a2d4851a1d" relativeResultsDirectory="643b53e4-8d35-4b66-bce9-abb26a1bc0c3" />
    <UnitTestResult executionId="a729f4e3-2155-4387-bfbc-c1e4b71d4a39" testId="1f6423c7-4317-6f5b-c112-f4c9c7e822af" testName="ToEmailMaskUserNameAndDomainAndExtension_Passing_ValidEmail_Returns_EmailWithMask" computerName="PC-SFERRARI" duration="00:00:00.0010559" startTime="2020-08-17T17:49:36.8917922+01:00" endTime="2020-08-17T17:49:36.8930433+01:00" testType="13cdc9d9-ddb5-4fa4-a97d-d965ccfc6d4b" outcome="Passed" testListId="8c84fa94-04c1-424b-9868-57a2d4851a1d" relativeResultsDirectory="a729f4e3-2155-4387-bfbc-c1e4b71d4a39" resultType="DataDrivenTest">
      <InnerResults>
        <UnitTestResult executionId="5c45ce03-e8e9-49d9-b80c-8f89a4af0ebb" parentExecutionId="a729f4e3-2155-4387-bfbc-c1e4b71d4a39" testId="1f6423c7-4317-6f5b-c112-f4c9c7e822af" testName="ToEmailMaskUserNameAndDomainAndExtension_Passing_ValidEmail_Returns_EmailWithMask (miemail@gmail.com,m*****l@g***l.c*m)" computerName="PC-SFERRARI" duration="00:00:00.0009977" startTime="2020-08-17T17:49:36.8917922+01:00" endTime="2020-08-17T17:49:36.8930433+01:00" testType="13cdc9d9-ddb5-4fa4-a97d-d965ccfc6d4b" outcome="Passed" testListId="8c84fa94-04c1-424b-9868-57a2d4851a1d" relativeResultsDirectory="5c45ce03-e8e9-49d9-b80c-8f89a4af0ebb" dataRowInfo="1" resultType="DataDrivenDataRow" />
      </InnerResults>
    </UnitTestResult>
    <UnitTestResult executionId="8036a950-ed5c-4524-8e1c-0e0cac61a353" testId="0c633595-70e8-b011-5a46-c9c7e1687cb9" testName="ToGet_Passing_Claims_Returns_Claim_Value_String" computerName="PC-SFERRARI" duration="00:00:00.0006646" startTime="2020-08-17T17:49:34.1972494+01:00" endTime="2020-08-17T17:49:34.1980377+01:00" testType="13cdc9d9-ddb5-4fa4-a97d-d965ccfc6d4b" outcome="Passed" testListId="8c84fa94-04c1-424b-9868-57a2d4851a1d" relativeResultsDirectory="8036a950-ed5c-4524-8e1c-0e0cac61a353" />
    <UnitTestResult executionId="f09ecc33-9dd8-4e2d-8d22-00c5f12d97cf" testId="ae09f98c-257a-b9e5-5b0b-16344b7adf1c" testName="ToInt_Passing_ValidValueString_Returns_Int" computerName="PC-SFERRARI" duration="00:00:00.0002623" startTime="2020-08-17T17:49:37.0060618+01:00" endTime="2020-08-17T17:49:37.0064735+01:00" testType="13cdc9d9-ddb5-4fa4-a97d-d965ccfc6d4b" outcome="Passed" testListId="8c84fa94-04c1-424b-9868-57a2d4851a1d" relativeResultsDirectory="f09ecc33-9dd8-4e2d-8d22-00c5f12d97cf" resultType="DataDrivenTest">
      <InnerResults>
        <UnitTestResult executionId="783162da-d58c-49a0-ad43-a343b2d7d39f" parentExecutionId="f09ecc33-9dd8-4e2d-8d22-00c5f12d97cf" testId="ae09f98c-257a-b9e5-5b0b-16344b7adf1c" testName="ToInt_Passing_ValidValueString_Returns_Int (1234567890)" computerName="PC-SFERRARI" duration="00:00:00.0002092" startTime="2020-08-17T17:49:37.0060618+01:00" endTime="2020-08-17T17:49:37.0064735+01:00" testType="13cdc9d9-ddb5-4fa4-a97d-d965ccfc6d4b" outcome="Passed" testListId="8c84fa94-04c1-424b-9868-57a2d4851a1d" relativeResultsDirectory="783162da-d58c-49a0-ad43-a343b2d7d39f" dataRowInfo="1" resultType="DataDrivenDataRow" />
      </InnerResults>
    </UnitTestResult>
    <UnitTestResult executionId="1c3e6ae4-5577-4181-8a93-d833204b07f6" testId="7be8a004-8e29-0f01-8ada-f15377193150" testName="ToContentType_Passing_ValidValueString_Returns_ContentType" computerName="PC-SFERRARI" duration="00:00:00.0522951" startTime="2020-08-17T17:49:36.7126419+01:00" endTime="2020-08-17T17:49:36.7650511+01:00" testType="13cdc9d9-ddb5-4fa4-a97d-d965ccfc6d4b" outcome="Passed" testListId="8c84fa94-04c1-424b-9868-57a2d4851a1d" relativeResultsDirectory="1c3e6ae4-5577-4181-8a93-d833204b07f6" resultType="DataDrivenTest">
      <InnerResults>
        <UnitTestResult executionId="a0a29cc8-4fca-494a-8ba9-d50362041795" parentExecutionId="1c3e6ae4-5577-4181-8a93-d833204b07f6" testId="7be8a004-8e29-0f01-8ada-f15377193150" testName="ToContentType_Passing_ValidValueString_Returns_ContentType (xxxx.pdf,application/pdf)" computerName="PC-SFERRARI" duration="00:00:00.0519786" startTime="2020-08-17T17:49:36.7126419+01:00" endTime="2020-08-17T17:49:36.7650511+01:00" testType="13cdc9d9-ddb5-4fa4-a97d-d965ccfc6d4b" outcome="Passed" testListId="8c84fa94-04c1-424b-9868-57a2d4851a1d" relativeResultsDirectory="a0a29cc8-4fca-494a-8ba9-d50362041795" dataRowInfo="1" resultType="DataDrivenDataRow" />
        <UnitTestResult executionId="5623db3a-7f83-4593-905b-83cc36a3ece7" parentExecutionId="1c3e6ae4-5577-4181-8a93-d833204b07f6" testId="7be8a004-8e29-0f01-8ada-f15377193150" testName="ToContentType_Passing_ValidValueString_Returns_ContentType (xxxx.json,application/json)" computerName="PC-SFERRARI" duration="00:00:00.0000507" startTime="2020-08-17T17:49:36.7126419+01:00" endTime="2020-08-17T17:49:36.7650511+01:00" testType="13cdc9d9-ddb5-4fa4-a97d-d965ccfc6d4b" outcome="Passed" testListId="8c84fa94-04c1-424b-9868-57a2d4851a1d" relativeResultsDirectory="5623db3a-7f83-4593-905b-83cc36a3ece7" dataRowInfo="2" resultType="DataDrivenDataRow" />
        <UnitTestResult executionId="24e1e9c8-7941-47a4-97e7-79c1283e4d4e" parentExecutionId="1c3e6ae4-5577-4181-8a93-d833204b07f6" testId="7be8a004-8e29-0f01-8ada-f15377193150" testName="ToContentType_Passing_ValidValueString_Returns_ContentType (xxxx.gif,image/gif)" computerName="PC-SFERRARI" duration="00:00:00.0000308" startTime="2020-08-17T17:49:36.7126419+01:00" endTime="2020-08-17T17:49:36.7650511+01:00" testType="13cdc9d9-ddb5-4fa4-a97d-d965ccfc6d4b" outcome="Passed" testListId="8c84fa94-04c1-424b-9868-57a2d4851a1d" relativeResultsDirectory="24e1e9c8-7941-47a4-97e7-79c1283e4d4e" dataRowInfo="3" resultType="DataDrivenDataRow" />
        <UnitTestResult executionId="a07ca00d-0efa-4596-8b57-e59b509935f0" parentExecutionId="1c3e6ae4-5577-4181-8a93-d833204b07f6" testId="7be8a004-8e29-0f01-8ada-f15377193150" testName="ToContentType_Passing_ValidValueString_Returns_ContentType (xxxx.jpeg,image/jpeg)" computerName="PC-SFERRARI" duration="00:00:00.0000280" startTime="2020-08-17T17:49:36.7126419+01:00" endTime="2020-08-17T17:49:36.7650511+01:00" testType="13cdc9d9-ddb5-4fa4-a97d-d965ccfc6d4b" outcome="Passed" testListId="8c84fa94-04c1-424b-9868-57a2d4851a1d" relativeResultsDirectory="a07ca00d-0efa-4596-8b57-e59b509935f0" dataRowInfo="4" resultType="DataDrivenDataRow" />
        <UnitTestResult executionId="ef2a0d57-89c5-4e44-8d2c-d1558b328e5e" parentExecutionId="1c3e6ae4-5577-4181-8a93-d833204b07f6" testId="7be8a004-8e29-0f01-8ada-f15377193150" testName="ToContentType_Passing_ValidValueString_Returns_ContentType (xxxx.html,text/html)" computerName="PC-SFERRARI" duration="00:00:00.0000267" startTime="2020-08-17T17:49:36.7126419+01:00" endTime="2020-08-17T17:49:36.7650511+01:00" testType="13cdc9d9-ddb5-4fa4-a97d-d965ccfc6d4b" outcome="Passed" testListId="8c84fa94-04c1-424b-9868-57a2d4851a1d" relativeResultsDirectory="ef2a0d57-89c5-4e44-8d2c-d1558b328e5e" dataRowInfo="5" resultType="DataDrivenDataRow" />
        <UnitTestResult executionId="c49f38ed-5bb2-4170-ba3b-075a56b722e6" parentExecutionId="1c3e6ae4-5577-4181-8a93-d833204b07f6" testId="7be8a004-8e29-0f01-8ada-f15377193150" testName="ToContentType_Passing_ValidValueString_Returns_ContentType (xxxx.txt,text/plain)" computerName="PC-SFERRARI" duration="00:00:00.0000335" startTime="2020-08-17T17:49:36.7126419+01:00" endTime="2020-08-17T17:49:36.7650511+01:00" testType="13cdc9d9-ddb5-4fa4-a97d-d965ccfc6d4b" outcome="Passed" testListId="8c84fa94-04c1-424b-9868-57a2d4851a1d" relativeResultsDirectory="c49f38ed-5bb2-4170-ba3b-075a56b722e6" dataRowInfo="6" resultType="DataDrivenDataRow" />
      </InnerResults>
    </UnitTestResult>
    <UnitTestResult executionId="372b2878-4a41-42ba-829f-1a64497699cb" testId="74c0befe-cdb2-1fdf-be71-2a39199bb5c9" testName="ToService_Passing_Service_Not_Found_Returns_ApplicationException" computerName="PC-SFERRARI" duration="00:00:00.0003988" startTime="2020-08-17T17:49:33.6465867+01:00" endTime="2020-08-17T17:49:33.6470635+01:00" testType="13cdc9d9-ddb5-4fa4-a97d-d965ccfc6d4b" outcome="Passed" testListId="8c84fa94-04c1-424b-9868-57a2d4851a1d" relativeResultsDirectory="372b2878-4a41-42ba-829f-1a64497699cb" />
    <UnitTestResult executionId="c5215a4e-0a33-49ed-92dd-08b9e178e61f" testId="1577c538-d1be-5b59-2b09-8e59b0be5fcd" testName="ToSettings_Passing_Values_From_AppSettingsFile_Returns_Settings" computerName="PC-SFERRARI" duration="00:00:00.0879391" startTime="2020-08-17T17:49:34.5033590+01:00" endTime="2020-08-17T17:49:34.5913973+01:00" testType="13cdc9d9-ddb5-4fa4-a97d-d965ccfc6d4b" outcome="Passed" testListId="8c84fa94-04c1-424b-9868-57a2d4851a1d" relativeResultsDirectory="c5215a4e-0a33-49ed-92dd-08b9e178e61f" />
    <UnitTestResult executionId="7f79113b-0b07-4260-a0c8-c38dcb9d00e3" testId="30809299-0e3e-4ac7-4a2a-6f8c296d2226" testName="ToUri_Passing_ValidValueString_Returns_Uri" computerName="PC-SFERRARI" duration="00:00:00.0603894" startTime="2020-08-17T17:49:37.1884263+01:00" endTime="2020-08-17T17:49:37.2491064+01:00" testType="13cdc9d9-ddb5-4fa4-a97d-d965ccfc6d4b" outcome="Passed" testListId="8c84fa94-04c1-424b-9868-57a2d4851a1d" relativeResultsDirectory="7f79113b-0b07-4260-a0c8-c38dcb9d00e3" resultType="DataDrivenTest">
      <InnerResults>
        <UnitTestResult executionId="bd5ecdfc-5c26-4df5-95d4-7013b2078403" parentExecutionId="7f79113b-0b07-4260-a0c8-c38dcb9d00e3" testId="30809299-0e3e-4ac7-4a2a-6f8c296d2226" testName="ToUri_Passing_ValidValueString_Returns_Uri (http://foo.com/blah_blah)" computerName="PC-SFERRARI" duration="00:00:00.0002246" startTime="2020-08-17T17:49:37.1884263+01:00" endTime="2020-08-17T17:49:37.2491064+01:00" testType="13cdc9d9-ddb5-4fa4-a97d-d965ccfc6d4b" outcome="Passed" testListId="8c84fa94-04c1-424b-9868-57a2d4851a1d" relativeResultsDirectory="bd5ecdfc-5c26-4df5-95d4-7013b2078403" dataRowInfo="1" resultType="DataDrivenDataRow" />
        <UnitTestResult executionId="3588c3e7-150d-4b91-839e-037adc41073a" parentExecutionId="7f79113b-0b07-4260-a0c8-c38dcb9d00e3" testId="30809299-0e3e-4ac7-4a2a-6f8c296d2226" testName="ToUri_Passing_ValidValueString_Returns_Uri (http://foo.com/blah_blah/)" computerName="PC-SFERRARI" duration="00:00:00.0000058" startTime="2020-08-17T17:49:37.1884263+01:00" endTime="2020-08-17T17:49:37.2491064+01:00" testType="13cdc9d9-ddb5-4fa4-a97d-d965ccfc6d4b" outcome="Passed" testListId="8c84fa94-04c1-424b-9868-57a2d4851a1d" relativeResultsDirectory="3588c3e7-150d-4b91-839e-037adc41073a" dataRowInfo="2" resultType="DataDrivenDataRow" />
        <UnitTestResult executionId="4c0a05c4-a09b-49dd-9ba2-abf0b04b5323" parentExecutionId="7f79113b-0b07-4260-a0c8-c38dcb9d00e3" testId="30809299-0e3e-4ac7-4a2a-6f8c296d2226" testName="ToUri_Passing_ValidValueString_Returns_Uri (http://foo.com/blah_blah/p=5)" computerName="PC-SFERRARI" duration="00:00:00.0000030" startTime="2020-08-17T17:49:37.1884263+01:00" endTime="2020-08-17T17:49:37.2491064+01:00" testType="13cdc9d9-ddb5-4fa4-a97d-d965ccfc6d4b" outcome="Passed" testListId="8c84fa94-04c1-424b-9868-57a2d4851a1d" relativeResultsDirectory="4c0a05c4-a09b-49dd-9ba2-abf0b04b5323" dataRowInfo="3" resultType="DataDrivenDataRow" />
        <UnitTestResult executionId="2eb7bb9e-bc06-483d-bb68-510635c35949" parentExecutionId="7f79113b-0b07-4260-a0c8-c38dcb9d00e3" testId="30809299-0e3e-4ac7-4a2a-6f8c296d2226" testName="ToUri_Passing_ValidValueString_Returns_Uri (http://foo.com/blah_blah?p=5)" computerName="PC-SFERRARI" duration="00:00:00.0000026" startTime="2020-08-17T17:49:37.1884263+01:00" endTime="2020-08-17T17:49:37.2491064+01:00" testType="13cdc9d9-ddb5-4fa4-a97d-d965ccfc6d4b" outcome="Passed" testListId="8c84fa94-04c1-424b-9868-57a2d4851a1d" relativeResultsDirectory="2eb7bb9e-bc06-483d-bb68-510635c35949" dataRowInfo="4" resultType="DataDrivenDataRow" />
        <UnitTestResult executionId="8c0f6b36-209d-4153-baa5-2c331aafc66a" parentExecutionId="7f79113b-0b07-4260-a0c8-c38dcb9d00e3" testId="30809299-0e3e-4ac7-4a2a-6f8c296d2226" testName="ToUri_Passing_ValidValueString_Returns_Uri (http://foo.com/blah_blah?p=5&amp;j=fe)" computerName="PC-SFERRARI" duration="00:00:00.0000026" startTime="2020-08-17T17:49:37.1884263+01:00" endTime="2020-08-17T17:49:37.2491064+01:00" testType="13cdc9d9-ddb5-4fa4-a97d-d965ccfc6d4b" outcome="Passed" testListId="8c84fa94-04c1-424b-9868-57a2d4851a1d" relativeResultsDirectory="8c0f6b36-209d-4153-baa5-2c331aafc66a" dataRowInfo="5" resultType="DataDrivenDataRow" />
        <UnitTestResult executionId="492b09b1-690e-4ce6-881a-12cff900d7db" parentExecutionId="7f79113b-0b07-4260-a0c8-c38dcb9d00e3" testId="30809299-0e3e-4ac7-4a2a-6f8c296d2226" testName="ToUri_Passing_ValidValueString_Returns_Uri (https://foo.com/blah_blah)" computerName="PC-SFERRARI" duration="00:00:00.0000029" startTime="2020-08-17T17:49:37.1884263+01:00" endTime="2020-08-17T17:49:37.2491064+01:00" testType="13cdc9d9-ddb5-4fa4-a97d-d965ccfc6d4b" outcome="Passed" testListId="8c84fa94-04c1-424b-9868-57a2d4851a1d" relativeResultsDirectory="492b09b1-690e-4ce6-881a-12cff900d7db" dataRowInfo="6" resultType="DataDrivenDataRow" />
        <UnitTestResult executionId="8e59ef84-12dd-47e3-81c3-4b23688538e8" parentExecutionId="7f79113b-0b07-4260-a0c8-c38dcb9d00e3" testId="30809299-0e3e-4ac7-4a2a-6f8c296d2226" testName="ToUri_Passing_ValidValueString_Returns_Uri (https://foo.com/blah_blah/)" computerName="PC-SFERRARI" duration="00:00:00.0000026" startTime="2020-08-17T17:49:37.1884263+01:00" endTime="2020-08-17T17:49:37.2491064+01:00" testType="13cdc9d9-ddb5-4fa4-a97d-d965ccfc6d4b" outcome="Passed" testListId="8c84fa94-04c1-424b-9868-57a2d4851a1d" relativeResultsDirectory="8e59ef84-12dd-47e3-81c3-4b23688538e8" dataRowInfo="7" resultType="DataDrivenDataRow" />
        <UnitTestResult executionId="3765764b-18eb-48a2-b38b-fb785e30408c" parentExecutionId="7f79113b-0b07-4260-a0c8-c38dcb9d00e3" testId="30809299-0e3e-4ac7-4a2a-6f8c296d2226" testName="ToUri_Passing_ValidValueString_Returns_Uri (https://foo.com/blah_blah/p=5)" computerName="PC-SFERRARI" duration="00:00:00.0000027" startTime="2020-08-17T17:49:37.1884263+01:00" endTime="2020-08-17T17:49:37.2491064+01:00" testType="13cdc9d9-ddb5-4fa4-a97d-d965ccfc6d4b" outcome="Passed" testListId="8c84fa94-04c1-424b-9868-57a2d4851a1d" relativeResultsDirectory="3765764b-18eb-48a2-b38b-fb785e30408c" dataRowInfo="8" resultType="DataDrivenDataRow" />
        <UnitTestResult executionId="10aac462-3b91-4a83-86f4-14c1925030ab" parentExecutionId="7f79113b-0b07-4260-a0c8-c38dcb9d00e3" testId="30809299-0e3e-4ac7-4a2a-6f8c296d2226" testName="ToUri_Passing_ValidValueString_Returns_Uri (https://foo.com/blah_blah?p=5)" computerName="PC-SFERRARI" duration="00:00:00.0000026" startTime="2020-08-17T17:49:37.1884263+01:00" endTime="2020-08-17T17:49:37.2491064+01:00" testType="13cdc9d9-ddb5-4fa4-a97d-d965ccfc6d4b" outcome="Passed" testListId="8c84fa94-04c1-424b-9868-57a2d4851a1d" relativeResultsDirectory="10aac462-3b91-4a83-86f4-14c1925030ab" dataRowInfo="9" resultType="DataDrivenDataRow" />
        <UnitTestResult executionId="caf8bf32-82b8-4f67-8756-47f10df9494c" parentExecutionId="7f79113b-0b07-4260-a0c8-c38dcb9d00e3" testId="30809299-0e3e-4ac7-4a2a-6f8c296d2226" testName="ToUri_Passing_ValidValueString_Returns_Uri (https://foo.com/blah_blah?p=5&amp;j=fe)" computerName="PC-SFERRARI" duration="00:00:00.0000027" startTime="2020-08-17T17:49:37.1884263+01:00" endTime="2020-08-17T17:49:37.2491064+01:00" testType="13cdc9d9-ddb5-4fa4-a97d-d965ccfc6d4b" outcome="Passed" testListId="8c84fa94-04c1-424b-9868-57a2d4851a1d" relativeResultsDirectory="caf8bf32-82b8-4f67-8756-47f10df9494c" dataRowInfo="10" resultType="DataDrivenDataRow" />
        <UnitTestResult executionId="c84d6fab-dbfd-4717-a2b9-2a6a5992e494" parentExecutionId="7f79113b-0b07-4260-a0c8-c38dcb9d00e3" testId="30809299-0e3e-4ac7-4a2a-6f8c296d2226" testName="ToUri_Passing_ValidValueString_Returns_Uri (//foo.com/blah_blah)" computerName="PC-SFERRARI" duration="00:00:00.0000106" startTime="2020-08-17T17:49:37.1884263+01:00" endTime="2020-08-17T17:49:37.2491064+01:00" testType="13cdc9d9-ddb5-4fa4-a97d-d965ccfc6d4b" outcome="Passed" testListId="8c84fa94-04c1-424b-9868-57a2d4851a1d" relativeResultsDirectory="c84d6fab-dbfd-4717-a2b9-2a6a5992e494" dataRowInfo="11" resultType="DataDrivenDataRow" />
        <UnitTestResult executionId="4df33d89-e435-4a87-82f7-cec898859ba0" parentExecutionId="7f79113b-0b07-4260-a0c8-c38dcb9d00e3" testId="30809299-0e3e-4ac7-4a2a-6f8c296d2226" testName="ToUri_Passing_ValidValueString_Returns_Uri (//foo.com/blah_blah/)" computerName="PC-SFERRARI" duration="00:00:00.0000023" startTime="2020-08-17T17:49:37.1884263+01:00" endTime="2020-08-17T17:49:37.2491064+01:00" testType="13cdc9d9-ddb5-4fa4-a97d-d965ccfc6d4b" outcome="Passed" testListId="8c84fa94-04c1-424b-9868-57a2d4851a1d" relativeResultsDirectory="4df33d89-e435-4a87-82f7-cec898859ba0" dataRowInfo="12" resultType="DataDrivenDataRow" />
        <UnitTestResult executionId="d8fe3e04-e6f5-4f88-b225-ccf747295665" parentExecutionId="7f79113b-0b07-4260-a0c8-c38dcb9d00e3" testId="30809299-0e3e-4ac7-4a2a-6f8c296d2226" testName="ToUri_Passing_ValidValueString_Returns_Uri (//foo.com/blah_blah/p=5)" computerName="PC-SFERRARI" duration="00:00:00.0000021" startTime="2020-08-17T17:49:37.1884263+01:00" endTime="2020-08-17T17:49:37.2491064+01:00" testType="13cdc9d9-ddb5-4fa4-a97d-d965ccfc6d4b" outcome="Passed" testListId="8c84fa94-04c1-424b-9868-57a2d4851a1d" relativeResultsDirectory="d8fe3e04-e6f5-4f88-b225-ccf747295665" dataRowInfo="13" resultType="DataDrivenDataRow" />
        <UnitTestResult executionId="e1d04b26-53df-47e4-af18-a3d61170b974" parentExecutionId="7f79113b-0b07-4260-a0c8-c38dcb9d00e3" testId="30809299-0e3e-4ac7-4a2a-6f8c296d2226" testName="ToUri_Passing_ValidValueString_Returns_Uri (//foo.com/blah_blah?p=5)" computerName="PC-SFERRARI" duration="00:00:00.0000021" startTime="2020-08-17T17:49:37.1884263+01:00" endTime="2020-08-17T17:49:37.2491064+01:00" testType="13cdc9d9-ddb5-4fa4-a97d-d965ccfc6d4b" outcome="Passed" testListId="8c84fa94-04c1-424b-9868-57a2d4851a1d" relativeResultsDirectory="e1d04b26-53df-47e4-af18-a3d61170b974" dataRowInfo="14" resultType="DataDrivenDataRow" />
        <UnitTestResult executionId="b367580f-3a7f-430d-ad6d-c1ae5a7ce303" parentExecutionId="7f79113b-0b07-4260-a0c8-c38dcb9d00e3" testId="30809299-0e3e-4ac7-4a2a-6f8c296d2226" testName="ToUri_Passing_ValidValueString_Returns_Uri (//foo.com/blah_blah?p=5&amp;j=fe)" computerName="PC-SFERRARI" duration="00:00:00.0000021" startTime="2020-08-17T17:49:37.1884263+01:00" endTime="2020-08-17T17:49:37.2491064+01:00" testType="13cdc9d9-ddb5-4fa4-a97d-d965ccfc6d4b" outcome="Passed" testListId="8c84fa94-04c1-424b-9868-57a2d4851a1d" relativeResultsDirectory="b367580f-3a7f-430d-ad6d-c1ae5a7ce303" dataRowInfo="15" resultType="DataDrivenDataRow" />
        <UnitTestResult executionId="6efb245d-c0a1-447c-9684-2fb804619625" parentExecutionId="7f79113b-0b07-4260-a0c8-c38dcb9d00e3" testId="30809299-0e3e-4ac7-4a2a-6f8c296d2226" testName="ToUri_Passing_ValidValueString_Returns_Uri (http://foo.com/blah_blah_(wikipedia))" computerName="PC-SFERRARI" duration="00:00:00.0000029" startTime="2020-08-17T17:49:37.1884263+01:00" endTime="2020-08-17T17:49:37.2491064+01:00" testType="13cdc9d9-ddb5-4fa4-a97d-d965ccfc6d4b" outcome="Passed" testListId="8c84fa94-04c1-424b-9868-57a2d4851a1d" relativeResultsDirectory="6efb245d-c0a1-447c-9684-2fb804619625" dataRowInfo="16" resultType="DataDrivenDataRow" />
        <UnitTestResult executionId="82e05496-1460-4ebb-8cd7-4893c01b7580" parentExecutionId="7f79113b-0b07-4260-a0c8-c38dcb9d00e3" testId="30809299-0e3e-4ac7-4a2a-6f8c296d2226" testName="ToUri_Passing_ValidValueString_Returns_Uri (http://foo.com/blah_blah_(wikipedia)_(again))" computerName="PC-SFERRARI" duration="00:00:00.0000027" startTime="2020-08-17T17:49:37.1884263+01:00" endTime="2020-08-17T17:49:37.2491064+01:00" testType="13cdc9d9-ddb5-4fa4-a97d-d965ccfc6d4b" outcome="Passed" testListId="8c84fa94-04c1-424b-9868-57a2d4851a1d" relativeResultsDirectory="82e05496-1460-4ebb-8cd7-4893c01b7580" dataRowInfo="17" resultType="DataDrivenDataRow" />
        <UnitTestResult executionId="dd1230b8-43e8-4ebd-9255-4bea05cb9ac6" parentExecutionId="7f79113b-0b07-4260-a0c8-c38dcb9d00e3" testId="30809299-0e3e-4ac7-4a2a-6f8c296d2226" testName="ToUri_Passing_ValidValueString_Returns_Uri (http://www.example.com/wpstyle/?p=364)" computerName="PC-SFERRARI" duration="00:00:00.0000036" startTime="2020-08-17T17:49:37.1884263+01:00" endTime="2020-08-17T17:49:37.2491064+01:00" testType="13cdc9d9-ddb5-4fa4-a97d-d965ccfc6d4b" outcome="Passed" testListId="8c84fa94-04c1-424b-9868-57a2d4851a1d" relativeResultsDirectory="dd1230b8-43e8-4ebd-9255-4bea05cb9ac6" dataRowInfo="18" resultType="DataDrivenDataRow" />
        <UnitTestResult executionId="887e4ac8-97e3-42a9-892f-408e7fb58ae3" parentExecutionId="7f79113b-0b07-4260-a0c8-c38dcb9d00e3" testId="30809299-0e3e-4ac7-4a2a-6f8c296d2226" testName="ToUri_Passing_ValidValueString_Returns_Uri (https://www.example.com/foo/?bar=baz&amp;inga=42&amp;quux)" computerName="PC-SFERRARI" duration="00:00:00.0000028" startTime="2020-08-17T17:49:37.1884263+01:00" endTime="2020-08-17T17:49:37.2491064+01:00" testType="13cdc9d9-ddb5-4fa4-a97d-d965ccfc6d4b" outcome="Passed" testListId="8c84fa94-04c1-424b-9868-57a2d4851a1d" relativeResultsDirectory="887e4ac8-97e3-42a9-892f-408e7fb58ae3" dataRowInfo="19" resultType="DataDrivenDataRow" />
        <UnitTestResult executionId="1711da0f-25a3-42b3-8398-5883b357d854" parentExecutionId="7f79113b-0b07-4260-a0c8-c38dcb9d00e3" testId="30809299-0e3e-4ac7-4a2a-6f8c296d2226" testName="ToUri_Passing_ValidValueString_Returns_Uri (http://✪df.ws/123)" computerName="PC-SFERRARI" duration="00:00:00.0593234" startTime="2020-08-17T17:49:37.1884263+01:00" endTime="2020-08-17T17:49:37.2491064+01:00" testType="13cdc9d9-ddb5-4fa4-a97d-d965ccfc6d4b" outcome="Passed" testListId="8c84fa94-04c1-424b-9868-57a2d4851a1d" relativeResultsDirectory="1711da0f-25a3-42b3-8398-5883b357d854" dataRowInfo="20" resultType="DataDrivenDataRow" />
        <UnitTestResult executionId="f70ff6e7-ca5a-44d9-83b7-8f363e8dbadf" parentExecutionId="7f79113b-0b07-4260-a0c8-c38dcb9d00e3" testId="30809299-0e3e-4ac7-4a2a-6f8c296d2226" testName="ToUri_Passing_ValidValueString_Returns_Uri (http://userid:password@example.com:8080)" computerName="PC-SFERRARI" duration="00:00:00.0000266" startTime="2020-08-17T17:49:37.1884263+01:00" endTime="2020-08-17T17:49:37.2491064+01:00" testType="13cdc9d9-ddb5-4fa4-a97d-d965ccfc6d4b" outcome="Passed" testListId="8c84fa94-04c1-424b-9868-57a2d4851a1d" relativeResultsDirectory="f70ff6e7-ca5a-44d9-83b7-8f363e8dbadf" dataRowInfo="21" resultType="DataDrivenDataRow" />
        <UnitTestResult executionId="bea4cc80-acfc-4e2d-85ee-cfcd97541121" parentExecutionId="7f79113b-0b07-4260-a0c8-c38dcb9d00e3" testId="30809299-0e3e-4ac7-4a2a-6f8c296d2226" testName="ToUri_Passing_ValidValueString_Returns_Uri (http://userid:password@example.com:8080/)" computerName="PC-SFERRARI" duration="00:00:00.0000041" startTime="2020-08-17T17:49:37.1884263+01:00" endTime="2020-08-17T17:49:37.2491064+01:00" testType="13cdc9d9-ddb5-4fa4-a97d-d965ccfc6d4b" outcome="Passed" testListId="8c84fa94-04c1-424b-9868-57a2d4851a1d" relativeResultsDirectory="bea4cc80-acfc-4e2d-85ee-cfcd97541121" dataRowInfo="22" resultType="DataDrivenDataRow" />
        <UnitTestResult executionId="dd4482af-810a-4f08-935c-06ffa03deca1" parentExecutionId="7f79113b-0b07-4260-a0c8-c38dcb9d00e3" testId="30809299-0e3e-4ac7-4a2a-6f8c296d2226" testName="ToUri_Passing_ValidValueString_Returns_Uri (http://userid@example.com)" computerName="PC-SFERRARI" duration="00:00:00.0000029" startTime="2020-08-17T17:49:37.1884263+01:00" endTime="2020-08-17T17:49:37.2491064+01:00" testType="13cdc9d9-ddb5-4fa4-a97d-d965ccfc6d4b" outcome="Passed" testListId="8c84fa94-04c1-424b-9868-57a2d4851a1d" relativeResultsDirectory="dd4482af-810a-4f08-935c-06ffa03deca1" dataRowInfo="23" resultType="DataDrivenDataRow" />
        <UnitTestResult executionId="d173b584-62f8-440b-b4b0-c3f64a95db6d" parentExecutionId="7f79113b-0b07-4260-a0c8-c38dcb9d00e3" testId="30809299-0e3e-4ac7-4a2a-6f8c296d2226" testName="ToUri_Passing_ValidValueString_Returns_Uri (http://userid@example.com/)" computerName="PC-SFERRARI" duration="00:00:00.0000027" startTime="2020-08-17T17:49:37.1884263+01:00" endTime="2020-08-17T17:49:37.2491064+01:00" testType="13cdc9d9-ddb5-4fa4-a97d-d965ccfc6d4b" outcome="Passed" testListId="8c84fa94-04c1-424b-9868-57a2d4851a1d" relativeResultsDirectory="d173b584-62f8-440b-b4b0-c3f64a95db6d" dataRowInfo="24" resultType="DataDrivenDataRow" />
        <UnitTestResult executionId="792130de-530d-4ea4-8de9-1126f8e152fc" parentExecutionId="7f79113b-0b07-4260-a0c8-c38dcb9d00e3" testId="30809299-0e3e-4ac7-4a2a-6f8c296d2226" testName="ToUri_Passing_ValidValueString_Returns_Uri (http://userid@example.com:8080)" computerName="PC-SFERRARI" duration="00:00:00.0000030" startTime="2020-08-17T17:49:37.1884263+01:00" endTime="2020-08-17T17:49:37.2491064+01:00" testType="13cdc9d9-ddb5-4fa4-a97d-d965ccfc6d4b" outcome="Passed" testListId="8c84fa94-04c1-424b-9868-57a2d4851a1d" relativeResultsDirectory="792130de-530d-4ea4-8de9-1126f8e152fc" dataRowInfo="25" resultType="DataDrivenDataRow" />
        <UnitTestResult executionId="578043fc-2d98-4dd8-b838-6b88bb4b0d2e" parentExecutionId="7f79113b-0b07-4260-a0c8-c38dcb9d00e3" testId="30809299-0e3e-4ac7-4a2a-6f8c296d2226" testName="ToUri_Passing_ValidValueString_Returns_Uri (http://userid@example.com:8080/)" computerName="PC-SFERRARI" duration="00:00:00.0000027" startTime="2020-08-17T17:49:37.1884263+01:00" endTime="2020-08-17T17:49:37.2491064+01:00" testType="13cdc9d9-ddb5-4fa4-a97d-d965ccfc6d4b" outcome="Passed" testListId="8c84fa94-04c1-424b-9868-57a2d4851a1d" relativeResultsDirectory="578043fc-2d98-4dd8-b838-6b88bb4b0d2e" dataRowInfo="26" resultType="DataDrivenDataRow" />
        <UnitTestResult executionId="cbe64e0b-d670-4fa7-bf7e-432f90178ce5" parentExecutionId="7f79113b-0b07-4260-a0c8-c38dcb9d00e3" testId="30809299-0e3e-4ac7-4a2a-6f8c296d2226" testName="ToUri_Passing_ValidValueString_Returns_Uri (http://userid:password@example.com)" computerName="PC-SFERRARI" duration="00:00:00.0000027" startTime="2020-08-17T17:49:37.1884263+01:00" endTime="2020-08-17T17:49:37.2491064+01:00" testType="13cdc9d9-ddb5-4fa4-a97d-d965ccfc6d4b" outcome="Passed" testListId="8c84fa94-04c1-424b-9868-57a2d4851a1d" relativeResultsDirectory="cbe64e0b-d670-4fa7-bf7e-432f90178ce5" dataRowInfo="27" resultType="DataDrivenDataRow" />
        <UnitTestResult executionId="9d6cff27-1b9c-4203-ad2c-e45964608ad9" parentExecutionId="7f79113b-0b07-4260-a0c8-c38dcb9d00e3" testId="30809299-0e3e-4ac7-4a2a-6f8c296d2226" testName="ToUri_Passing_ValidValueString_Returns_Uri (http://userid:password@example.com/)" computerName="PC-SFERRARI" duration="00:00:00.0000035" startTime="2020-08-17T17:49:37.1884263+01:00" endTime="2020-08-17T17:49:37.2491064+01:00" testType="13cdc9d9-ddb5-4fa4-a97d-d965ccfc6d4b" outcome="Passed" testListId="8c84fa94-04c1-424b-9868-57a2d4851a1d" relativeResultsDirectory="9d6cff27-1b9c-4203-ad2c-e45964608ad9" dataRowInfo="28" resultType="DataDrivenDataRow" />
        <UnitTestResult executionId="bce7218c-7e7e-469e-85dc-3acd9edcdc35" parentExecutionId="7f79113b-0b07-4260-a0c8-c38dcb9d00e3" testId="30809299-0e3e-4ac7-4a2a-6f8c296d2226" testName="ToUri_Passing_ValidValueString_Returns_Uri (http://142.42.1.1/)" computerName="PC-SFERRARI" duration="00:00:00.0000063" startTime="2020-08-17T17:49:37.1884263+01:00" endTime="2020-08-17T17:49:37.2491064+01:00" testType="13cdc9d9-ddb5-4fa4-a97d-d965ccfc6d4b" outcome="Passed" testListId="8c84fa94-04c1-424b-9868-57a2d4851a1d" relativeResultsDirectory="bce7218c-7e7e-469e-85dc-3acd9edcdc35" dataRowInfo="29" resultType="DataDrivenDataRow" />
        <UnitTestResult executionId="376c4771-21de-4c77-b383-2d957b14d3c4" parentExecutionId="7f79113b-0b07-4260-a0c8-c38dcb9d00e3" testId="30809299-0e3e-4ac7-4a2a-6f8c296d2226" testName="ToUri_Passing_ValidValueString_Returns_Uri (http://142.42.1.1:8080/)" computerName="PC-SFERRARI" duration="00:00:00.0000033" startTime="2020-08-17T17:49:37.1884263+01:00" endTime="2020-08-17T17:49:37.2491064+01:00" testType="13cdc9d9-ddb5-4fa4-a97d-d965ccfc6d4b" outcome="Passed" testListId="8c84fa94-04c1-424b-9868-57a2d4851a1d" relativeResultsDirectory="376c4771-21de-4c77-b383-2d957b14d3c4" dataRowInfo="30" resultType="DataDrivenDataRow" />
        <UnitTestResult executionId="d6b627b5-6142-4772-9f12-101b67ac9ea6" parentExecutionId="7f79113b-0b07-4260-a0c8-c38dcb9d00e3" testId="30809299-0e3e-4ac7-4a2a-6f8c296d2226" testName="ToUri_Passing_ValidValueString_Returns_Uri (http://➡.ws/䨹)" computerName="PC-SFERRARI" duration="00:00:00.0000303" startTime="2020-08-17T17:49:37.1884263+01:00" endTime="2020-08-17T17:49:37.2491064+01:00" testType="13cdc9d9-ddb5-4fa4-a97d-d965ccfc6d4b" outcome="Passed" testListId="8c84fa94-04c1-424b-9868-57a2d4851a1d" relativeResultsDirectory="d6b627b5-6142-4772-9f12-101b67ac9ea6" dataRowInfo="31" resultType="DataDrivenDataRow" />
        <UnitTestResult executionId="19d14bfd-86e6-48b0-a734-51a5ecad5265" parentExecutionId="7f79113b-0b07-4260-a0c8-c38dcb9d00e3" testId="30809299-0e3e-4ac7-4a2a-6f8c296d2226" testName="ToUri_Passing_ValidValueString_Returns_Uri (http://⌘.ws)" computerName="PC-SFERRARI" duration="00:00:00.0000255" startTime="2020-08-17T17:49:37.1884263+01:00" endTime="2020-08-17T17:49:37.2491064+01:00" testType="13cdc9d9-ddb5-4fa4-a97d-d965ccfc6d4b" outcome="Passed" testListId="8c84fa94-04c1-424b-9868-57a2d4851a1d" relativeResultsDirectory="19d14bfd-86e6-48b0-a734-51a5ecad5265" dataRowInfo="32" resultType="DataDrivenDataRow" />
        <UnitTestResult executionId="4f377503-7dd7-4148-9255-f3883dda4872" parentExecutionId="7f79113b-0b07-4260-a0c8-c38dcb9d00e3" testId="30809299-0e3e-4ac7-4a2a-6f8c296d2226" testName="ToUri_Passing_ValidValueString_Returns_Uri (http://⌘.ws/)" computerName="PC-SFERRARI" duration="00:00:00.0000055" startTime="2020-08-17T17:49:37.1884263+01:00" endTime="2020-08-17T17:49:37.2491064+01:00" testType="13cdc9d9-ddb5-4fa4-a97d-d965ccfc6d4b" outcome="Passed" testListId="8c84fa94-04c1-424b-9868-57a2d4851a1d" relativeResultsDirectory="4f377503-7dd7-4148-9255-f3883dda4872" dataRowInfo="33" resultType="DataDrivenDataRow" />
        <UnitTestResult executionId="2f3c898d-6c4b-4a96-b013-125f8880feeb" parentExecutionId="7f79113b-0b07-4260-a0c8-c38dcb9d00e3" testId="30809299-0e3e-4ac7-4a2a-6f8c296d2226" testName="ToUri_Passing_ValidValueString_Returns_Uri (http://foo.com/blah_(wikipedia)#cite-1)" computerName="PC-SFERRARI" duration="00:00:00.0000032" startTime="2020-08-17T17:49:37.1884263+01:00" endTime="2020-08-17T17:49:37.2491064+01:00" testType="13cdc9d9-ddb5-4fa4-a97d-d965ccfc6d4b" outcome="Passed" testListId="8c84fa94-04c1-424b-9868-57a2d4851a1d" relativeResultsDirectory="2f3c898d-6c4b-4a96-b013-125f8880feeb" dataRowInfo="34" resultType="DataDrivenDataRow" />
        <UnitTestResult executionId="ebfd55c0-73d5-48c9-8125-efe77e4015e5" parentExecutionId="7f79113b-0b07-4260-a0c8-c38dcb9d00e3" testId="30809299-0e3e-4ac7-4a2a-6f8c296d2226" testName="ToUri_Passing_ValidValueString_Returns_Uri (http://foo.com/blah_(wikipedia)_blah#cite-1)" computerName="PC-SFERRARI" duration="00:00:00.0000028" startTime="2020-08-17T17:49:37.1884263+01:00" endTime="2020-08-17T17:49:37.2491064+01:00" testType="13cdc9d9-ddb5-4fa4-a97d-d965ccfc6d4b" outcome="Passed" testListId="8c84fa94-04c1-424b-9868-57a2d4851a1d" relativeResultsDirectory="ebfd55c0-73d5-48c9-8125-efe77e4015e5" dataRowInfo="35" resultType="DataDrivenDataRow" />
        <UnitTestResult executionId="a4d10019-bc48-48be-bd1b-69fe51edacfb" parentExecutionId="7f79113b-0b07-4260-a0c8-c38dcb9d00e3" testId="30809299-0e3e-4ac7-4a2a-6f8c296d2226" testName="ToUri_Passing_ValidValueString_Returns_Uri (http://foo.com/unicode_(✪)_in_parens)" computerName="PC-SFERRARI" duration="00:00:00.0000054" startTime="2020-08-17T17:49:37.1884263+01:00" endTime="2020-08-17T17:49:37.2491064+01:00" testType="13cdc9d9-ddb5-4fa4-a97d-d965ccfc6d4b" outcome="Passed" testListId="8c84fa94-04c1-424b-9868-57a2d4851a1d" relativeResultsDirectory="a4d10019-bc48-48be-bd1b-69fe51edacfb" dataRowInfo="36" resultType="DataDrivenDataRow" />
        <UnitTestResult executionId="bf2c1643-3a11-4a69-9b14-ee41fe1baf14" parentExecutionId="7f79113b-0b07-4260-a0c8-c38dcb9d00e3" testId="30809299-0e3e-4ac7-4a2a-6f8c296d2226" testName="ToUri_Passing_ValidValueString_Returns_Uri (http://foo.com/(something)?after=parens)" computerName="PC-SFERRARI" duration="00:00:00.0000029" startTime="2020-08-17T17:49:37.1884263+01:00" endTime="2020-08-17T17:49:37.2491064+01:00" testType="13cdc9d9-ddb5-4fa4-a97d-d965ccfc6d4b" outcome="Passed" testListId="8c84fa94-04c1-424b-9868-57a2d4851a1d" relativeResultsDirectory="bf2c1643-3a11-4a69-9b14-ee41fe1baf14" dataRowInfo="37" resultType="DataDrivenDataRow" />
        <UnitTestResult executionId="a8200d6e-d207-4abc-b351-997dd66b6d7a" parentExecutionId="7f79113b-0b07-4260-a0c8-c38dcb9d00e3" testId="30809299-0e3e-4ac7-4a2a-6f8c296d2226" testName="ToUri_Passing_ValidValueString_Returns_Uri (http://☺.damowmow.com/)" computerName="PC-SFERRARI" duration="00:00:00.0000065" startTime="2020-08-17T17:49:37.1884263+01:00" endTime="2020-08-17T17:49:37.2491064+01:00" testType="13cdc9d9-ddb5-4fa4-a97d-d965ccfc6d4b" outcome="Passed" testListId="8c84fa94-04c1-424b-9868-57a2d4851a1d" relativeResultsDirectory="a8200d6e-d207-4abc-b351-997dd66b6d7a" dataRowInfo="38" resultType="DataDrivenDataRow" />
        <UnitTestResult executionId="e558c4e9-2419-4c8b-9761-6c5901c5f846" parentExecutionId="7f79113b-0b07-4260-a0c8-c38dcb9d00e3" testId="30809299-0e3e-4ac7-4a2a-6f8c296d2226" testName="ToUri_Passing_ValidValueString_Returns_Uri (http://code.google.com/events/#&amp;product=browser)" computerName="PC-SFERRARI" duration="00:00:00.0000031" startTime="2020-08-17T17:49:37.1884263+01:00" endTime="2020-08-17T17:49:37.2491064+01:00" testType="13cdc9d9-ddb5-4fa4-a97d-d965ccfc6d4b" outcome="Passed" testListId="8c84fa94-04c1-424b-9868-57a2d4851a1d" relativeResultsDirectory="e558c4e9-2419-4c8b-9761-6c5901c5f846" dataRowInfo="39" resultType="DataDrivenDataRow" />
        <UnitTestResult executionId="ad9cfb0f-b5fd-4bf1-b30e-3cf7487ea4e4" parentExecutionId="7f79113b-0b07-4260-a0c8-c38dcb9d00e3" testId="30809299-0e3e-4ac7-4a2a-6f8c296d2226" testName="ToUri_Passing_ValidValueString_Returns_Uri (http://j.mp)" computerName="PC-SFERRARI" duration="00:00:00.0000027" startTime="2020-08-17T17:49:37.1884263+01:00" endTime="2020-08-17T17:49:37.2491064+01:00" testType="13cdc9d9-ddb5-4fa4-a97d-d965ccfc6d4b" outcome="Passed" testListId="8c84fa94-04c1-424b-9868-57a2d4851a1d" relativeResultsDirectory="ad9cfb0f-b5fd-4bf1-b30e-3cf7487ea4e4" dataRowInfo="40" resultType="DataDrivenDataRow" />
        <UnitTestResult executionId="15482cbf-0d0a-40b0-baf5-85fcb285a4b6" parentExecutionId="7f79113b-0b07-4260-a0c8-c38dcb9d00e3" testId="30809299-0e3e-4ac7-4a2a-6f8c296d2226" testName="ToUri_Passing_ValidValueString_Returns_Uri (http://foo.bar/?q=Test%20URL-encoded%20stuff)" computerName="PC-SFERRARI" duration="00:00:00.0000214" startTime="2020-08-17T17:49:37.1884263+01:00" endTime="2020-08-17T17:49:37.2491064+01:00" testType="13cdc9d9-ddb5-4fa4-a97d-d965ccfc6d4b" outcome="Passed" testListId="8c84fa94-04c1-424b-9868-57a2d4851a1d" relativeResultsDirectory="15482cbf-0d0a-40b0-baf5-85fcb285a4b6" dataRowInfo="41" resultType="DataDrivenDataRow" />
        <UnitTestResult executionId="deb670e0-ef08-42d1-ad6c-a92adde9a087" parentExecutionId="7f79113b-0b07-4260-a0c8-c38dcb9d00e3" testId="30809299-0e3e-4ac7-4a2a-6f8c296d2226" testName="ToUri_Passing_ValidValueString_Returns_Uri (http://مثال.إختبار)" computerName="PC-SFERRARI" duration="00:00:00.0000102" startTime="2020-08-17T17:49:37.1884263+01:00" endTime="2020-08-17T17:49:37.2491064+01:00" testType="13cdc9d9-ddb5-4fa4-a97d-d965ccfc6d4b" outcome="Passed" testListId="8c84fa94-04c1-424b-9868-57a2d4851a1d" relativeResultsDirectory="deb670e0-ef08-42d1-ad6c-a92adde9a087" dataRowInfo="42" resultType="DataDrivenDataRow" />
        <UnitTestResult executionId="636ebdff-4464-41d9-a7f6-42b968392709" parentExecutionId="7f79113b-0b07-4260-a0c8-c38dcb9d00e3" testId="30809299-0e3e-4ac7-4a2a-6f8c296d2226" testName="ToUri_Passing_ValidValueString_Returns_Uri (http://例子.测试)" computerName="PC-SFERRARI" duration="00:00:00.0000052" startTime="2020-08-17T17:49:37.1884263+01:00" endTime="2020-08-17T17:49:37.2491064+01:00" testType="13cdc9d9-ddb5-4fa4-a97d-d965ccfc6d4b" outcome="Passed" testListId="8c84fa94-04c1-424b-9868-57a2d4851a1d" relativeResultsDirectory="636ebdff-4464-41d9-a7f6-42b968392709" dataRowInfo="43" resultType="DataDrivenDataRow" />
        <UnitTestResult executionId="f9342489-4284-415a-9c7a-b921d4bf6dc8" parentExecutionId="7f79113b-0b07-4260-a0c8-c38dcb9d00e3" testId="30809299-0e3e-4ac7-4a2a-6f8c296d2226" testName="ToUri_Passing_ValidValueString_Returns_Uri (http://उदाहरण.परीक्ष)" computerName="PC-SFERRARI" duration="00:00:00.0000067" startTime="2020-08-17T17:49:37.1884263+01:00" endTime="2020-08-17T17:49:37.2491064+01:00" testType="13cdc9d9-ddb5-4fa4-a97d-d965ccfc6d4b" outcome="Passed" testListId="8c84fa94-04c1-424b-9868-57a2d4851a1d" relativeResultsDirectory="f9342489-4284-415a-9c7a-b921d4bf6dc8" dataRowInfo="44" resultType="DataDrivenDataRow" />
        <UnitTestResult executionId="1f4c4045-64c8-43dd-a14d-c7bd2bb77e0f" parentExecutionId="7f79113b-0b07-4260-a0c8-c38dcb9d00e3" testId="30809299-0e3e-4ac7-4a2a-6f8c296d2226" testName="ToUri_Passing_ValidValueString_Returns_Uri (http://-.~_!$&amp;'()*+,;=:%40:80%2f::::::@example.com)" computerName="PC-SFERRARI" duration="00:00:00.0000038" startTime="2020-08-17T17:49:37.1884263+01:00" endTime="2020-08-17T17:49:37.2491064+01:00" testType="13cdc9d9-ddb5-4fa4-a97d-d965ccfc6d4b" outcome="Passed" testListId="8c84fa94-04c1-424b-9868-57a2d4851a1d" relativeResultsDirectory="1f4c4045-64c8-43dd-a14d-c7bd2bb77e0f" dataRowInfo="45" resultType="DataDrivenDataRow" />
        <UnitTestResult executionId="9d9c4e7f-ab78-465c-9226-707dc9f8893f" parentExecutionId="7f79113b-0b07-4260-a0c8-c38dcb9d00e3" testId="30809299-0e3e-4ac7-4a2a-6f8c296d2226" testName="ToUri_Passing_ValidValueString_Returns_Uri (http://1337.net)" computerName="PC-SFERRARI" duration="00:00:00.0000029" startTime="2020-08-17T17:49:37.1884263+01:00" endTime="2020-08-17T17:49:37.2491064+01:00" testType="13cdc9d9-ddb5-4fa4-a97d-d965ccfc6d4b" outcome="Passed" testListId="8c84fa94-04c1-424b-9868-57a2d4851a1d" relativeResultsDirectory="9d9c4e7f-ab78-465c-9226-707dc9f8893f" dataRowInfo="46" resultType="DataDrivenDataRow" />
        <UnitTestResult executionId="03c29158-f43c-49b0-90e3-2af50884bbca" parentExecutionId="7f79113b-0b07-4260-a0c8-c38dcb9d00e3" testId="30809299-0e3e-4ac7-4a2a-6f8c296d2226" testName="ToUri_Passing_ValidValueString_Returns_Uri (http://a.b-c.de)" computerName="PC-SFERRARI" duration="00:00:00.0000027" startTime="2020-08-17T17:49:37.1884263+01:00" endTime="2020-08-17T17:49:37.2491064+01:00" testType="13cdc9d9-ddb5-4fa4-a97d-d965ccfc6d4b" outcome="Passed" testListId="8c84fa94-04c1-424b-9868-57a2d4851a1d" relativeResultsDirectory="03c29158-f43c-49b0-90e3-2af50884bbca" dataRowInfo="47" resultType="DataDrivenDataRow" />
        <UnitTestResult executionId="a0aaa3a6-fcb6-45b2-a1e7-a18eb6839773" parentExecutionId="7f79113b-0b07-4260-a0c8-c38dcb9d00e3" testId="30809299-0e3e-4ac7-4a2a-6f8c296d2226" testName="ToUri_Passing_ValidValueString_Returns_Uri (http://223.255.255.254)" computerName="PC-SFERRARI" duration="00:00:00.0000029" startTime="2020-08-17T17:49:37.1884263+01:00" endTime="2020-08-17T17:49:37.2491064+01:00" testType="13cdc9d9-ddb5-4fa4-a97d-d965ccfc6d4b" outcome="Passed" testListId="8c84fa94-04c1-424b-9868-57a2d4851a1d" relativeResultsDirectory="a0aaa3a6-fcb6-45b2-a1e7-a18eb6839773" dataRowInfo="48" resultType="DataDrivenDataRow" />
      </InnerResults>
    </UnitTestResult>
    <UnitTestResult executionId="0e53232e-e1c3-43df-a93d-bd6e07dc8c30" testId="e2880a6e-7a01-b4ba-86fb-4d33be072972" testName="ToExists_Passing_Valid_Service_Returns_True" computerName="PC-SFERRARI" duration="00:00:00.0003298" startTime="2020-08-17T17:49:34.4168463+01:00" endTime="2020-08-17T17:49:34.4172523+01:00" testType="13cdc9d9-ddb5-4fa4-a97d-d965ccfc6d4b" outcome="Passed" testListId="8c84fa94-04c1-424b-9868-57a2d4851a1d" relativeResultsDirectory="0e53232e-e1c3-43df-a93d-bd6e07dc8c30" />
    <UnitTestResult executionId="40cd4bb7-61be-4a2b-a105-aef61d70722e" testId="c180eeb5-df7f-187e-c74d-0f6d31acdec5" testName="ToUri_Passing_InvalidValueString_Returns_Null" computerName="PC-SFERRARI" duration="00:00:00.0003714" startTime="2020-08-17T17:49:37.1625342+01:00" endTime="2020-08-17T17:49:37.1630918+01:00" testType="13cdc9d9-ddb5-4fa4-a97d-d965ccfc6d4b" outcome="Passed" testListId="8c84fa94-04c1-424b-9868-57a2d4851a1d" relativeResultsDirectory="40cd4bb7-61be-4a2b-a105-aef61d70722e" resultType="DataDrivenTest">
      <InnerResults>
        <UnitTestResult executionId="d63e98f2-3537-4a24-a5a4-a671b1bc5b0e" parentExecutionId="40cd4bb7-61be-4a2b-a105-aef61d70722e" testId="c180eeb5-df7f-187e-c74d-0f6d31acdec5" testName="ToUri_Passing_InvalidValueString_Returns_Null (http://?)" computerName="PC-SFERRARI" duration="00:00:00.0002001" startTime="2020-08-17T17:49:37.1625342+01:00" endTime="2020-08-17T17:49:37.1630918+01:00" testType="13cdc9d9-ddb5-4fa4-a97d-d965ccfc6d4b" outcome="Passed" testListId="8c84fa94-04c1-424b-9868-57a2d4851a1d" relativeResultsDirectory="d63e98f2-3537-4a24-a5a4-a671b1bc5b0e" dataRowInfo="1" resultType="DataDrivenDataRow" />
        <UnitTestResult executionId="12c21fbd-9a81-47da-8c57-c2c3e01b71af" parentExecutionId="40cd4bb7-61be-4a2b-a105-aef61d70722e" testId="c180eeb5-df7f-187e-c74d-0f6d31acdec5" testName="ToUri_Passing_InvalidValueString_Returns_Null (http://)" computerName="PC-SFERRARI" duration="00:00:00.0000056" startTime="2020-08-17T17:49:37.1625342+01:00" endTime="2020-08-17T17:49:37.1630918+01:00" testType="13cdc9d9-ddb5-4fa4-a97d-d965ccfc6d4b" outcome="Passed" testListId="8c84fa94-04c1-424b-9868-57a2d4851a1d" relativeResultsDirectory="12c21fbd-9a81-47da-8c57-c2c3e01b71af" dataRowInfo="2" resultType="DataDrivenDataRow" />
        <UnitTestResult executionId="2af45fcf-d214-4624-90b3-357a90ef6897" parentExecutionId="40cd4bb7-61be-4a2b-a105-aef61d70722e" testId="c180eeb5-df7f-187e-c74d-0f6d31acdec5" testName="ToUri_Passing_InvalidValueString_Returns_Null (http://.)" computerName="PC-SFERRARI" duration="00:00:00.0000045" startTime="2020-08-17T17:49:37.1625342+01:00" endTime="2020-08-17T17:49:37.1630918+01:00" testType="13cdc9d9-ddb5-4fa4-a97d-d965ccfc6d4b" outcome="Passed" testListId="8c84fa94-04c1-424b-9868-57a2d4851a1d" relativeResultsDirectory="2af45fcf-d214-4624-90b3-357a90ef6897" dataRowInfo="3" resultType="DataDrivenDataRow" />
        <UnitTestResult executionId="3834d11a-d4ce-4cea-983f-a9fd58adab96" parentExecutionId="40cd4bb7-61be-4a2b-a105-aef61d70722e" testId="c180eeb5-df7f-187e-c74d-0f6d31acdec5" testName="ToUri_Passing_InvalidValueString_Returns_Null (http://..)" computerName="PC-SFERRARI" duration="00:00:00.0000033" startTime="2020-08-17T17:49:37.1625342+01:00" endTime="2020-08-17T17:49:37.1630918+01:00" testType="13cdc9d9-ddb5-4fa4-a97d-d965ccfc6d4b" outcome="Passed" testListId="8c84fa94-04c1-424b-9868-57a2d4851a1d" relativeResultsDirectory="3834d11a-d4ce-4cea-983f-a9fd58adab96" dataRowInfo="4" resultType="DataDrivenDataRow" />
        <UnitTestResult executionId="3dcb4d93-62c6-4b76-86ca-b4e387487176" parentExecutionId="40cd4bb7-61be-4a2b-a105-aef61d70722e" testId="c180eeb5-df7f-187e-c74d-0f6d31acdec5" testName="ToUri_Passing_InvalidValueString_Returns_Null (http://../)" computerName="PC-SFERRARI" duration="00:00:00.0000033" startTime="2020-08-17T17:49:37.1625342+01:00" endTime="2020-08-17T17:49:37.1630918+01:00" testType="13cdc9d9-ddb5-4fa4-a97d-d965ccfc6d4b" outcome="Passed" testListId="8c84fa94-04c1-424b-9868-57a2d4851a1d" relativeResultsDirectory="3dcb4d93-62c6-4b76-86ca-b4e387487176" dataRowInfo="5" resultType="DataDrivenDataRow" />
        <UnitTestResult executionId="757fe62e-0bc2-4f84-abdd-309e8bbc0c39" parentExecutionId="40cd4bb7-61be-4a2b-a105-aef61d70722e" testId="c180eeb5-df7f-187e-c74d-0f6d31acdec5" testName="ToUri_Passing_InvalidValueString_Returns_Null (http://?)" computerName="PC-SFERRARI" duration="00:00:00.0000030" startTime="2020-08-17T17:49:37.1625342+01:00" endTime="2020-08-17T17:49:37.1630918+01:00" testType="13cdc9d9-ddb5-4fa4-a97d-d965ccfc6d4b" outcome="Passed" testListId="8c84fa94-04c1-424b-9868-57a2d4851a1d" relativeResultsDirectory="757fe62e-0bc2-4f84-abdd-309e8bbc0c39" dataRowInfo="6" resultType="DataDrivenDataRow" />
        <UnitTestResult executionId="b2db6c99-e6d0-4115-9f59-d3f17027043b" parentExecutionId="40cd4bb7-61be-4a2b-a105-aef61d70722e" testId="c180eeb5-df7f-187e-c74d-0f6d31acdec5" testName="ToUri_Passing_InvalidValueString_Returns_Null (http://??)" computerName="PC-SFERRARI" duration="00:00:00.0000030" startTime="2020-08-17T17:49:37.1625342+01:00" endTime="2020-08-17T17:49:37.1630918+01:00" testType="13cdc9d9-ddb5-4fa4-a97d-d965ccfc6d4b" outcome="Passed" testListId="8c84fa94-04c1-424b-9868-57a2d4851a1d" relativeResultsDirectory="b2db6c99-e6d0-4115-9f59-d3f17027043b" dataRowInfo="7" resultType="DataDrivenDataRow" />
        <UnitTestResult executionId="a39c852c-4df9-4a4c-bb18-8d3377a61c73" parentExecutionId="40cd4bb7-61be-4a2b-a105-aef61d70722e" testId="c180eeb5-df7f-187e-c74d-0f6d31acdec5" testName="ToUri_Passing_InvalidValueString_Returns_Null (http://??/)" computerName="PC-SFERRARI" duration="00:00:00.0000036" startTime="2020-08-17T17:49:37.1625342+01:00" endTime="2020-08-17T17:49:37.1630918+01:00" testType="13cdc9d9-ddb5-4fa4-a97d-d965ccfc6d4b" outcome="Passed" testListId="8c84fa94-04c1-424b-9868-57a2d4851a1d" relativeResultsDirectory="a39c852c-4df9-4a4c-bb18-8d3377a61c73" dataRowInfo="8" resultType="DataDrivenDataRow" />
        <UnitTestResult executionId="ff930ac8-7f76-4238-aadd-dbe0cec7bd9d" parentExecutionId="40cd4bb7-61be-4a2b-a105-aef61d70722e" testId="c180eeb5-df7f-187e-c74d-0f6d31acdec5" testName="ToUri_Passing_InvalidValueString_Returns_Null (http://#)" computerName="PC-SFERRARI" duration="00:00:00.0000031" startTime="2020-08-17T17:49:37.1625342+01:00" endTime="2020-08-17T17:49:37.1630918+01:00" testType="13cdc9d9-ddb5-4fa4-a97d-d965ccfc6d4b" outcome="Passed" testListId="8c84fa94-04c1-424b-9868-57a2d4851a1d" relativeResultsDirectory="ff930ac8-7f76-4238-aadd-dbe0cec7bd9d" dataRowInfo="9" resultType="DataDrivenDataRow" />
        <UnitTestResult executionId="2a2aff4d-f78e-43eb-9dc7-de9b7adfeff1" parentExecutionId="40cd4bb7-61be-4a2b-a105-aef61d70722e" testId="c180eeb5-df7f-187e-c74d-0f6d31acdec5" testName="ToUri_Passing_InvalidValueString_Returns_Null (http://##)" computerName="PC-SFERRARI" duration="00:00:00.0000030" startTime="2020-08-17T17:49:37.1625342+01:00" endTime="2020-08-17T17:49:37.1630918+01:00" testType="13cdc9d9-ddb5-4fa4-a97d-d965ccfc6d4b" outcome="Passed" testListId="8c84fa94-04c1-424b-9868-57a2d4851a1d" relativeResultsDirectory="2a2aff4d-f78e-43eb-9dc7-de9b7adfeff1" dataRowInfo="10" resultType="DataDrivenDataRow" />
        <UnitTestResult executionId="0cb670b5-579a-4d42-ad60-df3cbaa20614" parentExecutionId="40cd4bb7-61be-4a2b-a105-aef61d70722e" testId="c180eeb5-df7f-187e-c74d-0f6d31acdec5" testName="ToUri_Passing_InvalidValueString_Returns_Null (http://##/)" computerName="PC-SFERRARI" duration="00:00:00.0000029" startTime="2020-08-17T17:49:37.1625342+01:00" endTime="2020-08-17T17:49:37.1630918+01:00" testType="13cdc9d9-ddb5-4fa4-a97d-d965ccfc6d4b" outcome="Passed" testListId="8c84fa94-04c1-424b-9868-57a2d4851a1d" relativeResultsDirectory="0cb670b5-579a-4d42-ad60-df3cbaa20614" dataRowInfo="11" resultType="DataDrivenDataRow" />
      </InnerResults>
    </UnitTestResult>
    <UnitTestResult executionId="9c722eaf-111f-4b77-bc65-75cd8fbe5791" testId="1a919c7e-4e1e-08f8-d5ef-a9418bde23f0" testName="ToEnvironment_Passing_NotFound_Service_Returns_ApplicationException" computerName="PC-SFERRARI" duration="00:00:00.0006396" startTime="2020-08-17T17:49:34.4130332+01:00" endTime="2020-08-17T17:49:34.4138484+01:00" testType="13cdc9d9-ddb5-4fa4-a97d-d965ccfc6d4b" outcome="Passed" testListId="8c84fa94-04c1-424b-9868-57a2d4851a1d" relativeResultsDirectory="9c722eaf-111f-4b77-bc65-75cd8fbe5791" />
    <UnitTestResult executionId="aa274d02-cdf7-4514-8a9b-41d1b0cefb0e" testId="65b9b71b-a8d5-2a7d-a8a7-0e3a015e6b68" testName="ToDirectoryTemporary_Passing_ValidValue_Returns_DirectoryExists" computerName="PC-SFERRARI" duration="00:00:00.0031486" startTime="2020-08-17T17:49:36.8471440+01:00" endTime="2020-08-17T17:49:36.8504771+01:00" testType="13cdc9d9-ddb5-4fa4-a97d-d965ccfc6d4b" outcome="Passed" testListId="8c84fa94-04c1-424b-9868-57a2d4851a1d" relativeResultsDirectory="aa274d02-cdf7-4514-8a9b-41d1b0cefb0e" />
    <UnitTestResult executionId="4587ea52-538a-4220-9350-b34b02161a33" testId="a03675ec-665e-f4d5-4630-89e50dac0bfb" testName="ToTryContentType_Passing_HttpRequestWithContentType_Value_Returns_ContentType_String_Value" computerName="PC-SFERRARI" duration="00:00:00.0007057" startTime="2020-08-17T17:49:36.0249294+01:00" endTime="2020-08-17T17:49:36.0257431+01:00" testType="13cdc9d9-ddb5-4fa4-a97d-d965ccfc6d4b" outcome="Passed" testListId="8c84fa94-04c1-424b-9868-57a2d4851a1d" relativeResultsDirectory="4587ea52-538a-4220-9350-b34b02161a33" />
    <UnitTestResult executionId="00a2a6cd-2804-4c5d-a755-334132ccd2ca" testId="7c09a438-5465-f760-64b2-23d25fc199f5" testName="ToEnum_Passing_InvalidValueString_Returns_EnumCustomValue" computerName="PC-SFERRARI" duration="00:00:00.0008951" startTime="2020-08-17T17:49:36.9293813+01:00" endTime="2020-08-17T17:49:36.9303745+01:00" testType="13cdc9d9-ddb5-4fa4-a97d-d965ccfc6d4b" outcome="Passed" testListId="8c84fa94-04c1-424b-9868-57a2d4851a1d" relativeResultsDirectory="00a2a6cd-2804-4c5d-a755-334132ccd2ca" />
    <UnitTestResult executionId="a4236b2d-5170-4fa7-bfb5-d31d614775b7" testId="8dccdb77-e6a8-58c6-9bd0-108f87c5ff65" testName="ToAuthenticationType_Passing_Null_ClaimsPrincipal_Returns_ApplicationException" computerName="PC-SFERRARI" duration="00:00:00.0026079" startTime="2020-08-17T17:49:34.0636092+01:00" endTime="2020-08-17T17:49:34.0663164+01:00" testType="13cdc9d9-ddb5-4fa4-a97d-d965ccfc6d4b" outcome="Passed" testListId="8c84fa94-04c1-424b-9868-57a2d4851a1d" relativeResultsDirectory="a4236b2d-5170-4fa7-bfb5-d31d614775b7" />
    <UnitTestResult executionId="353aaf92-1668-4618-93ca-0827ab09b474" testId="e1a72c94-958d-7abb-4a96-4b60b12f8157" testName="ToFullMessage_Passing_ExceptionWithMessageWithInnerException_Returns_Full_Message" computerName="PC-SFERRARI" duration="00:00:00.0322235" startTime="2020-08-17T17:49:34.7339577+01:00" endTime="2020-08-17T17:49:34.7664225+01:00" testType="13cdc9d9-ddb5-4fa4-a97d-d965ccfc6d4b" outcome="Passed" testListId="8c84fa94-04c1-424b-9868-57a2d4851a1d" relativeResultsDirectory="353aaf92-1668-4618-93ca-0827ab09b474" />
    <UnitTestResult executionId="3b819b70-524d-45a9-ae9e-d3af087f13bb" testId="432377b9-b0ad-9a2a-6dc2-e1069e73c449" testName="ToDefaultValue_Passing_bool_Returns_Cero" computerName="PC-SFERRARI" duration="00:00:00.0027677" startTime="2020-08-17T17:49:34.8131949+01:00" endTime="2020-08-17T17:49:34.8169300+01:00" testType="13cdc9d9-ddb5-4fa4-a97d-d965ccfc6d4b" outcome="Passed" testListId="8c84fa94-04c1-424b-9868-57a2d4851a1d" relativeResultsDirectory="3b819b70-524d-45a9-ae9e-d3af087f13bb" resultType="DataDrivenTest">
      <InnerResults>
        <UnitTestResult executionId="f95b33ff-094d-41b0-a979-f97633d6e2c7" parentExecutionId="3b819b70-524d-45a9-ae9e-d3af087f13bb" testId="432377b9-b0ad-9a2a-6dc2-e1069e73c449" testName="ToDefaultValue_Passing_bool_Returns_Cero (True)" computerName="PC-SFERRARI" duration="00:00:00.0004154" startTime="2020-08-17T17:49:34.8131949+01:00" endTime="2020-08-17T17:49:34.8169300+01:00" testType="13cdc9d9-ddb5-4fa4-a97d-d965ccfc6d4b" outcome="Passed" testListId="8c84fa94-04c1-424b-9868-57a2d4851a1d" relativeResultsDirectory="f95b33ff-094d-41b0-a979-f97633d6e2c7" dataRowInfo="1" resultType="DataDrivenDataRow" />
      </InnerResults>
    </UnitTestResult>
    <UnitTestResult executionId="2d80a637-b8ca-4cf4-a36e-3923c3554aed" testId="9af963da-8209-d683-34a5-be793bc59993" testName="ToList_Passing_ValidEnumTypeWithSelectedValueWithResourceType_Returns_ValuesList" computerName="PC-SFERRARI" duration="00:00:00.0007800" startTime="2020-08-17T17:49:34.7312863+01:00" endTime="2020-08-17T17:49:34.7321807+01:00" testType="13cdc9d9-ddb5-4fa4-a97d-d965ccfc6d4b" outcome="Passed" testListId="8c84fa94-04c1-424b-9868-57a2d4851a1d" relativeResultsDirectory="2d80a637-b8ca-4cf4-a36e-3923c3554aed" />
    <UnitTestResult executionId="253b631f-9f60-426a-bc9c-52c34bb2e498" testId="c330741e-ad40-618c-36cc-508c135d2b95" testName="ToService_Passing_NotFound_Service_Returns_Null" computerName="PC-SFERRARI" duration="00:00:00.0001101" startTime="2020-08-17T17:49:34.5025109+01:00" endTime="2020-08-17T17:49:34.5027485+01:00" testType="13cdc9d9-ddb5-4fa4-a97d-d965ccfc6d4b" outcome="Passed" testListId="8c84fa94-04c1-424b-9868-57a2d4851a1d" relativeResultsDirectory="253b631f-9f60-426a-bc9c-52c34bb2e498" />
    <UnitTestResult executionId="66356269-49ad-4f3d-8926-a3c79572cd89" testId="57d3cdd8-8268-9aa3-6f39-3cc0224b305c" testName="ToExists_Passing_Claims_Returns_True" computerName="PC-SFERRARI" duration="00:00:00.0013031" startTime="2020-08-17T17:49:34.0938755+01:00" endTime="2020-08-17T17:49:34.0953646+01:00" testType="13cdc9d9-ddb5-4fa4-a97d-d965ccfc6d4b" outcome="Passed" testListId="8c84fa94-04c1-424b-9868-57a2d4851a1d" relativeResultsDirectory="66356269-49ad-4f3d-8926-a3c79572cd89" />
    <UnitTestResult executionId="725d0b0b-8606-4ed3-87b7-7ecbdace8928" testId="8a110a46-40a4-c9bb-083e-1c3fcb5b45b7" testName="ToCompress_Passing_Object_Bytes_Returns_Object" computerName="PC-SFERRARI" duration="00:00:00.2188387" startTime="2020-08-17T17:49:33.6705398+01:00" endTime="2020-08-17T17:49:33.8897083+01:00" testType="13cdc9d9-ddb5-4fa4-a97d-d965ccfc6d4b" outcome="Passed" testListId="8c84fa94-04c1-424b-9868-57a2d4851a1d" relativeResultsDirectory="725d0b0b-8606-4ed3-87b7-7ecbdace8928" />
    <UnitTestResult executionId="d2e7591b-a438-4b23-85b0-3ec172695ff4" testId="481343f9-3ff3-548f-0c6c-41599cf65802" testName="CreateRandom_WithDefaultAllowableCharacters_Passing_ValidArguments_Returns_String_Random_Value" computerName="PC-SFERRARI" duration="00:00:00.0001859" startTime="2020-08-17T17:49:35.8869777+01:00" endTime="2020-08-17T17:49:35.8872612+01:00" testType="13cdc9d9-ddb5-4fa4-a97d-d965ccfc6d4b" outcome="Passed" testListId="8c84fa94-04c1-424b-9868-57a2d4851a1d" relativeResultsDirectory="d2e7591b-a438-4b23-85b0-3ec172695ff4" resultType="DataDrivenTest">
      <InnerResults>
        <UnitTestResult executionId="d77a541b-546f-4193-8daf-72f25fada49d" parentExecutionId="d2e7591b-a438-4b23-85b0-3ec172695ff4" testId="481343f9-3ff3-548f-0c6c-41599cf65802" testName="CreateRandom_WithDefaultAllowableCharacters_Passing_ValidArguments_Returns_String_Random_Value (5)" computerName="PC-SFERRARI" duration="00:00:00.0001139" startTime="2020-08-17T17:49:35.8869777+01:00" endTime="2020-08-17T17:49:35.8872612+01:00" testType="13cdc9d9-ddb5-4fa4-a97d-d965ccfc6d4b" outcome="Passed" testListId="8c84fa94-04c1-424b-9868-57a2d4851a1d" relativeResultsDirectory="d77a541b-546f-4193-8daf-72f25fada49d" dataRowInfo="1" resultType="DataDrivenDataRow" />
        <UnitTestResult executionId="0bfdc279-7b72-4ed7-92d8-b0d743a0c1be" parentExecutionId="d2e7591b-a438-4b23-85b0-3ec172695ff4" testId="481343f9-3ff3-548f-0c6c-41599cf65802" testName="CreateRandom_WithDefaultAllowableCharacters_Passing_ValidArguments_Returns_String_Random_Value (10)" computerName="PC-SFERRARI" duration="00:00:00.0000076" startTime="2020-08-17T17:49:35.8869777+01:00" endTime="2020-08-17T17:49:35.8872612+01:00" testType="13cdc9d9-ddb5-4fa4-a97d-d965ccfc6d4b" outcome="Passed" testListId="8c84fa94-04c1-424b-9868-57a2d4851a1d" relativeResultsDirectory="0bfdc279-7b72-4ed7-92d8-b0d743a0c1be" dataRowInfo="2" resultType="DataDrivenDataRow" />
        <UnitTestResult executionId="96068e32-27f1-49d1-8f26-164d2ed397cd" parentExecutionId="d2e7591b-a438-4b23-85b0-3ec172695ff4" testId="481343f9-3ff3-548f-0c6c-41599cf65802" testName="CreateRandom_WithDefaultAllowableCharacters_Passing_ValidArguments_Returns_String_Random_Value (20)" computerName="PC-SFERRARI" duration="00:00:00.0000052" startTime="2020-08-17T17:49:35.8869777+01:00" endTime="2020-08-17T17:49:35.8872612+01:00" testType="13cdc9d9-ddb5-4fa4-a97d-d965ccfc6d4b" outcome="Passed" testListId="8c84fa94-04c1-424b-9868-57a2d4851a1d" relativeResultsDirectory="96068e32-27f1-49d1-8f26-164d2ed397cd" dataRowInfo="3" resultType="DataDrivenDataRow" />
      </InnerResults>
    </UnitTestResult>
    <UnitTestResult executionId="ced0740f-bae6-4b52-a71e-62484fa64fc7" testId="a95f665c-aa8d-208d-902c-60a464250c99" testName="ToDefaultValue_Passing_ValidBoolean_Returns_DefaultValue" computerName="PC-SFERRARI" duration="00:00:00.0001941" startTime="2020-08-17T17:49:37.3116182+01:00" endTime="2020-08-17T17:49:37.3120174+01:00" testType="13cdc9d9-ddb5-4fa4-a97d-d965ccfc6d4b" outcome="Passed" testListId="8c84fa94-04c1-424b-9868-57a2d4851a1d" relativeResultsDirectory="ced0740f-bae6-4b52-a71e-62484fa64fc7" />
    <UnitTestResult executionId="1c8b88e6-7e4e-4bbc-883f-cb63d34ad87f" testId="71a1897b-b713-c047-1c23-5efdff095b20" testName="ToMapUpdate_Passing_Destination_Object_Returns_Updated_Destination_Object" computerName="PC-SFERRARI" duration="00:00:00.0032254" startTime="2020-08-17T17:49:33.1995917+01:00" endTime="2020-08-17T17:49:33.2029185+01:00" testType="13cdc9d9-ddb5-4fa4-a97d-d965ccfc6d4b" outcome="Passed" testListId="8c84fa94-04c1-424b-9868-57a2d4851a1d" relativeResultsDirectory="1c8b88e6-7e4e-4bbc-883f-cb63d34ad87f" />
    <UnitTestResult executionId="e317011d-94a5-4ce1-ac96-6ebdbae45073" testId="0b1e4893-9444-2235-b7fa-3782f9932212" testName="ToService_Passing_Valid_Service_Returns_Service" computerName="PC-SFERRARI" duration="00:00:00.0004604" startTime="2020-08-17T17:49:34.5027716+01:00" endTime="2020-08-17T17:49:34.5033354+01:00" testType="13cdc9d9-ddb5-4fa4-a97d-d965ccfc6d4b" outcome="Passed" testListId="8c84fa94-04c1-424b-9868-57a2d4851a1d" relativeResultsDirectory="e317011d-94a5-4ce1-ac96-6ebdbae45073" />
    <UnitTestResult executionId="4deae9ae-1628-4af2-b897-74da67b60c47" testId="bf48e581-43e6-7660-c4f4-1b7deb1f0ed9" testName="ToConfiguration_Passing_Valid_DirectoryPath_Invalid_JsonFileName_Not_Optional_Returns_ApplicationException" computerName="PC-SFERRARI" duration="00:00:00.0039884" startTime="2020-08-17T17:49:34.2699338+01:00" endTime="2020-08-17T17:49:34.2740440+01:00" testType="13cdc9d9-ddb5-4fa4-a97d-d965ccfc6d4b" outcome="Passed" testListId="8c84fa94-04c1-424b-9868-57a2d4851a1d" relativeResultsDirectory="4deae9ae-1628-4af2-b897-74da67b60c47" />
    <UnitTestResult executionId="dc83150a-9204-4ff5-a28b-d0d7d6c53cd9" testId="10024a68-25d4-872c-3e48-a6d6b2671494" testName="ToTryIPv6_Passing_HttpContext_IP_Value_Returns_IP" computerName="PC-SFERRARI" duration="00:00:00.0005745" startTime="2020-08-17T17:49:35.9736319+01:00" endTime="2020-08-17T17:49:35.9743420+01:00" testType="13cdc9d9-ddb5-4fa4-a97d-d965ccfc6d4b" outcome="Passed" testListId="8c84fa94-04c1-424b-9868-57a2d4851a1d" relativeResultsDirectory="dc83150a-9204-4ff5-a28b-d0d7d6c53cd9" />
    <UnitTestResult executionId="8c8f2fb4-cfef-48f1-a51f-ae985726fa3e" testId="0ee8121e-b492-a57d-d072-de988a4e30f8" testName="ToMapNew_Passing_TDestination_Returns_New_Destination_Object" computerName="PC-SFERRARI" duration="00:00:00.0064677" startTime="2020-08-17T17:49:33.1878486+01:00" endTime="2020-08-17T17:49:33.1989265+01:00" testType="13cdc9d9-ddb5-4fa4-a97d-d965ccfc6d4b" outcome="Passed" testListId="8c84fa94-04c1-424b-9868-57a2d4851a1d" relativeResultsDirectory="8c8f2fb4-cfef-48f1-a51f-ae985726fa3e" />
    <UnitTestResult executionId="10a4c9c5-392a-4d0e-a1c3-9bab7d623126" testId="3f0bf65d-a3af-41bf-ac79-126a0efc4fd4" testName="ToService_Passing_Service_Not_Found_Returns_Null" computerName="PC-SFERRARI" duration="00:00:00.0002588" startTime="2020-08-17T17:49:33.6470870+01:00" endTime="2020-08-17T17:49:33.6474276+01:00" testType="13cdc9d9-ddb5-4fa4-a97d-d965ccfc6d4b" outcome="Passed" testListId="8c84fa94-04c1-424b-9868-57a2d4851a1d" relativeResultsDirectory="10a4c9c5-392a-4d0e-a1c3-9bab7d623126" />
    <UnitTestResult executionId="b681ff23-6930-4a96-b399-22648b02bbea" testId="504465b7-a3fe-9023-93b9-ffece1903418" testName="ToEnvironment_ServiceCollection_Passing_Staging_Enviroment_Returns_Staging_Name" computerName="PC-SFERRARI" duration="00:00:00.0003660" startTime="2020-08-17T17:49:34.4154556+01:00" endTime="2020-08-17T17:49:34.4159041+01:00" testType="13cdc9d9-ddb5-4fa4-a97d-d965ccfc6d4b" outcome="Passed" testListId="8c84fa94-04c1-424b-9868-57a2d4851a1d" relativeResultsDirectory="b681ff23-6930-4a96-b399-22648b02bbea" />
    <UnitTestResult executionId="50e6d37a-8489-4af2-b858-b92f989672ed" testId="074815db-ddf2-9c1f-0fef-7f709183591e" testName="ToExists_Passing_Service_Not_Found_Returns_False" computerName="PC-SFERRARI" duration="00:00:00.0004090" startTime="2020-08-17T17:49:33.6456013+01:00" endTime="2020-08-17T17:49:33.6460949+01:00" testType="13cdc9d9-ddb5-4fa4-a97d-d965ccfc6d4b" outcome="Passed" testListId="8c84fa94-04c1-424b-9868-57a2d4851a1d" relativeResultsDirectory="50e6d37a-8489-4af2-b858-b92f989672ed" />
    <UnitTestResult executionId="64d3f498-7950-4d64-bb94-124246c30abc" testId="1340b308-d9eb-a26e-e042-04d6c1d9a958" testName="ToHasErrors_Passing_InvalidValue_Returns_ApplicationExceptionWithMessage" computerName="PC-SFERRARI" duration="00:00:00.0007397" startTime="2020-08-17T17:49:33.8903852+01:00" endTime="2020-08-17T17:49:33.8913774+01:00" testType="13cdc9d9-ddb5-4fa4-a97d-d965ccfc6d4b" outcome="Passed" testListId="8c84fa94-04c1-424b-9868-57a2d4851a1d" relativeResultsDirectory="64d3f498-7950-4d64-bb94-124246c30abc" />
    <UnitTestResult executionId="6ccafb7c-c466-41fe-844f-4cdb3c280d6c" testId="29295413-2308-fade-9c98-0e9ed6c67839" testName="ToDirectoryReadFileAsync_Passing_ValidValue_Returns_False" computerName="PC-SFERRARI" duration="00:00:00.0226988" startTime="2020-08-17T17:49:36.8242608+01:00" endTime="2020-08-17T17:49:36.8470935+01:00" testType="13cdc9d9-ddb5-4fa4-a97d-d965ccfc6d4b" outcome="Passed" testListId="8c84fa94-04c1-424b-9868-57a2d4851a1d" relativeResultsDirectory="6ccafb7c-c466-41fe-844f-4cdb3c280d6c" />
    <UnitTestResult executionId="5527d31d-5668-442b-95f0-ed99b9721d9e" testId="4234610b-215b-41f7-e61d-4a82851bdfa3" testName="ToDefaultValue_Passing_int_Returns_Cero" computerName="PC-SFERRARI" duration="00:00:00.0002542" startTime="2020-08-17T17:49:34.8627744+01:00" endTime="2020-08-17T17:49:34.8631080+01:00" testType="13cdc9d9-ddb5-4fa4-a97d-d965ccfc6d4b" outcome="Passed" testListId="8c84fa94-04c1-424b-9868-57a2d4851a1d" relativeResultsDirectory="5527d31d-5668-442b-95f0-ed99b9721d9e" resultType="DataDrivenTest">
      <InnerResults>
        <UnitTestResult executionId="2c78a4f7-68f3-4b9e-8414-b48902a7522a" parentExecutionId="5527d31d-5668-442b-95f0-ed99b9721d9e" testId="4234610b-215b-41f7-e61d-4a82851bdfa3" testName="ToDefaultValue_Passing_int_Returns_Cero (2147483647)" computerName="PC-SFERRARI" duration="00:00:00.0002141" startTime="2020-08-17T17:49:34.8627744+01:00" endTime="2020-08-17T17:49:34.8631080+01:00" testType="13cdc9d9-ddb5-4fa4-a97d-d965ccfc6d4b" outcome="Passed" testListId="8c84fa94-04c1-424b-9868-57a2d4851a1d" relativeResultsDirectory="2c78a4f7-68f3-4b9e-8414-b48902a7522a" dataRowInfo="1" resultType="DataDrivenDataRow" />
      </InnerResults>
    </UnitTestResult>
    <UnitTestResult executionId="81190b86-cd5a-4dde-b06e-bfe0428cc095" testId="320700ce-aa3b-5818-fb18-706cf7605472" testName="ToAttribute_Passing_Enumeration_Name_Returns_Atributte" computerName="PC-SFERRARI" duration="00:00:00.0017164" startTime="2020-08-17T17:49:34.6607774+01:00" endTime="2020-08-17T17:49:34.6626886+01:00" testType="13cdc9d9-ddb5-4fa4-a97d-d965ccfc6d4b" outcome="Passed" testListId="8c84fa94-04c1-424b-9868-57a2d4851a1d" relativeResultsDirectory="81190b86-cd5a-4dde-b06e-bfe0428cc095" />
    <UnitTestResult executionId="a7c5c1df-7014-483f-a7f7-da490b66a97b" testId="50bab7c1-daec-6ad7-fb8a-d46e02e1508d" testName="ToThrowIfNullOrEmpty_Passing_InvalidValue_Returns_ApplicationExceptionWithMessage" computerName="PC-SFERRARI" duration="00:00:00.0003404" startTime="2020-08-17T17:49:33.8949023+01:00" endTime="2020-08-17T17:49:33.8953270+01:00" testType="13cdc9d9-ddb5-4fa4-a97d-d965ccfc6d4b" outcome="Passed" testListId="8c84fa94-04c1-424b-9868-57a2d4851a1d" relativeResultsDirectory="a7c5c1df-7014-483f-a7f7-da490b66a97b" />
    <UnitTestResult executionId="1cccd104-17ee-486e-8ccb-bf1d58ce753a" testId="c1b9482d-5008-2226-29f4-9800d3a2b340" testName="ToService_Passing_NotFound_Service_Returns_ApplicationException" computerName="PC-SFERRARI" duration="00:00:00.0005261" startTime="2020-08-17T17:49:34.5001015+01:00" endTime="2020-08-17T17:49:34.5024597+01:00" testType="13cdc9d9-ddb5-4fa4-a97d-d965ccfc6d4b" outcome="Passed" testListId="8c84fa94-04c1-424b-9868-57a2d4851a1d" relativeResultsDirectory="1cccd104-17ee-486e-8ccb-bf1d58ce753a" />
    <UnitTestResult executionId="c2ebb526-8d54-4770-bef8-7a46596b4cc7" testId="ee30e1f9-ce80-c70a-1b56-b7e02750ae26" testName="IsDirectory_Passing_InvalidArguments_Returns_HasErrorsAndCount" computerName="PC-SFERRARI" duration="00:00:00.0009704" startTime="2020-08-17T17:49:33.9235009+01:00" endTime="2020-08-17T17:49:33.9247490+01:00" testType="13cdc9d9-ddb5-4fa4-a97d-d965ccfc6d4b" outcome="Passed" testListId="8c84fa94-04c1-424b-9868-57a2d4851a1d" relativeResultsDirectory="c2ebb526-8d54-4770-bef8-7a46596b4cc7" />
    <UnitTestResult executionId="926eadf8-39cb-44f2-b49b-be5e589c6962" testId="e37f41d3-77a8-1acd-c258-fbb5b724b134" testName="ToDefaultValue_Passing_ValidInt_Returns_DefaultValue" computerName="PC-SFERRARI" duration="00:00:00.0001100" startTime="2020-08-17T17:49:37.3123756+01:00" endTime="2020-08-17T17:49:37.3125645+01:00" testType="13cdc9d9-ddb5-4fa4-a97d-d965ccfc6d4b" outcome="Passed" testListId="8c84fa94-04c1-424b-9868-57a2d4851a1d" relativeResultsDirectory="926eadf8-39cb-44f2-b49b-be5e589c6962" />
    <UnitTestResult executionId="c219899a-aec4-4196-b6d1-f8ed8513bb5c" testId="15fe55e5-cdce-6280-ea15-ef777735767c" testName="ToEnvironment_ServiceCollection_Passing_Production_Enviroment_Returns_Production_Name" computerName="PC-SFERRARI" duration="00:00:00.0003772" startTime="2020-08-17T17:49:34.4149696+01:00" endTime="2020-08-17T17:49:34.4154259+01:00" testType="13cdc9d9-ddb5-4fa4-a97d-d965ccfc6d4b" outcome="Passed" testListId="8c84fa94-04c1-424b-9868-57a2d4851a1d" relativeResultsDirectory="c219899a-aec4-4196-b6d1-f8ed8513bb5c" />
    <UnitTestResult executionId="8016c5c9-0c37-4549-90a5-cfc1ffb32f0b" testId="31126d50-f667-908c-85f3-09f9d9272df9" testName="ToEnvironment_Passing_Production_Enviroment_Returns_Production_Name" computerName="PC-SFERRARI" duration="00:00:00.0005128" startTime="2020-08-17T17:49:33.6361816+01:00" endTime="2020-08-17T17:49:33.6367911+01:00" testType="13cdc9d9-ddb5-4fa4-a97d-d965ccfc6d4b" outcome="Passed" testListId="8c84fa94-04c1-424b-9868-57a2d4851a1d" relativeResultsDirectory="8016c5c9-0c37-4549-90a5-cfc1ffb32f0b" />
    <UnitTestResult executionId="ee0036f1-4067-46f8-a60d-1a815001f468" testId="04084e8e-c859-4ef5-e2a7-4fb2803cb2a3" testName="ToReplace_Passing_ValidValue_Returns_ReplacedValue" computerName="PC-SFERRARI" duration="00:00:00.0009367" startTime="2020-08-17T17:49:37.1067765+01:00" endTime="2020-08-17T17:49:37.1078898+01:00" testType="13cdc9d9-ddb5-4fa4-a97d-d965ccfc6d4b" outcome="Passed" testListId="8c84fa94-04c1-424b-9868-57a2d4851a1d" relativeResultsDirectory="ee0036f1-4067-46f8-a60d-1a815001f468" resultType="DataDrivenTest">
      <InnerResults>
        <UnitTestResult executionId="3b49bacc-852e-4a4c-bf09-f79c54202b64" parentExecutionId="ee0036f1-4067-46f8-a60d-1a815001f468" testId="04084e8e-c859-4ef5-e2a7-4fb2803cb2a3" testName="ToReplace_Passing_ValidValue_Returns_ReplacedValue (aeiou,*,0,1,*eiou)" computerName="PC-SFERRARI" duration="00:00:00.0007753" startTime="2020-08-17T17:49:37.1067765+01:00" endTime="2020-08-17T17:49:37.1078898+01:00" testType="13cdc9d9-ddb5-4fa4-a97d-d965ccfc6d4b" outcome="Passed" testListId="8c84fa94-04c1-424b-9868-57a2d4851a1d" relativeResultsDirectory="3b49bacc-852e-4a4c-bf09-f79c54202b64" dataRowInfo="1" resultType="DataDrivenDataRow" />
        <UnitTestResult executionId="240bdf5e-f89b-4ade-b686-cc0975b110d9" parentExecutionId="ee0036f1-4067-46f8-a60d-1a815001f468" testId="04084e8e-c859-4ef5-e2a7-4fb2803cb2a3" testName="ToReplace_Passing_ValidValue_Returns_ReplacedValue (aeiou,*,0,2,**iou)" computerName="PC-SFERRARI" duration="00:00:00.0000057" startTime="2020-08-17T17:49:37.1067765+01:00" endTime="2020-08-17T17:49:37.1078898+01:00" testType="13cdc9d9-ddb5-4fa4-a97d-d965ccfc6d4b" outcome="Passed" testListId="8c84fa94-04c1-424b-9868-57a2d4851a1d" relativeResultsDirectory="240bdf5e-f89b-4ade-b686-cc0975b110d9" dataRowInfo="2" resultType="DataDrivenDataRow" />
        <UnitTestResult executionId="cfa02201-693b-4266-9bdb-a19f7906bf1e" parentExecutionId="ee0036f1-4067-46f8-a60d-1a815001f468" testId="04084e8e-c859-4ef5-e2a7-4fb2803cb2a3" testName="ToReplace_Passing_ValidValue_Returns_ReplacedValue (aeiou,*,0,3,***ou)" computerName="PC-SFERRARI" duration="00:00:00.0000029" startTime="2020-08-17T17:49:37.1067765+01:00" endTime="2020-08-17T17:49:37.1078898+01:00" testType="13cdc9d9-ddb5-4fa4-a97d-d965ccfc6d4b" outcome="Passed" testListId="8c84fa94-04c1-424b-9868-57a2d4851a1d" relativeResultsDirectory="cfa02201-693b-4266-9bdb-a19f7906bf1e" dataRowInfo="3" resultType="DataDrivenDataRow" />
        <UnitTestResult executionId="2ad65360-1e22-4b47-b19c-c1e9cbd41d18" parentExecutionId="ee0036f1-4067-46f8-a60d-1a815001f468" testId="04084e8e-c859-4ef5-e2a7-4fb2803cb2a3" testName="ToReplace_Passing_ValidValue_Returns_ReplacedValue (aeiou,*,0,4,****u)" computerName="PC-SFERRARI" duration="00:00:00.0000026" startTime="2020-08-17T17:49:37.1067765+01:00" endTime="2020-08-17T17:49:37.1078898+01:00" testType="13cdc9d9-ddb5-4fa4-a97d-d965ccfc6d4b" outcome="Passed" testListId="8c84fa94-04c1-424b-9868-57a2d4851a1d" relativeResultsDirectory="2ad65360-1e22-4b47-b19c-c1e9cbd41d18" dataRowInfo="4" resultType="DataDrivenDataRow" />
        <UnitTestResult executionId="b5961888-9fe4-4f34-8798-8b93cf9fddf1" parentExecutionId="ee0036f1-4067-46f8-a60d-1a815001f468" testId="04084e8e-c859-4ef5-e2a7-4fb2803cb2a3" testName="ToReplace_Passing_ValidValue_Returns_ReplacedValue (aeiou,*,0,5,*****)" computerName="PC-SFERRARI" duration="00:00:00.0000027" startTime="2020-08-17T17:49:37.1067765+01:00" endTime="2020-08-17T17:49:37.1078898+01:00" testType="13cdc9d9-ddb5-4fa4-a97d-d965ccfc6d4b" outcome="Passed" testListId="8c84fa94-04c1-424b-9868-57a2d4851a1d" relativeResultsDirectory="b5961888-9fe4-4f34-8798-8b93cf9fddf1" dataRowInfo="5" resultType="DataDrivenDataRow" />
        <UnitTestResult executionId="7b25262c-5f68-445d-8107-1c7921d8aef2" parentExecutionId="ee0036f1-4067-46f8-a60d-1a815001f468" testId="04084e8e-c859-4ef5-e2a7-4fb2803cb2a3" testName="ToReplace_Passing_ValidValue_Returns_ReplacedValue (aeiou,*,2,1,ae*ou)" computerName="PC-SFERRARI" duration="00:00:00.0000024" startTime="2020-08-17T17:49:37.1067765+01:00" endTime="2020-08-17T17:49:37.1078898+01:00" testType="13cdc9d9-ddb5-4fa4-a97d-d965ccfc6d4b" outcome="Passed" testListId="8c84fa94-04c1-424b-9868-57a2d4851a1d" relativeResultsDirectory="7b25262c-5f68-445d-8107-1c7921d8aef2" dataRowInfo="6" resultType="DataDrivenDataRow" />
        <UnitTestResult executionId="e6d81d8f-7bcc-4ef6-92ba-4ddfed0828a1" parentExecutionId="ee0036f1-4067-46f8-a60d-1a815001f468" testId="04084e8e-c859-4ef5-e2a7-4fb2803cb2a3" testName="ToReplace_Passing_ValidValue_Returns_ReplacedValue (aeiou,*,2,2,ae**u)" computerName="PC-SFERRARI" duration="00:00:00.0000030" startTime="2020-08-17T17:49:37.1067765+01:00" endTime="2020-08-17T17:49:37.1078898+01:00" testType="13cdc9d9-ddb5-4fa4-a97d-d965ccfc6d4b" outcome="Passed" testListId="8c84fa94-04c1-424b-9868-57a2d4851a1d" relativeResultsDirectory="e6d81d8f-7bcc-4ef6-92ba-4ddfed0828a1" dataRowInfo="7" resultType="DataDrivenDataRow" />
      </InnerResults>
    </UnitTestResult>
    <UnitTestResult executionId="8377aa5c-856c-4b6b-b90e-7df03e74ef8d" testId="18040ed3-941e-dd1e-cb8c-4d34d103f370" testName="ToIsWeekend_Passing_Saturday_DateTime_Returns_True" computerName="PC-SFERRARI" duration="00:00:00.0001254" startTime="2020-08-17T17:49:34.6308600+01:00" endTime="2020-08-17T17:49:34.6310783+01:00" testType="13cdc9d9-ddb5-4fa4-a97d-d965ccfc6d4b" outcome="Passed" testListId="8c84fa94-04c1-424b-9868-57a2d4851a1d" relativeResultsDirectory="8377aa5c-856c-4b6b-b90e-7df03e74ef8d" />
    <UnitTestResult executionId="3f18dc04-27cf-4ed5-a858-b201ca360481" testId="161f5d07-7835-e575-5072-b9d787ef451c" testName="ToResultAsync_Passing_StatusCodeAnd_MessageAndContentTypeAndHeader_Values_Returns_Values" computerName="PC-SFERRARI" duration="00:00:00.6096950" startTime="2020-08-17T17:49:36.0538941+01:00" endTime="2020-08-17T17:49:36.6638919+01:00" testType="13cdc9d9-ddb5-4fa4-a97d-d965ccfc6d4b" outcome="Passed" testListId="8c84fa94-04c1-424b-9868-57a2d4851a1d" relativeResultsDirectory="3f18dc04-27cf-4ed5-a858-b201ca360481" resultType="DataDrivenTest">
      <InnerResults>
        <UnitTestResult executionId="15185636-b13f-4ad4-a3c8-70069cce6449" parentExecutionId="3f18dc04-27cf-4ed5-a858-b201ca360481" testId="161f5d07-7835-e575-5072-b9d787ef451c" testName="ToResultAsync_Passing_StatusCodeAnd_MessageAndContentTypeAndHeader_Values_Returns_Values (/test)" computerName="PC-SFERRARI" duration="00:00:00.6096197" startTime="2020-08-17T17:49:36.0538941+01:00" endTime="2020-08-17T17:49:36.6638919+01:00" testType="13cdc9d9-ddb5-4fa4-a97d-d965ccfc6d4b" outcome="Passed" testListId="8c84fa94-04c1-424b-9868-57a2d4851a1d" relativeResultsDirectory="15185636-b13f-4ad4-a3c8-70069cce6449" dataRowInfo="1" resultType="DataDrivenDataRow" />
      </InnerResults>
    </UnitTestResult>
    <UnitTestResult executionId="02341c10-d423-4633-8230-2ea45e9c99ad" testId="1b969e76-d97c-c639-c377-a41796fbb2c3" testName="ToHashAlgorithmName_Passing_InvalidValueString_Returns_Null" computerName="PC-SFERRARI" duration="00:00:00.0001699" startTime="2020-08-17T17:49:36.9628216+01:00" endTime="2020-08-17T17:49:36.9630607+01:00" testType="13cdc9d9-ddb5-4fa4-a97d-d965ccfc6d4b" outcome="Passed" testListId="8c84fa94-04c1-424b-9868-57a2d4851a1d" relativeResultsDirectory="02341c10-d423-4633-8230-2ea45e9c99ad" resultType="DataDrivenTest">
      <InnerResults>
        <UnitTestResult executionId="d5e69429-ae00-45c4-8198-b6726db21419" parentExecutionId="02341c10-d423-4633-8230-2ea45e9c99ad" testId="1b969e76-d97c-c639-c377-a41796fbb2c3" testName="ToHashAlgorithmName_Passing_InvalidValueString_Returns_Null (hhhhhh)" computerName="PC-SFERRARI" duration="00:00:00.0001355" startTime="2020-08-17T17:49:36.9628216+01:00" endTime="2020-08-17T17:49:36.9630607+01:00" testType="13cdc9d9-ddb5-4fa4-a97d-d965ccfc6d4b" outcome="Passed" testListId="8c84fa94-04c1-424b-9868-57a2d4851a1d" relativeResultsDirectory="d5e69429-ae00-45c4-8198-b6726db21419" dataRowInfo="1" resultType="DataDrivenDataRow" />
      </InnerResults>
    </UnitTestResult>
    <UnitTestResult executionId="ffdb5066-a14f-4c2b-8361-785a974d6c03" testId="ac572b27-5286-68a4-5380-d7de82fbf69a" testName="ToFormat_Passing_ValidValueFormatWithArguments_Returns_ValueWithFormat" computerName="PC-SFERRARI" duration="00:00:00.0004292" startTime="2020-08-17T17:49:36.9603908+01:00" endTime="2020-08-17T17:49:36.9610264+01:00" testType="13cdc9d9-ddb5-4fa4-a97d-d965ccfc6d4b" outcome="Passed" testListId="8c84fa94-04c1-424b-9868-57a2d4851a1d" relativeResultsDirectory="ffdb5066-a14f-4c2b-8361-785a974d6c03" />
    <UnitTestResult executionId="673521c3-9d94-40e9-968e-026b7866d874" testId="4d9bde6c-668c-a1d3-dc60-edcfc6a4082c" testName="IsLess_Passing_InvalidArguments_Returns_HasErrorsAndCount" computerName="PC-SFERRARI" duration="00:00:00.0032804" startTime="2020-08-17T17:49:33.9538610+01:00" endTime="2020-08-17T17:49:33.9572838+01:00" testType="13cdc9d9-ddb5-4fa4-a97d-d965ccfc6d4b" outcome="Passed" testListId="8c84fa94-04c1-424b-9868-57a2d4851a1d" relativeResultsDirectory="673521c3-9d94-40e9-968e-026b7866d874" />
    <UnitTestResult executionId="1c4d072e-fe62-444c-a1fc-38a59ed735ff" testId="ab527057-69f2-0a9a-89fd-18928a3920fd" testName="ToHashAlgorithmName_Passing_InvalidValueStringWithDefaultValue_Returns_DefaultValue" computerName="PC-SFERRARI" duration="00:00:00.0001819" startTime="2020-08-17T17:49:36.9625441+01:00" endTime="2020-08-17T17:49:36.9627973+01:00" testType="13cdc9d9-ddb5-4fa4-a97d-d965ccfc6d4b" outcome="Passed" testListId="8c84fa94-04c1-424b-9868-57a2d4851a1d" relativeResultsDirectory="1c4d072e-fe62-444c-a1fc-38a59ed735ff" resultType="DataDrivenTest">
      <InnerResults>
        <UnitTestResult executionId="8fae1ad6-bb74-43f2-944e-cefd8cd27678" parentExecutionId="1c4d072e-fe62-444c-a1fc-38a59ed735ff" testId="ab527057-69f2-0a9a-89fd-18928a3920fd" testName="ToHashAlgorithmName_Passing_InvalidValueStringWithDefaultValue_Returns_DefaultValue (hhhhhh)" computerName="PC-SFERRARI" duration="00:00:00.0001480" startTime="2020-08-17T17:49:36.9625441+01:00" endTime="2020-08-17T17:49:36.9627973+01:00" testType="13cdc9d9-ddb5-4fa4-a97d-d965ccfc6d4b" outcome="Passed" testListId="8c84fa94-04c1-424b-9868-57a2d4851a1d" relativeResultsDirectory="8fae1ad6-bb74-43f2-944e-cefd8cd27678" dataRowInfo="1" resultType="DataDrivenDataRow" />
      </InnerResults>
    </UnitTestResult>
    <UnitTestResult executionId="495c89f3-858f-4d0a-9eb3-7a7af6b9644c" testId="b871cd27-681f-8d07-6c2a-809341ba2909" testName="ToList_Passing_ValidEnumTypeWithSelectedValue_Returns_ValuesList" computerName="PC-SFERRARI" duration="00:00:00.0003360" startTime="2020-08-17T17:49:34.7322105+01:00" endTime="2020-08-17T17:49:34.7326390+01:00" testType="13cdc9d9-ddb5-4fa4-a97d-d965ccfc6d4b" outcome="Passed" testListId="8c84fa94-04c1-424b-9868-57a2d4851a1d" relativeResultsDirectory="495c89f3-858f-4d0a-9eb3-7a7af6b9644c" />
    <UnitTestResult executionId="9346310c-ae01-4831-8e94-3083c9e6ec27" testId="8a5cc6e0-e73e-2131-64bd-e73fc6c2a32e" testName="IsRange_Passing_InvalidArguments_Returns_HasErrorsAndCount" computerName="PC-SFERRARI" duration="00:00:00.0007592" startTime="2020-08-17T17:49:33.9927787+01:00" endTime="2020-08-17T17:49:33.9936234+01:00" testType="13cdc9d9-ddb5-4fa4-a97d-d965ccfc6d4b" outcome="Passed" testListId="8c84fa94-04c1-424b-9868-57a2d4851a1d" relativeResultsDirectory="9346310c-ae01-4831-8e94-3083c9e6ec27" />
    <UnitTestResult executionId="72e217f5-f1cc-4aaf-bf62-4e8bf6d0eed1" testId="f2debf4a-2a42-7b0b-1005-8f74a6fc63cb" testName="IsSubdomain_Passing_InvalidArguments_Returns_HasErrorsAndCount" computerName="PC-SFERRARI" duration="00:00:00.0004792" startTime="2020-08-17T17:49:33.9940780+01:00" endTime="2020-08-17T17:49:33.9946462+01:00" testType="13cdc9d9-ddb5-4fa4-a97d-d965ccfc6d4b" outcome="Passed" testListId="8c84fa94-04c1-424b-9868-57a2d4851a1d" relativeResultsDirectory="72e217f5-f1cc-4aaf-bf62-4e8bf6d0eed1" />
    <UnitTestResult executionId="5324c254-6a5d-4f79-b5f5-6fbe9905c29e" testId="47f3e733-f069-b79f-9f6d-7c11fc368663" testName="ToDefaultValue_Passing_ushort_Returns_Cero" computerName="PC-SFERRARI" duration="00:00:00.0002447" startTime="2020-08-17T17:49:34.8921886+01:00" endTime="2020-08-17T17:49:34.8924993+01:00" testType="13cdc9d9-ddb5-4fa4-a97d-d965ccfc6d4b" outcome="Passed" testListId="8c84fa94-04c1-424b-9868-57a2d4851a1d" relativeResultsDirectory="5324c254-6a5d-4f79-b5f5-6fbe9905c29e" resultType="DataDrivenTest">
      <InnerResults>
        <UnitTestResult executionId="d07d3b2a-232e-48f5-841d-907f3ad76ca4" parentExecutionId="5324c254-6a5d-4f79-b5f5-6fbe9905c29e" testId="47f3e733-f069-b79f-9f6d-7c11fc368663" testName="ToDefaultValue_Passing_ushort_Returns_Cero (65535)" computerName="PC-SFERRARI" duration="00:00:00.0002056" startTime="2020-08-17T17:49:34.8921886+01:00" endTime="2020-08-17T17:49:34.8924993+01:00" testType="13cdc9d9-ddb5-4fa4-a97d-d965ccfc6d4b" outcome="Passed" testListId="8c84fa94-04c1-424b-9868-57a2d4851a1d" relativeResultsDirectory="d07d3b2a-232e-48f5-841d-907f3ad76ca4" dataRowInfo="1" resultType="DataDrivenDataRow" />
      </InnerResults>
    </UnitTestResult>
    <UnitTestResult executionId="3d0b1cb3-a97d-49af-8d77-3abf16d3bff0" testId="77fe17c3-3cf8-a189-4d95-b2e0d3ca9579" testName="CreateSHA256_Passing_Invalid_Arguments_Returns_ApplicationException" computerName="PC-SFERRARI" duration="00:00:00.0006056" startTime="2020-08-17T17:49:35.9029971+01:00" endTime="2020-08-17T17:49:35.9038372+01:00" testType="13cdc9d9-ddb5-4fa4-a97d-d965ccfc6d4b" outcome="Passed" testListId="8c84fa94-04c1-424b-9868-57a2d4851a1d" relativeResultsDirectory="3d0b1cb3-a97d-49af-8d77-3abf16d3bff0" resultType="DataDrivenTest">
      <InnerResults>
        <UnitTestResult executionId="85f823ad-1f6a-40ef-a417-c1ce85d2c61c" parentExecutionId="3d0b1cb3-a97d-49af-8d77-3abf16d3bff0" testId="77fe17c3-3cf8-a189-4d95-b2e0d3ca9579" testName="CreateSHA256_Passing_Invalid_Arguments_Returns_ApplicationException ()" computerName="PC-SFERRARI" duration="00:00:00.0004295" startTime="2020-08-17T17:49:35.9029971+01:00" endTime="2020-08-17T17:49:35.9038372+01:00" testType="13cdc9d9-ddb5-4fa4-a97d-d965ccfc6d4b" outcome="Passed" testListId="8c84fa94-04c1-424b-9868-57a2d4851a1d" relativeResultsDirectory="85f823ad-1f6a-40ef-a417-c1ce85d2c61c" dataRowInfo="1" resultType="DataDrivenDataRow" />
        <UnitTestResult executionId="fe7bb8be-3d99-4f78-bdf9-dc1f66157a3b" parentExecutionId="3d0b1cb3-a97d-49af-8d77-3abf16d3bff0" testId="77fe17c3-3cf8-a189-4d95-b2e0d3ca9579" testName="CreateSHA256_Passing_Invalid_Arguments_Returns_ApplicationException ()" computerName="PC-SFERRARI" duration="00:00:00.0000488" startTime="2020-08-17T17:49:35.9029971+01:00" endTime="2020-08-17T17:49:35.9038372+01:00" testType="13cdc9d9-ddb5-4fa4-a97d-d965ccfc6d4b" outcome="Passed" testListId="8c84fa94-04c1-424b-9868-57a2d4851a1d" relativeResultsDirectory="fe7bb8be-3d99-4f78-bdf9-dc1f66157a3b" dataRowInfo="2" resultType="DataDrivenDataRow" />
        <UnitTestResult executionId="a3fde5a0-ff29-43f9-b64d-c406d5cb64a4" parentExecutionId="3d0b1cb3-a97d-49af-8d77-3abf16d3bff0" testId="77fe17c3-3cf8-a189-4d95-b2e0d3ca9579" testName="CreateSHA256_Passing_Invalid_Arguments_Returns_ApplicationException ( )" computerName="PC-SFERRARI" duration="00:00:00.0000399" startTime="2020-08-17T17:49:35.9029971+01:00" endTime="2020-08-17T17:49:35.9038372+01:00" testType="13cdc9d9-ddb5-4fa4-a97d-d965ccfc6d4b" outcome="Passed" testListId="8c84fa94-04c1-424b-9868-57a2d4851a1d" relativeResultsDirectory="a3fde5a0-ff29-43f9-b64d-c406d5cb64a4" dataRowInfo="3" resultType="DataDrivenDataRow" />
      </InnerResults>
    </UnitTestResult>
    <UnitTestResult executionId="ed0361f5-326f-48e6-8402-54e29234ed5d" testId="7c679bcb-7a59-8751-0063-1ef6e07cb160" testName="ToEnvironment_Passing_Service_Not_Found_Returns_ApplicationException" computerName="PC-SFERRARI" duration="00:00:00.0079533" startTime="2020-08-17T17:49:33.6368178+01:00" endTime="2020-08-17T17:49:33.6448635+01:00" testType="13cdc9d9-ddb5-4fa4-a97d-d965ccfc6d4b" outcome="Passed" testListId="8c84fa94-04c1-424b-9868-57a2d4851a1d" relativeResultsDirectory="ed0361f5-326f-48e6-8402-54e29234ed5d" />
    <UnitTestResult executionId="7d55a918-3df0-43a4-acdb-f53443cce0d9" testId="e0f7dcd9-f363-be9c-de11-457f6a575bee" testName="ToDefaultValue_Passing_float_Returns_Cero" computerName="PC-SFERRARI" duration="00:00:00.0005600" startTime="2020-08-17T17:49:34.8619996+01:00" endTime="2020-08-17T17:49:34.8627348+01:00" testType="13cdc9d9-ddb5-4fa4-a97d-d965ccfc6d4b" outcome="Passed" testListId="8c84fa94-04c1-424b-9868-57a2d4851a1d" relativeResultsDirectory="7d55a918-3df0-43a4-acdb-f53443cce0d9" resultType="DataDrivenTest">
      <InnerResults>
        <UnitTestResult executionId="92a2289c-6325-46e4-8917-6e813018b8af" parentExecutionId="7d55a918-3df0-43a4-acdb-f53443cce0d9" testId="e0f7dcd9-f363-be9c-de11-457f6a575bee" testName="ToDefaultValue_Passing_float_Returns_Cero (3,4028235E+38)" computerName="PC-SFERRARI" duration="00:00:00.0004718" startTime="2020-08-17T17:49:34.8619996+01:00" endTime="2020-08-17T17:49:34.8627348+01:00" testType="13cdc9d9-ddb5-4fa4-a97d-d965ccfc6d4b" outcome="Passed" testListId="8c84fa94-04c1-424b-9868-57a2d4851a1d" relativeResultsDirectory="92a2289c-6325-46e4-8917-6e813018b8af" dataRowInfo="1" resultType="DataDrivenDataRow" />
      </InnerResults>
    </UnitTestResult>
    <UnitTestResult executionId="6175f2ed-8ac2-4811-81f8-b8fe3cb799ef" testId="5c861184-f295-e727-0fd4-d218f13da14d" testName="ToConfiguration_Passing_Empty_DirectoryPath_Returns_ApplicationException" computerName="PC-SFERRARI" duration="00:00:00.0047152" startTime="2020-08-17T17:49:34.2464995+01:00" endTime="2020-08-17T17:49:34.2515416+01:00" testType="13cdc9d9-ddb5-4fa4-a97d-d965ccfc6d4b" outcome="Passed" testListId="8c84fa94-04c1-424b-9868-57a2d4851a1d" relativeResultsDirectory="6175f2ed-8ac2-4811-81f8-b8fe3cb799ef" />
    <UnitTestResult executionId="19e2aa72-1154-4475-80a2-4fc80fe44f76" testId="19a313ce-6632-bd6f-bb7e-c2dc7bcf20eb" testName="ToDefaultValue_Passing_sbyte_Returns_Cero" computerName="PC-SFERRARI" duration="00:00:00.0002469" startTime="2020-08-17T17:49:34.8634912+01:00" endTime="2020-08-17T17:49:34.8638028+01:00" testType="13cdc9d9-ddb5-4fa4-a97d-d965ccfc6d4b" outcome="Passed" testListId="8c84fa94-04c1-424b-9868-57a2d4851a1d" relativeResultsDirectory="19e2aa72-1154-4475-80a2-4fc80fe44f76" resultType="DataDrivenTest">
      <InnerResults>
        <UnitTestResult executionId="f6bbb1d7-d021-48fe-84c0-dc828efed137" parentExecutionId="19e2aa72-1154-4475-80a2-4fc80fe44f76" testId="19a313ce-6632-bd6f-bb7e-c2dc7bcf20eb" testName="ToDefaultValue_Passing_sbyte_Returns_Cero (127)" computerName="PC-SFERRARI" duration="00:00:00.0002077" startTime="2020-08-17T17:49:34.8634912+01:00" endTime="2020-08-17T17:49:34.8638028+01:00" testType="13cdc9d9-ddb5-4fa4-a97d-d965ccfc6d4b" outcome="Passed" testListId="8c84fa94-04c1-424b-9868-57a2d4851a1d" relativeResultsDirectory="f6bbb1d7-d021-48fe-84c0-dc828efed137" dataRowInfo="1" resultType="DataDrivenDataRow" />
      </InnerResults>
    </UnitTestResult>
    <UnitTestResult executionId="99ab0698-0f4d-488b-bf32-194be22575b4" testId="96f263a8-e1d9-0070-21ba-583144d2d030" testName="ToEnum_Passing_ValidValueInt_Returns_EnumValue" computerName="PC-SFERRARI" duration="00:00:00.0001303" startTime="2020-08-17T17:49:36.9306287+01:00" endTime="2020-08-17T17:49:36.9308440+01:00" testType="13cdc9d9-ddb5-4fa4-a97d-d965ccfc6d4b" outcome="Passed" testListId="8c84fa94-04c1-424b-9868-57a2d4851a1d" relativeResultsDirectory="99ab0698-0f4d-488b-bf32-194be22575b4" />
    <UnitTestResult executionId="94104585-c617-4738-8105-43e30caa4671" testId="eb3fbb45-8257-f4b8-0975-042f859a72bf" testName="ToDictionaryPropertyInfo_Passing_Object_Not_IncludeNullOrEmptyProperty_Returns_Properties_NameAndValue_Dictionary" computerName="PC-SFERRARI" duration="00:00:00.0002455" startTime="2020-08-17T17:49:34.8944669+01:00" endTime="2020-08-17T17:49:34.8948061+01:00" testType="13cdc9d9-ddb5-4fa4-a97d-d965ccfc6d4b" outcome="Passed" testListId="8c84fa94-04c1-424b-9868-57a2d4851a1d" relativeResultsDirectory="94104585-c617-4738-8105-43e30caa4671" />
    <UnitTestResult executionId="d47db417-b21a-4e92-9b2a-2922dbb4701e" testId="a702dc43-b5af-c889-d32e-e69ee2d100af" testName="ToIsAuthenticated_Passing_Null_ClaimsPrincipal_Returns_ApplicationException" computerName="PC-SFERRARI" duration="00:00:00.0006888" startTime="2020-08-17T17:49:34.2332325+01:00" endTime="2020-08-17T17:49:34.2341068+01:00" testType="13cdc9d9-ddb5-4fa4-a97d-d965ccfc6d4b" outcome="Passed" testListId="8c84fa94-04c1-424b-9868-57a2d4851a1d" relativeResultsDirectory="d47db417-b21a-4e92-9b2a-2922dbb4701e" />
    <UnitTestResult executionId="04baf126-ae07-4967-a109-96f63b2d7433" testId="31ff6168-d18d-0013-7c18-0ff775714202" testName="ToEnum_Passing_InvalidValueString_Returns_EnumDefaultValue" computerName="PC-SFERRARI" duration="00:00:00.0001098" startTime="2020-08-17T17:49:36.9304008+01:00" endTime="2020-08-17T17:49:36.9306067+01:00" testType="13cdc9d9-ddb5-4fa4-a97d-d965ccfc6d4b" outcome="Passed" testListId="8c84fa94-04c1-424b-9868-57a2d4851a1d" relativeResultsDirectory="04baf126-ae07-4967-a109-96f63b2d7433" />
    <UnitTestResult executionId="a05b48bc-bc8c-431a-9458-a5d541a3bf0e" testId="66f7bc12-fe2b-fd81-3cbf-5bc4840aa6f8" testName="ToConfiguration_Passing_Key_Values_Returns_Ok" computerName="PC-SFERRARI" duration="00:00:00.0175017" startTime="2020-08-17T17:49:34.2522885+01:00" endTime="2020-08-17T17:49:34.2698895+01:00" testType="13cdc9d9-ddb5-4fa4-a97d-d965ccfc6d4b" outcome="Passed" testListId="8c84fa94-04c1-424b-9868-57a2d4851a1d" relativeResultsDirectory="a05b48bc-bc8c-431a-9458-a5d541a3bf0e" />
    <UnitTestResult executionId="e37191ed-c04c-4964-91a2-d535f32acc58" testId="e9b23f0c-0cde-4603-1739-ee642fd33c36" testName="ToSubdomain_Passing_HttpRequest_Host_Returns_Subdomain" computerName="PC-SFERRARI" duration="00:00:00.0024471" startTime="2020-08-17T17:49:36.0223094+01:00" endTime="2020-08-17T17:49:36.0248892+01:00" testType="13cdc9d9-ddb5-4fa4-a97d-d965ccfc6d4b" outcome="Passed" testListId="8c84fa94-04c1-424b-9868-57a2d4851a1d" relativeResultsDirectory="e37191ed-c04c-4964-91a2-d535f32acc58" />
    <UnitTestResult executionId="36965853-a0b2-4be3-8ca8-4171d7958985" testId="aaa46586-7b83-9a88-e835-ae92592f98a3" testName="ToList_Passing_ValidEnumTypeWithResourceType_Returns_ValuesList" computerName="PC-SFERRARI" duration="00:00:00.0056654" startTime="2020-08-17T17:49:34.7253770+01:00" endTime="2020-08-17T17:49:34.7312431+01:00" testType="13cdc9d9-ddb5-4fa4-a97d-d965ccfc6d4b" outcome="Passed" testListId="8c84fa94-04c1-424b-9868-57a2d4851a1d" relativeResultsDirectory="36965853-a0b2-4be3-8ca8-4171d7958985" />
    <UnitTestResult executionId="242d614b-04e6-4dda-924a-19bfa727afac" testId="f752d50b-77fa-327a-4493-168161bd27b2" testName="ToDefaultValue_Passing_double_Returns_Cero" computerName="PC-SFERRARI" duration="00:00:00.0004115" startTime="2020-08-17T17:49:34.8180969+01:00" endTime="2020-08-17T17:49:34.8185749+01:00" testType="13cdc9d9-ddb5-4fa4-a97d-d965ccfc6d4b" outcome="Passed" testListId="8c84fa94-04c1-424b-9868-57a2d4851a1d" relativeResultsDirectory="242d614b-04e6-4dda-924a-19bfa727afac" resultType="DataDrivenTest">
      <InnerResults>
        <UnitTestResult executionId="d9a7e466-355f-4ba2-898a-b6942f6e2f2f" parentExecutionId="242d614b-04e6-4dda-924a-19bfa727afac" testId="f752d50b-77fa-327a-4493-168161bd27b2" testName="ToDefaultValue_Passing_double_Returns_Cero (1,7976931348623157E+308)" computerName="PC-SFERRARI" duration="00:00:00.0002210" startTime="2020-08-17T17:49:34.8180969+01:00" endTime="2020-08-17T17:49:34.8185749+01:00" testType="13cdc9d9-ddb5-4fa4-a97d-d965ccfc6d4b" outcome="Passed" testListId="8c84fa94-04c1-424b-9868-57a2d4851a1d" relativeResultsDirectory="d9a7e466-355f-4ba2-898a-b6942f6e2f2f" dataRowInfo="1" resultType="DataDrivenDataRow" />
      </InnerResults>
    </UnitTestResult>
    <UnitTestResult executionId="76db1779-4cdf-46b2-af7e-5b1ae69b20fa" testId="65b9c427-b5ec-99b4-199a-0093cd460501" testName="ToUserName_Passing_Null_ClaimsPrincipal_Returns_ApplicationException" computerName="PC-SFERRARI" duration="00:00:00.0004800" startTime="2020-08-17T17:49:34.2348187+01:00" endTime="2020-08-17T17:49:34.2353898+01:00" testType="13cdc9d9-ddb5-4fa4-a97d-d965ccfc6d4b" outcome="Passed" testListId="8c84fa94-04c1-424b-9868-57a2d4851a1d" relativeResultsDirectory="76db1779-4cdf-46b2-af7e-5b1ae69b20fa" />
    <UnitTestResult executionId="702b96f4-2afd-4379-8627-57506dfba80c" testId="69b6ed05-fdf2-6989-0583-109b4777a6ac" testName="ToEnvironment_Passing_Custom_Enviroment_Returns_Custom_Name" computerName="PC-SFERRARI" duration="00:00:00.2303726" startTime="2020-08-17T17:49:33.2029519+01:00" endTime="2020-08-17T17:49:33.4335902+01:00" testType="13cdc9d9-ddb5-4fa4-a97d-d965ccfc6d4b" outcome="Passed" testListId="8c84fa94-04c1-424b-9868-57a2d4851a1d" relativeResultsDirectory="702b96f4-2afd-4379-8627-57506dfba80c" />
    <UnitTestResult executionId="16a15397-f385-492d-a9e6-15c9fde73924" testId="8c1d1a56-be42-3df5-a82e-36b97c2860b8" testName="ToEnum_Passing_InvalidValueInt_Returns_EnumDefaultValue" computerName="PC-SFERRARI" duration="00:00:00.0001960" startTime="2020-08-17T17:49:36.9289438+01:00" endTime="2020-08-17T17:49:36.9293454+01:00" testType="13cdc9d9-ddb5-4fa4-a97d-d965ccfc6d4b" outcome="Passed" testListId="8c84fa94-04c1-424b-9868-57a2d4851a1d" relativeResultsDirectory="16a15397-f385-492d-a9e6-15c9fde73924" />
    <UnitTestResult executionId="7261da36-6c76-4978-9d65-053b67dabae2" testId="55f84516-b3d2-35a4-2f3f-b6558c160cb1" testName="ToThrowIfNullOrAny_Passing_InvalidValue_Returns_ApplicationExceptionWithMessage" computerName="PC-SFERRARI" duration="00:00:00.0008404" startTime="2020-08-17T17:49:33.8939567+01:00" endTime="2020-08-17T17:49:33.8948790+01:00" testType="13cdc9d9-ddb5-4fa4-a97d-d965ccfc6d4b" outcome="Passed" testListId="8c84fa94-04c1-424b-9868-57a2d4851a1d" relativeResultsDirectory="7261da36-6c76-4978-9d65-053b67dabae2" />
    <UnitTestResult executionId="e30a713e-2fb3-4d07-90b3-1d3b686076b4" testId="1c5fe271-1e90-52f5-1f31-436b17e57702" testName="IsGreater_Passing_InvalidArguments_Returns_HasErrorsAndCount" computerName="PC-SFERRARI" duration="00:00:00.0070917" startTime="2020-08-17T17:49:33.9466279+01:00" endTime="2020-08-17T17:49:33.9538164+01:00" testType="13cdc9d9-ddb5-4fa4-a97d-d965ccfc6d4b" outcome="Passed" testListId="8c84fa94-04c1-424b-9868-57a2d4851a1d" relativeResultsDirectory="e30a713e-2fb3-4d07-90b3-1d3b686076b4" />
    <UnitTestResult executionId="d3e1fa43-e75f-4310-9c0a-5668a9eb843f" testId="bc6955b8-aec0-957c-bad4-853e5cfa19a1" testName="ToCount_Passing_ValidEnumType_Returns_Count" computerName="PC-SFERRARI" duration="00:00:00.0003027" startTime="2020-08-17T17:49:34.6776658+01:00" endTime="2020-08-17T17:49:34.6782125+01:00" testType="13cdc9d9-ddb5-4fa4-a97d-d965ccfc6d4b" outcome="Passed" testListId="8c84fa94-04c1-424b-9868-57a2d4851a1d" relativeResultsDirectory="d3e1fa43-e75f-4310-9c0a-5668a9eb843f" />
    <UnitTestResult executionId="cfdb852e-2175-4032-beff-d27f9c105e44" testId="a1095294-226e-a0f0-0154-11290289c9db" testName="ToStringFormat_Passing_ValidValue_Returns_ValueWithoutRemovedChars" computerName="PC-SFERRARI" duration="00:00:00.0004687" startTime="2020-08-17T17:49:36.6639410+01:00" endTime="2020-08-17T17:49:36.6646358+01:00" testType="13cdc9d9-ddb5-4fa4-a97d-d965ccfc6d4b" outcome="Passed" testListId="8c84fa94-04c1-424b-9868-57a2d4851a1d" relativeResultsDirectory="cfdb852e-2175-4032-beff-d27f9c105e44" resultType="DataDrivenTest">
      <InnerResults>
        <UnitTestResult executionId="7ec6d478-596d-4e4e-ba07-71a5ea86a597" parentExecutionId="cfdb852e-2175-4032-beff-d27f9c105e44" testId="a1095294-226e-a0f0-0154-11290289c9db" testName="ToStringFormat_Passing_ValidValue_Returns_ValueWithoutRemovedChars (0)" computerName="PC-SFERRARI" duration="00:00:00.0003325" startTime="2020-08-17T17:49:36.6639410+01:00" endTime="2020-08-17T17:49:36.6646358+01:00" testType="13cdc9d9-ddb5-4fa4-a97d-d965ccfc6d4b" outcome="Passed" testListId="8c84fa94-04c1-424b-9868-57a2d4851a1d" relativeResultsDirectory="7ec6d478-596d-4e4e-ba07-71a5ea86a597" dataRowInfo="1" resultType="DataDrivenDataRow" />
        <UnitTestResult executionId="32f0271a-618a-4597-b830-5299cd39e7bd" parentExecutionId="cfdb852e-2175-4032-beff-d27f9c105e44" testId="a1095294-226e-a0f0-0154-11290289c9db" testName="ToStringFormat_Passing_ValidValue_Returns_ValueWithoutRemovedChars (1)" computerName="PC-SFERRARI" duration="00:00:00.0000046" startTime="2020-08-17T17:49:36.6639410+01:00" endTime="2020-08-17T17:49:36.6646358+01:00" testType="13cdc9d9-ddb5-4fa4-a97d-d965ccfc6d4b" outcome="Passed" testListId="8c84fa94-04c1-424b-9868-57a2d4851a1d" relativeResultsDirectory="32f0271a-618a-4597-b830-5299cd39e7bd" dataRowInfo="2" resultType="DataDrivenDataRow" />
        <UnitTestResult executionId="fb64feaa-bf5a-43d8-a8b3-fe670e31a0f6" parentExecutionId="cfdb852e-2175-4032-beff-d27f9c105e44" testId="a1095294-226e-a0f0-0154-11290289c9db" testName="ToStringFormat_Passing_ValidValue_Returns_ValueWithoutRemovedChars (-1)" computerName="PC-SFERRARI" duration="00:00:00.0000118" startTime="2020-08-17T17:49:36.6639410+01:00" endTime="2020-08-17T17:49:36.6646358+01:00" testType="13cdc9d9-ddb5-4fa4-a97d-d965ccfc6d4b" outcome="Passed" testListId="8c84fa94-04c1-424b-9868-57a2d4851a1d" relativeResultsDirectory="fb64feaa-bf5a-43d8-a8b3-fe670e31a0f6" dataRowInfo="3" resultType="DataDrivenDataRow" />
        <UnitTestResult executionId="d7c2b314-0e95-4ff7-ba35-562939816a32" parentExecutionId="cfdb852e-2175-4032-beff-d27f9c105e44" testId="a1095294-226e-a0f0-0154-11290289c9db" testName="ToStringFormat_Passing_ValidValue_Returns_ValueWithoutRemovedChars (2147483647)" computerName="PC-SFERRARI" duration="00:00:00.0000028" startTime="2020-08-17T17:49:36.6639410+01:00" endTime="2020-08-17T17:49:36.6646358+01:00" testType="13cdc9d9-ddb5-4fa4-a97d-d965ccfc6d4b" outcome="Passed" testListId="8c84fa94-04c1-424b-9868-57a2d4851a1d" relativeResultsDirectory="d7c2b314-0e95-4ff7-ba35-562939816a32" dataRowInfo="4" resultType="DataDrivenDataRow" />
        <UnitTestResult executionId="b6d18187-bcae-47cc-ae0b-e2cdb64dbe9f" parentExecutionId="cfdb852e-2175-4032-beff-d27f9c105e44" testId="a1095294-226e-a0f0-0154-11290289c9db" testName="ToStringFormat_Passing_ValidValue_Returns_ValueWithoutRemovedChars (-2147483648)" computerName="PC-SFERRARI" duration="00:00:00.0000028" startTime="2020-08-17T17:49:36.6639410+01:00" endTime="2020-08-17T17:49:36.6646358+01:00" testType="13cdc9d9-ddb5-4fa4-a97d-d965ccfc6d4b" outcome="Passed" testListId="8c84fa94-04c1-424b-9868-57a2d4851a1d" relativeResultsDirectory="b6d18187-bcae-47cc-ae0b-e2cdb64dbe9f" dataRowInfo="5" resultType="DataDrivenDataRow" />
      </InnerResults>
    </UnitTestResult>
    <UnitTestResult executionId="4d78d59a-1262-45fb-a65b-021b8acf1f21" testId="e93b141b-fdfd-0f98-21e5-3eb211b6e88b" testName="ToDefaultValue_Passing_long_Returns_Cero" computerName="PC-SFERRARI" duration="00:00:00.0002663" startTime="2020-08-17T17:49:34.8631345+01:00" endTime="2020-08-17T17:49:34.8634665+01:00" testType="13cdc9d9-ddb5-4fa4-a97d-d965ccfc6d4b" outcome="Passed" testListId="8c84fa94-04c1-424b-9868-57a2d4851a1d" relativeResultsDirectory="4d78d59a-1262-45fb-a65b-021b8acf1f21" resultType="DataDrivenTest">
      <InnerResults>
        <UnitTestResult executionId="4b352016-f523-46c1-a9e9-729049e12a6c" parentExecutionId="4d78d59a-1262-45fb-a65b-021b8acf1f21" testId="e93b141b-fdfd-0f98-21e5-3eb211b6e88b" testName="ToDefaultValue_Passing_long_Returns_Cero (9223372036854775807)" computerName="PC-SFERRARI" duration="00:00:00.0002107" startTime="2020-08-17T17:49:34.8631345+01:00" endTime="2020-08-17T17:49:34.8634665+01:00" testType="13cdc9d9-ddb5-4fa4-a97d-d965ccfc6d4b" outcome="Passed" testListId="8c84fa94-04c1-424b-9868-57a2d4851a1d" relativeResultsDirectory="4b352016-f523-46c1-a9e9-729049e12a6c" dataRowInfo="1" resultType="DataDrivenDataRow" />
      </InnerResults>
    </UnitTestResult>
    <UnitTestResult executionId="2285764c-da11-4615-a2a1-c2fa0b3250c4" testId="a75e991f-5e03-3949-85d6-afa1f14455d4" testName="ToIsAuthenticated_Passing_Claims_Returns_True" computerName="PC-SFERRARI" duration="00:00:00.0005996" startTime="2020-08-17T17:49:34.1987345+01:00" endTime="2020-08-17T17:49:34.1994346+01:00" testType="13cdc9d9-ddb5-4fa4-a97d-d965ccfc6d4b" outcome="Passed" testListId="8c84fa94-04c1-424b-9868-57a2d4851a1d" relativeResultsDirectory="2285764c-da11-4615-a2a1-c2fa0b3250c4" />
    <UnitTestResult executionId="4ecc9137-e87e-44e6-a27a-f1895b2fc225" testId="220e18c9-f841-c623-c1aa-300e190b4f6d" testName="IsPassword_Passing_InvalidArguments_Returns_HasErrorsAndCount" computerName="PC-SFERRARI" duration="00:00:00.0005569" startTime="2020-08-17T17:49:33.9921111+01:00" endTime="2020-08-17T17:49:33.9927551+01:00" testType="13cdc9d9-ddb5-4fa4-a97d-d965ccfc6d4b" outcome="Passed" testListId="8c84fa94-04c1-424b-9868-57a2d4851a1d" relativeResultsDirectory="4ecc9137-e87e-44e6-a27a-f1895b2fc225" />
    <UnitTestResult executionId="b3cdd56e-4c79-45a8-b972-c138a6d30d77" testId="459f13f4-e266-2f20-5c30-d2c64797095d" testName="ToIsWeekend_Passing_Friday_DateTime_Returns_False" computerName="PC-SFERRARI" duration="00:00:00.0002210" startTime="2020-08-17T17:49:34.6305294+01:00" endTime="2020-08-17T17:49:34.6308363+01:00" testType="13cdc9d9-ddb5-4fa4-a97d-d965ccfc6d4b" outcome="Passed" testListId="8c84fa94-04c1-424b-9868-57a2d4851a1d" relativeResultsDirectory="b3cdd56e-4c79-45a8-b972-c138a6d30d77" />
    <UnitTestResult executionId="0e0bc8d1-9701-4e67-9c17-d01afc97efef" testId="297c060d-406b-f933-91fe-dfd3459b8ace" testName="ToIsNullOrEmpty_Passing_InvalidValue_Returns_True" computerName="PC-SFERRARI" duration="00:00:00.0001087" startTime="2020-08-17T17:49:33.8925500+01:00" endTime="2020-08-17T17:49:33.8927548+01:00" testType="13cdc9d9-ddb5-4fa4-a97d-d965ccfc6d4b" outcome="Passed" testListId="8c84fa94-04c1-424b-9868-57a2d4851a1d" relativeResultsDirectory="0e0bc8d1-9701-4e67-9c17-d01afc97efef" />
    <UnitTestResult executionId="3e8c79b8-12d1-4397-a5b8-35d60ea33d80" testId="430dec51-b9df-7e06-fff9-78e6d362c2d8" testName="CreateRandom_WithCustomAllowableCharacters_Passing_Valid_Arguments_Returns_String_Random_Value" computerName="PC-SFERRARI" duration="00:00:00.0011930" startTime="2020-08-17T17:49:35.8855501+01:00" endTime="2020-08-17T17:49:35.8869310+01:00" testType="13cdc9d9-ddb5-4fa4-a97d-d965ccfc6d4b" outcome="Passed" testListId="8c84fa94-04c1-424b-9868-57a2d4851a1d" relativeResultsDirectory="3e8c79b8-12d1-4397-a5b8-35d60ea33d80" resultType="DataDrivenTest">
      <InnerResults>
        <UnitTestResult executionId="68d68bf2-16dc-48ce-947a-4314f56fba8a" parentExecutionId="3e8c79b8-12d1-4397-a5b8-35d60ea33d80" testId="430dec51-b9df-7e06-fff9-78e6d362c2d8" testName="CreateRandom_WithCustomAllowableCharacters_Passing_Valid_Arguments_Returns_String_Random_Value (8,ae)" computerName="PC-SFERRARI" duration="00:00:00.0010582" startTime="2020-08-17T17:49:35.8855501+01:00" endTime="2020-08-17T17:49:35.8869310+01:00" testType="13cdc9d9-ddb5-4fa4-a97d-d965ccfc6d4b" outcome="Passed" testListId="8c84fa94-04c1-424b-9868-57a2d4851a1d" relativeResultsDirectory="68d68bf2-16dc-48ce-947a-4314f56fba8a" dataRowInfo="1" resultType="DataDrivenDataRow" />
        <UnitTestResult executionId="0b55ec46-c982-4a23-add7-49efe1c475a9" parentExecutionId="3e8c79b8-12d1-4397-a5b8-35d60ea33d80" testId="430dec51-b9df-7e06-fff9-78e6d362c2d8" testName="CreateRandom_WithCustomAllowableCharacters_Passing_Valid_Arguments_Returns_String_Random_Value (5,aeiou123456)" computerName="PC-SFERRARI" duration="00:00:00.0000089" startTime="2020-08-17T17:49:35.8855501+01:00" endTime="2020-08-17T17:49:35.8869310+01:00" testType="13cdc9d9-ddb5-4fa4-a97d-d965ccfc6d4b" outcome="Passed" testListId="8c84fa94-04c1-424b-9868-57a2d4851a1d" relativeResultsDirectory="0b55ec46-c982-4a23-add7-49efe1c475a9" dataRowInfo="2" resultType="DataDrivenDataRow" />
        <UnitTestResult executionId="1bce3f63-ed14-4f9f-a1d3-788e35fa4bc6" parentExecutionId="3e8c79b8-12d1-4397-a5b8-35d60ea33d80" testId="430dec51-b9df-7e06-fff9-78e6d362c2d8" testName="CreateRandom_WithCustomAllowableCharacters_Passing_Valid_Arguments_Returns_String_Random_Value (10,7890ABFLFLFFL)" computerName="PC-SFERRARI" duration="00:00:00.0000051" startTime="2020-08-17T17:49:35.8855501+01:00" endTime="2020-08-17T17:49:35.8869310+01:00" testType="13cdc9d9-ddb5-4fa4-a97d-d965ccfc6d4b" outcome="Passed" testListId="8c84fa94-04c1-424b-9868-57a2d4851a1d" relativeResultsDirectory="1bce3f63-ed14-4f9f-a1d3-788e35fa4bc6" dataRowInfo="3" resultType="DataDrivenDataRow" />
        <UnitTestResult executionId="dde4082b-3dd5-440d-a7b3-057257458253" parentExecutionId="3e8c79b8-12d1-4397-a5b8-35d60ea33d80" testId="430dec51-b9df-7e06-fff9-78e6d362c2d8" testName="CreateRandom_WithCustomAllowableCharacters_Passing_Valid_Arguments_Returns_String_Random_Value (20,qazwscefbthmiklp09876543)" computerName="PC-SFERRARI" duration="00:00:00.0000052" startTime="2020-08-17T17:49:35.8855501+01:00" endTime="2020-08-17T17:49:35.8869310+01:00" testType="13cdc9d9-ddb5-4fa4-a97d-d965ccfc6d4b" outcome="Passed" testListId="8c84fa94-04c1-424b-9868-57a2d4851a1d" relativeResultsDirectory="dde4082b-3dd5-440d-a7b3-057257458253" dataRowInfo="4" resultType="DataDrivenDataRow" />
      </InnerResults>
    </UnitTestResult>
    <UnitTestResult executionId="bfb26e80-b802-4064-a4e7-e2bd1709d468" testId="fa00d2a8-59b9-ad9e-caa1-a0c9e3156db1" testName="ToGetAll_Passing_Claims_Returns_Claim_Value_Int_List" computerName="PC-SFERRARI" duration="00:00:00.0101801" startTime="2020-08-17T17:49:34.0954002+01:00" endTime="2020-08-17T17:49:34.1057006+01:00" testType="13cdc9d9-ddb5-4fa4-a97d-d965ccfc6d4b" outcome="Passed" testListId="8c84fa94-04c1-424b-9868-57a2d4851a1d" relativeResultsDirectory="bfb26e80-b802-4064-a4e7-e2bd1709d468" />
    <UnitTestResult executionId="01e16467-6932-4035-926f-631ae8b88e59" testId="a4956cd8-34a7-6fca-5b71-6eb98cedd9b0" testName="ToEndOfTheMonth_Passing_DateTime_Returns_End_Of_Month_DateTime" computerName="PC-SFERRARI" duration="00:00:00.0007096" startTime="2020-08-17T17:49:34.5952637+01:00" endTime="2020-08-17T17:49:34.5960943+01:00" testType="13cdc9d9-ddb5-4fa4-a97d-d965ccfc6d4b" outcome="Passed" testListId="8c84fa94-04c1-424b-9868-57a2d4851a1d" relativeResultsDirectory="01e16467-6932-4035-926f-631ae8b88e59" />
    <UnitTestResult executionId="16a2a0c9-aff6-4a28-8807-814f7edd3d2c" testId="f8adc240-2e19-f993-0d82-9d004ab9752d" testName="CreateAndVerifyPassword_Passing_Valid_Arguments_Returns_IsValid" computerName="PC-SFERRARI" duration="00:00:00.8994722" startTime="2020-08-17T17:49:34.8948275+01:00" endTime="2020-08-17T17:49:35.7945470+01:00" testType="13cdc9d9-ddb5-4fa4-a97d-d965ccfc6d4b" outcome="Passed" testListId="8c84fa94-04c1-424b-9868-57a2d4851a1d" relativeResultsDirectory="16a2a0c9-aff6-4a28-8807-814f7edd3d2c" resultType="DataDrivenTest">
      <InnerResults>
        <UnitTestResult executionId="6b6d03e1-17b2-4ef7-b7bd-39226ee8be56" parentExecutionId="16a2a0c9-aff6-4a28-8807-814f7edd3d2c" testId="f8adc240-2e19-f993-0d82-9d004ab9752d" testName="CreateAndVerifyPassword_Passing_Valid_Arguments_Returns_IsValid (Password)" computerName="PC-SFERRARI" duration="00:00:00.3872610" startTime="2020-08-17T17:49:34.8948275+01:00" endTime="2020-08-17T17:49:35.7945470+01:00" testType="13cdc9d9-ddb5-4fa4-a97d-d965ccfc6d4b" outcome="Passed" testListId="8c84fa94-04c1-424b-9868-57a2d4851a1d" relativeResultsDirectory="6b6d03e1-17b2-4ef7-b7bd-39226ee8be56" dataRowInfo="1" resultType="DataDrivenDataRow" />
        <UnitTestResult executionId="c975b3eb-e284-4c38-aa9c-bec774ee30f0" parentExecutionId="16a2a0c9-aff6-4a28-8807-814f7edd3d2c" testId="f8adc240-2e19-f993-0d82-9d004ab9752d" testName="CreateAndVerifyPassword_Passing_Valid_Arguments_Returns_IsValid (HashTests)" computerName="PC-SFERRARI" duration="00:00:00.2645162" startTime="2020-08-17T17:49:34.8948275+01:00" endTime="2020-08-17T17:49:35.7945470+01:00" testType="13cdc9d9-ddb5-4fa4-a97d-d965ccfc6d4b" outcome="Passed" testListId="8c84fa94-04c1-424b-9868-57a2d4851a1d" relativeResultsDirectory="c975b3eb-e284-4c38-aa9c-bec774ee30f0" dataRowInfo="2" resultType="DataDrivenDataRow" />
        <UnitTestResult executionId="f3d72cdd-10a6-4b2a-9f33-d4d964db4e07" parentExecutionId="16a2a0c9-aff6-4a28-8807-814f7edd3d2c" testId="f8adc240-2e19-f993-0d82-9d004ab9752d" testName="CreateAndVerifyPassword_Passing_Valid_Arguments_Returns_IsValid (sdlfkjldsfksdfñl·%$·&amp;$/U&amp;/)(&amp;()?=)¿?^P*^PÑL,.,.lñ´ñ+98098'098098)" computerName="PC-SFERRARI" duration="00:00:00.2471819" startTime="2020-08-17T17:49:34.8948275+01:00" endTime="2020-08-17T17:49:35.7945470+01:00" testType="13cdc9d9-ddb5-4fa4-a97d-d965ccfc6d4b" outcome="Passed" testListId="8c84fa94-04c1-424b-9868-57a2d4851a1d" relativeResultsDirectory="f3d72cdd-10a6-4b2a-9f33-d4d964db4e07" dataRowInfo="3" resultType="DataDrivenDataRow" />
      </InnerResults>
    </UnitTestResult>
    <UnitTestResult executionId="0383223e-3927-48a3-8939-ad6d067cadf4" testId="0f697beb-b7a4-6aa6-9017-b57feeb9ba7f" testName="ToEnvironment_ServiceCollection_Passing_Development_Enviroment_Returns_Development_Name" computerName="PC-SFERRARI" duration="00:00:00.0003812" startTime="2020-08-17T17:49:34.4144804+01:00" endTime="2020-08-17T17:49:34.4149463+01:00" testType="13cdc9d9-ddb5-4fa4-a97d-d965ccfc6d4b" outcome="Passed" testListId="8c84fa94-04c1-424b-9868-57a2d4851a1d" relativeResultsDirectory="0383223e-3927-48a3-8939-ad6d067cadf4" />
    <UnitTestResult executionId="7c5a6b98-3d81-4ab9-a1a0-594bc91020e6" testId="4e1a5879-f3c8-4fdb-51d0-c4cf0a35e0bf" testName="ToInt_Passing_Enumeration_Name_Returns_Value" computerName="PC-SFERRARI" duration="00:00:00.0001729" startTime="2020-08-17T17:49:34.6773845+01:00" endTime="2020-08-17T17:49:34.6776441+01:00" testType="13cdc9d9-ddb5-4fa4-a97d-d965ccfc6d4b" outcome="Passed" testListId="8c84fa94-04c1-424b-9868-57a2d4851a1d" relativeResultsDirectory="7c5a6b98-3d81-4ab9-a1a0-594bc91020e6" />
    <UnitTestResult executionId="b1def64e-fd56-4cbb-818b-a57882e3a46c" testId="7f0aeefe-ba4a-5404-c6f8-82be67718cc4" testName="ToDirectoryDeleteFiles_Passing_ValidValue_Returns_DirectoryNoExists" computerName="PC-SFERRARI" duration="00:00:00.0322430" startTime="2020-08-17T17:49:36.7914817+01:00" endTime="2020-08-17T17:49:36.8239219+01:00" testType="13cdc9d9-ddb5-4fa4-a97d-d965ccfc6d4b" outcome="Passed" testListId="8c84fa94-04c1-424b-9868-57a2d4851a1d" relativeResultsDirectory="b1def64e-fd56-4cbb-818b-a57882e3a46c" />
    <UnitTestResult executionId="18a117c0-2496-4eeb-bd6d-1c4459f4cdb8" testId="55f105d6-fc07-21db-e70a-db30ccdb0844" testName="ToIsNullOrAny_Passing_InvalidValue_Returns_True" computerName="PC-SFERRARI" duration="00:00:00.0010305" startTime="2020-08-17T17:49:33.8914023+01:00" endTime="2020-08-17T17:49:33.8925242+01:00" testType="13cdc9d9-ddb5-4fa4-a97d-d965ccfc6d4b" outcome="Passed" testListId="8c84fa94-04c1-424b-9868-57a2d4851a1d" relativeResultsDirectory="18a117c0-2496-4eeb-bd6d-1c4459f4cdb8" />
    <UnitTestResult executionId="fa753217-7071-451e-8328-128e1418bd9e" testId="29112d2a-2e73-305d-ec50-12fc95c28627" testName="ToReplaceSpecialChars_Passing_ValidValue_Returns_ReplacedValueWithoutIgnoreSpecialChars" computerName="PC-SFERRARI" duration="00:00:00.0006725" startTime="2020-08-17T17:49:37.0811407+01:00" endTime="2020-08-17T17:49:37.0819806+01:00" testType="13cdc9d9-ddb5-4fa4-a97d-d965ccfc6d4b" outcome="Passed" testListId="8c84fa94-04c1-424b-9868-57a2d4851a1d" relativeResultsDirectory="fa753217-7071-451e-8328-128e1418bd9e" resultType="DataDrivenTest">
      <InnerResults>
        <UnitTestResult executionId="41165d26-06a1-480e-9b1b-5d762a9fe762" parentExecutionId="fa753217-7071-451e-8328-128e1418bd9e" testId="29112d2a-2e73-305d-ec50-12fc95c28627" testName="ToReplaceSpecialChars_Passing_ValidValue_Returns_ReplacedValueWithoutIgnoreSpecialChars (àáäâãøçħ,aaaaaoch)" computerName="PC-SFERRARI" duration="00:00:00.0002320" startTime="2020-08-17T17:49:37.0811407+01:00" endTime="2020-08-17T17:49:37.0819806+01:00" testType="13cdc9d9-ddb5-4fa4-a97d-d965ccfc6d4b" outcome="Passed" testListId="8c84fa94-04c1-424b-9868-57a2d4851a1d" relativeResultsDirectory="41165d26-06a1-480e-9b1b-5d762a9fe762" dataRowInfo="1" resultType="DataDrivenDataRow" />
        <UnitTestResult executionId="5305aadf-3c32-4bdf-bf3a-1df3439bcafc" parentExecutionId="fa753217-7071-451e-8328-128e1418bd9e" testId="29112d2a-2e73-305d-ec50-12fc95c28627" testName="ToReplaceSpecialChars_Passing_ValidValue_Returns_ReplacedValueWithoutIgnoreSpecialChars ( àáäâ ãøçħ , aaaa aoch )" computerName="PC-SFERRARI" duration="00:00:00.0000252" startTime="2020-08-17T17:49:37.0811407+01:00" endTime="2020-08-17T17:49:37.0819806+01:00" testType="13cdc9d9-ddb5-4fa4-a97d-d965ccfc6d4b" outcome="Passed" testListId="8c84fa94-04c1-424b-9868-57a2d4851a1d" relativeResultsDirectory="5305aadf-3c32-4bdf-bf3a-1df3439bcafc" dataRowInfo="2" resultType="DataDrivenDataRow" />
        <UnitTestResult executionId="fe222b4f-237b-46fe-866a-454082fcb5f5" parentExecutionId="fa753217-7071-451e-8328-128e1418bd9e" testId="29112d2a-2e73-305d-ec50-12fc95c28627" testName="ToReplaceSpecialChars_Passing_ValidValue_Returns_ReplacedValueWithoutIgnoreSpecialChars (*¨^_:-?¿;,)" computerName="PC-SFERRARI" duration="00:00:00.0000267" startTime="2020-08-17T17:49:37.0811407+01:00" endTime="2020-08-17T17:49:37.0819806+01:00" testType="13cdc9d9-ddb5-4fa4-a97d-d965ccfc6d4b" outcome="Passed" testListId="8c84fa94-04c1-424b-9868-57a2d4851a1d" relativeResultsDirectory="fe222b4f-237b-46fe-866a-454082fcb5f5" dataRowInfo="3" resultType="DataDrivenDataRow" />
        <UnitTestResult executionId="a85d55a6-f393-42ef-98c2-b8a4a2d2b4f5" parentExecutionId="fa753217-7071-451e-8328-128e1418bd9e" testId="29112d2a-2e73-305d-ec50-12fc95c28627" testName="ToReplaceSpecialChars_Passing_ValidValue_Returns_ReplacedValueWithoutIgnoreSpecialChars ( * ¨ ^ _ : - ? ¿ ; ,          )" computerName="PC-SFERRARI" duration="00:00:00.0000265" startTime="2020-08-17T17:49:37.0811407+01:00" endTime="2020-08-17T17:49:37.0819806+01:00" testType="13cdc9d9-ddb5-4fa4-a97d-d965ccfc6d4b" outcome="Passed" testListId="8c84fa94-04c1-424b-9868-57a2d4851a1d" relativeResultsDirectory="a85d55a6-f393-42ef-98c2-b8a4a2d2b4f5" dataRowInfo="4" resultType="DataDrivenDataRow" />
        <UnitTestResult executionId="3d011843-9a4e-40d2-9f95-b42f17c6e6e0" parentExecutionId="fa753217-7071-451e-8328-128e1418bd9e" testId="29112d2a-2e73-305d-ec50-12fc95c28627" testName="ToReplaceSpecialChars_Passing_ValidValue_Returns_ReplacedValueWithoutIgnoreSpecialChars (*¨^_:-?¿;,?¿,?¿)" computerName="PC-SFERRARI" duration="00:00:00.0000310" startTime="2020-08-17T17:49:37.0811407+01:00" endTime="2020-08-17T17:49:37.0819806+01:00" testType="13cdc9d9-ddb5-4fa4-a97d-d965ccfc6d4b" outcome="Passed" testListId="8c84fa94-04c1-424b-9868-57a2d4851a1d" relativeResultsDirectory="3d011843-9a4e-40d2-9f95-b42f17c6e6e0" dataRowInfo="5" resultType="DataDrivenDataRow" />
      </InnerResults>
    </UnitTestResult>
    <UnitTestResult executionId="031b69b3-32d1-46a2-aab1-2949186e3aff" testId="5bee9d0e-89de-7b6d-4317-0a11342b1d29" testName="ToIPv6_Passing_HttpContext_IP_Value_Returns_IP" computerName="PC-SFERRARI" duration="00:00:00.0118107" startTime="2020-08-17T17:49:35.9597042+01:00" endTime="2020-08-17T17:49:35.9735859+01:00" testType="13cdc9d9-ddb5-4fa4-a97d-d965ccfc6d4b" outcome="Passed" testListId="8c84fa94-04c1-424b-9868-57a2d4851a1d" relativeResultsDirectory="031b69b3-32d1-46a2-aab1-2949186e3aff" />
    <UnitTestResult executionId="2255dd3b-5f90-4fd9-a9ef-78f503e607f8" testId="635e001f-2a50-f191-84e2-e81cd2000fdf" testName="ToAuthenticationType_Passing_Claims_Returns_AuthenticationType_Name" computerName="PC-SFERRARI" duration="00:00:00.0678524" startTime="2020-08-17T17:49:33.9946704+01:00" endTime="2020-08-17T17:49:34.0628271+01:00" testType="13cdc9d9-ddb5-4fa4-a97d-d965ccfc6d4b" outcome="Passed" testListId="8c84fa94-04c1-424b-9868-57a2d4851a1d" relativeResultsDirectory="2255dd3b-5f90-4fd9-a9ef-78f503e607f8" />
    <UnitTestResult executionId="0d9008f4-ecbd-40b9-a683-7d58ab797d30" testId="2799ef62-9686-0dc7-84d2-73639b0030f7" testName="ToInt_Passing_InvalidValueString_Returns_Null" computerName="PC-SFERRARI" duration="00:00:00.0002196" startTime="2020-08-17T17:49:36.9835197+01:00" endTime="2020-08-17T17:49:36.9838611+01:00" testType="13cdc9d9-ddb5-4fa4-a97d-d965ccfc6d4b" outcome="Passed" testListId="8c84fa94-04c1-424b-9868-57a2d4851a1d" relativeResultsDirectory="0d9008f4-ecbd-40b9-a683-7d58ab797d30" resultType="DataDrivenTest">
      <InnerResults>
        <UnitTestResult executionId="ff13a56e-aaa2-4ce3-84d7-1b787d91e401" parentExecutionId="0d9008f4-ecbd-40b9-a683-7d58ab797d30" testId="2799ef62-9686-0dc7-84d2-73639b0030f7" testName="ToInt_Passing_InvalidValueString_Returns_Null (1.3333)" computerName="PC-SFERRARI" duration="00:00:00.0001265" startTime="2020-08-17T17:49:36.9835197+01:00" endTime="2020-08-17T17:49:36.9838611+01:00" testType="13cdc9d9-ddb5-4fa4-a97d-d965ccfc6d4b" outcome="Passed" testListId="8c84fa94-04c1-424b-9868-57a2d4851a1d" relativeResultsDirectory="ff13a56e-aaa2-4ce3-84d7-1b787d91e401" dataRowInfo="1" resultType="DataDrivenDataRow" />
        <UnitTestResult executionId="c59d6e4a-1d97-430e-8b38-e98fb202e423" parentExecutionId="0d9008f4-ecbd-40b9-a683-7d58ab797d30" testId="2799ef62-9686-0dc7-84d2-73639b0030f7" testName="ToInt_Passing_InvalidValueString_Returns_Null (1,3333)" computerName="PC-SFERRARI" duration="00:00:00.0000040" startTime="2020-08-17T17:49:36.9835197+01:00" endTime="2020-08-17T17:49:36.9838611+01:00" testType="13cdc9d9-ddb5-4fa4-a97d-d965ccfc6d4b" outcome="Passed" testListId="8c84fa94-04c1-424b-9868-57a2d4851a1d" relativeResultsDirectory="c59d6e4a-1d97-430e-8b38-e98fb202e423" dataRowInfo="2" resultType="DataDrivenDataRow" />
        <UnitTestResult executionId="6c288690-07d6-4b23-b3c9-695cbdffd9f1" parentExecutionId="0d9008f4-ecbd-40b9-a683-7d58ab797d30" testId="2799ef62-9686-0dc7-84d2-73639b0030f7" testName="ToInt_Passing_InvalidValueString_Returns_Null (1.333,39)" computerName="PC-SFERRARI" duration="00:00:00.0000030" startTime="2020-08-17T17:49:36.9835197+01:00" endTime="2020-08-17T17:49:36.9838611+01:00" testType="13cdc9d9-ddb5-4fa4-a97d-d965ccfc6d4b" outcome="Passed" testListId="8c84fa94-04c1-424b-9868-57a2d4851a1d" relativeResultsDirectory="6c288690-07d6-4b23-b3c9-695cbdffd9f1" dataRowInfo="3" resultType="DataDrivenDataRow" />
        <UnitTestResult executionId="e3f76718-ef27-4714-b2e0-ca0d819d8f92" parentExecutionId="0d9008f4-ecbd-40b9-a683-7d58ab797d30" testId="2799ef62-9686-0dc7-84d2-73639b0030f7" testName="ToInt_Passing_InvalidValueString_Returns_Null (999999439293294392492349329493294)" computerName="PC-SFERRARI" duration="00:00:00.0000022" startTime="2020-08-17T17:49:36.9835197+01:00" endTime="2020-08-17T17:49:36.9838611+01:00" testType="13cdc9d9-ddb5-4fa4-a97d-d965ccfc6d4b" outcome="Passed" testListId="8c84fa94-04c1-424b-9868-57a2d4851a1d" relativeResultsDirectory="e3f76718-ef27-4714-b2e0-ca0d819d8f92" dataRowInfo="4" resultType="DataDrivenDataRow" />
        <UnitTestResult executionId="7a1681c2-08da-43af-b031-307065402d93" parentExecutionId="0d9008f4-ecbd-40b9-a683-7d58ab797d30" testId="2799ef62-9686-0dc7-84d2-73639b0030f7" testName="ToInt_Passing_InvalidValueString_Returns_Null (asdasdasdasd234324)" computerName="PC-SFERRARI" duration="00:00:00.0000021" startTime="2020-08-17T17:49:36.9835197+01:00" endTime="2020-08-17T17:49:36.9838611+01:00" testType="13cdc9d9-ddb5-4fa4-a97d-d965ccfc6d4b" outcome="Passed" testListId="8c84fa94-04c1-424b-9868-57a2d4851a1d" relativeResultsDirectory="7a1681c2-08da-43af-b031-307065402d93" dataRowInfo="5" resultType="DataDrivenDataRow" />
      </InnerResults>
    </UnitTestResult>
    <UnitTestResult executionId="f3d7d421-d8b3-4d32-bdff-f857067d9dfe" testId="87c5dbd3-fd2a-1e49-42e5-8dc78affc8d6" testName="ToSerialize_Passing_Objects_Returns_String_Values" computerName="PC-SFERRARI" duration="00:00:00.0016305" startTime="2020-08-17T17:49:36.6956386+01:00" endTime="2020-08-17T17:49:36.6974819+01:00" testType="13cdc9d9-ddb5-4fa4-a97d-d965ccfc6d4b" outcome="Passed" testListId="8c84fa94-04c1-424b-9868-57a2d4851a1d" relativeResultsDirectory="f3d7d421-d8b3-4d32-bdff-f857067d9dfe" />
    <UnitTestResult executionId="a82536c7-29cc-440c-9b48-f77720168092" testId="e9d3a3d6-32e0-613e-b55e-48afdf1ab686" testName="ToWhere_Passing_Valid_Predicate_Returns_Filter_List" computerName="PC-SFERRARI" duration="00:00:00.0017922" startTime="2020-08-17T17:49:36.7100153+01:00" endTime="2020-08-17T17:49:36.7119112+01:00" testType="13cdc9d9-ddb5-4fa4-a97d-d965ccfc6d4b" outcome="Passed" testListId="8c84fa94-04c1-424b-9868-57a2d4851a1d" relativeResultsDirectory="a82536c7-29cc-440c-9b48-f77720168092" />
    <UnitTestResult executionId="96e0cfe0-3f51-423e-b928-61cf7b6c937b" testId="34e0940c-fc9c-71db-fc18-7d52ee8761a0" testName="ToAuthenticationType_Passing_Claims_Returns_Null" computerName="PC-SFERRARI" duration="00:00:00.0005795" startTime="2020-08-17T17:49:34.0628726+01:00" endTime="2020-08-17T17:49:34.0635801+01:00" testType="13cdc9d9-ddb5-4fa4-a97d-d965ccfc6d4b" outcome="Passed" testListId="8c84fa94-04c1-424b-9868-57a2d4851a1d" relativeResultsDirectory="96e0cfe0-3f51-423e-b928-61cf7b6c937b" />
    <UnitTestResult executionId="89072421-6b45-4852-b896-f8841f774985" testId="579b7361-19a9-f329-acb3-de102dcfc793" testName="ToDefaultValue_Passing_ValidString_Returns_DefaultValue" computerName="PC-SFERRARI" duration="00:00:00.0001295" startTime="2020-08-17T17:49:37.3125847+01:00" endTime="2020-08-17T17:49:37.3127883+01:00" testType="13cdc9d9-ddb5-4fa4-a97d-d965ccfc6d4b" outcome="Passed" testListId="8c84fa94-04c1-424b-9868-57a2d4851a1d" relativeResultsDirectory="89072421-6b45-4852-b896-f8841f774985" />
    <UnitTestResult executionId="4bc96bb2-aafb-42fb-ad95-173285a5896f" testId="a1bc7e0c-887e-9227-4221-29241607dc12" testName="ToThrowIfNotFound_Passing_InvalidValue_Returns_ApplicationExceptionWithMessage" computerName="PC-SFERRARI" duration="00:00:00.0003451" startTime="2020-08-17T17:49:33.8934985+01:00" endTime="2020-08-17T17:49:33.8939278+01:00" testType="13cdc9d9-ddb5-4fa4-a97d-d965ccfc6d4b" outcome="Passed" testListId="8c84fa94-04c1-424b-9868-57a2d4851a1d" relativeResultsDirectory="4bc96bb2-aafb-42fb-ad95-173285a5896f" />
    <UnitTestResult executionId="59cb0791-e65b-4b37-a808-d9fe0bc7e49f" testId="a6625fb0-1b80-148b-87dc-9cf616e5e84d" testName="ToList_Passing_ValidEnumType_Returns_ValuesList" computerName="PC-SFERRARI" duration="00:00:00.0003018" startTime="2020-08-17T17:49:34.7326626+01:00" endTime="2020-08-17T17:49:34.7330560+01:00" testType="13cdc9d9-ddb5-4fa4-a97d-d965ccfc6d4b" outcome="Passed" testListId="8c84fa94-04c1-424b-9868-57a2d4851a1d" relativeResultsDirectory="59cb0791-e65b-4b37-a808-d9fe0bc7e49f" />
    <UnitTestResult executionId="451cba7c-2696-4a0b-a638-a75c8ec870f0" testId="07d50dfb-3195-c832-23d2-97ae667f2010" testName="ToString_Passing_Valid_Collection_Returns_String_With_Default_Separator" computerName="PC-SFERRARI" duration="00:00:00.0004471" startTime="2020-08-17T17:49:34.6599416+01:00" endTime="2020-08-17T17:49:34.6604761+01:00" testType="13cdc9d9-ddb5-4fa4-a97d-d965ccfc6d4b" outcome="Passed" testListId="8c84fa94-04c1-424b-9868-57a2d4851a1d" relativeResultsDirectory="451cba7c-2696-4a0b-a638-a75c8ec870f0" />
    <UnitTestResult executionId="7e27642d-089a-4a09-9d4f-e97b6aaf11bf" testId="73904cd7-b09d-89fc-efca-330cb9d1d1b7" testName="ToConfiguration_Passing_Invalid_DirectoryPath_Returns_ApplicationException" computerName="PC-SFERRARI" duration="00:00:00.0005460" startTime="2020-08-17T17:49:34.2515894+01:00" endTime="2020-08-17T17:49:34.2522589+01:00" testType="13cdc9d9-ddb5-4fa4-a97d-d965ccfc6d4b" outcome="Passed" testListId="8c84fa94-04c1-424b-9868-57a2d4851a1d" relativeResultsDirectory="7e27642d-089a-4a09-9d4f-e97b6aaf11bf" />
    <UnitTestResult executionId="38624fd8-ad09-45f3-868c-a4e0b8c59818" testId="c63cd623-e636-5730-a1fa-b18ae782acc7" testName="ToInt_Passing_Enumeration_Name_Returns_Description_Atributte" computerName="PC-SFERRARI" duration="00:00:00.0003683" startTime="2020-08-17T17:49:34.6768591+01:00" endTime="2020-08-17T17:49:34.6773574+01:00" testType="13cdc9d9-ddb5-4fa4-a97d-d965ccfc6d4b" outcome="Passed" testListId="8c84fa94-04c1-424b-9868-57a2d4851a1d" relativeResultsDirectory="38624fd8-ad09-45f3-868c-a4e0b8c59818" />
    <UnitTestResult executionId="22fd3a8b-2a31-4798-b50b-55ab29539487" testId="180814cc-22f9-91b2-cd9a-f54be7e1ba18" testName="IsEmail_Passing_InvalidArguments_Returns_HasErrorsAndCount" computerName="PC-SFERRARI" duration="00:00:00.0192045" startTime="2020-08-17T17:49:33.9248146+01:00" endTime="2020-08-17T17:49:33.9441197+01:00" testType="13cdc9d9-ddb5-4fa4-a97d-d965ccfc6d4b" outcome="Passed" testListId="8c84fa94-04c1-424b-9868-57a2d4851a1d" relativeResultsDirectory="22fd3a8b-2a31-4798-b50b-55ab29539487" />
    <UnitTestResult executionId="00839312-416b-4290-844c-97379502cfd1" testId="2aceb911-de9d-b2eb-c8db-f6b3f880216f" testName="ToService_Passing_Valid_Service_Returns_Service" computerName="PC-SFERRARI" duration="00:00:00.0003948" startTime="2020-08-17T17:49:33.6474504+01:00" endTime="2020-08-17T17:49:33.6479629+01:00" testType="13cdc9d9-ddb5-4fa4-a97d-d965ccfc6d4b" outcome="Passed" testListId="8c84fa94-04c1-424b-9868-57a2d4851a1d" relativeResultsDirectory="00839312-416b-4290-844c-97379502cfd1" />
    <UnitTestResult executionId="3cea8c5a-4229-4b31-92a4-c5a9aefe20ba" testId="40108f40-2761-0a89-d16d-ad113b5f3dd5" testName="ToDefaultValue_Passing_short_Returns_Cero" computerName="PC-SFERRARI" duration="00:00:00.0002399" startTime="2020-08-17T17:49:34.8638267+01:00" endTime="2020-08-17T17:49:34.8641307+01:00" testType="13cdc9d9-ddb5-4fa4-a97d-d965ccfc6d4b" outcome="Passed" testListId="8c84fa94-04c1-424b-9868-57a2d4851a1d" relativeResultsDirectory="3cea8c5a-4229-4b31-92a4-c5a9aefe20ba" resultType="DataDrivenTest">
      <InnerResults>
        <UnitTestResult executionId="40c85bb6-5c53-44ef-9eb7-42520fb0eafc" parentExecutionId="3cea8c5a-4229-4b31-92a4-c5a9aefe20ba" testId="40108f40-2761-0a89-d16d-ad113b5f3dd5" testName="ToDefaultValue_Passing_short_Returns_Cero (32767)" computerName="PC-SFERRARI" duration="00:00:00.0001998" startTime="2020-08-17T17:49:34.8638267+01:00" endTime="2020-08-17T17:49:34.8641307+01:00" testType="13cdc9d9-ddb5-4fa4-a97d-d965ccfc6d4b" outcome="Passed" testListId="8c84fa94-04c1-424b-9868-57a2d4851a1d" relativeResultsDirectory="40c85bb6-5c53-44ef-9eb7-42520fb0eafc" dataRowInfo="1" resultType="DataDrivenDataRow" />
      </InnerResults>
    </UnitTestResult>
    <UnitTestResult executionId="38092dc4-ff6e-4094-87cd-c51183552098" testId="33545399-79af-5e7f-5179-57fe5645f4be" testName="ToYesterday_Passing_DateTime_Returns_Yesterday_DateTime" computerName="PC-SFERRARI" duration="00:00:00.0001886" startTime="2020-08-17T17:49:34.6327480+01:00" endTime="2020-08-17T17:49:34.6330135+01:00" testType="13cdc9d9-ddb5-4fa4-a97d-d965ccfc6d4b" outcome="Passed" testListId="8c84fa94-04c1-424b-9868-57a2d4851a1d" relativeResultsDirectory="38092dc4-ff6e-4094-87cd-c51183552098" />
    <UnitTestResult executionId="d5f738ae-1fab-494e-b32f-93d0357869a1" testId="0cfd0c7c-1a61-7d19-c2fa-3c8a47ccf09c" testName="ToValues_Passing_ValidEnumType_Returns_ValuesListString" computerName="PC-SFERRARI" duration="00:00:00.0007638" startTime="2020-08-17T17:49:34.7330783+01:00" endTime="2020-08-17T17:49:34.7339250+01:00" testType="13cdc9d9-ddb5-4fa4-a97d-d965ccfc6d4b" outcome="Passed" testListId="8c84fa94-04c1-424b-9868-57a2d4851a1d" relativeResultsDirectory="d5f738ae-1fab-494e-b32f-93d0357869a1" />
    <UnitTestResult executionId="48d50337-4bad-43f2-920e-62cb3595e0b7" testId="4ff63349-9eef-ad1f-85cf-a84cda1ff120" testName="ToDetails_Passing_HttpContext_Returns_Details_HttpContext" computerName="PC-SFERRARI" duration="00:00:00.0354418" startTime="2020-08-17T17:49:35.9044497+01:00" endTime="2020-08-17T17:49:35.9402515+01:00" testType="13cdc9d9-ddb5-4fa4-a97d-d965ccfc6d4b" outcome="Passed" testListId="8c84fa94-04c1-424b-9868-57a2d4851a1d" relativeResultsDirectory="48d50337-4bad-43f2-920e-62cb3595e0b7" />
    <UnitTestResult executionId="6613952e-3b05-4af4-ab42-95d604a9ec62" testId="13bab721-bf36-ea1b-3f50-9937b274e83a" testName="ToTryGetHeader_Passing_HttpRequest_Header_Value_Returns_Value" computerName="PC-SFERRARI" duration="00:00:00.0004380" startTime="2020-08-17T17:49:36.0263636+01:00" endTime="2020-08-17T17:49:36.0268838+01:00" testType="13cdc9d9-ddb5-4fa4-a97d-d965ccfc6d4b" outcome="Passed" testListId="8c84fa94-04c1-424b-9868-57a2d4851a1d" relativeResultsDirectory="6613952e-3b05-4af4-ab42-95d604a9ec62" />
    <UnitTestResult executionId="6ea5495e-862a-41a5-aab2-fe94f88dcce8" testId="1237bc5f-42ea-8c7f-8602-051620acda95" testName="ToEmailMaskUserName_Passing_ValidEmail_Returns_EmailWithMask" computerName="PC-SFERRARI" duration="00:00:00.0008974" startTime="2020-08-17T17:49:36.8934914+01:00" endTime="2020-08-17T17:49:36.8944649+01:00" testType="13cdc9d9-ddb5-4fa4-a97d-d965ccfc6d4b" outcome="Passed" testListId="8c84fa94-04c1-424b-9868-57a2d4851a1d" relativeResultsDirectory="6ea5495e-862a-41a5-aab2-fe94f88dcce8" resultType="DataDrivenTest">
      <InnerResults>
        <UnitTestResult executionId="f68f3ba0-997c-43a3-b045-df8c42179b76" parentExecutionId="6ea5495e-862a-41a5-aab2-fe94f88dcce8" testId="1237bc5f-42ea-8c7f-8602-051620acda95" testName="ToEmailMaskUserName_Passing_ValidEmail_Returns_EmailWithMask (miemail@gmail.com,m*****l@gmail.com)" computerName="PC-SFERRARI" duration="00:00:00.0008607" startTime="2020-08-17T17:49:36.8934914+01:00" endTime="2020-08-17T17:49:36.8944649+01:00" testType="13cdc9d9-ddb5-4fa4-a97d-d965ccfc6d4b" outcome="Passed" testListId="8c84fa94-04c1-424b-9868-57a2d4851a1d" relativeResultsDirectory="f68f3ba0-997c-43a3-b045-df8c42179b76" dataRowInfo="1" resultType="DataDrivenDataRow" />
      </InnerResults>
    </UnitTestResult>
    <UnitTestResult executionId="b7392ae8-9e5c-4cc0-84d6-d14e98fb4ba7" testId="bf8f6922-5666-8ec7-1500-aabd5997d6a4" testName="ToString_Passing_Valid_Collection_With_Custom_Separator_Returns_String_With_Custom_Separator" computerName="PC-SFERRARI" duration="00:00:00.0001729" startTime="2020-08-17T17:49:34.6604999+01:00" endTime="2020-08-17T17:49:34.6607562+01:00" testType="13cdc9d9-ddb5-4fa4-a97d-d965ccfc6d4b" outcome="Passed" testListId="8c84fa94-04c1-424b-9868-57a2d4851a1d" relativeResultsDirectory="b7392ae8-9e5c-4cc0-84d6-d14e98fb4ba7" />
    <UnitTestResult executionId="8a3ccb6d-e8c8-4c80-9086-7dd0d0321c0d" testId="9064672f-1220-7bc0-f2b0-c66c74cccc5e" testName="ToConfiguration_Passing_Valid_DirectoryPath_Valid_JsonFileName_Returns_Ok" computerName="PC-SFERRARI" duration="00:00:00.1190730" startTime="2020-08-17T17:49:34.2740891+01:00" endTime="2020-08-17T17:49:34.3932961+01:00" testType="13cdc9d9-ddb5-4fa4-a97d-d965ccfc6d4b" outcome="Passed" testListId="8c84fa94-04c1-424b-9868-57a2d4851a1d" relativeResultsDirectory="8a3ccb6d-e8c8-4c80-9086-7dd0d0321c0d" />
    <UnitTestResult executionId="9a74f226-8fe6-41b1-93b0-4f3a5232d65d" testId="1761ee10-7c34-b565-b889-1885bffe91c3" testName="ToSetTime_Passing_Time_Int_Returns_DateTime" computerName="PC-SFERRARI" duration="00:00:00.0002699" startTime="2020-08-17T17:49:34.6313083+01:00" endTime="2020-08-17T17:49:34.6316528+01:00" testType="13cdc9d9-ddb5-4fa4-a97d-d965ccfc6d4b" outcome="Passed" testListId="8c84fa94-04c1-424b-9868-57a2d4851a1d" relativeResultsDirectory="9a74f226-8fe6-41b1-93b0-4f3a5232d65d" />
    <UnitTestResult executionId="0defbc88-7b87-484e-9324-ba17b4ab0446" testId="17a38df3-33e0-71ac-f8cb-dcdd3ade7269" testName="ToDefaultValue_Passing_char_Returns_Cero" computerName="PC-SFERRARI" duration="00:00:00.0002497" startTime="2020-08-17T17:49:34.8174185+01:00" endTime="2020-08-17T17:49:34.8177371+01:00" testType="13cdc9d9-ddb5-4fa4-a97d-d965ccfc6d4b" outcome="Passed" testListId="8c84fa94-04c1-424b-9868-57a2d4851a1d" relativeResultsDirectory="0defbc88-7b87-484e-9324-ba17b4ab0446" resultType="DataDrivenTest">
      <InnerResults>
        <UnitTestResult executionId="cc8e19f1-6684-4889-ad28-adf584ed00a3" parentExecutionId="0defbc88-7b87-484e-9324-ba17b4ab0446" testId="17a38df3-33e0-71ac-f8cb-dcdd3ade7269" testName="ToDefaultValue_Passing_char_Returns_Cero (*)" computerName="PC-SFERRARI" duration="00:00:00.0002112" startTime="2020-08-17T17:49:34.8174185+01:00" endTime="2020-08-17T17:49:34.8177371+01:00" testType="13cdc9d9-ddb5-4fa4-a97d-d965ccfc6d4b" outcome="Passed" testListId="8c84fa94-04c1-424b-9868-57a2d4851a1d" relativeResultsDirectory="cc8e19f1-6684-4889-ad28-adf584ed00a3" dataRowInfo="1" resultType="DataDrivenDataRow" />
      </InnerResults>
    </UnitTestResult>
    <UnitTestResult executionId="e233db14-0634-4bbd-8245-7d7c89d3b894" testId="3721d3c1-7c03-ad84-143f-64bfeb5b314e" testName="ToAssembly_Passing_ValidValueAssemblyString_Returns_Assembly" computerName="PC-SFERRARI" duration="00:00:00.0003316" startTime="2020-08-17T17:49:36.7119418+01:00" endTime="2020-08-17T17:49:36.7126166+01:00" testType="13cdc9d9-ddb5-4fa4-a97d-d965ccfc6d4b" outcome="Passed" testListId="8c84fa94-04c1-424b-9868-57a2d4851a1d" relativeResultsDirectory="e233db14-0634-4bbd-8245-7d7c89d3b894" />
    <UnitTestResult executionId="32edea6b-336d-464b-8021-a1587c2c50ef" testId="cd004a9f-a0f6-2fdf-aeae-1890f4ab8e71" testName="ToHashAlgorithmName_Passing_ValidValueString_Returns_HashAlgorithmName" computerName="PC-SFERRARI" duration="00:00:00.0002923" startTime="2020-08-17T17:49:36.9825200+01:00" endTime="2020-08-17T17:49:36.9829971+01:00" testType="13cdc9d9-ddb5-4fa4-a97d-d965ccfc6d4b" outcome="Passed" testListId="8c84fa94-04c1-424b-9868-57a2d4851a1d" relativeResultsDirectory="32edea6b-336d-464b-8021-a1587c2c50ef" resultType="DataDrivenTest">
      <InnerResults>
        <UnitTestResult executionId="e28ee639-becb-4d77-b350-a16cdce0b5b5" parentExecutionId="32edea6b-336d-464b-8021-a1587c2c50ef" testId="cd004a9f-a0f6-2fdf-aeae-1890f4ab8e71" testName="ToHashAlgorithmName_Passing_ValidValueString_Returns_HashAlgorithmName (MD5)" computerName="PC-SFERRARI" duration="00:00:00.0002397" startTime="2020-08-17T17:49:36.9825200+01:00" endTime="2020-08-17T17:49:36.9829971+01:00" testType="13cdc9d9-ddb5-4fa4-a97d-d965ccfc6d4b" outcome="Passed" testListId="8c84fa94-04c1-424b-9868-57a2d4851a1d" relativeResultsDirectory="e28ee639-becb-4d77-b350-a16cdce0b5b5" dataRowInfo="1" resultType="DataDrivenDataRow" />
      </InnerResults>
    </UnitTestResult>
    <UnitTestResult executionId="791bbba6-7fa6-42b4-a78a-ab2cc321bb0f" testId="6fc389b2-a5f3-ded0-63b6-7e1b4cca8442" testName="ToPaged_Passing_Name_Ascending_Order_Returns_Filter_List" computerName="PC-SFERRARI" duration="00:00:00.0012058" startTime="2020-08-17T17:49:36.7057645+01:00" endTime="2020-08-17T17:49:36.7071036+01:00" testType="13cdc9d9-ddb5-4fa4-a97d-d965ccfc6d4b" outcome="Passed" testListId="8c84fa94-04c1-424b-9868-57a2d4851a1d" relativeResultsDirectory="791bbba6-7fa6-42b4-a78a-ab2cc321bb0f" />
    <UnitTestResult executionId="f8065491-ea2d-47e9-a7ba-75181ca94e39" testId="7a313c49-8adc-98e3-cdda-86b900f0ade6" testName="ToCompress_Passing_Value_Bytes_Returns_Value_Bytes" computerName="PC-SFERRARI" duration="00:00:00.0004468" startTime="2020-08-17T17:49:33.8897552+01:00" endTime="2020-08-17T17:49:33.8903588+01:00" testType="13cdc9d9-ddb5-4fa4-a97d-d965ccfc6d4b" outcome="Passed" testListId="8c84fa94-04c1-424b-9868-57a2d4851a1d" relativeResultsDirectory="f8065491-ea2d-47e9-a7ba-75181ca94e39" />
    <UnitTestResult executionId="eaf86aab-5f6d-4d51-93d7-9b10b67cbfae" testId="e608205e-4953-e9a3-1956-895ed42ab083" testName="IsFileExtension_Passing_InvalidArguments_Returns_HasErrorsAndCount" computerName="PC-SFERRARI" duration="00:00:00.0004548" startTime="2020-08-17T17:49:33.9454591+01:00" endTime="2020-08-17T17:49:33.9460169+01:00" testType="13cdc9d9-ddb5-4fa4-a97d-d965ccfc6d4b" outcome="Passed" testListId="8c84fa94-04c1-424b-9868-57a2d4851a1d" relativeResultsDirectory="eaf86aab-5f6d-4d51-93d7-9b10b67cbfae" />
    <UnitTestResult executionId="480818f7-0664-4df6-be4c-f73052a3c6e9" testId="9b5f9705-0df5-3b21-5e23-e11b68721fd4" testName="ToThrow_Passing_InvalidValue_Returns_ApplicationExceptionWithMessage" computerName="PC-SFERRARI" duration="00:00:00.0005619" startTime="2020-08-17T17:49:33.9226509+01:00" endTime="2020-08-17T17:49:33.9234611+01:00" testType="13cdc9d9-ddb5-4fa4-a97d-d965ccfc6d4b" outcome="Passed" testListId="8c84fa94-04c1-424b-9868-57a2d4851a1d" relativeResultsDirectory="480818f7-0664-4df6-be4c-f73052a3c6e9" />
    <UnitTestResult executionId="fcbf957c-56bb-48f7-820d-411743c0efe1" testId="313cfb2c-8c3b-337b-12f8-296f8611376d" testName="ToConfigureOrDefault_Passing_ActionCustomValues_Returns_CustomValues" computerName="PC-SFERRARI" duration="00:00:00.0153936" startTime="2020-08-17T17:49:32.5287839+01:00" endTime="2020-08-17T17:49:32.6685692+01:00" testType="13cdc9d9-ddb5-4fa4-a97d-d965ccfc6d4b" outcome="Passed" testListId="8c84fa94-04c1-424b-9868-57a2d4851a1d" relativeResultsDirectory="fcbf957c-56bb-48f7-820d-411743c0efe1" />
    <UnitTestResult executionId="b8e06aab-7727-436d-81c2-2bfa361d5381" testId="64bc1554-814c-3c40-a6b0-679b40b89c36" testName="ToExists_Passing_Valid_Service_Returns_True" computerName="PC-SFERRARI" duration="00:00:00.0003548" startTime="2020-08-17T17:49:33.6461270+01:00" endTime="2020-08-17T17:49:33.6465614+01:00" testType="13cdc9d9-ddb5-4fa4-a97d-d965ccfc6d4b" outcome="Passed" testListId="8c84fa94-04c1-424b-9868-57a2d4851a1d" relativeResultsDirectory="b8e06aab-7727-436d-81c2-2bfa361d5381" />
    <UnitTestResult executionId="712e742b-9c51-4be7-b77f-a86228fad2e8" testId="cf950ab2-9fe4-ec30-43b4-2f3a99b5167d" testName="CreateAndVerifySHA256_Passing_Valid_Arguments_Returns_True" computerName="PC-SFERRARI" duration="00:00:00.0056143" startTime="2020-08-17T17:49:35.8286673+01:00" endTime="2020-08-17T17:49:35.8347056+01:00" testType="13cdc9d9-ddb5-4fa4-a97d-d965ccfc6d4b" outcome="Passed" testListId="8c84fa94-04c1-424b-9868-57a2d4851a1d" relativeResultsDirectory="712e742b-9c51-4be7-b77f-a86228fad2e8" resultType="DataDrivenTest">
      <InnerResults>
        <UnitTestResult executionId="5666acd8-8ce9-40cb-b43a-5abe3541a12d" parentExecutionId="712e742b-9c51-4be7-b77f-a86228fad2e8" testId="cf950ab2-9fe4-ec30-43b4-2f3a99b5167d" testName="CreateAndVerifySHA256_Passing_Valid_Arguments_Returns_True (Password)" computerName="PC-SFERRARI" duration="00:00:00.0053998" startTime="2020-08-17T17:49:35.8286673+01:00" endTime="2020-08-17T17:49:35.8347056+01:00" testType="13cdc9d9-ddb5-4fa4-a97d-d965ccfc6d4b" outcome="Passed" testListId="8c84fa94-04c1-424b-9868-57a2d4851a1d" relativeResultsDirectory="5666acd8-8ce9-40cb-b43a-5abe3541a12d" dataRowInfo="1" resultType="DataDrivenDataRow" />
        <UnitTestResult executionId="cd2ff238-006d-4386-ad44-3d00e38fbbe8" parentExecutionId="712e742b-9c51-4be7-b77f-a86228fad2e8" testId="cf950ab2-9fe4-ec30-43b4-2f3a99b5167d" testName="CreateAndVerifySHA256_Passing_Valid_Arguments_Returns_True (HashTests)" computerName="PC-SFERRARI" duration="00:00:00.0000331" startTime="2020-08-17T17:49:35.8286673+01:00" endTime="2020-08-17T17:49:35.8347056+01:00" testType="13cdc9d9-ddb5-4fa4-a97d-d965ccfc6d4b" outcome="Passed" testListId="8c84fa94-04c1-424b-9868-57a2d4851a1d" relativeResultsDirectory="cd2ff238-006d-4386-ad44-3d00e38fbbe8" dataRowInfo="2" resultType="DataDrivenDataRow" />
        <UnitTestResult executionId="d889c601-20da-4211-9828-fcc253380628" parentExecutionId="712e742b-9c51-4be7-b77f-a86228fad2e8" testId="cf950ab2-9fe4-ec30-43b4-2f3a99b5167d" testName="CreateAndVerifySHA256_Passing_Valid_Arguments_Returns_True (sdlfkjldsfksdfñl·%$·&amp;$/U&amp;/)(&amp;()?=)¿?^P*^PÑL,.,.lñ´ñ+98098'098098)" computerName="PC-SFERRARI" duration="00:00:00.0000237" startTime="2020-08-17T17:49:35.8286673+01:00" endTime="2020-08-17T17:49:35.8347056+01:00" testType="13cdc9d9-ddb5-4fa4-a97d-d965ccfc6d4b" outcome="Passed" testListId="8c84fa94-04c1-424b-9868-57a2d4851a1d" relativeResultsDirectory="d889c601-20da-4211-9828-fcc253380628" dataRowInfo="3" resultType="DataDrivenDataRow" />
      </InnerResults>
    </UnitTestResult>
    <UnitTestResult executionId="b6f11286-067e-4aca-be57-7de3c145c74b" testId="856fd0c8-b6f8-9265-ccfd-2a9e615488e2" testName="ToUserName_Passing_Valid_UserName_ClaimsPrincipal_Returns_String_UserName_Value" computerName="PC-SFERRARI" duration="00:00:00.0109359" startTime="2020-08-17T17:49:34.2354144+01:00" endTime="2020-08-17T17:49:34.2464561+01:00" testType="13cdc9d9-ddb5-4fa4-a97d-d965ccfc6d4b" outcome="Passed" testListId="8c84fa94-04c1-424b-9868-57a2d4851a1d" relativeResultsDirectory="b6f11286-067e-4aca-be57-7de3c145c74b" />
    <UnitTestResult executionId="995c47b4-4094-4756-b341-5c85991df395" testId="ab274dac-b194-4e0f-6fab-a20667b535a8" testName="ToMapMerge_Passing_Destination_Object_Returns_Merged_Destination_Object" computerName="PC-SFERRARI" duration="00:00:00.0165711" startTime="2020-08-17T17:49:33.1710998+01:00" endTime="2020-08-17T17:49:33.1878048+01:00" testType="13cdc9d9-ddb5-4fa4-a97d-d965ccfc6d4b" outcome="Passed" testListId="8c84fa94-04c1-424b-9868-57a2d4851a1d" relativeResultsDirectory="995c47b4-4094-4756-b341-5c85991df395" />
    <UnitTestResult executionId="1564d02d-36bc-40c4-847a-0b93a81b14e5" testId="db5f34ff-df7c-44e5-6721-c319db8d6da0" testName="ToTryGetHeader_Passing_HttpRequest_Header_Many_Values_Returns_Values" computerName="PC-SFERRARI" duration="00:00:00.0004846" startTime="2020-08-17T17:49:36.0257702+01:00" endTime="2020-08-17T17:49:36.0263407+01:00" testType="13cdc9d9-ddb5-4fa4-a97d-d965ccfc6d4b" outcome="Passed" testListId="8c84fa94-04c1-424b-9868-57a2d4851a1d" relativeResultsDirectory="1564d02d-36bc-40c4-847a-0b93a81b14e5" />
    <UnitTestResult executionId="8ff5331d-a7bd-4f07-8382-0d0fd9c7ab9d" testId="46cc46f0-c0e1-f3e6-2242-cdef90a4249a" testName="ToMapNew_Passing_TSource_And_TDestination_Returns_New_TDestination_Object" computerName="PC-SFERRARI" duration="00:00:00.0004814" startTime="2020-08-17T17:49:33.1989668+01:00" endTime="2020-08-17T17:49:33.1995659+01:00" testType="13cdc9d9-ddb5-4fa4-a97d-d965ccfc6d4b" outcome="Passed" testListId="8c84fa94-04c1-424b-9868-57a2d4851a1d" relativeResultsDirectory="8ff5331d-a7bd-4f07-8382-0d0fd9c7ab9d" />
    <UnitTestResult executionId="6d05e458-04e9-40d6-ab41-69bac93ff0fc" testId="f8b74494-d277-7173-e694-2a4d463a4607" testName="ToMapList_Passing_Source_Type_And_Destination_Type_Returns_Destination_Object_List" computerName="PC-SFERRARI" duration="00:00:00.0595829" startTime="2020-08-17T17:49:33.1113236+01:00" endTime="2020-08-17T17:49:33.1710564+01:00" testType="13cdc9d9-ddb5-4fa4-a97d-d965ccfc6d4b" outcome="Passed" testListId="8c84fa94-04c1-424b-9868-57a2d4851a1d" relativeResultsDirectory="6d05e458-04e9-40d6-ab41-69bac93ff0fc" />
    <UnitTestResult executionId="999555cf-f23a-4b18-b286-53fd73749b67" testId="aeb559a5-c285-7ab9-baee-1cb152d1742f" testName="ToDefaultValue_Passing_ulong_Returns_Cero" computerName="PC-SFERRARI" duration="00:00:00.0002597" startTime="2020-08-17T17:49:34.8918111+01:00" endTime="2020-08-17T17:49:34.8921596+01:00" testType="13cdc9d9-ddb5-4fa4-a97d-d965ccfc6d4b" outcome="Passed" testListId="8c84fa94-04c1-424b-9868-57a2d4851a1d" relativeResultsDirectory="999555cf-f23a-4b18-b286-53fd73749b67" resultType="DataDrivenTest">
      <InnerResults>
        <UnitTestResult executionId="77b5494d-8a33-4d76-b98a-8c15ae7c1416" parentExecutionId="999555cf-f23a-4b18-b286-53fd73749b67" testId="aeb559a5-c285-7ab9-baee-1cb152d1742f" testName="ToDefaultValue_Passing_ulong_Returns_Cero (18446744073709551615)" computerName="PC-SFERRARI" duration="00:00:00.0002128" startTime="2020-08-17T17:49:34.8918111+01:00" endTime="2020-08-17T17:49:34.8921596+01:00" testType="13cdc9d9-ddb5-4fa4-a97d-d965ccfc6d4b" outcome="Passed" testListId="8c84fa94-04c1-424b-9868-57a2d4851a1d" relativeResultsDirectory="77b5494d-8a33-4d76-b98a-8c15ae7c1416" dataRowInfo="1" resultType="DataDrivenDataRow" />
      </InnerResults>
    </UnitTestResult>
    <UnitTestResult executionId="cf2937d6-f775-4805-bd93-bd90650192df" testId="4184a91b-5297-4872-2a98-1ef97e124515" testName="ToGetAll_Passing_Claims_Returns_Claim_Value_String_List" computerName="PC-SFERRARI" duration="00:00:00.0011250" startTime="2020-08-17T17:49:34.1797118+01:00" endTime="2020-08-17T17:49:34.1809612+01:00" testType="13cdc9d9-ddb5-4fa4-a97d-d965ccfc6d4b" outcome="Passed" testListId="8c84fa94-04c1-424b-9868-57a2d4851a1d" relativeResultsDirectory="cf2937d6-f775-4805-bd93-bd90650192df" />
    <UnitTestResult executionId="b196ca6a-6326-4bbf-ac12-b9178f0b2462" testId="922c5a5d-5d46-b5de-bcbd-4fac0addd422" testName="IsNullOrAny_Passing_InvalidArguments_Returns_HasErrorsAndCount" computerName="PC-SFERRARI" duration="00:00:00.0020243" startTime="2020-08-17T17:49:33.9873892+01:00" endTime="2020-08-17T17:49:33.9896479+01:00" testType="13cdc9d9-ddb5-4fa4-a97d-d965ccfc6d4b" outcome="Passed" testListId="8c84fa94-04c1-424b-9868-57a2d4851a1d" relativeResultsDirectory="b196ca6a-6326-4bbf-ac12-b9178f0b2462" />
    <UnitTestResult executionId="78421103-a696-4c27-972b-aafc00409eab" testId="d6d04f4a-9142-b816-d673-c4abf49a39ad" testName="ToDisplay_Passing_Enumeration_Name_Returns_Display_Atributte" computerName="PC-SFERRARI" duration="00:00:00.0139679" startTime="2020-08-17T17:49:34.6627294+01:00" endTime="2020-08-17T17:49:34.6768143+01:00" testType="13cdc9d9-ddb5-4fa4-a97d-d965ccfc6d4b" outcome="Passed" testListId="8c84fa94-04c1-424b-9868-57a2d4851a1d" relativeResultsDirectory="78421103-a696-4c27-972b-aafc00409eab" />
    <UnitTestResult executionId="97332772-9e29-4348-aadd-7231d2299a03" testId="1c5de28c-f1b3-c94d-8e43-201eab8c2ff8" testName="ToEnvironment_Passing_Development_Enviroment_Returns_Development_Name" computerName="PC-SFERRARI" duration="00:00:00.0014163" startTime="2020-08-17T17:49:33.6345557+01:00" endTime="2020-08-17T17:49:33.6361437+01:00" testType="13cdc9d9-ddb5-4fa4-a97d-d965ccfc6d4b" outcome="Passed" testListId="8c84fa94-04c1-424b-9868-57a2d4851a1d" relativeResultsDirectory="97332772-9e29-4348-aadd-7231d2299a03" />
    <UnitTestResult executionId="f0c9d89b-b9c5-4bd8-a006-6e43f4ec6cfc" testId="7daaba64-d3ad-9109-43bf-bdb516b673b8" testName="ToDirectoryFileInfo_Passing_ValidValue_Returns_FileInfo" computerName="PC-SFERRARI" duration="00:00:00.0000992" startTime="2020-08-17T17:49:36.8239726+01:00" endTime="2020-08-17T17:49:36.8242374+01:00" testType="13cdc9d9-ddb5-4fa4-a97d-d965ccfc6d4b" outcome="Passed" testListId="8c84fa94-04c1-424b-9868-57a2d4851a1d" relativeResultsDirectory="f0c9d89b-b9c5-4bd8-a006-6e43f4ec6cfc" />
    <UnitTestResult executionId="a9f56f0f-a439-4d4b-820d-45421dcd7b8a" testId="27cc1a96-8264-8762-05bc-aa63ccb155d7" testName="ToMapClone_Passing_Source_Returns_New_Source_Object" computerName="PC-SFERRARI" duration="00:00:00.4282018" startTime="2020-08-17T17:49:32.6826494+01:00" endTime="2020-08-17T17:49:33.1112795+01:00" testType="13cdc9d9-ddb5-4fa4-a97d-d965ccfc6d4b" outcome="Passed" testListId="8c84fa94-04c1-424b-9868-57a2d4851a1d" relativeResultsDirectory="a9f56f0f-a439-4d4b-820d-45421dcd7b8a" />
    <UnitTestResult executionId="fb4d64a4-c3bc-4fd5-808b-2ae481fbb654" testId="6088101f-62c5-69c8-6751-05523b132d06" testName="CreateAndVerifySHA512_Passing_Valid_Arguments_Returns_True" computerName="PC-SFERRARI" duration="00:00:00.0271862" startTime="2020-08-17T17:49:35.8347532+01:00" endTime="2020-08-17T17:49:35.8620509+01:00" testType="13cdc9d9-ddb5-4fa4-a97d-d965ccfc6d4b" outcome="Passed" testListId="8c84fa94-04c1-424b-9868-57a2d4851a1d" relativeResultsDirectory="fb4d64a4-c3bc-4fd5-808b-2ae481fbb654" resultType="DataDrivenTest">
      <InnerResults>
        <UnitTestResult executionId="6fdc25a3-b34b-4c62-9f2c-3d31cd022af0" parentExecutionId="fb4d64a4-c3bc-4fd5-808b-2ae481fbb654" testId="6088101f-62c5-69c8-6751-05523b132d06" testName="CreateAndVerifySHA512_Passing_Valid_Arguments_Returns_True (Password)" computerName="PC-SFERRARI" duration="00:00:00.0270301" startTime="2020-08-17T17:49:35.8347532+01:00" endTime="2020-08-17T17:49:35.8620509+01:00" testType="13cdc9d9-ddb5-4fa4-a97d-d965ccfc6d4b" outcome="Passed" testListId="8c84fa94-04c1-424b-9868-57a2d4851a1d" relativeResultsDirectory="6fdc25a3-b34b-4c62-9f2c-3d31cd022af0" dataRowInfo="1" resultType="DataDrivenDataRow" />
        <UnitTestResult executionId="ecd08b13-a877-4940-9ac2-c07d2e8b5bea" parentExecutionId="fb4d64a4-c3bc-4fd5-808b-2ae481fbb654" testId="6088101f-62c5-69c8-6751-05523b132d06" testName="CreateAndVerifySHA512_Passing_Valid_Arguments_Returns_True (HashTests)" computerName="PC-SFERRARI" duration="00:00:00.0000341" startTime="2020-08-17T17:49:35.8347532+01:00" endTime="2020-08-17T17:49:35.8620509+01:00" testType="13cdc9d9-ddb5-4fa4-a97d-d965ccfc6d4b" outcome="Passed" testListId="8c84fa94-04c1-424b-9868-57a2d4851a1d" relativeResultsDirectory="ecd08b13-a877-4940-9ac2-c07d2e8b5bea" dataRowInfo="2" resultType="DataDrivenDataRow" />
        <UnitTestResult executionId="6a11361d-da1d-4969-8e60-1eecade92f93" parentExecutionId="fb4d64a4-c3bc-4fd5-808b-2ae481fbb654" testId="6088101f-62c5-69c8-6751-05523b132d06" testName="CreateAndVerifySHA512_Passing_Valid_Arguments_Returns_True (sdlfkjldsfksdfñl·%$·&amp;$/U&amp;/)(&amp;()?=)¿?^P*^PÑL,.,.lñ´ñ+98098'098098)" computerName="PC-SFERRARI" duration="00:00:00.0000266" startTime="2020-08-17T17:49:35.8347532+01:00" endTime="2020-08-17T17:49:35.8620509+01:00" testType="13cdc9d9-ddb5-4fa4-a97d-d965ccfc6d4b" outcome="Passed" testListId="8c84fa94-04c1-424b-9868-57a2d4851a1d" relativeResultsDirectory="6a11361d-da1d-4969-8e60-1eecade92f93" dataRowInfo="3" resultType="DataDrivenDataRow" />
      </InnerResults>
    </UnitTestResult>
    <UnitTestResult executionId="43c447b1-badf-4bfd-b701-b415a5f1d241" testId="3443f7f5-ee1a-f375-e5b1-f7ffa940c0db" testName="ToIsLastDayOfTheMonth_Passing_NotLastDayOfMonth_Returns_False" computerName="PC-SFERRARI" duration="00:00:00.0002103" startTime="2020-08-17T17:49:34.6300933+01:00" endTime="2020-08-17T17:49:34.6304930+01:00" testType="13cdc9d9-ddb5-4fa4-a97d-d965ccfc6d4b" outcome="Passed" testListId="8c84fa94-04c1-424b-9868-57a2d4851a1d" relativeResultsDirectory="43c447b1-badf-4bfd-b701-b415a5f1d241" />
    <UnitTestResult executionId="5efe94ed-195c-4a7b-a64e-e7e82086760e" testId="1f173fff-9060-8c18-f825-225901225244" testName="ToStartOfWeek_Passing_DateTime_Returns_Start_Of_Week_DateTime" computerName="PC-SFERRARI" duration="00:00:00.0002292" startTime="2020-08-17T17:49:34.6321208+01:00" endTime="2020-08-17T17:49:34.6324335+01:00" testType="13cdc9d9-ddb5-4fa4-a97d-d965ccfc6d4b" outcome="Passed" testListId="8c84fa94-04c1-424b-9868-57a2d4851a1d" relativeResultsDirectory="5efe94ed-195c-4a7b-a64e-e7e82086760e" />
    <UnitTestResult executionId="21a46bc8-37f9-4626-94c9-d7b1a90a1fa0" testId="98331ff8-6ed1-e7ba-c8dd-be5bd5b6cb2c" testName="ToEmailMask_Passing_ValidEmail_Returns_EmailWithMask" computerName="PC-SFERRARI" duration="00:00:00.0001816" startTime="2020-08-17T17:49:36.8944942+01:00" endTime="2020-08-17T17:49:36.8947575+01:00" testType="13cdc9d9-ddb5-4fa4-a97d-d965ccfc6d4b" outcome="Passed" testListId="8c84fa94-04c1-424b-9868-57a2d4851a1d" relativeResultsDirectory="21a46bc8-37f9-4626-94c9-d7b1a90a1fa0" resultType="DataDrivenTest">
      <InnerResults>
        <UnitTestResult executionId="029f1e55-69cb-4e86-8d1f-2088f17849d7" parentExecutionId="21a46bc8-37f9-4626-94c9-d7b1a90a1fa0" testId="98331ff8-6ed1-e7ba-c8dd-be5bd5b6cb2c" testName="ToEmailMask_Passing_ValidEmail_Returns_EmailWithMask (miemail@gmail.com,m-----l@g---l.c-m,(?&lt;=(?:^|@)[^.]*)\B.\B|(?&lt;=[\w]{1})[\w-\+%]*(?=[\w]{1}),-)" computerName="PC-SFERRARI" duration="00:00:00.0001427" startTime="2020-08-17T17:49:36.8944942+01:00" endTime="2020-08-17T17:49:36.8947575+01:00" testType="13cdc9d9-ddb5-4fa4-a97d-d965ccfc6d4b" outcome="Passed" testListId="8c84fa94-04c1-424b-9868-57a2d4851a1d" relativeResultsDirectory="029f1e55-69cb-4e86-8d1f-2088f17849d7" dataRowInfo="1" resultType="DataDrivenDataRow" />
      </InnerResults>
    </UnitTestResult>
    <UnitTestResult executionId="6eef432d-654e-4e18-a065-20cb479f8327" testId="a0ed43cd-0648-ddf9-c80e-52c6889ee049" testName="ToDictionaryPropertyInfo_Passing_Object_IncludeNullOrEmptyProperty_Returns_Properties_NameAndValue_Dictionary" computerName="PC-SFERRARI" duration="00:00:00.0018281" startTime="2020-08-17T17:49:34.8925254+01:00" endTime="2020-08-17T17:49:34.8944411+01:00" testType="13cdc9d9-ddb5-4fa4-a97d-d965ccfc6d4b" outcome="Passed" testListId="8c84fa94-04c1-424b-9868-57a2d4851a1d" relativeResultsDirectory="6eef432d-654e-4e18-a065-20cb479f8327" />
    <UnitTestResult executionId="d2dc1bad-60cd-4ce5-a5e0-c14f3dc4a56e" testId="c2d3c8df-32e7-92dc-91f8-057e8c4da6b9" testName="ToTomorrow_Passing_DateTime_Returns_Tomorrow_DateTime" computerName="PC-SFERRARI" duration="00:00:00.0001910" startTime="2020-08-17T17:49:34.6324553+01:00" endTime="2020-08-17T17:49:34.6327266+01:00" testType="13cdc9d9-ddb5-4fa4-a97d-d965ccfc6d4b" outcome="Passed" testListId="8c84fa94-04c1-424b-9868-57a2d4851a1d" relativeResultsDirectory="d2dc1bad-60cd-4ce5-a5e0-c14f3dc4a56e" />
    <UnitTestResult executionId="1f503c85-4838-4bdf-beff-ac4194486acb" testId="801afd1a-5f3d-0d0c-471a-96452bf5bc35" testName="IsNullOrEmpty_Passing_InvalidArguments_Returns_HasErrorsAndCount" computerName="PC-SFERRARI" duration="00:00:00.0022928" startTime="2020-08-17T17:49:33.9896841+01:00" endTime="2020-08-17T17:49:33.9920859+01:00" testType="13cdc9d9-ddb5-4fa4-a97d-d965ccfc6d4b" outcome="Passed" testListId="8c84fa94-04c1-424b-9868-57a2d4851a1d" relativeResultsDirectory="1f503c85-4838-4bdf-beff-ac4194486acb" />
    <UnitTestResult executionId="a666b5f8-1d4c-4624-84a9-61bb5d7db282" testId="42ded375-26ee-044e-44a7-9eab5e4cd342" testName="ToReadOnly_Passing_Valid_Collection_Returns_Readonly_Collection" computerName="PC-SFERRARI" duration="00:00:00.0008128" startTime="2020-08-17T17:49:34.6590159+01:00" endTime="2020-08-17T17:49:34.6599157+01:00" testType="13cdc9d9-ddb5-4fa4-a97d-d965ccfc6d4b" outcome="Passed" testListId="8c84fa94-04c1-424b-9868-57a2d4851a1d" relativeResultsDirectory="a666b5f8-1d4c-4624-84a9-61bb5d7db282" />
    <UnitTestResult executionId="f6dbfeeb-f693-45e3-a06a-bb0ce4f610f6" testId="ede15cdf-3d1b-3e1a-18dc-485a2d50fe42" testName="ToFormat_Passing_ValidTimeSpanValue_Returns_ValueWithFormatString" computerName="PC-SFERRARI" duration="00:00:00.0006867" startTime="2020-08-17T17:49:37.3106283+01:00" endTime="2020-08-17T17:49:37.3115906+01:00" testType="13cdc9d9-ddb5-4fa4-a97d-d965ccfc6d4b" outcome="Passed" testListId="8c84fa94-04c1-424b-9868-57a2d4851a1d" relativeResultsDirectory="f6dbfeeb-f693-45e3-a06a-bb0ce4f610f6" />
    <UnitTestResult executionId="ed4f5cbc-4a59-4232-900a-edf9be89b1af" testId="f828057e-351a-48b7-0028-e57f15c7217e" testName="ToDefaultValue_Passing_uint_Returns_Cero" computerName="PC-SFERRARI" duration="00:00:00.0003840" startTime="2020-08-17T17:49:34.8912494+01:00" endTime="2020-08-17T17:49:34.8917780+01:00" testType="13cdc9d9-ddb5-4fa4-a97d-d965ccfc6d4b" outcome="Passed" testListId="8c84fa94-04c1-424b-9868-57a2d4851a1d" relativeResultsDirectory="ed4f5cbc-4a59-4232-900a-edf9be89b1af" resultType="DataDrivenTest">
      <InnerResults>
        <UnitTestResult executionId="7c412faa-62be-4421-b0f6-e2c5d296bd7d" parentExecutionId="ed4f5cbc-4a59-4232-900a-edf9be89b1af" testId="f828057e-351a-48b7-0028-e57f15c7217e" testName="ToDefaultValue_Passing_uint_Returns_Cero (4294967295)" computerName="PC-SFERRARI" duration="00:00:00.0003078" startTime="2020-08-17T17:49:34.8912494+01:00" endTime="2020-08-17T17:49:34.8917780+01:00" testType="13cdc9d9-ddb5-4fa4-a97d-d965ccfc6d4b" outcome="Passed" testListId="8c84fa94-04c1-424b-9868-57a2d4851a1d" relativeResultsDirectory="7c412faa-62be-4421-b0f6-e2c5d296bd7d" dataRowInfo="1" resultType="DataDrivenDataRow" />
      </InnerResults>
    </UnitTestResult>
    <UnitTestResult executionId="ba73add0-c37a-4dae-879b-9954ee36526f" testId="f0f37a42-1a3a-10a5-5f17-e01b9915abd3" testName="ToPaged_Passing_Age_Ascending_Order_Returns_Filter_List" computerName="PC-SFERRARI" duration="00:00:00.0046923" startTime="2020-08-17T17:49:36.6975283+01:00" endTime="2020-08-17T17:49:36.7024639+01:00" testType="13cdc9d9-ddb5-4fa4-a97d-d965ccfc6d4b" outcome="Passed" testListId="8c84fa94-04c1-424b-9868-57a2d4851a1d" relativeResultsDirectory="ba73add0-c37a-4dae-879b-9954ee36526f" />
    <UnitTestResult executionId="e81bb09d-329d-42a6-9141-058a60002c3b" testId="760ae14b-6c0d-0288-811d-408b67937415" testName="ToServiceMatchingInterface_Passing_Empties_Assemblies_Returns_ApplicationException" computerName="PC-SFERRARI" duration="00:00:00.0014572" startTime="2020-08-17T17:49:34.4172745+01:00" endTime="2020-08-17T17:49:34.4188171+01:00" testType="13cdc9d9-ddb5-4fa4-a97d-d965ccfc6d4b" outcome="Passed" testListId="8c84fa94-04c1-424b-9868-57a2d4851a1d" relativeResultsDirectory="e81bb09d-329d-42a6-9141-058a60002c3b" />
    <UnitTestResult executionId="ba947fe2-98bc-4d6c-94c2-502059a109d0" testId="7384e2f6-7a7f-d462-78fa-5bf7f49c326a" testName="ToIsAuthenticated_Passing_Claims_Returns_False" computerName="PC-SFERRARI" duration="00:00:00.0005405" startTime="2020-08-17T17:49:34.1980739+01:00" endTime="2020-08-17T17:49:34.1987106+01:00" testType="13cdc9d9-ddb5-4fa4-a97d-d965ccfc6d4b" outcome="Passed" testListId="8c84fa94-04c1-424b-9868-57a2d4851a1d" relativeResultsDirectory="ba947fe2-98bc-4d6c-94c2-502059a109d0" />
    <UnitTestResult executionId="e5b7a211-7e31-402b-926e-b7b3b55646fd" testId="5385d994-9594-6052-11cb-73f8d2344981" testName="ToPath_Passing_HttpRequest_Scheme_Host_Path_Returns_Url" computerName="PC-SFERRARI" duration="00:00:00.0039447" startTime="2020-08-17T17:49:36.0182156+01:00" endTime="2020-08-17T17:49:36.0222614+01:00" testType="13cdc9d9-ddb5-4fa4-a97d-d965ccfc6d4b" outcome="Passed" testListId="8c84fa94-04c1-424b-9868-57a2d4851a1d" relativeResultsDirectory="e5b7a211-7e31-402b-926e-b7b3b55646fd" />
    <UnitTestResult executionId="6518766b-48bb-4077-808c-2ca068127ceb" testId="6bd61990-78b5-76ea-0df5-0c13c388bdc0" testName="ToWhere_Passing_Null_Predicate_Returns_Same_List" computerName="PC-SFERRARI" duration="00:00:00.0021132" startTime="2020-08-17T17:49:36.7077749+01:00" endTime="2020-08-17T17:49:36.7099834+01:00" testType="13cdc9d9-ddb5-4fa4-a97d-d965ccfc6d4b" outcome="Passed" testListId="8c84fa94-04c1-424b-9868-57a2d4851a1d" relativeResultsDirectory="6518766b-48bb-4077-808c-2ca068127ceb" />
    <UnitTestResult executionId="edca5990-d5f9-400e-a0f1-0dfe2730320d" testId="43c10c64-8836-30db-afbe-d1657a7dd9d8" testName="ToHeader_Passing_HttpRequest_Header_Many_Values_Returns_Values" computerName="PC-SFERRARI" duration="00:00:00.0428643" startTime="2020-08-17T17:49:35.9743704+01:00" endTime="2020-08-17T17:49:36.0174894+01:00" testType="13cdc9d9-ddb5-4fa4-a97d-d965ccfc6d4b" outcome="Passed" testListId="8c84fa94-04c1-424b-9868-57a2d4851a1d" relativeResultsDirectory="edca5990-d5f9-400e-a0f1-0dfe2730320d" />
    <UnitTestResult executionId="09f2b46a-7ef5-40fc-ad94-1bde2d876e92" testId="678a7b5d-e2f9-09be-f35f-0e3e4d5ad033" testName="ToDeserialize_Passing_String_Returns_Object" computerName="PC-SFERRARI" duration="00:00:00.0032397" startTime="2020-08-17T17:49:36.6646751+01:00" endTime="2020-08-17T17:49:36.6680865+01:00" testType="13cdc9d9-ddb5-4fa4-a97d-d965ccfc6d4b" outcome="Passed" testListId="8c84fa94-04c1-424b-9868-57a2d4851a1d" relativeResultsDirectory="09f2b46a-7ef5-40fc-ad94-1bde2d876e92" />
    <UnitTestResult executionId="ad3d9339-387d-4b74-89a1-c1e7731dc782" testId="334e3485-05b4-4549-cacd-aef8fff10757" testName="ToDefaultValue_Passing_decimal_Returns_Cero" computerName="PC-SFERRARI" duration="00:00:00.0002335" startTime="2020-08-17T17:49:34.8177628+01:00" endTime="2020-08-17T17:49:34.8180758+01:00" testType="13cdc9d9-ddb5-4fa4-a97d-d965ccfc6d4b" outcome="Passed" testListId="8c84fa94-04c1-424b-9868-57a2d4851a1d" relativeResultsDirectory="ad3d9339-387d-4b74-89a1-c1e7731dc782" />
    <UnitTestResult executionId="33484b1b-a9b6-4129-ab5d-1ba271f2048d" testId="c87d842d-198f-fc52-0a70-418a5e5378ab" testName="IsEqual_Passing_InvalidArguments_Returns_HasErrorsAndCount" computerName="PC-SFERRARI" duration="00:00:00.0011294" startTime="2020-08-17T17:49:33.9441612+01:00" endTime="2020-08-17T17:49:33.9454260+01:00" testType="13cdc9d9-ddb5-4fa4-a97d-d965ccfc6d4b" outcome="Passed" testListId="8c84fa94-04c1-424b-9868-57a2d4851a1d" relativeResultsDirectory="33484b1b-a9b6-4129-ab5d-1ba271f2048d" />
    <UnitTestResult executionId="8d85d550-6363-4443-b5e6-70703c2014d0" testId="a272f84c-2bd5-daa4-4afe-22346b802f86" testName="ToGet_Passing_Claims_Returns_Claim_Value_Object" computerName="PC-SFERRARI" duration="00:00:00.0131400" startTime="2020-08-17T17:49:34.1839384+01:00" endTime="2020-08-17T17:49:34.1972123+01:00" testType="13cdc9d9-ddb5-4fa4-a97d-d965ccfc6d4b" outcome="Passed" testListId="8c84fa94-04c1-424b-9868-57a2d4851a1d" relativeResultsDirectory="8d85d550-6363-4443-b5e6-70703c2014d0" />
    <UnitTestResult executionId="400149b7-3048-469e-ab6e-308c4d6ce9bf" testId="e8138724-52f6-6999-ada4-cbc441f2cd15" testName="ToEmailMaskUserNameAndDomain_Passing_ValidEmail_Returns_EmailWithMask" computerName="PC-SFERRARI" duration="00:00:00.0002864" startTime="2020-08-17T17:49:36.8930867+01:00" endTime="2020-08-17T17:49:36.8934632+01:00" testType="13cdc9d9-ddb5-4fa4-a97d-d965ccfc6d4b" outcome="Passed" testListId="8c84fa94-04c1-424b-9868-57a2d4851a1d" relativeResultsDirectory="400149b7-3048-469e-ab6e-308c4d6ce9bf" resultType="DataDrivenTest">
      <InnerResults>
        <UnitTestResult executionId="3b92504d-cf5e-460d-8ee0-c665e9dcbd7c" parentExecutionId="400149b7-3048-469e-ab6e-308c4d6ce9bf" testId="e8138724-52f6-6999-ada4-cbc441f2cd15" testName="ToEmailMaskUserNameAndDomain_Passing_ValidEmail_Returns_EmailWithMask (miemail@gmail.com,m*****l@g***l.com)" computerName="PC-SFERRARI" duration="00:00:00.0002484" startTime="2020-08-17T17:49:36.8930867+01:00" endTime="2020-08-17T17:49:36.8934632+01:00" testType="13cdc9d9-ddb5-4fa4-a97d-d965ccfc6d4b" outcome="Passed" testListId="8c84fa94-04c1-424b-9868-57a2d4851a1d" relativeResultsDirectory="3b92504d-cf5e-460d-8ee0-c665e9dcbd7c" dataRowInfo="1" resultType="DataDrivenDataRow" />
      </InnerResults>
    </UnitTestResult>
    <UnitTestResult executionId="476d4428-5852-4bb5-90b8-0378d540176c" testId="4315ebd1-3e2a-edf0-9de6-c78f08760fe3" testName="ToFirstLetterLower_Passing_ValidValue_Returns_StringWithFirstLetterLower" computerName="PC-SFERRARI" duration="00:00:00.0002624" startTime="2020-08-17T17:49:36.9310688+01:00" endTime="2020-08-17T17:49:36.9314024+01:00" testType="13cdc9d9-ddb5-4fa4-a97d-d965ccfc6d4b" outcome="Passed" testListId="8c84fa94-04c1-424b-9868-57a2d4851a1d" relativeResultsDirectory="476d4428-5852-4bb5-90b8-0378d540176c" resultType="DataDrivenTest">
      <InnerResults>
        <UnitTestResult executionId="0e554a9e-7715-411a-a9e9-865282cf79e9" parentExecutionId="476d4428-5852-4bb5-90b8-0378d540176c" testId="4315ebd1-3e2a-edf0-9de6-c78f08760fe3" testName="ToFirstLetterLower_Passing_ValidValue_Returns_StringWithFirstLetterLower (AAAAAA,aAAAAA)" computerName="PC-SFERRARI" duration="00:00:00.0002191" startTime="2020-08-17T17:49:36.9310688+01:00" endTime="2020-08-17T17:49:36.9314024+01:00" testType="13cdc9d9-ddb5-4fa4-a97d-d965ccfc6d4b" outcome="Passed" testListId="8c84fa94-04c1-424b-9868-57a2d4851a1d" relativeResultsDirectory="0e554a9e-7715-411a-a9e9-865282cf79e9" dataRowInfo="1" resultType="DataDrivenDataRow" />
      </InnerResults>
    </UnitTestResult>
    <UnitTestResult executionId="3515d422-feec-454b-8bd9-05a3fbb9b423" testId="19f76070-822e-31f8-2a9f-a96f774333a7" testName="ToInt_Passing_InvalidValueString_Returns_DefaultValue" computerName="PC-SFERRARI" duration="00:00:00.0003533" startTime="2020-08-17T17:49:36.9830370+01:00" endTime="2020-08-17T17:49:36.9834821+01:00" testType="13cdc9d9-ddb5-4fa4-a97d-d965ccfc6d4b" outcome="Passed" testListId="8c84fa94-04c1-424b-9868-57a2d4851a1d" relativeResultsDirectory="3515d422-feec-454b-8bd9-05a3fbb9b423" resultType="DataDrivenTest">
      <InnerResults>
        <UnitTestResult executionId="0285584f-d07a-4c77-99bc-78fc59af250a" parentExecutionId="3515d422-feec-454b-8bd9-05a3fbb9b423" testId="19f76070-822e-31f8-2a9f-a96f774333a7" testName="ToInt_Passing_InvalidValueString_Returns_DefaultValue (1.3333)" computerName="PC-SFERRARI" duration="00:00:00.0002632" startTime="2020-08-17T17:49:36.9830370+01:00" endTime="2020-08-17T17:49:36.9834821+01:00" testType="13cdc9d9-ddb5-4fa4-a97d-d965ccfc6d4b" outcome="Passed" testListId="8c84fa94-04c1-424b-9868-57a2d4851a1d" relativeResultsDirectory="0285584f-d07a-4c77-99bc-78fc59af250a" dataRowInfo="1" resultType="DataDrivenDataRow" />
        <UnitTestResult executionId="82464eb4-2f1e-45c2-8890-da07052f9026" parentExecutionId="3515d422-feec-454b-8bd9-05a3fbb9b423" testId="19f76070-822e-31f8-2a9f-a96f774333a7" testName="ToInt_Passing_InvalidValueString_Returns_DefaultValue (1,3333)" computerName="PC-SFERRARI" duration="00:00:00.0000053" startTime="2020-08-17T17:49:36.9830370+01:00" endTime="2020-08-17T17:49:36.9834821+01:00" testType="13cdc9d9-ddb5-4fa4-a97d-d965ccfc6d4b" outcome="Passed" testListId="8c84fa94-04c1-424b-9868-57a2d4851a1d" relativeResultsDirectory="82464eb4-2f1e-45c2-8890-da07052f9026" dataRowInfo="2" resultType="DataDrivenDataRow" />
        <UnitTestResult executionId="e41c0adc-88a6-4ccb-aaaa-df612e6476f6" parentExecutionId="3515d422-feec-454b-8bd9-05a3fbb9b423" testId="19f76070-822e-31f8-2a9f-a96f774333a7" testName="ToInt_Passing_InvalidValueString_Returns_DefaultValue (1.333,39)" computerName="PC-SFERRARI" duration="00:00:00.0000024" startTime="2020-08-17T17:49:36.9830370+01:00" endTime="2020-08-17T17:49:36.9834821+01:00" testType="13cdc9d9-ddb5-4fa4-a97d-d965ccfc6d4b" outcome="Passed" testListId="8c84fa94-04c1-424b-9868-57a2d4851a1d" relativeResultsDirectory="e41c0adc-88a6-4ccb-aaaa-df612e6476f6" dataRowInfo="3" resultType="DataDrivenDataRow" />
        <UnitTestResult executionId="3855aa33-86a4-406a-84f0-494e17b47402" parentExecutionId="3515d422-feec-454b-8bd9-05a3fbb9b423" testId="19f76070-822e-31f8-2a9f-a96f774333a7" testName="ToInt_Passing_InvalidValueString_Returns_DefaultValue (999999439293294392492349329493294)" computerName="PC-SFERRARI" duration="00:00:00.0000025" startTime="2020-08-17T17:49:36.9830370+01:00" endTime="2020-08-17T17:49:36.9834821+01:00" testType="13cdc9d9-ddb5-4fa4-a97d-d965ccfc6d4b" outcome="Passed" testListId="8c84fa94-04c1-424b-9868-57a2d4851a1d" relativeResultsDirectory="3855aa33-86a4-406a-84f0-494e17b47402" dataRowInfo="4" resultType="DataDrivenDataRow" />
        <UnitTestResult executionId="5320a716-87eb-4be3-8268-428188272749" parentExecutionId="3515d422-feec-454b-8bd9-05a3fbb9b423" testId="19f76070-822e-31f8-2a9f-a96f774333a7" testName="ToInt_Passing_InvalidValueString_Returns_DefaultValue (asdasdasdasd234324)" computerName="PC-SFERRARI" duration="00:00:00.0000023" startTime="2020-08-17T17:49:36.9830370+01:00" endTime="2020-08-17T17:49:36.9834821+01:00" testType="13cdc9d9-ddb5-4fa4-a97d-d965ccfc6d4b" outcome="Passed" testListId="8c84fa94-04c1-424b-9868-57a2d4851a1d" relativeResultsDirectory="5320a716-87eb-4be3-8268-428188272749" dataRowInfo="5" resultType="DataDrivenDataRow" />
      </InnerResults>
    </UnitTestResult>
    <UnitTestResult executionId="34456771-8cfe-45a9-a1c5-48d34d663c8b" testId="d5506b30-7041-6d90-bd03-bcd5b2479c40" testName="ToHashAlgorithmName_Passing_InvalidValueLowerCaseStringWithDefaultValue_Returns_DefaultValue" computerName="PC-SFERRARI" duration="00:00:00.0010635" startTime="2020-08-17T17:49:36.9610657+01:00" endTime="2020-08-17T17:49:36.9622262+01:00" testType="13cdc9d9-ddb5-4fa4-a97d-d965ccfc6d4b" outcome="Passed" testListId="8c84fa94-04c1-424b-9868-57a2d4851a1d" relativeResultsDirectory="34456771-8cfe-45a9-a1c5-48d34d663c8b" resultType="DataDrivenTest">
      <InnerResults>
        <UnitTestResult executionId="18928155-60be-4914-822a-d6ce120c523c" parentExecutionId="34456771-8cfe-45a9-a1c5-48d34d663c8b" testId="d5506b30-7041-6d90-bd03-bcd5b2479c40" testName="ToHashAlgorithmName_Passing_InvalidValueLowerCaseStringWithDefaultValue_Returns_DefaultValue (md5)" computerName="PC-SFERRARI" duration="00:00:00.0010166" startTime="2020-08-17T17:49:36.9610657+01:00" endTime="2020-08-17T17:49:36.9622262+01:00" testType="13cdc9d9-ddb5-4fa4-a97d-d965ccfc6d4b" outcome="Passed" testListId="8c84fa94-04c1-424b-9868-57a2d4851a1d" relativeResultsDirectory="18928155-60be-4914-822a-d6ce120c523c" dataRowInfo="1" resultType="DataDrivenDataRow" />
      </InnerResults>
    </UnitTestResult>
    <UnitTestResult executionId="7511fc44-432a-4d19-81d5-327e0112847a" testId="f17b6f1f-06a9-5318-815f-4c3950fdd0cb" testName="CreateSHA512_Passing_Invalid_Arguments_Returns_ApplicationException" computerName="PC-SFERRARI" duration="00:00:00.0004491" startTime="2020-08-17T17:49:35.9038802+01:00" endTime="2020-08-17T17:49:35.9044171+01:00" testType="13cdc9d9-ddb5-4fa4-a97d-d965ccfc6d4b" outcome="Passed" testListId="8c84fa94-04c1-424b-9868-57a2d4851a1d" relativeResultsDirectory="7511fc44-432a-4d19-81d5-327e0112847a" resultType="DataDrivenTest">
      <InnerResults>
        <UnitTestResult executionId="3257c900-5d0f-43bd-886a-6b0c4204aa14" parentExecutionId="7511fc44-432a-4d19-81d5-327e0112847a" testId="f17b6f1f-06a9-5318-815f-4c3950fdd0cb" testName="CreateSHA512_Passing_Invalid_Arguments_Returns_ApplicationException ()" computerName="PC-SFERRARI" duration="00:00:00.0002999" startTime="2020-08-17T17:49:35.9038802+01:00" endTime="2020-08-17T17:49:35.9044171+01:00" testType="13cdc9d9-ddb5-4fa4-a97d-d965ccfc6d4b" outcome="Passed" testListId="8c84fa94-04c1-424b-9868-57a2d4851a1d" relativeResultsDirectory="3257c900-5d0f-43bd-886a-6b0c4204aa14" dataRowInfo="1" resultType="DataDrivenDataRow" />
        <UnitTestResult executionId="542157ed-a2ea-465d-bf52-e5e3fd7fbc3d" parentExecutionId="7511fc44-432a-4d19-81d5-327e0112847a" testId="f17b6f1f-06a9-5318-815f-4c3950fdd0cb" testName="CreateSHA512_Passing_Invalid_Arguments_Returns_ApplicationException ()" computerName="PC-SFERRARI" duration="00:00:00.0000428" startTime="2020-08-17T17:49:35.9038802+01:00" endTime="2020-08-17T17:49:35.9044171+01:00" testType="13cdc9d9-ddb5-4fa4-a97d-d965ccfc6d4b" outcome="Passed" testListId="8c84fa94-04c1-424b-9868-57a2d4851a1d" relativeResultsDirectory="542157ed-a2ea-465d-bf52-e5e3fd7fbc3d" dataRowInfo="2" resultType="DataDrivenDataRow" />
        <UnitTestResult executionId="ef5f97e7-657b-45cb-8e8e-c855f09858b2" parentExecutionId="7511fc44-432a-4d19-81d5-327e0112847a" testId="f17b6f1f-06a9-5318-815f-4c3950fdd0cb" testName="CreateSHA512_Passing_Invalid_Arguments_Returns_ApplicationException ( )" computerName="PC-SFERRARI" duration="00:00:00.0000376" startTime="2020-08-17T17:49:35.9038802+01:00" endTime="2020-08-17T17:49:35.9044171+01:00" testType="13cdc9d9-ddb5-4fa4-a97d-d965ccfc6d4b" outcome="Passed" testListId="8c84fa94-04c1-424b-9868-57a2d4851a1d" relativeResultsDirectory="ef5f97e7-657b-45cb-8e8e-c855f09858b2" dataRowInfo="3" resultType="DataDrivenDataRow" />
      </InnerResults>
    </UnitTestResult>
    <UnitTestResult executionId="2aa788ee-a72c-4dc3-aa2d-7c5c83c287a3" testId="209cbba1-d5fa-4810-2cb6-ee92ce2e109d" testName="ToGet_Passing_Claims_Returns_Claim_Value_Int" computerName="PC-SFERRARI" duration="00:00:00.0027854" startTime="2020-08-17T17:49:34.1809912+01:00" endTime="2020-08-17T17:49:34.1838957+01:00" testType="13cdc9d9-ddb5-4fa4-a97d-d965ccfc6d4b" outcome="Passed" testListId="8c84fa94-04c1-424b-9868-57a2d4851a1d" relativeResultsDirectory="2aa788ee-a72c-4dc3-aa2d-7c5c83c287a3" />
    <UnitTestResult executionId="0a0c8a23-05fa-4ad0-a509-4fc47e06d06f" testId="640513b3-feee-19a8-efba-5817e77ff3ee" testName="ToExists_Passing_NotFound_Service_Returns_False" computerName="PC-SFERRARI" duration="00:00:00.0002277" startTime="2020-08-17T17:49:34.4165152+01:00" endTime="2020-08-17T17:49:34.4168232+01:00" testType="13cdc9d9-ddb5-4fa4-a97d-d965ccfc6d4b" outcome="Passed" testListId="8c84fa94-04c1-424b-9868-57a2d4851a1d" relativeResultsDirectory="0a0c8a23-05fa-4ad0-a509-4fc47e06d06f" />
    <UnitTestResult executionId="f3ffdde4-e758-45c0-aabb-f2995719f1f2" testId="118e36ba-6572-1245-e05b-9bcc7b4e5e20" testName="ToBytes_Passing_Object_Returns_Bytes" computerName="PC-SFERRARI" duration="00:00:00.0007523" startTime="2020-08-17T17:49:34.7671523+01:00" endTime="2020-08-17T17:49:34.7681479+01:00" testType="13cdc9d9-ddb5-4fa4-a97d-d965ccfc6d4b" outcome="Passed" testListId="8c84fa94-04c1-424b-9868-57a2d4851a1d" relativeResultsDirectory="f3ffdde4-e758-45c0-aabb-f2995719f1f2" />
    <UnitTestResult executionId="70025d12-315c-4097-839c-0da33ef573f5" testId="0d35441f-72fe-a777-509f-6a19632f972a" testName="ToMessage_Passing_ExceptionWithMessageWithInnerException_Returns_MessageAndInnerException" computerName="PC-SFERRARI" duration="00:00:00.0002617" startTime="2020-08-17T17:49:34.7664697+01:00" endTime="2020-08-17T17:49:34.7668722+01:00" testType="13cdc9d9-ddb5-4fa4-a97d-d965ccfc6d4b" outcome="Passed" testListId="8c84fa94-04c1-424b-9868-57a2d4851a1d" relativeResultsDirectory="70025d12-315c-4097-839c-0da33ef573f5" />
    <UnitTestResult executionId="61a65467-8186-4d58-8154-5cf2123fc9cc" testId="26cc48e2-5e82-bc12-cf41-e3a984599b8d" testName="ToUserName_Passing_Invalid_ClaimsPrincipal_Returns_Null" computerName="PC-SFERRARI" duration="00:00:00.0005484" startTime="2020-08-17T17:49:34.2341439+01:00" endTime="2020-08-17T17:49:34.2347934+01:00" testType="13cdc9d9-ddb5-4fa4-a97d-d965ccfc6d4b" outcome="Passed" testListId="8c84fa94-04c1-424b-9868-57a2d4851a1d" relativeResultsDirectory="61a65467-8186-4d58-8154-5cf2123fc9cc" />
    <UnitTestResult executionId="e56bd32f-a05d-4562-859a-6c539b259e51" testId="e53d2439-2080-43bd-e38b-a60253b60af1" testName="ToPaged_Passing_Age_Descending_Order_Returns_Filter_List" computerName="PC-SFERRARI" duration="00:00:00.0030722" startTime="2020-08-17T17:49:36.7025100+01:00" endTime="2020-08-17T17:49:36.7057214+01:00" testType="13cdc9d9-ddb5-4fa4-a97d-d965ccfc6d4b" outcome="Passed" testListId="8c84fa94-04c1-424b-9868-57a2d4851a1d" relativeResultsDirectory="e56bd32f-a05d-4562-859a-6c539b259e51" />
    <UnitTestResult executionId="ac707d23-8f05-424e-8b54-e3d19778275d" testId="5517211d-203c-115f-7dc1-6f48da8ab75b" testName="ToFirstLetterUpper_Passing_ValidValue_Returns_StringWithFirstLetterUpper" computerName="PC-SFERRARI" duration="00:00:00.0001497" startTime="2020-08-17T17:49:36.9314270+01:00" endTime="2020-08-17T17:49:36.9316564+01:00" testType="13cdc9d9-ddb5-4fa4-a97d-d965ccfc6d4b" outcome="Passed" testListId="8c84fa94-04c1-424b-9868-57a2d4851a1d" relativeResultsDirectory="ac707d23-8f05-424e-8b54-e3d19778275d" resultType="DataDrivenTest">
      <InnerResults>
        <UnitTestResult executionId="9a76a1d9-8c36-4fd5-9920-f18caa048350" parentExecutionId="ac707d23-8f05-424e-8b54-e3d19778275d" testId="5517211d-203c-115f-7dc1-6f48da8ab75b" testName="ToFirstLetterUpper_Passing_ValidValue_Returns_StringWithFirstLetterUpper (aaaaaa,Aaaaaa)" computerName="PC-SFERRARI" duration="00:00:00.0001137" startTime="2020-08-17T17:49:36.9314270+01:00" endTime="2020-08-17T17:49:36.9316564+01:00" testType="13cdc9d9-ddb5-4fa4-a97d-d965ccfc6d4b" outcome="Passed" testListId="8c84fa94-04c1-424b-9868-57a2d4851a1d" relativeResultsDirectory="9a76a1d9-8c36-4fd5-9920-f18caa048350" dataRowInfo="1" resultType="DataDrivenDataRow" />
      </InnerResults>
    </UnitTestResult>
    <UnitTestResult executionId="dc3489fa-ee1b-4b6d-8f80-00661ae07011" testId="2e87c537-4979-f58b-6e83-f3d4ee161ff1" testName="ToGetAll_Passing_Claims_Returns_Claim_Value_Object_List" computerName="PC-SFERRARI" duration="00:00:00.0737877" startTime="2020-08-17T17:49:34.1057452+01:00" endTime="2020-08-17T17:49:34.1796724+01:00" testType="13cdc9d9-ddb5-4fa4-a97d-d965ccfc6d4b" outcome="Passed" testListId="8c84fa94-04c1-424b-9868-57a2d4851a1d" relativeResultsDirectory="dc3489fa-ee1b-4b6d-8f80-00661ae07011" />
    <UnitTestResult executionId="bebb7099-93cb-4bd1-86ff-684828464448" testId="6c59b811-73c0-2540-9661-8c8f2a459ff2" testName="ToDefaultValue_Passing_byte_Returns_Cero" computerName="PC-SFERRARI" duration="00:00:00.0003127" startTime="2020-08-17T17:49:34.8169745+01:00" endTime="2020-08-17T17:49:34.8173895+01:00" testType="13cdc9d9-ddb5-4fa4-a97d-d965ccfc6d4b" outcome="Passed" testListId="8c84fa94-04c1-424b-9868-57a2d4851a1d" relativeResultsDirectory="bebb7099-93cb-4bd1-86ff-684828464448" resultType="DataDrivenTest">
      <InnerResults>
        <UnitTestResult executionId="bcbc9ff5-4df6-4539-b832-a97fc0adc657" parentExecutionId="bebb7099-93cb-4bd1-86ff-684828464448" testId="6c59b811-73c0-2540-9661-8c8f2a459ff2" testName="ToDefaultValue_Passing_byte_Returns_Cero (255)" computerName="PC-SFERRARI" duration="00:00:00.0002278" startTime="2020-08-17T17:49:34.8169745+01:00" endTime="2020-08-17T17:49:34.8173895+01:00" testType="13cdc9d9-ddb5-4fa4-a97d-d965ccfc6d4b" outcome="Passed" testListId="8c84fa94-04c1-424b-9868-57a2d4851a1d" relativeResultsDirectory="bcbc9ff5-4df6-4539-b832-a97fc0adc657" dataRowInfo="1" resultType="DataDrivenDataRow" />
      </InnerResults>
    </UnitTestResult>
    <UnitTestResult executionId="cb7c60a3-a18a-4602-98f8-a87036fcc476" testId="53cbdd8e-a1ef-5d22-8745-938609ed19c2" testName="ToConfigureOrDefault_Passing_DefaultValues_And_ActionCustomValues_Returns_DefaultValues_And_CustomValues" computerName="PC-SFERRARI" duration="00:00:00.0004454" startTime="2020-08-17T17:49:32.6818665+01:00" endTime="2020-08-17T17:49:32.6825664+01:00" testType="13cdc9d9-ddb5-4fa4-a97d-d965ccfc6d4b" outcome="Passed" testListId="8c84fa94-04c1-424b-9868-57a2d4851a1d" relativeResultsDirectory="cb7c60a3-a18a-4602-98f8-a87036fcc476" />
    <UnitTestResult executionId="e9b1ebc1-8b79-47ae-93b1-c1707638f6a0" testId="c8fd6d3c-b723-929b-f175-dbdc2a7be855" testName="ToIsWeekend_Passing_Sunday_DateTime_Returns_True" computerName="PC-SFERRARI" duration="00:00:00.0001123" startTime="2020-08-17T17:49:34.6310995+01:00" endTime="2020-08-17T17:49:34.6312870+01:00" testType="13cdc9d9-ddb5-4fa4-a97d-d965ccfc6d4b" outcome="Passed" testListId="8c84fa94-04c1-424b-9868-57a2d4851a1d" relativeResultsDirectory="e9b1ebc1-8b79-47ae-93b1-c1707638f6a0" />
    <UnitTestResult executionId="77091744-ef71-4c82-9cdb-812c17502075" testId="98d4dd82-eb94-c060-7aeb-9b0a39f334fb" testName="ToIsLastDayOfTheMonth_Passing_LastDayOfMonth_Returns_True" computerName="PC-SFERRARI" duration="00:00:00.0002556" startTime="2020-08-17T17:49:34.5961195+01:00" endTime="2020-08-17T17:49:34.5964631+01:00" testType="13cdc9d9-ddb5-4fa4-a97d-d965ccfc6d4b" outcome="Passed" testListId="8c84fa94-04c1-424b-9868-57a2d4851a1d" relativeResultsDirectory="77091744-ef71-4c82-9cdb-812c17502075" />
    <UnitTestResult executionId="8d1512f9-cfdf-4ecb-b1a2-ccc04a070643" testId="3e6d6aa9-9b6d-dd96-b54c-49f88780a2b4" testName="ToEmptyIfNull_Passing_Null_Collection_Returns_Empty_Collection" computerName="PC-SFERRARI" duration="00:00:00.0005504" startTime="2020-08-17T17:49:34.6581159+01:00" endTime="2020-08-17T17:49:34.6589779+01:00" testType="13cdc9d9-ddb5-4fa4-a97d-d965ccfc6d4b" outcome="Passed" testListId="8c84fa94-04c1-424b-9868-57a2d4851a1d" relativeResultsDirectory="8d1512f9-cfdf-4ecb-b1a2-ccc04a070643" />
    <UnitTestResult executionId="668e99cd-a4b9-4939-9230-fa522a616f8e" testId="d7c20db6-f712-8539-ac01-01e8f4033fac" testName="IsFile_Passing_InvalidArguments_Returns_HasErrorsAndCount" computerName="PC-SFERRARI" duration="00:00:00.0004807" startTime="2020-08-17T17:49:33.9460405+01:00" endTime="2020-08-17T17:49:33.9466049+01:00" testType="13cdc9d9-ddb5-4fa4-a97d-d965ccfc6d4b" outcome="Passed" testListId="8c84fa94-04c1-424b-9868-57a2d4851a1d" relativeResultsDirectory="668e99cd-a4b9-4939-9230-fa522a616f8e" />
    <UnitTestResult executionId="8e1ca164-4b82-4db3-a8d8-3da80ac5ee80" testId="0b00f09d-f7e4-fb1e-68ad-8102cf6143e0" testName="ToPaged_Passing_Name_Descending_Order_Returns_Filter_List" computerName="PC-SFERRARI" duration="00:00:00.0005265" startTime="2020-08-17T17:49:36.7071303+01:00" endTime="2020-08-17T17:49:36.7077489+01:00" testType="13cdc9d9-ddb5-4fa4-a97d-d965ccfc6d4b" outcome="Passed" testListId="8c84fa94-04c1-424b-9868-57a2d4851a1d" relativeResultsDirectory="8e1ca164-4b82-4db3-a8d8-3da80ac5ee80" />
    <UnitTestResult executionId="9acb8c20-bcf8-4d5a-9186-2929771dda85" testId="bd43e66e-fbae-26eb-a9a1-c58a6bf5d7af" testName="ToHashAlgorithmName_Passing_InvalidValueLowerCaseString_Returns_Null" computerName="PC-SFERRARI" duration="00:00:00.0001841" startTime="2020-08-17T17:49:36.9622552+01:00" endTime="2020-08-17T17:49:36.9625187+01:00" testType="13cdc9d9-ddb5-4fa4-a97d-d965ccfc6d4b" outcome="Passed" testListId="8c84fa94-04c1-424b-9868-57a2d4851a1d" relativeResultsDirectory="9acb8c20-bcf8-4d5a-9186-2929771dda85" resultType="DataDrivenTest">
      <InnerResults>
        <UnitTestResult executionId="6e5a33cb-40a6-4cb9-b359-70693aaaabff" parentExecutionId="9acb8c20-bcf8-4d5a-9186-2929771dda85" testId="bd43e66e-fbae-26eb-a9a1-c58a6bf5d7af" testName="ToHashAlgorithmName_Passing_InvalidValueLowerCaseString_Returns_Null (md5)" computerName="PC-SFERRARI" duration="00:00:00.0001420" startTime="2020-08-17T17:49:36.9622552+01:00" endTime="2020-08-17T17:49:36.9625187+01:00" testType="13cdc9d9-ddb5-4fa4-a97d-d965ccfc6d4b" outcome="Passed" testListId="8c84fa94-04c1-424b-9868-57a2d4851a1d" relativeResultsDirectory="6e5a33cb-40a6-4cb9-b359-70693aaaabff" dataRowInfo="1" resultType="DataDrivenDataRow" />
      </InnerResults>
    </UnitTestResult>
    <UnitTestResult executionId="94670135-570a-44d3-9658-d1b7786b6063" testId="c09577a6-adca-ef94-40b5-45575ad65e4f" testName="ToEnvironment_ServiceProvider_Passing_Development_Enviroment_Returns_Development_Name" computerName="PC-SFERRARI" duration="00:00:00.0004848" startTime="2020-08-17T17:49:34.4159271+01:00" endTime="2020-08-17T17:49:34.4164911+01:00" testType="13cdc9d9-ddb5-4fa4-a97d-d965ccfc6d4b" outcome="Passed" testListId="8c84fa94-04c1-424b-9868-57a2d4851a1d" relativeResultsDirectory="94670135-570a-44d3-9658-d1b7786b6063" />
  </Results>
  <TestDefinitions>
    <UnitTest name="ToThrowIfNullOrEmpty_Passing_InvalidValue_Returns_ApplicationExceptionWithMessage" storage="d:\sferrari\01 - trabajo\repos\netcore\template-netcore-shared\kitpymes.core.shared.tests\bin\release\netcoreapp3.0\kitpymes.core.shared.tests.dll" id="50bab7c1-daec-6ad7-fb8a-d46e02e1508d">
      <Execution id="a7c5c1df-7014-483f-a7f7-da490b66a97b" />
      <TestMethod codeBase="D:\SFERRARI\01 - TRABAJO\REPOS\netcore\template-netcore-shared\Kitpymes.Core.Shared.Tests\bin\Release\netcoreapp3.0\Kitpymes.Core.Shared.Tests.dll" adapterTypeName="executor://mstestadapter/v2" className="Kitpymes.Core.Shared.Tests.CheckExtensionsTests" name="ToThrowIfNullOrEmpty_Passing_InvalidValue_Returns_ApplicationExceptionWithMessage" />
    </UnitTest>
    <UnitTest name="ToGetAll_Passing_Claims_Returns_Claim_Value_String_List" storage="d:\sferrari\01 - trabajo\repos\netcore\template-netcore-shared\kitpymes.core.shared.tests\bin\release\netcoreapp3.0\kitpymes.core.shared.tests.dll" id="4184a91b-5297-4872-2a98-1ef97e124515">
      <Execution id="cf2937d6-f775-4805-bd93-bd90650192df" />
      <TestMethod codeBase="D:\SFERRARI\01 - TRABAJO\REPOS\netcore\template-netcore-shared\Kitpymes.Core.Shared.Tests\bin\Release\netcoreapp3.0\Kitpymes.Core.Shared.Tests.dll" adapterTypeName="executor://mstestadapter/v2" className="Kitpymes.Core.Shared.Tests.ClaimsPrincipalExtensionsTests" name="ToGetAll_Passing_Claims_Returns_Claim_Value_String_List" />
    </UnitTest>
    <UnitTest name="ToUri_Passing_InvalidValueString_Returns_Null" storage="d:\sferrari\01 - trabajo\repos\netcore\template-netcore-shared\kitpymes.core.shared.tests\bin\release\netcoreapp3.0\kitpymes.core.shared.tests.dll" id="c180eeb5-df7f-187e-c74d-0f6d31acdec5">
      <Execution id="40cd4bb7-61be-4a2b-a105-aef61d70722e" />
      <TestMethod codeBase="D:\SFERRARI\01 - TRABAJO\REPOS\netcore\template-netcore-shared\Kitpymes.Core.Shared.Tests\bin\Release\netcoreapp3.0\Kitpymes.Core.Shared.Tests.dll" adapterTypeName="executor://mstestadapter/v2" className="Kitpymes.Core.Shared.Tests.StringExtensionsTests" name="ToUri_Passing_InvalidValueString_Returns_Null" />
    </UnitTest>
    <UnitTest name="ToReplaceSpecialChars_Passing_ValidValue_Returns_ReplacedValueWithoutIgnoreSpecialChars" storage="d:\sferrari\01 - trabajo\repos\netcore\template-netcore-shared\kitpymes.core.shared.tests\bin\release\netcoreapp3.0\kitpymes.core.shared.tests.dll" id="29112d2a-2e73-305d-ec50-12fc95c28627">
      <Execution id="fa753217-7071-451e-8328-128e1418bd9e" />
      <TestMethod codeBase="D:\SFERRARI\01 - TRABAJO\REPOS\netcore\template-netcore-shared\Kitpymes.Core.Shared.Tests\bin\Release\netcoreapp3.0\Kitpymes.Core.Shared.Tests.dll" adapterTypeName="executor://mstestadapter/v2" className="Kitpymes.Core.Shared.Tests.StringExtensionsTests" name="ToReplaceSpecialChars_Passing_ValidValue_Returns_ReplacedValueWithoutIgnoreSpecialChars" />
    </UnitTest>
    <UnitTest name="ToDefaultValue_Passing_long_Returns_Cero" storage="d:\sferrari\01 - trabajo\repos\netcore\template-netcore-shared\kitpymes.core.shared.tests\bin\release\netcoreapp3.0\kitpymes.core.shared.tests.dll" id="e93b141b-fdfd-0f98-21e5-3eb211b6e88b">
      <Execution id="4d78d59a-1262-45fb-a65b-021b8acf1f21" />
      <TestMethod codeBase="D:\SFERRARI\01 - TRABAJO\REPOS\netcore\template-netcore-shared\Kitpymes.Core.Shared.Tests\bin\Release\netcoreapp3.0\Kitpymes.Core.Shared.Tests.dll" adapterTypeName="executor://mstestadapter/v2" className="Kitpymes.Core.Shared.Tests.GenericExtensionsTests" name="ToDefaultValue_Passing_long_Returns_Cero" />
    </UnitTest>
    <UnitTest name="IsEqual_Passing_InvalidArguments_Returns_HasErrorsAndCount" storage="d:\sferrari\01 - trabajo\repos\netcore\template-netcore-shared\kitpymes.core.shared.tests\bin\release\netcoreapp3.0\kitpymes.core.shared.tests.dll" id="c87d842d-198f-fc52-0a70-418a5e5378ab">
      <Execution id="33484b1b-a9b6-4129-ab5d-1ba271f2048d" />
      <TestMethod codeBase="D:\SFERRARI\01 - TRABAJO\REPOS\netcore\template-netcore-shared\Kitpymes.Core.Shared.Tests\bin\Release\netcoreapp3.0\Kitpymes.Core.Shared.Tests.dll" adapterTypeName="executor://mstestadapter/v2" className="Kitpymes.Core.Shared.Tests.CheckTests" name="IsEqual_Passing_InvalidArguments_Returns_HasErrorsAndCount" />
    </UnitTest>
    <UnitTest name="ToAuthenticationType_Passing_Claims_Returns_AuthenticationType_Name" storage="d:\sferrari\01 - trabajo\repos\netcore\template-netcore-shared\kitpymes.core.shared.tests\bin\release\netcoreapp3.0\kitpymes.core.shared.tests.dll" id="635e001f-2a50-f191-84e2-e81cd2000fdf">
      <Execution id="2255dd3b-5f90-4fd9-a9ef-78f503e607f8" />
      <TestMethod codeBase="D:\SFERRARI\01 - TRABAJO\REPOS\netcore\template-netcore-shared\Kitpymes.Core.Shared.Tests\bin\Release\netcoreapp3.0\Kitpymes.Core.Shared.Tests.dll" adapterTypeName="executor://mstestadapter/v2" className="Kitpymes.Core.Shared.Tests.ClaimsPrincipalExtensionsTests" name="ToAuthenticationType_Passing_Claims_Returns_AuthenticationType_Name" />
    </UnitTest>
    <UnitTest name="ToIsAuthenticated_Passing_Null_ClaimsPrincipal_Returns_ApplicationException" storage="d:\sferrari\01 - trabajo\repos\netcore\template-netcore-shared\kitpymes.core.shared.tests\bin\release\netcoreapp3.0\kitpymes.core.shared.tests.dll" id="a702dc43-b5af-c889-d32e-e69ee2d100af">
      <Execution id="d47db417-b21a-4e92-9b2a-2922dbb4701e" />
      <TestMethod codeBase="D:\SFERRARI\01 - TRABAJO\REPOS\netcore\template-netcore-shared\Kitpymes.Core.Shared.Tests\bin\Release\netcoreapp3.0\Kitpymes.Core.Shared.Tests.dll" adapterTypeName="executor://mstestadapter/v2" className="Kitpymes.Core.Shared.Tests.ClaimsPrincipalExtensionsTests" name="ToIsAuthenticated_Passing_Null_ClaimsPrincipal_Returns_ApplicationException" />
    </UnitTest>
    <UnitTest name="ToEmailMaskUserName_Passing_ValidEmail_Returns_EmailWithMask" storage="d:\sferrari\01 - trabajo\repos\netcore\template-netcore-shared\kitpymes.core.shared.tests\bin\release\netcoreapp3.0\kitpymes.core.shared.tests.dll" id="1237bc5f-42ea-8c7f-8602-051620acda95">
      <Execution id="6ea5495e-862a-41a5-aab2-fe94f88dcce8" />
      <TestMethod codeBase="D:\SFERRARI\01 - TRABAJO\REPOS\netcore\template-netcore-shared\Kitpymes.Core.Shared.Tests\bin\Release\netcoreapp3.0\Kitpymes.Core.Shared.Tests.dll" adapterTypeName="executor://mstestadapter/v2" className="Kitpymes.Core.Shared.Tests.StringExtensionsTests" name="ToEmailMaskUserName_Passing_ValidEmail_Returns_EmailWithMask" />
    </UnitTest>
    <UnitTest name="ToDefaultValue_Passing_byte_Returns_Cero" storage="d:\sferrari\01 - trabajo\repos\netcore\template-netcore-shared\kitpymes.core.shared.tests\bin\release\netcoreapp3.0\kitpymes.core.shared.tests.dll" id="6c59b811-73c0-2540-9661-8c8f2a459ff2">
      <Execution id="bebb7099-93cb-4bd1-86ff-684828464448" />
      <TestMethod codeBase="D:\SFERRARI\01 - TRABAJO\REPOS\netcore\template-netcore-shared\Kitpymes.Core.Shared.Tests\bin\Release\netcoreapp3.0\Kitpymes.Core.Shared.Tests.dll" adapterTypeName="executor://mstestadapter/v2" className="Kitpymes.Core.Shared.Tests.GenericExtensionsTests" name="ToDefaultValue_Passing_byte_Returns_Cero" />
    </UnitTest>
    <UnitTest name="ToCompress_Passing_Value_Bytes_Returns_Value_Bytes" storage="d:\sferrari\01 - trabajo\repos\netcore\template-netcore-shared\kitpymes.core.shared.tests\bin\release\netcoreapp3.0\kitpymes.core.shared.tests.dll" id="7a313c49-8adc-98e3-cdda-86b900f0ade6">
      <Execution id="f8065491-ea2d-47e9-a7ba-75181ca94e39" />
      <TestMethod codeBase="D:\SFERRARI\01 - TRABAJO\REPOS\netcore\template-netcore-shared\Kitpymes.Core.Shared.Tests\bin\Release\netcoreapp3.0\Kitpymes.Core.Shared.Tests.dll" adapterTypeName="executor://mstestadapter/v2" className="Kitpymes.Core.Shared.Tests.BytesExtensionsTests" name="ToCompress_Passing_Value_Bytes_Returns_Value_Bytes" />
    </UnitTest>
    <UnitTest name="ToDirectoryTemporary_Passing_ValidValue_Returns_DirectoryExists" storage="d:\sferrari\01 - trabajo\repos\netcore\template-netcore-shared\kitpymes.core.shared.tests\bin\release\netcoreapp3.0\kitpymes.core.shared.tests.dll" id="65b9b71b-a8d5-2a7d-a8a7-0e3a015e6b68">
      <Execution id="aa274d02-cdf7-4514-8a9b-41d1b0cefb0e" />
      <TestMethod codeBase="D:\SFERRARI\01 - TRABAJO\REPOS\netcore\template-netcore-shared\Kitpymes.Core.Shared.Tests\bin\Release\netcoreapp3.0\Kitpymes.Core.Shared.Tests.dll" adapterTypeName="executor://mstestadapter/v2" className="Kitpymes.Core.Shared.Tests.StringExtensionsTests" name="ToDirectoryTemporary_Passing_ValidValue_Returns_DirectoryExists" />
    </UnitTest>
    <UnitTest name="ToGet_Passing_Claims_Returns_Claim_Value_Object" storage="d:\sferrari\01 - trabajo\repos\netcore\template-netcore-shared\kitpymes.core.shared.tests\bin\release\netcoreapp3.0\kitpymes.core.shared.tests.dll" id="a272f84c-2bd5-daa4-4afe-22346b802f86">
      <Execution id="8d85d550-6363-4443-b5e6-70703c2014d0" />
      <TestMethod codeBase="D:\SFERRARI\01 - TRABAJO\REPOS\netcore\template-netcore-shared\Kitpymes.Core.Shared.Tests\bin\Release\netcoreapp3.0\Kitpymes.Core.Shared.Tests.dll" adapterTypeName="executor://mstestadapter/v2" className="Kitpymes.Core.Shared.Tests.ClaimsPrincipalExtensionsTests" name="ToGet_Passing_Claims_Returns_Claim_Value_Object" />
    </UnitTest>
    <UnitTest name="ToThrowIfNotFoundDirectory_Passing_InvalidValue_Returns_ApplicationExceptionWithMessage" storage="d:\sferrari\01 - trabajo\repos\netcore\template-netcore-shared\kitpymes.core.shared.tests\bin\release\netcoreapp3.0\kitpymes.core.shared.tests.dll" id="688a191d-5b56-481f-5739-c5e4f9181418">
      <Execution id="68936d4b-5a94-45f8-be42-84ac6d8490d8" />
      <TestMethod codeBase="D:\SFERRARI\01 - TRABAJO\REPOS\netcore\template-netcore-shared\Kitpymes.Core.Shared.Tests\bin\Release\netcoreapp3.0\Kitpymes.Core.Shared.Tests.dll" adapterTypeName="executor://mstestadapter/v2" className="Kitpymes.Core.Shared.Tests.CheckExtensionsTests" name="ToThrowIfNotFoundDirectory_Passing_InvalidValue_Returns_ApplicationExceptionWithMessage" />
    </UnitTest>
    <UnitTest name="ToGetAll_Passing_Claims_Returns_Claim_Value_Int_List" storage="d:\sferrari\01 - trabajo\repos\netcore\template-netcore-shared\kitpymes.core.shared.tests\bin\release\netcoreapp3.0\kitpymes.core.shared.tests.dll" id="fa00d2a8-59b9-ad9e-caa1-a0c9e3156db1">
      <Execution id="bfb26e80-b802-4064-a4e7-e2bd1709d468" />
      <TestMethod codeBase="D:\SFERRARI\01 - TRABAJO\REPOS\netcore\template-netcore-shared\Kitpymes.Core.Shared.Tests\bin\Release\netcoreapp3.0\Kitpymes.Core.Shared.Tests.dll" adapterTypeName="executor://mstestadapter/v2" className="Kitpymes.Core.Shared.Tests.ClaimsPrincipalExtensionsTests" name="ToGetAll_Passing_Claims_Returns_Claim_Value_Int_List" />
    </UnitTest>
    <UnitTest name="ToEnvironment_Passing_Service_Not_Found_Returns_ApplicationException" storage="d:\sferrari\01 - trabajo\repos\netcore\template-netcore-shared\kitpymes.core.shared.tests\bin\release\netcoreapp3.0\kitpymes.core.shared.tests.dll" id="7c679bcb-7a59-8751-0063-1ef6e07cb160">
      <Execution id="ed0361f5-326f-48e6-8402-54e29234ed5d" />
      <TestMethod codeBase="D:\SFERRARI\01 - TRABAJO\REPOS\netcore\template-netcore-shared\Kitpymes.Core.Shared.Tests\bin\Release\netcoreapp3.0\Kitpymes.Core.Shared.Tests.dll" adapterTypeName="executor://mstestadapter/v2" className="Kitpymes.Core.Shared.Tests.ApplicationBuilderExtensionsTests" name="ToEnvironment_Passing_Service_Not_Found_Returns_ApplicationException" />
    </UnitTest>
    <UnitTest name="ToInt_Passing_ValidValueString_Returns_Int" storage="d:\sferrari\01 - trabajo\repos\netcore\template-netcore-shared\kitpymes.core.shared.tests\bin\release\netcoreapp3.0\kitpymes.core.shared.tests.dll" id="ae09f98c-257a-b9e5-5b0b-16344b7adf1c">
      <Execution id="f09ecc33-9dd8-4e2d-8d22-00c5f12d97cf" />
      <TestMethod codeBase="D:\SFERRARI\01 - TRABAJO\REPOS\netcore\template-netcore-shared\Kitpymes.Core.Shared.Tests\bin\Release\netcoreapp3.0\Kitpymes.Core.Shared.Tests.dll" adapterTypeName="executor://mstestadapter/v2" className="Kitpymes.Core.Shared.Tests.StringExtensionsTests" name="ToInt_Passing_ValidValueString_Returns_Int" />
    </UnitTest>
    <UnitTest name="ToDefaultValue_Passing_bool_Returns_Cero" storage="d:\sferrari\01 - trabajo\repos\netcore\template-netcore-shared\kitpymes.core.shared.tests\bin\release\netcoreapp3.0\kitpymes.core.shared.tests.dll" id="432377b9-b0ad-9a2a-6dc2-e1069e73c449">
      <Execution id="3b819b70-524d-45a9-ae9e-d3af087f13bb" />
      <TestMethod codeBase="D:\SFERRARI\01 - TRABAJO\REPOS\netcore\template-netcore-shared\Kitpymes.Core.Shared.Tests\bin\Release\netcoreapp3.0\Kitpymes.Core.Shared.Tests.dll" adapterTypeName="executor://mstestadapter/v2" className="Kitpymes.Core.Shared.Tests.GenericExtensionsTests" name="ToDefaultValue_Passing_bool_Returns_Cero" />
    </UnitTest>
    <UnitTest name="ToDefaultValue_Passing_uint_Returns_Cero" storage="d:\sferrari\01 - trabajo\repos\netcore\template-netcore-shared\kitpymes.core.shared.tests\bin\release\netcoreapp3.0\kitpymes.core.shared.tests.dll" id="f828057e-351a-48b7-0028-e57f15c7217e">
      <Execution id="ed4f5cbc-4a59-4232-900a-edf9be89b1af" />
      <TestMethod codeBase="D:\SFERRARI\01 - TRABAJO\REPOS\netcore\template-netcore-shared\Kitpymes.Core.Shared.Tests\bin\Release\netcoreapp3.0\Kitpymes.Core.Shared.Tests.dll" adapterTypeName="executor://mstestadapter/v2" className="Kitpymes.Core.Shared.Tests.GenericExtensionsTests" name="ToDefaultValue_Passing_uint_Returns_Cero" />
    </UnitTest>
    <UnitTest name="IsRange_Passing_InvalidArguments_Returns_HasErrorsAndCount" storage="d:\sferrari\01 - trabajo\repos\netcore\template-netcore-shared\kitpymes.core.shared.tests\bin\release\netcoreapp3.0\kitpymes.core.shared.tests.dll" id="8a5cc6e0-e73e-2131-64bd-e73fc6c2a32e">
      <Execution id="9346310c-ae01-4831-8e94-3083c9e6ec27" />
      <TestMethod codeBase="D:\SFERRARI\01 - TRABAJO\REPOS\netcore\template-netcore-shared\Kitpymes.Core.Shared.Tests\bin\Release\netcoreapp3.0\Kitpymes.Core.Shared.Tests.dll" adapterTypeName="executor://mstestadapter/v2" className="Kitpymes.Core.Shared.Tests.CheckTests" name="IsRange_Passing_InvalidArguments_Returns_HasErrorsAndCount" />
    </UnitTest>
    <UnitTest name="ToMessage_Passing_ExceptionWithMessageWithInnerException_Returns_MessageAndInnerException" storage="d:\sferrari\01 - trabajo\repos\netcore\template-netcore-shared\kitpymes.core.shared.tests\bin\release\netcoreapp3.0\kitpymes.core.shared.tests.dll" id="0d35441f-72fe-a777-509f-6a19632f972a">
      <Execution id="70025d12-315c-4097-839c-0da33ef573f5" />
      <TestMethod codeBase="D:\SFERRARI\01 - TRABAJO\REPOS\netcore\template-netcore-shared\Kitpymes.Core.Shared.Tests\bin\Release\netcoreapp3.0\Kitpymes.Core.Shared.Tests.dll" adapterTypeName="executor://mstestadapter/v2" className="Kitpymes.Core.Shared.Tests.ExceptionExtensionsTests" name="ToMessage_Passing_ExceptionWithMessageWithInnerException_Returns_MessageAndInnerException" />
    </UnitTest>
    <UnitTest name="ToIPv6_Passing_HttpContext_IP_Value_Returns_IP" storage="d:\sferrari\01 - trabajo\repos\netcore\template-netcore-shared\kitpymes.core.shared.tests\bin\release\netcoreapp3.0\kitpymes.core.shared.tests.dll" id="5bee9d0e-89de-7b6d-4317-0a11342b1d29">
      <Execution id="031b69b3-32d1-46a2-aab1-2949186e3aff" />
      <TestMethod codeBase="D:\SFERRARI\01 - TRABAJO\REPOS\netcore\template-netcore-shared\Kitpymes.Core.Shared.Tests\bin\Release\netcoreapp3.0\Kitpymes.Core.Shared.Tests.dll" adapterTypeName="executor://mstestadapter/v2" className="Kitpymes.Core.Shared.Tests.HttpContextExtensionsTests" name="ToIPv6_Passing_HttpContext_IP_Value_Returns_IP" />
    </UnitTest>
    <UnitTest name="ToDefaultValue_Passing_double_Returns_Cero" storage="d:\sferrari\01 - trabajo\repos\netcore\template-netcore-shared\kitpymes.core.shared.tests\bin\release\netcoreapp3.0\kitpymes.core.shared.tests.dll" id="f752d50b-77fa-327a-4493-168161bd27b2">
      <Execution id="242d614b-04e6-4dda-924a-19bfa727afac" />
      <TestMethod codeBase="D:\SFERRARI\01 - TRABAJO\REPOS\netcore\template-netcore-shared\Kitpymes.Core.Shared.Tests\bin\Release\netcoreapp3.0\Kitpymes.Core.Shared.Tests.dll" adapterTypeName="executor://mstestadapter/v2" className="Kitpymes.Core.Shared.Tests.GenericExtensionsTests" name="ToDefaultValue_Passing_double_Returns_Cero" />
    </UnitTest>
    <UnitTest name="IsDirectory_Passing_InvalidArguments_Returns_HasErrorsAndCount" storage="d:\sferrari\01 - trabajo\repos\netcore\template-netcore-shared\kitpymes.core.shared.tests\bin\release\netcoreapp3.0\kitpymes.core.shared.tests.dll" id="ee30e1f9-ce80-c70a-1b56-b7e02750ae26">
      <Execution id="c2ebb526-8d54-4770-bef8-7a46596b4cc7" />
      <TestMethod codeBase="D:\SFERRARI\01 - TRABAJO\REPOS\netcore\template-netcore-shared\Kitpymes.Core.Shared.Tests\bin\Release\netcoreapp3.0\Kitpymes.Core.Shared.Tests.dll" adapterTypeName="executor://mstestadapter/v2" className="Kitpymes.Core.Shared.Tests.CheckTests" name="IsDirectory_Passing_InvalidArguments_Returns_HasErrorsAndCount" />
    </UnitTest>
    <UnitTest name="ToService_Passing_NotFound_Service_Returns_ApplicationException" storage="d:\sferrari\01 - trabajo\repos\netcore\template-netcore-shared\kitpymes.core.shared.tests\bin\release\netcoreapp3.0\kitpymes.core.shared.tests.dll" id="c1b9482d-5008-2226-29f4-9800d3a2b340">
      <Execution id="1cccd104-17ee-486e-8ccb-bf1d58ce753a" />
      <TestMethod codeBase="D:\SFERRARI\01 - TRABAJO\REPOS\netcore\template-netcore-shared\Kitpymes.Core.Shared.Tests\bin\Release\netcoreapp3.0\Kitpymes.Core.Shared.Tests.dll" adapterTypeName="executor://mstestadapter/v2" className="Kitpymes.Core.Shared.Tests.ConfigurationBuilderExtensionsTests" name="ToService_Passing_NotFound_Service_Returns_ApplicationException" />
    </UnitTest>
    <UnitTest name="CreateAndVerifySHA512_Passing_Valid_Arguments_Returns_True" storage="d:\sferrari\01 - trabajo\repos\netcore\template-netcore-shared\kitpymes.core.shared.tests\bin\release\netcoreapp3.0\kitpymes.core.shared.tests.dll" id="6088101f-62c5-69c8-6751-05523b132d06">
      <Execution id="fb4d64a4-c3bc-4fd5-808b-2ae481fbb654" />
      <TestMethod codeBase="D:\SFERRARI\01 - TRABAJO\REPOS\netcore\template-netcore-shared\Kitpymes.Core.Shared.Tests\bin\Release\netcoreapp3.0\Kitpymes.Core.Shared.Tests.dll" adapterTypeName="executor://mstestadapter/v2" className="Kitpymes.Core.Shared.Tests.HashTests" name="CreateAndVerifySHA512_Passing_Valid_Arguments_Returns_True" />
    </UnitTest>
    <UnitTest name="ToTryGetHeader_Passing_HttpRequest_Header_Many_Values_Returns_Values" storage="d:\sferrari\01 - trabajo\repos\netcore\template-netcore-shared\kitpymes.core.shared.tests\bin\release\netcoreapp3.0\kitpymes.core.shared.tests.dll" id="db5f34ff-df7c-44e5-6721-c319db8d6da0">
      <Execution id="1564d02d-36bc-40c4-847a-0b93a81b14e5" />
      <TestMethod codeBase="D:\SFERRARI\01 - TRABAJO\REPOS\netcore\template-netcore-shared\Kitpymes.Core.Shared.Tests\bin\Release\netcoreapp3.0\Kitpymes.Core.Shared.Tests.dll" adapterTypeName="executor://mstestadapter/v2" className="Kitpymes.Core.Shared.Tests.HttpRequestExtensionsTests" name="ToTryGetHeader_Passing_HttpRequest_Header_Many_Values_Returns_Values" />
    </UnitTest>
    <UnitTest name="ToIsAuthenticated_Passing_Claims_Returns_True" storage="d:\sferrari\01 - trabajo\repos\netcore\template-netcore-shared\kitpymes.core.shared.tests\bin\release\netcoreapp3.0\kitpymes.core.shared.tests.dll" id="a75e991f-5e03-3949-85d6-afa1f14455d4">
      <Execution id="2285764c-da11-4615-a2a1-c2fa0b3250c4" />
      <TestMethod codeBase="D:\SFERRARI\01 - TRABAJO\REPOS\netcore\template-netcore-shared\Kitpymes.Core.Shared.Tests\bin\Release\netcoreapp3.0\Kitpymes.Core.Shared.Tests.dll" adapterTypeName="executor://mstestadapter/v2" className="Kitpymes.Core.Shared.Tests.ClaimsPrincipalExtensionsTests" name="ToIsAuthenticated_Passing_Claims_Returns_True" />
    </UnitTest>
    <UnitTest name="ToUserName_Passing_Null_ClaimsPrincipal_Returns_ApplicationException" storage="d:\sferrari\01 - trabajo\repos\netcore\template-netcore-shared\kitpymes.core.shared.tests\bin\release\netcoreapp3.0\kitpymes.core.shared.tests.dll" id="65b9c427-b5ec-99b4-199a-0093cd460501">
      <Execution id="76db1779-4cdf-46b2-af7e-5b1ae69b20fa" />
      <TestMethod codeBase="D:\SFERRARI\01 - TRABAJO\REPOS\netcore\template-netcore-shared\Kitpymes.Core.Shared.Tests\bin\Release\netcoreapp3.0\Kitpymes.Core.Shared.Tests.dll" adapterTypeName="executor://mstestadapter/v2" className="Kitpymes.Core.Shared.Tests.ClaimsPrincipalExtensionsTests" name="ToUserName_Passing_Null_ClaimsPrincipal_Returns_ApplicationException" />
    </UnitTest>
    <UnitTest name="ToUri_Passing_InvalidValueString_Returns_DefaultValue" storage="d:\sferrari\01 - trabajo\repos\netcore\template-netcore-shared\kitpymes.core.shared.tests\bin\release\netcoreapp3.0\kitpymes.core.shared.tests.dll" id="bc15aa99-72de-0e5a-b6e8-2d654659d591">
      <Execution id="d38e5b72-e756-4bbe-99a3-6c91784ace55" />
      <TestMethod codeBase="D:\SFERRARI\01 - TRABAJO\REPOS\netcore\template-netcore-shared\Kitpymes.Core.Shared.Tests\bin\Release\netcoreapp3.0\Kitpymes.Core.Shared.Tests.dll" adapterTypeName="executor://mstestadapter/v2" className="Kitpymes.Core.Shared.Tests.StringExtensionsTests" name="ToUri_Passing_InvalidValueString_Returns_DefaultValue" />
    </UnitTest>
    <UnitTest name="ToRemove_Passing_ValidValue_Returns_ValueWithoutRemovedChars" storage="d:\sferrari\01 - trabajo\repos\netcore\template-netcore-shared\kitpymes.core.shared.tests\bin\release\netcoreapp3.0\kitpymes.core.shared.tests.dll" id="bb347f18-44ab-0d77-d5bd-a671e4c37650">
      <Execution id="c938f12b-f91f-42b6-b31a-b3481fe4cb72" />
      <TestMethod codeBase="D:\SFERRARI\01 - TRABAJO\REPOS\netcore\template-netcore-shared\Kitpymes.Core.Shared.Tests\bin\Release\netcoreapp3.0\Kitpymes.Core.Shared.Tests.dll" adapterTypeName="executor://mstestadapter/v2" className="Kitpymes.Core.Shared.Tests.StringExtensionsTests" name="ToRemove_Passing_ValidValue_Returns_ValueWithoutRemovedChars" />
    </UnitTest>
    <UnitTest name="ToThrowIfNotFound_Passing_InvalidValue_Returns_ApplicationExceptionWithMessage" storage="d:\sferrari\01 - trabajo\repos\netcore\template-netcore-shared\kitpymes.core.shared.tests\bin\release\netcoreapp3.0\kitpymes.core.shared.tests.dll" id="a1bc7e0c-887e-9227-4221-29241607dc12">
      <Execution id="4bc96bb2-aafb-42fb-ad95-173285a5896f" />
      <TestMethod codeBase="D:\SFERRARI\01 - TRABAJO\REPOS\netcore\template-netcore-shared\Kitpymes.Core.Shared.Tests\bin\Release\netcoreapp3.0\Kitpymes.Core.Shared.Tests.dll" adapterTypeName="executor://mstestadapter/v2" className="Kitpymes.Core.Shared.Tests.CheckExtensionsTests" name="ToThrowIfNotFound_Passing_InvalidValue_Returns_ApplicationExceptionWithMessage" />
    </UnitTest>
    <UnitTest name="ToEmailMaskUserNameAndDomainAndExtension_Passing_ValidEmail_Returns_EmailWithMask" storage="d:\sferrari\01 - trabajo\repos\netcore\template-netcore-shared\kitpymes.core.shared.tests\bin\release\netcoreapp3.0\kitpymes.core.shared.tests.dll" id="1f6423c7-4317-6f5b-c112-f4c9c7e822af">
      <Execution id="a729f4e3-2155-4387-bfbc-c1e4b71d4a39" />
      <TestMethod codeBase="D:\SFERRARI\01 - TRABAJO\REPOS\netcore\template-netcore-shared\Kitpymes.Core.Shared.Tests\bin\Release\netcoreapp3.0\Kitpymes.Core.Shared.Tests.dll" adapterTypeName="executor://mstestadapter/v2" className="Kitpymes.Core.Shared.Tests.StringExtensionsTests" name="ToEmailMaskUserNameAndDomainAndExtension_Passing_ValidEmail_Returns_EmailWithMask" />
    </UnitTest>
    <UnitTest name="ToHashAlgorithmName_Passing_InvalidValueString_Returns_Null" storage="d:\sferrari\01 - trabajo\repos\netcore\template-netcore-shared\kitpymes.core.shared.tests\bin\release\netcoreapp3.0\kitpymes.core.shared.tests.dll" id="1b969e76-d97c-c639-c377-a41796fbb2c3">
      <Execution id="02341c10-d423-4633-8230-2ea45e9c99ad" />
      <TestMethod codeBase="D:\SFERRARI\01 - TRABAJO\REPOS\netcore\template-netcore-shared\Kitpymes.Core.Shared.Tests\bin\Release\netcoreapp3.0\Kitpymes.Core.Shared.Tests.dll" adapterTypeName="executor://mstestadapter/v2" className="Kitpymes.Core.Shared.Tests.StringExtensionsTests" name="ToHashAlgorithmName_Passing_InvalidValueString_Returns_Null" />
    </UnitTest>
    <UnitTest name="ToBytes_Passing_Object_Returns_Bytes" storage="d:\sferrari\01 - trabajo\repos\netcore\template-netcore-shared\kitpymes.core.shared.tests\bin\release\netcoreapp3.0\kitpymes.core.shared.tests.dll" id="118e36ba-6572-1245-e05b-9bcc7b4e5e20">
      <Execution id="f3ffdde4-e758-45c0-aabb-f2995719f1f2" />
      <TestMethod codeBase="D:\SFERRARI\01 - TRABAJO\REPOS\netcore\template-netcore-shared\Kitpymes.Core.Shared.Tests\bin\Release\netcoreapp3.0\Kitpymes.Core.Shared.Tests.dll" adapterTypeName="executor://mstestadapter/v2" className="Kitpymes.Core.Shared.Tests.GenericExtensionsTests" name="ToBytes_Passing_Object_Returns_Bytes" />
    </UnitTest>
    <UnitTest name="ToEmailMaskUserNameAndDomain_Passing_ValidEmail_Returns_EmailWithMask" storage="d:\sferrari\01 - trabajo\repos\netcore\template-netcore-shared\kitpymes.core.shared.tests\bin\release\netcoreapp3.0\kitpymes.core.shared.tests.dll" id="e8138724-52f6-6999-ada4-cbc441f2cd15">
      <Execution id="400149b7-3048-469e-ab6e-308c4d6ce9bf" />
      <TestMethod codeBase="D:\SFERRARI\01 - TRABAJO\REPOS\netcore\template-netcore-shared\Kitpymes.Core.Shared.Tests\bin\Release\netcoreapp3.0\Kitpymes.Core.Shared.Tests.dll" adapterTypeName="executor://mstestadapter/v2" className="Kitpymes.Core.Shared.Tests.StringExtensionsTests" name="ToEmailMaskUserNameAndDomain_Passing_ValidEmail_Returns_EmailWithMask" />
    </UnitTest>
    <UnitTest name="ToMapClone_Passing_Source_Returns_New_Source_Object" storage="d:\sferrari\01 - trabajo\repos\netcore\template-netcore-shared\kitpymes.core.shared.tests\bin\release\netcoreapp3.0\kitpymes.core.shared.tests.dll" id="27cc1a96-8264-8762-05bc-aa63ccb155d7">
      <Execution id="a9f56f0f-a439-4d4b-820d-45421dcd7b8a" />
      <TestMethod codeBase="D:\SFERRARI\01 - TRABAJO\REPOS\netcore\template-netcore-shared\Kitpymes.Core.Shared.Tests\bin\Release\netcoreapp3.0\Kitpymes.Core.Shared.Tests.dll" adapterTypeName="executor://mstestadapter/v2" className="Kitpymes.Core.Shared.Tests.AgileMapperExtensionsTests" name="ToMapClone_Passing_Source_Returns_New_Source_Object" />
    </UnitTest>
    <UnitTest name="IsLess_Passing_InvalidArguments_Returns_HasErrorsAndCount" storage="d:\sferrari\01 - trabajo\repos\netcore\template-netcore-shared\kitpymes.core.shared.tests\bin\release\netcoreapp3.0\kitpymes.core.shared.tests.dll" id="4d9bde6c-668c-a1d3-dc60-edcfc6a4082c">
      <Execution id="673521c3-9d94-40e9-968e-026b7866d874" />
      <TestMethod codeBase="D:\SFERRARI\01 - TRABAJO\REPOS\netcore\template-netcore-shared\Kitpymes.Core.Shared.Tests\bin\Release\netcoreapp3.0\Kitpymes.Core.Shared.Tests.dll" adapterTypeName="executor://mstestadapter/v2" className="Kitpymes.Core.Shared.Tests.CheckTests" name="IsLess_Passing_InvalidArguments_Returns_HasErrorsAndCount" />
    </UnitTest>
    <UnitTest name="ToEmailMask_Passing_ValidEmail_Returns_EmailWithMask" storage="d:\sferrari\01 - trabajo\repos\netcore\template-netcore-shared\kitpymes.core.shared.tests\bin\release\netcoreapp3.0\kitpymes.core.shared.tests.dll" id="98331ff8-6ed1-e7ba-c8dd-be5bd5b6cb2c">
      <Execution id="21a46bc8-37f9-4626-94c9-d7b1a90a1fa0" />
      <TestMethod codeBase="D:\SFERRARI\01 - TRABAJO\REPOS\netcore\template-netcore-shared\Kitpymes.Core.Shared.Tests\bin\Release\netcoreapp3.0\Kitpymes.Core.Shared.Tests.dll" adapterTypeName="executor://mstestadapter/v2" className="Kitpymes.Core.Shared.Tests.StringExtensionsTests" name="ToEmailMask_Passing_ValidEmail_Returns_EmailWithMask" />
    </UnitTest>
    <UnitTest name="ToSubdomain_Passing_HttpRequest_Host_Returns_Subdomain" storage="d:\sferrari\01 - trabajo\repos\netcore\template-netcore-shared\kitpymes.core.shared.tests\bin\release\netcoreapp3.0\kitpymes.core.shared.tests.dll" id="e9b23f0c-0cde-4603-1739-ee642fd33c36">
      <Execution id="e37191ed-c04c-4964-91a2-d535f32acc58" />
      <TestMethod codeBase="D:\SFERRARI\01 - TRABAJO\REPOS\netcore\template-netcore-shared\Kitpymes.Core.Shared.Tests\bin\Release\netcoreapp3.0\Kitpymes.Core.Shared.Tests.dll" adapterTypeName="executor://mstestadapter/v2" className="Kitpymes.Core.Shared.Tests.HttpRequestExtensionsTests" name="ToSubdomain_Passing_HttpRequest_Host_Returns_Subdomain" />
    </UnitTest>
    <UnitTest name="IsNullOrAny_Passing_InvalidArguments_Returns_HasErrorsAndCount" storage="d:\sferrari\01 - trabajo\repos\netcore\template-netcore-shared\kitpymes.core.shared.tests\bin\release\netcoreapp3.0\kitpymes.core.shared.tests.dll" id="922c5a5d-5d46-b5de-bcbd-4fac0addd422">
      <Execution id="b196ca6a-6326-4bbf-ac12-b9178f0b2462" />
      <TestMethod codeBase="D:\SFERRARI\01 - TRABAJO\REPOS\netcore\template-netcore-shared\Kitpymes.Core.Shared.Tests\bin\Release\netcoreapp3.0\Kitpymes.Core.Shared.Tests.dll" adapterTypeName="executor://mstestadapter/v2" className="Kitpymes.Core.Shared.Tests.CheckTests" name="IsNullOrAny_Passing_InvalidArguments_Returns_HasErrorsAndCount" />
    </UnitTest>
    <UnitTest name="ToIsLastDayOfTheMonth_Passing_NotLastDayOfMonth_Returns_False" storage="d:\sferrari\01 - trabajo\repos\netcore\template-netcore-shared\kitpymes.core.shared.tests\bin\release\netcoreapp3.0\kitpymes.core.shared.tests.dll" id="3443f7f5-ee1a-f375-e5b1-f7ffa940c0db">
      <Execution id="43c447b1-badf-4bfd-b701-b415a5f1d241" />
      <TestMethod codeBase="D:\SFERRARI\01 - TRABAJO\REPOS\netcore\template-netcore-shared\Kitpymes.Core.Shared.Tests\bin\Release\netcoreapp3.0\Kitpymes.Core.Shared.Tests.dll" adapterTypeName="executor://mstestadapter/v2" className="Kitpymes.Core.Shared.Tests.DateTimeExtensionsTests" name="ToIsLastDayOfTheMonth_Passing_NotLastDayOfMonth_Returns_False" />
    </UnitTest>
    <UnitTest name="ToExists_Passing_Valid_Service_Returns_True" storage="d:\sferrari\01 - trabajo\repos\netcore\template-netcore-shared\kitpymes.core.shared.tests\bin\release\netcoreapp3.0\kitpymes.core.shared.tests.dll" id="64bc1554-814c-3c40-a6b0-679b40b89c36">
      <Execution id="b8e06aab-7727-436d-81c2-2bfa361d5381" />
      <TestMethod codeBase="D:\SFERRARI\01 - TRABAJO\REPOS\netcore\template-netcore-shared\Kitpymes.Core.Shared.Tests\bin\Release\netcoreapp3.0\Kitpymes.Core.Shared.Tests.dll" adapterTypeName="executor://mstestadapter/v2" className="Kitpymes.Core.Shared.Tests.ApplicationBuilderExtensionsTests" name="ToExists_Passing_Valid_Service_Returns_True" />
    </UnitTest>
    <UnitTest name="ToList_Passing_ValidEnumType_Returns_ValuesList" storage="d:\sferrari\01 - trabajo\repos\netcore\template-netcore-shared\kitpymes.core.shared.tests\bin\release\netcoreapp3.0\kitpymes.core.shared.tests.dll" id="a6625fb0-1b80-148b-87dc-9cf616e5e84d">
      <Execution id="59cb0791-e65b-4b37-a808-d9fe0bc7e49f" />
      <TestMethod codeBase="D:\SFERRARI\01 - TRABAJO\REPOS\netcore\template-netcore-shared\Kitpymes.Core.Shared.Tests\bin\Release\netcoreapp3.0\Kitpymes.Core.Shared.Tests.dll" adapterTypeName="executor://mstestadapter/v2" className="Kitpymes.Core.Shared.Tests.EnumsTests" name="ToList_Passing_ValidEnumType_Returns_ValuesList" />
    </UnitTest>
    <UnitTest name="ToDirectoryDeleteFiles_Passing_ValidValue_Returns_DirectoryNoExists" storage="d:\sferrari\01 - trabajo\repos\netcore\template-netcore-shared\kitpymes.core.shared.tests\bin\release\netcoreapp3.0\kitpymes.core.shared.tests.dll" id="7f0aeefe-ba4a-5404-c6f8-82be67718cc4">
      <Execution id="b1def64e-fd56-4cbb-818b-a57882e3a46c" />
      <TestMethod codeBase="D:\SFERRARI\01 - TRABAJO\REPOS\netcore\template-netcore-shared\Kitpymes.Core.Shared.Tests\bin\Release\netcoreapp3.0\Kitpymes.Core.Shared.Tests.dll" adapterTypeName="executor://mstestadapter/v2" className="Kitpymes.Core.Shared.Tests.StringExtensionsTests" name="ToDirectoryDeleteFiles_Passing_ValidValue_Returns_DirectoryNoExists" />
    </UnitTest>
    <UnitTest name="ToAssembly_Passing_ValidValueAssemblyString_Returns_Assembly" storage="d:\sferrari\01 - trabajo\repos\netcore\template-netcore-shared\kitpymes.core.shared.tests\bin\release\netcoreapp3.0\kitpymes.core.shared.tests.dll" id="3721d3c1-7c03-ad84-143f-64bfeb5b314e">
      <Execution id="e233db14-0634-4bbd-8245-7d7c89d3b894" />
      <TestMethod codeBase="D:\SFERRARI\01 - TRABAJO\REPOS\netcore\template-netcore-shared\Kitpymes.Core.Shared.Tests\bin\Release\netcoreapp3.0\Kitpymes.Core.Shared.Tests.dll" adapterTypeName="executor://mstestadapter/v2" className="Kitpymes.Core.Shared.Tests.StringExtensionsTests" name="ToAssembly_Passing_ValidValueAssemblyString_Returns_Assembly" />
    </UnitTest>
    <UnitTest name="ToSetTime_Passing_Time_Int_Returns_DateTime" storage="d:\sferrari\01 - trabajo\repos\netcore\template-netcore-shared\kitpymes.core.shared.tests\bin\release\netcoreapp3.0\kitpymes.core.shared.tests.dll" id="1761ee10-7c34-b565-b889-1885bffe91c3">
      <Execution id="9a74f226-8fe6-41b1-93b0-4f3a5232d65d" />
      <TestMethod codeBase="D:\SFERRARI\01 - TRABAJO\REPOS\netcore\template-netcore-shared\Kitpymes.Core.Shared.Tests\bin\Release\netcoreapp3.0\Kitpymes.Core.Shared.Tests.dll" adapterTypeName="executor://mstestadapter/v2" className="Kitpymes.Core.Shared.Tests.DateTimeExtensionsTests" name="ToSetTime_Passing_Time_Int_Returns_DateTime" />
    </UnitTest>
    <UnitTest name="ToTryContentType_Passing_HttpRequestWithContentType_Value_Returns_ContentType_String_Value" storage="d:\sferrari\01 - trabajo\repos\netcore\template-netcore-shared\kitpymes.core.shared.tests\bin\release\netcoreapp3.0\kitpymes.core.shared.tests.dll" id="a03675ec-665e-f4d5-4630-89e50dac0bfb">
      <Execution id="4587ea52-538a-4220-9350-b34b02161a33" />
      <TestMethod codeBase="D:\SFERRARI\01 - TRABAJO\REPOS\netcore\template-netcore-shared\Kitpymes.Core.Shared.Tests\bin\Release\netcoreapp3.0\Kitpymes.Core.Shared.Tests.dll" adapterTypeName="executor://mstestadapter/v2" className="Kitpymes.Core.Shared.Tests.HttpRequestExtensionsTests" name="ToTryContentType_Passing_HttpRequestWithContentType_Value_Returns_ContentType_String_Value" />
    </UnitTest>
    <UnitTest name="ToInt_Passing_Enumeration_Name_Returns_Value" storage="d:\sferrari\01 - trabajo\repos\netcore\template-netcore-shared\kitpymes.core.shared.tests\bin\release\netcoreapp3.0\kitpymes.core.shared.tests.dll" id="4e1a5879-f3c8-4fdb-51d0-c4cf0a35e0bf">
      <Execution id="7c5a6b98-3d81-4ab9-a1a0-594bc91020e6" />
      <TestMethod codeBase="D:\SFERRARI\01 - TRABAJO\REPOS\netcore\template-netcore-shared\Kitpymes.Core.Shared.Tests\bin\Release\netcoreapp3.0\Kitpymes.Core.Shared.Tests.dll" adapterTypeName="executor://mstestadapter/v2" className="Kitpymes.Core.Shared.Tests.EnumExtensionsTests" name="ToInt_Passing_Enumeration_Name_Returns_Value" />
    </UnitTest>
    <UnitTest name="IsRegex_Passing_InvalidArguments_Returns_HasErrorsAndCount" storage="d:\sferrari\01 - trabajo\repos\netcore\template-netcore-shared\kitpymes.core.shared.tests\bin\release\netcoreapp3.0\kitpymes.core.shared.tests.dll" id="78100b1f-11c5-b9a9-157c-80c938e7669a">
      <Execution id="912bd0f1-e328-4187-beda-ebff5252846d" />
      <TestMethod codeBase="D:\SFERRARI\01 - TRABAJO\REPOS\netcore\template-netcore-shared\Kitpymes.Core.Shared.Tests\bin\Release\netcoreapp3.0\Kitpymes.Core.Shared.Tests.dll" adapterTypeName="executor://mstestadapter/v2" className="Kitpymes.Core.Shared.Tests.CheckTests" name="IsRegex_Passing_InvalidArguments_Returns_HasErrorsAndCount" />
    </UnitTest>
    <UnitTest name="ToDisplay_Passing_Enumeration_Name_Returns_Display_Atributte" storage="d:\sferrari\01 - trabajo\repos\netcore\template-netcore-shared\kitpymes.core.shared.tests\bin\release\netcoreapp3.0\kitpymes.core.shared.tests.dll" id="d6d04f4a-9142-b816-d673-c4abf49a39ad">
      <Execution id="78421103-a696-4c27-972b-aafc00409eab" />
      <TestMethod codeBase="D:\SFERRARI\01 - TRABAJO\REPOS\netcore\template-netcore-shared\Kitpymes.Core.Shared.Tests\bin\Release\netcoreapp3.0\Kitpymes.Core.Shared.Tests.dll" adapterTypeName="executor://mstestadapter/v2" className="Kitpymes.Core.Shared.Tests.EnumExtensionsTests" name="ToDisplay_Passing_Enumeration_Name_Returns_Display_Atributte" />
    </UnitTest>
    <UnitTest name="ToSerialize_Passing_Objects_Returns_String_Values" storage="d:\sferrari\01 - trabajo\repos\netcore\template-netcore-shared\kitpymes.core.shared.tests\bin\release\netcoreapp3.0\kitpymes.core.shared.tests.dll" id="87c5dbd3-fd2a-1e49-42e5-8dc78affc8d6">
      <Execution id="f3d7d421-d8b3-4d32-bdff-f857067d9dfe" />
      <TestMethod codeBase="D:\SFERRARI\01 - TRABAJO\REPOS\netcore\template-netcore-shared\Kitpymes.Core.Shared.Tests\bin\Release\netcoreapp3.0\Kitpymes.Core.Shared.Tests.dll" adapterTypeName="executor://mstestadapter/v2" className="Kitpymes.Core.Shared.Tests.JsonExtensionsTests" name="ToSerialize_Passing_Objects_Returns_String_Values" />
    </UnitTest>
    <UnitTest name="IsSubdomain_Passing_InvalidArguments_Returns_HasErrorsAndCount" storage="d:\sferrari\01 - trabajo\repos\netcore\template-netcore-shared\kitpymes.core.shared.tests\bin\release\netcoreapp3.0\kitpymes.core.shared.tests.dll" id="f2debf4a-2a42-7b0b-1005-8f74a6fc63cb">
      <Execution id="72e217f5-f1cc-4aaf-bf62-4e8bf6d0eed1" />
      <TestMethod codeBase="D:\SFERRARI\01 - TRABAJO\REPOS\netcore\template-netcore-shared\Kitpymes.Core.Shared.Tests\bin\Release\netcoreapp3.0\Kitpymes.Core.Shared.Tests.dll" adapterTypeName="executor://mstestadapter/v2" className="Kitpymes.Core.Shared.Tests.CheckTests" name="IsSubdomain_Passing_InvalidArguments_Returns_HasErrorsAndCount" />
    </UnitTest>
    <UnitTest name="ToConfiguration_Passing_Valid_DirectoryPath_Valid_JsonFileName_Returns_Ok" storage="d:\sferrari\01 - trabajo\repos\netcore\template-netcore-shared\kitpymes.core.shared.tests\bin\release\netcoreapp3.0\kitpymes.core.shared.tests.dll" id="9064672f-1220-7bc0-f2b0-c66c74cccc5e">
      <Execution id="8a3ccb6d-e8c8-4c80-9086-7dd0d0321c0d" />
      <TestMethod codeBase="D:\SFERRARI\01 - TRABAJO\REPOS\netcore\template-netcore-shared\Kitpymes.Core.Shared.Tests\bin\Release\netcoreapp3.0\Kitpymes.Core.Shared.Tests.dll" adapterTypeName="executor://mstestadapter/v2" className="Kitpymes.Core.Shared.Tests.ConfigurationBuilderExtensionsTests" name="ToConfiguration_Passing_Valid_DirectoryPath_Valid_JsonFileName_Returns_Ok" />
    </UnitTest>
    <UnitTest name="ToPath_Passing_HttpRequest_Scheme_Host_Path_Returns_Url" storage="d:\sferrari\01 - trabajo\repos\netcore\template-netcore-shared\kitpymes.core.shared.tests\bin\release\netcoreapp3.0\kitpymes.core.shared.tests.dll" id="5385d994-9594-6052-11cb-73f8d2344981">
      <Execution id="e5b7a211-7e31-402b-926e-b7b3b55646fd" />
      <TestMethod codeBase="D:\SFERRARI\01 - TRABAJO\REPOS\netcore\template-netcore-shared\Kitpymes.Core.Shared.Tests\bin\Release\netcoreapp3.0\Kitpymes.Core.Shared.Tests.dll" adapterTypeName="executor://mstestadapter/v2" className="Kitpymes.Core.Shared.Tests.HttpRequestExtensionsTests" name="ToPath_Passing_HttpRequest_Scheme_Host_Path_Returns_Url" />
    </UnitTest>
    <UnitTest name="ToService_Passing_Service_Not_Found_Returns_Null" storage="d:\sferrari\01 - trabajo\repos\netcore\template-netcore-shared\kitpymes.core.shared.tests\bin\release\netcoreapp3.0\kitpymes.core.shared.tests.dll" id="3f0bf65d-a3af-41bf-ac79-126a0efc4fd4">
      <Execution id="10a4c9c5-392a-4d0e-a1c3-9bab7d623126" />
      <TestMethod codeBase="D:\SFERRARI\01 - TRABAJO\REPOS\netcore\template-netcore-shared\Kitpymes.Core.Shared.Tests\bin\Release\netcoreapp3.0\Kitpymes.Core.Shared.Tests.dll" adapterTypeName="executor://mstestadapter/v2" className="Kitpymes.Core.Shared.Tests.ApplicationBuilderExtensionsTests" name="ToService_Passing_Service_Not_Found_Returns_Null" />
    </UnitTest>
    <UnitTest name="ToGetAll_Passing_Claims_Returns_Claim_Value_Object_List" storage="d:\sferrari\01 - trabajo\repos\netcore\template-netcore-shared\kitpymes.core.shared.tests\bin\release\netcoreapp3.0\kitpymes.core.shared.tests.dll" id="2e87c537-4979-f58b-6e83-f3d4ee161ff1">
      <Execution id="dc3489fa-ee1b-4b6d-8f80-00661ae07011" />
      <TestMethod codeBase="D:\SFERRARI\01 - TRABAJO\REPOS\netcore\template-netcore-shared\Kitpymes.Core.Shared.Tests\bin\Release\netcoreapp3.0\Kitpymes.Core.Shared.Tests.dll" adapterTypeName="executor://mstestadapter/v2" className="Kitpymes.Core.Shared.Tests.ClaimsPrincipalExtensionsTests" name="ToGetAll_Passing_Claims_Returns_Claim_Value_Object_List" />
    </UnitTest>
    <UnitTest name="ToPaged_Passing_Name_Descending_Order_Returns_Filter_List" storage="d:\sferrari\01 - trabajo\repos\netcore\template-netcore-shared\kitpymes.core.shared.tests\bin\release\netcoreapp3.0\kitpymes.core.shared.tests.dll" id="0b00f09d-f7e4-fb1e-68ad-8102cf6143e0">
      <Execution id="8e1ca164-4b82-4db3-a8d8-3da80ac5ee80" />
      <TestMethod codeBase="D:\SFERRARI\01 - TRABAJO\REPOS\netcore\template-netcore-shared\Kitpymes.Core.Shared.Tests\bin\Release\netcoreapp3.0\Kitpymes.Core.Shared.Tests.dll" adapterTypeName="executor://mstestadapter/v2" className="Kitpymes.Core.Shared.Tests.QueryableExtensionsTests" name="ToPaged_Passing_Name_Descending_Order_Returns_Filter_List" />
    </UnitTest>
    <UnitTest name="ToList_Passing_ValidEnumTypeWithResourceType_Returns_ValuesList" storage="d:\sferrari\01 - trabajo\repos\netcore\template-netcore-shared\kitpymes.core.shared.tests\bin\release\netcoreapp3.0\kitpymes.core.shared.tests.dll" id="aaa46586-7b83-9a88-e835-ae92592f98a3">
      <Execution id="36965853-a0b2-4be3-8ca8-4171d7958985" />
      <TestMethod codeBase="D:\SFERRARI\01 - TRABAJO\REPOS\netcore\template-netcore-shared\Kitpymes.Core.Shared.Tests\bin\Release\netcoreapp3.0\Kitpymes.Core.Shared.Tests.dll" adapterTypeName="executor://mstestadapter/v2" className="Kitpymes.Core.Shared.Tests.EnumsTests" name="ToList_Passing_ValidEnumTypeWithResourceType_Returns_ValuesList" />
    </UnitTest>
    <UnitTest name="CreateAndVerifySHA256_Passing_Valid_Arguments_Returns_True" storage="d:\sferrari\01 - trabajo\repos\netcore\template-netcore-shared\kitpymes.core.shared.tests\bin\release\netcoreapp3.0\kitpymes.core.shared.tests.dll" id="cf950ab2-9fe4-ec30-43b4-2f3a99b5167d">
      <Execution id="712e742b-9c51-4be7-b77f-a86228fad2e8" />
      <TestMethod codeBase="D:\SFERRARI\01 - TRABAJO\REPOS\netcore\template-netcore-shared\Kitpymes.Core.Shared.Tests\bin\Release\netcoreapp3.0\Kitpymes.Core.Shared.Tests.dll" adapterTypeName="executor://mstestadapter/v2" className="Kitpymes.Core.Shared.Tests.HashTests" name="CreateAndVerifySHA256_Passing_Valid_Arguments_Returns_True" />
    </UnitTest>
    <UnitTest name="ToDefaultValue_Passing_ushort_Returns_Cero" storage="d:\sferrari\01 - trabajo\repos\netcore\template-netcore-shared\kitpymes.core.shared.tests\bin\release\netcoreapp3.0\kitpymes.core.shared.tests.dll" id="47f3e733-f069-b79f-9f6d-7c11fc368663">
      <Execution id="5324c254-6a5d-4f79-b5f5-6fbe9905c29e" />
      <TestMethod codeBase="D:\SFERRARI\01 - TRABAJO\REPOS\netcore\template-netcore-shared\Kitpymes.Core.Shared.Tests\bin\Release\netcoreapp3.0\Kitpymes.Core.Shared.Tests.dll" adapterTypeName="executor://mstestadapter/v2" className="Kitpymes.Core.Shared.Tests.GenericExtensionsTests" name="ToDefaultValue_Passing_ushort_Returns_Cero" />
    </UnitTest>
    <UnitTest name="ToEndOfTheMonth_Passing_DateTime_Returns_End_Of_Month_DateTime" storage="d:\sferrari\01 - trabajo\repos\netcore\template-netcore-shared\kitpymes.core.shared.tests\bin\release\netcoreapp3.0\kitpymes.core.shared.tests.dll" id="a4956cd8-34a7-6fca-5b71-6eb98cedd9b0">
      <Execution id="01e16467-6932-4035-926f-631ae8b88e59" />
      <TestMethod codeBase="D:\SFERRARI\01 - TRABAJO\REPOS\netcore\template-netcore-shared\Kitpymes.Core.Shared.Tests\bin\Release\netcoreapp3.0\Kitpymes.Core.Shared.Tests.dll" adapterTypeName="executor://mstestadapter/v2" className="Kitpymes.Core.Shared.Tests.DateTimeExtensionsTests" name="ToEndOfTheMonth_Passing_DateTime_Returns_End_Of_Month_DateTime" />
    </UnitTest>
    <UnitTest name="ToYesterday_Passing_DateTime_Returns_Yesterday_DateTime" storage="d:\sferrari\01 - trabajo\repos\netcore\template-netcore-shared\kitpymes.core.shared.tests\bin\release\netcoreapp3.0\kitpymes.core.shared.tests.dll" id="33545399-79af-5e7f-5179-57fe5645f4be">
      <Execution id="38092dc4-ff6e-4094-87cd-c51183552098" />
      <TestMethod codeBase="D:\SFERRARI\01 - TRABAJO\REPOS\netcore\template-netcore-shared\Kitpymes.Core.Shared.Tests\bin\Release\netcoreapp3.0\Kitpymes.Core.Shared.Tests.dll" adapterTypeName="executor://mstestadapter/v2" className="Kitpymes.Core.Shared.Tests.DateTimeExtensionsTests" name="ToYesterday_Passing_DateTime_Returns_Yesterday_DateTime" />
    </UnitTest>
    <UnitTest name="ToIsWeekend_Passing_Sunday_DateTime_Returns_True" storage="d:\sferrari\01 - trabajo\repos\netcore\template-netcore-shared\kitpymes.core.shared.tests\bin\release\netcoreapp3.0\kitpymes.core.shared.tests.dll" id="c8fd6d3c-b723-929b-f175-dbdc2a7be855">
      <Execution id="e9b1ebc1-8b79-47ae-93b1-c1707638f6a0" />
      <TestMethod codeBase="D:\SFERRARI\01 - TRABAJO\REPOS\netcore\template-netcore-shared\Kitpymes.Core.Shared.Tests\bin\Release\netcoreapp3.0\Kitpymes.Core.Shared.Tests.dll" adapterTypeName="executor://mstestadapter/v2" className="Kitpymes.Core.Shared.Tests.DateTimeExtensionsTests" name="ToIsWeekend_Passing_Sunday_DateTime_Returns_True" />
    </UnitTest>
    <UnitTest name="ToHasErrors_Passing_InvalidValue_Returns_ApplicationExceptionWithMessage" storage="d:\sferrari\01 - trabajo\repos\netcore\template-netcore-shared\kitpymes.core.shared.tests\bin\release\netcoreapp3.0\kitpymes.core.shared.tests.dll" id="1340b308-d9eb-a26e-e042-04d6c1d9a958">
      <Execution id="64d3f498-7950-4d64-bb94-124246c30abc" />
      <TestMethod codeBase="D:\SFERRARI\01 - TRABAJO\REPOS\netcore\template-netcore-shared\Kitpymes.Core.Shared.Tests\bin\Release\netcoreapp3.0\Kitpymes.Core.Shared.Tests.dll" adapterTypeName="executor://mstestadapter/v2" className="Kitpymes.Core.Shared.Tests.CheckExtensionsTests" name="ToHasErrors_Passing_InvalidValue_Returns_ApplicationExceptionWithMessage" />
    </UnitTest>
    <UnitTest name="ToAttribute_Passing_Enumeration_Name_Returns_Atributte" storage="d:\sferrari\01 - trabajo\repos\netcore\template-netcore-shared\kitpymes.core.shared.tests\bin\release\netcoreapp3.0\kitpymes.core.shared.tests.dll" id="320700ce-aa3b-5818-fb18-706cf7605472">
      <Execution id="81190b86-cd5a-4dde-b06e-bfe0428cc095" />
      <TestMethod codeBase="D:\SFERRARI\01 - TRABAJO\REPOS\netcore\template-netcore-shared\Kitpymes.Core.Shared.Tests\bin\Release\netcoreapp3.0\Kitpymes.Core.Shared.Tests.dll" adapterTypeName="executor://mstestadapter/v2" className="Kitpymes.Core.Shared.Tests.EnumExtensionsTests" name="ToAttribute_Passing_Enumeration_Name_Returns_Atributte" />
    </UnitTest>
    <UnitTest name="IsName_Passing_InvalidArguments_Returns_HasErrorsAndCount" storage="d:\sferrari\01 - trabajo\repos\netcore\template-netcore-shared\kitpymes.core.shared.tests\bin\release\netcoreapp3.0\kitpymes.core.shared.tests.dll" id="9eeef095-29ed-4872-a36c-ca4832350421">
      <Execution id="643b53e4-8d35-4b66-bce9-abb26a1bc0c3" />
      <TestMethod codeBase="D:\SFERRARI\01 - TRABAJO\REPOS\netcore\template-netcore-shared\Kitpymes.Core.Shared.Tests\bin\Release\netcoreapp3.0\Kitpymes.Core.Shared.Tests.dll" adapterTypeName="executor://mstestadapter/v2" className="Kitpymes.Core.Shared.Tests.CheckTests" name="IsName_Passing_InvalidArguments_Returns_HasErrorsAndCount" />
    </UnitTest>
    <UnitTest name="ToCompress_Passing_Object_Bytes_Returns_Object" storage="d:\sferrari\01 - trabajo\repos\netcore\template-netcore-shared\kitpymes.core.shared.tests\bin\release\netcoreapp3.0\kitpymes.core.shared.tests.dll" id="8a110a46-40a4-c9bb-083e-1c3fcb5b45b7">
      <Execution id="725d0b0b-8606-4ed3-87b7-7ecbdace8928" />
      <TestMethod codeBase="D:\SFERRARI\01 - TRABAJO\REPOS\netcore\template-netcore-shared\Kitpymes.Core.Shared.Tests\bin\Release\netcoreapp3.0\Kitpymes.Core.Shared.Tests.dll" adapterTypeName="executor://mstestadapter/v2" className="Kitpymes.Core.Shared.Tests.BytesExtensionsTests" name="ToCompress_Passing_Object_Bytes_Returns_Object" />
    </UnitTest>
    <UnitTest name="ToDefaultValue_Passing_ValidBoolean_Returns_DefaultValue" storage="d:\sferrari\01 - trabajo\repos\netcore\template-netcore-shared\kitpymes.core.shared.tests\bin\release\netcoreapp3.0\kitpymes.core.shared.tests.dll" id="a95f665c-aa8d-208d-902c-60a464250c99">
      <Execution id="ced0740f-bae6-4b52-a71e-62484fa64fc7" />
      <TestMethod codeBase="D:\SFERRARI\01 - TRABAJO\REPOS\netcore\template-netcore-shared\Kitpymes.Core.Shared.Tests\bin\Release\netcoreapp3.0\Kitpymes.Core.Shared.Tests.dll" adapterTypeName="executor://mstestadapter/v2" className="Kitpymes.Core.Shared.Tests.TypeExtensionsTests" name="ToDefaultValue_Passing_ValidBoolean_Returns_DefaultValue" />
    </UnitTest>
    <UnitTest name="IsNullOrEmpty_Passing_InvalidArguments_Returns_HasErrorsAndCount" storage="d:\sferrari\01 - trabajo\repos\netcore\template-netcore-shared\kitpymes.core.shared.tests\bin\release\netcoreapp3.0\kitpymes.core.shared.tests.dll" id="801afd1a-5f3d-0d0c-471a-96452bf5bc35">
      <Execution id="1f503c85-4838-4bdf-beff-ac4194486acb" />
      <TestMethod codeBase="D:\SFERRARI\01 - TRABAJO\REPOS\netcore\template-netcore-shared\Kitpymes.Core.Shared.Tests\bin\Release\netcoreapp3.0\Kitpymes.Core.Shared.Tests.dll" adapterTypeName="executor://mstestadapter/v2" className="Kitpymes.Core.Shared.Tests.CheckTests" name="IsNullOrEmpty_Passing_InvalidArguments_Returns_HasErrorsAndCount" />
    </UnitTest>
    <UnitTest name="ToPaged_Passing_Name_Ascending_Order_Returns_Filter_List" storage="d:\sferrari\01 - trabajo\repos\netcore\template-netcore-shared\kitpymes.core.shared.tests\bin\release\netcoreapp3.0\kitpymes.core.shared.tests.dll" id="6fc389b2-a5f3-ded0-63b6-7e1b4cca8442">
      <Execution id="791bbba6-7fa6-42b4-a78a-ab2cc321bb0f" />
      <TestMethod codeBase="D:\SFERRARI\01 - TRABAJO\REPOS\netcore\template-netcore-shared\Kitpymes.Core.Shared.Tests\bin\Release\netcoreapp3.0\Kitpymes.Core.Shared.Tests.dll" adapterTypeName="executor://mstestadapter/v2" className="Kitpymes.Core.Shared.Tests.QueryableExtensionsTests" name="ToPaged_Passing_Name_Ascending_Order_Returns_Filter_List" />
    </UnitTest>
    <UnitTest name="ToFirstLetterLower_Passing_ValidValue_Returns_StringWithFirstLetterLower" storage="d:\sferrari\01 - trabajo\repos\netcore\template-netcore-shared\kitpymes.core.shared.tests\bin\release\netcoreapp3.0\kitpymes.core.shared.tests.dll" id="4315ebd1-3e2a-edf0-9de6-c78f08760fe3">
      <Execution id="476d4428-5852-4bb5-90b8-0378d540176c" />
      <TestMethod codeBase="D:\SFERRARI\01 - TRABAJO\REPOS\netcore\template-netcore-shared\Kitpymes.Core.Shared.Tests\bin\Release\netcoreapp3.0\Kitpymes.Core.Shared.Tests.dll" adapterTypeName="executor://mstestadapter/v2" className="Kitpymes.Core.Shared.Tests.StringExtensionsTests" name="ToFirstLetterLower_Passing_ValidValue_Returns_StringWithFirstLetterLower" />
    </UnitTest>
    <UnitTest name="ToDirectoryFileInfo_Passing_ValidValue_Returns_FileInfo" storage="d:\sferrari\01 - trabajo\repos\netcore\template-netcore-shared\kitpymes.core.shared.tests\bin\release\netcoreapp3.0\kitpymes.core.shared.tests.dll" id="7daaba64-d3ad-9109-43bf-bdb516b673b8">
      <Execution id="f0c9d89b-b9c5-4bd8-a006-6e43f4ec6cfc" />
      <TestMethod codeBase="D:\SFERRARI\01 - TRABAJO\REPOS\netcore\template-netcore-shared\Kitpymes.Core.Shared.Tests\bin\Release\netcoreapp3.0\Kitpymes.Core.Shared.Tests.dll" adapterTypeName="executor://mstestadapter/v2" className="Kitpymes.Core.Shared.Tests.StringExtensionsTests" name="ToDirectoryFileInfo_Passing_ValidValue_Returns_FileInfo" />
    </UnitTest>
    <UnitTest name="ToDefaultValue_Passing_ValidStruct_Returns_DefaultValue" storage="d:\sferrari\01 - trabajo\repos\netcore\template-netcore-shared\kitpymes.core.shared.tests\bin\release\netcoreapp3.0\kitpymes.core.shared.tests.dll" id="ffa669f9-8e25-a33b-f8f7-c3ba4a576a2b">
      <Execution id="c5969776-d752-46ea-84c1-131220cb37d6" />
      <TestMethod codeBase="D:\SFERRARI\01 - TRABAJO\REPOS\netcore\template-netcore-shared\Kitpymes.Core.Shared.Tests\bin\Release\netcoreapp3.0\Kitpymes.Core.Shared.Tests.dll" adapterTypeName="executor://mstestadapter/v2" className="Kitpymes.Core.Shared.Tests.TypeExtensionsTests" name="ToDefaultValue_Passing_ValidStruct_Returns_DefaultValue" />
    </UnitTest>
    <UnitTest name="ToEnum_Passing_InvalidValueInt_Returns_EnumCustomValue" storage="d:\sferrari\01 - trabajo\repos\netcore\template-netcore-shared\kitpymes.core.shared.tests\bin\release\netcoreapp3.0\kitpymes.core.shared.tests.dll" id="1064d8aa-5d0e-6bf5-83ee-952a4d1fd93b">
      <Execution id="bc7f65b9-8680-4b96-945c-0798f96bba29" />
      <TestMethod codeBase="D:\SFERRARI\01 - TRABAJO\REPOS\netcore\template-netcore-shared\Kitpymes.Core.Shared.Tests\bin\Release\netcoreapp3.0\Kitpymes.Core.Shared.Tests.dll" adapterTypeName="executor://mstestadapter/v2" className="Kitpymes.Core.Shared.Tests.StringExtensionsTests" name="ToEnum_Passing_InvalidValueInt_Returns_EnumCustomValue" />
    </UnitTest>
    <UnitTest name="ToEnum_Passing_ValidValueInt_Returns_EnumValue" storage="d:\sferrari\01 - trabajo\repos\netcore\template-netcore-shared\kitpymes.core.shared.tests\bin\release\netcoreapp3.0\kitpymes.core.shared.tests.dll" id="96f263a8-e1d9-0070-21ba-583144d2d030">
      <Execution id="99ab0698-0f4d-488b-bf32-194be22575b4" />
      <TestMethod codeBase="D:\SFERRARI\01 - TRABAJO\REPOS\netcore\template-netcore-shared\Kitpymes.Core.Shared.Tests\bin\Release\netcoreapp3.0\Kitpymes.Core.Shared.Tests.dll" adapterTypeName="executor://mstestadapter/v2" className="Kitpymes.Core.Shared.Tests.StringExtensionsTests" name="ToEnum_Passing_ValidValueInt_Returns_EnumValue" />
    </UnitTest>
    <UnitTest name="ToDeserialize_Passing_String_Returns_Object" storage="d:\sferrari\01 - trabajo\repos\netcore\template-netcore-shared\kitpymes.core.shared.tests\bin\release\netcoreapp3.0\kitpymes.core.shared.tests.dll" id="678a7b5d-e2f9-09be-f35f-0e3e4d5ad033">
      <Execution id="09f2b46a-7ef5-40fc-ad94-1bde2d876e92" />
      <TestMethod codeBase="D:\SFERRARI\01 - TRABAJO\REPOS\netcore\template-netcore-shared\Kitpymes.Core.Shared.Tests\bin\Release\netcoreapp3.0\Kitpymes.Core.Shared.Tests.dll" adapterTypeName="executor://mstestadapter/v2" className="Kitpymes.Core.Shared.Tests.JsonExtensionsTests" name="ToDeserialize_Passing_String_Returns_Object" />
    </UnitTest>
    <UnitTest name="ToDefaultValue_Passing_ulong_Returns_Cero" storage="d:\sferrari\01 - trabajo\repos\netcore\template-netcore-shared\kitpymes.core.shared.tests\bin\release\netcoreapp3.0\kitpymes.core.shared.tests.dll" id="aeb559a5-c285-7ab9-baee-1cb152d1742f">
      <Execution id="999555cf-f23a-4b18-b286-53fd73749b67" />
      <TestMethod codeBase="D:\SFERRARI\01 - TRABAJO\REPOS\netcore\template-netcore-shared\Kitpymes.Core.Shared.Tests\bin\Release\netcoreapp3.0\Kitpymes.Core.Shared.Tests.dll" adapterTypeName="executor://mstestadapter/v2" className="Kitpymes.Core.Shared.Tests.GenericExtensionsTests" name="ToDefaultValue_Passing_ulong_Returns_Cero" />
    </UnitTest>
    <UnitTest name="ToGet_Passing_Claims_Returns_Claim_Value_Int" storage="d:\sferrari\01 - trabajo\repos\netcore\template-netcore-shared\kitpymes.core.shared.tests\bin\release\netcoreapp3.0\kitpymes.core.shared.tests.dll" id="209cbba1-d5fa-4810-2cb6-ee92ce2e109d">
      <Execution id="2aa788ee-a72c-4dc3-aa2d-7c5c83c287a3" />
      <TestMethod codeBase="D:\SFERRARI\01 - TRABAJO\REPOS\netcore\template-netcore-shared\Kitpymes.Core.Shared.Tests\bin\Release\netcoreapp3.0\Kitpymes.Core.Shared.Tests.dll" adapterTypeName="executor://mstestadapter/v2" className="Kitpymes.Core.Shared.Tests.ClaimsPrincipalExtensionsTests" name="ToGet_Passing_Claims_Returns_Claim_Value_Int" />
    </UnitTest>
    <UnitTest name="ToEnvironment_Passing_Production_Enviroment_Returns_Production_Name" storage="d:\sferrari\01 - trabajo\repos\netcore\template-netcore-shared\kitpymes.core.shared.tests\bin\release\netcoreapp3.0\kitpymes.core.shared.tests.dll" id="31126d50-f667-908c-85f3-09f9d9272df9">
      <Execution id="8016c5c9-0c37-4549-90a5-cfc1ffb32f0b" />
      <TestMethod codeBase="D:\SFERRARI\01 - TRABAJO\REPOS\netcore\template-netcore-shared\Kitpymes.Core.Shared.Tests\bin\Release\netcoreapp3.0\Kitpymes.Core.Shared.Tests.dll" adapterTypeName="executor://mstestadapter/v2" className="Kitpymes.Core.Shared.Tests.ApplicationBuilderExtensionsTests" name="ToEnvironment_Passing_Production_Enviroment_Returns_Production_Name" />
    </UnitTest>
    <UnitTest name="ToReplace_Passing_ValidValue_Returns_ReplacedValue" storage="d:\sferrari\01 - trabajo\repos\netcore\template-netcore-shared\kitpymes.core.shared.tests\bin\release\netcoreapp3.0\kitpymes.core.shared.tests.dll" id="04084e8e-c859-4ef5-e2a7-4fb2803cb2a3">
      <Execution id="ee0036f1-4067-46f8-a60d-1a815001f468" />
      <TestMethod codeBase="D:\SFERRARI\01 - TRABAJO\REPOS\netcore\template-netcore-shared\Kitpymes.Core.Shared.Tests\bin\Release\netcoreapp3.0\Kitpymes.Core.Shared.Tests.dll" adapterTypeName="executor://mstestadapter/v2" className="Kitpymes.Core.Shared.Tests.StringExtensionsTests" name="ToReplace_Passing_ValidValue_Returns_ReplacedValue" />
    </UnitTest>
    <UnitTest name="ToUserName_Passing_Invalid_ClaimsPrincipal_Returns_Null" storage="d:\sferrari\01 - trabajo\repos\netcore\template-netcore-shared\kitpymes.core.shared.tests\bin\release\netcoreapp3.0\kitpymes.core.shared.tests.dll" id="26cc48e2-5e82-bc12-cf41-e3a984599b8d">
      <Execution id="61a65467-8186-4d58-8154-5cf2123fc9cc" />
      <TestMethod codeBase="D:\SFERRARI\01 - TRABAJO\REPOS\netcore\template-netcore-shared\Kitpymes.Core.Shared.Tests\bin\Release\netcoreapp3.0\Kitpymes.Core.Shared.Tests.dll" adapterTypeName="executor://mstestadapter/v2" className="Kitpymes.Core.Shared.Tests.ClaimsPrincipalExtensionsTests" name="ToUserName_Passing_Invalid_ClaimsPrincipal_Returns_Null" />
    </UnitTest>
    <UnitTest name="ToWhere_Passing_Null_Predicate_Returns_Same_List" storage="d:\sferrari\01 - trabajo\repos\netcore\template-netcore-shared\kitpymes.core.shared.tests\bin\release\netcoreapp3.0\kitpymes.core.shared.tests.dll" id="6bd61990-78b5-76ea-0df5-0c13c388bdc0">
      <Execution id="6518766b-48bb-4077-808c-2ca068127ceb" />
      <TestMethod codeBase="D:\SFERRARI\01 - TRABAJO\REPOS\netcore\template-netcore-shared\Kitpymes.Core.Shared.Tests\bin\Release\netcoreapp3.0\Kitpymes.Core.Shared.Tests.dll" adapterTypeName="executor://mstestadapter/v2" className="Kitpymes.Core.Shared.Tests.QueryableExtensionsTests" name="ToWhere_Passing_Null_Predicate_Returns_Same_List" />
    </UnitTest>
    <UnitTest name="ToString_Passing_Valid_Collection_Returns_String_With_Default_Separator" storage="d:\sferrari\01 - trabajo\repos\netcore\template-netcore-shared\kitpymes.core.shared.tests\bin\release\netcoreapp3.0\kitpymes.core.shared.tests.dll" id="07d50dfb-3195-c832-23d2-97ae667f2010">
      <Execution id="451cba7c-2696-4a0b-a638-a75c8ec870f0" />
      <TestMethod codeBase="D:\SFERRARI\01 - TRABAJO\REPOS\netcore\template-netcore-shared\Kitpymes.Core.Shared.Tests\bin\Release\netcoreapp3.0\Kitpymes.Core.Shared.Tests.dll" adapterTypeName="executor://mstestadapter/v2" className="Kitpymes.Core.Shared.Tests.EnumerableExtensionsTests" name="ToString_Passing_Valid_Collection_Returns_String_With_Default_Separator" />
    </UnitTest>
    <UnitTest name="ToConfiguration_Passing_Valid_DirectoryPath_Invalid_JsonFileName_Not_Optional_Returns_ApplicationException" storage="d:\sferrari\01 - trabajo\repos\netcore\template-netcore-shared\kitpymes.core.shared.tests\bin\release\netcoreapp3.0\kitpymes.core.shared.tests.dll" id="bf48e581-43e6-7660-c4f4-1b7deb1f0ed9">
      <Execution id="4deae9ae-1628-4af2-b897-74da67b60c47" />
      <TestMethod codeBase="D:\SFERRARI\01 - TRABAJO\REPOS\netcore\template-netcore-shared\Kitpymes.Core.Shared.Tests\bin\Release\netcoreapp3.0\Kitpymes.Core.Shared.Tests.dll" adapterTypeName="executor://mstestadapter/v2" className="Kitpymes.Core.Shared.Tests.ConfigurationBuilderExtensionsTests" name="ToConfiguration_Passing_Valid_DirectoryPath_Invalid_JsonFileName_Not_Optional_Returns_ApplicationException" />
    </UnitTest>
    <UnitTest name="ToDefaultValue_Passing_ValidInt_Returns_DefaultValue" storage="d:\sferrari\01 - trabajo\repos\netcore\template-netcore-shared\kitpymes.core.shared.tests\bin\release\netcoreapp3.0\kitpymes.core.shared.tests.dll" id="e37f41d3-77a8-1acd-c258-fbb5b724b134">
      <Execution id="926eadf8-39cb-44f2-b49b-be5e589c6962" />
      <TestMethod codeBase="D:\SFERRARI\01 - TRABAJO\REPOS\netcore\template-netcore-shared\Kitpymes.Core.Shared.Tests\bin\Release\netcoreapp3.0\Kitpymes.Core.Shared.Tests.dll" adapterTypeName="executor://mstestadapter/v2" className="Kitpymes.Core.Shared.Tests.TypeExtensionsTests" name="ToDefaultValue_Passing_ValidInt_Returns_DefaultValue" />
    </UnitTest>
    <UnitTest name="ToUri_Passing_ValidValueString_Returns_Uri" storage="d:\sferrari\01 - trabajo\repos\netcore\template-netcore-shared\kitpymes.core.shared.tests\bin\release\netcoreapp3.0\kitpymes.core.shared.tests.dll" id="30809299-0e3e-4ac7-4a2a-6f8c296d2226">
      <Execution id="7f79113b-0b07-4260-a0c8-c38dcb9d00e3" />
      <TestMethod codeBase="D:\SFERRARI\01 - TRABAJO\REPOS\netcore\template-netcore-shared\Kitpymes.Core.Shared.Tests\bin\Release\netcoreapp3.0\Kitpymes.Core.Shared.Tests.dll" adapterTypeName="executor://mstestadapter/v2" className="Kitpymes.Core.Shared.Tests.StringExtensionsTests" name="ToUri_Passing_ValidValueString_Returns_Uri" />
    </UnitTest>
    <UnitTest name="ToMessage_Passing_ExceptionWithMessage_Returns_Message" storage="d:\sferrari\01 - trabajo\repos\netcore\template-netcore-shared\kitpymes.core.shared.tests\bin\release\netcoreapp3.0\kitpymes.core.shared.tests.dll" id="0cb5eb43-9273-0bdf-bd18-53b184535503">
      <Execution id="8b9f5f74-7363-419e-8b29-185403913c57" />
      <TestMethod codeBase="D:\SFERRARI\01 - TRABAJO\REPOS\netcore\template-netcore-shared\Kitpymes.Core.Shared.Tests\bin\Release\netcoreapp3.0\Kitpymes.Core.Shared.Tests.dll" adapterTypeName="executor://mstestadapter/v2" className="Kitpymes.Core.Shared.Tests.ExceptionExtensionsTests" name="ToMessage_Passing_ExceptionWithMessage_Returns_Message" />
    </UnitTest>
    <UnitTest name="ToMapList_Passing_Source_Type_And_Destination_Type_Returns_Destination_Object_List" storage="d:\sferrari\01 - trabajo\repos\netcore\template-netcore-shared\kitpymes.core.shared.tests\bin\release\netcoreapp3.0\kitpymes.core.shared.tests.dll" id="f8b74494-d277-7173-e694-2a4d463a4607">
      <Execution id="6d05e458-04e9-40d6-ab41-69bac93ff0fc" />
      <TestMethod codeBase="D:\SFERRARI\01 - TRABAJO\REPOS\netcore\template-netcore-shared\Kitpymes.Core.Shared.Tests\bin\Release\netcoreapp3.0\Kitpymes.Core.Shared.Tests.dll" adapterTypeName="executor://mstestadapter/v2" className="Kitpymes.Core.Shared.Tests.AgileMapperExtensionsTests" name="ToMapList_Passing_Source_Type_And_Destination_Type_Returns_Destination_Object_List" />
    </UnitTest>
    <UnitTest name="ToGet_Passing_Claims_Returns_Claim_Value_String" storage="d:\sferrari\01 - trabajo\repos\netcore\template-netcore-shared\kitpymes.core.shared.tests\bin\release\netcoreapp3.0\kitpymes.core.shared.tests.dll" id="0c633595-70e8-b011-5a46-c9c7e1687cb9">
      <Execution id="8036a950-ed5c-4524-8e1c-0e0cac61a353" />
      <TestMethod codeBase="D:\SFERRARI\01 - TRABAJO\REPOS\netcore\template-netcore-shared\Kitpymes.Core.Shared.Tests\bin\Release\netcoreapp3.0\Kitpymes.Core.Shared.Tests.dll" adapterTypeName="executor://mstestadapter/v2" className="Kitpymes.Core.Shared.Tests.ClaimsPrincipalExtensionsTests" name="ToGet_Passing_Claims_Returns_Claim_Value_String" />
    </UnitTest>
    <UnitTest name="ToHashAlgorithmName_Passing_ValidValueString_Returns_HashAlgorithmName" storage="d:\sferrari\01 - trabajo\repos\netcore\template-netcore-shared\kitpymes.core.shared.tests\bin\release\netcoreapp3.0\kitpymes.core.shared.tests.dll" id="cd004a9f-a0f6-2fdf-aeae-1890f4ab8e71">
      <Execution id="32edea6b-336d-464b-8021-a1587c2c50ef" />
      <TestMethod codeBase="D:\SFERRARI\01 - TRABAJO\REPOS\netcore\template-netcore-shared\Kitpymes.Core.Shared.Tests\bin\Release\netcoreapp3.0\Kitpymes.Core.Shared.Tests.dll" adapterTypeName="executor://mstestadapter/v2" className="Kitpymes.Core.Shared.Tests.StringExtensionsTests" name="ToHashAlgorithmName_Passing_ValidValueString_Returns_HashAlgorithmName" />
    </UnitTest>
    <UnitTest name="ToExists_Passing_Valid_Service_Returns_True" storage="d:\sferrari\01 - trabajo\repos\netcore\template-netcore-shared\kitpymes.core.shared.tests\bin\release\netcoreapp3.0\kitpymes.core.shared.tests.dll" id="e2880a6e-7a01-b4ba-86fb-4d33be072972">
      <Execution id="0e53232e-e1c3-43df-a93d-bd6e07dc8c30" />
      <TestMethod codeBase="D:\SFERRARI\01 - TRABAJO\REPOS\netcore\template-netcore-shared\Kitpymes.Core.Shared.Tests\bin\Release\netcoreapp3.0\Kitpymes.Core.Shared.Tests.dll" adapterTypeName="executor://mstestadapter/v2" className="Kitpymes.Core.Shared.Tests.ConfigurationBuilderExtensionsTests" name="ToExists_Passing_Valid_Service_Returns_True" />
    </UnitTest>
    <UnitTest name="ToFullMessage_Passing_ExceptionWithMessageWithInnerException_Returns_Full_Message" storage="d:\sferrari\01 - trabajo\repos\netcore\template-netcore-shared\kitpymes.core.shared.tests\bin\release\netcoreapp3.0\kitpymes.core.shared.tests.dll" id="e1a72c94-958d-7abb-4a96-4b60b12f8157">
      <Execution id="353aaf92-1668-4618-93ca-0827ab09b474" />
      <TestMethod codeBase="D:\SFERRARI\01 - TRABAJO\REPOS\netcore\template-netcore-shared\Kitpymes.Core.Shared.Tests\bin\Release\netcoreapp3.0\Kitpymes.Core.Shared.Tests.dll" adapterTypeName="executor://mstestadapter/v2" className="Kitpymes.Core.Shared.Tests.ExceptionExtensionsTests" name="ToFullMessage_Passing_ExceptionWithMessageWithInnerException_Returns_Full_Message" />
    </UnitTest>
    <UnitTest name="ToEnum_Passing_InvalidValueString_Returns_EnumDefaultValue" storage="d:\sferrari\01 - trabajo\repos\netcore\template-netcore-shared\kitpymes.core.shared.tests\bin\release\netcoreapp3.0\kitpymes.core.shared.tests.dll" id="31ff6168-d18d-0013-7c18-0ff775714202">
      <Execution id="04baf126-ae07-4967-a109-96f63b2d7433" />
      <TestMethod codeBase="D:\SFERRARI\01 - TRABAJO\REPOS\netcore\template-netcore-shared\Kitpymes.Core.Shared.Tests\bin\Release\netcoreapp3.0\Kitpymes.Core.Shared.Tests.dll" adapterTypeName="executor://mstestadapter/v2" className="Kitpymes.Core.Shared.Tests.StringExtensionsTests" name="ToEnum_Passing_InvalidValueString_Returns_EnumDefaultValue" />
    </UnitTest>
    <UnitTest name="ToDirectoryReadFileAsync_Passing_ValidValue_Returns_False" storage="d:\sferrari\01 - trabajo\repos\netcore\template-netcore-shared\kitpymes.core.shared.tests\bin\release\netcoreapp3.0\kitpymes.core.shared.tests.dll" id="29295413-2308-fade-9c98-0e9ed6c67839">
      <Execution id="6ccafb7c-c466-41fe-844f-4cdb3c280d6c" />
      <TestMethod codeBase="D:\SFERRARI\01 - TRABAJO\REPOS\netcore\template-netcore-shared\Kitpymes.Core.Shared.Tests\bin\Release\netcoreapp3.0\Kitpymes.Core.Shared.Tests.dll" adapterTypeName="executor://mstestadapter/v2" className="Kitpymes.Core.Shared.Tests.StringExtensionsTests" name="ToDirectoryReadFileAsync_Passing_ValidValue_Returns_False" />
    </UnitTest>
    <UnitTest name="ToExists_Passing_Service_Not_Found_Returns_False" storage="d:\sferrari\01 - trabajo\repos\netcore\template-netcore-shared\kitpymes.core.shared.tests\bin\release\netcoreapp3.0\kitpymes.core.shared.tests.dll" id="074815db-ddf2-9c1f-0fef-7f709183591e">
      <Execution id="50e6d37a-8489-4af2-b858-b92f989672ed" />
      <TestMethod codeBase="D:\SFERRARI\01 - TRABAJO\REPOS\netcore\template-netcore-shared\Kitpymes.Core.Shared.Tests\bin\Release\netcoreapp3.0\Kitpymes.Core.Shared.Tests.dll" adapterTypeName="executor://mstestadapter/v2" className="Kitpymes.Core.Shared.Tests.ApplicationBuilderExtensionsTests" name="ToExists_Passing_Service_Not_Found_Returns_False" />
    </UnitTest>
    <UnitTest name="ToDefaultValue_Passing_sbyte_Returns_Cero" storage="d:\sferrari\01 - trabajo\repos\netcore\template-netcore-shared\kitpymes.core.shared.tests\bin\release\netcoreapp3.0\kitpymes.core.shared.tests.dll" id="19a313ce-6632-bd6f-bb7e-c2dc7bcf20eb">
      <Execution id="19e2aa72-1154-4475-80a2-4fc80fe44f76" />
      <TestMethod codeBase="D:\SFERRARI\01 - TRABAJO\REPOS\netcore\template-netcore-shared\Kitpymes.Core.Shared.Tests\bin\Release\netcoreapp3.0\Kitpymes.Core.Shared.Tests.dll" adapterTypeName="executor://mstestadapter/v2" className="Kitpymes.Core.Shared.Tests.GenericExtensionsTests" name="ToDefaultValue_Passing_sbyte_Returns_Cero" />
    </UnitTest>
    <UnitTest name="ToValues_Passing_ValidEnumType_Returns_ValuesListString" storage="d:\sferrari\01 - trabajo\repos\netcore\template-netcore-shared\kitpymes.core.shared.tests\bin\release\netcoreapp3.0\kitpymes.core.shared.tests.dll" id="0cfd0c7c-1a61-7d19-c2fa-3c8a47ccf09c">
      <Execution id="d5f738ae-1fab-494e-b32f-93d0357869a1" />
      <TestMethod codeBase="D:\SFERRARI\01 - TRABAJO\REPOS\netcore\template-netcore-shared\Kitpymes.Core.Shared.Tests\bin\Release\netcoreapp3.0\Kitpymes.Core.Shared.Tests.dll" adapterTypeName="executor://mstestadapter/v2" className="Kitpymes.Core.Shared.Tests.EnumsTests" name="ToValues_Passing_ValidEnumType_Returns_ValuesListString" />
    </UnitTest>
    <UnitTest name="ToEnvironment_Passing_Development_Enviroment_Returns_Development_Name" storage="d:\sferrari\01 - trabajo\repos\netcore\template-netcore-shared\kitpymes.core.shared.tests\bin\release\netcoreapp3.0\kitpymes.core.shared.tests.dll" id="1c5de28c-f1b3-c94d-8e43-201eab8c2ff8">
      <Execution id="97332772-9e29-4348-aadd-7231d2299a03" />
      <TestMethod codeBase="D:\SFERRARI\01 - TRABAJO\REPOS\netcore\template-netcore-shared\Kitpymes.Core.Shared.Tests\bin\Release\netcoreapp3.0\Kitpymes.Core.Shared.Tests.dll" adapterTypeName="executor://mstestadapter/v2" className="Kitpymes.Core.Shared.Tests.ApplicationBuilderExtensionsTests" name="ToEnvironment_Passing_Development_Enviroment_Returns_Development_Name" />
    </UnitTest>
    <UnitTest name="ToEnum_Passing_InvalidValueString_Returns_EnumCustomValue" storage="d:\sferrari\01 - trabajo\repos\netcore\template-netcore-shared\kitpymes.core.shared.tests\bin\release\netcoreapp3.0\kitpymes.core.shared.tests.dll" id="7c09a438-5465-f760-64b2-23d25fc199f5">
      <Execution id="00a2a6cd-2804-4c5d-a755-334132ccd2ca" />
      <TestMethod codeBase="D:\SFERRARI\01 - TRABAJO\REPOS\netcore\template-netcore-shared\Kitpymes.Core.Shared.Tests\bin\Release\netcoreapp3.0\Kitpymes.Core.Shared.Tests.dll" adapterTypeName="executor://mstestadapter/v2" className="Kitpymes.Core.Shared.Tests.StringExtensionsTests" name="ToEnum_Passing_InvalidValueString_Returns_EnumCustomValue" />
    </UnitTest>
    <UnitTest name="IsPassword_Passing_InvalidArguments_Returns_HasErrorsAndCount" storage="d:\sferrari\01 - trabajo\repos\netcore\template-netcore-shared\kitpymes.core.shared.tests\bin\release\netcoreapp3.0\kitpymes.core.shared.tests.dll" id="220e18c9-f841-c623-c1aa-300e190b4f6d">
      <Execution id="4ecc9137-e87e-44e6-a27a-f1895b2fc225" />
      <TestMethod codeBase="D:\SFERRARI\01 - TRABAJO\REPOS\netcore\template-netcore-shared\Kitpymes.Core.Shared.Tests\bin\Release\netcoreapp3.0\Kitpymes.Core.Shared.Tests.dll" adapterTypeName="executor://mstestadapter/v2" className="Kitpymes.Core.Shared.Tests.CheckTests" name="IsPassword_Passing_InvalidArguments_Returns_HasErrorsAndCount" />
    </UnitTest>
    <UnitTest name="ToEnvironment_ServiceCollection_Passing_Production_Enviroment_Returns_Production_Name" storage="d:\sferrari\01 - trabajo\repos\netcore\template-netcore-shared\kitpymes.core.shared.tests\bin\release\netcoreapp3.0\kitpymes.core.shared.tests.dll" id="15fe55e5-cdce-6280-ea15-ef777735767c">
      <Execution id="c219899a-aec4-4196-b6d1-f8ed8513bb5c" />
      <TestMethod codeBase="D:\SFERRARI\01 - TRABAJO\REPOS\netcore\template-netcore-shared\Kitpymes.Core.Shared.Tests\bin\Release\netcoreapp3.0\Kitpymes.Core.Shared.Tests.dll" adapterTypeName="executor://mstestadapter/v2" className="Kitpymes.Core.Shared.Tests.ConfigurationBuilderExtensionsTests" name="ToEnvironment_ServiceCollection_Passing_Production_Enviroment_Returns_Production_Name" />
    </UnitTest>
    <UnitTest name="CreateSHA256_Passing_Invalid_Arguments_Returns_ApplicationException" storage="d:\sferrari\01 - trabajo\repos\netcore\template-netcore-shared\kitpymes.core.shared.tests\bin\release\netcoreapp3.0\kitpymes.core.shared.tests.dll" id="77fe17c3-3cf8-a189-4d95-b2e0d3ca9579">
      <Execution id="3d0b1cb3-a97d-49af-8d77-3abf16d3bff0" />
      <TestMethod codeBase="D:\SFERRARI\01 - TRABAJO\REPOS\netcore\template-netcore-shared\Kitpymes.Core.Shared.Tests\bin\Release\netcoreapp3.0\Kitpymes.Core.Shared.Tests.dll" adapterTypeName="executor://mstestadapter/v2" className="Kitpymes.Core.Shared.Tests.HashTests" name="CreateSHA256_Passing_Invalid_Arguments_Returns_ApplicationException" />
    </UnitTest>
    <UnitTest name="CreateAndVerifyPassword_Passing_Valid_Arguments_Returns_IsValid" storage="d:\sferrari\01 - trabajo\repos\netcore\template-netcore-shared\kitpymes.core.shared.tests\bin\release\netcoreapp3.0\kitpymes.core.shared.tests.dll" id="f8adc240-2e19-f993-0d82-9d004ab9752d">
      <Execution id="16a2a0c9-aff6-4a28-8807-814f7edd3d2c" />
      <TestMethod codeBase="D:\SFERRARI\01 - TRABAJO\REPOS\netcore\template-netcore-shared\Kitpymes.Core.Shared.Tests\bin\Release\netcoreapp3.0\Kitpymes.Core.Shared.Tests.dll" adapterTypeName="executor://mstestadapter/v2" className="Kitpymes.Core.Shared.Tests.HashTests" name="CreateAndVerifyPassword_Passing_Valid_Arguments_Returns_IsValid" />
    </UnitTest>
    <UnitTest name="ToAuthenticationType_Passing_Claims_Returns_Null" storage="d:\sferrari\01 - trabajo\repos\netcore\template-netcore-shared\kitpymes.core.shared.tests\bin\release\netcoreapp3.0\kitpymes.core.shared.tests.dll" id="34e0940c-fc9c-71db-fc18-7d52ee8761a0">
      <Execution id="96e0cfe0-3f51-423e-b928-61cf7b6c937b" />
      <TestMethod codeBase="D:\SFERRARI\01 - TRABAJO\REPOS\netcore\template-netcore-shared\Kitpymes.Core.Shared.Tests\bin\Release\netcoreapp3.0\Kitpymes.Core.Shared.Tests.dll" adapterTypeName="executor://mstestadapter/v2" className="Kitpymes.Core.Shared.Tests.ClaimsPrincipalExtensionsTests" name="ToAuthenticationType_Passing_Claims_Returns_Null" />
    </UnitTest>
    <UnitTest name="ToStringFormat_Passing_ValidValue_Returns_ValueWithoutRemovedChars" storage="d:\sferrari\01 - trabajo\repos\netcore\template-netcore-shared\kitpymes.core.shared.tests\bin\release\netcoreapp3.0\kitpymes.core.shared.tests.dll" id="a1095294-226e-a0f0-0154-11290289c9db">
      <Execution id="cfdb852e-2175-4032-beff-d27f9c105e44" />
      <TestMethod codeBase="D:\SFERRARI\01 - TRABAJO\REPOS\netcore\template-netcore-shared\Kitpymes.Core.Shared.Tests\bin\Release\netcoreapp3.0\Kitpymes.Core.Shared.Tests.dll" adapterTypeName="executor://mstestadapter/v2" className="Kitpymes.Core.Shared.Tests.IntegerExtensionsTests" name="ToStringFormat_Passing_ValidValue_Returns_ValueWithoutRemovedChars" />
    </UnitTest>
    <UnitTest name="ToConfigureOrDefault_Passing_ActionCustomValues_Returns_CustomValues" storage="d:\sferrari\01 - trabajo\repos\netcore\template-netcore-shared\kitpymes.core.shared.tests\bin\release\netcoreapp3.0\kitpymes.core.shared.tests.dll" id="313cfb2c-8c3b-337b-12f8-296f8611376d">
      <Execution id="fcbf957c-56bb-48f7-820d-411743c0efe1" />
      <TestMethod codeBase="D:\SFERRARI\01 - TRABAJO\REPOS\netcore\template-netcore-shared\Kitpymes.Core.Shared.Tests\bin\Release\netcoreapp3.0\Kitpymes.Core.Shared.Tests.dll" adapterTypeName="executor://mstestadapter/v2" className="Kitpymes.Core.Shared.Tests.ActionExtensionsTests" name="ToConfigureOrDefault_Passing_ActionCustomValues_Returns_CustomValues" />
    </UnitTest>
    <UnitTest name="ToMapMerge_Passing_Destination_Object_Returns_Merged_Destination_Object" storage="d:\sferrari\01 - trabajo\repos\netcore\template-netcore-shared\kitpymes.core.shared.tests\bin\release\netcoreapp3.0\kitpymes.core.shared.tests.dll" id="ab274dac-b194-4e0f-6fab-a20667b535a8">
      <Execution id="995c47b4-4094-4756-b341-5c85991df395" />
      <TestMethod codeBase="D:\SFERRARI\01 - TRABAJO\REPOS\netcore\template-netcore-shared\Kitpymes.Core.Shared.Tests\bin\Release\netcoreapp3.0\Kitpymes.Core.Shared.Tests.dll" adapterTypeName="executor://mstestadapter/v2" className="Kitpymes.Core.Shared.Tests.AgileMapperExtensionsTests" name="ToMapMerge_Passing_Destination_Object_Returns_Merged_Destination_Object" />
    </UnitTest>
    <UnitTest name="IsGreater_Passing_InvalidArguments_Returns_HasErrorsAndCount" storage="d:\sferrari\01 - trabajo\repos\netcore\template-netcore-shared\kitpymes.core.shared.tests\bin\release\netcoreapp3.0\kitpymes.core.shared.tests.dll" id="1c5fe271-1e90-52f5-1f31-436b17e57702">
      <Execution id="e30a713e-2fb3-4d07-90b3-1d3b686076b4" />
      <TestMethod codeBase="D:\SFERRARI\01 - TRABAJO\REPOS\netcore\template-netcore-shared\Kitpymes.Core.Shared.Tests\bin\Release\netcoreapp3.0\Kitpymes.Core.Shared.Tests.dll" adapterTypeName="executor://mstestadapter/v2" className="Kitpymes.Core.Shared.Tests.CheckTests" name="IsGreater_Passing_InvalidArguments_Returns_HasErrorsAndCount" />
    </UnitTest>
    <UnitTest name="ToEnum_Passing_ValidValue_String_Returns_EnumValue" storage="d:\sferrari\01 - trabajo\repos\netcore\template-netcore-shared\kitpymes.core.shared.tests\bin\release\netcoreapp3.0\kitpymes.core.shared.tests.dll" id="605637df-9854-875b-b3aa-6675f3fbd045">
      <Execution id="05942cbd-2423-4d06-810c-ca9a10bd9bc0" />
      <TestMethod codeBase="D:\SFERRARI\01 - TRABAJO\REPOS\netcore\template-netcore-shared\Kitpymes.Core.Shared.Tests\bin\Release\netcoreapp3.0\Kitpymes.Core.Shared.Tests.dll" adapterTypeName="executor://mstestadapter/v2" className="Kitpymes.Core.Shared.Tests.StringExtensionsTests" name="ToEnum_Passing_ValidValue_String_Returns_EnumValue" />
    </UnitTest>
    <UnitTest name="ToHeader_Passing_HttpRequest_Header_Value_Returns_Value" storage="d:\sferrari\01 - trabajo\repos\netcore\template-netcore-shared\kitpymes.core.shared.tests\bin\release\netcoreapp3.0\kitpymes.core.shared.tests.dll" id="4a2e80a7-472b-b7f7-ba61-ac77aed5735d">
      <Execution id="e6d64c46-c2c4-426a-8604-bae7c4df785e" />
      <TestMethod codeBase="D:\SFERRARI\01 - TRABAJO\REPOS\netcore\template-netcore-shared\Kitpymes.Core.Shared.Tests\bin\Release\netcoreapp3.0\Kitpymes.Core.Shared.Tests.dll" adapterTypeName="executor://mstestadapter/v2" className="Kitpymes.Core.Shared.Tests.HttpRequestExtensionsTests" name="ToHeader_Passing_HttpRequest_Header_Value_Returns_Value" />
    </UnitTest>
    <UnitTest name="ToInt_Passing_Enumeration_Name_Returns_Description_Atributte" storage="d:\sferrari\01 - trabajo\repos\netcore\template-netcore-shared\kitpymes.core.shared.tests\bin\release\netcoreapp3.0\kitpymes.core.shared.tests.dll" id="c63cd623-e636-5730-a1fa-b18ae782acc7">
      <Execution id="38624fd8-ad09-45f3-868c-a4e0b8c59818" />
      <TestMethod codeBase="D:\SFERRARI\01 - TRABAJO\REPOS\netcore\template-netcore-shared\Kitpymes.Core.Shared.Tests\bin\Release\netcoreapp3.0\Kitpymes.Core.Shared.Tests.dll" adapterTypeName="executor://mstestadapter/v2" className="Kitpymes.Core.Shared.Tests.EnumExtensionsTests" name="ToInt_Passing_Enumeration_Name_Returns_Description_Atributte" />
    </UnitTest>
    <UnitTest name="ToDefaultValue_Passing_float_Returns_Cero" storage="d:\sferrari\01 - trabajo\repos\netcore\template-netcore-shared\kitpymes.core.shared.tests\bin\release\netcoreapp3.0\kitpymes.core.shared.tests.dll" id="e0f7dcd9-f363-be9c-de11-457f6a575bee">
      <Execution id="7d55a918-3df0-43a4-acdb-f53443cce0d9" />
      <TestMethod codeBase="D:\SFERRARI\01 - TRABAJO\REPOS\netcore\template-netcore-shared\Kitpymes.Core.Shared.Tests\bin\Release\netcoreapp3.0\Kitpymes.Core.Shared.Tests.dll" adapterTypeName="executor://mstestadapter/v2" className="Kitpymes.Core.Shared.Tests.GenericExtensionsTests" name="ToDefaultValue_Passing_float_Returns_Cero" />
    </UnitTest>
    <UnitTest name="ToMapUpdate_Passing_Destination_Object_Returns_Updated_Destination_Object" storage="d:\sferrari\01 - trabajo\repos\netcore\template-netcore-shared\kitpymes.core.shared.tests\bin\release\netcoreapp3.0\kitpymes.core.shared.tests.dll" id="71a1897b-b713-c047-1c23-5efdff095b20">
      <Execution id="1c8b88e6-7e4e-4bbc-883f-cb63d34ad87f" />
      <TestMethod codeBase="D:\SFERRARI\01 - TRABAJO\REPOS\netcore\template-netcore-shared\Kitpymes.Core.Shared.Tests\bin\Release\netcoreapp3.0\Kitpymes.Core.Shared.Tests.dll" adapterTypeName="executor://mstestadapter/v2" className="Kitpymes.Core.Shared.Tests.AgileMapperExtensionsTests" name="ToMapUpdate_Passing_Destination_Object_Returns_Updated_Destination_Object" />
    </UnitTest>
    <UnitTest name="ToNormalize_Passing_ValidValue_Returns_NormalizedValue" storage="d:\sferrari\01 - trabajo\repos\netcore\template-netcore-shared\kitpymes.core.shared.tests\bin\release\netcoreapp3.0\kitpymes.core.shared.tests.dll" id="7dc20d31-477c-3765-83c0-7575a504da96">
      <Execution id="767ff2e4-2219-4703-a8b4-f64300b35ffc" />
      <TestMethod codeBase="D:\SFERRARI\01 - TRABAJO\REPOS\netcore\template-netcore-shared\Kitpymes.Core.Shared.Tests\bin\Release\netcoreapp3.0\Kitpymes.Core.Shared.Tests.dll" adapterTypeName="executor://mstestadapter/v2" className="Kitpymes.Core.Shared.Tests.StringExtensionsTests" name="ToNormalize_Passing_ValidValue_Returns_NormalizedValue" />
    </UnitTest>
    <UnitTest name="ToService_Passing_Valid_Service_Returns_Service" storage="d:\sferrari\01 - trabajo\repos\netcore\template-netcore-shared\kitpymes.core.shared.tests\bin\release\netcoreapp3.0\kitpymes.core.shared.tests.dll" id="0b1e4893-9444-2235-b7fa-3782f9932212">
      <Execution id="e317011d-94a5-4ce1-ac96-6ebdbae45073" />
      <TestMethod codeBase="D:\SFERRARI\01 - TRABAJO\REPOS\netcore\template-netcore-shared\Kitpymes.Core.Shared.Tests\bin\Release\netcoreapp3.0\Kitpymes.Core.Shared.Tests.dll" adapterTypeName="executor://mstestadapter/v2" className="Kitpymes.Core.Shared.Tests.ConfigurationBuilderExtensionsTests" name="ToService_Passing_Valid_Service_Returns_Service" />
    </UnitTest>
    <UnitTest name="ToContentType_Passing_ValidValueString_Returns_ContentType" storage="d:\sferrari\01 - trabajo\repos\netcore\template-netcore-shared\kitpymes.core.shared.tests\bin\release\netcoreapp3.0\kitpymes.core.shared.tests.dll" id="7be8a004-8e29-0f01-8ada-f15377193150">
      <Execution id="1c3e6ae4-5577-4181-8a93-d833204b07f6" />
      <TestMethod codeBase="D:\SFERRARI\01 - TRABAJO\REPOS\netcore\template-netcore-shared\Kitpymes.Core.Shared.Tests\bin\Release\netcoreapp3.0\Kitpymes.Core.Shared.Tests.dll" adapterTypeName="executor://mstestadapter/v2" className="Kitpymes.Core.Shared.Tests.StringExtensionsTests" name="ToContentType_Passing_ValidValueString_Returns_ContentType" />
    </UnitTest>
    <UnitTest name="ToHashAlgorithmName_Passing_InvalidValueLowerCaseStringWithDefaultValue_Returns_DefaultValue" storage="d:\sferrari\01 - trabajo\repos\netcore\template-netcore-shared\kitpymes.core.shared.tests\bin\release\netcoreapp3.0\kitpymes.core.shared.tests.dll" id="d5506b30-7041-6d90-bd03-bcd5b2479c40">
      <Execution id="34456771-8cfe-45a9-a1c5-48d34d663c8b" />
      <TestMethod codeBase="D:\SFERRARI\01 - TRABAJO\REPOS\netcore\template-netcore-shared\Kitpymes.Core.Shared.Tests\bin\Release\netcoreapp3.0\Kitpymes.Core.Shared.Tests.dll" adapterTypeName="executor://mstestadapter/v2" className="Kitpymes.Core.Shared.Tests.StringExtensionsTests" name="ToHashAlgorithmName_Passing_InvalidValueLowerCaseStringWithDefaultValue_Returns_DefaultValue" />
    </UnitTest>
    <UnitTest name="ToSettings_Passing_Values_From_AppSettingsFile_Returns_Settings" storage="d:\sferrari\01 - trabajo\repos\netcore\template-netcore-shared\kitpymes.core.shared.tests\bin\release\netcoreapp3.0\kitpymes.core.shared.tests.dll" id="1577c538-d1be-5b59-2b09-8e59b0be5fcd">
      <Execution id="c5215a4e-0a33-49ed-92dd-08b9e178e61f" />
      <TestMethod codeBase="D:\SFERRARI\01 - TRABAJO\REPOS\netcore\template-netcore-shared\Kitpymes.Core.Shared.Tests\bin\Release\netcoreapp3.0\Kitpymes.Core.Shared.Tests.dll" adapterTypeName="executor://mstestadapter/v2" className="Kitpymes.Core.Shared.Tests.ConfigurationBuilderExtensionsTests" name="ToSettings_Passing_Values_From_AppSettingsFile_Returns_Settings" />
    </UnitTest>
    <UnitTest name="ToMapNew_Passing_TDestination_Returns_New_Destination_Object" storage="d:\sferrari\01 - trabajo\repos\netcore\template-netcore-shared\kitpymes.core.shared.tests\bin\release\netcoreapp3.0\kitpymes.core.shared.tests.dll" id="0ee8121e-b492-a57d-d072-de988a4e30f8">
      <Execution id="8c8f2fb4-cfef-48f1-a51f-ae985726fa3e" />
      <TestMethod codeBase="D:\SFERRARI\01 - TRABAJO\REPOS\netcore\template-netcore-shared\Kitpymes.Core.Shared.Tests\bin\Release\netcoreapp3.0\Kitpymes.Core.Shared.Tests.dll" adapterTypeName="executor://mstestadapter/v2" className="Kitpymes.Core.Shared.Tests.AgileMapperExtensionsTests" name="ToMapNew_Passing_TDestination_Returns_New_Destination_Object" />
    </UnitTest>
    <UnitTest name="ToDictionaryPropertyInfo_Passing_Object_Not_IncludeNullOrEmptyProperty_Returns_Properties_NameAndValue_Dictionary" storage="d:\sferrari\01 - trabajo\repos\netcore\template-netcore-shared\kitpymes.core.shared.tests\bin\release\netcoreapp3.0\kitpymes.core.shared.tests.dll" id="eb3fbb45-8257-f4b8-0975-042f859a72bf">
      <Execution id="94104585-c617-4738-8105-43e30caa4671" />
      <TestMethod codeBase="D:\SFERRARI\01 - TRABAJO\REPOS\netcore\template-netcore-shared\Kitpymes.Core.Shared.Tests\bin\Release\netcoreapp3.0\Kitpymes.Core.Shared.Tests.dll" adapterTypeName="executor://mstestadapter/v2" className="Kitpymes.Core.Shared.Tests.GenericExtensionsTests" name="ToDictionaryPropertyInfo_Passing_Object_Not_IncludeNullOrEmptyProperty_Returns_Properties_NameAndValue_Dictionary" />
    </UnitTest>
    <UnitTest name="ToDefaultValue_Passing_decimal_Returns_Cero" storage="d:\sferrari\01 - trabajo\repos\netcore\template-netcore-shared\kitpymes.core.shared.tests\bin\release\netcoreapp3.0\kitpymes.core.shared.tests.dll" id="334e3485-05b4-4549-cacd-aef8fff10757">
      <Execution id="ad3d9339-387d-4b74-89a1-c1e7731dc782" />
      <TestMethod codeBase="D:\SFERRARI\01 - TRABAJO\REPOS\netcore\template-netcore-shared\Kitpymes.Core.Shared.Tests\bin\Release\netcoreapp3.0\Kitpymes.Core.Shared.Tests.dll" adapterTypeName="executor://mstestadapter/v2" className="Kitpymes.Core.Shared.Tests.GenericExtensionsTests" name="ToDefaultValue_Passing_decimal_Returns_Cero" />
    </UnitTest>
    <UnitTest name="ToHashAlgorithmName_Passing_InvalidValueLowerCaseString_Returns_Null" storage="d:\sferrari\01 - trabajo\repos\netcore\template-netcore-shared\kitpymes.core.shared.tests\bin\release\netcoreapp3.0\kitpymes.core.shared.tests.dll" id="bd43e66e-fbae-26eb-a9a1-c58a6bf5d7af">
      <Execution id="9acb8c20-bcf8-4d5a-9186-2929771dda85" />
      <TestMethod codeBase="D:\SFERRARI\01 - TRABAJO\REPOS\netcore\template-netcore-shared\Kitpymes.Core.Shared.Tests\bin\Release\netcoreapp3.0\Kitpymes.Core.Shared.Tests.dll" adapterTypeName="executor://mstestadapter/v2" className="Kitpymes.Core.Shared.Tests.StringExtensionsTests" name="ToHashAlgorithmName_Passing_InvalidValueLowerCaseString_Returns_Null" />
    </UnitTest>
    <UnitTest name="ToPaged_Passing_Age_Descending_Order_Returns_Filter_List" storage="d:\sferrari\01 - trabajo\repos\netcore\template-netcore-shared\kitpymes.core.shared.tests\bin\release\netcoreapp3.0\kitpymes.core.shared.tests.dll" id="e53d2439-2080-43bd-e38b-a60253b60af1">
      <Execution id="e56bd32f-a05d-4562-859a-6c539b259e51" />
      <TestMethod codeBase="D:\SFERRARI\01 - TRABAJO\REPOS\netcore\template-netcore-shared\Kitpymes.Core.Shared.Tests\bin\Release\netcoreapp3.0\Kitpymes.Core.Shared.Tests.dll" adapterTypeName="executor://mstestadapter/v2" className="Kitpymes.Core.Shared.Tests.QueryableExtensionsTests" name="ToPaged_Passing_Age_Descending_Order_Returns_Filter_List" />
    </UnitTest>
    <UnitTest name="ToResultAsync_Passing_StatusCodeAnd_MessageAndContentTypeAndHeader_Values_Returns_Values" storage="d:\sferrari\01 - trabajo\repos\netcore\template-netcore-shared\kitpymes.core.shared.tests\bin\release\netcoreapp3.0\kitpymes.core.shared.tests.dll" id="161f5d07-7835-e575-5072-b9d787ef451c">
      <Execution id="3f18dc04-27cf-4ed5-a858-b201ca360481" />
      <TestMethod codeBase="D:\SFERRARI\01 - TRABAJO\REPOS\netcore\template-netcore-shared\Kitpymes.Core.Shared.Tests\bin\Release\netcoreapp3.0\Kitpymes.Core.Shared.Tests.dll" adapterTypeName="executor://mstestadapter/v2" className="Kitpymes.Core.Shared.Tests.HttpResponseExtensionsTests" name="ToResultAsync_Passing_StatusCodeAnd_MessageAndContentTypeAndHeader_Values_Returns_Values" />
    </UnitTest>
    <UnitTest name="ToEnvironment_ServiceCollection_Passing_Development_Enviroment_Returns_Development_Name" storage="d:\sferrari\01 - trabajo\repos\netcore\template-netcore-shared\kitpymes.core.shared.tests\bin\release\netcoreapp3.0\kitpymes.core.shared.tests.dll" id="0f697beb-b7a4-6aa6-9017-b57feeb9ba7f">
      <Execution id="0383223e-3927-48a3-8939-ad6d067cadf4" />
      <TestMethod codeBase="D:\SFERRARI\01 - TRABAJO\REPOS\netcore\template-netcore-shared\Kitpymes.Core.Shared.Tests\bin\Release\netcoreapp3.0\Kitpymes.Core.Shared.Tests.dll" adapterTypeName="executor://mstestadapter/v2" className="Kitpymes.Core.Shared.Tests.ConfigurationBuilderExtensionsTests" name="ToEnvironment_ServiceCollection_Passing_Development_Enviroment_Returns_Development_Name" />
    </UnitTest>
    <UnitTest name="IsFileExtension_Passing_InvalidArguments_Returns_HasErrorsAndCount" storage="d:\sferrari\01 - trabajo\repos\netcore\template-netcore-shared\kitpymes.core.shared.tests\bin\release\netcoreapp3.0\kitpymes.core.shared.tests.dll" id="e608205e-4953-e9a3-1956-895ed42ab083">
      <Execution id="eaf86aab-5f6d-4d51-93d7-9b10b67cbfae" />
      <TestMethod codeBase="D:\SFERRARI\01 - TRABAJO\REPOS\netcore\template-netcore-shared\Kitpymes.Core.Shared.Tests\bin\Release\netcoreapp3.0\Kitpymes.Core.Shared.Tests.dll" adapterTypeName="executor://mstestadapter/v2" className="Kitpymes.Core.Shared.Tests.CheckTests" name="IsFileExtension_Passing_InvalidArguments_Returns_HasErrorsAndCount" />
    </UnitTest>
    <UnitTest name="ToEnvironment_Passing_Custom_Enviroment_Returns_Custom_Name" storage="d:\sferrari\01 - trabajo\repos\netcore\template-netcore-shared\kitpymes.core.shared.tests\bin\release\netcoreapp3.0\kitpymes.core.shared.tests.dll" id="69b6ed05-fdf2-6989-0583-109b4777a6ac">
      <Execution id="702b96f4-2afd-4379-8627-57506dfba80c" />
      <TestMethod codeBase="D:\SFERRARI\01 - TRABAJO\REPOS\netcore\template-netcore-shared\Kitpymes.Core.Shared.Tests\bin\Release\netcoreapp3.0\Kitpymes.Core.Shared.Tests.dll" adapterTypeName="executor://mstestadapter/v2" className="Kitpymes.Core.Shared.Tests.ApplicationBuilderExtensionsTests" name="ToEnvironment_Passing_Custom_Enviroment_Returns_Custom_Name" />
    </UnitTest>
    <UnitTest name="ToList_Passing_ValidEnumTypeWithSelectedValueWithResourceType_Returns_ValuesList" storage="d:\sferrari\01 - trabajo\repos\netcore\template-netcore-shared\kitpymes.core.shared.tests\bin\release\netcoreapp3.0\kitpymes.core.shared.tests.dll" id="9af963da-8209-d683-34a5-be793bc59993">
      <Execution id="2d80a637-b8ca-4cf4-a36e-3923c3554aed" />
      <TestMethod codeBase="D:\SFERRARI\01 - TRABAJO\REPOS\netcore\template-netcore-shared\Kitpymes.Core.Shared.Tests\bin\Release\netcoreapp3.0\Kitpymes.Core.Shared.Tests.dll" adapterTypeName="executor://mstestadapter/v2" className="Kitpymes.Core.Shared.Tests.EnumsTests" name="ToList_Passing_ValidEnumTypeWithSelectedValueWithResourceType_Returns_ValuesList" />
    </UnitTest>
    <UnitTest name="ToFirstLetterUpper_Passing_ValidValue_Returns_StringWithFirstLetterUpper" storage="d:\sferrari\01 - trabajo\repos\netcore\template-netcore-shared\kitpymes.core.shared.tests\bin\release\netcoreapp3.0\kitpymes.core.shared.tests.dll" id="5517211d-203c-115f-7dc1-6f48da8ab75b">
      <Execution id="ac707d23-8f05-424e-8b54-e3d19778275d" />
      <TestMethod codeBase="D:\SFERRARI\01 - TRABAJO\REPOS\netcore\template-netcore-shared\Kitpymes.Core.Shared.Tests\bin\Release\netcoreapp3.0\Kitpymes.Core.Shared.Tests.dll" adapterTypeName="executor://mstestadapter/v2" className="Kitpymes.Core.Shared.Tests.StringExtensionsTests" name="ToFirstLetterUpper_Passing_ValidValue_Returns_StringWithFirstLetterUpper" />
    </UnitTest>
    <UnitTest name="ToString_Passing_Valid_Collection_With_Custom_Separator_Returns_String_With_Custom_Separator" storage="d:\sferrari\01 - trabajo\repos\netcore\template-netcore-shared\kitpymes.core.shared.tests\bin\release\netcoreapp3.0\kitpymes.core.shared.tests.dll" id="bf8f6922-5666-8ec7-1500-aabd5997d6a4">
      <Execution id="b7392ae8-9e5c-4cc0-84d6-d14e98fb4ba7" />
      <TestMethod codeBase="D:\SFERRARI\01 - TRABAJO\REPOS\netcore\template-netcore-shared\Kitpymes.Core.Shared.Tests\bin\Release\netcoreapp3.0\Kitpymes.Core.Shared.Tests.dll" adapterTypeName="executor://mstestadapter/v2" className="Kitpymes.Core.Shared.Tests.EnumerableExtensionsTests" name="ToString_Passing_Valid_Collection_With_Custom_Separator_Returns_String_With_Custom_Separator" />
    </UnitTest>
    <UnitTest name="ToEnum_Passing_InvalidValueInt_Returns_EnumDefaultValue" storage="d:\sferrari\01 - trabajo\repos\netcore\template-netcore-shared\kitpymes.core.shared.tests\bin\release\netcoreapp3.0\kitpymes.core.shared.tests.dll" id="8c1d1a56-be42-3df5-a82e-36b97c2860b8">
      <Execution id="16a15397-f385-492d-a9e6-15c9fde73924" />
      <TestMethod codeBase="D:\SFERRARI\01 - TRABAJO\REPOS\netcore\template-netcore-shared\Kitpymes.Core.Shared.Tests\bin\Release\netcoreapp3.0\Kitpymes.Core.Shared.Tests.dll" adapterTypeName="executor://mstestadapter/v2" className="Kitpymes.Core.Shared.Tests.StringExtensionsTests" name="ToEnum_Passing_InvalidValueInt_Returns_EnumDefaultValue" />
    </UnitTest>
    <UnitTest name="ToWhere_Passing_Valid_Predicate_Returns_Filter_List" storage="d:\sferrari\01 - trabajo\repos\netcore\template-netcore-shared\kitpymes.core.shared.tests\bin\release\netcoreapp3.0\kitpymes.core.shared.tests.dll" id="e9d3a3d6-32e0-613e-b55e-48afdf1ab686">
      <Execution id="a82536c7-29cc-440c-9b48-f77720168092" />
      <TestMethod codeBase="D:\SFERRARI\01 - TRABAJO\REPOS\netcore\template-netcore-shared\Kitpymes.Core.Shared.Tests\bin\Release\netcoreapp3.0\Kitpymes.Core.Shared.Tests.dll" adapterTypeName="executor://mstestadapter/v2" className="Kitpymes.Core.Shared.Tests.QueryableExtensionsTests" name="ToWhere_Passing_Valid_Predicate_Returns_Filter_List" />
    </UnitTest>
    <UnitTest name="ToHashAlgorithmName_Passing_InvalidValueStringWithDefaultValue_Returns_DefaultValue" storage="d:\sferrari\01 - trabajo\repos\netcore\template-netcore-shared\kitpymes.core.shared.tests\bin\release\netcoreapp3.0\kitpymes.core.shared.tests.dll" id="ab527057-69f2-0a9a-89fd-18928a3920fd">
      <Execution id="1c4d072e-fe62-444c-a1fc-38a59ed735ff" />
      <TestMethod codeBase="D:\SFERRARI\01 - TRABAJO\REPOS\netcore\template-netcore-shared\Kitpymes.Core.Shared.Tests\bin\Release\netcoreapp3.0\Kitpymes.Core.Shared.Tests.dll" adapterTypeName="executor://mstestadapter/v2" className="Kitpymes.Core.Shared.Tests.StringExtensionsTests" name="ToHashAlgorithmName_Passing_InvalidValueStringWithDefaultValue_Returns_DefaultValue" />
    </UnitTest>
    <UnitTest name="ToExists_Passing_NotFound_Service_Returns_False" storage="d:\sferrari\01 - trabajo\repos\netcore\template-netcore-shared\kitpymes.core.shared.tests\bin\release\netcoreapp3.0\kitpymes.core.shared.tests.dll" id="640513b3-feee-19a8-efba-5817e77ff3ee">
      <Execution id="0a0c8a23-05fa-4ad0-a509-4fc47e06d06f" />
      <TestMethod codeBase="D:\SFERRARI\01 - TRABAJO\REPOS\netcore\template-netcore-shared\Kitpymes.Core.Shared.Tests\bin\Release\netcoreapp3.0\Kitpymes.Core.Shared.Tests.dll" adapterTypeName="executor://mstestadapter/v2" className="Kitpymes.Core.Shared.Tests.ConfigurationBuilderExtensionsTests" name="ToExists_Passing_NotFound_Service_Returns_False" />
    </UnitTest>
    <UnitTest name="IsFile_Passing_InvalidArguments_Returns_HasErrorsAndCount" storage="d:\sferrari\01 - trabajo\repos\netcore\template-netcore-shared\kitpymes.core.shared.tests\bin\release\netcoreapp3.0\kitpymes.core.shared.tests.dll" id="d7c20db6-f712-8539-ac01-01e8f4033fac">
      <Execution id="668e99cd-a4b9-4939-9230-fa522a616f8e" />
      <TestMethod codeBase="D:\SFERRARI\01 - TRABAJO\REPOS\netcore\template-netcore-shared\Kitpymes.Core.Shared.Tests\bin\Release\netcoreapp3.0\Kitpymes.Core.Shared.Tests.dll" adapterTypeName="executor://mstestadapter/v2" className="Kitpymes.Core.Shared.Tests.CheckTests" name="IsFile_Passing_InvalidArguments_Returns_HasErrorsAndCount" />
    </UnitTest>
    <UnitTest name="ToFormat_Passing_ValidTimeSpanValue_Returns_ValueWithFormatString" storage="d:\sferrari\01 - trabajo\repos\netcore\template-netcore-shared\kitpymes.core.shared.tests\bin\release\netcoreapp3.0\kitpymes.core.shared.tests.dll" id="ede15cdf-3d1b-3e1a-18dc-485a2d50fe42">
      <Execution id="f6dbfeeb-f693-45e3-a06a-bb0ce4f610f6" />
      <TestMethod codeBase="D:\SFERRARI\01 - TRABAJO\REPOS\netcore\template-netcore-shared\Kitpymes.Core.Shared.Tests\bin\Release\netcoreapp3.0\Kitpymes.Core.Shared.Tests.dll" adapterTypeName="executor://mstestadapter/v2" className="Kitpymes.Core.Shared.Tests.TimeSpanExtensionsTests" name="ToFormat_Passing_ValidTimeSpanValue_Returns_ValueWithFormatString" />
    </UnitTest>
    <UnitTest name="ToTryIPv6_Passing_HttpContext_IP_Value_Returns_IP" storage="d:\sferrari\01 - trabajo\repos\netcore\template-netcore-shared\kitpymes.core.shared.tests\bin\release\netcoreapp3.0\kitpymes.core.shared.tests.dll" id="10024a68-25d4-872c-3e48-a6d6b2671494">
      <Execution id="dc83150a-9204-4ff5-a28b-d0d7d6c53cd9" />
      <TestMethod codeBase="D:\SFERRARI\01 - TRABAJO\REPOS\netcore\template-netcore-shared\Kitpymes.Core.Shared.Tests\bin\Release\netcoreapp3.0\Kitpymes.Core.Shared.Tests.dll" adapterTypeName="executor://mstestadapter/v2" className="Kitpymes.Core.Shared.Tests.HttpContextExtensionsTests" name="ToTryIPv6_Passing_HttpContext_IP_Value_Returns_IP" />
    </UnitTest>
    <UnitTest name="ToIsWeekend_Passing_Friday_DateTime_Returns_False" storage="d:\sferrari\01 - trabajo\repos\netcore\template-netcore-shared\kitpymes.core.shared.tests\bin\release\netcoreapp3.0\kitpymes.core.shared.tests.dll" id="459f13f4-e266-2f20-5c30-d2c64797095d">
      <Execution id="b3cdd56e-4c79-45a8-b972-c138a6d30d77" />
      <TestMethod codeBase="D:\SFERRARI\01 - TRABAJO\REPOS\netcore\template-netcore-shared\Kitpymes.Core.Shared.Tests\bin\Release\netcoreapp3.0\Kitpymes.Core.Shared.Tests.dll" adapterTypeName="executor://mstestadapter/v2" className="Kitpymes.Core.Shared.Tests.DateTimeExtensionsTests" name="ToIsWeekend_Passing_Friday_DateTime_Returns_False" />
    </UnitTest>
    <UnitTest name="ToConfiguration_Passing_Key_Values_Returns_Ok" storage="d:\sferrari\01 - trabajo\repos\netcore\template-netcore-shared\kitpymes.core.shared.tests\bin\release\netcoreapp3.0\kitpymes.core.shared.tests.dll" id="66f7bc12-fe2b-fd81-3cbf-5bc4840aa6f8">
      <Execution id="a05b48bc-bc8c-431a-9458-a5d541a3bf0e" />
      <TestMethod codeBase="D:\SFERRARI\01 - TRABAJO\REPOS\netcore\template-netcore-shared\Kitpymes.Core.Shared.Tests\bin\Release\netcoreapp3.0\Kitpymes.Core.Shared.Tests.dll" adapterTypeName="executor://mstestadapter/v2" className="Kitpymes.Core.Shared.Tests.ConfigurationBuilderExtensionsTests" name="ToConfiguration_Passing_Key_Values_Returns_Ok" />
    </UnitTest>
    <UnitTest name="ToReadOnly_Passing_Valid_Collection_Returns_Readonly_Collection" storage="d:\sferrari\01 - trabajo\repos\netcore\template-netcore-shared\kitpymes.core.shared.tests\bin\release\netcoreapp3.0\kitpymes.core.shared.tests.dll" id="42ded375-26ee-044e-44a7-9eab5e4cd342">
      <Execution id="a666b5f8-1d4c-4624-84a9-61bb5d7db282" />
      <TestMethod codeBase="D:\SFERRARI\01 - TRABAJO\REPOS\netcore\template-netcore-shared\Kitpymes.Core.Shared.Tests\bin\Release\netcoreapp3.0\Kitpymes.Core.Shared.Tests.dll" adapterTypeName="executor://mstestadapter/v2" className="Kitpymes.Core.Shared.Tests.EnumerableExtensionsTests" name="ToReadOnly_Passing_Valid_Collection_Returns_Readonly_Collection" />
    </UnitTest>
    <UnitTest name="ToEnvironment_Passing_Staging_Enviroment_Returns_Staging_Name" storage="d:\sferrari\01 - trabajo\repos\netcore\template-netcore-shared\kitpymes.core.shared.tests\bin\release\netcoreapp3.0\kitpymes.core.shared.tests.dll" id="5e237822-3b9d-da27-9221-3ae1f5eb15b0">
      <Execution id="cb6adbfb-971d-4cd1-b7d2-e232eaf43fc4" />
      <TestMethod codeBase="D:\SFERRARI\01 - TRABAJO\REPOS\netcore\template-netcore-shared\Kitpymes.Core.Shared.Tests\bin\Release\netcoreapp3.0\Kitpymes.Core.Shared.Tests.dll" adapterTypeName="executor://mstestadapter/v2" className="Kitpymes.Core.Shared.Tests.ApplicationBuilderExtensionsTests" name="ToEnvironment_Passing_Staging_Enviroment_Returns_Staging_Name" />
    </UnitTest>
    <UnitTest name="ToEnvironment_Passing_NotFound_Service_Returns_ApplicationException" storage="d:\sferrari\01 - trabajo\repos\netcore\template-netcore-shared\kitpymes.core.shared.tests\bin\release\netcoreapp3.0\kitpymes.core.shared.tests.dll" id="1a919c7e-4e1e-08f8-d5ef-a9418bde23f0">
      <Execution id="9c722eaf-111f-4b77-bc65-75cd8fbe5791" />
      <TestMethod codeBase="D:\SFERRARI\01 - TRABAJO\REPOS\netcore\template-netcore-shared\Kitpymes.Core.Shared.Tests\bin\Release\netcoreapp3.0\Kitpymes.Core.Shared.Tests.dll" adapterTypeName="executor://mstestadapter/v2" className="Kitpymes.Core.Shared.Tests.ConfigurationBuilderExtensionsTests" name="ToEnvironment_Passing_NotFound_Service_Returns_ApplicationException" />
    </UnitTest>
    <UnitTest name="ToServiceMatchingInterface_Passing_Empties_Assemblies_Returns_ApplicationException" storage="d:\sferrari\01 - trabajo\repos\netcore\template-netcore-shared\kitpymes.core.shared.tests\bin\release\netcoreapp3.0\kitpymes.core.shared.tests.dll" id="760ae14b-6c0d-0288-811d-408b67937415">
      <Execution id="e81bb09d-329d-42a6-9141-058a60002c3b" />
      <TestMethod codeBase="D:\SFERRARI\01 - TRABAJO\REPOS\netcore\template-netcore-shared\Kitpymes.Core.Shared.Tests\bin\Release\netcoreapp3.0\Kitpymes.Core.Shared.Tests.dll" adapterTypeName="executor://mstestadapter/v2" className="Kitpymes.Core.Shared.Tests.ConfigurationBuilderExtensionsTests" name="ToServiceMatchingInterface_Passing_Empties_Assemblies_Returns_ApplicationException" />
    </UnitTest>
    <UnitTest name="ToIsLastDayOfTheMonth_Passing_LastDayOfMonth_Returns_True" storage="d:\sferrari\01 - trabajo\repos\netcore\template-netcore-shared\kitpymes.core.shared.tests\bin\release\netcoreapp3.0\kitpymes.core.shared.tests.dll" id="98d4dd82-eb94-c060-7aeb-9b0a39f334fb">
      <Execution id="77091744-ef71-4c82-9cdb-812c17502075" />
      <TestMethod codeBase="D:\SFERRARI\01 - TRABAJO\REPOS\netcore\template-netcore-shared\Kitpymes.Core.Shared.Tests\bin\Release\netcoreapp3.0\Kitpymes.Core.Shared.Tests.dll" adapterTypeName="executor://mstestadapter/v2" className="Kitpymes.Core.Shared.Tests.DateTimeExtensionsTests" name="ToIsLastDayOfTheMonth_Passing_LastDayOfMonth_Returns_True" />
    </UnitTest>
    <UnitTest name="ToThrowIfNullOrAny_Passing_InvalidValue_Returns_ApplicationExceptionWithMessage" storage="d:\sferrari\01 - trabajo\repos\netcore\template-netcore-shared\kitpymes.core.shared.tests\bin\release\netcoreapp3.0\kitpymes.core.shared.tests.dll" id="55f84516-b3d2-35a4-2f3f-b6558c160cb1">
      <Execution id="7261da36-6c76-4978-9d65-053b67dabae2" />
      <TestMethod codeBase="D:\SFERRARI\01 - TRABAJO\REPOS\netcore\template-netcore-shared\Kitpymes.Core.Shared.Tests\bin\Release\netcoreapp3.0\Kitpymes.Core.Shared.Tests.dll" adapterTypeName="executor://mstestadapter/v2" className="Kitpymes.Core.Shared.Tests.CheckExtensionsTests" name="ToThrowIfNullOrAny_Passing_InvalidValue_Returns_ApplicationExceptionWithMessage" />
    </UnitTest>
    <UnitTest name="ToConfiguration_Passing_Empty_DirectoryPath_Returns_ApplicationException" storage="d:\sferrari\01 - trabajo\repos\netcore\template-netcore-shared\kitpymes.core.shared.tests\bin\release\netcoreapp3.0\kitpymes.core.shared.tests.dll" id="5c861184-f295-e727-0fd4-d218f13da14d">
      <Execution id="6175f2ed-8ac2-4811-81f8-b8fe3cb799ef" />
      <TestMethod codeBase="D:\SFERRARI\01 - TRABAJO\REPOS\netcore\template-netcore-shared\Kitpymes.Core.Shared.Tests\bin\Release\netcoreapp3.0\Kitpymes.Core.Shared.Tests.dll" adapterTypeName="executor://mstestadapter/v2" className="Kitpymes.Core.Shared.Tests.ConfigurationBuilderExtensionsTests" name="ToConfiguration_Passing_Empty_DirectoryPath_Returns_ApplicationException" />
    </UnitTest>
    <UnitTest name="IsEmail_Passing_InvalidArguments_Returns_HasErrorsAndCount" storage="d:\sferrari\01 - trabajo\repos\netcore\template-netcore-shared\kitpymes.core.shared.tests\bin\release\netcoreapp3.0\kitpymes.core.shared.tests.dll" id="180814cc-22f9-91b2-cd9a-f54be7e1ba18">
      <Execution id="22fd3a8b-2a31-4798-b50b-55ab29539487" />
      <TestMethod codeBase="D:\SFERRARI\01 - TRABAJO\REPOS\netcore\template-netcore-shared\Kitpymes.Core.Shared.Tests\bin\Release\netcoreapp3.0\Kitpymes.Core.Shared.Tests.dll" adapterTypeName="executor://mstestadapter/v2" className="Kitpymes.Core.Shared.Tests.CheckTests" name="IsEmail_Passing_InvalidArguments_Returns_HasErrorsAndCount" />
    </UnitTest>
    <UnitTest name="ToAuthenticationType_Passing_Null_ClaimsPrincipal_Returns_ApplicationException" storage="d:\sferrari\01 - trabajo\repos\netcore\template-netcore-shared\kitpymes.core.shared.tests\bin\release\netcoreapp3.0\kitpymes.core.shared.tests.dll" id="8dccdb77-e6a8-58c6-9bd0-108f87c5ff65">
      <Execution id="a4236b2d-5170-4fa7-bfb5-d31d614775b7" />
      <TestMethod codeBase="D:\SFERRARI\01 - TRABAJO\REPOS\netcore\template-netcore-shared\Kitpymes.Core.Shared.Tests\bin\Release\netcoreapp3.0\Kitpymes.Core.Shared.Tests.dll" adapterTypeName="executor://mstestadapter/v2" className="Kitpymes.Core.Shared.Tests.ClaimsPrincipalExtensionsTests" name="ToAuthenticationType_Passing_Null_ClaimsPrincipal_Returns_ApplicationException" />
    </UnitTest>
    <UnitTest name="ToDefaultValue_Passing_ValidString_Returns_DefaultValue" storage="d:\sferrari\01 - trabajo\repos\netcore\template-netcore-shared\kitpymes.core.shared.tests\bin\release\netcoreapp3.0\kitpymes.core.shared.tests.dll" id="579b7361-19a9-f329-acb3-de102dcfc793">
      <Execution id="89072421-6b45-4852-b896-f8841f774985" />
      <TestMethod codeBase="D:\SFERRARI\01 - TRABAJO\REPOS\netcore\template-netcore-shared\Kitpymes.Core.Shared.Tests\bin\Release\netcoreapp3.0\Kitpymes.Core.Shared.Tests.dll" adapterTypeName="executor://mstestadapter/v2" className="Kitpymes.Core.Shared.Tests.TypeExtensionsTests" name="ToDefaultValue_Passing_ValidString_Returns_DefaultValue" />
    </UnitTest>
    <UnitTest name="ToIsNullOrEmpty_Passing_InvalidValue_Returns_True" storage="d:\sferrari\01 - trabajo\repos\netcore\template-netcore-shared\kitpymes.core.shared.tests\bin\release\netcoreapp3.0\kitpymes.core.shared.tests.dll" id="297c060d-406b-f933-91fe-dfd3459b8ace">
      <Execution id="0e0bc8d1-9701-4e67-9c17-d01afc97efef" />
      <TestMethod codeBase="D:\SFERRARI\01 - TRABAJO\REPOS\netcore\template-netcore-shared\Kitpymes.Core.Shared.Tests\bin\Release\netcoreapp3.0\Kitpymes.Core.Shared.Tests.dll" adapterTypeName="executor://mstestadapter/v2" className="Kitpymes.Core.Shared.Tests.CheckExtensionsTests" name="ToIsNullOrEmpty_Passing_InvalidValue_Returns_True" />
    </UnitTest>
    <UnitTest name="ToList_Passing_ValidEnumTypeWithSelectedValue_Returns_ValuesList" storage="d:\sferrari\01 - trabajo\repos\netcore\template-netcore-shared\kitpymes.core.shared.tests\bin\release\netcoreapp3.0\kitpymes.core.shared.tests.dll" id="b871cd27-681f-8d07-6c2a-809341ba2909">
      <Execution id="495c89f3-858f-4d0a-9eb3-7a7af6b9644c" />
      <TestMethod codeBase="D:\SFERRARI\01 - TRABAJO\REPOS\netcore\template-netcore-shared\Kitpymes.Core.Shared.Tests\bin\Release\netcoreapp3.0\Kitpymes.Core.Shared.Tests.dll" adapterTypeName="executor://mstestadapter/v2" className="Kitpymes.Core.Shared.Tests.EnumsTests" name="ToList_Passing_ValidEnumTypeWithSelectedValue_Returns_ValuesList" />
    </UnitTest>
    <UnitTest name="ToDefaultValue_Passing_char_Returns_Cero" storage="d:\sferrari\01 - trabajo\repos\netcore\template-netcore-shared\kitpymes.core.shared.tests\bin\release\netcoreapp3.0\kitpymes.core.shared.tests.dll" id="17a38df3-33e0-71ac-f8cb-dcdd3ade7269">
      <Execution id="0defbc88-7b87-484e-9324-ba17b4ab0446" />
      <TestMethod codeBase="D:\SFERRARI\01 - TRABAJO\REPOS\netcore\template-netcore-shared\Kitpymes.Core.Shared.Tests\bin\Release\netcoreapp3.0\Kitpymes.Core.Shared.Tests.dll" adapterTypeName="executor://mstestadapter/v2" className="Kitpymes.Core.Shared.Tests.GenericExtensionsTests" name="ToDefaultValue_Passing_char_Returns_Cero" />
    </UnitTest>
    <UnitTest name="ToExists_Passing_Claims_Returns_True" storage="d:\sferrari\01 - trabajo\repos\netcore\template-netcore-shared\kitpymes.core.shared.tests\bin\release\netcoreapp3.0\kitpymes.core.shared.tests.dll" id="57d3cdd8-8268-9aa3-6f39-3cc0224b305c">
      <Execution id="66356269-49ad-4f3d-8926-a3c79572cd89" />
      <TestMethod codeBase="D:\SFERRARI\01 - TRABAJO\REPOS\netcore\template-netcore-shared\Kitpymes.Core.Shared.Tests\bin\Release\netcoreapp3.0\Kitpymes.Core.Shared.Tests.dll" adapterTypeName="executor://mstestadapter/v2" className="Kitpymes.Core.Shared.Tests.ClaimsPrincipalExtensionsTests" name="ToExists_Passing_Claims_Returns_True" />
    </UnitTest>
    <UnitTest name="ToIsNullOrAny_Passing_InvalidValue_Returns_True" storage="d:\sferrari\01 - trabajo\repos\netcore\template-netcore-shared\kitpymes.core.shared.tests\bin\release\netcoreapp3.0\kitpymes.core.shared.tests.dll" id="55f105d6-fc07-21db-e70a-db30ccdb0844">
      <Execution id="18a117c0-2496-4eeb-bd6d-1c4459f4cdb8" />
      <TestMethod codeBase="D:\SFERRARI\01 - TRABAJO\REPOS\netcore\template-netcore-shared\Kitpymes.Core.Shared.Tests\bin\Release\netcoreapp3.0\Kitpymes.Core.Shared.Tests.dll" adapterTypeName="executor://mstestadapter/v2" className="Kitpymes.Core.Shared.Tests.CheckExtensionsTests" name="ToIsNullOrAny_Passing_InvalidValue_Returns_True" />
    </UnitTest>
    <UnitTest name="ToSetTime_Passing_Time_String_Returns_DateTime" storage="d:\sferrari\01 - trabajo\repos\netcore\template-netcore-shared\kitpymes.core.shared.tests\bin\release\netcoreapp3.0\kitpymes.core.shared.tests.dll" id="34931354-7c25-7812-28fe-96ea501746b4">
      <Execution id="b719f780-866a-4ddb-ab90-ba35d91071b1" />
      <TestMethod codeBase="D:\SFERRARI\01 - TRABAJO\REPOS\netcore\template-netcore-shared\Kitpymes.Core.Shared.Tests\bin\Release\netcoreapp3.0\Kitpymes.Core.Shared.Tests.dll" adapterTypeName="executor://mstestadapter/v2" className="Kitpymes.Core.Shared.Tests.DateTimeExtensionsTests" name="ToSetTime_Passing_Time_String_Returns_DateTime" />
    </UnitTest>
    <UnitTest name="ToHeader_Passing_HttpRequest_Header_Many_Values_Returns_Values" storage="d:\sferrari\01 - trabajo\repos\netcore\template-netcore-shared\kitpymes.core.shared.tests\bin\release\netcoreapp3.0\kitpymes.core.shared.tests.dll" id="43c10c64-8836-30db-afbe-d1657a7dd9d8">
      <Execution id="edca5990-d5f9-400e-a0f1-0dfe2730320d" />
      <TestMethod codeBase="D:\SFERRARI\01 - TRABAJO\REPOS\netcore\template-netcore-shared\Kitpymes.Core.Shared.Tests\bin\Release\netcoreapp3.0\Kitpymes.Core.Shared.Tests.dll" adapterTypeName="executor://mstestadapter/v2" className="Kitpymes.Core.Shared.Tests.HttpRequestExtensionsTests" name="ToHeader_Passing_HttpRequest_Header_Many_Values_Returns_Values" />
    </UnitTest>
    <UnitTest name="ToConfiguration_Passing_Invalid_DirectoryPath_Returns_ApplicationException" storage="d:\sferrari\01 - trabajo\repos\netcore\template-netcore-shared\kitpymes.core.shared.tests\bin\release\netcoreapp3.0\kitpymes.core.shared.tests.dll" id="73904cd7-b09d-89fc-efca-330cb9d1d1b7">
      <Execution id="7e27642d-089a-4a09-9d4f-e97b6aaf11bf" />
      <TestMethod codeBase="D:\SFERRARI\01 - TRABAJO\REPOS\netcore\template-netcore-shared\Kitpymes.Core.Shared.Tests\bin\Release\netcoreapp3.0\Kitpymes.Core.Shared.Tests.dll" adapterTypeName="executor://mstestadapter/v2" className="Kitpymes.Core.Shared.Tests.ConfigurationBuilderExtensionsTests" name="ToConfiguration_Passing_Invalid_DirectoryPath_Returns_ApplicationException" />
    </UnitTest>
    <UnitTest name="ToPaged_Passing_Age_Ascending_Order_Returns_Filter_List" storage="d:\sferrari\01 - trabajo\repos\netcore\template-netcore-shared\kitpymes.core.shared.tests\bin\release\netcoreapp3.0\kitpymes.core.shared.tests.dll" id="f0f37a42-1a3a-10a5-5f17-e01b9915abd3">
      <Execution id="ba73add0-c37a-4dae-879b-9954ee36526f" />
      <TestMethod codeBase="D:\SFERRARI\01 - TRABAJO\REPOS\netcore\template-netcore-shared\Kitpymes.Core.Shared.Tests\bin\Release\netcoreapp3.0\Kitpymes.Core.Shared.Tests.dll" adapterTypeName="executor://mstestadapter/v2" className="Kitpymes.Core.Shared.Tests.QueryableExtensionsTests" name="ToPaged_Passing_Age_Ascending_Order_Returns_Filter_List" />
    </UnitTest>
    <UnitTest name="ToDetails_Passing_HttpContext_Returns_Details_HttpContext" storage="d:\sferrari\01 - trabajo\repos\netcore\template-netcore-shared\kitpymes.core.shared.tests\bin\release\netcoreapp3.0\kitpymes.core.shared.tests.dll" id="4ff63349-9eef-ad1f-85cf-a84cda1ff120">
      <Execution id="48d50337-4bad-43f2-920e-62cb3595e0b7" />
      <TestMethod codeBase="D:\SFERRARI\01 - TRABAJO\REPOS\netcore\template-netcore-shared\Kitpymes.Core.Shared.Tests\bin\Release\netcoreapp3.0\Kitpymes.Core.Shared.Tests.dll" adapterTypeName="executor://mstestadapter/v2" className="Kitpymes.Core.Shared.Tests.HttpContextExtensionsTests" name="ToDetails_Passing_HttpContext_Returns_Details_HttpContext" />
    </UnitTest>
    <UnitTest name="ToEmptyIfNull_Passing_Null_Collection_Returns_Empty_Collection" storage="d:\sferrari\01 - trabajo\repos\netcore\template-netcore-shared\kitpymes.core.shared.tests\bin\release\netcoreapp3.0\kitpymes.core.shared.tests.dll" id="3e6d6aa9-9b6d-dd96-b54c-49f88780a2b4">
      <Execution id="8d1512f9-cfdf-4ecb-b1a2-ccc04a070643" />
      <TestMethod codeBase="D:\SFERRARI\01 - TRABAJO\REPOS\netcore\template-netcore-shared\Kitpymes.Core.Shared.Tests\bin\Release\netcoreapp3.0\Kitpymes.Core.Shared.Tests.dll" adapterTypeName="executor://mstestadapter/v2" className="Kitpymes.Core.Shared.Tests.EnumerableExtensionsTests" name="ToEmptyIfNull_Passing_Null_Collection_Returns_Empty_Collection" />
    </UnitTest>
    <UnitTest name="ToInt_Passing_InvalidValueString_Returns_DefaultValue" storage="d:\sferrari\01 - trabajo\repos\netcore\template-netcore-shared\kitpymes.core.shared.tests\bin\release\netcoreapp3.0\kitpymes.core.shared.tests.dll" id="19f76070-822e-31f8-2a9f-a96f774333a7">
      <Execution id="3515d422-feec-454b-8bd9-05a3fbb9b423" />
      <TestMethod codeBase="D:\SFERRARI\01 - TRABAJO\REPOS\netcore\template-netcore-shared\Kitpymes.Core.Shared.Tests\bin\Release\netcoreapp3.0\Kitpymes.Core.Shared.Tests.dll" adapterTypeName="executor://mstestadapter/v2" className="Kitpymes.Core.Shared.Tests.StringExtensionsTests" name="ToInt_Passing_InvalidValueString_Returns_DefaultValue" />
    </UnitTest>
    <UnitTest name="ToEnvironment_ServiceProvider_Passing_Development_Enviroment_Returns_Development_Name" storage="d:\sferrari\01 - trabajo\repos\netcore\template-netcore-shared\kitpymes.core.shared.tests\bin\release\netcoreapp3.0\kitpymes.core.shared.tests.dll" id="c09577a6-adca-ef94-40b5-45575ad65e4f">
      <Execution id="94670135-570a-44d3-9658-d1b7786b6063" />
      <TestMethod codeBase="D:\SFERRARI\01 - TRABAJO\REPOS\netcore\template-netcore-shared\Kitpymes.Core.Shared.Tests\bin\Release\netcoreapp3.0\Kitpymes.Core.Shared.Tests.dll" adapterTypeName="executor://mstestadapter/v2" className="Kitpymes.Core.Shared.Tests.ConfigurationBuilderExtensionsTests" name="ToEnvironment_ServiceProvider_Passing_Development_Enviroment_Returns_Development_Name" />
    </UnitTest>
    <UnitTest name="ToUserName_Passing_Valid_UserName_ClaimsPrincipal_Returns_String_UserName_Value" storage="d:\sferrari\01 - trabajo\repos\netcore\template-netcore-shared\kitpymes.core.shared.tests\bin\release\netcoreapp3.0\kitpymes.core.shared.tests.dll" id="856fd0c8-b6f8-9265-ccfd-2a9e615488e2">
      <Execution id="b6f11286-067e-4aca-be57-7de3c145c74b" />
      <TestMethod codeBase="D:\SFERRARI\01 - TRABAJO\REPOS\netcore\template-netcore-shared\Kitpymes.Core.Shared.Tests\bin\Release\netcoreapp3.0\Kitpymes.Core.Shared.Tests.dll" adapterTypeName="executor://mstestadapter/v2" className="Kitpymes.Core.Shared.Tests.ClaimsPrincipalExtensionsTests" name="ToUserName_Passing_Valid_UserName_ClaimsPrincipal_Returns_String_UserName_Value" />
    </UnitTest>
    <UnitTest name="ToEnvironment_ServiceCollection_Passing_Staging_Enviroment_Returns_Staging_Name" storage="d:\sferrari\01 - trabajo\repos\netcore\template-netcore-shared\kitpymes.core.shared.tests\bin\release\netcoreapp3.0\kitpymes.core.shared.tests.dll" id="504465b7-a3fe-9023-93b9-ffece1903418">
      <Execution id="b681ff23-6930-4a96-b399-22648b02bbea" />
      <TestMethod codeBase="D:\SFERRARI\01 - TRABAJO\REPOS\netcore\template-netcore-shared\Kitpymes.Core.Shared.Tests\bin\Release\netcoreapp3.0\Kitpymes.Core.Shared.Tests.dll" adapterTypeName="executor://mstestadapter/v2" className="Kitpymes.Core.Shared.Tests.ConfigurationBuilderExtensionsTests" name="ToEnvironment_ServiceCollection_Passing_Staging_Enviroment_Returns_Staging_Name" />
    </UnitTest>
    <UnitTest name="ToDefaultValue_Passing_short_Returns_Cero" storage="d:\sferrari\01 - trabajo\repos\netcore\template-netcore-shared\kitpymes.core.shared.tests\bin\release\netcoreapp3.0\kitpymes.core.shared.tests.dll" id="40108f40-2761-0a89-d16d-ad113b5f3dd5">
      <Execution id="3cea8c5a-4229-4b31-92a4-c5a9aefe20ba" />
      <TestMethod codeBase="D:\SFERRARI\01 - TRABAJO\REPOS\netcore\template-netcore-shared\Kitpymes.Core.Shared.Tests\bin\Release\netcoreapp3.0\Kitpymes.Core.Shared.Tests.dll" adapterTypeName="executor://mstestadapter/v2" className="Kitpymes.Core.Shared.Tests.GenericExtensionsTests" name="ToDefaultValue_Passing_short_Returns_Cero" />
    </UnitTest>
    <UnitTest name="ToDefaultValue_Passing_ValidGuid_Returns_DefaultValue" storage="d:\sferrari\01 - trabajo\repos\netcore\template-netcore-shared\kitpymes.core.shared.tests\bin\release\netcoreapp3.0\kitpymes.core.shared.tests.dll" id="225c09bd-86d5-d9ce-d2b8-18431ca384e3">
      <Execution id="40cbaa51-2113-4c6e-8282-9f820e8d3a10" />
      <TestMethod codeBase="D:\SFERRARI\01 - TRABAJO\REPOS\netcore\template-netcore-shared\Kitpymes.Core.Shared.Tests\bin\Release\netcoreapp3.0\Kitpymes.Core.Shared.Tests.dll" adapterTypeName="executor://mstestadapter/v2" className="Kitpymes.Core.Shared.Tests.TypeExtensionsTests" name="ToDefaultValue_Passing_ValidGuid_Returns_DefaultValue" />
    </UnitTest>
    <UnitTest name="ToDefaultValue_Passing_int_Returns_Cero" storage="d:\sferrari\01 - trabajo\repos\netcore\template-netcore-shared\kitpymes.core.shared.tests\bin\release\netcoreapp3.0\kitpymes.core.shared.tests.dll" id="4234610b-215b-41f7-e61d-4a82851bdfa3">
      <Execution id="5527d31d-5668-442b-95f0-ed99b9721d9e" />
      <TestMethod codeBase="D:\SFERRARI\01 - TRABAJO\REPOS\netcore\template-netcore-shared\Kitpymes.Core.Shared.Tests\bin\Release\netcoreapp3.0\Kitpymes.Core.Shared.Tests.dll" adapterTypeName="executor://mstestadapter/v2" className="Kitpymes.Core.Shared.Tests.GenericExtensionsTests" name="ToDefaultValue_Passing_int_Returns_Cero" />
    </UnitTest>
    <UnitTest name="ToTryGetHeader_Passing_HttpRequest_Header_Value_Returns_Value" storage="d:\sferrari\01 - trabajo\repos\netcore\template-netcore-shared\kitpymes.core.shared.tests\bin\release\netcoreapp3.0\kitpymes.core.shared.tests.dll" id="13bab721-bf36-ea1b-3f50-9937b274e83a">
      <Execution id="6613952e-3b05-4af4-ab42-95d604a9ec62" />
      <TestMethod codeBase="D:\SFERRARI\01 - TRABAJO\REPOS\netcore\template-netcore-shared\Kitpymes.Core.Shared.Tests\bin\Release\netcoreapp3.0\Kitpymes.Core.Shared.Tests.dll" adapterTypeName="executor://mstestadapter/v2" className="Kitpymes.Core.Shared.Tests.HttpRequestExtensionsTests" name="ToTryGetHeader_Passing_HttpRequest_Header_Value_Returns_Value" />
    </UnitTest>
    <UnitTest name="ToService_Passing_NotFound_Service_Returns_Null" storage="d:\sferrari\01 - trabajo\repos\netcore\template-netcore-shared\kitpymes.core.shared.tests\bin\release\netcoreapp3.0\kitpymes.core.shared.tests.dll" id="c330741e-ad40-618c-36cc-508c135d2b95">
      <Execution id="253b631f-9f60-426a-bc9c-52c34bb2e498" />
      <TestMethod codeBase="D:\SFERRARI\01 - TRABAJO\REPOS\netcore\template-netcore-shared\Kitpymes.Core.Shared.Tests\bin\Release\netcoreapp3.0\Kitpymes.Core.Shared.Tests.dll" adapterTypeName="executor://mstestadapter/v2" className="Kitpymes.Core.Shared.Tests.ConfigurationBuilderExtensionsTests" name="ToService_Passing_NotFound_Service_Returns_Null" />
    </UnitTest>
    <UnitTest name="ToService_Passing_Service_Not_Found_Returns_ApplicationException" storage="d:\sferrari\01 - trabajo\repos\netcore\template-netcore-shared\kitpymes.core.shared.tests\bin\release\netcoreapp3.0\kitpymes.core.shared.tests.dll" id="74c0befe-cdb2-1fdf-be71-2a39199bb5c9">
      <Execution id="372b2878-4a41-42ba-829f-1a64497699cb" />
      <TestMethod codeBase="D:\SFERRARI\01 - TRABAJO\REPOS\netcore\template-netcore-shared\Kitpymes.Core.Shared.Tests\bin\Release\netcoreapp3.0\Kitpymes.Core.Shared.Tests.dll" adapterTypeName="executor://mstestadapter/v2" className="Kitpymes.Core.Shared.Tests.ApplicationBuilderExtensionsTests" name="ToService_Passing_Service_Not_Found_Returns_ApplicationException" />
    </UnitTest>
    <UnitTest name="CreateRandom_WithDefaultAllowableCharacters_Passing_ValidArguments_Returns_String_Random_Value" storage="d:\sferrari\01 - trabajo\repos\netcore\template-netcore-shared\kitpymes.core.shared.tests\bin\release\netcoreapp3.0\kitpymes.core.shared.tests.dll" id="481343f9-3ff3-548f-0c6c-41599cf65802">
      <Execution id="d2e7591b-a438-4b23-85b0-3ec172695ff4" />
      <TestMethod codeBase="D:\SFERRARI\01 - TRABAJO\REPOS\netcore\template-netcore-shared\Kitpymes.Core.Shared.Tests\bin\Release\netcoreapp3.0\Kitpymes.Core.Shared.Tests.dll" adapterTypeName="executor://mstestadapter/v2" className="Kitpymes.Core.Shared.Tests.HashTests" name="CreateRandom_WithDefaultAllowableCharacters_Passing_ValidArguments_Returns_String_Random_Value" />
    </UnitTest>
    <UnitTest name="ToCount_Passing_ValidEnumType_Returns_Count" storage="d:\sferrari\01 - trabajo\repos\netcore\template-netcore-shared\kitpymes.core.shared.tests\bin\release\netcoreapp3.0\kitpymes.core.shared.tests.dll" id="bc6955b8-aec0-957c-bad4-853e5cfa19a1">
      <Execution id="d3e1fa43-e75f-4310-9c0a-5668a9eb843f" />
      <TestMethod codeBase="D:\SFERRARI\01 - TRABAJO\REPOS\netcore\template-netcore-shared\Kitpymes.Core.Shared.Tests\bin\Release\netcoreapp3.0\Kitpymes.Core.Shared.Tests.dll" adapterTypeName="executor://mstestadapter/v2" className="Kitpymes.Core.Shared.Tests.EnumsTests" name="ToCount_Passing_ValidEnumType_Returns_Count" />
    </UnitTest>
    <UnitTest name="ToIsAuthenticated_Passing_Claims_Returns_False" storage="d:\sferrari\01 - trabajo\repos\netcore\template-netcore-shared\kitpymes.core.shared.tests\bin\release\netcoreapp3.0\kitpymes.core.shared.tests.dll" id="7384e2f6-7a7f-d462-78fa-5bf7f49c326a">
      <Execution id="ba947fe2-98bc-4d6c-94c2-502059a109d0" />
      <TestMethod codeBase="D:\SFERRARI\01 - TRABAJO\REPOS\netcore\template-netcore-shared\Kitpymes.Core.Shared.Tests\bin\Release\netcoreapp3.0\Kitpymes.Core.Shared.Tests.dll" adapterTypeName="executor://mstestadapter/v2" className="Kitpymes.Core.Shared.Tests.ClaimsPrincipalExtensionsTests" name="ToIsAuthenticated_Passing_Claims_Returns_False" />
    </UnitTest>
    <UnitTest name="ToEnvironment_ServiceCollection_Passing_Custom_Enviroment_Returns_Custom_Name" storage="d:\sferrari\01 - trabajo\repos\netcore\template-netcore-shared\kitpymes.core.shared.tests\bin\release\netcoreapp3.0\kitpymes.core.shared.tests.dll" id="21ae5425-e2d1-002f-334f-105a6a674a01">
      <Execution id="06ef798c-5e32-49b9-8fb3-a1e38059a40b" />
      <TestMethod codeBase="D:\SFERRARI\01 - TRABAJO\REPOS\netcore\template-netcore-shared\Kitpymes.Core.Shared.Tests\bin\Release\netcoreapp3.0\Kitpymes.Core.Shared.Tests.dll" adapterTypeName="executor://mstestadapter/v2" className="Kitpymes.Core.Shared.Tests.ConfigurationBuilderExtensionsTests" name="ToEnvironment_ServiceCollection_Passing_Custom_Enviroment_Returns_Custom_Name" />
    </UnitTest>
    <UnitTest name="ToDictionaryPropertyInfo_Passing_Object_IncludeNullOrEmptyProperty_Returns_Properties_NameAndValue_Dictionary" storage="d:\sferrari\01 - trabajo\repos\netcore\template-netcore-shared\kitpymes.core.shared.tests\bin\release\netcoreapp3.0\kitpymes.core.shared.tests.dll" id="a0ed43cd-0648-ddf9-c80e-52c6889ee049">
      <Execution id="6eef432d-654e-4e18-a065-20cb479f8327" />
      <TestMethod codeBase="D:\SFERRARI\01 - TRABAJO\REPOS\netcore\template-netcore-shared\Kitpymes.Core.Shared.Tests\bin\Release\netcoreapp3.0\Kitpymes.Core.Shared.Tests.dll" adapterTypeName="executor://mstestadapter/v2" className="Kitpymes.Core.Shared.Tests.GenericExtensionsTests" name="ToDictionaryPropertyInfo_Passing_Object_IncludeNullOrEmptyProperty_Returns_Properties_NameAndValue_Dictionary" />
    </UnitTest>
    <UnitTest name="CreateRandom_WithCustomAllowableCharacters_Passing_Valid_Arguments_Returns_String_Random_Value" storage="d:\sferrari\01 - trabajo\repos\netcore\template-netcore-shared\kitpymes.core.shared.tests\bin\release\netcoreapp3.0\kitpymes.core.shared.tests.dll" id="430dec51-b9df-7e06-fff9-78e6d362c2d8">
      <Execution id="3e8c79b8-12d1-4397-a5b8-35d60ea33d80" />
      <TestMethod codeBase="D:\SFERRARI\01 - TRABAJO\REPOS\netcore\template-netcore-shared\Kitpymes.Core.Shared.Tests\bin\Release\netcoreapp3.0\Kitpymes.Core.Shared.Tests.dll" adapterTypeName="executor://mstestadapter/v2" className="Kitpymes.Core.Shared.Tests.HashTests" name="CreateRandom_WithCustomAllowableCharacters_Passing_Valid_Arguments_Returns_String_Random_Value" />
    </UnitTest>
    <UnitTest name="ToIsWeekend_Passing_Saturday_DateTime_Returns_True" storage="d:\sferrari\01 - trabajo\repos\netcore\template-netcore-shared\kitpymes.core.shared.tests\bin\release\netcoreapp3.0\kitpymes.core.shared.tests.dll" id="18040ed3-941e-dd1e-cb8c-4d34d103f370">
      <Execution id="8377aa5c-856c-4b6b-b90e-7df03e74ef8d" />
      <TestMethod codeBase="D:\SFERRARI\01 - TRABAJO\REPOS\netcore\template-netcore-shared\Kitpymes.Core.Shared.Tests\bin\Release\netcoreapp3.0\Kitpymes.Core.Shared.Tests.dll" adapterTypeName="executor://mstestadapter/v2" className="Kitpymes.Core.Shared.Tests.DateTimeExtensionsTests" name="ToIsWeekend_Passing_Saturday_DateTime_Returns_True" />
    </UnitTest>
    <UnitTest name="ToInt_Passing_InvalidValueString_Returns_Null" storage="d:\sferrari\01 - trabajo\repos\netcore\template-netcore-shared\kitpymes.core.shared.tests\bin\release\netcoreapp3.0\kitpymes.core.shared.tests.dll" id="2799ef62-9686-0dc7-84d2-73639b0030f7">
      <Execution id="0d9008f4-ecbd-40b9-a683-7d58ab797d30" />
      <TestMethod codeBase="D:\SFERRARI\01 - TRABAJO\REPOS\netcore\template-netcore-shared\Kitpymes.Core.Shared.Tests\bin\Release\netcoreapp3.0\Kitpymes.Core.Shared.Tests.dll" adapterTypeName="executor://mstestadapter/v2" className="Kitpymes.Core.Shared.Tests.StringExtensionsTests" name="ToInt_Passing_InvalidValueString_Returns_Null" />
    </UnitTest>
    <UnitTest name="ToThrow_Passing_InvalidValue_Returns_ApplicationExceptionWithMessage" storage="d:\sferrari\01 - trabajo\repos\netcore\template-netcore-shared\kitpymes.core.shared.tests\bin\release\netcoreapp3.0\kitpymes.core.shared.tests.dll" id="9b5f9705-0df5-3b21-5e23-e11b68721fd4">
      <Execution id="480818f7-0664-4df6-be4c-f73052a3c6e9" />
      <TestMethod codeBase="D:\SFERRARI\01 - TRABAJO\REPOS\netcore\template-netcore-shared\Kitpymes.Core.Shared.Tests\bin\Release\netcoreapp3.0\Kitpymes.Core.Shared.Tests.dll" adapterTypeName="executor://mstestadapter/v2" className="Kitpymes.Core.Shared.Tests.CheckExtensionsTests" name="ToThrow_Passing_InvalidValue_Returns_ApplicationExceptionWithMessage" />
    </UnitTest>
    <UnitTest name="ToAge_Passing_Birthday_DateTime_Returns_Age" storage="d:\sferrari\01 - trabajo\repos\netcore\template-netcore-shared\kitpymes.core.shared.tests\bin\release\netcoreapp3.0\kitpymes.core.shared.tests.dll" id="4ead3f79-a54e-1b96-838c-d0c2f491cb0d">
      <Execution id="26676c6b-6dcc-4295-b500-f4618228cc67" />
      <TestMethod codeBase="D:\SFERRARI\01 - TRABAJO\REPOS\netcore\template-netcore-shared\Kitpymes.Core.Shared.Tests\bin\Release\netcoreapp3.0\Kitpymes.Core.Shared.Tests.dll" adapterTypeName="executor://mstestadapter/v2" className="Kitpymes.Core.Shared.Tests.DateTimeExtensionsTests" name="ToAge_Passing_Birthday_DateTime_Returns_Age" />
    </UnitTest>
    <UnitTest name="ToMapNew_Passing_TSource_And_TDestination_Returns_New_TDestination_Object" storage="d:\sferrari\01 - trabajo\repos\netcore\template-netcore-shared\kitpymes.core.shared.tests\bin\release\netcoreapp3.0\kitpymes.core.shared.tests.dll" id="46cc46f0-c0e1-f3e6-2242-cdef90a4249a">
      <Execution id="8ff5331d-a7bd-4f07-8382-0d0fd9c7ab9d" />
      <TestMethod codeBase="D:\SFERRARI\01 - TRABAJO\REPOS\netcore\template-netcore-shared\Kitpymes.Core.Shared.Tests\bin\Release\netcoreapp3.0\Kitpymes.Core.Shared.Tests.dll" adapterTypeName="executor://mstestadapter/v2" className="Kitpymes.Core.Shared.Tests.AgileMapperExtensionsTests" name="ToMapNew_Passing_TSource_And_TDestination_Returns_New_TDestination_Object" />
    </UnitTest>
    <UnitTest name="ToTomorrow_Passing_DateTime_Returns_Tomorrow_DateTime" storage="d:\sferrari\01 - trabajo\repos\netcore\template-netcore-shared\kitpymes.core.shared.tests\bin\release\netcoreapp3.0\kitpymes.core.shared.tests.dll" id="c2d3c8df-32e7-92dc-91f8-057e8c4da6b9">
      <Execution id="d2dc1bad-60cd-4ce5-a5e0-c14f3dc4a56e" />
      <TestMethod codeBase="D:\SFERRARI\01 - TRABAJO\REPOS\netcore\template-netcore-shared\Kitpymes.Core.Shared.Tests\bin\Release\netcoreapp3.0\Kitpymes.Core.Shared.Tests.dll" adapterTypeName="executor://mstestadapter/v2" className="Kitpymes.Core.Shared.Tests.DateTimeExtensionsTests" name="ToTomorrow_Passing_DateTime_Returns_Tomorrow_DateTime" />
    </UnitTest>
    <UnitTest name="CreateSHA512_Passing_Invalid_Arguments_Returns_ApplicationException" storage="d:\sferrari\01 - trabajo\repos\netcore\template-netcore-shared\kitpymes.core.shared.tests\bin\release\netcoreapp3.0\kitpymes.core.shared.tests.dll" id="f17b6f1f-06a9-5318-815f-4c3950fdd0cb">
      <Execution id="7511fc44-432a-4d19-81d5-327e0112847a" />
      <TestMethod codeBase="D:\SFERRARI\01 - TRABAJO\REPOS\netcore\template-netcore-shared\Kitpymes.Core.Shared.Tests\bin\Release\netcoreapp3.0\Kitpymes.Core.Shared.Tests.dll" adapterTypeName="executor://mstestadapter/v2" className="Kitpymes.Core.Shared.Tests.HashTests" name="CreateSHA512_Passing_Invalid_Arguments_Returns_ApplicationException" />
    </UnitTest>
    <UnitTest name="ToService_Passing_Valid_Service_Returns_Service" storage="d:\sferrari\01 - trabajo\repos\netcore\template-netcore-shared\kitpymes.core.shared.tests\bin\release\netcoreapp3.0\kitpymes.core.shared.tests.dll" id="2aceb911-de9d-b2eb-c8db-f6b3f880216f">
      <Execution id="00839312-416b-4290-844c-97379502cfd1" />
      <TestMethod codeBase="D:\SFERRARI\01 - TRABAJO\REPOS\netcore\template-netcore-shared\Kitpymes.Core.Shared.Tests\bin\Release\netcoreapp3.0\Kitpymes.Core.Shared.Tests.dll" adapterTypeName="executor://mstestadapter/v2" className="Kitpymes.Core.Shared.Tests.ApplicationBuilderExtensionsTests" name="ToService_Passing_Valid_Service_Returns_Service" />
    </UnitTest>
    <UnitTest name="ToStartOfWeek_Passing_DateTime_Returns_Start_Of_Week_DateTime" storage="d:\sferrari\01 - trabajo\repos\netcore\template-netcore-shared\kitpymes.core.shared.tests\bin\release\netcoreapp3.0\kitpymes.core.shared.tests.dll" id="1f173fff-9060-8c18-f825-225901225244">
      <Execution id="5efe94ed-195c-4a7b-a64e-e7e82086760e" />
      <TestMethod codeBase="D:\SFERRARI\01 - TRABAJO\REPOS\netcore\template-netcore-shared\Kitpymes.Core.Shared.Tests\bin\Release\netcoreapp3.0\Kitpymes.Core.Shared.Tests.dll" adapterTypeName="executor://mstestadapter/v2" className="Kitpymes.Core.Shared.Tests.DateTimeExtensionsTests" name="ToStartOfWeek_Passing_DateTime_Returns_Start_Of_Week_DateTime" />
    </UnitTest>
    <UnitTest name="ToServiceMatchingInterface_Passing_Valid_Assembly_Returns_Service" storage="d:\sferrari\01 - trabajo\repos\netcore\template-netcore-shared\kitpymes.core.shared.tests\bin\release\netcoreapp3.0\kitpymes.core.shared.tests.dll" id="845c887e-a785-555d-db89-1c2975a33bbb">
      <Execution id="af4c6511-4abe-4d21-80b2-63e0e11b694c" />
      <TestMethod codeBase="D:\SFERRARI\01 - TRABAJO\REPOS\netcore\template-netcore-shared\Kitpymes.Core.Shared.Tests\bin\Release\netcoreapp3.0\Kitpymes.Core.Shared.Tests.dll" adapterTypeName="executor://mstestadapter/v2" className="Kitpymes.Core.Shared.Tests.ConfigurationBuilderExtensionsTests" name="ToServiceMatchingInterface_Passing_Valid_Assembly_Returns_Service" />
    </UnitTest>
    <UnitTest name="ToConfigureOrDefault_Passing_DefaultValues_And_ActionCustomValues_Returns_DefaultValues_And_CustomValues" storage="d:\sferrari\01 - trabajo\repos\netcore\template-netcore-shared\kitpymes.core.shared.tests\bin\release\netcoreapp3.0\kitpymes.core.shared.tests.dll" id="53cbdd8e-a1ef-5d22-8745-938609ed19c2">
      <Execution id="cb7c60a3-a18a-4602-98f8-a87036fcc476" />
      <TestMethod codeBase="D:\SFERRARI\01 - TRABAJO\REPOS\netcore\template-netcore-shared\Kitpymes.Core.Shared.Tests\bin\Release\netcoreapp3.0\Kitpymes.Core.Shared.Tests.dll" adapterTypeName="executor://mstestadapter/v2" className="Kitpymes.Core.Shared.Tests.ActionExtensionsTests" name="ToConfigureOrDefault_Passing_DefaultValues_And_ActionCustomValues_Returns_DefaultValues_And_CustomValues" />
    </UnitTest>
    <UnitTest name="ToSettings_Passing_Values_From_Memory_Returns_Settings" storage="d:\sferrari\01 - trabajo\repos\netcore\template-netcore-shared\kitpymes.core.shared.tests\bin\release\netcoreapp3.0\kitpymes.core.shared.tests.dll" id="86b92527-4d52-052b-63ae-d9a8aa694919">
      <Execution id="8820e12f-d646-4489-8f49-9f34ea1dadc2" />
      <TestMethod codeBase="D:\SFERRARI\01 - TRABAJO\REPOS\netcore\template-netcore-shared\Kitpymes.Core.Shared.Tests\bin\Release\netcoreapp3.0\Kitpymes.Core.Shared.Tests.dll" adapterTypeName="executor://mstestadapter/v2" className="Kitpymes.Core.Shared.Tests.ConfigurationBuilderExtensionsTests" name="ToSettings_Passing_Values_From_Memory_Returns_Settings" />
    </UnitTest>
    <UnitTest name="ToFormat_Passing_ValidValueFormatWithArguments_Returns_ValueWithFormat" storage="d:\sferrari\01 - trabajo\repos\netcore\template-netcore-shared\kitpymes.core.shared.tests\bin\release\netcoreapp3.0\kitpymes.core.shared.tests.dll" id="ac572b27-5286-68a4-5380-d7de82fbf69a">
      <Execution id="ffdb5066-a14f-4c2b-8361-785a974d6c03" />
      <TestMethod codeBase="D:\SFERRARI\01 - TRABAJO\REPOS\netcore\template-netcore-shared\Kitpymes.Core.Shared.Tests\bin\Release\netcoreapp3.0\Kitpymes.Core.Shared.Tests.dll" adapterTypeName="executor://mstestadapter/v2" className="Kitpymes.Core.Shared.Tests.StringExtensionsTests" name="ToFormat_Passing_ValidValueFormatWithArguments_Returns_ValueWithFormat" />
    </UnitTest>
  </TestDefinitions>
  <TestEntries>
    <TestEntry testId="5e237822-3b9d-da27-9221-3ae1f5eb15b0" executionId="cb6adbfb-971d-4cd1-b7d2-e232eaf43fc4" testListId="8c84fa94-04c1-424b-9868-57a2d4851a1d" />
    <TestEntry testId="4a2e80a7-472b-b7f7-ba61-ac77aed5735d" executionId="e6d64c46-c2c4-426a-8604-bae7c4df785e" testListId="8c84fa94-04c1-424b-9868-57a2d4851a1d" />
    <TestEntry testId="21ae5425-e2d1-002f-334f-105a6a674a01" executionId="06ef798c-5e32-49b9-8fb3-a1e38059a40b" testListId="8c84fa94-04c1-424b-9868-57a2d4851a1d" />
    <TestEntry testId="4ead3f79-a54e-1b96-838c-d0c2f491cb0d" executionId="26676c6b-6dcc-4295-b500-f4618228cc67" testListId="8c84fa94-04c1-424b-9868-57a2d4851a1d" />
    <TestEntry testId="0cb5eb43-9273-0bdf-bd18-53b184535503" executionId="8b9f5f74-7363-419e-8b29-185403913c57" testListId="8c84fa94-04c1-424b-9868-57a2d4851a1d" />
    <TestEntry testId="ffa669f9-8e25-a33b-f8f7-c3ba4a576a2b" executionId="c5969776-d752-46ea-84c1-131220cb37d6" testListId="8c84fa94-04c1-424b-9868-57a2d4851a1d" />
    <TestEntry testId="225c09bd-86d5-d9ce-d2b8-18431ca384e3" executionId="40cbaa51-2113-4c6e-8282-9f820e8d3a10" testListId="8c84fa94-04c1-424b-9868-57a2d4851a1d" />
    <TestEntry testId="7dc20d31-477c-3765-83c0-7575a504da96" executionId="767ff2e4-2219-4703-a8b4-f64300b35ffc" testListId="8c84fa94-04c1-424b-9868-57a2d4851a1d" />
    <TestEntry testId="78100b1f-11c5-b9a9-157c-80c938e7669a" executionId="912bd0f1-e328-4187-beda-ebff5252846d" testListId="8c84fa94-04c1-424b-9868-57a2d4851a1d" />
    <TestEntry testId="34931354-7c25-7812-28fe-96ea501746b4" executionId="b719f780-866a-4ddb-ab90-ba35d91071b1" testListId="8c84fa94-04c1-424b-9868-57a2d4851a1d" />
    <TestEntry testId="bb347f18-44ab-0d77-d5bd-a671e4c37650" executionId="c938f12b-f91f-42b6-b31a-b3481fe4cb72" testListId="8c84fa94-04c1-424b-9868-57a2d4851a1d" />
    <TestEntry testId="605637df-9854-875b-b3aa-6675f3fbd045" executionId="05942cbd-2423-4d06-810c-ca9a10bd9bc0" testListId="8c84fa94-04c1-424b-9868-57a2d4851a1d" />
    <TestEntry testId="1064d8aa-5d0e-6bf5-83ee-952a4d1fd93b" executionId="bc7f65b9-8680-4b96-945c-0798f96bba29" testListId="8c84fa94-04c1-424b-9868-57a2d4851a1d" />
    <TestEntry testId="86b92527-4d52-052b-63ae-d9a8aa694919" executionId="8820e12f-d646-4489-8f49-9f34ea1dadc2" testListId="8c84fa94-04c1-424b-9868-57a2d4851a1d" />
    <TestEntry testId="845c887e-a785-555d-db89-1c2975a33bbb" executionId="af4c6511-4abe-4d21-80b2-63e0e11b694c" testListId="8c84fa94-04c1-424b-9868-57a2d4851a1d" />
    <TestEntry testId="bc15aa99-72de-0e5a-b6e8-2d654659d591" executionId="d38e5b72-e756-4bbe-99a3-6c91784ace55" testListId="8c84fa94-04c1-424b-9868-57a2d4851a1d" />
    <TestEntry testId="688a191d-5b56-481f-5739-c5e4f9181418" executionId="68936d4b-5a94-45f8-be42-84ac6d8490d8" testListId="8c84fa94-04c1-424b-9868-57a2d4851a1d" />
    <TestEntry testId="9eeef095-29ed-4872-a36c-ca4832350421" executionId="643b53e4-8d35-4b66-bce9-abb26a1bc0c3" testListId="8c84fa94-04c1-424b-9868-57a2d4851a1d" />
    <TestEntry testId="1f6423c7-4317-6f5b-c112-f4c9c7e822af" executionId="a729f4e3-2155-4387-bfbc-c1e4b71d4a39" testListId="8c84fa94-04c1-424b-9868-57a2d4851a1d" />
    <TestEntry testId="0c633595-70e8-b011-5a46-c9c7e1687cb9" executionId="8036a950-ed5c-4524-8e1c-0e0cac61a353" testListId="8c84fa94-04c1-424b-9868-57a2d4851a1d" />
    <TestEntry testId="ae09f98c-257a-b9e5-5b0b-16344b7adf1c" executionId="f09ecc33-9dd8-4e2d-8d22-00c5f12d97cf" testListId="8c84fa94-04c1-424b-9868-57a2d4851a1d" />
    <TestEntry testId="7be8a004-8e29-0f01-8ada-f15377193150" executionId="1c3e6ae4-5577-4181-8a93-d833204b07f6" testListId="8c84fa94-04c1-424b-9868-57a2d4851a1d" />
    <TestEntry testId="74c0befe-cdb2-1fdf-be71-2a39199bb5c9" executionId="372b2878-4a41-42ba-829f-1a64497699cb" testListId="8c84fa94-04c1-424b-9868-57a2d4851a1d" />
    <TestEntry testId="1577c538-d1be-5b59-2b09-8e59b0be5fcd" executionId="c5215a4e-0a33-49ed-92dd-08b9e178e61f" testListId="8c84fa94-04c1-424b-9868-57a2d4851a1d" />
    <TestEntry testId="30809299-0e3e-4ac7-4a2a-6f8c296d2226" executionId="7f79113b-0b07-4260-a0c8-c38dcb9d00e3" testListId="8c84fa94-04c1-424b-9868-57a2d4851a1d" />
    <TestEntry testId="e2880a6e-7a01-b4ba-86fb-4d33be072972" executionId="0e53232e-e1c3-43df-a93d-bd6e07dc8c30" testListId="8c84fa94-04c1-424b-9868-57a2d4851a1d" />
    <TestEntry testId="c180eeb5-df7f-187e-c74d-0f6d31acdec5" executionId="40cd4bb7-61be-4a2b-a105-aef61d70722e" testListId="8c84fa94-04c1-424b-9868-57a2d4851a1d" />
    <TestEntry testId="1a919c7e-4e1e-08f8-d5ef-a9418bde23f0" executionId="9c722eaf-111f-4b77-bc65-75cd8fbe5791" testListId="8c84fa94-04c1-424b-9868-57a2d4851a1d" />
    <TestEntry testId="65b9b71b-a8d5-2a7d-a8a7-0e3a015e6b68" executionId="aa274d02-cdf7-4514-8a9b-41d1b0cefb0e" testListId="8c84fa94-04c1-424b-9868-57a2d4851a1d" />
    <TestEntry testId="a03675ec-665e-f4d5-4630-89e50dac0bfb" executionId="4587ea52-538a-4220-9350-b34b02161a33" testListId="8c84fa94-04c1-424b-9868-57a2d4851a1d" />
    <TestEntry testId="7c09a438-5465-f760-64b2-23d25fc199f5" executionId="00a2a6cd-2804-4c5d-a755-334132ccd2ca" testListId="8c84fa94-04c1-424b-9868-57a2d4851a1d" />
    <TestEntry testId="8dccdb77-e6a8-58c6-9bd0-108f87c5ff65" executionId="a4236b2d-5170-4fa7-bfb5-d31d614775b7" testListId="8c84fa94-04c1-424b-9868-57a2d4851a1d" />
    <TestEntry testId="e1a72c94-958d-7abb-4a96-4b60b12f8157" executionId="353aaf92-1668-4618-93ca-0827ab09b474" testListId="8c84fa94-04c1-424b-9868-57a2d4851a1d" />
    <TestEntry testId="432377b9-b0ad-9a2a-6dc2-e1069e73c449" executionId="3b819b70-524d-45a9-ae9e-d3af087f13bb" testListId="8c84fa94-04c1-424b-9868-57a2d4851a1d" />
    <TestEntry testId="9af963da-8209-d683-34a5-be793bc59993" executionId="2d80a637-b8ca-4cf4-a36e-3923c3554aed" testListId="8c84fa94-04c1-424b-9868-57a2d4851a1d" />
    <TestEntry testId="c330741e-ad40-618c-36cc-508c135d2b95" executionId="253b631f-9f60-426a-bc9c-52c34bb2e498" testListId="8c84fa94-04c1-424b-9868-57a2d4851a1d" />
    <TestEntry testId="57d3cdd8-8268-9aa3-6f39-3cc0224b305c" executionId="66356269-49ad-4f3d-8926-a3c79572cd89" testListId="8c84fa94-04c1-424b-9868-57a2d4851a1d" />
    <TestEntry testId="8a110a46-40a4-c9bb-083e-1c3fcb5b45b7" executionId="725d0b0b-8606-4ed3-87b7-7ecbdace8928" testListId="8c84fa94-04c1-424b-9868-57a2d4851a1d" />
    <TestEntry testId="481343f9-3ff3-548f-0c6c-41599cf65802" executionId="d2e7591b-a438-4b23-85b0-3ec172695ff4" testListId="8c84fa94-04c1-424b-9868-57a2d4851a1d" />
    <TestEntry testId="a95f665c-aa8d-208d-902c-60a464250c99" executionId="ced0740f-bae6-4b52-a71e-62484fa64fc7" testListId="8c84fa94-04c1-424b-9868-57a2d4851a1d" />
    <TestEntry testId="71a1897b-b713-c047-1c23-5efdff095b20" executionId="1c8b88e6-7e4e-4bbc-883f-cb63d34ad87f" testListId="8c84fa94-04c1-424b-9868-57a2d4851a1d" />
    <TestEntry testId="0b1e4893-9444-2235-b7fa-3782f9932212" executionId="e317011d-94a5-4ce1-ac96-6ebdbae45073" testListId="8c84fa94-04c1-424b-9868-57a2d4851a1d" />
    <TestEntry testId="bf48e581-43e6-7660-c4f4-1b7deb1f0ed9" executionId="4deae9ae-1628-4af2-b897-74da67b60c47" testListId="8c84fa94-04c1-424b-9868-57a2d4851a1d" />
    <TestEntry testId="10024a68-25d4-872c-3e48-a6d6b2671494" executionId="dc83150a-9204-4ff5-a28b-d0d7d6c53cd9" testListId="8c84fa94-04c1-424b-9868-57a2d4851a1d" />
    <TestEntry testId="0ee8121e-b492-a57d-d072-de988a4e30f8" executionId="8c8f2fb4-cfef-48f1-a51f-ae985726fa3e" testListId="8c84fa94-04c1-424b-9868-57a2d4851a1d" />
    <TestEntry testId="3f0bf65d-a3af-41bf-ac79-126a0efc4fd4" executionId="10a4c9c5-392a-4d0e-a1c3-9bab7d623126" testListId="8c84fa94-04c1-424b-9868-57a2d4851a1d" />
    <TestEntry testId="504465b7-a3fe-9023-93b9-ffece1903418" executionId="b681ff23-6930-4a96-b399-22648b02bbea" testListId="8c84fa94-04c1-424b-9868-57a2d4851a1d" />
    <TestEntry testId="074815db-ddf2-9c1f-0fef-7f709183591e" executionId="50e6d37a-8489-4af2-b858-b92f989672ed" testListId="8c84fa94-04c1-424b-9868-57a2d4851a1d" />
    <TestEntry testId="1340b308-d9eb-a26e-e042-04d6c1d9a958" executionId="64d3f498-7950-4d64-bb94-124246c30abc" testListId="8c84fa94-04c1-424b-9868-57a2d4851a1d" />
    <TestEntry testId="29295413-2308-fade-9c98-0e9ed6c67839" executionId="6ccafb7c-c466-41fe-844f-4cdb3c280d6c" testListId="8c84fa94-04c1-424b-9868-57a2d4851a1d" />
    <TestEntry testId="4234610b-215b-41f7-e61d-4a82851bdfa3" executionId="5527d31d-5668-442b-95f0-ed99b9721d9e" testListId="8c84fa94-04c1-424b-9868-57a2d4851a1d" />
    <TestEntry testId="320700ce-aa3b-5818-fb18-706cf7605472" executionId="81190b86-cd5a-4dde-b06e-bfe0428cc095" testListId="8c84fa94-04c1-424b-9868-57a2d4851a1d" />
    <TestEntry testId="50bab7c1-daec-6ad7-fb8a-d46e02e1508d" executionId="a7c5c1df-7014-483f-a7f7-da490b66a97b" testListId="8c84fa94-04c1-424b-9868-57a2d4851a1d" />
    <TestEntry testId="c1b9482d-5008-2226-29f4-9800d3a2b340" executionId="1cccd104-17ee-486e-8ccb-bf1d58ce753a" testListId="8c84fa94-04c1-424b-9868-57a2d4851a1d" />
    <TestEntry testId="ee30e1f9-ce80-c70a-1b56-b7e02750ae26" executionId="c2ebb526-8d54-4770-bef8-7a46596b4cc7" testListId="8c84fa94-04c1-424b-9868-57a2d4851a1d" />
    <TestEntry testId="e37f41d3-77a8-1acd-c258-fbb5b724b134" executionId="926eadf8-39cb-44f2-b49b-be5e589c6962" testListId="8c84fa94-04c1-424b-9868-57a2d4851a1d" />
    <TestEntry testId="15fe55e5-cdce-6280-ea15-ef777735767c" executionId="c219899a-aec4-4196-b6d1-f8ed8513bb5c" testListId="8c84fa94-04c1-424b-9868-57a2d4851a1d" />
    <TestEntry testId="31126d50-f667-908c-85f3-09f9d9272df9" executionId="8016c5c9-0c37-4549-90a5-cfc1ffb32f0b" testListId="8c84fa94-04c1-424b-9868-57a2d4851a1d" />
    <TestEntry testId="04084e8e-c859-4ef5-e2a7-4fb2803cb2a3" executionId="ee0036f1-4067-46f8-a60d-1a815001f468" testListId="8c84fa94-04c1-424b-9868-57a2d4851a1d" />
    <TestEntry testId="18040ed3-941e-dd1e-cb8c-4d34d103f370" executionId="8377aa5c-856c-4b6b-b90e-7df03e74ef8d" testListId="8c84fa94-04c1-424b-9868-57a2d4851a1d" />
    <TestEntry testId="161f5d07-7835-e575-5072-b9d787ef451c" executionId="3f18dc04-27cf-4ed5-a858-b201ca360481" testListId="8c84fa94-04c1-424b-9868-57a2d4851a1d" />
    <TestEntry testId="1b969e76-d97c-c639-c377-a41796fbb2c3" executionId="02341c10-d423-4633-8230-2ea45e9c99ad" testListId="8c84fa94-04c1-424b-9868-57a2d4851a1d" />
    <TestEntry testId="ac572b27-5286-68a4-5380-d7de82fbf69a" executionId="ffdb5066-a14f-4c2b-8361-785a974d6c03" testListId="8c84fa94-04c1-424b-9868-57a2d4851a1d" />
    <TestEntry testId="4d9bde6c-668c-a1d3-dc60-edcfc6a4082c" executionId="673521c3-9d94-40e9-968e-026b7866d874" testListId="8c84fa94-04c1-424b-9868-57a2d4851a1d" />
    <TestEntry testId="ab527057-69f2-0a9a-89fd-18928a3920fd" executionId="1c4d072e-fe62-444c-a1fc-38a59ed735ff" testListId="8c84fa94-04c1-424b-9868-57a2d4851a1d" />
    <TestEntry testId="b871cd27-681f-8d07-6c2a-809341ba2909" executionId="495c89f3-858f-4d0a-9eb3-7a7af6b9644c" testListId="8c84fa94-04c1-424b-9868-57a2d4851a1d" />
    <TestEntry testId="8a5cc6e0-e73e-2131-64bd-e73fc6c2a32e" executionId="9346310c-ae01-4831-8e94-3083c9e6ec27" testListId="8c84fa94-04c1-424b-9868-57a2d4851a1d" />
    <TestEntry testId="f2debf4a-2a42-7b0b-1005-8f74a6fc63cb" executionId="72e217f5-f1cc-4aaf-bf62-4e8bf6d0eed1" testListId="8c84fa94-04c1-424b-9868-57a2d4851a1d" />
    <TestEntry testId="47f3e733-f069-b79f-9f6d-7c11fc368663" executionId="5324c254-6a5d-4f79-b5f5-6fbe9905c29e" testListId="8c84fa94-04c1-424b-9868-57a2d4851a1d" />
    <TestEntry testId="77fe17c3-3cf8-a189-4d95-b2e0d3ca9579" executionId="3d0b1cb3-a97d-49af-8d77-3abf16d3bff0" testListId="8c84fa94-04c1-424b-9868-57a2d4851a1d" />
    <TestEntry testId="7c679bcb-7a59-8751-0063-1ef6e07cb160" executionId="ed0361f5-326f-48e6-8402-54e29234ed5d" testListId="8c84fa94-04c1-424b-9868-57a2d4851a1d" />
    <TestEntry testId="e0f7dcd9-f363-be9c-de11-457f6a575bee" executionId="7d55a918-3df0-43a4-acdb-f53443cce0d9" testListId="8c84fa94-04c1-424b-9868-57a2d4851a1d" />
    <TestEntry testId="5c861184-f295-e727-0fd4-d218f13da14d" executionId="6175f2ed-8ac2-4811-81f8-b8fe3cb799ef" testListId="8c84fa94-04c1-424b-9868-57a2d4851a1d" />
    <TestEntry testId="19a313ce-6632-bd6f-bb7e-c2dc7bcf20eb" executionId="19e2aa72-1154-4475-80a2-4fc80fe44f76" testListId="8c84fa94-04c1-424b-9868-57a2d4851a1d" />
    <TestEntry testId="96f263a8-e1d9-0070-21ba-583144d2d030" executionId="99ab0698-0f4d-488b-bf32-194be22575b4" testListId="8c84fa94-04c1-424b-9868-57a2d4851a1d" />
    <TestEntry testId="eb3fbb45-8257-f4b8-0975-042f859a72bf" executionId="94104585-c617-4738-8105-43e30caa4671" testListId="8c84fa94-04c1-424b-9868-57a2d4851a1d" />
    <TestEntry testId="a702dc43-b5af-c889-d32e-e69ee2d100af" executionId="d47db417-b21a-4e92-9b2a-2922dbb4701e" testListId="8c84fa94-04c1-424b-9868-57a2d4851a1d" />
    <TestEntry testId="31ff6168-d18d-0013-7c18-0ff775714202" executionId="04baf126-ae07-4967-a109-96f63b2d7433" testListId="8c84fa94-04c1-424b-9868-57a2d4851a1d" />
    <TestEntry testId="66f7bc12-fe2b-fd81-3cbf-5bc4840aa6f8" executionId="a05b48bc-bc8c-431a-9458-a5d541a3bf0e" testListId="8c84fa94-04c1-424b-9868-57a2d4851a1d" />
    <TestEntry testId="e9b23f0c-0cde-4603-1739-ee642fd33c36" executionId="e37191ed-c04c-4964-91a2-d535f32acc58" testListId="8c84fa94-04c1-424b-9868-57a2d4851a1d" />
    <TestEntry testId="aaa46586-7b83-9a88-e835-ae92592f98a3" executionId="36965853-a0b2-4be3-8ca8-4171d7958985" testListId="8c84fa94-04c1-424b-9868-57a2d4851a1d" />
    <TestEntry testId="f752d50b-77fa-327a-4493-168161bd27b2" executionId="242d614b-04e6-4dda-924a-19bfa727afac" testListId="8c84fa94-04c1-424b-9868-57a2d4851a1d" />
    <TestEntry testId="65b9c427-b5ec-99b4-199a-0093cd460501" executionId="76db1779-4cdf-46b2-af7e-5b1ae69b20fa" testListId="8c84fa94-04c1-424b-9868-57a2d4851a1d" />
    <TestEntry testId="69b6ed05-fdf2-6989-0583-109b4777a6ac" executionId="702b96f4-2afd-4379-8627-57506dfba80c" testListId="8c84fa94-04c1-424b-9868-57a2d4851a1d" />
    <TestEntry testId="8c1d1a56-be42-3df5-a82e-36b97c2860b8" executionId="16a15397-f385-492d-a9e6-15c9fde73924" testListId="8c84fa94-04c1-424b-9868-57a2d4851a1d" />
    <TestEntry testId="55f84516-b3d2-35a4-2f3f-b6558c160cb1" executionId="7261da36-6c76-4978-9d65-053b67dabae2" testListId="8c84fa94-04c1-424b-9868-57a2d4851a1d" />
    <TestEntry testId="1c5fe271-1e90-52f5-1f31-436b17e57702" executionId="e30a713e-2fb3-4d07-90b3-1d3b686076b4" testListId="8c84fa94-04c1-424b-9868-57a2d4851a1d" />
    <TestEntry testId="bc6955b8-aec0-957c-bad4-853e5cfa19a1" executionId="d3e1fa43-e75f-4310-9c0a-5668a9eb843f" testListId="8c84fa94-04c1-424b-9868-57a2d4851a1d" />
    <TestEntry testId="a1095294-226e-a0f0-0154-11290289c9db" executionId="cfdb852e-2175-4032-beff-d27f9c105e44" testListId="8c84fa94-04c1-424b-9868-57a2d4851a1d" />
    <TestEntry testId="e93b141b-fdfd-0f98-21e5-3eb211b6e88b" executionId="4d78d59a-1262-45fb-a65b-021b8acf1f21" testListId="8c84fa94-04c1-424b-9868-57a2d4851a1d" />
    <TestEntry testId="a75e991f-5e03-3949-85d6-afa1f14455d4" executionId="2285764c-da11-4615-a2a1-c2fa0b3250c4" testListId="8c84fa94-04c1-424b-9868-57a2d4851a1d" />
    <TestEntry testId="220e18c9-f841-c623-c1aa-300e190b4f6d" executionId="4ecc9137-e87e-44e6-a27a-f1895b2fc225" testListId="8c84fa94-04c1-424b-9868-57a2d4851a1d" />
    <TestEntry testId="459f13f4-e266-2f20-5c30-d2c64797095d" executionId="b3cdd56e-4c79-45a8-b972-c138a6d30d77" testListId="8c84fa94-04c1-424b-9868-57a2d4851a1d" />
    <TestEntry testId="297c060d-406b-f933-91fe-dfd3459b8ace" executionId="0e0bc8d1-9701-4e67-9c17-d01afc97efef" testListId="8c84fa94-04c1-424b-9868-57a2d4851a1d" />
    <TestEntry testId="430dec51-b9df-7e06-fff9-78e6d362c2d8" executionId="3e8c79b8-12d1-4397-a5b8-35d60ea33d80" testListId="8c84fa94-04c1-424b-9868-57a2d4851a1d" />
    <TestEntry testId="fa00d2a8-59b9-ad9e-caa1-a0c9e3156db1" executionId="bfb26e80-b802-4064-a4e7-e2bd1709d468" testListId="8c84fa94-04c1-424b-9868-57a2d4851a1d" />
    <TestEntry testId="a4956cd8-34a7-6fca-5b71-6eb98cedd9b0" executionId="01e16467-6932-4035-926f-631ae8b88e59" testListId="8c84fa94-04c1-424b-9868-57a2d4851a1d" />
    <TestEntry testId="f8adc240-2e19-f993-0d82-9d004ab9752d" executionId="16a2a0c9-aff6-4a28-8807-814f7edd3d2c" testListId="8c84fa94-04c1-424b-9868-57a2d4851a1d" />
    <TestEntry testId="0f697beb-b7a4-6aa6-9017-b57feeb9ba7f" executionId="0383223e-3927-48a3-8939-ad6d067cadf4" testListId="8c84fa94-04c1-424b-9868-57a2d4851a1d" />
    <TestEntry testId="4e1a5879-f3c8-4fdb-51d0-c4cf0a35e0bf" executionId="7c5a6b98-3d81-4ab9-a1a0-594bc91020e6" testListId="8c84fa94-04c1-424b-9868-57a2d4851a1d" />
    <TestEntry testId="7f0aeefe-ba4a-5404-c6f8-82be67718cc4" executionId="b1def64e-fd56-4cbb-818b-a57882e3a46c" testListId="8c84fa94-04c1-424b-9868-57a2d4851a1d" />
    <TestEntry testId="55f105d6-fc07-21db-e70a-db30ccdb0844" executionId="18a117c0-2496-4eeb-bd6d-1c4459f4cdb8" testListId="8c84fa94-04c1-424b-9868-57a2d4851a1d" />
    <TestEntry testId="29112d2a-2e73-305d-ec50-12fc95c28627" executionId="fa753217-7071-451e-8328-128e1418bd9e" testListId="8c84fa94-04c1-424b-9868-57a2d4851a1d" />
    <TestEntry testId="5bee9d0e-89de-7b6d-4317-0a11342b1d29" executionId="031b69b3-32d1-46a2-aab1-2949186e3aff" testListId="8c84fa94-04c1-424b-9868-57a2d4851a1d" />
    <TestEntry testId="635e001f-2a50-f191-84e2-e81cd2000fdf" executionId="2255dd3b-5f90-4fd9-a9ef-78f503e607f8" testListId="8c84fa94-04c1-424b-9868-57a2d4851a1d" />
    <TestEntry testId="2799ef62-9686-0dc7-84d2-73639b0030f7" executionId="0d9008f4-ecbd-40b9-a683-7d58ab797d30" testListId="8c84fa94-04c1-424b-9868-57a2d4851a1d" />
    <TestEntry testId="87c5dbd3-fd2a-1e49-42e5-8dc78affc8d6" executionId="f3d7d421-d8b3-4d32-bdff-f857067d9dfe" testListId="8c84fa94-04c1-424b-9868-57a2d4851a1d" />
    <TestEntry testId="e9d3a3d6-32e0-613e-b55e-48afdf1ab686" executionId="a82536c7-29cc-440c-9b48-f77720168092" testListId="8c84fa94-04c1-424b-9868-57a2d4851a1d" />
    <TestEntry testId="34e0940c-fc9c-71db-fc18-7d52ee8761a0" executionId="96e0cfe0-3f51-423e-b928-61cf7b6c937b" testListId="8c84fa94-04c1-424b-9868-57a2d4851a1d" />
    <TestEntry testId="579b7361-19a9-f329-acb3-de102dcfc793" executionId="89072421-6b45-4852-b896-f8841f774985" testListId="8c84fa94-04c1-424b-9868-57a2d4851a1d" />
    <TestEntry testId="a1bc7e0c-887e-9227-4221-29241607dc12" executionId="4bc96bb2-aafb-42fb-ad95-173285a5896f" testListId="8c84fa94-04c1-424b-9868-57a2d4851a1d" />
    <TestEntry testId="a6625fb0-1b80-148b-87dc-9cf616e5e84d" executionId="59cb0791-e65b-4b37-a808-d9fe0bc7e49f" testListId="8c84fa94-04c1-424b-9868-57a2d4851a1d" />
    <TestEntry testId="07d50dfb-3195-c832-23d2-97ae667f2010" executionId="451cba7c-2696-4a0b-a638-a75c8ec870f0" testListId="8c84fa94-04c1-424b-9868-57a2d4851a1d" />
    <TestEntry testId="73904cd7-b09d-89fc-efca-330cb9d1d1b7" executionId="7e27642d-089a-4a09-9d4f-e97b6aaf11bf" testListId="8c84fa94-04c1-424b-9868-57a2d4851a1d" />
    <TestEntry testId="c63cd623-e636-5730-a1fa-b18ae782acc7" executionId="38624fd8-ad09-45f3-868c-a4e0b8c59818" testListId="8c84fa94-04c1-424b-9868-57a2d4851a1d" />
    <TestEntry testId="180814cc-22f9-91b2-cd9a-f54be7e1ba18" executionId="22fd3a8b-2a31-4798-b50b-55ab29539487" testListId="8c84fa94-04c1-424b-9868-57a2d4851a1d" />
    <TestEntry testId="2aceb911-de9d-b2eb-c8db-f6b3f880216f" executionId="00839312-416b-4290-844c-97379502cfd1" testListId="8c84fa94-04c1-424b-9868-57a2d4851a1d" />
    <TestEntry testId="40108f40-2761-0a89-d16d-ad113b5f3dd5" executionId="3cea8c5a-4229-4b31-92a4-c5a9aefe20ba" testListId="8c84fa94-04c1-424b-9868-57a2d4851a1d" />
    <TestEntry testId="33545399-79af-5e7f-5179-57fe5645f4be" executionId="38092dc4-ff6e-4094-87cd-c51183552098" testListId="8c84fa94-04c1-424b-9868-57a2d4851a1d" />
    <TestEntry testId="0cfd0c7c-1a61-7d19-c2fa-3c8a47ccf09c" executionId="d5f738ae-1fab-494e-b32f-93d0357869a1" testListId="8c84fa94-04c1-424b-9868-57a2d4851a1d" />
    <TestEntry testId="4ff63349-9eef-ad1f-85cf-a84cda1ff120" executionId="48d50337-4bad-43f2-920e-62cb3595e0b7" testListId="8c84fa94-04c1-424b-9868-57a2d4851a1d" />
    <TestEntry testId="13bab721-bf36-ea1b-3f50-9937b274e83a" executionId="6613952e-3b05-4af4-ab42-95d604a9ec62" testListId="8c84fa94-04c1-424b-9868-57a2d4851a1d" />
    <TestEntry testId="1237bc5f-42ea-8c7f-8602-051620acda95" executionId="6ea5495e-862a-41a5-aab2-fe94f88dcce8" testListId="8c84fa94-04c1-424b-9868-57a2d4851a1d" />
    <TestEntry testId="bf8f6922-5666-8ec7-1500-aabd5997d6a4" executionId="b7392ae8-9e5c-4cc0-84d6-d14e98fb4ba7" testListId="8c84fa94-04c1-424b-9868-57a2d4851a1d" />
    <TestEntry testId="9064672f-1220-7bc0-f2b0-c66c74cccc5e" executionId="8a3ccb6d-e8c8-4c80-9086-7dd0d0321c0d" testListId="8c84fa94-04c1-424b-9868-57a2d4851a1d" />
    <TestEntry testId="1761ee10-7c34-b565-b889-1885bffe91c3" executionId="9a74f226-8fe6-41b1-93b0-4f3a5232d65d" testListId="8c84fa94-04c1-424b-9868-57a2d4851a1d" />
    <TestEntry testId="17a38df3-33e0-71ac-f8cb-dcdd3ade7269" executionId="0defbc88-7b87-484e-9324-ba17b4ab0446" testListId="8c84fa94-04c1-424b-9868-57a2d4851a1d" />
    <TestEntry testId="3721d3c1-7c03-ad84-143f-64bfeb5b314e" executionId="e233db14-0634-4bbd-8245-7d7c89d3b894" testListId="8c84fa94-04c1-424b-9868-57a2d4851a1d" />
    <TestEntry testId="cd004a9f-a0f6-2fdf-aeae-1890f4ab8e71" executionId="32edea6b-336d-464b-8021-a1587c2c50ef" testListId="8c84fa94-04c1-424b-9868-57a2d4851a1d" />
    <TestEntry testId="6fc389b2-a5f3-ded0-63b6-7e1b4cca8442" executionId="791bbba6-7fa6-42b4-a78a-ab2cc321bb0f" testListId="8c84fa94-04c1-424b-9868-57a2d4851a1d" />
    <TestEntry testId="7a313c49-8adc-98e3-cdda-86b900f0ade6" executionId="f8065491-ea2d-47e9-a7ba-75181ca94e39" testListId="8c84fa94-04c1-424b-9868-57a2d4851a1d" />
    <TestEntry testId="e608205e-4953-e9a3-1956-895ed42ab083" executionId="eaf86aab-5f6d-4d51-93d7-9b10b67cbfae" testListId="8c84fa94-04c1-424b-9868-57a2d4851a1d" />
    <TestEntry testId="9b5f9705-0df5-3b21-5e23-e11b68721fd4" executionId="480818f7-0664-4df6-be4c-f73052a3c6e9" testListId="8c84fa94-04c1-424b-9868-57a2d4851a1d" />
    <TestEntry testId="313cfb2c-8c3b-337b-12f8-296f8611376d" executionId="fcbf957c-56bb-48f7-820d-411743c0efe1" testListId="8c84fa94-04c1-424b-9868-57a2d4851a1d" />
    <TestEntry testId="64bc1554-814c-3c40-a6b0-679b40b89c36" executionId="b8e06aab-7727-436d-81c2-2bfa361d5381" testListId="8c84fa94-04c1-424b-9868-57a2d4851a1d" />
    <TestEntry testId="cf950ab2-9fe4-ec30-43b4-2f3a99b5167d" executionId="712e742b-9c51-4be7-b77f-a86228fad2e8" testListId="8c84fa94-04c1-424b-9868-57a2d4851a1d" />
    <TestEntry testId="856fd0c8-b6f8-9265-ccfd-2a9e615488e2" executionId="b6f11286-067e-4aca-be57-7de3c145c74b" testListId="8c84fa94-04c1-424b-9868-57a2d4851a1d" />
    <TestEntry testId="ab274dac-b194-4e0f-6fab-a20667b535a8" executionId="995c47b4-4094-4756-b341-5c85991df395" testListId="8c84fa94-04c1-424b-9868-57a2d4851a1d" />
    <TestEntry testId="db5f34ff-df7c-44e5-6721-c319db8d6da0" executionId="1564d02d-36bc-40c4-847a-0b93a81b14e5" testListId="8c84fa94-04c1-424b-9868-57a2d4851a1d" />
    <TestEntry testId="46cc46f0-c0e1-f3e6-2242-cdef90a4249a" executionId="8ff5331d-a7bd-4f07-8382-0d0fd9c7ab9d" testListId="8c84fa94-04c1-424b-9868-57a2d4851a1d" />
    <TestEntry testId="f8b74494-d277-7173-e694-2a4d463a4607" executionId="6d05e458-04e9-40d6-ab41-69bac93ff0fc" testListId="8c84fa94-04c1-424b-9868-57a2d4851a1d" />
    <TestEntry testId="aeb559a5-c285-7ab9-baee-1cb152d1742f" executionId="999555cf-f23a-4b18-b286-53fd73749b67" testListId="8c84fa94-04c1-424b-9868-57a2d4851a1d" />
    <TestEntry testId="4184a91b-5297-4872-2a98-1ef97e124515" executionId="cf2937d6-f775-4805-bd93-bd90650192df" testListId="8c84fa94-04c1-424b-9868-57a2d4851a1d" />
    <TestEntry testId="922c5a5d-5d46-b5de-bcbd-4fac0addd422" executionId="b196ca6a-6326-4bbf-ac12-b9178f0b2462" testListId="8c84fa94-04c1-424b-9868-57a2d4851a1d" />
    <TestEntry testId="d6d04f4a-9142-b816-d673-c4abf49a39ad" executionId="78421103-a696-4c27-972b-aafc00409eab" testListId="8c84fa94-04c1-424b-9868-57a2d4851a1d" />
    <TestEntry testId="1c5de28c-f1b3-c94d-8e43-201eab8c2ff8" executionId="97332772-9e29-4348-aadd-7231d2299a03" testListId="8c84fa94-04c1-424b-9868-57a2d4851a1d" />
    <TestEntry testId="7daaba64-d3ad-9109-43bf-bdb516b673b8" executionId="f0c9d89b-b9c5-4bd8-a006-6e43f4ec6cfc" testListId="8c84fa94-04c1-424b-9868-57a2d4851a1d" />
    <TestEntry testId="27cc1a96-8264-8762-05bc-aa63ccb155d7" executionId="a9f56f0f-a439-4d4b-820d-45421dcd7b8a" testListId="8c84fa94-04c1-424b-9868-57a2d4851a1d" />
    <TestEntry testId="6088101f-62c5-69c8-6751-05523b132d06" executionId="fb4d64a4-c3bc-4fd5-808b-2ae481fbb654" testListId="8c84fa94-04c1-424b-9868-57a2d4851a1d" />
    <TestEntry testId="3443f7f5-ee1a-f375-e5b1-f7ffa940c0db" executionId="43c447b1-badf-4bfd-b701-b415a5f1d241" testListId="8c84fa94-04c1-424b-9868-57a2d4851a1d" />
    <TestEntry testId="1f173fff-9060-8c18-f825-225901225244" executionId="5efe94ed-195c-4a7b-a64e-e7e82086760e" testListId="8c84fa94-04c1-424b-9868-57a2d4851a1d" />
    <TestEntry testId="98331ff8-6ed1-e7ba-c8dd-be5bd5b6cb2c" executionId="21a46bc8-37f9-4626-94c9-d7b1a90a1fa0" testListId="8c84fa94-04c1-424b-9868-57a2d4851a1d" />
    <TestEntry testId="a0ed43cd-0648-ddf9-c80e-52c6889ee049" executionId="6eef432d-654e-4e18-a065-20cb479f8327" testListId="8c84fa94-04c1-424b-9868-57a2d4851a1d" />
    <TestEntry testId="c2d3c8df-32e7-92dc-91f8-057e8c4da6b9" executionId="d2dc1bad-60cd-4ce5-a5e0-c14f3dc4a56e" testListId="8c84fa94-04c1-424b-9868-57a2d4851a1d" />
    <TestEntry testId="801afd1a-5f3d-0d0c-471a-96452bf5bc35" executionId="1f503c85-4838-4bdf-beff-ac4194486acb" testListId="8c84fa94-04c1-424b-9868-57a2d4851a1d" />
    <TestEntry testId="42ded375-26ee-044e-44a7-9eab5e4cd342" executionId="a666b5f8-1d4c-4624-84a9-61bb5d7db282" testListId="8c84fa94-04c1-424b-9868-57a2d4851a1d" />
    <TestEntry testId="ede15cdf-3d1b-3e1a-18dc-485a2d50fe42" executionId="f6dbfeeb-f693-45e3-a06a-bb0ce4f610f6" testListId="8c84fa94-04c1-424b-9868-57a2d4851a1d" />
    <TestEntry testId="f828057e-351a-48b7-0028-e57f15c7217e" executionId="ed4f5cbc-4a59-4232-900a-edf9be89b1af" testListId="8c84fa94-04c1-424b-9868-57a2d4851a1d" />
    <TestEntry testId="f0f37a42-1a3a-10a5-5f17-e01b9915abd3" executionId="ba73add0-c37a-4dae-879b-9954ee36526f" testListId="8c84fa94-04c1-424b-9868-57a2d4851a1d" />
    <TestEntry testId="760ae14b-6c0d-0288-811d-408b67937415" executionId="e81bb09d-329d-42a6-9141-058a60002c3b" testListId="8c84fa94-04c1-424b-9868-57a2d4851a1d" />
    <TestEntry testId="7384e2f6-7a7f-d462-78fa-5bf7f49c326a" executionId="ba947fe2-98bc-4d6c-94c2-502059a109d0" testListId="8c84fa94-04c1-424b-9868-57a2d4851a1d" />
    <TestEntry testId="5385d994-9594-6052-11cb-73f8d2344981" executionId="e5b7a211-7e31-402b-926e-b7b3b55646fd" testListId="8c84fa94-04c1-424b-9868-57a2d4851a1d" />
    <TestEntry testId="6bd61990-78b5-76ea-0df5-0c13c388bdc0" executionId="6518766b-48bb-4077-808c-2ca068127ceb" testListId="8c84fa94-04c1-424b-9868-57a2d4851a1d" />
    <TestEntry testId="43c10c64-8836-30db-afbe-d1657a7dd9d8" executionId="edca5990-d5f9-400e-a0f1-0dfe2730320d" testListId="8c84fa94-04c1-424b-9868-57a2d4851a1d" />
    <TestEntry testId="678a7b5d-e2f9-09be-f35f-0e3e4d5ad033" executionId="09f2b46a-7ef5-40fc-ad94-1bde2d876e92" testListId="8c84fa94-04c1-424b-9868-57a2d4851a1d" />
    <TestEntry testId="334e3485-05b4-4549-cacd-aef8fff10757" executionId="ad3d9339-387d-4b74-89a1-c1e7731dc782" testListId="8c84fa94-04c1-424b-9868-57a2d4851a1d" />
    <TestEntry testId="c87d842d-198f-fc52-0a70-418a5e5378ab" executionId="33484b1b-a9b6-4129-ab5d-1ba271f2048d" testListId="8c84fa94-04c1-424b-9868-57a2d4851a1d" />
    <TestEntry testId="a272f84c-2bd5-daa4-4afe-22346b802f86" executionId="8d85d550-6363-4443-b5e6-70703c2014d0" testListId="8c84fa94-04c1-424b-9868-57a2d4851a1d" />
    <TestEntry testId="e8138724-52f6-6999-ada4-cbc441f2cd15" executionId="400149b7-3048-469e-ab6e-308c4d6ce9bf" testListId="8c84fa94-04c1-424b-9868-57a2d4851a1d" />
    <TestEntry testId="4315ebd1-3e2a-edf0-9de6-c78f08760fe3" executionId="476d4428-5852-4bb5-90b8-0378d540176c" testListId="8c84fa94-04c1-424b-9868-57a2d4851a1d" />
    <TestEntry testId="19f76070-822e-31f8-2a9f-a96f774333a7" executionId="3515d422-feec-454b-8bd9-05a3fbb9b423" testListId="8c84fa94-04c1-424b-9868-57a2d4851a1d" />
    <TestEntry testId="d5506b30-7041-6d90-bd03-bcd5b2479c40" executionId="34456771-8cfe-45a9-a1c5-48d34d663c8b" testListId="8c84fa94-04c1-424b-9868-57a2d4851a1d" />
    <TestEntry testId="f17b6f1f-06a9-5318-815f-4c3950fdd0cb" executionId="7511fc44-432a-4d19-81d5-327e0112847a" testListId="8c84fa94-04c1-424b-9868-57a2d4851a1d" />
    <TestEntry testId="209cbba1-d5fa-4810-2cb6-ee92ce2e109d" executionId="2aa788ee-a72c-4dc3-aa2d-7c5c83c287a3" testListId="8c84fa94-04c1-424b-9868-57a2d4851a1d" />
    <TestEntry testId="640513b3-feee-19a8-efba-5817e77ff3ee" executionId="0a0c8a23-05fa-4ad0-a509-4fc47e06d06f" testListId="8c84fa94-04c1-424b-9868-57a2d4851a1d" />
    <TestEntry testId="118e36ba-6572-1245-e05b-9bcc7b4e5e20" executionId="f3ffdde4-e758-45c0-aabb-f2995719f1f2" testListId="8c84fa94-04c1-424b-9868-57a2d4851a1d" />
    <TestEntry testId="0d35441f-72fe-a777-509f-6a19632f972a" executionId="70025d12-315c-4097-839c-0da33ef573f5" testListId="8c84fa94-04c1-424b-9868-57a2d4851a1d" />
    <TestEntry testId="26cc48e2-5e82-bc12-cf41-e3a984599b8d" executionId="61a65467-8186-4d58-8154-5cf2123fc9cc" testListId="8c84fa94-04c1-424b-9868-57a2d4851a1d" />
    <TestEntry testId="e53d2439-2080-43bd-e38b-a60253b60af1" executionId="e56bd32f-a05d-4562-859a-6c539b259e51" testListId="8c84fa94-04c1-424b-9868-57a2d4851a1d" />
    <TestEntry testId="5517211d-203c-115f-7dc1-6f48da8ab75b" executionId="ac707d23-8f05-424e-8b54-e3d19778275d" testListId="8c84fa94-04c1-424b-9868-57a2d4851a1d" />
    <TestEntry testId="2e87c537-4979-f58b-6e83-f3d4ee161ff1" executionId="dc3489fa-ee1b-4b6d-8f80-00661ae07011" testListId="8c84fa94-04c1-424b-9868-57a2d4851a1d" />
    <TestEntry testId="6c59b811-73c0-2540-9661-8c8f2a459ff2" executionId="bebb7099-93cb-4bd1-86ff-684828464448" testListId="8c84fa94-04c1-424b-9868-57a2d4851a1d" />
    <TestEntry testId="53cbdd8e-a1ef-5d22-8745-938609ed19c2" executionId="cb7c60a3-a18a-4602-98f8-a87036fcc476" testListId="8c84fa94-04c1-424b-9868-57a2d4851a1d" />
    <TestEntry testId="c8fd6d3c-b723-929b-f175-dbdc2a7be855" executionId="e9b1ebc1-8b79-47ae-93b1-c1707638f6a0" testListId="8c84fa94-04c1-424b-9868-57a2d4851a1d" />
    <TestEntry testId="98d4dd82-eb94-c060-7aeb-9b0a39f334fb" executionId="77091744-ef71-4c82-9cdb-812c17502075" testListId="8c84fa94-04c1-424b-9868-57a2d4851a1d" />
    <TestEntry testId="3e6d6aa9-9b6d-dd96-b54c-49f88780a2b4" executionId="8d1512f9-cfdf-4ecb-b1a2-ccc04a070643" testListId="8c84fa94-04c1-424b-9868-57a2d4851a1d" />
    <TestEntry testId="d7c20db6-f712-8539-ac01-01e8f4033fac" executionId="668e99cd-a4b9-4939-9230-fa522a616f8e" testListId="8c84fa94-04c1-424b-9868-57a2d4851a1d" />
    <TestEntry testId="0b00f09d-f7e4-fb1e-68ad-8102cf6143e0" executionId="8e1ca164-4b82-4db3-a8d8-3da80ac5ee80" testListId="8c84fa94-04c1-424b-9868-57a2d4851a1d" />
    <TestEntry testId="bd43e66e-fbae-26eb-a9a1-c58a6bf5d7af" executionId="9acb8c20-bcf8-4d5a-9186-2929771dda85" testListId="8c84fa94-04c1-424b-9868-57a2d4851a1d" />
    <TestEntry testId="c09577a6-adca-ef94-40b5-45575ad65e4f" executionId="94670135-570a-44d3-9658-d1b7786b6063" testListId="8c84fa94-04c1-424b-9868-57a2d4851a1d" />
  </TestEntries>
  <TestLists>
    <TestList name="Resultados sin formato de lista" id="8c84fa94-04c1-424b-9868-57a2d4851a1d" />
    <TestList name="Todos los resultados cargados" id="19431567-8539-422a-85d7-44ee4e166bda" />
  </TestLists>
  <ResultSummary outcome="Completed">
    <Counters total="357" executed="357" passed="357" failed="0" error="0" timeout="0" aborted="0" inconclusive="0" passedButRunAborted="0" notRunnable="0" notExecuted="0" disconnected="0" warning="0" completed="0" inProgress="0" pending="0" />
  </ResultSummary>
</TestRun>